                Time          Cycles PC       Instr    Mnemonic
14898890ns          241909 1c008080 0640006f jal              x0, 100            
14899347ns          241932 1c0080e4 f1402573 csrrs            x10, x0, 0xf14      x10=00000003
14899387ns          241934 1c0080e8 01f57593 andi             x11, x10, 31        x11=00000003 x10:00000003
14899407ns          241935 1c0080ec 00555513 srli             x10, x10, 0x5       x10=00000000 x10:00000003
14899427ns          241936 1c0080ee 01f00613 addi             x12, x0, 31         x12=0000001f
14899844ns          241957 1c0080f0 00c50463 beq              x10, x12, 8         x10:00000000 x12:0000001f
14899884ns          241959 1c0080f4 fa1ff06f jal              x0, -96            
14900342ns          241982 1c008094 f3ff8117 auipc            x2, 0xf3ff8000       x2=10000094
14900381ns          241984 1c008098 f7010113 addi             x2, x2, -144         x2=10000004  x2:10000094
14900401ns          241985 1c00809c 00012103 lw               x2, 0(x2)            x2=10000008  x2:10000004  PA:10000004
14900839ns          242007 1c0080a0 000011b7 lui              x3, 0x1000           x3=00001000
14900879ns          242009 1c0080a4 80018193 addi             x3, x3, -2048        x3=00000800  x3:00001000
14900899ns          242010 1c0080a8 00158593 addi             x11, x11, 1         x11=00000004 x11:00000003
14900918ns          242011 1c0080ac 02b180b3 mul              x1, x3, x11          x1=00002000  x3:00000800 x11:00000004
14901356ns          242033 1c0080b0 00110133 add              x2, x2, x1           x2=10002008  x2:10000008  x1:00002000
14901396ns          242035 1c0080b4 2e10106f jal              x0, 6880           
14901853ns          242058 1c009b94 ff010113 addi             x2, x2, -16          x2=10001ff8  x2:10002008
14901873ns          242059 1c009b96 00112623 sw               x1, 12(x2)           x1:00002000  x2:10001ff8  PA:10002004
14901893ns          242060 1c009b98 002047b7 lui              x15, 0x204000       x15=00204000
14901913ns          242061 1c009b9c 00070737 lui              x14, 0x70000        x14=00070000
14902351ns          242083 1c009ba0 00e7a423 sw               x14, 8(x15)         x14:00070000 x15:00204000  PA:00204008
14902370ns          242084 1c009ba2 00f00713 addi             x14, x0, 15         x14=0000000f
14902390ns          242085 1c009ba4 20078793 addi             x15, x15, 512       x15=00204200 x15:00204000
14902410ns          242086 1c009ba8 00e7a023 sw               x14, 0(x15)         x14:0000000f x15:00204200  PA:00204200
14902450ns          242088 1c009bac 00e7a623 sw               x14, 12(x15)        x14:0000000f x15:00204200  PA:0020420c
14902888ns          242110 1c009bb0 1c0017b7 lui              x15, 0x1c001000     x15=1c001000
14902927ns          242112 1c009bb4 a847a783 lw               x15, -1404(x15)     x15=1c0081be x15:1c001000  PA:1c000a84
14903385ns          242135 1c009bb8 000780e7 jalr             x1, x15, 0           x1=1c009bba x15:1c0081be
14903882ns          242160 1c0081be fd010113 addi             x2, x2, -48          x2=10001fc8  x2:10001ff8
14904340ns          242183 1c0081c0 02912223 sw               x9, 36(x2)           x9:xxxxxxxx  x2:10001fc8  PA:10001fec
14904360ns          242184 1c0081c2 02112623 sw               x1, 44(x2)           x1:1c009bba  x2:10001fc8  PA:10001ff4
14904379ns          242185 1c0081c4 f14024f3 csrrs            x9, x0, 0xf14        x9=00000003
14904399ns          242186 1c0081c8 02812423 sw               x8, 40(x2)           x8:xxxxxxxx  x2:10001fc8  PA:10001ff0
14904419ns          242187 1c0081ca 03212023 sw               x18, 32(x2)         x18:xxxxxxxx  x2:10001fc8  PA:10001fe8
14904439ns          242188 1c0081cc 01312e23 sw               x19, 28(x2)         x19:xxxxxxxx  x2:10001fc8  PA:10001fe4
14904857ns          242209 1c0081ce ca5497b3 p.extractu       x15, x9, 5, 5       x15=00000000  x9:00000003
14904897ns          242211 1c0081d2 12079e63 bne              x15, x0, 316        x15:00000000
14904916ns          242212 1c0081d6 f454b4b3 p.bclr           x9, x9, 26, 5        x9=00000003  x9:00000003
14904936ns          242213 1c0081da 1c000537 lui              x10, 0x1c000000     x10=1c000000
14904956ns          242214 1c0081de 00900633 add              x12, x0, x9         x12=00000003  x9:00000003
14905374ns          242235 1c0081e0 00100593 addi             x11, x0, 1          x11=00000001
14905414ns          242237 1c0081e2 01c50513 addi             x10, x10, 28        x10=1c00001c x10:1c000000
14905434ns          242238 1c0081e6 70e000ef jal              x1, 1806             x1=1c0081e8
14905891ns          242261 1c0088f4 fc010113 addi             x2, x2, -64          x2=10001f88  x2:10001fc8
14905931ns          242263 1c0088f6 02410313 addi             x6, x2, 36           x6=10001fac  x2:10001f88
14905951ns          242264 1c0088fa 02c12423 sw               x12, 40(x2)         x12:00000003  x2:10001f88  PA:10001fb0
14905971ns          242265 1c0088fc 00a00633 add              x12, x0, x10        x12=1c00001c x10:1c00001c
14906388ns          242286 1c0088fe 1c009537 lui              x10, 0x1c009000     x10=1c009000
14906408ns          242287 1c008902 02b12223 sw               x11, 36(x2)         x11:00000001  x2:10001f88  PA:10001fac
14906428ns          242288 1c008904 02d12623 sw               x13, 44(x2)         x13:xxxxxxxx  x2:10001f88  PA:10001fb4
14906448ns          242289 1c008906 00200593 addi             x11, x0, 2          x11=00000002
14906468ns          242290 1c008908 006006b3 add              x13, x0, x6         x13=10001fac  x6:10001fac
14906488ns          242291 1c00890a 88850513 addi             x10, x10, -1912     x10=1c008888 x10:1c009000
14906508ns          242292 1c00890e 00112e23 sw               x1, 28(x2)           x1:1c0081e8  x2:10001f88  PA:10001fa4
14906925ns          242313 1c008910 02e12823 sw               x14, 48(x2)         x14:0000000f  x2:10001f88  PA:10001fb8
14906945ns          242314 1c008912 02f12a23 sw               x15, 52(x2)         x15:00000000  x2:10001f88  PA:10001fbc
14906965ns          242315 1c008914 03012c23 sw               x16, 56(x2)         x16:xxxxxxxx  x2:10001f88  PA:10001fc0
14906985ns          242316 1c008916 03112e23 sw               x17, 60(x2)         x17:xxxxxxxx  x2:10001f88  PA:10001fc4
14907005ns          242317 1c008918 00612623 sw               x6, 12(x2)           x6:10001fac  x2:10001f88  PA:10001f94
14907025ns          242318 1c00891a fbfff0ef jal              x1, -66              x1=1c00891c
14907900ns          242362 1c0088d8 04a0006f jal              x0, 74             
14907940ns          242364 1c008922 ed010113 addi             x2, x2, -304         x2=10001e58  x2:10001f88
14907960ns          242365 1c008924 12812423 sw               x8, 296(x2)          x8:xxxxxxxx  x2:10001e58  PA:10001f80
14907980ns          242366 1c008928 00000413 addi             x8, x0, 0            x8=00000000
14908000ns          242367 1c00892a 11612823 sw               x22, 272(x2)        x22:xxxxxxxx  x2:10001e58  PA:10001f68
14908437ns          242389 1c00892e 11712623 sw               x23, 268(x2)        x23:xxxxxxxx  x2:10001e58  PA:10001f64
14908477ns          242391 1c008932 11812423 sw               x24, 264(x2)        x24:xxxxxxxx  x2:10001e58  PA:10001f60
14908497ns          242392 1c008936 11912223 sw               x25, 260(x2)        x25:xxxxxxxx  x2:10001e58  PA:10001f5c
14908517ns          242393 1c00893a 11a12023 sw               x26, 256(x2)        x26:xxxxxxxx  x2:10001e58  PA:10001f58
14908537ns          242394 1c00893e 0fb12e23 sw               x27, 252(x2)        x27:xxxxxxxx  x2:10001e58  PA:10001f54
14908954ns          242415 1c008940 12112623 sw               x1, 300(x2)          x1:1c00891c  x2:10001e58  PA:10001f84
14908994ns          242417 1c008944 00800db3 add              x27, x0, x8         x27=00000000  x8:00000000
14909014ns          242418 1c008946 12912223 sw               x9, 292(x2)          x9:00000003  x2:10001e58  PA:10001f7c
14909034ns          242419 1c00894a 13212023 sw               x18, 288(x2)        x18:xxxxxxxx  x2:10001e58  PA:10001f78
14909491ns          242442 1c00894e 11312e23 sw               x19, 284(x2)        x19:xxxxxxxx  x2:10001e58  PA:10001f74
14909531ns          242444 1c008952 11412c23 sw               x20, 280(x2)        x20:xxxxxxxx  x2:10001e58  PA:10001f70
14909551ns          242445 1c008956 11512a23 sw               x21, 276(x2)        x21:xxxxxxxx  x2:10001e58  PA:10001f6c
14909571ns          242446 1c00895a 00a00b33 add              x22, x0, x10        x22=1c008888 x10:1c008888
14909591ns          242447 1c00895c 00b00d33 add              x26, x0, x11        x26=00000002 x11:00000002
14909611ns          242448 1c00895e 00d00c33 add              x24, x0, x13        x24=10001fac x13:10001fac
14910008ns          242468 1c008960 1c000bb7 lui              x23, 0x1c000000     x23=1c000000
14910048ns          242470 1c008964 02410c93 addi             x25, x2, 36         x25=10001e7c  x2:10001e58
14910068ns          242471 1c008968 00c00433 add              x8, x0, x12          x8=1c00001c x12:1c00001c
14910088ns          242472 1c00896a 00044503 lbu              x10, 0(x8)          x10=00000073  x8:1c00001c  PA:1c00001c
14910585ns          242497 1c00896e 00140413 addi             x8, x8, 1            x8=1c00001d  x8:1c00001c
14910605ns          242498 1c008970 00050e63 beq              x10, x0, 28         x10:00000073
14910625ns          242499 1c008972 02500793 addi             x15, x0, 37         x15=00000025
14910645ns          242500 1c008976 04f50863 beq              x10, x15, 80        x10:00000073 x15:00000025
14910665ns          242501 1c00897a 01a005b3 add              x11, x0, x26        x11=00000002 x26:00000002
14910685ns          242502 1c00897c 000b00e7 jalr             x1, x22, 0           x1=1c00897e x22:1c008888
14911540ns          242545 1c008888 000026b7 lui              x13, 0x2000         x13=00002000
14911580ns          242547 1c00888a f14027f3 csrrs            x15, x0, 0xf14      x15=00000003
14912017ns          242569 1c00888e f8068693 addi             x13, x13, -128      x13=00001f80 x13:00002000
14912057ns          242571 1c008892 00379713 slli             x14, x15, 0x3       x14=00000018 x15:00000003
14912077ns          242572 1c008896 00279793 slli             x15, x15, 0x2       x15=0000000c x15:00000003
14912097ns          242573 1c008898 00d7f7b3 and              x15, x15, x13       x15=00000000 x15:0000000c x13:00001f80
14912117ns          242574 1c00889a ee873733 p.bclr           x14, x14, 23, 8     x14=00000018 x14:00000018
14912535ns          242595 1c00889e 1a10f6b7 lui              x13, 0x1a10f000     x13=1a10f000
14912574ns          242597 1c0088a2 0ff57513 andi             x10, x10, 255       x10=00000073 x10:00000073
14912594ns          242598 1c0088a6 00d70733 add              x14, x14, x13       x14=1a10f018 x14:00000018 x13:1a10f000
14912614ns          242599 1c0088a8 00a7e723 p.sw             x10, x0(x15)        x10:00000073 x15:00000000  PA:1a10f018
14913072ns          242622 1c0088ac 00000513 addi             x10, x0, 0          x10=00000000
14913092ns          242623 1c0088ae 00008067 jalr             x0, x1, 0            x1:1c00897e
14913151ns          242626 1c00897e 31f52563 p.beqimm         x10, 778            x10:00000000
14913171ns          242627 1c008982 001d8d93 addi             x27, x27, 1         x27=00000001 x27:00000000
14913191ns          242628 1c008984 00044503 lbu              x10, 0(x8)          x10=00000074  x8:1c00001d  PA:1c00001d
14913629ns          242650 1c008988 00140413 addi             x8, x8, 1            x8=1c00001e  x8:1c00001d
14913648ns          242651 1c00898a fe0514e3 bne              x10, x0, -24        x10:00000074
14913728ns          242655 1c008972 02500793 addi             x15, x0, 37         x15=00000025
14913748ns          242656 1c008976 04f50863 beq              x10, x15, 80        x10:00000074 x15:00000025
14913768ns          242657 1c00897a 01a005b3 add              x11, x0, x26        x11=00000002 x26:00000002
14913788ns          242658 1c00897c 000b00e7 jalr             x1, x22, 0           x1=1c00897e x22:1c008888
14913828ns          242660 1c008888 000026b7 lui              x13, 0x2000         x13=00002000
14913847ns          242661 1c00888a f14027f3 csrrs            x15, x0, 0xf14      x15=00000003
14913867ns          242662 1c00888e f8068693 addi             x13, x13, -128      x13=00001f80 x13:00002000
14913887ns          242663 1c008892 00379713 slli             x14, x15, 0x3       x14=00000018 x15:00000003
14913907ns          242664 1c008896 00279793 slli             x15, x15, 0x2       x15=0000000c x15:00000003
14913927ns          242665 1c008898 00d7f7b3 and              x15, x15, x13       x15=00000000 x15:0000000c x13:00001f80
14913947ns          242666 1c00889a ee873733 p.bclr           x14, x14, 23, 8     x14=00000018 x14:00000018
14913967ns          242667 1c00889e 1a10f6b7 lui              x13, 0x1a10f000     x13=1a10f000
14913987ns          242668 1c0088a2 0ff57513 andi             x10, x10, 255       x10=00000074 x10:00000074
14914007ns          242669 1c0088a6 00d70733 add              x14, x14, x13       x14=1a10f018 x14:00000018 x13:1a10f000
14914026ns          242670 1c0088a8 00a7e723 p.sw             x10, x0(x15)        x10:00000074 x15:00000000  PA:1a10f018
14914444ns          242691 1c0088ac 00000513 addi             x10, x0, 0          x10=00000000
14914464ns          242692 1c0088ae 00008067 jalr             x0, x1, 0            x1:1c00897e
14914524ns          242695 1c00897e 31f52563 p.beqimm         x10, 778            x10:00000000
14914544ns          242696 1c008982 001d8d93 addi             x27, x27, 1         x27=00000002 x27:00000001
14914563ns          242697 1c008984 00044503 lbu              x10, 0(x8)          x10=00000061  x8:1c00001e  PA:1c00001e
14914862ns          242712 1c008988 00140413 addi             x8, x8, 1            x8=1c00001f  x8:1c00001e
14914882ns          242713 1c00898a fe0514e3 bne              x10, x0, -24        x10:00000061
14914961ns          242717 1c008972 02500793 addi             x15, x0, 37         x15=00000025
14914981ns          242718 1c008976 04f50863 beq              x10, x15, 80        x10:00000061 x15:00000025
14915001ns          242719 1c00897a 01a005b3 add              x11, x0, x26        x11=00000002 x26:00000002
14915021ns          242720 1c00897c 000b00e7 jalr             x1, x22, 0           x1=1c00897e x22:1c008888
14915061ns          242722 1c008888 000026b7 lui              x13, 0x2000         x13=00002000
14915081ns          242723 1c00888a f14027f3 csrrs            x15, x0, 0xf14      x15=00000003
14915101ns          242724 1c00888e f8068693 addi             x13, x13, -128      x13=00001f80 x13:00002000
14915120ns          242725 1c008892 00379713 slli             x14, x15, 0x3       x14=00000018 x15:00000003
14915140ns          242726 1c008896 00279793 slli             x15, x15, 0x2       x15=0000000c x15:00000003
14915160ns          242727 1c008898 00d7f7b3 and              x15, x15, x13       x15=00000000 x15:0000000c x13:00001f80
14915180ns          242728 1c00889a ee873733 p.bclr           x14, x14, 23, 8     x14=00000018 x14:00000018
14915200ns          242729 1c00889e 1a10f6b7 lui              x13, 0x1a10f000     x13=1a10f000
14915220ns          242730 1c0088a2 0ff57513 andi             x10, x10, 255       x10=00000061 x10:00000061
14915240ns          242731 1c0088a6 00d70733 add              x14, x14, x13       x14=1a10f018 x14:00000018 x13:1a10f000
14915260ns          242732 1c0088a8 00a7e723 p.sw             x10, x0(x15)        x10:00000061 x15:00000000  PA:1a10f018
14915598ns          242749 1c0088ac 00000513 addi             x10, x0, 0          x10=00000000
14915618ns          242750 1c0088ae 00008067 jalr             x0, x1, 0            x1:1c00897e
14915677ns          242753 1c00897e 31f52563 p.beqimm         x10, 778            x10:00000000
14915697ns          242754 1c008982 001d8d93 addi             x27, x27, 1         x27=00000003 x27:00000002
14915717ns          242755 1c008984 00044503 lbu              x10, 0(x8)          x10=00000072  x8:1c00001f  PA:1c00001f
14916035ns          242771 1c008988 00140413 addi             x8, x8, 1            x8=1c000020  x8:1c00001f
14916055ns          242772 1c00898a fe0514e3 bne              x10, x0, -24        x10:00000072
14916135ns          242776 1c008972 02500793 addi             x15, x0, 37         x15=00000025
14916155ns          242777 1c008976 04f50863 beq              x10, x15, 80        x10:00000072 x15:00000025
14916175ns          242778 1c00897a 01a005b3 add              x11, x0, x26        x11=00000002 x26:00000002
14916195ns          242779 1c00897c 000b00e7 jalr             x1, x22, 0           x1=1c00897e x22:1c008888
14916234ns          242781 1c008888 000026b7 lui              x13, 0x2000         x13=00002000
14916254ns          242782 1c00888a f14027f3 csrrs            x15, x0, 0xf14      x15=00000003
14916274ns          242783 1c00888e f8068693 addi             x13, x13, -128      x13=00001f80 x13:00002000
14916294ns          242784 1c008892 00379713 slli             x14, x15, 0x3       x14=00000018 x15:00000003
14916314ns          242785 1c008896 00279793 slli             x15, x15, 0x2       x15=0000000c x15:00000003
14916334ns          242786 1c008898 00d7f7b3 and              x15, x15, x13       x15=00000000 x15:0000000c x13:00001f80
14916354ns          242787 1c00889a ee873733 p.bclr           x14, x14, 23, 8     x14=00000018 x14:00000018
14916374ns          242788 1c00889e 1a10f6b7 lui              x13, 0x1a10f000     x13=1a10f000
14916393ns          242789 1c0088a2 0ff57513 andi             x10, x10, 255       x10=00000072 x10:00000072
14916413ns          242790 1c0088a6 00d70733 add              x14, x14, x13       x14=1a10f018 x14:00000018 x13:1a10f000
14916433ns          242791 1c0088a8 00a7e723 p.sw             x10, x0(x15)        x10:00000072 x15:00000000  PA:1a10f018
14916751ns          242807 1c0088ac 00000513 addi             x10, x0, 0          x10=00000000
14916771ns          242808 1c0088ae 00008067 jalr             x0, x1, 0            x1:1c00897e
14916831ns          242811 1c00897e 31f52563 p.beqimm         x10, 778            x10:00000000
14916851ns          242812 1c008982 001d8d93 addi             x27, x27, 1         x27=00000004 x27:00000003
14916871ns          242813 1c008984 00044503 lbu              x10, 0(x8)          x10=00000074  x8:1c000020  PA:1c000020
14917169ns          242828 1c008988 00140413 addi             x8, x8, 1            x8=1c000021  x8:1c000020
14917189ns          242829 1c00898a fe0514e3 bne              x10, x0, -24        x10:00000074
14917269ns          242833 1c008972 02500793 addi             x15, x0, 37         x15=00000025
14917289ns          242834 1c008976 04f50863 beq              x10, x15, 80        x10:00000074 x15:00000025
14917308ns          242835 1c00897a 01a005b3 add              x11, x0, x26        x11=00000002 x26:00000002
14917328ns          242836 1c00897c 000b00e7 jalr             x1, x22, 0           x1=1c00897e x22:1c008888
14917368ns          242838 1c008888 000026b7 lui              x13, 0x2000         x13=00002000
14917388ns          242839 1c00888a f14027f3 csrrs            x15, x0, 0xf14      x15=00000003
14917408ns          242840 1c00888e f8068693 addi             x13, x13, -128      x13=00001f80 x13:00002000
14917428ns          242841 1c008892 00379713 slli             x14, x15, 0x3       x14=00000018 x15:00000003
14917448ns          242842 1c008896 00279793 slli             x15, x15, 0x2       x15=0000000c x15:00000003
14917468ns          242843 1c008898 00d7f7b3 and              x15, x15, x13       x15=00000000 x15:0000000c x13:00001f80
14917487ns          242844 1c00889a ee873733 p.bclr           x14, x14, 23, 8     x14=00000018 x14:00000018
14917507ns          242845 1c00889e 1a10f6b7 lui              x13, 0x1a10f000     x13=1a10f000
14917527ns          242846 1c0088a2 0ff57513 andi             x10, x10, 255       x10=00000074 x10:00000074
14917547ns          242847 1c0088a6 00d70733 add              x14, x14, x13       x14=1a10f018 x14:00000018 x13:1a10f000
14917567ns          242848 1c0088a8 00a7e723 p.sw             x10, x0(x15)        x10:00000074 x15:00000000  PA:1a10f018
14917885ns          242864 1c0088ac 00000513 addi             x10, x0, 0          x10=00000000
14917905ns          242865 1c0088ae 00008067 jalr             x0, x1, 0            x1:1c00897e
14917965ns          242868 1c00897e 31f52563 p.beqimm         x10, 778            x10:00000000
14917985ns          242869 1c008982 001d8d93 addi             x27, x27, 1         x27=00000005 x27:00000004
14918005ns          242870 1c008984 00044503 lbu              x10, 0(x8)          x10=00000069  x8:1c000021  PA:1c000021
14918303ns          242885 1c008988 00140413 addi             x8, x8, 1            x8=1c000022  x8:1c000021
14918323ns          242886 1c00898a fe0514e3 bne              x10, x0, -24        x10:00000069
14918402ns          242890 1c008972 02500793 addi             x15, x0, 37         x15=00000025
14918422ns          242891 1c008976 04f50863 beq              x10, x15, 80        x10:00000069 x15:00000025
14918442ns          242892 1c00897a 01a005b3 add              x11, x0, x26        x11=00000002 x26:00000002
14918462ns          242893 1c00897c 000b00e7 jalr             x1, x22, 0           x1=1c00897e x22:1c008888
14918502ns          242895 1c008888 000026b7 lui              x13, 0x2000         x13=00002000
14918522ns          242896 1c00888a f14027f3 csrrs            x15, x0, 0xf14      x15=00000003
14918542ns          242897 1c00888e f8068693 addi             x13, x13, -128      x13=00001f80 x13:00002000
14918562ns          242898 1c008892 00379713 slli             x14, x15, 0x3       x14=00000018 x15:00000003
14918581ns          242899 1c008896 00279793 slli             x15, x15, 0x2       x15=0000000c x15:00000003
14918601ns          242900 1c008898 00d7f7b3 and              x15, x15, x13       x15=00000000 x15:0000000c x13:00001f80
14918621ns          242901 1c00889a ee873733 p.bclr           x14, x14, 23, 8     x14=00000018 x14:00000018
14918641ns          242902 1c00889e 1a10f6b7 lui              x13, 0x1a10f000     x13=1a10f000
14918661ns          242903 1c0088a2 0ff57513 andi             x10, x10, 255       x10=00000069 x10:00000069
14918681ns          242904 1c0088a6 00d70733 add              x14, x14, x13       x14=1a10f018 x14:00000018 x13:1a10f000
14918701ns          242905 1c0088a8 00a7e723 p.sw             x10, x0(x15)        x10:00000069 x15:00000000  PA:1a10f018
14919019ns          242921 1c0088ac 00000513 addi             x10, x0, 0          x10=00000000
14919039ns          242922 1c0088ae 00008067 jalr             x0, x1, 0            x1:1c00897e
14919099ns          242925 1c00897e 31f52563 p.beqimm         x10, 778            x10:00000000
14919118ns          242926 1c008982 001d8d93 addi             x27, x27, 1         x27=00000006 x27:00000005
14919138ns          242927 1c008984 00044503 lbu              x10, 0(x8)          x10=0000006e  x8:1c000022  PA:1c000022
14919437ns          242942 1c008988 00140413 addi             x8, x8, 1            x8=1c000023  x8:1c000022
14919457ns          242943 1c00898a fe0514e3 bne              x10, x0, -24        x10:0000006e
14919536ns          242947 1c008972 02500793 addi             x15, x0, 37         x15=00000025
14919556ns          242948 1c008976 04f50863 beq              x10, x15, 80        x10:0000006e x15:00000025
14919576ns          242949 1c00897a 01a005b3 add              x11, x0, x26        x11=00000002 x26:00000002
14919596ns          242950 1c00897c 000b00e7 jalr             x1, x22, 0           x1=1c00897e x22:1c008888
14919636ns          242952 1c008888 000026b7 lui              x13, 0x2000         x13=00002000
14919656ns          242953 1c00888a f14027f3 csrrs            x15, x0, 0xf14      x15=00000003
14919675ns          242954 1c00888e f8068693 addi             x13, x13, -128      x13=00001f80 x13:00002000
14919695ns          242955 1c008892 00379713 slli             x14, x15, 0x3       x14=00000018 x15:00000003
14919715ns          242956 1c008896 00279793 slli             x15, x15, 0x2       x15=0000000c x15:00000003
14919735ns          242957 1c008898 00d7f7b3 and              x15, x15, x13       x15=00000000 x15:0000000c x13:00001f80
14919755ns          242958 1c00889a ee873733 p.bclr           x14, x14, 23, 8     x14=00000018 x14:00000018
14919775ns          242959 1c00889e 1a10f6b7 lui              x13, 0x1a10f000     x13=1a10f000
14919795ns          242960 1c0088a2 0ff57513 andi             x10, x10, 255       x10=0000006e x10:0000006e
14919815ns          242961 1c0088a6 00d70733 add              x14, x14, x13       x14=1a10f018 x14:00000018 x13:1a10f000
14919835ns          242962 1c0088a8 00a7e723 p.sw             x10, x0(x15)        x10:0000006e x15:00000000  PA:1a10f018
14920173ns          242979 1c0088ac 00000513 addi             x10, x0, 0          x10=00000000
14920193ns          242980 1c0088ae 00008067 jalr             x0, x1, 0            x1:1c00897e
14920252ns          242983 1c00897e 31f52563 p.beqimm         x10, 778            x10:00000000
14920272ns          242984 1c008982 001d8d93 addi             x27, x27, 1         x27=00000007 x27:00000006
14920292ns          242985 1c008984 00044503 lbu              x10, 0(x8)          x10=00000067  x8:1c000023  PA:1c000023
14920590ns          243000 1c008988 00140413 addi             x8, x8, 1            x8=1c000024  x8:1c000023
14920610ns          243001 1c00898a fe0514e3 bne              x10, x0, -24        x10:00000067
14920690ns          243005 1c008972 02500793 addi             x15, x0, 37         x15=00000025
14920710ns          243006 1c008976 04f50863 beq              x10, x15, 80        x10:00000067 x15:00000025
14920730ns          243007 1c00897a 01a005b3 add              x11, x0, x26        x11=00000002 x26:00000002
14920749ns          243008 1c00897c 000b00e7 jalr             x1, x22, 0           x1=1c00897e x22:1c008888
14920789ns          243010 1c008888 000026b7 lui              x13, 0x2000         x13=00002000
14920809ns          243011 1c00888a f14027f3 csrrs            x15, x0, 0xf14      x15=00000003
14920829ns          243012 1c00888e f8068693 addi             x13, x13, -128      x13=00001f80 x13:00002000
14920849ns          243013 1c008892 00379713 slli             x14, x15, 0x3       x14=00000018 x15:00000003
14920869ns          243014 1c008896 00279793 slli             x15, x15, 0x2       x15=0000000c x15:00000003
14920889ns          243015 1c008898 00d7f7b3 and              x15, x15, x13       x15=00000000 x15:0000000c x13:00001f80
14920909ns          243016 1c00889a ee873733 p.bclr           x14, x14, 23, 8     x14=00000018 x14:00000018
14920929ns          243017 1c00889e 1a10f6b7 lui              x13, 0x1a10f000     x13=1a10f000
14920948ns          243018 1c0088a2 0ff57513 andi             x10, x10, 255       x10=00000067 x10:00000067
14920968ns          243019 1c0088a6 00d70733 add              x14, x14, x13       x14=1a10f018 x14:00000018 x13:1a10f000
14920988ns          243020 1c0088a8 00a7e723 p.sw             x10, x0(x15)        x10:00000067 x15:00000000  PA:1a10f018
14921326ns          243037 1c0088ac 00000513 addi             x10, x0, 0          x10=00000000
14921346ns          243038 1c0088ae 00008067 jalr             x0, x1, 0            x1:1c00897e
14921406ns          243041 1c00897e 31f52563 p.beqimm         x10, 778            x10:00000000
14921426ns          243042 1c008982 001d8d93 addi             x27, x27, 1         x27=00000008 x27:00000007
14921446ns          243043 1c008984 00044503 lbu              x10, 0(x8)          x10=00000020  x8:1c000024  PA:1c000024
14921744ns          243058 1c008988 00140413 addi             x8, x8, 1            x8=1c000025  x8:1c000024
14921764ns          243059 1c00898a fe0514e3 bne              x10, x0, -24        x10:00000020
14921843ns          243063 1c008972 02500793 addi             x15, x0, 37         x15=00000025
14921863ns          243064 1c008976 04f50863 beq              x10, x15, 80        x10:00000020 x15:00000025
14921883ns          243065 1c00897a 01a005b3 add              x11, x0, x26        x11=00000002 x26:00000002
14921903ns          243066 1c00897c 000b00e7 jalr             x1, x22, 0           x1=1c00897e x22:1c008888
14921943ns          243068 1c008888 000026b7 lui              x13, 0x2000         x13=00002000
14921963ns          243069 1c00888a f14027f3 csrrs            x15, x0, 0xf14      x15=00000003
14921983ns          243070 1c00888e f8068693 addi             x13, x13, -128      x13=00001f80 x13:00002000
14922003ns          243071 1c008892 00379713 slli             x14, x15, 0x3       x14=00000018 x15:00000003
14922023ns          243072 1c008896 00279793 slli             x15, x15, 0x2       x15=0000000c x15:00000003
14922042ns          243073 1c008898 00d7f7b3 and              x15, x15, x13       x15=00000000 x15:0000000c x13:00001f80
14922062ns          243074 1c00889a ee873733 p.bclr           x14, x14, 23, 8     x14=00000018 x14:00000018
14922082ns          243075 1c00889e 1a10f6b7 lui              x13, 0x1a10f000     x13=1a10f000
14922102ns          243076 1c0088a2 0ff57513 andi             x10, x10, 255       x10=00000020 x10:00000020
14922122ns          243077 1c0088a6 00d70733 add              x14, x14, x13       x14=1a10f018 x14:00000018 x13:1a10f000
14922142ns          243078 1c0088a8 00a7e723 p.sw             x10, x0(x15)        x10:00000020 x15:00000000  PA:1a10f018
14922460ns          243094 1c0088ac 00000513 addi             x10, x0, 0          x10=00000000
14922480ns          243095 1c0088ae 00008067 jalr             x0, x1, 0            x1:1c00897e
14922540ns          243098 1c00897e 31f52563 p.beqimm         x10, 778            x10:00000000
14922560ns          243099 1c008982 001d8d93 addi             x27, x27, 1         x27=00000009 x27:00000008
14922579ns          243100 1c008984 00044503 lbu              x10, 0(x8)          x10=00000025  x8:1c000025  PA:1c000025
14922878ns          243115 1c008988 00140413 addi             x8, x8, 1            x8=1c000026  x8:1c000025
14922898ns          243116 1c00898a fe0514e3 bne              x10, x0, -24        x10:00000025
14922977ns          243120 1c008972 02500793 addi             x15, x0, 37         x15=00000025
14922997ns          243121 1c008976 04f50863 beq              x10, x15, 80        x10:00000025 x15:00000025
14923395ns          243141 1c0089c6 00044483 lbu              x9, 0(x8)            x9=00000064  x8:1c000026  PA:1c000026
14923793ns          243161 1c0089ca 02000693 addi             x13, x0, 32         x13=00000020
14923852ns          243164 1c0089ce 00140a93 addi             x21, x8, 1          x21=1c000027  x8:1c000026
14923872ns          243165 1c0089d2 009005b3 add              x11, x0, x9         x11=00000064  x9:00000064
14923892ns          243166 1c0089d4 0f4b8513 addi             x10, x23, 244       x10=1c0000f4 x23:1c000000
14923912ns          243167 1c0089d8 00d12823 sw               x13, 16(x2)         x13:00000020  x2:10001e58  PA:10001e68
14923932ns          243168 1c0089da 00012c23 sw               x0, 24(x2)           x2:10001e58  PA:10001e70
14923952ns          243169 1c0089dc 00012a23 sw               x0, 20(x2)           x2:10001e58  PA:10001e6c
14923972ns          243170 1c0089de 00012e23 sw               x0, 28(x2)           x2:10001e58  PA:10001e74
14924370ns          243190 1c0089e0 00012623 sw               x0, 12(x2)           x2:10001e58  PA:10001e64
14924409ns          243192 1c0089e2 02300913 addi             x18, x0, 35         x18=00000023
14924429ns          243193 1c0089e6 02d00a13 addi             x20, x0, 45         x20=0000002d
14924449ns          243194 1c0089ea 015009b3 add              x19, x0, x21        x19=1c000027 x21:1c000027
14924469ns          243195 1c0089ec e1dff0ef jal              x1, -484             x1=1c0089ee
14925344ns          243239 1c008808 00054783 lbu              x15, 0(x10)         x15=0000002d x10:1c0000f4  PA:1c0000f4
14925782ns          243261 1c00880c 0ff5f593 andi             x11, x11, 255       x11=00000064 x11:00000064
14925842ns          243264 1c008810 00b78c63 beq              x15, x11, 24        x15:0000002d x11:00000064
14925881ns          243266 1c008814 00078b63 beq              x15, x0, 22         x15:0000002d
14925901ns          243267 1c008816 00150793 addi             x15, x10, 1         x15=1c0000f5 x10:1c0000f4
14925921ns          243268 1c00881a 0040006f jal              x0, 4              
14926398ns          243292 1c00881e 00f00533 add              x10, x0, x15        x10=1c0000f5 x15:1c0000f5
14926418ns          243293 1c008820 0017c70b p.lbu            x14, 1(x15!)        x14=0000002b x15=1c0000f6 x15:1c0000f5  PA:1c0000f5
14926916ns          243318 1c008824 feb71ce3 bne              x14, x11, -8        x14:0000002b x11:00000064
14926975ns          243321 1c00881c 00070763 beq              x14, x0, 14         x14:0000002b
14926995ns          243322 1c00881e 00f00533 add              x10, x0, x15        x10=1c0000f6 x15:1c0000f6
14927015ns          243323 1c008820 0017c70b p.lbu            x14, 1(x15!)        x14=00000020 x15=1c0000f7 x15:1c0000f6  PA:1c0000f6
14927333ns          243339 1c008824 feb71ce3 bne              x14, x11, -8        x14:00000020 x11:00000064
14927393ns          243342 1c00881c 00070763 beq              x14, x0, 14         x14:00000020
14927413ns          243343 1c00881e 00f00533 add              x10, x0, x15        x10=1c0000f7 x15:1c0000f7
14927433ns          243344 1c008820 0017c70b p.lbu            x14, 1(x15!)        x14=00000023 x15=1c0000f8 x15:1c0000f7  PA:1c0000f7
14927751ns          243360 1c008824 feb71ce3 bne              x14, x11, -8        x14:00000023 x11:00000064
14927811ns          243363 1c00881c 00070763 beq              x14, x0, 14         x14:00000023
14927831ns          243364 1c00881e 00f00533 add              x10, x0, x15        x10=1c0000f8 x15:1c0000f8
14927850ns          243365 1c008820 0017c70b p.lbu            x14, 1(x15!)        x14=00000030 x15=1c0000f9 x15:1c0000f8  PA:1c0000f8
14928169ns          243381 1c008824 feb71ce3 bne              x14, x11, -8        x14:00000030 x11:00000064
14928228ns          243384 1c00881c 00070763 beq              x14, x0, 14         x14:00000030
14928248ns          243385 1c00881e 00f00533 add              x10, x0, x15        x10=1c0000f9 x15:1c0000f9
14928268ns          243386 1c008820 0017c70b p.lbu            x14, 1(x15!)        x14=00000000 x15=1c0000fa x15:1c0000f9  PA:1c0000f9
14928586ns          243402 1c008824 feb71ce3 bne              x14, x11, -8        x14:00000000 x11:00000064
14928646ns          243405 1c00881c 00070763 beq              x14, x0, 14         x14:00000000
14928726ns          243409 1c00882a 0015b593 sltiu            x11, x11, 1         x11=00000000 x11:00000064
14928746ns          243410 1c00882e 40b005b3 sub              x11, x0, x11        x11=00000000 x11:00000000
14928765ns          243411 1c008832 00b57533 and              x10, x10, x11       x10=00000000 x10:1c0000f9 x11:00000000
14928785ns          243412 1c008834 00008067 jalr             x0, x1, 0            x1:1c0089ee
14928825ns          243414 1c0089ee 02050a63 beq              x10, x0, 52         x10:00000000
14929342ns          243440 1c008a22 02a00613 addi             x12, x0, 42         x12=0000002a
14929362ns          243441 1c008a26 2ac48663 beq              x9, x12, 684         x9:00000064 x12:0000002a
14929382ns          243442 1c008a2a fd048613 addi             x12, x9, -48        x12=00000034  x9:00000064
14929402ns          243443 1c008a2e 00900593 addi             x11, x0, 9          x11=00000009
14929820ns          243464 1c008a30 00000913 addi             x18, x0, 0          x18=00000000
14929859ns          243466 1c008a32 28c5f063 bgeu             x11, x12, 640       x11:00000009 x12:00000034
14929879ns          243467 1c008a36 02e00693 addi             x13, x0, 46         x13=0000002e
14929899ns          243468 1c008a3a fff00a13 addi             x20, x0, -1         x20=ffffffff
14929919ns          243469 1c008a3c 2ed48363 beq              x9, x13, 742         x9:00000064 x13:0000002e
14930337ns          243490 1c008a40 1c0007b7 lui              x15, 0x1c000000     x15=1c000000
14930377ns          243492 1c008a44 009005b3 add              x11, x0, x9         x11=00000064  x9:00000064
14930397ns          243493 1c008a46 0fc78513 addi             x10, x15, 252       x10=1c0000fc x15:1c000000
14930416ns          243494 1c008a4a dbfff0ef jal              x1, -578             x1=1c008a4c
14930914ns          243519 1c008808 00054783 lbu              x15, 0(x10)         x15=00000068 x10:1c0000fc  PA:1c0000fc
14931212ns          243534 1c00880c 0ff5f593 andi             x11, x11, 255       x11=00000064 x11:00000064
14931232ns          243535 1c008810 00b78c63 beq              x15, x11, 24        x15:00000068 x11:00000064
14931252ns          243536 1c008814 00078b63 beq              x15, x0, 22         x15:00000068
14931272ns          243537 1c008816 00150793 addi             x15, x10, 1         x15=1c0000fd x10:1c0000fc
14931292ns          243538 1c00881a 0040006f jal              x0, 4              
14931331ns          243540 1c00881e 00f00533 add              x10, x0, x15        x10=1c0000fd x15:1c0000fd
14931351ns          243541 1c008820 0017c70b p.lbu            x14, 1(x15!)        x14=0000006c x15=1c0000fe x15:1c0000fd  PA:1c0000fd
14931670ns          243557 1c008824 feb71ce3 bne              x14, x11, -8        x14:0000006c x11:00000064
14931729ns          243560 1c00881c 00070763 beq              x14, x0, 14         x14:0000006c
14931749ns          243561 1c00881e 00f00533 add              x10, x0, x15        x10=1c0000fe x15:1c0000fe
14931769ns          243562 1c008820 0017c70b p.lbu            x14, 1(x15!)        x14=0000004c x15=1c0000ff x15:1c0000fe  PA:1c0000fe
14932167ns          243582 1c008824 feb71ce3 bne              x14, x11, -8        x14:0000004c x11:00000064
14932226ns          243585 1c00881c 00070763 beq              x14, x0, 14         x14:0000004c
14932246ns          243586 1c00881e 00f00533 add              x10, x0, x15        x10=1c0000ff x15:1c0000ff
14932266ns          243587 1c008820 0017c70b p.lbu            x14, 1(x15!)        x14=0000007a x15=1c000100 x15:1c0000ff  PA:1c0000ff
14932584ns          243603 1c008824 feb71ce3 bne              x14, x11, -8        x14:0000007a x11:00000064
14932644ns          243606 1c00881c 00070763 beq              x14, x0, 14         x14:0000007a
14932664ns          243607 1c00881e 00f00533 add              x10, x0, x15        x10=1c000100 x15:1c000100
14932684ns          243608 1c008820 0017c70b p.lbu            x14, 1(x15!)        x14=00000000 x15=1c000101 x15:1c000100  PA:1c000100
14933002ns          243624 1c008824 feb71ce3 bne              x14, x11, -8        x14:00000000 x11:00000064
14933062ns          243627 1c00881c 00070763 beq              x14, x0, 14         x14:00000000
14933141ns          243631 1c00882a 0015b593 sltiu            x11, x11, 1         x11=00000000 x11:00000064
14933161ns          243632 1c00882e 40b005b3 sub              x11, x0, x11        x11=00000000 x11:00000000
14933181ns          243633 1c008832 00b57533 and              x10, x10, x11       x10=00000000 x10:1c000100 x11:00000000
14933201ns          243634 1c008834 00008067 jalr             x0, x1, 0            x1:1c008a4c
14933241ns          243636 1c008a4c 01300433 add              x8, x0, x19          x8=1c000027 x19:1c000027
14933261ns          243637 1c008a4e 00050563 beq              x10, x0, 10         x10:00000000
14933320ns          243640 1c008a58 06700693 addi             x13, x0, 103        x13=00000067
14933340ns          243641 1c008a5c 2896d963 bge              x13, x9, 658        x13:00000067  x9:00000064
14934713ns          243710 1c008cee 06500693 addi             x13, x0, 101        x13=00000065
14934753ns          243712 1c008cf2 12d4d563 bge              x9, x13, 298         x9:00000064 x13:00000065
14934772ns          243713 1c008cf6 04700693 addi             x13, x0, 71         x13=00000047
14934792ns          243714 1c008cfa dc96cbe3 blt              x13, x9, -554       x13:00000047  x9:00000064
14935687ns          243759 1c008ad0 06300693 addi             x13, x0, 99         x13=00000063
14935727ns          243761 1c008ad4 0ad488e3 beq              x9, x13, 2224        x9:00000064 x13:00000063
14935747ns          243762 1c008ad8 0096c9e3 blt              x13, x9, 2066       x13:00000063  x9:00000064
14936762ns          243813 1c0092ea 000c2583 lw               x11, 0(x24)         x11=00000001 x24:10001fac  PA:10001fac
14936781ns          243814 1c0092ee 004c0c13 addi             x24, x24, 4         x24=10001fb0 x24:10001fac
14937199ns          243835 1c0092f0 3405cc63 blt              x11, x0, 856        x11:00000001
14937239ns          243837 1c0092f4 01412603 lw               x12, 20(x2)         x12=00000000  x2:10001e58  PA:10001e6c
14937259ns          243838 1c0092f6 00b006b3 add              x13, x0, x11        x13=00000001 x11:00000001
14937279ns          243839 1c0092f8 2e061863 bne              x12, x0, 752        x12:00000000
14937299ns          243840 1c0092fc 01812703 lw               x14, 24(x2)         x14=00000000  x2:10001e58  PA:10001e70
14937318ns          243841 1c0092fe 019007b3 add              x15, x0, x25        x15=10001e7c x25:10001e7c
14937716ns          243861 1c009300 00070763 beq              x14, x0, 14         x14:00000000
14937776ns          243864 1c00930e 00f00733 add              x14, x0, x15        x14=10001e7c x15:10001e7c
14938214ns          243886 1c009310 00a00513 addi             x10, x0, 10         x10=0000000a
14938253ns          243888 1c009312 02a6f633 remu             x12, x13, x10       x12=00000001 x13:00000001 x10:0000000a
14938870ns          243919 1c009316 02a6d6b3 divu             x13, x13, x10       x13=00000000 x13:00000001 x10:0000000a
14939487ns          243950 1c00931a 03060613 addi             x12, x12, 48        x12=00000031 x12:00000001
14939506ns          243951 1c00931e 00c700ab p.sb             x12, 1(x14!)        x14=10001e7d x12:00000031 x14:10001e7c  PA:10001e7c
14939526ns          243952 1c009322 fe0698e3 bne              x13, x0, -16        x13:00000000
14939546ns          243953 1c009324 40f706b3 sub              x13, x14, x15       x13=00000001 x14:10001e7d x15:10001e7c
14939566ns          243954 1c009328 0146dc63 bge              x13, x20, 24        x13:00000001 x20:ffffffff
14940461ns          243999 1c009340 00e006b3 add              x13, x0, x14        x13=10001e7d x14:10001e7d
14940501ns          244001 1c009342 fe068fab p.sb             x0, -1(x13!)        x13=10001e7c x13:10001e7d  PA:10001e7d
14940521ns          244002 1c009346 00d7fc63 bgeu             x15, x13, 24        x15:10001e7c x13:10001e7c
14941018ns          244027 1c00935e 01412783 lw               x15, 20(x2)         x15=00000000  x2:10001e58  PA:10001e6c
14941476ns          244050 1c009360 01812603 lw               x12, 24(x2)         x12=00000000  x2:10001e58  PA:10001e70
14941515ns          244052 1c009362 419704b3 sub              x9, x14, x25         x9=00000001 x14:10001e7d x25:10001e7c
14941535ns          244053 1c009366 00c7e7b3 or               x15, x15, x12       x15=00000000 x15:00000000 x12:00000000
14941555ns          244054 1c009368 00f12623 sw               x15, 12(x2)         x15:00000000  x2:10001e58  PA:10001e64
14941575ns          244055 1c00936a 00079363 bne              x15, x0, 6          x15:00000000
14941595ns          244056 1c00936c 01f5d593 srli             x11, x11, 0x1f      x11=00000000 x11:00000001
14941615ns          244057 1c00936e 00b12623 sw               x11, 12(x2)         x11:00000000  x2:10001e58  PA:10001e64
14941993ns          244076 1c009370 e3fa28e3 p.beqimm         x20, -464           x20:ffffffff
14942470ns          244100 1c0091a0 0c800793 addi             x15, x0, 200        x15=000000c8
14942510ns          244102 1c0091a4 9e97d0e3 bge              x15, x9, -1568      x15:000000c8  x9:00000001
14942987ns          244126 1c008b84 0f24d163 bge              x9, x18, 226         x9:00000001 x18:00000000
14943505ns          244152 1c008c66 d00482e3 beq              x9, x0, -764         x9:00000001
14943524ns          244153 1c008c6a 01900933 add              x18, x0, x25        x18=10001e7c x25:10001e7c
14943544ns          244154 1c008c6c 419d8db3 sub              x27, x27, x25       x27=efffe18d x27:00000009 x25:10001e7c
14943962ns          244175 1c008c70 00a0006f jal              x0, 10             
14944022ns          244178 1c008c7a 0019450b p.lbu            x10, 1(x18!)        x10=00000031 x18=10001e7d x18:10001e7c  PA:10001e7c
14944042ns          244179 1c008c7e 01a005b3 add              x11, x0, x26        x11=00000002 x26:00000002
14944459ns          244200 1c008c80 000b00e7 jalr             x1, x22, 0           x1=1c008c82 x22:1c008888
14944539ns          244204 1c008888 000026b7 lui              x13, 0x2000         x13=00002000
14944579ns          244206 1c00888a f14027f3 csrrs            x15, x0, 0xf14      x15=00000003
14944599ns          244207 1c00888e f8068693 addi             x13, x13, -128      x13=00001f80 x13:00002000
14944618ns          244208 1c008892 00379713 slli             x14, x15, 0x3       x14=00000018 x15:00000003
14944638ns          244209 1c008896 00279793 slli             x15, x15, 0x2       x15=0000000c x15:00000003
14944658ns          244210 1c008898 00d7f7b3 and              x15, x15, x13       x15=00000000 x15:0000000c x13:00001f80
14944678ns          244211 1c00889a ee873733 p.bclr           x14, x14, 23, 8     x14=00000018 x14:00000018
14944718ns          244213 1c00889e 1a10f6b7 lui              x13, 0x1a10f000     x13=1a10f000
14944758ns          244215 1c0088a2 0ff57513 andi             x10, x10, 255       x10=00000031 x10:00000031
14944778ns          244216 1c0088a6 00d70733 add              x14, x14, x13       x14=1a10f018 x14:00000018 x13:1a10f000
14944797ns          244217 1c0088a8 00a7e723 p.sw             x10, x0(x15)        x10:00000031 x15:00000000  PA:1a10f018
14945315ns          244243 1c0088ac 00000513 addi             x10, x0, 0          x10=00000000
14945334ns          244244 1c0088ae 00008067 jalr             x0, x1, 0            x1:1c008c82
14945414ns          244248 1c008c82 fff48493 addi             x9, x9, -1           x9=00000000  x9:00000001
14945454ns          244250 1c008c84 fff537e3 p.bneimm         x10, -18            x10:00000000
14945533ns          244254 1c008c72 012d8733 add              x14, x27, x18       x14=0000000a x27:efffe18d x18:10001e7d
14945553ns          244255 1c008c76 5a048b63 beq              x9, x0, 1462         x9:00000000
14945872ns          244271 1c00922c 00e00db3 add              x27, x0, x14        x27=0000000a x14:0000000a
14946329ns          244294 1c00922e f3cff06f jal              x0, -2244          
14946448ns          244300 1c00896a 00044503 lbu              x10, 0(x8)          x10=00000020  x8:1c000027  PA:1c000027
14946747ns          244315 1c00896e 00140413 addi             x8, x8, 1            x8=1c000028  x8:1c000027
14946767ns          244316 1c008970 00050e63 beq              x10, x0, 28         x10:00000020
14946786ns          244317 1c008972 02500793 addi             x15, x0, 37         x15=00000025
14946806ns          244318 1c008976 04f50863 beq              x10, x15, 80        x10:00000020 x15:00000025
14946826ns          244319 1c00897a 01a005b3 add              x11, x0, x26        x11=00000002 x26:00000002
14946846ns          244320 1c00897c 000b00e7 jalr             x1, x22, 0           x1=1c00897e x22:1c008888
14946926ns          244324 1c008888 000026b7 lui              x13, 0x2000         x13=00002000
14946946ns          244325 1c00888a f14027f3 csrrs            x15, x0, 0xf14      x15=00000003
14946966ns          244326 1c00888e f8068693 addi             x13, x13, -128      x13=00001f80 x13:00002000
14946985ns          244327 1c008892 00379713 slli             x14, x15, 0x3       x14=00000018 x15:00000003
14947005ns          244328 1c008896 00279793 slli             x15, x15, 0x2       x15=0000000c x15:00000003
14947025ns          244329 1c008898 00d7f7b3 and              x15, x15, x13       x15=00000000 x15:0000000c x13:00001f80
14947045ns          244330 1c00889a ee873733 p.bclr           x14, x14, 23, 8     x14=00000018 x14:00000018
14947065ns          244331 1c00889e 1a10f6b7 lui              x13, 0x1a10f000     x13=1a10f000
14947085ns          244332 1c0088a2 0ff57513 andi             x10, x10, 255       x10=00000020 x10:00000020
14947105ns          244333 1c0088a6 00d70733 add              x14, x14, x13       x14=1a10f018 x14:00000018 x13:1a10f000
14947125ns          244334 1c0088a8 00a7e723 p.sw             x10, x0(x15)        x10:00000020 x15:00000000  PA:1a10f018
14947602ns          244358 1c0088ac 00000513 addi             x10, x0, 0          x10=00000000
14947622ns          244359 1c0088ae 00008067 jalr             x0, x1, 0            x1:1c00897e
14947682ns          244362 1c00897e 31f52563 p.beqimm         x10, 778            x10:00000000
14947701ns          244363 1c008982 001d8d93 addi             x27, x27, 1         x27=0000000b x27:0000000a
14947721ns          244364 1c008984 00044503 lbu              x10, 0(x8)          x10=0000006b  x8:1c000028  PA:1c000028
14948020ns          244379 1c008988 00140413 addi             x8, x8, 1            x8=1c000029  x8:1c000028
14948040ns          244380 1c00898a fe0514e3 bne              x10, x0, -24        x10:0000006b
14948119ns          244384 1c008972 02500793 addi             x15, x0, 37         x15=00000025
14948139ns          244385 1c008976 04f50863 beq              x10, x15, 80        x10:0000006b x15:00000025
14948159ns          244386 1c00897a 01a005b3 add              x11, x0, x26        x11=00000002 x26:00000002
14948179ns          244387 1c00897c 000b00e7 jalr             x1, x22, 0           x1=1c00897e x22:1c008888
14948219ns          244389 1c008888 000026b7 lui              x13, 0x2000         x13=00002000
14948239ns          244390 1c00888a f14027f3 csrrs            x15, x0, 0xf14      x15=00000003
14948258ns          244391 1c00888e f8068693 addi             x13, x13, -128      x13=00001f80 x13:00002000
14948278ns          244392 1c008892 00379713 slli             x14, x15, 0x3       x14=00000018 x15:00000003
14948298ns          244393 1c008896 00279793 slli             x15, x15, 0x2       x15=0000000c x15:00000003
14948318ns          244394 1c008898 00d7f7b3 and              x15, x15, x13       x15=00000000 x15:0000000c x13:00001f80
14948338ns          244395 1c00889a ee873733 p.bclr           x14, x14, 23, 8     x14=00000018 x14:00000018
14948358ns          244396 1c00889e 1a10f6b7 lui              x13, 0x1a10f000     x13=1a10f000
14948378ns          244397 1c0088a2 0ff57513 andi             x10, x10, 255       x10=0000006b x10:0000006b
14948398ns          244398 1c0088a6 00d70733 add              x14, x14, x13       x14=1a10f018 x14:00000018 x13:1a10f000
14948418ns          244399 1c0088a8 00a7e723 p.sw             x10, x0(x15)        x10:0000006b x15:00000000  PA:1a10f018
14948756ns          244416 1c0088ac 00000513 addi             x10, x0, 0          x10=00000000
14948776ns          244417 1c0088ae 00008067 jalr             x0, x1, 0            x1:1c00897e
14948835ns          244420 1c00897e 31f52563 p.beqimm         x10, 778            x10:00000000
14948855ns          244421 1c008982 001d8d93 addi             x27, x27, 1         x27=0000000c x27:0000000b
14948875ns          244422 1c008984 00044503 lbu              x10, 0(x8)          x10=00000065  x8:1c000029  PA:1c000029
14949173ns          244437 1c008988 00140413 addi             x8, x8, 1            x8=1c00002a  x8:1c000029
14949193ns          244438 1c00898a fe0514e3 bne              x10, x0, -24        x10:00000065
14949273ns          244442 1c008972 02500793 addi             x15, x0, 37         x15=00000025
14949293ns          244443 1c008976 04f50863 beq              x10, x15, 80        x10:00000065 x15:00000025
14949313ns          244444 1c00897a 01a005b3 add              x11, x0, x26        x11=00000002 x26:00000002
14949333ns          244445 1c00897c 000b00e7 jalr             x1, x22, 0           x1=1c00897e x22:1c008888
14949372ns          244447 1c008888 000026b7 lui              x13, 0x2000         x13=00002000
14949392ns          244448 1c00888a f14027f3 csrrs            x15, x0, 0xf14      x15=00000003
14949412ns          244449 1c00888e f8068693 addi             x13, x13, -128      x13=00001f80 x13:00002000
14949432ns          244450 1c008892 00379713 slli             x14, x15, 0x3       x14=00000018 x15:00000003
14949452ns          244451 1c008896 00279793 slli             x15, x15, 0x2       x15=0000000c x15:00000003
14949472ns          244452 1c008898 00d7f7b3 and              x15, x15, x13       x15=00000000 x15:0000000c x13:00001f80
14949492ns          244453 1c00889a ee873733 p.bclr           x14, x14, 23, 8     x14=00000018 x14:00000018
14949512ns          244454 1c00889e 1a10f6b7 lui              x13, 0x1a10f000     x13=1a10f000
14949531ns          244455 1c0088a2 0ff57513 andi             x10, x10, 255       x10=00000065 x10:00000065
14949551ns          244456 1c0088a6 00d70733 add              x14, x14, x13       x14=1a10f018 x14:00000018 x13:1a10f000
14949571ns          244457 1c0088a8 00a7e723 p.sw             x10, x0(x15)        x10:00000065 x15:00000000  PA:1a10f018
14949889ns          244473 1c0088ac 00000513 addi             x10, x0, 0          x10=00000000
14949909ns          244474 1c0088ae 00008067 jalr             x0, x1, 0            x1:1c00897e
14949969ns          244477 1c00897e 31f52563 p.beqimm         x10, 778            x10:00000000
14949989ns          244478 1c008982 001d8d93 addi             x27, x27, 1         x27=0000000d x27:0000000c
14950009ns          244479 1c008984 00044503 lbu              x10, 0(x8)          x10=00000072  x8:1c00002a  PA:1c00002a
14950307ns          244494 1c008988 00140413 addi             x8, x8, 1            x8=1c00002b  x8:1c00002a
14950327ns          244495 1c00898a fe0514e3 bne              x10, x0, -24        x10:00000072
14950407ns          244499 1c008972 02500793 addi             x15, x0, 37         x15=00000025
14950426ns          244500 1c008976 04f50863 beq              x10, x15, 80        x10:00000072 x15:00000025
14950446ns          244501 1c00897a 01a005b3 add              x11, x0, x26        x11=00000002 x26:00000002
14950466ns          244502 1c00897c 000b00e7 jalr             x1, x22, 0           x1=1c00897e x22:1c008888
14950506ns          244504 1c008888 000026b7 lui              x13, 0x2000         x13=00002000
14950526ns          244505 1c00888a f14027f3 csrrs            x15, x0, 0xf14      x15=00000003
14950546ns          244506 1c00888e f8068693 addi             x13, x13, -128      x13=00001f80 x13:00002000
14950566ns          244507 1c008892 00379713 slli             x14, x15, 0x3       x14=00000018 x15:00000003
14950586ns          244508 1c008896 00279793 slli             x15, x15, 0x2       x15=0000000c x15:00000003
14950606ns          244509 1c008898 00d7f7b3 and              x15, x15, x13       x15=00000000 x15:0000000c x13:00001f80
14950625ns          244510 1c00889a ee873733 p.bclr           x14, x14, 23, 8     x14=00000018 x14:00000018
14950645ns          244511 1c00889e 1a10f6b7 lui              x13, 0x1a10f000     x13=1a10f000
14950665ns          244512 1c0088a2 0ff57513 andi             x10, x10, 255       x10=00000072 x10:00000072
14950685ns          244513 1c0088a6 00d70733 add              x14, x14, x13       x14=1a10f018 x14:00000018 x13:1a10f000
14950705ns          244514 1c0088a8 00a7e723 p.sw             x10, x0(x15)        x10:00000072 x15:00000000  PA:1a10f018
14951023ns          244530 1c0088ac 00000513 addi             x10, x0, 0          x10=00000000
14951043ns          244531 1c0088ae 00008067 jalr             x0, x1, 0            x1:1c00897e
14951103ns          244534 1c00897e 31f52563 p.beqimm         x10, 778            x10:00000000
14951123ns          244535 1c008982 001d8d93 addi             x27, x27, 1         x27=0000000e x27:0000000d
14951143ns          244536 1c008984 00044503 lbu              x10, 0(x8)          x10=0000006e  x8:1c00002b  PA:1c00002b
14951441ns          244551 1c008988 00140413 addi             x8, x8, 1            x8=1c00002c  x8:1c00002b
14951461ns          244552 1c00898a fe0514e3 bne              x10, x0, -24        x10:0000006e
14951540ns          244556 1c008972 02500793 addi             x15, x0, 37         x15=00000025
14951560ns          244557 1c008976 04f50863 beq              x10, x15, 80        x10:0000006e x15:00000025
14951580ns          244558 1c00897a 01a005b3 add              x11, x0, x26        x11=00000002 x26:00000002
14951600ns          244559 1c00897c 000b00e7 jalr             x1, x22, 0           x1=1c00897e x22:1c008888
14951640ns          244561 1c008888 000026b7 lui              x13, 0x2000         x13=00002000
14951660ns          244562 1c00888a f14027f3 csrrs            x15, x0, 0xf14      x15=00000003
14951680ns          244563 1c00888e f8068693 addi             x13, x13, -128      x13=00001f80 x13:00002000
14951700ns          244564 1c008892 00379713 slli             x14, x15, 0x3       x14=00000018 x15:00000003
14951719ns          244565 1c008896 00279793 slli             x15, x15, 0x2       x15=0000000c x15:00000003
14951739ns          244566 1c008898 00d7f7b3 and              x15, x15, x13       x15=00000000 x15:0000000c x13:00001f80
14951759ns          244567 1c00889a ee873733 p.bclr           x14, x14, 23, 8     x14=00000018 x14:00000018
14951779ns          244568 1c00889e 1a10f6b7 lui              x13, 0x1a10f000     x13=1a10f000
14951799ns          244569 1c0088a2 0ff57513 andi             x10, x10, 255       x10=0000006e x10:0000006e
14951819ns          244570 1c0088a6 00d70733 add              x14, x14, x13       x14=1a10f018 x14:00000018 x13:1a10f000
14951839ns          244571 1c0088a8 00a7e723 p.sw             x10, x0(x15)        x10:0000006e x15:00000000  PA:1a10f018
14952177ns          244588 1c0088ac 00000513 addi             x10, x0, 0          x10=00000000
14952197ns          244589 1c0088ae 00008067 jalr             x0, x1, 0            x1:1c00897e
14952256ns          244592 1c00897e 31f52563 p.beqimm         x10, 778            x10:00000000
14952276ns          244593 1c008982 001d8d93 addi             x27, x27, 1         x27=0000000f x27:0000000e
14952296ns          244594 1c008984 00044503 lbu              x10, 0(x8)          x10=00000065  x8:1c00002c  PA:1c00002c
14952595ns          244609 1c008988 00140413 addi             x8, x8, 1            x8=1c00002d  x8:1c00002c
14952614ns          244610 1c00898a fe0514e3 bne              x10, x0, -24        x10:00000065
14952694ns          244614 1c008972 02500793 addi             x15, x0, 37         x15=00000025
14952714ns          244615 1c008976 04f50863 beq              x10, x15, 80        x10:00000065 x15:00000025
14952734ns          244616 1c00897a 01a005b3 add              x11, x0, x26        x11=00000002 x26:00000002
14952754ns          244617 1c00897c 000b00e7 jalr             x1, x22, 0           x1=1c00897e x22:1c008888
14952793ns          244619 1c008888 000026b7 lui              x13, 0x2000         x13=00002000
14952813ns          244620 1c00888a f14027f3 csrrs            x15, x0, 0xf14      x15=00000003
14952833ns          244621 1c00888e f8068693 addi             x13, x13, -128      x13=00001f80 x13:00002000
14952853ns          244622 1c008892 00379713 slli             x14, x15, 0x3       x14=00000018 x15:00000003
14952873ns          244623 1c008896 00279793 slli             x15, x15, 0x2       x15=0000000c x15:00000003
14952893ns          244624 1c008898 00d7f7b3 and              x15, x15, x13       x15=00000000 x15:0000000c x13:00001f80
14952913ns          244625 1c00889a ee873733 p.bclr           x14, x14, 23, 8     x14=00000018 x14:00000018
14952933ns          244626 1c00889e 1a10f6b7 lui              x13, 0x1a10f000     x13=1a10f000
14952953ns          244627 1c0088a2 0ff57513 andi             x10, x10, 255       x10=00000065 x10:00000065
14952973ns          244628 1c0088a6 00d70733 add              x14, x14, x13       x14=1a10f018 x14:00000018 x13:1a10f000
14952992ns          244629 1c0088a8 00a7e723 p.sw             x10, x0(x15)        x10:00000065 x15:00000000  PA:1a10f018
14953331ns          244646 1c0088ac 00000513 addi             x10, x0, 0          x10=00000000
14953350ns          244647 1c0088ae 00008067 jalr             x0, x1, 0            x1:1c00897e
14953410ns          244650 1c00897e 31f52563 p.beqimm         x10, 778            x10:00000000
14953430ns          244651 1c008982 001d8d93 addi             x27, x27, 1         x27=00000010 x27:0000000f
14953450ns          244652 1c008984 00044503 lbu              x10, 0(x8)          x10=0000006c  x8:1c00002d  PA:1c00002d
14953748ns          244667 1c008988 00140413 addi             x8, x8, 1            x8=1c00002e  x8:1c00002d
14953768ns          244668 1c00898a fe0514e3 bne              x10, x0, -24        x10:0000006c
14953848ns          244672 1c008972 02500793 addi             x15, x0, 37         x15=00000025
14953868ns          244673 1c008976 04f50863 beq              x10, x15, 80        x10:0000006c x15:00000025
14953887ns          244674 1c00897a 01a005b3 add              x11, x0, x26        x11=00000002 x26:00000002
14953907ns          244675 1c00897c 000b00e7 jalr             x1, x22, 0           x1=1c00897e x22:1c008888
14953947ns          244677 1c008888 000026b7 lui              x13, 0x2000         x13=00002000
14953967ns          244678 1c00888a f14027f3 csrrs            x15, x0, 0xf14      x15=00000003
14953987ns          244679 1c00888e f8068693 addi             x13, x13, -128      x13=00001f80 x13:00002000
14954007ns          244680 1c008892 00379713 slli             x14, x15, 0x3       x14=00000018 x15:00000003
14954027ns          244681 1c008896 00279793 slli             x15, x15, 0x2       x15=0000000c x15:00000003
14954047ns          244682 1c008898 00d7f7b3 and              x15, x15, x13       x15=00000000 x15:0000000c x13:00001f80
14954067ns          244683 1c00889a ee873733 p.bclr           x14, x14, 23, 8     x14=00000018 x14:00000018
14954086ns          244684 1c00889e 1a10f6b7 lui              x13, 0x1a10f000     x13=1a10f000
14954106ns          244685 1c0088a2 0ff57513 andi             x10, x10, 255       x10=0000006c x10:0000006c
14954126ns          244686 1c0088a6 00d70733 add              x14, x14, x13       x14=1a10f018 x14:00000018 x13:1a10f000
14954146ns          244687 1c0088a8 00a7e723 p.sw             x10, x0(x15)        x10:0000006c x15:00000000  PA:1a10f018
14954464ns          244703 1c0088ac 00000513 addi             x10, x0, 0          x10=00000000
14954484ns          244704 1c0088ae 00008067 jalr             x0, x1, 0            x1:1c00897e
14954544ns          244707 1c00897e 31f52563 p.beqimm         x10, 778            x10:00000000
14954564ns          244708 1c008982 001d8d93 addi             x27, x27, 1         x27=00000011 x27:00000010
14954584ns          244709 1c008984 00044503 lbu              x10, 0(x8)          x10=00000020  x8:1c00002e  PA:1c00002e
14954882ns          244724 1c008988 00140413 addi             x8, x8, 1            x8=1c00002f  x8:1c00002e
14954902ns          244725 1c00898a fe0514e3 bne              x10, x0, -24        x10:00000020
14954981ns          244729 1c008972 02500793 addi             x15, x0, 37         x15=00000025
14955001ns          244730 1c008976 04f50863 beq              x10, x15, 80        x10:00000020 x15:00000025
14955021ns          244731 1c00897a 01a005b3 add              x11, x0, x26        x11=00000002 x26:00000002
14955041ns          244732 1c00897c 000b00e7 jalr             x1, x22, 0           x1=1c00897e x22:1c008888
14955081ns          244734 1c008888 000026b7 lui              x13, 0x2000         x13=00002000
14955101ns          244735 1c00888a f14027f3 csrrs            x15, x0, 0xf14      x15=00000003
14955121ns          244736 1c00888e f8068693 addi             x13, x13, -128      x13=00001f80 x13:00002000
14955141ns          244737 1c008892 00379713 slli             x14, x15, 0x3       x14=00000018 x15:00000003
14955160ns          244738 1c008896 00279793 slli             x15, x15, 0x2       x15=0000000c x15:00000003
14955180ns          244739 1c008898 00d7f7b3 and              x15, x15, x13       x15=00000000 x15:0000000c x13:00001f80
14955200ns          244740 1c00889a ee873733 p.bclr           x14, x14, 23, 8     x14=00000018 x14:00000018
14955220ns          244741 1c00889e 1a10f6b7 lui              x13, 0x1a10f000     x13=1a10f000
14955240ns          244742 1c0088a2 0ff57513 andi             x10, x10, 255       x10=00000020 x10:00000020
14955260ns          244743 1c0088a6 00d70733 add              x14, x14, x13       x14=1a10f018 x14:00000018 x13:1a10f000
14955280ns          244744 1c0088a8 00a7e723 p.sw             x10, x0(x15)        x10:00000020 x15:00000000  PA:1a10f018
14955618ns          244761 1c0088ac 00000513 addi             x10, x0, 0          x10=00000000
14955638ns          244762 1c0088ae 00008067 jalr             x0, x1, 0            x1:1c00897e
14955698ns          244765 1c00897e 31f52563 p.beqimm         x10, 778            x10:00000000
14955717ns          244766 1c008982 001d8d93 addi             x27, x27, 1         x27=00000012 x27:00000011
14955737ns          244767 1c008984 00044503 lbu              x10, 0(x8)          x10=00000069  x8:1c00002f  PA:1c00002f
14956036ns          244782 1c008988 00140413 addi             x8, x8, 1            x8=1c000030  x8:1c00002f
14956056ns          244783 1c00898a fe0514e3 bne              x10, x0, -24        x10:00000069
14956135ns          244787 1c008972 02500793 addi             x15, x0, 37         x15=00000025
14956155ns          244788 1c008976 04f50863 beq              x10, x15, 80        x10:00000069 x15:00000025
14956175ns          244789 1c00897a 01a005b3 add              x11, x0, x26        x11=00000002 x26:00000002
14956195ns          244790 1c00897c 000b00e7 jalr             x1, x22, 0           x1=1c00897e x22:1c008888
14956235ns          244792 1c008888 000026b7 lui              x13, 0x2000         x13=00002000
14956254ns          244793 1c00888a f14027f3 csrrs            x15, x0, 0xf14      x15=00000003
14956274ns          244794 1c00888e f8068693 addi             x13, x13, -128      x13=00001f80 x13:00002000
14956294ns          244795 1c008892 00379713 slli             x14, x15, 0x3       x14=00000018 x15:00000003
14956314ns          244796 1c008896 00279793 slli             x15, x15, 0x2       x15=0000000c x15:00000003
14956334ns          244797 1c008898 00d7f7b3 and              x15, x15, x13       x15=00000000 x15:0000000c x13:00001f80
14956354ns          244798 1c00889a ee873733 p.bclr           x14, x14, 23, 8     x14=00000018 x14:00000018
14956374ns          244799 1c00889e 1a10f6b7 lui              x13, 0x1a10f000     x13=1a10f000
14956394ns          244800 1c0088a2 0ff57513 andi             x10, x10, 255       x10=00000069 x10:00000069
14956414ns          244801 1c0088a6 00d70733 add              x14, x14, x13       x14=1a10f018 x14:00000018 x13:1a10f000
14956434ns          244802 1c0088a8 00a7e723 p.sw             x10, x0(x15)        x10:00000069 x15:00000000  PA:1a10f018
14956772ns          244819 1c0088ac 00000513 addi             x10, x0, 0          x10=00000000
14956792ns          244820 1c0088ae 00008067 jalr             x0, x1, 0            x1:1c00897e
14956851ns          244823 1c00897e 31f52563 p.beqimm         x10, 778            x10:00000000
14956871ns          244824 1c008982 001d8d93 addi             x27, x27, 1         x27=00000013 x27:00000012
14956891ns          244825 1c008984 00044503 lbu              x10, 0(x8)          x10=00000074  x8:1c000030  PA:1c000030
14957209ns          244841 1c008988 00140413 addi             x8, x8, 1            x8=1c000031  x8:1c000030
14957229ns          244842 1c00898a fe0514e3 bne              x10, x0, -24        x10:00000074
14957309ns          244846 1c008972 02500793 addi             x15, x0, 37         x15=00000025
14957329ns          244847 1c008976 04f50863 beq              x10, x15, 80        x10:00000074 x15:00000025
14957348ns          244848 1c00897a 01a005b3 add              x11, x0, x26        x11=00000002 x26:00000002
14957368ns          244849 1c00897c 000b00e7 jalr             x1, x22, 0           x1=1c00897e x22:1c008888
14957408ns          244851 1c008888 000026b7 lui              x13, 0x2000         x13=00002000
14957428ns          244852 1c00888a f14027f3 csrrs            x15, x0, 0xf14      x15=00000003
14957448ns          244853 1c00888e f8068693 addi             x13, x13, -128      x13=00001f80 x13:00002000
14957468ns          244854 1c008892 00379713 slli             x14, x15, 0x3       x14=00000018 x15:00000003
14957488ns          244855 1c008896 00279793 slli             x15, x15, 0x2       x15=0000000c x15:00000003
14957508ns          244856 1c008898 00d7f7b3 and              x15, x15, x13       x15=00000000 x15:0000000c x13:00001f80
14957527ns          244857 1c00889a ee873733 p.bclr           x14, x14, 23, 8     x14=00000018 x14:00000018
14957547ns          244858 1c00889e 1a10f6b7 lui              x13, 0x1a10f000     x13=1a10f000
14957567ns          244859 1c0088a2 0ff57513 andi             x10, x10, 255       x10=00000074 x10:00000074
14957587ns          244860 1c0088a6 00d70733 add              x14, x14, x13       x14=1a10f018 x14:00000018 x13:1a10f000
14957607ns          244861 1c0088a8 00a7e723 p.sw             x10, x0(x15)        x10:00000074 x15:00000000  PA:1a10f018
14957925ns          244877 1c0088ac 00000513 addi             x10, x0, 0          x10=00000000
14957945ns          244878 1c0088ae 00008067 jalr             x0, x1, 0            x1:1c00897e
14958005ns          244881 1c00897e 31f52563 p.beqimm         x10, 778            x10:00000000
14958025ns          244882 1c008982 001d8d93 addi             x27, x27, 1         x27=00000014 x27:00000013
14958045ns          244883 1c008984 00044503 lbu              x10, 0(x8)          x10=00000065  x8:1c000031  PA:1c000031
14958343ns          244898 1c008988 00140413 addi             x8, x8, 1            x8=1c000032  x8:1c000031
14958363ns          244899 1c00898a fe0514e3 bne              x10, x0, -24        x10:00000065
14958442ns          244903 1c008972 02500793 addi             x15, x0, 37         x15=00000025
14958462ns          244904 1c008976 04f50863 beq              x10, x15, 80        x10:00000065 x15:00000025
14958482ns          244905 1c00897a 01a005b3 add              x11, x0, x26        x11=00000002 x26:00000002
14958502ns          244906 1c00897c 000b00e7 jalr             x1, x22, 0           x1=1c00897e x22:1c008888
14958542ns          244908 1c008888 000026b7 lui              x13, 0x2000         x13=00002000
14958562ns          244909 1c00888a f14027f3 csrrs            x15, x0, 0xf14      x15=00000003
14958582ns          244910 1c00888e f8068693 addi             x13, x13, -128      x13=00001f80 x13:00002000
14958602ns          244911 1c008892 00379713 slli             x14, x15, 0x3       x14=00000018 x15:00000003
14958621ns          244912 1c008896 00279793 slli             x15, x15, 0x2       x15=0000000c x15:00000003
14958641ns          244913 1c008898 00d7f7b3 and              x15, x15, x13       x15=00000000 x15:0000000c x13:00001f80
14958661ns          244914 1c00889a ee873733 p.bclr           x14, x14, 23, 8     x14=00000018 x14:00000018
14958681ns          244915 1c00889e 1a10f6b7 lui              x13, 0x1a10f000     x13=1a10f000
14958701ns          244916 1c0088a2 0ff57513 andi             x10, x10, 255       x10=00000065 x10:00000065
14958721ns          244917 1c0088a6 00d70733 add              x14, x14, x13       x14=1a10f018 x14:00000018 x13:1a10f000
14958741ns          244918 1c0088a8 00a7e723 p.sw             x10, x0(x15)        x10:00000065 x15:00000000  PA:1a10f018
14959059ns          244934 1c0088ac 00000513 addi             x10, x0, 0          x10=00000000
14959079ns          244935 1c0088ae 00008067 jalr             x0, x1, 0            x1:1c00897e
14959139ns          244938 1c00897e 31f52563 p.beqimm         x10, 778            x10:00000000
14959159ns          244939 1c008982 001d8d93 addi             x27, x27, 1         x27=00000015 x27:00000014
14959178ns          244940 1c008984 00044503 lbu              x10, 0(x8)          x10=00000072  x8:1c000032  PA:1c000032
14959477ns          244955 1c008988 00140413 addi             x8, x8, 1            x8=1c000033  x8:1c000032
14959497ns          244956 1c00898a fe0514e3 bne              x10, x0, -24        x10:00000072
14959576ns          244960 1c008972 02500793 addi             x15, x0, 37         x15=00000025
14959596ns          244961 1c008976 04f50863 beq              x10, x15, 80        x10:00000072 x15:00000025
14959616ns          244962 1c00897a 01a005b3 add              x11, x0, x26        x11=00000002 x26:00000002
14959636ns          244963 1c00897c 000b00e7 jalr             x1, x22, 0           x1=1c00897e x22:1c008888
14959676ns          244965 1c008888 000026b7 lui              x13, 0x2000         x13=00002000
14959696ns          244966 1c00888a f14027f3 csrrs            x15, x0, 0xf14      x15=00000003
14959715ns          244967 1c00888e f8068693 addi             x13, x13, -128      x13=00001f80 x13:00002000
14959735ns          244968 1c008892 00379713 slli             x14, x15, 0x3       x14=00000018 x15:00000003
14959755ns          244969 1c008896 00279793 slli             x15, x15, 0x2       x15=0000000c x15:00000003
14959775ns          244970 1c008898 00d7f7b3 and              x15, x15, x13       x15=00000000 x15:0000000c x13:00001f80
14959795ns          244971 1c00889a ee873733 p.bclr           x14, x14, 23, 8     x14=00000018 x14:00000018
14959815ns          244972 1c00889e 1a10f6b7 lui              x13, 0x1a10f000     x13=1a10f000
14959835ns          244973 1c0088a2 0ff57513 andi             x10, x10, 255       x10=00000072 x10:00000072
14959855ns          244974 1c0088a6 00d70733 add              x14, x14, x13       x14=1a10f018 x14:00000018 x13:1a10f000
14959875ns          244975 1c0088a8 00a7e723 p.sw             x10, x0(x15)        x10:00000072 x15:00000000  PA:1a10f018
14960193ns          244991 1c0088ac 00000513 addi             x10, x0, 0          x10=00000000
14960213ns          244992 1c0088ae 00008067 jalr             x0, x1, 0            x1:1c00897e
14960272ns          244995 1c00897e 31f52563 p.beqimm         x10, 778            x10:00000000
14960292ns          244996 1c008982 001d8d93 addi             x27, x27, 1         x27=00000016 x27:00000015
14960312ns          244997 1c008984 00044503 lbu              x10, 0(x8)          x10=00000061  x8:1c000033  PA:1c000033
14960611ns          245012 1c008988 00140413 addi             x8, x8, 1            x8=1c000034  x8:1c000033
14960630ns          245013 1c00898a fe0514e3 bne              x10, x0, -24        x10:00000061
14960710ns          245017 1c008972 02500793 addi             x15, x0, 37         x15=00000025
14960730ns          245018 1c008976 04f50863 beq              x10, x15, 80        x10:00000061 x15:00000025
14960750ns          245019 1c00897a 01a005b3 add              x11, x0, x26        x11=00000002 x26:00000002
14960770ns          245020 1c00897c 000b00e7 jalr             x1, x22, 0           x1=1c00897e x22:1c008888
14960809ns          245022 1c008888 000026b7 lui              x13, 0x2000         x13=00002000
14960829ns          245023 1c00888a f14027f3 csrrs            x15, x0, 0xf14      x15=00000003
14960849ns          245024 1c00888e f8068693 addi             x13, x13, -128      x13=00001f80 x13:00002000
14960869ns          245025 1c008892 00379713 slli             x14, x15, 0x3       x14=00000018 x15:00000003
14960889ns          245026 1c008896 00279793 slli             x15, x15, 0x2       x15=0000000c x15:00000003
14960909ns          245027 1c008898 00d7f7b3 and              x15, x15, x13       x15=00000000 x15:0000000c x13:00001f80
14960929ns          245028 1c00889a ee873733 p.bclr           x14, x14, 23, 8     x14=00000018 x14:00000018
14960949ns          245029 1c00889e 1a10f6b7 lui              x13, 0x1a10f000     x13=1a10f000
14960969ns          245030 1c0088a2 0ff57513 andi             x10, x10, 255       x10=00000061 x10:00000061
14960988ns          245031 1c0088a6 00d70733 add              x14, x14, x13       x14=1a10f018 x14:00000018 x13:1a10f000
14961008ns          245032 1c0088a8 00a7e723 p.sw             x10, x0(x15)        x10:00000061 x15:00000000  PA:1a10f018
14961347ns          245049 1c0088ac 00000513 addi             x10, x0, 0          x10=00000000
14961366ns          245050 1c0088ae 00008067 jalr             x0, x1, 0            x1:1c00897e
14961426ns          245053 1c00897e 31f52563 p.beqimm         x10, 778            x10:00000000
14961446ns          245054 1c008982 001d8d93 addi             x27, x27, 1         x27=00000017 x27:00000016
14961466ns          245055 1c008984 00044503 lbu              x10, 0(x8)          x10=00000074  x8:1c000034  PA:1c000034
14961764ns          245070 1c008988 00140413 addi             x8, x8, 1            x8=1c000035  x8:1c000034
14961784ns          245071 1c00898a fe0514e3 bne              x10, x0, -24        x10:00000074
14961864ns          245075 1c008972 02500793 addi             x15, x0, 37         x15=00000025
14961884ns          245076 1c008976 04f50863 beq              x10, x15, 80        x10:00000074 x15:00000025
14961903ns          245077 1c00897a 01a005b3 add              x11, x0, x26        x11=00000002 x26:00000002
14961923ns          245078 1c00897c 000b00e7 jalr             x1, x22, 0           x1=1c00897e x22:1c008888
14961963ns          245080 1c008888 000026b7 lui              x13, 0x2000         x13=00002000
14961983ns          245081 1c00888a f14027f3 csrrs            x15, x0, 0xf14      x15=00000003
14962003ns          245082 1c00888e f8068693 addi             x13, x13, -128      x13=00001f80 x13:00002000
14962023ns          245083 1c008892 00379713 slli             x14, x15, 0x3       x14=00000018 x15:00000003
14962043ns          245084 1c008896 00279793 slli             x15, x15, 0x2       x15=0000000c x15:00000003
14962063ns          245085 1c008898 00d7f7b3 and              x15, x15, x13       x15=00000000 x15:0000000c x13:00001f80
14962082ns          245086 1c00889a ee873733 p.bclr           x14, x14, 23, 8     x14=00000018 x14:00000018
14962102ns          245087 1c00889e 1a10f6b7 lui              x13, 0x1a10f000     x13=1a10f000
14962122ns          245088 1c0088a2 0ff57513 andi             x10, x10, 255       x10=00000074 x10:00000074
14962142ns          245089 1c0088a6 00d70733 add              x14, x14, x13       x14=1a10f018 x14:00000018 x13:1a10f000
14962162ns          245090 1c0088a8 00a7e723 p.sw             x10, x0(x15)        x10:00000074 x15:00000000  PA:1a10f018
14962480ns          245106 1c0088ac 00000513 addi             x10, x0, 0          x10=00000000
14962500ns          245107 1c0088ae 00008067 jalr             x0, x1, 0            x1:1c00897e
14962560ns          245110 1c00897e 31f52563 p.beqimm         x10, 778            x10:00000000
14962580ns          245111 1c008982 001d8d93 addi             x27, x27, 1         x27=00000018 x27:00000017
14962600ns          245112 1c008984 00044503 lbu              x10, 0(x8)          x10=00000069  x8:1c000035  PA:1c000035
14962898ns          245127 1c008988 00140413 addi             x8, x8, 1            x8=1c000036  x8:1c000035
14962918ns          245128 1c00898a fe0514e3 bne              x10, x0, -24        x10:00000069
14962997ns          245132 1c008972 02500793 addi             x15, x0, 37         x15=00000025
14963017ns          245133 1c008976 04f50863 beq              x10, x15, 80        x10:00000069 x15:00000025
14963037ns          245134 1c00897a 01a005b3 add              x11, x0, x26        x11=00000002 x26:00000002
14963057ns          245135 1c00897c 000b00e7 jalr             x1, x22, 0           x1=1c00897e x22:1c008888
14963097ns          245137 1c008888 000026b7 lui              x13, 0x2000         x13=00002000
14963117ns          245138 1c00888a f14027f3 csrrs            x15, x0, 0xf14      x15=00000003
14963137ns          245139 1c00888e f8068693 addi             x13, x13, -128      x13=00001f80 x13:00002000
14963157ns          245140 1c008892 00379713 slli             x14, x15, 0x3       x14=00000018 x15:00000003
14963176ns          245141 1c008896 00279793 slli             x15, x15, 0x2       x15=0000000c x15:00000003
14963196ns          245142 1c008898 00d7f7b3 and              x15, x15, x13       x15=00000000 x15:0000000c x13:00001f80
14963216ns          245143 1c00889a ee873733 p.bclr           x14, x14, 23, 8     x14=00000018 x14:00000018
14963236ns          245144 1c00889e 1a10f6b7 lui              x13, 0x1a10f000     x13=1a10f000
14963256ns          245145 1c0088a2 0ff57513 andi             x10, x10, 255       x10=00000069 x10:00000069
14963276ns          245146 1c0088a6 00d70733 add              x14, x14, x13       x14=1a10f018 x14:00000018 x13:1a10f000
14963296ns          245147 1c0088a8 00a7e723 p.sw             x10, x0(x15)        x10:00000069 x15:00000000  PA:1a10f018
14963614ns          245163 1c0088ac 00000513 addi             x10, x0, 0          x10=00000000
14963634ns          245164 1c0088ae 00008067 jalr             x0, x1, 0            x1:1c00897e
14963694ns          245167 1c00897e 31f52563 p.beqimm         x10, 778            x10:00000000
14963714ns          245168 1c008982 001d8d93 addi             x27, x27, 1         x27=00000019 x27:00000018
14963733ns          245169 1c008984 00044503 lbu              x10, 0(x8)          x10=0000006f  x8:1c000036  PA:1c000036
14964032ns          245184 1c008988 00140413 addi             x8, x8, 1            x8=1c000037  x8:1c000036
14964052ns          245185 1c00898a fe0514e3 bne              x10, x0, -24        x10:0000006f
14964131ns          245189 1c008972 02500793 addi             x15, x0, 37         x15=00000025
14964151ns          245190 1c008976 04f50863 beq              x10, x15, 80        x10:0000006f x15:00000025
14964171ns          245191 1c00897a 01a005b3 add              x11, x0, x26        x11=00000002 x26:00000002
14964191ns          245192 1c00897c 000b00e7 jalr             x1, x22, 0           x1=1c00897e x22:1c008888
14964231ns          245194 1c008888 000026b7 lui              x13, 0x2000         x13=00002000
14964251ns          245195 1c00888a f14027f3 csrrs            x15, x0, 0xf14      x15=00000003
14964270ns          245196 1c00888e f8068693 addi             x13, x13, -128      x13=00001f80 x13:00002000
14964290ns          245197 1c008892 00379713 slli             x14, x15, 0x3       x14=00000018 x15:00000003
14964310ns          245198 1c008896 00279793 slli             x15, x15, 0x2       x15=0000000c x15:00000003
14964330ns          245199 1c008898 00d7f7b3 and              x15, x15, x13       x15=00000000 x15:0000000c x13:00001f80
14964350ns          245200 1c00889a ee873733 p.bclr           x14, x14, 23, 8     x14=00000018 x14:00000018
14964370ns          245201 1c00889e 1a10f6b7 lui              x13, 0x1a10f000     x13=1a10f000
14964390ns          245202 1c0088a2 0ff57513 andi             x10, x10, 255       x10=0000006f x10:0000006f
14964410ns          245203 1c0088a6 00d70733 add              x14, x14, x13       x14=1a10f018 x14:00000018 x13:1a10f000
14964430ns          245204 1c0088a8 00a7e723 p.sw             x10, x0(x15)        x10:0000006f x15:00000000  PA:1a10f018
14964768ns          245221 1c0088ac 00000513 addi             x10, x0, 0          x10=00000000
14964788ns          245222 1c0088ae 00008067 jalr             x0, x1, 0            x1:1c00897e
14964847ns          245225 1c00897e 31f52563 p.beqimm         x10, 778            x10:00000000
14964867ns          245226 1c008982 001d8d93 addi             x27, x27, 1         x27=0000001a x27:00000019
14964887ns          245227 1c008984 00044503 lbu              x10, 0(x8)          x10=0000006e  x8:1c000037  PA:1c000037
14965205ns          245243 1c008988 00140413 addi             x8, x8, 1            x8=1c000038  x8:1c000037
14965225ns          245244 1c00898a fe0514e3 bne              x10, x0, -24        x10:0000006e
14965305ns          245248 1c008972 02500793 addi             x15, x0, 37         x15=00000025
14965325ns          245249 1c008976 04f50863 beq              x10, x15, 80        x10:0000006e x15:00000025
14965345ns          245250 1c00897a 01a005b3 add              x11, x0, x26        x11=00000002 x26:00000002
14965364ns          245251 1c00897c 000b00e7 jalr             x1, x22, 0           x1=1c00897e x22:1c008888
14965404ns          245253 1c008888 000026b7 lui              x13, 0x2000         x13=00002000
14965424ns          245254 1c00888a f14027f3 csrrs            x15, x0, 0xf14      x15=00000003
14965444ns          245255 1c00888e f8068693 addi             x13, x13, -128      x13=00001f80 x13:00002000
14965464ns          245256 1c008892 00379713 slli             x14, x15, 0x3       x14=00000018 x15:00000003
14965484ns          245257 1c008896 00279793 slli             x15, x15, 0x2       x15=0000000c x15:00000003
14965504ns          245258 1c008898 00d7f7b3 and              x15, x15, x13       x15=00000000 x15:0000000c x13:00001f80
14965524ns          245259 1c00889a ee873733 p.bclr           x14, x14, 23, 8     x14=00000018 x14:00000018
14965543ns          245260 1c00889e 1a10f6b7 lui              x13, 0x1a10f000     x13=1a10f000
14965563ns          245261 1c0088a2 0ff57513 andi             x10, x10, 255       x10=0000006e x10:0000006e
14965583ns          245262 1c0088a6 00d70733 add              x14, x14, x13       x14=1a10f018 x14:00000018 x13:1a10f000
14965603ns          245263 1c0088a8 00a7e723 p.sw             x10, x0(x15)        x10:0000006e x15:00000000  PA:1a10f018
14965921ns          245279 1c0088ac 00000513 addi             x10, x0, 0          x10=00000000
14965941ns          245280 1c0088ae 00008067 jalr             x0, x1, 0            x1:1c00897e
14966001ns          245283 1c00897e 31f52563 p.beqimm         x10, 778            x10:00000000
14966021ns          245284 1c008982 001d8d93 addi             x27, x27, 1         x27=0000001b x27:0000001a
14966041ns          245285 1c008984 00044503 lbu              x10, 0(x8)          x10=00000073  x8:1c000038  PA:1c000038
14966339ns          245300 1c008988 00140413 addi             x8, x8, 1            x8=1c000039  x8:1c000038
14966359ns          245301 1c00898a fe0514e3 bne              x10, x0, -24        x10:00000073
14966439ns          245305 1c008972 02500793 addi             x15, x0, 37         x15=00000025
14966458ns          245306 1c008976 04f50863 beq              x10, x15, 80        x10:00000073 x15:00000025
14966478ns          245307 1c00897a 01a005b3 add              x11, x0, x26        x11=00000002 x26:00000002
14966498ns          245308 1c00897c 000b00e7 jalr             x1, x22, 0           x1=1c00897e x22:1c008888
14966538ns          245310 1c008888 000026b7 lui              x13, 0x2000         x13=00002000
14966558ns          245311 1c00888a f14027f3 csrrs            x15, x0, 0xf14      x15=00000003
14966578ns          245312 1c00888e f8068693 addi             x13, x13, -128      x13=00001f80 x13:00002000
14966598ns          245313 1c008892 00379713 slli             x14, x15, 0x3       x14=00000018 x15:00000003
14966618ns          245314 1c008896 00279793 slli             x15, x15, 0x2       x15=0000000c x15:00000003
14966637ns          245315 1c008898 00d7f7b3 and              x15, x15, x13       x15=00000000 x15:0000000c x13:00001f80
14966657ns          245316 1c00889a ee873733 p.bclr           x14, x14, 23, 8     x14=00000018 x14:00000018
14966677ns          245317 1c00889e 1a10f6b7 lui              x13, 0x1a10f000     x13=1a10f000
14966697ns          245318 1c0088a2 0ff57513 andi             x10, x10, 255       x10=00000073 x10:00000073
14966717ns          245319 1c0088a6 00d70733 add              x14, x14, x13       x14=1a10f018 x14:00000018 x13:1a10f000
14966737ns          245320 1c0088a8 00a7e723 p.sw             x10, x0(x15)        x10:00000073 x15:00000000  PA:1a10f018
14967055ns          245336 1c0088ac 00000513 addi             x10, x0, 0          x10=00000000
14967075ns          245337 1c0088ae 00008067 jalr             x0, x1, 0            x1:1c00897e
14967135ns          245340 1c00897e 31f52563 p.beqimm         x10, 778            x10:00000000
14967155ns          245341 1c008982 001d8d93 addi             x27, x27, 1         x27=0000001c x27:0000001b
14967175ns          245342 1c008984 00044503 lbu              x10, 0(x8)          x10=0000002e  x8:1c000039  PA:1c000039
14967473ns          245357 1c008988 00140413 addi             x8, x8, 1            x8=1c00003a  x8:1c000039
14967493ns          245358 1c00898a fe0514e3 bne              x10, x0, -24        x10:0000002e
14967572ns          245362 1c008972 02500793 addi             x15, x0, 37         x15=00000025
14967592ns          245363 1c008976 04f50863 beq              x10, x15, 80        x10:0000002e x15:00000025
14967612ns          245364 1c00897a 01a005b3 add              x11, x0, x26        x11=00000002 x26:00000002
14967632ns          245365 1c00897c 000b00e7 jalr             x1, x22, 0           x1=1c00897e x22:1c008888
14967672ns          245367 1c008888 000026b7 lui              x13, 0x2000         x13=00002000
14967692ns          245368 1c00888a f14027f3 csrrs            x15, x0, 0xf14      x15=00000003
14967712ns          245369 1c00888e f8068693 addi             x13, x13, -128      x13=00001f80 x13:00002000
14967731ns          245370 1c008892 00379713 slli             x14, x15, 0x3       x14=00000018 x15:00000003
14967751ns          245371 1c008896 00279793 slli             x15, x15, 0x2       x15=0000000c x15:00000003
14967771ns          245372 1c008898 00d7f7b3 and              x15, x15, x13       x15=00000000 x15:0000000c x13:00001f80
14967791ns          245373 1c00889a ee873733 p.bclr           x14, x14, 23, 8     x14=00000018 x14:00000018
14967811ns          245374 1c00889e 1a10f6b7 lui              x13, 0x1a10f000     x13=1a10f000
14967831ns          245375 1c0088a2 0ff57513 andi             x10, x10, 255       x10=0000002e x10:0000002e
14967851ns          245376 1c0088a6 00d70733 add              x14, x14, x13       x14=1a10f018 x14:00000018 x13:1a10f000
14967871ns          245377 1c0088a8 00a7e723 p.sw             x10, x0(x15)        x10:0000002e x15:00000000  PA:1a10f018
14968189ns          245393 1c0088ac 00000513 addi             x10, x0, 0          x10=00000000
14968209ns          245394 1c0088ae 00008067 jalr             x0, x1, 0            x1:1c00897e
14968269ns          245397 1c00897e 31f52563 p.beqimm         x10, 778            x10:00000000
14968288ns          245398 1c008982 001d8d93 addi             x27, x27, 1         x27=0000001d x27:0000001c
14968308ns          245399 1c008984 00044503 lbu              x10, 0(x8)          x10=0000002e  x8:1c00003a  PA:1c00003a
14968607ns          245414 1c008988 00140413 addi             x8, x8, 1            x8=1c00003b  x8:1c00003a
14968627ns          245415 1c00898a fe0514e3 bne              x10, x0, -24        x10:0000002e
14968706ns          245419 1c008972 02500793 addi             x15, x0, 37         x15=00000025
14968726ns          245420 1c008976 04f50863 beq              x10, x15, 80        x10:0000002e x15:00000025
14968746ns          245421 1c00897a 01a005b3 add              x11, x0, x26        x11=00000002 x26:00000002
14968766ns          245422 1c00897c 000b00e7 jalr             x1, x22, 0           x1=1c00897e x22:1c008888
14968806ns          245424 1c008888 000026b7 lui              x13, 0x2000         x13=00002000
14968825ns          245425 1c00888a f14027f3 csrrs            x15, x0, 0xf14      x15=00000003
14968845ns          245426 1c00888e f8068693 addi             x13, x13, -128      x13=00001f80 x13:00002000
14968865ns          245427 1c008892 00379713 slli             x14, x15, 0x3       x14=00000018 x15:00000003
14968885ns          245428 1c008896 00279793 slli             x15, x15, 0x2       x15=0000000c x15:00000003
14968905ns          245429 1c008898 00d7f7b3 and              x15, x15, x13       x15=00000000 x15:0000000c x13:00001f80
14968925ns          245430 1c00889a ee873733 p.bclr           x14, x14, 23, 8     x14=00000018 x14:00000018
14968945ns          245431 1c00889e 1a10f6b7 lui              x13, 0x1a10f000     x13=1a10f000
14968965ns          245432 1c0088a2 0ff57513 andi             x10, x10, 255       x10=0000002e x10:0000002e
14968985ns          245433 1c0088a6 00d70733 add              x14, x14, x13       x14=1a10f018 x14:00000018 x13:1a10f000
14969004ns          245434 1c0088a8 00a7e723 p.sw             x10, x0(x15)        x10:0000002e x15:00000000  PA:1a10f018
14969343ns          245451 1c0088ac 00000513 addi             x10, x0, 0          x10=00000000
14969362ns          245452 1c0088ae 00008067 jalr             x0, x1, 0            x1:1c00897e
14969422ns          245455 1c00897e 31f52563 p.beqimm         x10, 778            x10:00000000
14969442ns          245456 1c008982 001d8d93 addi             x27, x27, 1         x27=0000001e x27:0000001d
14969462ns          245457 1c008984 00044503 lbu              x10, 0(x8)          x10=0000002e  x8:1c00003b  PA:1c00003b
14969760ns          245472 1c008988 00140413 addi             x8, x8, 1            x8=1c00003c  x8:1c00003b
14969780ns          245473 1c00898a fe0514e3 bne              x10, x0, -24        x10:0000002e
14969860ns          245477 1c008972 02500793 addi             x15, x0, 37         x15=00000025
14969880ns          245478 1c008976 04f50863 beq              x10, x15, 80        x10:0000002e x15:00000025
14969900ns          245479 1c00897a 01a005b3 add              x11, x0, x26        x11=00000002 x26:00000002
14969919ns          245480 1c00897c 000b00e7 jalr             x1, x22, 0           x1=1c00897e x22:1c008888
14969959ns          245482 1c008888 000026b7 lui              x13, 0x2000         x13=00002000
14969979ns          245483 1c00888a f14027f3 csrrs            x15, x0, 0xf14      x15=00000003
14969999ns          245484 1c00888e f8068693 addi             x13, x13, -128      x13=00001f80 x13:00002000
14970019ns          245485 1c008892 00379713 slli             x14, x15, 0x3       x14=00000018 x15:00000003
14970039ns          245486 1c008896 00279793 slli             x15, x15, 0x2       x15=0000000c x15:00000003
14970059ns          245487 1c008898 00d7f7b3 and              x15, x15, x13       x15=00000000 x15:0000000c x13:00001f80
14970079ns          245488 1c00889a ee873733 p.bclr           x14, x14, 23, 8     x14=00000018 x14:00000018
14970098ns          245489 1c00889e 1a10f6b7 lui              x13, 0x1a10f000     x13=1a10f000
14970118ns          245490 1c0088a2 0ff57513 andi             x10, x10, 255       x10=0000002e x10:0000002e
14970138ns          245491 1c0088a6 00d70733 add              x14, x14, x13       x14=1a10f018 x14:00000018 x13:1a10f000
14970158ns          245492 1c0088a8 00a7e723 p.sw             x10, x0(x15)        x10:0000002e x15:00000000  PA:1a10f018
14970476ns          245508 1c0088ac 00000513 addi             x10, x0, 0          x10=00000000
14970496ns          245509 1c0088ae 00008067 jalr             x0, x1, 0            x1:1c00897e
14970556ns          245512 1c00897e 31f52563 p.beqimm         x10, 778            x10:00000000
14970576ns          245513 1c008982 001d8d93 addi             x27, x27, 1         x27=0000001f x27:0000001e
14970596ns          245514 1c008984 00044503 lbu              x10, 0(x8)          x10=00000020  x8:1c00003c  PA:1c00003c
14970894ns          245529 1c008988 00140413 addi             x8, x8, 1            x8=1c00003d  x8:1c00003c
14970914ns          245530 1c00898a fe0514e3 bne              x10, x0, -24        x10:00000020
14970994ns          245534 1c008972 02500793 addi             x15, x0, 37         x15=00000025
14971013ns          245535 1c008976 04f50863 beq              x10, x15, 80        x10:00000020 x15:00000025
14971033ns          245536 1c00897a 01a005b3 add              x11, x0, x26        x11=00000002 x26:00000002
14971053ns          245537 1c00897c 000b00e7 jalr             x1, x22, 0           x1=1c00897e x22:1c008888
14971093ns          245539 1c008888 000026b7 lui              x13, 0x2000         x13=00002000
14971113ns          245540 1c00888a f14027f3 csrrs            x15, x0, 0xf14      x15=00000003
14971133ns          245541 1c00888e f8068693 addi             x13, x13, -128      x13=00001f80 x13:00002000
14971153ns          245542 1c008892 00379713 slli             x14, x15, 0x3       x14=00000018 x15:00000003
14971173ns          245543 1c008896 00279793 slli             x15, x15, 0x2       x15=0000000c x15:00000003
14971192ns          245544 1c008898 00d7f7b3 and              x15, x15, x13       x15=00000000 x15:0000000c x13:00001f80
14971212ns          245545 1c00889a ee873733 p.bclr           x14, x14, 23, 8     x14=00000018 x14:00000018
14971232ns          245546 1c00889e 1a10f6b7 lui              x13, 0x1a10f000     x13=1a10f000
14971252ns          245547 1c0088a2 0ff57513 andi             x10, x10, 255       x10=00000020 x10:00000020
14971272ns          245548 1c0088a6 00d70733 add              x14, x14, x13       x14=1a10f018 x14:00000018 x13:1a10f000
14971292ns          245549 1c0088a8 00a7e723 p.sw             x10, x0(x15)        x10:00000020 x15:00000000  PA:1a10f018
14971610ns          245565 1c0088ac 00000513 addi             x10, x0, 0          x10=00000000
14971630ns          245566 1c0088ae 00008067 jalr             x0, x1, 0            x1:1c00897e
14971690ns          245569 1c00897e 31f52563 p.beqimm         x10, 778            x10:00000000
14971710ns          245570 1c008982 001d8d93 addi             x27, x27, 1         x27=00000020 x27:0000001f
14971729ns          245571 1c008984 00044503 lbu              x10, 0(x8)          x10=00000028  x8:1c00003d  PA:1c00003d
14972028ns          245586 1c008988 00140413 addi             x8, x8, 1            x8=1c00003e  x8:1c00003d
14972048ns          245587 1c00898a fe0514e3 bne              x10, x0, -24        x10:00000028
14972127ns          245591 1c008972 02500793 addi             x15, x0, 37         x15=00000025
14972147ns          245592 1c008976 04f50863 beq              x10, x15, 80        x10:00000028 x15:00000025
14972167ns          245593 1c00897a 01a005b3 add              x11, x0, x26        x11=00000002 x26:00000002
14972187ns          245594 1c00897c 000b00e7 jalr             x1, x22, 0           x1=1c00897e x22:1c008888
14972227ns          245596 1c008888 000026b7 lui              x13, 0x2000         x13=00002000
14972247ns          245597 1c00888a f14027f3 csrrs            x15, x0, 0xf14      x15=00000003
14972267ns          245598 1c00888e f8068693 addi             x13, x13, -128      x13=00001f80 x13:00002000
14972286ns          245599 1c008892 00379713 slli             x14, x15, 0x3       x14=00000018 x15:00000003
14972306ns          245600 1c008896 00279793 slli             x15, x15, 0x2       x15=0000000c x15:00000003
14972326ns          245601 1c008898 00d7f7b3 and              x15, x15, x13       x15=00000000 x15:0000000c x13:00001f80
14972346ns          245602 1c00889a ee873733 p.bclr           x14, x14, 23, 8     x14=00000018 x14:00000018
14972366ns          245603 1c00889e 1a10f6b7 lui              x13, 0x1a10f000     x13=1a10f000
14972386ns          245604 1c0088a2 0ff57513 andi             x10, x10, 255       x10=00000028 x10:00000028
14972406ns          245605 1c0088a6 00d70733 add              x14, x14, x13       x14=1a10f018 x14:00000018 x13:1a10f000
14972426ns          245606 1c0088a8 00a7e723 p.sw             x10, x0(x15)        x10:00000028 x15:00000000  PA:1a10f018
14972764ns          245623 1c0088ac 00000513 addi             x10, x0, 0          x10=00000000
14972784ns          245624 1c0088ae 00008067 jalr             x0, x1, 0            x1:1c00897e
14972843ns          245627 1c00897e 31f52563 p.beqimm         x10, 778            x10:00000000
14972863ns          245628 1c008982 001d8d93 addi             x27, x27, 1         x27=00000021 x27:00000020
14972883ns          245629 1c008984 00044503 lbu              x10, 0(x8)          x10=00000063  x8:1c00003e  PA:1c00003e
14973201ns          245645 1c008988 00140413 addi             x8, x8, 1            x8=1c00003f  x8:1c00003e
14973221ns          245646 1c00898a fe0514e3 bne              x10, x0, -24        x10:00000063
14973301ns          245650 1c008972 02500793 addi             x15, x0, 37         x15=00000025
14973321ns          245651 1c008976 04f50863 beq              x10, x15, 80        x10:00000063 x15:00000025
14973341ns          245652 1c00897a 01a005b3 add              x11, x0, x26        x11=00000002 x26:00000002
14973361ns          245653 1c00897c 000b00e7 jalr             x1, x22, 0           x1=1c00897e x22:1c008888
14973400ns          245655 1c008888 000026b7 lui              x13, 0x2000         x13=00002000
14973420ns          245656 1c00888a f14027f3 csrrs            x15, x0, 0xf14      x15=00000003
14973440ns          245657 1c00888e f8068693 addi             x13, x13, -128      x13=00001f80 x13:00002000
14973460ns          245658 1c008892 00379713 slli             x14, x15, 0x3       x14=00000018 x15:00000003
14973480ns          245659 1c008896 00279793 slli             x15, x15, 0x2       x15=0000000c x15:00000003
14973500ns          245660 1c008898 00d7f7b3 and              x15, x15, x13       x15=00000000 x15:0000000c x13:00001f80
14973520ns          245661 1c00889a ee873733 p.bclr           x14, x14, 23, 8     x14=00000018 x14:00000018
14973540ns          245662 1c00889e 1a10f6b7 lui              x13, 0x1a10f000     x13=1a10f000
14973559ns          245663 1c0088a2 0ff57513 andi             x10, x10, 255       x10=00000063 x10:00000063
14973579ns          245664 1c0088a6 00d70733 add              x14, x14, x13       x14=1a10f018 x14:00000018 x13:1a10f000
14973599ns          245665 1c0088a8 00a7e723 p.sw             x10, x0(x15)        x10:00000063 x15:00000000  PA:1a10f018
14973917ns          245681 1c0088ac 00000513 addi             x10, x0, 0          x10=00000000
14973937ns          245682 1c0088ae 00008067 jalr             x0, x1, 0            x1:1c00897e
14973997ns          245685 1c00897e 31f52563 p.beqimm         x10, 778            x10:00000000
14974017ns          245686 1c008982 001d8d93 addi             x27, x27, 1         x27=00000022 x27:00000021
14974037ns          245687 1c008984 00044503 lbu              x10, 0(x8)          x10=0000006f  x8:1c00003f  PA:1c00003f
14974335ns          245702 1c008988 00140413 addi             x8, x8, 1            x8=1c000040  x8:1c00003f
14974355ns          245703 1c00898a fe0514e3 bne              x10, x0, -24        x10:0000006f
14974435ns          245707 1c008972 02500793 addi             x15, x0, 37         x15=00000025
14974455ns          245708 1c008976 04f50863 beq              x10, x15, 80        x10:0000006f x15:00000025
14974474ns          245709 1c00897a 01a005b3 add              x11, x0, x26        x11=00000002 x26:00000002
14974494ns          245710 1c00897c 000b00e7 jalr             x1, x22, 0           x1=1c00897e x22:1c008888
14974534ns          245712 1c008888 000026b7 lui              x13, 0x2000         x13=00002000
14974554ns          245713 1c00888a f14027f3 csrrs            x15, x0, 0xf14      x15=00000003
14974574ns          245714 1c00888e f8068693 addi             x13, x13, -128      x13=00001f80 x13:00002000
14974594ns          245715 1c008892 00379713 slli             x14, x15, 0x3       x14=00000018 x15:00000003
14974614ns          245716 1c008896 00279793 slli             x15, x15, 0x2       x15=0000000c x15:00000003
14974634ns          245717 1c008898 00d7f7b3 and              x15, x15, x13       x15=00000000 x15:0000000c x13:00001f80
14974653ns          245718 1c00889a ee873733 p.bclr           x14, x14, 23, 8     x14=00000018 x14:00000018
14974673ns          245719 1c00889e 1a10f6b7 lui              x13, 0x1a10f000     x13=1a10f000
14974693ns          245720 1c0088a2 0ff57513 andi             x10, x10, 255       x10=0000006f x10:0000006f
14974713ns          245721 1c0088a6 00d70733 add              x14, x14, x13       x14=1a10f018 x14:00000018 x13:1a10f000
14974733ns          245722 1c0088a8 00a7e723 p.sw             x10, x0(x15)        x10:0000006f x15:00000000  PA:1a10f018
14975051ns          245738 1c0088ac 00000513 addi             x10, x0, 0          x10=00000000
14975071ns          245739 1c0088ae 00008067 jalr             x0, x1, 0            x1:1c00897e
14975131ns          245742 1c00897e 31f52563 p.beqimm         x10, 778            x10:00000000
14975151ns          245743 1c008982 001d8d93 addi             x27, x27, 1         x27=00000023 x27:00000022
14975171ns          245744 1c008984 00044503 lbu              x10, 0(x8)          x10=00000072  x8:1c000040  PA:1c000040
14975469ns          245759 1c008988 00140413 addi             x8, x8, 1            x8=1c000041  x8:1c000040
14975489ns          245760 1c00898a fe0514e3 bne              x10, x0, -24        x10:00000072
14975568ns          245764 1c008972 02500793 addi             x15, x0, 37         x15=00000025
14975588ns          245765 1c008976 04f50863 beq              x10, x15, 80        x10:00000072 x15:00000025
14975608ns          245766 1c00897a 01a005b3 add              x11, x0, x26        x11=00000002 x26:00000002
14975628ns          245767 1c00897c 000b00e7 jalr             x1, x22, 0           x1=1c00897e x22:1c008888
14975668ns          245769 1c008888 000026b7 lui              x13, 0x2000         x13=00002000
14975688ns          245770 1c00888a f14027f3 csrrs            x15, x0, 0xf14      x15=00000003
14975708ns          245771 1c00888e f8068693 addi             x13, x13, -128      x13=00001f80 x13:00002000
14975728ns          245772 1c008892 00379713 slli             x14, x15, 0x3       x14=00000018 x15:00000003
14975747ns          245773 1c008896 00279793 slli             x15, x15, 0x2       x15=0000000c x15:00000003
14975767ns          245774 1c008898 00d7f7b3 and              x15, x15, x13       x15=00000000 x15:0000000c x13:00001f80
14975787ns          245775 1c00889a ee873733 p.bclr           x14, x14, 23, 8     x14=00000018 x14:00000018
14975807ns          245776 1c00889e 1a10f6b7 lui              x13, 0x1a10f000     x13=1a10f000
14975827ns          245777 1c0088a2 0ff57513 andi             x10, x10, 255       x10=00000072 x10:00000072
14975847ns          245778 1c0088a6 00d70733 add              x14, x14, x13       x14=1a10f018 x14:00000018 x13:1a10f000
14975867ns          245779 1c0088a8 00a7e723 p.sw             x10, x0(x15)        x10:00000072 x15:00000000  PA:1a10f018
14976185ns          245795 1c0088ac 00000513 addi             x10, x0, 0          x10=00000000
14976205ns          245796 1c0088ae 00008067 jalr             x0, x1, 0            x1:1c00897e
14976265ns          245799 1c00897e 31f52563 p.beqimm         x10, 778            x10:00000000
14976284ns          245800 1c008982 001d8d93 addi             x27, x27, 1         x27=00000024 x27:00000023
14976304ns          245801 1c008984 00044503 lbu              x10, 0(x8)          x10=00000065  x8:1c000041  PA:1c000041
14976603ns          245816 1c008988 00140413 addi             x8, x8, 1            x8=1c000042  x8:1c000041
14976623ns          245817 1c00898a fe0514e3 bne              x10, x0, -24        x10:00000065
14976702ns          245821 1c008972 02500793 addi             x15, x0, 37         x15=00000025
14976722ns          245822 1c008976 04f50863 beq              x10, x15, 80        x10:00000065 x15:00000025
14976742ns          245823 1c00897a 01a005b3 add              x11, x0, x26        x11=00000002 x26:00000002
14976762ns          245824 1c00897c 000b00e7 jalr             x1, x22, 0           x1=1c00897e x22:1c008888
14976802ns          245826 1c008888 000026b7 lui              x13, 0x2000         x13=00002000
14976822ns          245827 1c00888a f14027f3 csrrs            x15, x0, 0xf14      x15=00000003
14976841ns          245828 1c00888e f8068693 addi             x13, x13, -128      x13=00001f80 x13:00002000
14976861ns          245829 1c008892 00379713 slli             x14, x15, 0x3       x14=00000018 x15:00000003
14976881ns          245830 1c008896 00279793 slli             x15, x15, 0x2       x15=0000000c x15:00000003
14976901ns          245831 1c008898 00d7f7b3 and              x15, x15, x13       x15=00000000 x15:0000000c x13:00001f80
14976921ns          245832 1c00889a ee873733 p.bclr           x14, x14, 23, 8     x14=00000018 x14:00000018
14976941ns          245833 1c00889e 1a10f6b7 lui              x13, 0x1a10f000     x13=1a10f000
14976961ns          245834 1c0088a2 0ff57513 andi             x10, x10, 255       x10=00000065 x10:00000065
14976981ns          245835 1c0088a6 00d70733 add              x14, x14, x13       x14=1a10f018 x14:00000018 x13:1a10f000
14977001ns          245836 1c0088a8 00a7e723 p.sw             x10, x0(x15)        x10:00000065 x15:00000000  PA:1a10f018
14977339ns          245853 1c0088ac 00000513 addi             x10, x0, 0          x10=00000000
14977359ns          245854 1c0088ae 00008067 jalr             x0, x1, 0            x1:1c00897e
14977418ns          245857 1c00897e 31f52563 p.beqimm         x10, 778            x10:00000000
14977438ns          245858 1c008982 001d8d93 addi             x27, x27, 1         x27=00000025 x27:00000024
14977458ns          245859 1c008984 00044503 lbu              x10, 0(x8)          x10=00000069  x8:1c000042  PA:1c000042
14977756ns          245874 1c008988 00140413 addi             x8, x8, 1            x8=1c000043  x8:1c000042
14977776ns          245875 1c00898a fe0514e3 bne              x10, x0, -24        x10:00000069
14977856ns          245879 1c008972 02500793 addi             x15, x0, 37         x15=00000025
14977876ns          245880 1c008976 04f50863 beq              x10, x15, 80        x10:00000069 x15:00000025
14977896ns          245881 1c00897a 01a005b3 add              x11, x0, x26        x11=00000002 x26:00000002
14977916ns          245882 1c00897c 000b00e7 jalr             x1, x22, 0           x1=1c00897e x22:1c008888
14977955ns          245884 1c008888 000026b7 lui              x13, 0x2000         x13=00002000
14977975ns          245885 1c00888a f14027f3 csrrs            x15, x0, 0xf14      x15=00000003
14977995ns          245886 1c00888e f8068693 addi             x13, x13, -128      x13=00001f80 x13:00002000
14978015ns          245887 1c008892 00379713 slli             x14, x15, 0x3       x14=00000018 x15:00000003
14978035ns          245888 1c008896 00279793 slli             x15, x15, 0x2       x15=0000000c x15:00000003
14978055ns          245889 1c008898 00d7f7b3 and              x15, x15, x13       x15=00000000 x15:0000000c x13:00001f80
14978075ns          245890 1c00889a ee873733 p.bclr           x14, x14, 23, 8     x14=00000018 x14:00000018
14978095ns          245891 1c00889e 1a10f6b7 lui              x13, 0x1a10f000     x13=1a10f000
14978114ns          245892 1c0088a2 0ff57513 andi             x10, x10, 255       x10=00000069 x10:00000069
14978134ns          245893 1c0088a6 00d70733 add              x14, x14, x13       x14=1a10f018 x14:00000018 x13:1a10f000
14978154ns          245894 1c0088a8 00a7e723 p.sw             x10, x0(x15)        x10:00000069 x15:00000000  PA:1a10f018
14978472ns          245910 1c0088ac 00000513 addi             x10, x0, 0          x10=00000000
14978492ns          245911 1c0088ae 00008067 jalr             x0, x1, 0            x1:1c00897e
14978552ns          245914 1c00897e 31f52563 p.beqimm         x10, 778            x10:00000000
14978572ns          245915 1c008982 001d8d93 addi             x27, x27, 1         x27=00000026 x27:00000025
14978592ns          245916 1c008984 00044503 lbu              x10, 0(x8)          x10=00000064  x8:1c000043  PA:1c000043
14978890ns          245931 1c008988 00140413 addi             x8, x8, 1            x8=1c000044  x8:1c000043
14978910ns          245932 1c00898a fe0514e3 bne              x10, x0, -24        x10:00000064
14978990ns          245936 1c008972 02500793 addi             x15, x0, 37         x15=00000025
14979010ns          245937 1c008976 04f50863 beq              x10, x15, 80        x10:00000064 x15:00000025
14979029ns          245938 1c00897a 01a005b3 add              x11, x0, x26        x11=00000002 x26:00000002
14979049ns          245939 1c00897c 000b00e7 jalr             x1, x22, 0           x1=1c00897e x22:1c008888
14979089ns          245941 1c008888 000026b7 lui              x13, 0x2000         x13=00002000
14979109ns          245942 1c00888a f14027f3 csrrs            x15, x0, 0xf14      x15=00000003
14979129ns          245943 1c00888e f8068693 addi             x13, x13, -128      x13=00001f80 x13:00002000
14979149ns          245944 1c008892 00379713 slli             x14, x15, 0x3       x14=00000018 x15:00000003
14979169ns          245945 1c008896 00279793 slli             x15, x15, 0x2       x15=0000000c x15:00000003
14979189ns          245946 1c008898 00d7f7b3 and              x15, x15, x13       x15=00000000 x15:0000000c x13:00001f80
14979208ns          245947 1c00889a ee873733 p.bclr           x14, x14, 23, 8     x14=00000018 x14:00000018
14979228ns          245948 1c00889e 1a10f6b7 lui              x13, 0x1a10f000     x13=1a10f000
14979248ns          245949 1c0088a2 0ff57513 andi             x10, x10, 255       x10=00000064 x10:00000064
14979268ns          245950 1c0088a6 00d70733 add              x14, x14, x13       x14=1a10f018 x14:00000018 x13:1a10f000
14979288ns          245951 1c0088a8 00a7e723 p.sw             x10, x0(x15)        x10:00000064 x15:00000000  PA:1a10f018
14979606ns          245967 1c0088ac 00000513 addi             x10, x0, 0          x10=00000000
14979626ns          245968 1c0088ae 00008067 jalr             x0, x1, 0            x1:1c00897e
14979686ns          245971 1c00897e 31f52563 p.beqimm         x10, 778            x10:00000000
14979706ns          245972 1c008982 001d8d93 addi             x27, x27, 1         x27=00000027 x27:00000026
14979726ns          245973 1c008984 00044503 lbu              x10, 0(x8)          x10=00000020  x8:1c000044  PA:1c000044
14980024ns          245988 1c008988 00140413 addi             x8, x8, 1            x8=1c000045  x8:1c000044
14980044ns          245989 1c00898a fe0514e3 bne              x10, x0, -24        x10:00000020
14980123ns          245993 1c008972 02500793 addi             x15, x0, 37         x15=00000025
14980143ns          245994 1c008976 04f50863 beq              x10, x15, 80        x10:00000020 x15:00000025
14980163ns          245995 1c00897a 01a005b3 add              x11, x0, x26        x11=00000002 x26:00000002
14980183ns          245996 1c00897c 000b00e7 jalr             x1, x22, 0           x1=1c00897e x22:1c008888
14980223ns          245998 1c008888 000026b7 lui              x13, 0x2000         x13=00002000
14980243ns          245999 1c00888a f14027f3 csrrs            x15, x0, 0xf14      x15=00000003
14980263ns          246000 1c00888e f8068693 addi             x13, x13, -128      x13=00001f80 x13:00002000
14980283ns          246001 1c008892 00379713 slli             x14, x15, 0x3       x14=00000018 x15:00000003
14980302ns          246002 1c008896 00279793 slli             x15, x15, 0x2       x15=0000000c x15:00000003
14980322ns          246003 1c008898 00d7f7b3 and              x15, x15, x13       x15=00000000 x15:0000000c x13:00001f80
14980342ns          246004 1c00889a ee873733 p.bclr           x14, x14, 23, 8     x14=00000018 x14:00000018
14980362ns          246005 1c00889e 1a10f6b7 lui              x13, 0x1a10f000     x13=1a10f000
14980382ns          246006 1c0088a2 0ff57513 andi             x10, x10, 255       x10=00000020 x10:00000020
14980402ns          246007 1c0088a6 00d70733 add              x14, x14, x13       x14=1a10f018 x14:00000018 x13:1a10f000
14980422ns          246008 1c0088a8 00a7e723 p.sw             x10, x0(x15)        x10:00000020 x15:00000000  PA:1a10f018
14980760ns          246025 1c0088ac 00000513 addi             x10, x0, 0          x10=00000000
14980780ns          246026 1c0088ae 00008067 jalr             x0, x1, 0            x1:1c00897e
14980839ns          246029 1c00897e 31f52563 p.beqimm         x10, 778            x10:00000000
14980859ns          246030 1c008982 001d8d93 addi             x27, x27, 1         x27=00000028 x27:00000027
14980879ns          246031 1c008984 00044503 lbu              x10, 0(x8)          x10=0000003d  x8:1c000045  PA:1c000045
14981197ns          246047 1c008988 00140413 addi             x8, x8, 1            x8=1c000046  x8:1c000045
14981217ns          246048 1c00898a fe0514e3 bne              x10, x0, -24        x10:0000003d
14981297ns          246052 1c008972 02500793 addi             x15, x0, 37         x15=00000025
14981317ns          246053 1c008976 04f50863 beq              x10, x15, 80        x10:0000003d x15:00000025
14981337ns          246054 1c00897a 01a005b3 add              x11, x0, x26        x11=00000002 x26:00000002
14981357ns          246055 1c00897c 000b00e7 jalr             x1, x22, 0           x1=1c00897e x22:1c008888
14981396ns          246057 1c008888 000026b7 lui              x13, 0x2000         x13=00002000
14981416ns          246058 1c00888a f14027f3 csrrs            x15, x0, 0xf14      x15=00000003
14981436ns          246059 1c00888e f8068693 addi             x13, x13, -128      x13=00001f80 x13:00002000
14981456ns          246060 1c008892 00379713 slli             x14, x15, 0x3       x14=00000018 x15:00000003
14981476ns          246061 1c008896 00279793 slli             x15, x15, 0x2       x15=0000000c x15:00000003
14981496ns          246062 1c008898 00d7f7b3 and              x15, x15, x13       x15=00000000 x15:0000000c x13:00001f80
14981516ns          246063 1c00889a ee873733 p.bclr           x14, x14, 23, 8     x14=00000018 x14:00000018
14981536ns          246064 1c00889e 1a10f6b7 lui              x13, 0x1a10f000     x13=1a10f000
14981556ns          246065 1c0088a2 0ff57513 andi             x10, x10, 255       x10=0000003d x10:0000003d
14981575ns          246066 1c0088a6 00d70733 add              x14, x14, x13       x14=1a10f018 x14:00000018 x13:1a10f000
14981595ns          246067 1c0088a8 00a7e723 p.sw             x10, x0(x15)        x10:0000003d x15:00000000  PA:1a10f018
14981914ns          246083 1c0088ac 00000513 addi             x10, x0, 0          x10=00000000
14981933ns          246084 1c0088ae 00008067 jalr             x0, x1, 0            x1:1c00897e
14981993ns          246087 1c00897e 31f52563 p.beqimm         x10, 778            x10:00000000
14982013ns          246088 1c008982 001d8d93 addi             x27, x27, 1         x27=00000029 x27:00000028
14982033ns          246089 1c008984 00044503 lbu              x10, 0(x8)          x10=00000020  x8:1c000046  PA:1c000046
14982331ns          246104 1c008988 00140413 addi             x8, x8, 1            x8=1c000047  x8:1c000046
14982351ns          246105 1c00898a fe0514e3 bne              x10, x0, -24        x10:00000020
14982431ns          246109 1c008972 02500793 addi             x15, x0, 37         x15=00000025
14982451ns          246110 1c008976 04f50863 beq              x10, x15, 80        x10:00000020 x15:00000025
14982470ns          246111 1c00897a 01a005b3 add              x11, x0, x26        x11=00000002 x26:00000002
14982490ns          246112 1c00897c 000b00e7 jalr             x1, x22, 0           x1=1c00897e x22:1c008888
14982530ns          246114 1c008888 000026b7 lui              x13, 0x2000         x13=00002000
14982550ns          246115 1c00888a f14027f3 csrrs            x15, x0, 0xf14      x15=00000003
14982570ns          246116 1c00888e f8068693 addi             x13, x13, -128      x13=00001f80 x13:00002000
14982590ns          246117 1c008892 00379713 slli             x14, x15, 0x3       x14=00000018 x15:00000003
14982610ns          246118 1c008896 00279793 slli             x15, x15, 0x2       x15=0000000c x15:00000003
14982630ns          246119 1c008898 00d7f7b3 and              x15, x15, x13       x15=00000000 x15:0000000c x13:00001f80
14982650ns          246120 1c00889a ee873733 p.bclr           x14, x14, 23, 8     x14=00000018 x14:00000018
14982669ns          246121 1c00889e 1a10f6b7 lui              x13, 0x1a10f000     x13=1a10f000
14982689ns          246122 1c0088a2 0ff57513 andi             x10, x10, 255       x10=00000020 x10:00000020
14982709ns          246123 1c0088a6 00d70733 add              x14, x14, x13       x14=1a10f018 x14:00000018 x13:1a10f000
14982729ns          246124 1c0088a8 00a7e723 p.sw             x10, x0(x15)        x10:00000020 x15:00000000  PA:1a10f018
14983047ns          246140 1c0088ac 00000513 addi             x10, x0, 0          x10=00000000
14983067ns          246141 1c0088ae 00008067 jalr             x0, x1, 0            x1:1c00897e
14983127ns          246144 1c00897e 31f52563 p.beqimm         x10, 778            x10:00000000
14983147ns          246145 1c008982 001d8d93 addi             x27, x27, 1         x27=0000002a x27:00000029
14983167ns          246146 1c008984 00044503 lbu              x10, 0(x8)          x10=00000025  x8:1c000047  PA:1c000047
14983465ns          246161 1c008988 00140413 addi             x8, x8, 1            x8=1c000048  x8:1c000047
14983485ns          246162 1c00898a fe0514e3 bne              x10, x0, -24        x10:00000025
14983564ns          246166 1c008972 02500793 addi             x15, x0, 37         x15=00000025
14983584ns          246167 1c008976 04f50863 beq              x10, x15, 80        x10:00000025 x15:00000025
14983664ns          246171 1c0089c6 00044483 lbu              x9, 0(x8)            x9=00000064  x8:1c000048  PA:1c000048
14983962ns          246186 1c0089ca 02000693 addi             x13, x0, 32         x13=00000020
14983982ns          246187 1c0089ce 00140a93 addi             x21, x8, 1          x21=1c000049  x8:1c000048
14984002ns          246188 1c0089d2 009005b3 add              x11, x0, x9         x11=00000064  x9:00000064
14984022ns          246189 1c0089d4 0f4b8513 addi             x10, x23, 244       x10=1c0000f4 x23:1c000000
14984042ns          246190 1c0089d8 00d12823 sw               x13, 16(x2)         x13:00000020  x2:10001e58  PA:10001e68
14984062ns          246191 1c0089da 00012c23 sw               x0, 24(x2)           x2:10001e58  PA:10001e70
14984082ns          246192 1c0089dc 00012a23 sw               x0, 20(x2)           x2:10001e58  PA:10001e6c
14984102ns          246193 1c0089de 00012e23 sw               x0, 28(x2)           x2:10001e58  PA:10001e74
14984121ns          246194 1c0089e0 00012623 sw               x0, 12(x2)           x2:10001e58  PA:10001e64
14984141ns          246195 1c0089e2 02300913 addi             x18, x0, 35         x18=00000023
14984161ns          246196 1c0089e6 02d00a13 addi             x20, x0, 45         x20=0000002d
14984181ns          246197 1c0089ea 015009b3 add              x19, x0, x21        x19=1c000049 x21:1c000049
14984201ns          246198 1c0089ec e1dff0ef jal              x1, -484             x1=1c0089ee
14984320ns          246204 1c008808 00054783 lbu              x15, 0(x10)         x15=0000002d x10:1c0000f4  PA:1c0000f4
14984639ns          246220 1c00880c 0ff5f593 andi             x11, x11, 255       x11=00000064 x11:00000064
14984658ns          246221 1c008810 00b78c63 beq              x15, x11, 24        x15:0000002d x11:00000064
14984678ns          246222 1c008814 00078b63 beq              x15, x0, 22         x15:0000002d
14984698ns          246223 1c008816 00150793 addi             x15, x10, 1         x15=1c0000f5 x10:1c0000f4
14984718ns          246224 1c00881a 0040006f jal              x0, 4              
14984798ns          246228 1c00881e 00f00533 add              x10, x0, x15        x10=1c0000f5 x15:1c0000f5
14984818ns          246229 1c008820 0017c70b p.lbu            x14, 1(x15!)        x14=0000002b x15=1c0000f6 x15:1c0000f5  PA:1c0000f5
14985136ns          246245 1c008824 feb71ce3 bne              x14, x11, -8        x14:0000002b x11:00000064
14985196ns          246248 1c00881c 00070763 beq              x14, x0, 14         x14:0000002b
14985215ns          246249 1c00881e 00f00533 add              x10, x0, x15        x10=1c0000f6 x15:1c0000f6
14985235ns          246250 1c008820 0017c70b p.lbu            x14, 1(x15!)        x14=00000020 x15=1c0000f7 x15:1c0000f6  PA:1c0000f6
14985554ns          246266 1c008824 feb71ce3 bne              x14, x11, -8        x14:00000020 x11:00000064
14985613ns          246269 1c00881c 00070763 beq              x14, x0, 14         x14:00000020
14985633ns          246270 1c00881e 00f00533 add              x10, x0, x15        x10=1c0000f7 x15:1c0000f7
14985653ns          246271 1c008820 0017c70b p.lbu            x14, 1(x15!)        x14=00000023 x15=1c0000f8 x15:1c0000f7  PA:1c0000f7
14985971ns          246287 1c008824 feb71ce3 bne              x14, x11, -8        x14:00000023 x11:00000064
14986031ns          246290 1c00881c 00070763 beq              x14, x0, 14         x14:00000023
14986051ns          246291 1c00881e 00f00533 add              x10, x0, x15        x10=1c0000f8 x15:1c0000f8
14986071ns          246292 1c008820 0017c70b p.lbu            x14, 1(x15!)        x14=00000030 x15=1c0000f9 x15:1c0000f8  PA:1c0000f8
14986389ns          246308 1c008824 feb71ce3 bne              x14, x11, -8        x14:00000030 x11:00000064
14986449ns          246311 1c00881c 00070763 beq              x14, x0, 14         x14:00000030
14986469ns          246312 1c00881e 00f00533 add              x10, x0, x15        x10=1c0000f9 x15:1c0000f9
14986488ns          246313 1c008820 0017c70b p.lbu            x14, 1(x15!)        x14=00000000 x15=1c0000fa x15:1c0000f9  PA:1c0000f9
14986807ns          246329 1c008824 feb71ce3 bne              x14, x11, -8        x14:00000000 x11:00000064
14986866ns          246332 1c00881c 00070763 beq              x14, x0, 14         x14:00000000
14986946ns          246336 1c00882a 0015b593 sltiu            x11, x11, 1         x11=00000000 x11:00000064
14986966ns          246337 1c00882e 40b005b3 sub              x11, x0, x11        x11=00000000 x11:00000000
14986986ns          246338 1c008832 00b57533 and              x10, x10, x11       x10=00000000 x10:1c0000f9 x11:00000000
14987006ns          246339 1c008834 00008067 jalr             x0, x1, 0            x1:1c0089ee
14987045ns          246341 1c0089ee 02050a63 beq              x10, x0, 52         x10:00000000
14987125ns          246345 1c008a22 02a00613 addi             x12, x0, 42         x12=0000002a
14987145ns          246346 1c008a26 2ac48663 beq              x9, x12, 684         x9:00000064 x12:0000002a
14987165ns          246347 1c008a2a fd048613 addi             x12, x9, -48        x12=00000034  x9:00000064
14987185ns          246348 1c008a2e 00900593 addi             x11, x0, 9          x11=00000009
14987224ns          246350 1c008a30 00000913 addi             x18, x0, 0          x18=00000000
14987264ns          246352 1c008a32 28c5f063 bgeu             x11, x12, 640       x11:00000009 x12:00000034
14987284ns          246353 1c008a36 02e00693 addi             x13, x0, 46         x13=0000002e
14987304ns          246354 1c008a3a fff00a13 addi             x20, x0, -1         x20=ffffffff
14987324ns          246355 1c008a3c 2ed48363 beq              x9, x13, 742         x9:00000064 x13:0000002e
14987364ns          246357 1c008a40 1c0007b7 lui              x15, 0x1c000000     x15=1c000000
14987403ns          246359 1c008a44 009005b3 add              x11, x0, x9         x11=00000064  x9:00000064
14987423ns          246360 1c008a46 0fc78513 addi             x10, x15, 252       x10=1c0000fc x15:1c000000
14987443ns          246361 1c008a4a dbfff0ef jal              x1, -578             x1=1c008a4c
14987543ns          246366 1c008808 00054783 lbu              x15, 0(x10)         x15=00000068 x10:1c0000fc  PA:1c0000fc
14987861ns          246382 1c00880c 0ff5f593 andi             x11, x11, 255       x11=00000064 x11:00000064
14987881ns          246383 1c008810 00b78c63 beq              x15, x11, 24        x15:00000068 x11:00000064
14987901ns          246384 1c008814 00078b63 beq              x15, x0, 22         x15:00000068
14987921ns          246385 1c008816 00150793 addi             x15, x10, 1         x15=1c0000fd x10:1c0000fc
14987940ns          246386 1c00881a 0040006f jal              x0, 4              
14987980ns          246388 1c00881e 00f00533 add              x10, x0, x15        x10=1c0000fd x15:1c0000fd
14988000ns          246389 1c008820 0017c70b p.lbu            x14, 1(x15!)        x14=0000006c x15=1c0000fe x15:1c0000fd  PA:1c0000fd
14988318ns          246405 1c008824 feb71ce3 bne              x14, x11, -8        x14:0000006c x11:00000064
14988378ns          246408 1c00881c 00070763 beq              x14, x0, 14         x14:0000006c
14988398ns          246409 1c00881e 00f00533 add              x10, x0, x15        x10=1c0000fe x15:1c0000fe
14988418ns          246410 1c008820 0017c70b p.lbu            x14, 1(x15!)        x14=0000004c x15=1c0000ff x15:1c0000fe  PA:1c0000fe
14988736ns          246426 1c008824 feb71ce3 bne              x14, x11, -8        x14:0000004c x11:00000064
14988796ns          246429 1c00881c 00070763 beq              x14, x0, 14         x14:0000004c
14988816ns          246430 1c00881e 00f00533 add              x10, x0, x15        x10=1c0000ff x15:1c0000ff
14988836ns          246431 1c008820 0017c70b p.lbu            x14, 1(x15!)        x14=0000007a x15=1c000100 x15:1c0000ff  PA:1c0000ff
14989154ns          246447 1c008824 feb71ce3 bne              x14, x11, -8        x14:0000007a x11:00000064
14989213ns          246450 1c00881c 00070763 beq              x14, x0, 14         x14:0000007a
14989233ns          246451 1c00881e 00f00533 add              x10, x0, x15        x10=1c000100 x15:1c000100
14989253ns          246452 1c008820 0017c70b p.lbu            x14, 1(x15!)        x14=00000000 x15=1c000101 x15:1c000100  PA:1c000100
14989571ns          246468 1c008824 feb71ce3 bne              x14, x11, -8        x14:00000000 x11:00000064
14989631ns          246471 1c00881c 00070763 beq              x14, x0, 14         x14:00000000
14989711ns          246475 1c00882a 0015b593 sltiu            x11, x11, 1         x11=00000000 x11:00000064
14989731ns          246476 1c00882e 40b005b3 sub              x11, x0, x11        x11=00000000 x11:00000000
14989751ns          246477 1c008832 00b57533 and              x10, x10, x11       x10=00000000 x10:1c000100 x11:00000000
14989770ns          246478 1c008834 00008067 jalr             x0, x1, 0            x1:1c008a4c
14989810ns          246480 1c008a4c 01300433 add              x8, x0, x19          x8=1c000049 x19:1c000049
14989830ns          246481 1c008a4e 00050563 beq              x10, x0, 10         x10:00000000
14989890ns          246484 1c008a58 06700693 addi             x13, x0, 103        x13=00000067
14989910ns          246485 1c008a5c 2896d963 bge              x13, x9, 658        x13:00000067  x9:00000064
14990089ns          246494 1c008cee 06500693 addi             x13, x0, 101        x13=00000065
14990128ns          246496 1c008cf2 12d4d563 bge              x9, x13, 298         x9:00000064 x13:00000065
14990148ns          246497 1c008cf6 04700693 addi             x13, x0, 71         x13=00000047
14990168ns          246498 1c008cfa dc96cbe3 blt              x13, x9, -554       x13:00000047  x9:00000064
14990268ns          246503 1c008ad0 06300693 addi             x13, x0, 99         x13=00000063
14990288ns          246504 1c008ad4 0ad488e3 beq              x9, x13, 2224        x9:00000064 x13:00000063
14990307ns          246505 1c008ad8 0096c9e3 blt              x13, x9, 2066       x13:00000063  x9:00000064
14990506ns          246515 1c0092ea 000c2583 lw               x11, 0(x24)         x11=00000003 x24:10001fb0  PA:10001fb0
14990526ns          246516 1c0092ee 004c0c13 addi             x24, x24, 4         x24=10001fb4 x24:10001fb0
14990566ns          246518 1c0092f0 3405cc63 blt              x11, x0, 856        x11:00000003
14990606ns          246520 1c0092f4 01412603 lw               x12, 20(x2)         x12=00000000  x2:10001e58  PA:10001e6c
14990626ns          246521 1c0092f6 00b006b3 add              x13, x0, x11        x13=00000003 x11:00000003
14990646ns          246522 1c0092f8 2e061863 bne              x12, x0, 752        x12:00000000
14990665ns          246523 1c0092fc 01812703 lw               x14, 24(x2)         x14=00000000  x2:10001e58  PA:10001e70
14990685ns          246524 1c0092fe 019007b3 add              x15, x0, x25        x15=10001e7c x25:10001e7c
14990705ns          246525 1c009300 00070763 beq              x14, x0, 14         x14:00000000
14990765ns          246528 1c00930e 00f00733 add              x14, x0, x15        x14=10001e7c x15:10001e7c
14990785ns          246529 1c009310 00a00513 addi             x10, x0, 10         x10=0000000a
14990805ns          246530 1c009312 02a6f633 remu             x12, x13, x10       x12=00000003 x13:00000003 x10:0000000a
14991421ns          246561 1c009316 02a6d6b3 divu             x13, x13, x10       x13=00000000 x13:00000003 x10:0000000a
14992038ns          246592 1c00931a 03060613 addi             x12, x12, 48        x12=00000033 x12:00000003
14992058ns          246593 1c00931e 00c700ab p.sb             x12, 1(x14!)        x14=10001e7d x12:00000033 x14:10001e7c  PA:10001e7c
14992078ns          246594 1c009322 fe0698e3 bne              x13, x0, -16        x13:00000000
14992098ns          246595 1c009324 40f706b3 sub              x13, x14, x15       x13=00000001 x14:10001e7d x15:10001e7c
14992118ns          246596 1c009328 0146dc63 bge              x13, x20, 24        x13:00000001 x20:ffffffff
14992177ns          246599 1c009340 00e006b3 add              x13, x0, x14        x13=10001e7d x14:10001e7d
14992197ns          246600 1c009342 fe068fab p.sb             x0, -1(x13!)        x13=10001e7c x13:10001e7d  PA:10001e7d
14992217ns          246601 1c009346 00d7fc63 bgeu             x15, x13, 24        x15:10001e7c x13:10001e7c
14992336ns          246607 1c00935e 01412783 lw               x15, 20(x2)         x15=00000000  x2:10001e58  PA:10001e6c
14992396ns          246610 1c009360 01812603 lw               x12, 24(x2)         x12=00000000  x2:10001e58  PA:10001e70
14992436ns          246612 1c009362 419704b3 sub              x9, x14, x25         x9=00000001 x14:10001e7d x25:10001e7c
14992456ns          246613 1c009366 00c7e7b3 or               x15, x15, x12       x15=00000000 x15:00000000 x12:00000000
14992476ns          246614 1c009368 00f12623 sw               x15, 12(x2)         x15:00000000  x2:10001e58  PA:10001e64
14992515ns          246616 1c00936a 00079363 bne              x15, x0, 6          x15:00000000
14992535ns          246617 1c00936c 01f5d593 srli             x11, x11, 0x1f      x11=00000000 x11:00000003
14992555ns          246618 1c00936e 00b12623 sw               x11, 12(x2)         x11:00000000  x2:10001e58  PA:10001e64
14992575ns          246619 1c009370 e3fa28e3 p.beqimm         x20, -464           x20:ffffffff
14992674ns          246624 1c0091a0 0c800793 addi             x15, x0, 200        x15=000000c8
14992714ns          246626 1c0091a4 9e97d0e3 bge              x15, x9, -1568      x15:000000c8  x9:00000001
14992814ns          246631 1c008b84 0f24d163 bge              x9, x18, 226         x9:00000001 x18:00000000
14992953ns          246638 1c008c66 d00482e3 beq              x9, x0, -764         x9:00000001
14992973ns          246639 1c008c6a 01900933 add              x18, x0, x25        x18=10001e7c x25:10001e7c
14992993ns          246640 1c008c6c 419d8db3 sub              x27, x27, x25       x27=efffe1ae x27:0000002a x25:10001e7c
14993013ns          246641 1c008c70 00a0006f jal              x0, 10             
14993072ns          246644 1c008c7a 0019450b p.lbu            x10, 1(x18!)        x10=00000033 x18=10001e7d x18:10001e7c  PA:10001e7c
14993092ns          246645 1c008c7e 01a005b3 add              x11, x0, x26        x11=00000002 x26:00000002
14993132ns          246647 1c008c80 000b00e7 jalr             x1, x22, 0           x1=1c008c82 x22:1c008888
14993212ns          246651 1c008888 000026b7 lui              x13, 0x2000         x13=00002000
14993251ns          246653 1c00888a f14027f3 csrrs            x15, x0, 0xf14      x15=00000003
14993271ns          246654 1c00888e f8068693 addi             x13, x13, -128      x13=00001f80 x13:00002000
14993291ns          246655 1c008892 00379713 slli             x14, x15, 0x3       x14=00000018 x15:00000003
14993311ns          246656 1c008896 00279793 slli             x15, x15, 0x2       x15=0000000c x15:00000003
14993331ns          246657 1c008898 00d7f7b3 and              x15, x15, x13       x15=00000000 x15:0000000c x13:00001f80
14993351ns          246658 1c00889a ee873733 p.bclr           x14, x14, 23, 8     x14=00000018 x14:00000018
14993391ns          246660 1c00889e 1a10f6b7 lui              x13, 0x1a10f000     x13=1a10f000
14993430ns          246662 1c0088a2 0ff57513 andi             x10, x10, 255       x10=00000033 x10:00000033
14993450ns          246663 1c0088a6 00d70733 add              x14, x14, x13       x14=1a10f018 x14:00000018 x13:1a10f000
14993470ns          246664 1c0088a8 00a7e723 p.sw             x10, x0(x15)        x10:00000033 x15:00000000  PA:1a10f018
14993808ns          246681 1c0088ac 00000513 addi             x10, x0, 0          x10=00000000
14993828ns          246682 1c0088ae 00008067 jalr             x0, x1, 0            x1:1c008c82
14993868ns          246684 1c008c82 fff48493 addi             x9, x9, -1           x9=00000000  x9:00000001
14993888ns          246685 1c008c84 fff537e3 p.bneimm         x10, -18            x10:00000000
14993967ns          246689 1c008c72 012d8733 add              x14, x27, x18       x14=0000002b x27:efffe1ae x18:10001e7d
14993987ns          246690 1c008c76 5a048b63 beq              x9, x0, 1462         x9:00000000
14994047ns          246693 1c00922c 00e00db3 add              x27, x0, x14        x27=0000002b x14:0000002b
14994067ns          246694 1c00922e f3cff06f jal              x0, -2244          
14994126ns          246697 1c00896a 00044503 lbu              x10, 0(x8)          x10=00000029  x8:1c000049  PA:1c000049
14994425ns          246712 1c00896e 00140413 addi             x8, x8, 1            x8=1c00004a  x8:1c000049
14994445ns          246713 1c008970 00050e63 beq              x10, x0, 28         x10:00000029
14994465ns          246714 1c008972 02500793 addi             x15, x0, 37         x15=00000025
14994485ns          246715 1c008976 04f50863 beq              x10, x15, 80        x10:00000029 x15:00000025
14994504ns          246716 1c00897a 01a005b3 add              x11, x0, x26        x11=00000002 x26:00000002
14994524ns          246717 1c00897c 000b00e7 jalr             x1, x22, 0           x1=1c00897e x22:1c008888
14994644ns          246723 1c008888 000026b7 lui              x13, 0x2000         x13=00002000
14994683ns          246725 1c00888a f14027f3 csrrs            x15, x0, 0xf14      x15=00000003
14994703ns          246726 1c00888e f8068693 addi             x13, x13, -128      x13=00001f80 x13:00002000
14994723ns          246727 1c008892 00379713 slli             x14, x15, 0x3       x14=00000018 x15:00000003
14994743ns          246728 1c008896 00279793 slli             x15, x15, 0x2       x15=0000000c x15:00000003
14994763ns          246729 1c008898 00d7f7b3 and              x15, x15, x13       x15=00000000 x15:0000000c x13:00001f80
14994783ns          246730 1c00889a ee873733 p.bclr           x14, x14, 23, 8     x14=00000018 x14:00000018
14994803ns          246731 1c00889e 1a10f6b7 lui              x13, 0x1a10f000     x13=1a10f000
14994823ns          246732 1c0088a2 0ff57513 andi             x10, x10, 255       x10=00000029 x10:00000029
14994843ns          246733 1c0088a6 00d70733 add              x14, x14, x13       x14=1a10f018 x14:00000018 x13:1a10f000
14994862ns          246734 1c0088a8 00a7e723 p.sw             x10, x0(x15)        x10:00000029 x15:00000000  PA:1a10f018
14995201ns          246751 1c0088ac 00000513 addi             x10, x0, 0          x10=00000000
14995220ns          246752 1c0088ae 00008067 jalr             x0, x1, 0            x1:1c00897e
14995280ns          246755 1c00897e 31f52563 p.beqimm         x10, 778            x10:00000000
14995300ns          246756 1c008982 001d8d93 addi             x27, x27, 1         x27=0000002c x27:0000002b
14995320ns          246757 1c008984 00044503 lbu              x10, 0(x8)          x10=0000000a  x8:1c00004a  PA:1c00004a
14995618ns          246772 1c008988 00140413 addi             x8, x8, 1            x8=1c00004b  x8:1c00004a
14995638ns          246773 1c00898a fe0514e3 bne              x10, x0, -24        x10:0000000a
14995718ns          246777 1c008972 02500793 addi             x15, x0, 37         x15=00000025
14995738ns          246778 1c008976 04f50863 beq              x10, x15, 80        x10:0000000a x15:00000025
14995758ns          246779 1c00897a 01a005b3 add              x11, x0, x26        x11=00000002 x26:00000002
14995777ns          246780 1c00897c 000b00e7 jalr             x1, x22, 0           x1=1c00897e x22:1c008888
14995817ns          246782 1c008888 000026b7 lui              x13, 0x2000         x13=00002000
14995837ns          246783 1c00888a f14027f3 csrrs            x15, x0, 0xf14      x15=00000003
14995857ns          246784 1c00888e f8068693 addi             x13, x13, -128      x13=00001f80 x13:00002000
14995877ns          246785 1c008892 00379713 slli             x14, x15, 0x3       x14=00000018 x15:00000003
14995897ns          246786 1c008896 00279793 slli             x15, x15, 0x2       x15=0000000c x15:00000003
14995917ns          246787 1c008898 00d7f7b3 and              x15, x15, x13       x15=00000000 x15:0000000c x13:00001f80
14995937ns          246788 1c00889a ee873733 p.bclr           x14, x14, 23, 8     x14=00000018 x14:00000018
14995956ns          246789 1c00889e 1a10f6b7 lui              x13, 0x1a10f000     x13=1a10f000
14995976ns          246790 1c0088a2 0ff57513 andi             x10, x10, 255       x10=0000000a x10:0000000a
14995996ns          246791 1c0088a6 00d70733 add              x14, x14, x13       x14=1a10f018 x14:00000018 x13:1a10f000
14996016ns          246792 1c0088a8 00a7e723 p.sw             x10, x0(x15)        x10:0000000a x15:00000000  PA:1a10f018
14996334ns          246808 1c0088ac 00000513 addi             x10, x0, 0          x10=00000000
14996354ns          246809 1c0088ae 00008067 jalr             x0, x1, 0            x1:1c00897e
14996414ns          246812 1c00897e 31f52563 p.beqimm         x10, 778            x10:00000000
14996434ns          246813 1c008982 001d8d93 addi             x27, x27, 1         x27=0000002d x27:0000002c
14996454ns          246814 1c008984 00044503 lbu              x10, 0(x8)          x10=00000000  x8:1c00004b  PA:1c00004b
14996752ns          246829 1c008988 00140413 addi             x8, x8, 1            x8=1c00004c  x8:1c00004b
14996772ns          246830 1c00898a fe0514e3 bne              x10, x0, -24        x10:00000000
14996792ns          246831 1c00898c 01b00433 add              x8, x0, x27          x8=0000002d x27:0000002d
14996812ns          246832 1c00898e 00800533 add              x10, x0, x8         x10=0000002d  x8:0000002d
14996832ns          246833 1c008990 12c12083 lw               x1, 300(x2)          x1=1c00891c  x2:10001e58  PA:10001f84
14996852ns          246834 1c008994 12812403 lw               x8, 296(x2)          x8=xxxxxxxx  x2:10001e58  PA:10001f80
14996871ns          246835 1c008998 12412483 lw               x9, 292(x2)          x9=00000003  x2:10001e58  PA:10001f7c
14996891ns          246836 1c00899c 12012903 lw               x18, 288(x2)        x18=xxxxxxxx  x2:10001e58  PA:10001f78
14997170ns          246850 1c0089a0 11c12983 lw               x19, 284(x2)        x19=xxxxxxxx  x2:10001e58  PA:10001f74
14997210ns          246852 1c0089a4 11812a03 lw               x20, 280(x2)        x20=xxxxxxxx  x2:10001e58  PA:10001f70
14997229ns          246853 1c0089a8 11412a83 lw               x21, 276(x2)        x21=xxxxxxxx  x2:10001e58  PA:10001f6c
14997249ns          246854 1c0089ac 11012b03 lw               x22, 272(x2)        x22=xxxxxxxx  x2:10001e58  PA:10001f68
14997687ns          246876 1c0089b0 10c12b83 lw               x23, 268(x2)        x23=xxxxxxxx  x2:10001e58  PA:10001f64
14997727ns          246878 1c0089b4 10812c03 lw               x24, 264(x2)        x24=xxxxxxxx  x2:10001e58  PA:10001f60
14997747ns          246879 1c0089b8 10412c83 lw               x25, 260(x2)        x25=xxxxxxxx  x2:10001e58  PA:10001f5c
14997766ns          246880 1c0089bc 10012d03 lw               x26, 256(x2)        x26=xxxxxxxx  x2:10001e58  PA:10001f58
14997786ns          246881 1c0089c0 0fc12d83 lw               x27, 252(x2)        x27=xxxxxxxx  x2:10001e58  PA:10001f54
14997806ns          246882 1c0089c2 13010113 addi             x2, x2, 304          x2=10001f88  x2:10001e58
14997826ns          246883 1c0089c4 00008067 jalr             x0, x1, 0            x1:1c00891c
14997906ns          246887 1c00891c 01c12083 lw               x1, 28(x2)           x1=1c0081e8  x2:10001f88  PA:10001fa4
14997926ns          246888 1c00891e 04010113 addi             x2, x2, 64           x2=10001fc8  x2:10001f88
14997985ns          246891 1c008920 00008067 jalr             x0, x1, 0            x1:1c0081e8
14998065ns          246895 1c0081e8 2c3010ef jal              x1, 6850             x1=1c0081ec
14998602ns          246922 1c009caa f14027f3 csrrs            x15, x0, 0xf14      x15=00000003
14998622ns          246923 1c009cae 01f00713 addi             x14, x0, 31         x14=0000001f
14999039ns          246944 1c009cb0 ca5797b3 p.extractu       x15, x15, 5, 5      x15=00000000 x15:00000003
14999079ns          246946 1c009cb4 00e78863 beq              x15, x14, 16        x15:00000000 x14:0000001f
14999099ns          246947 1c009cb8 002047b7 lui              x15, 0x204000       x15=00204000
14999119ns          246948 1c009cbc 20078793 addi             x15, x15, 512       x15=00204200 x15:00204000
14999557ns          246970 1c009cc0 01c7e703 p.elw            x14, 28(x15)        x14=00010000 x15:00204200  PA:0020421c
14999676ns          246976 1c009cc4 00008067 jalr             x0, x1, 0            x1:1c0081ec
15000133ns          246999 1c0081ec 00300793 addi             x15, x0, 3          x15=00000003
15000571ns          247021 1c0081ee 0097f463 bgeu             x15, x9, 8          x15:00000003  x9:00000003
15000651ns          247025 1c0081f6 f14027f3 csrrs            x15, x0, 0xf14      x15=00000003
15000671ns          247026 1c0081fa f457b7b3 p.bclr           x15, x15, 26, 5     x15=00000003 x15:00000003
15001108ns          247048 1c0081fe 0c078c63 beq              x15, x0, 216        x15:00000003
15001148ns          247050 1c008202 1c010737 lui              x14, 0x1c010000     x14=1c010000
15001168ns          247051 1c008206 06400793 addi             x15, x0, 100        x15=00000064
15001188ns          247052 1c00820a 00070713 addi             x14, x14, 0         x14=1c010000 x14:1c010000
15001685ns          247077 1c00820e 02f487b3 mul              x15, x9, x15        x15=0000012c  x9:00000003 x15:00000064
15001705ns          247078 1c008212 00279793 slli             x15, x15, 0x2       x15=000004b0 x15:0000012c
15001725ns          247079 1c008214 64070693 addi             x13, x14, 1600      x13=1c010640 x14:1c010000
15001745ns          247080 1c008218 00f686b3 add              x13, x13, x15       x13=1c010af0 x13:1c010640 x15:000004b0
15001765ns          247081 1c00821a 00f70733 add              x14, x14, x15       x14=1c0104b0 x14:1c010000 x15:000004b0
15001784ns          247082 1c00821c 00000413 addi             x8, x0, 0            x8=00000000
15002202ns          247103 1c008220 064350fb lp.setupi        0x1, 0x64, 0x6     
15002242ns          247105 1c008224 0047258b p.lw             x11, 4(x14!)        x11=42bc7c2b x14=1c0104b4 x14:1c0104b0  PA:1c0104b0
15002600ns          247123 1c008228 0046a60b p.lw             x12, 4(x13!)        x12=42bdba25 x13=1c010af4 x13:1c010af0  PA:1c010af0
15002918ns          247139 1c00822c 40c5f443 fmadd.s          f8, f11, f12, f8     f8=xxxxxxxx f11:42bc7c2b f12:42bdba25  f8:00000000
15002938ns          247140 1c008224 0047258b p.lw             x11, 4(x14!)        x11=42a1d890 x14=1c0104b8 x14:1c0104b4  PA:1c0104b4
15003396ns          247163 1c008228 0046a60b p.lw             x12, 4(x13!)        x12=42747430 x13=1c010af8 x13:1c010af4  PA:1c010af4
15003714ns          247179 1c00822c 40c5f443 fmadd.s          f8, f11, f12, f8     f8=xxxxxxxx f11:42a1d890 f12:42747430  f8:460bb0b9
15003734ns          247180 1c008224 0047258b p.lw             x11, 4(x14!)        x11=4083ea05 x14=1c0104bc x14:1c0104b8  PA:1c0104b8
15004032ns          247195 1c008228 0046a60b p.lw             x12, 4(x13!)        x12=42747b52 x13=1c010afc x13:1c010af8  PA:1c010af8
15004350ns          247211 1c00822c 40c5f443 fmadd.s          f8, f11, f12, f8     f8=xxxxxxxx f11:4083ea05 f12:42747b52  f8:4658f6a8
15004370ns          247212 1c008224 0047258b p.lw             x11, 4(x14!)        x11=4262bc1e x14=1c0104c0 x14:1c0104bc  PA:1c0104bc
15004669ns          247227 1c008228 0046a60b p.lw             x12, 4(x13!)        x12=4240683b x13=1c010b00 x13:1c010afc  PA:1c010afc
15004987ns          247243 1c00822c 40c5f443 fmadd.s          f8, f11, f12, f8     f8=xxxxxxxx f11:4262bc1e f12:4240683b  f8:465ce67d
15005007ns          247244 1c008224 0047258b p.lw             x11, 4(x14!)        x11=3f2ba990 x14=1c0104c4 x14:1c0104c0  PA:1c0104c0
15005305ns          247259 1c008228 0046a60b p.lw             x12, 4(x13!)        x12=4285688b x13=1c010b04 x13:1c010b00  PA:1c010b00
15005623ns          247275 1c00822c 40c5f443 fmadd.s          f8, f11, f12, f8     f8=xxxxxxxx f11:3f2ba990 f12:4285688b  f8:4683c06b
15005643ns          247276 1c008224 0047258b p.lw             x11, 4(x14!)        x11=428f427a x14=1c0104c8 x14:1c0104c4  PA:1c0104c4
15005942ns          247291 1c008228 0046a60b p.lw             x12, 4(x13!)        x12=428a6f3f x13=1c010b08 x13:1c010b04  PA:1c010b04
15006260ns          247307 1c00822c 40c5f443 fmadd.s          f8, f11, f12, f8     f8=xxxxxxxx f11:428f427a f12:428a6f3f  f8:468419e0
15006280ns          247308 1c008224 0047258b p.lw             x11, 4(x14!)        x11=417750e0 x14=1c0104cc x14:1c0104c8  PA:1c0104c8
15006598ns          247324 1c008228 0046a60b p.lw             x12, 4(x13!)        x12=41d84d74 x13=1c010b0c x13:1c010b08  PA:1c010b08
15006916ns          247340 1c00822c 40c5f443 fmadd.s          f8, f11, f12, f8     f8=xxxxxxxx f11:417750e0 f12:41d84d74  f8:46aad5eb
15006936ns          247341 1c008224 0047258b p.lw             x11, 4(x14!)        x11=429fafe3 x14=1c0104d0 x14:1c0104cc  PA:1c0104cc
15007234ns          247356 1c008228 0046a60b p.lw             x12, 4(x13!)        x12=41c1e2f7 x13=1c010b10 x13:1c010b0c  PA:1c010b0c
15007553ns          247372 1c00822c 40c5f443 fmadd.s          f8, f11, f12, f8     f8=xxxxxxxx f11:429fafe3 f12:41c1e2f7  f8:46ae19c7
15007573ns          247373 1c008224 0047258b p.lw             x11, 4(x14!)        x11=42a9587d x14=1c0104d4 x14:1c0104d0  PA:1c0104d0
15007891ns          247389 1c008228 0046a60b p.lw             x12, 4(x13!)        x12=42439b95 x13=1c010b14 x13:1c010b10  PA:1c010b10
15008209ns          247405 1c00822c 40c5f443 fmadd.s          f8, f11, f12, f8     f8=xxxxxxxx f11:42a9587d f12:42439b95  f8:46bd37ed
15008229ns          247406 1c008224 0047258b p.lw             x11, 4(x14!)        x11=415cd39b x14=1c0104d8 x14:1c0104d4  PA:1c0104d4
15008527ns          247421 1c008228 0046a60b p.lw             x12, 4(x13!)        x12=4274c778 x13=1c010b18 x13:1c010b14  PA:1c010b14
15008846ns          247437 1c00822c 40c5f443 fmadd.s          f8, f11, f12, f8     f8=xxxxxxxx f11:415cd39b f12:4274c778  f8:46dd9142
15008866ns          247438 1c008224 0047258b p.lw             x11, 4(x14!)        x11=420fdbee x14=1c0104dc x14:1c0104d8  PA:1c0104d8
15009184ns          247454 1c008228 0046a60b p.lw             x12, 4(x13!)        x12=42a277e6 x13=1c010b1c x13:1c010b18  PA:1c010b18
15009502ns          247470 1c00822c 40c5f443 fmadd.s          f8, f11, f12, f8     f8=xxxxxxxx f11:420fdbee f12:42a277e6  f8:46e42a70
15009522ns          247471 1c008224 0047258b p.lw             x11, 4(x14!)        x11=420969ea x14=1c0104e0 x14:1c0104dc  PA:1c0104dc
15009820ns          247486 1c008228 0046a60b p.lw             x12, 4(x13!)        x12=429c4d14 x13=1c010b20 x13:1c010b1c  PA:1c010b1c
15010139ns          247502 1c00822c 40c5f443 fmadd.s          f8, f11, f12, f8     f8=xxxxxxxx f11:420969ea f12:429c4d14  f8:46fafd93
15010158ns          247503 1c008224 0047258b p.lw             x11, 4(x14!)        x11=42b67ef5 x14=1c0104e4 x14:1c0104e0  PA:1c0104e0
15010477ns          247519 1c008228 0046a60b p.lw             x12, 4(x13!)        x12=41a07ed5 x13=1c010b24 x13:1c010b20  PA:1c010b20
15010795ns          247535 1c00822c 40c5f443 fmadd.s          f8, f11, f12, f8     f8=xxxxxxxx f11:42b67ef5 f12:41a07ed5  f8:4707fb87
15010815ns          247536 1c008224 0047258b p.lw             x11, 4(x14!)        x11=42bb4d7a x14=1c0104e8 x14:1c0104e4  PA:1c0104e4
15011113ns          247551 1c008228 0046a60b p.lw             x12, 4(x13!)        x12=419ed298 x13=1c010b28 x13:1c010b24  PA:1c010b24
15011431ns          247567 1c00822c 40c5f443 fmadd.s          f8, f11, f12, f8     f8=xxxxxxxx f11:42bb4d7a f12:419ed298  f8:470f2223
15011451ns          247568 1c008224 0047258b p.lw             x11, 4(x14!)        x11=40c532e6 x14=1c0104ec x14:1c0104e8  PA:1c0104e8
15011750ns          247583 1c008228 0046a60b p.lw             x12, 4(x13!)        x12=421e17ed x13=1c010b2c x13:1c010b28  PA:1c010b28
15012068ns          247599 1c00822c 40c5f443 fmadd.s          f8, f11, f12, f8     f8=xxxxxxxx f11:40c532e6 f12:421e17ed  f8:47166561
15012088ns          247600 1c008224 0047258b p.lw             x11, 4(x14!)        x11=411c3454 x14=1c0104f0 x14:1c0104ec  PA:1c0104ec
15012386ns          247615 1c008228 0046a60b p.lw             x12, 4(x13!)        x12=42744447 x13=1c010b30 x13:1c010b2c  PA:1c010b2c
15012704ns          247631 1c00822c 40c5f443 fmadd.s          f8, f11, f12, f8     f8=xxxxxxxx f11:411c3454 f12:42744447  f8:471758f1
15012724ns          247632 1c008224 0047258b p.lw             x11, 4(x14!)        x11=41089954 x14=1c0104f4 x14:1c0104f0  PA:1c0104f0
15013023ns          247647 1c008228 0046a60b p.lw             x12, 4(x13!)        x12=422f4fbc x13=1c010b34 x13:1c010b30  PA:1c010b30
15013341ns          247663 1c00822c 40c5f443 fmadd.s          f8, f11, f12, f8     f8=xxxxxxxx f11:41089954 f12:422f4fbc  f8:4719ad1f
15013361ns          247664 1c008224 0047258b p.lw             x11, 4(x14!)        x11=4279a6d0 x14=1c0104f8 x14:1c0104f4  PA:1c0104f4
15013659ns          247679 1c008228 0046a60b p.lw             x12, 4(x13!)        x12=42bbcd67 x13=1c010b38 x13:1c010b34  PA:1c010b34
15013977ns          247695 1c00822c 40c5f443 fmadd.s          f8, f11, f12, f8     f8=xxxxxxxx f11:4279a6d0 f12:42bbcd67  f8:471b234c
15013997ns          247696 1c008224 0047258b p.lw             x11, 4(x14!)        x11=428f458c x14=1c0104fc x14:1c0104f8  PA:1c0104f8
15014296ns          247711 1c008228 0046a60b p.lw             x12, 4(x13!)        x12=4238fcc0 x13=1c010b3c x13:1c010b38  PA:1c010b38
15014614ns          247727 1c00822c 40c5f443 fmadd.s          f8, f11, f12, f8     f8=xxxxxxxx f11:428f458c f12:4238fcc0  f8:473207f1
15014634ns          247728 1c008224 0047258b p.lw             x11, 4(x14!)        x11=40adcc0d x14=1c010500 x14:1c0104fc  PA:1c0104fc
15014932ns          247743 1c008228 0046a60b p.lw             x12, 4(x13!)        x12=419849c0 x13=1c010b40 x13:1c010b3c  PA:1c010b3c
15015250ns          247759 1c00822c 40c5f443 fmadd.s          f8, f11, f12, f8     f8=xxxxxxxx f11:40adcc0d f12:419849c0  f8:473ef8df
15015270ns          247760 1c008224 0047258b p.lw             x11, 4(x14!)        x11=42bce1a3 x14=1c010504 x14:1c010500  PA:1c010500
15015569ns          247775 1c008228 0046a60b p.lw             x12, 4(x13!)        x12=408004db x13=1c010b44 x13:1c010b40  PA:1c010b40
15015907ns          247792 1c00822c 40c5f443 fmadd.s          f8, f11, f12, f8     f8=xxxxxxxx f11:42bce1a3 f12:408004db  f8:473f6042
15015927ns          247793 1c008224 0047258b p.lw             x11, 4(x14!)        x11=429e1de9 x14=1c010508 x14:1c010504  PA:1c010504
15016225ns          247808 1c008228 0046a60b p.lw             x12, 4(x13!)        x12=41e7062a x13=1c010b48 x13:1c010b44  PA:1c010b44
15016543ns          247824 1c00822c 40c5f443 fmadd.s          f8, f11, f12, f8     f8=xxxxxxxx f11:429e1de9 f12:41e7062a  f8:4740da14
15016563ns          247825 1c008224 0047258b p.lw             x11, 4(x14!)        x11=42821d59 x14=1c01050c x14:1c010508  PA:1c010508
15016862ns          247840 1c008228 0046a60b p.lw             x12, 4(x13!)        x12=428f7375 x13=1c010b4c x13:1c010b48  PA:1c010b48
15017200ns          247857 1c00822c 40c5f443 fmadd.s          f8, f11, f12, f8     f8=xxxxxxxx f11:42821d59 f12:428f7375  f8:4749c521
15017220ns          247858 1c008224 0047258b p.lw             x11, 4(x14!)        x11=41b2c951 x14=1c010510 x14:1c01050c  PA:1c01050c
15017518ns          247873 1c008228 0046a60b p.lw             x12, 4(x13!)        x12=4277ae21 x13=1c010b50 x13:1c010b4c  PA:1c010b4c
15017836ns          247889 1c00822c 40c5f443 fmadd.s          f8, f11, f12, f8     f8=xxxxxxxx f11:41b2c951 f12:4277ae21  f8:475bff66
15017856ns          247890 1c008224 0047258b p.lw             x11, 4(x14!)        x11=426a57d5 x14=1c010514 x14:1c010510  PA:1c010510
15018155ns          247905 1c008228 0046a60b p.lw             x12, 4(x13!)        x12=42b08404 x13=1c010b54 x13:1c010b50  PA:1c010b50
15018493ns          247922 1c00822c 40c5f443 fmadd.s          f8, f11, f12, f8     f8=xxxxxxxx f11:426a57d5 f12:42b08404  f8:47616735
15018513ns          247923 1c008224 0047258b p.lw             x11, 4(x14!)        x11=42a27952 x14=1c010518 x14:1c010514  PA:1c010514
15018811ns          247938 1c008228 0046a60b p.lw             x12, 4(x13!)        x12=42b2a06c x13=1c010b58 x13:1c010b54  PA:1c010b54
15019129ns          247954 1c00822c 40c5f443 fmadd.s          f8, f11, f12, f8     f8=xxxxxxxx f11:42a27952 f12:42b2a06c  f8:477599dc
15019149ns          247955 1c008224 0047258b p.lw             x11, 4(x14!)        x11=425c5e93 x14=1c01051c x14:1c010518  PA:1c010518
15019447ns          247970 1c008228 0046a60b p.lw             x12, 4(x13!)        x12=3f2b856c x13=1c010b5c x13:1c010b58  PA:1c010b58
15019766ns          247986 1c00822c 40c5f443 fmadd.s          f8, f11, f12, f8     f8=xxxxxxxx f11:425c5e93 f12:3f2b856c  f8:4788f8b3
15019786ns          247987 1c008224 0047258b p.lw             x11, 4(x14!)        x11=42a92b14 x14=1c010520 x14:1c01051c  PA:1c01051c
15020084ns          248002 1c008228 0046a60b p.lw             x12, 4(x13!)        x12=420dfcfd x13=1c010b60 x13:1c010b5c  PA:1c010b5c
15020402ns          248018 1c00822c 40c5f443 fmadd.s          f8, f11, f12, f8     f8=xxxxxxxx f11:42a92b14 f12:420dfcfd  f8:47890b28
15020422ns          248019 1c008224 0047258b p.lw             x11, 4(x14!)        x11=4228f470 x14=1c010524 x14:1c010520  PA:1c010520
15020720ns          248034 1c008228 0046a60b p.lw             x12, 4(x13!)        x12=3fd6a65e x13=1c010b64 x13:1c010b60  PA:1c010b60
15021039ns          248050 1c00822c 40c5f443 fmadd.s          f8, f11, f12, f8     f8=xxxxxxxx f11:4228f470 f12:3fd6a65e  f8:478ee866
15021059ns          248051 1c008224 0047258b p.lw             x11, 4(x14!)        x11=42b324c8 x14=1c010528 x14:1c010524  PA:1c010524
15021357ns          248066 1c008228 0046a60b p.lw             x12, 4(x13!)        x12=42ac853f x13=1c010b68 x13:1c010b64  PA:1c010b64
15021675ns          248082 1c00822c 40c5f443 fmadd.s          f8, f11, f12, f8     f8=xxxxxxxx f11:42b324c8 f12:42ac853f  f8:478f0bd1
15021695ns          248083 1c008224 0047258b p.lw             x11, 4(x14!)        x11=41320f10 x14=1c01052c x14:1c010528  PA:1c010528
15021993ns          248098 1c008228 0046a60b p.lw             x12, 4(x13!)        x12=40f4e32c x13=1c010b6c x13:1c010b68  PA:1c010b68
15022312ns          248114 1c00822c 40c5f443 fmadd.s          f8, f11, f12, f8     f8=xxxxxxxx f11:41320f10 f12:40f4e32c  f8:479e2310
15022332ns          248115 1c008224 0047258b p.lw             x11, 4(x14!)        x11=42030666 x14=1c010530 x14:1c01052c  PA:1c01052c
15022630ns          248130 1c008228 0046a60b p.lw             x12, 4(x13!)        x12=4259bf2d x13=1c010b70 x13:1c010b6c  PA:1c010b6c
15022948ns          248146 1c00822c 40c5f443 fmadd.s          f8, f11, f12, f8     f8=xxxxxxxx f11:42030666 f12:4259bf2d  f8:479e4da5
15022968ns          248147 1c008224 0047258b p.lw             x11, 4(x14!)        x11=4193ea4a x14=1c010534 x14:1c010530  PA:1c010530
15023266ns          248162 1c008228 0046a60b p.lw             x12, 4(x13!)        x12=40fcdd93 x13=1c010b74 x13:1c010b70  PA:1c010b70
15023585ns          248178 1c00822c 40c5f443 fmadd.s          f8, f11, f12, f8     f8=xxxxxxxx f11:4193ea4a f12:40fcdd93  f8:47a1c937
15023605ns          248179 1c008224 0047258b p.lw             x11, 4(x14!)        x11=423ba4c1 x14=1c010538 x14:1c010534  PA:1c010534
15023903ns          248194 1c008228 0046a60b p.lw             x12, 4(x13!)        x12=41a69228 x13=1c010b78 x13:1c010b74  PA:1c010b74
15024221ns          248210 1c00822c 40c5f443 fmadd.s          f8, f11, f12, f8     f8=xxxxxxxx f11:423ba4c1 f12:41a69228  f8:47a21244
15024241ns          248211 1c008224 0047258b p.lw             x11, 4(x14!)        x11=42ab5648 x14=1c01053c x14:1c010538  PA:1c010538
15024539ns          248226 1c008228 0046a60b p.lw             x12, 4(x13!)        x12=425cf0cf x13=1c010b7c x13:1c010b78  PA:1c010b78
15024858ns          248242 1c00822c 40c5f443 fmadd.s          f8, f11, f12, f8     f8=xxxxxxxx f11:42ab5648 f12:425cf0cf  f8:47a3faa4
15024878ns          248243 1c008224 0047258b p.lw             x11, 4(x14!)        x11=4292b658 x14=1c010540 x14:1c01053c  PA:1c01053c
15025196ns          248259 1c008228 0046a60b p.lw             x12, 4(x13!)        x12=42a6eba9 x13=1c010b80 x13:1c010b7c  PA:1c010b7c
15025514ns          248275 1c00822c 40c5f443 fmadd.s          f8, f11, f12, f8     f8=xxxxxxxx f11:4292b658 f12:42a6eba9  f8:47ad3899
15025534ns          248276 1c008224 0047258b p.lw             x11, 4(x14!)        x11=42758eab x14=1c010544 x14:1c010540  PA:1c010540
15025832ns          248291 1c008228 0046a60b p.lw             x12, 4(x13!)        x12=42b27d30 x13=1c010b84 x13:1c010b80  PA:1c010b80
15026151ns          248307 1c00822c 40c5f443 fmadd.s          f8, f11, f12, f8     f8=xxxxxxxx f11:42758eab f12:42b27d30  f8:47b92dc2
15026170ns          248308 1c008224 0047258b p.lw             x11, 4(x14!)        x11=4166f77d x14=1c010548 x14:1c010544  PA:1c010544
15026489ns          248324 1c008228 0046a60b p.lw             x12, 4(x13!)        x12=412dd2ed x13=1c010b88 x13:1c010b84  PA:1c010b84
15026807ns          248340 1c00822c 40c5f443 fmadd.s          f8, f11, f12, f8     f8=xxxxxxxx f11:4166f77d f12:412dd2ed  f8:47c3e116
15026827ns          248341 1c008224 0047258b p.lw             x11, 4(x14!)        x11=4246b75a x14=1c01054c x14:1c010548  PA:1c010548
15027125ns          248356 1c008228 0046a60b p.lw             x12, 4(x13!)        x12=428ec50e x13=1c010b8c x13:1c010b88  PA:1c010b88
15027443ns          248372 1c00822c 40c5f443 fmadd.s          f8, f11, f12, f8     f8=xxxxxxxx f11:4246b75a f12:428ec50e  f8:47c42f80
15027463ns          248373 1c008224 0047258b p.lw             x11, 4(x14!)        x11=3f5055f9 x14=1c010550 x14:1c01054c  PA:1c01054c
15027782ns          248389 1c008228 0046a60b p.lw             x12, 4(x13!)        x12=42c78fe0 x13=1c010b90 x13:1c010b8c  PA:1c010b8c
15028100ns          248405 1c00822c 40c5f443 fmadd.s          f8, f11, f12, f8     f8=xxxxxxxx f11:3f5055f9 f12:42c78fe0  f8:47cb1cab
15028120ns          248406 1c008224 0047258b p.lw             x11, 4(x14!)        x11=4298274e x14=1c010554 x14:1c010550  PA:1c010550
15028418ns          248421 1c008228 0046a60b p.lw             x12, 4(x13!)        x12=4287c4f6 x13=1c010b94 x13:1c010b90  PA:1c010b90
15028736ns          248437 1c00822c 40c5f443 fmadd.s          f8, f11, f12, f8     f8=xxxxxxxx f11:4298274e f12:4287c4f6  f8:47cb4545
15028756ns          248438 1c008224 0047258b p.lw             x11, 4(x14!)        x11=42c70465 x14=1c010558 x14:1c010554  PA:1c010554
15029055ns          248453 1c008228 0046a60b p.lw             x12, 4(x13!)        x12=424b22c3 x13=1c010b98 x13:1c010b94  PA:1c010b94
15029373ns          248469 1c00822c 40c5f443 fmadd.s          f8, f11, f12, f8     f8=xxxxxxxx f11:42c70465 f12:424b22c3  f8:47d55b7e
15029393ns          248470 1c008224 0047258b p.lw             x11, 4(x14!)        x11=4297391e x14=1c01055c x14:1c010558  PA:1c010558
15029691ns          248485 1c008228 0046a60b p.lw             x12, 4(x13!)        x12=422f68ab x13=1c010b9c x13:1c010b98  PA:1c010b98
15030009ns          248501 1c00822c 40c5f443 fmadd.s          f8, f11, f12, f8     f8=xxxxxxxx f11:4297391e f12:422f68ab  f8:47df3a36
15030029ns          248502 1c008224 0047258b p.lw             x11, 4(x14!)        x11=425a7009 x14=1c010560 x14:1c01055c  PA:1c01055c
15030328ns          248517 1c008228 0046a60b p.lw             x12, 4(x13!)        x12=42b0f3bf x13=1c010ba0 x13:1c010b9c  PA:1c010b9c
15030646ns          248533 1c00822c 40c5f443 fmadd.s          f8, f11, f12, f8     f8=xxxxxxxx f11:425a7009 f12:42b0f3bf  f8:47e5b414
15030666ns          248534 1c008224 0047258b p.lw             x11, 4(x14!)        x11=42a9fbbe x14=1c010564 x14:1c010560  PA:1c010560
15030964ns          248549 1c008228 0046a60b p.lw             x12, 4(x13!)        x12=42339763 x13=1c010ba4 x13:1c010ba0  PA:1c010ba0
15031282ns          248565 1c00822c 40c5f443 fmadd.s          f8, f11, f12, f8     f8=xxxxxxxx f11:42a9fbbe f12:42339763  f8:47ef23e4
15031302ns          248566 1c008224 0047258b p.lw             x11, 4(x14!)        x11=4223506a x14=1c010568 x14:1c010564  PA:1c010564
15031601ns          248581 1c008228 0046a60b p.lw             x12, 4(x13!)        x12=4217a764 x13=1c010ba8 x13:1c010ba4  PA:1c010ba4
15031919ns          248597 1c00822c 40c5f443 fmadd.s          f8, f11, f12, f8     f8=xxxxxxxx f11:4223506a f12:4217a764  f8:47f697dd
15031939ns          248598 1c008224 0047258b p.lw             x11, 4(x14!)        x11=42045b7c x14=1c01056c x14:1c010568  PA:1c010568
15032237ns          248613 1c008228 0046a60b p.lw             x12, 4(x13!)        x12=42c1964c x13=1c010bac x13:1c010ba8  PA:1c010ba8
15032555ns          248629 1c00822c 40c5f443 fmadd.s          f8, f11, f12, f8     f8=xxxxxxxx f11:42045b7c f12:42c1964c  f8:47f99dd7
15032575ns          248630 1c008224 0047258b p.lw             x11, 4(x14!)        x11=429e573f x14=1c010570 x14:1c01056c  PA:1c01056c
15032874ns          248645 1c008228 0046a60b p.lw             x12, 4(x13!)        x12=40cd0eb0 x13=1c010bb0 x13:1c010bac  PA:1c010bac
15033212ns          248662 1c00822c 40c5f443 fmadd.s          f8, f11, f12, f8     f8=xxxxxxxx f11:429e573f f12:40cd0eb0  f8:47ffdf42
15033232ns          248663 1c008224 0047258b p.lw             x11, 4(x14!)        x11=424617e1 x14=1c010574 x14:1c010570  PA:1c010570
15033530ns          248678 1c008228 0046a60b p.lw             x12, 4(x13!)        x12=420fb5c5 x13=1c010bb4 x13:1c010bb0  PA:1c010bb0
15033848ns          248694 1c00822c 40c5f443 fmadd.s          f8, f11, f12, f8     f8=xxxxxxxx f11:424617e1 f12:420fb5c5  f8:48006e76
15033868ns          248695 1c008224 0047258b p.lw             x11, 4(x14!)        x11=414fceac x14=1c010578 x14:1c010574  PA:1c010574
15034167ns          248710 1c008228 0046a60b p.lw             x12, 4(x13!)        x12=4111cca8 x13=1c010bb8 x13:1c010bb4  PA:1c010bb4
15034505ns          248727 1c00822c 40c5f443 fmadd.s          f8, f11, f12, f8     f8=xxxxxxxx f11:414fceac f12:4111cca8  f8:48022b46
15034525ns          248728 1c008224 0047258b p.lw             x11, 4(x14!)        x11=42a1243e x14=1c01057c x14:1c010578  PA:1c010578
15034823ns          248743 1c008228 0046a60b p.lw             x12, 4(x13!)        x12=4220a5bb x13=1c010bbc x13:1c010bb8  PA:1c010bb8
15035141ns          248759 1c00822c 40c5f443 fmadd.s          f8, f11, f12, f8     f8=xxxxxxxx f11:42a1243e f12:4220a5bb  f8:480248dd
15035161ns          248760 1c008224 0047258b p.lw             x11, 4(x14!)        x11=42b01da1 x14=1c010580 x14:1c01057c  PA:1c01057c
15035459ns          248775 1c008228 0046a60b p.lw             x12, 4(x13!)        x12=42043de3 x13=1c010bc0 x13:1c010bbc  PA:1c010bbc
15035798ns          248792 1c00822c 40c5f443 fmadd.s          f8, f11, f12, f8     f8=xxxxxxxx f11:42b01da1 f12:42043de3  f8:480571d5
15035817ns          248793 1c008224 0047258b p.lw             x11, 4(x14!)        x11=4271f89f x14=1c010584 x14:1c010580  PA:1c010580
15036116ns          248808 1c008228 0046a60b p.lw             x12, 4(x13!)        x12=3fbda5b7 x13=1c010bc4 x13:1c010bc0  PA:1c010bc0
15036434ns          248824 1c00822c 40c5f443 fmadd.s          f8, f11, f12, f8     f8=xxxxxxxx f11:4271f89f f12:3fbda5b7  f8:480849a4
15036454ns          248825 1c008224 0047258b p.lw             x11, 4(x14!)        x11=422240da x14=1c010588 x14:1c010584  PA:1c010584
15036752ns          248840 1c008228 0046a60b p.lw             x12, 4(x13!)        x12=4106b31a x13=1c010bc8 x13:1c010bc4  PA:1c010bc4
15037071ns          248856 1c00822c 40c5f443 fmadd.s          f8, f11, f12, f8     f8=xxxxxxxx f11:422240da f12:4106b31a  f8:4808600c
15037091ns          248857 1c008224 0047258b p.lw             x11, 4(x14!)        x11=41b8e381 x14=1c01058c x14:1c010588  PA:1c010588
15037389ns          248872 1c008228 0046a60b p.lw             x12, 4(x13!)        x12=420e89bf x13=1c010bcc x13:1c010bc8  PA:1c010bc8
15037707ns          248888 1c00822c 40c5f443 fmadd.s          f8, f11, f12, f8     f8=xxxxxxxx f11:41b8e381 f12:420e89bf  f8:4808b56b
15037727ns          248889 1c008224 0047258b p.lw             x11, 4(x14!)        x11=420ec95b x14=1c010590 x14:1c01058c  PA:1c01058c
15038025ns          248904 1c008228 0046a60b p.lw             x12, 4(x13!)        x12=42b761e2 x13=1c010bd0 x13:1c010bcc  PA:1c010bcc
15038344ns          248920 1c00822c 40c5f443 fmadd.s          f8, f11, f12, f8     f8=xxxxxxxx f11:420ec95b f12:42b761e2  f8:4809834e
15038364ns          248921 1c008224 0047258b p.lw             x11, 4(x14!)        x11=42b97fbd x14=1c010594 x14:1c010590  PA:1c010590
15038662ns          248936 1c008228 0046a60b p.lw             x12, 4(x13!)        x12=41d3c958 x13=1c010bd4 x13:1c010bd0  PA:1c010bd0
15038980ns          248952 1c00822c 40c5f443 fmadd.s          f8, f11, f12, f8     f8=xxxxxxxx f11:42b97fbd f12:41d3c958  f8:480cb592
15039000ns          248953 1c008224 0047258b p.lw             x11, 4(x14!)        x11=42825b8c x14=1c010598 x14:1c010594  PA:1c010594
15039298ns          248968 1c008228 0046a60b p.lw             x12, 4(x13!)        x12=42ae960d x13=1c010bd8 x13:1c010bd4  PA:1c010bd4
15039617ns          248984 1c00822c 40c5f443 fmadd.s          f8, f11, f12, f8     f8=xxxxxxxx f11:42825b8c f12:42ae960d  f8:480f1b6b
15039637ns          248985 1c008224 0047258b p.lw             x11, 4(x14!)        x11=4202cde1 x14=1c01059c x14:1c010598  PA:1c010598
15039935ns          249000 1c008228 0046a60b p.lw             x12, 4(x13!)        x12=41f4ce9e x13=1c010bdc x13:1c010bd8  PA:1c010bd8
15040253ns          249016 1c00822c 40c5f443 fmadd.s          f8, f11, f12, f8     f8=xxxxxxxx f11:4202cde1 f12:41f4ce9e  f8:4814a9d5
15040273ns          249017 1c008224 0047258b p.lw             x11, 4(x14!)        x11=42a9d05d x14=1c0105a0 x14:1c01059c  PA:1c01059c
15040571ns          249032 1c008228 0046a60b p.lw             x12, 4(x13!)        x12=40c2adc0 x13=1c010be0 x13:1c010bdc  PA:1c010bdc
15040890ns          249048 1c00822c 40c5f443 fmadd.s          f8, f11, f12, f8     f8=xxxxxxxx f11:42a9d05d f12:40c2adc0  f8:4815a401
15040910ns          249049 1c008224 0047258b p.lw             x11, 4(x14!)        x11=41ac86a6 x14=1c0105a4 x14:1c0105a0  PA:1c0105a0
15041208ns          249064 1c008228 0046a60b p.lw             x12, 4(x13!)        x12=42bb3f2d x13=1c010be4 x13:1c010be0  PA:1c010be0
15041526ns          249080 1c00822c 40c5f443 fmadd.s          f8, f11, f12, f8     f8=xxxxxxxx f11:41ac86a6 f12:42bb3f2d  f8:48162524
15041546ns          249081 1c008224 0047258b p.lw             x11, 4(x14!)        x11=41b44025 x14=1c0105a8 x14:1c0105a4  PA:1c0105a4
15041844ns          249096 1c008228 0046a60b p.lw             x12, 4(x13!)        x12=42b382c5 x13=1c010be8 x13:1c010be4  PA:1c010be4
15042163ns          249112 1c00822c 40c5f443 fmadd.s          f8, f11, f12, f8     f8=xxxxxxxx f11:41b44025 f12:42b382c5  f8:48181de8
15042183ns          249113 1c008224 0047258b p.lw             x11, 4(x14!)        x11=420fdf1f x14=1c0105ac x14:1c0105a8  PA:1c0105a8
15042501ns          249129 1c008228 0046a60b p.lw             x12, 4(x13!)        x12=429d580a x13=1c010bec x13:1c010be8  PA:1c010be8
15042819ns          249145 1c00822c 40c5f443 fmadd.s          f8, f11, f12, f8     f8=xxxxxxxx f11:420fdf1f f12:429d580a  f8:481a177c
15042839ns          249146 1c008224 0047258b p.lw             x11, 4(x14!)        x11=41d9d159 x14=1c0105b0 x14:1c0105ac  PA:1c0105ac
15043137ns          249161 1c008228 0046a60b p.lw             x12, 4(x13!)        x12=423c1020 x13=1c010bf0 x13:1c010bec  PA:1c010bec
15043456ns          249177 1c00822c 40c5f443 fmadd.s          f8, f11, f12, f8     f8=xxxxxxxx f11:41d9d159 f12:423c1020  f8:481cdae7
15043475ns          249178 1c008224 0047258b p.lw             x11, 4(x14!)        x11=41d6a47c x14=1c0105b4 x14:1c0105b0  PA:1c0105b0
15043794ns          249194 1c008228 0046a60b p.lw             x12, 4(x13!)        x12=422c8387 x13=1c010bf4 x13:1c010bf0  PA:1c010bf0
15044112ns          249210 1c00822c 40c5f443 fmadd.s          f8, f11, f12, f8     f8=xxxxxxxx f11:41d6a47c f12:422c8387  f8:481e1aee
15044132ns          249211 1c008224 0047258b p.lw             x11, 4(x14!)        x11=412ef525 x14=1c0105b8 x14:1c0105b4  PA:1c0105b4
15044430ns          249226 1c008228 0046a60b p.lw             x12, 4(x13!)        x12=428c76e0 x13=1c010bf8 x13:1c010bf4  PA:1c010bf4
15044748ns          249242 1c00822c 40c5f443 fmadd.s          f8, f11, f12, f8     f8=xxxxxxxx f11:412ef525 f12:428c76e0  f8:481f3c38
15044768ns          249243 1c008224 0047258b p.lw             x11, 4(x14!)        x11=4288276b x14=1c0105bc x14:1c0105b8  PA:1c0105b8
15045087ns          249259 1c008228 0046a60b p.lw             x12, 4(x13!)        x12=42c55d1e x13=1c010bfc x13:1c010bf8  PA:1c010bf8
15045405ns          249275 1c00822c 40c5f443 fmadd.s          f8, f11, f12, f8     f8=xxxxxxxx f11:4288276b f12:42c55d1e  f8:481ffc37
15045425ns          249276 1c008224 0047258b p.lw             x11, 4(x14!)        x11=418e55fb x14=1c0105c0 x14:1c0105bc  PA:1c0105bc
15045723ns          249291 1c008228 0046a60b p.lw             x12, 4(x13!)        x12=42b8328f x13=1c010c00 x13:1c010bfc  PA:1c010bfc
15046041ns          249307 1c00822c 40c5f443 fmadd.s          f8, f11, f12, f8     f8=xxxxxxxx f11:418e55fb f12:42b8328f  f8:48268bb5
15046061ns          249308 1c008224 0047258b p.lw             x11, 4(x14!)        x11=4260e8cc x14=1c0105c4 x14:1c0105c0  PA:1c0105c0
15046360ns          249323 1c008228 0046a60b p.lw             x12, 4(x13!)        x12=41a577fe x13=1c010c04 x13:1c010c00  PA:1c010c00
15046678ns          249339 1c00822c 40c5f443 fmadd.s          f8, f11, f12, f8     f8=xxxxxxxx f11:4260e8cc f12:41a577fe  f8:4828255d
15046698ns          249340 1c008224 0047258b p.lw             x11, 4(x14!)        x11=426c5766 x14=1c0105c8 x14:1c0105c4  PA:1c0105c4
15046996ns          249355 1c008228 0046a60b p.lw             x12, 4(x13!)        x12=41a2aaff x13=1c010c08 x13:1c010c04  PA:1c010c04
15047314ns          249371 1c00822c 40c5f443 fmadd.s          f8, f11, f12, f8     f8=xxxxxxxx f11:426c5766 f12:41a2aaff  f8:4829481c
15047334ns          249372 1c008224 0047258b p.lw             x11, 4(x14!)        x11=429d459f x14=1c0105cc x14:1c0105c8  PA:1c0105c8
15047633ns          249387 1c008228 0046a60b p.lw             x12, 4(x13!)        x12=4105ef81 x13=1c010c0c x13:1c010c08  PA:1c010c08
15047951ns          249403 1c00822c 40c5f443 fmadd.s          f8, f11, f12, f8     f8=xxxxxxxx f11:429d459f f12:4105ef81  f8:482a7476
15047971ns          249404 1c008224 0047258b p.lw             x11, 4(x14!)        x11=428283ae x14=1c0105d0 x14:1c0105cc  PA:1c0105cc
15048269ns          249419 1c008228 0046a60b p.lw             x12, 4(x13!)        x12=4110695a x13=1c010c10 x13:1c010c0c  PA:1c010c0c
15048587ns          249435 1c00822c 40c5f443 fmadd.s          f8, f11, f12, f8     f8=xxxxxxxx f11:428283ae f12:4110695a  f8:482b1907
15048607ns          249436 1c008224 0047258b p.lw             x11, 4(x14!)        x11=4254968e x14=1c0105d4 x14:1c0105d0  PA:1c0105d0
15048906ns          249451 1c008228 0046a60b p.lw             x12, 4(x13!)        x12=421605f0 x13=1c010c14 x13:1c010c10  PA:1c010c10
15049224ns          249467 1c00822c 40c5f443 fmadd.s          f8, f11, f12, f8     f8=xxxxxxxx f11:4254968e f12:421605f0  f8:482bac47
15049244ns          249468 1c008224 0047258b p.lw             x11, 4(x14!)        x11=41498328 x14=1c0105d8 x14:1c0105d4  PA:1c0105d4
15049542ns          249483 1c008228 0046a60b p.lw             x12, 4(x13!)        x12=41968e6e x13=1c010c18 x13:1c010c14  PA:1c010c14
15049860ns          249499 1c00822c 40c5f443 fmadd.s          f8, f11, f12, f8     f8=xxxxxxxx f11:41498328 f12:41968e6e  f8:482d9e9c
15049880ns          249500 1c008224 0047258b p.lw             x11, 4(x14!)        x11=42a65dae x14=1c0105dc x14:1c0105d8  PA:1c0105d8
15050179ns          249515 1c008228 0046a60b p.lw             x12, 4(x13!)        x12=420af14b x13=1c010c1c x13:1c010c18  PA:1c010c18
15050517ns          249532 1c00822c 40c5f443 fmadd.s          f8, f11, f12, f8     f8=xxxxxxxx f11:42a65dae f12:420af14b  f8:482dd9dd
15050537ns          249533 1c008224 0047258b p.lw             x11, 4(x14!)        x11=4220ae7b x14=1c0105e0 x14:1c0105dc  PA:1c0105dc
15050835ns          249548 1c008228 0046a60b p.lw             x12, 4(x13!)        x12=427757df x13=1c010c20 x13:1c010c1c  PA:1c010c1c
15051153ns          249564 1c00822c 40c5f443 fmadd.s          f8, f11, f12, f8     f8=xxxxxxxx f11:4220ae7b f12:427757df  f8:4830ac37
15051173ns          249565 1c008224 0047258b p.lw             x11, 4(x14!)        x11=40f04ef4 x14=1c0105e4 x14:1c0105e0  PA:1c0105e0
15051472ns          249580 1c008228 0046a60b p.lw             x12, 4(x13!)        x12=42b7dad0 x13=1c010c24 x13:1c010c20  PA:1c010c20
15051810ns          249597 1c00822c 40c5f443 fmadd.s          f8, f11, f12, f8     f8=xxxxxxxx f11:40f04ef4 f12:42b7dad0  f8:48331935
15051830ns          249598 1c008224 0047258b p.lw             x11, 4(x14!)        x11=40318b60 x14=1c0105e8 x14:1c0105e4  PA:1c0105e4
15052128ns          249613 1c008228 0046a60b p.lw             x12, 4(x13!)        x12=41c06313 x13=1c010c28 x13:1c010c24  PA:1c010c24
15052446ns          249629 1c00822c 40c5f443 fmadd.s          f8, f11, f12, f8     f8=xxxxxxxx f11:40318b60 f12:41c06313  f8:4833c5cb
15052466ns          249630 1c008224 0047258b p.lw             x11, 4(x14!)        x11=4265ccc8 x14=1c0105ec x14:1c0105e8  PA:1c0105e8
15052764ns          249645 1c008228 0046a60b p.lw             x12, 4(x13!)        x12=42807851 x13=1c010c2c x13:1c010c28  PA:1c010c28
15053103ns          249662 1c00822c 40c5f443 fmadd.s          f8, f11, f12, f8     f8=xxxxxxxx f11:4265ccc8 f12:42807851  f8:4833d679
15053122ns          249663 1c008224 0047258b p.lw             x11, 4(x14!)        x11=426dbf58 x14=1c0105f0 x14:1c0105ec  PA:1c0105ec
15053421ns          249678 1c008228 0046a60b p.lw             x12, 4(x13!)        x12=4289e6b6 x13=1c010c30 x13:1c010c2c  PA:1c010c2c
15053739ns          249694 1c00822c 40c5f443 fmadd.s          f8, f11, f12, f8     f8=xxxxxxxx f11:426dbf58 f12:4289e6b6  f8:4837710c
15053759ns          249695 1c008224 0047258b p.lw             x11, 4(x14!)        x11=42bb145e x14=1c0105f4 x14:1c0105f0  PA:1c0105f0
15054057ns          249710 1c008228 0046a60b p.lw             x12, 4(x13!)        x12=429c682f x13=1c010c34 x13:1c010c30  PA:1c010c30
15054376ns          249726 1c00822c 40c5f443 fmadd.s          f8, f11, f12, f8     f8=xxxxxxxx f11:42bb145e f12:429c682f  f8:483b7199
15054395ns          249727 1c008224 0047258b p.lw             x11, 4(x14!)        x11=41d0a126 x14=1c0105f8 x14:1c0105f4  PA:1c0105f4
15054694ns          249742 1c008228 0046a60b p.lw             x12, 4(x13!)        x12=4285309b x13=1c010c38 x13:1c010c34  PA:1c010c34
15055012ns          249758 1c00822c 40c5f443 fmadd.s          f8, f11, f12, f8     f8=xxxxxxxx f11:41d0a126 f12:4285309b  f8:48429662
15055032ns          249759 1c008224 0047258b p.lw             x11, 4(x14!)        x11=42bb4432 x14=1c0105fc x14:1c0105f8  PA:1c0105f8
15055330ns          249774 1c008228 0046a60b p.lw             x12, 4(x13!)        x12=4163ffd3 x13=1c010c3c x13:1c010c38  PA:1c010c38
15055649ns          249790 1c00822c 40c5f443 fmadd.s          f8, f11, f12, f8     f8=xxxxxxxx f11:42bb4432 f12:4163ffd3  f8:4844488f
15055668ns          249791 1c008224 0047258b p.lw             x11, 4(x14!)        x11=412a296f x14=1c010600 x14:1c0105fc  PA:1c0105fc
15055967ns          249806 1c008228 0046a60b p.lw             x12, 4(x13!)        x12=41448a29 x13=1c010c40 x13:1c010c3c  PA:1c010c3c
15056285ns          249822 1c00822c 40c5f443 fmadd.s          f8, f11, f12, f8     f8=xxxxxxxx f11:412a296f f12:41448a29  f8:48459620
15056305ns          249823 1c008224 0047258b p.lw             x11, 4(x14!)        x11=41a10453 x14=1c010604 x14:1c010600  PA:1c010600
15056603ns          249838 1c008228 0046a60b p.lw             x12, 4(x13!)        x12=417d8a1b x13=1c010c44 x13:1c010c40  PA:1c010c40
15056922ns          249854 1c00822c 40c5f443 fmadd.s          f8, f11, f12, f8     f8=xxxxxxxx f11:41a10453 f12:417d8a1b  f8:4845b6c9
15056941ns          249855 1c008224 0047258b p.lw             x11, 4(x14!)        x11=427f4bcf x14=1c010608 x14:1c010604  PA:1c010604
15057240ns          249870 1c008228 0046a60b p.lw             x12, 4(x13!)        x12=420f5034 x13=1c010c48 x13:1c010c44  PA:1c010c44
15057558ns          249886 1c00822c 40c5f443 fmadd.s          f8, f11, f12, f8     f8=xxxxxxxx f11:427f4bcf f12:420f5034  f8:48460685
15057578ns          249887 1c008224 0047258b p.lw             x11, 4(x14!)        x11=416d9c3f x14=1c01060c x14:1c010608  PA:1c010608
15057876ns          249902 1c008228 0046a60b p.lw             x12, 4(x13!)        x12=41ffa135 x13=1c010c4c x13:1c010c48  PA:1c010c48
15058195ns          249918 1c00822c 40c5f443 fmadd.s          f8, f11, f12, f8     f8=xxxxxxxx f11:416d9c3f f12:41ffa135  f8:48484232
15058214ns          249919 1c008224 0047258b p.lw             x11, 4(x14!)        x11=42a26dab x14=1c010610 x14:1c01060c  PA:1c01060c
15058533ns          249935 1c008228 0046a60b p.lw             x12, 4(x13!)        x12=42b7adb6 x13=1c010c50 x13:1c010c4c  PA:1c010c4c
15058851ns          249951 1c00822c 40c5f443 fmadd.s          f8, f11, f12, f8     f8=xxxxxxxx f11:42a26dab f12:42b7adb6  f8:4848b8d4
15058871ns          249952 1c008224 0047258b p.lw             x11, 4(x14!)        x11=4287338c x14=1c010614 x14:1c010610  PA:1c010610
15059169ns          249967 1c008228 0046a60b p.lw             x12, 4(x13!)        x12=42a6f5fd x13=1c010c54 x13:1c010c50  PA:1c010c50
15059487ns          249983 1c00822c 40c5f443 fmadd.s          f8, f11, f12, f8     f8=xxxxxxxx f11:4287338c f12:42a6f5fd  f8:4850017e
15059507ns          249984 1c008224 0047258b p.lw             x11, 4(x14!)        x11=42bc514b x14=1c010618 x14:1c010614  PA:1c010614
15059826ns          250000 1c008228 0046a60b p.lw             x12, 4(x13!)        x12=42c468c4 x13=1c010c58 x13:1c010c54  PA:1c010c54
15060144ns          250016 1c00822c 40c5f443 fmadd.s          f8, f11, f12, f8     f8=xxxxxxxx f11:42bc514b f12:42c468c4  f8:48558453
15060164ns          250017 1c008224 0047258b p.lw             x11, 4(x14!)        x11=428d9ae2 x14=1c01061c x14:1c010618  PA:1c010618
15060462ns          250032 1c008228 0046a60b p.lw             x12, 4(x13!)        x12=429a9a94 x13=1c010c5c x13:1c010c58  PA:1c010c58
15060780ns          250048 1c00822c 40c5f443 fmadd.s          f8, f11, f12, f8     f8=xxxxxxxx f11:428d9ae2 f12:429a9a94  f8:485e8c08
15060800ns          250049 1c008224 0047258b p.lw             x11, 4(x14!)        x11=409c90b7 x14=1c010620 x14:1c01061c  PA:1c01061c
15061119ns          250065 1c008228 0046a60b p.lw             x12, 4(x13!)        x12=42864995 x13=1c010c60 x13:1c010c5c  PA:1c010c5c
15061437ns          250081 1c00822c 40c5f443 fmadd.s          f8, f11, f12, f8     f8=xxxxxxxx f11:409c90b7 f12:42864995  f8:4863e453
15061457ns          250082 1c008224 0047258b p.lw             x11, 4(x14!)        x11=42b03b81 x14=1c010624 x14:1c010620  PA:1c010620
15061755ns          250097 1c008228 0046a60b p.lw             x12, 4(x13!)        x12=40a91a61 x13=1c010c64 x13:1c010c60  PA:1c010c60
15062073ns          250113 1c00822c 40c5f443 fmadd.s          f8, f11, f12, f8     f8=xxxxxxxx f11:42b03b81 f12:40a91a61  f8:48643674
15062093ns          250114 1c008224 0047258b p.lw             x11, 4(x14!)        x11=42b5f875 x14=1c010628 x14:1c010624  PA:1c010624
15062411ns          250130 1c008228 0046a60b p.lw             x12, 4(x13!)        x12=423f1fde x13=1c010c68 x13:1c010c64  PA:1c010c64
15062730ns          250146 1c00822c 40c5f443 fmadd.s          f8, f11, f12, f8     f8=xxxxxxxx f11:42b5f875 f12:423f1fde  f8:4864aadd
15062750ns          250147 1c008224 0047258b p.lw             x11, 4(x14!)        x11=414994f4 x14=1c01062c x14:1c010628  PA:1c010628
15063048ns          250162 1c008228 0046a60b p.lw             x12, 4(x13!)        x12=42459afa x13=1c010c6c x13:1c010c68  PA:1c010c68
15063366ns          250178 1c00822c 40c5f443 fmadd.s          f8, f11, f12, f8     f8=xxxxxxxx f11:414994f4 f12:42459afa  f8:4868e9b5
15063386ns          250179 1c008224 0047258b p.lw             x11, 4(x14!)        x11=427fd46c x14=1c010630 x14:1c01062c  PA:1c01062c
15063684ns          250194 1c008228 0046a60b p.lw             x12, 4(x13!)        x12=414d6d17 x13=1c010c70 x13:1c010c6c  PA:1c010c6c
15064003ns          250210 1c00822c 40c5f443 fmadd.s          f8, f11, f12, f8     f8=xxxxxxxx f11:427fd46c f12:414d6d17  f8:4869854f
15064023ns          250211 1c008224 0047258b p.lw             x11, 4(x14!)        x11=42520528 x14=1c010634 x14:1c010630  PA:1c010630
15064321ns          250226 1c008228 0046a60b p.lw             x12, 4(x13!)        x12=424a35bf x13=1c010c74 x13:1c010c70  PA:1c010c70
15064639ns          250242 1c00822c 40c5f443 fmadd.s          f8, f11, f12, f8     f8=xxxxxxxx f11:42520528 f12:424a35bf  f8:486a5299
15064659ns          250243 1c008224 0047258b p.lw             x11, 4(x14!)        x11=429eb709 x14=1c010638 x14:1c010634  PA:1c010634
15064957ns          250258 1c008228 0046a60b p.lw             x12, 4(x13!)        x12=42bcd30f x13=1c010c78 x13:1c010c74  PA:1c010c74
15065276ns          250274 1c00822c 40c5f443 fmadd.s          f8, f11, f12, f8     f8=xxxxxxxx f11:429eb709 f12:42bcd30f  f8:486cea2a
15065296ns          250275 1c008224 0047258b p.lw             x11, 4(x14!)        x11=4273cffc x14=1c01063c x14:1c010638  PA:1c010638
15065594ns          250290 1c008228 0046a60b p.lw             x12, 4(x13!)        x12=41ad7e5a x13=1c010c7c x13:1c010c78  PA:1c010c78
15065912ns          250306 1c00822c 40c5f443 fmadd.s          f8, f11, f12, f8     f8=xxxxxxxx f11:4273cffc f12:41ad7e5a  f8:48743b3e
15065932ns          250307 1c008224 0047258b p.lw             x11, 4(x14!)        x11=41dfe4d2 x14=1c010640 x14:1c01063c  PA:1c01063c
15066230ns          250322 1c008228 0046a60b p.lw             x12, 4(x13!)        x12=424a3677 x13=1c010c80 x13:1c010c7c  PA:1c010c7c
15066549ns          250338 1c00822c 40c5f443 fmadd.s          f8, f11, f12, f8     f8=xxxxxxxx f11:41dfe4d2 f12:424a3677  f8:487585b6
15066569ns          250339 1c008230 00812623 sw               x8, 12(x2)           x8:4876e76a  x2:10001fc8  PA:10001fd4
15066588ns          250340 1c008232 279010ef jal              x1, 6776             x1=1c008236
15066708ns          250346 1c009caa f14027f3 csrrs            x15, x0, 0xf14      x15=00000003
15066728ns          250347 1c009cae 01f00713 addi             x14, x0, 31         x14=0000001f
15066768ns          250349 1c009cb0 ca5797b3 p.extractu       x15, x15, 5, 5      x15=00000000 x15:00000003
15066807ns          250351 1c009cb4 00e78863 beq              x15, x14, 16        x15:00000000 x14:0000001f
15066827ns          250352 1c009cb8 002047b7 lui              x15, 0x204000       x15=00204000
15066847ns          250353 1c009cbc 20078793 addi             x15, x15, 512       x15=00204200 x15:00204000
15066867ns          250354 1c009cc0 01c7e703 p.elw            x14, 28(x15)        x14=00010000 x15:00204200  PA:0020421c
15067543ns          250388 1c009cc4 00008067 jalr             x0, x1, 0            x1:1c008236
15067603ns          250391 1c008236 f14027f3 csrrs            x15, x0, 0xf14      x15=00000003
15067623ns          250392 1c00823a f457b7b3 p.bclr           x15, x15, 26, 5     x15=00000003 x15:00000003
15067643ns          250393 1c00823e 0a078c63 beq              x15, x0, 184        x15:00000003
15068160ns          250419 1c008240 1c0117b7 lui              x15, 0x1c011000     x15=1c011000
15068200ns          250421 1c008244 00078793 addi             x15, x15, 0         x15=1c011000 x15:1c011000
15068220ns          250422 1c008248 00349713 slli             x14, x9, 0x3        x14=00000018  x9:00000003
15068239ns          250423 1c00824c 00f70733 add              x14, x14, x15       x14=1c011018 x14:00000018 x15:1c011000
15068776ns          250450 1c00824e c8072903 lw               x18, -896(x14)      x18=4876e80a x14:1c011018  PA:1c010c98
15069194ns          250471 1c008252 00349493 slli             x9, x9, 0x3          x9=00000018  x9:00000003
15069214ns          250472 1c008254 a1240753 fle.s            x14, f8, f18        x14=00000001  f8:4876e76a f18:4876e80a
15069234ns          250473 1c008258 00f484b3 add              x9, x9, x15          x9=1c011018  x9:00000018 x15:1c011000
15069254ns          250474 1c00825a c844a983 lw               x19, -892(x9)       x19=4876e6c6  x9:1c011018  PA:1c010c9c
15069691ns          250496 1c00825e 04071e63 bne              x14, x0, 92         x14:00000001
15070209ns          250522 1c0082ba a08987d3 fle.s            x15, f19, f8        x15=00000001 f19:4876e6c6  f8:4876e76a
15070228ns          250523 1c0082be fa0781e3 beq              x15, x0, -94        x15:00000001
15070686ns          250546 1c0082c0 1c000537 lui              x10, 0x1c000000     x10=1c000000
15070726ns          250548 1c0082c4 f14025f3 csrrs            x11, x0, 0xf14      x11=00000003
15070746ns          250549 1c0082c8 06c50513 addi             x10, x10, 108       x10=1c00006c x10:1c000000
15070766ns          250550 1c0082cc f455b5b3 p.bclr           x11, x11, 26, 5     x11=00000003 x11:00000003
15070825ns          250553 1c0082d0 624000ef jal              x1, 1572             x1=1c0082d2
15070905ns          250557 1c0088f4 fc010113 addi             x2, x2, -64          x2=10001f88  x2:10001fc8
15070945ns          250559 1c0088f6 02410313 addi             x6, x2, 36           x6=10001fac  x2:10001f88
15070964ns          250560 1c0088fa 02c12423 sw               x12, 40(x2)         x12:424a3677  x2:10001f88  PA:10001fb0
15070984ns          250561 1c0088fc 00a00633 add              x12, x0, x10        x12=1c00006c x10:1c00006c
15071024ns          250563 1c0088fe 1c009537 lui              x10, 0x1c009000     x10=1c009000
15071044ns          250564 1c008902 02b12223 sw               x11, 36(x2)         x11:00000003  x2:10001f88  PA:10001fac
15071064ns          250565 1c008904 02d12623 sw               x13, 44(x2)         x13:1c010c80  x2:10001f88  PA:10001fb4
15071084ns          250566 1c008906 00200593 addi             x11, x0, 2          x11=00000002
15071104ns          250567 1c008908 006006b3 add              x13, x0, x6         x13=10001fac  x6:10001fac
15071124ns          250568 1c00890a 88850513 addi             x10, x10, -1912     x10=1c008888 x10:1c009000
15071143ns          250569 1c00890e 00112e23 sw               x1, 28(x2)           x1:1c0082d2  x2:10001f88  PA:10001fa4
15071163ns          250570 1c008910 02e12823 sw               x14, 48(x2)         x14:00000001  x2:10001f88  PA:10001fb8
15071183ns          250571 1c008912 02f12a23 sw               x15, 52(x2)         x15:00000001  x2:10001f88  PA:10001fbc
15071203ns          250572 1c008914 03012c23 sw               x16, 56(x2)         x16:xxxxxxxx  x2:10001f88  PA:10001fc0
15071223ns          250573 1c008916 03112e23 sw               x17, 60(x2)         x17:xxxxxxxx  x2:10001f88  PA:10001fc4
15071243ns          250574 1c008918 00612623 sw               x6, 12(x2)           x6:10001fac  x2:10001f88  PA:10001f94
15071263ns          250575 1c00891a fbfff0ef jal              x1, -66              x1=1c00891c
15071303ns          250577 1c0088d8 04a0006f jal              x0, 74             
15071342ns          250579 1c008922 ed010113 addi             x2, x2, -304         x2=10001e58  x2:10001f88
15071362ns          250580 1c008924 12812423 sw               x8, 296(x2)          x8:4876e76a  x2:10001e58  PA:10001f80
15071382ns          250581 1c008928 00000413 addi             x8, x0, 0            x8=00000000
15071402ns          250582 1c00892a 11612823 sw               x22, 272(x2)        x22:xxxxxxxx  x2:10001e58  PA:10001f68
15071462ns          250585 1c00892e 11712623 sw               x23, 268(x2)        x23:xxxxxxxx  x2:10001e58  PA:10001f64
15071502ns          250587 1c008932 11812423 sw               x24, 264(x2)        x24:xxxxxxxx  x2:10001e58  PA:10001f60
15071521ns          250588 1c008936 11912223 sw               x25, 260(x2)        x25:xxxxxxxx  x2:10001e58  PA:10001f5c
15071541ns          250589 1c00893a 11a12023 sw               x26, 256(x2)        x26:xxxxxxxx  x2:10001e58  PA:10001f58
15071561ns          250590 1c00893e 0fb12e23 sw               x27, 252(x2)        x27:xxxxxxxx  x2:10001e58  PA:10001f54
15071601ns          250592 1c008940 12112623 sw               x1, 300(x2)          x1:1c00891c  x2:10001e58  PA:10001f84
15071641ns          250594 1c008944 00800db3 add              x27, x0, x8         x27=00000000  x8:00000000
15071661ns          250595 1c008946 12912223 sw               x9, 292(x2)          x9:1c011018  x2:10001e58  PA:10001f7c
15071681ns          250596 1c00894a 13212023 sw               x18, 288(x2)        x18:4876e80a  x2:10001e58  PA:10001f78
15071740ns          250599 1c00894e 11312e23 sw               x19, 284(x2)        x19:4876e6c6  x2:10001e58  PA:10001f74
15071780ns          250601 1c008952 11412c23 sw               x20, 280(x2)        x20:xxxxxxxx  x2:10001e58  PA:10001f70
15071800ns          250602 1c008956 11512a23 sw               x21, 276(x2)        x21:xxxxxxxx  x2:10001e58  PA:10001f6c
15071820ns          250603 1c00895a 00a00b33 add              x22, x0, x10        x22=1c008888 x10:1c008888
15071840ns          250604 1c00895c 00b00d33 add              x26, x0, x11        x26=00000002 x11:00000002
15071860ns          250605 1c00895e 00d00c33 add              x24, x0, x13        x24=10001fac x13:10001fac
15071879ns          250606 1c008960 1c000bb7 lui              x23, 0x1c000000     x23=1c000000
15071919ns          250608 1c008964 02410c93 addi             x25, x2, 36         x25=10001e7c  x2:10001e58
15071939ns          250609 1c008968 00c00433 add              x8, x0, x12          x8=1c00006c x12:1c00006c
15071959ns          250610 1c00896a 00044503 lbu              x10, 0(x8)          x10=0000006b  x8:1c00006c  PA:1c00006c
15072257ns          250625 1c00896e 00140413 addi             x8, x8, 1            x8=1c00006d  x8:1c00006c
15072277ns          250626 1c008970 00050e63 beq              x10, x0, 28         x10:0000006b
15072297ns          250627 1c008972 02500793 addi             x15, x0, 37         x15=00000025
15072317ns          250628 1c008976 04f50863 beq              x10, x15, 80        x10:0000006b x15:00000025
15072337ns          250629 1c00897a 01a005b3 add              x11, x0, x26        x11=00000002 x26:00000002
15072357ns          250630 1c00897c 000b00e7 jalr             x1, x22, 0           x1=1c00897e x22:1c008888
15072436ns          250634 1c008888 000026b7 lui              x13, 0x2000         x13=00002000
15072456ns          250635 1c00888a f14027f3 csrrs            x15, x0, 0xf14      x15=00000003
15072476ns          250636 1c00888e f8068693 addi             x13, x13, -128      x13=00001f80 x13:00002000
15072496ns          250637 1c008892 00379713 slli             x14, x15, 0x3       x14=00000018 x15:00000003
15072516ns          250638 1c008896 00279793 slli             x15, x15, 0x2       x15=0000000c x15:00000003
15072536ns          250639 1c008898 00d7f7b3 and              x15, x15, x13       x15=00000000 x15:0000000c x13:00001f80
15072556ns          250640 1c00889a ee873733 p.bclr           x14, x14, 23, 8     x14=00000018 x14:00000018
15072595ns          250642 1c00889e 1a10f6b7 lui              x13, 0x1a10f000     x13=1a10f000
15072635ns          250644 1c0088a2 0ff57513 andi             x10, x10, 255       x10=0000006b x10:0000006b
15072655ns          250645 1c0088a6 00d70733 add              x14, x14, x13       x14=1a10f018 x14:00000018 x13:1a10f000
15072675ns          250646 1c0088a8 00a7e723 p.sw             x10, x0(x15)        x10:0000006b x15:00000000  PA:1a10f018
15073073ns          250666 1c0088ac 00000513 addi             x10, x0, 0          x10=00000000
15073093ns          250667 1c0088ae 00008067 jalr             x0, x1, 0            x1:1c00897e
15073152ns          250670 1c00897e 31f52563 p.beqimm         x10, 778            x10:00000000
15073172ns          250671 1c008982 001d8d93 addi             x27, x27, 1         x27=00000001 x27:00000000
15073192ns          250672 1c008984 00044503 lbu              x10, 0(x8)          x10=00000065  x8:1c00006d  PA:1c00006d
15073491ns          250687 1c008988 00140413 addi             x8, x8, 1            x8=1c00006e  x8:1c00006d
15073510ns          250688 1c00898a fe0514e3 bne              x10, x0, -24        x10:00000065
15073590ns          250692 1c008972 02500793 addi             x15, x0, 37         x15=00000025
15073610ns          250693 1c008976 04f50863 beq              x10, x15, 80        x10:00000065 x15:00000025
15073630ns          250694 1c00897a 01a005b3 add              x11, x0, x26        x11=00000002 x26:00000002
15073650ns          250695 1c00897c 000b00e7 jalr             x1, x22, 0           x1=1c00897e x22:1c008888
15073689ns          250697 1c008888 000026b7 lui              x13, 0x2000         x13=00002000
15073709ns          250698 1c00888a f14027f3 csrrs            x15, x0, 0xf14      x15=00000003
15073769ns          250701 1c00888e f8068693 addi             x13, x13, -128      x13=00001f80 x13:00002000
15073809ns          250703 1c008892 00379713 slli             x14, x15, 0x3       x14=00000018 x15:00000003
15073829ns          250704 1c008896 00279793 slli             x15, x15, 0x2       x15=0000000c x15:00000003
15073849ns          250705 1c008898 00d7f7b3 and              x15, x15, x13       x15=00000000 x15:0000000c x13:00001f80
15073869ns          250706 1c00889a ee873733 p.bclr           x14, x14, 23, 8     x14=00000018 x14:00000018
15073888ns          250707 1c00889e 1a10f6b7 lui              x13, 0x1a10f000     x13=1a10f000
15073908ns          250708 1c0088a2 0ff57513 andi             x10, x10, 255       x10=00000065 x10:00000065
15073928ns          250709 1c0088a6 00d70733 add              x14, x14, x13       x14=1a10f018 x14:00000018 x13:1a10f000
15073948ns          250710 1c0088a8 00a7e723 p.sw             x10, x0(x15)        x10:00000065 x15:00000000  PA:1a10f018
15074266ns          250726 1c0088ac 00000513 addi             x10, x0, 0          x10=00000000
15074286ns          250727 1c0088ae 00008067 jalr             x0, x1, 0            x1:1c00897e
15074346ns          250730 1c00897e 31f52563 p.beqimm         x10, 778            x10:00000000
15074366ns          250731 1c008982 001d8d93 addi             x27, x27, 1         x27=00000002 x27:00000001
15074386ns          250732 1c008984 00044503 lbu              x10, 0(x8)          x10=00000072  x8:1c00006e  PA:1c00006e
15074684ns          250747 1c008988 00140413 addi             x8, x8, 1            x8=1c00006f  x8:1c00006e
15074704ns          250748 1c00898a fe0514e3 bne              x10, x0, -24        x10:00000072
15074783ns          250752 1c008972 02500793 addi             x15, x0, 37         x15=00000025
15074803ns          250753 1c008976 04f50863 beq              x10, x15, 80        x10:00000072 x15:00000025
15074823ns          250754 1c00897a 01a005b3 add              x11, x0, x26        x11=00000002 x26:00000002
15074843ns          250755 1c00897c 000b00e7 jalr             x1, x22, 0           x1=1c00897e x22:1c008888
15074883ns          250757 1c008888 000026b7 lui              x13, 0x2000         x13=00002000
15074903ns          250758 1c00888a f14027f3 csrrs            x15, x0, 0xf14      x15=00000003
15074923ns          250759 1c00888e f8068693 addi             x13, x13, -128      x13=00001f80 x13:00002000
15074943ns          250760 1c008892 00379713 slli             x14, x15, 0x3       x14=00000018 x15:00000003
15074962ns          250761 1c008896 00279793 slli             x15, x15, 0x2       x15=0000000c x15:00000003
15074982ns          250762 1c008898 00d7f7b3 and              x15, x15, x13       x15=00000000 x15:0000000c x13:00001f80
15075002ns          250763 1c00889a ee873733 p.bclr           x14, x14, 23, 8     x14=00000018 x14:00000018
15075022ns          250764 1c00889e 1a10f6b7 lui              x13, 0x1a10f000     x13=1a10f000
15075042ns          250765 1c0088a2 0ff57513 andi             x10, x10, 255       x10=00000072 x10:00000072
15075062ns          250766 1c0088a6 00d70733 add              x14, x14, x13       x14=1a10f018 x14:00000018 x13:1a10f000
15075082ns          250767 1c0088a8 00a7e723 p.sw             x10, x0(x15)        x10:00000072 x15:00000000  PA:1a10f018
15075400ns          250783 1c0088ac 00000513 addi             x10, x0, 0          x10=00000000
15075420ns          250784 1c0088ae 00008067 jalr             x0, x1, 0            x1:1c00897e
15075480ns          250787 1c00897e 31f52563 p.beqimm         x10, 778            x10:00000000
15075500ns          250788 1c008982 001d8d93 addi             x27, x27, 1         x27=00000003 x27:00000002
15075519ns          250789 1c008984 00044503 lbu              x10, 0(x8)          x10=0000006e  x8:1c00006f  PA:1c00006f
15075838ns          250805 1c008988 00140413 addi             x8, x8, 1            x8=1c000070  x8:1c00006f
15075858ns          250806 1c00898a fe0514e3 bne              x10, x0, -24        x10:0000006e
15075937ns          250810 1c008972 02500793 addi             x15, x0, 37         x15=00000025
15075957ns          250811 1c008976 04f50863 beq              x10, x15, 80        x10:0000006e x15:00000025
15075977ns          250812 1c00897a 01a005b3 add              x11, x0, x26        x11=00000002 x26:00000002
15075997ns          250813 1c00897c 000b00e7 jalr             x1, x22, 0           x1=1c00897e x22:1c008888
15076037ns          250815 1c008888 000026b7 lui              x13, 0x2000         x13=00002000
15076056ns          250816 1c00888a f14027f3 csrrs            x15, x0, 0xf14      x15=00000003
15076076ns          250817 1c00888e f8068693 addi             x13, x13, -128      x13=00001f80 x13:00002000
15076096ns          250818 1c008892 00379713 slli             x14, x15, 0x3       x14=00000018 x15:00000003
15076116ns          250819 1c008896 00279793 slli             x15, x15, 0x2       x15=0000000c x15:00000003
15076136ns          250820 1c008898 00d7f7b3 and              x15, x15, x13       x15=00000000 x15:0000000c x13:00001f80
15076156ns          250821 1c00889a ee873733 p.bclr           x14, x14, 23, 8     x14=00000018 x14:00000018
15076176ns          250822 1c00889e 1a10f6b7 lui              x13, 0x1a10f000     x13=1a10f000
15076196ns          250823 1c0088a2 0ff57513 andi             x10, x10, 255       x10=0000006e x10:0000006e
15076216ns          250824 1c0088a6 00d70733 add              x14, x14, x13       x14=1a10f018 x14:00000018 x13:1a10f000
15076236ns          250825 1c0088a8 00a7e723 p.sw             x10, x0(x15)        x10:0000006e x15:00000000  PA:1a10f018
15076554ns          250841 1c0088ac 00000513 addi             x10, x0, 0          x10=00000000
15076574ns          250842 1c0088ae 00008067 jalr             x0, x1, 0            x1:1c00897e
15076633ns          250845 1c00897e 31f52563 p.beqimm         x10, 778            x10:00000000
15076653ns          250846 1c008982 001d8d93 addi             x27, x27, 1         x27=00000004 x27:00000003
15076673ns          250847 1c008984 00044503 lbu              x10, 0(x8)          x10=00000065  x8:1c000070  PA:1c000070
15076971ns          250862 1c008988 00140413 addi             x8, x8, 1            x8=1c000071  x8:1c000070
15076991ns          250863 1c00898a fe0514e3 bne              x10, x0, -24        x10:00000065
15077071ns          250867 1c008972 02500793 addi             x15, x0, 37         x15=00000025
15077091ns          250868 1c008976 04f50863 beq              x10, x15, 80        x10:00000065 x15:00000025
15077111ns          250869 1c00897a 01a005b3 add              x11, x0, x26        x11=00000002 x26:00000002
15077131ns          250870 1c00897c 000b00e7 jalr             x1, x22, 0           x1=1c00897e x22:1c008888
15077170ns          250872 1c008888 000026b7 lui              x13, 0x2000         x13=00002000
15077190ns          250873 1c00888a f14027f3 csrrs            x15, x0, 0xf14      x15=00000003
15077210ns          250874 1c00888e f8068693 addi             x13, x13, -128      x13=00001f80 x13:00002000
15077230ns          250875 1c008892 00379713 slli             x14, x15, 0x3       x14=00000018 x15:00000003
15077250ns          250876 1c008896 00279793 slli             x15, x15, 0x2       x15=0000000c x15:00000003
15077270ns          250877 1c008898 00d7f7b3 and              x15, x15, x13       x15=00000000 x15:0000000c x13:00001f80
15077290ns          250878 1c00889a ee873733 p.bclr           x14, x14, 23, 8     x14=00000018 x14:00000018
15077310ns          250879 1c00889e 1a10f6b7 lui              x13, 0x1a10f000     x13=1a10f000
15077329ns          250880 1c0088a2 0ff57513 andi             x10, x10, 255       x10=00000065 x10:00000065
15077349ns          250881 1c0088a6 00d70733 add              x14, x14, x13       x14=1a10f018 x14:00000018 x13:1a10f000
15077369ns          250882 1c0088a8 00a7e723 p.sw             x10, x0(x15)        x10:00000065 x15:00000000  PA:1a10f018
15077688ns          250898 1c0088ac 00000513 addi             x10, x0, 0          x10=00000000
15077707ns          250899 1c0088ae 00008067 jalr             x0, x1, 0            x1:1c00897e
15077767ns          250902 1c00897e 31f52563 p.beqimm         x10, 778            x10:00000000
15077787ns          250903 1c008982 001d8d93 addi             x27, x27, 1         x27=00000005 x27:00000004
15077807ns          250904 1c008984 00044503 lbu              x10, 0(x8)          x10=0000006c  x8:1c000071  PA:1c000071
15078105ns          250919 1c008988 00140413 addi             x8, x8, 1            x8=1c000072  x8:1c000071
15078125ns          250920 1c00898a fe0514e3 bne              x10, x0, -24        x10:0000006c
15078205ns          250924 1c008972 02500793 addi             x15, x0, 37         x15=00000025
15078225ns          250925 1c008976 04f50863 beq              x10, x15, 80        x10:0000006c x15:00000025
15078244ns          250926 1c00897a 01a005b3 add              x11, x0, x26        x11=00000002 x26:00000002
15078264ns          250927 1c00897c 000b00e7 jalr             x1, x22, 0           x1=1c00897e x22:1c008888
15078304ns          250929 1c008888 000026b7 lui              x13, 0x2000         x13=00002000
15078324ns          250930 1c00888a f14027f3 csrrs            x15, x0, 0xf14      x15=00000003
15078344ns          250931 1c00888e f8068693 addi             x13, x13, -128      x13=00001f80 x13:00002000
15078364ns          250932 1c008892 00379713 slli             x14, x15, 0x3       x14=00000018 x15:00000003
15078384ns          250933 1c008896 00279793 slli             x15, x15, 0x2       x15=0000000c x15:00000003
15078404ns          250934 1c008898 00d7f7b3 and              x15, x15, x13       x15=00000000 x15:0000000c x13:00001f80
15078423ns          250935 1c00889a ee873733 p.bclr           x14, x14, 23, 8     x14=00000018 x14:00000018
15078443ns          250936 1c00889e 1a10f6b7 lui              x13, 0x1a10f000     x13=1a10f000
15078463ns          250937 1c0088a2 0ff57513 andi             x10, x10, 255       x10=0000006c x10:0000006c
15078483ns          250938 1c0088a6 00d70733 add              x14, x14, x13       x14=1a10f018 x14:00000018 x13:1a10f000
15078503ns          250939 1c0088a8 00a7e723 p.sw             x10, x0(x15)        x10:0000006c x15:00000000  PA:1a10f018
15078821ns          250955 1c0088ac 00000513 addi             x10, x0, 0          x10=00000000
15078841ns          250956 1c0088ae 00008067 jalr             x0, x1, 0            x1:1c00897e
15078901ns          250959 1c00897e 31f52563 p.beqimm         x10, 778            x10:00000000
15078921ns          250960 1c008982 001d8d93 addi             x27, x27, 1         x27=00000006 x27:00000005
15078941ns          250961 1c008984 00044503 lbu              x10, 0(x8)          x10=00000020  x8:1c000072  PA:1c000072
15079239ns          250976 1c008988 00140413 addi             x8, x8, 1            x8=1c000073  x8:1c000072
15079259ns          250977 1c00898a fe0514e3 bne              x10, x0, -24        x10:00000020
15079338ns          250981 1c008972 02500793 addi             x15, x0, 37         x15=00000025
15079358ns          250982 1c008976 04f50863 beq              x10, x15, 80        x10:00000020 x15:00000025
15079378ns          250983 1c00897a 01a005b3 add              x11, x0, x26        x11=00000002 x26:00000002
15079398ns          250984 1c00897c 000b00e7 jalr             x1, x22, 0           x1=1c00897e x22:1c008888
15079438ns          250986 1c008888 000026b7 lui              x13, 0x2000         x13=00002000
15079458ns          250987 1c00888a f14027f3 csrrs            x15, x0, 0xf14      x15=00000003
15079478ns          250988 1c00888e f8068693 addi             x13, x13, -128      x13=00001f80 x13:00002000
15079498ns          250989 1c008892 00379713 slli             x14, x15, 0x3       x14=00000018 x15:00000003
15079517ns          250990 1c008896 00279793 slli             x15, x15, 0x2       x15=0000000c x15:00000003
15079537ns          250991 1c008898 00d7f7b3 and              x15, x15, x13       x15=00000000 x15:0000000c x13:00001f80
15079557ns          250992 1c00889a ee873733 p.bclr           x14, x14, 23, 8     x14=00000018 x14:00000018
15079577ns          250993 1c00889e 1a10f6b7 lui              x13, 0x1a10f000     x13=1a10f000
15079597ns          250994 1c0088a2 0ff57513 andi             x10, x10, 255       x10=00000020 x10:00000020
15079617ns          250995 1c0088a6 00d70733 add              x14, x14, x13       x14=1a10f018 x14:00000018 x13:1a10f000
15079637ns          250996 1c0088a8 00a7e723 p.sw             x10, x0(x15)        x10:00000020 x15:00000000  PA:1a10f018
15079955ns          251012 1c0088ac 00000513 addi             x10, x0, 0          x10=00000000
15079975ns          251013 1c0088ae 00008067 jalr             x0, x1, 0            x1:1c00897e
15080035ns          251016 1c00897e 31f52563 p.beqimm         x10, 778            x10:00000000
15080055ns          251017 1c008982 001d8d93 addi             x27, x27, 1         x27=00000007 x27:00000006
15080074ns          251018 1c008984 00044503 lbu              x10, 0(x8)          x10=00000070  x8:1c000073  PA:1c000073
15080373ns          251033 1c008988 00140413 addi             x8, x8, 1            x8=1c000074  x8:1c000073
15080393ns          251034 1c00898a fe0514e3 bne              x10, x0, -24        x10:00000070
15080472ns          251038 1c008972 02500793 addi             x15, x0, 37         x15=00000025
15080492ns          251039 1c008976 04f50863 beq              x10, x15, 80        x10:00000070 x15:00000025
15080512ns          251040 1c00897a 01a005b3 add              x11, x0, x26        x11=00000002 x26:00000002
15080532ns          251041 1c00897c 000b00e7 jalr             x1, x22, 0           x1=1c00897e x22:1c008888
15080572ns          251043 1c008888 000026b7 lui              x13, 0x2000         x13=00002000
15080592ns          251044 1c00888a f14027f3 csrrs            x15, x0, 0xf14      x15=00000003
15080611ns          251045 1c00888e f8068693 addi             x13, x13, -128      x13=00001f80 x13:00002000
15080631ns          251046 1c008892 00379713 slli             x14, x15, 0x3       x14=00000018 x15:00000003
15080651ns          251047 1c008896 00279793 slli             x15, x15, 0x2       x15=0000000c x15:00000003
15080671ns          251048 1c008898 00d7f7b3 and              x15, x15, x13       x15=00000000 x15:0000000c x13:00001f80
15080691ns          251049 1c00889a ee873733 p.bclr           x14, x14, 23, 8     x14=00000018 x14:00000018
15080711ns          251050 1c00889e 1a10f6b7 lui              x13, 0x1a10f000     x13=1a10f000
15080731ns          251051 1c0088a2 0ff57513 andi             x10, x10, 255       x10=00000070 x10:00000070
15080751ns          251052 1c0088a6 00d70733 add              x14, x14, x13       x14=1a10f018 x14:00000018 x13:1a10f000
15080771ns          251053 1c0088a8 00a7e723 p.sw             x10, x0(x15)        x10:00000070 x15:00000000  PA:1a10f018
15081109ns          251070 1c0088ac 00000513 addi             x10, x0, 0          x10=00000000
15081129ns          251071 1c0088ae 00008067 jalr             x0, x1, 0            x1:1c00897e
15081188ns          251074 1c00897e 31f52563 p.beqimm         x10, 778            x10:00000000
15081208ns          251075 1c008982 001d8d93 addi             x27, x27, 1         x27=00000008 x27:00000007
15081228ns          251076 1c008984 00044503 lbu              x10, 0(x8)          x10=00000061  x8:1c000074  PA:1c000074
15081526ns          251091 1c008988 00140413 addi             x8, x8, 1            x8=1c000075  x8:1c000074
15081546ns          251092 1c00898a fe0514e3 bne              x10, x0, -24        x10:00000061
15081626ns          251096 1c008972 02500793 addi             x15, x0, 37         x15=00000025
15081646ns          251097 1c008976 04f50863 beq              x10, x15, 80        x10:00000061 x15:00000025
15081666ns          251098 1c00897a 01a005b3 add              x11, x0, x26        x11=00000002 x26:00000002
15081686ns          251099 1c00897c 000b00e7 jalr             x1, x22, 0           x1=1c00897e x22:1c008888
15081725ns          251101 1c008888 000026b7 lui              x13, 0x2000         x13=00002000
15081745ns          251102 1c00888a f14027f3 csrrs            x15, x0, 0xf14      x15=00000003
15081765ns          251103 1c00888e f8068693 addi             x13, x13, -128      x13=00001f80 x13:00002000
15081785ns          251104 1c008892 00379713 slli             x14, x15, 0x3       x14=00000018 x15:00000003
15081805ns          251105 1c008896 00279793 slli             x15, x15, 0x2       x15=0000000c x15:00000003
15081825ns          251106 1c008898 00d7f7b3 and              x15, x15, x13       x15=00000000 x15:0000000c x13:00001f80
15081845ns          251107 1c00889a ee873733 p.bclr           x14, x14, 23, 8     x14=00000018 x14:00000018
15081865ns          251108 1c00889e 1a10f6b7 lui              x13, 0x1a10f000     x13=1a10f000
15081884ns          251109 1c0088a2 0ff57513 andi             x10, x10, 255       x10=00000061 x10:00000061
15081904ns          251110 1c0088a6 00d70733 add              x14, x14, x13       x14=1a10f018 x14:00000018 x13:1a10f000
15081924ns          251111 1c0088a8 00a7e723 p.sw             x10, x0(x15)        x10:00000061 x15:00000000  PA:1a10f018
15082243ns          251127 1c0088ac 00000513 addi             x10, x0, 0          x10=00000000
15082262ns          251128 1c0088ae 00008067 jalr             x0, x1, 0            x1:1c00897e
15082322ns          251131 1c00897e 31f52563 p.beqimm         x10, 778            x10:00000000
15082342ns          251132 1c008982 001d8d93 addi             x27, x27, 1         x27=00000009 x27:00000008
15082362ns          251133 1c008984 00044503 lbu              x10, 0(x8)          x10=00000073  x8:1c000075  PA:1c000075
15082660ns          251148 1c008988 00140413 addi             x8, x8, 1            x8=1c000076  x8:1c000075
15082680ns          251149 1c00898a fe0514e3 bne              x10, x0, -24        x10:00000073
15082760ns          251153 1c008972 02500793 addi             x15, x0, 37         x15=00000025
15082780ns          251154 1c008976 04f50863 beq              x10, x15, 80        x10:00000073 x15:00000025
15082799ns          251155 1c00897a 01a005b3 add              x11, x0, x26        x11=00000002 x26:00000002
15082819ns          251156 1c00897c 000b00e7 jalr             x1, x22, 0           x1=1c00897e x22:1c008888
15082859ns          251158 1c008888 000026b7 lui              x13, 0x2000         x13=00002000
15082879ns          251159 1c00888a f14027f3 csrrs            x15, x0, 0xf14      x15=00000003
15082899ns          251160 1c00888e f8068693 addi             x13, x13, -128      x13=00001f80 x13:00002000
15082919ns          251161 1c008892 00379713 slli             x14, x15, 0x3       x14=00000018 x15:00000003
15082939ns          251162 1c008896 00279793 slli             x15, x15, 0x2       x15=0000000c x15:00000003
15082959ns          251163 1c008898 00d7f7b3 and              x15, x15, x13       x15=00000000 x15:0000000c x13:00001f80
15082978ns          251164 1c00889a ee873733 p.bclr           x14, x14, 23, 8     x14=00000018 x14:00000018
15082998ns          251165 1c00889e 1a10f6b7 lui              x13, 0x1a10f000     x13=1a10f000
15083018ns          251166 1c0088a2 0ff57513 andi             x10, x10, 255       x10=00000073 x10:00000073
15083038ns          251167 1c0088a6 00d70733 add              x14, x14, x13       x14=1a10f018 x14:00000018 x13:1a10f000
15083058ns          251168 1c0088a8 00a7e723 p.sw             x10, x0(x15)        x10:00000073 x15:00000000  PA:1a10f018
15083376ns          251184 1c0088ac 00000513 addi             x10, x0, 0          x10=00000000
15083396ns          251185 1c0088ae 00008067 jalr             x0, x1, 0            x1:1c00897e
15083456ns          251188 1c00897e 31f52563 p.beqimm         x10, 778            x10:00000000
15083476ns          251189 1c008982 001d8d93 addi             x27, x27, 1         x27=0000000a x27:00000009
15083496ns          251190 1c008984 00044503 lbu              x10, 0(x8)          x10=00000073  x8:1c000076  PA:1c000076
15083814ns          251206 1c008988 00140413 addi             x8, x8, 1            x8=1c000077  x8:1c000076
15083834ns          251207 1c00898a fe0514e3 bne              x10, x0, -24        x10:00000073
15083913ns          251211 1c008972 02500793 addi             x15, x0, 37         x15=00000025
15083933ns          251212 1c008976 04f50863 beq              x10, x15, 80        x10:00000073 x15:00000025
15083953ns          251213 1c00897a 01a005b3 add              x11, x0, x26        x11=00000002 x26:00000002
15083973ns          251214 1c00897c 000b00e7 jalr             x1, x22, 0           x1=1c00897e x22:1c008888
15084013ns          251216 1c008888 000026b7 lui              x13, 0x2000         x13=00002000
15084033ns          251217 1c00888a f14027f3 csrrs            x15, x0, 0xf14      x15=00000003
15084053ns          251218 1c00888e f8068693 addi             x13, x13, -128      x13=00001f80 x13:00002000
15084072ns          251219 1c008892 00379713 slli             x14, x15, 0x3       x14=00000018 x15:00000003
15084092ns          251220 1c008896 00279793 slli             x15, x15, 0x2       x15=0000000c x15:00000003
15084112ns          251221 1c008898 00d7f7b3 and              x15, x15, x13       x15=00000000 x15:0000000c x13:00001f80
15084132ns          251222 1c00889a ee873733 p.bclr           x14, x14, 23, 8     x14=00000018 x14:00000018
15084152ns          251223 1c00889e 1a10f6b7 lui              x13, 0x1a10f000     x13=1a10f000
15084172ns          251224 1c0088a2 0ff57513 andi             x10, x10, 255       x10=00000073 x10:00000073
15084192ns          251225 1c0088a6 00d70733 add              x14, x14, x13       x14=1a10f018 x14:00000018 x13:1a10f000
15084212ns          251226 1c0088a8 00a7e723 p.sw             x10, x0(x15)        x10:00000073 x15:00000000  PA:1a10f018
15084530ns          251242 1c0088ac 00000513 addi             x10, x0, 0          x10=00000000
15084550ns          251243 1c0088ae 00008067 jalr             x0, x1, 0            x1:1c00897e
15084610ns          251246 1c00897e 31f52563 p.beqimm         x10, 778            x10:00000000
15084629ns          251247 1c008982 001d8d93 addi             x27, x27, 1         x27=0000000b x27:0000000a
15084649ns          251248 1c008984 00044503 lbu              x10, 0(x8)          x10=00000065  x8:1c000077  PA:1c000077
15084948ns          251263 1c008988 00140413 addi             x8, x8, 1            x8=1c000078  x8:1c000077
15084968ns          251264 1c00898a fe0514e3 bne              x10, x0, -24        x10:00000065
15085047ns          251268 1c008972 02500793 addi             x15, x0, 37         x15=00000025
15085067ns          251269 1c008976 04f50863 beq              x10, x15, 80        x10:00000065 x15:00000025
15085087ns          251270 1c00897a 01a005b3 add              x11, x0, x26        x11=00000002 x26:00000002
15085107ns          251271 1c00897c 000b00e7 jalr             x1, x22, 0           x1=1c00897e x22:1c008888
15085147ns          251273 1c008888 000026b7 lui              x13, 0x2000         x13=00002000
15085166ns          251274 1c00888a f14027f3 csrrs            x15, x0, 0xf14      x15=00000003
15085186ns          251275 1c00888e f8068693 addi             x13, x13, -128      x13=00001f80 x13:00002000
15085206ns          251276 1c008892 00379713 slli             x14, x15, 0x3       x14=00000018 x15:00000003
15085226ns          251277 1c008896 00279793 slli             x15, x15, 0x2       x15=0000000c x15:00000003
15085246ns          251278 1c008898 00d7f7b3 and              x15, x15, x13       x15=00000000 x15:0000000c x13:00001f80
15085266ns          251279 1c00889a ee873733 p.bclr           x14, x14, 23, 8     x14=00000018 x14:00000018
15085286ns          251280 1c00889e 1a10f6b7 lui              x13, 0x1a10f000     x13=1a10f000
15085306ns          251281 1c0088a2 0ff57513 andi             x10, x10, 255       x10=00000065 x10:00000065
15085326ns          251282 1c0088a6 00d70733 add              x14, x14, x13       x14=1a10f018 x14:00000018 x13:1a10f000
15085345ns          251283 1c0088a8 00a7e723 p.sw             x10, x0(x15)        x10:00000065 x15:00000000  PA:1a10f018
15085664ns          251299 1c0088ac 00000513 addi             x10, x0, 0          x10=00000000
15085684ns          251300 1c0088ae 00008067 jalr             x0, x1, 0            x1:1c00897e
15085743ns          251303 1c00897e 31f52563 p.beqimm         x10, 778            x10:00000000
15085763ns          251304 1c008982 001d8d93 addi             x27, x27, 1         x27=0000000c x27:0000000b
15085783ns          251305 1c008984 00044503 lbu              x10, 0(x8)          x10=00000064  x8:1c000078  PA:1c000078
15086081ns          251320 1c008988 00140413 addi             x8, x8, 1            x8=1c000079  x8:1c000078
15086101ns          251321 1c00898a fe0514e3 bne              x10, x0, -24        x10:00000064
15086181ns          251325 1c008972 02500793 addi             x15, x0, 37         x15=00000025
15086201ns          251326 1c008976 04f50863 beq              x10, x15, 80        x10:00000064 x15:00000025
15086221ns          251327 1c00897a 01a005b3 add              x11, x0, x26        x11=00000002 x26:00000002
15086241ns          251328 1c00897c 000b00e7 jalr             x1, x22, 0           x1=1c00897e x22:1c008888
15086280ns          251330 1c008888 000026b7 lui              x13, 0x2000         x13=00002000
15086300ns          251331 1c00888a f14027f3 csrrs            x15, x0, 0xf14      x15=00000003
15086320ns          251332 1c00888e f8068693 addi             x13, x13, -128      x13=00001f80 x13:00002000
15086340ns          251333 1c008892 00379713 slli             x14, x15, 0x3       x14=00000018 x15:00000003
15086360ns          251334 1c008896 00279793 slli             x15, x15, 0x2       x15=0000000c x15:00000003
15086380ns          251335 1c008898 00d7f7b3 and              x15, x15, x13       x15=00000000 x15:0000000c x13:00001f80
15086400ns          251336 1c00889a ee873733 p.bclr           x14, x14, 23, 8     x14=00000018 x14:00000018
15086420ns          251337 1c00889e 1a10f6b7 lui              x13, 0x1a10f000     x13=1a10f000
15086439ns          251338 1c0088a2 0ff57513 andi             x10, x10, 255       x10=00000064 x10:00000064
15086459ns          251339 1c0088a6 00d70733 add              x14, x14, x13       x14=1a10f018 x14:00000018 x13:1a10f000
15086479ns          251340 1c0088a8 00a7e723 p.sw             x10, x0(x15)        x10:00000064 x15:00000000  PA:1a10f018
15086817ns          251357 1c0088ac 00000513 addi             x10, x0, 0          x10=00000000
15086837ns          251358 1c0088ae 00008067 jalr             x0, x1, 0            x1:1c00897e
15086897ns          251361 1c00897e 31f52563 p.beqimm         x10, 778            x10:00000000
15086917ns          251362 1c008982 001d8d93 addi             x27, x27, 1         x27=0000000d x27:0000000c
15086937ns          251363 1c008984 00044503 lbu              x10, 0(x8)          x10=00000020  x8:1c000079  PA:1c000079
15087235ns          251378 1c008988 00140413 addi             x8, x8, 1            x8=1c00007a  x8:1c000079
15087255ns          251379 1c00898a fe0514e3 bne              x10, x0, -24        x10:00000020
15087335ns          251383 1c008972 02500793 addi             x15, x0, 37         x15=00000025
15087354ns          251384 1c008976 04f50863 beq              x10, x15, 80        x10:00000020 x15:00000025
15087374ns          251385 1c00897a 01a005b3 add              x11, x0, x26        x11=00000002 x26:00000002
15087394ns          251386 1c00897c 000b00e7 jalr             x1, x22, 0           x1=1c00897e x22:1c008888
15087434ns          251388 1c008888 000026b7 lui              x13, 0x2000         x13=00002000
15087454ns          251389 1c00888a f14027f3 csrrs            x15, x0, 0xf14      x15=00000003
15087474ns          251390 1c00888e f8068693 addi             x13, x13, -128      x13=00001f80 x13:00002000
15087494ns          251391 1c008892 00379713 slli             x14, x15, 0x3       x14=00000018 x15:00000003
15087514ns          251392 1c008896 00279793 slli             x15, x15, 0x2       x15=0000000c x15:00000003
15087533ns          251393 1c008898 00d7f7b3 and              x15, x15, x13       x15=00000000 x15:0000000c x13:00001f80
15087553ns          251394 1c00889a ee873733 p.bclr           x14, x14, 23, 8     x14=00000018 x14:00000018
15087573ns          251395 1c00889e 1a10f6b7 lui              x13, 0x1a10f000     x13=1a10f000
15087593ns          251396 1c0088a2 0ff57513 andi             x10, x10, 255       x10=00000020 x10:00000020
15087613ns          251397 1c0088a6 00d70733 add              x14, x14, x13       x14=1a10f018 x14:00000018 x13:1a10f000
15087633ns          251398 1c0088a8 00a7e723 p.sw             x10, x0(x15)        x10:00000020 x15:00000000  PA:1a10f018
15087951ns          251414 1c0088ac 00000513 addi             x10, x0, 0          x10=00000000
15087971ns          251415 1c0088ae 00008067 jalr             x0, x1, 0            x1:1c00897e
15088031ns          251418 1c00897e 31f52563 p.beqimm         x10, 778            x10:00000000
15088051ns          251419 1c008982 001d8d93 addi             x27, x27, 1         x27=0000000e x27:0000000d
15088071ns          251420 1c008984 00044503 lbu              x10, 0(x8)          x10=0000006f  x8:1c00007a  PA:1c00007a
15088369ns          251435 1c008988 00140413 addi             x8, x8, 1            x8=1c00007b  x8:1c00007a
15088389ns          251436 1c00898a fe0514e3 bne              x10, x0, -24        x10:0000006f
15088468ns          251440 1c008972 02500793 addi             x15, x0, 37         x15=00000025
15088488ns          251441 1c008976 04f50863 beq              x10, x15, 80        x10:0000006f x15:00000025
15088508ns          251442 1c00897a 01a005b3 add              x11, x0, x26        x11=00000002 x26:00000002
15088528ns          251443 1c00897c 000b00e7 jalr             x1, x22, 0           x1=1c00897e x22:1c008888
15088568ns          251445 1c008888 000026b7 lui              x13, 0x2000         x13=00002000
15088588ns          251446 1c00888a f14027f3 csrrs            x15, x0, 0xf14      x15=00000003
15088608ns          251447 1c00888e f8068693 addi             x13, x13, -128      x13=00001f80 x13:00002000
15088627ns          251448 1c008892 00379713 slli             x14, x15, 0x3       x14=00000018 x15:00000003
15088647ns          251449 1c008896 00279793 slli             x15, x15, 0x2       x15=0000000c x15:00000003
15088667ns          251450 1c008898 00d7f7b3 and              x15, x15, x13       x15=00000000 x15:0000000c x13:00001f80
15088687ns          251451 1c00889a ee873733 p.bclr           x14, x14, 23, 8     x14=00000018 x14:00000018
15088707ns          251452 1c00889e 1a10f6b7 lui              x13, 0x1a10f000     x13=1a10f000
15088727ns          251453 1c0088a2 0ff57513 andi             x10, x10, 255       x10=0000006f x10:0000006f
15088747ns          251454 1c0088a6 00d70733 add              x14, x14, x13       x14=1a10f018 x14:00000018 x13:1a10f000
15088767ns          251455 1c0088a8 00a7e723 p.sw             x10, x0(x15)        x10:0000006f x15:00000000  PA:1a10f018
15089105ns          251472 1c0088ac 00000513 addi             x10, x0, 0          x10=00000000
15089125ns          251473 1c0088ae 00008067 jalr             x0, x1, 0            x1:1c00897e
15089184ns          251476 1c00897e 31f52563 p.beqimm         x10, 778            x10:00000000
15089204ns          251477 1c008982 001d8d93 addi             x27, x27, 1         x27=0000000f x27:0000000e
15089224ns          251478 1c008984 00044503 lbu              x10, 0(x8)          x10=0000006e  x8:1c00007b  PA:1c00007b
15089523ns          251493 1c008988 00140413 addi             x8, x8, 1            x8=1c00007c  x8:1c00007b
15089542ns          251494 1c00898a fe0514e3 bne              x10, x0, -24        x10:0000006e
15089622ns          251498 1c008972 02500793 addi             x15, x0, 37         x15=00000025
15089642ns          251499 1c008976 04f50863 beq              x10, x15, 80        x10:0000006e x15:00000025
15089662ns          251500 1c00897a 01a005b3 add              x11, x0, x26        x11=00000002 x26:00000002
15089682ns          251501 1c00897c 000b00e7 jalr             x1, x22, 0           x1=1c00897e x22:1c008888
15089721ns          251503 1c008888 000026b7 lui              x13, 0x2000         x13=00002000
15089741ns          251504 1c00888a f14027f3 csrrs            x15, x0, 0xf14      x15=00000003
15089761ns          251505 1c00888e f8068693 addi             x13, x13, -128      x13=00001f80 x13:00002000
15089781ns          251506 1c008892 00379713 slli             x14, x15, 0x3       x14=00000018 x15:00000003
15089801ns          251507 1c008896 00279793 slli             x15, x15, 0x2       x15=0000000c x15:00000003
15089821ns          251508 1c008898 00d7f7b3 and              x15, x15, x13       x15=00000000 x15:0000000c x13:00001f80
15089841ns          251509 1c00889a ee873733 p.bclr           x14, x14, 23, 8     x14=00000018 x14:00000018
15089861ns          251510 1c00889e 1a10f6b7 lui              x13, 0x1a10f000     x13=1a10f000
15089881ns          251511 1c0088a2 0ff57513 andi             x10, x10, 255       x10=0000006e x10:0000006e
15089900ns          251512 1c0088a6 00d70733 add              x14, x14, x13       x14=1a10f018 x14:00000018 x13:1a10f000
15089920ns          251513 1c0088a8 00a7e723 p.sw             x10, x0(x15)        x10:0000006e x15:00000000  PA:1a10f018
15090239ns          251529 1c0088ac 00000513 addi             x10, x0, 0          x10=00000000
15090258ns          251530 1c0088ae 00008067 jalr             x0, x1, 0            x1:1c00897e
15090318ns          251533 1c00897e 31f52563 p.beqimm         x10, 778            x10:00000000
15090338ns          251534 1c008982 001d8d93 addi             x27, x27, 1         x27=00000010 x27:0000000f
15090358ns          251535 1c008984 00044503 lbu              x10, 0(x8)          x10=00000020  x8:1c00007c  PA:1c00007c
15090656ns          251550 1c008988 00140413 addi             x8, x8, 1            x8=1c00007d  x8:1c00007c
15090676ns          251551 1c00898a fe0514e3 bne              x10, x0, -24        x10:00000020
15090756ns          251555 1c008972 02500793 addi             x15, x0, 37         x15=00000025
15090776ns          251556 1c008976 04f50863 beq              x10, x15, 80        x10:00000020 x15:00000025
15090796ns          251557 1c00897a 01a005b3 add              x11, x0, x26        x11=00000002 x26:00000002
15090815ns          251558 1c00897c 000b00e7 jalr             x1, x22, 0           x1=1c00897e x22:1c008888
15090855ns          251560 1c008888 000026b7 lui              x13, 0x2000         x13=00002000
15090875ns          251561 1c00888a f14027f3 csrrs            x15, x0, 0xf14      x15=00000003
15090895ns          251562 1c00888e f8068693 addi             x13, x13, -128      x13=00001f80 x13:00002000
15090915ns          251563 1c008892 00379713 slli             x14, x15, 0x3       x14=00000018 x15:00000003
15090935ns          251564 1c008896 00279793 slli             x15, x15, 0x2       x15=0000000c x15:00000003
15090955ns          251565 1c008898 00d7f7b3 and              x15, x15, x13       x15=00000000 x15:0000000c x13:00001f80
15090975ns          251566 1c00889a ee873733 p.bclr           x14, x14, 23, 8     x14=00000018 x14:00000018
15090994ns          251567 1c00889e 1a10f6b7 lui              x13, 0x1a10f000     x13=1a10f000
15091014ns          251568 1c0088a2 0ff57513 andi             x10, x10, 255       x10=00000020 x10:00000020
15091034ns          251569 1c0088a6 00d70733 add              x14, x14, x13       x14=1a10f018 x14:00000018 x13:1a10f000
15091054ns          251570 1c0088a8 00a7e723 p.sw             x10, x0(x15)        x10:00000020 x15:00000000  PA:1a10f018
15091372ns          251586 1c0088ac 00000513 addi             x10, x0, 0          x10=00000000
15091392ns          251587 1c0088ae 00008067 jalr             x0, x1, 0            x1:1c00897e
15091452ns          251590 1c00897e 31f52563 p.beqimm         x10, 778            x10:00000000
15091472ns          251591 1c008982 001d8d93 addi             x27, x27, 1         x27=00000011 x27:00000010
15091492ns          251592 1c008984 00044503 lbu              x10, 0(x8)          x10=00000063  x8:1c00007d  PA:1c00007d
15091810ns          251608 1c008988 00140413 addi             x8, x8, 1            x8=1c00007e  x8:1c00007d
15091830ns          251609 1c00898a fe0514e3 bne              x10, x0, -24        x10:00000063
15091909ns          251613 1c008972 02500793 addi             x15, x0, 37         x15=00000025
15091929ns          251614 1c008976 04f50863 beq              x10, x15, 80        x10:00000063 x15:00000025
15091949ns          251615 1c00897a 01a005b3 add              x11, x0, x26        x11=00000002 x26:00000002
15091969ns          251616 1c00897c 000b00e7 jalr             x1, x22, 0           x1=1c00897e x22:1c008888
15092009ns          251618 1c008888 000026b7 lui              x13, 0x2000         x13=00002000
15092029ns          251619 1c00888a f14027f3 csrrs            x15, x0, 0xf14      x15=00000003
15092049ns          251620 1c00888e f8068693 addi             x13, x13, -128      x13=00001f80 x13:00002000
15092069ns          251621 1c008892 00379713 slli             x14, x15, 0x3       x14=00000018 x15:00000003
15092088ns          251622 1c008896 00279793 slli             x15, x15, 0x2       x15=0000000c x15:00000003
15092108ns          251623 1c008898 00d7f7b3 and              x15, x15, x13       x15=00000000 x15:0000000c x13:00001f80
15092128ns          251624 1c00889a ee873733 p.bclr           x14, x14, 23, 8     x14=00000018 x14:00000018
15092148ns          251625 1c00889e 1a10f6b7 lui              x13, 0x1a10f000     x13=1a10f000
15092168ns          251626 1c0088a2 0ff57513 andi             x10, x10, 255       x10=00000063 x10:00000063
15092188ns          251627 1c0088a6 00d70733 add              x14, x14, x13       x14=1a10f018 x14:00000018 x13:1a10f000
15092208ns          251628 1c0088a8 00a7e723 p.sw             x10, x0(x15)        x10:00000063 x15:00000000  PA:1a10f018
15092526ns          251644 1c0088ac 00000513 addi             x10, x0, 0          x10=00000000
15092546ns          251645 1c0088ae 00008067 jalr             x0, x1, 0            x1:1c00897e
15092606ns          251648 1c00897e 31f52563 p.beqimm         x10, 778            x10:00000000
15092625ns          251649 1c008982 001d8d93 addi             x27, x27, 1         x27=00000012 x27:00000011
15092645ns          251650 1c008984 00044503 lbu              x10, 0(x8)          x10=0000006f  x8:1c00007e  PA:1c00007e
15092944ns          251665 1c008988 00140413 addi             x8, x8, 1            x8=1c00007f  x8:1c00007e
15092964ns          251666 1c00898a fe0514e3 bne              x10, x0, -24        x10:0000006f
15093043ns          251670 1c008972 02500793 addi             x15, x0, 37         x15=00000025
15093063ns          251671 1c008976 04f50863 beq              x10, x15, 80        x10:0000006f x15:00000025
15093083ns          251672 1c00897a 01a005b3 add              x11, x0, x26        x11=00000002 x26:00000002
15093103ns          251673 1c00897c 000b00e7 jalr             x1, x22, 0           x1=1c00897e x22:1c008888
15093143ns          251675 1c008888 000026b7 lui              x13, 0x2000         x13=00002000
15093163ns          251676 1c00888a f14027f3 csrrs            x15, x0, 0xf14      x15=00000003
15093182ns          251677 1c00888e f8068693 addi             x13, x13, -128      x13=00001f80 x13:00002000
15093202ns          251678 1c008892 00379713 slli             x14, x15, 0x3       x14=00000018 x15:00000003
15093222ns          251679 1c008896 00279793 slli             x15, x15, 0x2       x15=0000000c x15:00000003
15093242ns          251680 1c008898 00d7f7b3 and              x15, x15, x13       x15=00000000 x15:0000000c x13:00001f80
15093262ns          251681 1c00889a ee873733 p.bclr           x14, x14, 23, 8     x14=00000018 x14:00000018
15093282ns          251682 1c00889e 1a10f6b7 lui              x13, 0x1a10f000     x13=1a10f000
15093302ns          251683 1c0088a2 0ff57513 andi             x10, x10, 255       x10=0000006f x10:0000006f
15093322ns          251684 1c0088a6 00d70733 add              x14, x14, x13       x14=1a10f018 x14:00000018 x13:1a10f000
15093342ns          251685 1c0088a8 00a7e723 p.sw             x10, x0(x15)        x10:0000006f x15:00000000  PA:1a10f018
15093660ns          251701 1c0088ac 00000513 addi             x10, x0, 0          x10=00000000
15093680ns          251702 1c0088ae 00008067 jalr             x0, x1, 0            x1:1c00897e
15093739ns          251705 1c00897e 31f52563 p.beqimm         x10, 778            x10:00000000
15093759ns          251706 1c008982 001d8d93 addi             x27, x27, 1         x27=00000013 x27:00000012
15093779ns          251707 1c008984 00044503 lbu              x10, 0(x8)          x10=00000072  x8:1c00007f  PA:1c00007f
15094078ns          251722 1c008988 00140413 addi             x8, x8, 1            x8=1c000080  x8:1c00007f
15094097ns          251723 1c00898a fe0514e3 bne              x10, x0, -24        x10:00000072
15094177ns          251727 1c008972 02500793 addi             x15, x0, 37         x15=00000025
15094197ns          251728 1c008976 04f50863 beq              x10, x15, 80        x10:00000072 x15:00000025
15094217ns          251729 1c00897a 01a005b3 add              x11, x0, x26        x11=00000002 x26:00000002
15094237ns          251730 1c00897c 000b00e7 jalr             x1, x22, 0           x1=1c00897e x22:1c008888
15094276ns          251732 1c008888 000026b7 lui              x13, 0x2000         x13=00002000
15094296ns          251733 1c00888a f14027f3 csrrs            x15, x0, 0xf14      x15=00000003
15094316ns          251734 1c00888e f8068693 addi             x13, x13, -128      x13=00001f80 x13:00002000
15094336ns          251735 1c008892 00379713 slli             x14, x15, 0x3       x14=00000018 x15:00000003
15094356ns          251736 1c008896 00279793 slli             x15, x15, 0x2       x15=0000000c x15:00000003
15094376ns          251737 1c008898 00d7f7b3 and              x15, x15, x13       x15=00000000 x15:0000000c x13:00001f80
15094396ns          251738 1c00889a ee873733 p.bclr           x14, x14, 23, 8     x14=00000018 x14:00000018
15094416ns          251739 1c00889e 1a10f6b7 lui              x13, 0x1a10f000     x13=1a10f000
15094436ns          251740 1c0088a2 0ff57513 andi             x10, x10, 255       x10=00000072 x10:00000072
15094455ns          251741 1c0088a6 00d70733 add              x14, x14, x13       x14=1a10f018 x14:00000018 x13:1a10f000
15094475ns          251742 1c0088a8 00a7e723 p.sw             x10, x0(x15)        x10:00000072 x15:00000000  PA:1a10f018
15094794ns          251758 1c0088ac 00000513 addi             x10, x0, 0          x10=00000000
15094813ns          251759 1c0088ae 00008067 jalr             x0, x1, 0            x1:1c00897e
15094873ns          251762 1c00897e 31f52563 p.beqimm         x10, 778            x10:00000000
15094893ns          251763 1c008982 001d8d93 addi             x27, x27, 1         x27=00000014 x27:00000013
15094913ns          251764 1c008984 00044503 lbu              x10, 0(x8)          x10=00000065  x8:1c000080  PA:1c000080
15095211ns          251779 1c008988 00140413 addi             x8, x8, 1            x8=1c000081  x8:1c000080
15095231ns          251780 1c00898a fe0514e3 bne              x10, x0, -24        x10:00000065
15095311ns          251784 1c008972 02500793 addi             x15, x0, 37         x15=00000025
15095331ns          251785 1c008976 04f50863 beq              x10, x15, 80        x10:00000065 x15:00000025
15095351ns          251786 1c00897a 01a005b3 add              x11, x0, x26        x11=00000002 x26:00000002
15095370ns          251787 1c00897c 000b00e7 jalr             x1, x22, 0           x1=1c00897e x22:1c008888
15095410ns          251789 1c008888 000026b7 lui              x13, 0x2000         x13=00002000
15095430ns          251790 1c00888a f14027f3 csrrs            x15, x0, 0xf14      x15=00000003
15095450ns          251791 1c00888e f8068693 addi             x13, x13, -128      x13=00001f80 x13:00002000
15095470ns          251792 1c008892 00379713 slli             x14, x15, 0x3       x14=00000018 x15:00000003
15095490ns          251793 1c008896 00279793 slli             x15, x15, 0x2       x15=0000000c x15:00000003
15095510ns          251794 1c008898 00d7f7b3 and              x15, x15, x13       x15=00000000 x15:0000000c x13:00001f80
15095530ns          251795 1c00889a ee873733 p.bclr           x14, x14, 23, 8     x14=00000018 x14:00000018
15095549ns          251796 1c00889e 1a10f6b7 lui              x13, 0x1a10f000     x13=1a10f000
15095569ns          251797 1c0088a2 0ff57513 andi             x10, x10, 255       x10=00000065 x10:00000065
15095589ns          251798 1c0088a6 00d70733 add              x14, x14, x13       x14=1a10f018 x14:00000018 x13:1a10f000
15095609ns          251799 1c0088a8 00a7e723 p.sw             x10, x0(x15)        x10:00000065 x15:00000000  PA:1a10f018
15095927ns          251815 1c0088ac 00000513 addi             x10, x0, 0          x10=00000000
15095947ns          251816 1c0088ae 00008067 jalr             x0, x1, 0            x1:1c00897e
15096007ns          251819 1c00897e 31f52563 p.beqimm         x10, 778            x10:00000000
15096027ns          251820 1c008982 001d8d93 addi             x27, x27, 1         x27=00000015 x27:00000014
15096047ns          251821 1c008984 00044503 lbu              x10, 0(x8)          x10=00000020  x8:1c000081  PA:1c000081
15096345ns          251836 1c008988 00140413 addi             x8, x8, 1            x8=1c000082  x8:1c000081
15096365ns          251837 1c00898a fe0514e3 bne              x10, x0, -24        x10:00000020
15096445ns          251841 1c008972 02500793 addi             x15, x0, 37         x15=00000025
15096464ns          251842 1c008976 04f50863 beq              x10, x15, 80        x10:00000020 x15:00000025
15096484ns          251843 1c00897a 01a005b3 add              x11, x0, x26        x11=00000002 x26:00000002
15096504ns          251844 1c00897c 000b00e7 jalr             x1, x22, 0           x1=1c00897e x22:1c008888
15096544ns          251846 1c008888 000026b7 lui              x13, 0x2000         x13=00002000
15096564ns          251847 1c00888a f14027f3 csrrs            x15, x0, 0xf14      x15=00000003
15096584ns          251848 1c00888e f8068693 addi             x13, x13, -128      x13=00001f80 x13:00002000
15096604ns          251849 1c008892 00379713 slli             x14, x15, 0x3       x14=00000018 x15:00000003
15096624ns          251850 1c008896 00279793 slli             x15, x15, 0x2       x15=0000000c x15:00000003
15096643ns          251851 1c008898 00d7f7b3 and              x15, x15, x13       x15=00000000 x15:0000000c x13:00001f80
15096663ns          251852 1c00889a ee873733 p.bclr           x14, x14, 23, 8     x14=00000018 x14:00000018
15096683ns          251853 1c00889e 1a10f6b7 lui              x13, 0x1a10f000     x13=1a10f000
15096703ns          251854 1c0088a2 0ff57513 andi             x10, x10, 255       x10=00000020 x10:00000020
15096723ns          251855 1c0088a6 00d70733 add              x14, x14, x13       x14=1a10f018 x14:00000018 x13:1a10f000
15096743ns          251856 1c0088a8 00a7e723 p.sw             x10, x0(x15)        x10:00000020 x15:00000000  PA:1a10f018
15097101ns          251874 1c0088ac 00000513 addi             x10, x0, 0          x10=00000000
15097121ns          251875 1c0088ae 00008067 jalr             x0, x1, 0            x1:1c00897e
15097180ns          251878 1c00897e 31f52563 p.beqimm         x10, 778            x10:00000000
15097200ns          251879 1c008982 001d8d93 addi             x27, x27, 1         x27=00000016 x27:00000015
15097220ns          251880 1c008984 00044503 lbu              x10, 0(x8)          x10=00000020  x8:1c000082  PA:1c000082
15097519ns          251895 1c008988 00140413 addi             x8, x8, 1            x8=1c000083  x8:1c000082
15097538ns          251896 1c00898a fe0514e3 bne              x10, x0, -24        x10:00000020
15097618ns          251900 1c008972 02500793 addi             x15, x0, 37         x15=00000025
15097638ns          251901 1c008976 04f50863 beq              x10, x15, 80        x10:00000020 x15:00000025
15097658ns          251902 1c00897a 01a005b3 add              x11, x0, x26        x11=00000002 x26:00000002
15097678ns          251903 1c00897c 000b00e7 jalr             x1, x22, 0           x1=1c00897e x22:1c008888
15097718ns          251905 1c008888 000026b7 lui              x13, 0x2000         x13=00002000
15097737ns          251906 1c00888a f14027f3 csrrs            x15, x0, 0xf14      x15=00000003
15097757ns          251907 1c00888e f8068693 addi             x13, x13, -128      x13=00001f80 x13:00002000
15097777ns          251908 1c008892 00379713 slli             x14, x15, 0x3       x14=00000018 x15:00000003
15097797ns          251909 1c008896 00279793 slli             x15, x15, 0x2       x15=0000000c x15:00000003
15097817ns          251910 1c008898 00d7f7b3 and              x15, x15, x13       x15=00000000 x15:0000000c x13:00001f80
15097837ns          251911 1c00889a ee873733 p.bclr           x14, x14, 23, 8     x14=00000018 x14:00000018
15097857ns          251912 1c00889e 1a10f6b7 lui              x13, 0x1a10f000     x13=1a10f000
15097877ns          251913 1c0088a2 0ff57513 andi             x10, x10, 255       x10=00000020 x10:00000020
15097897ns          251914 1c0088a6 00d70733 add              x14, x14, x13       x14=1a10f018 x14:00000018 x13:1a10f000
15097916ns          251915 1c0088a8 00a7e723 p.sw             x10, x0(x15)        x10:00000020 x15:00000000  PA:1a10f018
15098255ns          251932 1c0088ac 00000513 addi             x10, x0, 0          x10=00000000
15098274ns          251933 1c0088ae 00008067 jalr             x0, x1, 0            x1:1c00897e
15098334ns          251936 1c00897e 31f52563 p.beqimm         x10, 778            x10:00000000
15098354ns          251937 1c008982 001d8d93 addi             x27, x27, 1         x27=00000017 x27:00000016
15098374ns          251938 1c008984 00044503 lbu              x10, 0(x8)          x10=00000025  x8:1c000083  PA:1c000083
15098792ns          251959 1c008988 00140413 addi             x8, x8, 1            x8=1c000084  x8:1c000083
15098812ns          251960 1c00898a fe0514e3 bne              x10, x0, -24        x10:00000025
15098891ns          251964 1c008972 02500793 addi             x15, x0, 37         x15=00000025
15098911ns          251965 1c008976 04f50863 beq              x10, x15, 80        x10:00000025 x15:00000025
15099050ns          251972 1c0089c6 00044483 lbu              x9, 0(x8)            x9=00000064  x8:1c000084  PA:1c000084
15099349ns          251987 1c0089ca 02000693 addi             x13, x0, 32         x13=00000020
15099368ns          251988 1c0089ce 00140a93 addi             x21, x8, 1          x21=1c000085  x8:1c000084
15099388ns          251989 1c0089d2 009005b3 add              x11, x0, x9         x11=00000064  x9:00000064
15099408ns          251990 1c0089d4 0f4b8513 addi             x10, x23, 244       x10=1c0000f4 x23:1c000000
15099428ns          251991 1c0089d8 00d12823 sw               x13, 16(x2)         x13:00000020  x2:10001e58  PA:10001e68
15099448ns          251992 1c0089da 00012c23 sw               x0, 24(x2)           x2:10001e58  PA:10001e70
15099468ns          251993 1c0089dc 00012a23 sw               x0, 20(x2)           x2:10001e58  PA:10001e6c
15099488ns          251994 1c0089de 00012e23 sw               x0, 28(x2)           x2:10001e58  PA:10001e74
15099508ns          251995 1c0089e0 00012623 sw               x0, 12(x2)           x2:10001e58  PA:10001e64
15099528ns          251996 1c0089e2 02300913 addi             x18, x0, 35         x18=00000023
15099547ns          251997 1c0089e6 02d00a13 addi             x20, x0, 45         x20=0000002d
15099567ns          251998 1c0089ea 015009b3 add              x19, x0, x21        x19=1c000085 x21:1c000085
15099587ns          251999 1c0089ec e1dff0ef jal              x1, -484             x1=1c0089ee
15099726ns          252006 1c008808 00054783 lbu              x15, 0(x10)         x15=0000002d x10:1c0000f4  PA:1c0000f4
15100045ns          252022 1c00880c 0ff5f593 andi             x11, x11, 255       x11=00000064 x11:00000064
15100065ns          252023 1c008810 00b78c63 beq              x15, x11, 24        x15:0000002d x11:00000064
15100085ns          252024 1c008814 00078b63 beq              x15, x0, 22         x15:0000002d
15100104ns          252025 1c008816 00150793 addi             x15, x10, 1         x15=1c0000f5 x10:1c0000f4
15100124ns          252026 1c00881a 0040006f jal              x0, 4              
15100204ns          252030 1c00881e 00f00533 add              x10, x0, x15        x10=1c0000f5 x15:1c0000f5
15100224ns          252031 1c008820 0017c70b p.lbu            x14, 1(x15!)        x14=0000002b x15=1c0000f6 x15:1c0000f5  PA:1c0000f5
15100542ns          252047 1c008824 feb71ce3 bne              x14, x11, -8        x14:0000002b x11:00000064
15100602ns          252050 1c00881c 00070763 beq              x14, x0, 14         x14:0000002b
15100622ns          252051 1c00881e 00f00533 add              x10, x0, x15        x10=1c0000f6 x15:1c0000f6
15100641ns          252052 1c008820 0017c70b p.lbu            x14, 1(x15!)        x14=00000020 x15=1c0000f7 x15:1c0000f6  PA:1c0000f6
15100960ns          252068 1c008824 feb71ce3 bne              x14, x11, -8        x14:00000020 x11:00000064
15101019ns          252071 1c00881c 00070763 beq              x14, x0, 14         x14:00000020
15101039ns          252072 1c00881e 00f00533 add              x10, x0, x15        x10=1c0000f7 x15:1c0000f7
15101059ns          252073 1c008820 0017c70b p.lbu            x14, 1(x15!)        x14=00000023 x15=1c0000f8 x15:1c0000f7  PA:1c0000f7
15101397ns          252090 1c008824 feb71ce3 bne              x14, x11, -8        x14:00000023 x11:00000064
15101457ns          252093 1c00881c 00070763 beq              x14, x0, 14         x14:00000023
15101477ns          252094 1c00881e 00f00533 add              x10, x0, x15        x10=1c0000f8 x15:1c0000f8
15101497ns          252095 1c008820 0017c70b p.lbu            x14, 1(x15!)        x14=00000030 x15=1c0000f9 x15:1c0000f8  PA:1c0000f8
15101914ns          252116 1c008824 feb71ce3 bne              x14, x11, -8        x14:00000030 x11:00000064
15101974ns          252119 1c00881c 00070763 beq              x14, x0, 14         x14:00000030
15101994ns          252120 1c00881e 00f00533 add              x10, x0, x15        x10=1c0000f9 x15:1c0000f9
15102014ns          252121 1c008820 0017c70b p.lbu            x14, 1(x15!)        x14=00000000 x15=1c0000fa x15:1c0000f9  PA:1c0000f9
15102471ns          252144 1c008824 feb71ce3 bne              x14, x11, -8        x14:00000000 x11:00000064
15102531ns          252147 1c00881c 00070763 beq              x14, x0, 14         x14:00000000
15102611ns          252151 1c00882a 0015b593 sltiu            x11, x11, 1         x11=00000000 x11:00000064
15102631ns          252152 1c00882e 40b005b3 sub              x11, x0, x11        x11=00000000 x11:00000000
15102650ns          252153 1c008832 00b57533 and              x10, x10, x11       x10=00000000 x10:1c0000f9 x11:00000000
15102670ns          252154 1c008834 00008067 jalr             x0, x1, 0            x1:1c0089ee
15102710ns          252156 1c0089ee 02050a63 beq              x10, x0, 52         x10:00000000
15102849ns          252163 1c008a22 02a00613 addi             x12, x0, 42         x12=0000002a
15102869ns          252164 1c008a26 2ac48663 beq              x9, x12, 684         x9:00000064 x12:0000002a
15102889ns          252165 1c008a2a fd048613 addi             x12, x9, -48        x12=00000034  x9:00000064
15102909ns          252166 1c008a2e 00900593 addi             x11, x0, 9          x11=00000009
15102929ns          252167 1c008a30 00000913 addi             x18, x0, 0          x18=00000000
15102949ns          252168 1c008a32 28c5f063 bgeu             x11, x12, 640       x11:00000009 x12:00000034
15102969ns          252169 1c008a36 02e00693 addi             x13, x0, 46         x13=0000002e
15102989ns          252170 1c008a3a fff00a13 addi             x20, x0, -1         x20=ffffffff
15103008ns          252171 1c008a3c 2ed48363 beq              x9, x13, 742         x9:00000064 x13:0000002e
15103028ns          252172 1c008a40 1c0007b7 lui              x15, 0x1c000000     x15=1c000000
15103048ns          252173 1c008a44 009005b3 add              x11, x0, x9         x11=00000064  x9:00000064
15103068ns          252174 1c008a46 0fc78513 addi             x10, x15, 252       x10=1c0000fc x15:1c000000
15103088ns          252175 1c008a4a dbfff0ef jal              x1, -578             x1=1c008a4c
15103128ns          252177 1c008808 00054783 lbu              x15, 0(x10)         x15=00000068 x10:1c0000fc  PA:1c0000fc
15103426ns          252192 1c00880c 0ff5f593 andi             x11, x11, 255       x11=00000064 x11:00000064
15103446ns          252193 1c008810 00b78c63 beq              x15, x11, 24        x15:00000068 x11:00000064
15103466ns          252194 1c008814 00078b63 beq              x15, x0, 22         x15:00000068
15103486ns          252195 1c008816 00150793 addi             x15, x10, 1         x15=1c0000fd x10:1c0000fc
15103506ns          252196 1c00881a 0040006f jal              x0, 4              
15103546ns          252198 1c00881e 00f00533 add              x10, x0, x15        x10=1c0000fd x15:1c0000fd
15103565ns          252199 1c008820 0017c70b p.lbu            x14, 1(x15!)        x14=0000006c x15=1c0000fe x15:1c0000fd  PA:1c0000fd
15103884ns          252215 1c008824 feb71ce3 bne              x14, x11, -8        x14:0000006c x11:00000064
15103943ns          252218 1c00881c 00070763 beq              x14, x0, 14         x14:0000006c
15103963ns          252219 1c00881e 00f00533 add              x10, x0, x15        x10=1c0000fe x15:1c0000fe
15103983ns          252220 1c008820 0017c70b p.lbu            x14, 1(x15!)        x14=0000004c x15=1c0000ff x15:1c0000fe  PA:1c0000fe
15104321ns          252237 1c008824 feb71ce3 bne              x14, x11, -8        x14:0000004c x11:00000064
15104381ns          252240 1c00881c 00070763 beq              x14, x0, 14         x14:0000004c
15104401ns          252241 1c00881e 00f00533 add              x10, x0, x15        x10=1c0000ff x15:1c0000ff
15104421ns          252242 1c008820 0017c70b p.lbu            x14, 1(x15!)        x14=0000007a x15=1c000100 x15:1c0000ff  PA:1c0000ff
15104739ns          252258 1c008824 feb71ce3 bne              x14, x11, -8        x14:0000007a x11:00000064
15104799ns          252261 1c00881c 00070763 beq              x14, x0, 14         x14:0000007a
15104819ns          252262 1c00881e 00f00533 add              x10, x0, x15        x10=1c000100 x15:1c000100
15104838ns          252263 1c008820 0017c70b p.lbu            x14, 1(x15!)        x14=00000000 x15=1c000101 x15:1c000100  PA:1c000100
15105177ns          252280 1c008824 feb71ce3 bne              x14, x11, -8        x14:00000000 x11:00000064
15105236ns          252283 1c00881c 00070763 beq              x14, x0, 14         x14:00000000
15105316ns          252287 1c00882a 0015b593 sltiu            x11, x11, 1         x11=00000000 x11:00000064
15105336ns          252288 1c00882e 40b005b3 sub              x11, x0, x11        x11=00000000 x11:00000000
15105356ns          252289 1c008832 00b57533 and              x10, x10, x11       x10=00000000 x10:1c000100 x11:00000000
15105375ns          252290 1c008834 00008067 jalr             x0, x1, 0            x1:1c008a4c
15105415ns          252292 1c008a4c 01300433 add              x8, x0, x19          x8=1c000085 x19:1c000085
15105435ns          252293 1c008a4e 00050563 beq              x10, x0, 10         x10:00000000
15105495ns          252296 1c008a58 06700693 addi             x13, x0, 103        x13=00000067
15105515ns          252297 1c008a5c 2896d963 bge              x13, x9, 658        x13:00000067  x9:00000064
15105733ns          252308 1c008cee 06500693 addi             x13, x0, 101        x13=00000065
15105773ns          252310 1c008cf2 12d4d563 bge              x9, x13, 298         x9:00000064 x13:00000065
15105793ns          252311 1c008cf6 04700693 addi             x13, x0, 71         x13=00000047
15105813ns          252312 1c008cfa dc96cbe3 blt              x13, x9, -554       x13:00000047  x9:00000064
15105913ns          252317 1c008ad0 06300693 addi             x13, x0, 99         x13=00000063
15105932ns          252318 1c008ad4 0ad488e3 beq              x9, x13, 2224        x9:00000064 x13:00000063
15105952ns          252319 1c008ad8 0096c9e3 blt              x13, x9, 2066       x13:00000063  x9:00000064
15106151ns          252329 1c0092ea 000c2583 lw               x11, 0(x24)         x11=00000003 x24:10001fac  PA:10001fac
15106171ns          252330 1c0092ee 004c0c13 addi             x24, x24, 4         x24=10001fb0 x24:10001fac
15106211ns          252332 1c0092f0 3405cc63 blt              x11, x0, 856        x11:00000003
15106251ns          252334 1c0092f4 01412603 lw               x12, 20(x2)         x12=00000000  x2:10001e58  PA:10001e6c
15106271ns          252335 1c0092f6 00b006b3 add              x13, x0, x11        x13=00000003 x11:00000003
15106290ns          252336 1c0092f8 2e061863 bne              x12, x0, 752        x12:00000000
15106310ns          252337 1c0092fc 01812703 lw               x14, 24(x2)         x14=00000000  x2:10001e58  PA:10001e70
15106330ns          252338 1c0092fe 019007b3 add              x15, x0, x25        x15=10001e7c x25:10001e7c
15106350ns          252339 1c009300 00070763 beq              x14, x0, 14         x14:00000000
15106410ns          252342 1c00930e 00f00733 add              x14, x0, x15        x14=10001e7c x15:10001e7c
15106469ns          252345 1c009310 00a00513 addi             x10, x0, 10         x10=0000000a
15106509ns          252347 1c009312 02a6f633 remu             x12, x13, x10       x12=00000003 x13:00000003 x10:0000000a
15107126ns          252378 1c009316 02a6d6b3 divu             x13, x13, x10       x13=00000000 x13:00000003 x10:0000000a
15107742ns          252409 1c00931a 03060613 addi             x12, x12, 48        x12=00000033 x12:00000003
15107762ns          252410 1c00931e 00c700ab p.sb             x12, 1(x14!)        x14=10001e7d x12:00000033 x14:10001e7c  PA:10001e7c
15107782ns          252411 1c009322 fe0698e3 bne              x13, x0, -16        x13:00000000
15107802ns          252412 1c009324 40f706b3 sub              x13, x14, x15       x13=00000001 x14:10001e7d x15:10001e7c
15107822ns          252413 1c009328 0146dc63 bge              x13, x20, 24        x13:00000001 x20:ffffffff
15107961ns          252420 1c009340 00e006b3 add              x13, x0, x14        x13=10001e7d x14:10001e7d
15108001ns          252422 1c009342 fe068fab p.sb             x0, -1(x13!)        x13=10001e7c x13:10001e7d  PA:10001e7d
15108021ns          252423 1c009346 00d7fc63 bgeu             x15, x13, 24        x15:10001e7c x13:10001e7c
15108140ns          252429 1c00935e 01412783 lw               x15, 20(x2)         x15=00000000  x2:10001e58  PA:10001e6c
15108200ns          252432 1c009360 01812603 lw               x12, 24(x2)         x12=00000000  x2:10001e58  PA:10001e70
15108240ns          252434 1c009362 419704b3 sub              x9, x14, x25         x9=00000001 x14:10001e7d x25:10001e7c
15108260ns          252435 1c009366 00c7e7b3 or               x15, x15, x12       x15=00000000 x15:00000000 x12:00000000
15108280ns          252436 1c009368 00f12623 sw               x15, 12(x2)         x15:00000000  x2:10001e58  PA:10001e64
15108299ns          252437 1c00936a 00079363 bne              x15, x0, 6          x15:00000000
15108319ns          252438 1c00936c 01f5d593 srli             x11, x11, 0x1f      x11=00000000 x11:00000003
15108339ns          252439 1c00936e 00b12623 sw               x11, 12(x2)         x11:00000000  x2:10001e58  PA:10001e64
15108359ns          252440 1c009370 e3fa28e3 p.beqimm         x20, -464           x20:ffffffff
15108459ns          252445 1c0091a0 0c800793 addi             x15, x0, 200        x15=000000c8
15108498ns          252447 1c0091a4 9e97d0e3 bge              x15, x9, -1568      x15:000000c8  x9:00000001
15108598ns          252452 1c008b84 0f24d163 bge              x9, x18, 226         x9:00000001 x18:00000000
15108677ns          252456 1c008c66 d00482e3 beq              x9, x0, -764         x9:00000001
15108697ns          252457 1c008c6a 01900933 add              x18, x0, x25        x18=10001e7c x25:10001e7c
15108717ns          252458 1c008c6c 419d8db3 sub              x27, x27, x25       x27=efffe19b x27:00000017 x25:10001e7c
15108757ns          252460 1c008c70 00a0006f jal              x0, 10             
15108817ns          252463 1c008c7a 0019450b p.lbu            x10, 1(x18!)        x10=00000033 x18=10001e7d x18:10001e7c  PA:10001e7c
15108836ns          252464 1c008c7e 01a005b3 add              x11, x0, x26        x11=00000002 x26:00000002
15108876ns          252466 1c008c80 000b00e7 jalr             x1, x22, 0           x1=1c008c82 x22:1c008888
15108916ns          252468 1c008888 000026b7 lui              x13, 0x2000         x13=00002000
15108936ns          252469 1c00888a f14027f3 csrrs            x15, x0, 0xf14      x15=00000003
15108956ns          252470 1c00888e f8068693 addi             x13, x13, -128      x13=00001f80 x13:00002000
15108976ns          252471 1c008892 00379713 slli             x14, x15, 0x3       x14=00000018 x15:00000003
15108996ns          252472 1c008896 00279793 slli             x15, x15, 0x2       x15=0000000c x15:00000003
15109015ns          252473 1c008898 00d7f7b3 and              x15, x15, x13       x15=00000000 x15:0000000c x13:00001f80
15109035ns          252474 1c00889a ee873733 p.bclr           x14, x14, 23, 8     x14=00000018 x14:00000018
15109075ns          252476 1c00889e 1a10f6b7 lui              x13, 0x1a10f000     x13=1a10f000
15109115ns          252478 1c0088a2 0ff57513 andi             x10, x10, 255       x10=00000033 x10:00000033
15109135ns          252479 1c0088a6 00d70733 add              x14, x14, x13       x14=1a10f018 x14:00000018 x13:1a10f000
15109155ns          252480 1c0088a8 00a7e723 p.sw             x10, x0(x15)        x10:00000033 x15:00000000  PA:1a10f018
15109592ns          252502 1c0088ac 00000513 addi             x10, x0, 0          x10=00000000
15109612ns          252503 1c0088ae 00008067 jalr             x0, x1, 0            x1:1c008c82
15109652ns          252505 1c008c82 fff48493 addi             x9, x9, -1           x9=00000000  x9:00000001
15109672ns          252506 1c008c84 fff537e3 p.bneimm         x10, -18            x10:00000000
15109751ns          252510 1c008c72 012d8733 add              x14, x27, x18       x14=00000018 x27:efffe19b x18:10001e7d
15109771ns          252511 1c008c76 5a048b63 beq              x9, x0, 1462         x9:00000000
15110189ns          252532 1c00922c 00e00db3 add              x27, x0, x14        x27=00000018 x14:00000018
15110269ns          252536 1c00922e f3cff06f jal              x0, -2244          
15110388ns          252542 1c00896a 00044503 lbu              x10, 0(x8)          x10=0000000a  x8:1c000085  PA:1c000085
15110686ns          252557 1c00896e 00140413 addi             x8, x8, 1            x8=1c000086  x8:1c000085
15110706ns          252558 1c008970 00050e63 beq              x10, x0, 28         x10:0000000a
15110726ns          252559 1c008972 02500793 addi             x15, x0, 37         x15=00000025
15110746ns          252560 1c008976 04f50863 beq              x10, x15, 80        x10:0000000a x15:00000025
15110766ns          252561 1c00897a 01a005b3 add              x11, x0, x26        x11=00000002 x26:00000002
15110786ns          252562 1c00897c 000b00e7 jalr             x1, x22, 0           x1=1c00897e x22:1c008888
15110865ns          252566 1c008888 000026b7 lui              x13, 0x2000         x13=00002000
15110885ns          252567 1c00888a f14027f3 csrrs            x15, x0, 0xf14      x15=00000003
15110905ns          252568 1c00888e f8068693 addi             x13, x13, -128      x13=00001f80 x13:00002000
15110925ns          252569 1c008892 00379713 slli             x14, x15, 0x3       x14=00000018 x15:00000003
15110945ns          252570 1c008896 00279793 slli             x15, x15, 0x2       x15=0000000c x15:00000003
15110965ns          252571 1c008898 00d7f7b3 and              x15, x15, x13       x15=00000000 x15:0000000c x13:00001f80
15110985ns          252572 1c00889a ee873733 p.bclr           x14, x14, 23, 8     x14=00000018 x14:00000018
15111005ns          252573 1c00889e 1a10f6b7 lui              x13, 0x1a10f000     x13=1a10f000
15111024ns          252574 1c0088a2 0ff57513 andi             x10, x10, 255       x10=0000000a x10:0000000a
15111044ns          252575 1c0088a6 00d70733 add              x14, x14, x13       x14=1a10f018 x14:00000018 x13:1a10f000
15111064ns          252576 1c0088a8 00a7e723 p.sw             x10, x0(x15)        x10:0000000a x15:00000000  PA:1a10f018
15111462ns          252596 1c0088ac 00000513 addi             x10, x0, 0          x10=00000000
15111482ns          252597 1c0088ae 00008067 jalr             x0, x1, 0            x1:1c00897e
15111542ns          252600 1c00897e 31f52563 p.beqimm         x10, 778            x10:00000000
15111561ns          252601 1c008982 001d8d93 addi             x27, x27, 1         x27=00000019 x27:00000018
15111581ns          252602 1c008984 00044503 lbu              x10, 0(x8)          x10=00000000  x8:1c000086  PA:1c000086
15111880ns          252617 1c008988 00140413 addi             x8, x8, 1            x8=1c000087  x8:1c000086
15111900ns          252618 1c00898a fe0514e3 bne              x10, x0, -24        x10:00000000
15111920ns          252619 1c00898c 01b00433 add              x8, x0, x27          x8=00000019 x27:00000019
15111939ns          252620 1c00898e 00800533 add              x10, x0, x8         x10=00000019  x8:00000019
15111959ns          252621 1c008990 12c12083 lw               x1, 300(x2)          x1=1c00891c  x2:10001e58  PA:10001f84
15111979ns          252622 1c008994 12812403 lw               x8, 296(x2)          x8=4876e76a  x2:10001e58  PA:10001f80
15111999ns          252623 1c008998 12412483 lw               x9, 292(x2)          x9=1c011018  x2:10001e58  PA:10001f7c
15112019ns          252624 1c00899c 12012903 lw               x18, 288(x2)        x18=4876e80a  x2:10001e58  PA:10001f78
15112059ns          252626 1c0089a0 11c12983 lw               x19, 284(x2)        x19=4876e6c6  x2:10001e58  PA:10001f74
15112099ns          252628 1c0089a4 11812a03 lw               x20, 280(x2)        x20=xxxxxxxx  x2:10001e58  PA:10001f70
15112118ns          252629 1c0089a8 11412a83 lw               x21, 276(x2)        x21=xxxxxxxx  x2:10001e58  PA:10001f6c
15112138ns          252630 1c0089ac 11012b03 lw               x22, 272(x2)        x22=xxxxxxxx  x2:10001e58  PA:10001f68
15112198ns          252633 1c0089b0 10c12b83 lw               x23, 268(x2)        x23=xxxxxxxx  x2:10001e58  PA:10001f64
15112238ns          252635 1c0089b4 10812c03 lw               x24, 264(x2)        x24=xxxxxxxx  x2:10001e58  PA:10001f60
15112258ns          252636 1c0089b8 10412c83 lw               x25, 260(x2)        x25=xxxxxxxx  x2:10001e58  PA:10001f5c
15112278ns          252637 1c0089bc 10012d03 lw               x26, 256(x2)        x26=xxxxxxxx  x2:10001e58  PA:10001f58
15112337ns          252640 1c0089c0 0fc12d83 lw               x27, 252(x2)        x27=xxxxxxxx  x2:10001e58  PA:10001f54
15112357ns          252641 1c0089c2 13010113 addi             x2, x2, 304          x2=10001f88  x2:10001e58
15112377ns          252642 1c0089c4 00008067 jalr             x0, x1, 0            x1:1c00891c
15112457ns          252646 1c00891c 01c12083 lw               x1, 28(x2)           x1=1c0082d2  x2:10001f88  PA:10001fa4
15112476ns          252647 1c00891e 04010113 addi             x2, x2, 64           x2=10001fc8  x2:10001f88
15112536ns          252650 1c008920 00008067 jalr             x0, x1, 0            x1:1c0082d2
15112616ns          252654 1c0082d2 00000513 addi             x10, x0, 0          x10=00000000
15112655ns          252656 1c0082d4 fd9ff06f jal              x0, -40            
15113053ns          252676 1c0082ac 02c12083 lw               x1, 44(x2)           x1=1c009bba  x2:10001fc8  PA:10001ff4
15113073ns          252677 1c0082ae 02812403 lw               x8, 40(x2)           x8=xxxxxxxx  x2:10001fc8  PA:10001ff0
15113093ns          252678 1c0082b0 02412483 lw               x9, 36(x2)           x9=xxxxxxxx  x2:10001fc8  PA:10001fec
15113113ns          252679 1c0082b2 02012903 lw               x18, 32(x2)         x18=xxxxxxxx  x2:10001fc8  PA:10001fe8
15113133ns          252680 1c0082b4 01c12983 lw               x19, 28(x2)         x19=xxxxxxxx  x2:10001fc8  PA:10001fe4
15113153ns          252681 1c0082b6 03010113 addi             x2, x2, 48           x2=10001ff8  x2:10001fc8
15113173ns          252682 1c0082b8 00008067 jalr             x0, x1, 0            x1:1c009bba
15113292ns          252688 1c009bba f14027f3 csrrs            x15, x0, 0xf14      x15=00000003
15113352ns          252691 1c009bbe f457b7b3 p.bclr           x15, x15, 26, 5     x15=00000003 x15:00000003
15113372ns          252692 1c009bc2 00079963 bne              x15, x0, 18         x15:00000003
15113849ns          252716 1c009bd4 002047b7 lui              x15, 0x204000       x15=00204000
15113889ns          252718 1c009bd8 fff00713 addi             x14, x0, -1         x14=ffffffff
15113909ns          252719 1c009bda 00e7a223 sw               x14, 4(x15)         x14:ffffffff x15:00204000  PA:00204004
