                Time          Cycles PC       Instr    Mnemonic
14898870ns          241908 1c008080 0640006f jal              x0, 100            
14899327ns          241931 1c0080e4 f1402573 csrrs            x10, x0, 0xf14      x10=00000002
14899367ns          241933 1c0080e8 01f57593 andi             x11, x10, 31        x11=00000002 x10:00000002
14899387ns          241934 1c0080ec 00555513 srli             x10, x10, 0x5       x10=00000000 x10:00000002
14899407ns          241935 1c0080ee 01f00613 addi             x12, x0, 31         x12=0000001f
14899824ns          241956 1c0080f0 00c50463 beq              x10, x12, 8         x10:00000000 x12:0000001f
14899864ns          241958 1c0080f4 fa1ff06f jal              x0, -96            
14900322ns          241981 1c008094 f3ff8117 auipc            x2, 0xf3ff8000       x2=10000094
14900361ns          241983 1c008098 f7010113 addi             x2, x2, -144         x2=10000004  x2:10000094
14900381ns          241984 1c00809c 00012103 lw               x2, 0(x2)            x2=10000008  x2:10000004  PA:10000004
14900819ns          242006 1c0080a0 000011b7 lui              x3, 0x1000           x3=00001000
14900859ns          242008 1c0080a4 80018193 addi             x3, x3, -2048        x3=00000800  x3:00001000
14900879ns          242009 1c0080a8 00158593 addi             x11, x11, 1         x11=00000003 x11:00000002
14900899ns          242010 1c0080ac 02b180b3 mul              x1, x3, x11          x1=00001800  x3:00000800 x11:00000003
14901336ns          242032 1c0080b0 00110133 add              x2, x2, x1           x2=10001808  x2:10000008  x1:00001800
14901376ns          242034 1c0080b4 2e10106f jal              x0, 6880           
14901833ns          242057 1c009b94 ff010113 addi             x2, x2, -16          x2=100017f8  x2:10001808
14901853ns          242058 1c009b96 00112623 sw               x1, 12(x2)           x1:00001800  x2:100017f8  PA:10001804
14901873ns          242059 1c009b98 002047b7 lui              x15, 0x204000       x15=00204000
14901893ns          242060 1c009b9c 00070737 lui              x14, 0x70000        x14=00070000
14902331ns          242082 1c009ba0 00e7a423 sw               x14, 8(x15)         x14:00070000 x15:00204000  PA:00204008
14902351ns          242083 1c009ba2 00f00713 addi             x14, x0, 15         x14=0000000f
14902370ns          242084 1c009ba4 20078793 addi             x15, x15, 512       x15=00204200 x15:00204000
14902390ns          242085 1c009ba8 00e7a023 sw               x14, 0(x15)         x14:0000000f x15:00204200  PA:00204200
14902410ns          242086 1c009bac 00e7a623 sw               x14, 12(x15)        x14:0000000f x15:00204200  PA:0020420c
14902868ns          242109 1c009bb0 1c0017b7 lui              x15, 0x1c001000     x15=1c001000
14902907ns          242111 1c009bb4 a847a783 lw               x15, -1404(x15)     x15=1c0081be x15:1c001000  PA:1c000a84
14903365ns          242134 1c009bb8 000780e7 jalr             x1, x15, 0           x1=1c009bba x15:1c0081be
14903862ns          242159 1c0081be fd010113 addi             x2, x2, -48          x2=100017c8  x2:100017f8
14904320ns          242182 1c0081c0 02912223 sw               x9, 36(x2)           x9:xxxxxxxx  x2:100017c8  PA:100017ec
14904340ns          242183 1c0081c2 02112623 sw               x1, 44(x2)           x1:1c009bba  x2:100017c8  PA:100017f4
14904360ns          242184 1c0081c4 f14024f3 csrrs            x9, x0, 0xf14        x9=00000002
14904379ns          242185 1c0081c8 02812423 sw               x8, 40(x2)           x8:xxxxxxxx  x2:100017c8  PA:100017f0
14904399ns          242186 1c0081ca 03212023 sw               x18, 32(x2)         x18:xxxxxxxx  x2:100017c8  PA:100017e8
14904419ns          242187 1c0081cc 01312e23 sw               x19, 28(x2)         x19:xxxxxxxx  x2:100017c8  PA:100017e4
14904837ns          242208 1c0081ce ca5497b3 p.extractu       x15, x9, 5, 5       x15=00000000  x9:00000002
14904877ns          242210 1c0081d2 12079e63 bne              x15, x0, 316        x15:00000000
14904897ns          242211 1c0081d6 f454b4b3 p.bclr           x9, x9, 26, 5        x9=00000002  x9:00000002
14904916ns          242212 1c0081da 1c000537 lui              x10, 0x1c000000     x10=1c000000
14904936ns          242213 1c0081de 00900633 add              x12, x0, x9         x12=00000002  x9:00000002
14905354ns          242234 1c0081e0 00100593 addi             x11, x0, 1          x11=00000001
14905394ns          242236 1c0081e2 01c50513 addi             x10, x10, 28        x10=1c00001c x10:1c000000
14905414ns          242237 1c0081e6 70e000ef jal              x1, 1806             x1=1c0081e8
14905871ns          242260 1c0088f4 fc010113 addi             x2, x2, -64          x2=10001788  x2:100017c8
14905911ns          242262 1c0088f6 02410313 addi             x6, x2, 36           x6=100017ac  x2:10001788
14905931ns          242263 1c0088fa 02c12423 sw               x12, 40(x2)         x12:00000002  x2:10001788  PA:100017b0
14905951ns          242264 1c0088fc 00a00633 add              x12, x0, x10        x12=1c00001c x10:1c00001c
14906368ns          242285 1c0088fe 1c009537 lui              x10, 0x1c009000     x10=1c009000
14906388ns          242286 1c008902 02b12223 sw               x11, 36(x2)         x11:00000001  x2:10001788  PA:100017ac
14906408ns          242287 1c008904 02d12623 sw               x13, 44(x2)         x13:xxxxxxxx  x2:10001788  PA:100017b4
14906428ns          242288 1c008906 00200593 addi             x11, x0, 2          x11=00000002
14906448ns          242289 1c008908 006006b3 add              x13, x0, x6         x13=100017ac  x6:100017ac
14906468ns          242290 1c00890a 88850513 addi             x10, x10, -1912     x10=1c008888 x10:1c009000
14906488ns          242291 1c00890e 00112e23 sw               x1, 28(x2)           x1:1c0081e8  x2:10001788  PA:100017a4
14906906ns          242312 1c008910 02e12823 sw               x14, 48(x2)         x14:0000000f  x2:10001788  PA:100017b8
14906925ns          242313 1c008912 02f12a23 sw               x15, 52(x2)         x15:00000000  x2:10001788  PA:100017bc
14906945ns          242314 1c008914 03012c23 sw               x16, 56(x2)         x16:xxxxxxxx  x2:10001788  PA:100017c0
14906965ns          242315 1c008916 03112e23 sw               x17, 60(x2)         x17:xxxxxxxx  x2:10001788  PA:100017c4
14906985ns          242316 1c008918 00612623 sw               x6, 12(x2)           x6:100017ac  x2:10001788  PA:10001794
14907005ns          242317 1c00891a fbfff0ef jal              x1, -66              x1=1c00891c
14907880ns          242361 1c0088d8 04a0006f jal              x0, 74             
14907920ns          242363 1c008922 ed010113 addi             x2, x2, -304         x2=10001658  x2:10001788
14907940ns          242364 1c008924 12812423 sw               x8, 296(x2)          x8:xxxxxxxx  x2:10001658  PA:10001780
14907960ns          242365 1c008928 00000413 addi             x8, x0, 0            x8=00000000
14907980ns          242366 1c00892a 11612823 sw               x22, 272(x2)        x22:xxxxxxxx  x2:10001658  PA:10001768
14908417ns          242388 1c00892e 11712623 sw               x23, 268(x2)        x23:xxxxxxxx  x2:10001658  PA:10001764
14908457ns          242390 1c008932 11812423 sw               x24, 264(x2)        x24:xxxxxxxx  x2:10001658  PA:10001760
14908477ns          242391 1c008936 11912223 sw               x25, 260(x2)        x25:xxxxxxxx  x2:10001658  PA:1000175c
14908497ns          242392 1c00893a 11a12023 sw               x26, 256(x2)        x26:xxxxxxxx  x2:10001658  PA:10001758
14908517ns          242393 1c00893e 0fb12e23 sw               x27, 252(x2)        x27:xxxxxxxx  x2:10001658  PA:10001754
14908934ns          242414 1c008940 12112623 sw               x1, 300(x2)          x1:1c00891c  x2:10001658  PA:10001784
14908974ns          242416 1c008944 00800db3 add              x27, x0, x8         x27=00000000  x8:00000000
14908994ns          242417 1c008946 12912223 sw               x9, 292(x2)          x9:00000002  x2:10001658  PA:1000177c
14909014ns          242418 1c00894a 13212023 sw               x18, 288(x2)        x18:xxxxxxxx  x2:10001658  PA:10001778
14909471ns          242441 1c00894e 11312e23 sw               x19, 284(x2)        x19:xxxxxxxx  x2:10001658  PA:10001774
14909511ns          242443 1c008952 11412c23 sw               x20, 280(x2)        x20:xxxxxxxx  x2:10001658  PA:10001770
14909531ns          242444 1c008956 11512a23 sw               x21, 276(x2)        x21:xxxxxxxx  x2:10001658  PA:1000176c
14909551ns          242445 1c00895a 00a00b33 add              x22, x0, x10        x22=1c008888 x10:1c008888
14909571ns          242446 1c00895c 00b00d33 add              x26, x0, x11        x26=00000002 x11:00000002
14909591ns          242447 1c00895e 00d00c33 add              x24, x0, x13        x24=100017ac x13:100017ac
14909989ns          242467 1c008960 1c000bb7 lui              x23, 0x1c000000     x23=1c000000
14910028ns          242469 1c008964 02410c93 addi             x25, x2, 36         x25=1000167c  x2:10001658
14910048ns          242470 1c008968 00c00433 add              x8, x0, x12          x8=1c00001c x12:1c00001c
14910068ns          242471 1c00896a 00044503 lbu              x10, 0(x8)          x10=00000073  x8:1c00001c  PA:1c00001c
14910526ns          242494 1c00896e 00140413 addi             x8, x8, 1            x8=1c00001d  x8:1c00001c
14910546ns          242495 1c008970 00050e63 beq              x10, x0, 28         x10:00000073
14910565ns          242496 1c008972 02500793 addi             x15, x0, 37         x15=00000025
14910585ns          242497 1c008976 04f50863 beq              x10, x15, 80        x10:00000073 x15:00000025
14910605ns          242498 1c00897a 01a005b3 add              x11, x0, x26        x11=00000002 x26:00000002
14910625ns          242499 1c00897c 000b00e7 jalr             x1, x22, 0           x1=1c00897e x22:1c008888
14911520ns          242544 1c008888 000026b7 lui              x13, 0x2000         x13=00002000
14911560ns          242546 1c00888a f14027f3 csrrs            x15, x0, 0xf14      x15=00000002
14911998ns          242568 1c00888e f8068693 addi             x13, x13, -128      x13=00001f80 x13:00002000
14912037ns          242570 1c008892 00379713 slli             x14, x15, 0x3       x14=00000010 x15:00000002
14912057ns          242571 1c008896 00279793 slli             x15, x15, 0x2       x15=00000008 x15:00000002
14912077ns          242572 1c008898 00d7f7b3 and              x15, x15, x13       x15=00000000 x15:00000008 x13:00001f80
14912097ns          242573 1c00889a ee873733 p.bclr           x14, x14, 23, 8     x14=00000010 x14:00000010
14912515ns          242594 1c00889e 1a10f6b7 lui              x13, 0x1a10f000     x13=1a10f000
14912555ns          242596 1c0088a2 0ff57513 andi             x10, x10, 255       x10=00000073 x10:00000073
14912574ns          242597 1c0088a6 00d70733 add              x14, x14, x13       x14=1a10f010 x14:00000010 x13:1a10f000
14912594ns          242598 1c0088a8 00a7e723 p.sw             x10, x0(x15)        x10:00000073 x15:00000000  PA:1a10f010
14912992ns          242618 1c0088ac 00000513 addi             x10, x0, 0          x10=00000000
14913012ns          242619 1c0088ae 00008067 jalr             x0, x1, 0            x1:1c00897e
14913092ns          242623 1c00897e 31f52563 p.beqimm         x10, 778            x10:00000000
14913111ns          242624 1c008982 001d8d93 addi             x27, x27, 1         x27=00000001 x27:00000000
14913131ns          242625 1c008984 00044503 lbu              x10, 0(x8)          x10=00000074  x8:1c00001d  PA:1c00001d
14913589ns          242648 1c008988 00140413 addi             x8, x8, 1            x8=1c00001e  x8:1c00001d
14913609ns          242649 1c00898a fe0514e3 bne              x10, x0, -24        x10:00000074
14913688ns          242653 1c008972 02500793 addi             x15, x0, 37         x15=00000025
14913708ns          242654 1c008976 04f50863 beq              x10, x15, 80        x10:00000074 x15:00000025
14913728ns          242655 1c00897a 01a005b3 add              x11, x0, x26        x11=00000002 x26:00000002
14913748ns          242656 1c00897c 000b00e7 jalr             x1, x22, 0           x1=1c00897e x22:1c008888
14913788ns          242658 1c008888 000026b7 lui              x13, 0x2000         x13=00002000
14913808ns          242659 1c00888a f14027f3 csrrs            x15, x0, 0xf14      x15=00000002
14913828ns          242660 1c00888e f8068693 addi             x13, x13, -128      x13=00001f80 x13:00002000
14913847ns          242661 1c008892 00379713 slli             x14, x15, 0x3       x14=00000010 x15:00000002
14913867ns          242662 1c008896 00279793 slli             x15, x15, 0x2       x15=00000008 x15:00000002
14913887ns          242663 1c008898 00d7f7b3 and              x15, x15, x13       x15=00000000 x15:00000008 x13:00001f80
14913907ns          242664 1c00889a ee873733 p.bclr           x14, x14, 23, 8     x14=00000010 x14:00000010
14913927ns          242665 1c00889e 1a10f6b7 lui              x13, 0x1a10f000     x13=1a10f000
14913947ns          242666 1c0088a2 0ff57513 andi             x10, x10, 255       x10=00000074 x10:00000074
14913967ns          242667 1c0088a6 00d70733 add              x14, x14, x13       x14=1a10f010 x14:00000010 x13:1a10f000
14913987ns          242668 1c0088a8 00a7e723 p.sw             x10, x0(x15)        x10:00000074 x15:00000000  PA:1a10f010
14914365ns          242687 1c0088ac 00000513 addi             x10, x0, 0          x10=00000000
14914384ns          242688 1c0088ae 00008067 jalr             x0, x1, 0            x1:1c00897e
14914444ns          242691 1c00897e 31f52563 p.beqimm         x10, 778            x10:00000000
14914464ns          242692 1c008982 001d8d93 addi             x27, x27, 1         x27=00000002 x27:00000001
14914484ns          242693 1c008984 00044503 lbu              x10, 0(x8)          x10=00000061  x8:1c00001e  PA:1c00001e
14914782ns          242708 1c008988 00140413 addi             x8, x8, 1            x8=1c00001f  x8:1c00001e
14914802ns          242709 1c00898a fe0514e3 bne              x10, x0, -24        x10:00000061
14914882ns          242713 1c008972 02500793 addi             x15, x0, 37         x15=00000025
14914902ns          242714 1c008976 04f50863 beq              x10, x15, 80        x10:00000061 x15:00000025
14914922ns          242715 1c00897a 01a005b3 add              x11, x0, x26        x11=00000002 x26:00000002
14914941ns          242716 1c00897c 000b00e7 jalr             x1, x22, 0           x1=1c00897e x22:1c008888
14914981ns          242718 1c008888 000026b7 lui              x13, 0x2000         x13=00002000
14915001ns          242719 1c00888a f14027f3 csrrs            x15, x0, 0xf14      x15=00000002
14915021ns          242720 1c00888e f8068693 addi             x13, x13, -128      x13=00001f80 x13:00002000
14915041ns          242721 1c008892 00379713 slli             x14, x15, 0x3       x14=00000010 x15:00000002
14915061ns          242722 1c008896 00279793 slli             x15, x15, 0x2       x15=00000008 x15:00000002
14915081ns          242723 1c008898 00d7f7b3 and              x15, x15, x13       x15=00000000 x15:00000008 x13:00001f80
14915101ns          242724 1c00889a ee873733 p.bclr           x14, x14, 23, 8     x14=00000010 x14:00000010
14915120ns          242725 1c00889e 1a10f6b7 lui              x13, 0x1a10f000     x13=1a10f000
14915140ns          242726 1c0088a2 0ff57513 andi             x10, x10, 255       x10=00000061 x10:00000061
14915160ns          242727 1c0088a6 00d70733 add              x14, x14, x13       x14=1a10f010 x14:00000010 x13:1a10f000
14915180ns          242728 1c0088a8 00a7e723 p.sw             x10, x0(x15)        x10:00000061 x15:00000000  PA:1a10f010
14915518ns          242745 1c0088ac 00000513 addi             x10, x0, 0          x10=00000000
14915538ns          242746 1c0088ae 00008067 jalr             x0, x1, 0            x1:1c00897e
14915598ns          242749 1c00897e 31f52563 p.beqimm         x10, 778            x10:00000000
14915618ns          242750 1c008982 001d8d93 addi             x27, x27, 1         x27=00000003 x27:00000002
14915638ns          242751 1c008984 00044503 lbu              x10, 0(x8)          x10=00000072  x8:1c00001f  PA:1c00001f
14915956ns          242767 1c008988 00140413 addi             x8, x8, 1            x8=1c000020  x8:1c00001f
14915976ns          242768 1c00898a fe0514e3 bne              x10, x0, -24        x10:00000072
14916055ns          242772 1c008972 02500793 addi             x15, x0, 37         x15=00000025
14916075ns          242773 1c008976 04f50863 beq              x10, x15, 80        x10:00000072 x15:00000025
14916095ns          242774 1c00897a 01a005b3 add              x11, x0, x26        x11=00000002 x26:00000002
14916115ns          242775 1c00897c 000b00e7 jalr             x1, x22, 0           x1=1c00897e x22:1c008888
14916155ns          242777 1c008888 000026b7 lui              x13, 0x2000         x13=00002000
14916175ns          242778 1c00888a f14027f3 csrrs            x15, x0, 0xf14      x15=00000002
14916195ns          242779 1c00888e f8068693 addi             x13, x13, -128      x13=00001f80 x13:00002000
14916214ns          242780 1c008892 00379713 slli             x14, x15, 0x3       x14=00000010 x15:00000002
14916234ns          242781 1c008896 00279793 slli             x15, x15, 0x2       x15=00000008 x15:00000002
14916254ns          242782 1c008898 00d7f7b3 and              x15, x15, x13       x15=00000000 x15:00000008 x13:00001f80
14916274ns          242783 1c00889a ee873733 p.bclr           x14, x14, 23, 8     x14=00000010 x14:00000010
14916294ns          242784 1c00889e 1a10f6b7 lui              x13, 0x1a10f000     x13=1a10f000
14916314ns          242785 1c0088a2 0ff57513 andi             x10, x10, 255       x10=00000072 x10:00000072
14916334ns          242786 1c0088a6 00d70733 add              x14, x14, x13       x14=1a10f010 x14:00000010 x13:1a10f000
14916354ns          242787 1c0088a8 00a7e723 p.sw             x10, x0(x15)        x10:00000072 x15:00000000  PA:1a10f010
14916672ns          242803 1c0088ac 00000513 addi             x10, x0, 0          x10=00000000
14916692ns          242804 1c0088ae 00008067 jalr             x0, x1, 0            x1:1c00897e
14916751ns          242807 1c00897e 31f52563 p.beqimm         x10, 778            x10:00000000
14916771ns          242808 1c008982 001d8d93 addi             x27, x27, 1         x27=00000004 x27:00000003
14916791ns          242809 1c008984 00044503 lbu              x10, 0(x8)          x10=00000074  x8:1c000020  PA:1c000020
14917090ns          242824 1c008988 00140413 addi             x8, x8, 1            x8=1c000021  x8:1c000020
14917109ns          242825 1c00898a fe0514e3 bne              x10, x0, -24        x10:00000074
14917189ns          242829 1c008972 02500793 addi             x15, x0, 37         x15=00000025
14917209ns          242830 1c008976 04f50863 beq              x10, x15, 80        x10:00000074 x15:00000025
14917229ns          242831 1c00897a 01a005b3 add              x11, x0, x26        x11=00000002 x26:00000002
14917249ns          242832 1c00897c 000b00e7 jalr             x1, x22, 0           x1=1c00897e x22:1c008888
14917289ns          242834 1c008888 000026b7 lui              x13, 0x2000         x13=00002000
14917308ns          242835 1c00888a f14027f3 csrrs            x15, x0, 0xf14      x15=00000002
14917328ns          242836 1c00888e f8068693 addi             x13, x13, -128      x13=00001f80 x13:00002000
14917348ns          242837 1c008892 00379713 slli             x14, x15, 0x3       x14=00000010 x15:00000002
14917368ns          242838 1c008896 00279793 slli             x15, x15, 0x2       x15=00000008 x15:00000002
14917388ns          242839 1c008898 00d7f7b3 and              x15, x15, x13       x15=00000000 x15:00000008 x13:00001f80
14917408ns          242840 1c00889a ee873733 p.bclr           x14, x14, 23, 8     x14=00000010 x14:00000010
14917428ns          242841 1c00889e 1a10f6b7 lui              x13, 0x1a10f000     x13=1a10f000
14917448ns          242842 1c0088a2 0ff57513 andi             x10, x10, 255       x10=00000074 x10:00000074
14917468ns          242843 1c0088a6 00d70733 add              x14, x14, x13       x14=1a10f010 x14:00000010 x13:1a10f000
14917487ns          242844 1c0088a8 00a7e723 p.sw             x10, x0(x15)        x10:00000074 x15:00000000  PA:1a10f010
14917806ns          242860 1c0088ac 00000513 addi             x10, x0, 0          x10=00000000
14917826ns          242861 1c0088ae 00008067 jalr             x0, x1, 0            x1:1c00897e
14917885ns          242864 1c00897e 31f52563 p.beqimm         x10, 778            x10:00000000
14917905ns          242865 1c008982 001d8d93 addi             x27, x27, 1         x27=00000005 x27:00000004
14917925ns          242866 1c008984 00044503 lbu              x10, 0(x8)          x10=00000069  x8:1c000021  PA:1c000021
14918223ns          242881 1c008988 00140413 addi             x8, x8, 1            x8=1c000022  x8:1c000021
14918243ns          242882 1c00898a fe0514e3 bne              x10, x0, -24        x10:00000069
14918323ns          242886 1c008972 02500793 addi             x15, x0, 37         x15=00000025
14918343ns          242887 1c008976 04f50863 beq              x10, x15, 80        x10:00000069 x15:00000025
14918363ns          242888 1c00897a 01a005b3 add              x11, x0, x26        x11=00000002 x26:00000002
14918382ns          242889 1c00897c 000b00e7 jalr             x1, x22, 0           x1=1c00897e x22:1c008888
14918422ns          242891 1c008888 000026b7 lui              x13, 0x2000         x13=00002000
14918442ns          242892 1c00888a f14027f3 csrrs            x15, x0, 0xf14      x15=00000002
14918462ns          242893 1c00888e f8068693 addi             x13, x13, -128      x13=00001f80 x13:00002000
14918482ns          242894 1c008892 00379713 slli             x14, x15, 0x3       x14=00000010 x15:00000002
14918502ns          242895 1c008896 00279793 slli             x15, x15, 0x2       x15=00000008 x15:00000002
14918522ns          242896 1c008898 00d7f7b3 and              x15, x15, x13       x15=00000000 x15:00000008 x13:00001f80
14918542ns          242897 1c00889a ee873733 p.bclr           x14, x14, 23, 8     x14=00000010 x14:00000010
14918562ns          242898 1c00889e 1a10f6b7 lui              x13, 0x1a10f000     x13=1a10f000
14918581ns          242899 1c0088a2 0ff57513 andi             x10, x10, 255       x10=00000069 x10:00000069
14918601ns          242900 1c0088a6 00d70733 add              x14, x14, x13       x14=1a10f010 x14:00000010 x13:1a10f000
14918621ns          242901 1c0088a8 00a7e723 p.sw             x10, x0(x15)        x10:00000069 x15:00000000  PA:1a10f010
14918939ns          242917 1c0088ac 00000513 addi             x10, x0, 0          x10=00000000
14918959ns          242918 1c0088ae 00008067 jalr             x0, x1, 0            x1:1c00897e
14919019ns          242921 1c00897e 31f52563 p.beqimm         x10, 778            x10:00000000
14919039ns          242922 1c008982 001d8d93 addi             x27, x27, 1         x27=00000006 x27:00000005
14919059ns          242923 1c008984 00044503 lbu              x10, 0(x8)          x10=0000006e  x8:1c000022  PA:1c000022
14919357ns          242938 1c008988 00140413 addi             x8, x8, 1            x8=1c000023  x8:1c000022
14919377ns          242939 1c00898a fe0514e3 bne              x10, x0, -24        x10:0000006e
14919457ns          242943 1c008972 02500793 addi             x15, x0, 37         x15=00000025
14919476ns          242944 1c008976 04f50863 beq              x10, x15, 80        x10:0000006e x15:00000025
14919496ns          242945 1c00897a 01a005b3 add              x11, x0, x26        x11=00000002 x26:00000002
14919516ns          242946 1c00897c 000b00e7 jalr             x1, x22, 0           x1=1c00897e x22:1c008888
14919556ns          242948 1c008888 000026b7 lui              x13, 0x2000         x13=00002000
14919576ns          242949 1c00888a f14027f3 csrrs            x15, x0, 0xf14      x15=00000002
14919596ns          242950 1c00888e f8068693 addi             x13, x13, -128      x13=00001f80 x13:00002000
14919616ns          242951 1c008892 00379713 slli             x14, x15, 0x3       x14=00000010 x15:00000002
14919636ns          242952 1c008896 00279793 slli             x15, x15, 0x2       x15=00000008 x15:00000002
14919656ns          242953 1c008898 00d7f7b3 and              x15, x15, x13       x15=00000000 x15:00000008 x13:00001f80
14919675ns          242954 1c00889a ee873733 p.bclr           x14, x14, 23, 8     x14=00000010 x14:00000010
14919695ns          242955 1c00889e 1a10f6b7 lui              x13, 0x1a10f000     x13=1a10f000
14919715ns          242956 1c0088a2 0ff57513 andi             x10, x10, 255       x10=0000006e x10:0000006e
14919735ns          242957 1c0088a6 00d70733 add              x14, x14, x13       x14=1a10f010 x14:00000010 x13:1a10f000
14919755ns          242958 1c0088a8 00a7e723 p.sw             x10, x0(x15)        x10:0000006e x15:00000000  PA:1a10f010
14920093ns          242975 1c0088ac 00000513 addi             x10, x0, 0          x10=00000000
14920113ns          242976 1c0088ae 00008067 jalr             x0, x1, 0            x1:1c00897e
14920173ns          242979 1c00897e 31f52563 p.beqimm         x10, 778            x10:00000000
14920193ns          242980 1c008982 001d8d93 addi             x27, x27, 1         x27=00000007 x27:00000006
14920212ns          242981 1c008984 00044503 lbu              x10, 0(x8)          x10=00000067  x8:1c000023  PA:1c000023
14920511ns          242996 1c008988 00140413 addi             x8, x8, 1            x8=1c000024  x8:1c000023
14920531ns          242997 1c00898a fe0514e3 bne              x10, x0, -24        x10:00000067
14920610ns          243001 1c008972 02500793 addi             x15, x0, 37         x15=00000025
14920630ns          243002 1c008976 04f50863 beq              x10, x15, 80        x10:00000067 x15:00000025
14920650ns          243003 1c00897a 01a005b3 add              x11, x0, x26        x11=00000002 x26:00000002
14920670ns          243004 1c00897c 000b00e7 jalr             x1, x22, 0           x1=1c00897e x22:1c008888
14920710ns          243006 1c008888 000026b7 lui              x13, 0x2000         x13=00002000
14920730ns          243007 1c00888a f14027f3 csrrs            x15, x0, 0xf14      x15=00000002
14920749ns          243008 1c00888e f8068693 addi             x13, x13, -128      x13=00001f80 x13:00002000
14920769ns          243009 1c008892 00379713 slli             x14, x15, 0x3       x14=00000010 x15:00000002
14920789ns          243010 1c008896 00279793 slli             x15, x15, 0x2       x15=00000008 x15:00000002
14920809ns          243011 1c008898 00d7f7b3 and              x15, x15, x13       x15=00000000 x15:00000008 x13:00001f80
14920829ns          243012 1c00889a ee873733 p.bclr           x14, x14, 23, 8     x14=00000010 x14:00000010
14920849ns          243013 1c00889e 1a10f6b7 lui              x13, 0x1a10f000     x13=1a10f000
14920869ns          243014 1c0088a2 0ff57513 andi             x10, x10, 255       x10=00000067 x10:00000067
14920889ns          243015 1c0088a6 00d70733 add              x14, x14, x13       x14=1a10f010 x14:00000010 x13:1a10f000
14920909ns          243016 1c0088a8 00a7e723 p.sw             x10, x0(x15)        x10:00000067 x15:00000000  PA:1a10f010
14921227ns          243032 1c0088ac 00000513 addi             x10, x0, 0          x10=00000000
14921247ns          243033 1c0088ae 00008067 jalr             x0, x1, 0            x1:1c00897e
14921306ns          243036 1c00897e 31f52563 p.beqimm         x10, 778            x10:00000000
14921326ns          243037 1c008982 001d8d93 addi             x27, x27, 1         x27=00000008 x27:00000007
14921346ns          243038 1c008984 00044503 lbu              x10, 0(x8)          x10=00000020  x8:1c000024  PA:1c000024
14921645ns          243053 1c008988 00140413 addi             x8, x8, 1            x8=1c000025  x8:1c000024
14921664ns          243054 1c00898a fe0514e3 bne              x10, x0, -24        x10:00000020
14921744ns          243058 1c008972 02500793 addi             x15, x0, 37         x15=00000025
14921764ns          243059 1c008976 04f50863 beq              x10, x15, 80        x10:00000020 x15:00000025
14921784ns          243060 1c00897a 01a005b3 add              x11, x0, x26        x11=00000002 x26:00000002
14921804ns          243061 1c00897c 000b00e7 jalr             x1, x22, 0           x1=1c00897e x22:1c008888
14921843ns          243063 1c008888 000026b7 lui              x13, 0x2000         x13=00002000
14921863ns          243064 1c00888a f14027f3 csrrs            x15, x0, 0xf14      x15=00000002
14921883ns          243065 1c00888e f8068693 addi             x13, x13, -128      x13=00001f80 x13:00002000
14921903ns          243066 1c008892 00379713 slli             x14, x15, 0x3       x14=00000010 x15:00000002
14921923ns          243067 1c008896 00279793 slli             x15, x15, 0x2       x15=00000008 x15:00000002
14921943ns          243068 1c008898 00d7f7b3 and              x15, x15, x13       x15=00000000 x15:00000008 x13:00001f80
14921963ns          243069 1c00889a ee873733 p.bclr           x14, x14, 23, 8     x14=00000010 x14:00000010
14921983ns          243070 1c00889e 1a10f6b7 lui              x13, 0x1a10f000     x13=1a10f000
14922003ns          243071 1c0088a2 0ff57513 andi             x10, x10, 255       x10=00000020 x10:00000020
14922023ns          243072 1c0088a6 00d70733 add              x14, x14, x13       x14=1a10f010 x14:00000010 x13:1a10f000
14922042ns          243073 1c0088a8 00a7e723 p.sw             x10, x0(x15)        x10:00000020 x15:00000000  PA:1a10f010
14922361ns          243089 1c0088ac 00000513 addi             x10, x0, 0          x10=00000000
14922381ns          243090 1c0088ae 00008067 jalr             x0, x1, 0            x1:1c00897e
14922440ns          243093 1c00897e 31f52563 p.beqimm         x10, 778            x10:00000000
14922460ns          243094 1c008982 001d8d93 addi             x27, x27, 1         x27=00000009 x27:00000008
14922480ns          243095 1c008984 00044503 lbu              x10, 0(x8)          x10=00000025  x8:1c000025  PA:1c000025
14922778ns          243110 1c008988 00140413 addi             x8, x8, 1            x8=1c000026  x8:1c000025
14922798ns          243111 1c00898a fe0514e3 bne              x10, x0, -24        x10:00000025
14922878ns          243115 1c008972 02500793 addi             x15, x0, 37         x15=00000025
14922898ns          243116 1c008976 04f50863 beq              x10, x15, 80        x10:00000025 x15:00000025
14923375ns          243140 1c0089c6 00044483 lbu              x9, 0(x8)            x9=00000064  x8:1c000026  PA:1c000026
14923773ns          243160 1c0089ca 02000693 addi             x13, x0, 32         x13=00000020
14923833ns          243163 1c0089ce 00140a93 addi             x21, x8, 1          x21=1c000027  x8:1c000026
14923852ns          243164 1c0089d2 009005b3 add              x11, x0, x9         x11=00000064  x9:00000064
14923872ns          243165 1c0089d4 0f4b8513 addi             x10, x23, 244       x10=1c0000f4 x23:1c000000
14923892ns          243166 1c0089d8 00d12823 sw               x13, 16(x2)         x13:00000020  x2:10001658  PA:10001668
14923912ns          243167 1c0089da 00012c23 sw               x0, 24(x2)           x2:10001658  PA:10001670
14923932ns          243168 1c0089dc 00012a23 sw               x0, 20(x2)           x2:10001658  PA:1000166c
14923952ns          243169 1c0089de 00012e23 sw               x0, 28(x2)           x2:10001658  PA:10001674
14924350ns          243189 1c0089e0 00012623 sw               x0, 12(x2)           x2:10001658  PA:10001664
14924390ns          243191 1c0089e2 02300913 addi             x18, x0, 35         x18=00000023
14924409ns          243192 1c0089e6 02d00a13 addi             x20, x0, 45         x20=0000002d
14924429ns          243193 1c0089ea 015009b3 add              x19, x0, x21        x19=1c000027 x21:1c000027
14924449ns          243194 1c0089ec e1dff0ef jal              x1, -484             x1=1c0089ee
14925324ns          243238 1c008808 00054783 lbu              x15, 0(x10)         x15=0000002d x10:1c0000f4  PA:1c0000f4
14925762ns          243260 1c00880c 0ff5f593 andi             x11, x11, 255       x11=00000064 x11:00000064
14925822ns          243263 1c008810 00b78c63 beq              x15, x11, 24        x15:0000002d x11:00000064
14925861ns          243265 1c008814 00078b63 beq              x15, x0, 22         x15:0000002d
14925881ns          243266 1c008816 00150793 addi             x15, x10, 1         x15=1c0000f5 x10:1c0000f4
14925901ns          243267 1c00881a 0040006f jal              x0, 4              
14926379ns          243291 1c00881e 00f00533 add              x10, x0, x15        x10=1c0000f5 x15:1c0000f5
14926398ns          243292 1c008820 0017c70b p.lbu            x14, 1(x15!)        x14=0000002b x15=1c0000f6 x15:1c0000f5  PA:1c0000f5
14926856ns          243315 1c008824 feb71ce3 bne              x14, x11, -8        x14:0000002b x11:00000064
14926955ns          243320 1c00881c 00070763 beq              x14, x0, 14         x14:0000002b
14926975ns          243321 1c00881e 00f00533 add              x10, x0, x15        x10=1c0000f6 x15:1c0000f6
14926995ns          243322 1c008820 0017c70b p.lbu            x14, 1(x15!)        x14=00000020 x15=1c0000f7 x15:1c0000f6  PA:1c0000f6
14927313ns          243338 1c008824 feb71ce3 bne              x14, x11, -8        x14:00000020 x11:00000064
14927373ns          243341 1c00881c 00070763 beq              x14, x0, 14         x14:00000020
14927393ns          243342 1c00881e 00f00533 add              x10, x0, x15        x10=1c0000f7 x15:1c0000f7
14927413ns          243343 1c008820 0017c70b p.lbu            x14, 1(x15!)        x14=00000023 x15=1c0000f8 x15:1c0000f7  PA:1c0000f7
14927731ns          243359 1c008824 feb71ce3 bne              x14, x11, -8        x14:00000023 x11:00000064
14927791ns          243362 1c00881c 00070763 beq              x14, x0, 14         x14:00000023
14927811ns          243363 1c00881e 00f00533 add              x10, x0, x15        x10=1c0000f8 x15:1c0000f8
14927831ns          243364 1c008820 0017c70b p.lbu            x14, 1(x15!)        x14=00000030 x15=1c0000f9 x15:1c0000f8  PA:1c0000f8
14928149ns          243380 1c008824 feb71ce3 bne              x14, x11, -8        x14:00000030 x11:00000064
14928209ns          243383 1c00881c 00070763 beq              x14, x0, 14         x14:00000030
14928228ns          243384 1c00881e 00f00533 add              x10, x0, x15        x10=1c0000f9 x15:1c0000f9
14928248ns          243385 1c008820 0017c70b p.lbu            x14, 1(x15!)        x14=00000000 x15=1c0000fa x15:1c0000f9  PA:1c0000f9
14928567ns          243401 1c008824 feb71ce3 bne              x14, x11, -8        x14:00000000 x11:00000064
14928626ns          243404 1c00881c 00070763 beq              x14, x0, 14         x14:00000000
14928706ns          243408 1c00882a 0015b593 sltiu            x11, x11, 1         x11=00000000 x11:00000064
14928726ns          243409 1c00882e 40b005b3 sub              x11, x0, x11        x11=00000000 x11:00000000
14928746ns          243410 1c008832 00b57533 and              x10, x10, x11       x10=00000000 x10:1c0000f9 x11:00000000
14928765ns          243411 1c008834 00008067 jalr             x0, x1, 0            x1:1c0089ee
14928805ns          243413 1c0089ee 02050a63 beq              x10, x0, 52         x10:00000000
14929322ns          243439 1c008a22 02a00613 addi             x12, x0, 42         x12=0000002a
14929342ns          243440 1c008a26 2ac48663 beq              x9, x12, 684         x9:00000064 x12:0000002a
14929362ns          243441 1c008a2a fd048613 addi             x12, x9, -48        x12=00000034  x9:00000064
14929382ns          243442 1c008a2e 00900593 addi             x11, x0, 9          x11=00000009
14929800ns          243463 1c008a30 00000913 addi             x18, x0, 0          x18=00000000
14929840ns          243465 1c008a32 28c5f063 bgeu             x11, x12, 640       x11:00000009 x12:00000034
14929859ns          243466 1c008a36 02e00693 addi             x13, x0, 46         x13=0000002e
14929879ns          243467 1c008a3a fff00a13 addi             x20, x0, -1         x20=ffffffff
14929899ns          243468 1c008a3c 2ed48363 beq              x9, x13, 742         x9:00000064 x13:0000002e
14930317ns          243489 1c008a40 1c0007b7 lui              x15, 0x1c000000     x15=1c000000
14930357ns          243491 1c008a44 009005b3 add              x11, x0, x9         x11=00000064  x9:00000064
14930377ns          243492 1c008a46 0fc78513 addi             x10, x15, 252       x10=1c0000fc x15:1c000000
14930397ns          243493 1c008a4a dbfff0ef jal              x1, -578             x1=1c008a4c
14930894ns          243518 1c008808 00054783 lbu              x15, 0(x10)         x15=00000068 x10:1c0000fc  PA:1c0000fc
14931192ns          243533 1c00880c 0ff5f593 andi             x11, x11, 255       x11=00000064 x11:00000064
14931212ns          243534 1c008810 00b78c63 beq              x15, x11, 24        x15:00000068 x11:00000064
14931232ns          243535 1c008814 00078b63 beq              x15, x0, 22         x15:00000068
14931252ns          243536 1c008816 00150793 addi             x15, x10, 1         x15=1c0000fd x10:1c0000fc
14931272ns          243537 1c00881a 0040006f jal              x0, 4              
14931311ns          243539 1c00881e 00f00533 add              x10, x0, x15        x10=1c0000fd x15:1c0000fd
14931331ns          243540 1c008820 0017c70b p.lbu            x14, 1(x15!)        x14=0000006c x15=1c0000fe x15:1c0000fd  PA:1c0000fd
14931650ns          243556 1c008824 feb71ce3 bne              x14, x11, -8        x14:0000006c x11:00000064
14931709ns          243559 1c00881c 00070763 beq              x14, x0, 14         x14:0000006c
14931729ns          243560 1c00881e 00f00533 add              x10, x0, x15        x10=1c0000fe x15:1c0000fe
14931749ns          243561 1c008820 0017c70b p.lbu            x14, 1(x15!)        x14=0000004c x15=1c0000ff x15:1c0000fe  PA:1c0000fe
14932127ns          243580 1c008824 feb71ce3 bne              x14, x11, -8        x14:0000004c x11:00000064
14932187ns          243583 1c00881c 00070763 beq              x14, x0, 14         x14:0000004c
14932207ns          243584 1c00881e 00f00533 add              x10, x0, x15        x10=1c0000ff x15:1c0000ff
14932226ns          243585 1c008820 0017c70b p.lbu            x14, 1(x15!)        x14=0000007a x15=1c000100 x15:1c0000ff  PA:1c0000ff
14932545ns          243601 1c008824 feb71ce3 bne              x14, x11, -8        x14:0000007a x11:00000064
14932604ns          243604 1c00881c 00070763 beq              x14, x0, 14         x14:0000007a
14932624ns          243605 1c00881e 00f00533 add              x10, x0, x15        x10=1c000100 x15:1c000100
14932644ns          243606 1c008820 0017c70b p.lbu            x14, 1(x15!)        x14=00000000 x15=1c000101 x15:1c000100  PA:1c000100
14932962ns          243622 1c008824 feb71ce3 bne              x14, x11, -8        x14:00000000 x11:00000064
14933022ns          243625 1c00881c 00070763 beq              x14, x0, 14         x14:00000000
14933102ns          243629 1c00882a 0015b593 sltiu            x11, x11, 1         x11=00000000 x11:00000064
14933122ns          243630 1c00882e 40b005b3 sub              x11, x0, x11        x11=00000000 x11:00000000
14933141ns          243631 1c008832 00b57533 and              x10, x10, x11       x10=00000000 x10:1c000100 x11:00000000
14933161ns          243632 1c008834 00008067 jalr             x0, x1, 0            x1:1c008a4c
14933201ns          243634 1c008a4c 01300433 add              x8, x0, x19          x8=1c000027 x19:1c000027
14933221ns          243635 1c008a4e 00050563 beq              x10, x0, 10         x10:00000000
14933281ns          243638 1c008a58 06700693 addi             x13, x0, 103        x13=00000067
14933301ns          243639 1c008a5c 2896d963 bge              x13, x9, 658        x13:00000067  x9:00000064
14934693ns          243709 1c008cee 06500693 addi             x13, x0, 101        x13=00000065
14934733ns          243711 1c008cf2 12d4d563 bge              x9, x13, 298         x9:00000064 x13:00000065
14934753ns          243712 1c008cf6 04700693 addi             x13, x0, 71         x13=00000047
14934772ns          243713 1c008cfa dc96cbe3 blt              x13, x9, -554       x13:00000047  x9:00000064
14935668ns          243758 1c008ad0 06300693 addi             x13, x0, 99         x13=00000063
14935707ns          243760 1c008ad4 0ad488e3 beq              x9, x13, 2224        x9:00000064 x13:00000063
14935727ns          243761 1c008ad8 0096c9e3 blt              x13, x9, 2066       x13:00000063  x9:00000064
14936742ns          243812 1c0092ea 000c2583 lw               x11, 0(x24)         x11=00000001 x24:100017ac  PA:100017ac
14936762ns          243813 1c0092ee 004c0c13 addi             x24, x24, 4         x24=100017b0 x24:100017ac
14937179ns          243834 1c0092f0 3405cc63 blt              x11, x0, 856        x11:00000001
14937219ns          243836 1c0092f4 01412603 lw               x12, 20(x2)         x12=00000000  x2:10001658  PA:1000166c
14937239ns          243837 1c0092f6 00b006b3 add              x13, x0, x11        x13=00000001 x11:00000001
14937259ns          243838 1c0092f8 2e061863 bne              x12, x0, 752        x12:00000000
14937279ns          243839 1c0092fc 01812703 lw               x14, 24(x2)         x14=00000000  x2:10001658  PA:10001670
14937299ns          243840 1c0092fe 019007b3 add              x15, x0, x25        x15=1000167c x25:1000167c
14937696ns          243860 1c009300 00070763 beq              x14, x0, 14         x14:00000000
14937756ns          243863 1c00930e 00f00733 add              x14, x0, x15        x14=1000167c x15:1000167c
14938194ns          243885 1c009310 00a00513 addi             x10, x0, 10         x10=0000000a
14938233ns          243887 1c009312 02a6f633 remu             x12, x13, x10       x12=00000001 x13:00000001 x10:0000000a
14938850ns          243918 1c009316 02a6d6b3 divu             x13, x13, x10       x13=00000000 x13:00000001 x10:0000000a
14939467ns          243949 1c00931a 03060613 addi             x12, x12, 48        x12=00000031 x12:00000001
14939487ns          243950 1c00931e 00c700ab p.sb             x12, 1(x14!)        x14=1000167d x12:00000031 x14:1000167c  PA:1000167c
14939506ns          243951 1c009322 fe0698e3 bne              x13, x0, -16        x13:00000000
14939526ns          243952 1c009324 40f706b3 sub              x13, x14, x15       x13=00000001 x14:1000167d x15:1000167c
14939546ns          243953 1c009328 0146dc63 bge              x13, x20, 24        x13:00000001 x20:ffffffff
14940441ns          243998 1c009340 00e006b3 add              x13, x0, x14        x13=1000167d x14:1000167d
14940481ns          244000 1c009342 fe068fab p.sb             x0, -1(x13!)        x13=1000167c x13:1000167d  PA:1000167d
14940501ns          244001 1c009346 00d7fc63 bgeu             x15, x13, 24        x15:1000167c x13:1000167c
14940998ns          244026 1c00935e 01412783 lw               x15, 20(x2)         x15=00000000  x2:10001658  PA:1000166c
14941456ns          244049 1c009360 01812603 lw               x12, 24(x2)         x12=00000000  x2:10001658  PA:10001670
14941496ns          244051 1c009362 419704b3 sub              x9, x14, x25         x9=00000001 x14:1000167d x25:1000167c
14941515ns          244052 1c009366 00c7e7b3 or               x15, x15, x12       x15=00000000 x15:00000000 x12:00000000
14941535ns          244053 1c009368 00f12623 sw               x15, 12(x2)         x15:00000000  x2:10001658  PA:10001664
14941555ns          244054 1c00936a 00079363 bne              x15, x0, 6          x15:00000000
14941575ns          244055 1c00936c 01f5d593 srli             x11, x11, 0x1f      x11=00000000 x11:00000001
14941595ns          244056 1c00936e 00b12623 sw               x11, 12(x2)         x11:00000000  x2:10001658  PA:10001664
14941973ns          244075 1c009370 e3fa28e3 p.beqimm         x20, -464           x20:ffffffff
14942450ns          244099 1c0091a0 0c800793 addi             x15, x0, 200        x15=000000c8
14942490ns          244101 1c0091a4 9e97d0e3 bge              x15, x9, -1568      x15:000000c8  x9:00000001
14942967ns          244125 1c008b84 0f24d163 bge              x9, x18, 226         x9:00000001 x18:00000000
14943485ns          244151 1c008c66 d00482e3 beq              x9, x0, -764         x9:00000001
14943505ns          244152 1c008c6a 01900933 add              x18, x0, x25        x18=1000167c x25:1000167c
14943524ns          244153 1c008c6c 419d8db3 sub              x27, x27, x25       x27=efffe98d x27:00000009 x25:1000167c
14943942ns          244174 1c008c70 00a0006f jal              x0, 10             
14944002ns          244177 1c008c7a 0019450b p.lbu            x10, 1(x18!)        x10=00000031 x18=1000167d x18:1000167c  PA:1000167c
14944022ns          244178 1c008c7e 01a005b3 add              x11, x0, x26        x11=00000002 x26:00000002
14944439ns          244199 1c008c80 000b00e7 jalr             x1, x22, 0           x1=1c008c82 x22:1c008888
14944519ns          244203 1c008888 000026b7 lui              x13, 0x2000         x13=00002000
14944559ns          244205 1c00888a f14027f3 csrrs            x15, x0, 0xf14      x15=00000002
14944579ns          244206 1c00888e f8068693 addi             x13, x13, -128      x13=00001f80 x13:00002000
14944599ns          244207 1c008892 00379713 slli             x14, x15, 0x3       x14=00000010 x15:00000002
14944618ns          244208 1c008896 00279793 slli             x15, x15, 0x2       x15=00000008 x15:00000002
14944638ns          244209 1c008898 00d7f7b3 and              x15, x15, x13       x15=00000000 x15:00000008 x13:00001f80
14944658ns          244210 1c00889a ee873733 p.bclr           x14, x14, 23, 8     x14=00000010 x14:00000010
14944698ns          244212 1c00889e 1a10f6b7 lui              x13, 0x1a10f000     x13=1a10f000
14944738ns          244214 1c0088a2 0ff57513 andi             x10, x10, 255       x10=00000031 x10:00000031
14944758ns          244215 1c0088a6 00d70733 add              x14, x14, x13       x14=1a10f010 x14:00000010 x13:1a10f000
14944778ns          244216 1c0088a8 00a7e723 p.sw             x10, x0(x15)        x10:00000031 x15:00000000  PA:1a10f010
14945235ns          244239 1c0088ac 00000513 addi             x10, x0, 0          x10=00000000
14945255ns          244240 1c0088ae 00008067 jalr             x0, x1, 0            x1:1c008c82
14945334ns          244244 1c008c82 fff48493 addi             x9, x9, -1           x9=00000000  x9:00000001
14945374ns          244246 1c008c84 fff537e3 p.bneimm         x10, -18            x10:00000000
14945454ns          244250 1c008c72 012d8733 add              x14, x27, x18       x14=0000000a x27:efffe98d x18:1000167d
14945474ns          244251 1c008c76 5a048b63 beq              x9, x0, 1462         x9:00000000
14945852ns          244270 1c00922c 00e00db3 add              x27, x0, x14        x27=0000000a x14:0000000a
14946309ns          244293 1c00922e f3cff06f jal              x0, -2244          
14946428ns          244299 1c00896a 00044503 lbu              x10, 0(x8)          x10=00000020  x8:1c000027  PA:1c000027
14946727ns          244314 1c00896e 00140413 addi             x8, x8, 1            x8=1c000028  x8:1c000027
14946747ns          244315 1c008970 00050e63 beq              x10, x0, 28         x10:00000020
14946767ns          244316 1c008972 02500793 addi             x15, x0, 37         x15=00000025
14946786ns          244317 1c008976 04f50863 beq              x10, x15, 80        x10:00000020 x15:00000025
14946806ns          244318 1c00897a 01a005b3 add              x11, x0, x26        x11=00000002 x26:00000002
14946826ns          244319 1c00897c 000b00e7 jalr             x1, x22, 0           x1=1c00897e x22:1c008888
14946906ns          244323 1c008888 000026b7 lui              x13, 0x2000         x13=00002000
14946926ns          244324 1c00888a f14027f3 csrrs            x15, x0, 0xf14      x15=00000002
14946946ns          244325 1c00888e f8068693 addi             x13, x13, -128      x13=00001f80 x13:00002000
14946966ns          244326 1c008892 00379713 slli             x14, x15, 0x3       x14=00000010 x15:00000002
14946985ns          244327 1c008896 00279793 slli             x15, x15, 0x2       x15=00000008 x15:00000002
14947005ns          244328 1c008898 00d7f7b3 and              x15, x15, x13       x15=00000000 x15:00000008 x13:00001f80
14947025ns          244329 1c00889a ee873733 p.bclr           x14, x14, 23, 8     x14=00000010 x14:00000010
14947045ns          244330 1c00889e 1a10f6b7 lui              x13, 0x1a10f000     x13=1a10f000
14947065ns          244331 1c0088a2 0ff57513 andi             x10, x10, 255       x10=00000020 x10:00000020
14947085ns          244332 1c0088a6 00d70733 add              x14, x14, x13       x14=1a10f010 x14:00000010 x13:1a10f000
14947105ns          244333 1c0088a8 00a7e723 p.sw             x10, x0(x15)        x10:00000020 x15:00000000  PA:1a10f010
14947522ns          244354 1c0088ac 00000513 addi             x10, x0, 0          x10=00000000
14947542ns          244355 1c0088ae 00008067 jalr             x0, x1, 0            x1:1c00897e
14947602ns          244358 1c00897e 31f52563 p.beqimm         x10, 778            x10:00000000
14947622ns          244359 1c008982 001d8d93 addi             x27, x27, 1         x27=0000000b x27:0000000a
14947642ns          244360 1c008984 00044503 lbu              x10, 0(x8)          x10=0000006b  x8:1c000028  PA:1c000028
14947960ns          244376 1c008988 00140413 addi             x8, x8, 1            x8=1c000029  x8:1c000028
14947980ns          244377 1c00898a fe0514e3 bne              x10, x0, -24        x10:0000006b
14948059ns          244381 1c008972 02500793 addi             x15, x0, 37         x15=00000025
14948079ns          244382 1c008976 04f50863 beq              x10, x15, 80        x10:0000006b x15:00000025
14948099ns          244383 1c00897a 01a005b3 add              x11, x0, x26        x11=00000002 x26:00000002
14948119ns          244384 1c00897c 000b00e7 jalr             x1, x22, 0           x1=1c00897e x22:1c008888
14948159ns          244386 1c008888 000026b7 lui              x13, 0x2000         x13=00002000
14948179ns          244387 1c00888a f14027f3 csrrs            x15, x0, 0xf14      x15=00000002
14948199ns          244388 1c00888e f8068693 addi             x13, x13, -128      x13=00001f80 x13:00002000
14948219ns          244389 1c008892 00379713 slli             x14, x15, 0x3       x14=00000010 x15:00000002
14948239ns          244390 1c008896 00279793 slli             x15, x15, 0x2       x15=00000008 x15:00000002
14948258ns          244391 1c008898 00d7f7b3 and              x15, x15, x13       x15=00000000 x15:00000008 x13:00001f80
14948278ns          244392 1c00889a ee873733 p.bclr           x14, x14, 23, 8     x14=00000010 x14:00000010
14948298ns          244393 1c00889e 1a10f6b7 lui              x13, 0x1a10f000     x13=1a10f000
14948318ns          244394 1c0088a2 0ff57513 andi             x10, x10, 255       x10=0000006b x10:0000006b
14948338ns          244395 1c0088a6 00d70733 add              x14, x14, x13       x14=1a10f010 x14:00000010 x13:1a10f000
14948358ns          244396 1c0088a8 00a7e723 p.sw             x10, x0(x15)        x10:0000006b x15:00000000  PA:1a10f010
14948676ns          244412 1c0088ac 00000513 addi             x10, x0, 0          x10=00000000
14948696ns          244413 1c0088ae 00008067 jalr             x0, x1, 0            x1:1c00897e
14948756ns          244416 1c00897e 31f52563 p.beqimm         x10, 778            x10:00000000
14948776ns          244417 1c008982 001d8d93 addi             x27, x27, 1         x27=0000000c x27:0000000b
14948795ns          244418 1c008984 00044503 lbu              x10, 0(x8)          x10=00000065  x8:1c000029  PA:1c000029
14949094ns          244433 1c008988 00140413 addi             x8, x8, 1            x8=1c00002a  x8:1c000029
14949114ns          244434 1c00898a fe0514e3 bne              x10, x0, -24        x10:00000065
14949193ns          244438 1c008972 02500793 addi             x15, x0, 37         x15=00000025
14949213ns          244439 1c008976 04f50863 beq              x10, x15, 80        x10:00000065 x15:00000025
14949233ns          244440 1c00897a 01a005b3 add              x11, x0, x26        x11=00000002 x26:00000002
14949253ns          244441 1c00897c 000b00e7 jalr             x1, x22, 0           x1=1c00897e x22:1c008888
14949293ns          244443 1c008888 000026b7 lui              x13, 0x2000         x13=00002000
14949313ns          244444 1c00888a f14027f3 csrrs            x15, x0, 0xf14      x15=00000002
14949333ns          244445 1c00888e f8068693 addi             x13, x13, -128      x13=00001f80 x13:00002000
14949352ns          244446 1c008892 00379713 slli             x14, x15, 0x3       x14=00000010 x15:00000002
14949372ns          244447 1c008896 00279793 slli             x15, x15, 0x2       x15=00000008 x15:00000002
14949392ns          244448 1c008898 00d7f7b3 and              x15, x15, x13       x15=00000000 x15:00000008 x13:00001f80
14949412ns          244449 1c00889a ee873733 p.bclr           x14, x14, 23, 8     x14=00000010 x14:00000010
14949432ns          244450 1c00889e 1a10f6b7 lui              x13, 0x1a10f000     x13=1a10f000
14949452ns          244451 1c0088a2 0ff57513 andi             x10, x10, 255       x10=00000065 x10:00000065
14949472ns          244452 1c0088a6 00d70733 add              x14, x14, x13       x14=1a10f010 x14:00000010 x13:1a10f000
14949492ns          244453 1c0088a8 00a7e723 p.sw             x10, x0(x15)        x10:00000065 x15:00000000  PA:1a10f010
14949810ns          244469 1c0088ac 00000513 addi             x10, x0, 0          x10=00000000
14949830ns          244470 1c0088ae 00008067 jalr             x0, x1, 0            x1:1c00897e
14949889ns          244473 1c00897e 31f52563 p.beqimm         x10, 778            x10:00000000
14949909ns          244474 1c008982 001d8d93 addi             x27, x27, 1         x27=0000000d x27:0000000c
14949929ns          244475 1c008984 00044503 lbu              x10, 0(x8)          x10=00000072  x8:1c00002a  PA:1c00002a
14950228ns          244490 1c008988 00140413 addi             x8, x8, 1            x8=1c00002b  x8:1c00002a
14950247ns          244491 1c00898a fe0514e3 bne              x10, x0, -24        x10:00000072
14950327ns          244495 1c008972 02500793 addi             x15, x0, 37         x15=00000025
14950347ns          244496 1c008976 04f50863 beq              x10, x15, 80        x10:00000072 x15:00000025
14950367ns          244497 1c00897a 01a005b3 add              x11, x0, x26        x11=00000002 x26:00000002
14950387ns          244498 1c00897c 000b00e7 jalr             x1, x22, 0           x1=1c00897e x22:1c008888
14950426ns          244500 1c008888 000026b7 lui              x13, 0x2000         x13=00002000
14950446ns          244501 1c00888a f14027f3 csrrs            x15, x0, 0xf14      x15=00000002
14950466ns          244502 1c00888e f8068693 addi             x13, x13, -128      x13=00001f80 x13:00002000
14950486ns          244503 1c008892 00379713 slli             x14, x15, 0x3       x14=00000010 x15:00000002
14950506ns          244504 1c008896 00279793 slli             x15, x15, 0x2       x15=00000008 x15:00000002
14950526ns          244505 1c008898 00d7f7b3 and              x15, x15, x13       x15=00000000 x15:00000008 x13:00001f80
14950546ns          244506 1c00889a ee873733 p.bclr           x14, x14, 23, 8     x14=00000010 x14:00000010
14950566ns          244507 1c00889e 1a10f6b7 lui              x13, 0x1a10f000     x13=1a10f000
14950586ns          244508 1c0088a2 0ff57513 andi             x10, x10, 255       x10=00000072 x10:00000072
14950606ns          244509 1c0088a6 00d70733 add              x14, x14, x13       x14=1a10f010 x14:00000010 x13:1a10f000
14950625ns          244510 1c0088a8 00a7e723 p.sw             x10, x0(x15)        x10:00000072 x15:00000000  PA:1a10f010
14950944ns          244526 1c0088ac 00000513 addi             x10, x0, 0          x10=00000000
14950964ns          244527 1c0088ae 00008067 jalr             x0, x1, 0            x1:1c00897e
14951023ns          244530 1c00897e 31f52563 p.beqimm         x10, 778            x10:00000000
14951043ns          244531 1c008982 001d8d93 addi             x27, x27, 1         x27=0000000e x27:0000000d
14951063ns          244532 1c008984 00044503 lbu              x10, 0(x8)          x10=0000006e  x8:1c00002b  PA:1c00002b
14951361ns          244547 1c008988 00140413 addi             x8, x8, 1            x8=1c00002c  x8:1c00002b
14951381ns          244548 1c00898a fe0514e3 bne              x10, x0, -24        x10:0000006e
14951461ns          244552 1c008972 02500793 addi             x15, x0, 37         x15=00000025
14951481ns          244553 1c008976 04f50863 beq              x10, x15, 80        x10:0000006e x15:00000025
14951501ns          244554 1c00897a 01a005b3 add              x11, x0, x26        x11=00000002 x26:00000002
14951520ns          244555 1c00897c 000b00e7 jalr             x1, x22, 0           x1=1c00897e x22:1c008888
14951560ns          244557 1c008888 000026b7 lui              x13, 0x2000         x13=00002000
14951580ns          244558 1c00888a f14027f3 csrrs            x15, x0, 0xf14      x15=00000002
14951600ns          244559 1c00888e f8068693 addi             x13, x13, -128      x13=00001f80 x13:00002000
14951620ns          244560 1c008892 00379713 slli             x14, x15, 0x3       x14=00000010 x15:00000002
14951640ns          244561 1c008896 00279793 slli             x15, x15, 0x2       x15=00000008 x15:00000002
14951660ns          244562 1c008898 00d7f7b3 and              x15, x15, x13       x15=00000000 x15:00000008 x13:00001f80
14951680ns          244563 1c00889a ee873733 p.bclr           x14, x14, 23, 8     x14=00000010 x14:00000010
14951700ns          244564 1c00889e 1a10f6b7 lui              x13, 0x1a10f000     x13=1a10f000
14951719ns          244565 1c0088a2 0ff57513 andi             x10, x10, 255       x10=0000006e x10:0000006e
14951739ns          244566 1c0088a6 00d70733 add              x14, x14, x13       x14=1a10f010 x14:00000010 x13:1a10f000
14951759ns          244567 1c0088a8 00a7e723 p.sw             x10, x0(x15)        x10:0000006e x15:00000000  PA:1a10f010
14952097ns          244584 1c0088ac 00000513 addi             x10, x0, 0          x10=00000000
14952117ns          244585 1c0088ae 00008067 jalr             x0, x1, 0            x1:1c00897e
14952177ns          244588 1c00897e 31f52563 p.beqimm         x10, 778            x10:00000000
14952197ns          244589 1c008982 001d8d93 addi             x27, x27, 1         x27=0000000f x27:0000000e
14952217ns          244590 1c008984 00044503 lbu              x10, 0(x8)          x10=00000065  x8:1c00002c  PA:1c00002c
14952515ns          244605 1c008988 00140413 addi             x8, x8, 1            x8=1c00002d  x8:1c00002c
14952535ns          244606 1c00898a fe0514e3 bne              x10, x0, -24        x10:00000065
14952614ns          244610 1c008972 02500793 addi             x15, x0, 37         x15=00000025
14952634ns          244611 1c008976 04f50863 beq              x10, x15, 80        x10:00000065 x15:00000025
14952654ns          244612 1c00897a 01a005b3 add              x11, x0, x26        x11=00000002 x26:00000002
14952674ns          244613 1c00897c 000b00e7 jalr             x1, x22, 0           x1=1c00897e x22:1c008888
14952714ns          244615 1c008888 000026b7 lui              x13, 0x2000         x13=00002000
14952734ns          244616 1c00888a f14027f3 csrrs            x15, x0, 0xf14      x15=00000002
14952754ns          244617 1c00888e f8068693 addi             x13, x13, -128      x13=00001f80 x13:00002000
14952774ns          244618 1c008892 00379713 slli             x14, x15, 0x3       x14=00000010 x15:00000002
14952793ns          244619 1c008896 00279793 slli             x15, x15, 0x2       x15=00000008 x15:00000002
14952813ns          244620 1c008898 00d7f7b3 and              x15, x15, x13       x15=00000000 x15:00000008 x13:00001f80
14952833ns          244621 1c00889a ee873733 p.bclr           x14, x14, 23, 8     x14=00000010 x14:00000010
14952853ns          244622 1c00889e 1a10f6b7 lui              x13, 0x1a10f000     x13=1a10f000
14952873ns          244623 1c0088a2 0ff57513 andi             x10, x10, 255       x10=00000065 x10:00000065
14952893ns          244624 1c0088a6 00d70733 add              x14, x14, x13       x14=1a10f010 x14:00000010 x13:1a10f000
14952913ns          244625 1c0088a8 00a7e723 p.sw             x10, x0(x15)        x10:00000065 x15:00000000  PA:1a10f010
14953251ns          244642 1c0088ac 00000513 addi             x10, x0, 0          x10=00000000
14953271ns          244643 1c0088ae 00008067 jalr             x0, x1, 0            x1:1c00897e
14953331ns          244646 1c00897e 31f52563 p.beqimm         x10, 778            x10:00000000
14953350ns          244647 1c008982 001d8d93 addi             x27, x27, 1         x27=00000010 x27:0000000f
14953370ns          244648 1c008984 00044503 lbu              x10, 0(x8)          x10=0000006c  x8:1c00002d  PA:1c00002d
14953669ns          244663 1c008988 00140413 addi             x8, x8, 1            x8=1c00002e  x8:1c00002d
14953689ns          244664 1c00898a fe0514e3 bne              x10, x0, -24        x10:0000006c
14953768ns          244668 1c008972 02500793 addi             x15, x0, 37         x15=00000025
14953788ns          244669 1c008976 04f50863 beq              x10, x15, 80        x10:0000006c x15:00000025
14953808ns          244670 1c00897a 01a005b3 add              x11, x0, x26        x11=00000002 x26:00000002
14953828ns          244671 1c00897c 000b00e7 jalr             x1, x22, 0           x1=1c00897e x22:1c008888
14953868ns          244673 1c008888 000026b7 lui              x13, 0x2000         x13=00002000
14953887ns          244674 1c00888a f14027f3 csrrs            x15, x0, 0xf14      x15=00000002
14953907ns          244675 1c00888e f8068693 addi             x13, x13, -128      x13=00001f80 x13:00002000
14953927ns          244676 1c008892 00379713 slli             x14, x15, 0x3       x14=00000010 x15:00000002
14953947ns          244677 1c008896 00279793 slli             x15, x15, 0x2       x15=00000008 x15:00000002
14953967ns          244678 1c008898 00d7f7b3 and              x15, x15, x13       x15=00000000 x15:00000008 x13:00001f80
14953987ns          244679 1c00889a ee873733 p.bclr           x14, x14, 23, 8     x14=00000010 x14:00000010
14954007ns          244680 1c00889e 1a10f6b7 lui              x13, 0x1a10f000     x13=1a10f000
14954027ns          244681 1c0088a2 0ff57513 andi             x10, x10, 255       x10=0000006c x10:0000006c
14954047ns          244682 1c0088a6 00d70733 add              x14, x14, x13       x14=1a10f010 x14:00000010 x13:1a10f000
14954067ns          244683 1c0088a8 00a7e723 p.sw             x10, x0(x15)        x10:0000006c x15:00000000  PA:1a10f010
14954385ns          244699 1c0088ac 00000513 addi             x10, x0, 0          x10=00000000
14954405ns          244700 1c0088ae 00008067 jalr             x0, x1, 0            x1:1c00897e
14954464ns          244703 1c00897e 31f52563 p.beqimm         x10, 778            x10:00000000
14954484ns          244704 1c008982 001d8d93 addi             x27, x27, 1         x27=00000011 x27:00000010
14954504ns          244705 1c008984 00044503 lbu              x10, 0(x8)          x10=00000020  x8:1c00002e  PA:1c00002e
14954802ns          244720 1c008988 00140413 addi             x8, x8, 1            x8=1c00002f  x8:1c00002e
14954822ns          244721 1c00898a fe0514e3 bne              x10, x0, -24        x10:00000020
14954902ns          244725 1c008972 02500793 addi             x15, x0, 37         x15=00000025
14954922ns          244726 1c008976 04f50863 beq              x10, x15, 80        x10:00000020 x15:00000025
14954942ns          244727 1c00897a 01a005b3 add              x11, x0, x26        x11=00000002 x26:00000002
14954962ns          244728 1c00897c 000b00e7 jalr             x1, x22, 0           x1=1c00897e x22:1c008888
14955001ns          244730 1c008888 000026b7 lui              x13, 0x2000         x13=00002000
14955021ns          244731 1c00888a f14027f3 csrrs            x15, x0, 0xf14      x15=00000002
14955041ns          244732 1c00888e f8068693 addi             x13, x13, -128      x13=00001f80 x13:00002000
14955061ns          244733 1c008892 00379713 slli             x14, x15, 0x3       x14=00000010 x15:00000002
14955081ns          244734 1c008896 00279793 slli             x15, x15, 0x2       x15=00000008 x15:00000002
14955101ns          244735 1c008898 00d7f7b3 and              x15, x15, x13       x15=00000000 x15:00000008 x13:00001f80
14955121ns          244736 1c00889a ee873733 p.bclr           x14, x14, 23, 8     x14=00000010 x14:00000010
14955141ns          244737 1c00889e 1a10f6b7 lui              x13, 0x1a10f000     x13=1a10f000
14955160ns          244738 1c0088a2 0ff57513 andi             x10, x10, 255       x10=00000020 x10:00000020
14955180ns          244739 1c0088a6 00d70733 add              x14, x14, x13       x14=1a10f010 x14:00000010 x13:1a10f000
14955200ns          244740 1c0088a8 00a7e723 p.sw             x10, x0(x15)        x10:00000020 x15:00000000  PA:1a10f010
14955538ns          244757 1c0088ac 00000513 addi             x10, x0, 0          x10=00000000
14955558ns          244758 1c0088ae 00008067 jalr             x0, x1, 0            x1:1c00897e
14955618ns          244761 1c00897e 31f52563 p.beqimm         x10, 778            x10:00000000
14955638ns          244762 1c008982 001d8d93 addi             x27, x27, 1         x27=00000012 x27:00000011
14955658ns          244763 1c008984 00044503 lbu              x10, 0(x8)          x10=00000069  x8:1c00002f  PA:1c00002f
14955976ns          244779 1c008988 00140413 addi             x8, x8, 1            x8=1c000030  x8:1c00002f
14955996ns          244780 1c00898a fe0514e3 bne              x10, x0, -24        x10:00000069
14956075ns          244784 1c008972 02500793 addi             x15, x0, 37         x15=00000025
14956095ns          244785 1c008976 04f50863 beq              x10, x15, 80        x10:00000069 x15:00000025
14956115ns          244786 1c00897a 01a005b3 add              x11, x0, x26        x11=00000002 x26:00000002
14956135ns          244787 1c00897c 000b00e7 jalr             x1, x22, 0           x1=1c00897e x22:1c008888
14956175ns          244789 1c008888 000026b7 lui              x13, 0x2000         x13=00002000
14956195ns          244790 1c00888a f14027f3 csrrs            x15, x0, 0xf14      x15=00000002
14956215ns          244791 1c00888e f8068693 addi             x13, x13, -128      x13=00001f80 x13:00002000
14956235ns          244792 1c008892 00379713 slli             x14, x15, 0x3       x14=00000010 x15:00000002
14956254ns          244793 1c008896 00279793 slli             x15, x15, 0x2       x15=00000008 x15:00000002
14956274ns          244794 1c008898 00d7f7b3 and              x15, x15, x13       x15=00000000 x15:00000008 x13:00001f80
14956294ns          244795 1c00889a ee873733 p.bclr           x14, x14, 23, 8     x14=00000010 x14:00000010
14956314ns          244796 1c00889e 1a10f6b7 lui              x13, 0x1a10f000     x13=1a10f000
14956334ns          244797 1c0088a2 0ff57513 andi             x10, x10, 255       x10=00000069 x10:00000069
14956354ns          244798 1c0088a6 00d70733 add              x14, x14, x13       x14=1a10f010 x14:00000010 x13:1a10f000
14956374ns          244799 1c0088a8 00a7e723 p.sw             x10, x0(x15)        x10:00000069 x15:00000000  PA:1a10f010
14956692ns          244815 1c0088ac 00000513 addi             x10, x0, 0          x10=00000000
14956712ns          244816 1c0088ae 00008067 jalr             x0, x1, 0            x1:1c00897e
14956772ns          244819 1c00897e 31f52563 p.beqimm         x10, 778            x10:00000000
14956792ns          244820 1c008982 001d8d93 addi             x27, x27, 1         x27=00000013 x27:00000012
14956811ns          244821 1c008984 00044503 lbu              x10, 0(x8)          x10=00000074  x8:1c000030  PA:1c000030
14957110ns          244836 1c008988 00140413 addi             x8, x8, 1            x8=1c000031  x8:1c000030
14957130ns          244837 1c00898a fe0514e3 bne              x10, x0, -24        x10:00000074
14957209ns          244841 1c008972 02500793 addi             x15, x0, 37         x15=00000025
14957229ns          244842 1c008976 04f50863 beq              x10, x15, 80        x10:00000074 x15:00000025
14957249ns          244843 1c00897a 01a005b3 add              x11, x0, x26        x11=00000002 x26:00000002
14957269ns          244844 1c00897c 000b00e7 jalr             x1, x22, 0           x1=1c00897e x22:1c008888
14957309ns          244846 1c008888 000026b7 lui              x13, 0x2000         x13=00002000
14957329ns          244847 1c00888a f14027f3 csrrs            x15, x0, 0xf14      x15=00000002
14957348ns          244848 1c00888e f8068693 addi             x13, x13, -128      x13=00001f80 x13:00002000
14957368ns          244849 1c008892 00379713 slli             x14, x15, 0x3       x14=00000010 x15:00000002
14957388ns          244850 1c008896 00279793 slli             x15, x15, 0x2       x15=00000008 x15:00000002
14957408ns          244851 1c008898 00d7f7b3 and              x15, x15, x13       x15=00000000 x15:00000008 x13:00001f80
14957428ns          244852 1c00889a ee873733 p.bclr           x14, x14, 23, 8     x14=00000010 x14:00000010
14957448ns          244853 1c00889e 1a10f6b7 lui              x13, 0x1a10f000     x13=1a10f000
14957468ns          244854 1c0088a2 0ff57513 andi             x10, x10, 255       x10=00000074 x10:00000074
14957488ns          244855 1c0088a6 00d70733 add              x14, x14, x13       x14=1a10f010 x14:00000010 x13:1a10f000
14957508ns          244856 1c0088a8 00a7e723 p.sw             x10, x0(x15)        x10:00000074 x15:00000000  PA:1a10f010
14957826ns          244872 1c0088ac 00000513 addi             x10, x0, 0          x10=00000000
14957846ns          244873 1c0088ae 00008067 jalr             x0, x1, 0            x1:1c00897e
14957905ns          244876 1c00897e 31f52563 p.beqimm         x10, 778            x10:00000000
14957925ns          244877 1c008982 001d8d93 addi             x27, x27, 1         x27=00000014 x27:00000013
14957945ns          244878 1c008984 00044503 lbu              x10, 0(x8)          x10=00000065  x8:1c000031  PA:1c000031
14958244ns          244893 1c008988 00140413 addi             x8, x8, 1            x8=1c000032  x8:1c000031
14958263ns          244894 1c00898a fe0514e3 bne              x10, x0, -24        x10:00000065
14958343ns          244898 1c008972 02500793 addi             x15, x0, 37         x15=00000025
14958363ns          244899 1c008976 04f50863 beq              x10, x15, 80        x10:00000065 x15:00000025
14958383ns          244900 1c00897a 01a005b3 add              x11, x0, x26        x11=00000002 x26:00000002
14958403ns          244901 1c00897c 000b00e7 jalr             x1, x22, 0           x1=1c00897e x22:1c008888
14958442ns          244903 1c008888 000026b7 lui              x13, 0x2000         x13=00002000
14958462ns          244904 1c00888a f14027f3 csrrs            x15, x0, 0xf14      x15=00000002
14958482ns          244905 1c00888e f8068693 addi             x13, x13, -128      x13=00001f80 x13:00002000
14958502ns          244906 1c008892 00379713 slli             x14, x15, 0x3       x14=00000010 x15:00000002
14958522ns          244907 1c008896 00279793 slli             x15, x15, 0x2       x15=00000008 x15:00000002
14958542ns          244908 1c008898 00d7f7b3 and              x15, x15, x13       x15=00000000 x15:00000008 x13:00001f80
14958562ns          244909 1c00889a ee873733 p.bclr           x14, x14, 23, 8     x14=00000010 x14:00000010
14958582ns          244910 1c00889e 1a10f6b7 lui              x13, 0x1a10f000     x13=1a10f000
14958602ns          244911 1c0088a2 0ff57513 andi             x10, x10, 255       x10=00000065 x10:00000065
14958621ns          244912 1c0088a6 00d70733 add              x14, x14, x13       x14=1a10f010 x14:00000010 x13:1a10f000
14958641ns          244913 1c0088a8 00a7e723 p.sw             x10, x0(x15)        x10:00000065 x15:00000000  PA:1a10f010
14958960ns          244929 1c0088ac 00000513 addi             x10, x0, 0          x10=00000000
14958980ns          244930 1c0088ae 00008067 jalr             x0, x1, 0            x1:1c00897e
14959039ns          244933 1c00897e 31f52563 p.beqimm         x10, 778            x10:00000000
14959059ns          244934 1c008982 001d8d93 addi             x27, x27, 1         x27=00000015 x27:00000014
14959079ns          244935 1c008984 00044503 lbu              x10, 0(x8)          x10=00000072  x8:1c000032  PA:1c000032
14959377ns          244950 1c008988 00140413 addi             x8, x8, 1            x8=1c000033  x8:1c000032
14959397ns          244951 1c00898a fe0514e3 bne              x10, x0, -24        x10:00000072
14959477ns          244955 1c008972 02500793 addi             x15, x0, 37         x15=00000025
14959497ns          244956 1c008976 04f50863 beq              x10, x15, 80        x10:00000072 x15:00000025
14959517ns          244957 1c00897a 01a005b3 add              x11, x0, x26        x11=00000002 x26:00000002
14959536ns          244958 1c00897c 000b00e7 jalr             x1, x22, 0           x1=1c00897e x22:1c008888
14959576ns          244960 1c008888 000026b7 lui              x13, 0x2000         x13=00002000
14959596ns          244961 1c00888a f14027f3 csrrs            x15, x0, 0xf14      x15=00000002
14959616ns          244962 1c00888e f8068693 addi             x13, x13, -128      x13=00001f80 x13:00002000
14959636ns          244963 1c008892 00379713 slli             x14, x15, 0x3       x14=00000010 x15:00000002
14959656ns          244964 1c008896 00279793 slli             x15, x15, 0x2       x15=00000008 x15:00000002
14959676ns          244965 1c008898 00d7f7b3 and              x15, x15, x13       x15=00000000 x15:00000008 x13:00001f80
14959696ns          244966 1c00889a ee873733 p.bclr           x14, x14, 23, 8     x14=00000010 x14:00000010
14959715ns          244967 1c00889e 1a10f6b7 lui              x13, 0x1a10f000     x13=1a10f000
14959735ns          244968 1c0088a2 0ff57513 andi             x10, x10, 255       x10=00000072 x10:00000072
14959755ns          244969 1c0088a6 00d70733 add              x14, x14, x13       x14=1a10f010 x14:00000010 x13:1a10f000
14959775ns          244970 1c0088a8 00a7e723 p.sw             x10, x0(x15)        x10:00000072 x15:00000000  PA:1a10f010
14960113ns          244987 1c0088ac 00000513 addi             x10, x0, 0          x10=00000000
14960133ns          244988 1c0088ae 00008067 jalr             x0, x1, 0            x1:1c00897e
14960193ns          244991 1c00897e 31f52563 p.beqimm         x10, 778            x10:00000000
14960213ns          244992 1c008982 001d8d93 addi             x27, x27, 1         x27=00000016 x27:00000015
14960233ns          244993 1c008984 00044503 lbu              x10, 0(x8)          x10=00000061  x8:1c000033  PA:1c000033
14960531ns          245008 1c008988 00140413 addi             x8, x8, 1            x8=1c000034  x8:1c000033
14960551ns          245009 1c00898a fe0514e3 bne              x10, x0, -24        x10:00000061
14960630ns          245013 1c008972 02500793 addi             x15, x0, 37         x15=00000025
14960650ns          245014 1c008976 04f50863 beq              x10, x15, 80        x10:00000061 x15:00000025
14960670ns          245015 1c00897a 01a005b3 add              x11, x0, x26        x11=00000002 x26:00000002
14960690ns          245016 1c00897c 000b00e7 jalr             x1, x22, 0           x1=1c00897e x22:1c008888
14960730ns          245018 1c008888 000026b7 lui              x13, 0x2000         x13=00002000
14960750ns          245019 1c00888a f14027f3 csrrs            x15, x0, 0xf14      x15=00000002
14960770ns          245020 1c00888e f8068693 addi             x13, x13, -128      x13=00001f80 x13:00002000
14960790ns          245021 1c008892 00379713 slli             x14, x15, 0x3       x14=00000010 x15:00000002
14960809ns          245022 1c008896 00279793 slli             x15, x15, 0x2       x15=00000008 x15:00000002
14960829ns          245023 1c008898 00d7f7b3 and              x15, x15, x13       x15=00000000 x15:00000008 x13:00001f80
14960849ns          245024 1c00889a ee873733 p.bclr           x14, x14, 23, 8     x14=00000010 x14:00000010
14960869ns          245025 1c00889e 1a10f6b7 lui              x13, 0x1a10f000     x13=1a10f000
14960889ns          245026 1c0088a2 0ff57513 andi             x10, x10, 255       x10=00000061 x10:00000061
14960909ns          245027 1c0088a6 00d70733 add              x14, x14, x13       x14=1a10f010 x14:00000010 x13:1a10f000
14960929ns          245028 1c0088a8 00a7e723 p.sw             x10, x0(x15)        x10:00000061 x15:00000000  PA:1a10f010
14961267ns          245045 1c0088ac 00000513 addi             x10, x0, 0          x10=00000000
14961287ns          245046 1c0088ae 00008067 jalr             x0, x1, 0            x1:1c00897e
14961347ns          245049 1c00897e 31f52563 p.beqimm         x10, 778            x10:00000000
14961366ns          245050 1c008982 001d8d93 addi             x27, x27, 1         x27=00000017 x27:00000016
14961386ns          245051 1c008984 00044503 lbu              x10, 0(x8)          x10=00000074  x8:1c000034  PA:1c000034
14961685ns          245066 1c008988 00140413 addi             x8, x8, 1            x8=1c000035  x8:1c000034
14961705ns          245067 1c00898a fe0514e3 bne              x10, x0, -24        x10:00000074
14961784ns          245071 1c008972 02500793 addi             x15, x0, 37         x15=00000025
14961804ns          245072 1c008976 04f50863 beq              x10, x15, 80        x10:00000074 x15:00000025
14961824ns          245073 1c00897a 01a005b3 add              x11, x0, x26        x11=00000002 x26:00000002
14961844ns          245074 1c00897c 000b00e7 jalr             x1, x22, 0           x1=1c00897e x22:1c008888
14961884ns          245076 1c008888 000026b7 lui              x13, 0x2000         x13=00002000
14961903ns          245077 1c00888a f14027f3 csrrs            x15, x0, 0xf14      x15=00000002
14961923ns          245078 1c00888e f8068693 addi             x13, x13, -128      x13=00001f80 x13:00002000
14961943ns          245079 1c008892 00379713 slli             x14, x15, 0x3       x14=00000010 x15:00000002
14961963ns          245080 1c008896 00279793 slli             x15, x15, 0x2       x15=00000008 x15:00000002
14961983ns          245081 1c008898 00d7f7b3 and              x15, x15, x13       x15=00000000 x15:00000008 x13:00001f80
14962003ns          245082 1c00889a ee873733 p.bclr           x14, x14, 23, 8     x14=00000010 x14:00000010
14962023ns          245083 1c00889e 1a10f6b7 lui              x13, 0x1a10f000     x13=1a10f000
14962043ns          245084 1c0088a2 0ff57513 andi             x10, x10, 255       x10=00000074 x10:00000074
14962063ns          245085 1c0088a6 00d70733 add              x14, x14, x13       x14=1a10f010 x14:00000010 x13:1a10f000
14962082ns          245086 1c0088a8 00a7e723 p.sw             x10, x0(x15)        x10:00000074 x15:00000000  PA:1a10f010
14962401ns          245102 1c0088ac 00000513 addi             x10, x0, 0          x10=00000000
14962421ns          245103 1c0088ae 00008067 jalr             x0, x1, 0            x1:1c00897e
14962480ns          245106 1c00897e 31f52563 p.beqimm         x10, 778            x10:00000000
14962500ns          245107 1c008982 001d8d93 addi             x27, x27, 1         x27=00000018 x27:00000017
14962520ns          245108 1c008984 00044503 lbu              x10, 0(x8)          x10=00000069  x8:1c000035  PA:1c000035
14962818ns          245123 1c008988 00140413 addi             x8, x8, 1            x8=1c000036  x8:1c000035
14962838ns          245124 1c00898a fe0514e3 bne              x10, x0, -24        x10:00000069
14962918ns          245128 1c008972 02500793 addi             x15, x0, 37         x15=00000025
14962938ns          245129 1c008976 04f50863 beq              x10, x15, 80        x10:00000069 x15:00000025
14962958ns          245130 1c00897a 01a005b3 add              x11, x0, x26        x11=00000002 x26:00000002
14962978ns          245131 1c00897c 000b00e7 jalr             x1, x22, 0           x1=1c00897e x22:1c008888
14963017ns          245133 1c008888 000026b7 lui              x13, 0x2000         x13=00002000
14963037ns          245134 1c00888a f14027f3 csrrs            x15, x0, 0xf14      x15=00000002
14963057ns          245135 1c00888e f8068693 addi             x13, x13, -128      x13=00001f80 x13:00002000
14963077ns          245136 1c008892 00379713 slli             x14, x15, 0x3       x14=00000010 x15:00000002
14963097ns          245137 1c008896 00279793 slli             x15, x15, 0x2       x15=00000008 x15:00000002
14963117ns          245138 1c008898 00d7f7b3 and              x15, x15, x13       x15=00000000 x15:00000008 x13:00001f80
14963137ns          245139 1c00889a ee873733 p.bclr           x14, x14, 23, 8     x14=00000010 x14:00000010
14963157ns          245140 1c00889e 1a10f6b7 lui              x13, 0x1a10f000     x13=1a10f000
14963176ns          245141 1c0088a2 0ff57513 andi             x10, x10, 255       x10=00000069 x10:00000069
14963196ns          245142 1c0088a6 00d70733 add              x14, x14, x13       x14=1a10f010 x14:00000010 x13:1a10f000
14963216ns          245143 1c0088a8 00a7e723 p.sw             x10, x0(x15)        x10:00000069 x15:00000000  PA:1a10f010
14963535ns          245159 1c0088ac 00000513 addi             x10, x0, 0          x10=00000000
14963554ns          245160 1c0088ae 00008067 jalr             x0, x1, 0            x1:1c00897e
14963614ns          245163 1c00897e 31f52563 p.beqimm         x10, 778            x10:00000000
14963634ns          245164 1c008982 001d8d93 addi             x27, x27, 1         x27=00000019 x27:00000018
14963654ns          245165 1c008984 00044503 lbu              x10, 0(x8)          x10=0000006f  x8:1c000036  PA:1c000036
14963972ns          245181 1c008988 00140413 addi             x8, x8, 1            x8=1c000037  x8:1c000036
14963992ns          245182 1c00898a fe0514e3 bne              x10, x0, -24        x10:0000006f
14964072ns          245186 1c008972 02500793 addi             x15, x0, 37         x15=00000025
14964091ns          245187 1c008976 04f50863 beq              x10, x15, 80        x10:0000006f x15:00000025
14964111ns          245188 1c00897a 01a005b3 add              x11, x0, x26        x11=00000002 x26:00000002
14964131ns          245189 1c00897c 000b00e7 jalr             x1, x22, 0           x1=1c00897e x22:1c008888
14964171ns          245191 1c008888 000026b7 lui              x13, 0x2000         x13=00002000
14964191ns          245192 1c00888a f14027f3 csrrs            x15, x0, 0xf14      x15=00000002
14964211ns          245193 1c00888e f8068693 addi             x13, x13, -128      x13=00001f80 x13:00002000
14964231ns          245194 1c008892 00379713 slli             x14, x15, 0x3       x14=00000010 x15:00000002
14964251ns          245195 1c008896 00279793 slli             x15, x15, 0x2       x15=00000008 x15:00000002
14964270ns          245196 1c008898 00d7f7b3 and              x15, x15, x13       x15=00000000 x15:00000008 x13:00001f80
14964290ns          245197 1c00889a ee873733 p.bclr           x14, x14, 23, 8     x14=00000010 x14:00000010
14964310ns          245198 1c00889e 1a10f6b7 lui              x13, 0x1a10f000     x13=1a10f000
14964330ns          245199 1c0088a2 0ff57513 andi             x10, x10, 255       x10=0000006f x10:0000006f
14964350ns          245200 1c0088a6 00d70733 add              x14, x14, x13       x14=1a10f010 x14:00000010 x13:1a10f000
14964370ns          245201 1c0088a8 00a7e723 p.sw             x10, x0(x15)        x10:0000006f x15:00000000  PA:1a10f010
14964688ns          245217 1c0088ac 00000513 addi             x10, x0, 0          x10=00000000
14964708ns          245218 1c0088ae 00008067 jalr             x0, x1, 0            x1:1c00897e
14964768ns          245221 1c00897e 31f52563 p.beqimm         x10, 778            x10:00000000
14964788ns          245222 1c008982 001d8d93 addi             x27, x27, 1         x27=0000001a x27:00000019
14964808ns          245223 1c008984 00044503 lbu              x10, 0(x8)          x10=0000006e  x8:1c000037  PA:1c000037
14965106ns          245238 1c008988 00140413 addi             x8, x8, 1            x8=1c000038  x8:1c000037
14965126ns          245239 1c00898a fe0514e3 bne              x10, x0, -24        x10:0000006e
14965205ns          245243 1c008972 02500793 addi             x15, x0, 37         x15=00000025
14965225ns          245244 1c008976 04f50863 beq              x10, x15, 80        x10:0000006e x15:00000025
14965245ns          245245 1c00897a 01a005b3 add              x11, x0, x26        x11=00000002 x26:00000002
14965265ns          245246 1c00897c 000b00e7 jalr             x1, x22, 0           x1=1c00897e x22:1c008888
14965305ns          245248 1c008888 000026b7 lui              x13, 0x2000         x13=00002000
14965325ns          245249 1c00888a f14027f3 csrrs            x15, x0, 0xf14      x15=00000002
14965345ns          245250 1c00888e f8068693 addi             x13, x13, -128      x13=00001f80 x13:00002000
14965364ns          245251 1c008892 00379713 slli             x14, x15, 0x3       x14=00000010 x15:00000002
14965384ns          245252 1c008896 00279793 slli             x15, x15, 0x2       x15=00000008 x15:00000002
14965404ns          245253 1c008898 00d7f7b3 and              x15, x15, x13       x15=00000000 x15:00000008 x13:00001f80
14965424ns          245254 1c00889a ee873733 p.bclr           x14, x14, 23, 8     x14=00000010 x14:00000010
14965444ns          245255 1c00889e 1a10f6b7 lui              x13, 0x1a10f000     x13=1a10f000
14965464ns          245256 1c0088a2 0ff57513 andi             x10, x10, 255       x10=0000006e x10:0000006e
14965484ns          245257 1c0088a6 00d70733 add              x14, x14, x13       x14=1a10f010 x14:00000010 x13:1a10f000
14965504ns          245258 1c0088a8 00a7e723 p.sw             x10, x0(x15)        x10:0000006e x15:00000000  PA:1a10f010
14965822ns          245274 1c0088ac 00000513 addi             x10, x0, 0          x10=00000000
14965842ns          245275 1c0088ae 00008067 jalr             x0, x1, 0            x1:1c00897e
14965902ns          245278 1c00897e 31f52563 p.beqimm         x10, 778            x10:00000000
14965921ns          245279 1c008982 001d8d93 addi             x27, x27, 1         x27=0000001b x27:0000001a
14965941ns          245280 1c008984 00044503 lbu              x10, 0(x8)          x10=00000073  x8:1c000038  PA:1c000038
14966240ns          245295 1c008988 00140413 addi             x8, x8, 1            x8=1c000039  x8:1c000038
14966260ns          245296 1c00898a fe0514e3 bne              x10, x0, -24        x10:00000073
14966339ns          245300 1c008972 02500793 addi             x15, x0, 37         x15=00000025
14966359ns          245301 1c008976 04f50863 beq              x10, x15, 80        x10:00000073 x15:00000025
14966379ns          245302 1c00897a 01a005b3 add              x11, x0, x26        x11=00000002 x26:00000002
14966399ns          245303 1c00897c 000b00e7 jalr             x1, x22, 0           x1=1c00897e x22:1c008888
14966439ns          245305 1c008888 000026b7 lui              x13, 0x2000         x13=00002000
14966458ns          245306 1c00888a f14027f3 csrrs            x15, x0, 0xf14      x15=00000002
14966478ns          245307 1c00888e f8068693 addi             x13, x13, -128      x13=00001f80 x13:00002000
14966498ns          245308 1c008892 00379713 slli             x14, x15, 0x3       x14=00000010 x15:00000002
14966518ns          245309 1c008896 00279793 slli             x15, x15, 0x2       x15=00000008 x15:00000002
14966538ns          245310 1c008898 00d7f7b3 and              x15, x15, x13       x15=00000000 x15:00000008 x13:00001f80
14966558ns          245311 1c00889a ee873733 p.bclr           x14, x14, 23, 8     x14=00000010 x14:00000010
14966578ns          245312 1c00889e 1a10f6b7 lui              x13, 0x1a10f000     x13=1a10f000
14966598ns          245313 1c0088a2 0ff57513 andi             x10, x10, 255       x10=00000073 x10:00000073
14966618ns          245314 1c0088a6 00d70733 add              x14, x14, x13       x14=1a10f010 x14:00000010 x13:1a10f000
14966637ns          245315 1c0088a8 00a7e723 p.sw             x10, x0(x15)        x10:00000073 x15:00000000  PA:1a10f010
14966956ns          245331 1c0088ac 00000513 addi             x10, x0, 0          x10=00000000
14966976ns          245332 1c0088ae 00008067 jalr             x0, x1, 0            x1:1c00897e
14967035ns          245335 1c00897e 31f52563 p.beqimm         x10, 778            x10:00000000
14967055ns          245336 1c008982 001d8d93 addi             x27, x27, 1         x27=0000001c x27:0000001b
14967075ns          245337 1c008984 00044503 lbu              x10, 0(x8)          x10=0000002e  x8:1c000039  PA:1c000039
14967373ns          245352 1c008988 00140413 addi             x8, x8, 1            x8=1c00003a  x8:1c000039
14967393ns          245353 1c00898a fe0514e3 bne              x10, x0, -24        x10:0000002e
14967473ns          245357 1c008972 02500793 addi             x15, x0, 37         x15=00000025
14967493ns          245358 1c008976 04f50863 beq              x10, x15, 80        x10:0000002e x15:00000025
14967513ns          245359 1c00897a 01a005b3 add              x11, x0, x26        x11=00000002 x26:00000002
14967533ns          245360 1c00897c 000b00e7 jalr             x1, x22, 0           x1=1c00897e x22:1c008888
14967572ns          245362 1c008888 000026b7 lui              x13, 0x2000         x13=00002000
14967592ns          245363 1c00888a f14027f3 csrrs            x15, x0, 0xf14      x15=00000002
14967612ns          245364 1c00888e f8068693 addi             x13, x13, -128      x13=00001f80 x13:00002000
14967632ns          245365 1c008892 00379713 slli             x14, x15, 0x3       x14=00000010 x15:00000002
14967652ns          245366 1c008896 00279793 slli             x15, x15, 0x2       x15=00000008 x15:00000002
14967672ns          245367 1c008898 00d7f7b3 and              x15, x15, x13       x15=00000000 x15:00000008 x13:00001f80
14967692ns          245368 1c00889a ee873733 p.bclr           x14, x14, 23, 8     x14=00000010 x14:00000010
14967712ns          245369 1c00889e 1a10f6b7 lui              x13, 0x1a10f000     x13=1a10f000
14967731ns          245370 1c0088a2 0ff57513 andi             x10, x10, 255       x10=0000002e x10:0000002e
14967751ns          245371 1c0088a6 00d70733 add              x14, x14, x13       x14=1a10f010 x14:00000010 x13:1a10f000
14967771ns          245372 1c0088a8 00a7e723 p.sw             x10, x0(x15)        x10:0000002e x15:00000000  PA:1a10f010
14968109ns          245389 1c0088ac 00000513 addi             x10, x0, 0          x10=00000000
14968129ns          245390 1c0088ae 00008067 jalr             x0, x1, 0            x1:1c00897e
14968189ns          245393 1c00897e 31f52563 p.beqimm         x10, 778            x10:00000000
14968209ns          245394 1c008982 001d8d93 addi             x27, x27, 1         x27=0000001d x27:0000001c
14968229ns          245395 1c008984 00044503 lbu              x10, 0(x8)          x10=0000002e  x8:1c00003a  PA:1c00003a
14968527ns          245410 1c008988 00140413 addi             x8, x8, 1            x8=1c00003b  x8:1c00003a
14968547ns          245411 1c00898a fe0514e3 bne              x10, x0, -24        x10:0000002e
14968627ns          245415 1c008972 02500793 addi             x15, x0, 37         x15=00000025
14968646ns          245416 1c008976 04f50863 beq              x10, x15, 80        x10:0000002e x15:00000025
14968666ns          245417 1c00897a 01a005b3 add              x11, x0, x26        x11=00000002 x26:00000002
14968686ns          245418 1c00897c 000b00e7 jalr             x1, x22, 0           x1=1c00897e x22:1c008888
14968726ns          245420 1c008888 000026b7 lui              x13, 0x2000         x13=00002000
14968746ns          245421 1c00888a f14027f3 csrrs            x15, x0, 0xf14      x15=00000002
14968766ns          245422 1c00888e f8068693 addi             x13, x13, -128      x13=00001f80 x13:00002000
14968786ns          245423 1c008892 00379713 slli             x14, x15, 0x3       x14=00000010 x15:00000002
14968806ns          245424 1c008896 00279793 slli             x15, x15, 0x2       x15=00000008 x15:00000002
14968825ns          245425 1c008898 00d7f7b3 and              x15, x15, x13       x15=00000000 x15:00000008 x13:00001f80
14968845ns          245426 1c00889a ee873733 p.bclr           x14, x14, 23, 8     x14=00000010 x14:00000010
14968865ns          245427 1c00889e 1a10f6b7 lui              x13, 0x1a10f000     x13=1a10f000
14968885ns          245428 1c0088a2 0ff57513 andi             x10, x10, 255       x10=0000002e x10:0000002e
14968905ns          245429 1c0088a6 00d70733 add              x14, x14, x13       x14=1a10f010 x14:00000010 x13:1a10f000
14968925ns          245430 1c0088a8 00a7e723 p.sw             x10, x0(x15)        x10:0000002e x15:00000000  PA:1a10f010
14969263ns          245447 1c0088ac 00000513 addi             x10, x0, 0          x10=00000000
14969283ns          245448 1c0088ae 00008067 jalr             x0, x1, 0            x1:1c00897e
14969343ns          245451 1c00897e 31f52563 p.beqimm         x10, 778            x10:00000000
14969362ns          245452 1c008982 001d8d93 addi             x27, x27, 1         x27=0000001e x27:0000001d
14969382ns          245453 1c008984 00044503 lbu              x10, 0(x8)          x10=0000002e  x8:1c00003b  PA:1c00003b
14969681ns          245468 1c008988 00140413 addi             x8, x8, 1            x8=1c00003c  x8:1c00003b
14969701ns          245469 1c00898a fe0514e3 bne              x10, x0, -24        x10:0000002e
14969780ns          245473 1c008972 02500793 addi             x15, x0, 37         x15=00000025
14969800ns          245474 1c008976 04f50863 beq              x10, x15, 80        x10:0000002e x15:00000025
14969820ns          245475 1c00897a 01a005b3 add              x11, x0, x26        x11=00000002 x26:00000002
14969840ns          245476 1c00897c 000b00e7 jalr             x1, x22, 0           x1=1c00897e x22:1c008888
14969880ns          245478 1c008888 000026b7 lui              x13, 0x2000         x13=00002000
14969900ns          245479 1c00888a f14027f3 csrrs            x15, x0, 0xf14      x15=00000002
14969919ns          245480 1c00888e f8068693 addi             x13, x13, -128      x13=00001f80 x13:00002000
14969939ns          245481 1c008892 00379713 slli             x14, x15, 0x3       x14=00000010 x15:00000002
14969959ns          245482 1c008896 00279793 slli             x15, x15, 0x2       x15=00000008 x15:00000002
14969979ns          245483 1c008898 00d7f7b3 and              x15, x15, x13       x15=00000000 x15:00000008 x13:00001f80
14969999ns          245484 1c00889a ee873733 p.bclr           x14, x14, 23, 8     x14=00000010 x14:00000010
14970019ns          245485 1c00889e 1a10f6b7 lui              x13, 0x1a10f000     x13=1a10f000
14970039ns          245486 1c0088a2 0ff57513 andi             x10, x10, 255       x10=0000002e x10:0000002e
14970059ns          245487 1c0088a6 00d70733 add              x14, x14, x13       x14=1a10f010 x14:00000010 x13:1a10f000
14970079ns          245488 1c0088a8 00a7e723 p.sw             x10, x0(x15)        x10:0000002e x15:00000000  PA:1a10f010
14970397ns          245504 1c0088ac 00000513 addi             x10, x0, 0          x10=00000000
14970417ns          245505 1c0088ae 00008067 jalr             x0, x1, 0            x1:1c00897e
14970476ns          245508 1c00897e 31f52563 p.beqimm         x10, 778            x10:00000000
14970496ns          245509 1c008982 001d8d93 addi             x27, x27, 1         x27=0000001f x27:0000001e
14970516ns          245510 1c008984 00044503 lbu              x10, 0(x8)          x10=00000020  x8:1c00003c  PA:1c00003c
14970815ns          245525 1c008988 00140413 addi             x8, x8, 1            x8=1c00003d  x8:1c00003c
14970834ns          245526 1c00898a fe0514e3 bne              x10, x0, -24        x10:00000020
14970914ns          245530 1c008972 02500793 addi             x15, x0, 37         x15=00000025
14970934ns          245531 1c008976 04f50863 beq              x10, x15, 80        x10:00000020 x15:00000025
14970954ns          245532 1c00897a 01a005b3 add              x11, x0, x26        x11=00000002 x26:00000002
14970974ns          245533 1c00897c 000b00e7 jalr             x1, x22, 0           x1=1c00897e x22:1c008888
14971013ns          245535 1c008888 000026b7 lui              x13, 0x2000         x13=00002000
14971033ns          245536 1c00888a f14027f3 csrrs            x15, x0, 0xf14      x15=00000002
14971053ns          245537 1c00888e f8068693 addi             x13, x13, -128      x13=00001f80 x13:00002000
14971073ns          245538 1c008892 00379713 slli             x14, x15, 0x3       x14=00000010 x15:00000002
14971093ns          245539 1c008896 00279793 slli             x15, x15, 0x2       x15=00000008 x15:00000002
14971113ns          245540 1c008898 00d7f7b3 and              x15, x15, x13       x15=00000000 x15:00000008 x13:00001f80
14971133ns          245541 1c00889a ee873733 p.bclr           x14, x14, 23, 8     x14=00000010 x14:00000010
14971153ns          245542 1c00889e 1a10f6b7 lui              x13, 0x1a10f000     x13=1a10f000
14971173ns          245543 1c0088a2 0ff57513 andi             x10, x10, 255       x10=00000020 x10:00000020
14971192ns          245544 1c0088a6 00d70733 add              x14, x14, x13       x14=1a10f010 x14:00000010 x13:1a10f000
14971212ns          245545 1c0088a8 00a7e723 p.sw             x10, x0(x15)        x10:00000020 x15:00000000  PA:1a10f010
14971531ns          245561 1c0088ac 00000513 addi             x10, x0, 0          x10=00000000
14971550ns          245562 1c0088ae 00008067 jalr             x0, x1, 0            x1:1c00897e
14971610ns          245565 1c00897e 31f52563 p.beqimm         x10, 778            x10:00000000
14971630ns          245566 1c008982 001d8d93 addi             x27, x27, 1         x27=00000020 x27:0000001f
14971650ns          245567 1c008984 00044503 lbu              x10, 0(x8)          x10=00000028  x8:1c00003d  PA:1c00003d
14971968ns          245583 1c008988 00140413 addi             x8, x8, 1            x8=1c00003e  x8:1c00003d
14971988ns          245584 1c00898a fe0514e3 bne              x10, x0, -24        x10:00000028
14972068ns          245588 1c008972 02500793 addi             x15, x0, 37         x15=00000025
14972088ns          245589 1c008976 04f50863 beq              x10, x15, 80        x10:00000028 x15:00000025
14972107ns          245590 1c00897a 01a005b3 add              x11, x0, x26        x11=00000002 x26:00000002
14972127ns          245591 1c00897c 000b00e7 jalr             x1, x22, 0           x1=1c00897e x22:1c008888
14972167ns          245593 1c008888 000026b7 lui              x13, 0x2000         x13=00002000
14972187ns          245594 1c00888a f14027f3 csrrs            x15, x0, 0xf14      x15=00000002
14972207ns          245595 1c00888e f8068693 addi             x13, x13, -128      x13=00001f80 x13:00002000
14972227ns          245596 1c008892 00379713 slli             x14, x15, 0x3       x14=00000010 x15:00000002
14972247ns          245597 1c008896 00279793 slli             x15, x15, 0x2       x15=00000008 x15:00000002
14972267ns          245598 1c008898 00d7f7b3 and              x15, x15, x13       x15=00000000 x15:00000008 x13:00001f80
14972286ns          245599 1c00889a ee873733 p.bclr           x14, x14, 23, 8     x14=00000010 x14:00000010
14972306ns          245600 1c00889e 1a10f6b7 lui              x13, 0x1a10f000     x13=1a10f000
14972326ns          245601 1c0088a2 0ff57513 andi             x10, x10, 255       x10=00000028 x10:00000028
14972346ns          245602 1c0088a6 00d70733 add              x14, x14, x13       x14=1a10f010 x14:00000010 x13:1a10f000
14972366ns          245603 1c0088a8 00a7e723 p.sw             x10, x0(x15)        x10:00000028 x15:00000000  PA:1a10f010
14972684ns          245619 1c0088ac 00000513 addi             x10, x0, 0          x10=00000000
14972704ns          245620 1c0088ae 00008067 jalr             x0, x1, 0            x1:1c00897e
14972764ns          245623 1c00897e 31f52563 p.beqimm         x10, 778            x10:00000000
14972784ns          245624 1c008982 001d8d93 addi             x27, x27, 1         x27=00000021 x27:00000020
14972804ns          245625 1c008984 00044503 lbu              x10, 0(x8)          x10=00000063  x8:1c00003e  PA:1c00003e
14973102ns          245640 1c008988 00140413 addi             x8, x8, 1            x8=1c00003f  x8:1c00003e
14973122ns          245641 1c00898a fe0514e3 bne              x10, x0, -24        x10:00000063
14973201ns          245645 1c008972 02500793 addi             x15, x0, 37         x15=00000025
14973221ns          245646 1c008976 04f50863 beq              x10, x15, 80        x10:00000063 x15:00000025
14973241ns          245647 1c00897a 01a005b3 add              x11, x0, x26        x11=00000002 x26:00000002
14973261ns          245648 1c00897c 000b00e7 jalr             x1, x22, 0           x1=1c00897e x22:1c008888
14973301ns          245650 1c008888 000026b7 lui              x13, 0x2000         x13=00002000
14973321ns          245651 1c00888a f14027f3 csrrs            x15, x0, 0xf14      x15=00000002
14973341ns          245652 1c00888e f8068693 addi             x13, x13, -128      x13=00001f80 x13:00002000
14973361ns          245653 1c008892 00379713 slli             x14, x15, 0x3       x14=00000010 x15:00000002
14973380ns          245654 1c008896 00279793 slli             x15, x15, 0x2       x15=00000008 x15:00000002
14973400ns          245655 1c008898 00d7f7b3 and              x15, x15, x13       x15=00000000 x15:00000008 x13:00001f80
14973420ns          245656 1c00889a ee873733 p.bclr           x14, x14, 23, 8     x14=00000010 x14:00000010
14973440ns          245657 1c00889e 1a10f6b7 lui              x13, 0x1a10f000     x13=1a10f000
14973460ns          245658 1c0088a2 0ff57513 andi             x10, x10, 255       x10=00000063 x10:00000063
14973480ns          245659 1c0088a6 00d70733 add              x14, x14, x13       x14=1a10f010 x14:00000010 x13:1a10f000
14973500ns          245660 1c0088a8 00a7e723 p.sw             x10, x0(x15)        x10:00000063 x15:00000000  PA:1a10f010
14973818ns          245676 1c0088ac 00000513 addi             x10, x0, 0          x10=00000000
14973838ns          245677 1c0088ae 00008067 jalr             x0, x1, 0            x1:1c00897e
14973898ns          245680 1c00897e 31f52563 p.beqimm         x10, 778            x10:00000000
14973917ns          245681 1c008982 001d8d93 addi             x27, x27, 1         x27=00000022 x27:00000021
14973937ns          245682 1c008984 00044503 lbu              x10, 0(x8)          x10=0000006f  x8:1c00003f  PA:1c00003f
14974236ns          245697 1c008988 00140413 addi             x8, x8, 1            x8=1c000040  x8:1c00003f
14974256ns          245698 1c00898a fe0514e3 bne              x10, x0, -24        x10:0000006f
14974335ns          245702 1c008972 02500793 addi             x15, x0, 37         x15=00000025
14974355ns          245703 1c008976 04f50863 beq              x10, x15, 80        x10:0000006f x15:00000025
14974375ns          245704 1c00897a 01a005b3 add              x11, x0, x26        x11=00000002 x26:00000002
14974395ns          245705 1c00897c 000b00e7 jalr             x1, x22, 0           x1=1c00897e x22:1c008888
14974435ns          245707 1c008888 000026b7 lui              x13, 0x2000         x13=00002000
14974455ns          245708 1c00888a f14027f3 csrrs            x15, x0, 0xf14      x15=00000002
14974474ns          245709 1c00888e f8068693 addi             x13, x13, -128      x13=00001f80 x13:00002000
14974494ns          245710 1c008892 00379713 slli             x14, x15, 0x3       x14=00000010 x15:00000002
14974514ns          245711 1c008896 00279793 slli             x15, x15, 0x2       x15=00000008 x15:00000002
14974534ns          245712 1c008898 00d7f7b3 and              x15, x15, x13       x15=00000000 x15:00000008 x13:00001f80
14974554ns          245713 1c00889a ee873733 p.bclr           x14, x14, 23, 8     x14=00000010 x14:00000010
14974574ns          245714 1c00889e 1a10f6b7 lui              x13, 0x1a10f000     x13=1a10f000
14974594ns          245715 1c0088a2 0ff57513 andi             x10, x10, 255       x10=0000006f x10:0000006f
14974614ns          245716 1c0088a6 00d70733 add              x14, x14, x13       x14=1a10f010 x14:00000010 x13:1a10f000
14974634ns          245717 1c0088a8 00a7e723 p.sw             x10, x0(x15)        x10:0000006f x15:00000000  PA:1a10f010
14974952ns          245733 1c0088ac 00000513 addi             x10, x0, 0          x10=00000000
14974972ns          245734 1c0088ae 00008067 jalr             x0, x1, 0            x1:1c00897e
14975031ns          245737 1c00897e 31f52563 p.beqimm         x10, 778            x10:00000000
14975051ns          245738 1c008982 001d8d93 addi             x27, x27, 1         x27=00000023 x27:00000022
14975071ns          245739 1c008984 00044503 lbu              x10, 0(x8)          x10=00000072  x8:1c000040  PA:1c000040
14975370ns          245754 1c008988 00140413 addi             x8, x8, 1            x8=1c000041  x8:1c000040
14975389ns          245755 1c00898a fe0514e3 bne              x10, x0, -24        x10:00000072
14975469ns          245759 1c008972 02500793 addi             x15, x0, 37         x15=00000025
14975489ns          245760 1c008976 04f50863 beq              x10, x15, 80        x10:00000072 x15:00000025
14975509ns          245761 1c00897a 01a005b3 add              x11, x0, x26        x11=00000002 x26:00000002
14975529ns          245762 1c00897c 000b00e7 jalr             x1, x22, 0           x1=1c00897e x22:1c008888
14975568ns          245764 1c008888 000026b7 lui              x13, 0x2000         x13=00002000
14975588ns          245765 1c00888a f14027f3 csrrs            x15, x0, 0xf14      x15=00000002
14975608ns          245766 1c00888e f8068693 addi             x13, x13, -128      x13=00001f80 x13:00002000
14975628ns          245767 1c008892 00379713 slli             x14, x15, 0x3       x14=00000010 x15:00000002
14975648ns          245768 1c008896 00279793 slli             x15, x15, 0x2       x15=00000008 x15:00000002
14975668ns          245769 1c008898 00d7f7b3 and              x15, x15, x13       x15=00000000 x15:00000008 x13:00001f80
14975688ns          245770 1c00889a ee873733 p.bclr           x14, x14, 23, 8     x14=00000010 x14:00000010
14975708ns          245771 1c00889e 1a10f6b7 lui              x13, 0x1a10f000     x13=1a10f000
14975728ns          245772 1c0088a2 0ff57513 andi             x10, x10, 255       x10=00000072 x10:00000072
14975747ns          245773 1c0088a6 00d70733 add              x14, x14, x13       x14=1a10f010 x14:00000010 x13:1a10f000
14975767ns          245774 1c0088a8 00a7e723 p.sw             x10, x0(x15)        x10:00000072 x15:00000000  PA:1a10f010
14976105ns          245791 1c0088ac 00000513 addi             x10, x0, 0          x10=00000000
14976125ns          245792 1c0088ae 00008067 jalr             x0, x1, 0            x1:1c00897e
14976185ns          245795 1c00897e 31f52563 p.beqimm         x10, 778            x10:00000000
14976205ns          245796 1c008982 001d8d93 addi             x27, x27, 1         x27=00000024 x27:00000023
14976225ns          245797 1c008984 00044503 lbu              x10, 0(x8)          x10=00000065  x8:1c000041  PA:1c000041
14976523ns          245812 1c008988 00140413 addi             x8, x8, 1            x8=1c000042  x8:1c000041
14976543ns          245813 1c00898a fe0514e3 bne              x10, x0, -24        x10:00000065
14976623ns          245817 1c008972 02500793 addi             x15, x0, 37         x15=00000025
14976643ns          245818 1c008976 04f50863 beq              x10, x15, 80        x10:00000065 x15:00000025
14976662ns          245819 1c00897a 01a005b3 add              x11, x0, x26        x11=00000002 x26:00000002
14976682ns          245820 1c00897c 000b00e7 jalr             x1, x22, 0           x1=1c00897e x22:1c008888
14976722ns          245822 1c008888 000026b7 lui              x13, 0x2000         x13=00002000
14976742ns          245823 1c00888a f14027f3 csrrs            x15, x0, 0xf14      x15=00000002
14976762ns          245824 1c00888e f8068693 addi             x13, x13, -128      x13=00001f80 x13:00002000
14976782ns          245825 1c008892 00379713 slli             x14, x15, 0x3       x14=00000010 x15:00000002
14976802ns          245826 1c008896 00279793 slli             x15, x15, 0x2       x15=00000008 x15:00000002
14976822ns          245827 1c008898 00d7f7b3 and              x15, x15, x13       x15=00000000 x15:00000008 x13:00001f80
14976841ns          245828 1c00889a ee873733 p.bclr           x14, x14, 23, 8     x14=00000010 x14:00000010
14976861ns          245829 1c00889e 1a10f6b7 lui              x13, 0x1a10f000     x13=1a10f000
14976881ns          245830 1c0088a2 0ff57513 andi             x10, x10, 255       x10=00000065 x10:00000065
14976901ns          245831 1c0088a6 00d70733 add              x14, x14, x13       x14=1a10f010 x14:00000010 x13:1a10f000
14976921ns          245832 1c0088a8 00a7e723 p.sw             x10, x0(x15)        x10:00000065 x15:00000000  PA:1a10f010
14977259ns          245849 1c0088ac 00000513 addi             x10, x0, 0          x10=00000000
14977279ns          245850 1c0088ae 00008067 jalr             x0, x1, 0            x1:1c00897e
14977339ns          245853 1c00897e 31f52563 p.beqimm         x10, 778            x10:00000000
14977359ns          245854 1c008982 001d8d93 addi             x27, x27, 1         x27=00000025 x27:00000024
14977378ns          245855 1c008984 00044503 lbu              x10, 0(x8)          x10=00000069  x8:1c000042  PA:1c000042
14977677ns          245870 1c008988 00140413 addi             x8, x8, 1            x8=1c000043  x8:1c000042
14977697ns          245871 1c00898a fe0514e3 bne              x10, x0, -24        x10:00000069
14977776ns          245875 1c008972 02500793 addi             x15, x0, 37         x15=00000025
14977796ns          245876 1c008976 04f50863 beq              x10, x15, 80        x10:00000069 x15:00000025
14977816ns          245877 1c00897a 01a005b3 add              x11, x0, x26        x11=00000002 x26:00000002
14977836ns          245878 1c00897c 000b00e7 jalr             x1, x22, 0           x1=1c00897e x22:1c008888
14977876ns          245880 1c008888 000026b7 lui              x13, 0x2000         x13=00002000
14977896ns          245881 1c00888a f14027f3 csrrs            x15, x0, 0xf14      x15=00000002
14977916ns          245882 1c00888e f8068693 addi             x13, x13, -128      x13=00001f80 x13:00002000
14977935ns          245883 1c008892 00379713 slli             x14, x15, 0x3       x14=00000010 x15:00000002
14977955ns          245884 1c008896 00279793 slli             x15, x15, 0x2       x15=00000008 x15:00000002
14977975ns          245885 1c008898 00d7f7b3 and              x15, x15, x13       x15=00000000 x15:00000008 x13:00001f80
14977995ns          245886 1c00889a ee873733 p.bclr           x14, x14, 23, 8     x14=00000010 x14:00000010
14978015ns          245887 1c00889e 1a10f6b7 lui              x13, 0x1a10f000     x13=1a10f000
14978035ns          245888 1c0088a2 0ff57513 andi             x10, x10, 255       x10=00000069 x10:00000069
14978055ns          245889 1c0088a6 00d70733 add              x14, x14, x13       x14=1a10f010 x14:00000010 x13:1a10f000
14978075ns          245890 1c0088a8 00a7e723 p.sw             x10, x0(x15)        x10:00000069 x15:00000000  PA:1a10f010
14978393ns          245906 1c0088ac 00000513 addi             x10, x0, 0          x10=00000000
14978413ns          245907 1c0088ae 00008067 jalr             x0, x1, 0            x1:1c00897e
14978472ns          245910 1c00897e 31f52563 p.beqimm         x10, 778            x10:00000000
14978492ns          245911 1c008982 001d8d93 addi             x27, x27, 1         x27=00000026 x27:00000025
14978512ns          245912 1c008984 00044503 lbu              x10, 0(x8)          x10=00000064  x8:1c000043  PA:1c000043
14978811ns          245927 1c008988 00140413 addi             x8, x8, 1            x8=1c000044  x8:1c000043
14978830ns          245928 1c00898a fe0514e3 bne              x10, x0, -24        x10:00000064
14978910ns          245932 1c008972 02500793 addi             x15, x0, 37         x15=00000025
14978930ns          245933 1c008976 04f50863 beq              x10, x15, 80        x10:00000064 x15:00000025
14978950ns          245934 1c00897a 01a005b3 add              x11, x0, x26        x11=00000002 x26:00000002
14978970ns          245935 1c00897c 000b00e7 jalr             x1, x22, 0           x1=1c00897e x22:1c008888
14979010ns          245937 1c008888 000026b7 lui              x13, 0x2000         x13=00002000
14979029ns          245938 1c00888a f14027f3 csrrs            x15, x0, 0xf14      x15=00000002
14979049ns          245939 1c00888e f8068693 addi             x13, x13, -128      x13=00001f80 x13:00002000
14979069ns          245940 1c008892 00379713 slli             x14, x15, 0x3       x14=00000010 x15:00000002
14979089ns          245941 1c008896 00279793 slli             x15, x15, 0x2       x15=00000008 x15:00000002
14979109ns          245942 1c008898 00d7f7b3 and              x15, x15, x13       x15=00000000 x15:00000008 x13:00001f80
14979129ns          245943 1c00889a ee873733 p.bclr           x14, x14, 23, 8     x14=00000010 x14:00000010
14979149ns          245944 1c00889e 1a10f6b7 lui              x13, 0x1a10f000     x13=1a10f000
14979169ns          245945 1c0088a2 0ff57513 andi             x10, x10, 255       x10=00000064 x10:00000064
14979189ns          245946 1c0088a6 00d70733 add              x14, x14, x13       x14=1a10f010 x14:00000010 x13:1a10f000
14979208ns          245947 1c0088a8 00a7e723 p.sw             x10, x0(x15)        x10:00000064 x15:00000000  PA:1a10f010
14979527ns          245963 1c0088ac 00000513 addi             x10, x0, 0          x10=00000000
14979547ns          245964 1c0088ae 00008067 jalr             x0, x1, 0            x1:1c00897e
14979606ns          245967 1c00897e 31f52563 p.beqimm         x10, 778            x10:00000000
14979626ns          245968 1c008982 001d8d93 addi             x27, x27, 1         x27=00000027 x27:00000026
14979646ns          245969 1c008984 00044503 lbu              x10, 0(x8)          x10=00000020  x8:1c000044  PA:1c000044
14979964ns          245985 1c008988 00140413 addi             x8, x8, 1            x8=1c000045  x8:1c000044
14979984ns          245986 1c00898a fe0514e3 bne              x10, x0, -24        x10:00000020
14980064ns          245990 1c008972 02500793 addi             x15, x0, 37         x15=00000025
14980084ns          245991 1c008976 04f50863 beq              x10, x15, 80        x10:00000020 x15:00000025
14980103ns          245992 1c00897a 01a005b3 add              x11, x0, x26        x11=00000002 x26:00000002
14980123ns          245993 1c00897c 000b00e7 jalr             x1, x22, 0           x1=1c00897e x22:1c008888
14980163ns          245995 1c008888 000026b7 lui              x13, 0x2000         x13=00002000
14980183ns          245996 1c00888a f14027f3 csrrs            x15, x0, 0xf14      x15=00000002
14980203ns          245997 1c00888e f8068693 addi             x13, x13, -128      x13=00001f80 x13:00002000
14980223ns          245998 1c008892 00379713 slli             x14, x15, 0x3       x14=00000010 x15:00000002
14980243ns          245999 1c008896 00279793 slli             x15, x15, 0x2       x15=00000008 x15:00000002
14980263ns          246000 1c008898 00d7f7b3 and              x15, x15, x13       x15=00000000 x15:00000008 x13:00001f80
14980283ns          246001 1c00889a ee873733 p.bclr           x14, x14, 23, 8     x14=00000010 x14:00000010
14980302ns          246002 1c00889e 1a10f6b7 lui              x13, 0x1a10f000     x13=1a10f000
14980322ns          246003 1c0088a2 0ff57513 andi             x10, x10, 255       x10=00000020 x10:00000020
14980342ns          246004 1c0088a6 00d70733 add              x14, x14, x13       x14=1a10f010 x14:00000010 x13:1a10f000
14980362ns          246005 1c0088a8 00a7e723 p.sw             x10, x0(x15)        x10:00000020 x15:00000000  PA:1a10f010
14980680ns          246021 1c0088ac 00000513 addi             x10, x0, 0          x10=00000000
14980700ns          246022 1c0088ae 00008067 jalr             x0, x1, 0            x1:1c00897e
14980760ns          246025 1c00897e 31f52563 p.beqimm         x10, 778            x10:00000000
14980780ns          246026 1c008982 001d8d93 addi             x27, x27, 1         x27=00000028 x27:00000027
14980800ns          246027 1c008984 00044503 lbu              x10, 0(x8)          x10=0000003d  x8:1c000045  PA:1c000045
14981098ns          246042 1c008988 00140413 addi             x8, x8, 1            x8=1c000046  x8:1c000045
14981118ns          246043 1c00898a fe0514e3 bne              x10, x0, -24        x10:0000003d
14981197ns          246047 1c008972 02500793 addi             x15, x0, 37         x15=00000025
14981217ns          246048 1c008976 04f50863 beq              x10, x15, 80        x10:0000003d x15:00000025
14981237ns          246049 1c00897a 01a005b3 add              x11, x0, x26        x11=00000002 x26:00000002
14981257ns          246050 1c00897c 000b00e7 jalr             x1, x22, 0           x1=1c00897e x22:1c008888
14981297ns          246052 1c008888 000026b7 lui              x13, 0x2000         x13=00002000
14981317ns          246053 1c00888a f14027f3 csrrs            x15, x0, 0xf14      x15=00000002
14981337ns          246054 1c00888e f8068693 addi             x13, x13, -128      x13=00001f80 x13:00002000
14981357ns          246055 1c008892 00379713 slli             x14, x15, 0x3       x14=00000010 x15:00000002
14981377ns          246056 1c008896 00279793 slli             x15, x15, 0x2       x15=00000008 x15:00000002
14981396ns          246057 1c008898 00d7f7b3 and              x15, x15, x13       x15=00000000 x15:00000008 x13:00001f80
14981416ns          246058 1c00889a ee873733 p.bclr           x14, x14, 23, 8     x14=00000010 x14:00000010
14981436ns          246059 1c00889e 1a10f6b7 lui              x13, 0x1a10f000     x13=1a10f000
14981456ns          246060 1c0088a2 0ff57513 andi             x10, x10, 255       x10=0000003d x10:0000003d
14981476ns          246061 1c0088a6 00d70733 add              x14, x14, x13       x14=1a10f010 x14:00000010 x13:1a10f000
14981496ns          246062 1c0088a8 00a7e723 p.sw             x10, x0(x15)        x10:0000003d x15:00000000  PA:1a10f010
14981814ns          246078 1c0088ac 00000513 addi             x10, x0, 0          x10=00000000
14981834ns          246079 1c0088ae 00008067 jalr             x0, x1, 0            x1:1c00897e
14981894ns          246082 1c00897e 31f52563 p.beqimm         x10, 778            x10:00000000
14981914ns          246083 1c008982 001d8d93 addi             x27, x27, 1         x27=00000029 x27:00000028
14981933ns          246084 1c008984 00044503 lbu              x10, 0(x8)          x10=00000020  x8:1c000046  PA:1c000046
14982232ns          246099 1c008988 00140413 addi             x8, x8, 1            x8=1c000047  x8:1c000046
14982252ns          246100 1c00898a fe0514e3 bne              x10, x0, -24        x10:00000020
14982331ns          246104 1c008972 02500793 addi             x15, x0, 37         x15=00000025
14982351ns          246105 1c008976 04f50863 beq              x10, x15, 80        x10:00000020 x15:00000025
14982371ns          246106 1c00897a 01a005b3 add              x11, x0, x26        x11=00000002 x26:00000002
14982391ns          246107 1c00897c 000b00e7 jalr             x1, x22, 0           x1=1c00897e x22:1c008888
14982431ns          246109 1c008888 000026b7 lui              x13, 0x2000         x13=00002000
14982451ns          246110 1c00888a f14027f3 csrrs            x15, x0, 0xf14      x15=00000002
14982470ns          246111 1c00888e f8068693 addi             x13, x13, -128      x13=00001f80 x13:00002000
14982490ns          246112 1c008892 00379713 slli             x14, x15, 0x3       x14=00000010 x15:00000002
14982510ns          246113 1c008896 00279793 slli             x15, x15, 0x2       x15=00000008 x15:00000002
14982530ns          246114 1c008898 00d7f7b3 and              x15, x15, x13       x15=00000000 x15:00000008 x13:00001f80
14982550ns          246115 1c00889a ee873733 p.bclr           x14, x14, 23, 8     x14=00000010 x14:00000010
14982570ns          246116 1c00889e 1a10f6b7 lui              x13, 0x1a10f000     x13=1a10f000
14982590ns          246117 1c0088a2 0ff57513 andi             x10, x10, 255       x10=00000020 x10:00000020
14982610ns          246118 1c0088a6 00d70733 add              x14, x14, x13       x14=1a10f010 x14:00000010 x13:1a10f000
14982630ns          246119 1c0088a8 00a7e723 p.sw             x10, x0(x15)        x10:00000020 x15:00000000  PA:1a10f010
14982968ns          246136 1c0088ac 00000513 addi             x10, x0, 0          x10=00000000
14982988ns          246137 1c0088ae 00008067 jalr             x0, x1, 0            x1:1c00897e
14983047ns          246140 1c00897e 31f52563 p.beqimm         x10, 778            x10:00000000
14983067ns          246141 1c008982 001d8d93 addi             x27, x27, 1         x27=0000002a x27:00000029
14983087ns          246142 1c008984 00044503 lbu              x10, 0(x8)          x10=00000025  x8:1c000047  PA:1c000047
14983385ns          246157 1c008988 00140413 addi             x8, x8, 1            x8=1c000048  x8:1c000047
14983405ns          246158 1c00898a fe0514e3 bne              x10, x0, -24        x10:00000025
14983485ns          246162 1c008972 02500793 addi             x15, x0, 37         x15=00000025
14983505ns          246163 1c008976 04f50863 beq              x10, x15, 80        x10:00000025 x15:00000025
14983584ns          246167 1c0089c6 00044483 lbu              x9, 0(x8)            x9=00000064  x8:1c000048  PA:1c000048
14983903ns          246183 1c0089ca 02000693 addi             x13, x0, 32         x13=00000020
14983923ns          246184 1c0089ce 00140a93 addi             x21, x8, 1          x21=1c000049  x8:1c000048
14983942ns          246185 1c0089d2 009005b3 add              x11, x0, x9         x11=00000064  x9:00000064
14983962ns          246186 1c0089d4 0f4b8513 addi             x10, x23, 244       x10=1c0000f4 x23:1c000000
14983982ns          246187 1c0089d8 00d12823 sw               x13, 16(x2)         x13:00000020  x2:10001658  PA:10001668
14984002ns          246188 1c0089da 00012c23 sw               x0, 24(x2)           x2:10001658  PA:10001670
14984022ns          246189 1c0089dc 00012a23 sw               x0, 20(x2)           x2:10001658  PA:1000166c
14984042ns          246190 1c0089de 00012e23 sw               x0, 28(x2)           x2:10001658  PA:10001674
14984062ns          246191 1c0089e0 00012623 sw               x0, 12(x2)           x2:10001658  PA:10001664
14984082ns          246192 1c0089e2 02300913 addi             x18, x0, 35         x18=00000023
14984102ns          246193 1c0089e6 02d00a13 addi             x20, x0, 45         x20=0000002d
14984121ns          246194 1c0089ea 015009b3 add              x19, x0, x21        x19=1c000049 x21:1c000049
14984141ns          246195 1c0089ec e1dff0ef jal              x1, -484             x1=1c0089ee
14984261ns          246201 1c008808 00054783 lbu              x15, 0(x10)         x15=0000002d x10:1c0000f4  PA:1c0000f4
14984579ns          246217 1c00880c 0ff5f593 andi             x11, x11, 255       x11=00000064 x11:00000064
14984599ns          246218 1c008810 00b78c63 beq              x15, x11, 24        x15:0000002d x11:00000064
14984619ns          246219 1c008814 00078b63 beq              x15, x0, 22         x15:0000002d
14984639ns          246220 1c008816 00150793 addi             x15, x10, 1         x15=1c0000f5 x10:1c0000f4
14984658ns          246221 1c00881a 0040006f jal              x0, 4              
14984738ns          246225 1c00881e 00f00533 add              x10, x0, x15        x10=1c0000f5 x15:1c0000f5
14984758ns          246226 1c008820 0017c70b p.lbu            x14, 1(x15!)        x14=0000002b x15=1c0000f6 x15:1c0000f5  PA:1c0000f5
14985076ns          246242 1c008824 feb71ce3 bne              x14, x11, -8        x14:0000002b x11:00000064
14985136ns          246245 1c00881c 00070763 beq              x14, x0, 14         x14:0000002b
14985156ns          246246 1c00881e 00f00533 add              x10, x0, x15        x10=1c0000f6 x15:1c0000f6
14985176ns          246247 1c008820 0017c70b p.lbu            x14, 1(x15!)        x14=00000020 x15=1c0000f7 x15:1c0000f6  PA:1c0000f6
14985494ns          246263 1c008824 feb71ce3 bne              x14, x11, -8        x14:00000020 x11:00000064
14985554ns          246266 1c00881c 00070763 beq              x14, x0, 14         x14:00000020
14985573ns          246267 1c00881e 00f00533 add              x10, x0, x15        x10=1c0000f7 x15:1c0000f7
14985593ns          246268 1c008820 0017c70b p.lbu            x14, 1(x15!)        x14=00000023 x15=1c0000f8 x15:1c0000f7  PA:1c0000f7
14985912ns          246284 1c008824 feb71ce3 bne              x14, x11, -8        x14:00000023 x11:00000064
14985971ns          246287 1c00881c 00070763 beq              x14, x0, 14         x14:00000023
14985991ns          246288 1c00881e 00f00533 add              x10, x0, x15        x10=1c0000f8 x15:1c0000f8
14986011ns          246289 1c008820 0017c70b p.lbu            x14, 1(x15!)        x14=00000030 x15=1c0000f9 x15:1c0000f8  PA:1c0000f8
14986329ns          246305 1c008824 feb71ce3 bne              x14, x11, -8        x14:00000030 x11:00000064
14986389ns          246308 1c00881c 00070763 beq              x14, x0, 14         x14:00000030
14986409ns          246309 1c00881e 00f00533 add              x10, x0, x15        x10=1c0000f9 x15:1c0000f9
14986429ns          246310 1c008820 0017c70b p.lbu            x14, 1(x15!)        x14=00000000 x15=1c0000fa x15:1c0000f9  PA:1c0000f9
14986747ns          246326 1c008824 feb71ce3 bne              x14, x11, -8        x14:00000000 x11:00000064
14986807ns          246329 1c00881c 00070763 beq              x14, x0, 14         x14:00000000
14986886ns          246333 1c00882a 0015b593 sltiu            x11, x11, 1         x11=00000000 x11:00000064
14986906ns          246334 1c00882e 40b005b3 sub              x11, x0, x11        x11=00000000 x11:00000000
14986926ns          246335 1c008832 00b57533 and              x10, x10, x11       x10=00000000 x10:1c0000f9 x11:00000000
14986946ns          246336 1c008834 00008067 jalr             x0, x1, 0            x1:1c0089ee
14986986ns          246338 1c0089ee 02050a63 beq              x10, x0, 52         x10:00000000
14987065ns          246342 1c008a22 02a00613 addi             x12, x0, 42         x12=0000002a
14987085ns          246343 1c008a26 2ac48663 beq              x9, x12, 684         x9:00000064 x12:0000002a
14987105ns          246344 1c008a2a fd048613 addi             x12, x9, -48        x12=00000034  x9:00000064
14987125ns          246345 1c008a2e 00900593 addi             x11, x0, 9          x11=00000009
14987165ns          246347 1c008a30 00000913 addi             x18, x0, 0          x18=00000000
14987204ns          246349 1c008a32 28c5f063 bgeu             x11, x12, 640       x11:00000009 x12:00000034
14987224ns          246350 1c008a36 02e00693 addi             x13, x0, 46         x13=0000002e
14987244ns          246351 1c008a3a fff00a13 addi             x20, x0, -1         x20=ffffffff
14987264ns          246352 1c008a3c 2ed48363 beq              x9, x13, 742         x9:00000064 x13:0000002e
14987304ns          246354 1c008a40 1c0007b7 lui              x15, 0x1c000000     x15=1c000000
14987344ns          246356 1c008a44 009005b3 add              x11, x0, x9         x11=00000064  x9:00000064
14987364ns          246357 1c008a46 0fc78513 addi             x10, x15, 252       x10=1c0000fc x15:1c000000
14987384ns          246358 1c008a4a dbfff0ef jal              x1, -578             x1=1c008a4c
14987483ns          246363 1c008808 00054783 lbu              x15, 0(x10)         x15=00000068 x10:1c0000fc  PA:1c0000fc
14987781ns          246378 1c00880c 0ff5f593 andi             x11, x11, 255       x11=00000064 x11:00000064
14987801ns          246379 1c008810 00b78c63 beq              x15, x11, 24        x15:00000068 x11:00000064
14987821ns          246380 1c008814 00078b63 beq              x15, x0, 22         x15:00000068
14987841ns          246381 1c008816 00150793 addi             x15, x10, 1         x15=1c0000fd x10:1c0000fc
14987861ns          246382 1c00881a 0040006f jal              x0, 4              
14987901ns          246384 1c00881e 00f00533 add              x10, x0, x15        x10=1c0000fd x15:1c0000fd
14987921ns          246385 1c008820 0017c70b p.lbu            x14, 1(x15!)        x14=0000006c x15=1c0000fe x15:1c0000fd  PA:1c0000fd
14988239ns          246401 1c008824 feb71ce3 bne              x14, x11, -8        x14:0000006c x11:00000064
14988298ns          246404 1c00881c 00070763 beq              x14, x0, 14         x14:0000006c
14988318ns          246405 1c00881e 00f00533 add              x10, x0, x15        x10=1c0000fe x15:1c0000fe
14988338ns          246406 1c008820 0017c70b p.lbu            x14, 1(x15!)        x14=0000004c x15=1c0000ff x15:1c0000fe  PA:1c0000fe
14988657ns          246422 1c008824 feb71ce3 bne              x14, x11, -8        x14:0000004c x11:00000064
14988716ns          246425 1c00881c 00070763 beq              x14, x0, 14         x14:0000004c
14988736ns          246426 1c00881e 00f00533 add              x10, x0, x15        x10=1c0000ff x15:1c0000ff
14988756ns          246427 1c008820 0017c70b p.lbu            x14, 1(x15!)        x14=0000007a x15=1c000100 x15:1c0000ff  PA:1c0000ff
14989074ns          246443 1c008824 feb71ce3 bne              x14, x11, -8        x14:0000007a x11:00000064
14989134ns          246446 1c00881c 00070763 beq              x14, x0, 14         x14:0000007a
14989154ns          246447 1c00881e 00f00533 add              x10, x0, x15        x10=1c000100 x15:1c000100
14989174ns          246448 1c008820 0017c70b p.lbu            x14, 1(x15!)        x14=00000000 x15=1c000101 x15:1c000100  PA:1c000100
14989492ns          246464 1c008824 feb71ce3 bne              x14, x11, -8        x14:00000000 x11:00000064
14989552ns          246467 1c00881c 00070763 beq              x14, x0, 14         x14:00000000
14989631ns          246471 1c00882a 0015b593 sltiu            x11, x11, 1         x11=00000000 x11:00000064
14989651ns          246472 1c00882e 40b005b3 sub              x11, x0, x11        x11=00000000 x11:00000000
14989671ns          246473 1c008832 00b57533 and              x10, x10, x11       x10=00000000 x10:1c000100 x11:00000000
14989691ns          246474 1c008834 00008067 jalr             x0, x1, 0            x1:1c008a4c
14989731ns          246476 1c008a4c 01300433 add              x8, x0, x19          x8=1c000049 x19:1c000049
14989751ns          246477 1c008a4e 00050563 beq              x10, x0, 10         x10:00000000
14989810ns          246480 1c008a58 06700693 addi             x13, x0, 103        x13=00000067
14989830ns          246481 1c008a5c 2896d963 bge              x13, x9, 658        x13:00000067  x9:00000064
14990009ns          246490 1c008cee 06500693 addi             x13, x0, 101        x13=00000065
14990049ns          246492 1c008cf2 12d4d563 bge              x9, x13, 298         x9:00000064 x13:00000065
14990069ns          246493 1c008cf6 04700693 addi             x13, x0, 71         x13=00000047
14990089ns          246494 1c008cfa dc96cbe3 blt              x13, x9, -554       x13:00000047  x9:00000064
14990188ns          246499 1c008ad0 06300693 addi             x13, x0, 99         x13=00000063
14990208ns          246500 1c008ad4 0ad488e3 beq              x9, x13, 2224        x9:00000064 x13:00000063
14990228ns          246501 1c008ad8 0096c9e3 blt              x13, x9, 2066       x13:00000063  x9:00000064
14990447ns          246512 1c0092ea 000c2583 lw               x11, 0(x24)         x11=00000002 x24:100017b0  PA:100017b0
14990467ns          246513 1c0092ee 004c0c13 addi             x24, x24, 4         x24=100017b4 x24:100017b0
14990506ns          246515 1c0092f0 3405cc63 blt              x11, x0, 856        x11:00000002
14990546ns          246517 1c0092f4 01412603 lw               x12, 20(x2)         x12=00000000  x2:10001658  PA:1000166c
14990566ns          246518 1c0092f6 00b006b3 add              x13, x0, x11        x13=00000002 x11:00000002
14990586ns          246519 1c0092f8 2e061863 bne              x12, x0, 752        x12:00000000
14990606ns          246520 1c0092fc 01812703 lw               x14, 24(x2)         x14=00000000  x2:10001658  PA:10001670
14990626ns          246521 1c0092fe 019007b3 add              x15, x0, x25        x15=1000167c x25:1000167c
14990646ns          246522 1c009300 00070763 beq              x14, x0, 14         x14:00000000
14990705ns          246525 1c00930e 00f00733 add              x14, x0, x15        x14=1000167c x15:1000167c
14990725ns          246526 1c009310 00a00513 addi             x10, x0, 10         x10=0000000a
14990745ns          246527 1c009312 02a6f633 remu             x12, x13, x10       x12=00000002 x13:00000002 x10:0000000a
14991362ns          246558 1c009316 02a6d6b3 divu             x13, x13, x10       x13=00000000 x13:00000002 x10:0000000a
14991978ns          246589 1c00931a 03060613 addi             x12, x12, 48        x12=00000032 x12:00000002
14991998ns          246590 1c00931e 00c700ab p.sb             x12, 1(x14!)        x14=1000167d x12:00000032 x14:1000167c  PA:1000167c
14992018ns          246591 1c009322 fe0698e3 bne              x13, x0, -16        x13:00000000
14992038ns          246592 1c009324 40f706b3 sub              x13, x14, x15       x13=00000001 x14:1000167d x15:1000167c
14992058ns          246593 1c009328 0146dc63 bge              x13, x20, 24        x13:00000001 x20:ffffffff
14992118ns          246596 1c009340 00e006b3 add              x13, x0, x14        x13=1000167d x14:1000167d
14992137ns          246597 1c009342 fe068fab p.sb             x0, -1(x13!)        x13=1000167c x13:1000167d  PA:1000167d
14992157ns          246598 1c009346 00d7fc63 bgeu             x15, x13, 24        x15:1000167c x13:1000167c
14992277ns          246604 1c00935e 01412783 lw               x15, 20(x2)         x15=00000000  x2:10001658  PA:1000166c
14992336ns          246607 1c009360 01812603 lw               x12, 24(x2)         x12=00000000  x2:10001658  PA:10001670
14992376ns          246609 1c009362 419704b3 sub              x9, x14, x25         x9=00000001 x14:1000167d x25:1000167c
14992396ns          246610 1c009366 00c7e7b3 or               x15, x15, x12       x15=00000000 x15:00000000 x12:00000000
14992416ns          246611 1c009368 00f12623 sw               x15, 12(x2)         x15:00000000  x2:10001658  PA:10001664
14992436ns          246612 1c00936a 00079363 bne              x15, x0, 6          x15:00000000
14992456ns          246613 1c00936c 01f5d593 srli             x11, x11, 0x1f      x11=00000000 x11:00000002
14992476ns          246614 1c00936e 00b12623 sw               x11, 12(x2)         x11:00000000  x2:10001658  PA:10001664
14992495ns          246615 1c009370 e3fa28e3 p.beqimm         x20, -464           x20:ffffffff
14992595ns          246620 1c0091a0 0c800793 addi             x15, x0, 200        x15=000000c8
14992635ns          246622 1c0091a4 9e97d0e3 bge              x15, x9, -1568      x15:000000c8  x9:00000001
14992734ns          246627 1c008b84 0f24d163 bge              x9, x18, 226         x9:00000001 x18:00000000
14992873ns          246634 1c008c66 d00482e3 beq              x9, x0, -764         x9:00000001
14992893ns          246635 1c008c6a 01900933 add              x18, x0, x25        x18=1000167c x25:1000167c
14992913ns          246636 1c008c6c 419d8db3 sub              x27, x27, x25       x27=efffe9ae x27:0000002a x25:1000167c
14992933ns          246637 1c008c70 00a0006f jal              x0, 10             
14992993ns          246640 1c008c7a 0019450b p.lbu            x10, 1(x18!)        x10=00000032 x18=1000167d x18:1000167c  PA:1000167c
14993013ns          246641 1c008c7e 01a005b3 add              x11, x0, x26        x11=00000002 x26:00000002
14993052ns          246643 1c008c80 000b00e7 jalr             x1, x22, 0           x1=1c008c82 x22:1c008888
14993152ns          246648 1c008888 000026b7 lui              x13, 0x2000         x13=00002000
14993192ns          246650 1c00888a f14027f3 csrrs            x15, x0, 0xf14      x15=00000002
14993212ns          246651 1c00888e f8068693 addi             x13, x13, -128      x13=00001f80 x13:00002000
14993231ns          246652 1c008892 00379713 slli             x14, x15, 0x3       x14=00000010 x15:00000002
14993251ns          246653 1c008896 00279793 slli             x15, x15, 0x2       x15=00000008 x15:00000002
14993271ns          246654 1c008898 00d7f7b3 and              x15, x15, x13       x15=00000000 x15:00000008 x13:00001f80
14993291ns          246655 1c00889a ee873733 p.bclr           x14, x14, 23, 8     x14=00000010 x14:00000010
14993331ns          246657 1c00889e 1a10f6b7 lui              x13, 0x1a10f000     x13=1a10f000
14993371ns          246659 1c0088a2 0ff57513 andi             x10, x10, 255       x10=00000032 x10:00000032
14993391ns          246660 1c0088a6 00d70733 add              x14, x14, x13       x14=1a10f010 x14:00000010 x13:1a10f000
14993410ns          246661 1c0088a8 00a7e723 p.sw             x10, x0(x15)        x10:00000032 x15:00000000  PA:1a10f010
14993729ns          246677 1c0088ac 00000513 addi             x10, x0, 0          x10=00000000
14993749ns          246678 1c0088ae 00008067 jalr             x0, x1, 0            x1:1c008c82
14993788ns          246680 1c008c82 fff48493 addi             x9, x9, -1           x9=00000000  x9:00000001
14993808ns          246681 1c008c84 fff537e3 p.bneimm         x10, -18            x10:00000000
14993888ns          246685 1c008c72 012d8733 add              x14, x27, x18       x14=0000002b x27:efffe9ae x18:1000167d
14993908ns          246686 1c008c76 5a048b63 beq              x9, x0, 1462         x9:00000000
14993967ns          246689 1c00922c 00e00db3 add              x27, x0, x14        x27=0000002b x14:0000002b
14993987ns          246690 1c00922e f3cff06f jal              x0, -2244          
14994047ns          246693 1c00896a 00044503 lbu              x10, 0(x8)          x10=00000029  x8:1c000049  PA:1c000049
14994345ns          246708 1c00896e 00140413 addi             x8, x8, 1            x8=1c00004a  x8:1c000049
14994365ns          246709 1c008970 00050e63 beq              x10, x0, 28         x10:00000029
14994385ns          246710 1c008972 02500793 addi             x15, x0, 37         x15=00000025
14994405ns          246711 1c008976 04f50863 beq              x10, x15, 80        x10:00000029 x15:00000025
14994425ns          246712 1c00897a 01a005b3 add              x11, x0, x26        x11=00000002 x26:00000002
14994445ns          246713 1c00897c 000b00e7 jalr             x1, x22, 0           x1=1c00897e x22:1c008888
14994584ns          246720 1c008888 000026b7 lui              x13, 0x2000         x13=00002000
14994624ns          246722 1c00888a f14027f3 csrrs            x15, x0, 0xf14      x15=00000002
14994644ns          246723 1c00888e f8068693 addi             x13, x13, -128      x13=00001f80 x13:00002000
14994664ns          246724 1c008892 00379713 slli             x14, x15, 0x3       x14=00000010 x15:00000002
14994683ns          246725 1c008896 00279793 slli             x15, x15, 0x2       x15=00000008 x15:00000002
14994703ns          246726 1c008898 00d7f7b3 and              x15, x15, x13       x15=00000000 x15:00000008 x13:00001f80
14994723ns          246727 1c00889a ee873733 p.bclr           x14, x14, 23, 8     x14=00000010 x14:00000010
14994743ns          246728 1c00889e 1a10f6b7 lui              x13, 0x1a10f000     x13=1a10f000
14994763ns          246729 1c0088a2 0ff57513 andi             x10, x10, 255       x10=00000029 x10:00000029
14994783ns          246730 1c0088a6 00d70733 add              x14, x14, x13       x14=1a10f010 x14:00000010 x13:1a10f000
14994803ns          246731 1c0088a8 00a7e723 p.sw             x10, x0(x15)        x10:00000029 x15:00000000  PA:1a10f010
14995121ns          246747 1c0088ac 00000513 addi             x10, x0, 0          x10=00000000
14995141ns          246748 1c0088ae 00008067 jalr             x0, x1, 0            x1:1c00897e
14995201ns          246751 1c00897e 31f52563 p.beqimm         x10, 778            x10:00000000
14995220ns          246752 1c008982 001d8d93 addi             x27, x27, 1         x27=0000002c x27:0000002b
14995240ns          246753 1c008984 00044503 lbu              x10, 0(x8)          x10=0000000a  x8:1c00004a  PA:1c00004a
14995539ns          246768 1c008988 00140413 addi             x8, x8, 1            x8=1c00004b  x8:1c00004a
14995559ns          246769 1c00898a fe0514e3 bne              x10, x0, -24        x10:0000000a
14995638ns          246773 1c008972 02500793 addi             x15, x0, 37         x15=00000025
14995658ns          246774 1c008976 04f50863 beq              x10, x15, 80        x10:0000000a x15:00000025
14995678ns          246775 1c00897a 01a005b3 add              x11, x0, x26        x11=00000002 x26:00000002
14995698ns          246776 1c00897c 000b00e7 jalr             x1, x22, 0           x1=1c00897e x22:1c008888
14995738ns          246778 1c008888 000026b7 lui              x13, 0x2000         x13=00002000
14995758ns          246779 1c00888a f14027f3 csrrs            x15, x0, 0xf14      x15=00000002
14995777ns          246780 1c00888e f8068693 addi             x13, x13, -128      x13=00001f80 x13:00002000
14995797ns          246781 1c008892 00379713 slli             x14, x15, 0x3       x14=00000010 x15:00000002
14995817ns          246782 1c008896 00279793 slli             x15, x15, 0x2       x15=00000008 x15:00000002
14995837ns          246783 1c008898 00d7f7b3 and              x15, x15, x13       x15=00000000 x15:00000008 x13:00001f80
14995857ns          246784 1c00889a ee873733 p.bclr           x14, x14, 23, 8     x14=00000010 x14:00000010
14995877ns          246785 1c00889e 1a10f6b7 lui              x13, 0x1a10f000     x13=1a10f000
14995897ns          246786 1c0088a2 0ff57513 andi             x10, x10, 255       x10=0000000a x10:0000000a
14995917ns          246787 1c0088a6 00d70733 add              x14, x14, x13       x14=1a10f010 x14:00000010 x13:1a10f000
14995937ns          246788 1c0088a8 00a7e723 p.sw             x10, x0(x15)        x10:0000000a x15:00000000  PA:1a10f010
14996255ns          246804 1c0088ac 00000513 addi             x10, x0, 0          x10=00000000
14996275ns          246805 1c0088ae 00008067 jalr             x0, x1, 0            x1:1c00897e
14996334ns          246808 1c00897e 31f52563 p.beqimm         x10, 778            x10:00000000
14996354ns          246809 1c008982 001d8d93 addi             x27, x27, 1         x27=0000002d x27:0000002c
14996374ns          246810 1c008984 00044503 lbu              x10, 0(x8)          x10=00000000  x8:1c00004b  PA:1c00004b
14996672ns          246825 1c008988 00140413 addi             x8, x8, 1            x8=1c00004c  x8:1c00004b
14996692ns          246826 1c00898a fe0514e3 bne              x10, x0, -24        x10:00000000
14996712ns          246827 1c00898c 01b00433 add              x8, x0, x27          x8=0000002d x27:0000002d
14996732ns          246828 1c00898e 00800533 add              x10, x0, x8         x10=0000002d  x8:0000002d
14996752ns          246829 1c008990 12c12083 lw               x1, 300(x2)          x1=1c00891c  x2:10001658  PA:10001784
14996772ns          246830 1c008994 12812403 lw               x8, 296(x2)          x8=xxxxxxxx  x2:10001658  PA:10001780
14996792ns          246831 1c008998 12412483 lw               x9, 292(x2)          x9=00000002  x2:10001658  PA:1000177c
14996812ns          246832 1c00899c 12012903 lw               x18, 288(x2)        x18=xxxxxxxx  x2:10001658  PA:10001778
14997150ns          246849 1c0089a0 11c12983 lw               x19, 284(x2)        x19=xxxxxxxx  x2:10001658  PA:10001774
14997190ns          246851 1c0089a4 11812a03 lw               x20, 280(x2)        x20=xxxxxxxx  x2:10001658  PA:10001770
14997210ns          246852 1c0089a8 11412a83 lw               x21, 276(x2)        x21=xxxxxxxx  x2:10001658  PA:1000176c
14997229ns          246853 1c0089ac 11012b03 lw               x22, 272(x2)        x22=xxxxxxxx  x2:10001658  PA:10001768
14997667ns          246875 1c0089b0 10c12b83 lw               x23, 268(x2)        x23=xxxxxxxx  x2:10001658  PA:10001764
14997707ns          246877 1c0089b4 10812c03 lw               x24, 264(x2)        x24=xxxxxxxx  x2:10001658  PA:10001760
14997727ns          246878 1c0089b8 10412c83 lw               x25, 260(x2)        x25=xxxxxxxx  x2:10001658  PA:1000175c
14997747ns          246879 1c0089bc 10012d03 lw               x26, 256(x2)        x26=xxxxxxxx  x2:10001658  PA:10001758
14997766ns          246880 1c0089c0 0fc12d83 lw               x27, 252(x2)        x27=xxxxxxxx  x2:10001658  PA:10001754
14997786ns          246881 1c0089c2 13010113 addi             x2, x2, 304          x2=10001788  x2:10001658
14997806ns          246882 1c0089c4 00008067 jalr             x0, x1, 0            x1:1c00891c
14997886ns          246886 1c00891c 01c12083 lw               x1, 28(x2)           x1=1c0081e8  x2:10001788  PA:100017a4
14997906ns          246887 1c00891e 04010113 addi             x2, x2, 64           x2=100017c8  x2:10001788
14997965ns          246890 1c008920 00008067 jalr             x0, x1, 0            x1:1c0081e8
14998045ns          246894 1c0081e8 2c3010ef jal              x1, 6850             x1=1c0081ec
14998582ns          246921 1c009caa f14027f3 csrrs            x15, x0, 0xf14      x15=00000002
14998602ns          246922 1c009cae 01f00713 addi             x14, x0, 31         x14=0000001f
14999020ns          246943 1c009cb0 ca5797b3 p.extractu       x15, x15, 5, 5      x15=00000000 x15:00000002
14999059ns          246945 1c009cb4 00e78863 beq              x15, x14, 16        x15:00000000 x14:0000001f
14999079ns          246946 1c009cb8 002047b7 lui              x15, 0x204000       x15=00204000
14999099ns          246947 1c009cbc 20078793 addi             x15, x15, 512       x15=00204200 x15:00204000
14999537ns          246969 1c009cc0 01c7e703 p.elw            x14, 28(x15)        x14=00010000 x15:00204200  PA:0020421c
14999676ns          246976 1c009cc4 00008067 jalr             x0, x1, 0            x1:1c0081ec
15000114ns          246998 1c0081ec 00300793 addi             x15, x0, 3          x15=00000003
15000551ns          247020 1c0081ee 0097f463 bgeu             x15, x9, 8          x15:00000003  x9:00000002
15000631ns          247024 1c0081f6 f14027f3 csrrs            x15, x0, 0xf14      x15=00000002
15000651ns          247025 1c0081fa f457b7b3 p.bclr           x15, x15, 26, 5     x15=00000002 x15:00000002
15001088ns          247047 1c0081fe 0c078c63 beq              x15, x0, 216        x15:00000002
15001128ns          247049 1c008202 1c010737 lui              x14, 0x1c010000     x14=1c010000
15001148ns          247050 1c008206 06400793 addi             x15, x0, 100        x15=00000064
15001168ns          247051 1c00820a 00070713 addi             x14, x14, 0         x14=1c010000 x14:1c010000
15001645ns          247075 1c00820e 02f487b3 mul              x15, x9, x15        x15=000000c8  x9:00000002 x15:00000064
15001665ns          247076 1c008212 00279793 slli             x15, x15, 0x2       x15=00000320 x15:000000c8
15001685ns          247077 1c008214 64070693 addi             x13, x14, 1600      x13=1c010640 x14:1c010000
15001705ns          247078 1c008218 00f686b3 add              x13, x13, x15       x13=1c010960 x13:1c010640 x15:00000320
15001725ns          247079 1c00821a 00f70733 add              x14, x14, x15       x14=1c010320 x14:1c010000 x15:00000320
15001745ns          247080 1c00821c 00000413 addi             x8, x0, 0            x8=00000000
15002162ns          247101 1c008220 064350fb lp.setupi        0x1, 0x64, 0x6     
15002202ns          247103 1c008224 0047258b p.lw             x11, 4(x14!)        x11=421d1e3b x14=1c010324 x14:1c010320  PA:1c010320
15002560ns          247121 1c008228 0046a60b p.lw             x12, 4(x13!)        x12=4198edbc x13=1c010964 x13:1c010960  PA:1c010960
15002878ns          247137 1c00822c 40c5f443 fmadd.s          f8, f11, f12, f8     f8=xxxxxxxx f11:421d1e3b f12:4198edbc  f8:00000000
15002898ns          247138 1c008224 0047258b p.lw             x11, 4(x14!)        x11=409406b7 x14=1c010328 x14:1c010324  PA:1c010324
15003356ns          247161 1c008228 0046a60b p.lw             x12, 4(x13!)        x12=41d4e472 x13=1c010968 x13:1c010964  PA:1c010964
15003674ns          247177 1c00822c 40c5f443 fmadd.s          f8, f11, f12, f8     f8=xxxxxxxx f11:409406b7 f12:41d4e472  f8:443bb7b7
15003694ns          247178 1c008224 0047258b p.lw             x11, 4(x14!)        x11=4265c5ec x14=1c01032c x14:1c010328  PA:1c010328
15003992ns          247193 1c008228 0046a60b p.lw             x12, 4(x13!)        x12=42c515bf x13=1c01096c x13:1c010968  PA:1c010968
15004311ns          247209 1c00822c 40c5f443 fmadd.s          f8, f11, f12, f8     f8=xxxxxxxx f11:4265c5ec f12:42c515bf  f8:445a7e21
15004330ns          247210 1c008224 0047258b p.lw             x11, 4(x14!)        x11=42564989 x14=1c010330 x14:1c01032c  PA:1c01032c
15004629ns          247225 1c008228 0046a60b p.lw             x12, 4(x13!)        x12=41e855e4 x13=1c010970 x13:1c01096c  PA:1c01096c
15004947ns          247241 1c00822c 40c5f443 fmadd.s          f8, f11, f12, f8     f8=xxxxxxxx f11:42564989 f12:41e855e4  f8:45cc3497
15004967ns          247242 1c008224 0047258b p.lw             x11, 4(x14!)        x11=42923de3 x14=1c010334 x14:1c010330  PA:1c010330
15005265ns          247257 1c008228 0046a60b p.lw             x12, 4(x13!)        x12=4106befa x13=1c010974 x13:1c010970  PA:1c010970
15005584ns          247273 1c00822c 40c5f443 fmadd.s          f8, f11, f12, f8     f8=xxxxxxxx f11:42923de3 f12:4106befa  f8:45fcd339
15005603ns          247274 1c008224 0047258b p.lw             x11, 4(x14!)        x11=42b4d656 x14=1c010338 x14:1c010334  PA:1c010334
15005902ns          247289 1c008228 0046a60b p.lw             x12, 4(x13!)        x12=4281de79 x13=1c010978 x13:1c010974  PA:1c010974
15006220ns          247305 1c00822c 40c5f443 fmadd.s          f8, f11, f12, f8     f8=xxxxxxxx f11:42b4d656 f12:4281de79  f8:460808cc
15006240ns          247306 1c008224 0047258b p.lw             x11, 4(x14!)        x11=429d6bfe x14=1c01033c x14:1c010338  PA:1c010338
15006558ns          247322 1c008228 0046a60b p.lw             x12, 4(x13!)        x12=42528dde x13=1c01097c x13:1c010978  PA:1c010978
15006876ns          247338 1c00822c 40c5f443 fmadd.s          f8, f11, f12, f8     f8=xxxxxxxx f11:429d6bfe f12:42528dde  f8:4663c5f5
15006896ns          247339 1c008224 0047258b p.lw             x11, 4(x14!)        x11=411b3019 x14=1c010340 x14:1c01033c  PA:1c01033c
15007195ns          247354 1c008228 0046a60b p.lw             x12, 4(x13!)        x12=4208a21b x13=1c010980 x13:1c01097c  PA:1c01097c
15007513ns          247370 1c00822c 40c5f443 fmadd.s          f8, f11, f12, f8     f8=xxxxxxxx f11:411b3019 f12:4208a21b  f8:4692416f
15007533ns          247371 1c008224 0047258b p.lw             x11, 4(x14!)        x11=42a8b274 x14=1c010344 x14:1c010340  PA:1c010340
15007851ns          247387 1c008228 0046a60b p.lw             x12, 4(x13!)        x12=420eb822 x13=1c010984 x13:1c010980  PA:1c010980
15008169ns          247403 1c00822c 40c5f443 fmadd.s          f8, f11, f12, f8     f8=xxxxxxxx f11:42a8b274 f12:420eb822  f8:4694d80e
15008189ns          247404 1c008224 0047258b p.lw             x11, 4(x14!)        x11=419b7583 x14=1c010348 x14:1c010344  PA:1c010344
15008488ns          247419 1c008228 0046a60b p.lw             x12, 4(x13!)        x12=408fad00 x13=1c010988 x13:1c010984  PA:1c010984
15008806ns          247435 1c00822c 40c5f443 fmadd.s          f8, f11, f12, f8     f8=xxxxxxxx f11:419b7583 f12:408fad00  f8:46ac5b23
15008826ns          247436 1c008224 0047258b p.lw             x11, 4(x14!)        x11=4256eb36 x14=1c01034c x14:1c010348  PA:1c010348
15009144ns          247452 1c008228 0046a60b p.lw             x12, 4(x13!)        x12=4240a807 x13=1c01098c x13:1c010988  PA:1c010988
15009462ns          247468 1c00822c 40c5f443 fmadd.s          f8, f11, f12, f8     f8=xxxxxxxx f11:4256eb36 f12:4240a807  f8:46ad09a2
15009482ns          247469 1c008224 0047258b p.lw             x11, 4(x14!)        x11=42804443 x14=1c010350 x14:1c01034c  PA:1c01034c
15009781ns          247484 1c008228 0046a60b p.lw             x12, 4(x13!)        x12=4294b7ed x13=1c010990 x13:1c01098c  PA:1c01098c
15010099ns          247500 1c00822c 40c5f443 fmadd.s          f8, f11, f12, f8     f8=xxxxxxxx f11:42804443 f12:4294b7ed  f8:46c14151
15010119ns          247501 1c008224 0047258b p.lw             x11, 4(x14!)        x11=42b1e356 x14=1c010354 x14:1c010350  PA:1c010350
15010417ns          247516 1c008228 0046a60b p.lw             x12, 4(x13!)        x12=41a673a6 x13=1c010994 x13:1c010990  PA:1c010990
15010735ns          247532 1c00822c 40c5f443 fmadd.s          f8, f11, f12, f8     f8=xxxxxxxx f11:42b1e356 f12:41a673a6  f8:46e68320
15010755ns          247533 1c008224 0047258b p.lw             x11, 4(x14!)        x11=42a7de9b x14=1c010358 x14:1c010354  PA:1c010354
15011054ns          247548 1c008228 0046a60b p.lw             x12, 4(x13!)        x12=42a7b742 x13=1c010998 x13:1c010994  PA:1c010994
15011372ns          247564 1c00822c 40c5f443 fmadd.s          f8, f11, f12, f8     f8=xxxxxxxx f11:42a7de9b f12:42a7b742  f8:46f4f859
15011392ns          247565 1c008224 0047258b p.lw             x11, 4(x14!)        x11=42bada06 x14=1c01035c x14:1c010358  PA:1c010358
15011690ns          247580 1c008228 0046a60b p.lw             x12, 4(x13!)        x12=425aabd5 x13=1c01099c x13:1c010998  PA:1c010998
15012008ns          247596 1c00822c 40c5f443 fmadd.s          f8, f11, f12, f8     f8=xxxxxxxx f11:42bada06 f12:425aabd5  f8:4715fac5
15012028ns          247597 1c008224 0047258b p.lw             x11, 4(x14!)        x11=428195fc x14=1c010360 x14:1c01035c  PA:1c01035c
15012327ns          247612 1c008228 0046a60b p.lw             x12, 4(x13!)        x12=4229f839 x13=1c0109a0 x13:1c01099c  PA:1c01099c
15012645ns          247628 1c00822c 40c5f443 fmadd.s          f8, f11, f12, f8     f8=xxxxxxxx f11:428195fc f12:4229f839  f8:4729ee28
15012665ns          247629 1c008224 0047258b p.lw             x11, 4(x14!)        x11=4249c91a x14=1c010364 x14:1c010360  PA:1c010360
15012963ns          247644 1c008228 0046a60b p.lw             x12, 4(x13!)        x12=421dfbf5 x13=1c0109a4 x13:1c0109a0  PA:1c0109a0
15013281ns          247660 1c00822c 40c5f443 fmadd.s          f8, f11, f12, f8     f8=xxxxxxxx f11:4249c91a f12:421dfbf5  f8:4734af5d
15013301ns          247661 1c008224 0047258b p.lw             x11, 4(x14!)        x11=424e2c69 x14=1c010368 x14:1c010364  PA:1c010364
15013600ns          247676 1c008228 0046a60b p.lw             x12, 4(x13!)        x12=41532d50 x13=1c0109a8 x13:1c0109a4  PA:1c0109a4
15013918ns          247692 1c00822c 40c5f443 fmadd.s          f8, f11, f12, f8     f8=xxxxxxxx f11:424e2c69 f12:41532d50  f8:473c77cc
15013938ns          247693 1c008224 0047258b p.lw             x11, 4(x14!)        x11=42a85a53 x14=1c01036c x14:1c010368  PA:1c010368
15014236ns          247708 1c008228 0046a60b p.lw             x12, 4(x13!)        x12=42a0370b x13=1c0109ac x13:1c0109a8  PA:1c0109a8
15014574ns          247725 1c00822c 40c5f443 fmadd.s          f8, f11, f12, f8     f8=xxxxxxxx f11:42a85a53 f12:42a0370b  f8:473f2018
15014594ns          247726 1c008224 0047258b p.lw             x11, 4(x14!)        x11=4281d327 x14=1c010370 x14:1c01036c  PA:1c01036c
15014892ns          247741 1c008228 0046a60b p.lw             x12, 4(x13!)        x12=4244308c x13=1c0109b0 x13:1c0109ac  PA:1c0109ac
15015211ns          247757 1c00822c 40c5f443 fmadd.s          f8, f11, f12, f8     f8=xxxxxxxx f11:4281d327 f12:4244308c  f8:47597742
15015231ns          247758 1c008224 0047258b p.lw             x11, 4(x14!)        x11=423087f4 x14=1c010374 x14:1c010370  PA:1c010370
15015529ns          247773 1c008228 0046a60b p.lw             x12, 4(x13!)        x12=42ac6ecf x13=1c0109b4 x13:1c0109b0  PA:1c0109b0
15015867ns          247790 1c00822c 40c5f443 fmadd.s          f8, f11, f12, f8     f8=xxxxxxxx f11:423087f4 f12:42ac6ecf  f8:4765e70b
15015887ns          247791 1c008224 0047258b p.lw             x11, 4(x14!)        x11=41f760c1 x14=1c010378 x14:1c010374  PA:1c010374
15016185ns          247806 1c008228 0046a60b p.lw             x12, 4(x13!)        x12=41df9854 x13=1c0109b8 x13:1c0109b4  PA:1c0109b4
15016504ns          247822 1c00822c 40c5f443 fmadd.s          f8, f11, f12, f8     f8=xxxxxxxx f11:41f760c1 f12:41df9854  f8:4774c403
15016523ns          247823 1c008224 0047258b p.lw             x11, 4(x14!)        x11=423e87b3 x14=1c01037c x14:1c010378  PA:1c010378
15016822ns          247838 1c008228 0046a60b p.lw             x12, 4(x13!)        x12=41e09d16 x13=1c0109bc x13:1c0109b8  PA:1c0109b8
15017160ns          247855 1c00822c 40c5f443 fmadd.s          f8, f11, f12, f8     f8=xxxxxxxx f11:423e87b3 f12:41e09d16  f8:47782445
15017180ns          247856 1c008224 0047258b p.lw             x11, 4(x14!)        x11=40051f63 x14=1c010380 x14:1c01037c  PA:1c01037c
15017478ns          247871 1c008228 0046a60b p.lw             x12, 4(x13!)        x12=429dbe31 x13=1c0109c0 x13:1c0109bc  PA:1c0109bc
15017796ns          247887 1c00822c 40c5f443 fmadd.s          f8, f11, f12, f8     f8=xxxxxxxx f11:40051f63 f12:429dbe31  f8:477d5da2
15017816ns          247888 1c008224 0047258b p.lw             x11, 4(x14!)        x11=41174618 x14=1c010384 x14:1c010380  PA:1c010380
15018115ns          247903 1c008228 0046a60b p.lw             x12, 4(x13!)        x12=400ee0a8 x13=1c0109c4 x13:1c0109c0  PA:1c0109c0
15018433ns          247919 1c00822c 40c5f443 fmadd.s          f8, f11, f12, f8     f8=xxxxxxxx f11:41174618 f12:400ee0a8  f8:477e01b0
15018453ns          247920 1c008224 0047258b p.lw             x11, 4(x14!)        x11=42c560af x14=1c010388 x14:1c010384  PA:1c010384
15018751ns          247935 1c008228 0046a60b p.lw             x12, 4(x13!)        x12=41a7003f x13=1c0109c8 x13:1c0109c4  PA:1c0109c4
15019069ns          247951 1c00822c 40c5f443 fmadd.s          f8, f11, f12, f8     f8=xxxxxxxx f11:42c560af f12:41a7003f  f8:477e16cb
15019089ns          247952 1c008224 0047258b p.lw             x11, 4(x14!)        x11=426f7530 x14=1c01038c x14:1c010388  PA:1c010388
15019388ns          247967 1c008228 0046a60b p.lw             x12, 4(x13!)        x12=4292388f x13=1c0109cc x13:1c0109c8  PA:1c0109c8
15019706ns          247983 1c00822c 40c5f443 fmadd.s          f8, f11, f12, f8     f8=xxxxxxxx f11:426f7530 f12:4292388f  f8:47831178
15019726ns          247984 1c008224 0047258b p.lw             x11, 4(x14!)        x11=4275469d x14=1c010390 x14:1c01038c  PA:1c01038c
15020024ns          247999 1c008228 0046a60b p.lw             x12, 4(x13!)        x12=42644141 x13=1c0109d0 x13:1c0109cc  PA:1c0109cc
15020342ns          248015 1c00822c 40c5f443 fmadd.s          f8, f11, f12, f8     f8=xxxxxxxx f11:4275469d f12:42644141  f8:478b9dd4
15020362ns          248016 1c008224 0047258b p.lw             x11, 4(x14!)        x11=428b6084 x14=1c010394 x14:1c010390  PA:1c010390
15020661ns          248031 1c008228 0046a60b p.lw             x12, 4(x13!)        x12=42b8bcfc x13=1c0109d4 x13:1c0109d0  PA:1c0109d0
15020979ns          248047 1c00822c 40c5f443 fmadd.s          f8, f11, f12, f8     f8=xxxxxxxx f11:428b6084 f12:42b8bcfc  f8:4792735f
15020999ns          248048 1c008224 0047258b p.lw             x11, 4(x14!)        x11=428f1c1f x14=1c010398 x14:1c010394  PA:1c010394
15021297ns          248063 1c008228 0046a60b p.lw             x12, 4(x13!)        x12=423c7802 x13=1c0109d8 x13:1c0109d4  PA:1c0109d4
15021615ns          248079 1c00822c 40c5f443 fmadd.s          f8, f11, f12, f8     f8=xxxxxxxx f11:428f1c1f f12:423c7802  f8:479f05e7
15021635ns          248080 1c008224 0047258b p.lw             x11, 4(x14!)        x11=40f26cf9 x14=1c01039c x14:1c010398  PA:1c010398
15021934ns          248095 1c008228 0046a60b p.lw             x12, 4(x13!)        x12=42bccd61 x13=1c0109dc x13:1c0109d8  PA:1c0109d8
15022252ns          248111 1c00822c 40c5f443 fmadd.s          f8, f11, f12, f8     f8=xxxxxxxx f11:40f26cf9 f12:42bccd61  f8:47a59ba3
15022272ns          248112 1c008224 0047258b p.lw             x11, 4(x14!)        x11=3e19857c x14=1c0103a0 x14:1c01039c  PA:1c01039c
15022590ns          248128 1c008228 0046a60b p.lw             x12, 4(x13!)        x12=421fd477 x13=1c0109e0 x13:1c0109dc  PA:1c0109dc
15022908ns          248144 1c00822c 40c5f443 fmadd.s          f8, f11, f12, f8     f8=xxxxxxxx f11:3e19857c f12:421fd477  f8:47a70138
15022928ns          248145 1c008224 0047258b p.lw             x11, 4(x14!)        x11=41d32512 x14=1c0103a4 x14:1c0103a0  PA:1c0103a0
15023227ns          248160 1c008228 0046a60b p.lw             x12, 4(x13!)        x12=4209b916 x13=1c0109e4 x13:1c0109e0  PA:1c0109e0
15023545ns          248176 1c00822c 40c5f443 fmadd.s          f8, f11, f12, f8     f8=xxxxxxxx f11:41d32512 f12:4209b916  f8:47a70437
15023565ns          248177 1c008224 0047258b p.lw             x11, 4(x14!)        x11=4180101a x14=1c0103a8 x14:1c0103a4  PA:1c0103a4
15023883ns          248193 1c008228 0046a60b p.lw             x12, 4(x13!)        x12=40e28a26 x13=1c0109e8 x13:1c0109e4  PA:1c0109e4
15024201ns          248209 1c00822c 40c5f443 fmadd.s          f8, f11, f12, f8     f8=xxxxxxxx f11:4180101a f12:40e28a26  f8:47a8ca95
15024221ns          248210 1c008224 0047258b p.lw             x11, 4(x14!)        x11=41045e02 x14=1c0103ac x14:1c0103a8  PA:1c0103a8
15024520ns          248225 1c008228 0046a60b p.lw             x12, 4(x13!)        x12=42abaf3c x13=1c0109ec x13:1c0109e8  PA:1c0109e8
15024838ns          248241 1c00822c 40c5f443 fmadd.s          f8, f11, f12, f8     f8=xxxxxxxx f11:41045e02 f12:42abaf3c  f8:47a9033f
15024858ns          248242 1c008224 0047258b p.lw             x11, 4(x14!)        x11=427c1d07 x14=1c0103b0 x14:1c0103ac  PA:1c0103ac
15025176ns          248258 1c008228 0046a60b p.lw             x12, 4(x13!)        x12=412f7468 x13=1c0109f0 x13:1c0109ec  PA:1c0109ec
15025494ns          248274 1c00822c 40c5f443 fmadd.s          f8, f11, f12, f8     f8=xxxxxxxx f11:427c1d07 f12:412f7468  f8:47aa6655
15025514ns          248275 1c008224 0047258b p.lw             x11, 4(x14!)        x11=421b1c8a x14=1c0103b4 x14:1c0103b0  PA:1c0103b0
15025812ns          248290 1c008228 0046a60b p.lw             x12, 4(x13!)        x12=4220a84a x13=1c0109f4 x13:1c0109f0  PA:1c0109f0
15026131ns          248306 1c00822c 40c5f443 fmadd.s          f8, f11, f12, f8     f8=xxxxxxxx f11:421b1c8a f12:4220a84a  f8:47abbfea
15026151ns          248307 1c008224 0047258b p.lw             x11, 4(x14!)        x11=428460d6 x14=1c0103b8 x14:1c0103b4  PA:1c0103b4
15026469ns          248323 1c008228 0046a60b p.lw             x12, 4(x13!)        x12=42a44eeb x13=1c0109f8 x13:1c0109f4  PA:1c0109f4
15026787ns          248339 1c00822c 40c5f443 fmadd.s          f8, f11, f12, f8     f8=xxxxxxxx f11:428460d6 f12:42a44eeb  f8:47aecaa8
15026807ns          248340 1c008224 0047258b p.lw             x11, 4(x14!)        x11=417b9af5 x14=1c0103bc x14:1c0103b8  PA:1c0103b8
15027105ns          248355 1c008228 0046a60b p.lw             x12, 4(x13!)        x12=42617c4c x13=1c0109fc x13:1c0109f8  PA:1c0109f8
15027424ns          248371 1c00822c 40c5f443 fmadd.s          f8, f11, f12, f8     f8=xxxxxxxx f11:417b9af5 f12:42617c4c  f8:47b96983
15027443ns          248372 1c008224 0047258b p.lw             x11, 4(x14!)        x11=421e6242 x14=1c0103c0 x14:1c0103bc  PA:1c0103bc
15027742ns          248387 1c008228 0046a60b p.lw             x12, 4(x13!)        x12=428495d9 x13=1c010a00 x13:1c0109fc  PA:1c0109fc
15028060ns          248403 1c00822c 40c5f443 fmadd.s          f8, f11, f12, f8     f8=xxxxxxxx f11:421e6242 f12:428495d9  f8:47bb24be
15028080ns          248404 1c008224 0047258b p.lw             x11, 4(x14!)        x11=429680b2 x14=1c0103c4 x14:1c0103c0  PA:1c0103c0
15028378ns          248419 1c008228 0046a60b p.lw             x12, 4(x13!)        x12=426bec27 x13=1c010a04 x13:1c010a00  PA:1c010a00
15028697ns          248435 1c00822c 40c5f443 fmadd.s          f8, f11, f12, f8     f8=xxxxxxxx f11:429680b2 f12:426bec27  f8:47c04534
15028716ns          248436 1c008224 0047258b p.lw             x11, 4(x14!)        x11=423c2c6f x14=1c0103c8 x14:1c0103c4  PA:1c0103c4
15029015ns          248451 1c008228 0046a60b p.lw             x12, 4(x13!)        x12=41ca7ac5 x13=1c010a08 x13:1c010a04  PA:1c010a04
15029333ns          248467 1c00822c 40c5f443 fmadd.s          f8, f11, f12, f8     f8=xxxxxxxx f11:423c2c6f f12:41ca7ac5  f8:47c8f064
15029353ns          248468 1c008224 0047258b p.lw             x11, 4(x14!)        x11=428c012f x14=1c0103cc x14:1c0103c8  PA:1c0103c8
15029651ns          248483 1c008228 0046a60b p.lw             x12, 4(x13!)        x12=4277a112 x13=1c010a0c x13:1c010a08  PA:1c010a08
15029970ns          248499 1c00822c 40c5f443 fmadd.s          f8, f11, f12, f8     f8=xxxxxxxx f11:428c012f f12:4277a112  f8:47cb43b9
15029990ns          248500 1c008224 0047258b p.lw             x11, 4(x14!)        x11=42badd29 x14=1c0103d0 x14:1c0103cc  PA:1c0103cc
15030288ns          248515 1c008228 0046a60b p.lw             x12, 4(x13!)        x12=41d60bd7 x13=1c010a10 x13:1c010a0c  PA:1c010a0c
15030606ns          248531 1c00822c 40c5f443 fmadd.s          f8, f11, f12, f8     f8=xxxxxxxx f11:42badd29 f12:41d60bd7  f8:47d3ba8d
15030626ns          248532 1c008224 0047258b p.lw             x11, 4(x14!)        x11=429e30c1 x14=1c0103d4 x14:1c0103d0  PA:1c0103d0
15030924ns          248547 1c008228 0046a60b p.lw             x12, 4(x13!)        x12=41cb8152 x13=1c010a14 x13:1c010a10  PA:1c010a10
15031243ns          248563 1c00822c 40c5f443 fmadd.s          f8, f11, f12, f8     f8=xxxxxxxx f11:429e30c1 f12:41cb8152  f8:47d89c79
15031263ns          248564 1c008224 0047258b p.lw             x11, 4(x14!)        x11=422ad9e5 x14=1c0103d8 x14:1c0103d4  PA:1c0103d4
15031561ns          248579 1c008228 0046a60b p.lw             x12, 4(x13!)        x12=41fbde26 x13=1c010a18 x13:1c010a14  PA:1c010a14
15031899ns          248596 1c00822c 40c5f443 fmadd.s          f8, f11, f12, f8     f8=xxxxxxxx f11:422ad9e5 f12:41fbde26  f8:47dc8a7e
15031919ns          248597 1c008224 0047258b p.lw             x11, 4(x14!)        x11=418a3995 x14=1c0103dc x14:1c0103d8  PA:1c0103d8
15032217ns          248612 1c008228 0046a60b p.lw             x12, 4(x13!)        x12=4136fa25 x13=1c010a1c x13:1c010a18  PA:1c010a18
15032536ns          248628 1c00822c 40c5f443 fmadd.s          f8, f11, f12, f8     f8=xxxxxxxx f11:418a3995 f12:4136fa25  f8:47df2ade
15032555ns          248629 1c008224 0047258b p.lw             x11, 4(x14!)        x11=428057bc x14=1c0103e0 x14:1c0103dc  PA:1c0103dc
15032854ns          248644 1c008228 0046a60b p.lw             x12, 4(x13!)        x12=429c2a7c x13=1c010a20 x13:1c010a1c  PA:1c010a1c
15033192ns          248661 1c00822c 40c5f443 fmadd.s          f8, f11, f12, f8     f8=xxxxxxxx f11:428057bc f12:429c2a7c  f8:47df8daa
15033212ns          248662 1c008224 0047258b p.lw             x11, 4(x14!)        x11=41afb163 x14=1c0103e4 x14:1c0103e0  PA:1c0103e0
15033510ns          248677 1c008228 0046a60b p.lw             x12, 4(x13!)        x12=420381ed x13=1c010a24 x13:1c010a20  PA:1c010a20
15033828ns          248693 1c00822c 40c5f443 fmadd.s          f8, f11, f12, f8     f8=xxxxxxxx f11:41afb163 f12:420381ed  f8:47e95702
15033848ns          248694 1c008224 0047258b p.lw             x11, 4(x14!)        x11=424bc3e5 x14=1c0103e8 x14:1c0103e4  PA:1c0103e4
15034147ns          248709 1c008228 0046a60b p.lw             x12, 4(x13!)        x12=42460287 x13=1c010a28 x13:1c010a24  PA:1c010a24
15034485ns          248726 1c00822c 40c5f443 fmadd.s          f8, f11, f12, f8     f8=xxxxxxxx f11:424bc3e5 f12:42460287  f8:47eac006
15034505ns          248727 1c008224 0047258b p.lw             x11, 4(x14!)        x11=42829bea x14=1c0103ec x14:1c0103e8  PA:1c0103e8
15034803ns          248742 1c008228 0046a60b p.lw             x12, 4(x13!)        x12=421ee042 x13=1c010a2c x13:1c010a28  PA:1c010a28
15035121ns          248758 1c00822c 40c5f443 fmadd.s          f8, f11, f12, f8     f8=xxxxxxxx f11:42829bea f12:421ee042  f8:47eface2
15035141ns          248759 1c008224 0047258b p.lw             x11, 4(x14!)        x11=4232c5a0 x14=1c0103f0 x14:1c0103ec  PA:1c0103ec
15035440ns          248774 1c008228 0046a60b p.lw             x12, 4(x13!)        x12=42925412 x13=1c010a30 x13:1c010a2c  PA:1c010a2c
15035758ns          248790 1c00822c 40c5f443 fmadd.s          f8, f11, f12, f8     f8=xxxxxxxx f11:4232c5a0 f12:42925412  f8:47f4bdcc
15035778ns          248791 1c008224 0047258b p.lw             x11, 4(x14!)        x11=4250cdd5 x14=1c0103f4 x14:1c0103f0  PA:1c0103f0
15036076ns          248806 1c008228 0046a60b p.lw             x12, 4(x13!)        x12=428de2c2 x13=1c010a34 x13:1c010a30  PA:1c010a30
15036394ns          248822 1c00822c 40c5f443 fmadd.s          f8, f11, f12, f8     f8=xxxxxxxx f11:4250cdd5 f12:428de2c2  f8:47fb20c3
15036414ns          248823 1c008224 0047258b p.lw             x11, 4(x14!)        x11=426db77b x14=1c0103f8 x14:1c0103f4  PA:1c0103f4
15036713ns          248838 1c008228 0046a60b p.lw             x12, 4(x13!)        x12=41836142 x13=1c010a38 x13:1c010a34  PA:1c010a34
15037031ns          248854 1c00822c 40c5f443 fmadd.s          f8, f11, f12, f8     f8=xxxxxxxx f11:426db77b f12:41836142  f8:48012e34
15037051ns          248855 1c008224 0047258b p.lw             x11, 4(x14!)        x11=42bd585a x14=1c0103fc x14:1c0103f8  PA:1c0103f8
15037349ns          248870 1c008228 0046a60b p.lw             x12, 4(x13!)        x12=4262d35b x13=1c010a3c x13:1c010a38  PA:1c010a38
15037667ns          248886 1c00822c 40c5f443 fmadd.s          f8, f11, f12, f8     f8=xxxxxxxx f11:42bd585a f12:4262d35b  f8:48022232
15037687ns          248887 1c008224 0047258b p.lw             x11, 4(x14!)        x11=4222729b x14=1c010400 x14:1c0103fc  PA:1c0103fc
15037986ns          248902 1c008228 0046a60b p.lw             x12, 4(x13!)        x12=4235a230 x13=1c010a40 x13:1c010a3c  PA:1c010a3c
15038304ns          248918 1c00822c 40c5f443 fmadd.s          f8, f11, f12, f8     f8=xxxxxxxx f11:4222729b f12:4235a230  f8:48076055
15038324ns          248919 1c008224 0047258b p.lw             x11, 4(x14!)        x11=3fd76427 x14=1c010404 x14:1c010400  PA:1c010400
15038622ns          248934 1c008228 0046a60b p.lw             x12, 4(x13!)        x12=40a22bfc x13=1c010a44 x13:1c010a40  PA:1c010a40
15038940ns          248950 1c00822c 40c5f443 fmadd.s          f8, f11, f12, f8     f8=xxxxxxxx f11:3fd76427 f12:40a22bfc  f8:48092d5d
15038960ns          248951 1c008224 0047258b p.lw             x11, 4(x14!)        x11=425b731a x14=1c010408 x14:1c010404  PA:1c010404
15039259ns          248966 1c008228 0046a60b p.lw             x12, 4(x13!)        x12=41e250d1 x13=1c010a48 x13:1c010a44  PA:1c010a44
15039577ns          248982 1c00822c 40c5f443 fmadd.s          f8, f11, f12, f8     f8=xxxxxxxx f11:425b731a f12:41e250d1  f8:48092f7f
15039597ns          248983 1c008224 0047258b p.lw             x11, 4(x14!)        x11=4208394f x14=1c01040c x14:1c010408  PA:1c010408
15039895ns          248998 1c008228 0046a60b p.lw             x12, 4(x13!)        x12=42b22c78 x13=1c010a4c x13:1c010a48  PA:1c010a48
15040213ns          249014 1c00822c 40c5f443 fmadd.s          f8, f11, f12, f8     f8=xxxxxxxx f11:4208394f f12:42b22c78  f8:480ab381
15040233ns          249015 1c008224 0047258b p.lw             x11, 4(x14!)        x11=428f30e1 x14=1c010410 x14:1c01040c  PA:1c01040c
15040532ns          249030 1c008228 0046a60b p.lw             x12, 4(x13!)        x12=4297b88e x13=1c010a50 x13:1c010a4c  PA:1c010a4c
15040850ns          249046 1c00822c 40c5f443 fmadd.s          f8, f11, f12, f8     f8=xxxxxxxx f11:428f30e1 f12:4297b88e  f8:480da9fd
15040870ns          249047 1c008224 0047258b p.lw             x11, 4(x14!)        x11=422ad40d x14=1c010414 x14:1c010410  PA:1c010410
15041188ns          249063 1c008228 0046a60b p.lw             x12, 4(x13!)        x12=427aff96 x13=1c010a54 x13:1c010a50  PA:1c010a50
15041506ns          249079 1c00822c 40c5f443 fmadd.s          f8, f11, f12, f8     f8=xxxxxxxx f11:422ad40d f12:427aff96  f8:4812f7ce
15041526ns          249080 1c008224 0047258b p.lw             x11, 4(x14!)        x11=40f8700b x14=1c010418 x14:1c010414  PA:1c010414
15041825ns          249095 1c008228 0046a60b p.lw             x12, 4(x13!)        x12=420dbe1e x13=1c010a58 x13:1c010a54  PA:1c010a54
15042143ns          249111 1c00822c 40c5f443 fmadd.s          f8, f11, f12, f8     f8=xxxxxxxx f11:40f8700b f12:420dbe1e  f8:481595c5
15042163ns          249112 1c008224 0047258b p.lw             x11, 4(x14!)        x11=4201ba36 x14=1c01041c x14:1c010418  PA:1c010418
15042481ns          249128 1c008228 0046a60b p.lw             x12, 4(x13!)        x12=42a7ec52 x13=1c010a5c x13:1c010a58  PA:1c010a58
15042799ns          249144 1c00822c 40c5f443 fmadd.s          f8, f11, f12, f8     f8=xxxxxxxx f11:4201ba36 f12:42a7ec52  f8:4815da8c
15042819ns          249145 1c008224 0047258b p.lw             x11, 4(x14!)        x11=42a75788 x14=1c010420 x14:1c01041c  PA:1c01041c
15043117ns          249160 1c008228 0046a60b p.lw             x12, 4(x13!)        x12=42aca22c x13=1c010a60 x13:1c010a5c  PA:1c010a5c
15043436ns          249176 1c00822c 40c5f443 fmadd.s          f8, f11, f12, f8     f8=xxxxxxxx f11:42a75788 f12:42aca22c  f8:4818834e
15043456ns          249177 1c008224 0047258b p.lw             x11, 4(x14!)        x11=42c4a17e x14=1c010424 x14:1c010420  PA:1c010420
15043774ns          249193 1c008228 0046a60b p.lw             x12, 4(x13!)        x12=42b283af x13=1c010a64 x13:1c010a60  PA:1c010a60
15044092ns          249209 1c00822c 40c5f443 fmadd.s          f8, f11, f12, f8     f8=xxxxxxxx f11:42c4a17e f12:42b283af  f8:481f90db
15044112ns          249210 1c008224 0047258b p.lw             x11, 4(x14!)        x11=41ee1e9e x14=1c010428 x14:1c010424  PA:1c010424
15044410ns          249225 1c008228 0046a60b p.lw             x12, 4(x13!)        x12=42156573 x13=1c010a68 x13:1c010a64  PA:1c010a64
15044729ns          249241 1c00822c 40c5f443 fmadd.s          f8, f11, f12, f8     f8=xxxxxxxx f11:41ee1e9e f12:42156573  f8:482822b2
15044748ns          249242 1c008224 0047258b p.lw             x11, 4(x14!)        x11=418803e5 x14=1c01042c x14:1c010428  PA:1c010428
15045047ns          249257 1c008228 0046a60b p.lw             x12, 4(x13!)        x12=42279ba2 x13=1c010a6c x13:1c010a68  PA:1c010a68
15045365ns          249273 1c00822c 40c5f443 fmadd.s          f8, f11, f12, f8     f8=xxxxxxxx f11:418803e5 f12:42279ba2  f8:4829389e
15045385ns          249274 1c008224 0047258b p.lw             x11, 4(x14!)        x11=428d534f x14=1c010430 x14:1c01042c  PA:1c01042c
15045683ns          249289 1c008228 0046a60b p.lw             x12, 4(x13!)        x12=42863f62 x13=1c010a70 x13:1c010a6c  PA:1c010a6c
15046002ns          249305 1c00822c 40c5f443 fmadd.s          f8, f11, f12, f8     f8=xxxxxxxx f11:428d534f f12:42863f62  f8:4829eab8
15046021ns          249306 1c008224 0047258b p.lw             x11, 4(x14!)        x11=42606641 x14=1c010434 x14:1c010430  PA:1c010430
15046320ns          249321 1c008228 0046a60b p.lw             x12, 4(x13!)        x12=422f0727 x13=1c010a74 x13:1c010a70  PA:1c010a70
15046638ns          249337 1c00822c 40c5f443 fmadd.s          f8, f11, f12, f8     f8=xxxxxxxx f11:42606641 f12:422f0727  f8:482e8c82
15046658ns          249338 1c008224 0047258b p.lw             x11, 4(x14!)        x11=420c73aa x14=1c010438 x14:1c010434  PA:1c010434
15046956ns          249353 1c008228 0046a60b p.lw             x12, 4(x13!)        x12=4227da2a x13=1c010a78 x13:1c010a74  PA:1c010a74
15047275ns          249369 1c00822c 40c5f443 fmadd.s          f8, f11, f12, f8     f8=xxxxxxxx f11:420c73aa f12:4227da2a  f8:4830f233
15047294ns          249370 1c008224 0047258b p.lw             x11, 4(x14!)        x11=42abfd10 x14=1c01043c x14:1c010438  PA:1c010438
15047593ns          249385 1c008228 0046a60b p.lw             x12, 4(x13!)        x12=415a4c23 x13=1c010a7c x13:1c010a78  PA:1c010a78
15047911ns          249401 1c00822c 40c5f443 fmadd.s          f8, f11, f12, f8     f8=xxxxxxxx f11:42abfd10 f12:415a4c23  f8:48326290
15047931ns          249402 1c008224 0047258b p.lw             x11, 4(x14!)        x11=3f8aa7f8 x14=1c010440 x14:1c01043c  PA:1c01043c
15048229ns          249417 1c008228 0046a60b p.lw             x12, 4(x13!)        x12=428b4857 x13=1c010a80 x13:1c010a7c  PA:1c010a7c
15048548ns          249433 1c00822c 40c5f443 fmadd.s          f8, f11, f12, f8     f8=xxxxxxxx f11:3f8aa7f8 f12:428b4857  f8:483387e1
15048567ns          249434 1c008224 0047258b p.lw             x11, 4(x14!)        x11=429d274b x14=1c010444 x14:1c010440  PA:1c010440
15048866ns          249449 1c008228 0046a60b p.lw             x12, 4(x13!)        x12=42684449 x13=1c010a84 x13:1c010a80  PA:1c010a80
15049204ns          249466 1c00822c 40c5f443 fmadd.s          f8, f11, f12, f8     f8=xxxxxxxx f11:429d274b f12:42684449  f8:48339abd
15049224ns          249467 1c008224 0047258b p.lw             x11, 4(x14!)        x11=42ae24fd x14=1c010448 x14:1c010444  PA:1c010444
15049522ns          249482 1c008228 0046a60b p.lw             x12, 4(x13!)        x12=428990f3 x13=1c010a88 x13:1c010a84  PA:1c010a84
15049840ns          249498 1c00822c 40c5f443 fmadd.s          f8, f11, f12, f8     f8=xxxxxxxx f11:42ae24fd f12:428990f3  f8:48380f69
15049860ns          249499 1c008224 0047258b p.lw             x11, 4(x14!)        x11=3e65c12e x14=1c01044c x14:1c010448  PA:1c010448
15050159ns          249514 1c008228 0046a60b p.lw             x12, 4(x13!)        x12=42bec2d3 x13=1c010a8c x13:1c010a88  PA:1c010a88
15050497ns          249531 1c00822c 40c5f443 fmadd.s          f8, f11, f12, f8     f8=xxxxxxxx f11:3e65c12e f12:42bec2d3  f8:483de8af
15050517ns          249532 1c008224 0047258b p.lw             x11, 4(x14!)        x11=4243082c x14=1c010450 x14:1c01044c  PA:1c01044c
15050815ns          249547 1c008228 0046a60b p.lw             x12, 4(x13!)        x12=429de8c2 x13=1c010a90 x13:1c010a8c  PA:1c010a8c
15051133ns          249563 1c00822c 40c5f443 fmadd.s          f8, f11, f12, f8     f8=xxxxxxxx f11:4243082c f12:429de8c2  f8:483dee09
15051153ns          249564 1c008224 0047258b p.lw             x11, 4(x14!)        x11=4210b029 x14=1c010454 x14:1c010450  PA:1c010450
15051452ns          249579 1c008228 0046a60b p.lw             x12, 4(x13!)        x12=42a4786f x13=1c010a94 x13:1c010a90  PA:1c010a90
15051790ns          249596 1c00822c 40c5f443 fmadd.s          f8, f11, f12, f8     f8=xxxxxxxx f11:4210b029 f12:42a4786f  f8:4841b074
15051810ns          249597 1c008224 0047258b p.lw             x11, 4(x14!)        x11=40bae83b x14=1c010458 x14:1c010454  PA:1c010454
15052108ns          249612 1c008228 0046a60b p.lw             x12, 4(x13!)        x12=42bfeb9b x13=1c010a98 x13:1c010a94  PA:1c010a94
15052426ns          249628 1c00822c 40c5f443 fmadd.s          f8, f11, f12, f8     f8=xxxxxxxx f11:40bae83b f12:42bfeb9b  f8:4844981b
15052446ns          249629 1c008224 0047258b p.lw             x11, 4(x14!)        x11=41700a5d x14=1c01045c x14:1c010458  PA:1c010458
15052745ns          249644 1c008228 0046a60b p.lw             x12, 4(x13!)        x12=427beaf0 x13=1c010a9c x13:1c010a98  PA:1c010a98
15053063ns          249660 1c00822c 40c5f443 fmadd.s          f8, f11, f12, f8     f8=xxxxxxxx f11:41700a5d f12:427beaf0  f8:4845243a
15053083ns          249661 1c008224 0047258b p.lw             x11, 4(x14!)        x11=424a845e x14=1c010460 x14:1c01045c  PA:1c01045c
15053381ns          249676 1c008228 0046a60b p.lw             x12, 4(x13!)        x12=420f1677 x13=1c010aa0 x13:1c010a9c  PA:1c010a9c
15053699ns          249692 1c00822c 40c5f443 fmadd.s          f8, f11, f12, f8     f8=xxxxxxxx f11:424a845e f12:420f1677  f8:48461070
15053719ns          249693 1c008224 0047258b p.lw             x11, 4(x14!)        x11=4234bb61 x14=1c010464 x14:1c010460  PA:1c010460
15054018ns          249708 1c008228 0046a60b p.lw             x12, 4(x13!)        x12=3ffff48f x13=1c010aa4 x13:1c010aa0  PA:1c010aa0
15054336ns          249724 1c00822c 40c5f443 fmadd.s          f8, f11, f12, f8     f8=xxxxxxxx f11:4234bb61 f12:3ffff48f  f8:4847d537
15054356ns          249725 1c008224 0047258b p.lw             x11, 4(x14!)        x11=41c24653 x14=1c010468 x14:1c010464  PA:1c010464
15054654ns          249740 1c008228 0046a60b p.lw             x12, 4(x13!)        x12=42a19ac9 x13=1c010aa8 x13:1c010aa4  PA:1c010aa4
15054972ns          249756 1c00822c 40c5f443 fmadd.s          f8, f11, f12, f8     f8=xxxxxxxx f11:41c24653 f12:42a19ac9  f8:4847ebcd
15054992ns          249757 1c008224 0047258b p.lw             x11, 4(x14!)        x11=415b7660 x14=1c01046c x14:1c010468  PA:1c010468
15055291ns          249772 1c008228 0046a60b p.lw             x12, 4(x13!)        x12=411838df x13=1c010aac x13:1c010aa8  PA:1c010aa8
15055609ns          249788 1c00822c 40c5f443 fmadd.s          f8, f11, f12, f8     f8=xxxxxxxx f11:415b7660 f12:411838df  f8:4849d65c
15055629ns          249789 1c008224 0047258b p.lw             x11, 4(x14!)        x11=3fbb8213 x14=1c010470 x14:1c01046c  PA:1c01046c
15055927ns          249804 1c008228 0046a60b p.lw             x12, 4(x13!)        x12=4295a0f3 x13=1c010ab0 x13:1c010aac  PA:1c010aac
15056245ns          249820 1c00822c 40c5f443 fmadd.s          f8, f11, f12, f8     f8=xxxxxxxx f11:3fbb8213 f12:4295a0f3  f8:4849f6fc
15056265ns          249821 1c008224 0047258b p.lw             x11, 4(x14!)        x11=41ad532f x14=1c010474 x14:1c010470  PA:1c010470
15056564ns          249836 1c008228 0046a60b p.lw             x12, 4(x13!)        x12=40922feb x13=1c010ab4 x13:1c010ab0  PA:1c010ab0
15056882ns          249852 1c00822c 40c5f443 fmadd.s          f8, f11, f12, f8     f8=xxxxxxxx f11:41ad532f f12:40922feb  f8:484a1262
15056902ns          249853 1c008224 0047258b p.lw             x11, 4(x14!)        x11=42b1483f x14=1c010478 x14:1c010474  PA:1c010474
15057220ns          249869 1c008228 0046a60b p.lw             x12, 4(x13!)        x12=4197bc0c x13=1c010ab8 x13:1c010ab4  PA:1c010ab4
15057538ns          249885 1c00822c 40c5f443 fmadd.s          f8, f11, f12, f8     f8=xxxxxxxx f11:42b1483f f12:4197bc0c  f8:484a2b20
15057558ns          249886 1c008224 0047258b p.lw             x11, 4(x14!)        x11=420240a8 x14=1c01047c x14:1c010478  PA:1c010478
15057856ns          249901 1c008228 0046a60b p.lw             x12, 4(x13!)        x12=424d4734 x13=1c010abc x13:1c010ab8  PA:1c010ab8
15058175ns          249917 1c00822c 40c5f443 fmadd.s          f8, f11, f12, f8     f8=xxxxxxxx f11:420240a8 f12:424d4734  f8:484bcf6f
15058195ns          249918 1c008224 0047258b p.lw             x11, 4(x14!)        x11=425e50b6 x14=1c010480 x14:1c01047c  PA:1c01047c
15058513ns          249934 1c008228 0046a60b p.lw             x12, 4(x13!)        x12=42633a58 x13=1c010ac0 x13:1c010abc  PA:1c010abc
15058831ns          249950 1c00822c 40c5f443 fmadd.s          f8, f11, f12, f8     f8=xxxxxxxx f11:425e50b6 f12:42633a58  f8:484d7137
15058851ns          249951 1c008224 0047258b p.lw             x11, 4(x14!)        x11=4234b854 x14=1c010484 x14:1c010480  PA:1c010480
15059149ns          249966 1c008228 0046a60b p.lw             x12, 4(x13!)        x12=41963f95 x13=1c010ac4 x13:1c010ac0  PA:1c010ac0
15059468ns          249982 1c00822c 40c5f443 fmadd.s          f8, f11, f12, f8     f8=xxxxxxxx f11:4234b854 f12:41963f95  f8:48508688
15059487ns          249983 1c008224 0047258b p.lw             x11, 4(x14!)        x11=42aa8e8d x14=1c010488 x14:1c010484  PA:1c010484
15059806ns          249999 1c008228 0046a60b p.lw             x12, 4(x13!)        x12=41fbfb49 x13=1c010ac8 x13:1c010ac4  PA:1c010ac4
15060124ns          250015 1c00822c 40c5f443 fmadd.s          f8, f11, f12, f8     f8=xxxxxxxx f11:42aa8e8d f12:41fbfb49  f8:48515aaa
15060144ns          250016 1c008224 0047258b p.lw             x11, 4(x14!)        x11=4228aec7 x14=1c01048c x14:1c010488  PA:1c010488
15060442ns          250031 1c008228 0046a60b p.lw             x12, 4(x13!)        x12=426a6cb0 x13=1c010acc x13:1c010ac8  PA:1c010ac8
15060760ns          250047 1c00822c 40c5f443 fmadd.s          f8, f11, f12, f8     f8=xxxxxxxx f11:4228aec7 f12:426a6cb0  f8:4853fa2f
15060780ns          250048 1c008224 0047258b p.lw             x11, 4(x14!)        x11=426e4d43 x14=1c010490 x14:1c01048c  PA:1c01048c
15061099ns          250064 1c008228 0046a60b p.lw             x12, 4(x13!)        x12=41e96314 x13=1c010ad0 x13:1c010acc  PA:1c010acc
15061417ns          250080 1c00822c 40c5f443 fmadd.s          f8, f11, f12, f8     f8=xxxxxxxx f11:426e4d43 f12:41e96314  f8:4856640c
15061437ns          250081 1c008224 0047258b p.lw             x11, 4(x14!)        x11=429f0e9c x14=1c010494 x14:1c010490  PA:1c010490
15061735ns          250096 1c008228 0046a60b p.lw             x12, 4(x13!)        x12=42a0e40a x13=1c010ad4 x13:1c010ad0  PA:1c010ad0
15062053ns          250112 1c00822c 40c5f443 fmadd.s          f8, f11, f12, f8     f8=xxxxxxxx f11:429f0e9c f12:42a0e40a  f8:4858168d
15062073ns          250113 1c008224 0047258b p.lw             x11, 4(x14!)        x11=429d99fc x14=1c010498 x14:1c010494  PA:1c010494
15062392ns          250129 1c008228 0046a60b p.lw             x12, 4(x13!)        x12=42bfcf1c x13=1c010ad8 x13:1c010ad4  PA:1c010ad4
15062710ns          250145 1c00822c 40c5f443 fmadd.s          f8, f11, f12, f8     f8=xxxxxxxx f11:429d99fc f12:42bfcf1c  f8:485e55fa
15062730ns          250146 1c008224 0047258b p.lw             x11, 4(x14!)        x11=42a6dd34 x14=1c01049c x14:1c010498  PA:1c010498
15063028ns          250161 1c008228 0046a60b p.lw             x12, 4(x13!)        x12=4256ac44 x13=1c010adc x13:1c010ad8  PA:1c010ad8
15063346ns          250177 1c00822c 40c5f443 fmadd.s          f8, f11, f12, f8     f8=xxxxxxxx f11:42a6dd34 f12:4256ac44  f8:4865b750
15063366ns          250178 1c008224 0047258b p.lw             x11, 4(x14!)        x11=42453466 x14=1c0104a0 x14:1c01049c  PA:1c01049c
15063665ns          250193 1c008228 0046a60b p.lw             x12, 4(x13!)        x12=41a630d8 x13=1c010ae0 x13:1c010adc  PA:1c010adc
15063983ns          250209 1c00822c 40c5f443 fmadd.s          f8, f11, f12, f8     f8=xxxxxxxx f11:42453466 f12:41a630d8  f8:486a16ba
15064003ns          250210 1c008224 0047258b p.lw             x11, 4(x14!)        x11=41a71e1c x14=1c0104a4 x14:1c0104a0  PA:1c0104a0
15064301ns          250225 1c008228 0046a60b p.lw             x12, 4(x13!)        x12=41df1407 x13=1c010ae4 x13:1c010ae0  PA:1c010ae0
15064619ns          250241 1c00822c 40c5f443 fmadd.s          f8, f11, f12, f8     f8=xxxxxxxx f11:41a71e1c f12:41df1407  f8:486b16c5
15064639ns          250242 1c008224 0047258b p.lw             x11, 4(x14!)        x11=426ed33f x14=1c0104a8 x14:1c0104a4  PA:1c0104a4
15064938ns          250257 1c008228 0046a60b p.lw             x12, 4(x13!)        x12=41abdc1f x13=1c010ae8 x13:1c010ae4  PA:1c010ae4
15065256ns          250273 1c00822c 40c5f443 fmadd.s          f8, f11, f12, f8     f8=xxxxxxxx f11:426ed33f f12:41abdc1f  f8:486ba865
15065276ns          250274 1c008224 0047258b p.lw             x11, 4(x14!)        x11=4286a7d6 x14=1c0104ac x14:1c0104a8  PA:1c0104a8
15065574ns          250289 1c008228 0046a60b p.lw             x12, 4(x13!)        x12=424bea5b x13=1c010aec x13:1c010ae8  PA:1c010ae8
15065892ns          250305 1c00822c 40c5f443 fmadd.s          f8, f11, f12, f8     f8=xxxxxxxx f11:4286a7d6 f12:424bea5b  f8:486ce90e
15065912ns          250306 1c008224 0047258b p.lw             x11, 4(x14!)        x11=41e30a69 x14=1c0104b0 x14:1c0104ac  PA:1c0104ac
15066211ns          250321 1c008228 0046a60b p.lw             x12, 4(x13!)        x12=421e4ec1 x13=1c010af0 x13:1c010aec  PA:1c010aec
15066529ns          250337 1c00822c 40c5f443 fmadd.s          f8, f11, f12, f8     f8=xxxxxxxx f11:41e30a69 f12:421e4ec1  f8:48704321
15066549ns          250338 1c008230 00812623 sw               x8, 12(x2)           x8:48715bee  x2:100017c8  PA:100017d4
15066569ns          250339 1c008232 279010ef jal              x1, 6776             x1=1c008236
15066688ns          250345 1c009caa f14027f3 csrrs            x15, x0, 0xf14      x15=00000002
15066708ns          250346 1c009cae 01f00713 addi             x14, x0, 31         x14=0000001f
15066748ns          250348 1c009cb0 ca5797b3 p.extractu       x15, x15, 5, 5      x15=00000000 x15:00000002
15066787ns          250350 1c009cb4 00e78863 beq              x15, x14, 16        x15:00000000 x14:0000001f
15066807ns          250351 1c009cb8 002047b7 lui              x15, 0x204000       x15=00204000
15066827ns          250352 1c009cbc 20078793 addi             x15, x15, 512       x15=00204200 x15:00204000
15066847ns          250353 1c009cc0 01c7e703 p.elw            x14, 28(x15)        x14=00010000 x15:00204200  PA:0020421c
15067543ns          250388 1c009cc4 00008067 jalr             x0, x1, 0            x1:1c008236
15067603ns          250391 1c008236 f14027f3 csrrs            x15, x0, 0xf14      x15=00000002
15067623ns          250392 1c00823a f457b7b3 p.bclr           x15, x15, 26, 5     x15=00000002 x15:00000002
15067643ns          250393 1c00823e 0a078c63 beq              x15, x0, 184        x15:00000002
15068140ns          250418 1c008240 1c0117b7 lui              x15, 0x1c011000     x15=1c011000
15068180ns          250420 1c008244 00078793 addi             x15, x15, 0         x15=1c011000 x15:1c011000
15068200ns          250421 1c008248 00349713 slli             x14, x9, 0x3        x14=00000010  x9:00000002
15068220ns          250422 1c00824c 00f70733 add              x14, x14, x15       x14=1c011010 x14:00000010 x15:1c011000
15068737ns          250448 1c00824e c8072903 lw               x18, -896(x14)      x18=48715c8c x14:1c011010  PA:1c010c90
15069154ns          250469 1c008252 00349493 slli             x9, x9, 0x3          x9=00000010  x9:00000002
15069174ns          250470 1c008254 a1240753 fle.s            x14, f8, f18        x14=00000001  f8:48715bee f18:48715c8c
15069194ns          250471 1c008258 00f484b3 add              x9, x9, x15          x9=1c011010  x9:00000010 x15:1c011000
15069214ns          250472 1c00825a c844a983 lw               x19, -892(x9)       x19=48715b50  x9:1c011010  PA:1c010c94
15069652ns          250494 1c00825e 04071e63 bne              x14, x0, 92         x14:00000001
15070169ns          250520 1c0082ba a08987d3 fle.s            x15, f19, f8        x15=00000001 f19:48715b50  f8:48715bee
15070189ns          250521 1c0082be fa0781e3 beq              x15, x0, -94        x15:00000001
15070626ns          250543 1c0082c0 1c000537 lui              x10, 0x1c000000     x10=1c000000
15070666ns          250545 1c0082c4 f14025f3 csrrs            x11, x0, 0xf14      x11=00000002
15070686ns          250546 1c0082c8 06c50513 addi             x10, x10, 108       x10=1c00006c x10:1c000000
15070706ns          250547 1c0082cc f455b5b3 p.bclr           x11, x11, 26, 5     x11=00000002 x11:00000002
15070766ns          250550 1c0082d0 624000ef jal              x1, 1572             x1=1c0082d2
15070845ns          250554 1c0088f4 fc010113 addi             x2, x2, -64          x2=10001788  x2:100017c8
15070885ns          250556 1c0088f6 02410313 addi             x6, x2, 36           x6=100017ac  x2:10001788
15070905ns          250557 1c0088fa 02c12423 sw               x12, 40(x2)         x12:421e4ec1  x2:10001788  PA:100017b0
15070925ns          250558 1c0088fc 00a00633 add              x12, x0, x10        x12=1c00006c x10:1c00006c
15070964ns          250560 1c0088fe 1c009537 lui              x10, 0x1c009000     x10=1c009000
15070984ns          250561 1c008902 02b12223 sw               x11, 36(x2)         x11:00000002  x2:10001788  PA:100017ac
15071004ns          250562 1c008904 02d12623 sw               x13, 44(x2)         x13:1c010af0  x2:10001788  PA:100017b4
15071024ns          250563 1c008906 00200593 addi             x11, x0, 2          x11=00000002
15071044ns          250564 1c008908 006006b3 add              x13, x0, x6         x13=100017ac  x6:100017ac
15071064ns          250565 1c00890a 88850513 addi             x10, x10, -1912     x10=1c008888 x10:1c009000
15071084ns          250566 1c00890e 00112e23 sw               x1, 28(x2)           x1:1c0082d2  x2:10001788  PA:100017a4
15071104ns          250567 1c008910 02e12823 sw               x14, 48(x2)         x14:00000001  x2:10001788  PA:100017b8
15071124ns          250568 1c008912 02f12a23 sw               x15, 52(x2)         x15:00000001  x2:10001788  PA:100017bc
15071143ns          250569 1c008914 03012c23 sw               x16, 56(x2)         x16:xxxxxxxx  x2:10001788  PA:100017c0
15071163ns          250570 1c008916 03112e23 sw               x17, 60(x2)         x17:xxxxxxxx  x2:10001788  PA:100017c4
15071183ns          250571 1c008918 00612623 sw               x6, 12(x2)           x6:100017ac  x2:10001788  PA:10001794
15071203ns          250572 1c00891a fbfff0ef jal              x1, -66              x1=1c00891c
15071243ns          250574 1c0088d8 04a0006f jal              x0, 74             
15071283ns          250576 1c008922 ed010113 addi             x2, x2, -304         x2=10001658  x2:10001788
15071303ns          250577 1c008924 12812423 sw               x8, 296(x2)          x8:48715bee  x2:10001658  PA:10001780
15071322ns          250578 1c008928 00000413 addi             x8, x0, 0            x8=00000000
15071342ns          250579 1c00892a 11612823 sw               x22, 272(x2)        x22:xxxxxxxx  x2:10001658  PA:10001768
15071402ns          250582 1c00892e 11712623 sw               x23, 268(x2)        x23:xxxxxxxx  x2:10001658  PA:10001764
15071442ns          250584 1c008932 11812423 sw               x24, 264(x2)        x24:xxxxxxxx  x2:10001658  PA:10001760
15071462ns          250585 1c008936 11912223 sw               x25, 260(x2)        x25:xxxxxxxx  x2:10001658  PA:1000175c
15071482ns          250586 1c00893a 11a12023 sw               x26, 256(x2)        x26:xxxxxxxx  x2:10001658  PA:10001758
15071502ns          250587 1c00893e 0fb12e23 sw               x27, 252(x2)        x27:xxxxxxxx  x2:10001658  PA:10001754
15071541ns          250589 1c008940 12112623 sw               x1, 300(x2)          x1:1c00891c  x2:10001658  PA:10001784
15071581ns          250591 1c008944 00800db3 add              x27, x0, x8         x27=00000000  x8:00000000
15071601ns          250592 1c008946 12912223 sw               x9, 292(x2)          x9:1c011010  x2:10001658  PA:1000177c
15071621ns          250593 1c00894a 13212023 sw               x18, 288(x2)        x18:48715c8c  x2:10001658  PA:10001778
15071681ns          250596 1c00894e 11312e23 sw               x19, 284(x2)        x19:48715b50  x2:10001658  PA:10001774
15071720ns          250598 1c008952 11412c23 sw               x20, 280(x2)        x20:xxxxxxxx  x2:10001658  PA:10001770
15071740ns          250599 1c008956 11512a23 sw               x21, 276(x2)        x21:xxxxxxxx  x2:10001658  PA:1000176c
15071760ns          250600 1c00895a 00a00b33 add              x22, x0, x10        x22=1c008888 x10:1c008888
15071780ns          250601 1c00895c 00b00d33 add              x26, x0, x11        x26=00000002 x11:00000002
15071800ns          250602 1c00895e 00d00c33 add              x24, x0, x13        x24=100017ac x13:100017ac
15071820ns          250603 1c008960 1c000bb7 lui              x23, 0x1c000000     x23=1c000000
15071860ns          250605 1c008964 02410c93 addi             x25, x2, 36         x25=1000167c  x2:10001658
15071879ns          250606 1c008968 00c00433 add              x8, x0, x12          x8=1c00006c x12:1c00006c
15071899ns          250607 1c00896a 00044503 lbu              x10, 0(x8)          x10=0000006b  x8:1c00006c  PA:1c00006c
15072198ns          250622 1c00896e 00140413 addi             x8, x8, 1            x8=1c00006d  x8:1c00006c
15072218ns          250623 1c008970 00050e63 beq              x10, x0, 28         x10:0000006b
15072237ns          250624 1c008972 02500793 addi             x15, x0, 37         x15=00000025
15072257ns          250625 1c008976 04f50863 beq              x10, x15, 80        x10:0000006b x15:00000025
15072277ns          250626 1c00897a 01a005b3 add              x11, x0, x26        x11=00000002 x26:00000002
15072297ns          250627 1c00897c 000b00e7 jalr             x1, x22, 0           x1=1c00897e x22:1c008888
15072377ns          250631 1c008888 000026b7 lui              x13, 0x2000         x13=00002000
15072397ns          250632 1c00888a f14027f3 csrrs            x15, x0, 0xf14      x15=00000002
15072416ns          250633 1c00888e f8068693 addi             x13, x13, -128      x13=00001f80 x13:00002000
15072436ns          250634 1c008892 00379713 slli             x14, x15, 0x3       x14=00000010 x15:00000002
15072456ns          250635 1c008896 00279793 slli             x15, x15, 0x2       x15=00000008 x15:00000002
15072476ns          250636 1c008898 00d7f7b3 and              x15, x15, x13       x15=00000000 x15:00000008 x13:00001f80
15072496ns          250637 1c00889a ee873733 p.bclr           x14, x14, 23, 8     x14=00000010 x14:00000010
15072536ns          250639 1c00889e 1a10f6b7 lui              x13, 0x1a10f000     x13=1a10f000
15072576ns          250641 1c0088a2 0ff57513 andi             x10, x10, 255       x10=0000006b x10:0000006b
15072595ns          250642 1c0088a6 00d70733 add              x14, x14, x13       x14=1a10f010 x14:00000010 x13:1a10f000
15072615ns          250643 1c0088a8 00a7e723 p.sw             x10, x0(x15)        x10:0000006b x15:00000000  PA:1a10f010
15072973ns          250661 1c0088ac 00000513 addi             x10, x0, 0          x10=00000000
15072993ns          250662 1c0088ae 00008067 jalr             x0, x1, 0            x1:1c00897e
15073053ns          250665 1c00897e 31f52563 p.beqimm         x10, 778            x10:00000000
15073073ns          250666 1c008982 001d8d93 addi             x27, x27, 1         x27=00000001 x27:00000000
15073093ns          250667 1c008984 00044503 lbu              x10, 0(x8)          x10=00000065  x8:1c00006d  PA:1c00006d
15073391ns          250682 1c008988 00140413 addi             x8, x8, 1            x8=1c00006e  x8:1c00006d
15073411ns          250683 1c00898a fe0514e3 bne              x10, x0, -24        x10:00000065
15073491ns          250687 1c008972 02500793 addi             x15, x0, 37         x15=00000025
15073510ns          250688 1c008976 04f50863 beq              x10, x15, 80        x10:00000065 x15:00000025
15073530ns          250689 1c00897a 01a005b3 add              x11, x0, x26        x11=00000002 x26:00000002
15073550ns          250690 1c00897c 000b00e7 jalr             x1, x22, 0           x1=1c00897e x22:1c008888
15073590ns          250692 1c008888 000026b7 lui              x13, 0x2000         x13=00002000
15073610ns          250693 1c00888a f14027f3 csrrs            x15, x0, 0xf14      x15=00000002
15073670ns          250696 1c00888e f8068693 addi             x13, x13, -128      x13=00001f80 x13:00002000
15073709ns          250698 1c008892 00379713 slli             x14, x15, 0x3       x14=00000010 x15:00000002
15073729ns          250699 1c008896 00279793 slli             x15, x15, 0x2       x15=00000008 x15:00000002
15073749ns          250700 1c008898 00d7f7b3 and              x15, x15, x13       x15=00000000 x15:00000008 x13:00001f80
15073769ns          250701 1c00889a ee873733 p.bclr           x14, x14, 23, 8     x14=00000010 x14:00000010
15073789ns          250702 1c00889e 1a10f6b7 lui              x13, 0x1a10f000     x13=1a10f000
15073809ns          250703 1c0088a2 0ff57513 andi             x10, x10, 255       x10=00000065 x10:00000065
15073829ns          250704 1c0088a6 00d70733 add              x14, x14, x13       x14=1a10f010 x14:00000010 x13:1a10f000
15073849ns          250705 1c0088a8 00a7e723 p.sw             x10, x0(x15)        x10:00000065 x15:00000000  PA:1a10f010
15074167ns          250721 1c0088ac 00000513 addi             x10, x0, 0          x10=00000000
15074187ns          250722 1c0088ae 00008067 jalr             x0, x1, 0            x1:1c00897e
15074246ns          250725 1c00897e 31f52563 p.beqimm         x10, 778            x10:00000000
15074266ns          250726 1c008982 001d8d93 addi             x27, x27, 1         x27=00000002 x27:00000001
15074286ns          250727 1c008984 00044503 lbu              x10, 0(x8)          x10=00000072  x8:1c00006e  PA:1c00006e
15074585ns          250742 1c008988 00140413 addi             x8, x8, 1            x8=1c00006f  x8:1c00006e
15074604ns          250743 1c00898a fe0514e3 bne              x10, x0, -24        x10:00000072
15074684ns          250747 1c008972 02500793 addi             x15, x0, 37         x15=00000025
15074704ns          250748 1c008976 04f50863 beq              x10, x15, 80        x10:00000072 x15:00000025
15074724ns          250749 1c00897a 01a005b3 add              x11, x0, x26        x11=00000002 x26:00000002
15074744ns          250750 1c00897c 000b00e7 jalr             x1, x22, 0           x1=1c00897e x22:1c008888
15074783ns          250752 1c008888 000026b7 lui              x13, 0x2000         x13=00002000
15074803ns          250753 1c00888a f14027f3 csrrs            x15, x0, 0xf14      x15=00000002
15074823ns          250754 1c00888e f8068693 addi             x13, x13, -128      x13=00001f80 x13:00002000
15074843ns          250755 1c008892 00379713 slli             x14, x15, 0x3       x14=00000010 x15:00000002
15074863ns          250756 1c008896 00279793 slli             x15, x15, 0x2       x15=00000008 x15:00000002
15074883ns          250757 1c008898 00d7f7b3 and              x15, x15, x13       x15=00000000 x15:00000008 x13:00001f80
15074903ns          250758 1c00889a ee873733 p.bclr           x14, x14, 23, 8     x14=00000010 x14:00000010
15074923ns          250759 1c00889e 1a10f6b7 lui              x13, 0x1a10f000     x13=1a10f000
15074943ns          250760 1c0088a2 0ff57513 andi             x10, x10, 255       x10=00000072 x10:00000072
15074962ns          250761 1c0088a6 00d70733 add              x14, x14, x13       x14=1a10f010 x14:00000010 x13:1a10f000
15074982ns          250762 1c0088a8 00a7e723 p.sw             x10, x0(x15)        x10:00000072 x15:00000000  PA:1a10f010
15075301ns          250778 1c0088ac 00000513 addi             x10, x0, 0          x10=00000000
15075321ns          250779 1c0088ae 00008067 jalr             x0, x1, 0            x1:1c00897e
15075380ns          250782 1c00897e 31f52563 p.beqimm         x10, 778            x10:00000000
15075400ns          250783 1c008982 001d8d93 addi             x27, x27, 1         x27=00000003 x27:00000002
15075420ns          250784 1c008984 00044503 lbu              x10, 0(x8)          x10=0000006e  x8:1c00006f  PA:1c00006f
15075738ns          250800 1c008988 00140413 addi             x8, x8, 1            x8=1c000070  x8:1c00006f
15075758ns          250801 1c00898a fe0514e3 bne              x10, x0, -24        x10:0000006e
15075838ns          250805 1c008972 02500793 addi             x15, x0, 37         x15=00000025
15075858ns          250806 1c008976 04f50863 beq              x10, x15, 80        x10:0000006e x15:00000025
15075877ns          250807 1c00897a 01a005b3 add              x11, x0, x26        x11=00000002 x26:00000002
15075897ns          250808 1c00897c 000b00e7 jalr             x1, x22, 0           x1=1c00897e x22:1c008888
15075937ns          250810 1c008888 000026b7 lui              x13, 0x2000         x13=00002000
15075957ns          250811 1c00888a f14027f3 csrrs            x15, x0, 0xf14      x15=00000002
15075977ns          250812 1c00888e f8068693 addi             x13, x13, -128      x13=00001f80 x13:00002000
15075997ns          250813 1c008892 00379713 slli             x14, x15, 0x3       x14=00000010 x15:00000002
15076017ns          250814 1c008896 00279793 slli             x15, x15, 0x2       x15=00000008 x15:00000002
15076037ns          250815 1c008898 00d7f7b3 and              x15, x15, x13       x15=00000000 x15:00000008 x13:00001f80
15076056ns          250816 1c00889a ee873733 p.bclr           x14, x14, 23, 8     x14=00000010 x14:00000010
15076076ns          250817 1c00889e 1a10f6b7 lui              x13, 0x1a10f000     x13=1a10f000
15076096ns          250818 1c0088a2 0ff57513 andi             x10, x10, 255       x10=0000006e x10:0000006e
15076116ns          250819 1c0088a6 00d70733 add              x14, x14, x13       x14=1a10f010 x14:00000010 x13:1a10f000
15076136ns          250820 1c0088a8 00a7e723 p.sw             x10, x0(x15)        x10:0000006e x15:00000000  PA:1a10f010
15076454ns          250836 1c0088ac 00000513 addi             x10, x0, 0          x10=00000000
15076474ns          250837 1c0088ae 00008067 jalr             x0, x1, 0            x1:1c00897e
15076534ns          250840 1c00897e 31f52563 p.beqimm         x10, 778            x10:00000000
15076554ns          250841 1c008982 001d8d93 addi             x27, x27, 1         x27=00000004 x27:00000003
15076574ns          250842 1c008984 00044503 lbu              x10, 0(x8)          x10=00000065  x8:1c000070  PA:1c000070
15076872ns          250857 1c008988 00140413 addi             x8, x8, 1            x8=1c000071  x8:1c000070
15076892ns          250858 1c00898a fe0514e3 bne              x10, x0, -24        x10:00000065
15076971ns          250862 1c008972 02500793 addi             x15, x0, 37         x15=00000025
15076991ns          250863 1c008976 04f50863 beq              x10, x15, 80        x10:00000065 x15:00000025
15077011ns          250864 1c00897a 01a005b3 add              x11, x0, x26        x11=00000002 x26:00000002
15077031ns          250865 1c00897c 000b00e7 jalr             x1, x22, 0           x1=1c00897e x22:1c008888
15077071ns          250867 1c008888 000026b7 lui              x13, 0x2000         x13=00002000
15077091ns          250868 1c00888a f14027f3 csrrs            x15, x0, 0xf14      x15=00000002
15077111ns          250869 1c00888e f8068693 addi             x13, x13, -128      x13=00001f80 x13:00002000
15077131ns          250870 1c008892 00379713 slli             x14, x15, 0x3       x14=00000010 x15:00000002
15077150ns          250871 1c008896 00279793 slli             x15, x15, 0x2       x15=00000008 x15:00000002
15077170ns          250872 1c008898 00d7f7b3 and              x15, x15, x13       x15=00000000 x15:00000008 x13:00001f80
15077190ns          250873 1c00889a ee873733 p.bclr           x14, x14, 23, 8     x14=00000010 x14:00000010
15077210ns          250874 1c00889e 1a10f6b7 lui              x13, 0x1a10f000     x13=1a10f000
15077230ns          250875 1c0088a2 0ff57513 andi             x10, x10, 255       x10=00000065 x10:00000065
15077250ns          250876 1c0088a6 00d70733 add              x14, x14, x13       x14=1a10f010 x14:00000010 x13:1a10f000
15077270ns          250877 1c0088a8 00a7e723 p.sw             x10, x0(x15)        x10:00000065 x15:00000000  PA:1a10f010
15077588ns          250893 1c0088ac 00000513 addi             x10, x0, 0          x10=00000000
15077608ns          250894 1c0088ae 00008067 jalr             x0, x1, 0            x1:1c00897e
15077668ns          250897 1c00897e 31f52563 p.beqimm         x10, 778            x10:00000000
15077688ns          250898 1c008982 001d8d93 addi             x27, x27, 1         x27=00000005 x27:00000004
15077707ns          250899 1c008984 00044503 lbu              x10, 0(x8)          x10=0000006c  x8:1c000071  PA:1c000071
15078006ns          250914 1c008988 00140413 addi             x8, x8, 1            x8=1c000072  x8:1c000071
15078026ns          250915 1c00898a fe0514e3 bne              x10, x0, -24        x10:0000006c
15078105ns          250919 1c008972 02500793 addi             x15, x0, 37         x15=00000025
15078125ns          250920 1c008976 04f50863 beq              x10, x15, 80        x10:0000006c x15:00000025
15078145ns          250921 1c00897a 01a005b3 add              x11, x0, x26        x11=00000002 x26:00000002
15078165ns          250922 1c00897c 000b00e7 jalr             x1, x22, 0           x1=1c00897e x22:1c008888
15078205ns          250924 1c008888 000026b7 lui              x13, 0x2000         x13=00002000
15078225ns          250925 1c00888a f14027f3 csrrs            x15, x0, 0xf14      x15=00000002
15078244ns          250926 1c00888e f8068693 addi             x13, x13, -128      x13=00001f80 x13:00002000
15078264ns          250927 1c008892 00379713 slli             x14, x15, 0x3       x14=00000010 x15:00000002
15078284ns          250928 1c008896 00279793 slli             x15, x15, 0x2       x15=00000008 x15:00000002
15078304ns          250929 1c008898 00d7f7b3 and              x15, x15, x13       x15=00000000 x15:00000008 x13:00001f80
15078324ns          250930 1c00889a ee873733 p.bclr           x14, x14, 23, 8     x14=00000010 x14:00000010
15078344ns          250931 1c00889e 1a10f6b7 lui              x13, 0x1a10f000     x13=1a10f000
15078364ns          250932 1c0088a2 0ff57513 andi             x10, x10, 255       x10=0000006c x10:0000006c
15078384ns          250933 1c0088a6 00d70733 add              x14, x14, x13       x14=1a10f010 x14:00000010 x13:1a10f000
15078404ns          250934 1c0088a8 00a7e723 p.sw             x10, x0(x15)        x10:0000006c x15:00000000  PA:1a10f010
15078722ns          250950 1c0088ac 00000513 addi             x10, x0, 0          x10=00000000
15078742ns          250951 1c0088ae 00008067 jalr             x0, x1, 0            x1:1c00897e
15078801ns          250954 1c00897e 31f52563 p.beqimm         x10, 778            x10:00000000
15078821ns          250955 1c008982 001d8d93 addi             x27, x27, 1         x27=00000006 x27:00000005
15078841ns          250956 1c008984 00044503 lbu              x10, 0(x8)          x10=00000020  x8:1c000072  PA:1c000072
15079140ns          250971 1c008988 00140413 addi             x8, x8, 1            x8=1c000073  x8:1c000072
15079159ns          250972 1c00898a fe0514e3 bne              x10, x0, -24        x10:00000020
15079239ns          250976 1c008972 02500793 addi             x15, x0, 37         x15=00000025
15079259ns          250977 1c008976 04f50863 beq              x10, x15, 80        x10:00000020 x15:00000025
15079279ns          250978 1c00897a 01a005b3 add              x11, x0, x26        x11=00000002 x26:00000002
15079299ns          250979 1c00897c 000b00e7 jalr             x1, x22, 0           x1=1c00897e x22:1c008888
15079338ns          250981 1c008888 000026b7 lui              x13, 0x2000         x13=00002000
15079358ns          250982 1c00888a f14027f3 csrrs            x15, x0, 0xf14      x15=00000002
15079378ns          250983 1c00888e f8068693 addi             x13, x13, -128      x13=00001f80 x13:00002000
15079398ns          250984 1c008892 00379713 slli             x14, x15, 0x3       x14=00000010 x15:00000002
15079418ns          250985 1c008896 00279793 slli             x15, x15, 0x2       x15=00000008 x15:00000002
15079438ns          250986 1c008898 00d7f7b3 and              x15, x15, x13       x15=00000000 x15:00000008 x13:00001f80
15079458ns          250987 1c00889a ee873733 p.bclr           x14, x14, 23, 8     x14=00000010 x14:00000010
15079478ns          250988 1c00889e 1a10f6b7 lui              x13, 0x1a10f000     x13=1a10f000
15079498ns          250989 1c0088a2 0ff57513 andi             x10, x10, 255       x10=00000020 x10:00000020
15079517ns          250990 1c0088a6 00d70733 add              x14, x14, x13       x14=1a10f010 x14:00000010 x13:1a10f000
15079537ns          250991 1c0088a8 00a7e723 p.sw             x10, x0(x15)        x10:00000020 x15:00000000  PA:1a10f010
15079876ns          251008 1c0088ac 00000513 addi             x10, x0, 0          x10=00000000
15079895ns          251009 1c0088ae 00008067 jalr             x0, x1, 0            x1:1c00897e
15079955ns          251012 1c00897e 31f52563 p.beqimm         x10, 778            x10:00000000
15079975ns          251013 1c008982 001d8d93 addi             x27, x27, 1         x27=00000007 x27:00000006
15079995ns          251014 1c008984 00044503 lbu              x10, 0(x8)          x10=00000070  x8:1c000073  PA:1c000073
15080293ns          251029 1c008988 00140413 addi             x8, x8, 1            x8=1c000074  x8:1c000073
15080313ns          251030 1c00898a fe0514e3 bne              x10, x0, -24        x10:00000070
15080393ns          251034 1c008972 02500793 addi             x15, x0, 37         x15=00000025
15080413ns          251035 1c008976 04f50863 beq              x10, x15, 80        x10:00000070 x15:00000025
15080432ns          251036 1c00897a 01a005b3 add              x11, x0, x26        x11=00000002 x26:00000002
15080452ns          251037 1c00897c 000b00e7 jalr             x1, x22, 0           x1=1c00897e x22:1c008888
15080492ns          251039 1c008888 000026b7 lui              x13, 0x2000         x13=00002000
15080512ns          251040 1c00888a f14027f3 csrrs            x15, x0, 0xf14      x15=00000002
15080532ns          251041 1c00888e f8068693 addi             x13, x13, -128      x13=00001f80 x13:00002000
15080552ns          251042 1c008892 00379713 slli             x14, x15, 0x3       x14=00000010 x15:00000002
15080572ns          251043 1c008896 00279793 slli             x15, x15, 0x2       x15=00000008 x15:00000002
15080592ns          251044 1c008898 00d7f7b3 and              x15, x15, x13       x15=00000000 x15:00000008 x13:00001f80
15080611ns          251045 1c00889a ee873733 p.bclr           x14, x14, 23, 8     x14=00000010 x14:00000010
15080631ns          251046 1c00889e 1a10f6b7 lui              x13, 0x1a10f000     x13=1a10f000
15080651ns          251047 1c0088a2 0ff57513 andi             x10, x10, 255       x10=00000070 x10:00000070
15080671ns          251048 1c0088a6 00d70733 add              x14, x14, x13       x14=1a10f010 x14:00000010 x13:1a10f000
15080691ns          251049 1c0088a8 00a7e723 p.sw             x10, x0(x15)        x10:00000070 x15:00000000  PA:1a10f010
15081029ns          251066 1c0088ac 00000513 addi             x10, x0, 0          x10=00000000
15081049ns          251067 1c0088ae 00008067 jalr             x0, x1, 0            x1:1c00897e
15081109ns          251070 1c00897e 31f52563 p.beqimm         x10, 778            x10:00000000
15081129ns          251071 1c008982 001d8d93 addi             x27, x27, 1         x27=00000008 x27:00000007
15081149ns          251072 1c008984 00044503 lbu              x10, 0(x8)          x10=00000061  x8:1c000074  PA:1c000074
15081447ns          251087 1c008988 00140413 addi             x8, x8, 1            x8=1c000075  x8:1c000074
15081467ns          251088 1c00898a fe0514e3 bne              x10, x0, -24        x10:00000061
15081546ns          251092 1c008972 02500793 addi             x15, x0, 37         x15=00000025
15081566ns          251093 1c008976 04f50863 beq              x10, x15, 80        x10:00000061 x15:00000025
15081586ns          251094 1c00897a 01a005b3 add              x11, x0, x26        x11=00000002 x26:00000002
15081606ns          251095 1c00897c 000b00e7 jalr             x1, x22, 0           x1=1c00897e x22:1c008888
15081646ns          251097 1c008888 000026b7 lui              x13, 0x2000         x13=00002000
15081666ns          251098 1c00888a f14027f3 csrrs            x15, x0, 0xf14      x15=00000002
15081686ns          251099 1c00888e f8068693 addi             x13, x13, -128      x13=00001f80 x13:00002000
15081705ns          251100 1c008892 00379713 slli             x14, x15, 0x3       x14=00000010 x15:00000002
15081725ns          251101 1c008896 00279793 slli             x15, x15, 0x2       x15=00000008 x15:00000002
15081745ns          251102 1c008898 00d7f7b3 and              x15, x15, x13       x15=00000000 x15:00000008 x13:00001f80
15081765ns          251103 1c00889a ee873733 p.bclr           x14, x14, 23, 8     x14=00000010 x14:00000010
15081785ns          251104 1c00889e 1a10f6b7 lui              x13, 0x1a10f000     x13=1a10f000
15081805ns          251105 1c0088a2 0ff57513 andi             x10, x10, 255       x10=00000061 x10:00000061
15081825ns          251106 1c0088a6 00d70733 add              x14, x14, x13       x14=1a10f010 x14:00000010 x13:1a10f000
15081845ns          251107 1c0088a8 00a7e723 p.sw             x10, x0(x15)        x10:00000061 x15:00000000  PA:1a10f010
15082163ns          251123 1c0088ac 00000513 addi             x10, x0, 0          x10=00000000
15082183ns          251124 1c0088ae 00008067 jalr             x0, x1, 0            x1:1c00897e
15082243ns          251127 1c00897e 31f52563 p.beqimm         x10, 778            x10:00000000
15082262ns          251128 1c008982 001d8d93 addi             x27, x27, 1         x27=00000009 x27:00000008
15082282ns          251129 1c008984 00044503 lbu              x10, 0(x8)          x10=00000073  x8:1c000075  PA:1c000075
15082581ns          251144 1c008988 00140413 addi             x8, x8, 1            x8=1c000076  x8:1c000075
15082601ns          251145 1c00898a fe0514e3 bne              x10, x0, -24        x10:00000073
15082680ns          251149 1c008972 02500793 addi             x15, x0, 37         x15=00000025
15082700ns          251150 1c008976 04f50863 beq              x10, x15, 80        x10:00000073 x15:00000025
15082720ns          251151 1c00897a 01a005b3 add              x11, x0, x26        x11=00000002 x26:00000002
15082740ns          251152 1c00897c 000b00e7 jalr             x1, x22, 0           x1=1c00897e x22:1c008888
15082780ns          251154 1c008888 000026b7 lui              x13, 0x2000         x13=00002000
15082799ns          251155 1c00888a f14027f3 csrrs            x15, x0, 0xf14      x15=00000002
15082819ns          251156 1c00888e f8068693 addi             x13, x13, -128      x13=00001f80 x13:00002000
15082839ns          251157 1c008892 00379713 slli             x14, x15, 0x3       x14=00000010 x15:00000002
15082859ns          251158 1c008896 00279793 slli             x15, x15, 0x2       x15=00000008 x15:00000002
15082879ns          251159 1c008898 00d7f7b3 and              x15, x15, x13       x15=00000000 x15:00000008 x13:00001f80
15082899ns          251160 1c00889a ee873733 p.bclr           x14, x14, 23, 8     x14=00000010 x14:00000010
15082919ns          251161 1c00889e 1a10f6b7 lui              x13, 0x1a10f000     x13=1a10f000
15082939ns          251162 1c0088a2 0ff57513 andi             x10, x10, 255       x10=00000073 x10:00000073
15082959ns          251163 1c0088a6 00d70733 add              x14, x14, x13       x14=1a10f010 x14:00000010 x13:1a10f000
15082978ns          251164 1c0088a8 00a7e723 p.sw             x10, x0(x15)        x10:00000073 x15:00000000  PA:1a10f010
15083297ns          251180 1c0088ac 00000513 addi             x10, x0, 0          x10=00000000
15083317ns          251181 1c0088ae 00008067 jalr             x0, x1, 0            x1:1c00897e
15083376ns          251184 1c00897e 31f52563 p.beqimm         x10, 778            x10:00000000
15083396ns          251185 1c008982 001d8d93 addi             x27, x27, 1         x27=0000000a x27:00000009
15083416ns          251186 1c008984 00044503 lbu              x10, 0(x8)          x10=00000073  x8:1c000076  PA:1c000076
15083734ns          251202 1c008988 00140413 addi             x8, x8, 1            x8=1c000077  x8:1c000076
15083754ns          251203 1c00898a fe0514e3 bne              x10, x0, -24        x10:00000073
15083834ns          251207 1c008972 02500793 addi             x15, x0, 37         x15=00000025
15083854ns          251208 1c008976 04f50863 beq              x10, x15, 80        x10:00000073 x15:00000025
15083874ns          251209 1c00897a 01a005b3 add              x11, x0, x26        x11=00000002 x26:00000002
15083893ns          251210 1c00897c 000b00e7 jalr             x1, x22, 0           x1=1c00897e x22:1c008888
15083933ns          251212 1c008888 000026b7 lui              x13, 0x2000         x13=00002000
15083953ns          251213 1c00888a f14027f3 csrrs            x15, x0, 0xf14      x15=00000002
15083973ns          251214 1c00888e f8068693 addi             x13, x13, -128      x13=00001f80 x13:00002000
15083993ns          251215 1c008892 00379713 slli             x14, x15, 0x3       x14=00000010 x15:00000002
15084013ns          251216 1c008896 00279793 slli             x15, x15, 0x2       x15=00000008 x15:00000002
15084033ns          251217 1c008898 00d7f7b3 and              x15, x15, x13       x15=00000000 x15:00000008 x13:00001f80
15084053ns          251218 1c00889a ee873733 p.bclr           x14, x14, 23, 8     x14=00000010 x14:00000010
15084072ns          251219 1c00889e 1a10f6b7 lui              x13, 0x1a10f000     x13=1a10f000
15084092ns          251220 1c0088a2 0ff57513 andi             x10, x10, 255       x10=00000073 x10:00000073
15084112ns          251221 1c0088a6 00d70733 add              x14, x14, x13       x14=1a10f010 x14:00000010 x13:1a10f000
15084132ns          251222 1c0088a8 00a7e723 p.sw             x10, x0(x15)        x10:00000073 x15:00000000  PA:1a10f010
15084450ns          251238 1c0088ac 00000513 addi             x10, x0, 0          x10=00000000
15084470ns          251239 1c0088ae 00008067 jalr             x0, x1, 0            x1:1c00897e
15084530ns          251242 1c00897e 31f52563 p.beqimm         x10, 778            x10:00000000
15084550ns          251243 1c008982 001d8d93 addi             x27, x27, 1         x27=0000000b x27:0000000a
15084570ns          251244 1c008984 00044503 lbu              x10, 0(x8)          x10=00000065  x8:1c000077  PA:1c000077
15084868ns          251259 1c008988 00140413 addi             x8, x8, 1            x8=1c000078  x8:1c000077
15084888ns          251260 1c00898a fe0514e3 bne              x10, x0, -24        x10:00000065
15084968ns          251264 1c008972 02500793 addi             x15, x0, 37         x15=00000025
15084987ns          251265 1c008976 04f50863 beq              x10, x15, 80        x10:00000065 x15:00000025
15085007ns          251266 1c00897a 01a005b3 add              x11, x0, x26        x11=00000002 x26:00000002
15085027ns          251267 1c00897c 000b00e7 jalr             x1, x22, 0           x1=1c00897e x22:1c008888
15085067ns          251269 1c008888 000026b7 lui              x13, 0x2000         x13=00002000
15085087ns          251270 1c00888a f14027f3 csrrs            x15, x0, 0xf14      x15=00000002
15085107ns          251271 1c00888e f8068693 addi             x13, x13, -128      x13=00001f80 x13:00002000
15085127ns          251272 1c008892 00379713 slli             x14, x15, 0x3       x14=00000010 x15:00000002
15085147ns          251273 1c008896 00279793 slli             x15, x15, 0x2       x15=00000008 x15:00000002
15085166ns          251274 1c008898 00d7f7b3 and              x15, x15, x13       x15=00000000 x15:00000008 x13:00001f80
15085186ns          251275 1c00889a ee873733 p.bclr           x14, x14, 23, 8     x14=00000010 x14:00000010
15085206ns          251276 1c00889e 1a10f6b7 lui              x13, 0x1a10f000     x13=1a10f000
15085226ns          251277 1c0088a2 0ff57513 andi             x10, x10, 255       x10=00000065 x10:00000065
15085246ns          251278 1c0088a6 00d70733 add              x14, x14, x13       x14=1a10f010 x14:00000010 x13:1a10f000
15085266ns          251279 1c0088a8 00a7e723 p.sw             x10, x0(x15)        x10:00000065 x15:00000000  PA:1a10f010
15085584ns          251295 1c0088ac 00000513 addi             x10, x0, 0          x10=00000000
15085604ns          251296 1c0088ae 00008067 jalr             x0, x1, 0            x1:1c00897e
15085664ns          251299 1c00897e 31f52563 p.beqimm         x10, 778            x10:00000000
15085684ns          251300 1c008982 001d8d93 addi             x27, x27, 1         x27=0000000c x27:0000000b
15085704ns          251301 1c008984 00044503 lbu              x10, 0(x8)          x10=00000064  x8:1c000078  PA:1c000078
15086022ns          251317 1c008988 00140413 addi             x8, x8, 1            x8=1c000079  x8:1c000078
15086042ns          251318 1c00898a fe0514e3 bne              x10, x0, -24        x10:00000064
15086121ns          251322 1c008972 02500793 addi             x15, x0, 37         x15=00000025
15086141ns          251323 1c008976 04f50863 beq              x10, x15, 80        x10:00000064 x15:00000025
15086161ns          251324 1c00897a 01a005b3 add              x11, x0, x26        x11=00000002 x26:00000002
15086181ns          251325 1c00897c 000b00e7 jalr             x1, x22, 0           x1=1c00897e x22:1c008888
15086221ns          251327 1c008888 000026b7 lui              x13, 0x2000         x13=00002000
15086241ns          251328 1c00888a f14027f3 csrrs            x15, x0, 0xf14      x15=00000002
15086260ns          251329 1c00888e f8068693 addi             x13, x13, -128      x13=00001f80 x13:00002000
15086280ns          251330 1c008892 00379713 slli             x14, x15, 0x3       x14=00000010 x15:00000002
15086300ns          251331 1c008896 00279793 slli             x15, x15, 0x2       x15=00000008 x15:00000002
15086320ns          251332 1c008898 00d7f7b3 and              x15, x15, x13       x15=00000000 x15:00000008 x13:00001f80
15086340ns          251333 1c00889a ee873733 p.bclr           x14, x14, 23, 8     x14=00000010 x14:00000010
15086360ns          251334 1c00889e 1a10f6b7 lui              x13, 0x1a10f000     x13=1a10f000
15086380ns          251335 1c0088a2 0ff57513 andi             x10, x10, 255       x10=00000064 x10:00000064
15086400ns          251336 1c0088a6 00d70733 add              x14, x14, x13       x14=1a10f010 x14:00000010 x13:1a10f000
15086420ns          251337 1c0088a8 00a7e723 p.sw             x10, x0(x15)        x10:00000064 x15:00000000  PA:1a10f010
15086738ns          251353 1c0088ac 00000513 addi             x10, x0, 0          x10=00000000
15086758ns          251354 1c0088ae 00008067 jalr             x0, x1, 0            x1:1c00897e
15086817ns          251357 1c00897e 31f52563 p.beqimm         x10, 778            x10:00000000
15086837ns          251358 1c008982 001d8d93 addi             x27, x27, 1         x27=0000000d x27:0000000c
15086857ns          251359 1c008984 00044503 lbu              x10, 0(x8)          x10=00000020  x8:1c000079  PA:1c000079
15087156ns          251374 1c008988 00140413 addi             x8, x8, 1            x8=1c00007a  x8:1c000079
15087175ns          251375 1c00898a fe0514e3 bne              x10, x0, -24        x10:00000020
15087255ns          251379 1c008972 02500793 addi             x15, x0, 37         x15=00000025
15087275ns          251380 1c008976 04f50863 beq              x10, x15, 80        x10:00000020 x15:00000025
15087295ns          251381 1c00897a 01a005b3 add              x11, x0, x26        x11=00000002 x26:00000002
15087315ns          251382 1c00897c 000b00e7 jalr             x1, x22, 0           x1=1c00897e x22:1c008888
15087354ns          251384 1c008888 000026b7 lui              x13, 0x2000         x13=00002000
15087374ns          251385 1c00888a f14027f3 csrrs            x15, x0, 0xf14      x15=00000002
15087394ns          251386 1c00888e f8068693 addi             x13, x13, -128      x13=00001f80 x13:00002000
15087414ns          251387 1c008892 00379713 slli             x14, x15, 0x3       x14=00000010 x15:00000002
15087434ns          251388 1c008896 00279793 slli             x15, x15, 0x2       x15=00000008 x15:00000002
15087454ns          251389 1c008898 00d7f7b3 and              x15, x15, x13       x15=00000000 x15:00000008 x13:00001f80
15087474ns          251390 1c00889a ee873733 p.bclr           x14, x14, 23, 8     x14=00000010 x14:00000010
15087494ns          251391 1c00889e 1a10f6b7 lui              x13, 0x1a10f000     x13=1a10f000
15087514ns          251392 1c0088a2 0ff57513 andi             x10, x10, 255       x10=00000020 x10:00000020
15087533ns          251393 1c0088a6 00d70733 add              x14, x14, x13       x14=1a10f010 x14:00000010 x13:1a10f000
15087553ns          251394 1c0088a8 00a7e723 p.sw             x10, x0(x15)        x10:00000020 x15:00000000  PA:1a10f010
15087872ns          251410 1c0088ac 00000513 addi             x10, x0, 0          x10=00000000
15087891ns          251411 1c0088ae 00008067 jalr             x0, x1, 0            x1:1c00897e
15087951ns          251414 1c00897e 31f52563 p.beqimm         x10, 778            x10:00000000
15087971ns          251415 1c008982 001d8d93 addi             x27, x27, 1         x27=0000000e x27:0000000d
15087991ns          251416 1c008984 00044503 lbu              x10, 0(x8)          x10=0000006f  x8:1c00007a  PA:1c00007a
15088289ns          251431 1c008988 00140413 addi             x8, x8, 1            x8=1c00007b  x8:1c00007a
15088309ns          251432 1c00898a fe0514e3 bne              x10, x0, -24        x10:0000006f
15088389ns          251436 1c008972 02500793 addi             x15, x0, 37         x15=00000025
15088409ns          251437 1c008976 04f50863 beq              x10, x15, 80        x10:0000006f x15:00000025
15088429ns          251438 1c00897a 01a005b3 add              x11, x0, x26        x11=00000002 x26:00000002
15088448ns          251439 1c00897c 000b00e7 jalr             x1, x22, 0           x1=1c00897e x22:1c008888
15088488ns          251441 1c008888 000026b7 lui              x13, 0x2000         x13=00002000
15088508ns          251442 1c00888a f14027f3 csrrs            x15, x0, 0xf14      x15=00000002
15088528ns          251443 1c00888e f8068693 addi             x13, x13, -128      x13=00001f80 x13:00002000
15088548ns          251444 1c008892 00379713 slli             x14, x15, 0x3       x14=00000010 x15:00000002
15088568ns          251445 1c008896 00279793 slli             x15, x15, 0x2       x15=00000008 x15:00000002
15088588ns          251446 1c008898 00d7f7b3 and              x15, x15, x13       x15=00000000 x15:00000008 x13:00001f80
15088608ns          251447 1c00889a ee873733 p.bclr           x14, x14, 23, 8     x14=00000010 x14:00000010
15088627ns          251448 1c00889e 1a10f6b7 lui              x13, 0x1a10f000     x13=1a10f000
15088647ns          251449 1c0088a2 0ff57513 andi             x10, x10, 255       x10=0000006f x10:0000006f
15088667ns          251450 1c0088a6 00d70733 add              x14, x14, x13       x14=1a10f010 x14:00000010 x13:1a10f000
15088687ns          251451 1c0088a8 00a7e723 p.sw             x10, x0(x15)        x10:0000006f x15:00000000  PA:1a10f010
15089025ns          251468 1c0088ac 00000513 addi             x10, x0, 0          x10=00000000
15089045ns          251469 1c0088ae 00008067 jalr             x0, x1, 0            x1:1c00897e
15089105ns          251472 1c00897e 31f52563 p.beqimm         x10, 778            x10:00000000
15089125ns          251473 1c008982 001d8d93 addi             x27, x27, 1         x27=0000000f x27:0000000e
15089145ns          251474 1c008984 00044503 lbu              x10, 0(x8)          x10=0000006e  x8:1c00007b  PA:1c00007b
15089443ns          251489 1c008988 00140413 addi             x8, x8, 1            x8=1c00007c  x8:1c00007b
15089463ns          251490 1c00898a fe0514e3 bne              x10, x0, -24        x10:0000006e
15089542ns          251494 1c008972 02500793 addi             x15, x0, 37         x15=00000025
15089562ns          251495 1c008976 04f50863 beq              x10, x15, 80        x10:0000006e x15:00000025
15089582ns          251496 1c00897a 01a005b3 add              x11, x0, x26        x11=00000002 x26:00000002
15089602ns          251497 1c00897c 000b00e7 jalr             x1, x22, 0           x1=1c00897e x22:1c008888
15089642ns          251499 1c008888 000026b7 lui              x13, 0x2000         x13=00002000
15089662ns          251500 1c00888a f14027f3 csrrs            x15, x0, 0xf14      x15=00000002
15089682ns          251501 1c00888e f8068693 addi             x13, x13, -128      x13=00001f80 x13:00002000
15089702ns          251502 1c008892 00379713 slli             x14, x15, 0x3       x14=00000010 x15:00000002
15089721ns          251503 1c008896 00279793 slli             x15, x15, 0x2       x15=00000008 x15:00000002
15089741ns          251504 1c008898 00d7f7b3 and              x15, x15, x13       x15=00000000 x15:00000008 x13:00001f80
15089761ns          251505 1c00889a ee873733 p.bclr           x14, x14, 23, 8     x14=00000010 x14:00000010
15089781ns          251506 1c00889e 1a10f6b7 lui              x13, 0x1a10f000     x13=1a10f000
15089801ns          251507 1c0088a2 0ff57513 andi             x10, x10, 255       x10=0000006e x10:0000006e
15089821ns          251508 1c0088a6 00d70733 add              x14, x14, x13       x14=1a10f010 x14:00000010 x13:1a10f000
15089841ns          251509 1c0088a8 00a7e723 p.sw             x10, x0(x15)        x10:0000006e x15:00000000  PA:1a10f010
15090159ns          251525 1c0088ac 00000513 addi             x10, x0, 0          x10=00000000
15090179ns          251526 1c0088ae 00008067 jalr             x0, x1, 0            x1:1c00897e
15090239ns          251529 1c00897e 31f52563 p.beqimm         x10, 778            x10:00000000
15090258ns          251530 1c008982 001d8d93 addi             x27, x27, 1         x27=00000010 x27:0000000f
15090278ns          251531 1c008984 00044503 lbu              x10, 0(x8)          x10=00000020  x8:1c00007c  PA:1c00007c
15090577ns          251546 1c008988 00140413 addi             x8, x8, 1            x8=1c00007d  x8:1c00007c
15090597ns          251547 1c00898a fe0514e3 bne              x10, x0, -24        x10:00000020
15090676ns          251551 1c008972 02500793 addi             x15, x0, 37         x15=00000025
15090696ns          251552 1c008976 04f50863 beq              x10, x15, 80        x10:00000020 x15:00000025
15090716ns          251553 1c00897a 01a005b3 add              x11, x0, x26        x11=00000002 x26:00000002
15090736ns          251554 1c00897c 000b00e7 jalr             x1, x22, 0           x1=1c00897e x22:1c008888
15090776ns          251556 1c008888 000026b7 lui              x13, 0x2000         x13=00002000
15090796ns          251557 1c00888a f14027f3 csrrs            x15, x0, 0xf14      x15=00000002
15090815ns          251558 1c00888e f8068693 addi             x13, x13, -128      x13=00001f80 x13:00002000
15090835ns          251559 1c008892 00379713 slli             x14, x15, 0x3       x14=00000010 x15:00000002
15090855ns          251560 1c008896 00279793 slli             x15, x15, 0x2       x15=00000008 x15:00000002
15090875ns          251561 1c008898 00d7f7b3 and              x15, x15, x13       x15=00000000 x15:00000008 x13:00001f80
15090895ns          251562 1c00889a ee873733 p.bclr           x14, x14, 23, 8     x14=00000010 x14:00000010
15090915ns          251563 1c00889e 1a10f6b7 lui              x13, 0x1a10f000     x13=1a10f000
15090935ns          251564 1c0088a2 0ff57513 andi             x10, x10, 255       x10=00000020 x10:00000020
15090955ns          251565 1c0088a6 00d70733 add              x14, x14, x13       x14=1a10f010 x14:00000010 x13:1a10f000
15090975ns          251566 1c0088a8 00a7e723 p.sw             x10, x0(x15)        x10:00000020 x15:00000000  PA:1a10f010
15091293ns          251582 1c0088ac 00000513 addi             x10, x0, 0          x10=00000000
15091313ns          251583 1c0088ae 00008067 jalr             x0, x1, 0            x1:1c00897e
15091372ns          251586 1c00897e 31f52563 p.beqimm         x10, 778            x10:00000000
15091392ns          251587 1c008982 001d8d93 addi             x27, x27, 1         x27=00000011 x27:00000010
15091412ns          251588 1c008984 00044503 lbu              x10, 0(x8)          x10=00000063  x8:1c00007d  PA:1c00007d
15091730ns          251604 1c008988 00140413 addi             x8, x8, 1            x8=1c00007e  x8:1c00007d
15091750ns          251605 1c00898a fe0514e3 bne              x10, x0, -24        x10:00000063
15091830ns          251609 1c008972 02500793 addi             x15, x0, 37         x15=00000025
15091850ns          251610 1c008976 04f50863 beq              x10, x15, 80        x10:00000063 x15:00000025
15091870ns          251611 1c00897a 01a005b3 add              x11, x0, x26        x11=00000002 x26:00000002
15091890ns          251612 1c00897c 000b00e7 jalr             x1, x22, 0           x1=1c00897e x22:1c008888
15091929ns          251614 1c008888 000026b7 lui              x13, 0x2000         x13=00002000
15091949ns          251615 1c00888a f14027f3 csrrs            x15, x0, 0xf14      x15=00000002
15091969ns          251616 1c00888e f8068693 addi             x13, x13, -128      x13=00001f80 x13:00002000
15091989ns          251617 1c008892 00379713 slli             x14, x15, 0x3       x14=00000010 x15:00000002
15092009ns          251618 1c008896 00279793 slli             x15, x15, 0x2       x15=00000008 x15:00000002
15092029ns          251619 1c008898 00d7f7b3 and              x15, x15, x13       x15=00000000 x15:00000008 x13:00001f80
15092049ns          251620 1c00889a ee873733 p.bclr           x14, x14, 23, 8     x14=00000010 x14:00000010
15092069ns          251621 1c00889e 1a10f6b7 lui              x13, 0x1a10f000     x13=1a10f000
15092088ns          251622 1c0088a2 0ff57513 andi             x10, x10, 255       x10=00000063 x10:00000063
15092108ns          251623 1c0088a6 00d70733 add              x14, x14, x13       x14=1a10f010 x14:00000010 x13:1a10f000
15092128ns          251624 1c0088a8 00a7e723 p.sw             x10, x0(x15)        x10:00000063 x15:00000000  PA:1a10f010
15092446ns          251640 1c0088ac 00000513 addi             x10, x0, 0          x10=00000000
15092466ns          251641 1c0088ae 00008067 jalr             x0, x1, 0            x1:1c00897e
15092526ns          251644 1c00897e 31f52563 p.beqimm         x10, 778            x10:00000000
15092546ns          251645 1c008982 001d8d93 addi             x27, x27, 1         x27=00000012 x27:00000011
15092566ns          251646 1c008984 00044503 lbu              x10, 0(x8)          x10=0000006f  x8:1c00007e  PA:1c00007e
15092864ns          251661 1c008988 00140413 addi             x8, x8, 1            x8=1c00007f  x8:1c00007e
15092884ns          251662 1c00898a fe0514e3 bne              x10, x0, -24        x10:0000006f
15092964ns          251666 1c008972 02500793 addi             x15, x0, 37         x15=00000025
15092984ns          251667 1c008976 04f50863 beq              x10, x15, 80        x10:0000006f x15:00000025
15093003ns          251668 1c00897a 01a005b3 add              x11, x0, x26        x11=00000002 x26:00000002
15093023ns          251669 1c00897c 000b00e7 jalr             x1, x22, 0           x1=1c00897e x22:1c008888
15093063ns          251671 1c008888 000026b7 lui              x13, 0x2000         x13=00002000
15093083ns          251672 1c00888a f14027f3 csrrs            x15, x0, 0xf14      x15=00000002
15093103ns          251673 1c00888e f8068693 addi             x13, x13, -128      x13=00001f80 x13:00002000
15093123ns          251674 1c008892 00379713 slli             x14, x15, 0x3       x14=00000010 x15:00000002
15093143ns          251675 1c008896 00279793 slli             x15, x15, 0x2       x15=00000008 x15:00000002
15093163ns          251676 1c008898 00d7f7b3 and              x15, x15, x13       x15=00000000 x15:00000008 x13:00001f80
15093182ns          251677 1c00889a ee873733 p.bclr           x14, x14, 23, 8     x14=00000010 x14:00000010
15093202ns          251678 1c00889e 1a10f6b7 lui              x13, 0x1a10f000     x13=1a10f000
15093222ns          251679 1c0088a2 0ff57513 andi             x10, x10, 255       x10=0000006f x10:0000006f
15093242ns          251680 1c0088a6 00d70733 add              x14, x14, x13       x14=1a10f010 x14:00000010 x13:1a10f000
15093262ns          251681 1c0088a8 00a7e723 p.sw             x10, x0(x15)        x10:0000006f x15:00000000  PA:1a10f010
15093580ns          251697 1c0088ac 00000513 addi             x10, x0, 0          x10=00000000
15093600ns          251698 1c0088ae 00008067 jalr             x0, x1, 0            x1:1c00897e
15093660ns          251701 1c00897e 31f52563 p.beqimm         x10, 778            x10:00000000
15093680ns          251702 1c008982 001d8d93 addi             x27, x27, 1         x27=00000013 x27:00000012
15093700ns          251703 1c008984 00044503 lbu              x10, 0(x8)          x10=00000072  x8:1c00007f  PA:1c00007f
15093998ns          251718 1c008988 00140413 addi             x8, x8, 1            x8=1c000080  x8:1c00007f
15094018ns          251719 1c00898a fe0514e3 bne              x10, x0, -24        x10:00000072
15094097ns          251723 1c008972 02500793 addi             x15, x0, 37         x15=00000025
15094117ns          251724 1c008976 04f50863 beq              x10, x15, 80        x10:00000072 x15:00000025
15094137ns          251725 1c00897a 01a005b3 add              x11, x0, x26        x11=00000002 x26:00000002
15094157ns          251726 1c00897c 000b00e7 jalr             x1, x22, 0           x1=1c00897e x22:1c008888
15094197ns          251728 1c008888 000026b7 lui              x13, 0x2000         x13=00002000
15094217ns          251729 1c00888a f14027f3 csrrs            x15, x0, 0xf14      x15=00000002
15094237ns          251730 1c00888e f8068693 addi             x13, x13, -128      x13=00001f80 x13:00002000
15094257ns          251731 1c008892 00379713 slli             x14, x15, 0x3       x14=00000010 x15:00000002
15094276ns          251732 1c008896 00279793 slli             x15, x15, 0x2       x15=00000008 x15:00000002
15094296ns          251733 1c008898 00d7f7b3 and              x15, x15, x13       x15=00000000 x15:00000008 x13:00001f80
15094316ns          251734 1c00889a ee873733 p.bclr           x14, x14, 23, 8     x14=00000010 x14:00000010
15094336ns          251735 1c00889e 1a10f6b7 lui              x13, 0x1a10f000     x13=1a10f000
15094356ns          251736 1c0088a2 0ff57513 andi             x10, x10, 255       x10=00000072 x10:00000072
15094376ns          251737 1c0088a6 00d70733 add              x14, x14, x13       x14=1a10f010 x14:00000010 x13:1a10f000
15094396ns          251738 1c0088a8 00a7e723 p.sw             x10, x0(x15)        x10:00000072 x15:00000000  PA:1a10f010
15094714ns          251754 1c0088ac 00000513 addi             x10, x0, 0          x10=00000000
15094734ns          251755 1c0088ae 00008067 jalr             x0, x1, 0            x1:1c00897e
15094794ns          251758 1c00897e 31f52563 p.beqimm         x10, 778            x10:00000000
15094813ns          251759 1c008982 001d8d93 addi             x27, x27, 1         x27=00000014 x27:00000013
15094833ns          251760 1c008984 00044503 lbu              x10, 0(x8)          x10=00000065  x8:1c000080  PA:1c000080
15095132ns          251775 1c008988 00140413 addi             x8, x8, 1            x8=1c000081  x8:1c000080
15095152ns          251776 1c00898a fe0514e3 bne              x10, x0, -24        x10:00000065
15095231ns          251780 1c008972 02500793 addi             x15, x0, 37         x15=00000025
15095251ns          251781 1c008976 04f50863 beq              x10, x15, 80        x10:00000065 x15:00000025
15095271ns          251782 1c00897a 01a005b3 add              x11, x0, x26        x11=00000002 x26:00000002
15095291ns          251783 1c00897c 000b00e7 jalr             x1, x22, 0           x1=1c00897e x22:1c008888
15095331ns          251785 1c008888 000026b7 lui              x13, 0x2000         x13=00002000
15095351ns          251786 1c00888a f14027f3 csrrs            x15, x0, 0xf14      x15=00000002
15095370ns          251787 1c00888e f8068693 addi             x13, x13, -128      x13=00001f80 x13:00002000
15095390ns          251788 1c008892 00379713 slli             x14, x15, 0x3       x14=00000010 x15:00000002
15095410ns          251789 1c008896 00279793 slli             x15, x15, 0x2       x15=00000008 x15:00000002
15095430ns          251790 1c008898 00d7f7b3 and              x15, x15, x13       x15=00000000 x15:00000008 x13:00001f80
15095450ns          251791 1c00889a ee873733 p.bclr           x14, x14, 23, 8     x14=00000010 x14:00000010
15095470ns          251792 1c00889e 1a10f6b7 lui              x13, 0x1a10f000     x13=1a10f000
15095490ns          251793 1c0088a2 0ff57513 andi             x10, x10, 255       x10=00000065 x10:00000065
15095510ns          251794 1c0088a6 00d70733 add              x14, x14, x13       x14=1a10f010 x14:00000010 x13:1a10f000
15095530ns          251795 1c0088a8 00a7e723 p.sw             x10, x0(x15)        x10:00000065 x15:00000000  PA:1a10f010
15095848ns          251811 1c0088ac 00000513 addi             x10, x0, 0          x10=00000000
15095868ns          251812 1c0088ae 00008067 jalr             x0, x1, 0            x1:1c00897e
15095927ns          251815 1c00897e 31f52563 p.beqimm         x10, 778            x10:00000000
15095947ns          251816 1c008982 001d8d93 addi             x27, x27, 1         x27=00000015 x27:00000014
15095967ns          251817 1c008984 00044503 lbu              x10, 0(x8)          x10=00000020  x8:1c000081  PA:1c000081
15096285ns          251833 1c008988 00140413 addi             x8, x8, 1            x8=1c000082  x8:1c000081
15096305ns          251834 1c00898a fe0514e3 bne              x10, x0, -24        x10:00000020
15096385ns          251838 1c008972 02500793 addi             x15, x0, 37         x15=00000025
15096405ns          251839 1c008976 04f50863 beq              x10, x15, 80        x10:00000020 x15:00000025
15096425ns          251840 1c00897a 01a005b3 add              x11, x0, x26        x11=00000002 x26:00000002
15096445ns          251841 1c00897c 000b00e7 jalr             x1, x22, 0           x1=1c00897e x22:1c008888
15096484ns          251843 1c008888 000026b7 lui              x13, 0x2000         x13=00002000
15096504ns          251844 1c00888a f14027f3 csrrs            x15, x0, 0xf14      x15=00000002
15096524ns          251845 1c00888e f8068693 addi             x13, x13, -128      x13=00001f80 x13:00002000
15096544ns          251846 1c008892 00379713 slli             x14, x15, 0x3       x14=00000010 x15:00000002
15096564ns          251847 1c008896 00279793 slli             x15, x15, 0x2       x15=00000008 x15:00000002
15096584ns          251848 1c008898 00d7f7b3 and              x15, x15, x13       x15=00000000 x15:00000008 x13:00001f80
15096604ns          251849 1c00889a ee873733 p.bclr           x14, x14, 23, 8     x14=00000010 x14:00000010
15096624ns          251850 1c00889e 1a10f6b7 lui              x13, 0x1a10f000     x13=1a10f000
15096643ns          251851 1c0088a2 0ff57513 andi             x10, x10, 255       x10=00000020 x10:00000020
15096663ns          251852 1c0088a6 00d70733 add              x14, x14, x13       x14=1a10f010 x14:00000010 x13:1a10f000
15096683ns          251853 1c0088a8 00a7e723 p.sw             x10, x0(x15)        x10:00000020 x15:00000000  PA:1a10f010
15097021ns          251870 1c0088ac 00000513 addi             x10, x0, 0          x10=00000000
15097041ns          251871 1c0088ae 00008067 jalr             x0, x1, 0            x1:1c00897e
15097101ns          251874 1c00897e 31f52563 p.beqimm         x10, 778            x10:00000000
15097121ns          251875 1c008982 001d8d93 addi             x27, x27, 1         x27=00000016 x27:00000015
15097141ns          251876 1c008984 00044503 lbu              x10, 0(x8)          x10=00000020  x8:1c000082  PA:1c000082
15097459ns          251892 1c008988 00140413 addi             x8, x8, 1            x8=1c000083  x8:1c000082
15097479ns          251893 1c00898a fe0514e3 bne              x10, x0, -24        x10:00000020
15097558ns          251897 1c008972 02500793 addi             x15, x0, 37         x15=00000025
15097578ns          251898 1c008976 04f50863 beq              x10, x15, 80        x10:00000020 x15:00000025
15097598ns          251899 1c00897a 01a005b3 add              x11, x0, x26        x11=00000002 x26:00000002
15097618ns          251900 1c00897c 000b00e7 jalr             x1, x22, 0           x1=1c00897e x22:1c008888
15097658ns          251902 1c008888 000026b7 lui              x13, 0x2000         x13=00002000
15097678ns          251903 1c00888a f14027f3 csrrs            x15, x0, 0xf14      x15=00000002
15097698ns          251904 1c00888e f8068693 addi             x13, x13, -128      x13=00001f80 x13:00002000
15097718ns          251905 1c008892 00379713 slli             x14, x15, 0x3       x14=00000010 x15:00000002
15097737ns          251906 1c008896 00279793 slli             x15, x15, 0x2       x15=00000008 x15:00000002
15097757ns          251907 1c008898 00d7f7b3 and              x15, x15, x13       x15=00000000 x15:00000008 x13:00001f80
15097777ns          251908 1c00889a ee873733 p.bclr           x14, x14, 23, 8     x14=00000010 x14:00000010
15097797ns          251909 1c00889e 1a10f6b7 lui              x13, 0x1a10f000     x13=1a10f000
15097817ns          251910 1c0088a2 0ff57513 andi             x10, x10, 255       x10=00000020 x10:00000020
15097837ns          251911 1c0088a6 00d70733 add              x14, x14, x13       x14=1a10f010 x14:00000010 x13:1a10f000
15097857ns          251912 1c0088a8 00a7e723 p.sw             x10, x0(x15)        x10:00000020 x15:00000000  PA:1a10f010
15098175ns          251928 1c0088ac 00000513 addi             x10, x0, 0          x10=00000000
15098195ns          251929 1c0088ae 00008067 jalr             x0, x1, 0            x1:1c00897e
15098255ns          251932 1c00897e 31f52563 p.beqimm         x10, 778            x10:00000000
15098274ns          251933 1c008982 001d8d93 addi             x27, x27, 1         x27=00000017 x27:00000016
15098294ns          251934 1c008984 00044503 lbu              x10, 0(x8)          x10=00000025  x8:1c000083  PA:1c000083
15098593ns          251949 1c008988 00140413 addi             x8, x8, 1            x8=1c000084  x8:1c000083
15098613ns          251950 1c00898a fe0514e3 bne              x10, x0, -24        x10:00000025
15098692ns          251954 1c008972 02500793 addi             x15, x0, 37         x15=00000025
15098712ns          251955 1c008976 04f50863 beq              x10, x15, 80        x10:00000025 x15:00000025
15098851ns          251962 1c0089c6 00044483 lbu              x9, 0(x8)            x9=00000064  x8:1c000084  PA:1c000084
15099150ns          251977 1c0089ca 02000693 addi             x13, x0, 32         x13=00000020
15099170ns          251978 1c0089ce 00140a93 addi             x21, x8, 1          x21=1c000085  x8:1c000084
15099189ns          251979 1c0089d2 009005b3 add              x11, x0, x9         x11=00000064  x9:00000064
15099209ns          251980 1c0089d4 0f4b8513 addi             x10, x23, 244       x10=1c0000f4 x23:1c000000
15099229ns          251981 1c0089d8 00d12823 sw               x13, 16(x2)         x13:00000020  x2:10001658  PA:10001668
15099249ns          251982 1c0089da 00012c23 sw               x0, 24(x2)           x2:10001658  PA:10001670
15099269ns          251983 1c0089dc 00012a23 sw               x0, 20(x2)           x2:10001658  PA:1000166c
15099289ns          251984 1c0089de 00012e23 sw               x0, 28(x2)           x2:10001658  PA:10001674
15099309ns          251985 1c0089e0 00012623 sw               x0, 12(x2)           x2:10001658  PA:10001664
15099329ns          251986 1c0089e2 02300913 addi             x18, x0, 35         x18=00000023
15099349ns          251987 1c0089e6 02d00a13 addi             x20, x0, 45         x20=0000002d
15099368ns          251988 1c0089ea 015009b3 add              x19, x0, x21        x19=1c000085 x21:1c000085
15099388ns          251989 1c0089ec e1dff0ef jal              x1, -484             x1=1c0089ee
15099508ns          251995 1c008808 00054783 lbu              x15, 0(x10)         x15=0000002d x10:1c0000f4  PA:1c0000f4
15099886ns          252014 1c00880c 0ff5f593 andi             x11, x11, 255       x11=00000064 x11:00000064
15099905ns          252015 1c008810 00b78c63 beq              x15, x11, 24        x15:0000002d x11:00000064
15099925ns          252016 1c008814 00078b63 beq              x15, x0, 22         x15:0000002d
15099945ns          252017 1c008816 00150793 addi             x15, x10, 1         x15=1c0000f5 x10:1c0000f4
15099965ns          252018 1c00881a 0040006f jal              x0, 4              
15100045ns          252022 1c00881e 00f00533 add              x10, x0, x15        x10=1c0000f5 x15:1c0000f5
15100065ns          252023 1c008820 0017c70b p.lbu            x14, 1(x15!)        x14=0000002b x15=1c0000f6 x15:1c0000f5  PA:1c0000f5
15100383ns          252039 1c008824 feb71ce3 bne              x14, x11, -8        x14:0000002b x11:00000064
15100443ns          252042 1c00881c 00070763 beq              x14, x0, 14         x14:0000002b
15100462ns          252043 1c00881e 00f00533 add              x10, x0, x15        x10=1c0000f6 x15:1c0000f6
15100482ns          252044 1c008820 0017c70b p.lbu            x14, 1(x15!)        x14=00000020 x15=1c0000f7 x15:1c0000f6  PA:1c0000f6
15100801ns          252060 1c008824 feb71ce3 bne              x14, x11, -8        x14:00000020 x11:00000064
15100860ns          252063 1c00881c 00070763 beq              x14, x0, 14         x14:00000020
15100880ns          252064 1c00881e 00f00533 add              x10, x0, x15        x10=1c0000f7 x15:1c0000f7
15100900ns          252065 1c008820 0017c70b p.lbu            x14, 1(x15!)        x14=00000023 x15=1c0000f8 x15:1c0000f7  PA:1c0000f7
15101218ns          252081 1c008824 feb71ce3 bne              x14, x11, -8        x14:00000023 x11:00000064
15101278ns          252084 1c00881c 00070763 beq              x14, x0, 14         x14:00000023
15101298ns          252085 1c00881e 00f00533 add              x10, x0, x15        x10=1c0000f8 x15:1c0000f8
15101318ns          252086 1c008820 0017c70b p.lbu            x14, 1(x15!)        x14=00000030 x15=1c0000f9 x15:1c0000f8  PA:1c0000f8
15101636ns          252102 1c008824 feb71ce3 bne              x14, x11, -8        x14:00000030 x11:00000064
15101696ns          252105 1c00881c 00070763 beq              x14, x0, 14         x14:00000030
15101716ns          252106 1c00881e 00f00533 add              x10, x0, x15        x10=1c0000f9 x15:1c0000f9
15101735ns          252107 1c008820 0017c70b p.lbu            x14, 1(x15!)        x14=00000000 x15=1c0000fa x15:1c0000f9  PA:1c0000f9
15102054ns          252123 1c008824 feb71ce3 bne              x14, x11, -8        x14:00000000 x11:00000064
15102113ns          252126 1c00881c 00070763 beq              x14, x0, 14         x14:00000000
15102193ns          252130 1c00882a 0015b593 sltiu            x11, x11, 1         x11=00000000 x11:00000064
15102213ns          252131 1c00882e 40b005b3 sub              x11, x0, x11        x11=00000000 x11:00000000
15102233ns          252132 1c008832 00b57533 and              x10, x10, x11       x10=00000000 x10:1c0000f9 x11:00000000
15102253ns          252133 1c008834 00008067 jalr             x0, x1, 0            x1:1c0089ee
15102292ns          252135 1c0089ee 02050a63 beq              x10, x0, 52         x10:00000000
15102730ns          252157 1c008a22 02a00613 addi             x12, x0, 42         x12=0000002a
15102750ns          252158 1c008a26 2ac48663 beq              x9, x12, 684         x9:00000064 x12:0000002a
15102770ns          252159 1c008a2a fd048613 addi             x12, x9, -48        x12=00000034  x9:00000064
15102790ns          252160 1c008a2e 00900593 addi             x11, x0, 9          x11=00000009
15102810ns          252161 1c008a30 00000913 addi             x18, x0, 0          x18=00000000
15102829ns          252162 1c008a32 28c5f063 bgeu             x11, x12, 640       x11:00000009 x12:00000034
15102849ns          252163 1c008a36 02e00693 addi             x13, x0, 46         x13=0000002e
15102869ns          252164 1c008a3a fff00a13 addi             x20, x0, -1         x20=ffffffff
15102889ns          252165 1c008a3c 2ed48363 beq              x9, x13, 742         x9:00000064 x13:0000002e
15102909ns          252166 1c008a40 1c0007b7 lui              x15, 0x1c000000     x15=1c000000
15102929ns          252167 1c008a44 009005b3 add              x11, x0, x9         x11=00000064  x9:00000064
15102949ns          252168 1c008a46 0fc78513 addi             x10, x15, 252       x10=1c0000fc x15:1c000000
15102969ns          252169 1c008a4a dbfff0ef jal              x1, -578             x1=1c008a4c
15103008ns          252171 1c008808 00054783 lbu              x15, 0(x10)         x15=00000068 x10:1c0000fc  PA:1c0000fc
15103307ns          252186 1c00880c 0ff5f593 andi             x11, x11, 255       x11=00000064 x11:00000064
15103327ns          252187 1c008810 00b78c63 beq              x15, x11, 24        x15:00000068 x11:00000064
15103347ns          252188 1c008814 00078b63 beq              x15, x0, 22         x15:00000068
15103366ns          252189 1c008816 00150793 addi             x15, x10, 1         x15=1c0000fd x10:1c0000fc
15103386ns          252190 1c00881a 0040006f jal              x0, 4              
15103426ns          252192 1c00881e 00f00533 add              x10, x0, x15        x10=1c0000fd x15:1c0000fd
15103446ns          252193 1c008820 0017c70b p.lbu            x14, 1(x15!)        x14=0000006c x15=1c0000fe x15:1c0000fd  PA:1c0000fd
15103784ns          252210 1c008824 feb71ce3 bne              x14, x11, -8        x14:0000006c x11:00000064
15103844ns          252213 1c00881c 00070763 beq              x14, x0, 14         x14:0000006c
15103864ns          252214 1c00881e 00f00533 add              x10, x0, x15        x10=1c0000fe x15:1c0000fe
15103884ns          252215 1c008820 0017c70b p.lbu            x14, 1(x15!)        x14=0000004c x15=1c0000ff x15:1c0000fe  PA:1c0000fe
15104301ns          252236 1c008824 feb71ce3 bne              x14, x11, -8        x14:0000004c x11:00000064
15104361ns          252239 1c00881c 00070763 beq              x14, x0, 14         x14:0000004c
15104381ns          252240 1c00881e 00f00533 add              x10, x0, x15        x10=1c0000ff x15:1c0000ff
15104401ns          252241 1c008820 0017c70b p.lbu            x14, 1(x15!)        x14=0000007a x15=1c000100 x15:1c0000ff  PA:1c0000ff
15104719ns          252257 1c008824 feb71ce3 bne              x14, x11, -8        x14:0000007a x11:00000064
15104779ns          252260 1c00881c 00070763 beq              x14, x0, 14         x14:0000007a
15104799ns          252261 1c00881e 00f00533 add              x10, x0, x15        x10=1c000100 x15:1c000100
15104819ns          252262 1c008820 0017c70b p.lbu            x14, 1(x15!)        x14=00000000 x15=1c000101 x15:1c000100  PA:1c000100
15105157ns          252279 1c008824 feb71ce3 bne              x14, x11, -8        x14:00000000 x11:00000064
15105216ns          252282 1c00881c 00070763 beq              x14, x0, 14         x14:00000000
15105296ns          252286 1c00882a 0015b593 sltiu            x11, x11, 1         x11=00000000 x11:00000064
15105316ns          252287 1c00882e 40b005b3 sub              x11, x0, x11        x11=00000000 x11:00000000
15105336ns          252288 1c008832 00b57533 and              x10, x10, x11       x10=00000000 x10:1c000100 x11:00000000
15105356ns          252289 1c008834 00008067 jalr             x0, x1, 0            x1:1c008a4c
15105395ns          252291 1c008a4c 01300433 add              x8, x0, x19          x8=1c000085 x19:1c000085
15105415ns          252292 1c008a4e 00050563 beq              x10, x0, 10         x10:00000000
15105475ns          252295 1c008a58 06700693 addi             x13, x0, 103        x13=00000067
15105495ns          252296 1c008a5c 2896d963 bge              x13, x9, 658        x13:00000067  x9:00000064
15105714ns          252307 1c008cee 06500693 addi             x13, x0, 101        x13=00000065
15105753ns          252309 1c008cf2 12d4d563 bge              x9, x13, 298         x9:00000064 x13:00000065
15105773ns          252310 1c008cf6 04700693 addi             x13, x0, 71         x13=00000047
15105793ns          252311 1c008cfa dc96cbe3 blt              x13, x9, -554       x13:00000047  x9:00000064
15105893ns          252316 1c008ad0 06300693 addi             x13, x0, 99         x13=00000063
15105913ns          252317 1c008ad4 0ad488e3 beq              x9, x13, 2224        x9:00000064 x13:00000063
15105932ns          252318 1c008ad8 0096c9e3 blt              x13, x9, 2066       x13:00000063  x9:00000064
15106131ns          252328 1c0092ea 000c2583 lw               x11, 0(x24)         x11=00000002 x24:100017ac  PA:100017ac
15106151ns          252329 1c0092ee 004c0c13 addi             x24, x24, 4         x24=100017b0 x24:100017ac
15106191ns          252331 1c0092f0 3405cc63 blt              x11, x0, 856        x11:00000002
15106231ns          252333 1c0092f4 01412603 lw               x12, 20(x2)         x12=00000000  x2:10001658  PA:1000166c
15106251ns          252334 1c0092f6 00b006b3 add              x13, x0, x11        x13=00000002 x11:00000002
15106271ns          252335 1c0092f8 2e061863 bne              x12, x0, 752        x12:00000000
15106290ns          252336 1c0092fc 01812703 lw               x14, 24(x2)         x14=00000000  x2:10001658  PA:10001670
15106310ns          252337 1c0092fe 019007b3 add              x15, x0, x25        x15=1000167c x25:1000167c
15106330ns          252338 1c009300 00070763 beq              x14, x0, 14         x14:00000000
15106390ns          252341 1c00930e 00f00733 add              x14, x0, x15        x14=1000167c x15:1000167c
15106450ns          252344 1c009310 00a00513 addi             x10, x0, 10         x10=0000000a
15106489ns          252346 1c009312 02a6f633 remu             x12, x13, x10       x12=00000002 x13:00000002 x10:0000000a
15107106ns          252377 1c009316 02a6d6b3 divu             x13, x13, x10       x13=00000000 x13:00000002 x10:0000000a
15107723ns          252408 1c00931a 03060613 addi             x12, x12, 48        x12=00000032 x12:00000002
15107742ns          252409 1c00931e 00c700ab p.sb             x12, 1(x14!)        x14=1000167d x12:00000032 x14:1000167c  PA:1000167c
15107762ns          252410 1c009322 fe0698e3 bne              x13, x0, -16        x13:00000000
15107782ns          252411 1c009324 40f706b3 sub              x13, x14, x15       x13=00000001 x14:1000167d x15:1000167c
15107802ns          252412 1c009328 0146dc63 bge              x13, x20, 24        x13:00000001 x20:ffffffff
15107941ns          252419 1c009340 00e006b3 add              x13, x0, x14        x13=1000167d x14:1000167d
15107981ns          252421 1c009342 fe068fab p.sb             x0, -1(x13!)        x13=1000167c x13:1000167d  PA:1000167d
15108001ns          252422 1c009346 00d7fc63 bgeu             x15, x13, 24        x15:1000167c x13:1000167c
15108120ns          252428 1c00935e 01412783 lw               x15, 20(x2)         x15=00000000  x2:10001658  PA:1000166c
15108180ns          252431 1c009360 01812603 lw               x12, 24(x2)         x12=00000000  x2:10001658  PA:10001670
15108220ns          252433 1c009362 419704b3 sub              x9, x14, x25         x9=00000001 x14:1000167d x25:1000167c
15108240ns          252434 1c009366 00c7e7b3 or               x15, x15, x12       x15=00000000 x15:00000000 x12:00000000
15108260ns          252435 1c009368 00f12623 sw               x15, 12(x2)         x15:00000000  x2:10001658  PA:10001664
15108280ns          252436 1c00936a 00079363 bne              x15, x0, 6          x15:00000000
15108299ns          252437 1c00936c 01f5d593 srli             x11, x11, 0x1f      x11=00000000 x11:00000002
15108319ns          252438 1c00936e 00b12623 sw               x11, 12(x2)         x11:00000000  x2:10001658  PA:10001664
15108339ns          252439 1c009370 e3fa28e3 p.beqimm         x20, -464           x20:ffffffff
15108439ns          252444 1c0091a0 0c800793 addi             x15, x0, 200        x15=000000c8
15108478ns          252446 1c0091a4 9e97d0e3 bge              x15, x9, -1568      x15:000000c8  x9:00000001
15108578ns          252451 1c008b84 0f24d163 bge              x9, x18, 226         x9:00000001 x18:00000000
15108657ns          252455 1c008c66 d00482e3 beq              x9, x0, -764         x9:00000001
15108677ns          252456 1c008c6a 01900933 add              x18, x0, x25        x18=1000167c x25:1000167c
15108697ns          252457 1c008c6c 419d8db3 sub              x27, x27, x25       x27=efffe99b x27:00000017 x25:1000167c
15108737ns          252459 1c008c70 00a0006f jal              x0, 10             
15108797ns          252462 1c008c7a 0019450b p.lbu            x10, 1(x18!)        x10=00000032 x18=1000167d x18:1000167c  PA:1000167c
15108817ns          252463 1c008c7e 01a005b3 add              x11, x0, x26        x11=00000002 x26:00000002
15108856ns          252465 1c008c80 000b00e7 jalr             x1, x22, 0           x1=1c008c82 x22:1c008888
15108896ns          252467 1c008888 000026b7 lui              x13, 0x2000         x13=00002000
15108916ns          252468 1c00888a f14027f3 csrrs            x15, x0, 0xf14      x15=00000002
15108936ns          252469 1c00888e f8068693 addi             x13, x13, -128      x13=00001f80 x13:00002000
15108956ns          252470 1c008892 00379713 slli             x14, x15, 0x3       x14=00000010 x15:00000002
15108976ns          252471 1c008896 00279793 slli             x15, x15, 0x2       x15=00000008 x15:00000002
15108996ns          252472 1c008898 00d7f7b3 and              x15, x15, x13       x15=00000000 x15:00000008 x13:00001f80
15109015ns          252473 1c00889a ee873733 p.bclr           x14, x14, 23, 8     x14=00000010 x14:00000010
15109055ns          252475 1c00889e 1a10f6b7 lui              x13, 0x1a10f000     x13=1a10f000
15109095ns          252477 1c0088a2 0ff57513 andi             x10, x10, 255       x10=00000032 x10:00000032
15109115ns          252478 1c0088a6 00d70733 add              x14, x14, x13       x14=1a10f010 x14:00000010 x13:1a10f000
15109135ns          252479 1c0088a8 00a7e723 p.sw             x10, x0(x15)        x10:00000032 x15:00000000  PA:1a10f010
15109513ns          252498 1c0088ac 00000513 addi             x10, x0, 0          x10=00000000
15109533ns          252499 1c0088ae 00008067 jalr             x0, x1, 0            x1:1c008c82
15109572ns          252501 1c008c82 fff48493 addi             x9, x9, -1           x9=00000000  x9:00000001
15109592ns          252502 1c008c84 fff537e3 p.bneimm         x10, -18            x10:00000000
15109672ns          252506 1c008c72 012d8733 add              x14, x27, x18       x14=00000018 x27:efffe99b x18:1000167d
15109692ns          252507 1c008c76 5a048b63 beq              x9, x0, 1462         x9:00000000
15110129ns          252529 1c00922c 00e00db3 add              x27, x0, x14        x27=00000018 x14:00000018
15110209ns          252533 1c00922e f3cff06f jal              x0, -2244          
15110328ns          252539 1c00896a 00044503 lbu              x10, 0(x8)          x10=0000000a  x8:1c000085  PA:1c000085
15110627ns          252554 1c00896e 00140413 addi             x8, x8, 1            x8=1c000086  x8:1c000085
15110647ns          252555 1c008970 00050e63 beq              x10, x0, 28         x10:0000000a
15110666ns          252556 1c008972 02500793 addi             x15, x0, 37         x15=00000025
15110686ns          252557 1c008976 04f50863 beq              x10, x15, 80        x10:0000000a x15:00000025
15110706ns          252558 1c00897a 01a005b3 add              x11, x0, x26        x11=00000002 x26:00000002
15110726ns          252559 1c00897c 000b00e7 jalr             x1, x22, 0           x1=1c00897e x22:1c008888
15110806ns          252563 1c008888 000026b7 lui              x13, 0x2000         x13=00002000
15110826ns          252564 1c00888a f14027f3 csrrs            x15, x0, 0xf14      x15=00000002
15110845ns          252565 1c00888e f8068693 addi             x13, x13, -128      x13=00001f80 x13:00002000
15110865ns          252566 1c008892 00379713 slli             x14, x15, 0x3       x14=00000010 x15:00000002
15110885ns          252567 1c008896 00279793 slli             x15, x15, 0x2       x15=00000008 x15:00000002
15110905ns          252568 1c008898 00d7f7b3 and              x15, x15, x13       x15=00000000 x15:00000008 x13:00001f80
15110925ns          252569 1c00889a ee873733 p.bclr           x14, x14, 23, 8     x14=00000010 x14:00000010
15110945ns          252570 1c00889e 1a10f6b7 lui              x13, 0x1a10f000     x13=1a10f000
15110965ns          252571 1c0088a2 0ff57513 andi             x10, x10, 255       x10=0000000a x10:0000000a
15110985ns          252572 1c0088a6 00d70733 add              x14, x14, x13       x14=1a10f010 x14:00000010 x13:1a10f000
15111005ns          252573 1c0088a8 00a7e723 p.sw             x10, x0(x15)        x10:0000000a x15:00000000  PA:1a10f010
15111382ns          252592 1c0088ac 00000513 addi             x10, x0, 0          x10=00000000
15111402ns          252593 1c0088ae 00008067 jalr             x0, x1, 0            x1:1c00897e
15111462ns          252596 1c00897e 31f52563 p.beqimm         x10, 778            x10:00000000
15111482ns          252597 1c008982 001d8d93 addi             x27, x27, 1         x27=00000019 x27:00000018
15111502ns          252598 1c008984 00044503 lbu              x10, 0(x8)          x10=00000000  x8:1c000086  PA:1c000086
15111800ns          252613 1c008988 00140413 addi             x8, x8, 1            x8=1c000087  x8:1c000086
15111820ns          252614 1c00898a fe0514e3 bne              x10, x0, -24        x10:00000000
15111840ns          252615 1c00898c 01b00433 add              x8, x0, x27          x8=00000019 x27:00000019
15111860ns          252616 1c00898e 00800533 add              x10, x0, x8         x10=00000019  x8:00000019
15111880ns          252617 1c008990 12c12083 lw               x1, 300(x2)          x1=1c00891c  x2:10001658  PA:10001784
15111900ns          252618 1c008994 12812403 lw               x8, 296(x2)          x8=48715bee  x2:10001658  PA:10001780
15111920ns          252619 1c008998 12412483 lw               x9, 292(x2)          x9=1c011010  x2:10001658  PA:1000177c
15111939ns          252620 1c00899c 12012903 lw               x18, 288(x2)        x18=48715c8c  x2:10001658  PA:10001778
15111979ns          252622 1c0089a0 11c12983 lw               x19, 284(x2)        x19=48715b50  x2:10001658  PA:10001774
15112019ns          252624 1c0089a4 11812a03 lw               x20, 280(x2)        x20=xxxxxxxx  x2:10001658  PA:10001770
15112039ns          252625 1c0089a8 11412a83 lw               x21, 276(x2)        x21=xxxxxxxx  x2:10001658  PA:1000176c
15112059ns          252626 1c0089ac 11012b03 lw               x22, 272(x2)        x22=xxxxxxxx  x2:10001658  PA:10001768
15112118ns          252629 1c0089b0 10c12b83 lw               x23, 268(x2)        x23=xxxxxxxx  x2:10001658  PA:10001764
15112158ns          252631 1c0089b4 10812c03 lw               x24, 264(x2)        x24=xxxxxxxx  x2:10001658  PA:10001760
15112178ns          252632 1c0089b8 10412c83 lw               x25, 260(x2)        x25=xxxxxxxx  x2:10001658  PA:1000175c
15112198ns          252633 1c0089bc 10012d03 lw               x26, 256(x2)        x26=xxxxxxxx  x2:10001658  PA:10001758
15112258ns          252636 1c0089c0 0fc12d83 lw               x27, 252(x2)        x27=xxxxxxxx  x2:10001658  PA:10001754
15112278ns          252637 1c0089c2 13010113 addi             x2, x2, 304          x2=10001788  x2:10001658
15112297ns          252638 1c0089c4 00008067 jalr             x0, x1, 0            x1:1c00891c
15112377ns          252642 1c00891c 01c12083 lw               x1, 28(x2)           x1=1c0082d2  x2:10001788  PA:100017a4
15112397ns          252643 1c00891e 04010113 addi             x2, x2, 64           x2=100017c8  x2:10001788
15112457ns          252646 1c008920 00008067 jalr             x0, x1, 0            x1:1c0082d2
15112536ns          252650 1c0082d2 00000513 addi             x10, x0, 0          x10=00000000
15112576ns          252652 1c0082d4 fd9ff06f jal              x0, -40            
15113014ns          252674 1c0082ac 02c12083 lw               x1, 44(x2)           x1=1c009bba  x2:100017c8  PA:100017f4
15113033ns          252675 1c0082ae 02812403 lw               x8, 40(x2)           x8=xxxxxxxx  x2:100017c8  PA:100017f0
15113053ns          252676 1c0082b0 02412483 lw               x9, 36(x2)           x9=xxxxxxxx  x2:100017c8  PA:100017ec
15113073ns          252677 1c0082b2 02012903 lw               x18, 32(x2)         x18=xxxxxxxx  x2:100017c8  PA:100017e8
15113093ns          252678 1c0082b4 01c12983 lw               x19, 28(x2)         x19=xxxxxxxx  x2:100017c8  PA:100017e4
15113113ns          252679 1c0082b6 03010113 addi             x2, x2, 48           x2=100017f8  x2:100017c8
15113133ns          252680 1c0082b8 00008067 jalr             x0, x1, 0            x1:1c009bba
15113252ns          252686 1c009bba f14027f3 csrrs            x15, x0, 0xf14      x15=00000002
15113312ns          252689 1c009bbe f457b7b3 p.bclr           x15, x15, 26, 5     x15=00000002 x15:00000002
15113332ns          252690 1c009bc2 00079963 bne              x15, x0, 18         x15:00000002
15113809ns          252714 1c009bd4 002047b7 lui              x15, 0x204000       x15=00204000
15113849ns          252716 1c009bd8 fff00713 addi             x14, x0, -1         x14=ffffffff
15113869ns          252717 1c009bda 00e7a223 sw               x14, 4(x15)         x14:ffffffff x15:00204000  PA:00204004
