                Time          Cycles PC       Instr    Mnemonic
14898830ns          241906 1c008080 0640006f jal              x0, 100            
14899287ns          241929 1c0080e4 f1402573 csrrs            x10, x0, 0xf14      x10=00000001
14899327ns          241931 1c0080e8 01f57593 andi             x11, x10, 31        x11=00000001 x10:00000001
14899347ns          241932 1c0080ec 00555513 srli             x10, x10, 0x5       x10=00000000 x10:00000001
14899367ns          241933 1c0080ee 01f00613 addi             x12, x0, 31         x12=0000001f
14899785ns          241954 1c0080f0 00c50463 beq              x10, x12, 8         x10:00000000 x12:0000001f
14899824ns          241956 1c0080f4 fa1ff06f jal              x0, -96            
14900282ns          241979 1c008094 f3ff8117 auipc            x2, 0xf3ff8000       x2=10000094
14900322ns          241981 1c008098 f7010113 addi             x2, x2, -144         x2=10000004  x2:10000094
14900342ns          241982 1c00809c 00012103 lw               x2, 0(x2)            x2=10000008  x2:10000004  PA:10000004
14900779ns          242004 1c0080a0 000011b7 lui              x3, 0x1000           x3=00001000
14900819ns          242006 1c0080a4 80018193 addi             x3, x3, -2048        x3=00000800  x3:00001000
14900839ns          242007 1c0080a8 00158593 addi             x11, x11, 1         x11=00000002 x11:00000001
14900859ns          242008 1c0080ac 02b180b3 mul              x1, x3, x11          x1=00001000  x3:00000800 x11:00000002
14901296ns          242030 1c0080b0 00110133 add              x2, x2, x1           x2=10001008  x2:10000008  x1:00001000
14901336ns          242032 1c0080b4 2e10106f jal              x0, 6880           
14901794ns          242055 1c009b94 ff010113 addi             x2, x2, -16          x2=10000ff8  x2:10001008
14901813ns          242056 1c009b96 00112623 sw               x1, 12(x2)           x1:00001000  x2:10000ff8  PA:10001004
14901833ns          242057 1c009b98 002047b7 lui              x15, 0x204000       x15=00204000
14901853ns          242058 1c009b9c 00070737 lui              x14, 0x70000        x14=00070000
14902291ns          242080 1c009ba0 00e7a423 sw               x14, 8(x15)         x14:00070000 x15:00204000  PA:00204008
14902311ns          242081 1c009ba2 00f00713 addi             x14, x0, 15         x14=0000000f
14902331ns          242082 1c009ba4 20078793 addi             x15, x15, 512       x15=00204200 x15:00204000
14902351ns          242083 1c009ba8 00e7a023 sw               x14, 0(x15)         x14:0000000f x15:00204200  PA:00204200
14902370ns          242084 1c009bac 00e7a623 sw               x14, 12(x15)        x14:0000000f x15:00204200  PA:0020420c
14902828ns          242107 1c009bb0 1c0017b7 lui              x15, 0x1c001000     x15=1c001000
14902868ns          242109 1c009bb4 a847a783 lw               x15, -1404(x15)     x15=1c0081be x15:1c001000  PA:1c000a84
14903206ns          242126 1c009bb8 000780e7 jalr             x1, x15, 0           x1=1c009bba x15:1c0081be
14903822ns          242157 1c0081be fd010113 addi             x2, x2, -48          x2=10000fc8  x2:10000ff8
14904280ns          242180 1c0081c0 02912223 sw               x9, 36(x2)           x9:xxxxxxxx  x2:10000fc8  PA:10000fec
14904300ns          242181 1c0081c2 02112623 sw               x1, 44(x2)           x1:1c009bba  x2:10000fc8  PA:10000ff4
14904320ns          242182 1c0081c4 f14024f3 csrrs            x9, x0, 0xf14        x9=00000001
14904340ns          242183 1c0081c8 02812423 sw               x8, 40(x2)           x8:xxxxxxxx  x2:10000fc8  PA:10000ff0
14904360ns          242184 1c0081ca 03212023 sw               x18, 32(x2)         x18:xxxxxxxx  x2:10000fc8  PA:10000fe8
14904379ns          242185 1c0081cc 01312e23 sw               x19, 28(x2)         x19:xxxxxxxx  x2:10000fc8  PA:10000fe4
14904797ns          242206 1c0081ce ca5497b3 p.extractu       x15, x9, 5, 5       x15=00000000  x9:00000001
14904837ns          242208 1c0081d2 12079e63 bne              x15, x0, 316        x15:00000000
14904857ns          242209 1c0081d6 f454b4b3 p.bclr           x9, x9, 26, 5        x9=00000001  x9:00000001
14904877ns          242210 1c0081da 1c000537 lui              x10, 0x1c000000     x10=1c000000
14904897ns          242211 1c0081de 00900633 add              x12, x0, x9         x12=00000001  x9:00000001
14905314ns          242232 1c0081e0 00100593 addi             x11, x0, 1          x11=00000001
14905354ns          242234 1c0081e2 01c50513 addi             x10, x10, 28        x10=1c00001c x10:1c000000
14905374ns          242235 1c0081e6 70e000ef jal              x1, 1806             x1=1c0081e8
14905831ns          242258 1c0088f4 fc010113 addi             x2, x2, -64          x2=10000f88  x2:10000fc8
14905871ns          242260 1c0088f6 02410313 addi             x6, x2, 36           x6=10000fac  x2:10000f88
14905891ns          242261 1c0088fa 02c12423 sw               x12, 40(x2)         x12:00000001  x2:10000f88  PA:10000fb0
14905911ns          242262 1c0088fc 00a00633 add              x12, x0, x10        x12=1c00001c x10:1c00001c
14906329ns          242283 1c0088fe 1c009537 lui              x10, 0x1c009000     x10=1c009000
14906349ns          242284 1c008902 02b12223 sw               x11, 36(x2)         x11:00000001  x2:10000f88  PA:10000fac
14906368ns          242285 1c008904 02d12623 sw               x13, 44(x2)         x13:xxxxxxxx  x2:10000f88  PA:10000fb4
14906388ns          242286 1c008906 00200593 addi             x11, x0, 2          x11=00000002
14906408ns          242287 1c008908 006006b3 add              x13, x0, x6         x13=10000fac  x6:10000fac
14906428ns          242288 1c00890a 88850513 addi             x10, x10, -1912     x10=1c008888 x10:1c009000
14906448ns          242289 1c00890e 00112e23 sw               x1, 28(x2)           x1:1c0081e8  x2:10000f88  PA:10000fa4
14906866ns          242310 1c008910 02e12823 sw               x14, 48(x2)         x14:0000000f  x2:10000f88  PA:10000fb8
14906886ns          242311 1c008912 02f12a23 sw               x15, 52(x2)         x15:00000000  x2:10000f88  PA:10000fbc
14906906ns          242312 1c008914 03012c23 sw               x16, 56(x2)         x16:xxxxxxxx  x2:10000f88  PA:10000fc0
14906925ns          242313 1c008916 03112e23 sw               x17, 60(x2)         x17:xxxxxxxx  x2:10000f88  PA:10000fc4
14906945ns          242314 1c008918 00612623 sw               x6, 12(x2)           x6:10000fac  x2:10000f88  PA:10000f94
14906965ns          242315 1c00891a fbfff0ef jal              x1, -66              x1=1c00891c
14907840ns          242359 1c0088d8 04a0006f jal              x0, 74             
14907880ns          242361 1c008922 ed010113 addi             x2, x2, -304         x2=10000e58  x2:10000f88
14907900ns          242362 1c008924 12812423 sw               x8, 296(x2)          x8:xxxxxxxx  x2:10000e58  PA:10000f80
14907920ns          242363 1c008928 00000413 addi             x8, x0, 0            x8=00000000
14907940ns          242364 1c00892a 11612823 sw               x22, 272(x2)        x22:xxxxxxxx  x2:10000e58  PA:10000f68
14908377ns          242386 1c00892e 11712623 sw               x23, 268(x2)        x23:xxxxxxxx  x2:10000e58  PA:10000f64
14908417ns          242388 1c008932 11812423 sw               x24, 264(x2)        x24:xxxxxxxx  x2:10000e58  PA:10000f60
14908437ns          242389 1c008936 11912223 sw               x25, 260(x2)        x25:xxxxxxxx  x2:10000e58  PA:10000f5c
14908457ns          242390 1c00893a 11a12023 sw               x26, 256(x2)        x26:xxxxxxxx  x2:10000e58  PA:10000f58
14908477ns          242391 1c00893e 0fb12e23 sw               x27, 252(x2)        x27:xxxxxxxx  x2:10000e58  PA:10000f54
14908895ns          242412 1c008940 12112623 sw               x1, 300(x2)          x1:1c00891c  x2:10000e58  PA:10000f84
14908934ns          242414 1c008944 00800db3 add              x27, x0, x8         x27=00000000  x8:00000000
14908954ns          242415 1c008946 12912223 sw               x9, 292(x2)          x9:00000001  x2:10000e58  PA:10000f7c
14908974ns          242416 1c00894a 13212023 sw               x18, 288(x2)        x18:xxxxxxxx  x2:10000e58  PA:10000f78
14909432ns          242439 1c00894e 11312e23 sw               x19, 284(x2)        x19:xxxxxxxx  x2:10000e58  PA:10000f74
14909471ns          242441 1c008952 11412c23 sw               x20, 280(x2)        x20:xxxxxxxx  x2:10000e58  PA:10000f70
14909491ns          242442 1c008956 11512a23 sw               x21, 276(x2)        x21:xxxxxxxx  x2:10000e58  PA:10000f6c
14909511ns          242443 1c00895a 00a00b33 add              x22, x0, x10        x22=1c008888 x10:1c008888
14909531ns          242444 1c00895c 00b00d33 add              x26, x0, x11        x26=00000002 x11:00000002
14909551ns          242445 1c00895e 00d00c33 add              x24, x0, x13        x24=10000fac x13:10000fac
14909949ns          242465 1c008960 1c000bb7 lui              x23, 0x1c000000     x23=1c000000
14909989ns          242467 1c008964 02410c93 addi             x25, x2, 36         x25=10000e7c  x2:10000e58
14910008ns          242468 1c008968 00c00433 add              x8, x0, x12          x8=1c00001c x12:1c00001c
14910028ns          242469 1c00896a 00044503 lbu              x10, 0(x8)          x10=00000073  x8:1c00001c  PA:1c00001c
14910486ns          242492 1c00896e 00140413 addi             x8, x8, 1            x8=1c00001d  x8:1c00001c
14910506ns          242493 1c008970 00050e63 beq              x10, x0, 28         x10:00000073
14910526ns          242494 1c008972 02500793 addi             x15, x0, 37         x15=00000025
14910546ns          242495 1c008976 04f50863 beq              x10, x15, 80        x10:00000073 x15:00000025
14910565ns          242496 1c00897a 01a005b3 add              x11, x0, x26        x11=00000002 x26:00000002
14910585ns          242497 1c00897c 000b00e7 jalr             x1, x22, 0           x1=1c00897e x22:1c008888
14911480ns          242542 1c008888 000026b7 lui              x13, 0x2000         x13=00002000
14911520ns          242544 1c00888a f14027f3 csrrs            x15, x0, 0xf14      x15=00000001
14911958ns          242566 1c00888e f8068693 addi             x13, x13, -128      x13=00001f80 x13:00002000
14911998ns          242568 1c008892 00379713 slli             x14, x15, 0x3       x14=00000008 x15:00000001
14912017ns          242569 1c008896 00279793 slli             x15, x15, 0x2       x15=00000004 x15:00000001
14912037ns          242570 1c008898 00d7f7b3 and              x15, x15, x13       x15=00000000 x15:00000004 x13:00001f80
14912057ns          242571 1c00889a ee873733 p.bclr           x14, x14, 23, 8     x14=00000008 x14:00000008
14912475ns          242592 1c00889e 1a10f6b7 lui              x13, 0x1a10f000     x13=1a10f000
14912515ns          242594 1c0088a2 0ff57513 andi             x10, x10, 255       x10=00000073 x10:00000073
14912535ns          242595 1c0088a6 00d70733 add              x14, x14, x13       x14=1a10f008 x14:00000008 x13:1a10f000
14912555ns          242596 1c0088a8 00a7e723 p.sw             x10, x0(x15)        x10:00000073 x15:00000000  PA:1a10f008
14912913ns          242614 1c0088ac 00000513 addi             x10, x0, 0          x10=00000000
14912932ns          242615 1c0088ae 00008067 jalr             x0, x1, 0            x1:1c00897e
14913052ns          242621 1c00897e 31f52563 p.beqimm         x10, 778            x10:00000000
14913072ns          242622 1c008982 001d8d93 addi             x27, x27, 1         x27=00000001 x27:00000000
14913092ns          242623 1c008984 00044503 lbu              x10, 0(x8)          x10=00000074  x8:1c00001d  PA:1c00001d
14913529ns          242645 1c008988 00140413 addi             x8, x8, 1            x8=1c00001e  x8:1c00001d
14913549ns          242646 1c00898a fe0514e3 bne              x10, x0, -24        x10:00000074
14913629ns          242650 1c008972 02500793 addi             x15, x0, 37         x15=00000025
14913648ns          242651 1c008976 04f50863 beq              x10, x15, 80        x10:00000074 x15:00000025
14913668ns          242652 1c00897a 01a005b3 add              x11, x0, x26        x11=00000002 x26:00000002
14913688ns          242653 1c00897c 000b00e7 jalr             x1, x22, 0           x1=1c00897e x22:1c008888
14913728ns          242655 1c008888 000026b7 lui              x13, 0x2000         x13=00002000
14913748ns          242656 1c00888a f14027f3 csrrs            x15, x0, 0xf14      x15=00000001
14913768ns          242657 1c00888e f8068693 addi             x13, x13, -128      x13=00001f80 x13:00002000
14913788ns          242658 1c008892 00379713 slli             x14, x15, 0x3       x14=00000008 x15:00000001
14913808ns          242659 1c008896 00279793 slli             x15, x15, 0x2       x15=00000004 x15:00000001
14913828ns          242660 1c008898 00d7f7b3 and              x15, x15, x13       x15=00000000 x15:00000004 x13:00001f80
14913847ns          242661 1c00889a ee873733 p.bclr           x14, x14, 23, 8     x14=00000008 x14:00000008
14913867ns          242662 1c00889e 1a10f6b7 lui              x13, 0x1a10f000     x13=1a10f000
14913887ns          242663 1c0088a2 0ff57513 andi             x10, x10, 255       x10=00000074 x10:00000074
14913907ns          242664 1c0088a6 00d70733 add              x14, x14, x13       x14=1a10f008 x14:00000008 x13:1a10f000
14913927ns          242665 1c0088a8 00a7e723 p.sw             x10, x0(x15)        x10:00000074 x15:00000000  PA:1a10f008
14914285ns          242683 1c0088ac 00000513 addi             x10, x0, 0          x10=00000000
14914305ns          242684 1c0088ae 00008067 jalr             x0, x1, 0            x1:1c00897e
14914365ns          242687 1c00897e 31f52563 p.beqimm         x10, 778            x10:00000000
14914384ns          242688 1c008982 001d8d93 addi             x27, x27, 1         x27=00000002 x27:00000001
14914404ns          242689 1c008984 00044503 lbu              x10, 0(x8)          x10=00000061  x8:1c00001e  PA:1c00001e
14914723ns          242705 1c008988 00140413 addi             x8, x8, 1            x8=1c00001f  x8:1c00001e
14914742ns          242706 1c00898a fe0514e3 bne              x10, x0, -24        x10:00000061
14914822ns          242710 1c008972 02500793 addi             x15, x0, 37         x15=00000025
14914842ns          242711 1c008976 04f50863 beq              x10, x15, 80        x10:00000061 x15:00000025
14914862ns          242712 1c00897a 01a005b3 add              x11, x0, x26        x11=00000002 x26:00000002
14914882ns          242713 1c00897c 000b00e7 jalr             x1, x22, 0           x1=1c00897e x22:1c008888
14914922ns          242715 1c008888 000026b7 lui              x13, 0x2000         x13=00002000
14914941ns          242716 1c00888a f14027f3 csrrs            x15, x0, 0xf14      x15=00000001
14914961ns          242717 1c00888e f8068693 addi             x13, x13, -128      x13=00001f80 x13:00002000
14914981ns          242718 1c008892 00379713 slli             x14, x15, 0x3       x14=00000008 x15:00000001
14915001ns          242719 1c008896 00279793 slli             x15, x15, 0x2       x15=00000004 x15:00000001
14915021ns          242720 1c008898 00d7f7b3 and              x15, x15, x13       x15=00000000 x15:00000004 x13:00001f80
14915041ns          242721 1c00889a ee873733 p.bclr           x14, x14, 23, 8     x14=00000008 x14:00000008
14915061ns          242722 1c00889e 1a10f6b7 lui              x13, 0x1a10f000     x13=1a10f000
14915081ns          242723 1c0088a2 0ff57513 andi             x10, x10, 255       x10=00000061 x10:00000061
14915101ns          242724 1c0088a6 00d70733 add              x14, x14, x13       x14=1a10f008 x14:00000008 x13:1a10f000
14915120ns          242725 1c0088a8 00a7e723 p.sw             x10, x0(x15)        x10:00000061 x15:00000000  PA:1a10f008
14915439ns          242741 1c0088ac 00000513 addi             x10, x0, 0          x10=00000000
14915459ns          242742 1c0088ae 00008067 jalr             x0, x1, 0            x1:1c00897e
14915518ns          242745 1c00897e 31f52563 p.beqimm         x10, 778            x10:00000000
14915538ns          242746 1c008982 001d8d93 addi             x27, x27, 1         x27=00000003 x27:00000002
14915558ns          242747 1c008984 00044503 lbu              x10, 0(x8)          x10=00000072  x8:1c00001f  PA:1c00001f
14915856ns          242762 1c008988 00140413 addi             x8, x8, 1            x8=1c000020  x8:1c00001f
14915876ns          242763 1c00898a fe0514e3 bne              x10, x0, -24        x10:00000072
14915956ns          242767 1c008972 02500793 addi             x15, x0, 37         x15=00000025
14915976ns          242768 1c008976 04f50863 beq              x10, x15, 80        x10:00000072 x15:00000025
14915996ns          242769 1c00897a 01a005b3 add              x11, x0, x26        x11=00000002 x26:00000002
14916015ns          242770 1c00897c 000b00e7 jalr             x1, x22, 0           x1=1c00897e x22:1c008888
14916055ns          242772 1c008888 000026b7 lui              x13, 0x2000         x13=00002000
14916075ns          242773 1c00888a f14027f3 csrrs            x15, x0, 0xf14      x15=00000001
14916095ns          242774 1c00888e f8068693 addi             x13, x13, -128      x13=00001f80 x13:00002000
14916115ns          242775 1c008892 00379713 slli             x14, x15, 0x3       x14=00000008 x15:00000001
14916135ns          242776 1c008896 00279793 slli             x15, x15, 0x2       x15=00000004 x15:00000001
14916155ns          242777 1c008898 00d7f7b3 and              x15, x15, x13       x15=00000000 x15:00000004 x13:00001f80
14916175ns          242778 1c00889a ee873733 p.bclr           x14, x14, 23, 8     x14=00000008 x14:00000008
14916195ns          242779 1c00889e 1a10f6b7 lui              x13, 0x1a10f000     x13=1a10f000
14916214ns          242780 1c0088a2 0ff57513 andi             x10, x10, 255       x10=00000072 x10:00000072
14916234ns          242781 1c0088a6 00d70733 add              x14, x14, x13       x14=1a10f008 x14:00000008 x13:1a10f000
14916254ns          242782 1c0088a8 00a7e723 p.sw             x10, x0(x15)        x10:00000072 x15:00000000  PA:1a10f008
14916572ns          242798 1c0088ac 00000513 addi             x10, x0, 0          x10=00000000
14916592ns          242799 1c0088ae 00008067 jalr             x0, x1, 0            x1:1c00897e
14916652ns          242802 1c00897e 31f52563 p.beqimm         x10, 778            x10:00000000
14916672ns          242803 1c008982 001d8d93 addi             x27, x27, 1         x27=00000004 x27:00000003
14916692ns          242804 1c008984 00044503 lbu              x10, 0(x8)          x10=00000074  x8:1c000020  PA:1c000020
14916990ns          242819 1c008988 00140413 addi             x8, x8, 1            x8=1c000021  x8:1c000020
14917010ns          242820 1c00898a fe0514e3 bne              x10, x0, -24        x10:00000074
14917090ns          242824 1c008972 02500793 addi             x15, x0, 37         x15=00000025
14917109ns          242825 1c008976 04f50863 beq              x10, x15, 80        x10:00000074 x15:00000025
14917129ns          242826 1c00897a 01a005b3 add              x11, x0, x26        x11=00000002 x26:00000002
14917149ns          242827 1c00897c 000b00e7 jalr             x1, x22, 0           x1=1c00897e x22:1c008888
14917189ns          242829 1c008888 000026b7 lui              x13, 0x2000         x13=00002000
14917209ns          242830 1c00888a f14027f3 csrrs            x15, x0, 0xf14      x15=00000001
14917229ns          242831 1c00888e f8068693 addi             x13, x13, -128      x13=00001f80 x13:00002000
14917249ns          242832 1c008892 00379713 slli             x14, x15, 0x3       x14=00000008 x15:00000001
14917269ns          242833 1c008896 00279793 slli             x15, x15, 0x2       x15=00000004 x15:00000001
14917289ns          242834 1c008898 00d7f7b3 and              x15, x15, x13       x15=00000000 x15:00000004 x13:00001f80
14917308ns          242835 1c00889a ee873733 p.bclr           x14, x14, 23, 8     x14=00000008 x14:00000008
14917328ns          242836 1c00889e 1a10f6b7 lui              x13, 0x1a10f000     x13=1a10f000
14917348ns          242837 1c0088a2 0ff57513 andi             x10, x10, 255       x10=00000074 x10:00000074
14917368ns          242838 1c0088a6 00d70733 add              x14, x14, x13       x14=1a10f008 x14:00000008 x13:1a10f000
14917388ns          242839 1c0088a8 00a7e723 p.sw             x10, x0(x15)        x10:00000074 x15:00000000  PA:1a10f008
14917726ns          242856 1c0088ac 00000513 addi             x10, x0, 0          x10=00000000
14917746ns          242857 1c0088ae 00008067 jalr             x0, x1, 0            x1:1c00897e
14917806ns          242860 1c00897e 31f52563 p.beqimm         x10, 778            x10:00000000
14917826ns          242861 1c008982 001d8d93 addi             x27, x27, 1         x27=00000005 x27:00000004
14917845ns          242862 1c008984 00044503 lbu              x10, 0(x8)          x10=00000069  x8:1c000021  PA:1c000021
14918144ns          242877 1c008988 00140413 addi             x8, x8, 1            x8=1c000022  x8:1c000021
14918164ns          242878 1c00898a fe0514e3 bne              x10, x0, -24        x10:00000069
14918243ns          242882 1c008972 02500793 addi             x15, x0, 37         x15=00000025
14918263ns          242883 1c008976 04f50863 beq              x10, x15, 80        x10:00000069 x15:00000025
14918283ns          242884 1c00897a 01a005b3 add              x11, x0, x26        x11=00000002 x26:00000002
14918303ns          242885 1c00897c 000b00e7 jalr             x1, x22, 0           x1=1c00897e x22:1c008888
14918343ns          242887 1c008888 000026b7 lui              x13, 0x2000         x13=00002000
14918363ns          242888 1c00888a f14027f3 csrrs            x15, x0, 0xf14      x15=00000001
14918382ns          242889 1c00888e f8068693 addi             x13, x13, -128      x13=00001f80 x13:00002000
14918402ns          242890 1c008892 00379713 slli             x14, x15, 0x3       x14=00000008 x15:00000001
14918422ns          242891 1c008896 00279793 slli             x15, x15, 0x2       x15=00000004 x15:00000001
14918442ns          242892 1c008898 00d7f7b3 and              x15, x15, x13       x15=00000000 x15:00000004 x13:00001f80
14918462ns          242893 1c00889a ee873733 p.bclr           x14, x14, 23, 8     x14=00000008 x14:00000008
14918482ns          242894 1c00889e 1a10f6b7 lui              x13, 0x1a10f000     x13=1a10f000
14918502ns          242895 1c0088a2 0ff57513 andi             x10, x10, 255       x10=00000069 x10:00000069
14918522ns          242896 1c0088a6 00d70733 add              x14, x14, x13       x14=1a10f008 x14:00000008 x13:1a10f000
14918542ns          242897 1c0088a8 00a7e723 p.sw             x10, x0(x15)        x10:00000069 x15:00000000  PA:1a10f008
14918860ns          242913 1c0088ac 00000513 addi             x10, x0, 0          x10=00000000
14918880ns          242914 1c0088ae 00008067 jalr             x0, x1, 0            x1:1c00897e
14918939ns          242917 1c00897e 31f52563 p.beqimm         x10, 778            x10:00000000
14918959ns          242918 1c008982 001d8d93 addi             x27, x27, 1         x27=00000006 x27:00000005
14918979ns          242919 1c008984 00044503 lbu              x10, 0(x8)          x10=0000006e  x8:1c000022  PA:1c000022
14919278ns          242934 1c008988 00140413 addi             x8, x8, 1            x8=1c000023  x8:1c000022
14919297ns          242935 1c00898a fe0514e3 bne              x10, x0, -24        x10:0000006e
14919377ns          242939 1c008972 02500793 addi             x15, x0, 37         x15=00000025
14919397ns          242940 1c008976 04f50863 beq              x10, x15, 80        x10:0000006e x15:00000025
14919417ns          242941 1c00897a 01a005b3 add              x11, x0, x26        x11=00000002 x26:00000002
14919437ns          242942 1c00897c 000b00e7 jalr             x1, x22, 0           x1=1c00897e x22:1c008888
14919476ns          242944 1c008888 000026b7 lui              x13, 0x2000         x13=00002000
14919496ns          242945 1c00888a f14027f3 csrrs            x15, x0, 0xf14      x15=00000001
14919516ns          242946 1c00888e f8068693 addi             x13, x13, -128      x13=00001f80 x13:00002000
14919536ns          242947 1c008892 00379713 slli             x14, x15, 0x3       x14=00000008 x15:00000001
14919556ns          242948 1c008896 00279793 slli             x15, x15, 0x2       x15=00000004 x15:00000001
14919576ns          242949 1c008898 00d7f7b3 and              x15, x15, x13       x15=00000000 x15:00000004 x13:00001f80
14919596ns          242950 1c00889a ee873733 p.bclr           x14, x14, 23, 8     x14=00000008 x14:00000008
14919616ns          242951 1c00889e 1a10f6b7 lui              x13, 0x1a10f000     x13=1a10f000
14919636ns          242952 1c0088a2 0ff57513 andi             x10, x10, 255       x10=0000006e x10:0000006e
14919656ns          242953 1c0088a6 00d70733 add              x14, x14, x13       x14=1a10f008 x14:00000008 x13:1a10f000
14919675ns          242954 1c0088a8 00a7e723 p.sw             x10, x0(x15)        x10:0000006e x15:00000000  PA:1a10f008
14920014ns          242971 1c0088ac 00000513 addi             x10, x0, 0          x10=00000000
14920033ns          242972 1c0088ae 00008067 jalr             x0, x1, 0            x1:1c00897e
14920093ns          242975 1c00897e 31f52563 p.beqimm         x10, 778            x10:00000000
14920113ns          242976 1c008982 001d8d93 addi             x27, x27, 1         x27=00000007 x27:00000006
14920133ns          242977 1c008984 00044503 lbu              x10, 0(x8)          x10=00000067  x8:1c000023  PA:1c000023
14920431ns          242992 1c008988 00140413 addi             x8, x8, 1            x8=1c000024  x8:1c000023
14920451ns          242993 1c00898a fe0514e3 bne              x10, x0, -24        x10:00000067
14920531ns          242997 1c008972 02500793 addi             x15, x0, 37         x15=00000025
14920551ns          242998 1c008976 04f50863 beq              x10, x15, 80        x10:00000067 x15:00000025
14920570ns          242999 1c00897a 01a005b3 add              x11, x0, x26        x11=00000002 x26:00000002
14920590ns          243000 1c00897c 000b00e7 jalr             x1, x22, 0           x1=1c00897e x22:1c008888
14920630ns          243002 1c008888 000026b7 lui              x13, 0x2000         x13=00002000
14920650ns          243003 1c00888a f14027f3 csrrs            x15, x0, 0xf14      x15=00000001
14920670ns          243004 1c00888e f8068693 addi             x13, x13, -128      x13=00001f80 x13:00002000
14920690ns          243005 1c008892 00379713 slli             x14, x15, 0x3       x14=00000008 x15:00000001
14920710ns          243006 1c008896 00279793 slli             x15, x15, 0x2       x15=00000004 x15:00000001
14920730ns          243007 1c008898 00d7f7b3 and              x15, x15, x13       x15=00000000 x15:00000004 x13:00001f80
14920749ns          243008 1c00889a ee873733 p.bclr           x14, x14, 23, 8     x14=00000008 x14:00000008
14920769ns          243009 1c00889e 1a10f6b7 lui              x13, 0x1a10f000     x13=1a10f000
14920789ns          243010 1c0088a2 0ff57513 andi             x10, x10, 255       x10=00000067 x10:00000067
14920809ns          243011 1c0088a6 00d70733 add              x14, x14, x13       x14=1a10f008 x14:00000008 x13:1a10f000
14920829ns          243012 1c0088a8 00a7e723 p.sw             x10, x0(x15)        x10:00000067 x15:00000000  PA:1a10f008
14921147ns          243028 1c0088ac 00000513 addi             x10, x0, 0          x10=00000000
14921167ns          243029 1c0088ae 00008067 jalr             x0, x1, 0            x1:1c00897e
14921227ns          243032 1c00897e 31f52563 p.beqimm         x10, 778            x10:00000000
14921247ns          243033 1c008982 001d8d93 addi             x27, x27, 1         x27=00000008 x27:00000007
14921267ns          243034 1c008984 00044503 lbu              x10, 0(x8)          x10=00000020  x8:1c000024  PA:1c000024
14921565ns          243049 1c008988 00140413 addi             x8, x8, 1            x8=1c000025  x8:1c000024
14921585ns          243050 1c00898a fe0514e3 bne              x10, x0, -24        x10:00000020
14921664ns          243054 1c008972 02500793 addi             x15, x0, 37         x15=00000025
14921684ns          243055 1c008976 04f50863 beq              x10, x15, 80        x10:00000020 x15:00000025
14921704ns          243056 1c00897a 01a005b3 add              x11, x0, x26        x11=00000002 x26:00000002
14921724ns          243057 1c00897c 000b00e7 jalr             x1, x22, 0           x1=1c00897e x22:1c008888
14921764ns          243059 1c008888 000026b7 lui              x13, 0x2000         x13=00002000
14921784ns          243060 1c00888a f14027f3 csrrs            x15, x0, 0xf14      x15=00000001
14921804ns          243061 1c00888e f8068693 addi             x13, x13, -128      x13=00001f80 x13:00002000
14921824ns          243062 1c008892 00379713 slli             x14, x15, 0x3       x14=00000008 x15:00000001
14921843ns          243063 1c008896 00279793 slli             x15, x15, 0x2       x15=00000004 x15:00000001
14921863ns          243064 1c008898 00d7f7b3 and              x15, x15, x13       x15=00000000 x15:00000004 x13:00001f80
14921883ns          243065 1c00889a ee873733 p.bclr           x14, x14, 23, 8     x14=00000008 x14:00000008
14921903ns          243066 1c00889e 1a10f6b7 lui              x13, 0x1a10f000     x13=1a10f000
14921923ns          243067 1c0088a2 0ff57513 andi             x10, x10, 255       x10=00000020 x10:00000020
14921943ns          243068 1c0088a6 00d70733 add              x14, x14, x13       x14=1a10f008 x14:00000008 x13:1a10f000
14921963ns          243069 1c0088a8 00a7e723 p.sw             x10, x0(x15)        x10:00000020 x15:00000000  PA:1a10f008
14922281ns          243085 1c0088ac 00000513 addi             x10, x0, 0          x10=00000000
14922301ns          243086 1c0088ae 00008067 jalr             x0, x1, 0            x1:1c00897e
14922361ns          243089 1c00897e 31f52563 p.beqimm         x10, 778            x10:00000000
14922381ns          243090 1c008982 001d8d93 addi             x27, x27, 1         x27=00000009 x27:00000008
14922400ns          243091 1c008984 00044503 lbu              x10, 0(x8)          x10=00000025  x8:1c000025  PA:1c000025
14922719ns          243107 1c008988 00140413 addi             x8, x8, 1            x8=1c000026  x8:1c000025
14922739ns          243108 1c00898a fe0514e3 bne              x10, x0, -24        x10:00000025
14922818ns          243112 1c008972 02500793 addi             x15, x0, 37         x15=00000025
14922838ns          243113 1c008976 04f50863 beq              x10, x15, 80        x10:00000025 x15:00000025
14923335ns          243138 1c0089c6 00044483 lbu              x9, 0(x8)            x9=00000064  x8:1c000026  PA:1c000026
14923753ns          243159 1c0089ca 02000693 addi             x13, x0, 32         x13=00000020
14923793ns          243161 1c0089ce 00140a93 addi             x21, x8, 1          x21=1c000027  x8:1c000026
14923813ns          243162 1c0089d2 009005b3 add              x11, x0, x9         x11=00000064  x9:00000064
14923833ns          243163 1c0089d4 0f4b8513 addi             x10, x23, 244       x10=1c0000f4 x23:1c000000
14923852ns          243164 1c0089d8 00d12823 sw               x13, 16(x2)         x13:00000020  x2:10000e58  PA:10000e68
14923872ns          243165 1c0089da 00012c23 sw               x0, 24(x2)           x2:10000e58  PA:10000e70
14923892ns          243166 1c0089dc 00012a23 sw               x0, 20(x2)           x2:10000e58  PA:10000e6c
14923912ns          243167 1c0089de 00012e23 sw               x0, 28(x2)           x2:10000e58  PA:10000e74
14924310ns          243187 1c0089e0 00012623 sw               x0, 12(x2)           x2:10000e58  PA:10000e64
14924350ns          243189 1c0089e2 02300913 addi             x18, x0, 35         x18=00000023
14924370ns          243190 1c0089e6 02d00a13 addi             x20, x0, 45         x20=0000002d
14924390ns          243191 1c0089ea 015009b3 add              x19, x0, x21        x19=1c000027 x21:1c000027
14924409ns          243192 1c0089ec e1dff0ef jal              x1, -484             x1=1c0089ee
14925285ns          243236 1c008808 00054783 lbu              x15, 0(x10)         x15=0000002d x10:1c0000f4  PA:1c0000f4
14925603ns          243252 1c00880c 0ff5f593 andi             x11, x11, 255       x11=00000064 x11:00000064
14925782ns          243261 1c008810 00b78c63 beq              x15, x11, 24        x15:0000002d x11:00000064
14925822ns          243263 1c008814 00078b63 beq              x15, x0, 22         x15:0000002d
14925842ns          243264 1c008816 00150793 addi             x15, x10, 1         x15=1c0000f5 x10:1c0000f4
14925861ns          243265 1c00881a 0040006f jal              x0, 4              
14926339ns          243289 1c00881e 00f00533 add              x10, x0, x15        x10=1c0000f5 x15:1c0000f5
14926359ns          243290 1c008820 0017c70b p.lbu            x14, 1(x15!)        x14=0000002b x15=1c0000f6 x15:1c0000f5  PA:1c0000f5
14926697ns          243307 1c008824 feb71ce3 bne              x14, x11, -8        x14:0000002b x11:00000064
14926916ns          243318 1c00881c 00070763 beq              x14, x0, 14         x14:0000002b
14926936ns          243319 1c00881e 00f00533 add              x10, x0, x15        x10=1c0000f6 x15:1c0000f6
14926955ns          243320 1c008820 0017c70b p.lbu            x14, 1(x15!)        x14=00000020 x15=1c0000f7 x15:1c0000f6  PA:1c0000f6
14927274ns          243336 1c008824 feb71ce3 bne              x14, x11, -8        x14:00000020 x11:00000064
14927333ns          243339 1c00881c 00070763 beq              x14, x0, 14         x14:00000020
14927353ns          243340 1c00881e 00f00533 add              x10, x0, x15        x10=1c0000f7 x15:1c0000f7
14927373ns          243341 1c008820 0017c70b p.lbu            x14, 1(x15!)        x14=00000023 x15=1c0000f8 x15:1c0000f7  PA:1c0000f7
14927691ns          243357 1c008824 feb71ce3 bne              x14, x11, -8        x14:00000023 x11:00000064
14927751ns          243360 1c00881c 00070763 beq              x14, x0, 14         x14:00000023
14927771ns          243361 1c00881e 00f00533 add              x10, x0, x15        x10=1c0000f8 x15:1c0000f8
14927791ns          243362 1c008820 0017c70b p.lbu            x14, 1(x15!)        x14=00000030 x15=1c0000f9 x15:1c0000f8  PA:1c0000f8
14928109ns          243378 1c008824 feb71ce3 bne              x14, x11, -8        x14:00000030 x11:00000064
14928169ns          243381 1c00881c 00070763 beq              x14, x0, 14         x14:00000030
14928189ns          243382 1c00881e 00f00533 add              x10, x0, x15        x10=1c0000f9 x15:1c0000f9
14928209ns          243383 1c008820 0017c70b p.lbu            x14, 1(x15!)        x14=00000000 x15=1c0000fa x15:1c0000f9  PA:1c0000f9
14928527ns          243399 1c008824 feb71ce3 bne              x14, x11, -8        x14:00000000 x11:00000064
14928586ns          243402 1c00881c 00070763 beq              x14, x0, 14         x14:00000000
14928666ns          243406 1c00882a 0015b593 sltiu            x11, x11, 1         x11=00000000 x11:00000064
14928686ns          243407 1c00882e 40b005b3 sub              x11, x0, x11        x11=00000000 x11:00000000
14928706ns          243408 1c008832 00b57533 and              x10, x10, x11       x10=00000000 x10:1c0000f9 x11:00000000
14928726ns          243409 1c008834 00008067 jalr             x0, x1, 0            x1:1c0089ee
14928765ns          243411 1c0089ee 02050a63 beq              x10, x0, 52         x10:00000000
14929283ns          243437 1c008a22 02a00613 addi             x12, x0, 42         x12=0000002a
14929303ns          243438 1c008a26 2ac48663 beq              x9, x12, 684         x9:00000064 x12:0000002a
14929322ns          243439 1c008a2a fd048613 addi             x12, x9, -48        x12=00000034  x9:00000064
14929342ns          243440 1c008a2e 00900593 addi             x11, x0, 9          x11=00000009
14929760ns          243461 1c008a30 00000913 addi             x18, x0, 0          x18=00000000
14929800ns          243463 1c008a32 28c5f063 bgeu             x11, x12, 640       x11:00000009 x12:00000034
14929820ns          243464 1c008a36 02e00693 addi             x13, x0, 46         x13=0000002e
14929840ns          243465 1c008a3a fff00a13 addi             x20, x0, -1         x20=ffffffff
14929859ns          243466 1c008a3c 2ed48363 beq              x9, x13, 742         x9:00000064 x13:0000002e
14930277ns          243487 1c008a40 1c0007b7 lui              x15, 0x1c000000     x15=1c000000
14930317ns          243489 1c008a44 009005b3 add              x11, x0, x9         x11=00000064  x9:00000064
14930337ns          243490 1c008a46 0fc78513 addi             x10, x15, 252       x10=1c0000fc x15:1c000000
14930357ns          243491 1c008a4a dbfff0ef jal              x1, -578             x1=1c008a4c
14930854ns          243516 1c008808 00054783 lbu              x15, 0(x10)         x15=00000068 x10:1c0000fc  PA:1c0000fc
14931152ns          243531 1c00880c 0ff5f593 andi             x11, x11, 255       x11=00000064 x11:00000064
14931172ns          243532 1c008810 00b78c63 beq              x15, x11, 24        x15:00000068 x11:00000064
14931192ns          243533 1c008814 00078b63 beq              x15, x0, 22         x15:00000068
14931212ns          243534 1c008816 00150793 addi             x15, x10, 1         x15=1c0000fd x10:1c0000fc
14931232ns          243535 1c00881a 0040006f jal              x0, 4              
14931272ns          243537 1c00881e 00f00533 add              x10, x0, x15        x10=1c0000fd x15:1c0000fd
14931292ns          243538 1c008820 0017c70b p.lbu            x14, 1(x15!)        x14=0000006c x15=1c0000fe x15:1c0000fd  PA:1c0000fd
14931610ns          243554 1c008824 feb71ce3 bne              x14, x11, -8        x14:0000006c x11:00000064
14931670ns          243557 1c00881c 00070763 beq              x14, x0, 14         x14:0000006c
14931689ns          243558 1c00881e 00f00533 add              x10, x0, x15        x10=1c0000fe x15:1c0000fe
14931709ns          243559 1c008820 0017c70b p.lbu            x14, 1(x15!)        x14=0000004c x15=1c0000ff x15:1c0000fe  PA:1c0000fe
14932067ns          243577 1c008824 feb71ce3 bne              x14, x11, -8        x14:0000004c x11:00000064
14932127ns          243580 1c00881c 00070763 beq              x14, x0, 14         x14:0000004c
14932147ns          243581 1c00881e 00f00533 add              x10, x0, x15        x10=1c0000ff x15:1c0000ff
14932167ns          243582 1c008820 0017c70b p.lbu            x14, 1(x15!)        x14=0000007a x15=1c000100 x15:1c0000ff  PA:1c0000ff
14932485ns          243598 1c008824 feb71ce3 bne              x14, x11, -8        x14:0000007a x11:00000064
14932545ns          243601 1c00881c 00070763 beq              x14, x0, 14         x14:0000007a
14932565ns          243602 1c00881e 00f00533 add              x10, x0, x15        x10=1c000100 x15:1c000100
14932584ns          243603 1c008820 0017c70b p.lbu            x14, 1(x15!)        x14=00000000 x15=1c000101 x15:1c000100  PA:1c000100
14932903ns          243619 1c008824 feb71ce3 bne              x14, x11, -8        x14:00000000 x11:00000064
14932962ns          243622 1c00881c 00070763 beq              x14, x0, 14         x14:00000000
14933042ns          243626 1c00882a 0015b593 sltiu            x11, x11, 1         x11=00000000 x11:00000064
14933062ns          243627 1c00882e 40b005b3 sub              x11, x0, x11        x11=00000000 x11:00000000
14933082ns          243628 1c008832 00b57533 and              x10, x10, x11       x10=00000000 x10:1c000100 x11:00000000
14933102ns          243629 1c008834 00008067 jalr             x0, x1, 0            x1:1c008a4c
14933141ns          243631 1c008a4c 01300433 add              x8, x0, x19          x8=1c000027 x19:1c000027
14933161ns          243632 1c008a4e 00050563 beq              x10, x0, 10         x10:00000000
14933221ns          243635 1c008a58 06700693 addi             x13, x0, 103        x13=00000067
14933241ns          243636 1c008a5c 2896d963 bge              x13, x9, 658        x13:00000067  x9:00000064
14934653ns          243707 1c008cee 06500693 addi             x13, x0, 101        x13=00000065
14934693ns          243709 1c008cf2 12d4d563 bge              x9, x13, 298         x9:00000064 x13:00000065
14934713ns          243710 1c008cf6 04700693 addi             x13, x0, 71         x13=00000047
14934733ns          243711 1c008cfa dc96cbe3 blt              x13, x9, -554       x13:00000047  x9:00000064
14935628ns          243756 1c008ad0 06300693 addi             x13, x0, 99         x13=00000063
14935668ns          243758 1c008ad4 0ad488e3 beq              x9, x13, 2224        x9:00000064 x13:00000063
14935687ns          243759 1c008ad8 0096c9e3 blt              x13, x9, 2066       x13:00000063  x9:00000064
14936702ns          243810 1c0092ea 000c2583 lw               x11, 0(x24)         x11=00000001 x24:10000fac  PA:10000fac
14936722ns          243811 1c0092ee 004c0c13 addi             x24, x24, 4         x24=10000fb0 x24:10000fac
14937139ns          243832 1c0092f0 3405cc63 blt              x11, x0, 856        x11:00000001
14937179ns          243834 1c0092f4 01412603 lw               x12, 20(x2)         x12=00000000  x2:10000e58  PA:10000e6c
14937199ns          243835 1c0092f6 00b006b3 add              x13, x0, x11        x13=00000001 x11:00000001
14937219ns          243836 1c0092f8 2e061863 bne              x12, x0, 752        x12:00000000
14937239ns          243837 1c0092fc 01812703 lw               x14, 24(x2)         x14=00000000  x2:10000e58  PA:10000e70
14937259ns          243838 1c0092fe 019007b3 add              x15, x0, x25        x15=10000e7c x25:10000e7c
14937657ns          243858 1c009300 00070763 beq              x14, x0, 14         x14:00000000
14937716ns          243861 1c00930e 00f00733 add              x14, x0, x15        x14=10000e7c x15:10000e7c
14938154ns          243883 1c009310 00a00513 addi             x10, x0, 10         x10=0000000a
14938194ns          243885 1c009312 02a6f633 remu             x12, x13, x10       x12=00000001 x13:00000001 x10:0000000a
14938810ns          243916 1c009316 02a6d6b3 divu             x13, x13, x10       x13=00000000 x13:00000001 x10:0000000a
14939427ns          243947 1c00931a 03060613 addi             x12, x12, 48        x12=00000031 x12:00000001
14939447ns          243948 1c00931e 00c700ab p.sb             x12, 1(x14!)        x14=10000e7d x12:00000031 x14:10000e7c  PA:10000e7c
14939467ns          243949 1c009322 fe0698e3 bne              x13, x0, -16        x13:00000000
14939487ns          243950 1c009324 40f706b3 sub              x13, x14, x15       x13=00000001 x14:10000e7d x15:10000e7c
14939506ns          243951 1c009328 0146dc63 bge              x13, x20, 24        x13:00000001 x20:ffffffff
14940402ns          243996 1c009340 00e006b3 add              x13, x0, x14        x13=10000e7d x14:10000e7d
14940441ns          243998 1c009342 fe068fab p.sb             x0, -1(x13!)        x13=10000e7c x13:10000e7d  PA:10000e7d
14940461ns          243999 1c009346 00d7fc63 bgeu             x15, x13, 24        x15:10000e7c x13:10000e7c
14940958ns          244024 1c00935e 01412783 lw               x15, 20(x2)         x15=00000000  x2:10000e58  PA:10000e6c
14941416ns          244047 1c009360 01812603 lw               x12, 24(x2)         x12=00000000  x2:10000e58  PA:10000e70
14941456ns          244049 1c009362 419704b3 sub              x9, x14, x25         x9=00000001 x14:10000e7d x25:10000e7c
14941476ns          244050 1c009366 00c7e7b3 or               x15, x15, x12       x15=00000000 x15:00000000 x12:00000000
14941496ns          244051 1c009368 00f12623 sw               x15, 12(x2)         x15:00000000  x2:10000e58  PA:10000e64
14941515ns          244052 1c00936a 00079363 bne              x15, x0, 6          x15:00000000
14941535ns          244053 1c00936c 01f5d593 srli             x11, x11, 0x1f      x11=00000000 x11:00000001
14941555ns          244054 1c00936e 00b12623 sw               x11, 12(x2)         x11:00000000  x2:10000e58  PA:10000e64
14941933ns          244073 1c009370 e3fa28e3 p.beqimm         x20, -464           x20:ffffffff
14942411ns          244097 1c0091a0 0c800793 addi             x15, x0, 200        x15=000000c8
14942450ns          244099 1c0091a4 9e97d0e3 bge              x15, x9, -1568      x15:000000c8  x9:00000001
14942928ns          244123 1c008b84 0f24d163 bge              x9, x18, 226         x9:00000001 x18:00000000
14943445ns          244149 1c008c66 d00482e3 beq              x9, x0, -764         x9:00000001
14943465ns          244150 1c008c6a 01900933 add              x18, x0, x25        x18=10000e7c x25:10000e7c
14943485ns          244151 1c008c6c 419d8db3 sub              x27, x27, x25       x27=effff18d x27:00000009 x25:10000e7c
14943902ns          244172 1c008c70 00a0006f jal              x0, 10             
14943962ns          244175 1c008c7a 0019450b p.lbu            x10, 1(x18!)        x10=00000031 x18=10000e7d x18:10000e7c  PA:10000e7c
14943982ns          244176 1c008c7e 01a005b3 add              x11, x0, x26        x11=00000002 x26:00000002
14944400ns          244197 1c008c80 000b00e7 jalr             x1, x22, 0           x1=1c008c82 x22:1c008888
14944499ns          244202 1c008888 000026b7 lui              x13, 0x2000         x13=00002000
14944539ns          244204 1c00888a f14027f3 csrrs            x15, x0, 0xf14      x15=00000001
14944559ns          244205 1c00888e f8068693 addi             x13, x13, -128      x13=00001f80 x13:00002000
14944579ns          244206 1c008892 00379713 slli             x14, x15, 0x3       x14=00000008 x15:00000001
14944599ns          244207 1c008896 00279793 slli             x15, x15, 0x2       x15=00000004 x15:00000001
14944618ns          244208 1c008898 00d7f7b3 and              x15, x15, x13       x15=00000000 x15:00000004 x13:00001f80
14944638ns          244209 1c00889a ee873733 p.bclr           x14, x14, 23, 8     x14=00000008 x14:00000008
14944678ns          244211 1c00889e 1a10f6b7 lui              x13, 0x1a10f000     x13=1a10f000
14944718ns          244213 1c0088a2 0ff57513 andi             x10, x10, 255       x10=00000031 x10:00000031
14944738ns          244214 1c0088a6 00d70733 add              x14, x14, x13       x14=1a10f008 x14:00000008 x13:1a10f000
14944758ns          244215 1c0088a8 00a7e723 p.sw             x10, x0(x15)        x10:00000031 x15:00000000  PA:1a10f008
14945136ns          244234 1c0088ac 00000513 addi             x10, x0, 0          x10=00000000
14945155ns          244235 1c0088ae 00008067 jalr             x0, x1, 0            x1:1c008c82
14945235ns          244239 1c008c82 fff48493 addi             x9, x9, -1           x9=00000000  x9:00000001
14945275ns          244241 1c008c84 fff537e3 p.bneimm         x10, -18            x10:00000000
14945354ns          244245 1c008c72 012d8733 add              x14, x27, x18       x14=0000000a x27:effff18d x18:10000e7d
14945374ns          244246 1c008c76 5a048b63 beq              x9, x0, 1462         x9:00000000
14945812ns          244268 1c00922c 00e00db3 add              x27, x0, x14        x27=0000000a x14:0000000a
14946269ns          244291 1c00922e f3cff06f jal              x0, -2244          
14946389ns          244297 1c00896a 00044503 lbu              x10, 0(x8)          x10=00000020  x8:1c000027  PA:1c000027
14946687ns          244312 1c00896e 00140413 addi             x8, x8, 1            x8=1c000028  x8:1c000027
14946707ns          244313 1c008970 00050e63 beq              x10, x0, 28         x10:00000020
14946727ns          244314 1c008972 02500793 addi             x15, x0, 37         x15=00000025
14946747ns          244315 1c008976 04f50863 beq              x10, x15, 80        x10:00000020 x15:00000025
14946767ns          244316 1c00897a 01a005b3 add              x11, x0, x26        x11=00000002 x26:00000002
14946786ns          244317 1c00897c 000b00e7 jalr             x1, x22, 0           x1=1c00897e x22:1c008888
14946866ns          244321 1c008888 000026b7 lui              x13, 0x2000         x13=00002000
14946886ns          244322 1c00888a f14027f3 csrrs            x15, x0, 0xf14      x15=00000001
14946906ns          244323 1c00888e f8068693 addi             x13, x13, -128      x13=00001f80 x13:00002000
14946926ns          244324 1c008892 00379713 slli             x14, x15, 0x3       x14=00000008 x15:00000001
14946946ns          244325 1c008896 00279793 slli             x15, x15, 0x2       x15=00000004 x15:00000001
14946966ns          244326 1c008898 00d7f7b3 and              x15, x15, x13       x15=00000000 x15:00000004 x13:00001f80
14946985ns          244327 1c00889a ee873733 p.bclr           x14, x14, 23, 8     x14=00000008 x14:00000008
14947005ns          244328 1c00889e 1a10f6b7 lui              x13, 0x1a10f000     x13=1a10f000
14947025ns          244329 1c0088a2 0ff57513 andi             x10, x10, 255       x10=00000020 x10:00000020
14947045ns          244330 1c0088a6 00d70733 add              x14, x14, x13       x14=1a10f008 x14:00000008 x13:1a10f000
14947065ns          244331 1c0088a8 00a7e723 p.sw             x10, x0(x15)        x10:00000020 x15:00000000  PA:1a10f008
14947443ns          244350 1c0088ac 00000513 addi             x10, x0, 0          x10=00000000
14947463ns          244351 1c0088ae 00008067 jalr             x0, x1, 0            x1:1c00897e
14947522ns          244354 1c00897e 31f52563 p.beqimm         x10, 778            x10:00000000
14947542ns          244355 1c008982 001d8d93 addi             x27, x27, 1         x27=0000000b x27:0000000a
14947562ns          244356 1c008984 00044503 lbu              x10, 0(x8)          x10=0000006b  x8:1c000028  PA:1c000028
14947861ns          244371 1c008988 00140413 addi             x8, x8, 1            x8=1c000029  x8:1c000028
14947880ns          244372 1c00898a fe0514e3 bne              x10, x0, -24        x10:0000006b
14947960ns          244376 1c008972 02500793 addi             x15, x0, 37         x15=00000025
14947980ns          244377 1c008976 04f50863 beq              x10, x15, 80        x10:0000006b x15:00000025
14948000ns          244378 1c00897a 01a005b3 add              x11, x0, x26        x11=00000002 x26:00000002
14948020ns          244379 1c00897c 000b00e7 jalr             x1, x22, 0           x1=1c00897e x22:1c008888
14948059ns          244381 1c008888 000026b7 lui              x13, 0x2000         x13=00002000
14948079ns          244382 1c00888a f14027f3 csrrs            x15, x0, 0xf14      x15=00000001
14948099ns          244383 1c00888e f8068693 addi             x13, x13, -128      x13=00001f80 x13:00002000
14948119ns          244384 1c008892 00379713 slli             x14, x15, 0x3       x14=00000008 x15:00000001
14948139ns          244385 1c008896 00279793 slli             x15, x15, 0x2       x15=00000004 x15:00000001
14948159ns          244386 1c008898 00d7f7b3 and              x15, x15, x13       x15=00000000 x15:00000004 x13:00001f80
14948179ns          244387 1c00889a ee873733 p.bclr           x14, x14, 23, 8     x14=00000008 x14:00000008
14948199ns          244388 1c00889e 1a10f6b7 lui              x13, 0x1a10f000     x13=1a10f000
14948219ns          244389 1c0088a2 0ff57513 andi             x10, x10, 255       x10=0000006b x10:0000006b
14948239ns          244390 1c0088a6 00d70733 add              x14, x14, x13       x14=1a10f008 x14:00000008 x13:1a10f000
14948258ns          244391 1c0088a8 00a7e723 p.sw             x10, x0(x15)        x10:0000006b x15:00000000  PA:1a10f008
14948577ns          244407 1c0088ac 00000513 addi             x10, x0, 0          x10=00000000
14948597ns          244408 1c0088ae 00008067 jalr             x0, x1, 0            x1:1c00897e
14948656ns          244411 1c00897e 31f52563 p.beqimm         x10, 778            x10:00000000
14948676ns          244412 1c008982 001d8d93 addi             x27, x27, 1         x27=0000000c x27:0000000b
14948696ns          244413 1c008984 00044503 lbu              x10, 0(x8)          x10=00000065  x8:1c000029  PA:1c000029
14948994ns          244428 1c008988 00140413 addi             x8, x8, 1            x8=1c00002a  x8:1c000029
14949014ns          244429 1c00898a fe0514e3 bne              x10, x0, -24        x10:00000065
14949094ns          244433 1c008972 02500793 addi             x15, x0, 37         x15=00000025
14949114ns          244434 1c008976 04f50863 beq              x10, x15, 80        x10:00000065 x15:00000025
14949134ns          244435 1c00897a 01a005b3 add              x11, x0, x26        x11=00000002 x26:00000002
14949153ns          244436 1c00897c 000b00e7 jalr             x1, x22, 0           x1=1c00897e x22:1c008888
14949193ns          244438 1c008888 000026b7 lui              x13, 0x2000         x13=00002000
14949213ns          244439 1c00888a f14027f3 csrrs            x15, x0, 0xf14      x15=00000001
14949233ns          244440 1c00888e f8068693 addi             x13, x13, -128      x13=00001f80 x13:00002000
14949253ns          244441 1c008892 00379713 slli             x14, x15, 0x3       x14=00000008 x15:00000001
14949273ns          244442 1c008896 00279793 slli             x15, x15, 0x2       x15=00000004 x15:00000001
14949293ns          244443 1c008898 00d7f7b3 and              x15, x15, x13       x15=00000000 x15:00000004 x13:00001f80
14949313ns          244444 1c00889a ee873733 p.bclr           x14, x14, 23, 8     x14=00000008 x14:00000008
14949333ns          244445 1c00889e 1a10f6b7 lui              x13, 0x1a10f000     x13=1a10f000
14949352ns          244446 1c0088a2 0ff57513 andi             x10, x10, 255       x10=00000065 x10:00000065
14949372ns          244447 1c0088a6 00d70733 add              x14, x14, x13       x14=1a10f008 x14:00000008 x13:1a10f000
14949392ns          244448 1c0088a8 00a7e723 p.sw             x10, x0(x15)        x10:00000065 x15:00000000  PA:1a10f008
14949710ns          244464 1c0088ac 00000513 addi             x10, x0, 0          x10=00000000
14949730ns          244465 1c0088ae 00008067 jalr             x0, x1, 0            x1:1c00897e
14949790ns          244468 1c00897e 31f52563 p.beqimm         x10, 778            x10:00000000
14949810ns          244469 1c008982 001d8d93 addi             x27, x27, 1         x27=0000000d x27:0000000c
14949830ns          244470 1c008984 00044503 lbu              x10, 0(x8)          x10=00000072  x8:1c00002a  PA:1c00002a
14950128ns          244485 1c008988 00140413 addi             x8, x8, 1            x8=1c00002b  x8:1c00002a
14950148ns          244486 1c00898a fe0514e3 bne              x10, x0, -24        x10:00000072
14950228ns          244490 1c008972 02500793 addi             x15, x0, 37         x15=00000025
14950247ns          244491 1c008976 04f50863 beq              x10, x15, 80        x10:00000072 x15:00000025
14950267ns          244492 1c00897a 01a005b3 add              x11, x0, x26        x11=00000002 x26:00000002
14950287ns          244493 1c00897c 000b00e7 jalr             x1, x22, 0           x1=1c00897e x22:1c008888
14950327ns          244495 1c008888 000026b7 lui              x13, 0x2000         x13=00002000
14950347ns          244496 1c00888a f14027f3 csrrs            x15, x0, 0xf14      x15=00000001
14950367ns          244497 1c00888e f8068693 addi             x13, x13, -128      x13=00001f80 x13:00002000
14950387ns          244498 1c008892 00379713 slli             x14, x15, 0x3       x14=00000008 x15:00000001
14950407ns          244499 1c008896 00279793 slli             x15, x15, 0x2       x15=00000004 x15:00000001
14950426ns          244500 1c008898 00d7f7b3 and              x15, x15, x13       x15=00000000 x15:00000004 x13:00001f80
14950446ns          244501 1c00889a ee873733 p.bclr           x14, x14, 23, 8     x14=00000008 x14:00000008
14950466ns          244502 1c00889e 1a10f6b7 lui              x13, 0x1a10f000     x13=1a10f000
14950486ns          244503 1c0088a2 0ff57513 andi             x10, x10, 255       x10=00000072 x10:00000072
14950506ns          244504 1c0088a6 00d70733 add              x14, x14, x13       x14=1a10f008 x14:00000008 x13:1a10f000
14950526ns          244505 1c0088a8 00a7e723 p.sw             x10, x0(x15)        x10:00000072 x15:00000000  PA:1a10f008
14950864ns          244522 1c0088ac 00000513 addi             x10, x0, 0          x10=00000000
14950884ns          244523 1c0088ae 00008067 jalr             x0, x1, 0            x1:1c00897e
14950944ns          244526 1c00897e 31f52563 p.beqimm         x10, 778            x10:00000000
14950964ns          244527 1c008982 001d8d93 addi             x27, x27, 1         x27=0000000e x27:0000000d
14950983ns          244528 1c008984 00044503 lbu              x10, 0(x8)          x10=0000006e  x8:1c00002b  PA:1c00002b
14951282ns          244543 1c008988 00140413 addi             x8, x8, 1            x8=1c00002c  x8:1c00002b
14951302ns          244544 1c00898a fe0514e3 bne              x10, x0, -24        x10:0000006e
14951381ns          244548 1c008972 02500793 addi             x15, x0, 37         x15=00000025
14951401ns          244549 1c008976 04f50863 beq              x10, x15, 80        x10:0000006e x15:00000025
14951421ns          244550 1c00897a 01a005b3 add              x11, x0, x26        x11=00000002 x26:00000002
14951441ns          244551 1c00897c 000b00e7 jalr             x1, x22, 0           x1=1c00897e x22:1c008888
14951481ns          244553 1c008888 000026b7 lui              x13, 0x2000         x13=00002000
14951501ns          244554 1c00888a f14027f3 csrrs            x15, x0, 0xf14      x15=00000001
14951520ns          244555 1c00888e f8068693 addi             x13, x13, -128      x13=00001f80 x13:00002000
14951540ns          244556 1c008892 00379713 slli             x14, x15, 0x3       x14=00000008 x15:00000001
14951560ns          244557 1c008896 00279793 slli             x15, x15, 0x2       x15=00000004 x15:00000001
14951580ns          244558 1c008898 00d7f7b3 and              x15, x15, x13       x15=00000000 x15:00000004 x13:00001f80
14951600ns          244559 1c00889a ee873733 p.bclr           x14, x14, 23, 8     x14=00000008 x14:00000008
14951620ns          244560 1c00889e 1a10f6b7 lui              x13, 0x1a10f000     x13=1a10f000
14951640ns          244561 1c0088a2 0ff57513 andi             x10, x10, 255       x10=0000006e x10:0000006e
14951660ns          244562 1c0088a6 00d70733 add              x14, x14, x13       x14=1a10f008 x14:00000008 x13:1a10f000
14951680ns          244563 1c0088a8 00a7e723 p.sw             x10, x0(x15)        x10:0000006e x15:00000000  PA:1a10f008
14952018ns          244580 1c0088ac 00000513 addi             x10, x0, 0          x10=00000000
14952038ns          244581 1c0088ae 00008067 jalr             x0, x1, 0            x1:1c00897e
14952097ns          244584 1c00897e 31f52563 p.beqimm         x10, 778            x10:00000000
14952117ns          244585 1c008982 001d8d93 addi             x27, x27, 1         x27=0000000f x27:0000000e
14952137ns          244586 1c008984 00044503 lbu              x10, 0(x8)          x10=00000065  x8:1c00002c  PA:1c00002c
14952435ns          244601 1c008988 00140413 addi             x8, x8, 1            x8=1c00002d  x8:1c00002c
14952455ns          244602 1c00898a fe0514e3 bne              x10, x0, -24        x10:00000065
14952535ns          244606 1c008972 02500793 addi             x15, x0, 37         x15=00000025
14952555ns          244607 1c008976 04f50863 beq              x10, x15, 80        x10:00000065 x15:00000025
14952575ns          244608 1c00897a 01a005b3 add              x11, x0, x26        x11=00000002 x26:00000002
14952595ns          244609 1c00897c 000b00e7 jalr             x1, x22, 0           x1=1c00897e x22:1c008888
14952634ns          244611 1c008888 000026b7 lui              x13, 0x2000         x13=00002000
14952654ns          244612 1c00888a f14027f3 csrrs            x15, x0, 0xf14      x15=00000001
14952674ns          244613 1c00888e f8068693 addi             x13, x13, -128      x13=00001f80 x13:00002000
14952694ns          244614 1c008892 00379713 slli             x14, x15, 0x3       x14=00000008 x15:00000001
14952714ns          244615 1c008896 00279793 slli             x15, x15, 0x2       x15=00000004 x15:00000001
14952734ns          244616 1c008898 00d7f7b3 and              x15, x15, x13       x15=00000000 x15:00000004 x13:00001f80
14952754ns          244617 1c00889a ee873733 p.bclr           x14, x14, 23, 8     x14=00000008 x14:00000008
14952774ns          244618 1c00889e 1a10f6b7 lui              x13, 0x1a10f000     x13=1a10f000
14952793ns          244619 1c0088a2 0ff57513 andi             x10, x10, 255       x10=00000065 x10:00000065
14952813ns          244620 1c0088a6 00d70733 add              x14, x14, x13       x14=1a10f008 x14:00000008 x13:1a10f000
14952833ns          244621 1c0088a8 00a7e723 p.sw             x10, x0(x15)        x10:00000065 x15:00000000  PA:1a10f008
14953152ns          244637 1c0088ac 00000513 addi             x10, x0, 0          x10=00000000
14953171ns          244638 1c0088ae 00008067 jalr             x0, x1, 0            x1:1c00897e
14953231ns          244641 1c00897e 31f52563 p.beqimm         x10, 778            x10:00000000
14953251ns          244642 1c008982 001d8d93 addi             x27, x27, 1         x27=00000010 x27:0000000f
14953271ns          244643 1c008984 00044503 lbu              x10, 0(x8)          x10=0000006c  x8:1c00002d  PA:1c00002d
14953569ns          244658 1c008988 00140413 addi             x8, x8, 1            x8=1c00002e  x8:1c00002d
14953589ns          244659 1c00898a fe0514e3 bne              x10, x0, -24        x10:0000006c
14953669ns          244663 1c008972 02500793 addi             x15, x0, 37         x15=00000025
14953689ns          244664 1c008976 04f50863 beq              x10, x15, 80        x10:0000006c x15:00000025
14953708ns          244665 1c00897a 01a005b3 add              x11, x0, x26        x11=00000002 x26:00000002
14953728ns          244666 1c00897c 000b00e7 jalr             x1, x22, 0           x1=1c00897e x22:1c008888
14953768ns          244668 1c008888 000026b7 lui              x13, 0x2000         x13=00002000
14953788ns          244669 1c00888a f14027f3 csrrs            x15, x0, 0xf14      x15=00000001
14953808ns          244670 1c00888e f8068693 addi             x13, x13, -128      x13=00001f80 x13:00002000
14953828ns          244671 1c008892 00379713 slli             x14, x15, 0x3       x14=00000008 x15:00000001
14953848ns          244672 1c008896 00279793 slli             x15, x15, 0x2       x15=00000004 x15:00000001
14953868ns          244673 1c008898 00d7f7b3 and              x15, x15, x13       x15=00000000 x15:00000004 x13:00001f80
14953887ns          244674 1c00889a ee873733 p.bclr           x14, x14, 23, 8     x14=00000008 x14:00000008
14953907ns          244675 1c00889e 1a10f6b7 lui              x13, 0x1a10f000     x13=1a10f000
14953927ns          244676 1c0088a2 0ff57513 andi             x10, x10, 255       x10=0000006c x10:0000006c
14953947ns          244677 1c0088a6 00d70733 add              x14, x14, x13       x14=1a10f008 x14:00000008 x13:1a10f000
14953967ns          244678 1c0088a8 00a7e723 p.sw             x10, x0(x15)        x10:0000006c x15:00000000  PA:1a10f008
14954285ns          244694 1c0088ac 00000513 addi             x10, x0, 0          x10=00000000
14954305ns          244695 1c0088ae 00008067 jalr             x0, x1, 0            x1:1c00897e
14954365ns          244698 1c00897e 31f52563 p.beqimm         x10, 778            x10:00000000
14954385ns          244699 1c008982 001d8d93 addi             x27, x27, 1         x27=00000011 x27:00000010
14954405ns          244700 1c008984 00044503 lbu              x10, 0(x8)          x10=00000020  x8:1c00002e  PA:1c00002e
14954703ns          244715 1c008988 00140413 addi             x8, x8, 1            x8=1c00002f  x8:1c00002e
14954723ns          244716 1c00898a fe0514e3 bne              x10, x0, -24        x10:00000020
14954802ns          244720 1c008972 02500793 addi             x15, x0, 37         x15=00000025
14954822ns          244721 1c008976 04f50863 beq              x10, x15, 80        x10:00000020 x15:00000025
14954842ns          244722 1c00897a 01a005b3 add              x11, x0, x26        x11=00000002 x26:00000002
14954862ns          244723 1c00897c 000b00e7 jalr             x1, x22, 0           x1=1c00897e x22:1c008888
14954902ns          244725 1c008888 000026b7 lui              x13, 0x2000         x13=00002000
14954922ns          244726 1c00888a f14027f3 csrrs            x15, x0, 0xf14      x15=00000001
14954942ns          244727 1c00888e f8068693 addi             x13, x13, -128      x13=00001f80 x13:00002000
14954962ns          244728 1c008892 00379713 slli             x14, x15, 0x3       x14=00000008 x15:00000001
14954981ns          244729 1c008896 00279793 slli             x15, x15, 0x2       x15=00000004 x15:00000001
14955001ns          244730 1c008898 00d7f7b3 and              x15, x15, x13       x15=00000000 x15:00000004 x13:00001f80
14955021ns          244731 1c00889a ee873733 p.bclr           x14, x14, 23, 8     x14=00000008 x14:00000008
14955041ns          244732 1c00889e 1a10f6b7 lui              x13, 0x1a10f000     x13=1a10f000
14955061ns          244733 1c0088a2 0ff57513 andi             x10, x10, 255       x10=00000020 x10:00000020
14955081ns          244734 1c0088a6 00d70733 add              x14, x14, x13       x14=1a10f008 x14:00000008 x13:1a10f000
14955101ns          244735 1c0088a8 00a7e723 p.sw             x10, x0(x15)        x10:00000020 x15:00000000  PA:1a10f008
14955459ns          244753 1c0088ac 00000513 addi             x10, x0, 0          x10=00000000
14955479ns          244754 1c0088ae 00008067 jalr             x0, x1, 0            x1:1c00897e
14955538ns          244757 1c00897e 31f52563 p.beqimm         x10, 778            x10:00000000
14955558ns          244758 1c008982 001d8d93 addi             x27, x27, 1         x27=00000012 x27:00000011
14955578ns          244759 1c008984 00044503 lbu              x10, 0(x8)          x10=00000069  x8:1c00002f  PA:1c00002f
14955896ns          244775 1c008988 00140413 addi             x8, x8, 1            x8=1c000030  x8:1c00002f
14955916ns          244776 1c00898a fe0514e3 bne              x10, x0, -24        x10:00000069
14955996ns          244780 1c008972 02500793 addi             x15, x0, 37         x15=00000025
14956016ns          244781 1c008976 04f50863 beq              x10, x15, 80        x10:00000069 x15:00000025
14956036ns          244782 1c00897a 01a005b3 add              x11, x0, x26        x11=00000002 x26:00000002
14956056ns          244783 1c00897c 000b00e7 jalr             x1, x22, 0           x1=1c00897e x22:1c008888
14956095ns          244785 1c008888 000026b7 lui              x13, 0x2000         x13=00002000
14956115ns          244786 1c00888a f14027f3 csrrs            x15, x0, 0xf14      x15=00000001
14956135ns          244787 1c00888e f8068693 addi             x13, x13, -128      x13=00001f80 x13:00002000
14956155ns          244788 1c008892 00379713 slli             x14, x15, 0x3       x14=00000008 x15:00000001
14956175ns          244789 1c008896 00279793 slli             x15, x15, 0x2       x15=00000004 x15:00000001
14956195ns          244790 1c008898 00d7f7b3 and              x15, x15, x13       x15=00000000 x15:00000004 x13:00001f80
14956215ns          244791 1c00889a ee873733 p.bclr           x14, x14, 23, 8     x14=00000008 x14:00000008
14956235ns          244792 1c00889e 1a10f6b7 lui              x13, 0x1a10f000     x13=1a10f000
14956254ns          244793 1c0088a2 0ff57513 andi             x10, x10, 255       x10=00000069 x10:00000069
14956274ns          244794 1c0088a6 00d70733 add              x14, x14, x13       x14=1a10f008 x14:00000008 x13:1a10f000
14956294ns          244795 1c0088a8 00a7e723 p.sw             x10, x0(x15)        x10:00000069 x15:00000000  PA:1a10f008
14956613ns          244811 1c0088ac 00000513 addi             x10, x0, 0          x10=00000000
14956632ns          244812 1c0088ae 00008067 jalr             x0, x1, 0            x1:1c00897e
14956692ns          244815 1c00897e 31f52563 p.beqimm         x10, 778            x10:00000000
14956712ns          244816 1c008982 001d8d93 addi             x27, x27, 1         x27=00000013 x27:00000012
14956732ns          244817 1c008984 00044503 lbu              x10, 0(x8)          x10=00000074  x8:1c000030  PA:1c000030
14957030ns          244832 1c008988 00140413 addi             x8, x8, 1            x8=1c000031  x8:1c000030
14957050ns          244833 1c00898a fe0514e3 bne              x10, x0, -24        x10:00000074
14957130ns          244837 1c008972 02500793 addi             x15, x0, 37         x15=00000025
14957150ns          244838 1c008976 04f50863 beq              x10, x15, 80        x10:00000074 x15:00000025
14957169ns          244839 1c00897a 01a005b3 add              x11, x0, x26        x11=00000002 x26:00000002
14957189ns          244840 1c00897c 000b00e7 jalr             x1, x22, 0           x1=1c00897e x22:1c008888
14957229ns          244842 1c008888 000026b7 lui              x13, 0x2000         x13=00002000
14957249ns          244843 1c00888a f14027f3 csrrs            x15, x0, 0xf14      x15=00000001
14957269ns          244844 1c00888e f8068693 addi             x13, x13, -128      x13=00001f80 x13:00002000
14957289ns          244845 1c008892 00379713 slli             x14, x15, 0x3       x14=00000008 x15:00000001
14957309ns          244846 1c008896 00279793 slli             x15, x15, 0x2       x15=00000004 x15:00000001
14957329ns          244847 1c008898 00d7f7b3 and              x15, x15, x13       x15=00000000 x15:00000004 x13:00001f80
14957348ns          244848 1c00889a ee873733 p.bclr           x14, x14, 23, 8     x14=00000008 x14:00000008
14957368ns          244849 1c00889e 1a10f6b7 lui              x13, 0x1a10f000     x13=1a10f000
14957388ns          244850 1c0088a2 0ff57513 andi             x10, x10, 255       x10=00000074 x10:00000074
14957408ns          244851 1c0088a6 00d70733 add              x14, x14, x13       x14=1a10f008 x14:00000008 x13:1a10f000
14957428ns          244852 1c0088a8 00a7e723 p.sw             x10, x0(x15)        x10:00000074 x15:00000000  PA:1a10f008
14957746ns          244868 1c0088ac 00000513 addi             x10, x0, 0          x10=00000000
14957766ns          244869 1c0088ae 00008067 jalr             x0, x1, 0            x1:1c00897e
14957826ns          244872 1c00897e 31f52563 p.beqimm         x10, 778            x10:00000000
14957846ns          244873 1c008982 001d8d93 addi             x27, x27, 1         x27=00000014 x27:00000013
14957866ns          244874 1c008984 00044503 lbu              x10, 0(x8)          x10=00000065  x8:1c000031  PA:1c000031
14958164ns          244889 1c008988 00140413 addi             x8, x8, 1            x8=1c000032  x8:1c000031
14958184ns          244890 1c00898a fe0514e3 bne              x10, x0, -24        x10:00000065
14958263ns          244894 1c008972 02500793 addi             x15, x0, 37         x15=00000025
14958283ns          244895 1c008976 04f50863 beq              x10, x15, 80        x10:00000065 x15:00000025
14958303ns          244896 1c00897a 01a005b3 add              x11, x0, x26        x11=00000002 x26:00000002
14958323ns          244897 1c00897c 000b00e7 jalr             x1, x22, 0           x1=1c00897e x22:1c008888
14958363ns          244899 1c008888 000026b7 lui              x13, 0x2000         x13=00002000
14958383ns          244900 1c00888a f14027f3 csrrs            x15, x0, 0xf14      x15=00000001
14958403ns          244901 1c00888e f8068693 addi             x13, x13, -128      x13=00001f80 x13:00002000
14958423ns          244902 1c008892 00379713 slli             x14, x15, 0x3       x14=00000008 x15:00000001
14958442ns          244903 1c008896 00279793 slli             x15, x15, 0x2       x15=00000004 x15:00000001
14958462ns          244904 1c008898 00d7f7b3 and              x15, x15, x13       x15=00000000 x15:00000004 x13:00001f80
14958482ns          244905 1c00889a ee873733 p.bclr           x14, x14, 23, 8     x14=00000008 x14:00000008
14958502ns          244906 1c00889e 1a10f6b7 lui              x13, 0x1a10f000     x13=1a10f000
14958522ns          244907 1c0088a2 0ff57513 andi             x10, x10, 255       x10=00000065 x10:00000065
14958542ns          244908 1c0088a6 00d70733 add              x14, x14, x13       x14=1a10f008 x14:00000008 x13:1a10f000
14958562ns          244909 1c0088a8 00a7e723 p.sw             x10, x0(x15)        x10:00000065 x15:00000000  PA:1a10f008
14958880ns          244925 1c0088ac 00000513 addi             x10, x0, 0          x10=00000000
14958900ns          244926 1c0088ae 00008067 jalr             x0, x1, 0            x1:1c00897e
14958960ns          244929 1c00897e 31f52563 p.beqimm         x10, 778            x10:00000000
14958980ns          244930 1c008982 001d8d93 addi             x27, x27, 1         x27=00000015 x27:00000014
14958999ns          244931 1c008984 00044503 lbu              x10, 0(x8)          x10=00000072  x8:1c000032  PA:1c000032
14959298ns          244946 1c008988 00140413 addi             x8, x8, 1            x8=1c000033  x8:1c000032
14959318ns          244947 1c00898a fe0514e3 bne              x10, x0, -24        x10:00000072
14959397ns          244951 1c008972 02500793 addi             x15, x0, 37         x15=00000025
14959417ns          244952 1c008976 04f50863 beq              x10, x15, 80        x10:00000072 x15:00000025
14959437ns          244953 1c00897a 01a005b3 add              x11, x0, x26        x11=00000002 x26:00000002
14959457ns          244954 1c00897c 000b00e7 jalr             x1, x22, 0           x1=1c00897e x22:1c008888
14959497ns          244956 1c008888 000026b7 lui              x13, 0x2000         x13=00002000
14959517ns          244957 1c00888a f14027f3 csrrs            x15, x0, 0xf14      x15=00000001
14959536ns          244958 1c00888e f8068693 addi             x13, x13, -128      x13=00001f80 x13:00002000
14959556ns          244959 1c008892 00379713 slli             x14, x15, 0x3       x14=00000008 x15:00000001
14959576ns          244960 1c008896 00279793 slli             x15, x15, 0x2       x15=00000004 x15:00000001
14959596ns          244961 1c008898 00d7f7b3 and              x15, x15, x13       x15=00000000 x15:00000004 x13:00001f80
14959616ns          244962 1c00889a ee873733 p.bclr           x14, x14, 23, 8     x14=00000008 x14:00000008
14959636ns          244963 1c00889e 1a10f6b7 lui              x13, 0x1a10f000     x13=1a10f000
14959656ns          244964 1c0088a2 0ff57513 andi             x10, x10, 255       x10=00000072 x10:00000072
14959676ns          244965 1c0088a6 00d70733 add              x14, x14, x13       x14=1a10f008 x14:00000008 x13:1a10f000
14959696ns          244966 1c0088a8 00a7e723 p.sw             x10, x0(x15)        x10:00000072 x15:00000000  PA:1a10f008
14960034ns          244983 1c0088ac 00000513 addi             x10, x0, 0          x10=00000000
14960054ns          244984 1c0088ae 00008067 jalr             x0, x1, 0            x1:1c00897e
14960113ns          244987 1c00897e 31f52563 p.beqimm         x10, 778            x10:00000000
14960133ns          244988 1c008982 001d8d93 addi             x27, x27, 1         x27=00000016 x27:00000015
14960153ns          244989 1c008984 00044503 lbu              x10, 0(x8)          x10=00000061  x8:1c000033  PA:1c000033
14960451ns          245004 1c008988 00140413 addi             x8, x8, 1            x8=1c000034  x8:1c000033
14960471ns          245005 1c00898a fe0514e3 bne              x10, x0, -24        x10:00000061
14960551ns          245009 1c008972 02500793 addi             x15, x0, 37         x15=00000025
14960571ns          245010 1c008976 04f50863 beq              x10, x15, 80        x10:00000061 x15:00000025
14960591ns          245011 1c00897a 01a005b3 add              x11, x0, x26        x11=00000002 x26:00000002
14960611ns          245012 1c00897c 000b00e7 jalr             x1, x22, 0           x1=1c00897e x22:1c008888
14960650ns          245014 1c008888 000026b7 lui              x13, 0x2000         x13=00002000
14960670ns          245015 1c00888a f14027f3 csrrs            x15, x0, 0xf14      x15=00000001
14960690ns          245016 1c00888e f8068693 addi             x13, x13, -128      x13=00001f80 x13:00002000
14960710ns          245017 1c008892 00379713 slli             x14, x15, 0x3       x14=00000008 x15:00000001
14960730ns          245018 1c008896 00279793 slli             x15, x15, 0x2       x15=00000004 x15:00000001
14960750ns          245019 1c008898 00d7f7b3 and              x15, x15, x13       x15=00000000 x15:00000004 x13:00001f80
14960770ns          245020 1c00889a ee873733 p.bclr           x14, x14, 23, 8     x14=00000008 x14:00000008
14960790ns          245021 1c00889e 1a10f6b7 lui              x13, 0x1a10f000     x13=1a10f000
14960809ns          245022 1c0088a2 0ff57513 andi             x10, x10, 255       x10=00000061 x10:00000061
14960829ns          245023 1c0088a6 00d70733 add              x14, x14, x13       x14=1a10f008 x14:00000008 x13:1a10f000
14960849ns          245024 1c0088a8 00a7e723 p.sw             x10, x0(x15)        x10:00000061 x15:00000000  PA:1a10f008
14961168ns          245040 1c0088ac 00000513 addi             x10, x0, 0          x10=00000000
14961187ns          245041 1c0088ae 00008067 jalr             x0, x1, 0            x1:1c00897e
14961247ns          245044 1c00897e 31f52563 p.beqimm         x10, 778            x10:00000000
14961267ns          245045 1c008982 001d8d93 addi             x27, x27, 1         x27=00000017 x27:00000016
14961287ns          245046 1c008984 00044503 lbu              x10, 0(x8)          x10=00000074  x8:1c000034  PA:1c000034
14961585ns          245061 1c008988 00140413 addi             x8, x8, 1            x8=1c000035  x8:1c000034
14961605ns          245062 1c00898a fe0514e3 bne              x10, x0, -24        x10:00000074
14961685ns          245066 1c008972 02500793 addi             x15, x0, 37         x15=00000025
14961705ns          245067 1c008976 04f50863 beq              x10, x15, 80        x10:00000074 x15:00000025
14961724ns          245068 1c00897a 01a005b3 add              x11, x0, x26        x11=00000002 x26:00000002
14961744ns          245069 1c00897c 000b00e7 jalr             x1, x22, 0           x1=1c00897e x22:1c008888
14961784ns          245071 1c008888 000026b7 lui              x13, 0x2000         x13=00002000
14961804ns          245072 1c00888a f14027f3 csrrs            x15, x0, 0xf14      x15=00000001
14961824ns          245073 1c00888e f8068693 addi             x13, x13, -128      x13=00001f80 x13:00002000
14961844ns          245074 1c008892 00379713 slli             x14, x15, 0x3       x14=00000008 x15:00000001
14961864ns          245075 1c008896 00279793 slli             x15, x15, 0x2       x15=00000004 x15:00000001
14961884ns          245076 1c008898 00d7f7b3 and              x15, x15, x13       x15=00000000 x15:00000004 x13:00001f80
14961903ns          245077 1c00889a ee873733 p.bclr           x14, x14, 23, 8     x14=00000008 x14:00000008
14961923ns          245078 1c00889e 1a10f6b7 lui              x13, 0x1a10f000     x13=1a10f000
14961943ns          245079 1c0088a2 0ff57513 andi             x10, x10, 255       x10=00000074 x10:00000074
14961963ns          245080 1c0088a6 00d70733 add              x14, x14, x13       x14=1a10f008 x14:00000008 x13:1a10f000
14961983ns          245081 1c0088a8 00a7e723 p.sw             x10, x0(x15)        x10:00000074 x15:00000000  PA:1a10f008
14962301ns          245097 1c0088ac 00000513 addi             x10, x0, 0          x10=00000000
14962321ns          245098 1c0088ae 00008067 jalr             x0, x1, 0            x1:1c00897e
14962381ns          245101 1c00897e 31f52563 p.beqimm         x10, 778            x10:00000000
14962401ns          245102 1c008982 001d8d93 addi             x27, x27, 1         x27=00000018 x27:00000017
14962421ns          245103 1c008984 00044503 lbu              x10, 0(x8)          x10=00000069  x8:1c000035  PA:1c000035
14962719ns          245118 1c008988 00140413 addi             x8, x8, 1            x8=1c000036  x8:1c000035
14962739ns          245119 1c00898a fe0514e3 bne              x10, x0, -24        x10:00000069
14962818ns          245123 1c008972 02500793 addi             x15, x0, 37         x15=00000025
14962838ns          245124 1c008976 04f50863 beq              x10, x15, 80        x10:00000069 x15:00000025
14962858ns          245125 1c00897a 01a005b3 add              x11, x0, x26        x11=00000002 x26:00000002
14962878ns          245126 1c00897c 000b00e7 jalr             x1, x22, 0           x1=1c00897e x22:1c008888
14962918ns          245128 1c008888 000026b7 lui              x13, 0x2000         x13=00002000
14962938ns          245129 1c00888a f14027f3 csrrs            x15, x0, 0xf14      x15=00000001
14962958ns          245130 1c00888e f8068693 addi             x13, x13, -128      x13=00001f80 x13:00002000
14962978ns          245131 1c008892 00379713 slli             x14, x15, 0x3       x14=00000008 x15:00000001
14962997ns          245132 1c008896 00279793 slli             x15, x15, 0x2       x15=00000004 x15:00000001
14963017ns          245133 1c008898 00d7f7b3 and              x15, x15, x13       x15=00000000 x15:00000004 x13:00001f80
14963037ns          245134 1c00889a ee873733 p.bclr           x14, x14, 23, 8     x14=00000008 x14:00000008
14963057ns          245135 1c00889e 1a10f6b7 lui              x13, 0x1a10f000     x13=1a10f000
14963077ns          245136 1c0088a2 0ff57513 andi             x10, x10, 255       x10=00000069 x10:00000069
14963097ns          245137 1c0088a6 00d70733 add              x14, x14, x13       x14=1a10f008 x14:00000008 x13:1a10f000
14963117ns          245138 1c0088a8 00a7e723 p.sw             x10, x0(x15)        x10:00000069 x15:00000000  PA:1a10f008
14963455ns          245155 1c0088ac 00000513 addi             x10, x0, 0          x10=00000000
14963475ns          245156 1c0088ae 00008067 jalr             x0, x1, 0            x1:1c00897e
14963535ns          245159 1c00897e 31f52563 p.beqimm         x10, 778            x10:00000000
14963554ns          245160 1c008982 001d8d93 addi             x27, x27, 1         x27=00000019 x27:00000018
14963574ns          245161 1c008984 00044503 lbu              x10, 0(x8)          x10=0000006f  x8:1c000036  PA:1c000036
14963893ns          245177 1c008988 00140413 addi             x8, x8, 1            x8=1c000037  x8:1c000036
14963912ns          245178 1c00898a fe0514e3 bne              x10, x0, -24        x10:0000006f
14963992ns          245182 1c008972 02500793 addi             x15, x0, 37         x15=00000025
14964012ns          245183 1c008976 04f50863 beq              x10, x15, 80        x10:0000006f x15:00000025
14964032ns          245184 1c00897a 01a005b3 add              x11, x0, x26        x11=00000002 x26:00000002
14964052ns          245185 1c00897c 000b00e7 jalr             x1, x22, 0           x1=1c00897e x22:1c008888
14964091ns          245187 1c008888 000026b7 lui              x13, 0x2000         x13=00002000
14964111ns          245188 1c00888a f14027f3 csrrs            x15, x0, 0xf14      x15=00000001
14964131ns          245189 1c00888e f8068693 addi             x13, x13, -128      x13=00001f80 x13:00002000
14964151ns          245190 1c008892 00379713 slli             x14, x15, 0x3       x14=00000008 x15:00000001
14964171ns          245191 1c008896 00279793 slli             x15, x15, 0x2       x15=00000004 x15:00000001
14964191ns          245192 1c008898 00d7f7b3 and              x15, x15, x13       x15=00000000 x15:00000004 x13:00001f80
14964211ns          245193 1c00889a ee873733 p.bclr           x14, x14, 23, 8     x14=00000008 x14:00000008
14964231ns          245194 1c00889e 1a10f6b7 lui              x13, 0x1a10f000     x13=1a10f000
14964251ns          245195 1c0088a2 0ff57513 andi             x10, x10, 255       x10=0000006f x10:0000006f
14964270ns          245196 1c0088a6 00d70733 add              x14, x14, x13       x14=1a10f008 x14:00000008 x13:1a10f000
14964290ns          245197 1c0088a8 00a7e723 p.sw             x10, x0(x15)        x10:0000006f x15:00000000  PA:1a10f008
14964609ns          245213 1c0088ac 00000513 addi             x10, x0, 0          x10=00000000
14964628ns          245214 1c0088ae 00008067 jalr             x0, x1, 0            x1:1c00897e
14964688ns          245217 1c00897e 31f52563 p.beqimm         x10, 778            x10:00000000
14964708ns          245218 1c008982 001d8d93 addi             x27, x27, 1         x27=0000001a x27:00000019
14964728ns          245219 1c008984 00044503 lbu              x10, 0(x8)          x10=0000006e  x8:1c000037  PA:1c000037
14965026ns          245234 1c008988 00140413 addi             x8, x8, 1            x8=1c000038  x8:1c000037
14965046ns          245235 1c00898a fe0514e3 bne              x10, x0, -24        x10:0000006e
14965126ns          245239 1c008972 02500793 addi             x15, x0, 37         x15=00000025
14965146ns          245240 1c008976 04f50863 beq              x10, x15, 80        x10:0000006e x15:00000025
14965166ns          245241 1c00897a 01a005b3 add              x11, x0, x26        x11=00000002 x26:00000002
14965185ns          245242 1c00897c 000b00e7 jalr             x1, x22, 0           x1=1c00897e x22:1c008888
14965225ns          245244 1c008888 000026b7 lui              x13, 0x2000         x13=00002000
14965245ns          245245 1c00888a f14027f3 csrrs            x15, x0, 0xf14      x15=00000001
14965265ns          245246 1c00888e f8068693 addi             x13, x13, -128      x13=00001f80 x13:00002000
14965285ns          245247 1c008892 00379713 slli             x14, x15, 0x3       x14=00000008 x15:00000001
14965305ns          245248 1c008896 00279793 slli             x15, x15, 0x2       x15=00000004 x15:00000001
14965325ns          245249 1c008898 00d7f7b3 and              x15, x15, x13       x15=00000000 x15:00000004 x13:00001f80
14965345ns          245250 1c00889a ee873733 p.bclr           x14, x14, 23, 8     x14=00000008 x14:00000008
14965364ns          245251 1c00889e 1a10f6b7 lui              x13, 0x1a10f000     x13=1a10f000
14965384ns          245252 1c0088a2 0ff57513 andi             x10, x10, 255       x10=0000006e x10:0000006e
14965404ns          245253 1c0088a6 00d70733 add              x14, x14, x13       x14=1a10f008 x14:00000008 x13:1a10f000
14965424ns          245254 1c0088a8 00a7e723 p.sw             x10, x0(x15)        x10:0000006e x15:00000000  PA:1a10f008
14965742ns          245270 1c0088ac 00000513 addi             x10, x0, 0          x10=00000000
14965762ns          245271 1c0088ae 00008067 jalr             x0, x1, 0            x1:1c00897e
14965822ns          245274 1c00897e 31f52563 p.beqimm         x10, 778            x10:00000000
14965842ns          245275 1c008982 001d8d93 addi             x27, x27, 1         x27=0000001b x27:0000001a
14965862ns          245276 1c008984 00044503 lbu              x10, 0(x8)          x10=00000073  x8:1c000038  PA:1c000038
14966160ns          245291 1c008988 00140413 addi             x8, x8, 1            x8=1c000039  x8:1c000038
14966180ns          245292 1c00898a fe0514e3 bne              x10, x0, -24        x10:00000073
14966260ns          245296 1c008972 02500793 addi             x15, x0, 37         x15=00000025
14966279ns          245297 1c008976 04f50863 beq              x10, x15, 80        x10:00000073 x15:00000025
14966299ns          245298 1c00897a 01a005b3 add              x11, x0, x26        x11=00000002 x26:00000002
14966319ns          245299 1c00897c 000b00e7 jalr             x1, x22, 0           x1=1c00897e x22:1c008888
14966359ns          245301 1c008888 000026b7 lui              x13, 0x2000         x13=00002000
14966379ns          245302 1c00888a f14027f3 csrrs            x15, x0, 0xf14      x15=00000001
14966399ns          245303 1c00888e f8068693 addi             x13, x13, -128      x13=00001f80 x13:00002000
14966419ns          245304 1c008892 00379713 slli             x14, x15, 0x3       x14=00000008 x15:00000001
14966439ns          245305 1c008896 00279793 slli             x15, x15, 0x2       x15=00000004 x15:00000001
14966458ns          245306 1c008898 00d7f7b3 and              x15, x15, x13       x15=00000000 x15:00000004 x13:00001f80
14966478ns          245307 1c00889a ee873733 p.bclr           x14, x14, 23, 8     x14=00000008 x14:00000008
14966498ns          245308 1c00889e 1a10f6b7 lui              x13, 0x1a10f000     x13=1a10f000
14966518ns          245309 1c0088a2 0ff57513 andi             x10, x10, 255       x10=00000073 x10:00000073
14966538ns          245310 1c0088a6 00d70733 add              x14, x14, x13       x14=1a10f008 x14:00000008 x13:1a10f000
14966558ns          245311 1c0088a8 00a7e723 p.sw             x10, x0(x15)        x10:00000073 x15:00000000  PA:1a10f008
14966876ns          245327 1c0088ac 00000513 addi             x10, x0, 0          x10=00000000
14966896ns          245328 1c0088ae 00008067 jalr             x0, x1, 0            x1:1c00897e
14966956ns          245331 1c00897e 31f52563 p.beqimm         x10, 778            x10:00000000
14966976ns          245332 1c008982 001d8d93 addi             x27, x27, 1         x27=0000001c x27:0000001b
14966995ns          245333 1c008984 00044503 lbu              x10, 0(x8)          x10=0000002e  x8:1c000039  PA:1c000039
14967294ns          245348 1c008988 00140413 addi             x8, x8, 1            x8=1c00003a  x8:1c000039
14967314ns          245349 1c00898a fe0514e3 bne              x10, x0, -24        x10:0000002e
14967393ns          245353 1c008972 02500793 addi             x15, x0, 37         x15=00000025
14967413ns          245354 1c008976 04f50863 beq              x10, x15, 80        x10:0000002e x15:00000025
14967433ns          245355 1c00897a 01a005b3 add              x11, x0, x26        x11=00000002 x26:00000002
14967453ns          245356 1c00897c 000b00e7 jalr             x1, x22, 0           x1=1c00897e x22:1c008888
14967493ns          245358 1c008888 000026b7 lui              x13, 0x2000         x13=00002000
14967513ns          245359 1c00888a f14027f3 csrrs            x15, x0, 0xf14      x15=00000001
14967533ns          245360 1c00888e f8068693 addi             x13, x13, -128      x13=00001f80 x13:00002000
14967552ns          245361 1c008892 00379713 slli             x14, x15, 0x3       x14=00000008 x15:00000001
14967572ns          245362 1c008896 00279793 slli             x15, x15, 0x2       x15=00000004 x15:00000001
14967592ns          245363 1c008898 00d7f7b3 and              x15, x15, x13       x15=00000000 x15:00000004 x13:00001f80
14967612ns          245364 1c00889a ee873733 p.bclr           x14, x14, 23, 8     x14=00000008 x14:00000008
14967632ns          245365 1c00889e 1a10f6b7 lui              x13, 0x1a10f000     x13=1a10f000
14967652ns          245366 1c0088a2 0ff57513 andi             x10, x10, 255       x10=0000002e x10:0000002e
14967672ns          245367 1c0088a6 00d70733 add              x14, x14, x13       x14=1a10f008 x14:00000008 x13:1a10f000
14967692ns          245368 1c0088a8 00a7e723 p.sw             x10, x0(x15)        x10:0000002e x15:00000000  PA:1a10f008
14968030ns          245385 1c0088ac 00000513 addi             x10, x0, 0          x10=00000000
14968050ns          245386 1c0088ae 00008067 jalr             x0, x1, 0            x1:1c00897e
14968109ns          245389 1c00897e 31f52563 p.beqimm         x10, 778            x10:00000000
14968129ns          245390 1c008982 001d8d93 addi             x27, x27, 1         x27=0000001d x27:0000001c
14968149ns          245391 1c008984 00044503 lbu              x10, 0(x8)          x10=0000002e  x8:1c00003a  PA:1c00003a
14968448ns          245406 1c008988 00140413 addi             x8, x8, 1            x8=1c00003b  x8:1c00003a
14968467ns          245407 1c00898a fe0514e3 bne              x10, x0, -24        x10:0000002e
14968547ns          245411 1c008972 02500793 addi             x15, x0, 37         x15=00000025
14968567ns          245412 1c008976 04f50863 beq              x10, x15, 80        x10:0000002e x15:00000025
14968587ns          245413 1c00897a 01a005b3 add              x11, x0, x26        x11=00000002 x26:00000002
14968607ns          245414 1c00897c 000b00e7 jalr             x1, x22, 0           x1=1c00897e x22:1c008888
14968646ns          245416 1c008888 000026b7 lui              x13, 0x2000         x13=00002000
14968666ns          245417 1c00888a f14027f3 csrrs            x15, x0, 0xf14      x15=00000001
14968686ns          245418 1c00888e f8068693 addi             x13, x13, -128      x13=00001f80 x13:00002000
14968706ns          245419 1c008892 00379713 slli             x14, x15, 0x3       x14=00000008 x15:00000001
14968726ns          245420 1c008896 00279793 slli             x15, x15, 0x2       x15=00000004 x15:00000001
14968746ns          245421 1c008898 00d7f7b3 and              x15, x15, x13       x15=00000000 x15:00000004 x13:00001f80
14968766ns          245422 1c00889a ee873733 p.bclr           x14, x14, 23, 8     x14=00000008 x14:00000008
14968786ns          245423 1c00889e 1a10f6b7 lui              x13, 0x1a10f000     x13=1a10f000
14968806ns          245424 1c0088a2 0ff57513 andi             x10, x10, 255       x10=0000002e x10:0000002e
14968825ns          245425 1c0088a6 00d70733 add              x14, x14, x13       x14=1a10f008 x14:00000008 x13:1a10f000
14968845ns          245426 1c0088a8 00a7e723 p.sw             x10, x0(x15)        x10:0000002e x15:00000000  PA:1a10f008
14969164ns          245442 1c0088ac 00000513 addi             x10, x0, 0          x10=00000000
14969183ns          245443 1c0088ae 00008067 jalr             x0, x1, 0            x1:1c00897e
14969243ns          245446 1c00897e 31f52563 p.beqimm         x10, 778            x10:00000000
14969263ns          245447 1c008982 001d8d93 addi             x27, x27, 1         x27=0000001e x27:0000001d
14969283ns          245448 1c008984 00044503 lbu              x10, 0(x8)          x10=0000002e  x8:1c00003b  PA:1c00003b
14969581ns          245463 1c008988 00140413 addi             x8, x8, 1            x8=1c00003c  x8:1c00003b
14969601ns          245464 1c00898a fe0514e3 bne              x10, x0, -24        x10:0000002e
14969681ns          245468 1c008972 02500793 addi             x15, x0, 37         x15=00000025
14969701ns          245469 1c008976 04f50863 beq              x10, x15, 80        x10:0000002e x15:00000025
14969721ns          245470 1c00897a 01a005b3 add              x11, x0, x26        x11=00000002 x26:00000002
14969740ns          245471 1c00897c 000b00e7 jalr             x1, x22, 0           x1=1c00897e x22:1c008888
14969780ns          245473 1c008888 000026b7 lui              x13, 0x2000         x13=00002000
14969800ns          245474 1c00888a f14027f3 csrrs            x15, x0, 0xf14      x15=00000001
14969820ns          245475 1c00888e f8068693 addi             x13, x13, -128      x13=00001f80 x13:00002000
14969840ns          245476 1c008892 00379713 slli             x14, x15, 0x3       x14=00000008 x15:00000001
14969860ns          245477 1c008896 00279793 slli             x15, x15, 0x2       x15=00000004 x15:00000001
14969880ns          245478 1c008898 00d7f7b3 and              x15, x15, x13       x15=00000000 x15:00000004 x13:00001f80
14969900ns          245479 1c00889a ee873733 p.bclr           x14, x14, 23, 8     x14=00000008 x14:00000008
14969919ns          245480 1c00889e 1a10f6b7 lui              x13, 0x1a10f000     x13=1a10f000
14969939ns          245481 1c0088a2 0ff57513 andi             x10, x10, 255       x10=0000002e x10:0000002e
14969959ns          245482 1c0088a6 00d70733 add              x14, x14, x13       x14=1a10f008 x14:00000008 x13:1a10f000
14969979ns          245483 1c0088a8 00a7e723 p.sw             x10, x0(x15)        x10:0000002e x15:00000000  PA:1a10f008
14970297ns          245499 1c0088ac 00000513 addi             x10, x0, 0          x10=00000000
14970317ns          245500 1c0088ae 00008067 jalr             x0, x1, 0            x1:1c00897e
14970377ns          245503 1c00897e 31f52563 p.beqimm         x10, 778            x10:00000000
14970397ns          245504 1c008982 001d8d93 addi             x27, x27, 1         x27=0000001f x27:0000001e
14970417ns          245505 1c008984 00044503 lbu              x10, 0(x8)          x10=00000020  x8:1c00003c  PA:1c00003c
14970715ns          245520 1c008988 00140413 addi             x8, x8, 1            x8=1c00003d  x8:1c00003c
14970735ns          245521 1c00898a fe0514e3 bne              x10, x0, -24        x10:00000020
14970815ns          245525 1c008972 02500793 addi             x15, x0, 37         x15=00000025
14970834ns          245526 1c008976 04f50863 beq              x10, x15, 80        x10:00000020 x15:00000025
14970854ns          245527 1c00897a 01a005b3 add              x11, x0, x26        x11=00000002 x26:00000002
14970874ns          245528 1c00897c 000b00e7 jalr             x1, x22, 0           x1=1c00897e x22:1c008888
14970914ns          245530 1c008888 000026b7 lui              x13, 0x2000         x13=00002000
14970934ns          245531 1c00888a f14027f3 csrrs            x15, x0, 0xf14      x15=00000001
14970954ns          245532 1c00888e f8068693 addi             x13, x13, -128      x13=00001f80 x13:00002000
14970974ns          245533 1c008892 00379713 slli             x14, x15, 0x3       x14=00000008 x15:00000001
14970994ns          245534 1c008896 00279793 slli             x15, x15, 0x2       x15=00000004 x15:00000001
14971013ns          245535 1c008898 00d7f7b3 and              x15, x15, x13       x15=00000000 x15:00000004 x13:00001f80
14971033ns          245536 1c00889a ee873733 p.bclr           x14, x14, 23, 8     x14=00000008 x14:00000008
14971053ns          245537 1c00889e 1a10f6b7 lui              x13, 0x1a10f000     x13=1a10f000
14971073ns          245538 1c0088a2 0ff57513 andi             x10, x10, 255       x10=00000020 x10:00000020
14971093ns          245539 1c0088a6 00d70733 add              x14, x14, x13       x14=1a10f008 x14:00000008 x13:1a10f000
14971113ns          245540 1c0088a8 00a7e723 p.sw             x10, x0(x15)        x10:00000020 x15:00000000  PA:1a10f008
14971451ns          245557 1c0088ac 00000513 addi             x10, x0, 0          x10=00000000
14971471ns          245558 1c0088ae 00008067 jalr             x0, x1, 0            x1:1c00897e
14971531ns          245561 1c00897e 31f52563 p.beqimm         x10, 778            x10:00000000
14971550ns          245562 1c008982 001d8d93 addi             x27, x27, 1         x27=00000020 x27:0000001f
14971570ns          245563 1c008984 00044503 lbu              x10, 0(x8)          x10=00000028  x8:1c00003d  PA:1c00003d
14971889ns          245579 1c008988 00140413 addi             x8, x8, 1            x8=1c00003e  x8:1c00003d
14971909ns          245580 1c00898a fe0514e3 bne              x10, x0, -24        x10:00000028
14971988ns          245584 1c008972 02500793 addi             x15, x0, 37         x15=00000025
14972008ns          245585 1c008976 04f50863 beq              x10, x15, 80        x10:00000028 x15:00000025
14972028ns          245586 1c00897a 01a005b3 add              x11, x0, x26        x11=00000002 x26:00000002
14972048ns          245587 1c00897c 000b00e7 jalr             x1, x22, 0           x1=1c00897e x22:1c008888
14972088ns          245589 1c008888 000026b7 lui              x13, 0x2000         x13=00002000
14972107ns          245590 1c00888a f14027f3 csrrs            x15, x0, 0xf14      x15=00000001
14972127ns          245591 1c00888e f8068693 addi             x13, x13, -128      x13=00001f80 x13:00002000
14972147ns          245592 1c008892 00379713 slli             x14, x15, 0x3       x14=00000008 x15:00000001
14972167ns          245593 1c008896 00279793 slli             x15, x15, 0x2       x15=00000004 x15:00000001
14972187ns          245594 1c008898 00d7f7b3 and              x15, x15, x13       x15=00000000 x15:00000004 x13:00001f80
14972207ns          245595 1c00889a ee873733 p.bclr           x14, x14, 23, 8     x14=00000008 x14:00000008
14972227ns          245596 1c00889e 1a10f6b7 lui              x13, 0x1a10f000     x13=1a10f000
14972247ns          245597 1c0088a2 0ff57513 andi             x10, x10, 255       x10=00000028 x10:00000028
14972267ns          245598 1c0088a6 00d70733 add              x14, x14, x13       x14=1a10f008 x14:00000008 x13:1a10f000
14972286ns          245599 1c0088a8 00a7e723 p.sw             x10, x0(x15)        x10:00000028 x15:00000000  PA:1a10f008
14972605ns          245615 1c0088ac 00000513 addi             x10, x0, 0          x10=00000000
14972625ns          245616 1c0088ae 00008067 jalr             x0, x1, 0            x1:1c00897e
14972684ns          245619 1c00897e 31f52563 p.beqimm         x10, 778            x10:00000000
14972704ns          245620 1c008982 001d8d93 addi             x27, x27, 1         x27=00000021 x27:00000020
14972724ns          245621 1c008984 00044503 lbu              x10, 0(x8)          x10=00000063  x8:1c00003e  PA:1c00003e
14973022ns          245636 1c008988 00140413 addi             x8, x8, 1            x8=1c00003f  x8:1c00003e
14973042ns          245637 1c00898a fe0514e3 bne              x10, x0, -24        x10:00000063
14973122ns          245641 1c008972 02500793 addi             x15, x0, 37         x15=00000025
14973142ns          245642 1c008976 04f50863 beq              x10, x15, 80        x10:00000063 x15:00000025
14973162ns          245643 1c00897a 01a005b3 add              x11, x0, x26        x11=00000002 x26:00000002
14973182ns          245644 1c00897c 000b00e7 jalr             x1, x22, 0           x1=1c00897e x22:1c008888
14973221ns          245646 1c008888 000026b7 lui              x13, 0x2000         x13=00002000
14973241ns          245647 1c00888a f14027f3 csrrs            x15, x0, 0xf14      x15=00000001
14973261ns          245648 1c00888e f8068693 addi             x13, x13, -128      x13=00001f80 x13:00002000
14973281ns          245649 1c008892 00379713 slli             x14, x15, 0x3       x14=00000008 x15:00000001
14973301ns          245650 1c008896 00279793 slli             x15, x15, 0x2       x15=00000004 x15:00000001
14973321ns          245651 1c008898 00d7f7b3 and              x15, x15, x13       x15=00000000 x15:00000004 x13:00001f80
14973341ns          245652 1c00889a ee873733 p.bclr           x14, x14, 23, 8     x14=00000008 x14:00000008
14973361ns          245653 1c00889e 1a10f6b7 lui              x13, 0x1a10f000     x13=1a10f000
14973380ns          245654 1c0088a2 0ff57513 andi             x10, x10, 255       x10=00000063 x10:00000063
14973400ns          245655 1c0088a6 00d70733 add              x14, x14, x13       x14=1a10f008 x14:00000008 x13:1a10f000
14973420ns          245656 1c0088a8 00a7e723 p.sw             x10, x0(x15)        x10:00000063 x15:00000000  PA:1a10f008
14973738ns          245672 1c0088ac 00000513 addi             x10, x0, 0          x10=00000000
14973758ns          245673 1c0088ae 00008067 jalr             x0, x1, 0            x1:1c00897e
14973818ns          245676 1c00897e 31f52563 p.beqimm         x10, 778            x10:00000000
14973838ns          245677 1c008982 001d8d93 addi             x27, x27, 1         x27=00000022 x27:00000021
14973858ns          245678 1c008984 00044503 lbu              x10, 0(x8)          x10=0000006f  x8:1c00003f  PA:1c00003f
14974156ns          245693 1c008988 00140413 addi             x8, x8, 1            x8=1c000040  x8:1c00003f
14974176ns          245694 1c00898a fe0514e3 bne              x10, x0, -24        x10:0000006f
14974256ns          245698 1c008972 02500793 addi             x15, x0, 37         x15=00000025
14974276ns          245699 1c008976 04f50863 beq              x10, x15, 80        x10:0000006f x15:00000025
14974295ns          245700 1c00897a 01a005b3 add              x11, x0, x26        x11=00000002 x26:00000002
14974315ns          245701 1c00897c 000b00e7 jalr             x1, x22, 0           x1=1c00897e x22:1c008888
14974355ns          245703 1c008888 000026b7 lui              x13, 0x2000         x13=00002000
14974375ns          245704 1c00888a f14027f3 csrrs            x15, x0, 0xf14      x15=00000001
14974395ns          245705 1c00888e f8068693 addi             x13, x13, -128      x13=00001f80 x13:00002000
14974415ns          245706 1c008892 00379713 slli             x14, x15, 0x3       x14=00000008 x15:00000001
14974435ns          245707 1c008896 00279793 slli             x15, x15, 0x2       x15=00000004 x15:00000001
14974455ns          245708 1c008898 00d7f7b3 and              x15, x15, x13       x15=00000000 x15:00000004 x13:00001f80
14974474ns          245709 1c00889a ee873733 p.bclr           x14, x14, 23, 8     x14=00000008 x14:00000008
14974494ns          245710 1c00889e 1a10f6b7 lui              x13, 0x1a10f000     x13=1a10f000
14974514ns          245711 1c0088a2 0ff57513 andi             x10, x10, 255       x10=0000006f x10:0000006f
14974534ns          245712 1c0088a6 00d70733 add              x14, x14, x13       x14=1a10f008 x14:00000008 x13:1a10f000
14974554ns          245713 1c0088a8 00a7e723 p.sw             x10, x0(x15)        x10:0000006f x15:00000000  PA:1a10f008
14974872ns          245729 1c0088ac 00000513 addi             x10, x0, 0          x10=00000000
14974892ns          245730 1c0088ae 00008067 jalr             x0, x1, 0            x1:1c00897e
14974952ns          245733 1c00897e 31f52563 p.beqimm         x10, 778            x10:00000000
14974972ns          245734 1c008982 001d8d93 addi             x27, x27, 1         x27=00000023 x27:00000022
14974992ns          245735 1c008984 00044503 lbu              x10, 0(x8)          x10=00000072  x8:1c000040  PA:1c000040
14975290ns          245750 1c008988 00140413 addi             x8, x8, 1            x8=1c000041  x8:1c000040
14975310ns          245751 1c00898a fe0514e3 bne              x10, x0, -24        x10:00000072
14975389ns          245755 1c008972 02500793 addi             x15, x0, 37         x15=00000025
14975409ns          245756 1c008976 04f50863 beq              x10, x15, 80        x10:00000072 x15:00000025
14975429ns          245757 1c00897a 01a005b3 add              x11, x0, x26        x11=00000002 x26:00000002
14975449ns          245758 1c00897c 000b00e7 jalr             x1, x22, 0           x1=1c00897e x22:1c008888
14975489ns          245760 1c008888 000026b7 lui              x13, 0x2000         x13=00002000
14975509ns          245761 1c00888a f14027f3 csrrs            x15, x0, 0xf14      x15=00000001
14975529ns          245762 1c00888e f8068693 addi             x13, x13, -128      x13=00001f80 x13:00002000
14975549ns          245763 1c008892 00379713 slli             x14, x15, 0x3       x14=00000008 x15:00000001
14975568ns          245764 1c008896 00279793 slli             x15, x15, 0x2       x15=00000004 x15:00000001
14975588ns          245765 1c008898 00d7f7b3 and              x15, x15, x13       x15=00000000 x15:00000004 x13:00001f80
14975608ns          245766 1c00889a ee873733 p.bclr           x14, x14, 23, 8     x14=00000008 x14:00000008
14975628ns          245767 1c00889e 1a10f6b7 lui              x13, 0x1a10f000     x13=1a10f000
14975648ns          245768 1c0088a2 0ff57513 andi             x10, x10, 255       x10=00000072 x10:00000072
14975668ns          245769 1c0088a6 00d70733 add              x14, x14, x13       x14=1a10f008 x14:00000008 x13:1a10f000
14975688ns          245770 1c0088a8 00a7e723 p.sw             x10, x0(x15)        x10:00000072 x15:00000000  PA:1a10f008
14976026ns          245787 1c0088ac 00000513 addi             x10, x0, 0          x10=00000000
14976046ns          245788 1c0088ae 00008067 jalr             x0, x1, 0            x1:1c00897e
14976105ns          245791 1c00897e 31f52563 p.beqimm         x10, 778            x10:00000000
14976125ns          245792 1c008982 001d8d93 addi             x27, x27, 1         x27=00000024 x27:00000023
14976145ns          245793 1c008984 00044503 lbu              x10, 0(x8)          x10=00000065  x8:1c000041  PA:1c000041
14976444ns          245808 1c008988 00140413 addi             x8, x8, 1            x8=1c000042  x8:1c000041
14976463ns          245809 1c00898a fe0514e3 bne              x10, x0, -24        x10:00000065
14976543ns          245813 1c008972 02500793 addi             x15, x0, 37         x15=00000025
14976563ns          245814 1c008976 04f50863 beq              x10, x15, 80        x10:00000065 x15:00000025
14976583ns          245815 1c00897a 01a005b3 add              x11, x0, x26        x11=00000002 x26:00000002
14976603ns          245816 1c00897c 000b00e7 jalr             x1, x22, 0           x1=1c00897e x22:1c008888
14976643ns          245818 1c008888 000026b7 lui              x13, 0x2000         x13=00002000
14976662ns          245819 1c00888a f14027f3 csrrs            x15, x0, 0xf14      x15=00000001
14976682ns          245820 1c00888e f8068693 addi             x13, x13, -128      x13=00001f80 x13:00002000
14976702ns          245821 1c008892 00379713 slli             x14, x15, 0x3       x14=00000008 x15:00000001
14976722ns          245822 1c008896 00279793 slli             x15, x15, 0x2       x15=00000004 x15:00000001
14976742ns          245823 1c008898 00d7f7b3 and              x15, x15, x13       x15=00000000 x15:00000004 x13:00001f80
14976762ns          245824 1c00889a ee873733 p.bclr           x14, x14, 23, 8     x14=00000008 x14:00000008
14976782ns          245825 1c00889e 1a10f6b7 lui              x13, 0x1a10f000     x13=1a10f000
14976802ns          245826 1c0088a2 0ff57513 andi             x10, x10, 255       x10=00000065 x10:00000065
14976822ns          245827 1c0088a6 00d70733 add              x14, x14, x13       x14=1a10f008 x14:00000008 x13:1a10f000
14976841ns          245828 1c0088a8 00a7e723 p.sw             x10, x0(x15)        x10:00000065 x15:00000000  PA:1a10f008
14977180ns          245845 1c0088ac 00000513 addi             x10, x0, 0          x10=00000000
14977199ns          245846 1c0088ae 00008067 jalr             x0, x1, 0            x1:1c00897e
14977259ns          245849 1c00897e 31f52563 p.beqimm         x10, 778            x10:00000000
14977279ns          245850 1c008982 001d8d93 addi             x27, x27, 1         x27=00000025 x27:00000024
14977299ns          245851 1c008984 00044503 lbu              x10, 0(x8)          x10=00000069  x8:1c000042  PA:1c000042
14977597ns          245866 1c008988 00140413 addi             x8, x8, 1            x8=1c000043  x8:1c000042
14977617ns          245867 1c00898a fe0514e3 bne              x10, x0, -24        x10:00000069
14977697ns          245871 1c008972 02500793 addi             x15, x0, 37         x15=00000025
14977717ns          245872 1c008976 04f50863 beq              x10, x15, 80        x10:00000069 x15:00000025
14977736ns          245873 1c00897a 01a005b3 add              x11, x0, x26        x11=00000002 x26:00000002
14977756ns          245874 1c00897c 000b00e7 jalr             x1, x22, 0           x1=1c00897e x22:1c008888
14977796ns          245876 1c008888 000026b7 lui              x13, 0x2000         x13=00002000
14977816ns          245877 1c00888a f14027f3 csrrs            x15, x0, 0xf14      x15=00000001
14977836ns          245878 1c00888e f8068693 addi             x13, x13, -128      x13=00001f80 x13:00002000
14977856ns          245879 1c008892 00379713 slli             x14, x15, 0x3       x14=00000008 x15:00000001
14977876ns          245880 1c008896 00279793 slli             x15, x15, 0x2       x15=00000004 x15:00000001
14977896ns          245881 1c008898 00d7f7b3 and              x15, x15, x13       x15=00000000 x15:00000004 x13:00001f80
14977916ns          245882 1c00889a ee873733 p.bclr           x14, x14, 23, 8     x14=00000008 x14:00000008
14977935ns          245883 1c00889e 1a10f6b7 lui              x13, 0x1a10f000     x13=1a10f000
14977955ns          245884 1c0088a2 0ff57513 andi             x10, x10, 255       x10=00000069 x10:00000069
14977975ns          245885 1c0088a6 00d70733 add              x14, x14, x13       x14=1a10f008 x14:00000008 x13:1a10f000
14977995ns          245886 1c0088a8 00a7e723 p.sw             x10, x0(x15)        x10:00000069 x15:00000000  PA:1a10f008
14978313ns          245902 1c0088ac 00000513 addi             x10, x0, 0          x10=00000000
14978333ns          245903 1c0088ae 00008067 jalr             x0, x1, 0            x1:1c00897e
14978393ns          245906 1c00897e 31f52563 p.beqimm         x10, 778            x10:00000000
14978413ns          245907 1c008982 001d8d93 addi             x27, x27, 1         x27=00000026 x27:00000025
14978433ns          245908 1c008984 00044503 lbu              x10, 0(x8)          x10=00000064  x8:1c000043  PA:1c000043
14978731ns          245923 1c008988 00140413 addi             x8, x8, 1            x8=1c000044  x8:1c000043
14978751ns          245924 1c00898a fe0514e3 bne              x10, x0, -24        x10:00000064
14978830ns          245928 1c008972 02500793 addi             x15, x0, 37         x15=00000025
14978850ns          245929 1c008976 04f50863 beq              x10, x15, 80        x10:00000064 x15:00000025
14978870ns          245930 1c00897a 01a005b3 add              x11, x0, x26        x11=00000002 x26:00000002
14978890ns          245931 1c00897c 000b00e7 jalr             x1, x22, 0           x1=1c00897e x22:1c008888
14978930ns          245933 1c008888 000026b7 lui              x13, 0x2000         x13=00002000
14978950ns          245934 1c00888a f14027f3 csrrs            x15, x0, 0xf14      x15=00000001
14978970ns          245935 1c00888e f8068693 addi             x13, x13, -128      x13=00001f80 x13:00002000
14978990ns          245936 1c008892 00379713 slli             x14, x15, 0x3       x14=00000008 x15:00000001
14979010ns          245937 1c008896 00279793 slli             x15, x15, 0x2       x15=00000004 x15:00000001
14979029ns          245938 1c008898 00d7f7b3 and              x15, x15, x13       x15=00000000 x15:00000004 x13:00001f80
14979049ns          245939 1c00889a ee873733 p.bclr           x14, x14, 23, 8     x14=00000008 x14:00000008
14979069ns          245940 1c00889e 1a10f6b7 lui              x13, 0x1a10f000     x13=1a10f000
14979089ns          245941 1c0088a2 0ff57513 andi             x10, x10, 255       x10=00000064 x10:00000064
14979109ns          245942 1c0088a6 00d70733 add              x14, x14, x13       x14=1a10f008 x14:00000008 x13:1a10f000
14979129ns          245943 1c0088a8 00a7e723 p.sw             x10, x0(x15)        x10:00000064 x15:00000000  PA:1a10f008
14979447ns          245959 1c0088ac 00000513 addi             x10, x0, 0          x10=00000000
14979467ns          245960 1c0088ae 00008067 jalr             x0, x1, 0            x1:1c00897e
14979527ns          245963 1c00897e 31f52563 p.beqimm         x10, 778            x10:00000000
14979547ns          245964 1c008982 001d8d93 addi             x27, x27, 1         x27=00000027 x27:00000026
14979566ns          245965 1c008984 00044503 lbu              x10, 0(x8)          x10=00000020  x8:1c000044  PA:1c000044
14979885ns          245981 1c008988 00140413 addi             x8, x8, 1            x8=1c000045  x8:1c000044
14979905ns          245982 1c00898a fe0514e3 bne              x10, x0, -24        x10:00000020
14979984ns          245986 1c008972 02500793 addi             x15, x0, 37         x15=00000025
14980004ns          245987 1c008976 04f50863 beq              x10, x15, 80        x10:00000020 x15:00000025
14980024ns          245988 1c00897a 01a005b3 add              x11, x0, x26        x11=00000002 x26:00000002
14980044ns          245989 1c00897c 000b00e7 jalr             x1, x22, 0           x1=1c00897e x22:1c008888
14980084ns          245991 1c008888 000026b7 lui              x13, 0x2000         x13=00002000
14980103ns          245992 1c00888a f14027f3 csrrs            x15, x0, 0xf14      x15=00000001
14980123ns          245993 1c00888e f8068693 addi             x13, x13, -128      x13=00001f80 x13:00002000
14980143ns          245994 1c008892 00379713 slli             x14, x15, 0x3       x14=00000008 x15:00000001
14980163ns          245995 1c008896 00279793 slli             x15, x15, 0x2       x15=00000004 x15:00000001
14980183ns          245996 1c008898 00d7f7b3 and              x15, x15, x13       x15=00000000 x15:00000004 x13:00001f80
14980203ns          245997 1c00889a ee873733 p.bclr           x14, x14, 23, 8     x14=00000008 x14:00000008
14980223ns          245998 1c00889e 1a10f6b7 lui              x13, 0x1a10f000     x13=1a10f000
14980243ns          245999 1c0088a2 0ff57513 andi             x10, x10, 255       x10=00000020 x10:00000020
14980263ns          246000 1c0088a6 00d70733 add              x14, x14, x13       x14=1a10f008 x14:00000008 x13:1a10f000
14980283ns          246001 1c0088a8 00a7e723 p.sw             x10, x0(x15)        x10:00000020 x15:00000000  PA:1a10f008
14980601ns          246017 1c0088ac 00000513 addi             x10, x0, 0          x10=00000000
14980621ns          246018 1c0088ae 00008067 jalr             x0, x1, 0            x1:1c00897e
14980680ns          246021 1c00897e 31f52563 p.beqimm         x10, 778            x10:00000000
14980700ns          246022 1c008982 001d8d93 addi             x27, x27, 1         x27=00000028 x27:00000027
14980720ns          246023 1c008984 00044503 lbu              x10, 0(x8)          x10=0000003d  x8:1c000045  PA:1c000045
14981018ns          246038 1c008988 00140413 addi             x8, x8, 1            x8=1c000046  x8:1c000045
14981038ns          246039 1c00898a fe0514e3 bne              x10, x0, -24        x10:0000003d
14981118ns          246043 1c008972 02500793 addi             x15, x0, 37         x15=00000025
14981138ns          246044 1c008976 04f50863 beq              x10, x15, 80        x10:0000003d x15:00000025
14981158ns          246045 1c00897a 01a005b3 add              x11, x0, x26        x11=00000002 x26:00000002
14981178ns          246046 1c00897c 000b00e7 jalr             x1, x22, 0           x1=1c00897e x22:1c008888
14981217ns          246048 1c008888 000026b7 lui              x13, 0x2000         x13=00002000
14981237ns          246049 1c00888a f14027f3 csrrs            x15, x0, 0xf14      x15=00000001
14981257ns          246050 1c00888e f8068693 addi             x13, x13, -128      x13=00001f80 x13:00002000
14981277ns          246051 1c008892 00379713 slli             x14, x15, 0x3       x14=00000008 x15:00000001
14981297ns          246052 1c008896 00279793 slli             x15, x15, 0x2       x15=00000004 x15:00000001
14981317ns          246053 1c008898 00d7f7b3 and              x15, x15, x13       x15=00000000 x15:00000004 x13:00001f80
14981337ns          246054 1c00889a ee873733 p.bclr           x14, x14, 23, 8     x14=00000008 x14:00000008
14981357ns          246055 1c00889e 1a10f6b7 lui              x13, 0x1a10f000     x13=1a10f000
14981377ns          246056 1c0088a2 0ff57513 andi             x10, x10, 255       x10=0000003d x10:0000003d
14981396ns          246057 1c0088a6 00d70733 add              x14, x14, x13       x14=1a10f008 x14:00000008 x13:1a10f000
14981416ns          246058 1c0088a8 00a7e723 p.sw             x10, x0(x15)        x10:0000003d x15:00000000  PA:1a10f008
14981735ns          246074 1c0088ac 00000513 addi             x10, x0, 0          x10=00000000
14981754ns          246075 1c0088ae 00008067 jalr             x0, x1, 0            x1:1c00897e
14981814ns          246078 1c00897e 31f52563 p.beqimm         x10, 778            x10:00000000
14981834ns          246079 1c008982 001d8d93 addi             x27, x27, 1         x27=00000029 x27:00000028
14981854ns          246080 1c008984 00044503 lbu              x10, 0(x8)          x10=00000020  x8:1c000046  PA:1c000046
14982172ns          246096 1c008988 00140413 addi             x8, x8, 1            x8=1c000047  x8:1c000046
14982192ns          246097 1c00898a fe0514e3 bne              x10, x0, -24        x10:00000020
14982272ns          246101 1c008972 02500793 addi             x15, x0, 37         x15=00000025
14982291ns          246102 1c008976 04f50863 beq              x10, x15, 80        x10:00000020 x15:00000025
14982311ns          246103 1c00897a 01a005b3 add              x11, x0, x26        x11=00000002 x26:00000002
14982331ns          246104 1c00897c 000b00e7 jalr             x1, x22, 0           x1=1c00897e x22:1c008888
14982371ns          246106 1c008888 000026b7 lui              x13, 0x2000         x13=00002000
14982391ns          246107 1c00888a f14027f3 csrrs            x15, x0, 0xf14      x15=00000001
14982411ns          246108 1c00888e f8068693 addi             x13, x13, -128      x13=00001f80 x13:00002000
14982431ns          246109 1c008892 00379713 slli             x14, x15, 0x3       x14=00000008 x15:00000001
14982451ns          246110 1c008896 00279793 slli             x15, x15, 0x2       x15=00000004 x15:00000001
14982470ns          246111 1c008898 00d7f7b3 and              x15, x15, x13       x15=00000000 x15:00000004 x13:00001f80
14982490ns          246112 1c00889a ee873733 p.bclr           x14, x14, 23, 8     x14=00000008 x14:00000008
14982510ns          246113 1c00889e 1a10f6b7 lui              x13, 0x1a10f000     x13=1a10f000
14982530ns          246114 1c0088a2 0ff57513 andi             x10, x10, 255       x10=00000020 x10:00000020
14982550ns          246115 1c0088a6 00d70733 add              x14, x14, x13       x14=1a10f008 x14:00000008 x13:1a10f000
14982570ns          246116 1c0088a8 00a7e723 p.sw             x10, x0(x15)        x10:00000020 x15:00000000  PA:1a10f008
14982888ns          246132 1c0088ac 00000513 addi             x10, x0, 0          x10=00000000
14982908ns          246133 1c0088ae 00008067 jalr             x0, x1, 0            x1:1c00897e
14982968ns          246136 1c00897e 31f52563 p.beqimm         x10, 778            x10:00000000
14982988ns          246137 1c008982 001d8d93 addi             x27, x27, 1         x27=0000002a x27:00000029
14983008ns          246138 1c008984 00044503 lbu              x10, 0(x8)          x10=00000025  x8:1c000047  PA:1c000047
14983306ns          246153 1c008988 00140413 addi             x8, x8, 1            x8=1c000048  x8:1c000047
14983326ns          246154 1c00898a fe0514e3 bne              x10, x0, -24        x10:00000025
14983405ns          246158 1c008972 02500793 addi             x15, x0, 37         x15=00000025
14983425ns          246159 1c008976 04f50863 beq              x10, x15, 80        x10:00000025 x15:00000025
14983505ns          246163 1c0089c6 00044483 lbu              x9, 0(x8)            x9=00000064  x8:1c000048  PA:1c000048
14983803ns          246178 1c0089ca 02000693 addi             x13, x0, 32         x13=00000020
14983823ns          246179 1c0089ce 00140a93 addi             x21, x8, 1          x21=1c000049  x8:1c000048
14983843ns          246180 1c0089d2 009005b3 add              x11, x0, x9         x11=00000064  x9:00000064
14983863ns          246181 1c0089d4 0f4b8513 addi             x10, x23, 244       x10=1c0000f4 x23:1c000000
14983883ns          246182 1c0089d8 00d12823 sw               x13, 16(x2)         x13:00000020  x2:10000e58  PA:10000e68
14983903ns          246183 1c0089da 00012c23 sw               x0, 24(x2)           x2:10000e58  PA:10000e70
14983923ns          246184 1c0089dc 00012a23 sw               x0, 20(x2)           x2:10000e58  PA:10000e6c
14983942ns          246185 1c0089de 00012e23 sw               x0, 28(x2)           x2:10000e58  PA:10000e74
14983962ns          246186 1c0089e0 00012623 sw               x0, 12(x2)           x2:10000e58  PA:10000e64
14983982ns          246187 1c0089e2 02300913 addi             x18, x0, 35         x18=00000023
14984002ns          246188 1c0089e6 02d00a13 addi             x20, x0, 45         x20=0000002d
14984022ns          246189 1c0089ea 015009b3 add              x19, x0, x21        x19=1c000049 x21:1c000049
14984042ns          246190 1c0089ec e1dff0ef jal              x1, -484             x1=1c0089ee
14984161ns          246196 1c008808 00054783 lbu              x15, 0(x10)         x15=0000002d x10:1c0000f4  PA:1c0000f4
14984479ns          246212 1c00880c 0ff5f593 andi             x11, x11, 255       x11=00000064 x11:00000064
14984499ns          246213 1c008810 00b78c63 beq              x15, x11, 24        x15:0000002d x11:00000064
14984519ns          246214 1c008814 00078b63 beq              x15, x0, 22         x15:0000002d
14984539ns          246215 1c008816 00150793 addi             x15, x10, 1         x15=1c0000f5 x10:1c0000f4
14984559ns          246216 1c00881a 0040006f jal              x0, 4              
14984639ns          246220 1c00881e 00f00533 add              x10, x0, x15        x10=1c0000f5 x15:1c0000f5
14984658ns          246221 1c008820 0017c70b p.lbu            x14, 1(x15!)        x14=0000002b x15=1c0000f6 x15:1c0000f5  PA:1c0000f5
14984977ns          246237 1c008824 feb71ce3 bne              x14, x11, -8        x14:0000002b x11:00000064
14985036ns          246240 1c00881c 00070763 beq              x14, x0, 14         x14:0000002b
14985056ns          246241 1c00881e 00f00533 add              x10, x0, x15        x10=1c0000f6 x15:1c0000f6
14985076ns          246242 1c008820 0017c70b p.lbu            x14, 1(x15!)        x14=00000020 x15=1c0000f7 x15:1c0000f6  PA:1c0000f6
14985394ns          246258 1c008824 feb71ce3 bne              x14, x11, -8        x14:00000020 x11:00000064
14985454ns          246261 1c00881c 00070763 beq              x14, x0, 14         x14:00000020
14985474ns          246262 1c00881e 00f00533 add              x10, x0, x15        x10=1c0000f7 x15:1c0000f7
14985494ns          246263 1c008820 0017c70b p.lbu            x14, 1(x15!)        x14=00000023 x15=1c0000f8 x15:1c0000f7  PA:1c0000f7
14985812ns          246279 1c008824 feb71ce3 bne              x14, x11, -8        x14:00000023 x11:00000064
14985872ns          246282 1c00881c 00070763 beq              x14, x0, 14         x14:00000023
14985892ns          246283 1c00881e 00f00533 add              x10, x0, x15        x10=1c0000f8 x15:1c0000f8
14985912ns          246284 1c008820 0017c70b p.lbu            x14, 1(x15!)        x14=00000030 x15=1c0000f9 x15:1c0000f8  PA:1c0000f8
14986230ns          246300 1c008824 feb71ce3 bne              x14, x11, -8        x14:00000030 x11:00000064
14986290ns          246303 1c00881c 00070763 beq              x14, x0, 14         x14:00000030
14986309ns          246304 1c00881e 00f00533 add              x10, x0, x15        x10=1c0000f9 x15:1c0000f9
14986329ns          246305 1c008820 0017c70b p.lbu            x14, 1(x15!)        x14=00000000 x15=1c0000fa x15:1c0000f9  PA:1c0000f9
14986648ns          246321 1c008824 feb71ce3 bne              x14, x11, -8        x14:00000000 x11:00000064
14986707ns          246324 1c00881c 00070763 beq              x14, x0, 14         x14:00000000
14986787ns          246328 1c00882a 0015b593 sltiu            x11, x11, 1         x11=00000000 x11:00000064
14986807ns          246329 1c00882e 40b005b3 sub              x11, x0, x11        x11=00000000 x11:00000000
14986827ns          246330 1c008832 00b57533 and              x10, x10, x11       x10=00000000 x10:1c0000f9 x11:00000000
14986846ns          246331 1c008834 00008067 jalr             x0, x1, 0            x1:1c0089ee
14986886ns          246333 1c0089ee 02050a63 beq              x10, x0, 52         x10:00000000
14986966ns          246337 1c008a22 02a00613 addi             x12, x0, 42         x12=0000002a
14986986ns          246338 1c008a26 2ac48663 beq              x9, x12, 684         x9:00000064 x12:0000002a
14987006ns          246339 1c008a2a fd048613 addi             x12, x9, -48        x12=00000034  x9:00000064
14987025ns          246340 1c008a2e 00900593 addi             x11, x0, 9          x11=00000009
14987065ns          246342 1c008a30 00000913 addi             x18, x0, 0          x18=00000000
14987105ns          246344 1c008a32 28c5f063 bgeu             x11, x12, 640       x11:00000009 x12:00000034
14987125ns          246345 1c008a36 02e00693 addi             x13, x0, 46         x13=0000002e
14987145ns          246346 1c008a3a fff00a13 addi             x20, x0, -1         x20=ffffffff
14987165ns          246347 1c008a3c 2ed48363 beq              x9, x13, 742         x9:00000064 x13:0000002e
14987204ns          246349 1c008a40 1c0007b7 lui              x15, 0x1c000000     x15=1c000000
14987244ns          246351 1c008a44 009005b3 add              x11, x0, x9         x11=00000064  x9:00000064
14987264ns          246352 1c008a46 0fc78513 addi             x10, x15, 252       x10=1c0000fc x15:1c000000
14987284ns          246353 1c008a4a dbfff0ef jal              x1, -578             x1=1c008a4c
14987384ns          246358 1c008808 00054783 lbu              x15, 0(x10)         x15=00000068 x10:1c0000fc  PA:1c0000fc
14987682ns          246373 1c00880c 0ff5f593 andi             x11, x11, 255       x11=00000064 x11:00000064
14987702ns          246374 1c008810 00b78c63 beq              x15, x11, 24        x15:00000068 x11:00000064
14987722ns          246375 1c008814 00078b63 beq              x15, x0, 22         x15:00000068
14987742ns          246376 1c008816 00150793 addi             x15, x10, 1         x15=1c0000fd x10:1c0000fc
14987761ns          246377 1c00881a 0040006f jal              x0, 4              
14987801ns          246379 1c00881e 00f00533 add              x10, x0, x15        x10=1c0000fd x15:1c0000fd
14987821ns          246380 1c008820 0017c70b p.lbu            x14, 1(x15!)        x14=0000006c x15=1c0000fe x15:1c0000fd  PA:1c0000fd
14988139ns          246396 1c008824 feb71ce3 bne              x14, x11, -8        x14:0000006c x11:00000064
14988199ns          246399 1c00881c 00070763 beq              x14, x0, 14         x14:0000006c
14988219ns          246400 1c00881e 00f00533 add              x10, x0, x15        x10=1c0000fe x15:1c0000fe
14988239ns          246401 1c008820 0017c70b p.lbu            x14, 1(x15!)        x14=0000004c x15=1c0000ff x15:1c0000fe  PA:1c0000fe
14988557ns          246417 1c008824 feb71ce3 bne              x14, x11, -8        x14:0000004c x11:00000064
14988617ns          246420 1c00881c 00070763 beq              x14, x0, 14         x14:0000004c
14988637ns          246421 1c00881e 00f00533 add              x10, x0, x15        x10=1c0000ff x15:1c0000ff
14988657ns          246422 1c008820 0017c70b p.lbu            x14, 1(x15!)        x14=0000007a x15=1c000100 x15:1c0000ff  PA:1c0000ff
14988975ns          246438 1c008824 feb71ce3 bne              x14, x11, -8        x14:0000007a x11:00000064
14989034ns          246441 1c00881c 00070763 beq              x14, x0, 14         x14:0000007a
14989054ns          246442 1c00881e 00f00533 add              x10, x0, x15        x10=1c000100 x15:1c000100
14989074ns          246443 1c008820 0017c70b p.lbu            x14, 1(x15!)        x14=00000000 x15=1c000101 x15:1c000100  PA:1c000100
14989392ns          246459 1c008824 feb71ce3 bne              x14, x11, -8        x14:00000000 x11:00000064
14989452ns          246462 1c00881c 00070763 beq              x14, x0, 14         x14:00000000
14989532ns          246466 1c00882a 0015b593 sltiu            x11, x11, 1         x11=00000000 x11:00000064
14989552ns          246467 1c00882e 40b005b3 sub              x11, x0, x11        x11=00000000 x11:00000000
14989571ns          246468 1c008832 00b57533 and              x10, x10, x11       x10=00000000 x10:1c000100 x11:00000000
14989591ns          246469 1c008834 00008067 jalr             x0, x1, 0            x1:1c008a4c
14989631ns          246471 1c008a4c 01300433 add              x8, x0, x19          x8=1c000049 x19:1c000049
14989651ns          246472 1c008a4e 00050563 beq              x10, x0, 10         x10:00000000
14989711ns          246475 1c008a58 06700693 addi             x13, x0, 103        x13=00000067
14989731ns          246476 1c008a5c 2896d963 bge              x13, x9, 658        x13:00000067  x9:00000064
14989910ns          246485 1c008cee 06500693 addi             x13, x0, 101        x13=00000065
14989949ns          246487 1c008cf2 12d4d563 bge              x9, x13, 298         x9:00000064 x13:00000065
14989969ns          246488 1c008cf6 04700693 addi             x13, x0, 71         x13=00000047
14989989ns          246489 1c008cfa dc96cbe3 blt              x13, x9, -554       x13:00000047  x9:00000064
14990089ns          246494 1c008ad0 06300693 addi             x13, x0, 99         x13=00000063
14990109ns          246495 1c008ad4 0ad488e3 beq              x9, x13, 2224        x9:00000064 x13:00000063
14990128ns          246496 1c008ad8 0096c9e3 blt              x13, x9, 2066       x13:00000063  x9:00000064
14990327ns          246506 1c0092ea 000c2583 lw               x11, 0(x24)         x11=00000001 x24:10000fb0  PA:10000fb0
14990347ns          246507 1c0092ee 004c0c13 addi             x24, x24, 4         x24=10000fb4 x24:10000fb0
14990387ns          246509 1c0092f0 3405cc63 blt              x11, x0, 856        x11:00000001
14990427ns          246511 1c0092f4 01412603 lw               x12, 20(x2)         x12=00000000  x2:10000e58  PA:10000e6c
14990447ns          246512 1c0092f6 00b006b3 add              x13, x0, x11        x13=00000001 x11:00000001
14990467ns          246513 1c0092f8 2e061863 bne              x12, x0, 752        x12:00000000
14990486ns          246514 1c0092fc 01812703 lw               x14, 24(x2)         x14=00000000  x2:10000e58  PA:10000e70
14990506ns          246515 1c0092fe 019007b3 add              x15, x0, x25        x15=10000e7c x25:10000e7c
14990526ns          246516 1c009300 00070763 beq              x14, x0, 14         x14:00000000
14990586ns          246519 1c00930e 00f00733 add              x14, x0, x15        x14=10000e7c x15:10000e7c
14990606ns          246520 1c009310 00a00513 addi             x10, x0, 10         x10=0000000a
14990626ns          246521 1c009312 02a6f633 remu             x12, x13, x10       x12=00000001 x13:00000001 x10:0000000a
14991242ns          246552 1c009316 02a6d6b3 divu             x13, x13, x10       x13=00000000 x13:00000001 x10:0000000a
14991859ns          246583 1c00931a 03060613 addi             x12, x12, 48        x12=00000031 x12:00000001
14991879ns          246584 1c00931e 00c700ab p.sb             x12, 1(x14!)        x14=10000e7d x12:00000031 x14:10000e7c  PA:10000e7c
14991899ns          246585 1c009322 fe0698e3 bne              x13, x0, -16        x13:00000000
14991919ns          246586 1c009324 40f706b3 sub              x13, x14, x15       x13=00000001 x14:10000e7d x15:10000e7c
14991938ns          246587 1c009328 0146dc63 bge              x13, x20, 24        x13:00000001 x20:ffffffff
14991998ns          246590 1c009340 00e006b3 add              x13, x0, x14        x13=10000e7d x14:10000e7d
14992018ns          246591 1c009342 fe068fab p.sb             x0, -1(x13!)        x13=10000e7c x13:10000e7d  PA:10000e7d
14992038ns          246592 1c009346 00d7fc63 bgeu             x15, x13, 24        x15:10000e7c x13:10000e7c
14992157ns          246598 1c00935e 01412783 lw               x15, 20(x2)         x15=00000000  x2:10000e58  PA:10000e6c
14992217ns          246601 1c009360 01812603 lw               x12, 24(x2)         x12=00000000  x2:10000e58  PA:10000e70
14992257ns          246603 1c009362 419704b3 sub              x9, x14, x25         x9=00000001 x14:10000e7d x25:10000e7c
14992277ns          246604 1c009366 00c7e7b3 or               x15, x15, x12       x15=00000000 x15:00000000 x12:00000000
14992297ns          246605 1c009368 00f12623 sw               x15, 12(x2)         x15:00000000  x2:10000e58  PA:10000e64
14992336ns          246607 1c00936a 00079363 bne              x15, x0, 6          x15:00000000
14992356ns          246608 1c00936c 01f5d593 srli             x11, x11, 0x1f      x11=00000000 x11:00000001
14992376ns          246609 1c00936e 00b12623 sw               x11, 12(x2)         x11:00000000  x2:10000e58  PA:10000e64
14992396ns          246610 1c009370 e3fa28e3 p.beqimm         x20, -464           x20:ffffffff
14992495ns          246615 1c0091a0 0c800793 addi             x15, x0, 200        x15=000000c8
14992535ns          246617 1c0091a4 9e97d0e3 bge              x15, x9, -1568      x15:000000c8  x9:00000001
14992635ns          246622 1c008b84 0f24d163 bge              x9, x18, 226         x9:00000001 x18:00000000
14992774ns          246629 1c008c66 d00482e3 beq              x9, x0, -764         x9:00000001
14992794ns          246630 1c008c6a 01900933 add              x18, x0, x25        x18=10000e7c x25:10000e7c
14992814ns          246631 1c008c6c 419d8db3 sub              x27, x27, x25       x27=effff1ae x27:0000002a x25:10000e7c
14992834ns          246632 1c008c70 00a0006f jal              x0, 10             
14992893ns          246635 1c008c7a 0019450b p.lbu            x10, 1(x18!)        x10=00000031 x18=10000e7d x18:10000e7c  PA:10000e7c
14992913ns          246636 1c008c7e 01a005b3 add              x11, x0, x26        x11=00000002 x26:00000002
14992953ns          246638 1c008c80 000b00e7 jalr             x1, x22, 0           x1=1c008c82 x22:1c008888
14993032ns          246642 1c008888 000026b7 lui              x13, 0x2000         x13=00002000
14993072ns          246644 1c00888a f14027f3 csrrs            x15, x0, 0xf14      x15=00000001
14993092ns          246645 1c00888e f8068693 addi             x13, x13, -128      x13=00001f80 x13:00002000
14993112ns          246646 1c008892 00379713 slli             x14, x15, 0x3       x14=00000008 x15:00000001
14993132ns          246647 1c008896 00279793 slli             x15, x15, 0x2       x15=00000004 x15:00000001
14993152ns          246648 1c008898 00d7f7b3 and              x15, x15, x13       x15=00000000 x15:00000004 x13:00001f80
14993172ns          246649 1c00889a ee873733 p.bclr           x14, x14, 23, 8     x14=00000008 x14:00000008
14993212ns          246651 1c00889e 1a10f6b7 lui              x13, 0x1a10f000     x13=1a10f000
14993251ns          246653 1c0088a2 0ff57513 andi             x10, x10, 255       x10=00000031 x10:00000031
14993271ns          246654 1c0088a6 00d70733 add              x14, x14, x13       x14=1a10f008 x14:00000008 x13:1a10f000
14993291ns          246655 1c0088a8 00a7e723 p.sw             x10, x0(x15)        x10:00000031 x15:00000000  PA:1a10f008
14993629ns          246672 1c0088ac 00000513 addi             x10, x0, 0          x10=00000000
14993649ns          246673 1c0088ae 00008067 jalr             x0, x1, 0            x1:1c008c82
14993689ns          246675 1c008c82 fff48493 addi             x9, x9, -1           x9=00000000  x9:00000001
14993709ns          246676 1c008c84 fff537e3 p.bneimm         x10, -18            x10:00000000
14993788ns          246680 1c008c72 012d8733 add              x14, x27, x18       x14=0000002b x27:effff1ae x18:10000e7d
14993808ns          246681 1c008c76 5a048b63 beq              x9, x0, 1462         x9:00000000
14993868ns          246684 1c00922c 00e00db3 add              x27, x0, x14        x27=0000002b x14:0000002b
14993888ns          246685 1c00922e f3cff06f jal              x0, -2244          
14993947ns          246688 1c00896a 00044503 lbu              x10, 0(x8)          x10=00000029  x8:1c000049  PA:1c000049
14994246ns          246703 1c00896e 00140413 addi             x8, x8, 1            x8=1c00004a  x8:1c000049
14994266ns          246704 1c008970 00050e63 beq              x10, x0, 28         x10:00000029
14994286ns          246705 1c008972 02500793 addi             x15, x0, 37         x15=00000025
14994305ns          246706 1c008976 04f50863 beq              x10, x15, 80        x10:00000029 x15:00000025
14994325ns          246707 1c00897a 01a005b3 add              x11, x0, x26        x11=00000002 x26:00000002
14994345ns          246708 1c00897c 000b00e7 jalr             x1, x22, 0           x1=1c00897e x22:1c008888
14994465ns          246714 1c008888 000026b7 lui              x13, 0x2000         x13=00002000
14994504ns          246716 1c00888a f14027f3 csrrs            x15, x0, 0xf14      x15=00000001
14994524ns          246717 1c00888e f8068693 addi             x13, x13, -128      x13=00001f80 x13:00002000
14994544ns          246718 1c008892 00379713 slli             x14, x15, 0x3       x14=00000008 x15:00000001
14994564ns          246719 1c008896 00279793 slli             x15, x15, 0x2       x15=00000004 x15:00000001
14994584ns          246720 1c008898 00d7f7b3 and              x15, x15, x13       x15=00000000 x15:00000004 x13:00001f80
14994604ns          246721 1c00889a ee873733 p.bclr           x14, x14, 23, 8     x14=00000008 x14:00000008
14994624ns          246722 1c00889e 1a10f6b7 lui              x13, 0x1a10f000     x13=1a10f000
14994644ns          246723 1c0088a2 0ff57513 andi             x10, x10, 255       x10=00000029 x10:00000029
14994664ns          246724 1c0088a6 00d70733 add              x14, x14, x13       x14=1a10f008 x14:00000008 x13:1a10f000
14994683ns          246725 1c0088a8 00a7e723 p.sw             x10, x0(x15)        x10:00000029 x15:00000000  PA:1a10f008
14995022ns          246742 1c0088ac 00000513 addi             x10, x0, 0          x10=00000000
14995041ns          246743 1c0088ae 00008067 jalr             x0, x1, 0            x1:1c00897e
14995101ns          246746 1c00897e 31f52563 p.beqimm         x10, 778            x10:00000000
14995121ns          246747 1c008982 001d8d93 addi             x27, x27, 1         x27=0000002c x27:0000002b
14995141ns          246748 1c008984 00044503 lbu              x10, 0(x8)          x10=0000000a  x8:1c00004a  PA:1c00004a
14995439ns          246763 1c008988 00140413 addi             x8, x8, 1            x8=1c00004b  x8:1c00004a
14995459ns          246764 1c00898a fe0514e3 bne              x10, x0, -24        x10:0000000a
14995539ns          246768 1c008972 02500793 addi             x15, x0, 37         x15=00000025
14995559ns          246769 1c008976 04f50863 beq              x10, x15, 80        x10:0000000a x15:00000025
14995579ns          246770 1c00897a 01a005b3 add              x11, x0, x26        x11=00000002 x26:00000002
14995598ns          246771 1c00897c 000b00e7 jalr             x1, x22, 0           x1=1c00897e x22:1c008888
14995638ns          246773 1c008888 000026b7 lui              x13, 0x2000         x13=00002000
14995658ns          246774 1c00888a f14027f3 csrrs            x15, x0, 0xf14      x15=00000001
14995678ns          246775 1c00888e f8068693 addi             x13, x13, -128      x13=00001f80 x13:00002000
14995698ns          246776 1c008892 00379713 slli             x14, x15, 0x3       x14=00000008 x15:00000001
14995718ns          246777 1c008896 00279793 slli             x15, x15, 0x2       x15=00000004 x15:00000001
14995738ns          246778 1c008898 00d7f7b3 and              x15, x15, x13       x15=00000000 x15:00000004 x13:00001f80
14995758ns          246779 1c00889a ee873733 p.bclr           x14, x14, 23, 8     x14=00000008 x14:00000008
14995777ns          246780 1c00889e 1a10f6b7 lui              x13, 0x1a10f000     x13=1a10f000
14995797ns          246781 1c0088a2 0ff57513 andi             x10, x10, 255       x10=0000000a x10:0000000a
14995817ns          246782 1c0088a6 00d70733 add              x14, x14, x13       x14=1a10f008 x14:00000008 x13:1a10f000
14995837ns          246783 1c0088a8 00a7e723 p.sw             x10, x0(x15)        x10:0000000a x15:00000000  PA:1a10f008
14996175ns          246800 1c0088ac 00000513 addi             x10, x0, 0          x10=00000000
14996195ns          246801 1c0088ae 00008067 jalr             x0, x1, 0            x1:1c00897e
14996255ns          246804 1c00897e 31f52563 p.beqimm         x10, 778            x10:00000000
14996275ns          246805 1c008982 001d8d93 addi             x27, x27, 1         x27=0000002d x27:0000002c
14996295ns          246806 1c008984 00044503 lbu              x10, 0(x8)          x10=00000000  x8:1c00004b  PA:1c00004b
14996593ns          246821 1c008988 00140413 addi             x8, x8, 1            x8=1c00004c  x8:1c00004b
14996613ns          246822 1c00898a fe0514e3 bne              x10, x0, -24        x10:00000000
14996633ns          246823 1c00898c 01b00433 add              x8, x0, x27          x8=0000002d x27:0000002d
14996653ns          246824 1c00898e 00800533 add              x10, x0, x8         x10=0000002d  x8:0000002d
14996672ns          246825 1c008990 12c12083 lw               x1, 300(x2)          x1=1c00891c  x2:10000e58  PA:10000f84
14996692ns          246826 1c008994 12812403 lw               x8, 296(x2)          x8=xxxxxxxx  x2:10000e58  PA:10000f80
14996712ns          246827 1c008998 12412483 lw               x9, 292(x2)          x9=00000001  x2:10000e58  PA:10000f7c
14996732ns          246828 1c00899c 12012903 lw               x18, 288(x2)        x18=xxxxxxxx  x2:10000e58  PA:10000f78
14997110ns          246847 1c0089a0 11c12983 lw               x19, 284(x2)        x19=xxxxxxxx  x2:10000e58  PA:10000f74
14997150ns          246849 1c0089a4 11812a03 lw               x20, 280(x2)        x20=xxxxxxxx  x2:10000e58  PA:10000f70
14997170ns          246850 1c0089a8 11412a83 lw               x21, 276(x2)        x21=xxxxxxxx  x2:10000e58  PA:10000f6c
14997190ns          246851 1c0089ac 11012b03 lw               x22, 272(x2)        x22=xxxxxxxx  x2:10000e58  PA:10000f68
14997627ns          246873 1c0089b0 10c12b83 lw               x23, 268(x2)        x23=xxxxxxxx  x2:10000e58  PA:10000f64
14997667ns          246875 1c0089b4 10812c03 lw               x24, 264(x2)        x24=xxxxxxxx  x2:10000e58  PA:10000f60
14997687ns          246876 1c0089b8 10412c83 lw               x25, 260(x2)        x25=xxxxxxxx  x2:10000e58  PA:10000f5c
14997707ns          246877 1c0089bc 10012d03 lw               x26, 256(x2)        x26=xxxxxxxx  x2:10000e58  PA:10000f58
14997727ns          246878 1c0089c0 0fc12d83 lw               x27, 252(x2)        x27=xxxxxxxx  x2:10000e58  PA:10000f54
14997747ns          246879 1c0089c2 13010113 addi             x2, x2, 304          x2=10000f88  x2:10000e58
14997766ns          246880 1c0089c4 00008067 jalr             x0, x1, 0            x1:1c00891c
14997846ns          246884 1c00891c 01c12083 lw               x1, 28(x2)           x1=1c0081e8  x2:10000f88  PA:10000fa4
14997866ns          246885 1c00891e 04010113 addi             x2, x2, 64           x2=10000fc8  x2:10000f88
14997926ns          246888 1c008920 00008067 jalr             x0, x1, 0            x1:1c0081e8
14998025ns          246893 1c0081e8 2c3010ef jal              x1, 6850             x1=1c0081ec
14998542ns          246919 1c009caa f14027f3 csrrs            x15, x0, 0xf14      x15=00000001
14998562ns          246920 1c009cae 01f00713 addi             x14, x0, 31         x14=0000001f
14998980ns          246941 1c009cb0 ca5797b3 p.extractu       x15, x15, 5, 5      x15=00000000 x15:00000001
14999020ns          246943 1c009cb4 00e78863 beq              x15, x14, 16        x15:00000000 x14:0000001f
14999039ns          246944 1c009cb8 002047b7 lui              x15, 0x204000       x15=00204000
14999059ns          246945 1c009cbc 20078793 addi             x15, x15, 512       x15=00204200 x15:00204000
14999497ns          246967 1c009cc0 01c7e703 p.elw            x14, 28(x15)        x14=00010000 x15:00204200  PA:0020421c
14999676ns          246976 1c009cc4 00008067 jalr             x0, x1, 0            x1:1c0081ec
15000074ns          246996 1c0081ec 00300793 addi             x15, x0, 3          x15=00000003
15000511ns          247018 1c0081ee 0097f463 bgeu             x15, x9, 8          x15:00000003  x9:00000001
15000591ns          247022 1c0081f6 f14027f3 csrrs            x15, x0, 0xf14      x15=00000001
15000611ns          247023 1c0081fa f457b7b3 p.bclr           x15, x15, 26, 5     x15=00000001 x15:00000001
15001048ns          247045 1c0081fe 0c078c63 beq              x15, x0, 216        x15:00000001
15001088ns          247047 1c008202 1c010737 lui              x14, 0x1c010000     x14=1c010000
15001108ns          247048 1c008206 06400793 addi             x15, x0, 100        x15=00000064
15001128ns          247049 1c00820a 00070713 addi             x14, x14, 0         x14=1c010000 x14:1c010000
15001605ns          247073 1c00820e 02f487b3 mul              x15, x9, x15        x15=00000064  x9:00000001 x15:00000064
15001625ns          247074 1c008212 00279793 slli             x15, x15, 0x2       x15=00000190 x15:00000064
15001645ns          247075 1c008214 64070693 addi             x13, x14, 1600      x13=1c010640 x14:1c010000
15001665ns          247076 1c008218 00f686b3 add              x13, x13, x15       x13=1c0107d0 x13:1c010640 x15:00000190
15001685ns          247077 1c00821a 00f70733 add              x14, x14, x15       x14=1c010190 x14:1c010000 x15:00000190
15001705ns          247078 1c00821c 00000413 addi             x8, x0, 0            x8=00000000
15002123ns          247099 1c008220 064350fb lp.setupi        0x1, 0x64, 0x6     
15002162ns          247101 1c008224 0047258b p.lw             x11, 4(x14!)        x11=409bc44b x14=1c010194 x14:1c010190  PA:1c010190
15002520ns          247119 1c008228 0046a60b p.lw             x12, 4(x13!)        x12=418d5975 x13=1c0107d4 x13:1c0107d0  PA:1c0107d0
15002839ns          247135 1c00822c 40c5f443 fmadd.s          f8, f11, f12, f8     f8=xxxxxxxx f11:409bc44b f12:418d5975  f8:00000000
15002859ns          247136 1c008224 0047258b p.lw             x11, 4(x14!)        x11=427ccd33 x14=1c010198 x14:1c010194  PA:1c010194
15003157ns          247151 1c008228 0046a60b p.lw             x12, 4(x13!)        x12=426bb933 x13=1c0107d8 x13:1c0107d4  PA:1c0107d4
15003475ns          247167 1c00822c 40c5f443 fmadd.s          f8, f11, f12, f8     f8=xxxxxxxx f11:427ccd33 f12:426bb933  f8:42ac0317
15003495ns          247168 1c008224 0047258b p.lw             x11, 4(x14!)        x11=421be11b x14=1c01019c x14:1c010198  PA:1c010198
15003813ns          247184 1c008228 0046a60b p.lw             x12, 4(x13!)        x12=42571a11 x13=1c0107dc x13:1c0107d8  PA:1c0107d8
15004132ns          247200 1c00822c 40c5f443 fmadd.s          f8, f11, f12, f8     f8=xxxxxxxx f11:421be11b f12:42571a11  f8:456e2759
15004151ns          247201 1c008224 0047258b p.lw             x11, 4(x14!)        x11=4284b093 x14=1c0101a0 x14:1c01019c  PA:1c01019c
15004450ns          247216 1c008228 0046a60b p.lw             x12, 4(x13!)        x12=423619a7 x13=1c0107e0 x13:1c0107dc  PA:1c0107dc
15004768ns          247232 1c00822c 40c5f443 fmadd.s          f8, f11, f12, f8     f8=xxxxxxxx f11:4284b093 f12:423619a7  f8:45b890a3
15004788ns          247233 1c008224 0047258b p.lw             x11, 4(x14!)        x11=4292454d x14=1c0101a4 x14:1c0101a0  PA:1c0101a0
15005086ns          247248 1c008228 0046a60b p.lw             x12, 4(x13!)        x12=4222e647 x13=1c0107e4 x13:1c0107e0  PA:1c0107e0
15005405ns          247264 1c00822c 40c5f443 fmadd.s          f8, f11, f12, f8     f8=xxxxxxxx f11:4292454d f12:4222e647  f8:460b79bc
15005424ns          247265 1c008224 0047258b p.lw             x11, 4(x14!)        x11=419dc1f1 x14=1c0101a8 x14:1c0101a4  PA:1c0101a4
15005723ns          247280 1c008228 0046a60b p.lw             x12, 4(x13!)        x12=42b3fb57 x13=1c0107e8 x13:1c0107e4  PA:1c0107e4
15006041ns          247296 1c00822c 40c5f443 fmadd.s          f8, f11, f12, f8     f8=xxxxxxxx f11:419dc1f1 f12:42b3fb57  f8:463a0373
15006061ns          247297 1c008224 0047258b p.lw             x11, 4(x14!)        x11=420a4695 x14=1c0101ac x14:1c0101a8  PA:1c0101a8
15006359ns          247312 1c008228 0046a60b p.lw             x12, 4(x13!)        x12=40139981 x13=1c0107ec x13:1c0107e8  PA:1c0107e8
15006678ns          247328 1c00822c 40c5f443 fmadd.s          f8, f11, f12, f8     f8=xxxxxxxx f11:420a4695 f12:40139981  f8:4655bdd3
15006697ns          247329 1c008224 0047258b p.lw             x11, 4(x14!)        x11=42200206 x14=1c0101b0 x14:1c0101ac  PA:1c0101ac
15006996ns          247344 1c008228 0046a60b p.lw             x12, 4(x13!)        x12=41ff6671 x13=1c0107f0 x13:1c0107ec  PA:1c0107ec
15007314ns          247360 1c00822c 40c5f443 fmadd.s          f8, f11, f12, f8     f8=xxxxxxxx f11:42200206 f12:41ff6671  f8:4656fcb9
15007334ns          247361 1c008224 0047258b p.lw             x11, 4(x14!)        x11=425fcbb6 x14=1c0101b4 x14:1c0101b0  PA:1c0101b0
15007632ns          247376 1c008228 0046a60b p.lw             x12, 4(x13!)        x12=4217992b x13=1c0107f4 x13:1c0107f0  PA:1c0107f0
15007951ns          247392 1c00822c 40c5f443 fmadd.s          f8, f11, f12, f8     f8=xxxxxxxx f11:425fcbb6 f12:4217992b  f8:466af0fa
15007970ns          247393 1c008224 0047258b p.lw             x11, 4(x14!)        x11=4225e0b2 x14=1c0101b8 x14:1c0101b4  PA:1c0101b4
15008269ns          247408 1c008228 0046a60b p.lw             x12, 4(x13!)        x12=41cda0b9 x13=1c0107f8 x13:1c0107f4  PA:1c0107f4
15008587ns          247424 1c00822c 40c5f443 fmadd.s          f8, f11, f12, f8     f8=xxxxxxxx f11:4225e0b2 f12:41cda0b9  f8:4686095f
15008607ns          247425 1c008224 0047258b p.lw             x11, 4(x14!)        x11=42403125 x14=1c0101bc x14:1c0101b8  PA:1c0101b8
15008905ns          247440 1c008228 0046a60b p.lw             x12, 4(x13!)        x12=4290ddc7 x13=1c0107fc x13:1c0107f8  PA:1c0107f8
15009243ns          247457 1c00822c 40c5f443 fmadd.s          f8, f11, f12, f8     f8=xxxxxxxx f11:42403125 f12:4290ddc7  f8:468e5d30
15009263ns          247458 1c008224 0047258b p.lw             x11, 4(x14!)        x11=41b8ee74 x14=1c0101c0 x14:1c0101bc  PA:1c0101bc
15009562ns          247473 1c008228 0046a60b p.lw             x12, 4(x13!)        x12=42345db6 x13=1c010800 x13:1c0107fc  PA:1c0107fc
15009880ns          247489 1c00822c 40c5f443 fmadd.s          f8, f11, f12, f8     f8=xxxxxxxx f11:41b8ee74 f12:42345db6  f8:46a98db9
15009900ns          247490 1c008224 0047258b p.lw             x11, 4(x14!)        x11=424daca9 x14=1c0101c4 x14:1c0101c0  PA:1c0101c0
15010198ns          247505 1c008228 0046a60b p.lw             x12, 4(x13!)        x12=42111094 x13=1c010804 x13:1c010800  PA:1c010800
15010536ns          247522 1c00822c 40c5f443 fmadd.s          f8, f11, f12, f8     f8=xxxxxxxx f11:424daca9 f12:42111094  f8:46b1b26f
15010556ns          247523 1c008224 0047258b p.lw             x11, 4(x14!)        x11=42755a26 x14=1c0101c8 x14:1c0101c4  PA:1c0101c4
15010855ns          247538 1c008228 0046a60b p.lw             x12, 4(x13!)        x12=408d13c3 x13=1c010808 x13:1c010804  PA:1c010804
15011173ns          247554 1c00822c 40c5f443 fmadd.s          f8, f11, f12, f8     f8=xxxxxxxx f11:42755a26 f12:408d13c3  f8:46c043f3
15011193ns          247555 1c008224 0047258b p.lw             x11, 4(x14!)        x11=426d26bc x14=1c0101cc x14:1c0101c8  PA:1c0101c8
15011491ns          247570 1c008228 0046a60b p.lw             x12, 4(x13!)        x12=425612da x13=1c01080c x13:1c010808  PA:1c010808
15011829ns          247587 1c00822c 40c5f443 fmadd.s          f8, f11, f12, f8     f8=xxxxxxxx f11:426d26bc f12:425612da  f8:46c260c9
15011849ns          247588 1c008224 0047258b p.lw             x11, 4(x14!)        x11=4228a401 x14=1c0101d0 x14:1c0101cc  PA:1c0101cc
15012148ns          247603 1c008228 0046a60b p.lw             x12, 4(x13!)        x12=42bfe1c4 x13=1c010810 x13:1c01080c  PA:1c01080c
15012466ns          247619 1c00822c 40c5f443 fmadd.s          f8, f11, f12, f8     f8=xxxxxxxx f11:4228a401 f12:42bfe1c4  f8:46db2ac4
15012486ns          247620 1c008224 0047258b p.lw             x11, 4(x14!)        x11=3f9a19ce x14=1c0101d4 x14:1c0101d0  PA:1c0101d0
15012784ns          247635 1c008228 0046a60b p.lw             x12, 4(x13!)        x12=42b7f34b x13=1c010814 x13:1c010810  PA:1c010810
15013102ns          247651 1c00822c 40c5f443 fmadd.s          f8, f11, f12, f8     f8=xxxxxxxx f11:3f9a19ce f12:42b7f34b  f8:46fac48a
15013122ns          247652 1c008224 0047258b p.lw             x11, 4(x14!)        x11=427cee09 x14=1c0101d8 x14:1c0101d4  PA:1c0101d4
15013421ns          247667 1c008228 0046a60b p.lw             x12, 4(x13!)        x12=42c5d62c x13=1c010818 x13:1c010814  PA:1c010814
15013739ns          247683 1c00822c 40c5f443 fmadd.s          f8, f11, f12, f8     f8=xxxxxxxx f11:427cee09 f12:42c5d62c  f8:46fba200
15013759ns          247684 1c008224 0047258b p.lw             x11, 4(x14!)        x11=4299d73b x14=1c0101dc x14:1c0101d8  PA:1c0101d8
15014057ns          247699 1c008228 0046a60b p.lw             x12, 4(x13!)        x12=426c8775 x13=1c01081c x13:1c010818  PA:1c010818
15014375ns          247715 1c00822c 40c5f443 fmadd.s          f8, f11, f12, f8     f8=xxxxxxxx f11:4299d73b f12:426c8775  f8:47163fd9
15014395ns          247716 1c008224 0047258b p.lw             x11, 4(x14!)        x11=42a2f95b x14=1c0101e0 x14:1c0101dc  PA:1c0101dc
15014694ns          247731 1c008228 0046a60b p.lw             x12, 4(x13!)        x12=426630d4 x13=1c010820 x13:1c01081c  PA:1c01081c
15015012ns          247747 1c00822c 40c5f443 fmadd.s          f8, f11, f12, f8     f8=xxxxxxxx f11:42a2f95b f12:426630d4  f8:47280453
15015032ns          247748 1c008224 0047258b p.lw             x11, 4(x14!)        x11=429026f3 x14=1c0101e4 x14:1c0101e0  PA:1c0101e0
15015330ns          247763 1c008228 0046a60b p.lw             x12, 4(x13!)        x12=42582c51 x13=1c010824 x13:1c010820  PA:1c010820
15015648ns          247779 1c00822c 40c5f443 fmadd.s          f8, f11, f12, f8     f8=xxxxxxxx f11:429026f3 f12:42582c51  f8:473a55b7
15015668ns          247780 1c008224 0047258b p.lw             x11, 4(x14!)        x11=42b48933 x14=1c0101e8 x14:1c0101e4  PA:1c0101e4
15015967ns          247795 1c008228 0046a60b p.lw             x12, 4(x13!)        x12=4281ecd5 x13=1c010828 x13:1c010824  PA:1c010824
15016285ns          247811 1c00822c 40c5f443 fmadd.s          f8, f11, f12, f8     f8=xxxxxxxx f11:42b48933 f12:4281ecd5  f8:47498cf1
15016305ns          247812 1c008224 0047258b p.lw             x11, 4(x14!)        x11=41d9f152 x14=1c0101ec x14:1c0101e8  PA:1c0101e8
15016603ns          247827 1c008228 0046a60b p.lw             x12, 4(x13!)        x12=42a18710 x13=1c01082c x13:1c010828  PA:1c010828
15016921ns          247843 1c00822c 40c5f443 fmadd.s          f8, f11, f12, f8     f8=xxxxxxxx f11:41d9f152 f12:42a18710  f8:476074fb
15016941ns          247844 1c008224 0047258b p.lw             x11, 4(x14!)        x11=42b11812 x14=1c0101f0 x14:1c0101ec  PA:1c0101ec
15017240ns          247859 1c008228 0046a60b p.lw             x12, 4(x13!)        x12=3ff73da9 x13=1c010830 x13:1c01082c  PA:1c01082c
15017558ns          247875 1c00822c 40c5f443 fmadd.s          f8, f11, f12, f8     f8=xxxxxxxx f11:42b11812 f12:3ff73da9  f8:47690d37
15017578ns          247876 1c008224 0047258b p.lw             x11, 4(x14!)        x11=41875251 x14=1c0101f4 x14:1c0101f0  PA:1c0101f0
15017876ns          247891 1c008228 0046a60b p.lw             x12, 4(x13!)        x12=41ab3367 x13=1c010834 x13:1c010830  PA:1c010830
15018194ns          247907 1c00822c 40c5f443 fmadd.s          f8, f11, f12, f8     f8=xxxxxxxx f11:41875251 f12:41ab3367  f8:4769b840
15018214ns          247908 1c008224 0047258b p.lw             x11, 4(x14!)        x11=42a17158 x14=1c0101f8 x14:1c0101f4  PA:1c0101f4
15018532ns          247924 1c008228 0046a60b p.lw             x12, 4(x13!)        x12=42861d6d x13=1c010838 x13:1c010834  PA:1c010834
15018851ns          247940 1c00822c 40c5f443 fmadd.s          f8, f11, f12, f8     f8=xxxxxxxx f11:42a17158 f12:42861d6d  f8:476b223d
15018871ns          247941 1c008224 0047258b p.lw             x11, 4(x14!)        x11=42a0f5e3 x14=1c0101fc x14:1c0101f8  PA:1c0101f8
15019169ns          247956 1c008228 0046a60b p.lw             x12, 4(x13!)        x12=42bcd728 x13=1c01083c x13:1c010838  PA:1c010838
15019487ns          247972 1c00822c 40c5f443 fmadd.s          f8, f11, f12, f8     f8=xxxxxxxx f11:42a0f5e3 f12:42bcd728  f8:4780239b
15019507ns          247973 1c008224 0047258b p.lw             x11, 4(x14!)        x11=41f588e1 x14=1c010200 x14:1c0101fc  PA:1c0101fc
15019825ns          247989 1c008228 0046a60b p.lw             x12, 4(x13!)        x12=42788389 x13=1c010840 x13:1c01083c  PA:1c01083c
15020144ns          248005 1c00822c 40c5f443 fmadd.s          f8, f11, f12, f8     f8=xxxxxxxx f11:41f588e1 f12:42788389  f8:478efb16
15020163ns          248006 1c008224 0047258b p.lw             x11, 4(x14!)        x11=427de271 x14=1c010204 x14:1c010200  PA:1c010200
15020462ns          248021 1c008228 0046a60b p.lw             x12, 4(x13!)        x12=4294d773 x13=1c010844 x13:1c010840  PA:1c010840
15020780ns          248037 1c00822c 40c5f443 fmadd.s          f8, f11, f12, f8     f8=xxxxxxxx f11:427de271 f12:4294d773  f8:4792b481
15020800ns          248038 1c008224 0047258b p.lw             x11, 4(x14!)        x11=42b45b5e x14=1c010208 x14:1c010204  PA:1c010204
15021118ns          248054 1c008228 0046a60b p.lw             x12, 4(x13!)        x12=419f4bbf x13=1c010848 x13:1c010844  PA:1c010844
15021436ns          248070 1c00822c 40c5f443 fmadd.s          f8, f11, f12, f8     f8=xxxxxxxx f11:42b45b5e f12:419f4bbf  f8:479bee4a
15021456ns          248071 1c008224 0047258b p.lw             x11, 4(x14!)        x11=42b32341 x14=1c01020c x14:1c010208  PA:1c010208
15021755ns          248086 1c008228 0046a60b p.lw             x12, 4(x13!)        x12=428b8947 x13=1c01084c x13:1c010848  PA:1c010848
15022073ns          248102 1c00822c 40c5f443 fmadd.s          f8, f11, f12, f8     f8=xxxxxxxx f11:42b32341 f12:428b8947  f8:479f701b
15022093ns          248103 1c008224 0047258b p.lw             x11, 4(x14!)        x11=42c48db1 x14=1c010210 x14:1c01020c  PA:1c01020c
15022391ns          248118 1c008228 0046a60b p.lw             x12, 4(x13!)        x12=421b7093 x13=1c010850 x13:1c01084c  PA:1c01084c
15022709ns          248134 1c00822c 40c5f443 fmadd.s          f8, f11, f12, f8     f8=xxxxxxxx f11:42c48db1 f12:421b7093  f8:47aba4a1
15022729ns          248135 1c008224 0047258b p.lw             x11, 4(x14!)        x11=42aa34dc x14=1c010214 x14:1c010210  PA:1c010210
15023028ns          248150 1c008228 0046a60b p.lw             x12, 4(x13!)        x12=42822973 x13=1c010854 x13:1c010850  PA:1c010850
15023346ns          248166 1c00822c 40c5f443 fmadd.s          f8, f11, f12, f8     f8=xxxxxxxx f11:42aa34dc f12:42822973  f8:47b31a25
15023366ns          248167 1c008224 0047258b p.lw             x11, 4(x14!)        x11=41d7100a x14=1c010218 x14:1c010214  PA:1c010214
15023664ns          248182 1c008228 0046a60b p.lw             x12, 4(x13!)        x12=422d5f4d x13=1c010858 x13:1c010854  PA:1c010854
15023982ns          248198 1c00822c 40c5f443 fmadd.s          f8, f11, f12, f8     f8=xxxxxxxx f11:41d7100a f12:422d5f4d  f8:47bdeb72
15024002ns          248199 1c008224 0047258b p.lw             x11, 4(x14!)        x11=421171f0 x14=1c01021c x14:1c010218  PA:1c010218
15024301ns          248214 1c008228 0046a60b p.lw             x12, 4(x13!)        x12=42915f85 x13=1c01085c x13:1c010858  PA:1c010858
15024619ns          248230 1c00822c 40c5f443 fmadd.s          f8, f11, f12, f8     f8=xxxxxxxx f11:421171f0 f12:42915f85  f8:47c0320a
15024639ns          248231 1c008224 0047258b p.lw             x11, 4(x14!)        x11=42538cd3 x14=1c010220 x14:1c01021c  PA:1c01021c
15024937ns          248246 1c008228 0046a60b p.lw             x12, 4(x13!)        x12=42b6dc2d x13=1c010860 x13:1c01085c  PA:1c01085c
15025256ns          248262 1c00822c 40c5f443 fmadd.s          f8, f11, f12, f8     f8=xxxxxxxx f11:42538cd3 f12:42b6dc2d  f8:47c55b87
15025275ns          248263 1c008224 0047258b p.lw             x11, 4(x14!)        x11=422474e9 x14=1c010224 x14:1c010220  PA:1c010220
15025574ns          248278 1c008228 0046a60b p.lw             x12, 4(x13!)        x12=425d5db8 x13=1c010864 x13:1c010860  PA:1c010860
15025892ns          248294 1c00822c 40c5f443 fmadd.s          f8, f11, f12, f8     f8=xxxxxxxx f11:422474e9 f12:425d5db8  f8:47cecd48
15025912ns          248295 1c008224 0047258b p.lw             x11, 4(x14!)        x11=42a39bbb x14=1c010228 x14:1c010224  PA:1c010224
15026210ns          248310 1c008228 0046a60b p.lw             x12, 4(x13!)        x12=42725a34 x13=1c010868 x13:1c010864  PA:1c010864
15026548ns          248327 1c00822c 40c5f443 fmadd.s          f8, f11, f12, f8     f8=xxxxxxxx f11:42a39bbb f12:42725a34  f8:47d33ef1
15026568ns          248328 1c008224 0047258b p.lw             x11, 4(x14!)        x11=425ef9df x14=1c01022c x14:1c010228  PA:1c010228
15026867ns          248343 1c008228 0046a60b p.lw             x12, 4(x13!)        x12=404bbdbb x13=1c01086c x13:1c010868  PA:1c010868
15027185ns          248359 1c00822c 40c5f443 fmadd.s          f8, f11, f12, f8     f8=xxxxxxxx f11:425ef9df f12:404bbdbb  f8:47dced1f
15027205ns          248360 1c008224 0047258b p.lw             x11, 4(x14!)        x11=41bee858 x14=1c010230 x14:1c01022c  PA:1c01022c
15027503ns          248375 1c008228 0046a60b p.lw             x12, 4(x13!)        x12=42a696c4 x13=1c010870 x13:1c01086c  PA:1c01086c
15027841ns          248392 1c00822c 40c5f443 fmadd.s          f8, f11, f12, f8     f8=xxxxxxxx f11:41bee858 f12:42a696c4  f8:47dd45da
15027861ns          248393 1c008224 0047258b p.lw             x11, 4(x14!)        x11=412e80fe x14=1c010234 x14:1c010230  PA:1c010230
15028160ns          248408 1c008228 0046a60b p.lw             x12, 4(x13!)        x12=40fa945a x13=1c010874 x13:1c010870  PA:1c010870
15028478ns          248424 1c00822c 40c5f443 fmadd.s          f8, f11, f12, f8     f8=xxxxxxxx f11:412e80fe f12:40fa945a  f8:47e127b3
15028498ns          248425 1c008224 0047258b p.lw             x11, 4(x14!)        x11=424ac8dc x14=1c010238 x14:1c010234  PA:1c010234
15028796ns          248440 1c008228 0046a60b p.lw             x12, 4(x13!)        x12=42883a01 x13=1c010878 x13:1c010874  PA:1c010874
15029134ns          248457 1c00822c 40c5f443 fmadd.s          f8, f11, f12, f8     f8=xxxxxxxx f11:424ac8dc f12:42883a01  f8:47e15267
15029154ns          248458 1c008224 0047258b p.lw             x11, 4(x14!)        x11=4124a695 x14=1c01023c x14:1c010238  PA:1c010238
15029452ns          248473 1c008228 0046a60b p.lw             x12, 4(x13!)        x12=41d0b311 x13=1c01087c x13:1c010878  PA:1c010878
15029771ns          248489 1c00822c 40c5f443 fmadd.s          f8, f11, f12, f8     f8=xxxxxxxx f11:4124a695 f12:41d0b311  f8:47e810f1
15029791ns          248490 1c008224 0047258b p.lw             x11, 4(x14!)        x11=41c71f6c x14=1c010240 x14:1c01023c  PA:1c01023c
15030089ns          248505 1c008228 0046a60b p.lw             x12, 4(x13!)        x12=41564b59 x13=1c010880 x13:1c01087c  PA:1c01087c
15030407ns          248521 1c00822c 40c5f443 fmadd.s          f8, f11, f12, f8     f8=xxxxxxxx f11:41c71f6c f12:41564b59  f8:47e8972c
15030427ns          248522 1c008224 0047258b p.lw             x11, 4(x14!)        x11=427c7dcb x14=1c010244 x14:1c010240  PA:1c010240
15030725ns          248537 1c008228 0046a60b p.lw             x12, 4(x13!)        x12=40817d52 x13=1c010884 x13:1c010880  PA:1c010880
15031044ns          248553 1c00822c 40c5f443 fmadd.s          f8, f11, f12, f8     f8=xxxxxxxx f11:427c7dcb f12:40817d52  f8:47e93ddb
15031064ns          248554 1c008224 0047258b p.lw             x11, 4(x14!)        x11=42986135 x14=1c010248 x14:1c010244  PA:1c010244
15031362ns          248569 1c008228 0046a60b p.lw             x12, 4(x13!)        x12=40d1c96d x13=1c010888 x13:1c010884  PA:1c010884
15031680ns          248585 1c00822c 40c5f443 fmadd.s          f8, f11, f12, f8     f8=xxxxxxxx f11:42986135 f12:40d1c96d  f8:47e9bd92
15031700ns          248586 1c008224 0047258b p.lw             x11, 4(x14!)        x11=424ca489 x14=1c01024c x14:1c010248  PA:1c010248
15031998ns          248601 1c008228 0046a60b p.lw             x12, 4(x13!)        x12=41de8bcd x13=1c01088c x13:1c010888  PA:1c010888
15032317ns          248617 1c00822c 40c5f443 fmadd.s          f8, f11, f12, f8     f8=xxxxxxxx f11:424ca489 f12:41de8bcd  f8:47eab751
15032337ns          248618 1c008224 0047258b p.lw             x11, 4(x14!)        x11=4280d444 x14=1c010250 x14:1c01024c  PA:1c01024c
15032635ns          248633 1c008228 0046a60b p.lw             x12, 4(x13!)        x12=4247c6e7 x13=1c010890 x13:1c01088c  PA:1c01088c
15032953ns          248649 1c00822c 40c5f443 fmadd.s          f8, f11, f12, f8     f8=xxxxxxxx f11:4280d444 f12:4247c6e7  f8:47ed7eeb
15032973ns          248650 1c008224 0047258b p.lw             x11, 4(x14!)        x11=427e5d11 x14=1c010254 x14:1c010250  PA:1c010250
15033271ns          248665 1c008228 0046a60b p.lw             x12, 4(x13!)        x12=41919219 x13=1c010894 x13:1c010890  PA:1c010890
15033590ns          248681 1c00822c 40c5f443 fmadd.s          f8, f11, f12, f8     f8=xxxxxxxx f11:427e5d11 f12:41919219  f8:47f3c77d
15033610ns          248682 1c008224 0047258b p.lw             x11, 4(x14!)        x11=42b45116 x14=1c010258 x14:1c010254  PA:1c010254
15033908ns          248697 1c008228 0046a60b p.lw             x12, 4(x13!)        x12=41b55d7e x13=1c010898 x13:1c010894  PA:1c010894
15034226ns          248713 1c00822c 40c5f443 fmadd.s          f8, f11, f12, f8     f8=xxxxxxxx f11:42b45116 f12:41b55d7e  f8:47f60a0d
15034246ns          248714 1c008224 0047258b p.lw             x11, 4(x14!)        x11=4106c29d x14=1c01025c x14:1c010258  PA:1c010258
15034564ns          248730 1c008228 0046a60b p.lw             x12, 4(x13!)        x12=42917491 x13=1c01089c x13:1c010898  PA:1c010898
15034883ns          248746 1c00822c 40c5f443 fmadd.s          f8, f11, f12, f8     f8=xxxxxxxx f11:4106c29d f12:42917491  f8:47fa0806
15034903ns          248747 1c008224 0047258b p.lw             x11, 4(x14!)        x11=413b4cf9 x14=1c010260 x14:1c01025c  PA:1c01025c
15035201ns          248762 1c008228 0046a60b p.lw             x12, 4(x13!)        x12=41dcf0aa x13=1c0108a0 x13:1c01089c  PA:1c01089c
15035519ns          248778 1c00822c 40c5f443 fmadd.s          f8, f11, f12, f8     f8=xxxxxxxx f11:413b4cf9 f12:41dcf0aa  f8:47fb3a4c
15035539ns          248779 1c008224 0047258b p.lw             x11, 4(x14!)        x11=427d1ed2 x14=1c010264 x14:1c010260  PA:1c010260
15035857ns          248795 1c008228 0046a60b p.lw             x12, 4(x13!)        x12=42a57697 x13=1c0108a4 x13:1c0108a0  PA:1c0108a0
15036176ns          248811 1c00822c 40c5f443 fmadd.s          f8, f11, f12, f8     f8=xxxxxxxx f11:427d1ed2 f12:42a57697  f8:47fbdbf2
15036195ns          248812 1c008224 0047258b p.lw             x11, 4(x14!)        x11=41a5e220 x14=1c010268 x14:1c010264  PA:1c010264
15036494ns          248827 1c008228 0046a60b p.lw             x12, 4(x13!)        x12=422cd48b x13=1c0108a8 x13:1c0108a4  PA:1c0108a4
15036812ns          248843 1c00822c 40c5f443 fmadd.s          f8, f11, f12, f8     f8=xxxxxxxx f11:41a5e220 f12:422cd48b  f8:48030aca
15036832ns          248844 1c008224 0047258b p.lw             x11, 4(x14!)        x11=42bfc02f x14=1c01026c x14:1c010268  PA:1c010268
15037150ns          248860 1c008228 0046a60b p.lw             x12, 4(x13!)        x12=41efa6a4 x13=1c0108ac x13:1c0108a8  PA:1c0108a8
15037468ns          248876 1c00822c 40c5f443 fmadd.s          f8, f11, f12, f8     f8=xxxxxxxx f11:42bfc02f f12:41efa6a4  f8:4803eac5
15037488ns          248877 1c008224 0047258b p.lw             x11, 4(x14!)        x11=42a38b36 x14=1c010270 x14:1c01026c  PA:1c01026c
15037787ns          248892 1c008228 0046a60b p.lw             x12, 4(x13!)        x12=428a7e76 x13=1c0108b0 x13:1c0108ac  PA:1c0108ac
15038105ns          248908 1c00822c 40c5f443 fmadd.s          f8, f11, f12, f8     f8=xxxxxxxx f11:42a38b36 f12:428a7e76  f8:4806b8ca
15038125ns          248909 1c008224 0047258b p.lw             x11, 4(x14!)        x11=41cf3cf3 x14=1c010274 x14:1c010270  PA:1c010270
15038443ns          248925 1c008228 0046a60b p.lw             x12, 4(x13!)        x12=425d8503 x13=1c0108b4 x13:1c0108b0  PA:1c0108b0
15038761ns          248941 1c00822c 40c5f443 fmadd.s          f8, f11, f12, f8     f8=xxxxxxxx f11:41cf3cf3 f12:425d8503  f8:480c4067
15038781ns          248942 1c008224 0047258b p.lw             x11, 4(x14!)        x11=4295119c x14=1c010278 x14:1c010274  PA:1c010274
15039080ns          248957 1c008228 0046a60b p.lw             x12, 4(x13!)        x12=42779f57 x13=1c0108b8 x13:1c0108b4  PA:1c0108b4
15039398ns          248973 1c00822c 40c5f443 fmadd.s          f8, f11, f12, f8     f8=xxxxxxxx f11:4295119c f12:42779f57  f8:480da70e
15039418ns          248974 1c008224 0047258b p.lw             x11, 4(x14!)        x11=42a1e9b5 x14=1c01027c x14:1c010278  PA:1c010278
15039716ns          248989 1c008228 0046a60b p.lw             x12, 4(x13!)        x12=422f733c x13=1c0108bc x13:1c0108b8  PA:1c0108b8
15040034ns          249005 1c00822c 40c5f443 fmadd.s          f8, f11, f12, f8     f8=xxxxxxxx f11:42a1e9b5 f12:422f733c  f8:48122894
15040054ns          249006 1c008224 0047258b p.lw             x11, 4(x14!)        x11=42951199 x14=1c010280 x14:1c01027c  PA:1c01027c
15040353ns          249021 1c008228 0046a60b p.lw             x12, 4(x13!)        x12=42c47f1c x13=1c0108c0 x13:1c0108bc  PA:1c0108bc
15040671ns          249037 1c00822c 40c5f443 fmadd.s          f8, f11, f12, f8     f8=xxxxxxxx f11:42951199 f12:42c47f1c  f8:4815a051
15040691ns          249038 1c008224 0047258b p.lw             x11, 4(x14!)        x11=4246fd50 x14=1c010284 x14:1c010280  PA:1c010280
15040989ns          249053 1c008228 0046a60b p.lw             x12, 4(x13!)        x12=400787f8 x13=1c0108c4 x13:1c0108c0  PA:1c0108c0
15041307ns          249069 1c00822c 40c5f443 fmadd.s          f8, f11, f12, f8     f8=xxxxxxxx f11:4246fd50 f12:400787f8  f8:481cc709
15041327ns          249070 1c008224 0047258b p.lw             x11, 4(x14!)        x11=42c72423 x14=1c010288 x14:1c010284  PA:1c010284
15041626ns          249085 1c008228 0046a60b p.lw             x12, 4(x13!)        x12=429493ef x13=1c0108c8 x13:1c0108c4  PA:1c0108c4
15041944ns          249101 1c00822c 40c5f443 fmadd.s          f8, f11, f12, f8     f8=xxxxxxxx f11:42c72423 f12:429493ef  f8:481ce15f
15041964ns          249102 1c008224 0047258b p.lw             x11, 4(x14!)        x11=3fc08d0f x14=1c01028c x14:1c010288  PA:1c010288
15042262ns          249117 1c008228 0046a60b p.lw             x12, 4(x13!)        x12=41ed10cf x13=1c0108cc x13:1c0108c8  PA:1c0108c8
15042580ns          249133 1c00822c 40c5f443 fmadd.s          f8, f11, f12, f8     f8=xxxxxxxx f11:3fc08d0f f12:41ed10cf  f8:48241a9e
15042600ns          249134 1c008224 0047258b p.lw             x11, 4(x14!)        x11=3f88be13 x14=1c010290 x14:1c01028c  PA:1c01028c
15042899ns          249149 1c008228 0046a60b p.lw             x12, 4(x13!)        x12=4280b255 x13=1c0108d0 x13:1c0108cc  PA:1c0108cc
15043217ns          249165 1c00822c 40c5f443 fmadd.s          f8, f11, f12, f8     f8=xxxxxxxx f11:3f88be13 f12:4280b255  f8:482425c3
15043237ns          249166 1c008224 0047258b p.lw             x11, 4(x14!)        x11=41c21b7c x14=1c010294 x14:1c010290  PA:1c010290
15043535ns          249181 1c008228 0046a60b p.lw             x12, 4(x13!)        x12=411210d2 x13=1c0108d4 x13:1c0108d0  PA:1c0108d0
15043873ns          249198 1c00822c 40c5f443 fmadd.s          f8, f11, f12, f8     f8=xxxxxxxx f11:41c21b7c f12:411210d2  f8:482436f3
15043893ns          249199 1c008224 0047258b p.lw             x11, 4(x14!)        x11=418dd1b5 x14=1c010298 x14:1c010294  PA:1c010294
15044192ns          249214 1c008228 0046a60b p.lw             x12, 4(x13!)        x12=42b43204 x13=1c0108d8 x13:1c0108d4  PA:1c0108d4
15044510ns          249230 1c00822c 40c5f443 fmadd.s          f8, f11, f12, f8     f8=xxxxxxxx f11:418dd1b5 f12:42b43204  f8:48246e53
15044530ns          249231 1c008224 0047258b p.lw             x11, 4(x14!)        x11=40dfaebc x14=1c01029c x14:1c010298  PA:1c010298
15044828ns          249246 1c008228 0046a60b p.lw             x12, 4(x13!)        x12=42a44f84 x13=1c0108dc x13:1c0108d8  PA:1c0108d8
15045166ns          249263 1c00822c 40c5f443 fmadd.s          f8, f11, f12, f8     f8=xxxxxxxx f11:40dfaebc f12:42a44f84  f8:4825fda0
15045186ns          249264 1c008224 0047258b p.lw             x11, 4(x14!)        x11=42bd184e x14=1c0102a0 x14:1c01029c  PA:1c01029c
15045484ns          249279 1c008228 0046a60b p.lw             x12, 4(x13!)        x12=4123ecba x13=1c0108e0 x13:1c0108dc  PA:1c0108dc
15045803ns          249295 1c00822c 40c5f443 fmadd.s          f8, f11, f12, f8     f8=xxxxxxxx f11:42bd184e f12:4123ecba  f8:48268d31
15045823ns          249296 1c008224 0047258b p.lw             x11, 4(x14!)        x11=4294d62e x14=1c0102a4 x14:1c0102a0  PA:1c0102a0
15046121ns          249311 1c008228 0046a60b p.lw             x12, 4(x13!)        x12=42922b09 x13=1c0108e4 x13:1c0108e0  PA:1c0108e0
15046459ns          249328 1c00822c 40c5f443 fmadd.s          f8, f11, f12, f8     f8=xxxxxxxx f11:4294d62e f12:42922b09  f8:48277f5c
15046479ns          249329 1c008224 0047258b p.lw             x11, 4(x14!)        x11=429979a3 x14=1c0102a8 x14:1c0102a4  PA:1c0102a4
15046777ns          249344 1c008228 0046a60b p.lw             x12, 4(x13!)        x12=42c6e219 x13=1c0108e8 x13:1c0108e4  PA:1c0108e4
15047096ns          249360 1c00822c 40c5f443 fmadd.s          f8, f11, f12, f8     f8=xxxxxxxx f11:429979a3 f12:42c6e219  f8:482ccf0f
15047115ns          249361 1c008224 0047258b p.lw             x11, 4(x14!)        x11=41f456df x14=1c0102ac x14:1c0102a8  PA:1c0102a8
15047414ns          249376 1c008228 0046a60b p.lw             x12, 4(x13!)        x12=4254e0d3 x13=1c0108ec x13:1c0108e8  PA:1c0108e8
15047732ns          249392 1c00822c 40c5f443 fmadd.s          f8, f11, f12, f8     f8=xxxxxxxx f11:41f456df f12:4254e0d3  f8:483442c9
15047752ns          249393 1c008224 0047258b p.lw             x11, 4(x14!)        x11=42235d63 x14=1c0102b0 x14:1c0102ac  PA:1c0102ac
15048050ns          249408 1c008228 0046a60b p.lw             x12, 4(x13!)        x12=42959cff x13=1c0108f0 x13:1c0108ec  PA:1c0108ec
15048369ns          249424 1c00822c 40c5f443 fmadd.s          f8, f11, f12, f8     f8=xxxxxxxx f11:42235d63 f12:42959cff  f8:4835d926
15048388ns          249425 1c008224 0047258b p.lw             x11, 4(x14!)        x11=423b8d9f x14=1c0102b4 x14:1c0102b0  PA:1c0102b0
15048687ns          249440 1c008228 0046a60b p.lw             x12, 4(x13!)        x12=41a97ed6 x13=1c0108f4 x13:1c0108f0  PA:1c0108f0
15049005ns          249456 1c00822c 40c5f443 fmadd.s          f8, f11, f12, f8     f8=xxxxxxxx f11:423b8d9f f12:41a97ed6  f8:4838d4f2
15049025ns          249457 1c008224 0047258b p.lw             x11, 4(x14!)        x11=421025c3 x14=1c0102b8 x14:1c0102b4  PA:1c0102b4
15049323ns          249472 1c008228 0046a60b p.lw             x12, 4(x13!)        x12=42907c77 x13=1c0108f8 x13:1c0108f4  PA:1c0108f4
15049642ns          249488 1c00822c 40c5f443 fmadd.s          f8, f11, f12, f8     f8=xxxxxxxx f11:421025c3 f12:42907c77  f8:4839cd4d
15049661ns          249489 1c008224 0047258b p.lw             x11, 4(x14!)        x11=4269809f x14=1c0102bc x14:1c0102b8  PA:1c0102b8
15049960ns          249504 1c008228 0046a60b p.lw             x12, 4(x13!)        x12=42732af0 x13=1c0108fc x13:1c0108f8  PA:1c0108f8
15050278ns          249520 1c00822c 40c5f443 fmadd.s          f8, f11, f12, f8     f8=xxxxxxxx f11:4269809f f12:42732af0  f8:483c5828
15050298ns          249521 1c008224 0047258b p.lw             x11, 4(x14!)        x11=4239d0c5 x14=1c0102c0 x14:1c0102bc  PA:1c0102bc
15050596ns          249536 1c008228 0046a60b p.lw             x12, 4(x13!)        x12=4282741e x13=1c010900 x13:1c0108fc  PA:1c0108fc
15050915ns          249552 1c00822c 40c5f443 fmadd.s          f8, f11, f12, f8     f8=xxxxxxxx f11:4239d0c5 f12:4282741e  f8:483fcf59
15050934ns          249553 1c008224 0047258b p.lw             x11, 4(x14!)        x11=41f8de0b x14=1c0102c4 x14:1c0102c0  PA:1c0102c0
15051233ns          249568 1c008228 0046a60b p.lw             x12, 4(x13!)        x12=412d3c51 x13=1c010904 x13:1c010900  PA:1c010900
15051551ns          249584 1c00822c 40c5f443 fmadd.s          f8, f11, f12, f8     f8=xxxxxxxx f11:41f8de0b f12:412d3c51  f8:4842c4db
15051571ns          249585 1c008224 0047258b p.lw             x11, 4(x14!)        x11=42b3eda3 x14=1c0102c8 x14:1c0102c4  PA:1c0102c4
15051869ns          249600 1c008228 0046a60b p.lw             x12, 4(x13!)        x12=42409bb0 x13=1c010908 x13:1c010904  PA:1c010904
15052188ns          249616 1c00822c 40c5f443 fmadd.s          f8, f11, f12, f8     f8=xxxxxxxx f11:42b3eda3 f12:42409bb0  f8:4843190f
15052207ns          249617 1c008224 0047258b p.lw             x11, 4(x14!)        x11=401d82f8 x14=1c0102cc x14:1c0102c8  PA:1c0102c8
15052506ns          249632 1c008228 0046a60b p.lw             x12, 4(x13!)        x12=42b02cfb x13=1c01090c x13:1c010908  PA:1c010908
15052824ns          249648 1c00822c 40c5f443 fmadd.s          f8, f11, f12, f8     f8=xxxxxxxx f11:401d82f8 f12:42b02cfb  f8:4847540c
15052844ns          249649 1c008224 0047258b p.lw             x11, 4(x14!)        x11=42106dbd x14=1c0102d0 x14:1c0102cc  PA:1c0102cc
15053162ns          249665 1c008228 0046a60b p.lw             x12, 4(x13!)        x12=42be7369 x13=1c010910 x13:1c01090c  PA:1c01090c
15053480ns          249681 1c00822c 40c5f443 fmadd.s          f8, f11, f12, f8     f8=xxxxxxxx f11:42106dbd f12:42be7369  f8:48478a3f
15053500ns          249682 1c008224 0047258b p.lw             x11, 4(x14!)        x11=42344127 x14=1c0102d4 x14:1c0102d0  PA:1c0102d0
15053799ns          249697 1c008228 0046a60b p.lw             x12, 4(x13!)        x12=421a361a x13=1c010914 x13:1c010910  PA:1c010910
15054117ns          249713 1c00822c 40c5f443 fmadd.s          f8, f11, f12, f8     f8=xxxxxxxx f11:42344127 f12:421a361a  f8:484ae5d3
15054137ns          249714 1c008224 0047258b p.lw             x11, 4(x14!)        x11=42ad30e7 x14=1c0102d8 x14:1c0102d4  PA:1c0102d4
15054455ns          249730 1c008228 0046a60b p.lw             x12, 4(x13!)        x12=42afa364 x13=1c010918 x13:1c010914  PA:1c010914
15054773ns          249746 1c00822c 40c5f443 fmadd.s          f8, f11, f12, f8     f8=xxxxxxxx f11:42ad30e7 f12:42afa364  f8:484c9828
15054793ns          249747 1c008224 0047258b p.lw             x11, 4(x14!)        x11=429fa987 x14=1c0102dc x14:1c0102d8  PA:1c0102d8
15055092ns          249762 1c008228 0046a60b p.lw             x12, 4(x13!)        x12=42bd8589 x13=1c01091c x13:1c010918  PA:1c010918
15055410ns          249778 1c00822c 40c5f443 fmadd.s          f8, f11, f12, f8     f8=xxxxxxxx f11:429fa987 f12:42bd8589  f8:48540557
15055430ns          249779 1c008224 0047258b p.lw             x11, 4(x14!)        x11=42421c2e x14=1c0102e0 x14:1c0102dc  PA:1c0102dc
15055748ns          249795 1c008228 0046a60b p.lw             x12, 4(x13!)        x12=41aab897 x13=1c010920 x13:1c01091c  PA:1c01091c
15056066ns          249811 1c00822c 40c5f443 fmadd.s          f8, f11, f12, f8     f8=xxxxxxxx f11:42421c2e f12:41aab897  f8:485b688e
15056086ns          249812 1c008224 0047258b p.lw             x11, 4(x14!)        x11=42b3a242 x14=1c0102e4 x14:1c0102e0  PA:1c0102e0
15056385ns          249827 1c008228 0046a60b p.lw             x12, 4(x13!)        x12=41e6aec8 x13=1c010924 x13:1c010920  PA:1c010920
15056703ns          249843 1c00822c 40c5f443 fmadd.s          f8, f11, f12, f8     f8=xxxxxxxx f11:42b3a242 f12:41e6aec8  f8:485c6b73
15056723ns          249844 1c008224 0047258b p.lw             x11, 4(x14!)        x11=4279e636 x14=1c0102e8 x14:1c0102e4  PA:1c0102e4
15057021ns          249859 1c008228 0046a60b p.lw             x12, 4(x13!)        x12=427d3f70 x13=1c010928 x13:1c010924  PA:1c010924
15057339ns          249875 1c00822c 40c5f443 fmadd.s          f8, f11, f12, f8     f8=xxxxxxxx f11:4279e636 f12:427d3f70  f8:485ef2ed
15057359ns          249876 1c008224 0047258b p.lw             x11, 4(x14!)        x11=422c38f8 x14=1c0102ec x14:1c0102e8  PA:1c0102e8
15057658ns          249891 1c008228 0046a60b p.lw             x12, 4(x13!)        x12=40f5f504 x13=1c01092c x13:1c010928  PA:1c010928
15057976ns          249907 1c00822c 40c5f443 fmadd.s          f8, f11, f12, f8     f8=xxxxxxxx f11:422c38f8 f12:40f5f504  f8:4862cfc7
15057996ns          249908 1c008224 0047258b p.lw             x11, 4(x14!)        x11=420e0b8a x14=1c0102f0 x14:1c0102ec  PA:1c0102ec
15058294ns          249923 1c008228 0046a60b p.lw             x12, 4(x13!)        x12=41793640 x13=1c010930 x13:1c01092c  PA:1c01092c
15058612ns          249939 1c00822c 40c5f443 fmadd.s          f8, f11, f12, f8     f8=xxxxxxxx f11:420e0b8a f12:41793640  f8:48632283
15058632ns          249940 1c008224 0047258b p.lw             x11, 4(x14!)        x11=41eb3beb x14=1c0102f4 x14:1c0102f0  PA:1c0102f0
15058931ns          249955 1c008228 0046a60b p.lw             x12, 4(x13!)        x12=427f4cd5 x13=1c010934 x13:1c010930  PA:1c010930
15059249ns          249971 1c00822c 40c5f443 fmadd.s          f8, f11, f12, f8     f8=xxxxxxxx f11:41eb3beb f12:427f4cd5  f8:4863acca
15059269ns          249972 1c008224 0047258b p.lw             x11, 4(x14!)        x11=40b8869b x14=1c0102f8 x14:1c0102f4  PA:1c0102f4
15059567ns          249987 1c008228 0046a60b p.lw             x12, 4(x13!)        x12=426636aa x13=1c010938 x13:1c010934  PA:1c010934
15059885ns          250003 1c00822c 40c5f443 fmadd.s          f8, f11, f12, f8     f8=xxxxxxxx f11:40b8869b f12:426636aa  f8:486581f9
15059905ns          250004 1c008224 0047258b p.lw             x11, 4(x14!)        x11=41e79803 x14=1c0102fc x14:1c0102f8  PA:1c0102f8
15060204ns          250019 1c008228 0046a60b p.lw             x12, 4(x13!)        x12=423ad34d x13=1c01093c x13:1c010938  PA:1c010938
15060522ns          250035 1c00822c 40c5f443 fmadd.s          f8, f11, f12, f8     f8=xxxxxxxx f11:41e79803 f12:423ad34d  f8:4865d4f1
15060542ns          250036 1c008224 0047258b p.lw             x11, 4(x14!)        x11=42b76e13 x14=1c010300 x14:1c0102fc  PA:1c0102fc
15060840ns          250051 1c008228 0046a60b p.lw             x12, 4(x13!)        x12=4210b20f x13=1c010940 x13:1c01093c  PA:1c01093c
15061178ns          250068 1c00822c 40c5f443 fmadd.s          f8, f11, f12, f8     f8=xxxxxxxx f11:42b76e13 f12:4210b20f  f8:486726f8
15061198ns          250069 1c008224 0047258b p.lw             x11, 4(x14!)        x11=429bc765 x14=1c010304 x14:1c010300  PA:1c010300
15061496ns          250084 1c008228 0046a60b p.lw             x12, 4(x13!)        x12=42a644e1 x13=1c010944 x13:1c010940  PA:1c010940
15061815ns          250100 1c00822c 40c5f443 fmadd.s          f8, f11, f12, f8     f8=xxxxxxxx f11:429bc765 f12:42a644e1  f8:486a6464
15061835ns          250101 1c008224 0047258b p.lw             x11, 4(x14!)        x11=41362210 x14=1c010308 x14:1c010304  PA:1c010304
15062133ns          250116 1c008228 0046a60b p.lw             x12, 4(x13!)        x12=41b5c4ae x13=1c010948 x13:1c010944  PA:1c010944
15062471ns          250133 1c00822c 40c5f443 fmadd.s          f8, f11, f12, f8     f8=xxxxxxxx f11:41362210 f12:41b5c4ae  f8:4870b737
15062491ns          250134 1c008224 0047258b p.lw             x11, 4(x14!)        x11=421293a7 x14=1c01030c x14:1c010308  PA:1c010308
15062789ns          250149 1c008228 0046a60b p.lw             x12, 4(x13!)        x12=42af228a x13=1c01094c x13:1c010948  PA:1c010948
15063108ns          250165 1c00822c 40c5f443 fmadd.s          f8, f11, f12, f8     f8=xxxxxxxx f11:421293a7 f12:42af228a  f8:4870f7e0
15063127ns          250166 1c008224 0047258b p.lw             x11, 4(x14!)        x11=428d8df7 x14=1c010310 x14:1c01030c  PA:1c01030c
15063426ns          250181 1c008228 0046a60b p.lw             x12, 4(x13!)        x12=41965448 x13=1c010950 x13:1c01094c  PA:1c01094c
15063764ns          250198 1c00822c 40c5f443 fmadd.s          f8, f11, f12, f8     f8=xxxxxxxx f11:428d8df7 f12:41965448  f8:48741a16
15063784ns          250199 1c008224 0047258b p.lw             x11, 4(x14!)        x11=41a941f0 x14=1c010314 x14:1c010310  PA:1c010310
15064082ns          250214 1c008228 0046a60b p.lw             x12, 4(x13!)        x12=41002dfe x13=1c010954 x13:1c010950  PA:1c010950
15064401ns          250230 1c00822c 40c5f443 fmadd.s          f8, f11, f12, f8     f8=xxxxxxxx f11:41a941f0 f12:41002dfe  f8:48756695
15064420ns          250231 1c008224 0047258b p.lw             x11, 4(x14!)        x11=426e9e1d x14=1c010318 x14:1c010314  PA:1c010314
15064719ns          250246 1c008228 0046a60b p.lw             x12, 4(x13!)        x12=42139a0c x13=1c010958 x13:1c010954  PA:1c010954
15065037ns          250262 1c00822c 40c5f443 fmadd.s          f8, f11, f12, f8     f8=xxxxxxxx f11:426e9e1d f12:42139a0c  f8:487590f5
15065057ns          250263 1c008224 0047258b p.lw             x11, 4(x14!)        x11=4260461b x14=1c01031c x14:1c010318  PA:1c010318
15065355ns          250278 1c008228 0046a60b p.lw             x12, 4(x13!)        x12=42012230 x13=1c01095c x13:1c010958  PA:1c010958
15065674ns          250294 1c00822c 40c5f443 fmadd.s          f8, f11, f12, f8     f8=xxxxxxxx f11:4260461b f12:42012230  f8:4877b747
15065693ns          250295 1c008224 0047258b p.lw             x11, 4(x14!)        x11=42497386 x14=1c010320 x14:1c01031c  PA:1c01031c
15065992ns          250310 1c008228 0046a60b p.lw             x12, 4(x13!)        x12=42a06097 x13=1c010960 x13:1c01095c  PA:1c01095c
15066310ns          250326 1c00822c 40c5f443 fmadd.s          f8, f11, f12, f8     f8=xxxxxxxx f11:42497386 f12:42a06097  f8:48797bcc
15066330ns          250327 1c008230 00812623 sw               x8, 12(x2)           x8:487d6d6e  x2:10000fc8  PA:10000fd4
15066350ns          250328 1c008232 279010ef jal              x1, 6776             x1=1c008236
15066469ns          250334 1c009caa f14027f3 csrrs            x15, x0, 0xf14      x15=00000001
15066489ns          250335 1c009cae 01f00713 addi             x14, x0, 31         x14=0000001f
15066529ns          250337 1c009cb0 ca5797b3 p.extractu       x15, x15, 5, 5      x15=00000000 x15:00000001
15066569ns          250339 1c009cb4 00e78863 beq              x15, x14, 16        x15:00000000 x14:0000001f
15066588ns          250340 1c009cb8 002047b7 lui              x15, 0x204000       x15=00204000
15066608ns          250341 1c009cbc 20078793 addi             x15, x15, 512       x15=00204200 x15:00204000
15066628ns          250342 1c009cc0 01c7e703 p.elw            x14, 28(x15)        x14=00010000 x15:00204200  PA:0020421c
15067543ns          250388 1c009cc4 00008067 jalr             x0, x1, 0            x1:1c008236
15067603ns          250391 1c008236 f14027f3 csrrs            x15, x0, 0xf14      x15=00000001
15067623ns          250392 1c00823a f457b7b3 p.bclr           x15, x15, 26, 5     x15=00000001 x15:00000001
15067643ns          250393 1c00823e 0a078c63 beq              x15, x0, 184        x15:00000001
15068100ns          250416 1c008240 1c0117b7 lui              x15, 0x1c011000     x15=1c011000
15068140ns          250418 1c008244 00078793 addi             x15, x15, 0         x15=1c011000 x15:1c011000
15068160ns          250419 1c008248 00349713 slli             x14, x9, 0x3        x14=00000008  x9:00000001
15068180ns          250420 1c00824c 00f70733 add              x14, x14, x15       x14=1c011008 x14:00000008 x15:1c011000
15068697ns          250446 1c00824e c8072903 lw               x18, -896(x14)      x18=487d6e14 x14:1c011008  PA:1c010c88
15069115ns          250467 1c008252 00349493 slli             x9, x9, 0x3          x9=00000008  x9:00000001
15069135ns          250468 1c008254 a1240753 fle.s            x14, f8, f18        x14=00000001  f8:487d6d6e f18:487d6e14
15069154ns          250469 1c008258 00f484b3 add              x9, x9, x15          x9=1c011008  x9:00000008 x15:1c011000
15069174ns          250470 1c00825a c844a983 lw               x19, -892(x9)       x19=487d6cc8  x9:1c011008  PA:1c010c8c
15069612ns          250492 1c00825e 04071e63 bne              x14, x0, 92         x14:00000001
15070129ns          250518 1c0082ba a08987d3 fle.s            x15, f19, f8        x15=00000001 f19:487d6cc8  f8:487d6d6e
15070149ns          250519 1c0082be fa0781e3 beq              x15, x0, -94        x15:00000001
15070587ns          250541 1c0082c0 1c000537 lui              x10, 0x1c000000     x10=1c000000
15070626ns          250543 1c0082c4 f14025f3 csrrs            x11, x0, 0xf14      x11=00000001
15070646ns          250544 1c0082c8 06c50513 addi             x10, x10, 108       x10=1c00006c x10:1c000000
15070666ns          250545 1c0082cc f455b5b3 p.bclr           x11, x11, 26, 5     x11=00000001 x11:00000001
15070726ns          250548 1c0082d0 624000ef jal              x1, 1572             x1=1c0082d2
15070805ns          250552 1c0088f4 fc010113 addi             x2, x2, -64          x2=10000f88  x2:10000fc8
15070845ns          250554 1c0088f6 02410313 addi             x6, x2, 36           x6=10000fac  x2:10000f88
15070865ns          250555 1c0088fa 02c12423 sw               x12, 40(x2)         x12:42a06097  x2:10000f88  PA:10000fb0
15070885ns          250556 1c0088fc 00a00633 add              x12, x0, x10        x12=1c00006c x10:1c00006c
15070925ns          250558 1c0088fe 1c009537 lui              x10, 0x1c009000     x10=1c009000
15070945ns          250559 1c008902 02b12223 sw               x11, 36(x2)         x11:00000001  x2:10000f88  PA:10000fac
15070964ns          250560 1c008904 02d12623 sw               x13, 44(x2)         x13:1c010960  x2:10000f88  PA:10000fb4
15070984ns          250561 1c008906 00200593 addi             x11, x0, 2          x11=00000002
15071004ns          250562 1c008908 006006b3 add              x13, x0, x6         x13=10000fac  x6:10000fac
15071024ns          250563 1c00890a 88850513 addi             x10, x10, -1912     x10=1c008888 x10:1c009000
15071044ns          250564 1c00890e 00112e23 sw               x1, 28(x2)           x1:1c0082d2  x2:10000f88  PA:10000fa4
15071064ns          250565 1c008910 02e12823 sw               x14, 48(x2)         x14:00000001  x2:10000f88  PA:10000fb8
15071084ns          250566 1c008912 02f12a23 sw               x15, 52(x2)         x15:00000001  x2:10000f88  PA:10000fbc
15071104ns          250567 1c008914 03012c23 sw               x16, 56(x2)         x16:xxxxxxxx  x2:10000f88  PA:10000fc0
15071124ns          250568 1c008916 03112e23 sw               x17, 60(x2)         x17:xxxxxxxx  x2:10000f88  PA:10000fc4
15071143ns          250569 1c008918 00612623 sw               x6, 12(x2)           x6:10000fac  x2:10000f88  PA:10000f94
15071163ns          250570 1c00891a fbfff0ef jal              x1, -66              x1=1c00891c
15071203ns          250572 1c0088d8 04a0006f jal              x0, 74             
15071243ns          250574 1c008922 ed010113 addi             x2, x2, -304         x2=10000e58  x2:10000f88
15071263ns          250575 1c008924 12812423 sw               x8, 296(x2)          x8:487d6d6e  x2:10000e58  PA:10000f80
15071283ns          250576 1c008928 00000413 addi             x8, x0, 0            x8=00000000
15071303ns          250577 1c00892a 11612823 sw               x22, 272(x2)        x22:xxxxxxxx  x2:10000e58  PA:10000f68
15071362ns          250580 1c00892e 11712623 sw               x23, 268(x2)        x23:xxxxxxxx  x2:10000e58  PA:10000f64
15071402ns          250582 1c008932 11812423 sw               x24, 264(x2)        x24:xxxxxxxx  x2:10000e58  PA:10000f60
15071422ns          250583 1c008936 11912223 sw               x25, 260(x2)        x25:xxxxxxxx  x2:10000e58  PA:10000f5c
15071442ns          250584 1c00893a 11a12023 sw               x26, 256(x2)        x26:xxxxxxxx  x2:10000e58  PA:10000f58
15071462ns          250585 1c00893e 0fb12e23 sw               x27, 252(x2)        x27:xxxxxxxx  x2:10000e58  PA:10000f54
15071502ns          250587 1c008940 12112623 sw               x1, 300(x2)          x1:1c00891c  x2:10000e58  PA:10000f84
15071541ns          250589 1c008944 00800db3 add              x27, x0, x8         x27=00000000  x8:00000000
15071561ns          250590 1c008946 12912223 sw               x9, 292(x2)          x9:1c011008  x2:10000e58  PA:10000f7c
15071581ns          250591 1c00894a 13212023 sw               x18, 288(x2)        x18:487d6e14  x2:10000e58  PA:10000f78
15071641ns          250594 1c00894e 11312e23 sw               x19, 284(x2)        x19:487d6cc8  x2:10000e58  PA:10000f74
15071681ns          250596 1c008952 11412c23 sw               x20, 280(x2)        x20:xxxxxxxx  x2:10000e58  PA:10000f70
15071700ns          250597 1c008956 11512a23 sw               x21, 276(x2)        x21:xxxxxxxx  x2:10000e58  PA:10000f6c
15071720ns          250598 1c00895a 00a00b33 add              x22, x0, x10        x22=1c008888 x10:1c008888
15071740ns          250599 1c00895c 00b00d33 add              x26, x0, x11        x26=00000002 x11:00000002
15071760ns          250600 1c00895e 00d00c33 add              x24, x0, x13        x24=10000fac x13:10000fac
15071780ns          250601 1c008960 1c000bb7 lui              x23, 0x1c000000     x23=1c000000
15071820ns          250603 1c008964 02410c93 addi             x25, x2, 36         x25=10000e7c  x2:10000e58
15071840ns          250604 1c008968 00c00433 add              x8, x0, x12          x8=1c00006c x12:1c00006c
15071860ns          250605 1c00896a 00044503 lbu              x10, 0(x8)          x10=0000006b  x8:1c00006c  PA:1c00006c
15072158ns          250620 1c00896e 00140413 addi             x8, x8, 1            x8=1c00006d  x8:1c00006c
15072178ns          250621 1c008970 00050e63 beq              x10, x0, 28         x10:0000006b
15072198ns          250622 1c008972 02500793 addi             x15, x0, 37         x15=00000025
15072218ns          250623 1c008976 04f50863 beq              x10, x15, 80        x10:0000006b x15:00000025
15072237ns          250624 1c00897a 01a005b3 add              x11, x0, x26        x11=00000002 x26:00000002
15072257ns          250625 1c00897c 000b00e7 jalr             x1, x22, 0           x1=1c00897e x22:1c008888
15072337ns          250629 1c008888 000026b7 lui              x13, 0x2000         x13=00002000
15072357ns          250630 1c00888a f14027f3 csrrs            x15, x0, 0xf14      x15=00000001
15072377ns          250631 1c00888e f8068693 addi             x13, x13, -128      x13=00001f80 x13:00002000
15072397ns          250632 1c008892 00379713 slli             x14, x15, 0x3       x14=00000008 x15:00000001
15072416ns          250633 1c008896 00279793 slli             x15, x15, 0x2       x15=00000004 x15:00000001
15072436ns          250634 1c008898 00d7f7b3 and              x15, x15, x13       x15=00000000 x15:00000004 x13:00001f80
15072456ns          250635 1c00889a ee873733 p.bclr           x14, x14, 23, 8     x14=00000008 x14:00000008
15072496ns          250637 1c00889e 1a10f6b7 lui              x13, 0x1a10f000     x13=1a10f000
15072536ns          250639 1c0088a2 0ff57513 andi             x10, x10, 255       x10=0000006b x10:0000006b
15072556ns          250640 1c0088a6 00d70733 add              x14, x14, x13       x14=1a10f008 x14:00000008 x13:1a10f000
15072576ns          250641 1c0088a8 00a7e723 p.sw             x10, x0(x15)        x10:0000006b x15:00000000  PA:1a10f008
15072894ns          250657 1c0088ac 00000513 addi             x10, x0, 0          x10=00000000
15072914ns          250658 1c0088ae 00008067 jalr             x0, x1, 0            x1:1c00897e
15072973ns          250661 1c00897e 31f52563 p.beqimm         x10, 778            x10:00000000
15072993ns          250662 1c008982 001d8d93 addi             x27, x27, 1         x27=00000001 x27:00000000
15073013ns          250663 1c008984 00044503 lbu              x10, 0(x8)          x10=00000065  x8:1c00006d  PA:1c00006d
15073312ns          250678 1c008988 00140413 addi             x8, x8, 1            x8=1c00006e  x8:1c00006d
15073331ns          250679 1c00898a fe0514e3 bne              x10, x0, -24        x10:00000065
15073411ns          250683 1c008972 02500793 addi             x15, x0, 37         x15=00000025
15073431ns          250684 1c008976 04f50863 beq              x10, x15, 80        x10:00000065 x15:00000025
15073451ns          250685 1c00897a 01a005b3 add              x11, x0, x26        x11=00000002 x26:00000002
15073471ns          250686 1c00897c 000b00e7 jalr             x1, x22, 0           x1=1c00897e x22:1c008888
15073510ns          250688 1c008888 000026b7 lui              x13, 0x2000         x13=00002000
15073530ns          250689 1c00888a f14027f3 csrrs            x15, x0, 0xf14      x15=00000001
15073590ns          250692 1c00888e f8068693 addi             x13, x13, -128      x13=00001f80 x13:00002000
15073630ns          250694 1c008892 00379713 slli             x14, x15, 0x3       x14=00000008 x15:00000001
15073650ns          250695 1c008896 00279793 slli             x15, x15, 0x2       x15=00000004 x15:00000001
15073670ns          250696 1c008898 00d7f7b3 and              x15, x15, x13       x15=00000000 x15:00000004 x13:00001f80
15073689ns          250697 1c00889a ee873733 p.bclr           x14, x14, 23, 8     x14=00000008 x14:00000008
15073709ns          250698 1c00889e 1a10f6b7 lui              x13, 0x1a10f000     x13=1a10f000
15073729ns          250699 1c0088a2 0ff57513 andi             x10, x10, 255       x10=00000065 x10:00000065
15073749ns          250700 1c0088a6 00d70733 add              x14, x14, x13       x14=1a10f008 x14:00000008 x13:1a10f000
15073769ns          250701 1c0088a8 00a7e723 p.sw             x10, x0(x15)        x10:00000065 x15:00000000  PA:1a10f008
15074087ns          250717 1c0088ac 00000513 addi             x10, x0, 0          x10=00000000
15074107ns          250718 1c0088ae 00008067 jalr             x0, x1, 0            x1:1c00897e
15074167ns          250721 1c00897e 31f52563 p.beqimm         x10, 778            x10:00000000
15074187ns          250722 1c008982 001d8d93 addi             x27, x27, 1         x27=00000002 x27:00000001
15074207ns          250723 1c008984 00044503 lbu              x10, 0(x8)          x10=00000072  x8:1c00006e  PA:1c00006e
15074505ns          250738 1c008988 00140413 addi             x8, x8, 1            x8=1c00006f  x8:1c00006e
15074525ns          250739 1c00898a fe0514e3 bne              x10, x0, -24        x10:00000072
15074604ns          250743 1c008972 02500793 addi             x15, x0, 37         x15=00000025
15074624ns          250744 1c008976 04f50863 beq              x10, x15, 80        x10:00000072 x15:00000025
15074644ns          250745 1c00897a 01a005b3 add              x11, x0, x26        x11=00000002 x26:00000002
15074664ns          250746 1c00897c 000b00e7 jalr             x1, x22, 0           x1=1c00897e x22:1c008888
15074704ns          250748 1c008888 000026b7 lui              x13, 0x2000         x13=00002000
15074724ns          250749 1c00888a f14027f3 csrrs            x15, x0, 0xf14      x15=00000001
15074744ns          250750 1c00888e f8068693 addi             x13, x13, -128      x13=00001f80 x13:00002000
15074764ns          250751 1c008892 00379713 slli             x14, x15, 0x3       x14=00000008 x15:00000001
15074783ns          250752 1c008896 00279793 slli             x15, x15, 0x2       x15=00000004 x15:00000001
15074803ns          250753 1c008898 00d7f7b3 and              x15, x15, x13       x15=00000000 x15:00000004 x13:00001f80
15074823ns          250754 1c00889a ee873733 p.bclr           x14, x14, 23, 8     x14=00000008 x14:00000008
15074843ns          250755 1c00889e 1a10f6b7 lui              x13, 0x1a10f000     x13=1a10f000
15074863ns          250756 1c0088a2 0ff57513 andi             x10, x10, 255       x10=00000072 x10:00000072
15074883ns          250757 1c0088a6 00d70733 add              x14, x14, x13       x14=1a10f008 x14:00000008 x13:1a10f000
15074903ns          250758 1c0088a8 00a7e723 p.sw             x10, x0(x15)        x10:00000072 x15:00000000  PA:1a10f008
15075221ns          250774 1c0088ac 00000513 addi             x10, x0, 0          x10=00000000
15075241ns          250775 1c0088ae 00008067 jalr             x0, x1, 0            x1:1c00897e
15075301ns          250778 1c00897e 31f52563 p.beqimm         x10, 778            x10:00000000
15075321ns          250779 1c008982 001d8d93 addi             x27, x27, 1         x27=00000003 x27:00000002
15075340ns          250780 1c008984 00044503 lbu              x10, 0(x8)          x10=0000006e  x8:1c00006f  PA:1c00006f
15075639ns          250795 1c008988 00140413 addi             x8, x8, 1            x8=1c000070  x8:1c00006f
15075659ns          250796 1c00898a fe0514e3 bne              x10, x0, -24        x10:0000006e
15075738ns          250800 1c008972 02500793 addi             x15, x0, 37         x15=00000025
15075758ns          250801 1c008976 04f50863 beq              x10, x15, 80        x10:0000006e x15:00000025
15075778ns          250802 1c00897a 01a005b3 add              x11, x0, x26        x11=00000002 x26:00000002
15075798ns          250803 1c00897c 000b00e7 jalr             x1, x22, 0           x1=1c00897e x22:1c008888
15075838ns          250805 1c008888 000026b7 lui              x13, 0x2000         x13=00002000
15075858ns          250806 1c00888a f14027f3 csrrs            x15, x0, 0xf14      x15=00000001
15075877ns          250807 1c00888e f8068693 addi             x13, x13, -128      x13=00001f80 x13:00002000
15075897ns          250808 1c008892 00379713 slli             x14, x15, 0x3       x14=00000008 x15:00000001
15075917ns          250809 1c008896 00279793 slli             x15, x15, 0x2       x15=00000004 x15:00000001
15075937ns          250810 1c008898 00d7f7b3 and              x15, x15, x13       x15=00000000 x15:00000004 x13:00001f80
15075957ns          250811 1c00889a ee873733 p.bclr           x14, x14, 23, 8     x14=00000008 x14:00000008
15075977ns          250812 1c00889e 1a10f6b7 lui              x13, 0x1a10f000     x13=1a10f000
15075997ns          250813 1c0088a2 0ff57513 andi             x10, x10, 255       x10=0000006e x10:0000006e
15076017ns          250814 1c0088a6 00d70733 add              x14, x14, x13       x14=1a10f008 x14:00000008 x13:1a10f000
15076037ns          250815 1c0088a8 00a7e723 p.sw             x10, x0(x15)        x10:0000006e x15:00000000  PA:1a10f008
15076355ns          250831 1c0088ac 00000513 addi             x10, x0, 0          x10=00000000
15076375ns          250832 1c0088ae 00008067 jalr             x0, x1, 0            x1:1c00897e
15076434ns          250835 1c00897e 31f52563 p.beqimm         x10, 778            x10:00000000
15076454ns          250836 1c008982 001d8d93 addi             x27, x27, 1         x27=00000004 x27:00000003
15076474ns          250837 1c008984 00044503 lbu              x10, 0(x8)          x10=00000065  x8:1c000070  PA:1c000070
15076773ns          250852 1c008988 00140413 addi             x8, x8, 1            x8=1c000071  x8:1c000070
15076792ns          250853 1c00898a fe0514e3 bne              x10, x0, -24        x10:00000065
15076872ns          250857 1c008972 02500793 addi             x15, x0, 37         x15=00000025
15076892ns          250858 1c008976 04f50863 beq              x10, x15, 80        x10:00000065 x15:00000025
15076912ns          250859 1c00897a 01a005b3 add              x11, x0, x26        x11=00000002 x26:00000002
15076932ns          250860 1c00897c 000b00e7 jalr             x1, x22, 0           x1=1c00897e x22:1c008888
15076971ns          250862 1c008888 000026b7 lui              x13, 0x2000         x13=00002000
15076991ns          250863 1c00888a f14027f3 csrrs            x15, x0, 0xf14      x15=00000001
15077011ns          250864 1c00888e f8068693 addi             x13, x13, -128      x13=00001f80 x13:00002000
15077031ns          250865 1c008892 00379713 slli             x14, x15, 0x3       x14=00000008 x15:00000001
15077051ns          250866 1c008896 00279793 slli             x15, x15, 0x2       x15=00000004 x15:00000001
15077071ns          250867 1c008898 00d7f7b3 and              x15, x15, x13       x15=00000000 x15:00000004 x13:00001f80
15077091ns          250868 1c00889a ee873733 p.bclr           x14, x14, 23, 8     x14=00000008 x14:00000008
15077111ns          250869 1c00889e 1a10f6b7 lui              x13, 0x1a10f000     x13=1a10f000
15077131ns          250870 1c0088a2 0ff57513 andi             x10, x10, 255       x10=00000065 x10:00000065
15077150ns          250871 1c0088a6 00d70733 add              x14, x14, x13       x14=1a10f008 x14:00000008 x13:1a10f000
15077170ns          250872 1c0088a8 00a7e723 p.sw             x10, x0(x15)        x10:00000065 x15:00000000  PA:1a10f008
15077489ns          250888 1c0088ac 00000513 addi             x10, x0, 0          x10=00000000
15077509ns          250889 1c0088ae 00008067 jalr             x0, x1, 0            x1:1c00897e
15077568ns          250892 1c00897e 31f52563 p.beqimm         x10, 778            x10:00000000
15077588ns          250893 1c008982 001d8d93 addi             x27, x27, 1         x27=00000005 x27:00000004
15077608ns          250894 1c008984 00044503 lbu              x10, 0(x8)          x10=0000006c  x8:1c000071  PA:1c000071
15077926ns          250910 1c008988 00140413 addi             x8, x8, 1            x8=1c000072  x8:1c000071
15077946ns          250911 1c00898a fe0514e3 bne              x10, x0, -24        x10:0000006c
15078026ns          250915 1c008972 02500793 addi             x15, x0, 37         x15=00000025
15078046ns          250916 1c008976 04f50863 beq              x10, x15, 80        x10:0000006c x15:00000025
15078065ns          250917 1c00897a 01a005b3 add              x11, x0, x26        x11=00000002 x26:00000002
15078085ns          250918 1c00897c 000b00e7 jalr             x1, x22, 0           x1=1c00897e x22:1c008888
15078125ns          250920 1c008888 000026b7 lui              x13, 0x2000         x13=00002000
15078145ns          250921 1c00888a f14027f3 csrrs            x15, x0, 0xf14      x15=00000001
15078165ns          250922 1c00888e f8068693 addi             x13, x13, -128      x13=00001f80 x13:00002000
15078185ns          250923 1c008892 00379713 slli             x14, x15, 0x3       x14=00000008 x15:00000001
15078205ns          250924 1c008896 00279793 slli             x15, x15, 0x2       x15=00000004 x15:00000001
15078225ns          250925 1c008898 00d7f7b3 and              x15, x15, x13       x15=00000000 x15:00000004 x13:00001f80
15078244ns          250926 1c00889a ee873733 p.bclr           x14, x14, 23, 8     x14=00000008 x14:00000008
15078264ns          250927 1c00889e 1a10f6b7 lui              x13, 0x1a10f000     x13=1a10f000
15078284ns          250928 1c0088a2 0ff57513 andi             x10, x10, 255       x10=0000006c x10:0000006c
15078304ns          250929 1c0088a6 00d70733 add              x14, x14, x13       x14=1a10f008 x14:00000008 x13:1a10f000
15078324ns          250930 1c0088a8 00a7e723 p.sw             x10, x0(x15)        x10:0000006c x15:00000000  PA:1a10f008
15078642ns          250946 1c0088ac 00000513 addi             x10, x0, 0          x10=00000000
15078662ns          250947 1c0088ae 00008067 jalr             x0, x1, 0            x1:1c00897e
15078722ns          250950 1c00897e 31f52563 p.beqimm         x10, 778            x10:00000000
15078742ns          250951 1c008982 001d8d93 addi             x27, x27, 1         x27=00000006 x27:00000005
15078762ns          250952 1c008984 00044503 lbu              x10, 0(x8)          x10=00000020  x8:1c000072  PA:1c000072
15079060ns          250967 1c008988 00140413 addi             x8, x8, 1            x8=1c000073  x8:1c000072
15079080ns          250968 1c00898a fe0514e3 bne              x10, x0, -24        x10:00000020
15079159ns          250972 1c008972 02500793 addi             x15, x0, 37         x15=00000025
15079179ns          250973 1c008976 04f50863 beq              x10, x15, 80        x10:00000020 x15:00000025
15079199ns          250974 1c00897a 01a005b3 add              x11, x0, x26        x11=00000002 x26:00000002
15079219ns          250975 1c00897c 000b00e7 jalr             x1, x22, 0           x1=1c00897e x22:1c008888
15079259ns          250977 1c008888 000026b7 lui              x13, 0x2000         x13=00002000
15079279ns          250978 1c00888a f14027f3 csrrs            x15, x0, 0xf14      x15=00000001
15079299ns          250979 1c00888e f8068693 addi             x13, x13, -128      x13=00001f80 x13:00002000
15079319ns          250980 1c008892 00379713 slli             x14, x15, 0x3       x14=00000008 x15:00000001
15079338ns          250981 1c008896 00279793 slli             x15, x15, 0x2       x15=00000004 x15:00000001
15079358ns          250982 1c008898 00d7f7b3 and              x15, x15, x13       x15=00000000 x15:00000004 x13:00001f80
15079378ns          250983 1c00889a ee873733 p.bclr           x14, x14, 23, 8     x14=00000008 x14:00000008
15079398ns          250984 1c00889e 1a10f6b7 lui              x13, 0x1a10f000     x13=1a10f000
15079418ns          250985 1c0088a2 0ff57513 andi             x10, x10, 255       x10=00000020 x10:00000020
15079438ns          250986 1c0088a6 00d70733 add              x14, x14, x13       x14=1a10f008 x14:00000008 x13:1a10f000
15079458ns          250987 1c0088a8 00a7e723 p.sw             x10, x0(x15)        x10:00000020 x15:00000000  PA:1a10f008
15079796ns          251004 1c0088ac 00000513 addi             x10, x0, 0          x10=00000000
15079816ns          251005 1c0088ae 00008067 jalr             x0, x1, 0            x1:1c00897e
15079876ns          251008 1c00897e 31f52563 p.beqimm         x10, 778            x10:00000000
15079895ns          251009 1c008982 001d8d93 addi             x27, x27, 1         x27=00000007 x27:00000006
15079915ns          251010 1c008984 00044503 lbu              x10, 0(x8)          x10=00000070  x8:1c000073  PA:1c000073
15080214ns          251025 1c008988 00140413 addi             x8, x8, 1            x8=1c000074  x8:1c000073
15080234ns          251026 1c00898a fe0514e3 bne              x10, x0, -24        x10:00000070
15080313ns          251030 1c008972 02500793 addi             x15, x0, 37         x15=00000025
15080333ns          251031 1c008976 04f50863 beq              x10, x15, 80        x10:00000070 x15:00000025
15080353ns          251032 1c00897a 01a005b3 add              x11, x0, x26        x11=00000002 x26:00000002
15080373ns          251033 1c00897c 000b00e7 jalr             x1, x22, 0           x1=1c00897e x22:1c008888
15080413ns          251035 1c008888 000026b7 lui              x13, 0x2000         x13=00002000
15080432ns          251036 1c00888a f14027f3 csrrs            x15, x0, 0xf14      x15=00000001
15080452ns          251037 1c00888e f8068693 addi             x13, x13, -128      x13=00001f80 x13:00002000
15080472ns          251038 1c008892 00379713 slli             x14, x15, 0x3       x14=00000008 x15:00000001
15080492ns          251039 1c008896 00279793 slli             x15, x15, 0x2       x15=00000004 x15:00000001
15080512ns          251040 1c008898 00d7f7b3 and              x15, x15, x13       x15=00000000 x15:00000004 x13:00001f80
15080532ns          251041 1c00889a ee873733 p.bclr           x14, x14, 23, 8     x14=00000008 x14:00000008
15080552ns          251042 1c00889e 1a10f6b7 lui              x13, 0x1a10f000     x13=1a10f000
15080572ns          251043 1c0088a2 0ff57513 andi             x10, x10, 255       x10=00000070 x10:00000070
15080592ns          251044 1c0088a6 00d70733 add              x14, x14, x13       x14=1a10f008 x14:00000008 x13:1a10f000
15080611ns          251045 1c0088a8 00a7e723 p.sw             x10, x0(x15)        x10:00000070 x15:00000000  PA:1a10f008
15080930ns          251061 1c0088ac 00000513 addi             x10, x0, 0          x10=00000000
15080950ns          251062 1c0088ae 00008067 jalr             x0, x1, 0            x1:1c00897e
15081009ns          251065 1c00897e 31f52563 p.beqimm         x10, 778            x10:00000000
15081029ns          251066 1c008982 001d8d93 addi             x27, x27, 1         x27=00000008 x27:00000007
15081049ns          251067 1c008984 00044503 lbu              x10, 0(x8)          x10=00000061  x8:1c000074  PA:1c000074
15081347ns          251082 1c008988 00140413 addi             x8, x8, 1            x8=1c000075  x8:1c000074
15081367ns          251083 1c00898a fe0514e3 bne              x10, x0, -24        x10:00000061
15081447ns          251087 1c008972 02500793 addi             x15, x0, 37         x15=00000025
15081467ns          251088 1c008976 04f50863 beq              x10, x15, 80        x10:00000061 x15:00000025
15081487ns          251089 1c00897a 01a005b3 add              x11, x0, x26        x11=00000002 x26:00000002
15081507ns          251090 1c00897c 000b00e7 jalr             x1, x22, 0           x1=1c00897e x22:1c008888
15081546ns          251092 1c008888 000026b7 lui              x13, 0x2000         x13=00002000
15081566ns          251093 1c00888a f14027f3 csrrs            x15, x0, 0xf14      x15=00000001
15081586ns          251094 1c00888e f8068693 addi             x13, x13, -128      x13=00001f80 x13:00002000
15081606ns          251095 1c008892 00379713 slli             x14, x15, 0x3       x14=00000008 x15:00000001
15081626ns          251096 1c008896 00279793 slli             x15, x15, 0x2       x15=00000004 x15:00000001
15081646ns          251097 1c008898 00d7f7b3 and              x15, x15, x13       x15=00000000 x15:00000004 x13:00001f80
15081666ns          251098 1c00889a ee873733 p.bclr           x14, x14, 23, 8     x14=00000008 x14:00000008
15081686ns          251099 1c00889e 1a10f6b7 lui              x13, 0x1a10f000     x13=1a10f000
15081705ns          251100 1c0088a2 0ff57513 andi             x10, x10, 255       x10=00000061 x10:00000061
15081725ns          251101 1c0088a6 00d70733 add              x14, x14, x13       x14=1a10f008 x14:00000008 x13:1a10f000
15081745ns          251102 1c0088a8 00a7e723 p.sw             x10, x0(x15)        x10:00000061 x15:00000000  PA:1a10f008
15082063ns          251118 1c0088ac 00000513 addi             x10, x0, 0          x10=00000000
15082083ns          251119 1c0088ae 00008067 jalr             x0, x1, 0            x1:1c00897e
15082143ns          251122 1c00897e 31f52563 p.beqimm         x10, 778            x10:00000000
15082163ns          251123 1c008982 001d8d93 addi             x27, x27, 1         x27=00000009 x27:00000008
15082183ns          251124 1c008984 00044503 lbu              x10, 0(x8)          x10=00000073  x8:1c000075  PA:1c000075
15082481ns          251139 1c008988 00140413 addi             x8, x8, 1            x8=1c000076  x8:1c000075
15082501ns          251140 1c00898a fe0514e3 bne              x10, x0, -24        x10:00000073
15082581ns          251144 1c008972 02500793 addi             x15, x0, 37         x15=00000025
15082601ns          251145 1c008976 04f50863 beq              x10, x15, 80        x10:00000073 x15:00000025
15082620ns          251146 1c00897a 01a005b3 add              x11, x0, x26        x11=00000002 x26:00000002
15082640ns          251147 1c00897c 000b00e7 jalr             x1, x22, 0           x1=1c00897e x22:1c008888
15082680ns          251149 1c008888 000026b7 lui              x13, 0x2000         x13=00002000
15082700ns          251150 1c00888a f14027f3 csrrs            x15, x0, 0xf14      x15=00000001
15082720ns          251151 1c00888e f8068693 addi             x13, x13, -128      x13=00001f80 x13:00002000
15082740ns          251152 1c008892 00379713 slli             x14, x15, 0x3       x14=00000008 x15:00000001
15082760ns          251153 1c008896 00279793 slli             x15, x15, 0x2       x15=00000004 x15:00000001
15082780ns          251154 1c008898 00d7f7b3 and              x15, x15, x13       x15=00000000 x15:00000004 x13:00001f80
15082799ns          251155 1c00889a ee873733 p.bclr           x14, x14, 23, 8     x14=00000008 x14:00000008
15082819ns          251156 1c00889e 1a10f6b7 lui              x13, 0x1a10f000     x13=1a10f000
15082839ns          251157 1c0088a2 0ff57513 andi             x10, x10, 255       x10=00000073 x10:00000073
15082859ns          251158 1c0088a6 00d70733 add              x14, x14, x13       x14=1a10f008 x14:00000008 x13:1a10f000
15082879ns          251159 1c0088a8 00a7e723 p.sw             x10, x0(x15)        x10:00000073 x15:00000000  PA:1a10f008
15083197ns          251175 1c0088ac 00000513 addi             x10, x0, 0          x10=00000000
15083217ns          251176 1c0088ae 00008067 jalr             x0, x1, 0            x1:1c00897e
15083277ns          251179 1c00897e 31f52563 p.beqimm         x10, 778            x10:00000000
15083297ns          251180 1c008982 001d8d93 addi             x27, x27, 1         x27=0000000a x27:00000009
15083317ns          251181 1c008984 00044503 lbu              x10, 0(x8)          x10=00000073  x8:1c000076  PA:1c000076
15083615ns          251196 1c008988 00140413 addi             x8, x8, 1            x8=1c000077  x8:1c000076
15083635ns          251197 1c00898a fe0514e3 bne              x10, x0, -24        x10:00000073
15083714ns          251201 1c008972 02500793 addi             x15, x0, 37         x15=00000025
15083734ns          251202 1c008976 04f50863 beq              x10, x15, 80        x10:00000073 x15:00000025
15083754ns          251203 1c00897a 01a005b3 add              x11, x0, x26        x11=00000002 x26:00000002
15083774ns          251204 1c00897c 000b00e7 jalr             x1, x22, 0           x1=1c00897e x22:1c008888
15083814ns          251206 1c008888 000026b7 lui              x13, 0x2000         x13=00002000
15083834ns          251207 1c00888a f14027f3 csrrs            x15, x0, 0xf14      x15=00000001
15083854ns          251208 1c00888e f8068693 addi             x13, x13, -128      x13=00001f80 x13:00002000
15083874ns          251209 1c008892 00379713 slli             x14, x15, 0x3       x14=00000008 x15:00000001
15083893ns          251210 1c008896 00279793 slli             x15, x15, 0x2       x15=00000004 x15:00000001
15083913ns          251211 1c008898 00d7f7b3 and              x15, x15, x13       x15=00000000 x15:00000004 x13:00001f80
15083933ns          251212 1c00889a ee873733 p.bclr           x14, x14, 23, 8     x14=00000008 x14:00000008
15083953ns          251213 1c00889e 1a10f6b7 lui              x13, 0x1a10f000     x13=1a10f000
15083973ns          251214 1c0088a2 0ff57513 andi             x10, x10, 255       x10=00000073 x10:00000073
15083993ns          251215 1c0088a6 00d70733 add              x14, x14, x13       x14=1a10f008 x14:00000008 x13:1a10f000
15084013ns          251216 1c0088a8 00a7e723 p.sw             x10, x0(x15)        x10:00000073 x15:00000000  PA:1a10f008
15084331ns          251232 1c0088ac 00000513 addi             x10, x0, 0          x10=00000000
15084351ns          251233 1c0088ae 00008067 jalr             x0, x1, 0            x1:1c00897e
15084411ns          251236 1c00897e 31f52563 p.beqimm         x10, 778            x10:00000000
15084430ns          251237 1c008982 001d8d93 addi             x27, x27, 1         x27=0000000b x27:0000000a
15084450ns          251238 1c008984 00044503 lbu              x10, 0(x8)          x10=00000065  x8:1c000077  PA:1c000077
15084749ns          251253 1c008988 00140413 addi             x8, x8, 1            x8=1c000078  x8:1c000077
15084769ns          251254 1c00898a fe0514e3 bne              x10, x0, -24        x10:00000065
15084848ns          251258 1c008972 02500793 addi             x15, x0, 37         x15=00000025
15084868ns          251259 1c008976 04f50863 beq              x10, x15, 80        x10:00000065 x15:00000025
15084888ns          251260 1c00897a 01a005b3 add              x11, x0, x26        x11=00000002 x26:00000002
15084908ns          251261 1c00897c 000b00e7 jalr             x1, x22, 0           x1=1c00897e x22:1c008888
15084948ns          251263 1c008888 000026b7 lui              x13, 0x2000         x13=00002000
15084968ns          251264 1c00888a f14027f3 csrrs            x15, x0, 0xf14      x15=00000001
15084987ns          251265 1c00888e f8068693 addi             x13, x13, -128      x13=00001f80 x13:00002000
15085007ns          251266 1c008892 00379713 slli             x14, x15, 0x3       x14=00000008 x15:00000001
15085027ns          251267 1c008896 00279793 slli             x15, x15, 0x2       x15=00000004 x15:00000001
15085047ns          251268 1c008898 00d7f7b3 and              x15, x15, x13       x15=00000000 x15:00000004 x13:00001f80
15085067ns          251269 1c00889a ee873733 p.bclr           x14, x14, 23, 8     x14=00000008 x14:00000008
15085087ns          251270 1c00889e 1a10f6b7 lui              x13, 0x1a10f000     x13=1a10f000
15085107ns          251271 1c0088a2 0ff57513 andi             x10, x10, 255       x10=00000065 x10:00000065
15085127ns          251272 1c0088a6 00d70733 add              x14, x14, x13       x14=1a10f008 x14:00000008 x13:1a10f000
15085147ns          251273 1c0088a8 00a7e723 p.sw             x10, x0(x15)        x10:00000065 x15:00000000  PA:1a10f008
15085465ns          251289 1c0088ac 00000513 addi             x10, x0, 0          x10=00000000
15085485ns          251290 1c0088ae 00008067 jalr             x0, x1, 0            x1:1c00897e
15085544ns          251293 1c00897e 31f52563 p.beqimm         x10, 778            x10:00000000
15085564ns          251294 1c008982 001d8d93 addi             x27, x27, 1         x27=0000000c x27:0000000b
15085584ns          251295 1c008984 00044503 lbu              x10, 0(x8)          x10=00000064  x8:1c000078  PA:1c000078
15085883ns          251310 1c008988 00140413 addi             x8, x8, 1            x8=1c000079  x8:1c000078
15085902ns          251311 1c00898a fe0514e3 bne              x10, x0, -24        x10:00000064
15085982ns          251315 1c008972 02500793 addi             x15, x0, 37         x15=00000025
15086002ns          251316 1c008976 04f50863 beq              x10, x15, 80        x10:00000064 x15:00000025
15086022ns          251317 1c00897a 01a005b3 add              x11, x0, x26        x11=00000002 x26:00000002
15086042ns          251318 1c00897c 000b00e7 jalr             x1, x22, 0           x1=1c00897e x22:1c008888
15086081ns          251320 1c008888 000026b7 lui              x13, 0x2000         x13=00002000
15086101ns          251321 1c00888a f14027f3 csrrs            x15, x0, 0xf14      x15=00000001
15086121ns          251322 1c00888e f8068693 addi             x13, x13, -128      x13=00001f80 x13:00002000
15086141ns          251323 1c008892 00379713 slli             x14, x15, 0x3       x14=00000008 x15:00000001
15086161ns          251324 1c008896 00279793 slli             x15, x15, 0x2       x15=00000004 x15:00000001
15086181ns          251325 1c008898 00d7f7b3 and              x15, x15, x13       x15=00000000 x15:00000004 x13:00001f80
15086201ns          251326 1c00889a ee873733 p.bclr           x14, x14, 23, 8     x14=00000008 x14:00000008
15086221ns          251327 1c00889e 1a10f6b7 lui              x13, 0x1a10f000     x13=1a10f000
15086241ns          251328 1c0088a2 0ff57513 andi             x10, x10, 255       x10=00000064 x10:00000064
15086260ns          251329 1c0088a6 00d70733 add              x14, x14, x13       x14=1a10f008 x14:00000008 x13:1a10f000
15086280ns          251330 1c0088a8 00a7e723 p.sw             x10, x0(x15)        x10:00000064 x15:00000000  PA:1a10f008
15086599ns          251346 1c0088ac 00000513 addi             x10, x0, 0          x10=00000000
15086618ns          251347 1c0088ae 00008067 jalr             x0, x1, 0            x1:1c00897e
15086678ns          251350 1c00897e 31f52563 p.beqimm         x10, 778            x10:00000000
15086698ns          251351 1c008982 001d8d93 addi             x27, x27, 1         x27=0000000d x27:0000000c
15086718ns          251352 1c008984 00044503 lbu              x10, 0(x8)          x10=00000020  x8:1c000079  PA:1c000079
15087036ns          251368 1c008988 00140413 addi             x8, x8, 1            x8=1c00007a  x8:1c000079
15087056ns          251369 1c00898a fe0514e3 bne              x10, x0, -24        x10:00000020
15087136ns          251373 1c008972 02500793 addi             x15, x0, 37         x15=00000025
15087156ns          251374 1c008976 04f50863 beq              x10, x15, 80        x10:00000020 x15:00000025
15087175ns          251375 1c00897a 01a005b3 add              x11, x0, x26        x11=00000002 x26:00000002
15087195ns          251376 1c00897c 000b00e7 jalr             x1, x22, 0           x1=1c00897e x22:1c008888
15087235ns          251378 1c008888 000026b7 lui              x13, 0x2000         x13=00002000
15087255ns          251379 1c00888a f14027f3 csrrs            x15, x0, 0xf14      x15=00000001
15087275ns          251380 1c00888e f8068693 addi             x13, x13, -128      x13=00001f80 x13:00002000
15087295ns          251381 1c008892 00379713 slli             x14, x15, 0x3       x14=00000008 x15:00000001
15087315ns          251382 1c008896 00279793 slli             x15, x15, 0x2       x15=00000004 x15:00000001
15087335ns          251383 1c008898 00d7f7b3 and              x15, x15, x13       x15=00000000 x15:00000004 x13:00001f80
15087354ns          251384 1c00889a ee873733 p.bclr           x14, x14, 23, 8     x14=00000008 x14:00000008
15087374ns          251385 1c00889e 1a10f6b7 lui              x13, 0x1a10f000     x13=1a10f000
15087394ns          251386 1c0088a2 0ff57513 andi             x10, x10, 255       x10=00000020 x10:00000020
15087414ns          251387 1c0088a6 00d70733 add              x14, x14, x13       x14=1a10f008 x14:00000008 x13:1a10f000
15087434ns          251388 1c0088a8 00a7e723 p.sw             x10, x0(x15)        x10:00000020 x15:00000000  PA:1a10f008
15087772ns          251405 1c0088ac 00000513 addi             x10, x0, 0          x10=00000000
15087792ns          251406 1c0088ae 00008067 jalr             x0, x1, 0            x1:1c00897e
15087852ns          251409 1c00897e 31f52563 p.beqimm         x10, 778            x10:00000000
15087872ns          251410 1c008982 001d8d93 addi             x27, x27, 1         x27=0000000e x27:0000000d
15087891ns          251411 1c008984 00044503 lbu              x10, 0(x8)          x10=0000006f  x8:1c00007a  PA:1c00007a
15088190ns          251426 1c008988 00140413 addi             x8, x8, 1            x8=1c00007b  x8:1c00007a
15088210ns          251427 1c00898a fe0514e3 bne              x10, x0, -24        x10:0000006f
15088289ns          251431 1c008972 02500793 addi             x15, x0, 37         x15=00000025
15088309ns          251432 1c008976 04f50863 beq              x10, x15, 80        x10:0000006f x15:00000025
15088329ns          251433 1c00897a 01a005b3 add              x11, x0, x26        x11=00000002 x26:00000002
15088349ns          251434 1c00897c 000b00e7 jalr             x1, x22, 0           x1=1c00897e x22:1c008888
15088389ns          251436 1c008888 000026b7 lui              x13, 0x2000         x13=00002000
15088409ns          251437 1c00888a f14027f3 csrrs            x15, x0, 0xf14      x15=00000001
15088429ns          251438 1c00888e f8068693 addi             x13, x13, -128      x13=00001f80 x13:00002000
15088448ns          251439 1c008892 00379713 slli             x14, x15, 0x3       x14=00000008 x15:00000001
15088468ns          251440 1c008896 00279793 slli             x15, x15, 0x2       x15=00000004 x15:00000001
15088488ns          251441 1c008898 00d7f7b3 and              x15, x15, x13       x15=00000000 x15:00000004 x13:00001f80
15088508ns          251442 1c00889a ee873733 p.bclr           x14, x14, 23, 8     x14=00000008 x14:00000008
15088528ns          251443 1c00889e 1a10f6b7 lui              x13, 0x1a10f000     x13=1a10f000
15088548ns          251444 1c0088a2 0ff57513 andi             x10, x10, 255       x10=0000006f x10:0000006f
15088568ns          251445 1c0088a6 00d70733 add              x14, x14, x13       x14=1a10f008 x14:00000008 x13:1a10f000
15088588ns          251446 1c0088a8 00a7e723 p.sw             x10, x0(x15)        x10:0000006f x15:00000000  PA:1a10f008
15088906ns          251462 1c0088ac 00000513 addi             x10, x0, 0          x10=00000000
15088926ns          251463 1c0088ae 00008067 jalr             x0, x1, 0            x1:1c00897e
15088985ns          251466 1c00897e 31f52563 p.beqimm         x10, 778            x10:00000000
15089005ns          251467 1c008982 001d8d93 addi             x27, x27, 1         x27=0000000f x27:0000000e
15089025ns          251468 1c008984 00044503 lbu              x10, 0(x8)          x10=0000006e  x8:1c00007b  PA:1c00007b
15089324ns          251483 1c008988 00140413 addi             x8, x8, 1            x8=1c00007c  x8:1c00007b
15089344ns          251484 1c00898a fe0514e3 bne              x10, x0, -24        x10:0000006e
15089423ns          251488 1c008972 02500793 addi             x15, x0, 37         x15=00000025
15089443ns          251489 1c008976 04f50863 beq              x10, x15, 80        x10:0000006e x15:00000025
15089463ns          251490 1c00897a 01a005b3 add              x11, x0, x26        x11=00000002 x26:00000002
15089483ns          251491 1c00897c 000b00e7 jalr             x1, x22, 0           x1=1c00897e x22:1c008888
15089523ns          251493 1c008888 000026b7 lui              x13, 0x2000         x13=00002000
15089542ns          251494 1c00888a f14027f3 csrrs            x15, x0, 0xf14      x15=00000001
15089562ns          251495 1c00888e f8068693 addi             x13, x13, -128      x13=00001f80 x13:00002000
15089582ns          251496 1c008892 00379713 slli             x14, x15, 0x3       x14=00000008 x15:00000001
15089602ns          251497 1c008896 00279793 slli             x15, x15, 0x2       x15=00000004 x15:00000001
15089622ns          251498 1c008898 00d7f7b3 and              x15, x15, x13       x15=00000000 x15:00000004 x13:00001f80
15089642ns          251499 1c00889a ee873733 p.bclr           x14, x14, 23, 8     x14=00000008 x14:00000008
15089662ns          251500 1c00889e 1a10f6b7 lui              x13, 0x1a10f000     x13=1a10f000
15089682ns          251501 1c0088a2 0ff57513 andi             x10, x10, 255       x10=0000006e x10:0000006e
15089702ns          251502 1c0088a6 00d70733 add              x14, x14, x13       x14=1a10f008 x14:00000008 x13:1a10f000
15089721ns          251503 1c0088a8 00a7e723 p.sw             x10, x0(x15)        x10:0000006e x15:00000000  PA:1a10f008
15090040ns          251519 1c0088ac 00000513 addi             x10, x0, 0          x10=00000000
15090060ns          251520 1c0088ae 00008067 jalr             x0, x1, 0            x1:1c00897e
15090119ns          251523 1c00897e 31f52563 p.beqimm         x10, 778            x10:00000000
15090139ns          251524 1c008982 001d8d93 addi             x27, x27, 1         x27=00000010 x27:0000000f
15090159ns          251525 1c008984 00044503 lbu              x10, 0(x8)          x10=00000020  x8:1c00007c  PA:1c00007c
15090477ns          251541 1c008988 00140413 addi             x8, x8, 1            x8=1c00007d  x8:1c00007c
15090497ns          251542 1c00898a fe0514e3 bne              x10, x0, -24        x10:00000020
15090577ns          251546 1c008972 02500793 addi             x15, x0, 37         x15=00000025
15090597ns          251547 1c008976 04f50863 beq              x10, x15, 80        x10:00000020 x15:00000025
15090617ns          251548 1c00897a 01a005b3 add              x11, x0, x26        x11=00000002 x26:00000002
15090636ns          251549 1c00897c 000b00e7 jalr             x1, x22, 0           x1=1c00897e x22:1c008888
15090676ns          251551 1c008888 000026b7 lui              x13, 0x2000         x13=00002000
15090696ns          251552 1c00888a f14027f3 csrrs            x15, x0, 0xf14      x15=00000001
15090716ns          251553 1c00888e f8068693 addi             x13, x13, -128      x13=00001f80 x13:00002000
15090736ns          251554 1c008892 00379713 slli             x14, x15, 0x3       x14=00000008 x15:00000001
15090756ns          251555 1c008896 00279793 slli             x15, x15, 0x2       x15=00000004 x15:00000001
15090776ns          251556 1c008898 00d7f7b3 and              x15, x15, x13       x15=00000000 x15:00000004 x13:00001f80
15090796ns          251557 1c00889a ee873733 p.bclr           x14, x14, 23, 8     x14=00000008 x14:00000008
15090815ns          251558 1c00889e 1a10f6b7 lui              x13, 0x1a10f000     x13=1a10f000
15090835ns          251559 1c0088a2 0ff57513 andi             x10, x10, 255       x10=00000020 x10:00000020
15090855ns          251560 1c0088a6 00d70733 add              x14, x14, x13       x14=1a10f008 x14:00000008 x13:1a10f000
15090875ns          251561 1c0088a8 00a7e723 p.sw             x10, x0(x15)        x10:00000020 x15:00000000  PA:1a10f008
15091193ns          251577 1c0088ac 00000513 addi             x10, x0, 0          x10=00000000
15091213ns          251578 1c0088ae 00008067 jalr             x0, x1, 0            x1:1c00897e
15091273ns          251581 1c00897e 31f52563 p.beqimm         x10, 778            x10:00000000
15091293ns          251582 1c008982 001d8d93 addi             x27, x27, 1         x27=00000011 x27:00000010
15091313ns          251583 1c008984 00044503 lbu              x10, 0(x8)          x10=00000063  x8:1c00007d  PA:1c00007d
15091611ns          251598 1c008988 00140413 addi             x8, x8, 1            x8=1c00007e  x8:1c00007d
15091631ns          251599 1c00898a fe0514e3 bne              x10, x0, -24        x10:00000063
15091711ns          251603 1c008972 02500793 addi             x15, x0, 37         x15=00000025
15091730ns          251604 1c008976 04f50863 beq              x10, x15, 80        x10:00000063 x15:00000025
15091750ns          251605 1c00897a 01a005b3 add              x11, x0, x26        x11=00000002 x26:00000002
15091770ns          251606 1c00897c 000b00e7 jalr             x1, x22, 0           x1=1c00897e x22:1c008888
15091810ns          251608 1c008888 000026b7 lui              x13, 0x2000         x13=00002000
15091830ns          251609 1c00888a f14027f3 csrrs            x15, x0, 0xf14      x15=00000001
15091850ns          251610 1c00888e f8068693 addi             x13, x13, -128      x13=00001f80 x13:00002000
15091870ns          251611 1c008892 00379713 slli             x14, x15, 0x3       x14=00000008 x15:00000001
15091890ns          251612 1c008896 00279793 slli             x15, x15, 0x2       x15=00000004 x15:00000001
15091909ns          251613 1c008898 00d7f7b3 and              x15, x15, x13       x15=00000000 x15:00000004 x13:00001f80
15091929ns          251614 1c00889a ee873733 p.bclr           x14, x14, 23, 8     x14=00000008 x14:00000008
15091949ns          251615 1c00889e 1a10f6b7 lui              x13, 0x1a10f000     x13=1a10f000
15091969ns          251616 1c0088a2 0ff57513 andi             x10, x10, 255       x10=00000063 x10:00000063
15091989ns          251617 1c0088a6 00d70733 add              x14, x14, x13       x14=1a10f008 x14:00000008 x13:1a10f000
15092009ns          251618 1c0088a8 00a7e723 p.sw             x10, x0(x15)        x10:00000063 x15:00000000  PA:1a10f008
15092327ns          251634 1c0088ac 00000513 addi             x10, x0, 0          x10=00000000
15092347ns          251635 1c0088ae 00008067 jalr             x0, x1, 0            x1:1c00897e
15092407ns          251638 1c00897e 31f52563 p.beqimm         x10, 778            x10:00000000
15092427ns          251639 1c008982 001d8d93 addi             x27, x27, 1         x27=00000012 x27:00000011
15092446ns          251640 1c008984 00044503 lbu              x10, 0(x8)          x10=0000006f  x8:1c00007e  PA:1c00007e
15092745ns          251655 1c008988 00140413 addi             x8, x8, 1            x8=1c00007f  x8:1c00007e
15092765ns          251656 1c00898a fe0514e3 bne              x10, x0, -24        x10:0000006f
15092844ns          251660 1c008972 02500793 addi             x15, x0, 37         x15=00000025
15092864ns          251661 1c008976 04f50863 beq              x10, x15, 80        x10:0000006f x15:00000025
15092884ns          251662 1c00897a 01a005b3 add              x11, x0, x26        x11=00000002 x26:00000002
15092904ns          251663 1c00897c 000b00e7 jalr             x1, x22, 0           x1=1c00897e x22:1c008888
15092944ns          251665 1c008888 000026b7 lui              x13, 0x2000         x13=00002000
15092964ns          251666 1c00888a f14027f3 csrrs            x15, x0, 0xf14      x15=00000001
15092984ns          251667 1c00888e f8068693 addi             x13, x13, -128      x13=00001f80 x13:00002000
15093003ns          251668 1c008892 00379713 slli             x14, x15, 0x3       x14=00000008 x15:00000001
15093023ns          251669 1c008896 00279793 slli             x15, x15, 0x2       x15=00000004 x15:00000001
15093043ns          251670 1c008898 00d7f7b3 and              x15, x15, x13       x15=00000000 x15:00000004 x13:00001f80
15093063ns          251671 1c00889a ee873733 p.bclr           x14, x14, 23, 8     x14=00000008 x14:00000008
15093083ns          251672 1c00889e 1a10f6b7 lui              x13, 0x1a10f000     x13=1a10f000
15093103ns          251673 1c0088a2 0ff57513 andi             x10, x10, 255       x10=0000006f x10:0000006f
15093123ns          251674 1c0088a6 00d70733 add              x14, x14, x13       x14=1a10f008 x14:00000008 x13:1a10f000
15093143ns          251675 1c0088a8 00a7e723 p.sw             x10, x0(x15)        x10:0000006f x15:00000000  PA:1a10f008
15093461ns          251691 1c0088ac 00000513 addi             x10, x0, 0          x10=00000000
15093481ns          251692 1c0088ae 00008067 jalr             x0, x1, 0            x1:1c00897e
15093540ns          251695 1c00897e 31f52563 p.beqimm         x10, 778            x10:00000000
15093560ns          251696 1c008982 001d8d93 addi             x27, x27, 1         x27=00000013 x27:00000012
15093580ns          251697 1c008984 00044503 lbu              x10, 0(x8)          x10=00000072  x8:1c00007f  PA:1c00007f
15093879ns          251712 1c008988 00140413 addi             x8, x8, 1            x8=1c000080  x8:1c00007f
15093898ns          251713 1c00898a fe0514e3 bne              x10, x0, -24        x10:00000072
15093978ns          251717 1c008972 02500793 addi             x15, x0, 37         x15=00000025
15093998ns          251718 1c008976 04f50863 beq              x10, x15, 80        x10:00000072 x15:00000025
15094018ns          251719 1c00897a 01a005b3 add              x11, x0, x26        x11=00000002 x26:00000002
15094038ns          251720 1c00897c 000b00e7 jalr             x1, x22, 0           x1=1c00897e x22:1c008888
15094078ns          251722 1c008888 000026b7 lui              x13, 0x2000         x13=00002000
15094097ns          251723 1c00888a f14027f3 csrrs            x15, x0, 0xf14      x15=00000001
15094117ns          251724 1c00888e f8068693 addi             x13, x13, -128      x13=00001f80 x13:00002000
15094137ns          251725 1c008892 00379713 slli             x14, x15, 0x3       x14=00000008 x15:00000001
15094157ns          251726 1c008896 00279793 slli             x15, x15, 0x2       x15=00000004 x15:00000001
15094177ns          251727 1c008898 00d7f7b3 and              x15, x15, x13       x15=00000000 x15:00000004 x13:00001f80
15094197ns          251728 1c00889a ee873733 p.bclr           x14, x14, 23, 8     x14=00000008 x14:00000008
15094217ns          251729 1c00889e 1a10f6b7 lui              x13, 0x1a10f000     x13=1a10f000
15094237ns          251730 1c0088a2 0ff57513 andi             x10, x10, 255       x10=00000072 x10:00000072
15094257ns          251731 1c0088a6 00d70733 add              x14, x14, x13       x14=1a10f008 x14:00000008 x13:1a10f000
15094276ns          251732 1c0088a8 00a7e723 p.sw             x10, x0(x15)        x10:00000072 x15:00000000  PA:1a10f008
15094595ns          251748 1c0088ac 00000513 addi             x10, x0, 0          x10=00000000
15094615ns          251749 1c0088ae 00008067 jalr             x0, x1, 0            x1:1c00897e
15094674ns          251752 1c00897e 31f52563 p.beqimm         x10, 778            x10:00000000
15094694ns          251753 1c008982 001d8d93 addi             x27, x27, 1         x27=00000014 x27:00000013
15094714ns          251754 1c008984 00044503 lbu              x10, 0(x8)          x10=00000065  x8:1c000080  PA:1c000080
15095012ns          251769 1c008988 00140413 addi             x8, x8, 1            x8=1c000081  x8:1c000080
15095032ns          251770 1c00898a fe0514e3 bne              x10, x0, -24        x10:00000065
15095112ns          251774 1c008972 02500793 addi             x15, x0, 37         x15=00000025
15095132ns          251775 1c008976 04f50863 beq              x10, x15, 80        x10:00000065 x15:00000025
15095152ns          251776 1c00897a 01a005b3 add              x11, x0, x26        x11=00000002 x26:00000002
15095171ns          251777 1c00897c 000b00e7 jalr             x1, x22, 0           x1=1c00897e x22:1c008888
15095211ns          251779 1c008888 000026b7 lui              x13, 0x2000         x13=00002000
15095231ns          251780 1c00888a f14027f3 csrrs            x15, x0, 0xf14      x15=00000001
15095251ns          251781 1c00888e f8068693 addi             x13, x13, -128      x13=00001f80 x13:00002000
15095271ns          251782 1c008892 00379713 slli             x14, x15, 0x3       x14=00000008 x15:00000001
15095291ns          251783 1c008896 00279793 slli             x15, x15, 0x2       x15=00000004 x15:00000001
15095311ns          251784 1c008898 00d7f7b3 and              x15, x15, x13       x15=00000000 x15:00000004 x13:00001f80
15095331ns          251785 1c00889a ee873733 p.bclr           x14, x14, 23, 8     x14=00000008 x14:00000008
15095351ns          251786 1c00889e 1a10f6b7 lui              x13, 0x1a10f000     x13=1a10f000
15095370ns          251787 1c0088a2 0ff57513 andi             x10, x10, 255       x10=00000065 x10:00000065
15095390ns          251788 1c0088a6 00d70733 add              x14, x14, x13       x14=1a10f008 x14:00000008 x13:1a10f000
15095410ns          251789 1c0088a8 00a7e723 p.sw             x10, x0(x15)        x10:00000065 x15:00000000  PA:1a10f008
15095748ns          251806 1c0088ac 00000513 addi             x10, x0, 0          x10=00000000
15095768ns          251807 1c0088ae 00008067 jalr             x0, x1, 0            x1:1c00897e
15095828ns          251810 1c00897e 31f52563 p.beqimm         x10, 778            x10:00000000
15095848ns          251811 1c008982 001d8d93 addi             x27, x27, 1         x27=00000015 x27:00000014
15095868ns          251812 1c008984 00044503 lbu              x10, 0(x8)          x10=00000020  x8:1c000081  PA:1c000081
15096166ns          251827 1c008988 00140413 addi             x8, x8, 1            x8=1c000082  x8:1c000081
15096186ns          251828 1c00898a fe0514e3 bne              x10, x0, -24        x10:00000020
15096265ns          251832 1c008972 02500793 addi             x15, x0, 37         x15=00000025
15096285ns          251833 1c008976 04f50863 beq              x10, x15, 80        x10:00000020 x15:00000025
15096305ns          251834 1c00897a 01a005b3 add              x11, x0, x26        x11=00000002 x26:00000002
15096325ns          251835 1c00897c 000b00e7 jalr             x1, x22, 0           x1=1c00897e x22:1c008888
15096365ns          251837 1c008888 000026b7 lui              x13, 0x2000         x13=00002000
15096385ns          251838 1c00888a f14027f3 csrrs            x15, x0, 0xf14      x15=00000001
15096405ns          251839 1c00888e f8068693 addi             x13, x13, -128      x13=00001f80 x13:00002000
15096425ns          251840 1c008892 00379713 slli             x14, x15, 0x3       x14=00000008 x15:00000001
15096445ns          251841 1c008896 00279793 slli             x15, x15, 0x2       x15=00000004 x15:00000001
15096464ns          251842 1c008898 00d7f7b3 and              x15, x15, x13       x15=00000000 x15:00000004 x13:00001f80
15096484ns          251843 1c00889a ee873733 p.bclr           x14, x14, 23, 8     x14=00000008 x14:00000008
15096504ns          251844 1c00889e 1a10f6b7 lui              x13, 0x1a10f000     x13=1a10f000
15096524ns          251845 1c0088a2 0ff57513 andi             x10, x10, 255       x10=00000020 x10:00000020
15096544ns          251846 1c0088a6 00d70733 add              x14, x14, x13       x14=1a10f008 x14:00000008 x13:1a10f000
15096564ns          251847 1c0088a8 00a7e723 p.sw             x10, x0(x15)        x10:00000020 x15:00000000  PA:1a10f008
15096882ns          251863 1c0088ac 00000513 addi             x10, x0, 0          x10=00000000
15096902ns          251864 1c0088ae 00008067 jalr             x0, x1, 0            x1:1c00897e
15096962ns          251867 1c00897e 31f52563 p.beqimm         x10, 778            x10:00000000
15096982ns          251868 1c008982 001d8d93 addi             x27, x27, 1         x27=00000016 x27:00000015
15097001ns          251869 1c008984 00044503 lbu              x10, 0(x8)          x10=00000020  x8:1c000082  PA:1c000082
15097300ns          251884 1c008988 00140413 addi             x8, x8, 1            x8=1c000083  x8:1c000082
15097320ns          251885 1c00898a fe0514e3 bne              x10, x0, -24        x10:00000020
15097399ns          251889 1c008972 02500793 addi             x15, x0, 37         x15=00000025
15097419ns          251890 1c008976 04f50863 beq              x10, x15, 80        x10:00000020 x15:00000025
15097439ns          251891 1c00897a 01a005b3 add              x11, x0, x26        x11=00000002 x26:00000002
15097459ns          251892 1c00897c 000b00e7 jalr             x1, x22, 0           x1=1c00897e x22:1c008888
15097499ns          251894 1c008888 000026b7 lui              x13, 0x2000         x13=00002000
15097519ns          251895 1c00888a f14027f3 csrrs            x15, x0, 0xf14      x15=00000001
15097538ns          251896 1c00888e f8068693 addi             x13, x13, -128      x13=00001f80 x13:00002000
15097558ns          251897 1c008892 00379713 slli             x14, x15, 0x3       x14=00000008 x15:00000001
15097578ns          251898 1c008896 00279793 slli             x15, x15, 0x2       x15=00000004 x15:00000001
15097598ns          251899 1c008898 00d7f7b3 and              x15, x15, x13       x15=00000000 x15:00000004 x13:00001f80
15097618ns          251900 1c00889a ee873733 p.bclr           x14, x14, 23, 8     x14=00000008 x14:00000008
15097638ns          251901 1c00889e 1a10f6b7 lui              x13, 0x1a10f000     x13=1a10f000
15097658ns          251902 1c0088a2 0ff57513 andi             x10, x10, 255       x10=00000020 x10:00000020
15097678ns          251903 1c0088a6 00d70733 add              x14, x14, x13       x14=1a10f008 x14:00000008 x13:1a10f000
15097698ns          251904 1c0088a8 00a7e723 p.sw             x10, x0(x15)        x10:00000020 x15:00000000  PA:1a10f008
15098016ns          251920 1c0088ac 00000513 addi             x10, x0, 0          x10=00000000
15098036ns          251921 1c0088ae 00008067 jalr             x0, x1, 0            x1:1c00897e
15098095ns          251924 1c00897e 31f52563 p.beqimm         x10, 778            x10:00000000
15098115ns          251925 1c008982 001d8d93 addi             x27, x27, 1         x27=00000017 x27:00000016
15098135ns          251926 1c008984 00044503 lbu              x10, 0(x8)          x10=00000025  x8:1c000083  PA:1c000083
15098453ns          251942 1c008988 00140413 addi             x8, x8, 1            x8=1c000084  x8:1c000083
15098473ns          251943 1c00898a fe0514e3 bne              x10, x0, -24        x10:00000025
15098553ns          251947 1c008972 02500793 addi             x15, x0, 37         x15=00000025
15098573ns          251948 1c008976 04f50863 beq              x10, x15, 80        x10:00000025 x15:00000025
15098712ns          251955 1c0089c6 00044483 lbu              x9, 0(x8)            x9=00000064  x8:1c000084  PA:1c000084
15099010ns          251970 1c0089ca 02000693 addi             x13, x0, 32         x13=00000020
15099030ns          251971 1c0089ce 00140a93 addi             x21, x8, 1          x21=1c000085  x8:1c000084
15099050ns          251972 1c0089d2 009005b3 add              x11, x0, x9         x11=00000064  x9:00000064
15099070ns          251973 1c0089d4 0f4b8513 addi             x10, x23, 244       x10=1c0000f4 x23:1c000000
15099090ns          251974 1c0089d8 00d12823 sw               x13, 16(x2)         x13:00000020  x2:10000e58  PA:10000e68
15099110ns          251975 1c0089da 00012c23 sw               x0, 24(x2)           x2:10000e58  PA:10000e70
15099130ns          251976 1c0089dc 00012a23 sw               x0, 20(x2)           x2:10000e58  PA:10000e6c
15099150ns          251977 1c0089de 00012e23 sw               x0, 28(x2)           x2:10000e58  PA:10000e74
15099170ns          251978 1c0089e0 00012623 sw               x0, 12(x2)           x2:10000e58  PA:10000e64
15099189ns          251979 1c0089e2 02300913 addi             x18, x0, 35         x18=00000023
15099209ns          251980 1c0089e6 02d00a13 addi             x20, x0, 45         x20=0000002d
15099229ns          251981 1c0089ea 015009b3 add              x19, x0, x21        x19=1c000085 x21:1c000085
15099249ns          251982 1c0089ec e1dff0ef jal              x1, -484             x1=1c0089ee
15099368ns          251988 1c008808 00054783 lbu              x15, 0(x10)         x15=0000002d x10:1c0000f4  PA:1c0000f4
15099707ns          252005 1c00880c 0ff5f593 andi             x11, x11, 255       x11=00000064 x11:00000064
15099726ns          252006 1c008810 00b78c63 beq              x15, x11, 24        x15:0000002d x11:00000064
15099746ns          252007 1c008814 00078b63 beq              x15, x0, 22         x15:0000002d
15099766ns          252008 1c008816 00150793 addi             x15, x10, 1         x15=1c0000f5 x10:1c0000f4
15099786ns          252009 1c00881a 0040006f jal              x0, 4              
15099866ns          252013 1c00881e 00f00533 add              x10, x0, x15        x10=1c0000f5 x15:1c0000f5
15099886ns          252014 1c008820 0017c70b p.lbu            x14, 1(x15!)        x14=0000002b x15=1c0000f6 x15:1c0000f5  PA:1c0000f5
15100204ns          252030 1c008824 feb71ce3 bne              x14, x11, -8        x14:0000002b x11:00000064
15100264ns          252033 1c00881c 00070763 beq              x14, x0, 14         x14:0000002b
15100283ns          252034 1c00881e 00f00533 add              x10, x0, x15        x10=1c0000f6 x15:1c0000f6
15100303ns          252035 1c008820 0017c70b p.lbu            x14, 1(x15!)        x14=00000020 x15=1c0000f7 x15:1c0000f6  PA:1c0000f6
15100622ns          252051 1c008824 feb71ce3 bne              x14, x11, -8        x14:00000020 x11:00000064
15100681ns          252054 1c00881c 00070763 beq              x14, x0, 14         x14:00000020
15100701ns          252055 1c00881e 00f00533 add              x10, x0, x15        x10=1c0000f7 x15:1c0000f7
15100721ns          252056 1c008820 0017c70b p.lbu            x14, 1(x15!)        x14=00000023 x15=1c0000f8 x15:1c0000f7  PA:1c0000f7
15101059ns          252073 1c008824 feb71ce3 bne              x14, x11, -8        x14:00000023 x11:00000064
15101119ns          252076 1c00881c 00070763 beq              x14, x0, 14         x14:00000023
15101139ns          252077 1c00881e 00f00533 add              x10, x0, x15        x10=1c0000f8 x15:1c0000f8
15101159ns          252078 1c008820 0017c70b p.lbu            x14, 1(x15!)        x14=00000030 x15=1c0000f9 x15:1c0000f8  PA:1c0000f8
15101497ns          252095 1c008824 feb71ce3 bne              x14, x11, -8        x14:00000030 x11:00000064
15101556ns          252098 1c00881c 00070763 beq              x14, x0, 14         x14:00000030
15101576ns          252099 1c00881e 00f00533 add              x10, x0, x15        x10=1c0000f9 x15:1c0000f9
15101596ns          252100 1c008820 0017c70b p.lbu            x14, 1(x15!)        x14=00000000 x15=1c0000fa x15:1c0000f9  PA:1c0000f9
15101934ns          252117 1c008824 feb71ce3 bne              x14, x11, -8        x14:00000000 x11:00000064
15101994ns          252120 1c00881c 00070763 beq              x14, x0, 14         x14:00000000
15102074ns          252124 1c00882a 0015b593 sltiu            x11, x11, 1         x11=00000000 x11:00000064
15102093ns          252125 1c00882e 40b005b3 sub              x11, x0, x11        x11=00000000 x11:00000000
15102113ns          252126 1c008832 00b57533 and              x10, x10, x11       x10=00000000 x10:1c0000f9 x11:00000000
15102133ns          252127 1c008834 00008067 jalr             x0, x1, 0            x1:1c0089ee
15102173ns          252129 1c0089ee 02050a63 beq              x10, x0, 52         x10:00000000
15102690ns          252155 1c008a22 02a00613 addi             x12, x0, 42         x12=0000002a
15102710ns          252156 1c008a26 2ac48663 beq              x9, x12, 684         x9:00000064 x12:0000002a
15102730ns          252157 1c008a2a fd048613 addi             x12, x9, -48        x12=00000034  x9:00000064
15102750ns          252158 1c008a2e 00900593 addi             x11, x0, 9          x11=00000009
15102770ns          252159 1c008a30 00000913 addi             x18, x0, 0          x18=00000000
15102790ns          252160 1c008a32 28c5f063 bgeu             x11, x12, 640       x11:00000009 x12:00000034
15102810ns          252161 1c008a36 02e00693 addi             x13, x0, 46         x13=0000002e
15102829ns          252162 1c008a3a fff00a13 addi             x20, x0, -1         x20=ffffffff
15102849ns          252163 1c008a3c 2ed48363 beq              x9, x13, 742         x9:00000064 x13:0000002e
15102869ns          252164 1c008a40 1c0007b7 lui              x15, 0x1c000000     x15=1c000000
15102889ns          252165 1c008a44 009005b3 add              x11, x0, x9         x11=00000064  x9:00000064
15102909ns          252166 1c008a46 0fc78513 addi             x10, x15, 252       x10=1c0000fc x15:1c000000
15102929ns          252167 1c008a4a dbfff0ef jal              x1, -578             x1=1c008a4c
15102969ns          252169 1c008808 00054783 lbu              x15, 0(x10)         x15=00000068 x10:1c0000fc  PA:1c0000fc
15103267ns          252184 1c00880c 0ff5f593 andi             x11, x11, 255       x11=00000064 x11:00000064
15103287ns          252185 1c008810 00b78c63 beq              x15, x11, 24        x15:00000068 x11:00000064
15103307ns          252186 1c008814 00078b63 beq              x15, x0, 22         x15:00000068
15103327ns          252187 1c008816 00150793 addi             x15, x10, 1         x15=1c0000fd x10:1c0000fc
15103347ns          252188 1c00881a 0040006f jal              x0, 4              
15103386ns          252190 1c00881e 00f00533 add              x10, x0, x15        x10=1c0000fd x15:1c0000fd
15103406ns          252191 1c008820 0017c70b p.lbu            x14, 1(x15!)        x14=0000006c x15=1c0000fe x15:1c0000fd  PA:1c0000fd
15103744ns          252208 1c008824 feb71ce3 bne              x14, x11, -8        x14:0000006c x11:00000064
15103804ns          252211 1c00881c 00070763 beq              x14, x0, 14         x14:0000006c
15103824ns          252212 1c00881e 00f00533 add              x10, x0, x15        x10=1c0000fe x15:1c0000fe
15103844ns          252213 1c008820 0017c70b p.lbu            x14, 1(x15!)        x14=0000004c x15=1c0000ff x15:1c0000fe  PA:1c0000fe
15104281ns          252235 1c008824 feb71ce3 bne              x14, x11, -8        x14:0000004c x11:00000064
15104341ns          252238 1c00881c 00070763 beq              x14, x0, 14         x14:0000004c
15104361ns          252239 1c00881e 00f00533 add              x10, x0, x15        x10=1c0000ff x15:1c0000ff
15104381ns          252240 1c008820 0017c70b p.lbu            x14, 1(x15!)        x14=0000007a x15=1c000100 x15:1c0000ff  PA:1c0000ff
15104699ns          252256 1c008824 feb71ce3 bne              x14, x11, -8        x14:0000007a x11:00000064
15104759ns          252259 1c00881c 00070763 beq              x14, x0, 14         x14:0000007a
15104779ns          252260 1c00881e 00f00533 add              x10, x0, x15        x10=1c000100 x15:1c000100
15104799ns          252261 1c008820 0017c70b p.lbu            x14, 1(x15!)        x14=00000000 x15=1c000101 x15:1c000100  PA:1c000100
15105137ns          252278 1c008824 feb71ce3 bne              x14, x11, -8        x14:00000000 x11:00000064
15105196ns          252281 1c00881c 00070763 beq              x14, x0, 14         x14:00000000
15105276ns          252285 1c00882a 0015b593 sltiu            x11, x11, 1         x11=00000000 x11:00000064
15105296ns          252286 1c00882e 40b005b3 sub              x11, x0, x11        x11=00000000 x11:00000000
15105316ns          252287 1c008832 00b57533 and              x10, x10, x11       x10=00000000 x10:1c000100 x11:00000000
15105336ns          252288 1c008834 00008067 jalr             x0, x1, 0            x1:1c008a4c
15105375ns          252290 1c008a4c 01300433 add              x8, x0, x19          x8=1c000085 x19:1c000085
15105395ns          252291 1c008a4e 00050563 beq              x10, x0, 10         x10:00000000
15105455ns          252294 1c008a58 06700693 addi             x13, x0, 103        x13=00000067
15105475ns          252295 1c008a5c 2896d963 bge              x13, x9, 658        x13:00000067  x9:00000064
15105694ns          252306 1c008cee 06500693 addi             x13, x0, 101        x13=00000065
15105733ns          252308 1c008cf2 12d4d563 bge              x9, x13, 298         x9:00000064 x13:00000065
15105753ns          252309 1c008cf6 04700693 addi             x13, x0, 71         x13=00000047
15105773ns          252310 1c008cfa dc96cbe3 blt              x13, x9, -554       x13:00000047  x9:00000064
15105873ns          252315 1c008ad0 06300693 addi             x13, x0, 99         x13=00000063
15105893ns          252316 1c008ad4 0ad488e3 beq              x9, x13, 2224        x9:00000064 x13:00000063
15105913ns          252317 1c008ad8 0096c9e3 blt              x13, x9, 2066       x13:00000063  x9:00000064
15106111ns          252327 1c0092ea 000c2583 lw               x11, 0(x24)         x11=00000001 x24:10000fac  PA:10000fac
15106131ns          252328 1c0092ee 004c0c13 addi             x24, x24, 4         x24=10000fb0 x24:10000fac
15106171ns          252330 1c0092f0 3405cc63 blt              x11, x0, 856        x11:00000001
15106211ns          252332 1c0092f4 01412603 lw               x12, 20(x2)         x12=00000000  x2:10000e58  PA:10000e6c
15106231ns          252333 1c0092f6 00b006b3 add              x13, x0, x11        x13=00000001 x11:00000001
15106251ns          252334 1c0092f8 2e061863 bne              x12, x0, 752        x12:00000000
15106271ns          252335 1c0092fc 01812703 lw               x14, 24(x2)         x14=00000000  x2:10000e58  PA:10000e70
15106290ns          252336 1c0092fe 019007b3 add              x15, x0, x25        x15=10000e7c x25:10000e7c
15106310ns          252337 1c009300 00070763 beq              x14, x0, 14         x14:00000000
15106370ns          252340 1c00930e 00f00733 add              x14, x0, x15        x14=10000e7c x15:10000e7c
15106430ns          252343 1c009310 00a00513 addi             x10, x0, 10         x10=0000000a
15106469ns          252345 1c009312 02a6f633 remu             x12, x13, x10       x12=00000001 x13:00000001 x10:0000000a
15107086ns          252376 1c009316 02a6d6b3 divu             x13, x13, x10       x13=00000000 x13:00000001 x10:0000000a
15107703ns          252407 1c00931a 03060613 addi             x12, x12, 48        x12=00000031 x12:00000001
15107723ns          252408 1c00931e 00c700ab p.sb             x12, 1(x14!)        x14=10000e7d x12:00000031 x14:10000e7c  PA:10000e7c
15107742ns          252409 1c009322 fe0698e3 bne              x13, x0, -16        x13:00000000
15107762ns          252410 1c009324 40f706b3 sub              x13, x14, x15       x13=00000001 x14:10000e7d x15:10000e7c
15107782ns          252411 1c009328 0146dc63 bge              x13, x20, 24        x13:00000001 x20:ffffffff
15107921ns          252418 1c009340 00e006b3 add              x13, x0, x14        x13=10000e7d x14:10000e7d
15107961ns          252420 1c009342 fe068fab p.sb             x0, -1(x13!)        x13=10000e7c x13:10000e7d  PA:10000e7d
15107981ns          252421 1c009346 00d7fc63 bgeu             x15, x13, 24        x15:10000e7c x13:10000e7c
15108100ns          252427 1c00935e 01412783 lw               x15, 20(x2)         x15=00000000  x2:10000e58  PA:10000e6c
15108160ns          252430 1c009360 01812603 lw               x12, 24(x2)         x12=00000000  x2:10000e58  PA:10000e70
15108200ns          252432 1c009362 419704b3 sub              x9, x14, x25         x9=00000001 x14:10000e7d x25:10000e7c
15108220ns          252433 1c009366 00c7e7b3 or               x15, x15, x12       x15=00000000 x15:00000000 x12:00000000
15108240ns          252434 1c009368 00f12623 sw               x15, 12(x2)         x15:00000000  x2:10000e58  PA:10000e64
15108260ns          252435 1c00936a 00079363 bne              x15, x0, 6          x15:00000000
15108280ns          252436 1c00936c 01f5d593 srli             x11, x11, 0x1f      x11=00000000 x11:00000001
15108299ns          252437 1c00936e 00b12623 sw               x11, 12(x2)         x11:00000000  x2:10000e58  PA:10000e64
15108319ns          252438 1c009370 e3fa28e3 p.beqimm         x20, -464           x20:ffffffff
15108419ns          252443 1c0091a0 0c800793 addi             x15, x0, 200        x15=000000c8
15108459ns          252445 1c0091a4 9e97d0e3 bge              x15, x9, -1568      x15:000000c8  x9:00000001
15108558ns          252450 1c008b84 0f24d163 bge              x9, x18, 226         x9:00000001 x18:00000000
15108638ns          252454 1c008c66 d00482e3 beq              x9, x0, -764         x9:00000001
15108657ns          252455 1c008c6a 01900933 add              x18, x0, x25        x18=10000e7c x25:10000e7c
15108677ns          252456 1c008c6c 419d8db3 sub              x27, x27, x25       x27=effff19b x27:00000017 x25:10000e7c
15108717ns          252458 1c008c70 00a0006f jal              x0, 10             
15108777ns          252461 1c008c7a 0019450b p.lbu            x10, 1(x18!)        x10=00000031 x18=10000e7d x18:10000e7c  PA:10000e7c
15108797ns          252462 1c008c7e 01a005b3 add              x11, x0, x26        x11=00000002 x26:00000002
15108836ns          252464 1c008c80 000b00e7 jalr             x1, x22, 0           x1=1c008c82 x22:1c008888
15108876ns          252466 1c008888 000026b7 lui              x13, 0x2000         x13=00002000
15108896ns          252467 1c00888a f14027f3 csrrs            x15, x0, 0xf14      x15=00000001
15108916ns          252468 1c00888e f8068693 addi             x13, x13, -128      x13=00001f80 x13:00002000
15108936ns          252469 1c008892 00379713 slli             x14, x15, 0x3       x14=00000008 x15:00000001
15108956ns          252470 1c008896 00279793 slli             x15, x15, 0x2       x15=00000004 x15:00000001
15108976ns          252471 1c008898 00d7f7b3 and              x15, x15, x13       x15=00000000 x15:00000004 x13:00001f80
15108996ns          252472 1c00889a ee873733 p.bclr           x14, x14, 23, 8     x14=00000008 x14:00000008
15109035ns          252474 1c00889e 1a10f6b7 lui              x13, 0x1a10f000     x13=1a10f000
15109075ns          252476 1c0088a2 0ff57513 andi             x10, x10, 255       x10=00000031 x10:00000031
15109095ns          252477 1c0088a6 00d70733 add              x14, x14, x13       x14=1a10f008 x14:00000008 x13:1a10f000
15109115ns          252478 1c0088a8 00a7e723 p.sw             x10, x0(x15)        x10:00000031 x15:00000000  PA:1a10f008
15109433ns          252494 1c0088ac 00000513 addi             x10, x0, 0          x10=00000000
15109453ns          252495 1c0088ae 00008067 jalr             x0, x1, 0            x1:1c008c82
15109493ns          252497 1c008c82 fff48493 addi             x9, x9, -1           x9=00000000  x9:00000001
15109513ns          252498 1c008c84 fff537e3 p.bneimm         x10, -18            x10:00000000
15109592ns          252502 1c008c72 012d8733 add              x14, x27, x18       x14=00000018 x27:effff19b x18:10000e7d
15109612ns          252503 1c008c76 5a048b63 beq              x9, x0, 1462         x9:00000000
15110090ns          252527 1c00922c 00e00db3 add              x27, x0, x14        x27=00000018 x14:00000018
15110169ns          252531 1c00922e f3cff06f jal              x0, -2244          
15110288ns          252537 1c00896a 00044503 lbu              x10, 0(x8)          x10=0000000a  x8:1c000085  PA:1c000085
15110587ns          252552 1c00896e 00140413 addi             x8, x8, 1            x8=1c000086  x8:1c000085
15110607ns          252553 1c008970 00050e63 beq              x10, x0, 28         x10:0000000a
15110627ns          252554 1c008972 02500793 addi             x15, x0, 37         x15=00000025
15110647ns          252555 1c008976 04f50863 beq              x10, x15, 80        x10:0000000a x15:00000025
15110666ns          252556 1c00897a 01a005b3 add              x11, x0, x26        x11=00000002 x26:00000002
15110686ns          252557 1c00897c 000b00e7 jalr             x1, x22, 0           x1=1c00897e x22:1c008888
15110786ns          252562 1c008888 000026b7 lui              x13, 0x2000         x13=00002000
15110806ns          252563 1c00888a f14027f3 csrrs            x15, x0, 0xf14      x15=00000001
15110826ns          252564 1c00888e f8068693 addi             x13, x13, -128      x13=00001f80 x13:00002000
15110845ns          252565 1c008892 00379713 slli             x14, x15, 0x3       x14=00000008 x15:00000001
15110865ns          252566 1c008896 00279793 slli             x15, x15, 0x2       x15=00000004 x15:00000001
15110885ns          252567 1c008898 00d7f7b3 and              x15, x15, x13       x15=00000000 x15:00000004 x13:00001f80
15110905ns          252568 1c00889a ee873733 p.bclr           x14, x14, 23, 8     x14=00000008 x14:00000008
15110925ns          252569 1c00889e 1a10f6b7 lui              x13, 0x1a10f000     x13=1a10f000
15110945ns          252570 1c0088a2 0ff57513 andi             x10, x10, 255       x10=0000000a x10:0000000a
15110965ns          252571 1c0088a6 00d70733 add              x14, x14, x13       x14=1a10f008 x14:00000008 x13:1a10f000
15110985ns          252572 1c0088a8 00a7e723 p.sw             x10, x0(x15)        x10:0000000a x15:00000000  PA:1a10f008
15111303ns          252588 1c0088ac 00000513 addi             x10, x0, 0          x10=00000000
15111323ns          252589 1c0088ae 00008067 jalr             x0, x1, 0            x1:1c00897e
15111382ns          252592 1c00897e 31f52563 p.beqimm         x10, 778            x10:00000000
15111402ns          252593 1c008982 001d8d93 addi             x27, x27, 1         x27=00000019 x27:00000018
15111422ns          252594 1c008984 00044503 lbu              x10, 0(x8)          x10=00000000  x8:1c000086  PA:1c000086
15111740ns          252610 1c008988 00140413 addi             x8, x8, 1            x8=1c000087  x8:1c000086
15111760ns          252611 1c00898a fe0514e3 bne              x10, x0, -24        x10:00000000
15111780ns          252612 1c00898c 01b00433 add              x8, x0, x27          x8=00000019 x27:00000019
15111800ns          252613 1c00898e 00800533 add              x10, x0, x8         x10=00000019  x8:00000019
15111820ns          252614 1c008990 12c12083 lw               x1, 300(x2)          x1=1c00891c  x2:10000e58  PA:10000f84
15111840ns          252615 1c008994 12812403 lw               x8, 296(x2)          x8=487d6d6e  x2:10000e58  PA:10000f80
15111860ns          252616 1c008998 12412483 lw               x9, 292(x2)          x9=1c011008  x2:10000e58  PA:10000f7c
15111880ns          252617 1c00899c 12012903 lw               x18, 288(x2)        x18=487d6e14  x2:10000e58  PA:10000f78
15111920ns          252619 1c0089a0 11c12983 lw               x19, 284(x2)        x19=487d6cc8  x2:10000e58  PA:10000f74
15111959ns          252621 1c0089a4 11812a03 lw               x20, 280(x2)        x20=xxxxxxxx  x2:10000e58  PA:10000f70
15111979ns          252622 1c0089a8 11412a83 lw               x21, 276(x2)        x21=xxxxxxxx  x2:10000e58  PA:10000f6c
15111999ns          252623 1c0089ac 11012b03 lw               x22, 272(x2)        x22=xxxxxxxx  x2:10000e58  PA:10000f68
15112059ns          252626 1c0089b0 10c12b83 lw               x23, 268(x2)        x23=xxxxxxxx  x2:10000e58  PA:10000f64
15112099ns          252628 1c0089b4 10812c03 lw               x24, 264(x2)        x24=xxxxxxxx  x2:10000e58  PA:10000f60
15112118ns          252629 1c0089b8 10412c83 lw               x25, 260(x2)        x25=xxxxxxxx  x2:10000e58  PA:10000f5c
15112138ns          252630 1c0089bc 10012d03 lw               x26, 256(x2)        x26=xxxxxxxx  x2:10000e58  PA:10000f58
15112198ns          252633 1c0089c0 0fc12d83 lw               x27, 252(x2)        x27=xxxxxxxx  x2:10000e58  PA:10000f54
15112218ns          252634 1c0089c2 13010113 addi             x2, x2, 304          x2=10000f88  x2:10000e58
15112238ns          252635 1c0089c4 00008067 jalr             x0, x1, 0            x1:1c00891c
15112317ns          252639 1c00891c 01c12083 lw               x1, 28(x2)           x1=1c0082d2  x2:10000f88  PA:10000fa4
15112337ns          252640 1c00891e 04010113 addi             x2, x2, 64           x2=10000fc8  x2:10000f88
15112397ns          252643 1c008920 00008067 jalr             x0, x1, 0            x1:1c0082d2
15112476ns          252647 1c0082d2 00000513 addi             x10, x0, 0          x10=00000000
15112516ns          252649 1c0082d4 fd9ff06f jal              x0, -40            
15112974ns          252672 1c0082ac 02c12083 lw               x1, 44(x2)           x1=1c009bba  x2:10000fc8  PA:10000ff4
15112994ns          252673 1c0082ae 02812403 lw               x8, 40(x2)           x8=xxxxxxxx  x2:10000fc8  PA:10000ff0
15113014ns          252674 1c0082b0 02412483 lw               x9, 36(x2)           x9=xxxxxxxx  x2:10000fc8  PA:10000fec
15113033ns          252675 1c0082b2 02012903 lw               x18, 32(x2)         x18=xxxxxxxx  x2:10000fc8  PA:10000fe8
15113053ns          252676 1c0082b4 01c12983 lw               x19, 28(x2)         x19=xxxxxxxx  x2:10000fc8  PA:10000fe4
15113073ns          252677 1c0082b6 03010113 addi             x2, x2, 48           x2=10000ff8  x2:10000fc8
15113093ns          252678 1c0082b8 00008067 jalr             x0, x1, 0            x1:1c009bba
15113212ns          252684 1c009bba f14027f3 csrrs            x15, x0, 0xf14      x15=00000001
15113272ns          252687 1c009bbe f457b7b3 p.bclr           x15, x15, 26, 5     x15=00000001 x15:00000001
15113292ns          252688 1c009bc2 00079963 bne              x15, x0, 18         x15:00000001
15113769ns          252712 1c009bd4 002047b7 lui              x15, 0x204000       x15=00204000
15113809ns          252714 1c009bd8 fff00713 addi             x14, x0, -1         x14=ffffffff
15113829ns          252715 1c009bda 00e7a223 sw               x14, 4(x15)         x14:ffffffff x15:00204000  PA:00204004
