                Time          Cycles PC       Instr    Mnemonic
14990341ns          243515 1c008080 0640006f jal              x0, 100            
14990798ns          243538 1c0080e4 f1402573 csrrs            x10, x0, 0xf14      x10=00000001
14990838ns          243540 1c0080e8 01f57593 andi             x11, x10, 31        x11=00000001 x10:00000001
14990858ns          243541 1c0080ec 00555513 srli             x10, x10, 0x5       x10=00000000 x10:00000001
14990878ns          243542 1c0080ee 01f00613 addi             x12, x0, 31         x12=0000001f
14991296ns          243563 1c0080f0 00c50463 beq              x10, x12, 8         x10:00000000 x12:0000001f
14991336ns          243565 1c0080f4 fa1ff06f jal              x0, -96            
14991793ns          243588 1c008094 f3ff8117 auipc            x2, 0xf3ff8000       x2=10000094
14991833ns          243590 1c008098 f7010113 addi             x2, x2, -144         x2=10000004  x2:10000094
14991853ns          243591 1c00809c 00012103 lw               x2, 0(x2)            x2=10000008  x2:10000004  PA:10000004
14992310ns          243614 1c0080a0 000011b7 lui              x3, 0x1000           x3=00001000
14992350ns          243616 1c0080a4 80018193 addi             x3, x3, -2048        x3=00000800  x3:00001000
14992370ns          243617 1c0080a8 00158593 addi             x11, x11, 1         x11=00000002 x11:00000001
14992390ns          243618 1c0080ac 02b180b3 mul              x1, x3, x11          x1=00001000  x3:00000800 x11:00000002
14992827ns          243640 1c0080b0 00110133 add              x2, x2, x1           x2=10001008  x2:10000008  x1:00001000
14992867ns          243642 1c0080b4 66b0106f jal              x0, 7786           
14993325ns          243665 1c009f1e ff010113 addi             x2, x2, -16          x2=10000ff8  x2:10001008
14993782ns          243688 1c009f20 00112623 sw               x1, 12(x2)           x1:00001000  x2:10000ff8  PA:10001004
14993822ns          243690 1c009f22 002047b7 lui              x15, 0x204000       x15=00204000
14993842ns          243691 1c009f26 00070737 lui              x14, 0x70000        x14=00070000
14993862ns          243692 1c009f2a 00e7a423 sw               x14, 8(x15)         x14:00070000 x15:00204000  PA:00204008
14993882ns          243693 1c009f2c 00f00713 addi             x14, x0, 15         x14=0000000f
14994299ns          243714 1c009f2e 20078793 addi             x15, x15, 512       x15=00204200 x15:00204000
14994339ns          243716 1c009f32 00e7a023 sw               x14, 0(x15)         x14:0000000f x15:00204200  PA:00204200
14994359ns          243717 1c009f36 00e7a623 sw               x14, 12(x15)        x14:0000000f x15:00204200  PA:0020420c
14994379ns          243718 1c009f3a 1c0017b7 lui              x15, 0x1c001000     x15=1c001000
14994836ns          243741 1c009f3e 4047a783 lw               x15, 1028(x15)      x15=1c0085f8 x15:1c001000  PA:1c001404
14995194ns          243759 1c009f42 000780e7 jalr             x1, x15, 0           x1=1c009f44 x15:1c0085f8
14995871ns          243793 1c0085f8 f14027f3 csrrs            x15, x0, 0xf14      x15=00000001
14995910ns          243795 1c0085fc ca579733 p.extractu       x14, x15, 5, 5      x14=00000000 x15:00000001
14996368ns          243818 1c008600 00071c63 bne              x14, x0, 24         x14:00000000
14996408ns          243820 1c008602 f457b7b3 p.bclr           x15, x15, 26, 5     x15=00000001 x15:00000001
14996428ns          243821 1c008606 00078363 beq              x15, x0, 6          x15:00000001
14996447ns          243822 1c008608 00000513 addi             x10, x0, 0          x10=00000000
14996467ns          243823 1c00860a 00008067 jalr             x0, x1, 0            x1:1c009f44
14996925ns          243846 1c009f44 f14027f3 csrrs            x15, x0, 0xf14      x15=00000001
14996945ns          243847 1c009f48 f457b7b3 p.bclr           x15, x15, 26, 5     x15=00000001 x15:00000001
14996965ns          243848 1c009f4c 00079963 bne              x15, x0, 18         x15:00000001
14997522ns          243876 1c009f5e 002047b7 lui              x15, 0x204000       x15=00204000
14997541ns          243877 1c009f62 fff00713 addi             x14, x0, -1         x14=ffffffff
14997561ns          243878 1c009f64 00e7a223 sw               x14, 4(x15)         x14:ffffffff x15:00204000  PA:00204004
