                Time          Cycles PC       Instr    Mnemonic
33666824ns          572140 1c008080 0640006f jal              x0, 100            
33667302ns          572164 1c0080e4 f1402573 csrrs            x10, x0, 0xf14      x10=00000002
33667341ns          572166 1c0080e8 01f57593 andi             x11, x10, 31        x11=00000002 x10:00000002
33667361ns          572167 1c0080ec 00555513 srli             x10, x10, 0x5       x10=00000000 x10:00000002
33667381ns          572168 1c0080ee 01f00613 addi             x12, x0, 31         x12=0000001f
33667799ns          572189 1c0080f0 00c50463 beq              x10, x12, 8         x10:00000000 x12:0000001f
33667839ns          572191 1c0080f4 fa1ff06f jal              x0, -96            
33668296ns          572214 1c008094 f3ff8117 auipc            x2, 0xf3ff8000       x2=10000094
33668336ns          572216 1c008098 f7010113 addi             x2, x2, -144         x2=10000004  x2:10000094
33668356ns          572217 1c00809c 00012103 lw               x2, 0(x2)            x2=10000008  x2:10000004  PA:10000004
33668813ns          572240 1c0080a0 000011b7 lui              x3, 0x1000           x3=00001000
33668853ns          572242 1c0080a4 80018193 addi             x3, x3, -2048        x3=00000800  x3:00001000
33668873ns          572243 1c0080a8 00158593 addi             x11, x11, 1         x11=00000003 x11:00000002
33668893ns          572244 1c0080ac 02b180b3 mul              x1, x3, x11          x1=00001800  x3:00000800 x11:00000003
33669330ns          572266 1c0080b0 00110133 add              x2, x2, x1           x2=10001808  x2:10000008  x1:00001800
33669370ns          572268 1c0080b4 0610206f jal              x0, 10336          
33669828ns          572291 1c00a914 ff010113 addi             x2, x2, -16          x2=100017f8  x2:10001808
33669848ns          572292 1c00a916 00112623 sw               x1, 12(x2)           x1:00001800  x2:100017f8  PA:10001804
33669867ns          572293 1c00a918 002047b7 lui              x15, 0x204000       x15=00204000
33669887ns          572294 1c00a91c 00070737 lui              x14, 0x70000        x14=00070000
33670325ns          572316 1c00a920 00e7a423 sw               x14, 8(x15)         x14:00070000 x15:00204000  PA:00204008
33670345ns          572317 1c00a922 00f00713 addi             x14, x0, 15         x14=0000000f
33670365ns          572318 1c00a924 20078793 addi             x15, x15, 512       x15=00204200 x15:00204000
33670385ns          572319 1c00a928 00e7a023 sw               x14, 0(x15)         x14:0000000f x15:00204200  PA:00204200
33670404ns          572320 1c00a92c 00e7a623 sw               x14, 12(x15)        x14:0000000f x15:00204200  PA:0020420c
33670842ns          572342 1c00a930 1c0067b7 lui              x15, 0x1c006000     x15=1c006000
33670882ns          572344 1c00a934 4147a783 lw               x15, 1044(x15)      x15=1c008fee x15:1c006000  PA:1c006414
33671379ns          572369 1c00a938 000780e7 jalr             x1, x15, 0           x1=1c00a93a x15:1c008fee
33672334ns          572417 1c008fee f14027f3 csrrs            x15, x0, 0xf14      x15=00000002
33672374ns          572419 1c008ff2 ca579733 p.extractu       x14, x15, 5, 5      x14=00000000 x15:00000002
33672394ns          572420 1c008ff6 00071c63 bne              x14, x0, 24         x14:00000000
33672413ns          572421 1c008ff8 f457b7b3 p.bclr           x15, x15, 26, 5     x15=00000002 x15:00000002
33672433ns          572422 1c008ffc 00078363 beq              x15, x0, 6          x15:00000002
33672453ns          572423 1c008ffe 00000513 addi             x10, x0, 0          x10=00000000
33672851ns          572443 1c009000 00008067 jalr             x0, x1, 0            x1:1c00a93a
33672911ns          572446 1c00a93a f14027f3 csrrs            x15, x0, 0xf14      x15=00000002
33672931ns          572447 1c00a93e f457b7b3 p.bclr           x15, x15, 26, 5     x15=00000002 x15:00000002
33672950ns          572448 1c00a942 00079963 bne              x15, x0, 18         x15:00000002
33673468ns          572474 1c00a954 002047b7 lui              x15, 0x204000       x15=00204000
33673507ns          572476 1c00a958 fff00713 addi             x14, x0, -1         x14=ffffffff
33673527ns          572477 1c00a95a 00e7a223 sw               x14, 4(x15)         x14:ffffffff x15:00204000  PA:00204004
