                Time          Cycles PC       Instr    Mnemonic
33666844ns          572141 1c008080 0640006f jal              x0, 100            
33667321ns          572165 1c0080e4 f1402573 csrrs            x10, x0, 0xf14      x10=00000003
33667361ns          572167 1c0080e8 01f57593 andi             x11, x10, 31        x11=00000003 x10:00000003
33667381ns          572168 1c0080ec 00555513 srli             x10, x10, 0x5       x10=00000000 x10:00000003
33667401ns          572169 1c0080ee 01f00613 addi             x12, x0, 31         x12=0000001f
33667819ns          572190 1c0080f0 00c50463 beq              x10, x12, 8         x10:00000000 x12:0000001f
33667858ns          572192 1c0080f4 fa1ff06f jal              x0, -96            
33668316ns          572215 1c008094 f3ff8117 auipc            x2, 0xf3ff8000       x2=10000094
33668356ns          572217 1c008098 f7010113 addi             x2, x2, -144         x2=10000004  x2:10000094
33668376ns          572218 1c00809c 00012103 lw               x2, 0(x2)            x2=10000008  x2:10000004  PA:10000004
33668833ns          572241 1c0080a0 000011b7 lui              x3, 0x1000           x3=00001000
33668873ns          572243 1c0080a4 80018193 addi             x3, x3, -2048        x3=00000800  x3:00001000
33668893ns          572244 1c0080a8 00158593 addi             x11, x11, 1         x11=00000004 x11:00000003
33668913ns          572245 1c0080ac 02b180b3 mul              x1, x3, x11          x1=00002000  x3:00000800 x11:00000004
33669350ns          572267 1c0080b0 00110133 add              x2, x2, x1           x2=10002008  x2:10000008  x1:00002000
33669390ns          572269 1c0080b4 0610206f jal              x0, 10336          
33669848ns          572292 1c00a914 ff010113 addi             x2, x2, -16          x2=10001ff8  x2:10002008
33669867ns          572293 1c00a916 00112623 sw               x1, 12(x2)           x1:00002000  x2:10001ff8  PA:10002004
33669887ns          572294 1c00a918 002047b7 lui              x15, 0x204000       x15=00204000
33669907ns          572295 1c00a91c 00070737 lui              x14, 0x70000        x14=00070000
33670345ns          572317 1c00a920 00e7a423 sw               x14, 8(x15)         x14:00070000 x15:00204000  PA:00204008
33670365ns          572318 1c00a922 00f00713 addi             x14, x0, 15         x14=0000000f
33670385ns          572319 1c00a924 20078793 addi             x15, x15, 512       x15=00204200 x15:00204000
33670404ns          572320 1c00a928 00e7a023 sw               x14, 0(x15)         x14:0000000f x15:00204200  PA:00204200
33670444ns          572322 1c00a92c 00e7a623 sw               x14, 12(x15)        x14:0000000f x15:00204200  PA:0020420c
33670862ns          572343 1c00a930 1c0067b7 lui              x15, 0x1c006000     x15=1c006000
33670902ns          572345 1c00a934 4147a783 lw               x15, 1044(x15)      x15=1c008fee x15:1c006000  PA:1c006414
33671399ns          572370 1c00a938 000780e7 jalr             x1, x15, 0           x1=1c00a93a x15:1c008fee
33672354ns          572418 1c008fee f14027f3 csrrs            x15, x0, 0xf14      x15=00000003
33672394ns          572420 1c008ff2 ca579733 p.extractu       x14, x15, 5, 5      x14=00000000 x15:00000003
33672413ns          572421 1c008ff6 00071c63 bne              x14, x0, 24         x14:00000000
33672433ns          572422 1c008ff8 f457b7b3 p.bclr           x15, x15, 26, 5     x15=00000003 x15:00000003
33672453ns          572423 1c008ffc 00078363 beq              x15, x0, 6          x15:00000003
33672473ns          572424 1c008ffe 00000513 addi             x10, x0, 0          x10=00000000
33672871ns          572444 1c009000 00008067 jalr             x0, x1, 0            x1:1c00a93a
33672931ns          572447 1c00a93a f14027f3 csrrs            x15, x0, 0xf14      x15=00000003
33672950ns          572448 1c00a93e f457b7b3 p.bclr           x15, x15, 26, 5     x15=00000003 x15:00000003
33672970ns          572449 1c00a942 00079963 bne              x15, x0, 18         x15:00000003
33673507ns          572476 1c00a954 002047b7 lui              x15, 0x204000       x15=00204000
33673547ns          572478 1c00a958 fff00713 addi             x14, x0, -1         x14=ffffffff
33673567ns          572479 1c00a95a 00e7a223 sw               x14, 4(x15)         x14:ffffffff x15:00204000  PA:00204004
