                Time          Cycles PC       Instr    Mnemonic
18194646ns          299897 1c008080 0640006f jal              x0, 100            
18195104ns          299920 1c0080e4 f1402573 csrrs            x10, x0, 0xf14      x10=00000000
18195143ns          299922 1c0080e8 01f57593 andi             x11, x10, 31        x11=00000000 x10:00000000
18195163ns          299923 1c0080ec 00555513 srli             x10, x10, 0x5       x10=00000000 x10:00000000
18195183ns          299924 1c0080ee 01f00613 addi             x12, x0, 31         x12=0000001f
18195601ns          299945 1c0080f0 00c50463 beq              x10, x12, 8         x10:00000000 x12:0000001f
18195641ns          299947 1c0080f4 fa1ff06f jal              x0, -96            
18196118ns          299971 1c008094 f3ff8117 auipc            x2, 0xf3ff8000       x2=10000094
18196158ns          299973 1c008098 f7010113 addi             x2, x2, -144         x2=10000004  x2:10000094
18196178ns          299974 1c00809c 00012103 lw               x2, 0(x2)            x2=10000008  x2:10000004  PA:10000004
18196615ns          299996 1c0080a0 000011b7 lui              x3, 0x1000           x3=00001000
18196655ns          299998 1c0080a4 80018193 addi             x3, x3, -2048        x3=00000800  x3:00001000
18196675ns          299999 1c0080a8 00158593 addi             x11, x11, 1         x11=00000001 x11:00000000
18196695ns          300000 1c0080ac 02b180b3 mul              x1, x3, x11          x1=00000800  x3:00000800 x11:00000001
18197132ns          300022 1c0080b0 00110133 add              x2, x2, x1           x2=10000808  x2:10000008  x1:00000800
18197172ns          300024 1c0080b4 69d0206f jal              x0, 11932          
18197650ns          300048 1c00af50 ff010113 addi             x2, x2, -16          x2=100007f8  x2:10000808
18197669ns          300049 1c00af52 00112623 sw               x1, 12(x2)           x1:00000800  x2:100007f8  PA:10000804
18197689ns          300050 1c00af54 002047b7 lui              x15, 0x204000       x15=00204000
18197709ns          300051 1c00af58 00070737 lui              x14, 0x70000        x14=00070000
18197729ns          300052 1c00af5c 00e7a423 sw               x14, 8(x15)         x14:00070000 x15:00204000  PA:00204008
18197749ns          300053 1c00af5e 00f00713 addi             x14, x0, 15         x14=0000000f
18198167ns          300074 1c00af60 20078793 addi             x15, x15, 512       x15=00204200 x15:00204000
18198206ns          300076 1c00af64 00e7a023 sw               x14, 0(x15)         x14:0000000f x15:00204200  PA:00204200
18198226ns          300077 1c00af68 00e7a623 sw               x14, 12(x15)        x14:0000000f x15:00204200  PA:0020420c
18198246ns          300078 1c00af6c 1c0017b7 lui              x15, 0x1c001000     x15=1c001000
18198684ns          300100 1c00af70 35c7a783 lw               x15, 860(x15)       x15=1c0097ac x15:1c001000  PA:1c00135c
18199042ns          300118 1c00af74 000780e7 jalr             x1, x15, 0           x1=1c00af76 x15:1c0097ac
18199718ns          300152 1c0097ac f14027f3 csrrs            x15, x0, 0xf14      x15=00000000
18200196ns          300176 1c0097b0 ca579733 p.extractu       x14, x15, 5, 5      x14=00000000 x15:00000000
18200235ns          300178 1c0097b4 06071163 bne              x14, x0, 98         x14:00000000
18200255ns          300179 1c0097b6 f457b7b3 p.bclr           x15, x15, 26, 5     x15=00000000 x15:00000000
18200275ns          300180 1c0097ba 00000513 addi             x10, x0, 0          x10=00000000
18200295ns          300181 1c0097bc 00078263 beq              x15, x0, 4          x15:00000000
18200752ns          300204 1c0097c0 ff010113 addi             x2, x2, -16          x2=100007e8  x2:100007f8
18200772ns          300205 1c0097c2 00812423 sw               x8, 8(x2)            x8:xxxxxxxx  x2:100007e8  PA:100007f0
18200792ns          300206 1c0097c4 1c0005b7 lui              x11, 0x1c000000     x11=1c000000
18200812ns          300207 1c0097c8 1c001437 lui              x8, 0x1c001000       x8=1c001000
18200832ns          300208 1c0097cc 1c000537 lui              x10, 0x1c000000     x10=1c000000
18201250ns          300229 1c0097d0 00112623 sw               x1, 12(x2)           x1:1c00af76  x2:100007e8  PA:100007f4
18201290ns          300231 1c0097d2 1c0017b7 lui              x15, 0x1c001000     x15=1c001000
18201309ns          300232 1c0097d6 7c458593 addi             x11, x11, 1988      x11=1c0007c4 x11:1c000000
18201329ns          300233 1c0097da 32040413 addi             x8, x8, 800          x8=1c001320  x8:1c001000
18201767ns          300255 1c0097de 7ec50513 addi             x10, x10, 2028      x10=1c0007ec x10:1c000000
18201807ns          300257 1c0097e2 3207a223 sw               x0, 804(x15)        x15:1c001000  PA:1c001324
18202125ns          300273 1c0097e6 00042023 sw               x0, 0(x8)            x8:1c001320  PA:1c001320
18202443ns          300289 1c0097ea 5de000ef jal              x1, 1502             x1=1c0097ec
18202761ns          300305 1c009dc8 fc010113 addi             x2, x2, -64          x2=100007a8  x2:100007e8
18202801ns          300307 1c009dca 02410313 addi             x6, x2, 36           x6=100007cc  x2:100007a8
18202821ns          300308 1c009dce 02c12423 sw               x12, 40(x2)         x12:0000001f  x2:100007a8  PA:100007d0
18203239ns          300329 1c009dd0 00a00633 add              x12, x0, x10        x12=1c0007ec x10:1c0007ec
18203279ns          300331 1c009dd2 1c00a537 lui              x10, 0x1c00a000     x10=1c00a000
18203298ns          300332 1c009dd6 02b12223 sw               x11, 36(x2)         x11:1c0007c4  x2:100007a8  PA:100007cc
18203318ns          300333 1c009dd8 02d12623 sw               x13, 44(x2)         x13:xxxxxxxx  x2:100007a8  PA:100007d4
18203338ns          300334 1c009dda 00200593 addi             x11, x0, 2          x11=00000002
18203358ns          300335 1c009ddc 006006b3 add              x13, x0, x6         x13=100007cc  x6:100007cc
18203756ns          300355 1c009dde d8450513 addi             x10, x10, -636      x10=1c009d84 x10:1c00a000
18203776ns          300356 1c009de2 00112e23 sw               x1, 28(x2)           x1:1c0097ec  x2:100007a8  PA:100007c4
18203796ns          300357 1c009de4 02e12823 sw               x14, 48(x2)         x14:00000000  x2:100007a8  PA:100007d8
18203816ns          300358 1c009de6 02f12a23 sw               x15, 52(x2)         x15:1c001000  x2:100007a8  PA:100007dc
18203836ns          300359 1c009de8 03012c23 sw               x16, 56(x2)         x16:xxxxxxxx  x2:100007a8  PA:100007e0
18203855ns          300360 1c009dea 03112e23 sw               x17, 60(x2)         x17:xxxxxxxx  x2:100007a8  PA:100007e4
18203875ns          300361 1c009dec 00612623 sw               x6, 12(x2)           x6:100007cc  x2:100007a8  PA:100007b4
18203895ns          300362 1c009dee fbfff0ef jal              x1, -66              x1=1c009df0
18204751ns          300405 1c009dac 04a0006f jal              x0, 74             
18204790ns          300407 1c009df6 ed010113 addi             x2, x2, -304         x2=10000678  x2:100007a8
18204810ns          300408 1c009df8 12812423 sw               x8, 296(x2)          x8:1c001320  x2:10000678  PA:100007a0
18204830ns          300409 1c009dfc 00000413 addi             x8, x0, 0            x8=00000000
18205268ns          300431 1c009dfe 11612823 sw               x22, 272(x2)        x22:xxxxxxxx  x2:10000678  PA:10000788
18205307ns          300433 1c009e02 11712623 sw               x23, 268(x2)        x23:xxxxxxxx  x2:10000678  PA:10000784
18205327ns          300434 1c009e06 11812423 sw               x24, 264(x2)        x24:xxxxxxxx  x2:10000678  PA:10000780
18205347ns          300435 1c009e0a 11912223 sw               x25, 260(x2)        x25:xxxxxxxx  x2:10000678  PA:1000077c
18205785ns          300457 1c009e0e 11a12023 sw               x26, 256(x2)        x26:xxxxxxxx  x2:10000678  PA:10000778
18205805ns          300458 1c009e12 0fb12e23 sw               x27, 252(x2)        x27:xxxxxxxx  x2:10000678  PA:10000774
18205825ns          300459 1c009e14 12112623 sw               x1, 300(x2)          x1:1c009df0  x2:10000678  PA:100007a4
18205845ns          300460 1c009e18 00800db3 add              x27, x0, x8         x27=00000000  x8:00000000
18205864ns          300461 1c009e1a 12912223 sw               x9, 292(x2)          x9:xxxxxxxx  x2:10000678  PA:1000079c
18206302ns          300483 1c009e1e 13212023 sw               x18, 288(x2)        x18:xxxxxxxx  x2:10000678  PA:10000798
18206342ns          300485 1c009e22 11312e23 sw               x19, 284(x2)        x19:xxxxxxxx  x2:10000678  PA:10000794
18206362ns          300486 1c009e26 11412c23 sw               x20, 280(x2)        x20:xxxxxxxx  x2:10000678  PA:10000790
18206382ns          300487 1c009e2a 11512a23 sw               x21, 276(x2)        x21:xxxxxxxx  x2:10000678  PA:1000078c
18206401ns          300488 1c009e2e 00a00b33 add              x22, x0, x10        x22=1c009d84 x10:1c009d84
18206839ns          300510 1c009e30 00b00d33 add              x26, x0, x11        x26=00000002 x11:00000002
18206859ns          300511 1c009e32 00d00c33 add              x24, x0, x13        x24=100007cc x13:100007cc
18206879ns          300512 1c009e34 1c001bb7 lui              x23, 0x1c001000     x23=1c001000
18206899ns          300513 1c009e38 02410c93 addi             x25, x2, 36         x25=1000069c  x2:10000678
18206919ns          300514 1c009e3c 00c00433 add              x8, x0, x12          x8=1c0007ec x12:1c0007ec
18207356ns          300536 1c009e3e 00044503 lbu              x10, 0(x8)          x10=00000053  x8:1c0007ec  PA:1c0007ec
18207655ns          300551 1c009e42 00140413 addi             x8, x8, 1            x8=1c0007ed  x8:1c0007ec
18207674ns          300552 1c009e44 00050e63 beq              x10, x0, 28         x10:00000053
18207694ns          300553 1c009e46 02500793 addi             x15, x0, 37         x15=00000025
18207714ns          300554 1c009e4a 04f50863 beq              x10, x15, 80        x10:00000053 x15:00000025
18207734ns          300555 1c009e4e 01a005b3 add              x11, x0, x26        x11=00000002 x26:00000002
18207873ns          300562 1c009e50 000b00e7 jalr             x1, x22, 0           x1=1c009e52 x22:1c009d84
18208331ns          300585 1c009d84 000026b7 lui              x13, 0x2000         x13=00002000
18208371ns          300587 1c009d86 f14027f3 csrrs            x15, x0, 0xf14      x15=00000000
18208391ns          300588 1c009d8a f8068693 addi             x13, x13, -128      x13=00001f80 x13:00002000
18208828ns          300610 1c009d8e 00379713 slli             x14, x15, 0x3       x14=00000000 x15:00000000
18208848ns          300611 1c009d92 00279793 slli             x15, x15, 0x2       x15=00000000 x15:00000000
18208868ns          300612 1c009d94 00d7f7b3 and              x15, x15, x13       x15=00000000 x15:00000000 x13:00001f80
18208888ns          300613 1c009d96 ee873733 p.bclr           x14, x14, 23, 8     x14=00000000 x14:00000000
18208908ns          300614 1c009d9a 1a10f6b7 lui              x13, 0x1a10f000     x13=1a10f000
18208928ns          300615 1c009d9e 0ff57513 andi             x10, x10, 255       x10=00000053 x10:00000053
18208947ns          300616 1c009da2 00d70733 add              x14, x14, x13       x14=1a10f000 x14:00000000 x13:1a10f000
18208967ns          300617 1c009da4 00a7e723 p.sw             x10, x0(x15)        x10:00000053 x15:00000000  PA:1a10f000
18209286ns          300633 1c009da8 00000513 addi             x10, x0, 0          x10=00000000
18209306ns          300634 1c009daa 00008067 jalr             x0, x1, 0            x1:1c009e52
18209504ns          300644 1c009e52 31f52563 p.beqimm         x10, 778            x10:00000000
18209524ns          300645 1c009e56 001d8d93 addi             x27, x27, 1         x27=00000001 x27:00000000
18209544ns          300646 1c009e58 00044503 lbu              x10, 0(x8)          x10=00000074  x8:1c0007ed  PA:1c0007ed
18209982ns          300668 1c009e5c 00140413 addi             x8, x8, 1            x8=1c0007ee  x8:1c0007ed
18210002ns          300669 1c009e5e fe0514e3 bne              x10, x0, -24        x10:00000074
18210081ns          300673 1c009e46 02500793 addi             x15, x0, 37         x15=00000025
18210101ns          300674 1c009e4a 04f50863 beq              x10, x15, 80        x10:00000074 x15:00000025
18210121ns          300675 1c009e4e 01a005b3 add              x11, x0, x26        x11=00000002 x26:00000002
18210141ns          300676 1c009e50 000b00e7 jalr             x1, x22, 0           x1=1c009e52 x22:1c009d84
18210181ns          300678 1c009d84 000026b7 lui              x13, 0x2000         x13=00002000
18210201ns          300679 1c009d86 f14027f3 csrrs            x15, x0, 0xf14      x15=00000000
18210220ns          300680 1c009d8a f8068693 addi             x13, x13, -128      x13=00001f80 x13:00002000
18210240ns          300681 1c009d8e 00379713 slli             x14, x15, 0x3       x14=00000000 x15:00000000
18210260ns          300682 1c009d92 00279793 slli             x15, x15, 0x2       x15=00000000 x15:00000000
18210280ns          300683 1c009d94 00d7f7b3 and              x15, x15, x13       x15=00000000 x15:00000000 x13:00001f80
18210300ns          300684 1c009d96 ee873733 p.bclr           x14, x14, 23, 8     x14=00000000 x14:00000000
18210320ns          300685 1c009d9a 1a10f6b7 lui              x13, 0x1a10f000     x13=1a10f000
18210340ns          300686 1c009d9e 0ff57513 andi             x10, x10, 255       x10=00000074 x10:00000074
18210360ns          300687 1c009da2 00d70733 add              x14, x14, x13       x14=1a10f000 x14:00000000 x13:1a10f000
18210380ns          300688 1c009da4 00a7e723 p.sw             x10, x0(x15)        x10:00000074 x15:00000000  PA:1a10f000
18210718ns          300705 1c009da8 00000513 addi             x10, x0, 0          x10=00000000
18210738ns          300706 1c009daa 00008067 jalr             x0, x1, 0            x1:1c009e52
18210797ns          300709 1c009e52 31f52563 p.beqimm         x10, 778            x10:00000000
18210817ns          300710 1c009e56 001d8d93 addi             x27, x27, 1         x27=00000002 x27:00000001
18210837ns          300711 1c009e58 00044503 lbu              x10, 0(x8)          x10=00000061  x8:1c0007ee  PA:1c0007ee
18211135ns          300726 1c009e5c 00140413 addi             x8, x8, 1            x8=1c0007ef  x8:1c0007ee
18211155ns          300727 1c009e5e fe0514e3 bne              x10, x0, -24        x10:00000061
18211235ns          300731 1c009e46 02500793 addi             x15, x0, 37         x15=00000025
18211255ns          300732 1c009e4a 04f50863 beq              x10, x15, 80        x10:00000061 x15:00000025
18211275ns          300733 1c009e4e 01a005b3 add              x11, x0, x26        x11=00000002 x26:00000002
18211295ns          300734 1c009e50 000b00e7 jalr             x1, x22, 0           x1=1c009e52 x22:1c009d84
18211334ns          300736 1c009d84 000026b7 lui              x13, 0x2000         x13=00002000
18211354ns          300737 1c009d86 f14027f3 csrrs            x15, x0, 0xf14      x15=00000000
18211374ns          300738 1c009d8a f8068693 addi             x13, x13, -128      x13=00001f80 x13:00002000
18211394ns          300739 1c009d8e 00379713 slli             x14, x15, 0x3       x14=00000000 x15:00000000
18211414ns          300740 1c009d92 00279793 slli             x15, x15, 0x2       x15=00000000 x15:00000000
18211434ns          300741 1c009d94 00d7f7b3 and              x15, x15, x13       x15=00000000 x15:00000000 x13:00001f80
18211454ns          300742 1c009d96 ee873733 p.bclr           x14, x14, 23, 8     x14=00000000 x14:00000000
18211474ns          300743 1c009d9a 1a10f6b7 lui              x13, 0x1a10f000     x13=1a10f000
18211493ns          300744 1c009d9e 0ff57513 andi             x10, x10, 255       x10=00000061 x10:00000061
18211513ns          300745 1c009da2 00d70733 add              x14, x14, x13       x14=1a10f000 x14:00000000 x13:1a10f000
18211533ns          300746 1c009da4 00a7e723 p.sw             x10, x0(x15)        x10:00000061 x15:00000000  PA:1a10f000
18211852ns          300762 1c009da8 00000513 addi             x10, x0, 0          x10=00000000
18211871ns          300763 1c009daa 00008067 jalr             x0, x1, 0            x1:1c009e52
18211931ns          300766 1c009e52 31f52563 p.beqimm         x10, 778            x10:00000000
18211951ns          300767 1c009e56 001d8d93 addi             x27, x27, 1         x27=00000003 x27:00000002
18211971ns          300768 1c009e58 00044503 lbu              x10, 0(x8)          x10=00000072  x8:1c0007ef  PA:1c0007ef
18212269ns          300783 1c009e5c 00140413 addi             x8, x8, 1            x8=1c0007f0  x8:1c0007ef
18212289ns          300784 1c009e5e fe0514e3 bne              x10, x0, -24        x10:00000072
18212369ns          300788 1c009e46 02500793 addi             x15, x0, 37         x15=00000025
18212389ns          300789 1c009e4a 04f50863 beq              x10, x15, 80        x10:00000072 x15:00000025
18212408ns          300790 1c009e4e 01a005b3 add              x11, x0, x26        x11=00000002 x26:00000002
18212428ns          300791 1c009e50 000b00e7 jalr             x1, x22, 0           x1=1c009e52 x22:1c009d84
18212468ns          300793 1c009d84 000026b7 lui              x13, 0x2000         x13=00002000
18212488ns          300794 1c009d86 f14027f3 csrrs            x15, x0, 0xf14      x15=00000000
18212508ns          300795 1c009d8a f8068693 addi             x13, x13, -128      x13=00001f80 x13:00002000
18212528ns          300796 1c009d8e 00379713 slli             x14, x15, 0x3       x14=00000000 x15:00000000
18212548ns          300797 1c009d92 00279793 slli             x15, x15, 0x2       x15=00000000 x15:00000000
18212568ns          300798 1c009d94 00d7f7b3 and              x15, x15, x13       x15=00000000 x15:00000000 x13:00001f80
18212587ns          300799 1c009d96 ee873733 p.bclr           x14, x14, 23, 8     x14=00000000 x14:00000000
18212607ns          300800 1c009d9a 1a10f6b7 lui              x13, 0x1a10f000     x13=1a10f000
18212627ns          300801 1c009d9e 0ff57513 andi             x10, x10, 255       x10=00000072 x10:00000072
18212647ns          300802 1c009da2 00d70733 add              x14, x14, x13       x14=1a10f000 x14:00000000 x13:1a10f000
18212667ns          300803 1c009da4 00a7e723 p.sw             x10, x0(x15)        x10:00000072 x15:00000000  PA:1a10f000
18212985ns          300819 1c009da8 00000513 addi             x10, x0, 0          x10=00000000
18213005ns          300820 1c009daa 00008067 jalr             x0, x1, 0            x1:1c009e52
18213065ns          300823 1c009e52 31f52563 p.beqimm         x10, 778            x10:00000000
18213085ns          300824 1c009e56 001d8d93 addi             x27, x27, 1         x27=00000004 x27:00000003
18213105ns          300825 1c009e58 00044503 lbu              x10, 0(x8)          x10=00000074  x8:1c0007f0  PA:1c0007f0
18213423ns          300841 1c009e5c 00140413 addi             x8, x8, 1            x8=1c0007f1  x8:1c0007f0
18213443ns          300842 1c009e5e fe0514e3 bne              x10, x0, -24        x10:00000074
18213522ns          300846 1c009e46 02500793 addi             x15, x0, 37         x15=00000025
18213542ns          300847 1c009e4a 04f50863 beq              x10, x15, 80        x10:00000074 x15:00000025
18213562ns          300848 1c009e4e 01a005b3 add              x11, x0, x26        x11=00000002 x26:00000002
18213582ns          300849 1c009e50 000b00e7 jalr             x1, x22, 0           x1=1c009e52 x22:1c009d84
18213622ns          300851 1c009d84 000026b7 lui              x13, 0x2000         x13=00002000
18213642ns          300852 1c009d86 f14027f3 csrrs            x15, x0, 0xf14      x15=00000000
18213662ns          300853 1c009d8a f8068693 addi             x13, x13, -128      x13=00001f80 x13:00002000
18213681ns          300854 1c009d8e 00379713 slli             x14, x15, 0x3       x14=00000000 x15:00000000
18213701ns          300855 1c009d92 00279793 slli             x15, x15, 0x2       x15=00000000 x15:00000000
18213721ns          300856 1c009d94 00d7f7b3 and              x15, x15, x13       x15=00000000 x15:00000000 x13:00001f80
18213741ns          300857 1c009d96 ee873733 p.bclr           x14, x14, 23, 8     x14=00000000 x14:00000000
18213761ns          300858 1c009d9a 1a10f6b7 lui              x13, 0x1a10f000     x13=1a10f000
18213781ns          300859 1c009d9e 0ff57513 andi             x10, x10, 255       x10=00000074 x10:00000074
18213801ns          300860 1c009da2 00d70733 add              x14, x14, x13       x14=1a10f000 x14:00000000 x13:1a10f000
18213821ns          300861 1c009da4 00a7e723 p.sw             x10, x0(x15)        x10:00000074 x15:00000000  PA:1a10f000
18214139ns          300877 1c009da8 00000513 addi             x10, x0, 0          x10=00000000
18214159ns          300878 1c009daa 00008067 jalr             x0, x1, 0            x1:1c009e52
18214219ns          300881 1c009e52 31f52563 p.beqimm         x10, 778            x10:00000000
18214238ns          300882 1c009e56 001d8d93 addi             x27, x27, 1         x27=00000005 x27:00000004
18214258ns          300883 1c009e58 00044503 lbu              x10, 0(x8)          x10=00000069  x8:1c0007f1  PA:1c0007f1
18214557ns          300898 1c009e5c 00140413 addi             x8, x8, 1            x8=1c0007f2  x8:1c0007f1
18214577ns          300899 1c009e5e fe0514e3 bne              x10, x0, -24        x10:00000069
18214656ns          300903 1c009e46 02500793 addi             x15, x0, 37         x15=00000025
18214676ns          300904 1c009e4a 04f50863 beq              x10, x15, 80        x10:00000069 x15:00000025
18214696ns          300905 1c009e4e 01a005b3 add              x11, x0, x26        x11=00000002 x26:00000002
18214716ns          300906 1c009e50 000b00e7 jalr             x1, x22, 0           x1=1c009e52 x22:1c009d84
18214756ns          300908 1c009d84 000026b7 lui              x13, 0x2000         x13=00002000
18214775ns          300909 1c009d86 f14027f3 csrrs            x15, x0, 0xf14      x15=00000000
18214795ns          300910 1c009d8a f8068693 addi             x13, x13, -128      x13=00001f80 x13:00002000
18214815ns          300911 1c009d8e 00379713 slli             x14, x15, 0x3       x14=00000000 x15:00000000
18214835ns          300912 1c009d92 00279793 slli             x15, x15, 0x2       x15=00000000 x15:00000000
18214855ns          300913 1c009d94 00d7f7b3 and              x15, x15, x13       x15=00000000 x15:00000000 x13:00001f80
18214875ns          300914 1c009d96 ee873733 p.bclr           x14, x14, 23, 8     x14=00000000 x14:00000000
18214895ns          300915 1c009d9a 1a10f6b7 lui              x13, 0x1a10f000     x13=1a10f000
18214915ns          300916 1c009d9e 0ff57513 andi             x10, x10, 255       x10=00000069 x10:00000069
18214935ns          300917 1c009da2 00d70733 add              x14, x14, x13       x14=1a10f000 x14:00000000 x13:1a10f000
18214954ns          300918 1c009da4 00a7e723 p.sw             x10, x0(x15)        x10:00000069 x15:00000000  PA:1a10f000
18215273ns          300934 1c009da8 00000513 addi             x10, x0, 0          x10=00000000
18215293ns          300935 1c009daa 00008067 jalr             x0, x1, 0            x1:1c009e52
18215352ns          300938 1c009e52 31f52563 p.beqimm         x10, 778            x10:00000000
18215372ns          300939 1c009e56 001d8d93 addi             x27, x27, 1         x27=00000006 x27:00000005
18215392ns          300940 1c009e58 00044503 lbu              x10, 0(x8)          x10=0000006e  x8:1c0007f2  PA:1c0007f2
18215690ns          300955 1c009e5c 00140413 addi             x8, x8, 1            x8=1c0007f3  x8:1c0007f2
18215710ns          300956 1c009e5e fe0514e3 bne              x10, x0, -24        x10:0000006e
18215790ns          300960 1c009e46 02500793 addi             x15, x0, 37         x15=00000025
18215810ns          300961 1c009e4a 04f50863 beq              x10, x15, 80        x10:0000006e x15:00000025
18215830ns          300962 1c009e4e 01a005b3 add              x11, x0, x26        x11=00000002 x26:00000002
18215850ns          300963 1c009e50 000b00e7 jalr             x1, x22, 0           x1=1c009e52 x22:1c009d84
18215889ns          300965 1c009d84 000026b7 lui              x13, 0x2000         x13=00002000
18215909ns          300966 1c009d86 f14027f3 csrrs            x15, x0, 0xf14      x15=00000000
18215929ns          300967 1c009d8a f8068693 addi             x13, x13, -128      x13=00001f80 x13:00002000
18215949ns          300968 1c009d8e 00379713 slli             x14, x15, 0x3       x14=00000000 x15:00000000
18215969ns          300969 1c009d92 00279793 slli             x15, x15, 0x2       x15=00000000 x15:00000000
18215989ns          300970 1c009d94 00d7f7b3 and              x15, x15, x13       x15=00000000 x15:00000000 x13:00001f80
18216009ns          300971 1c009d96 ee873733 p.bclr           x14, x14, 23, 8     x14=00000000 x14:00000000
18216029ns          300972 1c009d9a 1a10f6b7 lui              x13, 0x1a10f000     x13=1a10f000
18216048ns          300973 1c009d9e 0ff57513 andi             x10, x10, 255       x10=0000006e x10:0000006e
18216068ns          300974 1c009da2 00d70733 add              x14, x14, x13       x14=1a10f000 x14:00000000 x13:1a10f000
18216088ns          300975 1c009da4 00a7e723 p.sw             x10, x0(x15)        x10:0000006e x15:00000000  PA:1a10f000
18216407ns          300991 1c009da8 00000513 addi             x10, x0, 0          x10=00000000
18216426ns          300992 1c009daa 00008067 jalr             x0, x1, 0            x1:1c009e52
18216486ns          300995 1c009e52 31f52563 p.beqimm         x10, 778            x10:00000000
18216506ns          300996 1c009e56 001d8d93 addi             x27, x27, 1         x27=00000007 x27:00000006
18216526ns          300997 1c009e58 00044503 lbu              x10, 0(x8)          x10=00000067  x8:1c0007f3  PA:1c0007f3
18216844ns          301013 1c009e5c 00140413 addi             x8, x8, 1            x8=1c0007f4  x8:1c0007f3
18216864ns          301014 1c009e5e fe0514e3 bne              x10, x0, -24        x10:00000067
18216944ns          301018 1c009e46 02500793 addi             x15, x0, 37         x15=00000025
18216963ns          301019 1c009e4a 04f50863 beq              x10, x15, 80        x10:00000067 x15:00000025
18216983ns          301020 1c009e4e 01a005b3 add              x11, x0, x26        x11=00000002 x26:00000002
18217003ns          301021 1c009e50 000b00e7 jalr             x1, x22, 0           x1=1c009e52 x22:1c009d84
18217043ns          301023 1c009d84 000026b7 lui              x13, 0x2000         x13=00002000
18217063ns          301024 1c009d86 f14027f3 csrrs            x15, x0, 0xf14      x15=00000000
18217083ns          301025 1c009d8a f8068693 addi             x13, x13, -128      x13=00001f80 x13:00002000
18217103ns          301026 1c009d8e 00379713 slli             x14, x15, 0x3       x14=00000000 x15:00000000
18217123ns          301027 1c009d92 00279793 slli             x15, x15, 0x2       x15=00000000 x15:00000000
18217142ns          301028 1c009d94 00d7f7b3 and              x15, x15, x13       x15=00000000 x15:00000000 x13:00001f80
18217162ns          301029 1c009d96 ee873733 p.bclr           x14, x14, 23, 8     x14=00000000 x14:00000000
18217182ns          301030 1c009d9a 1a10f6b7 lui              x13, 0x1a10f000     x13=1a10f000
18217202ns          301031 1c009d9e 0ff57513 andi             x10, x10, 255       x10=00000067 x10:00000067
18217222ns          301032 1c009da2 00d70733 add              x14, x14, x13       x14=1a10f000 x14:00000000 x13:1a10f000
18217242ns          301033 1c009da4 00a7e723 p.sw             x10, x0(x15)        x10:00000067 x15:00000000  PA:1a10f000
18217560ns          301049 1c009da8 00000513 addi             x10, x0, 0          x10=00000000
18217580ns          301050 1c009daa 00008067 jalr             x0, x1, 0            x1:1c009e52
18217640ns          301053 1c009e52 31f52563 p.beqimm         x10, 778            x10:00000000
18217660ns          301054 1c009e56 001d8d93 addi             x27, x27, 1         x27=00000008 x27:00000007
18217680ns          301055 1c009e58 00044503 lbu              x10, 0(x8)          x10=00000020  x8:1c0007f4  PA:1c0007f4
18217978ns          301070 1c009e5c 00140413 addi             x8, x8, 1            x8=1c0007f5  x8:1c0007f4
18217998ns          301071 1c009e5e fe0514e3 bne              x10, x0, -24        x10:00000020
18218077ns          301075 1c009e46 02500793 addi             x15, x0, 37         x15=00000025
18218097ns          301076 1c009e4a 04f50863 beq              x10, x15, 80        x10:00000020 x15:00000025
18218117ns          301077 1c009e4e 01a005b3 add              x11, x0, x26        x11=00000002 x26:00000002
18218137ns          301078 1c009e50 000b00e7 jalr             x1, x22, 0           x1=1c009e52 x22:1c009d84
18218177ns          301080 1c009d84 000026b7 lui              x13, 0x2000         x13=00002000
18218197ns          301081 1c009d86 f14027f3 csrrs            x15, x0, 0xf14      x15=00000000
18218217ns          301082 1c009d8a f8068693 addi             x13, x13, -128      x13=00001f80 x13:00002000
18218236ns          301083 1c009d8e 00379713 slli             x14, x15, 0x3       x14=00000000 x15:00000000
18218256ns          301084 1c009d92 00279793 slli             x15, x15, 0x2       x15=00000000 x15:00000000
18218276ns          301085 1c009d94 00d7f7b3 and              x15, x15, x13       x15=00000000 x15:00000000 x13:00001f80
18218296ns          301086 1c009d96 ee873733 p.bclr           x14, x14, 23, 8     x14=00000000 x14:00000000
18218316ns          301087 1c009d9a 1a10f6b7 lui              x13, 0x1a10f000     x13=1a10f000
18218336ns          301088 1c009d9e 0ff57513 andi             x10, x10, 255       x10=00000020 x10:00000020
18218356ns          301089 1c009da2 00d70733 add              x14, x14, x13       x14=1a10f000 x14:00000000 x13:1a10f000
18218376ns          301090 1c009da4 00a7e723 p.sw             x10, x0(x15)        x10:00000020 x15:00000000  PA:1a10f000
18218714ns          301107 1c009da8 00000513 addi             x10, x0, 0          x10=00000000
18218734ns          301108 1c009daa 00008067 jalr             x0, x1, 0            x1:1c009e52
18218793ns          301111 1c009e52 31f52563 p.beqimm         x10, 778            x10:00000000
18218813ns          301112 1c009e56 001d8d93 addi             x27, x27, 1         x27=00000009 x27:00000008
18218833ns          301113 1c009e58 00044503 lbu              x10, 0(x8)          x10=00000025  x8:1c0007f5  PA:1c0007f5
18219132ns          301128 1c009e5c 00140413 addi             x8, x8, 1            x8=1c0007f6  x8:1c0007f5
18219151ns          301129 1c009e5e fe0514e3 bne              x10, x0, -24        x10:00000025
18219231ns          301133 1c009e46 02500793 addi             x15, x0, 37         x15=00000025
18219251ns          301134 1c009e4a 04f50863 beq              x10, x15, 80        x10:00000025 x15:00000025
18219768ns          301160 1c009e9a 00044483 lbu              x9, 0(x8)            x9=00000073  x8:1c0007f6  PA:1c0007f6
18220245ns          301184 1c009e9e 02000693 addi             x13, x0, 32         x13=00000020
18220265ns          301185 1c009ea2 00140a93 addi             x21, x8, 1          x21=1c0007f7  x8:1c0007f6
18220285ns          301186 1c009ea6 009005b3 add              x11, x0, x9         x11=00000073  x9:00000073
18220305ns          301187 1c009ea8 834b8513 addi             x10, x23, -1996     x10=1c000834 x23:1c001000
18220325ns          301188 1c009eac 00d12823 sw               x13, 16(x2)         x13:00000020  x2:10000678  PA:10000688
18220345ns          301189 1c009eae 00012c23 sw               x0, 24(x2)           x2:10000678  PA:10000690
18220743ns          301209 1c009eb0 00012a23 sw               x0, 20(x2)           x2:10000678  PA:1000068c
18220763ns          301210 1c009eb2 00012e23 sw               x0, 28(x2)           x2:10000678  PA:10000694
18220782ns          301211 1c009eb4 00012623 sw               x0, 12(x2)           x2:10000678  PA:10000684
18220802ns          301212 1c009eb6 02300913 addi             x18, x0, 35         x18=00000023
18220822ns          301213 1c009eba 02d00a13 addi             x20, x0, 45         x20=0000002d
18220842ns          301214 1c009ebe 015009b3 add              x19, x0, x21        x19=1c0007f7 x21:1c0007f7
18221260ns          301235 1c009ec0 e45ff0ef jal              x1, -444             x1=1c009ec2
18221717ns          301258 1c009d04 00054783 lbu              x15, 0(x10)         x15=0000002d x10:1c000834  PA:1c000834
18222036ns          301274 1c009d08 0ff5f593 andi             x11, x11, 255       x11=00000073 x11:00000073
18222055ns          301275 1c009d0c 00b78c63 beq              x15, x11, 24        x15:0000002d x11:00000073
18222215ns          301283 1c009d10 00078b63 beq              x15, x0, 22         x15:0000002d
18222254ns          301285 1c009d12 00150793 addi             x15, x10, 1         x15=1c000835 x10:1c000834
18222274ns          301286 1c009d16 0040006f jal              x0, 4              
18222314ns          301288 1c009d1a 00f00533 add              x10, x0, x15        x10=1c000835 x15:1c000835
18222334ns          301289 1c009d1c 0017c70b p.lbu            x14, 1(x15!)        x14=0000002b x15=1c000836 x15:1c000835  PA:1c000835
18222811ns          301313 1c009d20 feb71ce3 bne              x14, x11, -8        x14:0000002b x11:00000073
18222871ns          301316 1c009d18 00070763 beq              x14, x0, 14         x14:0000002b
18222891ns          301317 1c009d1a 00f00533 add              x10, x0, x15        x10=1c000836 x15:1c000836
18222911ns          301318 1c009d1c 0017c70b p.lbu            x14, 1(x15!)        x14=00000020 x15=1c000837 x15:1c000836  PA:1c000836
18223229ns          301334 1c009d20 feb71ce3 bne              x14, x11, -8        x14:00000020 x11:00000073
18223448ns          301345 1c009d18 00070763 beq              x14, x0, 14         x14:00000020
18223468ns          301346 1c009d1a 00f00533 add              x10, x0, x15        x10=1c000837 x15:1c000837
18223488ns          301347 1c009d1c 0017c70b p.lbu            x14, 1(x15!)        x14=00000023 x15=1c000838 x15:1c000837  PA:1c000837
18223806ns          301363 1c009d20 feb71ce3 bne              x14, x11, -8        x14:00000023 x11:00000073
18223866ns          301366 1c009d18 00070763 beq              x14, x0, 14         x14:00000023
18223885ns          301367 1c009d1a 00f00533 add              x10, x0, x15        x10=1c000838 x15:1c000838
18223905ns          301368 1c009d1c 0017c70b p.lbu            x14, 1(x15!)        x14=00000030 x15=1c000839 x15:1c000838  PA:1c000838
18224224ns          301384 1c009d20 feb71ce3 bne              x14, x11, -8        x14:00000030 x11:00000073
18224283ns          301387 1c009d18 00070763 beq              x14, x0, 14         x14:00000030
18224303ns          301388 1c009d1a 00f00533 add              x10, x0, x15        x10=1c000839 x15:1c000839
18224323ns          301389 1c009d1c 0017c70b p.lbu            x14, 1(x15!)        x14=00000000 x15=1c00083a x15:1c000839  PA:1c000839
18224641ns          301405 1c009d20 feb71ce3 bne              x14, x11, -8        x14:00000000 x11:00000073
18224701ns          301408 1c009d18 00070763 beq              x14, x0, 14         x14:00000000
18224781ns          301412 1c009d26 0015b593 sltiu            x11, x11, 1         x11=00000000 x11:00000073
18224800ns          301413 1c009d2a 40b005b3 sub              x11, x0, x11        x11=00000000 x11:00000000
18224820ns          301414 1c009d2e 00b57533 and              x10, x10, x11       x10=00000000 x10:1c000839 x11:00000000
18224840ns          301415 1c009d30 00008067 jalr             x0, x1, 0            x1:1c009ec2
18224880ns          301417 1c009ec2 02050a63 beq              x10, x0, 52         x10:00000000
18225397ns          301443 1c009ef6 02a00613 addi             x12, x0, 42         x12=0000002a
18225417ns          301444 1c009efa 2ac48663 beq              x9, x12, 684         x9:00000073 x12:0000002a
18225855ns          301466 1c009efe fd048613 addi             x12, x9, -48        x12=00000043  x9:00000073
18225875ns          301467 1c009f02 00900593 addi             x11, x0, 9          x11=00000009
18225894ns          301468 1c009f04 00000913 addi             x18, x0, 0          x18=00000000
18225914ns          301469 1c009f06 28c5f063 bgeu             x11, x12, 640       x11:00000009 x12:00000043
18225934ns          301470 1c009f0a 02e00693 addi             x13, x0, 46         x13=0000002e
18225954ns          301471 1c009f0e fff00a13 addi             x20, x0, -1         x20=ffffffff
18226372ns          301492 1c009f10 2ed48363 beq              x9, x13, 742         x9:00000073 x13:0000002e
18226412ns          301494 1c009f14 1c0017b7 lui              x15, 0x1c001000     x15=1c001000
18226431ns          301495 1c009f18 009005b3 add              x11, x0, x9         x11=00000073  x9:00000073
18226451ns          301496 1c009f1a 83c78513 addi             x10, x15, -1988     x10=1c00083c x15:1c001000
18226471ns          301497 1c009f1e de7ff0ef jal              x1, -538             x1=1c009f20
18226988ns          301523 1c009d04 00054783 lbu              x15, 0(x10)         x15=00000068 x10:1c00083c  PA:1c00083c
18227327ns          301540 1c009d08 0ff5f593 andi             x11, x11, 255       x11=00000073 x11:00000073
18227346ns          301541 1c009d0c 00b78c63 beq              x15, x11, 24        x15:00000068 x11:00000073
18227366ns          301542 1c009d10 00078b63 beq              x15, x0, 22         x15:00000068
18227386ns          301543 1c009d12 00150793 addi             x15, x10, 1         x15=1c00083d x10:1c00083c
18227406ns          301544 1c009d16 0040006f jal              x0, 4              
18227446ns          301546 1c009d1a 00f00533 add              x10, x0, x15        x10=1c00083d x15:1c00083d
18227466ns          301547 1c009d1c 0017c70b p.lbu            x14, 1(x15!)        x14=0000006c x15=1c00083e x15:1c00083d  PA:1c00083d
18227784ns          301563 1c009d20 feb71ce3 bne              x14, x11, -8        x14:0000006c x11:00000073
18227844ns          301566 1c009d18 00070763 beq              x14, x0, 14         x14:0000006c
18227864ns          301567 1c009d1a 00f00533 add              x10, x0, x15        x10=1c00083e x15:1c00083e
18227883ns          301568 1c009d1c 0017c70b p.lbu            x14, 1(x15!)        x14=0000004c x15=1c00083f x15:1c00083e  PA:1c00083e
18228202ns          301584 1c009d20 feb71ce3 bne              x14, x11, -8        x14:0000004c x11:00000073
18228261ns          301587 1c009d18 00070763 beq              x14, x0, 14         x14:0000004c
18228281ns          301588 1c009d1a 00f00533 add              x10, x0, x15        x10=1c00083f x15:1c00083f
18228301ns          301589 1c009d1c 0017c70b p.lbu            x14, 1(x15!)        x14=0000007a x15=1c000840 x15:1c00083f  PA:1c00083f
18228639ns          301606 1c009d20 feb71ce3 bne              x14, x11, -8        x14:0000007a x11:00000073
18228699ns          301609 1c009d18 00070763 beq              x14, x0, 14         x14:0000007a
18228719ns          301610 1c009d1a 00f00533 add              x10, x0, x15        x10=1c000840 x15:1c000840
18228739ns          301611 1c009d1c 0017c70b p.lbu            x14, 1(x15!)        x14=00000000 x15=1c000841 x15:1c000840  PA:1c000840
18229057ns          301627 1c009d20 feb71ce3 bne              x14, x11, -8        x14:00000000 x11:00000073
18229117ns          301630 1c009d18 00070763 beq              x14, x0, 14         x14:00000000
18229196ns          301634 1c009d26 0015b593 sltiu            x11, x11, 1         x11=00000000 x11:00000073
18229216ns          301635 1c009d2a 40b005b3 sub              x11, x0, x11        x11=00000000 x11:00000000
18229236ns          301636 1c009d2e 00b57533 and              x10, x10, x11       x10=00000000 x10:1c000840 x11:00000000
18229256ns          301637 1c009d30 00008067 jalr             x0, x1, 0            x1:1c009f20
18229296ns          301639 1c009f20 01300433 add              x8, x0, x19          x8=1c0007f7 x19:1c0007f7
18229316ns          301640 1c009f22 00050563 beq              x10, x0, 10         x10:00000000
18229375ns          301643 1c009f2c 06700693 addi             x13, x0, 103        x13=00000067
18229813ns          301665 1c009f30 2896d963 bge              x13, x9, 658        x13:00000067  x9:00000073
18229853ns          301667 1c009f34 07000693 addi             x13, x0, 112        x13=00000070
18229873ns          301668 1c009f38 7cd48763 beq              x9, x13, 1998        x9:00000073 x13:00000070
18229892ns          301669 1c009f3c 2e96d163 bge              x13, x9, 738        x13:00000070  x9:00000073
18230330ns          301691 1c009f40 07500693 addi             x13, x0, 117        x13=00000075
18230370ns          301693 1c009f44 12d484e3 beq              x9, x13, 2344        x9:00000073 x13:00000075
18230390ns          301694 1c009f48 07800693 addi             x13, x0, 120        x13=00000078
18230410ns          301695 1c009f4c 06d48663 beq              x9, x13, 108         x9:00000073 x13:00000078
18230867ns          301718 1c009f50 07300693 addi             x13, x0, 115        x13=00000073
18230907ns          301720 1c009f54 18d49ae3 bne              x9, x13, 2452        x9:00000073 x13:00000073
18230927ns          301721 1c009f58 000c2583 lw               x11, 0(x24)         x11=1c0007c4 x24:100007cc  PA:100007cc
18230947ns          301722 1c009f5c 004c0993 addi             x19, x24, 4         x19=100007d0 x24:100007cc
18231384ns          301744 1c009f60 00b006b3 add              x13, x0, x11        x13=1c0007c4 x11:1c0007c4
18231404ns          301745 1c009f62 00000493 addi             x9, x0, 0            x9=00000000
18231424ns          301746 1c009f64 0c8350fb lp.setupi        0x1, 0xc8, 0x6     
18231444ns          301747 1c009f68 0016c70b p.lbu            x14, 1(x13!)        x14=00000074 x13=1c0007c5 x13:1c0007c4  PA:1c0007c4
18231762ns          301763 1c009f6c 180705e3 beq              x14, x0, 2442       x14:00000074
18231901ns          301770 1c009f70 00148493 addi             x9, x9, 1            x9=00000001  x9:00000000
18231941ns          301772 1c009f68 0016c70b p.lbu            x14, 1(x13!)        x14=00000065 x13=1c0007c6 x13:1c0007c5  PA:1c0007c5
18232259ns          301788 1c009f6c 180705e3 beq              x14, x0, 2442       x14:00000065
18232279ns          301789 1c009f70 00148493 addi             x9, x9, 1            x9=00000002  x9:00000001
18232299ns          301790 1c009f68 0016c70b p.lbu            x14, 1(x13!)        x14=00000073 x13=1c0007c7 x13:1c0007c6  PA:1c0007c6
18232617ns          301806 1c009f6c 180705e3 beq              x14, x0, 2442       x14:00000073
18232637ns          301807 1c009f70 00148493 addi             x9, x9, 1            x9=00000003  x9:00000002
18232657ns          301808 1c009f68 0016c70b p.lbu            x14, 1(x13!)        x14=00000074 x13=1c0007c8 x13:1c0007c7  PA:1c0007c7
18232995ns          301825 1c009f6c 180705e3 beq              x14, x0, 2442       x14:00000074
18233015ns          301826 1c009f70 00148493 addi             x9, x9, 1            x9=00000004  x9:00000003
18233035ns          301827 1c009f68 0016c70b p.lbu            x14, 1(x13!)        x14=0000004c x13=1c0007c9 x13:1c0007c8  PA:1c0007c8
18233373ns          301844 1c009f6c 180705e3 beq              x14, x0, 2442       x14:0000004c
18233393ns          301845 1c009f70 00148493 addi             x9, x9, 1            x9=00000005  x9:00000004
18233413ns          301846 1c009f68 0016c70b p.lbu            x14, 1(x13!)        x14=0000006f x13=1c0007ca x13:1c0007c9  PA:1c0007c9
18233731ns          301862 1c009f6c 180705e3 beq              x14, x0, 2442       x14:0000006f
18233751ns          301863 1c009f70 00148493 addi             x9, x9, 1            x9=00000006  x9:00000005
18233771ns          301864 1c009f68 0016c70b p.lbu            x14, 1(x13!)        x14=00000061 x13=1c0007cb x13:1c0007ca  PA:1c0007ca
18234109ns          301881 1c009f6c 180705e3 beq              x14, x0, 2442       x14:00000061
18234129ns          301882 1c009f70 00148493 addi             x9, x9, 1            x9=00000007  x9:00000006
18234149ns          301883 1c009f68 0016c70b p.lbu            x14, 1(x13!)        x14=00000064 x13=1c0007cc x13:1c0007cb  PA:1c0007cb
18234467ns          301899 1c009f6c 180705e3 beq              x14, x0, 2442       x14:00000064
18234487ns          301900 1c009f70 00148493 addi             x9, x9, 1            x9=00000008  x9:00000007
18234507ns          301901 1c009f68 0016c70b p.lbu            x14, 1(x13!)        x14=00000053 x13=1c0007cd x13:1c0007cc  PA:1c0007cc
18234825ns          301917 1c009f6c 180705e3 beq              x14, x0, 2442       x14:00000053
18234845ns          301918 1c009f70 00148493 addi             x9, x9, 1            x9=00000009  x9:00000008
18234865ns          301919 1c009f68 0016c70b p.lbu            x14, 1(x13!)        x14=00000074 x13=1c0007ce x13:1c0007cd  PA:1c0007cd
18235183ns          301935 1c009f6c 180705e3 beq              x14, x0, 2442       x14:00000074
18235203ns          301936 1c009f70 00148493 addi             x9, x9, 1            x9=0000000a  x9:00000009
18235223ns          301937 1c009f68 0016c70b p.lbu            x14, 1(x13!)        x14=0000006f x13=1c0007cf x13:1c0007ce  PA:1c0007ce
18235541ns          301953 1c009f6c 180705e3 beq              x14, x0, 2442       x14:0000006f
18235561ns          301954 1c009f70 00148493 addi             x9, x9, 1            x9=0000000b  x9:0000000a
18235581ns          301955 1c009f68 0016c70b p.lbu            x14, 1(x13!)        x14=00000072 x13=1c0007d0 x13:1c0007cf  PA:1c0007cf
18235919ns          301972 1c009f6c 180705e3 beq              x14, x0, 2442       x14:00000072
18235939ns          301973 1c009f70 00148493 addi             x9, x9, 1            x9=0000000c  x9:0000000b
18235959ns          301974 1c009f68 0016c70b p.lbu            x14, 1(x13!)        x14=00000065 x13=1c0007d1 x13:1c0007d0  PA:1c0007d0
18236277ns          301990 1c009f6c 180705e3 beq              x14, x0, 2442       x14:00000065
18236297ns          301991 1c009f70 00148493 addi             x9, x9, 1            x9=0000000d  x9:0000000c
18236317ns          301992 1c009f68 0016c70b p.lbu            x14, 1(x13!)        x14=0000002e x13=1c0007d2 x13:1c0007d1  PA:1c0007d1
18236635ns          302008 1c009f6c 180705e3 beq              x14, x0, 2442       x14:0000002e
18236655ns          302009 1c009f70 00148493 addi             x9, x9, 1            x9=0000000e  x9:0000000d
18236675ns          302010 1c009f68 0016c70b p.lbu            x14, 1(x13!)        x14=00000063 x13=1c0007d3 x13:1c0007d2  PA:1c0007d2
18236993ns          302026 1c009f6c 180705e3 beq              x14, x0, 2442       x14:00000063
18237013ns          302027 1c009f70 00148493 addi             x9, x9, 1            x9=0000000f  x9:0000000e
18237033ns          302028 1c009f68 0016c70b p.lbu            x14, 1(x13!)        x14=00000000 x13=1c0007d4 x13:1c0007d3  PA:1c0007d3
18237371ns          302045 1c009f6c 180705e3 beq              x14, x0, 2442       x14:00000000
18237889ns          302071 1c00a8f6 e80a5063 bge              x20, x0, -2432      x20:ffffffff
18237908ns          302072 1c00a8fa e80ff06f jal              x0, -2432          
18238386ns          302096 1c009f7a 01300c33 add              x24, x0, x19        x24=100007d0 x19:100007d0
18238406ns          302097 1c009f7c ec0481e3 beq              x9, x0, -318         x9:0000000f
18238863ns          302120 1c009f80 00900633 add              x12, x0, x9         x12=0000000f  x9:0000000f
18238883ns          302121 1c009f82 01900533 add              x10, x0, x25        x10=1000069c x25:1000069c
18238903ns          302122 1c009f84 a0dff0ef jal              x1, -1524            x1=1c009f86
18239360ns          302145 1c009990 00a5e7b3 or               x15, x11, x10       x15=1c0007dc x11:1c0007c4 x10:1000069c
18239400ns          302147 1c009994 fa27b7b3 p.bclr           x15, x15, 29, 2     x15=00000000 x15:1c0007dc
18239420ns          302148 1c009998 00a00833 add              x16, x0, x10        x16=1000069c x10:1000069c
18239440ns          302149 1c00999a 10078163 beq              x15, x0, 258        x15:00000000
18240335ns          302194 1c009a9c fa2637b3 p.bclr           x15, x12, 29, 2     x15=00000003 x12:0000000f
18240793ns          302217 1c009aa0 f00791e3 bne              x15, x0, -254       x15:00000003
18240932ns          302224 1c0099a2 00458793 addi             x15, x11, 4         x15=1c0007c8 x11:1c0007c4
18240952ns          302225 1c0099a6 00450693 addi             x13, x10, 4         x13=100006a0 x10:1000069c
18240972ns          302226 1c0099aa 04a7b7b3 p.sletu          x15, x15, x10       x15=00000000 x15:1c0007c8 x10:1000069c
18241429ns          302249 1c0099ae 04b6b6b3 p.sletu          x13, x13, x11       x13=00000001 x13:100006a0 x11:1c0007c4
18241449ns          302250 1c0099b2 00f00733 add              x14, x0, x15        x14=00000000 x15:00000000
18241469ns          302251 1c0099b4 00d007b3 add              x15, x0, x13        x15=00000001 x13:00000001
18241489ns          302252 1c0099b6 00e7e7b3 or               x15, x15, x14       x15=00000001 x15:00000001 x14:00000000
18241509ns          302253 1c0099b8 0ff7f793 andi             x15, x15, 255       x15=00000001 x15:00000001
18241529ns          302254 1c0099bc 0c078963 beq              x15, x0, 210        x15:00000001
18241946ns          302275 1c0099be 00863793 sltiu            x15, x12, 8         x15=00000000 x12:0000000f
18241986ns          302277 1c0099c2 0017c793 xori             x15, x15, 1         x15=00000001 x15:00000000
18242006ns          302278 1c0099c6 0ff7f793 andi             x15, x15, 255       x15=00000001 x15:00000001
18242026ns          302279 1c0099ca 0c078263 beq              x15, x0, 196        x15:00000001
18242046ns          302280 1c0099cc 40b007b3 sub              x15, x0, x11        x15=e3fff83c x11:1c0007c4
18242463ns          302301 1c0099d0 fa27b7b3 p.bclr           x15, x15, 29, 2     x15=00000000 x15:e3fff83c
18242503ns          302303 1c0099d4 fff60313 addi             x6, x12, -1          x6=0000000e x12:0000000f
18242523ns          302304 1c0099d8 0e078163 beq              x15, x0, 226        x15:00000000
18243438ns          302350 1c009aba 00b008b3 add              x17, x0, x11        x17=1c0007c4 x11:1c0007c4
18243478ns          302352 1c009abc 00a00833 add              x16, x0, x10        x16=1000069c x10:1000069c
18243498ns          302353 1c009abe 00c00333 add              x6, x0, x12          x6=0000000f x12:0000000f
18243915ns          302374 1c009ac0 f5bff06f jal              x0, -166           
18244373ns          302397 1c009a1a 40f60633 sub              x12, x12, x15       x12=0000000f x12:0000000f x15:00000000
18244413ns          302399 1c009a1c 00265713 srli             x14, x12, 0x2       x14=00000003 x12:0000000f
18244850ns          302421 1c009a20 00f506b3 add              x13, x10, x15       x13=1000069c x10:1000069c x15:00000000
18244890ns          302423 1c009a24 00f585b3 add              x11, x11, x15       x11=1c0007c4 x11:1c0007c4 x15:00000000
18244910ns          302424 1c009a26 08070f63 beq              x14, x0, 158        x14:00000003
18244930ns          302425 1c009a28 004740fb lp.setup         0x1, x14, 0x4       x14:00000003
18244950ns          302426 1c009a2c 0045a78b p.lw             x15, 4(x11!)        x15=74736574 x11=1c0007c8 x11:1c0007c4  PA:1c0007c4
18245407ns          302449 1c009a30 00f6a22b p.sw             x15, 4(x13!)        x13=100006a0 x15:74736574 x13:1000069c  PA:1000069c
18245427ns          302450 1c009a2c 0045a78b p.lw             x15, 4(x11!)        x15=64616f4c x11=1c0007cc x11:1c0007c8  PA:1c0007c8
18245765ns          302467 1c009a30 00f6a22b p.sw             x15, 4(x13!)        x13=100006a4 x15:64616f4c x13:100006a0  PA:100006a0
18245785ns          302468 1c009a2c 0045a78b p.lw             x15, 4(x11!)        x15=726f7453 x11=1c0007d0 x11:1c0007cc  PA:1c0007cc
18246103ns          302484 1c009a30 00f6a22b p.sw             x15, 4(x13!)        x13=100006a8 x15:726f7453 x13:100006a4  PA:100006a4
18246123ns          302485 1c009a34 c20635b3 p.bclr           x11, x12, 1, 0      x11=0000000c x12:0000000f
18246143ns          302486 1c009a38 40b306b3 sub              x13, x6, x11        x13=00000003  x6:0000000f x11:0000000c
18246163ns          302487 1c009a3c 00b807b3 add              x15, x16, x11       x15=100006a8 x16:1000069c x11:0000000c
18246282ns          302493 1c009a40 00b88733 add              x14, x17, x11       x14=1c0007d0 x17:1c0007c4 x11:0000000c
18246322ns          302495 1c009a44 04b60b63 beq              x12, x11, 86        x12:0000000f x11:0000000c
18246342ns          302496 1c009a48 00074603 lbu              x12, 0(x14)         x12=00000065 x14:1c0007d0  PA:1c0007d0
18246680ns          302513 1c009a4c 00c78023 sb               x12, 0(x15)         x12:00000065 x15:100006a8  PA:100006a8
18246819ns          302520 1c009a50 0416a563 p.beqimm         x13, 74             x13:00000003
18246859ns          302522 1c009a54 00174603 lbu              x12, 1(x14)         x12=0000002e x14:1c0007d0  PA:1c0007d1
18247177ns          302538 1c009a58 00c780a3 sb               x12, 1(x15)         x12:0000002e x15:100006a8  PA:100006a9
18247197ns          302539 1c009a5c 0226af63 p.beqimm         x13, 62             x13:00000003
18247337ns          302546 1c009a60 00274603 lbu              x12, 2(x14)         x12=00000063 x14:1c0007d0  PA:1c0007d2
18247655ns          302562 1c009a64 00c78123 sb               x12, 2(x15)         x12:00000063 x15:100006a8  PA:100006aa
18247675ns          302563 1c009a68 0236a963 p.beqimm         x13, 50             x13:00000003
18247894ns          302574 1c009a9a 00008067 jalr             x0, x1, 0            x1:1c009f86
18247933ns          302576 1c009f86 01300c33 add              x24, x0, x19        x24=100007d0 x19:100007d0
18247953ns          302577 1c009f88 1b24db63 bge              x9, x18, 438         x9:0000000f x18:00000000
18248868ns          302623 1c00a13e 01900933 add              x18, x0, x25        x18=1000069c x25:1000069c
18249326ns          302646 1c00a140 419d8db3 sub              x27, x27, x25       x27=effff96d x27:00000009 x25:1000069c
18249365ns          302648 1c00a144 00a0006f jal              x0, 10             
18249843ns          302672 1c00a14e 0019450b p.lbu            x10, 1(x18!)        x10=00000074 x18=1000069d x18:1000069c  PA:1000069c
18249863ns          302673 1c00a152 01a005b3 add              x11, x0, x26        x11=00000002 x26:00000002
18249883ns          302674 1c00a154 000b00e7 jalr             x1, x22, 0           x1=1c00a156 x22:1c009d84
18249922ns          302676 1c009d84 000026b7 lui              x13, 0x2000         x13=00002000
18249942ns          302677 1c009d86 f14027f3 csrrs            x15, x0, 0xf14      x15=00000000
18249962ns          302678 1c009d8a f8068693 addi             x13, x13, -128      x13=00001f80 x13:00002000
18250400ns          302700 1c009d8e 00379713 slli             x14, x15, 0x3       x14=00000000 x15:00000000
18250420ns          302701 1c009d92 00279793 slli             x15, x15, 0x2       x15=00000000 x15:00000000
18250440ns          302702 1c009d94 00d7f7b3 and              x15, x15, x13       x15=00000000 x15:00000000 x13:00001f80
18250459ns          302703 1c009d96 ee873733 p.bclr           x14, x14, 23, 8     x14=00000000 x14:00000000
18250479ns          302704 1c009d9a 1a10f6b7 lui              x13, 0x1a10f000     x13=1a10f000
18250539ns          302707 1c009d9e 0ff57513 andi             x10, x10, 255       x10=00000074 x10:00000074
18250559ns          302708 1c009da2 00d70733 add              x14, x14, x13       x14=1a10f000 x14:00000000 x13:1a10f000
18250579ns          302709 1c009da4 00a7e723 p.sw             x10, x0(x15)        x10:00000074 x15:00000000  PA:1a10f000
18250897ns          302725 1c009da8 00000513 addi             x10, x0, 0          x10=00000000
18250917ns          302726 1c009daa 00008067 jalr             x0, x1, 0            x1:1c00a156
18250957ns          302728 1c00a156 fff48493 addi             x9, x9, -1           x9=0000000e  x9:0000000f
18250977ns          302729 1c00a158 fff537e3 p.bneimm         x10, -18            x10:00000000
18251494ns          302755 1c00a146 012d8733 add              x14, x27, x18       x14=0000000a x27:effff96d x18:1000069d
18251514ns          302756 1c00a14a 5a048b63 beq              x9, x0, 1462         x9:0000000e
18251534ns          302757 1c00a14e 0019450b p.lbu            x10, 1(x18!)        x10=00000065 x18=1000069e x18:1000069d  PA:1000069d
18251553ns          302758 1c00a152 01a005b3 add              x11, x0, x26        x11=00000002 x26:00000002
18251573ns          302759 1c00a154 000b00e7 jalr             x1, x22, 0           x1=1c00a156 x22:1c009d84
18251613ns          302761 1c009d84 000026b7 lui              x13, 0x2000         x13=00002000
18251633ns          302762 1c009d86 f14027f3 csrrs            x15, x0, 0xf14      x15=00000000
18251653ns          302763 1c009d8a f8068693 addi             x13, x13, -128      x13=00001f80 x13:00002000
18251673ns          302764 1c009d8e 00379713 slli             x14, x15, 0x3       x14=00000000 x15:00000000
18251693ns          302765 1c009d92 00279793 slli             x15, x15, 0x2       x15=00000000 x15:00000000
18251713ns          302766 1c009d94 00d7f7b3 and              x15, x15, x13       x15=00000000 x15:00000000 x13:00001f80
18251732ns          302767 1c009d96 ee873733 p.bclr           x14, x14, 23, 8     x14=00000000 x14:00000000
18251752ns          302768 1c009d9a 1a10f6b7 lui              x13, 0x1a10f000     x13=1a10f000
18251772ns          302769 1c009d9e 0ff57513 andi             x10, x10, 255       x10=00000065 x10:00000065
18251792ns          302770 1c009da2 00d70733 add              x14, x14, x13       x14=1a10f000 x14:00000000 x13:1a10f000
18251812ns          302771 1c009da4 00a7e723 p.sw             x10, x0(x15)        x10:00000065 x15:00000000  PA:1a10f000
18252130ns          302787 1c009da8 00000513 addi             x10, x0, 0          x10=00000000
18252150ns          302788 1c009daa 00008067 jalr             x0, x1, 0            x1:1c00a156
18252190ns          302790 1c00a156 fff48493 addi             x9, x9, -1           x9=0000000d  x9:0000000e
18252210ns          302791 1c00a158 fff537e3 p.bneimm         x10, -18            x10:00000000
18252289ns          302795 1c00a146 012d8733 add              x14, x27, x18       x14=0000000b x27:effff96d x18:1000069e
18252309ns          302796 1c00a14a 5a048b63 beq              x9, x0, 1462         x9:0000000d
18252329ns          302797 1c00a14e 0019450b p.lbu            x10, 1(x18!)        x10=00000073 x18=1000069f x18:1000069e  PA:1000069e
18252349ns          302798 1c00a152 01a005b3 add              x11, x0, x26        x11=00000002 x26:00000002
18252369ns          302799 1c00a154 000b00e7 jalr             x1, x22, 0           x1=1c00a156 x22:1c009d84
18252409ns          302801 1c009d84 000026b7 lui              x13, 0x2000         x13=00002000
18252429ns          302802 1c009d86 f14027f3 csrrs            x15, x0, 0xf14      x15=00000000
18252449ns          302803 1c009d8a f8068693 addi             x13, x13, -128      x13=00001f80 x13:00002000
18252468ns          302804 1c009d8e 00379713 slli             x14, x15, 0x3       x14=00000000 x15:00000000
18252488ns          302805 1c009d92 00279793 slli             x15, x15, 0x2       x15=00000000 x15:00000000
18252508ns          302806 1c009d94 00d7f7b3 and              x15, x15, x13       x15=00000000 x15:00000000 x13:00001f80
18252528ns          302807 1c009d96 ee873733 p.bclr           x14, x14, 23, 8     x14=00000000 x14:00000000
18252548ns          302808 1c009d9a 1a10f6b7 lui              x13, 0x1a10f000     x13=1a10f000
18252568ns          302809 1c009d9e 0ff57513 andi             x10, x10, 255       x10=00000073 x10:00000073
18252588ns          302810 1c009da2 00d70733 add              x14, x14, x13       x14=1a10f000 x14:00000000 x13:1a10f000
18252608ns          302811 1c009da4 00a7e723 p.sw             x10, x0(x15)        x10:00000073 x15:00000000  PA:1a10f000
18252926ns          302827 1c009da8 00000513 addi             x10, x0, 0          x10=00000000
18252946ns          302828 1c009daa 00008067 jalr             x0, x1, 0            x1:1c00a156
18252986ns          302830 1c00a156 fff48493 addi             x9, x9, -1           x9=0000000c  x9:0000000d
18253005ns          302831 1c00a158 fff537e3 p.bneimm         x10, -18            x10:00000000
18253085ns          302835 1c00a146 012d8733 add              x14, x27, x18       x14=0000000c x27:effff96d x18:1000069f
18253105ns          302836 1c00a14a 5a048b63 beq              x9, x0, 1462         x9:0000000c
18253125ns          302837 1c00a14e 0019450b p.lbu            x10, 1(x18!)        x10=00000074 x18=100006a0 x18:1000069f  PA:1000069f
18253145ns          302838 1c00a152 01a005b3 add              x11, x0, x26        x11=00000002 x26:00000002
18253165ns          302839 1c00a154 000b00e7 jalr             x1, x22, 0           x1=1c00a156 x22:1c009d84
18253204ns          302841 1c009d84 000026b7 lui              x13, 0x2000         x13=00002000
18253224ns          302842 1c009d86 f14027f3 csrrs            x15, x0, 0xf14      x15=00000000
18253244ns          302843 1c009d8a f8068693 addi             x13, x13, -128      x13=00001f80 x13:00002000
18253264ns          302844 1c009d8e 00379713 slli             x14, x15, 0x3       x14=00000000 x15:00000000
18253284ns          302845 1c009d92 00279793 slli             x15, x15, 0x2       x15=00000000 x15:00000000
18253304ns          302846 1c009d94 00d7f7b3 and              x15, x15, x13       x15=00000000 x15:00000000 x13:00001f80
18253324ns          302847 1c009d96 ee873733 p.bclr           x14, x14, 23, 8     x14=00000000 x14:00000000
18253344ns          302848 1c009d9a 1a10f6b7 lui              x13, 0x1a10f000     x13=1a10f000
18253364ns          302849 1c009d9e 0ff57513 andi             x10, x10, 255       x10=00000074 x10:00000074
18253383ns          302850 1c009da2 00d70733 add              x14, x14, x13       x14=1a10f000 x14:00000000 x13:1a10f000
18253403ns          302851 1c009da4 00a7e723 p.sw             x10, x0(x15)        x10:00000074 x15:00000000  PA:1a10f000
18253722ns          302867 1c009da8 00000513 addi             x10, x0, 0          x10=00000000
18253741ns          302868 1c009daa 00008067 jalr             x0, x1, 0            x1:1c00a156
18253781ns          302870 1c00a156 fff48493 addi             x9, x9, -1           x9=0000000b  x9:0000000c
18253801ns          302871 1c00a158 fff537e3 p.bneimm         x10, -18            x10:00000000
18253881ns          302875 1c00a146 012d8733 add              x14, x27, x18       x14=0000000d x27:effff96d x18:100006a0
18253901ns          302876 1c00a14a 5a048b63 beq              x9, x0, 1462         x9:0000000b
18253920ns          302877 1c00a14e 0019450b p.lbu            x10, 1(x18!)        x10=0000004c x18=100006a1 x18:100006a0  PA:100006a0
18253940ns          302878 1c00a152 01a005b3 add              x11, x0, x26        x11=00000002 x26:00000002
18253960ns          302879 1c00a154 000b00e7 jalr             x1, x22, 0           x1=1c00a156 x22:1c009d84
18254000ns          302881 1c009d84 000026b7 lui              x13, 0x2000         x13=00002000
18254020ns          302882 1c009d86 f14027f3 csrrs            x15, x0, 0xf14      x15=00000000
18254040ns          302883 1c009d8a f8068693 addi             x13, x13, -128      x13=00001f80 x13:00002000
18254060ns          302884 1c009d8e 00379713 slli             x14, x15, 0x3       x14=00000000 x15:00000000
18254080ns          302885 1c009d92 00279793 slli             x15, x15, 0x2       x15=00000000 x15:00000000
18254099ns          302886 1c009d94 00d7f7b3 and              x15, x15, x13       x15=00000000 x15:00000000 x13:00001f80
18254119ns          302887 1c009d96 ee873733 p.bclr           x14, x14, 23, 8     x14=00000000 x14:00000000
18254139ns          302888 1c009d9a 1a10f6b7 lui              x13, 0x1a10f000     x13=1a10f000
18254159ns          302889 1c009d9e 0ff57513 andi             x10, x10, 255       x10=0000004c x10:0000004c
18254179ns          302890 1c009da2 00d70733 add              x14, x14, x13       x14=1a10f000 x14:00000000 x13:1a10f000
18254199ns          302891 1c009da4 00a7e723 p.sw             x10, x0(x15)        x10:0000004c x15:00000000  PA:1a10f000
18254517ns          302907 1c009da8 00000513 addi             x10, x0, 0          x10=00000000
18254537ns          302908 1c009daa 00008067 jalr             x0, x1, 0            x1:1c00a156
18254577ns          302910 1c00a156 fff48493 addi             x9, x9, -1           x9=0000000a  x9:0000000b
18254597ns          302911 1c00a158 fff537e3 p.bneimm         x10, -18            x10:00000000
18254676ns          302915 1c00a146 012d8733 add              x14, x27, x18       x14=0000000e x27:effff96d x18:100006a1
18254696ns          302916 1c00a14a 5a048b63 beq              x9, x0, 1462         x9:0000000a
18254716ns          302917 1c00a14e 0019450b p.lbu            x10, 1(x18!)        x10=0000006f x18=100006a2 x18:100006a1  PA:100006a1
18254736ns          302918 1c00a152 01a005b3 add              x11, x0, x26        x11=00000002 x26:00000002
18254756ns          302919 1c00a154 000b00e7 jalr             x1, x22, 0           x1=1c00a156 x22:1c009d84
18254796ns          302921 1c009d84 000026b7 lui              x13, 0x2000         x13=00002000
18254816ns          302922 1c009d86 f14027f3 csrrs            x15, x0, 0xf14      x15=00000000
18254835ns          302923 1c009d8a f8068693 addi             x13, x13, -128      x13=00001f80 x13:00002000
18254855ns          302924 1c009d8e 00379713 slli             x14, x15, 0x3       x14=00000000 x15:00000000
18254875ns          302925 1c009d92 00279793 slli             x15, x15, 0x2       x15=00000000 x15:00000000
18254895ns          302926 1c009d94 00d7f7b3 and              x15, x15, x13       x15=00000000 x15:00000000 x13:00001f80
18254915ns          302927 1c009d96 ee873733 p.bclr           x14, x14, 23, 8     x14=00000000 x14:00000000
18254935ns          302928 1c009d9a 1a10f6b7 lui              x13, 0x1a10f000     x13=1a10f000
18254955ns          302929 1c009d9e 0ff57513 andi             x10, x10, 255       x10=0000006f x10:0000006f
18254975ns          302930 1c009da2 00d70733 add              x14, x14, x13       x14=1a10f000 x14:00000000 x13:1a10f000
18254995ns          302931 1c009da4 00a7e723 p.sw             x10, x0(x15)        x10:0000006f x15:00000000  PA:1a10f000
18255313ns          302947 1c009da8 00000513 addi             x10, x0, 0          x10=00000000
18255333ns          302948 1c009daa 00008067 jalr             x0, x1, 0            x1:1c00a156
18255372ns          302950 1c00a156 fff48493 addi             x9, x9, -1           x9=00000009  x9:0000000a
18255392ns          302951 1c00a158 fff537e3 p.bneimm         x10, -18            x10:00000000
18255472ns          302955 1c00a146 012d8733 add              x14, x27, x18       x14=0000000f x27:effff96d x18:100006a2
18255492ns          302956 1c00a14a 5a048b63 beq              x9, x0, 1462         x9:00000009
18255512ns          302957 1c00a14e 0019450b p.lbu            x10, 1(x18!)        x10=00000061 x18=100006a3 x18:100006a2  PA:100006a2
18255532ns          302958 1c00a152 01a005b3 add              x11, x0, x26        x11=00000002 x26:00000002
18255552ns          302959 1c00a154 000b00e7 jalr             x1, x22, 0           x1=1c00a156 x22:1c009d84
18255591ns          302961 1c009d84 000026b7 lui              x13, 0x2000         x13=00002000
18255611ns          302962 1c009d86 f14027f3 csrrs            x15, x0, 0xf14      x15=00000000
18255631ns          302963 1c009d8a f8068693 addi             x13, x13, -128      x13=00001f80 x13:00002000
18255651ns          302964 1c009d8e 00379713 slli             x14, x15, 0x3       x14=00000000 x15:00000000
18255671ns          302965 1c009d92 00279793 slli             x15, x15, 0x2       x15=00000000 x15:00000000
18255691ns          302966 1c009d94 00d7f7b3 and              x15, x15, x13       x15=00000000 x15:00000000 x13:00001f80
18255711ns          302967 1c009d96 ee873733 p.bclr           x14, x14, 23, 8     x14=00000000 x14:00000000
18255731ns          302968 1c009d9a 1a10f6b7 lui              x13, 0x1a10f000     x13=1a10f000
18255750ns          302969 1c009d9e 0ff57513 andi             x10, x10, 255       x10=00000061 x10:00000061
18255770ns          302970 1c009da2 00d70733 add              x14, x14, x13       x14=1a10f000 x14:00000000 x13:1a10f000
18255790ns          302971 1c009da4 00a7e723 p.sw             x10, x0(x15)        x10:00000061 x15:00000000  PA:1a10f000
18256108ns          302987 1c009da8 00000513 addi             x10, x0, 0          x10=00000000
18256128ns          302988 1c009daa 00008067 jalr             x0, x1, 0            x1:1c00a156
18256168ns          302990 1c00a156 fff48493 addi             x9, x9, -1           x9=00000008  x9:00000009
18256188ns          302991 1c00a158 fff537e3 p.bneimm         x10, -18            x10:00000000
18256268ns          302995 1c00a146 012d8733 add              x14, x27, x18       x14=00000010 x27:effff96d x18:100006a3
18256287ns          302996 1c00a14a 5a048b63 beq              x9, x0, 1462         x9:00000008
18256307ns          302997 1c00a14e 0019450b p.lbu            x10, 1(x18!)        x10=00000064 x18=100006a4 x18:100006a3  PA:100006a3
18256327ns          302998 1c00a152 01a005b3 add              x11, x0, x26        x11=00000002 x26:00000002
18256347ns          302999 1c00a154 000b00e7 jalr             x1, x22, 0           x1=1c00a156 x22:1c009d84
18256387ns          303001 1c009d84 000026b7 lui              x13, 0x2000         x13=00002000
18256407ns          303002 1c009d86 f14027f3 csrrs            x15, x0, 0xf14      x15=00000000
18256427ns          303003 1c009d8a f8068693 addi             x13, x13, -128      x13=00001f80 x13:00002000
18256447ns          303004 1c009d8e 00379713 slli             x14, x15, 0x3       x14=00000000 x15:00000000
18256466ns          303005 1c009d92 00279793 slli             x15, x15, 0x2       x15=00000000 x15:00000000
18256486ns          303006 1c009d94 00d7f7b3 and              x15, x15, x13       x15=00000000 x15:00000000 x13:00001f80
18256506ns          303007 1c009d96 ee873733 p.bclr           x14, x14, 23, 8     x14=00000000 x14:00000000
18256526ns          303008 1c009d9a 1a10f6b7 lui              x13, 0x1a10f000     x13=1a10f000
18256546ns          303009 1c009d9e 0ff57513 andi             x10, x10, 255       x10=00000064 x10:00000064
18256566ns          303010 1c009da2 00d70733 add              x14, x14, x13       x14=1a10f000 x14:00000000 x13:1a10f000
18256586ns          303011 1c009da4 00a7e723 p.sw             x10, x0(x15)        x10:00000064 x15:00000000  PA:1a10f000
18256904ns          303027 1c009da8 00000513 addi             x10, x0, 0          x10=00000000
18256924ns          303028 1c009daa 00008067 jalr             x0, x1, 0            x1:1c00a156
18256964ns          303030 1c00a156 fff48493 addi             x9, x9, -1           x9=00000007  x9:00000008
18256984ns          303031 1c00a158 fff537e3 p.bneimm         x10, -18            x10:00000000
18257063ns          303035 1c00a146 012d8733 add              x14, x27, x18       x14=00000011 x27:effff96d x18:100006a4
18257083ns          303036 1c00a14a 5a048b63 beq              x9, x0, 1462         x9:00000007
18257103ns          303037 1c00a14e 0019450b p.lbu            x10, 1(x18!)        x10=00000053 x18=100006a5 x18:100006a4  PA:100006a4
18257123ns          303038 1c00a152 01a005b3 add              x11, x0, x26        x11=00000002 x26:00000002
18257143ns          303039 1c00a154 000b00e7 jalr             x1, x22, 0           x1=1c00a156 x22:1c009d84
18257183ns          303041 1c009d84 000026b7 lui              x13, 0x2000         x13=00002000
18257202ns          303042 1c009d86 f14027f3 csrrs            x15, x0, 0xf14      x15=00000000
18257222ns          303043 1c009d8a f8068693 addi             x13, x13, -128      x13=00001f80 x13:00002000
18257242ns          303044 1c009d8e 00379713 slli             x14, x15, 0x3       x14=00000000 x15:00000000
18257262ns          303045 1c009d92 00279793 slli             x15, x15, 0x2       x15=00000000 x15:00000000
18257282ns          303046 1c009d94 00d7f7b3 and              x15, x15, x13       x15=00000000 x15:00000000 x13:00001f80
18257302ns          303047 1c009d96 ee873733 p.bclr           x14, x14, 23, 8     x14=00000000 x14:00000000
18257322ns          303048 1c009d9a 1a10f6b7 lui              x13, 0x1a10f000     x13=1a10f000
18257342ns          303049 1c009d9e 0ff57513 andi             x10, x10, 255       x10=00000053 x10:00000053
18257362ns          303050 1c009da2 00d70733 add              x14, x14, x13       x14=1a10f000 x14:00000000 x13:1a10f000
18257381ns          303051 1c009da4 00a7e723 p.sw             x10, x0(x15)        x10:00000053 x15:00000000  PA:1a10f000
18257700ns          303067 1c009da8 00000513 addi             x10, x0, 0          x10=00000000
18257720ns          303068 1c009daa 00008067 jalr             x0, x1, 0            x1:1c00a156
18257759ns          303070 1c00a156 fff48493 addi             x9, x9, -1           x9=00000006  x9:00000007
18257779ns          303071 1c00a158 fff537e3 p.bneimm         x10, -18            x10:00000000
18257859ns          303075 1c00a146 012d8733 add              x14, x27, x18       x14=00000012 x27:effff96d x18:100006a5
18257879ns          303076 1c00a14a 5a048b63 beq              x9, x0, 1462         x9:00000006
18257899ns          303077 1c00a14e 0019450b p.lbu            x10, 1(x18!)        x10=00000074 x18=100006a6 x18:100006a5  PA:100006a5
18257919ns          303078 1c00a152 01a005b3 add              x11, x0, x26        x11=00000002 x26:00000002
18257938ns          303079 1c00a154 000b00e7 jalr             x1, x22, 0           x1=1c00a156 x22:1c009d84
18257978ns          303081 1c009d84 000026b7 lui              x13, 0x2000         x13=00002000
18257998ns          303082 1c009d86 f14027f3 csrrs            x15, x0, 0xf14      x15=00000000
18258018ns          303083 1c009d8a f8068693 addi             x13, x13, -128      x13=00001f80 x13:00002000
18258038ns          303084 1c009d8e 00379713 slli             x14, x15, 0x3       x14=00000000 x15:00000000
18258058ns          303085 1c009d92 00279793 slli             x15, x15, 0x2       x15=00000000 x15:00000000
18258078ns          303086 1c009d94 00d7f7b3 and              x15, x15, x13       x15=00000000 x15:00000000 x13:00001f80
18258098ns          303087 1c009d96 ee873733 p.bclr           x14, x14, 23, 8     x14=00000000 x14:00000000
18258117ns          303088 1c009d9a 1a10f6b7 lui              x13, 0x1a10f000     x13=1a10f000
18258137ns          303089 1c009d9e 0ff57513 andi             x10, x10, 255       x10=00000074 x10:00000074
18258157ns          303090 1c009da2 00d70733 add              x14, x14, x13       x14=1a10f000 x14:00000000 x13:1a10f000
18258177ns          303091 1c009da4 00a7e723 p.sw             x10, x0(x15)        x10:00000074 x15:00000000  PA:1a10f000
18258495ns          303107 1c009da8 00000513 addi             x10, x0, 0          x10=00000000
18258515ns          303108 1c009daa 00008067 jalr             x0, x1, 0            x1:1c00a156
18258555ns          303110 1c00a156 fff48493 addi             x9, x9, -1           x9=00000005  x9:00000006
18258575ns          303111 1c00a158 fff537e3 p.bneimm         x10, -18            x10:00000000
18258654ns          303115 1c00a146 012d8733 add              x14, x27, x18       x14=00000013 x27:effff96d x18:100006a6
18258674ns          303116 1c00a14a 5a048b63 beq              x9, x0, 1462         x9:00000005
18258694ns          303117 1c00a14e 0019450b p.lbu            x10, 1(x18!)        x10=0000006f x18=100006a7 x18:100006a6  PA:100006a6
18258714ns          303118 1c00a152 01a005b3 add              x11, x0, x26        x11=00000002 x26:00000002
18258734ns          303119 1c00a154 000b00e7 jalr             x1, x22, 0           x1=1c00a156 x22:1c009d84
18258774ns          303121 1c009d84 000026b7 lui              x13, 0x2000         x13=00002000
18258794ns          303122 1c009d86 f14027f3 csrrs            x15, x0, 0xf14      x15=00000000
18258814ns          303123 1c009d8a f8068693 addi             x13, x13, -128      x13=00001f80 x13:00002000
18258833ns          303124 1c009d8e 00379713 slli             x14, x15, 0x3       x14=00000000 x15:00000000
18258853ns          303125 1c009d92 00279793 slli             x15, x15, 0x2       x15=00000000 x15:00000000
18258873ns          303126 1c009d94 00d7f7b3 and              x15, x15, x13       x15=00000000 x15:00000000 x13:00001f80
18258893ns          303127 1c009d96 ee873733 p.bclr           x14, x14, 23, 8     x14=00000000 x14:00000000
18258913ns          303128 1c009d9a 1a10f6b7 lui              x13, 0x1a10f000     x13=1a10f000
18258933ns          303129 1c009d9e 0ff57513 andi             x10, x10, 255       x10=0000006f x10:0000006f
18258953ns          303130 1c009da2 00d70733 add              x14, x14, x13       x14=1a10f000 x14:00000000 x13:1a10f000
18258973ns          303131 1c009da4 00a7e723 p.sw             x10, x0(x15)        x10:0000006f x15:00000000  PA:1a10f000
18259291ns          303147 1c009da8 00000513 addi             x10, x0, 0          x10=00000000
18259311ns          303148 1c009daa 00008067 jalr             x0, x1, 0            x1:1c00a156
18259351ns          303150 1c00a156 fff48493 addi             x9, x9, -1           x9=00000004  x9:00000005
18259371ns          303151 1c00a158 fff537e3 p.bneimm         x10, -18            x10:00000000
18259450ns          303155 1c00a146 012d8733 add              x14, x27, x18       x14=00000014 x27:effff96d x18:100006a7
18259470ns          303156 1c00a14a 5a048b63 beq              x9, x0, 1462         x9:00000004
18259490ns          303157 1c00a14e 0019450b p.lbu            x10, 1(x18!)        x10=00000072 x18=100006a8 x18:100006a7  PA:100006a7
18259510ns          303158 1c00a152 01a005b3 add              x11, x0, x26        x11=00000002 x26:00000002
18259530ns          303159 1c00a154 000b00e7 jalr             x1, x22, 0           x1=1c00a156 x22:1c009d84
18259569ns          303161 1c009d84 000026b7 lui              x13, 0x2000         x13=00002000
18259589ns          303162 1c009d86 f14027f3 csrrs            x15, x0, 0xf14      x15=00000000
18259609ns          303163 1c009d8a f8068693 addi             x13, x13, -128      x13=00001f80 x13:00002000
18259629ns          303164 1c009d8e 00379713 slli             x14, x15, 0x3       x14=00000000 x15:00000000
18259649ns          303165 1c009d92 00279793 slli             x15, x15, 0x2       x15=00000000 x15:00000000
18259669ns          303166 1c009d94 00d7f7b3 and              x15, x15, x13       x15=00000000 x15:00000000 x13:00001f80
18259689ns          303167 1c009d96 ee873733 p.bclr           x14, x14, 23, 8     x14=00000000 x14:00000000
18259709ns          303168 1c009d9a 1a10f6b7 lui              x13, 0x1a10f000     x13=1a10f000
18259729ns          303169 1c009d9e 0ff57513 andi             x10, x10, 255       x10=00000072 x10:00000072
18259748ns          303170 1c009da2 00d70733 add              x14, x14, x13       x14=1a10f000 x14:00000000 x13:1a10f000
18259768ns          303171 1c009da4 00a7e723 p.sw             x10, x0(x15)        x10:00000072 x15:00000000  PA:1a10f000
18260087ns          303187 1c009da8 00000513 addi             x10, x0, 0          x10=00000000
18260106ns          303188 1c009daa 00008067 jalr             x0, x1, 0            x1:1c00a156
18260146ns          303190 1c00a156 fff48493 addi             x9, x9, -1           x9=00000003  x9:00000004
18260166ns          303191 1c00a158 fff537e3 p.bneimm         x10, -18            x10:00000000
18260246ns          303195 1c00a146 012d8733 add              x14, x27, x18       x14=00000015 x27:effff96d x18:100006a8
18260266ns          303196 1c00a14a 5a048b63 beq              x9, x0, 1462         x9:00000003
18260286ns          303197 1c00a14e 0019450b p.lbu            x10, 1(x18!)        x10=00000065 x18=100006a9 x18:100006a8  PA:100006a8
18260305ns          303198 1c00a152 01a005b3 add              x11, x0, x26        x11=00000002 x26:00000002
18260325ns          303199 1c00a154 000b00e7 jalr             x1, x22, 0           x1=1c00a156 x22:1c009d84
18260365ns          303201 1c009d84 000026b7 lui              x13, 0x2000         x13=00002000
18260385ns          303202 1c009d86 f14027f3 csrrs            x15, x0, 0xf14      x15=00000000
18260405ns          303203 1c009d8a f8068693 addi             x13, x13, -128      x13=00001f80 x13:00002000
18260425ns          303204 1c009d8e 00379713 slli             x14, x15, 0x3       x14=00000000 x15:00000000
18260445ns          303205 1c009d92 00279793 slli             x15, x15, 0x2       x15=00000000 x15:00000000
18260465ns          303206 1c009d94 00d7f7b3 and              x15, x15, x13       x15=00000000 x15:00000000 x13:00001f80
18260484ns          303207 1c009d96 ee873733 p.bclr           x14, x14, 23, 8     x14=00000000 x14:00000000
18260504ns          303208 1c009d9a 1a10f6b7 lui              x13, 0x1a10f000     x13=1a10f000
18260524ns          303209 1c009d9e 0ff57513 andi             x10, x10, 255       x10=00000065 x10:00000065
18260544ns          303210 1c009da2 00d70733 add              x14, x14, x13       x14=1a10f000 x14:00000000 x13:1a10f000
18260564ns          303211 1c009da4 00a7e723 p.sw             x10, x0(x15)        x10:00000065 x15:00000000  PA:1a10f000
18260882ns          303227 1c009da8 00000513 addi             x10, x0, 0          x10=00000000
18260902ns          303228 1c009daa 00008067 jalr             x0, x1, 0            x1:1c00a156
18260942ns          303230 1c00a156 fff48493 addi             x9, x9, -1           x9=00000002  x9:00000003
18260962ns          303231 1c00a158 fff537e3 p.bneimm         x10, -18            x10:00000000
18261041ns          303235 1c00a146 012d8733 add              x14, x27, x18       x14=00000016 x27:effff96d x18:100006a9
18261061ns          303236 1c00a14a 5a048b63 beq              x9, x0, 1462         x9:00000002
18261081ns          303237 1c00a14e 0019450b p.lbu            x10, 1(x18!)        x10=0000002e x18=100006aa x18:100006a9  PA:100006a9
18261101ns          303238 1c00a152 01a005b3 add              x11, x0, x26        x11=00000002 x26:00000002
18261121ns          303239 1c00a154 000b00e7 jalr             x1, x22, 0           x1=1c00a156 x22:1c009d84
18261161ns          303241 1c009d84 000026b7 lui              x13, 0x2000         x13=00002000
18261181ns          303242 1c009d86 f14027f3 csrrs            x15, x0, 0xf14      x15=00000000
18261200ns          303243 1c009d8a f8068693 addi             x13, x13, -128      x13=00001f80 x13:00002000
18261220ns          303244 1c009d8e 00379713 slli             x14, x15, 0x3       x14=00000000 x15:00000000
18261240ns          303245 1c009d92 00279793 slli             x15, x15, 0x2       x15=00000000 x15:00000000
18261260ns          303246 1c009d94 00d7f7b3 and              x15, x15, x13       x15=00000000 x15:00000000 x13:00001f80
18261280ns          303247 1c009d96 ee873733 p.bclr           x14, x14, 23, 8     x14=00000000 x14:00000000
18261300ns          303248 1c009d9a 1a10f6b7 lui              x13, 0x1a10f000     x13=1a10f000
18261320ns          303249 1c009d9e 0ff57513 andi             x10, x10, 255       x10=0000002e x10:0000002e
18261340ns          303250 1c009da2 00d70733 add              x14, x14, x13       x14=1a10f000 x14:00000000 x13:1a10f000
18261360ns          303251 1c009da4 00a7e723 p.sw             x10, x0(x15)        x10:0000002e x15:00000000  PA:1a10f000
18261678ns          303267 1c009da8 00000513 addi             x10, x0, 0          x10=00000000
18261698ns          303268 1c009daa 00008067 jalr             x0, x1, 0            x1:1c00a156
18261738ns          303270 1c00a156 fff48493 addi             x9, x9, -1           x9=00000001  x9:00000002
18261757ns          303271 1c00a158 fff537e3 p.bneimm         x10, -18            x10:00000000
18261837ns          303275 1c00a146 012d8733 add              x14, x27, x18       x14=00000017 x27:effff96d x18:100006aa
18261857ns          303276 1c00a14a 5a048b63 beq              x9, x0, 1462         x9:00000001
18261877ns          303277 1c00a14e 0019450b p.lbu            x10, 1(x18!)        x10=00000063 x18=100006ab x18:100006aa  PA:100006aa
18261897ns          303278 1c00a152 01a005b3 add              x11, x0, x26        x11=00000002 x26:00000002
18261917ns          303279 1c00a154 000b00e7 jalr             x1, x22, 0           x1=1c00a156 x22:1c009d84
18261956ns          303281 1c009d84 000026b7 lui              x13, 0x2000         x13=00002000
18261976ns          303282 1c009d86 f14027f3 csrrs            x15, x0, 0xf14      x15=00000000
18261996ns          303283 1c009d8a f8068693 addi             x13, x13, -128      x13=00001f80 x13:00002000
18262016ns          303284 1c009d8e 00379713 slli             x14, x15, 0x3       x14=00000000 x15:00000000
18262036ns          303285 1c009d92 00279793 slli             x15, x15, 0x2       x15=00000000 x15:00000000
18262056ns          303286 1c009d94 00d7f7b3 and              x15, x15, x13       x15=00000000 x15:00000000 x13:00001f80
18262076ns          303287 1c009d96 ee873733 p.bclr           x14, x14, 23, 8     x14=00000000 x14:00000000
18262096ns          303288 1c009d9a 1a10f6b7 lui              x13, 0x1a10f000     x13=1a10f000
18262115ns          303289 1c009d9e 0ff57513 andi             x10, x10, 255       x10=00000063 x10:00000063
18262135ns          303290 1c009da2 00d70733 add              x14, x14, x13       x14=1a10f000 x14:00000000 x13:1a10f000
18262155ns          303291 1c009da4 00a7e723 p.sw             x10, x0(x15)        x10:00000063 x15:00000000  PA:1a10f000
18262473ns          303307 1c009da8 00000513 addi             x10, x0, 0          x10=00000000
18262493ns          303308 1c009daa 00008067 jalr             x0, x1, 0            x1:1c00a156
18262533ns          303310 1c00a156 fff48493 addi             x9, x9, -1           x9=00000000  x9:00000001
18262553ns          303311 1c00a158 fff537e3 p.bneimm         x10, -18            x10:00000000
18262633ns          303315 1c00a146 012d8733 add              x14, x27, x18       x14=00000018 x27:effff96d x18:100006ab
18262653ns          303316 1c00a14a 5a048b63 beq              x9, x0, 1462         x9:00000000
18263130ns          303340 1c00a700 00e00db3 add              x27, x0, x14        x27=00000018 x14:00000018
18263170ns          303342 1c00a702 f3cff06f jal              x0, -2244          
18263269ns          303347 1c009e3e 00044503 lbu              x10, 0(x8)          x10=0000000a  x8:1c0007f7  PA:1c0007f7
18263567ns          303362 1c009e42 00140413 addi             x8, x8, 1            x8=1c0007f8  x8:1c0007f7
18263587ns          303363 1c009e44 00050e63 beq              x10, x0, 28         x10:0000000a
18263607ns          303364 1c009e46 02500793 addi             x15, x0, 37         x15=00000025
18263627ns          303365 1c009e4a 04f50863 beq              x10, x15, 80        x10:0000000a x15:00000025
18263647ns          303366 1c009e4e 01a005b3 add              x11, x0, x26        x11=00000002 x26:00000002
18263667ns          303367 1c009e50 000b00e7 jalr             x1, x22, 0           x1=1c009e52 x22:1c009d84
18263746ns          303371 1c009d84 000026b7 lui              x13, 0x2000         x13=00002000
18263786ns          303373 1c009d86 f14027f3 csrrs            x15, x0, 0xf14      x15=00000000
18263806ns          303374 1c009d8a f8068693 addi             x13, x13, -128      x13=00001f80 x13:00002000
18263826ns          303375 1c009d8e 00379713 slli             x14, x15, 0x3       x14=00000000 x15:00000000
18263846ns          303376 1c009d92 00279793 slli             x15, x15, 0x2       x15=00000000 x15:00000000
18263866ns          303377 1c009d94 00d7f7b3 and              x15, x15, x13       x15=00000000 x15:00000000 x13:00001f80
18263886ns          303378 1c009d96 ee873733 p.bclr           x14, x14, 23, 8     x14=00000000 x14:00000000
18263906ns          303379 1c009d9a 1a10f6b7 lui              x13, 0x1a10f000     x13=1a10f000
18263926ns          303380 1c009d9e 0ff57513 andi             x10, x10, 255       x10=0000000a x10:0000000a
18263945ns          303381 1c009da2 00d70733 add              x14, x14, x13       x14=1a10f000 x14:00000000 x13:1a10f000
18263965ns          303382 1c009da4 00a7e723 p.sw             x10, x0(x15)        x10:0000000a x15:00000000  PA:1a10f000
18264284ns          303398 1c009da8 00000513 addi             x10, x0, 0          x10=00000000
18264303ns          303399 1c009daa 00008067 jalr             x0, x1, 0            x1:1c009e52
18264363ns          303402 1c009e52 31f52563 p.beqimm         x10, 778            x10:00000000
18264383ns          303403 1c009e56 001d8d93 addi             x27, x27, 1         x27=00000019 x27:00000018
18264403ns          303404 1c009e58 00044503 lbu              x10, 0(x8)          x10=00000000  x8:1c0007f8  PA:1c0007f8
18264701ns          303419 1c009e5c 00140413 addi             x8, x8, 1            x8=1c0007f9  x8:1c0007f8
18264721ns          303420 1c009e5e fe0514e3 bne              x10, x0, -24        x10:00000000
18264860ns          303427 1c009e60 01b00433 add              x8, x0, x27          x8=00000019 x27:00000019
18264880ns          303428 1c009e62 00800533 add              x10, x0, x8         x10=00000019  x8:00000019
18264900ns          303429 1c009e64 12c12083 lw               x1, 300(x2)          x1=1c009df0  x2:10000678  PA:100007a4
18264920ns          303430 1c009e68 12812403 lw               x8, 296(x2)          x8=1c001320  x2:10000678  PA:100007a0
18264940ns          303431 1c009e6c 12412483 lw               x9, 292(x2)          x9=xxxxxxxx  x2:10000678  PA:1000079c
18265397ns          303454 1c009e70 12012903 lw               x18, 288(x2)        x18=xxxxxxxx  x2:10000678  PA:10000798
18265437ns          303456 1c009e74 11c12983 lw               x19, 284(x2)        x19=xxxxxxxx  x2:10000678  PA:10000794
18265457ns          303457 1c009e78 11812a03 lw               x20, 280(x2)        x20=xxxxxxxx  x2:10000678  PA:10000790
18265477ns          303458 1c009e7c 11412a83 lw               x21, 276(x2)        x21=xxxxxxxx  x2:10000678  PA:1000078c
18265915ns          303480 1c009e80 11012b03 lw               x22, 272(x2)        x22=xxxxxxxx  x2:10000678  PA:10000788
18265954ns          303482 1c009e84 10c12b83 lw               x23, 268(x2)        x23=xxxxxxxx  x2:10000678  PA:10000784
18265974ns          303483 1c009e88 10812c03 lw               x24, 264(x2)        x24=xxxxxxxx  x2:10000678  PA:10000780
18265994ns          303484 1c009e8c 10412c83 lw               x25, 260(x2)        x25=xxxxxxxx  x2:10000678  PA:1000077c
18266432ns          303506 1c009e90 10012d03 lw               x26, 256(x2)        x26=xxxxxxxx  x2:10000678  PA:10000778
18266472ns          303508 1c009e94 0fc12d83 lw               x27, 252(x2)        x27=xxxxxxxx  x2:10000678  PA:10000774
18266491ns          303509 1c009e96 13010113 addi             x2, x2, 304          x2=100007a8  x2:10000678
18266511ns          303510 1c009e98 00008067 jalr             x0, x1, 0            x1:1c009df0
18266651ns          303517 1c009df0 01c12083 lw               x1, 28(x2)           x1=1c0097ec  x2:100007a8  PA:100007c4
18266670ns          303518 1c009df2 04010113 addi             x2, x2, 64           x2=100007e8  x2:100007a8
18266710ns          303520 1c009df4 00008067 jalr             x0, x1, 0            x1:1c0097ec
18266790ns          303524 1c0097ec 99ffe0ef jal              x1, -5730            x1=1c0097f0
18267247ns          303547 1c00818a fb010113 addi             x2, x2, -80          x2=10000798  x2:100007e8
18267287ns          303549 1c00818c 03312e23 sw               x19, 60(x2)         x19:xxxxxxxx  x2:10000798  PA:100007d4
18267307ns          303550 1c00818e 03712623 sw               x23, 44(x2)         x23:xxxxxxxx  x2:10000798  PA:100007c4
18267725ns          303571 1c008190 1c0019b7 lui              x19, 0x1c001000     x19=1c001000
18267764ns          303573 1c008194 1c001bb7 lui              x23, 0x1c001000     x23=1c001000
18267784ns          303574 1c008198 04812423 sw               x8, 72(x2)           x8:1c001320  x2:10000798  PA:100007e0
18267804ns          303575 1c00819a 324b8b93 addi             x23, x23, 804       x23=1c001324 x23:1c001000
18268242ns          303597 1c00819e 0c898413 addi             x8, x19, 200         x8=1c0010c8 x19:1c001000
18268262ns          303598 1c0081a2 04912223 sw               x9, 68(x2)           x9:xxxxxxxx  x2:10000798  PA:100007dc
18268282ns          303599 1c0081a4 000ba783 lw               x15, 0(x23)         x15=00000000 x23:1c001324  PA:1c001324
18268580ns          303614 1c0081a8 00440493 addi             x9, x8, 4            x9=1c0010cc  x8:1c0010c8
18268600ns          303615 1c0081ac 03412c23 sw               x20, 56(x2)         x20:xxxxxxxx  x2:10000798  PA:100007d0
18268620ns          303616 1c0081ae 03512a23 sw               x21, 52(x2)         x21:xxxxxxxx  x2:10000798  PA:100007cc
18268759ns          303623 1c0081b0 03612823 sw               x22, 48(x2)         x22:xxxxxxxx  x2:10000798  PA:100007c8
18268779ns          303624 1c0081b2 03812423 sw               x24, 40(x2)         x24:xxxxxxxx  x2:10000798  PA:100007c0
18268799ns          303625 1c0081b4 03912223 sw               x25, 36(x2)         x25:xxxxxxxx  x2:10000798  PA:100007bc
18268819ns          303626 1c0081b6 03a12023 sw               x26, 32(x2)         x26:xxxxxxxx  x2:10000798  PA:100007b8
18268839ns          303627 1c0081b8 01b12e23 sw               x27, 28(x2)         x27:xxxxxxxx  x2:10000798  PA:100007b4
18268858ns          303628 1c0081ba 04112623 sw               x1, 76(x2)           x1:1c0097f0  x2:10000798  PA:100007e4
18268878ns          303629 1c0081bc 05212023 sw               x18, 64(x2)         x18:xxxxxxxx  x2:10000798  PA:100007d8
18269276ns          303649 1c0081be 05040c93 addi             x25, x8, 80         x25=1c001118  x8:1c0010c8
18269296ns          303650 1c0081c2 00900a33 add              x20, x0, x9         x20=1c0010cc  x9:1c0010cc
18269316ns          303651 1c0081c4 0c898993 addi             x19, x19, 200       x19=1c0010c8 x19:1c001000
18269336ns          303652 1c0081c8 00000c13 addi             x24, x0, 0          x24=00000000
18269356ns          303653 1c0081ca 1c001db7 lui              x27, 0x1c001000     x27=1c001000
18269793ns          303675 1c0081ce 1c000b37 lui              x22, 0x1c000000     x22=1c000000
18269833ns          303677 1c0081d2 1c000d37 lui              x26, 0x1c000000     x26=1c000000
18269853ns          303678 1c0081d6 1c000ab7 lui              x21, 0x1c000000     x21=1c000000
18269873ns          303679 1c0081da 01800733 add              x14, x0, x24        x14=00000000 x24:00000000
18269893ns          303680 1c0081dc 01300933 add              x18, x0, x19        x18=1c0010c8 x19:1c0010c8
18269913ns          303681 1c0081de 018008b3 add              x17, x0, x24        x17=00000000 x24:00000000
18270310ns          303701 1c0081e0 0049270b p.lw             x14, 4(x18!)        x14=12af5aba x18=1c0010cc x18:1c0010c8  PA:1c0010c8
18270649ns          303718 1c0081e4 0049288b p.lw             x17, 4(x18!)        x17=9eb30844 x18=1c0010d0 x18:1c0010cc  PA:1c0010cc
18270947ns          303733 1c0081e8 0009a303 lw               x6, 0(x19)           x6=12af5aba x19:1c0010c8  PA:1c0010c8
18271245ns          303748 1c0081ec 00178793 addi             x15, x15, 1         x15=00000001 x15:00000000
18271265ns          303749 1c0081ee 00fba023 sw               x15, 0(x23)         x15:00000001 x23:1c001324  PA:1c001324
18271583ns          303765 1c0081f2 320d8e13 addi             x28, x27, 800       x28=1c001320 x27:1c001000
18271603ns          303766 1c0081f6 00e00633 add              x12, x0, x14        x12=12af5aba x14:12af5aba
18271623ns          303767 1c0081f8 006006b3 add              x13, x0, x6         x13=12af5aba  x6:12af5aba
18271643ns          303768 1c0081fa 01cb0593 addi             x11, x22, 28        x11=1c00001c x22:1c000000
18271762ns          303774 1c0081fe 7d4d0513 addi             x10, x26, 2004      x10=1c0007d4 x26:1c000000
18271782ns          303775 1c008202 00898993 addi             x19, x19, 8         x19=1c0010d0 x19:1c0010c8
18271802ns          303776 1c008204 00e30d63 beq              x6, x14, 26          x6:12af5aba x14:12af5aba
18272280ns          303800 1c00821e 00178793 addi             x15, x15, 1         x15=00000002 x15:00000001
18272737ns          303823 1c008220 000a2703 lw               x14, 0(x20)         x14=9eb30844 x20:1c0010cc  PA:1c0010cc
18273055ns          303839 1c008224 00fba023 sw               x15, 0(x23)         x15:00000002 x23:1c001324  PA:1c001324
18273394ns          303856 1c008228 320d8313 addi             x6, x27, 800         x6=1c001320 x27:1c001000
18273413ns          303857 1c00822c 01100633 add              x12, x0, x17        x12=9eb30844 x17:9eb30844
18273433ns          303858 1c00822e 00e006b3 add              x13, x0, x14        x13=9eb30844 x14:9eb30844
18273453ns          303859 1c008230 03ca8593 addi             x11, x21, 60        x11=1c00003c x21:1c000000
18273473ns          303860 1c008234 7d4d0513 addi             x10, x26, 2004      x10=1c0007d4 x26:1c000000
18273493ns          303861 1c008238 01170b63 beq              x14, x17, 22        x14:9eb30844 x17:9eb30844
18273970ns          303885 1c00824e 00178793 addi             x15, x15, 1         x15=00000003 x15:00000002
18274408ns          303907 1c008250 1c000537 lui              x10, 0x1c000000     x10=1c000000
18274448ns          303909 1c008254 00fba023 sw               x15, 0(x23)         x15:00000003 x23:1c001324  PA:1c001324
18274786ns          303926 1c008258 05c50593 addi             x11, x10, 92        x11=1c00005c x10:1c000000
18274806ns          303927 1c00825c 320d8713 addi             x14, x27, 800       x14=1c001320 x27:1c001000
18274925ns          303933 1c008260 013006b3 add              x13, x0, x19        x13=1c0010d0 x19:1c0010d0
18274945ns          303934 1c008262 01200633 add              x12, x0, x18        x12=1c0010d0 x18:1c0010d0
18274965ns          303935 1c008264 7d4d0513 addi             x10, x26, 2004      x10=1c0007d4 x26:1c000000
18274985ns          303936 1c008268 01390963 beq              x18, x19, 18        x18:1c0010d0 x19:1c0010d0
18275482ns          303961 1c00827a 008a0a13 addi             x20, x20, 8         x20=1c0010d4 x20:1c0010cc
18275502ns          303962 1c00827c f5999fe3 bne              x19, x25, -162      x19:1c0010d0 x25:1c001118
18276019ns          303988 1c0081da 01800733 add              x14, x0, x24        x14=00000000 x24:00000000
18276059ns          303990 1c0081dc 01300933 add              x18, x0, x19        x18=1c0010d0 x19:1c0010d0
18276079ns          303991 1c0081de 018008b3 add              x17, x0, x24        x17=00000000 x24:00000000
18276099ns          303992 1c0081e0 0049270b p.lw             x14, 4(x18!)        x14=2cbd4ba4 x18=1c0010d4 x18:1c0010d0  PA:1c0010d0
18276397ns          304007 1c0081e4 0049288b p.lw             x17, 4(x18!)        x17=c89cb964 x18=1c0010d8 x18:1c0010d4  PA:1c0010d4
18276695ns          304022 1c0081e8 0009a303 lw               x6, 0(x19)           x6=2cbd4ba4 x19:1c0010d0  PA:1c0010d0
18276994ns          304037 1c0081ec 00178793 addi             x15, x15, 1         x15=00000004 x15:00000003
18277014ns          304038 1c0081ee 00fba023 sw               x15, 0(x23)         x15:00000004 x23:1c001324  PA:1c001324
18277372ns          304056 1c0081f2 320d8e13 addi             x28, x27, 800       x28=1c001320 x27:1c001000
18277392ns          304057 1c0081f6 00e00633 add              x12, x0, x14        x12=2cbd4ba4 x14:2cbd4ba4
18277411ns          304058 1c0081f8 006006b3 add              x13, x0, x6         x13=2cbd4ba4  x6:2cbd4ba4
18277431ns          304059 1c0081fa 01cb0593 addi             x11, x22, 28        x11=1c00001c x22:1c000000
18277451ns          304060 1c0081fe 7d4d0513 addi             x10, x26, 2004      x10=1c0007d4 x26:1c000000
18277471ns          304061 1c008202 00898993 addi             x19, x19, 8         x19=1c0010d8 x19:1c0010d0
18277491ns          304062 1c008204 00e30d63 beq              x6, x14, 26          x6:2cbd4ba4 x14:2cbd4ba4
18277551ns          304065 1c00821e 00178793 addi             x15, x15, 1         x15=00000005 x15:00000004
18277571ns          304066 1c008220 000a2703 lw               x14, 0(x20)         x14=c89cb964 x20:1c0010d4  PA:1c0010d4
18277869ns          304081 1c008224 00fba023 sw               x15, 0(x23)         x15:00000005 x23:1c001324  PA:1c001324
18278187ns          304097 1c008228 320d8313 addi             x6, x27, 800         x6=1c001320 x27:1c001000
18278207ns          304098 1c00822c 01100633 add              x12, x0, x17        x12=c89cb964 x17:c89cb964
18278227ns          304099 1c00822e 00e006b3 add              x13, x0, x14        x13=c89cb964 x14:c89cb964
18278247ns          304100 1c008230 03ca8593 addi             x11, x21, 60        x11=1c00003c x21:1c000000
18278267ns          304101 1c008234 7d4d0513 addi             x10, x26, 2004      x10=1c0007d4 x26:1c000000
18278287ns          304102 1c008238 01170b63 beq              x14, x17, 22        x14:c89cb964 x17:c89cb964
18278346ns          304105 1c00824e 00178793 addi             x15, x15, 1         x15=00000006 x15:00000005
18278406ns          304108 1c008250 1c000537 lui              x10, 0x1c000000     x10=1c000000
18278446ns          304110 1c008254 00fba023 sw               x15, 0(x23)         x15:00000006 x23:1c001324  PA:1c001324
18278784ns          304127 1c008258 05c50593 addi             x11, x10, 92        x11=1c00005c x10:1c000000
18278804ns          304128 1c00825c 320d8713 addi             x14, x27, 800       x14=1c001320 x27:1c001000
18278824ns          304129 1c008260 013006b3 add              x13, x0, x19        x13=1c0010d8 x19:1c0010d8
18278844ns          304130 1c008262 01200633 add              x12, x0, x18        x12=1c0010d8 x18:1c0010d8
18278863ns          304131 1c008264 7d4d0513 addi             x10, x26, 2004      x10=1c0007d4 x26:1c000000
18278883ns          304132 1c008268 01390963 beq              x18, x19, 18        x18:1c0010d8 x19:1c0010d8
18278943ns          304135 1c00827a 008a0a13 addi             x20, x20, 8         x20=1c0010dc x20:1c0010d4
18278963ns          304136 1c00827c f5999fe3 bne              x19, x25, -162      x19:1c0010d8 x25:1c001118
18279023ns          304139 1c0081da 01800733 add              x14, x0, x24        x14=00000000 x24:00000000
18279042ns          304140 1c0081dc 01300933 add              x18, x0, x19        x18=1c0010d8 x19:1c0010d8
18279062ns          304141 1c0081de 018008b3 add              x17, x0, x24        x17=00000000 x24:00000000
18279082ns          304142 1c0081e0 0049270b p.lw             x14, 4(x18!)        x14=0f950d16 x18=1c0010dc x18:1c0010d8  PA:1c0010d8
18279381ns          304157 1c0081e4 0049288b p.lw             x17, 4(x18!)        x17=7b066b95 x18=1c0010e0 x18:1c0010dc  PA:1c0010dc
18279679ns          304172 1c0081e8 0009a303 lw               x6, 0(x19)           x6=0f950d16 x19:1c0010d8  PA:1c0010d8
18279997ns          304188 1c0081ec 00178793 addi             x15, x15, 1         x15=00000007 x15:00000006
18280017ns          304189 1c0081ee 00fba023 sw               x15, 0(x23)         x15:00000007 x23:1c001324  PA:1c001324
18280335ns          304205 1c0081f2 320d8e13 addi             x28, x27, 800       x28=1c001320 x27:1c001000
18280355ns          304206 1c0081f6 00e00633 add              x12, x0, x14        x12=0f950d16 x14:0f950d16
18280375ns          304207 1c0081f8 006006b3 add              x13, x0, x6         x13=0f950d16  x6:0f950d16
18280395ns          304208 1c0081fa 01cb0593 addi             x11, x22, 28        x11=1c00001c x22:1c000000
18280415ns          304209 1c0081fe 7d4d0513 addi             x10, x26, 2004      x10=1c0007d4 x26:1c000000
18280435ns          304210 1c008202 00898993 addi             x19, x19, 8         x19=1c0010e0 x19:1c0010d8
18280455ns          304211 1c008204 00e30d63 beq              x6, x14, 26          x6:0f950d16 x14:0f950d16
18280514ns          304214 1c00821e 00178793 addi             x15, x15, 1         x15=00000008 x15:00000007
18280534ns          304215 1c008220 000a2703 lw               x14, 0(x20)         x14=7b066b95 x20:1c0010dc  PA:1c0010dc
18280833ns          304230 1c008224 00fba023 sw               x15, 0(x23)         x15:00000008 x23:1c001324  PA:1c001324
18281151ns          304246 1c008228 320d8313 addi             x6, x27, 800         x6=1c001320 x27:1c001000
18281171ns          304247 1c00822c 01100633 add              x12, x0, x17        x12=7b066b95 x17:7b066b95
18281191ns          304248 1c00822e 00e006b3 add              x13, x0, x14        x13=7b066b95 x14:7b066b95
18281211ns          304249 1c008230 03ca8593 addi             x11, x21, 60        x11=1c00003c x21:1c000000
18281230ns          304250 1c008234 7d4d0513 addi             x10, x26, 2004      x10=1c0007d4 x26:1c000000
18281250ns          304251 1c008238 01170b63 beq              x14, x17, 22        x14:7b066b95 x17:7b066b95
18281310ns          304254 1c00824e 00178793 addi             x15, x15, 1         x15=00000009 x15:00000008
18281330ns          304255 1c008250 1c000537 lui              x10, 0x1c000000     x10=1c000000
18281350ns          304256 1c008254 00fba023 sw               x15, 0(x23)         x15:00000009 x23:1c001324  PA:1c001324
18281668ns          304272 1c008258 05c50593 addi             x11, x10, 92        x11=1c00005c x10:1c000000
18281688ns          304273 1c00825c 320d8713 addi             x14, x27, 800       x14=1c001320 x27:1c001000
18281708ns          304274 1c008260 013006b3 add              x13, x0, x19        x13=1c0010e0 x19:1c0010e0
18281728ns          304275 1c008262 01200633 add              x12, x0, x18        x12=1c0010e0 x18:1c0010e0
18281748ns          304276 1c008264 7d4d0513 addi             x10, x26, 2004      x10=1c0007d4 x26:1c000000
18281768ns          304277 1c008268 01390963 beq              x18, x19, 18        x18:1c0010e0 x19:1c0010e0
18281827ns          304280 1c00827a 008a0a13 addi             x20, x20, 8         x20=1c0010e4 x20:1c0010dc
18281847ns          304281 1c00827c f5999fe3 bne              x19, x25, -162      x19:1c0010e0 x25:1c001118
18281907ns          304284 1c0081da 01800733 add              x14, x0, x24        x14=00000000 x24:00000000
18281927ns          304285 1c0081dc 01300933 add              x18, x0, x19        x18=1c0010e0 x19:1c0010e0
18281947ns          304286 1c0081de 018008b3 add              x17, x0, x24        x17=00000000 x24:00000000
18281966ns          304287 1c0081e0 0049270b p.lw             x14, 4(x18!)        x14=66c85808 x18=1c0010e4 x18:1c0010e0  PA:1c0010e0
18282265ns          304302 1c0081e4 0049288b p.lw             x17, 4(x18!)        x17=78feb840 x18=1c0010e8 x18:1c0010e4  PA:1c0010e4
18282563ns          304317 1c0081e8 0009a303 lw               x6, 0(x19)           x6=66c85808 x19:1c0010e0  PA:1c0010e0
18282862ns          304332 1c0081ec 00178793 addi             x15, x15, 1         x15=0000000a x15:00000009
18282881ns          304333 1c0081ee 00fba023 sw               x15, 0(x23)         x15:0000000a x23:1c001324  PA:1c001324
18283220ns          304350 1c0081f2 320d8e13 addi             x28, x27, 800       x28=1c001320 x27:1c001000
18283239ns          304351 1c0081f6 00e00633 add              x12, x0, x14        x12=66c85808 x14:66c85808
18283259ns          304352 1c0081f8 006006b3 add              x13, x0, x6         x13=66c85808  x6:66c85808
18283279ns          304353 1c0081fa 01cb0593 addi             x11, x22, 28        x11=1c00001c x22:1c000000
18283299ns          304354 1c0081fe 7d4d0513 addi             x10, x26, 2004      x10=1c0007d4 x26:1c000000
18283319ns          304355 1c008202 00898993 addi             x19, x19, 8         x19=1c0010e8 x19:1c0010e0
18283339ns          304356 1c008204 00e30d63 beq              x6, x14, 26          x6:66c85808 x14:66c85808
18283399ns          304359 1c00821e 00178793 addi             x15, x15, 1         x15=0000000b x15:0000000a
18283418ns          304360 1c008220 000a2703 lw               x14, 0(x20)         x14=78feb840 x20:1c0010e4  PA:1c0010e4
18283717ns          304375 1c008224 00fba023 sw               x15, 0(x23)         x15:0000000b x23:1c001324  PA:1c001324
18284055ns          304392 1c008228 320d8313 addi             x6, x27, 800         x6=1c001320 x27:1c001000
18284075ns          304393 1c00822c 01100633 add              x12, x0, x17        x12=78feb840 x17:78feb840
18284095ns          304394 1c00822e 00e006b3 add              x13, x0, x14        x13=78feb840 x14:78feb840
18284115ns          304395 1c008230 03ca8593 addi             x11, x21, 60        x11=1c00003c x21:1c000000
18284135ns          304396 1c008234 7d4d0513 addi             x10, x26, 2004      x10=1c0007d4 x26:1c000000
18284154ns          304397 1c008238 01170b63 beq              x14, x17, 22        x14:78feb840 x17:78feb840
18284214ns          304400 1c00824e 00178793 addi             x15, x15, 1         x15=0000000c x15:0000000b
18284234ns          304401 1c008250 1c000537 lui              x10, 0x1c000000     x10=1c000000
18284254ns          304402 1c008254 00fba023 sw               x15, 0(x23)         x15:0000000c x23:1c001324  PA:1c001324
18284572ns          304418 1c008258 05c50593 addi             x11, x10, 92        x11=1c00005c x10:1c000000
18284592ns          304419 1c00825c 320d8713 addi             x14, x27, 800       x14=1c001320 x27:1c001000
18284612ns          304420 1c008260 013006b3 add              x13, x0, x19        x13=1c0010e8 x19:1c0010e8
18284632ns          304421 1c008262 01200633 add              x12, x0, x18        x12=1c0010e8 x18:1c0010e8
18284652ns          304422 1c008264 7d4d0513 addi             x10, x26, 2004      x10=1c0007d4 x26:1c000000
18284672ns          304423 1c008268 01390963 beq              x18, x19, 18        x18:1c0010e8 x19:1c0010e8
18284731ns          304426 1c00827a 008a0a13 addi             x20, x20, 8         x20=1c0010ec x20:1c0010e4
18284751ns          304427 1c00827c f5999fe3 bne              x19, x25, -162      x19:1c0010e8 x25:1c001118
18284811ns          304430 1c0081da 01800733 add              x14, x0, x24        x14=00000000 x24:00000000
18284831ns          304431 1c0081dc 01300933 add              x18, x0, x19        x18=1c0010e8 x19:1c0010e8
18284851ns          304432 1c0081de 018008b3 add              x17, x0, x24        x17=00000000 x24:00000000
18284870ns          304433 1c0081e0 0049270b p.lw             x14, 4(x18!)        x14=e8259fd0 x18=1c0010ec x18:1c0010e8  PA:1c0010e8
18285169ns          304448 1c0081e4 0049288b p.lw             x17, 4(x18!)        x17=24d59323 x18=1c0010f0 x18:1c0010ec  PA:1c0010ec
18285467ns          304463 1c0081e8 0009a303 lw               x6, 0(x19)           x6=e8259fd0 x19:1c0010e8  PA:1c0010e8
18285766ns          304478 1c0081ec 00178793 addi             x15, x15, 1         x15=0000000d x15:0000000c
18285785ns          304479 1c0081ee 00fba023 sw               x15, 0(x23)         x15:0000000d x23:1c001324  PA:1c001324
18286104ns          304495 1c0081f2 320d8e13 addi             x28, x27, 800       x28=1c001320 x27:1c001000
18286124ns          304496 1c0081f6 00e00633 add              x12, x0, x14        x12=e8259fd0 x14:e8259fd0
18286143ns          304497 1c0081f8 006006b3 add              x13, x0, x6         x13=e8259fd0  x6:e8259fd0
18286163ns          304498 1c0081fa 01cb0593 addi             x11, x22, 28        x11=1c00001c x22:1c000000
18286183ns          304499 1c0081fe 7d4d0513 addi             x10, x26, 2004      x10=1c0007d4 x26:1c000000
18286203ns          304500 1c008202 00898993 addi             x19, x19, 8         x19=1c0010f0 x19:1c0010e8
18286223ns          304501 1c008204 00e30d63 beq              x6, x14, 26          x6:e8259fd0 x14:e8259fd0
18286283ns          304504 1c00821e 00178793 addi             x15, x15, 1         x15=0000000e x15:0000000d
18286303ns          304505 1c008220 000a2703 lw               x14, 0(x20)         x14=24d59323 x20:1c0010ec  PA:1c0010ec
18286621ns          304521 1c008224 00fba023 sw               x15, 0(x23)         x15:0000000e x23:1c001324  PA:1c001324
18286959ns          304538 1c008228 320d8313 addi             x6, x27, 800         x6=1c001320 x27:1c001000
18286979ns          304539 1c00822c 01100633 add              x12, x0, x17        x12=24d59323 x17:24d59323
18286999ns          304540 1c00822e 00e006b3 add              x13, x0, x14        x13=24d59323 x14:24d59323
18287019ns          304541 1c008230 03ca8593 addi             x11, x21, 60        x11=1c00003c x21:1c000000
18287039ns          304542 1c008234 7d4d0513 addi             x10, x26, 2004      x10=1c0007d4 x26:1c000000
18287058ns          304543 1c008238 01170b63 beq              x14, x17, 22        x14:24d59323 x17:24d59323
18287118ns          304546 1c00824e 00178793 addi             x15, x15, 1         x15=0000000f x15:0000000e
18287138ns          304547 1c008250 1c000537 lui              x10, 0x1c000000     x10=1c000000
18287158ns          304548 1c008254 00fba023 sw               x15, 0(x23)         x15:0000000f x23:1c001324  PA:1c001324
18287476ns          304564 1c008258 05c50593 addi             x11, x10, 92        x11=1c00005c x10:1c000000
18287496ns          304565 1c00825c 320d8713 addi             x14, x27, 800       x14=1c001320 x27:1c001000
18287516ns          304566 1c008260 013006b3 add              x13, x0, x19        x13=1c0010f0 x19:1c0010f0
18287536ns          304567 1c008262 01200633 add              x12, x0, x18        x12=1c0010f0 x18:1c0010f0
18287556ns          304568 1c008264 7d4d0513 addi             x10, x26, 2004      x10=1c0007d4 x26:1c000000
18287576ns          304569 1c008268 01390963 beq              x18, x19, 18        x18:1c0010f0 x19:1c0010f0
18287635ns          304572 1c00827a 008a0a13 addi             x20, x20, 8         x20=1c0010f4 x20:1c0010ec
18287655ns          304573 1c00827c f5999fe3 bne              x19, x25, -162      x19:1c0010f0 x25:1c001118
18287715ns          304576 1c0081da 01800733 add              x14, x0, x24        x14=00000000 x24:00000000
18287735ns          304577 1c0081dc 01300933 add              x18, x0, x19        x18=1c0010f0 x19:1c0010f0
18287755ns          304578 1c0081de 018008b3 add              x17, x0, x24        x17=00000000 x24:00000000
18287775ns          304579 1c0081e0 0049270b p.lw             x14, 4(x18!)        x14=b8c75c4c x18=1c0010f4 x18:1c0010f0  PA:1c0010f0
18288073ns          304594 1c0081e4 0049288b p.lw             x17, 4(x18!)        x17=e0398ec3 x18=1c0010f8 x18:1c0010f4  PA:1c0010f4
18288371ns          304609 1c0081e8 0009a303 lw               x6, 0(x19)           x6=b8c75c4c x19:1c0010f0  PA:1c0010f0
18288670ns          304624 1c0081ec 00178793 addi             x15, x15, 1         x15=00000010 x15:0000000f
18288689ns          304625 1c0081ee 00fba023 sw               x15, 0(x23)         x15:00000010 x23:1c001324  PA:1c001324
18289008ns          304641 1c0081f2 320d8e13 addi             x28, x27, 800       x28=1c001320 x27:1c001000
18289028ns          304642 1c0081f6 00e00633 add              x12, x0, x14        x12=b8c75c4c x14:b8c75c4c
18289048ns          304643 1c0081f8 006006b3 add              x13, x0, x6         x13=b8c75c4c  x6:b8c75c4c
18289067ns          304644 1c0081fa 01cb0593 addi             x11, x22, 28        x11=1c00001c x22:1c000000
18289087ns          304645 1c0081fe 7d4d0513 addi             x10, x26, 2004      x10=1c0007d4 x26:1c000000
18289107ns          304646 1c008202 00898993 addi             x19, x19, 8         x19=1c0010f8 x19:1c0010f0
18289127ns          304647 1c008204 00e30d63 beq              x6, x14, 26          x6:b8c75c4c x14:b8c75c4c
18289187ns          304650 1c00821e 00178793 addi             x15, x15, 1         x15=00000011 x15:00000010
18289207ns          304651 1c008220 000a2703 lw               x14, 0(x20)         x14=e0398ec3 x20:1c0010f4  PA:1c0010f4
18289505ns          304666 1c008224 00fba023 sw               x15, 0(x23)         x15:00000011 x23:1c001324  PA:1c001324
18289823ns          304682 1c008228 320d8313 addi             x6, x27, 800         x6=1c001320 x27:1c001000
18289843ns          304683 1c00822c 01100633 add              x12, x0, x17        x12=e0398ec3 x17:e0398ec3
18289863ns          304684 1c00822e 00e006b3 add              x13, x0, x14        x13=e0398ec3 x14:e0398ec3
18289883ns          304685 1c008230 03ca8593 addi             x11, x21, 60        x11=1c00003c x21:1c000000
18289903ns          304686 1c008234 7d4d0513 addi             x10, x26, 2004      x10=1c0007d4 x26:1c000000
18289923ns          304687 1c008238 01170b63 beq              x14, x17, 22        x14:e0398ec3 x17:e0398ec3
18289982ns          304690 1c00824e 00178793 addi             x15, x15, 1         x15=00000012 x15:00000011
18290002ns          304691 1c008250 1c000537 lui              x10, 0x1c000000     x10=1c000000
18290022ns          304692 1c008254 00fba023 sw               x15, 0(x23)         x15:00000012 x23:1c001324  PA:1c001324
18290340ns          304708 1c008258 05c50593 addi             x11, x10, 92        x11=1c00005c x10:1c000000
18290360ns          304709 1c00825c 320d8713 addi             x14, x27, 800       x14=1c001320 x27:1c001000
18290380ns          304710 1c008260 013006b3 add              x13, x0, x19        x13=1c0010f8 x19:1c0010f8
18290400ns          304711 1c008262 01200633 add              x12, x0, x18        x12=1c0010f8 x18:1c0010f8
18290420ns          304712 1c008264 7d4d0513 addi             x10, x26, 2004      x10=1c0007d4 x26:1c000000
18290440ns          304713 1c008268 01390963 beq              x18, x19, 18        x18:1c0010f8 x19:1c0010f8
18290500ns          304716 1c00827a 008a0a13 addi             x20, x20, 8         x20=1c0010fc x20:1c0010f4
18290519ns          304717 1c00827c f5999fe3 bne              x19, x25, -162      x19:1c0010f8 x25:1c001118
18290579ns          304720 1c0081da 01800733 add              x14, x0, x24        x14=00000000 x24:00000000
18290599ns          304721 1c0081dc 01300933 add              x18, x0, x19        x18=1c0010f8 x19:1c0010f8
18290619ns          304722 1c0081de 018008b3 add              x17, x0, x24        x17=00000000 x24:00000000
18290639ns          304723 1c0081e0 0049270b p.lw             x14, 4(x18!)        x14=3d3d058e x18=1c0010fc x18:1c0010f8  PA:1c0010f8
18290937ns          304738 1c0081e4 0049288b p.lw             x17, 4(x18!)        x17=19f7aaab x18=1c001100 x18:1c0010fc  PA:1c0010fc
18291236ns          304753 1c0081e8 0009a303 lw               x6, 0(x19)           x6=3d3d058e x19:1c0010f8  PA:1c0010f8
18291534ns          304768 1c0081ec 00178793 addi             x15, x15, 1         x15=00000013 x15:00000012
18291554ns          304769 1c0081ee 00fba023 sw               x15, 0(x23)         x15:00000013 x23:1c001324  PA:1c001324
18291892ns          304786 1c0081f2 320d8e13 addi             x28, x27, 800       x28=1c001320 x27:1c001000
18291912ns          304787 1c0081f6 00e00633 add              x12, x0, x14        x12=3d3d058e x14:3d3d058e
18291932ns          304788 1c0081f8 006006b3 add              x13, x0, x6         x13=3d3d058e  x6:3d3d058e
18291952ns          304789 1c0081fa 01cb0593 addi             x11, x22, 28        x11=1c00001c x22:1c000000
18291971ns          304790 1c0081fe 7d4d0513 addi             x10, x26, 2004      x10=1c0007d4 x26:1c000000
18291991ns          304791 1c008202 00898993 addi             x19, x19, 8         x19=1c001100 x19:1c0010f8
18292011ns          304792 1c008204 00e30d63 beq              x6, x14, 26          x6:3d3d058e x14:3d3d058e
18292071ns          304795 1c00821e 00178793 addi             x15, x15, 1         x15=00000014 x15:00000013
18292091ns          304796 1c008220 000a2703 lw               x14, 0(x20)         x14=19f7aaab x20:1c0010fc  PA:1c0010fc
18292409ns          304812 1c008224 00fba023 sw               x15, 0(x23)         x15:00000014 x23:1c001324  PA:1c001324
18292727ns          304828 1c008228 320d8313 addi             x6, x27, 800         x6=1c001320 x27:1c001000
18292747ns          304829 1c00822c 01100633 add              x12, x0, x17        x12=19f7aaab x17:19f7aaab
18292767ns          304830 1c00822e 00e006b3 add              x13, x0, x14        x13=19f7aaab x14:19f7aaab
18292787ns          304831 1c008230 03ca8593 addi             x11, x21, 60        x11=1c00003c x21:1c000000
18292807ns          304832 1c008234 7d4d0513 addi             x10, x26, 2004      x10=1c0007d4 x26:1c000000
18292827ns          304833 1c008238 01170b63 beq              x14, x17, 22        x14:19f7aaab x17:19f7aaab
18292886ns          304836 1c00824e 00178793 addi             x15, x15, 1         x15=00000015 x15:00000014
18292906ns          304837 1c008250 1c000537 lui              x10, 0x1c000000     x10=1c000000
18292926ns          304838 1c008254 00fba023 sw               x15, 0(x23)         x15:00000015 x23:1c001324  PA:1c001324
18293264ns          304855 1c008258 05c50593 addi             x11, x10, 92        x11=1c00005c x10:1c000000
18293284ns          304856 1c00825c 320d8713 addi             x14, x27, 800       x14=1c001320 x27:1c001000
18293304ns          304857 1c008260 013006b3 add              x13, x0, x19        x13=1c001100 x19:1c001100
18293324ns          304858 1c008262 01200633 add              x12, x0, x18        x12=1c001100 x18:1c001100
18293344ns          304859 1c008264 7d4d0513 addi             x10, x26, 2004      x10=1c0007d4 x26:1c000000
18293364ns          304860 1c008268 01390963 beq              x18, x19, 18        x18:1c001100 x19:1c001100
18293423ns          304863 1c00827a 008a0a13 addi             x20, x20, 8         x20=1c001104 x20:1c0010fc
18293443ns          304864 1c00827c f5999fe3 bne              x19, x25, -162      x19:1c001100 x25:1c001118
18293503ns          304867 1c0081da 01800733 add              x14, x0, x24        x14=00000000 x24:00000000
18293523ns          304868 1c0081dc 01300933 add              x18, x0, x19        x18=1c001100 x19:1c001100
18293543ns          304869 1c0081de 018008b3 add              x17, x0, x24        x17=00000000 x24:00000000
18293563ns          304870 1c0081e0 0049270b p.lw             x14, 4(x18!)        x14=5bc00124 x18=1c001104 x18:1c001100  PA:1c001100
18293861ns          304885 1c0081e4 0049288b p.lw             x17, 4(x18!)        x17=759c6244 x18=1c001108 x18:1c001104  PA:1c001104
18294159ns          304900 1c0081e8 0009a303 lw               x6, 0(x19)           x6=5bc00124 x19:1c001100  PA:1c001100
18294458ns          304915 1c0081ec 00178793 addi             x15, x15, 1         x15=00000016 x15:00000015
18294478ns          304916 1c0081ee 00fba023 sw               x15, 0(x23)         x15:00000016 x23:1c001324  PA:1c001324
18294796ns          304932 1c0081f2 320d8e13 addi             x28, x27, 800       x28=1c001320 x27:1c001000
18294816ns          304933 1c0081f6 00e00633 add              x12, x0, x14        x12=5bc00124 x14:5bc00124
18294836ns          304934 1c0081f8 006006b3 add              x13, x0, x6         x13=5bc00124  x6:5bc00124
18294856ns          304935 1c0081fa 01cb0593 addi             x11, x22, 28        x11=1c00001c x22:1c000000
18294876ns          304936 1c0081fe 7d4d0513 addi             x10, x26, 2004      x10=1c0007d4 x26:1c000000
18294895ns          304937 1c008202 00898993 addi             x19, x19, 8         x19=1c001108 x19:1c001100
18294915ns          304938 1c008204 00e30d63 beq              x6, x14, 26          x6:5bc00124 x14:5bc00124
18294975ns          304941 1c00821e 00178793 addi             x15, x15, 1         x15=00000017 x15:00000016
18294995ns          304942 1c008220 000a2703 lw               x14, 0(x20)         x14=759c6244 x20:1c001104  PA:1c001104
18295293ns          304957 1c008224 00fba023 sw               x15, 0(x23)         x15:00000017 x23:1c001324  PA:1c001324
18295631ns          304974 1c008228 320d8313 addi             x6, x27, 800         x6=1c001320 x27:1c001000
18295651ns          304975 1c00822c 01100633 add              x12, x0, x17        x12=759c6244 x17:759c6244
18295671ns          304976 1c00822e 00e006b3 add              x13, x0, x14        x13=759c6244 x14:759c6244
18295691ns          304977 1c008230 03ca8593 addi             x11, x21, 60        x11=1c00003c x21:1c000000
18295711ns          304978 1c008234 7d4d0513 addi             x10, x26, 2004      x10=1c0007d4 x26:1c000000
18295731ns          304979 1c008238 01170b63 beq              x14, x17, 22        x14:759c6244 x17:759c6244
18295790ns          304982 1c00824e 00178793 addi             x15, x15, 1         x15=00000018 x15:00000017
18295810ns          304983 1c008250 1c000537 lui              x10, 0x1c000000     x10=1c000000
18295830ns          304984 1c008254 00fba023 sw               x15, 0(x23)         x15:00000018 x23:1c001324  PA:1c001324
18296149ns          305000 1c008258 05c50593 addi             x11, x10, 92        x11=1c00005c x10:1c000000
18296168ns          305001 1c00825c 320d8713 addi             x14, x27, 800       x14=1c001320 x27:1c001000
18296188ns          305002 1c008260 013006b3 add              x13, x0, x19        x13=1c001108 x19:1c001108
18296208ns          305003 1c008262 01200633 add              x12, x0, x18        x12=1c001108 x18:1c001108
18296228ns          305004 1c008264 7d4d0513 addi             x10, x26, 2004      x10=1c0007d4 x26:1c000000
18296248ns          305005 1c008268 01390963 beq              x18, x19, 18        x18:1c001108 x19:1c001108
18296308ns          305008 1c00827a 008a0a13 addi             x20, x20, 8         x20=1c00110c x20:1c001104
18296328ns          305009 1c00827c f5999fe3 bne              x19, x25, -162      x19:1c001108 x25:1c001118
18296387ns          305012 1c0081da 01800733 add              x14, x0, x24        x14=00000000 x24:00000000
18296407ns          305013 1c0081dc 01300933 add              x18, x0, x19        x18=1c001108 x19:1c001108
18296427ns          305014 1c0081de 018008b3 add              x17, x0, x24        x17=00000000 x24:00000000
18296447ns          305015 1c0081e0 0049270b p.lw             x14, 4(x18!)        x14=93c9fa40 x18=1c00110c x18:1c001108  PA:1c001108
18296745ns          305030 1c0081e4 0049288b p.lw             x17, 4(x18!)        x17=f297b8e9 x18=1c001110 x18:1c00110c  PA:1c00110c
18297044ns          305045 1c0081e8 0009a303 lw               x6, 0(x19)           x6=93c9fa40 x19:1c001108  PA:1c001108
18297362ns          305061 1c0081ec 00178793 addi             x15, x15, 1         x15=00000019 x15:00000018
18297382ns          305062 1c0081ee 00fba023 sw               x15, 0(x23)         x15:00000019 x23:1c001324  PA:1c001324
18297700ns          305078 1c0081f2 320d8e13 addi             x28, x27, 800       x28=1c001320 x27:1c001000
18297720ns          305079 1c0081f6 00e00633 add              x12, x0, x14        x12=93c9fa40 x14:93c9fa40
18297740ns          305080 1c0081f8 006006b3 add              x13, x0, x6         x13=93c9fa40  x6:93c9fa40
18297760ns          305081 1c0081fa 01cb0593 addi             x11, x22, 28        x11=1c00001c x22:1c000000
18297780ns          305082 1c0081fe 7d4d0513 addi             x10, x26, 2004      x10=1c0007d4 x26:1c000000
18297799ns          305083 1c008202 00898993 addi             x19, x19, 8         x19=1c001110 x19:1c001108
18297819ns          305084 1c008204 00e30d63 beq              x6, x14, 26          x6:93c9fa40 x14:93c9fa40
18297879ns          305087 1c00821e 00178793 addi             x15, x15, 1         x15=0000001a x15:00000019
18297899ns          305088 1c008220 000a2703 lw               x14, 0(x20)         x14=f297b8e9 x20:1c00110c  PA:1c00110c
18298197ns          305103 1c008224 00fba023 sw               x15, 0(x23)         x15:0000001a x23:1c001324  PA:1c001324
18298516ns          305119 1c008228 320d8313 addi             x6, x27, 800         x6=1c001320 x27:1c001000
18298535ns          305120 1c00822c 01100633 add              x12, x0, x17        x12=f297b8e9 x17:f297b8e9
18298555ns          305121 1c00822e 00e006b3 add              x13, x0, x14        x13=f297b8e9 x14:f297b8e9
18298575ns          305122 1c008230 03ca8593 addi             x11, x21, 60        x11=1c00003c x21:1c000000
18298595ns          305123 1c008234 7d4d0513 addi             x10, x26, 2004      x10=1c0007d4 x26:1c000000
18298615ns          305124 1c008238 01170b63 beq              x14, x17, 22        x14:f297b8e9 x17:f297b8e9
18298675ns          305127 1c00824e 00178793 addi             x15, x15, 1         x15=0000001b x15:0000001a
18298695ns          305128 1c008250 1c000537 lui              x10, 0x1c000000     x10=1c000000
18298714ns          305129 1c008254 00fba023 sw               x15, 0(x23)         x15:0000001b x23:1c001324  PA:1c001324
18299033ns          305145 1c008258 05c50593 addi             x11, x10, 92        x11=1c00005c x10:1c000000
18299053ns          305146 1c00825c 320d8713 addi             x14, x27, 800       x14=1c001320 x27:1c001000
18299072ns          305147 1c008260 013006b3 add              x13, x0, x19        x13=1c001110 x19:1c001110
18299092ns          305148 1c008262 01200633 add              x12, x0, x18        x12=1c001110 x18:1c001110
18299112ns          305149 1c008264 7d4d0513 addi             x10, x26, 2004      x10=1c0007d4 x26:1c000000
18299132ns          305150 1c008268 01390963 beq              x18, x19, 18        x18:1c001110 x19:1c001110
18299192ns          305153 1c00827a 008a0a13 addi             x20, x20, 8         x20=1c001114 x20:1c00110c
18299212ns          305154 1c00827c f5999fe3 bne              x19, x25, -162      x19:1c001110 x25:1c001118
18299271ns          305157 1c0081da 01800733 add              x14, x0, x24        x14=00000000 x24:00000000
18299291ns          305158 1c0081dc 01300933 add              x18, x0, x19        x18=1c001110 x19:1c001110
18299311ns          305159 1c0081de 018008b3 add              x17, x0, x24        x17=00000000 x24:00000000
18299331ns          305160 1c0081e0 0049270b p.lw             x14, 4(x18!)        x14=12a9a6e1 x18=1c001114 x18:1c001110  PA:1c001110
18299629ns          305175 1c0081e4 0049288b p.lw             x17, 4(x18!)        x17=6d6647d7 x18=1c001118 x18:1c001114  PA:1c001114
18299948ns          305191 1c0081e8 0009a303 lw               x6, 0(x19)           x6=12a9a6e1 x19:1c001110  PA:1c001110
18300246ns          305206 1c0081ec 00178793 addi             x15, x15, 1         x15=0000001c x15:0000001b
18300266ns          305207 1c0081ee 00fba023 sw               x15, 0(x23)         x15:0000001c x23:1c001324  PA:1c001324
18300584ns          305223 1c0081f2 320d8e13 addi             x28, x27, 800       x28=1c001320 x27:1c001000
18300604ns          305224 1c0081f6 00e00633 add              x12, x0, x14        x12=12a9a6e1 x14:12a9a6e1
18300624ns          305225 1c0081f8 006006b3 add              x13, x0, x6         x13=12a9a6e1  x6:12a9a6e1
18300644ns          305226 1c0081fa 01cb0593 addi             x11, x22, 28        x11=1c00001c x22:1c000000
18300664ns          305227 1c0081fe 7d4d0513 addi             x10, x26, 2004      x10=1c0007d4 x26:1c000000
18300684ns          305228 1c008202 00898993 addi             x19, x19, 8         x19=1c001118 x19:1c001110
18300704ns          305229 1c008204 00e30d63 beq              x6, x14, 26          x6:12a9a6e1 x14:12a9a6e1
18300763ns          305232 1c00821e 00178793 addi             x15, x15, 1         x15=0000001d x15:0000001c
18300783ns          305233 1c008220 000a2703 lw               x14, 0(x20)         x14=6d6647d7 x20:1c001114  PA:1c001114
18301081ns          305248 1c008224 00fba023 sw               x15, 0(x23)         x15:0000001d x23:1c001324  PA:1c001324
18301400ns          305264 1c008228 320d8313 addi             x6, x27, 800         x6=1c001320 x27:1c001000
18301420ns          305265 1c00822c 01100633 add              x12, x0, x17        x12=6d6647d7 x17:6d6647d7
18301439ns          305266 1c00822e 00e006b3 add              x13, x0, x14        x13=6d6647d7 x14:6d6647d7
18301459ns          305267 1c008230 03ca8593 addi             x11, x21, 60        x11=1c00003c x21:1c000000
18301479ns          305268 1c008234 7d4d0513 addi             x10, x26, 2004      x10=1c0007d4 x26:1c000000
18301499ns          305269 1c008238 01170b63 beq              x14, x17, 22        x14:6d6647d7 x17:6d6647d7
18301559ns          305272 1c00824e 00178793 addi             x15, x15, 1         x15=0000001e x15:0000001d
18301579ns          305273 1c008250 1c000537 lui              x10, 0x1c000000     x10=1c000000
18301599ns          305274 1c008254 00fba023 sw               x15, 0(x23)         x15:0000001e x23:1c001324  PA:1c001324
18301917ns          305290 1c008258 05c50593 addi             x11, x10, 92        x11=1c00005c x10:1c000000
18301937ns          305291 1c00825c 320d8713 addi             x14, x27, 800       x14=1c001320 x27:1c001000
18301957ns          305292 1c008260 013006b3 add              x13, x0, x19        x13=1c001118 x19:1c001118
18301977ns          305293 1c008262 01200633 add              x12, x0, x18        x12=1c001118 x18:1c001118
18301996ns          305294 1c008264 7d4d0513 addi             x10, x26, 2004      x10=1c0007d4 x26:1c000000
18302016ns          305295 1c008268 01390963 beq              x18, x19, 18        x18:1c001118 x19:1c001118
18302076ns          305298 1c00827a 008a0a13 addi             x20, x20, 8         x20=1c00111c x20:1c001114
18302096ns          305299 1c00827c f5999fe3 bne              x19, x25, -162      x19:1c001118 x25:1c001118
18302116ns          305300 1c008280 00010a37 lui              x20, 0x10000        x20=00010000
18302136ns          305301 1c008282 00900b33 add              x22, x0, x9         x22=1c0010cc  x9:1c0010cc
18302156ns          305302 1c008284 00800933 add              x18, x0, x8         x18=1c0010c8  x8:1c0010c8
18302175ns          305303 1c008286 00000c93 addi             x25, x0, 0          x25=00000000
18302195ns          305304 1c008288 fffa0a13 addi             x20, x20, -1        x20=0000ffff x20:00010000
18302215ns          305305 1c00828a 1c001ab7 lui              x21, 0x1c001000     x21=1c001000
18302633ns          305326 1c00828e 1c000c37 lui              x24, 0x1c000000     x24=1c000000
18302673ns          305328 1c008292 1c000db7 lui              x27, 0x1c000000     x27=1c000000
18302693ns          305329 1c008296 01900733 add              x14, x0, x25        x14=00000000 x25:00000000
18302712ns          305330 1c008298 01200d33 add              x26, x0, x18        x26=1c0010c8 x18:1c0010c8
18302732ns          305331 1c00829a 01900e33 add              x28, x0, x25        x28=00000000 x25:00000000
18302752ns          305332 1c00829c 004d570b p.lhu            x14, 4(x26!)        x14=00005aba x26=1c0010cc x26:1c0010c8  PA:1c0010c8
18303170ns          305353 1c0082a0 004d5e0b p.lhu            x28, 4(x26!)        x28=00000844 x26=1c0010d0 x26:1c0010cc  PA:1c0010cc
18303468ns          305368 1c0082a4 00092803 lw               x16, 0(x18)         x16=12af5aba x18:1c0010c8  PA:1c0010c8
18303767ns          305383 1c0082a8 00178793 addi             x15, x15, 1         x15=0000001f x15:0000001e
18303787ns          305384 1c0082aa 01487833 and              x16, x16, x20       x16=00005aba x16:12af5aba x20:0000ffff
18303806ns          305385 1c0082ae 00fba023 sw               x15, 0(x23)         x15:0000001f x23:1c001324  PA:1c001324
18304125ns          305401 1c0082b2 320a8e93 addi             x29, x21, 800       x29=1c001320 x21:1c001000
18304145ns          305402 1c0082b6 00e00633 add              x12, x0, x14        x12=00005aba x14:00005aba
18304165ns          305403 1c0082b8 074c0593 addi             x11, x24, 116       x11=1c000074 x24:1c000000
18304184ns          305404 1c0082bc 7d4d8513 addi             x10, x27, 2004      x10=1c0007d4 x27:1c000000
18304304ns          305410 1c0082c0 010006b3 add              x13, x0, x16        x13=00005aba x16:00005aba
18304324ns          305411 1c0082c2 00890913 addi             x18, x18, 8         x18=1c0010d0 x18:1c0010c8
18304344ns          305412 1c0082c4 00e80d63 beq              x16, x14, 26        x16:00005aba x14:00005aba
18305298ns          305460 1c0082de 000b2703 lw               x14, 0(x22)         x14=9eb30844 x22:1c0010cc  PA:1c0010cc
18305597ns          305475 1c0082e2 00178793 addi             x15, x15, 1         x15=00000020 x15:0000001f
18305617ns          305476 1c0082e4 1c0006b7 lui              x13, 0x1c000000     x13=1c000000
18305636ns          305477 1c0082e8 01477733 and              x14, x14, x20       x14=00000844 x14:9eb30844 x20:0000ffff
18305656ns          305478 1c0082ec 00fba023 sw               x15, 0(x23)         x15:00000020 x23:1c001324  PA:1c001324
18305994ns          305495 1c0082f0 09468593 addi             x11, x13, 148       x11=1c000094 x13:1c000000
18306014ns          305496 1c0082f4 320a8813 addi             x16, x21, 800       x16=1c001320 x21:1c001000
18306034ns          305497 1c0082f8 01c00633 add              x12, x0, x28        x12=00000844 x28:00000844
18306054ns          305498 1c0082fa 7d4d8513 addi             x10, x27, 2004      x10=1c0007d4 x27:1c000000
18306074ns          305499 1c0082fe 00e006b3 add              x13, x0, x14        x13=00000844 x14:00000844
18306472ns          305519 1c008300 01c70b63 beq              x14, x28, 22        x14:00000844 x28:00000844
18306949ns          305543 1c008316 00178793 addi             x15, x15, 1         x15=00000021 x15:00000020
18306989ns          305545 1c008318 1c000537 lui              x10, 0x1c000000     x10=1c000000
18307009ns          305546 1c00831c 00fba023 sw               x15, 0(x23)         x15:00000021 x23:1c001324  PA:1c001324
18307446ns          305568 1c008320 0b450593 addi             x11, x10, 180       x11=1c0000b4 x10:1c000000
18307486ns          305570 1c008324 320a8713 addi             x14, x21, 800       x14=1c001320 x21:1c001000
18307506ns          305571 1c008328 012006b3 add              x13, x0, x18        x13=1c0010d0 x18:1c0010d0
18307526ns          305572 1c00832a 01a00633 add              x12, x0, x26        x12=1c0010d0 x26:1c0010d0
18307546ns          305573 1c00832c 7d4d8513 addi             x10, x27, 2004      x10=1c0007d4 x27:1c000000
18307984ns          305595 1c008330 012d0963 beq              x26, x18, 18        x26:1c0010d0 x18:1c0010d0
18308461ns          305619 1c008342 008b0b13 addi             x22, x22, 8         x22=1c0010d4 x22:1c0010cc
18308501ns          305621 1c008344 f52999e3 bne              x19, x18, -174      x19:1c001118 x18:1c0010d0
18308560ns          305624 1c008296 01900733 add              x14, x0, x25        x14=00000000 x25:00000000
18308580ns          305625 1c008298 01200d33 add              x26, x0, x18        x26=1c0010d0 x18:1c0010d0
18308600ns          305626 1c00829a 01900e33 add              x28, x0, x25        x28=00000000 x25:00000000
18308620ns          305627 1c00829c 004d570b p.lhu            x14, 4(x26!)        x14=00004ba4 x26=1c0010d4 x26:1c0010d0  PA:1c0010d0
18308918ns          305642 1c0082a0 004d5e0b p.lhu            x28, 4(x26!)        x28=0000b964 x26=1c0010d8 x26:1c0010d4  PA:1c0010d4
18309237ns          305658 1c0082a4 00092803 lw               x16, 0(x18)         x16=2cbd4ba4 x18:1c0010d0  PA:1c0010d0
18309535ns          305673 1c0082a8 00178793 addi             x15, x15, 1         x15=00000022 x15:00000021
18309555ns          305674 1c0082aa 01487833 and              x16, x16, x20       x16=00004ba4 x16:2cbd4ba4 x20:0000ffff
18309575ns          305675 1c0082ae 00fba023 sw               x15, 0(x23)         x15:00000022 x23:1c001324  PA:1c001324
18309893ns          305691 1c0082b2 320a8e93 addi             x29, x21, 800       x29=1c001320 x21:1c001000
18309913ns          305692 1c0082b6 00e00633 add              x12, x0, x14        x12=00004ba4 x14:00004ba4
18309933ns          305693 1c0082b8 074c0593 addi             x11, x24, 116       x11=1c000074 x24:1c000000
18309953ns          305694 1c0082bc 7d4d8513 addi             x10, x27, 2004      x10=1c0007d4 x27:1c000000
18309973ns          305695 1c0082c0 010006b3 add              x13, x0, x16        x13=00004ba4 x16:00004ba4
18309992ns          305696 1c0082c2 00890913 addi             x18, x18, 8         x18=1c0010d8 x18:1c0010d0
18310012ns          305697 1c0082c4 00e80d63 beq              x16, x14, 26        x16:00004ba4 x14:00004ba4
18310092ns          305701 1c0082de 000b2703 lw               x14, 0(x22)         x14=c89cb964 x22:1c0010d4  PA:1c0010d4
18310390ns          305716 1c0082e2 00178793 addi             x15, x15, 1         x15=00000023 x15:00000022
18310410ns          305717 1c0082e4 1c0006b7 lui              x13, 0x1c000000     x13=1c000000
18310430ns          305718 1c0082e8 01477733 and              x14, x14, x20       x14=0000b964 x14:c89cb964 x20:0000ffff
18310450ns          305719 1c0082ec 00fba023 sw               x15, 0(x23)         x15:00000023 x23:1c001324  PA:1c001324
18310768ns          305735 1c0082f0 09468593 addi             x11, x13, 148       x11=1c000094 x13:1c000000
18310788ns          305736 1c0082f4 320a8813 addi             x16, x21, 800       x16=1c001320 x21:1c001000
18310808ns          305737 1c0082f8 01c00633 add              x12, x0, x28        x12=0000b964 x28:0000b964
18310828ns          305738 1c0082fa 7d4d8513 addi             x10, x27, 2004      x10=1c0007d4 x27:1c000000
18310848ns          305739 1c0082fe 00e006b3 add              x13, x0, x14        x13=0000b964 x14:0000b964
18310868ns          305740 1c008300 01c70b63 beq              x14, x28, 22        x14:0000b964 x28:0000b964
18310927ns          305743 1c008316 00178793 addi             x15, x15, 1         x15=00000024 x15:00000023
18310947ns          305744 1c008318 1c000537 lui              x10, 0x1c000000     x10=1c000000
18310967ns          305745 1c00831c 00fba023 sw               x15, 0(x23)         x15:00000024 x23:1c001324  PA:1c001324
18311285ns          305761 1c008320 0b450593 addi             x11, x10, 180       x11=1c0000b4 x10:1c000000
18311305ns          305762 1c008324 320a8713 addi             x14, x21, 800       x14=1c001320 x21:1c001000
18311325ns          305763 1c008328 012006b3 add              x13, x0, x18        x13=1c0010d8 x18:1c0010d8
18311345ns          305764 1c00832a 01a00633 add              x12, x0, x26        x12=1c0010d8 x26:1c0010d8
18311365ns          305765 1c00832c 7d4d8513 addi             x10, x27, 2004      x10=1c0007d4 x27:1c000000
18311385ns          305766 1c008330 012d0963 beq              x26, x18, 18        x26:1c0010d8 x18:1c0010d8
18311445ns          305769 1c008342 008b0b13 addi             x22, x22, 8         x22=1c0010dc x22:1c0010d4
18311464ns          305770 1c008344 f52999e3 bne              x19, x18, -174      x19:1c001118 x18:1c0010d8
18311524ns          305773 1c008296 01900733 add              x14, x0, x25        x14=00000000 x25:00000000
18311544ns          305774 1c008298 01200d33 add              x26, x0, x18        x26=1c0010d8 x18:1c0010d8
18311564ns          305775 1c00829a 01900e33 add              x28, x0, x25        x28=00000000 x25:00000000
18311584ns          305776 1c00829c 004d570b p.lhu            x14, 4(x26!)        x14=00000d16 x26=1c0010dc x26:1c0010d8  PA:1c0010d8
18311902ns          305792 1c0082a0 004d5e0b p.lhu            x28, 4(x26!)        x28=00006b95 x26=1c0010e0 x26:1c0010dc  PA:1c0010dc
18312200ns          305807 1c0082a4 00092803 lw               x16, 0(x18)         x16=0f950d16 x18:1c0010d8  PA:1c0010d8
18312499ns          305822 1c0082a8 00178793 addi             x15, x15, 1         x15=00000025 x15:00000024
18312519ns          305823 1c0082aa 01487833 and              x16, x16, x20       x16=00000d16 x16:0f950d16 x20:0000ffff
18312539ns          305824 1c0082ae 00fba023 sw               x15, 0(x23)         x15:00000025 x23:1c001324  PA:1c001324
18312857ns          305840 1c0082b2 320a8e93 addi             x29, x21, 800       x29=1c001320 x21:1c001000
18312877ns          305841 1c0082b6 00e00633 add              x12, x0, x14        x12=00000d16 x14:00000d16
18312897ns          305842 1c0082b8 074c0593 addi             x11, x24, 116       x11=1c000074 x24:1c000000
18312916ns          305843 1c0082bc 7d4d8513 addi             x10, x27, 2004      x10=1c0007d4 x27:1c000000
18312936ns          305844 1c0082c0 010006b3 add              x13, x0, x16        x13=00000d16 x16:00000d16
18312956ns          305845 1c0082c2 00890913 addi             x18, x18, 8         x18=1c0010e0 x18:1c0010d8
18312976ns          305846 1c0082c4 00e80d63 beq              x16, x14, 26        x16:00000d16 x14:00000d16
18313056ns          305850 1c0082de 000b2703 lw               x14, 0(x22)         x14=7b066b95 x22:1c0010dc  PA:1c0010dc
18313374ns          305866 1c0082e2 00178793 addi             x15, x15, 1         x15=00000026 x15:00000025
18313394ns          305867 1c0082e4 1c0006b7 lui              x13, 0x1c000000     x13=1c000000
18313414ns          305868 1c0082e8 01477733 and              x14, x14, x20       x14=00006b95 x14:7b066b95 x20:0000ffff
18313434ns          305869 1c0082ec 00fba023 sw               x15, 0(x23)         x15:00000026 x23:1c001324  PA:1c001324
18313772ns          305886 1c0082f0 09468593 addi             x11, x13, 148       x11=1c000094 x13:1c000000
18313792ns          305887 1c0082f4 320a8813 addi             x16, x21, 800       x16=1c001320 x21:1c001000
18313812ns          305888 1c0082f8 01c00633 add              x12, x0, x28        x12=00006b95 x28:00006b95
18313831ns          305889 1c0082fa 7d4d8513 addi             x10, x27, 2004      x10=1c0007d4 x27:1c000000
18313851ns          305890 1c0082fe 00e006b3 add              x13, x0, x14        x13=00006b95 x14:00006b95
18313871ns          305891 1c008300 01c70b63 beq              x14, x28, 22        x14:00006b95 x28:00006b95
18313931ns          305894 1c008316 00178793 addi             x15, x15, 1         x15=00000027 x15:00000026
18313951ns          305895 1c008318 1c000537 lui              x10, 0x1c000000     x10=1c000000
18313971ns          305896 1c00831c 00fba023 sw               x15, 0(x23)         x15:00000027 x23:1c001324  PA:1c001324
18314289ns          305912 1c008320 0b450593 addi             x11, x10, 180       x11=1c0000b4 x10:1c000000
18314309ns          305913 1c008324 320a8713 addi             x14, x21, 800       x14=1c001320 x21:1c001000
18314329ns          305914 1c008328 012006b3 add              x13, x0, x18        x13=1c0010e0 x18:1c0010e0
18314349ns          305915 1c00832a 01a00633 add              x12, x0, x26        x12=1c0010e0 x26:1c0010e0
18314368ns          305916 1c00832c 7d4d8513 addi             x10, x27, 2004      x10=1c0007d4 x27:1c000000
18314388ns          305917 1c008330 012d0963 beq              x26, x18, 18        x26:1c0010e0 x18:1c0010e0
18314448ns          305920 1c008342 008b0b13 addi             x22, x22, 8         x22=1c0010e4 x22:1c0010dc
18314468ns          305921 1c008344 f52999e3 bne              x19, x18, -174      x19:1c001118 x18:1c0010e0
18314528ns          305924 1c008296 01900733 add              x14, x0, x25        x14=00000000 x25:00000000
18314547ns          305925 1c008298 01200d33 add              x26, x0, x18        x26=1c0010e0 x18:1c0010e0
18314567ns          305926 1c00829a 01900e33 add              x28, x0, x25        x28=00000000 x25:00000000
18314587ns          305927 1c00829c 004d570b p.lhu            x14, 4(x26!)        x14=00005808 x26=1c0010e4 x26:1c0010e0  PA:1c0010e0
18314886ns          305942 1c0082a0 004d5e0b p.lhu            x28, 4(x26!)        x28=0000b840 x26=1c0010e8 x26:1c0010e4  PA:1c0010e4
18315184ns          305957 1c0082a4 00092803 lw               x16, 0(x18)         x16=66c85808 x18:1c0010e0  PA:1c0010e0
18315482ns          305972 1c0082a8 00178793 addi             x15, x15, 1         x15=00000028 x15:00000027
18315502ns          305973 1c0082aa 01487833 and              x16, x16, x20       x16=00005808 x16:66c85808 x20:0000ffff
18315522ns          305974 1c0082ae 00fba023 sw               x15, 0(x23)         x15:00000028 x23:1c001324  PA:1c001324
18315840ns          305990 1c0082b2 320a8e93 addi             x29, x21, 800       x29=1c001320 x21:1c001000
18315860ns          305991 1c0082b6 00e00633 add              x12, x0, x14        x12=00005808 x14:00005808
18315880ns          305992 1c0082b8 074c0593 addi             x11, x24, 116       x11=1c000074 x24:1c000000
18315900ns          305993 1c0082bc 7d4d8513 addi             x10, x27, 2004      x10=1c0007d4 x27:1c000000
18315920ns          305994 1c0082c0 010006b3 add              x13, x0, x16        x13=00005808 x16:00005808
18315940ns          305995 1c0082c2 00890913 addi             x18, x18, 8         x18=1c0010e8 x18:1c0010e0
18315960ns          305996 1c0082c4 00e80d63 beq              x16, x14, 26        x16:00005808 x14:00005808
18316039ns          306000 1c0082de 000b2703 lw               x14, 0(x22)         x14=78feb840 x22:1c0010e4  PA:1c0010e4
18316338ns          306015 1c0082e2 00178793 addi             x15, x15, 1         x15=00000029 x15:00000028
18316358ns          306016 1c0082e4 1c0006b7 lui              x13, 0x1c000000     x13=1c000000
18316377ns          306017 1c0082e8 01477733 and              x14, x14, x20       x14=0000b840 x14:78feb840 x20:0000ffff
18316397ns          306018 1c0082ec 00fba023 sw               x15, 0(x23)         x15:00000029 x23:1c001324  PA:1c001324
18316716ns          306034 1c0082f0 09468593 addi             x11, x13, 148       x11=1c000094 x13:1c000000
18316735ns          306035 1c0082f4 320a8813 addi             x16, x21, 800       x16=1c001320 x21:1c001000
18316755ns          306036 1c0082f8 01c00633 add              x12, x0, x28        x12=0000b840 x28:0000b840
18316775ns          306037 1c0082fa 7d4d8513 addi             x10, x27, 2004      x10=1c0007d4 x27:1c000000
18316795ns          306038 1c0082fe 00e006b3 add              x13, x0, x14        x13=0000b840 x14:0000b840
18316815ns          306039 1c008300 01c70b63 beq              x14, x28, 22        x14:0000b840 x28:0000b840
18316875ns          306042 1c008316 00178793 addi             x15, x15, 1         x15=0000002a x15:00000029
18316895ns          306043 1c008318 1c000537 lui              x10, 0x1c000000     x10=1c000000
18316914ns          306044 1c00831c 00fba023 sw               x15, 0(x23)         x15:0000002a x23:1c001324  PA:1c001324
18317253ns          306061 1c008320 0b450593 addi             x11, x10, 180       x11=1c0000b4 x10:1c000000
18317273ns          306062 1c008324 320a8713 addi             x14, x21, 800       x14=1c001320 x21:1c001000
18317292ns          306063 1c008328 012006b3 add              x13, x0, x18        x13=1c0010e8 x18:1c0010e8
18317312ns          306064 1c00832a 01a00633 add              x12, x0, x26        x12=1c0010e8 x26:1c0010e8
18317332ns          306065 1c00832c 7d4d8513 addi             x10, x27, 2004      x10=1c0007d4 x27:1c000000
18317352ns          306066 1c008330 012d0963 beq              x26, x18, 18        x26:1c0010e8 x18:1c0010e8
18317412ns          306069 1c008342 008b0b13 addi             x22, x22, 8         x22=1c0010ec x22:1c0010e4
18317432ns          306070 1c008344 f52999e3 bne              x19, x18, -174      x19:1c001118 x18:1c0010e8
18317491ns          306073 1c008296 01900733 add              x14, x0, x25        x14=00000000 x25:00000000
18317511ns          306074 1c008298 01200d33 add              x26, x0, x18        x26=1c0010e8 x18:1c0010e8
18317531ns          306075 1c00829a 01900e33 add              x28, x0, x25        x28=00000000 x25:00000000
18317551ns          306076 1c00829c 004d570b p.lhu            x14, 4(x26!)        x14=00009fd0 x26=1c0010ec x26:1c0010e8  PA:1c0010e8
18317849ns          306091 1c0082a0 004d5e0b p.lhu            x28, 4(x26!)        x28=00009323 x26=1c0010f0 x26:1c0010ec  PA:1c0010ec
18318148ns          306106 1c0082a4 00092803 lw               x16, 0(x18)         x16=e8259fd0 x18:1c0010e8  PA:1c0010e8
18318446ns          306121 1c0082a8 00178793 addi             x15, x15, 1         x15=0000002b x15:0000002a
18318466ns          306122 1c0082aa 01487833 and              x16, x16, x20       x16=00009fd0 x16:e8259fd0 x20:0000ffff
18318486ns          306123 1c0082ae 00fba023 sw               x15, 0(x23)         x15:0000002b x23:1c001324  PA:1c001324
18318824ns          306140 1c0082b2 320a8e93 addi             x29, x21, 800       x29=1c001320 x21:1c001000
18318844ns          306141 1c0082b6 00e00633 add              x12, x0, x14        x12=00009fd0 x14:00009fd0
18318864ns          306142 1c0082b8 074c0593 addi             x11, x24, 116       x11=1c000074 x24:1c000000
18318884ns          306143 1c0082bc 7d4d8513 addi             x10, x27, 2004      x10=1c0007d4 x27:1c000000
18318904ns          306144 1c0082c0 010006b3 add              x13, x0, x16        x13=00009fd0 x16:00009fd0
18318923ns          306145 1c0082c2 00890913 addi             x18, x18, 8         x18=1c0010f0 x18:1c0010e8
18318943ns          306146 1c0082c4 00e80d63 beq              x16, x14, 26        x16:00009fd0 x14:00009fd0
18319023ns          306150 1c0082de 000b2703 lw               x14, 0(x22)         x14=24d59323 x22:1c0010ec  PA:1c0010ec
18319321ns          306165 1c0082e2 00178793 addi             x15, x15, 1         x15=0000002c x15:0000002b
18319341ns          306166 1c0082e4 1c0006b7 lui              x13, 0x1c000000     x13=1c000000
18319361ns          306167 1c0082e8 01477733 and              x14, x14, x20       x14=00009323 x14:24d59323 x20:0000ffff
18319381ns          306168 1c0082ec 00fba023 sw               x15, 0(x23)         x15:0000002c x23:1c001324  PA:1c001324
18319719ns          306185 1c0082f0 09468593 addi             x11, x13, 148       x11=1c000094 x13:1c000000
18319739ns          306186 1c0082f4 320a8813 addi             x16, x21, 800       x16=1c001320 x21:1c001000
18319759ns          306187 1c0082f8 01c00633 add              x12, x0, x28        x12=00009323 x28:00009323
18319779ns          306188 1c0082fa 7d4d8513 addi             x10, x27, 2004      x10=1c0007d4 x27:1c000000
18319799ns          306189 1c0082fe 00e006b3 add              x13, x0, x14        x13=00009323 x14:00009323
18319819ns          306190 1c008300 01c70b63 beq              x14, x28, 22        x14:00009323 x28:00009323
18319878ns          306193 1c008316 00178793 addi             x15, x15, 1         x15=0000002d x15:0000002c
18319898ns          306194 1c008318 1c000537 lui              x10, 0x1c000000     x10=1c000000
18319918ns          306195 1c00831c 00fba023 sw               x15, 0(x23)         x15:0000002d x23:1c001324  PA:1c001324
18320236ns          306211 1c008320 0b450593 addi             x11, x10, 180       x11=1c0000b4 x10:1c000000
18320256ns          306212 1c008324 320a8713 addi             x14, x21, 800       x14=1c001320 x21:1c001000
18320276ns          306213 1c008328 012006b3 add              x13, x0, x18        x13=1c0010f0 x18:1c0010f0
18320296ns          306214 1c00832a 01a00633 add              x12, x0, x26        x12=1c0010f0 x26:1c0010f0
18320316ns          306215 1c00832c 7d4d8513 addi             x10, x27, 2004      x10=1c0007d4 x27:1c000000
18320336ns          306216 1c008330 012d0963 beq              x26, x18, 18        x26:1c0010f0 x18:1c0010f0
18320395ns          306219 1c008342 008b0b13 addi             x22, x22, 8         x22=1c0010f4 x22:1c0010ec
18320415ns          306220 1c008344 f52999e3 bne              x19, x18, -174      x19:1c001118 x18:1c0010f0
18320475ns          306223 1c008296 01900733 add              x14, x0, x25        x14=00000000 x25:00000000
18320495ns          306224 1c008298 01200d33 add              x26, x0, x18        x26=1c0010f0 x18:1c0010f0
18320515ns          306225 1c00829a 01900e33 add              x28, x0, x25        x28=00000000 x25:00000000
18320535ns          306226 1c00829c 004d570b p.lhu            x14, 4(x26!)        x14=00005c4c x26=1c0010f4 x26:1c0010f0  PA:1c0010f0
18320833ns          306241 1c0082a0 004d5e0b p.lhu            x28, 4(x26!)        x28=00008ec3 x26=1c0010f8 x26:1c0010f4  PA:1c0010f4
18321131ns          306256 1c0082a4 00092803 lw               x16, 0(x18)         x16=b8c75c4c x18:1c0010f0  PA:1c0010f0
18321450ns          306272 1c0082a8 00178793 addi             x15, x15, 1         x15=0000002e x15:0000002d
18321469ns          306273 1c0082aa 01487833 and              x16, x16, x20       x16=00005c4c x16:b8c75c4c x20:0000ffff
18321489ns          306274 1c0082ae 00fba023 sw               x15, 0(x23)         x15:0000002e x23:1c001324  PA:1c001324
18321808ns          306290 1c0082b2 320a8e93 addi             x29, x21, 800       x29=1c001320 x21:1c001000
18321827ns          306291 1c0082b6 00e00633 add              x12, x0, x14        x12=00005c4c x14:00005c4c
18321847ns          306292 1c0082b8 074c0593 addi             x11, x24, 116       x11=1c000074 x24:1c000000
18321867ns          306293 1c0082bc 7d4d8513 addi             x10, x27, 2004      x10=1c0007d4 x27:1c000000
18321887ns          306294 1c0082c0 010006b3 add              x13, x0, x16        x13=00005c4c x16:00005c4c
18321907ns          306295 1c0082c2 00890913 addi             x18, x18, 8         x18=1c0010f8 x18:1c0010f0
18321927ns          306296 1c0082c4 00e80d63 beq              x16, x14, 26        x16:00005c4c x14:00005c4c
18322007ns          306300 1c0082de 000b2703 lw               x14, 0(x22)         x14=e0398ec3 x22:1c0010f4  PA:1c0010f4
18322305ns          306315 1c0082e2 00178793 addi             x15, x15, 1         x15=0000002f x15:0000002e
18322325ns          306316 1c0082e4 1c0006b7 lui              x13, 0x1c000000     x13=1c000000
18322345ns          306317 1c0082e8 01477733 and              x14, x14, x20       x14=00008ec3 x14:e0398ec3 x20:0000ffff
18322365ns          306318 1c0082ec 00fba023 sw               x15, 0(x23)         x15:0000002f x23:1c001324  PA:1c001324
18322683ns          306334 1c0082f0 09468593 addi             x11, x13, 148       x11=1c000094 x13:1c000000
18322703ns          306335 1c0082f4 320a8813 addi             x16, x21, 800       x16=1c001320 x21:1c001000
18322723ns          306336 1c0082f8 01c00633 add              x12, x0, x28        x12=00008ec3 x28:00008ec3
18322742ns          306337 1c0082fa 7d4d8513 addi             x10, x27, 2004      x10=1c0007d4 x27:1c000000
18322762ns          306338 1c0082fe 00e006b3 add              x13, x0, x14        x13=00008ec3 x14:00008ec3
18322782ns          306339 1c008300 01c70b63 beq              x14, x28, 22        x14:00008ec3 x28:00008ec3
18322842ns          306342 1c008316 00178793 addi             x15, x15, 1         x15=00000030 x15:0000002f
18322862ns          306343 1c008318 1c000537 lui              x10, 0x1c000000     x10=1c000000
18322882ns          306344 1c00831c 00fba023 sw               x15, 0(x23)         x15:00000030 x23:1c001324  PA:1c001324
18323200ns          306360 1c008320 0b450593 addi             x11, x10, 180       x11=1c0000b4 x10:1c000000
18323220ns          306361 1c008324 320a8713 addi             x14, x21, 800       x14=1c001320 x21:1c001000
18323240ns          306362 1c008328 012006b3 add              x13, x0, x18        x13=1c0010f8 x18:1c0010f8
18323260ns          306363 1c00832a 01a00633 add              x12, x0, x26        x12=1c0010f8 x26:1c0010f8
18323280ns          306364 1c00832c 7d4d8513 addi             x10, x27, 2004      x10=1c0007d4 x27:1c000000
18323299ns          306365 1c008330 012d0963 beq              x26, x18, 18        x26:1c0010f8 x18:1c0010f8
18323359ns          306368 1c008342 008b0b13 addi             x22, x22, 8         x22=1c0010fc x22:1c0010f4
18323379ns          306369 1c008344 f52999e3 bne              x19, x18, -174      x19:1c001118 x18:1c0010f8
18323439ns          306372 1c008296 01900733 add              x14, x0, x25        x14=00000000 x25:00000000
18323459ns          306373 1c008298 01200d33 add              x26, x0, x18        x26=1c0010f8 x18:1c0010f8
18323478ns          306374 1c00829a 01900e33 add              x28, x0, x25        x28=00000000 x25:00000000
18323498ns          306375 1c00829c 004d570b p.lhu            x14, 4(x26!)        x14=0000058e x26=1c0010fc x26:1c0010f8  PA:1c0010f8
18323797ns          306390 1c0082a0 004d5e0b p.lhu            x28, 4(x26!)        x28=0000aaab x26=1c001100 x26:1c0010fc  PA:1c0010fc
18324095ns          306405 1c0082a4 00092803 lw               x16, 0(x18)         x16=3d3d058e x18:1c0010f8  PA:1c0010f8
18324393ns          306420 1c0082a8 00178793 addi             x15, x15, 1         x15=00000031 x15:00000030
18324413ns          306421 1c0082aa 01487833 and              x16, x16, x20       x16=0000058e x16:3d3d058e x20:0000ffff
18324433ns          306422 1c0082ae 00fba023 sw               x15, 0(x23)         x15:00000031 x23:1c001324  PA:1c001324
18324771ns          306439 1c0082b2 320a8e93 addi             x29, x21, 800       x29=1c001320 x21:1c001000
18324791ns          306440 1c0082b6 00e00633 add              x12, x0, x14        x12=0000058e x14:0000058e
18324811ns          306441 1c0082b8 074c0593 addi             x11, x24, 116       x11=1c000074 x24:1c000000
18324831ns          306442 1c0082bc 7d4d8513 addi             x10, x27, 2004      x10=1c0007d4 x27:1c000000
18324851ns          306443 1c0082c0 010006b3 add              x13, x0, x16        x13=0000058e x16:0000058e
18324871ns          306444 1c0082c2 00890913 addi             x18, x18, 8         x18=1c001100 x18:1c0010f8
18324891ns          306445 1c0082c4 00e80d63 beq              x16, x14, 26        x16:0000058e x14:0000058e
18324970ns          306449 1c0082de 000b2703 lw               x14, 0(x22)         x14=19f7aaab x22:1c0010fc  PA:1c0010fc
18325288ns          306465 1c0082e2 00178793 addi             x15, x15, 1         x15=00000032 x15:00000031
18325308ns          306466 1c0082e4 1c0006b7 lui              x13, 0x1c000000     x13=1c000000
18325328ns          306467 1c0082e8 01477733 and              x14, x14, x20       x14=0000aaab x14:19f7aaab x20:0000ffff
18325348ns          306468 1c0082ec 00fba023 sw               x15, 0(x23)         x15:00000032 x23:1c001324  PA:1c001324
18325686ns          306485 1c0082f0 09468593 addi             x11, x13, 148       x11=1c000094 x13:1c000000
18325706ns          306486 1c0082f4 320a8813 addi             x16, x21, 800       x16=1c001320 x21:1c001000
18325726ns          306487 1c0082f8 01c00633 add              x12, x0, x28        x12=0000aaab x28:0000aaab
18325746ns          306488 1c0082fa 7d4d8513 addi             x10, x27, 2004      x10=1c0007d4 x27:1c000000
18325766ns          306489 1c0082fe 00e006b3 add              x13, x0, x14        x13=0000aaab x14:0000aaab
18325786ns          306490 1c008300 01c70b63 beq              x14, x28, 22        x14:0000aaab x28:0000aaab
18325845ns          306493 1c008316 00178793 addi             x15, x15, 1         x15=00000033 x15:00000032
18325865ns          306494 1c008318 1c000537 lui              x10, 0x1c000000     x10=1c000000
18325885ns          306495 1c00831c 00fba023 sw               x15, 0(x23)         x15:00000033 x23:1c001324  PA:1c001324
18326203ns          306511 1c008320 0b450593 addi             x11, x10, 180       x11=1c0000b4 x10:1c000000
18326223ns          306512 1c008324 320a8713 addi             x14, x21, 800       x14=1c001320 x21:1c001000
18326243ns          306513 1c008328 012006b3 add              x13, x0, x18        x13=1c001100 x18:1c001100
18326263ns          306514 1c00832a 01a00633 add              x12, x0, x26        x12=1c001100 x26:1c001100
18326283ns          306515 1c00832c 7d4d8513 addi             x10, x27, 2004      x10=1c0007d4 x27:1c000000
18326303ns          306516 1c008330 012d0963 beq              x26, x18, 18        x26:1c001100 x18:1c001100
18326363ns          306519 1c008342 008b0b13 addi             x22, x22, 8         x22=1c001104 x22:1c0010fc
18326382ns          306520 1c008344 f52999e3 bne              x19, x18, -174      x19:1c001118 x18:1c001100
18326442ns          306523 1c008296 01900733 add              x14, x0, x25        x14=00000000 x25:00000000
18326462ns          306524 1c008298 01200d33 add              x26, x0, x18        x26=1c001100 x18:1c001100
18326482ns          306525 1c00829a 01900e33 add              x28, x0, x25        x28=00000000 x25:00000000
18326502ns          306526 1c00829c 004d570b p.lhu            x14, 4(x26!)        x14=00000124 x26=1c001104 x26:1c001100  PA:1c001100
18326800ns          306541 1c0082a0 004d5e0b p.lhu            x28, 4(x26!)        x28=00006244 x26=1c001108 x26:1c001104  PA:1c001104
18327099ns          306556 1c0082a4 00092803 lw               x16, 0(x18)         x16=5bc00124 x18:1c001100  PA:1c001100
18327397ns          306571 1c0082a8 00178793 addi             x15, x15, 1         x15=00000034 x15:00000033
18327417ns          306572 1c0082aa 01487833 and              x16, x16, x20       x16=00000124 x16:5bc00124 x20:0000ffff
18327437ns          306573 1c0082ae 00fba023 sw               x15, 0(x23)         x15:00000034 x23:1c001324  PA:1c001324
18327755ns          306589 1c0082b2 320a8e93 addi             x29, x21, 800       x29=1c001320 x21:1c001000
18327775ns          306590 1c0082b6 00e00633 add              x12, x0, x14        x12=00000124 x14:00000124
18327795ns          306591 1c0082b8 074c0593 addi             x11, x24, 116       x11=1c000074 x24:1c000000
18327815ns          306592 1c0082bc 7d4d8513 addi             x10, x27, 2004      x10=1c0007d4 x27:1c000000
18327834ns          306593 1c0082c0 010006b3 add              x13, x0, x16        x13=00000124 x16:00000124
18327854ns          306594 1c0082c2 00890913 addi             x18, x18, 8         x18=1c001108 x18:1c001100
18327874ns          306595 1c0082c4 00e80d63 beq              x16, x14, 26        x16:00000124 x14:00000124
18327954ns          306599 1c0082de 000b2703 lw               x14, 0(x22)         x14=759c6244 x22:1c001104  PA:1c001104
18328252ns          306614 1c0082e2 00178793 addi             x15, x15, 1         x15=00000035 x15:00000034
18328272ns          306615 1c0082e4 1c0006b7 lui              x13, 0x1c000000     x13=1c000000
18328292ns          306616 1c0082e8 01477733 and              x14, x14, x20       x14=00006244 x14:759c6244 x20:0000ffff
18328312ns          306617 1c0082ec 00fba023 sw               x15, 0(x23)         x15:00000035 x23:1c001324  PA:1c001324
18328630ns          306633 1c0082f0 09468593 addi             x11, x13, 148       x11=1c000094 x13:1c000000
18328650ns          306634 1c0082f4 320a8813 addi             x16, x21, 800       x16=1c001320 x21:1c001000
18328670ns          306635 1c0082f8 01c00633 add              x12, x0, x28        x12=00006244 x28:00006244
18328690ns          306636 1c0082fa 7d4d8513 addi             x10, x27, 2004      x10=1c0007d4 x27:1c000000
18328710ns          306637 1c0082fe 00e006b3 add              x13, x0, x14        x13=00006244 x14:00006244
18328730ns          306638 1c008300 01c70b63 beq              x14, x28, 22        x14:00006244 x28:00006244
18328789ns          306641 1c008316 00178793 addi             x15, x15, 1         x15=00000036 x15:00000035
18328809ns          306642 1c008318 1c000537 lui              x10, 0x1c000000     x10=1c000000
18328829ns          306643 1c00831c 00fba023 sw               x15, 0(x23)         x15:00000036 x23:1c001324  PA:1c001324
18329147ns          306659 1c008320 0b450593 addi             x11, x10, 180       x11=1c0000b4 x10:1c000000
18329167ns          306660 1c008324 320a8713 addi             x14, x21, 800       x14=1c001320 x21:1c001000
18329187ns          306661 1c008328 012006b3 add              x13, x0, x18        x13=1c001108 x18:1c001108
18329207ns          306662 1c00832a 01a00633 add              x12, x0, x26        x12=1c001108 x26:1c001108
18329227ns          306663 1c00832c 7d4d8513 addi             x10, x27, 2004      x10=1c0007d4 x27:1c000000
18329247ns          306664 1c008330 012d0963 beq              x26, x18, 18        x26:1c001108 x18:1c001108
18329306ns          306667 1c008342 008b0b13 addi             x22, x22, 8         x22=1c00110c x22:1c001104
18329326ns          306668 1c008344 f52999e3 bne              x19, x18, -174      x19:1c001118 x18:1c001108
18329386ns          306671 1c008296 01900733 add              x14, x0, x25        x14=00000000 x25:00000000
18329406ns          306672 1c008298 01200d33 add              x26, x0, x18        x26=1c001108 x18:1c001108
18329426ns          306673 1c00829a 01900e33 add              x28, x0, x25        x28=00000000 x25:00000000
18329446ns          306674 1c00829c 004d570b p.lhu            x14, 4(x26!)        x14=0000fa40 x26=1c00110c x26:1c001108  PA:1c001108
18329744ns          306689 1c0082a0 004d5e0b p.lhu            x28, 4(x26!)        x28=0000b8e9 x26=1c001110 x26:1c00110c  PA:1c00110c
18330042ns          306704 1c0082a4 00092803 lw               x16, 0(x18)         x16=93c9fa40 x18:1c001108  PA:1c001108
18330341ns          306719 1c0082a8 00178793 addi             x15, x15, 1         x15=00000037 x15:00000036
18330361ns          306720 1c0082aa 01487833 and              x16, x16, x20       x16=0000fa40 x16:93c9fa40 x20:0000ffff
18330381ns          306721 1c0082ae 00fba023 sw               x15, 0(x23)         x15:00000037 x23:1c001324  PA:1c001324
18330699ns          306737 1c0082b2 320a8e93 addi             x29, x21, 800       x29=1c001320 x21:1c001000
18330719ns          306738 1c0082b6 00e00633 add              x12, x0, x14        x12=0000fa40 x14:0000fa40
18330739ns          306739 1c0082b8 074c0593 addi             x11, x24, 116       x11=1c000074 x24:1c000000
18330758ns          306740 1c0082bc 7d4d8513 addi             x10, x27, 2004      x10=1c0007d4 x27:1c000000
18330778ns          306741 1c0082c0 010006b3 add              x13, x0, x16        x13=0000fa40 x16:0000fa40
18330798ns          306742 1c0082c2 00890913 addi             x18, x18, 8         x18=1c001110 x18:1c001108
18330818ns          306743 1c0082c4 00e80d63 beq              x16, x14, 26        x16:0000fa40 x14:0000fa40
18330898ns          306747 1c0082de 000b2703 lw               x14, 0(x22)         x14=f297b8e9 x22:1c00110c  PA:1c00110c
18331196ns          306762 1c0082e2 00178793 addi             x15, x15, 1         x15=00000038 x15:00000037
18331216ns          306763 1c0082e4 1c0006b7 lui              x13, 0x1c000000     x13=1c000000
18331236ns          306764 1c0082e8 01477733 and              x14, x14, x20       x14=0000b8e9 x14:f297b8e9 x20:0000ffff
18331256ns          306765 1c0082ec 00fba023 sw               x15, 0(x23)         x15:00000038 x23:1c001324  PA:1c001324
18331574ns          306781 1c0082f0 09468593 addi             x11, x13, 148       x11=1c000094 x13:1c000000
18331594ns          306782 1c0082f4 320a8813 addi             x16, x21, 800       x16=1c001320 x21:1c001000
18331614ns          306783 1c0082f8 01c00633 add              x12, x0, x28        x12=0000b8e9 x28:0000b8e9
18331634ns          306784 1c0082fa 7d4d8513 addi             x10, x27, 2004      x10=1c0007d4 x27:1c000000
18331654ns          306785 1c0082fe 00e006b3 add              x13, x0, x14        x13=0000b8e9 x14:0000b8e9
18331673ns          306786 1c008300 01c70b63 beq              x14, x28, 22        x14:0000b8e9 x28:0000b8e9
18331733ns          306789 1c008316 00178793 addi             x15, x15, 1         x15=00000039 x15:00000038
18331753ns          306790 1c008318 1c000537 lui              x10, 0x1c000000     x10=1c000000
18331773ns          306791 1c00831c 00fba023 sw               x15, 0(x23)         x15:00000039 x23:1c001324  PA:1c001324
18332091ns          306807 1c008320 0b450593 addi             x11, x10, 180       x11=1c0000b4 x10:1c000000
18332111ns          306808 1c008324 320a8713 addi             x14, x21, 800       x14=1c001320 x21:1c001000
18332131ns          306809 1c008328 012006b3 add              x13, x0, x18        x13=1c001110 x18:1c001110
18332151ns          306810 1c00832a 01a00633 add              x12, x0, x26        x12=1c001110 x26:1c001110
18332171ns          306811 1c00832c 7d4d8513 addi             x10, x27, 2004      x10=1c0007d4 x27:1c000000
18332191ns          306812 1c008330 012d0963 beq              x26, x18, 18        x26:1c001110 x18:1c001110
18332250ns          306815 1c008342 008b0b13 addi             x22, x22, 8         x22=1c001114 x22:1c00110c
18332270ns          306816 1c008344 f52999e3 bne              x19, x18, -174      x19:1c001118 x18:1c001110
18332330ns          306819 1c008296 01900733 add              x14, x0, x25        x14=00000000 x25:00000000
18332350ns          306820 1c008298 01200d33 add              x26, x0, x18        x26=1c001110 x18:1c001110
18332370ns          306821 1c00829a 01900e33 add              x28, x0, x25        x28=00000000 x25:00000000
18332389ns          306822 1c00829c 004d570b p.lhu            x14, 4(x26!)        x14=0000a6e1 x26=1c001114 x26:1c001110  PA:1c001110
18332688ns          306837 1c0082a0 004d5e0b p.lhu            x28, 4(x26!)        x28=000047d7 x26=1c001118 x26:1c001114  PA:1c001114
18332986ns          306852 1c0082a4 00092803 lw               x16, 0(x18)         x16=12a9a6e1 x18:1c001110  PA:1c001110
18333304ns          306868 1c0082a8 00178793 addi             x15, x15, 1         x15=0000003a x15:00000039
18333324ns          306869 1c0082aa 01487833 and              x16, x16, x20       x16=0000a6e1 x16:12a9a6e1 x20:0000ffff
18333344ns          306870 1c0082ae 00fba023 sw               x15, 0(x23)         x15:0000003a x23:1c001324  PA:1c001324
18333662ns          306886 1c0082b2 320a8e93 addi             x29, x21, 800       x29=1c001320 x21:1c001000
18333682ns          306887 1c0082b6 00e00633 add              x12, x0, x14        x12=0000a6e1 x14:0000a6e1
18333702ns          306888 1c0082b8 074c0593 addi             x11, x24, 116       x11=1c000074 x24:1c000000
18333722ns          306889 1c0082bc 7d4d8513 addi             x10, x27, 2004      x10=1c0007d4 x27:1c000000
18333742ns          306890 1c0082c0 010006b3 add              x13, x0, x16        x13=0000a6e1 x16:0000a6e1
18333762ns          306891 1c0082c2 00890913 addi             x18, x18, 8         x18=1c001118 x18:1c001110
18333782ns          306892 1c0082c4 00e80d63 beq              x16, x14, 26        x16:0000a6e1 x14:0000a6e1
18333861ns          306896 1c0082de 000b2703 lw               x14, 0(x22)         x14=6d6647d7 x22:1c001114  PA:1c001114
18334160ns          306911 1c0082e2 00178793 addi             x15, x15, 1         x15=0000003b x15:0000003a
18334180ns          306912 1c0082e4 1c0006b7 lui              x13, 0x1c000000     x13=1c000000
18334200ns          306913 1c0082e8 01477733 and              x14, x14, x20       x14=000047d7 x14:6d6647d7 x20:0000ffff
18334219ns          306914 1c0082ec 00fba023 sw               x15, 0(x23)         x15:0000003b x23:1c001324  PA:1c001324
18334577ns          306932 1c0082f0 09468593 addi             x11, x13, 148       x11=1c000094 x13:1c000000
18334597ns          306933 1c0082f4 320a8813 addi             x16, x21, 800       x16=1c001320 x21:1c001000
18334617ns          306934 1c0082f8 01c00633 add              x12, x0, x28        x12=000047d7 x28:000047d7
18334637ns          306935 1c0082fa 7d4d8513 addi             x10, x27, 2004      x10=1c0007d4 x27:1c000000
18334657ns          306936 1c0082fe 00e006b3 add              x13, x0, x14        x13=000047d7 x14:000047d7
18334677ns          306937 1c008300 01c70b63 beq              x14, x28, 22        x14:000047d7 x28:000047d7
18334737ns          306940 1c008316 00178793 addi             x15, x15, 1         x15=0000003c x15:0000003b
18334756ns          306941 1c008318 1c000537 lui              x10, 0x1c000000     x10=1c000000
18334776ns          306942 1c00831c 00fba023 sw               x15, 0(x23)         x15:0000003c x23:1c001324  PA:1c001324
18335095ns          306958 1c008320 0b450593 addi             x11, x10, 180       x11=1c0000b4 x10:1c000000
18335115ns          306959 1c008324 320a8713 addi             x14, x21, 800       x14=1c001320 x21:1c001000
18335134ns          306960 1c008328 012006b3 add              x13, x0, x18        x13=1c001118 x18:1c001118
18335154ns          306961 1c00832a 01a00633 add              x12, x0, x26        x12=1c001118 x26:1c001118
18335174ns          306962 1c00832c 7d4d8513 addi             x10, x27, 2004      x10=1c0007d4 x27:1c000000
18335194ns          306963 1c008330 012d0963 beq              x26, x18, 18        x26:1c001118 x18:1c001118
18335254ns          306966 1c008342 008b0b13 addi             x22, x22, 8         x22=1c00111c x22:1c001114
18335274ns          306967 1c008344 f52999e3 bne              x19, x18, -174      x19:1c001118 x18:1c001118
18335294ns          306968 1c008348 00900ab3 add              x21, x0, x9         x21=1c0010cc  x9:1c0010cc
18335313ns          306969 1c00834a 008009b3 add              x19, x0, x8         x19=1c0010c8  x8:1c0010c8
18335333ns          306970 1c00834c 00000c13 addi             x24, x0, 0          x24=00000000
18335751ns          306991 1c00834e 1c001a37 lui              x20, 0x1c001000     x20=1c001000
18335791ns          306993 1c008352 1c000b37 lui              x22, 0x1c000000     x22=1c000000
18335811ns          306994 1c008356 1c000db7 lui              x27, 0x1c000000     x27=1c000000
18335831ns          306995 1c00835a 01800733 add              x14, x0, x24        x14=00000000 x24:00000000
18335850ns          306996 1c00835c 01300cb3 add              x25, x0, x19        x25=1c0010c8 x19:1c0010c8
18335870ns          306997 1c00835e 01800d33 add              x26, x0, x24        x26=00000000 x24:00000000
18336268ns          307017 1c008360 004c970b p.lh             x14, 4(x25!)        x14=00005aba x25=1c0010cc x25:1c0010c8  PA:1c0010c8
18336586ns          307033 1c008364 004c9d0b p.lh             x26, 4(x25!)        x26=00000844 x25=1c0010d0 x25:1c0010cc  PA:1c0010cc
18336885ns          307048 1c008368 00099303 lh               x6, 0(x19)           x6=00005aba x19:1c0010c8  PA:1c0010c8
18337203ns          307064 1c00836c 00178793 addi             x15, x15, 1         x15=0000003d x15:0000003c
18337223ns          307065 1c00836e 10074733 p.exths          x14, x14, x0        x14=00005aba x14:00005aba
18337243ns          307066 1c008372 00fba023 sw               x15, 0(x23)         x15:0000003d x23:1c001324  PA:1c001324
18337561ns          307082 1c008376 320a0e13 addi             x28, x20, 800       x28=1c001320 x20:1c001000
18337581ns          307083 1c00837a 0ccb0593 addi             x11, x22, 204       x11=1c0000cc x22:1c000000
18337601ns          307084 1c00837e 006006b3 add              x13, x0, x6         x13=00005aba  x6:00005aba
18337720ns          307090 1c008380 7d4d8513 addi             x10, x27, 2004      x10=1c0007d4 x27:1c000000
18337760ns          307092 1c008384 00e00633 add              x12, x0, x14        x12=00005aba x14:00005aba
18337780ns          307093 1c008386 00898993 addi             x19, x19, 8         x19=1c0010d0 x19:1c0010c8
18337800ns          307094 1c008388 100d4d33 p.exths          x26, x26, x0        x26=00000844 x26:00000844
18337820ns          307095 1c00838c 00670b63 beq              x14, x6, 22         x14:00005aba  x6:00005aba
18338715ns          307140 1c0083a2 00178793 addi             x15, x15, 1         x15=0000003e x15:0000003d
18338755ns          307142 1c0083a4 000a9703 lh               x14, 0(x21)         x14=00000844 x21:1c0010cc  PA:1c0010cc
18339073ns          307158 1c0083a8 1c000537 lui              x10, 0x1c000000     x10=1c000000
18339093ns          307159 1c0083ac 00fba023 sw               x15, 0(x23)         x15:0000003e x23:1c001324  PA:1c001324
18339431ns          307176 1c0083b0 0ec50593 addi             x11, x10, 236       x11=1c0000ec x10:1c000000
18339451ns          307177 1c0083b4 320a0313 addi             x6, x20, 800         x6=1c001320 x20:1c001000
18339471ns          307178 1c0083b8 01a00633 add              x12, x0, x26        x12=00000844 x26:00000844
18339490ns          307179 1c0083ba 00e006b3 add              x13, x0, x14        x13=00000844 x14:00000844
18339510ns          307180 1c0083bc 7d4d8513 addi             x10, x27, 2004      x10=1c0007d4 x27:1c000000
18339928ns          307201 1c0083c0 00ed0b63 beq              x26, x14, 22        x26:00000844 x14:00000844
18340405ns          307225 1c0083d6 00178793 addi             x15, x15, 1         x15=0000003f x15:0000003e
18340445ns          307227 1c0083d8 1c000537 lui              x10, 0x1c000000     x10=1c000000
18340465ns          307228 1c0083dc 00fba023 sw               x15, 0(x23)         x15:0000003f x23:1c001324  PA:1c001324
18340903ns          307250 1c0083e0 10c50593 addi             x11, x10, 268       x11=1c00010c x10:1c000000
18340943ns          307252 1c0083e4 320a0713 addi             x14, x20, 800       x14=1c001320 x20:1c001000
18340962ns          307253 1c0083e8 013006b3 add              x13, x0, x19        x13=1c0010d0 x19:1c0010d0
18340982ns          307254 1c0083ea 01900633 add              x12, x0, x25        x12=1c0010d0 x25:1c0010d0
18341002ns          307255 1c0083ec 7d4d8513 addi             x10, x27, 2004      x10=1c0007d4 x27:1c000000
18341440ns          307277 1c0083f0 013c8963 beq              x25, x19, 18        x25:1c0010d0 x19:1c0010d0
18341917ns          307301 1c008402 008a8a93 addi             x21, x21, 8         x21=1c0010d4 x21:1c0010cc
18341957ns          307303 1c008404 f5391be3 bne              x18, x19, -170      x18:1c001118 x19:1c0010d0
18342056ns          307308 1c00835a 01800733 add              x14, x0, x24        x14=00000000 x24:00000000
18342096ns          307310 1c00835c 01300cb3 add              x25, x0, x19        x25=1c0010d0 x19:1c0010d0
18342116ns          307311 1c00835e 01800d33 add              x26, x0, x24        x26=00000000 x24:00000000
18342156ns          307313 1c008360 004c970b p.lh             x14, 4(x25!)        x14=00004ba4 x25=1c0010d4 x25:1c0010d0  PA:1c0010d0
18342494ns          307330 1c008364 004c9d0b p.lh             x26, 4(x25!)        x26=ffffb964 x25=1c0010d8 x25:1c0010d4  PA:1c0010d4
18342792ns          307345 1c008368 00099303 lh               x6, 0(x19)           x6=00004ba4 x19:1c0010d0  PA:1c0010d0
18343091ns          307360 1c00836c 00178793 addi             x15, x15, 1         x15=00000040 x15:0000003f
18343111ns          307361 1c00836e 10074733 p.exths          x14, x14, x0        x14=00004ba4 x14:00004ba4
18343130ns          307362 1c008372 00fba023 sw               x15, 0(x23)         x15:00000040 x23:1c001324  PA:1c001324
18343449ns          307378 1c008376 320a0e13 addi             x28, x20, 800       x28=1c001320 x20:1c001000
18343469ns          307379 1c00837a 0ccb0593 addi             x11, x22, 204       x11=1c0000cc x22:1c000000
18343489ns          307380 1c00837e 006006b3 add              x13, x0, x6         x13=00004ba4  x6:00004ba4
18343508ns          307381 1c008380 7d4d8513 addi             x10, x27, 2004      x10=1c0007d4 x27:1c000000
18343528ns          307382 1c008384 00e00633 add              x12, x0, x14        x12=00004ba4 x14:00004ba4
18343548ns          307383 1c008386 00898993 addi             x19, x19, 8         x19=1c0010d8 x19:1c0010d0
18343568ns          307384 1c008388 100d4d33 p.exths          x26, x26, x0        x26=ffffb964 x26:ffffb964
18343588ns          307385 1c00838c 00670b63 beq              x14, x6, 22         x14:00004ba4  x6:00004ba4
18343648ns          307388 1c0083a2 00178793 addi             x15, x15, 1         x15=00000041 x15:00000040
18343668ns          307389 1c0083a4 000a9703 lh               x14, 0(x21)         x14=ffffb964 x21:1c0010d4  PA:1c0010d4
18343966ns          307404 1c0083a8 1c000537 lui              x10, 0x1c000000     x10=1c000000
18343986ns          307405 1c0083ac 00fba023 sw               x15, 0(x23)         x15:00000041 x23:1c001324  PA:1c001324
18344304ns          307421 1c0083b0 0ec50593 addi             x11, x10, 236       x11=1c0000ec x10:1c000000
18344324ns          307422 1c0083b4 320a0313 addi             x6, x20, 800         x6=1c001320 x20:1c001000
18344344ns          307423 1c0083b8 01a00633 add              x12, x0, x26        x12=ffffb964 x26:ffffb964
18344364ns          307424 1c0083ba 00e006b3 add              x13, x0, x14        x13=ffffb964 x14:ffffb964
18344384ns          307425 1c0083bc 7d4d8513 addi             x10, x27, 2004      x10=1c0007d4 x27:1c000000
18344403ns          307426 1c0083c0 00ed0b63 beq              x26, x14, 22        x26:ffffb964 x14:ffffb964
18344503ns          307431 1c0083d6 00178793 addi             x15, x15, 1         x15=00000042 x15:00000041
18344543ns          307433 1c0083d8 1c000537 lui              x10, 0x1c000000     x10=1c000000
18344563ns          307434 1c0083dc 00fba023 sw               x15, 0(x23)         x15:00000042 x23:1c001324  PA:1c001324
18344901ns          307451 1c0083e0 10c50593 addi             x11, x10, 268       x11=1c00010c x10:1c000000
18344921ns          307452 1c0083e4 320a0713 addi             x14, x20, 800       x14=1c001320 x20:1c001000
18344941ns          307453 1c0083e8 013006b3 add              x13, x0, x19        x13=1c0010d8 x19:1c0010d8
18344960ns          307454 1c0083ea 01900633 add              x12, x0, x25        x12=1c0010d8 x25:1c0010d8
18344980ns          307455 1c0083ec 7d4d8513 addi             x10, x27, 2004      x10=1c0007d4 x27:1c000000
18345000ns          307456 1c0083f0 013c8963 beq              x25, x19, 18        x25:1c0010d8 x19:1c0010d8
18345060ns          307459 1c008402 008a8a93 addi             x21, x21, 8         x21=1c0010dc x21:1c0010d4
18345080ns          307460 1c008404 f5391be3 bne              x18, x19, -170      x18:1c001118 x19:1c0010d8
18345139ns          307463 1c00835a 01800733 add              x14, x0, x24        x14=00000000 x24:00000000
18345159ns          307464 1c00835c 01300cb3 add              x25, x0, x19        x25=1c0010d8 x19:1c0010d8
18345179ns          307465 1c00835e 01800d33 add              x26, x0, x24        x26=00000000 x24:00000000
18345199ns          307466 1c008360 004c970b p.lh             x14, 4(x25!)        x14=00000d16 x25=1c0010dc x25:1c0010d8  PA:1c0010d8
18345517ns          307482 1c008364 004c9d0b p.lh             x26, 4(x25!)        x26=00006b95 x25=1c0010e0 x25:1c0010dc  PA:1c0010dc
18345816ns          307497 1c008368 00099303 lh               x6, 0(x19)           x6=00000d16 x19:1c0010d8  PA:1c0010d8
18346114ns          307512 1c00836c 00178793 addi             x15, x15, 1         x15=00000043 x15:00000042
18346134ns          307513 1c00836e 10074733 p.exths          x14, x14, x0        x14=00000d16 x14:00000d16
18346154ns          307514 1c008372 00fba023 sw               x15, 0(x23)         x15:00000043 x23:1c001324  PA:1c001324
18346472ns          307530 1c008376 320a0e13 addi             x28, x20, 800       x28=1c001320 x20:1c001000
18346492ns          307531 1c00837a 0ccb0593 addi             x11, x22, 204       x11=1c0000cc x22:1c000000
18346512ns          307532 1c00837e 006006b3 add              x13, x0, x6         x13=00000d16  x6:00000d16
18346532ns          307533 1c008380 7d4d8513 addi             x10, x27, 2004      x10=1c0007d4 x27:1c000000
18346552ns          307534 1c008384 00e00633 add              x12, x0, x14        x12=00000d16 x14:00000d16
18346572ns          307535 1c008386 00898993 addi             x19, x19, 8         x19=1c0010e0 x19:1c0010d8
18346591ns          307536 1c008388 100d4d33 p.exths          x26, x26, x0        x26=00006b95 x26:00006b95
18346611ns          307537 1c00838c 00670b63 beq              x14, x6, 22         x14:00000d16  x6:00000d16
18346671ns          307540 1c0083a2 00178793 addi             x15, x15, 1         x15=00000044 x15:00000043
18346691ns          307541 1c0083a4 000a9703 lh               x14, 0(x21)         x14=00006b95 x21:1c0010dc  PA:1c0010dc
18346989ns          307556 1c0083a8 1c000537 lui              x10, 0x1c000000     x10=1c000000
18347009ns          307557 1c0083ac 00fba023 sw               x15, 0(x23)         x15:00000044 x23:1c001324  PA:1c001324
18347327ns          307573 1c0083b0 0ec50593 addi             x11, x10, 236       x11=1c0000ec x10:1c000000
18347347ns          307574 1c0083b4 320a0313 addi             x6, x20, 800         x6=1c001320 x20:1c001000
18347367ns          307575 1c0083b8 01a00633 add              x12, x0, x26        x12=00006b95 x26:00006b95
18347387ns          307576 1c0083ba 00e006b3 add              x13, x0, x14        x13=00006b95 x14:00006b95
18347407ns          307577 1c0083bc 7d4d8513 addi             x10, x27, 2004      x10=1c0007d4 x27:1c000000
18347427ns          307578 1c0083c0 00ed0b63 beq              x26, x14, 22        x26:00006b95 x14:00006b95
18347487ns          307581 1c0083d6 00178793 addi             x15, x15, 1         x15=00000045 x15:00000044
18347506ns          307582 1c0083d8 1c000537 lui              x10, 0x1c000000     x10=1c000000
18347526ns          307583 1c0083dc 00fba023 sw               x15, 0(x23)         x15:00000045 x23:1c001324  PA:1c001324
18347864ns          307600 1c0083e0 10c50593 addi             x11, x10, 268       x11=1c00010c x10:1c000000
18347884ns          307601 1c0083e4 320a0713 addi             x14, x20, 800       x14=1c001320 x20:1c001000
18347904ns          307602 1c0083e8 013006b3 add              x13, x0, x19        x13=1c0010e0 x19:1c0010e0
18347924ns          307603 1c0083ea 01900633 add              x12, x0, x25        x12=1c0010e0 x25:1c0010e0
18347944ns          307604 1c0083ec 7d4d8513 addi             x10, x27, 2004      x10=1c0007d4 x27:1c000000
18347964ns          307605 1c0083f0 013c8963 beq              x25, x19, 18        x25:1c0010e0 x19:1c0010e0
18348024ns          307608 1c008402 008a8a93 addi             x21, x21, 8         x21=1c0010e4 x21:1c0010dc
18348044ns          307609 1c008404 f5391be3 bne              x18, x19, -170      x18:1c001118 x19:1c0010e0
18348103ns          307612 1c00835a 01800733 add              x14, x0, x24        x14=00000000 x24:00000000
18348123ns          307613 1c00835c 01300cb3 add              x25, x0, x19        x25=1c0010e0 x19:1c0010e0
18348143ns          307614 1c00835e 01800d33 add              x26, x0, x24        x26=00000000 x24:00000000
18348163ns          307615 1c008360 004c970b p.lh             x14, 4(x25!)        x14=00005808 x25=1c0010e4 x25:1c0010e0  PA:1c0010e0
18348461ns          307630 1c008364 004c9d0b p.lh             x26, 4(x25!)        x26=ffffb840 x25=1c0010e8 x25:1c0010e4  PA:1c0010e4
18348760ns          307645 1c008368 00099303 lh               x6, 0(x19)           x6=00005808 x19:1c0010e0  PA:1c0010e0
18349058ns          307660 1c00836c 00178793 addi             x15, x15, 1         x15=00000046 x15:00000045
18349078ns          307661 1c00836e 10074733 p.exths          x14, x14, x0        x14=00005808 x14:00005808
18349098ns          307662 1c008372 00fba023 sw               x15, 0(x23)         x15:00000046 x23:1c001324  PA:1c001324
18349416ns          307678 1c008376 320a0e13 addi             x28, x20, 800       x28=1c001320 x20:1c001000
18349436ns          307679 1c00837a 0ccb0593 addi             x11, x22, 204       x11=1c0000cc x22:1c000000
18349456ns          307680 1c00837e 006006b3 add              x13, x0, x6         x13=00005808  x6:00005808
18349476ns          307681 1c008380 7d4d8513 addi             x10, x27, 2004      x10=1c0007d4 x27:1c000000
18349496ns          307682 1c008384 00e00633 add              x12, x0, x14        x12=00005808 x14:00005808
18349515ns          307683 1c008386 00898993 addi             x19, x19, 8         x19=1c0010e8 x19:1c0010e0
18349535ns          307684 1c008388 100d4d33 p.exths          x26, x26, x0        x26=ffffb840 x26:ffffb840
18349555ns          307685 1c00838c 00670b63 beq              x14, x6, 22         x14:00005808  x6:00005808
18349615ns          307688 1c0083a2 00178793 addi             x15, x15, 1         x15=00000047 x15:00000046
18349635ns          307689 1c0083a4 000a9703 lh               x14, 0(x21)         x14=ffffb840 x21:1c0010e4  PA:1c0010e4
18349953ns          307705 1c0083a8 1c000537 lui              x10, 0x1c000000     x10=1c000000
18349973ns          307706 1c0083ac 00fba023 sw               x15, 0(x23)         x15:00000047 x23:1c001324  PA:1c001324
18350291ns          307722 1c0083b0 0ec50593 addi             x11, x10, 236       x11=1c0000ec x10:1c000000
18350311ns          307723 1c0083b4 320a0313 addi             x6, x20, 800         x6=1c001320 x20:1c001000
18350331ns          307724 1c0083b8 01a00633 add              x12, x0, x26        x12=ffffb840 x26:ffffb840
18350351ns          307725 1c0083ba 00e006b3 add              x13, x0, x14        x13=ffffb840 x14:ffffb840
18350371ns          307726 1c0083bc 7d4d8513 addi             x10, x27, 2004      x10=1c0007d4 x27:1c000000
18350391ns          307727 1c0083c0 00ed0b63 beq              x26, x14, 22        x26:ffffb840 x14:ffffb840
18350450ns          307730 1c0083d6 00178793 addi             x15, x15, 1         x15=00000048 x15:00000047
18350470ns          307731 1c0083d8 1c000537 lui              x10, 0x1c000000     x10=1c000000
18350490ns          307732 1c0083dc 00fba023 sw               x15, 0(x23)         x15:00000048 x23:1c001324  PA:1c001324
18350808ns          307748 1c0083e0 10c50593 addi             x11, x10, 268       x11=1c00010c x10:1c000000
18350828ns          307749 1c0083e4 320a0713 addi             x14, x20, 800       x14=1c001320 x20:1c001000
18350848ns          307750 1c0083e8 013006b3 add              x13, x0, x19        x13=1c0010e8 x19:1c0010e8
18350868ns          307751 1c0083ea 01900633 add              x12, x0, x25        x12=1c0010e8 x25:1c0010e8
18350888ns          307752 1c0083ec 7d4d8513 addi             x10, x27, 2004      x10=1c0007d4 x27:1c000000
18350908ns          307753 1c0083f0 013c8963 beq              x25, x19, 18        x25:1c0010e8 x19:1c0010e8
18350967ns          307756 1c008402 008a8a93 addi             x21, x21, 8         x21=1c0010ec x21:1c0010e4
18350987ns          307757 1c008404 f5391be3 bne              x18, x19, -170      x18:1c001118 x19:1c0010e8
18351047ns          307760 1c00835a 01800733 add              x14, x0, x24        x14=00000000 x24:00000000
18351067ns          307761 1c00835c 01300cb3 add              x25, x0, x19        x25=1c0010e8 x19:1c0010e8
18351087ns          307762 1c00835e 01800d33 add              x26, x0, x24        x26=00000000 x24:00000000
18351107ns          307763 1c008360 004c970b p.lh             x14, 4(x25!)        x14=ffff9fd0 x25=1c0010ec x25:1c0010e8  PA:1c0010e8
18351405ns          307778 1c008364 004c9d0b p.lh             x26, 4(x25!)        x26=ffff9323 x25=1c0010f0 x25:1c0010ec  PA:1c0010ec
18351703ns          307793 1c008368 00099303 lh               x6, 0(x19)           x6=ffff9fd0 x19:1c0010e8  PA:1c0010e8
18352002ns          307808 1c00836c 00178793 addi             x15, x15, 1         x15=00000049 x15:00000048
18352022ns          307809 1c00836e 10074733 p.exths          x14, x14, x0        x14=ffff9fd0 x14:ffff9fd0
18352042ns          307810 1c008372 00fba023 sw               x15, 0(x23)         x15:00000049 x23:1c001324  PA:1c001324
18352380ns          307827 1c008376 320a0e13 addi             x28, x20, 800       x28=1c001320 x20:1c001000
18352400ns          307828 1c00837a 0ccb0593 addi             x11, x22, 204       x11=1c0000cc x22:1c000000
18352419ns          307829 1c00837e 006006b3 add              x13, x0, x6         x13=ffff9fd0  x6:ffff9fd0
18352439ns          307830 1c008380 7d4d8513 addi             x10, x27, 2004      x10=1c0007d4 x27:1c000000
18352459ns          307831 1c008384 00e00633 add              x12, x0, x14        x12=ffff9fd0 x14:ffff9fd0
18352479ns          307832 1c008386 00898993 addi             x19, x19, 8         x19=1c0010f0 x19:1c0010e8
18352499ns          307833 1c008388 100d4d33 p.exths          x26, x26, x0        x26=ffff9323 x26:ffff9323
18352519ns          307834 1c00838c 00670b63 beq              x14, x6, 22         x14:ffff9fd0  x6:ffff9fd0
18352579ns          307837 1c0083a2 00178793 addi             x15, x15, 1         x15=0000004a x15:00000049
18352598ns          307838 1c0083a4 000a9703 lh               x14, 0(x21)         x14=ffff9323 x21:1c0010ec  PA:1c0010ec
18352897ns          307853 1c0083a8 1c000537 lui              x10, 0x1c000000     x10=1c000000
18352917ns          307854 1c0083ac 00fba023 sw               x15, 0(x23)         x15:0000004a x23:1c001324  PA:1c001324
18353255ns          307871 1c0083b0 0ec50593 addi             x11, x10, 236       x11=1c0000ec x10:1c000000
18353275ns          307872 1c0083b4 320a0313 addi             x6, x20, 800         x6=1c001320 x20:1c001000
18353295ns          307873 1c0083b8 01a00633 add              x12, x0, x26        x12=ffff9323 x26:ffff9323
18353315ns          307874 1c0083ba 00e006b3 add              x13, x0, x14        x13=ffff9323 x14:ffff9323
18353334ns          307875 1c0083bc 7d4d8513 addi             x10, x27, 2004      x10=1c0007d4 x27:1c000000
18353354ns          307876 1c0083c0 00ed0b63 beq              x26, x14, 22        x26:ffff9323 x14:ffff9323
18353414ns          307879 1c0083d6 00178793 addi             x15, x15, 1         x15=0000004b x15:0000004a
18353434ns          307880 1c0083d8 1c000537 lui              x10, 0x1c000000     x10=1c000000
18353454ns          307881 1c0083dc 00fba023 sw               x15, 0(x23)         x15:0000004b x23:1c001324  PA:1c001324
18353792ns          307898 1c0083e0 10c50593 addi             x11, x10, 268       x11=1c00010c x10:1c000000
18353812ns          307899 1c0083e4 320a0713 addi             x14, x20, 800       x14=1c001320 x20:1c001000
18353832ns          307900 1c0083e8 013006b3 add              x13, x0, x19        x13=1c0010f0 x19:1c0010f0
18353852ns          307901 1c0083ea 01900633 add              x12, x0, x25        x12=1c0010f0 x25:1c0010f0
18353871ns          307902 1c0083ec 7d4d8513 addi             x10, x27, 2004      x10=1c0007d4 x27:1c000000
18353891ns          307903 1c0083f0 013c8963 beq              x25, x19, 18        x25:1c0010f0 x19:1c0010f0
18353951ns          307906 1c008402 008a8a93 addi             x21, x21, 8         x21=1c0010f4 x21:1c0010ec
18353971ns          307907 1c008404 f5391be3 bne              x18, x19, -170      x18:1c001118 x19:1c0010f0
18354031ns          307910 1c00835a 01800733 add              x14, x0, x24        x14=00000000 x24:00000000
18354051ns          307911 1c00835c 01300cb3 add              x25, x0, x19        x25=1c0010f0 x19:1c0010f0
18354070ns          307912 1c00835e 01800d33 add              x26, x0, x24        x26=00000000 x24:00000000
18354090ns          307913 1c008360 004c970b p.lh             x14, 4(x25!)        x14=00005c4c x25=1c0010f4 x25:1c0010f0  PA:1c0010f0
18354389ns          307928 1c008364 004c9d0b p.lh             x26, 4(x25!)        x26=ffff8ec3 x25=1c0010f8 x25:1c0010f4  PA:1c0010f4
18354707ns          307944 1c008368 00099303 lh               x6, 0(x19)           x6=00005c4c x19:1c0010f0  PA:1c0010f0
18355005ns          307959 1c00836c 00178793 addi             x15, x15, 1         x15=0000004c x15:0000004b
18355025ns          307960 1c00836e 10074733 p.exths          x14, x14, x0        x14=00005c4c x14:00005c4c
18355045ns          307961 1c008372 00fba023 sw               x15, 0(x23)         x15:0000004c x23:1c001324  PA:1c001324
18355363ns          307977 1c008376 320a0e13 addi             x28, x20, 800       x28=1c001320 x20:1c001000
18355383ns          307978 1c00837a 0ccb0593 addi             x11, x22, 204       x11=1c0000cc x22:1c000000
18355403ns          307979 1c00837e 006006b3 add              x13, x0, x6         x13=00005c4c  x6:00005c4c
18355423ns          307980 1c008380 7d4d8513 addi             x10, x27, 2004      x10=1c0007d4 x27:1c000000
18355443ns          307981 1c008384 00e00633 add              x12, x0, x14        x12=00005c4c x14:00005c4c
18355463ns          307982 1c008386 00898993 addi             x19, x19, 8         x19=1c0010f8 x19:1c0010f0
18355483ns          307983 1c008388 100d4d33 p.exths          x26, x26, x0        x26=ffff8ec3 x26:ffff8ec3
18355503ns          307984 1c00838c 00670b63 beq              x14, x6, 22         x14:00005c4c  x6:00005c4c
18355562ns          307987 1c0083a2 00178793 addi             x15, x15, 1         x15=0000004d x15:0000004c
18355582ns          307988 1c0083a4 000a9703 lh               x14, 0(x21)         x14=ffff8ec3 x21:1c0010f4  PA:1c0010f4
18355920ns          308005 1c0083a8 1c000537 lui              x10, 0x1c000000     x10=1c000000
18355940ns          308006 1c0083ac 00fba023 sw               x15, 0(x23)         x15:0000004d x23:1c001324  PA:1c001324
18356258ns          308022 1c0083b0 0ec50593 addi             x11, x10, 236       x11=1c0000ec x10:1c000000
18356278ns          308023 1c0083b4 320a0313 addi             x6, x20, 800         x6=1c001320 x20:1c001000
18356298ns          308024 1c0083b8 01a00633 add              x12, x0, x26        x12=ffff8ec3 x26:ffff8ec3
18356318ns          308025 1c0083ba 00e006b3 add              x13, x0, x14        x13=ffff8ec3 x14:ffff8ec3
18356338ns          308026 1c0083bc 7d4d8513 addi             x10, x27, 2004      x10=1c0007d4 x27:1c000000
18356358ns          308027 1c0083c0 00ed0b63 beq              x26, x14, 22        x26:ffff8ec3 x14:ffff8ec3
18356418ns          308030 1c0083d6 00178793 addi             x15, x15, 1         x15=0000004e x15:0000004d
18356437ns          308031 1c0083d8 1c000537 lui              x10, 0x1c000000     x10=1c000000
18356457ns          308032 1c0083dc 00fba023 sw               x15, 0(x23)         x15:0000004e x23:1c001324  PA:1c001324
18356776ns          308048 1c0083e0 10c50593 addi             x11, x10, 268       x11=1c00010c x10:1c000000
18356795ns          308049 1c0083e4 320a0713 addi             x14, x20, 800       x14=1c001320 x20:1c001000
18356815ns          308050 1c0083e8 013006b3 add              x13, x0, x19        x13=1c0010f8 x19:1c0010f8
18356835ns          308051 1c0083ea 01900633 add              x12, x0, x25        x12=1c0010f8 x25:1c0010f8
18356855ns          308052 1c0083ec 7d4d8513 addi             x10, x27, 2004      x10=1c0007d4 x27:1c000000
18356875ns          308053 1c0083f0 013c8963 beq              x25, x19, 18        x25:1c0010f8 x19:1c0010f8
18356935ns          308056 1c008402 008a8a93 addi             x21, x21, 8         x21=1c0010fc x21:1c0010f4
18356955ns          308057 1c008404 f5391be3 bne              x18, x19, -170      x18:1c001118 x19:1c0010f8
18357014ns          308060 1c00835a 01800733 add              x14, x0, x24        x14=00000000 x24:00000000
18357034ns          308061 1c00835c 01300cb3 add              x25, x0, x19        x25=1c0010f8 x19:1c0010f8
18357054ns          308062 1c00835e 01800d33 add              x26, x0, x24        x26=00000000 x24:00000000
18357074ns          308063 1c008360 004c970b p.lh             x14, 4(x25!)        x14=0000058e x25=1c0010fc x25:1c0010f8  PA:1c0010f8
18357372ns          308078 1c008364 004c9d0b p.lh             x26, 4(x25!)        x26=ffffaaab x25=1c001100 x25:1c0010fc  PA:1c0010fc
18357671ns          308093 1c008368 00099303 lh               x6, 0(x19)           x6=0000058e x19:1c0010f8  PA:1c0010f8
18357969ns          308108 1c00836c 00178793 addi             x15, x15, 1         x15=0000004f x15:0000004e
18357989ns          308109 1c00836e 10074733 p.exths          x14, x14, x0        x14=0000058e x14:0000058e
18358009ns          308110 1c008372 00fba023 sw               x15, 0(x23)         x15:0000004f x23:1c001324  PA:1c001324
18358327ns          308126 1c008376 320a0e13 addi             x28, x20, 800       x28=1c001320 x20:1c001000
18358347ns          308127 1c00837a 0ccb0593 addi             x11, x22, 204       x11=1c0000cc x22:1c000000
18358367ns          308128 1c00837e 006006b3 add              x13, x0, x6         x13=0000058e  x6:0000058e
18358387ns          308129 1c008380 7d4d8513 addi             x10, x27, 2004      x10=1c0007d4 x27:1c000000
18358407ns          308130 1c008384 00e00633 add              x12, x0, x14        x12=0000058e x14:0000058e
18358426ns          308131 1c008386 00898993 addi             x19, x19, 8         x19=1c001100 x19:1c0010f8
18358446ns          308132 1c008388 100d4d33 p.exths          x26, x26, x0        x26=ffffaaab x26:ffffaaab
18358466ns          308133 1c00838c 00670b63 beq              x14, x6, 22         x14:0000058e  x6:0000058e
18358526ns          308136 1c0083a2 00178793 addi             x15, x15, 1         x15=00000050 x15:0000004f
18358546ns          308137 1c0083a4 000a9703 lh               x14, 0(x21)         x14=ffffaaab x21:1c0010fc  PA:1c0010fc
18358844ns          308152 1c0083a8 1c000537 lui              x10, 0x1c000000     x10=1c000000
18358864ns          308153 1c0083ac 00fba023 sw               x15, 0(x23)         x15:00000050 x23:1c001324  PA:1c001324
18359182ns          308169 1c0083b0 0ec50593 addi             x11, x10, 236       x11=1c0000ec x10:1c000000
18359202ns          308170 1c0083b4 320a0313 addi             x6, x20, 800         x6=1c001320 x20:1c001000
18359222ns          308171 1c0083b8 01a00633 add              x12, x0, x26        x12=ffffaaab x26:ffffaaab
18359242ns          308172 1c0083ba 00e006b3 add              x13, x0, x14        x13=ffffaaab x14:ffffaaab
18359262ns          308173 1c0083bc 7d4d8513 addi             x10, x27, 2004      x10=1c0007d4 x27:1c000000
18359282ns          308174 1c0083c0 00ed0b63 beq              x26, x14, 22        x26:ffffaaab x14:ffffaaab
18359341ns          308177 1c0083d6 00178793 addi             x15, x15, 1         x15=00000051 x15:00000050
18359361ns          308178 1c0083d8 1c000537 lui              x10, 0x1c000000     x10=1c000000
18359381ns          308179 1c0083dc 00fba023 sw               x15, 0(x23)         x15:00000051 x23:1c001324  PA:1c001324
18359699ns          308195 1c0083e0 10c50593 addi             x11, x10, 268       x11=1c00010c x10:1c000000
18359719ns          308196 1c0083e4 320a0713 addi             x14, x20, 800       x14=1c001320 x20:1c001000
18359739ns          308197 1c0083e8 013006b3 add              x13, x0, x19        x13=1c001100 x19:1c001100
18359759ns          308198 1c0083ea 01900633 add              x12, x0, x25        x12=1c001100 x25:1c001100
18359779ns          308199 1c0083ec 7d4d8513 addi             x10, x27, 2004      x10=1c0007d4 x27:1c000000
18359799ns          308200 1c0083f0 013c8963 beq              x25, x19, 18        x25:1c001100 x19:1c001100
18359859ns          308203 1c008402 008a8a93 addi             x21, x21, 8         x21=1c001104 x21:1c0010fc
18359878ns          308204 1c008404 f5391be3 bne              x18, x19, -170      x18:1c001118 x19:1c001100
18359938ns          308207 1c00835a 01800733 add              x14, x0, x24        x14=00000000 x24:00000000
18359958ns          308208 1c00835c 01300cb3 add              x25, x0, x19        x25=1c001100 x19:1c001100
18359978ns          308209 1c00835e 01800d33 add              x26, x0, x24        x26=00000000 x24:00000000
18359998ns          308210 1c008360 004c970b p.lh             x14, 4(x25!)        x14=00000124 x25=1c001104 x25:1c001100  PA:1c001100
18360296ns          308225 1c008364 004c9d0b p.lh             x26, 4(x25!)        x26=00006244 x25=1c001108 x25:1c001104  PA:1c001104
18360595ns          308240 1c008368 00099303 lh               x6, 0(x19)           x6=00000124 x19:1c001100  PA:1c001100
18360893ns          308255 1c00836c 00178793 addi             x15, x15, 1         x15=00000052 x15:00000051
18360913ns          308256 1c00836e 10074733 p.exths          x14, x14, x0        x14=00000124 x14:00000124
18360933ns          308257 1c008372 00fba023 sw               x15, 0(x23)         x15:00000052 x23:1c001324  PA:1c001324
18361271ns          308274 1c008376 320a0e13 addi             x28, x20, 800       x28=1c001320 x20:1c001000
18361291ns          308275 1c00837a 0ccb0593 addi             x11, x22, 204       x11=1c0000cc x22:1c000000
18361311ns          308276 1c00837e 006006b3 add              x13, x0, x6         x13=00000124  x6:00000124
18361331ns          308277 1c008380 7d4d8513 addi             x10, x27, 2004      x10=1c0007d4 x27:1c000000
18361350ns          308278 1c008384 00e00633 add              x12, x0, x14        x12=00000124 x14:00000124
18361370ns          308279 1c008386 00898993 addi             x19, x19, 8         x19=1c001108 x19:1c001100
18361390ns          308280 1c008388 100d4d33 p.exths          x26, x26, x0        x26=00006244 x26:00006244
18361410ns          308281 1c00838c 00670b63 beq              x14, x6, 22         x14:00000124  x6:00000124
18361470ns          308284 1c0083a2 00178793 addi             x15, x15, 1         x15=00000053 x15:00000052
18361490ns          308285 1c0083a4 000a9703 lh               x14, 0(x21)         x14=00006244 x21:1c001104  PA:1c001104
18361788ns          308300 1c0083a8 1c000537 lui              x10, 0x1c000000     x10=1c000000
18361808ns          308301 1c0083ac 00fba023 sw               x15, 0(x23)         x15:00000053 x23:1c001324  PA:1c001324
18362126ns          308317 1c0083b0 0ec50593 addi             x11, x10, 236       x11=1c0000ec x10:1c000000
18362146ns          308318 1c0083b4 320a0313 addi             x6, x20, 800         x6=1c001320 x20:1c001000
18362166ns          308319 1c0083b8 01a00633 add              x12, x0, x26        x12=00006244 x26:00006244
18362186ns          308320 1c0083ba 00e006b3 add              x13, x0, x14        x13=00006244 x14:00006244
18362206ns          308321 1c0083bc 7d4d8513 addi             x10, x27, 2004      x10=1c0007d4 x27:1c000000
18362226ns          308322 1c0083c0 00ed0b63 beq              x26, x14, 22        x26:00006244 x14:00006244
18362285ns          308325 1c0083d6 00178793 addi             x15, x15, 1         x15=00000054 x15:00000053
18362305ns          308326 1c0083d8 1c000537 lui              x10, 0x1c000000     x10=1c000000
18362325ns          308327 1c0083dc 00fba023 sw               x15, 0(x23)         x15:00000054 x23:1c001324  PA:1c001324
18362643ns          308343 1c0083e0 10c50593 addi             x11, x10, 268       x11=1c00010c x10:1c000000
18362663ns          308344 1c0083e4 320a0713 addi             x14, x20, 800       x14=1c001320 x20:1c001000
18362683ns          308345 1c0083e8 013006b3 add              x13, x0, x19        x13=1c001108 x19:1c001108
18362703ns          308346 1c0083ea 01900633 add              x12, x0, x25        x12=1c001108 x25:1c001108
18362723ns          308347 1c0083ec 7d4d8513 addi             x10, x27, 2004      x10=1c0007d4 x27:1c000000
18362743ns          308348 1c0083f0 013c8963 beq              x25, x19, 18        x25:1c001108 x19:1c001108
18362802ns          308351 1c008402 008a8a93 addi             x21, x21, 8         x21=1c00110c x21:1c001104
18362822ns          308352 1c008404 f5391be3 bne              x18, x19, -170      x18:1c001118 x19:1c001108
18362882ns          308355 1c00835a 01800733 add              x14, x0, x24        x14=00000000 x24:00000000
18362902ns          308356 1c00835c 01300cb3 add              x25, x0, x19        x25=1c001108 x19:1c001108
18362922ns          308357 1c00835e 01800d33 add              x26, x0, x24        x26=00000000 x24:00000000
18362942ns          308358 1c008360 004c970b p.lh             x14, 4(x25!)        x14=fffffa40 x25=1c00110c x25:1c001108  PA:1c001108
18363240ns          308373 1c008364 004c9d0b p.lh             x26, 4(x25!)        x26=ffffb8e9 x25=1c001110 x25:1c00110c  PA:1c00110c
18363538ns          308388 1c008368 00099303 lh               x6, 0(x19)           x6=fffffa40 x19:1c001108  PA:1c001108
18363857ns          308404 1c00836c 00178793 addi             x15, x15, 1         x15=00000055 x15:00000054
18363877ns          308405 1c00836e 10074733 p.exths          x14, x14, x0        x14=fffffa40 x14:fffffa40
18363896ns          308406 1c008372 00fba023 sw               x15, 0(x23)         x15:00000055 x23:1c001324  PA:1c001324
18364215ns          308422 1c008376 320a0e13 addi             x28, x20, 800       x28=1c001320 x20:1c001000
18364235ns          308423 1c00837a 0ccb0593 addi             x11, x22, 204       x11=1c0000cc x22:1c000000
18364254ns          308424 1c00837e 006006b3 add              x13, x0, x6         x13=fffffa40  x6:fffffa40
18364274ns          308425 1c008380 7d4d8513 addi             x10, x27, 2004      x10=1c0007d4 x27:1c000000
18364294ns          308426 1c008384 00e00633 add              x12, x0, x14        x12=fffffa40 x14:fffffa40
18364314ns          308427 1c008386 00898993 addi             x19, x19, 8         x19=1c001110 x19:1c001108
18364334ns          308428 1c008388 100d4d33 p.exths          x26, x26, x0        x26=ffffb8e9 x26:ffffb8e9
18364354ns          308429 1c00838c 00670b63 beq              x14, x6, 22         x14:fffffa40  x6:fffffa40
18364414ns          308432 1c0083a2 00178793 addi             x15, x15, 1         x15=00000056 x15:00000055
18364433ns          308433 1c0083a4 000a9703 lh               x14, 0(x21)         x14=ffffb8e9 x21:1c00110c  PA:1c00110c
18364732ns          308448 1c0083a8 1c000537 lui              x10, 0x1c000000     x10=1c000000
18364752ns          308449 1c0083ac 00fba023 sw               x15, 0(x23)         x15:00000056 x23:1c001324  PA:1c001324
18365090ns          308466 1c0083b0 0ec50593 addi             x11, x10, 236       x11=1c0000ec x10:1c000000
18365110ns          308467 1c0083b4 320a0313 addi             x6, x20, 800         x6=1c001320 x20:1c001000
18365130ns          308468 1c0083b8 01a00633 add              x12, x0, x26        x12=ffffb8e9 x26:ffffb8e9
18365150ns          308469 1c0083ba 00e006b3 add              x13, x0, x14        x13=ffffb8e9 x14:ffffb8e9
18365169ns          308470 1c0083bc 7d4d8513 addi             x10, x27, 2004      x10=1c0007d4 x27:1c000000
18365189ns          308471 1c0083c0 00ed0b63 beq              x26, x14, 22        x26:ffffb8e9 x14:ffffb8e9
18365249ns          308474 1c0083d6 00178793 addi             x15, x15, 1         x15=00000057 x15:00000056
18365269ns          308475 1c0083d8 1c000537 lui              x10, 0x1c000000     x10=1c000000
18365289ns          308476 1c0083dc 00fba023 sw               x15, 0(x23)         x15:00000057 x23:1c001324  PA:1c001324
18365607ns          308492 1c0083e0 10c50593 addi             x11, x10, 268       x11=1c00010c x10:1c000000
18365627ns          308493 1c0083e4 320a0713 addi             x14, x20, 800       x14=1c001320 x20:1c001000
18365647ns          308494 1c0083e8 013006b3 add              x13, x0, x19        x13=1c001110 x19:1c001110
18365667ns          308495 1c0083ea 01900633 add              x12, x0, x25        x12=1c001110 x25:1c001110
18365687ns          308496 1c0083ec 7d4d8513 addi             x10, x27, 2004      x10=1c0007d4 x27:1c000000
18365706ns          308497 1c0083f0 013c8963 beq              x25, x19, 18        x25:1c001110 x19:1c001110
18365766ns          308500 1c008402 008a8a93 addi             x21, x21, 8         x21=1c001114 x21:1c00110c
18365786ns          308501 1c008404 f5391be3 bne              x18, x19, -170      x18:1c001118 x19:1c001110
18365846ns          308504 1c00835a 01800733 add              x14, x0, x24        x14=00000000 x24:00000000
18365866ns          308505 1c00835c 01300cb3 add              x25, x0, x19        x25=1c001110 x19:1c001110
18365886ns          308506 1c00835e 01800d33 add              x26, x0, x24        x26=00000000 x24:00000000
18365905ns          308507 1c008360 004c970b p.lh             x14, 4(x25!)        x14=ffffa6e1 x25=1c001114 x25:1c001110  PA:1c001110
18366204ns          308522 1c008364 004c9d0b p.lh             x26, 4(x25!)        x26=000047d7 x25=1c001118 x25:1c001114  PA:1c001114
18366522ns          308538 1c008368 00099303 lh               x6, 0(x19)           x6=ffffa6e1 x19:1c001110  PA:1c001110
18366820ns          308553 1c00836c 00178793 addi             x15, x15, 1         x15=00000058 x15:00000057
18366840ns          308554 1c00836e 10074733 p.exths          x14, x14, x0        x14=ffffa6e1 x14:ffffa6e1
18366860ns          308555 1c008372 00fba023 sw               x15, 0(x23)         x15:00000058 x23:1c001324  PA:1c001324
18367178ns          308571 1c008376 320a0e13 addi             x28, x20, 800       x28=1c001320 x20:1c001000
18367198ns          308572 1c00837a 0ccb0593 addi             x11, x22, 204       x11=1c0000cc x22:1c000000
18367218ns          308573 1c00837e 006006b3 add              x13, x0, x6         x13=ffffa6e1  x6:ffffa6e1
18367238ns          308574 1c008380 7d4d8513 addi             x10, x27, 2004      x10=1c0007d4 x27:1c000000
18367258ns          308575 1c008384 00e00633 add              x12, x0, x14        x12=ffffa6e1 x14:ffffa6e1
18367278ns          308576 1c008386 00898993 addi             x19, x19, 8         x19=1c001118 x19:1c001110
18367298ns          308577 1c008388 100d4d33 p.exths          x26, x26, x0        x26=000047d7 x26:000047d7
18367318ns          308578 1c00838c 00670b63 beq              x14, x6, 22         x14:ffffa6e1  x6:ffffa6e1
18367377ns          308581 1c0083a2 00178793 addi             x15, x15, 1         x15=00000059 x15:00000058
18367397ns          308582 1c0083a4 000a9703 lh               x14, 0(x21)         x14=000047d7 x21:1c001114  PA:1c001114
18367715ns          308598 1c0083a8 1c000537 lui              x10, 0x1c000000     x10=1c000000
18367735ns          308599 1c0083ac 00fba023 sw               x15, 0(x23)         x15:00000059 x23:1c001324  PA:1c001324
18368054ns          308615 1c0083b0 0ec50593 addi             x11, x10, 236       x11=1c0000ec x10:1c000000
18368073ns          308616 1c0083b4 320a0313 addi             x6, x20, 800         x6=1c001320 x20:1c001000
18368093ns          308617 1c0083b8 01a00633 add              x12, x0, x26        x12=000047d7 x26:000047d7
18368113ns          308618 1c0083ba 00e006b3 add              x13, x0, x14        x13=000047d7 x14:000047d7
18368133ns          308619 1c0083bc 7d4d8513 addi             x10, x27, 2004      x10=1c0007d4 x27:1c000000
18368153ns          308620 1c0083c0 00ed0b63 beq              x26, x14, 22        x26:000047d7 x14:000047d7
18368213ns          308623 1c0083d6 00178793 addi             x15, x15, 1         x15=0000005a x15:00000059
18368233ns          308624 1c0083d8 1c000537 lui              x10, 0x1c000000     x10=1c000000
18368253ns          308625 1c0083dc 00fba023 sw               x15, 0(x23)         x15:0000005a x23:1c001324  PA:1c001324
18368571ns          308641 1c0083e0 10c50593 addi             x11, x10, 268       x11=1c00010c x10:1c000000
18368591ns          308642 1c0083e4 320a0713 addi             x14, x20, 800       x14=1c001320 x20:1c001000
18368611ns          308643 1c0083e8 013006b3 add              x13, x0, x19        x13=1c001118 x19:1c001118
18368630ns          308644 1c0083ea 01900633 add              x12, x0, x25        x12=1c001118 x25:1c001118
18368650ns          308645 1c0083ec 7d4d8513 addi             x10, x27, 2004      x10=1c0007d4 x27:1c000000
18368670ns          308646 1c0083f0 013c8963 beq              x25, x19, 18        x25:1c001118 x19:1c001118
18368730ns          308649 1c008402 008a8a93 addi             x21, x21, 8         x21=1c00111c x21:1c001114
18368750ns          308650 1c008404 f5391be3 bne              x18, x19, -170      x18:1c001118 x19:1c001118
18368770ns          308651 1c008408 00900ab3 add              x21, x0, x9         x21=1c0010cc  x9:1c0010cc
18368790ns          308652 1c00840a 008009b3 add              x19, x0, x8         x19=1c0010c8  x8:1c0010c8
18368809ns          308653 1c00840c 00000c13 addi             x24, x0, 0          x24=00000000
18369247ns          308675 1c00840e 1c001a37 lui              x20, 0x1c001000     x20=1c001000
18369287ns          308677 1c008412 1c000b37 lui              x22, 0x1c000000     x22=1c000000
18369307ns          308678 1c008416 1c000db7 lui              x27, 0x1c000000     x27=1c000000
18369327ns          308679 1c00841a 01800733 add              x14, x0, x24        x14=00000000 x24:00000000
18369346ns          308680 1c00841c 01300cb3 add              x25, x0, x19        x25=1c0010c8 x19:1c0010c8
18369366ns          308681 1c00841e 01800d33 add              x26, x0, x24        x26=00000000 x24:00000000
18369764ns          308701 1c008420 004cc70b p.lbu            x14, 4(x25!)        x14=000000ba x25=1c0010cc x25:1c0010c8  PA:1c0010c8
18370082ns          308717 1c008424 004ccd0b p.lbu            x26, 4(x25!)        x26=00000044 x25=1c0010d0 x25:1c0010cc  PA:1c0010cc
18370381ns          308732 1c008428 0009c303 lbu              x6, 0(x19)           x6=000000ba x19:1c0010c8  PA:1c0010c8
18370699ns          308748 1c00842c 00178793 addi             x15, x15, 1         x15=0000005b x15:0000005a
18370719ns          308749 1c00842e 0ff77713 andi             x14, x14, 255       x14=000000ba x14:000000ba
18370739ns          308750 1c008432 00fba023 sw               x15, 0(x23)         x15:0000005b x23:1c001324  PA:1c001324
18371057ns          308766 1c008436 320a0e13 addi             x28, x20, 800       x28=1c001320 x20:1c001000
18371077ns          308767 1c00843a 124b0593 addi             x11, x22, 292       x11=1c000124 x22:1c000000
18371097ns          308768 1c00843e 006006b3 add              x13, x0, x6         x13=000000ba  x6:000000ba
18371216ns          308774 1c008440 7d4d8513 addi             x10, x27, 2004      x10=1c0007d4 x27:1c000000
18371256ns          308776 1c008444 00e00633 add              x12, x0, x14        x12=000000ba x14:000000ba
18371276ns          308777 1c008446 00898993 addi             x19, x19, 8         x19=1c0010d0 x19:1c0010c8
18371296ns          308778 1c008448 0ffd7d13 andi             x26, x26, 255       x26=00000044 x26:00000044
18371316ns          308779 1c00844c 00670b63 beq              x14, x6, 22         x14:000000ba  x6:000000ba
18372191ns          308823 1c008462 00178793 addi             x15, x15, 1         x15=0000005c x15:0000005b
18372231ns          308825 1c008464 000ac703 lbu              x14, 0(x21)         x14=00000044 x21:1c0010cc  PA:1c0010cc
18372529ns          308840 1c008468 1c000537 lui              x10, 0x1c000000     x10=1c000000
18372549ns          308841 1c00846c 00fba023 sw               x15, 0(x23)         x15:0000005c x23:1c001324  PA:1c001324
18372887ns          308858 1c008470 14450593 addi             x11, x10, 324       x11=1c000144 x10:1c000000
18372907ns          308859 1c008474 320a0313 addi             x6, x20, 800         x6=1c001320 x20:1c001000
18372927ns          308860 1c008478 01a00633 add              x12, x0, x26        x12=00000044 x26:00000044
18372947ns          308861 1c00847a 00e006b3 add              x13, x0, x14        x13=00000044 x14:00000044
18372967ns          308862 1c00847c 7d4d8513 addi             x10, x27, 2004      x10=1c0007d4 x27:1c000000
18373384ns          308883 1c008480 00ed0b63 beq              x26, x14, 22        x26:00000044 x14:00000044
18373862ns          308907 1c008496 00178793 addi             x15, x15, 1         x15=0000005d x15:0000005c
18373901ns          308909 1c008498 1c000537 lui              x10, 0x1c000000     x10=1c000000
18373921ns          308910 1c00849c 00fba023 sw               x15, 0(x23)         x15:0000005d x23:1c001324  PA:1c001324
18374359ns          308932 1c0084a0 16450593 addi             x11, x10, 356       x11=1c000164 x10:1c000000
18374399ns          308934 1c0084a4 320a0713 addi             x14, x20, 800       x14=1c001320 x20:1c001000
18374419ns          308935 1c0084a8 013006b3 add              x13, x0, x19        x13=1c0010d0 x19:1c0010d0
18374439ns          308936 1c0084aa 01900633 add              x12, x0, x25        x12=1c0010d0 x25:1c0010d0
18374458ns          308937 1c0084ac 7d4d8513 addi             x10, x27, 2004      x10=1c0007d4 x27:1c000000
18374876ns          308958 1c0084b0 013c8963 beq              x25, x19, 18        x25:1c0010d0 x19:1c0010d0
18375354ns          308982 1c0084c2 008a8a93 addi             x21, x21, 8         x21=1c0010d4 x21:1c0010cc
18375393ns          308984 1c0084c4 f5391be3 bne              x18, x19, -170      x18:1c001118 x19:1c0010d0
18375453ns          308987 1c00841a 01800733 add              x14, x0, x24        x14=00000000 x24:00000000
18375473ns          308988 1c00841c 01300cb3 add              x25, x0, x19        x25=1c0010d0 x19:1c0010d0
18375493ns          308989 1c00841e 01800d33 add              x26, x0, x24        x26=00000000 x24:00000000
18375513ns          308990 1c008420 004cc70b p.lbu            x14, 4(x25!)        x14=000000a4 x25=1c0010d4 x25:1c0010d0  PA:1c0010d0
18375831ns          309006 1c008424 004ccd0b p.lbu            x26, 4(x25!)        x26=00000064 x25=1c0010d8 x25:1c0010d4  PA:1c0010d4
18376129ns          309021 1c008428 0009c303 lbu              x6, 0(x19)           x6=000000a4 x19:1c0010d0  PA:1c0010d0
18376428ns          309036 1c00842c 00178793 addi             x15, x15, 1         x15=0000005e x15:0000005d
18376447ns          309037 1c00842e 0ff77713 andi             x14, x14, 255       x14=000000a4 x14:000000a4
18376467ns          309038 1c008432 00fba023 sw               x15, 0(x23)         x15:0000005e x23:1c001324  PA:1c001324
18376786ns          309054 1c008436 320a0e13 addi             x28, x20, 800       x28=1c001320 x20:1c001000
18376806ns          309055 1c00843a 124b0593 addi             x11, x22, 292       x11=1c000124 x22:1c000000
18376825ns          309056 1c00843e 006006b3 add              x13, x0, x6         x13=000000a4  x6:000000a4
18376845ns          309057 1c008440 7d4d8513 addi             x10, x27, 2004      x10=1c0007d4 x27:1c000000
18376865ns          309058 1c008444 00e00633 add              x12, x0, x14        x12=000000a4 x14:000000a4
18376885ns          309059 1c008446 00898993 addi             x19, x19, 8         x19=1c0010d8 x19:1c0010d0
18376905ns          309060 1c008448 0ffd7d13 andi             x26, x26, 255       x26=00000064 x26:00000064
18376925ns          309061 1c00844c 00670b63 beq              x14, x6, 22         x14:000000a4  x6:000000a4
18376985ns          309064 1c008462 00178793 addi             x15, x15, 1         x15=0000005f x15:0000005e
18377004ns          309065 1c008464 000ac703 lbu              x14, 0(x21)         x14=00000064 x21:1c0010d4  PA:1c0010d4
18377303ns          309080 1c008468 1c000537 lui              x10, 0x1c000000     x10=1c000000
18377323ns          309081 1c00846c 00fba023 sw               x15, 0(x23)         x15:0000005f x23:1c001324  PA:1c001324
18377641ns          309097 1c008470 14450593 addi             x11, x10, 324       x11=1c000144 x10:1c000000
18377661ns          309098 1c008474 320a0313 addi             x6, x20, 800         x6=1c001320 x20:1c001000
18377681ns          309099 1c008478 01a00633 add              x12, x0, x26        x12=00000064 x26:00000064
18377701ns          309100 1c00847a 00e006b3 add              x13, x0, x14        x13=00000064 x14:00000064
18377721ns          309101 1c00847c 7d4d8513 addi             x10, x27, 2004      x10=1c0007d4 x27:1c000000
18377740ns          309102 1c008480 00ed0b63 beq              x26, x14, 22        x26:00000064 x14:00000064
18377800ns          309105 1c008496 00178793 addi             x15, x15, 1         x15=00000060 x15:0000005f
18377820ns          309106 1c008498 1c000537 lui              x10, 0x1c000000     x10=1c000000
18377840ns          309107 1c00849c 00fba023 sw               x15, 0(x23)         x15:00000060 x23:1c001324  PA:1c001324
18378158ns          309123 1c0084a0 16450593 addi             x11, x10, 356       x11=1c000164 x10:1c000000
18378178ns          309124 1c0084a4 320a0713 addi             x14, x20, 800       x14=1c001320 x20:1c001000
18378198ns          309125 1c0084a8 013006b3 add              x13, x0, x19        x13=1c0010d8 x19:1c0010d8
18378218ns          309126 1c0084aa 01900633 add              x12, x0, x25        x12=1c0010d8 x25:1c0010d8
18378238ns          309127 1c0084ac 7d4d8513 addi             x10, x27, 2004      x10=1c0007d4 x27:1c000000
18378258ns          309128 1c0084b0 013c8963 beq              x25, x19, 18        x25:1c0010d8 x19:1c0010d8
18378317ns          309131 1c0084c2 008a8a93 addi             x21, x21, 8         x21=1c0010dc x21:1c0010d4
18378337ns          309132 1c0084c4 f5391be3 bne              x18, x19, -170      x18:1c001118 x19:1c0010d8
18378397ns          309135 1c00841a 01800733 add              x14, x0, x24        x14=00000000 x24:00000000
18378417ns          309136 1c00841c 01300cb3 add              x25, x0, x19        x25=1c0010d8 x19:1c0010d8
18378437ns          309137 1c00841e 01800d33 add              x26, x0, x24        x26=00000000 x24:00000000
18378456ns          309138 1c008420 004cc70b p.lbu            x14, 4(x25!)        x14=00000016 x25=1c0010dc x25:1c0010d8  PA:1c0010d8
18378755ns          309153 1c008424 004ccd0b p.lbu            x26, 4(x25!)        x26=00000095 x25=1c0010e0 x25:1c0010dc  PA:1c0010dc
18379053ns          309168 1c008428 0009c303 lbu              x6, 0(x19)           x6=00000016 x19:1c0010d8  PA:1c0010d8
18379352ns          309183 1c00842c 00178793 addi             x15, x15, 1         x15=00000061 x15:00000060
18379371ns          309184 1c00842e 0ff77713 andi             x14, x14, 255       x14=00000016 x14:00000016
18379391ns          309185 1c008432 00fba023 sw               x15, 0(x23)         x15:00000061 x23:1c001324  PA:1c001324
18379710ns          309201 1c008436 320a0e13 addi             x28, x20, 800       x28=1c001320 x20:1c001000
18379729ns          309202 1c00843a 124b0593 addi             x11, x22, 292       x11=1c000124 x22:1c000000
18379749ns          309203 1c00843e 006006b3 add              x13, x0, x6         x13=00000016  x6:00000016
18379769ns          309204 1c008440 7d4d8513 addi             x10, x27, 2004      x10=1c0007d4 x27:1c000000
18379789ns          309205 1c008444 00e00633 add              x12, x0, x14        x12=00000016 x14:00000016
18379809ns          309206 1c008446 00898993 addi             x19, x19, 8         x19=1c0010e0 x19:1c0010d8
18379829ns          309207 1c008448 0ffd7d13 andi             x26, x26, 255       x26=00000095 x26:00000095
18379849ns          309208 1c00844c 00670b63 beq              x14, x6, 22         x14:00000016  x6:00000016
18379908ns          309211 1c008462 00178793 addi             x15, x15, 1         x15=00000062 x15:00000061
18379928ns          309212 1c008464 000ac703 lbu              x14, 0(x21)         x14=00000095 x21:1c0010dc  PA:1c0010dc
18380227ns          309227 1c008468 1c000537 lui              x10, 0x1c000000     x10=1c000000
18380247ns          309228 1c00846c 00fba023 sw               x15, 0(x23)         x15:00000062 x23:1c001324  PA:1c001324
18380565ns          309244 1c008470 14450593 addi             x11, x10, 324       x11=1c000144 x10:1c000000
18380585ns          309245 1c008474 320a0313 addi             x6, x20, 800         x6=1c001320 x20:1c001000
18380605ns          309246 1c008478 01a00633 add              x12, x0, x26        x12=00000095 x26:00000095
18380625ns          309247 1c00847a 00e006b3 add              x13, x0, x14        x13=00000095 x14:00000095
18380644ns          309248 1c00847c 7d4d8513 addi             x10, x27, 2004      x10=1c0007d4 x27:1c000000
18380664ns          309249 1c008480 00ed0b63 beq              x26, x14, 22        x26:00000095 x14:00000095
18380724ns          309252 1c008496 00178793 addi             x15, x15, 1         x15=00000063 x15:00000062
18380744ns          309253 1c008498 1c000537 lui              x10, 0x1c000000     x10=1c000000
18380764ns          309254 1c00849c 00fba023 sw               x15, 0(x23)         x15:00000063 x23:1c001324  PA:1c001324
18381082ns          309270 1c0084a0 16450593 addi             x11, x10, 356       x11=1c000164 x10:1c000000
18381102ns          309271 1c0084a4 320a0713 addi             x14, x20, 800       x14=1c001320 x20:1c001000
18381122ns          309272 1c0084a8 013006b3 add              x13, x0, x19        x13=1c0010e0 x19:1c0010e0
18381142ns          309273 1c0084aa 01900633 add              x12, x0, x25        x12=1c0010e0 x25:1c0010e0
18381162ns          309274 1c0084ac 7d4d8513 addi             x10, x27, 2004      x10=1c0007d4 x27:1c000000
18381181ns          309275 1c0084b0 013c8963 beq              x25, x19, 18        x25:1c0010e0 x19:1c0010e0
18381241ns          309278 1c0084c2 008a8a93 addi             x21, x21, 8         x21=1c0010e4 x21:1c0010dc
18381261ns          309279 1c0084c4 f5391be3 bne              x18, x19, -170      x18:1c001118 x19:1c0010e0
18381321ns          309282 1c00841a 01800733 add              x14, x0, x24        x14=00000000 x24:00000000
18381341ns          309283 1c00841c 01300cb3 add              x25, x0, x19        x25=1c0010e0 x19:1c0010e0
18381361ns          309284 1c00841e 01800d33 add              x26, x0, x24        x26=00000000 x24:00000000
18381380ns          309285 1c008420 004cc70b p.lbu            x14, 4(x25!)        x14=00000008 x25=1c0010e4 x25:1c0010e0  PA:1c0010e0
18381679ns          309300 1c008424 004ccd0b p.lbu            x26, 4(x25!)        x26=00000040 x25=1c0010e8 x25:1c0010e4  PA:1c0010e4
18381977ns          309315 1c008428 0009c303 lbu              x6, 0(x19)           x6=00000008 x19:1c0010e0  PA:1c0010e0
18382275ns          309330 1c00842c 00178793 addi             x15, x15, 1         x15=00000064 x15:00000063
18382295ns          309331 1c00842e 0ff77713 andi             x14, x14, 255       x14=00000008 x14:00000008
18382315ns          309332 1c008432 00fba023 sw               x15, 0(x23)         x15:00000064 x23:1c001324  PA:1c001324
18382634ns          309348 1c008436 320a0e13 addi             x28, x20, 800       x28=1c001320 x20:1c001000
18382653ns          309349 1c00843a 124b0593 addi             x11, x22, 292       x11=1c000124 x22:1c000000
18382673ns          309350 1c00843e 006006b3 add              x13, x0, x6         x13=00000008  x6:00000008
18382693ns          309351 1c008440 7d4d8513 addi             x10, x27, 2004      x10=1c0007d4 x27:1c000000
18382713ns          309352 1c008444 00e00633 add              x12, x0, x14        x12=00000008 x14:00000008
18382733ns          309353 1c008446 00898993 addi             x19, x19, 8         x19=1c0010e8 x19:1c0010e0
18382753ns          309354 1c008448 0ffd7d13 andi             x26, x26, 255       x26=00000040 x26:00000040
18382773ns          309355 1c00844c 00670b63 beq              x14, x6, 22         x14:00000008  x6:00000008
18382832ns          309358 1c008462 00178793 addi             x15, x15, 1         x15=00000065 x15:00000064
18382852ns          309359 1c008464 000ac703 lbu              x14, 0(x21)         x14=00000040 x21:1c0010e4  PA:1c0010e4
18383151ns          309374 1c008468 1c000537 lui              x10, 0x1c000000     x10=1c000000
18383171ns          309375 1c00846c 00fba023 sw               x15, 0(x23)         x15:00000065 x23:1c001324  PA:1c001324
18383489ns          309391 1c008470 14450593 addi             x11, x10, 324       x11=1c000144 x10:1c000000
18383509ns          309392 1c008474 320a0313 addi             x6, x20, 800         x6=1c001320 x20:1c001000
18383529ns          309393 1c008478 01a00633 add              x12, x0, x26        x12=00000040 x26:00000040
18383548ns          309394 1c00847a 00e006b3 add              x13, x0, x14        x13=00000040 x14:00000040
18383568ns          309395 1c00847c 7d4d8513 addi             x10, x27, 2004      x10=1c0007d4 x27:1c000000
18383588ns          309396 1c008480 00ed0b63 beq              x26, x14, 22        x26:00000040 x14:00000040
18383648ns          309399 1c008496 00178793 addi             x15, x15, 1         x15=00000066 x15:00000065
18383668ns          309400 1c008498 1c000537 lui              x10, 0x1c000000     x10=1c000000
18383688ns          309401 1c00849c 00fba023 sw               x15, 0(x23)         x15:00000066 x23:1c001324  PA:1c001324
18384006ns          309417 1c0084a0 16450593 addi             x11, x10, 356       x11=1c000164 x10:1c000000
18384026ns          309418 1c0084a4 320a0713 addi             x14, x20, 800       x14=1c001320 x20:1c001000
18384046ns          309419 1c0084a8 013006b3 add              x13, x0, x19        x13=1c0010e8 x19:1c0010e8
18384066ns          309420 1c0084aa 01900633 add              x12, x0, x25        x12=1c0010e8 x25:1c0010e8
18384086ns          309421 1c0084ac 7d4d8513 addi             x10, x27, 2004      x10=1c0007d4 x27:1c000000
18384105ns          309422 1c0084b0 013c8963 beq              x25, x19, 18        x25:1c0010e8 x19:1c0010e8
18384165ns          309425 1c0084c2 008a8a93 addi             x21, x21, 8         x21=1c0010ec x21:1c0010e4
18384185ns          309426 1c0084c4 f5391be3 bne              x18, x19, -170      x18:1c001118 x19:1c0010e8
18384245ns          309429 1c00841a 01800733 add              x14, x0, x24        x14=00000000 x24:00000000
18384265ns          309430 1c00841c 01300cb3 add              x25, x0, x19        x25=1c0010e8 x19:1c0010e8
18384284ns          309431 1c00841e 01800d33 add              x26, x0, x24        x26=00000000 x24:00000000
18384304ns          309432 1c008420 004cc70b p.lbu            x14, 4(x25!)        x14=000000d0 x25=1c0010ec x25:1c0010e8  PA:1c0010e8
18384603ns          309447 1c008424 004ccd0b p.lbu            x26, 4(x25!)        x26=00000023 x25=1c0010f0 x25:1c0010ec  PA:1c0010ec
18384901ns          309462 1c008428 0009c303 lbu              x6, 0(x19)           x6=000000d0 x19:1c0010e8  PA:1c0010e8
18385219ns          309478 1c00842c 00178793 addi             x15, x15, 1         x15=00000067 x15:00000066
18385239ns          309479 1c00842e 0ff77713 andi             x14, x14, 255       x14=000000d0 x14:000000d0
18385259ns          309480 1c008432 00fba023 sw               x15, 0(x23)         x15:00000067 x23:1c001324  PA:1c001324
18385577ns          309496 1c008436 320a0e13 addi             x28, x20, 800       x28=1c001320 x20:1c001000
18385597ns          309497 1c00843a 124b0593 addi             x11, x22, 292       x11=1c000124 x22:1c000000
18385617ns          309498 1c00843e 006006b3 add              x13, x0, x6         x13=000000d0  x6:000000d0
18385637ns          309499 1c008440 7d4d8513 addi             x10, x27, 2004      x10=1c0007d4 x27:1c000000
18385657ns          309500 1c008444 00e00633 add              x12, x0, x14        x12=000000d0 x14:000000d0
18385677ns          309501 1c008446 00898993 addi             x19, x19, 8         x19=1c0010f0 x19:1c0010e8
18385697ns          309502 1c008448 0ffd7d13 andi             x26, x26, 255       x26=00000023 x26:00000023
18385717ns          309503 1c00844c 00670b63 beq              x14, x6, 22         x14:000000d0  x6:000000d0
18385776ns          309506 1c008462 00178793 addi             x15, x15, 1         x15=00000068 x15:00000067
18385796ns          309507 1c008464 000ac703 lbu              x14, 0(x21)         x14=00000023 x21:1c0010ec  PA:1c0010ec
18386114ns          309523 1c008468 1c000537 lui              x10, 0x1c000000     x10=1c000000
18386134ns          309524 1c00846c 00fba023 sw               x15, 0(x23)         x15:00000068 x23:1c001324  PA:1c001324
18386472ns          309541 1c008470 14450593 addi             x11, x10, 324       x11=1c000144 x10:1c000000
18386492ns          309542 1c008474 320a0313 addi             x6, x20, 800         x6=1c001320 x20:1c001000
18386512ns          309543 1c008478 01a00633 add              x12, x0, x26        x12=00000023 x26:00000023
18386532ns          309544 1c00847a 00e006b3 add              x13, x0, x14        x13=00000023 x14:00000023
18386552ns          309545 1c00847c 7d4d8513 addi             x10, x27, 2004      x10=1c0007d4 x27:1c000000
18386572ns          309546 1c008480 00ed0b63 beq              x26, x14, 22        x26:00000023 x14:00000023
18386632ns          309549 1c008496 00178793 addi             x15, x15, 1         x15=00000069 x15:00000068
18386651ns          309550 1c008498 1c000537 lui              x10, 0x1c000000     x10=1c000000
18386671ns          309551 1c00849c 00fba023 sw               x15, 0(x23)         x15:00000069 x23:1c001324  PA:1c001324
18386990ns          309567 1c0084a0 16450593 addi             x11, x10, 356       x11=1c000164 x10:1c000000
18387009ns          309568 1c0084a4 320a0713 addi             x14, x20, 800       x14=1c001320 x20:1c001000
18387029ns          309569 1c0084a8 013006b3 add              x13, x0, x19        x13=1c0010f0 x19:1c0010f0
18387049ns          309570 1c0084aa 01900633 add              x12, x0, x25        x12=1c0010f0 x25:1c0010f0
18387069ns          309571 1c0084ac 7d4d8513 addi             x10, x27, 2004      x10=1c0007d4 x27:1c000000
18387089ns          309572 1c0084b0 013c8963 beq              x25, x19, 18        x25:1c0010f0 x19:1c0010f0
18387149ns          309575 1c0084c2 008a8a93 addi             x21, x21, 8         x21=1c0010f4 x21:1c0010ec
18387169ns          309576 1c0084c4 f5391be3 bne              x18, x19, -170      x18:1c001118 x19:1c0010f0
18387228ns          309579 1c00841a 01800733 add              x14, x0, x24        x14=00000000 x24:00000000
18387248ns          309580 1c00841c 01300cb3 add              x25, x0, x19        x25=1c0010f0 x19:1c0010f0
18387268ns          309581 1c00841e 01800d33 add              x26, x0, x24        x26=00000000 x24:00000000
18387288ns          309582 1c008420 004cc70b p.lbu            x14, 4(x25!)        x14=0000004c x25=1c0010f4 x25:1c0010f0  PA:1c0010f0
18387586ns          309597 1c008424 004ccd0b p.lbu            x26, 4(x25!)        x26=000000c3 x25=1c0010f8 x25:1c0010f4  PA:1c0010f4
18387905ns          309613 1c008428 0009c303 lbu              x6, 0(x19)           x6=0000004c x19:1c0010f0  PA:1c0010f0
18388203ns          309628 1c00842c 00178793 addi             x15, x15, 1         x15=0000006a x15:00000069
18388223ns          309629 1c00842e 0ff77713 andi             x14, x14, 255       x14=0000004c x14:0000004c
18388243ns          309630 1c008432 00fba023 sw               x15, 0(x23)         x15:0000006a x23:1c001324  PA:1c001324
18388561ns          309646 1c008436 320a0e13 addi             x28, x20, 800       x28=1c001320 x20:1c001000
18388581ns          309647 1c00843a 124b0593 addi             x11, x22, 292       x11=1c000124 x22:1c000000
18388601ns          309648 1c00843e 006006b3 add              x13, x0, x6         x13=0000004c  x6:0000004c
18388621ns          309649 1c008440 7d4d8513 addi             x10, x27, 2004      x10=1c0007d4 x27:1c000000
18388641ns          309650 1c008444 00e00633 add              x12, x0, x14        x12=0000004c x14:0000004c
18388660ns          309651 1c008446 00898993 addi             x19, x19, 8         x19=1c0010f8 x19:1c0010f0
18388680ns          309652 1c008448 0ffd7d13 andi             x26, x26, 255       x26=000000c3 x26:000000c3
18388700ns          309653 1c00844c 00670b63 beq              x14, x6, 22         x14:0000004c  x6:0000004c
18388760ns          309656 1c008462 00178793 addi             x15, x15, 1         x15=0000006b x15:0000006a
18388780ns          309657 1c008464 000ac703 lbu              x14, 0(x21)         x14=000000c3 x21:1c0010f4  PA:1c0010f4
18389078ns          309672 1c008468 1c000537 lui              x10, 0x1c000000     x10=1c000000
18389098ns          309673 1c00846c 00fba023 sw               x15, 0(x23)         x15:0000006b x23:1c001324  PA:1c001324
18389416ns          309689 1c008470 14450593 addi             x11, x10, 324       x11=1c000144 x10:1c000000
18389436ns          309690 1c008474 320a0313 addi             x6, x20, 800         x6=1c001320 x20:1c001000
18389456ns          309691 1c008478 01a00633 add              x12, x0, x26        x12=000000c3 x26:000000c3
18389476ns          309692 1c00847a 00e006b3 add              x13, x0, x14        x13=000000c3 x14:000000c3
18389496ns          309693 1c00847c 7d4d8513 addi             x10, x27, 2004      x10=1c0007d4 x27:1c000000
18389516ns          309694 1c008480 00ed0b63 beq              x26, x14, 22        x26:000000c3 x14:000000c3
18389575ns          309697 1c008496 00178793 addi             x15, x15, 1         x15=0000006c x15:0000006b
18389595ns          309698 1c008498 1c000537 lui              x10, 0x1c000000     x10=1c000000
18389615ns          309699 1c00849c 00fba023 sw               x15, 0(x23)         x15:0000006c x23:1c001324  PA:1c001324
18389953ns          309716 1c0084a0 16450593 addi             x11, x10, 356       x11=1c000164 x10:1c000000
18389973ns          309717 1c0084a4 320a0713 addi             x14, x20, 800       x14=1c001320 x20:1c001000
18389993ns          309718 1c0084a8 013006b3 add              x13, x0, x19        x13=1c0010f8 x19:1c0010f8
18390013ns          309719 1c0084aa 01900633 add              x12, x0, x25        x12=1c0010f8 x25:1c0010f8
18390033ns          309720 1c0084ac 7d4d8513 addi             x10, x27, 2004      x10=1c0007d4 x27:1c000000
18390053ns          309721 1c0084b0 013c8963 beq              x25, x19, 18        x25:1c0010f8 x19:1c0010f8
18390112ns          309724 1c0084c2 008a8a93 addi             x21, x21, 8         x21=1c0010fc x21:1c0010f4
18390132ns          309725 1c0084c4 f5391be3 bne              x18, x19, -170      x18:1c001118 x19:1c0010f8
18390192ns          309728 1c00841a 01800733 add              x14, x0, x24        x14=00000000 x24:00000000
18390212ns          309729 1c00841c 01300cb3 add              x25, x0, x19        x25=1c0010f8 x19:1c0010f8
18390232ns          309730 1c00841e 01800d33 add              x26, x0, x24        x26=00000000 x24:00000000
18390252ns          309731 1c008420 004cc70b p.lbu            x14, 4(x25!)        x14=0000008e x25=1c0010fc x25:1c0010f8  PA:1c0010f8
18390570ns          309747 1c008424 004ccd0b p.lbu            x26, 4(x25!)        x26=000000ab x25=1c001100 x25:1c0010fc  PA:1c0010fc
18390868ns          309762 1c008428 0009c303 lbu              x6, 0(x19)           x6=0000008e x19:1c0010f8  PA:1c0010f8
18391167ns          309777 1c00842c 00178793 addi             x15, x15, 1         x15=0000006d x15:0000006c
18391187ns          309778 1c00842e 0ff77713 andi             x14, x14, 255       x14=0000008e x14:0000008e
18391206ns          309779 1c008432 00fba023 sw               x15, 0(x23)         x15:0000006d x23:1c001324  PA:1c001324
18391525ns          309795 1c008436 320a0e13 addi             x28, x20, 800       x28=1c001320 x20:1c001000
18391545ns          309796 1c00843a 124b0593 addi             x11, x22, 292       x11=1c000124 x22:1c000000
18391564ns          309797 1c00843e 006006b3 add              x13, x0, x6         x13=0000008e  x6:0000008e
18391584ns          309798 1c008440 7d4d8513 addi             x10, x27, 2004      x10=1c0007d4 x27:1c000000
18391604ns          309799 1c008444 00e00633 add              x12, x0, x14        x12=0000008e x14:0000008e
18391624ns          309800 1c008446 00898993 addi             x19, x19, 8         x19=1c001100 x19:1c0010f8
18391644ns          309801 1c008448 0ffd7d13 andi             x26, x26, 255       x26=000000ab x26:000000ab
18391664ns          309802 1c00844c 00670b63 beq              x14, x6, 22         x14:0000008e  x6:0000008e
18391724ns          309805 1c008462 00178793 addi             x15, x15, 1         x15=0000006e x15:0000006d
18391743ns          309806 1c008464 000ac703 lbu              x14, 0(x21)         x14=000000ab x21:1c0010fc  PA:1c0010fc
18392042ns          309821 1c008468 1c000537 lui              x10, 0x1c000000     x10=1c000000
18392062ns          309822 1c00846c 00fba023 sw               x15, 0(x23)         x15:0000006e x23:1c001324  PA:1c001324
18392380ns          309838 1c008470 14450593 addi             x11, x10, 324       x11=1c000144 x10:1c000000
18392400ns          309839 1c008474 320a0313 addi             x6, x20, 800         x6=1c001320 x20:1c001000
18392420ns          309840 1c008478 01a00633 add              x12, x0, x26        x12=000000ab x26:000000ab
18392440ns          309841 1c00847a 00e006b3 add              x13, x0, x14        x13=000000ab x14:000000ab
18392460ns          309842 1c00847c 7d4d8513 addi             x10, x27, 2004      x10=1c0007d4 x27:1c000000
18392479ns          309843 1c008480 00ed0b63 beq              x26, x14, 22        x26:000000ab x14:000000ab
18392539ns          309846 1c008496 00178793 addi             x15, x15, 1         x15=0000006f x15:0000006e
18392559ns          309847 1c008498 1c000537 lui              x10, 0x1c000000     x10=1c000000
18392579ns          309848 1c00849c 00fba023 sw               x15, 0(x23)         x15:0000006f x23:1c001324  PA:1c001324
18392897ns          309864 1c0084a0 16450593 addi             x11, x10, 356       x11=1c000164 x10:1c000000
18392917ns          309865 1c0084a4 320a0713 addi             x14, x20, 800       x14=1c001320 x20:1c001000
18392937ns          309866 1c0084a8 013006b3 add              x13, x0, x19        x13=1c001100 x19:1c001100
18392957ns          309867 1c0084aa 01900633 add              x12, x0, x25        x12=1c001100 x25:1c001100
18392977ns          309868 1c0084ac 7d4d8513 addi             x10, x27, 2004      x10=1c0007d4 x27:1c000000
18392997ns          309869 1c0084b0 013c8963 beq              x25, x19, 18        x25:1c001100 x19:1c001100
18393056ns          309872 1c0084c2 008a8a93 addi             x21, x21, 8         x21=1c001104 x21:1c0010fc
18393076ns          309873 1c0084c4 f5391be3 bne              x18, x19, -170      x18:1c001118 x19:1c001100
18393136ns          309876 1c00841a 01800733 add              x14, x0, x24        x14=00000000 x24:00000000
18393156ns          309877 1c00841c 01300cb3 add              x25, x0, x19        x25=1c001100 x19:1c001100
18393176ns          309878 1c00841e 01800d33 add              x26, x0, x24        x26=00000000 x24:00000000
18393196ns          309879 1c008420 004cc70b p.lbu            x14, 4(x25!)        x14=00000024 x25=1c001104 x25:1c001100  PA:1c001100
18393494ns          309894 1c008424 004ccd0b p.lbu            x26, 4(x25!)        x26=00000044 x25=1c001108 x25:1c001104  PA:1c001104
18393792ns          309909 1c008428 0009c303 lbu              x6, 0(x19)           x6=00000024 x19:1c001100  PA:1c001100
18394091ns          309924 1c00842c 00178793 addi             x15, x15, 1         x15=00000070 x15:0000006f
18394110ns          309925 1c00842e 0ff77713 andi             x14, x14, 255       x14=00000024 x14:00000024
18394130ns          309926 1c008432 00fba023 sw               x15, 0(x23)         x15:00000070 x23:1c001324  PA:1c001324
18394469ns          309943 1c008436 320a0e13 addi             x28, x20, 800       x28=1c001320 x20:1c001000
18394488ns          309944 1c00843a 124b0593 addi             x11, x22, 292       x11=1c000124 x22:1c000000
18394508ns          309945 1c00843e 006006b3 add              x13, x0, x6         x13=00000024  x6:00000024
18394528ns          309946 1c008440 7d4d8513 addi             x10, x27, 2004      x10=1c0007d4 x27:1c000000
18394548ns          309947 1c008444 00e00633 add              x12, x0, x14        x12=00000024 x14:00000024
18394568ns          309948 1c008446 00898993 addi             x19, x19, 8         x19=1c001108 x19:1c001100
18394588ns          309949 1c008448 0ffd7d13 andi             x26, x26, 255       x26=00000044 x26:00000044
18394608ns          309950 1c00844c 00670b63 beq              x14, x6, 22         x14:00000024  x6:00000024
18394667ns          309953 1c008462 00178793 addi             x15, x15, 1         x15=00000071 x15:00000070
18394687ns          309954 1c008464 000ac703 lbu              x14, 0(x21)         x14=00000044 x21:1c001104  PA:1c001104
18395006ns          309970 1c008468 1c000537 lui              x10, 0x1c000000     x10=1c000000
18395025ns          309971 1c00846c 00fba023 sw               x15, 0(x23)         x15:00000071 x23:1c001324  PA:1c001324
18395344ns          309987 1c008470 14450593 addi             x11, x10, 324       x11=1c000144 x10:1c000000
18395364ns          309988 1c008474 320a0313 addi             x6, x20, 800         x6=1c001320 x20:1c001000
18395383ns          309989 1c008478 01a00633 add              x12, x0, x26        x12=00000044 x26:00000044
18395403ns          309990 1c00847a 00e006b3 add              x13, x0, x14        x13=00000044 x14:00000044
18395423ns          309991 1c00847c 7d4d8513 addi             x10, x27, 2004      x10=1c0007d4 x27:1c000000
18395443ns          309992 1c008480 00ed0b63 beq              x26, x14, 22        x26:00000044 x14:00000044
18395503ns          309995 1c008496 00178793 addi             x15, x15, 1         x15=00000072 x15:00000071
18395523ns          309996 1c008498 1c000537 lui              x10, 0x1c000000     x10=1c000000
18395543ns          309997 1c00849c 00fba023 sw               x15, 0(x23)         x15:00000072 x23:1c001324  PA:1c001324
18395881ns          310014 1c0084a0 16450593 addi             x11, x10, 356       x11=1c000164 x10:1c000000
18395901ns          310015 1c0084a4 320a0713 addi             x14, x20, 800       x14=1c001320 x20:1c001000
18395921ns          310016 1c0084a8 013006b3 add              x13, x0, x19        x13=1c001108 x19:1c001108
18395940ns          310017 1c0084aa 01900633 add              x12, x0, x25        x12=1c001108 x25:1c001108
18395960ns          310018 1c0084ac 7d4d8513 addi             x10, x27, 2004      x10=1c0007d4 x27:1c000000
18395980ns          310019 1c0084b0 013c8963 beq              x25, x19, 18        x25:1c001108 x19:1c001108
18396040ns          310022 1c0084c2 008a8a93 addi             x21, x21, 8         x21=1c00110c x21:1c001104
18396060ns          310023 1c0084c4 f5391be3 bne              x18, x19, -170      x18:1c001118 x19:1c001108
18396119ns          310026 1c00841a 01800733 add              x14, x0, x24        x14=00000000 x24:00000000
18396139ns          310027 1c00841c 01300cb3 add              x25, x0, x19        x25=1c001108 x19:1c001108
18396159ns          310028 1c00841e 01800d33 add              x26, x0, x24        x26=00000000 x24:00000000
18396179ns          310029 1c008420 004cc70b p.lbu            x14, 4(x25!)        x14=00000040 x25=1c00110c x25:1c001108  PA:1c001108
18396477ns          310044 1c008424 004ccd0b p.lbu            x26, 4(x25!)        x26=000000e9 x25=1c001110 x25:1c00110c  PA:1c00110c
18396776ns          310059 1c008428 0009c303 lbu              x6, 0(x19)           x6=00000040 x19:1c001108  PA:1c001108
18397074ns          310074 1c00842c 00178793 addi             x15, x15, 1         x15=00000073 x15:00000072
18397094ns          310075 1c00842e 0ff77713 andi             x14, x14, 255       x14=00000040 x14:00000040
18397114ns          310076 1c008432 00fba023 sw               x15, 0(x23)         x15:00000073 x23:1c001324  PA:1c001324
18397432ns          310092 1c008436 320a0e13 addi             x28, x20, 800       x28=1c001320 x20:1c001000
18397452ns          310093 1c00843a 124b0593 addi             x11, x22, 292       x11=1c000124 x22:1c000000
18397472ns          310094 1c00843e 006006b3 add              x13, x0, x6         x13=00000040  x6:00000040
18397492ns          310095 1c008440 7d4d8513 addi             x10, x27, 2004      x10=1c0007d4 x27:1c000000
18397512ns          310096 1c008444 00e00633 add              x12, x0, x14        x12=00000040 x14:00000040
18397532ns          310097 1c008446 00898993 addi             x19, x19, 8         x19=1c001110 x19:1c001108
18397552ns          310098 1c008448 0ffd7d13 andi             x26, x26, 255       x26=000000e9 x26:000000e9
18397571ns          310099 1c00844c 00670b63 beq              x14, x6, 22         x14:00000040  x6:00000040
18397631ns          310102 1c008462 00178793 addi             x15, x15, 1         x15=00000074 x15:00000073
18397651ns          310103 1c008464 000ac703 lbu              x14, 0(x21)         x14=000000e9 x21:1c00110c  PA:1c00110c
18397949ns          310118 1c008468 1c000537 lui              x10, 0x1c000000     x10=1c000000
18397969ns          310119 1c00846c 00fba023 sw               x15, 0(x23)         x15:00000074 x23:1c001324  PA:1c001324
18398288ns          310135 1c008470 14450593 addi             x11, x10, 324       x11=1c000144 x10:1c000000
18398307ns          310136 1c008474 320a0313 addi             x6, x20, 800         x6=1c001320 x20:1c001000
18398327ns          310137 1c008478 01a00633 add              x12, x0, x26        x12=000000e9 x26:000000e9
18398347ns          310138 1c00847a 00e006b3 add              x13, x0, x14        x13=000000e9 x14:000000e9
18398367ns          310139 1c00847c 7d4d8513 addi             x10, x27, 2004      x10=1c0007d4 x27:1c000000
18398387ns          310140 1c008480 00ed0b63 beq              x26, x14, 22        x26:000000e9 x14:000000e9
18398447ns          310143 1c008496 00178793 addi             x15, x15, 1         x15=00000075 x15:00000074
18398467ns          310144 1c008498 1c000537 lui              x10, 0x1c000000     x10=1c000000
18398486ns          310145 1c00849c 00fba023 sw               x15, 0(x23)         x15:00000075 x23:1c001324  PA:1c001324
18398805ns          310161 1c0084a0 16450593 addi             x11, x10, 356       x11=1c000164 x10:1c000000
18398825ns          310162 1c0084a4 320a0713 addi             x14, x20, 800       x14=1c001320 x20:1c001000
18398844ns          310163 1c0084a8 013006b3 add              x13, x0, x19        x13=1c001110 x19:1c001110
18398864ns          310164 1c0084aa 01900633 add              x12, x0, x25        x12=1c001110 x25:1c001110
18398884ns          310165 1c0084ac 7d4d8513 addi             x10, x27, 2004      x10=1c0007d4 x27:1c000000
18398904ns          310166 1c0084b0 013c8963 beq              x25, x19, 18        x25:1c001110 x19:1c001110
18398964ns          310169 1c0084c2 008a8a93 addi             x21, x21, 8         x21=1c001114 x21:1c00110c
18398984ns          310170 1c0084c4 f5391be3 bne              x18, x19, -170      x18:1c001118 x19:1c001110
18399043ns          310173 1c00841a 01800733 add              x14, x0, x24        x14=00000000 x24:00000000
18399063ns          310174 1c00841c 01300cb3 add              x25, x0, x19        x25=1c001110 x19:1c001110
18399083ns          310175 1c00841e 01800d33 add              x26, x0, x24        x26=00000000 x24:00000000
18399103ns          310176 1c008420 004cc70b p.lbu            x14, 4(x25!)        x14=000000e1 x25=1c001114 x25:1c001110  PA:1c001110
18399401ns          310191 1c008424 004ccd0b p.lbu            x26, 4(x25!)        x26=000000d7 x25=1c001118 x25:1c001114  PA:1c001114
18399700ns          310206 1c008428 0009c303 lbu              x6, 0(x19)           x6=000000e1 x19:1c001110  PA:1c001110
18399998ns          310221 1c00842c 00178793 addi             x15, x15, 1         x15=00000076 x15:00000075
18400018ns          310222 1c00842e 0ff77713 andi             x14, x14, 255       x14=000000e1 x14:000000e1
18400038ns          310223 1c008432 00fba023 sw               x15, 0(x23)         x15:00000076 x23:1c001324  PA:1c001324
18400356ns          310239 1c008436 320a0e13 addi             x28, x20, 800       x28=1c001320 x20:1c001000
18400376ns          310240 1c00843a 124b0593 addi             x11, x22, 292       x11=1c000124 x22:1c000000
18400396ns          310241 1c00843e 006006b3 add              x13, x0, x6         x13=000000e1  x6:000000e1
18400416ns          310242 1c008440 7d4d8513 addi             x10, x27, 2004      x10=1c0007d4 x27:1c000000
18400436ns          310243 1c008444 00e00633 add              x12, x0, x14        x12=000000e1 x14:000000e1
18400456ns          310244 1c008446 00898993 addi             x19, x19, 8         x19=1c001118 x19:1c001110
18400476ns          310245 1c008448 0ffd7d13 andi             x26, x26, 255       x26=000000d7 x26:000000d7
18400495ns          310246 1c00844c 00670b63 beq              x14, x6, 22         x14:000000e1  x6:000000e1
18400555ns          310249 1c008462 00178793 addi             x15, x15, 1         x15=00000077 x15:00000076
18400575ns          310250 1c008464 000ac703 lbu              x14, 0(x21)         x14=000000d7 x21:1c001114  PA:1c001114
18400873ns          310265 1c008468 1c000537 lui              x10, 0x1c000000     x10=1c000000
18400893ns          310266 1c00846c 00fba023 sw               x15, 0(x23)         x15:00000077 x23:1c001324  PA:1c001324
18401211ns          310282 1c008470 14450593 addi             x11, x10, 324       x11=1c000144 x10:1c000000
18401231ns          310283 1c008474 320a0313 addi             x6, x20, 800         x6=1c001320 x20:1c001000
18401251ns          310284 1c008478 01a00633 add              x12, x0, x26        x12=000000d7 x26:000000d7
18401271ns          310285 1c00847a 00e006b3 add              x13, x0, x14        x13=000000d7 x14:000000d7
18401291ns          310286 1c00847c 7d4d8513 addi             x10, x27, 2004      x10=1c0007d4 x27:1c000000
18401311ns          310287 1c008480 00ed0b63 beq              x26, x14, 22        x26:000000d7 x14:000000d7
18401371ns          310290 1c008496 00178793 addi             x15, x15, 1         x15=00000078 x15:00000077
18401390ns          310291 1c008498 1c000537 lui              x10, 0x1c000000     x10=1c000000
18401410ns          310292 1c00849c 00fba023 sw               x15, 0(x23)         x15:00000078 x23:1c001324  PA:1c001324
18401729ns          310308 1c0084a0 16450593 addi             x11, x10, 356       x11=1c000164 x10:1c000000
18401749ns          310309 1c0084a4 320a0713 addi             x14, x20, 800       x14=1c001320 x20:1c001000
18401768ns          310310 1c0084a8 013006b3 add              x13, x0, x19        x13=1c001118 x19:1c001118
18401788ns          310311 1c0084aa 01900633 add              x12, x0, x25        x12=1c001118 x25:1c001118
18401808ns          310312 1c0084ac 7d4d8513 addi             x10, x27, 2004      x10=1c0007d4 x27:1c000000
18401828ns          310313 1c0084b0 013c8963 beq              x25, x19, 18        x25:1c001118 x19:1c001118
18401888ns          310316 1c0084c2 008a8a93 addi             x21, x21, 8         x21=1c00111c x21:1c001114
18401908ns          310317 1c0084c4 f5391be3 bne              x18, x19, -170      x18:1c001118 x19:1c001118
18401928ns          310318 1c0084c8 00000b13 addi             x22, x0, 0          x22=00000000
18401947ns          310319 1c0084ca 1c001db7 lui              x27, 0x1c001000     x27=1c001000
18402385ns          310341 1c0084ce 1c000ab7 lui              x21, 0x1c000000     x21=1c000000
18402425ns          310343 1c0084d2 1c000d37 lui              x26, 0x1c000000     x26=1c000000
18402445ns          310344 1c0084d6 1c000a37 lui              x20, 0x1c000000     x20=1c000000
18402465ns          310345 1c0084da 1c0009b7 lui              x19, 0x1c000000     x19=1c000000
18402484ns          310346 1c0084de 0060006f jal              x0, 6              
18402942ns          310369 1c0084e4 01600733 add              x14, x0, x22        x14=00000000 x22:00000000
18402962ns          310370 1c0084e6 00800c33 add              x24, x0, x8         x24=1c0010c8  x8:1c0010c8
18402982ns          310371 1c0084e8 01600cb3 add              x25, x0, x22        x25=00000000 x22:00000000
18403002ns          310372 1c0084ea 004c070b p.lb             x14, 4(x24!)        x14=ffffffba x24=1c0010cc x24:1c0010c8  PA:1c0010c8
18403439ns          310394 1c0084ee 004c0c8b p.lb             x25, 4(x24!)        x25=00000044 x24=1c0010d0 x24:1c0010cc  PA:1c0010cc
18403757ns          310410 1c0084f2 00044803 lbu              x16, 0(x8)          x16=000000ba  x8:1c0010c8  PA:1c0010c8
18404056ns          310425 1c0084f6 00178793 addi             x15, x15, 1         x15=00000079 x15:00000078
18404076ns          310426 1c0084f8 0ff77713 andi             x14, x14, 255       x14=000000ba x14:ffffffba
18404096ns          310427 1c0084fc 00fba023 sw               x15, 0(x23)         x15:00000079 x23:1c001324  PA:1c001324
18404414ns          310443 1c008500 320d8893 addi             x17, x27, 800       x17=1c001320 x27:1c001000
18404434ns          310444 1c008504 17ca8593 addi             x11, x21, 380       x11=1c00017c x21:1c000000
18404454ns          310445 1c008508 010006b3 add              x13, x0, x16        x13=000000ba x16:000000ba
18404474ns          310446 1c00850a 7d4d0513 addi             x10, x26, 2004      x10=1c0007d4 x26:1c000000
18404493ns          310447 1c00850e 00e00633 add              x12, x0, x14        x12=000000ba x14:000000ba
18404593ns          310452 1c008510 00840413 addi             x8, x8, 8            x8=1c0010d0  x8:1c0010c8
18404633ns          310454 1c008512 0ffcfc93 andi             x25, x25, 255       x25=00000044 x25:00000044
18404653ns          310455 1c008516 01070b63 beq              x14, x16, 22        x14:000000ba x16:000000ba
18405170ns          310481 1c00852c 00178793 addi             x15, x15, 1         x15=0000007a x15:00000079
18405607ns          310503 1c00852e 0004c703 lbu              x14, 0(x9)          x14=00000044  x9:1c0010cc  PA:1c0010cc
18405926ns          310519 1c008532 00fba023 sw               x15, 0(x23)         x15:0000007a x23:1c001324  PA:1c001324
18406264ns          310536 1c008536 320d8813 addi             x16, x27, 800       x16=1c001320 x27:1c001000
18406284ns          310537 1c00853a 01900633 add              x12, x0, x25        x12=00000044 x25:00000044
18406304ns          310538 1c00853c 00e006b3 add              x13, x0, x14        x13=00000044 x14:00000044
18406403ns          310543 1c00853e 19ca0593 addi             x11, x20, 412       x11=1c00019c x20:1c000000
18406443ns          310545 1c008542 7d4d0513 addi             x10, x26, 2004      x10=1c0007d4 x26:1c000000
18406463ns          310546 1c008546 00ec8b63 beq              x25, x14, 22        x25:00000044 x14:00000044
18406960ns          310571 1c00855c 00178793 addi             x15, x15, 1         x15=0000007b x15:0000007a
18407398ns          310593 1c00855e 00fba023 sw               x15, 0(x23)         x15:0000007b x23:1c001324  PA:1c001324
18407736ns          310610 1c008562 320d8713 addi             x14, x27, 800       x14=1c001320 x27:1c001000
18407756ns          310611 1c008566 008006b3 add              x13, x0, x8         x13=1c0010d0  x8:1c0010d0
18407775ns          310612 1c008568 01800633 add              x12, x0, x24        x12=1c0010d0 x24:1c0010d0
18407795ns          310613 1c00856a 1bc98593 addi             x11, x19, 444       x11=1c0001bc x19:1c000000
18408213ns          310634 1c00856e 7d4d0513 addi             x10, x26, 2004      x10=1c0007d4 x26:1c000000
18408253ns          310636 1c008572 008c0763 beq              x24, x8, 14         x24:1c0010d0  x8:1c0010d0
18408730ns          310660 1c008580 00848493 addi             x9, x9, 8            x9=1c0010d4  x9:1c0010cc
18408770ns          310662 1c008582 f4891fe3 bne              x18, x8, -162       x18:1c001118  x8:1c0010d0
18408830ns          310665 1c0084e0 000ba783 lw               x15, 0(x23)         x15=0000007b x23:1c001324  PA:1c001324
18409148ns          310681 1c0084e4 01600733 add              x14, x0, x22        x14=00000000 x22:00000000
18409168ns          310682 1c0084e6 00800c33 add              x24, x0, x8         x24=1c0010d0  x8:1c0010d0
18409188ns          310683 1c0084e8 01600cb3 add              x25, x0, x22        x25=00000000 x22:00000000
18409208ns          310684 1c0084ea 004c070b p.lb             x14, 4(x24!)        x14=ffffffa4 x24=1c0010d4 x24:1c0010d0  PA:1c0010d0
18409506ns          310699 1c0084ee 004c0c8b p.lb             x25, 4(x24!)        x25=00000064 x24=1c0010d8 x24:1c0010d4  PA:1c0010d4
18409804ns          310714 1c0084f2 00044803 lbu              x16, 0(x8)          x16=000000a4  x8:1c0010d0  PA:1c0010d0
18410103ns          310729 1c0084f6 00178793 addi             x15, x15, 1         x15=0000007c x15:0000007b
18410123ns          310730 1c0084f8 0ff77713 andi             x14, x14, 255       x14=000000a4 x14:ffffffa4
18410142ns          310731 1c0084fc 00fba023 sw               x15, 0(x23)         x15:0000007c x23:1c001324  PA:1c001324
18410481ns          310748 1c008500 320d8893 addi             x17, x27, 800       x17=1c001320 x27:1c001000
18410500ns          310749 1c008504 17ca8593 addi             x11, x21, 380       x11=1c00017c x21:1c000000
18410520ns          310750 1c008508 010006b3 add              x13, x0, x16        x13=000000a4 x16:000000a4
18410540ns          310751 1c00850a 7d4d0513 addi             x10, x26, 2004      x10=1c0007d4 x26:1c000000
18410560ns          310752 1c00850e 00e00633 add              x12, x0, x14        x12=000000a4 x14:000000a4
18410580ns          310753 1c008510 00840413 addi             x8, x8, 8            x8=1c0010d8  x8:1c0010d0
18410600ns          310754 1c008512 0ffcfc93 andi             x25, x25, 255       x25=00000064 x25:00000064
18410620ns          310755 1c008516 01070b63 beq              x14, x16, 22        x14:000000a4 x16:000000a4
18410679ns          310758 1c00852c 00178793 addi             x15, x15, 1         x15=0000007d x15:0000007c
18410699ns          310759 1c00852e 0004c703 lbu              x14, 0(x9)          x14=00000064  x9:1c0010d4  PA:1c0010d4
18410998ns          310774 1c008532 00fba023 sw               x15, 0(x23)         x15:0000007d x23:1c001324  PA:1c001324
18411316ns          310790 1c008536 320d8813 addi             x16, x27, 800       x16=1c001320 x27:1c001000
18411336ns          310791 1c00853a 01900633 add              x12, x0, x25        x12=00000064 x25:00000064
18411356ns          310792 1c00853c 00e006b3 add              x13, x0, x14        x13=00000064 x14:00000064
18411376ns          310793 1c00853e 19ca0593 addi             x11, x20, 412       x11=1c00019c x20:1c000000
18411396ns          310794 1c008542 7d4d0513 addi             x10, x26, 2004      x10=1c0007d4 x26:1c000000
18411415ns          310795 1c008546 00ec8b63 beq              x25, x14, 22        x25:00000064 x14:00000064
18411475ns          310798 1c00855c 00178793 addi             x15, x15, 1         x15=0000007e x15:0000007d
18411495ns          310799 1c00855e 00fba023 sw               x15, 0(x23)         x15:0000007e x23:1c001324  PA:1c001324
18411833ns          310816 1c008562 320d8713 addi             x14, x27, 800       x14=1c001320 x27:1c001000
18411853ns          310817 1c008566 008006b3 add              x13, x0, x8         x13=1c0010d8  x8:1c0010d8
18411873ns          310818 1c008568 01800633 add              x12, x0, x24        x12=1c0010d8 x24:1c0010d8
18411893ns          310819 1c00856a 1bc98593 addi             x11, x19, 444       x11=1c0001bc x19:1c000000
18411913ns          310820 1c00856e 7d4d0513 addi             x10, x26, 2004      x10=1c0007d4 x26:1c000000
18411933ns          310821 1c008572 008c0763 beq              x24, x8, 14         x24:1c0010d8  x8:1c0010d8
18411992ns          310824 1c008580 00848493 addi             x9, x9, 8            x9=1c0010dc  x9:1c0010d4
18412012ns          310825 1c008582 f4891fe3 bne              x18, x8, -162       x18:1c001118  x8:1c0010d8
18412072ns          310828 1c0084e0 000ba783 lw               x15, 0(x23)         x15=0000007e x23:1c001324  PA:1c001324
18412370ns          310843 1c0084e4 01600733 add              x14, x0, x22        x14=00000000 x22:00000000
18412390ns          310844 1c0084e6 00800c33 add              x24, x0, x8         x24=1c0010d8  x8:1c0010d8
18412410ns          310845 1c0084e8 01600cb3 add              x25, x0, x22        x25=00000000 x22:00000000
18412430ns          310846 1c0084ea 004c070b p.lb             x14, 4(x24!)        x14=00000016 x24=1c0010dc x24:1c0010d8  PA:1c0010d8
18412728ns          310861 1c0084ee 004c0c8b p.lb             x25, 4(x24!)        x25=ffffff95 x24=1c0010e0 x24:1c0010dc  PA:1c0010dc
18413027ns          310876 1c0084f2 00044803 lbu              x16, 0(x8)          x16=00000016  x8:1c0010d8  PA:1c0010d8
18413325ns          310891 1c0084f6 00178793 addi             x15, x15, 1         x15=0000007f x15:0000007e
18413345ns          310892 1c0084f8 0ff77713 andi             x14, x14, 255       x14=00000016 x14:00000016
18413365ns          310893 1c0084fc 00fba023 sw               x15, 0(x23)         x15:0000007f x23:1c001324  PA:1c001324
18413683ns          310909 1c008500 320d8893 addi             x17, x27, 800       x17=1c001320 x27:1c001000
18413703ns          310910 1c008504 17ca8593 addi             x11, x21, 380       x11=1c00017c x21:1c000000
18413723ns          310911 1c008508 010006b3 add              x13, x0, x16        x13=00000016 x16:00000016
18413743ns          310912 1c00850a 7d4d0513 addi             x10, x26, 2004      x10=1c0007d4 x26:1c000000
18413763ns          310913 1c00850e 00e00633 add              x12, x0, x14        x12=00000016 x14:00000016
18413782ns          310914 1c008510 00840413 addi             x8, x8, 8            x8=1c0010e0  x8:1c0010d8
18413802ns          310915 1c008512 0ffcfc93 andi             x25, x25, 255       x25=00000095 x25:ffffff95
18413822ns          310916 1c008516 01070b63 beq              x14, x16, 22        x14:00000016 x16:00000016
18413882ns          310919 1c00852c 00178793 addi             x15, x15, 1         x15=00000080 x15:0000007f
18413902ns          310920 1c00852e 0004c703 lbu              x14, 0(x9)          x14=00000095  x9:1c0010dc  PA:1c0010dc
18414200ns          310935 1c008532 00fba023 sw               x15, 0(x23)         x15:00000080 x23:1c001324  PA:1c001324
18414538ns          310952 1c008536 320d8813 addi             x16, x27, 800       x16=1c001320 x27:1c001000
18414558ns          310953 1c00853a 01900633 add              x12, x0, x25        x12=00000095 x25:00000095
18414578ns          310954 1c00853c 00e006b3 add              x13, x0, x14        x13=00000095 x14:00000095
18414598ns          310955 1c00853e 19ca0593 addi             x11, x20, 412       x11=1c00019c x20:1c000000
18414618ns          310956 1c008542 7d4d0513 addi             x10, x26, 2004      x10=1c0007d4 x26:1c000000
18414638ns          310957 1c008546 00ec8b63 beq              x25, x14, 22        x25:00000095 x14:00000095
18414697ns          310960 1c00855c 00178793 addi             x15, x15, 1         x15=00000081 x15:00000080
18414717ns          310961 1c00855e 00fba023 sw               x15, 0(x23)         x15:00000081 x23:1c001324  PA:1c001324
18415036ns          310977 1c008562 320d8713 addi             x14, x27, 800       x14=1c001320 x27:1c001000
18415055ns          310978 1c008566 008006b3 add              x13, x0, x8         x13=1c0010e0  x8:1c0010e0
18415075ns          310979 1c008568 01800633 add              x12, x0, x24        x12=1c0010e0 x24:1c0010e0
18415095ns          310980 1c00856a 1bc98593 addi             x11, x19, 444       x11=1c0001bc x19:1c000000
18415115ns          310981 1c00856e 7d4d0513 addi             x10, x26, 2004      x10=1c0007d4 x26:1c000000
18415135ns          310982 1c008572 008c0763 beq              x24, x8, 14         x24:1c0010e0  x8:1c0010e0
18415195ns          310985 1c008580 00848493 addi             x9, x9, 8            x9=1c0010e4  x9:1c0010dc
18415215ns          310986 1c008582 f4891fe3 bne              x18, x8, -162       x18:1c001118  x8:1c0010e0
18415274ns          310989 1c0084e0 000ba783 lw               x15, 0(x23)         x15=00000081 x23:1c001324  PA:1c001324
18415592ns          311005 1c0084e4 01600733 add              x14, x0, x22        x14=00000000 x22:00000000
18415612ns          311006 1c0084e6 00800c33 add              x24, x0, x8         x24=1c0010e0  x8:1c0010e0
18415632ns          311007 1c0084e8 01600cb3 add              x25, x0, x22        x25=00000000 x22:00000000
18415652ns          311008 1c0084ea 004c070b p.lb             x14, 4(x24!)        x14=00000008 x24=1c0010e4 x24:1c0010e0  PA:1c0010e0
18415951ns          311023 1c0084ee 004c0c8b p.lb             x25, 4(x24!)        x25=00000040 x24=1c0010e8 x24:1c0010e4  PA:1c0010e4
18416249ns          311038 1c0084f2 00044803 lbu              x16, 0(x8)          x16=00000008  x8:1c0010e0  PA:1c0010e0
18416547ns          311053 1c0084f6 00178793 addi             x15, x15, 1         x15=00000082 x15:00000081
18416567ns          311054 1c0084f8 0ff77713 andi             x14, x14, 255       x14=00000008 x14:00000008
18416587ns          311055 1c0084fc 00fba023 sw               x15, 0(x23)         x15:00000082 x23:1c001324  PA:1c001324
18416905ns          311071 1c008500 320d8893 addi             x17, x27, 800       x17=1c001320 x27:1c001000
18416925ns          311072 1c008504 17ca8593 addi             x11, x21, 380       x11=1c00017c x21:1c000000
18416945ns          311073 1c008508 010006b3 add              x13, x0, x16        x13=00000008 x16:00000008
18416965ns          311074 1c00850a 7d4d0513 addi             x10, x26, 2004      x10=1c0007d4 x26:1c000000
18416985ns          311075 1c00850e 00e00633 add              x12, x0, x14        x12=00000008 x14:00000008
18417005ns          311076 1c008510 00840413 addi             x8, x8, 8            x8=1c0010e8  x8:1c0010e0
18417025ns          311077 1c008512 0ffcfc93 andi             x25, x25, 255       x25=00000040 x25:00000040
18417045ns          311078 1c008516 01070b63 beq              x14, x16, 22        x14:00000008 x16:00000008
18417104ns          311081 1c00852c 00178793 addi             x15, x15, 1         x15=00000083 x15:00000082
18417124ns          311082 1c00852e 0004c703 lbu              x14, 0(x9)          x14=00000040  x9:1c0010e4  PA:1c0010e4
18417422ns          311097 1c008532 00fba023 sw               x15, 0(x23)         x15:00000083 x23:1c001324  PA:1c001324
18417741ns          311113 1c008536 320d8813 addi             x16, x27, 800       x16=1c001320 x27:1c001000
18417761ns          311114 1c00853a 01900633 add              x12, x0, x25        x12=00000040 x25:00000040
18417780ns          311115 1c00853c 00e006b3 add              x13, x0, x14        x13=00000040 x14:00000040
18417800ns          311116 1c00853e 19ca0593 addi             x11, x20, 412       x11=1c00019c x20:1c000000
18417820ns          311117 1c008542 7d4d0513 addi             x10, x26, 2004      x10=1c0007d4 x26:1c000000
18417840ns          311118 1c008546 00ec8b63 beq              x25, x14, 22        x25:00000040 x14:00000040
18417900ns          311121 1c00855c 00178793 addi             x15, x15, 1         x15=00000084 x15:00000083
18417920ns          311122 1c00855e 00fba023 sw               x15, 0(x23)         x15:00000084 x23:1c001324  PA:1c001324
18418238ns          311138 1c008562 320d8713 addi             x14, x27, 800       x14=1c001320 x27:1c001000
18418258ns          311139 1c008566 008006b3 add              x13, x0, x8         x13=1c0010e8  x8:1c0010e8
18418278ns          311140 1c008568 01800633 add              x12, x0, x24        x12=1c0010e8 x24:1c0010e8
18418298ns          311141 1c00856a 1bc98593 addi             x11, x19, 444       x11=1c0001bc x19:1c000000
18418318ns          311142 1c00856e 7d4d0513 addi             x10, x26, 2004      x10=1c0007d4 x26:1c000000
18418337ns          311143 1c008572 008c0763 beq              x24, x8, 14         x24:1c0010e8  x8:1c0010e8
18418397ns          311146 1c008580 00848493 addi             x9, x9, 8            x9=1c0010ec  x9:1c0010e4
18418417ns          311147 1c008582 f4891fe3 bne              x18, x8, -162       x18:1c001118  x8:1c0010e8
18418477ns          311150 1c0084e0 000ba783 lw               x15, 0(x23)         x15=00000084 x23:1c001324  PA:1c001324
18418775ns          311165 1c0084e4 01600733 add              x14, x0, x22        x14=00000000 x22:00000000
18418795ns          311166 1c0084e6 00800c33 add              x24, x0, x8         x24=1c0010e8  x8:1c0010e8
18418815ns          311167 1c0084e8 01600cb3 add              x25, x0, x22        x25=00000000 x22:00000000
18418835ns          311168 1c0084ea 004c070b p.lb             x14, 4(x24!)        x14=ffffffd0 x24=1c0010ec x24:1c0010e8  PA:1c0010e8
18419133ns          311183 1c0084ee 004c0c8b p.lb             x25, 4(x24!)        x25=00000023 x24=1c0010f0 x24:1c0010ec  PA:1c0010ec
18419431ns          311198 1c0084f2 00044803 lbu              x16, 0(x8)          x16=000000d0  x8:1c0010e8  PA:1c0010e8
18419750ns          311214 1c0084f6 00178793 addi             x15, x15, 1         x15=00000085 x15:00000084
18419770ns          311215 1c0084f8 0ff77713 andi             x14, x14, 255       x14=000000d0 x14:ffffffd0
18419789ns          311216 1c0084fc 00fba023 sw               x15, 0(x23)         x15:00000085 x23:1c001324  PA:1c001324
18420108ns          311232 1c008500 320d8893 addi             x17, x27, 800       x17=1c001320 x27:1c001000
18420128ns          311233 1c008504 17ca8593 addi             x11, x21, 380       x11=1c00017c x21:1c000000
18420147ns          311234 1c008508 010006b3 add              x13, x0, x16        x13=000000d0 x16:000000d0
18420167ns          311235 1c00850a 7d4d0513 addi             x10, x26, 2004      x10=1c0007d4 x26:1c000000
18420187ns          311236 1c00850e 00e00633 add              x12, x0, x14        x12=000000d0 x14:000000d0
18420207ns          311237 1c008510 00840413 addi             x8, x8, 8            x8=1c0010f0  x8:1c0010e8
18420227ns          311238 1c008512 0ffcfc93 andi             x25, x25, 255       x25=00000023 x25:00000023
18420247ns          311239 1c008516 01070b63 beq              x14, x16, 22        x14:000000d0 x16:000000d0
18420307ns          311242 1c00852c 00178793 addi             x15, x15, 1         x15=00000086 x15:00000085
18420326ns          311243 1c00852e 0004c703 lbu              x14, 0(x9)          x14=00000023  x9:1c0010ec  PA:1c0010ec
18420645ns          311259 1c008532 00fba023 sw               x15, 0(x23)         x15:00000086 x23:1c001324  PA:1c001324
18420963ns          311275 1c008536 320d8813 addi             x16, x27, 800       x16=1c001320 x27:1c001000
18420983ns          311276 1c00853a 01900633 add              x12, x0, x25        x12=00000023 x25:00000023
18421003ns          311277 1c00853c 00e006b3 add              x13, x0, x14        x13=00000023 x14:00000023
18421023ns          311278 1c00853e 19ca0593 addi             x11, x20, 412       x11=1c00019c x20:1c000000
18421043ns          311279 1c008542 7d4d0513 addi             x10, x26, 2004      x10=1c0007d4 x26:1c000000
18421062ns          311280 1c008546 00ec8b63 beq              x25, x14, 22        x25:00000023 x14:00000023
18421122ns          311283 1c00855c 00178793 addi             x15, x15, 1         x15=00000087 x15:00000086
18421142ns          311284 1c00855e 00fba023 sw               x15, 0(x23)         x15:00000087 x23:1c001324  PA:1c001324
18421460ns          311300 1c008562 320d8713 addi             x14, x27, 800       x14=1c001320 x27:1c001000
18421480ns          311301 1c008566 008006b3 add              x13, x0, x8         x13=1c0010f0  x8:1c0010f0
18421500ns          311302 1c008568 01800633 add              x12, x0, x24        x12=1c0010f0 x24:1c0010f0
18421520ns          311303 1c00856a 1bc98593 addi             x11, x19, 444       x11=1c0001bc x19:1c000000
18421540ns          311304 1c00856e 7d4d0513 addi             x10, x26, 2004      x10=1c0007d4 x26:1c000000
18421560ns          311305 1c008572 008c0763 beq              x24, x8, 14         x24:1c0010f0  x8:1c0010f0
18421619ns          311308 1c008580 00848493 addi             x9, x9, 8            x9=1c0010f4  x9:1c0010ec
18421639ns          311309 1c008582 f4891fe3 bne              x18, x8, -162       x18:1c001118  x8:1c0010f0
18421699ns          311312 1c0084e0 000ba783 lw               x15, 0(x23)         x15=00000087 x23:1c001324  PA:1c001324
18421997ns          311327 1c0084e4 01600733 add              x14, x0, x22        x14=00000000 x22:00000000
18422017ns          311328 1c0084e6 00800c33 add              x24, x0, x8         x24=1c0010f0  x8:1c0010f0
18422037ns          311329 1c0084e8 01600cb3 add              x25, x0, x22        x25=00000000 x22:00000000
18422057ns          311330 1c0084ea 004c070b p.lb             x14, 4(x24!)        x14=0000004c x24=1c0010f4 x24:1c0010f0  PA:1c0010f0
18422355ns          311345 1c0084ee 004c0c8b p.lb             x25, 4(x24!)        x25=ffffffc3 x24=1c0010f8 x24:1c0010f4  PA:1c0010f4
18422674ns          311361 1c0084f2 00044803 lbu              x16, 0(x8)          x16=0000004c  x8:1c0010f0  PA:1c0010f0
18422972ns          311376 1c0084f6 00178793 addi             x15, x15, 1         x15=00000088 x15:00000087
18422992ns          311377 1c0084f8 0ff77713 andi             x14, x14, 255       x14=0000004c x14:0000004c
18423012ns          311378 1c0084fc 00fba023 sw               x15, 0(x23)         x15:00000088 x23:1c001324  PA:1c001324
18423330ns          311394 1c008500 320d8893 addi             x17, x27, 800       x17=1c001320 x27:1c001000
18423350ns          311395 1c008504 17ca8593 addi             x11, x21, 380       x11=1c00017c x21:1c000000
18423370ns          311396 1c008508 010006b3 add              x13, x0, x16        x13=0000004c x16:0000004c
18423390ns          311397 1c00850a 7d4d0513 addi             x10, x26, 2004      x10=1c0007d4 x26:1c000000
18423410ns          311398 1c00850e 00e00633 add              x12, x0, x14        x12=0000004c x14:0000004c
18423429ns          311399 1c008510 00840413 addi             x8, x8, 8            x8=1c0010f8  x8:1c0010f0
18423449ns          311400 1c008512 0ffcfc93 andi             x25, x25, 255       x25=000000c3 x25:ffffffc3
18423469ns          311401 1c008516 01070b63 beq              x14, x16, 22        x14:0000004c x16:0000004c
18423529ns          311404 1c00852c 00178793 addi             x15, x15, 1         x15=00000089 x15:00000088
18423549ns          311405 1c00852e 0004c703 lbu              x14, 0(x9)          x14=000000c3  x9:1c0010f4  PA:1c0010f4
18423847ns          311420 1c008532 00fba023 sw               x15, 0(x23)         x15:00000089 x23:1c001324  PA:1c001324
18424185ns          311437 1c008536 320d8813 addi             x16, x27, 800       x16=1c001320 x27:1c001000
18424205ns          311438 1c00853a 01900633 add              x12, x0, x25        x12=000000c3 x25:000000c3
18424225ns          311439 1c00853c 00e006b3 add              x13, x0, x14        x13=000000c3 x14:000000c3
18424245ns          311440 1c00853e 19ca0593 addi             x11, x20, 412       x11=1c00019c x20:1c000000
18424265ns          311441 1c008542 7d4d0513 addi             x10, x26, 2004      x10=1c0007d4 x26:1c000000
18424285ns          311442 1c008546 00ec8b63 beq              x25, x14, 22        x25:000000c3 x14:000000c3
18424344ns          311445 1c00855c 00178793 addi             x15, x15, 1         x15=0000008a x15:00000089
18424364ns          311446 1c00855e 00fba023 sw               x15, 0(x23)         x15:0000008a x23:1c001324  PA:1c001324
18424683ns          311462 1c008562 320d8713 addi             x14, x27, 800       x14=1c001320 x27:1c001000
18424702ns          311463 1c008566 008006b3 add              x13, x0, x8         x13=1c0010f8  x8:1c0010f8
18424722ns          311464 1c008568 01800633 add              x12, x0, x24        x12=1c0010f8 x24:1c0010f8
18424742ns          311465 1c00856a 1bc98593 addi             x11, x19, 444       x11=1c0001bc x19:1c000000
18424762ns          311466 1c00856e 7d4d0513 addi             x10, x26, 2004      x10=1c0007d4 x26:1c000000
18424782ns          311467 1c008572 008c0763 beq              x24, x8, 14         x24:1c0010f8  x8:1c0010f8
18424842ns          311470 1c008580 00848493 addi             x9, x9, 8            x9=1c0010fc  x9:1c0010f4
18424862ns          311471 1c008582 f4891fe3 bne              x18, x8, -162       x18:1c001118  x8:1c0010f8
18424921ns          311474 1c0084e0 000ba783 lw               x15, 0(x23)         x15=0000008a x23:1c001324  PA:1c001324
18425220ns          311489 1c0084e4 01600733 add              x14, x0, x22        x14=00000000 x22:00000000
18425240ns          311490 1c0084e6 00800c33 add              x24, x0, x8         x24=1c0010f8  x8:1c0010f8
18425259ns          311491 1c0084e8 01600cb3 add              x25, x0, x22        x25=00000000 x22:00000000
18425279ns          311492 1c0084ea 004c070b p.lb             x14, 4(x24!)        x14=ffffff8e x24=1c0010fc x24:1c0010f8  PA:1c0010f8
18425598ns          311508 1c0084ee 004c0c8b p.lb             x25, 4(x24!)        x25=ffffffab x24=1c001100 x24:1c0010fc  PA:1c0010fc
18425896ns          311523 1c0084f2 00044803 lbu              x16, 0(x8)          x16=0000008e  x8:1c0010f8  PA:1c0010f8
18426194ns          311538 1c0084f6 00178793 addi             x15, x15, 1         x15=0000008b x15:0000008a
18426214ns          311539 1c0084f8 0ff77713 andi             x14, x14, 255       x14=0000008e x14:ffffff8e
18426234ns          311540 1c0084fc 00fba023 sw               x15, 0(x23)         x15:0000008b x23:1c001324  PA:1c001324
18426552ns          311556 1c008500 320d8893 addi             x17, x27, 800       x17=1c001320 x27:1c001000
18426572ns          311557 1c008504 17ca8593 addi             x11, x21, 380       x11=1c00017c x21:1c000000
18426592ns          311558 1c008508 010006b3 add              x13, x0, x16        x13=0000008e x16:0000008e
18426612ns          311559 1c00850a 7d4d0513 addi             x10, x26, 2004      x10=1c0007d4 x26:1c000000
18426632ns          311560 1c00850e 00e00633 add              x12, x0, x14        x12=0000008e x14:0000008e
18426652ns          311561 1c008510 00840413 addi             x8, x8, 8            x8=1c001100  x8:1c0010f8
18426672ns          311562 1c008512 0ffcfc93 andi             x25, x25, 255       x25=000000ab x25:ffffffab
18426692ns          311563 1c008516 01070b63 beq              x14, x16, 22        x14:0000008e x16:0000008e
18426751ns          311566 1c00852c 00178793 addi             x15, x15, 1         x15=0000008c x15:0000008b
18426771ns          311567 1c00852e 0004c703 lbu              x14, 0(x9)          x14=000000ab  x9:1c0010fc  PA:1c0010fc
18427069ns          311582 1c008532 00fba023 sw               x15, 0(x23)         x15:0000008c x23:1c001324  PA:1c001324
18427408ns          311599 1c008536 320d8813 addi             x16, x27, 800       x16=1c001320 x27:1c001000
18427427ns          311600 1c00853a 01900633 add              x12, x0, x25        x12=000000ab x25:000000ab
18427447ns          311601 1c00853c 00e006b3 add              x13, x0, x14        x13=000000ab x14:000000ab
18427467ns          311602 1c00853e 19ca0593 addi             x11, x20, 412       x11=1c00019c x20:1c000000
18427487ns          311603 1c008542 7d4d0513 addi             x10, x26, 2004      x10=1c0007d4 x26:1c000000
18427507ns          311604 1c008546 00ec8b63 beq              x25, x14, 22        x25:000000ab x14:000000ab
18427567ns          311607 1c00855c 00178793 addi             x15, x15, 1         x15=0000008d x15:0000008c
18427587ns          311608 1c00855e 00fba023 sw               x15, 0(x23)         x15:0000008d x23:1c001324  PA:1c001324
18427925ns          311625 1c008562 320d8713 addi             x14, x27, 800       x14=1c001320 x27:1c001000
18427945ns          311626 1c008566 008006b3 add              x13, x0, x8         x13=1c001100  x8:1c001100
18427965ns          311627 1c008568 01800633 add              x12, x0, x24        x12=1c001100 x24:1c001100
18427984ns          311628 1c00856a 1bc98593 addi             x11, x19, 444       x11=1c0001bc x19:1c000000
18428004ns          311629 1c00856e 7d4d0513 addi             x10, x26, 2004      x10=1c0007d4 x26:1c000000
18428024ns          311630 1c008572 008c0763 beq              x24, x8, 14         x24:1c001100  x8:1c001100
18428084ns          311633 1c008580 00848493 addi             x9, x9, 8            x9=1c001104  x9:1c0010fc
18428104ns          311634 1c008582 f4891fe3 bne              x18, x8, -162       x18:1c001118  x8:1c001100
18428163ns          311637 1c0084e0 000ba783 lw               x15, 0(x23)         x15=0000008d x23:1c001324  PA:1c001324
18428462ns          311652 1c0084e4 01600733 add              x14, x0, x22        x14=00000000 x22:00000000
18428482ns          311653 1c0084e6 00800c33 add              x24, x0, x8         x24=1c001100  x8:1c001100
18428502ns          311654 1c0084e8 01600cb3 add              x25, x0, x22        x25=00000000 x22:00000000
18428521ns          311655 1c0084ea 004c070b p.lb             x14, 4(x24!)        x14=00000024 x24=1c001104 x24:1c001100  PA:1c001100
18428820ns          311670 1c0084ee 004c0c8b p.lb             x25, 4(x24!)        x25=00000044 x24=1c001108 x24:1c001104  PA:1c001104
18429138ns          311686 1c0084f2 00044803 lbu              x16, 0(x8)          x16=00000024  x8:1c001100  PA:1c001100
18429436ns          311701 1c0084f6 00178793 addi             x15, x15, 1         x15=0000008e x15:0000008d
18429456ns          311702 1c0084f8 0ff77713 andi             x14, x14, 255       x14=00000024 x14:00000024
18429476ns          311703 1c0084fc 00fba023 sw               x15, 0(x23)         x15:0000008e x23:1c001324  PA:1c001324
18429794ns          311719 1c008500 320d8893 addi             x17, x27, 800       x17=1c001320 x27:1c001000
18429814ns          311720 1c008504 17ca8593 addi             x11, x21, 380       x11=1c00017c x21:1c000000
18429834ns          311721 1c008508 010006b3 add              x13, x0, x16        x13=00000024 x16:00000024
18429854ns          311722 1c00850a 7d4d0513 addi             x10, x26, 2004      x10=1c0007d4 x26:1c000000
18429874ns          311723 1c00850e 00e00633 add              x12, x0, x14        x12=00000024 x14:00000024
18429894ns          311724 1c008510 00840413 addi             x8, x8, 8            x8=1c001108  x8:1c001100
18429914ns          311725 1c008512 0ffcfc93 andi             x25, x25, 255       x25=00000044 x25:00000044
18429934ns          311726 1c008516 01070b63 beq              x14, x16, 22        x14:00000024 x16:00000024
18429993ns          311729 1c00852c 00178793 addi             x15, x15, 1         x15=0000008f x15:0000008e
18430013ns          311730 1c00852e 0004c703 lbu              x14, 0(x9)          x14=00000044  x9:1c001104  PA:1c001104
18430332ns          311746 1c008532 00fba023 sw               x15, 0(x23)         x15:0000008f x23:1c001324  PA:1c001324
18430650ns          311762 1c008536 320d8813 addi             x16, x27, 800       x16=1c001320 x27:1c001000
18430670ns          311763 1c00853a 01900633 add              x12, x0, x25        x12=00000044 x25:00000044
18430690ns          311764 1c00853c 00e006b3 add              x13, x0, x14        x13=00000044 x14:00000044
18430709ns          311765 1c00853e 19ca0593 addi             x11, x20, 412       x11=1c00019c x20:1c000000
18430729ns          311766 1c008542 7d4d0513 addi             x10, x26, 2004      x10=1c0007d4 x26:1c000000
18430749ns          311767 1c008546 00ec8b63 beq              x25, x14, 22        x25:00000044 x14:00000044
18430809ns          311770 1c00855c 00178793 addi             x15, x15, 1         x15=00000090 x15:0000008f
18430829ns          311771 1c00855e 00fba023 sw               x15, 0(x23)         x15:00000090 x23:1c001324  PA:1c001324
18431147ns          311787 1c008562 320d8713 addi             x14, x27, 800       x14=1c001320 x27:1c001000
18431167ns          311788 1c008566 008006b3 add              x13, x0, x8         x13=1c001108  x8:1c001108
18431187ns          311789 1c008568 01800633 add              x12, x0, x24        x12=1c001108 x24:1c001108
18431207ns          311790 1c00856a 1bc98593 addi             x11, x19, 444       x11=1c0001bc x19:1c000000
18431227ns          311791 1c00856e 7d4d0513 addi             x10, x26, 2004      x10=1c0007d4 x26:1c000000
18431247ns          311792 1c008572 008c0763 beq              x24, x8, 14         x24:1c001108  x8:1c001108
18431306ns          311795 1c008580 00848493 addi             x9, x9, 8            x9=1c00110c  x9:1c001104
18431326ns          311796 1c008582 f4891fe3 bne              x18, x8, -162       x18:1c001118  x8:1c001108
18431386ns          311799 1c0084e0 000ba783 lw               x15, 0(x23)         x15=00000090 x23:1c001324  PA:1c001324
18431684ns          311814 1c0084e4 01600733 add              x14, x0, x22        x14=00000000 x22:00000000
18431704ns          311815 1c0084e6 00800c33 add              x24, x0, x8         x24=1c001108  x8:1c001108
18431724ns          311816 1c0084e8 01600cb3 add              x25, x0, x22        x25=00000000 x22:00000000
18431744ns          311817 1c0084ea 004c070b p.lb             x14, 4(x24!)        x14=00000040 x24=1c00110c x24:1c001108  PA:1c001108
18432062ns          311833 1c0084ee 004c0c8b p.lb             x25, 4(x24!)        x25=ffffffe9 x24=1c001110 x24:1c00110c  PA:1c00110c
18432360ns          311848 1c0084f2 00044803 lbu              x16, 0(x8)          x16=00000040  x8:1c001108  PA:1c001108
18432659ns          311863 1c0084f6 00178793 addi             x15, x15, 1         x15=00000091 x15:00000090
18432679ns          311864 1c0084f8 0ff77713 andi             x14, x14, 255       x14=00000040 x14:00000040
18432699ns          311865 1c0084fc 00fba023 sw               x15, 0(x23)         x15:00000091 x23:1c001324  PA:1c001324
18433017ns          311881 1c008500 320d8893 addi             x17, x27, 800       x17=1c001320 x27:1c001000
18433037ns          311882 1c008504 17ca8593 addi             x11, x21, 380       x11=1c00017c x21:1c000000
18433057ns          311883 1c008508 010006b3 add              x13, x0, x16        x13=00000040 x16:00000040
18433076ns          311884 1c00850a 7d4d0513 addi             x10, x26, 2004      x10=1c0007d4 x26:1c000000
18433096ns          311885 1c00850e 00e00633 add              x12, x0, x14        x12=00000040 x14:00000040
18433116ns          311886 1c008510 00840413 addi             x8, x8, 8            x8=1c001110  x8:1c001108
18433136ns          311887 1c008512 0ffcfc93 andi             x25, x25, 255       x25=000000e9 x25:ffffffe9
18433156ns          311888 1c008516 01070b63 beq              x14, x16, 22        x14:00000040 x16:00000040
18433216ns          311891 1c00852c 00178793 addi             x15, x15, 1         x15=00000092 x15:00000091
18433236ns          311892 1c00852e 0004c703 lbu              x14, 0(x9)          x14=000000e9  x9:1c00110c  PA:1c00110c
18433534ns          311907 1c008532 00fba023 sw               x15, 0(x23)         x15:00000092 x23:1c001324  PA:1c001324
18433872ns          311924 1c008536 320d8813 addi             x16, x27, 800       x16=1c001320 x27:1c001000
18433892ns          311925 1c00853a 01900633 add              x12, x0, x25        x12=000000e9 x25:000000e9
18433912ns          311926 1c00853c 00e006b3 add              x13, x0, x14        x13=000000e9 x14:000000e9
18433932ns          311927 1c00853e 19ca0593 addi             x11, x20, 412       x11=1c00019c x20:1c000000
18433952ns          311928 1c008542 7d4d0513 addi             x10, x26, 2004      x10=1c0007d4 x26:1c000000
18433972ns          311929 1c008546 00ec8b63 beq              x25, x14, 22        x25:000000e9 x14:000000e9
18434031ns          311932 1c00855c 00178793 addi             x15, x15, 1         x15=00000093 x15:00000092
18434051ns          311933 1c00855e 00fba023 sw               x15, 0(x23)         x15:00000093 x23:1c001324  PA:1c001324
18434389ns          311950 1c008562 320d8713 addi             x14, x27, 800       x14=1c001320 x27:1c001000
18434409ns          311951 1c008566 008006b3 add              x13, x0, x8         x13=1c001110  x8:1c001110
18434429ns          311952 1c008568 01800633 add              x12, x0, x24        x12=1c001110 x24:1c001110
18434449ns          311953 1c00856a 1bc98593 addi             x11, x19, 444       x11=1c0001bc x19:1c000000
18434469ns          311954 1c00856e 7d4d0513 addi             x10, x26, 2004      x10=1c0007d4 x26:1c000000
18434489ns          311955 1c008572 008c0763 beq              x24, x8, 14         x24:1c001110  x8:1c001110
18434548ns          311958 1c008580 00848493 addi             x9, x9, 8            x9=1c001114  x9:1c00110c
18434568ns          311959 1c008582 f4891fe3 bne              x18, x8, -162       x18:1c001118  x8:1c001110
18434628ns          311962 1c0084e0 000ba783 lw               x15, 0(x23)         x15=00000093 x23:1c001324  PA:1c001324
18434926ns          311977 1c0084e4 01600733 add              x14, x0, x22        x14=00000000 x22:00000000
18434946ns          311978 1c0084e6 00800c33 add              x24, x0, x8         x24=1c001110  x8:1c001110
18434966ns          311979 1c0084e8 01600cb3 add              x25, x0, x22        x25=00000000 x22:00000000
18434986ns          311980 1c0084ea 004c070b p.lb             x14, 4(x24!)        x14=ffffffe1 x24=1c001114 x24:1c001110  PA:1c001110
18435284ns          311995 1c0084ee 004c0c8b p.lb             x25, 4(x24!)        x25=ffffffd7 x24=1c001118 x24:1c001114  PA:1c001114
18435583ns          312010 1c0084f2 00044803 lbu              x16, 0(x8)          x16=000000e1  x8:1c001110  PA:1c001110
18435901ns          312026 1c0084f6 00178793 addi             x15, x15, 1         x15=00000094 x15:00000093
18435921ns          312027 1c0084f8 0ff77713 andi             x14, x14, 255       x14=000000e1 x14:ffffffe1
18435941ns          312028 1c0084fc 00fba023 sw               x15, 0(x23)         x15:00000094 x23:1c001324  PA:1c001324
18436259ns          312044 1c008500 320d8893 addi             x17, x27, 800       x17=1c001320 x27:1c001000
18436279ns          312045 1c008504 17ca8593 addi             x11, x21, 380       x11=1c00017c x21:1c000000
18436299ns          312046 1c008508 010006b3 add              x13, x0, x16        x13=000000e1 x16:000000e1
18436319ns          312047 1c00850a 7d4d0513 addi             x10, x26, 2004      x10=1c0007d4 x26:1c000000
18436339ns          312048 1c00850e 00e00633 add              x12, x0, x14        x12=000000e1 x14:000000e1
18436358ns          312049 1c008510 00840413 addi             x8, x8, 8            x8=1c001118  x8:1c001110
18436378ns          312050 1c008512 0ffcfc93 andi             x25, x25, 255       x25=000000d7 x25:ffffffd7
18436398ns          312051 1c008516 01070b63 beq              x14, x16, 22        x14:000000e1 x16:000000e1
18436458ns          312054 1c00852c 00178793 addi             x15, x15, 1         x15=00000095 x15:00000094
18436478ns          312055 1c00852e 0004c703 lbu              x14, 0(x9)          x14=000000d7  x9:1c001114  PA:1c001114
18436796ns          312071 1c008532 00fba023 sw               x15, 0(x23)         x15:00000095 x23:1c001324  PA:1c001324
18437134ns          312088 1c008536 320d8813 addi             x16, x27, 800       x16=1c001320 x27:1c001000
18437154ns          312089 1c00853a 01900633 add              x12, x0, x25        x12=000000d7 x25:000000d7
18437174ns          312090 1c00853c 00e006b3 add              x13, x0, x14        x13=000000d7 x14:000000d7
18437194ns          312091 1c00853e 19ca0593 addi             x11, x20, 412       x11=1c00019c x20:1c000000
18437214ns          312092 1c008542 7d4d0513 addi             x10, x26, 2004      x10=1c0007d4 x26:1c000000
18437234ns          312093 1c008546 00ec8b63 beq              x25, x14, 22        x25:000000d7 x14:000000d7
18437293ns          312096 1c00855c 00178793 addi             x15, x15, 1         x15=00000096 x15:00000095
18437313ns          312097 1c00855e 00fba023 sw               x15, 0(x23)         x15:00000096 x23:1c001324  PA:1c001324
18437631ns          312113 1c008562 320d8713 addi             x14, x27, 800       x14=1c001320 x27:1c001000
18437651ns          312114 1c008566 008006b3 add              x13, x0, x8         x13=1c001118  x8:1c001118
18437671ns          312115 1c008568 01800633 add              x12, x0, x24        x12=1c001118 x24:1c001118
18437691ns          312116 1c00856a 1bc98593 addi             x11, x19, 444       x11=1c0001bc x19:1c000000
18437711ns          312117 1c00856e 7d4d0513 addi             x10, x26, 2004      x10=1c0007d4 x26:1c000000
18437731ns          312118 1c008572 008c0763 beq              x24, x8, 14         x24:1c001118  x8:1c001118
18437791ns          312121 1c008580 00848493 addi             x9, x9, 8            x9=1c00111c  x9:1c001114
18437810ns          312122 1c008582 f4891fe3 bne              x18, x8, -162       x18:1c001118  x8:1c001118
18437830ns          312123 1c008586 04c12083 lw               x1, 76(x2)           x1=1c0097f0  x2:10000798  PA:100007e4
18437850ns          312124 1c008588 04812403 lw               x8, 72(x2)           x8=1c001320  x2:10000798  PA:100007e0
18437870ns          312125 1c00858a 04412483 lw               x9, 68(x2)           x9=xxxxxxxx  x2:10000798  PA:100007dc
18437890ns          312126 1c00858c 04012903 lw               x18, 64(x2)         x18=xxxxxxxx  x2:10000798  PA:100007d8
18437910ns          312127 1c00858e 03c12983 lw               x19, 60(x2)         x19=xxxxxxxx  x2:10000798  PA:100007d4
18438288ns          312146 1c008590 03812a03 lw               x20, 56(x2)         x20=xxxxxxxx  x2:10000798  PA:100007d0
18438308ns          312147 1c008592 03412a83 lw               x21, 52(x2)         x21=xxxxxxxx  x2:10000798  PA:100007cc
18438328ns          312148 1c008594 03012b03 lw               x22, 48(x2)         x22=xxxxxxxx  x2:10000798  PA:100007c8
18438348ns          312149 1c008596 02c12b83 lw               x23, 44(x2)         x23=xxxxxxxx  x2:10000798  PA:100007c4
18438367ns          312150 1c008598 02812c03 lw               x24, 40(x2)         x24=xxxxxxxx  x2:10000798  PA:100007c0
18438387ns          312151 1c00859a 02412c83 lw               x25, 36(x2)         x25=xxxxxxxx  x2:10000798  PA:100007bc
18438407ns          312152 1c00859c 02012d03 lw               x26, 32(x2)         x26=xxxxxxxx  x2:10000798  PA:100007b8
18438427ns          312153 1c00859e 01c12d83 lw               x27, 28(x2)         x27=xxxxxxxx  x2:10000798  PA:100007b4
18438805ns          312172 1c0085a0 05010113 addi             x2, x2, 80           x2=100007e8  x2:10000798
18438825ns          312173 1c0085a2 00008067 jalr             x0, x1, 0            x1:1c0097f0
18438904ns          312177 1c0097f0 db5fe0ef jal              x1, -4684            x1=1c0097f4
18438944ns          312179 1c0085a4 fc010113 addi             x2, x2, -64          x2=100007a8  x2:100007e8
18438964ns          312180 1c0085a6 03312623 sw               x19, 44(x2)         x19:xxxxxxxx  x2:100007a8  PA:100007d4
18438984ns          312181 1c0085a8 03412423 sw               x20, 40(x2)         x20:xxxxxxxx  x2:100007a8  PA:100007d0
18439004ns          312182 1c0085aa 1c0019b7 lui              x19, 0x1c001000     x19=1c001000
18439422ns          312203 1c0085ae 1c001a37 lui              x20, 0x1c001000     x20=1c001000
18439442ns          312204 1c0085b2 02812c23 sw               x8, 56(x2)           x8:1c001320  x2:100007a8  PA:100007e0
18439461ns          312205 1c0085b4 01a12823 sw               x26, 16(x2)         x26:xxxxxxxx  x2:100007a8  PA:100007b8
18439481ns          312206 1c0085b6 050a0413 addi             x8, x20, 80          x8=1c001050 x20:1c001000
18439501ns          312207 1c0085ba 1c001d37 lui              x26, 0x1c001000     x26=1c001000
18439959ns          312230 1c0085be 32498993 addi             x19, x19, 804       x19=1c001324 x19:1c001000
18439979ns          312231 1c0085c2 02912a23 sw               x9, 52(x2)           x9:xxxxxxxx  x2:100007a8  PA:100007dc
18439998ns          312232 1c0085c4 03212823 sw               x18, 48(x2)         x18:xxxxxxxx  x2:100007a8  PA:100007d8
18440018ns          312233 1c0085c6 00440493 addi             x9, x8, 4            x9=1c001054  x8:1c001050
18440038ns          312234 1c0085ca 0a0d0913 addi             x18, x26, 160       x18=1c0010a0 x26:1c001000
18440476ns          312256 1c0085ce 0009a783 lw               x15, 0(x19)         x15=00000096 x19:1c001324  PA:1c001324
18440774ns          312271 1c0085d2 03512223 sw               x21, 36(x2)         x21:xxxxxxxx  x2:100007a8  PA:100007cc
18440794ns          312272 1c0085d4 03612023 sw               x22, 32(x2)         x22:xxxxxxxx  x2:100007a8  PA:100007c8
18440814ns          312273 1c0085d6 01712e23 sw               x23, 28(x2)         x23:xxxxxxxx  x2:100007a8  PA:100007c4
18440834ns          312274 1c0085d8 01812c23 sw               x24, 24(x2)         x24:xxxxxxxx  x2:100007a8  PA:100007c0
18440854ns          312275 1c0085da 01912a23 sw               x25, 20(x2)         x25:xxxxxxxx  x2:100007a8  PA:100007bc
18440874ns          312276 1c0085dc 02112e23 sw               x1, 60(x2)           x1:1c0097f4  x2:100007a8  PA:100007e4
18440894ns          312277 1c0085de 01b12623 sw               x27, 12(x2)         x27:xxxxxxxx  x2:100007a8  PA:100007b4
18440993ns          312282 1c0085e0 02890c13 addi             x24, x18, 40        x24=1c0010c8 x18:1c0010a0
18441033ns          312284 1c0085e4 00900cb3 add              x25, x0, x9         x25=1c001054  x9:1c001054
18441053ns          312285 1c0085e6 050a0a13 addi             x20, x20, 80        x20=1c001050 x20:1c001000
18441073ns          312286 1c0085ea 0a0d0d13 addi             x26, x26, 160       x26=1c0010a0 x26:1c001000
18441092ns          312287 1c0085ee 00000b93 addi             x23, x0, 0          x23=00000000
18441510ns          312308 1c0085f0 1c001b37 lui              x22, 0x1c001000     x22=1c001000
18441550ns          312310 1c0085f4 1c000ab7 lui              x21, 0x1c000000     x21=1c000000
18441570ns          312311 1c0085f8 004d268b p.lw             x13, 4(x26!)        x13=00000004 x26=1c0010a4 x26:1c0010a0  PA:1c0010a0
18441868ns          312326 1c0085fc 01700733 add              x14, x0, x23        x14=00000000 x23:00000000
18441888ns          312327 1c0085fe 01700db3 add              x27, x0, x23        x27=00000000 x23:00000000
18442027ns          312334 1c008600 200a7703 lw               x14, x0(x20)        x14=f1afcc96 x20:1c001050  PA:1c001050
18442346ns          312350 1c008604 20da7d83 lw               x27, x13(x20)       x27=0f945bf2 x13:00000004 x20:1c001050  PA:1c001054
18442664ns          312366 1c008608 00178793 addi             x15, x15, 1         x15=00000097 x15:00000096
18442684ns          312367 1c00860a 000a2803 lw               x16, 0(x20)         x16=f1afcc96 x20:1c001050  PA:1c001050
18442982ns          312382 1c00860e 1c000537 lui              x10, 0x1c000000     x10=1c000000
18443002ns          312383 1c008612 00f9a023 sw               x15, 0(x19)         x15:00000097 x19:1c001324  PA:1c001324
18443320ns          312399 1c008616 3a050593 addi             x11, x10, 928       x11=1c0003a0 x10:1c000000
18443340ns          312400 1c00861a 320b0e13 addi             x28, x22, 800       x28=1c001320 x22:1c001000
18443360ns          312401 1c00861e 00e00633 add              x12, x0, x14        x12=f1afcc96 x14:f1afcc96
18443479ns          312407 1c008620 010006b3 add              x13, x0, x16        x13=f1afcc96 x16:f1afcc96
18443519ns          312409 1c008622 7d4a8513 addi             x10, x21, 2004      x10=1c0007d4 x21:1c000000
18443539ns          312410 1c008626 00e80b63 beq              x16, x14, 22        x16:f1afcc96 x14:f1afcc96
18444036ns          312435 1c00863c 000ca703 lw               x14, 0(x25)         x14=0f945bf2 x25:1c001054  PA:1c001054
18444494ns          312458 1c008640 00178793 addi             x15, x15, 1         x15=00000098 x15:00000097
18444514ns          312459 1c008642 1c000537 lui              x10, 0x1c000000     x10=1c000000
18444534ns          312460 1c008646 00f9a023 sw               x15, 0(x19)         x15:00000098 x19:1c001324  PA:1c001324
18444852ns          312476 1c00864a 3c050593 addi             x11, x10, 960       x11=1c0003c0 x10:1c000000
18444991ns          312483 1c00864e 320b0813 addi             x16, x22, 800       x16=1c001320 x22:1c001000
18445011ns          312484 1c008652 00e006b3 add              x13, x0, x14        x13=0f945bf2 x14:0f945bf2
18445031ns          312485 1c008654 01b00633 add              x12, x0, x27        x12=0f945bf2 x27:0f945bf2
18445051ns          312486 1c008656 7d4a8513 addi             x10, x21, 2004      x10=1c0007d4 x21:1c000000
18445071ns          312487 1c00865a 01b70b63 beq              x14, x27, 22        x14:0f945bf2 x27:0f945bf2
18445966ns          312532 1c008670 008a0a13 addi             x20, x20, 8         x20=1c001058 x20:1c001050
18445986ns          312533 1c008672 008c8c93 addi             x25, x25, 8         x25=1c00105c x25:1c001054
18446005ns          312534 1c008674 f9ac12e3 bne              x24, x26, -124      x24:1c0010c8 x26:1c0010a4
18446105ns          312539 1c0085f8 004d268b p.lw             x13, 4(x26!)        x13=00000004 x26=1c0010a8 x26:1c0010a4  PA:1c0010a4
18446463ns          312557 1c0085fc 01700733 add              x14, x0, x23        x14=00000000 x23:00000000
18446483ns          312558 1c0085fe 01700db3 add              x27, x0, x23        x27=00000000 x23:00000000
18446503ns          312559 1c008600 200a7703 lw               x14, x0(x20)        x14=04b86c0a x20:1c001058  PA:1c001058
18446801ns          312574 1c008604 20da7d83 lw               x27, x13(x20)       x27=b3d028bc x13:00000004 x20:1c001058  PA:1c00105c
18447099ns          312589 1c008608 00178793 addi             x15, x15, 1         x15=00000099 x15:00000098
18447119ns          312590 1c00860a 000a2803 lw               x16, 0(x20)         x16=04b86c0a x20:1c001058  PA:1c001058
18447438ns          312606 1c00860e 1c000537 lui              x10, 0x1c000000     x10=1c000000
18447457ns          312607 1c008612 00f9a023 sw               x15, 0(x19)         x15:00000099 x19:1c001324  PA:1c001324
18447796ns          312624 1c008616 3a050593 addi             x11, x10, 928       x11=1c0003a0 x10:1c000000
18447816ns          312625 1c00861a 320b0e13 addi             x28, x22, 800       x28=1c001320 x22:1c001000
18447835ns          312626 1c00861e 00e00633 add              x12, x0, x14        x12=04b86c0a x14:04b86c0a
18447855ns          312627 1c008620 010006b3 add              x13, x0, x16        x13=04b86c0a x16:04b86c0a
18447875ns          312628 1c008622 7d4a8513 addi             x10, x21, 2004      x10=1c0007d4 x21:1c000000
18447895ns          312629 1c008626 00e80b63 beq              x16, x14, 22        x16:04b86c0a x14:04b86c0a
18447955ns          312632 1c00863c 000ca703 lw               x14, 0(x25)         x14=b3d028bc x25:1c00105c  PA:1c00105c
18448253ns          312647 1c008640 00178793 addi             x15, x15, 1         x15=0000009a x15:00000099
18448273ns          312648 1c008642 1c000537 lui              x10, 0x1c000000     x10=1c000000
18448293ns          312649 1c008646 00f9a023 sw               x15, 0(x19)         x15:0000009a x19:1c001324  PA:1c001324
18448611ns          312665 1c00864a 3c050593 addi             x11, x10, 960       x11=1c0003c0 x10:1c000000
18448631ns          312666 1c00864e 320b0813 addi             x16, x22, 800       x16=1c001320 x22:1c001000
18448651ns          312667 1c008652 00e006b3 add              x13, x0, x14        x13=b3d028bc x14:b3d028bc
18448671ns          312668 1c008654 01b00633 add              x12, x0, x27        x12=b3d028bc x27:b3d028bc
18448691ns          312669 1c008656 7d4a8513 addi             x10, x21, 2004      x10=1c0007d4 x21:1c000000
18448711ns          312670 1c00865a 01b70b63 beq              x14, x27, 22        x14:b3d028bc x27:b3d028bc
18448770ns          312673 1c008670 008a0a13 addi             x20, x20, 8         x20=1c001060 x20:1c001058
18448790ns          312674 1c008672 008c8c93 addi             x25, x25, 8         x25=1c001064 x25:1c00105c
18448810ns          312675 1c008674 f9ac12e3 bne              x24, x26, -124      x24:1c0010c8 x26:1c0010a8
18449327ns          312701 1c0085f8 004d268b p.lw             x13, 4(x26!)        x13=00000004 x26=1c0010ac x26:1c0010a8  PA:1c0010a8
18449626ns          312716 1c0085fc 01700733 add              x14, x0, x23        x14=00000000 x23:00000000
18449645ns          312717 1c0085fe 01700db3 add              x27, x0, x23        x27=00000000 x23:00000000
18449665ns          312718 1c008600 200a7703 lw               x14, x0(x20)        x14=e78e29f3 x20:1c001060  PA:1c001060
18449984ns          312734 1c008604 20da7d83 lw               x27, x13(x20)       x27=6d3949d0 x13:00000004 x20:1c001060  PA:1c001064
18450282ns          312749 1c008608 00178793 addi             x15, x15, 1         x15=0000009b x15:0000009a
18450302ns          312750 1c00860a 000a2803 lw               x16, 0(x20)         x16=e78e29f3 x20:1c001060  PA:1c001060
18450600ns          312765 1c00860e 1c000537 lui              x10, 0x1c000000     x10=1c000000
18450620ns          312766 1c008612 00f9a023 sw               x15, 0(x19)         x15:0000009b x19:1c001324  PA:1c001324
18450938ns          312782 1c008616 3a050593 addi             x11, x10, 928       x11=1c0003a0 x10:1c000000
18450958ns          312783 1c00861a 320b0e13 addi             x28, x22, 800       x28=1c001320 x22:1c001000
18450978ns          312784 1c00861e 00e00633 add              x12, x0, x14        x12=e78e29f3 x14:e78e29f3
18450998ns          312785 1c008620 010006b3 add              x13, x0, x16        x13=e78e29f3 x16:e78e29f3
18451018ns          312786 1c008622 7d4a8513 addi             x10, x21, 2004      x10=1c0007d4 x21:1c000000
18451038ns          312787 1c008626 00e80b63 beq              x16, x14, 22        x16:e78e29f3 x14:e78e29f3
18451097ns          312790 1c00863c 000ca703 lw               x14, 0(x25)         x14=6d3949d0 x25:1c001064  PA:1c001064
18451396ns          312805 1c008640 00178793 addi             x15, x15, 1         x15=0000009c x15:0000009b
18451416ns          312806 1c008642 1c000537 lui              x10, 0x1c000000     x10=1c000000
18451436ns          312807 1c008646 00f9a023 sw               x15, 0(x19)         x15:0000009c x19:1c001324  PA:1c001324
18451774ns          312824 1c00864a 3c050593 addi             x11, x10, 960       x11=1c0003c0 x10:1c000000
18451794ns          312825 1c00864e 320b0813 addi             x16, x22, 800       x16=1c001320 x22:1c001000
18451814ns          312826 1c008652 00e006b3 add              x13, x0, x14        x13=6d3949d0 x14:6d3949d0
18451833ns          312827 1c008654 01b00633 add              x12, x0, x27        x12=6d3949d0 x27:6d3949d0
18451853ns          312828 1c008656 7d4a8513 addi             x10, x21, 2004      x10=1c0007d4 x21:1c000000
18451873ns          312829 1c00865a 01b70b63 beq              x14, x27, 22        x14:6d3949d0 x27:6d3949d0
18451933ns          312832 1c008670 008a0a13 addi             x20, x20, 8         x20=1c001068 x20:1c001060
18451953ns          312833 1c008672 008c8c93 addi             x25, x25, 8         x25=1c00106c x25:1c001064
18451973ns          312834 1c008674 f9ac12e3 bne              x24, x26, -124      x24:1c0010c8 x26:1c0010ac
18452032ns          312837 1c0085f8 004d268b p.lw             x13, 4(x26!)        x13=00000004 x26=1c0010b0 x26:1c0010ac  PA:1c0010ac
18452331ns          312852 1c0085fc 01700733 add              x14, x0, x23        x14=00000000 x23:00000000
18452351ns          312853 1c0085fe 01700db3 add              x27, x0, x23        x27=00000000 x23:00000000
18452370ns          312854 1c008600 200a7703 lw               x14, x0(x20)        x14=b8980a3a x20:1c001068  PA:1c001068
18452669ns          312869 1c008604 20da7d83 lw               x27, x13(x20)       x27=410e17c5 x13:00000004 x20:1c001068  PA:1c00106c
18452967ns          312884 1c008608 00178793 addi             x15, x15, 1         x15=0000009d x15:0000009c
18452987ns          312885 1c00860a 000a2803 lw               x16, 0(x20)         x16=b8980a3a x20:1c001068  PA:1c001068
18453285ns          312900 1c00860e 1c000537 lui              x10, 0x1c000000     x10=1c000000
18453305ns          312901 1c008612 00f9a023 sw               x15, 0(x19)         x15:0000009d x19:1c001324  PA:1c001324
18453624ns          312917 1c008616 3a050593 addi             x11, x10, 928       x11=1c0003a0 x10:1c000000
18453644ns          312918 1c00861a 320b0e13 addi             x28, x22, 800       x28=1c001320 x22:1c001000
18453663ns          312919 1c00861e 00e00633 add              x12, x0, x14        x12=b8980a3a x14:b8980a3a
18453683ns          312920 1c008620 010006b3 add              x13, x0, x16        x13=b8980a3a x16:b8980a3a
18453703ns          312921 1c008622 7d4a8513 addi             x10, x21, 2004      x10=1c0007d4 x21:1c000000
18453723ns          312922 1c008626 00e80b63 beq              x16, x14, 22        x16:b8980a3a x14:b8980a3a
18453783ns          312925 1c00863c 000ca703 lw               x14, 0(x25)         x14=410e17c5 x25:1c00106c  PA:1c00106c
18454081ns          312940 1c008640 00178793 addi             x15, x15, 1         x15=0000009e x15:0000009d
18454101ns          312941 1c008642 1c000537 lui              x10, 0x1c000000     x10=1c000000
18454121ns          312942 1c008646 00f9a023 sw               x15, 0(x19)         x15:0000009e x19:1c001324  PA:1c001324
18454459ns          312959 1c00864a 3c050593 addi             x11, x10, 960       x11=1c0003c0 x10:1c000000
18454479ns          312960 1c00864e 320b0813 addi             x16, x22, 800       x16=1c001320 x22:1c001000
18454499ns          312961 1c008652 00e006b3 add              x13, x0, x14        x13=410e17c5 x14:410e17c5
18454519ns          312962 1c008654 01b00633 add              x12, x0, x27        x12=410e17c5 x27:410e17c5
18454539ns          312963 1c008656 7d4a8513 addi             x10, x21, 2004      x10=1c0007d4 x21:1c000000
18454558ns          312964 1c00865a 01b70b63 beq              x14, x27, 22        x14:410e17c5 x27:410e17c5
18454618ns          312967 1c008670 008a0a13 addi             x20, x20, 8         x20=1c001070 x20:1c001068
18454638ns          312968 1c008672 008c8c93 addi             x25, x25, 8         x25=1c001074 x25:1c00106c
18454658ns          312969 1c008674 f9ac12e3 bne              x24, x26, -124      x24:1c0010c8 x26:1c0010b0
18454718ns          312972 1c0085f8 004d268b p.lw             x13, 4(x26!)        x13=00000004 x26=1c0010b4 x26:1c0010b0  PA:1c0010b0
18455036ns          312988 1c0085fc 01700733 add              x14, x0, x23        x14=00000000 x23:00000000
18455056ns          312989 1c0085fe 01700db3 add              x27, x0, x23        x27=00000000 x23:00000000
18455076ns          312990 1c008600 200a7703 lw               x14, x0(x20)        x14=aecdc0be x20:1c001070  PA:1c001070
18455374ns          313005 1c008604 20da7d83 lw               x27, x13(x20)       x27=b56e29b9 x13:00000004 x20:1c001070  PA:1c001074
18455692ns          313021 1c008608 00178793 addi             x15, x15, 1         x15=0000009f x15:0000009e
18455712ns          313022 1c00860a 000a2803 lw               x16, 0(x20)         x16=aecdc0be x20:1c001070  PA:1c001070
18456011ns          313037 1c00860e 1c000537 lui              x10, 0x1c000000     x10=1c000000
18456030ns          313038 1c008612 00f9a023 sw               x15, 0(x19)         x15:0000009f x19:1c001324  PA:1c001324
18456349ns          313054 1c008616 3a050593 addi             x11, x10, 928       x11=1c0003a0 x10:1c000000
18456369ns          313055 1c00861a 320b0e13 addi             x28, x22, 800       x28=1c001320 x22:1c001000
18456388ns          313056 1c00861e 00e00633 add              x12, x0, x14        x12=aecdc0be x14:aecdc0be
18456408ns          313057 1c008620 010006b3 add              x13, x0, x16        x13=aecdc0be x16:aecdc0be
18456428ns          313058 1c008622 7d4a8513 addi             x10, x21, 2004      x10=1c0007d4 x21:1c000000
18456448ns          313059 1c008626 00e80b63 beq              x16, x14, 22        x16:aecdc0be x14:aecdc0be
18456508ns          313062 1c00863c 000ca703 lw               x14, 0(x25)         x14=b56e29b9 x25:1c001074  PA:1c001074
18456806ns          313077 1c008640 00178793 addi             x15, x15, 1         x15=000000a0 x15:0000009f
18456826ns          313078 1c008642 1c000537 lui              x10, 0x1c000000     x10=1c000000
18456846ns          313079 1c008646 00f9a023 sw               x15, 0(x19)         x15:000000a0 x19:1c001324  PA:1c001324
18457164ns          313095 1c00864a 3c050593 addi             x11, x10, 960       x11=1c0003c0 x10:1c000000
18457184ns          313096 1c00864e 320b0813 addi             x16, x22, 800       x16=1c001320 x22:1c001000
18457204ns          313097 1c008652 00e006b3 add              x13, x0, x14        x13=b56e29b9 x14:b56e29b9
18457224ns          313098 1c008654 01b00633 add              x12, x0, x27        x12=b56e29b9 x27:b56e29b9
18457244ns          313099 1c008656 7d4a8513 addi             x10, x21, 2004      x10=1c0007d4 x21:1c000000
18457264ns          313100 1c00865a 01b70b63 beq              x14, x27, 22        x14:b56e29b9 x27:b56e29b9
18457323ns          313103 1c008670 008a0a13 addi             x20, x20, 8         x20=1c001078 x20:1c001070
18457343ns          313104 1c008672 008c8c93 addi             x25, x25, 8         x25=1c00107c x25:1c001074
18457363ns          313105 1c008674 f9ac12e3 bne              x24, x26, -124      x24:1c0010c8 x26:1c0010b4
18457423ns          313108 1c0085f8 004d268b p.lw             x13, 4(x26!)        x13=00000004 x26=1c0010b8 x26:1c0010b4  PA:1c0010b4
18457721ns          313123 1c0085fc 01700733 add              x14, x0, x23        x14=00000000 x23:00000000
18457741ns          313124 1c0085fe 01700db3 add              x27, x0, x23        x27=00000000 x23:00000000
18457761ns          313125 1c008600 200a7703 lw               x14, x0(x20)        x14=1312804d x20:1c001078  PA:1c001078
18458059ns          313140 1c008604 20da7d83 lw               x27, x13(x20)       x27=f1539f9b x13:00000004 x20:1c001078  PA:1c00107c
18458378ns          313156 1c008608 00178793 addi             x15, x15, 1         x15=000000a1 x15:000000a0
18458397ns          313157 1c00860a 000a2803 lw               x16, 0(x20)         x16=1312804d x20:1c001078  PA:1c001078
18458696ns          313172 1c00860e 1c000537 lui              x10, 0x1c000000     x10=1c000000
18458716ns          313173 1c008612 00f9a023 sw               x15, 0(x19)         x15:000000a1 x19:1c001324  PA:1c001324
18459034ns          313189 1c008616 3a050593 addi             x11, x10, 928       x11=1c0003a0 x10:1c000000
18459054ns          313190 1c00861a 320b0e13 addi             x28, x22, 800       x28=1c001320 x22:1c001000
18459074ns          313191 1c00861e 00e00633 add              x12, x0, x14        x12=1312804d x14:1312804d
18459094ns          313192 1c008620 010006b3 add              x13, x0, x16        x13=1312804d x16:1312804d
18459113ns          313193 1c008622 7d4a8513 addi             x10, x21, 2004      x10=1c0007d4 x21:1c000000
18459133ns          313194 1c008626 00e80b63 beq              x16, x14, 22        x16:1312804d x14:1312804d
18459193ns          313197 1c00863c 000ca703 lw               x14, 0(x25)         x14=f1539f9b x25:1c00107c  PA:1c00107c
18459491ns          313212 1c008640 00178793 addi             x15, x15, 1         x15=000000a2 x15:000000a1
18459511ns          313213 1c008642 1c000537 lui              x10, 0x1c000000     x10=1c000000
18459531ns          313214 1c008646 00f9a023 sw               x15, 0(x19)         x15:000000a2 x19:1c001324  PA:1c001324
18459849ns          313230 1c00864a 3c050593 addi             x11, x10, 960       x11=1c0003c0 x10:1c000000
18459869ns          313231 1c00864e 320b0813 addi             x16, x22, 800       x16=1c001320 x22:1c001000
18459889ns          313232 1c008652 00e006b3 add              x13, x0, x14        x13=f1539f9b x14:f1539f9b
18459909ns          313233 1c008654 01b00633 add              x12, x0, x27        x12=f1539f9b x27:f1539f9b
18459929ns          313234 1c008656 7d4a8513 addi             x10, x21, 2004      x10=1c0007d4 x21:1c000000
18459949ns          313235 1c00865a 01b70b63 beq              x14, x27, 22        x14:f1539f9b x27:f1539f9b
18460009ns          313238 1c008670 008a0a13 addi             x20, x20, 8         x20=1c001080 x20:1c001078
18460028ns          313239 1c008672 008c8c93 addi             x25, x25, 8         x25=1c001084 x25:1c00107c
18460048ns          313240 1c008674 f9ac12e3 bne              x24, x26, -124      x24:1c0010c8 x26:1c0010b8
18460108ns          313243 1c0085f8 004d268b p.lw             x13, 4(x26!)        x13=00000004 x26=1c0010bc x26:1c0010b8  PA:1c0010b8
18460406ns          313258 1c0085fc 01700733 add              x14, x0, x23        x14=00000000 x23:00000000
18460426ns          313259 1c0085fe 01700db3 add              x27, x0, x23        x27=00000000 x23:00000000
18460446ns          313260 1c008600 200a7703 lw               x14, x0(x20)        x14=ae3d0f2b x20:1c001080  PA:1c001080
18460745ns          313275 1c008604 20da7d83 lw               x27, x13(x20)       x27=dea303d9 x13:00000004 x20:1c001080  PA:1c001084
18461063ns          313291 1c008608 00178793 addi             x15, x15, 1         x15=000000a3 x15:000000a2
18461083ns          313292 1c00860a 000a2803 lw               x16, 0(x20)         x16=ae3d0f2b x20:1c001080  PA:1c001080
18461401ns          313308 1c00860e 1c000537 lui              x10, 0x1c000000     x10=1c000000
18461421ns          313309 1c008612 00f9a023 sw               x15, 0(x19)         x15:000000a3 x19:1c001324  PA:1c001324
18461739ns          313325 1c008616 3a050593 addi             x11, x10, 928       x11=1c0003a0 x10:1c000000
18461759ns          313326 1c00861a 320b0e13 addi             x28, x22, 800       x28=1c001320 x22:1c001000
18461779ns          313327 1c00861e 00e00633 add              x12, x0, x14        x12=ae3d0f2b x14:ae3d0f2b
18461799ns          313328 1c008620 010006b3 add              x13, x0, x16        x13=ae3d0f2b x16:ae3d0f2b
18461819ns          313329 1c008622 7d4a8513 addi             x10, x21, 2004      x10=1c0007d4 x21:1c000000
18461838ns          313330 1c008626 00e80b63 beq              x16, x14, 22        x16:ae3d0f2b x14:ae3d0f2b
18461898ns          313333 1c00863c 000ca703 lw               x14, 0(x25)         x14=dea303d9 x25:1c001084  PA:1c001084
18462197ns          313348 1c008640 00178793 addi             x15, x15, 1         x15=000000a4 x15:000000a3
18462216ns          313349 1c008642 1c000537 lui              x10, 0x1c000000     x10=1c000000
18462236ns          313350 1c008646 00f9a023 sw               x15, 0(x19)         x15:000000a4 x19:1c001324  PA:1c001324
18462555ns          313366 1c00864a 3c050593 addi             x11, x10, 960       x11=1c0003c0 x10:1c000000
18462574ns          313367 1c00864e 320b0813 addi             x16, x22, 800       x16=1c001320 x22:1c001000
18462594ns          313368 1c008652 00e006b3 add              x13, x0, x14        x13=dea303d9 x14:dea303d9
18462614ns          313369 1c008654 01b00633 add              x12, x0, x27        x12=dea303d9 x27:dea303d9
18462634ns          313370 1c008656 7d4a8513 addi             x10, x21, 2004      x10=1c0007d4 x21:1c000000
18462654ns          313371 1c00865a 01b70b63 beq              x14, x27, 22        x14:dea303d9 x27:dea303d9
18462714ns          313374 1c008670 008a0a13 addi             x20, x20, 8         x20=1c001088 x20:1c001080
18462734ns          313375 1c008672 008c8c93 addi             x25, x25, 8         x25=1c00108c x25:1c001084
18462753ns          313376 1c008674 f9ac12e3 bne              x24, x26, -124      x24:1c0010c8 x26:1c0010bc
18462813ns          313379 1c0085f8 004d268b p.lw             x13, 4(x26!)        x13=00000004 x26=1c0010c0 x26:1c0010bc  PA:1c0010bc
18463112ns          313394 1c0085fc 01700733 add              x14, x0, x23        x14=00000000 x23:00000000
18463131ns          313395 1c0085fe 01700db3 add              x27, x0, x23        x27=00000000 x23:00000000
18463151ns          313396 1c008600 200a7703 lw               x14, x0(x20)        x14=30918f4f x20:1c001088  PA:1c001088
18463450ns          313411 1c008604 20da7d83 lw               x27, x13(x20)       x27=03064f36 x13:00000004 x20:1c001088  PA:1c00108c
18463768ns          313427 1c008608 00178793 addi             x15, x15, 1         x15=000000a5 x15:000000a4
18463788ns          313428 1c00860a 000a2803 lw               x16, 0(x20)         x16=30918f4f x20:1c001088  PA:1c001088
18464086ns          313443 1c00860e 1c000537 lui              x10, 0x1c000000     x10=1c000000
18464106ns          313444 1c008612 00f9a023 sw               x15, 0(x19)         x15:000000a5 x19:1c001324  PA:1c001324
18464424ns          313460 1c008616 3a050593 addi             x11, x10, 928       x11=1c0003a0 x10:1c000000
18464444ns          313461 1c00861a 320b0e13 addi             x28, x22, 800       x28=1c001320 x22:1c001000
18464464ns          313462 1c00861e 00e00633 add              x12, x0, x14        x12=30918f4f x14:30918f4f
18464484ns          313463 1c008620 010006b3 add              x13, x0, x16        x13=30918f4f x16:30918f4f
18464504ns          313464 1c008622 7d4a8513 addi             x10, x21, 2004      x10=1c0007d4 x21:1c000000
18464524ns          313465 1c008626 00e80b63 beq              x16, x14, 22        x16:30918f4f x14:30918f4f
18464583ns          313468 1c00863c 000ca703 lw               x14, 0(x25)         x14=03064f36 x25:1c00108c  PA:1c00108c
18464882ns          313483 1c008640 00178793 addi             x15, x15, 1         x15=000000a6 x15:000000a5
18464902ns          313484 1c008642 1c000537 lui              x10, 0x1c000000     x10=1c000000
18464922ns          313485 1c008646 00f9a023 sw               x15, 0(x19)         x15:000000a6 x19:1c001324  PA:1c001324
18465240ns          313501 1c00864a 3c050593 addi             x11, x10, 960       x11=1c0003c0 x10:1c000000
18465260ns          313502 1c00864e 320b0813 addi             x16, x22, 800       x16=1c001320 x22:1c001000
18465280ns          313503 1c008652 00e006b3 add              x13, x0, x14        x13=03064f36 x14:03064f36
18465299ns          313504 1c008654 01b00633 add              x12, x0, x27        x12=03064f36 x27:03064f36
18465319ns          313505 1c008656 7d4a8513 addi             x10, x21, 2004      x10=1c0007d4 x21:1c000000
18465339ns          313506 1c00865a 01b70b63 beq              x14, x27, 22        x14:03064f36 x27:03064f36
18465399ns          313509 1c008670 008a0a13 addi             x20, x20, 8         x20=1c001090 x20:1c001088
18465419ns          313510 1c008672 008c8c93 addi             x25, x25, 8         x25=1c001094 x25:1c00108c
18465439ns          313511 1c008674 f9ac12e3 bne              x24, x26, -124      x24:1c0010c8 x26:1c0010c0
18465498ns          313514 1c0085f8 004d268b p.lw             x13, 4(x26!)        x13=00000004 x26=1c0010c4 x26:1c0010c0  PA:1c0010c0
18465797ns          313529 1c0085fc 01700733 add              x14, x0, x23        x14=00000000 x23:00000000
18465817ns          313530 1c0085fe 01700db3 add              x27, x0, x23        x27=00000000 x23:00000000
18465837ns          313531 1c008600 200a7703 lw               x14, x0(x20)        x14=50720ead x20:1c001090  PA:1c001090
18466135ns          313546 1c008604 20da7d83 lw               x27, x13(x20)       x27=d1b872d5 x13:00000004 x20:1c001090  PA:1c001094
18466453ns          313562 1c008608 00178793 addi             x15, x15, 1         x15=000000a7 x15:000000a6
18466473ns          313563 1c00860a 000a2803 lw               x16, 0(x20)         x16=50720ead x20:1c001090  PA:1c001090
18466771ns          313578 1c00860e 1c000537 lui              x10, 0x1c000000     x10=1c000000
18466791ns          313579 1c008612 00f9a023 sw               x15, 0(x19)         x15:000000a7 x19:1c001324  PA:1c001324
18467110ns          313595 1c008616 3a050593 addi             x11, x10, 928       x11=1c0003a0 x10:1c000000
18467129ns          313596 1c00861a 320b0e13 addi             x28, x22, 800       x28=1c001320 x22:1c001000
18467149ns          313597 1c00861e 00e00633 add              x12, x0, x14        x12=50720ead x14:50720ead
18467169ns          313598 1c008620 010006b3 add              x13, x0, x16        x13=50720ead x16:50720ead
18467189ns          313599 1c008622 7d4a8513 addi             x10, x21, 2004      x10=1c0007d4 x21:1c000000
18467209ns          313600 1c008626 00e80b63 beq              x16, x14, 22        x16:50720ead x14:50720ead
18467269ns          313603 1c00863c 000ca703 lw               x14, 0(x25)         x14=d1b872d5 x25:1c001094  PA:1c001094
18467567ns          313618 1c008640 00178793 addi             x15, x15, 1         x15=000000a8 x15:000000a7
18467587ns          313619 1c008642 1c000537 lui              x10, 0x1c000000     x10=1c000000
18467607ns          313620 1c008646 00f9a023 sw               x15, 0(x19)         x15:000000a8 x19:1c001324  PA:1c001324
18467925ns          313636 1c00864a 3c050593 addi             x11, x10, 960       x11=1c0003c0 x10:1c000000
18467945ns          313637 1c00864e 320b0813 addi             x16, x22, 800       x16=1c001320 x22:1c001000
18467965ns          313638 1c008652 00e006b3 add              x13, x0, x14        x13=d1b872d5 x14:d1b872d5
18467985ns          313639 1c008654 01b00633 add              x12, x0, x27        x12=d1b872d5 x27:d1b872d5
18468005ns          313640 1c008656 7d4a8513 addi             x10, x21, 2004      x10=1c0007d4 x21:1c000000
18468025ns          313641 1c00865a 01b70b63 beq              x14, x27, 22        x14:d1b872d5 x27:d1b872d5
18468084ns          313644 1c008670 008a0a13 addi             x20, x20, 8         x20=1c001098 x20:1c001090
18468104ns          313645 1c008672 008c8c93 addi             x25, x25, 8         x25=1c00109c x25:1c001094
18468124ns          313646 1c008674 f9ac12e3 bne              x24, x26, -124      x24:1c0010c8 x26:1c0010c4
18468184ns          313649 1c0085f8 004d268b p.lw             x13, 4(x26!)        x13=00000004 x26=1c0010c8 x26:1c0010c4  PA:1c0010c4
18468482ns          313664 1c0085fc 01700733 add              x14, x0, x23        x14=00000000 x23:00000000
18468502ns          313665 1c0085fe 01700db3 add              x27, x0, x23        x27=00000000 x23:00000000
18468522ns          313666 1c008600 200a7703 lw               x14, x0(x20)        x14=7141bd22 x20:1c001098  PA:1c001098
18468820ns          313681 1c008604 20da7d83 lw               x27, x13(x20)       x27=93ed19ca x13:00000004 x20:1c001098  PA:1c00109c
18469119ns          313696 1c008608 00178793 addi             x15, x15, 1         x15=000000a9 x15:000000a8
18469138ns          313697 1c00860a 000a2803 lw               x16, 0(x20)         x16=7141bd22 x20:1c001098  PA:1c001098
18469437ns          313712 1c00860e 1c000537 lui              x10, 0x1c000000     x10=1c000000
18469457ns          313713 1c008612 00f9a023 sw               x15, 0(x19)         x15:000000a9 x19:1c001324  PA:1c001324
18469775ns          313729 1c008616 3a050593 addi             x11, x10, 928       x11=1c0003a0 x10:1c000000
18469795ns          313730 1c00861a 320b0e13 addi             x28, x22, 800       x28=1c001320 x22:1c001000
18469815ns          313731 1c00861e 00e00633 add              x12, x0, x14        x12=7141bd22 x14:7141bd22
18469835ns          313732 1c008620 010006b3 add              x13, x0, x16        x13=7141bd22 x16:7141bd22
18469854ns          313733 1c008622 7d4a8513 addi             x10, x21, 2004      x10=1c0007d4 x21:1c000000
18469874ns          313734 1c008626 00e80b63 beq              x16, x14, 22        x16:7141bd22 x14:7141bd22
18469934ns          313737 1c00863c 000ca703 lw               x14, 0(x25)         x14=93ed19ca x25:1c00109c  PA:1c00109c
18470232ns          313752 1c008640 00178793 addi             x15, x15, 1         x15=000000aa x15:000000a9
18470252ns          313753 1c008642 1c000537 lui              x10, 0x1c000000     x10=1c000000
18470272ns          313754 1c008646 00f9a023 sw               x15, 0(x19)         x15:000000aa x19:1c001324  PA:1c001324
18470590ns          313770 1c00864a 3c050593 addi             x11, x10, 960       x11=1c0003c0 x10:1c000000
18470610ns          313771 1c00864e 320b0813 addi             x16, x22, 800       x16=1c001320 x22:1c001000
18470630ns          313772 1c008652 00e006b3 add              x13, x0, x14        x13=93ed19ca x14:93ed19ca
18470650ns          313773 1c008654 01b00633 add              x12, x0, x27        x12=93ed19ca x27:93ed19ca
18470670ns          313774 1c008656 7d4a8513 addi             x10, x21, 2004      x10=1c0007d4 x21:1c000000
18470690ns          313775 1c00865a 01b70b63 beq              x14, x27, 22        x14:93ed19ca x27:93ed19ca
18470750ns          313778 1c008670 008a0a13 addi             x20, x20, 8         x20=1c0010a0 x20:1c001098
18470769ns          313779 1c008672 008c8c93 addi             x25, x25, 8         x25=1c0010a4 x25:1c00109c
18470789ns          313780 1c008674 f9ac12e3 bne              x24, x26, -124      x24:1c0010c8 x26:1c0010c8
18470809ns          313781 1c008678 000108b7 lui              x17, 0x10000        x17=00010000
18470829ns          313782 1c00867a 00900db3 add              x27, x0, x9         x27=1c001054  x9:1c001054
18470849ns          313783 1c00867c 00800a33 add              x20, x0, x8         x20=1c001050  x8:1c001050
18470869ns          313784 1c00867e 01200bb3 add              x23, x0, x18        x23=1c0010a0 x18:1c0010a0
18470889ns          313785 1c008680 fff88c13 addi             x24, x17, -1        x24=0000ffff x17:00010000
18470909ns          313786 1c008684 1c001b37 lui              x22, 0x1c001000     x22=1c001000
18470929ns          313787 1c008688 1c000ab7 lui              x21, 0x1c000000     x21=1c000000
18470948ns          313788 1c00868c 00000713 addi             x14, x0, 0          x14=00000000
18471366ns          313809 1c00868e 004ba68b p.lw             x13, 4(x23!)        x13=00000004 x23=1c0010a4 x23:1c0010a0  PA:1c0010a0
18471684ns          313825 1c008692 00e00cb3 add              x25, x0, x14        x25=00000000 x14:00000000
18471704ns          313826 1c008694 500a7703 lhu              x14, x0(x20)        x14=0000cc96 x20:1c001050  PA:1c001050
18472003ns          313841 1c008698 50da7c83 lhu              x25, x13(x20)       x25=00005bf2 x13:00000004 x20:1c001050  PA:1c001054
18472301ns          313856 1c00869c 000a2803 lw               x16, 0(x20)         x16=f1afcc96 x20:1c001050  PA:1c001050
18472599ns          313871 1c0086a0 00178793 addi             x15, x15, 1         x15=000000ab x15:000000aa
18472619ns          313872 1c0086a2 1c0006b7 lui              x13, 0x1c000000     x13=1c000000
18472639ns          313873 1c0086a6 10075733 p.exthz          x14, x14, x0        x14=0000cc96 x14:0000cc96
18472659ns          313874 1c0086aa 01887833 and              x16, x16, x24       x16=0000cc96 x16:f1afcc96 x24:0000ffff
18473117ns          313897 1c0086ae 00f9a023 sw               x15, 0(x19)         x15:000000ab x19:1c001324  PA:1c001324
18473455ns          313914 1c0086b2 3e068593 addi             x11, x13, 992       x11=1c0003e0 x13:1c000000
18473475ns          313915 1c0086b6 320b0e93 addi             x29, x22, 800       x29=1c001320 x22:1c001000
18473494ns          313916 1c0086ba 7d4a8513 addi             x10, x21, 2004      x10=1c0007d4 x21:1c000000
18473514ns          313917 1c0086be 00e00633 add              x12, x0, x14        x12=0000cc96 x14:0000cc96
18473932ns          313938 1c0086c0 010006b3 add              x13, x0, x16        x13=0000cc96 x16:0000cc96
18473972ns          313940 1c0086c2 100cdcb3 p.exthz          x25, x25, x0        x25=00005bf2 x25:00005bf2
18473992ns          313941 1c0086c6 01070b63 beq              x14, x16, 22        x14:0000cc96 x16:0000cc96
18474509ns          313967 1c0086dc 000da703 lw               x14, 0(x27)         x14=0f945bf2 x27:1c001054  PA:1c001054
18474966ns          313990 1c0086e0 00178793 addi             x15, x15, 1         x15=000000ac x15:000000ab
18474986ns          313991 1c0086e2 1c000537 lui              x10, 0x1c000000     x10=1c000000
18475006ns          313992 1c0086e6 01877733 and              x14, x14, x24       x14=00005bf2 x14:0f945bf2 x24:0000ffff
18475026ns          313993 1c0086ea 00f9a023 sw               x15, 0(x19)         x15:000000ac x19:1c001324  PA:1c001324
18475464ns          314015 1c0086ee 40050593 addi             x11, x10, 1024      x11=1c000400 x10:1c000000
18475503ns          314017 1c0086f2 320b0813 addi             x16, x22, 800       x16=1c001320 x22:1c001000
18475523ns          314018 1c0086f6 01900633 add              x12, x0, x25        x12=00005bf2 x25:00005bf2
18475543ns          314019 1c0086f8 7d4a8513 addi             x10, x21, 2004      x10=1c0007d4 x21:1c000000
18475563ns          314020 1c0086fc 00e006b3 add              x13, x0, x14        x13=00005bf2 x14:00005bf2
18475981ns          314041 1c0086fe 00ec8b63 beq              x25, x14, 22        x25:00005bf2 x14:00005bf2
18476458ns          314065 1c008714 008a0a13 addi             x20, x20, 8         x20=1c001058 x20:1c001050
18476478ns          314066 1c008716 008d8d93 addi             x27, x27, 8         x27=1c00105c x27:1c001054
18476498ns          314067 1c008718 f77d1ae3 bne              x26, x23, -140      x26:1c0010c8 x23:1c0010a4
18476995ns          314092 1c00868c 00000713 addi             x14, x0, 0          x14=00000000
18477055ns          314095 1c00868e 004ba68b p.lw             x13, 4(x23!)        x13=00000004 x23=1c0010a8 x23:1c0010a4  PA:1c0010a4
18477373ns          314111 1c008692 00e00cb3 add              x25, x0, x14        x25=00000000 x14:00000000
18477393ns          314112 1c008694 500a7703 lhu              x14, x0(x20)        x14=00006c0a x20:1c001058  PA:1c001058
18477691ns          314127 1c008698 50da7c83 lhu              x25, x13(x20)       x25=000028bc x13:00000004 x20:1c001058  PA:1c00105c
18477990ns          314142 1c00869c 000a2803 lw               x16, 0(x20)         x16=04b86c0a x20:1c001058  PA:1c001058
18478288ns          314157 1c0086a0 00178793 addi             x15, x15, 1         x15=000000ad x15:000000ac
18478308ns          314158 1c0086a2 1c0006b7 lui              x13, 0x1c000000     x13=1c000000
18478328ns          314159 1c0086a6 10075733 p.exthz          x14, x14, x0        x14=00006c0a x14:00006c0a
18478348ns          314160 1c0086aa 01887833 and              x16, x16, x24       x16=00006c0a x16:04b86c0a x24:0000ffff
18478368ns          314161 1c0086ae 00f9a023 sw               x15, 0(x19)         x15:000000ad x19:1c001324  PA:1c001324
18478686ns          314177 1c0086b2 3e068593 addi             x11, x13, 992       x11=1c0003e0 x13:1c000000
18478706ns          314178 1c0086b6 320b0e93 addi             x29, x22, 800       x29=1c001320 x22:1c001000
18478726ns          314179 1c0086ba 7d4a8513 addi             x10, x21, 2004      x10=1c0007d4 x21:1c000000
18478746ns          314180 1c0086be 00e00633 add              x12, x0, x14        x12=00006c0a x14:00006c0a
18478766ns          314181 1c0086c0 010006b3 add              x13, x0, x16        x13=00006c0a x16:00006c0a
18478785ns          314182 1c0086c2 100cdcb3 p.exthz          x25, x25, x0        x25=000028bc x25:000028bc
18478805ns          314183 1c0086c6 01070b63 beq              x14, x16, 22        x14:00006c0a x16:00006c0a
18478865ns          314186 1c0086dc 000da703 lw               x14, 0(x27)         x14=b3d028bc x27:1c00105c  PA:1c00105c
18479183ns          314202 1c0086e0 00178793 addi             x15, x15, 1         x15=000000ae x15:000000ad
18479203ns          314203 1c0086e2 1c000537 lui              x10, 0x1c000000     x10=1c000000
18479223ns          314204 1c0086e6 01877733 and              x14, x14, x24       x14=000028bc x14:b3d028bc x24:0000ffff
18479243ns          314205 1c0086ea 00f9a023 sw               x15, 0(x19)         x15:000000ae x19:1c001324  PA:1c001324
18479581ns          314222 1c0086ee 40050593 addi             x11, x10, 1024      x11=1c000400 x10:1c000000
18479601ns          314223 1c0086f2 320b0813 addi             x16, x22, 800       x16=1c001320 x22:1c001000
18479621ns          314224 1c0086f6 01900633 add              x12, x0, x25        x12=000028bc x25:000028bc
18479641ns          314225 1c0086f8 7d4a8513 addi             x10, x21, 2004      x10=1c0007d4 x21:1c000000
18479661ns          314226 1c0086fc 00e006b3 add              x13, x0, x14        x13=000028bc x14:000028bc
18479680ns          314227 1c0086fe 00ec8b63 beq              x25, x14, 22        x25:000028bc x14:000028bc
18479740ns          314230 1c008714 008a0a13 addi             x20, x20, 8         x20=1c001060 x20:1c001058
18479760ns          314231 1c008716 008d8d93 addi             x27, x27, 8         x27=1c001064 x27:1c00105c
18479780ns          314232 1c008718 f77d1ae3 bne              x26, x23, -140      x26:1c0010c8 x23:1c0010a8
18479840ns          314235 1c00868c 00000713 addi             x14, x0, 0          x14=00000000
18479860ns          314236 1c00868e 004ba68b p.lw             x13, 4(x23!)        x13=00000004 x23=1c0010ac x23:1c0010a8  PA:1c0010a8
18480158ns          314251 1c008692 00e00cb3 add              x25, x0, x14        x25=00000000 x14:00000000
18480178ns          314252 1c008694 500a7703 lhu              x14, x0(x20)        x14=000029f3 x20:1c001060  PA:1c001060
18480496ns          314268 1c008698 50da7c83 lhu              x25, x13(x20)       x25=000049d0 x13:00000004 x20:1c001060  PA:1c001064
18480794ns          314283 1c00869c 000a2803 lw               x16, 0(x20)         x16=e78e29f3 x20:1c001060  PA:1c001060
18481113ns          314299 1c0086a0 00178793 addi             x15, x15, 1         x15=000000af x15:000000ae
18481133ns          314300 1c0086a2 1c0006b7 lui              x13, 0x1c000000     x13=1c000000
18481152ns          314301 1c0086a6 10075733 p.exthz          x14, x14, x0        x14=000029f3 x14:000029f3
18481172ns          314302 1c0086aa 01887833 and              x16, x16, x24       x16=000029f3 x16:e78e29f3 x24:0000ffff
18481192ns          314303 1c0086ae 00f9a023 sw               x15, 0(x19)         x15:000000af x19:1c001324  PA:1c001324
18481510ns          314319 1c0086b2 3e068593 addi             x11, x13, 992       x11=1c0003e0 x13:1c000000
18481530ns          314320 1c0086b6 320b0e93 addi             x29, x22, 800       x29=1c001320 x22:1c001000
18481550ns          314321 1c0086ba 7d4a8513 addi             x10, x21, 2004      x10=1c0007d4 x21:1c000000
18481570ns          314322 1c0086be 00e00633 add              x12, x0, x14        x12=000029f3 x14:000029f3
18481590ns          314323 1c0086c0 010006b3 add              x13, x0, x16        x13=000029f3 x16:000029f3
18481610ns          314324 1c0086c2 100cdcb3 p.exthz          x25, x25, x0        x25=000049d0 x25:000049d0
18481630ns          314325 1c0086c6 01070b63 beq              x14, x16, 22        x14:000029f3 x16:000029f3
18481689ns          314328 1c0086dc 000da703 lw               x14, 0(x27)         x14=6d3949d0 x27:1c001064  PA:1c001064
18482008ns          314344 1c0086e0 00178793 addi             x15, x15, 1         x15=000000b0 x15:000000af
18482028ns          314345 1c0086e2 1c000537 lui              x10, 0x1c000000     x10=1c000000
18482047ns          314346 1c0086e6 01877733 and              x14, x14, x24       x14=000049d0 x14:6d3949d0 x24:0000ffff
18482067ns          314347 1c0086ea 00f9a023 sw               x15, 0(x19)         x15:000000b0 x19:1c001324  PA:1c001324
18482425ns          314365 1c0086ee 40050593 addi             x11, x10, 1024      x11=1c000400 x10:1c000000
18482445ns          314366 1c0086f2 320b0813 addi             x16, x22, 800       x16=1c001320 x22:1c001000
18482465ns          314367 1c0086f6 01900633 add              x12, x0, x25        x12=000049d0 x25:000049d0
18482485ns          314368 1c0086f8 7d4a8513 addi             x10, x21, 2004      x10=1c0007d4 x21:1c000000
18482505ns          314369 1c0086fc 00e006b3 add              x13, x0, x14        x13=000049d0 x14:000049d0
18482525ns          314370 1c0086fe 00ec8b63 beq              x25, x14, 22        x25:000049d0 x14:000049d0
18482585ns          314373 1c008714 008a0a13 addi             x20, x20, 8         x20=1c001068 x20:1c001060
18482604ns          314374 1c008716 008d8d93 addi             x27, x27, 8         x27=1c00106c x27:1c001064
18482624ns          314375 1c008718 f77d1ae3 bne              x26, x23, -140      x26:1c0010c8 x23:1c0010ac
18482684ns          314378 1c00868c 00000713 addi             x14, x0, 0          x14=00000000
18482704ns          314379 1c00868e 004ba68b p.lw             x13, 4(x23!)        x13=00000004 x23=1c0010b0 x23:1c0010ac  PA:1c0010ac
18483022ns          314395 1c008692 00e00cb3 add              x25, x0, x14        x25=00000000 x14:00000000
18483042ns          314396 1c008694 500a7703 lhu              x14, x0(x20)        x14=00000a3a x20:1c001068  PA:1c001068
18483340ns          314411 1c008698 50da7c83 lhu              x25, x13(x20)       x25=000017c5 x13:00000004 x20:1c001068  PA:1c00106c
18483659ns          314427 1c00869c 000a2803 lw               x16, 0(x20)         x16=b8980a3a x20:1c001068  PA:1c001068
18483957ns          314442 1c0086a0 00178793 addi             x15, x15, 1         x15=000000b1 x15:000000b0
18483977ns          314443 1c0086a2 1c0006b7 lui              x13, 0x1c000000     x13=1c000000
18483997ns          314444 1c0086a6 10075733 p.exthz          x14, x14, x0        x14=00000a3a x14:00000a3a
18484017ns          314445 1c0086aa 01887833 and              x16, x16, x24       x16=00000a3a x16:b8980a3a x24:0000ffff
18484037ns          314446 1c0086ae 00f9a023 sw               x15, 0(x19)         x15:000000b1 x19:1c001324  PA:1c001324
18484355ns          314462 1c0086b2 3e068593 addi             x11, x13, 992       x11=1c0003e0 x13:1c000000
18484375ns          314463 1c0086b6 320b0e93 addi             x29, x22, 800       x29=1c001320 x22:1c001000
18484395ns          314464 1c0086ba 7d4a8513 addi             x10, x21, 2004      x10=1c0007d4 x21:1c000000
18484414ns          314465 1c0086be 00e00633 add              x12, x0, x14        x12=00000a3a x14:00000a3a
18484434ns          314466 1c0086c0 010006b3 add              x13, x0, x16        x13=00000a3a x16:00000a3a
18484454ns          314467 1c0086c2 100cdcb3 p.exthz          x25, x25, x0        x25=000017c5 x25:000017c5
18484474ns          314468 1c0086c6 01070b63 beq              x14, x16, 22        x14:00000a3a x16:00000a3a
18484534ns          314471 1c0086dc 000da703 lw               x14, 0(x27)         x14=410e17c5 x27:1c00106c  PA:1c00106c
18484832ns          314486 1c0086e0 00178793 addi             x15, x15, 1         x15=000000b2 x15:000000b1
18484852ns          314487 1c0086e2 1c000537 lui              x10, 0x1c000000     x10=1c000000
18484872ns          314488 1c0086e6 01877733 and              x14, x14, x24       x14=000017c5 x14:410e17c5 x24:0000ffff
18484892ns          314489 1c0086ea 00f9a023 sw               x15, 0(x19)         x15:000000b2 x19:1c001324  PA:1c001324
18485210ns          314505 1c0086ee 40050593 addi             x11, x10, 1024      x11=1c000400 x10:1c000000
18485230ns          314506 1c0086f2 320b0813 addi             x16, x22, 800       x16=1c001320 x22:1c001000
18485250ns          314507 1c0086f6 01900633 add              x12, x0, x25        x12=000017c5 x25:000017c5
18485270ns          314508 1c0086f8 7d4a8513 addi             x10, x21, 2004      x10=1c0007d4 x21:1c000000
18485290ns          314509 1c0086fc 00e006b3 add              x13, x0, x14        x13=000017c5 x14:000017c5
18485310ns          314510 1c0086fe 00ec8b63 beq              x25, x14, 22        x25:000017c5 x14:000017c5
18485369ns          314513 1c008714 008a0a13 addi             x20, x20, 8         x20=1c001070 x20:1c001068
18485389ns          314514 1c008716 008d8d93 addi             x27, x27, 8         x27=1c001074 x27:1c00106c
18485409ns          314515 1c008718 f77d1ae3 bne              x26, x23, -140      x26:1c0010c8 x23:1c0010b0
18485469ns          314518 1c00868c 00000713 addi             x14, x0, 0          x14=00000000
18485489ns          314519 1c00868e 004ba68b p.lw             x13, 4(x23!)        x13=00000004 x23=1c0010b4 x23:1c0010b0  PA:1c0010b0
18485787ns          314534 1c008692 00e00cb3 add              x25, x0, x14        x25=00000000 x14:00000000
18485807ns          314535 1c008694 500a7703 lhu              x14, x0(x20)        x14=0000c0be x20:1c001070  PA:1c001070
18486105ns          314550 1c008698 50da7c83 lhu              x25, x13(x20)       x25=000029b9 x13:00000004 x20:1c001070  PA:1c001074
18486423ns          314566 1c00869c 000a2803 lw               x16, 0(x20)         x16=aecdc0be x20:1c001070  PA:1c001070
18486722ns          314581 1c0086a0 00178793 addi             x15, x15, 1         x15=000000b3 x15:000000b2
18486742ns          314582 1c0086a2 1c0006b7 lui              x13, 0x1c000000     x13=1c000000
18486762ns          314583 1c0086a6 10075733 p.exthz          x14, x14, x0        x14=0000c0be x14:0000c0be
18486781ns          314584 1c0086aa 01887833 and              x16, x16, x24       x16=0000c0be x16:aecdc0be x24:0000ffff
18486801ns          314585 1c0086ae 00f9a023 sw               x15, 0(x19)         x15:000000b3 x19:1c001324  PA:1c001324
18487120ns          314601 1c0086b2 3e068593 addi             x11, x13, 992       x11=1c0003e0 x13:1c000000
18487140ns          314602 1c0086b6 320b0e93 addi             x29, x22, 800       x29=1c001320 x22:1c001000
18487159ns          314603 1c0086ba 7d4a8513 addi             x10, x21, 2004      x10=1c0007d4 x21:1c000000
18487179ns          314604 1c0086be 00e00633 add              x12, x0, x14        x12=0000c0be x14:0000c0be
18487199ns          314605 1c0086c0 010006b3 add              x13, x0, x16        x13=0000c0be x16:0000c0be
18487219ns          314606 1c0086c2 100cdcb3 p.exthz          x25, x25, x0        x25=000029b9 x25:000029b9
18487239ns          314607 1c0086c6 01070b63 beq              x14, x16, 22        x14:0000c0be x16:0000c0be
18487299ns          314610 1c0086dc 000da703 lw               x14, 0(x27)         x14=b56e29b9 x27:1c001074  PA:1c001074
18487597ns          314625 1c0086e0 00178793 addi             x15, x15, 1         x15=000000b4 x15:000000b3
18487617ns          314626 1c0086e2 1c000537 lui              x10, 0x1c000000     x10=1c000000
18487637ns          314627 1c0086e6 01877733 and              x14, x14, x24       x14=000029b9 x14:b56e29b9 x24:0000ffff
18487657ns          314628 1c0086ea 00f9a023 sw               x15, 0(x19)         x15:000000b4 x19:1c001324  PA:1c001324
18487975ns          314644 1c0086ee 40050593 addi             x11, x10, 1024      x11=1c000400 x10:1c000000
18487995ns          314645 1c0086f2 320b0813 addi             x16, x22, 800       x16=1c001320 x22:1c001000
18488015ns          314646 1c0086f6 01900633 add              x12, x0, x25        x12=000029b9 x25:000029b9
18488035ns          314647 1c0086f8 7d4a8513 addi             x10, x21, 2004      x10=1c0007d4 x21:1c000000
18488055ns          314648 1c0086fc 00e006b3 add              x13, x0, x14        x13=000029b9 x14:000029b9
18488074ns          314649 1c0086fe 00ec8b63 beq              x25, x14, 22        x25:000029b9 x14:000029b9
18488134ns          314652 1c008714 008a0a13 addi             x20, x20, 8         x20=1c001078 x20:1c001070
18488154ns          314653 1c008716 008d8d93 addi             x27, x27, 8         x27=1c00107c x27:1c001074
18488174ns          314654 1c008718 f77d1ae3 bne              x26, x23, -140      x26:1c0010c8 x23:1c0010b4
18488234ns          314657 1c00868c 00000713 addi             x14, x0, 0          x14=00000000
18488253ns          314658 1c00868e 004ba68b p.lw             x13, 4(x23!)        x13=00000004 x23=1c0010b8 x23:1c0010b4  PA:1c0010b4
18488572ns          314674 1c008692 00e00cb3 add              x25, x0, x14        x25=00000000 x14:00000000
18488592ns          314675 1c008694 500a7703 lhu              x14, x0(x20)        x14=0000804d x20:1c001078  PA:1c001078
18488890ns          314690 1c008698 50da7c83 lhu              x25, x13(x20)       x25=00009f9b x13:00000004 x20:1c001078  PA:1c00107c
18489188ns          314705 1c00869c 000a2803 lw               x16, 0(x20)         x16=1312804d x20:1c001078  PA:1c001078
18489487ns          314720 1c0086a0 00178793 addi             x15, x15, 1         x15=000000b5 x15:000000b4
18489507ns          314721 1c0086a2 1c0006b7 lui              x13, 0x1c000000     x13=1c000000
18489526ns          314722 1c0086a6 10075733 p.exthz          x14, x14, x0        x14=0000804d x14:0000804d
18489546ns          314723 1c0086aa 01887833 and              x16, x16, x24       x16=0000804d x16:1312804d x24:0000ffff
18489566ns          314724 1c0086ae 00f9a023 sw               x15, 0(x19)         x15:000000b5 x19:1c001324  PA:1c001324
18489884ns          314740 1c0086b2 3e068593 addi             x11, x13, 992       x11=1c0003e0 x13:1c000000
18489904ns          314741 1c0086b6 320b0e93 addi             x29, x22, 800       x29=1c001320 x22:1c001000
18489924ns          314742 1c0086ba 7d4a8513 addi             x10, x21, 2004      x10=1c0007d4 x21:1c000000
18489944ns          314743 1c0086be 00e00633 add              x12, x0, x14        x12=0000804d x14:0000804d
18489964ns          314744 1c0086c0 010006b3 add              x13, x0, x16        x13=0000804d x16:0000804d
18489984ns          314745 1c0086c2 100cdcb3 p.exthz          x25, x25, x0        x25=00009f9b x25:00009f9b
18490004ns          314746 1c0086c6 01070b63 beq              x14, x16, 22        x14:0000804d x16:0000804d
18490063ns          314749 1c0086dc 000da703 lw               x14, 0(x27)         x14=f1539f9b x27:1c00107c  PA:1c00107c
18490402ns          314766 1c0086e0 00178793 addi             x15, x15, 1         x15=000000b6 x15:000000b5
18490422ns          314767 1c0086e2 1c000537 lui              x10, 0x1c000000     x10=1c000000
18490441ns          314768 1c0086e6 01877733 and              x14, x14, x24       x14=00009f9b x14:f1539f9b x24:0000ffff
18490461ns          314769 1c0086ea 00f9a023 sw               x15, 0(x19)         x15:000000b6 x19:1c001324  PA:1c001324
18490799ns          314786 1c0086ee 40050593 addi             x11, x10, 1024      x11=1c000400 x10:1c000000
18490819ns          314787 1c0086f2 320b0813 addi             x16, x22, 800       x16=1c001320 x22:1c001000
18490839ns          314788 1c0086f6 01900633 add              x12, x0, x25        x12=00009f9b x25:00009f9b
18490859ns          314789 1c0086f8 7d4a8513 addi             x10, x21, 2004      x10=1c0007d4 x21:1c000000
18490879ns          314790 1c0086fc 00e006b3 add              x13, x0, x14        x13=00009f9b x14:00009f9b
18490899ns          314791 1c0086fe 00ec8b63 beq              x25, x14, 22        x25:00009f9b x14:00009f9b
18490959ns          314794 1c008714 008a0a13 addi             x20, x20, 8         x20=1c001080 x20:1c001078
18490978ns          314795 1c008716 008d8d93 addi             x27, x27, 8         x27=1c001084 x27:1c00107c
18490998ns          314796 1c008718 f77d1ae3 bne              x26, x23, -140      x26:1c0010c8 x23:1c0010b8
18491058ns          314799 1c00868c 00000713 addi             x14, x0, 0          x14=00000000
18491078ns          314800 1c00868e 004ba68b p.lw             x13, 4(x23!)        x13=00000004 x23=1c0010bc x23:1c0010b8  PA:1c0010b8
18491396ns          314816 1c008692 00e00cb3 add              x25, x0, x14        x25=00000000 x14:00000000
18491416ns          314817 1c008694 500a7703 lhu              x14, x0(x20)        x14=00000f2b x20:1c001080  PA:1c001080
18491734ns          314833 1c008698 50da7c83 lhu              x25, x13(x20)       x25=000003d9 x13:00000004 x20:1c001080  PA:1c001084
18492033ns          314848 1c00869c 000a2803 lw               x16, 0(x20)         x16=ae3d0f2b x20:1c001080  PA:1c001080
18492331ns          314863 1c0086a0 00178793 addi             x15, x15, 1         x15=000000b7 x15:000000b6
18492351ns          314864 1c0086a2 1c0006b7 lui              x13, 0x1c000000     x13=1c000000
18492371ns          314865 1c0086a6 10075733 p.exthz          x14, x14, x0        x14=00000f2b x14:00000f2b
18492391ns          314866 1c0086aa 01887833 and              x16, x16, x24       x16=00000f2b x16:ae3d0f2b x24:0000ffff
18492411ns          314867 1c0086ae 00f9a023 sw               x15, 0(x19)         x15:000000b7 x19:1c001324  PA:1c001324
18492729ns          314883 1c0086b2 3e068593 addi             x11, x13, 992       x11=1c0003e0 x13:1c000000
18492749ns          314884 1c0086b6 320b0e93 addi             x29, x22, 800       x29=1c001320 x22:1c001000
18492769ns          314885 1c0086ba 7d4a8513 addi             x10, x21, 2004      x10=1c0007d4 x21:1c000000
18492789ns          314886 1c0086be 00e00633 add              x12, x0, x14        x12=00000f2b x14:00000f2b
18492808ns          314887 1c0086c0 010006b3 add              x13, x0, x16        x13=00000f2b x16:00000f2b
18492828ns          314888 1c0086c2 100cdcb3 p.exthz          x25, x25, x0        x25=000003d9 x25:000003d9
18492848ns          314889 1c0086c6 01070b63 beq              x14, x16, 22        x14:00000f2b x16:00000f2b
18492908ns          314892 1c0086dc 000da703 lw               x14, 0(x27)         x14=dea303d9 x27:1c001084  PA:1c001084
18493226ns          314908 1c0086e0 00178793 addi             x15, x15, 1         x15=000000b8 x15:000000b7
18493246ns          314909 1c0086e2 1c000537 lui              x10, 0x1c000000     x10=1c000000
18493266ns          314910 1c0086e6 01877733 and              x14, x14, x24       x14=000003d9 x14:dea303d9 x24:0000ffff
18493286ns          314911 1c0086ea 00f9a023 sw               x15, 0(x19)         x15:000000b8 x19:1c001324  PA:1c001324
18493624ns          314928 1c0086ee 40050593 addi             x11, x10, 1024      x11=1c000400 x10:1c000000
18493644ns          314929 1c0086f2 320b0813 addi             x16, x22, 800       x16=1c001320 x22:1c001000
18493664ns          314930 1c0086f6 01900633 add              x12, x0, x25        x12=000003d9 x25:000003d9
18493684ns          314931 1c0086f8 7d4a8513 addi             x10, x21, 2004      x10=1c0007d4 x21:1c000000
18493703ns          314932 1c0086fc 00e006b3 add              x13, x0, x14        x13=000003d9 x14:000003d9
18493723ns          314933 1c0086fe 00ec8b63 beq              x25, x14, 22        x25:000003d9 x14:000003d9
18493783ns          314936 1c008714 008a0a13 addi             x20, x20, 8         x20=1c001088 x20:1c001080
18493803ns          314937 1c008716 008d8d93 addi             x27, x27, 8         x27=1c00108c x27:1c001084
18493823ns          314938 1c008718 f77d1ae3 bne              x26, x23, -140      x26:1c0010c8 x23:1c0010bc
18493882ns          314941 1c00868c 00000713 addi             x14, x0, 0          x14=00000000
18493902ns          314942 1c00868e 004ba68b p.lw             x13, 4(x23!)        x13=00000004 x23=1c0010c0 x23:1c0010bc  PA:1c0010bc
18494221ns          314958 1c008692 00e00cb3 add              x25, x0, x14        x25=00000000 x14:00000000
18494241ns          314959 1c008694 500a7703 lhu              x14, x0(x20)        x14=00008f4f x20:1c001088  PA:1c001088
18494539ns          314974 1c008698 50da7c83 lhu              x25, x13(x20)       x25=00004f36 x13:00000004 x20:1c001088  PA:1c00108c
18494837ns          314989 1c00869c 000a2803 lw               x16, 0(x20)         x16=30918f4f x20:1c001088  PA:1c001088
18495136ns          315004 1c0086a0 00178793 addi             x15, x15, 1         x15=000000b9 x15:000000b8
18495156ns          315005 1c0086a2 1c0006b7 lui              x13, 0x1c000000     x13=1c000000
18495175ns          315006 1c0086a6 10075733 p.exthz          x14, x14, x0        x14=00008f4f x14:00008f4f
18495195ns          315007 1c0086aa 01887833 and              x16, x16, x24       x16=00008f4f x16:30918f4f x24:0000ffff
18495215ns          315008 1c0086ae 00f9a023 sw               x15, 0(x19)         x15:000000b9 x19:1c001324  PA:1c001324
18495533ns          315024 1c0086b2 3e068593 addi             x11, x13, 992       x11=1c0003e0 x13:1c000000
18495553ns          315025 1c0086b6 320b0e93 addi             x29, x22, 800       x29=1c001320 x22:1c001000
18495573ns          315026 1c0086ba 7d4a8513 addi             x10, x21, 2004      x10=1c0007d4 x21:1c000000
18495593ns          315027 1c0086be 00e00633 add              x12, x0, x14        x12=00008f4f x14:00008f4f
18495613ns          315028 1c0086c0 010006b3 add              x13, x0, x16        x13=00008f4f x16:00008f4f
18495633ns          315029 1c0086c2 100cdcb3 p.exthz          x25, x25, x0        x25=00004f36 x25:00004f36
18495653ns          315030 1c0086c6 01070b63 beq              x14, x16, 22        x14:00008f4f x16:00008f4f
18495712ns          315033 1c0086dc 000da703 lw               x14, 0(x27)         x14=03064f36 x27:1c00108c  PA:1c00108c
18496011ns          315048 1c0086e0 00178793 addi             x15, x15, 1         x15=000000ba x15:000000b9
18496031ns          315049 1c0086e2 1c000537 lui              x10, 0x1c000000     x10=1c000000
18496051ns          315050 1c0086e6 01877733 and              x14, x14, x24       x14=00004f36 x14:03064f36 x24:0000ffff
18496070ns          315051 1c0086ea 00f9a023 sw               x15, 0(x19)         x15:000000ba x19:1c001324  PA:1c001324
18496389ns          315067 1c0086ee 40050593 addi             x11, x10, 1024      x11=1c000400 x10:1c000000
18496409ns          315068 1c0086f2 320b0813 addi             x16, x22, 800       x16=1c001320 x22:1c001000
18496429ns          315069 1c0086f6 01900633 add              x12, x0, x25        x12=00004f36 x25:00004f36
18496448ns          315070 1c0086f8 7d4a8513 addi             x10, x21, 2004      x10=1c0007d4 x21:1c000000
18496468ns          315071 1c0086fc 00e006b3 add              x13, x0, x14        x13=00004f36 x14:00004f36
18496488ns          315072 1c0086fe 00ec8b63 beq              x25, x14, 22        x25:00004f36 x14:00004f36
18496548ns          315075 1c008714 008a0a13 addi             x20, x20, 8         x20=1c001090 x20:1c001088
18496568ns          315076 1c008716 008d8d93 addi             x27, x27, 8         x27=1c001094 x27:1c00108c
18496588ns          315077 1c008718 f77d1ae3 bne              x26, x23, -140      x26:1c0010c8 x23:1c0010c0
18496647ns          315080 1c00868c 00000713 addi             x14, x0, 0          x14=00000000
18496667ns          315081 1c00868e 004ba68b p.lw             x13, 4(x23!)        x13=00000004 x23=1c0010c4 x23:1c0010c0  PA:1c0010c0
18496985ns          315097 1c008692 00e00cb3 add              x25, x0, x14        x25=00000000 x14:00000000
18497005ns          315098 1c008694 500a7703 lhu              x14, x0(x20)        x14=00000ead x20:1c001090  PA:1c001090
18497304ns          315113 1c008698 50da7c83 lhu              x25, x13(x20)       x25=000072d5 x13:00000004 x20:1c001090  PA:1c001094
18497602ns          315128 1c00869c 000a2803 lw               x16, 0(x20)         x16=50720ead x20:1c001090  PA:1c001090
18497900ns          315143 1c0086a0 00178793 addi             x15, x15, 1         x15=000000bb x15:000000ba
18497920ns          315144 1c0086a2 1c0006b7 lui              x13, 0x1c000000     x13=1c000000
18497940ns          315145 1c0086a6 10075733 p.exthz          x14, x14, x0        x14=00000ead x14:00000ead
18497960ns          315146 1c0086aa 01887833 and              x16, x16, x24       x16=00000ead x16:50720ead x24:0000ffff
18497980ns          315147 1c0086ae 00f9a023 sw               x15, 0(x19)         x15:000000bb x19:1c001324  PA:1c001324
18498318ns          315164 1c0086b2 3e068593 addi             x11, x13, 992       x11=1c0003e0 x13:1c000000
18498338ns          315165 1c0086b6 320b0e93 addi             x29, x22, 800       x29=1c001320 x22:1c001000
18498358ns          315166 1c0086ba 7d4a8513 addi             x10, x21, 2004      x10=1c0007d4 x21:1c000000
18498378ns          315167 1c0086be 00e00633 add              x12, x0, x14        x12=00000ead x14:00000ead
18498398ns          315168 1c0086c0 010006b3 add              x13, x0, x16        x13=00000ead x16:00000ead
18498418ns          315169 1c0086c2 100cdcb3 p.exthz          x25, x25, x0        x25=000072d5 x25:000072d5
18498437ns          315170 1c0086c6 01070b63 beq              x14, x16, 22        x14:00000ead x16:00000ead
18498497ns          315173 1c0086dc 000da703 lw               x14, 0(x27)         x14=d1b872d5 x27:1c001094  PA:1c001094
18498796ns          315188 1c0086e0 00178793 addi             x15, x15, 1         x15=000000bc x15:000000bb
18498815ns          315189 1c0086e2 1c000537 lui              x10, 0x1c000000     x10=1c000000
18498835ns          315190 1c0086e6 01877733 and              x14, x14, x24       x14=000072d5 x14:d1b872d5 x24:0000ffff
18498855ns          315191 1c0086ea 00f9a023 sw               x15, 0(x19)         x15:000000bc x19:1c001324  PA:1c001324
18499173ns          315207 1c0086ee 40050593 addi             x11, x10, 1024      x11=1c000400 x10:1c000000
18499193ns          315208 1c0086f2 320b0813 addi             x16, x22, 800       x16=1c001320 x22:1c001000
18499213ns          315209 1c0086f6 01900633 add              x12, x0, x25        x12=000072d5 x25:000072d5
18499233ns          315210 1c0086f8 7d4a8513 addi             x10, x21, 2004      x10=1c0007d4 x21:1c000000
18499253ns          315211 1c0086fc 00e006b3 add              x13, x0, x14        x13=000072d5 x14:000072d5
18499273ns          315212 1c0086fe 00ec8b63 beq              x25, x14, 22        x25:000072d5 x14:000072d5
18499333ns          315215 1c008714 008a0a13 addi             x20, x20, 8         x20=1c001098 x20:1c001090
18499352ns          315216 1c008716 008d8d93 addi             x27, x27, 8         x27=1c00109c x27:1c001094
18499372ns          315217 1c008718 f77d1ae3 bne              x26, x23, -140      x26:1c0010c8 x23:1c0010c4
18499432ns          315220 1c00868c 00000713 addi             x14, x0, 0          x14=00000000
18499452ns          315221 1c00868e 004ba68b p.lw             x13, 4(x23!)        x13=00000004 x23=1c0010c8 x23:1c0010c4  PA:1c0010c4
18499750ns          315236 1c008692 00e00cb3 add              x25, x0, x14        x25=00000000 x14:00000000
18499770ns          315237 1c008694 500a7703 lhu              x14, x0(x20)        x14=0000bd22 x20:1c001098  PA:1c001098
18500088ns          315253 1c008698 50da7c83 lhu              x25, x13(x20)       x25=000019ca x13:00000004 x20:1c001098  PA:1c00109c
18500387ns          315268 1c00869c 000a2803 lw               x16, 0(x20)         x16=7141bd22 x20:1c001098  PA:1c001098
18500685ns          315283 1c0086a0 00178793 addi             x15, x15, 1         x15=000000bd x15:000000bc
18500705ns          315284 1c0086a2 1c0006b7 lui              x13, 0x1c000000     x13=1c000000
18500725ns          315285 1c0086a6 10075733 p.exthz          x14, x14, x0        x14=0000bd22 x14:0000bd22
18500745ns          315286 1c0086aa 01887833 and              x16, x16, x24       x16=0000bd22 x16:7141bd22 x24:0000ffff
18500765ns          315287 1c0086ae 00f9a023 sw               x15, 0(x19)         x15:000000bd x19:1c001324  PA:1c001324
18501103ns          315304 1c0086b2 3e068593 addi             x11, x13, 992       x11=1c0003e0 x13:1c000000
18501123ns          315305 1c0086b6 320b0e93 addi             x29, x22, 800       x29=1c001320 x22:1c001000
18501143ns          315306 1c0086ba 7d4a8513 addi             x10, x21, 2004      x10=1c0007d4 x21:1c000000
18501163ns          315307 1c0086be 00e00633 add              x12, x0, x14        x12=0000bd22 x14:0000bd22
18501182ns          315308 1c0086c0 010006b3 add              x13, x0, x16        x13=0000bd22 x16:0000bd22
18501202ns          315309 1c0086c2 100cdcb3 p.exthz          x25, x25, x0        x25=000019ca x25:000019ca
18501222ns          315310 1c0086c6 01070b63 beq              x14, x16, 22        x14:0000bd22 x16:0000bd22
18501282ns          315313 1c0086dc 000da703 lw               x14, 0(x27)         x14=93ed19ca x27:1c00109c  PA:1c00109c
18501600ns          315329 1c0086e0 00178793 addi             x15, x15, 1         x15=000000be x15:000000bd
18501620ns          315330 1c0086e2 1c000537 lui              x10, 0x1c000000     x10=1c000000
18501640ns          315331 1c0086e6 01877733 and              x14, x14, x24       x14=000019ca x14:93ed19ca x24:0000ffff
18501660ns          315332 1c0086ea 00f9a023 sw               x15, 0(x19)         x15:000000be x19:1c001324  PA:1c001324
18501998ns          315349 1c0086ee 40050593 addi             x11, x10, 1024      x11=1c000400 x10:1c000000
18502018ns          315350 1c0086f2 320b0813 addi             x16, x22, 800       x16=1c001320 x22:1c001000
18502038ns          315351 1c0086f6 01900633 add              x12, x0, x25        x12=000019ca x25:000019ca
18502058ns          315352 1c0086f8 7d4a8513 addi             x10, x21, 2004      x10=1c0007d4 x21:1c000000
18502077ns          315353 1c0086fc 00e006b3 add              x13, x0, x14        x13=000019ca x14:000019ca
18502097ns          315354 1c0086fe 00ec8b63 beq              x25, x14, 22        x25:000019ca x14:000019ca
18502157ns          315357 1c008714 008a0a13 addi             x20, x20, 8         x20=1c0010a0 x20:1c001098
18502177ns          315358 1c008716 008d8d93 addi             x27, x27, 8         x27=1c0010a4 x27:1c00109c
18502197ns          315359 1c008718 f77d1ae3 bne              x26, x23, -140      x26:1c0010c8 x23:1c0010c8
18502217ns          315360 1c00871c 00900db3 add              x27, x0, x9         x27=1c001054  x9:1c001054
18502237ns          315361 1c00871e 00800a33 add              x20, x0, x8         x20=1c001050  x8:1c001050
18502257ns          315362 1c008720 01200d33 add              x26, x0, x18        x26=1c0010a0 x18:1c0010a0
18502276ns          315363 1c008722 00000c13 addi             x24, x0, 0          x24=00000000
18502296ns          315364 1c008724 1c001b37 lui              x22, 0x1c001000     x22=1c001000
18502316ns          315365 1c008728 1c000ab7 lui              x21, 0x1c000000     x21=1c000000
18502336ns          315366 1c00872c 004d268b p.lw             x13, 4(x26!)        x13=00000004 x26=1c0010a4 x26:1c0010a0  PA:1c0010a0
18502774ns          315388 1c008730 01800733 add              x14, x0, x24        x14=00000000 x24:00000000
18502794ns          315389 1c008732 01800cb3 add              x25, x0, x24        x25=00000000 x24:00000000
18502813ns          315390 1c008734 100a7703 lh               x14, x0(x20)        x14=ffffcc96 x20:1c001050  PA:1c001050
18503112ns          315405 1c008738 10da7c83 lh               x25, x13(x20)       x25=00005bf2 x13:00000004 x20:1c001050  PA:1c001054
18503410ns          315420 1c00873c 00178793 addi             x15, x15, 1         x15=000000bf x15:000000be
18503430ns          315421 1c00873e 000a1803 lh               x16, 0(x20)         x16=ffffcc96 x20:1c001050  PA:1c001050
18503748ns          315437 1c008742 1c0006b7 lui              x13, 0x1c000000     x13=1c000000
18503768ns          315438 1c008746 10074733 p.exths          x14, x14, x0        x14=ffffcc96 x14:ffffcc96
18503788ns          315439 1c00874a 00f9a023 sw               x15, 0(x19)         x15:000000bf x19:1c001324  PA:1c001324
18504146ns          315457 1c00874e 42068593 addi             x11, x13, 1056      x11=1c000420 x13:1c000000
18504166ns          315458 1c008752 320b0e13 addi             x28, x22, 800       x28=1c001320 x22:1c001000
18504186ns          315459 1c008756 010006b3 add              x13, x0, x16        x13=ffffcc96 x16:ffffcc96
18504206ns          315460 1c008758 7d4a8513 addi             x10, x21, 2004      x10=1c0007d4 x21:1c000000
18504226ns          315461 1c00875c 00e00633 add              x12, x0, x14        x12=ffffcc96 x14:ffffcc96
18504643ns          315482 1c00875e 100cccb3 p.exths          x25, x25, x0        x25=00005bf2 x25:00005bf2
18504683ns          315484 1c008762 01070b63 beq              x14, x16, 22        x14:ffffcc96 x16:ffffcc96
18505180ns          315509 1c008778 000d9703 lh               x14, 0(x27)         x14=00005bf2 x27:1c001054  PA:1c001054
18505499ns          315525 1c00877c 00178793 addi             x15, x15, 1         x15=000000c0 x15:000000bf
18505658ns          315533 1c00877e 1c000537 lui              x10, 0x1c000000     x10=1c000000
18505698ns          315535 1c008782 00f9a023 sw               x15, 0(x19)         x15:000000c0 x19:1c001324  PA:1c001324
18506016ns          315551 1c008786 44050593 addi             x11, x10, 1088      x11=1c000440 x10:1c000000
18506036ns          315552 1c00878a 320b0813 addi             x16, x22, 800       x16=1c001320 x22:1c001000
18506056ns          315553 1c00878e 00e006b3 add              x13, x0, x14        x13=00005bf2 x14:00005bf2
18506175ns          315559 1c008790 01900633 add              x12, x0, x25        x12=00005bf2 x25:00005bf2
18506215ns          315561 1c008792 7d4a8513 addi             x10, x21, 2004      x10=1c0007d4 x21:1c000000
18506235ns          315562 1c008796 00ec8b63 beq              x25, x14, 22        x25:00005bf2 x14:00005bf2
18506732ns          315587 1c0087ac 008a0a13 addi             x20, x20, 8         x20=1c001058 x20:1c001050
18506752ns          315588 1c0087ae 008d8d93 addi             x27, x27, 8         x27=1c00105c x27:1c001054
18507170ns          315609 1c0087b0 f7ab9ee3 bne              x23, x26, -132      x23:1c0010c8 x26:1c0010a4
18507229ns          315612 1c00872c 004d268b p.lw             x13, 4(x26!)        x13=00000004 x26=1c0010a8 x26:1c0010a4  PA:1c0010a4
18507528ns          315627 1c008730 01800733 add              x14, x0, x24        x14=00000000 x24:00000000
18507547ns          315628 1c008732 01800cb3 add              x25, x0, x24        x25=00000000 x24:00000000
18507567ns          315629 1c008734 100a7703 lh               x14, x0(x20)        x14=00006c0a x20:1c001058  PA:1c001058
18507866ns          315644 1c008738 10da7c83 lh               x25, x13(x20)       x25=000028bc x13:00000004 x20:1c001058  PA:1c00105c
18508164ns          315659 1c00873c 00178793 addi             x15, x15, 1         x15=000000c1 x15:000000c0
18508184ns          315660 1c00873e 000a1803 lh               x16, 0(x20)         x16=00006c0a x20:1c001058  PA:1c001058
18508482ns          315675 1c008742 1c0006b7 lui              x13, 0x1c000000     x13=1c000000
18508502ns          315676 1c008746 10074733 p.exths          x14, x14, x0        x14=00006c0a x14:00006c0a
18508522ns          315677 1c00874a 00f9a023 sw               x15, 0(x19)         x15:000000c1 x19:1c001324  PA:1c001324
18508840ns          315693 1c00874e 42068593 addi             x11, x13, 1056      x11=1c000420 x13:1c000000
18508860ns          315694 1c008752 320b0e13 addi             x28, x22, 800       x28=1c001320 x22:1c001000
18508880ns          315695 1c008756 010006b3 add              x13, x0, x16        x13=00006c0a x16:00006c0a
18508900ns          315696 1c008758 7d4a8513 addi             x10, x21, 2004      x10=1c0007d4 x21:1c000000
18508920ns          315697 1c00875c 00e00633 add              x12, x0, x14        x12=00006c0a x14:00006c0a
18508940ns          315698 1c00875e 100cccb3 p.exths          x25, x25, x0        x25=000028bc x25:000028bc
18508960ns          315699 1c008762 01070b63 beq              x14, x16, 22        x14:00006c0a x16:00006c0a
18509019ns          315702 1c008778 000d9703 lh               x14, 0(x27)         x14=000028bc x27:1c00105c  PA:1c00105c
18509318ns          315717 1c00877c 00178793 addi             x15, x15, 1         x15=000000c2 x15:000000c1
18509338ns          315718 1c00877e 1c000537 lui              x10, 0x1c000000     x10=1c000000
18509357ns          315719 1c008782 00f9a023 sw               x15, 0(x19)         x15:000000c2 x19:1c001324  PA:1c001324
18509676ns          315735 1c008786 44050593 addi             x11, x10, 1088      x11=1c000440 x10:1c000000
18509696ns          315736 1c00878a 320b0813 addi             x16, x22, 800       x16=1c001320 x22:1c001000
18509716ns          315737 1c00878e 00e006b3 add              x13, x0, x14        x13=000028bc x14:000028bc
18509735ns          315738 1c008790 01900633 add              x12, x0, x25        x12=000028bc x25:000028bc
18509755ns          315739 1c008792 7d4a8513 addi             x10, x21, 2004      x10=1c0007d4 x21:1c000000
18509775ns          315740 1c008796 00ec8b63 beq              x25, x14, 22        x25:000028bc x14:000028bc
18509835ns          315743 1c0087ac 008a0a13 addi             x20, x20, 8         x20=1c001060 x20:1c001058
18509855ns          315744 1c0087ae 008d8d93 addi             x27, x27, 8         x27=1c001064 x27:1c00105c
18509875ns          315745 1c0087b0 f7ab9ee3 bne              x23, x26, -132      x23:1c0010c8 x26:1c0010a8
18509934ns          315748 1c00872c 004d268b p.lw             x13, 4(x26!)        x13=00000004 x26=1c0010ac x26:1c0010a8  PA:1c0010a8
18510272ns          315765 1c008730 01800733 add              x14, x0, x24        x14=00000000 x24:00000000
18510292ns          315766 1c008732 01800cb3 add              x25, x0, x24        x25=00000000 x24:00000000
18510312ns          315767 1c008734 100a7703 lh               x14, x0(x20)        x14=000029f3 x20:1c001060  PA:1c001060
18510611ns          315782 1c008738 10da7c83 lh               x25, x13(x20)       x25=000049d0 x13:00000004 x20:1c001060  PA:1c001064
18510909ns          315797 1c00873c 00178793 addi             x15, x15, 1         x15=000000c3 x15:000000c2
18510929ns          315798 1c00873e 000a1803 lh               x16, 0(x20)         x16=000029f3 x20:1c001060  PA:1c001060
18511227ns          315813 1c008742 1c0006b7 lui              x13, 0x1c000000     x13=1c000000
18511247ns          315814 1c008746 10074733 p.exths          x14, x14, x0        x14=000029f3 x14:000029f3
18511267ns          315815 1c00874a 00f9a023 sw               x15, 0(x19)         x15:000000c3 x19:1c001324  PA:1c001324
18511605ns          315832 1c00874e 42068593 addi             x11, x13, 1056      x11=1c000420 x13:1c000000
18511625ns          315833 1c008752 320b0e13 addi             x28, x22, 800       x28=1c001320 x22:1c001000
18511645ns          315834 1c008756 010006b3 add              x13, x0, x16        x13=000029f3 x16:000029f3
18511665ns          315835 1c008758 7d4a8513 addi             x10, x21, 2004      x10=1c0007d4 x21:1c000000
18511685ns          315836 1c00875c 00e00633 add              x12, x0, x14        x12=000029f3 x14:000029f3
18511705ns          315837 1c00875e 100cccb3 p.exths          x25, x25, x0        x25=000049d0 x25:000049d0
18511724ns          315838 1c008762 01070b63 beq              x14, x16, 22        x14:000029f3 x16:000029f3
18511784ns          315841 1c008778 000d9703 lh               x14, 0(x27)         x14=000049d0 x27:1c001064  PA:1c001064
18512083ns          315856 1c00877c 00178793 addi             x15, x15, 1         x15=000000c4 x15:000000c3
18512102ns          315857 1c00877e 1c000537 lui              x10, 0x1c000000     x10=1c000000
18512122ns          315858 1c008782 00f9a023 sw               x15, 0(x19)         x15:000000c4 x19:1c001324  PA:1c001324
18512441ns          315874 1c008786 44050593 addi             x11, x10, 1088      x11=1c000440 x10:1c000000
18512460ns          315875 1c00878a 320b0813 addi             x16, x22, 800       x16=1c001320 x22:1c001000
18512480ns          315876 1c00878e 00e006b3 add              x13, x0, x14        x13=000049d0 x14:000049d0
18512500ns          315877 1c008790 01900633 add              x12, x0, x25        x12=000049d0 x25:000049d0
18512520ns          315878 1c008792 7d4a8513 addi             x10, x21, 2004      x10=1c0007d4 x21:1c000000
18512540ns          315879 1c008796 00ec8b63 beq              x25, x14, 22        x25:000049d0 x14:000049d0
18512600ns          315882 1c0087ac 008a0a13 addi             x20, x20, 8         x20=1c001068 x20:1c001060
18512620ns          315883 1c0087ae 008d8d93 addi             x27, x27, 8         x27=1c00106c x27:1c001064
18512639ns          315884 1c0087b0 f7ab9ee3 bne              x23, x26, -132      x23:1c0010c8 x26:1c0010ac
18512699ns          315887 1c00872c 004d268b p.lw             x13, 4(x26!)        x13=00000004 x26=1c0010b0 x26:1c0010ac  PA:1c0010ac
18513017ns          315903 1c008730 01800733 add              x14, x0, x24        x14=00000000 x24:00000000
18513037ns          315904 1c008732 01800cb3 add              x25, x0, x24        x25=00000000 x24:00000000
18513057ns          315905 1c008734 100a7703 lh               x14, x0(x20)        x14=00000a3a x20:1c001068  PA:1c001068
18513356ns          315920 1c008738 10da7c83 lh               x25, x13(x20)       x25=000017c5 x13:00000004 x20:1c001068  PA:1c00106c
18513654ns          315935 1c00873c 00178793 addi             x15, x15, 1         x15=000000c5 x15:000000c4
18513674ns          315936 1c00873e 000a1803 lh               x16, 0(x20)         x16=00000a3a x20:1c001068  PA:1c001068
18513992ns          315952 1c008742 1c0006b7 lui              x13, 0x1c000000     x13=1c000000
18514012ns          315953 1c008746 10074733 p.exths          x14, x14, x0        x14=00000a3a x14:00000a3a
18514032ns          315954 1c00874a 00f9a023 sw               x15, 0(x19)         x15:000000c5 x19:1c001324  PA:1c001324
18514370ns          315971 1c00874e 42068593 addi             x11, x13, 1056      x11=1c000420 x13:1c000000
18514390ns          315972 1c008752 320b0e13 addi             x28, x22, 800       x28=1c001320 x22:1c001000
18514410ns          315973 1c008756 010006b3 add              x13, x0, x16        x13=00000a3a x16:00000a3a
18514430ns          315974 1c008758 7d4a8513 addi             x10, x21, 2004      x10=1c0007d4 x21:1c000000
18514450ns          315975 1c00875c 00e00633 add              x12, x0, x14        x12=00000a3a x14:00000a3a
18514469ns          315976 1c00875e 100cccb3 p.exths          x25, x25, x0        x25=000017c5 x25:000017c5
18514489ns          315977 1c008762 01070b63 beq              x14, x16, 22        x14:00000a3a x16:00000a3a
18514549ns          315980 1c008778 000d9703 lh               x14, 0(x27)         x14=000017c5 x27:1c00106c  PA:1c00106c
18514847ns          315995 1c00877c 00178793 addi             x15, x15, 1         x15=000000c6 x15:000000c5
18514867ns          315996 1c00877e 1c000537 lui              x10, 0x1c000000     x10=1c000000
18514887ns          315997 1c008782 00f9a023 sw               x15, 0(x19)         x15:000000c6 x19:1c001324  PA:1c001324
18515205ns          316013 1c008786 44050593 addi             x11, x10, 1088      x11=1c000440 x10:1c000000
18515225ns          316014 1c00878a 320b0813 addi             x16, x22, 800       x16=1c001320 x22:1c001000
18515245ns          316015 1c00878e 00e006b3 add              x13, x0, x14        x13=000017c5 x14:000017c5
18515265ns          316016 1c008790 01900633 add              x12, x0, x25        x12=000017c5 x25:000017c5
18515285ns          316017 1c008792 7d4a8513 addi             x10, x21, 2004      x10=1c0007d4 x21:1c000000
18515305ns          316018 1c008796 00ec8b63 beq              x25, x14, 22        x25:000017c5 x14:000017c5
18515365ns          316021 1c0087ac 008a0a13 addi             x20, x20, 8         x20=1c001070 x20:1c001068
18515384ns          316022 1c0087ae 008d8d93 addi             x27, x27, 8         x27=1c001074 x27:1c00106c
18515404ns          316023 1c0087b0 f7ab9ee3 bne              x23, x26, -132      x23:1c0010c8 x26:1c0010b0
18515464ns          316026 1c00872c 004d268b p.lw             x13, 4(x26!)        x13=00000004 x26=1c0010b4 x26:1c0010b0  PA:1c0010b0
18515762ns          316041 1c008730 01800733 add              x14, x0, x24        x14=00000000 x24:00000000
18515782ns          316042 1c008732 01800cb3 add              x25, x0, x24        x25=00000000 x24:00000000
18515802ns          316043 1c008734 100a7703 lh               x14, x0(x20)        x14=ffffc0be x20:1c001070  PA:1c001070
18516120ns          316059 1c008738 10da7c83 lh               x25, x13(x20)       x25=000029b9 x13:00000004 x20:1c001070  PA:1c001074
18516419ns          316074 1c00873c 00178793 addi             x15, x15, 1         x15=000000c7 x15:000000c6
18516439ns          316075 1c00873e 000a1803 lh               x16, 0(x20)         x16=ffffc0be x20:1c001070  PA:1c001070
18516737ns          316090 1c008742 1c0006b7 lui              x13, 0x1c000000     x13=1c000000
18516757ns          316091 1c008746 10074733 p.exths          x14, x14, x0        x14=ffffc0be x14:ffffc0be
18516777ns          316092 1c00874a 00f9a023 sw               x15, 0(x19)         x15:000000c7 x19:1c001324  PA:1c001324
18517095ns          316108 1c00874e 42068593 addi             x11, x13, 1056      x11=1c000420 x13:1c000000
18517115ns          316109 1c008752 320b0e13 addi             x28, x22, 800       x28=1c001320 x22:1c001000
18517135ns          316110 1c008756 010006b3 add              x13, x0, x16        x13=ffffc0be x16:ffffc0be
18517155ns          316111 1c008758 7d4a8513 addi             x10, x21, 2004      x10=1c0007d4 x21:1c000000
18517175ns          316112 1c00875c 00e00633 add              x12, x0, x14        x12=ffffc0be x14:ffffc0be
18517194ns          316113 1c00875e 100cccb3 p.exths          x25, x25, x0        x25=000029b9 x25:000029b9
18517214ns          316114 1c008762 01070b63 beq              x14, x16, 22        x14:ffffc0be x16:ffffc0be
18517274ns          316117 1c008778 000d9703 lh               x14, 0(x27)         x14=000029b9 x27:1c001074  PA:1c001074
18517572ns          316132 1c00877c 00178793 addi             x15, x15, 1         x15=000000c8 x15:000000c7
18517592ns          316133 1c00877e 1c000537 lui              x10, 0x1c000000     x10=1c000000
18517612ns          316134 1c008782 00f9a023 sw               x15, 0(x19)         x15:000000c8 x19:1c001324  PA:1c001324
18517930ns          316150 1c008786 44050593 addi             x11, x10, 1088      x11=1c000440 x10:1c000000
18517950ns          316151 1c00878a 320b0813 addi             x16, x22, 800       x16=1c001320 x22:1c001000
18517970ns          316152 1c00878e 00e006b3 add              x13, x0, x14        x13=000029b9 x14:000029b9
18517990ns          316153 1c008790 01900633 add              x12, x0, x25        x12=000029b9 x25:000029b9
18518010ns          316154 1c008792 7d4a8513 addi             x10, x21, 2004      x10=1c0007d4 x21:1c000000
18518030ns          316155 1c008796 00ec8b63 beq              x25, x14, 22        x25:000029b9 x14:000029b9
18518090ns          316158 1c0087ac 008a0a13 addi             x20, x20, 8         x20=1c001078 x20:1c001070
18518109ns          316159 1c0087ae 008d8d93 addi             x27, x27, 8         x27=1c00107c x27:1c001074
18518129ns          316160 1c0087b0 f7ab9ee3 bne              x23, x26, -132      x23:1c0010c8 x26:1c0010b4
18518189ns          316163 1c00872c 004d268b p.lw             x13, 4(x26!)        x13=00000004 x26=1c0010b8 x26:1c0010b4  PA:1c0010b4
18518487ns          316178 1c008730 01800733 add              x14, x0, x24        x14=00000000 x24:00000000
18518507ns          316179 1c008732 01800cb3 add              x25, x0, x24        x25=00000000 x24:00000000
18518527ns          316180 1c008734 100a7703 lh               x14, x0(x20)        x14=ffff804d x20:1c001078  PA:1c001078
18518845ns          316196 1c008738 10da7c83 lh               x25, x13(x20)       x25=ffff9f9b x13:00000004 x20:1c001078  PA:1c00107c
18519144ns          316211 1c00873c 00178793 addi             x15, x15, 1         x15=000000c9 x15:000000c8
18519164ns          316212 1c00873e 000a1803 lh               x16, 0(x20)         x16=ffff804d x20:1c001078  PA:1c001078
18519462ns          316227 1c008742 1c0006b7 lui              x13, 0x1c000000     x13=1c000000
18519482ns          316228 1c008746 10074733 p.exths          x14, x14, x0        x14=ffff804d x14:ffff804d
18519502ns          316229 1c00874a 00f9a023 sw               x15, 0(x19)         x15:000000c9 x19:1c001324  PA:1c001324
18519820ns          316245 1c00874e 42068593 addi             x11, x13, 1056      x11=1c000420 x13:1c000000
18519840ns          316246 1c008752 320b0e13 addi             x28, x22, 800       x28=1c001320 x22:1c001000
18519860ns          316247 1c008756 010006b3 add              x13, x0, x16        x13=ffff804d x16:ffff804d
18519880ns          316248 1c008758 7d4a8513 addi             x10, x21, 2004      x10=1c0007d4 x21:1c000000
18519900ns          316249 1c00875c 00e00633 add              x12, x0, x14        x12=ffff804d x14:ffff804d
18519919ns          316250 1c00875e 100cccb3 p.exths          x25, x25, x0        x25=ffff9f9b x25:ffff9f9b
18519939ns          316251 1c008762 01070b63 beq              x14, x16, 22        x14:ffff804d x16:ffff804d
18519999ns          316254 1c008778 000d9703 lh               x14, 0(x27)         x14=ffff9f9b x27:1c00107c  PA:1c00107c
18520297ns          316269 1c00877c 00178793 addi             x15, x15, 1         x15=000000ca x15:000000c9
18520317ns          316270 1c00877e 1c000537 lui              x10, 0x1c000000     x10=1c000000
18520337ns          316271 1c008782 00f9a023 sw               x15, 0(x19)         x15:000000ca x19:1c001324  PA:1c001324
18520655ns          316287 1c008786 44050593 addi             x11, x10, 1088      x11=1c000440 x10:1c000000
18520675ns          316288 1c00878a 320b0813 addi             x16, x22, 800       x16=1c001320 x22:1c001000
18520695ns          316289 1c00878e 00e006b3 add              x13, x0, x14        x13=ffff9f9b x14:ffff9f9b
18520715ns          316290 1c008790 01900633 add              x12, x0, x25        x12=ffff9f9b x25:ffff9f9b
18520735ns          316291 1c008792 7d4a8513 addi             x10, x21, 2004      x10=1c0007d4 x21:1c000000
18520755ns          316292 1c008796 00ec8b63 beq              x25, x14, 22        x25:ffff9f9b x14:ffff9f9b
18520815ns          316295 1c0087ac 008a0a13 addi             x20, x20, 8         x20=1c001080 x20:1c001078
18520834ns          316296 1c0087ae 008d8d93 addi             x27, x27, 8         x27=1c001084 x27:1c00107c
18520854ns          316297 1c0087b0 f7ab9ee3 bne              x23, x26, -132      x23:1c0010c8 x26:1c0010b8
18520914ns          316300 1c00872c 004d268b p.lw             x13, 4(x26!)        x13=00000004 x26=1c0010bc x26:1c0010b8  PA:1c0010b8
18521212ns          316315 1c008730 01800733 add              x14, x0, x24        x14=00000000 x24:00000000
18521232ns          316316 1c008732 01800cb3 add              x25, x0, x24        x25=00000000 x24:00000000
18521252ns          316317 1c008734 100a7703 lh               x14, x0(x20)        x14=00000f2b x20:1c001080  PA:1c001080
18521570ns          316333 1c008738 10da7c83 lh               x25, x13(x20)       x25=000003d9 x13:00000004 x20:1c001080  PA:1c001084
18521869ns          316348 1c00873c 00178793 addi             x15, x15, 1         x15=000000cb x15:000000ca
18521889ns          316349 1c00873e 000a1803 lh               x16, 0(x20)         x16=00000f2b x20:1c001080  PA:1c001080
18522187ns          316364 1c008742 1c0006b7 lui              x13, 0x1c000000     x13=1c000000
18522207ns          316365 1c008746 10074733 p.exths          x14, x14, x0        x14=00000f2b x14:00000f2b
18522227ns          316366 1c00874a 00f9a023 sw               x15, 0(x19)         x15:000000cb x19:1c001324  PA:1c001324
18522545ns          316382 1c00874e 42068593 addi             x11, x13, 1056      x11=1c000420 x13:1c000000
18522565ns          316383 1c008752 320b0e13 addi             x28, x22, 800       x28=1c001320 x22:1c001000
18522585ns          316384 1c008756 010006b3 add              x13, x0, x16        x13=00000f2b x16:00000f2b
18522605ns          316385 1c008758 7d4a8513 addi             x10, x21, 2004      x10=1c0007d4 x21:1c000000
18522625ns          316386 1c00875c 00e00633 add              x12, x0, x14        x12=00000f2b x14:00000f2b
18522645ns          316387 1c00875e 100cccb3 p.exths          x25, x25, x0        x25=000003d9 x25:000003d9
18522664ns          316388 1c008762 01070b63 beq              x14, x16, 22        x14:00000f2b x16:00000f2b
18522724ns          316391 1c008778 000d9703 lh               x14, 0(x27)         x14=000003d9 x27:1c001084  PA:1c001084
18523022ns          316406 1c00877c 00178793 addi             x15, x15, 1         x15=000000cc x15:000000cb
18523042ns          316407 1c00877e 1c000537 lui              x10, 0x1c000000     x10=1c000000
18523062ns          316408 1c008782 00f9a023 sw               x15, 0(x19)         x15:000000cc x19:1c001324  PA:1c001324
18523380ns          316424 1c008786 44050593 addi             x11, x10, 1088      x11=1c000440 x10:1c000000
18523400ns          316425 1c00878a 320b0813 addi             x16, x22, 800       x16=1c001320 x22:1c001000
18523420ns          316426 1c00878e 00e006b3 add              x13, x0, x14        x13=000003d9 x14:000003d9
18523440ns          316427 1c008790 01900633 add              x12, x0, x25        x12=000003d9 x25:000003d9
18523460ns          316428 1c008792 7d4a8513 addi             x10, x21, 2004      x10=1c0007d4 x21:1c000000
18523480ns          316429 1c008796 00ec8b63 beq              x25, x14, 22        x25:000003d9 x14:000003d9
18523540ns          316432 1c0087ac 008a0a13 addi             x20, x20, 8         x20=1c001088 x20:1c001080
18523559ns          316433 1c0087ae 008d8d93 addi             x27, x27, 8         x27=1c00108c x27:1c001084
18523579ns          316434 1c0087b0 f7ab9ee3 bne              x23, x26, -132      x23:1c0010c8 x26:1c0010bc
18523639ns          316437 1c00872c 004d268b p.lw             x13, 4(x26!)        x13=00000004 x26=1c0010c0 x26:1c0010bc  PA:1c0010bc
18523937ns          316452 1c008730 01800733 add              x14, x0, x24        x14=00000000 x24:00000000
18523957ns          316453 1c008732 01800cb3 add              x25, x0, x24        x25=00000000 x24:00000000
18523977ns          316454 1c008734 100a7703 lh               x14, x0(x20)        x14=ffff8f4f x20:1c001088  PA:1c001088
18524295ns          316470 1c008738 10da7c83 lh               x25, x13(x20)       x25=00004f36 x13:00000004 x20:1c001088  PA:1c00108c
18524594ns          316485 1c00873c 00178793 addi             x15, x15, 1         x15=000000cd x15:000000cc
18524614ns          316486 1c00873e 000a1803 lh               x16, 0(x20)         x16=ffff8f4f x20:1c001088  PA:1c001088
18524932ns          316502 1c008742 1c0006b7 lui              x13, 0x1c000000     x13=1c000000
18524952ns          316503 1c008746 10074733 p.exths          x14, x14, x0        x14=ffff8f4f x14:ffff8f4f
18524972ns          316504 1c00874a 00f9a023 sw               x15, 0(x19)         x15:000000cd x19:1c001324  PA:1c001324
18525310ns          316521 1c00874e 42068593 addi             x11, x13, 1056      x11=1c000420 x13:1c000000
18525330ns          316522 1c008752 320b0e13 addi             x28, x22, 800       x28=1c001320 x22:1c001000
18525350ns          316523 1c008756 010006b3 add              x13, x0, x16        x13=ffff8f4f x16:ffff8f4f
18525370ns          316524 1c008758 7d4a8513 addi             x10, x21, 2004      x10=1c0007d4 x21:1c000000
18525389ns          316525 1c00875c 00e00633 add              x12, x0, x14        x12=ffff8f4f x14:ffff8f4f
18525409ns          316526 1c00875e 100cccb3 p.exths          x25, x25, x0        x25=00004f36 x25:00004f36
18525429ns          316527 1c008762 01070b63 beq              x14, x16, 22        x14:ffff8f4f x16:ffff8f4f
18525489ns          316530 1c008778 000d9703 lh               x14, 0(x27)         x14=00004f36 x27:1c00108c  PA:1c00108c
18525807ns          316546 1c00877c 00178793 addi             x15, x15, 1         x15=000000ce x15:000000cd
18525827ns          316547 1c00877e 1c000537 lui              x10, 0x1c000000     x10=1c000000
18525847ns          316548 1c008782 00f9a023 sw               x15, 0(x19)         x15:000000ce x19:1c001324  PA:1c001324
18526165ns          316564 1c008786 44050593 addi             x11, x10, 1088      x11=1c000440 x10:1c000000
18526185ns          316565 1c00878a 320b0813 addi             x16, x22, 800       x16=1c001320 x22:1c001000
18526205ns          316566 1c00878e 00e006b3 add              x13, x0, x14        x13=00004f36 x14:00004f36
18526225ns          316567 1c008790 01900633 add              x12, x0, x25        x12=00004f36 x25:00004f36
18526245ns          316568 1c008792 7d4a8513 addi             x10, x21, 2004      x10=1c0007d4 x21:1c000000
18526265ns          316569 1c008796 00ec8b63 beq              x25, x14, 22        x25:00004f36 x14:00004f36
18526324ns          316572 1c0087ac 008a0a13 addi             x20, x20, 8         x20=1c001090 x20:1c001088
18526344ns          316573 1c0087ae 008d8d93 addi             x27, x27, 8         x27=1c001094 x27:1c00108c
18526364ns          316574 1c0087b0 f7ab9ee3 bne              x23, x26, -132      x23:1c0010c8 x26:1c0010c0
18526424ns          316577 1c00872c 004d268b p.lw             x13, 4(x26!)        x13=00000004 x26=1c0010c4 x26:1c0010c0  PA:1c0010c0
18526722ns          316592 1c008730 01800733 add              x14, x0, x24        x14=00000000 x24:00000000
18526742ns          316593 1c008732 01800cb3 add              x25, x0, x24        x25=00000000 x24:00000000
18526762ns          316594 1c008734 100a7703 lh               x14, x0(x20)        x14=00000ead x20:1c001090  PA:1c001090
18527060ns          316609 1c008738 10da7c83 lh               x25, x13(x20)       x25=000072d5 x13:00000004 x20:1c001090  PA:1c001094
18527359ns          316624 1c00873c 00178793 addi             x15, x15, 1         x15=000000cf x15:000000ce
18527379ns          316625 1c00873e 000a1803 lh               x16, 0(x20)         x16=00000ead x20:1c001090  PA:1c001090
18527697ns          316641 1c008742 1c0006b7 lui              x13, 0x1c000000     x13=1c000000
18527717ns          316642 1c008746 10074733 p.exths          x14, x14, x0        x14=00000ead x14:00000ead
18527737ns          316643 1c00874a 00f9a023 sw               x15, 0(x19)         x15:000000cf x19:1c001324  PA:1c001324
18528055ns          316659 1c00874e 42068593 addi             x11, x13, 1056      x11=1c000420 x13:1c000000
18528075ns          316660 1c008752 320b0e13 addi             x28, x22, 800       x28=1c001320 x22:1c001000
18528095ns          316661 1c008756 010006b3 add              x13, x0, x16        x13=00000ead x16:00000ead
18528114ns          316662 1c008758 7d4a8513 addi             x10, x21, 2004      x10=1c0007d4 x21:1c000000
18528134ns          316663 1c00875c 00e00633 add              x12, x0, x14        x12=00000ead x14:00000ead
18528154ns          316664 1c00875e 100cccb3 p.exths          x25, x25, x0        x25=000072d5 x25:000072d5
18528174ns          316665 1c008762 01070b63 beq              x14, x16, 22        x14:00000ead x16:00000ead
18528234ns          316668 1c008778 000d9703 lh               x14, 0(x27)         x14=000072d5 x27:1c001094  PA:1c001094
18528532ns          316683 1c00877c 00178793 addi             x15, x15, 1         x15=000000d0 x15:000000cf
18528552ns          316684 1c00877e 1c000537 lui              x10, 0x1c000000     x10=1c000000
18528572ns          316685 1c008782 00f9a023 sw               x15, 0(x19)         x15:000000d0 x19:1c001324  PA:1c001324
18528910ns          316702 1c008786 44050593 addi             x11, x10, 1088      x11=1c000440 x10:1c000000
18528930ns          316703 1c00878a 320b0813 addi             x16, x22, 800       x16=1c001320 x22:1c001000
18528950ns          316704 1c00878e 00e006b3 add              x13, x0, x14        x13=000072d5 x14:000072d5
18528970ns          316705 1c008790 01900633 add              x12, x0, x25        x12=000072d5 x25:000072d5
18528990ns          316706 1c008792 7d4a8513 addi             x10, x21, 2004      x10=1c0007d4 x21:1c000000
18529010ns          316707 1c008796 00ec8b63 beq              x25, x14, 22        x25:000072d5 x14:000072d5
18529069ns          316710 1c0087ac 008a0a13 addi             x20, x20, 8         x20=1c001098 x20:1c001090
18529089ns          316711 1c0087ae 008d8d93 addi             x27, x27, 8         x27=1c00109c x27:1c001094
18529109ns          316712 1c0087b0 f7ab9ee3 bne              x23, x26, -132      x23:1c0010c8 x26:1c0010c4
18529169ns          316715 1c00872c 004d268b p.lw             x13, 4(x26!)        x13=00000004 x26=1c0010c8 x26:1c0010c4  PA:1c0010c4
18529467ns          316730 1c008730 01800733 add              x14, x0, x24        x14=00000000 x24:00000000
18529487ns          316731 1c008732 01800cb3 add              x25, x0, x24        x25=00000000 x24:00000000
18529507ns          316732 1c008734 100a7703 lh               x14, x0(x20)        x14=ffffbd22 x20:1c001098  PA:1c001098
18529805ns          316747 1c008738 10da7c83 lh               x25, x13(x20)       x25=000019ca x13:00000004 x20:1c001098  PA:1c00109c
18530104ns          316762 1c00873c 00178793 addi             x15, x15, 1         x15=000000d1 x15:000000d0
18530123ns          316763 1c00873e 000a1803 lh               x16, 0(x20)         x16=ffffbd22 x20:1c001098  PA:1c001098
18530422ns          316778 1c008742 1c0006b7 lui              x13, 0x1c000000     x13=1c000000
18530442ns          316779 1c008746 10074733 p.exths          x14, x14, x0        x14=ffffbd22 x14:ffffbd22
18530462ns          316780 1c00874a 00f9a023 sw               x15, 0(x19)         x15:000000d1 x19:1c001324  PA:1c001324
18530780ns          316796 1c00874e 42068593 addi             x11, x13, 1056      x11=1c000420 x13:1c000000
18530800ns          316797 1c008752 320b0e13 addi             x28, x22, 800       x28=1c001320 x22:1c001000
18530820ns          316798 1c008756 010006b3 add              x13, x0, x16        x13=ffffbd22 x16:ffffbd22
18530840ns          316799 1c008758 7d4a8513 addi             x10, x21, 2004      x10=1c0007d4 x21:1c000000
18530859ns          316800 1c00875c 00e00633 add              x12, x0, x14        x12=ffffbd22 x14:ffffbd22
18530879ns          316801 1c00875e 100cccb3 p.exths          x25, x25, x0        x25=000019ca x25:000019ca
18530899ns          316802 1c008762 01070b63 beq              x14, x16, 22        x14:ffffbd22 x16:ffffbd22
18530959ns          316805 1c008778 000d9703 lh               x14, 0(x27)         x14=000019ca x27:1c00109c  PA:1c00109c
18531257ns          316820 1c00877c 00178793 addi             x15, x15, 1         x15=000000d2 x15:000000d1
18531277ns          316821 1c00877e 1c000537 lui              x10, 0x1c000000     x10=1c000000
18531297ns          316822 1c008782 00f9a023 sw               x15, 0(x19)         x15:000000d2 x19:1c001324  PA:1c001324
18531635ns          316839 1c008786 44050593 addi             x11, x10, 1088      x11=1c000440 x10:1c000000
18531655ns          316840 1c00878a 320b0813 addi             x16, x22, 800       x16=1c001320 x22:1c001000
18531675ns          316841 1c00878e 00e006b3 add              x13, x0, x14        x13=000019ca x14:000019ca
18531695ns          316842 1c008790 01900633 add              x12, x0, x25        x12=000019ca x25:000019ca
18531715ns          316843 1c008792 7d4a8513 addi             x10, x21, 2004      x10=1c0007d4 x21:1c000000
18531735ns          316844 1c008796 00ec8b63 beq              x25, x14, 22        x25:000019ca x14:000019ca
18531794ns          316847 1c0087ac 008a0a13 addi             x20, x20, 8         x20=1c0010a0 x20:1c001098
18531814ns          316848 1c0087ae 008d8d93 addi             x27, x27, 8         x27=1c0010a4 x27:1c00109c
18531834ns          316849 1c0087b0 f7ab9ee3 bne              x23, x26, -132      x23:1c0010c8 x26:1c0010c8
18531854ns          316850 1c0087b4 00900db3 add              x27, x0, x9         x27=1c001054  x9:1c001054
18531874ns          316851 1c0087b6 00800a33 add              x20, x0, x8         x20=1c001050  x8:1c001050
18531894ns          316852 1c0087b8 01200d33 add              x26, x0, x18        x26=1c0010a0 x18:1c0010a0
18531914ns          316853 1c0087ba 00000c13 addi             x24, x0, 0          x24=00000000
18531934ns          316854 1c0087bc 1c001b37 lui              x22, 0x1c001000     x22=1c001000
18532311ns          316873 1c0087c0 1c000ab7 lui              x21, 0x1c000000     x21=1c000000
18532351ns          316875 1c0087c4 004d268b p.lw             x13, 4(x26!)        x13=00000004 x26=1c0010a4 x26:1c0010a0  PA:1c0010a0
18532650ns          316890 1c0087c8 01800733 add              x14, x0, x24        x14=00000000 x24:00000000
18532669ns          316891 1c0087ca 01800cb3 add              x25, x0, x24        x25=00000000 x24:00000000
18532689ns          316892 1c0087cc 400a7703 lbu              x14, x0(x20)        x14=00000096 x20:1c001050  PA:1c001050
18533027ns          316909 1c0087d0 40da7c83 lbu              x25, x13(x20)       x25=000000f2 x13:00000004 x20:1c001050  PA:1c001054
18533346ns          316925 1c0087d4 00178793 addi             x15, x15, 1         x15=000000d3 x15:000000d2
18533366ns          316926 1c0087d6 000a4803 lbu              x16, 0(x20)         x16=00000096 x20:1c001050  PA:1c001050
18533664ns          316941 1c0087da 1c0006b7 lui              x13, 0x1c000000     x13=1c000000
18533823ns          316949 1c0087de 0ff77713 andi             x14, x14, 255       x14=00000096 x14:00000096
18533863ns          316951 1c0087e2 00f9a023 sw               x15, 0(x19)         x15:000000d3 x19:1c001324  PA:1c001324
18534181ns          316967 1c0087e6 46068593 addi             x11, x13, 1120      x11=1c000460 x13:1c000000
18534201ns          316968 1c0087ea 320b0e13 addi             x28, x22, 800       x28=1c001320 x22:1c001000
18534221ns          316969 1c0087ee 010006b3 add              x13, x0, x16        x13=00000096 x16:00000096
18534360ns          316976 1c0087f0 7d4a8513 addi             x10, x21, 2004      x10=1c0007d4 x21:1c000000
18534400ns          316978 1c0087f4 00e00633 add              x12, x0, x14        x12=00000096 x14:00000096
18534420ns          316979 1c0087f6 0ffcfc93 andi             x25, x25, 255       x25=000000f2 x25:000000f2
18534440ns          316980 1c0087fa 01070b63 beq              x14, x16, 22        x14:00000096 x16:00000096
18535335ns          317025 1c008810 000dc703 lbu              x14, 0(x27)         x14=000000f2 x27:1c001054  PA:1c001054
18535673ns          317042 1c008814 00178793 addi             x15, x15, 1         x15=000000d4 x15:000000d3
18535693ns          317043 1c008816 1c000537 lui              x10, 0x1c000000     x10=1c000000
18535713ns          317044 1c00881a 00f9a023 sw               x15, 0(x19)         x15:000000d4 x19:1c001324  PA:1c001324
18536071ns          317062 1c00881e 48050593 addi             x11, x10, 1152      x11=1c000480 x10:1c000000
18536091ns          317063 1c008822 320b0813 addi             x16, x22, 800       x16=1c001320 x22:1c001000
18536111ns          317064 1c008826 00e006b3 add              x13, x0, x14        x13=000000f2 x14:000000f2
18536130ns          317065 1c008828 01900633 add              x12, x0, x25        x12=000000f2 x25:000000f2
18536150ns          317066 1c00882a 7d4a8513 addi             x10, x21, 2004      x10=1c0007d4 x21:1c000000
18536568ns          317087 1c00882e 00ec8b63 beq              x25, x14, 22        x25:000000f2 x14:000000f2
18537065ns          317112 1c008844 008a0a13 addi             x20, x20, 8         x20=1c001058 x20:1c001050
18537085ns          317113 1c008846 008d8d93 addi             x27, x27, 8         x27=1c00105c x27:1c001054
18537105ns          317114 1c008848 f7ab9ee3 bne              x23, x26, -132      x23:1c0010c8 x26:1c0010a4
18537602ns          317139 1c0087c4 004d268b p.lw             x13, 4(x26!)        x13=00000004 x26=1c0010a8 x26:1c0010a4  PA:1c0010a4
18537901ns          317154 1c0087c8 01800733 add              x14, x0, x24        x14=00000000 x24:00000000
18537921ns          317155 1c0087ca 01800cb3 add              x25, x0, x24        x25=00000000 x24:00000000
18537941ns          317156 1c0087cc 400a7703 lbu              x14, x0(x20)        x14=0000000a x20:1c001058  PA:1c001058
18538279ns          317173 1c0087d0 40da7c83 lbu              x25, x13(x20)       x25=000000bc x13:00000004 x20:1c001058  PA:1c00105c
18538577ns          317188 1c0087d4 00178793 addi             x15, x15, 1         x15=000000d5 x15:000000d4
18538597ns          317189 1c0087d6 000a4803 lbu              x16, 0(x20)         x16=0000000a x20:1c001058  PA:1c001058
18538895ns          317204 1c0087da 1c0006b7 lui              x13, 0x1c000000     x13=1c000000
18538915ns          317205 1c0087de 0ff77713 andi             x14, x14, 255       x14=0000000a x14:0000000a
18538935ns          317206 1c0087e2 00f9a023 sw               x15, 0(x19)         x15:000000d5 x19:1c001324  PA:1c001324
18539273ns          317223 1c0087e6 46068593 addi             x11, x13, 1120      x11=1c000460 x13:1c000000
18539293ns          317224 1c0087ea 320b0e13 addi             x28, x22, 800       x28=1c001320 x22:1c001000
18539313ns          317225 1c0087ee 010006b3 add              x13, x0, x16        x13=0000000a x16:0000000a
18539333ns          317226 1c0087f0 7d4a8513 addi             x10, x21, 2004      x10=1c0007d4 x21:1c000000
18539353ns          317227 1c0087f4 00e00633 add              x12, x0, x14        x12=0000000a x14:0000000a
18539373ns          317228 1c0087f6 0ffcfc93 andi             x25, x25, 255       x25=000000bc x25:000000bc
18539393ns          317229 1c0087fa 01070b63 beq              x14, x16, 22        x14:0000000a x16:0000000a
18539452ns          317232 1c008810 000dc703 lbu              x14, 0(x27)         x14=000000bc x27:1c00105c  PA:1c00105c
18539751ns          317247 1c008814 00178793 addi             x15, x15, 1         x15=000000d6 x15:000000d5
18539770ns          317248 1c008816 1c000537 lui              x10, 0x1c000000     x10=1c000000
18539790ns          317249 1c00881a 00f9a023 sw               x15, 0(x19)         x15:000000d6 x19:1c001324  PA:1c001324
18540109ns          317265 1c00881e 48050593 addi             x11, x10, 1152      x11=1c000480 x10:1c000000
18540128ns          317266 1c008822 320b0813 addi             x16, x22, 800       x16=1c001320 x22:1c001000
18540148ns          317267 1c008826 00e006b3 add              x13, x0, x14        x13=000000bc x14:000000bc
18540168ns          317268 1c008828 01900633 add              x12, x0, x25        x12=000000bc x25:000000bc
18540188ns          317269 1c00882a 7d4a8513 addi             x10, x21, 2004      x10=1c0007d4 x21:1c000000
18540208ns          317270 1c00882e 00ec8b63 beq              x25, x14, 22        x25:000000bc x14:000000bc
18540268ns          317273 1c008844 008a0a13 addi             x20, x20, 8         x20=1c001060 x20:1c001058
18540288ns          317274 1c008846 008d8d93 addi             x27, x27, 8         x27=1c001064 x27:1c00105c
18540308ns          317275 1c008848 f7ab9ee3 bne              x23, x26, -132      x23:1c0010c8 x26:1c0010a8
18540367ns          317278 1c0087c4 004d268b p.lw             x13, 4(x26!)        x13=00000004 x26=1c0010ac x26:1c0010a8  PA:1c0010a8
18540685ns          317294 1c0087c8 01800733 add              x14, x0, x24        x14=00000000 x24:00000000
18540705ns          317295 1c0087ca 01800cb3 add              x25, x0, x24        x25=00000000 x24:00000000
18540725ns          317296 1c0087cc 400a7703 lbu              x14, x0(x20)        x14=000000f3 x20:1c001060  PA:1c001060
18541024ns          317311 1c0087d0 40da7c83 lbu              x25, x13(x20)       x25=000000d0 x13:00000004 x20:1c001060  PA:1c001064
18541322ns          317326 1c0087d4 00178793 addi             x15, x15, 1         x15=000000d7 x15:000000d6
18541342ns          317327 1c0087d6 000a4803 lbu              x16, 0(x20)         x16=000000f3 x20:1c001060  PA:1c001060
18541640ns          317342 1c0087da 1c0006b7 lui              x13, 0x1c000000     x13=1c000000
18541660ns          317343 1c0087de 0ff77713 andi             x14, x14, 255       x14=000000f3 x14:000000f3
18541680ns          317344 1c0087e2 00f9a023 sw               x15, 0(x19)         x15:000000d7 x19:1c001324  PA:1c001324
18541998ns          317360 1c0087e6 46068593 addi             x11, x13, 1120      x11=1c000460 x13:1c000000
18542018ns          317361 1c0087ea 320b0e13 addi             x28, x22, 800       x28=1c001320 x22:1c001000
18542038ns          317362 1c0087ee 010006b3 add              x13, x0, x16        x13=000000f3 x16:000000f3
18542058ns          317363 1c0087f0 7d4a8513 addi             x10, x21, 2004      x10=1c0007d4 x21:1c000000
18542078ns          317364 1c0087f4 00e00633 add              x12, x0, x14        x12=000000f3 x14:000000f3
18542098ns          317365 1c0087f6 0ffcfc93 andi             x25, x25, 255       x25=000000d0 x25:000000d0
18542118ns          317366 1c0087fa 01070b63 beq              x14, x16, 22        x14:000000f3 x16:000000f3
18542177ns          317369 1c008810 000dc703 lbu              x14, 0(x27)         x14=000000d0 x27:1c001064  PA:1c001064
18542476ns          317384 1c008814 00178793 addi             x15, x15, 1         x15=000000d8 x15:000000d7
18542495ns          317385 1c008816 1c000537 lui              x10, 0x1c000000     x10=1c000000
18542515ns          317386 1c00881a 00f9a023 sw               x15, 0(x19)         x15:000000d8 x19:1c001324  PA:1c001324
18542834ns          317402 1c00881e 48050593 addi             x11, x10, 1152      x11=1c000480 x10:1c000000
18542854ns          317403 1c008822 320b0813 addi             x16, x22, 800       x16=1c001320 x22:1c001000
18542873ns          317404 1c008826 00e006b3 add              x13, x0, x14        x13=000000d0 x14:000000d0
18542893ns          317405 1c008828 01900633 add              x12, x0, x25        x12=000000d0 x25:000000d0
18542913ns          317406 1c00882a 7d4a8513 addi             x10, x21, 2004      x10=1c0007d4 x21:1c000000
18542933ns          317407 1c00882e 00ec8b63 beq              x25, x14, 22        x25:000000d0 x14:000000d0
18542993ns          317410 1c008844 008a0a13 addi             x20, x20, 8         x20=1c001068 x20:1c001060
18543013ns          317411 1c008846 008d8d93 addi             x27, x27, 8         x27=1c00106c x27:1c001064
18543033ns          317412 1c008848 f7ab9ee3 bne              x23, x26, -132      x23:1c0010c8 x26:1c0010ac
18543092ns          317415 1c0087c4 004d268b p.lw             x13, 4(x26!)        x13=00000004 x26=1c0010b0 x26:1c0010ac  PA:1c0010ac
18543410ns          317431 1c0087c8 01800733 add              x14, x0, x24        x14=00000000 x24:00000000
18543430ns          317432 1c0087ca 01800cb3 add              x25, x0, x24        x25=00000000 x24:00000000
18543450ns          317433 1c0087cc 400a7703 lbu              x14, x0(x20)        x14=0000003a x20:1c001068  PA:1c001068
18543749ns          317448 1c0087d0 40da7c83 lbu              x25, x13(x20)       x25=000000c5 x13:00000004 x20:1c001068  PA:1c00106c
18544047ns          317463 1c0087d4 00178793 addi             x15, x15, 1         x15=000000d9 x15:000000d8
18544067ns          317464 1c0087d6 000a4803 lbu              x16, 0(x20)         x16=0000003a x20:1c001068  PA:1c001068
18544365ns          317479 1c0087da 1c0006b7 lui              x13, 0x1c000000     x13=1c000000
18544385ns          317480 1c0087de 0ff77713 andi             x14, x14, 255       x14=0000003a x14:0000003a
18544405ns          317481 1c0087e2 00f9a023 sw               x15, 0(x19)         x15:000000d9 x19:1c001324  PA:1c001324
18544723ns          317497 1c0087e6 46068593 addi             x11, x13, 1120      x11=1c000460 x13:1c000000
18544743ns          317498 1c0087ea 320b0e13 addi             x28, x22, 800       x28=1c001320 x22:1c001000
18544763ns          317499 1c0087ee 010006b3 add              x13, x0, x16        x13=0000003a x16:0000003a
18544783ns          317500 1c0087f0 7d4a8513 addi             x10, x21, 2004      x10=1c0007d4 x21:1c000000
18544803ns          317501 1c0087f4 00e00633 add              x12, x0, x14        x12=0000003a x14:0000003a
18544823ns          317502 1c0087f6 0ffcfc93 andi             x25, x25, 255       x25=000000c5 x25:000000c5
18544843ns          317503 1c0087fa 01070b63 beq              x14, x16, 22        x14:0000003a x16:0000003a
18544902ns          317506 1c008810 000dc703 lbu              x14, 0(x27)         x14=000000c5 x27:1c00106c  PA:1c00106c
18545201ns          317521 1c008814 00178793 addi             x15, x15, 1         x15=000000da x15:000000d9
18545221ns          317522 1c008816 1c000537 lui              x10, 0x1c000000     x10=1c000000
18545240ns          317523 1c00881a 00f9a023 sw               x15, 0(x19)         x15:000000da x19:1c001324  PA:1c001324
18545559ns          317539 1c00881e 48050593 addi             x11, x10, 1152      x11=1c000480 x10:1c000000
18545579ns          317540 1c008822 320b0813 addi             x16, x22, 800       x16=1c001320 x22:1c001000
18545598ns          317541 1c008826 00e006b3 add              x13, x0, x14        x13=000000c5 x14:000000c5
18545618ns          317542 1c008828 01900633 add              x12, x0, x25        x12=000000c5 x25:000000c5
18545638ns          317543 1c00882a 7d4a8513 addi             x10, x21, 2004      x10=1c0007d4 x21:1c000000
18545658ns          317544 1c00882e 00ec8b63 beq              x25, x14, 22        x25:000000c5 x14:000000c5
18545718ns          317547 1c008844 008a0a13 addi             x20, x20, 8         x20=1c001070 x20:1c001068
18545738ns          317548 1c008846 008d8d93 addi             x27, x27, 8         x27=1c001074 x27:1c00106c
18545758ns          317549 1c008848 f7ab9ee3 bne              x23, x26, -132      x23:1c0010c8 x26:1c0010b0
18545817ns          317552 1c0087c4 004d268b p.lw             x13, 4(x26!)        x13=00000004 x26=1c0010b4 x26:1c0010b0  PA:1c0010b0
18546135ns          317568 1c0087c8 01800733 add              x14, x0, x24        x14=00000000 x24:00000000
18546155ns          317569 1c0087ca 01800cb3 add              x25, x0, x24        x25=00000000 x24:00000000
18546175ns          317570 1c0087cc 400a7703 lbu              x14, x0(x20)        x14=000000be x20:1c001070  PA:1c001070
18546474ns          317585 1c0087d0 40da7c83 lbu              x25, x13(x20)       x25=000000b9 x13:00000004 x20:1c001070  PA:1c001074
18546772ns          317600 1c0087d4 00178793 addi             x15, x15, 1         x15=000000db x15:000000da
18546792ns          317601 1c0087d6 000a4803 lbu              x16, 0(x20)         x16=000000be x20:1c001070  PA:1c001070
18547090ns          317616 1c0087da 1c0006b7 lui              x13, 0x1c000000     x13=1c000000
18547110ns          317617 1c0087de 0ff77713 andi             x14, x14, 255       x14=000000be x14:000000be
18547130ns          317618 1c0087e2 00f9a023 sw               x15, 0(x19)         x15:000000db x19:1c001324  PA:1c001324
18547448ns          317634 1c0087e6 46068593 addi             x11, x13, 1120      x11=1c000460 x13:1c000000
18547468ns          317635 1c0087ea 320b0e13 addi             x28, x22, 800       x28=1c001320 x22:1c001000
18547488ns          317636 1c0087ee 010006b3 add              x13, x0, x16        x13=000000be x16:000000be
18547508ns          317637 1c0087f0 7d4a8513 addi             x10, x21, 2004      x10=1c0007d4 x21:1c000000
18547528ns          317638 1c0087f4 00e00633 add              x12, x0, x14        x12=000000be x14:000000be
18547548ns          317639 1c0087f6 0ffcfc93 andi             x25, x25, 255       x25=000000b9 x25:000000b9
18547568ns          317640 1c0087fa 01070b63 beq              x14, x16, 22        x14:000000be x16:000000be
18547627ns          317643 1c008810 000dc703 lbu              x14, 0(x27)         x14=000000b9 x27:1c001074  PA:1c001074
18547926ns          317658 1c008814 00178793 addi             x15, x15, 1         x15=000000dc x15:000000db
18547946ns          317659 1c008816 1c000537 lui              x10, 0x1c000000     x10=1c000000
18547965ns          317660 1c00881a 00f9a023 sw               x15, 0(x19)         x15:000000dc x19:1c001324  PA:1c001324
18548284ns          317676 1c00881e 48050593 addi             x11, x10, 1152      x11=1c000480 x10:1c000000
18548304ns          317677 1c008822 320b0813 addi             x16, x22, 800       x16=1c001320 x22:1c001000
18548323ns          317678 1c008826 00e006b3 add              x13, x0, x14        x13=000000b9 x14:000000b9
18548343ns          317679 1c008828 01900633 add              x12, x0, x25        x12=000000b9 x25:000000b9
18548363ns          317680 1c00882a 7d4a8513 addi             x10, x21, 2004      x10=1c0007d4 x21:1c000000
18548383ns          317681 1c00882e 00ec8b63 beq              x25, x14, 22        x25:000000b9 x14:000000b9
18548443ns          317684 1c008844 008a0a13 addi             x20, x20, 8         x20=1c001078 x20:1c001070
18548463ns          317685 1c008846 008d8d93 addi             x27, x27, 8         x27=1c00107c x27:1c001074
18548483ns          317686 1c008848 f7ab9ee3 bne              x23, x26, -132      x23:1c0010c8 x26:1c0010b4
18548542ns          317689 1c0087c4 004d268b p.lw             x13, 4(x26!)        x13=00000004 x26=1c0010b8 x26:1c0010b4  PA:1c0010b4
18548880ns          317706 1c0087c8 01800733 add              x14, x0, x24        x14=00000000 x24:00000000
18548900ns          317707 1c0087ca 01800cb3 add              x25, x0, x24        x25=00000000 x24:00000000
18548920ns          317708 1c0087cc 400a7703 lbu              x14, x0(x20)        x14=0000004d x20:1c001078  PA:1c001078
18549219ns          317723 1c0087d0 40da7c83 lbu              x25, x13(x20)       x25=0000009b x13:00000004 x20:1c001078  PA:1c00107c
18549517ns          317738 1c0087d4 00178793 addi             x15, x15, 1         x15=000000dd x15:000000dc
18549537ns          317739 1c0087d6 000a4803 lbu              x16, 0(x20)         x16=0000004d x20:1c001078  PA:1c001078
18549835ns          317754 1c0087da 1c0006b7 lui              x13, 0x1c000000     x13=1c000000
18549855ns          317755 1c0087de 0ff77713 andi             x14, x14, 255       x14=0000004d x14:0000004d
18549875ns          317756 1c0087e2 00f9a023 sw               x15, 0(x19)         x15:000000dd x19:1c001324  PA:1c001324
18550213ns          317773 1c0087e6 46068593 addi             x11, x13, 1120      x11=1c000460 x13:1c000000
18550233ns          317774 1c0087ea 320b0e13 addi             x28, x22, 800       x28=1c001320 x22:1c001000
18550253ns          317775 1c0087ee 010006b3 add              x13, x0, x16        x13=0000004d x16:0000004d
18550273ns          317776 1c0087f0 7d4a8513 addi             x10, x21, 2004      x10=1c0007d4 x21:1c000000
18550293ns          317777 1c0087f4 00e00633 add              x12, x0, x14        x12=0000004d x14:0000004d
18550313ns          317778 1c0087f6 0ffcfc93 andi             x25, x25, 255       x25=0000009b x25:0000009b
18550332ns          317779 1c0087fa 01070b63 beq              x14, x16, 22        x14:0000004d x16:0000004d
18550392ns          317782 1c008810 000dc703 lbu              x14, 0(x27)         x14=0000009b x27:1c00107c  PA:1c00107c
18550690ns          317797 1c008814 00178793 addi             x15, x15, 1         x15=000000de x15:000000dd
18550710ns          317798 1c008816 1c000537 lui              x10, 0x1c000000     x10=1c000000
18550730ns          317799 1c00881a 00f9a023 sw               x15, 0(x19)         x15:000000de x19:1c001324  PA:1c001324
18551049ns          317815 1c00881e 48050593 addi             x11, x10, 1152      x11=1c000480 x10:1c000000
18551068ns          317816 1c008822 320b0813 addi             x16, x22, 800       x16=1c001320 x22:1c001000
18551088ns          317817 1c008826 00e006b3 add              x13, x0, x14        x13=0000009b x14:0000009b
18551108ns          317818 1c008828 01900633 add              x12, x0, x25        x12=0000009b x25:0000009b
18551128ns          317819 1c00882a 7d4a8513 addi             x10, x21, 2004      x10=1c0007d4 x21:1c000000
18551148ns          317820 1c00882e 00ec8b63 beq              x25, x14, 22        x25:0000009b x14:0000009b
18551208ns          317823 1c008844 008a0a13 addi             x20, x20, 8         x20=1c001080 x20:1c001078
18551228ns          317824 1c008846 008d8d93 addi             x27, x27, 8         x27=1c001084 x27:1c00107c
18551247ns          317825 1c008848 f7ab9ee3 bne              x23, x26, -132      x23:1c0010c8 x26:1c0010b8
18551307ns          317828 1c0087c4 004d268b p.lw             x13, 4(x26!)        x13=00000004 x26=1c0010bc x26:1c0010b8  PA:1c0010b8
18551625ns          317844 1c0087c8 01800733 add              x14, x0, x24        x14=00000000 x24:00000000
18551645ns          317845 1c0087ca 01800cb3 add              x25, x0, x24        x25=00000000 x24:00000000
18551665ns          317846 1c0087cc 400a7703 lbu              x14, x0(x20)        x14=0000002b x20:1c001080  PA:1c001080
18551963ns          317861 1c0087d0 40da7c83 lbu              x25, x13(x20)       x25=000000d9 x13:00000004 x20:1c001080  PA:1c001084
18552262ns          317876 1c0087d4 00178793 addi             x15, x15, 1         x15=000000df x15:000000de
18552282ns          317877 1c0087d6 000a4803 lbu              x16, 0(x20)         x16=0000002b x20:1c001080  PA:1c001080
18552600ns          317893 1c0087da 1c0006b7 lui              x13, 0x1c000000     x13=1c000000
18552620ns          317894 1c0087de 0ff77713 andi             x14, x14, 255       x14=0000002b x14:0000002b
18552640ns          317895 1c0087e2 00f9a023 sw               x15, 0(x19)         x15:000000df x19:1c001324  PA:1c001324
18552978ns          317912 1c0087e6 46068593 addi             x11, x13, 1120      x11=1c000460 x13:1c000000
18552998ns          317913 1c0087ea 320b0e13 addi             x28, x22, 800       x28=1c001320 x22:1c001000
18553018ns          317914 1c0087ee 010006b3 add              x13, x0, x16        x13=0000002b x16:0000002b
18553038ns          317915 1c0087f0 7d4a8513 addi             x10, x21, 2004      x10=1c0007d4 x21:1c000000
18553057ns          317916 1c0087f4 00e00633 add              x12, x0, x14        x12=0000002b x14:0000002b
18553077ns          317917 1c0087f6 0ffcfc93 andi             x25, x25, 255       x25=000000d9 x25:000000d9
18553097ns          317918 1c0087fa 01070b63 beq              x14, x16, 22        x14:0000002b x16:0000002b
18553157ns          317921 1c008810 000dc703 lbu              x14, 0(x27)         x14=000000d9 x27:1c001084  PA:1c001084
18553455ns          317936 1c008814 00178793 addi             x15, x15, 1         x15=000000e0 x15:000000df
18553475ns          317937 1c008816 1c000537 lui              x10, 0x1c000000     x10=1c000000
18553495ns          317938 1c00881a 00f9a023 sw               x15, 0(x19)         x15:000000e0 x19:1c001324  PA:1c001324
18553813ns          317954 1c00881e 48050593 addi             x11, x10, 1152      x11=1c000480 x10:1c000000
18553833ns          317955 1c008822 320b0813 addi             x16, x22, 800       x16=1c001320 x22:1c001000
18553853ns          317956 1c008826 00e006b3 add              x13, x0, x14        x13=000000d9 x14:000000d9
18553873ns          317957 1c008828 01900633 add              x12, x0, x25        x12=000000d9 x25:000000d9
18553893ns          317958 1c00882a 7d4a8513 addi             x10, x21, 2004      x10=1c0007d4 x21:1c000000
18553913ns          317959 1c00882e 00ec8b63 beq              x25, x14, 22        x25:000000d9 x14:000000d9
18553972ns          317962 1c008844 008a0a13 addi             x20, x20, 8         x20=1c001088 x20:1c001080
18553992ns          317963 1c008846 008d8d93 addi             x27, x27, 8         x27=1c00108c x27:1c001084
18554012ns          317964 1c008848 f7ab9ee3 bne              x23, x26, -132      x23:1c0010c8 x26:1c0010bc
18554072ns          317967 1c0087c4 004d268b p.lw             x13, 4(x26!)        x13=00000004 x26=1c0010c0 x26:1c0010bc  PA:1c0010bc
18554370ns          317982 1c0087c8 01800733 add              x14, x0, x24        x14=00000000 x24:00000000
18554390ns          317983 1c0087ca 01800cb3 add              x25, x0, x24        x25=00000000 x24:00000000
18554410ns          317984 1c0087cc 400a7703 lbu              x14, x0(x20)        x14=0000004f x20:1c001088  PA:1c001088
18554728ns          318000 1c0087d0 40da7c83 lbu              x25, x13(x20)       x25=00000036 x13:00000004 x20:1c001088  PA:1c00108c
18555027ns          318015 1c0087d4 00178793 addi             x15, x15, 1         x15=000000e1 x15:000000e0
18555047ns          318016 1c0087d6 000a4803 lbu              x16, 0(x20)         x16=0000004f x20:1c001088  PA:1c001088
18555345ns          318031 1c0087da 1c0006b7 lui              x13, 0x1c000000     x13=1c000000
18555365ns          318032 1c0087de 0ff77713 andi             x14, x14, 255       x14=0000004f x14:0000004f
18555385ns          318033 1c0087e2 00f9a023 sw               x15, 0(x19)         x15:000000e1 x19:1c001324  PA:1c001324
18555703ns          318049 1c0087e6 46068593 addi             x11, x13, 1120      x11=1c000460 x13:1c000000
18555723ns          318050 1c0087ea 320b0e13 addi             x28, x22, 800       x28=1c001320 x22:1c001000
18555743ns          318051 1c0087ee 010006b3 add              x13, x0, x16        x13=0000004f x16:0000004f
18555763ns          318052 1c0087f0 7d4a8513 addi             x10, x21, 2004      x10=1c0007d4 x21:1c000000
18555783ns          318053 1c0087f4 00e00633 add              x12, x0, x14        x12=0000004f x14:0000004f
18555802ns          318054 1c0087f6 0ffcfc93 andi             x25, x25, 255       x25=00000036 x25:00000036
18555822ns          318055 1c0087fa 01070b63 beq              x14, x16, 22        x14:0000004f x16:0000004f
18555882ns          318058 1c008810 000dc703 lbu              x14, 0(x27)         x14=00000036 x27:1c00108c  PA:1c00108c
18556180ns          318073 1c008814 00178793 addi             x15, x15, 1         x15=000000e2 x15:000000e1
18556200ns          318074 1c008816 1c000537 lui              x10, 0x1c000000     x10=1c000000
18556220ns          318075 1c00881a 00f9a023 sw               x15, 0(x19)         x15:000000e2 x19:1c001324  PA:1c001324
18556538ns          318091 1c00881e 48050593 addi             x11, x10, 1152      x11=1c000480 x10:1c000000
18556558ns          318092 1c008822 320b0813 addi             x16, x22, 800       x16=1c001320 x22:1c001000
18556578ns          318093 1c008826 00e006b3 add              x13, x0, x14        x13=00000036 x14:00000036
18556598ns          318094 1c008828 01900633 add              x12, x0, x25        x12=00000036 x25:00000036
18556618ns          318095 1c00882a 7d4a8513 addi             x10, x21, 2004      x10=1c0007d4 x21:1c000000
18556638ns          318096 1c00882e 00ec8b63 beq              x25, x14, 22        x25:00000036 x14:00000036
18556697ns          318099 1c008844 008a0a13 addi             x20, x20, 8         x20=1c001090 x20:1c001088
18556717ns          318100 1c008846 008d8d93 addi             x27, x27, 8         x27=1c001094 x27:1c00108c
18556737ns          318101 1c008848 f7ab9ee3 bne              x23, x26, -132      x23:1c0010c8 x26:1c0010c0
18556797ns          318104 1c0087c4 004d268b p.lw             x13, 4(x26!)        x13=00000004 x26=1c0010c4 x26:1c0010c0  PA:1c0010c0
18557095ns          318119 1c0087c8 01800733 add              x14, x0, x24        x14=00000000 x24:00000000
18557115ns          318120 1c0087ca 01800cb3 add              x25, x0, x24        x25=00000000 x24:00000000
18557135ns          318121 1c0087cc 400a7703 lbu              x14, x0(x20)        x14=000000ad x20:1c001090  PA:1c001090
18557453ns          318137 1c0087d0 40da7c83 lbu              x25, x13(x20)       x25=000000d5 x13:00000004 x20:1c001090  PA:1c001094
18557752ns          318152 1c0087d4 00178793 addi             x15, x15, 1         x15=000000e3 x15:000000e2
18557772ns          318153 1c0087d6 000a4803 lbu              x16, 0(x20)         x16=000000ad x20:1c001090  PA:1c001090
18558070ns          318168 1c0087da 1c0006b7 lui              x13, 0x1c000000     x13=1c000000
18558090ns          318169 1c0087de 0ff77713 andi             x14, x14, 255       x14=000000ad x14:000000ad
18558110ns          318170 1c0087e2 00f9a023 sw               x15, 0(x19)         x15:000000e3 x19:1c001324  PA:1c001324
18558428ns          318186 1c0087e6 46068593 addi             x11, x13, 1120      x11=1c000460 x13:1c000000
18558448ns          318187 1c0087ea 320b0e13 addi             x28, x22, 800       x28=1c001320 x22:1c001000
18558468ns          318188 1c0087ee 010006b3 add              x13, x0, x16        x13=000000ad x16:000000ad
18558488ns          318189 1c0087f0 7d4a8513 addi             x10, x21, 2004      x10=1c0007d4 x21:1c000000
18558508ns          318190 1c0087f4 00e00633 add              x12, x0, x14        x12=000000ad x14:000000ad
18558527ns          318191 1c0087f6 0ffcfc93 andi             x25, x25, 255       x25=000000d5 x25:000000d5
18558547ns          318192 1c0087fa 01070b63 beq              x14, x16, 22        x14:000000ad x16:000000ad
18558607ns          318195 1c008810 000dc703 lbu              x14, 0(x27)         x14=000000d5 x27:1c001094  PA:1c001094
18558905ns          318210 1c008814 00178793 addi             x15, x15, 1         x15=000000e4 x15:000000e3
18558925ns          318211 1c008816 1c000537 lui              x10, 0x1c000000     x10=1c000000
18558945ns          318212 1c00881a 00f9a023 sw               x15, 0(x19)         x15:000000e4 x19:1c001324  PA:1c001324
18559263ns          318228 1c00881e 48050593 addi             x11, x10, 1152      x11=1c000480 x10:1c000000
18559283ns          318229 1c008822 320b0813 addi             x16, x22, 800       x16=1c001320 x22:1c001000
18559303ns          318230 1c008826 00e006b3 add              x13, x0, x14        x13=000000d5 x14:000000d5
18559323ns          318231 1c008828 01900633 add              x12, x0, x25        x12=000000d5 x25:000000d5
18559343ns          318232 1c00882a 7d4a8513 addi             x10, x21, 2004      x10=1c0007d4 x21:1c000000
18559363ns          318233 1c00882e 00ec8b63 beq              x25, x14, 22        x25:000000d5 x14:000000d5
18559423ns          318236 1c008844 008a0a13 addi             x20, x20, 8         x20=1c001098 x20:1c001090
18559442ns          318237 1c008846 008d8d93 addi             x27, x27, 8         x27=1c00109c x27:1c001094
18559462ns          318238 1c008848 f7ab9ee3 bne              x23, x26, -132      x23:1c0010c8 x26:1c0010c4
18559522ns          318241 1c0087c4 004d268b p.lw             x13, 4(x26!)        x13=00000004 x26=1c0010c8 x26:1c0010c4  PA:1c0010c4
18559820ns          318256 1c0087c8 01800733 add              x14, x0, x24        x14=00000000 x24:00000000
18559840ns          318257 1c0087ca 01800cb3 add              x25, x0, x24        x25=00000000 x24:00000000
18559860ns          318258 1c0087cc 400a7703 lbu              x14, x0(x20)        x14=00000022 x20:1c001098  PA:1c001098
18560178ns          318274 1c0087d0 40da7c83 lbu              x25, x13(x20)       x25=000000ca x13:00000004 x20:1c001098  PA:1c00109c
18560477ns          318289 1c0087d4 00178793 addi             x15, x15, 1         x15=000000e5 x15:000000e4
18560497ns          318290 1c0087d6 000a4803 lbu              x16, 0(x20)         x16=00000022 x20:1c001098  PA:1c001098
18560795ns          318305 1c0087da 1c0006b7 lui              x13, 0x1c000000     x13=1c000000
18560815ns          318306 1c0087de 0ff77713 andi             x14, x14, 255       x14=00000022 x14:00000022
18560835ns          318307 1c0087e2 00f9a023 sw               x15, 0(x19)         x15:000000e5 x19:1c001324  PA:1c001324
18561153ns          318323 1c0087e6 46068593 addi             x11, x13, 1120      x11=1c000460 x13:1c000000
18561173ns          318324 1c0087ea 320b0e13 addi             x28, x22, 800       x28=1c001320 x22:1c001000
18561193ns          318325 1c0087ee 010006b3 add              x13, x0, x16        x13=00000022 x16:00000022
18561213ns          318326 1c0087f0 7d4a8513 addi             x10, x21, 2004      x10=1c0007d4 x21:1c000000
18561233ns          318327 1c0087f4 00e00633 add              x12, x0, x14        x12=00000022 x14:00000022
18561252ns          318328 1c0087f6 0ffcfc93 andi             x25, x25, 255       x25=000000ca x25:000000ca
18561272ns          318329 1c0087fa 01070b63 beq              x14, x16, 22        x14:00000022 x16:00000022
18561332ns          318332 1c008810 000dc703 lbu              x14, 0(x27)         x14=000000ca x27:1c00109c  PA:1c00109c
18561630ns          318347 1c008814 00178793 addi             x15, x15, 1         x15=000000e6 x15:000000e5
18561650ns          318348 1c008816 1c000537 lui              x10, 0x1c000000     x10=1c000000
18561670ns          318349 1c00881a 00f9a023 sw               x15, 0(x19)         x15:000000e6 x19:1c001324  PA:1c001324
18561988ns          318365 1c00881e 48050593 addi             x11, x10, 1152      x11=1c000480 x10:1c000000
18562008ns          318366 1c008822 320b0813 addi             x16, x22, 800       x16=1c001320 x22:1c001000
18562028ns          318367 1c008826 00e006b3 add              x13, x0, x14        x13=000000ca x14:000000ca
18562048ns          318368 1c008828 01900633 add              x12, x0, x25        x12=000000ca x25:000000ca
18562068ns          318369 1c00882a 7d4a8513 addi             x10, x21, 2004      x10=1c0007d4 x21:1c000000
18562088ns          318370 1c00882e 00ec8b63 beq              x25, x14, 22        x25:000000ca x14:000000ca
18562148ns          318373 1c008844 008a0a13 addi             x20, x20, 8         x20=1c0010a0 x20:1c001098
18562167ns          318374 1c008846 008d8d93 addi             x27, x27, 8         x27=1c0010a4 x27:1c00109c
18562187ns          318375 1c008848 f7ab9ee3 bne              x23, x26, -132      x23:1c0010c8 x26:1c0010c8
18562207ns          318376 1c00884c 00000b13 addi             x22, x0, 0          x22=00000000
18562227ns          318377 1c00884e 1c001d37 lui              x26, 0x1c001000     x26=1c001000
18562247ns          318378 1c008852 1c000ab7 lui              x21, 0x1c000000     x21=1c000000
18562267ns          318379 1c008856 1c000cb7 lui              x25, 0x1c000000     x25=1c000000
18562287ns          318380 1c00885a 1c000a37 lui              x20, 0x1c000000     x20=1c000000
18562307ns          318381 1c00885e 0060006f jal              x0, 6              
18562744ns          318403 1c008864 0049268b p.lw             x13, 4(x18!)        x13=00000004 x18=1c0010a4 x18:1c0010a0  PA:1c0010a0
18563043ns          318418 1c008868 01600733 add              x14, x0, x22        x14=00000000 x22:00000000
18563063ns          318419 1c00886a 01600c33 add              x24, x0, x22        x24=00000000 x22:00000000
18563082ns          318420 1c00886c 00047703 lb               x14, x0(x8)         x14=ffffff96  x8:1c001050  PA:1c001050
18563401ns          318436 1c008870 00d47c03 lb               x24, x13(x8)        x24=fffffff2 x13:00000004  x8:1c001050  PA:1c001054
18563699ns          318451 1c008874 00178793 addi             x15, x15, 1         x15=000000e7 x15:000000e6
18563719ns          318452 1c008876 00044803 lbu              x16, 0(x8)          x16=00000096  x8:1c001050  PA:1c001050
18564037ns          318468 1c00887a 0ff77713 andi             x14, x14, 255       x14=00000096 x14:ffffff96
18564196ns          318476 1c00887e 00f9a023 sw               x15, 0(x19)         x15:000000e7 x19:1c001324  PA:1c001324
18564534ns          318493 1c008882 320d0893 addi             x17, x26, 800       x17=1c001320 x26:1c001000
18564554ns          318494 1c008886 4a0a8593 addi             x11, x21, 1184      x11=1c0004a0 x21:1c000000
18564574ns          318495 1c00888a 010006b3 add              x13, x0, x16        x13=00000096 x16:00000096
18564594ns          318496 1c00888c 7d4c8513 addi             x10, x25, 2004      x10=1c0007d4 x25:1c000000
18565032ns          318518 1c008890 00e00633 add              x12, x0, x14        x12=00000096 x14:00000096
18565071ns          318520 1c008892 0ffc7c13 andi             x24, x24, 255       x24=000000f2 x24:fffffff2
18565091ns          318521 1c008896 01070b63 beq              x14, x16, 22        x14:00000096 x16:00000096
18565589ns          318546 1c0088ac 0004c703 lbu              x14, 0(x9)          x14=000000f2  x9:1c001054  PA:1c001054
18566046ns          318569 1c0088b0 00178793 addi             x15, x15, 1         x15=000000e8 x15:000000e7
18566066ns          318570 1c0088b2 00f9a023 sw               x15, 0(x19)         x15:000000e8 x19:1c001324  PA:1c001324
18566384ns          318586 1c0088b6 320d0813 addi             x16, x26, 800       x16=1c001320 x26:1c001000
18566404ns          318587 1c0088ba 00e006b3 add              x13, x0, x14        x13=000000f2 x14:000000f2
18566424ns          318588 1c0088bc 01800633 add              x12, x0, x24        x12=000000f2 x24:000000f2
18566543ns          318594 1c0088be 4c0a0593 addi             x11, x20, 1216      x11=1c0004c0 x20:1c000000
18566583ns          318596 1c0088c2 7d4c8513 addi             x10, x25, 2004      x10=1c0007d4 x25:1c000000
18566603ns          318597 1c0088c6 00ec0963 beq              x24, x14, 18        x24:000000f2 x14:000000f2
18567100ns          318622 1c0088d8 00840413 addi             x8, x8, 8            x8=1c001058  x8:1c001050
18567120ns          318623 1c0088da 00848493 addi             x9, x9, 8            x9=1c00105c  x9:1c001054
18567140ns          318624 1c0088dc f92b92e3 bne              x23, x18, -124      x23:1c0010c8 x18:1c0010a4
18567618ns          318648 1c008860 0009a783 lw               x15, 0(x19)         x15=000000e8 x19:1c001324  PA:1c001324
18567916ns          318663 1c008864 0049268b p.lw             x13, 4(x18!)        x13=00000004 x18=1c0010a8 x18:1c0010a4  PA:1c0010a4
18568214ns          318678 1c008868 01600733 add              x14, x0, x22        x14=00000000 x22:00000000
18568234ns          318679 1c00886a 01600c33 add              x24, x0, x22        x24=00000000 x22:00000000
18568254ns          318680 1c00886c 00047703 lb               x14, x0(x8)         x14=0000000a  x8:1c001058  PA:1c001058
18568572ns          318696 1c008870 00d47c03 lb               x24, x13(x8)        x24=ffffffbc x13:00000004  x8:1c001058  PA:1c00105c
18568891ns          318712 1c008874 00178793 addi             x15, x15, 1         x15=000000e9 x15:000000e8
18568910ns          318713 1c008876 00044803 lbu              x16, 0(x8)          x16=0000000a  x8:1c001058  PA:1c001058
18569209ns          318728 1c00887a 0ff77713 andi             x14, x14, 255       x14=0000000a x14:0000000a
18569229ns          318729 1c00887e 00f9a023 sw               x15, 0(x19)         x15:000000e9 x19:1c001324  PA:1c001324
18569547ns          318745 1c008882 320d0893 addi             x17, x26, 800       x17=1c001320 x26:1c001000
18569567ns          318746 1c008886 4a0a8593 addi             x11, x21, 1184      x11=1c0004a0 x21:1c000000
18569587ns          318747 1c00888a 010006b3 add              x13, x0, x16        x13=0000000a x16:0000000a
18569607ns          318748 1c00888c 7d4c8513 addi             x10, x25, 2004      x10=1c0007d4 x25:1c000000
18569626ns          318749 1c008890 00e00633 add              x12, x0, x14        x12=0000000a x14:0000000a
18569646ns          318750 1c008892 0ffc7c13 andi             x24, x24, 255       x24=000000bc x24:ffffffbc
18569666ns          318751 1c008896 01070b63 beq              x14, x16, 22        x14:0000000a x16:0000000a
18569726ns          318754 1c0088ac 0004c703 lbu              x14, 0(x9)          x14=000000bc  x9:1c00105c  PA:1c00105c
18570024ns          318769 1c0088b0 00178793 addi             x15, x15, 1         x15=000000ea x15:000000e9
18570044ns          318770 1c0088b2 00f9a023 sw               x15, 0(x19)         x15:000000ea x19:1c001324  PA:1c001324
18570362ns          318786 1c0088b6 320d0813 addi             x16, x26, 800       x16=1c001320 x26:1c001000
18570382ns          318787 1c0088ba 00e006b3 add              x13, x0, x14        x13=000000bc x14:000000bc
18570402ns          318788 1c0088bc 01800633 add              x12, x0, x24        x12=000000bc x24:000000bc
18570422ns          318789 1c0088be 4c0a0593 addi             x11, x20, 1216      x11=1c0004c0 x20:1c000000
18570442ns          318790 1c0088c2 7d4c8513 addi             x10, x25, 2004      x10=1c0007d4 x25:1c000000
18570462ns          318791 1c0088c6 00ec0963 beq              x24, x14, 18        x24:000000bc x14:000000bc
18570522ns          318794 1c0088d8 00840413 addi             x8, x8, 8            x8=1c001060  x8:1c001058
18570541ns          318795 1c0088da 00848493 addi             x9, x9, 8            x9=1c001064  x9:1c00105c
18570561ns          318796 1c0088dc f92b92e3 bne              x23, x18, -124      x23:1c0010c8 x18:1c0010a8
18570621ns          318799 1c008860 0009a783 lw               x15, 0(x19)         x15=000000ea x19:1c001324  PA:1c001324
18570919ns          318814 1c008864 0049268b p.lw             x13, 4(x18!)        x13=00000004 x18=1c0010ac x18:1c0010a8  PA:1c0010a8
18571218ns          318829 1c008868 01600733 add              x14, x0, x22        x14=00000000 x22:00000000
18571238ns          318830 1c00886a 01600c33 add              x24, x0, x22        x24=00000000 x22:00000000
18571258ns          318831 1c00886c 00047703 lb               x14, x0(x8)         x14=fffffff3  x8:1c001060  PA:1c001060
18571576ns          318847 1c008870 00d47c03 lb               x24, x13(x8)        x24=ffffffd0 x13:00000004  x8:1c001060  PA:1c001064
18571874ns          318862 1c008874 00178793 addi             x15, x15, 1         x15=000000eb x15:000000ea
18571894ns          318863 1c008876 00044803 lbu              x16, 0(x8)          x16=000000f3  x8:1c001060  PA:1c001060
18572212ns          318879 1c00887a 0ff77713 andi             x14, x14, 255       x14=000000f3 x14:fffffff3
18572232ns          318880 1c00887e 00f9a023 sw               x15, 0(x19)         x15:000000eb x19:1c001324  PA:1c001324
18572550ns          318896 1c008882 320d0893 addi             x17, x26, 800       x17=1c001320 x26:1c001000
18572570ns          318897 1c008886 4a0a8593 addi             x11, x21, 1184      x11=1c0004a0 x21:1c000000
18572590ns          318898 1c00888a 010006b3 add              x13, x0, x16        x13=000000f3 x16:000000f3
18572610ns          318899 1c00888c 7d4c8513 addi             x10, x25, 2004      x10=1c0007d4 x25:1c000000
18572630ns          318900 1c008890 00e00633 add              x12, x0, x14        x12=000000f3 x14:000000f3
18572650ns          318901 1c008892 0ffc7c13 andi             x24, x24, 255       x24=000000d0 x24:ffffffd0
18572670ns          318902 1c008896 01070b63 beq              x14, x16, 22        x14:000000f3 x16:000000f3
18572729ns          318905 1c0088ac 0004c703 lbu              x14, 0(x9)          x14=000000d0  x9:1c001064  PA:1c001064
18573028ns          318920 1c0088b0 00178793 addi             x15, x15, 1         x15=000000ec x15:000000eb
18573048ns          318921 1c0088b2 00f9a023 sw               x15, 0(x19)         x15:000000ec x19:1c001324  PA:1c001324
18573366ns          318937 1c0088b6 320d0813 addi             x16, x26, 800       x16=1c001320 x26:1c001000
18573386ns          318938 1c0088ba 00e006b3 add              x13, x0, x14        x13=000000d0 x14:000000d0
18573406ns          318939 1c0088bc 01800633 add              x12, x0, x24        x12=000000d0 x24:000000d0
18573426ns          318940 1c0088be 4c0a0593 addi             x11, x20, 1216      x11=1c0004c0 x20:1c000000
18573446ns          318941 1c0088c2 7d4c8513 addi             x10, x25, 2004      x10=1c0007d4 x25:1c000000
18573465ns          318942 1c0088c6 00ec0963 beq              x24, x14, 18        x24:000000d0 x14:000000d0
18573525ns          318945 1c0088d8 00840413 addi             x8, x8, 8            x8=1c001068  x8:1c001060
18573545ns          318946 1c0088da 00848493 addi             x9, x9, 8            x9=1c00106c  x9:1c001064
18573565ns          318947 1c0088dc f92b92e3 bne              x23, x18, -124      x23:1c0010c8 x18:1c0010ac
18573625ns          318950 1c008860 0009a783 lw               x15, 0(x19)         x15=000000ec x19:1c001324  PA:1c001324
18573923ns          318965 1c008864 0049268b p.lw             x13, 4(x18!)        x13=00000004 x18=1c0010b0 x18:1c0010ac  PA:1c0010ac
18574241ns          318981 1c008868 01600733 add              x14, x0, x22        x14=00000000 x22:00000000
18574261ns          318982 1c00886a 01600c33 add              x24, x0, x22        x24=00000000 x22:00000000
18574281ns          318983 1c00886c 00047703 lb               x14, x0(x8)         x14=0000003a  x8:1c001068  PA:1c001068
18574579ns          318998 1c008870 00d47c03 lb               x24, x13(x8)        x24=ffffffc5 x13:00000004  x8:1c001068  PA:1c00106c
18574878ns          319013 1c008874 00178793 addi             x15, x15, 1         x15=000000ed x15:000000ec
18574898ns          319014 1c008876 00044803 lbu              x16, 0(x8)          x16=0000003a  x8:1c001068  PA:1c001068
18575196ns          319029 1c00887a 0ff77713 andi             x14, x14, 255       x14=0000003a x14:0000003a
18575216ns          319030 1c00887e 00f9a023 sw               x15, 0(x19)         x15:000000ed x19:1c001324  PA:1c001324
18575554ns          319047 1c008882 320d0893 addi             x17, x26, 800       x17=1c001320 x26:1c001000
18575574ns          319048 1c008886 4a0a8593 addi             x11, x21, 1184      x11=1c0004a0 x21:1c000000
18575594ns          319049 1c00888a 010006b3 add              x13, x0, x16        x13=0000003a x16:0000003a
18575614ns          319050 1c00888c 7d4c8513 addi             x10, x25, 2004      x10=1c0007d4 x25:1c000000
18575633ns          319051 1c008890 00e00633 add              x12, x0, x14        x12=0000003a x14:0000003a
18575653ns          319052 1c008892 0ffc7c13 andi             x24, x24, 255       x24=000000c5 x24:ffffffc5
18575673ns          319053 1c008896 01070b63 beq              x14, x16, 22        x14:0000003a x16:0000003a
18575733ns          319056 1c0088ac 0004c703 lbu              x14, 0(x9)          x14=000000c5  x9:1c00106c  PA:1c00106c
18576051ns          319072 1c0088b0 00178793 addi             x15, x15, 1         x15=000000ee x15:000000ed
18576071ns          319073 1c0088b2 00f9a023 sw               x15, 0(x19)         x15:000000ee x19:1c001324  PA:1c001324
18576389ns          319089 1c0088b6 320d0813 addi             x16, x26, 800       x16=1c001320 x26:1c001000
18576409ns          319090 1c0088ba 00e006b3 add              x13, x0, x14        x13=000000c5 x14:000000c5
18576429ns          319091 1c0088bc 01800633 add              x12, x0, x24        x12=000000c5 x24:000000c5
18576449ns          319092 1c0088be 4c0a0593 addi             x11, x20, 1216      x11=1c0004c0 x20:1c000000
18576469ns          319093 1c0088c2 7d4c8513 addi             x10, x25, 2004      x10=1c0007d4 x25:1c000000
18576489ns          319094 1c0088c6 00ec0963 beq              x24, x14, 18        x24:000000c5 x14:000000c5
18576548ns          319097 1c0088d8 00840413 addi             x8, x8, 8            x8=1c001070  x8:1c001068
18576568ns          319098 1c0088da 00848493 addi             x9, x9, 8            x9=1c001074  x9:1c00106c
18576588ns          319099 1c0088dc f92b92e3 bne              x23, x18, -124      x23:1c0010c8 x18:1c0010b0
18576648ns          319102 1c008860 0009a783 lw               x15, 0(x19)         x15=000000ee x19:1c001324  PA:1c001324
18576966ns          319118 1c008864 0049268b p.lw             x13, 4(x18!)        x13=00000004 x18=1c0010b4 x18:1c0010b0  PA:1c0010b0
18577265ns          319133 1c008868 01600733 add              x14, x0, x22        x14=00000000 x22:00000000
18577284ns          319134 1c00886a 01600c33 add              x24, x0, x22        x24=00000000 x22:00000000
18577304ns          319135 1c00886c 00047703 lb               x14, x0(x8)         x14=ffffffbe  x8:1c001070  PA:1c001070
18577603ns          319150 1c008870 00d47c03 lb               x24, x13(x8)        x24=ffffffb9 x13:00000004  x8:1c001070  PA:1c001074
18577901ns          319165 1c008874 00178793 addi             x15, x15, 1         x15=000000ef x15:000000ee
18577921ns          319166 1c008876 00044803 lbu              x16, 0(x8)          x16=000000be  x8:1c001070  PA:1c001070
18578239ns          319182 1c00887a 0ff77713 andi             x14, x14, 255       x14=000000be x14:ffffffbe
18578259ns          319183 1c00887e 00f9a023 sw               x15, 0(x19)         x15:000000ef x19:1c001324  PA:1c001324
18578577ns          319199 1c008882 320d0893 addi             x17, x26, 800       x17=1c001320 x26:1c001000
18578597ns          319200 1c008886 4a0a8593 addi             x11, x21, 1184      x11=1c0004a0 x21:1c000000
18578617ns          319201 1c00888a 010006b3 add              x13, x0, x16        x13=000000be x16:000000be
18578637ns          319202 1c00888c 7d4c8513 addi             x10, x25, 2004      x10=1c0007d4 x25:1c000000
18578657ns          319203 1c008890 00e00633 add              x12, x0, x14        x12=000000be x14:000000be
18578677ns          319204 1c008892 0ffc7c13 andi             x24, x24, 255       x24=000000b9 x24:ffffffb9
18578697ns          319205 1c008896 01070b63 beq              x14, x16, 22        x14:000000be x16:000000be
18578756ns          319208 1c0088ac 0004c703 lbu              x14, 0(x9)          x14=000000b9  x9:1c001074  PA:1c001074
18579075ns          319224 1c0088b0 00178793 addi             x15, x15, 1         x15=000000f0 x15:000000ef
18579094ns          319225 1c0088b2 00f9a023 sw               x15, 0(x19)         x15:000000f0 x19:1c001324  PA:1c001324
18579413ns          319241 1c0088b6 320d0813 addi             x16, x26, 800       x16=1c001320 x26:1c001000
18579433ns          319242 1c0088ba 00e006b3 add              x13, x0, x14        x13=000000b9 x14:000000b9
18579453ns          319243 1c0088bc 01800633 add              x12, x0, x24        x12=000000b9 x24:000000b9
18579472ns          319244 1c0088be 4c0a0593 addi             x11, x20, 1216      x11=1c0004c0 x20:1c000000
18579492ns          319245 1c0088c2 7d4c8513 addi             x10, x25, 2004      x10=1c0007d4 x25:1c000000
18579512ns          319246 1c0088c6 00ec0963 beq              x24, x14, 18        x24:000000b9 x14:000000b9
18579572ns          319249 1c0088d8 00840413 addi             x8, x8, 8            x8=1c001078  x8:1c001070
18579592ns          319250 1c0088da 00848493 addi             x9, x9, 8            x9=1c00107c  x9:1c001074
18579612ns          319251 1c0088dc f92b92e3 bne              x23, x18, -124      x23:1c0010c8 x18:1c0010b4
18579671ns          319254 1c008860 0009a783 lw               x15, 0(x19)         x15=000000f0 x19:1c001324  PA:1c001324
18579990ns          319270 1c008864 0049268b p.lw             x13, 4(x18!)        x13=00000004 x18=1c0010b8 x18:1c0010b4  PA:1c0010b4
18580288ns          319285 1c008868 01600733 add              x14, x0, x22        x14=00000000 x22:00000000
18580308ns          319286 1c00886a 01600c33 add              x24, x0, x22        x24=00000000 x22:00000000
18580328ns          319287 1c00886c 00047703 lb               x14, x0(x8)         x14=0000004d  x8:1c001078  PA:1c001078
18580626ns          319302 1c008870 00d47c03 lb               x24, x13(x8)        x24=ffffff9b x13:00000004  x8:1c001078  PA:1c00107c
18580944ns          319318 1c008874 00178793 addi             x15, x15, 1         x15=000000f1 x15:000000f0
18580964ns          319319 1c008876 00044803 lbu              x16, 0(x8)          x16=0000004d  x8:1c001078  PA:1c001078
18581263ns          319334 1c00887a 0ff77713 andi             x14, x14, 255       x14=0000004d x14:0000004d
18581282ns          319335 1c00887e 00f9a023 sw               x15, 0(x19)         x15:000000f1 x19:1c001324  PA:1c001324
18581601ns          319351 1c008882 320d0893 addi             x17, x26, 800       x17=1c001320 x26:1c001000
18581621ns          319352 1c008886 4a0a8593 addi             x11, x21, 1184      x11=1c0004a0 x21:1c000000
18581640ns          319353 1c00888a 010006b3 add              x13, x0, x16        x13=0000004d x16:0000004d
18581660ns          319354 1c00888c 7d4c8513 addi             x10, x25, 2004      x10=1c0007d4 x25:1c000000
18581680ns          319355 1c008890 00e00633 add              x12, x0, x14        x12=0000004d x14:0000004d
18581700ns          319356 1c008892 0ffc7c13 andi             x24, x24, 255       x24=0000009b x24:ffffff9b
18581720ns          319357 1c008896 01070b63 beq              x14, x16, 22        x14:0000004d x16:0000004d
18581780ns          319360 1c0088ac 0004c703 lbu              x14, 0(x9)          x14=0000009b  x9:1c00107c  PA:1c00107c
18582098ns          319376 1c0088b0 00178793 addi             x15, x15, 1         x15=000000f2 x15:000000f1
18582118ns          319377 1c0088b2 00f9a023 sw               x15, 0(x19)         x15:000000f2 x19:1c001324  PA:1c001324
18582436ns          319393 1c0088b6 320d0813 addi             x16, x26, 800       x16=1c001320 x26:1c001000
18582456ns          319394 1c0088ba 00e006b3 add              x13, x0, x14        x13=0000009b x14:0000009b
18582476ns          319395 1c0088bc 01800633 add              x12, x0, x24        x12=0000009b x24:0000009b
18582496ns          319396 1c0088be 4c0a0593 addi             x11, x20, 1216      x11=1c0004c0 x20:1c000000
18582516ns          319397 1c0088c2 7d4c8513 addi             x10, x25, 2004      x10=1c0007d4 x25:1c000000
18582536ns          319398 1c0088c6 00ec0963 beq              x24, x14, 18        x24:0000009b x14:0000009b
18582595ns          319401 1c0088d8 00840413 addi             x8, x8, 8            x8=1c001080  x8:1c001078
18582615ns          319402 1c0088da 00848493 addi             x9, x9, 8            x9=1c001084  x9:1c00107c
18582635ns          319403 1c0088dc f92b92e3 bne              x23, x18, -124      x23:1c0010c8 x18:1c0010b8
18582695ns          319406 1c008860 0009a783 lw               x15, 0(x19)         x15=000000f2 x19:1c001324  PA:1c001324
18583013ns          319422 1c008864 0049268b p.lw             x13, 4(x18!)        x13=00000004 x18=1c0010bc x18:1c0010b8  PA:1c0010b8
18583311ns          319437 1c008868 01600733 add              x14, x0, x22        x14=00000000 x22:00000000
18583331ns          319438 1c00886a 01600c33 add              x24, x0, x22        x24=00000000 x22:00000000
18583351ns          319439 1c00886c 00047703 lb               x14, x0(x8)         x14=0000002b  x8:1c001080  PA:1c001080
18583649ns          319454 1c008870 00d47c03 lb               x24, x13(x8)        x24=ffffffd9 x13:00000004  x8:1c001080  PA:1c001084
18583948ns          319469 1c008874 00178793 addi             x15, x15, 1         x15=000000f3 x15:000000f2
18583968ns          319470 1c008876 00044803 lbu              x16, 0(x8)          x16=0000002b  x8:1c001080  PA:1c001080
18584266ns          319485 1c00887a 0ff77713 andi             x14, x14, 255       x14=0000002b x14:0000002b
18584286ns          319486 1c00887e 00f9a023 sw               x15, 0(x19)         x15:000000f3 x19:1c001324  PA:1c001324
18584624ns          319503 1c008882 320d0893 addi             x17, x26, 800       x17=1c001320 x26:1c001000
18584644ns          319504 1c008886 4a0a8593 addi             x11, x21, 1184      x11=1c0004a0 x21:1c000000
18584664ns          319505 1c00888a 010006b3 add              x13, x0, x16        x13=0000002b x16:0000002b
18584684ns          319506 1c00888c 7d4c8513 addi             x10, x25, 2004      x10=1c0007d4 x25:1c000000
18584704ns          319507 1c008890 00e00633 add              x12, x0, x14        x12=0000002b x14:0000002b
18584724ns          319508 1c008892 0ffc7c13 andi             x24, x24, 255       x24=000000d9 x24:ffffffd9
18584743ns          319509 1c008896 01070b63 beq              x14, x16, 22        x14:0000002b x16:0000002b
18584803ns          319512 1c0088ac 0004c703 lbu              x14, 0(x9)          x14=000000d9  x9:1c001084  PA:1c001084
18585101ns          319527 1c0088b0 00178793 addi             x15, x15, 1         x15=000000f4 x15:000000f3
18585121ns          319528 1c0088b2 00f9a023 sw               x15, 0(x19)         x15:000000f4 x19:1c001324  PA:1c001324
18585440ns          319544 1c0088b6 320d0813 addi             x16, x26, 800       x16=1c001320 x26:1c001000
18585460ns          319545 1c0088ba 00e006b3 add              x13, x0, x14        x13=000000d9 x14:000000d9
18585479ns          319546 1c0088bc 01800633 add              x12, x0, x24        x12=000000d9 x24:000000d9
18585499ns          319547 1c0088be 4c0a0593 addi             x11, x20, 1216      x11=1c0004c0 x20:1c000000
18585519ns          319548 1c0088c2 7d4c8513 addi             x10, x25, 2004      x10=1c0007d4 x25:1c000000
18585539ns          319549 1c0088c6 00ec0963 beq              x24, x14, 18        x24:000000d9 x14:000000d9
18585599ns          319552 1c0088d8 00840413 addi             x8, x8, 8            x8=1c001088  x8:1c001080
18585619ns          319553 1c0088da 00848493 addi             x9, x9, 8            x9=1c00108c  x9:1c001084
18585639ns          319554 1c0088dc f92b92e3 bne              x23, x18, -124      x23:1c0010c8 x18:1c0010bc
18585698ns          319557 1c008860 0009a783 lw               x15, 0(x19)         x15=000000f4 x19:1c001324  PA:1c001324
18585997ns          319572 1c008864 0049268b p.lw             x13, 4(x18!)        x13=00000004 x18=1c0010c0 x18:1c0010bc  PA:1c0010bc
18586295ns          319587 1c008868 01600733 add              x14, x0, x22        x14=00000000 x22:00000000
18586315ns          319588 1c00886a 01600c33 add              x24, x0, x22        x24=00000000 x22:00000000
18586335ns          319589 1c00886c 00047703 lb               x14, x0(x8)         x14=0000004f  x8:1c001088  PA:1c001088
18586653ns          319605 1c008870 00d47c03 lb               x24, x13(x8)        x24=00000036 x13:00000004  x8:1c001088  PA:1c00108c
18586951ns          319620 1c008874 00178793 addi             x15, x15, 1         x15=000000f5 x15:000000f4
18586971ns          319621 1c008876 00044803 lbu              x16, 0(x8)          x16=0000004f  x8:1c001088  PA:1c001088
18587270ns          319636 1c00887a 0ff77713 andi             x14, x14, 255       x14=0000004f x14:0000004f
18587289ns          319637 1c00887e 00f9a023 sw               x15, 0(x19)         x15:000000f5 x19:1c001324  PA:1c001324
18587628ns          319654 1c008882 320d0893 addi             x17, x26, 800       x17=1c001320 x26:1c001000
18587647ns          319655 1c008886 4a0a8593 addi             x11, x21, 1184      x11=1c0004a0 x21:1c000000
18587667ns          319656 1c00888a 010006b3 add              x13, x0, x16        x13=0000004f x16:0000004f
18587687ns          319657 1c00888c 7d4c8513 addi             x10, x25, 2004      x10=1c0007d4 x25:1c000000
18587707ns          319658 1c008890 00e00633 add              x12, x0, x14        x12=0000004f x14:0000004f
18587727ns          319659 1c008892 0ffc7c13 andi             x24, x24, 255       x24=00000036 x24:00000036
18587747ns          319660 1c008896 01070b63 beq              x14, x16, 22        x14:0000004f x16:0000004f
18587807ns          319663 1c0088ac 0004c703 lbu              x14, 0(x9)          x14=00000036  x9:1c00108c  PA:1c00108c
18588105ns          319678 1c0088b0 00178793 addi             x15, x15, 1         x15=000000f6 x15:000000f5
18588125ns          319679 1c0088b2 00f9a023 sw               x15, 0(x19)         x15:000000f6 x19:1c001324  PA:1c001324
18588463ns          319696 1c0088b6 320d0813 addi             x16, x26, 800       x16=1c001320 x26:1c001000
18588483ns          319697 1c0088ba 00e006b3 add              x13, x0, x14        x13=00000036 x14:00000036
18588503ns          319698 1c0088bc 01800633 add              x12, x0, x24        x12=00000036 x24:00000036
18588523ns          319699 1c0088be 4c0a0593 addi             x11, x20, 1216      x11=1c0004c0 x20:1c000000
18588543ns          319700 1c0088c2 7d4c8513 addi             x10, x25, 2004      x10=1c0007d4 x25:1c000000
18588562ns          319701 1c0088c6 00ec0963 beq              x24, x14, 18        x24:00000036 x14:00000036
18588622ns          319704 1c0088d8 00840413 addi             x8, x8, 8            x8=1c001090  x8:1c001088
18588642ns          319705 1c0088da 00848493 addi             x9, x9, 8            x9=1c001094  x9:1c00108c
18588662ns          319706 1c0088dc f92b92e3 bne              x23, x18, -124      x23:1c0010c8 x18:1c0010c0
18588722ns          319709 1c008860 0009a783 lw               x15, 0(x19)         x15=000000f6 x19:1c001324  PA:1c001324
18589020ns          319724 1c008864 0049268b p.lw             x13, 4(x18!)        x13=00000004 x18=1c0010c4 x18:1c0010c0  PA:1c0010c0
18589318ns          319739 1c008868 01600733 add              x14, x0, x22        x14=00000000 x22:00000000
18589338ns          319740 1c00886a 01600c33 add              x24, x0, x22        x24=00000000 x22:00000000
18589358ns          319741 1c00886c 00047703 lb               x14, x0(x8)         x14=ffffffad  x8:1c001090  PA:1c001090
18589676ns          319757 1c008870 00d47c03 lb               x24, x13(x8)        x24=ffffffd5 x13:00000004  x8:1c001090  PA:1c001094
18589975ns          319772 1c008874 00178793 addi             x15, x15, 1         x15=000000f7 x15:000000f6
18589995ns          319773 1c008876 00044803 lbu              x16, 0(x8)          x16=000000ad  x8:1c001090  PA:1c001090
18590293ns          319788 1c00887a 0ff77713 andi             x14, x14, 255       x14=000000ad x14:ffffffad
18590313ns          319789 1c00887e 00f9a023 sw               x15, 0(x19)         x15:000000f7 x19:1c001324  PA:1c001324
18590631ns          319805 1c008882 320d0893 addi             x17, x26, 800       x17=1c001320 x26:1c001000
18590651ns          319806 1c008886 4a0a8593 addi             x11, x21, 1184      x11=1c0004a0 x21:1c000000
18590671ns          319807 1c00888a 010006b3 add              x13, x0, x16        x13=000000ad x16:000000ad
18590691ns          319808 1c00888c 7d4c8513 addi             x10, x25, 2004      x10=1c0007d4 x25:1c000000
18590711ns          319809 1c008890 00e00633 add              x12, x0, x14        x12=000000ad x14:000000ad
18590731ns          319810 1c008892 0ffc7c13 andi             x24, x24, 255       x24=000000d5 x24:ffffffd5
18590750ns          319811 1c008896 01070b63 beq              x14, x16, 22        x14:000000ad x16:000000ad
18590810ns          319814 1c0088ac 0004c703 lbu              x14, 0(x9)          x14=000000d5  x9:1c001094  PA:1c001094
18591108ns          319829 1c0088b0 00178793 addi             x15, x15, 1         x15=000000f8 x15:000000f7
18591128ns          319830 1c0088b2 00f9a023 sw               x15, 0(x19)         x15:000000f8 x19:1c001324  PA:1c001324
18591447ns          319846 1c0088b6 320d0813 addi             x16, x26, 800       x16=1c001320 x26:1c001000
18591467ns          319847 1c0088ba 00e006b3 add              x13, x0, x14        x13=000000d5 x14:000000d5
18591486ns          319848 1c0088bc 01800633 add              x12, x0, x24        x12=000000d5 x24:000000d5
18591506ns          319849 1c0088be 4c0a0593 addi             x11, x20, 1216      x11=1c0004c0 x20:1c000000
18591526ns          319850 1c0088c2 7d4c8513 addi             x10, x25, 2004      x10=1c0007d4 x25:1c000000
18591546ns          319851 1c0088c6 00ec0963 beq              x24, x14, 18        x24:000000d5 x14:000000d5
18591606ns          319854 1c0088d8 00840413 addi             x8, x8, 8            x8=1c001098  x8:1c001090
18591626ns          319855 1c0088da 00848493 addi             x9, x9, 8            x9=1c00109c  x9:1c001094
18591646ns          319856 1c0088dc f92b92e3 bne              x23, x18, -124      x23:1c0010c8 x18:1c0010c4
18591705ns          319859 1c008860 0009a783 lw               x15, 0(x19)         x15=000000f8 x19:1c001324  PA:1c001324
18592004ns          319874 1c008864 0049268b p.lw             x13, 4(x18!)        x13=00000004 x18=1c0010c8 x18:1c0010c4  PA:1c0010c4
18592302ns          319889 1c008868 01600733 add              x14, x0, x22        x14=00000000 x22:00000000
18592322ns          319890 1c00886a 01600c33 add              x24, x0, x22        x24=00000000 x22:00000000
18592342ns          319891 1c00886c 00047703 lb               x14, x0(x8)         x14=00000022  x8:1c001098  PA:1c001098
18592640ns          319906 1c008870 00d47c03 lb               x24, x13(x8)        x24=ffffffca x13:00000004  x8:1c001098  PA:1c00109c
18592938ns          319921 1c008874 00178793 addi             x15, x15, 1         x15=000000f9 x15:000000f8
18592958ns          319922 1c008876 00044803 lbu              x16, 0(x8)          x16=00000022  x8:1c001098  PA:1c001098
18593257ns          319937 1c00887a 0ff77713 andi             x14, x14, 255       x14=00000022 x14:00000022
18593277ns          319938 1c00887e 00f9a023 sw               x15, 0(x19)         x15:000000f9 x19:1c001324  PA:1c001324
18593615ns          319955 1c008882 320d0893 addi             x17, x26, 800       x17=1c001320 x26:1c001000
18593635ns          319956 1c008886 4a0a8593 addi             x11, x21, 1184      x11=1c0004a0 x21:1c000000
18593655ns          319957 1c00888a 010006b3 add              x13, x0, x16        x13=00000022 x16:00000022
18593674ns          319958 1c00888c 7d4c8513 addi             x10, x25, 2004      x10=1c0007d4 x25:1c000000
18593694ns          319959 1c008890 00e00633 add              x12, x0, x14        x12=00000022 x14:00000022
18593714ns          319960 1c008892 0ffc7c13 andi             x24, x24, 255       x24=000000ca x24:ffffffca
18593734ns          319961 1c008896 01070b63 beq              x14, x16, 22        x14:00000022 x16:00000022
18593794ns          319964 1c0088ac 0004c703 lbu              x14, 0(x9)          x14=000000ca  x9:1c00109c  PA:1c00109c
18594112ns          319980 1c0088b0 00178793 addi             x15, x15, 1         x15=000000fa x15:000000f9
18594132ns          319981 1c0088b2 00f9a023 sw               x15, 0(x19)         x15:000000fa x19:1c001324  PA:1c001324
18594450ns          319997 1c0088b6 320d0813 addi             x16, x26, 800       x16=1c001320 x26:1c001000
18594470ns          319998 1c0088ba 00e006b3 add              x13, x0, x14        x13=000000ca x14:000000ca
18594490ns          319999 1c0088bc 01800633 add              x12, x0, x24        x12=000000ca x24:000000ca
18594510ns          320000 1c0088be 4c0a0593 addi             x11, x20, 1216      x11=1c0004c0 x20:1c000000
18594530ns          320001 1c0088c2 7d4c8513 addi             x10, x25, 2004      x10=1c0007d4 x25:1c000000
18594550ns          320002 1c0088c6 00ec0963 beq              x24, x14, 18        x24:000000ca x14:000000ca
18594609ns          320005 1c0088d8 00840413 addi             x8, x8, 8            x8=1c0010a0  x8:1c001098
18594629ns          320006 1c0088da 00848493 addi             x9, x9, 8            x9=1c0010a4  x9:1c00109c
18594649ns          320007 1c0088dc f92b92e3 bne              x23, x18, -124      x23:1c0010c8 x18:1c0010c8
18594669ns          320008 1c0088e0 03c12083 lw               x1, 60(x2)           x1=1c0097f4  x2:100007a8  PA:100007e4
18594689ns          320009 1c0088e2 03812403 lw               x8, 56(x2)           x8=1c001320  x2:100007a8  PA:100007e0
18594709ns          320010 1c0088e4 03412483 lw               x9, 52(x2)           x9=xxxxxxxx  x2:100007a8  PA:100007dc
18594729ns          320011 1c0088e6 03012903 lw               x18, 48(x2)         x18=xxxxxxxx  x2:100007a8  PA:100007d8
18594748ns          320012 1c0088e8 02c12983 lw               x19, 44(x2)         x19=xxxxxxxx  x2:100007a8  PA:100007d4
18594768ns          320013 1c0088ea 02812a03 lw               x20, 40(x2)         x20=xxxxxxxx  x2:100007a8  PA:100007d0
18594788ns          320014 1c0088ec 02412a83 lw               x21, 36(x2)         x21=xxxxxxxx  x2:100007a8  PA:100007cc
18594808ns          320015 1c0088ee 02012b03 lw               x22, 32(x2)         x22=xxxxxxxx  x2:100007a8  PA:100007c8
18595146ns          320032 1c0088f0 01c12b83 lw               x23, 28(x2)         x23=xxxxxxxx  x2:100007a8  PA:100007c4
18595166ns          320033 1c0088f2 01812c03 lw               x24, 24(x2)         x24=xxxxxxxx  x2:100007a8  PA:100007c0
18595186ns          320034 1c0088f4 01412c83 lw               x25, 20(x2)         x25=xxxxxxxx  x2:100007a8  PA:100007bc
18595206ns          320035 1c0088f6 01012d03 lw               x26, 16(x2)         x26=xxxxxxxx  x2:100007a8  PA:100007b8
18595226ns          320036 1c0088f8 00c12d83 lw               x27, 12(x2)         x27=xxxxxxxx  x2:100007a8  PA:100007b4
18595246ns          320037 1c0088fa 04010113 addi             x2, x2, 64           x2=100007e8  x2:100007a8
18595266ns          320038 1c0088fc 00008067 jalr             x0, x1, 0            x1:1c0097f4
18595763ns          320063 1c0097f4 90aff0ef jal              x1, -3830            x1=1c0097f8
18595803ns          320065 1c0088fe fb010113 addi             x2, x2, -80          x2=10000798  x2:100007e8
18595823ns          320066 1c008900 03812423 sw               x24, 40(x2)         x24:xxxxxxxx  x2:10000798  PA:100007c0
18595842ns          320067 1c008902 03a12023 sw               x26, 32(x2)         x26:xxxxxxxx  x2:10000798  PA:100007b8
18595862ns          320068 1c008904 1c001c37 lui              x24, 0x1c001000     x24=1c001000
18595882ns          320069 1c008908 1c001d37 lui              x26, 0x1c001000     x26=1c001000
18595902ns          320070 1c00890c 04812423 sw               x8, 72(x2)           x8:1c001320  x2:10000798  PA:100007e0
18595922ns          320071 1c00890e 01b12e23 sw               x27, 28(x2)         x27:xxxxxxxx  x2:10000798  PA:100007b4
18596320ns          320091 1c008910 118d0413 addi             x8, x26, 280         x8=1c001118 x26:1c001000
18596360ns          320093 1c008914 1c001db7 lui              x27, 0x1c001000     x27=1c001000
18596380ns          320094 1c008918 324c0c13 addi             x24, x24, 804       x24=1c001324 x24:1c001000
18596399ns          320095 1c00891c 04912223 sw               x9, 68(x2)           x9:xxxxxxxx  x2:10000798  PA:100007dc
18596419ns          320096 1c00891e 05212023 sw               x18, 64(x2)         x18:xxxxxxxx  x2:10000798  PA:100007d8
18596857ns          320118 1c008920 00440493 addi             x9, x8, 4            x9=1c00111c  x8:1c001118
18596897ns          320120 1c008924 168d8913 addi             x18, x27, 360       x18=1c001168 x27:1c001000
18596917ns          320121 1c008928 000c2783 lw               x15, 0(x24)         x15=000000fa x24:1c001324  PA:1c001324
18597215ns          320136 1c00892c 03412c23 sw               x20, 56(x2)         x20:xxxxxxxx  x2:10000798  PA:100007d0
18597235ns          320137 1c00892e 03512a23 sw               x21, 52(x2)         x21:xxxxxxxx  x2:10000798  PA:100007cc
18597374ns          320144 1c008930 03612823 sw               x22, 48(x2)         x22:xxxxxxxx  x2:10000798  PA:100007c8
18597394ns          320145 1c008932 03712623 sw               x23, 44(x2)         x23:xxxxxxxx  x2:10000798  PA:100007c4
18597414ns          320146 1c008934 03912223 sw               x25, 36(x2)         x25:xxxxxxxx  x2:10000798  PA:100007bc
18597434ns          320147 1c008936 04112623 sw               x1, 76(x2)           x1:1c0097f8  x2:10000798  PA:100007e4
18597454ns          320148 1c008938 03312e23 sw               x19, 60(x2)         x19:xxxxxxxx  x2:10000798  PA:100007d4
18597474ns          320149 1c00893a 02890c93 addi             x25, x18, 40        x25=1c001190 x18:1c001168
18597493ns          320150 1c00893e 00900b33 add              x22, x0, x9         x22=1c00111c  x9:1c00111c
18597891ns          320170 1c008940 118d0d13 addi             x26, x26, 280       x26=1c001118 x26:1c001000
18597931ns          320172 1c008944 168d8d93 addi             x27, x27, 360       x27=1c001168 x27:1c001000
18597951ns          320173 1c008948 00000b93 addi             x23, x0, 0          x23=00000000
18597971ns          320174 1c00894a 1c001ab7 lui              x21, 0x1c001000     x21=1c001000
18598408ns          320196 1c00894e 1c000a37 lui              x20, 0x1c000000     x20=1c000000
18598448ns          320198 1c008952 004da68b p.lw             x13, 4(x27!)        x13=00000004 x27=1c00116c x27:1c001168  PA:1c001168
18598747ns          320213 1c008956 01700733 add              x14, x0, x23        x14=00000000 x23:00000000
18598766ns          320214 1c008958 01a009b3 add              x19, x0, x26        x19=1c001118 x26:1c001118
18598786ns          320215 1c00895a 01700eb3 add              x29, x0, x23        x29=00000000 x23:00000000
18598806ns          320216 1c00895c 20d9f70b p.lw             x14, x13(x19!)      x14=b11f2792 x19=1c00111c x13:00000004 x19:1c001118  PA:1c001118
18599144ns          320233 1c008960 20d9fe8b p.lw             x29, x13(x19!)      x29=8d3480d3 x19=1c001120 x13:00000004 x19:1c00111c  PA:1c00111c
18599443ns          320248 1c008964 000d2803 lw               x16, 0(x26)         x16=b11f2792 x26:1c001118  PA:1c001118
18599741ns          320263 1c008968 00178793 addi             x15, x15, 1         x15=000000fb x15:000000fa
18599761ns          320264 1c00896a 1c000537 lui              x10, 0x1c000000     x10=1c000000
18599781ns          320265 1c00896e 00fc2023 sw               x15, 0(x24)         x15:000000fb x24:1c001324  PA:1c001324
18600099ns          320281 1c008972 1d450593 addi             x11, x10, 468       x11=1c0001d4 x10:1c000000
18600119ns          320282 1c008976 320a8f13 addi             x30, x21, 800       x30=1c001320 x21:1c001000
18600139ns          320283 1c00897a 00e00633 add              x12, x0, x14        x12=b11f2792 x14:b11f2792
18600159ns          320284 1c00897c 010006b3 add              x13, x0, x16        x13=b11f2792 x16:b11f2792
18600278ns          320290 1c00897e 7d4a0513 addi             x10, x20, 2004      x10=1c0007d4 x20:1c000000
18600298ns          320291 1c008982 008d0d13 addi             x26, x26, 8         x26=1c001120 x26:1c001118
18600318ns          320292 1c008984 00e80d63 beq              x16, x14, 26        x16:b11f2792 x14:b11f2792
18600795ns          320316 1c00899e 00178793 addi             x15, x15, 1         x15=000000fc x15:000000fb
18601253ns          320339 1c0089a0 000b2703 lw               x14, 0(x22)         x14=8d3480d3 x22:1c00111c  PA:1c00111c
18601571ns          320355 1c0089a4 1c000537 lui              x10, 0x1c000000     x10=1c000000
18601591ns          320356 1c0089a8 00fc2023 sw               x15, 0(x24)         x15:000000fc x24:1c001324  PA:1c001324
18601909ns          320372 1c0089ac 1f450593 addi             x11, x10, 500       x11=1c0001f4 x10:1c000000
18601929ns          320373 1c0089b0 320a8813 addi             x16, x21, 800       x16=1c001320 x21:1c001000
18601949ns          320374 1c0089b4 01d00633 add              x12, x0, x29        x12=8d3480d3 x29:8d3480d3
18601969ns          320375 1c0089b6 00e006b3 add              x13, x0, x14        x13=8d3480d3 x14:8d3480d3
18601989ns          320376 1c0089b8 7d4a0513 addi             x10, x20, 2004      x10=1c0007d4 x20:1c000000
18602009ns          320377 1c0089bc 01d70b63 beq              x14, x29, 22        x14:8d3480d3 x29:8d3480d3
18602884ns          320421 1c0089d2 00178793 addi             x15, x15, 1         x15=000000fd x15:000000fc
18602924ns          320423 1c0089d4 1c000537 lui              x10, 0x1c000000     x10=1c000000
18602943ns          320424 1c0089d8 00fc2023 sw               x15, 0(x24)         x15:000000fd x24:1c001324  PA:1c001324
18603262ns          320440 1c0089dc 21450593 addi             x11, x10, 532       x11=1c000214 x10:1c000000
18603401ns          320447 1c0089e0 320a8713 addi             x14, x21, 800       x14=1c001320 x21:1c001000
18603441ns          320449 1c0089e4 01a006b3 add              x13, x0, x26        x13=1c001120 x26:1c001120
18603461ns          320450 1c0089e6 01300633 add              x12, x0, x19        x12=1c001120 x19:1c001120
18603481ns          320451 1c0089e8 7d4a0513 addi             x10, x20, 2004      x10=1c0007d4 x20:1c000000
18603500ns          320452 1c0089ec 01a98963 beq              x19, x26, 18        x19:1c001120 x26:1c001120
18603958ns          320475 1c0089fe 008b0b13 addi             x22, x22, 8         x22=1c001124 x22:1c00111c
18604396ns          320497 1c008a00 f5bc99e3 bne              x25, x27, -174      x25:1c001190 x27:1c00116c
18604475ns          320501 1c008952 004da68b p.lw             x13, 4(x27!)        x13=00000004 x27=1c001170 x27:1c00116c  PA:1c00116c
18604773ns          320516 1c008956 01700733 add              x14, x0, x23        x14=00000000 x23:00000000
18604793ns          320517 1c008958 01a009b3 add              x19, x0, x26        x19=1c001120 x26:1c001120
18604813ns          320518 1c00895a 01700eb3 add              x29, x0, x23        x29=00000000 x23:00000000
18604833ns          320519 1c00895c 20d9f70b p.lw             x14, x13(x19!)      x14=8f4b996f x19=1c001124 x13:00000004 x19:1c001120  PA:1c001120
18605131ns          320534 1c008960 20d9fe8b p.lw             x29, x13(x19!)      x29=25b1e1fe x19=1c001128 x13:00000004 x19:1c001124  PA:1c001124
18605430ns          320549 1c008964 000d2803 lw               x16, 0(x26)         x16=8f4b996f x26:1c001120  PA:1c001120
18605728ns          320564 1c008968 00178793 addi             x15, x15, 1         x15=000000fe x15:000000fd
18605748ns          320565 1c00896a 1c000537 lui              x10, 0x1c000000     x10=1c000000
18605768ns          320566 1c00896e 00fc2023 sw               x15, 0(x24)         x15:000000fe x24:1c001324  PA:1c001324
18606086ns          320582 1c008972 1d450593 addi             x11, x10, 468       x11=1c0001d4 x10:1c000000
18606106ns          320583 1c008976 320a8f13 addi             x30, x21, 800       x30=1c001320 x21:1c001000
18606126ns          320584 1c00897a 00e00633 add              x12, x0, x14        x12=8f4b996f x14:8f4b996f
18606146ns          320585 1c00897c 010006b3 add              x13, x0, x16        x13=8f4b996f x16:8f4b996f
18606166ns          320586 1c00897e 7d4a0513 addi             x10, x20, 2004      x10=1c0007d4 x20:1c000000
18606186ns          320587 1c008982 008d0d13 addi             x26, x26, 8         x26=1c001128 x26:1c001120
18606206ns          320588 1c008984 00e80d63 beq              x16, x14, 26        x16:8f4b996f x14:8f4b996f
18606265ns          320591 1c00899e 00178793 addi             x15, x15, 1         x15=000000ff x15:000000fe
18606285ns          320592 1c0089a0 000b2703 lw               x14, 0(x22)         x14=25b1e1fe x22:1c001124  PA:1c001124
18606583ns          320607 1c0089a4 1c000537 lui              x10, 0x1c000000     x10=1c000000
18606603ns          320608 1c0089a8 00fc2023 sw               x15, 0(x24)         x15:000000ff x24:1c001324  PA:1c001324
18606922ns          320624 1c0089ac 1f450593 addi             x11, x10, 500       x11=1c0001f4 x10:1c000000
18606942ns          320625 1c0089b0 320a8813 addi             x16, x21, 800       x16=1c001320 x21:1c001000
18606961ns          320626 1c0089b4 01d00633 add              x12, x0, x29        x12=25b1e1fe x29:25b1e1fe
18606981ns          320627 1c0089b6 00e006b3 add              x13, x0, x14        x13=25b1e1fe x14:25b1e1fe
18607001ns          320628 1c0089b8 7d4a0513 addi             x10, x20, 2004      x10=1c0007d4 x20:1c000000
18607021ns          320629 1c0089bc 01d70b63 beq              x14, x29, 22        x14:25b1e1fe x29:25b1e1fe
18607081ns          320632 1c0089d2 00178793 addi             x15, x15, 1         x15=00000100 x15:000000ff
18607101ns          320633 1c0089d4 1c000537 lui              x10, 0x1c000000     x10=1c000000
18607121ns          320634 1c0089d8 00fc2023 sw               x15, 0(x24)         x15:00000100 x24:1c001324  PA:1c001324
18607439ns          320650 1c0089dc 21450593 addi             x11, x10, 532       x11=1c000214 x10:1c000000
18607459ns          320651 1c0089e0 320a8713 addi             x14, x21, 800       x14=1c001320 x21:1c001000
18607479ns          320652 1c0089e4 01a006b3 add              x13, x0, x26        x13=1c001128 x26:1c001128
18607498ns          320653 1c0089e6 01300633 add              x12, x0, x19        x12=1c001128 x19:1c001128
18607518ns          320654 1c0089e8 7d4a0513 addi             x10, x20, 2004      x10=1c0007d4 x20:1c000000
18607538ns          320655 1c0089ec 01a98963 beq              x19, x26, 18        x19:1c001128 x26:1c001128
18607598ns          320658 1c0089fe 008b0b13 addi             x22, x22, 8         x22=1c00112c x22:1c001124
18607618ns          320659 1c008a00 f5bc99e3 bne              x25, x27, -174      x25:1c001190 x27:1c001170
18607697ns          320663 1c008952 004da68b p.lw             x13, 4(x27!)        x13=00000004 x27=1c001174 x27:1c001170  PA:1c001170
18607996ns          320678 1c008956 01700733 add              x14, x0, x23        x14=00000000 x23:00000000
18608016ns          320679 1c008958 01a009b3 add              x19, x0, x26        x19=1c001128 x26:1c001128
18608036ns          320680 1c00895a 01700eb3 add              x29, x0, x23        x29=00000000 x23:00000000
18608055ns          320681 1c00895c 20d9f70b p.lw             x14, x13(x19!)      x14=73cc4aea x19=1c00112c x13:00000004 x19:1c001128  PA:1c001128
18608354ns          320696 1c008960 20d9fe8b p.lw             x29, x13(x19!)      x29=e4cff218 x19=1c001130 x13:00000004 x19:1c00112c  PA:1c00112c
18608652ns          320711 1c008964 000d2803 lw               x16, 0(x26)         x16=73cc4aea x26:1c001128  PA:1c001128
18608950ns          320726 1c008968 00178793 addi             x15, x15, 1         x15=00000101 x15:00000100
18608970ns          320727 1c00896a 1c000537 lui              x10, 0x1c000000     x10=1c000000
18608990ns          320728 1c00896e 00fc2023 sw               x15, 0(x24)         x15:00000101 x24:1c001324  PA:1c001324
18609309ns          320744 1c008972 1d450593 addi             x11, x10, 468       x11=1c0001d4 x10:1c000000
18609328ns          320745 1c008976 320a8f13 addi             x30, x21, 800       x30=1c001320 x21:1c001000
18609348ns          320746 1c00897a 00e00633 add              x12, x0, x14        x12=73cc4aea x14:73cc4aea
18609368ns          320747 1c00897c 010006b3 add              x13, x0, x16        x13=73cc4aea x16:73cc4aea
18609388ns          320748 1c00897e 7d4a0513 addi             x10, x20, 2004      x10=1c0007d4 x20:1c000000
18609408ns          320749 1c008982 008d0d13 addi             x26, x26, 8         x26=1c001130 x26:1c001128
18609428ns          320750 1c008984 00e80d63 beq              x16, x14, 26        x16:73cc4aea x14:73cc4aea
18609488ns          320753 1c00899e 00178793 addi             x15, x15, 1         x15=00000102 x15:00000101
18609507ns          320754 1c0089a0 000b2703 lw               x14, 0(x22)         x14=e4cff218 x22:1c00112c  PA:1c00112c
18609806ns          320769 1c0089a4 1c000537 lui              x10, 0x1c000000     x10=1c000000
18609826ns          320770 1c0089a8 00fc2023 sw               x15, 0(x24)         x15:00000102 x24:1c001324  PA:1c001324
18610164ns          320787 1c0089ac 1f450593 addi             x11, x10, 500       x11=1c0001f4 x10:1c000000
18610184ns          320788 1c0089b0 320a8813 addi             x16, x21, 800       x16=1c001320 x21:1c001000
18610204ns          320789 1c0089b4 01d00633 add              x12, x0, x29        x12=e4cff218 x29:e4cff218
18610224ns          320790 1c0089b6 00e006b3 add              x13, x0, x14        x13=e4cff218 x14:e4cff218
18610243ns          320791 1c0089b8 7d4a0513 addi             x10, x20, 2004      x10=1c0007d4 x20:1c000000
18610263ns          320792 1c0089bc 01d70b63 beq              x14, x29, 22        x14:e4cff218 x29:e4cff218
18610323ns          320795 1c0089d2 00178793 addi             x15, x15, 1         x15=00000103 x15:00000102
18610343ns          320796 1c0089d4 1c000537 lui              x10, 0x1c000000     x10=1c000000
18610363ns          320797 1c0089d8 00fc2023 sw               x15, 0(x24)         x15:00000103 x24:1c001324  PA:1c001324
18610681ns          320813 1c0089dc 21450593 addi             x11, x10, 532       x11=1c000214 x10:1c000000
18610701ns          320814 1c0089e0 320a8713 addi             x14, x21, 800       x14=1c001320 x21:1c001000
18610721ns          320815 1c0089e4 01a006b3 add              x13, x0, x26        x13=1c001130 x26:1c001130
18610741ns          320816 1c0089e6 01300633 add              x12, x0, x19        x12=1c001130 x19:1c001130
18610761ns          320817 1c0089e8 7d4a0513 addi             x10, x20, 2004      x10=1c0007d4 x20:1c000000
18610780ns          320818 1c0089ec 01a98963 beq              x19, x26, 18        x19:1c001130 x26:1c001130
18610840ns          320821 1c0089fe 008b0b13 addi             x22, x22, 8         x22=1c001134 x22:1c00112c
18610860ns          320822 1c008a00 f5bc99e3 bne              x25, x27, -174      x25:1c001190 x27:1c001174
18610940ns          320826 1c008952 004da68b p.lw             x13, 4(x27!)        x13=00000004 x27=1c001178 x27:1c001174  PA:1c001174
18611238ns          320841 1c008956 01700733 add              x14, x0, x23        x14=00000000 x23:00000000
18611258ns          320842 1c008958 01a009b3 add              x19, x0, x26        x19=1c001130 x26:1c001130
18611278ns          320843 1c00895a 01700eb3 add              x29, x0, x23        x29=00000000 x23:00000000
18611298ns          320844 1c00895c 20d9f70b p.lw             x14, x13(x19!)      x14=6e08ff38 x19=1c001134 x13:00000004 x19:1c001130  PA:1c001130
18611596ns          320859 1c008960 20d9fe8b p.lw             x29, x13(x19!)      x29=1e4e5104 x19=1c001138 x13:00000004 x19:1c001134  PA:1c001134
18611894ns          320874 1c008964 000d2803 lw               x16, 0(x26)         x16=6e08ff38 x26:1c001130  PA:1c001130
18612193ns          320889 1c008968 00178793 addi             x15, x15, 1         x15=00000104 x15:00000103
18612213ns          320890 1c00896a 1c000537 lui              x10, 0x1c000000     x10=1c000000
18612232ns          320891 1c00896e 00fc2023 sw               x15, 0(x24)         x15:00000104 x24:1c001324  PA:1c001324
18612551ns          320907 1c008972 1d450593 addi             x11, x10, 468       x11=1c0001d4 x10:1c000000
18612571ns          320908 1c008976 320a8f13 addi             x30, x21, 800       x30=1c001320 x21:1c001000
18612591ns          320909 1c00897a 00e00633 add              x12, x0, x14        x12=6e08ff38 x14:6e08ff38
18612610ns          320910 1c00897c 010006b3 add              x13, x0, x16        x13=6e08ff38 x16:6e08ff38
18612630ns          320911 1c00897e 7d4a0513 addi             x10, x20, 2004      x10=1c0007d4 x20:1c000000
18612650ns          320912 1c008982 008d0d13 addi             x26, x26, 8         x26=1c001138 x26:1c001130
18612670ns          320913 1c008984 00e80d63 beq              x16, x14, 26        x16:6e08ff38 x14:6e08ff38
18612730ns          320916 1c00899e 00178793 addi             x15, x15, 1         x15=00000105 x15:00000104
18612750ns          320917 1c0089a0 000b2703 lw               x14, 0(x22)         x14=1e4e5104 x22:1c001134  PA:1c001134
18613048ns          320932 1c0089a4 1c000537 lui              x10, 0x1c000000     x10=1c000000
18613068ns          320933 1c0089a8 00fc2023 sw               x15, 0(x24)         x15:00000105 x24:1c001324  PA:1c001324
18613386ns          320949 1c0089ac 1f450593 addi             x11, x10, 500       x11=1c0001f4 x10:1c000000
18613406ns          320950 1c0089b0 320a8813 addi             x16, x21, 800       x16=1c001320 x21:1c001000
18613426ns          320951 1c0089b4 01d00633 add              x12, x0, x29        x12=1e4e5104 x29:1e4e5104
18613446ns          320952 1c0089b6 00e006b3 add              x13, x0, x14        x13=1e4e5104 x14:1e4e5104
18613466ns          320953 1c0089b8 7d4a0513 addi             x10, x20, 2004      x10=1c0007d4 x20:1c000000
18613486ns          320954 1c0089bc 01d70b63 beq              x14, x29, 22        x14:1e4e5104 x29:1e4e5104
18613545ns          320957 1c0089d2 00178793 addi             x15, x15, 1         x15=00000106 x15:00000105
18613565ns          320958 1c0089d4 1c000537 lui              x10, 0x1c000000     x10=1c000000
18613585ns          320959 1c0089d8 00fc2023 sw               x15, 0(x24)         x15:00000106 x24:1c001324  PA:1c001324
18613903ns          320975 1c0089dc 21450593 addi             x11, x10, 532       x11=1c000214 x10:1c000000
18613923ns          320976 1c0089e0 320a8713 addi             x14, x21, 800       x14=1c001320 x21:1c001000
18613943ns          320977 1c0089e4 01a006b3 add              x13, x0, x26        x13=1c001138 x26:1c001138
18613963ns          320978 1c0089e6 01300633 add              x12, x0, x19        x12=1c001138 x19:1c001138
18613983ns          320979 1c0089e8 7d4a0513 addi             x10, x20, 2004      x10=1c0007d4 x20:1c000000
18614003ns          320980 1c0089ec 01a98963 beq              x19, x26, 18        x19:1c001138 x26:1c001138
18614062ns          320983 1c0089fe 008b0b13 addi             x22, x22, 8         x22=1c00113c x22:1c001134
18614082ns          320984 1c008a00 f5bc99e3 bne              x25, x27, -174      x25:1c001190 x27:1c001178
18614162ns          320988 1c008952 004da68b p.lw             x13, 4(x27!)        x13=00000004 x27=1c00117c x27:1c001178  PA:1c001178
18614460ns          321003 1c008956 01700733 add              x14, x0, x23        x14=00000000 x23:00000000
18614480ns          321004 1c008958 01a009b3 add              x19, x0, x26        x19=1c001138 x26:1c001138
18614500ns          321005 1c00895a 01700eb3 add              x29, x0, x23        x29=00000000 x23:00000000
18614520ns          321006 1c00895c 20d9f70b p.lw             x14, x13(x19!)      x14=ca353e9a x19=1c00113c x13:00000004 x19:1c001138  PA:1c001138
18614818ns          321021 1c008960 20d9fe8b p.lw             x29, x13(x19!)      x29=ef9d2801 x19=1c001140 x13:00000004 x19:1c00113c  PA:1c00113c
18615117ns          321036 1c008964 000d2803 lw               x16, 0(x26)         x16=ca353e9a x26:1c001138  PA:1c001138
18615415ns          321051 1c008968 00178793 addi             x15, x15, 1         x15=00000107 x15:00000106
18615435ns          321052 1c00896a 1c000537 lui              x10, 0x1c000000     x10=1c000000
18615455ns          321053 1c00896e 00fc2023 sw               x15, 0(x24)         x15:00000107 x24:1c001324  PA:1c001324
18615773ns          321069 1c008972 1d450593 addi             x11, x10, 468       x11=1c0001d4 x10:1c000000
18615793ns          321070 1c008976 320a8f13 addi             x30, x21, 800       x30=1c001320 x21:1c001000
18615813ns          321071 1c00897a 00e00633 add              x12, x0, x14        x12=ca353e9a x14:ca353e9a
18615833ns          321072 1c00897c 010006b3 add              x13, x0, x16        x13=ca353e9a x16:ca353e9a
18615853ns          321073 1c00897e 7d4a0513 addi             x10, x20, 2004      x10=1c0007d4 x20:1c000000
18615872ns          321074 1c008982 008d0d13 addi             x26, x26, 8         x26=1c001140 x26:1c001138
18615892ns          321075 1c008984 00e80d63 beq              x16, x14, 26        x16:ca353e9a x14:ca353e9a
18615952ns          321078 1c00899e 00178793 addi             x15, x15, 1         x15=00000108 x15:00000107
18615972ns          321079 1c0089a0 000b2703 lw               x14, 0(x22)         x14=ef9d2801 x22:1c00113c  PA:1c00113c
18616270ns          321094 1c0089a4 1c000537 lui              x10, 0x1c000000     x10=1c000000
18616290ns          321095 1c0089a8 00fc2023 sw               x15, 0(x24)         x15:00000108 x24:1c001324  PA:1c001324
18616608ns          321111 1c0089ac 1f450593 addi             x11, x10, 500       x11=1c0001f4 x10:1c000000
18616628ns          321112 1c0089b0 320a8813 addi             x16, x21, 800       x16=1c001320 x21:1c001000
18616648ns          321113 1c0089b4 01d00633 add              x12, x0, x29        x12=ef9d2801 x29:ef9d2801
18616668ns          321114 1c0089b6 00e006b3 add              x13, x0, x14        x13=ef9d2801 x14:ef9d2801
18616688ns          321115 1c0089b8 7d4a0513 addi             x10, x20, 2004      x10=1c0007d4 x20:1c000000
18616708ns          321116 1c0089bc 01d70b63 beq              x14, x29, 22        x14:ef9d2801 x29:ef9d2801
18616768ns          321119 1c0089d2 00178793 addi             x15, x15, 1         x15=00000109 x15:00000108
18616787ns          321120 1c0089d4 1c000537 lui              x10, 0x1c000000     x10=1c000000
18616807ns          321121 1c0089d8 00fc2023 sw               x15, 0(x24)         x15:00000109 x24:1c001324  PA:1c001324
18617126ns          321137 1c0089dc 21450593 addi             x11, x10, 532       x11=1c000214 x10:1c000000
18617145ns          321138 1c0089e0 320a8713 addi             x14, x21, 800       x14=1c001320 x21:1c001000
18617165ns          321139 1c0089e4 01a006b3 add              x13, x0, x26        x13=1c001140 x26:1c001140
18617185ns          321140 1c0089e6 01300633 add              x12, x0, x19        x12=1c001140 x19:1c001140
18617205ns          321141 1c0089e8 7d4a0513 addi             x10, x20, 2004      x10=1c0007d4 x20:1c000000
18617225ns          321142 1c0089ec 01a98963 beq              x19, x26, 18        x19:1c001140 x26:1c001140
18617285ns          321145 1c0089fe 008b0b13 addi             x22, x22, 8         x22=1c001144 x22:1c00113c
18617305ns          321146 1c008a00 f5bc99e3 bne              x25, x27, -174      x25:1c001190 x27:1c00117c
18617384ns          321150 1c008952 004da68b p.lw             x13, 4(x27!)        x13=00000004 x27=1c001180 x27:1c00117c  PA:1c00117c
18617683ns          321165 1c008956 01700733 add              x14, x0, x23        x14=00000000 x23:00000000
18617702ns          321166 1c008958 01a009b3 add              x19, x0, x26        x19=1c001140 x26:1c001140
18617722ns          321167 1c00895a 01700eb3 add              x29, x0, x23        x29=00000000 x23:00000000
18617742ns          321168 1c00895c 20d9f70b p.lw             x14, x13(x19!)      x14=30c02efb x19=1c001144 x13:00000004 x19:1c001140  PA:1c001140
18618041ns          321183 1c008960 20d9fe8b p.lw             x29, x13(x19!)      x29=401a527d x19=1c001148 x13:00000004 x19:1c001144  PA:1c001144
18618339ns          321198 1c008964 000d2803 lw               x16, 0(x26)         x16=30c02efb x26:1c001140  PA:1c001140
18618637ns          321213 1c008968 00178793 addi             x15, x15, 1         x15=0000010a x15:00000109
18618657ns          321214 1c00896a 1c000537 lui              x10, 0x1c000000     x10=1c000000
18618677ns          321215 1c00896e 00fc2023 sw               x15, 0(x24)         x15:0000010a x24:1c001324  PA:1c001324
18618995ns          321231 1c008972 1d450593 addi             x11, x10, 468       x11=1c0001d4 x10:1c000000
18619015ns          321232 1c008976 320a8f13 addi             x30, x21, 800       x30=1c001320 x21:1c001000
18619035ns          321233 1c00897a 00e00633 add              x12, x0, x14        x12=30c02efb x14:30c02efb
18619055ns          321234 1c00897c 010006b3 add              x13, x0, x16        x13=30c02efb x16:30c02efb
18619075ns          321235 1c00897e 7d4a0513 addi             x10, x20, 2004      x10=1c0007d4 x20:1c000000
18619095ns          321236 1c008982 008d0d13 addi             x26, x26, 8         x26=1c001148 x26:1c001140
18619115ns          321237 1c008984 00e80d63 beq              x16, x14, 26        x16:30c02efb x14:30c02efb
18619174ns          321240 1c00899e 00178793 addi             x15, x15, 1         x15=0000010b x15:0000010a
18619194ns          321241 1c0089a0 000b2703 lw               x14, 0(x22)         x14=401a527d x22:1c001144  PA:1c001144
18619512ns          321257 1c0089a4 1c000537 lui              x10, 0x1c000000     x10=1c000000
18619532ns          321258 1c0089a8 00fc2023 sw               x15, 0(x24)         x15:0000010b x24:1c001324  PA:1c001324
18619851ns          321274 1c0089ac 1f450593 addi             x11, x10, 500       x11=1c0001f4 x10:1c000000
18619871ns          321275 1c0089b0 320a8813 addi             x16, x21, 800       x16=1c001320 x21:1c001000
18619890ns          321276 1c0089b4 01d00633 add              x12, x0, x29        x12=401a527d x29:401a527d
18619910ns          321277 1c0089b6 00e006b3 add              x13, x0, x14        x13=401a527d x14:401a527d
18619930ns          321278 1c0089b8 7d4a0513 addi             x10, x20, 2004      x10=1c0007d4 x20:1c000000
18619950ns          321279 1c0089bc 01d70b63 beq              x14, x29, 22        x14:401a527d x29:401a527d
18620010ns          321282 1c0089d2 00178793 addi             x15, x15, 1         x15=0000010c x15:0000010b
18620030ns          321283 1c0089d4 1c000537 lui              x10, 0x1c000000     x10=1c000000
18620050ns          321284 1c0089d8 00fc2023 sw               x15, 0(x24)         x15:0000010c x24:1c001324  PA:1c001324
18620368ns          321300 1c0089dc 21450593 addi             x11, x10, 532       x11=1c000214 x10:1c000000
18620388ns          321301 1c0089e0 320a8713 addi             x14, x21, 800       x14=1c001320 x21:1c001000
18620408ns          321302 1c0089e4 01a006b3 add              x13, x0, x26        x13=1c001148 x26:1c001148
18620427ns          321303 1c0089e6 01300633 add              x12, x0, x19        x12=1c001148 x19:1c001148
18620447ns          321304 1c0089e8 7d4a0513 addi             x10, x20, 2004      x10=1c0007d4 x20:1c000000
18620467ns          321305 1c0089ec 01a98963 beq              x19, x26, 18        x19:1c001148 x26:1c001148
18620527ns          321308 1c0089fe 008b0b13 addi             x22, x22, 8         x22=1c00114c x22:1c001144
18620547ns          321309 1c008a00 f5bc99e3 bne              x25, x27, -174      x25:1c001190 x27:1c001180
18620626ns          321313 1c008952 004da68b p.lw             x13, 4(x27!)        x13=00000004 x27=1c001184 x27:1c001180  PA:1c001180
18620925ns          321328 1c008956 01700733 add              x14, x0, x23        x14=00000000 x23:00000000
18620945ns          321329 1c008958 01a009b3 add              x19, x0, x26        x19=1c001148 x26:1c001148
18620965ns          321330 1c00895a 01700eb3 add              x29, x0, x23        x29=00000000 x23:00000000
18620984ns          321331 1c00895c 20d9f70b p.lw             x14, x13(x19!)      x14=bbc281fd x19=1c00114c x13:00000004 x19:1c001148  PA:1c001148
18621283ns          321346 1c008960 20d9fe8b p.lw             x29, x13(x19!)      x29=ef8c068c x19=1c001150 x13:00000004 x19:1c00114c  PA:1c00114c
18621581ns          321361 1c008964 000d2803 lw               x16, 0(x26)         x16=bbc281fd x26:1c001148  PA:1c001148
18621879ns          321376 1c008968 00178793 addi             x15, x15, 1         x15=0000010d x15:0000010c
18621899ns          321377 1c00896a 1c000537 lui              x10, 0x1c000000     x10=1c000000
18621919ns          321378 1c00896e 00fc2023 sw               x15, 0(x24)         x15:0000010d x24:1c001324  PA:1c001324
18622238ns          321394 1c008972 1d450593 addi             x11, x10, 468       x11=1c0001d4 x10:1c000000
18622257ns          321395 1c008976 320a8f13 addi             x30, x21, 800       x30=1c001320 x21:1c001000
18622277ns          321396 1c00897a 00e00633 add              x12, x0, x14        x12=bbc281fd x14:bbc281fd
18622297ns          321397 1c00897c 010006b3 add              x13, x0, x16        x13=bbc281fd x16:bbc281fd
18622317ns          321398 1c00897e 7d4a0513 addi             x10, x20, 2004      x10=1c0007d4 x20:1c000000
18622337ns          321399 1c008982 008d0d13 addi             x26, x26, 8         x26=1c001150 x26:1c001148
18622357ns          321400 1c008984 00e80d63 beq              x16, x14, 26        x16:bbc281fd x14:bbc281fd
18622417ns          321403 1c00899e 00178793 addi             x15, x15, 1         x15=0000010e x15:0000010d
18622436ns          321404 1c0089a0 000b2703 lw               x14, 0(x22)         x14=ef8c068c x22:1c00114c  PA:1c00114c
18622735ns          321419 1c0089a4 1c000537 lui              x10, 0x1c000000     x10=1c000000
18622755ns          321420 1c0089a8 00fc2023 sw               x15, 0(x24)         x15:0000010e x24:1c001324  PA:1c001324
18623073ns          321436 1c0089ac 1f450593 addi             x11, x10, 500       x11=1c0001f4 x10:1c000000
18623093ns          321437 1c0089b0 320a8813 addi             x16, x21, 800       x16=1c001320 x21:1c001000
18623113ns          321438 1c0089b4 01d00633 add              x12, x0, x29        x12=ef8c068c x29:ef8c068c
18623133ns          321439 1c0089b6 00e006b3 add              x13, x0, x14        x13=ef8c068c x14:ef8c068c
18623152ns          321440 1c0089b8 7d4a0513 addi             x10, x20, 2004      x10=1c0007d4 x20:1c000000
18623172ns          321441 1c0089bc 01d70b63 beq              x14, x29, 22        x14:ef8c068c x29:ef8c068c
18623232ns          321444 1c0089d2 00178793 addi             x15, x15, 1         x15=0000010f x15:0000010e
18623252ns          321445 1c0089d4 1c000537 lui              x10, 0x1c000000     x10=1c000000
18623272ns          321446 1c0089d8 00fc2023 sw               x15, 0(x24)         x15:0000010f x24:1c001324  PA:1c001324
18623590ns          321462 1c0089dc 21450593 addi             x11, x10, 532       x11=1c000214 x10:1c000000
18623610ns          321463 1c0089e0 320a8713 addi             x14, x21, 800       x14=1c001320 x21:1c001000
18623630ns          321464 1c0089e4 01a006b3 add              x13, x0, x26        x13=1c001150 x26:1c001150
18623650ns          321465 1c0089e6 01300633 add              x12, x0, x19        x12=1c001150 x19:1c001150
18623670ns          321466 1c0089e8 7d4a0513 addi             x10, x20, 2004      x10=1c0007d4 x20:1c000000
18623690ns          321467 1c0089ec 01a98963 beq              x19, x26, 18        x19:1c001150 x26:1c001150
18623749ns          321470 1c0089fe 008b0b13 addi             x22, x22, 8         x22=1c001154 x22:1c00114c
18623769ns          321471 1c008a00 f5bc99e3 bne              x25, x27, -174      x25:1c001190 x27:1c001184
18623849ns          321475 1c008952 004da68b p.lw             x13, 4(x27!)        x13=00000004 x27=1c001188 x27:1c001184  PA:1c001184
18624147ns          321490 1c008956 01700733 add              x14, x0, x23        x14=00000000 x23:00000000
18624167ns          321491 1c008958 01a009b3 add              x19, x0, x26        x19=1c001150 x26:1c001150
18624187ns          321492 1c00895a 01700eb3 add              x29, x0, x23        x29=00000000 x23:00000000
18624207ns          321493 1c00895c 20d9f70b p.lw             x14, x13(x19!)      x14=9bbe71e8 x19=1c001154 x13:00000004 x19:1c001150  PA:1c001150
18624505ns          321508 1c008960 20d9fe8b p.lw             x29, x13(x19!)      x29=16bff348 x19=1c001158 x13:00000004 x19:1c001154  PA:1c001154
18624823ns          321524 1c008964 000d2803 lw               x16, 0(x26)         x16=9bbe71e8 x26:1c001150  PA:1c001150
18625122ns          321539 1c008968 00178793 addi             x15, x15, 1         x15=00000110 x15:0000010f
18625142ns          321540 1c00896a 1c000537 lui              x10, 0x1c000000     x10=1c000000
18625161ns          321541 1c00896e 00fc2023 sw               x15, 0(x24)         x15:00000110 x24:1c001324  PA:1c001324
18625480ns          321557 1c008972 1d450593 addi             x11, x10, 468       x11=1c0001d4 x10:1c000000
18625500ns          321558 1c008976 320a8f13 addi             x30, x21, 800       x30=1c001320 x21:1c001000
18625519ns          321559 1c00897a 00e00633 add              x12, x0, x14        x12=9bbe71e8 x14:9bbe71e8
18625539ns          321560 1c00897c 010006b3 add              x13, x0, x16        x13=9bbe71e8 x16:9bbe71e8
18625559ns          321561 1c00897e 7d4a0513 addi             x10, x20, 2004      x10=1c0007d4 x20:1c000000
18625579ns          321562 1c008982 008d0d13 addi             x26, x26, 8         x26=1c001158 x26:1c001150
18625599ns          321563 1c008984 00e80d63 beq              x16, x14, 26        x16:9bbe71e8 x14:9bbe71e8
18625659ns          321566 1c00899e 00178793 addi             x15, x15, 1         x15=00000111 x15:00000110
18625679ns          321567 1c0089a0 000b2703 lw               x14, 0(x22)         x14=16bff348 x22:1c001154  PA:1c001154
18625977ns          321582 1c0089a4 1c000537 lui              x10, 0x1c000000     x10=1c000000
18625997ns          321583 1c0089a8 00fc2023 sw               x15, 0(x24)         x15:00000111 x24:1c001324  PA:1c001324
18626315ns          321599 1c0089ac 1f450593 addi             x11, x10, 500       x11=1c0001f4 x10:1c000000
18626335ns          321600 1c0089b0 320a8813 addi             x16, x21, 800       x16=1c001320 x21:1c001000
18626355ns          321601 1c0089b4 01d00633 add              x12, x0, x29        x12=16bff348 x29:16bff348
18626375ns          321602 1c0089b6 00e006b3 add              x13, x0, x14        x13=16bff348 x14:16bff348
18626395ns          321603 1c0089b8 7d4a0513 addi             x10, x20, 2004      x10=1c0007d4 x20:1c000000
18626415ns          321604 1c0089bc 01d70b63 beq              x14, x29, 22        x14:16bff348 x29:16bff348
18626474ns          321607 1c0089d2 00178793 addi             x15, x15, 1         x15=00000112 x15:00000111
18626494ns          321608 1c0089d4 1c000537 lui              x10, 0x1c000000     x10=1c000000
18626514ns          321609 1c0089d8 00fc2023 sw               x15, 0(x24)         x15:00000112 x24:1c001324  PA:1c001324
18626832ns          321625 1c0089dc 21450593 addi             x11, x10, 532       x11=1c000214 x10:1c000000
18626852ns          321626 1c0089e0 320a8713 addi             x14, x21, 800       x14=1c001320 x21:1c001000
18626872ns          321627 1c0089e4 01a006b3 add              x13, x0, x26        x13=1c001158 x26:1c001158
18626892ns          321628 1c0089e6 01300633 add              x12, x0, x19        x12=1c001158 x19:1c001158
18626912ns          321629 1c0089e8 7d4a0513 addi             x10, x20, 2004      x10=1c0007d4 x20:1c000000
18626932ns          321630 1c0089ec 01a98963 beq              x19, x26, 18        x19:1c001158 x26:1c001158
18626991ns          321633 1c0089fe 008b0b13 addi             x22, x22, 8         x22=1c00115c x22:1c001154
18627011ns          321634 1c008a00 f5bc99e3 bne              x25, x27, -174      x25:1c001190 x27:1c001188
18627091ns          321638 1c008952 004da68b p.lw             x13, 4(x27!)        x13=00000004 x27=1c00118c x27:1c001188  PA:1c001188
18627389ns          321653 1c008956 01700733 add              x14, x0, x23        x14=00000000 x23:00000000
18627409ns          321654 1c008958 01a009b3 add              x19, x0, x26        x19=1c001158 x26:1c001158
18627429ns          321655 1c00895a 01700eb3 add              x29, x0, x23        x29=00000000 x23:00000000
18627449ns          321656 1c00895c 20d9f70b p.lw             x14, x13(x19!)      x14=45db7e6b x19=1c00115c x13:00000004 x19:1c001158  PA:1c001158
18627747ns          321671 1c008960 20d9fe8b p.lw             x29, x13(x19!)      x29=6583cd97 x19=1c001160 x13:00000004 x19:1c00115c  PA:1c00115c
18628046ns          321686 1c008964 000d2803 lw               x16, 0(x26)         x16=45db7e6b x26:1c001158  PA:1c001158
18628344ns          321701 1c008968 00178793 addi             x15, x15, 1         x15=00000113 x15:00000112
18628364ns          321702 1c00896a 1c000537 lui              x10, 0x1c000000     x10=1c000000
18628384ns          321703 1c00896e 00fc2023 sw               x15, 0(x24)         x15:00000113 x24:1c001324  PA:1c001324
18628702ns          321719 1c008972 1d450593 addi             x11, x10, 468       x11=1c0001d4 x10:1c000000
18628722ns          321720 1c008976 320a8f13 addi             x30, x21, 800       x30=1c001320 x21:1c001000
18628742ns          321721 1c00897a 00e00633 add              x12, x0, x14        x12=45db7e6b x14:45db7e6b
18628762ns          321722 1c00897c 010006b3 add              x13, x0, x16        x13=45db7e6b x16:45db7e6b
18628782ns          321723 1c00897e 7d4a0513 addi             x10, x20, 2004      x10=1c0007d4 x20:1c000000
18628801ns          321724 1c008982 008d0d13 addi             x26, x26, 8         x26=1c001160 x26:1c001158
18628821ns          321725 1c008984 00e80d63 beq              x16, x14, 26        x16:45db7e6b x14:45db7e6b
18628881ns          321728 1c00899e 00178793 addi             x15, x15, 1         x15=00000114 x15:00000113
18628901ns          321729 1c0089a0 000b2703 lw               x14, 0(x22)         x14=6583cd97 x22:1c00115c  PA:1c00115c
18629199ns          321744 1c0089a4 1c000537 lui              x10, 0x1c000000     x10=1c000000
18629219ns          321745 1c0089a8 00fc2023 sw               x15, 0(x24)         x15:00000114 x24:1c001324  PA:1c001324
18629537ns          321761 1c0089ac 1f450593 addi             x11, x10, 500       x11=1c0001f4 x10:1c000000
18629557ns          321762 1c0089b0 320a8813 addi             x16, x21, 800       x16=1c001320 x21:1c001000
18629577ns          321763 1c0089b4 01d00633 add              x12, x0, x29        x12=6583cd97 x29:6583cd97
18629597ns          321764 1c0089b6 00e006b3 add              x13, x0, x14        x13=6583cd97 x14:6583cd97
18629617ns          321765 1c0089b8 7d4a0513 addi             x10, x20, 2004      x10=1c0007d4 x20:1c000000
18629637ns          321766 1c0089bc 01d70b63 beq              x14, x29, 22        x14:6583cd97 x29:6583cd97
18629697ns          321769 1c0089d2 00178793 addi             x15, x15, 1         x15=00000115 x15:00000114
18629716ns          321770 1c0089d4 1c000537 lui              x10, 0x1c000000     x10=1c000000
18629736ns          321771 1c0089d8 00fc2023 sw               x15, 0(x24)         x15:00000115 x24:1c001324  PA:1c001324
18630055ns          321787 1c0089dc 21450593 addi             x11, x10, 532       x11=1c000214 x10:1c000000
18630074ns          321788 1c0089e0 320a8713 addi             x14, x21, 800       x14=1c001320 x21:1c001000
18630094ns          321789 1c0089e4 01a006b3 add              x13, x0, x26        x13=1c001160 x26:1c001160
18630114ns          321790 1c0089e6 01300633 add              x12, x0, x19        x12=1c001160 x19:1c001160
18630134ns          321791 1c0089e8 7d4a0513 addi             x10, x20, 2004      x10=1c0007d4 x20:1c000000
18630154ns          321792 1c0089ec 01a98963 beq              x19, x26, 18        x19:1c001160 x26:1c001160
18630214ns          321795 1c0089fe 008b0b13 addi             x22, x22, 8         x22=1c001164 x22:1c00115c
18630234ns          321796 1c008a00 f5bc99e3 bne              x25, x27, -174      x25:1c001190 x27:1c00118c
18630313ns          321800 1c008952 004da68b p.lw             x13, 4(x27!)        x13=00000004 x27=1c001190 x27:1c00118c  PA:1c00118c
18630612ns          321815 1c008956 01700733 add              x14, x0, x23        x14=00000000 x23:00000000
18630631ns          321816 1c008958 01a009b3 add              x19, x0, x26        x19=1c001160 x26:1c001160
18630651ns          321817 1c00895a 01700eb3 add              x29, x0, x23        x29=00000000 x23:00000000
18630671ns          321818 1c00895c 20d9f70b p.lw             x14, x13(x19!)      x14=8fc82048 x19=1c001164 x13:00000004 x19:1c001160  PA:1c001160
18630970ns          321833 1c008960 20d9fe8b p.lw             x29, x13(x19!)      x29=e9ef1640 x19=1c001168 x13:00000004 x19:1c001164  PA:1c001164
18631268ns          321848 1c008964 000d2803 lw               x16, 0(x26)         x16=8fc82048 x26:1c001160  PA:1c001160
18631566ns          321863 1c008968 00178793 addi             x15, x15, 1         x15=00000116 x15:00000115
18631586ns          321864 1c00896a 1c000537 lui              x10, 0x1c000000     x10=1c000000
18631606ns          321865 1c00896e 00fc2023 sw               x15, 0(x24)         x15:00000116 x24:1c001324  PA:1c001324
18631924ns          321881 1c008972 1d450593 addi             x11, x10, 468       x11=1c0001d4 x10:1c000000
18631944ns          321882 1c008976 320a8f13 addi             x30, x21, 800       x30=1c001320 x21:1c001000
18631964ns          321883 1c00897a 00e00633 add              x12, x0, x14        x12=8fc82048 x14:8fc82048
18631984ns          321884 1c00897c 010006b3 add              x13, x0, x16        x13=8fc82048 x16:8fc82048
18632004ns          321885 1c00897e 7d4a0513 addi             x10, x20, 2004      x10=1c0007d4 x20:1c000000
18632024ns          321886 1c008982 008d0d13 addi             x26, x26, 8         x26=1c001168 x26:1c001160
18632044ns          321887 1c008984 00e80d63 beq              x16, x14, 26        x16:8fc82048 x14:8fc82048
18632103ns          321890 1c00899e 00178793 addi             x15, x15, 1         x15=00000117 x15:00000116
18632123ns          321891 1c0089a0 000b2703 lw               x14, 0(x22)         x14=e9ef1640 x22:1c001164  PA:1c001164
18632422ns          321906 1c0089a4 1c000537 lui              x10, 0x1c000000     x10=1c000000
18632441ns          321907 1c0089a8 00fc2023 sw               x15, 0(x24)         x15:00000117 x24:1c001324  PA:1c001324
18632780ns          321924 1c0089ac 1f450593 addi             x11, x10, 500       x11=1c0001f4 x10:1c000000
18632800ns          321925 1c0089b0 320a8813 addi             x16, x21, 800       x16=1c001320 x21:1c001000
18632819ns          321926 1c0089b4 01d00633 add              x12, x0, x29        x12=e9ef1640 x29:e9ef1640
18632839ns          321927 1c0089b6 00e006b3 add              x13, x0, x14        x13=e9ef1640 x14:e9ef1640
18632859ns          321928 1c0089b8 7d4a0513 addi             x10, x20, 2004      x10=1c0007d4 x20:1c000000
18632879ns          321929 1c0089bc 01d70b63 beq              x14, x29, 22        x14:e9ef1640 x29:e9ef1640
18632939ns          321932 1c0089d2 00178793 addi             x15, x15, 1         x15=00000118 x15:00000117
18632959ns          321933 1c0089d4 1c000537 lui              x10, 0x1c000000     x10=1c000000
18632979ns          321934 1c0089d8 00fc2023 sw               x15, 0(x24)         x15:00000118 x24:1c001324  PA:1c001324
18633297ns          321950 1c0089dc 21450593 addi             x11, x10, 532       x11=1c000214 x10:1c000000
18633317ns          321951 1c0089e0 320a8713 addi             x14, x21, 800       x14=1c001320 x21:1c001000
18633337ns          321952 1c0089e4 01a006b3 add              x13, x0, x26        x13=1c001168 x26:1c001168
18633356ns          321953 1c0089e6 01300633 add              x12, x0, x19        x12=1c001168 x19:1c001168
18633376ns          321954 1c0089e8 7d4a0513 addi             x10, x20, 2004      x10=1c0007d4 x20:1c000000
18633396ns          321955 1c0089ec 01a98963 beq              x19, x26, 18        x19:1c001168 x26:1c001168
18633456ns          321958 1c0089fe 008b0b13 addi             x22, x22, 8         x22=1c00116c x22:1c001164
18633476ns          321959 1c008a00 f5bc99e3 bne              x25, x27, -174      x25:1c001190 x27:1c001190
18633496ns          321960 1c008a04 00010a37 lui              x20, 0x10000        x20=00010000
18633516ns          321961 1c008a06 00900cb3 add              x25, x0, x9         x25=1c00111c  x9:1c00111c
18633535ns          321962 1c008a08 00800bb3 add              x23, x0, x8         x23=1c001118  x8:1c001118
18633555ns          321963 1c008a0a 012009b3 add              x19, x0, x18        x19=1c001168 x18:1c001168
18633575ns          321964 1c008a0c fffa0a13 addi             x20, x20, -1        x20=0000ffff x20:00010000
18633973ns          321984 1c008a0e 1c001b37 lui              x22, 0x1c001000     x22=1c001000
18634013ns          321986 1c008a12 1c000ab7 lui              x21, 0x1c000000     x21=1c000000
18634033ns          321987 1c008a16 00000713 addi             x14, x0, 0          x14=00000000
18634053ns          321988 1c008a18 0049a68b p.lw             x13, 4(x19!)        x13=00000004 x19=1c00116c x19:1c001168  PA:1c001168
18634490ns          322010 1c008a1c 01700d33 add              x26, x0, x23        x26=1c001118 x23:1c001118
18634510ns          322011 1c008a1e 00e00eb3 add              x29, x0, x14        x29=00000000 x14:00000000
18634530ns          322012 1c008a20 50dd770b p.lhu            x14, x13(x26!)      x14=00002792 x26=1c00111c x13:00000004 x26:1c001118  PA:1c001118
18634828ns          322027 1c008a24 50dd7e8b p.lhu            x29, x13(x26!)      x29=000080d3 x26=1c001120 x13:00000004 x26:1c00111c  PA:1c00111c
18635127ns          322042 1c008a28 000baf03 lw               x30, 0(x23)         x30=b11f2792 x23:1c001118  PA:1c001118
18635445ns          322058 1c008a2c 00178793 addi             x15, x15, 1         x15=00000119 x15:00000118
18635465ns          322059 1c008a2e 1c0006b7 lui              x13, 0x1c000000     x13=1c000000
18635485ns          322060 1c008a32 014f7f33 and              x30, x30, x20       x30=00002792 x30:b11f2792 x20:0000ffff
18635505ns          322061 1c008a36 00fc2023 sw               x15, 0(x24)         x15:00000119 x24:1c001324  PA:1c001324
18635823ns          322077 1c008a3a 23068593 addi             x11, x13, 560       x11=1c000230 x13:1c000000
18635962ns          322084 1c008a3e 320b0f93 addi             x31, x22, 800       x31=1c001320 x22:1c001000
18635982ns          322085 1c008a42 00e00633 add              x12, x0, x14        x12=00002792 x14:00002792
18636002ns          322086 1c008a44 7d4a8513 addi             x10, x21, 2004      x10=1c0007d4 x21:1c000000
18636022ns          322087 1c008a48 01e006b3 add              x13, x0, x30        x13=00002792 x30:00002792
18636042ns          322088 1c008a4a 008b8b93 addi             x23, x23, 8         x23=1c001120 x23:1c001118
18636062ns          322089 1c008a4c 00ef0d63 beq              x30, x14, 26        x30:00002792 x14:00002792
18636996ns          322136 1c008a66 000ca703 lw               x14, 0(x25)         x14=8d3480d3 x25:1c00111c  PA:1c00111c
18637315ns          322152 1c008a6a 00178793 addi             x15, x15, 1         x15=0000011a x15:00000119
18637335ns          322153 1c008a6c 1c000537 lui              x10, 0x1c000000     x10=1c000000
18637474ns          322160 1c008a70 01477733 and              x14, x14, x20       x14=000080d3 x14:8d3480d3 x20:0000ffff
18637514ns          322162 1c008a74 00fc2023 sw               x15, 0(x24)         x15:0000011a x24:1c001324  PA:1c001324
18637832ns          322178 1c008a78 25050593 addi             x11, x10, 592       x11=1c000250 x10:1c000000
18637852ns          322179 1c008a7c 320b0f13 addi             x30, x22, 800       x30=1c001320 x22:1c001000
18637991ns          322186 1c008a80 01d00633 add              x12, x0, x29        x12=000080d3 x29:000080d3
18638031ns          322188 1c008a82 7d4a8513 addi             x10, x21, 2004      x10=1c0007d4 x21:1c000000
18638051ns          322189 1c008a86 00e006b3 add              x13, x0, x14        x13=000080d3 x14:000080d3
18638071ns          322190 1c008a88 01d70b63 beq              x14, x29, 22        x14:000080d3 x29:000080d3
18638548ns          322214 1c008a9e 00178793 addi             x15, x15, 1         x15=0000011b x15:0000011a
18638986ns          322236 1c008aa0 1c000537 lui              x10, 0x1c000000     x10=1c000000
18639025ns          322238 1c008aa4 00fc2023 sw               x15, 0(x24)         x15:0000011b x24:1c001324  PA:1c001324
18639344ns          322254 1c008aa8 27050593 addi             x11, x10, 624       x11=1c000270 x10:1c000000
18639363ns          322255 1c008aac 320b0713 addi             x14, x22, 800       x14=1c001320 x22:1c001000
18639523ns          322263 1c008ab0 017006b3 add              x13, x0, x23        x13=1c001120 x23:1c001120
18639542ns          322264 1c008ab2 01a00633 add              x12, x0, x26        x12=1c001120 x26:1c001120
18639562ns          322265 1c008ab4 7d4a8513 addi             x10, x21, 2004      x10=1c0007d4 x21:1c000000
18639582ns          322266 1c008ab8 017d0963 beq              x26, x23, 18        x26:1c001120 x23:1c001120
18640080ns          322291 1c008aca 008c8c93 addi             x25, x25, 8         x25=1c001124 x25:1c00111c
18640099ns          322292 1c008acc f53d95e3 bne              x27, x19, -182      x27:1c001190 x19:1c00116c
18640577ns          322316 1c008a16 00000713 addi             x14, x0, 0          x14=00000000
18640597ns          322317 1c008a18 0049a68b p.lw             x13, 4(x19!)        x13=00000004 x19=1c001170 x19:1c00116c  PA:1c00116c
18640895ns          322332 1c008a1c 01700d33 add              x26, x0, x23        x26=1c001120 x23:1c001120
18640915ns          322333 1c008a1e 00e00eb3 add              x29, x0, x14        x29=00000000 x14:00000000
18640935ns          322334 1c008a20 50dd770b p.lhu            x14, x13(x26!)      x14=0000996f x26=1c001124 x13:00000004 x26:1c001120  PA:1c001120
18641253ns          322350 1c008a24 50dd7e8b p.lhu            x29, x13(x26!)      x29=0000e1fe x26=1c001128 x13:00000004 x26:1c001124  PA:1c001124
18641551ns          322365 1c008a28 000baf03 lw               x30, 0(x23)         x30=8f4b996f x23:1c001120  PA:1c001120
18641850ns          322380 1c008a2c 00178793 addi             x15, x15, 1         x15=0000011c x15:0000011b
18641870ns          322381 1c008a2e 1c0006b7 lui              x13, 0x1c000000     x13=1c000000
18641890ns          322382 1c008a32 014f7f33 and              x30, x30, x20       x30=0000996f x30:8f4b996f x20:0000ffff
18641909ns          322383 1c008a36 00fc2023 sw               x15, 0(x24)         x15:0000011c x24:1c001324  PA:1c001324
18642228ns          322399 1c008a3a 23068593 addi             x11, x13, 560       x11=1c000230 x13:1c000000
18642248ns          322400 1c008a3e 320b0f93 addi             x31, x22, 800       x31=1c001320 x22:1c001000
18642268ns          322401 1c008a42 00e00633 add              x12, x0, x14        x12=0000996f x14:0000996f
18642287ns          322402 1c008a44 7d4a8513 addi             x10, x21, 2004      x10=1c0007d4 x21:1c000000
18642307ns          322403 1c008a48 01e006b3 add              x13, x0, x30        x13=0000996f x30:0000996f
18642327ns          322404 1c008a4a 008b8b93 addi             x23, x23, 8         x23=1c001128 x23:1c001120
18642347ns          322405 1c008a4c 00ef0d63 beq              x30, x14, 26        x30:0000996f x14:0000996f
18642427ns          322409 1c008a66 000ca703 lw               x14, 0(x25)         x14=25b1e1fe x25:1c001124  PA:1c001124
18642725ns          322424 1c008a6a 00178793 addi             x15, x15, 1         x15=0000011d x15:0000011c
18642745ns          322425 1c008a6c 1c000537 lui              x10, 0x1c000000     x10=1c000000
18642765ns          322426 1c008a70 01477733 and              x14, x14, x20       x14=0000e1fe x14:25b1e1fe x20:0000ffff
18642785ns          322427 1c008a74 00fc2023 sw               x15, 0(x24)         x15:0000011d x24:1c001324  PA:1c001324
18643103ns          322443 1c008a78 25050593 addi             x11, x10, 592       x11=1c000250 x10:1c000000
18643123ns          322444 1c008a7c 320b0f13 addi             x30, x22, 800       x30=1c001320 x22:1c001000
18643143ns          322445 1c008a80 01d00633 add              x12, x0, x29        x12=0000e1fe x29:0000e1fe
18643163ns          322446 1c008a82 7d4a8513 addi             x10, x21, 2004      x10=1c0007d4 x21:1c000000
18643182ns          322447 1c008a86 00e006b3 add              x13, x0, x14        x13=0000e1fe x14:0000e1fe
18643202ns          322448 1c008a88 01d70b63 beq              x14, x29, 22        x14:0000e1fe x29:0000e1fe
18643262ns          322451 1c008a9e 00178793 addi             x15, x15, 1         x15=0000011e x15:0000011d
18643282ns          322452 1c008aa0 1c000537 lui              x10, 0x1c000000     x10=1c000000
18643302ns          322453 1c008aa4 00fc2023 sw               x15, 0(x24)         x15:0000011e x24:1c001324  PA:1c001324
18643620ns          322469 1c008aa8 27050593 addi             x11, x10, 624       x11=1c000270 x10:1c000000
18643640ns          322470 1c008aac 320b0713 addi             x14, x22, 800       x14=1c001320 x22:1c001000
18643660ns          322471 1c008ab0 017006b3 add              x13, x0, x23        x13=1c001128 x23:1c001128
18643680ns          322472 1c008ab2 01a00633 add              x12, x0, x26        x12=1c001128 x26:1c001128
18643700ns          322473 1c008ab4 7d4a8513 addi             x10, x21, 2004      x10=1c0007d4 x21:1c000000
18643720ns          322474 1c008ab8 017d0963 beq              x26, x23, 18        x26:1c001128 x23:1c001128
18643779ns          322477 1c008aca 008c8c93 addi             x25, x25, 8         x25=1c00112c x25:1c001124
18643799ns          322478 1c008acc f53d95e3 bne              x27, x19, -182      x27:1c001190 x19:1c001170
18643859ns          322481 1c008a16 00000713 addi             x14, x0, 0          x14=00000000
18643879ns          322482 1c008a18 0049a68b p.lw             x13, 4(x19!)        x13=00000004 x19=1c001174 x19:1c001170  PA:1c001170
18644177ns          322497 1c008a1c 01700d33 add              x26, x0, x23        x26=1c001128 x23:1c001128
18644197ns          322498 1c008a1e 00e00eb3 add              x29, x0, x14        x29=00000000 x14:00000000
18644217ns          322499 1c008a20 50dd770b p.lhu            x14, x13(x26!)      x14=00004aea x26=1c00112c x13:00000004 x26:1c001128  PA:1c001128
18644515ns          322514 1c008a24 50dd7e8b p.lhu            x29, x13(x26!)      x29=0000f218 x26=1c001130 x13:00000004 x26:1c00112c  PA:1c00112c
18644833ns          322530 1c008a28 000baf03 lw               x30, 0(x23)         x30=73cc4aea x23:1c001128  PA:1c001128
18645132ns          322545 1c008a2c 00178793 addi             x15, x15, 1         x15=0000011f x15:0000011e
18645152ns          322546 1c008a2e 1c0006b7 lui              x13, 0x1c000000     x13=1c000000
18645172ns          322547 1c008a32 014f7f33 and              x30, x30, x20       x30=00004aea x30:73cc4aea x20:0000ffff
18645191ns          322548 1c008a36 00fc2023 sw               x15, 0(x24)         x15:0000011f x24:1c001324  PA:1c001324
18645510ns          322564 1c008a3a 23068593 addi             x11, x13, 560       x11=1c000230 x13:1c000000
18645530ns          322565 1c008a3e 320b0f93 addi             x31, x22, 800       x31=1c001320 x22:1c001000
18645549ns          322566 1c008a42 00e00633 add              x12, x0, x14        x12=00004aea x14:00004aea
18645569ns          322567 1c008a44 7d4a8513 addi             x10, x21, 2004      x10=1c0007d4 x21:1c000000
18645589ns          322568 1c008a48 01e006b3 add              x13, x0, x30        x13=00004aea x30:00004aea
18645609ns          322569 1c008a4a 008b8b93 addi             x23, x23, 8         x23=1c001130 x23:1c001128
18645629ns          322570 1c008a4c 00ef0d63 beq              x30, x14, 26        x30:00004aea x14:00004aea
18645709ns          322574 1c008a66 000ca703 lw               x14, 0(x25)         x14=e4cff218 x25:1c00112c  PA:1c00112c
18646007ns          322589 1c008a6a 00178793 addi             x15, x15, 1         x15=00000120 x15:0000011f
18646027ns          322590 1c008a6c 1c000537 lui              x10, 0x1c000000     x10=1c000000
18646047ns          322591 1c008a70 01477733 and              x14, x14, x20       x14=0000f218 x14:e4cff218 x20:0000ffff
18646067ns          322592 1c008a74 00fc2023 sw               x15, 0(x24)         x15:00000120 x24:1c001324  PA:1c001324
18646405ns          322609 1c008a78 25050593 addi             x11, x10, 592       x11=1c000250 x10:1c000000
18646425ns          322610 1c008a7c 320b0f13 addi             x30, x22, 800       x30=1c001320 x22:1c001000
18646445ns          322611 1c008a80 01d00633 add              x12, x0, x29        x12=0000f218 x29:0000f218
18646464ns          322612 1c008a82 7d4a8513 addi             x10, x21, 2004      x10=1c0007d4 x21:1c000000
18646484ns          322613 1c008a86 00e006b3 add              x13, x0, x14        x13=0000f218 x14:0000f218
18646504ns          322614 1c008a88 01d70b63 beq              x14, x29, 22        x14:0000f218 x29:0000f218
18646564ns          322617 1c008a9e 00178793 addi             x15, x15, 1         x15=00000121 x15:00000120
18646584ns          322618 1c008aa0 1c000537 lui              x10, 0x1c000000     x10=1c000000
18646604ns          322619 1c008aa4 00fc2023 sw               x15, 0(x24)         x15:00000121 x24:1c001324  PA:1c001324
18646922ns          322635 1c008aa8 27050593 addi             x11, x10, 624       x11=1c000270 x10:1c000000
18646942ns          322636 1c008aac 320b0713 addi             x14, x22, 800       x14=1c001320 x22:1c001000
18646962ns          322637 1c008ab0 017006b3 add              x13, x0, x23        x13=1c001130 x23:1c001130
18646982ns          322638 1c008ab2 01a00633 add              x12, x0, x26        x12=1c001130 x26:1c001130
18647002ns          322639 1c008ab4 7d4a8513 addi             x10, x21, 2004      x10=1c0007d4 x21:1c000000
18647021ns          322640 1c008ab8 017d0963 beq              x26, x23, 18        x26:1c001130 x23:1c001130
18647081ns          322643 1c008aca 008c8c93 addi             x25, x25, 8         x25=1c001134 x25:1c00112c
18647101ns          322644 1c008acc f53d95e3 bne              x27, x19, -182      x27:1c001190 x19:1c001174
18647161ns          322647 1c008a16 00000713 addi             x14, x0, 0          x14=00000000
18647181ns          322648 1c008a18 0049a68b p.lw             x13, 4(x19!)        x13=00000004 x19=1c001178 x19:1c001174  PA:1c001174
18647519ns          322665 1c008a1c 01700d33 add              x26, x0, x23        x26=1c001130 x23:1c001130
18647539ns          322666 1c008a1e 00e00eb3 add              x29, x0, x14        x29=00000000 x14:00000000
18647558ns          322667 1c008a20 50dd770b p.lhu            x14, x13(x26!)      x14=0000ff38 x26=1c001134 x13:00000004 x26:1c001130  PA:1c001130
18647857ns          322682 1c008a24 50dd7e8b p.lhu            x29, x13(x26!)      x29=00005104 x26=1c001138 x13:00000004 x26:1c001134  PA:1c001134
18648155ns          322697 1c008a28 000baf03 lw               x30, 0(x23)         x30=6e08ff38 x23:1c001130  PA:1c001130
18648454ns          322712 1c008a2c 00178793 addi             x15, x15, 1         x15=00000122 x15:00000121
18648473ns          322713 1c008a2e 1c0006b7 lui              x13, 0x1c000000     x13=1c000000
18648493ns          322714 1c008a32 014f7f33 and              x30, x30, x20       x30=0000ff38 x30:6e08ff38 x20:0000ffff
18648513ns          322715 1c008a36 00fc2023 sw               x15, 0(x24)         x15:00000122 x24:1c001324  PA:1c001324
18648851ns          322732 1c008a3a 23068593 addi             x11, x13, 560       x11=1c000230 x13:1c000000
18648871ns          322733 1c008a3e 320b0f93 addi             x31, x22, 800       x31=1c001320 x22:1c001000
18648891ns          322734 1c008a42 00e00633 add              x12, x0, x14        x12=0000ff38 x14:0000ff38
18648911ns          322735 1c008a44 7d4a8513 addi             x10, x21, 2004      x10=1c0007d4 x21:1c000000
18648931ns          322736 1c008a48 01e006b3 add              x13, x0, x30        x13=0000ff38 x30:0000ff38
18648951ns          322737 1c008a4a 008b8b93 addi             x23, x23, 8         x23=1c001138 x23:1c001130
18648971ns          322738 1c008a4c 00ef0d63 beq              x30, x14, 26        x30:0000ff38 x14:0000ff38
18649050ns          322742 1c008a66 000ca703 lw               x14, 0(x25)         x14=1e4e5104 x25:1c001134  PA:1c001134
18649349ns          322757 1c008a6a 00178793 addi             x15, x15, 1         x15=00000123 x15:00000122
18649369ns          322758 1c008a6c 1c000537 lui              x10, 0x1c000000     x10=1c000000
18649388ns          322759 1c008a70 01477733 and              x14, x14, x20       x14=00005104 x14:1e4e5104 x20:0000ffff
18649408ns          322760 1c008a74 00fc2023 sw               x15, 0(x24)         x15:00000123 x24:1c001324  PA:1c001324
18649727ns          322776 1c008a78 25050593 addi             x11, x10, 592       x11=1c000250 x10:1c000000
18649746ns          322777 1c008a7c 320b0f13 addi             x30, x22, 800       x30=1c001320 x22:1c001000
18649766ns          322778 1c008a80 01d00633 add              x12, x0, x29        x12=00005104 x29:00005104
18649786ns          322779 1c008a82 7d4a8513 addi             x10, x21, 2004      x10=1c0007d4 x21:1c000000
18649806ns          322780 1c008a86 00e006b3 add              x13, x0, x14        x13=00005104 x14:00005104
18649826ns          322781 1c008a88 01d70b63 beq              x14, x29, 22        x14:00005104 x29:00005104
18649886ns          322784 1c008a9e 00178793 addi             x15, x15, 1         x15=00000124 x15:00000123
18649906ns          322785 1c008aa0 1c000537 lui              x10, 0x1c000000     x10=1c000000
18649925ns          322786 1c008aa4 00fc2023 sw               x15, 0(x24)         x15:00000124 x24:1c001324  PA:1c001324
18650244ns          322802 1c008aa8 27050593 addi             x11, x10, 624       x11=1c000270 x10:1c000000
18650264ns          322803 1c008aac 320b0713 addi             x14, x22, 800       x14=1c001320 x22:1c001000
18650283ns          322804 1c008ab0 017006b3 add              x13, x0, x23        x13=1c001138 x23:1c001138
18650303ns          322805 1c008ab2 01a00633 add              x12, x0, x26        x12=1c001138 x26:1c001138
18650323ns          322806 1c008ab4 7d4a8513 addi             x10, x21, 2004      x10=1c0007d4 x21:1c000000
18650343ns          322807 1c008ab8 017d0963 beq              x26, x23, 18        x26:1c001138 x23:1c001138
18650403ns          322810 1c008aca 008c8c93 addi             x25, x25, 8         x25=1c00113c x25:1c001134
18650423ns          322811 1c008acc f53d95e3 bne              x27, x19, -182      x27:1c001190 x19:1c001178
18650482ns          322814 1c008a16 00000713 addi             x14, x0, 0          x14=00000000
18650502ns          322815 1c008a18 0049a68b p.lw             x13, 4(x19!)        x13=00000004 x19=1c00117c x19:1c001178  PA:1c001178
18650801ns          322830 1c008a1c 01700d33 add              x26, x0, x23        x26=1c001138 x23:1c001138
18650821ns          322831 1c008a1e 00e00eb3 add              x29, x0, x14        x29=00000000 x14:00000000
18650840ns          322832 1c008a20 50dd770b p.lhu            x14, x13(x26!)      x14=00003e9a x26=1c00113c x13:00000004 x26:1c001138  PA:1c001138
18651139ns          322847 1c008a24 50dd7e8b p.lhu            x29, x13(x26!)      x29=00002801 x26=1c001140 x13:00000004 x26:1c00113c  PA:1c00113c
18651457ns          322863 1c008a28 000baf03 lw               x30, 0(x23)         x30=ca353e9a x23:1c001138  PA:1c001138
18651755ns          322878 1c008a2c 00178793 addi             x15, x15, 1         x15=00000125 x15:00000124
18651775ns          322879 1c008a2e 1c0006b7 lui              x13, 0x1c000000     x13=1c000000
18651795ns          322880 1c008a32 014f7f33 and              x30, x30, x20       x30=00003e9a x30:ca353e9a x20:0000ffff
18651815ns          322881 1c008a36 00fc2023 sw               x15, 0(x24)         x15:00000125 x24:1c001324  PA:1c001324
18652153ns          322898 1c008a3a 23068593 addi             x11, x13, 560       x11=1c000230 x13:1c000000
18652173ns          322899 1c008a3e 320b0f93 addi             x31, x22, 800       x31=1c001320 x22:1c001000
18652193ns          322900 1c008a42 00e00633 add              x12, x0, x14        x12=00003e9a x14:00003e9a
18652213ns          322901 1c008a44 7d4a8513 addi             x10, x21, 2004      x10=1c0007d4 x21:1c000000
18652233ns          322902 1c008a48 01e006b3 add              x13, x0, x30        x13=00003e9a x30:00003e9a
18652253ns          322903 1c008a4a 008b8b93 addi             x23, x23, 8         x23=1c001140 x23:1c001138
18652273ns          322904 1c008a4c 00ef0d63 beq              x30, x14, 26        x30:00003e9a x14:00003e9a
18652352ns          322908 1c008a66 000ca703 lw               x14, 0(x25)         x14=ef9d2801 x25:1c00113c  PA:1c00113c
18652650ns          322923 1c008a6a 00178793 addi             x15, x15, 1         x15=00000126 x15:00000125
18652670ns          322924 1c008a6c 1c000537 lui              x10, 0x1c000000     x10=1c000000
18652690ns          322925 1c008a70 01477733 and              x14, x14, x20       x14=00002801 x14:ef9d2801 x20:0000ffff
18652710ns          322926 1c008a74 00fc2023 sw               x15, 0(x24)         x15:00000126 x24:1c001324  PA:1c001324
18653028ns          322942 1c008a78 25050593 addi             x11, x10, 592       x11=1c000250 x10:1c000000
18653048ns          322943 1c008a7c 320b0f13 addi             x30, x22, 800       x30=1c001320 x22:1c001000
18653068ns          322944 1c008a80 01d00633 add              x12, x0, x29        x12=00002801 x29:00002801
18653088ns          322945 1c008a82 7d4a8513 addi             x10, x21, 2004      x10=1c0007d4 x21:1c000000
18653108ns          322946 1c008a86 00e006b3 add              x13, x0, x14        x13=00002801 x14:00002801
18653128ns          322947 1c008a88 01d70b63 beq              x14, x29, 22        x14:00002801 x29:00002801
18653188ns          322950 1c008a9e 00178793 addi             x15, x15, 1         x15=00000127 x15:00000126
18653207ns          322951 1c008aa0 1c000537 lui              x10, 0x1c000000     x10=1c000000
18653227ns          322952 1c008aa4 00fc2023 sw               x15, 0(x24)         x15:00000127 x24:1c001324  PA:1c001324
18653565ns          322969 1c008aa8 27050593 addi             x11, x10, 624       x11=1c000270 x10:1c000000
18653585ns          322970 1c008aac 320b0713 addi             x14, x22, 800       x14=1c001320 x22:1c001000
18653605ns          322971 1c008ab0 017006b3 add              x13, x0, x23        x13=1c001140 x23:1c001140
18653625ns          322972 1c008ab2 01a00633 add              x12, x0, x26        x12=1c001140 x26:1c001140
18653645ns          322973 1c008ab4 7d4a8513 addi             x10, x21, 2004      x10=1c0007d4 x21:1c000000
18653665ns          322974 1c008ab8 017d0963 beq              x26, x23, 18        x26:1c001140 x23:1c001140
18653725ns          322977 1c008aca 008c8c93 addi             x25, x25, 8         x25=1c001144 x25:1c00113c
18653744ns          322978 1c008acc f53d95e3 bne              x27, x19, -182      x27:1c001190 x19:1c00117c
18653804ns          322981 1c008a16 00000713 addi             x14, x0, 0          x14=00000000
18653824ns          322982 1c008a18 0049a68b p.lw             x13, 4(x19!)        x13=00000004 x19=1c001180 x19:1c00117c  PA:1c00117c
18654142ns          322998 1c008a1c 01700d33 add              x26, x0, x23        x26=1c001140 x23:1c001140
18654162ns          322999 1c008a1e 00e00eb3 add              x29, x0, x14        x29=00000000 x14:00000000
18654182ns          323000 1c008a20 50dd770b p.lhu            x14, x13(x26!)      x14=00002efb x26=1c001144 x13:00000004 x26:1c001140  PA:1c001140
18654480ns          323015 1c008a24 50dd7e8b p.lhu            x29, x13(x26!)      x29=0000527d x26=1c001148 x13:00000004 x26:1c001144  PA:1c001144
18654779ns          323030 1c008a28 000baf03 lw               x30, 0(x23)         x30=30c02efb x23:1c001140  PA:1c001140
18655077ns          323045 1c008a2c 00178793 addi             x15, x15, 1         x15=00000128 x15:00000127
18655097ns          323046 1c008a2e 1c0006b7 lui              x13, 0x1c000000     x13=1c000000
18655117ns          323047 1c008a32 014f7f33 and              x30, x30, x20       x30=00002efb x30:30c02efb x20:0000ffff
18655137ns          323048 1c008a36 00fc2023 sw               x15, 0(x24)         x15:00000128 x24:1c001324  PA:1c001324
18655495ns          323066 1c008a3a 23068593 addi             x11, x13, 560       x11=1c000230 x13:1c000000
18655515ns          323067 1c008a3e 320b0f93 addi             x31, x22, 800       x31=1c001320 x22:1c001000
18655535ns          323068 1c008a42 00e00633 add              x12, x0, x14        x12=00002efb x14:00002efb
18655555ns          323069 1c008a44 7d4a8513 addi             x10, x21, 2004      x10=1c0007d4 x21:1c000000
18655574ns          323070 1c008a48 01e006b3 add              x13, x0, x30        x13=00002efb x30:00002efb
18655594ns          323071 1c008a4a 008b8b93 addi             x23, x23, 8         x23=1c001148 x23:1c001140
18655614ns          323072 1c008a4c 00ef0d63 beq              x30, x14, 26        x30:00002efb x14:00002efb
18655694ns          323076 1c008a66 000ca703 lw               x14, 0(x25)         x14=401a527d x25:1c001144  PA:1c001144
18655992ns          323091 1c008a6a 00178793 addi             x15, x15, 1         x15=00000129 x15:00000128
18656012ns          323092 1c008a6c 1c000537 lui              x10, 0x1c000000     x10=1c000000
18656032ns          323093 1c008a70 01477733 and              x14, x14, x20       x14=0000527d x14:401a527d x20:0000ffff
18656052ns          323094 1c008a74 00fc2023 sw               x15, 0(x24)         x15:00000129 x24:1c001324  PA:1c001324
18656390ns          323111 1c008a78 25050593 addi             x11, x10, 592       x11=1c000250 x10:1c000000
18656410ns          323112 1c008a7c 320b0f13 addi             x30, x22, 800       x30=1c001320 x22:1c001000
18656430ns          323113 1c008a80 01d00633 add              x12, x0, x29        x12=0000527d x29:0000527d
18656450ns          323114 1c008a82 7d4a8513 addi             x10, x21, 2004      x10=1c0007d4 x21:1c000000
18656470ns          323115 1c008a86 00e006b3 add              x13, x0, x14        x13=0000527d x14:0000527d
18656489ns          323116 1c008a88 01d70b63 beq              x14, x29, 22        x14:0000527d x29:0000527d
18656549ns          323119 1c008a9e 00178793 addi             x15, x15, 1         x15=0000012a x15:00000129
18656569ns          323120 1c008aa0 1c000537 lui              x10, 0x1c000000     x10=1c000000
18656589ns          323121 1c008aa4 00fc2023 sw               x15, 0(x24)         x15:0000012a x24:1c001324  PA:1c001324
18656907ns          323137 1c008aa8 27050593 addi             x11, x10, 624       x11=1c000270 x10:1c000000
18656927ns          323138 1c008aac 320b0713 addi             x14, x22, 800       x14=1c001320 x22:1c001000
18656947ns          323139 1c008ab0 017006b3 add              x13, x0, x23        x13=1c001148 x23:1c001148
18656967ns          323140 1c008ab2 01a00633 add              x12, x0, x26        x12=1c001148 x26:1c001148
18656987ns          323141 1c008ab4 7d4a8513 addi             x10, x21, 2004      x10=1c0007d4 x21:1c000000
18657007ns          323142 1c008ab8 017d0963 beq              x26, x23, 18        x26:1c001148 x23:1c001148
18657066ns          323145 1c008aca 008c8c93 addi             x25, x25, 8         x25=1c00114c x25:1c001144
18657086ns          323146 1c008acc f53d95e3 bne              x27, x19, -182      x27:1c001190 x19:1c001180
18657146ns          323149 1c008a16 00000713 addi             x14, x0, 0          x14=00000000
18657166ns          323150 1c008a18 0049a68b p.lw             x13, 4(x19!)        x13=00000004 x19=1c001184 x19:1c001180  PA:1c001180
18657464ns          323165 1c008a1c 01700d33 add              x26, x0, x23        x26=1c001148 x23:1c001148
18657484ns          323166 1c008a1e 00e00eb3 add              x29, x0, x14        x29=00000000 x14:00000000
18657504ns          323167 1c008a20 50dd770b p.lhu            x14, x13(x26!)      x14=000081fd x26=1c00114c x13:00000004 x26:1c001148  PA:1c001148
18657802ns          323182 1c008a24 50dd7e8b p.lhu            x29, x13(x26!)      x29=0000068c x26=1c001150 x13:00000004 x26:1c00114c  PA:1c00114c
18658120ns          323198 1c008a28 000baf03 lw               x30, 0(x23)         x30=bbc281fd x23:1c001148  PA:1c001148
18658419ns          323213 1c008a2c 00178793 addi             x15, x15, 1         x15=0000012b x15:0000012a
18658439ns          323214 1c008a2e 1c0006b7 lui              x13, 0x1c000000     x13=1c000000
18658459ns          323215 1c008a32 014f7f33 and              x30, x30, x20       x30=000081fd x30:bbc281fd x20:0000ffff
18658478ns          323216 1c008a36 00fc2023 sw               x15, 0(x24)         x15:0000012b x24:1c001324  PA:1c001324
18658817ns          323233 1c008a3a 23068593 addi             x11, x13, 560       x11=1c000230 x13:1c000000
18658837ns          323234 1c008a3e 320b0f93 addi             x31, x22, 800       x31=1c001320 x22:1c001000
18658856ns          323235 1c008a42 00e00633 add              x12, x0, x14        x12=000081fd x14:000081fd
18658876ns          323236 1c008a44 7d4a8513 addi             x10, x21, 2004      x10=1c0007d4 x21:1c000000
18658896ns          323237 1c008a48 01e006b3 add              x13, x0, x30        x13=000081fd x30:000081fd
18658916ns          323238 1c008a4a 008b8b93 addi             x23, x23, 8         x23=1c001150 x23:1c001148
18658936ns          323239 1c008a4c 00ef0d63 beq              x30, x14, 26        x30:000081fd x14:000081fd
18659016ns          323243 1c008a66 000ca703 lw               x14, 0(x25)         x14=ef8c068c x25:1c00114c  PA:1c00114c
18659314ns          323258 1c008a6a 00178793 addi             x15, x15, 1         x15=0000012c x15:0000012b
18659334ns          323259 1c008a6c 1c000537 lui              x10, 0x1c000000     x10=1c000000
18659354ns          323260 1c008a70 01477733 and              x14, x14, x20       x14=0000068c x14:ef8c068c x20:0000ffff
18659374ns          323261 1c008a74 00fc2023 sw               x15, 0(x24)         x15:0000012c x24:1c001324  PA:1c001324
18659692ns          323277 1c008a78 25050593 addi             x11, x10, 592       x11=1c000250 x10:1c000000
18659712ns          323278 1c008a7c 320b0f13 addi             x30, x22, 800       x30=1c001320 x22:1c001000
18659732ns          323279 1c008a80 01d00633 add              x12, x0, x29        x12=0000068c x29:0000068c
18659751ns          323280 1c008a82 7d4a8513 addi             x10, x21, 2004      x10=1c0007d4 x21:1c000000
18659771ns          323281 1c008a86 00e006b3 add              x13, x0, x14        x13=0000068c x14:0000068c
18659791ns          323282 1c008a88 01d70b63 beq              x14, x29, 22        x14:0000068c x29:0000068c
18659851ns          323285 1c008a9e 00178793 addi             x15, x15, 1         x15=0000012d x15:0000012c
18659871ns          323286 1c008aa0 1c000537 lui              x10, 0x1c000000     x10=1c000000
18659891ns          323287 1c008aa4 00fc2023 sw               x15, 0(x24)         x15:0000012d x24:1c001324  PA:1c001324
18660229ns          323304 1c008aa8 27050593 addi             x11, x10, 624       x11=1c000270 x10:1c000000
18660249ns          323305 1c008aac 320b0713 addi             x14, x22, 800       x14=1c001320 x22:1c001000
18660269ns          323306 1c008ab0 017006b3 add              x13, x0, x23        x13=1c001150 x23:1c001150
18660289ns          323307 1c008ab2 01a00633 add              x12, x0, x26        x12=1c001150 x26:1c001150
18660308ns          323308 1c008ab4 7d4a8513 addi             x10, x21, 2004      x10=1c0007d4 x21:1c000000
18660328ns          323309 1c008ab8 017d0963 beq              x26, x23, 18        x26:1c001150 x23:1c001150
18660388ns          323312 1c008aca 008c8c93 addi             x25, x25, 8         x25=1c001154 x25:1c00114c
18660408ns          323313 1c008acc f53d95e3 bne              x27, x19, -182      x27:1c001190 x19:1c001184
18660468ns          323316 1c008a16 00000713 addi             x14, x0, 0          x14=00000000
18660487ns          323317 1c008a18 0049a68b p.lw             x13, 4(x19!)        x13=00000004 x19=1c001188 x19:1c001184  PA:1c001184
18660806ns          323333 1c008a1c 01700d33 add              x26, x0, x23        x26=1c001150 x23:1c001150
18660826ns          323334 1c008a1e 00e00eb3 add              x29, x0, x14        x29=00000000 x14:00000000
18660845ns          323335 1c008a20 50dd770b p.lhu            x14, x13(x26!)      x14=000071e8 x26=1c001154 x13:00000004 x26:1c001150  PA:1c001150
18661144ns          323350 1c008a24 50dd7e8b p.lhu            x29, x13(x26!)      x29=0000f348 x26=1c001158 x13:00000004 x26:1c001154  PA:1c001154
18661442ns          323365 1c008a28 000baf03 lw               x30, 0(x23)         x30=9bbe71e8 x23:1c001150  PA:1c001150
18661741ns          323380 1c008a2c 00178793 addi             x15, x15, 1         x15=0000012e x15:0000012d
18661760ns          323381 1c008a2e 1c0006b7 lui              x13, 0x1c000000     x13=1c000000
18661780ns          323382 1c008a32 014f7f33 and              x30, x30, x20       x30=000071e8 x30:9bbe71e8 x20:0000ffff
18661800ns          323383 1c008a36 00fc2023 sw               x15, 0(x24)         x15:0000012e x24:1c001324  PA:1c001324
18662158ns          323401 1c008a3a 23068593 addi             x11, x13, 560       x11=1c000230 x13:1c000000
18662178ns          323402 1c008a3e 320b0f93 addi             x31, x22, 800       x31=1c001320 x22:1c001000
18662198ns          323403 1c008a42 00e00633 add              x12, x0, x14        x12=000071e8 x14:000071e8
18662218ns          323404 1c008a44 7d4a8513 addi             x10, x21, 2004      x10=1c0007d4 x21:1c000000
18662238ns          323405 1c008a48 01e006b3 add              x13, x0, x30        x13=000071e8 x30:000071e8
18662258ns          323406 1c008a4a 008b8b93 addi             x23, x23, 8         x23=1c001158 x23:1c001150
18662278ns          323407 1c008a4c 00ef0d63 beq              x30, x14, 26        x30:000071e8 x14:000071e8
18662357ns          323411 1c008a66 000ca703 lw               x14, 0(x25)         x14=16bff348 x25:1c001154  PA:1c001154
18662656ns          323426 1c008a6a 00178793 addi             x15, x15, 1         x15=0000012f x15:0000012e
18662675ns          323427 1c008a6c 1c000537 lui              x10, 0x1c000000     x10=1c000000
18662695ns          323428 1c008a70 01477733 and              x14, x14, x20       x14=0000f348 x14:16bff348 x20:0000ffff
18662715ns          323429 1c008a74 00fc2023 sw               x15, 0(x24)         x15:0000012f x24:1c001324  PA:1c001324
18663053ns          323446 1c008a78 25050593 addi             x11, x10, 592       x11=1c000250 x10:1c000000
18663073ns          323447 1c008a7c 320b0f13 addi             x30, x22, 800       x30=1c001320 x22:1c001000
18663093ns          323448 1c008a80 01d00633 add              x12, x0, x29        x12=0000f348 x29:0000f348
18663113ns          323449 1c008a82 7d4a8513 addi             x10, x21, 2004      x10=1c0007d4 x21:1c000000
18663133ns          323450 1c008a86 00e006b3 add              x13, x0, x14        x13=0000f348 x14:0000f348
18663153ns          323451 1c008a88 01d70b63 beq              x14, x29, 22        x14:0000f348 x29:0000f348
18663212ns          323454 1c008a9e 00178793 addi             x15, x15, 1         x15=00000130 x15:0000012f
18663232ns          323455 1c008aa0 1c000537 lui              x10, 0x1c000000     x10=1c000000
18663252ns          323456 1c008aa4 00fc2023 sw               x15, 0(x24)         x15:00000130 x24:1c001324  PA:1c001324
18663570ns          323472 1c008aa8 27050593 addi             x11, x10, 624       x11=1c000270 x10:1c000000
18663590ns          323473 1c008aac 320b0713 addi             x14, x22, 800       x14=1c001320 x22:1c001000
18663610ns          323474 1c008ab0 017006b3 add              x13, x0, x23        x13=1c001158 x23:1c001158
18663630ns          323475 1c008ab2 01a00633 add              x12, x0, x26        x12=1c001158 x26:1c001158
18663650ns          323476 1c008ab4 7d4a8513 addi             x10, x21, 2004      x10=1c0007d4 x21:1c000000
18663670ns          323477 1c008ab8 017d0963 beq              x26, x23, 18        x26:1c001158 x23:1c001158
18663730ns          323480 1c008aca 008c8c93 addi             x25, x25, 8         x25=1c00115c x25:1c001154
18663750ns          323481 1c008acc f53d95e3 bne              x27, x19, -182      x27:1c001190 x19:1c001188
18663809ns          323484 1c008a16 00000713 addi             x14, x0, 0          x14=00000000
18663829ns          323485 1c008a18 0049a68b p.lw             x13, 4(x19!)        x13=00000004 x19=1c00118c x19:1c001188  PA:1c001188
18664127ns          323500 1c008a1c 01700d33 add              x26, x0, x23        x26=1c001158 x23:1c001158
18664147ns          323501 1c008a1e 00e00eb3 add              x29, x0, x14        x29=00000000 x14:00000000
18664167ns          323502 1c008a20 50dd770b p.lhu            x14, x13(x26!)      x14=00007e6b x26=1c00115c x13:00000004 x26:1c001158  PA:1c001158
18664466ns          323517 1c008a24 50dd7e8b p.lhu            x29, x13(x26!)      x29=0000cd97 x26=1c001160 x13:00000004 x26:1c00115c  PA:1c00115c
18664784ns          323533 1c008a28 000baf03 lw               x30, 0(x23)         x30=45db7e6b x23:1c001158  PA:1c001158
18665082ns          323548 1c008a2c 00178793 addi             x15, x15, 1         x15=00000131 x15:00000130
18665102ns          323549 1c008a2e 1c0006b7 lui              x13, 0x1c000000     x13=1c000000
18665122ns          323550 1c008a32 014f7f33 and              x30, x30, x20       x30=00007e6b x30:45db7e6b x20:0000ffff
18665142ns          323551 1c008a36 00fc2023 sw               x15, 0(x24)         x15:00000131 x24:1c001324  PA:1c001324
18665480ns          323568 1c008a3a 23068593 addi             x11, x13, 560       x11=1c000230 x13:1c000000
18665500ns          323569 1c008a3e 320b0f93 addi             x31, x22, 800       x31=1c001320 x22:1c001000
18665520ns          323570 1c008a42 00e00633 add              x12, x0, x14        x12=00007e6b x14:00007e6b
18665540ns          323571 1c008a44 7d4a8513 addi             x10, x21, 2004      x10=1c0007d4 x21:1c000000
18665560ns          323572 1c008a48 01e006b3 add              x13, x0, x30        x13=00007e6b x30:00007e6b
18665579ns          323573 1c008a4a 008b8b93 addi             x23, x23, 8         x23=1c001160 x23:1c001158
18665599ns          323574 1c008a4c 00ef0d63 beq              x30, x14, 26        x30:00007e6b x14:00007e6b
18665679ns          323578 1c008a66 000ca703 lw               x14, 0(x25)         x14=6583cd97 x25:1c00115c  PA:1c00115c
18665977ns          323593 1c008a6a 00178793 addi             x15, x15, 1         x15=00000132 x15:00000131
18665997ns          323594 1c008a6c 1c000537 lui              x10, 0x1c000000     x10=1c000000
18666017ns          323595 1c008a70 01477733 and              x14, x14, x20       x14=0000cd97 x14:6583cd97 x20:0000ffff
18666037ns          323596 1c008a74 00fc2023 sw               x15, 0(x24)         x15:00000132 x24:1c001324  PA:1c001324
18666355ns          323612 1c008a78 25050593 addi             x11, x10, 592       x11=1c000250 x10:1c000000
18666375ns          323613 1c008a7c 320b0f13 addi             x30, x22, 800       x30=1c001320 x22:1c001000
18666395ns          323614 1c008a80 01d00633 add              x12, x0, x29        x12=0000cd97 x29:0000cd97
18666415ns          323615 1c008a82 7d4a8513 addi             x10, x21, 2004      x10=1c0007d4 x21:1c000000
18666435ns          323616 1c008a86 00e006b3 add              x13, x0, x14        x13=0000cd97 x14:0000cd97
18666455ns          323617 1c008a88 01d70b63 beq              x14, x29, 22        x14:0000cd97 x29:0000cd97
18666514ns          323620 1c008a9e 00178793 addi             x15, x15, 1         x15=00000133 x15:00000132
18666534ns          323621 1c008aa0 1c000537 lui              x10, 0x1c000000     x10=1c000000
18666554ns          323622 1c008aa4 00fc2023 sw               x15, 0(x24)         x15:00000133 x24:1c001324  PA:1c001324
18666892ns          323639 1c008aa8 27050593 addi             x11, x10, 624       x11=1c000270 x10:1c000000
18666912ns          323640 1c008aac 320b0713 addi             x14, x22, 800       x14=1c001320 x22:1c001000
18666932ns          323641 1c008ab0 017006b3 add              x13, x0, x23        x13=1c001160 x23:1c001160
18666952ns          323642 1c008ab2 01a00633 add              x12, x0, x26        x12=1c001160 x26:1c001160
18666972ns          323643 1c008ab4 7d4a8513 addi             x10, x21, 2004      x10=1c0007d4 x21:1c000000
18666992ns          323644 1c008ab8 017d0963 beq              x26, x23, 18        x26:1c001160 x23:1c001160
18667051ns          323647 1c008aca 008c8c93 addi             x25, x25, 8         x25=1c001164 x25:1c00115c
18667071ns          323648 1c008acc f53d95e3 bne              x27, x19, -182      x27:1c001190 x19:1c00118c
18667131ns          323651 1c008a16 00000713 addi             x14, x0, 0          x14=00000000
18667151ns          323652 1c008a18 0049a68b p.lw             x13, 4(x19!)        x13=00000004 x19=1c001190 x19:1c00118c  PA:1c00118c
18667469ns          323668 1c008a1c 01700d33 add              x26, x0, x23        x26=1c001160 x23:1c001160
18667489ns          323669 1c008a1e 00e00eb3 add              x29, x0, x14        x29=00000000 x14:00000000
18667509ns          323670 1c008a20 50dd770b p.lhu            x14, x13(x26!)      x14=00002048 x26=1c001164 x13:00000004 x26:1c001160  PA:1c001160
18667807ns          323685 1c008a24 50dd7e8b p.lhu            x29, x13(x26!)      x29=00001640 x26=1c001168 x13:00000004 x26:1c001164  PA:1c001164
18668106ns          323700 1c008a28 000baf03 lw               x30, 0(x23)         x30=8fc82048 x23:1c001160  PA:1c001160
18668404ns          323715 1c008a2c 00178793 addi             x15, x15, 1         x15=00000134 x15:00000133
18668424ns          323716 1c008a2e 1c0006b7 lui              x13, 0x1c000000     x13=1c000000
18668444ns          323717 1c008a32 014f7f33 and              x30, x30, x20       x30=00002048 x30:8fc82048 x20:0000ffff
18668464ns          323718 1c008a36 00fc2023 sw               x15, 0(x24)         x15:00000134 x24:1c001324  PA:1c001324
18668822ns          323736 1c008a3a 23068593 addi             x11, x13, 560       x11=1c000230 x13:1c000000
18668842ns          323737 1c008a3e 320b0f93 addi             x31, x22, 800       x31=1c001320 x22:1c001000
18668861ns          323738 1c008a42 00e00633 add              x12, x0, x14        x12=00002048 x14:00002048
18668881ns          323739 1c008a44 7d4a8513 addi             x10, x21, 2004      x10=1c0007d4 x21:1c000000
18668901ns          323740 1c008a48 01e006b3 add              x13, x0, x30        x13=00002048 x30:00002048
18668921ns          323741 1c008a4a 008b8b93 addi             x23, x23, 8         x23=1c001168 x23:1c001160
18668941ns          323742 1c008a4c 00ef0d63 beq              x30, x14, 26        x30:00002048 x14:00002048
18669021ns          323746 1c008a66 000ca703 lw               x14, 0(x25)         x14=e9ef1640 x25:1c001164  PA:1c001164
18669319ns          323761 1c008a6a 00178793 addi             x15, x15, 1         x15=00000135 x15:00000134
18669339ns          323762 1c008a6c 1c000537 lui              x10, 0x1c000000     x10=1c000000
18669359ns          323763 1c008a70 01477733 and              x14, x14, x20       x14=00001640 x14:e9ef1640 x20:0000ffff
18669379ns          323764 1c008a74 00fc2023 sw               x15, 0(x24)         x15:00000135 x24:1c001324  PA:1c001324
18669717ns          323781 1c008a78 25050593 addi             x11, x10, 592       x11=1c000250 x10:1c000000
18669737ns          323782 1c008a7c 320b0f13 addi             x30, x22, 800       x30=1c001320 x22:1c001000
18669757ns          323783 1c008a80 01d00633 add              x12, x0, x29        x12=00001640 x29:00001640
18669776ns          323784 1c008a82 7d4a8513 addi             x10, x21, 2004      x10=1c0007d4 x21:1c000000
18669796ns          323785 1c008a86 00e006b3 add              x13, x0, x14        x13=00001640 x14:00001640
18669816ns          323786 1c008a88 01d70b63 beq              x14, x29, 22        x14:00001640 x29:00001640
18669876ns          323789 1c008a9e 00178793 addi             x15, x15, 1         x15=00000136 x15:00000135
18669896ns          323790 1c008aa0 1c000537 lui              x10, 0x1c000000     x10=1c000000
18669916ns          323791 1c008aa4 00fc2023 sw               x15, 0(x24)         x15:00000136 x24:1c001324  PA:1c001324
18670234ns          323807 1c008aa8 27050593 addi             x11, x10, 624       x11=1c000270 x10:1c000000
18670254ns          323808 1c008aac 320b0713 addi             x14, x22, 800       x14=1c001320 x22:1c001000
18670274ns          323809 1c008ab0 017006b3 add              x13, x0, x23        x13=1c001168 x23:1c001168
18670294ns          323810 1c008ab2 01a00633 add              x12, x0, x26        x12=1c001168 x26:1c001168
18670313ns          323811 1c008ab4 7d4a8513 addi             x10, x21, 2004      x10=1c0007d4 x21:1c000000
18670333ns          323812 1c008ab8 017d0963 beq              x26, x23, 18        x26:1c001168 x23:1c001168
18670393ns          323815 1c008aca 008c8c93 addi             x25, x25, 8         x25=1c00116c x25:1c001164
18670413ns          323816 1c008acc f53d95e3 bne              x27, x19, -182      x27:1c001190 x19:1c001190
18670433ns          323817 1c008ad0 00900bb3 add              x23, x0, x9         x23=1c00111c  x9:1c00111c
18670453ns          323818 1c008ad2 00800d33 add              x26, x0, x8         x26=1c001118  x8:1c001118
18670473ns          323819 1c008ad4 01200b33 add              x22, x0, x18        x22=1c001168 x18:1c001168
18670492ns          323820 1c008ad6 1c001ab7 lui              x21, 0x1c001000     x21=1c001000
18670512ns          323821 1c008ada 1c000a37 lui              x20, 0x1c000000     x20=1c000000
18670532ns          323822 1c008ade 00000713 addi             x14, x0, 0          x14=00000000
18670930ns          323842 1c008ae0 004b268b p.lw             x13, 4(x22!)        x13=00000004 x22=1c00116c x22:1c001168  PA:1c001168
18671248ns          323858 1c008ae4 01a00cb3 add              x25, x0, x26        x25=1c001118 x26:1c001118
18671268ns          323859 1c008ae6 00e00db3 add              x27, x0, x14        x27=00000000 x14:00000000
18671288ns          323860 1c008ae8 10dcf70b p.lh             x14, x13(x25!)      x14=00002792 x25=1c00111c x13:00000004 x25:1c001118  PA:1c001118
18671586ns          323875 1c008aec 10dcfd8b p.lh             x27, x13(x25!)      x27=ffff80d3 x25=1c001120 x13:00000004 x25:1c00111c  PA:1c00111c
18671885ns          323890 1c008af0 000d1e83 lh               x29, 0(x26)         x29=00002792 x26:1c001118  PA:1c001118
18672183ns          323905 1c008af4 00178793 addi             x15, x15, 1         x15=00000137 x15:00000136
18672203ns          323906 1c008af6 1c0006b7 lui              x13, 0x1c000000     x13=1c000000
18672223ns          323907 1c008afa 10074733 p.exths          x14, x14, x0        x14=00002792 x14:00002792
18672661ns          323929 1c008afe 00fc2023 sw               x15, 0(x24)         x15:00000137 x24:1c001324  PA:1c001324
18672999ns          323946 1c008b02 28c68593 addi             x11, x13, 652       x11=1c00028c x13:1c000000
18673019ns          323947 1c008b06 320a8f13 addi             x30, x21, 800       x30=1c001320 x21:1c001000
18673038ns          323948 1c008b0a 01d006b3 add              x13, x0, x29        x13=00002792 x29:00002792
18673058ns          323949 1c008b0c 7d4a0513 addi             x10, x20, 2004      x10=1c0007d4 x20:1c000000
18673476ns          323970 1c008b10 00e00633 add              x12, x0, x14        x12=00002792 x14:00002792
18673496ns          323971 1c008b12 008d0d13 addi             x26, x26, 8         x26=1c001120 x26:1c001118
18673516ns          323972 1c008b14 100dcdb3 p.exths          x27, x27, x0        x27=ffff80d3 x27:ffff80d3
18673536ns          323973 1c008b18 01d70b63 beq              x14, x29, 22        x14:00002792 x29:00002792
18674033ns          323998 1c008b2e 00178793 addi             x15, x15, 1         x15=00000138 x15:00000137
18674471ns          324020 1c008b30 000b9703 lh               x14, 0(x23)         x14=ffff80d3 x23:1c00111c  PA:1c00111c
18674789ns          324036 1c008b34 1c000537 lui              x10, 0x1c000000     x10=1c000000
18674809ns          324037 1c008b38 00fc2023 sw               x15, 0(x24)         x15:00000138 x24:1c001324  PA:1c001324
18675147ns          324054 1c008b3c 2ac50593 addi             x11, x10, 684       x11=1c0002ac x10:1c000000
18675167ns          324055 1c008b40 320a8e93 addi             x29, x21, 800       x29=1c001320 x21:1c001000
18675187ns          324056 1c008b44 01b00633 add              x12, x0, x27        x12=ffff80d3 x27:ffff80d3
18675207ns          324057 1c008b46 00e006b3 add              x13, x0, x14        x13=ffff80d3 x14:ffff80d3
18675226ns          324058 1c008b48 7d4a0513 addi             x10, x20, 2004      x10=1c0007d4 x20:1c000000
18675246ns          324059 1c008b4c 00ed8b63 beq              x27, x14, 22        x27:ffff80d3 x14:ffff80d3
18676122ns          324103 1c008b62 00178793 addi             x15, x15, 1         x15=00000139 x15:00000138
18676161ns          324105 1c008b64 1c000537 lui              x10, 0x1c000000     x10=1c000000
18676181ns          324106 1c008b68 00fc2023 sw               x15, 0(x24)         x15:00000139 x24:1c001324  PA:1c001324
18676499ns          324122 1c008b6c 2cc50593 addi             x11, x10, 716       x11=1c0002cc x10:1c000000
18676639ns          324129 1c008b70 320a8713 addi             x14, x21, 800       x14=1c001320 x21:1c001000
18676679ns          324131 1c008b74 01a006b3 add              x13, x0, x26        x13=1c001120 x26:1c001120
18676698ns          324132 1c008b76 01900633 add              x12, x0, x25        x12=1c001120 x25:1c001120
18676718ns          324133 1c008b78 7d4a0513 addi             x10, x20, 2004      x10=1c0007d4 x20:1c000000
18676738ns          324134 1c008b7c 01ac8963 beq              x25, x26, 18        x25:1c001120 x26:1c001120
18677196ns          324157 1c008b8e 008b8b93 addi             x23, x23, 8         x23=1c001124 x23:1c00111c
18677633ns          324179 1c008b90 f56997e3 bne              x19, x22, -178      x19:1c001190 x22:1c00116c
18677733ns          324184 1c008ade 00000713 addi             x14, x0, 0          x14=00000000
18677812ns          324188 1c008ae0 004b268b p.lw             x13, 4(x22!)        x13=00000004 x22=1c001170 x22:1c00116c  PA:1c00116c
18678150ns          324205 1c008ae4 01a00cb3 add              x25, x0, x26        x25=1c001120 x26:1c001120
18678170ns          324206 1c008ae6 00e00db3 add              x27, x0, x14        x27=00000000 x14:00000000
18678190ns          324207 1c008ae8 10dcf70b p.lh             x14, x13(x25!)      x14=ffff996f x25=1c001124 x13:00000004 x25:1c001120  PA:1c001120
18678508ns          324223 1c008aec 10dcfd8b p.lh             x27, x13(x25!)      x27=ffffe1fe x25=1c001128 x13:00000004 x25:1c001124  PA:1c001124
18678807ns          324238 1c008af0 000d1e83 lh               x29, 0(x26)         x29=ffff996f x26:1c001120  PA:1c001120
18679105ns          324253 1c008af4 00178793 addi             x15, x15, 1         x15=0000013a x15:00000139
18679125ns          324254 1c008af6 1c0006b7 lui              x13, 0x1c000000     x13=1c000000
18679145ns          324255 1c008afa 10074733 p.exths          x14, x14, x0        x14=ffff996f x14:ffff996f
18679205ns          324258 1c008afe 00fc2023 sw               x15, 0(x24)         x15:0000013a x24:1c001324  PA:1c001324
18679543ns          324275 1c008b02 28c68593 addi             x11, x13, 652       x11=1c00028c x13:1c000000
18679563ns          324276 1c008b06 320a8f13 addi             x30, x21, 800       x30=1c001320 x21:1c001000
18679583ns          324277 1c008b0a 01d006b3 add              x13, x0, x29        x13=ffff996f x29:ffff996f
18679602ns          324278 1c008b0c 7d4a0513 addi             x10, x20, 2004      x10=1c0007d4 x20:1c000000
18679622ns          324279 1c008b10 00e00633 add              x12, x0, x14        x12=ffff996f x14:ffff996f
18679642ns          324280 1c008b12 008d0d13 addi             x26, x26, 8         x26=1c001128 x26:1c001120
18679662ns          324281 1c008b14 100dcdb3 p.exths          x27, x27, x0        x27=ffffe1fe x27:ffffe1fe
18679682ns          324282 1c008b18 01d70b63 beq              x14, x29, 22        x14:ffff996f x29:ffff996f
18679742ns          324285 1c008b2e 00178793 addi             x15, x15, 1         x15=0000013b x15:0000013a
18679762ns          324286 1c008b30 000b9703 lh               x14, 0(x23)         x14=ffffe1fe x23:1c001124  PA:1c001124
18680060ns          324301 1c008b34 1c000537 lui              x10, 0x1c000000     x10=1c000000
18680080ns          324302 1c008b38 00fc2023 sw               x15, 0(x24)         x15:0000013b x24:1c001324  PA:1c001324
18680418ns          324319 1c008b3c 2ac50593 addi             x11, x10, 684       x11=1c0002ac x10:1c000000
18680438ns          324320 1c008b40 320a8e93 addi             x29, x21, 800       x29=1c001320 x21:1c001000
18680458ns          324321 1c008b44 01b00633 add              x12, x0, x27        x12=ffffe1fe x27:ffffe1fe
18680478ns          324322 1c008b46 00e006b3 add              x13, x0, x14        x13=ffffe1fe x14:ffffe1fe
18680498ns          324323 1c008b48 7d4a0513 addi             x10, x20, 2004      x10=1c0007d4 x20:1c000000
18680517ns          324324 1c008b4c 00ed8b63 beq              x27, x14, 22        x27:ffffe1fe x14:ffffe1fe
18680577ns          324327 1c008b62 00178793 addi             x15, x15, 1         x15=0000013c x15:0000013b
18680597ns          324328 1c008b64 1c000537 lui              x10, 0x1c000000     x10=1c000000
18680617ns          324329 1c008b68 00fc2023 sw               x15, 0(x24)         x15:0000013c x24:1c001324  PA:1c001324
18680935ns          324345 1c008b6c 2cc50593 addi             x11, x10, 716       x11=1c0002cc x10:1c000000
18680955ns          324346 1c008b70 320a8713 addi             x14, x21, 800       x14=1c001320 x21:1c001000
18680975ns          324347 1c008b74 01a006b3 add              x13, x0, x26        x13=1c001128 x26:1c001128
18680995ns          324348 1c008b76 01900633 add              x12, x0, x25        x12=1c001128 x25:1c001128
18681015ns          324349 1c008b78 7d4a0513 addi             x10, x20, 2004      x10=1c0007d4 x20:1c000000
18681035ns          324350 1c008b7c 01ac8963 beq              x25, x26, 18        x25:1c001128 x26:1c001128
18681094ns          324353 1c008b8e 008b8b93 addi             x23, x23, 8         x23=1c00112c x23:1c001124
18681114ns          324354 1c008b90 f56997e3 bne              x19, x22, -178      x19:1c001190 x22:1c001170
18681174ns          324357 1c008ade 00000713 addi             x14, x0, 0          x14=00000000
18681194ns          324358 1c008ae0 004b268b p.lw             x13, 4(x22!)        x13=00000004 x22=1c001174 x22:1c001170  PA:1c001170
18681492ns          324373 1c008ae4 01a00cb3 add              x25, x0, x26        x25=1c001128 x26:1c001128
18681512ns          324374 1c008ae6 00e00db3 add              x27, x0, x14        x27=00000000 x14:00000000
18681532ns          324375 1c008ae8 10dcf70b p.lh             x14, x13(x25!)      x14=00004aea x25=1c00112c x13:00000004 x25:1c001128  PA:1c001128
18681830ns          324390 1c008aec 10dcfd8b p.lh             x27, x13(x25!)      x27=fffff218 x25=1c001130 x13:00000004 x25:1c00112c  PA:1c00112c
18682148ns          324406 1c008af0 000d1e83 lh               x29, 0(x26)         x29=00004aea x26:1c001128  PA:1c001128
18682447ns          324421 1c008af4 00178793 addi             x15, x15, 1         x15=0000013d x15:0000013c
18682467ns          324422 1c008af6 1c0006b7 lui              x13, 0x1c000000     x13=1c000000
18682487ns          324423 1c008afa 10074733 p.exths          x14, x14, x0        x14=00004aea x14:00004aea
18682506ns          324424 1c008afe 00fc2023 sw               x15, 0(x24)         x15:0000013d x24:1c001324  PA:1c001324
18682845ns          324441 1c008b02 28c68593 addi             x11, x13, 652       x11=1c00028c x13:1c000000
18682865ns          324442 1c008b06 320a8f13 addi             x30, x21, 800       x30=1c001320 x21:1c001000
18682884ns          324443 1c008b0a 01d006b3 add              x13, x0, x29        x13=00004aea x29:00004aea
18682904ns          324444 1c008b0c 7d4a0513 addi             x10, x20, 2004      x10=1c0007d4 x20:1c000000
18682924ns          324445 1c008b10 00e00633 add              x12, x0, x14        x12=00004aea x14:00004aea
18682944ns          324446 1c008b12 008d0d13 addi             x26, x26, 8         x26=1c001130 x26:1c001128
18682964ns          324447 1c008b14 100dcdb3 p.exths          x27, x27, x0        x27=fffff218 x27:fffff218
18682984ns          324448 1c008b18 01d70b63 beq              x14, x29, 22        x14:00004aea x29:00004aea
18683044ns          324451 1c008b2e 00178793 addi             x15, x15, 1         x15=0000013e x15:0000013d
18683063ns          324452 1c008b30 000b9703 lh               x14, 0(x23)         x14=fffff218 x23:1c00112c  PA:1c00112c
18683382ns          324468 1c008b34 1c000537 lui              x10, 0x1c000000     x10=1c000000
18683402ns          324469 1c008b38 00fc2023 sw               x15, 0(x24)         x15:0000013e x24:1c001324  PA:1c001324
18683720ns          324485 1c008b3c 2ac50593 addi             x11, x10, 684       x11=1c0002ac x10:1c000000
18683740ns          324486 1c008b40 320a8e93 addi             x29, x21, 800       x29=1c001320 x21:1c001000
18683760ns          324487 1c008b44 01b00633 add              x12, x0, x27        x12=fffff218 x27:fffff218
18683780ns          324488 1c008b46 00e006b3 add              x13, x0, x14        x13=fffff218 x14:fffff218
18683799ns          324489 1c008b48 7d4a0513 addi             x10, x20, 2004      x10=1c0007d4 x20:1c000000
18683819ns          324490 1c008b4c 00ed8b63 beq              x27, x14, 22        x27:fffff218 x14:fffff218
18683879ns          324493 1c008b62 00178793 addi             x15, x15, 1         x15=0000013f x15:0000013e
18683899ns          324494 1c008b64 1c000537 lui              x10, 0x1c000000     x10=1c000000
18683919ns          324495 1c008b68 00fc2023 sw               x15, 0(x24)         x15:0000013f x24:1c001324  PA:1c001324
18684257ns          324512 1c008b6c 2cc50593 addi             x11, x10, 716       x11=1c0002cc x10:1c000000
18684277ns          324513 1c008b70 320a8713 addi             x14, x21, 800       x14=1c001320 x21:1c001000
18684297ns          324514 1c008b74 01a006b3 add              x13, x0, x26        x13=1c001130 x26:1c001130
18684317ns          324515 1c008b76 01900633 add              x12, x0, x25        x12=1c001130 x25:1c001130
18684336ns          324516 1c008b78 7d4a0513 addi             x10, x20, 2004      x10=1c0007d4 x20:1c000000
18684356ns          324517 1c008b7c 01ac8963 beq              x25, x26, 18        x25:1c001130 x26:1c001130
18684416ns          324520 1c008b8e 008b8b93 addi             x23, x23, 8         x23=1c001134 x23:1c00112c
18684436ns          324521 1c008b90 f56997e3 bne              x19, x22, -178      x19:1c001190 x22:1c001174
18684496ns          324524 1c008ade 00000713 addi             x14, x0, 0          x14=00000000
18684515ns          324525 1c008ae0 004b268b p.lw             x13, 4(x22!)        x13=00000004 x22=1c001178 x22:1c001174  PA:1c001174
18684814ns          324540 1c008ae4 01a00cb3 add              x25, x0, x26        x25=1c001130 x26:1c001130
18684834ns          324541 1c008ae6 00e00db3 add              x27, x0, x14        x27=00000000 x14:00000000
18684854ns          324542 1c008ae8 10dcf70b p.lh             x14, x13(x25!)      x14=ffffff38 x25=1c001134 x13:00000004 x25:1c001130  PA:1c001130
18685172ns          324558 1c008aec 10dcfd8b p.lh             x27, x13(x25!)      x27=00005104 x25=1c001138 x13:00000004 x25:1c001134  PA:1c001134
18685470ns          324573 1c008af0 000d1e83 lh               x29, 0(x26)         x29=ffffff38 x26:1c001130  PA:1c001130
18685769ns          324588 1c008af4 00178793 addi             x15, x15, 1         x15=00000140 x15:0000013f
18685788ns          324589 1c008af6 1c0006b7 lui              x13, 0x1c000000     x13=1c000000
18685808ns          324590 1c008afa 10074733 p.exths          x14, x14, x0        x14=ffffff38 x14:ffffff38
18685828ns          324591 1c008afe 00fc2023 sw               x15, 0(x24)         x15:00000140 x24:1c001324  PA:1c001324
18686147ns          324607 1c008b02 28c68593 addi             x11, x13, 652       x11=1c00028c x13:1c000000
18686166ns          324608 1c008b06 320a8f13 addi             x30, x21, 800       x30=1c001320 x21:1c001000
18686186ns          324609 1c008b0a 01d006b3 add              x13, x0, x29        x13=ffffff38 x29:ffffff38
18686206ns          324610 1c008b0c 7d4a0513 addi             x10, x20, 2004      x10=1c0007d4 x20:1c000000
18686226ns          324611 1c008b10 00e00633 add              x12, x0, x14        x12=ffffff38 x14:ffffff38
18686246ns          324612 1c008b12 008d0d13 addi             x26, x26, 8         x26=1c001138 x26:1c001130
18686266ns          324613 1c008b14 100dcdb3 p.exths          x27, x27, x0        x27=00005104 x27:00005104
18686286ns          324614 1c008b18 01d70b63 beq              x14, x29, 22        x14:ffffff38 x29:ffffff38
18686345ns          324617 1c008b2e 00178793 addi             x15, x15, 1         x15=00000141 x15:00000140
18686365ns          324618 1c008b30 000b9703 lh               x14, 0(x23)         x14=00005104 x23:1c001134  PA:1c001134
18686684ns          324634 1c008b34 1c000537 lui              x10, 0x1c000000     x10=1c000000
18686703ns          324635 1c008b38 00fc2023 sw               x15, 0(x24)         x15:00000141 x24:1c001324  PA:1c001324
18687022ns          324651 1c008b3c 2ac50593 addi             x11, x10, 684       x11=1c0002ac x10:1c000000
18687042ns          324652 1c008b40 320a8e93 addi             x29, x21, 800       x29=1c001320 x21:1c001000
18687061ns          324653 1c008b44 01b00633 add              x12, x0, x27        x12=00005104 x27:00005104
18687081ns          324654 1c008b46 00e006b3 add              x13, x0, x14        x13=00005104 x14:00005104
18687101ns          324655 1c008b48 7d4a0513 addi             x10, x20, 2004      x10=1c0007d4 x20:1c000000
18687121ns          324656 1c008b4c 00ed8b63 beq              x27, x14, 22        x27:00005104 x14:00005104
18687181ns          324659 1c008b62 00178793 addi             x15, x15, 1         x15=00000142 x15:00000141
18687201ns          324660 1c008b64 1c000537 lui              x10, 0x1c000000     x10=1c000000
18687221ns          324661 1c008b68 00fc2023 sw               x15, 0(x24)         x15:00000142 x24:1c001324  PA:1c001324
18687539ns          324677 1c008b6c 2cc50593 addi             x11, x10, 716       x11=1c0002cc x10:1c000000
18687559ns          324678 1c008b70 320a8713 addi             x14, x21, 800       x14=1c001320 x21:1c001000
18687579ns          324679 1c008b74 01a006b3 add              x13, x0, x26        x13=1c001138 x26:1c001138
18687599ns          324680 1c008b76 01900633 add              x12, x0, x25        x12=1c001138 x25:1c001138
18687618ns          324681 1c008b78 7d4a0513 addi             x10, x20, 2004      x10=1c0007d4 x20:1c000000
18687638ns          324682 1c008b7c 01ac8963 beq              x25, x26, 18        x25:1c001138 x26:1c001138
18687698ns          324685 1c008b8e 008b8b93 addi             x23, x23, 8         x23=1c00113c x23:1c001134
18687718ns          324686 1c008b90 f56997e3 bne              x19, x22, -178      x19:1c001190 x22:1c001178
18687778ns          324689 1c008ade 00000713 addi             x14, x0, 0          x14=00000000
18687797ns          324690 1c008ae0 004b268b p.lw             x13, 4(x22!)        x13=00000004 x22=1c00117c x22:1c001178  PA:1c001178
18688096ns          324705 1c008ae4 01a00cb3 add              x25, x0, x26        x25=1c001138 x26:1c001138
18688116ns          324706 1c008ae6 00e00db3 add              x27, x0, x14        x27=00000000 x14:00000000
18688136ns          324707 1c008ae8 10dcf70b p.lh             x14, x13(x25!)      x14=00003e9a x25=1c00113c x13:00000004 x25:1c001138  PA:1c001138
18688434ns          324722 1c008aec 10dcfd8b p.lh             x27, x13(x25!)      x27=00002801 x25=1c001140 x13:00000004 x25:1c00113c  PA:1c00113c
18688752ns          324738 1c008af0 000d1e83 lh               x29, 0(x26)         x29=00003e9a x26:1c001138  PA:1c001138
18689051ns          324753 1c008af4 00178793 addi             x15, x15, 1         x15=00000143 x15:00000142
18689070ns          324754 1c008af6 1c0006b7 lui              x13, 0x1c000000     x13=1c000000
18689090ns          324755 1c008afa 10074733 p.exths          x14, x14, x0        x14=00003e9a x14:00003e9a
18689110ns          324756 1c008afe 00fc2023 sw               x15, 0(x24)         x15:00000143 x24:1c001324  PA:1c001324
18689428ns          324772 1c008b02 28c68593 addi             x11, x13, 652       x11=1c00028c x13:1c000000
18689448ns          324773 1c008b06 320a8f13 addi             x30, x21, 800       x30=1c001320 x21:1c001000
18689468ns          324774 1c008b0a 01d006b3 add              x13, x0, x29        x13=00003e9a x29:00003e9a
18689488ns          324775 1c008b0c 7d4a0513 addi             x10, x20, 2004      x10=1c0007d4 x20:1c000000
18689508ns          324776 1c008b10 00e00633 add              x12, x0, x14        x12=00003e9a x14:00003e9a
18689528ns          324777 1c008b12 008d0d13 addi             x26, x26, 8         x26=1c001140 x26:1c001138
18689548ns          324778 1c008b14 100dcdb3 p.exths          x27, x27, x0        x27=00002801 x27:00002801
18689568ns          324779 1c008b18 01d70b63 beq              x14, x29, 22        x14:00003e9a x29:00003e9a
18689627ns          324782 1c008b2e 00178793 addi             x15, x15, 1         x15=00000144 x15:00000143
18689647ns          324783 1c008b30 000b9703 lh               x14, 0(x23)         x14=00002801 x23:1c00113c  PA:1c00113c
18689946ns          324798 1c008b34 1c000537 lui              x10, 0x1c000000     x10=1c000000
18689966ns          324799 1c008b38 00fc2023 sw               x15, 0(x24)         x15:00000144 x24:1c001324  PA:1c001324
18690284ns          324815 1c008b3c 2ac50593 addi             x11, x10, 684       x11=1c0002ac x10:1c000000
18690304ns          324816 1c008b40 320a8e93 addi             x29, x21, 800       x29=1c001320 x21:1c001000
18690324ns          324817 1c008b44 01b00633 add              x12, x0, x27        x12=00002801 x27:00002801
18690343ns          324818 1c008b46 00e006b3 add              x13, x0, x14        x13=00002801 x14:00002801
18690363ns          324819 1c008b48 7d4a0513 addi             x10, x20, 2004      x10=1c0007d4 x20:1c000000
18690383ns          324820 1c008b4c 00ed8b63 beq              x27, x14, 22        x27:00002801 x14:00002801
18690443ns          324823 1c008b62 00178793 addi             x15, x15, 1         x15=00000145 x15:00000144
18690463ns          324824 1c008b64 1c000537 lui              x10, 0x1c000000     x10=1c000000
18690483ns          324825 1c008b68 00fc2023 sw               x15, 0(x24)         x15:00000145 x24:1c001324  PA:1c001324
18690821ns          324842 1c008b6c 2cc50593 addi             x11, x10, 716       x11=1c0002cc x10:1c000000
18690841ns          324843 1c008b70 320a8713 addi             x14, x21, 800       x14=1c001320 x21:1c001000
18690861ns          324844 1c008b74 01a006b3 add              x13, x0, x26        x13=1c001140 x26:1c001140
18690881ns          324845 1c008b76 01900633 add              x12, x0, x25        x12=1c001140 x25:1c001140
18690900ns          324846 1c008b78 7d4a0513 addi             x10, x20, 2004      x10=1c0007d4 x20:1c000000
18690920ns          324847 1c008b7c 01ac8963 beq              x25, x26, 18        x25:1c001140 x26:1c001140
18690980ns          324850 1c008b8e 008b8b93 addi             x23, x23, 8         x23=1c001144 x23:1c00113c
18691000ns          324851 1c008b90 f56997e3 bne              x19, x22, -178      x19:1c001190 x22:1c00117c
18691060ns          324854 1c008ade 00000713 addi             x14, x0, 0          x14=00000000
18691079ns          324855 1c008ae0 004b268b p.lw             x13, 4(x22!)        x13=00000004 x22=1c001180 x22:1c00117c  PA:1c00117c
18691398ns          324871 1c008ae4 01a00cb3 add              x25, x0, x26        x25=1c001140 x26:1c001140
18691418ns          324872 1c008ae6 00e00db3 add              x27, x0, x14        x27=00000000 x14:00000000
18691437ns          324873 1c008ae8 10dcf70b p.lh             x14, x13(x25!)      x14=00002efb x25=1c001144 x13:00000004 x25:1c001140  PA:1c001140
18691736ns          324888 1c008aec 10dcfd8b p.lh             x27, x13(x25!)      x27=0000527d x25=1c001148 x13:00000004 x25:1c001144  PA:1c001144
18692034ns          324903 1c008af0 000d1e83 lh               x29, 0(x26)         x29=00002efb x26:1c001140  PA:1c001140
18692333ns          324918 1c008af4 00178793 addi             x15, x15, 1         x15=00000146 x15:00000145
18692352ns          324919 1c008af6 1c0006b7 lui              x13, 0x1c000000     x13=1c000000
18692372ns          324920 1c008afa 10074733 p.exths          x14, x14, x0        x14=00002efb x14:00002efb
18692392ns          324921 1c008afe 00fc2023 sw               x15, 0(x24)         x15:00000146 x24:1c001324  PA:1c001324
18692750ns          324939 1c008b02 28c68593 addi             x11, x13, 652       x11=1c00028c x13:1c000000
18692770ns          324940 1c008b06 320a8f13 addi             x30, x21, 800       x30=1c001320 x21:1c001000
18692790ns          324941 1c008b0a 01d006b3 add              x13, x0, x29        x13=00002efb x29:00002efb
18692810ns          324942 1c008b0c 7d4a0513 addi             x10, x20, 2004      x10=1c0007d4 x20:1c000000
18692830ns          324943 1c008b10 00e00633 add              x12, x0, x14        x12=00002efb x14:00002efb
18692850ns          324944 1c008b12 008d0d13 addi             x26, x26, 8         x26=1c001148 x26:1c001140
18692870ns          324945 1c008b14 100dcdb3 p.exths          x27, x27, x0        x27=0000527d x27:0000527d
18692889ns          324946 1c008b18 01d70b63 beq              x14, x29, 22        x14:00002efb x29:00002efb
18692949ns          324949 1c008b2e 00178793 addi             x15, x15, 1         x15=00000147 x15:00000146
18692969ns          324950 1c008b30 000b9703 lh               x14, 0(x23)         x14=0000527d x23:1c001144  PA:1c001144
18693267ns          324965 1c008b34 1c000537 lui              x10, 0x1c000000     x10=1c000000
18693287ns          324966 1c008b38 00fc2023 sw               x15, 0(x24)         x15:00000147 x24:1c001324  PA:1c001324
18693606ns          324982 1c008b3c 2ac50593 addi             x11, x10, 684       x11=1c0002ac x10:1c000000
18693625ns          324983 1c008b40 320a8e93 addi             x29, x21, 800       x29=1c001320 x21:1c001000
18693645ns          324984 1c008b44 01b00633 add              x12, x0, x27        x12=0000527d x27:0000527d
18693665ns          324985 1c008b46 00e006b3 add              x13, x0, x14        x13=0000527d x14:0000527d
18693685ns          324986 1c008b48 7d4a0513 addi             x10, x20, 2004      x10=1c0007d4 x20:1c000000
18693705ns          324987 1c008b4c 00ed8b63 beq              x27, x14, 22        x27:0000527d x14:0000527d
18693765ns          324990 1c008b62 00178793 addi             x15, x15, 1         x15=00000148 x15:00000147
18693785ns          324991 1c008b64 1c000537 lui              x10, 0x1c000000     x10=1c000000
18693804ns          324992 1c008b68 00fc2023 sw               x15, 0(x24)         x15:00000148 x24:1c001324  PA:1c001324
18694123ns          325008 1c008b6c 2cc50593 addi             x11, x10, 716       x11=1c0002cc x10:1c000000
18694143ns          325009 1c008b70 320a8713 addi             x14, x21, 800       x14=1c001320 x21:1c001000
18694162ns          325010 1c008b74 01a006b3 add              x13, x0, x26        x13=1c001148 x26:1c001148
18694182ns          325011 1c008b76 01900633 add              x12, x0, x25        x12=1c001148 x25:1c001148
18694202ns          325012 1c008b78 7d4a0513 addi             x10, x20, 2004      x10=1c0007d4 x20:1c000000
18694222ns          325013 1c008b7c 01ac8963 beq              x25, x26, 18        x25:1c001148 x26:1c001148
18694282ns          325016 1c008b8e 008b8b93 addi             x23, x23, 8         x23=1c00114c x23:1c001144
18694302ns          325017 1c008b90 f56997e3 bne              x19, x22, -178      x19:1c001190 x22:1c001180
18694361ns          325020 1c008ade 00000713 addi             x14, x0, 0          x14=00000000
18694381ns          325021 1c008ae0 004b268b p.lw             x13, 4(x22!)        x13=00000004 x22=1c001184 x22:1c001180  PA:1c001180
18694680ns          325036 1c008ae4 01a00cb3 add              x25, x0, x26        x25=1c001148 x26:1c001148
18694700ns          325037 1c008ae6 00e00db3 add              x27, x0, x14        x27=00000000 x14:00000000
18694719ns          325038 1c008ae8 10dcf70b p.lh             x14, x13(x25!)      x14=ffff81fd x25=1c00114c x13:00000004 x25:1c001148  PA:1c001148
18695018ns          325053 1c008aec 10dcfd8b p.lh             x27, x13(x25!)      x27=0000068c x25=1c001150 x13:00000004 x25:1c00114c  PA:1c00114c
18695336ns          325069 1c008af0 000d1e83 lh               x29, 0(x26)         x29=ffff81fd x26:1c001148  PA:1c001148
18695634ns          325084 1c008af4 00178793 addi             x15, x15, 1         x15=00000149 x15:00000148
18695654ns          325085 1c008af6 1c0006b7 lui              x13, 0x1c000000     x13=1c000000
18695674ns          325086 1c008afa 10074733 p.exths          x14, x14, x0        x14=ffff81fd x14:ffff81fd
18695694ns          325087 1c008afe 00fc2023 sw               x15, 0(x24)         x15:00000149 x24:1c001324  PA:1c001324
18696012ns          325103 1c008b02 28c68593 addi             x11, x13, 652       x11=1c00028c x13:1c000000
18696032ns          325104 1c008b06 320a8f13 addi             x30, x21, 800       x30=1c001320 x21:1c001000
18696052ns          325105 1c008b0a 01d006b3 add              x13, x0, x29        x13=ffff81fd x29:ffff81fd
18696072ns          325106 1c008b0c 7d4a0513 addi             x10, x20, 2004      x10=1c0007d4 x20:1c000000
18696092ns          325107 1c008b10 00e00633 add              x12, x0, x14        x12=ffff81fd x14:ffff81fd
18696112ns          325108 1c008b12 008d0d13 addi             x26, x26, 8         x26=1c001150 x26:1c001148
18696132ns          325109 1c008b14 100dcdb3 p.exths          x27, x27, x0        x27=0000068c x27:0000068c
18696152ns          325110 1c008b18 01d70b63 beq              x14, x29, 22        x14:ffff81fd x29:ffff81fd
18696211ns          325113 1c008b2e 00178793 addi             x15, x15, 1         x15=0000014a x15:00000149
18696231ns          325114 1c008b30 000b9703 lh               x14, 0(x23)         x14=0000068c x23:1c00114c  PA:1c00114c
18696529ns          325129 1c008b34 1c000537 lui              x10, 0x1c000000     x10=1c000000
18696549ns          325130 1c008b38 00fc2023 sw               x15, 0(x24)         x15:0000014a x24:1c001324  PA:1c001324
18696888ns          325147 1c008b3c 2ac50593 addi             x11, x10, 684       x11=1c0002ac x10:1c000000
18696907ns          325148 1c008b40 320a8e93 addi             x29, x21, 800       x29=1c001320 x21:1c001000
18696927ns          325149 1c008b44 01b00633 add              x12, x0, x27        x12=0000068c x27:0000068c
18696947ns          325150 1c008b46 00e006b3 add              x13, x0, x14        x13=0000068c x14:0000068c
18696967ns          325151 1c008b48 7d4a0513 addi             x10, x20, 2004      x10=1c0007d4 x20:1c000000
18696987ns          325152 1c008b4c 00ed8b63 beq              x27, x14, 22        x27:0000068c x14:0000068c
18697047ns          325155 1c008b62 00178793 addi             x15, x15, 1         x15=0000014b x15:0000014a
18697067ns          325156 1c008b64 1c000537 lui              x10, 0x1c000000     x10=1c000000
18697086ns          325157 1c008b68 00fc2023 sw               x15, 0(x24)         x15:0000014b x24:1c001324  PA:1c001324
18697405ns          325173 1c008b6c 2cc50593 addi             x11, x10, 716       x11=1c0002cc x10:1c000000
18697425ns          325174 1c008b70 320a8713 addi             x14, x21, 800       x14=1c001320 x21:1c001000
18697444ns          325175 1c008b74 01a006b3 add              x13, x0, x26        x13=1c001150 x26:1c001150
18697464ns          325176 1c008b76 01900633 add              x12, x0, x25        x12=1c001150 x25:1c001150
18697484ns          325177 1c008b78 7d4a0513 addi             x10, x20, 2004      x10=1c0007d4 x20:1c000000
18697504ns          325178 1c008b7c 01ac8963 beq              x25, x26, 18        x25:1c001150 x26:1c001150
18697564ns          325181 1c008b8e 008b8b93 addi             x23, x23, 8         x23=1c001154 x23:1c00114c
18697584ns          325182 1c008b90 f56997e3 bne              x19, x22, -178      x19:1c001190 x22:1c001184
18697643ns          325185 1c008ade 00000713 addi             x14, x0, 0          x14=00000000
18697663ns          325186 1c008ae0 004b268b p.lw             x13, 4(x22!)        x13=00000004 x22=1c001188 x22:1c001184  PA:1c001184
18698001ns          325203 1c008ae4 01a00cb3 add              x25, x0, x26        x25=1c001150 x26:1c001150
18698021ns          325204 1c008ae6 00e00db3 add              x27, x0, x14        x27=00000000 x14:00000000
18698041ns          325205 1c008ae8 10dcf70b p.lh             x14, x13(x25!)      x14=000071e8 x25=1c001154 x13:00000004 x25:1c001150  PA:1c001150
18698340ns          325220 1c008aec 10dcfd8b p.lh             x27, x13(x25!)      x27=fffff348 x25=1c001158 x13:00000004 x25:1c001154  PA:1c001154
18698638ns          325235 1c008af0 000d1e83 lh               x29, 0(x26)         x29=000071e8 x26:1c001150  PA:1c001150
18698936ns          325250 1c008af4 00178793 addi             x15, x15, 1         x15=0000014c x15:0000014b
18698956ns          325251 1c008af6 1c0006b7 lui              x13, 0x1c000000     x13=1c000000
18698976ns          325252 1c008afa 10074733 p.exths          x14, x14, x0        x14=000071e8 x14:000071e8
18698996ns          325253 1c008afe 00fc2023 sw               x15, 0(x24)         x15:0000014c x24:1c001324  PA:1c001324
18699334ns          325270 1c008b02 28c68593 addi             x11, x13, 652       x11=1c00028c x13:1c000000
18699354ns          325271 1c008b06 320a8f13 addi             x30, x21, 800       x30=1c001320 x21:1c001000
18699374ns          325272 1c008b0a 01d006b3 add              x13, x0, x29        x13=000071e8 x29:000071e8
18699394ns          325273 1c008b0c 7d4a0513 addi             x10, x20, 2004      x10=1c0007d4 x20:1c000000
18699414ns          325274 1c008b10 00e00633 add              x12, x0, x14        x12=000071e8 x14:000071e8
18699434ns          325275 1c008b12 008d0d13 addi             x26, x26, 8         x26=1c001158 x26:1c001150
18699453ns          325276 1c008b14 100dcdb3 p.exths          x27, x27, x0        x27=fffff348 x27:fffff348
18699473ns          325277 1c008b18 01d70b63 beq              x14, x29, 22        x14:000071e8 x29:000071e8
18699533ns          325280 1c008b2e 00178793 addi             x15, x15, 1         x15=0000014d x15:0000014c
18699553ns          325281 1c008b30 000b9703 lh               x14, 0(x23)         x14=fffff348 x23:1c001154  PA:1c001154
18699851ns          325296 1c008b34 1c000537 lui              x10, 0x1c000000     x10=1c000000
18699871ns          325297 1c008b38 00fc2023 sw               x15, 0(x24)         x15:0000014d x24:1c001324  PA:1c001324
18700209ns          325314 1c008b3c 2ac50593 addi             x11, x10, 684       x11=1c0002ac x10:1c000000
18700229ns          325315 1c008b40 320a8e93 addi             x29, x21, 800       x29=1c001320 x21:1c001000
18700249ns          325316 1c008b44 01b00633 add              x12, x0, x27        x12=fffff348 x27:fffff348
18700269ns          325317 1c008b46 00e006b3 add              x13, x0, x14        x13=fffff348 x14:fffff348
18700289ns          325318 1c008b48 7d4a0513 addi             x10, x20, 2004      x10=1c0007d4 x20:1c000000
18700309ns          325319 1c008b4c 00ed8b63 beq              x27, x14, 22        x27:fffff348 x14:fffff348
18700368ns          325322 1c008b62 00178793 addi             x15, x15, 1         x15=0000014e x15:0000014d
18700388ns          325323 1c008b64 1c000537 lui              x10, 0x1c000000     x10=1c000000
18700408ns          325324 1c008b68 00fc2023 sw               x15, 0(x24)         x15:0000014e x24:1c001324  PA:1c001324
18700746ns          325341 1c008b6c 2cc50593 addi             x11, x10, 716       x11=1c0002cc x10:1c000000
18700766ns          325342 1c008b70 320a8713 addi             x14, x21, 800       x14=1c001320 x21:1c001000
18700786ns          325343 1c008b74 01a006b3 add              x13, x0, x26        x13=1c001158 x26:1c001158
18700806ns          325344 1c008b76 01900633 add              x12, x0, x25        x12=1c001158 x25:1c001158
18700826ns          325345 1c008b78 7d4a0513 addi             x10, x20, 2004      x10=1c0007d4 x20:1c000000
18700846ns          325346 1c008b7c 01ac8963 beq              x25, x26, 18        x25:1c001158 x26:1c001158
18700905ns          325349 1c008b8e 008b8b93 addi             x23, x23, 8         x23=1c00115c x23:1c001154
18700925ns          325350 1c008b90 f56997e3 bne              x19, x22, -178      x19:1c001190 x22:1c001188
18700985ns          325353 1c008ade 00000713 addi             x14, x0, 0          x14=00000000
18701005ns          325354 1c008ae0 004b268b p.lw             x13, 4(x22!)        x13=00000004 x22=1c00118c x22:1c001188  PA:1c001188
18701323ns          325370 1c008ae4 01a00cb3 add              x25, x0, x26        x25=1c001158 x26:1c001158
18701343ns          325371 1c008ae6 00e00db3 add              x27, x0, x14        x27=00000000 x14:00000000
18701363ns          325372 1c008ae8 10dcf70b p.lh             x14, x13(x25!)      x14=00007e6b x25=1c00115c x13:00000004 x25:1c001158  PA:1c001158
18701661ns          325387 1c008aec 10dcfd8b p.lh             x27, x13(x25!)      x27=ffffcd97 x25=1c001160 x13:00000004 x25:1c00115c  PA:1c00115c
18701960ns          325402 1c008af0 000d1e83 lh               x29, 0(x26)         x29=00007e6b x26:1c001158  PA:1c001158
18702258ns          325417 1c008af4 00178793 addi             x15, x15, 1         x15=0000014f x15:0000014e
18702278ns          325418 1c008af6 1c0006b7 lui              x13, 0x1c000000     x13=1c000000
18702298ns          325419 1c008afa 10074733 p.exths          x14, x14, x0        x14=00007e6b x14:00007e6b
18702318ns          325420 1c008afe 00fc2023 sw               x15, 0(x24)         x15:0000014f x24:1c001324  PA:1c001324
18702636ns          325436 1c008b02 28c68593 addi             x11, x13, 652       x11=1c00028c x13:1c000000
18702656ns          325437 1c008b06 320a8f13 addi             x30, x21, 800       x30=1c001320 x21:1c001000
18702676ns          325438 1c008b0a 01d006b3 add              x13, x0, x29        x13=00007e6b x29:00007e6b
18702696ns          325439 1c008b0c 7d4a0513 addi             x10, x20, 2004      x10=1c0007d4 x20:1c000000
18702715ns          325440 1c008b10 00e00633 add              x12, x0, x14        x12=00007e6b x14:00007e6b
18702735ns          325441 1c008b12 008d0d13 addi             x26, x26, 8         x26=1c001160 x26:1c001158
18702755ns          325442 1c008b14 100dcdb3 p.exths          x27, x27, x0        x27=ffffcd97 x27:ffffcd97
18702775ns          325443 1c008b18 01d70b63 beq              x14, x29, 22        x14:00007e6b x29:00007e6b
18702835ns          325446 1c008b2e 00178793 addi             x15, x15, 1         x15=00000150 x15:0000014f
18702855ns          325447 1c008b30 000b9703 lh               x14, 0(x23)         x14=ffffcd97 x23:1c00115c  PA:1c00115c
18703153ns          325462 1c008b34 1c000537 lui              x10, 0x1c000000     x10=1c000000
18703173ns          325463 1c008b38 00fc2023 sw               x15, 0(x24)         x15:00000150 x24:1c001324  PA:1c001324
18703491ns          325479 1c008b3c 2ac50593 addi             x11, x10, 684       x11=1c0002ac x10:1c000000
18703511ns          325480 1c008b40 320a8e93 addi             x29, x21, 800       x29=1c001320 x21:1c001000
18703531ns          325481 1c008b44 01b00633 add              x12, x0, x27        x12=ffffcd97 x27:ffffcd97
18703551ns          325482 1c008b46 00e006b3 add              x13, x0, x14        x13=ffffcd97 x14:ffffcd97
18703571ns          325483 1c008b48 7d4a0513 addi             x10, x20, 2004      x10=1c0007d4 x20:1c000000
18703591ns          325484 1c008b4c 00ed8b63 beq              x27, x14, 22        x27:ffffcd97 x14:ffffcd97
18703650ns          325487 1c008b62 00178793 addi             x15, x15, 1         x15=00000151 x15:00000150
18703670ns          325488 1c008b64 1c000537 lui              x10, 0x1c000000     x10=1c000000
18703690ns          325489 1c008b68 00fc2023 sw               x15, 0(x24)         x15:00000151 x24:1c001324  PA:1c001324
18704008ns          325505 1c008b6c 2cc50593 addi             x11, x10, 716       x11=1c0002cc x10:1c000000
18704028ns          325506 1c008b70 320a8713 addi             x14, x21, 800       x14=1c001320 x21:1c001000
18704048ns          325507 1c008b74 01a006b3 add              x13, x0, x26        x13=1c001160 x26:1c001160
18704068ns          325508 1c008b76 01900633 add              x12, x0, x25        x12=1c001160 x25:1c001160
18704088ns          325509 1c008b78 7d4a0513 addi             x10, x20, 2004      x10=1c0007d4 x20:1c000000
18704108ns          325510 1c008b7c 01ac8963 beq              x25, x26, 18        x25:1c001160 x26:1c001160
18704168ns          325513 1c008b8e 008b8b93 addi             x23, x23, 8         x23=1c001164 x23:1c00115c
18704187ns          325514 1c008b90 f56997e3 bne              x19, x22, -178      x19:1c001190 x22:1c00118c
18704247ns          325517 1c008ade 00000713 addi             x14, x0, 0          x14=00000000
18704267ns          325518 1c008ae0 004b268b p.lw             x13, 4(x22!)        x13=00000004 x22=1c001190 x22:1c00118c  PA:1c00118c
18704565ns          325533 1c008ae4 01a00cb3 add              x25, x0, x26        x25=1c001160 x26:1c001160
18704585ns          325534 1c008ae6 00e00db3 add              x27, x0, x14        x27=00000000 x14:00000000
18704605ns          325535 1c008ae8 10dcf70b p.lh             x14, x13(x25!)      x14=00002048 x25=1c001164 x13:00000004 x25:1c001160  PA:1c001160
18704903ns          325550 1c008aec 10dcfd8b p.lh             x27, x13(x25!)      x27=00001640 x25=1c001168 x13:00000004 x25:1c001164  PA:1c001164
18705202ns          325565 1c008af0 000d1e83 lh               x29, 0(x26)         x29=00002048 x26:1c001160  PA:1c001160
18705500ns          325580 1c008af4 00178793 addi             x15, x15, 1         x15=00000152 x15:00000151
18705520ns          325581 1c008af6 1c0006b7 lui              x13, 0x1c000000     x13=1c000000
18705540ns          325582 1c008afa 10074733 p.exths          x14, x14, x0        x14=00002048 x14:00002048
18705560ns          325583 1c008afe 00fc2023 sw               x15, 0(x24)         x15:00000152 x24:1c001324  PA:1c001324
18705878ns          325599 1c008b02 28c68593 addi             x11, x13, 652       x11=1c00028c x13:1c000000
18705898ns          325600 1c008b06 320a8f13 addi             x30, x21, 800       x30=1c001320 x21:1c001000
18705918ns          325601 1c008b0a 01d006b3 add              x13, x0, x29        x13=00002048 x29:00002048
18705938ns          325602 1c008b0c 7d4a0513 addi             x10, x20, 2004      x10=1c0007d4 x20:1c000000
18705958ns          325603 1c008b10 00e00633 add              x12, x0, x14        x12=00002048 x14:00002048
18705978ns          325604 1c008b12 008d0d13 addi             x26, x26, 8         x26=1c001168 x26:1c001160
18705997ns          325605 1c008b14 100dcdb3 p.exths          x27, x27, x0        x27=00001640 x27:00001640
18706017ns          325606 1c008b18 01d70b63 beq              x14, x29, 22        x14:00002048 x29:00002048
18706077ns          325609 1c008b2e 00178793 addi             x15, x15, 1         x15=00000153 x15:00000152
18706097ns          325610 1c008b30 000b9703 lh               x14, 0(x23)         x14=00001640 x23:1c001164  PA:1c001164
18706395ns          325625 1c008b34 1c000537 lui              x10, 0x1c000000     x10=1c000000
18706415ns          325626 1c008b38 00fc2023 sw               x15, 0(x24)         x15:00000153 x24:1c001324  PA:1c001324
18706733ns          325642 1c008b3c 2ac50593 addi             x11, x10, 684       x11=1c0002ac x10:1c000000
18706753ns          325643 1c008b40 320a8e93 addi             x29, x21, 800       x29=1c001320 x21:1c001000
18706773ns          325644 1c008b44 01b00633 add              x12, x0, x27        x12=00001640 x27:00001640
18706793ns          325645 1c008b46 00e006b3 add              x13, x0, x14        x13=00001640 x14:00001640
18706813ns          325646 1c008b48 7d4a0513 addi             x10, x20, 2004      x10=1c0007d4 x20:1c000000
18706833ns          325647 1c008b4c 00ed8b63 beq              x27, x14, 22        x27:00001640 x14:00001640
18706893ns          325650 1c008b62 00178793 addi             x15, x15, 1         x15=00000154 x15:00000153
18706912ns          325651 1c008b64 1c000537 lui              x10, 0x1c000000     x10=1c000000
18706932ns          325652 1c008b68 00fc2023 sw               x15, 0(x24)         x15:00000154 x24:1c001324  PA:1c001324
18707270ns          325669 1c008b6c 2cc50593 addi             x11, x10, 716       x11=1c0002cc x10:1c000000
18707290ns          325670 1c008b70 320a8713 addi             x14, x21, 800       x14=1c001320 x21:1c001000
18707310ns          325671 1c008b74 01a006b3 add              x13, x0, x26        x13=1c001168 x26:1c001168
18707330ns          325672 1c008b76 01900633 add              x12, x0, x25        x12=1c001168 x25:1c001168
18707350ns          325673 1c008b78 7d4a0513 addi             x10, x20, 2004      x10=1c0007d4 x20:1c000000
18707370ns          325674 1c008b7c 01ac8963 beq              x25, x26, 18        x25:1c001168 x26:1c001168
18707430ns          325677 1c008b8e 008b8b93 addi             x23, x23, 8         x23=1c00116c x23:1c001164
18707449ns          325678 1c008b90 f56997e3 bne              x19, x22, -178      x19:1c001190 x22:1c001190
18707469ns          325679 1c008b94 00900bb3 add              x23, x0, x9         x23=1c00111c  x9:1c00111c
18707489ns          325680 1c008b96 00800d33 add              x26, x0, x8         x26=1c001118  x8:1c001118
18707509ns          325681 1c008b98 01200b33 add              x22, x0, x18        x22=1c001168 x18:1c001168
18707529ns          325682 1c008b9a 1c001ab7 lui              x21, 0x1c001000     x21=1c001000
18707947ns          325703 1c008b9e 1c000a37 lui              x20, 0x1c000000     x20=1c000000
18707967ns          325704 1c008ba2 00000713 addi             x14, x0, 0          x14=00000000
18707987ns          325705 1c008ba4 004b268b p.lw             x13, 4(x22!)        x13=00000004 x22=1c00116c x22:1c001168  PA:1c001168
18708305ns          325721 1c008ba8 01a00cb3 add              x25, x0, x26        x25=1c001118 x26:1c001118
18708325ns          325722 1c008baa 00e00db3 add              x27, x0, x14        x27=00000000 x14:00000000
18708345ns          325723 1c008bac 40dcf70b p.lbu            x14, x13(x25!)      x14=00000092 x25=1c00111c x13:00000004 x25:1c001118  PA:1c001118
18708683ns          325740 1c008bb0 40dcfd8b p.lbu            x27, x13(x25!)      x27=000000d3 x25=1c001120 x13:00000004 x25:1c00111c  PA:1c00111c
18708981ns          325755 1c008bb4 000d4e83 lbu              x29, 0(x26)         x29=00000092 x26:1c001118  PA:1c001118
18709279ns          325770 1c008bb8 00178793 addi             x15, x15, 1         x15=00000155 x15:00000154
18709299ns          325771 1c008bba 1c0006b7 lui              x13, 0x1c000000     x13=1c000000
18709319ns          325772 1c008bbe 0ff77713 andi             x14, x14, 255       x14=00000092 x14:00000092
18709339ns          325773 1c008bc2 00fc2023 sw               x15, 0(x24)         x15:00000155 x24:1c001324  PA:1c001324
18709657ns          325789 1c008bc6 2e868593 addi             x11, x13, 744       x11=1c0002e8 x13:1c000000
18709677ns          325790 1c008bca 320a8f13 addi             x30, x21, 800       x30=1c001320 x21:1c001000
18709697ns          325791 1c008bce 01d006b3 add              x13, x0, x29        x13=00000092 x29:00000092
18709816ns          325797 1c008bd0 7d4a0513 addi             x10, x20, 2004      x10=1c0007d4 x20:1c000000
18709856ns          325799 1c008bd4 00e00633 add              x12, x0, x14        x12=00000092 x14:00000092
18709876ns          325800 1c008bd6 008d0d13 addi             x26, x26, 8         x26=1c001120 x26:1c001118
18709896ns          325801 1c008bd8 0ffdfd93 andi             x27, x27, 255       x27=000000d3 x27:000000d3
18709916ns          325802 1c008bdc 01d70b63 beq              x14, x29, 22        x14:00000092 x29:00000092
18710791ns          325846 1c008bf2 00178793 addi             x15, x15, 1         x15=00000156 x15:00000155
18710831ns          325848 1c008bf4 000bc703 lbu              x14, 0(x23)         x14=000000d3 x23:1c00111c  PA:1c00111c
18711149ns          325864 1c008bf8 1c000537 lui              x10, 0x1c000000     x10=1c000000
18711169ns          325865 1c008bfc 00fc2023 sw               x15, 0(x24)         x15:00000156 x24:1c001324  PA:1c001324
18711507ns          325882 1c008c00 30850593 addi             x11, x10, 776       x11=1c000308 x10:1c000000
18711527ns          325883 1c008c04 320a8e93 addi             x29, x21, 800       x29=1c001320 x21:1c001000
18711547ns          325884 1c008c08 01b00633 add              x12, x0, x27        x12=000000d3 x27:000000d3
18711567ns          325885 1c008c0a 00e006b3 add              x13, x0, x14        x13=000000d3 x14:000000d3
18711587ns          325886 1c008c0c 7d4a0513 addi             x10, x20, 2004      x10=1c0007d4 x20:1c000000
18711985ns          325906 1c008c10 00ed8b63 beq              x27, x14, 22        x27:000000d3 x14:000000d3
18712462ns          325930 1c008c26 00178793 addi             x15, x15, 1         x15=00000157 x15:00000156
18712502ns          325932 1c008c28 1c000537 lui              x10, 0x1c000000     x10=1c000000
18712522ns          325933 1c008c2c 00fc2023 sw               x15, 0(x24)         x15:00000157 x24:1c001324  PA:1c001324
18712959ns          325955 1c008c30 32850593 addi             x11, x10, 808       x11=1c000328 x10:1c000000
18712999ns          325957 1c008c34 320a8713 addi             x14, x21, 800       x14=1c001320 x21:1c001000
18713019ns          325958 1c008c38 01a006b3 add              x13, x0, x26        x13=1c001120 x26:1c001120
18713039ns          325959 1c008c3a 01900633 add              x12, x0, x25        x12=1c001120 x25:1c001120
18713059ns          325960 1c008c3c 7d4a0513 addi             x10, x20, 2004      x10=1c0007d4 x20:1c000000
18713476ns          325981 1c008c40 01ac8963 beq              x25, x26, 18        x25:1c001120 x26:1c001120
18713954ns          326005 1c008c52 008b8b93 addi             x23, x23, 8         x23=1c001124 x23:1c00111c
18713994ns          326007 1c008c54 f56997e3 bne              x19, x22, -178      x19:1c001190 x22:1c00116c
18714053ns          326010 1c008ba2 00000713 addi             x14, x0, 0          x14=00000000
18714073ns          326011 1c008ba4 004b268b p.lw             x13, 4(x22!)        x13=00000004 x22=1c001170 x22:1c00116c  PA:1c00116c
18714371ns          326026 1c008ba8 01a00cb3 add              x25, x0, x26        x25=1c001120 x26:1c001120
18714391ns          326027 1c008baa 00e00db3 add              x27, x0, x14        x27=00000000 x14:00000000
18714411ns          326028 1c008bac 40dcf70b p.lbu            x14, x13(x25!)      x14=0000006f x25=1c001124 x13:00000004 x25:1c001120  PA:1c001120
18714730ns          326044 1c008bb0 40dcfd8b p.lbu            x27, x13(x25!)      x27=000000fe x25=1c001128 x13:00000004 x25:1c001124  PA:1c001124
18715028ns          326059 1c008bb4 000d4e83 lbu              x29, 0(x26)         x29=0000006f x26:1c001120  PA:1c001120
18715346ns          326075 1c008bb8 00178793 addi             x15, x15, 1         x15=00000158 x15:00000157
18715366ns          326076 1c008bba 1c0006b7 lui              x13, 0x1c000000     x13=1c000000
18715386ns          326077 1c008bbe 0ff77713 andi             x14, x14, 255       x14=0000006f x14:0000006f
18715406ns          326078 1c008bc2 00fc2023 sw               x15, 0(x24)         x15:00000158 x24:1c001324  PA:1c001324
18715744ns          326095 1c008bc6 2e868593 addi             x11, x13, 744       x11=1c0002e8 x13:1c000000
18715764ns          326096 1c008bca 320a8f13 addi             x30, x21, 800       x30=1c001320 x21:1c001000
18715784ns          326097 1c008bce 01d006b3 add              x13, x0, x29        x13=0000006f x29:0000006f
18715804ns          326098 1c008bd0 7d4a0513 addi             x10, x20, 2004      x10=1c0007d4 x20:1c000000
18715824ns          326099 1c008bd4 00e00633 add              x12, x0, x14        x12=0000006f x14:0000006f
18715843ns          326100 1c008bd6 008d0d13 addi             x26, x26, 8         x26=1c001128 x26:1c001120
18715863ns          326101 1c008bd8 0ffdfd93 andi             x27, x27, 255       x27=000000fe x27:000000fe
18715883ns          326102 1c008bdc 01d70b63 beq              x14, x29, 22        x14:0000006f x29:0000006f
18715943ns          326105 1c008bf2 00178793 addi             x15, x15, 1         x15=00000159 x15:00000158
18715963ns          326106 1c008bf4 000bc703 lbu              x14, 0(x23)         x14=000000fe x23:1c001124  PA:1c001124
18716261ns          326121 1c008bf8 1c000537 lui              x10, 0x1c000000     x10=1c000000
18716281ns          326122 1c008bfc 00fc2023 sw               x15, 0(x24)         x15:00000159 x24:1c001324  PA:1c001324
18716599ns          326138 1c008c00 30850593 addi             x11, x10, 776       x11=1c000308 x10:1c000000
18716619ns          326139 1c008c04 320a8e93 addi             x29, x21, 800       x29=1c001320 x21:1c001000
18716639ns          326140 1c008c08 01b00633 add              x12, x0, x27        x12=000000fe x27:000000fe
18716659ns          326141 1c008c0a 00e006b3 add              x13, x0, x14        x13=000000fe x14:000000fe
18716679ns          326142 1c008c0c 7d4a0513 addi             x10, x20, 2004      x10=1c0007d4 x20:1c000000
18716699ns          326143 1c008c10 00ed8b63 beq              x27, x14, 22        x27:000000fe x14:000000fe
18716758ns          326146 1c008c26 00178793 addi             x15, x15, 1         x15=0000015a x15:00000159
18716778ns          326147 1c008c28 1c000537 lui              x10, 0x1c000000     x10=1c000000
18716798ns          326148 1c008c2c 00fc2023 sw               x15, 0(x24)         x15:0000015a x24:1c001324  PA:1c001324
18717116ns          326164 1c008c30 32850593 addi             x11, x10, 808       x11=1c000328 x10:1c000000
18717136ns          326165 1c008c34 320a8713 addi             x14, x21, 800       x14=1c001320 x21:1c001000
18717156ns          326166 1c008c38 01a006b3 add              x13, x0, x26        x13=1c001128 x26:1c001128
18717176ns          326167 1c008c3a 01900633 add              x12, x0, x25        x12=1c001128 x25:1c001128
18717196ns          326168 1c008c3c 7d4a0513 addi             x10, x20, 2004      x10=1c0007d4 x20:1c000000
18717216ns          326169 1c008c40 01ac8963 beq              x25, x26, 18        x25:1c001128 x26:1c001128
18717315ns          326174 1c008c52 008b8b93 addi             x23, x23, 8         x23=1c00112c x23:1c001124
18717355ns          326176 1c008c54 f56997e3 bne              x19, x22, -178      x19:1c001190 x22:1c001170
18717415ns          326179 1c008ba2 00000713 addi             x14, x0, 0          x14=00000000
18717435ns          326180 1c008ba4 004b268b p.lw             x13, 4(x22!)        x13=00000004 x22=1c001174 x22:1c001170  PA:1c001170
18717753ns          326196 1c008ba8 01a00cb3 add              x25, x0, x26        x25=1c001128 x26:1c001128
18717773ns          326197 1c008baa 00e00db3 add              x27, x0, x14        x27=00000000 x14:00000000
18717793ns          326198 1c008bac 40dcf70b p.lbu            x14, x13(x25!)      x14=000000ea x25=1c00112c x13:00000004 x25:1c001128  PA:1c001128
18718091ns          326213 1c008bb0 40dcfd8b p.lbu            x27, x13(x25!)      x27=00000018 x25=1c001130 x13:00000004 x25:1c00112c  PA:1c00112c
18718389ns          326228 1c008bb4 000d4e83 lbu              x29, 0(x26)         x29=000000ea x26:1c001128  PA:1c001128
18718688ns          326243 1c008bb8 00178793 addi             x15, x15, 1         x15=0000015b x15:0000015a
18718708ns          326244 1c008bba 1c0006b7 lui              x13, 0x1c000000     x13=1c000000
18718728ns          326245 1c008bbe 0ff77713 andi             x14, x14, 255       x14=000000ea x14:000000ea
18718747ns          326246 1c008bc2 00fc2023 sw               x15, 0(x24)         x15:0000015b x24:1c001324  PA:1c001324
18719066ns          326262 1c008bc6 2e868593 addi             x11, x13, 744       x11=1c0002e8 x13:1c000000
18719086ns          326263 1c008bca 320a8f13 addi             x30, x21, 800       x30=1c001320 x21:1c001000
18719105ns          326264 1c008bce 01d006b3 add              x13, x0, x29        x13=000000ea x29:000000ea
18719125ns          326265 1c008bd0 7d4a0513 addi             x10, x20, 2004      x10=1c0007d4 x20:1c000000
18719145ns          326266 1c008bd4 00e00633 add              x12, x0, x14        x12=000000ea x14:000000ea
18719165ns          326267 1c008bd6 008d0d13 addi             x26, x26, 8         x26=1c001130 x26:1c001128
18719185ns          326268 1c008bd8 0ffdfd93 andi             x27, x27, 255       x27=00000018 x27:00000018
18719205ns          326269 1c008bdc 01d70b63 beq              x14, x29, 22        x14:000000ea x29:000000ea
18719265ns          326272 1c008bf2 00178793 addi             x15, x15, 1         x15=0000015c x15:0000015b
18719284ns          326273 1c008bf4 000bc703 lbu              x14, 0(x23)         x14=00000018 x23:1c00112c  PA:1c00112c
18719583ns          326288 1c008bf8 1c000537 lui              x10, 0x1c000000     x10=1c000000
18719603ns          326289 1c008bfc 00fc2023 sw               x15, 0(x24)         x15:0000015c x24:1c001324  PA:1c001324
18719921ns          326305 1c008c00 30850593 addi             x11, x10, 776       x11=1c000308 x10:1c000000
18719941ns          326306 1c008c04 320a8e93 addi             x29, x21, 800       x29=1c001320 x21:1c001000
18719961ns          326307 1c008c08 01b00633 add              x12, x0, x27        x12=00000018 x27:00000018
18719981ns          326308 1c008c0a 00e006b3 add              x13, x0, x14        x13=00000018 x14:00000018
18720001ns          326309 1c008c0c 7d4a0513 addi             x10, x20, 2004      x10=1c0007d4 x20:1c000000
18720020ns          326310 1c008c10 00ed8b63 beq              x27, x14, 22        x27:00000018 x14:00000018
18720080ns          326313 1c008c26 00178793 addi             x15, x15, 1         x15=0000015d x15:0000015c
18720100ns          326314 1c008c28 1c000537 lui              x10, 0x1c000000     x10=1c000000
18720120ns          326315 1c008c2c 00fc2023 sw               x15, 0(x24)         x15:0000015d x24:1c001324  PA:1c001324
18720438ns          326331 1c008c30 32850593 addi             x11, x10, 808       x11=1c000328 x10:1c000000
18720458ns          326332 1c008c34 320a8713 addi             x14, x21, 800       x14=1c001320 x21:1c001000
18720478ns          326333 1c008c38 01a006b3 add              x13, x0, x26        x13=1c001130 x26:1c001130
18720498ns          326334 1c008c3a 01900633 add              x12, x0, x25        x12=1c001130 x25:1c001130
18720518ns          326335 1c008c3c 7d4a0513 addi             x10, x20, 2004      x10=1c0007d4 x20:1c000000
18720538ns          326336 1c008c40 01ac8963 beq              x25, x26, 18        x25:1c001130 x26:1c001130
18720637ns          326341 1c008c52 008b8b93 addi             x23, x23, 8         x23=1c001134 x23:1c00112c
18720677ns          326343 1c008c54 f56997e3 bne              x19, x22, -178      x19:1c001190 x22:1c001174
18720737ns          326346 1c008ba2 00000713 addi             x14, x0, 0          x14=00000000
18720756ns          326347 1c008ba4 004b268b p.lw             x13, 4(x22!)        x13=00000004 x22=1c001178 x22:1c001174  PA:1c001174
18721055ns          326362 1c008ba8 01a00cb3 add              x25, x0, x26        x25=1c001130 x26:1c001130
18721075ns          326363 1c008baa 00e00db3 add              x27, x0, x14        x27=00000000 x14:00000000
18721095ns          326364 1c008bac 40dcf70b p.lbu            x14, x13(x25!)      x14=00000038 x25=1c001134 x13:00000004 x25:1c001130  PA:1c001130
18721393ns          326379 1c008bb0 40dcfd8b p.lbu            x27, x13(x25!)      x27=00000004 x25=1c001138 x13:00000004 x25:1c001134  PA:1c001134
18721691ns          326394 1c008bb4 000d4e83 lbu              x29, 0(x26)         x29=00000038 x26:1c001130  PA:1c001130
18722010ns          326410 1c008bb8 00178793 addi             x15, x15, 1         x15=0000015e x15:0000015d
18722029ns          326411 1c008bba 1c0006b7 lui              x13, 0x1c000000     x13=1c000000
18722049ns          326412 1c008bbe 0ff77713 andi             x14, x14, 255       x14=00000038 x14:00000038
18722069ns          326413 1c008bc2 00fc2023 sw               x15, 0(x24)         x15:0000015e x24:1c001324  PA:1c001324
18722407ns          326430 1c008bc6 2e868593 addi             x11, x13, 744       x11=1c0002e8 x13:1c000000
18722427ns          326431 1c008bca 320a8f13 addi             x30, x21, 800       x30=1c001320 x21:1c001000
18722447ns          326432 1c008bce 01d006b3 add              x13, x0, x29        x13=00000038 x29:00000038
18722467ns          326433 1c008bd0 7d4a0513 addi             x10, x20, 2004      x10=1c0007d4 x20:1c000000
18722487ns          326434 1c008bd4 00e00633 add              x12, x0, x14        x12=00000038 x14:00000038
18722507ns          326435 1c008bd6 008d0d13 addi             x26, x26, 8         x26=1c001138 x26:1c001130
18722527ns          326436 1c008bd8 0ffdfd93 andi             x27, x27, 255       x27=00000004 x27:00000004
18722547ns          326437 1c008bdc 01d70b63 beq              x14, x29, 22        x14:00000038 x29:00000038
18722606ns          326440 1c008bf2 00178793 addi             x15, x15, 1         x15=0000015f x15:0000015e
18722626ns          326441 1c008bf4 000bc703 lbu              x14, 0(x23)         x14=00000004 x23:1c001134  PA:1c001134
18722925ns          326456 1c008bf8 1c000537 lui              x10, 0x1c000000     x10=1c000000
18722944ns          326457 1c008bfc 00fc2023 sw               x15, 0(x24)         x15:0000015f x24:1c001324  PA:1c001324
18723263ns          326473 1c008c00 30850593 addi             x11, x10, 776       x11=1c000308 x10:1c000000
18723283ns          326474 1c008c04 320a8e93 addi             x29, x21, 800       x29=1c001320 x21:1c001000
18723302ns          326475 1c008c08 01b00633 add              x12, x0, x27        x12=00000004 x27:00000004
18723322ns          326476 1c008c0a 00e006b3 add              x13, x0, x14        x13=00000004 x14:00000004
18723342ns          326477 1c008c0c 7d4a0513 addi             x10, x20, 2004      x10=1c0007d4 x20:1c000000
18723362ns          326478 1c008c10 00ed8b63 beq              x27, x14, 22        x27:00000004 x14:00000004
18723422ns          326481 1c008c26 00178793 addi             x15, x15, 1         x15=00000160 x15:0000015f
18723442ns          326482 1c008c28 1c000537 lui              x10, 0x1c000000     x10=1c000000
18723462ns          326483 1c008c2c 00fc2023 sw               x15, 0(x24)         x15:00000160 x24:1c001324  PA:1c001324
18723780ns          326499 1c008c30 32850593 addi             x11, x10, 808       x11=1c000328 x10:1c000000
18723800ns          326500 1c008c34 320a8713 addi             x14, x21, 800       x14=1c001320 x21:1c001000
18723820ns          326501 1c008c38 01a006b3 add              x13, x0, x26        x13=1c001138 x26:1c001138
18723839ns          326502 1c008c3a 01900633 add              x12, x0, x25        x12=1c001138 x25:1c001138
18723859ns          326503 1c008c3c 7d4a0513 addi             x10, x20, 2004      x10=1c0007d4 x20:1c000000
18723879ns          326504 1c008c40 01ac8963 beq              x25, x26, 18        x25:1c001138 x26:1c001138
18723979ns          326509 1c008c52 008b8b93 addi             x23, x23, 8         x23=1c00113c x23:1c001134
18724018ns          326511 1c008c54 f56997e3 bne              x19, x22, -178      x19:1c001190 x22:1c001178
18724078ns          326514 1c008ba2 00000713 addi             x14, x0, 0          x14=00000000
18724098ns          326515 1c008ba4 004b268b p.lw             x13, 4(x22!)        x13=00000004 x22=1c00117c x22:1c001178  PA:1c001178
18724416ns          326531 1c008ba8 01a00cb3 add              x25, x0, x26        x25=1c001138 x26:1c001138
18724436ns          326532 1c008baa 00e00db3 add              x27, x0, x14        x27=00000000 x14:00000000
18724456ns          326533 1c008bac 40dcf70b p.lbu            x14, x13(x25!)      x14=0000009a x25=1c00113c x13:00000004 x25:1c001138  PA:1c001138
18724754ns          326548 1c008bb0 40dcfd8b p.lbu            x27, x13(x25!)      x27=00000001 x25=1c001140 x13:00000004 x25:1c00113c  PA:1c00113c
18725053ns          326563 1c008bb4 000d4e83 lbu              x29, 0(x26)         x29=0000009a x26:1c001138  PA:1c001138
18725351ns          326578 1c008bb8 00178793 addi             x15, x15, 1         x15=00000161 x15:00000160
18725371ns          326579 1c008bba 1c0006b7 lui              x13, 0x1c000000     x13=1c000000
18725391ns          326580 1c008bbe 0ff77713 andi             x14, x14, 255       x14=0000009a x14:0000009a
18725411ns          326581 1c008bc2 00fc2023 sw               x15, 0(x24)         x15:00000161 x24:1c001324  PA:1c001324
18725729ns          326597 1c008bc6 2e868593 addi             x11, x13, 744       x11=1c0002e8 x13:1c000000
18725749ns          326598 1c008bca 320a8f13 addi             x30, x21, 800       x30=1c001320 x21:1c001000
18725769ns          326599 1c008bce 01d006b3 add              x13, x0, x29        x13=0000009a x29:0000009a
18725789ns          326600 1c008bd0 7d4a0513 addi             x10, x20, 2004      x10=1c0007d4 x20:1c000000
18725809ns          326601 1c008bd4 00e00633 add              x12, x0, x14        x12=0000009a x14:0000009a
18725829ns          326602 1c008bd6 008d0d13 addi             x26, x26, 8         x26=1c001140 x26:1c001138
18725848ns          326603 1c008bd8 0ffdfd93 andi             x27, x27, 255       x27=00000001 x27:00000001
18725868ns          326604 1c008bdc 01d70b63 beq              x14, x29, 22        x14:0000009a x29:0000009a
18725928ns          326607 1c008bf2 00178793 addi             x15, x15, 1         x15=00000162 x15:00000161
18725948ns          326608 1c008bf4 000bc703 lbu              x14, 0(x23)         x14=00000001 x23:1c00113c  PA:1c00113c
18726246ns          326623 1c008bf8 1c000537 lui              x10, 0x1c000000     x10=1c000000
18726266ns          326624 1c008bfc 00fc2023 sw               x15, 0(x24)         x15:00000162 x24:1c001324  PA:1c001324
18726584ns          326640 1c008c00 30850593 addi             x11, x10, 776       x11=1c000308 x10:1c000000
18726604ns          326641 1c008c04 320a8e93 addi             x29, x21, 800       x29=1c001320 x21:1c001000
18726624ns          326642 1c008c08 01b00633 add              x12, x0, x27        x12=00000001 x27:00000001
18726644ns          326643 1c008c0a 00e006b3 add              x13, x0, x14        x13=00000001 x14:00000001
18726664ns          326644 1c008c0c 7d4a0513 addi             x10, x20, 2004      x10=1c0007d4 x20:1c000000
18726684ns          326645 1c008c10 00ed8b63 beq              x27, x14, 22        x27:00000001 x14:00000001
18726744ns          326648 1c008c26 00178793 addi             x15, x15, 1         x15=00000163 x15:00000162
18726763ns          326649 1c008c28 1c000537 lui              x10, 0x1c000000     x10=1c000000
18726783ns          326650 1c008c2c 00fc2023 sw               x15, 0(x24)         x15:00000163 x24:1c001324  PA:1c001324
18727102ns          326666 1c008c30 32850593 addi             x11, x10, 808       x11=1c000328 x10:1c000000
18727121ns          326667 1c008c34 320a8713 addi             x14, x21, 800       x14=1c001320 x21:1c001000
18727141ns          326668 1c008c38 01a006b3 add              x13, x0, x26        x13=1c001140 x26:1c001140
18727161ns          326669 1c008c3a 01900633 add              x12, x0, x25        x12=1c001140 x25:1c001140
18727181ns          326670 1c008c3c 7d4a0513 addi             x10, x20, 2004      x10=1c0007d4 x20:1c000000
18727201ns          326671 1c008c40 01ac8963 beq              x25, x26, 18        x25:1c001140 x26:1c001140
18727261ns          326674 1c008c52 008b8b93 addi             x23, x23, 8         x23=1c001144 x23:1c00113c
18727281ns          326675 1c008c54 f56997e3 bne              x19, x22, -178      x19:1c001190 x22:1c00117c
18727340ns          326678 1c008ba2 00000713 addi             x14, x0, 0          x14=00000000
18727360ns          326679 1c008ba4 004b268b p.lw             x13, 4(x22!)        x13=00000004 x22=1c001180 x22:1c00117c  PA:1c00117c
18727659ns          326694 1c008ba8 01a00cb3 add              x25, x0, x26        x25=1c001140 x26:1c001140
18727678ns          326695 1c008baa 00e00db3 add              x27, x0, x14        x27=00000000 x14:00000000
18727698ns          326696 1c008bac 40dcf70b p.lbu            x14, x13(x25!)      x14=000000fb x25=1c001144 x13:00000004 x25:1c001140  PA:1c001140
18727997ns          326711 1c008bb0 40dcfd8b p.lbu            x27, x13(x25!)      x27=0000007d x25=1c001148 x13:00000004 x25:1c001144  PA:1c001144
18728295ns          326726 1c008bb4 000d4e83 lbu              x29, 0(x26)         x29=000000fb x26:1c001140  PA:1c001140
18728593ns          326741 1c008bb8 00178793 addi             x15, x15, 1         x15=00000164 x15:00000163
18728613ns          326742 1c008bba 1c0006b7 lui              x13, 0x1c000000     x13=1c000000
18728633ns          326743 1c008bbe 0ff77713 andi             x14, x14, 255       x14=000000fb x14:000000fb
18728653ns          326744 1c008bc2 00fc2023 sw               x15, 0(x24)         x15:00000164 x24:1c001324  PA:1c001324
18728971ns          326760 1c008bc6 2e868593 addi             x11, x13, 744       x11=1c0002e8 x13:1c000000
18728991ns          326761 1c008bca 320a8f13 addi             x30, x21, 800       x30=1c001320 x21:1c001000
18729011ns          326762 1c008bce 01d006b3 add              x13, x0, x29        x13=000000fb x29:000000fb
18729031ns          326763 1c008bd0 7d4a0513 addi             x10, x20, 2004      x10=1c0007d4 x20:1c000000
18729051ns          326764 1c008bd4 00e00633 add              x12, x0, x14        x12=000000fb x14:000000fb
18729071ns          326765 1c008bd6 008d0d13 addi             x26, x26, 8         x26=1c001148 x26:1c001140
18729091ns          326766 1c008bd8 0ffdfd93 andi             x27, x27, 255       x27=0000007d x27:0000007d
18729111ns          326767 1c008bdc 01d70b63 beq              x14, x29, 22        x14:000000fb x29:000000fb
18729170ns          326770 1c008bf2 00178793 addi             x15, x15, 1         x15=00000165 x15:00000164
18729190ns          326771 1c008bf4 000bc703 lbu              x14, 0(x23)         x14=0000007d x23:1c001144  PA:1c001144
18729488ns          326786 1c008bf8 1c000537 lui              x10, 0x1c000000     x10=1c000000
18729508ns          326787 1c008bfc 00fc2023 sw               x15, 0(x24)         x15:00000165 x24:1c001324  PA:1c001324
18729827ns          326803 1c008c00 30850593 addi             x11, x10, 776       x11=1c000308 x10:1c000000
18729846ns          326804 1c008c04 320a8e93 addi             x29, x21, 800       x29=1c001320 x21:1c001000
18729866ns          326805 1c008c08 01b00633 add              x12, x0, x27        x12=0000007d x27:0000007d
18729886ns          326806 1c008c0a 00e006b3 add              x13, x0, x14        x13=0000007d x14:0000007d
18729906ns          326807 1c008c0c 7d4a0513 addi             x10, x20, 2004      x10=1c0007d4 x20:1c000000
18729926ns          326808 1c008c10 00ed8b63 beq              x27, x14, 22        x27:0000007d x14:0000007d
18729986ns          326811 1c008c26 00178793 addi             x15, x15, 1         x15=00000166 x15:00000165
18730006ns          326812 1c008c28 1c000537 lui              x10, 0x1c000000     x10=1c000000
18730026ns          326813 1c008c2c 00fc2023 sw               x15, 0(x24)         x15:00000166 x24:1c001324  PA:1c001324
18730344ns          326829 1c008c30 32850593 addi             x11, x10, 808       x11=1c000328 x10:1c000000
18730364ns          326830 1c008c34 320a8713 addi             x14, x21, 800       x14=1c001320 x21:1c001000
18730384ns          326831 1c008c38 01a006b3 add              x13, x0, x26        x13=1c001148 x26:1c001148
18730403ns          326832 1c008c3a 01900633 add              x12, x0, x25        x12=1c001148 x25:1c001148
18730423ns          326833 1c008c3c 7d4a0513 addi             x10, x20, 2004      x10=1c0007d4 x20:1c000000
18730443ns          326834 1c008c40 01ac8963 beq              x25, x26, 18        x25:1c001148 x26:1c001148
18730503ns          326837 1c008c52 008b8b93 addi             x23, x23, 8         x23=1c00114c x23:1c001144
18730523ns          326838 1c008c54 f56997e3 bne              x19, x22, -178      x19:1c001190 x22:1c001180
18730582ns          326841 1c008ba2 00000713 addi             x14, x0, 0          x14=00000000
18730602ns          326842 1c008ba4 004b268b p.lw             x13, 4(x22!)        x13=00000004 x22=1c001184 x22:1c001180  PA:1c001180
18730901ns          326857 1c008ba8 01a00cb3 add              x25, x0, x26        x25=1c001148 x26:1c001148
18730921ns          326858 1c008baa 00e00db3 add              x27, x0, x14        x27=00000000 x14:00000000
18730940ns          326859 1c008bac 40dcf70b p.lbu            x14, x13(x25!)      x14=000000fd x25=1c00114c x13:00000004 x25:1c001148  PA:1c001148
18731239ns          326874 1c008bb0 40dcfd8b p.lbu            x27, x13(x25!)      x27=0000008c x25=1c001150 x13:00000004 x25:1c00114c  PA:1c00114c
18731537ns          326889 1c008bb4 000d4e83 lbu              x29, 0(x26)         x29=000000fd x26:1c001148  PA:1c001148
18731836ns          326904 1c008bb8 00178793 addi             x15, x15, 1         x15=00000167 x15:00000166
18731855ns          326905 1c008bba 1c0006b7 lui              x13, 0x1c000000     x13=1c000000
18731875ns          326906 1c008bbe 0ff77713 andi             x14, x14, 255       x14=000000fd x14:000000fd
18731895ns          326907 1c008bc2 00fc2023 sw               x15, 0(x24)         x15:00000167 x24:1c001324  PA:1c001324
18732213ns          326923 1c008bc6 2e868593 addi             x11, x13, 744       x11=1c0002e8 x13:1c000000
18732233ns          326924 1c008bca 320a8f13 addi             x30, x21, 800       x30=1c001320 x21:1c001000
18732253ns          326925 1c008bce 01d006b3 add              x13, x0, x29        x13=000000fd x29:000000fd
18732273ns          326926 1c008bd0 7d4a0513 addi             x10, x20, 2004      x10=1c0007d4 x20:1c000000
18732293ns          326927 1c008bd4 00e00633 add              x12, x0, x14        x12=000000fd x14:000000fd
18732313ns          326928 1c008bd6 008d0d13 addi             x26, x26, 8         x26=1c001150 x26:1c001148
18732333ns          326929 1c008bd8 0ffdfd93 andi             x27, x27, 255       x27=0000008c x27:0000008c
18732353ns          326930 1c008bdc 01d70b63 beq              x14, x29, 22        x14:000000fd x29:000000fd
18732412ns          326933 1c008bf2 00178793 addi             x15, x15, 1         x15=00000168 x15:00000167
18732432ns          326934 1c008bf4 000bc703 lbu              x14, 0(x23)         x14=0000008c x23:1c00114c  PA:1c00114c
18732751ns          326950 1c008bf8 1c000537 lui              x10, 0x1c000000     x10=1c000000
18732770ns          326951 1c008bfc 00fc2023 sw               x15, 0(x24)         x15:00000168 x24:1c001324  PA:1c001324
18733109ns          326968 1c008c00 30850593 addi             x11, x10, 776       x11=1c000308 x10:1c000000
18733128ns          326969 1c008c04 320a8e93 addi             x29, x21, 800       x29=1c001320 x21:1c001000
18733148ns          326970 1c008c08 01b00633 add              x12, x0, x27        x12=0000008c x27:0000008c
18733168ns          326971 1c008c0a 00e006b3 add              x13, x0, x14        x13=0000008c x14:0000008c
18733188ns          326972 1c008c0c 7d4a0513 addi             x10, x20, 2004      x10=1c0007d4 x20:1c000000
18733208ns          326973 1c008c10 00ed8b63 beq              x27, x14, 22        x27:0000008c x14:0000008c
18733268ns          326976 1c008c26 00178793 addi             x15, x15, 1         x15=00000169 x15:00000168
18733288ns          326977 1c008c28 1c000537 lui              x10, 0x1c000000     x10=1c000000
18733307ns          326978 1c008c2c 00fc2023 sw               x15, 0(x24)         x15:00000169 x24:1c001324  PA:1c001324
18733626ns          326994 1c008c30 32850593 addi             x11, x10, 808       x11=1c000328 x10:1c000000
18733646ns          326995 1c008c34 320a8713 addi             x14, x21, 800       x14=1c001320 x21:1c001000
18733666ns          326996 1c008c38 01a006b3 add              x13, x0, x26        x13=1c001150 x26:1c001150
18733685ns          326997 1c008c3a 01900633 add              x12, x0, x25        x12=1c001150 x25:1c001150
18733705ns          326998 1c008c3c 7d4a0513 addi             x10, x20, 2004      x10=1c0007d4 x20:1c000000
18733725ns          326999 1c008c40 01ac8963 beq              x25, x26, 18        x25:1c001150 x26:1c001150
18733785ns          327002 1c008c52 008b8b93 addi             x23, x23, 8         x23=1c001154 x23:1c00114c
18733805ns          327003 1c008c54 f56997e3 bne              x19, x22, -178      x19:1c001190 x22:1c001184
18733864ns          327006 1c008ba2 00000713 addi             x14, x0, 0          x14=00000000
18733884ns          327007 1c008ba4 004b268b p.lw             x13, 4(x22!)        x13=00000004 x22=1c001188 x22:1c001184  PA:1c001184
18734183ns          327022 1c008ba8 01a00cb3 add              x25, x0, x26        x25=1c001150 x26:1c001150
18734203ns          327023 1c008baa 00e00db3 add              x27, x0, x14        x27=00000000 x14:00000000
18734222ns          327024 1c008bac 40dcf70b p.lbu            x14, x13(x25!)      x14=000000e8 x25=1c001154 x13:00000004 x25:1c001150  PA:1c001150
18734521ns          327039 1c008bb0 40dcfd8b p.lbu            x27, x13(x25!)      x27=00000048 x25=1c001158 x13:00000004 x25:1c001154  PA:1c001154
18734819ns          327054 1c008bb4 000d4e83 lbu              x29, 0(x26)         x29=000000e8 x26:1c001150  PA:1c001150
18735118ns          327069 1c008bb8 00178793 addi             x15, x15, 1         x15=0000016a x15:00000169
18735137ns          327070 1c008bba 1c0006b7 lui              x13, 0x1c000000     x13=1c000000
18735157ns          327071 1c008bbe 0ff77713 andi             x14, x14, 255       x14=000000e8 x14:000000e8
18735177ns          327072 1c008bc2 00fc2023 sw               x15, 0(x24)         x15:0000016a x24:1c001324  PA:1c001324
18735495ns          327088 1c008bc6 2e868593 addi             x11, x13, 744       x11=1c0002e8 x13:1c000000
18735515ns          327089 1c008bca 320a8f13 addi             x30, x21, 800       x30=1c001320 x21:1c001000
18735535ns          327090 1c008bce 01d006b3 add              x13, x0, x29        x13=000000e8 x29:000000e8
18735555ns          327091 1c008bd0 7d4a0513 addi             x10, x20, 2004      x10=1c0007d4 x20:1c000000
18735575ns          327092 1c008bd4 00e00633 add              x12, x0, x14        x12=000000e8 x14:000000e8
18735595ns          327093 1c008bd6 008d0d13 addi             x26, x26, 8         x26=1c001158 x26:1c001150
18735615ns          327094 1c008bd8 0ffdfd93 andi             x27, x27, 255       x27=00000048 x27:00000048
18735635ns          327095 1c008bdc 01d70b63 beq              x14, x29, 22        x14:000000e8 x29:000000e8
18735694ns          327098 1c008bf2 00178793 addi             x15, x15, 1         x15=0000016b x15:0000016a
18735714ns          327099 1c008bf4 000bc703 lbu              x14, 0(x23)         x14=00000048 x23:1c001154  PA:1c001154
18736033ns          327115 1c008bf8 1c000537 lui              x10, 0x1c000000     x10=1c000000
18736052ns          327116 1c008bfc 00fc2023 sw               x15, 0(x24)         x15:0000016b x24:1c001324  PA:1c001324
18736371ns          327132 1c008c00 30850593 addi             x11, x10, 776       x11=1c000308 x10:1c000000
18736391ns          327133 1c008c04 320a8e93 addi             x29, x21, 800       x29=1c001320 x21:1c001000
18736410ns          327134 1c008c08 01b00633 add              x12, x0, x27        x12=00000048 x27:00000048
18736430ns          327135 1c008c0a 00e006b3 add              x13, x0, x14        x13=00000048 x14:00000048
18736450ns          327136 1c008c0c 7d4a0513 addi             x10, x20, 2004      x10=1c0007d4 x20:1c000000
18736470ns          327137 1c008c10 00ed8b63 beq              x27, x14, 22        x27:00000048 x14:00000048
18736530ns          327140 1c008c26 00178793 addi             x15, x15, 1         x15=0000016c x15:0000016b
18736550ns          327141 1c008c28 1c000537 lui              x10, 0x1c000000     x10=1c000000
18736570ns          327142 1c008c2c 00fc2023 sw               x15, 0(x24)         x15:0000016c x24:1c001324  PA:1c001324
18736888ns          327158 1c008c30 32850593 addi             x11, x10, 808       x11=1c000328 x10:1c000000
18736908ns          327159 1c008c34 320a8713 addi             x14, x21, 800       x14=1c001320 x21:1c001000
18736928ns          327160 1c008c38 01a006b3 add              x13, x0, x26        x13=1c001158 x26:1c001158
18736947ns          327161 1c008c3a 01900633 add              x12, x0, x25        x12=1c001158 x25:1c001158
18736967ns          327162 1c008c3c 7d4a0513 addi             x10, x20, 2004      x10=1c0007d4 x20:1c000000
18736987ns          327163 1c008c40 01ac8963 beq              x25, x26, 18        x25:1c001158 x26:1c001158
18737047ns          327166 1c008c52 008b8b93 addi             x23, x23, 8         x23=1c00115c x23:1c001154
18737067ns          327167 1c008c54 f56997e3 bne              x19, x22, -178      x19:1c001190 x22:1c001188
18737126ns          327170 1c008ba2 00000713 addi             x14, x0, 0          x14=00000000
18737146ns          327171 1c008ba4 004b268b p.lw             x13, 4(x22!)        x13=00000004 x22=1c00118c x22:1c001188  PA:1c001188
18737445ns          327186 1c008ba8 01a00cb3 add              x25, x0, x26        x25=1c001158 x26:1c001158
18737465ns          327187 1c008baa 00e00db3 add              x27, x0, x14        x27=00000000 x14:00000000
18737485ns          327188 1c008bac 40dcf70b p.lbu            x14, x13(x25!)      x14=0000006b x25=1c00115c x13:00000004 x25:1c001158  PA:1c001158
18737783ns          327203 1c008bb0 40dcfd8b p.lbu            x27, x13(x25!)      x27=00000097 x25=1c001160 x13:00000004 x25:1c00115c  PA:1c00115c
18738081ns          327218 1c008bb4 000d4e83 lbu              x29, 0(x26)         x29=0000006b x26:1c001158  PA:1c001158
18738380ns          327233 1c008bb8 00178793 addi             x15, x15, 1         x15=0000016d x15:0000016c
18738400ns          327234 1c008bba 1c0006b7 lui              x13, 0x1c000000     x13=1c000000
18738419ns          327235 1c008bbe 0ff77713 andi             x14, x14, 255       x14=0000006b x14:0000006b
18738439ns          327236 1c008bc2 00fc2023 sw               x15, 0(x24)         x15:0000016d x24:1c001324  PA:1c001324
18738758ns          327252 1c008bc6 2e868593 addi             x11, x13, 744       x11=1c0002e8 x13:1c000000
18738777ns          327253 1c008bca 320a8f13 addi             x30, x21, 800       x30=1c001320 x21:1c001000
18738797ns          327254 1c008bce 01d006b3 add              x13, x0, x29        x13=0000006b x29:0000006b
18738817ns          327255 1c008bd0 7d4a0513 addi             x10, x20, 2004      x10=1c0007d4 x20:1c000000
18738837ns          327256 1c008bd4 00e00633 add              x12, x0, x14        x12=0000006b x14:0000006b
18738857ns          327257 1c008bd6 008d0d13 addi             x26, x26, 8         x26=1c001160 x26:1c001158
18738877ns          327258 1c008bd8 0ffdfd93 andi             x27, x27, 255       x27=00000097 x27:00000097
18738897ns          327259 1c008bdc 01d70b63 beq              x14, x29, 22        x14:0000006b x29:0000006b
18738956ns          327262 1c008bf2 00178793 addi             x15, x15, 1         x15=0000016e x15:0000016d
18738976ns          327263 1c008bf4 000bc703 lbu              x14, 0(x23)         x14=00000097 x23:1c00115c  PA:1c00115c
18739295ns          327279 1c008bf8 1c000537 lui              x10, 0x1c000000     x10=1c000000
18739314ns          327280 1c008bfc 00fc2023 sw               x15, 0(x24)         x15:0000016e x24:1c001324  PA:1c001324
18739633ns          327296 1c008c00 30850593 addi             x11, x10, 776       x11=1c000308 x10:1c000000
18739653ns          327297 1c008c04 320a8e93 addi             x29, x21, 800       x29=1c001320 x21:1c001000
18739673ns          327298 1c008c08 01b00633 add              x12, x0, x27        x12=00000097 x27:00000097
18739692ns          327299 1c008c0a 00e006b3 add              x13, x0, x14        x13=00000097 x14:00000097
18739712ns          327300 1c008c0c 7d4a0513 addi             x10, x20, 2004      x10=1c0007d4 x20:1c000000
18739732ns          327301 1c008c10 00ed8b63 beq              x27, x14, 22        x27:00000097 x14:00000097
18739792ns          327304 1c008c26 00178793 addi             x15, x15, 1         x15=0000016f x15:0000016e
18739812ns          327305 1c008c28 1c000537 lui              x10, 0x1c000000     x10=1c000000
18739832ns          327306 1c008c2c 00fc2023 sw               x15, 0(x24)         x15:0000016f x24:1c001324  PA:1c001324
18740170ns          327323 1c008c30 32850593 addi             x11, x10, 808       x11=1c000328 x10:1c000000
18740190ns          327324 1c008c34 320a8713 addi             x14, x21, 800       x14=1c001320 x21:1c001000
18740210ns          327325 1c008c38 01a006b3 add              x13, x0, x26        x13=1c001160 x26:1c001160
18740229ns          327326 1c008c3a 01900633 add              x12, x0, x25        x12=1c001160 x25:1c001160
18740249ns          327327 1c008c3c 7d4a0513 addi             x10, x20, 2004      x10=1c0007d4 x20:1c000000
18740269ns          327328 1c008c40 01ac8963 beq              x25, x26, 18        x25:1c001160 x26:1c001160
18740329ns          327331 1c008c52 008b8b93 addi             x23, x23, 8         x23=1c001164 x23:1c00115c
18740349ns          327332 1c008c54 f56997e3 bne              x19, x22, -178      x19:1c001190 x22:1c00118c
18740408ns          327335 1c008ba2 00000713 addi             x14, x0, 0          x14=00000000
18740428ns          327336 1c008ba4 004b268b p.lw             x13, 4(x22!)        x13=00000004 x22=1c001190 x22:1c00118c  PA:1c00118c
18740727ns          327351 1c008ba8 01a00cb3 add              x25, x0, x26        x25=1c001160 x26:1c001160
18740747ns          327352 1c008baa 00e00db3 add              x27, x0, x14        x27=00000000 x14:00000000
18740767ns          327353 1c008bac 40dcf70b p.lbu            x14, x13(x25!)      x14=00000048 x25=1c001164 x13:00000004 x25:1c001160  PA:1c001160
18741085ns          327369 1c008bb0 40dcfd8b p.lbu            x27, x13(x25!)      x27=00000040 x25=1c001168 x13:00000004 x25:1c001164  PA:1c001164
18741383ns          327384 1c008bb4 000d4e83 lbu              x29, 0(x26)         x29=00000048 x26:1c001160  PA:1c001160
18741681ns          327399 1c008bb8 00178793 addi             x15, x15, 1         x15=00000170 x15:0000016f
18741701ns          327400 1c008bba 1c0006b7 lui              x13, 0x1c000000     x13=1c000000
18741721ns          327401 1c008bbe 0ff77713 andi             x14, x14, 255       x14=00000048 x14:00000048
18741741ns          327402 1c008bc2 00fc2023 sw               x15, 0(x24)         x15:00000170 x24:1c001324  PA:1c001324
18742059ns          327418 1c008bc6 2e868593 addi             x11, x13, 744       x11=1c0002e8 x13:1c000000
18742079ns          327419 1c008bca 320a8f13 addi             x30, x21, 800       x30=1c001320 x21:1c001000
18742099ns          327420 1c008bce 01d006b3 add              x13, x0, x29        x13=00000048 x29:00000048
18742119ns          327421 1c008bd0 7d4a0513 addi             x10, x20, 2004      x10=1c0007d4 x20:1c000000
18742139ns          327422 1c008bd4 00e00633 add              x12, x0, x14        x12=00000048 x14:00000048
18742159ns          327423 1c008bd6 008d0d13 addi             x26, x26, 8         x26=1c001168 x26:1c001160
18742179ns          327424 1c008bd8 0ffdfd93 andi             x27, x27, 255       x27=00000040 x27:00000040
18742199ns          327425 1c008bdc 01d70b63 beq              x14, x29, 22        x14:00000048 x29:00000048
18742258ns          327428 1c008bf2 00178793 addi             x15, x15, 1         x15=00000171 x15:00000170
18742278ns          327429 1c008bf4 000bc703 lbu              x14, 0(x23)         x14=00000040 x23:1c001164  PA:1c001164
18742596ns          327445 1c008bf8 1c000537 lui              x10, 0x1c000000     x10=1c000000
18742616ns          327446 1c008bfc 00fc2023 sw               x15, 0(x24)         x15:00000171 x24:1c001324  PA:1c001324
18742935ns          327462 1c008c00 30850593 addi             x11, x10, 776       x11=1c000308 x10:1c000000
18742954ns          327463 1c008c04 320a8e93 addi             x29, x21, 800       x29=1c001320 x21:1c001000
18742974ns          327464 1c008c08 01b00633 add              x12, x0, x27        x12=00000040 x27:00000040
18742994ns          327465 1c008c0a 00e006b3 add              x13, x0, x14        x13=00000040 x14:00000040
18743014ns          327466 1c008c0c 7d4a0513 addi             x10, x20, 2004      x10=1c0007d4 x20:1c000000
18743034ns          327467 1c008c10 00ed8b63 beq              x27, x14, 22        x27:00000040 x14:00000040
18743094ns          327470 1c008c26 00178793 addi             x15, x15, 1         x15=00000172 x15:00000171
18743114ns          327471 1c008c28 1c000537 lui              x10, 0x1c000000     x10=1c000000
18743134ns          327472 1c008c2c 00fc2023 sw               x15, 0(x24)         x15:00000172 x24:1c001324  PA:1c001324
18743452ns          327488 1c008c30 32850593 addi             x11, x10, 808       x11=1c000328 x10:1c000000
18743472ns          327489 1c008c34 320a8713 addi             x14, x21, 800       x14=1c001320 x21:1c001000
18743492ns          327490 1c008c38 01a006b3 add              x13, x0, x26        x13=1c001168 x26:1c001168
18743511ns          327491 1c008c3a 01900633 add              x12, x0, x25        x12=1c001168 x25:1c001168
18743531ns          327492 1c008c3c 7d4a0513 addi             x10, x20, 2004      x10=1c0007d4 x20:1c000000
18743551ns          327493 1c008c40 01ac8963 beq              x25, x26, 18        x25:1c001168 x26:1c001168
18743611ns          327496 1c008c52 008b8b93 addi             x23, x23, 8         x23=1c00116c x23:1c001164
18743631ns          327497 1c008c54 f56997e3 bne              x19, x22, -178      x19:1c001190 x22:1c001190
18743651ns          327498 1c008c58 00000b93 addi             x23, x0, 0          x23=00000000
18743671ns          327499 1c008c5a 1c001a37 lui              x20, 0x1c001000     x20=1c001000
18744108ns          327521 1c008c5e 1c000b37 lui              x22, 0x1c000000     x22=1c000000
18744148ns          327523 1c008c62 1c000db7 lui              x27, 0x1c000000     x27=1c000000
18744168ns          327524 1c008c66 1c000ab7 lui              x21, 0x1c000000     x21=1c000000
18744188ns          327525 1c008c6a 0060006f jal              x0, 6              
18744685ns          327550 1c008c70 0049268b p.lw             x13, 4(x18!)        x13=00000004 x18=1c00116c x18:1c001168  PA:1c001168
18744983ns          327565 1c008c74 01700733 add              x14, x0, x23        x14=00000000 x23:00000000
18745003ns          327566 1c008c76 00800cb3 add              x25, x0, x8         x25=1c001118  x8:1c001118
18745023ns          327567 1c008c78 01700d33 add              x26, x0, x23        x26=00000000 x23:00000000
18745043ns          327568 1c008c7a 00dcf70b p.lb             x14, x13(x25!)      x14=ffffff92 x25=1c00111c x13:00000004 x25:1c001118  PA:1c001118
18745361ns          327584 1c008c7e 00dcfd0b p.lb             x26, x13(x25!)      x26=ffffffd3 x25=1c001120 x13:00000004 x25:1c00111c  PA:1c00111c
18745680ns          327600 1c008c82 00044803 lbu              x16, 0(x8)          x16=00000092  x8:1c001118  PA:1c001118
18745998ns          327616 1c008c86 00178793 addi             x15, x15, 1         x15=00000173 x15:00000172
18746018ns          327617 1c008c88 0ff77713 andi             x14, x14, 255       x14=00000092 x14:ffffff92
18746038ns          327618 1c008c8c 00fc2023 sw               x15, 0(x24)         x15:00000173 x24:1c001324  PA:1c001324
18746356ns          327634 1c008c90 320a0313 addi             x6, x20, 800         x6=1c001320 x20:1c001000
18746376ns          327635 1c008c94 344b0593 addi             x11, x22, 836       x11=1c000344 x22:1c000000
18746396ns          327636 1c008c98 010006b3 add              x13, x0, x16        x13=00000092 x16:00000092
18746415ns          327637 1c008c9a 7d4d8513 addi             x10, x27, 2004      x10=1c0007d4 x27:1c000000
18746435ns          327638 1c008c9e 00e00633 add              x12, x0, x14        x12=00000092 x14:00000092
18746535ns          327643 1c008ca0 00840413 addi             x8, x8, 8            x8=1c001120  x8:1c001118
18746575ns          327645 1c008ca2 0ffd7d13 andi             x26, x26, 255       x26=000000d3 x26:ffffffd3
18746594ns          327646 1c008ca6 01070b63 beq              x14, x16, 22        x14:00000092 x16:00000092
18747092ns          327671 1c008cbc 00178793 addi             x15, x15, 1         x15=00000174 x15:00000173
18747529ns          327693 1c008cbe 0004c703 lbu              x14, 0(x9)          x14=000000d3  x9:1c00111c  PA:1c00111c
18747848ns          327709 1c008cc2 00fc2023 sw               x15, 0(x24)         x15:00000174 x24:1c001324  PA:1c001324
18748186ns          327726 1c008cc6 320a0813 addi             x16, x20, 800       x16=1c001320 x20:1c001000
18748206ns          327727 1c008cca 01a00633 add              x12, x0, x26        x12=000000d3 x26:000000d3
18748226ns          327728 1c008ccc 00e006b3 add              x13, x0, x14        x13=000000d3 x14:000000d3
18748325ns          327733 1c008cce 364a8593 addi             x11, x21, 868       x11=1c000364 x21:1c000000
18748365ns          327735 1c008cd2 7d4d8513 addi             x10, x27, 2004      x10=1c0007d4 x27:1c000000
18748385ns          327736 1c008cd6 00ed0b63 beq              x26, x14, 22        x26:000000d3 x14:000000d3
18748902ns          327762 1c008cec 00178793 addi             x15, x15, 1         x15=00000175 x15:00000174
18749339ns          327784 1c008cee 00fc2023 sw               x15, 0(x24)         x15:00000175 x24:1c001324  PA:1c001324
18749678ns          327801 1c008cf2 1c0007b7 lui              x15, 0x1c000000     x15=1c000000
18749697ns          327802 1c008cf6 320a0713 addi             x14, x20, 800       x14=1c001320 x20:1c001000
18749717ns          327803 1c008cfa 008006b3 add              x13, x0, x8         x13=1c001120  x8:1c001120
18749737ns          327804 1c008cfc 01900633 add              x12, x0, x25        x12=1c001120 x25:1c001120
18750175ns          327826 1c008cfe 38478593 addi             x11, x15, 900       x11=1c000384 x15:1c000000
18750215ns          327828 1c008d02 7d4d8513 addi             x10, x27, 2004      x10=1c0007d4 x27:1c000000
18750235ns          327829 1c008d06 008c8763 beq              x25, x8, 14         x25:1c001120  x8:1c001120
18750732ns          327854 1c008d14 00848493 addi             x9, x9, 8            x9=1c001124  x9:1c00111c
18750752ns          327855 1c008d16 f5299be3 bne              x19, x18, -170      x19:1c001190 x18:1c00116c
18751249ns          327880 1c008c6c 000c2783 lw               x15, 0(x24)         x15=00000175 x24:1c001324  PA:1c001324
18751547ns          327895 1c008c70 0049268b p.lw             x13, 4(x18!)        x13=00000004 x18=1c001170 x18:1c00116c  PA:1c00116c
18751846ns          327910 1c008c74 01700733 add              x14, x0, x23        x14=00000000 x23:00000000
18751866ns          327911 1c008c76 00800cb3 add              x25, x0, x8         x25=1c001120  x8:1c001120
18751885ns          327912 1c008c78 01700d33 add              x26, x0, x23        x26=00000000 x23:00000000
18751905ns          327913 1c008c7a 00dcf70b p.lb             x14, x13(x25!)      x14=0000006f x25=1c001124 x13:00000004 x25:1c001120  PA:1c001120
18752204ns          327928 1c008c7e 00dcfd0b p.lb             x26, x13(x25!)      x26=fffffffe x25=1c001128 x13:00000004 x25:1c001124  PA:1c001124
18752502ns          327943 1c008c82 00044803 lbu              x16, 0(x8)          x16=0000006f  x8:1c001120  PA:1c001120
18752800ns          327958 1c008c86 00178793 addi             x15, x15, 1         x15=00000176 x15:00000175
18752820ns          327959 1c008c88 0ff77713 andi             x14, x14, 255       x14=0000006f x14:0000006f
18752840ns          327960 1c008c8c 00fc2023 sw               x15, 0(x24)         x15:00000176 x24:1c001324  PA:1c001324
18753158ns          327976 1c008c90 320a0313 addi             x6, x20, 800         x6=1c001320 x20:1c001000
18753178ns          327977 1c008c94 344b0593 addi             x11, x22, 836       x11=1c000344 x22:1c000000
18753198ns          327978 1c008c98 010006b3 add              x13, x0, x16        x13=0000006f x16:0000006f
18753218ns          327979 1c008c9a 7d4d8513 addi             x10, x27, 2004      x10=1c0007d4 x27:1c000000
18753238ns          327980 1c008c9e 00e00633 add              x12, x0, x14        x12=0000006f x14:0000006f
18753258ns          327981 1c008ca0 00840413 addi             x8, x8, 8            x8=1c001128  x8:1c001120
18753278ns          327982 1c008ca2 0ffd7d13 andi             x26, x26, 255       x26=000000fe x26:fffffffe
18753298ns          327983 1c008ca6 01070b63 beq              x14, x16, 22        x14:0000006f x16:0000006f
18753357ns          327986 1c008cbc 00178793 addi             x15, x15, 1         x15=00000177 x15:00000176
18753377ns          327987 1c008cbe 0004c703 lbu              x14, 0(x9)          x14=000000fe  x9:1c001124  PA:1c001124
18753695ns          328003 1c008cc2 00fc2023 sw               x15, 0(x24)         x15:00000177 x24:1c001324  PA:1c001324
18754034ns          328020 1c008cc6 320a0813 addi             x16, x20, 800       x16=1c001320 x20:1c001000
18754054ns          328021 1c008cca 01a00633 add              x12, x0, x26        x12=000000fe x26:000000fe
18754073ns          328022 1c008ccc 00e006b3 add              x13, x0, x14        x13=000000fe x14:000000fe
18754093ns          328023 1c008cce 364a8593 addi             x11, x21, 868       x11=1c000364 x21:1c000000
18754113ns          328024 1c008cd2 7d4d8513 addi             x10, x27, 2004      x10=1c0007d4 x27:1c000000
18754133ns          328025 1c008cd6 00ed0b63 beq              x26, x14, 22        x26:000000fe x14:000000fe
18754193ns          328028 1c008cec 00178793 addi             x15, x15, 1         x15=00000178 x15:00000177
18754213ns          328029 1c008cee 00fc2023 sw               x15, 0(x24)         x15:00000178 x24:1c001324  PA:1c001324
18754531ns          328045 1c008cf2 1c0007b7 lui              x15, 0x1c000000     x15=1c000000
18754551ns          328046 1c008cf6 320a0713 addi             x14, x20, 800       x14=1c001320 x20:1c001000
18754571ns          328047 1c008cfa 008006b3 add              x13, x0, x8         x13=1c001128  x8:1c001128
18754591ns          328048 1c008cfc 01900633 add              x12, x0, x25        x12=1c001128 x25:1c001128
18754610ns          328049 1c008cfe 38478593 addi             x11, x15, 900       x11=1c000384 x15:1c000000
18754630ns          328050 1c008d02 7d4d8513 addi             x10, x27, 2004      x10=1c0007d4 x27:1c000000
18754650ns          328051 1c008d06 008c8763 beq              x25, x8, 14         x25:1c001128  x8:1c001128
18754710ns          328054 1c008d14 00848493 addi             x9, x9, 8            x9=1c00112c  x9:1c001124
18754730ns          328055 1c008d16 f5299be3 bne              x19, x18, -170      x19:1c001190 x18:1c001170
18754789ns          328058 1c008c6c 000c2783 lw               x15, 0(x24)         x15=00000178 x24:1c001324  PA:1c001324
18755108ns          328074 1c008c70 0049268b p.lw             x13, 4(x18!)        x13=00000004 x18=1c001174 x18:1c001170  PA:1c001170
18755426ns          328090 1c008c74 01700733 add              x14, x0, x23        x14=00000000 x23:00000000
18755446ns          328091 1c008c76 00800cb3 add              x25, x0, x8         x25=1c001128  x8:1c001128
18755466ns          328092 1c008c78 01700d33 add              x26, x0, x23        x26=00000000 x23:00000000
18755486ns          328093 1c008c7a 00dcf70b p.lb             x14, x13(x25!)      x14=ffffffea x25=1c00112c x13:00000004 x25:1c001128  PA:1c001128
18755784ns          328108 1c008c7e 00dcfd0b p.lb             x26, x13(x25!)      x26=00000018 x25=1c001130 x13:00000004 x25:1c00112c  PA:1c00112c
18756082ns          328123 1c008c82 00044803 lbu              x16, 0(x8)          x16=000000ea  x8:1c001128  PA:1c001128
18756381ns          328138 1c008c86 00178793 addi             x15, x15, 1         x15=00000179 x15:00000178
18756401ns          328139 1c008c88 0ff77713 andi             x14, x14, 255       x14=000000ea x14:ffffffea
18756421ns          328140 1c008c8c 00fc2023 sw               x15, 0(x24)         x15:00000179 x24:1c001324  PA:1c001324
18756739ns          328156 1c008c90 320a0313 addi             x6, x20, 800         x6=1c001320 x20:1c001000
18756759ns          328157 1c008c94 344b0593 addi             x11, x22, 836       x11=1c000344 x22:1c000000
18756779ns          328158 1c008c98 010006b3 add              x13, x0, x16        x13=000000ea x16:000000ea
18756798ns          328159 1c008c9a 7d4d8513 addi             x10, x27, 2004      x10=1c0007d4 x27:1c000000
18756818ns          328160 1c008c9e 00e00633 add              x12, x0, x14        x12=000000ea x14:000000ea
18756838ns          328161 1c008ca0 00840413 addi             x8, x8, 8            x8=1c001130  x8:1c001128
18756858ns          328162 1c008ca2 0ffd7d13 andi             x26, x26, 255       x26=00000018 x26:00000018
18756878ns          328163 1c008ca6 01070b63 beq              x14, x16, 22        x14:000000ea x16:000000ea
18756938ns          328166 1c008cbc 00178793 addi             x15, x15, 1         x15=0000017a x15:00000179
18756958ns          328167 1c008cbe 0004c703 lbu              x14, 0(x9)          x14=00000018  x9:1c00112c  PA:1c00112c
18757256ns          328182 1c008cc2 00fc2023 sw               x15, 0(x24)         x15:0000017a x24:1c001324  PA:1c001324
18757574ns          328198 1c008cc6 320a0813 addi             x16, x20, 800       x16=1c001320 x20:1c001000
18757594ns          328199 1c008cca 01a00633 add              x12, x0, x26        x12=00000018 x26:00000018
18757614ns          328200 1c008ccc 00e006b3 add              x13, x0, x14        x13=00000018 x14:00000018
18757634ns          328201 1c008cce 364a8593 addi             x11, x21, 868       x11=1c000364 x21:1c000000
18757654ns          328202 1c008cd2 7d4d8513 addi             x10, x27, 2004      x10=1c0007d4 x27:1c000000
18757674ns          328203 1c008cd6 00ed0b63 beq              x26, x14, 22        x26:00000018 x14:00000018
18757733ns          328206 1c008cec 00178793 addi             x15, x15, 1         x15=0000017b x15:0000017a
18757753ns          328207 1c008cee 00fc2023 sw               x15, 0(x24)         x15:0000017b x24:1c001324  PA:1c001324
18758071ns          328223 1c008cf2 1c0007b7 lui              x15, 0x1c000000     x15=1c000000
18758091ns          328224 1c008cf6 320a0713 addi             x14, x20, 800       x14=1c001320 x20:1c001000
18758111ns          328225 1c008cfa 008006b3 add              x13, x0, x8         x13=1c001130  x8:1c001130
18758131ns          328226 1c008cfc 01900633 add              x12, x0, x25        x12=1c001130 x25:1c001130
18758151ns          328227 1c008cfe 38478593 addi             x11, x15, 900       x11=1c000384 x15:1c000000
18758171ns          328228 1c008d02 7d4d8513 addi             x10, x27, 2004      x10=1c0007d4 x27:1c000000
18758191ns          328229 1c008d06 008c8763 beq              x25, x8, 14         x25:1c001130  x8:1c001130
18758250ns          328232 1c008d14 00848493 addi             x9, x9, 8            x9=1c001134  x9:1c00112c
18758270ns          328233 1c008d16 f5299be3 bne              x19, x18, -170      x19:1c001190 x18:1c001174
18758330ns          328236 1c008c6c 000c2783 lw               x15, 0(x24)         x15=0000017b x24:1c001324  PA:1c001324
18758648ns          328252 1c008c70 0049268b p.lw             x13, 4(x18!)        x13=00000004 x18=1c001178 x18:1c001174  PA:1c001174
18758947ns          328267 1c008c74 01700733 add              x14, x0, x23        x14=00000000 x23:00000000
18758967ns          328268 1c008c76 00800cb3 add              x25, x0, x8         x25=1c001130  x8:1c001130
18758986ns          328269 1c008c78 01700d33 add              x26, x0, x23        x26=00000000 x23:00000000
18759006ns          328270 1c008c7a 00dcf70b p.lb             x14, x13(x25!)      x14=00000038 x25=1c001134 x13:00000004 x25:1c001130  PA:1c001130
18759325ns          328286 1c008c7e 00dcfd0b p.lb             x26, x13(x25!)      x26=00000004 x25=1c001138 x13:00000004 x25:1c001134  PA:1c001134
18759623ns          328301 1c008c82 00044803 lbu              x16, 0(x8)          x16=00000038  x8:1c001130  PA:1c001130
18759921ns          328316 1c008c86 00178793 addi             x15, x15, 1         x15=0000017c x15:0000017b
18759941ns          328317 1c008c88 0ff77713 andi             x14, x14, 255       x14=00000038 x14:00000038
18759961ns          328318 1c008c8c 00fc2023 sw               x15, 0(x24)         x15:0000017c x24:1c001324  PA:1c001324
18760279ns          328334 1c008c90 320a0313 addi             x6, x20, 800         x6=1c001320 x20:1c001000
18760299ns          328335 1c008c94 344b0593 addi             x11, x22, 836       x11=1c000344 x22:1c000000
18760319ns          328336 1c008c98 010006b3 add              x13, x0, x16        x13=00000038 x16:00000038
18760339ns          328337 1c008c9a 7d4d8513 addi             x10, x27, 2004      x10=1c0007d4 x27:1c000000
18760359ns          328338 1c008c9e 00e00633 add              x12, x0, x14        x12=00000038 x14:00000038
18760379ns          328339 1c008ca0 00840413 addi             x8, x8, 8            x8=1c001138  x8:1c001130
18760399ns          328340 1c008ca2 0ffd7d13 andi             x26, x26, 255       x26=00000004 x26:00000004
18760419ns          328341 1c008ca6 01070b63 beq              x14, x16, 22        x14:00000038 x16:00000038
18760478ns          328344 1c008cbc 00178793 addi             x15, x15, 1         x15=0000017d x15:0000017c
18760498ns          328345 1c008cbe 0004c703 lbu              x14, 0(x9)          x14=00000004  x9:1c001134  PA:1c001134
18760796ns          328360 1c008cc2 00fc2023 sw               x15, 0(x24)         x15:0000017d x24:1c001324  PA:1c001324
18761115ns          328376 1c008cc6 320a0813 addi             x16, x20, 800       x16=1c001320 x20:1c001000
18761135ns          328377 1c008cca 01a00633 add              x12, x0, x26        x12=00000004 x26:00000004
18761155ns          328378 1c008ccc 00e006b3 add              x13, x0, x14        x13=00000004 x14:00000004
18761174ns          328379 1c008cce 364a8593 addi             x11, x21, 868       x11=1c000364 x21:1c000000
18761194ns          328380 1c008cd2 7d4d8513 addi             x10, x27, 2004      x10=1c0007d4 x27:1c000000
18761214ns          328381 1c008cd6 00ed0b63 beq              x26, x14, 22        x26:00000004 x14:00000004
18761274ns          328384 1c008cec 00178793 addi             x15, x15, 1         x15=0000017e x15:0000017d
18761294ns          328385 1c008cee 00fc2023 sw               x15, 0(x24)         x15:0000017e x24:1c001324  PA:1c001324
18761612ns          328401 1c008cf2 1c0007b7 lui              x15, 0x1c000000     x15=1c000000
18761632ns          328402 1c008cf6 320a0713 addi             x14, x20, 800       x14=1c001320 x20:1c001000
18761652ns          328403 1c008cfa 008006b3 add              x13, x0, x8         x13=1c001138  x8:1c001138
18761672ns          328404 1c008cfc 01900633 add              x12, x0, x25        x12=1c001138 x25:1c001138
18761692ns          328405 1c008cfe 38478593 addi             x11, x15, 900       x11=1c000384 x15:1c000000
18761711ns          328406 1c008d02 7d4d8513 addi             x10, x27, 2004      x10=1c0007d4 x27:1c000000
18761731ns          328407 1c008d06 008c8763 beq              x25, x8, 14         x25:1c001138  x8:1c001138
18761791ns          328410 1c008d14 00848493 addi             x9, x9, 8            x9=1c00113c  x9:1c001134
18761811ns          328411 1c008d16 f5299be3 bne              x19, x18, -170      x19:1c001190 x18:1c001178
18761871ns          328414 1c008c6c 000c2783 lw               x15, 0(x24)         x15=0000017e x24:1c001324  PA:1c001324
18762189ns          328430 1c008c70 0049268b p.lw             x13, 4(x18!)        x13=00000004 x18=1c00117c x18:1c001178  PA:1c001178
18762487ns          328445 1c008c74 01700733 add              x14, x0, x23        x14=00000000 x23:00000000
18762507ns          328446 1c008c76 00800cb3 add              x25, x0, x8         x25=1c001138  x8:1c001138
18762527ns          328447 1c008c78 01700d33 add              x26, x0, x23        x26=00000000 x23:00000000
18762547ns          328448 1c008c7a 00dcf70b p.lb             x14, x13(x25!)      x14=ffffff9a x25=1c00113c x13:00000004 x25:1c001138  PA:1c001138
18762845ns          328463 1c008c7e 00dcfd0b p.lb             x26, x13(x25!)      x26=00000001 x25=1c001140 x13:00000004 x25:1c00113c  PA:1c00113c
18763144ns          328478 1c008c82 00044803 lbu              x16, 0(x8)          x16=0000009a  x8:1c001138  PA:1c001138
18763442ns          328493 1c008c86 00178793 addi             x15, x15, 1         x15=0000017f x15:0000017e
18763462ns          328494 1c008c88 0ff77713 andi             x14, x14, 255       x14=0000009a x14:ffffff9a
18763482ns          328495 1c008c8c 00fc2023 sw               x15, 0(x24)         x15:0000017f x24:1c001324  PA:1c001324
18763800ns          328511 1c008c90 320a0313 addi             x6, x20, 800         x6=1c001320 x20:1c001000
18763820ns          328512 1c008c94 344b0593 addi             x11, x22, 836       x11=1c000344 x22:1c000000
18763840ns          328513 1c008c98 010006b3 add              x13, x0, x16        x13=0000009a x16:0000009a
18763860ns          328514 1c008c9a 7d4d8513 addi             x10, x27, 2004      x10=1c0007d4 x27:1c000000
18763880ns          328515 1c008c9e 00e00633 add              x12, x0, x14        x12=0000009a x14:0000009a
18763899ns          328516 1c008ca0 00840413 addi             x8, x8, 8            x8=1c001140  x8:1c001138
18763919ns          328517 1c008ca2 0ffd7d13 andi             x26, x26, 255       x26=00000001 x26:00000001
18763939ns          328518 1c008ca6 01070b63 beq              x14, x16, 22        x14:0000009a x16:0000009a
18763999ns          328521 1c008cbc 00178793 addi             x15, x15, 1         x15=00000180 x15:0000017f
18764019ns          328522 1c008cbe 0004c703 lbu              x14, 0(x9)          x14=00000001  x9:1c00113c  PA:1c00113c
18764317ns          328537 1c008cc2 00fc2023 sw               x15, 0(x24)         x15:00000180 x24:1c001324  PA:1c001324
18764655ns          328554 1c008cc6 320a0813 addi             x16, x20, 800       x16=1c001320 x20:1c001000
18764675ns          328555 1c008cca 01a00633 add              x12, x0, x26        x12=00000001 x26:00000001
18764695ns          328556 1c008ccc 00e006b3 add              x13, x0, x14        x13=00000001 x14:00000001
18764715ns          328557 1c008cce 364a8593 addi             x11, x21, 868       x11=1c000364 x21:1c000000
18764735ns          328558 1c008cd2 7d4d8513 addi             x10, x27, 2004      x10=1c0007d4 x27:1c000000
18764755ns          328559 1c008cd6 00ed0b63 beq              x26, x14, 22        x26:00000001 x14:00000001
18764814ns          328562 1c008cec 00178793 addi             x15, x15, 1         x15=00000181 x15:00000180
18764834ns          328563 1c008cee 00fc2023 sw               x15, 0(x24)         x15:00000181 x24:1c001324  PA:1c001324
18765153ns          328579 1c008cf2 1c0007b7 lui              x15, 0x1c000000     x15=1c000000
18765172ns          328580 1c008cf6 320a0713 addi             x14, x20, 800       x14=1c001320 x20:1c001000
18765192ns          328581 1c008cfa 008006b3 add              x13, x0, x8         x13=1c001140  x8:1c001140
18765212ns          328582 1c008cfc 01900633 add              x12, x0, x25        x12=1c001140 x25:1c001140
18765232ns          328583 1c008cfe 38478593 addi             x11, x15, 900       x11=1c000384 x15:1c000000
18765252ns          328584 1c008d02 7d4d8513 addi             x10, x27, 2004      x10=1c0007d4 x27:1c000000
18765272ns          328585 1c008d06 008c8763 beq              x25, x8, 14         x25:1c001140  x8:1c001140
18765332ns          328588 1c008d14 00848493 addi             x9, x9, 8            x9=1c001144  x9:1c00113c
18765351ns          328589 1c008d16 f5299be3 bne              x19, x18, -170      x19:1c001190 x18:1c00117c
18765411ns          328592 1c008c6c 000c2783 lw               x15, 0(x24)         x15=00000181 x24:1c001324  PA:1c001324
18765710ns          328607 1c008c70 0049268b p.lw             x13, 4(x18!)        x13=00000004 x18=1c001180 x18:1c00117c  PA:1c00117c
18766028ns          328623 1c008c74 01700733 add              x14, x0, x23        x14=00000000 x23:00000000
18766048ns          328624 1c008c76 00800cb3 add              x25, x0, x8         x25=1c001140  x8:1c001140
18766068ns          328625 1c008c78 01700d33 add              x26, x0, x23        x26=00000000 x23:00000000
18766087ns          328626 1c008c7a 00dcf70b p.lb             x14, x13(x25!)      x14=fffffffb x25=1c001144 x13:00000004 x25:1c001140  PA:1c001140
18766386ns          328641 1c008c7e 00dcfd0b p.lb             x26, x13(x25!)      x26=0000007d x25=1c001148 x13:00000004 x25:1c001144  PA:1c001144
18766684ns          328656 1c008c82 00044803 lbu              x16, 0(x8)          x16=000000fb  x8:1c001140  PA:1c001140
18766983ns          328671 1c008c86 00178793 addi             x15, x15, 1         x15=00000182 x15:00000181
18767002ns          328672 1c008c88 0ff77713 andi             x14, x14, 255       x14=000000fb x14:fffffffb
18767022ns          328673 1c008c8c 00fc2023 sw               x15, 0(x24)         x15:00000182 x24:1c001324  PA:1c001324
18767360ns          328690 1c008c90 320a0313 addi             x6, x20, 800         x6=1c001320 x20:1c001000
18767380ns          328691 1c008c94 344b0593 addi             x11, x22, 836       x11=1c000344 x22:1c000000
18767400ns          328692 1c008c98 010006b3 add              x13, x0, x16        x13=000000fb x16:000000fb
18767420ns          328693 1c008c9a 7d4d8513 addi             x10, x27, 2004      x10=1c0007d4 x27:1c000000
18767440ns          328694 1c008c9e 00e00633 add              x12, x0, x14        x12=000000fb x14:000000fb
18767460ns          328695 1c008ca0 00840413 addi             x8, x8, 8            x8=1c001148  x8:1c001140
18767480ns          328696 1c008ca2 0ffd7d13 andi             x26, x26, 255       x26=0000007d x26:0000007d
18767500ns          328697 1c008ca6 01070b63 beq              x14, x16, 22        x14:000000fb x16:000000fb
18767559ns          328700 1c008cbc 00178793 addi             x15, x15, 1         x15=00000183 x15:00000182
18767579ns          328701 1c008cbe 0004c703 lbu              x14, 0(x9)          x14=0000007d  x9:1c001144  PA:1c001144
18767878ns          328716 1c008cc2 00fc2023 sw               x15, 0(x24)         x15:00000183 x24:1c001324  PA:1c001324
18768196ns          328732 1c008cc6 320a0813 addi             x16, x20, 800       x16=1c001320 x20:1c001000
18768216ns          328733 1c008cca 01a00633 add              x12, x0, x26        x12=0000007d x26:0000007d
18768236ns          328734 1c008ccc 00e006b3 add              x13, x0, x14        x13=0000007d x14:0000007d
18768256ns          328735 1c008cce 364a8593 addi             x11, x21, 868       x11=1c000364 x21:1c000000
18768275ns          328736 1c008cd2 7d4d8513 addi             x10, x27, 2004      x10=1c0007d4 x27:1c000000
18768295ns          328737 1c008cd6 00ed0b63 beq              x26, x14, 22        x26:0000007d x14:0000007d
18768355ns          328740 1c008cec 00178793 addi             x15, x15, 1         x15=00000184 x15:00000183
18768375ns          328741 1c008cee 00fc2023 sw               x15, 0(x24)         x15:00000184 x24:1c001324  PA:1c001324
18768693ns          328757 1c008cf2 1c0007b7 lui              x15, 0x1c000000     x15=1c000000
18768713ns          328758 1c008cf6 320a0713 addi             x14, x20, 800       x14=1c001320 x20:1c001000
18768733ns          328759 1c008cfa 008006b3 add              x13, x0, x8         x13=1c001148  x8:1c001148
18768753ns          328760 1c008cfc 01900633 add              x12, x0, x25        x12=1c001148 x25:1c001148
18768773ns          328761 1c008cfe 38478593 addi             x11, x15, 900       x11=1c000384 x15:1c000000
18768793ns          328762 1c008d02 7d4d8513 addi             x10, x27, 2004      x10=1c0007d4 x27:1c000000
18768812ns          328763 1c008d06 008c8763 beq              x25, x8, 14         x25:1c001148  x8:1c001148
18768872ns          328766 1c008d14 00848493 addi             x9, x9, 8            x9=1c00114c  x9:1c001144
18768892ns          328767 1c008d16 f5299be3 bne              x19, x18, -170      x19:1c001190 x18:1c001180
18768952ns          328770 1c008c6c 000c2783 lw               x15, 0(x24)         x15=00000184 x24:1c001324  PA:1c001324
18769250ns          328785 1c008c70 0049268b p.lw             x13, 4(x18!)        x13=00000004 x18=1c001184 x18:1c001180  PA:1c001180
18769548ns          328800 1c008c74 01700733 add              x14, x0, x23        x14=00000000 x23:00000000
18769568ns          328801 1c008c76 00800cb3 add              x25, x0, x8         x25=1c001148  x8:1c001148
18769588ns          328802 1c008c78 01700d33 add              x26, x0, x23        x26=00000000 x23:00000000
18769608ns          328803 1c008c7a 00dcf70b p.lb             x14, x13(x25!)      x14=fffffffd x25=1c00114c x13:00000004 x25:1c001148  PA:1c001148
18769926ns          328819 1c008c7e 00dcfd0b p.lb             x26, x13(x25!)      x26=ffffff8c x25=1c001150 x13:00000004 x25:1c00114c  PA:1c00114c
18770225ns          328834 1c008c82 00044803 lbu              x16, 0(x8)          x16=000000fd  x8:1c001148  PA:1c001148
18770523ns          328849 1c008c86 00178793 addi             x15, x15, 1         x15=00000185 x15:00000184
18770543ns          328850 1c008c88 0ff77713 andi             x14, x14, 255       x14=000000fd x14:fffffffd
18770563ns          328851 1c008c8c 00fc2023 sw               x15, 0(x24)         x15:00000185 x24:1c001324  PA:1c001324
18770881ns          328867 1c008c90 320a0313 addi             x6, x20, 800         x6=1c001320 x20:1c001000
18770901ns          328868 1c008c94 344b0593 addi             x11, x22, 836       x11=1c000344 x22:1c000000
18770921ns          328869 1c008c98 010006b3 add              x13, x0, x16        x13=000000fd x16:000000fd
18770941ns          328870 1c008c9a 7d4d8513 addi             x10, x27, 2004      x10=1c0007d4 x27:1c000000
18770961ns          328871 1c008c9e 00e00633 add              x12, x0, x14        x12=000000fd x14:000000fd
18770981ns          328872 1c008ca0 00840413 addi             x8, x8, 8            x8=1c001150  x8:1c001148
18771000ns          328873 1c008ca2 0ffd7d13 andi             x26, x26, 255       x26=0000008c x26:ffffff8c
18771020ns          328874 1c008ca6 01070b63 beq              x14, x16, 22        x14:000000fd x16:000000fd
18771080ns          328877 1c008cbc 00178793 addi             x15, x15, 1         x15=00000186 x15:00000185
18771100ns          328878 1c008cbe 0004c703 lbu              x14, 0(x9)          x14=0000008c  x9:1c00114c  PA:1c00114c
18771398ns          328893 1c008cc2 00fc2023 sw               x15, 0(x24)         x15:00000186 x24:1c001324  PA:1c001324
18771717ns          328909 1c008cc6 320a0813 addi             x16, x20, 800       x16=1c001320 x20:1c001000
18771736ns          328910 1c008cca 01a00633 add              x12, x0, x26        x12=0000008c x26:0000008c
18771756ns          328911 1c008ccc 00e006b3 add              x13, x0, x14        x13=0000008c x14:0000008c
18771776ns          328912 1c008cce 364a8593 addi             x11, x21, 868       x11=1c000364 x21:1c000000
18771796ns          328913 1c008cd2 7d4d8513 addi             x10, x27, 2004      x10=1c0007d4 x27:1c000000
18771816ns          328914 1c008cd6 00ed0b63 beq              x26, x14, 22        x26:0000008c x14:0000008c
18771876ns          328917 1c008cec 00178793 addi             x15, x15, 1         x15=00000187 x15:00000186
18771896ns          328918 1c008cee 00fc2023 sw               x15, 0(x24)         x15:00000187 x24:1c001324  PA:1c001324
18772214ns          328934 1c008cf2 1c0007b7 lui              x15, 0x1c000000     x15=1c000000
18772234ns          328935 1c008cf6 320a0713 addi             x14, x20, 800       x14=1c001320 x20:1c001000
18772254ns          328936 1c008cfa 008006b3 add              x13, x0, x8         x13=1c001150  x8:1c001150
18772273ns          328937 1c008cfc 01900633 add              x12, x0, x25        x12=1c001150 x25:1c001150
18772293ns          328938 1c008cfe 38478593 addi             x11, x15, 900       x11=1c000384 x15:1c000000
18772313ns          328939 1c008d02 7d4d8513 addi             x10, x27, 2004      x10=1c0007d4 x27:1c000000
18772333ns          328940 1c008d06 008c8763 beq              x25, x8, 14         x25:1c001150  x8:1c001150
18772393ns          328943 1c008d14 00848493 addi             x9, x9, 8            x9=1c001154  x9:1c00114c
18772413ns          328944 1c008d16 f5299be3 bne              x19, x18, -170      x19:1c001190 x18:1c001184
18772472ns          328947 1c008c6c 000c2783 lw               x15, 0(x24)         x15=00000187 x24:1c001324  PA:1c001324
18772791ns          328963 1c008c70 0049268b p.lw             x13, 4(x18!)        x13=00000004 x18=1c001188 x18:1c001184  PA:1c001184
18773089ns          328978 1c008c74 01700733 add              x14, x0, x23        x14=00000000 x23:00000000
18773109ns          328979 1c008c76 00800cb3 add              x25, x0, x8         x25=1c001150  x8:1c001150
18773129ns          328980 1c008c78 01700d33 add              x26, x0, x23        x26=00000000 x23:00000000
18773149ns          328981 1c008c7a 00dcf70b p.lb             x14, x13(x25!)      x14=ffffffe8 x25=1c001154 x13:00000004 x25:1c001150  PA:1c001150
18773447ns          328996 1c008c7e 00dcfd0b p.lb             x26, x13(x25!)      x26=00000048 x25=1c001158 x13:00000004 x25:1c001154  PA:1c001154
18773745ns          329011 1c008c82 00044803 lbu              x16, 0(x8)          x16=000000e8  x8:1c001150  PA:1c001150
18774044ns          329026 1c008c86 00178793 addi             x15, x15, 1         x15=00000188 x15:00000187
18774064ns          329027 1c008c88 0ff77713 andi             x14, x14, 255       x14=000000e8 x14:ffffffe8
18774084ns          329028 1c008c8c 00fc2023 sw               x15, 0(x24)         x15:00000188 x24:1c001324  PA:1c001324
18774402ns          329044 1c008c90 320a0313 addi             x6, x20, 800         x6=1c001320 x20:1c001000
18774422ns          329045 1c008c94 344b0593 addi             x11, x22, 836       x11=1c000344 x22:1c000000
18774442ns          329046 1c008c98 010006b3 add              x13, x0, x16        x13=000000e8 x16:000000e8
18774461ns          329047 1c008c9a 7d4d8513 addi             x10, x27, 2004      x10=1c0007d4 x27:1c000000
18774481ns          329048 1c008c9e 00e00633 add              x12, x0, x14        x12=000000e8 x14:000000e8
18774501ns          329049 1c008ca0 00840413 addi             x8, x8, 8            x8=1c001158  x8:1c001150
18774521ns          329050 1c008ca2 0ffd7d13 andi             x26, x26, 255       x26=00000048 x26:00000048
18774541ns          329051 1c008ca6 01070b63 beq              x14, x16, 22        x14:000000e8 x16:000000e8
18774601ns          329054 1c008cbc 00178793 addi             x15, x15, 1         x15=00000189 x15:00000188
18774621ns          329055 1c008cbe 0004c703 lbu              x14, 0(x9)          x14=00000048  x9:1c001154  PA:1c001154
18774919ns          329070 1c008cc2 00fc2023 sw               x15, 0(x24)         x15:00000189 x24:1c001324  PA:1c001324
18775257ns          329087 1c008cc6 320a0813 addi             x16, x20, 800       x16=1c001320 x20:1c001000
18775277ns          329088 1c008cca 01a00633 add              x12, x0, x26        x12=00000048 x26:00000048
18775297ns          329089 1c008ccc 00e006b3 add              x13, x0, x14        x13=00000048 x14:00000048
18775317ns          329090 1c008cce 364a8593 addi             x11, x21, 868       x11=1c000364 x21:1c000000
18775337ns          329091 1c008cd2 7d4d8513 addi             x10, x27, 2004      x10=1c0007d4 x27:1c000000
18775357ns          329092 1c008cd6 00ed0b63 beq              x26, x14, 22        x26:00000048 x14:00000048
18775416ns          329095 1c008cec 00178793 addi             x15, x15, 1         x15=0000018a x15:00000189
18775436ns          329096 1c008cee 00fc2023 sw               x15, 0(x24)         x15:0000018a x24:1c001324  PA:1c001324
18775754ns          329112 1c008cf2 1c0007b7 lui              x15, 0x1c000000     x15=1c000000
18775774ns          329113 1c008cf6 320a0713 addi             x14, x20, 800       x14=1c001320 x20:1c001000
18775794ns          329114 1c008cfa 008006b3 add              x13, x0, x8         x13=1c001158  x8:1c001158
18775814ns          329115 1c008cfc 01900633 add              x12, x0, x25        x12=1c001158 x25:1c001158
18775834ns          329116 1c008cfe 38478593 addi             x11, x15, 900       x11=1c000384 x15:1c000000
18775854ns          329117 1c008d02 7d4d8513 addi             x10, x27, 2004      x10=1c0007d4 x27:1c000000
18775874ns          329118 1c008d06 008c8763 beq              x25, x8, 14         x25:1c001158  x8:1c001158
18775933ns          329121 1c008d14 00848493 addi             x9, x9, 8            x9=1c00115c  x9:1c001154
18775953ns          329122 1c008d16 f5299be3 bne              x19, x18, -170      x19:1c001190 x18:1c001188
18776013ns          329125 1c008c6c 000c2783 lw               x15, 0(x24)         x15=0000018a x24:1c001324  PA:1c001324
18776311ns          329140 1c008c70 0049268b p.lw             x13, 4(x18!)        x13=00000004 x18=1c00118c x18:1c001188  PA:1c001188
18776630ns          329156 1c008c74 01700733 add              x14, x0, x23        x14=00000000 x23:00000000
18776649ns          329157 1c008c76 00800cb3 add              x25, x0, x8         x25=1c001158  x8:1c001158
18776669ns          329158 1c008c78 01700d33 add              x26, x0, x23        x26=00000000 x23:00000000
18776689ns          329159 1c008c7a 00dcf70b p.lb             x14, x13(x25!)      x14=0000006b x25=1c00115c x13:00000004 x25:1c001158  PA:1c001158
18776988ns          329174 1c008c7e 00dcfd0b p.lb             x26, x13(x25!)      x26=ffffff97 x25=1c001160 x13:00000004 x25:1c00115c  PA:1c00115c
18777286ns          329189 1c008c82 00044803 lbu              x16, 0(x8)          x16=0000006b  x8:1c001158  PA:1c001158
18777584ns          329204 1c008c86 00178793 addi             x15, x15, 1         x15=0000018b x15:0000018a
18777604ns          329205 1c008c88 0ff77713 andi             x14, x14, 255       x14=0000006b x14:0000006b
18777624ns          329206 1c008c8c 00fc2023 sw               x15, 0(x24)         x15:0000018b x24:1c001324  PA:1c001324
18777962ns          329223 1c008c90 320a0313 addi             x6, x20, 800         x6=1c001320 x20:1c001000
18777982ns          329224 1c008c94 344b0593 addi             x11, x22, 836       x11=1c000344 x22:1c000000
18778002ns          329225 1c008c98 010006b3 add              x13, x0, x16        x13=0000006b x16:0000006b
18778022ns          329226 1c008c9a 7d4d8513 addi             x10, x27, 2004      x10=1c0007d4 x27:1c000000
18778042ns          329227 1c008c9e 00e00633 add              x12, x0, x14        x12=0000006b x14:0000006b
18778062ns          329228 1c008ca0 00840413 addi             x8, x8, 8            x8=1c001160  x8:1c001158
18778082ns          329229 1c008ca2 0ffd7d13 andi             x26, x26, 255       x26=00000097 x26:ffffff97
18778101ns          329230 1c008ca6 01070b63 beq              x14, x16, 22        x14:0000006b x16:0000006b
18778161ns          329233 1c008cbc 00178793 addi             x15, x15, 1         x15=0000018c x15:0000018b
18778181ns          329234 1c008cbe 0004c703 lbu              x14, 0(x9)          x14=00000097  x9:1c00115c  PA:1c00115c
18778479ns          329249 1c008cc2 00fc2023 sw               x15, 0(x24)         x15:0000018c x24:1c001324  PA:1c001324
18778798ns          329265 1c008cc6 320a0813 addi             x16, x20, 800       x16=1c001320 x20:1c001000
18778818ns          329266 1c008cca 01a00633 add              x12, x0, x26        x12=00000097 x26:00000097
18778837ns          329267 1c008ccc 00e006b3 add              x13, x0, x14        x13=00000097 x14:00000097
18778857ns          329268 1c008cce 364a8593 addi             x11, x21, 868       x11=1c000364 x21:1c000000
18778877ns          329269 1c008cd2 7d4d8513 addi             x10, x27, 2004      x10=1c0007d4 x27:1c000000
18778897ns          329270 1c008cd6 00ed0b63 beq              x26, x14, 22        x26:00000097 x14:00000097
18778957ns          329273 1c008cec 00178793 addi             x15, x15, 1         x15=0000018d x15:0000018c
18778977ns          329274 1c008cee 00fc2023 sw               x15, 0(x24)         x15:0000018d x24:1c001324  PA:1c001324
18779315ns          329291 1c008cf2 1c0007b7 lui              x15, 0x1c000000     x15=1c000000
18779335ns          329292 1c008cf6 320a0713 addi             x14, x20, 800       x14=1c001320 x20:1c001000
18779355ns          329293 1c008cfa 008006b3 add              x13, x0, x8         x13=1c001160  x8:1c001160
18779374ns          329294 1c008cfc 01900633 add              x12, x0, x25        x12=1c001160 x25:1c001160
18779394ns          329295 1c008cfe 38478593 addi             x11, x15, 900       x11=1c000384 x15:1c000000
18779414ns          329296 1c008d02 7d4d8513 addi             x10, x27, 2004      x10=1c0007d4 x27:1c000000
18779434ns          329297 1c008d06 008c8763 beq              x25, x8, 14         x25:1c001160  x8:1c001160
18779494ns          329300 1c008d14 00848493 addi             x9, x9, 8            x9=1c001164  x9:1c00115c
18779514ns          329301 1c008d16 f5299be3 bne              x19, x18, -170      x19:1c001190 x18:1c00118c
18779573ns          329304 1c008c6c 000c2783 lw               x15, 0(x24)         x15=0000018d x24:1c001324  PA:1c001324
18779872ns          329319 1c008c70 0049268b p.lw             x13, 4(x18!)        x13=00000004 x18=1c001190 x18:1c00118c  PA:1c00118c
18780170ns          329334 1c008c74 01700733 add              x14, x0, x23        x14=00000000 x23:00000000
18780190ns          329335 1c008c76 00800cb3 add              x25, x0, x8         x25=1c001160  x8:1c001160
18780210ns          329336 1c008c78 01700d33 add              x26, x0, x23        x26=00000000 x23:00000000
18780230ns          329337 1c008c7a 00dcf70b p.lb             x14, x13(x25!)      x14=00000048 x25=1c001164 x13:00000004 x25:1c001160  PA:1c001160
18780568ns          329354 1c008c7e 00dcfd0b p.lb             x26, x13(x25!)      x26=00000040 x25=1c001168 x13:00000004 x25:1c001164  PA:1c001164
18780866ns          329369 1c008c82 00044803 lbu              x16, 0(x8)          x16=00000048  x8:1c001160  PA:1c001160
18781165ns          329384 1c008c86 00178793 addi             x15, x15, 1         x15=0000018e x15:0000018d
18781185ns          329385 1c008c88 0ff77713 andi             x14, x14, 255       x14=00000048 x14:00000048
18781204ns          329386 1c008c8c 00fc2023 sw               x15, 0(x24)         x15:0000018e x24:1c001324  PA:1c001324
18781523ns          329402 1c008c90 320a0313 addi             x6, x20, 800         x6=1c001320 x20:1c001000
18781543ns          329403 1c008c94 344b0593 addi             x11, x22, 836       x11=1c000344 x22:1c000000
18781562ns          329404 1c008c98 010006b3 add              x13, x0, x16        x13=00000048 x16:00000048
18781582ns          329405 1c008c9a 7d4d8513 addi             x10, x27, 2004      x10=1c0007d4 x27:1c000000
18781602ns          329406 1c008c9e 00e00633 add              x12, x0, x14        x12=00000048 x14:00000048
18781622ns          329407 1c008ca0 00840413 addi             x8, x8, 8            x8=1c001168  x8:1c001160
18781642ns          329408 1c008ca2 0ffd7d13 andi             x26, x26, 255       x26=00000040 x26:00000040
18781662ns          329409 1c008ca6 01070b63 beq              x14, x16, 22        x14:00000048 x16:00000048
18781722ns          329412 1c008cbc 00178793 addi             x15, x15, 1         x15=0000018f x15:0000018e
18781741ns          329413 1c008cbe 0004c703 lbu              x14, 0(x9)          x14=00000040  x9:1c001164  PA:1c001164
18782040ns          329428 1c008cc2 00fc2023 sw               x15, 0(x24)         x15:0000018f x24:1c001324  PA:1c001324
18782378ns          329445 1c008cc6 320a0813 addi             x16, x20, 800       x16=1c001320 x20:1c001000
18782398ns          329446 1c008cca 01a00633 add              x12, x0, x26        x12=00000040 x26:00000040
18782418ns          329447 1c008ccc 00e006b3 add              x13, x0, x14        x13=00000040 x14:00000040
18782438ns          329448 1c008cce 364a8593 addi             x11, x21, 868       x11=1c000364 x21:1c000000
18782458ns          329449 1c008cd2 7d4d8513 addi             x10, x27, 2004      x10=1c0007d4 x27:1c000000
18782477ns          329450 1c008cd6 00ed0b63 beq              x26, x14, 22        x26:00000040 x14:00000040
18782537ns          329453 1c008cec 00178793 addi             x15, x15, 1         x15=00000190 x15:0000018f
18782557ns          329454 1c008cee 00fc2023 sw               x15, 0(x24)         x15:00000190 x24:1c001324  PA:1c001324
18782875ns          329470 1c008cf2 1c0007b7 lui              x15, 0x1c000000     x15=1c000000
18782895ns          329471 1c008cf6 320a0713 addi             x14, x20, 800       x14=1c001320 x20:1c001000
18782915ns          329472 1c008cfa 008006b3 add              x13, x0, x8         x13=1c001168  x8:1c001168
18782935ns          329473 1c008cfc 01900633 add              x12, x0, x25        x12=1c001168 x25:1c001168
18782955ns          329474 1c008cfe 38478593 addi             x11, x15, 900       x11=1c000384 x15:1c000000
18782975ns          329475 1c008d02 7d4d8513 addi             x10, x27, 2004      x10=1c0007d4 x27:1c000000
18782995ns          329476 1c008d06 008c8763 beq              x25, x8, 14         x25:1c001168  x8:1c001168
18783054ns          329479 1c008d14 00848493 addi             x9, x9, 8            x9=1c00116c  x9:1c001164
18783074ns          329480 1c008d16 f5299be3 bne              x19, x18, -170      x19:1c001190 x18:1c001190
18783094ns          329481 1c008d1a 04c12083 lw               x1, 76(x2)           x1=1c0097f8  x2:10000798  PA:100007e4
18783114ns          329482 1c008d1c 04812403 lw               x8, 72(x2)           x8=1c001320  x2:10000798  PA:100007e0
18783134ns          329483 1c008d1e 04412483 lw               x9, 68(x2)           x9=xxxxxxxx  x2:10000798  PA:100007dc
18783154ns          329484 1c008d20 04012903 lw               x18, 64(x2)         x18=xxxxxxxx  x2:10000798  PA:100007d8
18783174ns          329485 1c008d22 03c12983 lw               x19, 60(x2)         x19=xxxxxxxx  x2:10000798  PA:100007d4
18783193ns          329486 1c008d24 03812a03 lw               x20, 56(x2)         x20=xxxxxxxx  x2:10000798  PA:100007d0
18783213ns          329487 1c008d26 03412a83 lw               x21, 52(x2)         x21=xxxxxxxx  x2:10000798  PA:100007cc
18783233ns          329488 1c008d28 03012b03 lw               x22, 48(x2)         x22=xxxxxxxx  x2:10000798  PA:100007c8
18783253ns          329489 1c008d2a 02c12b83 lw               x23, 44(x2)         x23=xxxxxxxx  x2:10000798  PA:100007c4
18783273ns          329490 1c008d2c 02812c03 lw               x24, 40(x2)         x24=xxxxxxxx  x2:10000798  PA:100007c0
18783293ns          329491 1c008d2e 02412c83 lw               x25, 36(x2)         x25=xxxxxxxx  x2:10000798  PA:100007bc
18783671ns          329510 1c008d30 02012d03 lw               x26, 32(x2)         x26=xxxxxxxx  x2:10000798  PA:100007b8
18783691ns          329511 1c008d32 01c12d83 lw               x27, 28(x2)         x27=xxxxxxxx  x2:10000798  PA:100007b4
18783711ns          329512 1c008d34 05010113 addi             x2, x2, 80           x2=100007e8  x2:10000798
18783731ns          329513 1c008d36 00008067 jalr             x0, x1, 0            x1:1c0097f8
18783810ns          329517 1c0097f8 d40ff0ef jal              x1, -2752            x1=1c0097fc
18783850ns          329519 1c008d38 fb010113 addi             x2, x2, -80          x2=10000798  x2:100007e8
18783870ns          329520 1c008d3a 01b12e23 sw               x27, 28(x2)         x27:xxxxxxxx  x2:10000798  PA:100007b4
18783890ns          329521 1c008d3c 1c001db7 lui              x27, 0x1c001000     x27=1c001000
18784307ns          329542 1c008d40 05212023 sw               x18, 64(x2)         x18:xxxxxxxx  x2:10000798  PA:100007d8
18784347ns          329544 1c008d42 230d8913 addi             x18, x27, 560       x18=1c001230 x27:1c001000
18784367ns          329545 1c008d46 04812423 sw               x8, 72(x2)           x8:1c001320  x2:10000798  PA:100007e0
18784387ns          329546 1c008d48 03312e23 sw               x19, 60(x2)         x19:xxxxxxxx  x2:10000798  PA:100007d4
18784407ns          329547 1c008d4a 03a12023 sw               x26, 32(x2)         x26:xxxxxxxx  x2:10000798  PA:100007b8
18784427ns          329548 1c008d4c 00490993 addi             x19, x18, 4         x19=1c001234 x18:1c001230
18784825ns          329568 1c008d50 1c001d37 lui              x26, 0x1c001000     x26=1c001000
18784864ns          329570 1c008d54 1c001437 lui              x8, 0x1c001000       x8=1c001000
18784884ns          329571 1c008d58 04912223 sw               x9, 68(x2)           x9:xxxxxxxx  x2:10000798  PA:100007dc
18784904ns          329572 1c008d5a 03412c23 sw               x20, 56(x2)         x20:xxxxxxxx  x2:10000798  PA:100007d0
18784924ns          329573 1c008d5c 03512a23 sw               x21, 52(x2)         x21:xxxxxxxx  x2:10000798  PA:100007cc
18784944ns          329574 1c008d5e 03612823 sw               x22, 48(x2)         x22:xxxxxxxx  x2:10000798  PA:100007c8
18785342ns          329594 1c008d60 03712623 sw               x23, 44(x2)         x23:xxxxxxxx  x2:10000798  PA:100007c4
18785362ns          329595 1c008d62 03812423 sw               x24, 40(x2)         x24:xxxxxxxx  x2:10000798  PA:100007c0
18785381ns          329596 1c008d64 2d0d0a13 addi             x20, x26, 720       x20=1c0012d0 x26:1c001000
18785401ns          329597 1c008d68 2d0d0493 addi             x9, x26, 720         x9=1c0012d0 x26:1c001000
18785421ns          329598 1c008d6c 04112623 sw               x1, 76(x2)           x1:1c0097fc  x2:10000798  PA:100007e4
18785441ns          329599 1c008d6e 03912223 sw               x25, 36(x2)         x25:xxxxxxxx  x2:10000798  PA:100007bc
18785859ns          329620 1c008d70 2d0d0d13 addi             x26, x26, 720       x26=1c0012d0 x26:1c001000
18785899ns          329622 1c008d74 01300c33 add              x24, x0, x19        x24=1c001234 x19:1c001234
18785919ns          329623 1c008d76 230d8d93 addi             x27, x27, 560       x27=1c001230 x27:1c001000
18785938ns          329624 1c008d7a 00000b93 addi             x23, x0, 0          x23=00000000
18785958ns          329625 1c008d7c 32440413 addi             x8, x8, 804          x8=1c001324  x8:1c001000
18786376ns          329646 1c008d80 1c001b37 lui              x22, 0x1c001000     x22=1c001000
18786416ns          329648 1c008d84 1c000ab7 lui              x21, 0x1c000000     x21=1c000000
18786436ns          329649 1c008d88 000da783 lw               x15, 0(x27)         x15=79f3fbe0 x27:1c001230  PA:1c001230
18786734ns          329664 1c008d8c 000c2703 lw               x14, 0(x24)         x14=989d0153 x24:1c001234  PA:1c001234
18787052ns          329680 1c008d90 001b8e93 addi             x29, x23, 1         x29=00000001 x23:00000000
18787072ns          329681 1c008d94 01a00cb3 add              x25, x0, x26        x25=1c0012d0 x26:1c0012d0
18787092ns          329682 1c008d96 00fca22b p.sw             x15, 4(x25!)        x25=1c0012d4 x15:79f3fbe0 x25:1c0012d0  PA:1c0012d0
18787410ns          329698 1c008d9a 00eca22b p.sw             x14, 4(x25!)        x25=1c0012d8 x14:989d0153 x25:1c0012d4  PA:1c0012d4
18787768ns          329716 1c008d9e 00fda023 sw               x15, 0(x27)         x15:79f3fbe0 x27:1c001230  PA:1c001230
18788087ns          329732 1c008da2 00042783 lw               x15, 0(x8)          x15=00000190  x8:1c001324  PA:1c001324
18788385ns          329747 1c008da4 00ec2023 sw               x14, 0(x24)         x14:989d0153 x24:1c001234  PA:1c001234
18788703ns          329763 1c008da8 002b9713 slli             x14, x23, 0x2       x14=00000000 x23:00000000
18788723ns          329764 1c008dac 20e4f703 lw               x14, x14(x9)        x14=79f3fbe0 x14:00000000  x9:1c0012d0  PA:1c0012d0
18789021ns          329779 1c008db0 00178793 addi             x15, x15, 1         x15=00000191 x15:00000190
18789041ns          329780 1c008db2 000daf83 lw               x31, 0(x27)         x31=79f3fbe0 x27:1c001230  PA:1c001230
18789340ns          329795 1c008db6 1c000537 lui              x10, 0x1c000000     x10=1c000000
18789360ns          329796 1c008dba 00f42023 sw               x15, 0(x8)          x15:00000191  x8:1c001324  PA:1c001324
18789678ns          329812 1c008dbc 4e050593 addi             x11, x10, 1248      x11=1c0004e0 x10:1c000000
18789698ns          329813 1c008dc0 320b0f13 addi             x30, x22, 800       x30=1c001320 x22:1c001000
18789718ns          329814 1c008dc4 00e00633 add              x12, x0, x14        x12=79f3fbe0 x14:79f3fbe0
18789738ns          329815 1c008dc6 01f006b3 add              x13, x0, x31        x13=79f3fbe0 x31:79f3fbe0
18789757ns          329816 1c008dc8 7d4a8513 addi             x10, x21, 2004      x10=1c0007d4 x21:1c000000
18789777ns          329817 1c008dcc 008d0d13 addi             x26, x26, 8         x26=1c0012d8 x26:1c0012d0
18789797ns          329818 1c008dce 002b8b93 addi             x23, x23, 2         x23=00000002 x23:00000000
18790195ns          329838 1c008dd0 01f70c63 beq              x14, x31, 24        x14:79f3fbe0 x31:79f3fbe0
18790672ns          329862 1c008de8 002e9713 slli             x14, x29, 0x2       x14=00000004 x29:00000001
18790712ns          329864 1c008dec 20e4f703 lw               x14, x14(x9)        x14=989d0153 x14:00000004  x9:1c0012d0  PA:1c0012d4
18791190ns          329888 1c008df0 00178793 addi             x15, x15, 1         x15=00000192 x15:00000191
18791209ns          329889 1c008df2 000c2e83 lw               x29, 0(x24)         x29=989d0153 x24:1c001234  PA:1c001234
18791528ns          329905 1c008df6 1c000837 lui              x16, 0x1c000000     x16=1c000000
18791548ns          329906 1c008dfa 00f42023 sw               x15, 0(x8)          x15:00000192  x8:1c001324  PA:1c001324
18791866ns          329922 1c008dfc 320b0f13 addi             x30, x22, 800       x30=1c001320 x22:1c001000
18791886ns          329923 1c008e00 00e00633 add              x12, x0, x14        x12=989d0153 x14:989d0153
18791906ns          329924 1c008e02 01d006b3 add              x13, x0, x29        x13=989d0153 x29:989d0153
18791926ns          329925 1c008e04 50080593 addi             x11, x16, 1280      x11=1c000500 x16:1c000000
18791945ns          329926 1c008e08 7d4a8513 addi             x10, x21, 2004      x10=1c0007d4 x21:1c000000
18791965ns          329927 1c008e0c 01d70a63 beq              x14, x29, 20        x14:989d0153 x29:989d0153
18792840ns          329971 1c008e20 00178793 addi             x15, x15, 1         x15=00000193 x15:00000192
18792880ns          329973 1c008e22 1c000537 lui              x10, 0x1c000000     x10=1c000000
18792900ns          329974 1c008e26 00f42023 sw               x15, 0(x8)          x15:00000193  x8:1c001324  PA:1c001324
18793238ns          329991 1c008e28 52050593 addi             x11, x10, 1312      x11=1c000520 x10:1c000000
18793258ns          329992 1c008e2c 320b0713 addi             x14, x22, 800       x14=1c001320 x22:1c001000
18793358ns          329997 1c008e30 01a006b3 add              x13, x0, x26        x13=1c0012d8 x26:1c0012d8
18793378ns          329998 1c008e32 01900633 add              x12, x0, x25        x12=1c0012d8 x25:1c0012d8
18793397ns          329999 1c008e34 7d4a8513 addi             x10, x21, 2004      x10=1c0007d4 x21:1c000000
18793417ns          330000 1c008e38 01ac8763 beq              x25, x26, 14        x25:1c0012d8 x26:1c0012d8
18793915ns          330025 1c008e46 01400613 addi             x12, x0, 20         x12=00000014
18793934ns          330026 1c008e48 008d8d93 addi             x27, x27, 8         x27=1c001238 x27:1c001230
18793954ns          330027 1c008e4a 008c0c13 addi             x24, x24, 8         x24=1c00123c x24:1c001234
18793974ns          330028 1c008e4c f2cb9ee3 bne              x23, x12, -196      x23:00000002 x12:00000014
18794432ns          330051 1c008d88 000da783 lw               x15, 0(x27)         x15=81779f06 x27:1c001238  PA:1c001238
18794730ns          330066 1c008d8c 000c2703 lw               x14, 0(x24)         x14=6633c31f x24:1c00123c  PA:1c00123c
18795028ns          330081 1c008d90 001b8e93 addi             x29, x23, 1         x29=00000003 x23:00000002
18795048ns          330082 1c008d94 01a00cb3 add              x25, x0, x26        x25=1c0012d8 x26:1c0012d8
18795068ns          330083 1c008d96 00fca22b p.sw             x15, 4(x25!)        x25=1c0012dc x15:81779f06 x25:1c0012d8  PA:1c0012d8
18795406ns          330100 1c008d9a 00eca22b p.sw             x14, 4(x25!)        x25=1c0012e0 x14:6633c31f x25:1c0012dc  PA:1c0012dc
18795725ns          330116 1c008d9e 00fda023 sw               x15, 0(x27)         x15:81779f06 x27:1c001238  PA:1c001238
18796043ns          330132 1c008da2 00042783 lw               x15, 0(x8)          x15=00000193  x8:1c001324  PA:1c001324
18796341ns          330147 1c008da4 00ec2023 sw               x14, 0(x24)         x14:6633c31f x24:1c00123c  PA:1c00123c
18796660ns          330163 1c008da8 002b9713 slli             x14, x23, 0x2       x14=00000008 x23:00000002
18796679ns          330164 1c008dac 20e4f703 lw               x14, x14(x9)        x14=81779f06 x14:00000008  x9:1c0012d0  PA:1c0012d8
18796978ns          330179 1c008db0 00178793 addi             x15, x15, 1         x15=00000194 x15:00000193
18796998ns          330180 1c008db2 000daf83 lw               x31, 0(x27)         x31=81779f06 x27:1c001238  PA:1c001238
18797316ns          330196 1c008db6 1c000537 lui              x10, 0x1c000000     x10=1c000000
18797336ns          330197 1c008dba 00f42023 sw               x15, 0(x8)          x15:00000194  x8:1c001324  PA:1c001324
18797654ns          330213 1c008dbc 4e050593 addi             x11, x10, 1248      x11=1c0004e0 x10:1c000000
18797674ns          330214 1c008dc0 320b0f13 addi             x30, x22, 800       x30=1c001320 x22:1c001000
18797694ns          330215 1c008dc4 00e00633 add              x12, x0, x14        x12=81779f06 x14:81779f06
18797714ns          330216 1c008dc6 01f006b3 add              x13, x0, x31        x13=81779f06 x31:81779f06
18797734ns          330217 1c008dc8 7d4a8513 addi             x10, x21, 2004      x10=1c0007d4 x21:1c000000
18797754ns          330218 1c008dcc 008d0d13 addi             x26, x26, 8         x26=1c0012e0 x26:1c0012d8
18797773ns          330219 1c008dce 002b8b93 addi             x23, x23, 2         x23=00000004 x23:00000002
18797793ns          330220 1c008dd0 01f70c63 beq              x14, x31, 24        x14:81779f06 x31:81779f06
18797853ns          330223 1c008de8 002e9713 slli             x14, x29, 0x2       x14=0000000c x29:00000003
18797873ns          330224 1c008dec 20e4f703 lw               x14, x14(x9)        x14=6633c31f x14:0000000c  x9:1c0012d0  PA:1c0012dc
18798171ns          330239 1c008df0 00178793 addi             x15, x15, 1         x15=00000195 x15:00000194
18798191ns          330240 1c008df2 000c2e83 lw               x29, 0(x24)         x29=6633c31f x24:1c00123c  PA:1c00123c
18798489ns          330255 1c008df6 1c000837 lui              x16, 0x1c000000     x16=1c000000
18798509ns          330256 1c008dfa 00f42023 sw               x15, 0(x8)          x15:00000195  x8:1c001324  PA:1c001324
18798828ns          330272 1c008dfc 320b0f13 addi             x30, x22, 800       x30=1c001320 x22:1c001000
18798848ns          330273 1c008e00 00e00633 add              x12, x0, x14        x12=6633c31f x14:6633c31f
18798867ns          330274 1c008e02 01d006b3 add              x13, x0, x29        x13=6633c31f x29:6633c31f
18798887ns          330275 1c008e04 50080593 addi             x11, x16, 1280      x11=1c000500 x16:1c000000
18798907ns          330276 1c008e08 7d4a8513 addi             x10, x21, 2004      x10=1c0007d4 x21:1c000000
18798927ns          330277 1c008e0c 01d70a63 beq              x14, x29, 20        x14:6633c31f x29:6633c31f
18798987ns          330280 1c008e20 00178793 addi             x15, x15, 1         x15=00000196 x15:00000195
18799007ns          330281 1c008e22 1c000537 lui              x10, 0x1c000000     x10=1c000000
18799027ns          330282 1c008e26 00f42023 sw               x15, 0(x8)          x15:00000196  x8:1c001324  PA:1c001324
18799345ns          330298 1c008e28 52050593 addi             x11, x10, 1312      x11=1c000520 x10:1c000000
18799365ns          330299 1c008e2c 320b0713 addi             x14, x22, 800       x14=1c001320 x22:1c001000
18799385ns          330300 1c008e30 01a006b3 add              x13, x0, x26        x13=1c0012e0 x26:1c0012e0
18799404ns          330301 1c008e32 01900633 add              x12, x0, x25        x12=1c0012e0 x25:1c0012e0
18799424ns          330302 1c008e34 7d4a8513 addi             x10, x21, 2004      x10=1c0007d4 x21:1c000000
18799444ns          330303 1c008e38 01ac8763 beq              x25, x26, 14        x25:1c0012e0 x26:1c0012e0
18799504ns          330306 1c008e46 01400613 addi             x12, x0, 20         x12=00000014
18799524ns          330307 1c008e48 008d8d93 addi             x27, x27, 8         x27=1c001240 x27:1c001238
18799544ns          330308 1c008e4a 008c0c13 addi             x24, x24, 8         x24=1c001244 x24:1c00123c
18799564ns          330309 1c008e4c f2cb9ee3 bne              x23, x12, -196      x23:00000004 x12:00000014
18799623ns          330312 1c008d88 000da783 lw               x15, 0(x27)         x15=38ac533d x27:1c001240  PA:1c001240
18799941ns          330328 1c008d8c 000c2703 lw               x14, 0(x24)         x14=1ff02242 x24:1c001244  PA:1c001244
18800240ns          330343 1c008d90 001b8e93 addi             x29, x23, 1         x29=00000005 x23:00000004
18800260ns          330344 1c008d94 01a00cb3 add              x25, x0, x26        x25=1c0012e0 x26:1c0012e0
18800280ns          330345 1c008d96 00fca22b p.sw             x15, 4(x25!)        x25=1c0012e4 x15:38ac533d x25:1c0012e0  PA:1c0012e0
18800618ns          330362 1c008d9a 00eca22b p.sw             x14, 4(x25!)        x25=1c0012e8 x14:1ff02242 x25:1c0012e4  PA:1c0012e4
18800956ns          330379 1c008d9e 00fda023 sw               x15, 0(x27)         x15:38ac533d x27:1c001240  PA:1c001240
18801274ns          330395 1c008da2 00042783 lw               x15, 0(x8)          x15=00000196  x8:1c001324  PA:1c001324
18801573ns          330410 1c008da4 00ec2023 sw               x14, 0(x24)         x14:1ff02242 x24:1c001244  PA:1c001244
18801911ns          330427 1c008da8 002b9713 slli             x14, x23, 0x2       x14=00000010 x23:00000004
18801931ns          330428 1c008dac 20e4f703 lw               x14, x14(x9)        x14=38ac533d x14:00000010  x9:1c0012d0  PA:1c0012e0
18802229ns          330443 1c008db0 00178793 addi             x15, x15, 1         x15=00000197 x15:00000196
18802249ns          330444 1c008db2 000daf83 lw               x31, 0(x27)         x31=38ac533d x27:1c001240  PA:1c001240
18802567ns          330460 1c008db6 1c000537 lui              x10, 0x1c000000     x10=1c000000
18802587ns          330461 1c008dba 00f42023 sw               x15, 0(x8)          x15:00000197  x8:1c001324  PA:1c001324
18802905ns          330477 1c008dbc 4e050593 addi             x11, x10, 1248      x11=1c0004e0 x10:1c000000
18802925ns          330478 1c008dc0 320b0f13 addi             x30, x22, 800       x30=1c001320 x22:1c001000
18802945ns          330479 1c008dc4 00e00633 add              x12, x0, x14        x12=38ac533d x14:38ac533d
18802965ns          330480 1c008dc6 01f006b3 add              x13, x0, x31        x13=38ac533d x31:38ac533d
18802985ns          330481 1c008dc8 7d4a8513 addi             x10, x21, 2004      x10=1c0007d4 x21:1c000000
18803005ns          330482 1c008dcc 008d0d13 addi             x26, x26, 8         x26=1c0012e8 x26:1c0012e0
18803025ns          330483 1c008dce 002b8b93 addi             x23, x23, 2         x23=00000006 x23:00000004
18803044ns          330484 1c008dd0 01f70c63 beq              x14, x31, 24        x14:38ac533d x31:38ac533d
18803104ns          330487 1c008de8 002e9713 slli             x14, x29, 0x2       x14=00000014 x29:00000005
18803124ns          330488 1c008dec 20e4f703 lw               x14, x14(x9)        x14=1ff02242 x14:00000014  x9:1c0012d0  PA:1c0012e4
18803422ns          330503 1c008df0 00178793 addi             x15, x15, 1         x15=00000198 x15:00000197
18803442ns          330504 1c008df2 000c2e83 lw               x29, 0(x24)         x29=1ff02242 x24:1c001244  PA:1c001244
18803741ns          330519 1c008df6 1c000837 lui              x16, 0x1c000000     x16=1c000000
18803761ns          330520 1c008dfa 00f42023 sw               x15, 0(x8)          x15:00000198  x8:1c001324  PA:1c001324
18804079ns          330536 1c008dfc 320b0f13 addi             x30, x22, 800       x30=1c001320 x22:1c001000
18804099ns          330537 1c008e00 00e00633 add              x12, x0, x14        x12=1ff02242 x14:1ff02242
18804119ns          330538 1c008e02 01d006b3 add              x13, x0, x29        x13=1ff02242 x29:1ff02242
18804138ns          330539 1c008e04 50080593 addi             x11, x16, 1280      x11=1c000500 x16:1c000000
18804158ns          330540 1c008e08 7d4a8513 addi             x10, x21, 2004      x10=1c0007d4 x21:1c000000
18804178ns          330541 1c008e0c 01d70a63 beq              x14, x29, 20        x14:1ff02242 x29:1ff02242
18804238ns          330544 1c008e20 00178793 addi             x15, x15, 1         x15=00000199 x15:00000198
18804258ns          330545 1c008e22 1c000537 lui              x10, 0x1c000000     x10=1c000000
18804278ns          330546 1c008e26 00f42023 sw               x15, 0(x8)          x15:00000199  x8:1c001324  PA:1c001324
18804616ns          330563 1c008e28 52050593 addi             x11, x10, 1312      x11=1c000520 x10:1c000000
18804636ns          330564 1c008e2c 320b0713 addi             x14, x22, 800       x14=1c001320 x22:1c001000
18804656ns          330565 1c008e30 01a006b3 add              x13, x0, x26        x13=1c0012e8 x26:1c0012e8
18804675ns          330566 1c008e32 01900633 add              x12, x0, x25        x12=1c0012e8 x25:1c0012e8
18804695ns          330567 1c008e34 7d4a8513 addi             x10, x21, 2004      x10=1c0007d4 x21:1c000000
18804715ns          330568 1c008e38 01ac8763 beq              x25, x26, 14        x25:1c0012e8 x26:1c0012e8
18804775ns          330571 1c008e46 01400613 addi             x12, x0, 20         x12=00000014
18804795ns          330572 1c008e48 008d8d93 addi             x27, x27, 8         x27=1c001248 x27:1c001240
18804815ns          330573 1c008e4a 008c0c13 addi             x24, x24, 8         x24=1c00124c x24:1c001244
18804835ns          330574 1c008e4c f2cb9ee3 bne              x23, x12, -196      x23:00000006 x12:00000014
18804894ns          330577 1c008d88 000da783 lw               x15, 0(x27)         x15=95208b80 x27:1c001248  PA:1c001248
18805193ns          330592 1c008d8c 000c2703 lw               x14, 0(x24)         x14=86d85335 x24:1c00124c  PA:1c00124c
18805491ns          330607 1c008d90 001b8e93 addi             x29, x23, 1         x29=00000007 x23:00000006
18805511ns          330608 1c008d94 01a00cb3 add              x25, x0, x26        x25=1c0012e8 x26:1c0012e8
18805531ns          330609 1c008d96 00fca22b p.sw             x15, 4(x25!)        x25=1c0012ec x15:95208b80 x25:1c0012e8  PA:1c0012e8
18805869ns          330626 1c008d9a 00eca22b p.sw             x14, 4(x25!)        x25=1c0012f0 x14:86d85335 x25:1c0012ec  PA:1c0012ec
18806207ns          330643 1c008d9e 00fda023 sw               x15, 0(x27)         x15:95208b80 x27:1c001248  PA:1c001248
18806525ns          330659 1c008da2 00042783 lw               x15, 0(x8)          x15=00000199  x8:1c001324  PA:1c001324
18806824ns          330674 1c008da4 00ec2023 sw               x14, 0(x24)         x14:86d85335 x24:1c00124c  PA:1c00124c
18807142ns          330690 1c008da8 002b9713 slli             x14, x23, 0x2       x14=00000018 x23:00000006
18807162ns          330691 1c008dac 20e4f703 lw               x14, x14(x9)        x14=95208b80 x14:00000018  x9:1c0012d0  PA:1c0012e8
18807460ns          330706 1c008db0 00178793 addi             x15, x15, 1         x15=0000019a x15:00000199
18807480ns          330707 1c008db2 000daf83 lw               x31, 0(x27)         x31=95208b80 x27:1c001248  PA:1c001248
18807778ns          330722 1c008db6 1c000537 lui              x10, 0x1c000000     x10=1c000000
18807798ns          330723 1c008dba 00f42023 sw               x15, 0(x8)          x15:0000019a  x8:1c001324  PA:1c001324
18808117ns          330739 1c008dbc 4e050593 addi             x11, x10, 1248      x11=1c0004e0 x10:1c000000
18808136ns          330740 1c008dc0 320b0f13 addi             x30, x22, 800       x30=1c001320 x22:1c001000
18808156ns          330741 1c008dc4 00e00633 add              x12, x0, x14        x12=95208b80 x14:95208b80
18808176ns          330742 1c008dc6 01f006b3 add              x13, x0, x31        x13=95208b80 x31:95208b80
18808196ns          330743 1c008dc8 7d4a8513 addi             x10, x21, 2004      x10=1c0007d4 x21:1c000000
18808216ns          330744 1c008dcc 008d0d13 addi             x26, x26, 8         x26=1c0012f0 x26:1c0012e8
18808236ns          330745 1c008dce 002b8b93 addi             x23, x23, 2         x23=00000008 x23:00000006
18808256ns          330746 1c008dd0 01f70c63 beq              x14, x31, 24        x14:95208b80 x31:95208b80
18808316ns          330749 1c008de8 002e9713 slli             x14, x29, 0x2       x14=0000001c x29:00000007
18808335ns          330750 1c008dec 20e4f703 lw               x14, x14(x9)        x14=86d85335 x14:0000001c  x9:1c0012d0  PA:1c0012ec
18808634ns          330765 1c008df0 00178793 addi             x15, x15, 1         x15=0000019b x15:0000019a
18808654ns          330766 1c008df2 000c2e83 lw               x29, 0(x24)         x29=86d85335 x24:1c00124c  PA:1c00124c
18808952ns          330781 1c008df6 1c000837 lui              x16, 0x1c000000     x16=1c000000
18808972ns          330782 1c008dfa 00f42023 sw               x15, 0(x8)          x15:0000019b  x8:1c001324  PA:1c001324
18809290ns          330798 1c008dfc 320b0f13 addi             x30, x22, 800       x30=1c001320 x22:1c001000
18809310ns          330799 1c008e00 00e00633 add              x12, x0, x14        x12=86d85335 x14:86d85335
18809330ns          330800 1c008e02 01d006b3 add              x13, x0, x29        x13=86d85335 x29:86d85335
18809350ns          330801 1c008e04 50080593 addi             x11, x16, 1280      x11=1c000500 x16:1c000000
18809370ns          330802 1c008e08 7d4a8513 addi             x10, x21, 2004      x10=1c0007d4 x21:1c000000
18809390ns          330803 1c008e0c 01d70a63 beq              x14, x29, 20        x14:86d85335 x29:86d85335
18809449ns          330806 1c008e20 00178793 addi             x15, x15, 1         x15=0000019c x15:0000019b
18809469ns          330807 1c008e22 1c000537 lui              x10, 0x1c000000     x10=1c000000
18809489ns          330808 1c008e26 00f42023 sw               x15, 0(x8)          x15:0000019c  x8:1c001324  PA:1c001324
18809847ns          330826 1c008e28 52050593 addi             x11, x10, 1312      x11=1c000520 x10:1c000000
18809867ns          330827 1c008e2c 320b0713 addi             x14, x22, 800       x14=1c001320 x22:1c001000
18809887ns          330828 1c008e30 01a006b3 add              x13, x0, x26        x13=1c0012f0 x26:1c0012f0
18809907ns          330829 1c008e32 01900633 add              x12, x0, x25        x12=1c0012f0 x25:1c0012f0
18809927ns          330830 1c008e34 7d4a8513 addi             x10, x21, 2004      x10=1c0007d4 x21:1c000000
18809947ns          330831 1c008e38 01ac8763 beq              x25, x26, 14        x25:1c0012f0 x26:1c0012f0
18810006ns          330834 1c008e46 01400613 addi             x12, x0, 20         x12=00000014
18810026ns          330835 1c008e48 008d8d93 addi             x27, x27, 8         x27=1c001250 x27:1c001248
18810046ns          330836 1c008e4a 008c0c13 addi             x24, x24, 8         x24=1c001254 x24:1c00124c
18810066ns          330837 1c008e4c f2cb9ee3 bne              x23, x12, -196      x23:00000008 x12:00000014
18810126ns          330840 1c008d88 000da783 lw               x15, 0(x27)         x15=0fb2823c x27:1c001250  PA:1c001250
18810444ns          330856 1c008d8c 000c2703 lw               x14, 0(x24)         x14=efadfd67 x24:1c001254  PA:1c001254
18810742ns          330871 1c008d90 001b8e93 addi             x29, x23, 1         x29=00000009 x23:00000008
18810762ns          330872 1c008d94 01a00cb3 add              x25, x0, x26        x25=1c0012f0 x26:1c0012f0
18810782ns          330873 1c008d96 00fca22b p.sw             x15, 4(x25!)        x25=1c0012f4 x15:0fb2823c x25:1c0012f0  PA:1c0012f0
18811100ns          330889 1c008d9a 00eca22b p.sw             x14, 4(x25!)        x25=1c0012f8 x14:efadfd67 x25:1c0012f4  PA:1c0012f4
18811418ns          330905 1c008d9e 00fda023 sw               x15, 0(x27)         x15:0fb2823c x27:1c001250  PA:1c001250
18811757ns          330922 1c008da2 00042783 lw               x15, 0(x8)          x15=0000019c  x8:1c001324  PA:1c001324
18812055ns          330937 1c008da4 00ec2023 sw               x14, 0(x24)         x14:efadfd67 x24:1c001254  PA:1c001254
18812373ns          330953 1c008da8 002b9713 slli             x14, x23, 0x2       x14=00000020 x23:00000008
18812393ns          330954 1c008dac 20e4f703 lw               x14, x14(x9)        x14=0fb2823c x14:00000020  x9:1c0012d0  PA:1c0012f0
18812691ns          330969 1c008db0 00178793 addi             x15, x15, 1         x15=0000019d x15:0000019c
18812711ns          330970 1c008db2 000daf83 lw               x31, 0(x27)         x31=0fb2823c x27:1c001250  PA:1c001250
18813010ns          330985 1c008db6 1c000537 lui              x10, 0x1c000000     x10=1c000000
18813030ns          330986 1c008dba 00f42023 sw               x15, 0(x8)          x15:0000019d  x8:1c001324  PA:1c001324
18813368ns          331003 1c008dbc 4e050593 addi             x11, x10, 1248      x11=1c0004e0 x10:1c000000
18813388ns          331004 1c008dc0 320b0f13 addi             x30, x22, 800       x30=1c001320 x22:1c001000
18813408ns          331005 1c008dc4 00e00633 add              x12, x0, x14        x12=0fb2823c x14:0fb2823c
18813427ns          331006 1c008dc6 01f006b3 add              x13, x0, x31        x13=0fb2823c x31:0fb2823c
18813447ns          331007 1c008dc8 7d4a8513 addi             x10, x21, 2004      x10=1c0007d4 x21:1c000000
18813467ns          331008 1c008dcc 008d0d13 addi             x26, x26, 8         x26=1c0012f8 x26:1c0012f0
18813487ns          331009 1c008dce 002b8b93 addi             x23, x23, 2         x23=0000000a x23:00000008
18813507ns          331010 1c008dd0 01f70c63 beq              x14, x31, 24        x14:0fb2823c x31:0fb2823c
18813567ns          331013 1c008de8 002e9713 slli             x14, x29, 0x2       x14=00000024 x29:00000009
18813587ns          331014 1c008dec 20e4f703 lw               x14, x14(x9)        x14=efadfd67 x14:00000024  x9:1c0012d0  PA:1c0012f4
18813905ns          331030 1c008df0 00178793 addi             x15, x15, 1         x15=0000019e x15:0000019d
18813925ns          331031 1c008df2 000c2e83 lw               x29, 0(x24)         x29=efadfd67 x24:1c001254  PA:1c001254
18814223ns          331046 1c008df6 1c000837 lui              x16, 0x1c000000     x16=1c000000
18814243ns          331047 1c008dfa 00f42023 sw               x15, 0(x8)          x15:0000019e  x8:1c001324  PA:1c001324
18814581ns          331064 1c008dfc 320b0f13 addi             x30, x22, 800       x30=1c001320 x22:1c001000
18814601ns          331065 1c008e00 00e00633 add              x12, x0, x14        x12=efadfd67 x14:efadfd67
18814621ns          331066 1c008e02 01d006b3 add              x13, x0, x29        x13=efadfd67 x29:efadfd67
18814641ns          331067 1c008e04 50080593 addi             x11, x16, 1280      x11=1c000500 x16:1c000000
18814661ns          331068 1c008e08 7d4a8513 addi             x10, x21, 2004      x10=1c0007d4 x21:1c000000
18814681ns          331069 1c008e0c 01d70a63 beq              x14, x29, 20        x14:efadfd67 x29:efadfd67
18814740ns          331072 1c008e20 00178793 addi             x15, x15, 1         x15=0000019f x15:0000019e
18814760ns          331073 1c008e22 1c000537 lui              x10, 0x1c000000     x10=1c000000
18814780ns          331074 1c008e26 00f42023 sw               x15, 0(x8)          x15:0000019f  x8:1c001324  PA:1c001324
18815098ns          331090 1c008e28 52050593 addi             x11, x10, 1312      x11=1c000520 x10:1c000000
18815118ns          331091 1c008e2c 320b0713 addi             x14, x22, 800       x14=1c001320 x22:1c001000
18815138ns          331092 1c008e30 01a006b3 add              x13, x0, x26        x13=1c0012f8 x26:1c0012f8
18815158ns          331093 1c008e32 01900633 add              x12, x0, x25        x12=1c0012f8 x25:1c0012f8
18815178ns          331094 1c008e34 7d4a8513 addi             x10, x21, 2004      x10=1c0007d4 x21:1c000000
18815198ns          331095 1c008e38 01ac8763 beq              x25, x26, 14        x25:1c0012f8 x26:1c0012f8
18815257ns          331098 1c008e46 01400613 addi             x12, x0, 20         x12=00000014
18815277ns          331099 1c008e48 008d8d93 addi             x27, x27, 8         x27=1c001258 x27:1c001250
18815297ns          331100 1c008e4a 008c0c13 addi             x24, x24, 8         x24=1c00125c x24:1c001254
18815317ns          331101 1c008e4c f2cb9ee3 bne              x23, x12, -196      x23:0000000a x12:00000014
18815377ns          331104 1c008d88 000da783 lw               x15, 0(x27)         x15=67e06901 x27:1c001258  PA:1c001258
18815695ns          331120 1c008d8c 000c2703 lw               x14, 0(x24)         x14=9a2bb64d x24:1c00125c  PA:1c00125c
18815993ns          331135 1c008d90 001b8e93 addi             x29, x23, 1         x29=0000000b x23:0000000a
18816013ns          331136 1c008d94 01a00cb3 add              x25, x0, x26        x25=1c0012f8 x26:1c0012f8
18816033ns          331137 1c008d96 00fca22b p.sw             x15, 4(x25!)        x25=1c0012fc x15:67e06901 x25:1c0012f8  PA:1c0012f8
18816351ns          331153 1c008d9a 00eca22b p.sw             x14, 4(x25!)        x25=1c001300 x14:9a2bb64d x25:1c0012fc  PA:1c0012fc
18816670ns          331169 1c008d9e 00fda023 sw               x15, 0(x27)         x15:67e06901 x27:1c001258  PA:1c001258
18817008ns          331186 1c008da2 00042783 lw               x15, 0(x8)          x15=0000019f  x8:1c001324  PA:1c001324
18817306ns          331201 1c008da4 00ec2023 sw               x14, 0(x24)         x14:9a2bb64d x24:1c00125c  PA:1c00125c
18817624ns          331217 1c008da8 002b9713 slli             x14, x23, 0x2       x14=00000028 x23:0000000a
18817644ns          331218 1c008dac 20e4f703 lw               x14, x14(x9)        x14=67e06901 x14:00000028  x9:1c0012d0  PA:1c0012f8
18817943ns          331233 1c008db0 00178793 addi             x15, x15, 1         x15=000001a0 x15:0000019f
18817963ns          331234 1c008db2 000daf83 lw               x31, 0(x27)         x31=67e06901 x27:1c001258  PA:1c001258
18818261ns          331249 1c008db6 1c000537 lui              x10, 0x1c000000     x10=1c000000
18818281ns          331250 1c008dba 00f42023 sw               x15, 0(x8)          x15:000001a0  x8:1c001324  PA:1c001324
18818619ns          331267 1c008dbc 4e050593 addi             x11, x10, 1248      x11=1c0004e0 x10:1c000000
18818639ns          331268 1c008dc0 320b0f13 addi             x30, x22, 800       x30=1c001320 x22:1c001000
18818659ns          331269 1c008dc4 00e00633 add              x12, x0, x14        x12=67e06901 x14:67e06901
18818679ns          331270 1c008dc6 01f006b3 add              x13, x0, x31        x13=67e06901 x31:67e06901
18818698ns          331271 1c008dc8 7d4a8513 addi             x10, x21, 2004      x10=1c0007d4 x21:1c000000
18818718ns          331272 1c008dcc 008d0d13 addi             x26, x26, 8         x26=1c001300 x26:1c0012f8
18818738ns          331273 1c008dce 002b8b93 addi             x23, x23, 2         x23=0000000c x23:0000000a
18818758ns          331274 1c008dd0 01f70c63 beq              x14, x31, 24        x14:67e06901 x31:67e06901
18818818ns          331277 1c008de8 002e9713 slli             x14, x29, 0x2       x14=0000002c x29:0000000b
18818838ns          331278 1c008dec 20e4f703 lw               x14, x14(x9)        x14=9a2bb64d x14:0000002c  x9:1c0012d0  PA:1c0012fc
18819156ns          331294 1c008df0 00178793 addi             x15, x15, 1         x15=000001a1 x15:000001a0
18819176ns          331295 1c008df2 000c2e83 lw               x29, 0(x24)         x29=9a2bb64d x24:1c00125c  PA:1c00125c
18819474ns          331310 1c008df6 1c000837 lui              x16, 0x1c000000     x16=1c000000
18819494ns          331311 1c008dfa 00f42023 sw               x15, 0(x8)          x15:000001a1  x8:1c001324  PA:1c001324
18819832ns          331328 1c008dfc 320b0f13 addi             x30, x22, 800       x30=1c001320 x22:1c001000
18819852ns          331329 1c008e00 00e00633 add              x12, x0, x14        x12=9a2bb64d x14:9a2bb64d
18819872ns          331330 1c008e02 01d006b3 add              x13, x0, x29        x13=9a2bb64d x29:9a2bb64d
18819892ns          331331 1c008e04 50080593 addi             x11, x16, 1280      x11=1c000500 x16:1c000000
18819912ns          331332 1c008e08 7d4a8513 addi             x10, x21, 2004      x10=1c0007d4 x21:1c000000
18819932ns          331333 1c008e0c 01d70a63 beq              x14, x29, 20        x14:9a2bb64d x29:9a2bb64d
18819991ns          331336 1c008e20 00178793 addi             x15, x15, 1         x15=000001a2 x15:000001a1
18820011ns          331337 1c008e22 1c000537 lui              x10, 0x1c000000     x10=1c000000
18820031ns          331338 1c008e26 00f42023 sw               x15, 0(x8)          x15:000001a2  x8:1c001324  PA:1c001324
18820349ns          331354 1c008e28 52050593 addi             x11, x10, 1312      x11=1c000520 x10:1c000000
18820369ns          331355 1c008e2c 320b0713 addi             x14, x22, 800       x14=1c001320 x22:1c001000
18820389ns          331356 1c008e30 01a006b3 add              x13, x0, x26        x13=1c001300 x26:1c001300
18820409ns          331357 1c008e32 01900633 add              x12, x0, x25        x12=1c001300 x25:1c001300
18820429ns          331358 1c008e34 7d4a8513 addi             x10, x21, 2004      x10=1c0007d4 x21:1c000000
18820449ns          331359 1c008e38 01ac8763 beq              x25, x26, 14        x25:1c001300 x26:1c001300
18820509ns          331362 1c008e46 01400613 addi             x12, x0, 20         x12=00000014
18820528ns          331363 1c008e48 008d8d93 addi             x27, x27, 8         x27=1c001260 x27:1c001258
18820548ns          331364 1c008e4a 008c0c13 addi             x24, x24, 8         x24=1c001264 x24:1c00125c
18820568ns          331365 1c008e4c f2cb9ee3 bne              x23, x12, -196      x23:0000000c x12:00000014
18820628ns          331368 1c008d88 000da783 lw               x15, 0(x27)         x15=d788b407 x27:1c001260  PA:1c001260
18820946ns          331384 1c008d8c 000c2703 lw               x14, 0(x24)         x14=ad2fa26f x24:1c001264  PA:1c001264
18821244ns          331399 1c008d90 001b8e93 addi             x29, x23, 1         x29=0000000d x23:0000000c
18821264ns          331400 1c008d94 01a00cb3 add              x25, x0, x26        x25=1c001300 x26:1c001300
18821284ns          331401 1c008d96 00fca22b p.sw             x15, 4(x25!)        x25=1c001304 x15:d788b407 x25:1c001300  PA:1c001300
18821603ns          331417 1c008d9a 00eca22b p.sw             x14, 4(x25!)        x25=1c001308 x14:ad2fa26f x25:1c001304  PA:1c001304
18821961ns          331435 1c008d9e 00fda023 sw               x15, 0(x27)         x15:d788b407 x27:1c001260  PA:1c001260
18822279ns          331451 1c008da2 00042783 lw               x15, 0(x8)          x15=000001a2  x8:1c001324  PA:1c001324
18822577ns          331466 1c008da4 00ec2023 sw               x14, 0(x24)         x14:ad2fa26f x24:1c001264  PA:1c001264
18822895ns          331482 1c008da8 002b9713 slli             x14, x23, 0x2       x14=00000030 x23:0000000c
18822915ns          331483 1c008dac 20e4f703 lw               x14, x14(x9)        x14=d788b407 x14:00000030  x9:1c0012d0  PA:1c001300
18823234ns          331499 1c008db0 00178793 addi             x15, x15, 1         x15=000001a3 x15:000001a2
18823253ns          331500 1c008db2 000daf83 lw               x31, 0(x27)         x31=d788b407 x27:1c001260  PA:1c001260
18823572ns          331516 1c008db6 1c000537 lui              x10, 0x1c000000     x10=1c000000
18823592ns          331517 1c008dba 00f42023 sw               x15, 0(x8)          x15:000001a3  x8:1c001324  PA:1c001324
18823910ns          331533 1c008dbc 4e050593 addi             x11, x10, 1248      x11=1c0004e0 x10:1c000000
18823930ns          331534 1c008dc0 320b0f13 addi             x30, x22, 800       x30=1c001320 x22:1c001000
18823950ns          331535 1c008dc4 00e00633 add              x12, x0, x14        x12=d788b407 x14:d788b407
18823970ns          331536 1c008dc6 01f006b3 add              x13, x0, x31        x13=d788b407 x31:d788b407
18823989ns          331537 1c008dc8 7d4a8513 addi             x10, x21, 2004      x10=1c0007d4 x21:1c000000
18824009ns          331538 1c008dcc 008d0d13 addi             x26, x26, 8         x26=1c001308 x26:1c001300
18824029ns          331539 1c008dce 002b8b93 addi             x23, x23, 2         x23=0000000e x23:0000000c
18824049ns          331540 1c008dd0 01f70c63 beq              x14, x31, 24        x14:d788b407 x31:d788b407
18824109ns          331543 1c008de8 002e9713 slli             x14, x29, 0x2       x14=00000034 x29:0000000d
18824129ns          331544 1c008dec 20e4f703 lw               x14, x14(x9)        x14=ad2fa26f x14:00000034  x9:1c0012d0  PA:1c001304
18824427ns          331559 1c008df0 00178793 addi             x15, x15, 1         x15=000001a4 x15:000001a3
18824447ns          331560 1c008df2 000c2e83 lw               x29, 0(x24)         x29=ad2fa26f x24:1c001264  PA:1c001264
18824745ns          331575 1c008df6 1c000837 lui              x16, 0x1c000000     x16=1c000000
18824765ns          331576 1c008dfa 00f42023 sw               x15, 0(x8)          x15:000001a4  x8:1c001324  PA:1c001324
18825083ns          331592 1c008dfc 320b0f13 addi             x30, x22, 800       x30=1c001320 x22:1c001000
18825103ns          331593 1c008e00 00e00633 add              x12, x0, x14        x12=ad2fa26f x14:ad2fa26f
18825123ns          331594 1c008e02 01d006b3 add              x13, x0, x29        x13=ad2fa26f x29:ad2fa26f
18825143ns          331595 1c008e04 50080593 addi             x11, x16, 1280      x11=1c000500 x16:1c000000
18825163ns          331596 1c008e08 7d4a8513 addi             x10, x21, 2004      x10=1c0007d4 x21:1c000000
18825183ns          331597 1c008e0c 01d70a63 beq              x14, x29, 20        x14:ad2fa26f x29:ad2fa26f
18825243ns          331600 1c008e20 00178793 addi             x15, x15, 1         x15=000001a5 x15:000001a4
18825262ns          331601 1c008e22 1c000537 lui              x10, 0x1c000000     x10=1c000000
18825282ns          331602 1c008e26 00f42023 sw               x15, 0(x8)          x15:000001a5  x8:1c001324  PA:1c001324
18825601ns          331618 1c008e28 52050593 addi             x11, x10, 1312      x11=1c000520 x10:1c000000
18825620ns          331619 1c008e2c 320b0713 addi             x14, x22, 800       x14=1c001320 x22:1c001000
18825640ns          331620 1c008e30 01a006b3 add              x13, x0, x26        x13=1c001308 x26:1c001308
18825660ns          331621 1c008e32 01900633 add              x12, x0, x25        x12=1c001308 x25:1c001308
18825680ns          331622 1c008e34 7d4a8513 addi             x10, x21, 2004      x10=1c0007d4 x21:1c000000
18825700ns          331623 1c008e38 01ac8763 beq              x25, x26, 14        x25:1c001308 x26:1c001308
18825760ns          331626 1c008e46 01400613 addi             x12, x0, 20         x12=00000014
18825780ns          331627 1c008e48 008d8d93 addi             x27, x27, 8         x27=1c001268 x27:1c001260
18825799ns          331628 1c008e4a 008c0c13 addi             x24, x24, 8         x24=1c00126c x24:1c001264
18825819ns          331629 1c008e4c f2cb9ee3 bne              x23, x12, -196      x23:0000000e x12:00000014
18825879ns          331632 1c008d88 000da783 lw               x15, 0(x27)         x15=e5751375 x27:1c001268  PA:1c001268
18826197ns          331648 1c008d8c 000c2703 lw               x14, 0(x24)         x14=9db7a851 x24:1c00126c  PA:1c00126c
18826496ns          331663 1c008d90 001b8e93 addi             x29, x23, 1         x29=0000000f x23:0000000e
18826516ns          331664 1c008d94 01a00cb3 add              x25, x0, x26        x25=1c001308 x26:1c001308
18826535ns          331665 1c008d96 00fca22b p.sw             x15, 4(x25!)        x25=1c00130c x15:e5751375 x25:1c001308  PA:1c001308
18826854ns          331681 1c008d9a 00eca22b p.sw             x14, 4(x25!)        x25=1c001310 x14:9db7a851 x25:1c00130c  PA:1c00130c
18827212ns          331699 1c008d9e 00fda023 sw               x15, 0(x27)         x15:e5751375 x27:1c001268  PA:1c001268
18827530ns          331715 1c008da2 00042783 lw               x15, 0(x8)          x15=000001a5  x8:1c001324  PA:1c001324
18827828ns          331730 1c008da4 00ec2023 sw               x14, 0(x24)         x14:9db7a851 x24:1c00126c  PA:1c00126c
18828147ns          331746 1c008da8 002b9713 slli             x14, x23, 0x2       x14=00000038 x23:0000000e
18828166ns          331747 1c008dac 20e4f703 lw               x14, x14(x9)        x14=e5751375 x14:00000038  x9:1c0012d0  PA:1c001308
18828485ns          331763 1c008db0 00178793 addi             x15, x15, 1         x15=000001a6 x15:000001a5
18828505ns          331764 1c008db2 000daf83 lw               x31, 0(x27)         x31=e5751375 x27:1c001268  PA:1c001268
18828823ns          331780 1c008db6 1c000537 lui              x10, 0x1c000000     x10=1c000000
18828843ns          331781 1c008dba 00f42023 sw               x15, 0(x8)          x15:000001a6  x8:1c001324  PA:1c001324
18829161ns          331797 1c008dbc 4e050593 addi             x11, x10, 1248      x11=1c0004e0 x10:1c000000
18829181ns          331798 1c008dc0 320b0f13 addi             x30, x22, 800       x30=1c001320 x22:1c001000
18829201ns          331799 1c008dc4 00e00633 add              x12, x0, x14        x12=e5751375 x14:e5751375
18829221ns          331800 1c008dc6 01f006b3 add              x13, x0, x31        x13=e5751375 x31:e5751375
18829241ns          331801 1c008dc8 7d4a8513 addi             x10, x21, 2004      x10=1c0007d4 x21:1c000000
18829260ns          331802 1c008dcc 008d0d13 addi             x26, x26, 8         x26=1c001310 x26:1c001308
18829280ns          331803 1c008dce 002b8b93 addi             x23, x23, 2         x23=00000010 x23:0000000e
18829300ns          331804 1c008dd0 01f70c63 beq              x14, x31, 24        x14:e5751375 x31:e5751375
18829360ns          331807 1c008de8 002e9713 slli             x14, x29, 0x2       x14=0000003c x29:0000000f
18829380ns          331808 1c008dec 20e4f703 lw               x14, x14(x9)        x14=9db7a851 x14:0000003c  x9:1c0012d0  PA:1c00130c
18829678ns          331823 1c008df0 00178793 addi             x15, x15, 1         x15=000001a7 x15:000001a6
18829698ns          331824 1c008df2 000c2e83 lw               x29, 0(x24)         x29=9db7a851 x24:1c00126c  PA:1c00126c
18829996ns          331839 1c008df6 1c000837 lui              x16, 0x1c000000     x16=1c000000
18830016ns          331840 1c008dfa 00f42023 sw               x15, 0(x8)          x15:000001a7  x8:1c001324  PA:1c001324
18830335ns          331856 1c008dfc 320b0f13 addi             x30, x22, 800       x30=1c001320 x22:1c001000
18830354ns          331857 1c008e00 00e00633 add              x12, x0, x14        x12=9db7a851 x14:9db7a851
18830374ns          331858 1c008e02 01d006b3 add              x13, x0, x29        x13=9db7a851 x29:9db7a851
18830394ns          331859 1c008e04 50080593 addi             x11, x16, 1280      x11=1c000500 x16:1c000000
18830414ns          331860 1c008e08 7d4a8513 addi             x10, x21, 2004      x10=1c0007d4 x21:1c000000
18830434ns          331861 1c008e0c 01d70a63 beq              x14, x29, 20        x14:9db7a851 x29:9db7a851
18830494ns          331864 1c008e20 00178793 addi             x15, x15, 1         x15=000001a8 x15:000001a7
18830514ns          331865 1c008e22 1c000537 lui              x10, 0x1c000000     x10=1c000000
18830533ns          331866 1c008e26 00f42023 sw               x15, 0(x8)          x15:000001a8  x8:1c001324  PA:1c001324
18830852ns          331882 1c008e28 52050593 addi             x11, x10, 1312      x11=1c000520 x10:1c000000
18830872ns          331883 1c008e2c 320b0713 addi             x14, x22, 800       x14=1c001320 x22:1c001000
18830892ns          331884 1c008e30 01a006b3 add              x13, x0, x26        x13=1c001310 x26:1c001310
18830911ns          331885 1c008e32 01900633 add              x12, x0, x25        x12=1c001310 x25:1c001310
18830931ns          331886 1c008e34 7d4a8513 addi             x10, x21, 2004      x10=1c0007d4 x21:1c000000
18830951ns          331887 1c008e38 01ac8763 beq              x25, x26, 14        x25:1c001310 x26:1c001310
18831011ns          331890 1c008e46 01400613 addi             x12, x0, 20         x12=00000014
18831031ns          331891 1c008e48 008d8d93 addi             x27, x27, 8         x27=1c001270 x27:1c001268
18831051ns          331892 1c008e4a 008c0c13 addi             x24, x24, 8         x24=1c001274 x24:1c00126c
18831071ns          331893 1c008e4c f2cb9ee3 bne              x23, x12, -196      x23:00000010 x12:00000014
18831130ns          331896 1c008d88 000da783 lw               x15, 0(x27)         x15=30fa933b x27:1c001270  PA:1c001270
18831448ns          331912 1c008d8c 000c2703 lw               x14, 0(x24)         x14=5b921175 x24:1c001274  PA:1c001274
18831747ns          331927 1c008d90 001b8e93 addi             x29, x23, 1         x29=00000011 x23:00000010
18831767ns          331928 1c008d94 01a00cb3 add              x25, x0, x26        x25=1c001310 x26:1c001310
18831787ns          331929 1c008d96 00fca22b p.sw             x15, 4(x25!)        x25=1c001314 x15:30fa933b x25:1c001310  PA:1c001310
18832105ns          331945 1c008d9a 00eca22b p.sw             x14, 4(x25!)        x25=1c001318 x14:5b921175 x25:1c001314  PA:1c001314
18832443ns          331962 1c008d9e 00fda023 sw               x15, 0(x27)         x15:30fa933b x27:1c001270  PA:1c001270
18832761ns          331978 1c008da2 00042783 lw               x15, 0(x8)          x15=000001a8  x8:1c001324  PA:1c001324
18833060ns          331993 1c008da4 00ec2023 sw               x14, 0(x24)         x14:5b921175 x24:1c001274  PA:1c001274
18833378ns          332009 1c008da8 002b9713 slli             x14, x23, 0x2       x14=00000040 x23:00000010
18833398ns          332010 1c008dac 20e4f703 lw               x14, x14(x9)        x14=30fa933b x14:00000040  x9:1c0012d0  PA:1c001310
18833696ns          332025 1c008db0 00178793 addi             x15, x15, 1         x15=000001a9 x15:000001a8
18833716ns          332026 1c008db2 000daf83 lw               x31, 0(x27)         x31=30fa933b x27:1c001270  PA:1c001270
18834014ns          332041 1c008db6 1c000537 lui              x10, 0x1c000000     x10=1c000000
18834034ns          332042 1c008dba 00f42023 sw               x15, 0(x8)          x15:000001a9  x8:1c001324  PA:1c001324
18834372ns          332059 1c008dbc 4e050593 addi             x11, x10, 1248      x11=1c0004e0 x10:1c000000
18834392ns          332060 1c008dc0 320b0f13 addi             x30, x22, 800       x30=1c001320 x22:1c001000
18834412ns          332061 1c008dc4 00e00633 add              x12, x0, x14        x12=30fa933b x14:30fa933b
18834432ns          332062 1c008dc6 01f006b3 add              x13, x0, x31        x13=30fa933b x31:30fa933b
18834452ns          332063 1c008dc8 7d4a8513 addi             x10, x21, 2004      x10=1c0007d4 x21:1c000000
18834472ns          332064 1c008dcc 008d0d13 addi             x26, x26, 8         x26=1c001318 x26:1c001310
18834492ns          332065 1c008dce 002b8b93 addi             x23, x23, 2         x23=00000012 x23:00000010
18834512ns          332066 1c008dd0 01f70c63 beq              x14, x31, 24        x14:30fa933b x31:30fa933b
18834571ns          332069 1c008de8 002e9713 slli             x14, x29, 0x2       x14=00000044 x29:00000011
18834591ns          332070 1c008dec 20e4f703 lw               x14, x14(x9)        x14=5b921175 x14:00000044  x9:1c0012d0  PA:1c001314
18834890ns          332085 1c008df0 00178793 addi             x15, x15, 1         x15=000001aa x15:000001a9
18834909ns          332086 1c008df2 000c2e83 lw               x29, 0(x24)         x29=5b921175 x24:1c001274  PA:1c001274
18835228ns          332102 1c008df6 1c000837 lui              x16, 0x1c000000     x16=1c000000
18835248ns          332103 1c008dfa 00f42023 sw               x15, 0(x8)          x15:000001aa  x8:1c001324  PA:1c001324
18835586ns          332120 1c008dfc 320b0f13 addi             x30, x22, 800       x30=1c001320 x22:1c001000
18835606ns          332121 1c008e00 00e00633 add              x12, x0, x14        x12=5b921175 x14:5b921175
18835626ns          332122 1c008e02 01d006b3 add              x13, x0, x29        x13=5b921175 x29:5b921175
18835645ns          332123 1c008e04 50080593 addi             x11, x16, 1280      x11=1c000500 x16:1c000000
18835665ns          332124 1c008e08 7d4a8513 addi             x10, x21, 2004      x10=1c0007d4 x21:1c000000
18835685ns          332125 1c008e0c 01d70a63 beq              x14, x29, 20        x14:5b921175 x29:5b921175
18835745ns          332128 1c008e20 00178793 addi             x15, x15, 1         x15=000001ab x15:000001aa
18835765ns          332129 1c008e22 1c000537 lui              x10, 0x1c000000     x10=1c000000
18835785ns          332130 1c008e26 00f42023 sw               x15, 0(x8)          x15:000001ab  x8:1c001324  PA:1c001324
18836103ns          332146 1c008e28 52050593 addi             x11, x10, 1312      x11=1c000520 x10:1c000000
18836123ns          332147 1c008e2c 320b0713 addi             x14, x22, 800       x14=1c001320 x22:1c001000
18836143ns          332148 1c008e30 01a006b3 add              x13, x0, x26        x13=1c001318 x26:1c001318
18836163ns          332149 1c008e32 01900633 add              x12, x0, x25        x12=1c001318 x25:1c001318
18836182ns          332150 1c008e34 7d4a8513 addi             x10, x21, 2004      x10=1c0007d4 x21:1c000000
18836202ns          332151 1c008e38 01ac8763 beq              x25, x26, 14        x25:1c001318 x26:1c001318
18836262ns          332154 1c008e46 01400613 addi             x12, x0, 20         x12=00000014
18836282ns          332155 1c008e48 008d8d93 addi             x27, x27, 8         x27=1c001278 x27:1c001270
18836302ns          332156 1c008e4a 008c0c13 addi             x24, x24, 8         x24=1c00127c x24:1c001274
18836322ns          332157 1c008e4c f2cb9ee3 bne              x23, x12, -196      x23:00000012 x12:00000014
18836381ns          332160 1c008d88 000da783 lw               x15, 0(x27)         x15=17204d1d x27:1c001278  PA:1c001278
18836700ns          332176 1c008d8c 000c2703 lw               x14, 0(x24)         x14=f3fcd381 x24:1c00127c  PA:1c00127c
18836998ns          332191 1c008d90 001b8e93 addi             x29, x23, 1         x29=00000013 x23:00000012
18837018ns          332192 1c008d94 01a00cb3 add              x25, x0, x26        x25=1c001318 x26:1c001318
18837038ns          332193 1c008d96 00fca22b p.sw             x15, 4(x25!)        x25=1c00131c x15:17204d1d x25:1c001318  PA:1c001318
18837356ns          332209 1c008d9a 00eca22b p.sw             x14, 4(x25!)        x25=1c001320 x14:f3fcd381 x25:1c00131c  PA:1c00131c
18837694ns          332226 1c008d9e 00fda023 sw               x15, 0(x27)         x15:17204d1d x27:1c001278  PA:1c001278
18838012ns          332242 1c008da2 00042783 lw               x15, 0(x8)          x15=000001ab  x8:1c001324  PA:1c001324
18838311ns          332257 1c008da4 00ec2023 sw               x14, 0(x24)         x14:f3fcd381 x24:1c00127c  PA:1c00127c
18838629ns          332273 1c008da8 002b9713 slli             x14, x23, 0x2       x14=00000048 x23:00000012
18838649ns          332274 1c008dac 20e4f703 lw               x14, x14(x9)        x14=17204d1d x14:00000048  x9:1c0012d0  PA:1c001318
18838947ns          332289 1c008db0 00178793 addi             x15, x15, 1         x15=000001ac x15:000001ab
18838967ns          332290 1c008db2 000daf83 lw               x31, 0(x27)         x31=17204d1d x27:1c001278  PA:1c001278
18839266ns          332305 1c008db6 1c000537 lui              x10, 0x1c000000     x10=1c000000
18839285ns          332306 1c008dba 00f42023 sw               x15, 0(x8)          x15:000001ac  x8:1c001324  PA:1c001324
18839624ns          332323 1c008dbc 4e050593 addi             x11, x10, 1248      x11=1c0004e0 x10:1c000000
18839643ns          332324 1c008dc0 320b0f13 addi             x30, x22, 800       x30=1c001320 x22:1c001000
18839663ns          332325 1c008dc4 00e00633 add              x12, x0, x14        x12=17204d1d x14:17204d1d
18839683ns          332326 1c008dc6 01f006b3 add              x13, x0, x31        x13=17204d1d x31:17204d1d
18839703ns          332327 1c008dc8 7d4a8513 addi             x10, x21, 2004      x10=1c0007d4 x21:1c000000
18839723ns          332328 1c008dcc 008d0d13 addi             x26, x26, 8         x26=1c001320 x26:1c001318
18839743ns          332329 1c008dce 002b8b93 addi             x23, x23, 2         x23=00000014 x23:00000012
18839763ns          332330 1c008dd0 01f70c63 beq              x14, x31, 24        x14:17204d1d x31:17204d1d
18839822ns          332333 1c008de8 002e9713 slli             x14, x29, 0x2       x14=0000004c x29:00000013
18839842ns          332334 1c008dec 20e4f703 lw               x14, x14(x9)        x14=f3fcd381 x14:0000004c  x9:1c0012d0  PA:1c00131c
18840141ns          332349 1c008df0 00178793 addi             x15, x15, 1         x15=000001ad x15:000001ac
18840161ns          332350 1c008df2 000c2e83 lw               x29, 0(x24)         x29=f3fcd381 x24:1c00127c  PA:1c00127c
18840479ns          332366 1c008df6 1c000837 lui              x16, 0x1c000000     x16=1c000000
18840499ns          332367 1c008dfa 00f42023 sw               x15, 0(x8)          x15:000001ad  x8:1c001324  PA:1c001324
18840837ns          332384 1c008dfc 320b0f13 addi             x30, x22, 800       x30=1c001320 x22:1c001000
18840857ns          332385 1c008e00 00e00633 add              x12, x0, x14        x12=f3fcd381 x14:f3fcd381
18840877ns          332386 1c008e02 01d006b3 add              x13, x0, x29        x13=f3fcd381 x29:f3fcd381
18840897ns          332387 1c008e04 50080593 addi             x11, x16, 1280      x11=1c000500 x16:1c000000
18840916ns          332388 1c008e08 7d4a8513 addi             x10, x21, 2004      x10=1c0007d4 x21:1c000000
18840936ns          332389 1c008e0c 01d70a63 beq              x14, x29, 20        x14:f3fcd381 x29:f3fcd381
18840996ns          332392 1c008e20 00178793 addi             x15, x15, 1         x15=000001ae x15:000001ad
18841016ns          332393 1c008e22 1c000537 lui              x10, 0x1c000000     x10=1c000000
18841036ns          332394 1c008e26 00f42023 sw               x15, 0(x8)          x15:000001ae  x8:1c001324  PA:1c001324
18841354ns          332410 1c008e28 52050593 addi             x11, x10, 1312      x11=1c000520 x10:1c000000
18841374ns          332411 1c008e2c 320b0713 addi             x14, x22, 800       x14=1c001320 x22:1c001000
18841394ns          332412 1c008e30 01a006b3 add              x13, x0, x26        x13=1c001320 x26:1c001320
18841414ns          332413 1c008e32 01900633 add              x12, x0, x25        x12=1c001320 x25:1c001320
18841434ns          332414 1c008e34 7d4a8513 addi             x10, x21, 2004      x10=1c0007d4 x21:1c000000
18841453ns          332415 1c008e38 01ac8763 beq              x25, x26, 14        x25:1c001320 x26:1c001320
18841513ns          332418 1c008e46 01400613 addi             x12, x0, 20         x12=00000014
18841533ns          332419 1c008e48 008d8d93 addi             x27, x27, 8         x27=1c001280 x27:1c001278
18841553ns          332420 1c008e4a 008c0c13 addi             x24, x24, 8         x24=1c001284 x24:1c00127c
18841573ns          332421 1c008e4c f2cb9ee3 bne              x23, x12, -196      x23:00000014 x12:00000014
18841593ns          332422 1c008e50 01400ab3 add              x21, x0, x20        x21=1c0012d0 x20:1c0012d0
18841613ns          332423 1c008e52 01300cb3 add              x25, x0, x19        x25=1c001234 x19:1c001234
18841633ns          332424 1c008e54 01200c33 add              x24, x0, x18        x24=1c001230 x18:1c001230
18841652ns          332425 1c008e56 00000d93 addi             x27, x0, 0          x27=00000000
18841672ns          332426 1c008e58 1c001bb7 lui              x23, 0x1c001000     x23=1c001000
18841692ns          332427 1c008e5c 1c000b37 lui              x22, 0x1c000000     x22=1c000000
18842070ns          332446 1c008e60 002d9693 slli             x13, x27, 0x2       x13=00000000 x27:00000000
18842110ns          332448 1c008e64 001d8713 addi             x14, x27, 1         x14=00000001 x27:00000000
18842130ns          332449 1c008e68 009686b3 add              x13, x13, x9        x13=1c0012d0 x13:00000000  x9:1c0012d0
18842150ns          332450 1c008e6a 00271f13 slli             x30, x14, 0x2       x30=00000004 x14:00000001
18842587ns          332472 1c008e6e 0006a023 sw               x0, 0(x13)          x13:1c0012d0  PA:1c0012d0
18842925ns          332489 1c008e72 000c2703 lw               x14, 0(x24)         x14=79f3fbe0 x24:1c001230  PA:1c001230
18843244ns          332505 1c008e76 000ca783 lw               x15, 0(x25)         x15=989d0153 x25:1c001234  PA:1c001234
18843542ns          332520 1c008e7a 0004ef23 p.sw             x0, x0(x9)           x9:1c0012d0  PA:1c0012d4
18843860ns          332536 1c008e7e 01500d33 add              x26, x0, x21        x26=1c0012d0 x21:1c0012d0
18843880ns          332537 1c008e80 00ed122b p.sh             x14, 4(x26!)        x26=1c0012d4 x14:79f3fbe0 x26:1c0012d0  PA:1c0012d0
18844198ns          332553 1c008e84 00fd122b p.sh             x15, 4(x26!)        x26=1c0012d8 x15:989d0153 x26:1c0012d4  PA:1c0012d4
18844537ns          332570 1c008e88 00ec2023 sw               x14, 0(x24)         x14:79f3fbe0 x24:1c001230  PA:1c001230
18844855ns          332586 1c008e8c 00fca023 sw               x15, 0(x25)         x15:989d0153 x25:1c001234  PA:1c001234
18845173ns          332602 1c008e90 00042783 lw               x15, 0(x8)          x15=000001ae  x8:1c001324  PA:1c001324
18845471ns          332617 1c008e92 000c2703 lw               x14, 0(x24)         x14=79f3fbe0 x24:1c001230  PA:1c001230
18845790ns          332633 1c008e96 00010837 lui              x16, 0x10000        x16=00010000
18845810ns          332634 1c008e98 0006a283 lw               x5, 0(x13)           x5=0000fbe0 x13:1c0012d0  PA:1c0012d0
18846108ns          332649 1c008e9c 00178793 addi             x15, x15, 1         x15=000001af x15:000001ae
18846128ns          332650 1c008e9e fff80813 addi             x16, x16, -1        x16=0000ffff x16:00010000
18846148ns          332651 1c008ea0 1c0006b7 lui              x13, 0x1c000000     x13=1c000000
18846168ns          332652 1c008ea4 01077733 and              x14, x14, x16       x14=0000fbe0 x14:79f3fbe0 x16:0000ffff
18846187ns          332653 1c008ea8 00f42023 sw               x15, 0(x8)          x15:000001af  x8:1c001324  PA:1c001324
18846506ns          332669 1c008eaa 53868593 addi             x11, x13, 1336      x11=1c000538 x13:1c000000
18846625ns          332675 1c008eae 320b8f93 addi             x31, x23, 800       x31=1c001320 x23:1c001000
18846645ns          332676 1c008eb2 00500633 add              x12, x0, x5         x12=0000fbe0  x5:0000fbe0
18846665ns          332677 1c008eb4 7d4b0513 addi             x10, x22, 2004      x10=1c0007d4 x22:1c000000
18846685ns          332678 1c008eb8 00e006b3 add              x13, x0, x14        x13=0000fbe0 x14:0000fbe0
18846705ns          332679 1c008eba 008a8a93 addi             x21, x21, 8         x21=1c0012d8 x21:1c0012d0
18846725ns          332680 1c008ebc 002d8d93 addi             x27, x27, 2         x27=00000002 x27:00000000
18847162ns          332702 1c008ebe 00e28c63 beq              x5, x14, 24          x5:0000fbe0 x14:0000fbe0
18847679ns          332728 1c008ed6 000ca683 lw               x13, 0(x25)         x13=989d0153 x25:1c001234  PA:1c001234
18847998ns          332744 1c008eda 00010837 lui              x16, 0x10000        x16=00010000
18848017ns          332745 1c008edc 21e4f703 lw               x14, x30(x9)        x14=00000153 x30:00000004  x9:1c0012d0  PA:1c0012d4
18848336ns          332761 1c008ee0 00178793 addi             x15, x15, 1         x15=000001b0 x15:000001af
18848356ns          332762 1c008ee2 fff80813 addi             x16, x16, -1        x16=0000ffff x16:00010000
18848375ns          332763 1c008ee4 1c000537 lui              x10, 0x1c000000     x10=1c000000
18848395ns          332764 1c008ee8 0106ff33 and              x30, x13, x16       x30=00000153 x13:989d0153 x16:0000ffff
18848415ns          332765 1c008eec 00f42023 sw               x15, 0(x8)          x15:000001b0  x8:1c001324  PA:1c001324
18848833ns          332786 1c008eee 55850593 addi             x11, x10, 1368      x11=1c000558 x10:1c000000
18848873ns          332788 1c008ef2 320b8f93 addi             x31, x23, 800       x31=1c001320 x23:1c001000
18848893ns          332789 1c008ef6 00e00633 add              x12, x0, x14        x12=00000153 x14:00000153
18848913ns          332790 1c008ef8 7d4b0513 addi             x10, x22, 2004      x10=1c0007d4 x22:1c000000
18848932ns          332791 1c008efc 01e006b3 add              x13, x0, x30        x13=00000153 x30:00000153
18849350ns          332812 1c008efe 01e70a63 beq              x14, x30, 20        x14:00000153 x30:00000153
18849847ns          332837 1c008f12 00178793 addi             x15, x15, 1         x15=000001b1 x15:000001b0
18849887ns          332839 1c008f14 1c000537 lui              x10, 0x1c000000     x10=1c000000
18849907ns          332840 1c008f18 00f42023 sw               x15, 0(x8)          x15:000001b1  x8:1c001324  PA:1c001324
18850225ns          332856 1c008f1a 57850593 addi             x11, x10, 1400      x11=1c000578 x10:1c000000
18850365ns          332863 1c008f1e 320b8713 addi             x14, x23, 800       x14=1c001320 x23:1c001000
18850384ns          332864 1c008f22 015006b3 add              x13, x0, x21        x13=1c0012d8 x21:1c0012d8
18850404ns          332865 1c008f24 01a00633 add              x12, x0, x26        x12=1c0012d8 x26:1c0012d8
18850424ns          332866 1c008f26 7d4b0513 addi             x10, x22, 2004      x10=1c0007d4 x22:1c000000
18850444ns          332867 1c008f2a 015d0763 beq              x26, x21, 14        x26:1c0012d8 x21:1c0012d8
18850921ns          332891 1c008f38 01400613 addi             x12, x0, 20         x12=00000014
18850941ns          332892 1c008f3a 008c0c13 addi             x24, x24, 8         x24=1c001238 x24:1c001230
18850961ns          332893 1c008f3c 008c8c93 addi             x25, x25, 8         x25=1c00123c x25:1c001234
18851379ns          332914 1c008f3e f2cd91e3 bne              x27, x12, -222      x27:00000002 x12:00000014
18851478ns          332919 1c008e60 002d9693 slli             x13, x27, 0x2       x13=00000008 x27:00000002
18851518ns          332921 1c008e64 001d8713 addi             x14, x27, 1         x14=00000003 x27:00000002
18851538ns          332922 1c008e68 009686b3 add              x13, x13, x9        x13=1c0012d8 x13:00000008  x9:1c0012d0
18851558ns          332923 1c008e6a 00271f13 slli             x30, x14, 0x2       x30=0000000c x14:00000003
18851618ns          332926 1c008e6e 0006a023 sw               x0, 0(x13)          x13:1c0012d8  PA:1c0012d8
18851956ns          332943 1c008e72 000c2703 lw               x14, 0(x24)         x14=81779f06 x24:1c001238  PA:1c001238
18852274ns          332959 1c008e76 000ca783 lw               x15, 0(x25)         x15=6633c31f x25:1c00123c  PA:1c00123c
18852592ns          332975 1c008e7a 0004ef23 p.sw             x0, x0(x9)           x9:1c0012d0  PA:1c0012dc
18852911ns          332991 1c008e7e 01500d33 add              x26, x0, x21        x26=1c0012d8 x21:1c0012d8
18852930ns          332992 1c008e80 00ed122b p.sh             x14, 4(x26!)        x26=1c0012dc x14:81779f06 x26:1c0012d8  PA:1c0012d8
18853249ns          333008 1c008e84 00fd122b p.sh             x15, 4(x26!)        x26=1c0012e0 x15:6633c31f x26:1c0012dc  PA:1c0012dc
18853587ns          333025 1c008e88 00ec2023 sw               x14, 0(x24)         x14:81779f06 x24:1c001238  PA:1c001238
18853905ns          333041 1c008e8c 00fca023 sw               x15, 0(x25)         x15:6633c31f x25:1c00123c  PA:1c00123c
18854223ns          333057 1c008e90 00042783 lw               x15, 0(x8)          x15=000001b1  x8:1c001324  PA:1c001324
18854522ns          333072 1c008e92 000c2703 lw               x14, 0(x24)         x14=81779f06 x24:1c001238  PA:1c001238
18854820ns          333087 1c008e96 00010837 lui              x16, 0x10000        x16=00010000
18854840ns          333088 1c008e98 0006a283 lw               x5, 0(x13)           x5=00009f06 x13:1c0012d8  PA:1c0012d8
18855158ns          333104 1c008e9c 00178793 addi             x15, x15, 1         x15=000001b2 x15:000001b1
18855178ns          333105 1c008e9e fff80813 addi             x16, x16, -1        x16=0000ffff x16:00010000
18855198ns          333106 1c008ea0 1c0006b7 lui              x13, 0x1c000000     x13=1c000000
18855218ns          333107 1c008ea4 01077733 and              x14, x14, x16       x14=00009f06 x14:81779f06 x16:0000ffff
18855238ns          333108 1c008ea8 00f42023 sw               x15, 0(x8)          x15:000001b2  x8:1c001324  PA:1c001324
18855556ns          333124 1c008eaa 53868593 addi             x11, x13, 1336      x11=1c000538 x13:1c000000
18855576ns          333125 1c008eae 320b8f93 addi             x31, x23, 800       x31=1c001320 x23:1c001000
18855596ns          333126 1c008eb2 00500633 add              x12, x0, x5         x12=00009f06  x5:00009f06
18855616ns          333127 1c008eb4 7d4b0513 addi             x10, x22, 2004      x10=1c0007d4 x22:1c000000
18855636ns          333128 1c008eb8 00e006b3 add              x13, x0, x14        x13=00009f06 x14:00009f06
18855655ns          333129 1c008eba 008a8a93 addi             x21, x21, 8         x21=1c0012e0 x21:1c0012d8
18855675ns          333130 1c008ebc 002d8d93 addi             x27, x27, 2         x27=00000004 x27:00000002
18855695ns          333131 1c008ebe 00e28c63 beq              x5, x14, 24          x5:00009f06 x14:00009f06
18855775ns          333135 1c008ed6 000ca683 lw               x13, 0(x25)         x13=6633c31f x25:1c00123c  PA:1c00123c
18856073ns          333150 1c008eda 00010837 lui              x16, 0x10000        x16=00010000
18856093ns          333151 1c008edc 21e4f703 lw               x14, x30(x9)        x14=0000c31f x30:0000000c  x9:1c0012d0  PA:1c0012dc
18856411ns          333167 1c008ee0 00178793 addi             x15, x15, 1         x15=000001b3 x15:000001b2
18856431ns          333168 1c008ee2 fff80813 addi             x16, x16, -1        x16=0000ffff x16:00010000
18856451ns          333169 1c008ee4 1c000537 lui              x10, 0x1c000000     x10=1c000000
18856471ns          333170 1c008ee8 0106ff33 and              x30, x13, x16       x30=0000c31f x13:6633c31f x16:0000ffff
18856491ns          333171 1c008eec 00f42023 sw               x15, 0(x8)          x15:000001b3  x8:1c001324  PA:1c001324
18856829ns          333188 1c008eee 55850593 addi             x11, x10, 1368      x11=1c000558 x10:1c000000
18856849ns          333189 1c008ef2 320b8f93 addi             x31, x23, 800       x31=1c001320 x23:1c001000
18856869ns          333190 1c008ef6 00e00633 add              x12, x0, x14        x12=0000c31f x14:0000c31f
18856889ns          333191 1c008ef8 7d4b0513 addi             x10, x22, 2004      x10=1c0007d4 x22:1c000000
18856909ns          333192 1c008efc 01e006b3 add              x13, x0, x30        x13=0000c31f x30:0000c31f
18856928ns          333193 1c008efe 01e70a63 beq              x14, x30, 20        x14:0000c31f x30:0000c31f
18856988ns          333196 1c008f12 00178793 addi             x15, x15, 1         x15=000001b4 x15:000001b3
18857008ns          333197 1c008f14 1c000537 lui              x10, 0x1c000000     x10=1c000000
18857028ns          333198 1c008f18 00f42023 sw               x15, 0(x8)          x15:000001b4  x8:1c001324  PA:1c001324
18857346ns          333214 1c008f1a 57850593 addi             x11, x10, 1400      x11=1c000578 x10:1c000000
18857366ns          333215 1c008f1e 320b8713 addi             x14, x23, 800       x14=1c001320 x23:1c001000
18857386ns          333216 1c008f22 015006b3 add              x13, x0, x21        x13=1c0012e0 x21:1c0012e0
18857406ns          333217 1c008f24 01a00633 add              x12, x0, x26        x12=1c0012e0 x26:1c0012e0
18857426ns          333218 1c008f26 7d4b0513 addi             x10, x22, 2004      x10=1c0007d4 x22:1c000000
18857446ns          333219 1c008f2a 015d0763 beq              x26, x21, 14        x26:1c0012e0 x21:1c0012e0
18857505ns          333222 1c008f38 01400613 addi             x12, x0, 20         x12=00000014
18857525ns          333223 1c008f3a 008c0c13 addi             x24, x24, 8         x24=1c001240 x24:1c001238
18857545ns          333224 1c008f3c 008c8c93 addi             x25, x25, 8         x25=1c001244 x25:1c00123c
18857565ns          333225 1c008f3e f2cd91e3 bne              x27, x12, -222      x27:00000004 x12:00000014
18857625ns          333228 1c008e60 002d9693 slli             x13, x27, 0x2       x13=00000010 x27:00000004
18857645ns          333229 1c008e64 001d8713 addi             x14, x27, 1         x14=00000005 x27:00000004
18857664ns          333230 1c008e68 009686b3 add              x13, x13, x9        x13=1c0012e0 x13:00000010  x9:1c0012d0
18857684ns          333231 1c008e6a 00271f13 slli             x30, x14, 0x2       x30=00000014 x14:00000005
18857704ns          333232 1c008e6e 0006a023 sw               x0, 0(x13)          x13:1c0012e0  PA:1c0012e0
18858042ns          333249 1c008e72 000c2703 lw               x14, 0(x24)         x14=38ac533d x24:1c001240  PA:1c001240
18858341ns          333264 1c008e76 000ca783 lw               x15, 0(x25)         x15=1ff02242 x25:1c001244  PA:1c001244
18858639ns          333279 1c008e7a 0004ef23 p.sw             x0, x0(x9)           x9:1c0012d0  PA:1c0012e4
18858957ns          333295 1c008e7e 01500d33 add              x26, x0, x21        x26=1c0012e0 x21:1c0012e0
18858977ns          333296 1c008e80 00ed122b p.sh             x14, 4(x26!)        x26=1c0012e4 x14:38ac533d x26:1c0012e0  PA:1c0012e0
18859295ns          333312 1c008e84 00fd122b p.sh             x15, 4(x26!)        x26=1c0012e8 x15:1ff02242 x26:1c0012e4  PA:1c0012e4
18859614ns          333328 1c008e88 00ec2023 sw               x14, 0(x24)         x14:38ac533d x24:1c001240  PA:1c001240
18859952ns          333345 1c008e8c 00fca023 sw               x15, 0(x25)         x15:1ff02242 x25:1c001244  PA:1c001244
18860270ns          333361 1c008e90 00042783 lw               x15, 0(x8)          x15=000001b4  x8:1c001324  PA:1c001324
18860569ns          333376 1c008e92 000c2703 lw               x14, 0(x24)         x14=38ac533d x24:1c001240  PA:1c001240
18860867ns          333391 1c008e96 00010837 lui              x16, 0x10000        x16=00010000
18860887ns          333392 1c008e98 0006a283 lw               x5, 0(x13)           x5=0000533d x13:1c0012e0  PA:1c0012e0
18861185ns          333407 1c008e9c 00178793 addi             x15, x15, 1         x15=000001b5 x15:000001b4
18861205ns          333408 1c008e9e fff80813 addi             x16, x16, -1        x16=0000ffff x16:00010000
18861225ns          333409 1c008ea0 1c0006b7 lui              x13, 0x1c000000     x13=1c000000
18861245ns          333410 1c008ea4 01077733 and              x14, x14, x16       x14=0000533d x14:38ac533d x16:0000ffff
18861265ns          333411 1c008ea8 00f42023 sw               x15, 0(x8)          x15:000001b5  x8:1c001324  PA:1c001324
18861583ns          333427 1c008eaa 53868593 addi             x11, x13, 1336      x11=1c000538 x13:1c000000
18861603ns          333428 1c008eae 320b8f93 addi             x31, x23, 800       x31=1c001320 x23:1c001000
18861623ns          333429 1c008eb2 00500633 add              x12, x0, x5         x12=0000533d  x5:0000533d
18861643ns          333430 1c008eb4 7d4b0513 addi             x10, x22, 2004      x10=1c0007d4 x22:1c000000
18861662ns          333431 1c008eb8 00e006b3 add              x13, x0, x14        x13=0000533d x14:0000533d
18861682ns          333432 1c008eba 008a8a93 addi             x21, x21, 8         x21=1c0012e8 x21:1c0012e0
18861702ns          333433 1c008ebc 002d8d93 addi             x27, x27, 2         x27=00000006 x27:00000004
18861722ns          333434 1c008ebe 00e28c63 beq              x5, x14, 24          x5:0000533d x14:0000533d
18861802ns          333438 1c008ed6 000ca683 lw               x13, 0(x25)         x13=1ff02242 x25:1c001244  PA:1c001244
18862100ns          333453 1c008eda 00010837 lui              x16, 0x10000        x16=00010000
18862120ns          333454 1c008edc 21e4f703 lw               x14, x30(x9)        x14=00002242 x30:00000014  x9:1c0012d0  PA:1c0012e4
18862418ns          333469 1c008ee0 00178793 addi             x15, x15, 1         x15=000001b6 x15:000001b5
18862438ns          333470 1c008ee2 fff80813 addi             x16, x16, -1        x16=0000ffff x16:00010000
18862458ns          333471 1c008ee4 1c000537 lui              x10, 0x1c000000     x10=1c000000
18862478ns          333472 1c008ee8 0106ff33 and              x30, x13, x16       x30=00002242 x13:1ff02242 x16:0000ffff
18862498ns          333473 1c008eec 00f42023 sw               x15, 0(x8)          x15:000001b6  x8:1c001324  PA:1c001324
18862816ns          333489 1c008eee 55850593 addi             x11, x10, 1368      x11=1c000558 x10:1c000000
18862836ns          333490 1c008ef2 320b8f93 addi             x31, x23, 800       x31=1c001320 x23:1c001000
18862856ns          333491 1c008ef6 00e00633 add              x12, x0, x14        x12=00002242 x14:00002242
18862876ns          333492 1c008ef8 7d4b0513 addi             x10, x22, 2004      x10=1c0007d4 x22:1c000000
18862896ns          333493 1c008efc 01e006b3 add              x13, x0, x30        x13=00002242 x30:00002242
18862916ns          333494 1c008efe 01e70a63 beq              x14, x30, 20        x14:00002242 x30:00002242
18862975ns          333497 1c008f12 00178793 addi             x15, x15, 1         x15=000001b7 x15:000001b6
18862995ns          333498 1c008f14 1c000537 lui              x10, 0x1c000000     x10=1c000000
18863015ns          333499 1c008f18 00f42023 sw               x15, 0(x8)          x15:000001b7  x8:1c001324  PA:1c001324
18863333ns          333515 1c008f1a 57850593 addi             x11, x10, 1400      x11=1c000578 x10:1c000000
18863353ns          333516 1c008f1e 320b8713 addi             x14, x23, 800       x14=1c001320 x23:1c001000
18863373ns          333517 1c008f22 015006b3 add              x13, x0, x21        x13=1c0012e8 x21:1c0012e8
18863393ns          333518 1c008f24 01a00633 add              x12, x0, x26        x12=1c0012e8 x26:1c0012e8
18863413ns          333519 1c008f26 7d4b0513 addi             x10, x22, 2004      x10=1c0007d4 x22:1c000000
18863433ns          333520 1c008f2a 015d0763 beq              x26, x21, 14        x26:1c0012e8 x21:1c0012e8
18863492ns          333523 1c008f38 01400613 addi             x12, x0, 20         x12=00000014
18863512ns          333524 1c008f3a 008c0c13 addi             x24, x24, 8         x24=1c001248 x24:1c001240
18863532ns          333525 1c008f3c 008c8c93 addi             x25, x25, 8         x25=1c00124c x25:1c001244
18863552ns          333526 1c008f3e f2cd91e3 bne              x27, x12, -222      x27:00000006 x12:00000014
18863612ns          333529 1c008e60 002d9693 slli             x13, x27, 0x2       x13=00000018 x27:00000006
18863632ns          333530 1c008e64 001d8713 addi             x14, x27, 1         x14=00000007 x27:00000006
18863652ns          333531 1c008e68 009686b3 add              x13, x13, x9        x13=1c0012e8 x13:00000018  x9:1c0012d0
18863671ns          333532 1c008e6a 00271f13 slli             x30, x14, 0x2       x30=0000001c x14:00000007
18863691ns          333533 1c008e6e 0006a023 sw               x0, 0(x13)          x13:1c0012e8  PA:1c0012e8
18864010ns          333549 1c008e72 000c2703 lw               x14, 0(x24)         x14=95208b80 x24:1c001248  PA:1c001248
18864308ns          333564 1c008e76 000ca783 lw               x15, 0(x25)         x15=86d85335 x25:1c00124c  PA:1c00124c
18864606ns          333579 1c008e7a 0004ef23 p.sw             x0, x0(x9)           x9:1c0012d0  PA:1c0012ec
18864925ns          333595 1c008e7e 01500d33 add              x26, x0, x21        x26=1c0012e8 x21:1c0012e8
18864944ns          333596 1c008e80 00ed122b p.sh             x14, 4(x26!)        x26=1c0012ec x14:95208b80 x26:1c0012e8  PA:1c0012e8
18865263ns          333612 1c008e84 00fd122b p.sh             x15, 4(x26!)        x26=1c0012f0 x15:86d85335 x26:1c0012ec  PA:1c0012ec
18865601ns          333629 1c008e88 00ec2023 sw               x14, 0(x24)         x14:95208b80 x24:1c001248  PA:1c001248
18865919ns          333645 1c008e8c 00fca023 sw               x15, 0(x25)         x15:86d85335 x25:1c00124c  PA:1c00124c
18866237ns          333661 1c008e90 00042783 lw               x15, 0(x8)          x15=000001b7  x8:1c001324  PA:1c001324
18866536ns          333676 1c008e92 000c2703 lw               x14, 0(x24)         x14=95208b80 x24:1c001248  PA:1c001248
18866834ns          333691 1c008e96 00010837 lui              x16, 0x10000        x16=00010000
18866854ns          333692 1c008e98 0006a283 lw               x5, 0(x13)           x5=00008b80 x13:1c0012e8  PA:1c0012e8
18867172ns          333708 1c008e9c 00178793 addi             x15, x15, 1         x15=000001b8 x15:000001b7
18867192ns          333709 1c008e9e fff80813 addi             x16, x16, -1        x16=0000ffff x16:00010000
18867212ns          333710 1c008ea0 1c0006b7 lui              x13, 0x1c000000     x13=1c000000
18867232ns          333711 1c008ea4 01077733 and              x14, x14, x16       x14=00008b80 x14:95208b80 x16:0000ffff
18867252ns          333712 1c008ea8 00f42023 sw               x15, 0(x8)          x15:000001b8  x8:1c001324  PA:1c001324
18867570ns          333728 1c008eaa 53868593 addi             x11, x13, 1336      x11=1c000538 x13:1c000000
18867590ns          333729 1c008eae 320b8f93 addi             x31, x23, 800       x31=1c001320 x23:1c001000
18867610ns          333730 1c008eb2 00500633 add              x12, x0, x5         x12=00008b80  x5:00008b80
18867630ns          333731 1c008eb4 7d4b0513 addi             x10, x22, 2004      x10=1c0007d4 x22:1c000000
18867650ns          333732 1c008eb8 00e006b3 add              x13, x0, x14        x13=00008b80 x14:00008b80
18867670ns          333733 1c008eba 008a8a93 addi             x21, x21, 8         x21=1c0012f0 x21:1c0012e8
18867689ns          333734 1c008ebc 002d8d93 addi             x27, x27, 2         x27=00000008 x27:00000006
18867709ns          333735 1c008ebe 00e28c63 beq              x5, x14, 24          x5:00008b80 x14:00008b80
18867789ns          333739 1c008ed6 000ca683 lw               x13, 0(x25)         x13=86d85335 x25:1c00124c  PA:1c00124c
18868087ns          333754 1c008eda 00010837 lui              x16, 0x10000        x16=00010000
18868107ns          333755 1c008edc 21e4f703 lw               x14, x30(x9)        x14=00005335 x30:0000001c  x9:1c0012d0  PA:1c0012ec
18868445ns          333772 1c008ee0 00178793 addi             x15, x15, 1         x15=000001b9 x15:000001b8
18868465ns          333773 1c008ee2 fff80813 addi             x16, x16, -1        x16=0000ffff x16:00010000
18868485ns          333774 1c008ee4 1c000537 lui              x10, 0x1c000000     x10=1c000000
18868505ns          333775 1c008ee8 0106ff33 and              x30, x13, x16       x30=00005335 x13:86d85335 x16:0000ffff
18868525ns          333776 1c008eec 00f42023 sw               x15, 0(x8)          x15:000001b9  x8:1c001324  PA:1c001324
18868843ns          333792 1c008eee 55850593 addi             x11, x10, 1368      x11=1c000558 x10:1c000000
18868863ns          333793 1c008ef2 320b8f93 addi             x31, x23, 800       x31=1c001320 x23:1c001000
18868883ns          333794 1c008ef6 00e00633 add              x12, x0, x14        x12=00005335 x14:00005335
18868903ns          333795 1c008ef8 7d4b0513 addi             x10, x22, 2004      x10=1c0007d4 x22:1c000000
18868923ns          333796 1c008efc 01e006b3 add              x13, x0, x30        x13=00005335 x30:00005335
18868943ns          333797 1c008efe 01e70a63 beq              x14, x30, 20        x14:00005335 x30:00005335
18869002ns          333800 1c008f12 00178793 addi             x15, x15, 1         x15=000001ba x15:000001b9
18869022ns          333801 1c008f14 1c000537 lui              x10, 0x1c000000     x10=1c000000
18869042ns          333802 1c008f18 00f42023 sw               x15, 0(x8)          x15:000001ba  x8:1c001324  PA:1c001324
18869360ns          333818 1c008f1a 57850593 addi             x11, x10, 1400      x11=1c000578 x10:1c000000
18869380ns          333819 1c008f1e 320b8713 addi             x14, x23, 800       x14=1c001320 x23:1c001000
18869400ns          333820 1c008f22 015006b3 add              x13, x0, x21        x13=1c0012f0 x21:1c0012f0
18869420ns          333821 1c008f24 01a00633 add              x12, x0, x26        x12=1c0012f0 x26:1c0012f0
18869440ns          333822 1c008f26 7d4b0513 addi             x10, x22, 2004      x10=1c0007d4 x22:1c000000
18869460ns          333823 1c008f2a 015d0763 beq              x26, x21, 14        x26:1c0012f0 x21:1c0012f0
18869519ns          333826 1c008f38 01400613 addi             x12, x0, 20         x12=00000014
18869539ns          333827 1c008f3a 008c0c13 addi             x24, x24, 8         x24=1c001250 x24:1c001248
18869559ns          333828 1c008f3c 008c8c93 addi             x25, x25, 8         x25=1c001254 x25:1c00124c
18869579ns          333829 1c008f3e f2cd91e3 bne              x27, x12, -222      x27:00000008 x12:00000014
18869639ns          333832 1c008e60 002d9693 slli             x13, x27, 0x2       x13=00000020 x27:00000008
18869659ns          333833 1c008e64 001d8713 addi             x14, x27, 1         x14=00000009 x27:00000008
18869678ns          333834 1c008e68 009686b3 add              x13, x13, x9        x13=1c0012f0 x13:00000020  x9:1c0012d0
18869698ns          333835 1c008e6a 00271f13 slli             x30, x14, 0x2       x30=00000024 x14:00000009
18869718ns          333836 1c008e6e 0006a023 sw               x0, 0(x13)          x13:1c0012f0  PA:1c0012f0
18870056ns          333853 1c008e72 000c2703 lw               x14, 0(x24)         x14=0fb2823c x24:1c001250  PA:1c001250
18870355ns          333868 1c008e76 000ca783 lw               x15, 0(x25)         x15=efadfd67 x25:1c001254  PA:1c001254
18870653ns          333883 1c008e7a 0004ef23 p.sw             x0, x0(x9)           x9:1c0012d0  PA:1c0012f4
18870971ns          333899 1c008e7e 01500d33 add              x26, x0, x21        x26=1c0012f0 x21:1c0012f0
18870991ns          333900 1c008e80 00ed122b p.sh             x14, 4(x26!)        x26=1c0012f4 x14:0fb2823c x26:1c0012f0  PA:1c0012f0
18871310ns          333916 1c008e84 00fd122b p.sh             x15, 4(x26!)        x26=1c0012f8 x15:efadfd67 x26:1c0012f4  PA:1c0012f4
18871628ns          333932 1c008e88 00ec2023 sw               x14, 0(x24)         x14:0fb2823c x24:1c001250  PA:1c001250
18871966ns          333949 1c008e8c 00fca023 sw               x15, 0(x25)         x15:efadfd67 x25:1c001254  PA:1c001254
18872284ns          333965 1c008e90 00042783 lw               x15, 0(x8)          x15=000001ba  x8:1c001324  PA:1c001324
18872583ns          333980 1c008e92 000c2703 lw               x14, 0(x24)         x14=0fb2823c x24:1c001250  PA:1c001250
18872881ns          333995 1c008e96 00010837 lui              x16, 0x10000        x16=00010000
18872901ns          333996 1c008e98 0006a283 lw               x5, 0(x13)           x5=0000823c x13:1c0012f0  PA:1c0012f0
18873199ns          334011 1c008e9c 00178793 addi             x15, x15, 1         x15=000001bb x15:000001ba
18873219ns          334012 1c008e9e fff80813 addi             x16, x16, -1        x16=0000ffff x16:00010000
18873239ns          334013 1c008ea0 1c0006b7 lui              x13, 0x1c000000     x13=1c000000
18873259ns          334014 1c008ea4 01077733 and              x14, x14, x16       x14=0000823c x14:0fb2823c x16:0000ffff
18873279ns          334015 1c008ea8 00f42023 sw               x15, 0(x8)          x15:000001bb  x8:1c001324  PA:1c001324
18873597ns          334031 1c008eaa 53868593 addi             x11, x13, 1336      x11=1c000538 x13:1c000000
18873617ns          334032 1c008eae 320b8f93 addi             x31, x23, 800       x31=1c001320 x23:1c001000
18873637ns          334033 1c008eb2 00500633 add              x12, x0, x5         x12=0000823c  x5:0000823c
18873657ns          334034 1c008eb4 7d4b0513 addi             x10, x22, 2004      x10=1c0007d4 x22:1c000000
18873677ns          334035 1c008eb8 00e006b3 add              x13, x0, x14        x13=0000823c x14:0000823c
18873696ns          334036 1c008eba 008a8a93 addi             x21, x21, 8         x21=1c0012f8 x21:1c0012f0
18873716ns          334037 1c008ebc 002d8d93 addi             x27, x27, 2         x27=0000000a x27:00000008
18873736ns          334038 1c008ebe 00e28c63 beq              x5, x14, 24          x5:0000823c x14:0000823c
18873816ns          334042 1c008ed6 000ca683 lw               x13, 0(x25)         x13=efadfd67 x25:1c001254  PA:1c001254
18874114ns          334057 1c008eda 00010837 lui              x16, 0x10000        x16=00010000
18874134ns          334058 1c008edc 21e4f703 lw               x14, x30(x9)        x14=0000fd67 x30:00000024  x9:1c0012d0  PA:1c0012f4
18874432ns          334073 1c008ee0 00178793 addi             x15, x15, 1         x15=000001bc x15:000001bb
18874452ns          334074 1c008ee2 fff80813 addi             x16, x16, -1        x16=0000ffff x16:00010000
18874472ns          334075 1c008ee4 1c000537 lui              x10, 0x1c000000     x10=1c000000
18874492ns          334076 1c008ee8 0106ff33 and              x30, x13, x16       x30=0000fd67 x13:efadfd67 x16:0000ffff
18874512ns          334077 1c008eec 00f42023 sw               x15, 0(x8)          x15:000001bc  x8:1c001324  PA:1c001324
18874830ns          334093 1c008eee 55850593 addi             x11, x10, 1368      x11=1c000558 x10:1c000000
18874850ns          334094 1c008ef2 320b8f93 addi             x31, x23, 800       x31=1c001320 x23:1c001000
18874870ns          334095 1c008ef6 00e00633 add              x12, x0, x14        x12=0000fd67 x14:0000fd67
18874890ns          334096 1c008ef8 7d4b0513 addi             x10, x22, 2004      x10=1c0007d4 x22:1c000000
18874910ns          334097 1c008efc 01e006b3 add              x13, x0, x30        x13=0000fd67 x30:0000fd67
18874930ns          334098 1c008efe 01e70a63 beq              x14, x30, 20        x14:0000fd67 x30:0000fd67
18874989ns          334101 1c008f12 00178793 addi             x15, x15, 1         x15=000001bd x15:000001bc
18875009ns          334102 1c008f14 1c000537 lui              x10, 0x1c000000     x10=1c000000
18875029ns          334103 1c008f18 00f42023 sw               x15, 0(x8)          x15:000001bd  x8:1c001324  PA:1c001324
18875347ns          334119 1c008f1a 57850593 addi             x11, x10, 1400      x11=1c000578 x10:1c000000
18875367ns          334120 1c008f1e 320b8713 addi             x14, x23, 800       x14=1c001320 x23:1c001000
18875387ns          334121 1c008f22 015006b3 add              x13, x0, x21        x13=1c0012f8 x21:1c0012f8
18875407ns          334122 1c008f24 01a00633 add              x12, x0, x26        x12=1c0012f8 x26:1c0012f8
18875427ns          334123 1c008f26 7d4b0513 addi             x10, x22, 2004      x10=1c0007d4 x22:1c000000
18875447ns          334124 1c008f2a 015d0763 beq              x26, x21, 14        x26:1c0012f8 x21:1c0012f8
18875506ns          334127 1c008f38 01400613 addi             x12, x0, 20         x12=00000014
18875526ns          334128 1c008f3a 008c0c13 addi             x24, x24, 8         x24=1c001258 x24:1c001250
18875546ns          334129 1c008f3c 008c8c93 addi             x25, x25, 8         x25=1c00125c x25:1c001254
18875566ns          334130 1c008f3e f2cd91e3 bne              x27, x12, -222      x27:0000000a x12:00000014
18875626ns          334133 1c008e60 002d9693 slli             x13, x27, 0x2       x13=00000028 x27:0000000a
18875646ns          334134 1c008e64 001d8713 addi             x14, x27, 1         x14=0000000b x27:0000000a
18875666ns          334135 1c008e68 009686b3 add              x13, x13, x9        x13=1c0012f8 x13:00000028  x9:1c0012d0
18875685ns          334136 1c008e6a 00271f13 slli             x30, x14, 0x2       x30=0000002c x14:0000000b
18875705ns          334137 1c008e6e 0006a023 sw               x0, 0(x13)          x13:1c0012f8  PA:1c0012f8
18876024ns          334153 1c008e72 000c2703 lw               x14, 0(x24)         x14=67e06901 x24:1c001258  PA:1c001258
18876322ns          334168 1c008e76 000ca783 lw               x15, 0(x25)         x15=9a2bb64d x25:1c00125c  PA:1c00125c
18876620ns          334183 1c008e7a 0004ef23 p.sw             x0, x0(x9)           x9:1c0012d0  PA:1c0012fc
18876939ns          334199 1c008e7e 01500d33 add              x26, x0, x21        x26=1c0012f8 x21:1c0012f8
18876958ns          334200 1c008e80 00ed122b p.sh             x14, 4(x26!)        x26=1c0012fc x14:67e06901 x26:1c0012f8  PA:1c0012f8
18877277ns          334216 1c008e84 00fd122b p.sh             x15, 4(x26!)        x26=1c001300 x15:9a2bb64d x26:1c0012fc  PA:1c0012fc
18877615ns          334233 1c008e88 00ec2023 sw               x14, 0(x24)         x14:67e06901 x24:1c001258  PA:1c001258
18877933ns          334249 1c008e8c 00fca023 sw               x15, 0(x25)         x15:9a2bb64d x25:1c00125c  PA:1c00125c
18878251ns          334265 1c008e90 00042783 lw               x15, 0(x8)          x15=000001bd  x8:1c001324  PA:1c001324
18878550ns          334280 1c008e92 000c2703 lw               x14, 0(x24)         x14=67e06901 x24:1c001258  PA:1c001258
18878848ns          334295 1c008e96 00010837 lui              x16, 0x10000        x16=00010000
18878868ns          334296 1c008e98 0006a283 lw               x5, 0(x13)           x5=00006901 x13:1c0012f8  PA:1c0012f8
18879186ns          334312 1c008e9c 00178793 addi             x15, x15, 1         x15=000001be x15:000001bd
18879206ns          334313 1c008e9e fff80813 addi             x16, x16, -1        x16=0000ffff x16:00010000
18879226ns          334314 1c008ea0 1c0006b7 lui              x13, 0x1c000000     x13=1c000000
18879246ns          334315 1c008ea4 01077733 and              x14, x14, x16       x14=00006901 x14:67e06901 x16:0000ffff
18879266ns          334316 1c008ea8 00f42023 sw               x15, 0(x8)          x15:000001be  x8:1c001324  PA:1c001324
18879584ns          334332 1c008eaa 53868593 addi             x11, x13, 1336      x11=1c000538 x13:1c000000
18879604ns          334333 1c008eae 320b8f93 addi             x31, x23, 800       x31=1c001320 x23:1c001000
18879624ns          334334 1c008eb2 00500633 add              x12, x0, x5         x12=00006901  x5:00006901
18879644ns          334335 1c008eb4 7d4b0513 addi             x10, x22, 2004      x10=1c0007d4 x22:1c000000
18879664ns          334336 1c008eb8 00e006b3 add              x13, x0, x14        x13=00006901 x14:00006901
18879684ns          334337 1c008eba 008a8a93 addi             x21, x21, 8         x21=1c001300 x21:1c0012f8
18879703ns          334338 1c008ebc 002d8d93 addi             x27, x27, 2         x27=0000000c x27:0000000a
18879723ns          334339 1c008ebe 00e28c63 beq              x5, x14, 24          x5:00006901 x14:00006901
18879803ns          334343 1c008ed6 000ca683 lw               x13, 0(x25)         x13=9a2bb64d x25:1c00125c  PA:1c00125c
18880101ns          334358 1c008eda 00010837 lui              x16, 0x10000        x16=00010000
18880121ns          334359 1c008edc 21e4f703 lw               x14, x30(x9)        x14=0000b64d x30:0000002c  x9:1c0012d0  PA:1c0012fc
18880459ns          334376 1c008ee0 00178793 addi             x15, x15, 1         x15=000001bf x15:000001be
18880479ns          334377 1c008ee2 fff80813 addi             x16, x16, -1        x16=0000ffff x16:00010000
18880499ns          334378 1c008ee4 1c000537 lui              x10, 0x1c000000     x10=1c000000
18880519ns          334379 1c008ee8 0106ff33 and              x30, x13, x16       x30=0000b64d x13:9a2bb64d x16:0000ffff
18880539ns          334380 1c008eec 00f42023 sw               x15, 0(x8)          x15:000001bf  x8:1c001324  PA:1c001324
18880857ns          334396 1c008eee 55850593 addi             x11, x10, 1368      x11=1c000558 x10:1c000000
18880877ns          334397 1c008ef2 320b8f93 addi             x31, x23, 800       x31=1c001320 x23:1c001000
18880897ns          334398 1c008ef6 00e00633 add              x12, x0, x14        x12=0000b64d x14:0000b64d
18880917ns          334399 1c008ef8 7d4b0513 addi             x10, x22, 2004      x10=1c0007d4 x22:1c000000
18880937ns          334400 1c008efc 01e006b3 add              x13, x0, x30        x13=0000b64d x30:0000b64d
18880957ns          334401 1c008efe 01e70a63 beq              x14, x30, 20        x14:0000b64d x30:0000b64d
18881016ns          334404 1c008f12 00178793 addi             x15, x15, 1         x15=000001c0 x15:000001bf
18881036ns          334405 1c008f14 1c000537 lui              x10, 0x1c000000     x10=1c000000
18881056ns          334406 1c008f18 00f42023 sw               x15, 0(x8)          x15:000001c0  x8:1c001324  PA:1c001324
18881374ns          334422 1c008f1a 57850593 addi             x11, x10, 1400      x11=1c000578 x10:1c000000
18881394ns          334423 1c008f1e 320b8713 addi             x14, x23, 800       x14=1c001320 x23:1c001000
18881414ns          334424 1c008f22 015006b3 add              x13, x0, x21        x13=1c001300 x21:1c001300
18881434ns          334425 1c008f24 01a00633 add              x12, x0, x26        x12=1c001300 x26:1c001300
18881454ns          334426 1c008f26 7d4b0513 addi             x10, x22, 2004      x10=1c0007d4 x22:1c000000
18881474ns          334427 1c008f2a 015d0763 beq              x26, x21, 14        x26:1c001300 x21:1c001300
18881533ns          334430 1c008f38 01400613 addi             x12, x0, 20         x12=00000014
18881553ns          334431 1c008f3a 008c0c13 addi             x24, x24, 8         x24=1c001260 x24:1c001258
18881573ns          334432 1c008f3c 008c8c93 addi             x25, x25, 8         x25=1c001264 x25:1c00125c
18881593ns          334433 1c008f3e f2cd91e3 bne              x27, x12, -222      x27:0000000c x12:00000014
18881653ns          334436 1c008e60 002d9693 slli             x13, x27, 0x2       x13=00000030 x27:0000000c
18881673ns          334437 1c008e64 001d8713 addi             x14, x27, 1         x14=0000000d x27:0000000c
18881692ns          334438 1c008e68 009686b3 add              x13, x13, x9        x13=1c001300 x13:00000030  x9:1c0012d0
18881712ns          334439 1c008e6a 00271f13 slli             x30, x14, 0x2       x30=00000034 x14:0000000d
18881732ns          334440 1c008e6e 0006a023 sw               x0, 0(x13)          x13:1c001300  PA:1c001300
18882070ns          334457 1c008e72 000c2703 lw               x14, 0(x24)         x14=d788b407 x24:1c001260  PA:1c001260
18882369ns          334472 1c008e76 000ca783 lw               x15, 0(x25)         x15=ad2fa26f x25:1c001264  PA:1c001264
18882667ns          334487 1c008e7a 0004ef23 p.sw             x0, x0(x9)           x9:1c0012d0  PA:1c001304
18882985ns          334503 1c008e7e 01500d33 add              x26, x0, x21        x26=1c001300 x21:1c001300
18883005ns          334504 1c008e80 00ed122b p.sh             x14, 4(x26!)        x26=1c001304 x14:d788b407 x26:1c001300  PA:1c001300
18883324ns          334520 1c008e84 00fd122b p.sh             x15, 4(x26!)        x26=1c001308 x15:ad2fa26f x26:1c001304  PA:1c001304
18883642ns          334536 1c008e88 00ec2023 sw               x14, 0(x24)         x14:d788b407 x24:1c001260  PA:1c001260
18883980ns          334553 1c008e8c 00fca023 sw               x15, 0(x25)         x15:ad2fa26f x25:1c001264  PA:1c001264
18884298ns          334569 1c008e90 00042783 lw               x15, 0(x8)          x15=000001c0  x8:1c001324  PA:1c001324
18884597ns          334584 1c008e92 000c2703 lw               x14, 0(x24)         x14=d788b407 x24:1c001260  PA:1c001260
18884895ns          334599 1c008e96 00010837 lui              x16, 0x10000        x16=00010000
18884915ns          334600 1c008e98 0006a283 lw               x5, 0(x13)           x5=0000b407 x13:1c001300  PA:1c001300
18885213ns          334615 1c008e9c 00178793 addi             x15, x15, 1         x15=000001c1 x15:000001c0
18885233ns          334616 1c008e9e fff80813 addi             x16, x16, -1        x16=0000ffff x16:00010000
18885253ns          334617 1c008ea0 1c0006b7 lui              x13, 0x1c000000     x13=1c000000
18885273ns          334618 1c008ea4 01077733 and              x14, x14, x16       x14=0000b407 x14:d788b407 x16:0000ffff
18885293ns          334619 1c008ea8 00f42023 sw               x15, 0(x8)          x15:000001c1  x8:1c001324  PA:1c001324
18885611ns          334635 1c008eaa 53868593 addi             x11, x13, 1336      x11=1c000538 x13:1c000000
18885631ns          334636 1c008eae 320b8f93 addi             x31, x23, 800       x31=1c001320 x23:1c001000
18885651ns          334637 1c008eb2 00500633 add              x12, x0, x5         x12=0000b407  x5:0000b407
18885671ns          334638 1c008eb4 7d4b0513 addi             x10, x22, 2004      x10=1c0007d4 x22:1c000000
18885691ns          334639 1c008eb8 00e006b3 add              x13, x0, x14        x13=0000b407 x14:0000b407
18885710ns          334640 1c008eba 008a8a93 addi             x21, x21, 8         x21=1c001308 x21:1c001300
18885730ns          334641 1c008ebc 002d8d93 addi             x27, x27, 2         x27=0000000e x27:0000000c
18885750ns          334642 1c008ebe 00e28c63 beq              x5, x14, 24          x5:0000b407 x14:0000b407
18885830ns          334646 1c008ed6 000ca683 lw               x13, 0(x25)         x13=ad2fa26f x25:1c001264  PA:1c001264
18886128ns          334661 1c008eda 00010837 lui              x16, 0x10000        x16=00010000
18886148ns          334662 1c008edc 21e4f703 lw               x14, x30(x9)        x14=0000a26f x30:00000034  x9:1c0012d0  PA:1c001304
18886446ns          334677 1c008ee0 00178793 addi             x15, x15, 1         x15=000001c2 x15:000001c1
18886466ns          334678 1c008ee2 fff80813 addi             x16, x16, -1        x16=0000ffff x16:00010000
18886486ns          334679 1c008ee4 1c000537 lui              x10, 0x1c000000     x10=1c000000
18886506ns          334680 1c008ee8 0106ff33 and              x30, x13, x16       x30=0000a26f x13:ad2fa26f x16:0000ffff
18886526ns          334681 1c008eec 00f42023 sw               x15, 0(x8)          x15:000001c2  x8:1c001324  PA:1c001324
18886844ns          334697 1c008eee 55850593 addi             x11, x10, 1368      x11=1c000558 x10:1c000000
18886864ns          334698 1c008ef2 320b8f93 addi             x31, x23, 800       x31=1c001320 x23:1c001000
18886884ns          334699 1c008ef6 00e00633 add              x12, x0, x14        x12=0000a26f x14:0000a26f
18886904ns          334700 1c008ef8 7d4b0513 addi             x10, x22, 2004      x10=1c0007d4 x22:1c000000
18886924ns          334701 1c008efc 01e006b3 add              x13, x0, x30        x13=0000a26f x30:0000a26f
18886944ns          334702 1c008efe 01e70a63 beq              x14, x30, 20        x14:0000a26f x30:0000a26f
18887003ns          334705 1c008f12 00178793 addi             x15, x15, 1         x15=000001c3 x15:000001c2
18887023ns          334706 1c008f14 1c000537 lui              x10, 0x1c000000     x10=1c000000
18887043ns          334707 1c008f18 00f42023 sw               x15, 0(x8)          x15:000001c3  x8:1c001324  PA:1c001324
18887361ns          334723 1c008f1a 57850593 addi             x11, x10, 1400      x11=1c000578 x10:1c000000
18887381ns          334724 1c008f1e 320b8713 addi             x14, x23, 800       x14=1c001320 x23:1c001000
18887401ns          334725 1c008f22 015006b3 add              x13, x0, x21        x13=1c001308 x21:1c001308
18887421ns          334726 1c008f24 01a00633 add              x12, x0, x26        x12=1c001308 x26:1c001308
18887441ns          334727 1c008f26 7d4b0513 addi             x10, x22, 2004      x10=1c0007d4 x22:1c000000
18887461ns          334728 1c008f2a 015d0763 beq              x26, x21, 14        x26:1c001308 x21:1c001308
18887520ns          334731 1c008f38 01400613 addi             x12, x0, 20         x12=00000014
18887540ns          334732 1c008f3a 008c0c13 addi             x24, x24, 8         x24=1c001268 x24:1c001260
18887560ns          334733 1c008f3c 008c8c93 addi             x25, x25, 8         x25=1c00126c x25:1c001264
18887580ns          334734 1c008f3e f2cd91e3 bne              x27, x12, -222      x27:0000000e x12:00000014
18887640ns          334737 1c008e60 002d9693 slli             x13, x27, 0x2       x13=00000038 x27:0000000e
18887660ns          334738 1c008e64 001d8713 addi             x14, x27, 1         x14=0000000f x27:0000000e
18887680ns          334739 1c008e68 009686b3 add              x13, x13, x9        x13=1c001308 x13:00000038  x9:1c0012d0
18887699ns          334740 1c008e6a 00271f13 slli             x30, x14, 0x2       x30=0000003c x14:0000000f
18887719ns          334741 1c008e6e 0006a023 sw               x0, 0(x13)          x13:1c001308  PA:1c001308
18888038ns          334757 1c008e72 000c2703 lw               x14, 0(x24)         x14=e5751375 x24:1c001268  PA:1c001268
18888336ns          334772 1c008e76 000ca783 lw               x15, 0(x25)         x15=9db7a851 x25:1c00126c  PA:1c00126c
18888634ns          334787 1c008e7a 0004ef23 p.sw             x0, x0(x9)           x9:1c0012d0  PA:1c00130c
18888953ns          334803 1c008e7e 01500d33 add              x26, x0, x21        x26=1c001308 x21:1c001308
18888973ns          334804 1c008e80 00ed122b p.sh             x14, 4(x26!)        x26=1c00130c x14:e5751375 x26:1c001308  PA:1c001308
18889291ns          334820 1c008e84 00fd122b p.sh             x15, 4(x26!)        x26=1c001310 x15:9db7a851 x26:1c00130c  PA:1c00130c
18889629ns          334837 1c008e88 00ec2023 sw               x14, 0(x24)         x14:e5751375 x24:1c001268  PA:1c001268
18889947ns          334853 1c008e8c 00fca023 sw               x15, 0(x25)         x15:9db7a851 x25:1c00126c  PA:1c00126c
18890265ns          334869 1c008e90 00042783 lw               x15, 0(x8)          x15=000001c3  x8:1c001324  PA:1c001324
18890564ns          334884 1c008e92 000c2703 lw               x14, 0(x24)         x14=e5751375 x24:1c001268  PA:1c001268
18890862ns          334899 1c008e96 00010837 lui              x16, 0x10000        x16=00010000
18890882ns          334900 1c008e98 0006a283 lw               x5, 0(x13)           x5=00001375 x13:1c001308  PA:1c001308
18891180ns          334915 1c008e9c 00178793 addi             x15, x15, 1         x15=000001c4 x15:000001c3
18891200ns          334916 1c008e9e fff80813 addi             x16, x16, -1        x16=0000ffff x16:00010000
18891220ns          334917 1c008ea0 1c0006b7 lui              x13, 0x1c000000     x13=1c000000
18891240ns          334918 1c008ea4 01077733 and              x14, x14, x16       x14=00001375 x14:e5751375 x16:0000ffff
18891260ns          334919 1c008ea8 00f42023 sw               x15, 0(x8)          x15:000001c4  x8:1c001324  PA:1c001324
18891578ns          334935 1c008eaa 53868593 addi             x11, x13, 1336      x11=1c000538 x13:1c000000
18891598ns          334936 1c008eae 320b8f93 addi             x31, x23, 800       x31=1c001320 x23:1c001000
18891618ns          334937 1c008eb2 00500633 add              x12, x0, x5         x12=00001375  x5:00001375
18891638ns          334938 1c008eb4 7d4b0513 addi             x10, x22, 2004      x10=1c0007d4 x22:1c000000
18891658ns          334939 1c008eb8 00e006b3 add              x13, x0, x14        x13=00001375 x14:00001375
18891678ns          334940 1c008eba 008a8a93 addi             x21, x21, 8         x21=1c001310 x21:1c001308
18891698ns          334941 1c008ebc 002d8d93 addi             x27, x27, 2         x27=00000010 x27:0000000e
18891717ns          334942 1c008ebe 00e28c63 beq              x5, x14, 24          x5:00001375 x14:00001375
18891797ns          334946 1c008ed6 000ca683 lw               x13, 0(x25)         x13=9db7a851 x25:1c00126c  PA:1c00126c
18892095ns          334961 1c008eda 00010837 lui              x16, 0x10000        x16=00010000
18892115ns          334962 1c008edc 21e4f703 lw               x14, x30(x9)        x14=0000a851 x30:0000003c  x9:1c0012d0  PA:1c00130c
18892433ns          334978 1c008ee0 00178793 addi             x15, x15, 1         x15=000001c5 x15:000001c4
18892453ns          334979 1c008ee2 fff80813 addi             x16, x16, -1        x16=0000ffff x16:00010000
18892473ns          334980 1c008ee4 1c000537 lui              x10, 0x1c000000     x10=1c000000
18892493ns          334981 1c008ee8 0106ff33 and              x30, x13, x16       x30=0000a851 x13:9db7a851 x16:0000ffff
18892513ns          334982 1c008eec 00f42023 sw               x15, 0(x8)          x15:000001c5  x8:1c001324  PA:1c001324
18892831ns          334998 1c008eee 55850593 addi             x11, x10, 1368      x11=1c000558 x10:1c000000
18892851ns          334999 1c008ef2 320b8f93 addi             x31, x23, 800       x31=1c001320 x23:1c001000
18892871ns          335000 1c008ef6 00e00633 add              x12, x0, x14        x12=0000a851 x14:0000a851
18892891ns          335001 1c008ef8 7d4b0513 addi             x10, x22, 2004      x10=1c0007d4 x22:1c000000
18892911ns          335002 1c008efc 01e006b3 add              x13, x0, x30        x13=0000a851 x30:0000a851
18892931ns          335003 1c008efe 01e70a63 beq              x14, x30, 20        x14:0000a851 x30:0000a851
18892990ns          335006 1c008f12 00178793 addi             x15, x15, 1         x15=000001c6 x15:000001c5
18893010ns          335007 1c008f14 1c000537 lui              x10, 0x1c000000     x10=1c000000
18893030ns          335008 1c008f18 00f42023 sw               x15, 0(x8)          x15:000001c6  x8:1c001324  PA:1c001324
18893368ns          335025 1c008f1a 57850593 addi             x11, x10, 1400      x11=1c000578 x10:1c000000
18893388ns          335026 1c008f1e 320b8713 addi             x14, x23, 800       x14=1c001320 x23:1c001000
18893408ns          335027 1c008f22 015006b3 add              x13, x0, x21        x13=1c001310 x21:1c001310
18893428ns          335028 1c008f24 01a00633 add              x12, x0, x26        x12=1c001310 x26:1c001310
18893448ns          335029 1c008f26 7d4b0513 addi             x10, x22, 2004      x10=1c0007d4 x22:1c000000
18893468ns          335030 1c008f2a 015d0763 beq              x26, x21, 14        x26:1c001310 x21:1c001310
18893527ns          335033 1c008f38 01400613 addi             x12, x0, 20         x12=00000014
18893547ns          335034 1c008f3a 008c0c13 addi             x24, x24, 8         x24=1c001270 x24:1c001268
18893567ns          335035 1c008f3c 008c8c93 addi             x25, x25, 8         x25=1c001274 x25:1c00126c
18893587ns          335036 1c008f3e f2cd91e3 bne              x27, x12, -222      x27:00000010 x12:00000014
18893647ns          335039 1c008e60 002d9693 slli             x13, x27, 0x2       x13=00000040 x27:00000010
18893667ns          335040 1c008e64 001d8713 addi             x14, x27, 1         x14=00000011 x27:00000010
18893687ns          335041 1c008e68 009686b3 add              x13, x13, x9        x13=1c001310 x13:00000040  x9:1c0012d0
18893706ns          335042 1c008e6a 00271f13 slli             x30, x14, 0x2       x30=00000044 x14:00000011
18893726ns          335043 1c008e6e 0006a023 sw               x0, 0(x13)          x13:1c001310  PA:1c001310
18894045ns          335059 1c008e72 000c2703 lw               x14, 0(x24)         x14=30fa933b x24:1c001270  PA:1c001270
18894343ns          335074 1c008e76 000ca783 lw               x15, 0(x25)         x15=5b921175 x25:1c001274  PA:1c001274
18894641ns          335089 1c008e7a 0004ef23 p.sw             x0, x0(x9)           x9:1c0012d0  PA:1c001314
18894980ns          335106 1c008e7e 01500d33 add              x26, x0, x21        x26=1c001310 x21:1c001310
18894999ns          335107 1c008e80 00ed122b p.sh             x14, 4(x26!)        x26=1c001314 x14:30fa933b x26:1c001310  PA:1c001310
18895318ns          335123 1c008e84 00fd122b p.sh             x15, 4(x26!)        x26=1c001318 x15:5b921175 x26:1c001314  PA:1c001314
18895636ns          335139 1c008e88 00ec2023 sw               x14, 0(x24)         x14:30fa933b x24:1c001270  PA:1c001270
18895954ns          335155 1c008e8c 00fca023 sw               x15, 0(x25)         x15:5b921175 x25:1c001274  PA:1c001274
18896292ns          335172 1c008e90 00042783 lw               x15, 0(x8)          x15=000001c6  x8:1c001324  PA:1c001324
18896611ns          335188 1c008e92 000c2703 lw               x14, 0(x24)         x14=30fa933b x24:1c001270  PA:1c001270
18896909ns          335203 1c008e96 00010837 lui              x16, 0x10000        x16=00010000
18896929ns          335204 1c008e98 0006a283 lw               x5, 0(x13)           x5=0000933b x13:1c001310  PA:1c001310
18897227ns          335219 1c008e9c 00178793 addi             x15, x15, 1         x15=000001c7 x15:000001c6
18897247ns          335220 1c008e9e fff80813 addi             x16, x16, -1        x16=0000ffff x16:00010000
18897267ns          335221 1c008ea0 1c0006b7 lui              x13, 0x1c000000     x13=1c000000
18897287ns          335222 1c008ea4 01077733 and              x14, x14, x16       x14=0000933b x14:30fa933b x16:0000ffff
18897307ns          335223 1c008ea8 00f42023 sw               x15, 0(x8)          x15:000001c7  x8:1c001324  PA:1c001324
18897625ns          335239 1c008eaa 53868593 addi             x11, x13, 1336      x11=1c000538 x13:1c000000
18897645ns          335240 1c008eae 320b8f93 addi             x31, x23, 800       x31=1c001320 x23:1c001000
18897665ns          335241 1c008eb2 00500633 add              x12, x0, x5         x12=0000933b  x5:0000933b
18897685ns          335242 1c008eb4 7d4b0513 addi             x10, x22, 2004      x10=1c0007d4 x22:1c000000
18897705ns          335243 1c008eb8 00e006b3 add              x13, x0, x14        x13=0000933b x14:0000933b
18897724ns          335244 1c008eba 008a8a93 addi             x21, x21, 8         x21=1c001318 x21:1c001310
18897744ns          335245 1c008ebc 002d8d93 addi             x27, x27, 2         x27=00000012 x27:00000010
18897764ns          335246 1c008ebe 00e28c63 beq              x5, x14, 24          x5:0000933b x14:0000933b
18897844ns          335250 1c008ed6 000ca683 lw               x13, 0(x25)         x13=5b921175 x25:1c001274  PA:1c001274
18898142ns          335265 1c008eda 00010837 lui              x16, 0x10000        x16=00010000
18898162ns          335266 1c008edc 21e4f703 lw               x14, x30(x9)        x14=00001175 x30:00000044  x9:1c0012d0  PA:1c001314
18898460ns          335281 1c008ee0 00178793 addi             x15, x15, 1         x15=000001c8 x15:000001c7
18898480ns          335282 1c008ee2 fff80813 addi             x16, x16, -1        x16=0000ffff x16:00010000
18898500ns          335283 1c008ee4 1c000537 lui              x10, 0x1c000000     x10=1c000000
18898520ns          335284 1c008ee8 0106ff33 and              x30, x13, x16       x30=00001175 x13:5b921175 x16:0000ffff
18898540ns          335285 1c008eec 00f42023 sw               x15, 0(x8)          x15:000001c8  x8:1c001324  PA:1c001324
18898858ns          335301 1c008eee 55850593 addi             x11, x10, 1368      x11=1c000558 x10:1c000000
18898878ns          335302 1c008ef2 320b8f93 addi             x31, x23, 800       x31=1c001320 x23:1c001000
18898898ns          335303 1c008ef6 00e00633 add              x12, x0, x14        x12=00001175 x14:00001175
18898918ns          335304 1c008ef8 7d4b0513 addi             x10, x22, 2004      x10=1c0007d4 x22:1c000000
18898938ns          335305 1c008efc 01e006b3 add              x13, x0, x30        x13=00001175 x30:00001175
18898958ns          335306 1c008efe 01e70a63 beq              x14, x30, 20        x14:00001175 x30:00001175
18899017ns          335309 1c008f12 00178793 addi             x15, x15, 1         x15=000001c9 x15:000001c8
18899037ns          335310 1c008f14 1c000537 lui              x10, 0x1c000000     x10=1c000000
18899057ns          335311 1c008f18 00f42023 sw               x15, 0(x8)          x15:000001c9  x8:1c001324  PA:1c001324
18899375ns          335327 1c008f1a 57850593 addi             x11, x10, 1400      x11=1c000578 x10:1c000000
18899395ns          335328 1c008f1e 320b8713 addi             x14, x23, 800       x14=1c001320 x23:1c001000
18899415ns          335329 1c008f22 015006b3 add              x13, x0, x21        x13=1c001318 x21:1c001318
18899435ns          335330 1c008f24 01a00633 add              x12, x0, x26        x12=1c001318 x26:1c001318
18899455ns          335331 1c008f26 7d4b0513 addi             x10, x22, 2004      x10=1c0007d4 x22:1c000000
18899475ns          335332 1c008f2a 015d0763 beq              x26, x21, 14        x26:1c001318 x21:1c001318
18899534ns          335335 1c008f38 01400613 addi             x12, x0, 20         x12=00000014
18899554ns          335336 1c008f3a 008c0c13 addi             x24, x24, 8         x24=1c001278 x24:1c001270
18899574ns          335337 1c008f3c 008c8c93 addi             x25, x25, 8         x25=1c00127c x25:1c001274
18899594ns          335338 1c008f3e f2cd91e3 bne              x27, x12, -222      x27:00000012 x12:00000014
18899654ns          335341 1c008e60 002d9693 slli             x13, x27, 0x2       x13=00000048 x27:00000012
18899674ns          335342 1c008e64 001d8713 addi             x14, x27, 1         x14=00000013 x27:00000012
18899694ns          335343 1c008e68 009686b3 add              x13, x13, x9        x13=1c001318 x13:00000048  x9:1c0012d0
18899714ns          335344 1c008e6a 00271f13 slli             x30, x14, 0x2       x30=0000004c x14:00000013
18899733ns          335345 1c008e6e 0006a023 sw               x0, 0(x13)          x13:1c001318  PA:1c001318
18900052ns          335361 1c008e72 000c2703 lw               x14, 0(x24)         x14=17204d1d x24:1c001278  PA:1c001278
18900370ns          335377 1c008e76 000ca783 lw               x15, 0(x25)         x15=f3fcd381 x25:1c00127c  PA:1c00127c
18900668ns          335392 1c008e7a 0004ef23 p.sw             x0, x0(x9)           x9:1c0012d0  PA:1c00131c
18900987ns          335408 1c008e7e 01500d33 add              x26, x0, x21        x26=1c001318 x21:1c001318
18901006ns          335409 1c008e80 00ed122b p.sh             x14, 4(x26!)        x26=1c00131c x14:17204d1d x26:1c001318  PA:1c001318
18901345ns          335426 1c008e84 00fd122b p.sh             x15, 4(x26!)        x26=1c001320 x15:f3fcd381 x26:1c00131c  PA:1c00131c
18901663ns          335442 1c008e88 00ec2023 sw               x14, 0(x24)         x14:17204d1d x24:1c001278  PA:1c001278
18901981ns          335458 1c008e8c 00fca023 sw               x15, 0(x25)         x15:f3fcd381 x25:1c00127c  PA:1c00127c
18902299ns          335474 1c008e90 00042783 lw               x15, 0(x8)          x15=000001c9  x8:1c001324  PA:1c001324
18902598ns          335489 1c008e92 000c2703 lw               x14, 0(x24)         x14=17204d1d x24:1c001278  PA:1c001278
18902896ns          335504 1c008e96 00010837 lui              x16, 0x10000        x16=00010000
18902916ns          335505 1c008e98 0006a283 lw               x5, 0(x13)           x5=00004d1d x13:1c001318  PA:1c001318
18903214ns          335520 1c008e9c 00178793 addi             x15, x15, 1         x15=000001ca x15:000001c9
18903234ns          335521 1c008e9e fff80813 addi             x16, x16, -1        x16=0000ffff x16:00010000
18903254ns          335522 1c008ea0 1c0006b7 lui              x13, 0x1c000000     x13=1c000000
18903274ns          335523 1c008ea4 01077733 and              x14, x14, x16       x14=00004d1d x14:17204d1d x16:0000ffff
18903294ns          335524 1c008ea8 00f42023 sw               x15, 0(x8)          x15:000001ca  x8:1c001324  PA:1c001324
18903612ns          335540 1c008eaa 53868593 addi             x11, x13, 1336      x11=1c000538 x13:1c000000
18903632ns          335541 1c008eae 320b8f93 addi             x31, x23, 800       x31=1c001320 x23:1c001000
18903652ns          335542 1c008eb2 00500633 add              x12, x0, x5         x12=00004d1d  x5:00004d1d
18903672ns          335543 1c008eb4 7d4b0513 addi             x10, x22, 2004      x10=1c0007d4 x22:1c000000
18903692ns          335544 1c008eb8 00e006b3 add              x13, x0, x14        x13=00004d1d x14:00004d1d
18903712ns          335545 1c008eba 008a8a93 addi             x21, x21, 8         x21=1c001320 x21:1c001318
18903731ns          335546 1c008ebc 002d8d93 addi             x27, x27, 2         x27=00000014 x27:00000012
18903751ns          335547 1c008ebe 00e28c63 beq              x5, x14, 24          x5:00004d1d x14:00004d1d
18903831ns          335551 1c008ed6 000ca683 lw               x13, 0(x25)         x13=f3fcd381 x25:1c00127c  PA:1c00127c
18904129ns          335566 1c008eda 00010837 lui              x16, 0x10000        x16=00010000
18904149ns          335567 1c008edc 21e4f703 lw               x14, x30(x9)        x14=0000d381 x30:0000004c  x9:1c0012d0  PA:1c00131c
18904487ns          335584 1c008ee0 00178793 addi             x15, x15, 1         x15=000001cb x15:000001ca
18904507ns          335585 1c008ee2 fff80813 addi             x16, x16, -1        x16=0000ffff x16:00010000
18904527ns          335586 1c008ee4 1c000537 lui              x10, 0x1c000000     x10=1c000000
18904547ns          335587 1c008ee8 0106ff33 and              x30, x13, x16       x30=0000d381 x13:f3fcd381 x16:0000ffff
18904567ns          335588 1c008eec 00f42023 sw               x15, 0(x8)          x15:000001cb  x8:1c001324  PA:1c001324
18904885ns          335604 1c008eee 55850593 addi             x11, x10, 1368      x11=1c000558 x10:1c000000
18904905ns          335605 1c008ef2 320b8f93 addi             x31, x23, 800       x31=1c001320 x23:1c001000
18904925ns          335606 1c008ef6 00e00633 add              x12, x0, x14        x12=0000d381 x14:0000d381
18904945ns          335607 1c008ef8 7d4b0513 addi             x10, x22, 2004      x10=1c0007d4 x22:1c000000
18904965ns          335608 1c008efc 01e006b3 add              x13, x0, x30        x13=0000d381 x30:0000d381
18904985ns          335609 1c008efe 01e70a63 beq              x14, x30, 20        x14:0000d381 x30:0000d381
18905044ns          335612 1c008f12 00178793 addi             x15, x15, 1         x15=000001cc x15:000001cb
18905064ns          335613 1c008f14 1c000537 lui              x10, 0x1c000000     x10=1c000000
18905084ns          335614 1c008f18 00f42023 sw               x15, 0(x8)          x15:000001cc  x8:1c001324  PA:1c001324
18905402ns          335630 1c008f1a 57850593 addi             x11, x10, 1400      x11=1c000578 x10:1c000000
18905422ns          335631 1c008f1e 320b8713 addi             x14, x23, 800       x14=1c001320 x23:1c001000
18905442ns          335632 1c008f22 015006b3 add              x13, x0, x21        x13=1c001320 x21:1c001320
18905462ns          335633 1c008f24 01a00633 add              x12, x0, x26        x12=1c001320 x26:1c001320
18905482ns          335634 1c008f26 7d4b0513 addi             x10, x22, 2004      x10=1c0007d4 x22:1c000000
18905502ns          335635 1c008f2a 015d0763 beq              x26, x21, 14        x26:1c001320 x21:1c001320
18905561ns          335638 1c008f38 01400613 addi             x12, x0, 20         x12=00000014
18905581ns          335639 1c008f3a 008c0c13 addi             x24, x24, 8         x24=1c001280 x24:1c001278
18905601ns          335640 1c008f3c 008c8c93 addi             x25, x25, 8         x25=1c001284 x25:1c00127c
18905621ns          335641 1c008f3e f2cd91e3 bne              x27, x12, -222      x27:00000014 x12:00000014
18905641ns          335642 1c008f42 01400ab3 add              x21, x0, x20        x21=1c0012d0 x20:1c0012d0
18905661ns          335643 1c008f44 01300c33 add              x24, x0, x19        x24=1c001234 x19:1c001234
18905681ns          335644 1c008f46 01200d33 add              x26, x0, x18        x26=1c001230 x18:1c001230
18905701ns          335645 1c008f48 00000d93 addi             x27, x0, 0          x27=00000000
18905721ns          335646 1c008f4a 1c001bb7 lui              x23, 0x1c001000     x23=1c001000
18906098ns          335665 1c008f4e 1c000b37 lui              x22, 0x1c000000     x22=1c000000
18906138ns          335667 1c008f52 002d9613 slli             x12, x27, 0x2       x12=00000000 x27:00000000
18906158ns          335668 1c008f56 00960633 add              x12, x12, x9        x12=1c0012d0 x12:00000000  x9:1c0012d0
18906178ns          335669 1c008f58 00062023 sw               x0, 0(x12)          x12:1c0012d0  PA:1c0012d0
18906496ns          335685 1c008f5c 000d2703 lw               x14, 0(x26)         x14=79f3fbe0 x26:1c001230  PA:1c001230
18906834ns          335702 1c008f60 000c2783 lw               x15, 0(x24)         x15=989d0153 x24:1c001234  PA:1c001234
18907153ns          335718 1c008f64 01500cb3 add              x25, x0, x21        x25=1c0012d0 x21:1c0012d0
18907173ns          335719 1c008f66 00ec912b p.sh             x14, 2(x25!)        x25=1c0012d2 x14:79f3fbe0 x25:1c0012d0  PA:1c0012d0
18907491ns          335735 1c008f6a 00fc912b p.sh             x15, 2(x25!)        x25=1c0012d4 x15:989d0153 x25:1c0012d2  PA:1c0012d2
18907849ns          335753 1c008f6e 00ed2023 sw               x14, 0(x26)         x14:79f3fbe0 x26:1c001230  PA:1c001230
18908167ns          335769 1c008f72 00fc2023 sw               x15, 0(x24)         x15:989d0153 x24:1c001234  PA:1c001234
18908485ns          335785 1c008f76 00042703 lw               x14, 0(x8)          x14=000001cc  x8:1c001324  PA:1c001324
18908784ns          335800 1c008f78 000d2683 lw               x13, 0(x26)         x13=79f3fbe0 x26:1c001230  PA:1c001230
18909082ns          335815 1c008f7c 00010837 lui              x16, 0x10000        x16=00010000
18909102ns          335816 1c008f7e fff80813 addi             x16, x16, -1        x16=0000ffff x16:00010000
18909122ns          335817 1c008f80 0106f6b3 and              x13, x13, x16       x13=0000fbe0 x13:79f3fbe0 x16:0000ffff
18909142ns          335818 1c008f84 00062303 lw               x6, 0(x12)           x6=0153fbe0 x12:1c0012d0  PA:1c0012d0
18909460ns          335834 1c008f88 00170713 addi             x14, x14, 1         x14=000001cd x14:000001cc
18909480ns          335835 1c008f8a 01079793 slli             x15, x15, 0x10      x15=01530000 x15:989d0153
18909500ns          335836 1c008f8c 1c000537 lui              x10, 0x1c000000     x10=1c000000
18909619ns          335842 1c008f90 00d7e7b3 or               x15, x15, x13       x15=0153fbe0 x15:01530000 x13:0000fbe0
18909639ns          335843 1c008f92 00e42023 sw               x14, 0(x8)          x14:000001cd  x8:1c001324  PA:1c001324
18909957ns          335859 1c008f94 59050593 addi             x11, x10, 1424      x11=1c000590 x10:1c000000
18909977ns          335860 1c008f98 320b8f13 addi             x30, x23, 800       x30=1c001320 x23:1c001000
18909997ns          335861 1c008f9c 00600633 add              x12, x0, x6         x12=0153fbe0  x6:0153fbe0
18910136ns          335868 1c008f9e 7d4b0513 addi             x10, x22, 2004      x10=1c0007d4 x22:1c000000
18910156ns          335869 1c008fa2 00f006b3 add              x13, x0, x15        x13=0153fbe0 x15:0153fbe0
18910176ns          335870 1c008fa4 002d8d93 addi             x27, x27, 2         x27=00000002 x27:00000000
18910196ns          335871 1c008fa6 00f30a63 beq              x6, x15, 20          x6:0153fbe0 x15:0153fbe0
18910693ns          335896 1c008fba 00170713 addi             x14, x14, 1         x14=000001ce x14:000001cd
18910713ns          335897 1c008fbc 004a8793 addi             x15, x21, 4         x15=1c0012d4 x21:1c0012d0
18911171ns          335920 1c008fc0 00e42023 sw               x14, 0(x8)          x14:000001ce  x8:1c001324  PA:1c001324
18911509ns          335937 1c008fc2 1c000737 lui              x14, 0x1c000000     x14=1c000000
18911529ns          335938 1c008fc6 320b8313 addi             x6, x23, 800         x6=1c001320 x23:1c001000
18911549ns          335939 1c008fca 00f006b3 add              x13, x0, x15        x13=1c0012d4 x15:1c0012d4
18911568ns          335940 1c008fcc 01900633 add              x12, x0, x25        x12=1c0012d4 x25:1c0012d4
18911986ns          335961 1c008fce 57870593 addi             x11, x14, 1400      x11=1c000578 x14:1c000000
18912026ns          335963 1c008fd2 7d4b0513 addi             x10, x22, 2004      x10=1c0007d4 x22:1c000000
18912046ns          335964 1c008fd6 01978963 beq              x15, x25, 18        x15:1c0012d4 x25:1c0012d4
18912563ns          335990 1c008fe8 01400793 addi             x15, x0, 20         x15=00000014
18912583ns          335991 1c008fea 008d0d13 addi             x26, x26, 8         x26=1c001238 x26:1c001230
18912603ns          335992 1c008fec 008c0c13 addi             x24, x24, 8         x24=1c00123c x24:1c001234
18912623ns          335993 1c008fee 008a8a93 addi             x21, x21, 8         x21=1c0012d8 x21:1c0012d0
18913020ns          336013 1c008ff0 f6fd91e3 bne              x27, x15, -158      x27:00000002 x15:00000014
18913100ns          336017 1c008f52 002d9613 slli             x12, x27, 0x2       x12=00000008 x27:00000002
18913120ns          336018 1c008f56 00960633 add              x12, x12, x9        x12=1c0012d8 x12:00000008  x9:1c0012d0
18913140ns          336019 1c008f58 00062023 sw               x0, 0(x12)          x12:1c0012d8  PA:1c0012d8
18913458ns          336035 1c008f5c 000d2703 lw               x14, 0(x26)         x14=81779f06 x26:1c001238  PA:1c001238
18913776ns          336051 1c008f60 000c2783 lw               x15, 0(x24)         x15=6633c31f x24:1c00123c  PA:1c00123c
18914075ns          336066 1c008f64 01500cb3 add              x25, x0, x21        x25=1c0012d8 x21:1c0012d8
18914095ns          336067 1c008f66 00ec912b p.sh             x14, 2(x25!)        x25=1c0012da x14:81779f06 x25:1c0012d8  PA:1c0012d8
18914433ns          336084 1c008f6a 00fc912b p.sh             x15, 2(x25!)        x25=1c0012dc x15:6633c31f x25:1c0012da  PA:1c0012da
18914751ns          336100 1c008f6e 00ed2023 sw               x14, 0(x26)         x14:81779f06 x26:1c001238  PA:1c001238
18915089ns          336117 1c008f72 00fc2023 sw               x15, 0(x24)         x15:6633c31f x24:1c00123c  PA:1c00123c
18915407ns          336133 1c008f76 00042703 lw               x14, 0(x8)          x14=000001ce  x8:1c001324  PA:1c001324
18915706ns          336148 1c008f78 000d2683 lw               x13, 0(x26)         x13=81779f06 x26:1c001238  PA:1c001238
18916004ns          336163 1c008f7c 00010837 lui              x16, 0x10000        x16=00010000
18916024ns          336164 1c008f7e fff80813 addi             x16, x16, -1        x16=0000ffff x16:00010000
18916044ns          336165 1c008f80 0106f6b3 and              x13, x13, x16       x13=00009f06 x13:81779f06 x16:0000ffff
18916064ns          336166 1c008f84 00062303 lw               x6, 0(x12)           x6=c31f9f06 x12:1c0012d8  PA:1c0012d8
18916382ns          336182 1c008f88 00170713 addi             x14, x14, 1         x14=000001cf x14:000001ce
18916402ns          336183 1c008f8a 01079793 slli             x15, x15, 0x10      x15=c31f0000 x15:6633c31f
18916422ns          336184 1c008f8c 1c000537 lui              x10, 0x1c000000     x10=1c000000
18916442ns          336185 1c008f90 00d7e7b3 or               x15, x15, x13       x15=c31f9f06 x15:c31f0000 x13:00009f06
18916462ns          336186 1c008f92 00e42023 sw               x14, 0(x8)          x14:000001cf  x8:1c001324  PA:1c001324
18916780ns          336202 1c008f94 59050593 addi             x11, x10, 1424      x11=1c000590 x10:1c000000
18916800ns          336203 1c008f98 320b8f13 addi             x30, x23, 800       x30=1c001320 x23:1c001000
18916820ns          336204 1c008f9c 00600633 add              x12, x0, x6         x12=c31f9f06  x6:c31f9f06
18916839ns          336205 1c008f9e 7d4b0513 addi             x10, x22, 2004      x10=1c0007d4 x22:1c000000
18916859ns          336206 1c008fa2 00f006b3 add              x13, x0, x15        x13=c31f9f06 x15:c31f9f06
18916879ns          336207 1c008fa4 002d8d93 addi             x27, x27, 2         x27=00000004 x27:00000002
18916899ns          336208 1c008fa6 00f30a63 beq              x6, x15, 20          x6:c31f9f06 x15:c31f9f06
18916959ns          336211 1c008fba 00170713 addi             x14, x14, 1         x14=000001d0 x14:000001cf
18916979ns          336212 1c008fbc 004a8793 addi             x15, x21, 4         x15=1c0012dc x21:1c0012d8
18916999ns          336213 1c008fc0 00e42023 sw               x14, 0(x8)          x14:000001d0  x8:1c001324  PA:1c001324
18917317ns          336229 1c008fc2 1c000737 lui              x14, 0x1c000000     x14=1c000000
18917337ns          336230 1c008fc6 320b8313 addi             x6, x23, 800         x6=1c001320 x23:1c001000
18917357ns          336231 1c008fca 00f006b3 add              x13, x0, x15        x13=1c0012dc x15:1c0012dc
18917376ns          336232 1c008fcc 01900633 add              x12, x0, x25        x12=1c0012dc x25:1c0012dc
18917396ns          336233 1c008fce 57870593 addi             x11, x14, 1400      x11=1c000578 x14:1c000000
18917416ns          336234 1c008fd2 7d4b0513 addi             x10, x22, 2004      x10=1c0007d4 x22:1c000000
18917436ns          336235 1c008fd6 01978963 beq              x15, x25, 18        x15:1c0012dc x25:1c0012dc
18917496ns          336238 1c008fe8 01400793 addi             x15, x0, 20         x15=00000014
18917516ns          336239 1c008fea 008d0d13 addi             x26, x26, 8         x26=1c001240 x26:1c001238
18917536ns          336240 1c008fec 008c0c13 addi             x24, x24, 8         x24=1c001244 x24:1c00123c
18917556ns          336241 1c008fee 008a8a93 addi             x21, x21, 8         x21=1c0012e0 x21:1c0012d8
18917575ns          336242 1c008ff0 f6fd91e3 bne              x27, x15, -158      x27:00000004 x15:00000014
18918093ns          336268 1c008f52 002d9613 slli             x12, x27, 0x2       x12=00000010 x27:00000004
18918112ns          336269 1c008f56 00960633 add              x12, x12, x9        x12=1c0012e0 x12:00000010  x9:1c0012d0
18918132ns          336270 1c008f58 00062023 sw               x0, 0(x12)          x12:1c0012e0  PA:1c0012e0
18918451ns          336286 1c008f5c 000d2703 lw               x14, 0(x26)         x14=38ac533d x26:1c001240  PA:1c001240
18918749ns          336301 1c008f60 000c2783 lw               x15, 0(x24)         x15=1ff02242 x24:1c001244  PA:1c001244
18919067ns          336317 1c008f64 01500cb3 add              x25, x0, x21        x25=1c0012e0 x21:1c0012e0
18919087ns          336318 1c008f66 00ec912b p.sh             x14, 2(x25!)        x25=1c0012e2 x14:38ac533d x25:1c0012e0  PA:1c0012e0
18919405ns          336334 1c008f6a 00fc912b p.sh             x15, 2(x25!)        x25=1c0012e4 x15:1ff02242 x25:1c0012e2  PA:1c0012e2
18919724ns          336350 1c008f6e 00ed2023 sw               x14, 0(x26)         x14:38ac533d x26:1c001240  PA:1c001240
18920042ns          336366 1c008f72 00fc2023 sw               x15, 0(x24)         x15:1ff02242 x24:1c001244  PA:1c001244
18920380ns          336383 1c008f76 00042703 lw               x14, 0(x8)          x14=000001d0  x8:1c001324  PA:1c001324
18920678ns          336398 1c008f78 000d2683 lw               x13, 0(x26)         x13=38ac533d x26:1c001240  PA:1c001240
18920977ns          336413 1c008f7c 00010837 lui              x16, 0x10000        x16=00010000
18920997ns          336414 1c008f7e fff80813 addi             x16, x16, -1        x16=0000ffff x16:00010000
18921017ns          336415 1c008f80 0106f6b3 and              x13, x13, x16       x13=0000533d x13:38ac533d x16:0000ffff
18921036ns          336416 1c008f84 00062303 lw               x6, 0(x12)           x6=2242533d x12:1c0012e0  PA:1c0012e0
18921335ns          336431 1c008f88 00170713 addi             x14, x14, 1         x14=000001d1 x14:000001d0
18921355ns          336432 1c008f8a 01079793 slli             x15, x15, 0x10      x15=22420000 x15:1ff02242
18921375ns          336433 1c008f8c 1c000537 lui              x10, 0x1c000000     x10=1c000000
18921394ns          336434 1c008f90 00d7e7b3 or               x15, x15, x13       x15=2242533d x15:22420000 x13:0000533d
18921414ns          336435 1c008f92 00e42023 sw               x14, 0(x8)          x14:000001d1  x8:1c001324  PA:1c001324
18921752ns          336452 1c008f94 59050593 addi             x11, x10, 1424      x11=1c000590 x10:1c000000
18921772ns          336453 1c008f98 320b8f13 addi             x30, x23, 800       x30=1c001320 x23:1c001000
18921792ns          336454 1c008f9c 00600633 add              x12, x0, x6         x12=2242533d  x6:2242533d
18921812ns          336455 1c008f9e 7d4b0513 addi             x10, x22, 2004      x10=1c0007d4 x22:1c000000
18921832ns          336456 1c008fa2 00f006b3 add              x13, x0, x15        x13=2242533d x15:2242533d
18921852ns          336457 1c008fa4 002d8d93 addi             x27, x27, 2         x27=00000006 x27:00000004
18921872ns          336458 1c008fa6 00f30a63 beq              x6, x15, 20          x6:2242533d x15:2242533d
18921931ns          336461 1c008fba 00170713 addi             x14, x14, 1         x14=000001d2 x14:000001d1
18921951ns          336462 1c008fbc 004a8793 addi             x15, x21, 4         x15=1c0012e4 x21:1c0012e0
18921971ns          336463 1c008fc0 00e42023 sw               x14, 0(x8)          x14:000001d2  x8:1c001324  PA:1c001324
18922290ns          336479 1c008fc2 1c000737 lui              x14, 0x1c000000     x14=1c000000
18922309ns          336480 1c008fc6 320b8313 addi             x6, x23, 800         x6=1c001320 x23:1c001000
18922329ns          336481 1c008fca 00f006b3 add              x13, x0, x15        x13=1c0012e4 x15:1c0012e4
18922349ns          336482 1c008fcc 01900633 add              x12, x0, x25        x12=1c0012e4 x25:1c0012e4
18922369ns          336483 1c008fce 57870593 addi             x11, x14, 1400      x11=1c000578 x14:1c000000
18922389ns          336484 1c008fd2 7d4b0513 addi             x10, x22, 2004      x10=1c0007d4 x22:1c000000
18922409ns          336485 1c008fd6 01978963 beq              x15, x25, 18        x15:1c0012e4 x25:1c0012e4
18922469ns          336488 1c008fe8 01400793 addi             x15, x0, 20         x15=00000014
18922488ns          336489 1c008fea 008d0d13 addi             x26, x26, 8         x26=1c001248 x26:1c001240
18922508ns          336490 1c008fec 008c0c13 addi             x24, x24, 8         x24=1c00124c x24:1c001244
18922528ns          336491 1c008fee 008a8a93 addi             x21, x21, 8         x21=1c0012e8 x21:1c0012e0
18922548ns          336492 1c008ff0 f6fd91e3 bne              x27, x15, -158      x27:00000006 x15:00000014
18922628ns          336496 1c008f52 002d9613 slli             x12, x27, 0x2       x12=00000018 x27:00000006
18922648ns          336497 1c008f56 00960633 add              x12, x12, x9        x12=1c0012e8 x12:00000018  x9:1c0012d0
18922667ns          336498 1c008f58 00062023 sw               x0, 0(x12)          x12:1c0012e8  PA:1c0012e8
18923006ns          336515 1c008f5c 000d2703 lw               x14, 0(x26)         x14=95208b80 x26:1c001248  PA:1c001248
18923304ns          336530 1c008f60 000c2783 lw               x15, 0(x24)         x15=86d85335 x24:1c00124c  PA:1c00124c
18923602ns          336545 1c008f64 01500cb3 add              x25, x0, x21        x25=1c0012e8 x21:1c0012e8
18923622ns          336546 1c008f66 00ec912b p.sh             x14, 2(x25!)        x25=1c0012ea x14:95208b80 x25:1c0012e8  PA:1c0012e8
18923940ns          336562 1c008f6a 00fc912b p.sh             x15, 2(x25!)        x25=1c0012ec x15:86d85335 x25:1c0012ea  PA:1c0012ea
18924259ns          336578 1c008f6e 00ed2023 sw               x14, 0(x26)         x14:95208b80 x26:1c001248  PA:1c001248
18924577ns          336594 1c008f72 00fc2023 sw               x15, 0(x24)         x15:86d85335 x24:1c00124c  PA:1c00124c
18924895ns          336610 1c008f76 00042703 lw               x14, 0(x8)          x14=000001d2  x8:1c001324  PA:1c001324
18925194ns          336625 1c008f78 000d2683 lw               x13, 0(x26)         x13=95208b80 x26:1c001248  PA:1c001248
18925492ns          336640 1c008f7c 00010837 lui              x16, 0x10000        x16=00010000
18925512ns          336641 1c008f7e fff80813 addi             x16, x16, -1        x16=0000ffff x16:00010000
18925532ns          336642 1c008f80 0106f6b3 and              x13, x13, x16       x13=00008b80 x13:95208b80 x16:0000ffff
18925552ns          336643 1c008f84 00062303 lw               x6, 0(x12)           x6=53358b80 x12:1c0012e8  PA:1c0012e8
18925870ns          336659 1c008f88 00170713 addi             x14, x14, 1         x14=000001d3 x14:000001d2
18925890ns          336660 1c008f8a 01079793 slli             x15, x15, 0x10      x15=53350000 x15:86d85335
18925910ns          336661 1c008f8c 1c000537 lui              x10, 0x1c000000     x10=1c000000
18925930ns          336662 1c008f90 00d7e7b3 or               x15, x15, x13       x15=53358b80 x15:53350000 x13:00008b80
18925949ns          336663 1c008f92 00e42023 sw               x14, 0(x8)          x14:000001d3  x8:1c001324  PA:1c001324
18926268ns          336679 1c008f94 59050593 addi             x11, x10, 1424      x11=1c000590 x10:1c000000
18926288ns          336680 1c008f98 320b8f13 addi             x30, x23, 800       x30=1c001320 x23:1c001000
18926307ns          336681 1c008f9c 00600633 add              x12, x0, x6         x12=53358b80  x6:53358b80
18926327ns          336682 1c008f9e 7d4b0513 addi             x10, x22, 2004      x10=1c0007d4 x22:1c000000
18926347ns          336683 1c008fa2 00f006b3 add              x13, x0, x15        x13=53358b80 x15:53358b80
18926367ns          336684 1c008fa4 002d8d93 addi             x27, x27, 2         x27=00000008 x27:00000006
18926387ns          336685 1c008fa6 00f30a63 beq              x6, x15, 20          x6:53358b80 x15:53358b80
18926447ns          336688 1c008fba 00170713 addi             x14, x14, 1         x14=000001d4 x14:000001d3
18926467ns          336689 1c008fbc 004a8793 addi             x15, x21, 4         x15=1c0012ec x21:1c0012e8
18926486ns          336690 1c008fc0 00e42023 sw               x14, 0(x8)          x14:000001d4  x8:1c001324  PA:1c001324
18926805ns          336706 1c008fc2 1c000737 lui              x14, 0x1c000000     x14=1c000000
18926825ns          336707 1c008fc6 320b8313 addi             x6, x23, 800         x6=1c001320 x23:1c001000
18926844ns          336708 1c008fca 00f006b3 add              x13, x0, x15        x13=1c0012ec x15:1c0012ec
18926864ns          336709 1c008fcc 01900633 add              x12, x0, x25        x12=1c0012ec x25:1c0012ec
18926884ns          336710 1c008fce 57870593 addi             x11, x14, 1400      x11=1c000578 x14:1c000000
18926904ns          336711 1c008fd2 7d4b0513 addi             x10, x22, 2004      x10=1c0007d4 x22:1c000000
18926924ns          336712 1c008fd6 01978963 beq              x15, x25, 18        x15:1c0012ec x25:1c0012ec
18926984ns          336715 1c008fe8 01400793 addi             x15, x0, 20         x15=00000014
18927004ns          336716 1c008fea 008d0d13 addi             x26, x26, 8         x26=1c001250 x26:1c001248
18927024ns          336717 1c008fec 008c0c13 addi             x24, x24, 8         x24=1c001254 x24:1c00124c
18927043ns          336718 1c008fee 008a8a93 addi             x21, x21, 8         x21=1c0012f0 x21:1c0012e8
18927063ns          336719 1c008ff0 f6fd91e3 bne              x27, x15, -158      x27:00000008 x15:00000014
18927143ns          336723 1c008f52 002d9613 slli             x12, x27, 0x2       x12=00000020 x27:00000008
18927163ns          336724 1c008f56 00960633 add              x12, x12, x9        x12=1c0012f0 x12:00000020  x9:1c0012d0
18927183ns          336725 1c008f58 00062023 sw               x0, 0(x12)          x12:1c0012f0  PA:1c0012f0
18927501ns          336741 1c008f5c 000d2703 lw               x14, 0(x26)         x14=0fb2823c x26:1c001250  PA:1c001250
18927799ns          336756 1c008f60 000c2783 lw               x15, 0(x24)         x15=efadfd67 x24:1c001254  PA:1c001254
18928098ns          336771 1c008f64 01500cb3 add              x25, x0, x21        x25=1c0012f0 x21:1c0012f0
18928118ns          336772 1c008f66 00ec912b p.sh             x14, 2(x25!)        x25=1c0012f2 x14:0fb2823c x25:1c0012f0  PA:1c0012f0
18928456ns          336789 1c008f6a 00fc912b p.sh             x15, 2(x25!)        x25=1c0012f4 x15:efadfd67 x25:1c0012f2  PA:1c0012f2
18928794ns          336806 1c008f6e 00ed2023 sw               x14, 0(x26)         x14:0fb2823c x26:1c001250  PA:1c001250
18929112ns          336822 1c008f72 00fc2023 sw               x15, 0(x24)         x15:efadfd67 x24:1c001254  PA:1c001254
18929430ns          336838 1c008f76 00042703 lw               x14, 0(x8)          x14=000001d4  x8:1c001324  PA:1c001324
18929749ns          336854 1c008f78 000d2683 lw               x13, 0(x26)         x13=0fb2823c x26:1c001250  PA:1c001250
18930047ns          336869 1c008f7c 00010837 lui              x16, 0x10000        x16=00010000
18930067ns          336870 1c008f7e fff80813 addi             x16, x16, -1        x16=0000ffff x16:00010000
18930087ns          336871 1c008f80 0106f6b3 and              x13, x13, x16       x13=0000823c x13:0fb2823c x16:0000ffff
18930107ns          336872 1c008f84 00062303 lw               x6, 0(x12)           x6=fd67823c x12:1c0012f0  PA:1c0012f0
18930405ns          336887 1c008f88 00170713 addi             x14, x14, 1         x14=000001d5 x14:000001d4
18930425ns          336888 1c008f8a 01079793 slli             x15, x15, 0x10      x15=fd670000 x15:efadfd67
18930445ns          336889 1c008f8c 1c000537 lui              x10, 0x1c000000     x10=1c000000
18930465ns          336890 1c008f90 00d7e7b3 or               x15, x15, x13       x15=fd67823c x15:fd670000 x13:0000823c
18930485ns          336891 1c008f92 00e42023 sw               x14, 0(x8)          x14:000001d5  x8:1c001324  PA:1c001324
18930803ns          336907 1c008f94 59050593 addi             x11, x10, 1424      x11=1c000590 x10:1c000000
18930823ns          336908 1c008f98 320b8f13 addi             x30, x23, 800       x30=1c001320 x23:1c001000
18930843ns          336909 1c008f9c 00600633 add              x12, x0, x6         x12=fd67823c  x6:fd67823c
18930862ns          336910 1c008f9e 7d4b0513 addi             x10, x22, 2004      x10=1c0007d4 x22:1c000000
18930882ns          336911 1c008fa2 00f006b3 add              x13, x0, x15        x13=fd67823c x15:fd67823c
18930902ns          336912 1c008fa4 002d8d93 addi             x27, x27, 2         x27=0000000a x27:00000008
18930922ns          336913 1c008fa6 00f30a63 beq              x6, x15, 20          x6:fd67823c x15:fd67823c
18930982ns          336916 1c008fba 00170713 addi             x14, x14, 1         x14=000001d6 x14:000001d5
18931002ns          336917 1c008fbc 004a8793 addi             x15, x21, 4         x15=1c0012f4 x21:1c0012f0
18931022ns          336918 1c008fc0 00e42023 sw               x14, 0(x8)          x14:000001d6  x8:1c001324  PA:1c001324
18931340ns          336934 1c008fc2 1c000737 lui              x14, 0x1c000000     x14=1c000000
18931360ns          336935 1c008fc6 320b8313 addi             x6, x23, 800         x6=1c001320 x23:1c001000
18931380ns          336936 1c008fca 00f006b3 add              x13, x0, x15        x13=1c0012f4 x15:1c0012f4
18931399ns          336937 1c008fcc 01900633 add              x12, x0, x25        x12=1c0012f4 x25:1c0012f4
18931419ns          336938 1c008fce 57870593 addi             x11, x14, 1400      x11=1c000578 x14:1c000000
18931439ns          336939 1c008fd2 7d4b0513 addi             x10, x22, 2004      x10=1c0007d4 x22:1c000000
18931459ns          336940 1c008fd6 01978963 beq              x15, x25, 18        x15:1c0012f4 x25:1c0012f4
18931519ns          336943 1c008fe8 01400793 addi             x15, x0, 20         x15=00000014
18931539ns          336944 1c008fea 008d0d13 addi             x26, x26, 8         x26=1c001258 x26:1c001250
18931559ns          336945 1c008fec 008c0c13 addi             x24, x24, 8         x24=1c00125c x24:1c001254
18931578ns          336946 1c008fee 008a8a93 addi             x21, x21, 8         x21=1c0012f8 x21:1c0012f0
18931598ns          336947 1c008ff0 f6fd91e3 bne              x27, x15, -158      x27:0000000a x15:00000014
18931678ns          336951 1c008f52 002d9613 slli             x12, x27, 0x2       x12=00000028 x27:0000000a
18931698ns          336952 1c008f56 00960633 add              x12, x12, x9        x12=1c0012f8 x12:00000028  x9:1c0012d0
18931718ns          336953 1c008f58 00062023 sw               x0, 0(x12)          x12:1c0012f8  PA:1c0012f8
18932036ns          336969 1c008f5c 000d2703 lw               x14, 0(x26)         x14=67e06901 x26:1c001258  PA:1c001258
18932354ns          336985 1c008f60 000c2783 lw               x15, 0(x24)         x15=9a2bb64d x24:1c00125c  PA:1c00125c
18932653ns          337000 1c008f64 01500cb3 add              x25, x0, x21        x25=1c0012f8 x21:1c0012f8
18932672ns          337001 1c008f66 00ec912b p.sh             x14, 2(x25!)        x25=1c0012fa x14:67e06901 x25:1c0012f8  PA:1c0012f8
18932991ns          337017 1c008f6a 00fc912b p.sh             x15, 2(x25!)        x25=1c0012fc x15:9a2bb64d x25:1c0012fa  PA:1c0012fa
18933329ns          337034 1c008f6e 00ed2023 sw               x14, 0(x26)         x14:67e06901 x26:1c001258  PA:1c001258
18933667ns          337051 1c008f72 00fc2023 sw               x15, 0(x24)         x15:9a2bb64d x24:1c00125c  PA:1c00125c
18933985ns          337067 1c008f76 00042703 lw               x14, 0(x8)          x14=000001d6  x8:1c001324  PA:1c001324
18934284ns          337082 1c008f78 000d2683 lw               x13, 0(x26)         x13=67e06901 x26:1c001258  PA:1c001258
18934582ns          337097 1c008f7c 00010837 lui              x16, 0x10000        x16=00010000
18934602ns          337098 1c008f7e fff80813 addi             x16, x16, -1        x16=0000ffff x16:00010000
18934622ns          337099 1c008f80 0106f6b3 and              x13, x13, x16       x13=00006901 x13:67e06901 x16:0000ffff
18934642ns          337100 1c008f84 00062303 lw               x6, 0(x12)           x6=b64d6901 x12:1c0012f8  PA:1c0012f8
18934940ns          337115 1c008f88 00170713 addi             x14, x14, 1         x14=000001d7 x14:000001d6
18934960ns          337116 1c008f8a 01079793 slli             x15, x15, 0x10      x15=b64d0000 x15:9a2bb64d
18934980ns          337117 1c008f8c 1c000537 lui              x10, 0x1c000000     x10=1c000000
18935000ns          337118 1c008f90 00d7e7b3 or               x15, x15, x13       x15=b64d6901 x15:b64d0000 x13:00006901
18935020ns          337119 1c008f92 00e42023 sw               x14, 0(x8)          x14:000001d7  x8:1c001324  PA:1c001324
18935358ns          337136 1c008f94 59050593 addi             x11, x10, 1424      x11=1c000590 x10:1c000000
18935378ns          337137 1c008f98 320b8f13 addi             x30, x23, 800       x30=1c001320 x23:1c001000
18935398ns          337138 1c008f9c 00600633 add              x12, x0, x6         x12=b64d6901  x6:b64d6901
18935417ns          337139 1c008f9e 7d4b0513 addi             x10, x22, 2004      x10=1c0007d4 x22:1c000000
18935437ns          337140 1c008fa2 00f006b3 add              x13, x0, x15        x13=b64d6901 x15:b64d6901
18935457ns          337141 1c008fa4 002d8d93 addi             x27, x27, 2         x27=0000000c x27:0000000a
18935477ns          337142 1c008fa6 00f30a63 beq              x6, x15, 20          x6:b64d6901 x15:b64d6901
18935537ns          337145 1c008fba 00170713 addi             x14, x14, 1         x14=000001d8 x14:000001d7
18935557ns          337146 1c008fbc 004a8793 addi             x15, x21, 4         x15=1c0012fc x21:1c0012f8
18935577ns          337147 1c008fc0 00e42023 sw               x14, 0(x8)          x14:000001d8  x8:1c001324  PA:1c001324
18935895ns          337163 1c008fc2 1c000737 lui              x14, 0x1c000000     x14=1c000000
18935915ns          337164 1c008fc6 320b8313 addi             x6, x23, 800         x6=1c001320 x23:1c001000
18935935ns          337165 1c008fca 00f006b3 add              x13, x0, x15        x13=1c0012fc x15:1c0012fc
18935954ns          337166 1c008fcc 01900633 add              x12, x0, x25        x12=1c0012fc x25:1c0012fc
18935974ns          337167 1c008fce 57870593 addi             x11, x14, 1400      x11=1c000578 x14:1c000000
18935994ns          337168 1c008fd2 7d4b0513 addi             x10, x22, 2004      x10=1c0007d4 x22:1c000000
18936014ns          337169 1c008fd6 01978963 beq              x15, x25, 18        x15:1c0012fc x25:1c0012fc
18936074ns          337172 1c008fe8 01400793 addi             x15, x0, 20         x15=00000014
18936094ns          337173 1c008fea 008d0d13 addi             x26, x26, 8         x26=1c001260 x26:1c001258
18936114ns          337174 1c008fec 008c0c13 addi             x24, x24, 8         x24=1c001264 x24:1c00125c
18936133ns          337175 1c008fee 008a8a93 addi             x21, x21, 8         x21=1c001300 x21:1c0012f8
18936153ns          337176 1c008ff0 f6fd91e3 bne              x27, x15, -158      x27:0000000c x15:00000014
18936233ns          337180 1c008f52 002d9613 slli             x12, x27, 0x2       x12=00000030 x27:0000000c
18936253ns          337181 1c008f56 00960633 add              x12, x12, x9        x12=1c001300 x12:00000030  x9:1c0012d0
18936273ns          337182 1c008f58 00062023 sw               x0, 0(x12)          x12:1c001300  PA:1c001300
18936591ns          337198 1c008f5c 000d2703 lw               x14, 0(x26)         x14=d788b407 x26:1c001260  PA:1c001260
18936889ns          337213 1c008f60 000c2783 lw               x15, 0(x24)         x15=ad2fa26f x24:1c001264  PA:1c001264
18937188ns          337228 1c008f64 01500cb3 add              x25, x0, x21        x25=1c001300 x21:1c001300
18937208ns          337229 1c008f66 00ec912b p.sh             x14, 2(x25!)        x25=1c001302 x14:d788b407 x25:1c001300  PA:1c001300
18937526ns          337245 1c008f6a 00fc912b p.sh             x15, 2(x25!)        x25=1c001304 x15:ad2fa26f x25:1c001302  PA:1c001302
18937844ns          337261 1c008f6e 00ed2023 sw               x14, 0(x26)         x14:d788b407 x26:1c001260  PA:1c001260
18938182ns          337278 1c008f72 00fc2023 sw               x15, 0(x24)         x15:ad2fa26f x24:1c001264  PA:1c001264
18938500ns          337294 1c008f76 00042703 lw               x14, 0(x8)          x14=000001d8  x8:1c001324  PA:1c001324
18938799ns          337309 1c008f78 000d2683 lw               x13, 0(x26)         x13=d788b407 x26:1c001260  PA:1c001260
18939117ns          337325 1c008f7c 00010837 lui              x16, 0x10000        x16=00010000
18939137ns          337326 1c008f7e fff80813 addi             x16, x16, -1        x16=0000ffff x16:00010000
18939157ns          337327 1c008f80 0106f6b3 and              x13, x13, x16       x13=0000b407 x13:d788b407 x16:0000ffff
18939177ns          337328 1c008f84 00062303 lw               x6, 0(x12)           x6=a26fb407 x12:1c001300  PA:1c001300
18939495ns          337344 1c008f88 00170713 addi             x14, x14, 1         x14=000001d9 x14:000001d8
18939515ns          337345 1c008f8a 01079793 slli             x15, x15, 0x10      x15=a26f0000 x15:ad2fa26f
18939535ns          337346 1c008f8c 1c000537 lui              x10, 0x1c000000     x10=1c000000
18939555ns          337347 1c008f90 00d7e7b3 or               x15, x15, x13       x15=a26fb407 x15:a26f0000 x13:0000b407
18939575ns          337348 1c008f92 00e42023 sw               x14, 0(x8)          x14:000001d9  x8:1c001324  PA:1c001324
18939893ns          337364 1c008f94 59050593 addi             x11, x10, 1424      x11=1c000590 x10:1c000000
18939913ns          337365 1c008f98 320b8f13 addi             x30, x23, 800       x30=1c001320 x23:1c001000
18939933ns          337366 1c008f9c 00600633 add              x12, x0, x6         x12=a26fb407  x6:a26fb407
18939952ns          337367 1c008f9e 7d4b0513 addi             x10, x22, 2004      x10=1c0007d4 x22:1c000000
18939972ns          337368 1c008fa2 00f006b3 add              x13, x0, x15        x13=a26fb407 x15:a26fb407
18939992ns          337369 1c008fa4 002d8d93 addi             x27, x27, 2         x27=0000000e x27:0000000c
18940012ns          337370 1c008fa6 00f30a63 beq              x6, x15, 20          x6:a26fb407 x15:a26fb407
18940072ns          337373 1c008fba 00170713 addi             x14, x14, 1         x14=000001da x14:000001d9
18940092ns          337374 1c008fbc 004a8793 addi             x15, x21, 4         x15=1c001304 x21:1c001300
18940112ns          337375 1c008fc0 00e42023 sw               x14, 0(x8)          x14:000001da  x8:1c001324  PA:1c001324
18940450ns          337392 1c008fc2 1c000737 lui              x14, 0x1c000000     x14=1c000000
18940470ns          337393 1c008fc6 320b8313 addi             x6, x23, 800         x6=1c001320 x23:1c001000
18940490ns          337394 1c008fca 00f006b3 add              x13, x0, x15        x13=1c001304 x15:1c001304
18940509ns          337395 1c008fcc 01900633 add              x12, x0, x25        x12=1c001304 x25:1c001304
18940529ns          337396 1c008fce 57870593 addi             x11, x14, 1400      x11=1c000578 x14:1c000000
18940549ns          337397 1c008fd2 7d4b0513 addi             x10, x22, 2004      x10=1c0007d4 x22:1c000000
18940569ns          337398 1c008fd6 01978963 beq              x15, x25, 18        x15:1c001304 x25:1c001304
18940629ns          337401 1c008fe8 01400793 addi             x15, x0, 20         x15=00000014
18940649ns          337402 1c008fea 008d0d13 addi             x26, x26, 8         x26=1c001268 x26:1c001260
18940669ns          337403 1c008fec 008c0c13 addi             x24, x24, 8         x24=1c00126c x24:1c001264
18940688ns          337404 1c008fee 008a8a93 addi             x21, x21, 8         x21=1c001308 x21:1c001300
18940708ns          337405 1c008ff0 f6fd91e3 bne              x27, x15, -158      x27:0000000e x15:00000014
18940788ns          337409 1c008f52 002d9613 slli             x12, x27, 0x2       x12=00000038 x27:0000000e
18940808ns          337410 1c008f56 00960633 add              x12, x12, x9        x12=1c001308 x12:00000038  x9:1c0012d0
18940828ns          337411 1c008f58 00062023 sw               x0, 0(x12)          x12:1c001308  PA:1c001308
18941146ns          337427 1c008f5c 000d2703 lw               x14, 0(x26)         x14=e5751375 x26:1c001268  PA:1c001268
18941444ns          337442 1c008f60 000c2783 lw               x15, 0(x24)         x15=9db7a851 x24:1c00126c  PA:1c00126c
18941763ns          337458 1c008f64 01500cb3 add              x25, x0, x21        x25=1c001308 x21:1c001308
18941782ns          337459 1c008f66 00ec912b p.sh             x14, 2(x25!)        x25=1c00130a x14:e5751375 x25:1c001308  PA:1c001308
18942121ns          337476 1c008f6a 00fc912b p.sh             x15, 2(x25!)        x25=1c00130c x15:9db7a851 x25:1c00130a  PA:1c00130a
18942439ns          337492 1c008f6e 00ed2023 sw               x14, 0(x26)         x14:e5751375 x26:1c001268  PA:1c001268
18942757ns          337508 1c008f72 00fc2023 sw               x15, 0(x24)         x15:9db7a851 x24:1c00126c  PA:1c00126c
18943095ns          337525 1c008f76 00042703 lw               x14, 0(x8)          x14=000001da  x8:1c001324  PA:1c001324
18943394ns          337540 1c008f78 000d2683 lw               x13, 0(x26)         x13=e5751375 x26:1c001268  PA:1c001268
18943692ns          337555 1c008f7c 00010837 lui              x16, 0x10000        x16=00010000
18943712ns          337556 1c008f7e fff80813 addi             x16, x16, -1        x16=0000ffff x16:00010000
18943732ns          337557 1c008f80 0106f6b3 and              x13, x13, x16       x13=00001375 x13:e5751375 x16:0000ffff
18943752ns          337558 1c008f84 00062303 lw               x6, 0(x12)           x6=a8511375 x12:1c001308  PA:1c001308
18944050ns          337573 1c008f88 00170713 addi             x14, x14, 1         x14=000001db x14:000001da
18944070ns          337574 1c008f8a 01079793 slli             x15, x15, 0x10      x15=a8510000 x15:9db7a851
18944090ns          337575 1c008f8c 1c000537 lui              x10, 0x1c000000     x10=1c000000
18944110ns          337576 1c008f90 00d7e7b3 or               x15, x15, x13       x15=a8511375 x15:a8510000 x13:00001375
18944130ns          337577 1c008f92 00e42023 sw               x14, 0(x8)          x14:000001db  x8:1c001324  PA:1c001324
18944448ns          337593 1c008f94 59050593 addi             x11, x10, 1424      x11=1c000590 x10:1c000000
18944468ns          337594 1c008f98 320b8f13 addi             x30, x23, 800       x30=1c001320 x23:1c001000
18944488ns          337595 1c008f9c 00600633 add              x12, x0, x6         x12=a8511375  x6:a8511375
18944507ns          337596 1c008f9e 7d4b0513 addi             x10, x22, 2004      x10=1c0007d4 x22:1c000000
18944527ns          337597 1c008fa2 00f006b3 add              x13, x0, x15        x13=a8511375 x15:a8511375
18944547ns          337598 1c008fa4 002d8d93 addi             x27, x27, 2         x27=00000010 x27:0000000e
18944567ns          337599 1c008fa6 00f30a63 beq              x6, x15, 20          x6:a8511375 x15:a8511375
18944627ns          337602 1c008fba 00170713 addi             x14, x14, 1         x14=000001dc x14:000001db
18944647ns          337603 1c008fbc 004a8793 addi             x15, x21, 4         x15=1c00130c x21:1c001308
18944667ns          337604 1c008fc0 00e42023 sw               x14, 0(x8)          x14:000001dc  x8:1c001324  PA:1c001324
18944985ns          337620 1c008fc2 1c000737 lui              x14, 0x1c000000     x14=1c000000
18945005ns          337621 1c008fc6 320b8313 addi             x6, x23, 800         x6=1c001320 x23:1c001000
18945025ns          337622 1c008fca 00f006b3 add              x13, x0, x15        x13=1c00130c x15:1c00130c
18945045ns          337623 1c008fcc 01900633 add              x12, x0, x25        x12=1c00130c x25:1c00130c
18945064ns          337624 1c008fce 57870593 addi             x11, x14, 1400      x11=1c000578 x14:1c000000
18945084ns          337625 1c008fd2 7d4b0513 addi             x10, x22, 2004      x10=1c0007d4 x22:1c000000
18945104ns          337626 1c008fd6 01978963 beq              x15, x25, 18        x15:1c00130c x25:1c00130c
18945164ns          337629 1c008fe8 01400793 addi             x15, x0, 20         x15=00000014
18945184ns          337630 1c008fea 008d0d13 addi             x26, x26, 8         x26=1c001270 x26:1c001268
18945204ns          337631 1c008fec 008c0c13 addi             x24, x24, 8         x24=1c001274 x24:1c00126c
18945224ns          337632 1c008fee 008a8a93 addi             x21, x21, 8         x21=1c001310 x21:1c001308
18945243ns          337633 1c008ff0 f6fd91e3 bne              x27, x15, -158      x27:00000010 x15:00000014
18945323ns          337637 1c008f52 002d9613 slli             x12, x27, 0x2       x12=00000040 x27:00000010
18945343ns          337638 1c008f56 00960633 add              x12, x12, x9        x12=1c001310 x12:00000040  x9:1c0012d0
18945363ns          337639 1c008f58 00062023 sw               x0, 0(x12)          x12:1c001310  PA:1c001310
18945701ns          337656 1c008f5c 000d2703 lw               x14, 0(x26)         x14=30fa933b x26:1c001270  PA:1c001270
18945999ns          337671 1c008f60 000c2783 lw               x15, 0(x24)         x15=5b921175 x24:1c001274  PA:1c001274
18946298ns          337686 1c008f64 01500cb3 add              x25, x0, x21        x25=1c001310 x21:1c001310
18946318ns          337687 1c008f66 00ec912b p.sh             x14, 2(x25!)        x25=1c001312 x14:30fa933b x25:1c001310  PA:1c001310
18946656ns          337704 1c008f6a 00fc912b p.sh             x15, 2(x25!)        x25=1c001314 x15:5b921175 x25:1c001312  PA:1c001312
18946994ns          337721 1c008f6e 00ed2023 sw               x14, 0(x26)         x14:30fa933b x26:1c001270  PA:1c001270
18947312ns          337737 1c008f72 00fc2023 sw               x15, 0(x24)         x15:5b921175 x24:1c001274  PA:1c001274
18947630ns          337753 1c008f76 00042703 lw               x14, 0(x8)          x14=000001dc  x8:1c001324  PA:1c001324
18947929ns          337768 1c008f78 000d2683 lw               x13, 0(x26)         x13=30fa933b x26:1c001270  PA:1c001270
18948227ns          337783 1c008f7c 00010837 lui              x16, 0x10000        x16=00010000
18948247ns          337784 1c008f7e fff80813 addi             x16, x16, -1        x16=0000ffff x16:00010000
18948267ns          337785 1c008f80 0106f6b3 and              x13, x13, x16       x13=0000933b x13:30fa933b x16:0000ffff
18948287ns          337786 1c008f84 00062303 lw               x6, 0(x12)           x6=1175933b x12:1c001310  PA:1c001310
18948585ns          337801 1c008f88 00170713 addi             x14, x14, 1         x14=000001dd x14:000001dc
18948605ns          337802 1c008f8a 01079793 slli             x15, x15, 0x10      x15=11750000 x15:5b921175
18948625ns          337803 1c008f8c 1c000537 lui              x10, 0x1c000000     x10=1c000000
18948645ns          337804 1c008f90 00d7e7b3 or               x15, x15, x13       x15=1175933b x15:11750000 x13:0000933b
18948665ns          337805 1c008f92 00e42023 sw               x14, 0(x8)          x14:000001dd  x8:1c001324  PA:1c001324
18948983ns          337821 1c008f94 59050593 addi             x11, x10, 1424      x11=1c000590 x10:1c000000
18949003ns          337822 1c008f98 320b8f13 addi             x30, x23, 800       x30=1c001320 x23:1c001000
18949023ns          337823 1c008f9c 00600633 add              x12, x0, x6         x12=1175933b  x6:1175933b
18949043ns          337824 1c008f9e 7d4b0513 addi             x10, x22, 2004      x10=1c0007d4 x22:1c000000
18949062ns          337825 1c008fa2 00f006b3 add              x13, x0, x15        x13=1175933b x15:1175933b
18949082ns          337826 1c008fa4 002d8d93 addi             x27, x27, 2         x27=00000012 x27:00000010
18949102ns          337827 1c008fa6 00f30a63 beq              x6, x15, 20          x6:1175933b x15:1175933b
18949162ns          337830 1c008fba 00170713 addi             x14, x14, 1         x14=000001de x14:000001dd
18949182ns          337831 1c008fbc 004a8793 addi             x15, x21, 4         x15=1c001314 x21:1c001310
18949202ns          337832 1c008fc0 00e42023 sw               x14, 0(x8)          x14:000001de  x8:1c001324  PA:1c001324
18949520ns          337848 1c008fc2 1c000737 lui              x14, 0x1c000000     x14=1c000000
18949540ns          337849 1c008fc6 320b8313 addi             x6, x23, 800         x6=1c001320 x23:1c001000
18949560ns          337850 1c008fca 00f006b3 add              x13, x0, x15        x13=1c001314 x15:1c001314
18949580ns          337851 1c008fcc 01900633 add              x12, x0, x25        x12=1c001314 x25:1c001314
18949600ns          337852 1c008fce 57870593 addi             x11, x14, 1400      x11=1c000578 x14:1c000000
18949619ns          337853 1c008fd2 7d4b0513 addi             x10, x22, 2004      x10=1c0007d4 x22:1c000000
18949639ns          337854 1c008fd6 01978963 beq              x15, x25, 18        x15:1c001314 x25:1c001314
18949699ns          337857 1c008fe8 01400793 addi             x15, x0, 20         x15=00000014
18949719ns          337858 1c008fea 008d0d13 addi             x26, x26, 8         x26=1c001278 x26:1c001270
18949739ns          337859 1c008fec 008c0c13 addi             x24, x24, 8         x24=1c00127c x24:1c001274
18949759ns          337860 1c008fee 008a8a93 addi             x21, x21, 8         x21=1c001318 x21:1c001310
18949779ns          337861 1c008ff0 f6fd91e3 bne              x27, x15, -158      x27:00000012 x15:00000014
18949858ns          337865 1c008f52 002d9613 slli             x12, x27, 0x2       x12=00000048 x27:00000012
18949878ns          337866 1c008f56 00960633 add              x12, x12, x9        x12=1c001318 x12:00000048  x9:1c0012d0
18949898ns          337867 1c008f58 00062023 sw               x0, 0(x12)          x12:1c001318  PA:1c001318
18950216ns          337883 1c008f5c 000d2703 lw               x14, 0(x26)         x14=17204d1d x26:1c001278  PA:1c001278
18950514ns          337898 1c008f60 000c2783 lw               x15, 0(x24)         x15=f3fcd381 x24:1c00127c  PA:1c00127c
18950813ns          337913 1c008f64 01500cb3 add              x25, x0, x21        x25=1c001318 x21:1c001318
18950833ns          337914 1c008f66 00ec912b p.sh             x14, 2(x25!)        x25=1c00131a x14:17204d1d x25:1c001318  PA:1c001318
18951151ns          337930 1c008f6a 00fc912b p.sh             x15, 2(x25!)        x25=1c00131c x15:f3fcd381 x25:1c00131a  PA:1c00131a
18951469ns          337946 1c008f6e 00ed2023 sw               x14, 0(x26)         x14:17204d1d x26:1c001278  PA:1c001278
18951807ns          337963 1c008f72 00fc2023 sw               x15, 0(x24)         x15:f3fcd381 x24:1c00127c  PA:1c00127c
18952126ns          337979 1c008f76 00042703 lw               x14, 0(x8)          x14=000001de  x8:1c001324  PA:1c001324
18952424ns          337994 1c008f78 000d2683 lw               x13, 0(x26)         x13=17204d1d x26:1c001278  PA:1c001278
18952722ns          338009 1c008f7c 00010837 lui              x16, 0x10000        x16=00010000
18952742ns          338010 1c008f7e fff80813 addi             x16, x16, -1        x16=0000ffff x16:00010000
18952762ns          338011 1c008f80 0106f6b3 and              x13, x13, x16       x13=00004d1d x13:17204d1d x16:0000ffff
18952782ns          338012 1c008f84 00062303 lw               x6, 0(x12)           x6=d3814d1d x12:1c001318  PA:1c001318
18953080ns          338027 1c008f88 00170713 addi             x14, x14, 1         x14=000001df x14:000001de
18953100ns          338028 1c008f8a 01079793 slli             x15, x15, 0x10      x15=d3810000 x15:f3fcd381
18953120ns          338029 1c008f8c 1c000537 lui              x10, 0x1c000000     x10=1c000000
18953140ns          338030 1c008f90 00d7e7b3 or               x15, x15, x13       x15=d3814d1d x15:d3810000 x13:00004d1d
18953160ns          338031 1c008f92 00e42023 sw               x14, 0(x8)          x14:000001df  x8:1c001324  PA:1c001324
18953478ns          338047 1c008f94 59050593 addi             x11, x10, 1424      x11=1c000590 x10:1c000000
18953498ns          338048 1c008f98 320b8f13 addi             x30, x23, 800       x30=1c001320 x23:1c001000
18953518ns          338049 1c008f9c 00600633 add              x12, x0, x6         x12=d3814d1d  x6:d3814d1d
18953538ns          338050 1c008f9e 7d4b0513 addi             x10, x22, 2004      x10=1c0007d4 x22:1c000000
18953558ns          338051 1c008fa2 00f006b3 add              x13, x0, x15        x13=d3814d1d x15:d3814d1d
18953578ns          338052 1c008fa4 002d8d93 addi             x27, x27, 2         x27=00000014 x27:00000012
18953598ns          338053 1c008fa6 00f30a63 beq              x6, x15, 20          x6:d3814d1d x15:d3814d1d
18953657ns          338056 1c008fba 00170713 addi             x14, x14, 1         x14=000001e0 x14:000001df
18953677ns          338057 1c008fbc 004a8793 addi             x15, x21, 4         x15=1c00131c x21:1c001318
18953697ns          338058 1c008fc0 00e42023 sw               x14, 0(x8)          x14:000001e0  x8:1c001324  PA:1c001324
18954035ns          338075 1c008fc2 1c000737 lui              x14, 0x1c000000     x14=1c000000
18954055ns          338076 1c008fc6 320b8313 addi             x6, x23, 800         x6=1c001320 x23:1c001000
18954075ns          338077 1c008fca 00f006b3 add              x13, x0, x15        x13=1c00131c x15:1c00131c
18954095ns          338078 1c008fcc 01900633 add              x12, x0, x25        x12=1c00131c x25:1c00131c
18954115ns          338079 1c008fce 57870593 addi             x11, x14, 1400      x11=1c000578 x14:1c000000
18954135ns          338080 1c008fd2 7d4b0513 addi             x10, x22, 2004      x10=1c0007d4 x22:1c000000
18954154ns          338081 1c008fd6 01978963 beq              x15, x25, 18        x15:1c00131c x25:1c00131c
18954214ns          338084 1c008fe8 01400793 addi             x15, x0, 20         x15=00000014
18954234ns          338085 1c008fea 008d0d13 addi             x26, x26, 8         x26=1c001280 x26:1c001278
18954254ns          338086 1c008fec 008c0c13 addi             x24, x24, 8         x24=1c001284 x24:1c00127c
18954274ns          338087 1c008fee 008a8a93 addi             x21, x21, 8         x21=1c001320 x21:1c001318
18954294ns          338088 1c008ff0 f6fd91e3 bne              x27, x15, -158      x27:00000014 x15:00000014
18954314ns          338089 1c008ff4 01400c33 add              x24, x0, x20        x24=1c0012d0 x20:1c0012d0
18954334ns          338090 1c008ff6 01300bb3 add              x23, x0, x19        x23=1c001234 x19:1c001234
18954353ns          338091 1c008ff8 01200db3 add              x27, x0, x18        x27=1c001230 x18:1c001230
18954373ns          338092 1c008ffa 00000d13 addi             x26, x0, 0          x26=00000000
18954393ns          338093 1c008ffc 1c001b37 lui              x22, 0x1c001000     x22=1c001000
18954413ns          338094 1c009000 1c000ab7 lui              x21, 0x1c000000     x21=1c000000
18954433ns          338095 1c009004 002d1693 slli             x13, x26, 0x2       x13=00000000 x26:00000000
18954453ns          338096 1c009008 001d0713 addi             x14, x26, 1         x14=00000001 x26:00000000
18954473ns          338097 1c00900c 009686b3 add              x13, x13, x9        x13=1c0012d0 x13:00000000  x9:1c0012d0
18954890ns          338118 1c00900e 00271e93 slli             x29, x14, 0x2       x29=00000004 x14:00000001
18954930ns          338120 1c009012 0006a023 sw               x0, 0(x13)          x13:1c0012d0  PA:1c0012d0
18955268ns          338137 1c009016 000da783 lw               x15, 0(x27)         x15=79f3fbe0 x27:1c001230  PA:1c001230
18955567ns          338152 1c00901a 000ba703 lw               x14, 0(x23)         x14=989d0153 x23:1c001234  PA:1c001234
18955865ns          338167 1c00901e 0004eea3 p.sw             x0, x0(x9)           x9:1c0012d0  PA:1c0012d4
18956203ns          338184 1c009022 01800cb3 add              x25, x0, x24        x25=1c0012d0 x24:1c0012d0
18956223ns          338185 1c009024 00fc822b p.sb             x15, 4(x25!)        x25=1c0012d4 x15:79f3fbe0 x25:1c0012d0  PA:1c0012d0
18956541ns          338201 1c009028 00ec822b p.sb             x14, 4(x25!)        x25=1c0012d8 x14:989d0153 x25:1c0012d4  PA:1c0012d4
18956860ns          338217 1c00902c 00fda023 sw               x15, 0(x27)         x15:79f3fbe0 x27:1c001230  PA:1c001230
18957178ns          338233 1c009030 00042783 lw               x15, 0(x8)          x15=000001e0  x8:1c001324  PA:1c001324
18957476ns          338248 1c009032 00eba023 sw               x14, 0(x23)         x14:989d0153 x23:1c001234  PA:1c001234
18957795ns          338264 1c009036 0006af83 lw               x31, 0(x13)         x31=000000e0 x13:1c0012d0  PA:1c0012d0
18958093ns          338279 1c00903a 00178793 addi             x15, x15, 1         x15=000001e1 x15:000001e0
18958113ns          338280 1c00903c 000dc703 lbu              x14, 0(x27)         x14=000000e0 x27:1c001230  PA:1c001230
18958411ns          338295 1c009040 1c000837 lui              x16, 0x1c000000     x16=1c000000
18958431ns          338296 1c009044 00f42023 sw               x15, 0(x8)          x15:000001e1  x8:1c001324  PA:1c001324
18958749ns          338312 1c009046 320b0f13 addi             x30, x22, 800       x30=1c001320 x22:1c001000
18958769ns          338313 1c00904a 01f00633 add              x12, x0, x31        x12=000000e0 x31:000000e0
18958789ns          338314 1c00904c 00e006b3 add              x13, x0, x14        x13=000000e0 x14:000000e0
18958809ns          338315 1c00904e 5a480593 addi             x11, x16, 1444      x11=1c0005a4 x16:1c000000
18958829ns          338316 1c009052 7d4a8513 addi             x10, x21, 2004      x10=1c0007d4 x21:1c000000
18958849ns          338317 1c009056 008c0c13 addi             x24, x24, 8         x24=1c0012d8 x24:1c0012d0
18958869ns          338318 1c009058 002d0d13 addi             x26, x26, 2         x26=00000002 x26:00000000
18958888ns          338319 1c00905a 00ef8c63 beq              x31, x14, 24        x31:000000e0 x14:000000e0
18959803ns          338365 1c009072 21d4f703 lw               x14, x29(x9)        x14=00000053 x29:00000004  x9:1c0012d0  PA:1c0012d4
18960102ns          338380 1c009076 00178793 addi             x15, x15, 1         x15=000001e2 x15:000001e1
18960122ns          338381 1c009078 000bce83 lbu              x29, 0(x23)         x29=00000053 x23:1c001234  PA:1c001234
18960420ns          338396 1c00907c 1c000537 lui              x10, 0x1c000000     x10=1c000000
18960440ns          338397 1c009080 00f42023 sw               x15, 0(x8)          x15:000001e2  x8:1c001324  PA:1c001324
18960758ns          338413 1c009082 5c450593 addi             x11, x10, 1476      x11=1c0005c4 x10:1c000000
18960778ns          338414 1c009086 320b0f13 addi             x30, x22, 800       x30=1c001320 x22:1c001000
18960798ns          338415 1c00908a 00e00633 add              x12, x0, x14        x12=00000053 x14:00000053
18960818ns          338416 1c00908c 01d006b3 add              x13, x0, x29        x13=00000053 x29:00000053
18961236ns          338437 1c00908e 7d4a8513 addi             x10, x21, 2004      x10=1c0007d4 x21:1c000000
18961275ns          338439 1c009092 01d70a63 beq              x14, x29, 20        x14:00000053 x29:00000053
18961773ns          338464 1c0090a6 00178793 addi             x15, x15, 1         x15=000001e3 x15:000001e2
18961812ns          338466 1c0090a8 00f42023 sw               x15, 0(x8)          x15:000001e3  x8:1c001324  PA:1c001324
18962131ns          338482 1c0090aa 1c0007b7 lui              x15, 0x1c000000     x15=1c000000
18962270ns          338489 1c0090ae 320b0713 addi             x14, x22, 800       x14=1c001320 x22:1c001000
18962290ns          338490 1c0090b2 018006b3 add              x13, x0, x24        x13=1c0012d8 x24:1c0012d8
18962310ns          338491 1c0090b4 01900633 add              x12, x0, x25        x12=1c0012d8 x25:1c0012d8
18962330ns          338492 1c0090b6 5e478593 addi             x11, x15, 1508      x11=1c0005e4 x15:1c000000
18962349ns          338493 1c0090ba 7d4a8513 addi             x10, x21, 2004      x10=1c0007d4 x21:1c000000
18962787ns          338515 1c0090be 018c8763 beq              x25, x24, 14        x25:1c0012d8 x24:1c0012d8
18962847ns          338518 1c0090cc 01400813 addi             x16, x0, 20         x16=00000014
18962867ns          338519 1c0090ce 008d8d93 addi             x27, x27, 8         x27=1c001238 x27:1c001230
18963284ns          338540 1c0090d0 008b8b93 addi             x23, x23, 8         x23=1c00123c x23:1c001234
18963324ns          338542 1c0090d2 f30d19e3 bne              x26, x16, -206      x26:00000002 x16:00000014
18963424ns          338547 1c009004 002d1693 slli             x13, x26, 0x2       x13=00000008 x26:00000002
18963463ns          338549 1c009008 001d0713 addi             x14, x26, 1         x14=00000003 x26:00000002
18963483ns          338550 1c00900c 009686b3 add              x13, x13, x9        x13=1c0012d8 x13:00000008  x9:1c0012d0
18963543ns          338553 1c00900e 00271e93 slli             x29, x14, 0x2       x29=0000000c x14:00000003
18963583ns          338555 1c009012 0006a023 sw               x0, 0(x13)          x13:1c0012d8  PA:1c0012d8
18963901ns          338571 1c009016 000da783 lw               x15, 0(x27)         x15=81779f06 x27:1c001238  PA:1c001238
18964199ns          338586 1c00901a 000ba703 lw               x14, 0(x23)         x14=6633c31f x23:1c00123c  PA:1c00123c
18964498ns          338601 1c00901e 0004eea3 p.sw             x0, x0(x9)           x9:1c0012d0  PA:1c0012dc
18964816ns          338617 1c009022 01800cb3 add              x25, x0, x24        x25=1c0012d8 x24:1c0012d8
18964836ns          338618 1c009024 00fc822b p.sb             x15, 4(x25!)        x25=1c0012dc x15:81779f06 x25:1c0012d8  PA:1c0012d8
18965154ns          338634 1c009028 00ec822b p.sb             x14, 4(x25!)        x25=1c0012e0 x14:6633c31f x25:1c0012dc  PA:1c0012dc
18965472ns          338650 1c00902c 00fda023 sw               x15, 0(x27)         x15:81779f06 x27:1c001238  PA:1c001238
18965791ns          338666 1c009030 00042783 lw               x15, 0(x8)          x15=000001e3  x8:1c001324  PA:1c001324
18966089ns          338681 1c009032 00eba023 sw               x14, 0(x23)         x14:6633c31f x23:1c00123c  PA:1c00123c
18966407ns          338697 1c009036 0006af83 lw               x31, 0(x13)         x31=00000006 x13:1c0012d8  PA:1c0012d8
18966706ns          338712 1c00903a 00178793 addi             x15, x15, 1         x15=000001e4 x15:000001e3
18966725ns          338713 1c00903c 000dc703 lbu              x14, 0(x27)         x14=00000006 x27:1c001238  PA:1c001238
18967044ns          338729 1c009040 1c000837 lui              x16, 0x1c000000     x16=1c000000
18967064ns          338730 1c009044 00f42023 sw               x15, 0(x8)          x15:000001e4  x8:1c001324  PA:1c001324
18967382ns          338746 1c009046 320b0f13 addi             x30, x22, 800       x30=1c001320 x22:1c001000
18967402ns          338747 1c00904a 01f00633 add              x12, x0, x31        x12=00000006 x31:00000006
18967422ns          338748 1c00904c 00e006b3 add              x13, x0, x14        x13=00000006 x14:00000006
18967442ns          338749 1c00904e 5a480593 addi             x11, x16, 1444      x11=1c0005a4 x16:1c000000
18967461ns          338750 1c009052 7d4a8513 addi             x10, x21, 2004      x10=1c0007d4 x21:1c000000
18967481ns          338751 1c009056 008c0c13 addi             x24, x24, 8         x24=1c0012e0 x24:1c0012d8
18967501ns          338752 1c009058 002d0d13 addi             x26, x26, 2         x26=00000004 x26:00000002
18967521ns          338753 1c00905a 00ef8c63 beq              x31, x14, 24        x31:00000006 x14:00000006
18967601ns          338757 1c009072 21d4f703 lw               x14, x29(x9)        x14=0000001f x29:0000000c  x9:1c0012d0  PA:1c0012dc
18967899ns          338772 1c009076 00178793 addi             x15, x15, 1         x15=000001e5 x15:000001e4
18967919ns          338773 1c009078 000bce83 lbu              x29, 0(x23)         x29=0000001f x23:1c00123c  PA:1c00123c
18968217ns          338788 1c00907c 1c000537 lui              x10, 0x1c000000     x10=1c000000
18968237ns          338789 1c009080 00f42023 sw               x15, 0(x8)          x15:000001e5  x8:1c001324  PA:1c001324
18968555ns          338805 1c009082 5c450593 addi             x11, x10, 1476      x11=1c0005c4 x10:1c000000
18968575ns          338806 1c009086 320b0f13 addi             x30, x22, 800       x30=1c001320 x22:1c001000
18968595ns          338807 1c00908a 00e00633 add              x12, x0, x14        x12=0000001f x14:0000001f
18968615ns          338808 1c00908c 01d006b3 add              x13, x0, x29        x13=0000001f x29:0000001f
18968635ns          338809 1c00908e 7d4a8513 addi             x10, x21, 2004      x10=1c0007d4 x21:1c000000
18968655ns          338810 1c009092 01d70a63 beq              x14, x29, 20        x14:0000001f x29:0000001f
18968715ns          338813 1c0090a6 00178793 addi             x15, x15, 1         x15=000001e6 x15:000001e5
18968734ns          338814 1c0090a8 00f42023 sw               x15, 0(x8)          x15:000001e6  x8:1c001324  PA:1c001324
18969053ns          338830 1c0090aa 1c0007b7 lui              x15, 0x1c000000     x15=1c000000
18969073ns          338831 1c0090ae 320b0713 addi             x14, x22, 800       x14=1c001320 x22:1c001000
18969092ns          338832 1c0090b2 018006b3 add              x13, x0, x24        x13=1c0012e0 x24:1c0012e0
18969112ns          338833 1c0090b4 01900633 add              x12, x0, x25        x12=1c0012e0 x25:1c0012e0
18969132ns          338834 1c0090b6 5e478593 addi             x11, x15, 1508      x11=1c0005e4 x15:1c000000
18969152ns          338835 1c0090ba 7d4a8513 addi             x10, x21, 2004      x10=1c0007d4 x21:1c000000
18969172ns          338836 1c0090be 018c8763 beq              x25, x24, 14        x25:1c0012e0 x24:1c0012e0
18969232ns          338839 1c0090cc 01400813 addi             x16, x0, 20         x16=00000014
18969252ns          338840 1c0090ce 008d8d93 addi             x27, x27, 8         x27=1c001240 x27:1c001238
18969271ns          338841 1c0090d0 008b8b93 addi             x23, x23, 8         x23=1c001244 x23:1c00123c
18969291ns          338842 1c0090d2 f30d19e3 bne              x26, x16, -206      x26:00000004 x16:00000014
18969809ns          338868 1c009004 002d1693 slli             x13, x26, 0x2       x13=00000010 x26:00000004
18969828ns          338869 1c009008 001d0713 addi             x14, x26, 1         x14=00000005 x26:00000004
18969848ns          338870 1c00900c 009686b3 add              x13, x13, x9        x13=1c0012e0 x13:00000010  x9:1c0012d0
18969868ns          338871 1c00900e 00271e93 slli             x29, x14, 0x2       x29=00000014 x14:00000005
18969888ns          338872 1c009012 0006a023 sw               x0, 0(x13)          x13:1c0012e0  PA:1c0012e0
18970226ns          338889 1c009016 000da783 lw               x15, 0(x27)         x15=38ac533d x27:1c001240  PA:1c001240
18970525ns          338904 1c00901a 000ba703 lw               x14, 0(x23)         x14=1ff02242 x23:1c001244  PA:1c001244
18970823ns          338919 1c00901e 0004eea3 p.sw             x0, x0(x9)           x9:1c0012d0  PA:1c0012e4
18971141ns          338935 1c009022 01800cb3 add              x25, x0, x24        x25=1c0012e0 x24:1c0012e0
18971161ns          338936 1c009024 00fc822b p.sb             x15, 4(x25!)        x25=1c0012e4 x15:38ac533d x25:1c0012e0  PA:1c0012e0
18971479ns          338952 1c009028 00ec822b p.sb             x14, 4(x25!)        x25=1c0012e8 x14:1ff02242 x25:1c0012e4  PA:1c0012e4
18971798ns          338968 1c00902c 00fda023 sw               x15, 0(x27)         x15:38ac533d x27:1c001240  PA:1c001240
18972136ns          338985 1c009030 00042783 lw               x15, 0(x8)          x15=000001e6  x8:1c001324  PA:1c001324
18972454ns          339001 1c009032 00eba023 sw               x14, 0(x23)         x14:1ff02242 x23:1c001244  PA:1c001244
18972772ns          339017 1c009036 0006af83 lw               x31, 0(x13)         x31=0000003d x13:1c0012e0  PA:1c0012e0
18973071ns          339032 1c00903a 00178793 addi             x15, x15, 1         x15=000001e7 x15:000001e6
18973090ns          339033 1c00903c 000dc703 lbu              x14, 0(x27)         x14=0000003d x27:1c001240  PA:1c001240
18973389ns          339048 1c009040 1c000837 lui              x16, 0x1c000000     x16=1c000000
18973409ns          339049 1c009044 00f42023 sw               x15, 0(x8)          x15:000001e7  x8:1c001324  PA:1c001324
18973727ns          339065 1c009046 320b0f13 addi             x30, x22, 800       x30=1c001320 x22:1c001000
18973747ns          339066 1c00904a 01f00633 add              x12, x0, x31        x12=0000003d x31:0000003d
18973767ns          339067 1c00904c 00e006b3 add              x13, x0, x14        x13=0000003d x14:0000003d
18973787ns          339068 1c00904e 5a480593 addi             x11, x16, 1444      x11=1c0005a4 x16:1c000000
18973807ns          339069 1c009052 7d4a8513 addi             x10, x21, 2004      x10=1c0007d4 x21:1c000000
18973826ns          339070 1c009056 008c0c13 addi             x24, x24, 8         x24=1c0012e8 x24:1c0012e0
18973846ns          339071 1c009058 002d0d13 addi             x26, x26, 2         x26=00000006 x26:00000004
18973866ns          339072 1c00905a 00ef8c63 beq              x31, x14, 24        x31:0000003d x14:0000003d
18973946ns          339076 1c009072 21d4f703 lw               x14, x29(x9)        x14=00000042 x29:00000014  x9:1c0012d0  PA:1c0012e4
18974264ns          339092 1c009076 00178793 addi             x15, x15, 1         x15=000001e8 x15:000001e7
18974284ns          339093 1c009078 000bce83 lbu              x29, 0(x23)         x29=00000042 x23:1c001244  PA:1c001244
18974582ns          339108 1c00907c 1c000537 lui              x10, 0x1c000000     x10=1c000000
18974602ns          339109 1c009080 00f42023 sw               x15, 0(x8)          x15:000001e8  x8:1c001324  PA:1c001324
18974940ns          339126 1c009082 5c450593 addi             x11, x10, 1476      x11=1c0005c4 x10:1c000000
18974960ns          339127 1c009086 320b0f13 addi             x30, x22, 800       x30=1c001320 x22:1c001000
18974980ns          339128 1c00908a 00e00633 add              x12, x0, x14        x12=00000042 x14:00000042
18975000ns          339129 1c00908c 01d006b3 add              x13, x0, x29        x13=00000042 x29:00000042
18975020ns          339130 1c00908e 7d4a8513 addi             x10, x21, 2004      x10=1c0007d4 x21:1c000000
18975040ns          339131 1c009092 01d70a63 beq              x14, x29, 20        x14:00000042 x29:00000042
18975099ns          339134 1c0090a6 00178793 addi             x15, x15, 1         x15=000001e9 x15:000001e8
18975119ns          339135 1c0090a8 00f42023 sw               x15, 0(x8)          x15:000001e9  x8:1c001324  PA:1c001324
18975438ns          339151 1c0090aa 1c0007b7 lui              x15, 0x1c000000     x15=1c000000
18975457ns          339152 1c0090ae 320b0713 addi             x14, x22, 800       x14=1c001320 x22:1c001000
18975477ns          339153 1c0090b2 018006b3 add              x13, x0, x24        x13=1c0012e8 x24:1c0012e8
18975497ns          339154 1c0090b4 01900633 add              x12, x0, x25        x12=1c0012e8 x25:1c0012e8
18975517ns          339155 1c0090b6 5e478593 addi             x11, x15, 1508      x11=1c0005e4 x15:1c000000
18975537ns          339156 1c0090ba 7d4a8513 addi             x10, x21, 2004      x10=1c0007d4 x21:1c000000
18975557ns          339157 1c0090be 018c8763 beq              x25, x24, 14        x25:1c0012e8 x24:1c0012e8
18975617ns          339160 1c0090cc 01400813 addi             x16, x0, 20         x16=00000014
18975637ns          339161 1c0090ce 008d8d93 addi             x27, x27, 8         x27=1c001248 x27:1c001240
18975656ns          339162 1c0090d0 008b8b93 addi             x23, x23, 8         x23=1c00124c x23:1c001244
18975676ns          339163 1c0090d2 f30d19e3 bne              x26, x16, -206      x26:00000006 x16:00000014
18975736ns          339166 1c009004 002d1693 slli             x13, x26, 0x2       x13=00000018 x26:00000006
18975756ns          339167 1c009008 001d0713 addi             x14, x26, 1         x14=00000007 x26:00000006
18975776ns          339168 1c00900c 009686b3 add              x13, x13, x9        x13=1c0012e8 x13:00000018  x9:1c0012d0
18975796ns          339169 1c00900e 00271e93 slli             x29, x14, 0x2       x29=0000001c x14:00000007
18975816ns          339170 1c009012 0006a023 sw               x0, 0(x13)          x13:1c0012e8  PA:1c0012e8
18976134ns          339186 1c009016 000da783 lw               x15, 0(x27)         x15=95208b80 x27:1c001248  PA:1c001248
18976432ns          339201 1c00901a 000ba703 lw               x14, 0(x23)         x14=86d85335 x23:1c00124c  PA:1c00124c
18976730ns          339216 1c00901e 0004eea3 p.sw             x0, x0(x9)           x9:1c0012d0  PA:1c0012ec
18977049ns          339232 1c009022 01800cb3 add              x25, x0, x24        x25=1c0012e8 x24:1c0012e8
18977069ns          339233 1c009024 00fc822b p.sb             x15, 4(x25!)        x25=1c0012ec x15:95208b80 x25:1c0012e8  PA:1c0012e8
18977387ns          339249 1c009028 00ec822b p.sb             x14, 4(x25!)        x25=1c0012f0 x14:86d85335 x25:1c0012ec  PA:1c0012ec
18977725ns          339266 1c00902c 00fda023 sw               x15, 0(x27)         x15:95208b80 x27:1c001248  PA:1c001248
18978043ns          339282 1c009030 00042783 lw               x15, 0(x8)          x15=000001e9  x8:1c001324  PA:1c001324
18978342ns          339297 1c009032 00eba023 sw               x14, 0(x23)         x14:86d85335 x23:1c00124c  PA:1c00124c
18978660ns          339313 1c009036 0006af83 lw               x31, 0(x13)         x31=00000080 x13:1c0012e8  PA:1c0012e8
18978978ns          339329 1c00903a 00178793 addi             x15, x15, 1         x15=000001ea x15:000001e9
18978998ns          339330 1c00903c 000dc703 lbu              x14, 0(x27)         x14=00000080 x27:1c001248  PA:1c001248
18979316ns          339346 1c009040 1c000837 lui              x16, 0x1c000000     x16=1c000000
18979336ns          339347 1c009044 00f42023 sw               x15, 0(x8)          x15:000001ea  x8:1c001324  PA:1c001324
18979654ns          339363 1c009046 320b0f13 addi             x30, x22, 800       x30=1c001320 x22:1c001000
18979674ns          339364 1c00904a 01f00633 add              x12, x0, x31        x12=00000080 x31:00000080
18979694ns          339365 1c00904c 00e006b3 add              x13, x0, x14        x13=00000080 x14:00000080
18979714ns          339366 1c00904e 5a480593 addi             x11, x16, 1444      x11=1c0005a4 x16:1c000000
18979734ns          339367 1c009052 7d4a8513 addi             x10, x21, 2004      x10=1c0007d4 x21:1c000000
18979754ns          339368 1c009056 008c0c13 addi             x24, x24, 8         x24=1c0012f0 x24:1c0012e8
18979774ns          339369 1c009058 002d0d13 addi             x26, x26, 2         x26=00000008 x26:00000006
18979794ns          339370 1c00905a 00ef8c63 beq              x31, x14, 24        x31:00000080 x14:00000080
18979873ns          339374 1c009072 21d4f703 lw               x14, x29(x9)        x14=00000035 x29:0000001c  x9:1c0012d0  PA:1c0012ec
18980172ns          339389 1c009076 00178793 addi             x15, x15, 1         x15=000001eb x15:000001ea
18980191ns          339390 1c009078 000bce83 lbu              x29, 0(x23)         x29=00000035 x23:1c00124c  PA:1c00124c
18980490ns          339405 1c00907c 1c000537 lui              x10, 0x1c000000     x10=1c000000
18980510ns          339406 1c009080 00f42023 sw               x15, 0(x8)          x15:000001eb  x8:1c001324  PA:1c001324
18980828ns          339422 1c009082 5c450593 addi             x11, x10, 1476      x11=1c0005c4 x10:1c000000
18980848ns          339423 1c009086 320b0f13 addi             x30, x22, 800       x30=1c001320 x22:1c001000
18980868ns          339424 1c00908a 00e00633 add              x12, x0, x14        x12=00000035 x14:00000035
18980888ns          339425 1c00908c 01d006b3 add              x13, x0, x29        x13=00000035 x29:00000035
18980908ns          339426 1c00908e 7d4a8513 addi             x10, x21, 2004      x10=1c0007d4 x21:1c000000
18980927ns          339427 1c009092 01d70a63 beq              x14, x29, 20        x14:00000035 x29:00000035
18980987ns          339430 1c0090a6 00178793 addi             x15, x15, 1         x15=000001ec x15:000001eb
18981007ns          339431 1c0090a8 00f42023 sw               x15, 0(x8)          x15:000001ec  x8:1c001324  PA:1c001324
18981325ns          339447 1c0090aa 1c0007b7 lui              x15, 0x1c000000     x15=1c000000
18981345ns          339448 1c0090ae 320b0713 addi             x14, x22, 800       x14=1c001320 x22:1c001000
18981365ns          339449 1c0090b2 018006b3 add              x13, x0, x24        x13=1c0012f0 x24:1c0012f0
18981385ns          339450 1c0090b4 01900633 add              x12, x0, x25        x12=1c0012f0 x25:1c0012f0
18981405ns          339451 1c0090b6 5e478593 addi             x11, x15, 1508      x11=1c0005e4 x15:1c000000
18981425ns          339452 1c0090ba 7d4a8513 addi             x10, x21, 2004      x10=1c0007d4 x21:1c000000
18981445ns          339453 1c0090be 018c8763 beq              x25, x24, 14        x25:1c0012f0 x24:1c0012f0
18981504ns          339456 1c0090cc 01400813 addi             x16, x0, 20         x16=00000014
18981524ns          339457 1c0090ce 008d8d93 addi             x27, x27, 8         x27=1c001250 x27:1c001248
18981544ns          339458 1c0090d0 008b8b93 addi             x23, x23, 8         x23=1c001254 x23:1c00124c
18981564ns          339459 1c0090d2 f30d19e3 bne              x26, x16, -206      x26:00000008 x16:00000014
18981624ns          339462 1c009004 002d1693 slli             x13, x26, 0x2       x13=00000020 x26:00000008
18981644ns          339463 1c009008 001d0713 addi             x14, x26, 1         x14=00000009 x26:00000008
18981663ns          339464 1c00900c 009686b3 add              x13, x13, x9        x13=1c0012f0 x13:00000020  x9:1c0012d0
18981683ns          339465 1c00900e 00271e93 slli             x29, x14, 0x2       x29=00000024 x14:00000009
18981703ns          339466 1c009012 0006a023 sw               x0, 0(x13)          x13:1c0012f0  PA:1c0012f0
18982041ns          339483 1c009016 000da783 lw               x15, 0(x27)         x15=0fb2823c x27:1c001250  PA:1c001250
18982340ns          339498 1c00901a 000ba703 lw               x14, 0(x23)         x14=efadfd67 x23:1c001254  PA:1c001254
18982638ns          339513 1c00901e 0004eea3 p.sw             x0, x0(x9)           x9:1c0012d0  PA:1c0012f4
18982976ns          339530 1c009022 01800cb3 add              x25, x0, x24        x25=1c0012f0 x24:1c0012f0
18982996ns          339531 1c009024 00fc822b p.sb             x15, 4(x25!)        x25=1c0012f4 x15:0fb2823c x25:1c0012f0  PA:1c0012f0
18983314ns          339547 1c009028 00ec822b p.sb             x14, 4(x25!)        x25=1c0012f8 x14:efadfd67 x25:1c0012f4  PA:1c0012f4
18983652ns          339564 1c00902c 00fda023 sw               x15, 0(x27)         x15:0fb2823c x27:1c001250  PA:1c001250
18983971ns          339580 1c009030 00042783 lw               x15, 0(x8)          x15=000001ec  x8:1c001324  PA:1c001324
18984289ns          339596 1c009032 00eba023 sw               x14, 0(x23)         x14:efadfd67 x23:1c001254  PA:1c001254
18984607ns          339612 1c009036 0006af83 lw               x31, 0(x13)         x31=0000003c x13:1c0012f0  PA:1c0012f0
18984906ns          339627 1c00903a 00178793 addi             x15, x15, 1         x15=000001ed x15:000001ec
18984925ns          339628 1c00903c 000dc703 lbu              x14, 0(x27)         x14=0000003c x27:1c001250  PA:1c001250
18985224ns          339643 1c009040 1c000837 lui              x16, 0x1c000000     x16=1c000000
18985244ns          339644 1c009044 00f42023 sw               x15, 0(x8)          x15:000001ed  x8:1c001324  PA:1c001324
18985582ns          339661 1c009046 320b0f13 addi             x30, x22, 800       x30=1c001320 x22:1c001000
18985602ns          339662 1c00904a 01f00633 add              x12, x0, x31        x12=0000003c x31:0000003c
18985622ns          339663 1c00904c 00e006b3 add              x13, x0, x14        x13=0000003c x14:0000003c
18985642ns          339664 1c00904e 5a480593 addi             x11, x16, 1444      x11=1c0005a4 x16:1c000000
18985661ns          339665 1c009052 7d4a8513 addi             x10, x21, 2004      x10=1c0007d4 x21:1c000000
18985681ns          339666 1c009056 008c0c13 addi             x24, x24, 8         x24=1c0012f8 x24:1c0012f0
18985701ns          339667 1c009058 002d0d13 addi             x26, x26, 2         x26=0000000a x26:00000008
18985721ns          339668 1c00905a 00ef8c63 beq              x31, x14, 24        x31:0000003c x14:0000003c
18985801ns          339672 1c009072 21d4f703 lw               x14, x29(x9)        x14=00000067 x29:00000024  x9:1c0012d0  PA:1c0012f4
18986099ns          339687 1c009076 00178793 addi             x15, x15, 1         x15=000001ee x15:000001ed
18986119ns          339688 1c009078 000bce83 lbu              x29, 0(x23)         x29=00000067 x23:1c001254  PA:1c001254
18986417ns          339703 1c00907c 1c000537 lui              x10, 0x1c000000     x10=1c000000
18986437ns          339704 1c009080 00f42023 sw               x15, 0(x8)          x15:000001ee  x8:1c001324  PA:1c001324
18986775ns          339721 1c009082 5c450593 addi             x11, x10, 1476      x11=1c0005c4 x10:1c000000
18986795ns          339722 1c009086 320b0f13 addi             x30, x22, 800       x30=1c001320 x22:1c001000
18986815ns          339723 1c00908a 00e00633 add              x12, x0, x14        x12=00000067 x14:00000067
18986835ns          339724 1c00908c 01d006b3 add              x13, x0, x29        x13=00000067 x29:00000067
18986855ns          339725 1c00908e 7d4a8513 addi             x10, x21, 2004      x10=1c0007d4 x21:1c000000
18986875ns          339726 1c009092 01d70a63 beq              x14, x29, 20        x14:00000067 x29:00000067
18986934ns          339729 1c0090a6 00178793 addi             x15, x15, 1         x15=000001ef x15:000001ee
18986954ns          339730 1c0090a8 00f42023 sw               x15, 0(x8)          x15:000001ef  x8:1c001324  PA:1c001324
18987292ns          339747 1c0090aa 1c0007b7 lui              x15, 0x1c000000     x15=1c000000
18987312ns          339748 1c0090ae 320b0713 addi             x14, x22, 800       x14=1c001320 x22:1c001000
18987332ns          339749 1c0090b2 018006b3 add              x13, x0, x24        x13=1c0012f8 x24:1c0012f8
18987352ns          339750 1c0090b4 01900633 add              x12, x0, x25        x12=1c0012f8 x25:1c0012f8
18987372ns          339751 1c0090b6 5e478593 addi             x11, x15, 1508      x11=1c0005e4 x15:1c000000
18987392ns          339752 1c0090ba 7d4a8513 addi             x10, x21, 2004      x10=1c0007d4 x21:1c000000
18987412ns          339753 1c0090be 018c8763 beq              x25, x24, 14        x25:1c0012f8 x24:1c0012f8
18987472ns          339756 1c0090cc 01400813 addi             x16, x0, 20         x16=00000014
18987491ns          339757 1c0090ce 008d8d93 addi             x27, x27, 8         x27=1c001258 x27:1c001250
18987511ns          339758 1c0090d0 008b8b93 addi             x23, x23, 8         x23=1c00125c x23:1c001254
18987531ns          339759 1c0090d2 f30d19e3 bne              x26, x16, -206      x26:0000000a x16:00000014
18987591ns          339762 1c009004 002d1693 slli             x13, x26, 0x2       x13=00000028 x26:0000000a
18987611ns          339763 1c009008 001d0713 addi             x14, x26, 1         x14=0000000b x26:0000000a
18987631ns          339764 1c00900c 009686b3 add              x13, x13, x9        x13=1c0012f8 x13:00000028  x9:1c0012d0
18987651ns          339765 1c00900e 00271e93 slli             x29, x14, 0x2       x29=0000002c x14:0000000b
18987670ns          339766 1c009012 0006a023 sw               x0, 0(x13)          x13:1c0012f8  PA:1c0012f8
18987989ns          339782 1c009016 000da783 lw               x15, 0(x27)         x15=67e06901 x27:1c001258  PA:1c001258
18988307ns          339798 1c00901a 000ba703 lw               x14, 0(x23)         x14=9a2bb64d x23:1c00125c  PA:1c00125c
18988605ns          339813 1c00901e 0004eea3 p.sw             x0, x0(x9)           x9:1c0012d0  PA:1c0012fc
18988924ns          339829 1c009022 01800cb3 add              x25, x0, x24        x25=1c0012f8 x24:1c0012f8
18988943ns          339830 1c009024 00fc822b p.sb             x15, 4(x25!)        x25=1c0012fc x15:67e06901 x25:1c0012f8  PA:1c0012f8
18989262ns          339846 1c009028 00ec822b p.sb             x14, 4(x25!)        x25=1c001300 x14:9a2bb64d x25:1c0012fc  PA:1c0012fc
18989620ns          339864 1c00902c 00fda023 sw               x15, 0(x27)         x15:67e06901 x27:1c001258  PA:1c001258
18989938ns          339880 1c009030 00042783 lw               x15, 0(x8)          x15=000001ef  x8:1c001324  PA:1c001324
18990236ns          339895 1c009032 00eba023 sw               x14, 0(x23)         x14:9a2bb64d x23:1c00125c  PA:1c00125c
18990555ns          339911 1c009036 0006af83 lw               x31, 0(x13)         x31=00000001 x13:1c0012f8  PA:1c0012f8
18990853ns          339926 1c00903a 00178793 addi             x15, x15, 1         x15=000001f0 x15:000001ef
18990873ns          339927 1c00903c 000dc703 lbu              x14, 0(x27)         x14=00000001 x27:1c001258  PA:1c001258
18991171ns          339942 1c009040 1c000837 lui              x16, 0x1c000000     x16=1c000000
18991191ns          339943 1c009044 00f42023 sw               x15, 0(x8)          x15:000001f0  x8:1c001324  PA:1c001324
18991529ns          339960 1c009046 320b0f13 addi             x30, x22, 800       x30=1c001320 x22:1c001000
18991549ns          339961 1c00904a 01f00633 add              x12, x0, x31        x12=00000001 x31:00000001
18991569ns          339962 1c00904c 00e006b3 add              x13, x0, x14        x13=00000001 x14:00000001
18991589ns          339963 1c00904e 5a480593 addi             x11, x16, 1444      x11=1c0005a4 x16:1c000000
18991609ns          339964 1c009052 7d4a8513 addi             x10, x21, 2004      x10=1c0007d4 x21:1c000000
18991629ns          339965 1c009056 008c0c13 addi             x24, x24, 8         x24=1c001300 x24:1c0012f8
18991649ns          339966 1c009058 002d0d13 addi             x26, x26, 2         x26=0000000c x26:0000000a
18991668ns          339967 1c00905a 00ef8c63 beq              x31, x14, 24        x31:00000001 x14:00000001
18991748ns          339971 1c009072 21d4f703 lw               x14, x29(x9)        x14=0000004d x29:0000002c  x9:1c0012d0  PA:1c0012fc
18992046ns          339986 1c009076 00178793 addi             x15, x15, 1         x15=000001f1 x15:000001f0
18992066ns          339987 1c009078 000bce83 lbu              x29, 0(x23)         x29=0000004d x23:1c00125c  PA:1c00125c
18992365ns          340002 1c00907c 1c000537 lui              x10, 0x1c000000     x10=1c000000
18992385ns          340003 1c009080 00f42023 sw               x15, 0(x8)          x15:000001f1  x8:1c001324  PA:1c001324
18992703ns          340019 1c009082 5c450593 addi             x11, x10, 1476      x11=1c0005c4 x10:1c000000
18992723ns          340020 1c009086 320b0f13 addi             x30, x22, 800       x30=1c001320 x22:1c001000
18992743ns          340021 1c00908a 00e00633 add              x12, x0, x14        x12=0000004d x14:0000004d
18992762ns          340022 1c00908c 01d006b3 add              x13, x0, x29        x13=0000004d x29:0000004d
18992782ns          340023 1c00908e 7d4a8513 addi             x10, x21, 2004      x10=1c0007d4 x21:1c000000
18992802ns          340024 1c009092 01d70a63 beq              x14, x29, 20        x14:0000004d x29:0000004d
18992862ns          340027 1c0090a6 00178793 addi             x15, x15, 1         x15=000001f2 x15:000001f1
18992882ns          340028 1c0090a8 00f42023 sw               x15, 0(x8)          x15:000001f2  x8:1c001324  PA:1c001324
18993200ns          340044 1c0090aa 1c0007b7 lui              x15, 0x1c000000     x15=1c000000
18993220ns          340045 1c0090ae 320b0713 addi             x14, x22, 800       x14=1c001320 x22:1c001000
18993240ns          340046 1c0090b2 018006b3 add              x13, x0, x24        x13=1c001300 x24:1c001300
18993260ns          340047 1c0090b4 01900633 add              x12, x0, x25        x12=1c001300 x25:1c001300
18993280ns          340048 1c0090b6 5e478593 addi             x11, x15, 1508      x11=1c0005e4 x15:1c000000
18993299ns          340049 1c0090ba 7d4a8513 addi             x10, x21, 2004      x10=1c0007d4 x21:1c000000
18993319ns          340050 1c0090be 018c8763 beq              x25, x24, 14        x25:1c001300 x24:1c001300
18993379ns          340053 1c0090cc 01400813 addi             x16, x0, 20         x16=00000014
18993399ns          340054 1c0090ce 008d8d93 addi             x27, x27, 8         x27=1c001260 x27:1c001258
18993419ns          340055 1c0090d0 008b8b93 addi             x23, x23, 8         x23=1c001264 x23:1c00125c
18993439ns          340056 1c0090d2 f30d19e3 bne              x26, x16, -206      x26:0000000c x16:00000014
18993498ns          340059 1c009004 002d1693 slli             x13, x26, 0x2       x13=00000030 x26:0000000c
18993518ns          340060 1c009008 001d0713 addi             x14, x26, 1         x14=0000000d x26:0000000c
18993538ns          340061 1c00900c 009686b3 add              x13, x13, x9        x13=1c001300 x13:00000030  x9:1c0012d0
18993558ns          340062 1c00900e 00271e93 slli             x29, x14, 0x2       x29=00000034 x14:0000000d
18993578ns          340063 1c009012 0006a023 sw               x0, 0(x13)          x13:1c001300  PA:1c001300
18993896ns          340079 1c009016 000da783 lw               x15, 0(x27)         x15=d788b407 x27:1c001260  PA:1c001260
18994195ns          340094 1c00901a 000ba703 lw               x14, 0(x23)         x14=ad2fa26f x23:1c001264  PA:1c001264
18994493ns          340109 1c00901e 0004eea3 p.sw             x0, x0(x9)           x9:1c0012d0  PA:1c001304
18994811ns          340125 1c009022 01800cb3 add              x25, x0, x24        x25=1c001300 x24:1c001300
18994831ns          340126 1c009024 00fc822b p.sb             x15, 4(x25!)        x25=1c001304 x15:d788b407 x25:1c001300  PA:1c001300
18995169ns          340143 1c009028 00ec822b p.sb             x14, 4(x25!)        x25=1c001308 x14:ad2fa26f x25:1c001304  PA:1c001304
18995487ns          340159 1c00902c 00fda023 sw               x15, 0(x27)         x15:d788b407 x27:1c001260  PA:1c001260
18995806ns          340175 1c009030 00042783 lw               x15, 0(x8)          x15=000001f2  x8:1c001324  PA:1c001324
18996104ns          340190 1c009032 00eba023 sw               x14, 0(x23)         x14:ad2fa26f x23:1c001264  PA:1c001264
18996422ns          340206 1c009036 0006af83 lw               x31, 0(x13)         x31=00000007 x13:1c001300  PA:1c001300
18996721ns          340221 1c00903a 00178793 addi             x15, x15, 1         x15=000001f3 x15:000001f2
18996741ns          340222 1c00903c 000dc703 lbu              x14, 0(x27)         x14=00000007 x27:1c001260  PA:1c001260
18997039ns          340237 1c009040 1c000837 lui              x16, 0x1c000000     x16=1c000000
18997059ns          340238 1c009044 00f42023 sw               x15, 0(x8)          x15:000001f3  x8:1c001324  PA:1c001324
18997377ns          340254 1c009046 320b0f13 addi             x30, x22, 800       x30=1c001320 x22:1c001000
18997397ns          340255 1c00904a 01f00633 add              x12, x0, x31        x12=00000007 x31:00000007
18997417ns          340256 1c00904c 00e006b3 add              x13, x0, x14        x13=00000007 x14:00000007
18997437ns          340257 1c00904e 5a480593 addi             x11, x16, 1444      x11=1c0005a4 x16:1c000000
18997457ns          340258 1c009052 7d4a8513 addi             x10, x21, 2004      x10=1c0007d4 x21:1c000000
18997477ns          340259 1c009056 008c0c13 addi             x24, x24, 8         x24=1c001308 x24:1c001300
18997496ns          340260 1c009058 002d0d13 addi             x26, x26, 2         x26=0000000e x26:0000000c
18997516ns          340261 1c00905a 00ef8c63 beq              x31, x14, 24        x31:00000007 x14:00000007
18997596ns          340265 1c009072 21d4f703 lw               x14, x29(x9)        x14=0000006f x29:00000034  x9:1c0012d0  PA:1c001304
18997894ns          340280 1c009076 00178793 addi             x15, x15, 1         x15=000001f4 x15:000001f3
18997914ns          340281 1c009078 000bce83 lbu              x29, 0(x23)         x29=0000006f x23:1c001264  PA:1c001264
18998213ns          340296 1c00907c 1c000537 lui              x10, 0x1c000000     x10=1c000000
18998232ns          340297 1c009080 00f42023 sw               x15, 0(x8)          x15:000001f4  x8:1c001324  PA:1c001324
18998551ns          340313 1c009082 5c450593 addi             x11, x10, 1476      x11=1c0005c4 x10:1c000000
18998571ns          340314 1c009086 320b0f13 addi             x30, x22, 800       x30=1c001320 x22:1c001000
18998590ns          340315 1c00908a 00e00633 add              x12, x0, x14        x12=0000006f x14:0000006f
18998610ns          340316 1c00908c 01d006b3 add              x13, x0, x29        x13=0000006f x29:0000006f
18998630ns          340317 1c00908e 7d4a8513 addi             x10, x21, 2004      x10=1c0007d4 x21:1c000000
18998650ns          340318 1c009092 01d70a63 beq              x14, x29, 20        x14:0000006f x29:0000006f
18998710ns          340321 1c0090a6 00178793 addi             x15, x15, 1         x15=000001f5 x15:000001f4
18998730ns          340322 1c0090a8 00f42023 sw               x15, 0(x8)          x15:000001f5  x8:1c001324  PA:1c001324
18999048ns          340338 1c0090aa 1c0007b7 lui              x15, 0x1c000000     x15=1c000000
18999068ns          340339 1c0090ae 320b0713 addi             x14, x22, 800       x14=1c001320 x22:1c001000
18999088ns          340340 1c0090b2 018006b3 add              x13, x0, x24        x13=1c001308 x24:1c001308
18999108ns          340341 1c0090b4 01900633 add              x12, x0, x25        x12=1c001308 x25:1c001308
18999127ns          340342 1c0090b6 5e478593 addi             x11, x15, 1508      x11=1c0005e4 x15:1c000000
18999147ns          340343 1c0090ba 7d4a8513 addi             x10, x21, 2004      x10=1c0007d4 x21:1c000000
18999167ns          340344 1c0090be 018c8763 beq              x25, x24, 14        x25:1c001308 x24:1c001308
18999227ns          340347 1c0090cc 01400813 addi             x16, x0, 20         x16=00000014
18999247ns          340348 1c0090ce 008d8d93 addi             x27, x27, 8         x27=1c001268 x27:1c001260
18999267ns          340349 1c0090d0 008b8b93 addi             x23, x23, 8         x23=1c00126c x23:1c001264
18999287ns          340350 1c0090d2 f30d19e3 bne              x26, x16, -206      x26:0000000e x16:00000014
18999346ns          340353 1c009004 002d1693 slli             x13, x26, 0x2       x13=00000038 x26:0000000e
18999366ns          340354 1c009008 001d0713 addi             x14, x26, 1         x14=0000000f x26:0000000e
18999386ns          340355 1c00900c 009686b3 add              x13, x13, x9        x13=1c001308 x13:00000038  x9:1c0012d0
18999406ns          340356 1c00900e 00271e93 slli             x29, x14, 0x2       x29=0000003c x14:0000000f
18999426ns          340357 1c009012 0006a023 sw               x0, 0(x13)          x13:1c001308  PA:1c001308
18999744ns          340373 1c009016 000da783 lw               x15, 0(x27)         x15=e5751375 x27:1c001268  PA:1c001268
19000042ns          340388 1c00901a 000ba703 lw               x14, 0(x23)         x14=9db7a851 x23:1c00126c  PA:1c00126c
19000361ns          340404 1c00901e 0004eea3 p.sw             x0, x0(x9)           x9:1c0012d0  PA:1c00130c
19000679ns          340420 1c009022 01800cb3 add              x25, x0, x24        x25=1c001308 x24:1c001308
19000699ns          340421 1c009024 00fc822b p.sb             x15, 4(x25!)        x25=1c00130c x15:e5751375 x25:1c001308  PA:1c001308
19001017ns          340437 1c009028 00ec822b p.sb             x14, 4(x25!)        x25=1c001310 x14:9db7a851 x25:1c00130c  PA:1c00130c
19001335ns          340453 1c00902c 00fda023 sw               x15, 0(x27)         x15:e5751375 x27:1c001268  PA:1c001268
19001674ns          340470 1c009030 00042783 lw               x15, 0(x8)          x15=000001f5  x8:1c001324  PA:1c001324
19001972ns          340485 1c009032 00eba023 sw               x14, 0(x23)         x14:9db7a851 x23:1c00126c  PA:1c00126c
19002290ns          340501 1c009036 0006af83 lw               x31, 0(x13)         x31=00000075 x13:1c001308  PA:1c001308
19002588ns          340516 1c00903a 00178793 addi             x15, x15, 1         x15=000001f6 x15:000001f5
19002608ns          340517 1c00903c 000dc703 lbu              x14, 0(x27)         x14=00000075 x27:1c001268  PA:1c001268
19002947ns          340534 1c009040 1c000837 lui              x16, 0x1c000000     x16=1c000000
19002966ns          340535 1c009044 00f42023 sw               x15, 0(x8)          x15:000001f6  x8:1c001324  PA:1c001324
19003285ns          340551 1c009046 320b0f13 addi             x30, x22, 800       x30=1c001320 x22:1c001000
19003305ns          340552 1c00904a 01f00633 add              x12, x0, x31        x12=00000075 x31:00000075
19003324ns          340553 1c00904c 00e006b3 add              x13, x0, x14        x13=00000075 x14:00000075
19003344ns          340554 1c00904e 5a480593 addi             x11, x16, 1444      x11=1c0005a4 x16:1c000000
19003364ns          340555 1c009052 7d4a8513 addi             x10, x21, 2004      x10=1c0007d4 x21:1c000000
19003384ns          340556 1c009056 008c0c13 addi             x24, x24, 8         x24=1c001310 x24:1c001308
19003404ns          340557 1c009058 002d0d13 addi             x26, x26, 2         x26=00000010 x26:0000000e
19003424ns          340558 1c00905a 00ef8c63 beq              x31, x14, 24        x31:00000075 x14:00000075
19003503ns          340562 1c009072 21d4f703 lw               x14, x29(x9)        x14=00000051 x29:0000003c  x9:1c0012d0  PA:1c00130c
19003802ns          340577 1c009076 00178793 addi             x15, x15, 1         x15=000001f7 x15:000001f6
19003822ns          340578 1c009078 000bce83 lbu              x29, 0(x23)         x29=00000051 x23:1c00126c  PA:1c00126c
19004140ns          340594 1c00907c 1c000537 lui              x10, 0x1c000000     x10=1c000000
19004160ns          340595 1c009080 00f42023 sw               x15, 0(x8)          x15:000001f7  x8:1c001324  PA:1c001324
19004478ns          340611 1c009082 5c450593 addi             x11, x10, 1476      x11=1c0005c4 x10:1c000000
19004498ns          340612 1c009086 320b0f13 addi             x30, x22, 800       x30=1c001320 x22:1c001000
19004518ns          340613 1c00908a 00e00633 add              x12, x0, x14        x12=00000051 x14:00000051
19004538ns          340614 1c00908c 01d006b3 add              x13, x0, x29        x13=00000051 x29:00000051
19004558ns          340615 1c00908e 7d4a8513 addi             x10, x21, 2004      x10=1c0007d4 x21:1c000000
19004578ns          340616 1c009092 01d70a63 beq              x14, x29, 20        x14:00000051 x29:00000051
19004637ns          340619 1c0090a6 00178793 addi             x15, x15, 1         x15=000001f8 x15:000001f7
19004657ns          340620 1c0090a8 00f42023 sw               x15, 0(x8)          x15:000001f8  x8:1c001324  PA:1c001324
19004975ns          340636 1c0090aa 1c0007b7 lui              x15, 0x1c000000     x15=1c000000
19004995ns          340637 1c0090ae 320b0713 addi             x14, x22, 800       x14=1c001320 x22:1c001000
19005015ns          340638 1c0090b2 018006b3 add              x13, x0, x24        x13=1c001310 x24:1c001310
19005035ns          340639 1c0090b4 01900633 add              x12, x0, x25        x12=1c001310 x25:1c001310
19005055ns          340640 1c0090b6 5e478593 addi             x11, x15, 1508      x11=1c0005e4 x15:1c000000
19005075ns          340641 1c0090ba 7d4a8513 addi             x10, x21, 2004      x10=1c0007d4 x21:1c000000
19005095ns          340642 1c0090be 018c8763 beq              x25, x24, 14        x25:1c001310 x24:1c001310
19005154ns          340645 1c0090cc 01400813 addi             x16, x0, 20         x16=00000014
19005174ns          340646 1c0090ce 008d8d93 addi             x27, x27, 8         x27=1c001270 x27:1c001268
19005194ns          340647 1c0090d0 008b8b93 addi             x23, x23, 8         x23=1c001274 x23:1c00126c
19005214ns          340648 1c0090d2 f30d19e3 bne              x26, x16, -206      x26:00000010 x16:00000014
19005274ns          340651 1c009004 002d1693 slli             x13, x26, 0x2       x13=00000040 x26:00000010
19005294ns          340652 1c009008 001d0713 addi             x14, x26, 1         x14=00000011 x26:00000010
19005314ns          340653 1c00900c 009686b3 add              x13, x13, x9        x13=1c001310 x13:00000040  x9:1c0012d0
19005333ns          340654 1c00900e 00271e93 slli             x29, x14, 0x2       x29=00000044 x14:00000011
19005353ns          340655 1c009012 0006a023 sw               x0, 0(x13)          x13:1c001310  PA:1c001310
19005672ns          340671 1c009016 000da783 lw               x15, 0(x27)         x15=30fa933b x27:1c001270  PA:1c001270
19005970ns          340686 1c00901a 000ba703 lw               x14, 0(x23)         x14=5b921175 x23:1c001274  PA:1c001274
19006268ns          340701 1c00901e 0004eea3 p.sw             x0, x0(x9)           x9:1c0012d0  PA:1c001314
19006587ns          340717 1c009022 01800cb3 add              x25, x0, x24        x25=1c001310 x24:1c001310
19006606ns          340718 1c009024 00fc822b p.sb             x15, 4(x25!)        x25=1c001314 x15:30fa933b x25:1c001310  PA:1c001310
19006945ns          340735 1c009028 00ec822b p.sb             x14, 4(x25!)        x25=1c001318 x14:5b921175 x25:1c001314  PA:1c001314
19007283ns          340752 1c00902c 00fda023 sw               x15, 0(x27)         x15:30fa933b x27:1c001270  PA:1c001270
19007601ns          340768 1c009030 00042783 lw               x15, 0(x8)          x15=000001f8  x8:1c001324  PA:1c001324
19007899ns          340783 1c009032 00eba023 sw               x14, 0(x23)         x14:5b921175 x23:1c001274  PA:1c001274
19008237ns          340800 1c009036 0006af83 lw               x31, 0(x13)         x31=0000003b x13:1c001310  PA:1c001310
19008536ns          340815 1c00903a 00178793 addi             x15, x15, 1         x15=000001f9 x15:000001f8
19008556ns          340816 1c00903c 000dc703 lbu              x14, 0(x27)         x14=0000003b x27:1c001270  PA:1c001270
19008854ns          340831 1c009040 1c000837 lui              x16, 0x1c000000     x16=1c000000
19008874ns          340832 1c009044 00f42023 sw               x15, 0(x8)          x15:000001f9  x8:1c001324  PA:1c001324
19009192ns          340848 1c009046 320b0f13 addi             x30, x22, 800       x30=1c001320 x22:1c001000
19009212ns          340849 1c00904a 01f00633 add              x12, x0, x31        x12=0000003b x31:0000003b
19009232ns          340850 1c00904c 00e006b3 add              x13, x0, x14        x13=0000003b x14:0000003b
19009252ns          340851 1c00904e 5a480593 addi             x11, x16, 1444      x11=1c0005a4 x16:1c000000
19009272ns          340852 1c009052 7d4a8513 addi             x10, x21, 2004      x10=1c0007d4 x21:1c000000
19009292ns          340853 1c009056 008c0c13 addi             x24, x24, 8         x24=1c001318 x24:1c001310
19009312ns          340854 1c009058 002d0d13 addi             x26, x26, 2         x26=00000012 x26:00000010
19009331ns          340855 1c00905a 00ef8c63 beq              x31, x14, 24        x31:0000003b x14:0000003b
19009411ns          340859 1c009072 21d4f703 lw               x14, x29(x9)        x14=00000075 x29:00000044  x9:1c0012d0  PA:1c001314
19009709ns          340874 1c009076 00178793 addi             x15, x15, 1         x15=000001fa x15:000001f9
19009729ns          340875 1c009078 000bce83 lbu              x29, 0(x23)         x29=00000075 x23:1c001274  PA:1c001274
19010028ns          340890 1c00907c 1c000537 lui              x10, 0x1c000000     x10=1c000000
19010048ns          340891 1c009080 00f42023 sw               x15, 0(x8)          x15:000001fa  x8:1c001324  PA:1c001324
19010366ns          340907 1c009082 5c450593 addi             x11, x10, 1476      x11=1c0005c4 x10:1c000000
19010386ns          340908 1c009086 320b0f13 addi             x30, x22, 800       x30=1c001320 x22:1c001000
19010406ns          340909 1c00908a 00e00633 add              x12, x0, x14        x12=00000075 x14:00000075
19010425ns          340910 1c00908c 01d006b3 add              x13, x0, x29        x13=00000075 x29:00000075
19010445ns          340911 1c00908e 7d4a8513 addi             x10, x21, 2004      x10=1c0007d4 x21:1c000000
19010465ns          340912 1c009092 01d70a63 beq              x14, x29, 20        x14:00000075 x29:00000075
19010525ns          340915 1c0090a6 00178793 addi             x15, x15, 1         x15=000001fb x15:000001fa
19010545ns          340916 1c0090a8 00f42023 sw               x15, 0(x8)          x15:000001fb  x8:1c001324  PA:1c001324
19010883ns          340933 1c0090aa 1c0007b7 lui              x15, 0x1c000000     x15=1c000000
19010903ns          340934 1c0090ae 320b0713 addi             x14, x22, 800       x14=1c001320 x22:1c001000
19010923ns          340935 1c0090b2 018006b3 add              x13, x0, x24        x13=1c001318 x24:1c001318
19010943ns          340936 1c0090b4 01900633 add              x12, x0, x25        x12=1c001318 x25:1c001318
19010962ns          340937 1c0090b6 5e478593 addi             x11, x15, 1508      x11=1c0005e4 x15:1c000000
19010982ns          340938 1c0090ba 7d4a8513 addi             x10, x21, 2004      x10=1c0007d4 x21:1c000000
19011002ns          340939 1c0090be 018c8763 beq              x25, x24, 14        x25:1c001318 x24:1c001318
19011062ns          340942 1c0090cc 01400813 addi             x16, x0, 20         x16=00000014
19011082ns          340943 1c0090ce 008d8d93 addi             x27, x27, 8         x27=1c001278 x27:1c001270
19011102ns          340944 1c0090d0 008b8b93 addi             x23, x23, 8         x23=1c00127c x23:1c001274
19011122ns          340945 1c0090d2 f30d19e3 bne              x26, x16, -206      x26:00000012 x16:00000014
19011181ns          340948 1c009004 002d1693 slli             x13, x26, 0x2       x13=00000048 x26:00000012
19011201ns          340949 1c009008 001d0713 addi             x14, x26, 1         x14=00000013 x26:00000012
19011221ns          340950 1c00900c 009686b3 add              x13, x13, x9        x13=1c001318 x13:00000048  x9:1c0012d0
19011241ns          340951 1c00900e 00271e93 slli             x29, x14, 0x2       x29=0000004c x14:00000013
19011261ns          340952 1c009012 0006a023 sw               x0, 0(x13)          x13:1c001318  PA:1c001318
19011579ns          340968 1c009016 000da783 lw               x15, 0(x27)         x15=17204d1d x27:1c001278  PA:1c001278
19011877ns          340983 1c00901a 000ba703 lw               x14, 0(x23)         x14=f3fcd381 x23:1c00127c  PA:1c00127c
19012176ns          340998 1c00901e 0004eea3 p.sw             x0, x0(x9)           x9:1c0012d0  PA:1c00131c
19012494ns          341014 1c009022 01800cb3 add              x25, x0, x24        x25=1c001318 x24:1c001318
19012514ns          341015 1c009024 00fc822b p.sb             x15, 4(x25!)        x25=1c00131c x15:17204d1d x25:1c001318  PA:1c001318
19012832ns          341031 1c009028 00ec822b p.sb             x14, 4(x25!)        x25=1c001320 x14:f3fcd381 x25:1c00131c  PA:1c00131c
19013150ns          341047 1c00902c 00fda023 sw               x15, 0(x27)         x15:17204d1d x27:1c001278  PA:1c001278
19013469ns          341063 1c009030 00042783 lw               x15, 0(x8)          x15=000001fb  x8:1c001324  PA:1c001324
19013767ns          341078 1c009032 00eba023 sw               x14, 0(x23)         x14:f3fcd381 x23:1c00127c  PA:1c00127c
19014085ns          341094 1c009036 0006af83 lw               x31, 0(x13)         x31=0000001d x13:1c001318  PA:1c001318
19014384ns          341109 1c00903a 00178793 addi             x15, x15, 1         x15=000001fc x15:000001fb
19014404ns          341110 1c00903c 000dc703 lbu              x14, 0(x27)         x14=0000001d x27:1c001278  PA:1c001278
19014702ns          341125 1c009040 1c000837 lui              x16, 0x1c000000     x16=1c000000
19014722ns          341126 1c009044 00f42023 sw               x15, 0(x8)          x15:000001fc  x8:1c001324  PA:1c001324
19015060ns          341143 1c009046 320b0f13 addi             x30, x22, 800       x30=1c001320 x22:1c001000
19015080ns          341144 1c00904a 01f00633 add              x12, x0, x31        x12=0000001d x31:0000001d
19015100ns          341145 1c00904c 00e006b3 add              x13, x0, x14        x13=0000001d x14:0000001d
19015120ns          341146 1c00904e 5a480593 addi             x11, x16, 1444      x11=1c0005a4 x16:1c000000
19015140ns          341147 1c009052 7d4a8513 addi             x10, x21, 2004      x10=1c0007d4 x21:1c000000
19015159ns          341148 1c009056 008c0c13 addi             x24, x24, 8         x24=1c001320 x24:1c001318
19015179ns          341149 1c009058 002d0d13 addi             x26, x26, 2         x26=00000014 x26:00000012
19015199ns          341150 1c00905a 00ef8c63 beq              x31, x14, 24        x31:0000001d x14:0000001d
19015279ns          341154 1c009072 21d4f703 lw               x14, x29(x9)        x14=00000081 x29:0000004c  x9:1c0012d0  PA:1c00131c
19015577ns          341169 1c009076 00178793 addi             x15, x15, 1         x15=000001fd x15:000001fc
19015597ns          341170 1c009078 000bce83 lbu              x29, 0(x23)         x29=00000081 x23:1c00127c  PA:1c00127c
19015895ns          341185 1c00907c 1c000537 lui              x10, 0x1c000000     x10=1c000000
19015915ns          341186 1c009080 00f42023 sw               x15, 0(x8)          x15:000001fd  x8:1c001324  PA:1c001324
19016273ns          341204 1c009082 5c450593 addi             x11, x10, 1476      x11=1c0005c4 x10:1c000000
19016293ns          341205 1c009086 320b0f13 addi             x30, x22, 800       x30=1c001320 x22:1c001000
19016313ns          341206 1c00908a 00e00633 add              x12, x0, x14        x12=00000081 x14:00000081
19016333ns          341207 1c00908c 01d006b3 add              x13, x0, x29        x13=00000081 x29:00000081
19016353ns          341208 1c00908e 7d4a8513 addi             x10, x21, 2004      x10=1c0007d4 x21:1c000000
19016373ns          341209 1c009092 01d70a63 beq              x14, x29, 20        x14:00000081 x29:00000081
19016432ns          341212 1c0090a6 00178793 addi             x15, x15, 1         x15=000001fe x15:000001fd
19016452ns          341213 1c0090a8 00f42023 sw               x15, 0(x8)          x15:000001fe  x8:1c001324  PA:1c001324
19016771ns          341229 1c0090aa 1c0007b7 lui              x15, 0x1c000000     x15=1c000000
19016790ns          341230 1c0090ae 320b0713 addi             x14, x22, 800       x14=1c001320 x22:1c001000
19016810ns          341231 1c0090b2 018006b3 add              x13, x0, x24        x13=1c001320 x24:1c001320
19016830ns          341232 1c0090b4 01900633 add              x12, x0, x25        x12=1c001320 x25:1c001320
19016850ns          341233 1c0090b6 5e478593 addi             x11, x15, 1508      x11=1c0005e4 x15:1c000000
19016870ns          341234 1c0090ba 7d4a8513 addi             x10, x21, 2004      x10=1c0007d4 x21:1c000000
19016890ns          341235 1c0090be 018c8763 beq              x25, x24, 14        x25:1c001320 x24:1c001320
19016950ns          341238 1c0090cc 01400813 addi             x16, x0, 20         x16=00000014
19016969ns          341239 1c0090ce 008d8d93 addi             x27, x27, 8         x27=1c001280 x27:1c001278
19016989ns          341240 1c0090d0 008b8b93 addi             x23, x23, 8         x23=1c001284 x23:1c00127c
19017009ns          341241 1c0090d2 f30d19e3 bne              x26, x16, -206      x26:00000014 x16:00000014
19017029ns          341242 1c0090d6 00010ab7 lui              x21, 0x10000        x21=00010000
19017049ns          341243 1c0090d8 00000d93 addi             x27, x0, 0          x27=00000000
19017069ns          341244 1c0090da fffa8a93 addi             x21, x21, -1        x21=0000ffff x21:00010000
19017089ns          341245 1c0090dc 00ff0cb7 lui              x25, 0xff0000       x25=00ff0000
19017109ns          341246 1c0090e0 1c001bb7 lui              x23, 0x1c001000     x23=1c001000
19017129ns          341247 1c0090e4 1c000c37 lui              x24, 0x1c000000     x24=1c000000
19017149ns          341248 1c0090e8 1c000b37 lui              x22, 0x1c000000     x22=1c000000
19017168ns          341249 1c0090ec 002d9613 slli             x12, x27, 0x2       x12=00000000 x27:00000000
19017606ns          341271 1c0090f0 00960633 add              x12, x12, x9        x12=1c0012d0 x12:00000000  x9:1c0012d0
19017646ns          341273 1c0090f2 00062023 sw               x0, 0(x12)          x12:1c0012d0  PA:1c0012d0
19017964ns          341289 1c0090f6 00092703 lw               x14, 0(x18)         x14=79f3fbe0 x18:1c001230  PA:1c001230
19018262ns          341304 1c0090fa 0009a783 lw               x15, 0(x19)         x15=989d0153 x19:1c001234  PA:1c001234
19018561ns          341319 1c0090fe 01400d33 add              x26, x0, x20        x26=1c0012d0 x20:1c0012d0
19018581ns          341320 1c009100 00ed00ab p.sb             x14, 1(x26!)        x26=1c0012d1 x14:79f3fbe0 x26:1c0012d0  PA:1c0012d0
19018939ns          341338 1c009104 00fd00ab p.sb             x15, 1(x26!)        x26=1c0012d2 x15:989d0153 x26:1c0012d1  PA:1c0012d1
19019277ns          341355 1c009108 00ed00ab p.sb             x14, 1(x26!)        x26=1c0012d3 x14:79f3fbe0 x26:1c0012d2  PA:1c0012d2
19019595ns          341371 1c00910c 00fd00ab p.sb             x15, 1(x26!)        x26=1c0012d4 x15:989d0153 x26:1c0012d3  PA:1c0012d3
19019913ns          341387 1c009110 00e92023 sw               x14, 0(x18)         x14:79f3fbe0 x18:1c001230  PA:1c001230
19020251ns          341404 1c009114 00f9a023 sw               x15, 0(x19)         x15:989d0153 x19:1c001234  PA:1c001234
19020570ns          341420 1c009118 00092683 lw               x13, 0(x18)         x13=79f3fbe0 x18:1c001230  PA:1c001230
19020868ns          341435 1c00911c 00042583 lw               x11, 0(x8)          x11=000001fe  x8:1c001324  PA:1c001324
19021166ns          341450 1c00911e 01879513 slli             x10, x15, 0x18      x10=53000000 x15:989d0153
19021186ns          341451 1c009122 ee86b733 p.bclr           x14, x13, 23, 8     x14=000000e0 x13:79f3fbe0
19021206ns          341452 1c009126 00879793 slli             x15, x15, 0x8       x15=9d015300 x15:989d0153
19021226ns          341453 1c009128 00a76733 or               x14, x14, x10       x14=530000e0 x14:000000e0 x10:53000000
19021246ns          341454 1c00912a 0157f7b3 and              x15, x15, x21       x15=00005300 x15:9d015300 x21:0000ffff
19021266ns          341455 1c00912e 01069693 slli             x13, x13, 0x10      x13=fbe00000 x13:79f3fbe0
19021684ns          341476 1c009130 00158e93 addi             x29, x11, 1         x29=000001ff x11:000001fe
19021723ns          341478 1c009134 0196f6b3 and              x13, x13, x25       x13=00e00000 x13:fbe00000 x25:00ff0000
19021743ns          341479 1c009138 00062e03 lw               x28, 0(x12)         x28=53e053e0 x12:1c0012d0  PA:1c0012d0
19022042ns          341494 1c00913c 00e7e7b3 or               x15, x15, x14       x15=530053e0 x15:00005300 x14:530000e0
19022062ns          341495 1c00913e 00d7e7b3 or               x15, x15, x13       x15=53e053e0 x15:530053e0 x13:00e00000
19022201ns          341502 1c009140 01d42023 sw               x29, 0(x8)          x29:000001ff  x8:1c001324  PA:1c001324
19022539ns          341519 1c009144 320b8313 addi             x6, x23, 800         x6=1c001320 x23:1c001000
19022559ns          341520 1c009148 01c00633 add              x12, x0, x28        x12=53e053e0 x28:53e053e0
19022579ns          341521 1c00914a 5fcc0593 addi             x11, x24, 1532      x11=1c0005fc x24:1c000000
19022718ns          341528 1c00914e 7d4b0513 addi             x10, x22, 2004      x10=1c0007d4 x22:1c000000
19022738ns          341529 1c009152 00f006b3 add              x13, x0, x15        x13=53e053e0 x15:53e053e0
19022758ns          341530 1c009154 002d8d93 addi             x27, x27, 2         x27=00000002 x27:00000000
19022778ns          341531 1c009156 00fe0b63 beq              x28, x15, 22        x28:53e053e0 x15:53e053e0
19023275ns          341556 1c00916c 001e8793 addi             x15, x29, 1         x15=00000200 x29:000001ff
19023712ns          341578 1c009170 1c000537 lui              x10, 0x1c000000     x10=1c000000
19023752ns          341580 1c009174 004a0713 addi             x14, x20, 4         x14=1c0012d4 x20:1c0012d0
19023772ns          341581 1c009178 00f42023 sw               x15, 0(x8)          x15:00000200  x8:1c001324  PA:1c001324
19024090ns          341597 1c00917a 5e450593 addi             x11, x10, 1508      x11=1c0005e4 x10:1c000000
19024250ns          341605 1c00917e 320b8313 addi             x6, x23, 800         x6=1c001320 x23:1c001000
19024269ns          341606 1c009182 00e006b3 add              x13, x0, x14        x13=1c0012d4 x14:1c0012d4
19024289ns          341607 1c009184 01a00633 add              x12, x0, x26        x12=1c0012d4 x26:1c0012d4
19024309ns          341608 1c009186 7d4b0513 addi             x10, x22, 2004      x10=1c0007d4 x22:1c000000
19024329ns          341609 1c00918a 01a70963 beq              x14, x26, 18        x14:1c0012d4 x26:1c0012d4
19024806ns          341633 1c00919c 01400613 addi             x12, x0, 20         x12=00000014
19024826ns          341634 1c00919e 00890913 addi             x18, x18, 8         x18=1c001238 x18:1c001230
19025244ns          341655 1c0091a0 00898993 addi             x19, x19, 8         x19=1c00123c x19:1c001234
19025264ns          341656 1c0091a2 008a0a13 addi             x20, x20, 8         x20=1c0012d8 x20:1c0012d0
19025284ns          341657 1c0091a4 f4cd94e3 bne              x27, x12, -184      x27:00000002 x12:00000014
19025343ns          341660 1c0090ec 002d9613 slli             x12, x27, 0x2       x12=00000008 x27:00000002
19025363ns          341661 1c0090f0 00960633 add              x12, x12, x9        x12=1c0012d8 x12:00000008  x9:1c0012d0
19025383ns          341662 1c0090f2 00062023 sw               x0, 0(x12)          x12:1c0012d8  PA:1c0012d8
19025702ns          341678 1c0090f6 00092703 lw               x14, 0(x18)         x14=81779f06 x18:1c001238  PA:1c001238
19026000ns          341693 1c0090fa 0009a783 lw               x15, 0(x19)         x15=6633c31f x19:1c00123c  PA:1c00123c
19026298ns          341708 1c0090fe 01400d33 add              x26, x0, x20        x26=1c0012d8 x20:1c0012d8
19026318ns          341709 1c009100 00ed00ab p.sb             x14, 1(x26!)        x26=1c0012d9 x14:81779f06 x26:1c0012d8  PA:1c0012d8
19026656ns          341726 1c009104 00fd00ab p.sb             x15, 1(x26!)        x26=1c0012da x15:6633c31f x26:1c0012d9  PA:1c0012d9
19026975ns          341742 1c009108 00ed00ab p.sb             x14, 1(x26!)        x26=1c0012db x14:81779f06 x26:1c0012da  PA:1c0012da
19027293ns          341758 1c00910c 00fd00ab p.sb             x15, 1(x26!)        x26=1c0012dc x15:6633c31f x26:1c0012db  PA:1c0012db
19027611ns          341774 1c009110 00e92023 sw               x14, 0(x18)         x14:81779f06 x18:1c001238  PA:1c001238
19027929ns          341790 1c009114 00f9a023 sw               x15, 0(x19)         x15:6633c31f x19:1c00123c  PA:1c00123c
19028287ns          341808 1c009118 00092683 lw               x13, 0(x18)         x13=81779f06 x18:1c001238  PA:1c001238
19028586ns          341823 1c00911c 00042583 lw               x11, 0(x8)          x11=00000200  x8:1c001324  PA:1c001324
19028884ns          341838 1c00911e 01879513 slli             x10, x15, 0x18      x10=1f000000 x15:6633c31f
19028904ns          341839 1c009122 ee86b733 p.bclr           x14, x13, 23, 8     x14=00000006 x13:81779f06
19028924ns          341840 1c009126 00879793 slli             x15, x15, 0x8       x15=33c31f00 x15:6633c31f
19028944ns          341841 1c009128 00a76733 or               x14, x14, x10       x14=1f000006 x14:00000006 x10:1f000000
19028964ns          341842 1c00912a 0157f7b3 and              x15, x15, x21       x15=00001f00 x15:33c31f00 x21:0000ffff
19028984ns          341843 1c00912e 01069693 slli             x13, x13, 0x10      x13=9f060000 x13:81779f06
19029003ns          341844 1c009130 00158e93 addi             x29, x11, 1         x29=00000201 x11:00000200
19029023ns          341845 1c009134 0196f6b3 and              x13, x13, x25       x13=00060000 x13:9f060000 x25:00ff0000
19029043ns          341846 1c009138 00062e03 lw               x28, 0(x12)         x28=1f061f06 x12:1c0012d8  PA:1c0012d8
19029342ns          341861 1c00913c 00e7e7b3 or               x15, x15, x14       x15=1f001f06 x15:00001f00 x14:1f000006
19029361ns          341862 1c00913e 00d7e7b3 or               x15, x15, x13       x15=1f061f06 x15:1f001f06 x13:00060000
19029381ns          341863 1c009140 01d42023 sw               x29, 0(x8)          x29:00000201  x8:1c001324  PA:1c001324
19029700ns          341879 1c009144 320b8313 addi             x6, x23, 800         x6=1c001320 x23:1c001000
19029719ns          341880 1c009148 01c00633 add              x12, x0, x28        x12=1f061f06 x28:1f061f06
19029739ns          341881 1c00914a 5fcc0593 addi             x11, x24, 1532      x11=1c0005fc x24:1c000000
19029759ns          341882 1c00914e 7d4b0513 addi             x10, x22, 2004      x10=1c0007d4 x22:1c000000
19029779ns          341883 1c009152 00f006b3 add              x13, x0, x15        x13=1f061f06 x15:1f061f06
19029799ns          341884 1c009154 002d8d93 addi             x27, x27, 2         x27=00000004 x27:00000002
19029819ns          341885 1c009156 00fe0b63 beq              x28, x15, 22        x28:1f061f06 x15:1f061f06
19029879ns          341888 1c00916c 001e8793 addi             x15, x29, 1         x15=00000202 x29:00000201
19029898ns          341889 1c009170 1c000537 lui              x10, 0x1c000000     x10=1c000000
19029918ns          341890 1c009174 004a0713 addi             x14, x20, 4         x14=1c0012dc x20:1c0012d8
19029938ns          341891 1c009178 00f42023 sw               x15, 0(x8)          x15:00000202  x8:1c001324  PA:1c001324
19030257ns          341907 1c00917a 5e450593 addi             x11, x10, 1508      x11=1c0005e4 x10:1c000000
19030276ns          341908 1c00917e 320b8313 addi             x6, x23, 800         x6=1c001320 x23:1c001000
19030296ns          341909 1c009182 00e006b3 add              x13, x0, x14        x13=1c0012dc x14:1c0012dc
19030316ns          341910 1c009184 01a00633 add              x12, x0, x26        x12=1c0012dc x26:1c0012dc
19030336ns          341911 1c009186 7d4b0513 addi             x10, x22, 2004      x10=1c0007d4 x22:1c000000
19030356ns          341912 1c00918a 01a70963 beq              x14, x26, 18        x14:1c0012dc x26:1c0012dc
19030416ns          341915 1c00919c 01400613 addi             x12, x0, 20         x12=00000014
19030436ns          341916 1c00919e 00890913 addi             x18, x18, 8         x18=1c001240 x18:1c001238
19030455ns          341917 1c0091a0 00898993 addi             x19, x19, 8         x19=1c001244 x19:1c00123c
19030475ns          341918 1c0091a2 008a0a13 addi             x20, x20, 8         x20=1c0012e0 x20:1c0012d8
19030495ns          341919 1c0091a4 f4cd94e3 bne              x27, x12, -184      x27:00000004 x12:00000014
19030992ns          341944 1c0090ec 002d9613 slli             x12, x27, 0x2       x12=00000010 x27:00000004
19031012ns          341945 1c0090f0 00960633 add              x12, x12, x9        x12=1c0012e0 x12:00000010  x9:1c0012d0
19031032ns          341946 1c0090f2 00062023 sw               x0, 0(x12)          x12:1c0012e0  PA:1c0012e0
19031351ns          341962 1c0090f6 00092703 lw               x14, 0(x18)         x14=38ac533d x18:1c001240  PA:1c001240
19031649ns          341977 1c0090fa 0009a783 lw               x15, 0(x19)         x15=1ff02242 x19:1c001244  PA:1c001244
19031947ns          341992 1c0090fe 01400d33 add              x26, x0, x20        x26=1c0012e0 x20:1c0012e0
19031967ns          341993 1c009100 00ed00ab p.sb             x14, 1(x26!)        x26=1c0012e1 x14:38ac533d x26:1c0012e0  PA:1c0012e0
19032305ns          342010 1c009104 00fd00ab p.sb             x15, 1(x26!)        x26=1c0012e2 x15:1ff02242 x26:1c0012e1  PA:1c0012e1
19032624ns          342026 1c009108 00ed00ab p.sb             x14, 1(x26!)        x26=1c0012e3 x14:38ac533d x26:1c0012e2  PA:1c0012e2
19032962ns          342043 1c00910c 00fd00ab p.sb             x15, 1(x26!)        x26=1c0012e4 x15:1ff02242 x26:1c0012e3  PA:1c0012e3
19033280ns          342059 1c009110 00e92023 sw               x14, 0(x18)         x14:38ac533d x18:1c001240  PA:1c001240
19033618ns          342076 1c009114 00f9a023 sw               x15, 0(x19)         x15:1ff02242 x19:1c001244  PA:1c001244
19033936ns          342092 1c009118 00092683 lw               x13, 0(x18)         x13=38ac533d x18:1c001240  PA:1c001240
19034235ns          342107 1c00911c 00042583 lw               x11, 0(x8)          x11=00000202  x8:1c001324  PA:1c001324
19034533ns          342122 1c00911e 01879513 slli             x10, x15, 0x18      x10=42000000 x15:1ff02242
19034553ns          342123 1c009122 ee86b733 p.bclr           x14, x13, 23, 8     x14=0000003d x13:38ac533d
19034573ns          342124 1c009126 00879793 slli             x15, x15, 0x8       x15=f0224200 x15:1ff02242
19034593ns          342125 1c009128 00a76733 or               x14, x14, x10       x14=4200003d x14:0000003d x10:42000000
19034613ns          342126 1c00912a 0157f7b3 and              x15, x15, x21       x15=00004200 x15:f0224200 x21:0000ffff
19034632ns          342127 1c00912e 01069693 slli             x13, x13, 0x10      x13=533d0000 x13:38ac533d
19034652ns          342128 1c009130 00158e93 addi             x29, x11, 1         x29=00000203 x11:00000202
19034672ns          342129 1c009134 0196f6b3 and              x13, x13, x25       x13=003d0000 x13:533d0000 x25:00ff0000
19034692ns          342130 1c009138 00062e03 lw               x28, 0(x12)         x28=423d423d x12:1c0012e0  PA:1c0012e0
19034991ns          342145 1c00913c 00e7e7b3 or               x15, x15, x14       x15=4200423d x15:00004200 x14:4200003d
19035010ns          342146 1c00913e 00d7e7b3 or               x15, x15, x13       x15=423d423d x15:4200423d x13:003d0000
19035030ns          342147 1c009140 01d42023 sw               x29, 0(x8)          x29:00000203  x8:1c001324  PA:1c001324
19035349ns          342163 1c009144 320b8313 addi             x6, x23, 800         x6=1c001320 x23:1c001000
19035368ns          342164 1c009148 01c00633 add              x12, x0, x28        x12=423d423d x28:423d423d
19035388ns          342165 1c00914a 5fcc0593 addi             x11, x24, 1532      x11=1c0005fc x24:1c000000
19035408ns          342166 1c00914e 7d4b0513 addi             x10, x22, 2004      x10=1c0007d4 x22:1c000000
19035428ns          342167 1c009152 00f006b3 add              x13, x0, x15        x13=423d423d x15:423d423d
19035448ns          342168 1c009154 002d8d93 addi             x27, x27, 2         x27=00000006 x27:00000004
19035468ns          342169 1c009156 00fe0b63 beq              x28, x15, 22        x28:423d423d x15:423d423d
19035528ns          342172 1c00916c 001e8793 addi             x15, x29, 1         x15=00000204 x29:00000203
19035547ns          342173 1c009170 1c000537 lui              x10, 0x1c000000     x10=1c000000
19035567ns          342174 1c009174 004a0713 addi             x14, x20, 4         x14=1c0012e4 x20:1c0012e0
19035587ns          342175 1c009178 00f42023 sw               x15, 0(x8)          x15:00000204  x8:1c001324  PA:1c001324
19035905ns          342191 1c00917a 5e450593 addi             x11, x10, 1508      x11=1c0005e4 x10:1c000000
19035925ns          342192 1c00917e 320b8313 addi             x6, x23, 800         x6=1c001320 x23:1c001000
19035945ns          342193 1c009182 00e006b3 add              x13, x0, x14        x13=1c0012e4 x14:1c0012e4
19035965ns          342194 1c009184 01a00633 add              x12, x0, x26        x12=1c0012e4 x26:1c0012e4
19035985ns          342195 1c009186 7d4b0513 addi             x10, x22, 2004      x10=1c0007d4 x22:1c000000
19036005ns          342196 1c00918a 01a70963 beq              x14, x26, 18        x14:1c0012e4 x26:1c0012e4
19036065ns          342199 1c00919c 01400613 addi             x12, x0, 20         x12=00000014
19036085ns          342200 1c00919e 00890913 addi             x18, x18, 8         x18=1c001248 x18:1c001240
19036104ns          342201 1c0091a0 00898993 addi             x19, x19, 8         x19=1c00124c x19:1c001244
19036124ns          342202 1c0091a2 008a0a13 addi             x20, x20, 8         x20=1c0012e8 x20:1c0012e0
19036144ns          342203 1c0091a4 f4cd94e3 bne              x27, x12, -184      x27:00000006 x12:00000014
19036204ns          342206 1c0090ec 002d9613 slli             x12, x27, 0x2       x12=00000018 x27:00000006
19036224ns          342207 1c0090f0 00960633 add              x12, x12, x9        x12=1c0012e8 x12:00000018  x9:1c0012d0
19036244ns          342208 1c0090f2 00062023 sw               x0, 0(x12)          x12:1c0012e8  PA:1c0012e8
19036562ns          342224 1c0090f6 00092703 lw               x14, 0(x18)         x14=95208b80 x18:1c001248  PA:1c001248
19036860ns          342239 1c0090fa 0009a783 lw               x15, 0(x19)         x15=86d85335 x19:1c00124c  PA:1c00124c
19037159ns          342254 1c0090fe 01400d33 add              x26, x0, x20        x26=1c0012e8 x20:1c0012e8
19037178ns          342255 1c009100 00ed00ab p.sb             x14, 1(x26!)        x26=1c0012e9 x14:95208b80 x26:1c0012e8  PA:1c0012e8
19037517ns          342272 1c009104 00fd00ab p.sb             x15, 1(x26!)        x26=1c0012ea x15:86d85335 x26:1c0012e9  PA:1c0012e9
19037835ns          342288 1c009108 00ed00ab p.sb             x14, 1(x26!)        x26=1c0012eb x14:95208b80 x26:1c0012ea  PA:1c0012ea
19038153ns          342304 1c00910c 00fd00ab p.sb             x15, 1(x26!)        x26=1c0012ec x15:86d85335 x26:1c0012eb  PA:1c0012eb
19038471ns          342320 1c009110 00e92023 sw               x14, 0(x18)         x14:95208b80 x18:1c001248  PA:1c001248
19038810ns          342337 1c009114 00f9a023 sw               x15, 0(x19)         x15:86d85335 x19:1c00124c  PA:1c00124c
19039128ns          342353 1c009118 00092683 lw               x13, 0(x18)         x13=95208b80 x18:1c001248  PA:1c001248
19039426ns          342368 1c00911c 00042583 lw               x11, 0(x8)          x11=00000204  x8:1c001324  PA:1c001324
19039725ns          342383 1c00911e 01879513 slli             x10, x15, 0x18      x10=35000000 x15:86d85335
19039744ns          342384 1c009122 ee86b733 p.bclr           x14, x13, 23, 8     x14=00000080 x13:95208b80
19039764ns          342385 1c009126 00879793 slli             x15, x15, 0x8       x15=d8533500 x15:86d85335
19039784ns          342386 1c009128 00a76733 or               x14, x14, x10       x14=35000080 x14:00000080 x10:35000000
19039804ns          342387 1c00912a 0157f7b3 and              x15, x15, x21       x15=00003500 x15:d8533500 x21:0000ffff
19039824ns          342388 1c00912e 01069693 slli             x13, x13, 0x10      x13=8b800000 x13:95208b80
19039844ns          342389 1c009130 00158e93 addi             x29, x11, 1         x29=00000205 x11:00000204
19039864ns          342390 1c009134 0196f6b3 and              x13, x13, x25       x13=00800000 x13:8b800000 x25:00ff0000
19039884ns          342391 1c009138 00062e03 lw               x28, 0(x12)         x28=35803580 x12:1c0012e8  PA:1c0012e8
19040202ns          342407 1c00913c 00e7e7b3 or               x15, x15, x14       x15=35003580 x15:00003500 x14:35000080
19040222ns          342408 1c00913e 00d7e7b3 or               x15, x15, x13       x15=35803580 x15:35003580 x13:00800000
19040242ns          342409 1c009140 01d42023 sw               x29, 0(x8)          x29:00000205  x8:1c001324  PA:1c001324
19040560ns          342425 1c009144 320b8313 addi             x6, x23, 800         x6=1c001320 x23:1c001000
19040580ns          342426 1c009148 01c00633 add              x12, x0, x28        x12=35803580 x28:35803580
19040600ns          342427 1c00914a 5fcc0593 addi             x11, x24, 1532      x11=1c0005fc x24:1c000000
19040620ns          342428 1c00914e 7d4b0513 addi             x10, x22, 2004      x10=1c0007d4 x22:1c000000
19040639ns          342429 1c009152 00f006b3 add              x13, x0, x15        x13=35803580 x15:35803580
19040659ns          342430 1c009154 002d8d93 addi             x27, x27, 2         x27=00000008 x27:00000006
19040679ns          342431 1c009156 00fe0b63 beq              x28, x15, 22        x28:35803580 x15:35803580
19040739ns          342434 1c00916c 001e8793 addi             x15, x29, 1         x15=00000206 x29:00000205
19040759ns          342435 1c009170 1c000537 lui              x10, 0x1c000000     x10=1c000000
19040779ns          342436 1c009174 004a0713 addi             x14, x20, 4         x14=1c0012ec x20:1c0012e8
19040799ns          342437 1c009178 00f42023 sw               x15, 0(x8)          x15:00000206  x8:1c001324  PA:1c001324
19041137ns          342454 1c00917a 5e450593 addi             x11, x10, 1508      x11=1c0005e4 x10:1c000000
19041157ns          342455 1c00917e 320b8313 addi             x6, x23, 800         x6=1c001320 x23:1c001000
19041177ns          342456 1c009182 00e006b3 add              x13, x0, x14        x13=1c0012ec x14:1c0012ec
19041196ns          342457 1c009184 01a00633 add              x12, x0, x26        x12=1c0012ec x26:1c0012ec
19041216ns          342458 1c009186 7d4b0513 addi             x10, x22, 2004      x10=1c0007d4 x22:1c000000
19041236ns          342459 1c00918a 01a70963 beq              x14, x26, 18        x14:1c0012ec x26:1c0012ec
19041296ns          342462 1c00919c 01400613 addi             x12, x0, 20         x12=00000014
19041316ns          342463 1c00919e 00890913 addi             x18, x18, 8         x18=1c001250 x18:1c001248
19041336ns          342464 1c0091a0 00898993 addi             x19, x19, 8         x19=1c001254 x19:1c00124c
19041356ns          342465 1c0091a2 008a0a13 addi             x20, x20, 8         x20=1c0012f0 x20:1c0012e8
19041375ns          342466 1c0091a4 f4cd94e3 bne              x27, x12, -184      x27:00000008 x12:00000014
19041435ns          342469 1c0090ec 002d9613 slli             x12, x27, 0x2       x12=00000020 x27:00000008
19041455ns          342470 1c0090f0 00960633 add              x12, x12, x9        x12=1c0012f0 x12:00000020  x9:1c0012d0
19041475ns          342471 1c0090f2 00062023 sw               x0, 0(x12)          x12:1c0012f0  PA:1c0012f0
19041793ns          342487 1c0090f6 00092703 lw               x14, 0(x18)         x14=0fb2823c x18:1c001250  PA:1c001250
19042092ns          342502 1c0090fa 0009a783 lw               x15, 0(x19)         x15=efadfd67 x19:1c001254  PA:1c001254
19042390ns          342517 1c0090fe 01400d33 add              x26, x0, x20        x26=1c0012f0 x20:1c0012f0
19042410ns          342518 1c009100 00ed00ab p.sb             x14, 1(x26!)        x26=1c0012f1 x14:0fb2823c x26:1c0012f0  PA:1c0012f0
19042748ns          342535 1c009104 00fd00ab p.sb             x15, 1(x26!)        x26=1c0012f2 x15:efadfd67 x26:1c0012f1  PA:1c0012f1
19043066ns          342551 1c009108 00ed00ab p.sb             x14, 1(x26!)        x26=1c0012f3 x14:0fb2823c x26:1c0012f2  PA:1c0012f2
19043384ns          342567 1c00910c 00fd00ab p.sb             x15, 1(x26!)        x26=1c0012f4 x15:efadfd67 x26:1c0012f3  PA:1c0012f3
19043703ns          342583 1c009110 00e92023 sw               x14, 0(x18)         x14:0fb2823c x18:1c001250  PA:1c001250
19044021ns          342599 1c009114 00f9a023 sw               x15, 0(x19)         x15:efadfd67 x19:1c001254  PA:1c001254
19044339ns          342615 1c009118 00092683 lw               x13, 0(x18)         x13=0fb2823c x18:1c001250  PA:1c001250
19044638ns          342630 1c00911c 00042583 lw               x11, 0(x8)          x11=00000206  x8:1c001324  PA:1c001324
19044936ns          342645 1c00911e 01879513 slli             x10, x15, 0x18      x10=67000000 x15:efadfd67
19044956ns          342646 1c009122 ee86b733 p.bclr           x14, x13, 23, 8     x14=0000003c x13:0fb2823c
19044976ns          342647 1c009126 00879793 slli             x15, x15, 0x8       x15=adfd6700 x15:efadfd67
19044996ns          342648 1c009128 00a76733 or               x14, x14, x10       x14=6700003c x14:0000003c x10:67000000
19045015ns          342649 1c00912a 0157f7b3 and              x15, x15, x21       x15=00006700 x15:adfd6700 x21:0000ffff
19045035ns          342650 1c00912e 01069693 slli             x13, x13, 0x10      x13=823c0000 x13:0fb2823c
19045055ns          342651 1c009130 00158e93 addi             x29, x11, 1         x29=00000207 x11:00000206
19045075ns          342652 1c009134 0196f6b3 and              x13, x13, x25       x13=003c0000 x13:823c0000 x25:00ff0000
19045095ns          342653 1c009138 00062e03 lw               x28, 0(x12)         x28=673c673c x12:1c0012f0  PA:1c0012f0
19045393ns          342668 1c00913c 00e7e7b3 or               x15, x15, x14       x15=6700673c x15:00006700 x14:6700003c
19045413ns          342669 1c00913e 00d7e7b3 or               x15, x15, x13       x15=673c673c x15:6700673c x13:003c0000
19045433ns          342670 1c009140 01d42023 sw               x29, 0(x8)          x29:00000207  x8:1c001324  PA:1c001324
19045751ns          342686 1c009144 320b8313 addi             x6, x23, 800         x6=1c001320 x23:1c001000
19045771ns          342687 1c009148 01c00633 add              x12, x0, x28        x12=673c673c x28:673c673c
19045791ns          342688 1c00914a 5fcc0593 addi             x11, x24, 1532      x11=1c0005fc x24:1c000000
19045811ns          342689 1c00914e 7d4b0513 addi             x10, x22, 2004      x10=1c0007d4 x22:1c000000
19045831ns          342690 1c009152 00f006b3 add              x13, x0, x15        x13=673c673c x15:673c673c
19045851ns          342691 1c009154 002d8d93 addi             x27, x27, 2         x27=0000000a x27:00000008
19045871ns          342692 1c009156 00fe0b63 beq              x28, x15, 22        x28:673c673c x15:673c673c
19045930ns          342695 1c00916c 001e8793 addi             x15, x29, 1         x15=00000208 x29:00000207
19045950ns          342696 1c009170 1c000537 lui              x10, 0x1c000000     x10=1c000000
19045970ns          342697 1c009174 004a0713 addi             x14, x20, 4         x14=1c0012f4 x20:1c0012f0
19045990ns          342698 1c009178 00f42023 sw               x15, 0(x8)          x15:00000208  x8:1c001324  PA:1c001324
19046308ns          342714 1c00917a 5e450593 addi             x11, x10, 1508      x11=1c0005e4 x10:1c000000
19046328ns          342715 1c00917e 320b8313 addi             x6, x23, 800         x6=1c001320 x23:1c001000
19046348ns          342716 1c009182 00e006b3 add              x13, x0, x14        x13=1c0012f4 x14:1c0012f4
19046368ns          342717 1c009184 01a00633 add              x12, x0, x26        x12=1c0012f4 x26:1c0012f4
19046388ns          342718 1c009186 7d4b0513 addi             x10, x22, 2004      x10=1c0007d4 x22:1c000000
19046408ns          342719 1c00918a 01a70963 beq              x14, x26, 18        x14:1c0012f4 x26:1c0012f4
19046467ns          342722 1c00919c 01400613 addi             x12, x0, 20         x12=00000014
19046487ns          342723 1c00919e 00890913 addi             x18, x18, 8         x18=1c001258 x18:1c001250
19046507ns          342724 1c0091a0 00898993 addi             x19, x19, 8         x19=1c00125c x19:1c001254
19046527ns          342725 1c0091a2 008a0a13 addi             x20, x20, 8         x20=1c0012f8 x20:1c0012f0
19046547ns          342726 1c0091a4 f4cd94e3 bne              x27, x12, -184      x27:0000000a x12:00000014
19046607ns          342729 1c0090ec 002d9613 slli             x12, x27, 0x2       x12=00000028 x27:0000000a
19046627ns          342730 1c0090f0 00960633 add              x12, x12, x9        x12=1c0012f8 x12:00000028  x9:1c0012d0
19046646ns          342731 1c0090f2 00062023 sw               x0, 0(x12)          x12:1c0012f8  PA:1c0012f8
19046965ns          342747 1c0090f6 00092703 lw               x14, 0(x18)         x14=67e06901 x18:1c001258  PA:1c001258
19047263ns          342762 1c0090fa 0009a783 lw               x15, 0(x19)         x15=9a2bb64d x19:1c00125c  PA:1c00125c
19047561ns          342777 1c0090fe 01400d33 add              x26, x0, x20        x26=1c0012f8 x20:1c0012f8
19047581ns          342778 1c009100 00ed00ab p.sb             x14, 1(x26!)        x26=1c0012f9 x14:67e06901 x26:1c0012f8  PA:1c0012f8
19047900ns          342794 1c009104 00fd00ab p.sb             x15, 1(x26!)        x26=1c0012fa x15:9a2bb64d x26:1c0012f9  PA:1c0012f9
19048238ns          342811 1c009108 00ed00ab p.sb             x14, 1(x26!)        x26=1c0012fb x14:67e06901 x26:1c0012fa  PA:1c0012fa
19048556ns          342827 1c00910c 00fd00ab p.sb             x15, 1(x26!)        x26=1c0012fc x15:9a2bb64d x26:1c0012fb  PA:1c0012fb
19048874ns          342843 1c009110 00e92023 sw               x14, 0(x18)         x14:67e06901 x18:1c001258  PA:1c001258
19049212ns          342860 1c009114 00f9a023 sw               x15, 0(x19)         x15:9a2bb64d x19:1c00125c  PA:1c00125c
19049551ns          342877 1c009118 00092683 lw               x13, 0(x18)         x13=67e06901 x18:1c001258  PA:1c001258
19049849ns          342892 1c00911c 00042583 lw               x11, 0(x8)          x11=00000208  x8:1c001324  PA:1c001324
19050147ns          342907 1c00911e 01879513 slli             x10, x15, 0x18      x10=4d000000 x15:9a2bb64d
19050167ns          342908 1c009122 ee86b733 p.bclr           x14, x13, 23, 8     x14=00000001 x13:67e06901
19050187ns          342909 1c009126 00879793 slli             x15, x15, 0x8       x15=2bb64d00 x15:9a2bb64d
19050207ns          342910 1c009128 00a76733 or               x14, x14, x10       x14=4d000001 x14:00000001 x10:4d000000
19050227ns          342911 1c00912a 0157f7b3 and              x15, x15, x21       x15=00004d00 x15:2bb64d00 x21:0000ffff
19050247ns          342912 1c00912e 01069693 slli             x13, x13, 0x10      x13=69010000 x13:67e06901
19050267ns          342913 1c009130 00158e93 addi             x29, x11, 1         x29=00000209 x11:00000208
19050286ns          342914 1c009134 0196f6b3 and              x13, x13, x25       x13=00010000 x13:69010000 x25:00ff0000
19050306ns          342915 1c009138 00062e03 lw               x28, 0(x12)         x28=4d014d01 x12:1c0012f8  PA:1c0012f8
19050625ns          342931 1c00913c 00e7e7b3 or               x15, x15, x14       x15=4d004d01 x15:00004d00 x14:4d000001
19050645ns          342932 1c00913e 00d7e7b3 or               x15, x15, x13       x15=4d014d01 x15:4d004d01 x13:00010000
19050664ns          342933 1c009140 01d42023 sw               x29, 0(x8)          x29:00000209  x8:1c001324  PA:1c001324
19050983ns          342949 1c009144 320b8313 addi             x6, x23, 800         x6=1c001320 x23:1c001000
19051003ns          342950 1c009148 01c00633 add              x12, x0, x28        x12=4d014d01 x28:4d014d01
19051022ns          342951 1c00914a 5fcc0593 addi             x11, x24, 1532      x11=1c0005fc x24:1c000000
19051042ns          342952 1c00914e 7d4b0513 addi             x10, x22, 2004      x10=1c0007d4 x22:1c000000
19051062ns          342953 1c009152 00f006b3 add              x13, x0, x15        x13=4d014d01 x15:4d014d01
19051082ns          342954 1c009154 002d8d93 addi             x27, x27, 2         x27=0000000c x27:0000000a
19051102ns          342955 1c009156 00fe0b63 beq              x28, x15, 22        x28:4d014d01 x15:4d014d01
19051162ns          342958 1c00916c 001e8793 addi             x15, x29, 1         x15=0000020a x29:00000209
19051182ns          342959 1c009170 1c000537 lui              x10, 0x1c000000     x10=1c000000
19051201ns          342960 1c009174 004a0713 addi             x14, x20, 4         x14=1c0012fc x20:1c0012f8
19051221ns          342961 1c009178 00f42023 sw               x15, 0(x8)          x15:0000020a  x8:1c001324  PA:1c001324
19051540ns          342977 1c00917a 5e450593 addi             x11, x10, 1508      x11=1c0005e4 x10:1c000000
19051560ns          342978 1c00917e 320b8313 addi             x6, x23, 800         x6=1c001320 x23:1c001000
19051579ns          342979 1c009182 00e006b3 add              x13, x0, x14        x13=1c0012fc x14:1c0012fc
19051599ns          342980 1c009184 01a00633 add              x12, x0, x26        x12=1c0012fc x26:1c0012fc
19051619ns          342981 1c009186 7d4b0513 addi             x10, x22, 2004      x10=1c0007d4 x22:1c000000
19051639ns          342982 1c00918a 01a70963 beq              x14, x26, 18        x14:1c0012fc x26:1c0012fc
19051699ns          342985 1c00919c 01400613 addi             x12, x0, 20         x12=00000014
19051719ns          342986 1c00919e 00890913 addi             x18, x18, 8         x18=1c001260 x18:1c001258
19051739ns          342987 1c0091a0 00898993 addi             x19, x19, 8         x19=1c001264 x19:1c00125c
19051758ns          342988 1c0091a2 008a0a13 addi             x20, x20, 8         x20=1c001300 x20:1c0012f8
19051778ns          342989 1c0091a4 f4cd94e3 bne              x27, x12, -184      x27:0000000c x12:00000014
19051838ns          342992 1c0090ec 002d9613 slli             x12, x27, 0x2       x12=00000030 x27:0000000c
19051858ns          342993 1c0090f0 00960633 add              x12, x12, x9        x12=1c001300 x12:00000030  x9:1c0012d0
19051878ns          342994 1c0090f2 00062023 sw               x0, 0(x12)          x12:1c001300  PA:1c001300
19052216ns          343011 1c0090f6 00092703 lw               x14, 0(x18)         x14=d788b407 x18:1c001260  PA:1c001260
19052514ns          343026 1c0090fa 0009a783 lw               x15, 0(x19)         x15=ad2fa26f x19:1c001264  PA:1c001264
19052813ns          343041 1c0090fe 01400d33 add              x26, x0, x20        x26=1c001300 x20:1c001300
19052833ns          343042 1c009100 00ed00ab p.sb             x14, 1(x26!)        x26=1c001301 x14:d788b407 x26:1c001300  PA:1c001300
19053151ns          343058 1c009104 00fd00ab p.sb             x15, 1(x26!)        x26=1c001302 x15:ad2fa26f x26:1c001301  PA:1c001301
19053489ns          343075 1c009108 00ed00ab p.sb             x14, 1(x26!)        x26=1c001303 x14:d788b407 x26:1c001302  PA:1c001302
19053807ns          343091 1c00910c 00fd00ab p.sb             x15, 1(x26!)        x26=1c001304 x15:ad2fa26f x26:1c001303  PA:1c001303
19054125ns          343107 1c009110 00e92023 sw               x14, 0(x18)         x14:d788b407 x18:1c001260  PA:1c001260
19054464ns          343124 1c009114 00f9a023 sw               x15, 0(x19)         x15:ad2fa26f x19:1c001264  PA:1c001264
19054782ns          343140 1c009118 00092683 lw               x13, 0(x18)         x13=d788b407 x18:1c001260  PA:1c001260
19055080ns          343155 1c00911c 00042583 lw               x11, 0(x8)          x11=0000020a  x8:1c001324  PA:1c001324
19055379ns          343170 1c00911e 01879513 slli             x10, x15, 0x18      x10=6f000000 x15:ad2fa26f
19055398ns          343171 1c009122 ee86b733 p.bclr           x14, x13, 23, 8     x14=00000007 x13:d788b407
19055418ns          343172 1c009126 00879793 slli             x15, x15, 0x8       x15=2fa26f00 x15:ad2fa26f
19055438ns          343173 1c009128 00a76733 or               x14, x14, x10       x14=6f000007 x14:00000007 x10:6f000000
19055458ns          343174 1c00912a 0157f7b3 and              x15, x15, x21       x15=00006f00 x15:2fa26f00 x21:0000ffff
19055478ns          343175 1c00912e 01069693 slli             x13, x13, 0x10      x13=b4070000 x13:d788b407
19055498ns          343176 1c009130 00158e93 addi             x29, x11, 1         x29=0000020b x11:0000020a
19055518ns          343177 1c009134 0196f6b3 and              x13, x13, x25       x13=00070000 x13:b4070000 x25:00ff0000
19055538ns          343178 1c009138 00062e03 lw               x28, 0(x12)         x28=6f076f07 x12:1c001300  PA:1c001300
19055836ns          343193 1c00913c 00e7e7b3 or               x15, x15, x14       x15=6f006f07 x15:00006f00 x14:6f000007
19055856ns          343194 1c00913e 00d7e7b3 or               x15, x15, x13       x15=6f076f07 x15:6f006f07 x13:00070000
19055876ns          343195 1c009140 01d42023 sw               x29, 0(x8)          x29:0000020b  x8:1c001324  PA:1c001324
19056214ns          343212 1c009144 320b8313 addi             x6, x23, 800         x6=1c001320 x23:1c001000
19056234ns          343213 1c009148 01c00633 add              x12, x0, x28        x12=6f076f07 x28:6f076f07
19056254ns          343214 1c00914a 5fcc0593 addi             x11, x24, 1532      x11=1c0005fc x24:1c000000
19056274ns          343215 1c00914e 7d4b0513 addi             x10, x22, 2004      x10=1c0007d4 x22:1c000000
19056294ns          343216 1c009152 00f006b3 add              x13, x0, x15        x13=6f076f07 x15:6f076f07
19056313ns          343217 1c009154 002d8d93 addi             x27, x27, 2         x27=0000000e x27:0000000c
19056333ns          343218 1c009156 00fe0b63 beq              x28, x15, 22        x28:6f076f07 x15:6f076f07
19056393ns          343221 1c00916c 001e8793 addi             x15, x29, 1         x15=0000020c x29:0000020b
19056413ns          343222 1c009170 1c000537 lui              x10, 0x1c000000     x10=1c000000
19056433ns          343223 1c009174 004a0713 addi             x14, x20, 4         x14=1c001304 x20:1c001300
19056453ns          343224 1c009178 00f42023 sw               x15, 0(x8)          x15:0000020c  x8:1c001324  PA:1c001324
19056791ns          343241 1c00917a 5e450593 addi             x11, x10, 1508      x11=1c0005e4 x10:1c000000
19056811ns          343242 1c00917e 320b8313 addi             x6, x23, 800         x6=1c001320 x23:1c001000
19056831ns          343243 1c009182 00e006b3 add              x13, x0, x14        x13=1c001304 x14:1c001304
19056850ns          343244 1c009184 01a00633 add              x12, x0, x26        x12=1c001304 x26:1c001304
19056870ns          343245 1c009186 7d4b0513 addi             x10, x22, 2004      x10=1c0007d4 x22:1c000000
19056890ns          343246 1c00918a 01a70963 beq              x14, x26, 18        x14:1c001304 x26:1c001304
19056950ns          343249 1c00919c 01400613 addi             x12, x0, 20         x12=00000014
19056970ns          343250 1c00919e 00890913 addi             x18, x18, 8         x18=1c001268 x18:1c001260
19056990ns          343251 1c0091a0 00898993 addi             x19, x19, 8         x19=1c00126c x19:1c001264
19057010ns          343252 1c0091a2 008a0a13 addi             x20, x20, 8         x20=1c001308 x20:1c001300
19057029ns          343253 1c0091a4 f4cd94e3 bne              x27, x12, -184      x27:0000000e x12:00000014
19057089ns          343256 1c0090ec 002d9613 slli             x12, x27, 0x2       x12=00000038 x27:0000000e
19057109ns          343257 1c0090f0 00960633 add              x12, x12, x9        x12=1c001308 x12:00000038  x9:1c0012d0
19057129ns          343258 1c0090f2 00062023 sw               x0, 0(x12)          x12:1c001308  PA:1c001308
19057447ns          343274 1c0090f6 00092703 lw               x14, 0(x18)         x14=e5751375 x18:1c001268  PA:1c001268
19057746ns          343289 1c0090fa 0009a783 lw               x15, 0(x19)         x15=9db7a851 x19:1c00126c  PA:1c00126c
19058044ns          343304 1c0090fe 01400d33 add              x26, x0, x20        x26=1c001308 x20:1c001308
19058064ns          343305 1c009100 00ed00ab p.sb             x14, 1(x26!)        x26=1c001309 x14:e5751375 x26:1c001308  PA:1c001308
19058402ns          343322 1c009104 00fd00ab p.sb             x15, 1(x26!)        x26=1c00130a x15:9db7a851 x26:1c001309  PA:1c001309
19058720ns          343338 1c009108 00ed00ab p.sb             x14, 1(x26!)        x26=1c00130b x14:e5751375 x26:1c00130a  PA:1c00130a
19059038ns          343354 1c00910c 00fd00ab p.sb             x15, 1(x26!)        x26=1c00130c x15:9db7a851 x26:1c00130b  PA:1c00130b
19059357ns          343370 1c009110 00e92023 sw               x14, 0(x18)         x14:e5751375 x18:1c001268  PA:1c001268
19059675ns          343386 1c009114 00f9a023 sw               x15, 0(x19)         x15:9db7a851 x19:1c00126c  PA:1c00126c
19060013ns          343403 1c009118 00092683 lw               x13, 0(x18)         x13=e5751375 x18:1c001268  PA:1c001268
19060331ns          343419 1c00911c 00042583 lw               x11, 0(x8)          x11=0000020c  x8:1c001324  PA:1c001324
19060630ns          343434 1c00911e 01879513 slli             x10, x15, 0x18      x10=51000000 x15:9db7a851
19060650ns          343435 1c009122 ee86b733 p.bclr           x14, x13, 23, 8     x14=00000075 x13:e5751375
19060669ns          343436 1c009126 00879793 slli             x15, x15, 0x8       x15=b7a85100 x15:9db7a851
19060689ns          343437 1c009128 00a76733 or               x14, x14, x10       x14=51000075 x14:00000075 x10:51000000
19060709ns          343438 1c00912a 0157f7b3 and              x15, x15, x21       x15=00005100 x15:b7a85100 x21:0000ffff
19060729ns          343439 1c00912e 01069693 slli             x13, x13, 0x10      x13=13750000 x13:e5751375
19060749ns          343440 1c009130 00158e93 addi             x29, x11, 1         x29=0000020d x11:0000020c
19060769ns          343441 1c009134 0196f6b3 and              x13, x13, x25       x13=00750000 x13:13750000 x25:00ff0000
19060789ns          343442 1c009138 00062e03 lw               x28, 0(x12)         x28=51755175 x12:1c001308  PA:1c001308
19061087ns          343457 1c00913c 00e7e7b3 or               x15, x15, x14       x15=51005175 x15:00005100 x14:51000075
19061107ns          343458 1c00913e 00d7e7b3 or               x15, x15, x13       x15=51755175 x15:51005175 x13:00750000
19061127ns          343459 1c009140 01d42023 sw               x29, 0(x8)          x29:0000020d  x8:1c001324  PA:1c001324
19061445ns          343475 1c009144 320b8313 addi             x6, x23, 800         x6=1c001320 x23:1c001000
19061465ns          343476 1c009148 01c00633 add              x12, x0, x28        x12=51755175 x28:51755175
19061485ns          343477 1c00914a 5fcc0593 addi             x11, x24, 1532      x11=1c0005fc x24:1c000000
19061505ns          343478 1c00914e 7d4b0513 addi             x10, x22, 2004      x10=1c0007d4 x22:1c000000
19061525ns          343479 1c009152 00f006b3 add              x13, x0, x15        x13=51755175 x15:51755175
19061545ns          343480 1c009154 002d8d93 addi             x27, x27, 2         x27=00000010 x27:0000000e
19061565ns          343481 1c009156 00fe0b63 beq              x28, x15, 22        x28:51755175 x15:51755175
19061624ns          343484 1c00916c 001e8793 addi             x15, x29, 1         x15=0000020e x29:0000020d
19061644ns          343485 1c009170 1c000537 lui              x10, 0x1c000000     x10=1c000000
19061664ns          343486 1c009174 004a0713 addi             x14, x20, 4         x14=1c00130c x20:1c001308
19061684ns          343487 1c009178 00f42023 sw               x15, 0(x8)          x15:0000020e  x8:1c001324  PA:1c001324
19062002ns          343503 1c00917a 5e450593 addi             x11, x10, 1508      x11=1c0005e4 x10:1c000000
19062022ns          343504 1c00917e 320b8313 addi             x6, x23, 800         x6=1c001320 x23:1c001000
19062042ns          343505 1c009182 00e006b3 add              x13, x0, x14        x13=1c00130c x14:1c00130c
19062062ns          343506 1c009184 01a00633 add              x12, x0, x26        x12=1c00130c x26:1c00130c
19062082ns          343507 1c009186 7d4b0513 addi             x10, x22, 2004      x10=1c0007d4 x22:1c000000
19062102ns          343508 1c00918a 01a70963 beq              x14, x26, 18        x14:1c00130c x26:1c00130c
19062161ns          343511 1c00919c 01400613 addi             x12, x0, 20         x12=00000014
19062181ns          343512 1c00919e 00890913 addi             x18, x18, 8         x18=1c001270 x18:1c001268
19062201ns          343513 1c0091a0 00898993 addi             x19, x19, 8         x19=1c001274 x19:1c00126c
19062221ns          343514 1c0091a2 008a0a13 addi             x20, x20, 8         x20=1c001310 x20:1c001308
19062241ns          343515 1c0091a4 f4cd94e3 bne              x27, x12, -184      x27:00000010 x12:00000014
19062301ns          343518 1c0090ec 002d9613 slli             x12, x27, 0x2       x12=00000040 x27:00000010
19062320ns          343519 1c0090f0 00960633 add              x12, x12, x9        x12=1c001310 x12:00000040  x9:1c0012d0
19062340ns          343520 1c0090f2 00062023 sw               x0, 0(x12)          x12:1c001310  PA:1c001310
19062659ns          343536 1c0090f6 00092703 lw               x14, 0(x18)         x14=30fa933b x18:1c001270  PA:1c001270
19062957ns          343551 1c0090fa 0009a783 lw               x15, 0(x19)         x15=5b921175 x19:1c001274  PA:1c001274
19063255ns          343566 1c0090fe 01400d33 add              x26, x0, x20        x26=1c001310 x20:1c001310
19063275ns          343567 1c009100 00ed00ab p.sb             x14, 1(x26!)        x26=1c001311 x14:30fa933b x26:1c001310  PA:1c001310
19063593ns          343583 1c009104 00fd00ab p.sb             x15, 1(x26!)        x26=1c001312 x15:5b921175 x26:1c001311  PA:1c001311
19063912ns          343599 1c009108 00ed00ab p.sb             x14, 1(x26!)        x26=1c001313 x14:30fa933b x26:1c001312  PA:1c001312
19064270ns          343617 1c00910c 00fd00ab p.sb             x15, 1(x26!)        x26=1c001314 x15:5b921175 x26:1c001313  PA:1c001313
19064588ns          343633 1c009110 00e92023 sw               x14, 0(x18)         x14:30fa933b x18:1c001270  PA:1c001270
19064906ns          343649 1c009114 00f9a023 sw               x15, 0(x19)         x15:5b921175 x19:1c001274  PA:1c001274
19065224ns          343665 1c009118 00092683 lw               x13, 0(x18)         x13=30fa933b x18:1c001270  PA:1c001270
19065543ns          343681 1c00911c 00042583 lw               x11, 0(x8)          x11=0000020e  x8:1c001324  PA:1c001324
19065841ns          343696 1c00911e 01879513 slli             x10, x15, 0x18      x10=75000000 x15:5b921175
19065861ns          343697 1c009122 ee86b733 p.bclr           x14, x13, 23, 8     x14=0000003b x13:30fa933b
19065881ns          343698 1c009126 00879793 slli             x15, x15, 0x8       x15=92117500 x15:5b921175
19065901ns          343699 1c009128 00a76733 or               x14, x14, x10       x14=7500003b x14:0000003b x10:75000000
19065921ns          343700 1c00912a 0157f7b3 and              x15, x15, x21       x15=00007500 x15:92117500 x21:0000ffff
19065941ns          343701 1c00912e 01069693 slli             x13, x13, 0x10      x13=933b0000 x13:30fa933b
19065960ns          343702 1c009130 00158e93 addi             x29, x11, 1         x29=0000020f x11:0000020e
19065980ns          343703 1c009134 0196f6b3 and              x13, x13, x25       x13=003b0000 x13:933b0000 x25:00ff0000
19066000ns          343704 1c009138 00062e03 lw               x28, 0(x12)         x28=753b753b x12:1c001310  PA:1c001310
19066299ns          343719 1c00913c 00e7e7b3 or               x15, x15, x14       x15=7500753b x15:00007500 x14:7500003b
19066318ns          343720 1c00913e 00d7e7b3 or               x15, x15, x13       x15=753b753b x15:7500753b x13:003b0000
19066338ns          343721 1c009140 01d42023 sw               x29, 0(x8)          x29:0000020f  x8:1c001324  PA:1c001324
19066676ns          343738 1c009144 320b8313 addi             x6, x23, 800         x6=1c001320 x23:1c001000
19066696ns          343739 1c009148 01c00633 add              x12, x0, x28        x12=753b753b x28:753b753b
19066716ns          343740 1c00914a 5fcc0593 addi             x11, x24, 1532      x11=1c0005fc x24:1c000000
19066736ns          343741 1c00914e 7d4b0513 addi             x10, x22, 2004      x10=1c0007d4 x22:1c000000
19066756ns          343742 1c009152 00f006b3 add              x13, x0, x15        x13=753b753b x15:753b753b
19066776ns          343743 1c009154 002d8d93 addi             x27, x27, 2         x27=00000012 x27:00000010
19066796ns          343744 1c009156 00fe0b63 beq              x28, x15, 22        x28:753b753b x15:753b753b
19066855ns          343747 1c00916c 001e8793 addi             x15, x29, 1         x15=00000210 x29:0000020f
19066875ns          343748 1c009170 1c000537 lui              x10, 0x1c000000     x10=1c000000
19066895ns          343749 1c009174 004a0713 addi             x14, x20, 4         x14=1c001314 x20:1c001310
19066915ns          343750 1c009178 00f42023 sw               x15, 0(x8)          x15:00000210  x8:1c001324  PA:1c001324
19067233ns          343766 1c00917a 5e450593 addi             x11, x10, 1508      x11=1c0005e4 x10:1c000000
19067253ns          343767 1c00917e 320b8313 addi             x6, x23, 800         x6=1c001320 x23:1c001000
19067273ns          343768 1c009182 00e006b3 add              x13, x0, x14        x13=1c001314 x14:1c001314
19067293ns          343769 1c009184 01a00633 add              x12, x0, x26        x12=1c001314 x26:1c001314
19067313ns          343770 1c009186 7d4b0513 addi             x10, x22, 2004      x10=1c0007d4 x22:1c000000
19067333ns          343771 1c00918a 01a70963 beq              x14, x26, 18        x14:1c001314 x26:1c001314
19067393ns          343774 1c00919c 01400613 addi             x12, x0, 20         x12=00000014
19067412ns          343775 1c00919e 00890913 addi             x18, x18, 8         x18=1c001278 x18:1c001270
19067432ns          343776 1c0091a0 00898993 addi             x19, x19, 8         x19=1c00127c x19:1c001274
19067452ns          343777 1c0091a2 008a0a13 addi             x20, x20, 8         x20=1c001318 x20:1c001310
19067472ns          343778 1c0091a4 f4cd94e3 bne              x27, x12, -184      x27:00000012 x12:00000014
19067532ns          343781 1c0090ec 002d9613 slli             x12, x27, 0x2       x12=00000048 x27:00000012
19067552ns          343782 1c0090f0 00960633 add              x12, x12, x9        x12=1c001318 x12:00000048  x9:1c0012d0
19067572ns          343783 1c0090f2 00062023 sw               x0, 0(x12)          x12:1c001318  PA:1c001318
19067890ns          343799 1c0090f6 00092703 lw               x14, 0(x18)         x14=17204d1d x18:1c001278  PA:1c001278
19068208ns          343815 1c0090fa 0009a783 lw               x15, 0(x19)         x15=f3fcd381 x19:1c00127c  PA:1c00127c
19068506ns          343830 1c0090fe 01400d33 add              x26, x0, x20        x26=1c001318 x20:1c001318
19068526ns          343831 1c009100 00ed00ab p.sb             x14, 1(x26!)        x26=1c001319 x14:17204d1d x26:1c001318  PA:1c001318
19068845ns          343847 1c009104 00fd00ab p.sb             x15, 1(x26!)        x26=1c00131a x15:f3fcd381 x26:1c001319  PA:1c001319
19069163ns          343863 1c009108 00ed00ab p.sb             x14, 1(x26!)        x26=1c00131b x14:17204d1d x26:1c00131a  PA:1c00131a
19069521ns          343881 1c00910c 00fd00ab p.sb             x15, 1(x26!)        x26=1c00131c x15:f3fcd381 x26:1c00131b  PA:1c00131b
19069839ns          343897 1c009110 00e92023 sw               x14, 0(x18)         x14:17204d1d x18:1c001278  PA:1c001278
19070157ns          343913 1c009114 00f9a023 sw               x15, 0(x19)         x15:f3fcd381 x19:1c00127c  PA:1c00127c
19070476ns          343929 1c009118 00092683 lw               x13, 0(x18)         x13=17204d1d x18:1c001278  PA:1c001278
19070794ns          343945 1c00911c 00042583 lw               x11, 0(x8)          x11=00000210  x8:1c001324  PA:1c001324
19071092ns          343960 1c00911e 01879513 slli             x10, x15, 0x18      x10=81000000 x15:f3fcd381
19071112ns          343961 1c009122 ee86b733 p.bclr           x14, x13, 23, 8     x14=0000001d x13:17204d1d
19071132ns          343962 1c009126 00879793 slli             x15, x15, 0x8       x15=fcd38100 x15:f3fcd381
19071152ns          343963 1c009128 00a76733 or               x14, x14, x10       x14=8100001d x14:0000001d x10:81000000
19071172ns          343964 1c00912a 0157f7b3 and              x15, x15, x21       x15=00008100 x15:fcd38100 x21:0000ffff
19071192ns          343965 1c00912e 01069693 slli             x13, x13, 0x10      x13=4d1d0000 x13:17204d1d
19071212ns          343966 1c009130 00158e93 addi             x29, x11, 1         x29=00000211 x11:00000210
19071231ns          343967 1c009134 0196f6b3 and              x13, x13, x25       x13=001d0000 x13:4d1d0000 x25:00ff0000
19071251ns          343968 1c009138 00062e03 lw               x28, 0(x12)         x28=811d811d x12:1c001318  PA:1c001318
19071550ns          343983 1c00913c 00e7e7b3 or               x15, x15, x14       x15=8100811d x15:00008100 x14:8100001d
19071570ns          343984 1c00913e 00d7e7b3 or               x15, x15, x13       x15=811d811d x15:8100811d x13:001d0000
19071589ns          343985 1c009140 01d42023 sw               x29, 0(x8)          x29:00000211  x8:1c001324  PA:1c001324
19071928ns          344002 1c009144 320b8313 addi             x6, x23, 800         x6=1c001320 x23:1c001000
19071948ns          344003 1c009148 01c00633 add              x12, x0, x28        x12=811d811d x28:811d811d
19071967ns          344004 1c00914a 5fcc0593 addi             x11, x24, 1532      x11=1c0005fc x24:1c000000
19071987ns          344005 1c00914e 7d4b0513 addi             x10, x22, 2004      x10=1c0007d4 x22:1c000000
19072007ns          344006 1c009152 00f006b3 add              x13, x0, x15        x13=811d811d x15:811d811d
19072027ns          344007 1c009154 002d8d93 addi             x27, x27, 2         x27=00000014 x27:00000012
19072047ns          344008 1c009156 00fe0b63 beq              x28, x15, 22        x28:811d811d x15:811d811d
19072107ns          344011 1c00916c 001e8793 addi             x15, x29, 1         x15=00000212 x29:00000211
19072127ns          344012 1c009170 1c000537 lui              x10, 0x1c000000     x10=1c000000
19072146ns          344013 1c009174 004a0713 addi             x14, x20, 4         x14=1c00131c x20:1c001318
19072166ns          344014 1c009178 00f42023 sw               x15, 0(x8)          x15:00000212  x8:1c001324  PA:1c001324
19072485ns          344030 1c00917a 5e450593 addi             x11, x10, 1508      x11=1c0005e4 x10:1c000000
19072504ns          344031 1c00917e 320b8313 addi             x6, x23, 800         x6=1c001320 x23:1c001000
19072524ns          344032 1c009182 00e006b3 add              x13, x0, x14        x13=1c00131c x14:1c00131c
19072544ns          344033 1c009184 01a00633 add              x12, x0, x26        x12=1c00131c x26:1c00131c
19072564ns          344034 1c009186 7d4b0513 addi             x10, x22, 2004      x10=1c0007d4 x22:1c000000
19072584ns          344035 1c00918a 01a70963 beq              x14, x26, 18        x14:1c00131c x26:1c00131c
19072644ns          344038 1c00919c 01400613 addi             x12, x0, 20         x12=00000014
19072664ns          344039 1c00919e 00890913 addi             x18, x18, 8         x18=1c001280 x18:1c001278
19072683ns          344040 1c0091a0 00898993 addi             x19, x19, 8         x19=1c001284 x19:1c00127c
19072703ns          344041 1c0091a2 008a0a13 addi             x20, x20, 8         x20=1c001320 x20:1c001318
19072723ns          344042 1c0091a4 f4cd94e3 bne              x27, x12, -184      x27:00000014 x12:00000014
19072743ns          344043 1c0091a8 04c12083 lw               x1, 76(x2)           x1=1c0097fc  x2:10000798  PA:100007e4
19072763ns          344044 1c0091aa 04812403 lw               x8, 72(x2)           x8=1c001320  x2:10000798  PA:100007e0
19072783ns          344045 1c0091ac 04412483 lw               x9, 68(x2)           x9=xxxxxxxx  x2:10000798  PA:100007dc
19072803ns          344046 1c0091ae 04012903 lw               x18, 64(x2)         x18=xxxxxxxx  x2:10000798  PA:100007d8
19072823ns          344047 1c0091b0 03c12983 lw               x19, 60(x2)         x19=xxxxxxxx  x2:10000798  PA:100007d4
19072843ns          344048 1c0091b2 03812a03 lw               x20, 56(x2)         x20=xxxxxxxx  x2:10000798  PA:100007d0
19072863ns          344049 1c0091b4 03412a83 lw               x21, 52(x2)         x21=xxxxxxxx  x2:10000798  PA:100007cc
19072882ns          344050 1c0091b6 03012b03 lw               x22, 48(x2)         x22=xxxxxxxx  x2:10000798  PA:100007c8
19072902ns          344051 1c0091b8 02c12b83 lw               x23, 44(x2)         x23=xxxxxxxx  x2:10000798  PA:100007c4
19072922ns          344052 1c0091ba 02812c03 lw               x24, 40(x2)         x24=xxxxxxxx  x2:10000798  PA:100007c0
19072942ns          344053 1c0091bc 02412c83 lw               x25, 36(x2)         x25=xxxxxxxx  x2:10000798  PA:100007bc
19072962ns          344054 1c0091be 02012d03 lw               x26, 32(x2)         x26=xxxxxxxx  x2:10000798  PA:100007b8
19073302ns          344071 1c0091c0 01c12d83 lw               x27, 28(x2)         x27=xxxxxxxx  x2:10000798  PA:100007b4
19073322ns          344072 1c0091c2 05010113 addi             x2, x2, 80           x2=100007e8  x2:10000798
19073342ns          344073 1c0091c4 00008067 jalr             x0, x1, 0            x1:1c0097fc
19073422ns          344077 1c0097fc 9cbff0ef jal              x1, -1590            x1=1c0097fe
19073462ns          344079 1c0091c6 fb010113 addi             x2, x2, -80          x2=10000798  x2:100007e8
19073482ns          344080 1c0091c8 03a12023 sw               x26, 32(x2)         x26:xxxxxxxx  x2:10000798  PA:100007b8
19073502ns          344081 1c0091ca 1c001d37 lui              x26, 0x1c001000     x26=1c001000
19073522ns          344082 1c0091ce 03312e23 sw               x19, 60(x2)         x19:xxxxxxxx  x2:10000798  PA:100007d4
19073964ns          344104 1c0091d0 190d0993 addi             x19, x26, 400       x19=1c001190 x26:1c001000
19074004ns          344106 1c0091d4 1c0018b7 lui              x17, 0x1c001000     x17=1c001000
19074024ns          344107 1c0091d8 1c001337 lui              x6, 0x1c001000       x6=1c001000
19074044ns          344108 1c0091dc 04812423 sw               x8, 72(x2)           x8:1c001320  x2:10000798  PA:100007e0
19074064ns          344109 1c0091de 05212023 sw               x18, 64(x2)         x18:xxxxxxxx  x2:10000798  PA:100007d8
19074485ns          344130 1c0091e0 1c001437 lui              x8, 0x1c001000       x8=1c001000
19074526ns          344132 1c0091e4 00498913 addi             x18, x19, 4         x18=1c001194 x19:1c001190
19074546ns          344133 1c0091e8 04912223 sw               x9, 68(x2)           x9:xxxxxxxx  x2:10000798  PA:100007dc
19074566ns          344134 1c0091ea 03412c23 sw               x20, 56(x2)         x20:xxxxxxxx  x2:10000798  PA:100007d0
19074586ns          344135 1c0091ec 03512a23 sw               x21, 52(x2)         x21:xxxxxxxx  x2:10000798  PA:100007cc
19074606ns          344136 1c0091ee 03612823 sw               x22, 48(x2)         x22:xxxxxxxx  x2:10000798  PA:100007c8
19075007ns          344156 1c0091f0 03712623 sw               x23, 44(x2)         x23:xxxxxxxx  x2:10000798  PA:100007c4
19075027ns          344157 1c0091f2 03812423 sw               x24, 40(x2)         x24:xxxxxxxx  x2:10000798  PA:100007c0
19075047ns          344158 1c0091f4 01b12e23 sw               x27, 28(x2)         x27:xxxxxxxx  x2:10000798  PA:100007b4
19075067ns          344159 1c0091f6 28088a13 addi             x20, x17, 640       x20=1c001280 x17:1c001000
19075087ns          344160 1c0091fa 28088493 addi             x9, x17, 640         x9=1c001280 x17:1c001000
19075107ns          344161 1c0091fe 04112623 sw               x1, 76(x2)           x1:1c0097fe  x2:10000798  PA:100007e4
19075529ns          344182 1c009200 03912223 sw               x25, 36(x2)         x25:xxxxxxxx  x2:10000798  PA:100007bc
19075569ns          344184 1c009202 20830a93 addi             x21, x6, 520        x21=1c001208  x6:1c001000
19075589ns          344185 1c009206 28088893 addi             x17, x17, 640       x17=1c001280 x17:1c001000
19075609ns          344186 1c00920a 01200833 add              x16, x0, x18        x16=1c001194 x18:1c001194
19075629ns          344187 1c00920c 20830c13 addi             x24, x6, 520        x24=1c001208  x6:1c001000
19076051ns          344208 1c009210 190d0d13 addi             x26, x26, 400       x26=1c001190 x26:1c001000
19076091ns          344210 1c009214 00000d93 addi             x27, x0, 0          x27=00000000
19076111ns          344211 1c009216 32440413 addi             x8, x8, 804          x8=1c001324  x8:1c001000
19076131ns          344212 1c00921a 1c001bb7 lui              x23, 0x1c001000     x23=1c001000
19076572ns          344234 1c00921e 1c000b37 lui              x22, 0x1c000000     x22=1c000000
19076612ns          344236 1c009222 002d9593 slli             x11, x27, 0x2       x11=00000000 x27:00000000
19076632ns          344237 1c009226 001d8793 addi             x15, x27, 1         x15=00000001 x27:00000000
19076653ns          344238 1c00922a 009585b3 add              x11, x11, x9        x11=1c001280 x11:00000000  x9:1c001280
19076673ns          344239 1c00922c 00279c93 slli             x25, x15, 0x2       x25=00000004 x15:00000001
19077114ns          344261 1c009230 0005a023 sw               x0, 0(x11)          x11:1c001280  PA:1c001280
19077455ns          344278 1c009234 01800f33 add              x30, x0, x24        x30=1c001208 x24:1c001208
19077475ns          344279 1c009236 000c2783 lw               x15, 0(x24)         x15=00000004 x24:1c001208  PA:1c001208
19077796ns          344295 1c00923a 000d2683 lw               x13, 0(x26)         x13=63aa9108 x26:1c001190  PA:1c001190
19078097ns          344310 1c00923e 00082703 lw               x14, 0(x16)         x14=63aa9108 x16:1c001194  PA:1c001194
19078398ns          344325 1c009242 0004eca3 p.sw             x0, x0(x9)           x9:1c001280  PA:1c001284
19078719ns          344341 1c009246 004c0c13 addi             x24, x24, 4         x24=1c00120c x24:1c001208
19078739ns          344342 1c009248 01100633 add              x12, x0, x17        x12=1c001280 x17:1c001280
19078759ns          344343 1c00924a 00d66023 p.sw             x13, x0(x12)        x13:63aa9108 x12:1c001280  PA:1c001280
19079101ns          344360 1c00924e 00e667a3 p.sw             x14, x0(x12)        x14:63aa9108 x12:1c001280  PA:1c001284
19079422ns          344376 1c009252 00dd2023 sw               x13, 0(x26)         x13:63aa9108 x26:1c001190  PA:1c001190
19079743ns          344392 1c009256 00042683 lw               x13, 0(x8)          x13=00000212  x8:1c001324  PA:1c001324
19080044ns          344407 1c009258 00e82023 sw               x14, 0(x16)         x14:63aa9108 x16:1c001194  PA:1c001194
19080365ns          344423 1c00925c 0005a383 lw               x7, 0(x11)           x7=63aa9108 x11:1c001280  PA:1c001280
19080666ns          344438 1c009260 00168713 addi             x14, x13, 1         x14=00000213 x13:00000212
19080686ns          344439 1c009264 000d2283 lw               x5, 0(x26)           x5=63aa9108 x26:1c001190  PA:1c001190
19080987ns          344454 1c009268 1c000537 lui              x10, 0x1c000000     x10=1c000000
19081007ns          344455 1c00926c 00e42023 sw               x14, 0(x8)          x14:00000213  x8:1c001324  PA:1c001324
19081328ns          344471 1c00926e 00ff2023 sw               x15, 0(x30)         x15:00000004 x30:1c001208  PA:1c001208
19081669ns          344488 1c009272 70450593 addi             x11, x10, 1796      x11=1c000704 x10:1c000000
19081689ns          344489 1c009276 320b8f93 addi             x31, x23, 800       x31=1c001320 x23:1c001000
19081709ns          344490 1c00927a 00700633 add              x12, x0, x7         x12=63aa9108  x7:63aa9108
19081729ns          344491 1c00927c 005006b3 add              x13, x0, x5         x13=63aa9108  x5:63aa9108
19081829ns          344496 1c00927e 7d4b0513 addi             x10, x22, 2004      x10=1c0007d4 x22:1c000000
19081849ns          344497 1c009282 002d8d93 addi             x27, x27, 2         x27=00000002 x27:00000000
19081870ns          344498 1c009284 00538e63 beq              x7, x5, 28           x7:63aa9108  x5:63aa9108
19082351ns          344522 1c0092a0 00170713 addi             x14, x14, 1         x14=00000214 x14:00000213
19082391ns          344524 1c0092a2 2194fc83 lw               x25, x25(x9)        x25=63aa9108 x25:00000004  x9:1c001280  PA:1c001284
19082712ns          344540 1c0092a6 00082f03 lw               x30, 0(x16)         x30=63aa9108 x16:1c001194  PA:1c001194
19083033ns          344556 1c0092aa 00e42023 sw               x14, 0(x8)          x14:00000214  x8:1c001324  PA:1c001324
19083374ns          344573 1c0092ac 1c000737 lui              x14, 0x1c000000     x14=1c000000
19083394ns          344574 1c0092b0 320b8f93 addi             x31, x23, 800       x31=1c001320 x23:1c001000
19083415ns          344575 1c0092b4 01e006b3 add              x13, x0, x30        x13=63aa9108 x30:63aa9108
19083435ns          344576 1c0092b6 01900633 add              x12, x0, x25        x12=63aa9108 x25:63aa9108
19083455ns          344577 1c0092b8 72470593 addi             x11, x14, 1828      x11=1c000724 x14:1c000000
19083475ns          344578 1c0092bc 7d4b0513 addi             x10, x22, 2004      x10=1c0007d4 x22:1c000000
19083876ns          344598 1c0092c0 01ec8d63 beq              x25, x30, 26        x25:63aa9108 x30:63aa9108
19084358ns          344622 1c0092da 01400793 addi             x15, x0, 20         x15=00000014
19084398ns          344624 1c0092dc 008d0d13 addi             x26, x26, 8         x26=1c001198 x26:1c001190
19084418ns          344625 1c0092de 00880813 addi             x16, x16, 8         x16=1c00119c x16:1c001194
19084839ns          344646 1c0092e0 00888893 addi             x17, x17, 8         x17=1c001288 x17:1c001280
19084879ns          344648 1c0092e2 f4fd90e3 bne              x27, x15, -192      x27:00000002 x15:00000014
19084960ns          344652 1c009222 002d9593 slli             x11, x27, 0x2       x11=00000008 x27:00000002
19084980ns          344653 1c009226 001d8793 addi             x15, x27, 1         x15=00000003 x27:00000002
19085000ns          344654 1c00922a 009585b3 add              x11, x11, x9        x11=1c001288 x11:00000008  x9:1c001280
19085020ns          344655 1c00922c 00279c93 slli             x25, x15, 0x2       x25=0000000c x15:00000003
19085040ns          344656 1c009230 0005a023 sw               x0, 0(x11)          x11:1c001288  PA:1c001288
19085361ns          344672 1c009234 01800f33 add              x30, x0, x24        x30=1c00120c x24:1c00120c
19085381ns          344673 1c009236 000c2783 lw               x15, 0(x24)         x15=00000004 x24:1c00120c  PA:1c00120c
19085682ns          344688 1c00923a 000d2683 lw               x13, 0(x26)         x13=25e413c4 x26:1c001198  PA:1c001198
19085983ns          344703 1c00923e 00082703 lw               x14, 0(x16)         x14=5d67001f x16:1c00119c  PA:1c00119c
19086284ns          344718 1c009242 0004eca3 p.sw             x0, x0(x9)           x9:1c001280  PA:1c00128c
19086625ns          344735 1c009246 004c0c13 addi             x24, x24, 4         x24=1c001210 x24:1c00120c
19086645ns          344736 1c009248 01100633 add              x12, x0, x17        x12=1c001288 x17:1c001288
19086665ns          344737 1c00924a 00d66023 p.sw             x13, x0(x12)        x13:25e413c4 x12:1c001288  PA:1c001288
19086986ns          344753 1c00924e 00e667a3 p.sw             x14, x0(x12)        x14:5d67001f x12:1c001288  PA:1c00128c
19087307ns          344769 1c009252 00dd2023 sw               x13, 0(x26)         x13:25e413c4 x26:1c001198  PA:1c001198
19087628ns          344785 1c009256 00042683 lw               x13, 0(x8)          x13=00000214  x8:1c001324  PA:1c001324
19087929ns          344800 1c009258 00e82023 sw               x14, 0(x16)         x14:5d67001f x16:1c00119c  PA:1c00119c
19088270ns          344817 1c00925c 0005a383 lw               x7, 0(x11)           x7=25e413c4 x11:1c001288  PA:1c001288
19088571ns          344832 1c009260 00168713 addi             x14, x13, 1         x14=00000215 x13:00000214
19088591ns          344833 1c009264 000d2283 lw               x5, 0(x26)           x5=25e413c4 x26:1c001198  PA:1c001198
19088892ns          344848 1c009268 1c000537 lui              x10, 0x1c000000     x10=1c000000
19088912ns          344849 1c00926c 00e42023 sw               x14, 0(x8)          x14:00000215  x8:1c001324  PA:1c001324
19089234ns          344865 1c00926e 00ff2023 sw               x15, 0(x30)         x15:00000004 x30:1c00120c  PA:1c00120c
19089575ns          344882 1c009272 70450593 addi             x11, x10, 1796      x11=1c000704 x10:1c000000
19089595ns          344883 1c009276 320b8f93 addi             x31, x23, 800       x31=1c001320 x23:1c001000
19089615ns          344884 1c00927a 00700633 add              x12, x0, x7         x12=25e413c4  x7:25e413c4
19089635ns          344885 1c00927c 005006b3 add              x13, x0, x5         x13=25e413c4  x5:25e413c4
19089655ns          344886 1c00927e 7d4b0513 addi             x10, x22, 2004      x10=1c0007d4 x22:1c000000
19089675ns          344887 1c009282 002d8d93 addi             x27, x27, 2         x27=00000004 x27:00000002
19089695ns          344888 1c009284 00538e63 beq              x7, x5, 28           x7:25e413c4  x5:25e413c4
19090177ns          344912 1c0092a0 00170713 addi             x14, x14, 1         x14=00000216 x14:00000215
19090197ns          344913 1c0092a2 2194fc83 lw               x25, x25(x9)        x25=5d67001f x25:0000000c  x9:1c001280  PA:1c00128c
19090498ns          344928 1c0092a6 00082f03 lw               x30, 0(x16)         x30=5d67001f x16:1c00119c  PA:1c00119c
19090799ns          344943 1c0092aa 00e42023 sw               x14, 0(x8)          x14:00000216  x8:1c001324  PA:1c001324
19091140ns          344960 1c0092ac 1c000737 lui              x14, 0x1c000000     x14=1c000000
19091160ns          344961 1c0092b0 320b8f93 addi             x31, x23, 800       x31=1c001320 x23:1c001000
19091180ns          344962 1c0092b4 01e006b3 add              x13, x0, x30        x13=5d67001f x30:5d67001f
19091200ns          344963 1c0092b6 01900633 add              x12, x0, x25        x12=5d67001f x25:5d67001f
19091220ns          344964 1c0092b8 72470593 addi             x11, x14, 1828      x11=1c000724 x14:1c000000
19091240ns          344965 1c0092bc 7d4b0513 addi             x10, x22, 2004      x10=1c0007d4 x22:1c000000
19091260ns          344966 1c0092c0 01ec8d63 beq              x25, x30, 26        x25:5d67001f x30:5d67001f
19091320ns          344969 1c0092da 01400793 addi             x15, x0, 20         x15=00000014
19091340ns          344970 1c0092dc 008d0d13 addi             x26, x26, 8         x26=1c0011a0 x26:1c001198
19091360ns          344971 1c0092de 00880813 addi             x16, x16, 8         x16=1c0011a4 x16:1c00119c
19091381ns          344972 1c0092e0 00888893 addi             x17, x17, 8         x17=1c001290 x17:1c001288
19091401ns          344973 1c0092e2 f4fd90e3 bne              x27, x15, -192      x27:00000004 x15:00000014
19091922ns          344999 1c009222 002d9593 slli             x11, x27, 0x2       x11=00000010 x27:00000004
19091942ns          345000 1c009226 001d8793 addi             x15, x27, 1         x15=00000005 x27:00000004
19091962ns          345001 1c00922a 009585b3 add              x11, x11, x9        x11=1c001290 x11:00000010  x9:1c001280
19091982ns          345002 1c00922c 00279c93 slli             x25, x15, 0x2       x25=00000014 x15:00000005
19092003ns          345003 1c009230 0005a023 sw               x0, 0(x11)          x11:1c001290  PA:1c001290
19092324ns          345019 1c009234 01800f33 add              x30, x0, x24        x30=1c001210 x24:1c001210
19092344ns          345020 1c009236 000c2783 lw               x15, 0(x24)         x15=00000004 x24:1c001210  PA:1c001210
19092665ns          345036 1c00923a 000d2683 lw               x13, 0(x26)         x13=5d67001f x26:1c0011a0  PA:1c0011a0
19092986ns          345052 1c00923e 00082703 lw               x14, 0(x16)         x14=c46acaca x16:1c0011a4  PA:1c0011a4
19093287ns          345067 1c009242 0004eca3 p.sw             x0, x0(x9)           x9:1c001280  PA:1c001294
19093608ns          345083 1c009246 004c0c13 addi             x24, x24, 4         x24=1c001214 x24:1c001210
19093628ns          345084 1c009248 01100633 add              x12, x0, x17        x12=1c001290 x17:1c001290
19093648ns          345085 1c00924a 00d66023 p.sw             x13, x0(x12)        x13:5d67001f x12:1c001290  PA:1c001290
19093989ns          345102 1c00924e 00e667a3 p.sw             x14, x0(x12)        x14:c46acaca x12:1c001290  PA:1c001294
19094310ns          345118 1c009252 00dd2023 sw               x13, 0(x26)         x13:5d67001f x26:1c0011a0  PA:1c0011a0
19094631ns          345134 1c009256 00042683 lw               x13, 0(x8)          x13=00000216  x8:1c001324  PA:1c001324
19094932ns          345149 1c009258 00e82023 sw               x14, 0(x16)         x14:c46acaca x16:1c0011a4  PA:1c0011a4
19095253ns          345165 1c00925c 0005a383 lw               x7, 0(x11)           x7=5d67001f x11:1c001290  PA:1c001290
19095554ns          345180 1c009260 00168713 addi             x14, x13, 1         x14=00000217 x13:00000216
19095574ns          345181 1c009264 000d2283 lw               x5, 0(x26)           x5=5d67001f x26:1c0011a0  PA:1c0011a0
19095895ns          345197 1c009268 1c000537 lui              x10, 0x1c000000     x10=1c000000
19095915ns          345198 1c00926c 00e42023 sw               x14, 0(x8)          x14:00000217  x8:1c001324  PA:1c001324
19096236ns          345214 1c00926e 00ff2023 sw               x15, 0(x30)         x15:00000004 x30:1c001210  PA:1c001210
19096557ns          345230 1c009272 70450593 addi             x11, x10, 1796      x11=1c000704 x10:1c000000
19096577ns          345231 1c009276 320b8f93 addi             x31, x23, 800       x31=1c001320 x23:1c001000
19096597ns          345232 1c00927a 00700633 add              x12, x0, x7         x12=5d67001f  x7:5d67001f
19096618ns          345233 1c00927c 005006b3 add              x13, x0, x5         x13=5d67001f  x5:5d67001f
19096638ns          345234 1c00927e 7d4b0513 addi             x10, x22, 2004      x10=1c0007d4 x22:1c000000
19096658ns          345235 1c009282 002d8d93 addi             x27, x27, 2         x27=00000006 x27:00000004
19096678ns          345236 1c009284 00538e63 beq              x7, x5, 28           x7:5d67001f  x5:5d67001f
19096738ns          345239 1c0092a0 00170713 addi             x14, x14, 1         x14=00000218 x14:00000217
19096758ns          345240 1c0092a2 2194fc83 lw               x25, x25(x9)        x25=c46acaca x25:00000014  x9:1c001280  PA:1c001294
19097059ns          345255 1c0092a6 00082f03 lw               x30, 0(x16)         x30=c46acaca x16:1c0011a4  PA:1c0011a4
19097360ns          345270 1c0092aa 00e42023 sw               x14, 0(x8)          x14:00000218  x8:1c001324  PA:1c001324
19097681ns          345286 1c0092ac 1c000737 lui              x14, 0x1c000000     x14=1c000000
19097701ns          345287 1c0092b0 320b8f93 addi             x31, x23, 800       x31=1c001320 x23:1c001000
19097721ns          345288 1c0092b4 01e006b3 add              x13, x0, x30        x13=c46acaca x30:c46acaca
19097741ns          345289 1c0092b6 01900633 add              x12, x0, x25        x12=c46acaca x25:c46acaca
19097761ns          345290 1c0092b8 72470593 addi             x11, x14, 1828      x11=1c000724 x14:1c000000
19097781ns          345291 1c0092bc 7d4b0513 addi             x10, x22, 2004      x10=1c0007d4 x22:1c000000
19097801ns          345292 1c0092c0 01ec8d63 beq              x25, x30, 26        x25:c46acaca x30:c46acaca
19097862ns          345295 1c0092da 01400793 addi             x15, x0, 20         x15=00000014
19097882ns          345296 1c0092dc 008d0d13 addi             x26, x26, 8         x26=1c0011a8 x26:1c0011a0
19097902ns          345297 1c0092de 00880813 addi             x16, x16, 8         x16=1c0011ac x16:1c0011a4
19097922ns          345298 1c0092e0 00888893 addi             x17, x17, 8         x17=1c001298 x17:1c001290
19097942ns          345299 1c0092e2 f4fd90e3 bne              x27, x15, -192      x27:00000006 x15:00000014
19098022ns          345303 1c009222 002d9593 slli             x11, x27, 0x2       x11=00000018 x27:00000006
19098042ns          345304 1c009226 001d8793 addi             x15, x27, 1         x15=00000007 x27:00000006
19098062ns          345305 1c00922a 009585b3 add              x11, x11, x9        x11=1c001298 x11:00000018  x9:1c001280
19098082ns          345306 1c00922c 00279c93 slli             x25, x15, 0x2       x25=0000001c x15:00000007
19098102ns          345307 1c009230 0005a023 sw               x0, 0(x11)          x11:1c001298  PA:1c001298
19098423ns          345323 1c009234 01800f33 add              x30, x0, x24        x30=1c001214 x24:1c001214
19098444ns          345324 1c009236 000c2783 lw               x15, 0(x24)         x15=00000004 x24:1c001214  PA:1c001214
19098744ns          345339 1c00923a 000d2683 lw               x13, 0(x26)         x13=f7770b5e x26:1c0011a8  PA:1c0011a8
19099045ns          345354 1c00923e 00082703 lw               x14, 0(x16)         x14=f7770b5e x16:1c0011ac  PA:1c0011ac
19099367ns          345370 1c009242 0004eca3 p.sw             x0, x0(x9)           x9:1c001280  PA:1c00129c
19099688ns          345386 1c009246 004c0c13 addi             x24, x24, 4         x24=1c001218 x24:1c001214
19099708ns          345387 1c009248 01100633 add              x12, x0, x17        x12=1c001298 x17:1c001298
19099728ns          345388 1c00924a 00d66023 p.sw             x13, x0(x12)        x13:f7770b5e x12:1c001298  PA:1c001298
19100049ns          345404 1c00924e 00e667a3 p.sw             x14, x0(x12)        x14:f7770b5e x12:1c001298  PA:1c00129c
19100370ns          345420 1c009252 00dd2023 sw               x13, 0(x26)         x13:f7770b5e x26:1c0011a8  PA:1c0011a8
19100691ns          345436 1c009256 00042683 lw               x13, 0(x8)          x13=00000218  x8:1c001324  PA:1c001324
19100992ns          345451 1c009258 00e82023 sw               x14, 0(x16)         x14:f7770b5e x16:1c0011ac  PA:1c0011ac
19101313ns          345467 1c00925c 0005a383 lw               x7, 0(x11)           x7=f7770b5e x11:1c001298  PA:1c001298
19101614ns          345482 1c009260 00168713 addi             x14, x13, 1         x14=00000219 x13:00000218
19101634ns          345483 1c009264 000d2283 lw               x5, 0(x26)           x5=f7770b5e x26:1c0011a8  PA:1c0011a8
19101955ns          345499 1c009268 1c000537 lui              x10, 0x1c000000     x10=1c000000
19101975ns          345500 1c00926c 00e42023 sw               x14, 0(x8)          x14:00000219  x8:1c001324  PA:1c001324
19102296ns          345516 1c00926e 00ff2023 sw               x15, 0(x30)         x15:00000004 x30:1c001214  PA:1c001214
19102617ns          345532 1c009272 70450593 addi             x11, x10, 1796      x11=1c000704 x10:1c000000
19102637ns          345533 1c009276 320b8f93 addi             x31, x23, 800       x31=1c001320 x23:1c001000
19102657ns          345534 1c00927a 00700633 add              x12, x0, x7         x12=f7770b5e  x7:f7770b5e
19102677ns          345535 1c00927c 005006b3 add              x13, x0, x5         x13=f7770b5e  x5:f7770b5e
19102697ns          345536 1c00927e 7d4b0513 addi             x10, x22, 2004      x10=1c0007d4 x22:1c000000
19102717ns          345537 1c009282 002d8d93 addi             x27, x27, 2         x27=00000008 x27:00000006
19102737ns          345538 1c009284 00538e63 beq              x7, x5, 28           x7:f7770b5e  x5:f7770b5e
19102798ns          345541 1c0092a0 00170713 addi             x14, x14, 1         x14=0000021a x14:00000219
19102818ns          345542 1c0092a2 2194fc83 lw               x25, x25(x9)        x25=f7770b5e x25:0000001c  x9:1c001280  PA:1c00129c
19103119ns          345557 1c0092a6 00082f03 lw               x30, 0(x16)         x30=f7770b5e x16:1c0011ac  PA:1c0011ac
19103420ns          345572 1c0092aa 00e42023 sw               x14, 0(x8)          x14:0000021a  x8:1c001324  PA:1c001324
19103741ns          345588 1c0092ac 1c000737 lui              x14, 0x1c000000     x14=1c000000
19103761ns          345589 1c0092b0 320b8f93 addi             x31, x23, 800       x31=1c001320 x23:1c001000
19103781ns          345590 1c0092b4 01e006b3 add              x13, x0, x30        x13=f7770b5e x30:f7770b5e
19103801ns          345591 1c0092b6 01900633 add              x12, x0, x25        x12=f7770b5e x25:f7770b5e
19103821ns          345592 1c0092b8 72470593 addi             x11, x14, 1828      x11=1c000724 x14:1c000000
19103841ns          345593 1c0092bc 7d4b0513 addi             x10, x22, 2004      x10=1c0007d4 x22:1c000000
19103861ns          345594 1c0092c0 01ec8d63 beq              x25, x30, 26        x25:f7770b5e x30:f7770b5e
19103921ns          345597 1c0092da 01400793 addi             x15, x0, 20         x15=00000014
19103941ns          345598 1c0092dc 008d0d13 addi             x26, x26, 8         x26=1c0011b0 x26:1c0011a8
19103961ns          345599 1c0092de 00880813 addi             x16, x16, 8         x16=1c0011b4 x16:1c0011ac
19103982ns          345600 1c0092e0 00888893 addi             x17, x17, 8         x17=1c0012a0 x17:1c001298
19104002ns          345601 1c0092e2 f4fd90e3 bne              x27, x15, -192      x27:00000008 x15:00000014
19104082ns          345605 1c009222 002d9593 slli             x11, x27, 0x2       x11=00000020 x27:00000008
19104102ns          345606 1c009226 001d8793 addi             x15, x27, 1         x15=00000009 x27:00000008
19104122ns          345607 1c00922a 009585b3 add              x11, x11, x9        x11=1c0012a0 x11:00000020  x9:1c001280
19104142ns          345608 1c00922c 00279c93 slli             x25, x15, 0x2       x25=00000024 x15:00000009
19104162ns          345609 1c009230 0005a023 sw               x0, 0(x11)          x11:1c0012a0  PA:1c0012a0
19104483ns          345625 1c009234 01800f33 add              x30, x0, x24        x30=1c001218 x24:1c001218
19104503ns          345626 1c009236 000c2783 lw               x15, 0(x24)         x15=00000004 x24:1c001218  PA:1c001218
19104804ns          345641 1c00923a 000d2683 lw               x13, 0(x26)         x13=546c1d01 x26:1c0011b0  PA:1c0011b0
19105105ns          345656 1c00923e 00082703 lw               x14, 0(x16)         x14=7731d12b x16:1c0011b4  PA:1c0011b4
19105406ns          345671 1c009242 0004eca3 p.sw             x0, x0(x9)           x9:1c001280  PA:1c0012a4
19105747ns          345688 1c009246 004c0c13 addi             x24, x24, 4         x24=1c00121c x24:1c001218
19105767ns          345689 1c009248 01100633 add              x12, x0, x17        x12=1c0012a0 x17:1c0012a0
19105787ns          345690 1c00924a 00d66023 p.sw             x13, x0(x12)        x13:546c1d01 x12:1c0012a0  PA:1c0012a0
19106108ns          345706 1c00924e 00e667a3 p.sw             x14, x0(x12)        x14:7731d12b x12:1c0012a0  PA:1c0012a4
19106430ns          345722 1c009252 00dd2023 sw               x13, 0(x26)         x13:546c1d01 x26:1c0011b0  PA:1c0011b0
19106751ns          345738 1c009256 00042683 lw               x13, 0(x8)          x13=0000021a  x8:1c001324  PA:1c001324
19107052ns          345753 1c009258 00e82023 sw               x14, 0(x16)         x14:7731d12b x16:1c0011b4  PA:1c0011b4
19107373ns          345769 1c00925c 0005a383 lw               x7, 0(x11)           x7=546c1d01 x11:1c0012a0  PA:1c0012a0
19107674ns          345784 1c009260 00168713 addi             x14, x13, 1         x14=0000021b x13:0000021a
19107694ns          345785 1c009264 000d2283 lw               x5, 0(x26)           x5=546c1d01 x26:1c0011b0  PA:1c0011b0
19108015ns          345801 1c009268 1c000537 lui              x10, 0x1c000000     x10=1c000000
19108035ns          345802 1c00926c 00e42023 sw               x14, 0(x8)          x14:0000021b  x8:1c001324  PA:1c001324
19108356ns          345818 1c00926e 00ff2023 sw               x15, 0(x30)         x15:00000004 x30:1c001218  PA:1c001218
19108677ns          345834 1c009272 70450593 addi             x11, x10, 1796      x11=1c000704 x10:1c000000
19108697ns          345835 1c009276 320b8f93 addi             x31, x23, 800       x31=1c001320 x23:1c001000
19108717ns          345836 1c00927a 00700633 add              x12, x0, x7         x12=546c1d01  x7:546c1d01
19108737ns          345837 1c00927c 005006b3 add              x13, x0, x5         x13=546c1d01  x5:546c1d01
19108757ns          345838 1c00927e 7d4b0513 addi             x10, x22, 2004      x10=1c0007d4 x22:1c000000
19108777ns          345839 1c009282 002d8d93 addi             x27, x27, 2         x27=0000000a x27:00000008
19108797ns          345840 1c009284 00538e63 beq              x7, x5, 28           x7:546c1d01  x5:546c1d01
19108857ns          345843 1c0092a0 00170713 addi             x14, x14, 1         x14=0000021c x14:0000021b
19108877ns          345844 1c0092a2 2194fc83 lw               x25, x25(x9)        x25=7731d12b x25:00000024  x9:1c001280  PA:1c0012a4
19109178ns          345859 1c0092a6 00082f03 lw               x30, 0(x16)         x30=7731d12b x16:1c0011b4  PA:1c0011b4
19109479ns          345874 1c0092aa 00e42023 sw               x14, 0(x8)          x14:0000021c  x8:1c001324  PA:1c001324
19109801ns          345890 1c0092ac 1c000737 lui              x14, 0x1c000000     x14=1c000000
19109821ns          345891 1c0092b0 320b8f93 addi             x31, x23, 800       x31=1c001320 x23:1c001000
19109841ns          345892 1c0092b4 01e006b3 add              x13, x0, x30        x13=7731d12b x30:7731d12b
19109861ns          345893 1c0092b6 01900633 add              x12, x0, x25        x12=7731d12b x25:7731d12b
19109881ns          345894 1c0092b8 72470593 addi             x11, x14, 1828      x11=1c000724 x14:1c000000
19109901ns          345895 1c0092bc 7d4b0513 addi             x10, x22, 2004      x10=1c0007d4 x22:1c000000
19109921ns          345896 1c0092c0 01ec8d63 beq              x25, x30, 26        x25:7731d12b x30:7731d12b
19109981ns          345899 1c0092da 01400793 addi             x15, x0, 20         x15=00000014
19110001ns          345900 1c0092dc 008d0d13 addi             x26, x26, 8         x26=1c0011b8 x26:1c0011b0
19110021ns          345901 1c0092de 00880813 addi             x16, x16, 8         x16=1c0011bc x16:1c0011b4
19110041ns          345902 1c0092e0 00888893 addi             x17, x17, 8         x17=1c0012a8 x17:1c0012a0
19110061ns          345903 1c0092e2 f4fd90e3 bne              x27, x15, -192      x27:0000000a x15:00000014
19110142ns          345907 1c009222 002d9593 slli             x11, x27, 0x2       x11=00000028 x27:0000000a
19110162ns          345908 1c009226 001d8793 addi             x15, x27, 1         x15=0000000b x27:0000000a
19110182ns          345909 1c00922a 009585b3 add              x11, x11, x9        x11=1c0012a8 x11:00000028  x9:1c001280
19110202ns          345910 1c00922c 00279c93 slli             x25, x15, 0x2       x25=0000002c x15:0000000b
19110222ns          345911 1c009230 0005a023 sw               x0, 0(x11)          x11:1c0012a8  PA:1c0012a8
19110543ns          345927 1c009234 01800f33 add              x30, x0, x24        x30=1c00121c x24:1c00121c
19110563ns          345928 1c009236 000c2783 lw               x15, 0(x24)         x15=00000004 x24:1c00121c  PA:1c00121c
19110864ns          345943 1c00923a 000d2683 lw               x13, 0(x26)         x13=7731d12b x26:1c0011b8  PA:1c0011b8
19111165ns          345958 1c00923e 00082703 lw               x14, 0(x16)         x14=c3d2b565 x16:1c0011bc  PA:1c0011bc
19111466ns          345973 1c009242 0004eca3 p.sw             x0, x0(x9)           x9:1c001280  PA:1c0012ac
19111787ns          345989 1c009246 004c0c13 addi             x24, x24, 4         x24=1c001220 x24:1c00121c
19111807ns          345990 1c009248 01100633 add              x12, x0, x17        x12=1c0012a8 x17:1c0012a8
19111827ns          345991 1c00924a 00d66023 p.sw             x13, x0(x12)        x13:7731d12b x12:1c0012a8  PA:1c0012a8
19112168ns          346008 1c00924e 00e667a3 p.sw             x14, x0(x12)        x14:c3d2b565 x12:1c0012a8  PA:1c0012ac
19112489ns          346024 1c009252 00dd2023 sw               x13, 0(x26)         x13:7731d12b x26:1c0011b8  PA:1c0011b8
19112810ns          346040 1c009256 00042683 lw               x13, 0(x8)          x13=0000021c  x8:1c001324  PA:1c001324
19113111ns          346055 1c009258 00e82023 sw               x14, 0(x16)         x14:c3d2b565 x16:1c0011bc  PA:1c0011bc
19113432ns          346071 1c00925c 0005a383 lw               x7, 0(x11)           x7=7731d12b x11:1c0012a8  PA:1c0012a8
19113733ns          346086 1c009260 00168713 addi             x14, x13, 1         x14=0000021d x13:0000021c
19113753ns          346087 1c009264 000d2283 lw               x5, 0(x26)           x5=7731d12b x26:1c0011b8  PA:1c0011b8
19114074ns          346103 1c009268 1c000537 lui              x10, 0x1c000000     x10=1c000000
19114094ns          346104 1c00926c 00e42023 sw               x14, 0(x8)          x14:0000021d  x8:1c001324  PA:1c001324
19114416ns          346120 1c00926e 00ff2023 sw               x15, 0(x30)         x15:00000004 x30:1c00121c  PA:1c00121c
19114737ns          346136 1c009272 70450593 addi             x11, x10, 1796      x11=1c000704 x10:1c000000
19114757ns          346137 1c009276 320b8f93 addi             x31, x23, 800       x31=1c001320 x23:1c001000
19114777ns          346138 1c00927a 00700633 add              x12, x0, x7         x12=7731d12b  x7:7731d12b
19114797ns          346139 1c00927c 005006b3 add              x13, x0, x5         x13=7731d12b  x5:7731d12b
19114817ns          346140 1c00927e 7d4b0513 addi             x10, x22, 2004      x10=1c0007d4 x22:1c000000
19114837ns          346141 1c009282 002d8d93 addi             x27, x27, 2         x27=0000000c x27:0000000a
19114857ns          346142 1c009284 00538e63 beq              x7, x5, 28           x7:7731d12b  x5:7731d12b
19114917ns          346145 1c0092a0 00170713 addi             x14, x14, 1         x14=0000021e x14:0000021d
19114937ns          346146 1c0092a2 2194fc83 lw               x25, x25(x9)        x25=c3d2b565 x25:0000002c  x9:1c001280  PA:1c0012ac
19115258ns          346162 1c0092a6 00082f03 lw               x30, 0(x16)         x30=c3d2b565 x16:1c0011bc  PA:1c0011bc
19115559ns          346177 1c0092aa 00e42023 sw               x14, 0(x8)          x14:0000021e  x8:1c001324  PA:1c001324
19115900ns          346194 1c0092ac 1c000737 lui              x14, 0x1c000000     x14=1c000000
19115920ns          346195 1c0092b0 320b8f93 addi             x31, x23, 800       x31=1c001320 x23:1c001000
19115941ns          346196 1c0092b4 01e006b3 add              x13, x0, x30        x13=c3d2b565 x30:c3d2b565
19115961ns          346197 1c0092b6 01900633 add              x12, x0, x25        x12=c3d2b565 x25:c3d2b565
19115981ns          346198 1c0092b8 72470593 addi             x11, x14, 1828      x11=1c000724 x14:1c000000
19116001ns          346199 1c0092bc 7d4b0513 addi             x10, x22, 2004      x10=1c0007d4 x22:1c000000
19116021ns          346200 1c0092c0 01ec8d63 beq              x25, x30, 26        x25:c3d2b565 x30:c3d2b565
19116081ns          346203 1c0092da 01400793 addi             x15, x0, 20         x15=00000014
19116101ns          346204 1c0092dc 008d0d13 addi             x26, x26, 8         x26=1c0011c0 x26:1c0011b8
19116121ns          346205 1c0092de 00880813 addi             x16, x16, 8         x16=1c0011c4 x16:1c0011bc
19116141ns          346206 1c0092e0 00888893 addi             x17, x17, 8         x17=1c0012b0 x17:1c0012a8
19116161ns          346207 1c0092e2 f4fd90e3 bne              x27, x15, -192      x27:0000000c x15:00000014
19116241ns          346211 1c009222 002d9593 slli             x11, x27, 0x2       x11=00000030 x27:0000000c
19116262ns          346212 1c009226 001d8793 addi             x15, x27, 1         x15=0000000d x27:0000000c
19116282ns          346213 1c00922a 009585b3 add              x11, x11, x9        x11=1c0012b0 x11:00000030  x9:1c001280
19116302ns          346214 1c00922c 00279c93 slli             x25, x15, 0x2       x25=00000034 x15:0000000d
19116322ns          346215 1c009230 0005a023 sw               x0, 0(x11)          x11:1c0012b0  PA:1c0012b0
19116643ns          346231 1c009234 01800f33 add              x30, x0, x24        x30=1c001220 x24:1c001220
19116663ns          346232 1c009236 000c2783 lw               x15, 0(x24)         x15=00000004 x24:1c001220  PA:1c001220
19116964ns          346247 1c00923a 000d2683 lw               x13, 0(x26)         x13=2bc87ab4 x26:1c0011c0  PA:1c0011c0
19117265ns          346262 1c00923e 00082703 lw               x14, 0(x16)         x14=2bc87ab4 x16:1c0011c4  PA:1c0011c4
19117566ns          346277 1c009242 0004eca3 p.sw             x0, x0(x9)           x9:1c001280  PA:1c0012b4
19117907ns          346294 1c009246 004c0c13 addi             x24, x24, 4         x24=1c001224 x24:1c001220
19117927ns          346295 1c009248 01100633 add              x12, x0, x17        x12=1c0012b0 x17:1c0012b0
19117947ns          346296 1c00924a 00d66023 p.sw             x13, x0(x12)        x13:2bc87ab4 x12:1c0012b0  PA:1c0012b0
19118268ns          346312 1c00924e 00e667a3 p.sw             x14, x0(x12)        x14:2bc87ab4 x12:1c0012b0  PA:1c0012b4
19118589ns          346328 1c009252 00dd2023 sw               x13, 0(x26)         x13:2bc87ab4 x26:1c0011c0  PA:1c0011c0
19118930ns          346345 1c009256 00042683 lw               x13, 0(x8)          x13=0000021e  x8:1c001324  PA:1c001324
19119231ns          346360 1c009258 00e82023 sw               x14, 0(x16)         x14:2bc87ab4 x16:1c0011c4  PA:1c0011c4
19119552ns          346376 1c00925c 0005a383 lw               x7, 0(x11)           x7=2bc87ab4 x11:1c0012b0  PA:1c0012b0
19119853ns          346391 1c009260 00168713 addi             x14, x13, 1         x14=0000021f x13:0000021e
19119873ns          346392 1c009264 000d2283 lw               x5, 0(x26)           x5=2bc87ab4 x26:1c0011c0  PA:1c0011c0
19120174ns          346407 1c009268 1c000537 lui              x10, 0x1c000000     x10=1c000000
19120194ns          346408 1c00926c 00e42023 sw               x14, 0(x8)          x14:0000021f  x8:1c001324  PA:1c001324
19120535ns          346425 1c00926e 00ff2023 sw               x15, 0(x30)         x15:00000004 x30:1c001220  PA:1c001220
19120857ns          346441 1c009272 70450593 addi             x11, x10, 1796      x11=1c000704 x10:1c000000
19120877ns          346442 1c009276 320b8f93 addi             x31, x23, 800       x31=1c001320 x23:1c001000
19120897ns          346443 1c00927a 00700633 add              x12, x0, x7         x12=2bc87ab4  x7:2bc87ab4
19120917ns          346444 1c00927c 005006b3 add              x13, x0, x5         x13=2bc87ab4  x5:2bc87ab4
19120937ns          346445 1c00927e 7d4b0513 addi             x10, x22, 2004      x10=1c0007d4 x22:1c000000
19120957ns          346446 1c009282 002d8d93 addi             x27, x27, 2         x27=0000000e x27:0000000c
19120977ns          346447 1c009284 00538e63 beq              x7, x5, 28           x7:2bc87ab4  x5:2bc87ab4
19121037ns          346450 1c0092a0 00170713 addi             x14, x14, 1         x14=00000220 x14:0000021f
19121057ns          346451 1c0092a2 2194fc83 lw               x25, x25(x9)        x25=2bc87ab4 x25:00000034  x9:1c001280  PA:1c0012b4
19121358ns          346466 1c0092a6 00082f03 lw               x30, 0(x16)         x30=2bc87ab4 x16:1c0011c4  PA:1c0011c4
19121679ns          346482 1c0092aa 00e42023 sw               x14, 0(x8)          x14:00000220  x8:1c001324  PA:1c001324
19122000ns          346498 1c0092ac 1c000737 lui              x14, 0x1c000000     x14=1c000000
19122020ns          346499 1c0092b0 320b8f93 addi             x31, x23, 800       x31=1c001320 x23:1c001000
19122040ns          346500 1c0092b4 01e006b3 add              x13, x0, x30        x13=2bc87ab4 x30:2bc87ab4
19122060ns          346501 1c0092b6 01900633 add              x12, x0, x25        x12=2bc87ab4 x25:2bc87ab4
19122081ns          346502 1c0092b8 72470593 addi             x11, x14, 1828      x11=1c000724 x14:1c000000
19122101ns          346503 1c0092bc 7d4b0513 addi             x10, x22, 2004      x10=1c0007d4 x22:1c000000
19122121ns          346504 1c0092c0 01ec8d63 beq              x25, x30, 26        x25:2bc87ab4 x30:2bc87ab4
19122181ns          346507 1c0092da 01400793 addi             x15, x0, 20         x15=00000014
19122201ns          346508 1c0092dc 008d0d13 addi             x26, x26, 8         x26=1c0011c8 x26:1c0011c0
19122221ns          346509 1c0092de 00880813 addi             x16, x16, 8         x16=1c0011cc x16:1c0011c4
19122241ns          346510 1c0092e0 00888893 addi             x17, x17, 8         x17=1c0012b8 x17:1c0012b0
19122261ns          346511 1c0092e2 f4fd90e3 bne              x27, x15, -192      x27:0000000e x15:00000014
19122341ns          346515 1c009222 002d9593 slli             x11, x27, 0x2       x11=00000038 x27:0000000e
19122361ns          346516 1c009226 001d8793 addi             x15, x27, 1         x15=0000000f x27:0000000e
19122381ns          346517 1c00922a 009585b3 add              x11, x11, x9        x11=1c0012b8 x11:00000038  x9:1c001280
19122402ns          346518 1c00922c 00279c93 slli             x25, x15, 0x2       x25=0000003c x15:0000000f
19122422ns          346519 1c009230 0005a023 sw               x0, 0(x11)          x11:1c0012b8  PA:1c0012b8
19122763ns          346536 1c009234 01800f33 add              x30, x0, x24        x30=1c001224 x24:1c001224
19122783ns          346537 1c009236 000c2783 lw               x15, 0(x24)         x15=00000004 x24:1c001224  PA:1c001224
19123084ns          346552 1c00923a 000d2683 lw               x13, 0(x26)         x13=0153edcf x26:1c0011c8  PA:1c0011c8
19123385ns          346567 1c00923e 00082703 lw               x14, 0(x16)         x14=64be2109 x16:1c0011cc  PA:1c0011cc
19123686ns          346582 1c009242 0004eca3 p.sw             x0, x0(x9)           x9:1c001280  PA:1c0012bc
19124007ns          346598 1c009246 004c0c13 addi             x24, x24, 4         x24=1c001228 x24:1c001224
19124027ns          346599 1c009248 01100633 add              x12, x0, x17        x12=1c0012b8 x17:1c0012b8
19124047ns          346600 1c00924a 00d66023 p.sw             x13, x0(x12)        x13:0153edcf x12:1c0012b8  PA:1c0012b8
19124368ns          346616 1c00924e 00e667a3 p.sw             x14, x0(x12)        x14:64be2109 x12:1c0012b8  PA:1c0012bc
19124689ns          346632 1c009252 00dd2023 sw               x13, 0(x26)         x13:0153edcf x26:1c0011c8  PA:1c0011c8
19125010ns          346648 1c009256 00042683 lw               x13, 0(x8)          x13=00000220  x8:1c001324  PA:1c001324
19125311ns          346663 1c009258 00e82023 sw               x14, 0(x16)         x14:64be2109 x16:1c0011cc  PA:1c0011cc
19125632ns          346679 1c00925c 0005a383 lw               x7, 0(x11)           x7=0153edcf x11:1c0012b8  PA:1c0012b8
19125933ns          346694 1c009260 00168713 addi             x14, x13, 1         x14=00000221 x13:00000220
19125953ns          346695 1c009264 000d2283 lw               x5, 0(x26)           x5=0153edcf x26:1c0011c8  PA:1c0011c8
19126254ns          346710 1c009268 1c000537 lui              x10, 0x1c000000     x10=1c000000
19126274ns          346711 1c00926c 00e42023 sw               x14, 0(x8)          x14:00000221  x8:1c001324  PA:1c001324
19126595ns          346727 1c00926e 00ff2023 sw               x15, 0(x30)         x15:00000004 x30:1c001224  PA:1c001224
19126916ns          346743 1c009272 70450593 addi             x11, x10, 1796      x11=1c000704 x10:1c000000
19126936ns          346744 1c009276 320b8f93 addi             x31, x23, 800       x31=1c001320 x23:1c001000
19126956ns          346745 1c00927a 00700633 add              x12, x0, x7         x12=0153edcf  x7:0153edcf
19126976ns          346746 1c00927c 005006b3 add              x13, x0, x5         x13=0153edcf  x5:0153edcf
19126997ns          346747 1c00927e 7d4b0513 addi             x10, x22, 2004      x10=1c0007d4 x22:1c000000
19127017ns          346748 1c009282 002d8d93 addi             x27, x27, 2         x27=00000010 x27:0000000e
19127037ns          346749 1c009284 00538e63 beq              x7, x5, 28           x7:0153edcf  x5:0153edcf
19127097ns          346752 1c0092a0 00170713 addi             x14, x14, 1         x14=00000222 x14:00000221
19127117ns          346753 1c0092a2 2194fc83 lw               x25, x25(x9)        x25=64be2109 x25:0000003c  x9:1c001280  PA:1c0012bc
19127418ns          346768 1c0092a6 00082f03 lw               x30, 0(x16)         x30=64be2109 x16:1c0011cc  PA:1c0011cc
19127719ns          346783 1c0092aa 00e42023 sw               x14, 0(x8)          x14:00000222  x8:1c001324  PA:1c001324
19128060ns          346800 1c0092ac 1c000737 lui              x14, 0x1c000000     x14=1c000000
19128080ns          346801 1c0092b0 320b8f93 addi             x31, x23, 800       x31=1c001320 x23:1c001000
19128100ns          346802 1c0092b4 01e006b3 add              x13, x0, x30        x13=64be2109 x30:64be2109
19128120ns          346803 1c0092b6 01900633 add              x12, x0, x25        x12=64be2109 x25:64be2109
19128140ns          346804 1c0092b8 72470593 addi             x11, x14, 1828      x11=1c000724 x14:1c000000
19128160ns          346805 1c0092bc 7d4b0513 addi             x10, x22, 2004      x10=1c0007d4 x22:1c000000
19128180ns          346806 1c0092c0 01ec8d63 beq              x25, x30, 26        x25:64be2109 x30:64be2109
19128241ns          346809 1c0092da 01400793 addi             x15, x0, 20         x15=00000014
19128261ns          346810 1c0092dc 008d0d13 addi             x26, x26, 8         x26=1c0011d0 x26:1c0011c8
19128281ns          346811 1c0092de 00880813 addi             x16, x16, 8         x16=1c0011d4 x16:1c0011cc
19128301ns          346812 1c0092e0 00888893 addi             x17, x17, 8         x17=1c0012c0 x17:1c0012b8
19128321ns          346813 1c0092e2 f4fd90e3 bne              x27, x15, -192      x27:00000010 x15:00000014
19128401ns          346817 1c009222 002d9593 slli             x11, x27, 0x2       x11=00000040 x27:00000010
19128421ns          346818 1c009226 001d8793 addi             x15, x27, 1         x15=00000011 x27:00000010
19128441ns          346819 1c00922a 009585b3 add              x11, x11, x9        x11=1c0012c0 x11:00000040  x9:1c001280
19128461ns          346820 1c00922c 00279c93 slli             x25, x15, 0x2       x25=00000044 x15:00000011
19128481ns          346821 1c009230 0005a023 sw               x0, 0(x11)          x11:1c0012c0  PA:1c0012c0
19128822ns          346838 1c009234 01800f33 add              x30, x0, x24        x30=1c001228 x24:1c001228
19128843ns          346839 1c009236 000c2783 lw               x15, 0(x24)         x15=00000004 x24:1c001228  PA:1c001228
19129144ns          346854 1c00923a 000d2683 lw               x13, 0(x26)         x13=64be2109 x26:1c0011d0  PA:1c0011d0
19129444ns          346869 1c00923e 00082703 lw               x14, 0(x16)         x14=62580466 x16:1c0011d4  PA:1c0011d4
19129745ns          346884 1c009242 0004eca3 p.sw             x0, x0(x9)           x9:1c001280  PA:1c0012c4
19130067ns          346900 1c009246 004c0c13 addi             x24, x24, 4         x24=1c00122c x24:1c001228
19130087ns          346901 1c009248 01100633 add              x12, x0, x17        x12=1c0012c0 x17:1c0012c0
19130107ns          346902 1c00924a 00d66023 p.sw             x13, x0(x12)        x13:64be2109 x12:1c0012c0  PA:1c0012c0
19130428ns          346918 1c00924e 00e667a3 p.sw             x14, x0(x12)        x14:62580466 x12:1c0012c0  PA:1c0012c4
19130749ns          346934 1c009252 00dd2023 sw               x13, 0(x26)         x13:64be2109 x26:1c0011d0  PA:1c0011d0
19131070ns          346950 1c009256 00042683 lw               x13, 0(x8)          x13=00000222  x8:1c001324  PA:1c001324
19131371ns          346965 1c009258 00e82023 sw               x14, 0(x16)         x14:62580466 x16:1c0011d4  PA:1c0011d4
19131692ns          346981 1c00925c 0005a383 lw               x7, 0(x11)           x7=64be2109 x11:1c0012c0  PA:1c0012c0
19131993ns          346996 1c009260 00168713 addi             x14, x13, 1         x14=00000223 x13:00000222
19132013ns          346997 1c009264 000d2283 lw               x5, 0(x26)           x5=64be2109 x26:1c0011d0  PA:1c0011d0
19132314ns          347012 1c009268 1c000537 lui              x10, 0x1c000000     x10=1c000000
19132334ns          347013 1c00926c 00e42023 sw               x14, 0(x8)          x14:00000223  x8:1c001324  PA:1c001324
19132655ns          347029 1c00926e 00ff2023 sw               x15, 0(x30)         x15:00000004 x30:1c001228  PA:1c001228
19132976ns          347045 1c009272 70450593 addi             x11, x10, 1796      x11=1c000704 x10:1c000000
19132996ns          347046 1c009276 320b8f93 addi             x31, x23, 800       x31=1c001320 x23:1c001000
19133016ns          347047 1c00927a 00700633 add              x12, x0, x7         x12=64be2109  x7:64be2109
19133036ns          347048 1c00927c 005006b3 add              x13, x0, x5         x13=64be2109  x5:64be2109
19133056ns          347049 1c00927e 7d4b0513 addi             x10, x22, 2004      x10=1c0007d4 x22:1c000000
19133076ns          347050 1c009282 002d8d93 addi             x27, x27, 2         x27=00000012 x27:00000010
19133096ns          347051 1c009284 00538e63 beq              x7, x5, 28           x7:64be2109  x5:64be2109
19133157ns          347054 1c0092a0 00170713 addi             x14, x14, 1         x14=00000224 x14:00000223
19133177ns          347055 1c0092a2 2194fc83 lw               x25, x25(x9)        x25=62580466 x25:00000044  x9:1c001280  PA:1c0012c4
19133478ns          347070 1c0092a6 00082f03 lw               x30, 0(x16)         x30=62580466 x16:1c0011d4  PA:1c0011d4
19133779ns          347085 1c0092aa 00e42023 sw               x14, 0(x8)          x14:00000224  x8:1c001324  PA:1c001324
19134100ns          347101 1c0092ac 1c000737 lui              x14, 0x1c000000     x14=1c000000
19134120ns          347102 1c0092b0 320b8f93 addi             x31, x23, 800       x31=1c001320 x23:1c001000
19134140ns          347103 1c0092b4 01e006b3 add              x13, x0, x30        x13=62580466 x30:62580466
19134160ns          347104 1c0092b6 01900633 add              x12, x0, x25        x12=62580466 x25:62580466
19134180ns          347105 1c0092b8 72470593 addi             x11, x14, 1828      x11=1c000724 x14:1c000000
19134200ns          347106 1c0092bc 7d4b0513 addi             x10, x22, 2004      x10=1c0007d4 x22:1c000000
19134220ns          347107 1c0092c0 01ec8d63 beq              x25, x30, 26        x25:62580466 x30:62580466
19134280ns          347110 1c0092da 01400793 addi             x15, x0, 20         x15=00000014
19134300ns          347111 1c0092dc 008d0d13 addi             x26, x26, 8         x26=1c0011d8 x26:1c0011d0
19134320ns          347112 1c0092de 00880813 addi             x16, x16, 8         x16=1c0011dc x16:1c0011d4
19134340ns          347113 1c0092e0 00888893 addi             x17, x17, 8         x17=1c0012c8 x17:1c0012c0
19134361ns          347114 1c0092e2 f4fd90e3 bne              x27, x15, -192      x27:00000012 x15:00000014
19134441ns          347118 1c009222 002d9593 slli             x11, x27, 0x2       x11=00000048 x27:00000012
19134461ns          347119 1c009226 001d8793 addi             x15, x27, 1         x15=00000013 x27:00000012
19134481ns          347120 1c00922a 009585b3 add              x11, x11, x9        x11=1c0012c8 x11:00000048  x9:1c001280
19134501ns          347121 1c00922c 00279c93 slli             x25, x15, 0x2       x25=0000004c x15:00000013
19134521ns          347122 1c009230 0005a023 sw               x0, 0(x11)          x11:1c0012c8  PA:1c0012c8
19134842ns          347138 1c009234 01800f33 add              x30, x0, x24        x30=1c00122c x24:1c00122c
19134862ns          347139 1c009236 000c2783 lw               x15, 0(x24)         x15=00000004 x24:1c00122c  PA:1c00122c
19135183ns          347155 1c00923a 000d2683 lw               x13, 0(x26)         x13=1b487b12 x26:1c0011d8  PA:1c0011d8
19135484ns          347170 1c00923e 00082703 lw               x14, 0(x16)         x14=1b487b12 x16:1c0011dc  PA:1c0011dc
19135785ns          347185 1c009242 0004eca3 p.sw             x0, x0(x9)           x9:1c001280  PA:1c0012cc
19136106ns          347201 1c009246 004c0c13 addi             x24, x24, 4         x24=1c001230 x24:1c00122c
19136126ns          347202 1c009248 01100633 add              x12, x0, x17        x12=1c0012c8 x17:1c0012c8
19136146ns          347203 1c00924a 00d66023 p.sw             x13, x0(x12)        x13:1b487b12 x12:1c0012c8  PA:1c0012c8
19136487ns          347220 1c00924e 00e667a3 p.sw             x14, x0(x12)        x14:1b487b12 x12:1c0012c8  PA:1c0012cc
19136808ns          347236 1c009252 00dd2023 sw               x13, 0(x26)         x13:1b487b12 x26:1c0011d8  PA:1c0011d8
19137130ns          347252 1c009256 00042683 lw               x13, 0(x8)          x13=00000224  x8:1c001324  PA:1c001324
19137431ns          347267 1c009258 00e82023 sw               x14, 0(x16)         x14:1b487b12 x16:1c0011dc  PA:1c0011dc
19137752ns          347283 1c00925c 0005a383 lw               x7, 0(x11)           x7=1b487b12 x11:1c0012c8  PA:1c0012c8
19138053ns          347298 1c009260 00168713 addi             x14, x13, 1         x14=00000225 x13:00000224
19138073ns          347299 1c009264 000d2283 lw               x5, 0(x26)           x5=1b487b12 x26:1c0011d8  PA:1c0011d8
19138374ns          347314 1c009268 1c000537 lui              x10, 0x1c000000     x10=1c000000
19138394ns          347315 1c00926c 00e42023 sw               x14, 0(x8)          x14:00000225  x8:1c001324  PA:1c001324
19138715ns          347331 1c00926e 00ff2023 sw               x15, 0(x30)         x15:00000004 x30:1c00122c  PA:1c00122c
19139036ns          347347 1c009272 70450593 addi             x11, x10, 1796      x11=1c000704 x10:1c000000
19139056ns          347348 1c009276 320b8f93 addi             x31, x23, 800       x31=1c001320 x23:1c001000
19139076ns          347349 1c00927a 00700633 add              x12, x0, x7         x12=1b487b12  x7:1b487b12
19139096ns          347350 1c00927c 005006b3 add              x13, x0, x5         x13=1b487b12  x5:1b487b12
19139116ns          347351 1c00927e 7d4b0513 addi             x10, x22, 2004      x10=1c0007d4 x22:1c000000
19139136ns          347352 1c009282 002d8d93 addi             x27, x27, 2         x27=00000014 x27:00000012
19139156ns          347353 1c009284 00538e63 beq              x7, x5, 28           x7:1b487b12  x5:1b487b12
19139216ns          347356 1c0092a0 00170713 addi             x14, x14, 1         x14=00000226 x14:00000225
19139236ns          347357 1c0092a2 2194fc83 lw               x25, x25(x9)        x25=1b487b12 x25:0000004c  x9:1c001280  PA:1c0012cc
19139537ns          347372 1c0092a6 00082f03 lw               x30, 0(x16)         x30=1b487b12 x16:1c0011dc  PA:1c0011dc
19139838ns          347387 1c0092aa 00e42023 sw               x14, 0(x8)          x14:00000226  x8:1c001324  PA:1c001324
19140159ns          347403 1c0092ac 1c000737 lui              x14, 0x1c000000     x14=1c000000
19140179ns          347404 1c0092b0 320b8f93 addi             x31, x23, 800       x31=1c001320 x23:1c001000
19140200ns          347405 1c0092b4 01e006b3 add              x13, x0, x30        x13=1b487b12 x30:1b487b12
19140220ns          347406 1c0092b6 01900633 add              x12, x0, x25        x12=1b487b12 x25:1b487b12
19140240ns          347407 1c0092b8 72470593 addi             x11, x14, 1828      x11=1c000724 x14:1c000000
19140260ns          347408 1c0092bc 7d4b0513 addi             x10, x22, 2004      x10=1c0007d4 x22:1c000000
19140280ns          347409 1c0092c0 01ec8d63 beq              x25, x30, 26        x25:1b487b12 x30:1b487b12
19140340ns          347412 1c0092da 01400793 addi             x15, x0, 20         x15=00000014
19140360ns          347413 1c0092dc 008d0d13 addi             x26, x26, 8         x26=1c0011e0 x26:1c0011d8
19140380ns          347414 1c0092de 00880813 addi             x16, x16, 8         x16=1c0011e4 x16:1c0011dc
19140400ns          347415 1c0092e0 00888893 addi             x17, x17, 8         x17=1c0012d0 x17:1c0012c8
19140420ns          347416 1c0092e2 f4fd90e3 bne              x27, x15, -192      x27:00000014 x15:00000014
19140440ns          347417 1c0092e6 00010e37 lui              x28, 0x10000        x28=00010000
19140460ns          347418 1c0092e8 00042783 lw               x15, 0(x8)          x15=00000226  x8:1c001324  PA:1c001324
19140781ns          347434 1c0092ea 01200db3 add              x27, x0, x18        x27=1c001194 x18:1c001194
19140801ns          347435 1c0092ec 01400333 add              x6, x0, x20          x6=1c001280 x20:1c001280
19140822ns          347436 1c0092ee 01500fb3 add              x31, x0, x21        x31=1c001208 x21:1c001208
19140842ns          347437 1c0092f0 013008b3 add              x17, x0, x19        x17=1c001190 x19:1c001190
19140862ns          347438 1c0092f2 00000d13 addi             x26, x0, 0          x26=00000000
19140882ns          347439 1c0092f4 fffe0c13 addi             x24, x28, -1        x24=0000ffff x28:00010000
19140902ns          347440 1c0092f8 1c001bb7 lui              x23, 0x1c001000     x23=1c001000
19140922ns          347441 1c0092fc 1c000b37 lui              x22, 0x1c000000     x22=1c000000
19141323ns          347461 1c009300 002d1693 slli             x13, x26, 0x2       x13=00000000 x26:00000000
19141363ns          347463 1c009304 009686b3 add              x13, x13, x9        x13=1c001280 x13:00000000  x9:1c001280
19141383ns          347464 1c009306 001d0813 addi             x16, x26, 1         x16=00000001 x26:00000000
19141403ns          347465 1c00930a 0006a023 sw               x0, 0(x13)          x13:1c001280  PA:1c001280
19141845ns          347487 1c00930e 00281c93 slli             x25, x16, 0x2       x25=00000004 x16:00000001
19141885ns          347489 1c009312 0004eca3 p.sw             x0, x0(x9)           x9:1c001280  PA:1c001284
19142206ns          347505 1c009316 0008a383 lw               x7, 0(x17)           x7=63aa9108 x17:1c001190  PA:1c001190
19142527ns          347521 1c00931a 000da703 lw               x14, 0(x27)         x14=63aa9108 x27:1c001194  PA:1c001194
19142828ns          347536 1c00931e 004fa60b p.lw             x12, 4(x31!)        x12=00000004 x31=1c00120c x31:1c001208  PA:1c001208
19143129ns          347551 1c009322 00735023 p.sh             x7, x0(x6)           x7:63aa9108  x6:1c001280  PA:1c001280
19143450ns          347567 1c009326 00e35623 p.sh             x14, x0(x6)         x14:63aa9108  x6:1c001280  PA:1c001284
19143771ns          347583 1c00932a 0006a803 lw               x16, 0(x13)         x16=00009108 x13:1c001280  PA:1c001280
19144072ns          347598 1c00932e 00178793 addi             x15, x15, 1         x15=00000227 x15:00000226
19144092ns          347599 1c009330 1c000537 lui              x10, 0x1c000000     x10=1c000000
19144112ns          347600 1c009334 0183f3b3 and              x7, x7, x24          x7=00009108  x7:63aa9108 x24:0000ffff
19144132ns          347601 1c009338 00f42023 sw               x15, 0(x8)          x15:00000227  x8:1c001324  PA:1c001324
19144453ns          347617 1c00933a 74450593 addi             x11, x10, 1860      x11=1c000744 x10:1c000000
19144574ns          347623 1c00933e 320b8293 addi             x5, x23, 800         x5=1c001320 x23:1c001000
19144594ns          347624 1c009342 01000633 add              x12, x0, x16        x12=00009108 x16:00009108
19144614ns          347625 1c009344 7d4b0513 addi             x10, x22, 2004      x10=1c0007d4 x22:1c000000
19144634ns          347626 1c009348 007006b3 add              x13, x0, x7         x13=00009108  x7:00009108
19144654ns          347627 1c00934a 002d0d13 addi             x26, x26, 2         x26=00000002 x26:00000000
19144674ns          347628 1c00934c 02780263 beq              x16, x7, 36         x16:00009108  x7:00009108
19145557ns          347672 1c009370 2194fc83 lw               x25, x25(x9)        x25=00009108 x25:00000004  x9:1c001280  PA:1c001284
19145898ns          347689 1c009374 00178793 addi             x15, x15, 1         x15=00000228 x15:00000227
19145918ns          347690 1c009376 1c0006b7 lui              x13, 0x1c000000     x13=1c000000
19145938ns          347691 1c00937a 01877733 and              x14, x14, x24       x14=00009108 x14:63aa9108 x24:0000ffff
19145958ns          347692 1c00937e 00f42023 sw               x15, 0(x8)          x15:00000228  x8:1c001324  PA:1c001324
19146299ns          347709 1c009380 76468593 addi             x11, x13, 1892      x11=1c000764 x13:1c000000
19146319ns          347710 1c009384 320b8293 addi             x5, x23, 800         x5=1c001320 x23:1c001000
19146340ns          347711 1c009388 01900633 add              x12, x0, x25        x12=00009108 x25:00009108
19146360ns          347712 1c00938a 7d4b0513 addi             x10, x22, 2004      x10=1c0007d4 x22:1c000000
19146380ns          347713 1c00938e 00e006b3 add              x13, x0, x14        x13=00009108 x14:00009108
19146781ns          347733 1c009390 02ec8063 beq              x25, x14, 32        x25:00009108 x14:00009108
19147283ns          347758 1c0093b0 01400713 addi             x14, x0, 20         x14=00000014
19147303ns          347759 1c0093b2 00888893 addi             x17, x17, 8         x17=1c001198 x17:1c001190
19147323ns          347760 1c0093b4 00830313 addi             x6, x6, 8            x6=1c001288  x6:1c001280
19147343ns          347761 1c0093b6 008d8d93 addi             x27, x27, 8         x27=1c00119c x27:1c001194
19147363ns          347762 1c0093b8 f4ed14e3 bne              x26, x14, -184      x26:00000002 x14:00000014
19147844ns          347786 1c009300 002d1693 slli             x13, x26, 0x2       x13=00000008 x26:00000002
19147864ns          347787 1c009304 009686b3 add              x13, x13, x9        x13=1c001288 x13:00000008  x9:1c001280
19147885ns          347788 1c009306 001d0813 addi             x16, x26, 1         x16=00000003 x26:00000002
19147905ns          347789 1c00930a 0006a023 sw               x0, 0(x13)          x13:1c001288  PA:1c001288
19148226ns          347805 1c00930e 00281c93 slli             x25, x16, 0x2       x25=0000000c x16:00000003
19148246ns          347806 1c009312 0004eca3 p.sw             x0, x0(x9)           x9:1c001280  PA:1c00128c
19148567ns          347822 1c009316 0008a383 lw               x7, 0(x17)           x7=25e413c4 x17:1c001198  PA:1c001198
19148868ns          347837 1c00931a 000da703 lw               x14, 0(x27)         x14=5d67001f x27:1c00119c  PA:1c00119c
19149169ns          347852 1c00931e 004fa60b p.lw             x12, 4(x31!)        x12=00000004 x31=1c001210 x31:1c00120c  PA:1c00120c
19149470ns          347867 1c009322 00735023 p.sh             x7, x0(x6)           x7:25e413c4  x6:1c001288  PA:1c001288
19149791ns          347883 1c009326 00e35623 p.sh             x14, x0(x6)         x14:5d67001f  x6:1c001288  PA:1c00128c
19150112ns          347899 1c00932a 0006a803 lw               x16, 0(x13)         x16=000013c4 x13:1c001288  PA:1c001288
19150413ns          347914 1c00932e 00178793 addi             x15, x15, 1         x15=00000229 x15:00000228
19150433ns          347915 1c009330 1c000537 lui              x10, 0x1c000000     x10=1c000000
19150453ns          347916 1c009334 0183f3b3 and              x7, x7, x24          x7=000013c4  x7:25e413c4 x24:0000ffff
19150473ns          347917 1c009338 00f42023 sw               x15, 0(x8)          x15:00000229  x8:1c001324  PA:1c001324
19150794ns          347933 1c00933a 74450593 addi             x11, x10, 1860      x11=1c000744 x10:1c000000
19150814ns          347934 1c00933e 320b8293 addi             x5, x23, 800         x5=1c001320 x23:1c001000
19150834ns          347935 1c009342 01000633 add              x12, x0, x16        x12=000013c4 x16:000013c4
19150854ns          347936 1c009344 7d4b0513 addi             x10, x22, 2004      x10=1c0007d4 x22:1c000000
19150874ns          347937 1c009348 007006b3 add              x13, x0, x7         x13=000013c4  x7:000013c4
19150894ns          347938 1c00934a 002d0d13 addi             x26, x26, 2         x26=00000004 x26:00000002
19150914ns          347939 1c00934c 02780263 beq              x16, x7, 36         x16:000013c4  x7:000013c4
19150975ns          347942 1c009370 2194fc83 lw               x25, x25(x9)        x25=0000001f x25:0000000c  x9:1c001280  PA:1c00128c
19151296ns          347958 1c009374 00178793 addi             x15, x15, 1         x15=0000022a x15:00000229
19151316ns          347959 1c009376 1c0006b7 lui              x13, 0x1c000000     x13=1c000000
19151336ns          347960 1c00937a 01877733 and              x14, x14, x24       x14=0000001f x14:5d67001f x24:0000ffff
19151356ns          347961 1c00937e 00f42023 sw               x15, 0(x8)          x15:0000022a  x8:1c001324  PA:1c001324
19151697ns          347978 1c009380 76468593 addi             x11, x13, 1892      x11=1c000764 x13:1c000000
19151717ns          347979 1c009384 320b8293 addi             x5, x23, 800         x5=1c001320 x23:1c001000
19151737ns          347980 1c009388 01900633 add              x12, x0, x25        x12=0000001f x25:0000001f
19151757ns          347981 1c00938a 7d4b0513 addi             x10, x22, 2004      x10=1c0007d4 x22:1c000000
19151777ns          347982 1c00938e 00e006b3 add              x13, x0, x14        x13=0000001f x14:0000001f
19151797ns          347983 1c009390 02ec8063 beq              x25, x14, 32        x25:0000001f x14:0000001f
19151858ns          347986 1c0093b0 01400713 addi             x14, x0, 20         x14=00000014
19151878ns          347987 1c0093b2 00888893 addi             x17, x17, 8         x17=1c0011a0 x17:1c001198
19151898ns          347988 1c0093b4 00830313 addi             x6, x6, 8            x6=1c001290  x6:1c001288
19151918ns          347989 1c0093b6 008d8d93 addi             x27, x27, 8         x27=1c0011a4 x27:1c00119c
19151938ns          347990 1c0093b8 f4ed14e3 bne              x26, x14, -184      x26:00000004 x14:00000014
19151998ns          347993 1c009300 002d1693 slli             x13, x26, 0x2       x13=00000010 x26:00000004
19152018ns          347994 1c009304 009686b3 add              x13, x13, x9        x13=1c001290 x13:00000010  x9:1c001280
19152038ns          347995 1c009306 001d0813 addi             x16, x26, 1         x16=00000005 x26:00000004
19152058ns          347996 1c00930a 0006a023 sw               x0, 0(x13)          x13:1c001290  PA:1c001290
19152399ns          348013 1c00930e 00281c93 slli             x25, x16, 0x2       x25=00000014 x16:00000005
19152419ns          348014 1c009312 0004eca3 p.sw             x0, x0(x9)           x9:1c001280  PA:1c001294
19152740ns          348030 1c009316 0008a383 lw               x7, 0(x17)           x7=5d67001f x17:1c0011a0  PA:1c0011a0
19153041ns          348045 1c00931a 000da703 lw               x14, 0(x27)         x14=c46acaca x27:1c0011a4  PA:1c0011a4
19153342ns          348060 1c00931e 004fa60b p.lw             x12, 4(x31!)        x12=00000004 x31=1c001214 x31:1c001210  PA:1c001210
19153643ns          348075 1c009322 00735023 p.sh             x7, x0(x6)           x7:5d67001f  x6:1c001290  PA:1c001290
19153964ns          348091 1c009326 00e35623 p.sh             x14, x0(x6)         x14:c46acaca  x6:1c001290  PA:1c001294
19154285ns          348107 1c00932a 0006a803 lw               x16, 0(x13)         x16=0000001f x13:1c001290  PA:1c001290
19154586ns          348122 1c00932e 00178793 addi             x15, x15, 1         x15=0000022b x15:0000022a
19154606ns          348123 1c009330 1c000537 lui              x10, 0x1c000000     x10=1c000000
19154627ns          348124 1c009334 0183f3b3 and              x7, x7, x24          x7=0000001f  x7:5d67001f x24:0000ffff
19154647ns          348125 1c009338 00f42023 sw               x15, 0(x8)          x15:0000022b  x8:1c001324  PA:1c001324
19154968ns          348141 1c00933a 74450593 addi             x11, x10, 1860      x11=1c000744 x10:1c000000
19154988ns          348142 1c00933e 320b8293 addi             x5, x23, 800         x5=1c001320 x23:1c001000
19155008ns          348143 1c009342 01000633 add              x12, x0, x16        x12=0000001f x16:0000001f
19155028ns          348144 1c009344 7d4b0513 addi             x10, x22, 2004      x10=1c0007d4 x22:1c000000
19155048ns          348145 1c009348 007006b3 add              x13, x0, x7         x13=0000001f  x7:0000001f
19155068ns          348146 1c00934a 002d0d13 addi             x26, x26, 2         x26=00000006 x26:00000004
19155088ns          348147 1c00934c 02780263 beq              x16, x7, 36         x16:0000001f  x7:0000001f
19155148ns          348150 1c009370 2194fc83 lw               x25, x25(x9)        x25=0000caca x25:00000014  x9:1c001280  PA:1c001294
19155449ns          348165 1c009374 00178793 addi             x15, x15, 1         x15=0000022c x15:0000022b
19155469ns          348166 1c009376 1c0006b7 lui              x13, 0x1c000000     x13=1c000000
19155489ns          348167 1c00937a 01877733 and              x14, x14, x24       x14=0000caca x14:c46acaca x24:0000ffff
19155509ns          348168 1c00937e 00f42023 sw               x15, 0(x8)          x15:0000022c  x8:1c001324  PA:1c001324
19155830ns          348184 1c009380 76468593 addi             x11, x13, 1892      x11=1c000764 x13:1c000000
19155851ns          348185 1c009384 320b8293 addi             x5, x23, 800         x5=1c001320 x23:1c001000
19155871ns          348186 1c009388 01900633 add              x12, x0, x25        x12=0000caca x25:0000caca
19155891ns          348187 1c00938a 7d4b0513 addi             x10, x22, 2004      x10=1c0007d4 x22:1c000000
19155911ns          348188 1c00938e 00e006b3 add              x13, x0, x14        x13=0000caca x14:0000caca
19155931ns          348189 1c009390 02ec8063 beq              x25, x14, 32        x25:0000caca x14:0000caca
19155991ns          348192 1c0093b0 01400713 addi             x14, x0, 20         x14=00000014
19156011ns          348193 1c0093b2 00888893 addi             x17, x17, 8         x17=1c0011a8 x17:1c0011a0
19156031ns          348194 1c0093b4 00830313 addi             x6, x6, 8            x6=1c001298  x6:1c001290
19156051ns          348195 1c0093b6 008d8d93 addi             x27, x27, 8         x27=1c0011ac x27:1c0011a4
19156071ns          348196 1c0093b8 f4ed14e3 bne              x26, x14, -184      x26:00000006 x14:00000014
19156131ns          348199 1c009300 002d1693 slli             x13, x26, 0x2       x13=00000018 x26:00000006
19156151ns          348200 1c009304 009686b3 add              x13, x13, x9        x13=1c001298 x13:00000018  x9:1c001280
19156172ns          348201 1c009306 001d0813 addi             x16, x26, 1         x16=00000007 x26:00000006
19156192ns          348202 1c00930a 0006a023 sw               x0, 0(x13)          x13:1c001298  PA:1c001298
19156533ns          348219 1c00930e 00281c93 slli             x25, x16, 0x2       x25=0000001c x16:00000007
19156553ns          348220 1c009312 0004eca3 p.sw             x0, x0(x9)           x9:1c001280  PA:1c00129c
19156874ns          348236 1c009316 0008a383 lw               x7, 0(x17)           x7=f7770b5e x17:1c0011a8  PA:1c0011a8
19157175ns          348251 1c00931a 000da703 lw               x14, 0(x27)         x14=f7770b5e x27:1c0011ac  PA:1c0011ac
19157476ns          348266 1c00931e 004fa60b p.lw             x12, 4(x31!)        x12=00000004 x31=1c001218 x31:1c001214  PA:1c001214
19157777ns          348281 1c009322 00735023 p.sh             x7, x0(x6)           x7:f7770b5e  x6:1c001298  PA:1c001298
19158098ns          348297 1c009326 00e35623 p.sh             x14, x0(x6)         x14:f7770b5e  x6:1c001298  PA:1c00129c
19158419ns          348313 1c00932a 0006a803 lw               x16, 0(x13)         x16=00000b5e x13:1c001298  PA:1c001298
19158720ns          348328 1c00932e 00178793 addi             x15, x15, 1         x15=0000022d x15:0000022c
19158740ns          348329 1c009330 1c000537 lui              x10, 0x1c000000     x10=1c000000
19158760ns          348330 1c009334 0183f3b3 and              x7, x7, x24          x7=00000b5e  x7:f7770b5e x24:0000ffff
19158780ns          348331 1c009338 00f42023 sw               x15, 0(x8)          x15:0000022d  x8:1c001324  PA:1c001324
19159101ns          348347 1c00933a 74450593 addi             x11, x10, 1860      x11=1c000744 x10:1c000000
19159121ns          348348 1c00933e 320b8293 addi             x5, x23, 800         x5=1c001320 x23:1c001000
19159141ns          348349 1c009342 01000633 add              x12, x0, x16        x12=00000b5e x16:00000b5e
19159161ns          348350 1c009344 7d4b0513 addi             x10, x22, 2004      x10=1c0007d4 x22:1c000000
19159181ns          348351 1c009348 007006b3 add              x13, x0, x7         x13=00000b5e  x7:00000b5e
19159201ns          348352 1c00934a 002d0d13 addi             x26, x26, 2         x26=00000008 x26:00000006
19159221ns          348353 1c00934c 02780263 beq              x16, x7, 36         x16:00000b5e  x7:00000b5e
19159282ns          348356 1c009370 2194fc83 lw               x25, x25(x9)        x25=00000b5e x25:0000001c  x9:1c001280  PA:1c00129c
19159583ns          348371 1c009374 00178793 addi             x15, x15, 1         x15=0000022e x15:0000022d
19159603ns          348372 1c009376 1c0006b7 lui              x13, 0x1c000000     x13=1c000000
19159623ns          348373 1c00937a 01877733 and              x14, x14, x24       x14=00000b5e x14:f7770b5e x24:0000ffff
19159643ns          348374 1c00937e 00f42023 sw               x15, 0(x8)          x15:0000022e  x8:1c001324  PA:1c001324
19159984ns          348391 1c009380 76468593 addi             x11, x13, 1892      x11=1c000764 x13:1c000000
19160004ns          348392 1c009384 320b8293 addi             x5, x23, 800         x5=1c001320 x23:1c001000
19160024ns          348393 1c009388 01900633 add              x12, x0, x25        x12=00000b5e x25:00000b5e
19160044ns          348394 1c00938a 7d4b0513 addi             x10, x22, 2004      x10=1c0007d4 x22:1c000000
19160064ns          348395 1c00938e 00e006b3 add              x13, x0, x14        x13=00000b5e x14:00000b5e
19160084ns          348396 1c009390 02ec8063 beq              x25, x14, 32        x25:00000b5e x14:00000b5e
19160144ns          348399 1c0093b0 01400713 addi             x14, x0, 20         x14=00000014
19160165ns          348400 1c0093b2 00888893 addi             x17, x17, 8         x17=1c0011b0 x17:1c0011a8
19160185ns          348401 1c0093b4 00830313 addi             x6, x6, 8            x6=1c0012a0  x6:1c001298
19160205ns          348402 1c0093b6 008d8d93 addi             x27, x27, 8         x27=1c0011b4 x27:1c0011ac
19160225ns          348403 1c0093b8 f4ed14e3 bne              x26, x14, -184      x26:00000008 x14:00000014
19160285ns          348406 1c009300 002d1693 slli             x13, x26, 0x2       x13=00000020 x26:00000008
19160305ns          348407 1c009304 009686b3 add              x13, x13, x9        x13=1c0012a0 x13:00000020  x9:1c001280
19160325ns          348408 1c009306 001d0813 addi             x16, x26, 1         x16=00000009 x26:00000008
19160345ns          348409 1c00930a 0006a023 sw               x0, 0(x13)          x13:1c0012a0  PA:1c0012a0
19160686ns          348426 1c00930e 00281c93 slli             x25, x16, 0x2       x25=00000024 x16:00000009
19160706ns          348427 1c009312 0004eca3 p.sw             x0, x0(x9)           x9:1c001280  PA:1c0012a4
19161027ns          348443 1c009316 0008a383 lw               x7, 0(x17)           x7=546c1d01 x17:1c0011b0  PA:1c0011b0
19161328ns          348458 1c00931a 000da703 lw               x14, 0(x27)         x14=7731d12b x27:1c0011b4  PA:1c0011b4
19161629ns          348473 1c00931e 004fa60b p.lw             x12, 4(x31!)        x12=00000004 x31=1c00121c x31:1c001218  PA:1c001218
19161930ns          348488 1c009322 00735023 p.sh             x7, x0(x6)           x7:546c1d01  x6:1c0012a0  PA:1c0012a0
19162251ns          348504 1c009326 00e35623 p.sh             x14, x0(x6)         x14:7731d12b  x6:1c0012a0  PA:1c0012a4
19162592ns          348521 1c00932a 0006a803 lw               x16, 0(x13)         x16=00001d01 x13:1c0012a0  PA:1c0012a0
19162893ns          348536 1c00932e 00178793 addi             x15, x15, 1         x15=0000022f x15:0000022e
19162914ns          348537 1c009330 1c000537 lui              x10, 0x1c000000     x10=1c000000
19162934ns          348538 1c009334 0183f3b3 and              x7, x7, x24          x7=00001d01  x7:546c1d01 x24:0000ffff
19162954ns          348539 1c009338 00f42023 sw               x15, 0(x8)          x15:0000022f  x8:1c001324  PA:1c001324
19163275ns          348555 1c00933a 74450593 addi             x11, x10, 1860      x11=1c000744 x10:1c000000
19163295ns          348556 1c00933e 320b8293 addi             x5, x23, 800         x5=1c001320 x23:1c001000
19163315ns          348557 1c009342 01000633 add              x12, x0, x16        x12=00001d01 x16:00001d01
19163335ns          348558 1c009344 7d4b0513 addi             x10, x22, 2004      x10=1c0007d4 x22:1c000000
19163355ns          348559 1c009348 007006b3 add              x13, x0, x7         x13=00001d01  x7:00001d01
19163375ns          348560 1c00934a 002d0d13 addi             x26, x26, 2         x26=0000000a x26:00000008
19163395ns          348561 1c00934c 02780263 beq              x16, x7, 36         x16:00001d01  x7:00001d01
19163455ns          348564 1c009370 2194fc83 lw               x25, x25(x9)        x25=0000d12b x25:00000024  x9:1c001280  PA:1c0012a4
19163756ns          348579 1c009374 00178793 addi             x15, x15, 1         x15=00000230 x15:0000022f
19163776ns          348580 1c009376 1c0006b7 lui              x13, 0x1c000000     x13=1c000000
19163796ns          348581 1c00937a 01877733 and              x14, x14, x24       x14=0000d12b x14:7731d12b x24:0000ffff
19163816ns          348582 1c00937e 00f42023 sw               x15, 0(x8)          x15:00000230  x8:1c001324  PA:1c001324
19164138ns          348598 1c009380 76468593 addi             x11, x13, 1892      x11=1c000764 x13:1c000000
19164158ns          348599 1c009384 320b8293 addi             x5, x23, 800         x5=1c001320 x23:1c001000
19164178ns          348600 1c009388 01900633 add              x12, x0, x25        x12=0000d12b x25:0000d12b
19164198ns          348601 1c00938a 7d4b0513 addi             x10, x22, 2004      x10=1c0007d4 x22:1c000000
19164218ns          348602 1c00938e 00e006b3 add              x13, x0, x14        x13=0000d12b x14:0000d12b
19164238ns          348603 1c009390 02ec8063 beq              x25, x14, 32        x25:0000d12b x14:0000d12b
19164298ns          348606 1c0093b0 01400713 addi             x14, x0, 20         x14=00000014
19164318ns          348607 1c0093b2 00888893 addi             x17, x17, 8         x17=1c0011b8 x17:1c0011b0
19164338ns          348608 1c0093b4 00830313 addi             x6, x6, 8            x6=1c0012a8  x6:1c0012a0
19164358ns          348609 1c0093b6 008d8d93 addi             x27, x27, 8         x27=1c0011bc x27:1c0011b4
19164378ns          348610 1c0093b8 f4ed14e3 bne              x26, x14, -184      x26:0000000a x14:00000014
19164438ns          348613 1c009300 002d1693 slli             x13, x26, 0x2       x13=00000028 x26:0000000a
19164459ns          348614 1c009304 009686b3 add              x13, x13, x9        x13=1c0012a8 x13:00000028  x9:1c001280
19164479ns          348615 1c009306 001d0813 addi             x16, x26, 1         x16=0000000b x26:0000000a
19164499ns          348616 1c00930a 0006a023 sw               x0, 0(x13)          x13:1c0012a8  PA:1c0012a8
19164820ns          348632 1c00930e 00281c93 slli             x25, x16, 0x2       x25=0000002c x16:0000000b
19164840ns          348633 1c009312 0004eca3 p.sw             x0, x0(x9)           x9:1c001280  PA:1c0012ac
19165161ns          348649 1c009316 0008a383 lw               x7, 0(x17)           x7=7731d12b x17:1c0011b8  PA:1c0011b8
19165462ns          348664 1c00931a 000da703 lw               x14, 0(x27)         x14=c3d2b565 x27:1c0011bc  PA:1c0011bc
19165763ns          348679 1c00931e 004fa60b p.lw             x12, 4(x31!)        x12=00000004 x31=1c001220 x31:1c00121c  PA:1c00121c
19166064ns          348694 1c009322 00735023 p.sh             x7, x0(x6)           x7:7731d12b  x6:1c0012a8  PA:1c0012a8
19166385ns          348710 1c009326 00e35623 p.sh             x14, x0(x6)         x14:c3d2b565  x6:1c0012a8  PA:1c0012ac
19166706ns          348726 1c00932a 0006a803 lw               x16, 0(x13)         x16=0000d12b x13:1c0012a8  PA:1c0012a8
19167007ns          348741 1c00932e 00178793 addi             x15, x15, 1         x15=00000231 x15:00000230
19167027ns          348742 1c009330 1c000537 lui              x10, 0x1c000000     x10=1c000000
19167047ns          348743 1c009334 0183f3b3 and              x7, x7, x24          x7=0000d12b  x7:7731d12b x24:0000ffff
19167067ns          348744 1c009338 00f42023 sw               x15, 0(x8)          x15:00000231  x8:1c001324  PA:1c001324
19167388ns          348760 1c00933a 74450593 addi             x11, x10, 1860      x11=1c000744 x10:1c000000
19167408ns          348761 1c00933e 320b8293 addi             x5, x23, 800         x5=1c001320 x23:1c001000
19167428ns          348762 1c009342 01000633 add              x12, x0, x16        x12=0000d12b x16:0000d12b
19167448ns          348763 1c009344 7d4b0513 addi             x10, x22, 2004      x10=1c0007d4 x22:1c000000
19167468ns          348764 1c009348 007006b3 add              x13, x0, x7         x13=0000d12b  x7:0000d12b
19167488ns          348765 1c00934a 002d0d13 addi             x26, x26, 2         x26=0000000c x26:0000000a
19167508ns          348766 1c00934c 02780263 beq              x16, x7, 36         x16:0000d12b  x7:0000d12b
19167569ns          348769 1c009370 2194fc83 lw               x25, x25(x9)        x25=0000b565 x25:0000002c  x9:1c001280  PA:1c0012ac
19167870ns          348784 1c009374 00178793 addi             x15, x15, 1         x15=00000232 x15:00000231
19167890ns          348785 1c009376 1c0006b7 lui              x13, 0x1c000000     x13=1c000000
19167910ns          348786 1c00937a 01877733 and              x14, x14, x24       x14=0000b565 x14:c3d2b565 x24:0000ffff
19167930ns          348787 1c00937e 00f42023 sw               x15, 0(x8)          x15:00000232  x8:1c001324  PA:1c001324
19168251ns          348803 1c009380 76468593 addi             x11, x13, 1892      x11=1c000764 x13:1c000000
19168271ns          348804 1c009384 320b8293 addi             x5, x23, 800         x5=1c001320 x23:1c001000
19168291ns          348805 1c009388 01900633 add              x12, x0, x25        x12=0000b565 x25:0000b565
19168311ns          348806 1c00938a 7d4b0513 addi             x10, x22, 2004      x10=1c0007d4 x22:1c000000
19168331ns          348807 1c00938e 00e006b3 add              x13, x0, x14        x13=0000b565 x14:0000b565
19168351ns          348808 1c009390 02ec8063 beq              x25, x14, 32        x25:0000b565 x14:0000b565
19168411ns          348811 1c0093b0 01400713 addi             x14, x0, 20         x14=00000014
19168431ns          348812 1c0093b2 00888893 addi             x17, x17, 8         x17=1c0011c0 x17:1c0011b8
19168452ns          348813 1c0093b4 00830313 addi             x6, x6, 8            x6=1c0012b0  x6:1c0012a8
19168472ns          348814 1c0093b6 008d8d93 addi             x27, x27, 8         x27=1c0011c4 x27:1c0011bc
19168492ns          348815 1c0093b8 f4ed14e3 bne              x26, x14, -184      x26:0000000c x14:00000014
19168552ns          348818 1c009300 002d1693 slli             x13, x26, 0x2       x13=00000030 x26:0000000c
19168572ns          348819 1c009304 009686b3 add              x13, x13, x9        x13=1c0012b0 x13:00000030  x9:1c001280
19168592ns          348820 1c009306 001d0813 addi             x16, x26, 1         x16=0000000d x26:0000000c
19168612ns          348821 1c00930a 0006a023 sw               x0, 0(x13)          x13:1c0012b0  PA:1c0012b0
19168953ns          348838 1c00930e 00281c93 slli             x25, x16, 0x2       x25=00000034 x16:0000000d
19168973ns          348839 1c009312 0004eca3 p.sw             x0, x0(x9)           x9:1c001280  PA:1c0012b4
19169294ns          348855 1c009316 0008a383 lw               x7, 0(x17)           x7=2bc87ab4 x17:1c0011c0  PA:1c0011c0
19169595ns          348870 1c00931a 000da703 lw               x14, 0(x27)         x14=2bc87ab4 x27:1c0011c4  PA:1c0011c4
19169896ns          348885 1c00931e 004fa60b p.lw             x12, 4(x31!)        x12=00000004 x31=1c001224 x31:1c001220  PA:1c001220
19170197ns          348900 1c009322 00735023 p.sh             x7, x0(x6)           x7:2bc87ab4  x6:1c0012b0  PA:1c0012b0
19170518ns          348916 1c009326 00e35623 p.sh             x14, x0(x6)         x14:2bc87ab4  x6:1c0012b0  PA:1c0012b4
19170839ns          348932 1c00932a 0006a803 lw               x16, 0(x13)         x16=00007ab4 x13:1c0012b0  PA:1c0012b0
19171140ns          348947 1c00932e 00178793 addi             x15, x15, 1         x15=00000233 x15:00000232
19171160ns          348948 1c009330 1c000537 lui              x10, 0x1c000000     x10=1c000000
19171180ns          348949 1c009334 0183f3b3 and              x7, x7, x24          x7=00007ab4  x7:2bc87ab4 x24:0000ffff
19171201ns          348950 1c009338 00f42023 sw               x15, 0(x8)          x15:00000233  x8:1c001324  PA:1c001324
19171522ns          348966 1c00933a 74450593 addi             x11, x10, 1860      x11=1c000744 x10:1c000000
19171542ns          348967 1c00933e 320b8293 addi             x5, x23, 800         x5=1c001320 x23:1c001000
19171562ns          348968 1c009342 01000633 add              x12, x0, x16        x12=00007ab4 x16:00007ab4
19171582ns          348969 1c009344 7d4b0513 addi             x10, x22, 2004      x10=1c0007d4 x22:1c000000
19171602ns          348970 1c009348 007006b3 add              x13, x0, x7         x13=00007ab4  x7:00007ab4
19171622ns          348971 1c00934a 002d0d13 addi             x26, x26, 2         x26=0000000e x26:0000000c
19171642ns          348972 1c00934c 02780263 beq              x16, x7, 36         x16:00007ab4  x7:00007ab4
19171702ns          348975 1c009370 2194fc83 lw               x25, x25(x9)        x25=00007ab4 x25:00000034  x9:1c001280  PA:1c0012b4
19172003ns          348990 1c009374 00178793 addi             x15, x15, 1         x15=00000234 x15:00000233
19172023ns          348991 1c009376 1c0006b7 lui              x13, 0x1c000000     x13=1c000000
19172043ns          348992 1c00937a 01877733 and              x14, x14, x24       x14=00007ab4 x14:2bc87ab4 x24:0000ffff
19172063ns          348993 1c00937e 00f42023 sw               x15, 0(x8)          x15:00000234  x8:1c001324  PA:1c001324
19172384ns          349009 1c009380 76468593 addi             x11, x13, 1892      x11=1c000764 x13:1c000000
19172404ns          349010 1c009384 320b8293 addi             x5, x23, 800         x5=1c001320 x23:1c001000
19172424ns          349011 1c009388 01900633 add              x12, x0, x25        x12=00007ab4 x25:00007ab4
19172445ns          349012 1c00938a 7d4b0513 addi             x10, x22, 2004      x10=1c0007d4 x22:1c000000
19172465ns          349013 1c00938e 00e006b3 add              x13, x0, x14        x13=00007ab4 x14:00007ab4
19172485ns          349014 1c009390 02ec8063 beq              x25, x14, 32        x25:00007ab4 x14:00007ab4
19172545ns          349017 1c0093b0 01400713 addi             x14, x0, 20         x14=00000014
19172565ns          349018 1c0093b2 00888893 addi             x17, x17, 8         x17=1c0011c8 x17:1c0011c0
19172585ns          349019 1c0093b4 00830313 addi             x6, x6, 8            x6=1c0012b8  x6:1c0012b0
19172605ns          349020 1c0093b6 008d8d93 addi             x27, x27, 8         x27=1c0011cc x27:1c0011c4
19172625ns          349021 1c0093b8 f4ed14e3 bne              x26, x14, -184      x26:0000000e x14:00000014
19172685ns          349024 1c009300 002d1693 slli             x13, x26, 0x2       x13=00000038 x26:0000000e
19172705ns          349025 1c009304 009686b3 add              x13, x13, x9        x13=1c0012b8 x13:00000038  x9:1c001280
19172725ns          349026 1c009306 001d0813 addi             x16, x26, 1         x16=0000000f x26:0000000e
19172746ns          349027 1c00930a 0006a023 sw               x0, 0(x13)          x13:1c0012b8  PA:1c0012b8
19173067ns          349043 1c00930e 00281c93 slli             x25, x16, 0x2       x25=0000003c x16:0000000f
19173087ns          349044 1c009312 0004eca3 p.sw             x0, x0(x9)           x9:1c001280  PA:1c0012bc
19173408ns          349060 1c009316 0008a383 lw               x7, 0(x17)           x7=0153edcf x17:1c0011c8  PA:1c0011c8
19173709ns          349075 1c00931a 000da703 lw               x14, 0(x27)         x14=64be2109 x27:1c0011cc  PA:1c0011cc
19174010ns          349090 1c00931e 004fa60b p.lw             x12, 4(x31!)        x12=00000004 x31=1c001228 x31:1c001224  PA:1c001224
19174311ns          349105 1c009322 00735023 p.sh             x7, x0(x6)           x7:0153edcf  x6:1c0012b8  PA:1c0012b8
19174632ns          349121 1c009326 00e35623 p.sh             x14, x0(x6)         x14:64be2109  x6:1c0012b8  PA:1c0012bc
19174953ns          349137 1c00932a 0006a803 lw               x16, 0(x13)         x16=0000edcf x13:1c0012b8  PA:1c0012b8
19175254ns          349152 1c00932e 00178793 addi             x15, x15, 1         x15=00000235 x15:00000234
19175274ns          349153 1c009330 1c000537 lui              x10, 0x1c000000     x10=1c000000
19175294ns          349154 1c009334 0183f3b3 and              x7, x7, x24          x7=0000edcf  x7:0153edcf x24:0000ffff
19175314ns          349155 1c009338 00f42023 sw               x15, 0(x8)          x15:00000235  x8:1c001324  PA:1c001324
19175635ns          349171 1c00933a 74450593 addi             x11, x10, 1860      x11=1c000744 x10:1c000000
19175655ns          349172 1c00933e 320b8293 addi             x5, x23, 800         x5=1c001320 x23:1c001000
19175675ns          349173 1c009342 01000633 add              x12, x0, x16        x12=0000edcf x16:0000edcf
19175695ns          349174 1c009344 7d4b0513 addi             x10, x22, 2004      x10=1c0007d4 x22:1c000000
19175715ns          349175 1c009348 007006b3 add              x13, x0, x7         x13=0000edcf  x7:0000edcf
19175735ns          349176 1c00934a 002d0d13 addi             x26, x26, 2         x26=00000010 x26:0000000e
19175755ns          349177 1c00934c 02780263 beq              x16, x7, 36         x16:0000edcf  x7:0000edcf
19175816ns          349180 1c009370 2194fc83 lw               x25, x25(x9)        x25=00002109 x25:0000003c  x9:1c001280  PA:1c0012bc
19176137ns          349196 1c009374 00178793 addi             x15, x15, 1         x15=00000236 x15:00000235
19176157ns          349197 1c009376 1c0006b7 lui              x13, 0x1c000000     x13=1c000000
19176177ns          349198 1c00937a 01877733 and              x14, x14, x24       x14=00002109 x14:64be2109 x24:0000ffff
19176197ns          349199 1c00937e 00f42023 sw               x15, 0(x8)          x15:00000236  x8:1c001324  PA:1c001324
19176538ns          349216 1c009380 76468593 addi             x11, x13, 1892      x11=1c000764 x13:1c000000
19176558ns          349217 1c009384 320b8293 addi             x5, x23, 800         x5=1c001320 x23:1c001000
19176578ns          349218 1c009388 01900633 add              x12, x0, x25        x12=00002109 x25:00002109
19176598ns          349219 1c00938a 7d4b0513 addi             x10, x22, 2004      x10=1c0007d4 x22:1c000000
19176618ns          349220 1c00938e 00e006b3 add              x13, x0, x14        x13=00002109 x14:00002109
19176638ns          349221 1c009390 02ec8063 beq              x25, x14, 32        x25:00002109 x14:00002109
19176698ns          349224 1c0093b0 01400713 addi             x14, x0, 20         x14=00000014
19176718ns          349225 1c0093b2 00888893 addi             x17, x17, 8         x17=1c0011d0 x17:1c0011c8
19176739ns          349226 1c0093b4 00830313 addi             x6, x6, 8            x6=1c0012c0  x6:1c0012b8
19176759ns          349227 1c0093b6 008d8d93 addi             x27, x27, 8         x27=1c0011d4 x27:1c0011cc
19176779ns          349228 1c0093b8 f4ed14e3 bne              x26, x14, -184      x26:00000010 x14:00000014
19176839ns          349231 1c009300 002d1693 slli             x13, x26, 0x2       x13=00000040 x26:00000010
19176859ns          349232 1c009304 009686b3 add              x13, x13, x9        x13=1c0012c0 x13:00000040  x9:1c001280
19176879ns          349233 1c009306 001d0813 addi             x16, x26, 1         x16=00000011 x26:00000010
19176899ns          349234 1c00930a 0006a023 sw               x0, 0(x13)          x13:1c0012c0  PA:1c0012c0
19177240ns          349251 1c00930e 00281c93 slli             x25, x16, 0x2       x25=00000044 x16:00000011
19177260ns          349252 1c009312 0004eca3 p.sw             x0, x0(x9)           x9:1c001280  PA:1c0012c4
19177581ns          349268 1c009316 0008a383 lw               x7, 0(x17)           x7=64be2109 x17:1c0011d0  PA:1c0011d0
19177882ns          349283 1c00931a 000da703 lw               x14, 0(x27)         x14=62580466 x27:1c0011d4  PA:1c0011d4
19178183ns          349298 1c00931e 004fa60b p.lw             x12, 4(x31!)        x12=00000004 x31=1c00122c x31:1c001228  PA:1c001228
19178484ns          349313 1c009322 00735023 p.sh             x7, x0(x6)           x7:64be2109  x6:1c0012c0  PA:1c0012c0
19178805ns          349329 1c009326 00e35623 p.sh             x14, x0(x6)         x14:62580466  x6:1c0012c0  PA:1c0012c4
19179126ns          349345 1c00932a 0006a803 lw               x16, 0(x13)         x16=00002109 x13:1c0012c0  PA:1c0012c0
19179427ns          349360 1c00932e 00178793 addi             x15, x15, 1         x15=00000237 x15:00000236
19179447ns          349361 1c009330 1c000537 lui              x10, 0x1c000000     x10=1c000000
19179467ns          349362 1c009334 0183f3b3 and              x7, x7, x24          x7=00002109  x7:64be2109 x24:0000ffff
19179488ns          349363 1c009338 00f42023 sw               x15, 0(x8)          x15:00000237  x8:1c001324  PA:1c001324
19179809ns          349379 1c00933a 74450593 addi             x11, x10, 1860      x11=1c000744 x10:1c000000
19179829ns          349380 1c00933e 320b8293 addi             x5, x23, 800         x5=1c001320 x23:1c001000
19179849ns          349381 1c009342 01000633 add              x12, x0, x16        x12=00002109 x16:00002109
19179869ns          349382 1c009344 7d4b0513 addi             x10, x22, 2004      x10=1c0007d4 x22:1c000000
19179889ns          349383 1c009348 007006b3 add              x13, x0, x7         x13=00002109  x7:00002109
19179909ns          349384 1c00934a 002d0d13 addi             x26, x26, 2         x26=00000012 x26:00000010
19179929ns          349385 1c00934c 02780263 beq              x16, x7, 36         x16:00002109  x7:00002109
19179989ns          349388 1c009370 2194fc83 lw               x25, x25(x9)        x25=00000466 x25:00000044  x9:1c001280  PA:1c0012c4
19180290ns          349403 1c009374 00178793 addi             x15, x15, 1         x15=00000238 x15:00000237
19180310ns          349404 1c009376 1c0006b7 lui              x13, 0x1c000000     x13=1c000000
19180330ns          349405 1c00937a 01877733 and              x14, x14, x24       x14=00000466 x14:62580466 x24:0000ffff
19180350ns          349406 1c00937e 00f42023 sw               x15, 0(x8)          x15:00000238  x8:1c001324  PA:1c001324
19180671ns          349422 1c009380 76468593 addi             x11, x13, 1892      x11=1c000764 x13:1c000000
19180691ns          349423 1c009384 320b8293 addi             x5, x23, 800         x5=1c001320 x23:1c001000
19180711ns          349424 1c009388 01900633 add              x12, x0, x25        x12=00000466 x25:00000466
19180732ns          349425 1c00938a 7d4b0513 addi             x10, x22, 2004      x10=1c0007d4 x22:1c000000
19180752ns          349426 1c00938e 00e006b3 add              x13, x0, x14        x13=00000466 x14:00000466
19180772ns          349427 1c009390 02ec8063 beq              x25, x14, 32        x25:00000466 x14:00000466
19180832ns          349430 1c0093b0 01400713 addi             x14, x0, 20         x14=00000014
19180852ns          349431 1c0093b2 00888893 addi             x17, x17, 8         x17=1c0011d8 x17:1c0011d0
19180872ns          349432 1c0093b4 00830313 addi             x6, x6, 8            x6=1c0012c8  x6:1c0012c0
19180892ns          349433 1c0093b6 008d8d93 addi             x27, x27, 8         x27=1c0011dc x27:1c0011d4
19180912ns          349434 1c0093b8 f4ed14e3 bne              x26, x14, -184      x26:00000012 x14:00000014
19180972ns          349437 1c009300 002d1693 slli             x13, x26, 0x2       x13=00000048 x26:00000012
19180992ns          349438 1c009304 009686b3 add              x13, x13, x9        x13=1c0012c8 x13:00000048  x9:1c001280
19181012ns          349439 1c009306 001d0813 addi             x16, x26, 1         x16=00000013 x26:00000012
19181033ns          349440 1c00930a 0006a023 sw               x0, 0(x13)          x13:1c0012c8  PA:1c0012c8
19181374ns          349457 1c00930e 00281c93 slli             x25, x16, 0x2       x25=0000004c x16:00000013
19181394ns          349458 1c009312 0004eca3 p.sw             x0, x0(x9)           x9:1c001280  PA:1c0012cc
19181715ns          349474 1c009316 0008a383 lw               x7, 0(x17)           x7=1b487b12 x17:1c0011d8  PA:1c0011d8
19182016ns          349489 1c00931a 000da703 lw               x14, 0(x27)         x14=1b487b12 x27:1c0011dc  PA:1c0011dc
19182317ns          349504 1c00931e 004fa60b p.lw             x12, 4(x31!)        x12=00000004 x31=1c001230 x31:1c00122c  PA:1c00122c
19182618ns          349519 1c009322 00735023 p.sh             x7, x0(x6)           x7:1b487b12  x6:1c0012c8  PA:1c0012c8
19182939ns          349535 1c009326 00e35623 p.sh             x14, x0(x6)         x14:1b487b12  x6:1c0012c8  PA:1c0012cc
19183260ns          349551 1c00932a 0006a803 lw               x16, 0(x13)         x16=00007b12 x13:1c0012c8  PA:1c0012c8
19183561ns          349566 1c00932e 00178793 addi             x15, x15, 1         x15=00000239 x15:00000238
19183581ns          349567 1c009330 1c000537 lui              x10, 0x1c000000     x10=1c000000
19183601ns          349568 1c009334 0183f3b3 and              x7, x7, x24          x7=00007b12  x7:1b487b12 x24:0000ffff
19183621ns          349569 1c009338 00f42023 sw               x15, 0(x8)          x15:00000239  x8:1c001324  PA:1c001324
19183942ns          349585 1c00933a 74450593 addi             x11, x10, 1860      x11=1c000744 x10:1c000000
19183962ns          349586 1c00933e 320b8293 addi             x5, x23, 800         x5=1c001320 x23:1c001000
19183982ns          349587 1c009342 01000633 add              x12, x0, x16        x12=00007b12 x16:00007b12
19184002ns          349588 1c009344 7d4b0513 addi             x10, x22, 2004      x10=1c0007d4 x22:1c000000
19184022ns          349589 1c009348 007006b3 add              x13, x0, x7         x13=00007b12  x7:00007b12
19184042ns          349590 1c00934a 002d0d13 addi             x26, x26, 2         x26=00000014 x26:00000012
19184062ns          349591 1c00934c 02780263 beq              x16, x7, 36         x16:00007b12  x7:00007b12
19184123ns          349594 1c009370 2194fc83 lw               x25, x25(x9)        x25=00007b12 x25:0000004c  x9:1c001280  PA:1c0012cc
19184424ns          349609 1c009374 00178793 addi             x15, x15, 1         x15=0000023a x15:00000239
19184444ns          349610 1c009376 1c0006b7 lui              x13, 0x1c000000     x13=1c000000
19184464ns          349611 1c00937a 01877733 and              x14, x14, x24       x14=00007b12 x14:1b487b12 x24:0000ffff
19184484ns          349612 1c00937e 00f42023 sw               x15, 0(x8)          x15:0000023a  x8:1c001324  PA:1c001324
19184805ns          349628 1c009380 76468593 addi             x11, x13, 1892      x11=1c000764 x13:1c000000
19184825ns          349629 1c009384 320b8293 addi             x5, x23, 800         x5=1c001320 x23:1c001000
19184845ns          349630 1c009388 01900633 add              x12, x0, x25        x12=00007b12 x25:00007b12
19184865ns          349631 1c00938a 7d4b0513 addi             x10, x22, 2004      x10=1c0007d4 x22:1c000000
19184885ns          349632 1c00938e 00e006b3 add              x13, x0, x14        x13=00007b12 x14:00007b12
19184905ns          349633 1c009390 02ec8063 beq              x25, x14, 32        x25:00007b12 x14:00007b12
19184965ns          349636 1c0093b0 01400713 addi             x14, x0, 20         x14=00000014
19184985ns          349637 1c0093b2 00888893 addi             x17, x17, 8         x17=1c0011e0 x17:1c0011d8
19185005ns          349638 1c0093b4 00830313 addi             x6, x6, 8            x6=1c0012d0  x6:1c0012c8
19185026ns          349639 1c0093b6 008d8d93 addi             x27, x27, 8         x27=1c0011e4 x27:1c0011dc
19185046ns          349640 1c0093b8 f4ed14e3 bne              x26, x14, -184      x26:00000014 x14:00000014
19185066ns          349641 1c0093bc 00000d13 addi             x26, x0, 0          x26=00000000
19185086ns          349642 1c0093be 1c001b37 lui              x22, 0x1c001000     x22=1c001000
19185106ns          349643 1c0093c2 1c000c37 lui              x24, 0x1c000000     x24=1c000000
19185126ns          349644 1c0093c6 1c000db7 lui              x27, 0x1c000000     x27=1c000000
19185146ns          349645 1c0093ca 1c000bb7 lui              x23, 0x1c000000     x23=1c000000
19185166ns          349646 1c0093ce 0040006f jal              x0, 4              
19185668ns          349671 1c0093d2 002d1693 slli             x13, x26, 0x2       x13=00000000 x26:00000000
19185688ns          349672 1c0093d6 001d0713 addi             x14, x26, 1         x14=00000001 x26:00000000
19185708ns          349673 1c0093da 009686b3 add              x13, x13, x9        x13=1c001280 x13:00000000  x9:1c001280
19185728ns          349674 1c0093dc 00271c93 slli             x25, x14, 0x2       x25=00000004 x14:00000001
19186149ns          349695 1c0093e0 0006a023 sw               x0, 0(x13)          x13:1c001280  PA:1c001280
19186490ns          349712 1c0093e4 0004eca3 p.sw             x0, x0(x9)           x9:1c001280  PA:1c001284
19186831ns          349729 1c0093e8 0009a703 lw               x14, 0(x19)         x14=63aa9108 x19:1c001190  PA:1c001190
19187132ns          349744 1c0093ec 00092303 lw               x6, 0(x18)           x6=63aa9108 x18:1c001194  PA:1c001194
19187433ns          349759 1c0093f0 004aa60b p.lw             x12, 4(x21!)        x12=00000004 x21=1c00120c x21:1c001208  PA:1c001208
19187734ns          349774 1c0093f4 00ea4023 p.sb             x14, x0(x20)        x14:63aa9108 x20:1c001280  PA:1c001280
19188055ns          349790 1c0093f8 006a4623 p.sb             x6, x0(x20)          x6:63aa9108 x20:1c001280  PA:1c001284
19188376ns          349806 1c0093fc 0006a803 lw               x16, 0(x13)         x16=00000008 x13:1c001280  PA:1c001280
19188677ns          349821 1c009400 00178793 addi             x15, x15, 1         x15=0000023b x15:0000023a
19188698ns          349822 1c009402 ee873733 p.bclr           x14, x14, 23, 8     x14=00000008 x14:63aa9108
19188718ns          349823 1c009406 00f42023 sw               x15, 0(x8)          x15:0000023b  x8:1c001324  PA:1c001324
19189059ns          349840 1c009408 320b0e13 addi             x28, x22, 800       x28=1c001320 x22:1c001000
19189079ns          349841 1c00940c 01000633 add              x12, x0, x16        x12=00000008 x16:00000008
19189179ns          349846 1c00940e 784c0593 addi             x11, x24, 1924      x11=1c000784 x24:1c000000
19189219ns          349848 1c009412 7d4d8513 addi             x10, x27, 2004      x10=1c0007d4 x27:1c000000
19189239ns          349849 1c009416 00e006b3 add              x13, x0, x14        x13=00000008 x14:00000008
19189259ns          349850 1c009418 002d0d13 addi             x26, x26, 2         x26=00000002 x26:00000000
19189279ns          349851 1c00941a 00e80c63 beq              x16, x14, 24        x16:00000008 x14:00000008
19190202ns          349897 1c009432 2194fc83 lw               x25, x25(x9)        x25=00000008 x25:00000004  x9:1c001280  PA:1c001284
19190523ns          349913 1c009436 00178793 addi             x15, x15, 1         x15=0000023c x15:0000023b
19190544ns          349914 1c009438 ee833333 p.bclr           x6, x6, 23, 8        x6=00000008  x6:63aa9108
19190564ns          349915 1c00943c 00f42023 sw               x15, 0(x8)          x15:0000023c  x8:1c001324  PA:1c001324
19190905ns          349932 1c00943e 320b0813 addi             x16, x22, 800       x16=1c001320 x22:1c001000
19190925ns          349933 1c009442 006006b3 add              x13, x0, x6         x13=00000008  x6:00000008
19190945ns          349934 1c009444 01900633 add              x12, x0, x25        x12=00000008 x25:00000008
19190965ns          349935 1c009446 7a4b8593 addi             x11, x23, 1956      x11=1c0007a4 x23:1c000000
19190985ns          349936 1c00944a 7d4d8513 addi             x10, x27, 2004      x10=1c0007d4 x27:1c000000
19191406ns          349957 1c00944e 006c8963 beq              x25, x6, 18         x25:00000008  x6:00000008
19191908ns          349982 1c009460 01400793 addi             x15, x0, 20         x15=00000014
19191928ns          349983 1c009462 00898993 addi             x19, x19, 8         x19=1c001198 x19:1c001190
19191948ns          349984 1c009464 008a0a13 addi             x20, x20, 8         x20=1c001288 x20:1c001280
19191968ns          349985 1c009466 00890913 addi             x18, x18, 8         x18=1c00119c x18:1c001194
19191988ns          349986 1c009468 f6fd14e3 bne              x26, x15, -152      x26:00000002 x15:00000014
19192470ns          350010 1c0093d0 00042783 lw               x15, 0(x8)          x15=0000023c  x8:1c001324  PA:1c001324
19192771ns          350025 1c0093d2 002d1693 slli             x13, x26, 0x2       x13=00000008 x26:00000002
19192791ns          350026 1c0093d6 001d0713 addi             x14, x26, 1         x14=00000003 x26:00000002
19192811ns          350027 1c0093da 009686b3 add              x13, x13, x9        x13=1c001288 x13:00000008  x9:1c001280
19192831ns          350028 1c0093dc 00271c93 slli             x25, x14, 0x2       x25=0000000c x14:00000003
19192851ns          350029 1c0093e0 0006a023 sw               x0, 0(x13)          x13:1c001288  PA:1c001288
19193172ns          350045 1c0093e4 0004eca3 p.sw             x0, x0(x9)           x9:1c001280  PA:1c00128c
19193493ns          350061 1c0093e8 0009a703 lw               x14, 0(x19)         x14=25e413c4 x19:1c001198  PA:1c001198
19193794ns          350076 1c0093ec 00092303 lw               x6, 0(x18)           x6=5d67001f x18:1c00119c  PA:1c00119c
19194095ns          350091 1c0093f0 004aa60b p.lw             x12, 4(x21!)        x12=00000004 x21=1c001210 x21:1c00120c  PA:1c00120c
19194396ns          350106 1c0093f4 00ea4023 p.sb             x14, x0(x20)        x14:25e413c4 x20:1c001288  PA:1c001288
19194737ns          350123 1c0093f8 006a4623 p.sb             x6, x0(x20)          x6:5d67001f x20:1c001288  PA:1c00128c
19195058ns          350139 1c0093fc 0006a803 lw               x16, 0(x13)         x16=000000c4 x13:1c001288  PA:1c001288
19195359ns          350154 1c009400 00178793 addi             x15, x15, 1         x15=0000023d x15:0000023c
19195379ns          350155 1c009402 ee873733 p.bclr           x14, x14, 23, 8     x14=000000c4 x14:25e413c4
19195399ns          350156 1c009406 00f42023 sw               x15, 0(x8)          x15:0000023d  x8:1c001324  PA:1c001324
19195720ns          350172 1c009408 320b0e13 addi             x28, x22, 800       x28=1c001320 x22:1c001000
19195740ns          350173 1c00940c 01000633 add              x12, x0, x16        x12=000000c4 x16:000000c4
19195761ns          350174 1c00940e 784c0593 addi             x11, x24, 1924      x11=1c000784 x24:1c000000
19195781ns          350175 1c009412 7d4d8513 addi             x10, x27, 2004      x10=1c0007d4 x27:1c000000
19195801ns          350176 1c009416 00e006b3 add              x13, x0, x14        x13=000000c4 x14:000000c4
19195821ns          350177 1c009418 002d0d13 addi             x26, x26, 2         x26=00000004 x26:00000002
19195841ns          350178 1c00941a 00e80c63 beq              x16, x14, 24        x16:000000c4 x14:000000c4
19195921ns          350182 1c009432 2194fc83 lw               x25, x25(x9)        x25=0000001f x25:0000000c  x9:1c001280  PA:1c00128c
19196222ns          350197 1c009436 00178793 addi             x15, x15, 1         x15=0000023e x15:0000023d
19196242ns          350198 1c009438 ee833333 p.bclr           x6, x6, 23, 8        x6=0000001f  x6:5d67001f
19196262ns          350199 1c00943c 00f42023 sw               x15, 0(x8)          x15:0000023e  x8:1c001324  PA:1c001324
19196583ns          350215 1c00943e 320b0813 addi             x16, x22, 800       x16=1c001320 x22:1c001000
19196603ns          350216 1c009442 006006b3 add              x13, x0, x6         x13=0000001f  x6:0000001f
19196623ns          350217 1c009444 01900633 add              x12, x0, x25        x12=0000001f x25:0000001f
19196643ns          350218 1c009446 7a4b8593 addi             x11, x23, 1956      x11=1c0007a4 x23:1c000000
19196663ns          350219 1c00944a 7d4d8513 addi             x10, x27, 2004      x10=1c0007d4 x27:1c000000
19196684ns          350220 1c00944e 006c8963 beq              x25, x6, 18         x25:0000001f  x6:0000001f
19196744ns          350223 1c009460 01400793 addi             x15, x0, 20         x15=00000014
19196764ns          350224 1c009462 00898993 addi             x19, x19, 8         x19=1c0011a0 x19:1c001198
19196784ns          350225 1c009464 008a0a13 addi             x20, x20, 8         x20=1c001290 x20:1c001288
19196804ns          350226 1c009466 00890913 addi             x18, x18, 8         x18=1c0011a4 x18:1c00119c
19196824ns          350227 1c009468 f6fd14e3 bne              x26, x15, -152      x26:00000004 x15:00000014
19196884ns          350230 1c0093d0 00042783 lw               x15, 0(x8)          x15=0000023e  x8:1c001324  PA:1c001324
19197185ns          350245 1c0093d2 002d1693 slli             x13, x26, 0x2       x13=00000010 x26:00000004
19197205ns          350246 1c0093d6 001d0713 addi             x14, x26, 1         x14=00000005 x26:00000004
19197225ns          350247 1c0093da 009686b3 add              x13, x13, x9        x13=1c001290 x13:00000010  x9:1c001280
19197245ns          350248 1c0093dc 00271c93 slli             x25, x14, 0x2       x25=00000014 x14:00000005
19197265ns          350249 1c0093e0 0006a023 sw               x0, 0(x13)          x13:1c001290  PA:1c001290
19197586ns          350265 1c0093e4 0004eca3 p.sw             x0, x0(x9)           x9:1c001280  PA:1c001294
19197908ns          350281 1c0093e8 0009a703 lw               x14, 0(x19)         x14=5d67001f x19:1c0011a0  PA:1c0011a0
19198229ns          350297 1c0093ec 00092303 lw               x6, 0(x18)           x6=c46acaca x18:1c0011a4  PA:1c0011a4
19198530ns          350312 1c0093f0 004aa60b p.lw             x12, 4(x21!)        x12=00000004 x21=1c001214 x21:1c001210  PA:1c001210
19198831ns          350327 1c0093f4 00ea4023 p.sb             x14, x0(x20)        x14:5d67001f x20:1c001290  PA:1c001290
19199152ns          350343 1c0093f8 006a4623 p.sb             x6, x0(x20)          x6:c46acaca x20:1c001290  PA:1c001294
19199493ns          350360 1c0093fc 0006a803 lw               x16, 0(x13)         x16=0000001f x13:1c001290  PA:1c001290
19199794ns          350375 1c009400 00178793 addi             x15, x15, 1         x15=0000023f x15:0000023e
19199814ns          350376 1c009402 ee873733 p.bclr           x14, x14, 23, 8     x14=0000001f x14:5d67001f
19199834ns          350377 1c009406 00f42023 sw               x15, 0(x8)          x15:0000023f  x8:1c001324  PA:1c001324
19200155ns          350393 1c009408 320b0e13 addi             x28, x22, 800       x28=1c001320 x22:1c001000
19200175ns          350394 1c00940c 01000633 add              x12, x0, x16        x12=0000001f x16:0000001f
19200195ns          350395 1c00940e 784c0593 addi             x11, x24, 1924      x11=1c000784 x24:1c000000
19200215ns          350396 1c009412 7d4d8513 addi             x10, x27, 2004      x10=1c0007d4 x27:1c000000
19200235ns          350397 1c009416 00e006b3 add              x13, x0, x14        x13=0000001f x14:0000001f
19200255ns          350398 1c009418 002d0d13 addi             x26, x26, 2         x26=00000006 x26:00000004
19200275ns          350399 1c00941a 00e80c63 beq              x16, x14, 24        x16:0000001f x14:0000001f
19200355ns          350403 1c009432 2194fc83 lw               x25, x25(x9)        x25=000000ca x25:00000014  x9:1c001280  PA:1c001294
19200656ns          350418 1c009436 00178793 addi             x15, x15, 1         x15=00000240 x15:0000023f
19200677ns          350419 1c009438 ee833333 p.bclr           x6, x6, 23, 8        x6=000000ca  x6:c46acaca
19200697ns          350420 1c00943c 00f42023 sw               x15, 0(x8)          x15:00000240  x8:1c001324  PA:1c001324
19201018ns          350436 1c00943e 320b0813 addi             x16, x22, 800       x16=1c001320 x22:1c001000
19201038ns          350437 1c009442 006006b3 add              x13, x0, x6         x13=000000ca  x6:000000ca
19201058ns          350438 1c009444 01900633 add              x12, x0, x25        x12=000000ca x25:000000ca
19201078ns          350439 1c009446 7a4b8593 addi             x11, x23, 1956      x11=1c0007a4 x23:1c000000
19201098ns          350440 1c00944a 7d4d8513 addi             x10, x27, 2004      x10=1c0007d4 x27:1c000000
19201118ns          350441 1c00944e 006c8963 beq              x25, x6, 18         x25:000000ca  x6:000000ca
19201178ns          350444 1c009460 01400793 addi             x15, x0, 20         x15=00000014
19201198ns          350445 1c009462 00898993 addi             x19, x19, 8         x19=1c0011a8 x19:1c0011a0
19201218ns          350446 1c009464 008a0a13 addi             x20, x20, 8         x20=1c001298 x20:1c001290
19201238ns          350447 1c009466 00890913 addi             x18, x18, 8         x18=1c0011ac x18:1c0011a4
19201258ns          350448 1c009468 f6fd14e3 bne              x26, x15, -152      x26:00000006 x15:00000014
19201319ns          350451 1c0093d0 00042783 lw               x15, 0(x8)          x15=00000240  x8:1c001324  PA:1c001324
19201620ns          350466 1c0093d2 002d1693 slli             x13, x26, 0x2       x13=00000018 x26:00000006
19201640ns          350467 1c0093d6 001d0713 addi             x14, x26, 1         x14=00000007 x26:00000006
19201660ns          350468 1c0093da 009686b3 add              x13, x13, x9        x13=1c001298 x13:00000018  x9:1c001280
19201680ns          350469 1c0093dc 00271c93 slli             x25, x14, 0x2       x25=0000001c x14:00000007
19201700ns          350470 1c0093e0 0006a023 sw               x0, 0(x13)          x13:1c001298  PA:1c001298
19202021ns          350486 1c0093e4 0004eca3 p.sw             x0, x0(x9)           x9:1c001280  PA:1c00129c
19202342ns          350502 1c0093e8 0009a703 lw               x14, 0(x19)         x14=f7770b5e x19:1c0011a8  PA:1c0011a8
19202643ns          350517 1c0093ec 00092303 lw               x6, 0(x18)           x6=f7770b5e x18:1c0011ac  PA:1c0011ac
19202944ns          350532 1c0093f0 004aa60b p.lw             x12, 4(x21!)        x12=00000004 x21=1c001218 x21:1c001214  PA:1c001214
19203245ns          350547 1c0093f4 00ea4023 p.sb             x14, x0(x20)        x14:f7770b5e x20:1c001298  PA:1c001298
19203566ns          350563 1c0093f8 006a4623 p.sb             x6, x0(x20)          x6:f7770b5e x20:1c001298  PA:1c00129c
19203887ns          350579 1c0093fc 0006a803 lw               x16, 0(x13)         x16=0000005e x13:1c001298  PA:1c001298
19204188ns          350594 1c009400 00178793 addi             x15, x15, 1         x15=00000241 x15:00000240
19204208ns          350595 1c009402 ee873733 p.bclr           x14, x14, 23, 8     x14=0000005e x14:f7770b5e
19204228ns          350596 1c009406 00f42023 sw               x15, 0(x8)          x15:00000241  x8:1c001324  PA:1c001324
19204569ns          350613 1c009408 320b0e13 addi             x28, x22, 800       x28=1c001320 x22:1c001000
19204589ns          350614 1c00940c 01000633 add              x12, x0, x16        x12=0000005e x16:0000005e
19204609ns          350615 1c00940e 784c0593 addi             x11, x24, 1924      x11=1c000784 x24:1c000000
19204629ns          350616 1c009412 7d4d8513 addi             x10, x27, 2004      x10=1c0007d4 x27:1c000000
19204649ns          350617 1c009416 00e006b3 add              x13, x0, x14        x13=0000005e x14:0000005e
19204670ns          350618 1c009418 002d0d13 addi             x26, x26, 2         x26=00000008 x26:00000006
19204690ns          350619 1c00941a 00e80c63 beq              x16, x14, 24        x16:0000005e x14:0000005e
19204770ns          350623 1c009432 2194fc83 lw               x25, x25(x9)        x25=0000005e x25:0000001c  x9:1c001280  PA:1c00129c
19205071ns          350638 1c009436 00178793 addi             x15, x15, 1         x15=00000242 x15:00000241
19205091ns          350639 1c009438 ee833333 p.bclr           x6, x6, 23, 8        x6=0000005e  x6:f7770b5e
19205111ns          350640 1c00943c 00f42023 sw               x15, 0(x8)          x15:00000242  x8:1c001324  PA:1c001324
19205452ns          350657 1c00943e 320b0813 addi             x16, x22, 800       x16=1c001320 x22:1c001000
19205472ns          350658 1c009442 006006b3 add              x13, x0, x6         x13=0000005e  x6:0000005e
19205492ns          350659 1c009444 01900633 add              x12, x0, x25        x12=0000005e x25:0000005e
19205512ns          350660 1c009446 7a4b8593 addi             x11, x23, 1956      x11=1c0007a4 x23:1c000000
19205532ns          350661 1c00944a 7d4d8513 addi             x10, x27, 2004      x10=1c0007d4 x27:1c000000
19205552ns          350662 1c00944e 006c8963 beq              x25, x6, 18         x25:0000005e  x6:0000005e
19205613ns          350665 1c009460 01400793 addi             x15, x0, 20         x15=00000014
19205633ns          350666 1c009462 00898993 addi             x19, x19, 8         x19=1c0011b0 x19:1c0011a8
19205653ns          350667 1c009464 008a0a13 addi             x20, x20, 8         x20=1c0012a0 x20:1c001298
19205673ns          350668 1c009466 00890913 addi             x18, x18, 8         x18=1c0011b4 x18:1c0011ac
19205693ns          350669 1c009468 f6fd14e3 bne              x26, x15, -152      x26:00000008 x15:00000014
19205753ns          350672 1c0093d0 00042783 lw               x15, 0(x8)          x15=00000242  x8:1c001324  PA:1c001324
19206054ns          350687 1c0093d2 002d1693 slli             x13, x26, 0x2       x13=00000020 x26:00000008
19206074ns          350688 1c0093d6 001d0713 addi             x14, x26, 1         x14=00000009 x26:00000008
19206094ns          350689 1c0093da 009686b3 add              x13, x13, x9        x13=1c0012a0 x13:00000020  x9:1c001280
19206114ns          350690 1c0093dc 00271c93 slli             x25, x14, 0x2       x25=00000024 x14:00000009
19206134ns          350691 1c0093e0 0006a023 sw               x0, 0(x13)          x13:1c0012a0  PA:1c0012a0
19206455ns          350707 1c0093e4 0004eca3 p.sw             x0, x0(x9)           x9:1c001280  PA:1c0012a4
19206776ns          350723 1c0093e8 0009a703 lw               x14, 0(x19)         x14=546c1d01 x19:1c0011b0  PA:1c0011b0
19207077ns          350738 1c0093ec 00092303 lw               x6, 0(x18)           x6=7731d12b x18:1c0011b4  PA:1c0011b4
19207378ns          350753 1c0093f0 004aa60b p.lw             x12, 4(x21!)        x12=00000004 x21=1c00121c x21:1c001218  PA:1c001218
19207699ns          350769 1c0093f4 00ea4023 p.sb             x14, x0(x20)        x14:546c1d01 x20:1c0012a0  PA:1c0012a0
19208020ns          350785 1c0093f8 006a4623 p.sb             x6, x0(x20)          x6:7731d12b x20:1c0012a0  PA:1c0012a4
19208341ns          350801 1c0093fc 0006a803 lw               x16, 0(x13)         x16=00000001 x13:1c0012a0  PA:1c0012a0
19208642ns          350816 1c009400 00178793 addi             x15, x15, 1         x15=00000243 x15:00000242
19208663ns          350817 1c009402 ee873733 p.bclr           x14, x14, 23, 8     x14=00000001 x14:546c1d01
19208683ns          350818 1c009406 00f42023 sw               x15, 0(x8)          x15:00000243  x8:1c001324  PA:1c001324
19209004ns          350834 1c009408 320b0e13 addi             x28, x22, 800       x28=1c001320 x22:1c001000
19209024ns          350835 1c00940c 01000633 add              x12, x0, x16        x12=00000001 x16:00000001
19209044ns          350836 1c00940e 784c0593 addi             x11, x24, 1924      x11=1c000784 x24:1c000000
19209064ns          350837 1c009412 7d4d8513 addi             x10, x27, 2004      x10=1c0007d4 x27:1c000000
19209084ns          350838 1c009416 00e006b3 add              x13, x0, x14        x13=00000001 x14:00000001
19209104ns          350839 1c009418 002d0d13 addi             x26, x26, 2         x26=0000000a x26:00000008
19209124ns          350840 1c00941a 00e80c63 beq              x16, x14, 24        x16:00000001 x14:00000001
19209204ns          350844 1c009432 2194fc83 lw               x25, x25(x9)        x25=0000002b x25:00000024  x9:1c001280  PA:1c0012a4
19209505ns          350859 1c009436 00178793 addi             x15, x15, 1         x15=00000244 x15:00000243
19209525ns          350860 1c009438 ee833333 p.bclr           x6, x6, 23, 8        x6=0000002b  x6:7731d12b
19209545ns          350861 1c00943c 00f42023 sw               x15, 0(x8)          x15:00000244  x8:1c001324  PA:1c001324
19209887ns          350878 1c00943e 320b0813 addi             x16, x22, 800       x16=1c001320 x22:1c001000
19209907ns          350879 1c009442 006006b3 add              x13, x0, x6         x13=0000002b  x6:0000002b
19209927ns          350880 1c009444 01900633 add              x12, x0, x25        x12=0000002b x25:0000002b
19209947ns          350881 1c009446 7a4b8593 addi             x11, x23, 1956      x11=1c0007a4 x23:1c000000
19209967ns          350882 1c00944a 7d4d8513 addi             x10, x27, 2004      x10=1c0007d4 x27:1c000000
19209987ns          350883 1c00944e 006c8963 beq              x25, x6, 18         x25:0000002b  x6:0000002b
19210047ns          350886 1c009460 01400793 addi             x15, x0, 20         x15=00000014
19210067ns          350887 1c009462 00898993 addi             x19, x19, 8         x19=1c0011b8 x19:1c0011b0
19210087ns          350888 1c009464 008a0a13 addi             x20, x20, 8         x20=1c0012a8 x20:1c0012a0
19210107ns          350889 1c009466 00890913 addi             x18, x18, 8         x18=1c0011bc x18:1c0011b4
19210127ns          350890 1c009468 f6fd14e3 bne              x26, x15, -152      x26:0000000a x15:00000014
19210188ns          350893 1c0093d0 00042783 lw               x15, 0(x8)          x15=00000244  x8:1c001324  PA:1c001324
19210488ns          350908 1c0093d2 002d1693 slli             x13, x26, 0x2       x13=00000028 x26:0000000a
19210509ns          350909 1c0093d6 001d0713 addi             x14, x26, 1         x14=0000000b x26:0000000a
19210529ns          350910 1c0093da 009686b3 add              x13, x13, x9        x13=1c0012a8 x13:00000028  x9:1c001280
19210549ns          350911 1c0093dc 00271c93 slli             x25, x14, 0x2       x25=0000002c x14:0000000b
19210569ns          350912 1c0093e0 0006a023 sw               x0, 0(x13)          x13:1c0012a8  PA:1c0012a8
19210910ns          350929 1c0093e4 0004eca3 p.sw             x0, x0(x9)           x9:1c001280  PA:1c0012ac
19211231ns          350945 1c0093e8 0009a703 lw               x14, 0(x19)         x14=7731d12b x19:1c0011b8  PA:1c0011b8
19211532ns          350960 1c0093ec 00092303 lw               x6, 0(x18)           x6=c3d2b565 x18:1c0011bc  PA:1c0011bc
19211833ns          350975 1c0093f0 004aa60b p.lw             x12, 4(x21!)        x12=00000004 x21=1c001220 x21:1c00121c  PA:1c00121c
19212134ns          350990 1c0093f4 00ea4023 p.sb             x14, x0(x20)        x14:7731d12b x20:1c0012a8  PA:1c0012a8
19212455ns          351006 1c0093f8 006a4623 p.sb             x6, x0(x20)          x6:c3d2b565 x20:1c0012a8  PA:1c0012ac
19212776ns          351022 1c0093fc 0006a803 lw               x16, 0(x13)         x16=0000002b x13:1c0012a8  PA:1c0012a8
19213077ns          351037 1c009400 00178793 addi             x15, x15, 1         x15=00000245 x15:00000244
19213097ns          351038 1c009402 ee873733 p.bclr           x14, x14, 23, 8     x14=0000002b x14:7731d12b
19213117ns          351039 1c009406 00f42023 sw               x15, 0(x8)          x15:00000245  x8:1c001324  PA:1c001324
19213438ns          351055 1c009408 320b0e13 addi             x28, x22, 800       x28=1c001320 x22:1c001000
19213458ns          351056 1c00940c 01000633 add              x12, x0, x16        x12=0000002b x16:0000002b
19213478ns          351057 1c00940e 784c0593 addi             x11, x24, 1924      x11=1c000784 x24:1c000000
19213498ns          351058 1c009412 7d4d8513 addi             x10, x27, 2004      x10=1c0007d4 x27:1c000000
19213518ns          351059 1c009416 00e006b3 add              x13, x0, x14        x13=0000002b x14:0000002b
19213538ns          351060 1c009418 002d0d13 addi             x26, x26, 2         x26=0000000c x26:0000000a
19213558ns          351061 1c00941a 00e80c63 beq              x16, x14, 24        x16:0000002b x14:0000002b
19213639ns          351065 1c009432 2194fc83 lw               x25, x25(x9)        x25=00000065 x25:0000002c  x9:1c001280  PA:1c0012ac
19213940ns          351080 1c009436 00178793 addi             x15, x15, 1         x15=00000246 x15:00000245
19213960ns          351081 1c009438 ee833333 p.bclr           x6, x6, 23, 8        x6=00000065  x6:c3d2b565
19213980ns          351082 1c00943c 00f42023 sw               x15, 0(x8)          x15:00000246  x8:1c001324  PA:1c001324
19214301ns          351098 1c00943e 320b0813 addi             x16, x22, 800       x16=1c001320 x22:1c001000
19214321ns          351099 1c009442 006006b3 add              x13, x0, x6         x13=00000065  x6:00000065
19214341ns          351100 1c009444 01900633 add              x12, x0, x25        x12=00000065 x25:00000065
19214361ns          351101 1c009446 7a4b8593 addi             x11, x23, 1956      x11=1c0007a4 x23:1c000000
19214381ns          351102 1c00944a 7d4d8513 addi             x10, x27, 2004      x10=1c0007d4 x27:1c000000
19214401ns          351103 1c00944e 006c8963 beq              x25, x6, 18         x25:00000065  x6:00000065
19214461ns          351106 1c009460 01400793 addi             x15, x0, 20         x15=00000014
19214481ns          351107 1c009462 00898993 addi             x19, x19, 8         x19=1c0011c0 x19:1c0011b8
19214502ns          351108 1c009464 008a0a13 addi             x20, x20, 8         x20=1c0012b0 x20:1c0012a8
19214522ns          351109 1c009466 00890913 addi             x18, x18, 8         x18=1c0011c4 x18:1c0011bc
19214542ns          351110 1c009468 f6fd14e3 bne              x26, x15, -152      x26:0000000c x15:00000014
19214602ns          351113 1c0093d0 00042783 lw               x15, 0(x8)          x15=00000246  x8:1c001324  PA:1c001324
19214903ns          351128 1c0093d2 002d1693 slli             x13, x26, 0x2       x13=00000030 x26:0000000c
19214923ns          351129 1c0093d6 001d0713 addi             x14, x26, 1         x14=0000000d x26:0000000c
19214943ns          351130 1c0093da 009686b3 add              x13, x13, x9        x13=1c0012b0 x13:00000030  x9:1c001280
19214963ns          351131 1c0093dc 00271c93 slli             x25, x14, 0x2       x25=00000034 x14:0000000d
19214983ns          351132 1c0093e0 0006a023 sw               x0, 0(x13)          x13:1c0012b0  PA:1c0012b0
19215304ns          351148 1c0093e4 0004eca3 p.sw             x0, x0(x9)           x9:1c001280  PA:1c0012b4
19215645ns          351165 1c0093e8 0009a703 lw               x14, 0(x19)         x14=2bc87ab4 x19:1c0011c0  PA:1c0011c0
19215946ns          351180 1c0093ec 00092303 lw               x6, 0(x18)           x6=2bc87ab4 x18:1c0011c4  PA:1c0011c4
19216247ns          351195 1c0093f0 004aa60b p.lw             x12, 4(x21!)        x12=00000004 x21=1c001224 x21:1c001220  PA:1c001220
19216548ns          351210 1c0093f4 00ea4023 p.sb             x14, x0(x20)        x14:2bc87ab4 x20:1c0012b0  PA:1c0012b0
19216869ns          351226 1c0093f8 006a4623 p.sb             x6, x0(x20)          x6:2bc87ab4 x20:1c0012b0  PA:1c0012b4
19217190ns          351242 1c0093fc 0006a803 lw               x16, 0(x13)         x16=000000b4 x13:1c0012b0  PA:1c0012b0
19217491ns          351257 1c009400 00178793 addi             x15, x15, 1         x15=00000247 x15:00000246
19217511ns          351258 1c009402 ee873733 p.bclr           x14, x14, 23, 8     x14=000000b4 x14:2bc87ab4
19217531ns          351259 1c009406 00f42023 sw               x15, 0(x8)          x15:00000247  x8:1c001324  PA:1c001324
19217873ns          351276 1c009408 320b0e13 addi             x28, x22, 800       x28=1c001320 x22:1c001000
19217893ns          351277 1c00940c 01000633 add              x12, x0, x16        x12=000000b4 x16:000000b4
19217913ns          351278 1c00940e 784c0593 addi             x11, x24, 1924      x11=1c000784 x24:1c000000
19217933ns          351279 1c009412 7d4d8513 addi             x10, x27, 2004      x10=1c0007d4 x27:1c000000
19217953ns          351280 1c009416 00e006b3 add              x13, x0, x14        x13=000000b4 x14:000000b4
19217973ns          351281 1c009418 002d0d13 addi             x26, x26, 2         x26=0000000e x26:0000000c
19217993ns          351282 1c00941a 00e80c63 beq              x16, x14, 24        x16:000000b4 x14:000000b4
19218073ns          351286 1c009432 2194fc83 lw               x25, x25(x9)        x25=000000b4 x25:00000034  x9:1c001280  PA:1c0012b4
19218374ns          351301 1c009436 00178793 addi             x15, x15, 1         x15=00000248 x15:00000247
19218394ns          351302 1c009438 ee833333 p.bclr           x6, x6, 23, 8        x6=000000b4  x6:2bc87ab4
19218414ns          351303 1c00943c 00f42023 sw               x15, 0(x8)          x15:00000248  x8:1c001324  PA:1c001324
19218735ns          351319 1c00943e 320b0813 addi             x16, x22, 800       x16=1c001320 x22:1c001000
19218755ns          351320 1c009442 006006b3 add              x13, x0, x6         x13=000000b4  x6:000000b4
19218775ns          351321 1c009444 01900633 add              x12, x0, x25        x12=000000b4 x25:000000b4
19218796ns          351322 1c009446 7a4b8593 addi             x11, x23, 1956      x11=1c0007a4 x23:1c000000
19218816ns          351323 1c00944a 7d4d8513 addi             x10, x27, 2004      x10=1c0007d4 x27:1c000000
19218836ns          351324 1c00944e 006c8963 beq              x25, x6, 18         x25:000000b4  x6:000000b4
19218896ns          351327 1c009460 01400793 addi             x15, x0, 20         x15=00000014
19218916ns          351328 1c009462 00898993 addi             x19, x19, 8         x19=1c0011c8 x19:1c0011c0
19218936ns          351329 1c009464 008a0a13 addi             x20, x20, 8         x20=1c0012b8 x20:1c0012b0
19218956ns          351330 1c009466 00890913 addi             x18, x18, 8         x18=1c0011cc x18:1c0011c4
19218976ns          351331 1c009468 f6fd14e3 bne              x26, x15, -152      x26:0000000e x15:00000014
19219036ns          351334 1c0093d0 00042783 lw               x15, 0(x8)          x15=00000248  x8:1c001324  PA:1c001324
19219337ns          351349 1c0093d2 002d1693 slli             x13, x26, 0x2       x13=00000038 x26:0000000e
19219357ns          351350 1c0093d6 001d0713 addi             x14, x26, 1         x14=0000000f x26:0000000e
19219377ns          351351 1c0093da 009686b3 add              x13, x13, x9        x13=1c0012b8 x13:00000038  x9:1c001280
19219398ns          351352 1c0093dc 00271c93 slli             x25, x14, 0x2       x25=0000003c x14:0000000f
19219418ns          351353 1c0093e0 0006a023 sw               x0, 0(x13)          x13:1c0012b8  PA:1c0012b8
19219739ns          351369 1c0093e4 0004eca3 p.sw             x0, x0(x9)           x9:1c001280  PA:1c0012bc
19220080ns          351386 1c0093e8 0009a703 lw               x14, 0(x19)         x14=0153edcf x19:1c0011c8  PA:1c0011c8
19220381ns          351401 1c0093ec 00092303 lw               x6, 0(x18)           x6=64be2109 x18:1c0011cc  PA:1c0011cc
19220702ns          351417 1c0093f0 004aa60b p.lw             x12, 4(x21!)        x12=00000004 x21=1c001228 x21:1c001224  PA:1c001224
19221003ns          351432 1c0093f4 00ea4023 p.sb             x14, x0(x20)        x14:0153edcf x20:1c0012b8  PA:1c0012b8
19221324ns          351448 1c0093f8 006a4623 p.sb             x6, x0(x20)          x6:64be2109 x20:1c0012b8  PA:1c0012bc
19221645ns          351464 1c0093fc 0006a803 lw               x16, 0(x13)         x16=000000cf x13:1c0012b8  PA:1c0012b8
19221946ns          351479 1c009400 00178793 addi             x15, x15, 1         x15=00000249 x15:00000248
19221966ns          351480 1c009402 ee873733 p.bclr           x14, x14, 23, 8     x14=000000cf x14:0153edcf
19221986ns          351481 1c009406 00f42023 sw               x15, 0(x8)          x15:00000249  x8:1c001324  PA:1c001324
19222307ns          351497 1c009408 320b0e13 addi             x28, x22, 800       x28=1c001320 x22:1c001000
19222327ns          351498 1c00940c 01000633 add              x12, x0, x16        x12=000000cf x16:000000cf
19222347ns          351499 1c00940e 784c0593 addi             x11, x24, 1924      x11=1c000784 x24:1c000000
19222367ns          351500 1c009412 7d4d8513 addi             x10, x27, 2004      x10=1c0007d4 x27:1c000000
19222387ns          351501 1c009416 00e006b3 add              x13, x0, x14        x13=000000cf x14:000000cf
19222407ns          351502 1c009418 002d0d13 addi             x26, x26, 2         x26=00000010 x26:0000000e
19222427ns          351503 1c00941a 00e80c63 beq              x16, x14, 24        x16:000000cf x14:000000cf
19222508ns          351507 1c009432 2194fc83 lw               x25, x25(x9)        x25=00000009 x25:0000003c  x9:1c001280  PA:1c0012bc
19222809ns          351522 1c009436 00178793 addi             x15, x15, 1         x15=0000024a x15:00000249
19222829ns          351523 1c009438 ee833333 p.bclr           x6, x6, 23, 8        x6=00000009  x6:64be2109
19222849ns          351524 1c00943c 00f42023 sw               x15, 0(x8)          x15:0000024a  x8:1c001324  PA:1c001324
19223170ns          351540 1c00943e 320b0813 addi             x16, x22, 800       x16=1c001320 x22:1c001000
19223190ns          351541 1c009442 006006b3 add              x13, x0, x6         x13=00000009  x6:00000009
19223210ns          351542 1c009444 01900633 add              x12, x0, x25        x12=00000009 x25:00000009
19223230ns          351543 1c009446 7a4b8593 addi             x11, x23, 1956      x11=1c0007a4 x23:1c000000
19223250ns          351544 1c00944a 7d4d8513 addi             x10, x27, 2004      x10=1c0007d4 x27:1c000000
19223270ns          351545 1c00944e 006c8963 beq              x25, x6, 18         x25:00000009  x6:00000009
19223330ns          351548 1c009460 01400793 addi             x15, x0, 20         x15=00000014
19223350ns          351549 1c009462 00898993 addi             x19, x19, 8         x19=1c0011d0 x19:1c0011c8
19223370ns          351550 1c009464 008a0a13 addi             x20, x20, 8         x20=1c0012c0 x20:1c0012b8
19223391ns          351551 1c009466 00890913 addi             x18, x18, 8         x18=1c0011d4 x18:1c0011cc
19223411ns          351552 1c009468 f6fd14e3 bne              x26, x15, -152      x26:00000010 x15:00000014
19223471ns          351555 1c0093d0 00042783 lw               x15, 0(x8)          x15=0000024a  x8:1c001324  PA:1c001324
19223772ns          351570 1c0093d2 002d1693 slli             x13, x26, 0x2       x13=00000040 x26:00000010
19223792ns          351571 1c0093d6 001d0713 addi             x14, x26, 1         x14=00000011 x26:00000010
19223812ns          351572 1c0093da 009686b3 add              x13, x13, x9        x13=1c0012c0 x13:00000040  x9:1c001280
19223832ns          351573 1c0093dc 00271c93 slli             x25, x14, 0x2       x25=00000044 x14:00000011
19223852ns          351574 1c0093e0 0006a023 sw               x0, 0(x13)          x13:1c0012c0  PA:1c0012c0
19224173ns          351590 1c0093e4 0004eca3 p.sw             x0, x0(x9)           x9:1c001280  PA:1c0012c4
19224494ns          351606 1c0093e8 0009a703 lw               x14, 0(x19)         x14=64be2109 x19:1c0011d0  PA:1c0011d0
19224795ns          351621 1c0093ec 00092303 lw               x6, 0(x18)           x6=62580466 x18:1c0011d4  PA:1c0011d4
19225096ns          351636 1c0093f0 004aa60b p.lw             x12, 4(x21!)        x12=00000004 x21=1c00122c x21:1c001228  PA:1c001228
19225397ns          351651 1c0093f4 00ea4023 p.sb             x14, x0(x20)        x14:64be2109 x20:1c0012c0  PA:1c0012c0
19225738ns          351668 1c0093f8 006a4623 p.sb             x6, x0(x20)          x6:62580466 x20:1c0012c0  PA:1c0012c4
19226059ns          351684 1c0093fc 0006a803 lw               x16, 0(x13)         x16=00000009 x13:1c0012c0  PA:1c0012c0
19226360ns          351699 1c009400 00178793 addi             x15, x15, 1         x15=0000024b x15:0000024a
19226380ns          351700 1c009402 ee873733 p.bclr           x14, x14, 23, 8     x14=00000009 x14:64be2109
19226400ns          351701 1c009406 00f42023 sw               x15, 0(x8)          x15:0000024b  x8:1c001324  PA:1c001324
19226741ns          351718 1c009408 320b0e13 addi             x28, x22, 800       x28=1c001320 x22:1c001000
19226761ns          351719 1c00940c 01000633 add              x12, x0, x16        x12=00000009 x16:00000009
19226782ns          351720 1c00940e 784c0593 addi             x11, x24, 1924      x11=1c000784 x24:1c000000
19226802ns          351721 1c009412 7d4d8513 addi             x10, x27, 2004      x10=1c0007d4 x27:1c000000
19226822ns          351722 1c009416 00e006b3 add              x13, x0, x14        x13=00000009 x14:00000009
19226842ns          351723 1c009418 002d0d13 addi             x26, x26, 2         x26=00000012 x26:00000010
19226862ns          351724 1c00941a 00e80c63 beq              x16, x14, 24        x16:00000009 x14:00000009
19226942ns          351728 1c009432 2194fc83 lw               x25, x25(x9)        x25=00000066 x25:00000044  x9:1c001280  PA:1c0012c4
19227263ns          351744 1c009436 00178793 addi             x15, x15, 1         x15=0000024c x15:0000024b
19227283ns          351745 1c009438 ee833333 p.bclr           x6, x6, 23, 8        x6=00000066  x6:62580466
19227303ns          351746 1c00943c 00f42023 sw               x15, 0(x8)          x15:0000024c  x8:1c001324  PA:1c001324
19227624ns          351762 1c00943e 320b0813 addi             x16, x22, 800       x16=1c001320 x22:1c001000
19227644ns          351763 1c009442 006006b3 add              x13, x0, x6         x13=00000066  x6:00000066
19227664ns          351764 1c009444 01900633 add              x12, x0, x25        x12=00000066 x25:00000066
19227684ns          351765 1c009446 7a4b8593 addi             x11, x23, 1956      x11=1c0007a4 x23:1c000000
19227705ns          351766 1c00944a 7d4d8513 addi             x10, x27, 2004      x10=1c0007d4 x27:1c000000
19227725ns          351767 1c00944e 006c8963 beq              x25, x6, 18         x25:00000066  x6:00000066
19227785ns          351770 1c009460 01400793 addi             x15, x0, 20         x15=00000014
19227805ns          351771 1c009462 00898993 addi             x19, x19, 8         x19=1c0011d8 x19:1c0011d0
19227825ns          351772 1c009464 008a0a13 addi             x20, x20, 8         x20=1c0012c8 x20:1c0012c0
19227845ns          351773 1c009466 00890913 addi             x18, x18, 8         x18=1c0011dc x18:1c0011d4
19227865ns          351774 1c009468 f6fd14e3 bne              x26, x15, -152      x26:00000012 x15:00000014
19227925ns          351777 1c0093d0 00042783 lw               x15, 0(x8)          x15=0000024c  x8:1c001324  PA:1c001324
19228226ns          351792 1c0093d2 002d1693 slli             x13, x26, 0x2       x13=00000048 x26:00000012
19228246ns          351793 1c0093d6 001d0713 addi             x14, x26, 1         x14=00000013 x26:00000012
19228266ns          351794 1c0093da 009686b3 add              x13, x13, x9        x13=1c0012c8 x13:00000048  x9:1c001280
19228286ns          351795 1c0093dc 00271c93 slli             x25, x14, 0x2       x25=0000004c x14:00000013
19228307ns          351796 1c0093e0 0006a023 sw               x0, 0(x13)          x13:1c0012c8  PA:1c0012c8
19228628ns          351812 1c0093e4 0004eca3 p.sw             x0, x0(x9)           x9:1c001280  PA:1c0012cc
19228969ns          351829 1c0093e8 0009a703 lw               x14, 0(x19)         x14=1b487b12 x19:1c0011d8  PA:1c0011d8
19229270ns          351844 1c0093ec 00092303 lw               x6, 0(x18)           x6=1b487b12 x18:1c0011dc  PA:1c0011dc
19229571ns          351859 1c0093f0 004aa60b p.lw             x12, 4(x21!)        x12=00000004 x21=1c001230 x21:1c00122c  PA:1c00122c
19229872ns          351874 1c0093f4 00ea4023 p.sb             x14, x0(x20)        x14:1b487b12 x20:1c0012c8  PA:1c0012c8
19230193ns          351890 1c0093f8 006a4623 p.sb             x6, x0(x20)          x6:1b487b12 x20:1c0012c8  PA:1c0012cc
19230514ns          351906 1c0093fc 0006a803 lw               x16, 0(x13)         x16=00000012 x13:1c0012c8  PA:1c0012c8
19230815ns          351921 1c009400 00178793 addi             x15, x15, 1         x15=0000024d x15:0000024c
19230835ns          351922 1c009402 ee873733 p.bclr           x14, x14, 23, 8     x14=00000012 x14:1b487b12
19230855ns          351923 1c009406 00f42023 sw               x15, 0(x8)          x15:0000024d  x8:1c001324  PA:1c001324
19231196ns          351940 1c009408 320b0e13 addi             x28, x22, 800       x28=1c001320 x22:1c001000
19231216ns          351941 1c00940c 01000633 add              x12, x0, x16        x12=00000012 x16:00000012
19231236ns          351942 1c00940e 784c0593 addi             x11, x24, 1924      x11=1c000784 x24:1c000000
19231256ns          351943 1c009412 7d4d8513 addi             x10, x27, 2004      x10=1c0007d4 x27:1c000000
19231276ns          351944 1c009416 00e006b3 add              x13, x0, x14        x13=00000012 x14:00000012
19231296ns          351945 1c009418 002d0d13 addi             x26, x26, 2         x26=00000014 x26:00000012
19231316ns          351946 1c00941a 00e80c63 beq              x16, x14, 24        x16:00000012 x14:00000012
19231397ns          351950 1c009432 2194fc83 lw               x25, x25(x9)        x25=00000012 x25:0000004c  x9:1c001280  PA:1c0012cc
19231698ns          351965 1c009436 00178793 addi             x15, x15, 1         x15=0000024e x15:0000024d
19231718ns          351966 1c009438 ee833333 p.bclr           x6, x6, 23, 8        x6=00000012  x6:1b487b12
19231738ns          351967 1c00943c 00f42023 sw               x15, 0(x8)          x15:0000024e  x8:1c001324  PA:1c001324
19232059ns          351983 1c00943e 320b0813 addi             x16, x22, 800       x16=1c001320 x22:1c001000
19232079ns          351984 1c009442 006006b3 add              x13, x0, x6         x13=00000012  x6:00000012
19232099ns          351985 1c009444 01900633 add              x12, x0, x25        x12=00000012 x25:00000012
19232119ns          351986 1c009446 7a4b8593 addi             x11, x23, 1956      x11=1c0007a4 x23:1c000000
19232139ns          351987 1c00944a 7d4d8513 addi             x10, x27, 2004      x10=1c0007d4 x27:1c000000
19232159ns          351988 1c00944e 006c8963 beq              x25, x6, 18         x25:00000012  x6:00000012
19232219ns          351991 1c009460 01400793 addi             x15, x0, 20         x15=00000014
19232239ns          351992 1c009462 00898993 addi             x19, x19, 8         x19=1c0011e0 x19:1c0011d8
19232259ns          351993 1c009464 008a0a13 addi             x20, x20, 8         x20=1c0012d0 x20:1c0012c8
19232279ns          351994 1c009466 00890913 addi             x18, x18, 8         x18=1c0011e4 x18:1c0011dc
19232300ns          351995 1c009468 f6fd14e3 bne              x26, x15, -152      x26:00000014 x15:00000014
19232320ns          351996 1c00946c 04c12083 lw               x1, 76(x2)           x1=1c0097fe  x2:10000798  PA:100007e4
19232340ns          351997 1c00946e 04812403 lw               x8, 72(x2)           x8=1c001320  x2:10000798  PA:100007e0
19232360ns          351998 1c009470 04412483 lw               x9, 68(x2)           x9=xxxxxxxx  x2:10000798  PA:100007dc
19232380ns          351999 1c009472 04012903 lw               x18, 64(x2)         x18=xxxxxxxx  x2:10000798  PA:100007d8
19232400ns          352000 1c009474 03c12983 lw               x19, 60(x2)         x19=xxxxxxxx  x2:10000798  PA:100007d4
19232420ns          352001 1c009476 03812a03 lw               x20, 56(x2)         x20=xxxxxxxx  x2:10000798  PA:100007d0
19232440ns          352002 1c009478 03412a83 lw               x21, 52(x2)         x21=xxxxxxxx  x2:10000798  PA:100007cc
19232460ns          352003 1c00947a 03012b03 lw               x22, 48(x2)         x22=xxxxxxxx  x2:10000798  PA:100007c8
19232480ns          352004 1c00947c 02c12b83 lw               x23, 44(x2)         x23=xxxxxxxx  x2:10000798  PA:100007c4
19232500ns          352005 1c00947e 02812c03 lw               x24, 40(x2)         x24=xxxxxxxx  x2:10000798  PA:100007c0
19232861ns          352023 1c009480 02412c83 lw               x25, 36(x2)         x25=xxxxxxxx  x2:10000798  PA:100007bc
19232881ns          352024 1c009482 02012d03 lw               x26, 32(x2)         x26=xxxxxxxx  x2:10000798  PA:100007b8
19232901ns          352025 1c009484 01c12d83 lw               x27, 28(x2)         x27=xxxxxxxx  x2:10000798  PA:100007b4
19232922ns          352026 1c009486 05010113 addi             x2, x2, 80           x2=100007e8  x2:10000798
19232942ns          352027 1c009488 00008067 jalr             x0, x1, 0            x1:1c0097fe
19233483ns          352054 1c0097fe c8dff0ef jal              x1, -884             x1=1c009800
19233524ns          352056 1c00948a fb010113 addi             x2, x2, -80          x2=10000798  x2:100007e8
19233544ns          352057 1c00948c 1c001e37 lui              x28, 0x1c001000     x28=1c001000
19233564ns          352058 1c009490 04812423 sw               x8, 72(x2)           x8:1c001320  x2:10000798  PA:100007e0
19233584ns          352059 1c009492 03612823 sw               x22, 48(x2)         x22:xxxxxxxx  x2:10000798  PA:100007c8
19233604ns          352060 1c009494 1c001437 lui              x8, 0x1c001000       x8=1c001000
19233624ns          352061 1c009498 190e0b13 addi             x22, x28, 400       x22=1c001190 x28:1c001000
19233644ns          352062 1c00949c 1c001737 lui              x14, 0x1c001000     x14=1c001000
19234065ns          352083 1c0094a0 1c0012b7 lui              x5, 0x1c001000       x5=1c001000
19234105ns          352085 1c0094a4 03512a23 sw               x21, 52(x2)         x21:xxxxxxxx  x2:10000798  PA:100007cc
19234125ns          352086 1c0094a6 32440413 addi             x8, x8, 804          x8=1c001324  x8:1c001000
19234146ns          352087 1c0094aa 004b0a93 addi             x21, x22, 4         x21=1c001194 x22:1c001190
19234166ns          352088 1c0094ae 01500333 add              x6, x0, x21          x6=1c001194 x21:1c001194
19234587ns          352109 1c0094b0 04912223 sw               x9, 68(x2)           x9:xxxxxxxx  x2:10000798  PA:100007dc
19234607ns          352110 1c0094b2 03412c23 sw               x20, 56(x2)         x20:xxxxxxxx  x2:10000798  PA:100007d0
19234627ns          352111 1c0094b4 03712623 sw               x23, 44(x2)         x23:xxxxxxxx  x2:10000798  PA:100007c4
19234647ns          352112 1c0094b6 28070a13 addi             x20, x14, 640       x20=1c001280 x14:1c001000
19234667ns          352113 1c0094ba 20828b93 addi             x23, x5, 520        x23=1c001208  x5:1c001000
19235109ns          352135 1c0094be 28070493 addi             x9, x14, 640         x9=1c001280 x14:1c001000
19235149ns          352137 1c0094c2 20828293 addi             x5, x5, 520          x5=1c001208  x5:1c001000
19235169ns          352138 1c0094c6 28070713 addi             x14, x14, 640       x14=1c001280 x14:1c001000
19235189ns          352139 1c0094ca 00042783 lw               x15, 0(x8)          x15=0000024e  x8:1c001324  PA:1c001324
19235630ns          352161 1c0094cc 03312e23 sw               x19, 60(x2)         x19:xxxxxxxx  x2:10000798  PA:100007d4
19235650ns          352162 1c0094ce 03812423 sw               x24, 40(x2)         x24:xxxxxxxx  x2:10000798  PA:100007c0
19235671ns          352163 1c0094d0 03912223 sw               x25, 36(x2)         x25:xxxxxxxx  x2:10000798  PA:100007bc
19235691ns          352164 1c0094d2 03a12023 sw               x26, 32(x2)         x26:xxxxxxxx  x2:10000798  PA:100007b8
19235711ns          352165 1c0094d4 01512223 sw               x21, 4(x2)          x21:1c001194  x2:10000798  PA:1000079c
19235731ns          352166 1c0094d6 01412423 sw               x20, 8(x2)          x20:1c001280  x2:10000798  PA:100007a0
19235751ns          352167 1c0094d8 04112623 sw               x1, 76(x2)           x1:1c009800  x2:10000798  PA:100007e4
19235771ns          352168 1c0094da 05212023 sw               x18, 64(x2)         x18:xxxxxxxx  x2:10000798  PA:100007d8
19235791ns          352169 1c0094dc 01b12e23 sw               x27, 28(x2)         x27:xxxxxxxx  x2:10000798  PA:100007b4
19235811ns          352170 1c0094de 00000993 addi             x19, x0, 0          x19=00000000
19236152ns          352187 1c0094e0 1c001cb7 lui              x25, 0x1c001000     x25=1c001000
19236192ns          352189 1c0094e4 1c000c37 lui              x24, 0x1c000000     x24=1c000000
19236212ns          352190 1c0094e8 00500ab3 add              x21, x0, x5         x21=1c001208  x5:1c001208
19236232ns          352191 1c0094ea 00600a33 add              x20, x0, x6         x20=1c001194  x6:1c001194
19236252ns          352192 1c0094ec 01612623 sw               x22, 12(x2)         x22:1c001190  x2:10000798  PA:100007a4
19236272ns          352193 1c0094ee 00e00d33 add              x26, x0, x14        x26=1c001280 x14:1c001280
19236674ns          352213 1c0094f0 00299693 slli             x13, x19, 0x2       x13=00000000 x19:00000000
19236714ns          352215 1c0094f4 009686b3 add              x13, x13, x9        x13=1c001280 x13:00000000  x9:1c001280
19236734ns          352216 1c0094f6 00198813 addi             x16, x19, 1         x16=00000001 x19:00000000
19236754ns          352217 1c0094fa 0006a023 sw               x0, 0(x13)          x13:1c001280  PA:1c001280
19237195ns          352239 1c0094fe 00281913 slli             x18, x16, 0x2       x18=00000004 x16:00000001
19237236ns          352241 1c009502 0004e923 p.sw             x0, x0(x9)           x9:1c001280  PA:1c001284
19237557ns          352257 1c009506 000b2703 lw               x14, 0(x22)         x14=63aa9108 x22:1c001190  PA:1c001190
19237858ns          352272 1c00950a 000a2883 lw               x17, 0(x20)         x17=63aa9108 x20:1c001194  PA:1c001194
19238159ns          352287 1c00950e 004aa60b p.lw             x12, 4(x21!)        x12=00000004 x21=1c00120c x21:1c001208  PA:1c001208
19238460ns          352302 1c009512 01a00db3 add              x27, x0, x26        x27=1c001280 x26:1c001280
19238480ns          352303 1c009514 00ede62b p.sw             x14, x0(x27!)       x27=1c001284 x14:63aa9108 x27:1c001280  PA:1c001280
19238801ns          352319 1c009518 011de02b p.sw             x17, x0(x27!)       x27=1c001284 x17:63aa9108 x27:1c001284  PA:1c001284
19239122ns          352335 1c00951c 0006a803 lw               x16, 0(x13)         x16=63aa9108 x13:1c001280  PA:1c001280
19239423ns          352350 1c009520 00178793 addi             x15, x15, 1         x15=0000024f x15:0000024e
19239443ns          352351 1c009522 1c000537 lui              x10, 0x1c000000     x10=1c000000
19239463ns          352352 1c009526 00f42023 sw               x15, 0(x8)          x15:0000024f  x8:1c001324  PA:1c001324
19239784ns          352368 1c009528 61050593 addi             x11, x10, 1552      x11=1c000610 x10:1c000000
19239804ns          352369 1c00952c 320c8e93 addi             x29, x25, 800       x29=1c001320 x25:1c001000
19239924ns          352375 1c009530 00e006b3 add              x13, x0, x14        x13=63aa9108 x14:63aa9108
19239944ns          352376 1c009532 01000633 add              x12, x0, x16        x12=63aa9108 x16:63aa9108
19239964ns          352377 1c009534 7d4c0513 addi             x10, x24, 2004      x10=1c0007d4 x24:1c000000
19239985ns          352378 1c009538 00298993 addi             x19, x19, 2         x19=00000002 x19:00000000
19240005ns          352379 1c00953a 01070c63 beq              x14, x16, 24        x14:63aa9108 x16:63aa9108
19240948ns          352426 1c009552 2124f903 lw               x18, x18(x9)        x18=63aa9108 x18:00000004  x9:1c001280  PA:1c001284
19241269ns          352442 1c009556 00178793 addi             x15, x15, 1         x15=00000250 x15:0000024f
19241289ns          352443 1c009558 1c000537 lui              x10, 0x1c000000     x10=1c000000
19241309ns          352444 1c00955c 00f42023 sw               x15, 0(x8)          x15:00000250  x8:1c001324  PA:1c001324
19241650ns          352461 1c00955e 63450593 addi             x11, x10, 1588      x11=1c000634 x10:1c000000
19241670ns          352462 1c009562 320c8713 addi             x14, x25, 800       x14=1c001320 x25:1c001000
19241690ns          352463 1c009566 011006b3 add              x13, x0, x17        x13=63aa9108 x17:63aa9108
19241710ns          352464 1c009568 01200633 add              x12, x0, x18        x12=63aa9108 x18:63aa9108
19241730ns          352465 1c00956a 7d4c0513 addi             x10, x24, 2004      x10=1c0007d4 x24:1c000000
19242152ns          352486 1c00956e 01190863 beq              x18, x17, 16        x18:63aa9108 x17:63aa9108
19242212ns          352489 1c00957e 00178793 addi             x15, x15, 1         x15=00000251 x15:00000250
19242653ns          352511 1c009580 1c0006b7 lui              x13, 0x1c000000     x13=1c000000
19242693ns          352513 1c009584 004d0713 addi             x14, x26, 4         x14=1c001284 x26:1c001280
19242713ns          352514 1c009588 00f42023 sw               x15, 0(x8)          x15:00000251  x8:1c001324  PA:1c001324
19243034ns          352530 1c00958a 65868593 addi             x11, x13, 1624      x11=1c000658 x13:1c000000
19243175ns          352537 1c00958e 320c8813 addi             x16, x25, 800       x16=1c001320 x25:1c001000
19243195ns          352538 1c009592 01b00633 add              x12, x0, x27        x12=1c001284 x27:1c001284
19243215ns          352539 1c009594 7d4c0513 addi             x10, x24, 2004      x10=1c0007d4 x24:1c000000
19243235ns          352540 1c009598 00e006b3 add              x13, x0, x14        x13=1c001284 x14:1c001284
19243255ns          352541 1c00959a 00ed8a63 beq              x27, x14, 20        x27:1c001284 x14:1c001284
19243737ns          352565 1c0095ae 01400713 addi             x14, x0, 20         x14=00000014
19244178ns          352587 1c0095b0 008b0b13 addi             x22, x22, 8         x22=1c001198 x22:1c001190
19244198ns          352588 1c0095b2 008d0d13 addi             x26, x26, 8         x26=1c001288 x26:1c001280
19244218ns          352589 1c0095b4 008a0a13 addi             x20, x20, 8         x20=1c00119c x20:1c001194
19244238ns          352590 1c0095b6 f2e99de3 bne              x19, x14, -198      x19:00000002 x14:00000014
19244740ns          352615 1c0094f0 00299693 slli             x13, x19, 0x2       x13=00000008 x19:00000002
19244760ns          352616 1c0094f4 009686b3 add              x13, x13, x9        x13=1c001288 x13:00000008  x9:1c001280
19244780ns          352617 1c0094f6 00198813 addi             x16, x19, 1         x16=00000003 x19:00000002
19244800ns          352618 1c0094fa 0006a023 sw               x0, 0(x13)          x13:1c001288  PA:1c001288
19245121ns          352634 1c0094fe 00281913 slli             x18, x16, 0x2       x18=0000000c x16:00000003
19245141ns          352635 1c009502 0004e923 p.sw             x0, x0(x9)           x9:1c001280  PA:1c00128c
19245462ns          352651 1c009506 000b2703 lw               x14, 0(x22)         x14=25e413c4 x22:1c001198  PA:1c001198
19245763ns          352666 1c00950a 000a2883 lw               x17, 0(x20)         x17=5d67001f x20:1c00119c  PA:1c00119c
19246084ns          352682 1c00950e 004aa60b p.lw             x12, 4(x21!)        x12=00000004 x21=1c001210 x21:1c00120c  PA:1c00120c
19246385ns          352697 1c009512 01a00db3 add              x27, x0, x26        x27=1c001288 x26:1c001288
19246405ns          352698 1c009514 00ede62b p.sw             x14, x0(x27!)       x27=1c00128c x14:25e413c4 x27:1c001288  PA:1c001288
19246727ns          352714 1c009518 011de02b p.sw             x17, x0(x27!)       x27=1c00128c x17:5d67001f x27:1c00128c  PA:1c00128c
19247048ns          352730 1c00951c 0006a803 lw               x16, 0(x13)         x16=25e413c4 x13:1c001288  PA:1c001288
19247349ns          352745 1c009520 00178793 addi             x15, x15, 1         x15=00000252 x15:00000251
19247369ns          352746 1c009522 1c000537 lui              x10, 0x1c000000     x10=1c000000
19247389ns          352747 1c009526 00f42023 sw               x15, 0(x8)          x15:00000252  x8:1c001324  PA:1c001324
19247710ns          352763 1c009528 61050593 addi             x11, x10, 1552      x11=1c000610 x10:1c000000
19247730ns          352764 1c00952c 320c8e93 addi             x29, x25, 800       x29=1c001320 x25:1c001000
19247750ns          352765 1c009530 00e006b3 add              x13, x0, x14        x13=25e413c4 x14:25e413c4
19247770ns          352766 1c009532 01000633 add              x12, x0, x16        x12=25e413c4 x16:25e413c4
19247790ns          352767 1c009534 7d4c0513 addi             x10, x24, 2004      x10=1c0007d4 x24:1c000000
19247810ns          352768 1c009538 00298993 addi             x19, x19, 2         x19=00000004 x19:00000002
19247830ns          352769 1c00953a 01070c63 beq              x14, x16, 24        x14:25e413c4 x16:25e413c4
19247910ns          352773 1c009552 2124f903 lw               x18, x18(x9)        x18=5d67001f x18:0000000c  x9:1c001280  PA:1c00128c
19248211ns          352788 1c009556 00178793 addi             x15, x15, 1         x15=00000253 x15:00000252
19248231ns          352789 1c009558 1c000537 lui              x10, 0x1c000000     x10=1c000000
19248251ns          352790 1c00955c 00f42023 sw               x15, 0(x8)          x15:00000253  x8:1c001324  PA:1c001324
19248593ns          352807 1c00955e 63450593 addi             x11, x10, 1588      x11=1c000634 x10:1c000000
19248613ns          352808 1c009562 320c8713 addi             x14, x25, 800       x14=1c001320 x25:1c001000
19248633ns          352809 1c009566 011006b3 add              x13, x0, x17        x13=5d67001f x17:5d67001f
19248653ns          352810 1c009568 01200633 add              x12, x0, x18        x12=5d67001f x18:5d67001f
19248673ns          352811 1c00956a 7d4c0513 addi             x10, x24, 2004      x10=1c0007d4 x24:1c000000
19248693ns          352812 1c00956e 01190863 beq              x18, x17, 16        x18:5d67001f x17:5d67001f
19248753ns          352815 1c00957e 00178793 addi             x15, x15, 1         x15=00000254 x15:00000253
19248773ns          352816 1c009580 1c0006b7 lui              x13, 0x1c000000     x13=1c000000
19248793ns          352817 1c009584 004d0713 addi             x14, x26, 4         x14=1c00128c x26:1c001288
19248813ns          352818 1c009588 00f42023 sw               x15, 0(x8)          x15:00000254  x8:1c001324  PA:1c001324
19249154ns          352835 1c00958a 65868593 addi             x11, x13, 1624      x11=1c000658 x13:1c000000
19249174ns          352836 1c00958e 320c8813 addi             x16, x25, 800       x16=1c001320 x25:1c001000
19249195ns          352837 1c009592 01b00633 add              x12, x0, x27        x12=1c00128c x27:1c00128c
19249215ns          352838 1c009594 7d4c0513 addi             x10, x24, 2004      x10=1c0007d4 x24:1c000000
19249235ns          352839 1c009598 00e006b3 add              x13, x0, x14        x13=1c00128c x14:1c00128c
19249255ns          352840 1c00959a 00ed8a63 beq              x27, x14, 20        x27:1c00128c x14:1c00128c
19249315ns          352843 1c0095ae 01400713 addi             x14, x0, 20         x14=00000014
19249335ns          352844 1c0095b0 008b0b13 addi             x22, x22, 8         x22=1c0011a0 x22:1c001198
19249355ns          352845 1c0095b2 008d0d13 addi             x26, x26, 8         x26=1c001290 x26:1c001288
19249375ns          352846 1c0095b4 008a0a13 addi             x20, x20, 8         x20=1c0011a4 x20:1c00119c
19249395ns          352847 1c0095b6 f2e99de3 bne              x19, x14, -198      x19:00000004 x14:00000014
19249455ns          352850 1c0094f0 00299693 slli             x13, x19, 0x2       x13=00000010 x19:00000004
19249475ns          352851 1c0094f4 009686b3 add              x13, x13, x9        x13=1c001290 x13:00000010  x9:1c001280
19249496ns          352852 1c0094f6 00198813 addi             x16, x19, 1         x16=00000005 x19:00000004
19249516ns          352853 1c0094fa 0006a023 sw               x0, 0(x13)          x13:1c001290  PA:1c001290
19249837ns          352869 1c0094fe 00281913 slli             x18, x16, 0x2       x18=00000014 x16:00000005
19249857ns          352870 1c009502 0004e923 p.sw             x0, x0(x9)           x9:1c001280  PA:1c001294
19250178ns          352886 1c009506 000b2703 lw               x14, 0(x22)         x14=5d67001f x22:1c0011a0  PA:1c0011a0
19250479ns          352901 1c00950a 000a2883 lw               x17, 0(x20)         x17=c46acaca x20:1c0011a4  PA:1c0011a4
19250780ns          352916 1c00950e 004aa60b p.lw             x12, 4(x21!)        x12=00000004 x21=1c001214 x21:1c001210  PA:1c001210
19251081ns          352931 1c009512 01a00db3 add              x27, x0, x26        x27=1c001290 x26:1c001290
19251101ns          352932 1c009514 00ede62b p.sw             x14, x0(x27!)       x27=1c001294 x14:5d67001f x27:1c001290  PA:1c001290
19251422ns          352948 1c009518 011de02b p.sw             x17, x0(x27!)       x27=1c001294 x17:c46acaca x27:1c001294  PA:1c001294
19251743ns          352964 1c00951c 0006a803 lw               x16, 0(x13)         x16=5d67001f x13:1c001290  PA:1c001290
19252044ns          352979 1c009520 00178793 addi             x15, x15, 1         x15=00000255 x15:00000254
19252064ns          352980 1c009522 1c000537 lui              x10, 0x1c000000     x10=1c000000
19252084ns          352981 1c009526 00f42023 sw               x15, 0(x8)          x15:00000255  x8:1c001324  PA:1c001324
19252445ns          352999 1c009528 61050593 addi             x11, x10, 1552      x11=1c000610 x10:1c000000
19252465ns          353000 1c00952c 320c8e93 addi             x29, x25, 800       x29=1c001320 x25:1c001000
19252485ns          353001 1c009530 00e006b3 add              x13, x0, x14        x13=5d67001f x14:5d67001f
19252505ns          353002 1c009532 01000633 add              x12, x0, x16        x12=5d67001f x16:5d67001f
19252525ns          353003 1c009534 7d4c0513 addi             x10, x24, 2004      x10=1c0007d4 x24:1c000000
19252545ns          353004 1c009538 00298993 addi             x19, x19, 2         x19=00000006 x19:00000004
19252566ns          353005 1c00953a 01070c63 beq              x14, x16, 24        x14:5d67001f x16:5d67001f
19252646ns          353009 1c009552 2124f903 lw               x18, x18(x9)        x18=c46acaca x18:00000014  x9:1c001280  PA:1c001294
19252947ns          353024 1c009556 00178793 addi             x15, x15, 1         x15=00000256 x15:00000255
19252967ns          353025 1c009558 1c000537 lui              x10, 0x1c000000     x10=1c000000
19252987ns          353026 1c00955c 00f42023 sw               x15, 0(x8)          x15:00000256  x8:1c001324  PA:1c001324
19253308ns          353042 1c00955e 63450593 addi             x11, x10, 1588      x11=1c000634 x10:1c000000
19253328ns          353043 1c009562 320c8713 addi             x14, x25, 800       x14=1c001320 x25:1c001000
19253348ns          353044 1c009566 011006b3 add              x13, x0, x17        x13=c46acaca x17:c46acaca
19253368ns          353045 1c009568 01200633 add              x12, x0, x18        x12=c46acaca x18:c46acaca
19253388ns          353046 1c00956a 7d4c0513 addi             x10, x24, 2004      x10=1c0007d4 x24:1c000000
19253408ns          353047 1c00956e 01190863 beq              x18, x17, 16        x18:c46acaca x17:c46acaca
19253468ns          353050 1c00957e 00178793 addi             x15, x15, 1         x15=00000257 x15:00000256
19253489ns          353051 1c009580 1c0006b7 lui              x13, 0x1c000000     x13=1c000000
19253509ns          353052 1c009584 004d0713 addi             x14, x26, 4         x14=1c001294 x26:1c001290
19253529ns          353053 1c009588 00f42023 sw               x15, 0(x8)          x15:00000257  x8:1c001324  PA:1c001324
19253850ns          353069 1c00958a 65868593 addi             x11, x13, 1624      x11=1c000658 x13:1c000000
19253870ns          353070 1c00958e 320c8813 addi             x16, x25, 800       x16=1c001320 x25:1c001000
19253890ns          353071 1c009592 01b00633 add              x12, x0, x27        x12=1c001294 x27:1c001294
19253910ns          353072 1c009594 7d4c0513 addi             x10, x24, 2004      x10=1c0007d4 x24:1c000000
19253930ns          353073 1c009598 00e006b3 add              x13, x0, x14        x13=1c001294 x14:1c001294
19253950ns          353074 1c00959a 00ed8a63 beq              x27, x14, 20        x27:1c001294 x14:1c001294
19254010ns          353077 1c0095ae 01400713 addi             x14, x0, 20         x14=00000014
19254030ns          353078 1c0095b0 008b0b13 addi             x22, x22, 8         x22=1c0011a8 x22:1c0011a0
19254050ns          353079 1c0095b2 008d0d13 addi             x26, x26, 8         x26=1c001298 x26:1c001290
19254070ns          353080 1c0095b4 008a0a13 addi             x20, x20, 8         x20=1c0011ac x20:1c0011a4
19254091ns          353081 1c0095b6 f2e99de3 bne              x19, x14, -198      x19:00000006 x14:00000014
19254151ns          353084 1c0094f0 00299693 slli             x13, x19, 0x2       x13=00000018 x19:00000006
19254171ns          353085 1c0094f4 009686b3 add              x13, x13, x9        x13=1c001298 x13:00000018  x9:1c001280
19254191ns          353086 1c0094f6 00198813 addi             x16, x19, 1         x16=00000007 x19:00000006
19254211ns          353087 1c0094fa 0006a023 sw               x0, 0(x13)          x13:1c001298  PA:1c001298
19254552ns          353104 1c0094fe 00281913 slli             x18, x16, 0x2       x18=0000001c x16:00000007
19254572ns          353105 1c009502 0004e923 p.sw             x0, x0(x9)           x9:1c001280  PA:1c00129c
19254893ns          353121 1c009506 000b2703 lw               x14, 0(x22)         x14=f7770b5e x22:1c0011a8  PA:1c0011a8
19255194ns          353136 1c00950a 000a2883 lw               x17, 0(x20)         x17=f7770b5e x20:1c0011ac  PA:1c0011ac
19255515ns          353152 1c00950e 004aa60b p.lw             x12, 4(x21!)        x12=00000004 x21=1c001218 x21:1c001214  PA:1c001214
19255816ns          353167 1c009512 01a00db3 add              x27, x0, x26        x27=1c001298 x26:1c001298
19255836ns          353168 1c009514 00ede62b p.sw             x14, x0(x27!)       x27=1c00129c x14:f7770b5e x27:1c001298  PA:1c001298
19256177ns          353185 1c009518 011de02b p.sw             x17, x0(x27!)       x27=1c00129c x17:f7770b5e x27:1c00129c  PA:1c00129c
19256498ns          353201 1c00951c 0006a803 lw               x16, 0(x13)         x16=f7770b5e x13:1c001298  PA:1c001298
19256799ns          353216 1c009520 00178793 addi             x15, x15, 1         x15=00000258 x15:00000257
19256819ns          353217 1c009522 1c000537 lui              x10, 0x1c000000     x10=1c000000
19256839ns          353218 1c009526 00f42023 sw               x15, 0(x8)          x15:00000258  x8:1c001324  PA:1c001324
19257181ns          353235 1c009528 61050593 addi             x11, x10, 1552      x11=1c000610 x10:1c000000
19257201ns          353236 1c00952c 320c8e93 addi             x29, x25, 800       x29=1c001320 x25:1c001000
19257221ns          353237 1c009530 00e006b3 add              x13, x0, x14        x13=f7770b5e x14:f7770b5e
19257241ns          353238 1c009532 01000633 add              x12, x0, x16        x12=f7770b5e x16:f7770b5e
19257261ns          353239 1c009534 7d4c0513 addi             x10, x24, 2004      x10=1c0007d4 x24:1c000000
19257281ns          353240 1c009538 00298993 addi             x19, x19, 2         x19=00000008 x19:00000006
19257301ns          353241 1c00953a 01070c63 beq              x14, x16, 24        x14:f7770b5e x16:f7770b5e
19257381ns          353245 1c009552 2124f903 lw               x18, x18(x9)        x18=f7770b5e x18:0000001c  x9:1c001280  PA:1c00129c
19257682ns          353260 1c009556 00178793 addi             x15, x15, 1         x15=00000259 x15:00000258
19257702ns          353261 1c009558 1c000537 lui              x10, 0x1c000000     x10=1c000000
19257722ns          353262 1c00955c 00f42023 sw               x15, 0(x8)          x15:00000259  x8:1c001324  PA:1c001324
19258043ns          353278 1c00955e 63450593 addi             x11, x10, 1588      x11=1c000634 x10:1c000000
19258063ns          353279 1c009562 320c8713 addi             x14, x25, 800       x14=1c001320 x25:1c001000
19258084ns          353280 1c009566 011006b3 add              x13, x0, x17        x13=f7770b5e x17:f7770b5e
19258104ns          353281 1c009568 01200633 add              x12, x0, x18        x12=f7770b5e x18:f7770b5e
19258124ns          353282 1c00956a 7d4c0513 addi             x10, x24, 2004      x10=1c0007d4 x24:1c000000
19258144ns          353283 1c00956e 01190863 beq              x18, x17, 16        x18:f7770b5e x17:f7770b5e
19258204ns          353286 1c00957e 00178793 addi             x15, x15, 1         x15=0000025a x15:00000259
19258224ns          353287 1c009580 1c0006b7 lui              x13, 0x1c000000     x13=1c000000
19258244ns          353288 1c009584 004d0713 addi             x14, x26, 4         x14=1c00129c x26:1c001298
19258264ns          353289 1c009588 00f42023 sw               x15, 0(x8)          x15:0000025a  x8:1c001324  PA:1c001324
19258585ns          353305 1c00958a 65868593 addi             x11, x13, 1624      x11=1c000658 x13:1c000000
19258605ns          353306 1c00958e 320c8813 addi             x16, x25, 800       x16=1c001320 x25:1c001000
19258625ns          353307 1c009592 01b00633 add              x12, x0, x27        x12=1c00129c x27:1c00129c
19258645ns          353308 1c009594 7d4c0513 addi             x10, x24, 2004      x10=1c0007d4 x24:1c000000
19258665ns          353309 1c009598 00e006b3 add              x13, x0, x14        x13=1c00129c x14:1c00129c
19258685ns          353310 1c00959a 00ed8a63 beq              x27, x14, 20        x27:1c00129c x14:1c00129c
19258746ns          353313 1c0095ae 01400713 addi             x14, x0, 20         x14=00000014
19258766ns          353314 1c0095b0 008b0b13 addi             x22, x22, 8         x22=1c0011b0 x22:1c0011a8
19258786ns          353315 1c0095b2 008d0d13 addi             x26, x26, 8         x26=1c0012a0 x26:1c001298
19258806ns          353316 1c0095b4 008a0a13 addi             x20, x20, 8         x20=1c0011b4 x20:1c0011ac
19258826ns          353317 1c0095b6 f2e99de3 bne              x19, x14, -198      x19:00000008 x14:00000014
19258886ns          353320 1c0094f0 00299693 slli             x13, x19, 0x2       x13=00000020 x19:00000008
19258906ns          353321 1c0094f4 009686b3 add              x13, x13, x9        x13=1c0012a0 x13:00000020  x9:1c001280
19258926ns          353322 1c0094f6 00198813 addi             x16, x19, 1         x16=00000009 x19:00000008
19258946ns          353323 1c0094fa 0006a023 sw               x0, 0(x13)          x13:1c0012a0  PA:1c0012a0
19259267ns          353339 1c0094fe 00281913 slli             x18, x16, 0x2       x18=00000024 x16:00000009
19259287ns          353340 1c009502 0004e923 p.sw             x0, x0(x9)           x9:1c001280  PA:1c0012a4
19259608ns          353356 1c009506 000b2703 lw               x14, 0(x22)         x14=546c1d01 x22:1c0011b0  PA:1c0011b0
19259909ns          353371 1c00950a 000a2883 lw               x17, 0(x20)         x17=7731d12b x20:1c0011b4  PA:1c0011b4
19260210ns          353386 1c00950e 004aa60b p.lw             x12, 4(x21!)        x12=00000004 x21=1c00121c x21:1c001218  PA:1c001218
19260511ns          353401 1c009512 01a00db3 add              x27, x0, x26        x27=1c0012a0 x26:1c0012a0
19260531ns          353402 1c009514 00ede62b p.sw             x14, x0(x27!)       x27=1c0012a4 x14:546c1d01 x27:1c0012a0  PA:1c0012a0
19260853ns          353418 1c009518 011de02b p.sw             x17, x0(x27!)       x27=1c0012a4 x17:7731d12b x27:1c0012a4  PA:1c0012a4
19261174ns          353434 1c00951c 0006a803 lw               x16, 0(x13)         x16=546c1d01 x13:1c0012a0  PA:1c0012a0
19261475ns          353449 1c009520 00178793 addi             x15, x15, 1         x15=0000025b x15:0000025a
19261495ns          353450 1c009522 1c000537 lui              x10, 0x1c000000     x10=1c000000
19261515ns          353451 1c009526 00f42023 sw               x15, 0(x8)          x15:0000025b  x8:1c001324  PA:1c001324
19261836ns          353467 1c009528 61050593 addi             x11, x10, 1552      x11=1c000610 x10:1c000000
19261856ns          353468 1c00952c 320c8e93 addi             x29, x25, 800       x29=1c001320 x25:1c001000
19261876ns          353469 1c009530 00e006b3 add              x13, x0, x14        x13=546c1d01 x14:546c1d01
19261896ns          353470 1c009532 01000633 add              x12, x0, x16        x12=546c1d01 x16:546c1d01
19261916ns          353471 1c009534 7d4c0513 addi             x10, x24, 2004      x10=1c0007d4 x24:1c000000
19261936ns          353472 1c009538 00298993 addi             x19, x19, 2         x19=0000000a x19:00000008
19261956ns          353473 1c00953a 01070c63 beq              x14, x16, 24        x14:546c1d01 x16:546c1d01
19262036ns          353477 1c009552 2124f903 lw               x18, x18(x9)        x18=7731d12b x18:00000024  x9:1c001280  PA:1c0012a4
19262337ns          353492 1c009556 00178793 addi             x15, x15, 1         x15=0000025c x15:0000025b
19262357ns          353493 1c009558 1c000537 lui              x10, 0x1c000000     x10=1c000000
19262378ns          353494 1c00955c 00f42023 sw               x15, 0(x8)          x15:0000025c  x8:1c001324  PA:1c001324
19262699ns          353510 1c00955e 63450593 addi             x11, x10, 1588      x11=1c000634 x10:1c000000
19262719ns          353511 1c009562 320c8713 addi             x14, x25, 800       x14=1c001320 x25:1c001000
19262739ns          353512 1c009566 011006b3 add              x13, x0, x17        x13=7731d12b x17:7731d12b
19262759ns          353513 1c009568 01200633 add              x12, x0, x18        x12=7731d12b x18:7731d12b
19262779ns          353514 1c00956a 7d4c0513 addi             x10, x24, 2004      x10=1c0007d4 x24:1c000000
19262799ns          353515 1c00956e 01190863 beq              x18, x17, 16        x18:7731d12b x17:7731d12b
19262859ns          353518 1c00957e 00178793 addi             x15, x15, 1         x15=0000025d x15:0000025c
19262879ns          353519 1c009580 1c0006b7 lui              x13, 0x1c000000     x13=1c000000
19262899ns          353520 1c009584 004d0713 addi             x14, x26, 4         x14=1c0012a4 x26:1c0012a0
19262919ns          353521 1c009588 00f42023 sw               x15, 0(x8)          x15:0000025d  x8:1c001324  PA:1c001324
19263240ns          353537 1c00958a 65868593 addi             x11, x13, 1624      x11=1c000658 x13:1c000000
19263260ns          353538 1c00958e 320c8813 addi             x16, x25, 800       x16=1c001320 x25:1c001000
19263280ns          353539 1c009592 01b00633 add              x12, x0, x27        x12=1c0012a4 x27:1c0012a4
19263301ns          353540 1c009594 7d4c0513 addi             x10, x24, 2004      x10=1c0007d4 x24:1c000000
19263321ns          353541 1c009598 00e006b3 add              x13, x0, x14        x13=1c0012a4 x14:1c0012a4
19263341ns          353542 1c00959a 00ed8a63 beq              x27, x14, 20        x27:1c0012a4 x14:1c0012a4
19263401ns          353545 1c0095ae 01400713 addi             x14, x0, 20         x14=00000014
19263421ns          353546 1c0095b0 008b0b13 addi             x22, x22, 8         x22=1c0011b8 x22:1c0011b0
19263441ns          353547 1c0095b2 008d0d13 addi             x26, x26, 8         x26=1c0012a8 x26:1c0012a0
19263461ns          353548 1c0095b4 008a0a13 addi             x20, x20, 8         x20=1c0011bc x20:1c0011b4
19263481ns          353549 1c0095b6 f2e99de3 bne              x19, x14, -198      x19:0000000a x14:00000014
19263541ns          353552 1c0094f0 00299693 slli             x13, x19, 0x2       x13=00000028 x19:0000000a
19263561ns          353553 1c0094f4 009686b3 add              x13, x13, x9        x13=1c0012a8 x13:00000028  x9:1c001280
19263581ns          353554 1c0094f6 00198813 addi             x16, x19, 1         x16=0000000b x19:0000000a
19263601ns          353555 1c0094fa 0006a023 sw               x0, 0(x13)          x13:1c0012a8  PA:1c0012a8
19263943ns          353572 1c0094fe 00281913 slli             x18, x16, 0x2       x18=0000002c x16:0000000b
19263963ns          353573 1c009502 0004e923 p.sw             x0, x0(x9)           x9:1c001280  PA:1c0012ac
19264284ns          353589 1c009506 000b2703 lw               x14, 0(x22)         x14=7731d12b x22:1c0011b8  PA:1c0011b8
19264585ns          353604 1c00950a 000a2883 lw               x17, 0(x20)         x17=c3d2b565 x20:1c0011bc  PA:1c0011bc
19264886ns          353619 1c00950e 004aa60b p.lw             x12, 4(x21!)        x12=00000004 x21=1c001220 x21:1c00121c  PA:1c00121c
19265207ns          353635 1c009512 01a00db3 add              x27, x0, x26        x27=1c0012a8 x26:1c0012a8
19265227ns          353636 1c009514 00ede62b p.sw             x14, x0(x27!)       x27=1c0012ac x14:7731d12b x27:1c0012a8  PA:1c0012a8
19265568ns          353653 1c009518 011de02b p.sw             x17, x0(x27!)       x27=1c0012ac x17:c3d2b565 x27:1c0012ac  PA:1c0012ac
19265889ns          353669 1c00951c 0006a803 lw               x16, 0(x13)         x16=7731d12b x13:1c0012a8  PA:1c0012a8
19266190ns          353684 1c009520 00178793 addi             x15, x15, 1         x15=0000025e x15:0000025d
19266210ns          353685 1c009522 1c000537 lui              x10, 0x1c000000     x10=1c000000
19266230ns          353686 1c009526 00f42023 sw               x15, 0(x8)          x15:0000025e  x8:1c001324  PA:1c001324
19266571ns          353703 1c009528 61050593 addi             x11, x10, 1552      x11=1c000610 x10:1c000000
19266591ns          353704 1c00952c 320c8e93 addi             x29, x25, 800       x29=1c001320 x25:1c001000
19266611ns          353705 1c009530 00e006b3 add              x13, x0, x14        x13=7731d12b x14:7731d12b
19266631ns          353706 1c009532 01000633 add              x12, x0, x16        x12=7731d12b x16:7731d12b
19266651ns          353707 1c009534 7d4c0513 addi             x10, x24, 2004      x10=1c0007d4 x24:1c000000
19266671ns          353708 1c009538 00298993 addi             x19, x19, 2         x19=0000000c x19:0000000a
19266692ns          353709 1c00953a 01070c63 beq              x14, x16, 24        x14:7731d12b x16:7731d12b
19266772ns          353713 1c009552 2124f903 lw               x18, x18(x9)        x18=c3d2b565 x18:0000002c  x9:1c001280  PA:1c0012ac
19267073ns          353728 1c009556 00178793 addi             x15, x15, 1         x15=0000025f x15:0000025e
19267093ns          353729 1c009558 1c000537 lui              x10, 0x1c000000     x10=1c000000
19267113ns          353730 1c00955c 00f42023 sw               x15, 0(x8)          x15:0000025f  x8:1c001324  PA:1c001324
19267434ns          353746 1c00955e 63450593 addi             x11, x10, 1588      x11=1c000634 x10:1c000000
19267454ns          353747 1c009562 320c8713 addi             x14, x25, 800       x14=1c001320 x25:1c001000
19267474ns          353748 1c009566 011006b3 add              x13, x0, x17        x13=c3d2b565 x17:c3d2b565
19267494ns          353749 1c009568 01200633 add              x12, x0, x18        x12=c3d2b565 x18:c3d2b565
19267514ns          353750 1c00956a 7d4c0513 addi             x10, x24, 2004      x10=1c0007d4 x24:1c000000
19267534ns          353751 1c00956e 01190863 beq              x18, x17, 16        x18:c3d2b565 x17:c3d2b565
19267594ns          353754 1c00957e 00178793 addi             x15, x15, 1         x15=00000260 x15:0000025f
19267615ns          353755 1c009580 1c0006b7 lui              x13, 0x1c000000     x13=1c000000
19267635ns          353756 1c009584 004d0713 addi             x14, x26, 4         x14=1c0012ac x26:1c0012a8
19267655ns          353757 1c009588 00f42023 sw               x15, 0(x8)          x15:00000260  x8:1c001324  PA:1c001324
19267976ns          353773 1c00958a 65868593 addi             x11, x13, 1624      x11=1c000658 x13:1c000000
19267996ns          353774 1c00958e 320c8813 addi             x16, x25, 800       x16=1c001320 x25:1c001000
19268016ns          353775 1c009592 01b00633 add              x12, x0, x27        x12=1c0012ac x27:1c0012ac
19268036ns          353776 1c009594 7d4c0513 addi             x10, x24, 2004      x10=1c0007d4 x24:1c000000
19268056ns          353777 1c009598 00e006b3 add              x13, x0, x14        x13=1c0012ac x14:1c0012ac
19268076ns          353778 1c00959a 00ed8a63 beq              x27, x14, 20        x27:1c0012ac x14:1c0012ac
19268136ns          353781 1c0095ae 01400713 addi             x14, x0, 20         x14=00000014
19268156ns          353782 1c0095b0 008b0b13 addi             x22, x22, 8         x22=1c0011c0 x22:1c0011b8
19268176ns          353783 1c0095b2 008d0d13 addi             x26, x26, 8         x26=1c0012b0 x26:1c0012a8
19268196ns          353784 1c0095b4 008a0a13 addi             x20, x20, 8         x20=1c0011c4 x20:1c0011bc
19268217ns          353785 1c0095b6 f2e99de3 bne              x19, x14, -198      x19:0000000c x14:00000014
19268277ns          353788 1c0094f0 00299693 slli             x13, x19, 0x2       x13=00000030 x19:0000000c
19268297ns          353789 1c0094f4 009686b3 add              x13, x13, x9        x13=1c0012b0 x13:00000030  x9:1c001280
19268317ns          353790 1c0094f6 00198813 addi             x16, x19, 1         x16=0000000d x19:0000000c
19268337ns          353791 1c0094fa 0006a023 sw               x0, 0(x13)          x13:1c0012b0  PA:1c0012b0
19268658ns          353807 1c0094fe 00281913 slli             x18, x16, 0x2       x18=00000034 x16:0000000d
19268678ns          353808 1c009502 0004e923 p.sw             x0, x0(x9)           x9:1c001280  PA:1c0012b4
19268999ns          353824 1c009506 000b2703 lw               x14, 0(x22)         x14=2bc87ab4 x22:1c0011c0  PA:1c0011c0
19269300ns          353839 1c00950a 000a2883 lw               x17, 0(x20)         x17=2bc87ab4 x20:1c0011c4  PA:1c0011c4
19269601ns          353854 1c00950e 004aa60b p.lw             x12, 4(x21!)        x12=00000004 x21=1c001224 x21:1c001220  PA:1c001220
19269902ns          353869 1c009512 01a00db3 add              x27, x0, x26        x27=1c0012b0 x26:1c0012b0
19269922ns          353870 1c009514 00ede62b p.sw             x14, x0(x27!)       x27=1c0012b4 x14:2bc87ab4 x27:1c0012b0  PA:1c0012b0
19270243ns          353886 1c009518 011de02b p.sw             x17, x0(x27!)       x27=1c0012b4 x17:2bc87ab4 x27:1c0012b4  PA:1c0012b4
19270564ns          353902 1c00951c 0006a803 lw               x16, 0(x13)         x16=2bc87ab4 x13:1c0012b0  PA:1c0012b0
19270865ns          353917 1c009520 00178793 addi             x15, x15, 1         x15=00000261 x15:00000260
19270885ns          353918 1c009522 1c000537 lui              x10, 0x1c000000     x10=1c000000
19270905ns          353919 1c009526 00f42023 sw               x15, 0(x8)          x15:00000261  x8:1c001324  PA:1c001324
19271226ns          353935 1c009528 61050593 addi             x11, x10, 1552      x11=1c000610 x10:1c000000
19271246ns          353936 1c00952c 320c8e93 addi             x29, x25, 800       x29=1c001320 x25:1c001000
19271266ns          353937 1c009530 00e006b3 add              x13, x0, x14        x13=2bc87ab4 x14:2bc87ab4
19271287ns          353938 1c009532 01000633 add              x12, x0, x16        x12=2bc87ab4 x16:2bc87ab4
19271307ns          353939 1c009534 7d4c0513 addi             x10, x24, 2004      x10=1c0007d4 x24:1c000000
19271327ns          353940 1c009538 00298993 addi             x19, x19, 2         x19=0000000e x19:0000000c
19271347ns          353941 1c00953a 01070c63 beq              x14, x16, 24        x14:2bc87ab4 x16:2bc87ab4
19271427ns          353945 1c009552 2124f903 lw               x18, x18(x9)        x18=2bc87ab4 x18:00000034  x9:1c001280  PA:1c0012b4
19271728ns          353960 1c009556 00178793 addi             x15, x15, 1         x15=00000262 x15:00000261
19271748ns          353961 1c009558 1c000537 lui              x10, 0x1c000000     x10=1c000000
19271768ns          353962 1c00955c 00f42023 sw               x15, 0(x8)          x15:00000262  x8:1c001324  PA:1c001324
19272089ns          353978 1c00955e 63450593 addi             x11, x10, 1588      x11=1c000634 x10:1c000000
19272109ns          353979 1c009562 320c8713 addi             x14, x25, 800       x14=1c001320 x25:1c001000
19272129ns          353980 1c009566 011006b3 add              x13, x0, x17        x13=2bc87ab4 x17:2bc87ab4
19272149ns          353981 1c009568 01200633 add              x12, x0, x18        x12=2bc87ab4 x18:2bc87ab4
19272169ns          353982 1c00956a 7d4c0513 addi             x10, x24, 2004      x10=1c0007d4 x24:1c000000
19272189ns          353983 1c00956e 01190863 beq              x18, x17, 16        x18:2bc87ab4 x17:2bc87ab4
19272250ns          353986 1c00957e 00178793 addi             x15, x15, 1         x15=00000263 x15:00000262
19272270ns          353987 1c009580 1c0006b7 lui              x13, 0x1c000000     x13=1c000000
19272290ns          353988 1c009584 004d0713 addi             x14, x26, 4         x14=1c0012b4 x26:1c0012b0
19272310ns          353989 1c009588 00f42023 sw               x15, 0(x8)          x15:00000263  x8:1c001324  PA:1c001324
19272631ns          354005 1c00958a 65868593 addi             x11, x13, 1624      x11=1c000658 x13:1c000000
19272651ns          354006 1c00958e 320c8813 addi             x16, x25, 800       x16=1c001320 x25:1c001000
19272671ns          354007 1c009592 01b00633 add              x12, x0, x27        x12=1c0012b4 x27:1c0012b4
19272691ns          354008 1c009594 7d4c0513 addi             x10, x24, 2004      x10=1c0007d4 x24:1c000000
19272711ns          354009 1c009598 00e006b3 add              x13, x0, x14        x13=1c0012b4 x14:1c0012b4
19272731ns          354010 1c00959a 00ed8a63 beq              x27, x14, 20        x27:1c0012b4 x14:1c0012b4
19272791ns          354013 1c0095ae 01400713 addi             x14, x0, 20         x14=00000014
19272811ns          354014 1c0095b0 008b0b13 addi             x22, x22, 8         x22=1c0011c8 x22:1c0011c0
19272832ns          354015 1c0095b2 008d0d13 addi             x26, x26, 8         x26=1c0012b8 x26:1c0012b0
19272852ns          354016 1c0095b4 008a0a13 addi             x20, x20, 8         x20=1c0011cc x20:1c0011c4
19272872ns          354017 1c0095b6 f2e99de3 bne              x19, x14, -198      x19:0000000e x14:00000014
19272932ns          354020 1c0094f0 00299693 slli             x13, x19, 0x2       x13=00000038 x19:0000000e
19272952ns          354021 1c0094f4 009686b3 add              x13, x13, x9        x13=1c0012b8 x13:00000038  x9:1c001280
19272972ns          354022 1c0094f6 00198813 addi             x16, x19, 1         x16=0000000f x19:0000000e
19272992ns          354023 1c0094fa 0006a023 sw               x0, 0(x13)          x13:1c0012b8  PA:1c0012b8
19273333ns          354040 1c0094fe 00281913 slli             x18, x16, 0x2       x18=0000003c x16:0000000f
19273353ns          354041 1c009502 0004e923 p.sw             x0, x0(x9)           x9:1c001280  PA:1c0012bc
19273674ns          354057 1c009506 000b2703 lw               x14, 0(x22)         x14=0153edcf x22:1c0011c8  PA:1c0011c8
19273975ns          354072 1c00950a 000a2883 lw               x17, 0(x20)         x17=64be2109 x20:1c0011cc  PA:1c0011cc
19274276ns          354087 1c00950e 004aa60b p.lw             x12, 4(x21!)        x12=00000004 x21=1c001228 x21:1c001224  PA:1c001224
19274577ns          354102 1c009512 01a00db3 add              x27, x0, x26        x27=1c0012b8 x26:1c0012b8
19274597ns          354103 1c009514 00ede62b p.sw             x14, x0(x27!)       x27=1c0012bc x14:0153edcf x27:1c0012b8  PA:1c0012b8
19274918ns          354119 1c009518 011de02b p.sw             x17, x0(x27!)       x27=1c0012bc x17:64be2109 x27:1c0012bc  PA:1c0012bc
19275259ns          354136 1c00951c 0006a803 lw               x16, 0(x13)         x16=0153edcf x13:1c0012b8  PA:1c0012b8
19275560ns          354151 1c009520 00178793 addi             x15, x15, 1         x15=00000264 x15:00000263
19275581ns          354152 1c009522 1c000537 lui              x10, 0x1c000000     x10=1c000000
19275601ns          354153 1c009526 00f42023 sw               x15, 0(x8)          x15:00000264  x8:1c001324  PA:1c001324
19275922ns          354169 1c009528 61050593 addi             x11, x10, 1552      x11=1c000610 x10:1c000000
19275942ns          354170 1c00952c 320c8e93 addi             x29, x25, 800       x29=1c001320 x25:1c001000
19275962ns          354171 1c009530 00e006b3 add              x13, x0, x14        x13=0153edcf x14:0153edcf
19275982ns          354172 1c009532 01000633 add              x12, x0, x16        x12=0153edcf x16:0153edcf
19276002ns          354173 1c009534 7d4c0513 addi             x10, x24, 2004      x10=1c0007d4 x24:1c000000
19276022ns          354174 1c009538 00298993 addi             x19, x19, 2         x19=00000010 x19:0000000e
19276042ns          354175 1c00953a 01070c63 beq              x14, x16, 24        x14:0153edcf x16:0153edcf
19276122ns          354179 1c009552 2124f903 lw               x18, x18(x9)        x18=64be2109 x18:0000003c  x9:1c001280  PA:1c0012bc
19276423ns          354194 1c009556 00178793 addi             x15, x15, 1         x15=00000265 x15:00000264
19276443ns          354195 1c009558 1c000537 lui              x10, 0x1c000000     x10=1c000000
19276463ns          354196 1c00955c 00f42023 sw               x15, 0(x8)          x15:00000265  x8:1c001324  PA:1c001324
19276784ns          354212 1c00955e 63450593 addi             x11, x10, 1588      x11=1c000634 x10:1c000000
19276804ns          354213 1c009562 320c8713 addi             x14, x25, 800       x14=1c001320 x25:1c001000
19276825ns          354214 1c009566 011006b3 add              x13, x0, x17        x13=64be2109 x17:64be2109
19276845ns          354215 1c009568 01200633 add              x12, x0, x18        x12=64be2109 x18:64be2109
19276865ns          354216 1c00956a 7d4c0513 addi             x10, x24, 2004      x10=1c0007d4 x24:1c000000
19276885ns          354217 1c00956e 01190863 beq              x18, x17, 16        x18:64be2109 x17:64be2109
19276945ns          354220 1c00957e 00178793 addi             x15, x15, 1         x15=00000266 x15:00000265
19276965ns          354221 1c009580 1c0006b7 lui              x13, 0x1c000000     x13=1c000000
19276985ns          354222 1c009584 004d0713 addi             x14, x26, 4         x14=1c0012bc x26:1c0012b8
19277005ns          354223 1c009588 00f42023 sw               x15, 0(x8)          x15:00000266  x8:1c001324  PA:1c001324
19277326ns          354239 1c00958a 65868593 addi             x11, x13, 1624      x11=1c000658 x13:1c000000
19277346ns          354240 1c00958e 320c8813 addi             x16, x25, 800       x16=1c001320 x25:1c001000
19277366ns          354241 1c009592 01b00633 add              x12, x0, x27        x12=1c0012bc x27:1c0012bc
19277386ns          354242 1c009594 7d4c0513 addi             x10, x24, 2004      x10=1c0007d4 x24:1c000000
19277406ns          354243 1c009598 00e006b3 add              x13, x0, x14        x13=1c0012bc x14:1c0012bc
19277427ns          354244 1c00959a 00ed8a63 beq              x27, x14, 20        x27:1c0012bc x14:1c0012bc
19277487ns          354247 1c0095ae 01400713 addi             x14, x0, 20         x14=00000014
19277507ns          354248 1c0095b0 008b0b13 addi             x22, x22, 8         x22=1c0011d0 x22:1c0011c8
19277527ns          354249 1c0095b2 008d0d13 addi             x26, x26, 8         x26=1c0012c0 x26:1c0012b8
19277547ns          354250 1c0095b4 008a0a13 addi             x20, x20, 8         x20=1c0011d4 x20:1c0011cc
19277567ns          354251 1c0095b6 f2e99de3 bne              x19, x14, -198      x19:00000010 x14:00000014
19277627ns          354254 1c0094f0 00299693 slli             x13, x19, 0x2       x13=00000040 x19:00000010
19277647ns          354255 1c0094f4 009686b3 add              x13, x13, x9        x13=1c0012c0 x13:00000040  x9:1c001280
19277667ns          354256 1c0094f6 00198813 addi             x16, x19, 1         x16=00000011 x19:00000010
19277687ns          354257 1c0094fa 0006a023 sw               x0, 0(x13)          x13:1c0012c0  PA:1c0012c0
19278008ns          354273 1c0094fe 00281913 slli             x18, x16, 0x2       x18=00000044 x16:00000011
19278028ns          354274 1c009502 0004e923 p.sw             x0, x0(x9)           x9:1c001280  PA:1c0012c4
19278350ns          354290 1c009506 000b2703 lw               x14, 0(x22)         x14=64be2109 x22:1c0011d0  PA:1c0011d0
19278651ns          354305 1c00950a 000a2883 lw               x17, 0(x20)         x17=62580466 x20:1c0011d4  PA:1c0011d4
19278951ns          354320 1c00950e 004aa60b p.lw             x12, 4(x21!)        x12=00000004 x21=1c00122c x21:1c001228  PA:1c001228
19279252ns          354335 1c009512 01a00db3 add              x27, x0, x26        x27=1c0012c0 x26:1c0012c0
19279273ns          354336 1c009514 00ede62b p.sw             x14, x0(x27!)       x27=1c0012c4 x14:64be2109 x27:1c0012c0  PA:1c0012c0
19279594ns          354352 1c009518 011de02b p.sw             x17, x0(x27!)       x27=1c0012c4 x17:62580466 x27:1c0012c4  PA:1c0012c4
19279915ns          354368 1c00951c 0006a803 lw               x16, 0(x13)         x16=64be2109 x13:1c0012c0  PA:1c0012c0
19280216ns          354383 1c009520 00178793 addi             x15, x15, 1         x15=00000267 x15:00000266
19280236ns          354384 1c009522 1c000537 lui              x10, 0x1c000000     x10=1c000000
19280256ns          354385 1c009526 00f42023 sw               x15, 0(x8)          x15:00000267  x8:1c001324  PA:1c001324
19280597ns          354402 1c009528 61050593 addi             x11, x10, 1552      x11=1c000610 x10:1c000000
19280617ns          354403 1c00952c 320c8e93 addi             x29, x25, 800       x29=1c001320 x25:1c001000
19280637ns          354404 1c009530 00e006b3 add              x13, x0, x14        x13=64be2109 x14:64be2109
19280657ns          354405 1c009532 01000633 add              x12, x0, x16        x12=64be2109 x16:64be2109
19280677ns          354406 1c009534 7d4c0513 addi             x10, x24, 2004      x10=1c0007d4 x24:1c000000
19280697ns          354407 1c009538 00298993 addi             x19, x19, 2         x19=00000012 x19:00000010
19280717ns          354408 1c00953a 01070c63 beq              x14, x16, 24        x14:64be2109 x16:64be2109
19280798ns          354412 1c009552 2124f903 lw               x18, x18(x9)        x18=62580466 x18:00000044  x9:1c001280  PA:1c0012c4
19281119ns          354428 1c009556 00178793 addi             x15, x15, 1         x15=00000268 x15:00000267
19281139ns          354429 1c009558 1c000537 lui              x10, 0x1c000000     x10=1c000000
19281159ns          354430 1c00955c 00f42023 sw               x15, 0(x8)          x15:00000268  x8:1c001324  PA:1c001324
19281480ns          354446 1c00955e 63450593 addi             x11, x10, 1588      x11=1c000634 x10:1c000000
19281500ns          354447 1c009562 320c8713 addi             x14, x25, 800       x14=1c001320 x25:1c001000
19281520ns          354448 1c009566 011006b3 add              x13, x0, x17        x13=62580466 x17:62580466
19281540ns          354449 1c009568 01200633 add              x12, x0, x18        x12=62580466 x18:62580466
19281560ns          354450 1c00956a 7d4c0513 addi             x10, x24, 2004      x10=1c0007d4 x24:1c000000
19281580ns          354451 1c00956e 01190863 beq              x18, x17, 16        x18:62580466 x17:62580466
19281640ns          354454 1c00957e 00178793 addi             x15, x15, 1         x15=00000269 x15:00000268
19281660ns          354455 1c009580 1c0006b7 lui              x13, 0x1c000000     x13=1c000000
19281680ns          354456 1c009584 004d0713 addi             x14, x26, 4         x14=1c0012c4 x26:1c0012c0
19281700ns          354457 1c009588 00f42023 sw               x15, 0(x8)          x15:00000269  x8:1c001324  PA:1c001324
19282021ns          354473 1c00958a 65868593 addi             x11, x13, 1624      x11=1c000658 x13:1c000000
19282042ns          354474 1c00958e 320c8813 addi             x16, x25, 800       x16=1c001320 x25:1c001000
19282062ns          354475 1c009592 01b00633 add              x12, x0, x27        x12=1c0012c4 x27:1c0012c4
19282082ns          354476 1c009594 7d4c0513 addi             x10, x24, 2004      x10=1c0007d4 x24:1c000000
19282102ns          354477 1c009598 00e006b3 add              x13, x0, x14        x13=1c0012c4 x14:1c0012c4
19282122ns          354478 1c00959a 00ed8a63 beq              x27, x14, 20        x27:1c0012c4 x14:1c0012c4
19282182ns          354481 1c0095ae 01400713 addi             x14, x0, 20         x14=00000014
19282202ns          354482 1c0095b0 008b0b13 addi             x22, x22, 8         x22=1c0011d8 x22:1c0011d0
19282222ns          354483 1c0095b2 008d0d13 addi             x26, x26, 8         x26=1c0012c8 x26:1c0012c0
19282242ns          354484 1c0095b4 008a0a13 addi             x20, x20, 8         x20=1c0011dc x20:1c0011d4
19282262ns          354485 1c0095b6 f2e99de3 bne              x19, x14, -198      x19:00000012 x14:00000014
19282322ns          354488 1c0094f0 00299693 slli             x13, x19, 0x2       x13=00000048 x19:00000012
19282343ns          354489 1c0094f4 009686b3 add              x13, x13, x9        x13=1c0012c8 x13:00000048  x9:1c001280
19282363ns          354490 1c0094f6 00198813 addi             x16, x19, 1         x16=00000013 x19:00000012
19282383ns          354491 1c0094fa 0006a023 sw               x0, 0(x13)          x13:1c0012c8  PA:1c0012c8
19282724ns          354508 1c0094fe 00281913 slli             x18, x16, 0x2       x18=0000004c x16:00000013
19282744ns          354509 1c009502 0004e923 p.sw             x0, x0(x9)           x9:1c001280  PA:1c0012cc
19283065ns          354525 1c009506 000b2703 lw               x14, 0(x22)         x14=1b487b12 x22:1c0011d8  PA:1c0011d8
19283366ns          354540 1c00950a 000a2883 lw               x17, 0(x20)         x17=1b487b12 x20:1c0011dc  PA:1c0011dc
19283667ns          354555 1c00950e 004aa60b p.lw             x12, 4(x21!)        x12=00000004 x21=1c001230 x21:1c00122c  PA:1c00122c
19283968ns          354570 1c009512 01a00db3 add              x27, x0, x26        x27=1c0012c8 x26:1c0012c8
19283988ns          354571 1c009514 00ede62b p.sw             x14, x0(x27!)       x27=1c0012cc x14:1b487b12 x27:1c0012c8  PA:1c0012c8
19284349ns          354589 1c009518 011de02b p.sw             x17, x0(x27!)       x27=1c0012cc x17:1b487b12 x27:1c0012cc  PA:1c0012cc
19284670ns          354605 1c00951c 0006a803 lw               x16, 0(x13)         x16=1b487b12 x13:1c0012c8  PA:1c0012c8
19284971ns          354620 1c009520 00178793 addi             x15, x15, 1         x15=0000026a x15:00000269
19284991ns          354621 1c009522 1c000537 lui              x10, 0x1c000000     x10=1c000000
19285011ns          354622 1c009526 00f42023 sw               x15, 0(x8)          x15:0000026a  x8:1c001324  PA:1c001324
19285352ns          354639 1c009528 61050593 addi             x11, x10, 1552      x11=1c000610 x10:1c000000
19285372ns          354640 1c00952c 320c8e93 addi             x29, x25, 800       x29=1c001320 x25:1c001000
19285392ns          354641 1c009530 00e006b3 add              x13, x0, x14        x13=1b487b12 x14:1b487b12
19285413ns          354642 1c009532 01000633 add              x12, x0, x16        x12=1b487b12 x16:1b487b12
19285433ns          354643 1c009534 7d4c0513 addi             x10, x24, 2004      x10=1c0007d4 x24:1c000000
19285453ns          354644 1c009538 00298993 addi             x19, x19, 2         x19=00000014 x19:00000012
19285473ns          354645 1c00953a 01070c63 beq              x14, x16, 24        x14:1b487b12 x16:1b487b12
19285553ns          354649 1c009552 2124f903 lw               x18, x18(x9)        x18=1b487b12 x18:0000004c  x9:1c001280  PA:1c0012cc
19285854ns          354664 1c009556 00178793 addi             x15, x15, 1         x15=0000026b x15:0000026a
19285874ns          354665 1c009558 1c000537 lui              x10, 0x1c000000     x10=1c000000
19285894ns          354666 1c00955c 00f42023 sw               x15, 0(x8)          x15:0000026b  x8:1c001324  PA:1c001324
19286215ns          354682 1c00955e 63450593 addi             x11, x10, 1588      x11=1c000634 x10:1c000000
19286235ns          354683 1c009562 320c8713 addi             x14, x25, 800       x14=1c001320 x25:1c001000
19286255ns          354684 1c009566 011006b3 add              x13, x0, x17        x13=1b487b12 x17:1b487b12
19286275ns          354685 1c009568 01200633 add              x12, x0, x18        x12=1b487b12 x18:1b487b12
19286295ns          354686 1c00956a 7d4c0513 addi             x10, x24, 2004      x10=1c0007d4 x24:1c000000
19286315ns          354687 1c00956e 01190863 beq              x18, x17, 16        x18:1b487b12 x17:1b487b12
19286376ns          354690 1c00957e 00178793 addi             x15, x15, 1         x15=0000026c x15:0000026b
19286396ns          354691 1c009580 1c0006b7 lui              x13, 0x1c000000     x13=1c000000
19286416ns          354692 1c009584 004d0713 addi             x14, x26, 4         x14=1c0012cc x26:1c0012c8
19286436ns          354693 1c009588 00f42023 sw               x15, 0(x8)          x15:0000026c  x8:1c001324  PA:1c001324
19286757ns          354709 1c00958a 65868593 addi             x11, x13, 1624      x11=1c000658 x13:1c000000
19286777ns          354710 1c00958e 320c8813 addi             x16, x25, 800       x16=1c001320 x25:1c001000
19286797ns          354711 1c009592 01b00633 add              x12, x0, x27        x12=1c0012cc x27:1c0012cc
19286817ns          354712 1c009594 7d4c0513 addi             x10, x24, 2004      x10=1c0007d4 x24:1c000000
19286837ns          354713 1c009598 00e006b3 add              x13, x0, x14        x13=1c0012cc x14:1c0012cc
19286857ns          354714 1c00959a 00ed8a63 beq              x27, x14, 20        x27:1c0012cc x14:1c0012cc
19286917ns          354717 1c0095ae 01400713 addi             x14, x0, 20         x14=00000014
19286938ns          354718 1c0095b0 008b0b13 addi             x22, x22, 8         x22=1c0011e0 x22:1c0011d8
19286958ns          354719 1c0095b2 008d0d13 addi             x26, x26, 8         x26=1c0012d0 x26:1c0012c8
19286978ns          354720 1c0095b4 008a0a13 addi             x20, x20, 8         x20=1c0011e4 x20:1c0011dc
19286998ns          354721 1c0095b6 f2e99de3 bne              x19, x14, -198      x19:00000014 x14:00000014
19287018ns          354722 1c0095ba 00412a83 lw               x21, 4(x2)          x21=1c001194  x2:10000798  PA:1000079c
19287038ns          354723 1c0095bc 00812a03 lw               x20, 8(x2)          x20=1c001280  x2:10000798  PA:100007a0
19287058ns          354724 1c0095be 015008b3 add              x17, x0, x21        x17=1c001194 x21:1c001194
19287078ns          354725 1c0095c0 01400833 add              x16, x0, x20        x16=1c001280 x20:1c001280
19287098ns          354726 1c0095c2 00c12b03 lw               x22, 12(x2)         x22=1c001190  x2:10000798  PA:100007a4
19287118ns          354727 1c0095c4 00000d13 addi             x26, x0, 0          x26=00000000
19287138ns          354728 1c0095c6 1c001cb7 lui              x25, 0x1c001000     x25=1c001000
19287158ns          354729 1c0095ca 1c000c37 lui              x24, 0x1c000000     x24=1c000000
19287178ns          354730 1c0095ce 01700ab3 add              x21, x0, x23        x21=1c001208 x23:1c001208
19287600ns          354751 1c0095d0 01100a33 add              x20, x0, x17        x20=1c001194 x17:1c001194
19287620ns          354752 1c0095d2 010009b3 add              x19, x0, x16        x19=1c001280 x16:1c001280
19287640ns          354753 1c0095d4 002d1693 slli             x13, x26, 0x2       x13=00000000 x26:00000000
19287660ns          354754 1c0095d8 001d0313 addi             x6, x26, 1           x6=00000001 x26:00000000
19287680ns          354755 1c0095dc 009686b3 add              x13, x13, x9        x13=1c001280 x13:00000000  x9:1c001280
19288121ns          354777 1c0095de 00231913 slli             x18, x6, 0x2        x18=00000004  x6:00000001
19288161ns          354779 1c0095e2 0006a023 sw               x0, 0(x13)          x13:1c001280  PA:1c001280
19288483ns          354795 1c0095e6 0004e923 p.sw             x0, x0(x9)           x9:1c001280  PA:1c001284
19288804ns          354811 1c0095ea 000b2303 lw               x6, 0(x22)           x6=63aa9108 x22:1c001190  PA:1c001190
19289105ns          354826 1c0095ee 000a2703 lw               x14, 0(x20)         x14=63aa9108 x20:1c001194  PA:1c001194
19289406ns          354841 1c0095f2 004aa60b p.lw             x12, 4(x21!)        x12=00000004 x21=1c00120c x21:1c001208  PA:1c001208
19289707ns          354856 1c0095f6 01300db3 add              x27, x0, x19        x27=1c001280 x19:1c001280
19289727ns          354857 1c0095f8 00000013 nop                                 
19289747ns          354858 1c0095fa 006dd62b p.sh             x6, x0(x27!)        x27=1c001284  x6:63aa9108 x27:1c001280  PA:1c001280
19290068ns          354874 1c0095fe 00edd02b p.sh             x14, x0(x27!)       x27=1c001284 x14:63aa9108 x27:1c001284  PA:1c001284
19290389ns          354890 1c009602 0006ae03 lw               x28, 0(x13)         x28=00009108 x13:1c001280  PA:1c001280
19290710ns          354906 1c009606 000106b7 lui              x13, 0x10000        x13=00010000
19290730ns          354907 1c009608 fff68693 addi             x13, x13, -1        x13=0000ffff x13:00010000
19290750ns          354908 1c00960a 00178793 addi             x15, x15, 1         x15=0000026d x15:0000026c
19290770ns          354909 1c00960c 1c000537 lui              x10, 0x1c000000     x10=1c000000
19290870ns          354914 1c009610 00d37333 and              x6, x6, x13          x6=00009108  x6:63aa9108 x13:0000ffff
19290910ns          354916 1c009614 00f42023 sw               x15, 0(x8)          x15:0000026d  x8:1c001324  PA:1c001324
19291231ns          354932 1c009616 67450593 addi             x11, x10, 1652      x11=1c000674 x10:1c000000
19291252ns          354933 1c00961a 320c8e93 addi             x29, x25, 800       x29=1c001320 x25:1c001000
19291272ns          354934 1c00961e 01c00633 add              x12, x0, x28        x12=00009108 x28:00009108
19291392ns          354940 1c009620 7d4c0513 addi             x10, x24, 2004      x10=1c0007d4 x24:1c000000
19291432ns          354942 1c009624 006006b3 add              x13, x0, x6         x13=00009108  x6:00009108
19291452ns          354943 1c009626 002d0d13 addi             x26, x26, 2         x26=00000002 x26:00000000
19291472ns          354944 1c009628 006e0c63 beq              x28, x6, 24         x28:00009108  x6:00009108
19292375ns          354989 1c009640 000106b7 lui              x13, 0x10000        x13=00010000
19292395ns          354990 1c009642 fff68693 addi             x13, x13, -1        x13=0000ffff x13:00010000
19292415ns          354991 1c009644 2124f903 lw               x18, x18(x9)        x18=00009108 x18:00000004  x9:1c001280  PA:1c001284
19292716ns          355006 1c009648 00178793 addi             x15, x15, 1         x15=0000026e x15:0000026d
19292736ns          355007 1c00964a 1c000537 lui              x10, 0x1c000000     x10=1c000000
19292756ns          355008 1c00964e 00d77733 and              x14, x14, x13       x14=00009108 x14:63aa9108 x13:0000ffff
19292897ns          355015 1c009650 00f42023 sw               x15, 0(x8)          x15:0000026e  x8:1c001324  PA:1c001324
19293238ns          355032 1c009652 69850593 addi             x11, x10, 1688      x11=1c000698 x10:1c000000
19293258ns          355033 1c009656 320c8e13 addi             x28, x25, 800       x28=1c001320 x25:1c001000
19293278ns          355034 1c00965a 01200633 add              x12, x0, x18        x12=00009108 x18:00009108
19293298ns          355035 1c00965c 7d4c0513 addi             x10, x24, 2004      x10=1c0007d4 x24:1c000000
19293720ns          355056 1c009660 00e006b3 add              x13, x0, x14        x13=00009108 x14:00009108
19293760ns          355058 1c009662 00e90963 beq              x18, x14, 18        x18:00009108 x14:00009108
19294241ns          355082 1c009674 1c000737 lui              x14, 0x1c000000     x14=1c000000
19294281ns          355084 1c009678 00178793 addi             x15, x15, 1         x15=0000026f x15:0000026e
19294301ns          355085 1c00967a 65870593 addi             x11, x14, 1624      x11=1c000658 x14:1c000000
19294322ns          355086 1c00967e 00f42023 sw               x15, 0(x8)          x15:0000026f  x8:1c001324  PA:1c001324
19294743ns          355107 1c009680 00498713 addi             x14, x19, 4         x14=1c001284 x19:1c001280
19294783ns          355109 1c009684 320c8313 addi             x6, x25, 800         x6=1c001320 x25:1c001000
19294803ns          355110 1c009688 01b00633 add              x12, x0, x27        x12=1c001284 x27:1c001284
19294823ns          355111 1c00968a 7d4c0513 addi             x10, x24, 2004      x10=1c0007d4 x24:1c000000
19294843ns          355112 1c00968e 00e006b3 add              x13, x0, x14        x13=1c001284 x14:1c001284
19295265ns          355133 1c009690 00ed8963 beq              x27, x14, 18        x27:1c001284 x14:1c001284
19295746ns          355157 1c0096a2 01400513 addi             x10, x0, 20         x10=00000014
19295786ns          355159 1c0096a4 008b0b13 addi             x22, x22, 8         x22=1c001198 x22:1c001190
19295806ns          355160 1c0096a6 00898993 addi             x19, x19, 8         x19=1c001288 x19:1c001280
19295826ns          355161 1c0096a8 008a0a13 addi             x20, x20, 8         x20=1c00119c x20:1c001194
19295847ns          355162 1c0096aa f2ad15e3 bne              x26, x10, -214      x26:00000002 x10:00000014
19296308ns          355185 1c0095d4 002d1693 slli             x13, x26, 0x2       x13=00000008 x26:00000002
19296328ns          355186 1c0095d8 001d0313 addi             x6, x26, 1           x6=00000003 x26:00000002
19296348ns          355187 1c0095dc 009686b3 add              x13, x13, x9        x13=1c001288 x13:00000008  x9:1c001280
19296368ns          355188 1c0095de 00231913 slli             x18, x6, 0x2        x18=0000000c  x6:00000003
19296388ns          355189 1c0095e2 0006a023 sw               x0, 0(x13)          x13:1c001288  PA:1c001288
19296729ns          355206 1c0095e6 0004e923 p.sw             x0, x0(x9)           x9:1c001280  PA:1c00128c
19297071ns          355223 1c0095ea 000b2303 lw               x6, 0(x22)           x6=25e413c4 x22:1c001198  PA:1c001198
19297371ns          355238 1c0095ee 000a2703 lw               x14, 0(x20)         x14=5d67001f x20:1c00119c  PA:1c00119c
19297672ns          355253 1c0095f2 004aa60b p.lw             x12, 4(x21!)        x12=00000004 x21=1c001210 x21:1c00120c  PA:1c00120c
19297973ns          355268 1c0095f6 01300db3 add              x27, x0, x19        x27=1c001288 x19:1c001288
19297994ns          355269 1c0095f8 00000013 nop                                 
19298014ns          355270 1c0095fa 006dd62b p.sh             x6, x0(x27!)        x27=1c00128c  x6:25e413c4 x27:1c001288  PA:1c001288
19298355ns          355287 1c0095fe 00edd02b p.sh             x14, x0(x27!)       x27=1c00128c x14:5d67001f x27:1c00128c  PA:1c00128c
19298676ns          355303 1c009602 0006ae03 lw               x28, 0(x13)         x28=000013c4 x13:1c001288  PA:1c001288
19298977ns          355318 1c009606 000106b7 lui              x13, 0x10000        x13=00010000
19298997ns          355319 1c009608 fff68693 addi             x13, x13, -1        x13=0000ffff x13:00010000
19299017ns          355320 1c00960a 00178793 addi             x15, x15, 1         x15=00000270 x15:0000026f
19299037ns          355321 1c00960c 1c000537 lui              x10, 0x1c000000     x10=1c000000
19299057ns          355322 1c009610 00d37333 and              x6, x6, x13          x6=000013c4  x6:25e413c4 x13:0000ffff
19299077ns          355323 1c009614 00f42023 sw               x15, 0(x8)          x15:00000270  x8:1c001324  PA:1c001324
19299398ns          355339 1c009616 67450593 addi             x11, x10, 1652      x11=1c000674 x10:1c000000
19299418ns          355340 1c00961a 320c8e93 addi             x29, x25, 800       x29=1c001320 x25:1c001000
19299438ns          355341 1c00961e 01c00633 add              x12, x0, x28        x12=000013c4 x28:000013c4
19299458ns          355342 1c009620 7d4c0513 addi             x10, x24, 2004      x10=1c0007d4 x24:1c000000
19299478ns          355343 1c009624 006006b3 add              x13, x0, x6         x13=000013c4  x6:000013c4
19299498ns          355344 1c009626 002d0d13 addi             x26, x26, 2         x26=00000004 x26:00000002
19299518ns          355345 1c009628 006e0c63 beq              x28, x6, 24         x28:000013c4  x6:000013c4
19299599ns          355349 1c009640 000106b7 lui              x13, 0x10000        x13=00010000
19299619ns          355350 1c009642 fff68693 addi             x13, x13, -1        x13=0000ffff x13:00010000
19299639ns          355351 1c009644 2124f903 lw               x18, x18(x9)        x18=0000001f x18:0000000c  x9:1c001280  PA:1c00128c
19299960ns          355367 1c009648 00178793 addi             x15, x15, 1         x15=00000271 x15:00000270
19299980ns          355368 1c00964a 1c000537 lui              x10, 0x1c000000     x10=1c000000
19300000ns          355369 1c00964e 00d77733 and              x14, x14, x13       x14=0000001f x14:5d67001f x13:0000ffff
19300020ns          355370 1c009650 00f42023 sw               x15, 0(x8)          x15:00000271  x8:1c001324  PA:1c001324
19300341ns          355386 1c009652 69850593 addi             x11, x10, 1688      x11=1c000698 x10:1c000000
19300361ns          355387 1c009656 320c8e13 addi             x28, x25, 800       x28=1c001320 x25:1c001000
19300381ns          355388 1c00965a 01200633 add              x12, x0, x18        x12=0000001f x18:0000001f
19300401ns          355389 1c00965c 7d4c0513 addi             x10, x24, 2004      x10=1c0007d4 x24:1c000000
19300421ns          355390 1c009660 00e006b3 add              x13, x0, x14        x13=0000001f x14:0000001f
19300441ns          355391 1c009662 00e90963 beq              x18, x14, 18        x18:0000001f x14:0000001f
19300502ns          355394 1c009674 1c000737 lui              x14, 0x1c000000     x14=1c000000
19300522ns          355395 1c009678 00178793 addi             x15, x15, 1         x15=00000272 x15:00000271
19300542ns          355396 1c00967a 65870593 addi             x11, x14, 1624      x11=1c000658 x14:1c000000
19300562ns          355397 1c00967e 00f42023 sw               x15, 0(x8)          x15:00000272  x8:1c001324  PA:1c001324
19300883ns          355413 1c009680 00498713 addi             x14, x19, 4         x14=1c00128c x19:1c001288
19300903ns          355414 1c009684 320c8313 addi             x6, x25, 800         x6=1c001320 x25:1c001000
19300923ns          355415 1c009688 01b00633 add              x12, x0, x27        x12=1c00128c x27:1c00128c
19300943ns          355416 1c00968a 7d4c0513 addi             x10, x24, 2004      x10=1c0007d4 x24:1c000000
19300963ns          355417 1c00968e 00e006b3 add              x13, x0, x14        x13=1c00128c x14:1c00128c
19300983ns          355418 1c009690 00ed8963 beq              x27, x14, 18        x27:1c00128c x14:1c00128c
19301043ns          355421 1c0096a2 01400513 addi             x10, x0, 20         x10=00000014
19301064ns          355422 1c0096a4 008b0b13 addi             x22, x22, 8         x22=1c0011a0 x22:1c001198
19301084ns          355423 1c0096a6 00898993 addi             x19, x19, 8         x19=1c001290 x19:1c001288
19301104ns          355424 1c0096a8 008a0a13 addi             x20, x20, 8         x20=1c0011a4 x20:1c00119c
19301124ns          355425 1c0096aa f2ad15e3 bne              x26, x10, -214      x26:00000004 x10:00000014
19301184ns          355428 1c0095d4 002d1693 slli             x13, x26, 0x2       x13=00000010 x26:00000004
19301204ns          355429 1c0095d8 001d0313 addi             x6, x26, 1           x6=00000005 x26:00000004
19301224ns          355430 1c0095dc 009686b3 add              x13, x13, x9        x13=1c001290 x13:00000010  x9:1c001280
19301244ns          355431 1c0095de 00231913 slli             x18, x6, 0x2        x18=00000014  x6:00000005
19301264ns          355432 1c0095e2 0006a023 sw               x0, 0(x13)          x13:1c001290  PA:1c001290
19301585ns          355448 1c0095e6 0004e923 p.sw             x0, x0(x9)           x9:1c001280  PA:1c001294
19301906ns          355464 1c0095ea 000b2303 lw               x6, 0(x22)           x6=5d67001f x22:1c0011a0  PA:1c0011a0
19302207ns          355479 1c0095ee 000a2703 lw               x14, 0(x20)         x14=c46acaca x20:1c0011a4  PA:1c0011a4
19302508ns          355494 1c0095f2 004aa60b p.lw             x12, 4(x21!)        x12=00000004 x21=1c001214 x21:1c001210  PA:1c001210
19302809ns          355509 1c0095f6 01300db3 add              x27, x0, x19        x27=1c001290 x19:1c001290
19302829ns          355510 1c0095f8 00000013 nop                                 
19302849ns          355511 1c0095fa 006dd62b p.sh             x6, x0(x27!)        x27=1c001294  x6:5d67001f x27:1c001290  PA:1c001290
19303190ns          355528 1c0095fe 00edd02b p.sh             x14, x0(x27!)       x27=1c001294 x14:c46acaca x27:1c001294  PA:1c001294
19303511ns          355544 1c009602 0006ae03 lw               x28, 0(x13)         x28=0000001f x13:1c001290  PA:1c001290
19303812ns          355559 1c009606 000106b7 lui              x13, 0x10000        x13=00010000
19303833ns          355560 1c009608 fff68693 addi             x13, x13, -1        x13=0000ffff x13:00010000
19303853ns          355561 1c00960a 00178793 addi             x15, x15, 1         x15=00000273 x15:00000272
19303873ns          355562 1c00960c 1c000537 lui              x10, 0x1c000000     x10=1c000000
19303893ns          355563 1c009610 00d37333 and              x6, x6, x13          x6=0000001f  x6:5d67001f x13:0000ffff
19303913ns          355564 1c009614 00f42023 sw               x15, 0(x8)          x15:00000273  x8:1c001324  PA:1c001324
19304234ns          355580 1c009616 67450593 addi             x11, x10, 1652      x11=1c000674 x10:1c000000
19304254ns          355581 1c00961a 320c8e93 addi             x29, x25, 800       x29=1c001320 x25:1c001000
19304274ns          355582 1c00961e 01c00633 add              x12, x0, x28        x12=0000001f x28:0000001f
19304294ns          355583 1c009620 7d4c0513 addi             x10, x24, 2004      x10=1c0007d4 x24:1c000000
19304314ns          355584 1c009624 006006b3 add              x13, x0, x6         x13=0000001f  x6:0000001f
19304334ns          355585 1c009626 002d0d13 addi             x26, x26, 2         x26=00000006 x26:00000004
19304354ns          355586 1c009628 006e0c63 beq              x28, x6, 24         x28:0000001f  x6:0000001f
19304414ns          355589 1c009640 000106b7 lui              x13, 0x10000        x13=00010000
19304434ns          355590 1c009642 fff68693 addi             x13, x13, -1        x13=0000ffff x13:00010000
19304455ns          355591 1c009644 2124f903 lw               x18, x18(x9)        x18=0000caca x18:00000014  x9:1c001280  PA:1c001294
19304756ns          355606 1c009648 00178793 addi             x15, x15, 1         x15=00000274 x15:00000273
19304776ns          355607 1c00964a 1c000537 lui              x10, 0x1c000000     x10=1c000000
19304796ns          355608 1c00964e 00d77733 and              x14, x14, x13       x14=0000caca x14:c46acaca x13:0000ffff
19304816ns          355609 1c009650 00f42023 sw               x15, 0(x8)          x15:00000274  x8:1c001324  PA:1c001324
19305137ns          355625 1c009652 69850593 addi             x11, x10, 1688      x11=1c000698 x10:1c000000
19305157ns          355626 1c009656 320c8e13 addi             x28, x25, 800       x28=1c001320 x25:1c001000
19305177ns          355627 1c00965a 01200633 add              x12, x0, x18        x12=0000caca x18:0000caca
19305197ns          355628 1c00965c 7d4c0513 addi             x10, x24, 2004      x10=1c0007d4 x24:1c000000
19305217ns          355629 1c009660 00e006b3 add              x13, x0, x14        x13=0000caca x14:0000caca
19305237ns          355630 1c009662 00e90963 beq              x18, x14, 18        x18:0000caca x14:0000caca
19305297ns          355633 1c009674 1c000737 lui              x14, 0x1c000000     x14=1c000000
19305317ns          355634 1c009678 00178793 addi             x15, x15, 1         x15=00000275 x15:00000274
19305337ns          355635 1c00967a 65870593 addi             x11, x14, 1624      x11=1c000658 x14:1c000000
19305358ns          355636 1c00967e 00f42023 sw               x15, 0(x8)          x15:00000275  x8:1c001324  PA:1c001324
19305679ns          355652 1c009680 00498713 addi             x14, x19, 4         x14=1c001294 x19:1c001290
19305699ns          355653 1c009684 320c8313 addi             x6, x25, 800         x6=1c001320 x25:1c001000
19305719ns          355654 1c009688 01b00633 add              x12, x0, x27        x12=1c001294 x27:1c001294
19305739ns          355655 1c00968a 7d4c0513 addi             x10, x24, 2004      x10=1c0007d4 x24:1c000000
19305759ns          355656 1c00968e 00e006b3 add              x13, x0, x14        x13=1c001294 x14:1c001294
19305779ns          355657 1c009690 00ed8963 beq              x27, x14, 18        x27:1c001294 x14:1c001294
19305839ns          355660 1c0096a2 01400513 addi             x10, x0, 20         x10=00000014
19305859ns          355661 1c0096a4 008b0b13 addi             x22, x22, 8         x22=1c0011a8 x22:1c0011a0
19305879ns          355662 1c0096a6 00898993 addi             x19, x19, 8         x19=1c001298 x19:1c001290
19305899ns          355663 1c0096a8 008a0a13 addi             x20, x20, 8         x20=1c0011ac x20:1c0011a4
19305919ns          355664 1c0096aa f2ad15e3 bne              x26, x10, -214      x26:00000006 x10:00000014
19305980ns          355667 1c0095d4 002d1693 slli             x13, x26, 0x2       x13=00000018 x26:00000006
19306000ns          355668 1c0095d8 001d0313 addi             x6, x26, 1           x6=00000007 x26:00000006
19306020ns          355669 1c0095dc 009686b3 add              x13, x13, x9        x13=1c001298 x13:00000018  x9:1c001280
19306040ns          355670 1c0095de 00231913 slli             x18, x6, 0x2        x18=0000001c  x6:00000007
19306060ns          355671 1c0095e2 0006a023 sw               x0, 0(x13)          x13:1c001298  PA:1c001298
19306381ns          355687 1c0095e6 0004e923 p.sw             x0, x0(x9)           x9:1c001280  PA:1c00129c
19306702ns          355703 1c0095ea 000b2303 lw               x6, 0(x22)           x6=f7770b5e x22:1c0011a8  PA:1c0011a8
19307003ns          355718 1c0095ee 000a2703 lw               x14, 0(x20)         x14=f7770b5e x20:1c0011ac  PA:1c0011ac
19307304ns          355733 1c0095f2 004aa60b p.lw             x12, 4(x21!)        x12=00000004 x21=1c001218 x21:1c001214  PA:1c001214
19307605ns          355748 1c0095f6 01300db3 add              x27, x0, x19        x27=1c001298 x19:1c001298
19307625ns          355749 1c0095f8 00000013 nop                                 
19307645ns          355750 1c0095fa 006dd62b p.sh             x6, x0(x27!)        x27=1c00129c  x6:f7770b5e x27:1c001298  PA:1c001298
19307966ns          355766 1c0095fe 00edd02b p.sh             x14, x0(x27!)       x27=1c00129c x14:f7770b5e x27:1c00129c  PA:1c00129c
19308287ns          355782 1c009602 0006ae03 lw               x28, 0(x13)         x28=00000b5e x13:1c001298  PA:1c001298
19308588ns          355797 1c009606 000106b7 lui              x13, 0x10000        x13=00010000
19308608ns          355798 1c009608 fff68693 addi             x13, x13, -1        x13=0000ffff x13:00010000
19308628ns          355799 1c00960a 00178793 addi             x15, x15, 1         x15=00000276 x15:00000275
19308648ns          355800 1c00960c 1c000537 lui              x10, 0x1c000000     x10=1c000000
19308668ns          355801 1c009610 00d37333 and              x6, x6, x13          x6=00000b5e  x6:f7770b5e x13:0000ffff
19308688ns          355802 1c009614 00f42023 sw               x15, 0(x8)          x15:00000276  x8:1c001324  PA:1c001324
19309009ns          355818 1c009616 67450593 addi             x11, x10, 1652      x11=1c000674 x10:1c000000
19309029ns          355819 1c00961a 320c8e93 addi             x29, x25, 800       x29=1c001320 x25:1c001000
19309050ns          355820 1c00961e 01c00633 add              x12, x0, x28        x12=00000b5e x28:00000b5e
19309070ns          355821 1c009620 7d4c0513 addi             x10, x24, 2004      x10=1c0007d4 x24:1c000000
19309090ns          355822 1c009624 006006b3 add              x13, x0, x6         x13=00000b5e  x6:00000b5e
19309110ns          355823 1c009626 002d0d13 addi             x26, x26, 2         x26=00000008 x26:00000006
19309130ns          355824 1c009628 006e0c63 beq              x28, x6, 24         x28:00000b5e  x6:00000b5e
19309190ns          355827 1c009640 000106b7 lui              x13, 0x10000        x13=00010000
19309210ns          355828 1c009642 fff68693 addi             x13, x13, -1        x13=0000ffff x13:00010000
19309230ns          355829 1c009644 2124f903 lw               x18, x18(x9)        x18=00000b5e x18:0000001c  x9:1c001280  PA:1c00129c
19309551ns          355845 1c009648 00178793 addi             x15, x15, 1         x15=00000277 x15:00000276
19309571ns          355846 1c00964a 1c000537 lui              x10, 0x1c000000     x10=1c000000
19309591ns          355847 1c00964e 00d77733 and              x14, x14, x13       x14=00000b5e x14:f7770b5e x13:0000ffff
19309611ns          355848 1c009650 00f42023 sw               x15, 0(x8)          x15:00000277  x8:1c001324  PA:1c001324
19309932ns          355864 1c009652 69850593 addi             x11, x10, 1688      x11=1c000698 x10:1c000000
19309952ns          355865 1c009656 320c8e13 addi             x28, x25, 800       x28=1c001320 x25:1c001000
19309973ns          355866 1c00965a 01200633 add              x12, x0, x18        x12=00000b5e x18:00000b5e
19309993ns          355867 1c00965c 7d4c0513 addi             x10, x24, 2004      x10=1c0007d4 x24:1c000000
19310013ns          355868 1c009660 00e006b3 add              x13, x0, x14        x13=00000b5e x14:00000b5e
19310033ns          355869 1c009662 00e90963 beq              x18, x14, 18        x18:00000b5e x14:00000b5e
19310093ns          355872 1c009674 1c000737 lui              x14, 0x1c000000     x14=1c000000
19310113ns          355873 1c009678 00178793 addi             x15, x15, 1         x15=00000278 x15:00000277
19310133ns          355874 1c00967a 65870593 addi             x11, x14, 1624      x11=1c000658 x14:1c000000
19310153ns          355875 1c00967e 00f42023 sw               x15, 0(x8)          x15:00000278  x8:1c001324  PA:1c001324
19310474ns          355891 1c009680 00498713 addi             x14, x19, 4         x14=1c00129c x19:1c001298
19310494ns          355892 1c009684 320c8313 addi             x6, x25, 800         x6=1c001320 x25:1c001000
19310514ns          355893 1c009688 01b00633 add              x12, x0, x27        x12=1c00129c x27:1c00129c
19310534ns          355894 1c00968a 7d4c0513 addi             x10, x24, 2004      x10=1c0007d4 x24:1c000000
19310554ns          355895 1c00968e 00e006b3 add              x13, x0, x14        x13=1c00129c x14:1c00129c
19310574ns          355896 1c009690 00ed8963 beq              x27, x14, 18        x27:1c00129c x14:1c00129c
19310635ns          355899 1c0096a2 01400513 addi             x10, x0, 20         x10=00000014
19310655ns          355900 1c0096a4 008b0b13 addi             x22, x22, 8         x22=1c0011b0 x22:1c0011a8
19310675ns          355901 1c0096a6 00898993 addi             x19, x19, 8         x19=1c0012a0 x19:1c001298
19310695ns          355902 1c0096a8 008a0a13 addi             x20, x20, 8         x20=1c0011b4 x20:1c0011ac
19310715ns          355903 1c0096aa f2ad15e3 bne              x26, x10, -214      x26:00000008 x10:00000014
19310775ns          355906 1c0095d4 002d1693 slli             x13, x26, 0x2       x13=00000020 x26:00000008
19310795ns          355907 1c0095d8 001d0313 addi             x6, x26, 1           x6=00000009 x26:00000008
19310815ns          355908 1c0095dc 009686b3 add              x13, x13, x9        x13=1c0012a0 x13:00000020  x9:1c001280
19310835ns          355909 1c0095de 00231913 slli             x18, x6, 0x2        x18=00000024  x6:00000009
19310855ns          355910 1c0095e2 0006a023 sw               x0, 0(x13)          x13:1c0012a0  PA:1c0012a0
19311176ns          355926 1c0095e6 0004e923 p.sw             x0, x0(x9)           x9:1c001280  PA:1c0012a4
19311498ns          355942 1c0095ea 000b2303 lw               x6, 0(x22)           x6=546c1d01 x22:1c0011b0  PA:1c0011b0
19311798ns          355957 1c0095ee 000a2703 lw               x14, 0(x20)         x14=7731d12b x20:1c0011b4  PA:1c0011b4
19312099ns          355972 1c0095f2 004aa60b p.lw             x12, 4(x21!)        x12=00000004 x21=1c00121c x21:1c001218  PA:1c001218
19312400ns          355987 1c0095f6 01300db3 add              x27, x0, x19        x27=1c0012a0 x19:1c0012a0
19312421ns          355988 1c0095f8 00000013 nop                                 
19312441ns          355989 1c0095fa 006dd62b p.sh             x6, x0(x27!)        x27=1c0012a4  x6:546c1d01 x27:1c0012a0  PA:1c0012a0
19312782ns          356006 1c0095fe 00edd02b p.sh             x14, x0(x27!)       x27=1c0012a4 x14:7731d12b x27:1c0012a4  PA:1c0012a4
19313103ns          356022 1c009602 0006ae03 lw               x28, 0(x13)         x28=00001d01 x13:1c0012a0  PA:1c0012a0
19313404ns          356037 1c009606 000106b7 lui              x13, 0x10000        x13=00010000
19313424ns          356038 1c009608 fff68693 addi             x13, x13, -1        x13=0000ffff x13:00010000
19313444ns          356039 1c00960a 00178793 addi             x15, x15, 1         x15=00000279 x15:00000278
19313464ns          356040 1c00960c 1c000537 lui              x10, 0x1c000000     x10=1c000000
19313484ns          356041 1c009610 00d37333 and              x6, x6, x13          x6=00001d01  x6:546c1d01 x13:0000ffff
19313504ns          356042 1c009614 00f42023 sw               x15, 0(x8)          x15:00000279  x8:1c001324  PA:1c001324
19313825ns          356058 1c009616 67450593 addi             x11, x10, 1652      x11=1c000674 x10:1c000000
19313845ns          356059 1c00961a 320c8e93 addi             x29, x25, 800       x29=1c001320 x25:1c001000
19313865ns          356060 1c00961e 01c00633 add              x12, x0, x28        x12=00001d01 x28:00001d01
19313885ns          356061 1c009620 7d4c0513 addi             x10, x24, 2004      x10=1c0007d4 x24:1c000000
19313905ns          356062 1c009624 006006b3 add              x13, x0, x6         x13=00001d01  x6:00001d01
19313925ns          356063 1c009626 002d0d13 addi             x26, x26, 2         x26=0000000a x26:00000008
19313945ns          356064 1c009628 006e0c63 beq              x28, x6, 24         x28:00001d01  x6:00001d01
19314006ns          356067 1c009640 000106b7 lui              x13, 0x10000        x13=00010000
19314026ns          356068 1c009642 fff68693 addi             x13, x13, -1        x13=0000ffff x13:00010000
19314046ns          356069 1c009644 2124f903 lw               x18, x18(x9)        x18=0000d12b x18:00000024  x9:1c001280  PA:1c0012a4
19314347ns          356084 1c009648 00178793 addi             x15, x15, 1         x15=0000027a x15:00000279
19314367ns          356085 1c00964a 1c000537 lui              x10, 0x1c000000     x10=1c000000
19314387ns          356086 1c00964e 00d77733 and              x14, x14, x13       x14=0000d12b x14:7731d12b x13:0000ffff
19314407ns          356087 1c009650 00f42023 sw               x15, 0(x8)          x15:0000027a  x8:1c001324  PA:1c001324
19314728ns          356103 1c009652 69850593 addi             x11, x10, 1688      x11=1c000698 x10:1c000000
19314748ns          356104 1c009656 320c8e13 addi             x28, x25, 800       x28=1c001320 x25:1c001000
19314768ns          356105 1c00965a 01200633 add              x12, x0, x18        x12=0000d12b x18:0000d12b
19314788ns          356106 1c00965c 7d4c0513 addi             x10, x24, 2004      x10=1c0007d4 x24:1c000000
19314808ns          356107 1c009660 00e006b3 add              x13, x0, x14        x13=0000d12b x14:0000d12b
19314828ns          356108 1c009662 00e90963 beq              x18, x14, 18        x18:0000d12b x14:0000d12b
19314889ns          356111 1c009674 1c000737 lui              x14, 0x1c000000     x14=1c000000
19314909ns          356112 1c009678 00178793 addi             x15, x15, 1         x15=0000027b x15:0000027a
19314929ns          356113 1c00967a 65870593 addi             x11, x14, 1624      x11=1c000658 x14:1c000000
19314949ns          356114 1c00967e 00f42023 sw               x15, 0(x8)          x15:0000027b  x8:1c001324  PA:1c001324
19315270ns          356130 1c009680 00498713 addi             x14, x19, 4         x14=1c0012a4 x19:1c0012a0
19315290ns          356131 1c009684 320c8313 addi             x6, x25, 800         x6=1c001320 x25:1c001000
19315310ns          356132 1c009688 01b00633 add              x12, x0, x27        x12=1c0012a4 x27:1c0012a4
19315330ns          356133 1c00968a 7d4c0513 addi             x10, x24, 2004      x10=1c0007d4 x24:1c000000
19315350ns          356134 1c00968e 00e006b3 add              x13, x0, x14        x13=1c0012a4 x14:1c0012a4
19315370ns          356135 1c009690 00ed8963 beq              x27, x14, 18        x27:1c0012a4 x14:1c0012a4
19315430ns          356138 1c0096a2 01400513 addi             x10, x0, 20         x10=00000014
19315450ns          356139 1c0096a4 008b0b13 addi             x22, x22, 8         x22=1c0011b8 x22:1c0011b0
19315470ns          356140 1c0096a6 00898993 addi             x19, x19, 8         x19=1c0012a8 x19:1c0012a0
19315491ns          356141 1c0096a8 008a0a13 addi             x20, x20, 8         x20=1c0011bc x20:1c0011b4
19315511ns          356142 1c0096aa f2ad15e3 bne              x26, x10, -214      x26:0000000a x10:00000014
19315571ns          356145 1c0095d4 002d1693 slli             x13, x26, 0x2       x13=00000028 x26:0000000a
19315591ns          356146 1c0095d8 001d0313 addi             x6, x26, 1           x6=0000000b x26:0000000a
19315611ns          356147 1c0095dc 009686b3 add              x13, x13, x9        x13=1c0012a8 x13:00000028  x9:1c001280
19315631ns          356148 1c0095de 00231913 slli             x18, x6, 0x2        x18=0000002c  x6:0000000b
19315651ns          356149 1c0095e2 0006a023 sw               x0, 0(x13)          x13:1c0012a8  PA:1c0012a8
19315972ns          356165 1c0095e6 0004e923 p.sw             x0, x0(x9)           x9:1c001280  PA:1c0012ac
19316293ns          356181 1c0095ea 000b2303 lw               x6, 0(x22)           x6=7731d12b x22:1c0011b8  PA:1c0011b8
19316594ns          356196 1c0095ee 000a2703 lw               x14, 0(x20)         x14=c3d2b565 x20:1c0011bc  PA:1c0011bc
19316895ns          356211 1c0095f2 004aa60b p.lw             x12, 4(x21!)        x12=00000004 x21=1c001220 x21:1c00121c  PA:1c00121c
19317196ns          356226 1c0095f6 01300db3 add              x27, x0, x19        x27=1c0012a8 x19:1c0012a8
19317216ns          356227 1c0095f8 00000013 nop                                 
19317236ns          356228 1c0095fa 006dd62b p.sh             x6, x0(x27!)        x27=1c0012ac  x6:7731d12b x27:1c0012a8  PA:1c0012a8
19317557ns          356244 1c0095fe 00edd02b p.sh             x14, x0(x27!)       x27=1c0012ac x14:c3d2b565 x27:1c0012ac  PA:1c0012ac
19317878ns          356260 1c009602 0006ae03 lw               x28, 0(x13)         x28=0000d12b x13:1c0012a8  PA:1c0012a8
19318179ns          356275 1c009606 000106b7 lui              x13, 0x10000        x13=00010000
19318199ns          356276 1c009608 fff68693 addi             x13, x13, -1        x13=0000ffff x13:00010000
19318219ns          356277 1c00960a 00178793 addi             x15, x15, 1         x15=0000027c x15:0000027b
19318239ns          356278 1c00960c 1c000537 lui              x10, 0x1c000000     x10=1c000000
19318260ns          356279 1c009610 00d37333 and              x6, x6, x13          x6=0000d12b  x6:7731d12b x13:0000ffff
19318280ns          356280 1c009614 00f42023 sw               x15, 0(x8)          x15:0000027c  x8:1c001324  PA:1c001324
19318601ns          356296 1c009616 67450593 addi             x11, x10, 1652      x11=1c000674 x10:1c000000
19318621ns          356297 1c00961a 320c8e93 addi             x29, x25, 800       x29=1c001320 x25:1c001000
19318641ns          356298 1c00961e 01c00633 add              x12, x0, x28        x12=0000d12b x28:0000d12b
19318661ns          356299 1c009620 7d4c0513 addi             x10, x24, 2004      x10=1c0007d4 x24:1c000000
19318681ns          356300 1c009624 006006b3 add              x13, x0, x6         x13=0000d12b  x6:0000d12b
19318701ns          356301 1c009626 002d0d13 addi             x26, x26, 2         x26=0000000c x26:0000000a
19318721ns          356302 1c009628 006e0c63 beq              x28, x6, 24         x28:0000d12b  x6:0000d12b
19318781ns          356305 1c009640 000106b7 lui              x13, 0x10000        x13=00010000
19318801ns          356306 1c009642 fff68693 addi             x13, x13, -1        x13=0000ffff x13:00010000
19318821ns          356307 1c009644 2124f903 lw               x18, x18(x9)        x18=0000b565 x18:0000002c  x9:1c001280  PA:1c0012ac
19319142ns          356323 1c009648 00178793 addi             x15, x15, 1         x15=0000027d x15:0000027c
19319162ns          356324 1c00964a 1c000537 lui              x10, 0x1c000000     x10=1c000000
19319183ns          356325 1c00964e 00d77733 and              x14, x14, x13       x14=0000b565 x14:c3d2b565 x13:0000ffff
19319203ns          356326 1c009650 00f42023 sw               x15, 0(x8)          x15:0000027d  x8:1c001324  PA:1c001324
19319524ns          356342 1c009652 69850593 addi             x11, x10, 1688      x11=1c000698 x10:1c000000
19319544ns          356343 1c009656 320c8e13 addi             x28, x25, 800       x28=1c001320 x25:1c001000
19319564ns          356344 1c00965a 01200633 add              x12, x0, x18        x12=0000b565 x18:0000b565
19319584ns          356345 1c00965c 7d4c0513 addi             x10, x24, 2004      x10=1c0007d4 x24:1c000000
19319604ns          356346 1c009660 00e006b3 add              x13, x0, x14        x13=0000b565 x14:0000b565
19319624ns          356347 1c009662 00e90963 beq              x18, x14, 18        x18:0000b565 x14:0000b565
19319684ns          356350 1c009674 1c000737 lui              x14, 0x1c000000     x14=1c000000
19319704ns          356351 1c009678 00178793 addi             x15, x15, 1         x15=0000027e x15:0000027d
19319724ns          356352 1c00967a 65870593 addi             x11, x14, 1624      x11=1c000658 x14:1c000000
19319744ns          356353 1c00967e 00f42023 sw               x15, 0(x8)          x15:0000027e  x8:1c001324  PA:1c001324
19320065ns          356369 1c009680 00498713 addi             x14, x19, 4         x14=1c0012ac x19:1c0012a8
19320085ns          356370 1c009684 320c8313 addi             x6, x25, 800         x6=1c001320 x25:1c001000
19320106ns          356371 1c009688 01b00633 add              x12, x0, x27        x12=1c0012ac x27:1c0012ac
19320126ns          356372 1c00968a 7d4c0513 addi             x10, x24, 2004      x10=1c0007d4 x24:1c000000
19320146ns          356373 1c00968e 00e006b3 add              x13, x0, x14        x13=1c0012ac x14:1c0012ac
19320166ns          356374 1c009690 00ed8963 beq              x27, x14, 18        x27:1c0012ac x14:1c0012ac
19320226ns          356377 1c0096a2 01400513 addi             x10, x0, 20         x10=00000014
19320246ns          356378 1c0096a4 008b0b13 addi             x22, x22, 8         x22=1c0011c0 x22:1c0011b8
19320266ns          356379 1c0096a6 00898993 addi             x19, x19, 8         x19=1c0012b0 x19:1c0012a8
19320286ns          356380 1c0096a8 008a0a13 addi             x20, x20, 8         x20=1c0011c4 x20:1c0011bc
19320306ns          356381 1c0096aa f2ad15e3 bne              x26, x10, -214      x26:0000000c x10:00000014
19320366ns          356384 1c0095d4 002d1693 slli             x13, x26, 0x2       x13=00000030 x26:0000000c
19320386ns          356385 1c0095d8 001d0313 addi             x6, x26, 1           x6=0000000d x26:0000000c
19320407ns          356386 1c0095dc 009686b3 add              x13, x13, x9        x13=1c0012b0 x13:00000030  x9:1c001280
19320427ns          356387 1c0095de 00231913 slli             x18, x6, 0x2        x18=00000034  x6:0000000d
19320447ns          356388 1c0095e2 0006a023 sw               x0, 0(x13)          x13:1c0012b0  PA:1c0012b0
19320768ns          356404 1c0095e6 0004e923 p.sw             x0, x0(x9)           x9:1c001280  PA:1c0012b4
19321089ns          356420 1c0095ea 000b2303 lw               x6, 0(x22)           x6=2bc87ab4 x22:1c0011c0  PA:1c0011c0
19321390ns          356435 1c0095ee 000a2703 lw               x14, 0(x20)         x14=2bc87ab4 x20:1c0011c4  PA:1c0011c4
19321691ns          356450 1c0095f2 004aa60b p.lw             x12, 4(x21!)        x12=00000004 x21=1c001224 x21:1c001220  PA:1c001220
19321992ns          356465 1c0095f6 01300db3 add              x27, x0, x19        x27=1c0012b0 x19:1c0012b0
19322012ns          356466 1c0095f8 00000013 nop                                 
19322032ns          356467 1c0095fa 006dd62b p.sh             x6, x0(x27!)        x27=1c0012b4  x6:2bc87ab4 x27:1c0012b0  PA:1c0012b0
19322373ns          356484 1c0095fe 00edd02b p.sh             x14, x0(x27!)       x27=1c0012b4 x14:2bc87ab4 x27:1c0012b4  PA:1c0012b4
19322694ns          356500 1c009602 0006ae03 lw               x28, 0(x13)         x28=00007ab4 x13:1c0012b0  PA:1c0012b0
19322995ns          356515 1c009606 000106b7 lui              x13, 0x10000        x13=00010000
19323015ns          356516 1c009608 fff68693 addi             x13, x13, -1        x13=0000ffff x13:00010000
19323035ns          356517 1c00960a 00178793 addi             x15, x15, 1         x15=0000027f x15:0000027e
19323055ns          356518 1c00960c 1c000537 lui              x10, 0x1c000000     x10=1c000000
19323075ns          356519 1c009610 00d37333 and              x6, x6, x13          x6=00007ab4  x6:2bc87ab4 x13:0000ffff
19323095ns          356520 1c009614 00f42023 sw               x15, 0(x8)          x15:0000027f  x8:1c001324  PA:1c001324
19323416ns          356536 1c009616 67450593 addi             x11, x10, 1652      x11=1c000674 x10:1c000000
19323436ns          356537 1c00961a 320c8e93 addi             x29, x25, 800       x29=1c001320 x25:1c001000
19323456ns          356538 1c00961e 01c00633 add              x12, x0, x28        x12=00007ab4 x28:00007ab4
19323477ns          356539 1c009620 7d4c0513 addi             x10, x24, 2004      x10=1c0007d4 x24:1c000000
19323497ns          356540 1c009624 006006b3 add              x13, x0, x6         x13=00007ab4  x6:00007ab4
19323517ns          356541 1c009626 002d0d13 addi             x26, x26, 2         x26=0000000e x26:0000000c
19323537ns          356542 1c009628 006e0c63 beq              x28, x6, 24         x28:00007ab4  x6:00007ab4
19323597ns          356545 1c009640 000106b7 lui              x13, 0x10000        x13=00010000
19323617ns          356546 1c009642 fff68693 addi             x13, x13, -1        x13=0000ffff x13:00010000
19323637ns          356547 1c009644 2124f903 lw               x18, x18(x9)        x18=00007ab4 x18:00000034  x9:1c001280  PA:1c0012b4
19323938ns          356562 1c009648 00178793 addi             x15, x15, 1         x15=00000280 x15:0000027f
19323958ns          356563 1c00964a 1c000537 lui              x10, 0x1c000000     x10=1c000000
19323978ns          356564 1c00964e 00d77733 and              x14, x14, x13       x14=00007ab4 x14:2bc87ab4 x13:0000ffff
19323998ns          356565 1c009650 00f42023 sw               x15, 0(x8)          x15:00000280  x8:1c001324  PA:1c001324
19324319ns          356581 1c009652 69850593 addi             x11, x10, 1688      x11=1c000698 x10:1c000000
19324339ns          356582 1c009656 320c8e13 addi             x28, x25, 800       x28=1c001320 x25:1c001000
19324359ns          356583 1c00965a 01200633 add              x12, x0, x18        x12=00007ab4 x18:00007ab4
19324379ns          356584 1c00965c 7d4c0513 addi             x10, x24, 2004      x10=1c0007d4 x24:1c000000
19324400ns          356585 1c009660 00e006b3 add              x13, x0, x14        x13=00007ab4 x14:00007ab4
19324420ns          356586 1c009662 00e90963 beq              x18, x14, 18        x18:00007ab4 x14:00007ab4
19324480ns          356589 1c009674 1c000737 lui              x14, 0x1c000000     x14=1c000000
19324500ns          356590 1c009678 00178793 addi             x15, x15, 1         x15=00000281 x15:00000280
19324520ns          356591 1c00967a 65870593 addi             x11, x14, 1624      x11=1c000658 x14:1c000000
19324540ns          356592 1c00967e 00f42023 sw               x15, 0(x8)          x15:00000281  x8:1c001324  PA:1c001324
19324861ns          356608 1c009680 00498713 addi             x14, x19, 4         x14=1c0012b4 x19:1c0012b0
19324881ns          356609 1c009684 320c8313 addi             x6, x25, 800         x6=1c001320 x25:1c001000
19324901ns          356610 1c009688 01b00633 add              x12, x0, x27        x12=1c0012b4 x27:1c0012b4
19324921ns          356611 1c00968a 7d4c0513 addi             x10, x24, 2004      x10=1c0007d4 x24:1c000000
19324941ns          356612 1c00968e 00e006b3 add              x13, x0, x14        x13=1c0012b4 x14:1c0012b4
19324961ns          356613 1c009690 00ed8963 beq              x27, x14, 18        x27:1c0012b4 x14:1c0012b4
19325022ns          356616 1c0096a2 01400513 addi             x10, x0, 20         x10=00000014
19325042ns          356617 1c0096a4 008b0b13 addi             x22, x22, 8         x22=1c0011c8 x22:1c0011c0
19325062ns          356618 1c0096a6 00898993 addi             x19, x19, 8         x19=1c0012b8 x19:1c0012b0
19325082ns          356619 1c0096a8 008a0a13 addi             x20, x20, 8         x20=1c0011cc x20:1c0011c4
19325102ns          356620 1c0096aa f2ad15e3 bne              x26, x10, -214      x26:0000000e x10:00000014
19325162ns          356623 1c0095d4 002d1693 slli             x13, x26, 0x2       x13=00000038 x26:0000000e
19325182ns          356624 1c0095d8 001d0313 addi             x6, x26, 1           x6=0000000f x26:0000000e
19325202ns          356625 1c0095dc 009686b3 add              x13, x13, x9        x13=1c0012b8 x13:00000038  x9:1c001280
19325222ns          356626 1c0095de 00231913 slli             x18, x6, 0x2        x18=0000003c  x6:0000000f
19325242ns          356627 1c0095e2 0006a023 sw               x0, 0(x13)          x13:1c0012b8  PA:1c0012b8
19325563ns          356643 1c0095e6 0004e923 p.sw             x0, x0(x9)           x9:1c001280  PA:1c0012bc
19325884ns          356659 1c0095ea 000b2303 lw               x6, 0(x22)           x6=0153edcf x22:1c0011c8  PA:1c0011c8
19326185ns          356674 1c0095ee 000a2703 lw               x14, 0(x20)         x14=64be2109 x20:1c0011cc  PA:1c0011cc
19326486ns          356689 1c0095f2 004aa60b p.lw             x12, 4(x21!)        x12=00000004 x21=1c001228 x21:1c001224  PA:1c001224
19326787ns          356704 1c0095f6 01300db3 add              x27, x0, x19        x27=1c0012b8 x19:1c0012b8
19326807ns          356705 1c0095f8 00000013 nop                                 
19326827ns          356706 1c0095fa 006dd62b p.sh             x6, x0(x27!)        x27=1c0012bc  x6:0153edcf x27:1c0012b8  PA:1c0012b8
19327148ns          356722 1c0095fe 00edd02b p.sh             x14, x0(x27!)       x27=1c0012bc x14:64be2109 x27:1c0012bc  PA:1c0012bc
19327470ns          356738 1c009602 0006ae03 lw               x28, 0(x13)         x28=0000edcf x13:1c0012b8  PA:1c0012b8
19327771ns          356753 1c009606 000106b7 lui              x13, 0x10000        x13=00010000
19327791ns          356754 1c009608 fff68693 addi             x13, x13, -1        x13=0000ffff x13:00010000
19327811ns          356755 1c00960a 00178793 addi             x15, x15, 1         x15=00000282 x15:00000281
19327831ns          356756 1c00960c 1c000537 lui              x10, 0x1c000000     x10=1c000000
19327851ns          356757 1c009610 00d37333 and              x6, x6, x13          x6=0000edcf  x6:0153edcf x13:0000ffff
19327871ns          356758 1c009614 00f42023 sw               x15, 0(x8)          x15:00000282  x8:1c001324  PA:1c001324
19328192ns          356774 1c009616 67450593 addi             x11, x10, 1652      x11=1c000674 x10:1c000000
19328212ns          356775 1c00961a 320c8e93 addi             x29, x25, 800       x29=1c001320 x25:1c001000
19328232ns          356776 1c00961e 01c00633 add              x12, x0, x28        x12=0000edcf x28:0000edcf
19328252ns          356777 1c009620 7d4c0513 addi             x10, x24, 2004      x10=1c0007d4 x24:1c000000
19328272ns          356778 1c009624 006006b3 add              x13, x0, x6         x13=0000edcf  x6:0000edcf
19328292ns          356779 1c009626 002d0d13 addi             x26, x26, 2         x26=00000010 x26:0000000e
19328312ns          356780 1c009628 006e0c63 beq              x28, x6, 24         x28:0000edcf  x6:0000edcf
19328372ns          356783 1c009640 000106b7 lui              x13, 0x10000        x13=00010000
19328393ns          356784 1c009642 fff68693 addi             x13, x13, -1        x13=0000ffff x13:00010000
19328413ns          356785 1c009644 2124f903 lw               x18, x18(x9)        x18=00002109 x18:0000003c  x9:1c001280  PA:1c0012bc
19328734ns          356801 1c009648 00178793 addi             x15, x15, 1         x15=00000283 x15:00000282
19328754ns          356802 1c00964a 1c000537 lui              x10, 0x1c000000     x10=1c000000
19328774ns          356803 1c00964e 00d77733 and              x14, x14, x13       x14=00002109 x14:64be2109 x13:0000ffff
19328794ns          356804 1c009650 00f42023 sw               x15, 0(x8)          x15:00000283  x8:1c001324  PA:1c001324
19329115ns          356820 1c009652 69850593 addi             x11, x10, 1688      x11=1c000698 x10:1c000000
19329135ns          356821 1c009656 320c8e13 addi             x28, x25, 800       x28=1c001320 x25:1c001000
19329155ns          356822 1c00965a 01200633 add              x12, x0, x18        x12=00002109 x18:00002109
19329175ns          356823 1c00965c 7d4c0513 addi             x10, x24, 2004      x10=1c0007d4 x24:1c000000
19329195ns          356824 1c009660 00e006b3 add              x13, x0, x14        x13=00002109 x14:00002109
19329215ns          356825 1c009662 00e90963 beq              x18, x14, 18        x18:00002109 x14:00002109
19329275ns          356828 1c009674 1c000737 lui              x14, 0x1c000000     x14=1c000000
19329295ns          356829 1c009678 00178793 addi             x15, x15, 1         x15=00000284 x15:00000283
19329316ns          356830 1c00967a 65870593 addi             x11, x14, 1624      x11=1c000658 x14:1c000000
19329336ns          356831 1c00967e 00f42023 sw               x15, 0(x8)          x15:00000284  x8:1c001324  PA:1c001324
19329657ns          356847 1c009680 00498713 addi             x14, x19, 4         x14=1c0012bc x19:1c0012b8
19329677ns          356848 1c009684 320c8313 addi             x6, x25, 800         x6=1c001320 x25:1c001000
19329697ns          356849 1c009688 01b00633 add              x12, x0, x27        x12=1c0012bc x27:1c0012bc
19329717ns          356850 1c00968a 7d4c0513 addi             x10, x24, 2004      x10=1c0007d4 x24:1c000000
19329737ns          356851 1c00968e 00e006b3 add              x13, x0, x14        x13=1c0012bc x14:1c0012bc
19329757ns          356852 1c009690 00ed8963 beq              x27, x14, 18        x27:1c0012bc x14:1c0012bc
19329817ns          356855 1c0096a2 01400513 addi             x10, x0, 20         x10=00000014
19329837ns          356856 1c0096a4 008b0b13 addi             x22, x22, 8         x22=1c0011d0 x22:1c0011c8
19329857ns          356857 1c0096a6 00898993 addi             x19, x19, 8         x19=1c0012c0 x19:1c0012b8
19329877ns          356858 1c0096a8 008a0a13 addi             x20, x20, 8         x20=1c0011d4 x20:1c0011cc
19329897ns          356859 1c0096aa f2ad15e3 bne              x26, x10, -214      x26:00000010 x10:00000014
19329958ns          356862 1c0095d4 002d1693 slli             x13, x26, 0x2       x13=00000040 x26:00000010
19329978ns          356863 1c0095d8 001d0313 addi             x6, x26, 1           x6=00000011 x26:00000010
19329998ns          356864 1c0095dc 009686b3 add              x13, x13, x9        x13=1c0012c0 x13:00000040  x9:1c001280
19330018ns          356865 1c0095de 00231913 slli             x18, x6, 0x2        x18=00000044  x6:00000011
19330038ns          356866 1c0095e2 0006a023 sw               x0, 0(x13)          x13:1c0012c0  PA:1c0012c0
19330359ns          356882 1c0095e6 0004e923 p.sw             x0, x0(x9)           x9:1c001280  PA:1c0012c4
19330680ns          356898 1c0095ea 000b2303 lw               x6, 0(x22)           x6=64be2109 x22:1c0011d0  PA:1c0011d0
19330981ns          356913 1c0095ee 000a2703 lw               x14, 0(x20)         x14=62580466 x20:1c0011d4  PA:1c0011d4
19331282ns          356928 1c0095f2 004aa60b p.lw             x12, 4(x21!)        x12=00000004 x21=1c00122c x21:1c001228  PA:1c001228
19331583ns          356943 1c0095f6 01300db3 add              x27, x0, x19        x27=1c0012c0 x19:1c0012c0
19331603ns          356944 1c0095f8 00000013 nop                                 
19331623ns          356945 1c0095fa 006dd62b p.sh             x6, x0(x27!)        x27=1c0012c4  x6:64be2109 x27:1c0012c0  PA:1c0012c0
19331964ns          356962 1c0095fe 00edd02b p.sh             x14, x0(x27!)       x27=1c0012c4 x14:62580466 x27:1c0012c4  PA:1c0012c4
19332285ns          356978 1c009602 0006ae03 lw               x28, 0(x13)         x28=00002109 x13:1c0012c0  PA:1c0012c0
19332586ns          356993 1c009606 000106b7 lui              x13, 0x10000        x13=00010000
19332606ns          356994 1c009608 fff68693 addi             x13, x13, -1        x13=0000ffff x13:00010000
19332626ns          356995 1c00960a 00178793 addi             x15, x15, 1         x15=00000285 x15:00000284
19332646ns          356996 1c00960c 1c000537 lui              x10, 0x1c000000     x10=1c000000
19332666ns          356997 1c009610 00d37333 and              x6, x6, x13          x6=00002109  x6:64be2109 x13:0000ffff
19332687ns          356998 1c009614 00f42023 sw               x15, 0(x8)          x15:00000285  x8:1c001324  PA:1c001324
19333008ns          357014 1c009616 67450593 addi             x11, x10, 1652      x11=1c000674 x10:1c000000
19333028ns          357015 1c00961a 320c8e93 addi             x29, x25, 800       x29=1c001320 x25:1c001000
19333048ns          357016 1c00961e 01c00633 add              x12, x0, x28        x12=00002109 x28:00002109
19333068ns          357017 1c009620 7d4c0513 addi             x10, x24, 2004      x10=1c0007d4 x24:1c000000
19333088ns          357018 1c009624 006006b3 add              x13, x0, x6         x13=00002109  x6:00002109
19333108ns          357019 1c009626 002d0d13 addi             x26, x26, 2         x26=00000012 x26:00000010
19333128ns          357020 1c009628 006e0c63 beq              x28, x6, 24         x28:00002109  x6:00002109
19333188ns          357023 1c009640 000106b7 lui              x13, 0x10000        x13=00010000
19333208ns          357024 1c009642 fff68693 addi             x13, x13, -1        x13=0000ffff x13:00010000
19333228ns          357025 1c009644 2124f903 lw               x18, x18(x9)        x18=00000466 x18:00000044  x9:1c001280  PA:1c0012c4
19333529ns          357040 1c009648 00178793 addi             x15, x15, 1         x15=00000286 x15:00000285
19333549ns          357041 1c00964a 1c000537 lui              x10, 0x1c000000     x10=1c000000
19333569ns          357042 1c00964e 00d77733 and              x14, x14, x13       x14=00000466 x14:62580466 x13:0000ffff
19333589ns          357043 1c009650 00f42023 sw               x15, 0(x8)          x15:00000286  x8:1c001324  PA:1c001324
19333911ns          357059 1c009652 69850593 addi             x11, x10, 1688      x11=1c000698 x10:1c000000
19333931ns          357060 1c009656 320c8e13 addi             x28, x25, 800       x28=1c001320 x25:1c001000
19333951ns          357061 1c00965a 01200633 add              x12, x0, x18        x12=00000466 x18:00000466
19333971ns          357062 1c00965c 7d4c0513 addi             x10, x24, 2004      x10=1c0007d4 x24:1c000000
19333991ns          357063 1c009660 00e006b3 add              x13, x0, x14        x13=00000466 x14:00000466
19334011ns          357064 1c009662 00e90963 beq              x18, x14, 18        x18:00000466 x14:00000466
19334071ns          357067 1c009674 1c000737 lui              x14, 0x1c000000     x14=1c000000
19334091ns          357068 1c009678 00178793 addi             x15, x15, 1         x15=00000287 x15:00000286
19334111ns          357069 1c00967a 65870593 addi             x11, x14, 1624      x11=1c000658 x14:1c000000
19334131ns          357070 1c00967e 00f42023 sw               x15, 0(x8)          x15:00000287  x8:1c001324  PA:1c001324
19334452ns          357086 1c009680 00498713 addi             x14, x19, 4         x14=1c0012c4 x19:1c0012c0
19334472ns          357087 1c009684 320c8313 addi             x6, x25, 800         x6=1c001320 x25:1c001000
19334492ns          357088 1c009688 01b00633 add              x12, x0, x27        x12=1c0012c4 x27:1c0012c4
19334512ns          357089 1c00968a 7d4c0513 addi             x10, x24, 2004      x10=1c0007d4 x24:1c000000
19334533ns          357090 1c00968e 00e006b3 add              x13, x0, x14        x13=1c0012c4 x14:1c0012c4
19334553ns          357091 1c009690 00ed8963 beq              x27, x14, 18        x27:1c0012c4 x14:1c0012c4
19334613ns          357094 1c0096a2 01400513 addi             x10, x0, 20         x10=00000014
19334633ns          357095 1c0096a4 008b0b13 addi             x22, x22, 8         x22=1c0011d8 x22:1c0011d0
19334653ns          357096 1c0096a6 00898993 addi             x19, x19, 8         x19=1c0012c8 x19:1c0012c0
19334673ns          357097 1c0096a8 008a0a13 addi             x20, x20, 8         x20=1c0011dc x20:1c0011d4
19334693ns          357098 1c0096aa f2ad15e3 bne              x26, x10, -214      x26:00000012 x10:00000014
19334753ns          357101 1c0095d4 002d1693 slli             x13, x26, 0x2       x13=00000048 x26:00000012
19334773ns          357102 1c0095d8 001d0313 addi             x6, x26, 1           x6=00000013 x26:00000012
19334793ns          357103 1c0095dc 009686b3 add              x13, x13, x9        x13=1c0012c8 x13:00000048  x9:1c001280
19334813ns          357104 1c0095de 00231913 slli             x18, x6, 0x2        x18=0000004c  x6:00000013
19334834ns          357105 1c0095e2 0006a023 sw               x0, 0(x13)          x13:1c0012c8  PA:1c0012c8
19335155ns          357121 1c0095e6 0004e923 p.sw             x0, x0(x9)           x9:1c001280  PA:1c0012cc
19335476ns          357137 1c0095ea 000b2303 lw               x6, 0(x22)           x6=1b487b12 x22:1c0011d8  PA:1c0011d8
19335777ns          357152 1c0095ee 000a2703 lw               x14, 0(x20)         x14=1b487b12 x20:1c0011dc  PA:1c0011dc
19336078ns          357167 1c0095f2 004aa60b p.lw             x12, 4(x21!)        x12=00000004 x21=1c001230 x21:1c00122c  PA:1c00122c
19336379ns          357182 1c0095f6 01300db3 add              x27, x0, x19        x27=1c0012c8 x19:1c0012c8
19336399ns          357183 1c0095f8 00000013 nop                                 
19336419ns          357184 1c0095fa 006dd62b p.sh             x6, x0(x27!)        x27=1c0012cc  x6:1b487b12 x27:1c0012c8  PA:1c0012c8
19336740ns          357200 1c0095fe 00edd02b p.sh             x14, x0(x27!)       x27=1c0012cc x14:1b487b12 x27:1c0012cc  PA:1c0012cc
19337061ns          357216 1c009602 0006ae03 lw               x28, 0(x13)         x28=00007b12 x13:1c0012c8  PA:1c0012c8
19337362ns          357231 1c009606 000106b7 lui              x13, 0x10000        x13=00010000
19337382ns          357232 1c009608 fff68693 addi             x13, x13, -1        x13=0000ffff x13:00010000
19337402ns          357233 1c00960a 00178793 addi             x15, x15, 1         x15=00000288 x15:00000287
19337422ns          357234 1c00960c 1c000537 lui              x10, 0x1c000000     x10=1c000000
19337442ns          357235 1c009610 00d37333 and              x6, x6, x13          x6=00007b12  x6:1b487b12 x13:0000ffff
19337462ns          357236 1c009614 00f42023 sw               x15, 0(x8)          x15:00000288  x8:1c001324  PA:1c001324
19337783ns          357252 1c009616 67450593 addi             x11, x10, 1652      x11=1c000674 x10:1c000000
19337803ns          357253 1c00961a 320c8e93 addi             x29, x25, 800       x29=1c001320 x25:1c001000
19337823ns          357254 1c00961e 01c00633 add              x12, x0, x28        x12=00007b12 x28:00007b12
19337843ns          357255 1c009620 7d4c0513 addi             x10, x24, 2004      x10=1c0007d4 x24:1c000000
19337863ns          357256 1c009624 006006b3 add              x13, x0, x6         x13=00007b12  x6:00007b12
19337883ns          357257 1c009626 002d0d13 addi             x26, x26, 2         x26=00000014 x26:00000012
19337904ns          357258 1c009628 006e0c63 beq              x28, x6, 24         x28:00007b12  x6:00007b12
19337964ns          357261 1c009640 000106b7 lui              x13, 0x10000        x13=00010000
19337984ns          357262 1c009642 fff68693 addi             x13, x13, -1        x13=0000ffff x13:00010000
19338004ns          357263 1c009644 2124f903 lw               x18, x18(x9)        x18=00007b12 x18:0000004c  x9:1c001280  PA:1c0012cc
19338325ns          357279 1c009648 00178793 addi             x15, x15, 1         x15=00000289 x15:00000288
19338345ns          357280 1c00964a 1c000537 lui              x10, 0x1c000000     x10=1c000000
19338365ns          357281 1c00964e 00d77733 and              x14, x14, x13       x14=00007b12 x14:1b487b12 x13:0000ffff
19338385ns          357282 1c009650 00f42023 sw               x15, 0(x8)          x15:00000289  x8:1c001324  PA:1c001324
19338706ns          357298 1c009652 69850593 addi             x11, x10, 1688      x11=1c000698 x10:1c000000
19338726ns          357299 1c009656 320c8e13 addi             x28, x25, 800       x28=1c001320 x25:1c001000
19338746ns          357300 1c00965a 01200633 add              x12, x0, x18        x12=00007b12 x18:00007b12
19338766ns          357301 1c00965c 7d4c0513 addi             x10, x24, 2004      x10=1c0007d4 x24:1c000000
19338786ns          357302 1c009660 00e006b3 add              x13, x0, x14        x13=00007b12 x14:00007b12
19338806ns          357303 1c009662 00e90963 beq              x18, x14, 18        x18:00007b12 x14:00007b12
19338867ns          357306 1c009674 1c000737 lui              x14, 0x1c000000     x14=1c000000
19338887ns          357307 1c009678 00178793 addi             x15, x15, 1         x15=0000028a x15:00000289
19338907ns          357308 1c00967a 65870593 addi             x11, x14, 1624      x11=1c000658 x14:1c000000
19338927ns          357309 1c00967e 00f42023 sw               x15, 0(x8)          x15:0000028a  x8:1c001324  PA:1c001324
19339248ns          357325 1c009680 00498713 addi             x14, x19, 4         x14=1c0012cc x19:1c0012c8
19339268ns          357326 1c009684 320c8313 addi             x6, x25, 800         x6=1c001320 x25:1c001000
19339288ns          357327 1c009688 01b00633 add              x12, x0, x27        x12=1c0012cc x27:1c0012cc
19339308ns          357328 1c00968a 7d4c0513 addi             x10, x24, 2004      x10=1c0007d4 x24:1c000000
19339328ns          357329 1c00968e 00e006b3 add              x13, x0, x14        x13=1c0012cc x14:1c0012cc
19339348ns          357330 1c009690 00ed8963 beq              x27, x14, 18        x27:1c0012cc x14:1c0012cc
19339408ns          357333 1c0096a2 01400513 addi             x10, x0, 20         x10=00000014
19339428ns          357334 1c0096a4 008b0b13 addi             x22, x22, 8         x22=1c0011e0 x22:1c0011d8
19339449ns          357335 1c0096a6 00898993 addi             x19, x19, 8         x19=1c0012d0 x19:1c0012c8
19339469ns          357336 1c0096a8 008a0a13 addi             x20, x20, 8         x20=1c0011e4 x20:1c0011dc
19339489ns          357337 1c0096aa f2ad15e3 bne              x26, x10, -214      x26:00000014 x10:00000014
19339509ns          357338 1c0096ae 00412a83 lw               x21, 4(x2)          x21=1c001194  x2:10000798  PA:1000079c
19339529ns          357339 1c0096b0 00812a03 lw               x20, 8(x2)          x20=1c001280  x2:10000798  PA:100007a0
19339549ns          357340 1c0096b2 00c12b03 lw               x22, 12(x2)         x22=1c001190  x2:10000798  PA:100007a4
19339569ns          357341 1c0096b4 00000d93 addi             x27, x0, 0          x27=00000000
19339589ns          357342 1c0096b6 1c0019b7 lui              x19, 0x1c001000     x19=1c001000
19339609ns          357343 1c0096ba 1c000cb7 lui              x25, 0x1c000000     x25=1c000000
19340051ns          357365 1c0096be 1c000937 lui              x18, 0x1c000000     x18=1c000000
19340071ns          357366 1c0096c2 0040006f jal              x0, 4              
19340131ns          357369 1c0096c6 002d9693 slli             x13, x27, 0x2       x13=00000000 x27:00000000
19340151ns          357370 1c0096ca 001d8813 addi             x16, x27, 1         x16=00000001 x27:00000000
19340171ns          357371 1c0096ce 009686b3 add              x13, x13, x9        x13=1c001280 x13:00000000  x9:1c001280
19340592ns          357392 1c0096d0 00281c13 slli             x24, x16, 0x2       x24=00000004 x16:00000001
19340632ns          357394 1c0096d4 0006a023 sw               x0, 0(x13)          x13:1c001280  PA:1c001280
19340953ns          357410 1c0096d8 0004ec23 p.sw             x0, x0(x9)           x9:1c001280  PA:1c001284
19341274ns          357426 1c0096dc 000b2803 lw               x16, 0(x22)         x16=63aa9108 x22:1c001190  PA:1c001190
19341575ns          357441 1c0096e0 000aa703 lw               x14, 0(x21)         x14=63aa9108 x21:1c001194  PA:1c001194
19341876ns          357456 1c0096e4 004ba60b p.lw             x12, 4(x23!)        x12=00000004 x23=1c00120c x23:1c001208  PA:1c001208
19342177ns          357471 1c0096e8 01400d33 add              x26, x0, x20        x26=1c001280 x20:1c001280
19342198ns          357472 1c0096ea 00000013 nop                                 
19342218ns          357473 1c0096ec 010d462b p.sb             x16, x0(x26!)       x26=1c001284 x16:63aa9108 x26:1c001280  PA:1c001280
19342559ns          357490 1c0096f0 00ed402b p.sb             x14, x0(x26!)       x26=1c001284 x14:63aa9108 x26:1c001284  PA:1c001284
19342880ns          357506 1c0096f4 0006a883 lw               x17, 0(x13)         x17=00000008 x13:1c001280  PA:1c001280
19343181ns          357521 1c0096f8 00178793 addi             x15, x15, 1         x15=0000028b x15:0000028a
19343201ns          357522 1c0096fa ee883833 p.bclr           x16, x16, 23, 8     x16=00000008 x16:63aa9108
19343221ns          357523 1c0096fe 00f42023 sw               x15, 0(x8)          x15:0000028b  x8:1c001324  PA:1c001324
19343542ns          357539 1c009700 32098313 addi             x6, x19, 800         x6=1c001320 x19:1c001000
19343562ns          357540 1c009704 01100633 add              x12, x0, x17        x12=00000008 x17:00000008
19343582ns          357541 1c009706 6bcc8593 addi             x11, x25, 1724      x11=1c0006bc x25:1c000000
19343602ns          357542 1c00970a 7d490513 addi             x10, x18, 2004      x10=1c0007d4 x18:1c000000
19343622ns          357543 1c00970e 010006b3 add              x13, x0, x16        x13=00000008 x16:00000008
19343722ns          357548 1c009710 002d8d93 addi             x27, x27, 2         x27=00000002 x27:00000000
19343763ns          357550 1c009712 01088b63 beq              x17, x16, 22        x17:00000008 x16:00000008
19344244ns          357574 1c009728 2184fc03 lw               x24, x24(x9)        x24=00000008 x24:00000004  x9:1c001280  PA:1c001284
19344585ns          357591 1c00972c 00178793 addi             x15, x15, 1         x15=0000028c x15:0000028b
19344726ns          357598 1c00972e 1c0006b7 lui              x13, 0x1c000000     x13=1c000000
19344766ns          357600 1c009732 ee873733 p.bclr           x14, x14, 23, 8     x14=00000008 x14:63aa9108
19344786ns          357601 1c009736 00f42023 sw               x15, 0(x8)          x15:0000028c  x8:1c001324  PA:1c001324
19345107ns          357617 1c009738 6e068593 addi             x11, x13, 1760      x11=1c0006e0 x13:1c000000
19345127ns          357618 1c00973c 32098893 addi             x17, x19, 800       x17=1c001320 x19:1c001000
19345247ns          357624 1c009740 01800633 add              x12, x0, x24        x12=00000008 x24:00000008
19345288ns          357626 1c009742 7d490513 addi             x10, x18, 2004      x10=1c0007d4 x18:1c000000
19345308ns          357627 1c009746 00e006b3 add              x13, x0, x14        x13=00000008 x14:00000008
19345328ns          357628 1c009748 00ec0963 beq              x24, x14, 18        x24:00000008 x14:00000008
19345809ns          357652 1c00975a 00178793 addi             x15, x15, 1         x15=0000028d x15:0000028c
19345829ns          357653 1c00975c 1c000537 lui              x10, 0x1c000000     x10=1c000000
19346271ns          357675 1c009760 00f42023 sw               x15, 0(x8)          x15:0000028d  x8:1c001324  PA:1c001324
19346612ns          357692 1c009762 004a0793 addi             x15, x20, 4         x15=1c001284 x20:1c001280
19346632ns          357693 1c009766 65850593 addi             x11, x10, 1624      x11=1c000658 x10:1c000000
19346652ns          357694 1c00976a 32098713 addi             x14, x19, 800       x14=1c001320 x19:1c001000
19346672ns          357695 1c00976e 00f006b3 add              x13, x0, x15        x13=1c001284 x15:1c001284
19347093ns          357716 1c009770 01a00633 add              x12, x0, x26        x12=1c001284 x26:1c001284
19347134ns          357718 1c009772 7d490513 addi             x10, x18, 2004      x10=1c0007d4 x18:1c000000
19347154ns          357719 1c009776 00fd0663 beq              x26, x15, 12        x26:1c001284 x15:1c001284
19347655ns          357744 1c009782 01400693 addi             x13, x0, 20         x13=00000014
19347675ns          357745 1c009784 008b0b13 addi             x22, x22, 8         x22=1c001198 x22:1c001190
19347695ns          357746 1c009786 008a0a13 addi             x20, x20, 8         x20=1c001288 x20:1c001280
19347715ns          357747 1c009788 008a8a93 addi             x21, x21, 8         x21=1c00119c x21:1c001194
19347736ns          357748 1c00978a f2dd9de3 bne              x27, x13, -198      x27:00000002 x13:00000014
19348217ns          357772 1c0096c4 00042783 lw               x15, 0(x8)          x15=0000028d  x8:1c001324  PA:1c001324
19348518ns          357787 1c0096c6 002d9693 slli             x13, x27, 0x2       x13=00000008 x27:00000002
19348538ns          357788 1c0096ca 001d8813 addi             x16, x27, 1         x16=00000003 x27:00000002
19348558ns          357789 1c0096ce 009686b3 add              x13, x13, x9        x13=1c001288 x13:00000008  x9:1c001280
19348578ns          357790 1c0096d0 00281c13 slli             x24, x16, 0x2       x24=0000000c x16:00000003
19348598ns          357791 1c0096d4 0006a023 sw               x0, 0(x13)          x13:1c001288  PA:1c001288
19348919ns          357807 1c0096d8 0004ec23 p.sw             x0, x0(x9)           x9:1c001280  PA:1c00128c
19349240ns          357823 1c0096dc 000b2803 lw               x16, 0(x22)         x16=25e413c4 x22:1c001198  PA:1c001198
19349541ns          357838 1c0096e0 000aa703 lw               x14, 0(x21)         x14=5d67001f x21:1c00119c  PA:1c00119c
19349842ns          357853 1c0096e4 004ba60b p.lw             x12, 4(x23!)        x12=00000004 x23=1c001210 x23:1c00120c  PA:1c00120c
19350143ns          357868 1c0096e8 01400d33 add              x26, x0, x20        x26=1c001288 x20:1c001288
19350163ns          357869 1c0096ea 00000013 nop                                 
19350184ns          357870 1c0096ec 010d462b p.sb             x16, x0(x26!)       x26=1c00128c x16:25e413c4 x26:1c001288  PA:1c001288
19350505ns          357886 1c0096f0 00ed402b p.sb             x14, x0(x26!)       x26=1c00128c x14:5d67001f x26:1c00128c  PA:1c00128c
19350826ns          357902 1c0096f4 0006a883 lw               x17, 0(x13)         x17=000000c4 x13:1c001288  PA:1c001288
19351127ns          357917 1c0096f8 00178793 addi             x15, x15, 1         x15=0000028e x15:0000028d
19351147ns          357918 1c0096fa ee883833 p.bclr           x16, x16, 23, 8     x16=000000c4 x16:25e413c4
19351167ns          357919 1c0096fe 00f42023 sw               x15, 0(x8)          x15:0000028e  x8:1c001324  PA:1c001324
19351508ns          357936 1c009700 32098313 addi             x6, x19, 800         x6=1c001320 x19:1c001000
19351528ns          357937 1c009704 01100633 add              x12, x0, x17        x12=000000c4 x17:000000c4
19351548ns          357938 1c009706 6bcc8593 addi             x11, x25, 1724      x11=1c0006bc x25:1c000000
19351568ns          357939 1c00970a 7d490513 addi             x10, x18, 2004      x10=1c0007d4 x18:1c000000
19351588ns          357940 1c00970e 010006b3 add              x13, x0, x16        x13=000000c4 x16:000000c4
19351608ns          357941 1c009710 002d8d93 addi             x27, x27, 2         x27=00000004 x27:00000002
19351628ns          357942 1c009712 01088b63 beq              x17, x16, 22        x17:000000c4 x16:000000c4
19351688ns          357945 1c009728 2184fc03 lw               x24, x24(x9)        x24=0000001f x24:0000000c  x9:1c001280  PA:1c00128c
19352009ns          357961 1c00972c 00178793 addi             x15, x15, 1         x15=0000028f x15:0000028e
19352030ns          357962 1c00972e 1c0006b7 lui              x13, 0x1c000000     x13=1c000000
19352050ns          357963 1c009732 ee873733 p.bclr           x14, x14, 23, 8     x14=0000001f x14:5d67001f
19352070ns          357964 1c009736 00f42023 sw               x15, 0(x8)          x15:0000028f  x8:1c001324  PA:1c001324
19352411ns          357981 1c009738 6e068593 addi             x11, x13, 1760      x11=1c0006e0 x13:1c000000
19352431ns          357982 1c00973c 32098893 addi             x17, x19, 800       x17=1c001320 x19:1c001000
19352451ns          357983 1c009740 01800633 add              x12, x0, x24        x12=0000001f x24:0000001f
19352471ns          357984 1c009742 7d490513 addi             x10, x18, 2004      x10=1c0007d4 x18:1c000000
19352491ns          357985 1c009746 00e006b3 add              x13, x0, x14        x13=0000001f x14:0000001f
19352511ns          357986 1c009748 00ec0963 beq              x24, x14, 18        x24:0000001f x14:0000001f
19352571ns          357989 1c00975a 00178793 addi             x15, x15, 1         x15=00000290 x15:0000028f
19352591ns          357990 1c00975c 1c000537 lui              x10, 0x1c000000     x10=1c000000
19352611ns          357991 1c009760 00f42023 sw               x15, 0(x8)          x15:00000290  x8:1c001324  PA:1c001324
19352932ns          358007 1c009762 004a0793 addi             x15, x20, 4         x15=1c00128c x20:1c001288
19352953ns          358008 1c009766 65850593 addi             x11, x10, 1624      x11=1c000658 x10:1c000000
19352973ns          358009 1c00976a 32098713 addi             x14, x19, 800       x14=1c001320 x19:1c001000
19352993ns          358010 1c00976e 00f006b3 add              x13, x0, x15        x13=1c00128c x15:1c00128c
19353013ns          358011 1c009770 01a00633 add              x12, x0, x26        x12=1c00128c x26:1c00128c
19353033ns          358012 1c009772 7d490513 addi             x10, x18, 2004      x10=1c0007d4 x18:1c000000
19353053ns          358013 1c009776 00fd0663 beq              x26, x15, 12        x26:1c00128c x15:1c00128c
19353113ns          358016 1c009782 01400693 addi             x13, x0, 20         x13=00000014
19353133ns          358017 1c009784 008b0b13 addi             x22, x22, 8         x22=1c0011a0 x22:1c001198
19353153ns          358018 1c009786 008a0a13 addi             x20, x20, 8         x20=1c001290 x20:1c001288
19353173ns          358019 1c009788 008a8a93 addi             x21, x21, 8         x21=1c0011a4 x21:1c00119c
19353193ns          358020 1c00978a f2dd9de3 bne              x27, x13, -198      x27:00000004 x13:00000014
19353254ns          358023 1c0096c4 00042783 lw               x15, 0(x8)          x15=00000290  x8:1c001324  PA:1c001324
19353554ns          358038 1c0096c6 002d9693 slli             x13, x27, 0x2       x13=00000010 x27:00000004
19353575ns          358039 1c0096ca 001d8813 addi             x16, x27, 1         x16=00000005 x27:00000004
19353595ns          358040 1c0096ce 009686b3 add              x13, x13, x9        x13=1c001290 x13:00000010  x9:1c001280
19353615ns          358041 1c0096d0 00281c13 slli             x24, x16, 0x2       x24=00000014 x16:00000005
19353635ns          358042 1c0096d4 0006a023 sw               x0, 0(x13)          x13:1c001290  PA:1c001290
19353956ns          358058 1c0096d8 0004ec23 p.sw             x0, x0(x9)           x9:1c001280  PA:1c001294
19354277ns          358074 1c0096dc 000b2803 lw               x16, 0(x22)         x16=5d67001f x22:1c0011a0  PA:1c0011a0
19354578ns          358089 1c0096e0 000aa703 lw               x14, 0(x21)         x14=c46acaca x21:1c0011a4  PA:1c0011a4
19354879ns          358104 1c0096e4 004ba60b p.lw             x12, 4(x23!)        x12=00000004 x23=1c001214 x23:1c001210  PA:1c001210
19355180ns          358119 1c0096e8 01400d33 add              x26, x0, x20        x26=1c001290 x20:1c001290
19355200ns          358120 1c0096ea 00000013 nop                                 
19355220ns          358121 1c0096ec 010d462b p.sb             x16, x0(x26!)       x26=1c001294 x16:5d67001f x26:1c001290  PA:1c001290
19355541ns          358137 1c0096f0 00ed402b p.sb             x14, x0(x26!)       x26=1c001294 x14:c46acaca x26:1c001294  PA:1c001294
19355862ns          358153 1c0096f4 0006a883 lw               x17, 0(x13)         x17=0000001f x13:1c001290  PA:1c001290
19356163ns          358168 1c0096f8 00178793 addi             x15, x15, 1         x15=00000291 x15:00000290
19356183ns          358169 1c0096fa ee883833 p.bclr           x16, x16, 23, 8     x16=0000001f x16:5d67001f
19356203ns          358170 1c0096fe 00f42023 sw               x15, 0(x8)          x15:00000291  x8:1c001324  PA:1c001324
19356544ns          358187 1c009700 32098313 addi             x6, x19, 800         x6=1c001320 x19:1c001000
19356564ns          358188 1c009704 01100633 add              x12, x0, x17        x12=0000001f x17:0000001f
19356584ns          358189 1c009706 6bcc8593 addi             x11, x25, 1724      x11=1c0006bc x25:1c000000
19356604ns          358190 1c00970a 7d490513 addi             x10, x18, 2004      x10=1c0007d4 x18:1c000000
19356624ns          358191 1c00970e 010006b3 add              x13, x0, x16        x13=0000001f x16:0000001f
19356645ns          358192 1c009710 002d8d93 addi             x27, x27, 2         x27=00000006 x27:00000004
19356665ns          358193 1c009712 01088b63 beq              x17, x16, 22        x17:0000001f x16:0000001f
19356725ns          358196 1c009728 2184fc03 lw               x24, x24(x9)        x24=000000ca x24:00000014  x9:1c001280  PA:1c001294
19357046ns          358212 1c00972c 00178793 addi             x15, x15, 1         x15=00000292 x15:00000291
19357066ns          358213 1c00972e 1c0006b7 lui              x13, 0x1c000000     x13=1c000000
19357086ns          358214 1c009732 ee873733 p.bclr           x14, x14, 23, 8     x14=000000ca x14:c46acaca
19357106ns          358215 1c009736 00f42023 sw               x15, 0(x8)          x15:00000292  x8:1c001324  PA:1c001324
19357447ns          358232 1c009738 6e068593 addi             x11, x13, 1760      x11=1c0006e0 x13:1c000000
19357467ns          358233 1c00973c 32098893 addi             x17, x19, 800       x17=1c001320 x19:1c001000
19357487ns          358234 1c009740 01800633 add              x12, x0, x24        x12=000000ca x24:000000ca
19357507ns          358235 1c009742 7d490513 addi             x10, x18, 2004      x10=1c0007d4 x18:1c000000
19357527ns          358236 1c009746 00e006b3 add              x13, x0, x14        x13=000000ca x14:000000ca
19357548ns          358237 1c009748 00ec0963 beq              x24, x14, 18        x24:000000ca x14:000000ca
19357608ns          358240 1c00975a 00178793 addi             x15, x15, 1         x15=00000293 x15:00000292
19357628ns          358241 1c00975c 1c000537 lui              x10, 0x1c000000     x10=1c000000
19357648ns          358242 1c009760 00f42023 sw               x15, 0(x8)          x15:00000293  x8:1c001324  PA:1c001324
19357969ns          358258 1c009762 004a0793 addi             x15, x20, 4         x15=1c001294 x20:1c001290
19357989ns          358259 1c009766 65850593 addi             x11, x10, 1624      x11=1c000658 x10:1c000000
19358009ns          358260 1c00976a 32098713 addi             x14, x19, 800       x14=1c001320 x19:1c001000
19358029ns          358261 1c00976e 00f006b3 add              x13, x0, x15        x13=1c001294 x15:1c001294
19358049ns          358262 1c009770 01a00633 add              x12, x0, x26        x12=1c001294 x26:1c001294
19358069ns          358263 1c009772 7d490513 addi             x10, x18, 2004      x10=1c0007d4 x18:1c000000
19358089ns          358264 1c009776 00fd0663 beq              x26, x15, 12        x26:1c001294 x15:1c001294
19358149ns          358267 1c009782 01400693 addi             x13, x0, 20         x13=00000014
19358170ns          358268 1c009784 008b0b13 addi             x22, x22, 8         x22=1c0011a8 x22:1c0011a0
19358190ns          358269 1c009786 008a0a13 addi             x20, x20, 8         x20=1c001298 x20:1c001290
19358210ns          358270 1c009788 008a8a93 addi             x21, x21, 8         x21=1c0011ac x21:1c0011a4
19358230ns          358271 1c00978a f2dd9de3 bne              x27, x13, -198      x27:00000006 x13:00000014
19358290ns          358274 1c0096c4 00042783 lw               x15, 0(x8)          x15=00000293  x8:1c001324  PA:1c001324
19358591ns          358289 1c0096c6 002d9693 slli             x13, x27, 0x2       x13=00000018 x27:00000006
19358611ns          358290 1c0096ca 001d8813 addi             x16, x27, 1         x16=00000007 x27:00000006
19358631ns          358291 1c0096ce 009686b3 add              x13, x13, x9        x13=1c001298 x13:00000018  x9:1c001280
19358651ns          358292 1c0096d0 00281c13 slli             x24, x16, 0x2       x24=0000001c x16:00000007
19358671ns          358293 1c0096d4 0006a023 sw               x0, 0(x13)          x13:1c001298  PA:1c001298
19358992ns          358309 1c0096d8 0004ec23 p.sw             x0, x0(x9)           x9:1c001280  PA:1c00129c
19359313ns          358325 1c0096dc 000b2803 lw               x16, 0(x22)         x16=f7770b5e x22:1c0011a8  PA:1c0011a8
19359614ns          358340 1c0096e0 000aa703 lw               x14, 0(x21)         x14=f7770b5e x21:1c0011ac  PA:1c0011ac
19359915ns          358355 1c0096e4 004ba60b p.lw             x12, 4(x23!)        x12=00000004 x23=1c001218 x23:1c001214  PA:1c001214
19360216ns          358370 1c0096e8 01400d33 add              x26, x0, x20        x26=1c001298 x20:1c001298
19360236ns          358371 1c0096ea 00000013 nop                                 
19360256ns          358372 1c0096ec 010d462b p.sb             x16, x0(x26!)       x26=1c00129c x16:f7770b5e x26:1c001298  PA:1c001298
19360577ns          358388 1c0096f0 00ed402b p.sb             x14, x0(x26!)       x26=1c00129c x14:f7770b5e x26:1c00129c  PA:1c00129c
19360898ns          358404 1c0096f4 0006a883 lw               x17, 0(x13)         x17=0000005e x13:1c001298  PA:1c001298
19361199ns          358419 1c0096f8 00178793 addi             x15, x15, 1         x15=00000294 x15:00000293
19361219ns          358420 1c0096fa ee883833 p.bclr           x16, x16, 23, 8     x16=0000005e x16:f7770b5e
19361240ns          358421 1c0096fe 00f42023 sw               x15, 0(x8)          x15:00000294  x8:1c001324  PA:1c001324
19361561ns          358437 1c009700 32098313 addi             x6, x19, 800         x6=1c001320 x19:1c001000
19361581ns          358438 1c009704 01100633 add              x12, x0, x17        x12=0000005e x17:0000005e
19361601ns          358439 1c009706 6bcc8593 addi             x11, x25, 1724      x11=1c0006bc x25:1c000000
19361621ns          358440 1c00970a 7d490513 addi             x10, x18, 2004      x10=1c0007d4 x18:1c000000
19361641ns          358441 1c00970e 010006b3 add              x13, x0, x16        x13=0000005e x16:0000005e
19361661ns          358442 1c009710 002d8d93 addi             x27, x27, 2         x27=00000008 x27:00000006
19361681ns          358443 1c009712 01088b63 beq              x17, x16, 22        x17:0000005e x16:0000005e
19361741ns          358446 1c009728 2184fc03 lw               x24, x24(x9)        x24=0000005e x24:0000001c  x9:1c001280  PA:1c00129c
19362042ns          358461 1c00972c 00178793 addi             x15, x15, 1         x15=00000295 x15:00000294
19362062ns          358462 1c00972e 1c0006b7 lui              x13, 0x1c000000     x13=1c000000
19362082ns          358463 1c009732 ee873733 p.bclr           x14, x14, 23, 8     x14=0000005e x14:f7770b5e
19362102ns          358464 1c009736 00f42023 sw               x15, 0(x8)          x15:00000295  x8:1c001324  PA:1c001324
19362423ns          358480 1c009738 6e068593 addi             x11, x13, 1760      x11=1c0006e0 x13:1c000000
19362443ns          358481 1c00973c 32098893 addi             x17, x19, 800       x17=1c001320 x19:1c001000
19362464ns          358482 1c009740 01800633 add              x12, x0, x24        x12=0000005e x24:0000005e
19362484ns          358483 1c009742 7d490513 addi             x10, x18, 2004      x10=1c0007d4 x18:1c000000
19362504ns          358484 1c009746 00e006b3 add              x13, x0, x14        x13=0000005e x14:0000005e
19362524ns          358485 1c009748 00ec0963 beq              x24, x14, 18        x24:0000005e x14:0000005e
19362584ns          358488 1c00975a 00178793 addi             x15, x15, 1         x15=00000296 x15:00000295
19362604ns          358489 1c00975c 1c000537 lui              x10, 0x1c000000     x10=1c000000
19362624ns          358490 1c009760 00f42023 sw               x15, 0(x8)          x15:00000296  x8:1c001324  PA:1c001324
19362945ns          358506 1c009762 004a0793 addi             x15, x20, 4         x15=1c00129c x20:1c001298
19362965ns          358507 1c009766 65850593 addi             x11, x10, 1624      x11=1c000658 x10:1c000000
19362985ns          358508 1c00976a 32098713 addi             x14, x19, 800       x14=1c001320 x19:1c001000
19363005ns          358509 1c00976e 00f006b3 add              x13, x0, x15        x13=1c00129c x15:1c00129c
19363025ns          358510 1c009770 01a00633 add              x12, x0, x26        x12=1c00129c x26:1c00129c
19363045ns          358511 1c009772 7d490513 addi             x10, x18, 2004      x10=1c0007d4 x18:1c000000
19363065ns          358512 1c009776 00fd0663 beq              x26, x15, 12        x26:1c00129c x15:1c00129c
19363126ns          358515 1c009782 01400693 addi             x13, x0, 20         x13=00000014
19363146ns          358516 1c009784 008b0b13 addi             x22, x22, 8         x22=1c0011b0 x22:1c0011a8
19363166ns          358517 1c009786 008a0a13 addi             x20, x20, 8         x20=1c0012a0 x20:1c001298
19363186ns          358518 1c009788 008a8a93 addi             x21, x21, 8         x21=1c0011b4 x21:1c0011ac
19363206ns          358519 1c00978a f2dd9de3 bne              x27, x13, -198      x27:00000008 x13:00000014
19363266ns          358522 1c0096c4 00042783 lw               x15, 0(x8)          x15=00000296  x8:1c001324  PA:1c001324
19363567ns          358537 1c0096c6 002d9693 slli             x13, x27, 0x2       x13=00000020 x27:00000008
19363587ns          358538 1c0096ca 001d8813 addi             x16, x27, 1         x16=00000009 x27:00000008
19363607ns          358539 1c0096ce 009686b3 add              x13, x13, x9        x13=1c0012a0 x13:00000020  x9:1c001280
19363627ns          358540 1c0096d0 00281c13 slli             x24, x16, 0x2       x24=00000024 x16:00000009
19363647ns          358541 1c0096d4 0006a023 sw               x0, 0(x13)          x13:1c0012a0  PA:1c0012a0
19363988ns          358558 1c0096d8 0004ec23 p.sw             x0, x0(x9)           x9:1c001280  PA:1c0012a4
19364330ns          358575 1c0096dc 000b2803 lw               x16, 0(x22)         x16=546c1d01 x22:1c0011b0  PA:1c0011b0
19364631ns          358590 1c0096e0 000aa703 lw               x14, 0(x21)         x14=7731d12b x21:1c0011b4  PA:1c0011b4
19364932ns          358605 1c0096e4 004ba60b p.lw             x12, 4(x23!)        x12=00000004 x23=1c00121c x23:1c001218  PA:1c001218
19365233ns          358620 1c0096e8 01400d33 add              x26, x0, x20        x26=1c0012a0 x20:1c0012a0
19365253ns          358621 1c0096ea 00000013 nop                                 
19365273ns          358622 1c0096ec 010d462b p.sb             x16, x0(x26!)       x26=1c0012a4 x16:546c1d01 x26:1c0012a0  PA:1c0012a0
19365594ns          358638 1c0096f0 00ed402b p.sb             x14, x0(x26!)       x26=1c0012a4 x14:7731d12b x26:1c0012a4  PA:1c0012a4
19365935ns          358655 1c0096f4 0006a883 lw               x17, 0(x13)         x17=00000001 x13:1c0012a0  PA:1c0012a0
19366236ns          358670 1c0096f8 00178793 addi             x15, x15, 1         x15=00000297 x15:00000296
19366256ns          358671 1c0096fa ee883833 p.bclr           x16, x16, 23, 8     x16=00000001 x16:546c1d01
19366276ns          358672 1c0096fe 00f42023 sw               x15, 0(x8)          x15:00000297  x8:1c001324  PA:1c001324
19366597ns          358688 1c009700 32098313 addi             x6, x19, 800         x6=1c001320 x19:1c001000
19366617ns          358689 1c009704 01100633 add              x12, x0, x17        x12=00000001 x17:00000001
19366637ns          358690 1c009706 6bcc8593 addi             x11, x25, 1724      x11=1c0006bc x25:1c000000
19366657ns          358691 1c00970a 7d490513 addi             x10, x18, 2004      x10=1c0007d4 x18:1c000000
19366677ns          358692 1c00970e 010006b3 add              x13, x0, x16        x13=00000001 x16:00000001
19366697ns          358693 1c009710 002d8d93 addi             x27, x27, 2         x27=0000000a x27:00000008
19366717ns          358694 1c009712 01088b63 beq              x17, x16, 22        x17:00000001 x16:00000001
19366778ns          358697 1c009728 2184fc03 lw               x24, x24(x9)        x24=0000002b x24:00000024  x9:1c001280  PA:1c0012a4
19367079ns          358712 1c00972c 00178793 addi             x15, x15, 1         x15=00000298 x15:00000297
19367099ns          358713 1c00972e 1c0006b7 lui              x13, 0x1c000000     x13=1c000000
19367119ns          358714 1c009732 ee873733 p.bclr           x14, x14, 23, 8     x14=0000002b x14:7731d12b
19367139ns          358715 1c009736 00f42023 sw               x15, 0(x8)          x15:00000298  x8:1c001324  PA:1c001324
19367460ns          358731 1c009738 6e068593 addi             x11, x13, 1760      x11=1c0006e0 x13:1c000000
19367480ns          358732 1c00973c 32098893 addi             x17, x19, 800       x17=1c001320 x19:1c001000
19367500ns          358733 1c009740 01800633 add              x12, x0, x24        x12=0000002b x24:0000002b
19367520ns          358734 1c009742 7d490513 addi             x10, x18, 2004      x10=1c0007d4 x18:1c000000
19367540ns          358735 1c009746 00e006b3 add              x13, x0, x14        x13=0000002b x14:0000002b
19367560ns          358736 1c009748 00ec0963 beq              x24, x14, 18        x24:0000002b x14:0000002b
19367620ns          358739 1c00975a 00178793 addi             x15, x15, 1         x15=00000299 x15:00000298
19367640ns          358740 1c00975c 1c000537 lui              x10, 0x1c000000     x10=1c000000
19367660ns          358741 1c009760 00f42023 sw               x15, 0(x8)          x15:00000299  x8:1c001324  PA:1c001324
19367981ns          358757 1c009762 004a0793 addi             x15, x20, 4         x15=1c0012a4 x20:1c0012a0
19368002ns          358758 1c009766 65850593 addi             x11, x10, 1624      x11=1c000658 x10:1c000000
19368022ns          358759 1c00976a 32098713 addi             x14, x19, 800       x14=1c001320 x19:1c001000
19368042ns          358760 1c00976e 00f006b3 add              x13, x0, x15        x13=1c0012a4 x15:1c0012a4
19368062ns          358761 1c009770 01a00633 add              x12, x0, x26        x12=1c0012a4 x26:1c0012a4
19368082ns          358762 1c009772 7d490513 addi             x10, x18, 2004      x10=1c0007d4 x18:1c000000
19368102ns          358763 1c009776 00fd0663 beq              x26, x15, 12        x26:1c0012a4 x15:1c0012a4
19368162ns          358766 1c009782 01400693 addi             x13, x0, 20         x13=00000014
19368182ns          358767 1c009784 008b0b13 addi             x22, x22, 8         x22=1c0011b8 x22:1c0011b0
19368202ns          358768 1c009786 008a0a13 addi             x20, x20, 8         x20=1c0012a8 x20:1c0012a0
19368222ns          358769 1c009788 008a8a93 addi             x21, x21, 8         x21=1c0011bc x21:1c0011b4
19368242ns          358770 1c00978a f2dd9de3 bne              x27, x13, -198      x27:0000000a x13:00000014
19368303ns          358773 1c0096c4 00042783 lw               x15, 0(x8)          x15=00000299  x8:1c001324  PA:1c001324
19368604ns          358788 1c0096c6 002d9693 slli             x13, x27, 0x2       x13=00000028 x27:0000000a
19368624ns          358789 1c0096ca 001d8813 addi             x16, x27, 1         x16=0000000b x27:0000000a
19368644ns          358790 1c0096ce 009686b3 add              x13, x13, x9        x13=1c0012a8 x13:00000028  x9:1c001280
19368664ns          358791 1c0096d0 00281c13 slli             x24, x16, 0x2       x24=0000002c x16:0000000b
19368684ns          358792 1c0096d4 0006a023 sw               x0, 0(x13)          x13:1c0012a8  PA:1c0012a8
19369005ns          358808 1c0096d8 0004ec23 p.sw             x0, x0(x9)           x9:1c001280  PA:1c0012ac
19369326ns          358824 1c0096dc 000b2803 lw               x16, 0(x22)         x16=7731d12b x22:1c0011b8  PA:1c0011b8
19369627ns          358839 1c0096e0 000aa703 lw               x14, 0(x21)         x14=c3d2b565 x21:1c0011bc  PA:1c0011bc
19369928ns          358854 1c0096e4 004ba60b p.lw             x12, 4(x23!)        x12=00000004 x23=1c001220 x23:1c00121c  PA:1c00121c
19370229ns          358869 1c0096e8 01400d33 add              x26, x0, x20        x26=1c0012a8 x20:1c0012a8
19370249ns          358870 1c0096ea 00000013 nop                                 
19370269ns          358871 1c0096ec 010d462b p.sb             x16, x0(x26!)       x26=1c0012ac x16:7731d12b x26:1c0012a8  PA:1c0012a8
19370590ns          358887 1c0096f0 00ed402b p.sb             x14, x0(x26!)       x26=1c0012ac x14:c3d2b565 x26:1c0012ac  PA:1c0012ac
19370911ns          358903 1c0096f4 0006a883 lw               x17, 0(x13)         x17=0000002b x13:1c0012a8  PA:1c0012a8
19371212ns          358918 1c0096f8 00178793 addi             x15, x15, 1         x15=0000029a x15:00000299
19371232ns          358919 1c0096fa ee883833 p.bclr           x16, x16, 23, 8     x16=0000002b x16:7731d12b
19371252ns          358920 1c0096fe 00f42023 sw               x15, 0(x8)          x15:0000029a  x8:1c001324  PA:1c001324
19371593ns          358937 1c009700 32098313 addi             x6, x19, 800         x6=1c001320 x19:1c001000
19371613ns          358938 1c009704 01100633 add              x12, x0, x17        x12=0000002b x17:0000002b
19371633ns          358939 1c009706 6bcc8593 addi             x11, x25, 1724      x11=1c0006bc x25:1c000000
19371653ns          358940 1c00970a 7d490513 addi             x10, x18, 2004      x10=1c0007d4 x18:1c000000
19371674ns          358941 1c00970e 010006b3 add              x13, x0, x16        x13=0000002b x16:0000002b
19371694ns          358942 1c009710 002d8d93 addi             x27, x27, 2         x27=0000000c x27:0000000a
19371714ns          358943 1c009712 01088b63 beq              x17, x16, 22        x17:0000002b x16:0000002b
19371774ns          358946 1c009728 2184fc03 lw               x24, x24(x9)        x24=00000065 x24:0000002c  x9:1c001280  PA:1c0012ac
19372095ns          358962 1c00972c 00178793 addi             x15, x15, 1         x15=0000029b x15:0000029a
19372115ns          358963 1c00972e 1c0006b7 lui              x13, 0x1c000000     x13=1c000000
19372135ns          358964 1c009732 ee873733 p.bclr           x14, x14, 23, 8     x14=00000065 x14:c3d2b565
19372155ns          358965 1c009736 00f42023 sw               x15, 0(x8)          x15:0000029b  x8:1c001324  PA:1c001324
19372496ns          358982 1c009738 6e068593 addi             x11, x13, 1760      x11=1c0006e0 x13:1c000000
19372516ns          358983 1c00973c 32098893 addi             x17, x19, 800       x17=1c001320 x19:1c001000
19372536ns          358984 1c009740 01800633 add              x12, x0, x24        x12=00000065 x24:00000065
19372556ns          358985 1c009742 7d490513 addi             x10, x18, 2004      x10=1c0007d4 x18:1c000000
19372576ns          358986 1c009746 00e006b3 add              x13, x0, x14        x13=00000065 x14:00000065
19372597ns          358987 1c009748 00ec0963 beq              x24, x14, 18        x24:00000065 x14:00000065
19372657ns          358990 1c00975a 00178793 addi             x15, x15, 1         x15=0000029c x15:0000029b
19372677ns          358991 1c00975c 1c000537 lui              x10, 0x1c000000     x10=1c000000
19372697ns          358992 1c009760 00f42023 sw               x15, 0(x8)          x15:0000029c  x8:1c001324  PA:1c001324
19373018ns          359008 1c009762 004a0793 addi             x15, x20, 4         x15=1c0012ac x20:1c0012a8
19373038ns          359009 1c009766 65850593 addi             x11, x10, 1624      x11=1c000658 x10:1c000000
19373058ns          359010 1c00976a 32098713 addi             x14, x19, 800       x14=1c001320 x19:1c001000
19373078ns          359011 1c00976e 00f006b3 add              x13, x0, x15        x13=1c0012ac x15:1c0012ac
19373098ns          359012 1c009770 01a00633 add              x12, x0, x26        x12=1c0012ac x26:1c0012ac
19373118ns          359013 1c009772 7d490513 addi             x10, x18, 2004      x10=1c0007d4 x18:1c000000
19373138ns          359014 1c009776 00fd0663 beq              x26, x15, 12        x26:1c0012ac x15:1c0012ac
19373198ns          359017 1c009782 01400693 addi             x13, x0, 20         x13=00000014
19373219ns          359018 1c009784 008b0b13 addi             x22, x22, 8         x22=1c0011c0 x22:1c0011b8
19373239ns          359019 1c009786 008a0a13 addi             x20, x20, 8         x20=1c0012b0 x20:1c0012a8
19373259ns          359020 1c009788 008a8a93 addi             x21, x21, 8         x21=1c0011c4 x21:1c0011bc
19373279ns          359021 1c00978a f2dd9de3 bne              x27, x13, -198      x27:0000000c x13:00000014
19373339ns          359024 1c0096c4 00042783 lw               x15, 0(x8)          x15=0000029c  x8:1c001324  PA:1c001324
19373640ns          359039 1c0096c6 002d9693 slli             x13, x27, 0x2       x13=00000030 x27:0000000c
19373660ns          359040 1c0096ca 001d8813 addi             x16, x27, 1         x16=0000000d x27:0000000c
19373680ns          359041 1c0096ce 009686b3 add              x13, x13, x9        x13=1c0012b0 x13:00000030  x9:1c001280
19373700ns          359042 1c0096d0 00281c13 slli             x24, x16, 0x2       x24=00000034 x16:0000000d
19373720ns          359043 1c0096d4 0006a023 sw               x0, 0(x13)          x13:1c0012b0  PA:1c0012b0
19374041ns          359059 1c0096d8 0004ec23 p.sw             x0, x0(x9)           x9:1c001280  PA:1c0012b4
19374362ns          359075 1c0096dc 000b2803 lw               x16, 0(x22)         x16=2bc87ab4 x22:1c0011c0  PA:1c0011c0
19374663ns          359090 1c0096e0 000aa703 lw               x14, 0(x21)         x14=2bc87ab4 x21:1c0011c4  PA:1c0011c4
19374964ns          359105 1c0096e4 004ba60b p.lw             x12, 4(x23!)        x12=00000004 x23=1c001224 x23:1c001220  PA:1c001220
19375265ns          359120 1c0096e8 01400d33 add              x26, x0, x20        x26=1c0012b0 x20:1c0012b0
19375285ns          359121 1c0096ea 00000013 nop                                 
19375305ns          359122 1c0096ec 010d462b p.sb             x16, x0(x26!)       x26=1c0012b4 x16:2bc87ab4 x26:1c0012b0  PA:1c0012b0
19375626ns          359138 1c0096f0 00ed402b p.sb             x14, x0(x26!)       x26=1c0012b4 x14:2bc87ab4 x26:1c0012b4  PA:1c0012b4
19375947ns          359154 1c0096f4 0006a883 lw               x17, 0(x13)         x17=000000b4 x13:1c0012b0  PA:1c0012b0
19376248ns          359169 1c0096f8 00178793 addi             x15, x15, 1         x15=0000029d x15:0000029c
19376268ns          359170 1c0096fa ee883833 p.bclr           x16, x16, 23, 8     x16=000000b4 x16:2bc87ab4
19376289ns          359171 1c0096fe 00f42023 sw               x15, 0(x8)          x15:0000029d  x8:1c001324  PA:1c001324
19376630ns          359188 1c009700 32098313 addi             x6, x19, 800         x6=1c001320 x19:1c001000
19376650ns          359189 1c009704 01100633 add              x12, x0, x17        x12=000000b4 x17:000000b4
19376670ns          359190 1c009706 6bcc8593 addi             x11, x25, 1724      x11=1c0006bc x25:1c000000
19376690ns          359191 1c00970a 7d490513 addi             x10, x18, 2004      x10=1c0007d4 x18:1c000000
19376710ns          359192 1c00970e 010006b3 add              x13, x0, x16        x13=000000b4 x16:000000b4
19376730ns          359193 1c009710 002d8d93 addi             x27, x27, 2         x27=0000000e x27:0000000c
19376750ns          359194 1c009712 01088b63 beq              x17, x16, 22        x17:000000b4 x16:000000b4
19376810ns          359197 1c009728 2184fc03 lw               x24, x24(x9)        x24=000000b4 x24:00000034  x9:1c001280  PA:1c0012b4
19377111ns          359212 1c00972c 00178793 addi             x15, x15, 1         x15=0000029e x15:0000029d
19377131ns          359213 1c00972e 1c0006b7 lui              x13, 0x1c000000     x13=1c000000
19377151ns          359214 1c009732 ee873733 p.bclr           x14, x14, 23, 8     x14=000000b4 x14:2bc87ab4
19377171ns          359215 1c009736 00f42023 sw               x15, 0(x8)          x15:0000029e  x8:1c001324  PA:1c001324
19377492ns          359231 1c009738 6e068593 addi             x11, x13, 1760      x11=1c0006e0 x13:1c000000
19377513ns          359232 1c00973c 32098893 addi             x17, x19, 800       x17=1c001320 x19:1c001000
19377533ns          359233 1c009740 01800633 add              x12, x0, x24        x12=000000b4 x24:000000b4
19377553ns          359234 1c009742 7d490513 addi             x10, x18, 2004      x10=1c0007d4 x18:1c000000
19377573ns          359235 1c009746 00e006b3 add              x13, x0, x14        x13=000000b4 x14:000000b4
19377593ns          359236 1c009748 00ec0963 beq              x24, x14, 18        x24:000000b4 x14:000000b4
19377653ns          359239 1c00975a 00178793 addi             x15, x15, 1         x15=0000029f x15:0000029e
19377673ns          359240 1c00975c 1c000537 lui              x10, 0x1c000000     x10=1c000000
19377693ns          359241 1c009760 00f42023 sw               x15, 0(x8)          x15:0000029f  x8:1c001324  PA:1c001324
19378014ns          359257 1c009762 004a0793 addi             x15, x20, 4         x15=1c0012b4 x20:1c0012b0
19378034ns          359258 1c009766 65850593 addi             x11, x10, 1624      x11=1c000658 x10:1c000000
19378054ns          359259 1c00976a 32098713 addi             x14, x19, 800       x14=1c001320 x19:1c001000
19378074ns          359260 1c00976e 00f006b3 add              x13, x0, x15        x13=1c0012b4 x15:1c0012b4
19378094ns          359261 1c009770 01a00633 add              x12, x0, x26        x12=1c0012b4 x26:1c0012b4
19378115ns          359262 1c009772 7d490513 addi             x10, x18, 2004      x10=1c0007d4 x18:1c000000
19378135ns          359263 1c009776 00fd0663 beq              x26, x15, 12        x26:1c0012b4 x15:1c0012b4
19378195ns          359266 1c009782 01400693 addi             x13, x0, 20         x13=00000014
19378215ns          359267 1c009784 008b0b13 addi             x22, x22, 8         x22=1c0011c8 x22:1c0011c0
19378235ns          359268 1c009786 008a0a13 addi             x20, x20, 8         x20=1c0012b8 x20:1c0012b0
19378255ns          359269 1c009788 008a8a93 addi             x21, x21, 8         x21=1c0011cc x21:1c0011c4
19378275ns          359270 1c00978a f2dd9de3 bne              x27, x13, -198      x27:0000000e x13:00000014
19378335ns          359273 1c0096c4 00042783 lw               x15, 0(x8)          x15=0000029f  x8:1c001324  PA:1c001324
19378656ns          359289 1c0096c6 002d9693 slli             x13, x27, 0x2       x13=00000038 x27:0000000e
19378676ns          359290 1c0096ca 001d8813 addi             x16, x27, 1         x16=0000000f x27:0000000e
19378696ns          359291 1c0096ce 009686b3 add              x13, x13, x9        x13=1c0012b8 x13:00000038  x9:1c001280
19378716ns          359292 1c0096d0 00281c13 slli             x24, x16, 0x2       x24=0000003c x16:0000000f
19378737ns          359293 1c0096d4 0006a023 sw               x0, 0(x13)          x13:1c0012b8  PA:1c0012b8
19379058ns          359309 1c0096d8 0004ec23 p.sw             x0, x0(x9)           x9:1c001280  PA:1c0012bc
19379379ns          359325 1c0096dc 000b2803 lw               x16, 0(x22)         x16=0153edcf x22:1c0011c8  PA:1c0011c8
19379680ns          359340 1c0096e0 000aa703 lw               x14, 0(x21)         x14=64be2109 x21:1c0011cc  PA:1c0011cc
19380001ns          359356 1c0096e4 004ba60b p.lw             x12, 4(x23!)        x12=00000004 x23=1c001228 x23:1c001224  PA:1c001224
19380302ns          359371 1c0096e8 01400d33 add              x26, x0, x20        x26=1c0012b8 x20:1c0012b8
19380322ns          359372 1c0096ea 00000013 nop                                 
19380342ns          359373 1c0096ec 010d462b p.sb             x16, x0(x26!)       x26=1c0012bc x16:0153edcf x26:1c0012b8  PA:1c0012b8
19380683ns          359390 1c0096f0 00ed402b p.sb             x14, x0(x26!)       x26=1c0012bc x14:64be2109 x26:1c0012bc  PA:1c0012bc
19381004ns          359406 1c0096f4 0006a883 lw               x17, 0(x13)         x17=000000cf x13:1c0012b8  PA:1c0012b8
19381305ns          359421 1c0096f8 00178793 addi             x15, x15, 1         x15=000002a0 x15:0000029f
19381325ns          359422 1c0096fa ee883833 p.bclr           x16, x16, 23, 8     x16=000000cf x16:0153edcf
19381345ns          359423 1c0096fe 00f42023 sw               x15, 0(x8)          x15:000002a0  x8:1c001324  PA:1c001324
19381686ns          359440 1c009700 32098313 addi             x6, x19, 800         x6=1c001320 x19:1c001000
19381706ns          359441 1c009704 01100633 add              x12, x0, x17        x12=000000cf x17:000000cf
19381726ns          359442 1c009706 6bcc8593 addi             x11, x25, 1724      x11=1c0006bc x25:1c000000
19381746ns          359443 1c00970a 7d490513 addi             x10, x18, 2004      x10=1c0007d4 x18:1c000000
19381766ns          359444 1c00970e 010006b3 add              x13, x0, x16        x13=000000cf x16:000000cf
19381786ns          359445 1c009710 002d8d93 addi             x27, x27, 2         x27=00000010 x27:0000000e
19381807ns          359446 1c009712 01088b63 beq              x17, x16, 22        x17:000000cf x16:000000cf
19381867ns          359449 1c009728 2184fc03 lw               x24, x24(x9)        x24=00000009 x24:0000003c  x9:1c001280  PA:1c0012bc
19382188ns          359465 1c00972c 00178793 addi             x15, x15, 1         x15=000002a1 x15:000002a0
19382208ns          359466 1c00972e 1c0006b7 lui              x13, 0x1c000000     x13=1c000000
19382228ns          359467 1c009732 ee873733 p.bclr           x14, x14, 23, 8     x14=00000009 x14:64be2109
19382248ns          359468 1c009736 00f42023 sw               x15, 0(x8)          x15:000002a1  x8:1c001324  PA:1c001324
19382589ns          359485 1c009738 6e068593 addi             x11, x13, 1760      x11=1c0006e0 x13:1c000000
19382609ns          359486 1c00973c 32098893 addi             x17, x19, 800       x17=1c001320 x19:1c001000
19382629ns          359487 1c009740 01800633 add              x12, x0, x24        x12=00000009 x24:00000009
19382649ns          359488 1c009742 7d490513 addi             x10, x18, 2004      x10=1c0007d4 x18:1c000000
19382669ns          359489 1c009746 00e006b3 add              x13, x0, x14        x13=00000009 x14:00000009
19382689ns          359490 1c009748 00ec0963 beq              x24, x14, 18        x24:00000009 x14:00000009
19382750ns          359493 1c00975a 00178793 addi             x15, x15, 1         x15=000002a2 x15:000002a1
19382770ns          359494 1c00975c 1c000537 lui              x10, 0x1c000000     x10=1c000000
19382790ns          359495 1c009760 00f42023 sw               x15, 0(x8)          x15:000002a2  x8:1c001324  PA:1c001324
19383131ns          359512 1c009762 004a0793 addi             x15, x20, 4         x15=1c0012bc x20:1c0012b8
19383151ns          359513 1c009766 65850593 addi             x11, x10, 1624      x11=1c000658 x10:1c000000
19383171ns          359514 1c00976a 32098713 addi             x14, x19, 800       x14=1c001320 x19:1c001000
19383191ns          359515 1c00976e 00f006b3 add              x13, x0, x15        x13=1c0012bc x15:1c0012bc
19383211ns          359516 1c009770 01a00633 add              x12, x0, x26        x12=1c0012bc x26:1c0012bc
19383231ns          359517 1c009772 7d490513 addi             x10, x18, 2004      x10=1c0007d4 x18:1c000000
19383251ns          359518 1c009776 00fd0663 beq              x26, x15, 12        x26:1c0012bc x15:1c0012bc
19383311ns          359521 1c009782 01400693 addi             x13, x0, 20         x13=00000014
19383331ns          359522 1c009784 008b0b13 addi             x22, x22, 8         x22=1c0011d0 x22:1c0011c8
19383352ns          359523 1c009786 008a0a13 addi             x20, x20, 8         x20=1c0012c0 x20:1c0012b8
19383372ns          359524 1c009788 008a8a93 addi             x21, x21, 8         x21=1c0011d4 x21:1c0011cc
19383392ns          359525 1c00978a f2dd9de3 bne              x27, x13, -198      x27:00000010 x13:00000014
19383452ns          359528 1c0096c4 00042783 lw               x15, 0(x8)          x15=000002a2  x8:1c001324  PA:1c001324
19383753ns          359543 1c0096c6 002d9693 slli             x13, x27, 0x2       x13=00000040 x27:00000010
19383773ns          359544 1c0096ca 001d8813 addi             x16, x27, 1         x16=00000011 x27:00000010
19383793ns          359545 1c0096ce 009686b3 add              x13, x13, x9        x13=1c0012c0 x13:00000040  x9:1c001280
19383813ns          359546 1c0096d0 00281c13 slli             x24, x16, 0x2       x24=00000044 x16:00000011
19383833ns          359547 1c0096d4 0006a023 sw               x0, 0(x13)          x13:1c0012c0  PA:1c0012c0
19384154ns          359563 1c0096d8 0004ec23 p.sw             x0, x0(x9)           x9:1c001280  PA:1c0012c4
19384475ns          359579 1c0096dc 000b2803 lw               x16, 0(x22)         x16=64be2109 x22:1c0011d0  PA:1c0011d0
19384776ns          359594 1c0096e0 000aa703 lw               x14, 0(x21)         x14=62580466 x21:1c0011d4  PA:1c0011d4
19385077ns          359609 1c0096e4 004ba60b p.lw             x12, 4(x23!)        x12=00000004 x23=1c00122c x23:1c001228  PA:1c001228
19385378ns          359624 1c0096e8 01400d33 add              x26, x0, x20        x26=1c0012c0 x20:1c0012c0
19385398ns          359625 1c0096ea 00000013 nop                                 
19385418ns          359626 1c0096ec 010d462b p.sb             x16, x0(x26!)       x26=1c0012c4 x16:64be2109 x26:1c0012c0  PA:1c0012c0
19385739ns          359642 1c0096f0 00ed402b p.sb             x14, x0(x26!)       x26=1c0012c4 x14:62580466 x26:1c0012c4  PA:1c0012c4
19386060ns          359658 1c0096f4 0006a883 lw               x17, 0(x13)         x17=00000009 x13:1c0012c0  PA:1c0012c0
19386381ns          359674 1c0096f8 00178793 addi             x15, x15, 1         x15=000002a3 x15:000002a2
19386401ns          359675 1c0096fa ee883833 p.bclr           x16, x16, 23, 8     x16=00000009 x16:64be2109
19386422ns          359676 1c0096fe 00f42023 sw               x15, 0(x8)          x15:000002a3  x8:1c001324  PA:1c001324
19386743ns          359692 1c009700 32098313 addi             x6, x19, 800         x6=1c001320 x19:1c001000
19386763ns          359693 1c009704 01100633 add              x12, x0, x17        x12=00000009 x17:00000009
19386783ns          359694 1c009706 6bcc8593 addi             x11, x25, 1724      x11=1c0006bc x25:1c000000
19386803ns          359695 1c00970a 7d490513 addi             x10, x18, 2004      x10=1c0007d4 x18:1c000000
19386823ns          359696 1c00970e 010006b3 add              x13, x0, x16        x13=00000009 x16:00000009
19386843ns          359697 1c009710 002d8d93 addi             x27, x27, 2         x27=00000012 x27:00000010
19386863ns          359698 1c009712 01088b63 beq              x17, x16, 22        x17:00000009 x16:00000009
19386923ns          359701 1c009728 2184fc03 lw               x24, x24(x9)        x24=00000066 x24:00000044  x9:1c001280  PA:1c0012c4
19387244ns          359717 1c00972c 00178793 addi             x15, x15, 1         x15=000002a4 x15:000002a3
19387264ns          359718 1c00972e 1c0006b7 lui              x13, 0x1c000000     x13=1c000000
19387284ns          359719 1c009732 ee873733 p.bclr           x14, x14, 23, 8     x14=00000066 x14:62580466
19387304ns          359720 1c009736 00f42023 sw               x15, 0(x8)          x15:000002a4  x8:1c001324  PA:1c001324
19387646ns          359737 1c009738 6e068593 addi             x11, x13, 1760      x11=1c0006e0 x13:1c000000
19387666ns          359738 1c00973c 32098893 addi             x17, x19, 800       x17=1c001320 x19:1c001000
19387686ns          359739 1c009740 01800633 add              x12, x0, x24        x12=00000066 x24:00000066
19387706ns          359740 1c009742 7d490513 addi             x10, x18, 2004      x10=1c0007d4 x18:1c000000
19387726ns          359741 1c009746 00e006b3 add              x13, x0, x14        x13=00000066 x14:00000066
19387746ns          359742 1c009748 00ec0963 beq              x24, x14, 18        x24:00000066 x14:00000066
19387806ns          359745 1c00975a 00178793 addi             x15, x15, 1         x15=000002a5 x15:000002a4
19387826ns          359746 1c00975c 1c000537 lui              x10, 0x1c000000     x10=1c000000
19387846ns          359747 1c009760 00f42023 sw               x15, 0(x8)          x15:000002a5  x8:1c001324  PA:1c001324
19388167ns          359763 1c009762 004a0793 addi             x15, x20, 4         x15=1c0012c4 x20:1c0012c0
19388187ns          359764 1c009766 65850593 addi             x11, x10, 1624      x11=1c000658 x10:1c000000
19388207ns          359765 1c00976a 32098713 addi             x14, x19, 800       x14=1c001320 x19:1c001000
19388227ns          359766 1c00976e 00f006b3 add              x13, x0, x15        x13=1c0012c4 x15:1c0012c4
19388248ns          359767 1c009770 01a00633 add              x12, x0, x26        x12=1c0012c4 x26:1c0012c4
19388268ns          359768 1c009772 7d490513 addi             x10, x18, 2004      x10=1c0007d4 x18:1c000000
19388288ns          359769 1c009776 00fd0663 beq              x26, x15, 12        x26:1c0012c4 x15:1c0012c4
19388348ns          359772 1c009782 01400693 addi             x13, x0, 20         x13=00000014
19388368ns          359773 1c009784 008b0b13 addi             x22, x22, 8         x22=1c0011d8 x22:1c0011d0
19388388ns          359774 1c009786 008a0a13 addi             x20, x20, 8         x20=1c0012c8 x20:1c0012c0
19388408ns          359775 1c009788 008a8a93 addi             x21, x21, 8         x21=1c0011dc x21:1c0011d4
19388428ns          359776 1c00978a f2dd9de3 bne              x27, x13, -198      x27:00000012 x13:00000014
19388488ns          359779 1c0096c4 00042783 lw               x15, 0(x8)          x15=000002a5  x8:1c001324  PA:1c001324
19388789ns          359794 1c0096c6 002d9693 slli             x13, x27, 0x2       x13=00000048 x27:00000012
19388809ns          359795 1c0096ca 001d8813 addi             x16, x27, 1         x16=00000013 x27:00000012
19388829ns          359796 1c0096ce 009686b3 add              x13, x13, x9        x13=1c0012c8 x13:00000048  x9:1c001280
19388849ns          359797 1c0096d0 00281c13 slli             x24, x16, 0x2       x24=0000004c x16:00000013
19388870ns          359798 1c0096d4 0006a023 sw               x0, 0(x13)          x13:1c0012c8  PA:1c0012c8
19389191ns          359814 1c0096d8 0004ec23 p.sw             x0, x0(x9)           x9:1c001280  PA:1c0012cc
19389532ns          359831 1c0096dc 000b2803 lw               x16, 0(x22)         x16=1b487b12 x22:1c0011d8  PA:1c0011d8
19389833ns          359846 1c0096e0 000aa703 lw               x14, 0(x21)         x14=1b487b12 x21:1c0011dc  PA:1c0011dc
19390134ns          359861 1c0096e4 004ba60b p.lw             x12, 4(x23!)        x12=00000004 x23=1c001230 x23:1c00122c  PA:1c00122c
19390435ns          359876 1c0096e8 01400d33 add              x26, x0, x20        x26=1c0012c8 x20:1c0012c8
19390455ns          359877 1c0096ea 00000013 nop                                 
19390475ns          359878 1c0096ec 010d462b p.sb             x16, x0(x26!)       x26=1c0012cc x16:1b487b12 x26:1c0012c8  PA:1c0012c8
19390796ns          359894 1c0096f0 00ed402b p.sb             x14, x0(x26!)       x26=1c0012cc x14:1b487b12 x26:1c0012cc  PA:1c0012cc
19391117ns          359910 1c0096f4 0006a883 lw               x17, 0(x13)         x17=00000012 x13:1c0012c8  PA:1c0012c8
19391418ns          359925 1c0096f8 00178793 addi             x15, x15, 1         x15=000002a6 x15:000002a5
19391438ns          359926 1c0096fa ee883833 p.bclr           x16, x16, 23, 8     x16=00000012 x16:1b487b12
19391458ns          359927 1c0096fe 00f42023 sw               x15, 0(x8)          x15:000002a6  x8:1c001324  PA:1c001324
19391779ns          359943 1c009700 32098313 addi             x6, x19, 800         x6=1c001320 x19:1c001000
19391799ns          359944 1c009704 01100633 add              x12, x0, x17        x12=00000012 x17:00000012
19391819ns          359945 1c009706 6bcc8593 addi             x11, x25, 1724      x11=1c0006bc x25:1c000000
19391839ns          359946 1c00970a 7d490513 addi             x10, x18, 2004      x10=1c0007d4 x18:1c000000
19391859ns          359947 1c00970e 010006b3 add              x13, x0, x16        x13=00000012 x16:00000012
19391879ns          359948 1c009710 002d8d93 addi             x27, x27, 2         x27=00000014 x27:00000012
19391899ns          359949 1c009712 01088b63 beq              x17, x16, 22        x17:00000012 x16:00000012
19391960ns          359952 1c009728 2184fc03 lw               x24, x24(x9)        x24=00000012 x24:0000004c  x9:1c001280  PA:1c0012cc
19392281ns          359968 1c00972c 00178793 addi             x15, x15, 1         x15=000002a7 x15:000002a6
19392301ns          359969 1c00972e 1c0006b7 lui              x13, 0x1c000000     x13=1c000000
19392321ns          359970 1c009732 ee873733 p.bclr           x14, x14, 23, 8     x14=00000012 x14:1b487b12
19392341ns          359971 1c009736 00f42023 sw               x15, 0(x8)          x15:000002a7  x8:1c001324  PA:1c001324
19392702ns          359989 1c009738 6e068593 addi             x11, x13, 1760      x11=1c0006e0 x13:1c000000
19392722ns          359990 1c00973c 32098893 addi             x17, x19, 800       x17=1c001320 x19:1c001000
19392742ns          359991 1c009740 01800633 add              x12, x0, x24        x12=00000012 x24:00000012
19392762ns          359992 1c009742 7d490513 addi             x10, x18, 2004      x10=1c0007d4 x18:1c000000
19392782ns          359993 1c009746 00e006b3 add              x13, x0, x14        x13=00000012 x14:00000012
19392802ns          359994 1c009748 00ec0963 beq              x24, x14, 18        x24:00000012 x14:00000012
19392863ns          359997 1c00975a 00178793 addi             x15, x15, 1         x15=000002a8 x15:000002a7
19392883ns          359998 1c00975c 1c000537 lui              x10, 0x1c000000     x10=1c000000
19392903ns          359999 1c009760 00f42023 sw               x15, 0(x8)          x15:000002a8  x8:1c001324  PA:1c001324
19393224ns          360015 1c009762 004a0793 addi             x15, x20, 4         x15=1c0012cc x20:1c0012c8
19393244ns          360016 1c009766 65850593 addi             x11, x10, 1624      x11=1c000658 x10:1c000000
19393264ns          360017 1c00976a 32098713 addi             x14, x19, 800       x14=1c001320 x19:1c001000
19393284ns          360018 1c00976e 00f006b3 add              x13, x0, x15        x13=1c0012cc x15:1c0012cc
19393304ns          360019 1c009770 01a00633 add              x12, x0, x26        x12=1c0012cc x26:1c0012cc
19393324ns          360020 1c009772 7d490513 addi             x10, x18, 2004      x10=1c0007d4 x18:1c000000
19393344ns          360021 1c009776 00fd0663 beq              x26, x15, 12        x26:1c0012cc x15:1c0012cc
19393404ns          360024 1c009782 01400693 addi             x13, x0, 20         x13=00000014
19393424ns          360025 1c009784 008b0b13 addi             x22, x22, 8         x22=1c0011e0 x22:1c0011d8
19393444ns          360026 1c009786 008a0a13 addi             x20, x20, 8         x20=1c0012d0 x20:1c0012c8
19393465ns          360027 1c009788 008a8a93 addi             x21, x21, 8         x21=1c0011e4 x21:1c0011dc
19393485ns          360028 1c00978a f2dd9de3 bne              x27, x13, -198      x27:00000014 x13:00000014
19393505ns          360029 1c00978e 04c12083 lw               x1, 76(x2)           x1=1c009800  x2:10000798  PA:100007e4
19393525ns          360030 1c009790 04812403 lw               x8, 72(x2)           x8=1c001320  x2:10000798  PA:100007e0
19393545ns          360031 1c009792 04412483 lw               x9, 68(x2)           x9=xxxxxxxx  x2:10000798  PA:100007dc
19393565ns          360032 1c009794 04012903 lw               x18, 64(x2)         x18=xxxxxxxx  x2:10000798  PA:100007d8
19393585ns          360033 1c009796 03c12983 lw               x19, 60(x2)         x19=xxxxxxxx  x2:10000798  PA:100007d4
19393605ns          360034 1c009798 03812a03 lw               x20, 56(x2)         x20=xxxxxxxx  x2:10000798  PA:100007d0
19393625ns          360035 1c00979a 03412a83 lw               x21, 52(x2)         x21=xxxxxxxx  x2:10000798  PA:100007cc
19393645ns          360036 1c00979c 03012b03 lw               x22, 48(x2)         x22=xxxxxxxx  x2:10000798  PA:100007c8
19393665ns          360037 1c00979e 02c12b83 lw               x23, 44(x2)         x23=xxxxxxxx  x2:10000798  PA:100007c4
19394046ns          360056 1c0097a0 02812c03 lw               x24, 40(x2)         x24=xxxxxxxx  x2:10000798  PA:100007c0
19394066ns          360057 1c0097a2 02412c83 lw               x25, 36(x2)         x25=xxxxxxxx  x2:10000798  PA:100007bc
19394087ns          360058 1c0097a4 02012d03 lw               x26, 32(x2)         x26=xxxxxxxx  x2:10000798  PA:100007b8
19394107ns          360059 1c0097a6 01c12d83 lw               x27, 28(x2)         x27=xxxxxxxx  x2:10000798  PA:100007b4
19394127ns          360060 1c0097a8 05010113 addi             x2, x2, 80           x2=100007e8  x2:10000798
19394147ns          360061 1c0097aa 00008067 jalr             x0, x1, 0            x1:1c009800
19394648ns          360086 1c009800 93ffe0ef jal              x1, -5826            x1=1c009804
19395110ns          360109 1c00813e ff010113 addi             x2, x2, -16          x2=100007d8  x2:100007e8
19395571ns          360132 1c008140 00812423 sw               x8, 8(x2)            x8:1c001320  x2:100007d8  PA:100007e0
19395611ns          360134 1c008142 1c001437 lui              x8, 0x1c001000       x8=1c001000
19395632ns          360135 1c008146 1c0017b7 lui              x15, 0x1c001000     x15=1c001000
19395652ns          360136 1c00814a 32040413 addi             x8, x8, 800          x8=1c001320  x8:1c001000
19396093ns          360158 1c00814e 3247a603 lw               x12, 804(x15)       x12=000002a8 x15:1c001000  PA:1c001324
19396394ns          360173 1c008152 00042583 lw               x11, 0(x8)          x11=00000000  x8:1c001320  PA:1c001320
19396715ns          360189 1c008154 1c000537 lui              x10, 0x1c000000     x10=1c000000
19396735ns          360190 1c008158 7fc50513 addi             x10, x10, 2044      x10=1c0007fc x10:1c000000
19396755ns          360191 1c00815c 00112623 sw               x1, 12(x2)           x1:1c009804  x2:100007d8  PA:100007e4
19396775ns          360192 1c00815e 46b010ef jal              x1, 7274             x1=1c008162
19397237ns          360215 1c009dc8 fc010113 addi             x2, x2, -64          x2=10000798  x2:100007d8
19397277ns          360217 1c009dca 02410313 addi             x6, x2, 36           x6=100007bc  x2:10000798
19397297ns          360218 1c009dce 02c12423 sw               x12, 40(x2)         x12:000002a8  x2:10000798  PA:100007c0
19397718ns          360239 1c009dd0 00a00633 add              x12, x0, x10        x12=1c0007fc x10:1c0007fc
19397758ns          360241 1c009dd2 1c00a537 lui              x10, 0x1c00a000     x10=1c00a000
19397779ns          360242 1c009dd6 02b12223 sw               x11, 36(x2)         x11:00000000  x2:10000798  PA:100007bc
19397799ns          360243 1c009dd8 02d12623 sw               x13, 44(x2)         x13:00000014  x2:10000798  PA:100007c4
19397819ns          360244 1c009dda 00200593 addi             x11, x0, 2          x11=00000002
19397839ns          360245 1c009ddc 006006b3 add              x13, x0, x6         x13=100007bc  x6:100007bc
19398240ns          360265 1c009dde d8450513 addi             x10, x10, -636      x10=1c009d84 x10:1c00a000
19398260ns          360266 1c009de2 00112e23 sw               x1, 28(x2)           x1:1c008162  x2:10000798  PA:100007b4
19398280ns          360267 1c009de4 02e12823 sw               x14, 48(x2)         x14:1c001320  x2:10000798  PA:100007c8
19398300ns          360268 1c009de6 02f12a23 sw               x15, 52(x2)         x15:1c001000  x2:10000798  PA:100007cc
19398320ns          360269 1c009de8 03012c23 sw               x16, 56(x2)         x16:00000012  x2:10000798  PA:100007d0
19398340ns          360270 1c009dea 03112e23 sw               x17, 60(x2)         x17:1c001320  x2:10000798  PA:100007d4
19398360ns          360271 1c009dec 00612623 sw               x6, 12(x2)           x6:100007bc  x2:10000798  PA:100007a4
19398381ns          360272 1c009dee fbfff0ef jal              x1, -66              x1=1c009df0
19399243ns          360315 1c009dac 04a0006f jal              x0, 74             
19399283ns          360317 1c009df6 ed010113 addi             x2, x2, -304         x2=10000668  x2:10000798
19399304ns          360318 1c009df8 12812423 sw               x8, 296(x2)          x8:1c001320  x2:10000668  PA:10000790
19399324ns          360319 1c009dfc 00000413 addi             x8, x0, 0            x8=00000000
19399765ns          360341 1c009dfe 11612823 sw               x22, 272(x2)        x22:xxxxxxxx  x2:10000668  PA:10000778
19399805ns          360343 1c009e02 11712623 sw               x23, 268(x2)        x23:xxxxxxxx  x2:10000668  PA:10000774
19399825ns          360344 1c009e06 11812423 sw               x24, 264(x2)        x24:xxxxxxxx  x2:10000668  PA:10000770
19399845ns          360345 1c009e0a 11912223 sw               x25, 260(x2)        x25:xxxxxxxx  x2:10000668  PA:1000076c
19399905ns          360348 1c009e0e 11a12023 sw               x26, 256(x2)        x26:xxxxxxxx  x2:10000668  PA:10000768
19399926ns          360349 1c009e12 0fb12e23 sw               x27, 252(x2)        x27:xxxxxxxx  x2:10000668  PA:10000764
19399946ns          360350 1c009e14 12112623 sw               x1, 300(x2)          x1:1c009df0  x2:10000668  PA:10000794
19399966ns          360351 1c009e18 00800db3 add              x27, x0, x8         x27=00000000  x8:00000000
19399986ns          360352 1c009e1a 12912223 sw               x9, 292(x2)          x9:xxxxxxxx  x2:10000668  PA:1000078c
19400427ns          360374 1c009e1e 13212023 sw               x18, 288(x2)        x18:xxxxxxxx  x2:10000668  PA:10000788
19400467ns          360376 1c009e22 11312e23 sw               x19, 284(x2)        x19:xxxxxxxx  x2:10000668  PA:10000784
19400487ns          360377 1c009e26 11412c23 sw               x20, 280(x2)        x20:xxxxxxxx  x2:10000668  PA:10000780
19400507ns          360378 1c009e2a 11512a23 sw               x21, 276(x2)        x21:xxxxxxxx  x2:10000668  PA:1000077c
19400528ns          360379 1c009e2e 00a00b33 add              x22, x0, x10        x22=1c009d84 x10:1c009d84
19400568ns          360381 1c009e30 00b00d33 add              x26, x0, x11        x26=00000002 x11:00000002
19400588ns          360382 1c009e32 00d00c33 add              x24, x0, x13        x24=100007bc x13:100007bc
19400608ns          360383 1c009e34 1c001bb7 lui              x23, 0x1c001000     x23=1c001000
19400628ns          360384 1c009e38 02410c93 addi             x25, x2, 36         x25=1000068c  x2:10000668
19400648ns          360385 1c009e3c 00c00433 add              x8, x0, x12          x8=1c0007fc x12:1c0007fc
19400708ns          360388 1c009e3e 00044503 lbu              x10, 0(x8)          x10=00000025  x8:1c0007fc  PA:1c0007fc
19401009ns          360403 1c009e42 00140413 addi             x8, x8, 1            x8=1c0007fd  x8:1c0007fc
19401029ns          360404 1c009e44 00050e63 beq              x10, x0, 28         x10:00000025
19401049ns          360405 1c009e46 02500793 addi             x15, x0, 37         x15=00000025
19401069ns          360406 1c009e4a 04f50863 beq              x10, x15, 80        x10:00000025 x15:00000025
19401731ns          360439 1c009e9a 00044483 lbu              x9, 0(x8)            x9=00000064  x8:1c0007fd  PA:1c0007fd
19402193ns          360462 1c009e9e 02000693 addi             x13, x0, 32         x13=00000020
19402213ns          360463 1c009ea2 00140a93 addi             x21, x8, 1          x21=1c0007fe  x8:1c0007fd
19402233ns          360464 1c009ea6 009005b3 add              x11, x0, x9         x11=00000064  x9:00000064
19402253ns          360465 1c009ea8 834b8513 addi             x10, x23, -1996     x10=1c000834 x23:1c001000
19402273ns          360466 1c009eac 00d12823 sw               x13, 16(x2)         x13:00000020  x2:10000668  PA:10000678
19402293ns          360467 1c009eae 00012c23 sw               x0, 24(x2)           x2:10000668  PA:10000680
19402695ns          360487 1c009eb0 00012a23 sw               x0, 20(x2)           x2:10000668  PA:1000067c
19402715ns          360488 1c009eb2 00012e23 sw               x0, 28(x2)           x2:10000668  PA:10000684
19402735ns          360489 1c009eb4 00012623 sw               x0, 12(x2)           x2:10000668  PA:10000674
19402755ns          360490 1c009eb6 02300913 addi             x18, x0, 35         x18=00000023
19402775ns          360491 1c009eba 02d00a13 addi             x20, x0, 45         x20=0000002d
19402795ns          360492 1c009ebe 015009b3 add              x19, x0, x21        x19=1c0007fe x21:1c0007fe
19403216ns          360513 1c009ec0 e45ff0ef jal              x1, -444             x1=1c009ec2
19403678ns          360536 1c009d04 00054783 lbu              x15, 0(x10)         x15=0000002d x10:1c000834  PA:1c000834
19403999ns          360552 1c009d08 0ff5f593 andi             x11, x11, 255       x11=00000064 x11:00000064
19404019ns          360553 1c009d0c 00b78c63 beq              x15, x11, 24        x15:0000002d x11:00000064
19404179ns          360561 1c009d10 00078b63 beq              x15, x0, 22         x15:0000002d
19404220ns          360563 1c009d12 00150793 addi             x15, x10, 1         x15=1c000835 x10:1c000834
19404240ns          360564 1c009d16 0040006f jal              x0, 4              
19404280ns          360566 1c009d1a 00f00533 add              x10, x0, x15        x10=1c000835 x15:1c000835
19404300ns          360567 1c009d1c 0017c70b p.lbu            x14, 1(x15!)        x14=0000002b x15=1c000836 x15:1c000835  PA:1c000835
19404761ns          360590 1c009d20 feb71ce3 bne              x14, x11, -8        x14:0000002b x11:00000064
19404821ns          360593 1c009d18 00070763 beq              x14, x0, 14         x14:0000002b
19404842ns          360594 1c009d1a 00f00533 add              x10, x0, x15        x10=1c000836 x15:1c000836
19404862ns          360595 1c009d1c 0017c70b p.lbu            x14, 1(x15!)        x14=00000020 x15=1c000837 x15:1c000836  PA:1c000836
19405183ns          360611 1c009d20 feb71ce3 bne              x14, x11, -8        x14:00000020 x11:00000064
19405403ns          360622 1c009d18 00070763 beq              x14, x0, 14         x14:00000020
19405423ns          360623 1c009d1a 00f00533 add              x10, x0, x15        x10=1c000837 x15:1c000837
19405444ns          360624 1c009d1c 0017c70b p.lbu            x14, 1(x15!)        x14=00000023 x15=1c000838 x15:1c000837  PA:1c000837
19405765ns          360640 1c009d20 feb71ce3 bne              x14, x11, -8        x14:00000023 x11:00000064
19405825ns          360643 1c009d18 00070763 beq              x14, x0, 14         x14:00000023
19405845ns          360644 1c009d1a 00f00533 add              x10, x0, x15        x10=1c000838 x15:1c000838
19405865ns          360645 1c009d1c 0017c70b p.lbu            x14, 1(x15!)        x14=00000030 x15=1c000839 x15:1c000838  PA:1c000838
19406186ns          360661 1c009d20 feb71ce3 bne              x14, x11, -8        x14:00000030 x11:00000064
19406246ns          360664 1c009d18 00070763 beq              x14, x0, 14         x14:00000030
19406266ns          360665 1c009d1a 00f00533 add              x10, x0, x15        x10=1c000839 x15:1c000839
19406286ns          360666 1c009d1c 0017c70b p.lbu            x14, 1(x15!)        x14=00000000 x15=1c00083a x15:1c000839  PA:1c000839
19406607ns          360682 1c009d20 feb71ce3 bne              x14, x11, -8        x14:00000000 x11:00000064
19406668ns          360685 1c009d18 00070763 beq              x14, x0, 14         x14:00000000
19406748ns          360689 1c009d26 0015b593 sltiu            x11, x11, 1         x11=00000000 x11:00000064
19406768ns          360690 1c009d2a 40b005b3 sub              x11, x0, x11        x11=00000000 x11:00000000
19406788ns          360691 1c009d2e 00b57533 and              x10, x10, x11       x10=00000000 x10:1c000839 x11:00000000
19406808ns          360692 1c009d30 00008067 jalr             x0, x1, 0            x1:1c009ec2
19406848ns          360694 1c009ec2 02050a63 beq              x10, x0, 52         x10:00000000
19407370ns          360720 1c009ef6 02a00613 addi             x12, x0, 42         x12=0000002a
19407390ns          360721 1c009efa 2ac48663 beq              x9, x12, 684         x9:00000064 x12:0000002a
19407831ns          360743 1c009efe fd048613 addi             x12, x9, -48        x12=00000034  x9:00000064
19407851ns          360744 1c009f02 00900593 addi             x11, x0, 9          x11=00000009
19407871ns          360745 1c009f04 00000913 addi             x18, x0, 0          x18=00000000
19407891ns          360746 1c009f06 28c5f063 bgeu             x11, x12, 640       x11:00000009 x12:00000034
19407912ns          360747 1c009f0a 02e00693 addi             x13, x0, 46         x13=0000002e
19407932ns          360748 1c009f0e fff00a13 addi             x20, x0, -1         x20=ffffffff
19408353ns          360769 1c009f10 2ed48363 beq              x9, x13, 742         x9:00000064 x13:0000002e
19408393ns          360771 1c009f14 1c0017b7 lui              x15, 0x1c001000     x15=1c001000
19408413ns          360772 1c009f18 009005b3 add              x11, x0, x9         x11=00000064  x9:00000064
19408433ns          360773 1c009f1a 83c78513 addi             x10, x15, -1988     x10=1c00083c x15:1c001000
19408453ns          360774 1c009f1e de7ff0ef jal              x1, -538             x1=1c009f20
19408955ns          360799 1c009d04 00054783 lbu              x15, 0(x10)         x15=00000068 x10:1c00083c  PA:1c00083c
19409296ns          360816 1c009d08 0ff5f593 andi             x11, x11, 255       x11=00000064 x11:00000064
19409316ns          360817 1c009d0c 00b78c63 beq              x15, x11, 24        x15:00000068 x11:00000064
19409336ns          360818 1c009d10 00078b63 beq              x15, x0, 22         x15:00000068
19409356ns          360819 1c009d12 00150793 addi             x15, x10, 1         x15=1c00083d x10:1c00083c
19409376ns          360820 1c009d16 0040006f jal              x0, 4              
19409416ns          360822 1c009d1a 00f00533 add              x10, x0, x15        x10=1c00083d x15:1c00083d
19409437ns          360823 1c009d1c 0017c70b p.lbu            x14, 1(x15!)        x14=0000006c x15=1c00083e x15:1c00083d  PA:1c00083d
19409758ns          360839 1c009d20 feb71ce3 bne              x14, x11, -8        x14:0000006c x11:00000064
19409818ns          360842 1c009d18 00070763 beq              x14, x0, 14         x14:0000006c
19409838ns          360843 1c009d1a 00f00533 add              x10, x0, x15        x10=1c00083e x15:1c00083e
19409858ns          360844 1c009d1c 0017c70b p.lbu            x14, 1(x15!)        x14=0000004c x15=1c00083f x15:1c00083e  PA:1c00083e
19410199ns          360861 1c009d20 feb71ce3 bne              x14, x11, -8        x14:0000004c x11:00000064
19410259ns          360864 1c009d18 00070763 beq              x14, x0, 14         x14:0000004c
19410279ns          360865 1c009d1a 00f00533 add              x10, x0, x15        x10=1c00083f x15:1c00083f
19410299ns          360866 1c009d1c 0017c70b p.lbu            x14, 1(x15!)        x14=0000007a x15=1c000840 x15:1c00083f  PA:1c00083f
19410620ns          360882 1c009d20 feb71ce3 bne              x14, x11, -8        x14:0000007a x11:00000064
19410681ns          360885 1c009d18 00070763 beq              x14, x0, 14         x14:0000007a
19410701ns          360886 1c009d1a 00f00533 add              x10, x0, x15        x10=1c000840 x15:1c000840
19410721ns          360887 1c009d1c 0017c70b p.lbu            x14, 1(x15!)        x14=00000000 x15=1c000841 x15:1c000840  PA:1c000840
19411042ns          360903 1c009d20 feb71ce3 bne              x14, x11, -8        x14:00000000 x11:00000064
19411102ns          360906 1c009d18 00070763 beq              x14, x0, 14         x14:00000000
19411182ns          360910 1c009d26 0015b593 sltiu            x11, x11, 1         x11=00000000 x11:00000064
19411202ns          360911 1c009d2a 40b005b3 sub              x11, x0, x11        x11=00000000 x11:00000000
19411222ns          360912 1c009d2e 00b57533 and              x10, x10, x11       x10=00000000 x10:1c000840 x11:00000000
19411242ns          360913 1c009d30 00008067 jalr             x0, x1, 0            x1:1c009f20
19411283ns          360915 1c009f20 01300433 add              x8, x0, x19          x8=1c0007fe x19:1c0007fe
19411303ns          360916 1c009f22 00050563 beq              x10, x0, 10         x10:00000000
19411363ns          360919 1c009f2c 06700693 addi             x13, x0, 103        x13=00000067
19411824ns          360942 1c009f30 2896d963 bge              x13, x9, 658        x13:00000067  x9:00000064
19412346ns          360968 1c00a1c2 06500693 addi             x13, x0, 101        x13=00000065
19412366ns          360969 1c00a1c6 12d4d563 bge              x9, x13, 298         x9:00000064 x13:00000065
19412386ns          360970 1c00a1ca 04700693 addi             x13, x0, 71         x13=00000047
19412828ns          360992 1c00a1ce dc96cbe3 blt              x13, x9, -554       x13:00000047  x9:00000064
19413309ns          361016 1c009fa4 06300693 addi             x13, x0, 99         x13=00000063
19413349ns          361018 1c009fa8 0ad488e3 beq              x9, x13, 2224        x9:00000064 x13:00000063
19413369ns          361019 1c009fac 0096c9e3 blt              x13, x9, 2066       x13:00000063  x9:00000064
19414734ns          361087 1c00a7be 000c2583 lw               x11, 0(x24)         x11=00000000 x24:100007bc  PA:100007bc
19414754ns          361088 1c00a7c2 004c0c13 addi             x24, x24, 4         x24=100007c0 x24:100007bc
19414774ns          361089 1c00a7c4 3405cc63 blt              x11, x0, 856        x11:00000000
19414794ns          361090 1c00a7c8 01412603 lw               x12, 20(x2)         x12=00000000  x2:10000668  PA:1000067c
19414814ns          361091 1c00a7ca 00b006b3 add              x13, x0, x11        x13=00000000 x11:00000000
19414834ns          361092 1c00a7cc 2e061863 bne              x12, x0, 752        x12:00000000
19415255ns          361113 1c00a7d0 01812703 lw               x14, 24(x2)         x14=00000000  x2:10000668  PA:10000680
19415276ns          361114 1c00a7d2 019007b3 add              x15, x0, x25        x15=1000068c x25:1000068c
19415296ns          361115 1c00a7d4 00070763 beq              x14, x0, 14         x14:00000000
19415777ns          361139 1c00a7e2 00f00733 add              x14, x0, x15        x14=1000068c x15:1000068c
19415817ns          361141 1c00a7e4 00a00513 addi             x10, x0, 10         x10=0000000a
19415837ns          361142 1c00a7e6 02a6f633 remu             x12, x13, x10       x12=00000000 x13:00000000 x10:0000000a
19416459ns          361173 1c00a7ea 02a6d6b3 divu             x13, x13, x10       x13=00000000 x13:00000000 x10:0000000a
19417081ns          361204 1c00a7ee 03060613 addi             x12, x12, 48        x12=00000030 x12:00000000
19417101ns          361205 1c00a7f2 00c700ab p.sb             x12, 1(x14!)        x14=1000068d x12:00000030 x14:1000068c  PA:1000068c
19417122ns          361206 1c00a7f6 fe0698e3 bne              x13, x0, -16        x13:00000000
19417142ns          361207 1c00a7f8 40f706b3 sub              x13, x14, x15       x13=00000001 x14:1000068d x15:1000068c
19417162ns          361208 1c00a7fc 0146dc63 bge              x13, x20, 24        x13:00000001 x20:ffffffff
19418045ns          361252 1c00a814 00e006b3 add              x13, x0, x14        x13=1000068d x14:1000068d
19418085ns          361254 1c00a816 fe068fab p.sb             x0, -1(x13!)        x13=1000068c x13:1000068d  PA:1000068d
19418105ns          361255 1c00a81a 00d7fc63 bgeu             x15, x13, 24        x15:1000068c x13:1000068c
19419008ns          361300 1c00a832 01412783 lw               x15, 20(x2)         x15=00000000  x2:10000668  PA:1000067c
19419048ns          361302 1c00a834 01812603 lw               x12, 24(x2)         x12=00000000  x2:10000668  PA:10000680
19419068ns          361303 1c00a836 419704b3 sub              x9, x14, x25         x9=00000001 x14:1000068d x25:1000068c
19419088ns          361304 1c00a83a 00c7e7b3 or               x15, x15, x12       x15=00000000 x15:00000000 x12:00000000
19419108ns          361305 1c00a83c 00f12623 sw               x15, 12(x2)         x15:00000000  x2:10000668  PA:10000674
19419128ns          361306 1c00a83e 00079363 bne              x15, x0, 6          x15:00000000
19419529ns          361326 1c00a840 01f5d593 srli             x11, x11, 0x1f      x11=00000000 x11:00000000
19419549ns          361327 1c00a842 00b12623 sw               x11, 12(x2)         x11:00000000  x2:10000668  PA:10000674
19419570ns          361328 1c00a844 e3fa28e3 p.beqimm         x20, -464           x20:ffffffff
19420051ns          361352 1c00a674 0c800793 addi             x15, x0, 200        x15=000000c8
19420091ns          361354 1c00a678 9e97d0e3 bge              x15, x9, -1568      x15:000000c8  x9:00000001
19421014ns          361400 1c00a058 0f24d163 bge              x9, x18, 226         x9:00000001 x18:00000000
19421556ns          361427 1c00a13a d00482e3 beq              x9, x0, -764         x9:00000001
19421576ns          361428 1c00a13e 01900933 add              x18, x0, x25        x18=1000068c x25:1000068c
19421997ns          361449 1c00a140 419d8db3 sub              x27, x27, x25       x27=effff974 x27:00000000 x25:1000068c
19422038ns          361451 1c00a144 00a0006f jal              x0, 10             
19422138ns          361456 1c00a14e 0019450b p.lbu            x10, 1(x18!)        x10=00000030 x18=1000068d x18:1000068c  PA:1000068c
19422158ns          361457 1c00a152 01a005b3 add              x11, x0, x26        x11=00000002 x26:00000002
19422178ns          361458 1c00a154 000b00e7 jalr             x1, x22, 0           x1=1c00a156 x22:1c009d84
19422640ns          361481 1c009d84 000026b7 lui              x13, 0x2000         x13=00002000
19422680ns          361483 1c009d86 f14027f3 csrrs            x15, x0, 0xf14      x15=00000000
19422700ns          361484 1c009d8a f8068693 addi             x13, x13, -128      x13=00001f80 x13:00002000
19423141ns          361506 1c009d8e 00379713 slli             x14, x15, 0x3       x14=00000000 x15:00000000
19423161ns          361507 1c009d92 00279793 slli             x15, x15, 0x2       x15=00000000 x15:00000000
19423181ns          361508 1c009d94 00d7f7b3 and              x15, x15, x13       x15=00000000 x15:00000000 x13:00001f80
19423201ns          361509 1c009d96 ee873733 p.bclr           x14, x14, 23, 8     x14=00000000 x14:00000000
19423221ns          361510 1c009d9a 1a10f6b7 lui              x13, 0x1a10f000     x13=1a10f000
19423282ns          361513 1c009d9e 0ff57513 andi             x10, x10, 255       x10=00000030 x10:00000030
19423302ns          361514 1c009da2 00d70733 add              x14, x14, x13       x14=1a10f000 x14:00000000 x13:1a10f000
19423322ns          361515 1c009da4 00a7e723 p.sw             x10, x0(x15)        x10:00000030 x15:00000000  PA:1a10f000
19423643ns          361531 1c009da8 00000513 addi             x10, x0, 0          x10=00000000
19423663ns          361532 1c009daa 00008067 jalr             x0, x1, 0            x1:1c00a156
19423843ns          361541 1c00a156 fff48493 addi             x9, x9, -1           x9=00000000  x9:00000001
19423864ns          361542 1c00a158 fff537e3 p.bneimm         x10, -18            x10:00000000
19424385ns          361568 1c00a146 012d8733 add              x14, x27, x18       x14=00000001 x27:effff974 x18:1000068d
19424405ns          361569 1c00a14a 5a048b63 beq              x9, x0, 1462         x9:00000000
19424887ns          361593 1c00a700 00e00db3 add              x27, x0, x14        x27=00000001 x14:00000001
19424927ns          361595 1c00a702 f3cff06f jal              x0, -2244          
19425088ns          361603 1c009e3e 00044503 lbu              x10, 0(x8)          x10=00000020  x8:1c0007fe  PA:1c0007fe
19425388ns          361618 1c009e42 00140413 addi             x8, x8, 1            x8=1c0007ff  x8:1c0007fe
19425409ns          361619 1c009e44 00050e63 beq              x10, x0, 28         x10:00000020
19425429ns          361620 1c009e46 02500793 addi             x15, x0, 37         x15=00000025
19425449ns          361621 1c009e4a 04f50863 beq              x10, x15, 80        x10:00000020 x15:00000025
19425469ns          361622 1c009e4e 01a005b3 add              x11, x0, x26        x11=00000002 x26:00000002
19425489ns          361623 1c009e50 000b00e7 jalr             x1, x22, 0           x1=1c009e52 x22:1c009d84
19425529ns          361625 1c009d84 000026b7 lui              x13, 0x2000         x13=00002000
19425549ns          361626 1c009d86 f14027f3 csrrs            x15, x0, 0xf14      x15=00000000
19425569ns          361627 1c009d8a f8068693 addi             x13, x13, -128      x13=00001f80 x13:00002000
19425589ns          361628 1c009d8e 00379713 slli             x14, x15, 0x3       x14=00000000 x15:00000000
19425609ns          361629 1c009d92 00279793 slli             x15, x15, 0x2       x15=00000000 x15:00000000
19425629ns          361630 1c009d94 00d7f7b3 and              x15, x15, x13       x15=00000000 x15:00000000 x13:00001f80
19425649ns          361631 1c009d96 ee873733 p.bclr           x14, x14, 23, 8     x14=00000000 x14:00000000
19425669ns          361632 1c009d9a 1a10f6b7 lui              x13, 0x1a10f000     x13=1a10f000
19425689ns          361633 1c009d9e 0ff57513 andi             x10, x10, 255       x10=00000020 x10:00000020
19425710ns          361634 1c009da2 00d70733 add              x14, x14, x13       x14=1a10f000 x14:00000000 x13:1a10f000
19425730ns          361635 1c009da4 00a7e723 p.sw             x10, x0(x15)        x10:00000020 x15:00000000  PA:1a10f000
19426051ns          361651 1c009da8 00000513 addi             x10, x0, 0          x10=00000000
19426071ns          361652 1c009daa 00008067 jalr             x0, x1, 0            x1:1c009e52
19426131ns          361655 1c009e52 31f52563 p.beqimm         x10, 778            x10:00000000
19426151ns          361656 1c009e56 001d8d93 addi             x27, x27, 1         x27=00000002 x27:00000001
19426171ns          361657 1c009e58 00044503 lbu              x10, 0(x8)          x10=0000006f  x8:1c0007ff  PA:1c0007ff
19426472ns          361672 1c009e5c 00140413 addi             x8, x8, 1            x8=1c000800  x8:1c0007ff
19426492ns          361673 1c009e5e fe0514e3 bne              x10, x0, -24        x10:0000006f
19426693ns          361683 1c009e46 02500793 addi             x15, x0, 37         x15=00000025
19426713ns          361684 1c009e4a 04f50863 beq              x10, x15, 80        x10:0000006f x15:00000025
19426733ns          361685 1c009e4e 01a005b3 add              x11, x0, x26        x11=00000002 x26:00000002
19426753ns          361686 1c009e50 000b00e7 jalr             x1, x22, 0           x1=1c009e52 x22:1c009d84
19426793ns          361688 1c009d84 000026b7 lui              x13, 0x2000         x13=00002000
19426813ns          361689 1c009d86 f14027f3 csrrs            x15, x0, 0xf14      x15=00000000
19426833ns          361690 1c009d8a f8068693 addi             x13, x13, -128      x13=00001f80 x13:00002000
19426853ns          361691 1c009d8e 00379713 slli             x14, x15, 0x3       x14=00000000 x15:00000000
19426873ns          361692 1c009d92 00279793 slli             x15, x15, 0x2       x15=00000000 x15:00000000
19426893ns          361693 1c009d94 00d7f7b3 and              x15, x15, x13       x15=00000000 x15:00000000 x13:00001f80
19426913ns          361694 1c009d96 ee873733 p.bclr           x14, x14, 23, 8     x14=00000000 x14:00000000
19426934ns          361695 1c009d9a 1a10f6b7 lui              x13, 0x1a10f000     x13=1a10f000
19426954ns          361696 1c009d9e 0ff57513 andi             x10, x10, 255       x10=0000006f x10:0000006f
19426974ns          361697 1c009da2 00d70733 add              x14, x14, x13       x14=1a10f000 x14:00000000 x13:1a10f000
19426994ns          361698 1c009da4 00a7e723 p.sw             x10, x0(x15)        x10:0000006f x15:00000000  PA:1a10f000
19427315ns          361714 1c009da8 00000513 addi             x10, x0, 0          x10=00000000
19427335ns          361715 1c009daa 00008067 jalr             x0, x1, 0            x1:1c009e52
19427395ns          361718 1c009e52 31f52563 p.beqimm         x10, 778            x10:00000000
19427415ns          361719 1c009e56 001d8d93 addi             x27, x27, 1         x27=00000003 x27:00000002
19427435ns          361720 1c009e58 00044503 lbu              x10, 0(x8)          x10=00000066  x8:1c000800  PA:1c000800
19427756ns          361736 1c009e5c 00140413 addi             x8, x8, 1            x8=1c000801  x8:1c000800
19427776ns          361737 1c009e5e fe0514e3 bne              x10, x0, -24        x10:00000066
19427857ns          361741 1c009e46 02500793 addi             x15, x0, 37         x15=00000025
19427877ns          361742 1c009e4a 04f50863 beq              x10, x15, 80        x10:00000066 x15:00000025
19427897ns          361743 1c009e4e 01a005b3 add              x11, x0, x26        x11=00000002 x26:00000002
19427917ns          361744 1c009e50 000b00e7 jalr             x1, x22, 0           x1=1c009e52 x22:1c009d84
19427957ns          361746 1c009d84 000026b7 lui              x13, 0x2000         x13=00002000
19427977ns          361747 1c009d86 f14027f3 csrrs            x15, x0, 0xf14      x15=00000000
19427997ns          361748 1c009d8a f8068693 addi             x13, x13, -128      x13=00001f80 x13:00002000
19428017ns          361749 1c009d8e 00379713 slli             x14, x15, 0x3       x14=00000000 x15:00000000
19428037ns          361750 1c009d92 00279793 slli             x15, x15, 0x2       x15=00000000 x15:00000000
19428057ns          361751 1c009d94 00d7f7b3 and              x15, x15, x13       x15=00000000 x15:00000000 x13:00001f80
19428077ns          361752 1c009d96 ee873733 p.bclr           x14, x14, 23, 8     x14=00000000 x14:00000000
19428097ns          361753 1c009d9a 1a10f6b7 lui              x13, 0x1a10f000     x13=1a10f000
19428117ns          361754 1c009d9e 0ff57513 andi             x10, x10, 255       x10=00000066 x10:00000066
19428137ns          361755 1c009da2 00d70733 add              x14, x14, x13       x14=1a10f000 x14:00000000 x13:1a10f000
19428158ns          361756 1c009da4 00a7e723 p.sw             x10, x0(x15)        x10:00000066 x15:00000000  PA:1a10f000
19428479ns          361772 1c009da8 00000513 addi             x10, x0, 0          x10=00000000
19428499ns          361773 1c009daa 00008067 jalr             x0, x1, 0            x1:1c009e52
19428559ns          361776 1c009e52 31f52563 p.beqimm         x10, 778            x10:00000000
19428579ns          361777 1c009e56 001d8d93 addi             x27, x27, 1         x27=00000004 x27:00000003
19428599ns          361778 1c009e58 00044503 lbu              x10, 0(x8)          x10=00000020  x8:1c000801  PA:1c000801
19428920ns          361794 1c009e5c 00140413 addi             x8, x8, 1            x8=1c000802  x8:1c000801
19428940ns          361795 1c009e5e fe0514e3 bne              x10, x0, -24        x10:00000020
19429020ns          361799 1c009e46 02500793 addi             x15, x0, 37         x15=00000025
19429040ns          361800 1c009e4a 04f50863 beq              x10, x15, 80        x10:00000020 x15:00000025
19429060ns          361801 1c009e4e 01a005b3 add              x11, x0, x26        x11=00000002 x26:00000002
19429081ns          361802 1c009e50 000b00e7 jalr             x1, x22, 0           x1=1c009e52 x22:1c009d84
19429121ns          361804 1c009d84 000026b7 lui              x13, 0x2000         x13=00002000
19429141ns          361805 1c009d86 f14027f3 csrrs            x15, x0, 0xf14      x15=00000000
19429161ns          361806 1c009d8a f8068693 addi             x13, x13, -128      x13=00001f80 x13:00002000
19429181ns          361807 1c009d8e 00379713 slli             x14, x15, 0x3       x14=00000000 x15:00000000
19429201ns          361808 1c009d92 00279793 slli             x15, x15, 0x2       x15=00000000 x15:00000000
19429221ns          361809 1c009d94 00d7f7b3 and              x15, x15, x13       x15=00000000 x15:00000000 x13:00001f80
19429241ns          361810 1c009d96 ee873733 p.bclr           x14, x14, 23, 8     x14=00000000 x14:00000000
19429261ns          361811 1c009d9a 1a10f6b7 lui              x13, 0x1a10f000     x13=1a10f000
19429281ns          361812 1c009d9e 0ff57513 andi             x10, x10, 255       x10=00000020 x10:00000020
19429301ns          361813 1c009da2 00d70733 add              x14, x14, x13       x14=1a10f000 x14:00000000 x13:1a10f000
19429321ns          361814 1c009da4 00a7e723 p.sw             x10, x0(x15)        x10:00000020 x15:00000000  PA:1a10f000
19429642ns          361830 1c009da8 00000513 addi             x10, x0, 0          x10=00000000
19429662ns          361831 1c009daa 00008067 jalr             x0, x1, 0            x1:1c009e52
19429723ns          361834 1c009e52 31f52563 p.beqimm         x10, 778            x10:00000000
19429743ns          361835 1c009e56 001d8d93 addi             x27, x27, 1         x27=00000005 x27:00000004
19429763ns          361836 1c009e58 00044503 lbu              x10, 0(x8)          x10=00000025  x8:1c000802  PA:1c000802
19430064ns          361851 1c009e5c 00140413 addi             x8, x8, 1            x8=1c000803  x8:1c000802
19430084ns          361852 1c009e5e fe0514e3 bne              x10, x0, -24        x10:00000025
19430164ns          361856 1c009e46 02500793 addi             x15, x0, 37         x15=00000025
19430184ns          361857 1c009e4a 04f50863 beq              x10, x15, 80        x10:00000025 x15:00000025
19430264ns          361861 1c009e9a 00044483 lbu              x9, 0(x8)            x9=00000064  x8:1c000803  PA:1c000803
19430585ns          361877 1c009e9e 02000693 addi             x13, x0, 32         x13=00000020
19430605ns          361878 1c009ea2 00140a93 addi             x21, x8, 1          x21=1c000804  x8:1c000803
19430626ns          361879 1c009ea6 009005b3 add              x11, x0, x9         x11=00000064  x9:00000064
19430646ns          361880 1c009ea8 834b8513 addi             x10, x23, -1996     x10=1c000834 x23:1c001000
19430666ns          361881 1c009eac 00d12823 sw               x13, 16(x2)         x13:00000020  x2:10000668  PA:10000678
19430686ns          361882 1c009eae 00012c23 sw               x0, 24(x2)           x2:10000668  PA:10000680
19430706ns          361883 1c009eb0 00012a23 sw               x0, 20(x2)           x2:10000668  PA:1000067c
19430726ns          361884 1c009eb2 00012e23 sw               x0, 28(x2)           x2:10000668  PA:10000684
19430746ns          361885 1c009eb4 00012623 sw               x0, 12(x2)           x2:10000668  PA:10000674
19430766ns          361886 1c009eb6 02300913 addi             x18, x0, 35         x18=00000023
19430786ns          361887 1c009eba 02d00a13 addi             x20, x0, 45         x20=0000002d
19430806ns          361888 1c009ebe 015009b3 add              x19, x0, x21        x19=1c000804 x21:1c000804
19430846ns          361890 1c009ec0 e45ff0ef jal              x1, -444             x1=1c009ec2
19430927ns          361894 1c009d04 00054783 lbu              x15, 0(x10)         x15=0000002d x10:1c000834  PA:1c000834
19431268ns          361911 1c009d08 0ff5f593 andi             x11, x11, 255       x11=00000064 x11:00000064
19431288ns          361912 1c009d0c 00b78c63 beq              x15, x11, 24        x15:0000002d x11:00000064
19431308ns          361913 1c009d10 00078b63 beq              x15, x0, 22         x15:0000002d
19431328ns          361914 1c009d12 00150793 addi             x15, x10, 1         x15=1c000835 x10:1c000834
19431348ns          361915 1c009d16 0040006f jal              x0, 4              
19431448ns          361920 1c009d1a 00f00533 add              x10, x0, x15        x10=1c000835 x15:1c000835
19431468ns          361921 1c009d1c 0017c70b p.lbu            x14, 1(x15!)        x14=0000002b x15=1c000836 x15:1c000835  PA:1c000835
19431789ns          361937 1c009d20 feb71ce3 bne              x14, x11, -8        x14:0000002b x11:00000064
19431850ns          361940 1c009d18 00070763 beq              x14, x0, 14         x14:0000002b
19431870ns          361941 1c009d1a 00f00533 add              x10, x0, x15        x10=1c000836 x15:1c000836
19431890ns          361942 1c009d1c 0017c70b p.lbu            x14, 1(x15!)        x14=00000020 x15=1c000837 x15:1c000836  PA:1c000836
19432211ns          361958 1c009d20 feb71ce3 bne              x14, x11, -8        x14:00000020 x11:00000064
19432271ns          361961 1c009d18 00070763 beq              x14, x0, 14         x14:00000020
19432291ns          361962 1c009d1a 00f00533 add              x10, x0, x15        x10=1c000837 x15:1c000837
19432311ns          361963 1c009d1c 0017c70b p.lbu            x14, 1(x15!)        x14=00000023 x15=1c000838 x15:1c000837  PA:1c000837
19432632ns          361979 1c009d20 feb71ce3 bne              x14, x11, -8        x14:00000023 x11:00000064
19432692ns          361982 1c009d18 00070763 beq              x14, x0, 14         x14:00000023
19432712ns          361983 1c009d1a 00f00533 add              x10, x0, x15        x10=1c000838 x15:1c000838
19432732ns          361984 1c009d1c 0017c70b p.lbu            x14, 1(x15!)        x14=00000030 x15=1c000839 x15:1c000838  PA:1c000838
19433074ns          362001 1c009d20 feb71ce3 bne              x14, x11, -8        x14:00000030 x11:00000064
19433134ns          362004 1c009d18 00070763 beq              x14, x0, 14         x14:00000030
19433154ns          362005 1c009d1a 00f00533 add              x10, x0, x15        x10=1c000839 x15:1c000839
19433174ns          362006 1c009d1c 0017c70b p.lbu            x14, 1(x15!)        x14=00000000 x15=1c00083a x15:1c000839  PA:1c000839
19433495ns          362022 1c009d20 feb71ce3 bne              x14, x11, -8        x14:00000000 x11:00000064
19433555ns          362025 1c009d18 00070763 beq              x14, x0, 14         x14:00000000
19433635ns          362029 1c009d26 0015b593 sltiu            x11, x11, 1         x11=00000000 x11:00000064
19433655ns          362030 1c009d2a 40b005b3 sub              x11, x0, x11        x11=00000000 x11:00000000
19433675ns          362031 1c009d2e 00b57533 and              x10, x10, x11       x10=00000000 x10:1c000839 x11:00000000
19433696ns          362032 1c009d30 00008067 jalr             x0, x1, 0            x1:1c009ec2
19433736ns          362034 1c009ec2 02050a63 beq              x10, x0, 52         x10:00000000
19433876ns          362041 1c009ef6 02a00613 addi             x12, x0, 42         x12=0000002a
19433896ns          362042 1c009efa 2ac48663 beq              x9, x12, 684         x9:00000064 x12:0000002a
19434358ns          362065 1c009efe fd048613 addi             x12, x9, -48        x12=00000034  x9:00000064
19434378ns          362066 1c009f02 00900593 addi             x11, x0, 9          x11=00000009
19434398ns          362067 1c009f04 00000913 addi             x18, x0, 0          x18=00000000
19434418ns          362068 1c009f06 28c5f063 bgeu             x11, x12, 640       x11:00000009 x12:00000034
19434438ns          362069 1c009f0a 02e00693 addi             x13, x0, 46         x13=0000002e
19434458ns          362070 1c009f0e fff00a13 addi             x20, x0, -1         x20=ffffffff
19434498ns          362072 1c009f10 2ed48363 beq              x9, x13, 742         x9:00000064 x13:0000002e
19434538ns          362074 1c009f14 1c0017b7 lui              x15, 0x1c001000     x15=1c001000
19434558ns          362075 1c009f18 009005b3 add              x11, x0, x9         x11=00000064  x9:00000064
19434578ns          362076 1c009f1a 83c78513 addi             x10, x15, -1988     x10=1c00083c x15:1c001000
19434598ns          362077 1c009f1e de7ff0ef jal              x1, -538             x1=1c009f20
19434679ns          362081 1c009d04 00054783 lbu              x15, 0(x10)         x15=00000068 x10:1c00083c  PA:1c00083c
19434980ns          362096 1c009d08 0ff5f593 andi             x11, x11, 255       x11=00000064 x11:00000064
19435000ns          362097 1c009d0c 00b78c63 beq              x15, x11, 24        x15:00000068 x11:00000064
19435020ns          362098 1c009d10 00078b63 beq              x15, x0, 22         x15:00000068
19435040ns          362099 1c009d12 00150793 addi             x15, x10, 1         x15=1c00083d x10:1c00083c
19435060ns          362100 1c009d16 0040006f jal              x0, 4              
19435100ns          362102 1c009d1a 00f00533 add              x10, x0, x15        x10=1c00083d x15:1c00083d
19435120ns          362103 1c009d1c 0017c70b p.lbu            x14, 1(x15!)        x14=0000006c x15=1c00083e x15:1c00083d  PA:1c00083d
19435441ns          362119 1c009d20 feb71ce3 bne              x14, x11, -8        x14:0000006c x11:00000064
19435501ns          362122 1c009d18 00070763 beq              x14, x0, 14         x14:0000006c
19435521ns          362123 1c009d1a 00f00533 add              x10, x0, x15        x10=1c00083e x15:1c00083e
19435542ns          362124 1c009d1c 0017c70b p.lbu            x14, 1(x15!)        x14=0000004c x15=1c00083f x15:1c00083e  PA:1c00083e
19435863ns          362140 1c009d20 feb71ce3 bne              x14, x11, -8        x14:0000004c x11:00000064
19435923ns          362143 1c009d18 00070763 beq              x14, x0, 14         x14:0000004c
19435943ns          362144 1c009d1a 00f00533 add              x10, x0, x15        x10=1c00083f x15:1c00083f
19435963ns          362145 1c009d1c 0017c70b p.lbu            x14, 1(x15!)        x14=0000007a x15=1c000840 x15:1c00083f  PA:1c00083f
19436284ns          362161 1c009d20 feb71ce3 bne              x14, x11, -8        x14:0000007a x11:00000064
19436344ns          362164 1c009d18 00070763 beq              x14, x0, 14         x14:0000007a
19436364ns          362165 1c009d1a 00f00533 add              x10, x0, x15        x10=1c000840 x15:1c000840
19436384ns          362166 1c009d1c 0017c70b p.lbu            x14, 1(x15!)        x14=00000000 x15=1c000841 x15:1c000840  PA:1c000840
19436705ns          362182 1c009d20 feb71ce3 bne              x14, x11, -8        x14:00000000 x11:00000064
19436766ns          362185 1c009d18 00070763 beq              x14, x0, 14         x14:00000000
19436846ns          362189 1c009d26 0015b593 sltiu            x11, x11, 1         x11=00000000 x11:00000064
19436866ns          362190 1c009d2a 40b005b3 sub              x11, x0, x11        x11=00000000 x11:00000000
19436886ns          362191 1c009d2e 00b57533 and              x10, x10, x11       x10=00000000 x10:1c000840 x11:00000000
19436906ns          362192 1c009d30 00008067 jalr             x0, x1, 0            x1:1c009f20
19436946ns          362194 1c009f20 01300433 add              x8, x0, x19          x8=1c000804 x19:1c000804
19436966ns          362195 1c009f22 00050563 beq              x10, x0, 10         x10:00000000
19437026ns          362198 1c009f2c 06700693 addi             x13, x0, 103        x13=00000067
19437087ns          362201 1c009f30 2896d963 bge              x13, x9, 658        x13:00000067  x9:00000064
19437227ns          362208 1c00a1c2 06500693 addi             x13, x0, 101        x13=00000065
19437247ns          362209 1c00a1c6 12d4d563 bge              x9, x13, 298         x9:00000064 x13:00000065
19437267ns          362210 1c00a1ca 04700693 addi             x13, x0, 71         x13=00000047
19437327ns          362213 1c00a1ce dc96cbe3 blt              x13, x9, -554       x13:00000047  x9:00000064
19437428ns          362218 1c009fa4 06300693 addi             x13, x0, 99         x13=00000063
19437468ns          362220 1c009fa8 0ad488e3 beq              x9, x13, 2224        x9:00000064 x13:00000063
19437488ns          362221 1c009fac 0096c9e3 blt              x13, x9, 2066       x13:00000063  x9:00000064
19437709ns          362232 1c00a7be 000c2583 lw               x11, 0(x24)         x11=000002a8 x24:100007c0  PA:100007c0
19437729ns          362233 1c00a7c2 004c0c13 addi             x24, x24, 4         x24=100007c4 x24:100007c0
19437749ns          362234 1c00a7c4 3405cc63 blt              x11, x0, 856        x11:000002a8
19437769ns          362235 1c00a7c8 01412603 lw               x12, 20(x2)         x12=00000000  x2:10000668  PA:1000067c
19437789ns          362236 1c00a7ca 00b006b3 add              x13, x0, x11        x13=000002a8 x11:000002a8
19437809ns          362237 1c00a7cc 2e061863 bne              x12, x0, 752        x12:00000000
19437849ns          362239 1c00a7d0 01812703 lw               x14, 24(x2)         x14=00000000  x2:10000668  PA:10000680
19437869ns          362240 1c00a7d2 019007b3 add              x15, x0, x25        x15=1000068c x25:1000068c
19437889ns          362241 1c00a7d4 00070763 beq              x14, x0, 14         x14:00000000
19437949ns          362244 1c00a7e2 00f00733 add              x14, x0, x15        x14=1000068c x15:1000068c
19437969ns          362245 1c00a7e4 00a00513 addi             x10, x0, 10         x10=0000000a
19437990ns          362246 1c00a7e6 02a6f633 remu             x12, x13, x10       x12=00000000 x13:000002a8 x10:0000000a
19438612ns          362277 1c00a7ea 02a6d6b3 divu             x13, x13, x10       x13=00000044 x13:000002a8 x10:0000000a
19439234ns          362308 1c00a7ee 03060613 addi             x12, x12, 48        x12=00000030 x12:00000000
19439254ns          362309 1c00a7f2 00c700ab p.sb             x12, 1(x14!)        x14=1000068d x12:00000030 x14:1000068c  PA:1000068c
19439274ns          362310 1c00a7f6 fe0698e3 bne              x13, x0, -16        x13:00000044
19439414ns          362317 1c00a7e6 02a6f633 remu             x12, x13, x10       x12=00000008 x13:00000044 x10:0000000a
19440036ns          362348 1c00a7ea 02a6d6b3 divu             x13, x13, x10       x13=00000006 x13:00000044 x10:0000000a
19440658ns          362379 1c00a7ee 03060613 addi             x12, x12, 48        x12=00000038 x12:00000008
19440678ns          362380 1c00a7f2 00c700ab p.sb             x12, 1(x14!)        x14=1000068e x12:00000038 x14:1000068d  PA:1000068d
19440698ns          362381 1c00a7f6 fe0698e3 bne              x13, x0, -16        x13:00000006
19440779ns          362385 1c00a7e6 02a6f633 remu             x12, x13, x10       x12=00000006 x13:00000006 x10:0000000a
19441401ns          362416 1c00a7ea 02a6d6b3 divu             x13, x13, x10       x13=00000000 x13:00000006 x10:0000000a
19442023ns          362447 1c00a7ee 03060613 addi             x12, x12, 48        x12=00000036 x12:00000006
19442043ns          362448 1c00a7f2 00c700ab p.sb             x12, 1(x14!)        x14=1000068f x12:00000036 x14:1000068e  PA:1000068e
19442063ns          362449 1c00a7f6 fe0698e3 bne              x13, x0, -16        x13:00000000
19442083ns          362450 1c00a7f8 40f706b3 sub              x13, x14, x15       x13=00000003 x14:1000068f x15:1000068c
19442103ns          362451 1c00a7fc 0146dc63 bge              x13, x20, 24        x13:00000003 x20:ffffffff
19442163ns          362454 1c00a814 00e006b3 add              x13, x0, x14        x13=1000068f x14:1000068f
19442183ns          362455 1c00a816 fe068fab p.sb             x0, -1(x13!)        x13=1000068e x13:1000068f  PA:1000068f
19442203ns          362456 1c00a81a 00d7fc63 bgeu             x15, x13, 24        x15:1000068c x13:1000068e
19442263ns          362459 1c00a81e 0007c503 lbu              x10, 0(x15)         x10=00000030 x15:1000068c  PA:1000068c
19442304ns          362461 1c00a822 0006c603 lbu              x12, 0(x13)         x12=00000036 x13:1000068e  PA:1000068e
19442324ns          362462 1c00a826 fea68fab p.sb             x10, -1(x13!)       x13=1000068d x10:00000030 x13:1000068e  PA:1000068e
19442344ns          362463 1c00a82a 00c780ab p.sb             x12, 1(x15!)        x15=1000068d x12:00000036 x15:1000068c  PA:1000068c
19442404ns          362466 1c00a82e fed7e8e3 bltu             x15, x13, -16       x15:1000068d x13:1000068d
19442424ns          362467 1c00a832 01412783 lw               x15, 20(x2)         x15=00000000  x2:10000668  PA:1000067c
19442444ns          362468 1c00a834 01812603 lw               x12, 24(x2)         x12=00000000  x2:10000668  PA:10000680
19442464ns          362469 1c00a836 419704b3 sub              x9, x14, x25         x9=00000003 x14:1000068f x25:1000068c
19442484ns          362470 1c00a83a 00c7e7b3 or               x15, x15, x12       x15=00000000 x15:00000000 x12:00000000
19442504ns          362471 1c00a83c 00f12623 sw               x15, 12(x2)         x15:00000000  x2:10000668  PA:10000674
19442524ns          362472 1c00a83e 00079363 bne              x15, x0, 6          x15:00000000
19442544ns          362473 1c00a840 01f5d593 srli             x11, x11, 0x1f      x11=00000000 x11:000002a8
19442564ns          362474 1c00a842 00b12623 sw               x11, 12(x2)         x11:00000000  x2:10000668  PA:10000674
19442585ns          362475 1c00a844 e3fa28e3 p.beqimm         x20, -464           x20:ffffffff
19443126ns          362502 1c00a674 0c800793 addi             x15, x0, 200        x15=000000c8
19443166ns          362504 1c00a678 9e97d0e3 bge              x15, x9, -1568      x15:000000c8  x9:00000003
19443327ns          362512 1c00a058 0f24d163 bge              x9, x18, 226         x9:00000003 x18:00000000
19443467ns          362519 1c00a13a d00482e3 beq              x9, x0, -764         x9:00000003
19443487ns          362520 1c00a13e 01900933 add              x18, x0, x25        x18=1000068c x25:1000068c
19443528ns          362522 1c00a140 419d8db3 sub              x27, x27, x25       x27=effff979 x27:00000005 x25:1000068c
19443568ns          362524 1c00a144 00a0006f jal              x0, 10             
19443668ns          362529 1c00a14e 0019450b p.lbu            x10, 1(x18!)        x10=00000036 x18=1000068d x18:1000068c  PA:1000068c
19443688ns          362530 1c00a152 01a005b3 add              x11, x0, x26        x11=00000002 x26:00000002
19443708ns          362531 1c00a154 000b00e7 jalr             x1, x22, 0           x1=1c00a156 x22:1c009d84
19443748ns          362533 1c009d84 000026b7 lui              x13, 0x2000         x13=00002000
19443768ns          362534 1c009d86 f14027f3 csrrs            x15, x0, 0xf14      x15=00000000
19443788ns          362535 1c009d8a f8068693 addi             x13, x13, -128      x13=00001f80 x13:00002000
19443849ns          362538 1c009d8e 00379713 slli             x14, x15, 0x3       x14=00000000 x15:00000000
19443869ns          362539 1c009d92 00279793 slli             x15, x15, 0x2       x15=00000000 x15:00000000
19443889ns          362540 1c009d94 00d7f7b3 and              x15, x15, x13       x15=00000000 x15:00000000 x13:00001f80
19443909ns          362541 1c009d96 ee873733 p.bclr           x14, x14, 23, 8     x14=00000000 x14:00000000
19443929ns          362542 1c009d9a 1a10f6b7 lui              x13, 0x1a10f000     x13=1a10f000
19443989ns          362545 1c009d9e 0ff57513 andi             x10, x10, 255       x10=00000036 x10:00000036
19444009ns          362546 1c009da2 00d70733 add              x14, x14, x13       x14=1a10f000 x14:00000000 x13:1a10f000
19444029ns          362547 1c009da4 00a7e723 p.sw             x10, x0(x15)        x10:00000036 x15:00000000  PA:1a10f000
19444350ns          362563 1c009da8 00000513 addi             x10, x0, 0          x10=00000000
19444370ns          362564 1c009daa 00008067 jalr             x0, x1, 0            x1:1c00a156
19444410ns          362566 1c00a156 fff48493 addi             x9, x9, -1           x9=00000002  x9:00000003
19444431ns          362567 1c00a158 fff537e3 p.bneimm         x10, -18            x10:00000000
19444511ns          362571 1c00a146 012d8733 add              x14, x27, x18       x14=00000006 x27:effff979 x18:1000068d
19444531ns          362572 1c00a14a 5a048b63 beq              x9, x0, 1462         x9:00000002
19444551ns          362573 1c00a14e 0019450b p.lbu            x10, 1(x18!)        x10=00000038 x18=1000068e x18:1000068d  PA:1000068d
19444571ns          362574 1c00a152 01a005b3 add              x11, x0, x26        x11=00000002 x26:00000002
19444591ns          362575 1c00a154 000b00e7 jalr             x1, x22, 0           x1=1c00a156 x22:1c009d84
19444631ns          362577 1c009d84 000026b7 lui              x13, 0x2000         x13=00002000
19444651ns          362578 1c009d86 f14027f3 csrrs            x15, x0, 0xf14      x15=00000000
19444671ns          362579 1c009d8a f8068693 addi             x13, x13, -128      x13=00001f80 x13:00002000
19444691ns          362580 1c009d8e 00379713 slli             x14, x15, 0x3       x14=00000000 x15:00000000
19444711ns          362581 1c009d92 00279793 slli             x15, x15, 0x2       x15=00000000 x15:00000000
19444731ns          362582 1c009d94 00d7f7b3 and              x15, x15, x13       x15=00000000 x15:00000000 x13:00001f80
19444752ns          362583 1c009d96 ee873733 p.bclr           x14, x14, 23, 8     x14=00000000 x14:00000000
19444772ns          362584 1c009d9a 1a10f6b7 lui              x13, 0x1a10f000     x13=1a10f000
19444792ns          362585 1c009d9e 0ff57513 andi             x10, x10, 255       x10=00000038 x10:00000038
19444812ns          362586 1c009da2 00d70733 add              x14, x14, x13       x14=1a10f000 x14:00000000 x13:1a10f000
19444832ns          362587 1c009da4 00a7e723 p.sw             x10, x0(x15)        x10:00000038 x15:00000000  PA:1a10f000
19445153ns          362603 1c009da8 00000513 addi             x10, x0, 0          x10=00000000
19445173ns          362604 1c009daa 00008067 jalr             x0, x1, 0            x1:1c00a156
19445213ns          362606 1c00a156 fff48493 addi             x9, x9, -1           x9=00000001  x9:00000002
19445233ns          362607 1c00a158 fff537e3 p.bneimm         x10, -18            x10:00000000
19445313ns          362611 1c00a146 012d8733 add              x14, x27, x18       x14=00000007 x27:effff979 x18:1000068e
19445333ns          362612 1c00a14a 5a048b63 beq              x9, x0, 1462         x9:00000001
19445354ns          362613 1c00a14e 0019450b p.lbu            x10, 1(x18!)        x10=00000030 x18=1000068f x18:1000068e  PA:1000068e
19445374ns          362614 1c00a152 01a005b3 add              x11, x0, x26        x11=00000002 x26:00000002
19445394ns          362615 1c00a154 000b00e7 jalr             x1, x22, 0           x1=1c00a156 x22:1c009d84
19445434ns          362617 1c009d84 000026b7 lui              x13, 0x2000         x13=00002000
19445454ns          362618 1c009d86 f14027f3 csrrs            x15, x0, 0xf14      x15=00000000
19445474ns          362619 1c009d8a f8068693 addi             x13, x13, -128      x13=00001f80 x13:00002000
19445494ns          362620 1c009d8e 00379713 slli             x14, x15, 0x3       x14=00000000 x15:00000000
19445514ns          362621 1c009d92 00279793 slli             x15, x15, 0x2       x15=00000000 x15:00000000
19445534ns          362622 1c009d94 00d7f7b3 and              x15, x15, x13       x15=00000000 x15:00000000 x13:00001f80
19445554ns          362623 1c009d96 ee873733 p.bclr           x14, x14, 23, 8     x14=00000000 x14:00000000
19445574ns          362624 1c009d9a 1a10f6b7 lui              x13, 0x1a10f000     x13=1a10f000
19445594ns          362625 1c009d9e 0ff57513 andi             x10, x10, 255       x10=00000030 x10:00000030
19445614ns          362626 1c009da2 00d70733 add              x14, x14, x13       x14=1a10f000 x14:00000000 x13:1a10f000
19445634ns          362627 1c009da4 00a7e723 p.sw             x10, x0(x15)        x10:00000030 x15:00000000  PA:1a10f000
19445955ns          362643 1c009da8 00000513 addi             x10, x0, 0          x10=00000000
19445976ns          362644 1c009daa 00008067 jalr             x0, x1, 0            x1:1c00a156
19446016ns          362646 1c00a156 fff48493 addi             x9, x9, -1           x9=00000000  x9:00000001
19446036ns          362647 1c00a158 fff537e3 p.bneimm         x10, -18            x10:00000000
19446116ns          362651 1c00a146 012d8733 add              x14, x27, x18       x14=00000008 x27:effff979 x18:1000068f
19446136ns          362652 1c00a14a 5a048b63 beq              x9, x0, 1462         x9:00000000
19446236ns          362657 1c00a700 00e00db3 add              x27, x0, x14        x27=00000008 x14:00000008
19446277ns          362659 1c00a702 f3cff06f jal              x0, -2244          
19446437ns          362667 1c009e3e 00044503 lbu              x10, 0(x8)          x10=00000020  x8:1c000804  PA:1c000804
19446738ns          362682 1c009e42 00140413 addi             x8, x8, 1            x8=1c000805  x8:1c000804
19446758ns          362683 1c009e44 00050e63 beq              x10, x0, 28         x10:00000020
19446778ns          362684 1c009e46 02500793 addi             x15, x0, 37         x15=00000025
19446798ns          362685 1c009e4a 04f50863 beq              x10, x15, 80        x10:00000020 x15:00000025
19446818ns          362686 1c009e4e 01a005b3 add              x11, x0, x26        x11=00000002 x26:00000002
19446838ns          362687 1c009e50 000b00e7 jalr             x1, x22, 0           x1=1c009e52 x22:1c009d84
19446878ns          362689 1c009d84 000026b7 lui              x13, 0x2000         x13=00002000
19446899ns          362690 1c009d86 f14027f3 csrrs            x15, x0, 0xf14      x15=00000000
19446919ns          362691 1c009d8a f8068693 addi             x13, x13, -128      x13=00001f80 x13:00002000
19446939ns          362692 1c009d8e 00379713 slli             x14, x15, 0x3       x14=00000000 x15:00000000
19446959ns          362693 1c009d92 00279793 slli             x15, x15, 0x2       x15=00000000 x15:00000000
19446979ns          362694 1c009d94 00d7f7b3 and              x15, x15, x13       x15=00000000 x15:00000000 x13:00001f80
19446999ns          362695 1c009d96 ee873733 p.bclr           x14, x14, 23, 8     x14=00000000 x14:00000000
19447019ns          362696 1c009d9a 1a10f6b7 lui              x13, 0x1a10f000     x13=1a10f000
19447039ns          362697 1c009d9e 0ff57513 andi             x10, x10, 255       x10=00000020 x10:00000020
19447059ns          362698 1c009da2 00d70733 add              x14, x14, x13       x14=1a10f000 x14:00000000 x13:1a10f000
19447079ns          362699 1c009da4 00a7e723 p.sw             x10, x0(x15)        x10:00000020 x15:00000000  PA:1a10f000
19447400ns          362715 1c009da8 00000513 addi             x10, x0, 0          x10=00000000
19447420ns          362716 1c009daa 00008067 jalr             x0, x1, 0            x1:1c009e52
19447480ns          362719 1c009e52 31f52563 p.beqimm         x10, 778            x10:00000000
19447501ns          362720 1c009e56 001d8d93 addi             x27, x27, 1         x27=00000009 x27:00000008
19447521ns          362721 1c009e58 00044503 lbu              x10, 0(x8)          x10=00000063  x8:1c000805  PA:1c000805
19447822ns          362736 1c009e5c 00140413 addi             x8, x8, 1            x8=1c000806  x8:1c000805
19447842ns          362737 1c009e5e fe0514e3 bne              x10, x0, -24        x10:00000063
19447922ns          362741 1c009e46 02500793 addi             x15, x0, 37         x15=00000025
19447942ns          362742 1c009e4a 04f50863 beq              x10, x15, 80        x10:00000063 x15:00000025
19447962ns          362743 1c009e4e 01a005b3 add              x11, x0, x26        x11=00000002 x26:00000002
19447982ns          362744 1c009e50 000b00e7 jalr             x1, x22, 0           x1=1c009e52 x22:1c009d84
19448022ns          362746 1c009d84 000026b7 lui              x13, 0x2000         x13=00002000
19448042ns          362747 1c009d86 f14027f3 csrrs            x15, x0, 0xf14      x15=00000000
19448062ns          362748 1c009d8a f8068693 addi             x13, x13, -128      x13=00001f80 x13:00002000
19448082ns          362749 1c009d8e 00379713 slli             x14, x15, 0x3       x14=00000000 x15:00000000
19448102ns          362750 1c009d92 00279793 slli             x15, x15, 0x2       x15=00000000 x15:00000000
19448123ns          362751 1c009d94 00d7f7b3 and              x15, x15, x13       x15=00000000 x15:00000000 x13:00001f80
19448143ns          362752 1c009d96 ee873733 p.bclr           x14, x14, 23, 8     x14=00000000 x14:00000000
19448163ns          362753 1c009d9a 1a10f6b7 lui              x13, 0x1a10f000     x13=1a10f000
19448183ns          362754 1c009d9e 0ff57513 andi             x10, x10, 255       x10=00000063 x10:00000063
19448203ns          362755 1c009da2 00d70733 add              x14, x14, x13       x14=1a10f000 x14:00000000 x13:1a10f000
19448223ns          362756 1c009da4 00a7e723 p.sw             x10, x0(x15)        x10:00000063 x15:00000000  PA:1a10f000
19448544ns          362772 1c009da8 00000513 addi             x10, x0, 0          x10=00000000
19448564ns          362773 1c009daa 00008067 jalr             x0, x1, 0            x1:1c009e52
19448624ns          362776 1c009e52 31f52563 p.beqimm         x10, 778            x10:00000000
19448644ns          362777 1c009e56 001d8d93 addi             x27, x27, 1         x27=0000000a x27:00000009
19448664ns          362778 1c009e58 00044503 lbu              x10, 0(x8)          x10=00000068  x8:1c000806  PA:1c000806
19448965ns          362793 1c009e5c 00140413 addi             x8, x8, 1            x8=1c000807  x8:1c000806
19448985ns          362794 1c009e5e fe0514e3 bne              x10, x0, -24        x10:00000068
19449066ns          362798 1c009e46 02500793 addi             x15, x0, 37         x15=00000025
19449086ns          362799 1c009e4a 04f50863 beq              x10, x15, 80        x10:00000068 x15:00000025
19449106ns          362800 1c009e4e 01a005b3 add              x11, x0, x26        x11=00000002 x26:00000002
19449126ns          362801 1c009e50 000b00e7 jalr             x1, x22, 0           x1=1c009e52 x22:1c009d84
19449166ns          362803 1c009d84 000026b7 lui              x13, 0x2000         x13=00002000
19449186ns          362804 1c009d86 f14027f3 csrrs            x15, x0, 0xf14      x15=00000000
19449206ns          362805 1c009d8a f8068693 addi             x13, x13, -128      x13=00001f80 x13:00002000
19449226ns          362806 1c009d8e 00379713 slli             x14, x15, 0x3       x14=00000000 x15:00000000
19449246ns          362807 1c009d92 00279793 slli             x15, x15, 0x2       x15=00000000 x15:00000000
19449266ns          362808 1c009d94 00d7f7b3 and              x15, x15, x13       x15=00000000 x15:00000000 x13:00001f80
19449286ns          362809 1c009d96 ee873733 p.bclr           x14, x14, 23, 8     x14=00000000 x14:00000000
19449306ns          362810 1c009d9a 1a10f6b7 lui              x13, 0x1a10f000     x13=1a10f000
19449326ns          362811 1c009d9e 0ff57513 andi             x10, x10, 255       x10=00000068 x10:00000068
19449347ns          362812 1c009da2 00d70733 add              x14, x14, x13       x14=1a10f000 x14:00000000 x13:1a10f000
19449367ns          362813 1c009da4 00a7e723 p.sw             x10, x0(x15)        x10:00000068 x15:00000000  PA:1a10f000
19449688ns          362829 1c009da8 00000513 addi             x10, x0, 0          x10=00000000
19449708ns          362830 1c009daa 00008067 jalr             x0, x1, 0            x1:1c009e52
19449768ns          362833 1c009e52 31f52563 p.beqimm         x10, 778            x10:00000000
19449788ns          362834 1c009e56 001d8d93 addi             x27, x27, 1         x27=0000000b x27:0000000a
19449808ns          362835 1c009e58 00044503 lbu              x10, 0(x8)          x10=00000065  x8:1c000807  PA:1c000807
19450129ns          362851 1c009e5c 00140413 addi             x8, x8, 1            x8=1c000808  x8:1c000807
19450149ns          362852 1c009e5e fe0514e3 bne              x10, x0, -24        x10:00000065
19450229ns          362856 1c009e46 02500793 addi             x15, x0, 37         x15=00000025
19450249ns          362857 1c009e4a 04f50863 beq              x10, x15, 80        x10:00000065 x15:00000025
19450270ns          362858 1c009e4e 01a005b3 add              x11, x0, x26        x11=00000002 x26:00000002
19450290ns          362859 1c009e50 000b00e7 jalr             x1, x22, 0           x1=1c009e52 x22:1c009d84
19450330ns          362861 1c009d84 000026b7 lui              x13, 0x2000         x13=00002000
19450350ns          362862 1c009d86 f14027f3 csrrs            x15, x0, 0xf14      x15=00000000
19450370ns          362863 1c009d8a f8068693 addi             x13, x13, -128      x13=00001f80 x13:00002000
19450390ns          362864 1c009d8e 00379713 slli             x14, x15, 0x3       x14=00000000 x15:00000000
19450410ns          362865 1c009d92 00279793 slli             x15, x15, 0x2       x15=00000000 x15:00000000
19450430ns          362866 1c009d94 00d7f7b3 and              x15, x15, x13       x15=00000000 x15:00000000 x13:00001f80
19450450ns          362867 1c009d96 ee873733 p.bclr           x14, x14, 23, 8     x14=00000000 x14:00000000
19450470ns          362868 1c009d9a 1a10f6b7 lui              x13, 0x1a10f000     x13=1a10f000
19450490ns          362869 1c009d9e 0ff57513 andi             x10, x10, 255       x10=00000065 x10:00000065
19450510ns          362870 1c009da2 00d70733 add              x14, x14, x13       x14=1a10f000 x14:00000000 x13:1a10f000
19450530ns          362871 1c009da4 00a7e723 p.sw             x10, x0(x15)        x10:00000065 x15:00000000  PA:1a10f000
19450851ns          362887 1c009da8 00000513 addi             x10, x0, 0          x10=00000000
19450871ns          362888 1c009daa 00008067 jalr             x0, x1, 0            x1:1c009e52
19450932ns          362891 1c009e52 31f52563 p.beqimm         x10, 778            x10:00000000
19450952ns          362892 1c009e56 001d8d93 addi             x27, x27, 1         x27=0000000c x27:0000000b
19450972ns          362893 1c009e58 00044503 lbu              x10, 0(x8)          x10=00000063  x8:1c000808  PA:1c000808
19451293ns          362909 1c009e5c 00140413 addi             x8, x8, 1            x8=1c000809  x8:1c000808
19451313ns          362910 1c009e5e fe0514e3 bne              x10, x0, -24        x10:00000063
19451393ns          362914 1c009e46 02500793 addi             x15, x0, 37         x15=00000025
19451413ns          362915 1c009e4a 04f50863 beq              x10, x15, 80        x10:00000063 x15:00000025
19451433ns          362916 1c009e4e 01a005b3 add              x11, x0, x26        x11=00000002 x26:00000002
19451453ns          362917 1c009e50 000b00e7 jalr             x1, x22, 0           x1=1c009e52 x22:1c009d84
19451494ns          362919 1c009d84 000026b7 lui              x13, 0x2000         x13=00002000
19451514ns          362920 1c009d86 f14027f3 csrrs            x15, x0, 0xf14      x15=00000000
19451534ns          362921 1c009d8a f8068693 addi             x13, x13, -128      x13=00001f80 x13:00002000
19451554ns          362922 1c009d8e 00379713 slli             x14, x15, 0x3       x14=00000000 x15:00000000
19451574ns          362923 1c009d92 00279793 slli             x15, x15, 0x2       x15=00000000 x15:00000000
19451594ns          362924 1c009d94 00d7f7b3 and              x15, x15, x13       x15=00000000 x15:00000000 x13:00001f80
19451614ns          362925 1c009d96 ee873733 p.bclr           x14, x14, 23, 8     x14=00000000 x14:00000000
19451634ns          362926 1c009d9a 1a10f6b7 lui              x13, 0x1a10f000     x13=1a10f000
19451654ns          362927 1c009d9e 0ff57513 andi             x10, x10, 255       x10=00000063 x10:00000063
19451674ns          362928 1c009da2 00d70733 add              x14, x14, x13       x14=1a10f000 x14:00000000 x13:1a10f000
19451694ns          362929 1c009da4 00a7e723 p.sw             x10, x0(x15)        x10:00000063 x15:00000000  PA:1a10f000
19452015ns          362945 1c009da8 00000513 addi             x10, x0, 0          x10=00000000
19452035ns          362946 1c009daa 00008067 jalr             x0, x1, 0            x1:1c009e52
19452095ns          362949 1c009e52 31f52563 p.beqimm         x10, 778            x10:00000000
19452116ns          362950 1c009e56 001d8d93 addi             x27, x27, 1         x27=0000000d x27:0000000c
19452136ns          362951 1c009e58 00044503 lbu              x10, 0(x8)          x10=0000006b  x8:1c000809  PA:1c000809
19452437ns          362966 1c009e5c 00140413 addi             x8, x8, 1            x8=1c00080a  x8:1c000809
19452457ns          362967 1c009e5e fe0514e3 bne              x10, x0, -24        x10:0000006b
19452537ns          362971 1c009e46 02500793 addi             x15, x0, 37         x15=00000025
19452557ns          362972 1c009e4a 04f50863 beq              x10, x15, 80        x10:0000006b x15:00000025
19452577ns          362973 1c009e4e 01a005b3 add              x11, x0, x26        x11=00000002 x26:00000002
19452597ns          362974 1c009e50 000b00e7 jalr             x1, x22, 0           x1=1c009e52 x22:1c009d84
19452637ns          362976 1c009d84 000026b7 lui              x13, 0x2000         x13=00002000
19452657ns          362977 1c009d86 f14027f3 csrrs            x15, x0, 0xf14      x15=00000000
19452677ns          362978 1c009d8a f8068693 addi             x13, x13, -128      x13=00001f80 x13:00002000
19452697ns          362979 1c009d8e 00379713 slli             x14, x15, 0x3       x14=00000000 x15:00000000
19452718ns          362980 1c009d92 00279793 slli             x15, x15, 0x2       x15=00000000 x15:00000000
19452738ns          362981 1c009d94 00d7f7b3 and              x15, x15, x13       x15=00000000 x15:00000000 x13:00001f80
19452758ns          362982 1c009d96 ee873733 p.bclr           x14, x14, 23, 8     x14=00000000 x14:00000000
19452778ns          362983 1c009d9a 1a10f6b7 lui              x13, 0x1a10f000     x13=1a10f000
19452798ns          362984 1c009d9e 0ff57513 andi             x10, x10, 255       x10=0000006b x10:0000006b
19452818ns          362985 1c009da2 00d70733 add              x14, x14, x13       x14=1a10f000 x14:00000000 x13:1a10f000
19452838ns          362986 1c009da4 00a7e723 p.sw             x10, x0(x15)        x10:0000006b x15:00000000  PA:1a10f000
19453159ns          363002 1c009da8 00000513 addi             x10, x0, 0          x10=00000000
19453179ns          363003 1c009daa 00008067 jalr             x0, x1, 0            x1:1c009e52
19453239ns          363006 1c009e52 31f52563 p.beqimm         x10, 778            x10:00000000
19453259ns          363007 1c009e56 001d8d93 addi             x27, x27, 1         x27=0000000e x27:0000000d
19453279ns          363008 1c009e58 00044503 lbu              x10, 0(x8)          x10=00000073  x8:1c00080a  PA:1c00080a
19453580ns          363023 1c009e5c 00140413 addi             x8, x8, 1            x8=1c00080b  x8:1c00080a
19453600ns          363024 1c009e5e fe0514e3 bne              x10, x0, -24        x10:00000073
19453681ns          363028 1c009e46 02500793 addi             x15, x0, 37         x15=00000025
19453701ns          363029 1c009e4a 04f50863 beq              x10, x15, 80        x10:00000073 x15:00000025
19453721ns          363030 1c009e4e 01a005b3 add              x11, x0, x26        x11=00000002 x26:00000002
19453741ns          363031 1c009e50 000b00e7 jalr             x1, x22, 0           x1=1c009e52 x22:1c009d84
19453781ns          363033 1c009d84 000026b7 lui              x13, 0x2000         x13=00002000
19453801ns          363034 1c009d86 f14027f3 csrrs            x15, x0, 0xf14      x15=00000000
19453821ns          363035 1c009d8a f8068693 addi             x13, x13, -128      x13=00001f80 x13:00002000
19453841ns          363036 1c009d8e 00379713 slli             x14, x15, 0x3       x14=00000000 x15:00000000
19453861ns          363037 1c009d92 00279793 slli             x15, x15, 0x2       x15=00000000 x15:00000000
19453881ns          363038 1c009d94 00d7f7b3 and              x15, x15, x13       x15=00000000 x15:00000000 x13:00001f80
19453901ns          363039 1c009d96 ee873733 p.bclr           x14, x14, 23, 8     x14=00000000 x14:00000000
19453921ns          363040 1c009d9a 1a10f6b7 lui              x13, 0x1a10f000     x13=1a10f000
19453941ns          363041 1c009d9e 0ff57513 andi             x10, x10, 255       x10=00000073 x10:00000073
19453962ns          363042 1c009da2 00d70733 add              x14, x14, x13       x14=1a10f000 x14:00000000 x13:1a10f000
19453982ns          363043 1c009da4 00a7e723 p.sw             x10, x0(x15)        x10:00000073 x15:00000000  PA:1a10f000
19454303ns          363059 1c009da8 00000513 addi             x10, x0, 0          x10=00000000
19454323ns          363060 1c009daa 00008067 jalr             x0, x1, 0            x1:1c009e52
19454383ns          363063 1c009e52 31f52563 p.beqimm         x10, 778            x10:00000000
19454403ns          363064 1c009e56 001d8d93 addi             x27, x27, 1         x27=0000000f x27:0000000e
19454423ns          363065 1c009e58 00044503 lbu              x10, 0(x8)          x10=00000020  x8:1c00080b  PA:1c00080b
19454724ns          363080 1c009e5c 00140413 addi             x8, x8, 1            x8=1c00080c  x8:1c00080b
19454744ns          363081 1c009e5e fe0514e3 bne              x10, x0, -24        x10:00000020
19454824ns          363085 1c009e46 02500793 addi             x15, x0, 37         x15=00000025
19454844ns          363086 1c009e4a 04f50863 beq              x10, x15, 80        x10:00000020 x15:00000025
19454865ns          363087 1c009e4e 01a005b3 add              x11, x0, x26        x11=00000002 x26:00000002
19454885ns          363088 1c009e50 000b00e7 jalr             x1, x22, 0           x1=1c009e52 x22:1c009d84
19454925ns          363090 1c009d84 000026b7 lui              x13, 0x2000         x13=00002000
19454945ns          363091 1c009d86 f14027f3 csrrs            x15, x0, 0xf14      x15=00000000
19454965ns          363092 1c009d8a f8068693 addi             x13, x13, -128      x13=00001f80 x13:00002000
19454985ns          363093 1c009d8e 00379713 slli             x14, x15, 0x3       x14=00000000 x15:00000000
19455005ns          363094 1c009d92 00279793 slli             x15, x15, 0x2       x15=00000000 x15:00000000
19455025ns          363095 1c009d94 00d7f7b3 and              x15, x15, x13       x15=00000000 x15:00000000 x13:00001f80
19455045ns          363096 1c009d96 ee873733 p.bclr           x14, x14, 23, 8     x14=00000000 x14:00000000
19455065ns          363097 1c009d9a 1a10f6b7 lui              x13, 0x1a10f000     x13=1a10f000
19455085ns          363098 1c009d9e 0ff57513 andi             x10, x10, 255       x10=00000020 x10:00000020
19455105ns          363099 1c009da2 00d70733 add              x14, x14, x13       x14=1a10f000 x14:00000000 x13:1a10f000
19455125ns          363100 1c009da4 00a7e723 p.sw             x10, x0(x15)        x10:00000020 x15:00000000  PA:1a10f000
19455446ns          363116 1c009da8 00000513 addi             x10, x0, 0          x10=00000000
19455466ns          363117 1c009daa 00008067 jalr             x0, x1, 0            x1:1c009e52
19455527ns          363120 1c009e52 31f52563 p.beqimm         x10, 778            x10:00000000
19455547ns          363121 1c009e56 001d8d93 addi             x27, x27, 1         x27=00000010 x27:0000000f
19455567ns          363122 1c009e58 00044503 lbu              x10, 0(x8)          x10=00000066  x8:1c00080c  PA:1c00080c
19455868ns          363137 1c009e5c 00140413 addi             x8, x8, 1            x8=1c00080d  x8:1c00080c
19455888ns          363138 1c009e5e fe0514e3 bne              x10, x0, -24        x10:00000066
19455968ns          363142 1c009e46 02500793 addi             x15, x0, 37         x15=00000025
19455988ns          363143 1c009e4a 04f50863 beq              x10, x15, 80        x10:00000066 x15:00000025
19456008ns          363144 1c009e4e 01a005b3 add              x11, x0, x26        x11=00000002 x26:00000002
19456028ns          363145 1c009e50 000b00e7 jalr             x1, x22, 0           x1=1c009e52 x22:1c009d84
19456068ns          363147 1c009d84 000026b7 lui              x13, 0x2000         x13=00002000
19456088ns          363148 1c009d86 f14027f3 csrrs            x15, x0, 0xf14      x15=00000000
19456109ns          363149 1c009d8a f8068693 addi             x13, x13, -128      x13=00001f80 x13:00002000
19456129ns          363150 1c009d8e 00379713 slli             x14, x15, 0x3       x14=00000000 x15:00000000
19456149ns          363151 1c009d92 00279793 slli             x15, x15, 0x2       x15=00000000 x15:00000000
19456169ns          363152 1c009d94 00d7f7b3 and              x15, x15, x13       x15=00000000 x15:00000000 x13:00001f80
19456189ns          363153 1c009d96 ee873733 p.bclr           x14, x14, 23, 8     x14=00000000 x14:00000000
19456209ns          363154 1c009d9a 1a10f6b7 lui              x13, 0x1a10f000     x13=1a10f000
19456229ns          363155 1c009d9e 0ff57513 andi             x10, x10, 255       x10=00000066 x10:00000066
19456249ns          363156 1c009da2 00d70733 add              x14, x14, x13       x14=1a10f000 x14:00000000 x13:1a10f000
19456269ns          363157 1c009da4 00a7e723 p.sw             x10, x0(x15)        x10:00000066 x15:00000000  PA:1a10f000
19456590ns          363173 1c009da8 00000513 addi             x10, x0, 0          x10=00000000
19456610ns          363174 1c009daa 00008067 jalr             x0, x1, 0            x1:1c009e52
19456670ns          363177 1c009e52 31f52563 p.beqimm         x10, 778            x10:00000000
19456690ns          363178 1c009e56 001d8d93 addi             x27, x27, 1         x27=00000011 x27:00000010
19456711ns          363179 1c009e58 00044503 lbu              x10, 0(x8)          x10=00000061  x8:1c00080d  PA:1c00080d
19457011ns          363194 1c009e5c 00140413 addi             x8, x8, 1            x8=1c00080e  x8:1c00080d
19457032ns          363195 1c009e5e fe0514e3 bne              x10, x0, -24        x10:00000061
19457112ns          363199 1c009e46 02500793 addi             x15, x0, 37         x15=00000025
19457132ns          363200 1c009e4a 04f50863 beq              x10, x15, 80        x10:00000061 x15:00000025
19457152ns          363201 1c009e4e 01a005b3 add              x11, x0, x26        x11=00000002 x26:00000002
19457172ns          363202 1c009e50 000b00e7 jalr             x1, x22, 0           x1=1c009e52 x22:1c009d84
19457212ns          363204 1c009d84 000026b7 lui              x13, 0x2000         x13=00002000
19457232ns          363205 1c009d86 f14027f3 csrrs            x15, x0, 0xf14      x15=00000000
19457252ns          363206 1c009d8a f8068693 addi             x13, x13, -128      x13=00001f80 x13:00002000
19457272ns          363207 1c009d8e 00379713 slli             x14, x15, 0x3       x14=00000000 x15:00000000
19457292ns          363208 1c009d92 00279793 slli             x15, x15, 0x2       x15=00000000 x15:00000000
19457312ns          363209 1c009d94 00d7f7b3 and              x15, x15, x13       x15=00000000 x15:00000000 x13:00001f80
19457333ns          363210 1c009d96 ee873733 p.bclr           x14, x14, 23, 8     x14=00000000 x14:00000000
19457353ns          363211 1c009d9a 1a10f6b7 lui              x13, 0x1a10f000     x13=1a10f000
19457373ns          363212 1c009d9e 0ff57513 andi             x10, x10, 255       x10=00000061 x10:00000061
19457393ns          363213 1c009da2 00d70733 add              x14, x14, x13       x14=1a10f000 x14:00000000 x13:1a10f000
19457413ns          363214 1c009da4 00a7e723 p.sw             x10, x0(x15)        x10:00000061 x15:00000000  PA:1a10f000
19457734ns          363230 1c009da8 00000513 addi             x10, x0, 0          x10=00000000
19457754ns          363231 1c009daa 00008067 jalr             x0, x1, 0            x1:1c009e52
19457814ns          363234 1c009e52 31f52563 p.beqimm         x10, 778            x10:00000000
19457834ns          363235 1c009e56 001d8d93 addi             x27, x27, 1         x27=00000012 x27:00000011
19457854ns          363236 1c009e58 00044503 lbu              x10, 0(x8)          x10=00000069  x8:1c00080e  PA:1c00080e
19458155ns          363251 1c009e5c 00140413 addi             x8, x8, 1            x8=1c00080f  x8:1c00080e
19458175ns          363252 1c009e5e fe0514e3 bne              x10, x0, -24        x10:00000069
19458256ns          363256 1c009e46 02500793 addi             x15, x0, 37         x15=00000025
19458276ns          363257 1c009e4a 04f50863 beq              x10, x15, 80        x10:00000069 x15:00000025
19458296ns          363258 1c009e4e 01a005b3 add              x11, x0, x26        x11=00000002 x26:00000002
19458316ns          363259 1c009e50 000b00e7 jalr             x1, x22, 0           x1=1c009e52 x22:1c009d84
19458356ns          363261 1c009d84 000026b7 lui              x13, 0x2000         x13=00002000
19458376ns          363262 1c009d86 f14027f3 csrrs            x15, x0, 0xf14      x15=00000000
19458396ns          363263 1c009d8a f8068693 addi             x13, x13, -128      x13=00001f80 x13:00002000
19458416ns          363264 1c009d8e 00379713 slli             x14, x15, 0x3       x14=00000000 x15:00000000
19458436ns          363265 1c009d92 00279793 slli             x15, x15, 0x2       x15=00000000 x15:00000000
19458456ns          363266 1c009d94 00d7f7b3 and              x15, x15, x13       x15=00000000 x15:00000000 x13:00001f80
19458476ns          363267 1c009d96 ee873733 p.bclr           x14, x14, 23, 8     x14=00000000 x14:00000000
19458496ns          363268 1c009d9a 1a10f6b7 lui              x13, 0x1a10f000     x13=1a10f000
19458516ns          363269 1c009d9e 0ff57513 andi             x10, x10, 255       x10=00000069 x10:00000069
19458536ns          363270 1c009da2 00d70733 add              x14, x14, x13       x14=1a10f000 x14:00000000 x13:1a10f000
19458557ns          363271 1c009da4 00a7e723 p.sw             x10, x0(x15)        x10:00000069 x15:00000000  PA:1a10f000
19458878ns          363287 1c009da8 00000513 addi             x10, x0, 0          x10=00000000
19458898ns          363288 1c009daa 00008067 jalr             x0, x1, 0            x1:1c009e52
19458958ns          363291 1c009e52 31f52563 p.beqimm         x10, 778            x10:00000000
19458978ns          363292 1c009e56 001d8d93 addi             x27, x27, 1         x27=00000013 x27:00000012
19458998ns          363293 1c009e58 00044503 lbu              x10, 0(x8)          x10=0000006c  x8:1c00080f  PA:1c00080f
19459299ns          363308 1c009e5c 00140413 addi             x8, x8, 1            x8=1c000810  x8:1c00080f
19459319ns          363309 1c009e5e fe0514e3 bne              x10, x0, -24        x10:0000006c
19459399ns          363313 1c009e46 02500793 addi             x15, x0, 37         x15=00000025
19459419ns          363314 1c009e4a 04f50863 beq              x10, x15, 80        x10:0000006c x15:00000025
19459439ns          363315 1c009e4e 01a005b3 add              x11, x0, x26        x11=00000002 x26:00000002
19459459ns          363316 1c009e50 000b00e7 jalr             x1, x22, 0           x1=1c009e52 x22:1c009d84
19459500ns          363318 1c009d84 000026b7 lui              x13, 0x2000         x13=00002000
19459520ns          363319 1c009d86 f14027f3 csrrs            x15, x0, 0xf14      x15=00000000
19459540ns          363320 1c009d8a f8068693 addi             x13, x13, -128      x13=00001f80 x13:00002000
19459560ns          363321 1c009d8e 00379713 slli             x14, x15, 0x3       x14=00000000 x15:00000000
19459580ns          363322 1c009d92 00279793 slli             x15, x15, 0x2       x15=00000000 x15:00000000
19459600ns          363323 1c009d94 00d7f7b3 and              x15, x15, x13       x15=00000000 x15:00000000 x13:00001f80
19459620ns          363324 1c009d96 ee873733 p.bclr           x14, x14, 23, 8     x14=00000000 x14:00000000
19459640ns          363325 1c009d9a 1a10f6b7 lui              x13, 0x1a10f000     x13=1a10f000
19459660ns          363326 1c009d9e 0ff57513 andi             x10, x10, 255       x10=0000006c x10:0000006c
19459680ns          363327 1c009da2 00d70733 add              x14, x14, x13       x14=1a10f000 x14:00000000 x13:1a10f000
19459700ns          363328 1c009da4 00a7e723 p.sw             x10, x0(x15)        x10:0000006c x15:00000000  PA:1a10f000
19460021ns          363344 1c009da8 00000513 addi             x10, x0, 0          x10=00000000
19460041ns          363345 1c009daa 00008067 jalr             x0, x1, 0            x1:1c009e52
19460102ns          363348 1c009e52 31f52563 p.beqimm         x10, 778            x10:00000000
19460122ns          363349 1c009e56 001d8d93 addi             x27, x27, 1         x27=00000014 x27:00000013
19460142ns          363350 1c009e58 00044503 lbu              x10, 0(x8)          x10=00000065  x8:1c000810  PA:1c000810
19460443ns          363365 1c009e5c 00140413 addi             x8, x8, 1            x8=1c000811  x8:1c000810
19460463ns          363366 1c009e5e fe0514e3 bne              x10, x0, -24        x10:00000065
19460543ns          363370 1c009e46 02500793 addi             x15, x0, 37         x15=00000025
19460563ns          363371 1c009e4a 04f50863 beq              x10, x15, 80        x10:00000065 x15:00000025
19460583ns          363372 1c009e4e 01a005b3 add              x11, x0, x26        x11=00000002 x26:00000002
19460603ns          363373 1c009e50 000b00e7 jalr             x1, x22, 0           x1=1c009e52 x22:1c009d84
19460643ns          363375 1c009d84 000026b7 lui              x13, 0x2000         x13=00002000
19460663ns          363376 1c009d86 f14027f3 csrrs            x15, x0, 0xf14      x15=00000000
19460683ns          363377 1c009d8a f8068693 addi             x13, x13, -128      x13=00001f80 x13:00002000
19460704ns          363378 1c009d8e 00379713 slli             x14, x15, 0x3       x14=00000000 x15:00000000
19460724ns          363379 1c009d92 00279793 slli             x15, x15, 0x2       x15=00000000 x15:00000000
19460744ns          363380 1c009d94 00d7f7b3 and              x15, x15, x13       x15=00000000 x15:00000000 x13:00001f80
19460764ns          363381 1c009d96 ee873733 p.bclr           x14, x14, 23, 8     x14=00000000 x14:00000000
19460784ns          363382 1c009d9a 1a10f6b7 lui              x13, 0x1a10f000     x13=1a10f000
19460804ns          363383 1c009d9e 0ff57513 andi             x10, x10, 255       x10=00000065 x10:00000065
19460824ns          363384 1c009da2 00d70733 add              x14, x14, x13       x14=1a10f000 x14:00000000 x13:1a10f000
19460844ns          363385 1c009da4 00a7e723 p.sw             x10, x0(x15)        x10:00000065 x15:00000000  PA:1a10f000
19461165ns          363401 1c009da8 00000513 addi             x10, x0, 0          x10=00000000
19461185ns          363402 1c009daa 00008067 jalr             x0, x1, 0            x1:1c009e52
19461245ns          363405 1c009e52 31f52563 p.beqimm         x10, 778            x10:00000000
19461265ns          363406 1c009e56 001d8d93 addi             x27, x27, 1         x27=00000015 x27:00000014
19461285ns          363407 1c009e58 00044503 lbu              x10, 0(x8)          x10=00000064  x8:1c000811  PA:1c000811
19461586ns          363422 1c009e5c 00140413 addi             x8, x8, 1            x8=1c000812  x8:1c000811
19461606ns          363423 1c009e5e fe0514e3 bne              x10, x0, -24        x10:00000064
19461687ns          363427 1c009e46 02500793 addi             x15, x0, 37         x15=00000025
19461707ns          363428 1c009e4a 04f50863 beq              x10, x15, 80        x10:00000064 x15:00000025
19461727ns          363429 1c009e4e 01a005b3 add              x11, x0, x26        x11=00000002 x26:00000002
19461747ns          363430 1c009e50 000b00e7 jalr             x1, x22, 0           x1=1c009e52 x22:1c009d84
19461787ns          363432 1c009d84 000026b7 lui              x13, 0x2000         x13=00002000
19461807ns          363433 1c009d86 f14027f3 csrrs            x15, x0, 0xf14      x15=00000000
19461827ns          363434 1c009d8a f8068693 addi             x13, x13, -128      x13=00001f80 x13:00002000
19461847ns          363435 1c009d8e 00379713 slli             x14, x15, 0x3       x14=00000000 x15:00000000
19461867ns          363436 1c009d92 00279793 slli             x15, x15, 0x2       x15=00000000 x15:00000000
19461887ns          363437 1c009d94 00d7f7b3 and              x15, x15, x13       x15=00000000 x15:00000000 x13:00001f80
19461907ns          363438 1c009d96 ee873733 p.bclr           x14, x14, 23, 8     x14=00000000 x14:00000000
19461928ns          363439 1c009d9a 1a10f6b7 lui              x13, 0x1a10f000     x13=1a10f000
19461948ns          363440 1c009d9e 0ff57513 andi             x10, x10, 255       x10=00000064 x10:00000064
19461968ns          363441 1c009da2 00d70733 add              x14, x14, x13       x14=1a10f000 x14:00000000 x13:1a10f000
19461988ns          363442 1c009da4 00a7e723 p.sw             x10, x0(x15)        x10:00000064 x15:00000000  PA:1a10f000
19462309ns          363458 1c009da8 00000513 addi             x10, x0, 0          x10=00000000
19462329ns          363459 1c009daa 00008067 jalr             x0, x1, 0            x1:1c009e52
19462389ns          363462 1c009e52 31f52563 p.beqimm         x10, 778            x10:00000000
19462409ns          363463 1c009e56 001d8d93 addi             x27, x27, 1         x27=00000016 x27:00000015
19462429ns          363464 1c009e58 00044503 lbu              x10, 0(x8)          x10=0000000a  x8:1c000812  PA:1c000812
19462730ns          363479 1c009e5c 00140413 addi             x8, x8, 1            x8=1c000813  x8:1c000812
19462750ns          363480 1c009e5e fe0514e3 bne              x10, x0, -24        x10:0000000a
19462830ns          363484 1c009e46 02500793 addi             x15, x0, 37         x15=00000025
19462851ns          363485 1c009e4a 04f50863 beq              x10, x15, 80        x10:0000000a x15:00000025
19462871ns          363486 1c009e4e 01a005b3 add              x11, x0, x26        x11=00000002 x26:00000002
19462891ns          363487 1c009e50 000b00e7 jalr             x1, x22, 0           x1=1c009e52 x22:1c009d84
19462931ns          363489 1c009d84 000026b7 lui              x13, 0x2000         x13=00002000
19462951ns          363490 1c009d86 f14027f3 csrrs            x15, x0, 0xf14      x15=00000000
19462971ns          363491 1c009d8a f8068693 addi             x13, x13, -128      x13=00001f80 x13:00002000
19462991ns          363492 1c009d8e 00379713 slli             x14, x15, 0x3       x14=00000000 x15:00000000
19463011ns          363493 1c009d92 00279793 slli             x15, x15, 0x2       x15=00000000 x15:00000000
19463031ns          363494 1c009d94 00d7f7b3 and              x15, x15, x13       x15=00000000 x15:00000000 x13:00001f80
19463051ns          363495 1c009d96 ee873733 p.bclr           x14, x14, 23, 8     x14=00000000 x14:00000000
19463071ns          363496 1c009d9a 1a10f6b7 lui              x13, 0x1a10f000     x13=1a10f000
19463091ns          363497 1c009d9e 0ff57513 andi             x10, x10, 255       x10=0000000a x10:0000000a
19463111ns          363498 1c009da2 00d70733 add              x14, x14, x13       x14=1a10f000 x14:00000000 x13:1a10f000
19463131ns          363499 1c009da4 00a7e723 p.sw             x10, x0(x15)        x10:0000000a x15:00000000  PA:1a10f000
19463452ns          363515 1c009da8 00000513 addi             x10, x0, 0          x10=00000000
19463473ns          363516 1c009daa 00008067 jalr             x0, x1, 0            x1:1c009e52
19463533ns          363519 1c009e52 31f52563 p.beqimm         x10, 778            x10:00000000
19463553ns          363520 1c009e56 001d8d93 addi             x27, x27, 1         x27=00000017 x27:00000016
19463573ns          363521 1c009e58 00044503 lbu              x10, 0(x8)          x10=00000000  x8:1c000813  PA:1c000813
19463874ns          363536 1c009e5c 00140413 addi             x8, x8, 1            x8=1c000814  x8:1c000813
19463894ns          363537 1c009e5e fe0514e3 bne              x10, x0, -24        x10:00000000
19463914ns          363538 1c009e60 01b00433 add              x8, x0, x27          x8=00000017 x27:00000017
19463934ns          363539 1c009e62 00800533 add              x10, x0, x8         x10=00000017  x8:00000017
19463954ns          363540 1c009e64 12c12083 lw               x1, 300(x2)          x1=1c009df0  x2:10000668  PA:10000794
19463974ns          363541 1c009e68 12812403 lw               x8, 296(x2)          x8=1c001320  x2:10000668  PA:10000790
19463994ns          363542 1c009e6c 12412483 lw               x9, 292(x2)          x9=xxxxxxxx  x2:10000668  PA:1000078c
19464416ns          363563 1c009e70 12012903 lw               x18, 288(x2)        x18=xxxxxxxx  x2:10000668  PA:10000788
19464456ns          363565 1c009e74 11c12983 lw               x19, 284(x2)        x19=xxxxxxxx  x2:10000668  PA:10000784
19464476ns          363566 1c009e78 11812a03 lw               x20, 280(x2)        x20=xxxxxxxx  x2:10000668  PA:10000780
19464496ns          363567 1c009e7c 11412a83 lw               x21, 276(x2)        x21=xxxxxxxx  x2:10000668  PA:1000077c
19464937ns          363589 1c009e80 11012b03 lw               x22, 272(x2)        x22=xxxxxxxx  x2:10000668  PA:10000778
19464977ns          363591 1c009e84 10c12b83 lw               x23, 268(x2)        x23=xxxxxxxx  x2:10000668  PA:10000774
19464998ns          363592 1c009e88 10812c03 lw               x24, 264(x2)        x24=xxxxxxxx  x2:10000668  PA:10000770
19465018ns          363593 1c009e8c 10412c83 lw               x25, 260(x2)        x25=xxxxxxxx  x2:10000668  PA:1000076c
19465038ns          363594 1c009e90 10012d03 lw               x26, 256(x2)        x26=xxxxxxxx  x2:10000668  PA:10000768
19465058ns          363595 1c009e94 0fc12d83 lw               x27, 252(x2)        x27=xxxxxxxx  x2:10000668  PA:10000764
19465078ns          363596 1c009e96 13010113 addi             x2, x2, 304          x2=10000798  x2:10000668
19465098ns          363597 1c009e98 00008067 jalr             x0, x1, 0            x1:1c009df0
19465178ns          363601 1c009df0 01c12083 lw               x1, 28(x2)           x1=1c008162  x2:10000798  PA:100007b4
19465198ns          363602 1c009df2 04010113 addi             x2, x2, 64           x2=100007d8  x2:10000798
19465238ns          363604 1c009df4 00008067 jalr             x0, x1, 0            x1:1c008162
19465319ns          363608 1c008162 00042783 lw               x15, 0(x8)          x15=00000000  x8:1c001320  PA:1c001320
19465660ns          363625 1c008164 00078a63 beq              x15, x0, 20         x15:00000000
19465880ns          363636 1c008178 00812403 lw               x8, 8(x2)            x8=1c001320  x2:100007d8  PA:100007e0
19465900ns          363637 1c00817a 00c12083 lw               x1, 12(x2)           x1=1c009804  x2:100007d8  PA:100007e4
19465921ns          363638 1c00817c 1c001537 lui              x10, 0x1c001000     x10=1c001000
19466342ns          363659 1c008180 81450513 addi             x10, x10, -2028     x10=1c000814 x10:1c001000
19466382ns          363661 1c008184 01010113 addi             x2, x2, 16           x2=100007e8  x2:100007d8
19466402ns          363662 1c008186 3ad0106f jal              x0, 7084           
19466522ns          363668 1c009d32 0015478b p.lbu            x15, 1(x10!)        x15=0000004f x10=1c000815 x10:1c000814  PA:1c000814
19466844ns          363684 1c009d36 02078463 beq              x15, x0, 40         x15:0000004f
19466864ns          363685 1c009d38 f14026f3 csrrs            x13, x0, 0xf14      x13=00000000
19466884ns          363686 1c009d3c 00369713 slli             x14, x13, 0x3       x14=00000000 x13:00000000
19467004ns          363692 1c009d40 1a10f637 lui              x12, 0x1a10f000     x12=1a10f000
19467044ns          363694 1c009d44 ee873733 p.bclr           x14, x14, 23, 8     x14=00000000 x14:00000000
19467064ns          363695 1c009d48 00c70733 add              x14, x14, x12       x14=1a10f000 x14:00000000 x12:1a10f000
19467084ns          363696 1c009d4a 00002637 lui              x12, 0x2000         x12=00002000
19467104ns          363697 1c009d4c 00269693 slli             x13, x13, 0x2       x13=00000000 x13:00000000
19467526ns          363718 1c009d4e f8060613 addi             x12, x12, -128      x12=00001f80 x12:00002000
19467546ns          363719 1c009d52 00c6f6b3 and              x13, x13, x12       x13=00000000 x13:00000000 x12:00001f80
19467566ns          363720 1c009d54 00d70733 add              x14, x14, x13       x14=1a10f000 x14:1a10f000 x13:00000000
19467586ns          363721 1c009d56 00f72023 sw               x15, 0(x14)         x15:0000004f x14:1a10f000  PA:1a10f000
19467907ns          363737 1c009d58 0015478b p.lbu            x15, 1(x10!)        x15=0000004f x10=1c000816 x10:1c000815  PA:1c000815
19468228ns          363753 1c009d5c fe079de3 bne              x15, x0, -6         x15:0000004f
19468288ns          363756 1c009d56 00f72023 sw               x15, 0(x14)         x15:0000004f x14:1a10f000  PA:1a10f000
19468609ns          363772 1c009d58 0015478b p.lbu            x15, 1(x10!)        x15=0000004f x10=1c000817 x10:1c000816  PA:1c000816
19468930ns          363788 1c009d5c fe079de3 bne              x15, x0, -6         x15:0000004f
19468991ns          363791 1c009d56 00f72023 sw               x15, 0(x14)         x15:0000004f x14:1a10f000  PA:1a10f000
19469312ns          363807 1c009d58 0015478b p.lbu            x15, 1(x10!)        x15=0000004f x10=1c000818 x10:1c000817  PA:1c000817
19469633ns          363823 1c009d5c fe079de3 bne              x15, x0, -6         x15:0000004f
19469693ns          363826 1c009d56 00f72023 sw               x15, 0(x14)         x15:0000004f x14:1a10f000  PA:1a10f000
19470014ns          363842 1c009d58 0015478b p.lbu            x15, 1(x10!)        x15=0000004f x10=1c000819 x10:1c000818  PA:1c000818
19470335ns          363858 1c009d5c fe079de3 bne              x15, x0, -6         x15:0000004f
19470395ns          363861 1c009d56 00f72023 sw               x15, 0(x14)         x15:0000004f x14:1a10f000  PA:1a10f000
19470716ns          363877 1c009d58 0015478b p.lbu            x15, 1(x10!)        x15=0000004f x10=1c00081a x10:1c000819  PA:1c000819
19471037ns          363893 1c009d5c fe079de3 bne              x15, x0, -6         x15:0000004f
19471097ns          363896 1c009d56 00f72023 sw               x15, 0(x14)         x15:0000004f x14:1a10f000  PA:1a10f000
19471418ns          363912 1c009d58 0015478b p.lbu            x15, 1(x10!)        x15=0000004b x10=1c00081b x10:1c00081a  PA:1c00081a
19471739ns          363928 1c009d5c fe079de3 bne              x15, x0, -6         x15:0000004b
19471800ns          363931 1c009d56 00f72023 sw               x15, 0(x14)         x15:0000004b x14:1a10f000  PA:1a10f000
19472121ns          363947 1c009d58 0015478b p.lbu            x15, 1(x10!)        x15=00000021 x10=1c00081c x10:1c00081b  PA:1c00081b
19472462ns          363964 1c009d5c fe079de3 bne              x15, x0, -6         x15:00000021
19472522ns          363967 1c009d56 00f72023 sw               x15, 0(x14)         x15:00000021 x14:1a10f000  PA:1a10f000
19472843ns          363983 1c009d58 0015478b p.lbu            x15, 1(x10!)        x15=00000021 x10=1c00081d x10:1c00081c  PA:1c00081c
19473164ns          363999 1c009d5c fe079de3 bne              x15, x0, -6         x15:00000021
19473224ns          364002 1c009d56 00f72023 sw               x15, 0(x14)         x15:00000021 x14:1a10f000  PA:1a10f000
19473545ns          364018 1c009d58 0015478b p.lbu            x15, 1(x10!)        x15=00000021 x10=1c00081e x10:1c00081d  PA:1c00081d
19473866ns          364034 1c009d5c fe079de3 bne              x15, x0, -6         x15:00000021
19473927ns          364037 1c009d56 00f72023 sw               x15, 0(x14)         x15:00000021 x14:1a10f000  PA:1a10f000
19474248ns          364053 1c009d58 0015478b p.lbu            x15, 1(x10!)        x15=00000021 x10=1c00081f x10:1c00081e  PA:1c00081e
19474569ns          364069 1c009d5c fe079de3 bne              x15, x0, -6         x15:00000021
19474629ns          364072 1c009d56 00f72023 sw               x15, 0(x14)         x15:00000021 x14:1a10f000  PA:1a10f000
19474950ns          364088 1c009d58 0015478b p.lbu            x15, 1(x10!)        x15=00000021 x10=1c000820 x10:1c00081f  PA:1c00081f
19475271ns          364104 1c009d5c fe079de3 bne              x15, x0, -6         x15:00000021
19475331ns          364107 1c009d56 00f72023 sw               x15, 0(x14)         x15:00000021 x14:1a10f000  PA:1a10f000
19475672ns          364124 1c009d58 0015478b p.lbu            x15, 1(x10!)        x15=00000021 x10=1c000821 x10:1c000820  PA:1c000820
19475993ns          364140 1c009d5c fe079de3 bne              x15, x0, -6         x15:00000021
19476054ns          364143 1c009d56 00f72023 sw               x15, 0(x14)         x15:00000021 x14:1a10f000  PA:1a10f000
19476375ns          364159 1c009d58 0015478b p.lbu            x15, 1(x10!)        x15=00000000 x10=1c000822 x10:1c000821  PA:1c000821
19476696ns          364175 1c009d5c fe079de3 bne              x15, x0, -6         x15:00000000
19476716ns          364176 1c009d5e f14027f3 csrrs            x15, x0, 0xf14      x15=00000000
19476736ns          364177 1c009d62 00379713 slli             x14, x15, 0x3       x14=00000000 x15:00000000
19476756ns          364178 1c009d66 1a10f6b7 lui              x13, 0x1a10f000     x13=1a10f000
19476776ns          364179 1c009d6a ee873733 p.bclr           x14, x14, 23, 8     x14=00000000 x14:00000000
19476796ns          364180 1c009d6e 00d70733 add              x14, x14, x13       x14=1a10f000 x14:00000000 x13:1a10f000
19477217ns          364201 1c009d70 000026b7 lui              x13, 0x2000         x13=00002000
19477257ns          364203 1c009d72 f8068693 addi             x13, x13, -128      x13=00001f80 x13:00002000
19477278ns          364204 1c009d76 00279793 slli             x15, x15, 0x2       x15=00000000 x15:00000000
19477298ns          364205 1c009d78 00d7f7b3 and              x15, x15, x13       x15=00000000 x15:00000000 x13:00001f80
19477318ns          364206 1c009d7a 00a00693 addi             x13, x0, 10         x13=0000000a
19477338ns          364207 1c009d7c 00d767a3 p.sw             x13, x0(x14)        x13:0000000a x14:1a10f000  PA:1a10f000
19477659ns          364223 1c009d80 00000513 addi             x10, x0, 0          x10=00000000
19477679ns          364224 1c009d82 00008067 jalr             x0, x1, 0            x1:1c009804
19477759ns          364228 1c009804 00042503 lw               x10, 0(x8)          x10=00000000  x8:1c001320  PA:1c001320
19478080ns          364244 1c009806 00c12083 lw               x1, 12(x2)           x1=1c00af76  x2:100007e8  PA:100007f4
19478100ns          364245 1c009808 00812403 lw               x8, 8(x2)            x8=xxxxxxxx  x2:100007e8  PA:100007f0
19478120ns          364246 1c00980a 00a03533 sltu             x10, x0, x10        x10=00000000 x10:00000000
19478261ns          364253 1c00980e 40a00533 sub              x10, x0, x10        x10=00000000 x10:00000000
19478281ns          364254 1c009812 01010113 addi             x2, x2, 16           x2=100007f8  x2:100007e8
19478301ns          364255 1c009814 00008067 jalr             x0, x1, 0            x1:1c00af76
19478823ns          364281 1c00af76 f14027f3 csrrs            x15, x0, 0xf14      x15=00000000
19478843ns          364282 1c00af7a f457b7b3 p.bclr           x15, x15, 26, 5     x15=00000000 x15:00000000
19478863ns          364283 1c00af7e 00079963 bne              x15, x0, 18         x15:00000000
19479284ns          364304 1c00af80 1c001737 lui              x14, 0x1c001000     x14=1c001000
19479324ns          364306 1c00af84 1c0017b7 lui              x15, 0x1c001000     x15=1c001000
19479344ns          364307 1c00af88 32a72623 sw               x10, 812(x14)       x10:00000000 x14:1c001000  PA:1c00132c
19479685ns          364324 1c00af8c 3207a823 sw               x0, 816(x15)        x15:1c001000  PA:1c001330
19480026ns          364341 1c00af90 002047b7 lui              x15, 0x204000       x15=00204000
19480047ns          364342 1c00af94 fff00713 addi             x14, x0, -1         x14=ffffffff
19480067ns          364343 1c00af96 00e7a223 sw               x14, 4(x15)         x14:ffffffff x15:00204000  PA:00204004
