                Time          Cycles PC       Instr    Mnemonic
18194686ns          299899 1c008080 0640006f jal              x0, 100            
18195143ns          299922 1c0080e4 f1402573 csrrs            x10, x0, 0xf14      x10=00000001
18195183ns          299924 1c0080e8 01f57593 andi             x11, x10, 31        x11=00000001 x10:00000001
18195203ns          299925 1c0080ec 00555513 srli             x10, x10, 0x5       x10=00000000 x10:00000001
18195223ns          299926 1c0080ee 01f00613 addi             x12, x0, 31         x12=0000001f
18195641ns          299947 1c0080f0 00c50463 beq              x10, x12, 8         x10:00000000 x12:0000001f
18195680ns          299949 1c0080f4 fa1ff06f jal              x0, -96            
18196158ns          299973 1c008094 f3ff8117 auipc            x2, 0xf3ff8000       x2=10000094
18196197ns          299975 1c008098 f7010113 addi             x2, x2, -144         x2=10000004  x2:10000094
18196217ns          299976 1c00809c 00012103 lw               x2, 0(x2)            x2=10000008  x2:10000004  PA:10000004
18196655ns          299998 1c0080a0 000011b7 lui              x3, 0x1000           x3=00001000
18196695ns          300000 1c0080a4 80018193 addi             x3, x3, -2048        x3=00000800  x3:00001000
18196715ns          300001 1c0080a8 00158593 addi             x11, x11, 1         x11=00000002 x11:00000001
18196735ns          300002 1c0080ac 02b180b3 mul              x1, x3, x11          x1=00001000  x3:00000800 x11:00000002
18197172ns          300024 1c0080b0 00110133 add              x2, x2, x1           x2=10001008  x2:10000008  x1:00001000
18197212ns          300026 1c0080b4 69d0206f jal              x0, 11932          
18197689ns          300050 1c00af50 ff010113 addi             x2, x2, -16          x2=10000ff8  x2:10001008
18197709ns          300051 1c00af52 00112623 sw               x1, 12(x2)           x1:00001000  x2:10000ff8  PA:10001004
18197729ns          300052 1c00af54 002047b7 lui              x15, 0x204000       x15=00204000
18197749ns          300053 1c00af58 00070737 lui              x14, 0x70000        x14=00070000
18197769ns          300054 1c00af5c 00e7a423 sw               x14, 8(x15)         x14:00070000 x15:00204000  PA:00204008
18197789ns          300055 1c00af5e 00f00713 addi             x14, x0, 15         x14=0000000f
18198206ns          300076 1c00af60 20078793 addi             x15, x15, 512       x15=00204200 x15:00204000
18198246ns          300078 1c00af64 00e7a023 sw               x14, 0(x15)         x14:0000000f x15:00204200  PA:00204200
18198266ns          300079 1c00af68 00e7a623 sw               x14, 12(x15)        x14:0000000f x15:00204200  PA:0020420c
18198286ns          300080 1c00af6c 1c0017b7 lui              x15, 0x1c001000     x15=1c001000
18198724ns          300102 1c00af70 35c7a783 lw               x15, 860(x15)       x15=1c0097ac x15:1c001000  PA:1c00135c
18199082ns          300120 1c00af74 000780e7 jalr             x1, x15, 0           x1=1c00af76 x15:1c0097ac
18199758ns          300154 1c0097ac f14027f3 csrrs            x15, x0, 0xf14      x15=00000001
18200235ns          300178 1c0097b0 ca579733 p.extractu       x14, x15, 5, 5      x14=00000000 x15:00000001
18200275ns          300180 1c0097b4 06071163 bne              x14, x0, 98         x14:00000000
18200295ns          300181 1c0097b6 f457b7b3 p.bclr           x15, x15, 26, 5     x15=00000001 x15:00000001
18200315ns          300182 1c0097ba 00000513 addi             x10, x0, 0          x10=00000000
18200335ns          300183 1c0097bc 00078263 beq              x15, x0, 4          x15:00000001
18200355ns          300184 1c0097be 00008067 jalr             x0, x1, 0            x1:1c00af76
18200812ns          300207 1c00af76 f14027f3 csrrs            x15, x0, 0xf14      x15=00000001
18200832ns          300208 1c00af7a f457b7b3 p.bclr           x15, x15, 26, 5     x15=00000001 x15:00000001
18200852ns          300209 1c00af7e 00079963 bne              x15, x0, 18         x15:00000001
18201369ns          300235 1c00af90 002047b7 lui              x15, 0x204000       x15=00204000
18201409ns          300237 1c00af94 fff00713 addi             x14, x0, -1         x14=ffffffff
18201429ns          300238 1c00af96 00e7a223 sw               x14, 4(x15)         x14:ffffffff x15:00204000  PA:00204004
