                Time          Cycles PC       Instr    Mnemonic
16333187ns          267146 1c008080 0640006f jal              x0, 100            
16333645ns          267169 1c0080e4 f1402573 csrrs            x10, x0, 0xf14      x10=00000001
16333684ns          267171 1c0080e8 01f57593 andi             x11, x10, 31        x11=00000001 x10:00000001
16333704ns          267172 1c0080ec 00555513 srli             x10, x10, 0x5       x10=00000000 x10:00000001
16333724ns          267173 1c0080ee 01f00613 addi             x12, x0, 31         x12=0000001f
16334142ns          267194 1c0080f0 00c50463 beq              x10, x12, 8         x10:00000000 x12:0000001f
16334182ns          267196 1c0080f4 fa1ff06f jal              x0, -96            
16334659ns          267220 1c008094 f3ff8117 auipc            x2, 0xf3ff8000       x2=10000094
16334699ns          267222 1c008098 f7010113 addi             x2, x2, -144         x2=10000004  x2:10000094
16334719ns          267223 1c00809c 00012103 lw               x2, 0(x2)            x2=10000008  x2:10000004  PA:10000004
16335156ns          267245 1c0080a0 000011b7 lui              x3, 0x1000           x3=00001000
16335196ns          267247 1c0080a4 80018193 addi             x3, x3, -2048        x3=00000800  x3:00001000
16335216ns          267248 1c0080a8 00158593 addi             x11, x11, 1         x11=00000002 x11:00000001
16335236ns          267249 1c0080ac 02b180b3 mul              x1, x3, x11          x1=00001000  x3:00000800 x11:00000002
16335674ns          267271 1c0080b0 00110133 add              x2, x2, x1           x2=10001008  x2:10000008  x1:00001000
16335713ns          267273 1c0080b4 37d0106f jal              x0, 7036           
16336171ns          267296 1c009c30 ff010113 addi             x2, x2, -16          x2=10000ff8  x2:10001008
16336191ns          267297 1c009c32 00112623 sw               x1, 12(x2)           x1:00001000  x2:10000ff8  PA:10001004
16336211ns          267298 1c009c34 002047b7 lui              x15, 0x204000       x15=00204000
16336230ns          267299 1c009c38 00070737 lui              x14, 0x70000        x14=00070000
16336250ns          267300 1c009c3c 00e7a423 sw               x14, 8(x15)         x14:00070000 x15:00204000  PA:00204008
16336270ns          267301 1c009c3e 00f00713 addi             x14, x0, 15         x14=0000000f
16336688ns          267322 1c009c40 20078793 addi             x15, x15, 512       x15=00204200 x15:00204000
16336728ns          267324 1c009c44 00e7a023 sw               x14, 0(x15)         x14:0000000f x15:00204200  PA:00204200
16336748ns          267325 1c009c48 00e7a623 sw               x14, 12(x15)        x14:0000000f x15:00204200  PA:0020420c
16336768ns          267326 1c009c4c 1c0027b7 lui              x15, 0x1c002000     x15=1c002000
16337205ns          267348 1c009c50 d8c7a783 lw               x15, -628(x15)      x15=1c00813e x15:1c002000  PA:1c001d8c
16337543ns          267365 1c009c54 000780e7 jalr             x1, x15, 0           x1=1c009c56 x15:1c00813e
16338677ns          267422 1c00813e f14027f3 csrrs            x15, x0, 0xf14      x15=00000001
16338717ns          267424 1c008142 ca579733 p.extractu       x14, x15, 5, 5      x14=00000000 x15:00000001
16338737ns          267425 1c008146 00070463 beq              x14, x0, 8          x14:00000000
16339254ns          267451 1c00814e f457b7b3 p.bclr           x15, x15, 26, 5     x15=00000001 x15:00000001
16339274ns          267452 1c008152 00079763 bne              x15, x0, 14         x15:00000001
16339751ns          267476 1c008160 00000513 addi             x10, x0, 0          x10=00000000
16339771ns          267477 1c008162 00008067 jalr             x0, x1, 0            x1:1c009c56
16339831ns          267480 1c009c56 f14027f3 csrrs            x15, x0, 0xf14      x15=00000001
16339851ns          267481 1c009c5a f457b7b3 p.bclr           x15, x15, 26, 5     x15=00000001 x15:00000001
16339870ns          267482 1c009c5e 00079963 bne              x15, x0, 18         x15:00000001
16340348ns          267506 1c009c70 002047b7 lui              x15, 0x204000       x15=00204000
16340388ns          267508 1c009c74 fff00713 addi             x14, x0, -1         x14=ffffffff
16340408ns          267509 1c009c76 00e7a223 sw               x14, 4(x15)         x14:ffffffff x15:00204000  PA:00204004
