                Time          Cycles PC       Instr    Mnemonic
16333247ns          267149 1c008080 0640006f jal              x0, 100            
16333704ns          267172 1c0080e4 f1402573 csrrs            x10, x0, 0xf14      x10=00000003
16333744ns          267174 1c0080e8 01f57593 andi             x11, x10, 31        x11=00000003 x10:00000003
16333764ns          267175 1c0080ec 00555513 srli             x10, x10, 0x5       x10=00000000 x10:00000003
16333784ns          267176 1c0080ee 01f00613 addi             x12, x0, 31         x12=0000001f
16334202ns          267197 1c0080f0 00c50463 beq              x10, x12, 8         x10:00000000 x12:0000001f
16334241ns          267199 1c0080f4 fa1ff06f jal              x0, -96            
16334719ns          267223 1c008094 f3ff8117 auipc            x2, 0xf3ff8000       x2=10000094
16334759ns          267225 1c008098 f7010113 addi             x2, x2, -144         x2=10000004  x2:10000094
16334778ns          267226 1c00809c 00012103 lw               x2, 0(x2)            x2=10000008  x2:10000004  PA:10000004
16335216ns          267248 1c0080a0 000011b7 lui              x3, 0x1000           x3=00001000
16335256ns          267250 1c0080a4 80018193 addi             x3, x3, -2048        x3=00000800  x3:00001000
16335276ns          267251 1c0080a8 00158593 addi             x11, x11, 1         x11=00000004 x11:00000003
16335296ns          267252 1c0080ac 02b180b3 mul              x1, x3, x11          x1=00002000  x3:00000800 x11:00000004
16335733ns          267274 1c0080b0 00110133 add              x2, x2, x1           x2=10002008  x2:10000008  x1:00002000
16335773ns          267276 1c0080b4 37d0106f jal              x0, 7036           
16336230ns          267299 1c009c30 ff010113 addi             x2, x2, -16          x2=10001ff8  x2:10002008
16336250ns          267300 1c009c32 00112623 sw               x1, 12(x2)           x1:00002000  x2:10001ff8  PA:10002004
16336270ns          267301 1c009c34 002047b7 lui              x15, 0x204000       x15=00204000
16336290ns          267302 1c009c38 00070737 lui              x14, 0x70000        x14=00070000
16336310ns          267303 1c009c3c 00e7a423 sw               x14, 8(x15)         x14:00070000 x15:00204000  PA:00204008
16336330ns          267304 1c009c3e 00f00713 addi             x14, x0, 15         x14=0000000f
16336748ns          267325 1c009c40 20078793 addi             x15, x15, 512       x15=00204200 x15:00204000
16336787ns          267327 1c009c44 00e7a023 sw               x14, 0(x15)         x14:0000000f x15:00204200  PA:00204200
16336827ns          267329 1c009c48 00e7a623 sw               x14, 12(x15)        x14:0000000f x15:00204200  PA:0020420c
16336847ns          267330 1c009c4c 1c0027b7 lui              x15, 0x1c002000     x15=1c002000
16337265ns          267351 1c009c50 d8c7a783 lw               x15, -628(x15)      x15=1c00813e x15:1c002000  PA:1c001d8c
16337762ns          267376 1c009c54 000780e7 jalr             x1, x15, 0           x1=1c009c56 x15:1c00813e
16338737ns          267425 1c00813e f14027f3 csrrs            x15, x0, 0xf14      x15=00000003
16338776ns          267427 1c008142 ca579733 p.extractu       x14, x15, 5, 5      x14=00000000 x15:00000003
16338796ns          267428 1c008146 00070463 beq              x14, x0, 8          x14:00000000
16339314ns          267454 1c00814e f457b7b3 p.bclr           x15, x15, 26, 5     x15=00000003 x15:00000003
16339333ns          267455 1c008152 00079763 bne              x15, x0, 14         x15:00000003
16339811ns          267479 1c008160 00000513 addi             x10, x0, 0          x10=00000000
16339831ns          267480 1c008162 00008067 jalr             x0, x1, 0            x1:1c009c56
16339890ns          267483 1c009c56 f14027f3 csrrs            x15, x0, 0xf14      x15=00000003
16339910ns          267484 1c009c5a f457b7b3 p.bclr           x15, x15, 26, 5     x15=00000003 x15:00000003
16339930ns          267485 1c009c5e 00079963 bne              x15, x0, 18         x15:00000003
16340388ns          267508 1c009c70 002047b7 lui              x15, 0x204000       x15=00204000
16340427ns          267510 1c009c74 fff00713 addi             x14, x0, -1         x14=ffffffff
16340447ns          267511 1c009c76 00e7a223 sw               x14, 4(x15)         x14:ffffffff x15:00204000  PA:00204004
