                Time          Cycles PC       Instr    Mnemonic
12152321ns          193581 1c008080 0640006f jal              x0, 100            
12152779ns          193604 1c0080e4 f1402573 csrrs            x10, x0, 0xf14      x10=00000002
12152818ns          193606 1c0080e8 01f57593 andi             x11, x10, 31        x11=00000002 x10:00000002
12152838ns          193607 1c0080ec 00555513 srli             x10, x10, 0x5       x10=00000000 x10:00000002
12152858ns          193608 1c0080ee 01f00613 addi             x12, x0, 31         x12=0000001f
12153296ns          193630 1c0080f0 00c50463 beq              x10, x12, 8         x10:00000000 x12:0000001f
12153335ns          193632 1c0080f4 fa1ff06f jal              x0, -96            
12153793ns          193655 1c008094 f3ff8117 auipc            x2, 0xf3ff8000       x2=10000094
12153833ns          193657 1c008098 f7010113 addi             x2, x2, -144         x2=10000004  x2:10000094
12153853ns          193658 1c00809c 00012103 lw               x2, 0(x2)            x2=10000008  x2:10000004  PA:10000004
12154290ns          193680 1c0080a0 000011b7 lui              x3, 0x1000           x3=00001000
12154330ns          193682 1c0080a4 80018193 addi             x3, x3, -2048        x3=00000800  x3:00001000
12154350ns          193683 1c0080a8 00158593 addi             x11, x11, 1         x11=00000003 x11:00000002
12154370ns          193684 1c0080ac 02b180b3 mul              x1, x3, x11          x1=00001800  x3:00000800 x11:00000003
12154807ns          193706 1c0080b0 00110133 add              x2, x2, x1           x2=10001808  x2:10000008  x1:00001800
12154847ns          193708 1c0080b4 33d0106f jal              x0, 6972           
12155305ns          193731 1c009bf0 ff010113 addi             x2, x2, -16          x2=100017f8  x2:10001808
12155325ns          193732 1c009bf2 00112623 sw               x1, 12(x2)           x1:00001800  x2:100017f8  PA:10001804
12155344ns          193733 1c009bf4 002047b7 lui              x15, 0x204000       x15=00204000
12155364ns          193734 1c009bf8 00070737 lui              x14, 0x70000        x14=00070000
12155384ns          193735 1c009bfc 00e7a423 sw               x14, 8(x15)         x14:00070000 x15:00204000  PA:00204008
12155404ns          193736 1c009bfe 00f00713 addi             x14, x0, 15         x14=0000000f
12155842ns          193758 1c009c00 20078793 addi             x15, x15, 512       x15=00204200 x15:00204000
12155881ns          193760 1c009c04 00e7a023 sw               x14, 0(x15)         x14:0000000f x15:00204200  PA:00204200
12155901ns          193761 1c009c08 00e7a623 sw               x14, 12(x15)        x14:0000000f x15:00204200  PA:0020420c
12155921ns          193762 1c009c0c 1c0017b7 lui              x15, 0x1c001000     x15=1c001000
12156359ns          193784 1c009c10 99c7a783 lw               x15, -1636(x15)     x15=1c008158 x15:1c001000  PA:1c00099c
12156697ns          193801 1c009c14 000780e7 jalr             x1, x15, 0           x1=1c009c16 x15:1c008158
12157353ns          193834 1c008158 ff010113 addi             x2, x2, -16          x2=100017e8  x2:100017f8
12157373ns          193835 1c00815a 00812423 sw               x8, 8(x2)            x8:xxxxxxxx  x2:100017e8  PA:100017f0
12157393ns          193836 1c00815c 00112623 sw               x1, 12(x2)           x1:1c009c16  x2:100017e8  PA:100017f4
12157831ns          193858 1c00815e f1402473 csrrs            x8, x0, 0xf14        x8=00000002
12157871ns          193860 1c008162 ca5417b3 p.extractu       x15, x8, 5, 5       x15=00000000  x8:00000002
12157890ns          193861 1c008166 00079a63 bne              x15, x0, 20         x15:00000000
12157910ns          193862 1c008168 f4543433 p.bclr           x8, x8, 26, 5        x8=00000002  x8:00000002
12157930ns          193863 1c00816c fd3ff0ef jal              x1, -46              x1=1c00816e
12158845ns          193909 1c00813e e7010113 addi             x2, x2, -400         x2=10001658  x2:100017e8
12159303ns          193932 1c008140 00000693 addi             x13, x0, 0          x13=00000000
12159342ns          193934 1c008142 064450fb lp.setupi        0x1, 0x64, 0x8     
12159362ns          193935 1c008146 00269793 slli             x15, x13, 0x2       x15=00000000 x13:00000000
12159382ns          193936 1c00814a 19010613 addi             x12, x2, 400        x12=100017e8  x2:10001658
12159402ns          193937 1c00814c 00c787b3 add              x15, x15, x12       x15=100017e8 x15:00000000 x12:100017e8
12159422ns          193938 1c00814e e607a823 sw               x0, -400(x15)       x15:100017e8  PA:10001658
12159442ns          193939 1c008152 00168693 addi             x13, x13, 1         x13=00000001 x13:00000000
12159482ns          193941 1c008146 00269793 slli             x15, x13, 0x2       x15=00000004 x13:00000001
12159502ns          193942 1c00814a 19010613 addi             x12, x2, 400        x12=100017e8  x2:10001658
12159521ns          193943 1c00814c 00c787b3 add              x15, x15, x12       x15=100017ec x15:00000004 x12:100017e8
12159541ns          193944 1c00814e e607a823 sw               x0, -400(x15)       x15:100017ec  PA:1000165c
12159561ns          193945 1c008152 00168693 addi             x13, x13, 1         x13=00000002 x13:00000001
12159601ns          193947 1c008146 00269793 slli             x15, x13, 0x2       x15=00000008 x13:00000002
12159621ns          193948 1c00814a 19010613 addi             x12, x2, 400        x12=100017e8  x2:10001658
12159641ns          193949 1c00814c 00c787b3 add              x15, x15, x12       x15=100017f0 x15:00000008 x12:100017e8
12159661ns          193950 1c00814e e607a823 sw               x0, -400(x15)       x15:100017f0  PA:10001660
12159681ns          193951 1c008152 00168693 addi             x13, x13, 1         x13=00000003 x13:00000002
12159720ns          193953 1c008146 00269793 slli             x15, x13, 0x2       x15=0000000c x13:00000003
12159740ns          193954 1c00814a 19010613 addi             x12, x2, 400        x12=100017e8  x2:10001658
12159760ns          193955 1c00814c 00c787b3 add              x15, x15, x12       x15=100017f4 x15:0000000c x12:100017e8
12159780ns          193956 1c00814e e607a823 sw               x0, -400(x15)       x15:100017f4  PA:10001664
12159800ns          193957 1c008152 00168693 addi             x13, x13, 1         x13=00000004 x13:00000003
12159840ns          193959 1c008146 00269793 slli             x15, x13, 0x2       x15=00000010 x13:00000004
12159860ns          193960 1c00814a 19010613 addi             x12, x2, 400        x12=100017e8  x2:10001658
12159880ns          193961 1c00814c 00c787b3 add              x15, x15, x12       x15=100017f8 x15:00000010 x12:100017e8
12159899ns          193962 1c00814e e607a823 sw               x0, -400(x15)       x15:100017f8  PA:10001668
12159919ns          193963 1c008152 00168693 addi             x13, x13, 1         x13=00000005 x13:00000004
12159959ns          193965 1c008146 00269793 slli             x15, x13, 0x2       x15=00000014 x13:00000005
12159979ns          193966 1c00814a 19010613 addi             x12, x2, 400        x12=100017e8  x2:10001658
12159999ns          193967 1c00814c 00c787b3 add              x15, x15, x12       x15=100017fc x15:00000014 x12:100017e8
12160019ns          193968 1c00814e e607a823 sw               x0, -400(x15)       x15:100017fc  PA:1000166c
12160039ns          193969 1c008152 00168693 addi             x13, x13, 1         x13=00000006 x13:00000005
12160078ns          193971 1c008146 00269793 slli             x15, x13, 0x2       x15=00000018 x13:00000006
12160098ns          193972 1c00814a 19010613 addi             x12, x2, 400        x12=100017e8  x2:10001658
12160118ns          193973 1c00814c 00c787b3 add              x15, x15, x12       x15=10001800 x15:00000018 x12:100017e8
12160138ns          193974 1c00814e e607a823 sw               x0, -400(x15)       x15:10001800  PA:10001670
12160158ns          193975 1c008152 00168693 addi             x13, x13, 1         x13=00000007 x13:00000006
12160198ns          193977 1c008146 00269793 slli             x15, x13, 0x2       x15=0000001c x13:00000007
12160218ns          193978 1c00814a 19010613 addi             x12, x2, 400        x12=100017e8  x2:10001658
12160238ns          193979 1c00814c 00c787b3 add              x15, x15, x12       x15=10001804 x15:0000001c x12:100017e8
12160257ns          193980 1c00814e e607a823 sw               x0, -400(x15)       x15:10001804  PA:10001674
12160277ns          193981 1c008152 00168693 addi             x13, x13, 1         x13=00000008 x13:00000007
12160317ns          193983 1c008146 00269793 slli             x15, x13, 0x2       x15=00000020 x13:00000008
12160337ns          193984 1c00814a 19010613 addi             x12, x2, 400        x12=100017e8  x2:10001658
12160357ns          193985 1c00814c 00c787b3 add              x15, x15, x12       x15=10001808 x15:00000020 x12:100017e8
12160377ns          193986 1c00814e e607a823 sw               x0, -400(x15)       x15:10001808  PA:10001678
12160397ns          193987 1c008152 00168693 addi             x13, x13, 1         x13=00000009 x13:00000008
12160436ns          193989 1c008146 00269793 slli             x15, x13, 0x2       x15=00000024 x13:00000009
12160456ns          193990 1c00814a 19010613 addi             x12, x2, 400        x12=100017e8  x2:10001658
12160476ns          193991 1c00814c 00c787b3 add              x15, x15, x12       x15=1000180c x15:00000024 x12:100017e8
12160496ns          193992 1c00814e e607a823 sw               x0, -400(x15)       x15:1000180c  PA:1000167c
12160516ns          193993 1c008152 00168693 addi             x13, x13, 1         x13=0000000a x13:00000009
12160556ns          193995 1c008146 00269793 slli             x15, x13, 0x2       x15=00000028 x13:0000000a
12160576ns          193996 1c00814a 19010613 addi             x12, x2, 400        x12=100017e8  x2:10001658
12160596ns          193997 1c00814c 00c787b3 add              x15, x15, x12       x15=10001810 x15:00000028 x12:100017e8
12160615ns          193998 1c00814e e607a823 sw               x0, -400(x15)       x15:10001810  PA:10001680
12160635ns          193999 1c008152 00168693 addi             x13, x13, 1         x13=0000000b x13:0000000a
12160675ns          194001 1c008146 00269793 slli             x15, x13, 0x2       x15=0000002c x13:0000000b
12160695ns          194002 1c00814a 19010613 addi             x12, x2, 400        x12=100017e8  x2:10001658
12160715ns          194003 1c00814c 00c787b3 add              x15, x15, x12       x15=10001814 x15:0000002c x12:100017e8
12160735ns          194004 1c00814e e607a823 sw               x0, -400(x15)       x15:10001814  PA:10001684
12160755ns          194005 1c008152 00168693 addi             x13, x13, 1         x13=0000000c x13:0000000b
12160795ns          194007 1c008146 00269793 slli             x15, x13, 0x2       x15=00000030 x13:0000000c
12160814ns          194008 1c00814a 19010613 addi             x12, x2, 400        x12=100017e8  x2:10001658
12160834ns          194009 1c00814c 00c787b3 add              x15, x15, x12       x15=10001818 x15:00000030 x12:100017e8
12160854ns          194010 1c00814e e607a823 sw               x0, -400(x15)       x15:10001818  PA:10001688
12160874ns          194011 1c008152 00168693 addi             x13, x13, 1         x13=0000000d x13:0000000c
12160914ns          194013 1c008146 00269793 slli             x15, x13, 0x2       x15=00000034 x13:0000000d
12160934ns          194014 1c00814a 19010613 addi             x12, x2, 400        x12=100017e8  x2:10001658
12160954ns          194015 1c00814c 00c787b3 add              x15, x15, x12       x15=1000181c x15:00000034 x12:100017e8
12160974ns          194016 1c00814e e607a823 sw               x0, -400(x15)       x15:1000181c  PA:1000168c
12160993ns          194017 1c008152 00168693 addi             x13, x13, 1         x13=0000000e x13:0000000d
12161033ns          194019 1c008146 00269793 slli             x15, x13, 0x2       x15=00000038 x13:0000000e
12161053ns          194020 1c00814a 19010613 addi             x12, x2, 400        x12=100017e8  x2:10001658
12161073ns          194021 1c00814c 00c787b3 add              x15, x15, x12       x15=10001820 x15:00000038 x12:100017e8
12161093ns          194022 1c00814e e607a823 sw               x0, -400(x15)       x15:10001820  PA:10001690
12161113ns          194023 1c008152 00168693 addi             x13, x13, 1         x13=0000000f x13:0000000e
12161153ns          194025 1c008146 00269793 slli             x15, x13, 0x2       x15=0000003c x13:0000000f
12161172ns          194026 1c00814a 19010613 addi             x12, x2, 400        x12=100017e8  x2:10001658
12161192ns          194027 1c00814c 00c787b3 add              x15, x15, x12       x15=10001824 x15:0000003c x12:100017e8
12161212ns          194028 1c00814e e607a823 sw               x0, -400(x15)       x15:10001824  PA:10001694
12161232ns          194029 1c008152 00168693 addi             x13, x13, 1         x13=00000010 x13:0000000f
12161272ns          194031 1c008146 00269793 slli             x15, x13, 0x2       x15=00000040 x13:00000010
12161292ns          194032 1c00814a 19010613 addi             x12, x2, 400        x12=100017e8  x2:10001658
12161312ns          194033 1c00814c 00c787b3 add              x15, x15, x12       x15=10001828 x15:00000040 x12:100017e8
12161332ns          194034 1c00814e e607a823 sw               x0, -400(x15)       x15:10001828  PA:10001698
12161351ns          194035 1c008152 00168693 addi             x13, x13, 1         x13=00000011 x13:00000010
12161391ns          194037 1c008146 00269793 slli             x15, x13, 0x2       x15=00000044 x13:00000011
12161411ns          194038 1c00814a 19010613 addi             x12, x2, 400        x12=100017e8  x2:10001658
12161431ns          194039 1c00814c 00c787b3 add              x15, x15, x12       x15=1000182c x15:00000044 x12:100017e8
12161451ns          194040 1c00814e e607a823 sw               x0, -400(x15)       x15:1000182c  PA:1000169c
12161471ns          194041 1c008152 00168693 addi             x13, x13, 1         x13=00000012 x13:00000011
12161511ns          194043 1c008146 00269793 slli             x15, x13, 0x2       x15=00000048 x13:00000012
12161530ns          194044 1c00814a 19010613 addi             x12, x2, 400        x12=100017e8  x2:10001658
12161550ns          194045 1c00814c 00c787b3 add              x15, x15, x12       x15=10001830 x15:00000048 x12:100017e8
12161570ns          194046 1c00814e e607a823 sw               x0, -400(x15)       x15:10001830  PA:100016a0
12161590ns          194047 1c008152 00168693 addi             x13, x13, 1         x13=00000013 x13:00000012
12161630ns          194049 1c008146 00269793 slli             x15, x13, 0x2       x15=0000004c x13:00000013
12161650ns          194050 1c00814a 19010613 addi             x12, x2, 400        x12=100017e8  x2:10001658
12161670ns          194051 1c00814c 00c787b3 add              x15, x15, x12       x15=10001834 x15:0000004c x12:100017e8
12161690ns          194052 1c00814e e607a823 sw               x0, -400(x15)       x15:10001834  PA:100016a4
12161709ns          194053 1c008152 00168693 addi             x13, x13, 1         x13=00000014 x13:00000013
12161749ns          194055 1c008146 00269793 slli             x15, x13, 0x2       x15=00000050 x13:00000014
12161769ns          194056 1c00814a 19010613 addi             x12, x2, 400        x12=100017e8  x2:10001658
12161789ns          194057 1c00814c 00c787b3 add              x15, x15, x12       x15=10001838 x15:00000050 x12:100017e8
12161809ns          194058 1c00814e e607a823 sw               x0, -400(x15)       x15:10001838  PA:100016a8
12161829ns          194059 1c008152 00168693 addi             x13, x13, 1         x13=00000015 x13:00000014
12161869ns          194061 1c008146 00269793 slli             x15, x13, 0x2       x15=00000054 x13:00000015
12161888ns          194062 1c00814a 19010613 addi             x12, x2, 400        x12=100017e8  x2:10001658
12161908ns          194063 1c00814c 00c787b3 add              x15, x15, x12       x15=1000183c x15:00000054 x12:100017e8
12161928ns          194064 1c00814e e607a823 sw               x0, -400(x15)       x15:1000183c  PA:100016ac
12161948ns          194065 1c008152 00168693 addi             x13, x13, 1         x13=00000016 x13:00000015
12161988ns          194067 1c008146 00269793 slli             x15, x13, 0x2       x15=00000058 x13:00000016
12162008ns          194068 1c00814a 19010613 addi             x12, x2, 400        x12=100017e8  x2:10001658
12162028ns          194069 1c00814c 00c787b3 add              x15, x15, x12       x15=10001840 x15:00000058 x12:100017e8
12162048ns          194070 1c00814e e607a823 sw               x0, -400(x15)       x15:10001840  PA:100016b0
12162068ns          194071 1c008152 00168693 addi             x13, x13, 1         x13=00000017 x13:00000016
12162107ns          194073 1c008146 00269793 slli             x15, x13, 0x2       x15=0000005c x13:00000017
12162127ns          194074 1c00814a 19010613 addi             x12, x2, 400        x12=100017e8  x2:10001658
12162147ns          194075 1c00814c 00c787b3 add              x15, x15, x12       x15=10001844 x15:0000005c x12:100017e8
12162167ns          194076 1c00814e e607a823 sw               x0, -400(x15)       x15:10001844  PA:100016b4
12162187ns          194077 1c008152 00168693 addi             x13, x13, 1         x13=00000018 x13:00000017
12162227ns          194079 1c008146 00269793 slli             x15, x13, 0x2       x15=00000060 x13:00000018
12162247ns          194080 1c00814a 19010613 addi             x12, x2, 400        x12=100017e8  x2:10001658
12162266ns          194081 1c00814c 00c787b3 add              x15, x15, x12       x15=10001848 x15:00000060 x12:100017e8
12162286ns          194082 1c00814e e607a823 sw               x0, -400(x15)       x15:10001848  PA:100016b8
12162306ns          194083 1c008152 00168693 addi             x13, x13, 1         x13=00000019 x13:00000018
12162346ns          194085 1c008146 00269793 slli             x15, x13, 0x2       x15=00000064 x13:00000019
12162366ns          194086 1c00814a 19010613 addi             x12, x2, 400        x12=100017e8  x2:10001658
12162386ns          194087 1c00814c 00c787b3 add              x15, x15, x12       x15=1000184c x15:00000064 x12:100017e8
12162406ns          194088 1c00814e e607a823 sw               x0, -400(x15)       x15:1000184c  PA:100016bc
12162426ns          194089 1c008152 00168693 addi             x13, x13, 1         x13=0000001a x13:00000019
12162465ns          194091 1c008146 00269793 slli             x15, x13, 0x2       x15=00000068 x13:0000001a
12162485ns          194092 1c00814a 19010613 addi             x12, x2, 400        x12=100017e8  x2:10001658
12162505ns          194093 1c00814c 00c787b3 add              x15, x15, x12       x15=10001850 x15:00000068 x12:100017e8
12162525ns          194094 1c00814e e607a823 sw               x0, -400(x15)       x15:10001850  PA:100016c0
12162545ns          194095 1c008152 00168693 addi             x13, x13, 1         x13=0000001b x13:0000001a
12162585ns          194097 1c008146 00269793 slli             x15, x13, 0x2       x15=0000006c x13:0000001b
12162605ns          194098 1c00814a 19010613 addi             x12, x2, 400        x12=100017e8  x2:10001658
12162624ns          194099 1c00814c 00c787b3 add              x15, x15, x12       x15=10001854 x15:0000006c x12:100017e8
12162644ns          194100 1c00814e e607a823 sw               x0, -400(x15)       x15:10001854  PA:100016c4
12162664ns          194101 1c008152 00168693 addi             x13, x13, 1         x13=0000001c x13:0000001b
12162704ns          194103 1c008146 00269793 slli             x15, x13, 0x2       x15=00000070 x13:0000001c
12162724ns          194104 1c00814a 19010613 addi             x12, x2, 400        x12=100017e8  x2:10001658
12162744ns          194105 1c00814c 00c787b3 add              x15, x15, x12       x15=10001858 x15:00000070 x12:100017e8
12162764ns          194106 1c00814e e607a823 sw               x0, -400(x15)       x15:10001858  PA:100016c8
12162784ns          194107 1c008152 00168693 addi             x13, x13, 1         x13=0000001d x13:0000001c
12162823ns          194109 1c008146 00269793 slli             x15, x13, 0x2       x15=00000074 x13:0000001d
12162843ns          194110 1c00814a 19010613 addi             x12, x2, 400        x12=100017e8  x2:10001658
12162863ns          194111 1c00814c 00c787b3 add              x15, x15, x12       x15=1000185c x15:00000074 x12:100017e8
12162883ns          194112 1c00814e e607a823 sw               x0, -400(x15)       x15:1000185c  PA:100016cc
12162903ns          194113 1c008152 00168693 addi             x13, x13, 1         x13=0000001e x13:0000001d
12162943ns          194115 1c008146 00269793 slli             x15, x13, 0x2       x15=00000078 x13:0000001e
12162963ns          194116 1c00814a 19010613 addi             x12, x2, 400        x12=100017e8  x2:10001658
12162982ns          194117 1c00814c 00c787b3 add              x15, x15, x12       x15=10001860 x15:00000078 x12:100017e8
12163002ns          194118 1c00814e e607a823 sw               x0, -400(x15)       x15:10001860  PA:100016d0
12163022ns          194119 1c008152 00168693 addi             x13, x13, 1         x13=0000001f x13:0000001e
12163062ns          194121 1c008146 00269793 slli             x15, x13, 0x2       x15=0000007c x13:0000001f
12163082ns          194122 1c00814a 19010613 addi             x12, x2, 400        x12=100017e8  x2:10001658
12163102ns          194123 1c00814c 00c787b3 add              x15, x15, x12       x15=10001864 x15:0000007c x12:100017e8
12163122ns          194124 1c00814e e607a823 sw               x0, -400(x15)       x15:10001864  PA:100016d4
12163142ns          194125 1c008152 00168693 addi             x13, x13, 1         x13=00000020 x13:0000001f
12163181ns          194127 1c008146 00269793 slli             x15, x13, 0x2       x15=00000080 x13:00000020
12163201ns          194128 1c00814a 19010613 addi             x12, x2, 400        x12=100017e8  x2:10001658
12163221ns          194129 1c00814c 00c787b3 add              x15, x15, x12       x15=10001868 x15:00000080 x12:100017e8
12163241ns          194130 1c00814e e607a823 sw               x0, -400(x15)       x15:10001868  PA:100016d8
12163261ns          194131 1c008152 00168693 addi             x13, x13, 1         x13=00000021 x13:00000020
12163301ns          194133 1c008146 00269793 slli             x15, x13, 0x2       x15=00000084 x13:00000021
12163321ns          194134 1c00814a 19010613 addi             x12, x2, 400        x12=100017e8  x2:10001658
12163341ns          194135 1c00814c 00c787b3 add              x15, x15, x12       x15=1000186c x15:00000084 x12:100017e8
12163360ns          194136 1c00814e e607a823 sw               x0, -400(x15)       x15:1000186c  PA:100016dc
12163380ns          194137 1c008152 00168693 addi             x13, x13, 1         x13=00000022 x13:00000021
12163420ns          194139 1c008146 00269793 slli             x15, x13, 0x2       x15=00000088 x13:00000022
12163440ns          194140 1c00814a 19010613 addi             x12, x2, 400        x12=100017e8  x2:10001658
12163460ns          194141 1c00814c 00c787b3 add              x15, x15, x12       x15=10001870 x15:00000088 x12:100017e8
12163480ns          194142 1c00814e e607a823 sw               x0, -400(x15)       x15:10001870  PA:100016e0
12163500ns          194143 1c008152 00168693 addi             x13, x13, 1         x13=00000023 x13:00000022
12163539ns          194145 1c008146 00269793 slli             x15, x13, 0x2       x15=0000008c x13:00000023
12163559ns          194146 1c00814a 19010613 addi             x12, x2, 400        x12=100017e8  x2:10001658
12163579ns          194147 1c00814c 00c787b3 add              x15, x15, x12       x15=10001874 x15:0000008c x12:100017e8
12163599ns          194148 1c00814e e607a823 sw               x0, -400(x15)       x15:10001874  PA:100016e4
12163619ns          194149 1c008152 00168693 addi             x13, x13, 1         x13=00000024 x13:00000023
12163659ns          194151 1c008146 00269793 slli             x15, x13, 0x2       x15=00000090 x13:00000024
12163679ns          194152 1c00814a 19010613 addi             x12, x2, 400        x12=100017e8  x2:10001658
12163699ns          194153 1c00814c 00c787b3 add              x15, x15, x12       x15=10001878 x15:00000090 x12:100017e8
12163718ns          194154 1c00814e e607a823 sw               x0, -400(x15)       x15:10001878  PA:100016e8
12163738ns          194155 1c008152 00168693 addi             x13, x13, 1         x13=00000025 x13:00000024
12163778ns          194157 1c008146 00269793 slli             x15, x13, 0x2       x15=00000094 x13:00000025
12163798ns          194158 1c00814a 19010613 addi             x12, x2, 400        x12=100017e8  x2:10001658
12163818ns          194159 1c00814c 00c787b3 add              x15, x15, x12       x15=1000187c x15:00000094 x12:100017e8
12163838ns          194160 1c00814e e607a823 sw               x0, -400(x15)       x15:1000187c  PA:100016ec
12163858ns          194161 1c008152 00168693 addi             x13, x13, 1         x13=00000026 x13:00000025
12163897ns          194163 1c008146 00269793 slli             x15, x13, 0x2       x15=00000098 x13:00000026
12163917ns          194164 1c00814a 19010613 addi             x12, x2, 400        x12=100017e8  x2:10001658
12163937ns          194165 1c00814c 00c787b3 add              x15, x15, x12       x15=10001880 x15:00000098 x12:100017e8
12163957ns          194166 1c00814e e607a823 sw               x0, -400(x15)       x15:10001880  PA:100016f0
12163977ns          194167 1c008152 00168693 addi             x13, x13, 1         x13=00000027 x13:00000026
12164017ns          194169 1c008146 00269793 slli             x15, x13, 0x2       x15=0000009c x13:00000027
12164037ns          194170 1c00814a 19010613 addi             x12, x2, 400        x12=100017e8  x2:10001658
12164057ns          194171 1c00814c 00c787b3 add              x15, x15, x12       x15=10001884 x15:0000009c x12:100017e8
12164076ns          194172 1c00814e e607a823 sw               x0, -400(x15)       x15:10001884  PA:100016f4
12164096ns          194173 1c008152 00168693 addi             x13, x13, 1         x13=00000028 x13:00000027
12164136ns          194175 1c008146 00269793 slli             x15, x13, 0x2       x15=000000a0 x13:00000028
12164156ns          194176 1c00814a 19010613 addi             x12, x2, 400        x12=100017e8  x2:10001658
12164176ns          194177 1c00814c 00c787b3 add              x15, x15, x12       x15=10001888 x15:000000a0 x12:100017e8
12164196ns          194178 1c00814e e607a823 sw               x0, -400(x15)       x15:10001888  PA:100016f8
12164216ns          194179 1c008152 00168693 addi             x13, x13, 1         x13=00000029 x13:00000028
12164255ns          194181 1c008146 00269793 slli             x15, x13, 0x2       x15=000000a4 x13:00000029
12164275ns          194182 1c00814a 19010613 addi             x12, x2, 400        x12=100017e8  x2:10001658
12164295ns          194183 1c00814c 00c787b3 add              x15, x15, x12       x15=1000188c x15:000000a4 x12:100017e8
12164315ns          194184 1c00814e e607a823 sw               x0, -400(x15)       x15:1000188c  PA:100016fc
12164335ns          194185 1c008152 00168693 addi             x13, x13, 1         x13=0000002a x13:00000029
12164375ns          194187 1c008146 00269793 slli             x15, x13, 0x2       x15=000000a8 x13:0000002a
12164395ns          194188 1c00814a 19010613 addi             x12, x2, 400        x12=100017e8  x2:10001658
12164415ns          194189 1c00814c 00c787b3 add              x15, x15, x12       x15=10001890 x15:000000a8 x12:100017e8
12164435ns          194190 1c00814e e607a823 sw               x0, -400(x15)       x15:10001890  PA:10001700
12164454ns          194191 1c008152 00168693 addi             x13, x13, 1         x13=0000002b x13:0000002a
12164494ns          194193 1c008146 00269793 slli             x15, x13, 0x2       x15=000000ac x13:0000002b
12164514ns          194194 1c00814a 19010613 addi             x12, x2, 400        x12=100017e8  x2:10001658
12164534ns          194195 1c00814c 00c787b3 add              x15, x15, x12       x15=10001894 x15:000000ac x12:100017e8
12164554ns          194196 1c00814e e607a823 sw               x0, -400(x15)       x15:10001894  PA:10001704
12164574ns          194197 1c008152 00168693 addi             x13, x13, 1         x13=0000002c x13:0000002b
12164614ns          194199 1c008146 00269793 slli             x15, x13, 0x2       x15=000000b0 x13:0000002c
12164633ns          194200 1c00814a 19010613 addi             x12, x2, 400        x12=100017e8  x2:10001658
12164653ns          194201 1c00814c 00c787b3 add              x15, x15, x12       x15=10001898 x15:000000b0 x12:100017e8
12164673ns          194202 1c00814e e607a823 sw               x0, -400(x15)       x15:10001898  PA:10001708
12164693ns          194203 1c008152 00168693 addi             x13, x13, 1         x13=0000002d x13:0000002c
12164733ns          194205 1c008146 00269793 slli             x15, x13, 0x2       x15=000000b4 x13:0000002d
12164753ns          194206 1c00814a 19010613 addi             x12, x2, 400        x12=100017e8  x2:10001658
12164773ns          194207 1c00814c 00c787b3 add              x15, x15, x12       x15=1000189c x15:000000b4 x12:100017e8
12164793ns          194208 1c00814e e607a823 sw               x0, -400(x15)       x15:1000189c  PA:1000170c
12164812ns          194209 1c008152 00168693 addi             x13, x13, 1         x13=0000002e x13:0000002d
12164852ns          194211 1c008146 00269793 slli             x15, x13, 0x2       x15=000000b8 x13:0000002e
12164872ns          194212 1c00814a 19010613 addi             x12, x2, 400        x12=100017e8  x2:10001658
12164892ns          194213 1c00814c 00c787b3 add              x15, x15, x12       x15=100018a0 x15:000000b8 x12:100017e8
12164912ns          194214 1c00814e e607a823 sw               x0, -400(x15)       x15:100018a0  PA:10001710
12164932ns          194215 1c008152 00168693 addi             x13, x13, 1         x13=0000002f x13:0000002e
12164972ns          194217 1c008146 00269793 slli             x15, x13, 0x2       x15=000000bc x13:0000002f
12164991ns          194218 1c00814a 19010613 addi             x12, x2, 400        x12=100017e8  x2:10001658
12165011ns          194219 1c00814c 00c787b3 add              x15, x15, x12       x15=100018a4 x15:000000bc x12:100017e8
12165031ns          194220 1c00814e e607a823 sw               x0, -400(x15)       x15:100018a4  PA:10001714
12165051ns          194221 1c008152 00168693 addi             x13, x13, 1         x13=00000030 x13:0000002f
12165091ns          194223 1c008146 00269793 slli             x15, x13, 0x2       x15=000000c0 x13:00000030
12165111ns          194224 1c00814a 19010613 addi             x12, x2, 400        x12=100017e8  x2:10001658
12165131ns          194225 1c00814c 00c787b3 add              x15, x15, x12       x15=100018a8 x15:000000c0 x12:100017e8
12165151ns          194226 1c00814e e607a823 sw               x0, -400(x15)       x15:100018a8  PA:10001718
12165170ns          194227 1c008152 00168693 addi             x13, x13, 1         x13=00000031 x13:00000030
12165210ns          194229 1c008146 00269793 slli             x15, x13, 0x2       x15=000000c4 x13:00000031
12165230ns          194230 1c00814a 19010613 addi             x12, x2, 400        x12=100017e8  x2:10001658
12165250ns          194231 1c00814c 00c787b3 add              x15, x15, x12       x15=100018ac x15:000000c4 x12:100017e8
12165270ns          194232 1c00814e e607a823 sw               x0, -400(x15)       x15:100018ac  PA:1000171c
12165290ns          194233 1c008152 00168693 addi             x13, x13, 1         x13=00000032 x13:00000031
12165330ns          194235 1c008146 00269793 slli             x15, x13, 0x2       x15=000000c8 x13:00000032
12165349ns          194236 1c00814a 19010613 addi             x12, x2, 400        x12=100017e8  x2:10001658
12165369ns          194237 1c00814c 00c787b3 add              x15, x15, x12       x15=100018b0 x15:000000c8 x12:100017e8
12165389ns          194238 1c00814e e607a823 sw               x0, -400(x15)       x15:100018b0  PA:10001720
12165409ns          194239 1c008152 00168693 addi             x13, x13, 1         x13=00000033 x13:00000032
12165449ns          194241 1c008146 00269793 slli             x15, x13, 0x2       x15=000000cc x13:00000033
12165469ns          194242 1c00814a 19010613 addi             x12, x2, 400        x12=100017e8  x2:10001658
12165489ns          194243 1c00814c 00c787b3 add              x15, x15, x12       x15=100018b4 x15:000000cc x12:100017e8
12165509ns          194244 1c00814e e607a823 sw               x0, -400(x15)       x15:100018b4  PA:10001724
12165529ns          194245 1c008152 00168693 addi             x13, x13, 1         x13=00000034 x13:00000033
12165568ns          194247 1c008146 00269793 slli             x15, x13, 0x2       x15=000000d0 x13:00000034
12165588ns          194248 1c00814a 19010613 addi             x12, x2, 400        x12=100017e8  x2:10001658
12165608ns          194249 1c00814c 00c787b3 add              x15, x15, x12       x15=100018b8 x15:000000d0 x12:100017e8
12165628ns          194250 1c00814e e607a823 sw               x0, -400(x15)       x15:100018b8  PA:10001728
12165648ns          194251 1c008152 00168693 addi             x13, x13, 1         x13=00000035 x13:00000034
12165688ns          194253 1c008146 00269793 slli             x15, x13, 0x2       x15=000000d4 x13:00000035
12165708ns          194254 1c00814a 19010613 addi             x12, x2, 400        x12=100017e8  x2:10001658
12165727ns          194255 1c00814c 00c787b3 add              x15, x15, x12       x15=100018bc x15:000000d4 x12:100017e8
12165747ns          194256 1c00814e e607a823 sw               x0, -400(x15)       x15:100018bc  PA:1000172c
12165767ns          194257 1c008152 00168693 addi             x13, x13, 1         x13=00000036 x13:00000035
12165807ns          194259 1c008146 00269793 slli             x15, x13, 0x2       x15=000000d8 x13:00000036
12165827ns          194260 1c00814a 19010613 addi             x12, x2, 400        x12=100017e8  x2:10001658
12165847ns          194261 1c00814c 00c787b3 add              x15, x15, x12       x15=100018c0 x15:000000d8 x12:100017e8
12165867ns          194262 1c00814e e607a823 sw               x0, -400(x15)       x15:100018c0  PA:10001730
12165887ns          194263 1c008152 00168693 addi             x13, x13, 1         x13=00000037 x13:00000036
12165926ns          194265 1c008146 00269793 slli             x15, x13, 0x2       x15=000000dc x13:00000037
12165946ns          194266 1c00814a 19010613 addi             x12, x2, 400        x12=100017e8  x2:10001658
12165966ns          194267 1c00814c 00c787b3 add              x15, x15, x12       x15=100018c4 x15:000000dc x12:100017e8
12165986ns          194268 1c00814e e607a823 sw               x0, -400(x15)       x15:100018c4  PA:10001734
12166006ns          194269 1c008152 00168693 addi             x13, x13, 1         x13=00000038 x13:00000037
12166046ns          194271 1c008146 00269793 slli             x15, x13, 0x2       x15=000000e0 x13:00000038
12166066ns          194272 1c00814a 19010613 addi             x12, x2, 400        x12=100017e8  x2:10001658
12166085ns          194273 1c00814c 00c787b3 add              x15, x15, x12       x15=100018c8 x15:000000e0 x12:100017e8
12166105ns          194274 1c00814e e607a823 sw               x0, -400(x15)       x15:100018c8  PA:10001738
12166125ns          194275 1c008152 00168693 addi             x13, x13, 1         x13=00000039 x13:00000038
12166165ns          194277 1c008146 00269793 slli             x15, x13, 0x2       x15=000000e4 x13:00000039
12166185ns          194278 1c00814a 19010613 addi             x12, x2, 400        x12=100017e8  x2:10001658
12166205ns          194279 1c00814c 00c787b3 add              x15, x15, x12       x15=100018cc x15:000000e4 x12:100017e8
12166225ns          194280 1c00814e e607a823 sw               x0, -400(x15)       x15:100018cc  PA:1000173c
12166245ns          194281 1c008152 00168693 addi             x13, x13, 1         x13=0000003a x13:00000039
12166284ns          194283 1c008146 00269793 slli             x15, x13, 0x2       x15=000000e8 x13:0000003a
12166304ns          194284 1c00814a 19010613 addi             x12, x2, 400        x12=100017e8  x2:10001658
12166324ns          194285 1c00814c 00c787b3 add              x15, x15, x12       x15=100018d0 x15:000000e8 x12:100017e8
12166344ns          194286 1c00814e e607a823 sw               x0, -400(x15)       x15:100018d0  PA:10001740
12166364ns          194287 1c008152 00168693 addi             x13, x13, 1         x13=0000003b x13:0000003a
12166404ns          194289 1c008146 00269793 slli             x15, x13, 0x2       x15=000000ec x13:0000003b
12166424ns          194290 1c00814a 19010613 addi             x12, x2, 400        x12=100017e8  x2:10001658
12166443ns          194291 1c00814c 00c787b3 add              x15, x15, x12       x15=100018d4 x15:000000ec x12:100017e8
12166463ns          194292 1c00814e e607a823 sw               x0, -400(x15)       x15:100018d4  PA:10001744
12166483ns          194293 1c008152 00168693 addi             x13, x13, 1         x13=0000003c x13:0000003b
12166523ns          194295 1c008146 00269793 slli             x15, x13, 0x2       x15=000000f0 x13:0000003c
12166543ns          194296 1c00814a 19010613 addi             x12, x2, 400        x12=100017e8  x2:10001658
12166563ns          194297 1c00814c 00c787b3 add              x15, x15, x12       x15=100018d8 x15:000000f0 x12:100017e8
12166583ns          194298 1c00814e e607a823 sw               x0, -400(x15)       x15:100018d8  PA:10001748
12166603ns          194299 1c008152 00168693 addi             x13, x13, 1         x13=0000003d x13:0000003c
12166642ns          194301 1c008146 00269793 slli             x15, x13, 0x2       x15=000000f4 x13:0000003d
12166662ns          194302 1c00814a 19010613 addi             x12, x2, 400        x12=100017e8  x2:10001658
12166682ns          194303 1c00814c 00c787b3 add              x15, x15, x12       x15=100018dc x15:000000f4 x12:100017e8
12166702ns          194304 1c00814e e607a823 sw               x0, -400(x15)       x15:100018dc  PA:1000174c
12166722ns          194305 1c008152 00168693 addi             x13, x13, 1         x13=0000003e x13:0000003d
12166762ns          194307 1c008146 00269793 slli             x15, x13, 0x2       x15=000000f8 x13:0000003e
12166782ns          194308 1c00814a 19010613 addi             x12, x2, 400        x12=100017e8  x2:10001658
12166802ns          194309 1c00814c 00c787b3 add              x15, x15, x12       x15=100018e0 x15:000000f8 x12:100017e8
12166821ns          194310 1c00814e e607a823 sw               x0, -400(x15)       x15:100018e0  PA:10001750
12166841ns          194311 1c008152 00168693 addi             x13, x13, 1         x13=0000003f x13:0000003e
12166881ns          194313 1c008146 00269793 slli             x15, x13, 0x2       x15=000000fc x13:0000003f
12166901ns          194314 1c00814a 19010613 addi             x12, x2, 400        x12=100017e8  x2:10001658
12166921ns          194315 1c00814c 00c787b3 add              x15, x15, x12       x15=100018e4 x15:000000fc x12:100017e8
12166941ns          194316 1c00814e e607a823 sw               x0, -400(x15)       x15:100018e4  PA:10001754
12166961ns          194317 1c008152 00168693 addi             x13, x13, 1         x13=00000040 x13:0000003f
12167000ns          194319 1c008146 00269793 slli             x15, x13, 0x2       x15=00000100 x13:00000040
12167020ns          194320 1c00814a 19010613 addi             x12, x2, 400        x12=100017e8  x2:10001658
12167040ns          194321 1c00814c 00c787b3 add              x15, x15, x12       x15=100018e8 x15:00000100 x12:100017e8
12167060ns          194322 1c00814e e607a823 sw               x0, -400(x15)       x15:100018e8  PA:10001758
12167080ns          194323 1c008152 00168693 addi             x13, x13, 1         x13=00000041 x13:00000040
12167120ns          194325 1c008146 00269793 slli             x15, x13, 0x2       x15=00000104 x13:00000041
12167140ns          194326 1c00814a 19010613 addi             x12, x2, 400        x12=100017e8  x2:10001658
12167160ns          194327 1c00814c 00c787b3 add              x15, x15, x12       x15=100018ec x15:00000104 x12:100017e8
12167179ns          194328 1c00814e e607a823 sw               x0, -400(x15)       x15:100018ec  PA:1000175c
12167199ns          194329 1c008152 00168693 addi             x13, x13, 1         x13=00000042 x13:00000041
12167239ns          194331 1c008146 00269793 slli             x15, x13, 0x2       x15=00000108 x13:00000042
12167259ns          194332 1c00814a 19010613 addi             x12, x2, 400        x12=100017e8  x2:10001658
12167279ns          194333 1c00814c 00c787b3 add              x15, x15, x12       x15=100018f0 x15:00000108 x12:100017e8
12167299ns          194334 1c00814e e607a823 sw               x0, -400(x15)       x15:100018f0  PA:10001760
12167319ns          194335 1c008152 00168693 addi             x13, x13, 1         x13=00000043 x13:00000042
12167358ns          194337 1c008146 00269793 slli             x15, x13, 0x2       x15=0000010c x13:00000043
12167378ns          194338 1c00814a 19010613 addi             x12, x2, 400        x12=100017e8  x2:10001658
12167398ns          194339 1c00814c 00c787b3 add              x15, x15, x12       x15=100018f4 x15:0000010c x12:100017e8
12167418ns          194340 1c00814e e607a823 sw               x0, -400(x15)       x15:100018f4  PA:10001764
12167438ns          194341 1c008152 00168693 addi             x13, x13, 1         x13=00000044 x13:00000043
12167478ns          194343 1c008146 00269793 slli             x15, x13, 0x2       x15=00000110 x13:00000044
12167498ns          194344 1c00814a 19010613 addi             x12, x2, 400        x12=100017e8  x2:10001658
12167518ns          194345 1c00814c 00c787b3 add              x15, x15, x12       x15=100018f8 x15:00000110 x12:100017e8
12167537ns          194346 1c00814e e607a823 sw               x0, -400(x15)       x15:100018f8  PA:10001768
12167557ns          194347 1c008152 00168693 addi             x13, x13, 1         x13=00000045 x13:00000044
12167597ns          194349 1c008146 00269793 slli             x15, x13, 0x2       x15=00000114 x13:00000045
12167617ns          194350 1c00814a 19010613 addi             x12, x2, 400        x12=100017e8  x2:10001658
12167637ns          194351 1c00814c 00c787b3 add              x15, x15, x12       x15=100018fc x15:00000114 x12:100017e8
12167657ns          194352 1c00814e e607a823 sw               x0, -400(x15)       x15:100018fc  PA:1000176c
12167677ns          194353 1c008152 00168693 addi             x13, x13, 1         x13=00000046 x13:00000045
12167716ns          194355 1c008146 00269793 slli             x15, x13, 0x2       x15=00000118 x13:00000046
12167736ns          194356 1c00814a 19010613 addi             x12, x2, 400        x12=100017e8  x2:10001658
12167756ns          194357 1c00814c 00c787b3 add              x15, x15, x12       x15=10001900 x15:00000118 x12:100017e8
12167776ns          194358 1c00814e e607a823 sw               x0, -400(x15)       x15:10001900  PA:10001770
12167796ns          194359 1c008152 00168693 addi             x13, x13, 1         x13=00000047 x13:00000046
12167836ns          194361 1c008146 00269793 slli             x15, x13, 0x2       x15=0000011c x13:00000047
12167856ns          194362 1c00814a 19010613 addi             x12, x2, 400        x12=100017e8  x2:10001658
12167876ns          194363 1c00814c 00c787b3 add              x15, x15, x12       x15=10001904 x15:0000011c x12:100017e8
12167896ns          194364 1c00814e e607a823 sw               x0, -400(x15)       x15:10001904  PA:10001774
12167915ns          194365 1c008152 00168693 addi             x13, x13, 1         x13=00000048 x13:00000047
12167955ns          194367 1c008146 00269793 slli             x15, x13, 0x2       x15=00000120 x13:00000048
12167975ns          194368 1c00814a 19010613 addi             x12, x2, 400        x12=100017e8  x2:10001658
12167995ns          194369 1c00814c 00c787b3 add              x15, x15, x12       x15=10001908 x15:00000120 x12:100017e8
12168015ns          194370 1c00814e e607a823 sw               x0, -400(x15)       x15:10001908  PA:10001778
12168035ns          194371 1c008152 00168693 addi             x13, x13, 1         x13=00000049 x13:00000048
12168075ns          194373 1c008146 00269793 slli             x15, x13, 0x2       x15=00000124 x13:00000049
12168094ns          194374 1c00814a 19010613 addi             x12, x2, 400        x12=100017e8  x2:10001658
12168114ns          194375 1c00814c 00c787b3 add              x15, x15, x12       x15=1000190c x15:00000124 x12:100017e8
12168134ns          194376 1c00814e e607a823 sw               x0, -400(x15)       x15:1000190c  PA:1000177c
12168154ns          194377 1c008152 00168693 addi             x13, x13, 1         x13=0000004a x13:00000049
12168194ns          194379 1c008146 00269793 slli             x15, x13, 0x2       x15=00000128 x13:0000004a
12168214ns          194380 1c00814a 19010613 addi             x12, x2, 400        x12=100017e8  x2:10001658
12168234ns          194381 1c00814c 00c787b3 add              x15, x15, x12       x15=10001910 x15:00000128 x12:100017e8
12168254ns          194382 1c00814e e607a823 sw               x0, -400(x15)       x15:10001910  PA:10001780
12168273ns          194383 1c008152 00168693 addi             x13, x13, 1         x13=0000004b x13:0000004a
12168313ns          194385 1c008146 00269793 slli             x15, x13, 0x2       x15=0000012c x13:0000004b
12168333ns          194386 1c00814a 19010613 addi             x12, x2, 400        x12=100017e8  x2:10001658
12168353ns          194387 1c00814c 00c787b3 add              x15, x15, x12       x15=10001914 x15:0000012c x12:100017e8
12168373ns          194388 1c00814e e607a823 sw               x0, -400(x15)       x15:10001914  PA:10001784
12168393ns          194389 1c008152 00168693 addi             x13, x13, 1         x13=0000004c x13:0000004b
12168433ns          194391 1c008146 00269793 slli             x15, x13, 0x2       x15=00000130 x13:0000004c
12168452ns          194392 1c00814a 19010613 addi             x12, x2, 400        x12=100017e8  x2:10001658
12168472ns          194393 1c00814c 00c787b3 add              x15, x15, x12       x15=10001918 x15:00000130 x12:100017e8
12168492ns          194394 1c00814e e607a823 sw               x0, -400(x15)       x15:10001918  PA:10001788
12168512ns          194395 1c008152 00168693 addi             x13, x13, 1         x13=0000004d x13:0000004c
12168552ns          194397 1c008146 00269793 slli             x15, x13, 0x2       x15=00000134 x13:0000004d
12168572ns          194398 1c00814a 19010613 addi             x12, x2, 400        x12=100017e8  x2:10001658
12168592ns          194399 1c00814c 00c787b3 add              x15, x15, x12       x15=1000191c x15:00000134 x12:100017e8
12168612ns          194400 1c00814e e607a823 sw               x0, -400(x15)       x15:1000191c  PA:1000178c
12168631ns          194401 1c008152 00168693 addi             x13, x13, 1         x13=0000004e x13:0000004d
12168671ns          194403 1c008146 00269793 slli             x15, x13, 0x2       x15=00000138 x13:0000004e
12168691ns          194404 1c00814a 19010613 addi             x12, x2, 400        x12=100017e8  x2:10001658
12168711ns          194405 1c00814c 00c787b3 add              x15, x15, x12       x15=10001920 x15:00000138 x12:100017e8
12168731ns          194406 1c00814e e607a823 sw               x0, -400(x15)       x15:10001920  PA:10001790
12168751ns          194407 1c008152 00168693 addi             x13, x13, 1         x13=0000004f x13:0000004e
12168791ns          194409 1c008146 00269793 slli             x15, x13, 0x2       x15=0000013c x13:0000004f
12168810ns          194410 1c00814a 19010613 addi             x12, x2, 400        x12=100017e8  x2:10001658
12168830ns          194411 1c00814c 00c787b3 add              x15, x15, x12       x15=10001924 x15:0000013c x12:100017e8
12168850ns          194412 1c00814e e607a823 sw               x0, -400(x15)       x15:10001924  PA:10001794
12168870ns          194413 1c008152 00168693 addi             x13, x13, 1         x13=00000050 x13:0000004f
12168910ns          194415 1c008146 00269793 slli             x15, x13, 0x2       x15=00000140 x13:00000050
12168930ns          194416 1c00814a 19010613 addi             x12, x2, 400        x12=100017e8  x2:10001658
12168950ns          194417 1c00814c 00c787b3 add              x15, x15, x12       x15=10001928 x15:00000140 x12:100017e8
12168970ns          194418 1c00814e e607a823 sw               x0, -400(x15)       x15:10001928  PA:10001798
12168989ns          194419 1c008152 00168693 addi             x13, x13, 1         x13=00000051 x13:00000050
12169029ns          194421 1c008146 00269793 slli             x15, x13, 0x2       x15=00000144 x13:00000051
12169049ns          194422 1c00814a 19010613 addi             x12, x2, 400        x12=100017e8  x2:10001658
12169069ns          194423 1c00814c 00c787b3 add              x15, x15, x12       x15=1000192c x15:00000144 x12:100017e8
12169089ns          194424 1c00814e e607a823 sw               x0, -400(x15)       x15:1000192c  PA:1000179c
12169109ns          194425 1c008152 00168693 addi             x13, x13, 1         x13=00000052 x13:00000051
12169149ns          194427 1c008146 00269793 slli             x15, x13, 0x2       x15=00000148 x13:00000052
12169169ns          194428 1c00814a 19010613 addi             x12, x2, 400        x12=100017e8  x2:10001658
12169188ns          194429 1c00814c 00c787b3 add              x15, x15, x12       x15=10001930 x15:00000148 x12:100017e8
12169208ns          194430 1c00814e e607a823 sw               x0, -400(x15)       x15:10001930  PA:100017a0
12169228ns          194431 1c008152 00168693 addi             x13, x13, 1         x13=00000053 x13:00000052
12169268ns          194433 1c008146 00269793 slli             x15, x13, 0x2       x15=0000014c x13:00000053
12169288ns          194434 1c00814a 19010613 addi             x12, x2, 400        x12=100017e8  x2:10001658
12169308ns          194435 1c00814c 00c787b3 add              x15, x15, x12       x15=10001934 x15:0000014c x12:100017e8
12169328ns          194436 1c00814e e607a823 sw               x0, -400(x15)       x15:10001934  PA:100017a4
12169348ns          194437 1c008152 00168693 addi             x13, x13, 1         x13=00000054 x13:00000053
12169387ns          194439 1c008146 00269793 slli             x15, x13, 0x2       x15=00000150 x13:00000054
12169407ns          194440 1c00814a 19010613 addi             x12, x2, 400        x12=100017e8  x2:10001658
12169427ns          194441 1c00814c 00c787b3 add              x15, x15, x12       x15=10001938 x15:00000150 x12:100017e8
12169447ns          194442 1c00814e e607a823 sw               x0, -400(x15)       x15:10001938  PA:100017a8
12169467ns          194443 1c008152 00168693 addi             x13, x13, 1         x13=00000055 x13:00000054
12169507ns          194445 1c008146 00269793 slli             x15, x13, 0x2       x15=00000154 x13:00000055
12169527ns          194446 1c00814a 19010613 addi             x12, x2, 400        x12=100017e8  x2:10001658
12169546ns          194447 1c00814c 00c787b3 add              x15, x15, x12       x15=1000193c x15:00000154 x12:100017e8
12169566ns          194448 1c00814e e607a823 sw               x0, -400(x15)       x15:1000193c  PA:100017ac
12169586ns          194449 1c008152 00168693 addi             x13, x13, 1         x13=00000056 x13:00000055
12169626ns          194451 1c008146 00269793 slli             x15, x13, 0x2       x15=00000158 x13:00000056
12169646ns          194452 1c00814a 19010613 addi             x12, x2, 400        x12=100017e8  x2:10001658
12169666ns          194453 1c00814c 00c787b3 add              x15, x15, x12       x15=10001940 x15:00000158 x12:100017e8
12169686ns          194454 1c00814e e607a823 sw               x0, -400(x15)       x15:10001940  PA:100017b0
12169706ns          194455 1c008152 00168693 addi             x13, x13, 1         x13=00000057 x13:00000056
12169745ns          194457 1c008146 00269793 slli             x15, x13, 0x2       x15=0000015c x13:00000057
12169765ns          194458 1c00814a 19010613 addi             x12, x2, 400        x12=100017e8  x2:10001658
12169785ns          194459 1c00814c 00c787b3 add              x15, x15, x12       x15=10001944 x15:0000015c x12:100017e8
12169805ns          194460 1c00814e e607a823 sw               x0, -400(x15)       x15:10001944  PA:100017b4
12169825ns          194461 1c008152 00168693 addi             x13, x13, 1         x13=00000058 x13:00000057
12169865ns          194463 1c008146 00269793 slli             x15, x13, 0x2       x15=00000160 x13:00000058
12169885ns          194464 1c00814a 19010613 addi             x12, x2, 400        x12=100017e8  x2:10001658
12169904ns          194465 1c00814c 00c787b3 add              x15, x15, x12       x15=10001948 x15:00000160 x12:100017e8
12169924ns          194466 1c00814e e607a823 sw               x0, -400(x15)       x15:10001948  PA:100017b8
12169944ns          194467 1c008152 00168693 addi             x13, x13, 1         x13=00000059 x13:00000058
12169984ns          194469 1c008146 00269793 slli             x15, x13, 0x2       x15=00000164 x13:00000059
12170004ns          194470 1c00814a 19010613 addi             x12, x2, 400        x12=100017e8  x2:10001658
12170024ns          194471 1c00814c 00c787b3 add              x15, x15, x12       x15=1000194c x15:00000164 x12:100017e8
12170044ns          194472 1c00814e e607a823 sw               x0, -400(x15)       x15:1000194c  PA:100017bc
12170064ns          194473 1c008152 00168693 addi             x13, x13, 1         x13=0000005a x13:00000059
12170103ns          194475 1c008146 00269793 slli             x15, x13, 0x2       x15=00000168 x13:0000005a
12170123ns          194476 1c00814a 19010613 addi             x12, x2, 400        x12=100017e8  x2:10001658
12170143ns          194477 1c00814c 00c787b3 add              x15, x15, x12       x15=10001950 x15:00000168 x12:100017e8
12170163ns          194478 1c00814e e607a823 sw               x0, -400(x15)       x15:10001950  PA:100017c0
12170183ns          194479 1c008152 00168693 addi             x13, x13, 1         x13=0000005b x13:0000005a
12170223ns          194481 1c008146 00269793 slli             x15, x13, 0x2       x15=0000016c x13:0000005b
12170243ns          194482 1c00814a 19010613 addi             x12, x2, 400        x12=100017e8  x2:10001658
12170263ns          194483 1c00814c 00c787b3 add              x15, x15, x12       x15=10001954 x15:0000016c x12:100017e8
12170282ns          194484 1c00814e e607a823 sw               x0, -400(x15)       x15:10001954  PA:100017c4
12170302ns          194485 1c008152 00168693 addi             x13, x13, 1         x13=0000005c x13:0000005b
12170342ns          194487 1c008146 00269793 slli             x15, x13, 0x2       x15=00000170 x13:0000005c
12170362ns          194488 1c00814a 19010613 addi             x12, x2, 400        x12=100017e8  x2:10001658
12170382ns          194489 1c00814c 00c787b3 add              x15, x15, x12       x15=10001958 x15:00000170 x12:100017e8
12170402ns          194490 1c00814e e607a823 sw               x0, -400(x15)       x15:10001958  PA:100017c8
12170422ns          194491 1c008152 00168693 addi             x13, x13, 1         x13=0000005d x13:0000005c
12170461ns          194493 1c008146 00269793 slli             x15, x13, 0x2       x15=00000174 x13:0000005d
12170481ns          194494 1c00814a 19010613 addi             x12, x2, 400        x12=100017e8  x2:10001658
12170501ns          194495 1c00814c 00c787b3 add              x15, x15, x12       x15=1000195c x15:00000174 x12:100017e8
12170521ns          194496 1c00814e e607a823 sw               x0, -400(x15)       x15:1000195c  PA:100017cc
12170541ns          194497 1c008152 00168693 addi             x13, x13, 1         x13=0000005e x13:0000005d
12170581ns          194499 1c008146 00269793 slli             x15, x13, 0x2       x15=00000178 x13:0000005e
12170601ns          194500 1c00814a 19010613 addi             x12, x2, 400        x12=100017e8  x2:10001658
12170621ns          194501 1c00814c 00c787b3 add              x15, x15, x12       x15=10001960 x15:00000178 x12:100017e8
12170640ns          194502 1c00814e e607a823 sw               x0, -400(x15)       x15:10001960  PA:100017d0
12170660ns          194503 1c008152 00168693 addi             x13, x13, 1         x13=0000005f x13:0000005e
12170700ns          194505 1c008146 00269793 slli             x15, x13, 0x2       x15=0000017c x13:0000005f
12170720ns          194506 1c00814a 19010613 addi             x12, x2, 400        x12=100017e8  x2:10001658
12170740ns          194507 1c00814c 00c787b3 add              x15, x15, x12       x15=10001964 x15:0000017c x12:100017e8
12170760ns          194508 1c00814e e607a823 sw               x0, -400(x15)       x15:10001964  PA:100017d4
12170780ns          194509 1c008152 00168693 addi             x13, x13, 1         x13=00000060 x13:0000005f
12170819ns          194511 1c008146 00269793 slli             x15, x13, 0x2       x15=00000180 x13:00000060
12170839ns          194512 1c00814a 19010613 addi             x12, x2, 400        x12=100017e8  x2:10001658
12170859ns          194513 1c00814c 00c787b3 add              x15, x15, x12       x15=10001968 x15:00000180 x12:100017e8
12170879ns          194514 1c00814e e607a823 sw               x0, -400(x15)       x15:10001968  PA:100017d8
12170899ns          194515 1c008152 00168693 addi             x13, x13, 1         x13=00000061 x13:00000060
12170939ns          194517 1c008146 00269793 slli             x15, x13, 0x2       x15=00000184 x13:00000061
12170959ns          194518 1c00814a 19010613 addi             x12, x2, 400        x12=100017e8  x2:10001658
12170979ns          194519 1c00814c 00c787b3 add              x15, x15, x12       x15=1000196c x15:00000184 x12:100017e8
12170998ns          194520 1c00814e e607a823 sw               x0, -400(x15)       x15:1000196c  PA:100017dc
12171018ns          194521 1c008152 00168693 addi             x13, x13, 1         x13=00000062 x13:00000061
12171058ns          194523 1c008146 00269793 slli             x15, x13, 0x2       x15=00000188 x13:00000062
12171078ns          194524 1c00814a 19010613 addi             x12, x2, 400        x12=100017e8  x2:10001658
12171098ns          194525 1c00814c 00c787b3 add              x15, x15, x12       x15=10001970 x15:00000188 x12:100017e8
12171118ns          194526 1c00814e e607a823 sw               x0, -400(x15)       x15:10001970  PA:100017e0
12171138ns          194527 1c008152 00168693 addi             x13, x13, 1         x13=00000063 x13:00000062
12171177ns          194529 1c008146 00269793 slli             x15, x13, 0x2       x15=0000018c x13:00000063
12171197ns          194530 1c00814a 19010613 addi             x12, x2, 400        x12=100017e8  x2:10001658
12171217ns          194531 1c00814c 00c787b3 add              x15, x15, x12       x15=10001974 x15:0000018c x12:100017e8
12171237ns          194532 1c00814e e607a823 sw               x0, -400(x15)       x15:10001974  PA:100017e4
12171257ns          194533 1c008152 00168693 addi             x13, x13, 1         x13=00000064 x13:00000063
12171277ns          194534 1c008154 19010113 addi             x2, x2, 400          x2=100017e8  x2:10001658
12171297ns          194535 1c008156 00008067 jalr             x0, x1, 0            x1:1c00816e
12171337ns          194537 1c00816e 00040c63 beq              x8, x0, 24           x8:00000002
12171356ns          194538 1c008170 00c12083 lw               x1, 12(x2)           x1=1c009c16  x2:100017e8  PA:100017f4
12171376ns          194539 1c008172 00812403 lw               x8, 8(x2)            x8=xxxxxxxx  x2:100017e8  PA:100017f0
12171396ns          194540 1c008174 00000513 addi             x10, x0, 0          x10=00000000
12171416ns          194541 1c008176 01010113 addi             x2, x2, 16           x2=100017f8  x2:100017e8
12171436ns          194542 1c008178 00008067 jalr             x0, x1, 0            x1:1c009c16
12171894ns          194565 1c009c16 f14027f3 csrrs            x15, x0, 0xf14      x15=00000002
12171913ns          194566 1c009c1a f457b7b3 p.bclr           x15, x15, 26, 5     x15=00000002 x15:00000002
12171933ns          194567 1c009c1e 00079963 bne              x15, x0, 18         x15:00000002
12172450ns          194593 1c009c30 002047b7 lui              x15, 0x204000       x15=00204000
12172490ns          194595 1c009c34 fff00713 addi             x14, x0, -1         x14=ffffffff
12172510ns          194596 1c009c36 00e7a223 sw               x14, 4(x15)         x14:ffffffff x15:00204000  PA:00204004
