                Time          Cycles PC       Instr    Mnemonic
12152281ns          193579 1c008080 0640006f jal              x0, 100            
12152739ns          193602 1c0080e4 f1402573 csrrs            x10, x0, 0xf14      x10=00000001
12152779ns          193604 1c0080e8 01f57593 andi             x11, x10, 31        x11=00000001 x10:00000001
12152798ns          193605 1c0080ec 00555513 srli             x10, x10, 0x5       x10=00000000 x10:00000001
12152818ns          193606 1c0080ee 01f00613 addi             x12, x0, 31         x12=0000001f
12153256ns          193628 1c0080f0 00c50463 beq              x10, x12, 8         x10:00000000 x12:0000001f
12153296ns          193630 1c0080f4 fa1ff06f jal              x0, -96            
12153753ns          193653 1c008094 f3ff8117 auipc            x2, 0xf3ff8000       x2=10000094
12153793ns          193655 1c008098 f7010113 addi             x2, x2, -144         x2=10000004  x2:10000094
12153813ns          193656 1c00809c 00012103 lw               x2, 0(x2)            x2=10000008  x2:10000004  PA:10000004
12154250ns          193678 1c0080a0 000011b7 lui              x3, 0x1000           x3=00001000
12154290ns          193680 1c0080a4 80018193 addi             x3, x3, -2048        x3=00000800  x3:00001000
12154310ns          193681 1c0080a8 00158593 addi             x11, x11, 1         x11=00000002 x11:00000001
12154330ns          193682 1c0080ac 02b180b3 mul              x1, x3, x11          x1=00001000  x3:00000800 x11:00000002
12154768ns          193704 1c0080b0 00110133 add              x2, x2, x1           x2=10001008  x2:10000008  x1:00001000
12154807ns          193706 1c0080b4 33d0106f jal              x0, 6972           
12155265ns          193729 1c009bf0 ff010113 addi             x2, x2, -16          x2=10000ff8  x2:10001008
12155285ns          193730 1c009bf2 00112623 sw               x1, 12(x2)           x1:00001000  x2:10000ff8  PA:10001004
12155305ns          193731 1c009bf4 002047b7 lui              x15, 0x204000       x15=00204000
12155325ns          193732 1c009bf8 00070737 lui              x14, 0x70000        x14=00070000
12155344ns          193733 1c009bfc 00e7a423 sw               x14, 8(x15)         x14:00070000 x15:00204000  PA:00204008
12155364ns          193734 1c009bfe 00f00713 addi             x14, x0, 15         x14=0000000f
12155802ns          193756 1c009c00 20078793 addi             x15, x15, 512       x15=00204200 x15:00204000
12155842ns          193758 1c009c04 00e7a023 sw               x14, 0(x15)         x14:0000000f x15:00204200  PA:00204200
12155862ns          193759 1c009c08 00e7a623 sw               x14, 12(x15)        x14:0000000f x15:00204200  PA:0020420c
12155881ns          193760 1c009c0c 1c0017b7 lui              x15, 0x1c001000     x15=1c001000
12156319ns          193782 1c009c10 99c7a783 lw               x15, -1636(x15)     x15=1c008158 x15:1c001000  PA:1c00099c
12156657ns          193799 1c009c14 000780e7 jalr             x1, x15, 0           x1=1c009c16 x15:1c008158
12157314ns          193832 1c008158 ff010113 addi             x2, x2, -16          x2=10000fe8  x2:10000ff8
12157334ns          193833 1c00815a 00812423 sw               x8, 8(x2)            x8:xxxxxxxx  x2:10000fe8  PA:10000ff0
12157353ns          193834 1c00815c 00112623 sw               x1, 12(x2)           x1:1c009c16  x2:10000fe8  PA:10000ff4
12157791ns          193856 1c00815e f1402473 csrrs            x8, x0, 0xf14        x8=00000001
12157831ns          193858 1c008162 ca5417b3 p.extractu       x15, x8, 5, 5       x15=00000000  x8:00000001
12157851ns          193859 1c008166 00079a63 bne              x15, x0, 20         x15:00000000
12157871ns          193860 1c008168 f4543433 p.bclr           x8, x8, 26, 5        x8=00000001  x8:00000001
12157890ns          193861 1c00816c fd3ff0ef jal              x1, -46              x1=1c00816e
12158805ns          193907 1c00813e e7010113 addi             x2, x2, -400         x2=10000e58  x2:10000fe8
12159263ns          193930 1c008140 00000693 addi             x13, x0, 0          x13=00000000
12159303ns          193932 1c008142 064450fb lp.setupi        0x1, 0x64, 0x8     
12159323ns          193933 1c008146 00269793 slli             x15, x13, 0x2       x15=00000000 x13:00000000
12159342ns          193934 1c00814a 19010613 addi             x12, x2, 400        x12=10000fe8  x2:10000e58
12159362ns          193935 1c00814c 00c787b3 add              x15, x15, x12       x15=10000fe8 x15:00000000 x12:10000fe8
12159382ns          193936 1c00814e e607a823 sw               x0, -400(x15)       x15:10000fe8  PA:10000e58
12159402ns          193937 1c008152 00168693 addi             x13, x13, 1         x13=00000001 x13:00000000
12159442ns          193939 1c008146 00269793 slli             x15, x13, 0x2       x15=00000004 x13:00000001
12159462ns          193940 1c00814a 19010613 addi             x12, x2, 400        x12=10000fe8  x2:10000e58
12159482ns          193941 1c00814c 00c787b3 add              x15, x15, x12       x15=10000fec x15:00000004 x12:10000fe8
12159502ns          193942 1c00814e e607a823 sw               x0, -400(x15)       x15:10000fec  PA:10000e5c
12159521ns          193943 1c008152 00168693 addi             x13, x13, 1         x13=00000002 x13:00000001
12159561ns          193945 1c008146 00269793 slli             x15, x13, 0x2       x15=00000008 x13:00000002
12159581ns          193946 1c00814a 19010613 addi             x12, x2, 400        x12=10000fe8  x2:10000e58
12159601ns          193947 1c00814c 00c787b3 add              x15, x15, x12       x15=10000ff0 x15:00000008 x12:10000fe8
12159621ns          193948 1c00814e e607a823 sw               x0, -400(x15)       x15:10000ff0  PA:10000e60
12159641ns          193949 1c008152 00168693 addi             x13, x13, 1         x13=00000003 x13:00000002
12159681ns          193951 1c008146 00269793 slli             x15, x13, 0x2       x15=0000000c x13:00000003
12159701ns          193952 1c00814a 19010613 addi             x12, x2, 400        x12=10000fe8  x2:10000e58
12159720ns          193953 1c00814c 00c787b3 add              x15, x15, x12       x15=10000ff4 x15:0000000c x12:10000fe8
12159740ns          193954 1c00814e e607a823 sw               x0, -400(x15)       x15:10000ff4  PA:10000e64
12159760ns          193955 1c008152 00168693 addi             x13, x13, 1         x13=00000004 x13:00000003
12159800ns          193957 1c008146 00269793 slli             x15, x13, 0x2       x15=00000010 x13:00000004
12159820ns          193958 1c00814a 19010613 addi             x12, x2, 400        x12=10000fe8  x2:10000e58
12159840ns          193959 1c00814c 00c787b3 add              x15, x15, x12       x15=10000ff8 x15:00000010 x12:10000fe8
12159860ns          193960 1c00814e e607a823 sw               x0, -400(x15)       x15:10000ff8  PA:10000e68
12159880ns          193961 1c008152 00168693 addi             x13, x13, 1         x13=00000005 x13:00000004
12159919ns          193963 1c008146 00269793 slli             x15, x13, 0x2       x15=00000014 x13:00000005
12159939ns          193964 1c00814a 19010613 addi             x12, x2, 400        x12=10000fe8  x2:10000e58
12159959ns          193965 1c00814c 00c787b3 add              x15, x15, x12       x15=10000ffc x15:00000014 x12:10000fe8
12159979ns          193966 1c00814e e607a823 sw               x0, -400(x15)       x15:10000ffc  PA:10000e6c
12159999ns          193967 1c008152 00168693 addi             x13, x13, 1         x13=00000006 x13:00000005
12160039ns          193969 1c008146 00269793 slli             x15, x13, 0x2       x15=00000018 x13:00000006
12160059ns          193970 1c00814a 19010613 addi             x12, x2, 400        x12=10000fe8  x2:10000e58
12160078ns          193971 1c00814c 00c787b3 add              x15, x15, x12       x15=10001000 x15:00000018 x12:10000fe8
12160098ns          193972 1c00814e e607a823 sw               x0, -400(x15)       x15:10001000  PA:10000e70
12160118ns          193973 1c008152 00168693 addi             x13, x13, 1         x13=00000007 x13:00000006
12160158ns          193975 1c008146 00269793 slli             x15, x13, 0x2       x15=0000001c x13:00000007
12160178ns          193976 1c00814a 19010613 addi             x12, x2, 400        x12=10000fe8  x2:10000e58
12160198ns          193977 1c00814c 00c787b3 add              x15, x15, x12       x15=10001004 x15:0000001c x12:10000fe8
12160218ns          193978 1c00814e e607a823 sw               x0, -400(x15)       x15:10001004  PA:10000e74
12160238ns          193979 1c008152 00168693 addi             x13, x13, 1         x13=00000008 x13:00000007
12160277ns          193981 1c008146 00269793 slli             x15, x13, 0x2       x15=00000020 x13:00000008
12160297ns          193982 1c00814a 19010613 addi             x12, x2, 400        x12=10000fe8  x2:10000e58
12160317ns          193983 1c00814c 00c787b3 add              x15, x15, x12       x15=10001008 x15:00000020 x12:10000fe8
12160337ns          193984 1c00814e e607a823 sw               x0, -400(x15)       x15:10001008  PA:10000e78
12160357ns          193985 1c008152 00168693 addi             x13, x13, 1         x13=00000009 x13:00000008
12160397ns          193987 1c008146 00269793 slli             x15, x13, 0x2       x15=00000024 x13:00000009
12160417ns          193988 1c00814a 19010613 addi             x12, x2, 400        x12=10000fe8  x2:10000e58
12160436ns          193989 1c00814c 00c787b3 add              x15, x15, x12       x15=1000100c x15:00000024 x12:10000fe8
12160456ns          193990 1c00814e e607a823 sw               x0, -400(x15)       x15:1000100c  PA:10000e7c
12160476ns          193991 1c008152 00168693 addi             x13, x13, 1         x13=0000000a x13:00000009
12160516ns          193993 1c008146 00269793 slli             x15, x13, 0x2       x15=00000028 x13:0000000a
12160536ns          193994 1c00814a 19010613 addi             x12, x2, 400        x12=10000fe8  x2:10000e58
12160556ns          193995 1c00814c 00c787b3 add              x15, x15, x12       x15=10001010 x15:00000028 x12:10000fe8
12160576ns          193996 1c00814e e607a823 sw               x0, -400(x15)       x15:10001010  PA:10000e80
12160596ns          193997 1c008152 00168693 addi             x13, x13, 1         x13=0000000b x13:0000000a
12160635ns          193999 1c008146 00269793 slli             x15, x13, 0x2       x15=0000002c x13:0000000b
12160655ns          194000 1c00814a 19010613 addi             x12, x2, 400        x12=10000fe8  x2:10000e58
12160675ns          194001 1c00814c 00c787b3 add              x15, x15, x12       x15=10001014 x15:0000002c x12:10000fe8
12160695ns          194002 1c00814e e607a823 sw               x0, -400(x15)       x15:10001014  PA:10000e84
12160715ns          194003 1c008152 00168693 addi             x13, x13, 1         x13=0000000c x13:0000000b
12160755ns          194005 1c008146 00269793 slli             x15, x13, 0x2       x15=00000030 x13:0000000c
12160775ns          194006 1c00814a 19010613 addi             x12, x2, 400        x12=10000fe8  x2:10000e58
12160795ns          194007 1c00814c 00c787b3 add              x15, x15, x12       x15=10001018 x15:00000030 x12:10000fe8
12160814ns          194008 1c00814e e607a823 sw               x0, -400(x15)       x15:10001018  PA:10000e88
12160834ns          194009 1c008152 00168693 addi             x13, x13, 1         x13=0000000d x13:0000000c
12160874ns          194011 1c008146 00269793 slli             x15, x13, 0x2       x15=00000034 x13:0000000d
12160894ns          194012 1c00814a 19010613 addi             x12, x2, 400        x12=10000fe8  x2:10000e58
12160914ns          194013 1c00814c 00c787b3 add              x15, x15, x12       x15=1000101c x15:00000034 x12:10000fe8
12160934ns          194014 1c00814e e607a823 sw               x0, -400(x15)       x15:1000101c  PA:10000e8c
12160954ns          194015 1c008152 00168693 addi             x13, x13, 1         x13=0000000e x13:0000000d
12160993ns          194017 1c008146 00269793 slli             x15, x13, 0x2       x15=00000038 x13:0000000e
12161013ns          194018 1c00814a 19010613 addi             x12, x2, 400        x12=10000fe8  x2:10000e58
12161033ns          194019 1c00814c 00c787b3 add              x15, x15, x12       x15=10001020 x15:00000038 x12:10000fe8
12161053ns          194020 1c00814e e607a823 sw               x0, -400(x15)       x15:10001020  PA:10000e90
12161073ns          194021 1c008152 00168693 addi             x13, x13, 1         x13=0000000f x13:0000000e
12161113ns          194023 1c008146 00269793 slli             x15, x13, 0x2       x15=0000003c x13:0000000f
12161133ns          194024 1c00814a 19010613 addi             x12, x2, 400        x12=10000fe8  x2:10000e58
12161153ns          194025 1c00814c 00c787b3 add              x15, x15, x12       x15=10001024 x15:0000003c x12:10000fe8
12161172ns          194026 1c00814e e607a823 sw               x0, -400(x15)       x15:10001024  PA:10000e94
12161192ns          194027 1c008152 00168693 addi             x13, x13, 1         x13=00000010 x13:0000000f
12161232ns          194029 1c008146 00269793 slli             x15, x13, 0x2       x15=00000040 x13:00000010
12161252ns          194030 1c00814a 19010613 addi             x12, x2, 400        x12=10000fe8  x2:10000e58
12161272ns          194031 1c00814c 00c787b3 add              x15, x15, x12       x15=10001028 x15:00000040 x12:10000fe8
12161292ns          194032 1c00814e e607a823 sw               x0, -400(x15)       x15:10001028  PA:10000e98
12161312ns          194033 1c008152 00168693 addi             x13, x13, 1         x13=00000011 x13:00000010
12161351ns          194035 1c008146 00269793 slli             x15, x13, 0x2       x15=00000044 x13:00000011
12161371ns          194036 1c00814a 19010613 addi             x12, x2, 400        x12=10000fe8  x2:10000e58
12161391ns          194037 1c00814c 00c787b3 add              x15, x15, x12       x15=1000102c x15:00000044 x12:10000fe8
12161411ns          194038 1c00814e e607a823 sw               x0, -400(x15)       x15:1000102c  PA:10000e9c
12161431ns          194039 1c008152 00168693 addi             x13, x13, 1         x13=00000012 x13:00000011
12161471ns          194041 1c008146 00269793 slli             x15, x13, 0x2       x15=00000048 x13:00000012
12161491ns          194042 1c00814a 19010613 addi             x12, x2, 400        x12=10000fe8  x2:10000e58
12161511ns          194043 1c00814c 00c787b3 add              x15, x15, x12       x15=10001030 x15:00000048 x12:10000fe8
12161530ns          194044 1c00814e e607a823 sw               x0, -400(x15)       x15:10001030  PA:10000ea0
12161550ns          194045 1c008152 00168693 addi             x13, x13, 1         x13=00000013 x13:00000012
12161590ns          194047 1c008146 00269793 slli             x15, x13, 0x2       x15=0000004c x13:00000013
12161610ns          194048 1c00814a 19010613 addi             x12, x2, 400        x12=10000fe8  x2:10000e58
12161630ns          194049 1c00814c 00c787b3 add              x15, x15, x12       x15=10001034 x15:0000004c x12:10000fe8
12161650ns          194050 1c00814e e607a823 sw               x0, -400(x15)       x15:10001034  PA:10000ea4
12161670ns          194051 1c008152 00168693 addi             x13, x13, 1         x13=00000014 x13:00000013
12161709ns          194053 1c008146 00269793 slli             x15, x13, 0x2       x15=00000050 x13:00000014
12161729ns          194054 1c00814a 19010613 addi             x12, x2, 400        x12=10000fe8  x2:10000e58
12161749ns          194055 1c00814c 00c787b3 add              x15, x15, x12       x15=10001038 x15:00000050 x12:10000fe8
12161769ns          194056 1c00814e e607a823 sw               x0, -400(x15)       x15:10001038  PA:10000ea8
12161789ns          194057 1c008152 00168693 addi             x13, x13, 1         x13=00000015 x13:00000014
12161829ns          194059 1c008146 00269793 slli             x15, x13, 0x2       x15=00000054 x13:00000015
12161849ns          194060 1c00814a 19010613 addi             x12, x2, 400        x12=10000fe8  x2:10000e58
12161869ns          194061 1c00814c 00c787b3 add              x15, x15, x12       x15=1000103c x15:00000054 x12:10000fe8
12161888ns          194062 1c00814e e607a823 sw               x0, -400(x15)       x15:1000103c  PA:10000eac
12161908ns          194063 1c008152 00168693 addi             x13, x13, 1         x13=00000016 x13:00000015
12161948ns          194065 1c008146 00269793 slli             x15, x13, 0x2       x15=00000058 x13:00000016
12161968ns          194066 1c00814a 19010613 addi             x12, x2, 400        x12=10000fe8  x2:10000e58
12161988ns          194067 1c00814c 00c787b3 add              x15, x15, x12       x15=10001040 x15:00000058 x12:10000fe8
12162008ns          194068 1c00814e e607a823 sw               x0, -400(x15)       x15:10001040  PA:10000eb0
12162028ns          194069 1c008152 00168693 addi             x13, x13, 1         x13=00000017 x13:00000016
12162068ns          194071 1c008146 00269793 slli             x15, x13, 0x2       x15=0000005c x13:00000017
12162087ns          194072 1c00814a 19010613 addi             x12, x2, 400        x12=10000fe8  x2:10000e58
12162107ns          194073 1c00814c 00c787b3 add              x15, x15, x12       x15=10001044 x15:0000005c x12:10000fe8
12162127ns          194074 1c00814e e607a823 sw               x0, -400(x15)       x15:10001044  PA:10000eb4
12162147ns          194075 1c008152 00168693 addi             x13, x13, 1         x13=00000018 x13:00000017
12162187ns          194077 1c008146 00269793 slli             x15, x13, 0x2       x15=00000060 x13:00000018
12162207ns          194078 1c00814a 19010613 addi             x12, x2, 400        x12=10000fe8  x2:10000e58
12162227ns          194079 1c00814c 00c787b3 add              x15, x15, x12       x15=10001048 x15:00000060 x12:10000fe8
12162247ns          194080 1c00814e e607a823 sw               x0, -400(x15)       x15:10001048  PA:10000eb8
12162266ns          194081 1c008152 00168693 addi             x13, x13, 1         x13=00000019 x13:00000018
12162306ns          194083 1c008146 00269793 slli             x15, x13, 0x2       x15=00000064 x13:00000019
12162326ns          194084 1c00814a 19010613 addi             x12, x2, 400        x12=10000fe8  x2:10000e58
12162346ns          194085 1c00814c 00c787b3 add              x15, x15, x12       x15=1000104c x15:00000064 x12:10000fe8
12162366ns          194086 1c00814e e607a823 sw               x0, -400(x15)       x15:1000104c  PA:10000ebc
12162386ns          194087 1c008152 00168693 addi             x13, x13, 1         x13=0000001a x13:00000019
12162426ns          194089 1c008146 00269793 slli             x15, x13, 0x2       x15=00000068 x13:0000001a
12162445ns          194090 1c00814a 19010613 addi             x12, x2, 400        x12=10000fe8  x2:10000e58
12162465ns          194091 1c00814c 00c787b3 add              x15, x15, x12       x15=10001050 x15:00000068 x12:10000fe8
12162485ns          194092 1c00814e e607a823 sw               x0, -400(x15)       x15:10001050  PA:10000ec0
12162505ns          194093 1c008152 00168693 addi             x13, x13, 1         x13=0000001b x13:0000001a
12162545ns          194095 1c008146 00269793 slli             x15, x13, 0x2       x15=0000006c x13:0000001b
12162565ns          194096 1c00814a 19010613 addi             x12, x2, 400        x12=10000fe8  x2:10000e58
12162585ns          194097 1c00814c 00c787b3 add              x15, x15, x12       x15=10001054 x15:0000006c x12:10000fe8
12162605ns          194098 1c00814e e607a823 sw               x0, -400(x15)       x15:10001054  PA:10000ec4
12162624ns          194099 1c008152 00168693 addi             x13, x13, 1         x13=0000001c x13:0000001b
12162664ns          194101 1c008146 00269793 slli             x15, x13, 0x2       x15=00000070 x13:0000001c
12162684ns          194102 1c00814a 19010613 addi             x12, x2, 400        x12=10000fe8  x2:10000e58
12162704ns          194103 1c00814c 00c787b3 add              x15, x15, x12       x15=10001058 x15:00000070 x12:10000fe8
12162724ns          194104 1c00814e e607a823 sw               x0, -400(x15)       x15:10001058  PA:10000ec8
12162744ns          194105 1c008152 00168693 addi             x13, x13, 1         x13=0000001d x13:0000001c
12162784ns          194107 1c008146 00269793 slli             x15, x13, 0x2       x15=00000074 x13:0000001d
12162803ns          194108 1c00814a 19010613 addi             x12, x2, 400        x12=10000fe8  x2:10000e58
12162823ns          194109 1c00814c 00c787b3 add              x15, x15, x12       x15=1000105c x15:00000074 x12:10000fe8
12162843ns          194110 1c00814e e607a823 sw               x0, -400(x15)       x15:1000105c  PA:10000ecc
12162863ns          194111 1c008152 00168693 addi             x13, x13, 1         x13=0000001e x13:0000001d
12162903ns          194113 1c008146 00269793 slli             x15, x13, 0x2       x15=00000078 x13:0000001e
12162923ns          194114 1c00814a 19010613 addi             x12, x2, 400        x12=10000fe8  x2:10000e58
12162943ns          194115 1c00814c 00c787b3 add              x15, x15, x12       x15=10001060 x15:00000078 x12:10000fe8
12162963ns          194116 1c00814e e607a823 sw               x0, -400(x15)       x15:10001060  PA:10000ed0
12162982ns          194117 1c008152 00168693 addi             x13, x13, 1         x13=0000001f x13:0000001e
12163022ns          194119 1c008146 00269793 slli             x15, x13, 0x2       x15=0000007c x13:0000001f
12163042ns          194120 1c00814a 19010613 addi             x12, x2, 400        x12=10000fe8  x2:10000e58
12163062ns          194121 1c00814c 00c787b3 add              x15, x15, x12       x15=10001064 x15:0000007c x12:10000fe8
12163082ns          194122 1c00814e e607a823 sw               x0, -400(x15)       x15:10001064  PA:10000ed4
12163102ns          194123 1c008152 00168693 addi             x13, x13, 1         x13=00000020 x13:0000001f
12163142ns          194125 1c008146 00269793 slli             x15, x13, 0x2       x15=00000080 x13:00000020
12163162ns          194126 1c00814a 19010613 addi             x12, x2, 400        x12=10000fe8  x2:10000e58
12163181ns          194127 1c00814c 00c787b3 add              x15, x15, x12       x15=10001068 x15:00000080 x12:10000fe8
12163201ns          194128 1c00814e e607a823 sw               x0, -400(x15)       x15:10001068  PA:10000ed8
12163221ns          194129 1c008152 00168693 addi             x13, x13, 1         x13=00000021 x13:00000020
12163261ns          194131 1c008146 00269793 slli             x15, x13, 0x2       x15=00000084 x13:00000021
12163281ns          194132 1c00814a 19010613 addi             x12, x2, 400        x12=10000fe8  x2:10000e58
12163301ns          194133 1c00814c 00c787b3 add              x15, x15, x12       x15=1000106c x15:00000084 x12:10000fe8
12163321ns          194134 1c00814e e607a823 sw               x0, -400(x15)       x15:1000106c  PA:10000edc
12163341ns          194135 1c008152 00168693 addi             x13, x13, 1         x13=00000022 x13:00000021
12163380ns          194137 1c008146 00269793 slli             x15, x13, 0x2       x15=00000088 x13:00000022
12163400ns          194138 1c00814a 19010613 addi             x12, x2, 400        x12=10000fe8  x2:10000e58
12163420ns          194139 1c00814c 00c787b3 add              x15, x15, x12       x15=10001070 x15:00000088 x12:10000fe8
12163440ns          194140 1c00814e e607a823 sw               x0, -400(x15)       x15:10001070  PA:10000ee0
12163460ns          194141 1c008152 00168693 addi             x13, x13, 1         x13=00000023 x13:00000022
12163500ns          194143 1c008146 00269793 slli             x15, x13, 0x2       x15=0000008c x13:00000023
12163520ns          194144 1c00814a 19010613 addi             x12, x2, 400        x12=10000fe8  x2:10000e58
12163539ns          194145 1c00814c 00c787b3 add              x15, x15, x12       x15=10001074 x15:0000008c x12:10000fe8
12163559ns          194146 1c00814e e607a823 sw               x0, -400(x15)       x15:10001074  PA:10000ee4
12163579ns          194147 1c008152 00168693 addi             x13, x13, 1         x13=00000024 x13:00000023
12163619ns          194149 1c008146 00269793 slli             x15, x13, 0x2       x15=00000090 x13:00000024
12163639ns          194150 1c00814a 19010613 addi             x12, x2, 400        x12=10000fe8  x2:10000e58
12163659ns          194151 1c00814c 00c787b3 add              x15, x15, x12       x15=10001078 x15:00000090 x12:10000fe8
12163679ns          194152 1c00814e e607a823 sw               x0, -400(x15)       x15:10001078  PA:10000ee8
12163699ns          194153 1c008152 00168693 addi             x13, x13, 1         x13=00000025 x13:00000024
12163738ns          194155 1c008146 00269793 slli             x15, x13, 0x2       x15=00000094 x13:00000025
12163758ns          194156 1c00814a 19010613 addi             x12, x2, 400        x12=10000fe8  x2:10000e58
12163778ns          194157 1c00814c 00c787b3 add              x15, x15, x12       x15=1000107c x15:00000094 x12:10000fe8
12163798ns          194158 1c00814e e607a823 sw               x0, -400(x15)       x15:1000107c  PA:10000eec
12163818ns          194159 1c008152 00168693 addi             x13, x13, 1         x13=00000026 x13:00000025
12163858ns          194161 1c008146 00269793 slli             x15, x13, 0x2       x15=00000098 x13:00000026
12163878ns          194162 1c00814a 19010613 addi             x12, x2, 400        x12=10000fe8  x2:10000e58
12163897ns          194163 1c00814c 00c787b3 add              x15, x15, x12       x15=10001080 x15:00000098 x12:10000fe8
12163917ns          194164 1c00814e e607a823 sw               x0, -400(x15)       x15:10001080  PA:10000ef0
12163937ns          194165 1c008152 00168693 addi             x13, x13, 1         x13=00000027 x13:00000026
12163977ns          194167 1c008146 00269793 slli             x15, x13, 0x2       x15=0000009c x13:00000027
12163997ns          194168 1c00814a 19010613 addi             x12, x2, 400        x12=10000fe8  x2:10000e58
12164017ns          194169 1c00814c 00c787b3 add              x15, x15, x12       x15=10001084 x15:0000009c x12:10000fe8
12164037ns          194170 1c00814e e607a823 sw               x0, -400(x15)       x15:10001084  PA:10000ef4
12164057ns          194171 1c008152 00168693 addi             x13, x13, 1         x13=00000028 x13:00000027
12164096ns          194173 1c008146 00269793 slli             x15, x13, 0x2       x15=000000a0 x13:00000028
12164116ns          194174 1c00814a 19010613 addi             x12, x2, 400        x12=10000fe8  x2:10000e58
12164136ns          194175 1c00814c 00c787b3 add              x15, x15, x12       x15=10001088 x15:000000a0 x12:10000fe8
12164156ns          194176 1c00814e e607a823 sw               x0, -400(x15)       x15:10001088  PA:10000ef8
12164176ns          194177 1c008152 00168693 addi             x13, x13, 1         x13=00000029 x13:00000028
12164216ns          194179 1c008146 00269793 slli             x15, x13, 0x2       x15=000000a4 x13:00000029
12164236ns          194180 1c00814a 19010613 addi             x12, x2, 400        x12=10000fe8  x2:10000e58
12164255ns          194181 1c00814c 00c787b3 add              x15, x15, x12       x15=1000108c x15:000000a4 x12:10000fe8
12164275ns          194182 1c00814e e607a823 sw               x0, -400(x15)       x15:1000108c  PA:10000efc
12164295ns          194183 1c008152 00168693 addi             x13, x13, 1         x13=0000002a x13:00000029
12164335ns          194185 1c008146 00269793 slli             x15, x13, 0x2       x15=000000a8 x13:0000002a
12164355ns          194186 1c00814a 19010613 addi             x12, x2, 400        x12=10000fe8  x2:10000e58
12164375ns          194187 1c00814c 00c787b3 add              x15, x15, x12       x15=10001090 x15:000000a8 x12:10000fe8
12164395ns          194188 1c00814e e607a823 sw               x0, -400(x15)       x15:10001090  PA:10000f00
12164415ns          194189 1c008152 00168693 addi             x13, x13, 1         x13=0000002b x13:0000002a
12164454ns          194191 1c008146 00269793 slli             x15, x13, 0x2       x15=000000ac x13:0000002b
12164474ns          194192 1c00814a 19010613 addi             x12, x2, 400        x12=10000fe8  x2:10000e58
12164494ns          194193 1c00814c 00c787b3 add              x15, x15, x12       x15=10001094 x15:000000ac x12:10000fe8
12164514ns          194194 1c00814e e607a823 sw               x0, -400(x15)       x15:10001094  PA:10000f04
12164534ns          194195 1c008152 00168693 addi             x13, x13, 1         x13=0000002c x13:0000002b
12164574ns          194197 1c008146 00269793 slli             x15, x13, 0x2       x15=000000b0 x13:0000002c
12164594ns          194198 1c00814a 19010613 addi             x12, x2, 400        x12=10000fe8  x2:10000e58
12164614ns          194199 1c00814c 00c787b3 add              x15, x15, x12       x15=10001098 x15:000000b0 x12:10000fe8
12164633ns          194200 1c00814e e607a823 sw               x0, -400(x15)       x15:10001098  PA:10000f08
12164653ns          194201 1c008152 00168693 addi             x13, x13, 1         x13=0000002d x13:0000002c
12164693ns          194203 1c008146 00269793 slli             x15, x13, 0x2       x15=000000b4 x13:0000002d
12164713ns          194204 1c00814a 19010613 addi             x12, x2, 400        x12=10000fe8  x2:10000e58
12164733ns          194205 1c00814c 00c787b3 add              x15, x15, x12       x15=1000109c x15:000000b4 x12:10000fe8
12164753ns          194206 1c00814e e607a823 sw               x0, -400(x15)       x15:1000109c  PA:10000f0c
12164773ns          194207 1c008152 00168693 addi             x13, x13, 1         x13=0000002e x13:0000002d
12164812ns          194209 1c008146 00269793 slli             x15, x13, 0x2       x15=000000b8 x13:0000002e
12164832ns          194210 1c00814a 19010613 addi             x12, x2, 400        x12=10000fe8  x2:10000e58
12164852ns          194211 1c00814c 00c787b3 add              x15, x15, x12       x15=100010a0 x15:000000b8 x12:10000fe8
12164872ns          194212 1c00814e e607a823 sw               x0, -400(x15)       x15:100010a0  PA:10000f10
12164892ns          194213 1c008152 00168693 addi             x13, x13, 1         x13=0000002f x13:0000002e
12164932ns          194215 1c008146 00269793 slli             x15, x13, 0x2       x15=000000bc x13:0000002f
12164952ns          194216 1c00814a 19010613 addi             x12, x2, 400        x12=10000fe8  x2:10000e58
12164972ns          194217 1c00814c 00c787b3 add              x15, x15, x12       x15=100010a4 x15:000000bc x12:10000fe8
12164991ns          194218 1c00814e e607a823 sw               x0, -400(x15)       x15:100010a4  PA:10000f14
12165011ns          194219 1c008152 00168693 addi             x13, x13, 1         x13=00000030 x13:0000002f
12165051ns          194221 1c008146 00269793 slli             x15, x13, 0x2       x15=000000c0 x13:00000030
12165071ns          194222 1c00814a 19010613 addi             x12, x2, 400        x12=10000fe8  x2:10000e58
12165091ns          194223 1c00814c 00c787b3 add              x15, x15, x12       x15=100010a8 x15:000000c0 x12:10000fe8
12165111ns          194224 1c00814e e607a823 sw               x0, -400(x15)       x15:100010a8  PA:10000f18
12165131ns          194225 1c008152 00168693 addi             x13, x13, 1         x13=00000031 x13:00000030
12165170ns          194227 1c008146 00269793 slli             x15, x13, 0x2       x15=000000c4 x13:00000031
12165190ns          194228 1c00814a 19010613 addi             x12, x2, 400        x12=10000fe8  x2:10000e58
12165210ns          194229 1c00814c 00c787b3 add              x15, x15, x12       x15=100010ac x15:000000c4 x12:10000fe8
12165230ns          194230 1c00814e e607a823 sw               x0, -400(x15)       x15:100010ac  PA:10000f1c
12165250ns          194231 1c008152 00168693 addi             x13, x13, 1         x13=00000032 x13:00000031
12165290ns          194233 1c008146 00269793 slli             x15, x13, 0x2       x15=000000c8 x13:00000032
12165310ns          194234 1c00814a 19010613 addi             x12, x2, 400        x12=10000fe8  x2:10000e58
12165330ns          194235 1c00814c 00c787b3 add              x15, x15, x12       x15=100010b0 x15:000000c8 x12:10000fe8
12165349ns          194236 1c00814e e607a823 sw               x0, -400(x15)       x15:100010b0  PA:10000f20
12165369ns          194237 1c008152 00168693 addi             x13, x13, 1         x13=00000033 x13:00000032
12165409ns          194239 1c008146 00269793 slli             x15, x13, 0x2       x15=000000cc x13:00000033
12165429ns          194240 1c00814a 19010613 addi             x12, x2, 400        x12=10000fe8  x2:10000e58
12165449ns          194241 1c00814c 00c787b3 add              x15, x15, x12       x15=100010b4 x15:000000cc x12:10000fe8
12165469ns          194242 1c00814e e607a823 sw               x0, -400(x15)       x15:100010b4  PA:10000f24
12165489ns          194243 1c008152 00168693 addi             x13, x13, 1         x13=00000034 x13:00000033
12165529ns          194245 1c008146 00269793 slli             x15, x13, 0x2       x15=000000d0 x13:00000034
12165548ns          194246 1c00814a 19010613 addi             x12, x2, 400        x12=10000fe8  x2:10000e58
12165568ns          194247 1c00814c 00c787b3 add              x15, x15, x12       x15=100010b8 x15:000000d0 x12:10000fe8
12165588ns          194248 1c00814e e607a823 sw               x0, -400(x15)       x15:100010b8  PA:10000f28
12165608ns          194249 1c008152 00168693 addi             x13, x13, 1         x13=00000035 x13:00000034
12165648ns          194251 1c008146 00269793 slli             x15, x13, 0x2       x15=000000d4 x13:00000035
12165668ns          194252 1c00814a 19010613 addi             x12, x2, 400        x12=10000fe8  x2:10000e58
12165688ns          194253 1c00814c 00c787b3 add              x15, x15, x12       x15=100010bc x15:000000d4 x12:10000fe8
12165708ns          194254 1c00814e e607a823 sw               x0, -400(x15)       x15:100010bc  PA:10000f2c
12165727ns          194255 1c008152 00168693 addi             x13, x13, 1         x13=00000036 x13:00000035
12165767ns          194257 1c008146 00269793 slli             x15, x13, 0x2       x15=000000d8 x13:00000036
12165787ns          194258 1c00814a 19010613 addi             x12, x2, 400        x12=10000fe8  x2:10000e58
12165807ns          194259 1c00814c 00c787b3 add              x15, x15, x12       x15=100010c0 x15:000000d8 x12:10000fe8
12165827ns          194260 1c00814e e607a823 sw               x0, -400(x15)       x15:100010c0  PA:10000f30
12165847ns          194261 1c008152 00168693 addi             x13, x13, 1         x13=00000037 x13:00000036
12165887ns          194263 1c008146 00269793 slli             x15, x13, 0x2       x15=000000dc x13:00000037
12165906ns          194264 1c00814a 19010613 addi             x12, x2, 400        x12=10000fe8  x2:10000e58
12165926ns          194265 1c00814c 00c787b3 add              x15, x15, x12       x15=100010c4 x15:000000dc x12:10000fe8
12165946ns          194266 1c00814e e607a823 sw               x0, -400(x15)       x15:100010c4  PA:10000f34
12165966ns          194267 1c008152 00168693 addi             x13, x13, 1         x13=00000038 x13:00000037
12166006ns          194269 1c008146 00269793 slli             x15, x13, 0x2       x15=000000e0 x13:00000038
12166026ns          194270 1c00814a 19010613 addi             x12, x2, 400        x12=10000fe8  x2:10000e58
12166046ns          194271 1c00814c 00c787b3 add              x15, x15, x12       x15=100010c8 x15:000000e0 x12:10000fe8
12166066ns          194272 1c00814e e607a823 sw               x0, -400(x15)       x15:100010c8  PA:10000f38
12166085ns          194273 1c008152 00168693 addi             x13, x13, 1         x13=00000039 x13:00000038
12166125ns          194275 1c008146 00269793 slli             x15, x13, 0x2       x15=000000e4 x13:00000039
12166145ns          194276 1c00814a 19010613 addi             x12, x2, 400        x12=10000fe8  x2:10000e58
12166165ns          194277 1c00814c 00c787b3 add              x15, x15, x12       x15=100010cc x15:000000e4 x12:10000fe8
12166185ns          194278 1c00814e e607a823 sw               x0, -400(x15)       x15:100010cc  PA:10000f3c
12166205ns          194279 1c008152 00168693 addi             x13, x13, 1         x13=0000003a x13:00000039
12166245ns          194281 1c008146 00269793 slli             x15, x13, 0x2       x15=000000e8 x13:0000003a
12166264ns          194282 1c00814a 19010613 addi             x12, x2, 400        x12=10000fe8  x2:10000e58
12166284ns          194283 1c00814c 00c787b3 add              x15, x15, x12       x15=100010d0 x15:000000e8 x12:10000fe8
12166304ns          194284 1c00814e e607a823 sw               x0, -400(x15)       x15:100010d0  PA:10000f40
12166324ns          194285 1c008152 00168693 addi             x13, x13, 1         x13=0000003b x13:0000003a
12166364ns          194287 1c008146 00269793 slli             x15, x13, 0x2       x15=000000ec x13:0000003b
12166384ns          194288 1c00814a 19010613 addi             x12, x2, 400        x12=10000fe8  x2:10000e58
12166404ns          194289 1c00814c 00c787b3 add              x15, x15, x12       x15=100010d4 x15:000000ec x12:10000fe8
12166424ns          194290 1c00814e e607a823 sw               x0, -400(x15)       x15:100010d4  PA:10000f44
12166443ns          194291 1c008152 00168693 addi             x13, x13, 1         x13=0000003c x13:0000003b
12166483ns          194293 1c008146 00269793 slli             x15, x13, 0x2       x15=000000f0 x13:0000003c
12166503ns          194294 1c00814a 19010613 addi             x12, x2, 400        x12=10000fe8  x2:10000e58
12166523ns          194295 1c00814c 00c787b3 add              x15, x15, x12       x15=100010d8 x15:000000f0 x12:10000fe8
12166543ns          194296 1c00814e e607a823 sw               x0, -400(x15)       x15:100010d8  PA:10000f48
12166563ns          194297 1c008152 00168693 addi             x13, x13, 1         x13=0000003d x13:0000003c
12166603ns          194299 1c008146 00269793 slli             x15, x13, 0x2       x15=000000f4 x13:0000003d
12166622ns          194300 1c00814a 19010613 addi             x12, x2, 400        x12=10000fe8  x2:10000e58
12166642ns          194301 1c00814c 00c787b3 add              x15, x15, x12       x15=100010dc x15:000000f4 x12:10000fe8
12166662ns          194302 1c00814e e607a823 sw               x0, -400(x15)       x15:100010dc  PA:10000f4c
12166682ns          194303 1c008152 00168693 addi             x13, x13, 1         x13=0000003e x13:0000003d
12166722ns          194305 1c008146 00269793 slli             x15, x13, 0x2       x15=000000f8 x13:0000003e
12166742ns          194306 1c00814a 19010613 addi             x12, x2, 400        x12=10000fe8  x2:10000e58
12166762ns          194307 1c00814c 00c787b3 add              x15, x15, x12       x15=100010e0 x15:000000f8 x12:10000fe8
12166782ns          194308 1c00814e e607a823 sw               x0, -400(x15)       x15:100010e0  PA:10000f50
12166802ns          194309 1c008152 00168693 addi             x13, x13, 1         x13=0000003f x13:0000003e
12166841ns          194311 1c008146 00269793 slli             x15, x13, 0x2       x15=000000fc x13:0000003f
12166861ns          194312 1c00814a 19010613 addi             x12, x2, 400        x12=10000fe8  x2:10000e58
12166881ns          194313 1c00814c 00c787b3 add              x15, x15, x12       x15=100010e4 x15:000000fc x12:10000fe8
12166901ns          194314 1c00814e e607a823 sw               x0, -400(x15)       x15:100010e4  PA:10000f54
12166921ns          194315 1c008152 00168693 addi             x13, x13, 1         x13=00000040 x13:0000003f
12166961ns          194317 1c008146 00269793 slli             x15, x13, 0x2       x15=00000100 x13:00000040
12166981ns          194318 1c00814a 19010613 addi             x12, x2, 400        x12=10000fe8  x2:10000e58
12167000ns          194319 1c00814c 00c787b3 add              x15, x15, x12       x15=100010e8 x15:00000100 x12:10000fe8
12167020ns          194320 1c00814e e607a823 sw               x0, -400(x15)       x15:100010e8  PA:10000f58
12167040ns          194321 1c008152 00168693 addi             x13, x13, 1         x13=00000041 x13:00000040
12167080ns          194323 1c008146 00269793 slli             x15, x13, 0x2       x15=00000104 x13:00000041
12167100ns          194324 1c00814a 19010613 addi             x12, x2, 400        x12=10000fe8  x2:10000e58
12167120ns          194325 1c00814c 00c787b3 add              x15, x15, x12       x15=100010ec x15:00000104 x12:10000fe8
12167140ns          194326 1c00814e e607a823 sw               x0, -400(x15)       x15:100010ec  PA:10000f5c
12167160ns          194327 1c008152 00168693 addi             x13, x13, 1         x13=00000042 x13:00000041
12167199ns          194329 1c008146 00269793 slli             x15, x13, 0x2       x15=00000108 x13:00000042
12167219ns          194330 1c00814a 19010613 addi             x12, x2, 400        x12=10000fe8  x2:10000e58
12167239ns          194331 1c00814c 00c787b3 add              x15, x15, x12       x15=100010f0 x15:00000108 x12:10000fe8
12167259ns          194332 1c00814e e607a823 sw               x0, -400(x15)       x15:100010f0  PA:10000f60
12167279ns          194333 1c008152 00168693 addi             x13, x13, 1         x13=00000043 x13:00000042
12167319ns          194335 1c008146 00269793 slli             x15, x13, 0x2       x15=0000010c x13:00000043
12167339ns          194336 1c00814a 19010613 addi             x12, x2, 400        x12=10000fe8  x2:10000e58
12167358ns          194337 1c00814c 00c787b3 add              x15, x15, x12       x15=100010f4 x15:0000010c x12:10000fe8
12167378ns          194338 1c00814e e607a823 sw               x0, -400(x15)       x15:100010f4  PA:10000f64
12167398ns          194339 1c008152 00168693 addi             x13, x13, 1         x13=00000044 x13:00000043
12167438ns          194341 1c008146 00269793 slli             x15, x13, 0x2       x15=00000110 x13:00000044
12167458ns          194342 1c00814a 19010613 addi             x12, x2, 400        x12=10000fe8  x2:10000e58
12167478ns          194343 1c00814c 00c787b3 add              x15, x15, x12       x15=100010f8 x15:00000110 x12:10000fe8
12167498ns          194344 1c00814e e607a823 sw               x0, -400(x15)       x15:100010f8  PA:10000f68
12167518ns          194345 1c008152 00168693 addi             x13, x13, 1         x13=00000045 x13:00000044
12167557ns          194347 1c008146 00269793 slli             x15, x13, 0x2       x15=00000114 x13:00000045
12167577ns          194348 1c00814a 19010613 addi             x12, x2, 400        x12=10000fe8  x2:10000e58
12167597ns          194349 1c00814c 00c787b3 add              x15, x15, x12       x15=100010fc x15:00000114 x12:10000fe8
12167617ns          194350 1c00814e e607a823 sw               x0, -400(x15)       x15:100010fc  PA:10000f6c
12167637ns          194351 1c008152 00168693 addi             x13, x13, 1         x13=00000046 x13:00000045
12167677ns          194353 1c008146 00269793 slli             x15, x13, 0x2       x15=00000118 x13:00000046
12167697ns          194354 1c00814a 19010613 addi             x12, x2, 400        x12=10000fe8  x2:10000e58
12167716ns          194355 1c00814c 00c787b3 add              x15, x15, x12       x15=10001100 x15:00000118 x12:10000fe8
12167736ns          194356 1c00814e e607a823 sw               x0, -400(x15)       x15:10001100  PA:10000f70
12167756ns          194357 1c008152 00168693 addi             x13, x13, 1         x13=00000047 x13:00000046
12167796ns          194359 1c008146 00269793 slli             x15, x13, 0x2       x15=0000011c x13:00000047
12167816ns          194360 1c00814a 19010613 addi             x12, x2, 400        x12=10000fe8  x2:10000e58
12167836ns          194361 1c00814c 00c787b3 add              x15, x15, x12       x15=10001104 x15:0000011c x12:10000fe8
12167856ns          194362 1c00814e e607a823 sw               x0, -400(x15)       x15:10001104  PA:10000f74
12167876ns          194363 1c008152 00168693 addi             x13, x13, 1         x13=00000048 x13:00000047
12167915ns          194365 1c008146 00269793 slli             x15, x13, 0x2       x15=00000120 x13:00000048
12167935ns          194366 1c00814a 19010613 addi             x12, x2, 400        x12=10000fe8  x2:10000e58
12167955ns          194367 1c00814c 00c787b3 add              x15, x15, x12       x15=10001108 x15:00000120 x12:10000fe8
12167975ns          194368 1c00814e e607a823 sw               x0, -400(x15)       x15:10001108  PA:10000f78
12167995ns          194369 1c008152 00168693 addi             x13, x13, 1         x13=00000049 x13:00000048
12168035ns          194371 1c008146 00269793 slli             x15, x13, 0x2       x15=00000124 x13:00000049
12168055ns          194372 1c00814a 19010613 addi             x12, x2, 400        x12=10000fe8  x2:10000e58
12168075ns          194373 1c00814c 00c787b3 add              x15, x15, x12       x15=1000110c x15:00000124 x12:10000fe8
12168094ns          194374 1c00814e e607a823 sw               x0, -400(x15)       x15:1000110c  PA:10000f7c
12168114ns          194375 1c008152 00168693 addi             x13, x13, 1         x13=0000004a x13:00000049
12168154ns          194377 1c008146 00269793 slli             x15, x13, 0x2       x15=00000128 x13:0000004a
12168174ns          194378 1c00814a 19010613 addi             x12, x2, 400        x12=10000fe8  x2:10000e58
12168194ns          194379 1c00814c 00c787b3 add              x15, x15, x12       x15=10001110 x15:00000128 x12:10000fe8
12168214ns          194380 1c00814e e607a823 sw               x0, -400(x15)       x15:10001110  PA:10000f80
12168234ns          194381 1c008152 00168693 addi             x13, x13, 1         x13=0000004b x13:0000004a
12168273ns          194383 1c008146 00269793 slli             x15, x13, 0x2       x15=0000012c x13:0000004b
12168293ns          194384 1c00814a 19010613 addi             x12, x2, 400        x12=10000fe8  x2:10000e58
12168313ns          194385 1c00814c 00c787b3 add              x15, x15, x12       x15=10001114 x15:0000012c x12:10000fe8
12168333ns          194386 1c00814e e607a823 sw               x0, -400(x15)       x15:10001114  PA:10000f84
12168353ns          194387 1c008152 00168693 addi             x13, x13, 1         x13=0000004c x13:0000004b
12168393ns          194389 1c008146 00269793 slli             x15, x13, 0x2       x15=00000130 x13:0000004c
12168413ns          194390 1c00814a 19010613 addi             x12, x2, 400        x12=10000fe8  x2:10000e58
12168433ns          194391 1c00814c 00c787b3 add              x15, x15, x12       x15=10001118 x15:00000130 x12:10000fe8
12168452ns          194392 1c00814e e607a823 sw               x0, -400(x15)       x15:10001118  PA:10000f88
12168472ns          194393 1c008152 00168693 addi             x13, x13, 1         x13=0000004d x13:0000004c
12168512ns          194395 1c008146 00269793 slli             x15, x13, 0x2       x15=00000134 x13:0000004d
12168532ns          194396 1c00814a 19010613 addi             x12, x2, 400        x12=10000fe8  x2:10000e58
12168552ns          194397 1c00814c 00c787b3 add              x15, x15, x12       x15=1000111c x15:00000134 x12:10000fe8
12168572ns          194398 1c00814e e607a823 sw               x0, -400(x15)       x15:1000111c  PA:10000f8c
12168592ns          194399 1c008152 00168693 addi             x13, x13, 1         x13=0000004e x13:0000004d
12168631ns          194401 1c008146 00269793 slli             x15, x13, 0x2       x15=00000138 x13:0000004e
12168651ns          194402 1c00814a 19010613 addi             x12, x2, 400        x12=10000fe8  x2:10000e58
12168671ns          194403 1c00814c 00c787b3 add              x15, x15, x12       x15=10001120 x15:00000138 x12:10000fe8
12168691ns          194404 1c00814e e607a823 sw               x0, -400(x15)       x15:10001120  PA:10000f90
12168711ns          194405 1c008152 00168693 addi             x13, x13, 1         x13=0000004f x13:0000004e
12168751ns          194407 1c008146 00269793 slli             x15, x13, 0x2       x15=0000013c x13:0000004f
12168771ns          194408 1c00814a 19010613 addi             x12, x2, 400        x12=10000fe8  x2:10000e58
12168791ns          194409 1c00814c 00c787b3 add              x15, x15, x12       x15=10001124 x15:0000013c x12:10000fe8
12168810ns          194410 1c00814e e607a823 sw               x0, -400(x15)       x15:10001124  PA:10000f94
12168830ns          194411 1c008152 00168693 addi             x13, x13, 1         x13=00000050 x13:0000004f
12168870ns          194413 1c008146 00269793 slli             x15, x13, 0x2       x15=00000140 x13:00000050
12168890ns          194414 1c00814a 19010613 addi             x12, x2, 400        x12=10000fe8  x2:10000e58
12168910ns          194415 1c00814c 00c787b3 add              x15, x15, x12       x15=10001128 x15:00000140 x12:10000fe8
12168930ns          194416 1c00814e e607a823 sw               x0, -400(x15)       x15:10001128  PA:10000f98
12168950ns          194417 1c008152 00168693 addi             x13, x13, 1         x13=00000051 x13:00000050
12168989ns          194419 1c008146 00269793 slli             x15, x13, 0x2       x15=00000144 x13:00000051
12169009ns          194420 1c00814a 19010613 addi             x12, x2, 400        x12=10000fe8  x2:10000e58
12169029ns          194421 1c00814c 00c787b3 add              x15, x15, x12       x15=1000112c x15:00000144 x12:10000fe8
12169049ns          194422 1c00814e e607a823 sw               x0, -400(x15)       x15:1000112c  PA:10000f9c
12169069ns          194423 1c008152 00168693 addi             x13, x13, 1         x13=00000052 x13:00000051
12169109ns          194425 1c008146 00269793 slli             x15, x13, 0x2       x15=00000148 x13:00000052
12169129ns          194426 1c00814a 19010613 addi             x12, x2, 400        x12=10000fe8  x2:10000e58
12169149ns          194427 1c00814c 00c787b3 add              x15, x15, x12       x15=10001130 x15:00000148 x12:10000fe8
12169169ns          194428 1c00814e e607a823 sw               x0, -400(x15)       x15:10001130  PA:10000fa0
12169188ns          194429 1c008152 00168693 addi             x13, x13, 1         x13=00000053 x13:00000052
12169228ns          194431 1c008146 00269793 slli             x15, x13, 0x2       x15=0000014c x13:00000053
12169248ns          194432 1c00814a 19010613 addi             x12, x2, 400        x12=10000fe8  x2:10000e58
12169268ns          194433 1c00814c 00c787b3 add              x15, x15, x12       x15=10001134 x15:0000014c x12:10000fe8
12169288ns          194434 1c00814e e607a823 sw               x0, -400(x15)       x15:10001134  PA:10000fa4
12169308ns          194435 1c008152 00168693 addi             x13, x13, 1         x13=00000054 x13:00000053
12169348ns          194437 1c008146 00269793 slli             x15, x13, 0x2       x15=00000150 x13:00000054
12169367ns          194438 1c00814a 19010613 addi             x12, x2, 400        x12=10000fe8  x2:10000e58
12169387ns          194439 1c00814c 00c787b3 add              x15, x15, x12       x15=10001138 x15:00000150 x12:10000fe8
12169407ns          194440 1c00814e e607a823 sw               x0, -400(x15)       x15:10001138  PA:10000fa8
12169427ns          194441 1c008152 00168693 addi             x13, x13, 1         x13=00000055 x13:00000054
12169467ns          194443 1c008146 00269793 slli             x15, x13, 0x2       x15=00000154 x13:00000055
12169487ns          194444 1c00814a 19010613 addi             x12, x2, 400        x12=10000fe8  x2:10000e58
12169507ns          194445 1c00814c 00c787b3 add              x15, x15, x12       x15=1000113c x15:00000154 x12:10000fe8
12169527ns          194446 1c00814e e607a823 sw               x0, -400(x15)       x15:1000113c  PA:10000fac
12169546ns          194447 1c008152 00168693 addi             x13, x13, 1         x13=00000056 x13:00000055
12169586ns          194449 1c008146 00269793 slli             x15, x13, 0x2       x15=00000158 x13:00000056
12169606ns          194450 1c00814a 19010613 addi             x12, x2, 400        x12=10000fe8  x2:10000e58
12169626ns          194451 1c00814c 00c787b3 add              x15, x15, x12       x15=10001140 x15:00000158 x12:10000fe8
12169646ns          194452 1c00814e e607a823 sw               x0, -400(x15)       x15:10001140  PA:10000fb0
12169666ns          194453 1c008152 00168693 addi             x13, x13, 1         x13=00000057 x13:00000056
12169706ns          194455 1c008146 00269793 slli             x15, x13, 0x2       x15=0000015c x13:00000057
12169725ns          194456 1c00814a 19010613 addi             x12, x2, 400        x12=10000fe8  x2:10000e58
12169745ns          194457 1c00814c 00c787b3 add              x15, x15, x12       x15=10001144 x15:0000015c x12:10000fe8
12169765ns          194458 1c00814e e607a823 sw               x0, -400(x15)       x15:10001144  PA:10000fb4
12169785ns          194459 1c008152 00168693 addi             x13, x13, 1         x13=00000058 x13:00000057
12169825ns          194461 1c008146 00269793 slli             x15, x13, 0x2       x15=00000160 x13:00000058
12169845ns          194462 1c00814a 19010613 addi             x12, x2, 400        x12=10000fe8  x2:10000e58
12169865ns          194463 1c00814c 00c787b3 add              x15, x15, x12       x15=10001148 x15:00000160 x12:10000fe8
12169885ns          194464 1c00814e e607a823 sw               x0, -400(x15)       x15:10001148  PA:10000fb8
12169904ns          194465 1c008152 00168693 addi             x13, x13, 1         x13=00000059 x13:00000058
12169944ns          194467 1c008146 00269793 slli             x15, x13, 0x2       x15=00000164 x13:00000059
12169964ns          194468 1c00814a 19010613 addi             x12, x2, 400        x12=10000fe8  x2:10000e58
12169984ns          194469 1c00814c 00c787b3 add              x15, x15, x12       x15=1000114c x15:00000164 x12:10000fe8
12170004ns          194470 1c00814e e607a823 sw               x0, -400(x15)       x15:1000114c  PA:10000fbc
12170024ns          194471 1c008152 00168693 addi             x13, x13, 1         x13=0000005a x13:00000059
12170064ns          194473 1c008146 00269793 slli             x15, x13, 0x2       x15=00000168 x13:0000005a
12170083ns          194474 1c00814a 19010613 addi             x12, x2, 400        x12=10000fe8  x2:10000e58
12170103ns          194475 1c00814c 00c787b3 add              x15, x15, x12       x15=10001150 x15:00000168 x12:10000fe8
12170123ns          194476 1c00814e e607a823 sw               x0, -400(x15)       x15:10001150  PA:10000fc0
12170143ns          194477 1c008152 00168693 addi             x13, x13, 1         x13=0000005b x13:0000005a
12170183ns          194479 1c008146 00269793 slli             x15, x13, 0x2       x15=0000016c x13:0000005b
12170203ns          194480 1c00814a 19010613 addi             x12, x2, 400        x12=10000fe8  x2:10000e58
12170223ns          194481 1c00814c 00c787b3 add              x15, x15, x12       x15=10001154 x15:0000016c x12:10000fe8
12170243ns          194482 1c00814e e607a823 sw               x0, -400(x15)       x15:10001154  PA:10000fc4
12170263ns          194483 1c008152 00168693 addi             x13, x13, 1         x13=0000005c x13:0000005b
12170302ns          194485 1c008146 00269793 slli             x15, x13, 0x2       x15=00000170 x13:0000005c
12170322ns          194486 1c00814a 19010613 addi             x12, x2, 400        x12=10000fe8  x2:10000e58
12170342ns          194487 1c00814c 00c787b3 add              x15, x15, x12       x15=10001158 x15:00000170 x12:10000fe8
12170362ns          194488 1c00814e e607a823 sw               x0, -400(x15)       x15:10001158  PA:10000fc8
12170382ns          194489 1c008152 00168693 addi             x13, x13, 1         x13=0000005d x13:0000005c
12170422ns          194491 1c008146 00269793 slli             x15, x13, 0x2       x15=00000174 x13:0000005d
12170442ns          194492 1c00814a 19010613 addi             x12, x2, 400        x12=10000fe8  x2:10000e58
12170461ns          194493 1c00814c 00c787b3 add              x15, x15, x12       x15=1000115c x15:00000174 x12:10000fe8
12170481ns          194494 1c00814e e607a823 sw               x0, -400(x15)       x15:1000115c  PA:10000fcc
12170501ns          194495 1c008152 00168693 addi             x13, x13, 1         x13=0000005e x13:0000005d
12170541ns          194497 1c008146 00269793 slli             x15, x13, 0x2       x15=00000178 x13:0000005e
12170561ns          194498 1c00814a 19010613 addi             x12, x2, 400        x12=10000fe8  x2:10000e58
12170581ns          194499 1c00814c 00c787b3 add              x15, x15, x12       x15=10001160 x15:00000178 x12:10000fe8
12170601ns          194500 1c00814e e607a823 sw               x0, -400(x15)       x15:10001160  PA:10000fd0
12170621ns          194501 1c008152 00168693 addi             x13, x13, 1         x13=0000005f x13:0000005e
12170660ns          194503 1c008146 00269793 slli             x15, x13, 0x2       x15=0000017c x13:0000005f
12170680ns          194504 1c00814a 19010613 addi             x12, x2, 400        x12=10000fe8  x2:10000e58
12170700ns          194505 1c00814c 00c787b3 add              x15, x15, x12       x15=10001164 x15:0000017c x12:10000fe8
12170720ns          194506 1c00814e e607a823 sw               x0, -400(x15)       x15:10001164  PA:10000fd4
12170740ns          194507 1c008152 00168693 addi             x13, x13, 1         x13=00000060 x13:0000005f
12170780ns          194509 1c008146 00269793 slli             x15, x13, 0x2       x15=00000180 x13:00000060
12170800ns          194510 1c00814a 19010613 addi             x12, x2, 400        x12=10000fe8  x2:10000e58
12170819ns          194511 1c00814c 00c787b3 add              x15, x15, x12       x15=10001168 x15:00000180 x12:10000fe8
12170839ns          194512 1c00814e e607a823 sw               x0, -400(x15)       x15:10001168  PA:10000fd8
12170859ns          194513 1c008152 00168693 addi             x13, x13, 1         x13=00000061 x13:00000060
12170899ns          194515 1c008146 00269793 slli             x15, x13, 0x2       x15=00000184 x13:00000061
12170919ns          194516 1c00814a 19010613 addi             x12, x2, 400        x12=10000fe8  x2:10000e58
12170939ns          194517 1c00814c 00c787b3 add              x15, x15, x12       x15=1000116c x15:00000184 x12:10000fe8
12170959ns          194518 1c00814e e607a823 sw               x0, -400(x15)       x15:1000116c  PA:10000fdc
12170979ns          194519 1c008152 00168693 addi             x13, x13, 1         x13=00000062 x13:00000061
12171018ns          194521 1c008146 00269793 slli             x15, x13, 0x2       x15=00000188 x13:00000062
12171038ns          194522 1c00814a 19010613 addi             x12, x2, 400        x12=10000fe8  x2:10000e58
12171058ns          194523 1c00814c 00c787b3 add              x15, x15, x12       x15=10001170 x15:00000188 x12:10000fe8
12171078ns          194524 1c00814e e607a823 sw               x0, -400(x15)       x15:10001170  PA:10000fe0
12171098ns          194525 1c008152 00168693 addi             x13, x13, 1         x13=00000063 x13:00000062
12171138ns          194527 1c008146 00269793 slli             x15, x13, 0x2       x15=0000018c x13:00000063
12171158ns          194528 1c00814a 19010613 addi             x12, x2, 400        x12=10000fe8  x2:10000e58
12171177ns          194529 1c00814c 00c787b3 add              x15, x15, x12       x15=10001174 x15:0000018c x12:10000fe8
12171197ns          194530 1c00814e e607a823 sw               x0, -400(x15)       x15:10001174  PA:10000fe4
12171217ns          194531 1c008152 00168693 addi             x13, x13, 1         x13=00000064 x13:00000063
12171237ns          194532 1c008154 19010113 addi             x2, x2, 400          x2=10000fe8  x2:10000e58
12171257ns          194533 1c008156 00008067 jalr             x0, x1, 0            x1:1c00816e
12171297ns          194535 1c00816e 00040c63 beq              x8, x0, 24           x8:00000001
12171317ns          194536 1c008170 00c12083 lw               x1, 12(x2)           x1=1c009c16  x2:10000fe8  PA:10000ff4
12171337ns          194537 1c008172 00812403 lw               x8, 8(x2)            x8=xxxxxxxx  x2:10000fe8  PA:10000ff0
12171356ns          194538 1c008174 00000513 addi             x10, x0, 0          x10=00000000
12171376ns          194539 1c008176 01010113 addi             x2, x2, 16           x2=10000ff8  x2:10000fe8
12171396ns          194540 1c008178 00008067 jalr             x0, x1, 0            x1:1c009c16
12171854ns          194563 1c009c16 f14027f3 csrrs            x15, x0, 0xf14      x15=00000001
12171874ns          194564 1c009c1a f457b7b3 p.bclr           x15, x15, 26, 5     x15=00000001 x15:00000001
12171894ns          194565 1c009c1e 00079963 bne              x15, x0, 18         x15:00000001
12172371ns          194589 1c009c30 002047b7 lui              x15, 0x204000       x15=00204000
12172411ns          194591 1c009c34 fff00713 addi             x14, x0, -1         x14=ffffffff
12172431ns          194592 1c009c36 00e7a223 sw               x14, 4(x15)         x14:ffffffff x15:00204000  PA:00204004
