                Time          Cycles PC       Instr    Mnemonic
12152341ns          193582 1c008080 0640006f jal              x0, 100            
12152798ns          193605 1c0080e4 f1402573 csrrs            x10, x0, 0xf14      x10=00000003
12152838ns          193607 1c0080e8 01f57593 andi             x11, x10, 31        x11=00000003 x10:00000003
12152858ns          193608 1c0080ec 00555513 srli             x10, x10, 0x5       x10=00000000 x10:00000003
12152878ns          193609 1c0080ee 01f00613 addi             x12, x0, 31         x12=0000001f
12153316ns          193631 1c0080f0 00c50463 beq              x10, x12, 8         x10:00000000 x12:0000001f
12153355ns          193633 1c0080f4 fa1ff06f jal              x0, -96            
12153813ns          193656 1c008094 f3ff8117 auipc            x2, 0xf3ff8000       x2=10000094
12153853ns          193658 1c008098 f7010113 addi             x2, x2, -144         x2=10000004  x2:10000094
12153873ns          193659 1c00809c 00012103 lw               x2, 0(x2)            x2=10000008  x2:10000004  PA:10000004
12154310ns          193681 1c0080a0 000011b7 lui              x3, 0x1000           x3=00001000
12154350ns          193683 1c0080a4 80018193 addi             x3, x3, -2048        x3=00000800  x3:00001000
12154370ns          193684 1c0080a8 00158593 addi             x11, x11, 1         x11=00000004 x11:00000003
12154390ns          193685 1c0080ac 02b180b3 mul              x1, x3, x11          x1=00002000  x3:00000800 x11:00000004
12154827ns          193707 1c0080b0 00110133 add              x2, x2, x1           x2=10002008  x2:10000008  x1:00002000
12154867ns          193709 1c0080b4 33d0106f jal              x0, 6972           
12155325ns          193732 1c009bf0 ff010113 addi             x2, x2, -16          x2=10001ff8  x2:10002008
12155344ns          193733 1c009bf2 00112623 sw               x1, 12(x2)           x1:00002000  x2:10001ff8  PA:10002004
12155364ns          193734 1c009bf4 002047b7 lui              x15, 0x204000       x15=00204000
12155384ns          193735 1c009bf8 00070737 lui              x14, 0x70000        x14=00070000
12155404ns          193736 1c009bfc 00e7a423 sw               x14, 8(x15)         x14:00070000 x15:00204000  PA:00204008
12155424ns          193737 1c009bfe 00f00713 addi             x14, x0, 15         x14=0000000f
12155862ns          193759 1c009c00 20078793 addi             x15, x15, 512       x15=00204200 x15:00204000
12155901ns          193761 1c009c04 00e7a023 sw               x14, 0(x15)         x14:0000000f x15:00204200  PA:00204200
12155941ns          193763 1c009c08 00e7a623 sw               x14, 12(x15)        x14:0000000f x15:00204200  PA:0020420c
12155961ns          193764 1c009c0c 1c0017b7 lui              x15, 0x1c001000     x15=1c001000
12156379ns          193785 1c009c10 99c7a783 lw               x15, -1636(x15)     x15=1c008158 x15:1c001000  PA:1c00099c
12156856ns          193809 1c009c14 000780e7 jalr             x1, x15, 0           x1=1c009c16 x15:1c008158
12157373ns          193835 1c008158 ff010113 addi             x2, x2, -16          x2=10001fe8  x2:10001ff8
12157393ns          193836 1c00815a 00812423 sw               x8, 8(x2)            x8:xxxxxxxx  x2:10001fe8  PA:10001ff0
12157413ns          193837 1c00815c 00112623 sw               x1, 12(x2)           x1:1c009c16  x2:10001fe8  PA:10001ff4
12157851ns          193859 1c00815e f1402473 csrrs            x8, x0, 0xf14        x8=00000003
12157890ns          193861 1c008162 ca5417b3 p.extractu       x15, x8, 5, 5       x15=00000000  x8:00000003
12157910ns          193862 1c008166 00079a63 bne              x15, x0, 20         x15:00000000
12157930ns          193863 1c008168 f4543433 p.bclr           x8, x8, 26, 5        x8=00000003  x8:00000003
12157950ns          193864 1c00816c fd3ff0ef jal              x1, -46              x1=1c00816e
12158865ns          193910 1c00813e e7010113 addi             x2, x2, -400         x2=10001e58  x2:10001fe8
12159323ns          193933 1c008140 00000693 addi             x13, x0, 0          x13=00000000
12159362ns          193935 1c008142 064450fb lp.setupi        0x1, 0x64, 0x8     
12159382ns          193936 1c008146 00269793 slli             x15, x13, 0x2       x15=00000000 x13:00000000
12159402ns          193937 1c00814a 19010613 addi             x12, x2, 400        x12=10001fe8  x2:10001e58
12159422ns          193938 1c00814c 00c787b3 add              x15, x15, x12       x15=10001fe8 x15:00000000 x12:10001fe8
12159442ns          193939 1c00814e e607a823 sw               x0, -400(x15)       x15:10001fe8  PA:10001e58
12159462ns          193940 1c008152 00168693 addi             x13, x13, 1         x13=00000001 x13:00000000
12159502ns          193942 1c008146 00269793 slli             x15, x13, 0x2       x15=00000004 x13:00000001
12159521ns          193943 1c00814a 19010613 addi             x12, x2, 400        x12=10001fe8  x2:10001e58
12159541ns          193944 1c00814c 00c787b3 add              x15, x15, x12       x15=10001fec x15:00000004 x12:10001fe8
12159561ns          193945 1c00814e e607a823 sw               x0, -400(x15)       x15:10001fec  PA:10001e5c
12159581ns          193946 1c008152 00168693 addi             x13, x13, 1         x13=00000002 x13:00000001
12159621ns          193948 1c008146 00269793 slli             x15, x13, 0x2       x15=00000008 x13:00000002
12159641ns          193949 1c00814a 19010613 addi             x12, x2, 400        x12=10001fe8  x2:10001e58
12159661ns          193950 1c00814c 00c787b3 add              x15, x15, x12       x15=10001ff0 x15:00000008 x12:10001fe8
12159681ns          193951 1c00814e e607a823 sw               x0, -400(x15)       x15:10001ff0  PA:10001e60
12159701ns          193952 1c008152 00168693 addi             x13, x13, 1         x13=00000003 x13:00000002
12159740ns          193954 1c008146 00269793 slli             x15, x13, 0x2       x15=0000000c x13:00000003
12159760ns          193955 1c00814a 19010613 addi             x12, x2, 400        x12=10001fe8  x2:10001e58
12159780ns          193956 1c00814c 00c787b3 add              x15, x15, x12       x15=10001ff4 x15:0000000c x12:10001fe8
12159800ns          193957 1c00814e e607a823 sw               x0, -400(x15)       x15:10001ff4  PA:10001e64
12159820ns          193958 1c008152 00168693 addi             x13, x13, 1         x13=00000004 x13:00000003
12159860ns          193960 1c008146 00269793 slli             x15, x13, 0x2       x15=00000010 x13:00000004
12159880ns          193961 1c00814a 19010613 addi             x12, x2, 400        x12=10001fe8  x2:10001e58
12159899ns          193962 1c00814c 00c787b3 add              x15, x15, x12       x15=10001ff8 x15:00000010 x12:10001fe8
12159919ns          193963 1c00814e e607a823 sw               x0, -400(x15)       x15:10001ff8  PA:10001e68
12159939ns          193964 1c008152 00168693 addi             x13, x13, 1         x13=00000005 x13:00000004
12159979ns          193966 1c008146 00269793 slli             x15, x13, 0x2       x15=00000014 x13:00000005
12159999ns          193967 1c00814a 19010613 addi             x12, x2, 400        x12=10001fe8  x2:10001e58
12160019ns          193968 1c00814c 00c787b3 add              x15, x15, x12       x15=10001ffc x15:00000014 x12:10001fe8
12160039ns          193969 1c00814e e607a823 sw               x0, -400(x15)       x15:10001ffc  PA:10001e6c
12160059ns          193970 1c008152 00168693 addi             x13, x13, 1         x13=00000006 x13:00000005
12160098ns          193972 1c008146 00269793 slli             x15, x13, 0x2       x15=00000018 x13:00000006
12160118ns          193973 1c00814a 19010613 addi             x12, x2, 400        x12=10001fe8  x2:10001e58
12160138ns          193974 1c00814c 00c787b3 add              x15, x15, x12       x15=10002000 x15:00000018 x12:10001fe8
12160158ns          193975 1c00814e e607a823 sw               x0, -400(x15)       x15:10002000  PA:10001e70
12160178ns          193976 1c008152 00168693 addi             x13, x13, 1         x13=00000007 x13:00000006
12160218ns          193978 1c008146 00269793 slli             x15, x13, 0x2       x15=0000001c x13:00000007
12160238ns          193979 1c00814a 19010613 addi             x12, x2, 400        x12=10001fe8  x2:10001e58
12160257ns          193980 1c00814c 00c787b3 add              x15, x15, x12       x15=10002004 x15:0000001c x12:10001fe8
12160277ns          193981 1c00814e e607a823 sw               x0, -400(x15)       x15:10002004  PA:10001e74
12160297ns          193982 1c008152 00168693 addi             x13, x13, 1         x13=00000008 x13:00000007
12160337ns          193984 1c008146 00269793 slli             x15, x13, 0x2       x15=00000020 x13:00000008
12160357ns          193985 1c00814a 19010613 addi             x12, x2, 400        x12=10001fe8  x2:10001e58
12160377ns          193986 1c00814c 00c787b3 add              x15, x15, x12       x15=10002008 x15:00000020 x12:10001fe8
12160397ns          193987 1c00814e e607a823 sw               x0, -400(x15)       x15:10002008  PA:10001e78
12160417ns          193988 1c008152 00168693 addi             x13, x13, 1         x13=00000009 x13:00000008
12160456ns          193990 1c008146 00269793 slli             x15, x13, 0x2       x15=00000024 x13:00000009
12160476ns          193991 1c00814a 19010613 addi             x12, x2, 400        x12=10001fe8  x2:10001e58
12160496ns          193992 1c00814c 00c787b3 add              x15, x15, x12       x15=1000200c x15:00000024 x12:10001fe8
12160516ns          193993 1c00814e e607a823 sw               x0, -400(x15)       x15:1000200c  PA:10001e7c
12160536ns          193994 1c008152 00168693 addi             x13, x13, 1         x13=0000000a x13:00000009
12160576ns          193996 1c008146 00269793 slli             x15, x13, 0x2       x15=00000028 x13:0000000a
12160596ns          193997 1c00814a 19010613 addi             x12, x2, 400        x12=10001fe8  x2:10001e58
12160615ns          193998 1c00814c 00c787b3 add              x15, x15, x12       x15=10002010 x15:00000028 x12:10001fe8
12160635ns          193999 1c00814e e607a823 sw               x0, -400(x15)       x15:10002010  PA:10001e80
12160655ns          194000 1c008152 00168693 addi             x13, x13, 1         x13=0000000b x13:0000000a
12160695ns          194002 1c008146 00269793 slli             x15, x13, 0x2       x15=0000002c x13:0000000b
12160715ns          194003 1c00814a 19010613 addi             x12, x2, 400        x12=10001fe8  x2:10001e58
12160735ns          194004 1c00814c 00c787b3 add              x15, x15, x12       x15=10002014 x15:0000002c x12:10001fe8
12160755ns          194005 1c00814e e607a823 sw               x0, -400(x15)       x15:10002014  PA:10001e84
12160775ns          194006 1c008152 00168693 addi             x13, x13, 1         x13=0000000c x13:0000000b
12160814ns          194008 1c008146 00269793 slli             x15, x13, 0x2       x15=00000030 x13:0000000c
12160834ns          194009 1c00814a 19010613 addi             x12, x2, 400        x12=10001fe8  x2:10001e58
12160854ns          194010 1c00814c 00c787b3 add              x15, x15, x12       x15=10002018 x15:00000030 x12:10001fe8
12160874ns          194011 1c00814e e607a823 sw               x0, -400(x15)       x15:10002018  PA:10001e88
12160894ns          194012 1c008152 00168693 addi             x13, x13, 1         x13=0000000d x13:0000000c
12160934ns          194014 1c008146 00269793 slli             x15, x13, 0x2       x15=00000034 x13:0000000d
12160954ns          194015 1c00814a 19010613 addi             x12, x2, 400        x12=10001fe8  x2:10001e58
12160974ns          194016 1c00814c 00c787b3 add              x15, x15, x12       x15=1000201c x15:00000034 x12:10001fe8
12160993ns          194017 1c00814e e607a823 sw               x0, -400(x15)       x15:1000201c  PA:10001e8c
12161013ns          194018 1c008152 00168693 addi             x13, x13, 1         x13=0000000e x13:0000000d
12161053ns          194020 1c008146 00269793 slli             x15, x13, 0x2       x15=00000038 x13:0000000e
12161073ns          194021 1c00814a 19010613 addi             x12, x2, 400        x12=10001fe8  x2:10001e58
12161093ns          194022 1c00814c 00c787b3 add              x15, x15, x12       x15=10002020 x15:00000038 x12:10001fe8
12161113ns          194023 1c00814e e607a823 sw               x0, -400(x15)       x15:10002020  PA:10001e90
12161133ns          194024 1c008152 00168693 addi             x13, x13, 1         x13=0000000f x13:0000000e
12161172ns          194026 1c008146 00269793 slli             x15, x13, 0x2       x15=0000003c x13:0000000f
12161192ns          194027 1c00814a 19010613 addi             x12, x2, 400        x12=10001fe8  x2:10001e58
12161212ns          194028 1c00814c 00c787b3 add              x15, x15, x12       x15=10002024 x15:0000003c x12:10001fe8
12161232ns          194029 1c00814e e607a823 sw               x0, -400(x15)       x15:10002024  PA:10001e94
12161252ns          194030 1c008152 00168693 addi             x13, x13, 1         x13=00000010 x13:0000000f
12161292ns          194032 1c008146 00269793 slli             x15, x13, 0x2       x15=00000040 x13:00000010
12161312ns          194033 1c00814a 19010613 addi             x12, x2, 400        x12=10001fe8  x2:10001e58
12161332ns          194034 1c00814c 00c787b3 add              x15, x15, x12       x15=10002028 x15:00000040 x12:10001fe8
12161351ns          194035 1c00814e e607a823 sw               x0, -400(x15)       x15:10002028  PA:10001e98
12161371ns          194036 1c008152 00168693 addi             x13, x13, 1         x13=00000011 x13:00000010
12161411ns          194038 1c008146 00269793 slli             x15, x13, 0x2       x15=00000044 x13:00000011
12161431ns          194039 1c00814a 19010613 addi             x12, x2, 400        x12=10001fe8  x2:10001e58
12161451ns          194040 1c00814c 00c787b3 add              x15, x15, x12       x15=1000202c x15:00000044 x12:10001fe8
12161471ns          194041 1c00814e e607a823 sw               x0, -400(x15)       x15:1000202c  PA:10001e9c
12161491ns          194042 1c008152 00168693 addi             x13, x13, 1         x13=00000012 x13:00000011
12161530ns          194044 1c008146 00269793 slli             x15, x13, 0x2       x15=00000048 x13:00000012
12161550ns          194045 1c00814a 19010613 addi             x12, x2, 400        x12=10001fe8  x2:10001e58
12161570ns          194046 1c00814c 00c787b3 add              x15, x15, x12       x15=10002030 x15:00000048 x12:10001fe8
12161590ns          194047 1c00814e e607a823 sw               x0, -400(x15)       x15:10002030  PA:10001ea0
12161610ns          194048 1c008152 00168693 addi             x13, x13, 1         x13=00000013 x13:00000012
12161650ns          194050 1c008146 00269793 slli             x15, x13, 0x2       x15=0000004c x13:00000013
12161670ns          194051 1c00814a 19010613 addi             x12, x2, 400        x12=10001fe8  x2:10001e58
12161690ns          194052 1c00814c 00c787b3 add              x15, x15, x12       x15=10002034 x15:0000004c x12:10001fe8
12161709ns          194053 1c00814e e607a823 sw               x0, -400(x15)       x15:10002034  PA:10001ea4
12161729ns          194054 1c008152 00168693 addi             x13, x13, 1         x13=00000014 x13:00000013
12161769ns          194056 1c008146 00269793 slli             x15, x13, 0x2       x15=00000050 x13:00000014
12161789ns          194057 1c00814a 19010613 addi             x12, x2, 400        x12=10001fe8  x2:10001e58
12161809ns          194058 1c00814c 00c787b3 add              x15, x15, x12       x15=10002038 x15:00000050 x12:10001fe8
12161829ns          194059 1c00814e e607a823 sw               x0, -400(x15)       x15:10002038  PA:10001ea8
12161849ns          194060 1c008152 00168693 addi             x13, x13, 1         x13=00000015 x13:00000014
12161888ns          194062 1c008146 00269793 slli             x15, x13, 0x2       x15=00000054 x13:00000015
12161908ns          194063 1c00814a 19010613 addi             x12, x2, 400        x12=10001fe8  x2:10001e58
12161928ns          194064 1c00814c 00c787b3 add              x15, x15, x12       x15=1000203c x15:00000054 x12:10001fe8
12161948ns          194065 1c00814e e607a823 sw               x0, -400(x15)       x15:1000203c  PA:10001eac
12161968ns          194066 1c008152 00168693 addi             x13, x13, 1         x13=00000016 x13:00000015
12162008ns          194068 1c008146 00269793 slli             x15, x13, 0x2       x15=00000058 x13:00000016
12162028ns          194069 1c00814a 19010613 addi             x12, x2, 400        x12=10001fe8  x2:10001e58
12162048ns          194070 1c00814c 00c787b3 add              x15, x15, x12       x15=10002040 x15:00000058 x12:10001fe8
12162068ns          194071 1c00814e e607a823 sw               x0, -400(x15)       x15:10002040  PA:10001eb0
12162087ns          194072 1c008152 00168693 addi             x13, x13, 1         x13=00000017 x13:00000016
12162127ns          194074 1c008146 00269793 slli             x15, x13, 0x2       x15=0000005c x13:00000017
12162147ns          194075 1c00814a 19010613 addi             x12, x2, 400        x12=10001fe8  x2:10001e58
12162167ns          194076 1c00814c 00c787b3 add              x15, x15, x12       x15=10002044 x15:0000005c x12:10001fe8
12162187ns          194077 1c00814e e607a823 sw               x0, -400(x15)       x15:10002044  PA:10001eb4
12162207ns          194078 1c008152 00168693 addi             x13, x13, 1         x13=00000018 x13:00000017
12162247ns          194080 1c008146 00269793 slli             x15, x13, 0x2       x15=00000060 x13:00000018
12162266ns          194081 1c00814a 19010613 addi             x12, x2, 400        x12=10001fe8  x2:10001e58
12162286ns          194082 1c00814c 00c787b3 add              x15, x15, x12       x15=10002048 x15:00000060 x12:10001fe8
12162306ns          194083 1c00814e e607a823 sw               x0, -400(x15)       x15:10002048  PA:10001eb8
12162326ns          194084 1c008152 00168693 addi             x13, x13, 1         x13=00000019 x13:00000018
12162366ns          194086 1c008146 00269793 slli             x15, x13, 0x2       x15=00000064 x13:00000019
12162386ns          194087 1c00814a 19010613 addi             x12, x2, 400        x12=10001fe8  x2:10001e58
12162406ns          194088 1c00814c 00c787b3 add              x15, x15, x12       x15=1000204c x15:00000064 x12:10001fe8
12162426ns          194089 1c00814e e607a823 sw               x0, -400(x15)       x15:1000204c  PA:10001ebc
12162445ns          194090 1c008152 00168693 addi             x13, x13, 1         x13=0000001a x13:00000019
12162485ns          194092 1c008146 00269793 slli             x15, x13, 0x2       x15=00000068 x13:0000001a
12162505ns          194093 1c00814a 19010613 addi             x12, x2, 400        x12=10001fe8  x2:10001e58
12162525ns          194094 1c00814c 00c787b3 add              x15, x15, x12       x15=10002050 x15:00000068 x12:10001fe8
12162545ns          194095 1c00814e e607a823 sw               x0, -400(x15)       x15:10002050  PA:10001ec0
12162565ns          194096 1c008152 00168693 addi             x13, x13, 1         x13=0000001b x13:0000001a
12162605ns          194098 1c008146 00269793 slli             x15, x13, 0x2       x15=0000006c x13:0000001b
12162624ns          194099 1c00814a 19010613 addi             x12, x2, 400        x12=10001fe8  x2:10001e58
12162644ns          194100 1c00814c 00c787b3 add              x15, x15, x12       x15=10002054 x15:0000006c x12:10001fe8
12162664ns          194101 1c00814e e607a823 sw               x0, -400(x15)       x15:10002054  PA:10001ec4
12162684ns          194102 1c008152 00168693 addi             x13, x13, 1         x13=0000001c x13:0000001b
12162724ns          194104 1c008146 00269793 slli             x15, x13, 0x2       x15=00000070 x13:0000001c
12162744ns          194105 1c00814a 19010613 addi             x12, x2, 400        x12=10001fe8  x2:10001e58
12162764ns          194106 1c00814c 00c787b3 add              x15, x15, x12       x15=10002058 x15:00000070 x12:10001fe8
12162784ns          194107 1c00814e e607a823 sw               x0, -400(x15)       x15:10002058  PA:10001ec8
12162803ns          194108 1c008152 00168693 addi             x13, x13, 1         x13=0000001d x13:0000001c
12162843ns          194110 1c008146 00269793 slli             x15, x13, 0x2       x15=00000074 x13:0000001d
12162863ns          194111 1c00814a 19010613 addi             x12, x2, 400        x12=10001fe8  x2:10001e58
12162883ns          194112 1c00814c 00c787b3 add              x15, x15, x12       x15=1000205c x15:00000074 x12:10001fe8
12162903ns          194113 1c00814e e607a823 sw               x0, -400(x15)       x15:1000205c  PA:10001ecc
12162923ns          194114 1c008152 00168693 addi             x13, x13, 1         x13=0000001e x13:0000001d
12162963ns          194116 1c008146 00269793 slli             x15, x13, 0x2       x15=00000078 x13:0000001e
12162982ns          194117 1c00814a 19010613 addi             x12, x2, 400        x12=10001fe8  x2:10001e58
12163002ns          194118 1c00814c 00c787b3 add              x15, x15, x12       x15=10002060 x15:00000078 x12:10001fe8
12163022ns          194119 1c00814e e607a823 sw               x0, -400(x15)       x15:10002060  PA:10001ed0
12163042ns          194120 1c008152 00168693 addi             x13, x13, 1         x13=0000001f x13:0000001e
12163082ns          194122 1c008146 00269793 slli             x15, x13, 0x2       x15=0000007c x13:0000001f
12163102ns          194123 1c00814a 19010613 addi             x12, x2, 400        x12=10001fe8  x2:10001e58
12163122ns          194124 1c00814c 00c787b3 add              x15, x15, x12       x15=10002064 x15:0000007c x12:10001fe8
12163142ns          194125 1c00814e e607a823 sw               x0, -400(x15)       x15:10002064  PA:10001ed4
12163162ns          194126 1c008152 00168693 addi             x13, x13, 1         x13=00000020 x13:0000001f
12163201ns          194128 1c008146 00269793 slli             x15, x13, 0x2       x15=00000080 x13:00000020
12163221ns          194129 1c00814a 19010613 addi             x12, x2, 400        x12=10001fe8  x2:10001e58
12163241ns          194130 1c00814c 00c787b3 add              x15, x15, x12       x15=10002068 x15:00000080 x12:10001fe8
12163261ns          194131 1c00814e e607a823 sw               x0, -400(x15)       x15:10002068  PA:10001ed8
12163281ns          194132 1c008152 00168693 addi             x13, x13, 1         x13=00000021 x13:00000020
12163321ns          194134 1c008146 00269793 slli             x15, x13, 0x2       x15=00000084 x13:00000021
12163341ns          194135 1c00814a 19010613 addi             x12, x2, 400        x12=10001fe8  x2:10001e58
12163360ns          194136 1c00814c 00c787b3 add              x15, x15, x12       x15=1000206c x15:00000084 x12:10001fe8
12163380ns          194137 1c00814e e607a823 sw               x0, -400(x15)       x15:1000206c  PA:10001edc
12163400ns          194138 1c008152 00168693 addi             x13, x13, 1         x13=00000022 x13:00000021
12163440ns          194140 1c008146 00269793 slli             x15, x13, 0x2       x15=00000088 x13:00000022
12163460ns          194141 1c00814a 19010613 addi             x12, x2, 400        x12=10001fe8  x2:10001e58
12163480ns          194142 1c00814c 00c787b3 add              x15, x15, x12       x15=10002070 x15:00000088 x12:10001fe8
12163500ns          194143 1c00814e e607a823 sw               x0, -400(x15)       x15:10002070  PA:10001ee0
12163520ns          194144 1c008152 00168693 addi             x13, x13, 1         x13=00000023 x13:00000022
12163559ns          194146 1c008146 00269793 slli             x15, x13, 0x2       x15=0000008c x13:00000023
12163579ns          194147 1c00814a 19010613 addi             x12, x2, 400        x12=10001fe8  x2:10001e58
12163599ns          194148 1c00814c 00c787b3 add              x15, x15, x12       x15=10002074 x15:0000008c x12:10001fe8
12163619ns          194149 1c00814e e607a823 sw               x0, -400(x15)       x15:10002074  PA:10001ee4
12163639ns          194150 1c008152 00168693 addi             x13, x13, 1         x13=00000024 x13:00000023
12163679ns          194152 1c008146 00269793 slli             x15, x13, 0x2       x15=00000090 x13:00000024
12163699ns          194153 1c00814a 19010613 addi             x12, x2, 400        x12=10001fe8  x2:10001e58
12163718ns          194154 1c00814c 00c787b3 add              x15, x15, x12       x15=10002078 x15:00000090 x12:10001fe8
12163738ns          194155 1c00814e e607a823 sw               x0, -400(x15)       x15:10002078  PA:10001ee8
12163758ns          194156 1c008152 00168693 addi             x13, x13, 1         x13=00000025 x13:00000024
12163798ns          194158 1c008146 00269793 slli             x15, x13, 0x2       x15=00000094 x13:00000025
12163818ns          194159 1c00814a 19010613 addi             x12, x2, 400        x12=10001fe8  x2:10001e58
12163838ns          194160 1c00814c 00c787b3 add              x15, x15, x12       x15=1000207c x15:00000094 x12:10001fe8
12163858ns          194161 1c00814e e607a823 sw               x0, -400(x15)       x15:1000207c  PA:10001eec
12163878ns          194162 1c008152 00168693 addi             x13, x13, 1         x13=00000026 x13:00000025
12163917ns          194164 1c008146 00269793 slli             x15, x13, 0x2       x15=00000098 x13:00000026
12163937ns          194165 1c00814a 19010613 addi             x12, x2, 400        x12=10001fe8  x2:10001e58
12163957ns          194166 1c00814c 00c787b3 add              x15, x15, x12       x15=10002080 x15:00000098 x12:10001fe8
12163977ns          194167 1c00814e e607a823 sw               x0, -400(x15)       x15:10002080  PA:10001ef0
12163997ns          194168 1c008152 00168693 addi             x13, x13, 1         x13=00000027 x13:00000026
12164037ns          194170 1c008146 00269793 slli             x15, x13, 0x2       x15=0000009c x13:00000027
12164057ns          194171 1c00814a 19010613 addi             x12, x2, 400        x12=10001fe8  x2:10001e58
12164076ns          194172 1c00814c 00c787b3 add              x15, x15, x12       x15=10002084 x15:0000009c x12:10001fe8
12164096ns          194173 1c00814e e607a823 sw               x0, -400(x15)       x15:10002084  PA:10001ef4
12164116ns          194174 1c008152 00168693 addi             x13, x13, 1         x13=00000028 x13:00000027
12164156ns          194176 1c008146 00269793 slli             x15, x13, 0x2       x15=000000a0 x13:00000028
12164176ns          194177 1c00814a 19010613 addi             x12, x2, 400        x12=10001fe8  x2:10001e58
12164196ns          194178 1c00814c 00c787b3 add              x15, x15, x12       x15=10002088 x15:000000a0 x12:10001fe8
12164216ns          194179 1c00814e e607a823 sw               x0, -400(x15)       x15:10002088  PA:10001ef8
12164236ns          194180 1c008152 00168693 addi             x13, x13, 1         x13=00000029 x13:00000028
12164275ns          194182 1c008146 00269793 slli             x15, x13, 0x2       x15=000000a4 x13:00000029
12164295ns          194183 1c00814a 19010613 addi             x12, x2, 400        x12=10001fe8  x2:10001e58
12164315ns          194184 1c00814c 00c787b3 add              x15, x15, x12       x15=1000208c x15:000000a4 x12:10001fe8
12164335ns          194185 1c00814e e607a823 sw               x0, -400(x15)       x15:1000208c  PA:10001efc
12164355ns          194186 1c008152 00168693 addi             x13, x13, 1         x13=0000002a x13:00000029
12164395ns          194188 1c008146 00269793 slli             x15, x13, 0x2       x15=000000a8 x13:0000002a
12164415ns          194189 1c00814a 19010613 addi             x12, x2, 400        x12=10001fe8  x2:10001e58
12164435ns          194190 1c00814c 00c787b3 add              x15, x15, x12       x15=10002090 x15:000000a8 x12:10001fe8
12164454ns          194191 1c00814e e607a823 sw               x0, -400(x15)       x15:10002090  PA:10001f00
12164474ns          194192 1c008152 00168693 addi             x13, x13, 1         x13=0000002b x13:0000002a
12164514ns          194194 1c008146 00269793 slli             x15, x13, 0x2       x15=000000ac x13:0000002b
12164534ns          194195 1c00814a 19010613 addi             x12, x2, 400        x12=10001fe8  x2:10001e58
12164554ns          194196 1c00814c 00c787b3 add              x15, x15, x12       x15=10002094 x15:000000ac x12:10001fe8
12164574ns          194197 1c00814e e607a823 sw               x0, -400(x15)       x15:10002094  PA:10001f04
12164594ns          194198 1c008152 00168693 addi             x13, x13, 1         x13=0000002c x13:0000002b
12164633ns          194200 1c008146 00269793 slli             x15, x13, 0x2       x15=000000b0 x13:0000002c
12164653ns          194201 1c00814a 19010613 addi             x12, x2, 400        x12=10001fe8  x2:10001e58
12164673ns          194202 1c00814c 00c787b3 add              x15, x15, x12       x15=10002098 x15:000000b0 x12:10001fe8
12164693ns          194203 1c00814e e607a823 sw               x0, -400(x15)       x15:10002098  PA:10001f08
12164713ns          194204 1c008152 00168693 addi             x13, x13, 1         x13=0000002d x13:0000002c
12164753ns          194206 1c008146 00269793 slli             x15, x13, 0x2       x15=000000b4 x13:0000002d
12164773ns          194207 1c00814a 19010613 addi             x12, x2, 400        x12=10001fe8  x2:10001e58
12164793ns          194208 1c00814c 00c787b3 add              x15, x15, x12       x15=1000209c x15:000000b4 x12:10001fe8
12164812ns          194209 1c00814e e607a823 sw               x0, -400(x15)       x15:1000209c  PA:10001f0c
12164832ns          194210 1c008152 00168693 addi             x13, x13, 1         x13=0000002e x13:0000002d
12164872ns          194212 1c008146 00269793 slli             x15, x13, 0x2       x15=000000b8 x13:0000002e
12164892ns          194213 1c00814a 19010613 addi             x12, x2, 400        x12=10001fe8  x2:10001e58
12164912ns          194214 1c00814c 00c787b3 add              x15, x15, x12       x15=100020a0 x15:000000b8 x12:10001fe8
12164932ns          194215 1c00814e e607a823 sw               x0, -400(x15)       x15:100020a0  PA:10001f10
12164952ns          194216 1c008152 00168693 addi             x13, x13, 1         x13=0000002f x13:0000002e
12164991ns          194218 1c008146 00269793 slli             x15, x13, 0x2       x15=000000bc x13:0000002f
12165011ns          194219 1c00814a 19010613 addi             x12, x2, 400        x12=10001fe8  x2:10001e58
12165031ns          194220 1c00814c 00c787b3 add              x15, x15, x12       x15=100020a4 x15:000000bc x12:10001fe8
12165051ns          194221 1c00814e e607a823 sw               x0, -400(x15)       x15:100020a4  PA:10001f14
12165071ns          194222 1c008152 00168693 addi             x13, x13, 1         x13=00000030 x13:0000002f
12165111ns          194224 1c008146 00269793 slli             x15, x13, 0x2       x15=000000c0 x13:00000030
12165131ns          194225 1c00814a 19010613 addi             x12, x2, 400        x12=10001fe8  x2:10001e58
12165151ns          194226 1c00814c 00c787b3 add              x15, x15, x12       x15=100020a8 x15:000000c0 x12:10001fe8
12165170ns          194227 1c00814e e607a823 sw               x0, -400(x15)       x15:100020a8  PA:10001f18
12165190ns          194228 1c008152 00168693 addi             x13, x13, 1         x13=00000031 x13:00000030
12165230ns          194230 1c008146 00269793 slli             x15, x13, 0x2       x15=000000c4 x13:00000031
12165250ns          194231 1c00814a 19010613 addi             x12, x2, 400        x12=10001fe8  x2:10001e58
12165270ns          194232 1c00814c 00c787b3 add              x15, x15, x12       x15=100020ac x15:000000c4 x12:10001fe8
12165290ns          194233 1c00814e e607a823 sw               x0, -400(x15)       x15:100020ac  PA:10001f1c
12165310ns          194234 1c008152 00168693 addi             x13, x13, 1         x13=00000032 x13:00000031
12165349ns          194236 1c008146 00269793 slli             x15, x13, 0x2       x15=000000c8 x13:00000032
12165369ns          194237 1c00814a 19010613 addi             x12, x2, 400        x12=10001fe8  x2:10001e58
12165389ns          194238 1c00814c 00c787b3 add              x15, x15, x12       x15=100020b0 x15:000000c8 x12:10001fe8
12165409ns          194239 1c00814e e607a823 sw               x0, -400(x15)       x15:100020b0  PA:10001f20
12165429ns          194240 1c008152 00168693 addi             x13, x13, 1         x13=00000033 x13:00000032
12165469ns          194242 1c008146 00269793 slli             x15, x13, 0x2       x15=000000cc x13:00000033
12165489ns          194243 1c00814a 19010613 addi             x12, x2, 400        x12=10001fe8  x2:10001e58
12165509ns          194244 1c00814c 00c787b3 add              x15, x15, x12       x15=100020b4 x15:000000cc x12:10001fe8
12165529ns          194245 1c00814e e607a823 sw               x0, -400(x15)       x15:100020b4  PA:10001f24
12165548ns          194246 1c008152 00168693 addi             x13, x13, 1         x13=00000034 x13:00000033
12165588ns          194248 1c008146 00269793 slli             x15, x13, 0x2       x15=000000d0 x13:00000034
12165608ns          194249 1c00814a 19010613 addi             x12, x2, 400        x12=10001fe8  x2:10001e58
12165628ns          194250 1c00814c 00c787b3 add              x15, x15, x12       x15=100020b8 x15:000000d0 x12:10001fe8
12165648ns          194251 1c00814e e607a823 sw               x0, -400(x15)       x15:100020b8  PA:10001f28
12165668ns          194252 1c008152 00168693 addi             x13, x13, 1         x13=00000035 x13:00000034
12165708ns          194254 1c008146 00269793 slli             x15, x13, 0x2       x15=000000d4 x13:00000035
12165727ns          194255 1c00814a 19010613 addi             x12, x2, 400        x12=10001fe8  x2:10001e58
12165747ns          194256 1c00814c 00c787b3 add              x15, x15, x12       x15=100020bc x15:000000d4 x12:10001fe8
12165767ns          194257 1c00814e e607a823 sw               x0, -400(x15)       x15:100020bc  PA:10001f2c
12165787ns          194258 1c008152 00168693 addi             x13, x13, 1         x13=00000036 x13:00000035
12165827ns          194260 1c008146 00269793 slli             x15, x13, 0x2       x15=000000d8 x13:00000036
12165847ns          194261 1c00814a 19010613 addi             x12, x2, 400        x12=10001fe8  x2:10001e58
12165867ns          194262 1c00814c 00c787b3 add              x15, x15, x12       x15=100020c0 x15:000000d8 x12:10001fe8
12165887ns          194263 1c00814e e607a823 sw               x0, -400(x15)       x15:100020c0  PA:10001f30
12165906ns          194264 1c008152 00168693 addi             x13, x13, 1         x13=00000037 x13:00000036
12165946ns          194266 1c008146 00269793 slli             x15, x13, 0x2       x15=000000dc x13:00000037
12165966ns          194267 1c00814a 19010613 addi             x12, x2, 400        x12=10001fe8  x2:10001e58
12165986ns          194268 1c00814c 00c787b3 add              x15, x15, x12       x15=100020c4 x15:000000dc x12:10001fe8
12166006ns          194269 1c00814e e607a823 sw               x0, -400(x15)       x15:100020c4  PA:10001f34
12166026ns          194270 1c008152 00168693 addi             x13, x13, 1         x13=00000038 x13:00000037
12166066ns          194272 1c008146 00269793 slli             x15, x13, 0x2       x15=000000e0 x13:00000038
12166085ns          194273 1c00814a 19010613 addi             x12, x2, 400        x12=10001fe8  x2:10001e58
12166105ns          194274 1c00814c 00c787b3 add              x15, x15, x12       x15=100020c8 x15:000000e0 x12:10001fe8
12166125ns          194275 1c00814e e607a823 sw               x0, -400(x15)       x15:100020c8  PA:10001f38
12166145ns          194276 1c008152 00168693 addi             x13, x13, 1         x13=00000039 x13:00000038
12166185ns          194278 1c008146 00269793 slli             x15, x13, 0x2       x15=000000e4 x13:00000039
12166205ns          194279 1c00814a 19010613 addi             x12, x2, 400        x12=10001fe8  x2:10001e58
12166225ns          194280 1c00814c 00c787b3 add              x15, x15, x12       x15=100020cc x15:000000e4 x12:10001fe8
12166245ns          194281 1c00814e e607a823 sw               x0, -400(x15)       x15:100020cc  PA:10001f3c
12166264ns          194282 1c008152 00168693 addi             x13, x13, 1         x13=0000003a x13:00000039
12166304ns          194284 1c008146 00269793 slli             x15, x13, 0x2       x15=000000e8 x13:0000003a
12166324ns          194285 1c00814a 19010613 addi             x12, x2, 400        x12=10001fe8  x2:10001e58
12166344ns          194286 1c00814c 00c787b3 add              x15, x15, x12       x15=100020d0 x15:000000e8 x12:10001fe8
12166364ns          194287 1c00814e e607a823 sw               x0, -400(x15)       x15:100020d0  PA:10001f40
12166384ns          194288 1c008152 00168693 addi             x13, x13, 1         x13=0000003b x13:0000003a
12166424ns          194290 1c008146 00269793 slli             x15, x13, 0x2       x15=000000ec x13:0000003b
12166443ns          194291 1c00814a 19010613 addi             x12, x2, 400        x12=10001fe8  x2:10001e58
12166463ns          194292 1c00814c 00c787b3 add              x15, x15, x12       x15=100020d4 x15:000000ec x12:10001fe8
12166483ns          194293 1c00814e e607a823 sw               x0, -400(x15)       x15:100020d4  PA:10001f44
12166503ns          194294 1c008152 00168693 addi             x13, x13, 1         x13=0000003c x13:0000003b
12166543ns          194296 1c008146 00269793 slli             x15, x13, 0x2       x15=000000f0 x13:0000003c
12166563ns          194297 1c00814a 19010613 addi             x12, x2, 400        x12=10001fe8  x2:10001e58
12166583ns          194298 1c00814c 00c787b3 add              x15, x15, x12       x15=100020d8 x15:000000f0 x12:10001fe8
12166603ns          194299 1c00814e e607a823 sw               x0, -400(x15)       x15:100020d8  PA:10001f48
12166622ns          194300 1c008152 00168693 addi             x13, x13, 1         x13=0000003d x13:0000003c
12166662ns          194302 1c008146 00269793 slli             x15, x13, 0x2       x15=000000f4 x13:0000003d
12166682ns          194303 1c00814a 19010613 addi             x12, x2, 400        x12=10001fe8  x2:10001e58
12166702ns          194304 1c00814c 00c787b3 add              x15, x15, x12       x15=100020dc x15:000000f4 x12:10001fe8
12166722ns          194305 1c00814e e607a823 sw               x0, -400(x15)       x15:100020dc  PA:10001f4c
12166742ns          194306 1c008152 00168693 addi             x13, x13, 1         x13=0000003e x13:0000003d
12166782ns          194308 1c008146 00269793 slli             x15, x13, 0x2       x15=000000f8 x13:0000003e
12166802ns          194309 1c00814a 19010613 addi             x12, x2, 400        x12=10001fe8  x2:10001e58
12166821ns          194310 1c00814c 00c787b3 add              x15, x15, x12       x15=100020e0 x15:000000f8 x12:10001fe8
12166841ns          194311 1c00814e e607a823 sw               x0, -400(x15)       x15:100020e0  PA:10001f50
12166861ns          194312 1c008152 00168693 addi             x13, x13, 1         x13=0000003f x13:0000003e
12166901ns          194314 1c008146 00269793 slli             x15, x13, 0x2       x15=000000fc x13:0000003f
12166921ns          194315 1c00814a 19010613 addi             x12, x2, 400        x12=10001fe8  x2:10001e58
12166941ns          194316 1c00814c 00c787b3 add              x15, x15, x12       x15=100020e4 x15:000000fc x12:10001fe8
12166961ns          194317 1c00814e e607a823 sw               x0, -400(x15)       x15:100020e4  PA:10001f54
12166981ns          194318 1c008152 00168693 addi             x13, x13, 1         x13=00000040 x13:0000003f
12167020ns          194320 1c008146 00269793 slli             x15, x13, 0x2       x15=00000100 x13:00000040
12167040ns          194321 1c00814a 19010613 addi             x12, x2, 400        x12=10001fe8  x2:10001e58
12167060ns          194322 1c00814c 00c787b3 add              x15, x15, x12       x15=100020e8 x15:00000100 x12:10001fe8
12167080ns          194323 1c00814e e607a823 sw               x0, -400(x15)       x15:100020e8  PA:10001f58
12167100ns          194324 1c008152 00168693 addi             x13, x13, 1         x13=00000041 x13:00000040
12167140ns          194326 1c008146 00269793 slli             x15, x13, 0x2       x15=00000104 x13:00000041
12167160ns          194327 1c00814a 19010613 addi             x12, x2, 400        x12=10001fe8  x2:10001e58
12167179ns          194328 1c00814c 00c787b3 add              x15, x15, x12       x15=100020ec x15:00000104 x12:10001fe8
12167199ns          194329 1c00814e e607a823 sw               x0, -400(x15)       x15:100020ec  PA:10001f5c
12167219ns          194330 1c008152 00168693 addi             x13, x13, 1         x13=00000042 x13:00000041
12167259ns          194332 1c008146 00269793 slli             x15, x13, 0x2       x15=00000108 x13:00000042
12167279ns          194333 1c00814a 19010613 addi             x12, x2, 400        x12=10001fe8  x2:10001e58
12167299ns          194334 1c00814c 00c787b3 add              x15, x15, x12       x15=100020f0 x15:00000108 x12:10001fe8
12167319ns          194335 1c00814e e607a823 sw               x0, -400(x15)       x15:100020f0  PA:10001f60
12167339ns          194336 1c008152 00168693 addi             x13, x13, 1         x13=00000043 x13:00000042
12167378ns          194338 1c008146 00269793 slli             x15, x13, 0x2       x15=0000010c x13:00000043
12167398ns          194339 1c00814a 19010613 addi             x12, x2, 400        x12=10001fe8  x2:10001e58
12167418ns          194340 1c00814c 00c787b3 add              x15, x15, x12       x15=100020f4 x15:0000010c x12:10001fe8
12167438ns          194341 1c00814e e607a823 sw               x0, -400(x15)       x15:100020f4  PA:10001f64
12167458ns          194342 1c008152 00168693 addi             x13, x13, 1         x13=00000044 x13:00000043
12167498ns          194344 1c008146 00269793 slli             x15, x13, 0x2       x15=00000110 x13:00000044
12167518ns          194345 1c00814a 19010613 addi             x12, x2, 400        x12=10001fe8  x2:10001e58
12167537ns          194346 1c00814c 00c787b3 add              x15, x15, x12       x15=100020f8 x15:00000110 x12:10001fe8
12167557ns          194347 1c00814e e607a823 sw               x0, -400(x15)       x15:100020f8  PA:10001f68
12167577ns          194348 1c008152 00168693 addi             x13, x13, 1         x13=00000045 x13:00000044
12167617ns          194350 1c008146 00269793 slli             x15, x13, 0x2       x15=00000114 x13:00000045
12167637ns          194351 1c00814a 19010613 addi             x12, x2, 400        x12=10001fe8  x2:10001e58
12167657ns          194352 1c00814c 00c787b3 add              x15, x15, x12       x15=100020fc x15:00000114 x12:10001fe8
12167677ns          194353 1c00814e e607a823 sw               x0, -400(x15)       x15:100020fc  PA:10001f6c
12167697ns          194354 1c008152 00168693 addi             x13, x13, 1         x13=00000046 x13:00000045
12167736ns          194356 1c008146 00269793 slli             x15, x13, 0x2       x15=00000118 x13:00000046
12167756ns          194357 1c00814a 19010613 addi             x12, x2, 400        x12=10001fe8  x2:10001e58
12167776ns          194358 1c00814c 00c787b3 add              x15, x15, x12       x15=10002100 x15:00000118 x12:10001fe8
12167796ns          194359 1c00814e e607a823 sw               x0, -400(x15)       x15:10002100  PA:10001f70
12167816ns          194360 1c008152 00168693 addi             x13, x13, 1         x13=00000047 x13:00000046
12167856ns          194362 1c008146 00269793 slli             x15, x13, 0x2       x15=0000011c x13:00000047
12167876ns          194363 1c00814a 19010613 addi             x12, x2, 400        x12=10001fe8  x2:10001e58
12167896ns          194364 1c00814c 00c787b3 add              x15, x15, x12       x15=10002104 x15:0000011c x12:10001fe8
12167915ns          194365 1c00814e e607a823 sw               x0, -400(x15)       x15:10002104  PA:10001f74
12167935ns          194366 1c008152 00168693 addi             x13, x13, 1         x13=00000048 x13:00000047
12167975ns          194368 1c008146 00269793 slli             x15, x13, 0x2       x15=00000120 x13:00000048
12167995ns          194369 1c00814a 19010613 addi             x12, x2, 400        x12=10001fe8  x2:10001e58
12168015ns          194370 1c00814c 00c787b3 add              x15, x15, x12       x15=10002108 x15:00000120 x12:10001fe8
12168035ns          194371 1c00814e e607a823 sw               x0, -400(x15)       x15:10002108  PA:10001f78
12168055ns          194372 1c008152 00168693 addi             x13, x13, 1         x13=00000049 x13:00000048
12168094ns          194374 1c008146 00269793 slli             x15, x13, 0x2       x15=00000124 x13:00000049
12168114ns          194375 1c00814a 19010613 addi             x12, x2, 400        x12=10001fe8  x2:10001e58
12168134ns          194376 1c00814c 00c787b3 add              x15, x15, x12       x15=1000210c x15:00000124 x12:10001fe8
12168154ns          194377 1c00814e e607a823 sw               x0, -400(x15)       x15:1000210c  PA:10001f7c
12168174ns          194378 1c008152 00168693 addi             x13, x13, 1         x13=0000004a x13:00000049
12168214ns          194380 1c008146 00269793 slli             x15, x13, 0x2       x15=00000128 x13:0000004a
12168234ns          194381 1c00814a 19010613 addi             x12, x2, 400        x12=10001fe8  x2:10001e58
12168254ns          194382 1c00814c 00c787b3 add              x15, x15, x12       x15=10002110 x15:00000128 x12:10001fe8
12168273ns          194383 1c00814e e607a823 sw               x0, -400(x15)       x15:10002110  PA:10001f80
12168293ns          194384 1c008152 00168693 addi             x13, x13, 1         x13=0000004b x13:0000004a
12168333ns          194386 1c008146 00269793 slli             x15, x13, 0x2       x15=0000012c x13:0000004b
12168353ns          194387 1c00814a 19010613 addi             x12, x2, 400        x12=10001fe8  x2:10001e58
12168373ns          194388 1c00814c 00c787b3 add              x15, x15, x12       x15=10002114 x15:0000012c x12:10001fe8
12168393ns          194389 1c00814e e607a823 sw               x0, -400(x15)       x15:10002114  PA:10001f84
12168413ns          194390 1c008152 00168693 addi             x13, x13, 1         x13=0000004c x13:0000004b
12168452ns          194392 1c008146 00269793 slli             x15, x13, 0x2       x15=00000130 x13:0000004c
12168472ns          194393 1c00814a 19010613 addi             x12, x2, 400        x12=10001fe8  x2:10001e58
12168492ns          194394 1c00814c 00c787b3 add              x15, x15, x12       x15=10002118 x15:00000130 x12:10001fe8
12168512ns          194395 1c00814e e607a823 sw               x0, -400(x15)       x15:10002118  PA:10001f88
12168532ns          194396 1c008152 00168693 addi             x13, x13, 1         x13=0000004d x13:0000004c
12168572ns          194398 1c008146 00269793 slli             x15, x13, 0x2       x15=00000134 x13:0000004d
12168592ns          194399 1c00814a 19010613 addi             x12, x2, 400        x12=10001fe8  x2:10001e58
12168612ns          194400 1c00814c 00c787b3 add              x15, x15, x12       x15=1000211c x15:00000134 x12:10001fe8
12168631ns          194401 1c00814e e607a823 sw               x0, -400(x15)       x15:1000211c  PA:10001f8c
12168651ns          194402 1c008152 00168693 addi             x13, x13, 1         x13=0000004e x13:0000004d
12168691ns          194404 1c008146 00269793 slli             x15, x13, 0x2       x15=00000138 x13:0000004e
12168711ns          194405 1c00814a 19010613 addi             x12, x2, 400        x12=10001fe8  x2:10001e58
12168731ns          194406 1c00814c 00c787b3 add              x15, x15, x12       x15=10002120 x15:00000138 x12:10001fe8
12168751ns          194407 1c00814e e607a823 sw               x0, -400(x15)       x15:10002120  PA:10001f90
12168771ns          194408 1c008152 00168693 addi             x13, x13, 1         x13=0000004f x13:0000004e
12168810ns          194410 1c008146 00269793 slli             x15, x13, 0x2       x15=0000013c x13:0000004f
12168830ns          194411 1c00814a 19010613 addi             x12, x2, 400        x12=10001fe8  x2:10001e58
12168850ns          194412 1c00814c 00c787b3 add              x15, x15, x12       x15=10002124 x15:0000013c x12:10001fe8
12168870ns          194413 1c00814e e607a823 sw               x0, -400(x15)       x15:10002124  PA:10001f94
12168890ns          194414 1c008152 00168693 addi             x13, x13, 1         x13=00000050 x13:0000004f
12168930ns          194416 1c008146 00269793 slli             x15, x13, 0x2       x15=00000140 x13:00000050
12168950ns          194417 1c00814a 19010613 addi             x12, x2, 400        x12=10001fe8  x2:10001e58
12168970ns          194418 1c00814c 00c787b3 add              x15, x15, x12       x15=10002128 x15:00000140 x12:10001fe8
12168989ns          194419 1c00814e e607a823 sw               x0, -400(x15)       x15:10002128  PA:10001f98
12169009ns          194420 1c008152 00168693 addi             x13, x13, 1         x13=00000051 x13:00000050
12169049ns          194422 1c008146 00269793 slli             x15, x13, 0x2       x15=00000144 x13:00000051
12169069ns          194423 1c00814a 19010613 addi             x12, x2, 400        x12=10001fe8  x2:10001e58
12169089ns          194424 1c00814c 00c787b3 add              x15, x15, x12       x15=1000212c x15:00000144 x12:10001fe8
12169109ns          194425 1c00814e e607a823 sw               x0, -400(x15)       x15:1000212c  PA:10001f9c
12169129ns          194426 1c008152 00168693 addi             x13, x13, 1         x13=00000052 x13:00000051
12169169ns          194428 1c008146 00269793 slli             x15, x13, 0x2       x15=00000148 x13:00000052
12169188ns          194429 1c00814a 19010613 addi             x12, x2, 400        x12=10001fe8  x2:10001e58
12169208ns          194430 1c00814c 00c787b3 add              x15, x15, x12       x15=10002130 x15:00000148 x12:10001fe8
12169228ns          194431 1c00814e e607a823 sw               x0, -400(x15)       x15:10002130  PA:10001fa0
12169248ns          194432 1c008152 00168693 addi             x13, x13, 1         x13=00000053 x13:00000052
12169288ns          194434 1c008146 00269793 slli             x15, x13, 0x2       x15=0000014c x13:00000053
12169308ns          194435 1c00814a 19010613 addi             x12, x2, 400        x12=10001fe8  x2:10001e58
12169328ns          194436 1c00814c 00c787b3 add              x15, x15, x12       x15=10002134 x15:0000014c x12:10001fe8
12169348ns          194437 1c00814e e607a823 sw               x0, -400(x15)       x15:10002134  PA:10001fa4
12169367ns          194438 1c008152 00168693 addi             x13, x13, 1         x13=00000054 x13:00000053
12169407ns          194440 1c008146 00269793 slli             x15, x13, 0x2       x15=00000150 x13:00000054
12169427ns          194441 1c00814a 19010613 addi             x12, x2, 400        x12=10001fe8  x2:10001e58
12169447ns          194442 1c00814c 00c787b3 add              x15, x15, x12       x15=10002138 x15:00000150 x12:10001fe8
12169467ns          194443 1c00814e e607a823 sw               x0, -400(x15)       x15:10002138  PA:10001fa8
12169487ns          194444 1c008152 00168693 addi             x13, x13, 1         x13=00000055 x13:00000054
12169527ns          194446 1c008146 00269793 slli             x15, x13, 0x2       x15=00000154 x13:00000055
12169546ns          194447 1c00814a 19010613 addi             x12, x2, 400        x12=10001fe8  x2:10001e58
12169566ns          194448 1c00814c 00c787b3 add              x15, x15, x12       x15=1000213c x15:00000154 x12:10001fe8
12169586ns          194449 1c00814e e607a823 sw               x0, -400(x15)       x15:1000213c  PA:10001fac
12169606ns          194450 1c008152 00168693 addi             x13, x13, 1         x13=00000056 x13:00000055
12169646ns          194452 1c008146 00269793 slli             x15, x13, 0x2       x15=00000158 x13:00000056
12169666ns          194453 1c00814a 19010613 addi             x12, x2, 400        x12=10001fe8  x2:10001e58
12169686ns          194454 1c00814c 00c787b3 add              x15, x15, x12       x15=10002140 x15:00000158 x12:10001fe8
12169706ns          194455 1c00814e e607a823 sw               x0, -400(x15)       x15:10002140  PA:10001fb0
12169725ns          194456 1c008152 00168693 addi             x13, x13, 1         x13=00000057 x13:00000056
12169765ns          194458 1c008146 00269793 slli             x15, x13, 0x2       x15=0000015c x13:00000057
12169785ns          194459 1c00814a 19010613 addi             x12, x2, 400        x12=10001fe8  x2:10001e58
12169805ns          194460 1c00814c 00c787b3 add              x15, x15, x12       x15=10002144 x15:0000015c x12:10001fe8
12169825ns          194461 1c00814e e607a823 sw               x0, -400(x15)       x15:10002144  PA:10001fb4
12169845ns          194462 1c008152 00168693 addi             x13, x13, 1         x13=00000058 x13:00000057
12169885ns          194464 1c008146 00269793 slli             x15, x13, 0x2       x15=00000160 x13:00000058
12169904ns          194465 1c00814a 19010613 addi             x12, x2, 400        x12=10001fe8  x2:10001e58
12169924ns          194466 1c00814c 00c787b3 add              x15, x15, x12       x15=10002148 x15:00000160 x12:10001fe8
12169944ns          194467 1c00814e e607a823 sw               x0, -400(x15)       x15:10002148  PA:10001fb8
12169964ns          194468 1c008152 00168693 addi             x13, x13, 1         x13=00000059 x13:00000058
12170004ns          194470 1c008146 00269793 slli             x15, x13, 0x2       x15=00000164 x13:00000059
12170024ns          194471 1c00814a 19010613 addi             x12, x2, 400        x12=10001fe8  x2:10001e58
12170044ns          194472 1c00814c 00c787b3 add              x15, x15, x12       x15=1000214c x15:00000164 x12:10001fe8
12170064ns          194473 1c00814e e607a823 sw               x0, -400(x15)       x15:1000214c  PA:10001fbc
12170083ns          194474 1c008152 00168693 addi             x13, x13, 1         x13=0000005a x13:00000059
12170123ns          194476 1c008146 00269793 slli             x15, x13, 0x2       x15=00000168 x13:0000005a
12170143ns          194477 1c00814a 19010613 addi             x12, x2, 400        x12=10001fe8  x2:10001e58
12170163ns          194478 1c00814c 00c787b3 add              x15, x15, x12       x15=10002150 x15:00000168 x12:10001fe8
12170183ns          194479 1c00814e e607a823 sw               x0, -400(x15)       x15:10002150  PA:10001fc0
12170203ns          194480 1c008152 00168693 addi             x13, x13, 1         x13=0000005b x13:0000005a
12170243ns          194482 1c008146 00269793 slli             x15, x13, 0x2       x15=0000016c x13:0000005b
12170263ns          194483 1c00814a 19010613 addi             x12, x2, 400        x12=10001fe8  x2:10001e58
12170282ns          194484 1c00814c 00c787b3 add              x15, x15, x12       x15=10002154 x15:0000016c x12:10001fe8
12170302ns          194485 1c00814e e607a823 sw               x0, -400(x15)       x15:10002154  PA:10001fc4
12170322ns          194486 1c008152 00168693 addi             x13, x13, 1         x13=0000005c x13:0000005b
12170362ns          194488 1c008146 00269793 slli             x15, x13, 0x2       x15=00000170 x13:0000005c
12170382ns          194489 1c00814a 19010613 addi             x12, x2, 400        x12=10001fe8  x2:10001e58
12170402ns          194490 1c00814c 00c787b3 add              x15, x15, x12       x15=10002158 x15:00000170 x12:10001fe8
12170422ns          194491 1c00814e e607a823 sw               x0, -400(x15)       x15:10002158  PA:10001fc8
12170442ns          194492 1c008152 00168693 addi             x13, x13, 1         x13=0000005d x13:0000005c
12170481ns          194494 1c008146 00269793 slli             x15, x13, 0x2       x15=00000174 x13:0000005d
12170501ns          194495 1c00814a 19010613 addi             x12, x2, 400        x12=10001fe8  x2:10001e58
12170521ns          194496 1c00814c 00c787b3 add              x15, x15, x12       x15=1000215c x15:00000174 x12:10001fe8
12170541ns          194497 1c00814e e607a823 sw               x0, -400(x15)       x15:1000215c  PA:10001fcc
12170561ns          194498 1c008152 00168693 addi             x13, x13, 1         x13=0000005e x13:0000005d
12170601ns          194500 1c008146 00269793 slli             x15, x13, 0x2       x15=00000178 x13:0000005e
12170621ns          194501 1c00814a 19010613 addi             x12, x2, 400        x12=10001fe8  x2:10001e58
12170640ns          194502 1c00814c 00c787b3 add              x15, x15, x12       x15=10002160 x15:00000178 x12:10001fe8
12170660ns          194503 1c00814e e607a823 sw               x0, -400(x15)       x15:10002160  PA:10001fd0
12170680ns          194504 1c008152 00168693 addi             x13, x13, 1         x13=0000005f x13:0000005e
12170720ns          194506 1c008146 00269793 slli             x15, x13, 0x2       x15=0000017c x13:0000005f
12170740ns          194507 1c00814a 19010613 addi             x12, x2, 400        x12=10001fe8  x2:10001e58
12170760ns          194508 1c00814c 00c787b3 add              x15, x15, x12       x15=10002164 x15:0000017c x12:10001fe8
12170780ns          194509 1c00814e e607a823 sw               x0, -400(x15)       x15:10002164  PA:10001fd4
12170800ns          194510 1c008152 00168693 addi             x13, x13, 1         x13=00000060 x13:0000005f
12170839ns          194512 1c008146 00269793 slli             x15, x13, 0x2       x15=00000180 x13:00000060
12170859ns          194513 1c00814a 19010613 addi             x12, x2, 400        x12=10001fe8  x2:10001e58
12170879ns          194514 1c00814c 00c787b3 add              x15, x15, x12       x15=10002168 x15:00000180 x12:10001fe8
12170899ns          194515 1c00814e e607a823 sw               x0, -400(x15)       x15:10002168  PA:10001fd8
12170919ns          194516 1c008152 00168693 addi             x13, x13, 1         x13=00000061 x13:00000060
12170959ns          194518 1c008146 00269793 slli             x15, x13, 0x2       x15=00000184 x13:00000061
12170979ns          194519 1c00814a 19010613 addi             x12, x2, 400        x12=10001fe8  x2:10001e58
12170998ns          194520 1c00814c 00c787b3 add              x15, x15, x12       x15=1000216c x15:00000184 x12:10001fe8
12171018ns          194521 1c00814e e607a823 sw               x0, -400(x15)       x15:1000216c  PA:10001fdc
12171038ns          194522 1c008152 00168693 addi             x13, x13, 1         x13=00000062 x13:00000061
12171078ns          194524 1c008146 00269793 slli             x15, x13, 0x2       x15=00000188 x13:00000062
12171098ns          194525 1c00814a 19010613 addi             x12, x2, 400        x12=10001fe8  x2:10001e58
12171118ns          194526 1c00814c 00c787b3 add              x15, x15, x12       x15=10002170 x15:00000188 x12:10001fe8
12171138ns          194527 1c00814e e607a823 sw               x0, -400(x15)       x15:10002170  PA:10001fe0
12171158ns          194528 1c008152 00168693 addi             x13, x13, 1         x13=00000063 x13:00000062
12171197ns          194530 1c008146 00269793 slli             x15, x13, 0x2       x15=0000018c x13:00000063
12171217ns          194531 1c00814a 19010613 addi             x12, x2, 400        x12=10001fe8  x2:10001e58
12171237ns          194532 1c00814c 00c787b3 add              x15, x15, x12       x15=10002174 x15:0000018c x12:10001fe8
12171257ns          194533 1c00814e e607a823 sw               x0, -400(x15)       x15:10002174  PA:10001fe4
12171277ns          194534 1c008152 00168693 addi             x13, x13, 1         x13=00000064 x13:00000063
12171297ns          194535 1c008154 19010113 addi             x2, x2, 400          x2=10001fe8  x2:10001e58
12171317ns          194536 1c008156 00008067 jalr             x0, x1, 0            x1:1c00816e
12171356ns          194538 1c00816e 00040c63 beq              x8, x0, 24           x8:00000003
12171376ns          194539 1c008170 00c12083 lw               x1, 12(x2)           x1=1c009c16  x2:10001fe8  PA:10001ff4
12171396ns          194540 1c008172 00812403 lw               x8, 8(x2)            x8=xxxxxxxx  x2:10001fe8  PA:10001ff0
12171416ns          194541 1c008174 00000513 addi             x10, x0, 0          x10=00000000
12171436ns          194542 1c008176 01010113 addi             x2, x2, 16           x2=10001ff8  x2:10001fe8
12171456ns          194543 1c008178 00008067 jalr             x0, x1, 0            x1:1c009c16
12171913ns          194566 1c009c16 f14027f3 csrrs            x15, x0, 0xf14      x15=00000003
12171933ns          194567 1c009c1a f457b7b3 p.bclr           x15, x15, 26, 5     x15=00000003 x15:00000003
12171953ns          194568 1c009c1e 00079963 bne              x15, x0, 18         x15:00000003
12172411ns          194591 1c009c30 002047b7 lui              x15, 0x204000       x15=00204000
12172450ns          194593 1c009c34 fff00713 addi             x14, x0, -1         x14=ffffffff
12172470ns          194594 1c009c36 00e7a223 sw               x14, 4(x15)         x14:ffffffff x15:00204000  PA:00204004
