                Time          Cycles PC       Instr    Mnemonic
12152241ns          193577 1c008080 0640006f jal              x0, 100            
12152699ns          193600 1c0080e4 f1402573 csrrs            x10, x0, 0xf14      x10=00000000
12152739ns          193602 1c0080e8 01f57593 andi             x11, x10, 31        x11=00000000 x10:00000000
12152759ns          193603 1c0080ec 00555513 srli             x10, x10, 0x5       x10=00000000 x10:00000000
12152779ns          193604 1c0080ee 01f00613 addi             x12, x0, 31         x12=0000001f
12153216ns          193626 1c0080f0 00c50463 beq              x10, x12, 8         x10:00000000 x12:0000001f
12153256ns          193628 1c0080f4 fa1ff06f jal              x0, -96            
12153713ns          193651 1c008094 f3ff8117 auipc            x2, 0xf3ff8000       x2=10000094
12153753ns          193653 1c008098 f7010113 addi             x2, x2, -144         x2=10000004  x2:10000094
12153773ns          193654 1c00809c 00012103 lw               x2, 0(x2)            x2=10000008  x2:10000004  PA:10000004
12154211ns          193676 1c0080a0 000011b7 lui              x3, 0x1000           x3=00001000
12154250ns          193678 1c0080a4 80018193 addi             x3, x3, -2048        x3=00000800  x3:00001000
12154270ns          193679 1c0080a8 00158593 addi             x11, x11, 1         x11=00000001 x11:00000000
12154290ns          193680 1c0080ac 02b180b3 mul              x1, x3, x11          x1=00000800  x3:00000800 x11:00000001
12154728ns          193702 1c0080b0 00110133 add              x2, x2, x1           x2=10000808  x2:10000008  x1:00000800
12154768ns          193704 1c0080b4 33d0106f jal              x0, 6972           
12155225ns          193727 1c009bf0 ff010113 addi             x2, x2, -16          x2=100007f8  x2:10000808
12155245ns          193728 1c009bf2 00112623 sw               x1, 12(x2)           x1:00000800  x2:100007f8  PA:10000804
12155265ns          193729 1c009bf4 002047b7 lui              x15, 0x204000       x15=00204000
12155285ns          193730 1c009bf8 00070737 lui              x14, 0x70000        x14=00070000
12155305ns          193731 1c009bfc 00e7a423 sw               x14, 8(x15)         x14:00070000 x15:00204000  PA:00204008
12155325ns          193732 1c009bfe 00f00713 addi             x14, x0, 15         x14=0000000f
12155762ns          193754 1c009c00 20078793 addi             x15, x15, 512       x15=00204200 x15:00204000
12155802ns          193756 1c009c04 00e7a023 sw               x14, 0(x15)         x14:0000000f x15:00204200  PA:00204200
12155822ns          193757 1c009c08 00e7a623 sw               x14, 12(x15)        x14:0000000f x15:00204200  PA:0020420c
12155842ns          193758 1c009c0c 1c0017b7 lui              x15, 0x1c001000     x15=1c001000
12156279ns          193780 1c009c10 99c7a783 lw               x15, -1636(x15)     x15=1c008158 x15:1c001000  PA:1c00099c
12156617ns          193797 1c009c14 000780e7 jalr             x1, x15, 0           x1=1c009c16 x15:1c008158
12157274ns          193830 1c008158 ff010113 addi             x2, x2, -16          x2=100007e8  x2:100007f8
12157294ns          193831 1c00815a 00812423 sw               x8, 8(x2)            x8:xxxxxxxx  x2:100007e8  PA:100007f0
12157314ns          193832 1c00815c 00112623 sw               x1, 12(x2)           x1:1c009c16  x2:100007e8  PA:100007f4
12157751ns          193854 1c00815e f1402473 csrrs            x8, x0, 0xf14        x8=00000000
12157791ns          193856 1c008162 ca5417b3 p.extractu       x15, x8, 5, 5       x15=00000000  x8:00000000
12157811ns          193857 1c008166 00079a63 bne              x15, x0, 20         x15:00000000
12157831ns          193858 1c008168 f4543433 p.bclr           x8, x8, 26, 5        x8=00000000  x8:00000000
12157851ns          193859 1c00816c fd3ff0ef jal              x1, -46              x1=1c00816e
12158766ns          193905 1c00813e e7010113 addi             x2, x2, -400         x2=10000658  x2:100007e8
12159223ns          193928 1c008140 00000693 addi             x13, x0, 0          x13=00000000
12159263ns          193930 1c008142 064450fb lp.setupi        0x1, 0x64, 0x8     
12159283ns          193931 1c008146 00269793 slli             x15, x13, 0x2       x15=00000000 x13:00000000
12159303ns          193932 1c00814a 19010613 addi             x12, x2, 400        x12=100007e8  x2:10000658
12159323ns          193933 1c00814c 00c787b3 add              x15, x15, x12       x15=100007e8 x15:00000000 x12:100007e8
12159342ns          193934 1c00814e e607a823 sw               x0, -400(x15)       x15:100007e8  PA:10000658
12159362ns          193935 1c008152 00168693 addi             x13, x13, 1         x13=00000001 x13:00000000
12159402ns          193937 1c008146 00269793 slli             x15, x13, 0x2       x15=00000004 x13:00000001
12159422ns          193938 1c00814a 19010613 addi             x12, x2, 400        x12=100007e8  x2:10000658
12159442ns          193939 1c00814c 00c787b3 add              x15, x15, x12       x15=100007ec x15:00000004 x12:100007e8
12159462ns          193940 1c00814e e607a823 sw               x0, -400(x15)       x15:100007ec  PA:1000065c
12159482ns          193941 1c008152 00168693 addi             x13, x13, 1         x13=00000002 x13:00000001
12159521ns          193943 1c008146 00269793 slli             x15, x13, 0x2       x15=00000008 x13:00000002
12159541ns          193944 1c00814a 19010613 addi             x12, x2, 400        x12=100007e8  x2:10000658
12159561ns          193945 1c00814c 00c787b3 add              x15, x15, x12       x15=100007f0 x15:00000008 x12:100007e8
12159581ns          193946 1c00814e e607a823 sw               x0, -400(x15)       x15:100007f0  PA:10000660
12159601ns          193947 1c008152 00168693 addi             x13, x13, 1         x13=00000003 x13:00000002
12159641ns          193949 1c008146 00269793 slli             x15, x13, 0x2       x15=0000000c x13:00000003
12159661ns          193950 1c00814a 19010613 addi             x12, x2, 400        x12=100007e8  x2:10000658
12159681ns          193951 1c00814c 00c787b3 add              x15, x15, x12       x15=100007f4 x15:0000000c x12:100007e8
12159701ns          193952 1c00814e e607a823 sw               x0, -400(x15)       x15:100007f4  PA:10000664
12159720ns          193953 1c008152 00168693 addi             x13, x13, 1         x13=00000004 x13:00000003
12159760ns          193955 1c008146 00269793 slli             x15, x13, 0x2       x15=00000010 x13:00000004
12159780ns          193956 1c00814a 19010613 addi             x12, x2, 400        x12=100007e8  x2:10000658
12159800ns          193957 1c00814c 00c787b3 add              x15, x15, x12       x15=100007f8 x15:00000010 x12:100007e8
12159820ns          193958 1c00814e e607a823 sw               x0, -400(x15)       x15:100007f8  PA:10000668
12159840ns          193959 1c008152 00168693 addi             x13, x13, 1         x13=00000005 x13:00000004
12159880ns          193961 1c008146 00269793 slli             x15, x13, 0x2       x15=00000014 x13:00000005
12159899ns          193962 1c00814a 19010613 addi             x12, x2, 400        x12=100007e8  x2:10000658
12159919ns          193963 1c00814c 00c787b3 add              x15, x15, x12       x15=100007fc x15:00000014 x12:100007e8
12159939ns          193964 1c00814e e607a823 sw               x0, -400(x15)       x15:100007fc  PA:1000066c
12159959ns          193965 1c008152 00168693 addi             x13, x13, 1         x13=00000006 x13:00000005
12159999ns          193967 1c008146 00269793 slli             x15, x13, 0x2       x15=00000018 x13:00000006
12160019ns          193968 1c00814a 19010613 addi             x12, x2, 400        x12=100007e8  x2:10000658
12160039ns          193969 1c00814c 00c787b3 add              x15, x15, x12       x15=10000800 x15:00000018 x12:100007e8
12160059ns          193970 1c00814e e607a823 sw               x0, -400(x15)       x15:10000800  PA:10000670
12160078ns          193971 1c008152 00168693 addi             x13, x13, 1         x13=00000007 x13:00000006
12160118ns          193973 1c008146 00269793 slli             x15, x13, 0x2       x15=0000001c x13:00000007
12160138ns          193974 1c00814a 19010613 addi             x12, x2, 400        x12=100007e8  x2:10000658
12160158ns          193975 1c00814c 00c787b3 add              x15, x15, x12       x15=10000804 x15:0000001c x12:100007e8
12160178ns          193976 1c00814e e607a823 sw               x0, -400(x15)       x15:10000804  PA:10000674
12160198ns          193977 1c008152 00168693 addi             x13, x13, 1         x13=00000008 x13:00000007
12160238ns          193979 1c008146 00269793 slli             x15, x13, 0x2       x15=00000020 x13:00000008
12160257ns          193980 1c00814a 19010613 addi             x12, x2, 400        x12=100007e8  x2:10000658
12160277ns          193981 1c00814c 00c787b3 add              x15, x15, x12       x15=10000808 x15:00000020 x12:100007e8
12160297ns          193982 1c00814e e607a823 sw               x0, -400(x15)       x15:10000808  PA:10000678
12160317ns          193983 1c008152 00168693 addi             x13, x13, 1         x13=00000009 x13:00000008
12160357ns          193985 1c008146 00269793 slli             x15, x13, 0x2       x15=00000024 x13:00000009
12160377ns          193986 1c00814a 19010613 addi             x12, x2, 400        x12=100007e8  x2:10000658
12160397ns          193987 1c00814c 00c787b3 add              x15, x15, x12       x15=1000080c x15:00000024 x12:100007e8
12160417ns          193988 1c00814e e607a823 sw               x0, -400(x15)       x15:1000080c  PA:1000067c
12160436ns          193989 1c008152 00168693 addi             x13, x13, 1         x13=0000000a x13:00000009
12160476ns          193991 1c008146 00269793 slli             x15, x13, 0x2       x15=00000028 x13:0000000a
12160496ns          193992 1c00814a 19010613 addi             x12, x2, 400        x12=100007e8  x2:10000658
12160516ns          193993 1c00814c 00c787b3 add              x15, x15, x12       x15=10000810 x15:00000028 x12:100007e8
12160536ns          193994 1c00814e e607a823 sw               x0, -400(x15)       x15:10000810  PA:10000680
12160556ns          193995 1c008152 00168693 addi             x13, x13, 1         x13=0000000b x13:0000000a
12160596ns          193997 1c008146 00269793 slli             x15, x13, 0x2       x15=0000002c x13:0000000b
12160615ns          193998 1c00814a 19010613 addi             x12, x2, 400        x12=100007e8  x2:10000658
12160635ns          193999 1c00814c 00c787b3 add              x15, x15, x12       x15=10000814 x15:0000002c x12:100007e8
12160655ns          194000 1c00814e e607a823 sw               x0, -400(x15)       x15:10000814  PA:10000684
12160675ns          194001 1c008152 00168693 addi             x13, x13, 1         x13=0000000c x13:0000000b
12160715ns          194003 1c008146 00269793 slli             x15, x13, 0x2       x15=00000030 x13:0000000c
12160735ns          194004 1c00814a 19010613 addi             x12, x2, 400        x12=100007e8  x2:10000658
12160755ns          194005 1c00814c 00c787b3 add              x15, x15, x12       x15=10000818 x15:00000030 x12:100007e8
12160775ns          194006 1c00814e e607a823 sw               x0, -400(x15)       x15:10000818  PA:10000688
12160795ns          194007 1c008152 00168693 addi             x13, x13, 1         x13=0000000d x13:0000000c
12160834ns          194009 1c008146 00269793 slli             x15, x13, 0x2       x15=00000034 x13:0000000d
12160854ns          194010 1c00814a 19010613 addi             x12, x2, 400        x12=100007e8  x2:10000658
12160874ns          194011 1c00814c 00c787b3 add              x15, x15, x12       x15=1000081c x15:00000034 x12:100007e8
12160894ns          194012 1c00814e e607a823 sw               x0, -400(x15)       x15:1000081c  PA:1000068c
12160914ns          194013 1c008152 00168693 addi             x13, x13, 1         x13=0000000e x13:0000000d
12160954ns          194015 1c008146 00269793 slli             x15, x13, 0x2       x15=00000038 x13:0000000e
12160974ns          194016 1c00814a 19010613 addi             x12, x2, 400        x12=100007e8  x2:10000658
12160993ns          194017 1c00814c 00c787b3 add              x15, x15, x12       x15=10000820 x15:00000038 x12:100007e8
12161013ns          194018 1c00814e e607a823 sw               x0, -400(x15)       x15:10000820  PA:10000690
12161033ns          194019 1c008152 00168693 addi             x13, x13, 1         x13=0000000f x13:0000000e
12161073ns          194021 1c008146 00269793 slli             x15, x13, 0x2       x15=0000003c x13:0000000f
12161093ns          194022 1c00814a 19010613 addi             x12, x2, 400        x12=100007e8  x2:10000658
12161113ns          194023 1c00814c 00c787b3 add              x15, x15, x12       x15=10000824 x15:0000003c x12:100007e8
12161133ns          194024 1c00814e e607a823 sw               x0, -400(x15)       x15:10000824  PA:10000694
12161153ns          194025 1c008152 00168693 addi             x13, x13, 1         x13=00000010 x13:0000000f
12161192ns          194027 1c008146 00269793 slli             x15, x13, 0x2       x15=00000040 x13:00000010
12161212ns          194028 1c00814a 19010613 addi             x12, x2, 400        x12=100007e8  x2:10000658
12161232ns          194029 1c00814c 00c787b3 add              x15, x15, x12       x15=10000828 x15:00000040 x12:100007e8
12161252ns          194030 1c00814e e607a823 sw               x0, -400(x15)       x15:10000828  PA:10000698
12161272ns          194031 1c008152 00168693 addi             x13, x13, 1         x13=00000011 x13:00000010
12161312ns          194033 1c008146 00269793 slli             x15, x13, 0x2       x15=00000044 x13:00000011
12161332ns          194034 1c00814a 19010613 addi             x12, x2, 400        x12=100007e8  x2:10000658
12161351ns          194035 1c00814c 00c787b3 add              x15, x15, x12       x15=1000082c x15:00000044 x12:100007e8
12161371ns          194036 1c00814e e607a823 sw               x0, -400(x15)       x15:1000082c  PA:1000069c
12161391ns          194037 1c008152 00168693 addi             x13, x13, 1         x13=00000012 x13:00000011
12161431ns          194039 1c008146 00269793 slli             x15, x13, 0x2       x15=00000048 x13:00000012
12161451ns          194040 1c00814a 19010613 addi             x12, x2, 400        x12=100007e8  x2:10000658
12161471ns          194041 1c00814c 00c787b3 add              x15, x15, x12       x15=10000830 x15:00000048 x12:100007e8
12161491ns          194042 1c00814e e607a823 sw               x0, -400(x15)       x15:10000830  PA:100006a0
12161511ns          194043 1c008152 00168693 addi             x13, x13, 1         x13=00000013 x13:00000012
12161550ns          194045 1c008146 00269793 slli             x15, x13, 0x2       x15=0000004c x13:00000013
12161570ns          194046 1c00814a 19010613 addi             x12, x2, 400        x12=100007e8  x2:10000658
12161590ns          194047 1c00814c 00c787b3 add              x15, x15, x12       x15=10000834 x15:0000004c x12:100007e8
12161610ns          194048 1c00814e e607a823 sw               x0, -400(x15)       x15:10000834  PA:100006a4
12161630ns          194049 1c008152 00168693 addi             x13, x13, 1         x13=00000014 x13:00000013
12161670ns          194051 1c008146 00269793 slli             x15, x13, 0x2       x15=00000050 x13:00000014
12161690ns          194052 1c00814a 19010613 addi             x12, x2, 400        x12=100007e8  x2:10000658
12161709ns          194053 1c00814c 00c787b3 add              x15, x15, x12       x15=10000838 x15:00000050 x12:100007e8
12161729ns          194054 1c00814e e607a823 sw               x0, -400(x15)       x15:10000838  PA:100006a8
12161749ns          194055 1c008152 00168693 addi             x13, x13, 1         x13=00000015 x13:00000014
12161789ns          194057 1c008146 00269793 slli             x15, x13, 0x2       x15=00000054 x13:00000015
12161809ns          194058 1c00814a 19010613 addi             x12, x2, 400        x12=100007e8  x2:10000658
12161829ns          194059 1c00814c 00c787b3 add              x15, x15, x12       x15=1000083c x15:00000054 x12:100007e8
12161849ns          194060 1c00814e e607a823 sw               x0, -400(x15)       x15:1000083c  PA:100006ac
12161869ns          194061 1c008152 00168693 addi             x13, x13, 1         x13=00000016 x13:00000015
12161908ns          194063 1c008146 00269793 slli             x15, x13, 0x2       x15=00000058 x13:00000016
12161928ns          194064 1c00814a 19010613 addi             x12, x2, 400        x12=100007e8  x2:10000658
12161948ns          194065 1c00814c 00c787b3 add              x15, x15, x12       x15=10000840 x15:00000058 x12:100007e8
12161968ns          194066 1c00814e e607a823 sw               x0, -400(x15)       x15:10000840  PA:100006b0
12161988ns          194067 1c008152 00168693 addi             x13, x13, 1         x13=00000017 x13:00000016
12162028ns          194069 1c008146 00269793 slli             x15, x13, 0x2       x15=0000005c x13:00000017
12162048ns          194070 1c00814a 19010613 addi             x12, x2, 400        x12=100007e8  x2:10000658
12162068ns          194071 1c00814c 00c787b3 add              x15, x15, x12       x15=10000844 x15:0000005c x12:100007e8
12162087ns          194072 1c00814e e607a823 sw               x0, -400(x15)       x15:10000844  PA:100006b4
12162107ns          194073 1c008152 00168693 addi             x13, x13, 1         x13=00000018 x13:00000017
12162147ns          194075 1c008146 00269793 slli             x15, x13, 0x2       x15=00000060 x13:00000018
12162167ns          194076 1c00814a 19010613 addi             x12, x2, 400        x12=100007e8  x2:10000658
12162187ns          194077 1c00814c 00c787b3 add              x15, x15, x12       x15=10000848 x15:00000060 x12:100007e8
12162207ns          194078 1c00814e e607a823 sw               x0, -400(x15)       x15:10000848  PA:100006b8
12162227ns          194079 1c008152 00168693 addi             x13, x13, 1         x13=00000019 x13:00000018
12162266ns          194081 1c008146 00269793 slli             x15, x13, 0x2       x15=00000064 x13:00000019
12162286ns          194082 1c00814a 19010613 addi             x12, x2, 400        x12=100007e8  x2:10000658
12162306ns          194083 1c00814c 00c787b3 add              x15, x15, x12       x15=1000084c x15:00000064 x12:100007e8
12162326ns          194084 1c00814e e607a823 sw               x0, -400(x15)       x15:1000084c  PA:100006bc
12162346ns          194085 1c008152 00168693 addi             x13, x13, 1         x13=0000001a x13:00000019
12162386ns          194087 1c008146 00269793 slli             x15, x13, 0x2       x15=00000068 x13:0000001a
12162406ns          194088 1c00814a 19010613 addi             x12, x2, 400        x12=100007e8  x2:10000658
12162426ns          194089 1c00814c 00c787b3 add              x15, x15, x12       x15=10000850 x15:00000068 x12:100007e8
12162445ns          194090 1c00814e e607a823 sw               x0, -400(x15)       x15:10000850  PA:100006c0
12162465ns          194091 1c008152 00168693 addi             x13, x13, 1         x13=0000001b x13:0000001a
12162505ns          194093 1c008146 00269793 slli             x15, x13, 0x2       x15=0000006c x13:0000001b
12162525ns          194094 1c00814a 19010613 addi             x12, x2, 400        x12=100007e8  x2:10000658
12162545ns          194095 1c00814c 00c787b3 add              x15, x15, x12       x15=10000854 x15:0000006c x12:100007e8
12162565ns          194096 1c00814e e607a823 sw               x0, -400(x15)       x15:10000854  PA:100006c4
12162585ns          194097 1c008152 00168693 addi             x13, x13, 1         x13=0000001c x13:0000001b
12162624ns          194099 1c008146 00269793 slli             x15, x13, 0x2       x15=00000070 x13:0000001c
12162644ns          194100 1c00814a 19010613 addi             x12, x2, 400        x12=100007e8  x2:10000658
12162664ns          194101 1c00814c 00c787b3 add              x15, x15, x12       x15=10000858 x15:00000070 x12:100007e8
12162684ns          194102 1c00814e e607a823 sw               x0, -400(x15)       x15:10000858  PA:100006c8
12162704ns          194103 1c008152 00168693 addi             x13, x13, 1         x13=0000001d x13:0000001c
12162744ns          194105 1c008146 00269793 slli             x15, x13, 0x2       x15=00000074 x13:0000001d
12162764ns          194106 1c00814a 19010613 addi             x12, x2, 400        x12=100007e8  x2:10000658
12162784ns          194107 1c00814c 00c787b3 add              x15, x15, x12       x15=1000085c x15:00000074 x12:100007e8
12162803ns          194108 1c00814e e607a823 sw               x0, -400(x15)       x15:1000085c  PA:100006cc
12162823ns          194109 1c008152 00168693 addi             x13, x13, 1         x13=0000001e x13:0000001d
12162863ns          194111 1c008146 00269793 slli             x15, x13, 0x2       x15=00000078 x13:0000001e
12162883ns          194112 1c00814a 19010613 addi             x12, x2, 400        x12=100007e8  x2:10000658
12162903ns          194113 1c00814c 00c787b3 add              x15, x15, x12       x15=10000860 x15:00000078 x12:100007e8
12162923ns          194114 1c00814e e607a823 sw               x0, -400(x15)       x15:10000860  PA:100006d0
12162943ns          194115 1c008152 00168693 addi             x13, x13, 1         x13=0000001f x13:0000001e
12162982ns          194117 1c008146 00269793 slli             x15, x13, 0x2       x15=0000007c x13:0000001f
12163002ns          194118 1c00814a 19010613 addi             x12, x2, 400        x12=100007e8  x2:10000658
12163022ns          194119 1c00814c 00c787b3 add              x15, x15, x12       x15=10000864 x15:0000007c x12:100007e8
12163042ns          194120 1c00814e e607a823 sw               x0, -400(x15)       x15:10000864  PA:100006d4
12163062ns          194121 1c008152 00168693 addi             x13, x13, 1         x13=00000020 x13:0000001f
12163102ns          194123 1c008146 00269793 slli             x15, x13, 0x2       x15=00000080 x13:00000020
12163122ns          194124 1c00814a 19010613 addi             x12, x2, 400        x12=100007e8  x2:10000658
12163142ns          194125 1c00814c 00c787b3 add              x15, x15, x12       x15=10000868 x15:00000080 x12:100007e8
12163162ns          194126 1c00814e e607a823 sw               x0, -400(x15)       x15:10000868  PA:100006d8
12163181ns          194127 1c008152 00168693 addi             x13, x13, 1         x13=00000021 x13:00000020
12163221ns          194129 1c008146 00269793 slli             x15, x13, 0x2       x15=00000084 x13:00000021
12163241ns          194130 1c00814a 19010613 addi             x12, x2, 400        x12=100007e8  x2:10000658
12163261ns          194131 1c00814c 00c787b3 add              x15, x15, x12       x15=1000086c x15:00000084 x12:100007e8
12163281ns          194132 1c00814e e607a823 sw               x0, -400(x15)       x15:1000086c  PA:100006dc
12163301ns          194133 1c008152 00168693 addi             x13, x13, 1         x13=00000022 x13:00000021
12163341ns          194135 1c008146 00269793 slli             x15, x13, 0x2       x15=00000088 x13:00000022
12163360ns          194136 1c00814a 19010613 addi             x12, x2, 400        x12=100007e8  x2:10000658
12163380ns          194137 1c00814c 00c787b3 add              x15, x15, x12       x15=10000870 x15:00000088 x12:100007e8
12163400ns          194138 1c00814e e607a823 sw               x0, -400(x15)       x15:10000870  PA:100006e0
12163420ns          194139 1c008152 00168693 addi             x13, x13, 1         x13=00000023 x13:00000022
12163460ns          194141 1c008146 00269793 slli             x15, x13, 0x2       x15=0000008c x13:00000023
12163480ns          194142 1c00814a 19010613 addi             x12, x2, 400        x12=100007e8  x2:10000658
12163500ns          194143 1c00814c 00c787b3 add              x15, x15, x12       x15=10000874 x15:0000008c x12:100007e8
12163520ns          194144 1c00814e e607a823 sw               x0, -400(x15)       x15:10000874  PA:100006e4
12163539ns          194145 1c008152 00168693 addi             x13, x13, 1         x13=00000024 x13:00000023
12163579ns          194147 1c008146 00269793 slli             x15, x13, 0x2       x15=00000090 x13:00000024
12163599ns          194148 1c00814a 19010613 addi             x12, x2, 400        x12=100007e8  x2:10000658
12163619ns          194149 1c00814c 00c787b3 add              x15, x15, x12       x15=10000878 x15:00000090 x12:100007e8
12163639ns          194150 1c00814e e607a823 sw               x0, -400(x15)       x15:10000878  PA:100006e8
12163659ns          194151 1c008152 00168693 addi             x13, x13, 1         x13=00000025 x13:00000024
12163699ns          194153 1c008146 00269793 slli             x15, x13, 0x2       x15=00000094 x13:00000025
12163718ns          194154 1c00814a 19010613 addi             x12, x2, 400        x12=100007e8  x2:10000658
12163738ns          194155 1c00814c 00c787b3 add              x15, x15, x12       x15=1000087c x15:00000094 x12:100007e8
12163758ns          194156 1c00814e e607a823 sw               x0, -400(x15)       x15:1000087c  PA:100006ec
12163778ns          194157 1c008152 00168693 addi             x13, x13, 1         x13=00000026 x13:00000025
12163818ns          194159 1c008146 00269793 slli             x15, x13, 0x2       x15=00000098 x13:00000026
12163838ns          194160 1c00814a 19010613 addi             x12, x2, 400        x12=100007e8  x2:10000658
12163858ns          194161 1c00814c 00c787b3 add              x15, x15, x12       x15=10000880 x15:00000098 x12:100007e8
12163878ns          194162 1c00814e e607a823 sw               x0, -400(x15)       x15:10000880  PA:100006f0
12163897ns          194163 1c008152 00168693 addi             x13, x13, 1         x13=00000027 x13:00000026
12163937ns          194165 1c008146 00269793 slli             x15, x13, 0x2       x15=0000009c x13:00000027
12163957ns          194166 1c00814a 19010613 addi             x12, x2, 400        x12=100007e8  x2:10000658
12163977ns          194167 1c00814c 00c787b3 add              x15, x15, x12       x15=10000884 x15:0000009c x12:100007e8
12163997ns          194168 1c00814e e607a823 sw               x0, -400(x15)       x15:10000884  PA:100006f4
12164017ns          194169 1c008152 00168693 addi             x13, x13, 1         x13=00000028 x13:00000027
12164057ns          194171 1c008146 00269793 slli             x15, x13, 0x2       x15=000000a0 x13:00000028
12164076ns          194172 1c00814a 19010613 addi             x12, x2, 400        x12=100007e8  x2:10000658
12164096ns          194173 1c00814c 00c787b3 add              x15, x15, x12       x15=10000888 x15:000000a0 x12:100007e8
12164116ns          194174 1c00814e e607a823 sw               x0, -400(x15)       x15:10000888  PA:100006f8
12164136ns          194175 1c008152 00168693 addi             x13, x13, 1         x13=00000029 x13:00000028
12164176ns          194177 1c008146 00269793 slli             x15, x13, 0x2       x15=000000a4 x13:00000029
12164196ns          194178 1c00814a 19010613 addi             x12, x2, 400        x12=100007e8  x2:10000658
12164216ns          194179 1c00814c 00c787b3 add              x15, x15, x12       x15=1000088c x15:000000a4 x12:100007e8
12164236ns          194180 1c00814e e607a823 sw               x0, -400(x15)       x15:1000088c  PA:100006fc
12164255ns          194181 1c008152 00168693 addi             x13, x13, 1         x13=0000002a x13:00000029
12164295ns          194183 1c008146 00269793 slli             x15, x13, 0x2       x15=000000a8 x13:0000002a
12164315ns          194184 1c00814a 19010613 addi             x12, x2, 400        x12=100007e8  x2:10000658
12164335ns          194185 1c00814c 00c787b3 add              x15, x15, x12       x15=10000890 x15:000000a8 x12:100007e8
12164355ns          194186 1c00814e e607a823 sw               x0, -400(x15)       x15:10000890  PA:10000700
12164375ns          194187 1c008152 00168693 addi             x13, x13, 1         x13=0000002b x13:0000002a
12164415ns          194189 1c008146 00269793 slli             x15, x13, 0x2       x15=000000ac x13:0000002b
12164435ns          194190 1c00814a 19010613 addi             x12, x2, 400        x12=100007e8  x2:10000658
12164454ns          194191 1c00814c 00c787b3 add              x15, x15, x12       x15=10000894 x15:000000ac x12:100007e8
12164474ns          194192 1c00814e e607a823 sw               x0, -400(x15)       x15:10000894  PA:10000704
12164494ns          194193 1c008152 00168693 addi             x13, x13, 1         x13=0000002c x13:0000002b
12164534ns          194195 1c008146 00269793 slli             x15, x13, 0x2       x15=000000b0 x13:0000002c
12164554ns          194196 1c00814a 19010613 addi             x12, x2, 400        x12=100007e8  x2:10000658
12164574ns          194197 1c00814c 00c787b3 add              x15, x15, x12       x15=10000898 x15:000000b0 x12:100007e8
12164594ns          194198 1c00814e e607a823 sw               x0, -400(x15)       x15:10000898  PA:10000708
12164614ns          194199 1c008152 00168693 addi             x13, x13, 1         x13=0000002d x13:0000002c
12164653ns          194201 1c008146 00269793 slli             x15, x13, 0x2       x15=000000b4 x13:0000002d
12164673ns          194202 1c00814a 19010613 addi             x12, x2, 400        x12=100007e8  x2:10000658
12164693ns          194203 1c00814c 00c787b3 add              x15, x15, x12       x15=1000089c x15:000000b4 x12:100007e8
12164713ns          194204 1c00814e e607a823 sw               x0, -400(x15)       x15:1000089c  PA:1000070c
12164733ns          194205 1c008152 00168693 addi             x13, x13, 1         x13=0000002e x13:0000002d
12164773ns          194207 1c008146 00269793 slli             x15, x13, 0x2       x15=000000b8 x13:0000002e
12164793ns          194208 1c00814a 19010613 addi             x12, x2, 400        x12=100007e8  x2:10000658
12164812ns          194209 1c00814c 00c787b3 add              x15, x15, x12       x15=100008a0 x15:000000b8 x12:100007e8
12164832ns          194210 1c00814e e607a823 sw               x0, -400(x15)       x15:100008a0  PA:10000710
12164852ns          194211 1c008152 00168693 addi             x13, x13, 1         x13=0000002f x13:0000002e
12164892ns          194213 1c008146 00269793 slli             x15, x13, 0x2       x15=000000bc x13:0000002f
12164912ns          194214 1c00814a 19010613 addi             x12, x2, 400        x12=100007e8  x2:10000658
12164932ns          194215 1c00814c 00c787b3 add              x15, x15, x12       x15=100008a4 x15:000000bc x12:100007e8
12164952ns          194216 1c00814e e607a823 sw               x0, -400(x15)       x15:100008a4  PA:10000714
12164972ns          194217 1c008152 00168693 addi             x13, x13, 1         x13=00000030 x13:0000002f
12165011ns          194219 1c008146 00269793 slli             x15, x13, 0x2       x15=000000c0 x13:00000030
12165031ns          194220 1c00814a 19010613 addi             x12, x2, 400        x12=100007e8  x2:10000658
12165051ns          194221 1c00814c 00c787b3 add              x15, x15, x12       x15=100008a8 x15:000000c0 x12:100007e8
12165071ns          194222 1c00814e e607a823 sw               x0, -400(x15)       x15:100008a8  PA:10000718
12165091ns          194223 1c008152 00168693 addi             x13, x13, 1         x13=00000031 x13:00000030
12165131ns          194225 1c008146 00269793 slli             x15, x13, 0x2       x15=000000c4 x13:00000031
12165151ns          194226 1c00814a 19010613 addi             x12, x2, 400        x12=100007e8  x2:10000658
12165170ns          194227 1c00814c 00c787b3 add              x15, x15, x12       x15=100008ac x15:000000c4 x12:100007e8
12165190ns          194228 1c00814e e607a823 sw               x0, -400(x15)       x15:100008ac  PA:1000071c
12165210ns          194229 1c008152 00168693 addi             x13, x13, 1         x13=00000032 x13:00000031
12165250ns          194231 1c008146 00269793 slli             x15, x13, 0x2       x15=000000c8 x13:00000032
12165270ns          194232 1c00814a 19010613 addi             x12, x2, 400        x12=100007e8  x2:10000658
12165290ns          194233 1c00814c 00c787b3 add              x15, x15, x12       x15=100008b0 x15:000000c8 x12:100007e8
12165310ns          194234 1c00814e e607a823 sw               x0, -400(x15)       x15:100008b0  PA:10000720
12165330ns          194235 1c008152 00168693 addi             x13, x13, 1         x13=00000033 x13:00000032
12165369ns          194237 1c008146 00269793 slli             x15, x13, 0x2       x15=000000cc x13:00000033
12165389ns          194238 1c00814a 19010613 addi             x12, x2, 400        x12=100007e8  x2:10000658
12165409ns          194239 1c00814c 00c787b3 add              x15, x15, x12       x15=100008b4 x15:000000cc x12:100007e8
12165429ns          194240 1c00814e e607a823 sw               x0, -400(x15)       x15:100008b4  PA:10000724
12165449ns          194241 1c008152 00168693 addi             x13, x13, 1         x13=00000034 x13:00000033
12165489ns          194243 1c008146 00269793 slli             x15, x13, 0x2       x15=000000d0 x13:00000034
12165509ns          194244 1c00814a 19010613 addi             x12, x2, 400        x12=100007e8  x2:10000658
12165529ns          194245 1c00814c 00c787b3 add              x15, x15, x12       x15=100008b8 x15:000000d0 x12:100007e8
12165548ns          194246 1c00814e e607a823 sw               x0, -400(x15)       x15:100008b8  PA:10000728
12165568ns          194247 1c008152 00168693 addi             x13, x13, 1         x13=00000035 x13:00000034
12165608ns          194249 1c008146 00269793 slli             x15, x13, 0x2       x15=000000d4 x13:00000035
12165628ns          194250 1c00814a 19010613 addi             x12, x2, 400        x12=100007e8  x2:10000658
12165648ns          194251 1c00814c 00c787b3 add              x15, x15, x12       x15=100008bc x15:000000d4 x12:100007e8
12165668ns          194252 1c00814e e607a823 sw               x0, -400(x15)       x15:100008bc  PA:1000072c
12165688ns          194253 1c008152 00168693 addi             x13, x13, 1         x13=00000036 x13:00000035
12165727ns          194255 1c008146 00269793 slli             x15, x13, 0x2       x15=000000d8 x13:00000036
12165747ns          194256 1c00814a 19010613 addi             x12, x2, 400        x12=100007e8  x2:10000658
12165767ns          194257 1c00814c 00c787b3 add              x15, x15, x12       x15=100008c0 x15:000000d8 x12:100007e8
12165787ns          194258 1c00814e e607a823 sw               x0, -400(x15)       x15:100008c0  PA:10000730
12165807ns          194259 1c008152 00168693 addi             x13, x13, 1         x13=00000037 x13:00000036
12165847ns          194261 1c008146 00269793 slli             x15, x13, 0x2       x15=000000dc x13:00000037
12165867ns          194262 1c00814a 19010613 addi             x12, x2, 400        x12=100007e8  x2:10000658
12165887ns          194263 1c00814c 00c787b3 add              x15, x15, x12       x15=100008c4 x15:000000dc x12:100007e8
12165906ns          194264 1c00814e e607a823 sw               x0, -400(x15)       x15:100008c4  PA:10000734
12165926ns          194265 1c008152 00168693 addi             x13, x13, 1         x13=00000038 x13:00000037
12165966ns          194267 1c008146 00269793 slli             x15, x13, 0x2       x15=000000e0 x13:00000038
12165986ns          194268 1c00814a 19010613 addi             x12, x2, 400        x12=100007e8  x2:10000658
12166006ns          194269 1c00814c 00c787b3 add              x15, x15, x12       x15=100008c8 x15:000000e0 x12:100007e8
12166026ns          194270 1c00814e e607a823 sw               x0, -400(x15)       x15:100008c8  PA:10000738
12166046ns          194271 1c008152 00168693 addi             x13, x13, 1         x13=00000039 x13:00000038
12166085ns          194273 1c008146 00269793 slli             x15, x13, 0x2       x15=000000e4 x13:00000039
12166105ns          194274 1c00814a 19010613 addi             x12, x2, 400        x12=100007e8  x2:10000658
12166125ns          194275 1c00814c 00c787b3 add              x15, x15, x12       x15=100008cc x15:000000e4 x12:100007e8
12166145ns          194276 1c00814e e607a823 sw               x0, -400(x15)       x15:100008cc  PA:1000073c
12166165ns          194277 1c008152 00168693 addi             x13, x13, 1         x13=0000003a x13:00000039
12166205ns          194279 1c008146 00269793 slli             x15, x13, 0x2       x15=000000e8 x13:0000003a
12166225ns          194280 1c00814a 19010613 addi             x12, x2, 400        x12=100007e8  x2:10000658
12166245ns          194281 1c00814c 00c787b3 add              x15, x15, x12       x15=100008d0 x15:000000e8 x12:100007e8
12166264ns          194282 1c00814e e607a823 sw               x0, -400(x15)       x15:100008d0  PA:10000740
12166284ns          194283 1c008152 00168693 addi             x13, x13, 1         x13=0000003b x13:0000003a
12166324ns          194285 1c008146 00269793 slli             x15, x13, 0x2       x15=000000ec x13:0000003b
12166344ns          194286 1c00814a 19010613 addi             x12, x2, 400        x12=100007e8  x2:10000658
12166364ns          194287 1c00814c 00c787b3 add              x15, x15, x12       x15=100008d4 x15:000000ec x12:100007e8
12166384ns          194288 1c00814e e607a823 sw               x0, -400(x15)       x15:100008d4  PA:10000744
12166404ns          194289 1c008152 00168693 addi             x13, x13, 1         x13=0000003c x13:0000003b
12166443ns          194291 1c008146 00269793 slli             x15, x13, 0x2       x15=000000f0 x13:0000003c
12166463ns          194292 1c00814a 19010613 addi             x12, x2, 400        x12=100007e8  x2:10000658
12166483ns          194293 1c00814c 00c787b3 add              x15, x15, x12       x15=100008d8 x15:000000f0 x12:100007e8
12166503ns          194294 1c00814e e607a823 sw               x0, -400(x15)       x15:100008d8  PA:10000748
12166523ns          194295 1c008152 00168693 addi             x13, x13, 1         x13=0000003d x13:0000003c
12166563ns          194297 1c008146 00269793 slli             x15, x13, 0x2       x15=000000f4 x13:0000003d
12166583ns          194298 1c00814a 19010613 addi             x12, x2, 400        x12=100007e8  x2:10000658
12166603ns          194299 1c00814c 00c787b3 add              x15, x15, x12       x15=100008dc x15:000000f4 x12:100007e8
12166622ns          194300 1c00814e e607a823 sw               x0, -400(x15)       x15:100008dc  PA:1000074c
12166642ns          194301 1c008152 00168693 addi             x13, x13, 1         x13=0000003e x13:0000003d
12166682ns          194303 1c008146 00269793 slli             x15, x13, 0x2       x15=000000f8 x13:0000003e
12166702ns          194304 1c00814a 19010613 addi             x12, x2, 400        x12=100007e8  x2:10000658
12166722ns          194305 1c00814c 00c787b3 add              x15, x15, x12       x15=100008e0 x15:000000f8 x12:100007e8
12166742ns          194306 1c00814e e607a823 sw               x0, -400(x15)       x15:100008e0  PA:10000750
12166762ns          194307 1c008152 00168693 addi             x13, x13, 1         x13=0000003f x13:0000003e
12166802ns          194309 1c008146 00269793 slli             x15, x13, 0x2       x15=000000fc x13:0000003f
12166821ns          194310 1c00814a 19010613 addi             x12, x2, 400        x12=100007e8  x2:10000658
12166841ns          194311 1c00814c 00c787b3 add              x15, x15, x12       x15=100008e4 x15:000000fc x12:100007e8
12166861ns          194312 1c00814e e607a823 sw               x0, -400(x15)       x15:100008e4  PA:10000754
12166881ns          194313 1c008152 00168693 addi             x13, x13, 1         x13=00000040 x13:0000003f
12166921ns          194315 1c008146 00269793 slli             x15, x13, 0x2       x15=00000100 x13:00000040
12166941ns          194316 1c00814a 19010613 addi             x12, x2, 400        x12=100007e8  x2:10000658
12166961ns          194317 1c00814c 00c787b3 add              x15, x15, x12       x15=100008e8 x15:00000100 x12:100007e8
12166981ns          194318 1c00814e e607a823 sw               x0, -400(x15)       x15:100008e8  PA:10000758
12167000ns          194319 1c008152 00168693 addi             x13, x13, 1         x13=00000041 x13:00000040
12167040ns          194321 1c008146 00269793 slli             x15, x13, 0x2       x15=00000104 x13:00000041
12167060ns          194322 1c00814a 19010613 addi             x12, x2, 400        x12=100007e8  x2:10000658
12167080ns          194323 1c00814c 00c787b3 add              x15, x15, x12       x15=100008ec x15:00000104 x12:100007e8
12167100ns          194324 1c00814e e607a823 sw               x0, -400(x15)       x15:100008ec  PA:1000075c
12167120ns          194325 1c008152 00168693 addi             x13, x13, 1         x13=00000042 x13:00000041
12167160ns          194327 1c008146 00269793 slli             x15, x13, 0x2       x15=00000108 x13:00000042
12167179ns          194328 1c00814a 19010613 addi             x12, x2, 400        x12=100007e8  x2:10000658
12167199ns          194329 1c00814c 00c787b3 add              x15, x15, x12       x15=100008f0 x15:00000108 x12:100007e8
12167219ns          194330 1c00814e e607a823 sw               x0, -400(x15)       x15:100008f0  PA:10000760
12167239ns          194331 1c008152 00168693 addi             x13, x13, 1         x13=00000043 x13:00000042
12167279ns          194333 1c008146 00269793 slli             x15, x13, 0x2       x15=0000010c x13:00000043
12167299ns          194334 1c00814a 19010613 addi             x12, x2, 400        x12=100007e8  x2:10000658
12167319ns          194335 1c00814c 00c787b3 add              x15, x15, x12       x15=100008f4 x15:0000010c x12:100007e8
12167339ns          194336 1c00814e e607a823 sw               x0, -400(x15)       x15:100008f4  PA:10000764
12167358ns          194337 1c008152 00168693 addi             x13, x13, 1         x13=00000044 x13:00000043
12167398ns          194339 1c008146 00269793 slli             x15, x13, 0x2       x15=00000110 x13:00000044
12167418ns          194340 1c00814a 19010613 addi             x12, x2, 400        x12=100007e8  x2:10000658
12167438ns          194341 1c00814c 00c787b3 add              x15, x15, x12       x15=100008f8 x15:00000110 x12:100007e8
12167458ns          194342 1c00814e e607a823 sw               x0, -400(x15)       x15:100008f8  PA:10000768
12167478ns          194343 1c008152 00168693 addi             x13, x13, 1         x13=00000045 x13:00000044
12167518ns          194345 1c008146 00269793 slli             x15, x13, 0x2       x15=00000114 x13:00000045
12167537ns          194346 1c00814a 19010613 addi             x12, x2, 400        x12=100007e8  x2:10000658
12167557ns          194347 1c00814c 00c787b3 add              x15, x15, x12       x15=100008fc x15:00000114 x12:100007e8
12167577ns          194348 1c00814e e607a823 sw               x0, -400(x15)       x15:100008fc  PA:1000076c
12167597ns          194349 1c008152 00168693 addi             x13, x13, 1         x13=00000046 x13:00000045
12167637ns          194351 1c008146 00269793 slli             x15, x13, 0x2       x15=00000118 x13:00000046
12167657ns          194352 1c00814a 19010613 addi             x12, x2, 400        x12=100007e8  x2:10000658
12167677ns          194353 1c00814c 00c787b3 add              x15, x15, x12       x15=10000900 x15:00000118 x12:100007e8
12167697ns          194354 1c00814e e607a823 sw               x0, -400(x15)       x15:10000900  PA:10000770
12167716ns          194355 1c008152 00168693 addi             x13, x13, 1         x13=00000047 x13:00000046
12167756ns          194357 1c008146 00269793 slli             x15, x13, 0x2       x15=0000011c x13:00000047
12167776ns          194358 1c00814a 19010613 addi             x12, x2, 400        x12=100007e8  x2:10000658
12167796ns          194359 1c00814c 00c787b3 add              x15, x15, x12       x15=10000904 x15:0000011c x12:100007e8
12167816ns          194360 1c00814e e607a823 sw               x0, -400(x15)       x15:10000904  PA:10000774
12167836ns          194361 1c008152 00168693 addi             x13, x13, 1         x13=00000048 x13:00000047
12167876ns          194363 1c008146 00269793 slli             x15, x13, 0x2       x15=00000120 x13:00000048
12167896ns          194364 1c00814a 19010613 addi             x12, x2, 400        x12=100007e8  x2:10000658
12167915ns          194365 1c00814c 00c787b3 add              x15, x15, x12       x15=10000908 x15:00000120 x12:100007e8
12167935ns          194366 1c00814e e607a823 sw               x0, -400(x15)       x15:10000908  PA:10000778
12167955ns          194367 1c008152 00168693 addi             x13, x13, 1         x13=00000049 x13:00000048
12167995ns          194369 1c008146 00269793 slli             x15, x13, 0x2       x15=00000124 x13:00000049
12168015ns          194370 1c00814a 19010613 addi             x12, x2, 400        x12=100007e8  x2:10000658
12168035ns          194371 1c00814c 00c787b3 add              x15, x15, x12       x15=1000090c x15:00000124 x12:100007e8
12168055ns          194372 1c00814e e607a823 sw               x0, -400(x15)       x15:1000090c  PA:1000077c
12168075ns          194373 1c008152 00168693 addi             x13, x13, 1         x13=0000004a x13:00000049
12168114ns          194375 1c008146 00269793 slli             x15, x13, 0x2       x15=00000128 x13:0000004a
12168134ns          194376 1c00814a 19010613 addi             x12, x2, 400        x12=100007e8  x2:10000658
12168154ns          194377 1c00814c 00c787b3 add              x15, x15, x12       x15=10000910 x15:00000128 x12:100007e8
12168174ns          194378 1c00814e e607a823 sw               x0, -400(x15)       x15:10000910  PA:10000780
12168194ns          194379 1c008152 00168693 addi             x13, x13, 1         x13=0000004b x13:0000004a
12168234ns          194381 1c008146 00269793 slli             x15, x13, 0x2       x15=0000012c x13:0000004b
12168254ns          194382 1c00814a 19010613 addi             x12, x2, 400        x12=100007e8  x2:10000658
12168273ns          194383 1c00814c 00c787b3 add              x15, x15, x12       x15=10000914 x15:0000012c x12:100007e8
12168293ns          194384 1c00814e e607a823 sw               x0, -400(x15)       x15:10000914  PA:10000784
12168313ns          194385 1c008152 00168693 addi             x13, x13, 1         x13=0000004c x13:0000004b
12168353ns          194387 1c008146 00269793 slli             x15, x13, 0x2       x15=00000130 x13:0000004c
12168373ns          194388 1c00814a 19010613 addi             x12, x2, 400        x12=100007e8  x2:10000658
12168393ns          194389 1c00814c 00c787b3 add              x15, x15, x12       x15=10000918 x15:00000130 x12:100007e8
12168413ns          194390 1c00814e e607a823 sw               x0, -400(x15)       x15:10000918  PA:10000788
12168433ns          194391 1c008152 00168693 addi             x13, x13, 1         x13=0000004d x13:0000004c
12168472ns          194393 1c008146 00269793 slli             x15, x13, 0x2       x15=00000134 x13:0000004d
12168492ns          194394 1c00814a 19010613 addi             x12, x2, 400        x12=100007e8  x2:10000658
12168512ns          194395 1c00814c 00c787b3 add              x15, x15, x12       x15=1000091c x15:00000134 x12:100007e8
12168532ns          194396 1c00814e e607a823 sw               x0, -400(x15)       x15:1000091c  PA:1000078c
12168552ns          194397 1c008152 00168693 addi             x13, x13, 1         x13=0000004e x13:0000004d
12168592ns          194399 1c008146 00269793 slli             x15, x13, 0x2       x15=00000138 x13:0000004e
12168612ns          194400 1c00814a 19010613 addi             x12, x2, 400        x12=100007e8  x2:10000658
12168631ns          194401 1c00814c 00c787b3 add              x15, x15, x12       x15=10000920 x15:00000138 x12:100007e8
12168651ns          194402 1c00814e e607a823 sw               x0, -400(x15)       x15:10000920  PA:10000790
12168671ns          194403 1c008152 00168693 addi             x13, x13, 1         x13=0000004f x13:0000004e
12168711ns          194405 1c008146 00269793 slli             x15, x13, 0x2       x15=0000013c x13:0000004f
12168731ns          194406 1c00814a 19010613 addi             x12, x2, 400        x12=100007e8  x2:10000658
12168751ns          194407 1c00814c 00c787b3 add              x15, x15, x12       x15=10000924 x15:0000013c x12:100007e8
12168771ns          194408 1c00814e e607a823 sw               x0, -400(x15)       x15:10000924  PA:10000794
12168791ns          194409 1c008152 00168693 addi             x13, x13, 1         x13=00000050 x13:0000004f
12168830ns          194411 1c008146 00269793 slli             x15, x13, 0x2       x15=00000140 x13:00000050
12168850ns          194412 1c00814a 19010613 addi             x12, x2, 400        x12=100007e8  x2:10000658
12168870ns          194413 1c00814c 00c787b3 add              x15, x15, x12       x15=10000928 x15:00000140 x12:100007e8
12168890ns          194414 1c00814e e607a823 sw               x0, -400(x15)       x15:10000928  PA:10000798
12168910ns          194415 1c008152 00168693 addi             x13, x13, 1         x13=00000051 x13:00000050
12168950ns          194417 1c008146 00269793 slli             x15, x13, 0x2       x15=00000144 x13:00000051
12168970ns          194418 1c00814a 19010613 addi             x12, x2, 400        x12=100007e8  x2:10000658
12168989ns          194419 1c00814c 00c787b3 add              x15, x15, x12       x15=1000092c x15:00000144 x12:100007e8
12169009ns          194420 1c00814e e607a823 sw               x0, -400(x15)       x15:1000092c  PA:1000079c
12169029ns          194421 1c008152 00168693 addi             x13, x13, 1         x13=00000052 x13:00000051
12169069ns          194423 1c008146 00269793 slli             x15, x13, 0x2       x15=00000148 x13:00000052
12169089ns          194424 1c00814a 19010613 addi             x12, x2, 400        x12=100007e8  x2:10000658
12169109ns          194425 1c00814c 00c787b3 add              x15, x15, x12       x15=10000930 x15:00000148 x12:100007e8
12169129ns          194426 1c00814e e607a823 sw               x0, -400(x15)       x15:10000930  PA:100007a0
12169149ns          194427 1c008152 00168693 addi             x13, x13, 1         x13=00000053 x13:00000052
12169188ns          194429 1c008146 00269793 slli             x15, x13, 0x2       x15=0000014c x13:00000053
12169208ns          194430 1c00814a 19010613 addi             x12, x2, 400        x12=100007e8  x2:10000658
12169228ns          194431 1c00814c 00c787b3 add              x15, x15, x12       x15=10000934 x15:0000014c x12:100007e8
12169248ns          194432 1c00814e e607a823 sw               x0, -400(x15)       x15:10000934  PA:100007a4
12169268ns          194433 1c008152 00168693 addi             x13, x13, 1         x13=00000054 x13:00000053
12169308ns          194435 1c008146 00269793 slli             x15, x13, 0x2       x15=00000150 x13:00000054
12169328ns          194436 1c00814a 19010613 addi             x12, x2, 400        x12=100007e8  x2:10000658
12169348ns          194437 1c00814c 00c787b3 add              x15, x15, x12       x15=10000938 x15:00000150 x12:100007e8
12169367ns          194438 1c00814e e607a823 sw               x0, -400(x15)       x15:10000938  PA:100007a8
12169387ns          194439 1c008152 00168693 addi             x13, x13, 1         x13=00000055 x13:00000054
12169427ns          194441 1c008146 00269793 slli             x15, x13, 0x2       x15=00000154 x13:00000055
12169447ns          194442 1c00814a 19010613 addi             x12, x2, 400        x12=100007e8  x2:10000658
12169467ns          194443 1c00814c 00c787b3 add              x15, x15, x12       x15=1000093c x15:00000154 x12:100007e8
12169487ns          194444 1c00814e e607a823 sw               x0, -400(x15)       x15:1000093c  PA:100007ac
12169507ns          194445 1c008152 00168693 addi             x13, x13, 1         x13=00000056 x13:00000055
12169546ns          194447 1c008146 00269793 slli             x15, x13, 0x2       x15=00000158 x13:00000056
12169566ns          194448 1c00814a 19010613 addi             x12, x2, 400        x12=100007e8  x2:10000658
12169586ns          194449 1c00814c 00c787b3 add              x15, x15, x12       x15=10000940 x15:00000158 x12:100007e8
12169606ns          194450 1c00814e e607a823 sw               x0, -400(x15)       x15:10000940  PA:100007b0
12169626ns          194451 1c008152 00168693 addi             x13, x13, 1         x13=00000057 x13:00000056
12169666ns          194453 1c008146 00269793 slli             x15, x13, 0x2       x15=0000015c x13:00000057
12169686ns          194454 1c00814a 19010613 addi             x12, x2, 400        x12=100007e8  x2:10000658
12169706ns          194455 1c00814c 00c787b3 add              x15, x15, x12       x15=10000944 x15:0000015c x12:100007e8
12169725ns          194456 1c00814e e607a823 sw               x0, -400(x15)       x15:10000944  PA:100007b4
12169745ns          194457 1c008152 00168693 addi             x13, x13, 1         x13=00000058 x13:00000057
12169785ns          194459 1c008146 00269793 slli             x15, x13, 0x2       x15=00000160 x13:00000058
12169805ns          194460 1c00814a 19010613 addi             x12, x2, 400        x12=100007e8  x2:10000658
12169825ns          194461 1c00814c 00c787b3 add              x15, x15, x12       x15=10000948 x15:00000160 x12:100007e8
12169845ns          194462 1c00814e e607a823 sw               x0, -400(x15)       x15:10000948  PA:100007b8
12169865ns          194463 1c008152 00168693 addi             x13, x13, 1         x13=00000059 x13:00000058
12169904ns          194465 1c008146 00269793 slli             x15, x13, 0x2       x15=00000164 x13:00000059
12169924ns          194466 1c00814a 19010613 addi             x12, x2, 400        x12=100007e8  x2:10000658
12169944ns          194467 1c00814c 00c787b3 add              x15, x15, x12       x15=1000094c x15:00000164 x12:100007e8
12169964ns          194468 1c00814e e607a823 sw               x0, -400(x15)       x15:1000094c  PA:100007bc
12169984ns          194469 1c008152 00168693 addi             x13, x13, 1         x13=0000005a x13:00000059
12170024ns          194471 1c008146 00269793 slli             x15, x13, 0x2       x15=00000168 x13:0000005a
12170044ns          194472 1c00814a 19010613 addi             x12, x2, 400        x12=100007e8  x2:10000658
12170064ns          194473 1c00814c 00c787b3 add              x15, x15, x12       x15=10000950 x15:00000168 x12:100007e8
12170083ns          194474 1c00814e e607a823 sw               x0, -400(x15)       x15:10000950  PA:100007c0
12170103ns          194475 1c008152 00168693 addi             x13, x13, 1         x13=0000005b x13:0000005a
12170143ns          194477 1c008146 00269793 slli             x15, x13, 0x2       x15=0000016c x13:0000005b
12170163ns          194478 1c00814a 19010613 addi             x12, x2, 400        x12=100007e8  x2:10000658
12170183ns          194479 1c00814c 00c787b3 add              x15, x15, x12       x15=10000954 x15:0000016c x12:100007e8
12170203ns          194480 1c00814e e607a823 sw               x0, -400(x15)       x15:10000954  PA:100007c4
12170223ns          194481 1c008152 00168693 addi             x13, x13, 1         x13=0000005c x13:0000005b
12170263ns          194483 1c008146 00269793 slli             x15, x13, 0x2       x15=00000170 x13:0000005c
12170282ns          194484 1c00814a 19010613 addi             x12, x2, 400        x12=100007e8  x2:10000658
12170302ns          194485 1c00814c 00c787b3 add              x15, x15, x12       x15=10000958 x15:00000170 x12:100007e8
12170322ns          194486 1c00814e e607a823 sw               x0, -400(x15)       x15:10000958  PA:100007c8
12170342ns          194487 1c008152 00168693 addi             x13, x13, 1         x13=0000005d x13:0000005c
12170382ns          194489 1c008146 00269793 slli             x15, x13, 0x2       x15=00000174 x13:0000005d
12170402ns          194490 1c00814a 19010613 addi             x12, x2, 400        x12=100007e8  x2:10000658
12170422ns          194491 1c00814c 00c787b3 add              x15, x15, x12       x15=1000095c x15:00000174 x12:100007e8
12170442ns          194492 1c00814e e607a823 sw               x0, -400(x15)       x15:1000095c  PA:100007cc
12170461ns          194493 1c008152 00168693 addi             x13, x13, 1         x13=0000005e x13:0000005d
12170501ns          194495 1c008146 00269793 slli             x15, x13, 0x2       x15=00000178 x13:0000005e
12170521ns          194496 1c00814a 19010613 addi             x12, x2, 400        x12=100007e8  x2:10000658
12170541ns          194497 1c00814c 00c787b3 add              x15, x15, x12       x15=10000960 x15:00000178 x12:100007e8
12170561ns          194498 1c00814e e607a823 sw               x0, -400(x15)       x15:10000960  PA:100007d0
12170581ns          194499 1c008152 00168693 addi             x13, x13, 1         x13=0000005f x13:0000005e
12170621ns          194501 1c008146 00269793 slli             x15, x13, 0x2       x15=0000017c x13:0000005f
12170640ns          194502 1c00814a 19010613 addi             x12, x2, 400        x12=100007e8  x2:10000658
12170660ns          194503 1c00814c 00c787b3 add              x15, x15, x12       x15=10000964 x15:0000017c x12:100007e8
12170680ns          194504 1c00814e e607a823 sw               x0, -400(x15)       x15:10000964  PA:100007d4
12170700ns          194505 1c008152 00168693 addi             x13, x13, 1         x13=00000060 x13:0000005f
12170740ns          194507 1c008146 00269793 slli             x15, x13, 0x2       x15=00000180 x13:00000060
12170760ns          194508 1c00814a 19010613 addi             x12, x2, 400        x12=100007e8  x2:10000658
12170780ns          194509 1c00814c 00c787b3 add              x15, x15, x12       x15=10000968 x15:00000180 x12:100007e8
12170800ns          194510 1c00814e e607a823 sw               x0, -400(x15)       x15:10000968  PA:100007d8
12170819ns          194511 1c008152 00168693 addi             x13, x13, 1         x13=00000061 x13:00000060
12170859ns          194513 1c008146 00269793 slli             x15, x13, 0x2       x15=00000184 x13:00000061
12170879ns          194514 1c00814a 19010613 addi             x12, x2, 400        x12=100007e8  x2:10000658
12170899ns          194515 1c00814c 00c787b3 add              x15, x15, x12       x15=1000096c x15:00000184 x12:100007e8
12170919ns          194516 1c00814e e607a823 sw               x0, -400(x15)       x15:1000096c  PA:100007dc
12170939ns          194517 1c008152 00168693 addi             x13, x13, 1         x13=00000062 x13:00000061
12170979ns          194519 1c008146 00269793 slli             x15, x13, 0x2       x15=00000188 x13:00000062
12170998ns          194520 1c00814a 19010613 addi             x12, x2, 400        x12=100007e8  x2:10000658
12171018ns          194521 1c00814c 00c787b3 add              x15, x15, x12       x15=10000970 x15:00000188 x12:100007e8
12171038ns          194522 1c00814e e607a823 sw               x0, -400(x15)       x15:10000970  PA:100007e0
12171058ns          194523 1c008152 00168693 addi             x13, x13, 1         x13=00000063 x13:00000062
12171098ns          194525 1c008146 00269793 slli             x15, x13, 0x2       x15=0000018c x13:00000063
12171118ns          194526 1c00814a 19010613 addi             x12, x2, 400        x12=100007e8  x2:10000658
12171138ns          194527 1c00814c 00c787b3 add              x15, x15, x12       x15=10000974 x15:0000018c x12:100007e8
12171158ns          194528 1c00814e e607a823 sw               x0, -400(x15)       x15:10000974  PA:100007e4
12171177ns          194529 1c008152 00168693 addi             x13, x13, 1         x13=00000064 x13:00000063
12171197ns          194530 1c008154 19010113 addi             x2, x2, 400          x2=100007e8  x2:10000658
12171217ns          194531 1c008156 00008067 jalr             x0, x1, 0            x1:1c00816e
12171257ns          194533 1c00816e 00040c63 beq              x8, x0, 24           x8:00000000
12171754ns          194558 1c008186 00812403 lw               x8, 8(x2)            x8=xxxxxxxx  x2:100007e8  PA:100007f0
12171794ns          194560 1c008188 00c12083 lw               x1, 12(x2)           x1=1c009c16  x2:100007e8  PA:100007f4
12171814ns          194561 1c00818a 1c001537 lui              x10, 0x1c001000     x10=1c001000
12172252ns          194583 1c00818e 95050513 addi             x10, x10, -1712     x10=1c000950 x10:1c001000
12172271ns          194584 1c008192 01010113 addi             x2, x2, 16           x2=100007f8  x2:100007e8
12172291ns          194585 1c008194 0dd0106f jal              x0, 6364           
12172848ns          194613 1c009a70 fb010113 addi             x2, x2, -80          x2=100007a8  x2:100007f8
12172868ns          194614 1c009a72 00052783 lw               x15, 0(x10)         x15=1c0000b8 x10:1c000950  PA:1c000950
12173167ns          194629 1c009a74 04112623 sw               x1, 76(x2)           x1:1c009c16  x2:100007a8  PA:100007f4
12173186ns          194630 1c009a76 04812423 sw               x8, 72(x2)           x8:xxxxxxxx  x2:100007a8  PA:100007f0
12173206ns          194631 1c009a78 04912223 sw               x9, 68(x2)           x9:xxxxxxxx  x2:100007a8  PA:100007ec
12173226ns          194632 1c009a7a 05212023 sw               x18, 64(x2)         x18:xxxxxxxx  x2:100007a8  PA:100007e8
12173246ns          194633 1c009a7c 03312e23 sw               x19, 60(x2)         x19:xxxxxxxx  x2:100007a8  PA:100007e4
12173266ns          194634 1c009a7e 03412c23 sw               x20, 56(x2)         x20:xxxxxxxx  x2:100007a8  PA:100007e0
12173445ns          194643 1c009a80 03512a23 sw               x21, 52(x2)         x21:xxxxxxxx  x2:100007a8  PA:100007dc
12173465ns          194644 1c009a82 03612823 sw               x22, 48(x2)         x22:xxxxxxxx  x2:100007a8  PA:100007d8
12173485ns          194645 1c009a84 03712623 sw               x23, 44(x2)         x23:xxxxxxxx  x2:100007a8  PA:100007d4
12173505ns          194646 1c009a86 03812423 sw               x24, 40(x2)         x24:xxxxxxxx  x2:100007a8  PA:100007d0
12173525ns          194647 1c009a88 03912223 sw               x25, 36(x2)         x25:xxxxxxxx  x2:100007a8  PA:100007cc
12173544ns          194648 1c009a8a 03a12023 sw               x26, 32(x2)         x26:xxxxxxxx  x2:100007a8  PA:100007c8
12173564ns          194649 1c009a8c 01b12e23 sw               x27, 28(x2)         x27:xxxxxxxx  x2:100007a8  PA:100007c4
12173962ns          194669 1c009a8e 10078763 beq              x15, x0, 270        x15:1c0000b8
12174002ns          194671 1c009a92 00850713 addi             x14, x10, 8         x14=1c000958 x10:1c000950
12174022ns          194672 1c009a96 00000413 addi             x8, x0, 0            x8=00000000
12174042ns          194673 1c009a98 0087268b p.lw             x13, 8(x14!)        x13=00000000 x14=1c000960 x14:1c000958  PA:1c000958
12174499ns          194696 1c009a9c 00140413 addi             x8, x8, 1            x8=00000001  x8:00000000
12174519ns          194697 1c009a9e fe069de3 bne              x13, x0, -6         x13:00000000
12174539ns          194698 1c009aa0 00450d93 addi             x27, x10, 4         x27=1c000954 x10:1c000950
12174559ns          194699 1c009aa4 00341413 slli             x8, x8, 0x3          x8=00000008  x8:00000001
12174579ns          194700 1c009aa6 1c001a37 lui              x20, 0x1c001000     x20=1c001000
12174599ns          194701 1c009aaa 1a10b937 lui              x18, 0x1a10b000     x18=1a10b000
12175016ns          194722 1c009aae f14029f3 csrrs            x19, x0, 0xf14      x19=00000000
12175036ns          194723 1c009ab2 01b40433 add              x8, x8, x27          x8=1c00095c  x8:00000008 x27:1c000954
12175056ns          194724 1c009ab4 00000493 addi             x9, x0, 0            x9=00000000
12175076ns          194725 1c009ab6 1c00ab37 lui              x22, 0x1c00a000     x22=1c00a000
12175096ns          194726 1c009aba 1c00aab7 lui              x21, 0x1c00a000     x21=1c00a000
12175534ns          194748 1c009abe 960a0a13 addi             x20, x20, -1696     x20=1c000960 x20:1c001000
12175573ns          194750 1c009ac2 f459b9b3 p.bclr           x19, x19, 26, 5     x19=00000000 x19:00000000
12175593ns          194751 1c009ac6 00490913 addi             x18, x18, 4         x18=1a10b004 x18:1a10b000
12175613ns          194752 1c009ac8 1c000d37 lui              x26, 0x1c000000     x26=1c000000
12175633ns          194753 1c009acc 1c000cb7 lui              x25, 0x1c000000     x25=1c000000
12176051ns          194774 1c009ad0 1c000c37 lui              x24, 0x1c000000     x24=1c000000
12176090ns          194776 1c009ad4 1c000bb7 lui              x23, 0x1c000000     x23=1c000000
12176110ns          194777 1c009ad8 00c0006f jal              x0, 12             
12176568ns          194800 1c009ae4 00012623 sw               x0, 12(x2)           x2:100007a8  PA:100007b4
12176608ns          194802 1c009ae6 00099763 bne              x19, x0, 14         x19:00000000
12176628ns          194803 1c009aea 00092023 sw               x0, 0(x18)          x18:1a10b004  PA:1a10b004
12176966ns          194820 1c009aee 00100713 addi             x14, x0, 1          x14=00000001
12177085ns          194826 1c009af0 02e92023 sw               x14, 32(x18)        x14:00000001 x18:1a10b004  PA:1a10b024
12177423ns          194843 1c009af4 000da703 lw               x14, 0(x27)         x14=1c008198 x27:1c000954  PA:1c000954
12177722ns          194858 1c009af8 a5ab0613 addi             x12, x22, -1446     x12=1c009a5a x22:1c00a000
12177741ns          194859 1c009afc a42a8593 addi             x11, x21, -1470     x11=1c009a42 x21:1c00a000
12177761ns          194860 1c009b00 00810513 addi             x10, x2, 8          x10=100007b0  x2:100007a8
12177781ns          194861 1c009b02 000700e7 jalr             x1, x14, 0           x1=1c009b04 x14:1c008198
12177821ns          194863 1c008198 fe010113 addi             x2, x2, -32          x2=10000788  x2:100007a8
12177841ns          194864 1c00819a 00812c23 sw               x8, 24(x2)           x8:1c00095c  x2:10000788  PA:100007a0
12177861ns          194865 1c00819c 00112e23 sw               x1, 28(x2)           x1:1c009b04  x2:10000788  PA:100007a4
12177881ns          194866 1c00819e 00a00433 add              x8, x0, x10          x8=100007b0 x10:100007b0
12178278ns          194886 1c0081a0 f9fff0ef jal              x1, -98              x1=1c0081a2
12178318ns          194888 1c00813e e7010113 addi             x2, x2, -400         x2=100005f8  x2:10000788
12178338ns          194889 1c008140 00000693 addi             x13, x0, 0          x13=00000000
12178358ns          194890 1c008142 064450fb lp.setupi        0x1, 0x64, 0x8     
12178378ns          194891 1c008146 00269793 slli             x15, x13, 0x2       x15=00000000 x13:00000000
12178398ns          194892 1c00814a 19010613 addi             x12, x2, 400        x12=10000788  x2:100005f8
12178418ns          194893 1c00814c 00c787b3 add              x15, x15, x12       x15=10000788 x15:00000000 x12:10000788
12178438ns          194894 1c00814e e607a823 sw               x0, -400(x15)       x15:10000788  PA:100005f8
12178457ns          194895 1c008152 00168693 addi             x13, x13, 1         x13=00000001 x13:00000000
12178497ns          194897 1c008146 00269793 slli             x15, x13, 0x2       x15=00000004 x13:00000001
12178517ns          194898 1c00814a 19010613 addi             x12, x2, 400        x12=10000788  x2:100005f8
12178537ns          194899 1c00814c 00c787b3 add              x15, x15, x12       x15=1000078c x15:00000004 x12:10000788
12178557ns          194900 1c00814e e607a823 sw               x0, -400(x15)       x15:1000078c  PA:100005fc
12178577ns          194901 1c008152 00168693 addi             x13, x13, 1         x13=00000002 x13:00000001
12178617ns          194903 1c008146 00269793 slli             x15, x13, 0x2       x15=00000008 x13:00000002
12178637ns          194904 1c00814a 19010613 addi             x12, x2, 400        x12=10000788  x2:100005f8
12178656ns          194905 1c00814c 00c787b3 add              x15, x15, x12       x15=10000790 x15:00000008 x12:10000788
12178676ns          194906 1c00814e e607a823 sw               x0, -400(x15)       x15:10000790  PA:10000600
12178696ns          194907 1c008152 00168693 addi             x13, x13, 1         x13=00000003 x13:00000002
12178736ns          194909 1c008146 00269793 slli             x15, x13, 0x2       x15=0000000c x13:00000003
12178756ns          194910 1c00814a 19010613 addi             x12, x2, 400        x12=10000788  x2:100005f8
12178776ns          194911 1c00814c 00c787b3 add              x15, x15, x12       x15=10000794 x15:0000000c x12:10000788
12178796ns          194912 1c00814e e607a823 sw               x0, -400(x15)       x15:10000794  PA:10000604
12178816ns          194913 1c008152 00168693 addi             x13, x13, 1         x13=00000004 x13:00000003
12178855ns          194915 1c008146 00269793 slli             x15, x13, 0x2       x15=00000010 x13:00000004
12178875ns          194916 1c00814a 19010613 addi             x12, x2, 400        x12=10000788  x2:100005f8
12178895ns          194917 1c00814c 00c787b3 add              x15, x15, x12       x15=10000798 x15:00000010 x12:10000788
12178915ns          194918 1c00814e e607a823 sw               x0, -400(x15)       x15:10000798  PA:10000608
12178935ns          194919 1c008152 00168693 addi             x13, x13, 1         x13=00000005 x13:00000004
12178975ns          194921 1c008146 00269793 slli             x15, x13, 0x2       x15=00000014 x13:00000005
12178995ns          194922 1c00814a 19010613 addi             x12, x2, 400        x12=10000788  x2:100005f8
12179014ns          194923 1c00814c 00c787b3 add              x15, x15, x12       x15=1000079c x15:00000014 x12:10000788
12179034ns          194924 1c00814e e607a823 sw               x0, -400(x15)       x15:1000079c  PA:1000060c
12179054ns          194925 1c008152 00168693 addi             x13, x13, 1         x13=00000006 x13:00000005
12179094ns          194927 1c008146 00269793 slli             x15, x13, 0x2       x15=00000018 x13:00000006
12179114ns          194928 1c00814a 19010613 addi             x12, x2, 400        x12=10000788  x2:100005f8
12179134ns          194929 1c00814c 00c787b3 add              x15, x15, x12       x15=100007a0 x15:00000018 x12:10000788
12179154ns          194930 1c00814e e607a823 sw               x0, -400(x15)       x15:100007a0  PA:10000610
12179174ns          194931 1c008152 00168693 addi             x13, x13, 1         x13=00000007 x13:00000006
12179213ns          194933 1c008146 00269793 slli             x15, x13, 0x2       x15=0000001c x13:00000007
12179233ns          194934 1c00814a 19010613 addi             x12, x2, 400        x12=10000788  x2:100005f8
12179253ns          194935 1c00814c 00c787b3 add              x15, x15, x12       x15=100007a4 x15:0000001c x12:10000788
12179273ns          194936 1c00814e e607a823 sw               x0, -400(x15)       x15:100007a4  PA:10000614
12179293ns          194937 1c008152 00168693 addi             x13, x13, 1         x13=00000008 x13:00000007
12179333ns          194939 1c008146 00269793 slli             x15, x13, 0x2       x15=00000020 x13:00000008
12179353ns          194940 1c00814a 19010613 addi             x12, x2, 400        x12=10000788  x2:100005f8
12179372ns          194941 1c00814c 00c787b3 add              x15, x15, x12       x15=100007a8 x15:00000020 x12:10000788
12179392ns          194942 1c00814e e607a823 sw               x0, -400(x15)       x15:100007a8  PA:10000618
12179412ns          194943 1c008152 00168693 addi             x13, x13, 1         x13=00000009 x13:00000008
12179452ns          194945 1c008146 00269793 slli             x15, x13, 0x2       x15=00000024 x13:00000009
12179472ns          194946 1c00814a 19010613 addi             x12, x2, 400        x12=10000788  x2:100005f8
12179492ns          194947 1c00814c 00c787b3 add              x15, x15, x12       x15=100007ac x15:00000024 x12:10000788
12179512ns          194948 1c00814e e607a823 sw               x0, -400(x15)       x15:100007ac  PA:1000061c
12179532ns          194949 1c008152 00168693 addi             x13, x13, 1         x13=0000000a x13:00000009
12179571ns          194951 1c008146 00269793 slli             x15, x13, 0x2       x15=00000028 x13:0000000a
12179591ns          194952 1c00814a 19010613 addi             x12, x2, 400        x12=10000788  x2:100005f8
12179611ns          194953 1c00814c 00c787b3 add              x15, x15, x12       x15=100007b0 x15:00000028 x12:10000788
12179631ns          194954 1c00814e e607a823 sw               x0, -400(x15)       x15:100007b0  PA:10000620
12179651ns          194955 1c008152 00168693 addi             x13, x13, 1         x13=0000000b x13:0000000a
12179691ns          194957 1c008146 00269793 slli             x15, x13, 0x2       x15=0000002c x13:0000000b
12179711ns          194958 1c00814a 19010613 addi             x12, x2, 400        x12=10000788  x2:100005f8
12179731ns          194959 1c00814c 00c787b3 add              x15, x15, x12       x15=100007b4 x15:0000002c x12:10000788
12179750ns          194960 1c00814e e607a823 sw               x0, -400(x15)       x15:100007b4  PA:10000624
12179770ns          194961 1c008152 00168693 addi             x13, x13, 1         x13=0000000c x13:0000000b
12179810ns          194963 1c008146 00269793 slli             x15, x13, 0x2       x15=00000030 x13:0000000c
12179830ns          194964 1c00814a 19010613 addi             x12, x2, 400        x12=10000788  x2:100005f8
12179850ns          194965 1c00814c 00c787b3 add              x15, x15, x12       x15=100007b8 x15:00000030 x12:10000788
12179870ns          194966 1c00814e e607a823 sw               x0, -400(x15)       x15:100007b8  PA:10000628
12179890ns          194967 1c008152 00168693 addi             x13, x13, 1         x13=0000000d x13:0000000c
12179929ns          194969 1c008146 00269793 slli             x15, x13, 0x2       x15=00000034 x13:0000000d
12179949ns          194970 1c00814a 19010613 addi             x12, x2, 400        x12=10000788  x2:100005f8
12179969ns          194971 1c00814c 00c787b3 add              x15, x15, x12       x15=100007bc x15:00000034 x12:10000788
12179989ns          194972 1c00814e e607a823 sw               x0, -400(x15)       x15:100007bc  PA:1000062c
12180009ns          194973 1c008152 00168693 addi             x13, x13, 1         x13=0000000e x13:0000000d
12180049ns          194975 1c008146 00269793 slli             x15, x13, 0x2       x15=00000038 x13:0000000e
12180069ns          194976 1c00814a 19010613 addi             x12, x2, 400        x12=10000788  x2:100005f8
12180089ns          194977 1c00814c 00c787b3 add              x15, x15, x12       x15=100007c0 x15:00000038 x12:10000788
12180108ns          194978 1c00814e e607a823 sw               x0, -400(x15)       x15:100007c0  PA:10000630
12180128ns          194979 1c008152 00168693 addi             x13, x13, 1         x13=0000000f x13:0000000e
12180168ns          194981 1c008146 00269793 slli             x15, x13, 0x2       x15=0000003c x13:0000000f
12180188ns          194982 1c00814a 19010613 addi             x12, x2, 400        x12=10000788  x2:100005f8
12180208ns          194983 1c00814c 00c787b3 add              x15, x15, x12       x15=100007c4 x15:0000003c x12:10000788
12180228ns          194984 1c00814e e607a823 sw               x0, -400(x15)       x15:100007c4  PA:10000634
12180248ns          194985 1c008152 00168693 addi             x13, x13, 1         x13=00000010 x13:0000000f
12180287ns          194987 1c008146 00269793 slli             x15, x13, 0x2       x15=00000040 x13:00000010
12180307ns          194988 1c00814a 19010613 addi             x12, x2, 400        x12=10000788  x2:100005f8
12180327ns          194989 1c00814c 00c787b3 add              x15, x15, x12       x15=100007c8 x15:00000040 x12:10000788
12180347ns          194990 1c00814e e607a823 sw               x0, -400(x15)       x15:100007c8  PA:10000638
12180367ns          194991 1c008152 00168693 addi             x13, x13, 1         x13=00000011 x13:00000010
12180407ns          194993 1c008146 00269793 slli             x15, x13, 0x2       x15=00000044 x13:00000011
12180427ns          194994 1c00814a 19010613 addi             x12, x2, 400        x12=10000788  x2:100005f8
12180447ns          194995 1c00814c 00c787b3 add              x15, x15, x12       x15=100007cc x15:00000044 x12:10000788
12180466ns          194996 1c00814e e607a823 sw               x0, -400(x15)       x15:100007cc  PA:1000063c
12180486ns          194997 1c008152 00168693 addi             x13, x13, 1         x13=00000012 x13:00000011
12180526ns          194999 1c008146 00269793 slli             x15, x13, 0x2       x15=00000048 x13:00000012
12180546ns          195000 1c00814a 19010613 addi             x12, x2, 400        x12=10000788  x2:100005f8
12180566ns          195001 1c00814c 00c787b3 add              x15, x15, x12       x15=100007d0 x15:00000048 x12:10000788
12180586ns          195002 1c00814e e607a823 sw               x0, -400(x15)       x15:100007d0  PA:10000640
12180606ns          195003 1c008152 00168693 addi             x13, x13, 1         x13=00000013 x13:00000012
12180645ns          195005 1c008146 00269793 slli             x15, x13, 0x2       x15=0000004c x13:00000013
12180665ns          195006 1c00814a 19010613 addi             x12, x2, 400        x12=10000788  x2:100005f8
12180685ns          195007 1c00814c 00c787b3 add              x15, x15, x12       x15=100007d4 x15:0000004c x12:10000788
12180705ns          195008 1c00814e e607a823 sw               x0, -400(x15)       x15:100007d4  PA:10000644
12180725ns          195009 1c008152 00168693 addi             x13, x13, 1         x13=00000014 x13:00000013
12180765ns          195011 1c008146 00269793 slli             x15, x13, 0x2       x15=00000050 x13:00000014
12180785ns          195012 1c00814a 19010613 addi             x12, x2, 400        x12=10000788  x2:100005f8
12180805ns          195013 1c00814c 00c787b3 add              x15, x15, x12       x15=100007d8 x15:00000050 x12:10000788
12180824ns          195014 1c00814e e607a823 sw               x0, -400(x15)       x15:100007d8  PA:10000648
12180844ns          195015 1c008152 00168693 addi             x13, x13, 1         x13=00000015 x13:00000014
12180884ns          195017 1c008146 00269793 slli             x15, x13, 0x2       x15=00000054 x13:00000015
12180904ns          195018 1c00814a 19010613 addi             x12, x2, 400        x12=10000788  x2:100005f8
12180924ns          195019 1c00814c 00c787b3 add              x15, x15, x12       x15=100007dc x15:00000054 x12:10000788
12180944ns          195020 1c00814e e607a823 sw               x0, -400(x15)       x15:100007dc  PA:1000064c
12180964ns          195021 1c008152 00168693 addi             x13, x13, 1         x13=00000016 x13:00000015
12181004ns          195023 1c008146 00269793 slli             x15, x13, 0x2       x15=00000058 x13:00000016
12181023ns          195024 1c00814a 19010613 addi             x12, x2, 400        x12=10000788  x2:100005f8
12181043ns          195025 1c00814c 00c787b3 add              x15, x15, x12       x15=100007e0 x15:00000058 x12:10000788
12181063ns          195026 1c00814e e607a823 sw               x0, -400(x15)       x15:100007e0  PA:10000650
12181083ns          195027 1c008152 00168693 addi             x13, x13, 1         x13=00000017 x13:00000016
12181123ns          195029 1c008146 00269793 slli             x15, x13, 0x2       x15=0000005c x13:00000017
12181143ns          195030 1c00814a 19010613 addi             x12, x2, 400        x12=10000788  x2:100005f8
12181163ns          195031 1c00814c 00c787b3 add              x15, x15, x12       x15=100007e4 x15:0000005c x12:10000788
12181183ns          195032 1c00814e e607a823 sw               x0, -400(x15)       x15:100007e4  PA:10000654
12181202ns          195033 1c008152 00168693 addi             x13, x13, 1         x13=00000018 x13:00000017
12181242ns          195035 1c008146 00269793 slli             x15, x13, 0x2       x15=00000060 x13:00000018
12181262ns          195036 1c00814a 19010613 addi             x12, x2, 400        x12=10000788  x2:100005f8
12181282ns          195037 1c00814c 00c787b3 add              x15, x15, x12       x15=100007e8 x15:00000060 x12:10000788
12181302ns          195038 1c00814e e607a823 sw               x0, -400(x15)       x15:100007e8  PA:10000658
12181322ns          195039 1c008152 00168693 addi             x13, x13, 1         x13=00000019 x13:00000018
12181362ns          195041 1c008146 00269793 slli             x15, x13, 0x2       x15=00000064 x13:00000019
12181381ns          195042 1c00814a 19010613 addi             x12, x2, 400        x12=10000788  x2:100005f8
12181401ns          195043 1c00814c 00c787b3 add              x15, x15, x12       x15=100007ec x15:00000064 x12:10000788
12181421ns          195044 1c00814e e607a823 sw               x0, -400(x15)       x15:100007ec  PA:1000065c
12181441ns          195045 1c008152 00168693 addi             x13, x13, 1         x13=0000001a x13:00000019
12181481ns          195047 1c008146 00269793 slli             x15, x13, 0x2       x15=00000068 x13:0000001a
12181501ns          195048 1c00814a 19010613 addi             x12, x2, 400        x12=10000788  x2:100005f8
12181521ns          195049 1c00814c 00c787b3 add              x15, x15, x12       x15=100007f0 x15:00000068 x12:10000788
12181541ns          195050 1c00814e e607a823 sw               x0, -400(x15)       x15:100007f0  PA:10000660
12181560ns          195051 1c008152 00168693 addi             x13, x13, 1         x13=0000001b x13:0000001a
12181600ns          195053 1c008146 00269793 slli             x15, x13, 0x2       x15=0000006c x13:0000001b
12181620ns          195054 1c00814a 19010613 addi             x12, x2, 400        x12=10000788  x2:100005f8
12181640ns          195055 1c00814c 00c787b3 add              x15, x15, x12       x15=100007f4 x15:0000006c x12:10000788
12181660ns          195056 1c00814e e607a823 sw               x0, -400(x15)       x15:100007f4  PA:10000664
12181680ns          195057 1c008152 00168693 addi             x13, x13, 1         x13=0000001c x13:0000001b
12181720ns          195059 1c008146 00269793 slli             x15, x13, 0x2       x15=00000070 x13:0000001c
12181739ns          195060 1c00814a 19010613 addi             x12, x2, 400        x12=10000788  x2:100005f8
12181759ns          195061 1c00814c 00c787b3 add              x15, x15, x12       x15=100007f8 x15:00000070 x12:10000788
12181779ns          195062 1c00814e e607a823 sw               x0, -400(x15)       x15:100007f8  PA:10000668
12181799ns          195063 1c008152 00168693 addi             x13, x13, 1         x13=0000001d x13:0000001c
12181839ns          195065 1c008146 00269793 slli             x15, x13, 0x2       x15=00000074 x13:0000001d
12181859ns          195066 1c00814a 19010613 addi             x12, x2, 400        x12=10000788  x2:100005f8
12181879ns          195067 1c00814c 00c787b3 add              x15, x15, x12       x15=100007fc x15:00000074 x12:10000788
12181899ns          195068 1c00814e e607a823 sw               x0, -400(x15)       x15:100007fc  PA:1000066c
12181918ns          195069 1c008152 00168693 addi             x13, x13, 1         x13=0000001e x13:0000001d
12181958ns          195071 1c008146 00269793 slli             x15, x13, 0x2       x15=00000078 x13:0000001e
12181978ns          195072 1c00814a 19010613 addi             x12, x2, 400        x12=10000788  x2:100005f8
12181998ns          195073 1c00814c 00c787b3 add              x15, x15, x12       x15=10000800 x15:00000078 x12:10000788
12182018ns          195074 1c00814e e607a823 sw               x0, -400(x15)       x15:10000800  PA:10000670
12182038ns          195075 1c008152 00168693 addi             x13, x13, 1         x13=0000001f x13:0000001e
12182078ns          195077 1c008146 00269793 slli             x15, x13, 0x2       x15=0000007c x13:0000001f
12182098ns          195078 1c00814a 19010613 addi             x12, x2, 400        x12=10000788  x2:100005f8
12182117ns          195079 1c00814c 00c787b3 add              x15, x15, x12       x15=10000804 x15:0000007c x12:10000788
12182137ns          195080 1c00814e e607a823 sw               x0, -400(x15)       x15:10000804  PA:10000674
12182157ns          195081 1c008152 00168693 addi             x13, x13, 1         x13=00000020 x13:0000001f
12182197ns          195083 1c008146 00269793 slli             x15, x13, 0x2       x15=00000080 x13:00000020
12182217ns          195084 1c00814a 19010613 addi             x12, x2, 400        x12=10000788  x2:100005f8
12182237ns          195085 1c00814c 00c787b3 add              x15, x15, x12       x15=10000808 x15:00000080 x12:10000788
12182257ns          195086 1c00814e e607a823 sw               x0, -400(x15)       x15:10000808  PA:10000678
12182277ns          195087 1c008152 00168693 addi             x13, x13, 1         x13=00000021 x13:00000020
12182316ns          195089 1c008146 00269793 slli             x15, x13, 0x2       x15=00000084 x13:00000021
12182336ns          195090 1c00814a 19010613 addi             x12, x2, 400        x12=10000788  x2:100005f8
12182356ns          195091 1c00814c 00c787b3 add              x15, x15, x12       x15=1000080c x15:00000084 x12:10000788
12182376ns          195092 1c00814e e607a823 sw               x0, -400(x15)       x15:1000080c  PA:1000067c
12182396ns          195093 1c008152 00168693 addi             x13, x13, 1         x13=00000022 x13:00000021
12182436ns          195095 1c008146 00269793 slli             x15, x13, 0x2       x15=00000088 x13:00000022
12182456ns          195096 1c00814a 19010613 addi             x12, x2, 400        x12=10000788  x2:100005f8
12182475ns          195097 1c00814c 00c787b3 add              x15, x15, x12       x15=10000810 x15:00000088 x12:10000788
12182495ns          195098 1c00814e e607a823 sw               x0, -400(x15)       x15:10000810  PA:10000680
12182515ns          195099 1c008152 00168693 addi             x13, x13, 1         x13=00000023 x13:00000022
12182555ns          195101 1c008146 00269793 slli             x15, x13, 0x2       x15=0000008c x13:00000023
12182575ns          195102 1c00814a 19010613 addi             x12, x2, 400        x12=10000788  x2:100005f8
12182595ns          195103 1c00814c 00c787b3 add              x15, x15, x12       x15=10000814 x15:0000008c x12:10000788
12182615ns          195104 1c00814e e607a823 sw               x0, -400(x15)       x15:10000814  PA:10000684
12182635ns          195105 1c008152 00168693 addi             x13, x13, 1         x13=00000024 x13:00000023
12182674ns          195107 1c008146 00269793 slli             x15, x13, 0x2       x15=00000090 x13:00000024
12182694ns          195108 1c00814a 19010613 addi             x12, x2, 400        x12=10000788  x2:100005f8
12182714ns          195109 1c00814c 00c787b3 add              x15, x15, x12       x15=10000818 x15:00000090 x12:10000788
12182734ns          195110 1c00814e e607a823 sw               x0, -400(x15)       x15:10000818  PA:10000688
12182754ns          195111 1c008152 00168693 addi             x13, x13, 1         x13=00000025 x13:00000024
12182794ns          195113 1c008146 00269793 slli             x15, x13, 0x2       x15=00000094 x13:00000025
12182814ns          195114 1c00814a 19010613 addi             x12, x2, 400        x12=10000788  x2:100005f8
12182833ns          195115 1c00814c 00c787b3 add              x15, x15, x12       x15=1000081c x15:00000094 x12:10000788
12182853ns          195116 1c00814e e607a823 sw               x0, -400(x15)       x15:1000081c  PA:1000068c
12182873ns          195117 1c008152 00168693 addi             x13, x13, 1         x13=00000026 x13:00000025
12182913ns          195119 1c008146 00269793 slli             x15, x13, 0x2       x15=00000098 x13:00000026
12182933ns          195120 1c00814a 19010613 addi             x12, x2, 400        x12=10000788  x2:100005f8
12182953ns          195121 1c00814c 00c787b3 add              x15, x15, x12       x15=10000820 x15:00000098 x12:10000788
12182973ns          195122 1c00814e e607a823 sw               x0, -400(x15)       x15:10000820  PA:10000690
12182993ns          195123 1c008152 00168693 addi             x13, x13, 1         x13=00000027 x13:00000026
12183032ns          195125 1c008146 00269793 slli             x15, x13, 0x2       x15=0000009c x13:00000027
12183052ns          195126 1c00814a 19010613 addi             x12, x2, 400        x12=10000788  x2:100005f8
12183072ns          195127 1c00814c 00c787b3 add              x15, x15, x12       x15=10000824 x15:0000009c x12:10000788
12183092ns          195128 1c00814e e607a823 sw               x0, -400(x15)       x15:10000824  PA:10000694
12183112ns          195129 1c008152 00168693 addi             x13, x13, 1         x13=00000028 x13:00000027
12183152ns          195131 1c008146 00269793 slli             x15, x13, 0x2       x15=000000a0 x13:00000028
12183172ns          195132 1c00814a 19010613 addi             x12, x2, 400        x12=10000788  x2:100005f8
12183191ns          195133 1c00814c 00c787b3 add              x15, x15, x12       x15=10000828 x15:000000a0 x12:10000788
12183211ns          195134 1c00814e e607a823 sw               x0, -400(x15)       x15:10000828  PA:10000698
12183231ns          195135 1c008152 00168693 addi             x13, x13, 1         x13=00000029 x13:00000028
12183271ns          195137 1c008146 00269793 slli             x15, x13, 0x2       x15=000000a4 x13:00000029
12183291ns          195138 1c00814a 19010613 addi             x12, x2, 400        x12=10000788  x2:100005f8
12183311ns          195139 1c00814c 00c787b3 add              x15, x15, x12       x15=1000082c x15:000000a4 x12:10000788
12183331ns          195140 1c00814e e607a823 sw               x0, -400(x15)       x15:1000082c  PA:1000069c
12183351ns          195141 1c008152 00168693 addi             x13, x13, 1         x13=0000002a x13:00000029
12183390ns          195143 1c008146 00269793 slli             x15, x13, 0x2       x15=000000a8 x13:0000002a
12183410ns          195144 1c00814a 19010613 addi             x12, x2, 400        x12=10000788  x2:100005f8
12183430ns          195145 1c00814c 00c787b3 add              x15, x15, x12       x15=10000830 x15:000000a8 x12:10000788
12183450ns          195146 1c00814e e607a823 sw               x0, -400(x15)       x15:10000830  PA:100006a0
12183470ns          195147 1c008152 00168693 addi             x13, x13, 1         x13=0000002b x13:0000002a
12183510ns          195149 1c008146 00269793 slli             x15, x13, 0x2       x15=000000ac x13:0000002b
12183530ns          195150 1c00814a 19010613 addi             x12, x2, 400        x12=10000788  x2:100005f8
12183550ns          195151 1c00814c 00c787b3 add              x15, x15, x12       x15=10000834 x15:000000ac x12:10000788
12183569ns          195152 1c00814e e607a823 sw               x0, -400(x15)       x15:10000834  PA:100006a4
12183589ns          195153 1c008152 00168693 addi             x13, x13, 1         x13=0000002c x13:0000002b
12183629ns          195155 1c008146 00269793 slli             x15, x13, 0x2       x15=000000b0 x13:0000002c
12183649ns          195156 1c00814a 19010613 addi             x12, x2, 400        x12=10000788  x2:100005f8
12183669ns          195157 1c00814c 00c787b3 add              x15, x15, x12       x15=10000838 x15:000000b0 x12:10000788
12183689ns          195158 1c00814e e607a823 sw               x0, -400(x15)       x15:10000838  PA:100006a8
12183709ns          195159 1c008152 00168693 addi             x13, x13, 1         x13=0000002d x13:0000002c
12183748ns          195161 1c008146 00269793 slli             x15, x13, 0x2       x15=000000b4 x13:0000002d
12183768ns          195162 1c00814a 19010613 addi             x12, x2, 400        x12=10000788  x2:100005f8
12183788ns          195163 1c00814c 00c787b3 add              x15, x15, x12       x15=1000083c x15:000000b4 x12:10000788
12183808ns          195164 1c00814e e607a823 sw               x0, -400(x15)       x15:1000083c  PA:100006ac
12183828ns          195165 1c008152 00168693 addi             x13, x13, 1         x13=0000002e x13:0000002d
12183868ns          195167 1c008146 00269793 slli             x15, x13, 0x2       x15=000000b8 x13:0000002e
12183888ns          195168 1c00814a 19010613 addi             x12, x2, 400        x12=10000788  x2:100005f8
12183908ns          195169 1c00814c 00c787b3 add              x15, x15, x12       x15=10000840 x15:000000b8 x12:10000788
12183927ns          195170 1c00814e e607a823 sw               x0, -400(x15)       x15:10000840  PA:100006b0
12183947ns          195171 1c008152 00168693 addi             x13, x13, 1         x13=0000002f x13:0000002e
12183987ns          195173 1c008146 00269793 slli             x15, x13, 0x2       x15=000000bc x13:0000002f
12184007ns          195174 1c00814a 19010613 addi             x12, x2, 400        x12=10000788  x2:100005f8
12184027ns          195175 1c00814c 00c787b3 add              x15, x15, x12       x15=10000844 x15:000000bc x12:10000788
12184047ns          195176 1c00814e e607a823 sw               x0, -400(x15)       x15:10000844  PA:100006b4
12184067ns          195177 1c008152 00168693 addi             x13, x13, 1         x13=00000030 x13:0000002f
12184106ns          195179 1c008146 00269793 slli             x15, x13, 0x2       x15=000000c0 x13:00000030
12184126ns          195180 1c00814a 19010613 addi             x12, x2, 400        x12=10000788  x2:100005f8
12184146ns          195181 1c00814c 00c787b3 add              x15, x15, x12       x15=10000848 x15:000000c0 x12:10000788
12184166ns          195182 1c00814e e607a823 sw               x0, -400(x15)       x15:10000848  PA:100006b8
12184186ns          195183 1c008152 00168693 addi             x13, x13, 1         x13=00000031 x13:00000030
12184226ns          195185 1c008146 00269793 slli             x15, x13, 0x2       x15=000000c4 x13:00000031
12184246ns          195186 1c00814a 19010613 addi             x12, x2, 400        x12=10000788  x2:100005f8
12184266ns          195187 1c00814c 00c787b3 add              x15, x15, x12       x15=1000084c x15:000000c4 x12:10000788
12184285ns          195188 1c00814e e607a823 sw               x0, -400(x15)       x15:1000084c  PA:100006bc
12184305ns          195189 1c008152 00168693 addi             x13, x13, 1         x13=00000032 x13:00000031
12184345ns          195191 1c008146 00269793 slli             x15, x13, 0x2       x15=000000c8 x13:00000032
12184365ns          195192 1c00814a 19010613 addi             x12, x2, 400        x12=10000788  x2:100005f8
12184385ns          195193 1c00814c 00c787b3 add              x15, x15, x12       x15=10000850 x15:000000c8 x12:10000788
12184405ns          195194 1c00814e e607a823 sw               x0, -400(x15)       x15:10000850  PA:100006c0
12184425ns          195195 1c008152 00168693 addi             x13, x13, 1         x13=00000033 x13:00000032
12184465ns          195197 1c008146 00269793 slli             x15, x13, 0x2       x15=000000cc x13:00000033
12184484ns          195198 1c00814a 19010613 addi             x12, x2, 400        x12=10000788  x2:100005f8
12184504ns          195199 1c00814c 00c787b3 add              x15, x15, x12       x15=10000854 x15:000000cc x12:10000788
12184524ns          195200 1c00814e e607a823 sw               x0, -400(x15)       x15:10000854  PA:100006c4
12184544ns          195201 1c008152 00168693 addi             x13, x13, 1         x13=00000034 x13:00000033
12184584ns          195203 1c008146 00269793 slli             x15, x13, 0x2       x15=000000d0 x13:00000034
12184604ns          195204 1c00814a 19010613 addi             x12, x2, 400        x12=10000788  x2:100005f8
12184624ns          195205 1c00814c 00c787b3 add              x15, x15, x12       x15=10000858 x15:000000d0 x12:10000788
12184644ns          195206 1c00814e e607a823 sw               x0, -400(x15)       x15:10000858  PA:100006c8
12184663ns          195207 1c008152 00168693 addi             x13, x13, 1         x13=00000035 x13:00000034
12184703ns          195209 1c008146 00269793 slli             x15, x13, 0x2       x15=000000d4 x13:00000035
12184723ns          195210 1c00814a 19010613 addi             x12, x2, 400        x12=10000788  x2:100005f8
12184743ns          195211 1c00814c 00c787b3 add              x15, x15, x12       x15=1000085c x15:000000d4 x12:10000788
12184763ns          195212 1c00814e e607a823 sw               x0, -400(x15)       x15:1000085c  PA:100006cc
12184783ns          195213 1c008152 00168693 addi             x13, x13, 1         x13=00000036 x13:00000035
12184823ns          195215 1c008146 00269793 slli             x15, x13, 0x2       x15=000000d8 x13:00000036
12184842ns          195216 1c00814a 19010613 addi             x12, x2, 400        x12=10000788  x2:100005f8
12184862ns          195217 1c00814c 00c787b3 add              x15, x15, x12       x15=10000860 x15:000000d8 x12:10000788
12184882ns          195218 1c00814e e607a823 sw               x0, -400(x15)       x15:10000860  PA:100006d0
12184902ns          195219 1c008152 00168693 addi             x13, x13, 1         x13=00000037 x13:00000036
12184942ns          195221 1c008146 00269793 slli             x15, x13, 0x2       x15=000000dc x13:00000037
12184962ns          195222 1c00814a 19010613 addi             x12, x2, 400        x12=10000788  x2:100005f8
12184982ns          195223 1c00814c 00c787b3 add              x15, x15, x12       x15=10000864 x15:000000dc x12:10000788
12185002ns          195224 1c00814e e607a823 sw               x0, -400(x15)       x15:10000864  PA:100006d4
12185021ns          195225 1c008152 00168693 addi             x13, x13, 1         x13=00000038 x13:00000037
12185061ns          195227 1c008146 00269793 slli             x15, x13, 0x2       x15=000000e0 x13:00000038
12185081ns          195228 1c00814a 19010613 addi             x12, x2, 400        x12=10000788  x2:100005f8
12185101ns          195229 1c00814c 00c787b3 add              x15, x15, x12       x15=10000868 x15:000000e0 x12:10000788
12185121ns          195230 1c00814e e607a823 sw               x0, -400(x15)       x15:10000868  PA:100006d8
12185141ns          195231 1c008152 00168693 addi             x13, x13, 1         x13=00000039 x13:00000038
12185181ns          195233 1c008146 00269793 slli             x15, x13, 0x2       x15=000000e4 x13:00000039
12185200ns          195234 1c00814a 19010613 addi             x12, x2, 400        x12=10000788  x2:100005f8
12185220ns          195235 1c00814c 00c787b3 add              x15, x15, x12       x15=1000086c x15:000000e4 x12:10000788
12185240ns          195236 1c00814e e607a823 sw               x0, -400(x15)       x15:1000086c  PA:100006dc
12185260ns          195237 1c008152 00168693 addi             x13, x13, 1         x13=0000003a x13:00000039
12185300ns          195239 1c008146 00269793 slli             x15, x13, 0x2       x15=000000e8 x13:0000003a
12185320ns          195240 1c00814a 19010613 addi             x12, x2, 400        x12=10000788  x2:100005f8
12185340ns          195241 1c00814c 00c787b3 add              x15, x15, x12       x15=10000870 x15:000000e8 x12:10000788
12185360ns          195242 1c00814e e607a823 sw               x0, -400(x15)       x15:10000870  PA:100006e0
12185379ns          195243 1c008152 00168693 addi             x13, x13, 1         x13=0000003b x13:0000003a
12185419ns          195245 1c008146 00269793 slli             x15, x13, 0x2       x15=000000ec x13:0000003b
12185439ns          195246 1c00814a 19010613 addi             x12, x2, 400        x12=10000788  x2:100005f8
12185459ns          195247 1c00814c 00c787b3 add              x15, x15, x12       x15=10000874 x15:000000ec x12:10000788
12185479ns          195248 1c00814e e607a823 sw               x0, -400(x15)       x15:10000874  PA:100006e4
12185499ns          195249 1c008152 00168693 addi             x13, x13, 1         x13=0000003c x13:0000003b
12185539ns          195251 1c008146 00269793 slli             x15, x13, 0x2       x15=000000f0 x13:0000003c
12185558ns          195252 1c00814a 19010613 addi             x12, x2, 400        x12=10000788  x2:100005f8
12185578ns          195253 1c00814c 00c787b3 add              x15, x15, x12       x15=10000878 x15:000000f0 x12:10000788
12185598ns          195254 1c00814e e607a823 sw               x0, -400(x15)       x15:10000878  PA:100006e8
12185618ns          195255 1c008152 00168693 addi             x13, x13, 1         x13=0000003d x13:0000003c
12185658ns          195257 1c008146 00269793 slli             x15, x13, 0x2       x15=000000f4 x13:0000003d
12185678ns          195258 1c00814a 19010613 addi             x12, x2, 400        x12=10000788  x2:100005f8
12185698ns          195259 1c00814c 00c787b3 add              x15, x15, x12       x15=1000087c x15:000000f4 x12:10000788
12185718ns          195260 1c00814e e607a823 sw               x0, -400(x15)       x15:1000087c  PA:100006ec
12185738ns          195261 1c008152 00168693 addi             x13, x13, 1         x13=0000003e x13:0000003d
12185777ns          195263 1c008146 00269793 slli             x15, x13, 0x2       x15=000000f8 x13:0000003e
12185797ns          195264 1c00814a 19010613 addi             x12, x2, 400        x12=10000788  x2:100005f8
12185817ns          195265 1c00814c 00c787b3 add              x15, x15, x12       x15=10000880 x15:000000f8 x12:10000788
12185837ns          195266 1c00814e e607a823 sw               x0, -400(x15)       x15:10000880  PA:100006f0
12185857ns          195267 1c008152 00168693 addi             x13, x13, 1         x13=0000003f x13:0000003e
12185897ns          195269 1c008146 00269793 slli             x15, x13, 0x2       x15=000000fc x13:0000003f
12185917ns          195270 1c00814a 19010613 addi             x12, x2, 400        x12=10000788  x2:100005f8
12185936ns          195271 1c00814c 00c787b3 add              x15, x15, x12       x15=10000884 x15:000000fc x12:10000788
12185956ns          195272 1c00814e e607a823 sw               x0, -400(x15)       x15:10000884  PA:100006f4
12185976ns          195273 1c008152 00168693 addi             x13, x13, 1         x13=00000040 x13:0000003f
12186016ns          195275 1c008146 00269793 slli             x15, x13, 0x2       x15=00000100 x13:00000040
12186036ns          195276 1c00814a 19010613 addi             x12, x2, 400        x12=10000788  x2:100005f8
12186056ns          195277 1c00814c 00c787b3 add              x15, x15, x12       x15=10000888 x15:00000100 x12:10000788
12186076ns          195278 1c00814e e607a823 sw               x0, -400(x15)       x15:10000888  PA:100006f8
12186096ns          195279 1c008152 00168693 addi             x13, x13, 1         x13=00000041 x13:00000040
12186135ns          195281 1c008146 00269793 slli             x15, x13, 0x2       x15=00000104 x13:00000041
12186155ns          195282 1c00814a 19010613 addi             x12, x2, 400        x12=10000788  x2:100005f8
12186175ns          195283 1c00814c 00c787b3 add              x15, x15, x12       x15=1000088c x15:00000104 x12:10000788
12186195ns          195284 1c00814e e607a823 sw               x0, -400(x15)       x15:1000088c  PA:100006fc
12186215ns          195285 1c008152 00168693 addi             x13, x13, 1         x13=00000042 x13:00000041
12186255ns          195287 1c008146 00269793 slli             x15, x13, 0x2       x15=00000108 x13:00000042
12186275ns          195288 1c00814a 19010613 addi             x12, x2, 400        x12=10000788  x2:100005f8
12186294ns          195289 1c00814c 00c787b3 add              x15, x15, x12       x15=10000890 x15:00000108 x12:10000788
12186314ns          195290 1c00814e e607a823 sw               x0, -400(x15)       x15:10000890  PA:10000700
12186334ns          195291 1c008152 00168693 addi             x13, x13, 1         x13=00000043 x13:00000042
12186374ns          195293 1c008146 00269793 slli             x15, x13, 0x2       x15=0000010c x13:00000043
12186394ns          195294 1c00814a 19010613 addi             x12, x2, 400        x12=10000788  x2:100005f8
12186414ns          195295 1c00814c 00c787b3 add              x15, x15, x12       x15=10000894 x15:0000010c x12:10000788
12186434ns          195296 1c00814e e607a823 sw               x0, -400(x15)       x15:10000894  PA:10000704
12186454ns          195297 1c008152 00168693 addi             x13, x13, 1         x13=00000044 x13:00000043
12186493ns          195299 1c008146 00269793 slli             x15, x13, 0x2       x15=00000110 x13:00000044
12186513ns          195300 1c00814a 19010613 addi             x12, x2, 400        x12=10000788  x2:100005f8
12186533ns          195301 1c00814c 00c787b3 add              x15, x15, x12       x15=10000898 x15:00000110 x12:10000788
12186553ns          195302 1c00814e e607a823 sw               x0, -400(x15)       x15:10000898  PA:10000708
12186573ns          195303 1c008152 00168693 addi             x13, x13, 1         x13=00000045 x13:00000044
12186613ns          195305 1c008146 00269793 slli             x15, x13, 0x2       x15=00000114 x13:00000045
12186633ns          195306 1c00814a 19010613 addi             x12, x2, 400        x12=10000788  x2:100005f8
12186652ns          195307 1c00814c 00c787b3 add              x15, x15, x12       x15=1000089c x15:00000114 x12:10000788
12186672ns          195308 1c00814e e607a823 sw               x0, -400(x15)       x15:1000089c  PA:1000070c
12186692ns          195309 1c008152 00168693 addi             x13, x13, 1         x13=00000046 x13:00000045
12186732ns          195311 1c008146 00269793 slli             x15, x13, 0x2       x15=00000118 x13:00000046
12186752ns          195312 1c00814a 19010613 addi             x12, x2, 400        x12=10000788  x2:100005f8
12186772ns          195313 1c00814c 00c787b3 add              x15, x15, x12       x15=100008a0 x15:00000118 x12:10000788
12186792ns          195314 1c00814e e607a823 sw               x0, -400(x15)       x15:100008a0  PA:10000710
12186812ns          195315 1c008152 00168693 addi             x13, x13, 1         x13=00000047 x13:00000046
12186851ns          195317 1c008146 00269793 slli             x15, x13, 0x2       x15=0000011c x13:00000047
12186871ns          195318 1c00814a 19010613 addi             x12, x2, 400        x12=10000788  x2:100005f8
12186891ns          195319 1c00814c 00c787b3 add              x15, x15, x12       x15=100008a4 x15:0000011c x12:10000788
12186911ns          195320 1c00814e e607a823 sw               x0, -400(x15)       x15:100008a4  PA:10000714
12186931ns          195321 1c008152 00168693 addi             x13, x13, 1         x13=00000048 x13:00000047
12186971ns          195323 1c008146 00269793 slli             x15, x13, 0x2       x15=00000120 x13:00000048
12186991ns          195324 1c00814a 19010613 addi             x12, x2, 400        x12=10000788  x2:100005f8
12187011ns          195325 1c00814c 00c787b3 add              x15, x15, x12       x15=100008a8 x15:00000120 x12:10000788
12187030ns          195326 1c00814e e607a823 sw               x0, -400(x15)       x15:100008a8  PA:10000718
12187050ns          195327 1c008152 00168693 addi             x13, x13, 1         x13=00000049 x13:00000048
12187090ns          195329 1c008146 00269793 slli             x15, x13, 0x2       x15=00000124 x13:00000049
12187110ns          195330 1c00814a 19010613 addi             x12, x2, 400        x12=10000788  x2:100005f8
12187130ns          195331 1c00814c 00c787b3 add              x15, x15, x12       x15=100008ac x15:00000124 x12:10000788
12187150ns          195332 1c00814e e607a823 sw               x0, -400(x15)       x15:100008ac  PA:1000071c
12187170ns          195333 1c008152 00168693 addi             x13, x13, 1         x13=0000004a x13:00000049
12187209ns          195335 1c008146 00269793 slli             x15, x13, 0x2       x15=00000128 x13:0000004a
12187229ns          195336 1c00814a 19010613 addi             x12, x2, 400        x12=10000788  x2:100005f8
12187249ns          195337 1c00814c 00c787b3 add              x15, x15, x12       x15=100008b0 x15:00000128 x12:10000788
12187269ns          195338 1c00814e e607a823 sw               x0, -400(x15)       x15:100008b0  PA:10000720
12187289ns          195339 1c008152 00168693 addi             x13, x13, 1         x13=0000004b x13:0000004a
12187329ns          195341 1c008146 00269793 slli             x15, x13, 0x2       x15=0000012c x13:0000004b
12187349ns          195342 1c00814a 19010613 addi             x12, x2, 400        x12=10000788  x2:100005f8
12187369ns          195343 1c00814c 00c787b3 add              x15, x15, x12       x15=100008b4 x15:0000012c x12:10000788
12187388ns          195344 1c00814e e607a823 sw               x0, -400(x15)       x15:100008b4  PA:10000724
12187408ns          195345 1c008152 00168693 addi             x13, x13, 1         x13=0000004c x13:0000004b
12187448ns          195347 1c008146 00269793 slli             x15, x13, 0x2       x15=00000130 x13:0000004c
12187468ns          195348 1c00814a 19010613 addi             x12, x2, 400        x12=10000788  x2:100005f8
12187488ns          195349 1c00814c 00c787b3 add              x15, x15, x12       x15=100008b8 x15:00000130 x12:10000788
12187508ns          195350 1c00814e e607a823 sw               x0, -400(x15)       x15:100008b8  PA:10000728
12187528ns          195351 1c008152 00168693 addi             x13, x13, 1         x13=0000004d x13:0000004c
12187567ns          195353 1c008146 00269793 slli             x15, x13, 0x2       x15=00000134 x13:0000004d
12187587ns          195354 1c00814a 19010613 addi             x12, x2, 400        x12=10000788  x2:100005f8
12187607ns          195355 1c00814c 00c787b3 add              x15, x15, x12       x15=100008bc x15:00000134 x12:10000788
12187627ns          195356 1c00814e e607a823 sw               x0, -400(x15)       x15:100008bc  PA:1000072c
12187647ns          195357 1c008152 00168693 addi             x13, x13, 1         x13=0000004e x13:0000004d
12187687ns          195359 1c008146 00269793 slli             x15, x13, 0x2       x15=00000138 x13:0000004e
12187707ns          195360 1c00814a 19010613 addi             x12, x2, 400        x12=10000788  x2:100005f8
12187727ns          195361 1c00814c 00c787b3 add              x15, x15, x12       x15=100008c0 x15:00000138 x12:10000788
12187746ns          195362 1c00814e e607a823 sw               x0, -400(x15)       x15:100008c0  PA:10000730
12187766ns          195363 1c008152 00168693 addi             x13, x13, 1         x13=0000004f x13:0000004e
12187806ns          195365 1c008146 00269793 slli             x15, x13, 0x2       x15=0000013c x13:0000004f
12187826ns          195366 1c00814a 19010613 addi             x12, x2, 400        x12=10000788  x2:100005f8
12187846ns          195367 1c00814c 00c787b3 add              x15, x15, x12       x15=100008c4 x15:0000013c x12:10000788
12187866ns          195368 1c00814e e607a823 sw               x0, -400(x15)       x15:100008c4  PA:10000734
12187886ns          195369 1c008152 00168693 addi             x13, x13, 1         x13=00000050 x13:0000004f
12187925ns          195371 1c008146 00269793 slli             x15, x13, 0x2       x15=00000140 x13:00000050
12187945ns          195372 1c00814a 19010613 addi             x12, x2, 400        x12=10000788  x2:100005f8
12187965ns          195373 1c00814c 00c787b3 add              x15, x15, x12       x15=100008c8 x15:00000140 x12:10000788
12187985ns          195374 1c00814e e607a823 sw               x0, -400(x15)       x15:100008c8  PA:10000738
12188005ns          195375 1c008152 00168693 addi             x13, x13, 1         x13=00000051 x13:00000050
12188045ns          195377 1c008146 00269793 slli             x15, x13, 0x2       x15=00000144 x13:00000051
12188065ns          195378 1c00814a 19010613 addi             x12, x2, 400        x12=10000788  x2:100005f8
12188085ns          195379 1c00814c 00c787b3 add              x15, x15, x12       x15=100008cc x15:00000144 x12:10000788
12188105ns          195380 1c00814e e607a823 sw               x0, -400(x15)       x15:100008cc  PA:1000073c
12188124ns          195381 1c008152 00168693 addi             x13, x13, 1         x13=00000052 x13:00000051
12188164ns          195383 1c008146 00269793 slli             x15, x13, 0x2       x15=00000148 x13:00000052
12188184ns          195384 1c00814a 19010613 addi             x12, x2, 400        x12=10000788  x2:100005f8
12188204ns          195385 1c00814c 00c787b3 add              x15, x15, x12       x15=100008d0 x15:00000148 x12:10000788
12188224ns          195386 1c00814e e607a823 sw               x0, -400(x15)       x15:100008d0  PA:10000740
12188244ns          195387 1c008152 00168693 addi             x13, x13, 1         x13=00000053 x13:00000052
12188284ns          195389 1c008146 00269793 slli             x15, x13, 0x2       x15=0000014c x13:00000053
12188303ns          195390 1c00814a 19010613 addi             x12, x2, 400        x12=10000788  x2:100005f8
12188323ns          195391 1c00814c 00c787b3 add              x15, x15, x12       x15=100008d4 x15:0000014c x12:10000788
12188343ns          195392 1c00814e e607a823 sw               x0, -400(x15)       x15:100008d4  PA:10000744
12188363ns          195393 1c008152 00168693 addi             x13, x13, 1         x13=00000054 x13:00000053
12188403ns          195395 1c008146 00269793 slli             x15, x13, 0x2       x15=00000150 x13:00000054
12188423ns          195396 1c00814a 19010613 addi             x12, x2, 400        x12=10000788  x2:100005f8
12188443ns          195397 1c00814c 00c787b3 add              x15, x15, x12       x15=100008d8 x15:00000150 x12:10000788
12188463ns          195398 1c00814e e607a823 sw               x0, -400(x15)       x15:100008d8  PA:10000748
12188482ns          195399 1c008152 00168693 addi             x13, x13, 1         x13=00000055 x13:00000054
12188522ns          195401 1c008146 00269793 slli             x15, x13, 0x2       x15=00000154 x13:00000055
12188542ns          195402 1c00814a 19010613 addi             x12, x2, 400        x12=10000788  x2:100005f8
12188562ns          195403 1c00814c 00c787b3 add              x15, x15, x12       x15=100008dc x15:00000154 x12:10000788
12188582ns          195404 1c00814e e607a823 sw               x0, -400(x15)       x15:100008dc  PA:1000074c
12188602ns          195405 1c008152 00168693 addi             x13, x13, 1         x13=00000056 x13:00000055
12188642ns          195407 1c008146 00269793 slli             x15, x13, 0x2       x15=00000158 x13:00000056
12188661ns          195408 1c00814a 19010613 addi             x12, x2, 400        x12=10000788  x2:100005f8
12188681ns          195409 1c00814c 00c787b3 add              x15, x15, x12       x15=100008e0 x15:00000158 x12:10000788
12188701ns          195410 1c00814e e607a823 sw               x0, -400(x15)       x15:100008e0  PA:10000750
12188721ns          195411 1c008152 00168693 addi             x13, x13, 1         x13=00000057 x13:00000056
12188761ns          195413 1c008146 00269793 slli             x15, x13, 0x2       x15=0000015c x13:00000057
12188781ns          195414 1c00814a 19010613 addi             x12, x2, 400        x12=10000788  x2:100005f8
12188801ns          195415 1c00814c 00c787b3 add              x15, x15, x12       x15=100008e4 x15:0000015c x12:10000788
12188821ns          195416 1c00814e e607a823 sw               x0, -400(x15)       x15:100008e4  PA:10000754
12188840ns          195417 1c008152 00168693 addi             x13, x13, 1         x13=00000058 x13:00000057
12188880ns          195419 1c008146 00269793 slli             x15, x13, 0x2       x15=00000160 x13:00000058
12188900ns          195420 1c00814a 19010613 addi             x12, x2, 400        x12=10000788  x2:100005f8
12188920ns          195421 1c00814c 00c787b3 add              x15, x15, x12       x15=100008e8 x15:00000160 x12:10000788
12188940ns          195422 1c00814e e607a823 sw               x0, -400(x15)       x15:100008e8  PA:10000758
12188960ns          195423 1c008152 00168693 addi             x13, x13, 1         x13=00000059 x13:00000058
12189000ns          195425 1c008146 00269793 slli             x15, x13, 0x2       x15=00000164 x13:00000059
12189019ns          195426 1c00814a 19010613 addi             x12, x2, 400        x12=10000788  x2:100005f8
12189039ns          195427 1c00814c 00c787b3 add              x15, x15, x12       x15=100008ec x15:00000164 x12:10000788
12189059ns          195428 1c00814e e607a823 sw               x0, -400(x15)       x15:100008ec  PA:1000075c
12189079ns          195429 1c008152 00168693 addi             x13, x13, 1         x13=0000005a x13:00000059
12189119ns          195431 1c008146 00269793 slli             x15, x13, 0x2       x15=00000168 x13:0000005a
12189139ns          195432 1c00814a 19010613 addi             x12, x2, 400        x12=10000788  x2:100005f8
12189159ns          195433 1c00814c 00c787b3 add              x15, x15, x12       x15=100008f0 x15:00000168 x12:10000788
12189179ns          195434 1c00814e e607a823 sw               x0, -400(x15)       x15:100008f0  PA:10000760
12189198ns          195435 1c008152 00168693 addi             x13, x13, 1         x13=0000005b x13:0000005a
12189238ns          195437 1c008146 00269793 slli             x15, x13, 0x2       x15=0000016c x13:0000005b
12189258ns          195438 1c00814a 19010613 addi             x12, x2, 400        x12=10000788  x2:100005f8
12189278ns          195439 1c00814c 00c787b3 add              x15, x15, x12       x15=100008f4 x15:0000016c x12:10000788
12189298ns          195440 1c00814e e607a823 sw               x0, -400(x15)       x15:100008f4  PA:10000764
12189318ns          195441 1c008152 00168693 addi             x13, x13, 1         x13=0000005c x13:0000005b
12189358ns          195443 1c008146 00269793 slli             x15, x13, 0x2       x15=00000170 x13:0000005c
12189378ns          195444 1c00814a 19010613 addi             x12, x2, 400        x12=10000788  x2:100005f8
12189397ns          195445 1c00814c 00c787b3 add              x15, x15, x12       x15=100008f8 x15:00000170 x12:10000788
12189417ns          195446 1c00814e e607a823 sw               x0, -400(x15)       x15:100008f8  PA:10000768
12189437ns          195447 1c008152 00168693 addi             x13, x13, 1         x13=0000005d x13:0000005c
12189477ns          195449 1c008146 00269793 slli             x15, x13, 0x2       x15=00000174 x13:0000005d
12189497ns          195450 1c00814a 19010613 addi             x12, x2, 400        x12=10000788  x2:100005f8
12189517ns          195451 1c00814c 00c787b3 add              x15, x15, x12       x15=100008fc x15:00000174 x12:10000788
12189537ns          195452 1c00814e e607a823 sw               x0, -400(x15)       x15:100008fc  PA:1000076c
12189557ns          195453 1c008152 00168693 addi             x13, x13, 1         x13=0000005e x13:0000005d
12189596ns          195455 1c008146 00269793 slli             x15, x13, 0x2       x15=00000178 x13:0000005e
12189616ns          195456 1c00814a 19010613 addi             x12, x2, 400        x12=10000788  x2:100005f8
12189636ns          195457 1c00814c 00c787b3 add              x15, x15, x12       x15=10000900 x15:00000178 x12:10000788
12189656ns          195458 1c00814e e607a823 sw               x0, -400(x15)       x15:10000900  PA:10000770
12189676ns          195459 1c008152 00168693 addi             x13, x13, 1         x13=0000005f x13:0000005e
12189716ns          195461 1c008146 00269793 slli             x15, x13, 0x2       x15=0000017c x13:0000005f
12189736ns          195462 1c00814a 19010613 addi             x12, x2, 400        x12=10000788  x2:100005f8
12189755ns          195463 1c00814c 00c787b3 add              x15, x15, x12       x15=10000904 x15:0000017c x12:10000788
12189775ns          195464 1c00814e e607a823 sw               x0, -400(x15)       x15:10000904  PA:10000774
12189795ns          195465 1c008152 00168693 addi             x13, x13, 1         x13=00000060 x13:0000005f
12189835ns          195467 1c008146 00269793 slli             x15, x13, 0x2       x15=00000180 x13:00000060
12189855ns          195468 1c00814a 19010613 addi             x12, x2, 400        x12=10000788  x2:100005f8
12189875ns          195469 1c00814c 00c787b3 add              x15, x15, x12       x15=10000908 x15:00000180 x12:10000788
12189895ns          195470 1c00814e e607a823 sw               x0, -400(x15)       x15:10000908  PA:10000778
12189915ns          195471 1c008152 00168693 addi             x13, x13, 1         x13=00000061 x13:00000060
12189954ns          195473 1c008146 00269793 slli             x15, x13, 0x2       x15=00000184 x13:00000061
12189974ns          195474 1c00814a 19010613 addi             x12, x2, 400        x12=10000788  x2:100005f8
12189994ns          195475 1c00814c 00c787b3 add              x15, x15, x12       x15=1000090c x15:00000184 x12:10000788
12190014ns          195476 1c00814e e607a823 sw               x0, -400(x15)       x15:1000090c  PA:1000077c
12190034ns          195477 1c008152 00168693 addi             x13, x13, 1         x13=00000062 x13:00000061
12190074ns          195479 1c008146 00269793 slli             x15, x13, 0x2       x15=00000188 x13:00000062
12190094ns          195480 1c00814a 19010613 addi             x12, x2, 400        x12=10000788  x2:100005f8
12190113ns          195481 1c00814c 00c787b3 add              x15, x15, x12       x15=10000910 x15:00000188 x12:10000788
12190133ns          195482 1c00814e e607a823 sw               x0, -400(x15)       x15:10000910  PA:10000780
12190153ns          195483 1c008152 00168693 addi             x13, x13, 1         x13=00000063 x13:00000062
12190193ns          195485 1c008146 00269793 slli             x15, x13, 0x2       x15=0000018c x13:00000063
12190213ns          195486 1c00814a 19010613 addi             x12, x2, 400        x12=10000788  x2:100005f8
12190233ns          195487 1c00814c 00c787b3 add              x15, x15, x12       x15=10000914 x15:0000018c x12:10000788
12190253ns          195488 1c00814e e607a823 sw               x0, -400(x15)       x15:10000914  PA:10000784
12190273ns          195489 1c008152 00168693 addi             x13, x13, 1         x13=00000064 x13:00000063
12190292ns          195490 1c008154 19010113 addi             x2, x2, 400          x2=10000788  x2:100005f8
12190312ns          195491 1c008156 00008067 jalr             x0, x1, 0            x1:1c0081a2
12190352ns          195493 1c0081a2 00900793 addi             x15, x0, 9          x15=00000009
12190372ns          195494 1c0081a4 00f12223 sw               x15, 4(x2)          x15:00000009  x2:10000788  PA:1000078c
12190392ns          195495 1c0081a6 00800793 addi             x15, x0, 8          x15=00000008
12190412ns          195496 1c0081a8 00f12023 sw               x15, 0(x2)          x15:00000008  x2:10000788  PA:10000788
12190432ns          195497 1c0081aa 00700893 addi             x17, x0, 7          x17=00000007
12190452ns          195498 1c0081ac 00600813 addi             x16, x0, 6          x16=00000006
12190472ns          195499 1c0081ae 00500793 addi             x15, x0, 5          x15=00000005
12190849ns          195518 1c0081b0 00400713 addi             x14, x0, 4          x14=00000004
12190869ns          195519 1c0081b2 00300693 addi             x13, x0, 3          x13=00000003
12190889ns          195520 1c0081b4 00200613 addi             x12, x0, 2          x12=00000002
12190909ns          195521 1c0081b6 00100593 addi             x11, x0, 1          x11=00000001
12190929ns          195522 1c0081b8 00000513 addi             x10, x0, 0          x10=00000000
12190949ns          195523 1c0081ba 07e000ef jal              x1, 126              x1=1c0081bc
12191844ns          195568 1c008238 02051963 bne              x10, x0, 50         x10:00000000
12191864ns          195569 1c00823a 00100513 addi             x10, x0, 1          x10=00000001
12191884ns          195570 1c00823c 0015a363 p.beqimm         x11, 6              x11:00000001
12192381ns          195595 1c008242 fe263fe3 p.bneimm         x12, -2             x12:00000002
12192401ns          195596 1c008246 fe36bde3 p.bneimm         x13, -6             x13:00000003
12192421ns          195597 1c00824a fe473be3 p.bneimm         x14, -10            x14:00000004
12192858ns          195619 1c00824e fe57b9e3 p.bneimm         x15, -14            x15:00000005
12192898ns          195621 1c008252 fe6837e3 p.bneimm         x16, -18            x16:00000006
12192918ns          195622 1c008256 fe78b5e3 p.bneimm         x17, -22            x17:00000007
12192938ns          195623 1c00825a 00012783 lw               x15, 0(x2)          x15=00000008  x2:10000788  PA:10000788
12192978ns          195625 1c00825c fe87b2e3 p.bneimm         x15, -28            x15:00000008
12193376ns          195645 1c008260 00412503 lw               x10, 4(x2)          x10=00000009  x2:10000788  PA:1000078c
12193415ns          195647 1c008262 ff750513 addi             x10, x10, -9        x10=00000000 x10:00000009
12193435ns          195648 1c008264 00a03533 sltu             x10, x0, x10        x10=00000000 x10:00000000
12193455ns          195649 1c008268 00008067 jalr             x0, x1, 0            x1:1c0081bc
12193932ns          195673 1c0081bc 06051563 bne              x10, x0, 106        x10:00000000
12193952ns          195674 1c0081be 00900793 addi             x15, x0, 9          x15=00000009
12193972ns          195675 1c0081c0 00f12223 sw               x15, 4(x2)          x15:00000009  x2:10000788  PA:1000078c
12193992ns          195676 1c0081c2 00800793 addi             x15, x0, 8          x15=00000008
12194012ns          195677 1c0081c4 00f12023 sw               x15, 0(x2)          x15:00000008  x2:10000788  PA:10000788
12194032ns          195678 1c0081c6 00700893 addi             x17, x0, 7          x17=00000007
12194052ns          195679 1c0081c8 00600813 addi             x16, x0, 6          x16=00000006
12194072ns          195680 1c0081ca 00500793 addi             x15, x0, 5          x15=00000005
12194092ns          195681 1c0081cc 00400713 addi             x14, x0, 4          x14=00000004
12194112ns          195682 1c0081ce 00300693 addi             x13, x0, 3          x13=00000003
12194470ns          195700 1c0081d0 00200613 addi             x12, x0, 2          x12=00000002
12194489ns          195701 1c0081d2 00100593 addi             x11, x0, 1          x11=00000001
12194509ns          195702 1c0081d4 00000513 addi             x10, x0, 0          x10=00000000
12194529ns          195703 1c0081d6 098000ef jal              x1, 152              x1=1c0081d8
12194569ns          195705 1c00826e fd010113 addi             x2, x2, -48          x2=10000758  x2:10000788
12194589ns          195706 1c008270 01410313 addi             x6, x2, 20           x6=1000076c  x2:10000758
12194609ns          195707 1c008274 00612623 sw               x6, 12(x2)           x6:1000076c  x2:10000758  PA:10000764
12194629ns          195708 1c008276 00b12a23 sw               x11, 20(x2)         x11:00000001  x2:10000758  PA:1000076c
12194649ns          195709 1c008278 00c12c23 sw               x12, 24(x2)         x12:00000002  x2:10000758  PA:10000770
12194668ns          195710 1c00827a 00d12e23 sw               x13, 28(x2)         x13:00000003  x2:10000758  PA:10000774
12194688ns          195711 1c00827c 02e12023 sw               x14, 32(x2)         x14:00000004  x2:10000758  PA:10000778
12194708ns          195712 1c00827e 02f12223 sw               x15, 36(x2)         x15:00000005  x2:10000758  PA:1000077c
12195086ns          195731 1c008280 03012423 sw               x16, 40(x2)         x16:00000006  x2:10000758  PA:10000780
12195106ns          195732 1c008282 03112623 sw               x17, 44(x2)         x17:00000007  x2:10000758  PA:10000784
12195126ns          195733 1c008284 03012e03 lw               x28, 48(x2)         x28=00000008  x2:10000758  PA:10000788
12195146ns          195734 1c008286 03412303 lw               x6, 52(x2)           x6=00000009  x2:10000758  PA:1000078c
12195166ns          195735 1c008288 02051963 bne              x10, x0, 50         x10:00000000
12195186ns          195736 1c00828a 00100513 addi             x10, x0, 1          x10=00000001
12195206ns          195737 1c00828c 0015a463 p.beqimm         x11, 8              x11:00000001
12195643ns          195759 1c008294 fe263ee3 p.bneimm         x12, -4             x12:00000002
12195663ns          195760 1c008298 fe36bce3 p.bneimm         x13, -8             x13:00000003
12195683ns          195761 1c00829c fe473ae3 p.bneimm         x14, -12            x14:00000004
12196120ns          195783 1c0082a0 fe57b8e3 p.bneimm         x15, -16            x15:00000005
12196160ns          195785 1c0082a4 fe6836e3 p.bneimm         x16, -20            x16:00000006
12196180ns          195786 1c0082a8 fe78b4e3 p.bneimm         x17, -24            x17:00000007
12196200ns          195787 1c0082ac fe8e32e3 p.bneimm         x28, -28            x28:00000008
12196638ns          195809 1c0082b0 ff730513 addi             x10, x6, -9         x10=00000000  x6:00000009
12196677ns          195811 1c0082b4 00a03533 sltu             x10, x0, x10        x10=00000000 x10:00000000
12196697ns          195812 1c0082b8 fd9ff06f jal              x0, -40            
12196737ns          195814 1c008290 03010113 addi             x2, x2, 48           x2=10000788  x2:10000758
12196757ns          195815 1c008292 00008067 jalr             x0, x1, 0            x1:1c0081d8
12196797ns          195817 1c0081d8 02051e63 bne              x10, x0, 60         x10:00000000
12196817ns          195818 1c0081da 00900793 addi             x15, x0, 9          x15=00000009
12196837ns          195819 1c0081dc 00f12223 sw               x15, 4(x2)          x15:00000009  x2:10000788  PA:1000078c
12196856ns          195820 1c0081de 00800793 addi             x15, x0, 8          x15=00000008
12197254ns          195840 1c0081e0 00f12023 sw               x15, 0(x2)          x15:00000008  x2:10000788  PA:10000788
12197274ns          195841 1c0081e2 00700893 addi             x17, x0, 7          x17=00000007
12197294ns          195842 1c0081e4 00600813 addi             x16, x0, 6          x16=00000006
12197314ns          195843 1c0081e6 00500793 addi             x15, x0, 5          x15=00000005
12197334ns          195844 1c0081e8 00400713 addi             x14, x0, 4          x14=00000004
12197354ns          195845 1c0081ea 00300693 addi             x13, x0, 3          x13=00000003
12197374ns          195846 1c0081ec 00200613 addi             x12, x0, 2          x12=00000002
12197393ns          195847 1c0081ee 00100593 addi             x11, x0, 1          x11=00000001
12197771ns          195866 1c0081f0 00000513 addi             x10, x0, 0          x10=00000000
12197791ns          195867 1c0081f2 0ce000ef jal              x1, 206              x1=1c0081f4
12198249ns          195890 1c0082c0 fd010113 addi             x2, x2, -48          x2=10000758  x2:10000788
12198289ns          195892 1c0082c2 01410313 addi             x6, x2, 20           x6=1000076c  x2:10000758
12198308ns          195893 1c0082c6 00612623 sw               x6, 12(x2)           x6:1000076c  x2:10000758  PA:10000764
12198328ns          195894 1c0082c8 00b12a23 sw               x11, 20(x2)         x11:00000001  x2:10000758  PA:1000076c
12198348ns          195895 1c0082ca 00c12c23 sw               x12, 24(x2)         x12:00000002  x2:10000758  PA:10000770
12198368ns          195896 1c0082cc 00d12e23 sw               x13, 28(x2)         x13:00000003  x2:10000758  PA:10000774
12198388ns          195897 1c0082ce 02e12023 sw               x14, 32(x2)         x14:00000004  x2:10000758  PA:10000778
12198766ns          195916 1c0082d0 02f12223 sw               x15, 36(x2)         x15:00000005  x2:10000758  PA:1000077c
12198786ns          195917 1c0082d2 03012423 sw               x16, 40(x2)         x16:00000006  x2:10000758  PA:10000780
12198806ns          195918 1c0082d4 03112623 sw               x17, 44(x2)         x17:00000007  x2:10000758  PA:10000784
12198826ns          195919 1c0082d6 03012e03 lw               x28, 48(x2)         x28=00000008  x2:10000758  PA:10000788
12198846ns          195920 1c0082d8 03412303 lw               x6, 52(x2)           x6=00000009  x2:10000758  PA:1000078c
12198865ns          195921 1c0082da 02051963 bne              x10, x0, 50         x10:00000000
12198885ns          195922 1c0082dc 00100513 addi             x10, x0, 1          x10=00000001
12199283ns          195942 1c0082de 0015a463 p.beqimm         x11, 8              x11:00000001
12199363ns          195946 1c0082e6 fe263ee3 p.bneimm         x12, -4             x12:00000002
12199383ns          195947 1c0082ea fe36bce3 p.bneimm         x13, -8             x13:00000003
12199840ns          195970 1c0082ee fe473ae3 p.bneimm         x14, -12            x14:00000004
12199880ns          195972 1c0082f2 fe57b8e3 p.bneimm         x15, -16            x15:00000005
12199900ns          195973 1c0082f6 fe6836e3 p.bneimm         x16, -20            x16:00000006
12199920ns          195974 1c0082fa fe78b4e3 p.bneimm         x17, -24            x17:00000007
12200357ns          195996 1c0082fe fe8e32e3 p.bneimm         x28, -28            x28:00000008
12200397ns          195998 1c008302 ff730513 addi             x10, x6, -9         x10=00000000  x6:00000009
12200417ns          195999 1c008306 00a03533 sltu             x10, x0, x10        x10=00000000 x10:00000000
12200437ns          196000 1c00830a fd9ff06f jal              x0, -40            
12200914ns          196024 1c0082e2 03010113 addi             x2, x2, 48           x2=10000788  x2:10000758
12200934ns          196025 1c0082e4 00008067 jalr             x0, x1, 0            x1:1c0081f4
12200974ns          196027 1c0081f4 00051563 bne              x10, x0, 10         x10:00000000
12200994ns          196028 1c0081f6 01c12083 lw               x1, 28(x2)           x1=1c009b04  x2:10000788  PA:100007a4
12201014ns          196029 1c0081f8 01812403 lw               x8, 24(x2)           x8=1c00095c  x2:10000788  PA:100007a0
12201033ns          196030 1c0081fa 02010113 addi             x2, x2, 32           x2=100007a8  x2:10000788
12201053ns          196031 1c0081fc 00008067 jalr             x0, x1, 0            x1:1c009b04
12201909ns          196074 1c009b04 00892683 lw               x13, 8(x18)         x13=00000000 x18:1a10b004  PA:1a10b00c
12202247ns          196091 1c009b08 000a2703 lw               x14, 0(x20)         x14=00000001 x20:1c000960  PA:1c000960
12202545ns          196106 1c009b0c 00d12423 sw               x13, 8(x2)          x13:00000000  x2:100007a8  PA:100007b0
12202565ns          196107 1c009b0e fc0706e3 beq              x14, x0, -52        x14:00000001
12202585ns          196108 1c009b10 ffcda583 lw               x11, -4(x27)        x11=1c0000b8 x27:1c000954  PA:1c000950
12202883ns          196123 1c009b14 0d8d0513 addi             x10, x26, 216       x10=1c0000d8 x26:1c000000
12202903ns          196124 1c009b18 dcffe0ef jal              x1, -4658            x1=1c009b1c
12203520ns          196155 1c0088e6 fc010113 addi             x2, x2, -64          x2=10000768  x2:100007a8
12203560ns          196157 1c0088e8 02410313 addi             x6, x2, 36           x6=1000078c  x2:10000768
12203580ns          196158 1c0088ec 02c12423 sw               x12, 40(x2)         x12:00000002  x2:10000768  PA:10000790
12203599ns          196159 1c0088ee 00a00633 add              x12, x0, x10        x12=1c0000d8 x10:1c0000d8
12204017ns          196180 1c0088f0 1c009537 lui              x10, 0x1c009000     x10=1c009000
12204057ns          196182 1c0088f4 02b12223 sw               x11, 36(x2)         x11:1c0000b8  x2:10000768  PA:1000078c
12204077ns          196183 1c0088f6 02d12623 sw               x13, 44(x2)         x13:00000000  x2:10000768  PA:10000794
12204097ns          196184 1c0088f8 00200593 addi             x11, x0, 2          x11=00000002
12204117ns          196185 1c0088fa 006006b3 add              x13, x0, x6         x13=1000078c  x6:1000078c
12204136ns          196186 1c0088fc 87a50513 addi             x10, x10, -1926     x10=1c00887a x10:1c009000
12204534ns          196206 1c008900 00112e23 sw               x1, 28(x2)           x1:1c009b1c  x2:10000768  PA:10000784
12204554ns          196207 1c008902 02e12823 sw               x14, 48(x2)         x14:00000001  x2:10000768  PA:10000798
12204574ns          196208 1c008904 02f12a23 sw               x15, 52(x2)         x15:00000005  x2:10000768  PA:1000079c
12204594ns          196209 1c008906 03012c23 sw               x16, 56(x2)         x16:00000006  x2:10000768  PA:100007a0
12204614ns          196210 1c008908 03112e23 sw               x17, 60(x2)         x17:00000007  x2:10000768  PA:100007a4
12204634ns          196211 1c00890a 00612623 sw               x6, 12(x2)           x6:1000078c  x2:10000768  PA:10000774
12204654ns          196212 1c00890c fbfff0ef jal              x1, -66              x1=1c00890e
12205529ns          196256 1c0088ca 04a0006f jal              x0, 74             
12205569ns          196258 1c008914 ed010113 addi             x2, x2, -304         x2=10000638  x2:10000768
12205588ns          196259 1c008916 12812423 sw               x8, 296(x2)          x8:1c00095c  x2:10000638  PA:10000760
12205608ns          196260 1c00891a 00000413 addi             x8, x0, 0            x8=00000000
12205628ns          196261 1c00891c 11612823 sw               x22, 272(x2)        x22:1c00a000  x2:10000638  PA:10000748
12206046ns          196282 1c008920 11712623 sw               x23, 268(x2)        x23:1c000000  x2:10000638  PA:10000744
12206086ns          196284 1c008924 11812423 sw               x24, 264(x2)        x24:1c000000  x2:10000638  PA:10000740
12206106ns          196285 1c008928 11912223 sw               x25, 260(x2)        x25:1c000000  x2:10000638  PA:1000073c
12206126ns          196286 1c00892c 11a12023 sw               x26, 256(x2)        x26:1c000000  x2:10000638  PA:10000738
12206563ns          196308 1c008930 0fb12e23 sw               x27, 252(x2)        x27:1c000954  x2:10000638  PA:10000734
12206603ns          196310 1c008932 12112623 sw               x1, 300(x2)          x1:1c00890e  x2:10000638  PA:10000764
12206623ns          196311 1c008936 00800db3 add              x27, x0, x8         x27=00000000  x8:00000000
12206643ns          196312 1c008938 12912223 sw               x9, 292(x2)          x9:00000000  x2:10000638  PA:1000075c
12206663ns          196313 1c00893c 13212023 sw               x18, 288(x2)        x18:1a10b004  x2:10000638  PA:10000758
12207080ns          196334 1c008940 11312e23 sw               x19, 284(x2)        x19:00000000  x2:10000638  PA:10000754
12207120ns          196336 1c008944 11412c23 sw               x20, 280(x2)        x20:1c000960  x2:10000638  PA:10000750
12207140ns          196337 1c008948 11512a23 sw               x21, 276(x2)        x21:1c00a000  x2:10000638  PA:1000074c
12207160ns          196338 1c00894c 00a00b33 add              x22, x0, x10        x22=1c00887a x10:1c00887a
12207180ns          196339 1c00894e 00b00d33 add              x26, x0, x11        x26=00000002 x11:00000002
12207617ns          196361 1c008950 00d00c33 add              x24, x0, x13        x24=1000078c x13:1000078c
12207657ns          196363 1c008952 1c000bb7 lui              x23, 0x1c000000     x23=1c000000
12207677ns          196364 1c008956 02410c93 addi             x25, x2, 36         x25=1000065c  x2:10000638
12207697ns          196365 1c00895a 00c00433 add              x8, x0, x12          x8=1c0000d8 x12:1c0000d8
12207717ns          196366 1c00895c 00044503 lbu              x10, 0(x8)          x10=0000003d  x8:1c0000d8  PA:1c0000d8
12208154ns          196388 1c008960 00140413 addi             x8, x8, 1            x8=1c0000d9  x8:1c0000d8
12208174ns          196389 1c008962 00050e63 beq              x10, x0, 28         x10:0000003d
12208194ns          196390 1c008964 02500793 addi             x15, x0, 37         x15=00000025
12208214ns          196391 1c008968 04f50863 beq              x10, x15, 80        x10:0000003d x15:00000025
12208234ns          196392 1c00896c 01a005b3 add              x11, x0, x26        x11=00000002 x26:00000002
12208254ns          196393 1c00896e 000b00e7 jalr             x1, x22, 0           x1=1c008970 x22:1c00887a
12209129ns          196437 1c00887a 000026b7 lui              x13, 0x2000         x13=00002000
12209169ns          196439 1c00887c f14027f3 csrrs            x15, x0, 0xf14      x15=00000000
12209606ns          196461 1c008880 f8068693 addi             x13, x13, -128      x13=00001f80 x13:00002000
12209646ns          196463 1c008884 00379713 slli             x14, x15, 0x3       x14=00000000 x15:00000000
12209666ns          196464 1c008888 00279793 slli             x15, x15, 0x2       x15=00000000 x15:00000000
12209686ns          196465 1c00888a 00d7f7b3 and              x15, x15, x13       x15=00000000 x15:00000000 x13:00001f80
12209706ns          196466 1c00888c ee873733 p.bclr           x14, x14, 23, 8     x14=00000000 x14:00000000
12210124ns          196487 1c008890 1a10f6b7 lui              x13, 0x1a10f000     x13=1a10f000
12210163ns          196489 1c008894 0ff57513 andi             x10, x10, 255       x10=0000003d x10:0000003d
12210183ns          196490 1c008898 00d70733 add              x14, x14, x13       x14=1a10f000 x14:00000000 x13:1a10f000
12210203ns          196491 1c00889a 00a7e723 p.sw             x10, x0(x15)        x10:0000003d x15:00000000  PA:1a10f000
12210521ns          196507 1c00889e 00000513 addi             x10, x0, 0          x10=00000000
12210641ns          196513 1c0088a0 00008067 jalr             x0, x1, 0            x1:1c008970
12210720ns          196517 1c008970 31f52563 p.beqimm         x10, 778            x10:00000000
12210760ns          196519 1c008974 001d8d93 addi             x27, x27, 1         x27=00000001 x27:00000000
12210780ns          196520 1c008976 00044503 lbu              x10, 0(x8)          x10=0000003d  x8:1c0000d9  PA:1c0000d9
12211078ns          196535 1c00897a 00140413 addi             x8, x8, 1            x8=1c0000da  x8:1c0000d9
12211098ns          196536 1c00897c fe0514e3 bne              x10, x0, -24        x10:0000003d
12211277ns          196545 1c008964 02500793 addi             x15, x0, 37         x15=00000025
12211297ns          196546 1c008968 04f50863 beq              x10, x15, 80        x10:0000003d x15:00000025
12211317ns          196547 1c00896c 01a005b3 add              x11, x0, x26        x11=00000002 x26:00000002
12211337ns          196548 1c00896e 000b00e7 jalr             x1, x22, 0           x1=1c008970 x22:1c00887a
12211377ns          196550 1c00887a 000026b7 lui              x13, 0x2000         x13=00002000
12211397ns          196551 1c00887c f14027f3 csrrs            x15, x0, 0xf14      x15=00000000
12211456ns          196554 1c008880 f8068693 addi             x13, x13, -128      x13=00001f80 x13:00002000
12211496ns          196556 1c008884 00379713 slli             x14, x15, 0x3       x14=00000000 x15:00000000
12211516ns          196557 1c008888 00279793 slli             x15, x15, 0x2       x15=00000000 x15:00000000
12211536ns          196558 1c00888a 00d7f7b3 and              x15, x15, x13       x15=00000000 x15:00000000 x13:00001f80
12211556ns          196559 1c00888c ee873733 p.bclr           x14, x14, 23, 8     x14=00000000 x14:00000000
12211576ns          196560 1c008890 1a10f6b7 lui              x13, 0x1a10f000     x13=1a10f000
12211595ns          196561 1c008894 0ff57513 andi             x10, x10, 255       x10=0000003d x10:0000003d
12211615ns          196562 1c008898 00d70733 add              x14, x14, x13       x14=1a10f000 x14:00000000 x13:1a10f000
12211635ns          196563 1c00889a 00a7e723 p.sw             x10, x0(x15)        x10:0000003d x15:00000000  PA:1a10f000
12211954ns          196579 1c00889e 00000513 addi             x10, x0, 0          x10=00000000
12211973ns          196580 1c0088a0 00008067 jalr             x0, x1, 0            x1:1c008970
12212013ns          196582 1c008970 31f52563 p.beqimm         x10, 778            x10:00000000
12212033ns          196583 1c008974 001d8d93 addi             x27, x27, 1         x27=00000002 x27:00000001
12212053ns          196584 1c008976 00044503 lbu              x10, 0(x8)          x10=00000020  x8:1c0000da  PA:1c0000da
12212351ns          196599 1c00897a 00140413 addi             x8, x8, 1            x8=1c0000db  x8:1c0000da
12212371ns          196600 1c00897c fe0514e3 bne              x10, x0, -24        x10:00000020
12212431ns          196603 1c008964 02500793 addi             x15, x0, 37         x15=00000025
12212451ns          196604 1c008968 04f50863 beq              x10, x15, 80        x10:00000020 x15:00000025
12212471ns          196605 1c00896c 01a005b3 add              x11, x0, x26        x11=00000002 x26:00000002
12212491ns          196606 1c00896e 000b00e7 jalr             x1, x22, 0           x1=1c008970 x22:1c00887a
12212530ns          196608 1c00887a 000026b7 lui              x13, 0x2000         x13=00002000
12212550ns          196609 1c00887c f14027f3 csrrs            x15, x0, 0xf14      x15=00000000
12212570ns          196610 1c008880 f8068693 addi             x13, x13, -128      x13=00001f80 x13:00002000
12212590ns          196611 1c008884 00379713 slli             x14, x15, 0x3       x14=00000000 x15:00000000
12212610ns          196612 1c008888 00279793 slli             x15, x15, 0x2       x15=00000000 x15:00000000
12212630ns          196613 1c00888a 00d7f7b3 and              x15, x15, x13       x15=00000000 x15:00000000 x13:00001f80
12212650ns          196614 1c00888c ee873733 p.bclr           x14, x14, 23, 8     x14=00000000 x14:00000000
12212670ns          196615 1c008890 1a10f6b7 lui              x13, 0x1a10f000     x13=1a10f000
12212689ns          196616 1c008894 0ff57513 andi             x10, x10, 255       x10=00000020 x10:00000020
12212709ns          196617 1c008898 00d70733 add              x14, x14, x13       x14=1a10f000 x14:00000000 x13:1a10f000
12212729ns          196618 1c00889a 00a7e723 p.sw             x10, x0(x15)        x10:00000020 x15:00000000  PA:1a10f000
12213048ns          196634 1c00889e 00000513 addi             x10, x0, 0          x10=00000000
12213067ns          196635 1c0088a0 00008067 jalr             x0, x1, 0            x1:1c008970
12213107ns          196637 1c008970 31f52563 p.beqimm         x10, 778            x10:00000000
12213127ns          196638 1c008974 001d8d93 addi             x27, x27, 1         x27=00000003 x27:00000002
12213147ns          196639 1c008976 00044503 lbu              x10, 0(x8)          x10=00000074  x8:1c0000db  PA:1c0000db
12213465ns          196655 1c00897a 00140413 addi             x8, x8, 1            x8=1c0000dc  x8:1c0000db
12213485ns          196656 1c00897c fe0514e3 bne              x10, x0, -24        x10:00000074
12213545ns          196659 1c008964 02500793 addi             x15, x0, 37         x15=00000025
12213565ns          196660 1c008968 04f50863 beq              x10, x15, 80        x10:00000074 x15:00000025
12213585ns          196661 1c00896c 01a005b3 add              x11, x0, x26        x11=00000002 x26:00000002
12213604ns          196662 1c00896e 000b00e7 jalr             x1, x22, 0           x1=1c008970 x22:1c00887a
12213644ns          196664 1c00887a 000026b7 lui              x13, 0x2000         x13=00002000
12213664ns          196665 1c00887c f14027f3 csrrs            x15, x0, 0xf14      x15=00000000
12213684ns          196666 1c008880 f8068693 addi             x13, x13, -128      x13=00001f80 x13:00002000
12213704ns          196667 1c008884 00379713 slli             x14, x15, 0x3       x14=00000000 x15:00000000
12213724ns          196668 1c008888 00279793 slli             x15, x15, 0x2       x15=00000000 x15:00000000
12213744ns          196669 1c00888a 00d7f7b3 and              x15, x15, x13       x15=00000000 x15:00000000 x13:00001f80
12213764ns          196670 1c00888c ee873733 p.bclr           x14, x14, 23, 8     x14=00000000 x14:00000000
12213783ns          196671 1c008890 1a10f6b7 lui              x13, 0x1a10f000     x13=1a10f000
12213803ns          196672 1c008894 0ff57513 andi             x10, x10, 255       x10=00000074 x10:00000074
12213823ns          196673 1c008898 00d70733 add              x14, x14, x13       x14=1a10f000 x14:00000000 x13:1a10f000
12213843ns          196674 1c00889a 00a7e723 p.sw             x10, x0(x15)        x10:00000074 x15:00000000  PA:1a10f000
12214161ns          196690 1c00889e 00000513 addi             x10, x0, 0          x10=00000000
12214181ns          196691 1c0088a0 00008067 jalr             x0, x1, 0            x1:1c008970
12214221ns          196693 1c008970 31f52563 p.beqimm         x10, 778            x10:00000000
12214241ns          196694 1c008974 001d8d93 addi             x27, x27, 1         x27=00000004 x27:00000003
12214261ns          196695 1c008976 00044503 lbu              x10, 0(x8)          x10=00000065  x8:1c0000dc  PA:1c0000dc
12214579ns          196711 1c00897a 00140413 addi             x8, x8, 1            x8=1c0000dd  x8:1c0000dc
12214599ns          196712 1c00897c fe0514e3 bne              x10, x0, -24        x10:00000065
12214659ns          196715 1c008964 02500793 addi             x15, x0, 37         x15=00000025
12214679ns          196716 1c008968 04f50863 beq              x10, x15, 80        x10:00000065 x15:00000025
12214698ns          196717 1c00896c 01a005b3 add              x11, x0, x26        x11=00000002 x26:00000002
12214718ns          196718 1c00896e 000b00e7 jalr             x1, x22, 0           x1=1c008970 x22:1c00887a
12214758ns          196720 1c00887a 000026b7 lui              x13, 0x2000         x13=00002000
12214778ns          196721 1c00887c f14027f3 csrrs            x15, x0, 0xf14      x15=00000000
12214798ns          196722 1c008880 f8068693 addi             x13, x13, -128      x13=00001f80 x13:00002000
12214818ns          196723 1c008884 00379713 slli             x14, x15, 0x3       x14=00000000 x15:00000000
12214838ns          196724 1c008888 00279793 slli             x15, x15, 0x2       x15=00000000 x15:00000000
12214858ns          196725 1c00888a 00d7f7b3 and              x15, x15, x13       x15=00000000 x15:00000000 x13:00001f80
12214877ns          196726 1c00888c ee873733 p.bclr           x14, x14, 23, 8     x14=00000000 x14:00000000
12214897ns          196727 1c008890 1a10f6b7 lui              x13, 0x1a10f000     x13=1a10f000
12214917ns          196728 1c008894 0ff57513 andi             x10, x10, 255       x10=00000065 x10:00000065
12214937ns          196729 1c008898 00d70733 add              x14, x14, x13       x14=1a10f000 x14:00000000 x13:1a10f000
12214957ns          196730 1c00889a 00a7e723 p.sw             x10, x0(x15)        x10:00000065 x15:00000000  PA:1a10f000
12215275ns          196746 1c00889e 00000513 addi             x10, x0, 0          x10=00000000
12215295ns          196747 1c0088a0 00008067 jalr             x0, x1, 0            x1:1c008970
12215335ns          196749 1c008970 31f52563 p.beqimm         x10, 778            x10:00000000
12215355ns          196750 1c008974 001d8d93 addi             x27, x27, 1         x27=00000005 x27:00000004
12215375ns          196751 1c008976 00044503 lbu              x10, 0(x8)          x10=00000073  x8:1c0000dd  PA:1c0000dd
12215693ns          196767 1c00897a 00140413 addi             x8, x8, 1            x8=1c0000de  x8:1c0000dd
12215713ns          196768 1c00897c fe0514e3 bne              x10, x0, -24        x10:00000073
12215773ns          196771 1c008964 02500793 addi             x15, x0, 37         x15=00000025
12215792ns          196772 1c008968 04f50863 beq              x10, x15, 80        x10:00000073 x15:00000025
12215812ns          196773 1c00896c 01a005b3 add              x11, x0, x26        x11=00000002 x26:00000002
12215832ns          196774 1c00896e 000b00e7 jalr             x1, x22, 0           x1=1c008970 x22:1c00887a
12215872ns          196776 1c00887a 000026b7 lui              x13, 0x2000         x13=00002000
12215892ns          196777 1c00887c f14027f3 csrrs            x15, x0, 0xf14      x15=00000000
12215912ns          196778 1c008880 f8068693 addi             x13, x13, -128      x13=00001f80 x13:00002000
12215932ns          196779 1c008884 00379713 slli             x14, x15, 0x3       x14=00000000 x15:00000000
12215952ns          196780 1c008888 00279793 slli             x15, x15, 0x2       x15=00000000 x15:00000000
12215971ns          196781 1c00888a 00d7f7b3 and              x15, x15, x13       x15=00000000 x15:00000000 x13:00001f80
12215991ns          196782 1c00888c ee873733 p.bclr           x14, x14, 23, 8     x14=00000000 x14:00000000
12216011ns          196783 1c008890 1a10f6b7 lui              x13, 0x1a10f000     x13=1a10f000
12216031ns          196784 1c008894 0ff57513 andi             x10, x10, 255       x10=00000073 x10:00000073
12216051ns          196785 1c008898 00d70733 add              x14, x14, x13       x14=1a10f000 x14:00000000 x13:1a10f000
12216071ns          196786 1c00889a 00a7e723 p.sw             x10, x0(x15)        x10:00000073 x15:00000000  PA:1a10f000
12216389ns          196802 1c00889e 00000513 addi             x10, x0, 0          x10=00000000
12216409ns          196803 1c0088a0 00008067 jalr             x0, x1, 0            x1:1c008970
12216449ns          196805 1c008970 31f52563 p.beqimm         x10, 778            x10:00000000
12216469ns          196806 1c008974 001d8d93 addi             x27, x27, 1         x27=00000006 x27:00000005
12216489ns          196807 1c008976 00044503 lbu              x10, 0(x8)          x10=00000074  x8:1c0000de  PA:1c0000de
12216787ns          196822 1c00897a 00140413 addi             x8, x8, 1            x8=1c0000df  x8:1c0000de
12216807ns          196823 1c00897c fe0514e3 bne              x10, x0, -24        x10:00000074
12216867ns          196826 1c008964 02500793 addi             x15, x0, 37         x15=00000025
12216886ns          196827 1c008968 04f50863 beq              x10, x15, 80        x10:00000074 x15:00000025
12216906ns          196828 1c00896c 01a005b3 add              x11, x0, x26        x11=00000002 x26:00000002
12216926ns          196829 1c00896e 000b00e7 jalr             x1, x22, 0           x1=1c008970 x22:1c00887a
12216966ns          196831 1c00887a 000026b7 lui              x13, 0x2000         x13=00002000
12216986ns          196832 1c00887c f14027f3 csrrs            x15, x0, 0xf14      x15=00000000
12217006ns          196833 1c008880 f8068693 addi             x13, x13, -128      x13=00001f80 x13:00002000
12217026ns          196834 1c008884 00379713 slli             x14, x15, 0x3       x14=00000000 x15:00000000
12217046ns          196835 1c008888 00279793 slli             x15, x15, 0x2       x15=00000000 x15:00000000
12217065ns          196836 1c00888a 00d7f7b3 and              x15, x15, x13       x15=00000000 x15:00000000 x13:00001f80
12217085ns          196837 1c00888c ee873733 p.bclr           x14, x14, 23, 8     x14=00000000 x14:00000000
12217105ns          196838 1c008890 1a10f6b7 lui              x13, 0x1a10f000     x13=1a10f000
12217125ns          196839 1c008894 0ff57513 andi             x10, x10, 255       x10=00000074 x10:00000074
12217145ns          196840 1c008898 00d70733 add              x14, x14, x13       x14=1a10f000 x14:00000000 x13:1a10f000
12217165ns          196841 1c00889a 00a7e723 p.sw             x10, x0(x15)        x10:00000074 x15:00000000  PA:1a10f000
12217483ns          196857 1c00889e 00000513 addi             x10, x0, 0          x10=00000000
12217503ns          196858 1c0088a0 00008067 jalr             x0, x1, 0            x1:1c008970
12217543ns          196860 1c008970 31f52563 p.beqimm         x10, 778            x10:00000000
12217563ns          196861 1c008974 001d8d93 addi             x27, x27, 1         x27=00000007 x27:00000006
12217583ns          196862 1c008976 00044503 lbu              x10, 0(x8)          x10=0000003a  x8:1c0000df  PA:1c0000df
12217901ns          196878 1c00897a 00140413 addi             x8, x8, 1            x8=1c0000e0  x8:1c0000df
12217921ns          196879 1c00897c fe0514e3 bne              x10, x0, -24        x10:0000003a
12217980ns          196882 1c008964 02500793 addi             x15, x0, 37         x15=00000025
12218000ns          196883 1c008968 04f50863 beq              x10, x15, 80        x10:0000003a x15:00000025
12218020ns          196884 1c00896c 01a005b3 add              x11, x0, x26        x11=00000002 x26:00000002
12218040ns          196885 1c00896e 000b00e7 jalr             x1, x22, 0           x1=1c008970 x22:1c00887a
12218080ns          196887 1c00887a 000026b7 lui              x13, 0x2000         x13=00002000
12218100ns          196888 1c00887c f14027f3 csrrs            x15, x0, 0xf14      x15=00000000
12218120ns          196889 1c008880 f8068693 addi             x13, x13, -128      x13=00001f80 x13:00002000
12218140ns          196890 1c008884 00379713 slli             x14, x15, 0x3       x14=00000000 x15:00000000
12218159ns          196891 1c008888 00279793 slli             x15, x15, 0x2       x15=00000000 x15:00000000
12218179ns          196892 1c00888a 00d7f7b3 and              x15, x15, x13       x15=00000000 x15:00000000 x13:00001f80
12218199ns          196893 1c00888c ee873733 p.bclr           x14, x14, 23, 8     x14=00000000 x14:00000000
12218219ns          196894 1c008890 1a10f6b7 lui              x13, 0x1a10f000     x13=1a10f000
12218239ns          196895 1c008894 0ff57513 andi             x10, x10, 255       x10=0000003a x10:0000003a
12218259ns          196896 1c008898 00d70733 add              x14, x14, x13       x14=1a10f000 x14:00000000 x13:1a10f000
12218279ns          196897 1c00889a 00a7e723 p.sw             x10, x0(x15)        x10:0000003a x15:00000000  PA:1a10f000
12218597ns          196913 1c00889e 00000513 addi             x10, x0, 0          x10=00000000
12218617ns          196914 1c0088a0 00008067 jalr             x0, x1, 0            x1:1c008970
12218657ns          196916 1c008970 31f52563 p.beqimm         x10, 778            x10:00000000
12218677ns          196917 1c008974 001d8d93 addi             x27, x27, 1         x27=00000008 x27:00000007
12218696ns          196918 1c008976 00044503 lbu              x10, 0(x8)          x10=00000020  x8:1c0000e0  PA:1c0000e0
12219015ns          196934 1c00897a 00140413 addi             x8, x8, 1            x8=1c0000e1  x8:1c0000e0
12219035ns          196935 1c00897c fe0514e3 bne              x10, x0, -24        x10:00000020
12219094ns          196938 1c008964 02500793 addi             x15, x0, 37         x15=00000025
12219114ns          196939 1c008968 04f50863 beq              x10, x15, 80        x10:00000020 x15:00000025
12219134ns          196940 1c00896c 01a005b3 add              x11, x0, x26        x11=00000002 x26:00000002
12219154ns          196941 1c00896e 000b00e7 jalr             x1, x22, 0           x1=1c008970 x22:1c00887a
12219194ns          196943 1c00887a 000026b7 lui              x13, 0x2000         x13=00002000
12219214ns          196944 1c00887c f14027f3 csrrs            x15, x0, 0xf14      x15=00000000
12219234ns          196945 1c008880 f8068693 addi             x13, x13, -128      x13=00001f80 x13:00002000
12219253ns          196946 1c008884 00379713 slli             x14, x15, 0x3       x14=00000000 x15:00000000
12219273ns          196947 1c008888 00279793 slli             x15, x15, 0x2       x15=00000000 x15:00000000
12219293ns          196948 1c00888a 00d7f7b3 and              x15, x15, x13       x15=00000000 x15:00000000 x13:00001f80
12219313ns          196949 1c00888c ee873733 p.bclr           x14, x14, 23, 8     x14=00000000 x14:00000000
12219333ns          196950 1c008890 1a10f6b7 lui              x13, 0x1a10f000     x13=1a10f000
12219353ns          196951 1c008894 0ff57513 andi             x10, x10, 255       x10=00000020 x10:00000020
12219373ns          196952 1c008898 00d70733 add              x14, x14, x13       x14=1a10f000 x14:00000000 x13:1a10f000
12219393ns          196953 1c00889a 00a7e723 p.sw             x10, x0(x15)        x10:00000020 x15:00000000  PA:1a10f000
12219711ns          196969 1c00889e 00000513 addi             x10, x0, 0          x10=00000000
12219731ns          196970 1c0088a0 00008067 jalr             x0, x1, 0            x1:1c008970
12219771ns          196972 1c008970 31f52563 p.beqimm         x10, 778            x10:00000000
12219790ns          196973 1c008974 001d8d93 addi             x27, x27, 1         x27=00000009 x27:00000008
12219810ns          196974 1c008976 00044503 lbu              x10, 0(x8)          x10=00000025  x8:1c0000e1  PA:1c0000e1
12220129ns          196990 1c00897a 00140413 addi             x8, x8, 1            x8=1c0000e2  x8:1c0000e1
12220149ns          196991 1c00897c fe0514e3 bne              x10, x0, -24        x10:00000025
12220208ns          196994 1c008964 02500793 addi             x15, x0, 37         x15=00000025
12220228ns          196995 1c008968 04f50863 beq              x10, x15, 80        x10:00000025 x15:00000025
12220705ns          197019 1c0089b8 00044483 lbu              x9, 0(x8)            x9=00000073  x8:1c0000e2  PA:1c0000e2
12221044ns          197036 1c0089bc 02000693 addi             x13, x0, 32         x13=00000020
12221183ns          197043 1c0089c0 00140a93 addi             x21, x8, 1          x21=1c0000e3  x8:1c0000e2
12221223ns          197045 1c0089c4 009005b3 add              x11, x0, x9         x11=00000073  x9:00000073
12221243ns          197046 1c0089c6 0c8b8513 addi             x10, x23, 200       x10=1c0000c8 x23:1c000000
12221262ns          197047 1c0089ca 00d12823 sw               x13, 16(x2)         x13:00000020  x2:10000638  PA:10000648
12221282ns          197048 1c0089cc 00012c23 sw               x0, 24(x2)           x2:10000638  PA:10000650
12221302ns          197049 1c0089ce 00012a23 sw               x0, 20(x2)           x2:10000638  PA:1000064c
12221700ns          197069 1c0089d0 00012e23 sw               x0, 28(x2)           x2:10000638  PA:10000654
12221720ns          197070 1c0089d2 00012623 sw               x0, 12(x2)           x2:10000638  PA:10000644
12221740ns          197071 1c0089d4 02300913 addi             x18, x0, 35         x18=00000023
12221760ns          197072 1c0089d8 02d00a13 addi             x20, x0, 45         x20=0000002d
12221780ns          197073 1c0089dc 015009b3 add              x19, x0, x21        x19=1c0000e3 x21:1c0000e3
12221799ns          197074 1c0089de e1dff0ef jal              x1, -484             x1=1c0089e0
12222714ns          197120 1c0087fa 00054783 lbu              x15, 0(x10)         x15=0000002d x10:1c0000c8  PA:1c0000c8
12223172ns          197143 1c0087fe 0ff5f593 andi             x11, x11, 255       x11=00000073 x11:00000073
12223192ns          197144 1c008802 00b78c63 beq              x15, x11, 24        x15:0000002d x11:00000073
12223212ns          197145 1c008806 00078b63 beq              x15, x0, 22         x15:0000002d
12223232ns          197146 1c008808 00150793 addi             x15, x10, 1         x15=1c0000c9 x10:1c0000c8
12223251ns          197147 1c00880c 0040006f jal              x0, 4              
12223729ns          197171 1c008810 00f00533 add              x10, x0, x15        x10=1c0000c9 x15:1c0000c9
12223749ns          197172 1c008812 0017c70b p.lbu            x14, 1(x15!)        x14=0000002b x15=1c0000ca x15:1c0000c9  PA:1c0000c9
12224067ns          197188 1c008816 feb71ce3 bne              x14, x11, -8        x14:0000002b x11:00000073
12224266ns          197198 1c00880e 00070763 beq              x14, x0, 14         x14:0000002b
12224286ns          197199 1c008810 00f00533 add              x10, x0, x15        x10=1c0000ca x15:1c0000ca
12224306ns          197200 1c008812 0017c70b p.lbu            x14, 1(x15!)        x14=00000020 x15=1c0000cb x15:1c0000ca  PA:1c0000ca
12224624ns          197216 1c008816 feb71ce3 bne              x14, x11, -8        x14:00000020 x11:00000073
12224684ns          197219 1c00880e 00070763 beq              x14, x0, 14         x14:00000020
12224703ns          197220 1c008810 00f00533 add              x10, x0, x15        x10=1c0000cb x15:1c0000cb
12224723ns          197221 1c008812 0017c70b p.lbu            x14, 1(x15!)        x14=00000023 x15=1c0000cc x15:1c0000cb  PA:1c0000cb
12225042ns          197237 1c008816 feb71ce3 bne              x14, x11, -8        x14:00000023 x11:00000073
12225101ns          197240 1c00880e 00070763 beq              x14, x0, 14         x14:00000023
12225121ns          197241 1c008810 00f00533 add              x10, x0, x15        x10=1c0000cc x15:1c0000cc
12225141ns          197242 1c008812 0017c70b p.lbu            x14, 1(x15!)        x14=00000030 x15=1c0000cd x15:1c0000cc  PA:1c0000cc
12225459ns          197258 1c008816 feb71ce3 bne              x14, x11, -8        x14:00000030 x11:00000073
12225519ns          197261 1c00880e 00070763 beq              x14, x0, 14         x14:00000030
12225539ns          197262 1c008810 00f00533 add              x10, x0, x15        x10=1c0000cd x15:1c0000cd
12225559ns          197263 1c008812 0017c70b p.lbu            x14, 1(x15!)        x14=00000000 x15=1c0000ce x15:1c0000cd  PA:1c0000cd
12225877ns          197279 1c008816 feb71ce3 bne              x14, x11, -8        x14:00000000 x11:00000073
12225937ns          197282 1c00880e 00070763 beq              x14, x0, 14         x14:00000000
12225996ns          197285 1c00881c 0015b593 sltiu            x11, x11, 1         x11=00000000 x11:00000073
12226016ns          197286 1c008820 40b005b3 sub              x11, x0, x11        x11=00000000 x11:00000000
12226036ns          197287 1c008824 00b57533 and              x10, x10, x11       x10=00000000 x10:1c0000cd x11:00000000
12226056ns          197288 1c008826 00008067 jalr             x0, x1, 0            x1:1c0089e0
12226096ns          197290 1c0089e0 02050a63 beq              x10, x0, 52         x10:00000000
12226573ns          197314 1c008a14 02a00613 addi             x12, x0, 42         x12=0000002a
12226613ns          197316 1c008a18 2ac48663 beq              x9, x12, 684         x9:00000073 x12:0000002a
12226633ns          197317 1c008a1c fd048613 addi             x12, x9, -48        x12=00000043  x9:00000073
12227070ns          197339 1c008a20 00900593 addi             x11, x0, 9          x11=00000009
12227090ns          197340 1c008a22 00000913 addi             x18, x0, 0          x18=00000000
12227110ns          197341 1c008a24 28c5f063 bgeu             x11, x12, 640       x11:00000009 x12:00000043
12227130ns          197342 1c008a28 02e00693 addi             x13, x0, 46         x13=0000002e
12227150ns          197343 1c008a2c fff00a13 addi             x20, x0, -1         x20=ffffffff
12227608ns          197366 1c008a2e 2ed48363 beq              x9, x13, 742         x9:00000073 x13:0000002e
12227647ns          197368 1c008a32 1c0007b7 lui              x15, 0x1c000000     x15=1c000000
12227667ns          197369 1c008a36 009005b3 add              x11, x0, x9         x11=00000073  x9:00000073
12227687ns          197370 1c008a38 0d078513 addi             x10, x15, 208       x10=1c0000d0 x15:1c000000
12227707ns          197371 1c008a3c dbfff0ef jal              x1, -578             x1=1c008a3e
12228184ns          197395 1c0087fa 00054783 lbu              x15, 0(x10)         x15=00000068 x10:1c0000d0  PA:1c0000d0
12228483ns          197410 1c0087fe 0ff5f593 andi             x11, x11, 255       x11=00000073 x11:00000073
12228503ns          197411 1c008802 00b78c63 beq              x15, x11, 24        x15:00000068 x11:00000073
12228523ns          197412 1c008806 00078b63 beq              x15, x0, 22         x15:00000068
12228542ns          197413 1c008808 00150793 addi             x15, x10, 1         x15=1c0000d1 x10:1c0000d0
12228562ns          197414 1c00880c 0040006f jal              x0, 4              
12228602ns          197416 1c008810 00f00533 add              x10, x0, x15        x10=1c0000d1 x15:1c0000d1
12228622ns          197417 1c008812 0017c70b p.lbu            x14, 1(x15!)        x14=0000006c x15=1c0000d2 x15:1c0000d1  PA:1c0000d1
12228960ns          197434 1c008816 feb71ce3 bne              x14, x11, -8        x14:0000006c x11:00000073
12229020ns          197437 1c00880e 00070763 beq              x14, x0, 14         x14:0000006c
12229040ns          197438 1c008810 00f00533 add              x10, x0, x15        x10=1c0000d2 x15:1c0000d2
12229060ns          197439 1c008812 0017c70b p.lbu            x14, 1(x15!)        x14=0000004c x15=1c0000d3 x15:1c0000d2  PA:1c0000d2
12229378ns          197455 1c008816 feb71ce3 bne              x14, x11, -8        x14:0000004c x11:00000073
12229437ns          197458 1c00880e 00070763 beq              x14, x0, 14         x14:0000004c
12229457ns          197459 1c008810 00f00533 add              x10, x0, x15        x10=1c0000d3 x15:1c0000d3
12229477ns          197460 1c008812 0017c70b p.lbu            x14, 1(x15!)        x14=0000007a x15=1c0000d4 x15:1c0000d3  PA:1c0000d3
12229796ns          197476 1c008816 feb71ce3 bne              x14, x11, -8        x14:0000007a x11:00000073
12229855ns          197479 1c00880e 00070763 beq              x14, x0, 14         x14:0000007a
12229875ns          197480 1c008810 00f00533 add              x10, x0, x15        x10=1c0000d4 x15:1c0000d4
12229895ns          197481 1c008812 0017c70b p.lbu            x14, 1(x15!)        x14=00000000 x15=1c0000d5 x15:1c0000d4  PA:1c0000d4
12230233ns          197498 1c008816 feb71ce3 bne              x14, x11, -8        x14:00000000 x11:00000073
12230293ns          197501 1c00880e 00070763 beq              x14, x0, 14         x14:00000000
12230352ns          197504 1c00881c 0015b593 sltiu            x11, x11, 1         x11=00000000 x11:00000073
12230372ns          197505 1c008820 40b005b3 sub              x11, x0, x11        x11=00000000 x11:00000000
12230392ns          197506 1c008824 00b57533 and              x10, x10, x11       x10=00000000 x10:1c0000d4 x11:00000000
12230412ns          197507 1c008826 00008067 jalr             x0, x1, 0            x1:1c008a3e
12230452ns          197509 1c008a3e 01300433 add              x8, x0, x19          x8=1c0000e3 x19:1c0000e3
12230472ns          197510 1c008a40 00050563 beq              x10, x0, 10         x10:00000000
12230551ns          197514 1c008a4a 06700693 addi             x13, x0, 103        x13=00000067
12230989ns          197536 1c008a4e 2896d963 bge              x13, x9, 658        x13:00000067  x9:00000073
12231029ns          197538 1c008a52 07000693 addi             x13, x0, 112        x13=00000070
12231049ns          197539 1c008a56 7cd48763 beq              x9, x13, 1998        x9:00000073 x13:00000070
12231069ns          197540 1c008a5a 2e96d163 bge              x13, x9, 738        x13:00000070  x9:00000073
12231506ns          197562 1c008a5e 07500693 addi             x13, x0, 117        x13=00000075
12231546ns          197564 1c008a62 12d484e3 beq              x9, x13, 2344        x9:00000073 x13:00000075
12231566ns          197565 1c008a66 07800693 addi             x13, x0, 120        x13=00000078
12231586ns          197566 1c008a6a 06d48663 beq              x9, x13, 108         x9:00000073 x13:00000078
12232023ns          197588 1c008a6e 07300693 addi             x13, x0, 115        x13=00000073
12232063ns          197590 1c008a72 18d49ae3 bne              x9, x13, 2452        x9:00000073 x13:00000073
12232083ns          197591 1c008a76 000c2583 lw               x11, 0(x24)         x11=1c0000b8 x24:1000078c  PA:1000078c
12232103ns          197592 1c008a7a 004c0993 addi             x19, x24, 4         x19=10000790 x24:1000078c
12232123ns          197593 1c008a7e 00b006b3 add              x13, x0, x11        x13=1c0000b8 x11:1c0000b8
12232540ns          197614 1c008a80 00000493 addi             x9, x0, 0            x9=00000000
12232580ns          197616 1c008a82 0c8350fb lp.setupi        0x1, 0xc8, 0x6     
12232600ns          197617 1c008a86 0016c70b p.lbu            x14, 1(x13!)        x14=00000076 x13=1c0000b9 x13:1c0000b8  PA:1c0000b8
12232938ns          197634 1c008a8a 180705e3 beq              x14, x0, 2442       x14:00000076
12232958ns          197635 1c008a8e 00148493 addi             x9, x9, 1            x9=00000001  x9:00000000
12233137ns          197644 1c008a86 0016c70b p.lbu            x14, 1(x13!)        x14=00000061 x13=1c0000ba x13:1c0000b9  PA:1c0000b9
12233455ns          197660 1c008a8a 180705e3 beq              x14, x0, 2442       x14:00000061
12233475ns          197661 1c008a8e 00148493 addi             x9, x9, 1            x9=00000002  x9:00000001
12233495ns          197662 1c008a86 0016c70b p.lbu            x14, 1(x13!)        x14=00000072 x13=1c0000bb x13:1c0000ba  PA:1c0000ba
12233813ns          197678 1c008a8a 180705e3 beq              x14, x0, 2442       x14:00000072
12233833ns          197679 1c008a8e 00148493 addi             x9, x9, 1            x9=00000003  x9:00000002
12233853ns          197680 1c008a86 0016c70b p.lbu            x14, 1(x13!)        x14=00000069 x13=1c0000bc x13:1c0000bb  PA:1c0000bb
12234191ns          197697 1c008a8a 180705e3 beq              x14, x0, 2442       x14:00000069
12234211ns          197698 1c008a8e 00148493 addi             x9, x9, 1            x9=00000004  x9:00000003
12234231ns          197699 1c008a86 0016c70b p.lbu            x14, 1(x13!)        x14=00000061 x13=1c0000bd x13:1c0000bc  PA:1c0000bc
12234549ns          197715 1c008a8a 180705e3 beq              x14, x0, 2442       x14:00000061
12234569ns          197716 1c008a8e 00148493 addi             x9, x9, 1            x9=00000005  x9:00000004
12234589ns          197717 1c008a86 0016c70b p.lbu            x14, 1(x13!)        x14=00000064 x13=1c0000be x13:1c0000bd  PA:1c0000bd
12234907ns          197733 1c008a8a 180705e3 beq              x14, x0, 2442       x14:00000064
12234927ns          197734 1c008a8e 00148493 addi             x9, x9, 1            x9=00000006  x9:00000005
12234947ns          197735 1c008a86 0016c70b p.lbu            x14, 1(x13!)        x14=00000069 x13=1c0000bf x13:1c0000be  PA:1c0000be
12235265ns          197751 1c008a8a 180705e3 beq              x14, x0, 2442       x14:00000069
12235285ns          197752 1c008a8e 00148493 addi             x9, x9, 1            x9=00000007  x9:00000006
12235305ns          197753 1c008a86 0016c70b p.lbu            x14, 1(x13!)        x14=00000063 x13=1c0000c0 x13:1c0000bf  PA:1c0000bf
12235643ns          197770 1c008a8a 180705e3 beq              x14, x0, 2442       x14:00000063
12235663ns          197771 1c008a8e 00148493 addi             x9, x9, 1            x9=00000008  x9:00000007
12235683ns          197772 1c008a86 0016c70b p.lbu            x14, 1(x13!)        x14=00000000 x13=1c0000c1 x13:1c0000c0  PA:1c0000c0
12236021ns          197789 1c008a8a 180705e3 beq              x14, x0, 2442       x14:00000000
12236499ns          197813 1c009414 e80a5063 bge              x20, x0, -2432      x20:ffffffff
12236538ns          197815 1c009418 e80ff06f jal              x0, -2432          
12236618ns          197819 1c008a98 01300c33 add              x24, x0, x19        x24=10000790 x19:10000790
12236658ns          197821 1c008a9a ec0481e3 beq              x9, x0, -318         x9:00000008
12236678ns          197822 1c008a9e 00900633 add              x12, x0, x9         x12=00000008  x9:00000008
12237115ns          197844 1c008aa0 01900533 add              x10, x0, x25        x10=1000065c x25:1000065c
12237135ns          197845 1c008aa2 9e5ff0ef jal              x1, -1564            x1=1c008aa4
12237632ns          197870 1c008486 00a5e7b3 or               x15, x11, x10       x15=1c0006fc x11:1c0000b8 x10:1000065c
12237652ns          197871 1c00848a fa27b7b3 p.bclr           x15, x15, 29, 2     x15=00000000 x15:1c0006fc
12237672ns          197872 1c00848e 00a00833 add              x16, x0, x10        x16=1000065c x10:1000065c
12238090ns          197893 1c008490 10078163 beq              x15, x0, 258        x15:00000000
12238607ns          197919 1c008592 fa2637b3 p.bclr           x15, x12, 29, 2     x15=00000000 x12:00000008
12238627ns          197920 1c008596 f00791e3 bne              x15, x0, -254       x15:00000000
12238647ns          197921 1c008598 fe060ce3 beq              x12, x0, -8         x12:00000008
12238667ns          197922 1c00859a ffc60793 addi             x15, x12, -4        x15=00000004 x12:00000008
12238687ns          197923 1c00859e 0027d793 srli             x15, x15, 0x2       x15=00000001 x15:00000004
12239085ns          197943 1c0085a0 00178793 addi             x15, x15, 1         x15=00000002 x15:00000001
12239124ns          197945 1c0085a2 0047c0fb lp.setup         0x1, x15, 0x4       x15:00000002
12239144ns          197946 1c0085a6 0045a70b p.lw             x14, 4(x11!)        x14=69726176 x11=1c0000bc x11:1c0000b8  PA:1c0000b8
12239462ns          197962 1c0085aa 00e8222b p.sw             x14, 4(x16!)        x16=10000660 x14:69726176 x16:1000065c  PA:1000065c
12239482ns          197963 1c0085a6 0045a70b p.lw             x14, 4(x11!)        x14=63696461 x11=1c0000c0 x11:1c0000bc  PA:1c0000bc
12239801ns          197979 1c0085aa 00e8222b p.sw             x14, 4(x16!)        x16=10000664 x14:63696461 x16:10000660  PA:10000660
12239820ns          197980 1c0085ae 00008067 jalr             x0, x1, 0            x1:1c008aa4
12239860ns          197982 1c008aa4 01300c33 add              x24, x0, x19        x24=10000790 x19:10000790
12239880ns          197983 1c008aa6 1b24db63 bge              x9, x18, 438         x9:00000008 x18:00000000
12240795ns          198029 1c008c5c 01900933 add              x18, x0, x25        x18=1000065c x25:1000065c
12241253ns          198052 1c008c5e 419d8db3 sub              x27, x27, x25       x27=effff9ad x27:00000009 x25:1000065c
12241272ns          198053 1c008c62 00a0006f jal              x0, 10             
12241312ns          198055 1c008c6c 0019450b p.lbu            x10, 1(x18!)        x10=00000076 x18=1000065d x18:1000065c  PA:1000065c
12241750ns          198077 1c008c70 01a005b3 add              x11, x0, x26        x11=00000002 x26:00000002
12241770ns          198078 1c008c72 000b00e7 jalr             x1, x22, 0           x1=1c008c74 x22:1c00887a
12241810ns          198080 1c00887a 000026b7 lui              x13, 0x2000         x13=00002000
12241829ns          198081 1c00887c f14027f3 csrrs            x15, x0, 0xf14      x15=00000000
12241849ns          198082 1c008880 f8068693 addi             x13, x13, -128      x13=00001f80 x13:00002000
12241869ns          198083 1c008884 00379713 slli             x14, x15, 0x3       x14=00000000 x15:00000000
12241889ns          198084 1c008888 00279793 slli             x15, x15, 0x2       x15=00000000 x15:00000000
12241909ns          198085 1c00888a 00d7f7b3 and              x15, x15, x13       x15=00000000 x15:00000000 x13:00001f80
12241929ns          198086 1c00888c ee873733 p.bclr           x14, x14, 23, 8     x14=00000000 x14:00000000
12241949ns          198087 1c008890 1a10f6b7 lui              x13, 0x1a10f000     x13=1a10f000
12241969ns          198088 1c008894 0ff57513 andi             x10, x10, 255       x10=00000076 x10:00000076
12241989ns          198089 1c008898 00d70733 add              x14, x14, x13       x14=1a10f000 x14:00000000 x13:1a10f000
12242008ns          198090 1c00889a 00a7e723 p.sw             x10, x0(x15)        x10:00000076 x15:00000000  PA:1a10f000
12242327ns          198106 1c00889e 00000513 addi             x10, x0, 0          x10=00000000
12242347ns          198107 1c0088a0 00008067 jalr             x0, x1, 0            x1:1c008c74
12242386ns          198109 1c008c74 fff48493 addi             x9, x9, -1           x9=00000007  x9:00000008
12242406ns          198110 1c008c76 fff537e3 p.bneimm         x10, -18            x10:00000000
12242904ns          198135 1c008c64 012d8733 add              x14, x27, x18       x14=0000000a x27:effff9ad x18:1000065d
12242923ns          198136 1c008c68 5a048b63 beq              x9, x0, 1462         x9:00000007
12242943ns          198137 1c008c6c 0019450b p.lbu            x10, 1(x18!)        x10=00000061 x18=1000065e x18:1000065d  PA:1000065d
12242963ns          198138 1c008c70 01a005b3 add              x11, x0, x26        x11=00000002 x26:00000002
12242983ns          198139 1c008c72 000b00e7 jalr             x1, x22, 0           x1=1c008c74 x22:1c00887a
12243023ns          198141 1c00887a 000026b7 lui              x13, 0x2000         x13=00002000
12243043ns          198142 1c00887c f14027f3 csrrs            x15, x0, 0xf14      x15=00000000
12243063ns          198143 1c008880 f8068693 addi             x13, x13, -128      x13=00001f80 x13:00002000
12243083ns          198144 1c008884 00379713 slli             x14, x15, 0x3       x14=00000000 x15:00000000
12243102ns          198145 1c008888 00279793 slli             x15, x15, 0x2       x15=00000000 x15:00000000
12243122ns          198146 1c00888a 00d7f7b3 and              x15, x15, x13       x15=00000000 x15:00000000 x13:00001f80
12243142ns          198147 1c00888c ee873733 p.bclr           x14, x14, 23, 8     x14=00000000 x14:00000000
12243162ns          198148 1c008890 1a10f6b7 lui              x13, 0x1a10f000     x13=1a10f000
12243182ns          198149 1c008894 0ff57513 andi             x10, x10, 255       x10=00000061 x10:00000061
12243202ns          198150 1c008898 00d70733 add              x14, x14, x13       x14=1a10f000 x14:00000000 x13:1a10f000
12243222ns          198151 1c00889a 00a7e723 p.sw             x10, x0(x15)        x10:00000061 x15:00000000  PA:1a10f000
12243560ns          198168 1c00889e 00000513 addi             x10, x0, 0          x10=00000000
12243580ns          198169 1c0088a0 00008067 jalr             x0, x1, 0            x1:1c008c74
12243620ns          198171 1c008c74 fff48493 addi             x9, x9, -1           x9=00000006  x9:00000007
12243639ns          198172 1c008c76 fff537e3 p.bneimm         x10, -18            x10:00000000
12243699ns          198175 1c008c64 012d8733 add              x14, x27, x18       x14=0000000b x27:effff9ad x18:1000065e
12243719ns          198176 1c008c68 5a048b63 beq              x9, x0, 1462         x9:00000006
12243739ns          198177 1c008c6c 0019450b p.lbu            x10, 1(x18!)        x10=00000072 x18=1000065f x18:1000065e  PA:1000065e
12243759ns          198178 1c008c70 01a005b3 add              x11, x0, x26        x11=00000002 x26:00000002
12243779ns          198179 1c008c72 000b00e7 jalr             x1, x22, 0           x1=1c008c74 x22:1c00887a
12243819ns          198181 1c00887a 000026b7 lui              x13, 0x2000         x13=00002000
12243838ns          198182 1c00887c f14027f3 csrrs            x15, x0, 0xf14      x15=00000000
12243858ns          198183 1c008880 f8068693 addi             x13, x13, -128      x13=00001f80 x13:00002000
12243878ns          198184 1c008884 00379713 slli             x14, x15, 0x3       x14=00000000 x15:00000000
12243898ns          198185 1c008888 00279793 slli             x15, x15, 0x2       x15=00000000 x15:00000000
12243918ns          198186 1c00888a 00d7f7b3 and              x15, x15, x13       x15=00000000 x15:00000000 x13:00001f80
12243938ns          198187 1c00888c ee873733 p.bclr           x14, x14, 23, 8     x14=00000000 x14:00000000
12243958ns          198188 1c008890 1a10f6b7 lui              x13, 0x1a10f000     x13=1a10f000
12243978ns          198189 1c008894 0ff57513 andi             x10, x10, 255       x10=00000072 x10:00000072
12243998ns          198190 1c008898 00d70733 add              x14, x14, x13       x14=1a10f000 x14:00000000 x13:1a10f000
12244017ns          198191 1c00889a 00a7e723 p.sw             x10, x0(x15)        x10:00000072 x15:00000000  PA:1a10f000
12244336ns          198207 1c00889e 00000513 addi             x10, x0, 0          x10=00000000
12244356ns          198208 1c0088a0 00008067 jalr             x0, x1, 0            x1:1c008c74
12244395ns          198210 1c008c74 fff48493 addi             x9, x9, -1           x9=00000005  x9:00000006
12244415ns          198211 1c008c76 fff537e3 p.bneimm         x10, -18            x10:00000000
12244475ns          198214 1c008c64 012d8733 add              x14, x27, x18       x14=0000000c x27:effff9ad x18:1000065f
12244495ns          198215 1c008c68 5a048b63 beq              x9, x0, 1462         x9:00000005
12244515ns          198216 1c008c6c 0019450b p.lbu            x10, 1(x18!)        x10=00000069 x18=10000660 x18:1000065f  PA:1000065f
12244535ns          198217 1c008c70 01a005b3 add              x11, x0, x26        x11=00000002 x26:00000002
12244554ns          198218 1c008c72 000b00e7 jalr             x1, x22, 0           x1=1c008c74 x22:1c00887a
12244594ns          198220 1c00887a 000026b7 lui              x13, 0x2000         x13=00002000
12244614ns          198221 1c00887c f14027f3 csrrs            x15, x0, 0xf14      x15=00000000
12244634ns          198222 1c008880 f8068693 addi             x13, x13, -128      x13=00001f80 x13:00002000
12244654ns          198223 1c008884 00379713 slli             x14, x15, 0x3       x14=00000000 x15:00000000
12244674ns          198224 1c008888 00279793 slli             x15, x15, 0x2       x15=00000000 x15:00000000
12244694ns          198225 1c00888a 00d7f7b3 and              x15, x15, x13       x15=00000000 x15:00000000 x13:00001f80
12244714ns          198226 1c00888c ee873733 p.bclr           x14, x14, 23, 8     x14=00000000 x14:00000000
12244733ns          198227 1c008890 1a10f6b7 lui              x13, 0x1a10f000     x13=1a10f000
12244753ns          198228 1c008894 0ff57513 andi             x10, x10, 255       x10=00000069 x10:00000069
12244773ns          198229 1c008898 00d70733 add              x14, x14, x13       x14=1a10f000 x14:00000000 x13:1a10f000
12244793ns          198230 1c00889a 00a7e723 p.sw             x10, x0(x15)        x10:00000069 x15:00000000  PA:1a10f000
12245111ns          198246 1c00889e 00000513 addi             x10, x0, 0          x10=00000000
12245131ns          198247 1c0088a0 00008067 jalr             x0, x1, 0            x1:1c008c74
12245171ns          198249 1c008c74 fff48493 addi             x9, x9, -1           x9=00000004  x9:00000005
12245191ns          198250 1c008c76 fff537e3 p.bneimm         x10, -18            x10:00000000
12245251ns          198253 1c008c64 012d8733 add              x14, x27, x18       x14=0000000d x27:effff9ad x18:10000660
12245271ns          198254 1c008c68 5a048b63 beq              x9, x0, 1462         x9:00000004
12245290ns          198255 1c008c6c 0019450b p.lbu            x10, 1(x18!)        x10=00000061 x18=10000661 x18:10000660  PA:10000660
12245310ns          198256 1c008c70 01a005b3 add              x11, x0, x26        x11=00000002 x26:00000002
12245330ns          198257 1c008c72 000b00e7 jalr             x1, x22, 0           x1=1c008c74 x22:1c00887a
12245370ns          198259 1c00887a 000026b7 lui              x13, 0x2000         x13=00002000
12245390ns          198260 1c00887c f14027f3 csrrs            x15, x0, 0xf14      x15=00000000
12245410ns          198261 1c008880 f8068693 addi             x13, x13, -128      x13=00001f80 x13:00002000
12245430ns          198262 1c008884 00379713 slli             x14, x15, 0x3       x14=00000000 x15:00000000
12245450ns          198263 1c008888 00279793 slli             x15, x15, 0x2       x15=00000000 x15:00000000
12245469ns          198264 1c00888a 00d7f7b3 and              x15, x15, x13       x15=00000000 x15:00000000 x13:00001f80
12245489ns          198265 1c00888c ee873733 p.bclr           x14, x14, 23, 8     x14=00000000 x14:00000000
12245509ns          198266 1c008890 1a10f6b7 lui              x13, 0x1a10f000     x13=1a10f000
12245529ns          198267 1c008894 0ff57513 andi             x10, x10, 255       x10=00000061 x10:00000061
12245549ns          198268 1c008898 00d70733 add              x14, x14, x13       x14=1a10f000 x14:00000000 x13:1a10f000
12245569ns          198269 1c00889a 00a7e723 p.sw             x10, x0(x15)        x10:00000061 x15:00000000  PA:1a10f000
12245887ns          198285 1c00889e 00000513 addi             x10, x0, 0          x10=00000000
12245907ns          198286 1c0088a0 00008067 jalr             x0, x1, 0            x1:1c008c74
12245947ns          198288 1c008c74 fff48493 addi             x9, x9, -1           x9=00000003  x9:00000004
12245967ns          198289 1c008c76 fff537e3 p.bneimm         x10, -18            x10:00000000
12246026ns          198292 1c008c64 012d8733 add              x14, x27, x18       x14=0000000e x27:effff9ad x18:10000661
12246046ns          198293 1c008c68 5a048b63 beq              x9, x0, 1462         x9:00000003
12246066ns          198294 1c008c6c 0019450b p.lbu            x10, 1(x18!)        x10=00000064 x18=10000662 x18:10000661  PA:10000661
12246086ns          198295 1c008c70 01a005b3 add              x11, x0, x26        x11=00000002 x26:00000002
12246106ns          198296 1c008c72 000b00e7 jalr             x1, x22, 0           x1=1c008c74 x22:1c00887a
12246146ns          198298 1c00887a 000026b7 lui              x13, 0x2000         x13=00002000
12246166ns          198299 1c00887c f14027f3 csrrs            x15, x0, 0xf14      x15=00000000
12246186ns          198300 1c008880 f8068693 addi             x13, x13, -128      x13=00001f80 x13:00002000
12246205ns          198301 1c008884 00379713 slli             x14, x15, 0x3       x14=00000000 x15:00000000
12246225ns          198302 1c008888 00279793 slli             x15, x15, 0x2       x15=00000000 x15:00000000
12246245ns          198303 1c00888a 00d7f7b3 and              x15, x15, x13       x15=00000000 x15:00000000 x13:00001f80
12246265ns          198304 1c00888c ee873733 p.bclr           x14, x14, 23, 8     x14=00000000 x14:00000000
12246285ns          198305 1c008890 1a10f6b7 lui              x13, 0x1a10f000     x13=1a10f000
12246305ns          198306 1c008894 0ff57513 andi             x10, x10, 255       x10=00000064 x10:00000064
12246325ns          198307 1c008898 00d70733 add              x14, x14, x13       x14=1a10f000 x14:00000000 x13:1a10f000
12246345ns          198308 1c00889a 00a7e723 p.sw             x10, x0(x15)        x10:00000064 x15:00000000  PA:1a10f000
12246663ns          198324 1c00889e 00000513 addi             x10, x0, 0          x10=00000000
12246683ns          198325 1c0088a0 00008067 jalr             x0, x1, 0            x1:1c008c74
12246723ns          198327 1c008c74 fff48493 addi             x9, x9, -1           x9=00000002  x9:00000003
12246742ns          198328 1c008c76 fff537e3 p.bneimm         x10, -18            x10:00000000
12246802ns          198331 1c008c64 012d8733 add              x14, x27, x18       x14=0000000f x27:effff9ad x18:10000662
12246822ns          198332 1c008c68 5a048b63 beq              x9, x0, 1462         x9:00000002
12246842ns          198333 1c008c6c 0019450b p.lbu            x10, 1(x18!)        x10=00000069 x18=10000663 x18:10000662  PA:10000662
12246862ns          198334 1c008c70 01a005b3 add              x11, x0, x26        x11=00000002 x26:00000002
12246882ns          198335 1c008c72 000b00e7 jalr             x1, x22, 0           x1=1c008c74 x22:1c00887a
12246921ns          198337 1c00887a 000026b7 lui              x13, 0x2000         x13=00002000
12246941ns          198338 1c00887c f14027f3 csrrs            x15, x0, 0xf14      x15=00000000
12246961ns          198339 1c008880 f8068693 addi             x13, x13, -128      x13=00001f80 x13:00002000
12246981ns          198340 1c008884 00379713 slli             x14, x15, 0x3       x14=00000000 x15:00000000
12247001ns          198341 1c008888 00279793 slli             x15, x15, 0x2       x15=00000000 x15:00000000
12247021ns          198342 1c00888a 00d7f7b3 and              x15, x15, x13       x15=00000000 x15:00000000 x13:00001f80
12247041ns          198343 1c00888c ee873733 p.bclr           x14, x14, 23, 8     x14=00000000 x14:00000000
12247061ns          198344 1c008890 1a10f6b7 lui              x13, 0x1a10f000     x13=1a10f000
12247081ns          198345 1c008894 0ff57513 andi             x10, x10, 255       x10=00000069 x10:00000069
12247100ns          198346 1c008898 00d70733 add              x14, x14, x13       x14=1a10f000 x14:00000000 x13:1a10f000
12247120ns          198347 1c00889a 00a7e723 p.sw             x10, x0(x15)        x10:00000069 x15:00000000  PA:1a10f000
12247439ns          198363 1c00889e 00000513 addi             x10, x0, 0          x10=00000000
12247459ns          198364 1c0088a0 00008067 jalr             x0, x1, 0            x1:1c008c74
12247498ns          198366 1c008c74 fff48493 addi             x9, x9, -1           x9=00000001  x9:00000002
12247518ns          198367 1c008c76 fff537e3 p.bneimm         x10, -18            x10:00000000
12247578ns          198370 1c008c64 012d8733 add              x14, x27, x18       x14=00000010 x27:effff9ad x18:10000663
12247598ns          198371 1c008c68 5a048b63 beq              x9, x0, 1462         x9:00000001
12247618ns          198372 1c008c6c 0019450b p.lbu            x10, 1(x18!)        x10=00000063 x18=10000664 x18:10000663  PA:10000663
12247638ns          198373 1c008c70 01a005b3 add              x11, x0, x26        x11=00000002 x26:00000002
12247657ns          198374 1c008c72 000b00e7 jalr             x1, x22, 0           x1=1c008c74 x22:1c00887a
12247697ns          198376 1c00887a 000026b7 lui              x13, 0x2000         x13=00002000
12247717ns          198377 1c00887c f14027f3 csrrs            x15, x0, 0xf14      x15=00000000
12247737ns          198378 1c008880 f8068693 addi             x13, x13, -128      x13=00001f80 x13:00002000
12247757ns          198379 1c008884 00379713 slli             x14, x15, 0x3       x14=00000000 x15:00000000
12247777ns          198380 1c008888 00279793 slli             x15, x15, 0x2       x15=00000000 x15:00000000
12247797ns          198381 1c00888a 00d7f7b3 and              x15, x15, x13       x15=00000000 x15:00000000 x13:00001f80
12247817ns          198382 1c00888c ee873733 p.bclr           x14, x14, 23, 8     x14=00000000 x14:00000000
12247836ns          198383 1c008890 1a10f6b7 lui              x13, 0x1a10f000     x13=1a10f000
12247856ns          198384 1c008894 0ff57513 andi             x10, x10, 255       x10=00000063 x10:00000063
12247876ns          198385 1c008898 00d70733 add              x14, x14, x13       x14=1a10f000 x14:00000000 x13:1a10f000
12247896ns          198386 1c00889a 00a7e723 p.sw             x10, x0(x15)        x10:00000063 x15:00000000  PA:1a10f000
12248214ns          198402 1c00889e 00000513 addi             x10, x0, 0          x10=00000000
12248234ns          198403 1c0088a0 00008067 jalr             x0, x1, 0            x1:1c008c74
12248274ns          198405 1c008c74 fff48493 addi             x9, x9, -1           x9=00000000  x9:00000001
12248294ns          198406 1c008c76 fff537e3 p.bneimm         x10, -18            x10:00000000
12248354ns          198409 1c008c64 012d8733 add              x14, x27, x18       x14=00000011 x27:effff9ad x18:10000664
12248373ns          198410 1c008c68 5a048b63 beq              x9, x0, 1462         x9:00000000
12248851ns          198434 1c00921e 00e00db3 add              x27, x0, x14        x27=00000011 x14:00000011
12249308ns          198457 1c009220 f3cff06f jal              x0, -2244          
12249388ns          198461 1c00895c 00044503 lbu              x10, 0(x8)          x10=00000020  x8:1c0000e3  PA:1c0000e3
12249726ns          198478 1c008960 00140413 addi             x8, x8, 1            x8=1c0000e4  x8:1c0000e3
12249746ns          198479 1c008962 00050e63 beq              x10, x0, 28         x10:00000020
12249766ns          198480 1c008964 02500793 addi             x15, x0, 37         x15=00000025
12249786ns          198481 1c008968 04f50863 beq              x10, x15, 80        x10:00000020 x15:00000025
12249806ns          198482 1c00896c 01a005b3 add              x11, x0, x26        x11=00000002 x26:00000002
12249826ns          198483 1c00896e 000b00e7 jalr             x1, x22, 0           x1=1c008970 x22:1c00887a
12249885ns          198486 1c00887a 000026b7 lui              x13, 0x2000         x13=00002000
12249905ns          198487 1c00887c f14027f3 csrrs            x15, x0, 0xf14      x15=00000000
12249925ns          198488 1c008880 f8068693 addi             x13, x13, -128      x13=00001f80 x13:00002000
12249945ns          198489 1c008884 00379713 slli             x14, x15, 0x3       x14=00000000 x15:00000000
12249965ns          198490 1c008888 00279793 slli             x15, x15, 0x2       x15=00000000 x15:00000000
12249985ns          198491 1c00888a 00d7f7b3 and              x15, x15, x13       x15=00000000 x15:00000000 x13:00001f80
12250005ns          198492 1c00888c ee873733 p.bclr           x14, x14, 23, 8     x14=00000000 x14:00000000
12250024ns          198493 1c008890 1a10f6b7 lui              x13, 0x1a10f000     x13=1a10f000
12250044ns          198494 1c008894 0ff57513 andi             x10, x10, 255       x10=00000020 x10:00000020
12250064ns          198495 1c008898 00d70733 add              x14, x14, x13       x14=1a10f000 x14:00000000 x13:1a10f000
12250084ns          198496 1c00889a 00a7e723 p.sw             x10, x0(x15)        x10:00000020 x15:00000000  PA:1a10f000
12250402ns          198512 1c00889e 00000513 addi             x10, x0, 0          x10=00000000
12250422ns          198513 1c0088a0 00008067 jalr             x0, x1, 0            x1:1c008970
12250462ns          198515 1c008970 31f52563 p.beqimm         x10, 778            x10:00000000
12250482ns          198516 1c008974 001d8d93 addi             x27, x27, 1         x27=00000012 x27:00000011
12250502ns          198517 1c008976 00044503 lbu              x10, 0(x8)          x10=0000002d  x8:1c0000e4  PA:1c0000e4
12250820ns          198533 1c00897a 00140413 addi             x8, x8, 1            x8=1c0000e5  x8:1c0000e4
12250840ns          198534 1c00897c fe0514e3 bne              x10, x0, -24        x10:0000002d
12250900ns          198537 1c008964 02500793 addi             x15, x0, 37         x15=00000025
12250920ns          198538 1c008968 04f50863 beq              x10, x15, 80        x10:0000002d x15:00000025
12250939ns          198539 1c00896c 01a005b3 add              x11, x0, x26        x11=00000002 x26:00000002
12250959ns          198540 1c00896e 000b00e7 jalr             x1, x22, 0           x1=1c008970 x22:1c00887a
12250999ns          198542 1c00887a 000026b7 lui              x13, 0x2000         x13=00002000
12251019ns          198543 1c00887c f14027f3 csrrs            x15, x0, 0xf14      x15=00000000
12251039ns          198544 1c008880 f8068693 addi             x13, x13, -128      x13=00001f80 x13:00002000
12251059ns          198545 1c008884 00379713 slli             x14, x15, 0x3       x14=00000000 x15:00000000
12251079ns          198546 1c008888 00279793 slli             x15, x15, 0x2       x15=00000000 x15:00000000
12251099ns          198547 1c00888a 00d7f7b3 and              x15, x15, x13       x15=00000000 x15:00000000 x13:00001f80
12251118ns          198548 1c00888c ee873733 p.bclr           x14, x14, 23, 8     x14=00000000 x14:00000000
12251138ns          198549 1c008890 1a10f6b7 lui              x13, 0x1a10f000     x13=1a10f000
12251158ns          198550 1c008894 0ff57513 andi             x10, x10, 255       x10=0000002d x10:0000002d
12251178ns          198551 1c008898 00d70733 add              x14, x14, x13       x14=1a10f000 x14:00000000 x13:1a10f000
12251198ns          198552 1c00889a 00a7e723 p.sw             x10, x0(x15)        x10:0000002d x15:00000000  PA:1a10f000
12251536ns          198569 1c00889e 00000513 addi             x10, x0, 0          x10=00000000
12251556ns          198570 1c0088a0 00008067 jalr             x0, x1, 0            x1:1c008970
12251596ns          198572 1c008970 31f52563 p.beqimm         x10, 778            x10:00000000
12251616ns          198573 1c008974 001d8d93 addi             x27, x27, 1         x27=00000013 x27:00000012
12251636ns          198574 1c008976 00044503 lbu              x10, 0(x8)          x10=0000003e  x8:1c0000e5  PA:1c0000e5
12251934ns          198589 1c00897a 00140413 addi             x8, x8, 1            x8=1c0000e6  x8:1c0000e5
12251954ns          198590 1c00897c fe0514e3 bne              x10, x0, -24        x10:0000003e
12252013ns          198593 1c008964 02500793 addi             x15, x0, 37         x15=00000025
12252033ns          198594 1c008968 04f50863 beq              x10, x15, 80        x10:0000003e x15:00000025
12252053ns          198595 1c00896c 01a005b3 add              x11, x0, x26        x11=00000002 x26:00000002
12252073ns          198596 1c00896e 000b00e7 jalr             x1, x22, 0           x1=1c008970 x22:1c00887a
12252113ns          198598 1c00887a 000026b7 lui              x13, 0x2000         x13=00002000
12252133ns          198599 1c00887c f14027f3 csrrs            x15, x0, 0xf14      x15=00000000
12252153ns          198600 1c008880 f8068693 addi             x13, x13, -128      x13=00001f80 x13:00002000
12252173ns          198601 1c008884 00379713 slli             x14, x15, 0x3       x14=00000000 x15:00000000
12252193ns          198602 1c008888 00279793 slli             x15, x15, 0x2       x15=00000000 x15:00000000
12252212ns          198603 1c00888a 00d7f7b3 and              x15, x15, x13       x15=00000000 x15:00000000 x13:00001f80
12252232ns          198604 1c00888c ee873733 p.bclr           x14, x14, 23, 8     x14=00000000 x14:00000000
12252252ns          198605 1c008890 1a10f6b7 lui              x13, 0x1a10f000     x13=1a10f000
12252272ns          198606 1c008894 0ff57513 andi             x10, x10, 255       x10=0000003e x10:0000003e
12252292ns          198607 1c008898 00d70733 add              x14, x14, x13       x14=1a10f000 x14:00000000 x13:1a10f000
12252312ns          198608 1c00889a 00a7e723 p.sw             x10, x0(x15)        x10:0000003e x15:00000000  PA:1a10f000
12252630ns          198624 1c00889e 00000513 addi             x10, x0, 0          x10=00000000
12252650ns          198625 1c0088a0 00008067 jalr             x0, x1, 0            x1:1c008970
12252690ns          198627 1c008970 31f52563 p.beqimm         x10, 778            x10:00000000
12252710ns          198628 1c008974 001d8d93 addi             x27, x27, 1         x27=00000014 x27:00000013
12252730ns          198629 1c008976 00044503 lbu              x10, 0(x8)          x10=00000020  x8:1c0000e6  PA:1c0000e6
12253048ns          198645 1c00897a 00140413 addi             x8, x8, 1            x8=1c0000e7  x8:1c0000e6
12253068ns          198646 1c00897c fe0514e3 bne              x10, x0, -24        x10:00000020
12253127ns          198649 1c008964 02500793 addi             x15, x0, 37         x15=00000025
12253147ns          198650 1c008968 04f50863 beq              x10, x15, 80        x10:00000020 x15:00000025
12253167ns          198651 1c00896c 01a005b3 add              x11, x0, x26        x11=00000002 x26:00000002
12253187ns          198652 1c00896e 000b00e7 jalr             x1, x22, 0           x1=1c008970 x22:1c00887a
12253227ns          198654 1c00887a 000026b7 lui              x13, 0x2000         x13=00002000
12253247ns          198655 1c00887c f14027f3 csrrs            x15, x0, 0xf14      x15=00000000
12253267ns          198656 1c008880 f8068693 addi             x13, x13, -128      x13=00001f80 x13:00002000
12253287ns          198657 1c008884 00379713 slli             x14, x15, 0x3       x14=00000000 x15:00000000
12253306ns          198658 1c008888 00279793 slli             x15, x15, 0x2       x15=00000000 x15:00000000
12253326ns          198659 1c00888a 00d7f7b3 and              x15, x15, x13       x15=00000000 x15:00000000 x13:00001f80
12253346ns          198660 1c00888c ee873733 p.bclr           x14, x14, 23, 8     x14=00000000 x14:00000000
12253366ns          198661 1c008890 1a10f6b7 lui              x13, 0x1a10f000     x13=1a10f000
12253386ns          198662 1c008894 0ff57513 andi             x10, x10, 255       x10=00000020 x10:00000020
12253406ns          198663 1c008898 00d70733 add              x14, x14, x13       x14=1a10f000 x14:00000000 x13:1a10f000
12253426ns          198664 1c00889a 00a7e723 p.sw             x10, x0(x15)        x10:00000020 x15:00000000  PA:1a10f000
12253744ns          198680 1c00889e 00000513 addi             x10, x0, 0          x10=00000000
12253764ns          198681 1c0088a0 00008067 jalr             x0, x1, 0            x1:1c008970
12253804ns          198683 1c008970 31f52563 p.beqimm         x10, 778            x10:00000000
12253824ns          198684 1c008974 001d8d93 addi             x27, x27, 1         x27=00000015 x27:00000014
12253843ns          198685 1c008976 00044503 lbu              x10, 0(x8)          x10=00000000  x8:1c0000e7  PA:1c0000e7
12254142ns          198700 1c00897a 00140413 addi             x8, x8, 1            x8=1c0000e8  x8:1c0000e7
12254162ns          198701 1c00897c fe0514e3 bne              x10, x0, -24        x10:00000000
12254182ns          198702 1c00897e 01b00433 add              x8, x0, x27          x8=00000015 x27:00000015
12254201ns          198703 1c008980 00800533 add              x10, x0, x8         x10=00000015  x8:00000015
12254221ns          198704 1c008982 12c12083 lw               x1, 300(x2)          x1=1c00890e  x2:10000638  PA:10000764
12254241ns          198705 1c008986 12812403 lw               x8, 296(x2)          x8=1c00095c  x2:10000638  PA:10000760
12254261ns          198706 1c00898a 12412483 lw               x9, 292(x2)          x9=00000000  x2:10000638  PA:1000075c
12254699ns          198728 1c00898e 12012903 lw               x18, 288(x2)        x18=1a10b004  x2:10000638  PA:10000758
12254739ns          198730 1c008992 11c12983 lw               x19, 284(x2)        x19=00000000  x2:10000638  PA:10000754
12254758ns          198731 1c008996 11812a03 lw               x20, 280(x2)        x20=1c000960  x2:10000638  PA:10000750
12254778ns          198732 1c00899a 11412a83 lw               x21, 276(x2)        x21=1c00a000  x2:10000638  PA:1000074c
12255216ns          198754 1c00899e 11012b03 lw               x22, 272(x2)        x22=1c00a000  x2:10000638  PA:10000748
12255256ns          198756 1c0089a2 10c12b83 lw               x23, 268(x2)        x23=1c000000  x2:10000638  PA:10000744
12255276ns          198757 1c0089a6 10812c03 lw               x24, 264(x2)        x24=1c000000  x2:10000638  PA:10000740
12255295ns          198758 1c0089aa 10412c83 lw               x25, 260(x2)        x25=1c000000  x2:10000638  PA:1000073c
12255753ns          198781 1c0089ae 10012d03 lw               x26, 256(x2)        x26=1c000000  x2:10000638  PA:10000738
12255773ns          198782 1c0089b2 0fc12d83 lw               x27, 252(x2)        x27=1c000954  x2:10000638  PA:10000734
12255793ns          198783 1c0089b4 13010113 addi             x2, x2, 304          x2=10000768  x2:10000638
12255813ns          198784 1c0089b6 00008067 jalr             x0, x1, 0            x1:1c00890e
12255892ns          198788 1c00890e 01c12083 lw               x1, 28(x2)           x1=1c009b1c  x2:10000768  PA:10000784
12255972ns          198792 1c008910 04010113 addi             x2, x2, 64           x2=100007a8  x2:10000768
12255992ns          198793 1c008912 00008067 jalr             x0, x1, 0            x1:1c009b1c
12256071ns          198797 1c009b1c 00c12703 lw               x14, 12(x2)         x14=00000000  x2:100007a8  PA:100007b4
12256151ns          198801 1c009b1e 0e8b8513 addi             x10, x23, 232       x10=1c0000e8 x23:1c000000
12256171ns          198802 1c009b22 00070563 beq              x14, x0, 10         x14:00000000
12256230ns          198805 1c009b2c dbbfe0ef jal              x1, -4678            x1=1c009b30
12256708ns          198829 1c0088e6 fc010113 addi             x2, x2, -64          x2=10000768  x2:100007a8
12256728ns          198830 1c0088e8 02410313 addi             x6, x2, 36           x6=1000078c  x2:10000768
12256747ns          198831 1c0088ec 02c12423 sw               x12, 40(x2)         x12:00000008  x2:10000768  PA:10000790
12256767ns          198832 1c0088ee 00a00633 add              x12, x0, x10        x12=1c0000e8 x10:1c0000e8
12256787ns          198833 1c0088f0 1c009537 lui              x10, 0x1c009000     x10=1c009000
12256807ns          198834 1c0088f4 02b12223 sw               x11, 36(x2)         x11:00000002  x2:10000768  PA:1000078c
12256827ns          198835 1c0088f6 02d12623 sw               x13, 44(x2)         x13:1a10f000  x2:10000768  PA:10000794
12256847ns          198836 1c0088f8 00200593 addi             x11, x0, 2          x11=00000002
12256867ns          198837 1c0088fa 006006b3 add              x13, x0, x6         x13=1000078c  x6:1000078c
12256887ns          198838 1c0088fc 87a50513 addi             x10, x10, -1926     x10=1c00887a x10:1c009000
12256907ns          198839 1c008900 00112e23 sw               x1, 28(x2)           x1:1c009b30  x2:10000768  PA:10000784
12256927ns          198840 1c008902 02e12823 sw               x14, 48(x2)         x14:00000000  x2:10000768  PA:10000798
12256946ns          198841 1c008904 02f12a23 sw               x15, 52(x2)         x15:00000000  x2:10000768  PA:1000079c
12256966ns          198842 1c008906 03012c23 sw               x16, 56(x2)         x16:10000664  x2:10000768  PA:100007a0
12256986ns          198843 1c008908 03112e23 sw               x17, 60(x2)         x17:00000007  x2:10000768  PA:100007a4
12257006ns          198844 1c00890a 00612623 sw               x6, 12(x2)           x6:1000078c  x2:10000768  PA:10000774
12257026ns          198845 1c00890c fbfff0ef jal              x1, -66              x1=1c00890e
12257066ns          198847 1c0088ca 04a0006f jal              x0, 74             
12257106ns          198849 1c008914 ed010113 addi             x2, x2, -304         x2=10000638  x2:10000768
12257125ns          198850 1c008916 12812423 sw               x8, 296(x2)          x8:1c00095c  x2:10000638  PA:10000760
12257145ns          198851 1c00891a 00000413 addi             x8, x0, 0            x8=00000000
12257165ns          198852 1c00891c 11612823 sw               x22, 272(x2)        x22:1c00a000  x2:10000638  PA:10000748
12257205ns          198854 1c008920 11712623 sw               x23, 268(x2)        x23:1c000000  x2:10000638  PA:10000744
12257245ns          198856 1c008924 11812423 sw               x24, 264(x2)        x24:1c000000  x2:10000638  PA:10000740
12257265ns          198857 1c008928 11912223 sw               x25, 260(x2)        x25:1c000000  x2:10000638  PA:1000073c
12257285ns          198858 1c00892c 11a12023 sw               x26, 256(x2)        x26:1c000000  x2:10000638  PA:10000738
12257304ns          198859 1c008930 0fb12e23 sw               x27, 252(x2)        x27:1c000954  x2:10000638  PA:10000734
12257324ns          198860 1c008932 12112623 sw               x1, 300(x2)          x1:1c00890e  x2:10000638  PA:10000764
12257344ns          198861 1c008936 00800db3 add              x27, x0, x8         x27=00000000  x8:00000000
12257364ns          198862 1c008938 12912223 sw               x9, 292(x2)          x9:00000000  x2:10000638  PA:1000075c
12257384ns          198863 1c00893c 13212023 sw               x18, 288(x2)        x18:1a10b004  x2:10000638  PA:10000758
12257404ns          198864 1c008940 11312e23 sw               x19, 284(x2)        x19:00000000  x2:10000638  PA:10000754
12257424ns          198865 1c008944 11412c23 sw               x20, 280(x2)        x20:1c000960  x2:10000638  PA:10000750
12257444ns          198866 1c008948 11512a23 sw               x21, 276(x2)        x21:1c00a000  x2:10000638  PA:1000074c
12257464ns          198867 1c00894c 00a00b33 add              x22, x0, x10        x22=1c00887a x10:1c00887a
12257483ns          198868 1c00894e 00b00d33 add              x26, x0, x11        x26=00000002 x11:00000002
12257503ns          198869 1c008950 00d00c33 add              x24, x0, x13        x24=1000078c x13:1000078c
12257523ns          198870 1c008952 1c000bb7 lui              x23, 0x1c000000     x23=1c000000
12257543ns          198871 1c008956 02410c93 addi             x25, x2, 36         x25=1000065c  x2:10000638
12257563ns          198872 1c00895a 00c00433 add              x8, x0, x12          x8=1c0000e8 x12:1c0000e8
12257583ns          198873 1c00895c 00044503 lbu              x10, 0(x8)          x10=00000073  x8:1c0000e8  PA:1c0000e8
12257881ns          198888 1c008960 00140413 addi             x8, x8, 1            x8=1c0000e9  x8:1c0000e8
12257901ns          198889 1c008962 00050e63 beq              x10, x0, 28         x10:00000073
12257921ns          198890 1c008964 02500793 addi             x15, x0, 37         x15=00000025
12257941ns          198891 1c008968 04f50863 beq              x10, x15, 80        x10:00000073 x15:00000025
12257961ns          198892 1c00896c 01a005b3 add              x11, x0, x26        x11=00000002 x26:00000002
12257981ns          198893 1c00896e 000b00e7 jalr             x1, x22, 0           x1=1c008970 x22:1c00887a
12258021ns          198895 1c00887a 000026b7 lui              x13, 0x2000         x13=00002000
12258040ns          198896 1c00887c f14027f3 csrrs            x15, x0, 0xf14      x15=00000000
12258060ns          198897 1c008880 f8068693 addi             x13, x13, -128      x13=00001f80 x13:00002000
12258080ns          198898 1c008884 00379713 slli             x14, x15, 0x3       x14=00000000 x15:00000000
12258100ns          198899 1c008888 00279793 slli             x15, x15, 0x2       x15=00000000 x15:00000000
12258120ns          198900 1c00888a 00d7f7b3 and              x15, x15, x13       x15=00000000 x15:00000000 x13:00001f80
12258140ns          198901 1c00888c ee873733 p.bclr           x14, x14, 23, 8     x14=00000000 x14:00000000
12258180ns          198903 1c008890 1a10f6b7 lui              x13, 0x1a10f000     x13=1a10f000
12258219ns          198905 1c008894 0ff57513 andi             x10, x10, 255       x10=00000073 x10:00000073
12258239ns          198906 1c008898 00d70733 add              x14, x14, x13       x14=1a10f000 x14:00000000 x13:1a10f000
12258259ns          198907 1c00889a 00a7e723 p.sw             x10, x0(x15)        x10:00000073 x15:00000000  PA:1a10f000
12258577ns          198923 1c00889e 00000513 addi             x10, x0, 0          x10=00000000
12258597ns          198924 1c0088a0 00008067 jalr             x0, x1, 0            x1:1c008970
12258637ns          198926 1c008970 31f52563 p.beqimm         x10, 778            x10:00000000
12258657ns          198927 1c008974 001d8d93 addi             x27, x27, 1         x27=00000001 x27:00000000
12258677ns          198928 1c008976 00044503 lbu              x10, 0(x8)          x10=00000075  x8:1c0000e9  PA:1c0000e9
12258995ns          198944 1c00897a 00140413 addi             x8, x8, 1            x8=1c0000ea  x8:1c0000e9
12259015ns          198945 1c00897c fe0514e3 bne              x10, x0, -24        x10:00000075
12259075ns          198948 1c008964 02500793 addi             x15, x0, 37         x15=00000025
12259095ns          198949 1c008968 04f50863 beq              x10, x15, 80        x10:00000075 x15:00000025
12259114ns          198950 1c00896c 01a005b3 add              x11, x0, x26        x11=00000002 x26:00000002
12259134ns          198951 1c00896e 000b00e7 jalr             x1, x22, 0           x1=1c008970 x22:1c00887a
12259174ns          198953 1c00887a 000026b7 lui              x13, 0x2000         x13=00002000
12259194ns          198954 1c00887c f14027f3 csrrs            x15, x0, 0xf14      x15=00000000
12259214ns          198955 1c008880 f8068693 addi             x13, x13, -128      x13=00001f80 x13:00002000
12259234ns          198956 1c008884 00379713 slli             x14, x15, 0x3       x14=00000000 x15:00000000
12259254ns          198957 1c008888 00279793 slli             x15, x15, 0x2       x15=00000000 x15:00000000
12259274ns          198958 1c00888a 00d7f7b3 and              x15, x15, x13       x15=00000000 x15:00000000 x13:00001f80
12259294ns          198959 1c00888c ee873733 p.bclr           x14, x14, 23, 8     x14=00000000 x14:00000000
12259313ns          198960 1c008890 1a10f6b7 lui              x13, 0x1a10f000     x13=1a10f000
12259333ns          198961 1c008894 0ff57513 andi             x10, x10, 255       x10=00000075 x10:00000075
12259353ns          198962 1c008898 00d70733 add              x14, x14, x13       x14=1a10f000 x14:00000000 x13:1a10f000
12259373ns          198963 1c00889a 00a7e723 p.sw             x10, x0(x15)        x10:00000075 x15:00000000  PA:1a10f000
12259691ns          198979 1c00889e 00000513 addi             x10, x0, 0          x10=00000000
12259711ns          198980 1c0088a0 00008067 jalr             x0, x1, 0            x1:1c008970
12259751ns          198982 1c008970 31f52563 p.beqimm         x10, 778            x10:00000000
12259771ns          198983 1c008974 001d8d93 addi             x27, x27, 1         x27=00000002 x27:00000001
12259791ns          198984 1c008976 00044503 lbu              x10, 0(x8)          x10=00000063  x8:1c0000ea  PA:1c0000ea
12260109ns          199000 1c00897a 00140413 addi             x8, x8, 1            x8=1c0000eb  x8:1c0000ea
12260129ns          199001 1c00897c fe0514e3 bne              x10, x0, -24        x10:00000063
12260189ns          199004 1c008964 02500793 addi             x15, x0, 37         x15=00000025
12260208ns          199005 1c008968 04f50863 beq              x10, x15, 80        x10:00000063 x15:00000025
12260228ns          199006 1c00896c 01a005b3 add              x11, x0, x26        x11=00000002 x26:00000002
12260248ns          199007 1c00896e 000b00e7 jalr             x1, x22, 0           x1=1c008970 x22:1c00887a
12260288ns          199009 1c00887a 000026b7 lui              x13, 0x2000         x13=00002000
12260308ns          199010 1c00887c f14027f3 csrrs            x15, x0, 0xf14      x15=00000000
12260328ns          199011 1c008880 f8068693 addi             x13, x13, -128      x13=00001f80 x13:00002000
12260348ns          199012 1c008884 00379713 slli             x14, x15, 0x3       x14=00000000 x15:00000000
12260368ns          199013 1c008888 00279793 slli             x15, x15, 0x2       x15=00000000 x15:00000000
12260388ns          199014 1c00888a 00d7f7b3 and              x15, x15, x13       x15=00000000 x15:00000000 x13:00001f80
12260407ns          199015 1c00888c ee873733 p.bclr           x14, x14, 23, 8     x14=00000000 x14:00000000
12260427ns          199016 1c008890 1a10f6b7 lui              x13, 0x1a10f000     x13=1a10f000
12260447ns          199017 1c008894 0ff57513 andi             x10, x10, 255       x10=00000063 x10:00000063
12260467ns          199018 1c008898 00d70733 add              x14, x14, x13       x14=1a10f000 x14:00000000 x13:1a10f000
12260487ns          199019 1c00889a 00a7e723 p.sw             x10, x0(x15)        x10:00000063 x15:00000000  PA:1a10f000
12260805ns          199035 1c00889e 00000513 addi             x10, x0, 0          x10=00000000
12260825ns          199036 1c0088a0 00008067 jalr             x0, x1, 0            x1:1c008970
12260865ns          199038 1c008970 31f52563 p.beqimm         x10, 778            x10:00000000
12260885ns          199039 1c008974 001d8d93 addi             x27, x27, 1         x27=00000003 x27:00000002
12260905ns          199040 1c008976 00044503 lbu              x10, 0(x8)          x10=00000063  x8:1c0000eb  PA:1c0000eb
12261223ns          199056 1c00897a 00140413 addi             x8, x8, 1            x8=1c0000ec  x8:1c0000eb
12261243ns          199057 1c00897c fe0514e3 bne              x10, x0, -24        x10:00000063
12261302ns          199060 1c008964 02500793 addi             x15, x0, 37         x15=00000025
12261322ns          199061 1c008968 04f50863 beq              x10, x15, 80        x10:00000063 x15:00000025
12261342ns          199062 1c00896c 01a005b3 add              x11, x0, x26        x11=00000002 x26:00000002
12261362ns          199063 1c00896e 000b00e7 jalr             x1, x22, 0           x1=1c008970 x22:1c00887a
12261402ns          199065 1c00887a 000026b7 lui              x13, 0x2000         x13=00002000
12261422ns          199066 1c00887c f14027f3 csrrs            x15, x0, 0xf14      x15=00000000
12261442ns          199067 1c008880 f8068693 addi             x13, x13, -128      x13=00001f80 x13:00002000
12261462ns          199068 1c008884 00379713 slli             x14, x15, 0x3       x14=00000000 x15:00000000
12261481ns          199069 1c008888 00279793 slli             x15, x15, 0x2       x15=00000000 x15:00000000
12261501ns          199070 1c00888a 00d7f7b3 and              x15, x15, x13       x15=00000000 x15:00000000 x13:00001f80
12261521ns          199071 1c00888c ee873733 p.bclr           x14, x14, 23, 8     x14=00000000 x14:00000000
12261541ns          199072 1c008890 1a10f6b7 lui              x13, 0x1a10f000     x13=1a10f000
12261561ns          199073 1c008894 0ff57513 andi             x10, x10, 255       x10=00000063 x10:00000063
12261581ns          199074 1c008898 00d70733 add              x14, x14, x13       x14=1a10f000 x14:00000000 x13:1a10f000
12261601ns          199075 1c00889a 00a7e723 p.sw             x10, x0(x15)        x10:00000063 x15:00000000  PA:1a10f000
12261919ns          199091 1c00889e 00000513 addi             x10, x0, 0          x10=00000000
12261939ns          199092 1c0088a0 00008067 jalr             x0, x1, 0            x1:1c008970
12261979ns          199094 1c008970 31f52563 p.beqimm         x10, 778            x10:00000000
12261999ns          199095 1c008974 001d8d93 addi             x27, x27, 1         x27=00000004 x27:00000003
12262019ns          199096 1c008976 00044503 lbu              x10, 0(x8)          x10=00000065  x8:1c0000ec  PA:1c0000ec
12262337ns          199112 1c00897a 00140413 addi             x8, x8, 1            x8=1c0000ed  x8:1c0000ec
12262357ns          199113 1c00897c fe0514e3 bne              x10, x0, -24        x10:00000065
12262416ns          199116 1c008964 02500793 addi             x15, x0, 37         x15=00000025
12262436ns          199117 1c008968 04f50863 beq              x10, x15, 80        x10:00000065 x15:00000025
12262456ns          199118 1c00896c 01a005b3 add              x11, x0, x26        x11=00000002 x26:00000002
12262476ns          199119 1c00896e 000b00e7 jalr             x1, x22, 0           x1=1c008970 x22:1c00887a
12262516ns          199121 1c00887a 000026b7 lui              x13, 0x2000         x13=00002000
12262536ns          199122 1c00887c f14027f3 csrrs            x15, x0, 0xf14      x15=00000000
12262556ns          199123 1c008880 f8068693 addi             x13, x13, -128      x13=00001f80 x13:00002000
12262575ns          199124 1c008884 00379713 slli             x14, x15, 0x3       x14=00000000 x15:00000000
12262595ns          199125 1c008888 00279793 slli             x15, x15, 0x2       x15=00000000 x15:00000000
12262615ns          199126 1c00888a 00d7f7b3 and              x15, x15, x13       x15=00000000 x15:00000000 x13:00001f80
12262635ns          199127 1c00888c ee873733 p.bclr           x14, x14, 23, 8     x14=00000000 x14:00000000
12262655ns          199128 1c008890 1a10f6b7 lui              x13, 0x1a10f000     x13=1a10f000
12262675ns          199129 1c008894 0ff57513 andi             x10, x10, 255       x10=00000065 x10:00000065
12262695ns          199130 1c008898 00d70733 add              x14, x14, x13       x14=1a10f000 x14:00000000 x13:1a10f000
12262715ns          199131 1c00889a 00a7e723 p.sw             x10, x0(x15)        x10:00000065 x15:00000000  PA:1a10f000
12263033ns          199147 1c00889e 00000513 addi             x10, x0, 0          x10=00000000
12263053ns          199148 1c0088a0 00008067 jalr             x0, x1, 0            x1:1c008970
12263093ns          199150 1c008970 31f52563 p.beqimm         x10, 778            x10:00000000
12263113ns          199151 1c008974 001d8d93 addi             x27, x27, 1         x27=00000005 x27:00000004
12263132ns          199152 1c008976 00044503 lbu              x10, 0(x8)          x10=00000073  x8:1c0000ed  PA:1c0000ed
12263431ns          199167 1c00897a 00140413 addi             x8, x8, 1            x8=1c0000ee  x8:1c0000ed
12263451ns          199168 1c00897c fe0514e3 bne              x10, x0, -24        x10:00000073
12263510ns          199171 1c008964 02500793 addi             x15, x0, 37         x15=00000025
12263530ns          199172 1c008968 04f50863 beq              x10, x15, 80        x10:00000073 x15:00000025
12263550ns          199173 1c00896c 01a005b3 add              x11, x0, x26        x11=00000002 x26:00000002
12263570ns          199174 1c00896e 000b00e7 jalr             x1, x22, 0           x1=1c008970 x22:1c00887a
12263610ns          199176 1c00887a 000026b7 lui              x13, 0x2000         x13=00002000
12263630ns          199177 1c00887c f14027f3 csrrs            x15, x0, 0xf14      x15=00000000
12263650ns          199178 1c008880 f8068693 addi             x13, x13, -128      x13=00001f80 x13:00002000
12263669ns          199179 1c008884 00379713 slli             x14, x15, 0x3       x14=00000000 x15:00000000
12263689ns          199180 1c008888 00279793 slli             x15, x15, 0x2       x15=00000000 x15:00000000
12263709ns          199181 1c00888a 00d7f7b3 and              x15, x15, x13       x15=00000000 x15:00000000 x13:00001f80
12263729ns          199182 1c00888c ee873733 p.bclr           x14, x14, 23, 8     x14=00000000 x14:00000000
12263749ns          199183 1c008890 1a10f6b7 lui              x13, 0x1a10f000     x13=1a10f000
12263769ns          199184 1c008894 0ff57513 andi             x10, x10, 255       x10=00000073 x10:00000073
12263789ns          199185 1c008898 00d70733 add              x14, x14, x13       x14=1a10f000 x14:00000000 x13:1a10f000
12263809ns          199186 1c00889a 00a7e723 p.sw             x10, x0(x15)        x10:00000073 x15:00000000  PA:1a10f000
12264127ns          199202 1c00889e 00000513 addi             x10, x0, 0          x10=00000000
12264147ns          199203 1c0088a0 00008067 jalr             x0, x1, 0            x1:1c008970
12264187ns          199205 1c008970 31f52563 p.beqimm         x10, 778            x10:00000000
12264207ns          199206 1c008974 001d8d93 addi             x27, x27, 1         x27=00000006 x27:00000005
12264226ns          199207 1c008976 00044503 lbu              x10, 0(x8)          x10=00000073  x8:1c0000ee  PA:1c0000ee
12264545ns          199223 1c00897a 00140413 addi             x8, x8, 1            x8=1c0000ef  x8:1c0000ee
12264565ns          199224 1c00897c fe0514e3 bne              x10, x0, -24        x10:00000073
12264624ns          199227 1c008964 02500793 addi             x15, x0, 37         x15=00000025
12264644ns          199228 1c008968 04f50863 beq              x10, x15, 80        x10:00000073 x15:00000025
12264664ns          199229 1c00896c 01a005b3 add              x11, x0, x26        x11=00000002 x26:00000002
12264684ns          199230 1c00896e 000b00e7 jalr             x1, x22, 0           x1=1c008970 x22:1c00887a
12264724ns          199232 1c00887a 000026b7 lui              x13, 0x2000         x13=00002000
12264744ns          199233 1c00887c f14027f3 csrrs            x15, x0, 0xf14      x15=00000000
12264763ns          199234 1c008880 f8068693 addi             x13, x13, -128      x13=00001f80 x13:00002000
12264783ns          199235 1c008884 00379713 slli             x14, x15, 0x3       x14=00000000 x15:00000000
12264803ns          199236 1c008888 00279793 slli             x15, x15, 0x2       x15=00000000 x15:00000000
12264823ns          199237 1c00888a 00d7f7b3 and              x15, x15, x13       x15=00000000 x15:00000000 x13:00001f80
12264843ns          199238 1c00888c ee873733 p.bclr           x14, x14, 23, 8     x14=00000000 x14:00000000
12264863ns          199239 1c008890 1a10f6b7 lui              x13, 0x1a10f000     x13=1a10f000
12264883ns          199240 1c008894 0ff57513 andi             x10, x10, 255       x10=00000073 x10:00000073
12264903ns          199241 1c008898 00d70733 add              x14, x14, x13       x14=1a10f000 x14:00000000 x13:1a10f000
12264923ns          199242 1c00889a 00a7e723 p.sw             x10, x0(x15)        x10:00000073 x15:00000000  PA:1a10f000
12265241ns          199258 1c00889e 00000513 addi             x10, x0, 0          x10=00000000
12265261ns          199259 1c0088a0 00008067 jalr             x0, x1, 0            x1:1c008970
12265301ns          199261 1c008970 31f52563 p.beqimm         x10, 778            x10:00000000
12265320ns          199262 1c008974 001d8d93 addi             x27, x27, 1         x27=00000007 x27:00000006
12265340ns          199263 1c008976 00044503 lbu              x10, 0(x8)          x10=0000002c  x8:1c0000ef  PA:1c0000ef
12265659ns          199279 1c00897a 00140413 addi             x8, x8, 1            x8=1c0000f0  x8:1c0000ef
12265678ns          199280 1c00897c fe0514e3 bne              x10, x0, -24        x10:0000002c
12265738ns          199283 1c008964 02500793 addi             x15, x0, 37         x15=00000025
12265758ns          199284 1c008968 04f50863 beq              x10, x15, 80        x10:0000002c x15:00000025
12265778ns          199285 1c00896c 01a005b3 add              x11, x0, x26        x11=00000002 x26:00000002
12265798ns          199286 1c00896e 000b00e7 jalr             x1, x22, 0           x1=1c008970 x22:1c00887a
12265838ns          199288 1c00887a 000026b7 lui              x13, 0x2000         x13=00002000
12265857ns          199289 1c00887c f14027f3 csrrs            x15, x0, 0xf14      x15=00000000
12265877ns          199290 1c008880 f8068693 addi             x13, x13, -128      x13=00001f80 x13:00002000
12265897ns          199291 1c008884 00379713 slli             x14, x15, 0x3       x14=00000000 x15:00000000
12265917ns          199292 1c008888 00279793 slli             x15, x15, 0x2       x15=00000000 x15:00000000
12265937ns          199293 1c00888a 00d7f7b3 and              x15, x15, x13       x15=00000000 x15:00000000 x13:00001f80
12265957ns          199294 1c00888c ee873733 p.bclr           x14, x14, 23, 8     x14=00000000 x14:00000000
12265977ns          199295 1c008890 1a10f6b7 lui              x13, 0x1a10f000     x13=1a10f000
12265997ns          199296 1c008894 0ff57513 andi             x10, x10, 255       x10=0000002c x10:0000002c
12266017ns          199297 1c008898 00d70733 add              x14, x14, x13       x14=1a10f000 x14:00000000 x13:1a10f000
12266036ns          199298 1c00889a 00a7e723 p.sw             x10, x0(x15)        x10:0000002c x15:00000000  PA:1a10f000
12266355ns          199314 1c00889e 00000513 addi             x10, x0, 0          x10=00000000
12266375ns          199315 1c0088a0 00008067 jalr             x0, x1, 0            x1:1c008970
12266414ns          199317 1c008970 31f52563 p.beqimm         x10, 778            x10:00000000
12266434ns          199318 1c008974 001d8d93 addi             x27, x27, 1         x27=00000008 x27:00000007
12266454ns          199319 1c008976 00044503 lbu              x10, 0(x8)          x10=00000020  x8:1c0000f0  PA:1c0000f0
12266772ns          199335 1c00897a 00140413 addi             x8, x8, 1            x8=1c0000f1  x8:1c0000f0
12266792ns          199336 1c00897c fe0514e3 bne              x10, x0, -24        x10:00000020
12266852ns          199339 1c008964 02500793 addi             x15, x0, 37         x15=00000025
12266872ns          199340 1c008968 04f50863 beq              x10, x15, 80        x10:00000020 x15:00000025
12266892ns          199341 1c00896c 01a005b3 add              x11, x0, x26        x11=00000002 x26:00000002
12266912ns          199342 1c00896e 000b00e7 jalr             x1, x22, 0           x1=1c008970 x22:1c00887a
12266951ns          199344 1c00887a 000026b7 lui              x13, 0x2000         x13=00002000
12266971ns          199345 1c00887c f14027f3 csrrs            x15, x0, 0xf14      x15=00000000
12266991ns          199346 1c008880 f8068693 addi             x13, x13, -128      x13=00001f80 x13:00002000
12267011ns          199347 1c008884 00379713 slli             x14, x15, 0x3       x14=00000000 x15:00000000
12267031ns          199348 1c008888 00279793 slli             x15, x15, 0x2       x15=00000000 x15:00000000
12267051ns          199349 1c00888a 00d7f7b3 and              x15, x15, x13       x15=00000000 x15:00000000 x13:00001f80
12267071ns          199350 1c00888c ee873733 p.bclr           x14, x14, 23, 8     x14=00000000 x14:00000000
12267091ns          199351 1c008890 1a10f6b7 lui              x13, 0x1a10f000     x13=1a10f000
12267111ns          199352 1c008894 0ff57513 andi             x10, x10, 255       x10=00000020 x10:00000020
12267130ns          199353 1c008898 00d70733 add              x14, x14, x13       x14=1a10f000 x14:00000000 x13:1a10f000
12267150ns          199354 1c00889a 00a7e723 p.sw             x10, x0(x15)        x10:00000020 x15:00000000  PA:1a10f000
12267469ns          199370 1c00889e 00000513 addi             x10, x0, 0          x10=00000000
12267488ns          199371 1c0088a0 00008067 jalr             x0, x1, 0            x1:1c008970
12267528ns          199373 1c008970 31f52563 p.beqimm         x10, 778            x10:00000000
12267548ns          199374 1c008974 001d8d93 addi             x27, x27, 1         x27=00000009 x27:00000008
12267568ns          199375 1c008976 00044503 lbu              x10, 0(x8)          x10=00000000  x8:1c0000f1  PA:1c0000f1
12267886ns          199391 1c00897a 00140413 addi             x8, x8, 1            x8=1c0000f2  x8:1c0000f1
12267906ns          199392 1c00897c fe0514e3 bne              x10, x0, -24        x10:00000000
12267926ns          199393 1c00897e 01b00433 add              x8, x0, x27          x8=00000009 x27:00000009
12267946ns          199394 1c008980 00800533 add              x10, x0, x8         x10=00000009  x8:00000009
12267966ns          199395 1c008982 12c12083 lw               x1, 300(x2)          x1=1c00890e  x2:10000638  PA:10000764
12267986ns          199396 1c008986 12812403 lw               x8, 296(x2)          x8=1c00095c  x2:10000638  PA:10000760
12268006ns          199397 1c00898a 12412483 lw               x9, 292(x2)          x9=00000000  x2:10000638  PA:1000075c
12268065ns          199400 1c00898e 12012903 lw               x18, 288(x2)        x18=1a10b004  x2:10000638  PA:10000758
12268105ns          199402 1c008992 11c12983 lw               x19, 284(x2)        x19=00000000  x2:10000638  PA:10000754
12268125ns          199403 1c008996 11812a03 lw               x20, 280(x2)        x20=1c000960  x2:10000638  PA:10000750
12268145ns          199404 1c00899a 11412a83 lw               x21, 276(x2)        x21=1c00a000  x2:10000638  PA:1000074c
12268205ns          199407 1c00899e 11012b03 lw               x22, 272(x2)        x22=1c00a000  x2:10000638  PA:10000748
12268244ns          199409 1c0089a2 10c12b83 lw               x23, 268(x2)        x23=1c000000  x2:10000638  PA:10000744
12268264ns          199410 1c0089a6 10812c03 lw               x24, 264(x2)        x24=1c000000  x2:10000638  PA:10000740
12268284ns          199411 1c0089aa 10412c83 lw               x25, 260(x2)        x25=1c000000  x2:10000638  PA:1000073c
12268304ns          199412 1c0089ae 10012d03 lw               x26, 256(x2)        x26=1c000000  x2:10000638  PA:10000738
12268324ns          199413 1c0089b2 0fc12d83 lw               x27, 252(x2)        x27=1c000954  x2:10000638  PA:10000734
12268344ns          199414 1c0089b4 13010113 addi             x2, x2, 304          x2=10000768  x2:10000638
12268364ns          199415 1c0089b6 00008067 jalr             x0, x1, 0            x1:1c00890e
12268463ns          199420 1c00890e 01c12083 lw               x1, 28(x2)           x1=1c009b30  x2:10000768  PA:10000784
12268523ns          199423 1c008910 04010113 addi             x2, x2, 64           x2=100007a8  x2:10000768
12268543ns          199424 1c008912 00008067 jalr             x0, x1, 0            x1:1c009b30
12268582ns          199426 1c009b30 00c12583 lw               x11, 12(x2)         x11=00000000  x2:100007a8  PA:100007b4
12268602ns          199427 1c009b32 0fcc8513 addi             x10, x25, 252       x10=1c0000fc x25:1c000000
12268622ns          199428 1c009b36 db1fe0ef jal              x1, -4688            x1=1c009b3a
12268662ns          199430 1c0088e6 fc010113 addi             x2, x2, -64          x2=10000768  x2:100007a8
12268682ns          199431 1c0088e8 02410313 addi             x6, x2, 36           x6=1000078c  x2:10000768
12268702ns          199432 1c0088ec 02c12423 sw               x12, 40(x2)         x12:1c0000e8  x2:10000768  PA:10000790
12268722ns          199433 1c0088ee 00a00633 add              x12, x0, x10        x12=1c0000fc x10:1c0000fc
12268742ns          199434 1c0088f0 1c009537 lui              x10, 0x1c009000     x10=1c009000
12268762ns          199435 1c0088f4 02b12223 sw               x11, 36(x2)         x11:00000000  x2:10000768  PA:1000078c
12268781ns          199436 1c0088f6 02d12623 sw               x13, 44(x2)         x13:1a10f000  x2:10000768  PA:10000794
12268801ns          199437 1c0088f8 00200593 addi             x11, x0, 2          x11=00000002
12268821ns          199438 1c0088fa 006006b3 add              x13, x0, x6         x13=1000078c  x6:1000078c
12268841ns          199439 1c0088fc 87a50513 addi             x10, x10, -1926     x10=1c00887a x10:1c009000
12268861ns          199440 1c008900 00112e23 sw               x1, 28(x2)           x1:1c009b3a  x2:10000768  PA:10000784
12268881ns          199441 1c008902 02e12823 sw               x14, 48(x2)         x14:1a10f000  x2:10000768  PA:10000798
12268901ns          199442 1c008904 02f12a23 sw               x15, 52(x2)         x15:00000000  x2:10000768  PA:1000079c
12268921ns          199443 1c008906 03012c23 sw               x16, 56(x2)         x16:10000664  x2:10000768  PA:100007a0
12268941ns          199444 1c008908 03112e23 sw               x17, 60(x2)         x17:00000007  x2:10000768  PA:100007a4
12268960ns          199445 1c00890a 00612623 sw               x6, 12(x2)           x6:1000078c  x2:10000768  PA:10000774
12268980ns          199446 1c00890c fbfff0ef jal              x1, -66              x1=1c00890e
12269020ns          199448 1c0088ca 04a0006f jal              x0, 74             
12269060ns          199450 1c008914 ed010113 addi             x2, x2, -304         x2=10000638  x2:10000768
12269080ns          199451 1c008916 12812423 sw               x8, 296(x2)          x8:1c00095c  x2:10000638  PA:10000760
12269100ns          199452 1c00891a 00000413 addi             x8, x0, 0            x8=00000000
12269120ns          199453 1c00891c 11612823 sw               x22, 272(x2)        x22:1c00a000  x2:10000638  PA:10000748
12269139ns          199454 1c008920 11712623 sw               x23, 268(x2)        x23:1c000000  x2:10000638  PA:10000744
12269159ns          199455 1c008924 11812423 sw               x24, 264(x2)        x24:1c000000  x2:10000638  PA:10000740
12269179ns          199456 1c008928 11912223 sw               x25, 260(x2)        x25:1c000000  x2:10000638  PA:1000073c
12269199ns          199457 1c00892c 11a12023 sw               x26, 256(x2)        x26:1c000000  x2:10000638  PA:10000738
12269219ns          199458 1c008930 0fb12e23 sw               x27, 252(x2)        x27:1c000954  x2:10000638  PA:10000734
12269239ns          199459 1c008932 12112623 sw               x1, 300(x2)          x1:1c00890e  x2:10000638  PA:10000764
12269259ns          199460 1c008936 00800db3 add              x27, x0, x8         x27=00000000  x8:00000000
12269279ns          199461 1c008938 12912223 sw               x9, 292(x2)          x9:00000000  x2:10000638  PA:1000075c
12269299ns          199462 1c00893c 13212023 sw               x18, 288(x2)        x18:1a10b004  x2:10000638  PA:10000758
12269318ns          199463 1c008940 11312e23 sw               x19, 284(x2)        x19:00000000  x2:10000638  PA:10000754
12269338ns          199464 1c008944 11412c23 sw               x20, 280(x2)        x20:1c000960  x2:10000638  PA:10000750
12269358ns          199465 1c008948 11512a23 sw               x21, 276(x2)        x21:1c00a000  x2:10000638  PA:1000074c
12269378ns          199466 1c00894c 00a00b33 add              x22, x0, x10        x22=1c00887a x10:1c00887a
12269398ns          199467 1c00894e 00b00d33 add              x26, x0, x11        x26=00000002 x11:00000002
12269418ns          199468 1c008950 00d00c33 add              x24, x0, x13        x24=1000078c x13:1000078c
12269438ns          199469 1c008952 1c000bb7 lui              x23, 0x1c000000     x23=1c000000
12269458ns          199470 1c008956 02410c93 addi             x25, x2, 36         x25=1000065c  x2:10000638
12269478ns          199471 1c00895a 00c00433 add              x8, x0, x12          x8=1c0000fc x12:1c0000fc
12269497ns          199472 1c00895c 00044503 lbu              x10, 0(x8)          x10=0000006e  x8:1c0000fc  PA:1c0000fc
12269796ns          199487 1c008960 00140413 addi             x8, x8, 1            x8=1c0000fd  x8:1c0000fc
12269816ns          199488 1c008962 00050e63 beq              x10, x0, 28         x10:0000006e
12269836ns          199489 1c008964 02500793 addi             x15, x0, 37         x15=00000025
12269855ns          199490 1c008968 04f50863 beq              x10, x15, 80        x10:0000006e x15:00000025
12269875ns          199491 1c00896c 01a005b3 add              x11, x0, x26        x11=00000002 x26:00000002
12269895ns          199492 1c00896e 000b00e7 jalr             x1, x22, 0           x1=1c008970 x22:1c00887a
12269935ns          199494 1c00887a 000026b7 lui              x13, 0x2000         x13=00002000
12269955ns          199495 1c00887c f14027f3 csrrs            x15, x0, 0xf14      x15=00000000
12269975ns          199496 1c008880 f8068693 addi             x13, x13, -128      x13=00001f80 x13:00002000
12269995ns          199497 1c008884 00379713 slli             x14, x15, 0x3       x14=00000000 x15:00000000
12270015ns          199498 1c008888 00279793 slli             x15, x15, 0x2       x15=00000000 x15:00000000
12270035ns          199499 1c00888a 00d7f7b3 and              x15, x15, x13       x15=00000000 x15:00000000 x13:00001f80
12270054ns          199500 1c00888c ee873733 p.bclr           x14, x14, 23, 8     x14=00000000 x14:00000000
12270094ns          199502 1c008890 1a10f6b7 lui              x13, 0x1a10f000     x13=1a10f000
12270134ns          199504 1c008894 0ff57513 andi             x10, x10, 255       x10=0000006e x10:0000006e
12270154ns          199505 1c008898 00d70733 add              x14, x14, x13       x14=1a10f000 x14:00000000 x13:1a10f000
12270174ns          199506 1c00889a 00a7e723 p.sw             x10, x0(x15)        x10:0000006e x15:00000000  PA:1a10f000
12270492ns          199522 1c00889e 00000513 addi             x10, x0, 0          x10=00000000
12270512ns          199523 1c0088a0 00008067 jalr             x0, x1, 0            x1:1c008970
12270552ns          199525 1c008970 31f52563 p.beqimm         x10, 778            x10:00000000
12270572ns          199526 1c008974 001d8d93 addi             x27, x27, 1         x27=00000001 x27:00000000
12270591ns          199527 1c008976 00044503 lbu              x10, 0(x8)          x10=00000072  x8:1c0000fd  PA:1c0000fd
12270910ns          199543 1c00897a 00140413 addi             x8, x8, 1            x8=1c0000fe  x8:1c0000fd
12270930ns          199544 1c00897c fe0514e3 bne              x10, x0, -24        x10:00000072
12270989ns          199547 1c008964 02500793 addi             x15, x0, 37         x15=00000025
12271009ns          199548 1c008968 04f50863 beq              x10, x15, 80        x10:00000072 x15:00000025
12271029ns          199549 1c00896c 01a005b3 add              x11, x0, x26        x11=00000002 x26:00000002
12271049ns          199550 1c00896e 000b00e7 jalr             x1, x22, 0           x1=1c008970 x22:1c00887a
12271089ns          199552 1c00887a 000026b7 lui              x13, 0x2000         x13=00002000
12271109ns          199553 1c00887c f14027f3 csrrs            x15, x0, 0xf14      x15=00000000
12271129ns          199554 1c008880 f8068693 addi             x13, x13, -128      x13=00001f80 x13:00002000
12271148ns          199555 1c008884 00379713 slli             x14, x15, 0x3       x14=00000000 x15:00000000
12271168ns          199556 1c008888 00279793 slli             x15, x15, 0x2       x15=00000000 x15:00000000
12271188ns          199557 1c00888a 00d7f7b3 and              x15, x15, x13       x15=00000000 x15:00000000 x13:00001f80
12271208ns          199558 1c00888c ee873733 p.bclr           x14, x14, 23, 8     x14=00000000 x14:00000000
12271228ns          199559 1c008890 1a10f6b7 lui              x13, 0x1a10f000     x13=1a10f000
12271248ns          199560 1c008894 0ff57513 andi             x10, x10, 255       x10=00000072 x10:00000072
12271268ns          199561 1c008898 00d70733 add              x14, x14, x13       x14=1a10f000 x14:00000000 x13:1a10f000
12271288ns          199562 1c00889a 00a7e723 p.sw             x10, x0(x15)        x10:00000072 x15:00000000  PA:1a10f000
12271606ns          199578 1c00889e 00000513 addi             x10, x0, 0          x10=00000000
12271626ns          199579 1c0088a0 00008067 jalr             x0, x1, 0            x1:1c008970
12271666ns          199581 1c008970 31f52563 p.beqimm         x10, 778            x10:00000000
12271685ns          199582 1c008974 001d8d93 addi             x27, x27, 1         x27=00000002 x27:00000001
12271705ns          199583 1c008976 00044503 lbu              x10, 0(x8)          x10=0000002e  x8:1c0000fe  PA:1c0000fe
12272024ns          199599 1c00897a 00140413 addi             x8, x8, 1            x8=1c0000ff  x8:1c0000fe
12272043ns          199600 1c00897c fe0514e3 bne              x10, x0, -24        x10:0000002e
12272103ns          199603 1c008964 02500793 addi             x15, x0, 37         x15=00000025
12272123ns          199604 1c008968 04f50863 beq              x10, x15, 80        x10:0000002e x15:00000025
12272143ns          199605 1c00896c 01a005b3 add              x11, x0, x26        x11=00000002 x26:00000002
12272163ns          199606 1c00896e 000b00e7 jalr             x1, x22, 0           x1=1c008970 x22:1c00887a
12272203ns          199608 1c00887a 000026b7 lui              x13, 0x2000         x13=00002000
12272222ns          199609 1c00887c f14027f3 csrrs            x15, x0, 0xf14      x15=00000000
12272242ns          199610 1c008880 f8068693 addi             x13, x13, -128      x13=00001f80 x13:00002000
12272262ns          199611 1c008884 00379713 slli             x14, x15, 0x3       x14=00000000 x15:00000000
12272282ns          199612 1c008888 00279793 slli             x15, x15, 0x2       x15=00000000 x15:00000000
12272302ns          199613 1c00888a 00d7f7b3 and              x15, x15, x13       x15=00000000 x15:00000000 x13:00001f80
12272322ns          199614 1c00888c ee873733 p.bclr           x14, x14, 23, 8     x14=00000000 x14:00000000
12272342ns          199615 1c008890 1a10f6b7 lui              x13, 0x1a10f000     x13=1a10f000
12272362ns          199616 1c008894 0ff57513 andi             x10, x10, 255       x10=0000002e x10:0000002e
12272382ns          199617 1c008898 00d70733 add              x14, x14, x13       x14=1a10f000 x14:00000000 x13:1a10f000
12272402ns          199618 1c00889a 00a7e723 p.sw             x10, x0(x15)        x10:0000002e x15:00000000  PA:1a10f000
12272720ns          199634 1c00889e 00000513 addi             x10, x0, 0          x10=00000000
12272740ns          199635 1c0088a0 00008067 jalr             x0, x1, 0            x1:1c008970
12272779ns          199637 1c008970 31f52563 p.beqimm         x10, 778            x10:00000000
12272799ns          199638 1c008974 001d8d93 addi             x27, x27, 1         x27=00000003 x27:00000002
12272819ns          199639 1c008976 00044503 lbu              x10, 0(x8)          x10=00000020  x8:1c0000ff  PA:1c0000ff
12273137ns          199655 1c00897a 00140413 addi             x8, x8, 1            x8=1c000100  x8:1c0000ff
12273157ns          199656 1c00897c fe0514e3 bne              x10, x0, -24        x10:00000020
12273217ns          199659 1c008964 02500793 addi             x15, x0, 37         x15=00000025
12273237ns          199660 1c008968 04f50863 beq              x10, x15, 80        x10:00000020 x15:00000025
12273257ns          199661 1c00896c 01a005b3 add              x11, x0, x26        x11=00000002 x26:00000002
12273277ns          199662 1c00896e 000b00e7 jalr             x1, x22, 0           x1=1c008970 x22:1c00887a
12273316ns          199664 1c00887a 000026b7 lui              x13, 0x2000         x13=00002000
12273336ns          199665 1c00887c f14027f3 csrrs            x15, x0, 0xf14      x15=00000000
12273356ns          199666 1c008880 f8068693 addi             x13, x13, -128      x13=00001f80 x13:00002000
12273376ns          199667 1c008884 00379713 slli             x14, x15, 0x3       x14=00000000 x15:00000000
12273396ns          199668 1c008888 00279793 slli             x15, x15, 0x2       x15=00000000 x15:00000000
12273416ns          199669 1c00888a 00d7f7b3 and              x15, x15, x13       x15=00000000 x15:00000000 x13:00001f80
12273436ns          199670 1c00888c ee873733 p.bclr           x14, x14, 23, 8     x14=00000000 x14:00000000
12273456ns          199671 1c008890 1a10f6b7 lui              x13, 0x1a10f000     x13=1a10f000
12273476ns          199672 1c008894 0ff57513 andi             x10, x10, 255       x10=00000020 x10:00000020
12273496ns          199673 1c008898 00d70733 add              x14, x14, x13       x14=1a10f000 x14:00000000 x13:1a10f000
12273515ns          199674 1c00889a 00a7e723 p.sw             x10, x0(x15)        x10:00000020 x15:00000000  PA:1a10f000
12273834ns          199690 1c00889e 00000513 addi             x10, x0, 0          x10=00000000
12273854ns          199691 1c0088a0 00008067 jalr             x0, x1, 0            x1:1c008970
12273893ns          199693 1c008970 31f52563 p.beqimm         x10, 778            x10:00000000
12273913ns          199694 1c008974 001d8d93 addi             x27, x27, 1         x27=00000004 x27:00000003
12273933ns          199695 1c008976 00044503 lbu              x10, 0(x8)          x10=0000006f  x8:1c000100  PA:1c000100
12274251ns          199711 1c00897a 00140413 addi             x8, x8, 1            x8=1c000101  x8:1c000100
12274271ns          199712 1c00897c fe0514e3 bne              x10, x0, -24        x10:0000006f
12274331ns          199715 1c008964 02500793 addi             x15, x0, 37         x15=00000025
12274351ns          199716 1c008968 04f50863 beq              x10, x15, 80        x10:0000006f x15:00000025
12274371ns          199717 1c00896c 01a005b3 add              x11, x0, x26        x11=00000002 x26:00000002
12274391ns          199718 1c00896e 000b00e7 jalr             x1, x22, 0           x1=1c008970 x22:1c00887a
12274430ns          199720 1c00887a 000026b7 lui              x13, 0x2000         x13=00002000
12274450ns          199721 1c00887c f14027f3 csrrs            x15, x0, 0xf14      x15=00000000
12274470ns          199722 1c008880 f8068693 addi             x13, x13, -128      x13=00001f80 x13:00002000
12274490ns          199723 1c008884 00379713 slli             x14, x15, 0x3       x14=00000000 x15:00000000
12274510ns          199724 1c008888 00279793 slli             x15, x15, 0x2       x15=00000000 x15:00000000
12274530ns          199725 1c00888a 00d7f7b3 and              x15, x15, x13       x15=00000000 x15:00000000 x13:00001f80
12274550ns          199726 1c00888c ee873733 p.bclr           x14, x14, 23, 8     x14=00000000 x14:00000000
12274570ns          199727 1c008890 1a10f6b7 lui              x13, 0x1a10f000     x13=1a10f000
12274589ns          199728 1c008894 0ff57513 andi             x10, x10, 255       x10=0000006f x10:0000006f
12274609ns          199729 1c008898 00d70733 add              x14, x14, x13       x14=1a10f000 x14:00000000 x13:1a10f000
12274629ns          199730 1c00889a 00a7e723 p.sw             x10, x0(x15)        x10:0000006f x15:00000000  PA:1a10f000
12274948ns          199746 1c00889e 00000513 addi             x10, x0, 0          x10=00000000
12274967ns          199747 1c0088a0 00008067 jalr             x0, x1, 0            x1:1c008970
12275007ns          199749 1c008970 31f52563 p.beqimm         x10, 778            x10:00000000
12275027ns          199750 1c008974 001d8d93 addi             x27, x27, 1         x27=00000005 x27:00000004
12275047ns          199751 1c008976 00044503 lbu              x10, 0(x8)          x10=00000066  x8:1c000101  PA:1c000101
12275345ns          199766 1c00897a 00140413 addi             x8, x8, 1            x8=1c000102  x8:1c000101
12275365ns          199767 1c00897c fe0514e3 bne              x10, x0, -24        x10:00000066
12275425ns          199770 1c008964 02500793 addi             x15, x0, 37         x15=00000025
12275445ns          199771 1c008968 04f50863 beq              x10, x15, 80        x10:00000066 x15:00000025
12275465ns          199772 1c00896c 01a005b3 add              x11, x0, x26        x11=00000002 x26:00000002
12275485ns          199773 1c00896e 000b00e7 jalr             x1, x22, 0           x1=1c008970 x22:1c00887a
12275524ns          199775 1c00887a 000026b7 lui              x13, 0x2000         x13=00002000
12275544ns          199776 1c00887c f14027f3 csrrs            x15, x0, 0xf14      x15=00000000
12275564ns          199777 1c008880 f8068693 addi             x13, x13, -128      x13=00001f80 x13:00002000
12275584ns          199778 1c008884 00379713 slli             x14, x15, 0x3       x14=00000000 x15:00000000
12275604ns          199779 1c008888 00279793 slli             x15, x15, 0x2       x15=00000000 x15:00000000
12275624ns          199780 1c00888a 00d7f7b3 and              x15, x15, x13       x15=00000000 x15:00000000 x13:00001f80
12275644ns          199781 1c00888c ee873733 p.bclr           x14, x14, 23, 8     x14=00000000 x14:00000000
12275664ns          199782 1c008890 1a10f6b7 lui              x13, 0x1a10f000     x13=1a10f000
12275683ns          199783 1c008894 0ff57513 andi             x10, x10, 255       x10=00000066 x10:00000066
12275703ns          199784 1c008898 00d70733 add              x14, x14, x13       x14=1a10f000 x14:00000000 x13:1a10f000
12275723ns          199785 1c00889a 00a7e723 p.sw             x10, x0(x15)        x10:00000066 x15:00000000  PA:1a10f000
12276042ns          199801 1c00889e 00000513 addi             x10, x0, 0          x10=00000000
12276061ns          199802 1c0088a0 00008067 jalr             x0, x1, 0            x1:1c008970
12276101ns          199804 1c008970 31f52563 p.beqimm         x10, 778            x10:00000000
12276121ns          199805 1c008974 001d8d93 addi             x27, x27, 1         x27=00000006 x27:00000005
12276141ns          199806 1c008976 00044503 lbu              x10, 0(x8)          x10=00000020  x8:1c000102  PA:1c000102
12276459ns          199822 1c00897a 00140413 addi             x8, x8, 1            x8=1c000103  x8:1c000102
12276479ns          199823 1c00897c fe0514e3 bne              x10, x0, -24        x10:00000020
12276539ns          199826 1c008964 02500793 addi             x15, x0, 37         x15=00000025
12276559ns          199827 1c008968 04f50863 beq              x10, x15, 80        x10:00000020 x15:00000025
12276579ns          199828 1c00896c 01a005b3 add              x11, x0, x26        x11=00000002 x26:00000002
12276598ns          199829 1c00896e 000b00e7 jalr             x1, x22, 0           x1=1c008970 x22:1c00887a
12276638ns          199831 1c00887a 000026b7 lui              x13, 0x2000         x13=00002000
12276658ns          199832 1c00887c f14027f3 csrrs            x15, x0, 0xf14      x15=00000000
12276678ns          199833 1c008880 f8068693 addi             x13, x13, -128      x13=00001f80 x13:00002000
12276698ns          199834 1c008884 00379713 slli             x14, x15, 0x3       x14=00000000 x15:00000000
12276718ns          199835 1c008888 00279793 slli             x15, x15, 0x2       x15=00000000 x15:00000000
12276738ns          199836 1c00888a 00d7f7b3 and              x15, x15, x13       x15=00000000 x15:00000000 x13:00001f80
12276758ns          199837 1c00888c ee873733 p.bclr           x14, x14, 23, 8     x14=00000000 x14:00000000
12276777ns          199838 1c008890 1a10f6b7 lui              x13, 0x1a10f000     x13=1a10f000
12276797ns          199839 1c008894 0ff57513 andi             x10, x10, 255       x10=00000020 x10:00000020
12276817ns          199840 1c008898 00d70733 add              x14, x14, x13       x14=1a10f000 x14:00000000 x13:1a10f000
12276837ns          199841 1c00889a 00a7e723 p.sw             x10, x0(x15)        x10:00000020 x15:00000000  PA:1a10f000
12277155ns          199857 1c00889e 00000513 addi             x10, x0, 0          x10=00000000
12277175ns          199858 1c0088a0 00008067 jalr             x0, x1, 0            x1:1c008970
12277215ns          199860 1c008970 31f52563 p.beqimm         x10, 778            x10:00000000
12277235ns          199861 1c008974 001d8d93 addi             x27, x27, 1         x27=00000007 x27:00000006
12277255ns          199862 1c008976 00044503 lbu              x10, 0(x8)          x10=00000065  x8:1c000103  PA:1c000103
12277573ns          199878 1c00897a 00140413 addi             x8, x8, 1            x8=1c000104  x8:1c000103
12277593ns          199879 1c00897c fe0514e3 bne              x10, x0, -24        x10:00000065
12277653ns          199882 1c008964 02500793 addi             x15, x0, 37         x15=00000025
12277673ns          199883 1c008968 04f50863 beq              x10, x15, 80        x10:00000065 x15:00000025
12277692ns          199884 1c00896c 01a005b3 add              x11, x0, x26        x11=00000002 x26:00000002
12277712ns          199885 1c00896e 000b00e7 jalr             x1, x22, 0           x1=1c008970 x22:1c00887a
12277752ns          199887 1c00887a 000026b7 lui              x13, 0x2000         x13=00002000
12277772ns          199888 1c00887c f14027f3 csrrs            x15, x0, 0xf14      x15=00000000
12277792ns          199889 1c008880 f8068693 addi             x13, x13, -128      x13=00001f80 x13:00002000
12277812ns          199890 1c008884 00379713 slli             x14, x15, 0x3       x14=00000000 x15:00000000
12277832ns          199891 1c008888 00279793 slli             x15, x15, 0x2       x15=00000000 x15:00000000
12277852ns          199892 1c00888a 00d7f7b3 and              x15, x15, x13       x15=00000000 x15:00000000 x13:00001f80
12277871ns          199893 1c00888c ee873733 p.bclr           x14, x14, 23, 8     x14=00000000 x14:00000000
12277891ns          199894 1c008890 1a10f6b7 lui              x13, 0x1a10f000     x13=1a10f000
12277911ns          199895 1c008894 0ff57513 andi             x10, x10, 255       x10=00000065 x10:00000065
12277931ns          199896 1c008898 00d70733 add              x14, x14, x13       x14=1a10f000 x14:00000000 x13:1a10f000
12277951ns          199897 1c00889a 00a7e723 p.sw             x10, x0(x15)        x10:00000065 x15:00000000  PA:1a10f000
12278269ns          199913 1c00889e 00000513 addi             x10, x0, 0          x10=00000000
12278289ns          199914 1c0088a0 00008067 jalr             x0, x1, 0            x1:1c008970
12278329ns          199916 1c008970 31f52563 p.beqimm         x10, 778            x10:00000000
12278349ns          199917 1c008974 001d8d93 addi             x27, x27, 1         x27=00000008 x27:00000007
12278369ns          199918 1c008976 00044503 lbu              x10, 0(x8)          x10=00000072  x8:1c000104  PA:1c000104
12278687ns          199934 1c00897a 00140413 addi             x8, x8, 1            x8=1c000105  x8:1c000104
12278707ns          199935 1c00897c fe0514e3 bne              x10, x0, -24        x10:00000072
12278767ns          199938 1c008964 02500793 addi             x15, x0, 37         x15=00000025
12278786ns          199939 1c008968 04f50863 beq              x10, x15, 80        x10:00000072 x15:00000025
12278806ns          199940 1c00896c 01a005b3 add              x11, x0, x26        x11=00000002 x26:00000002
12278826ns          199941 1c00896e 000b00e7 jalr             x1, x22, 0           x1=1c008970 x22:1c00887a
12278866ns          199943 1c00887a 000026b7 lui              x13, 0x2000         x13=00002000
12278886ns          199944 1c00887c f14027f3 csrrs            x15, x0, 0xf14      x15=00000000
12278906ns          199945 1c008880 f8068693 addi             x13, x13, -128      x13=00001f80 x13:00002000
12278926ns          199946 1c008884 00379713 slli             x14, x15, 0x3       x14=00000000 x15:00000000
12278946ns          199947 1c008888 00279793 slli             x15, x15, 0x2       x15=00000000 x15:00000000
12278965ns          199948 1c00888a 00d7f7b3 and              x15, x15, x13       x15=00000000 x15:00000000 x13:00001f80
12278985ns          199949 1c00888c ee873733 p.bclr           x14, x14, 23, 8     x14=00000000 x14:00000000
12279005ns          199950 1c008890 1a10f6b7 lui              x13, 0x1a10f000     x13=1a10f000
12279025ns          199951 1c008894 0ff57513 andi             x10, x10, 255       x10=00000072 x10:00000072
12279045ns          199952 1c008898 00d70733 add              x14, x14, x13       x14=1a10f000 x14:00000000 x13:1a10f000
12279065ns          199953 1c00889a 00a7e723 p.sw             x10, x0(x15)        x10:00000072 x15:00000000  PA:1a10f000
12279383ns          199969 1c00889e 00000513 addi             x10, x0, 0          x10=00000000
12279403ns          199970 1c0088a0 00008067 jalr             x0, x1, 0            x1:1c008970
12279443ns          199972 1c008970 31f52563 p.beqimm         x10, 778            x10:00000000
12279463ns          199973 1c008974 001d8d93 addi             x27, x27, 1         x27=00000009 x27:00000008
12279483ns          199974 1c008976 00044503 lbu              x10, 0(x8)          x10=00000072  x8:1c000105  PA:1c000105
12279801ns          199990 1c00897a 00140413 addi             x8, x8, 1            x8=1c000106  x8:1c000105
12279821ns          199991 1c00897c fe0514e3 bne              x10, x0, -24        x10:00000072
12279880ns          199994 1c008964 02500793 addi             x15, x0, 37         x15=00000025
12279900ns          199995 1c008968 04f50863 beq              x10, x15, 80        x10:00000072 x15:00000025
12279920ns          199996 1c00896c 01a005b3 add              x11, x0, x26        x11=00000002 x26:00000002
12279940ns          199997 1c00896e 000b00e7 jalr             x1, x22, 0           x1=1c008970 x22:1c00887a
12279980ns          199999 1c00887a 000026b7 lui              x13, 0x2000         x13=00002000
12280000ns          200000 1c00887c f14027f3 csrrs            x15, x0, 0xf14      x15=00000000
12280020ns          200001 1c008880 f8068693 addi             x13, x13, -128      x13=00001f80 x13:00002000
12280040ns          200002 1c008884 00379713 slli             x14, x15, 0x3       x14=00000000 x15:00000000
12280059ns          200003 1c008888 00279793 slli             x15, x15, 0x2       x15=00000000 x15:00000000
12280079ns          200004 1c00888a 00d7f7b3 and              x15, x15, x13       x15=00000000 x15:00000000 x13:00001f80
12280099ns          200005 1c00888c ee873733 p.bclr           x14, x14, 23, 8     x14=00000000 x14:00000000
12280119ns          200006 1c008890 1a10f6b7 lui              x13, 0x1a10f000     x13=1a10f000
12280139ns          200007 1c008894 0ff57513 andi             x10, x10, 255       x10=00000072 x10:00000072
12280159ns          200008 1c008898 00d70733 add              x14, x14, x13       x14=1a10f000 x14:00000000 x13:1a10f000
12280179ns          200009 1c00889a 00a7e723 p.sw             x10, x0(x15)        x10:00000072 x15:00000000  PA:1a10f000
12280497ns          200025 1c00889e 00000513 addi             x10, x0, 0          x10=00000000
12280517ns          200026 1c0088a0 00008067 jalr             x0, x1, 0            x1:1c008970
12280557ns          200028 1c008970 31f52563 p.beqimm         x10, 778            x10:00000000
12280577ns          200029 1c008974 001d8d93 addi             x27, x27, 1         x27=0000000a x27:00000009
12280597ns          200030 1c008976 00044503 lbu              x10, 0(x8)          x10=0000006f  x8:1c000106  PA:1c000106
12280915ns          200046 1c00897a 00140413 addi             x8, x8, 1            x8=1c000107  x8:1c000106
12280935ns          200047 1c00897c fe0514e3 bne              x10, x0, -24        x10:0000006f
12280994ns          200050 1c008964 02500793 addi             x15, x0, 37         x15=00000025
12281014ns          200051 1c008968 04f50863 beq              x10, x15, 80        x10:0000006f x15:00000025
12281034ns          200052 1c00896c 01a005b3 add              x11, x0, x26        x11=00000002 x26:00000002
12281054ns          200053 1c00896e 000b00e7 jalr             x1, x22, 0           x1=1c008970 x22:1c00887a
12281094ns          200055 1c00887a 000026b7 lui              x13, 0x2000         x13=00002000
12281114ns          200056 1c00887c f14027f3 csrrs            x15, x0, 0xf14      x15=00000000
12281134ns          200057 1c008880 f8068693 addi             x13, x13, -128      x13=00001f80 x13:00002000
12281153ns          200058 1c008884 00379713 slli             x14, x15, 0x3       x14=00000000 x15:00000000
12281173ns          200059 1c008888 00279793 slli             x15, x15, 0x2       x15=00000000 x15:00000000
12281193ns          200060 1c00888a 00d7f7b3 and              x15, x15, x13       x15=00000000 x15:00000000 x13:00001f80
12281213ns          200061 1c00888c ee873733 p.bclr           x14, x14, 23, 8     x14=00000000 x14:00000000
12281233ns          200062 1c008890 1a10f6b7 lui              x13, 0x1a10f000     x13=1a10f000
12281253ns          200063 1c008894 0ff57513 andi             x10, x10, 255       x10=0000006f x10:0000006f
12281273ns          200064 1c008898 00d70733 add              x14, x14, x13       x14=1a10f000 x14:00000000 x13:1a10f000
12281293ns          200065 1c00889a 00a7e723 p.sw             x10, x0(x15)        x10:0000006f x15:00000000  PA:1a10f000
12281611ns          200081 1c00889e 00000513 addi             x10, x0, 0          x10=00000000
12281631ns          200082 1c0088a0 00008067 jalr             x0, x1, 0            x1:1c008970
12281671ns          200084 1c008970 31f52563 p.beqimm         x10, 778            x10:00000000
12281690ns          200085 1c008974 001d8d93 addi             x27, x27, 1         x27=0000000b x27:0000000a
12281710ns          200086 1c008976 00044503 lbu              x10, 0(x8)          x10=00000072  x8:1c000107  PA:1c000107
12282009ns          200101 1c00897a 00140413 addi             x8, x8, 1            x8=1c000108  x8:1c000107
12282029ns          200102 1c00897c fe0514e3 bne              x10, x0, -24        x10:00000072
12282088ns          200105 1c008964 02500793 addi             x15, x0, 37         x15=00000025
12282108ns          200106 1c008968 04f50863 beq              x10, x15, 80        x10:00000072 x15:00000025
12282128ns          200107 1c00896c 01a005b3 add              x11, x0, x26        x11=00000002 x26:00000002
12282148ns          200108 1c00896e 000b00e7 jalr             x1, x22, 0           x1=1c008970 x22:1c00887a
12282188ns          200110 1c00887a 000026b7 lui              x13, 0x2000         x13=00002000
12282208ns          200111 1c00887c f14027f3 csrrs            x15, x0, 0xf14      x15=00000000
12282228ns          200112 1c008880 f8068693 addi             x13, x13, -128      x13=00001f80 x13:00002000
12282247ns          200113 1c008884 00379713 slli             x14, x15, 0x3       x14=00000000 x15:00000000
12282267ns          200114 1c008888 00279793 slli             x15, x15, 0x2       x15=00000000 x15:00000000
12282287ns          200115 1c00888a 00d7f7b3 and              x15, x15, x13       x15=00000000 x15:00000000 x13:00001f80
12282307ns          200116 1c00888c ee873733 p.bclr           x14, x14, 23, 8     x14=00000000 x14:00000000
12282327ns          200117 1c008890 1a10f6b7 lui              x13, 0x1a10f000     x13=1a10f000
12282347ns          200118 1c008894 0ff57513 andi             x10, x10, 255       x10=00000072 x10:00000072
12282367ns          200119 1c008898 00d70733 add              x14, x14, x13       x14=1a10f000 x14:00000000 x13:1a10f000
12282387ns          200120 1c00889a 00a7e723 p.sw             x10, x0(x15)        x10:00000072 x15:00000000  PA:1a10f000
12282705ns          200136 1c00889e 00000513 addi             x10, x0, 0          x10=00000000
12282725ns          200137 1c0088a0 00008067 jalr             x0, x1, 0            x1:1c008970
12282765ns          200139 1c008970 31f52563 p.beqimm         x10, 778            x10:00000000
12282784ns          200140 1c008974 001d8d93 addi             x27, x27, 1         x27=0000000c x27:0000000b
12282804ns          200141 1c008976 00044503 lbu              x10, 0(x8)          x10=00000073  x8:1c000108  PA:1c000108
12283123ns          200157 1c00897a 00140413 addi             x8, x8, 1            x8=1c000109  x8:1c000108
12283143ns          200158 1c00897c fe0514e3 bne              x10, x0, -24        x10:00000073
12283202ns          200161 1c008964 02500793 addi             x15, x0, 37         x15=00000025
12283222ns          200162 1c008968 04f50863 beq              x10, x15, 80        x10:00000073 x15:00000025
12283242ns          200163 1c00896c 01a005b3 add              x11, x0, x26        x11=00000002 x26:00000002
12283262ns          200164 1c00896e 000b00e7 jalr             x1, x22, 0           x1=1c008970 x22:1c00887a
12283302ns          200166 1c00887a 000026b7 lui              x13, 0x2000         x13=00002000
12283322ns          200167 1c00887c f14027f3 csrrs            x15, x0, 0xf14      x15=00000000
12283341ns          200168 1c008880 f8068693 addi             x13, x13, -128      x13=00001f80 x13:00002000
12283361ns          200169 1c008884 00379713 slli             x14, x15, 0x3       x14=00000000 x15:00000000
12283381ns          200170 1c008888 00279793 slli             x15, x15, 0x2       x15=00000000 x15:00000000
12283401ns          200171 1c00888a 00d7f7b3 and              x15, x15, x13       x15=00000000 x15:00000000 x13:00001f80
12283421ns          200172 1c00888c ee873733 p.bclr           x14, x14, 23, 8     x14=00000000 x14:00000000
12283441ns          200173 1c008890 1a10f6b7 lui              x13, 0x1a10f000     x13=1a10f000
12283461ns          200174 1c008894 0ff57513 andi             x10, x10, 255       x10=00000073 x10:00000073
12283481ns          200175 1c008898 00d70733 add              x14, x14, x13       x14=1a10f000 x14:00000000 x13:1a10f000
12283501ns          200176 1c00889a 00a7e723 p.sw             x10, x0(x15)        x10:00000073 x15:00000000  PA:1a10f000
12283819ns          200192 1c00889e 00000513 addi             x10, x0, 0          x10=00000000
12283839ns          200193 1c0088a0 00008067 jalr             x0, x1, 0            x1:1c008970
12283878ns          200195 1c008970 31f52563 p.beqimm         x10, 778            x10:00000000
12283898ns          200196 1c008974 001d8d93 addi             x27, x27, 1         x27=0000000d x27:0000000c
12283918ns          200197 1c008976 00044503 lbu              x10, 0(x8)          x10=0000003a  x8:1c000109  PA:1c000109
12284237ns          200213 1c00897a 00140413 addi             x8, x8, 1            x8=1c00010a  x8:1c000109
12284256ns          200214 1c00897c fe0514e3 bne              x10, x0, -24        x10:0000003a
12284316ns          200217 1c008964 02500793 addi             x15, x0, 37         x15=00000025
12284336ns          200218 1c008968 04f50863 beq              x10, x15, 80        x10:0000003a x15:00000025
12284356ns          200219 1c00896c 01a005b3 add              x11, x0, x26        x11=00000002 x26:00000002
12284376ns          200220 1c00896e 000b00e7 jalr             x1, x22, 0           x1=1c008970 x22:1c00887a
12284416ns          200222 1c00887a 000026b7 lui              x13, 0x2000         x13=00002000
12284435ns          200223 1c00887c f14027f3 csrrs            x15, x0, 0xf14      x15=00000000
12284455ns          200224 1c008880 f8068693 addi             x13, x13, -128      x13=00001f80 x13:00002000
12284475ns          200225 1c008884 00379713 slli             x14, x15, 0x3       x14=00000000 x15:00000000
12284495ns          200226 1c008888 00279793 slli             x15, x15, 0x2       x15=00000000 x15:00000000
12284515ns          200227 1c00888a 00d7f7b3 and              x15, x15, x13       x15=00000000 x15:00000000 x13:00001f80
12284535ns          200228 1c00888c ee873733 p.bclr           x14, x14, 23, 8     x14=00000000 x14:00000000
12284555ns          200229 1c008890 1a10f6b7 lui              x13, 0x1a10f000     x13=1a10f000
12284575ns          200230 1c008894 0ff57513 andi             x10, x10, 255       x10=0000003a x10:0000003a
12284595ns          200231 1c008898 00d70733 add              x14, x14, x13       x14=1a10f000 x14:00000000 x13:1a10f000
12284614ns          200232 1c00889a 00a7e723 p.sw             x10, x0(x15)        x10:0000003a x15:00000000  PA:1a10f000
12284933ns          200248 1c00889e 00000513 addi             x10, x0, 0          x10=00000000
12284953ns          200249 1c0088a0 00008067 jalr             x0, x1, 0            x1:1c008970
12284992ns          200251 1c008970 31f52563 p.beqimm         x10, 778            x10:00000000
12285012ns          200252 1c008974 001d8d93 addi             x27, x27, 1         x27=0000000e x27:0000000d
12285032ns          200253 1c008976 00044503 lbu              x10, 0(x8)          x10=00000020  x8:1c00010a  PA:1c00010a
12285350ns          200269 1c00897a 00140413 addi             x8, x8, 1            x8=1c00010b  x8:1c00010a
12285370ns          200270 1c00897c fe0514e3 bne              x10, x0, -24        x10:00000020
12285430ns          200273 1c008964 02500793 addi             x15, x0, 37         x15=00000025
12285450ns          200274 1c008968 04f50863 beq              x10, x15, 80        x10:00000020 x15:00000025
12285470ns          200275 1c00896c 01a005b3 add              x11, x0, x26        x11=00000002 x26:00000002
12285490ns          200276 1c00896e 000b00e7 jalr             x1, x22, 0           x1=1c008970 x22:1c00887a
12285529ns          200278 1c00887a 000026b7 lui              x13, 0x2000         x13=00002000
12285549ns          200279 1c00887c f14027f3 csrrs            x15, x0, 0xf14      x15=00000000
12285569ns          200280 1c008880 f8068693 addi             x13, x13, -128      x13=00001f80 x13:00002000
12285589ns          200281 1c008884 00379713 slli             x14, x15, 0x3       x14=00000000 x15:00000000
12285609ns          200282 1c008888 00279793 slli             x15, x15, 0x2       x15=00000000 x15:00000000
12285629ns          200283 1c00888a 00d7f7b3 and              x15, x15, x13       x15=00000000 x15:00000000 x13:00001f80
12285649ns          200284 1c00888c ee873733 p.bclr           x14, x14, 23, 8     x14=00000000 x14:00000000
12285669ns          200285 1c008890 1a10f6b7 lui              x13, 0x1a10f000     x13=1a10f000
12285689ns          200286 1c008894 0ff57513 andi             x10, x10, 255       x10=00000020 x10:00000020
12285708ns          200287 1c008898 00d70733 add              x14, x14, x13       x14=1a10f000 x14:00000000 x13:1a10f000
12285728ns          200288 1c00889a 00a7e723 p.sw             x10, x0(x15)        x10:00000020 x15:00000000  PA:1a10f000
12286047ns          200304 1c00889e 00000513 addi             x10, x0, 0          x10=00000000
12286066ns          200305 1c0088a0 00008067 jalr             x0, x1, 0            x1:1c008970
12286106ns          200307 1c008970 31f52563 p.beqimm         x10, 778            x10:00000000
12286126ns          200308 1c008974 001d8d93 addi             x27, x27, 1         x27=0000000f x27:0000000e
12286146ns          200309 1c008976 00044503 lbu              x10, 0(x8)          x10=00000025  x8:1c00010b  PA:1c00010b
12286464ns          200325 1c00897a 00140413 addi             x8, x8, 1            x8=1c00010c  x8:1c00010b
12286484ns          200326 1c00897c fe0514e3 bne              x10, x0, -24        x10:00000025
12286544ns          200329 1c008964 02500793 addi             x15, x0, 37         x15=00000025
12286564ns          200330 1c008968 04f50863 beq              x10, x15, 80        x10:00000025 x15:00000025
12286623ns          200333 1c0089b8 00044483 lbu              x9, 0(x8)            x9=00000064  x8:1c00010c  PA:1c00010c
12286922ns          200348 1c0089bc 02000693 addi             x13, x0, 32         x13=00000020
12286942ns          200349 1c0089c0 00140a93 addi             x21, x8, 1          x21=1c00010d  x8:1c00010c
12286962ns          200350 1c0089c4 009005b3 add              x11, x0, x9         x11=00000064  x9:00000064
12286981ns          200351 1c0089c6 0c8b8513 addi             x10, x23, 200       x10=1c0000c8 x23:1c000000
12287001ns          200352 1c0089ca 00d12823 sw               x13, 16(x2)         x13:00000020  x2:10000638  PA:10000648
12287021ns          200353 1c0089cc 00012c23 sw               x0, 24(x2)           x2:10000638  PA:10000650
12287041ns          200354 1c0089ce 00012a23 sw               x0, 20(x2)           x2:10000638  PA:1000064c
12287061ns          200355 1c0089d0 00012e23 sw               x0, 28(x2)           x2:10000638  PA:10000654
12287081ns          200356 1c0089d2 00012623 sw               x0, 12(x2)           x2:10000638  PA:10000644
12287101ns          200357 1c0089d4 02300913 addi             x18, x0, 35         x18=00000023
12287121ns          200358 1c0089d8 02d00a13 addi             x20, x0, 45         x20=0000002d
12287141ns          200359 1c0089dc 015009b3 add              x19, x0, x21        x19=1c00010d x21:1c00010d
12287160ns          200360 1c0089de e1dff0ef jal              x1, -484             x1=1c0089e0
12287320ns          200368 1c0087fa 00054783 lbu              x15, 0(x10)         x15=0000002d x10:1c0000c8  PA:1c0000c8
12287638ns          200384 1c0087fe 0ff5f593 andi             x11, x11, 255       x11=00000064 x11:00000064
12287658ns          200385 1c008802 00b78c63 beq              x15, x11, 24        x15:0000002d x11:00000064
12287678ns          200386 1c008806 00078b63 beq              x15, x0, 22         x15:0000002d
12287698ns          200387 1c008808 00150793 addi             x15, x10, 1         x15=1c0000c9 x10:1c0000c8
12287717ns          200388 1c00880c 0040006f jal              x0, 4              
12287797ns          200392 1c008810 00f00533 add              x10, x0, x15        x10=1c0000c9 x15:1c0000c9
12287817ns          200393 1c008812 0017c70b p.lbu            x14, 1(x15!)        x14=0000002b x15=1c0000ca x15:1c0000c9  PA:1c0000c9
12288135ns          200409 1c008816 feb71ce3 bne              x14, x11, -8        x14:0000002b x11:00000064
12288195ns          200412 1c00880e 00070763 beq              x14, x0, 14         x14:0000002b
12288215ns          200413 1c008810 00f00533 add              x10, x0, x15        x10=1c0000ca x15:1c0000ca
12288235ns          200414 1c008812 0017c70b p.lbu            x14, 1(x15!)        x14=00000020 x15=1c0000cb x15:1c0000ca  PA:1c0000ca
12288553ns          200430 1c008816 feb71ce3 bne              x14, x11, -8        x14:00000020 x11:00000064
12288612ns          200433 1c00880e 00070763 beq              x14, x0, 14         x14:00000020
12288632ns          200434 1c008810 00f00533 add              x10, x0, x15        x10=1c0000cb x15:1c0000cb
12288652ns          200435 1c008812 0017c70b p.lbu            x14, 1(x15!)        x14=00000023 x15=1c0000cc x15:1c0000cb  PA:1c0000cb
12288971ns          200451 1c008816 feb71ce3 bne              x14, x11, -8        x14:00000023 x11:00000064
12289030ns          200454 1c00880e 00070763 beq              x14, x0, 14         x14:00000023
12289050ns          200455 1c008810 00f00533 add              x10, x0, x15        x10=1c0000cc x15:1c0000cc
12289070ns          200456 1c008812 0017c70b p.lbu            x14, 1(x15!)        x14=00000030 x15=1c0000cd x15:1c0000cc  PA:1c0000cc
12289408ns          200473 1c008816 feb71ce3 bne              x14, x11, -8        x14:00000030 x11:00000064
12289468ns          200476 1c00880e 00070763 beq              x14, x0, 14         x14:00000030
12289488ns          200477 1c008810 00f00533 add              x10, x0, x15        x10=1c0000cd x15:1c0000cd
12289508ns          200478 1c008812 0017c70b p.lbu            x14, 1(x15!)        x14=00000000 x15=1c0000ce x15:1c0000cd  PA:1c0000cd
12289826ns          200494 1c008816 feb71ce3 bne              x14, x11, -8        x14:00000000 x11:00000064
12289885ns          200497 1c00880e 00070763 beq              x14, x0, 14         x14:00000000
12289945ns          200500 1c00881c 0015b593 sltiu            x11, x11, 1         x11=00000000 x11:00000064
12289965ns          200501 1c008820 40b005b3 sub              x11, x0, x11        x11=00000000 x11:00000000
12289985ns          200502 1c008824 00b57533 and              x10, x10, x11       x10=00000000 x10:1c0000cd x11:00000000
12290005ns          200503 1c008826 00008067 jalr             x0, x1, 0            x1:1c0089e0
12290045ns          200505 1c0089e0 02050a63 beq              x10, x0, 52         x10:00000000
12290144ns          200510 1c008a14 02a00613 addi             x12, x0, 42         x12=0000002a
12290184ns          200512 1c008a18 2ac48663 beq              x9, x12, 684         x9:00000064 x12:0000002a
12290204ns          200513 1c008a1c fd048613 addi             x12, x9, -48        x12=00000034  x9:00000064
12290263ns          200516 1c008a20 00900593 addi             x11, x0, 9          x11=00000009
12290283ns          200517 1c008a22 00000913 addi             x18, x0, 0          x18=00000000
12290303ns          200518 1c008a24 28c5f063 bgeu             x11, x12, 640       x11:00000009 x12:00000034
12290323ns          200519 1c008a28 02e00693 addi             x13, x0, 46         x13=0000002e
12290343ns          200520 1c008a2c fff00a13 addi             x20, x0, -1         x20=ffffffff
12290403ns          200523 1c008a2e 2ed48363 beq              x9, x13, 742         x9:00000064 x13:0000002e
12290442ns          200525 1c008a32 1c0007b7 lui              x15, 0x1c000000     x15=1c000000
12290462ns          200526 1c008a36 009005b3 add              x11, x0, x9         x11=00000064  x9:00000064
12290482ns          200527 1c008a38 0d078513 addi             x10, x15, 208       x10=1c0000d0 x15:1c000000
12290502ns          200528 1c008a3c dbfff0ef jal              x1, -578             x1=1c008a3e
12290562ns          200531 1c0087fa 00054783 lbu              x15, 0(x10)         x15=00000068 x10:1c0000d0  PA:1c0000d0
12290860ns          200546 1c0087fe 0ff5f593 andi             x11, x11, 255       x11=00000064 x11:00000064
12290880ns          200547 1c008802 00b78c63 beq              x15, x11, 24        x15:00000068 x11:00000064
12290900ns          200548 1c008806 00078b63 beq              x15, x0, 22         x15:00000068
12290920ns          200549 1c008808 00150793 addi             x15, x10, 1         x15=1c0000d1 x10:1c0000d0
12290940ns          200550 1c00880c 0040006f jal              x0, 4              
12290979ns          200552 1c008810 00f00533 add              x10, x0, x15        x10=1c0000d1 x15:1c0000d1
12290999ns          200553 1c008812 0017c70b p.lbu            x14, 1(x15!)        x14=0000006c x15=1c0000d2 x15:1c0000d1  PA:1c0000d1
12291318ns          200569 1c008816 feb71ce3 bne              x14, x11, -8        x14:0000006c x11:00000064
12291377ns          200572 1c00880e 00070763 beq              x14, x0, 14         x14:0000006c
12291397ns          200573 1c008810 00f00533 add              x10, x0, x15        x10=1c0000d2 x15:1c0000d2
12291417ns          200574 1c008812 0017c70b p.lbu            x14, 1(x15!)        x14=0000004c x15=1c0000d3 x15:1c0000d2  PA:1c0000d2
12291735ns          200590 1c008816 feb71ce3 bne              x14, x11, -8        x14:0000004c x11:00000064
12291795ns          200593 1c00880e 00070763 beq              x14, x0, 14         x14:0000004c
12291815ns          200594 1c008810 00f00533 add              x10, x0, x15        x10=1c0000d3 x15:1c0000d3
12291835ns          200595 1c008812 0017c70b p.lbu            x14, 1(x15!)        x14=0000007a x15=1c0000d4 x15:1c0000d3  PA:1c0000d3
12292153ns          200611 1c008816 feb71ce3 bne              x14, x11, -8        x14:0000007a x11:00000064
12292213ns          200614 1c00880e 00070763 beq              x14, x0, 14         x14:0000007a
12292233ns          200615 1c008810 00f00533 add              x10, x0, x15        x10=1c0000d4 x15:1c0000d4
12292252ns          200616 1c008812 0017c70b p.lbu            x14, 1(x15!)        x14=00000000 x15=1c0000d5 x15:1c0000d4  PA:1c0000d4
12292571ns          200632 1c008816 feb71ce3 bne              x14, x11, -8        x14:00000000 x11:00000064
12292630ns          200635 1c00880e 00070763 beq              x14, x0, 14         x14:00000000
12292690ns          200638 1c00881c 0015b593 sltiu            x11, x11, 1         x11=00000000 x11:00000064
12292710ns          200639 1c008820 40b005b3 sub              x11, x0, x11        x11=00000000 x11:00000000
12292730ns          200640 1c008824 00b57533 and              x10, x10, x11       x10=00000000 x10:1c0000d4 x11:00000000
12292750ns          200641 1c008826 00008067 jalr             x0, x1, 0            x1:1c008a3e
12292790ns          200643 1c008a3e 01300433 add              x8, x0, x19          x8=1c00010d x19:1c00010d
12292809ns          200644 1c008a40 00050563 beq              x10, x0, 10         x10:00000000
12292889ns          200648 1c008a4a 06700693 addi             x13, x0, 103        x13=00000067
12292909ns          200649 1c008a4e 2896d963 bge              x13, x9, 658        x13:00000067  x9:00000064
12293386ns          200673 1c008ce0 06500693 addi             x13, x0, 101        x13=00000065
12293426ns          200675 1c008ce4 12d4d563 bge              x9, x13, 298         x9:00000064 x13:00000065
12293446ns          200676 1c008ce8 04700693 addi             x13, x0, 71         x13=00000047
12293466ns          200677 1c008cec dc96cbe3 blt              x13, x9, -554       x13:00000047  x9:00000064
12294421ns          200725 1c008ac2 06300693 addi             x13, x0, 99         x13=00000063
12294440ns          200726 1c008ac6 0ad488e3 beq              x9, x13, 2224        x9:00000064 x13:00000063
12294460ns          200727 1c008aca 0096c9e3 blt              x13, x9, 2066       x13:00000063  x9:00000064
12295355ns          200772 1c0092dc 000c2583 lw               x11, 0(x24)         x11=00000000 x24:1000078c  PA:1000078c
12295813ns          200795 1c0092e0 004c0c13 addi             x24, x24, 4         x24=10000790 x24:1000078c
12295853ns          200797 1c0092e2 3405cc63 blt              x11, x0, 856        x11:00000000
12295873ns          200798 1c0092e6 01412603 lw               x12, 20(x2)         x12=00000000  x2:10000638  PA:1000064c
12295892ns          200799 1c0092e8 00b006b3 add              x13, x0, x11        x13=00000000 x11:00000000
12295912ns          200800 1c0092ea 2e061863 bne              x12, x0, 752        x12:00000000
12295932ns          200801 1c0092ee 01812703 lw               x14, 24(x2)         x14=00000000  x2:10000638  PA:10000650
12296330ns          200821 1c0092f0 019007b3 add              x15, x0, x25        x15=1000065c x25:1000065c
12296350ns          200822 1c0092f2 00070763 beq              x14, x0, 14         x14:00000000
12296847ns          200847 1c009300 00f00733 add              x14, x0, x15        x14=1000065c x15:1000065c
12296867ns          200848 1c009302 00a00513 addi             x10, x0, 10         x10=0000000a
12296887ns          200849 1c009304 02a6f633 remu             x12, x13, x10       x12=00000000 x13:00000000 x10:0000000a
12297504ns          200880 1c009308 02a6d6b3 divu             x13, x13, x10       x13=00000000 x13:00000000 x10:0000000a
12298120ns          200911 1c00930c 03060613 addi             x12, x12, 48        x12=00000030 x12:00000000
12298140ns          200912 1c009310 00c700ab p.sb             x12, 1(x14!)        x14=1000065d x12:00000030 x14:1000065c  PA:1000065c
12298160ns          200913 1c009314 fe0698e3 bne              x13, x0, -16        x13:00000000
12298180ns          200914 1c009316 40f706b3 sub              x13, x14, x15       x13=00000001 x14:1000065d x15:1000065c
12298200ns          200915 1c00931a 0146dc63 bge              x13, x20, 24        x13:00000001 x20:ffffffff
12299075ns          200959 1c009332 00e006b3 add              x13, x0, x14        x13=1000065d x14:1000065d
12299115ns          200961 1c009334 fe068fab p.sb             x0, -1(x13!)        x13=1000065c x13:1000065d  PA:1000065d
12299135ns          200962 1c009338 00d7fc63 bgeu             x15, x13, 24        x15:1000065c x13:1000065c
12300070ns          201009 1c009350 01412783 lw               x15, 20(x2)         x15=00000000  x2:10000638  PA:1000064c
12300089ns          201010 1c009352 01812603 lw               x12, 24(x2)         x12=00000000  x2:10000638  PA:10000650
12300109ns          201011 1c009354 419704b3 sub              x9, x14, x25         x9=00000001 x14:1000065d x25:1000065c
12300129ns          201012 1c009358 00c7e7b3 or               x15, x15, x12       x15=00000000 x15:00000000 x12:00000000
12300149ns          201013 1c00935a 00f12623 sw               x15, 12(x2)         x15:00000000  x2:10000638  PA:10000644
12300169ns          201014 1c00935c 00079363 bne              x15, x0, 6          x15:00000000
12300189ns          201015 1c00935e 01f5d593 srli             x11, x11, 0x1f      x11=00000000 x11:00000000
12300587ns          201035 1c009360 00b12623 sw               x11, 12(x2)         x11:00000000  x2:10000638  PA:10000644
12300626ns          201037 1c009362 e3fa28e3 p.beqimm         x20, -464           x20:ffffffff
12301144ns          201063 1c009192 0c800793 addi             x15, x0, 200        x15=000000c8
12301164ns          201064 1c009196 9e97d0e3 bge              x15, x9, -1568      x15:000000c8  x9:00000001
12302118ns          201112 1c008b76 0f24d163 bge              x9, x18, 226         x9:00000001 x18:00000000
12302655ns          201139 1c008c58 d00482e3 beq              x9, x0, -764         x9:00000001
12302695ns          201141 1c008c5c 01900933 add              x18, x0, x25        x18=1000065c x25:1000065c
12302755ns          201144 1c008c5e 419d8db3 sub              x27, x27, x25       x27=effff9b3 x27:0000000f x25:1000065c
12302775ns          201145 1c008c62 00a0006f jal              x0, 10             
12302814ns          201147 1c008c6c 0019450b p.lbu            x10, 1(x18!)        x10=00000030 x18=1000065d x18:1000065c  PA:1000065c
12302874ns          201150 1c008c70 01a005b3 add              x11, x0, x26        x11=00000002 x26:00000002
12302894ns          201151 1c008c72 000b00e7 jalr             x1, x22, 0           x1=1c008c74 x22:1c00887a
12302934ns          201153 1c00887a 000026b7 lui              x13, 0x2000         x13=00002000
12302954ns          201154 1c00887c f14027f3 csrrs            x15, x0, 0xf14      x15=00000000
12302974ns          201155 1c008880 f8068693 addi             x13, x13, -128      x13=00001f80 x13:00002000
12302993ns          201156 1c008884 00379713 slli             x14, x15, 0x3       x14=00000000 x15:00000000
12303013ns          201157 1c008888 00279793 slli             x15, x15, 0x2       x15=00000000 x15:00000000
12303033ns          201158 1c00888a 00d7f7b3 and              x15, x15, x13       x15=00000000 x15:00000000 x13:00001f80
12303053ns          201159 1c00888c ee873733 p.bclr           x14, x14, 23, 8     x14=00000000 x14:00000000
12303093ns          201161 1c008890 1a10f6b7 lui              x13, 0x1a10f000     x13=1a10f000
12303133ns          201163 1c008894 0ff57513 andi             x10, x10, 255       x10=00000030 x10:00000030
12303153ns          201164 1c008898 00d70733 add              x14, x14, x13       x14=1a10f000 x14:00000000 x13:1a10f000
12303173ns          201165 1c00889a 00a7e723 p.sw             x10, x0(x15)        x10:00000030 x15:00000000  PA:1a10f000
12303511ns          201182 1c00889e 00000513 addi             x10, x0, 0          x10=00000000
12303531ns          201183 1c0088a0 00008067 jalr             x0, x1, 0            x1:1c008c74
12303570ns          201185 1c008c74 fff48493 addi             x9, x9, -1           x9=00000000  x9:00000001
12303590ns          201186 1c008c76 fff537e3 p.bneimm         x10, -18            x10:00000000
12303710ns          201192 1c008c64 012d8733 add              x14, x27, x18       x14=00000010 x27:effff9b3 x18:1000065d
12303729ns          201193 1c008c68 5a048b63 beq              x9, x0, 1462         x9:00000000
12303829ns          201198 1c00921e 00e00db3 add              x27, x0, x14        x27=00000010 x14:00000010
12303908ns          201202 1c009220 f3cff06f jal              x0, -2244          
12303988ns          201206 1c00895c 00044503 lbu              x10, 0(x8)          x10=00000000  x8:1c00010d  PA:1c00010d
12304306ns          201222 1c008960 00140413 addi             x8, x8, 1            x8=1c00010e  x8:1c00010d
12304326ns          201223 1c008962 00050e63 beq              x10, x0, 28         x10:00000000
12304426ns          201228 1c00897e 01b00433 add              x8, x0, x27          x8=00000010 x27:00000010
12304505ns          201232 1c008980 00800533 add              x10, x0, x8         x10=00000010  x8:00000010
12304545ns          201234 1c008982 12c12083 lw               x1, 300(x2)          x1=1c00890e  x2:10000638  PA:10000764
12304565ns          201235 1c008986 12812403 lw               x8, 296(x2)          x8=1c00095c  x2:10000638  PA:10000760
12304585ns          201236 1c00898a 12412483 lw               x9, 292(x2)          x9=00000000  x2:10000638  PA:1000075c
12304644ns          201239 1c00898e 12012903 lw               x18, 288(x2)        x18=1a10b004  x2:10000638  PA:10000758
12304684ns          201241 1c008992 11c12983 lw               x19, 284(x2)        x19=00000000  x2:10000638  PA:10000754
12304704ns          201242 1c008996 11812a03 lw               x20, 280(x2)        x20=1c000960  x2:10000638  PA:10000750
12304724ns          201243 1c00899a 11412a83 lw               x21, 276(x2)        x21=1c00a000  x2:10000638  PA:1000074c
12304784ns          201246 1c00899e 11012b03 lw               x22, 272(x2)        x22=1c00a000  x2:10000638  PA:10000748
12304823ns          201248 1c0089a2 10c12b83 lw               x23, 268(x2)        x23=1c000000  x2:10000638  PA:10000744
12304843ns          201249 1c0089a6 10812c03 lw               x24, 264(x2)        x24=1c000000  x2:10000638  PA:10000740
12304863ns          201250 1c0089aa 10412c83 lw               x25, 260(x2)        x25=1c000000  x2:10000638  PA:1000073c
12304883ns          201251 1c0089ae 10012d03 lw               x26, 256(x2)        x26=1c000000  x2:10000638  PA:10000738
12304903ns          201252 1c0089b2 0fc12d83 lw               x27, 252(x2)        x27=1c000954  x2:10000638  PA:10000734
12304923ns          201253 1c0089b4 13010113 addi             x2, x2, 304          x2=10000768  x2:10000638
12304943ns          201254 1c0089b6 00008067 jalr             x0, x1, 0            x1:1c00890e
12305022ns          201258 1c00890e 01c12083 lw               x1, 28(x2)           x1=1c009b3a  x2:10000768  PA:10000784
12305102ns          201262 1c008910 04010113 addi             x2, x2, 64           x2=100007a8  x2:10000768
12305122ns          201263 1c008912 00008067 jalr             x0, x1, 0            x1:1c009b3a
12305162ns          201265 1c009b3a 00812703 lw               x14, 8(x2)          x14=00000000  x2:100007a8  PA:100007b0
12305181ns          201266 1c009b3c 110c0513 addi             x10, x24, 272       x10=1c000110 x24:1c000000
12305619ns          201288 1c009b40 00e005b3 add              x11, x0, x14        x11=00000000 x14:00000000
12305639ns          201289 1c009b42 02070b63 beq              x14, x0, 54         x14:00000000
12306116ns          201313 1c009b78 00a00513 addi             x10, x0, 10         x10=0000000a
12306156ns          201315 1c009b7a d29fe0ef jal              x1, -4824            x1=1c009b7e
12306633ns          201339 1c0088a2 000026b7 lui              x13, 0x2000         x13=00002000
12306653ns          201340 1c0088a4 f14027f3 csrrs            x15, x0, 0xf14      x15=00000000
12306673ns          201341 1c0088a8 f8068693 addi             x13, x13, -128      x13=00001f80 x13:00002000
12306693ns          201342 1c0088ac 00379713 slli             x14, x15, 0x3       x14=00000000 x15:00000000
12307131ns          201364 1c0088b0 00279793 slli             x15, x15, 0x2       x15=00000000 x15:00000000
12307151ns          201365 1c0088b2 00d7f7b3 and              x15, x15, x13       x15=00000000 x15:00000000 x13:00001f80
12307171ns          201366 1c0088b4 ee873733 p.bclr           x14, x14, 23, 8     x14=00000000 x14:00000000
12307190ns          201367 1c0088b8 1a10f6b7 lui              x13, 0x1a10f000     x13=1a10f000
12307210ns          201368 1c0088bc 0ff57513 andi             x10, x10, 255       x10=0000000a x10:0000000a
12307270ns          201371 1c0088c0 00d70733 add              x14, x14, x13       x14=1a10f000 x14:00000000 x13:1a10f000
12307310ns          201373 1c0088c2 00a7e723 p.sw             x10, x0(x15)        x10:0000000a x15:00000000  PA:1a10f000
12307628ns          201389 1c0088c6 00000513 addi             x10, x0, 0          x10=00000000
12307648ns          201390 1c0088c8 00008067 jalr             x0, x1, 0            x1:1c009b7e
12307827ns          201399 1c009b7e f5dff06f jal              x0, -164           
12307907ns          201403 1c009ada 00c12703 lw               x14, 12(x2)         x14=00000000  x2:100007a8  PA:100007b4
12307946ns          201405 1c009adc 008d8d93 addi             x27, x27, 8         x27=1c00095c x27:1c000954
12307966ns          201406 1c009ade 00e484b3 add              x9, x9, x14          x9=00000000  x9:00000000 x14:00000000
12308006ns          201408 1c009ae0 07b40963 beq              x8, x27, 114         x8:1c00095c x27:1c00095c
12308523ns          201434 1c009b52 000a2783 lw               x15, 0(x20)         x15=00000001 x20:1c000960  PA:1c000960
12308861ns          201451 1c009b56 02079563 bne              x15, x0, 42         x15:00000001
12309060ns          201461 1c009b80 1c000537 lui              x10, 0x1c000000     x10=1c000000
12309080ns          201462 1c009b84 12850513 addi             x10, x10, 296       x10=1c000128 x10:1c000000
12309100ns          201463 1c009b88 d5ffe0ef jal              x1, -4770            x1=1c009b8c
12309180ns          201467 1c0088e6 fc010113 addi             x2, x2, -64          x2=10000768  x2:100007a8
12309219ns          201469 1c0088e8 02410313 addi             x6, x2, 36           x6=1000078c  x2:10000768
12309239ns          201470 1c0088ec 02c12423 sw               x12, 40(x2)         x12:00000000  x2:10000768  PA:10000790
12309259ns          201471 1c0088ee 00a00633 add              x12, x0, x10        x12=1c000128 x10:1c000128
12309299ns          201473 1c0088f0 1c009537 lui              x10, 0x1c009000     x10=1c009000
12309339ns          201475 1c0088f4 02b12223 sw               x11, 36(x2)         x11:00000000  x2:10000768  PA:1000078c
12309359ns          201476 1c0088f6 02d12623 sw               x13, 44(x2)         x13:1a10f000  x2:10000768  PA:10000794
12309378ns          201477 1c0088f8 00200593 addi             x11, x0, 2          x11=00000002
12309398ns          201478 1c0088fa 006006b3 add              x13, x0, x6         x13=1000078c  x6:1000078c
12309418ns          201479 1c0088fc 87a50513 addi             x10, x10, -1926     x10=1c00887a x10:1c009000
12309438ns          201480 1c008900 00112e23 sw               x1, 28(x2)           x1:1c009b8c  x2:10000768  PA:10000784
12309458ns          201481 1c008902 02e12823 sw               x14, 48(x2)         x14:00000000  x2:10000768  PA:10000798
12309478ns          201482 1c008904 02f12a23 sw               x15, 52(x2)         x15:00000001  x2:10000768  PA:1000079c
12309498ns          201483 1c008906 03012c23 sw               x16, 56(x2)         x16:10000664  x2:10000768  PA:100007a0
12309518ns          201484 1c008908 03112e23 sw               x17, 60(x2)         x17:00000007  x2:10000768  PA:100007a4
12309538ns          201485 1c00890a 00612623 sw               x6, 12(x2)           x6:1000078c  x2:10000768  PA:10000774
12309557ns          201486 1c00890c fbfff0ef jal              x1, -66              x1=1c00890e
12309597ns          201488 1c0088ca 04a0006f jal              x0, 74             
12309637ns          201490 1c008914 ed010113 addi             x2, x2, -304         x2=10000638  x2:10000768
12309657ns          201491 1c008916 12812423 sw               x8, 296(x2)          x8:1c00095c  x2:10000638  PA:10000760
12309677ns          201492 1c00891a 00000413 addi             x8, x0, 0            x8=00000000
12309697ns          201493 1c00891c 11612823 sw               x22, 272(x2)        x22:1c00a000  x2:10000638  PA:10000748
12309736ns          201495 1c008920 11712623 sw               x23, 268(x2)        x23:1c000000  x2:10000638  PA:10000744
12309776ns          201497 1c008924 11812423 sw               x24, 264(x2)        x24:1c000000  x2:10000638  PA:10000740
12309796ns          201498 1c008928 11912223 sw               x25, 260(x2)        x25:1c000000  x2:10000638  PA:1000073c
12309816ns          201499 1c00892c 11a12023 sw               x26, 256(x2)        x26:1c000000  x2:10000638  PA:10000738
12309876ns          201502 1c008930 0fb12e23 sw               x27, 252(x2)        x27:1c00095c  x2:10000638  PA:10000734
12309915ns          201504 1c008932 12112623 sw               x1, 300(x2)          x1:1c00890e  x2:10000638  PA:10000764
12309935ns          201505 1c008936 00800db3 add              x27, x0, x8         x27=00000000  x8:00000000
12309955ns          201506 1c008938 12912223 sw               x9, 292(x2)          x9:00000000  x2:10000638  PA:1000075c
12309975ns          201507 1c00893c 13212023 sw               x18, 288(x2)        x18:1a10b004  x2:10000638  PA:10000758
12310015ns          201509 1c008940 11312e23 sw               x19, 284(x2)        x19:00000000  x2:10000638  PA:10000754
12310055ns          201511 1c008944 11412c23 sw               x20, 280(x2)        x20:1c000960  x2:10000638  PA:10000750
12310075ns          201512 1c008948 11512a23 sw               x21, 276(x2)        x21:1c00a000  x2:10000638  PA:1000074c
12310094ns          201513 1c00894c 00a00b33 add              x22, x0, x10        x22=1c00887a x10:1c00887a
12310114ns          201514 1c00894e 00b00d33 add              x26, x0, x11        x26=00000002 x11:00000002
12310154ns          201516 1c008950 00d00c33 add              x24, x0, x13        x24=1000078c x13:1000078c
12310194ns          201518 1c008952 1c000bb7 lui              x23, 0x1c000000     x23=1c000000
12310214ns          201519 1c008956 02410c93 addi             x25, x2, 36         x25=1000065c  x2:10000638
12310234ns          201520 1c00895a 00c00433 add              x8, x0, x12          x8=1c000128 x12:1c000128
12310254ns          201521 1c00895c 00044503 lbu              x10, 0(x8)          x10=0000003d  x8:1c000128  PA:1c000128
12310552ns          201536 1c008960 00140413 addi             x8, x8, 1            x8=1c000129  x8:1c000128
12310572ns          201537 1c008962 00050e63 beq              x10, x0, 28         x10:0000003d
12310592ns          201538 1c008964 02500793 addi             x15, x0, 37         x15=00000025
12310612ns          201539 1c008968 04f50863 beq              x10, x15, 80        x10:0000003d x15:00000025
12310632ns          201540 1c00896c 01a005b3 add              x11, x0, x26        x11=00000002 x26:00000002
12310651ns          201541 1c00896e 000b00e7 jalr             x1, x22, 0           x1=1c008970 x22:1c00887a
12310731ns          201545 1c00887a 000026b7 lui              x13, 0x2000         x13=00002000
12310771ns          201547 1c00887c f14027f3 csrrs            x15, x0, 0xf14      x15=00000000
12311208ns          201569 1c008880 f8068693 addi             x13, x13, -128      x13=00001f80 x13:00002000
12311248ns          201571 1c008884 00379713 slli             x14, x15, 0x3       x14=00000000 x15:00000000
12311268ns          201572 1c008888 00279793 slli             x15, x15, 0x2       x15=00000000 x15:00000000
12311288ns          201573 1c00888a 00d7f7b3 and              x15, x15, x13       x15=00000000 x15:00000000 x13:00001f80
12311308ns          201574 1c00888c ee873733 p.bclr           x14, x14, 23, 8     x14=00000000 x14:00000000
12311328ns          201575 1c008890 1a10f6b7 lui              x13, 0x1a10f000     x13=1a10f000
12311348ns          201576 1c008894 0ff57513 andi             x10, x10, 255       x10=0000003d x10:0000003d
12311367ns          201577 1c008898 00d70733 add              x14, x14, x13       x14=1a10f000 x14:00000000 x13:1a10f000
12311387ns          201578 1c00889a 00a7e723 p.sw             x10, x0(x15)        x10:0000003d x15:00000000  PA:1a10f000
12311706ns          201594 1c00889e 00000513 addi             x10, x0, 0          x10=00000000
12311726ns          201595 1c0088a0 00008067 jalr             x0, x1, 0            x1:1c008970
12311765ns          201597 1c008970 31f52563 p.beqimm         x10, 778            x10:00000000
12311785ns          201598 1c008974 001d8d93 addi             x27, x27, 1         x27=00000001 x27:00000000
12311805ns          201599 1c008976 00044503 lbu              x10, 0(x8)          x10=0000003d  x8:1c000129  PA:1c000129
12312103ns          201614 1c00897a 00140413 addi             x8, x8, 1            x8=1c00012a  x8:1c000129
12312123ns          201615 1c00897c fe0514e3 bne              x10, x0, -24        x10:0000003d
12312183ns          201618 1c008964 02500793 addi             x15, x0, 37         x15=00000025
12312203ns          201619 1c008968 04f50863 beq              x10, x15, 80        x10:0000003d x15:00000025
12312223ns          201620 1c00896c 01a005b3 add              x11, x0, x26        x11=00000002 x26:00000002
12312243ns          201621 1c00896e 000b00e7 jalr             x1, x22, 0           x1=1c008970 x22:1c00887a
12312282ns          201623 1c00887a 000026b7 lui              x13, 0x2000         x13=00002000
12312302ns          201624 1c00887c f14027f3 csrrs            x15, x0, 0xf14      x15=00000000
12312362ns          201627 1c008880 f8068693 addi             x13, x13, -128      x13=00001f80 x13:00002000
12312402ns          201629 1c008884 00379713 slli             x14, x15, 0x3       x14=00000000 x15:00000000
12312422ns          201630 1c008888 00279793 slli             x15, x15, 0x2       x15=00000000 x15:00000000
12312442ns          201631 1c00888a 00d7f7b3 and              x15, x15, x13       x15=00000000 x15:00000000 x13:00001f80
12312461ns          201632 1c00888c ee873733 p.bclr           x14, x14, 23, 8     x14=00000000 x14:00000000
12312481ns          201633 1c008890 1a10f6b7 lui              x13, 0x1a10f000     x13=1a10f000
12312501ns          201634 1c008894 0ff57513 andi             x10, x10, 255       x10=0000003d x10:0000003d
12312521ns          201635 1c008898 00d70733 add              x14, x14, x13       x14=1a10f000 x14:00000000 x13:1a10f000
12312541ns          201636 1c00889a 00a7e723 p.sw             x10, x0(x15)        x10:0000003d x15:00000000  PA:1a10f000
12312879ns          201653 1c00889e 00000513 addi             x10, x0, 0          x10=00000000
12312899ns          201654 1c0088a0 00008067 jalr             x0, x1, 0            x1:1c008970
12312939ns          201656 1c008970 31f52563 p.beqimm         x10, 778            x10:00000000
12312959ns          201657 1c008974 001d8d93 addi             x27, x27, 1         x27=00000002 x27:00000001
12312979ns          201658 1c008976 00044503 lbu              x10, 0(x8)          x10=0000003d  x8:1c00012a  PA:1c00012a
12313297ns          201674 1c00897a 00140413 addi             x8, x8, 1            x8=1c00012b  x8:1c00012a
12313317ns          201675 1c00897c fe0514e3 bne              x10, x0, -24        x10:0000003d
12313376ns          201678 1c008964 02500793 addi             x15, x0, 37         x15=00000025
12313396ns          201679 1c008968 04f50863 beq              x10, x15, 80        x10:0000003d x15:00000025
12313416ns          201680 1c00896c 01a005b3 add              x11, x0, x26        x11=00000002 x26:00000002
12313436ns          201681 1c00896e 000b00e7 jalr             x1, x22, 0           x1=1c008970 x22:1c00887a
12313476ns          201683 1c00887a 000026b7 lui              x13, 0x2000         x13=00002000
12313496ns          201684 1c00887c f14027f3 csrrs            x15, x0, 0xf14      x15=00000000
12313516ns          201685 1c008880 f8068693 addi             x13, x13, -128      x13=00001f80 x13:00002000
12313536ns          201686 1c008884 00379713 slli             x14, x15, 0x3       x14=00000000 x15:00000000
12313555ns          201687 1c008888 00279793 slli             x15, x15, 0x2       x15=00000000 x15:00000000
12313575ns          201688 1c00888a 00d7f7b3 and              x15, x15, x13       x15=00000000 x15:00000000 x13:00001f80
12313595ns          201689 1c00888c ee873733 p.bclr           x14, x14, 23, 8     x14=00000000 x14:00000000
12313615ns          201690 1c008890 1a10f6b7 lui              x13, 0x1a10f000     x13=1a10f000
12313635ns          201691 1c008894 0ff57513 andi             x10, x10, 255       x10=0000003d x10:0000003d
12313655ns          201692 1c008898 00d70733 add              x14, x14, x13       x14=1a10f000 x14:00000000 x13:1a10f000
12313675ns          201693 1c00889a 00a7e723 p.sw             x10, x0(x15)        x10:0000003d x15:00000000  PA:1a10f000
12313993ns          201709 1c00889e 00000513 addi             x10, x0, 0          x10=00000000
12314013ns          201710 1c0088a0 00008067 jalr             x0, x1, 0            x1:1c008970
12314053ns          201712 1c008970 31f52563 p.beqimm         x10, 778            x10:00000000
12314073ns          201713 1c008974 001d8d93 addi             x27, x27, 1         x27=00000003 x27:00000002
12314093ns          201714 1c008976 00044503 lbu              x10, 0(x8)          x10=0000003d  x8:1c00012b  PA:1c00012b
12314411ns          201730 1c00897a 00140413 addi             x8, x8, 1            x8=1c00012c  x8:1c00012b
12314431ns          201731 1c00897c fe0514e3 bne              x10, x0, -24        x10:0000003d
12314490ns          201734 1c008964 02500793 addi             x15, x0, 37         x15=00000025
12314510ns          201735 1c008968 04f50863 beq              x10, x15, 80        x10:0000003d x15:00000025
12314530ns          201736 1c00896c 01a005b3 add              x11, x0, x26        x11=00000002 x26:00000002
12314550ns          201737 1c00896e 000b00e7 jalr             x1, x22, 0           x1=1c008970 x22:1c00887a
12314590ns          201739 1c00887a 000026b7 lui              x13, 0x2000         x13=00002000
12314610ns          201740 1c00887c f14027f3 csrrs            x15, x0, 0xf14      x15=00000000
12314630ns          201741 1c008880 f8068693 addi             x13, x13, -128      x13=00001f80 x13:00002000
12314649ns          201742 1c008884 00379713 slli             x14, x15, 0x3       x14=00000000 x15:00000000
12314669ns          201743 1c008888 00279793 slli             x15, x15, 0x2       x15=00000000 x15:00000000
12314689ns          201744 1c00888a 00d7f7b3 and              x15, x15, x13       x15=00000000 x15:00000000 x13:00001f80
12314709ns          201745 1c00888c ee873733 p.bclr           x14, x14, 23, 8     x14=00000000 x14:00000000
12314729ns          201746 1c008890 1a10f6b7 lui              x13, 0x1a10f000     x13=1a10f000
12314749ns          201747 1c008894 0ff57513 andi             x10, x10, 255       x10=0000003d x10:0000003d
12314769ns          201748 1c008898 00d70733 add              x14, x14, x13       x14=1a10f000 x14:00000000 x13:1a10f000
12314789ns          201749 1c00889a 00a7e723 p.sw             x10, x0(x15)        x10:0000003d x15:00000000  PA:1a10f000
12315107ns          201765 1c00889e 00000513 addi             x10, x0, 0          x10=00000000
12315127ns          201766 1c0088a0 00008067 jalr             x0, x1, 0            x1:1c008970
12315167ns          201768 1c008970 31f52563 p.beqimm         x10, 778            x10:00000000
12315187ns          201769 1c008974 001d8d93 addi             x27, x27, 1         x27=00000004 x27:00000003
12315206ns          201770 1c008976 00044503 lbu              x10, 0(x8)          x10=00000020  x8:1c00012c  PA:1c00012c
12315525ns          201786 1c00897a 00140413 addi             x8, x8, 1            x8=1c00012d  x8:1c00012c
12315545ns          201787 1c00897c fe0514e3 bne              x10, x0, -24        x10:00000020
12315604ns          201790 1c008964 02500793 addi             x15, x0, 37         x15=00000025
12315624ns          201791 1c008968 04f50863 beq              x10, x15, 80        x10:00000020 x15:00000025
12315644ns          201792 1c00896c 01a005b3 add              x11, x0, x26        x11=00000002 x26:00000002
12315664ns          201793 1c00896e 000b00e7 jalr             x1, x22, 0           x1=1c008970 x22:1c00887a
12315704ns          201795 1c00887a 000026b7 lui              x13, 0x2000         x13=00002000
12315724ns          201796 1c00887c f14027f3 csrrs            x15, x0, 0xf14      x15=00000000
12315743ns          201797 1c008880 f8068693 addi             x13, x13, -128      x13=00001f80 x13:00002000
12315763ns          201798 1c008884 00379713 slli             x14, x15, 0x3       x14=00000000 x15:00000000
12315783ns          201799 1c008888 00279793 slli             x15, x15, 0x2       x15=00000000 x15:00000000
12315803ns          201800 1c00888a 00d7f7b3 and              x15, x15, x13       x15=00000000 x15:00000000 x13:00001f80
12315823ns          201801 1c00888c ee873733 p.bclr           x14, x14, 23, 8     x14=00000000 x14:00000000
12315843ns          201802 1c008890 1a10f6b7 lui              x13, 0x1a10f000     x13=1a10f000
12315863ns          201803 1c008894 0ff57513 andi             x10, x10, 255       x10=00000020 x10:00000020
12315883ns          201804 1c008898 00d70733 add              x14, x14, x13       x14=1a10f000 x14:00000000 x13:1a10f000
12315903ns          201805 1c00889a 00a7e723 p.sw             x10, x0(x15)        x10:00000020 x15:00000000  PA:1a10f000
12316221ns          201821 1c00889e 00000513 addi             x10, x0, 0          x10=00000000
12316241ns          201822 1c0088a0 00008067 jalr             x0, x1, 0            x1:1c008970
12316281ns          201824 1c008970 31f52563 p.beqimm         x10, 778            x10:00000000
12316300ns          201825 1c008974 001d8d93 addi             x27, x27, 1         x27=00000005 x27:00000004
12316320ns          201826 1c008976 00044503 lbu              x10, 0(x8)          x10=00000053  x8:1c00012d  PA:1c00012d
12316619ns          201841 1c00897a 00140413 addi             x8, x8, 1            x8=1c00012e  x8:1c00012d
12316639ns          201842 1c00897c fe0514e3 bne              x10, x0, -24        x10:00000053
12316698ns          201845 1c008964 02500793 addi             x15, x0, 37         x15=00000025
12316718ns          201846 1c008968 04f50863 beq              x10, x15, 80        x10:00000053 x15:00000025
12316738ns          201847 1c00896c 01a005b3 add              x11, x0, x26        x11=00000002 x26:00000002
12316758ns          201848 1c00896e 000b00e7 jalr             x1, x22, 0           x1=1c008970 x22:1c00887a
12316798ns          201850 1c00887a 000026b7 lui              x13, 0x2000         x13=00002000
12316818ns          201851 1c00887c f14027f3 csrrs            x15, x0, 0xf14      x15=00000000
12316837ns          201852 1c008880 f8068693 addi             x13, x13, -128      x13=00001f80 x13:00002000
12316857ns          201853 1c008884 00379713 slli             x14, x15, 0x3       x14=00000000 x15:00000000
12316877ns          201854 1c008888 00279793 slli             x15, x15, 0x2       x15=00000000 x15:00000000
12316897ns          201855 1c00888a 00d7f7b3 and              x15, x15, x13       x15=00000000 x15:00000000 x13:00001f80
12316917ns          201856 1c00888c ee873733 p.bclr           x14, x14, 23, 8     x14=00000000 x14:00000000
12316937ns          201857 1c008890 1a10f6b7 lui              x13, 0x1a10f000     x13=1a10f000
12316957ns          201858 1c008894 0ff57513 andi             x10, x10, 255       x10=00000053 x10:00000053
12316977ns          201859 1c008898 00d70733 add              x14, x14, x13       x14=1a10f000 x14:00000000 x13:1a10f000
12316997ns          201860 1c00889a 00a7e723 p.sw             x10, x0(x15)        x10:00000053 x15:00000000  PA:1a10f000
12317315ns          201876 1c00889e 00000513 addi             x10, x0, 0          x10=00000000
12317335ns          201877 1c0088a0 00008067 jalr             x0, x1, 0            x1:1c008970
12317375ns          201879 1c008970 31f52563 p.beqimm         x10, 778            x10:00000000
12317394ns          201880 1c008974 001d8d93 addi             x27, x27, 1         x27=00000006 x27:00000005
12317414ns          201881 1c008976 00044503 lbu              x10, 0(x8)          x10=00000055  x8:1c00012e  PA:1c00012e
12317733ns          201897 1c00897a 00140413 addi             x8, x8, 1            x8=1c00012f  x8:1c00012e
12317752ns          201898 1c00897c fe0514e3 bne              x10, x0, -24        x10:00000055
12317812ns          201901 1c008964 02500793 addi             x15, x0, 37         x15=00000025
12317832ns          201902 1c008968 04f50863 beq              x10, x15, 80        x10:00000055 x15:00000025
12317852ns          201903 1c00896c 01a005b3 add              x11, x0, x26        x11=00000002 x26:00000002
12317872ns          201904 1c00896e 000b00e7 jalr             x1, x22, 0           x1=1c008970 x22:1c00887a
12317912ns          201906 1c00887a 000026b7 lui              x13, 0x2000         x13=00002000
12317931ns          201907 1c00887c f14027f3 csrrs            x15, x0, 0xf14      x15=00000000
12317951ns          201908 1c008880 f8068693 addi             x13, x13, -128      x13=00001f80 x13:00002000
12317971ns          201909 1c008884 00379713 slli             x14, x15, 0x3       x14=00000000 x15:00000000
12317991ns          201910 1c008888 00279793 slli             x15, x15, 0x2       x15=00000000 x15:00000000
12318011ns          201911 1c00888a 00d7f7b3 and              x15, x15, x13       x15=00000000 x15:00000000 x13:00001f80
12318031ns          201912 1c00888c ee873733 p.bclr           x14, x14, 23, 8     x14=00000000 x14:00000000
12318051ns          201913 1c008890 1a10f6b7 lui              x13, 0x1a10f000     x13=1a10f000
12318071ns          201914 1c008894 0ff57513 andi             x10, x10, 255       x10=00000055 x10:00000055
12318091ns          201915 1c008898 00d70733 add              x14, x14, x13       x14=1a10f000 x14:00000000 x13:1a10f000
12318110ns          201916 1c00889a 00a7e723 p.sw             x10, x0(x15)        x10:00000055 x15:00000000  PA:1a10f000
12318429ns          201932 1c00889e 00000513 addi             x10, x0, 0          x10=00000000
12318449ns          201933 1c0088a0 00008067 jalr             x0, x1, 0            x1:1c008970
12318488ns          201935 1c008970 31f52563 p.beqimm         x10, 778            x10:00000000
12318508ns          201936 1c008974 001d8d93 addi             x27, x27, 1         x27=00000007 x27:00000006
12318528ns          201937 1c008976 00044503 lbu              x10, 0(x8)          x10=0000004d  x8:1c00012f  PA:1c00012f
12318846ns          201953 1c00897a 00140413 addi             x8, x8, 1            x8=1c000130  x8:1c00012f
12318866ns          201954 1c00897c fe0514e3 bne              x10, x0, -24        x10:0000004d
12318926ns          201957 1c008964 02500793 addi             x15, x0, 37         x15=00000025
12318946ns          201958 1c008968 04f50863 beq              x10, x15, 80        x10:0000004d x15:00000025
12318966ns          201959 1c00896c 01a005b3 add              x11, x0, x26        x11=00000002 x26:00000002
12318986ns          201960 1c00896e 000b00e7 jalr             x1, x22, 0           x1=1c008970 x22:1c00887a
12319025ns          201962 1c00887a 000026b7 lui              x13, 0x2000         x13=00002000
12319045ns          201963 1c00887c f14027f3 csrrs            x15, x0, 0xf14      x15=00000000
12319065ns          201964 1c008880 f8068693 addi             x13, x13, -128      x13=00001f80 x13:00002000
12319085ns          201965 1c008884 00379713 slli             x14, x15, 0x3       x14=00000000 x15:00000000
12319105ns          201966 1c008888 00279793 slli             x15, x15, 0x2       x15=00000000 x15:00000000
12319125ns          201967 1c00888a 00d7f7b3 and              x15, x15, x13       x15=00000000 x15:00000000 x13:00001f80
12319145ns          201968 1c00888c ee873733 p.bclr           x14, x14, 23, 8     x14=00000000 x14:00000000
12319165ns          201969 1c008890 1a10f6b7 lui              x13, 0x1a10f000     x13=1a10f000
12319185ns          201970 1c008894 0ff57513 andi             x10, x10, 255       x10=0000004d x10:0000004d
12319204ns          201971 1c008898 00d70733 add              x14, x14, x13       x14=1a10f000 x14:00000000 x13:1a10f000
12319224ns          201972 1c00889a 00a7e723 p.sw             x10, x0(x15)        x10:0000004d x15:00000000  PA:1a10f000
12319543ns          201988 1c00889e 00000513 addi             x10, x0, 0          x10=00000000
12319562ns          201989 1c0088a0 00008067 jalr             x0, x1, 0            x1:1c008970
12319602ns          201991 1c008970 31f52563 p.beqimm         x10, 778            x10:00000000
12319622ns          201992 1c008974 001d8d93 addi             x27, x27, 1         x27=00000008 x27:00000007
12319642ns          201993 1c008976 00044503 lbu              x10, 0(x8)          x10=0000004d  x8:1c000130  PA:1c000130
12319960ns          202009 1c00897a 00140413 addi             x8, x8, 1            x8=1c000131  x8:1c000130
12319980ns          202010 1c00897c fe0514e3 bne              x10, x0, -24        x10:0000004d
12320040ns          202013 1c008964 02500793 addi             x15, x0, 37         x15=00000025
12320060ns          202014 1c008968 04f50863 beq              x10, x15, 80        x10:0000004d x15:00000025
12320080ns          202015 1c00896c 01a005b3 add              x11, x0, x26        x11=00000002 x26:00000002
12320100ns          202016 1c00896e 000b00e7 jalr             x1, x22, 0           x1=1c008970 x22:1c00887a
12320139ns          202018 1c00887a 000026b7 lui              x13, 0x2000         x13=00002000
12320159ns          202019 1c00887c f14027f3 csrrs            x15, x0, 0xf14      x15=00000000
12320179ns          202020 1c008880 f8068693 addi             x13, x13, -128      x13=00001f80 x13:00002000
12320199ns          202021 1c008884 00379713 slli             x14, x15, 0x3       x14=00000000 x15:00000000
12320219ns          202022 1c008888 00279793 slli             x15, x15, 0x2       x15=00000000 x15:00000000
12320239ns          202023 1c00888a 00d7f7b3 and              x15, x15, x13       x15=00000000 x15:00000000 x13:00001f80
12320259ns          202024 1c00888c ee873733 p.bclr           x14, x14, 23, 8     x14=00000000 x14:00000000
12320279ns          202025 1c008890 1a10f6b7 lui              x13, 0x1a10f000     x13=1a10f000
12320298ns          202026 1c008894 0ff57513 andi             x10, x10, 255       x10=0000004d x10:0000004d
12320318ns          202027 1c008898 00d70733 add              x14, x14, x13       x14=1a10f000 x14:00000000 x13:1a10f000
12320338ns          202028 1c00889a 00a7e723 p.sw             x10, x0(x15)        x10:0000004d x15:00000000  PA:1a10f000
12320656ns          202044 1c00889e 00000513 addi             x10, x0, 0          x10=00000000
12320676ns          202045 1c0088a0 00008067 jalr             x0, x1, 0            x1:1c008970
12320716ns          202047 1c008970 31f52563 p.beqimm         x10, 778            x10:00000000
12320736ns          202048 1c008974 001d8d93 addi             x27, x27, 1         x27=00000009 x27:00000008
12320756ns          202049 1c008976 00044503 lbu              x10, 0(x8)          x10=00000041  x8:1c000131  PA:1c000131
12321074ns          202065 1c00897a 00140413 addi             x8, x8, 1            x8=1c000132  x8:1c000131
12321094ns          202066 1c00897c fe0514e3 bne              x10, x0, -24        x10:00000041
12321154ns          202069 1c008964 02500793 addi             x15, x0, 37         x15=00000025
12321174ns          202070 1c008968 04f50863 beq              x10, x15, 80        x10:00000041 x15:00000025
12321194ns          202071 1c00896c 01a005b3 add              x11, x0, x26        x11=00000002 x26:00000002
12321213ns          202072 1c00896e 000b00e7 jalr             x1, x22, 0           x1=1c008970 x22:1c00887a
12321253ns          202074 1c00887a 000026b7 lui              x13, 0x2000         x13=00002000
12321273ns          202075 1c00887c f14027f3 csrrs            x15, x0, 0xf14      x15=00000000
12321293ns          202076 1c008880 f8068693 addi             x13, x13, -128      x13=00001f80 x13:00002000
12321313ns          202077 1c008884 00379713 slli             x14, x15, 0x3       x14=00000000 x15:00000000
12321333ns          202078 1c008888 00279793 slli             x15, x15, 0x2       x15=00000000 x15:00000000
12321353ns          202079 1c00888a 00d7f7b3 and              x15, x15, x13       x15=00000000 x15:00000000 x13:00001f80
12321373ns          202080 1c00888c ee873733 p.bclr           x14, x14, 23, 8     x14=00000000 x14:00000000
12321392ns          202081 1c008890 1a10f6b7 lui              x13, 0x1a10f000     x13=1a10f000
12321412ns          202082 1c008894 0ff57513 andi             x10, x10, 255       x10=00000041 x10:00000041
12321432ns          202083 1c008898 00d70733 add              x14, x14, x13       x14=1a10f000 x14:00000000 x13:1a10f000
12321452ns          202084 1c00889a 00a7e723 p.sw             x10, x0(x15)        x10:00000041 x15:00000000  PA:1a10f000
12321770ns          202100 1c00889e 00000513 addi             x10, x0, 0          x10=00000000
12321790ns          202101 1c0088a0 00008067 jalr             x0, x1, 0            x1:1c008970
12321830ns          202103 1c008970 31f52563 p.beqimm         x10, 778            x10:00000000
12321850ns          202104 1c008974 001d8d93 addi             x27, x27, 1         x27=0000000a x27:00000009
12321870ns          202105 1c008976 00044503 lbu              x10, 0(x8)          x10=00000052  x8:1c000132  PA:1c000132
12322188ns          202121 1c00897a 00140413 addi             x8, x8, 1            x8=1c000133  x8:1c000132
12322208ns          202122 1c00897c fe0514e3 bne              x10, x0, -24        x10:00000052
12322268ns          202125 1c008964 02500793 addi             x15, x0, 37         x15=00000025
12322288ns          202126 1c008968 04f50863 beq              x10, x15, 80        x10:00000052 x15:00000025
12322307ns          202127 1c00896c 01a005b3 add              x11, x0, x26        x11=00000002 x26:00000002
12322327ns          202128 1c00896e 000b00e7 jalr             x1, x22, 0           x1=1c008970 x22:1c00887a
12322367ns          202130 1c00887a 000026b7 lui              x13, 0x2000         x13=00002000
12322387ns          202131 1c00887c f14027f3 csrrs            x15, x0, 0xf14      x15=00000000
12322407ns          202132 1c008880 f8068693 addi             x13, x13, -128      x13=00001f80 x13:00002000
12322427ns          202133 1c008884 00379713 slli             x14, x15, 0x3       x14=00000000 x15:00000000
12322447ns          202134 1c008888 00279793 slli             x15, x15, 0x2       x15=00000000 x15:00000000
12322467ns          202135 1c00888a 00d7f7b3 and              x15, x15, x13       x15=00000000 x15:00000000 x13:00001f80
12322486ns          202136 1c00888c ee873733 p.bclr           x14, x14, 23, 8     x14=00000000 x14:00000000
12322506ns          202137 1c008890 1a10f6b7 lui              x13, 0x1a10f000     x13=1a10f000
12322526ns          202138 1c008894 0ff57513 andi             x10, x10, 255       x10=00000052 x10:00000052
12322546ns          202139 1c008898 00d70733 add              x14, x14, x13       x14=1a10f000 x14:00000000 x13:1a10f000
12322566ns          202140 1c00889a 00a7e723 p.sw             x10, x0(x15)        x10:00000052 x15:00000000  PA:1a10f000
12322884ns          202156 1c00889e 00000513 addi             x10, x0, 0          x10=00000000
12322904ns          202157 1c0088a0 00008067 jalr             x0, x1, 0            x1:1c008970
12322944ns          202159 1c008970 31f52563 p.beqimm         x10, 778            x10:00000000
12322964ns          202160 1c008974 001d8d93 addi             x27, x27, 1         x27=0000000b x27:0000000a
12322984ns          202161 1c008976 00044503 lbu              x10, 0(x8)          x10=00000059  x8:1c000133  PA:1c000133
12323282ns          202176 1c00897a 00140413 addi             x8, x8, 1            x8=1c000134  x8:1c000133
12323302ns          202177 1c00897c fe0514e3 bne              x10, x0, -24        x10:00000059
12323362ns          202180 1c008964 02500793 addi             x15, x0, 37         x15=00000025
12323382ns          202181 1c008968 04f50863 beq              x10, x15, 80        x10:00000059 x15:00000025
12323401ns          202182 1c00896c 01a005b3 add              x11, x0, x26        x11=00000002 x26:00000002
12323421ns          202183 1c00896e 000b00e7 jalr             x1, x22, 0           x1=1c008970 x22:1c00887a
12323461ns          202185 1c00887a 000026b7 lui              x13, 0x2000         x13=00002000
12323481ns          202186 1c00887c f14027f3 csrrs            x15, x0, 0xf14      x15=00000000
12323501ns          202187 1c008880 f8068693 addi             x13, x13, -128      x13=00001f80 x13:00002000
12323521ns          202188 1c008884 00379713 slli             x14, x15, 0x3       x14=00000000 x15:00000000
12323541ns          202189 1c008888 00279793 slli             x15, x15, 0x2       x15=00000000 x15:00000000
12323561ns          202190 1c00888a 00d7f7b3 and              x15, x15, x13       x15=00000000 x15:00000000 x13:00001f80
12323580ns          202191 1c00888c ee873733 p.bclr           x14, x14, 23, 8     x14=00000000 x14:00000000
12323600ns          202192 1c008890 1a10f6b7 lui              x13, 0x1a10f000     x13=1a10f000
12323620ns          202193 1c008894 0ff57513 andi             x10, x10, 255       x10=00000059 x10:00000059
12323640ns          202194 1c008898 00d70733 add              x14, x14, x13       x14=1a10f000 x14:00000000 x13:1a10f000
12323660ns          202195 1c00889a 00a7e723 p.sw             x10, x0(x15)        x10:00000059 x15:00000000  PA:1a10f000
12323978ns          202211 1c00889e 00000513 addi             x10, x0, 0          x10=00000000
12323998ns          202212 1c0088a0 00008067 jalr             x0, x1, 0            x1:1c008970
12324038ns          202214 1c008970 31f52563 p.beqimm         x10, 778            x10:00000000
12324058ns          202215 1c008974 001d8d93 addi             x27, x27, 1         x27=0000000c x27:0000000b
12324078ns          202216 1c008976 00044503 lbu              x10, 0(x8)          x10=0000003a  x8:1c000134  PA:1c000134
12324396ns          202232 1c00897a 00140413 addi             x8, x8, 1            x8=1c000135  x8:1c000134
12324416ns          202233 1c00897c fe0514e3 bne              x10, x0, -24        x10:0000003a
12324476ns          202236 1c008964 02500793 addi             x15, x0, 37         x15=00000025
12324495ns          202237 1c008968 04f50863 beq              x10, x15, 80        x10:0000003a x15:00000025
12324515ns          202238 1c00896c 01a005b3 add              x11, x0, x26        x11=00000002 x26:00000002
12324535ns          202239 1c00896e 000b00e7 jalr             x1, x22, 0           x1=1c008970 x22:1c00887a
12324575ns          202241 1c00887a 000026b7 lui              x13, 0x2000         x13=00002000
12324595ns          202242 1c00887c f14027f3 csrrs            x15, x0, 0xf14      x15=00000000
12324615ns          202243 1c008880 f8068693 addi             x13, x13, -128      x13=00001f80 x13:00002000
12324635ns          202244 1c008884 00379713 slli             x14, x15, 0x3       x14=00000000 x15:00000000
12324655ns          202245 1c008888 00279793 slli             x15, x15, 0x2       x15=00000000 x15:00000000
12324674ns          202246 1c00888a 00d7f7b3 and              x15, x15, x13       x15=00000000 x15:00000000 x13:00001f80
12324694ns          202247 1c00888c ee873733 p.bclr           x14, x14, 23, 8     x14=00000000 x14:00000000
12324714ns          202248 1c008890 1a10f6b7 lui              x13, 0x1a10f000     x13=1a10f000
12324734ns          202249 1c008894 0ff57513 andi             x10, x10, 255       x10=0000003a x10:0000003a
12324754ns          202250 1c008898 00d70733 add              x14, x14, x13       x14=1a10f000 x14:00000000 x13:1a10f000
12324774ns          202251 1c00889a 00a7e723 p.sw             x10, x0(x15)        x10:0000003a x15:00000000  PA:1a10f000
12325092ns          202267 1c00889e 00000513 addi             x10, x0, 0          x10=00000000
12325112ns          202268 1c0088a0 00008067 jalr             x0, x1, 0            x1:1c008970
12325152ns          202270 1c008970 31f52563 p.beqimm         x10, 778            x10:00000000
12325172ns          202271 1c008974 001d8d93 addi             x27, x27, 1         x27=0000000d x27:0000000c
12325192ns          202272 1c008976 00044503 lbu              x10, 0(x8)          x10=00000020  x8:1c000135  PA:1c000135
12325510ns          202288 1c00897a 00140413 addi             x8, x8, 1            x8=1c000136  x8:1c000135
12325530ns          202289 1c00897c fe0514e3 bne              x10, x0, -24        x10:00000020
12325589ns          202292 1c008964 02500793 addi             x15, x0, 37         x15=00000025
12325609ns          202293 1c008968 04f50863 beq              x10, x15, 80        x10:00000020 x15:00000025
12325629ns          202294 1c00896c 01a005b3 add              x11, x0, x26        x11=00000002 x26:00000002
12325649ns          202295 1c00896e 000b00e7 jalr             x1, x22, 0           x1=1c008970 x22:1c00887a
12325689ns          202297 1c00887a 000026b7 lui              x13, 0x2000         x13=00002000
12325709ns          202298 1c00887c f14027f3 csrrs            x15, x0, 0xf14      x15=00000000
12325729ns          202299 1c008880 f8068693 addi             x13, x13, -128      x13=00001f80 x13:00002000
12325749ns          202300 1c008884 00379713 slli             x14, x15, 0x3       x14=00000000 x15:00000000
12325768ns          202301 1c008888 00279793 slli             x15, x15, 0x2       x15=00000000 x15:00000000
12325788ns          202302 1c00888a 00d7f7b3 and              x15, x15, x13       x15=00000000 x15:00000000 x13:00001f80
12325808ns          202303 1c00888c ee873733 p.bclr           x14, x14, 23, 8     x14=00000000 x14:00000000
12325828ns          202304 1c008890 1a10f6b7 lui              x13, 0x1a10f000     x13=1a10f000
12325848ns          202305 1c008894 0ff57513 andi             x10, x10, 255       x10=00000020 x10:00000020
12325868ns          202306 1c008898 00d70733 add              x14, x14, x13       x14=1a10f000 x14:00000000 x13:1a10f000
12325888ns          202307 1c00889a 00a7e723 p.sw             x10, x0(x15)        x10:00000020 x15:00000000  PA:1a10f000
12326206ns          202323 1c00889e 00000513 addi             x10, x0, 0          x10=00000000
12326226ns          202324 1c0088a0 00008067 jalr             x0, x1, 0            x1:1c008970
12326266ns          202326 1c008970 31f52563 p.beqimm         x10, 778            x10:00000000
12326286ns          202327 1c008974 001d8d93 addi             x27, x27, 1         x27=0000000e x27:0000000d
12326305ns          202328 1c008976 00044503 lbu              x10, 0(x8)          x10=00000000  x8:1c000136  PA:1c000136
12326624ns          202344 1c00897a 00140413 addi             x8, x8, 1            x8=1c000137  x8:1c000136
12326644ns          202345 1c00897c fe0514e3 bne              x10, x0, -24        x10:00000000
12326663ns          202346 1c00897e 01b00433 add              x8, x0, x27          x8=0000000e x27:0000000e
12326683ns          202347 1c008980 00800533 add              x10, x0, x8         x10=0000000e  x8:0000000e
12326703ns          202348 1c008982 12c12083 lw               x1, 300(x2)          x1=1c00890e  x2:10000638  PA:10000764
12326723ns          202349 1c008986 12812403 lw               x8, 296(x2)          x8=1c00095c  x2:10000638  PA:10000760
12326743ns          202350 1c00898a 12412483 lw               x9, 292(x2)          x9=00000000  x2:10000638  PA:1000075c
12326763ns          202351 1c00898e 12012903 lw               x18, 288(x2)        x18=1a10b004  x2:10000638  PA:10000758
12326783ns          202352 1c008992 11c12983 lw               x19, 284(x2)        x19=00000000  x2:10000638  PA:10000754
12326803ns          202353 1c008996 11812a03 lw               x20, 280(x2)        x20=1c000960  x2:10000638  PA:10000750
12326823ns          202354 1c00899a 11412a83 lw               x21, 276(x2)        x21=1c00a000  x2:10000638  PA:1000074c
12326843ns          202355 1c00899e 11012b03 lw               x22, 272(x2)        x22=1c00a000  x2:10000638  PA:10000748
12326862ns          202356 1c0089a2 10c12b83 lw               x23, 268(x2)        x23=1c000000  x2:10000638  PA:10000744
12326882ns          202357 1c0089a6 10812c03 lw               x24, 264(x2)        x24=1c000000  x2:10000638  PA:10000740
12326902ns          202358 1c0089aa 10412c83 lw               x25, 260(x2)        x25=1c000000  x2:10000638  PA:1000073c
12326922ns          202359 1c0089ae 10012d03 lw               x26, 256(x2)        x26=1c000000  x2:10000638  PA:10000738
12326942ns          202360 1c0089b2 0fc12d83 lw               x27, 252(x2)        x27=1c00095c  x2:10000638  PA:10000734
12326962ns          202361 1c0089b4 13010113 addi             x2, x2, 304          x2=10000768  x2:10000638
12326982ns          202362 1c0089b6 00008067 jalr             x0, x1, 0            x1:1c00890e
12327061ns          202366 1c00890e 01c12083 lw               x1, 28(x2)           x1=1c009b8c  x2:10000768  PA:10000784
12327101ns          202368 1c008910 04010113 addi             x2, x2, 64           x2=100007a8  x2:10000768
12327121ns          202369 1c008912 00008067 jalr             x0, x1, 0            x1:1c009b8c
12327201ns          202373 1c009b8c 02048463 beq              x9, x0, 40           x9:00000000
12328135ns          202420 1c009bb4 1c000537 lui              x10, 0x1c000000     x10=1c000000
12328175ns          202422 1c009bb8 13850513 addi             x10, x10, 312       x10=1c000138 x10:1c000000
12328195ns          202423 1c009bbc c6dfe0ef jal              x1, -5012            x1=1c009bc0
12328712ns          202449 1c008828 0015478b p.lbu            x15, 1(x10!)        x15=00000053 x10=1c000139 x10:1c000138  PA:1c000138
12329030ns          202465 1c00882c 02078463 beq              x15, x0, 40         x15:00000053
12329190ns          202473 1c00882e f14026f3 csrrs            x13, x0, 0xf14      x13=00000000
12329229ns          202475 1c008832 00369713 slli             x14, x13, 0x3       x14=00000000 x13:00000000
12329249ns          202476 1c008836 1a10f637 lui              x12, 0x1a10f000     x12=1a10f000
12329269ns          202477 1c00883a ee873733 p.bclr           x14, x14, 23, 8     x14=00000000 x14:00000000
12329289ns          202478 1c00883e 00c70733 add              x14, x14, x12       x14=1a10f000 x14:00000000 x12:1a10f000
12329707ns          202499 1c008840 00002637 lui              x12, 0x2000         x12=00002000
12329727ns          202500 1c008842 00269693 slli             x13, x13, 0x2       x13=00000000 x13:00000000
12329747ns          202501 1c008844 f8060613 addi             x12, x12, -128      x12=00001f80 x12:00002000
12329766ns          202502 1c008848 00c6f6b3 and              x13, x13, x12       x13=00000000 x13:00000000 x12:00001f80
12329786ns          202503 1c00884a 00d70733 add              x14, x14, x13       x14=1a10f000 x14:1a10f000 x13:00000000
12329806ns          202504 1c00884c 00f72023 sw               x15, 0(x14)         x15:00000053 x14:1a10f000  PA:1a10f000
12330244ns          202526 1c00884e 0015478b p.lbu            x15, 1(x10!)        x15=00000055 x10=1c00013a x10:1c000139  PA:1c000139
12330562ns          202542 1c008852 fe079de3 bne              x15, x0, -6         x15:00000055
12330801ns          202554 1c00884c 00f72023 sw               x15, 0(x14)         x15:00000055 x14:1a10f000  PA:1a10f000
12331119ns          202570 1c00884e 0015478b p.lbu            x15, 1(x10!)        x15=00000043 x10=1c00013b x10:1c00013a  PA:1c00013a
12331457ns          202587 1c008852 fe079de3 bne              x15, x0, -6         x15:00000043
12331517ns          202590 1c00884c 00f72023 sw               x15, 0(x14)         x15:00000043 x14:1a10f000  PA:1a10f000
12331835ns          202606 1c00884e 0015478b p.lbu            x15, 1(x10!)        x15=00000043 x10=1c00013c x10:1c00013b  PA:1c00013b
12332153ns          202622 1c008852 fe079de3 bne              x15, x0, -6         x15:00000043
12332213ns          202625 1c00884c 00f72023 sw               x15, 0(x14)         x15:00000043 x14:1a10f000  PA:1a10f000
12332531ns          202641 1c00884e 0015478b p.lbu            x15, 1(x10!)        x15=00000045 x10=1c00013d x10:1c00013c  PA:1c00013c
12332869ns          202658 1c008852 fe079de3 bne              x15, x0, -6         x15:00000045
12332929ns          202661 1c00884c 00f72023 sw               x15, 0(x14)         x15:00000045 x14:1a10f000  PA:1a10f000
12333247ns          202677 1c00884e 0015478b p.lbu            x15, 1(x10!)        x15=00000053 x10=1c00013e x10:1c00013d  PA:1c00013d
12333566ns          202693 1c008852 fe079de3 bne              x15, x0, -6         x15:00000053
12333625ns          202696 1c00884c 00f72023 sw               x15, 0(x14)         x15:00000053 x14:1a10f000  PA:1a10f000
12333944ns          202712 1c00884e 0015478b p.lbu            x15, 1(x10!)        x15=00000053 x10=1c00013f x10:1c00013e  PA:1c00013e
12334262ns          202728 1c008852 fe079de3 bne              x15, x0, -6         x15:00000053
12334321ns          202731 1c00884c 00f72023 sw               x15, 0(x14)         x15:00000053 x14:1a10f000  PA:1a10f000
12334640ns          202747 1c00884e 0015478b p.lbu            x15, 1(x10!)        x15=00000000 x10=1c000140 x10:1c00013f  PA:1c00013f
12334958ns          202763 1c008852 fe079de3 bne              x15, x0, -6         x15:00000000
12334978ns          202764 1c008854 f14027f3 csrrs            x15, x0, 0xf14      x15=00000000
12334998ns          202765 1c008858 00379713 slli             x14, x15, 0x3       x14=00000000 x15:00000000
12335018ns          202766 1c00885c 1a10f6b7 lui              x13, 0x1a10f000     x13=1a10f000
12335037ns          202767 1c008860 ee873733 p.bclr           x14, x14, 23, 8     x14=00000000 x14:00000000
12335057ns          202768 1c008864 00d70733 add              x14, x14, x13       x14=1a10f000 x14:00000000 x13:1a10f000
12335077ns          202769 1c008866 000026b7 lui              x13, 0x2000         x13=00002000
12335097ns          202770 1c008868 f8068693 addi             x13, x13, -128      x13=00001f80 x13:00002000
12335117ns          202771 1c00886c 00279793 slli             x15, x15, 0x2       x15=00000000 x15:00000000
12335137ns          202772 1c00886e 00d7f7b3 and              x15, x15, x13       x15=00000000 x15:00000000 x13:00001f80
12335157ns          202773 1c008870 00a00693 addi             x13, x0, 10         x13=0000000a
12335177ns          202774 1c008872 00d767a3 p.sw             x13, x0(x14)        x13:0000000a x14:1a10f000  PA:1a10f000
12335515ns          202791 1c008876 00000513 addi             x10, x0, 0          x10=00000000
12335535ns          202792 1c008878 00008067 jalr             x0, x1, 0            x1:1c009bc0
12335575ns          202794 1c009bc0 00000513 addi             x10, x0, 0          x10=00000000
12335594ns          202795 1c009bc2 f99ff06f jal              x0, -104           
12335634ns          202797 1c009b5a 04c12083 lw               x1, 76(x2)           x1=1c009c16  x2:100007a8  PA:100007f4
12335654ns          202798 1c009b5c 04812403 lw               x8, 72(x2)           x8=xxxxxxxx  x2:100007a8  PA:100007f0
12335674ns          202799 1c009b5e 04412483 lw               x9, 68(x2)           x9=xxxxxxxx  x2:100007a8  PA:100007ec
12335694ns          202800 1c009b60 04012903 lw               x18, 64(x2)         x18=xxxxxxxx  x2:100007a8  PA:100007e8
12335714ns          202801 1c009b62 03c12983 lw               x19, 60(x2)         x19=xxxxxxxx  x2:100007a8  PA:100007e4
12335734ns          202802 1c009b64 03812a03 lw               x20, 56(x2)         x20=xxxxxxxx  x2:100007a8  PA:100007e0
12335754ns          202803 1c009b66 03412a83 lw               x21, 52(x2)         x21=xxxxxxxx  x2:100007a8  PA:100007dc
12335773ns          202804 1c009b68 03012b03 lw               x22, 48(x2)         x22=xxxxxxxx  x2:100007a8  PA:100007d8
12335793ns          202805 1c009b6a 02c12b83 lw               x23, 44(x2)         x23=xxxxxxxx  x2:100007a8  PA:100007d4
12335813ns          202806 1c009b6c 02812c03 lw               x24, 40(x2)         x24=xxxxxxxx  x2:100007a8  PA:100007d0
12335833ns          202807 1c009b6e 02412c83 lw               x25, 36(x2)         x25=xxxxxxxx  x2:100007a8  PA:100007cc
12335853ns          202808 1c009b70 02012d03 lw               x26, 32(x2)         x26=xxxxxxxx  x2:100007a8  PA:100007c8
12335873ns          202809 1c009b72 01c12d83 lw               x27, 28(x2)         x27=xxxxxxxx  x2:100007a8  PA:100007c4
12335893ns          202810 1c009b74 05010113 addi             x2, x2, 80           x2=100007f8  x2:100007a8
12335913ns          202811 1c009b76 00008067 jalr             x0, x1, 0            x1:1c009c16
12336410ns          202836 1c009c16 f14027f3 csrrs            x15, x0, 0xf14      x15=00000000
12336430ns          202837 1c009c1a f457b7b3 p.bclr           x15, x15, 26, 5     x15=00000000 x15:00000000
12336450ns          202838 1c009c1e 00079963 bne              x15, x0, 18         x15:00000000
12336490ns          202840 1c009c20 1c001737 lui              x14, 0x1c001000     x14=1c001000
12336529ns          202842 1c009c24 1c0017b7 lui              x15, 0x1c001000     x15=1c001000
12336549ns          202843 1c009c28 96a72623 sw               x10, -1684(x14)     x10:00000000 x14:1c001000  PA:1c00096c
12336867ns          202859 1c009c2c 9607a823 sw               x0, -1680(x15)      x15:1c001000  PA:1c000970
12337186ns          202875 1c009c30 002047b7 lui              x15, 0x204000       x15=00204000
12337206ns          202876 1c009c34 fff00713 addi             x14, x0, -1         x14=ffffffff
12337225ns          202877 1c009c36 00e7a223 sw               x14, 4(x15)         x14:ffffffff x15:00204000  PA:00204004
