                Time          Cycles PC       Instr    Mnemonic
18499913ns          305271 1c008080 0640006f jal              x0, 100            
18500370ns          305294 1c0080e4 f1402573 csrrs            x10, x0, 0xf14      x10=00000003
18500410ns          305296 1c0080e8 01f57593 andi             x11, x10, 31        x11=00000003 x10:00000003
18500430ns          305297 1c0080ec 00555513 srli             x10, x10, 0x5       x10=00000000 x10:00000003
18500450ns          305298 1c0080ee 01f00613 addi             x12, x0, 31         x12=0000001f
18500888ns          305320 1c0080f0 00c50463 beq              x10, x12, 8         x10:00000000 x12:0000001f
18500927ns          305322 1c0080f4 fa1ff06f jal              x0, -96            
18501385ns          305345 1c008094 f3ff8117 auipc            x2, 0xf3ff8000       x2=10000094
18501425ns          305347 1c008098 f7010113 addi             x2, x2, -144         x2=10000004  x2:10000094
18501445ns          305348 1c00809c 00012103 lw               x2, 0(x2)            x2=10000008  x2:10000004  PA:10000004
18501882ns          305370 1c0080a0 000011b7 lui              x3, 0x1000           x3=00001000
18501922ns          305372 1c0080a4 80018193 addi             x3, x3, -2048        x3=00000800  x3:00001000
18501942ns          305373 1c0080a8 00158593 addi             x11, x11, 1         x11=00000004 x11:00000003
18501962ns          305374 1c0080ac 02b180b3 mul              x1, x3, x11          x1=00002000  x3:00000800 x11:00000004
18502399ns          305396 1c0080b0 00110133 add              x2, x2, x1           x2=10002008  x2:10000008  x1:00002000
18502439ns          305398 1c0080b4 3e80306f jal              x0, 13288          
18502897ns          305421 1c00b49c ff010113 addi             x2, x2, -16          x2=10001ff8  x2:10002008
18502916ns          305422 1c00b49e 00112623 sw               x1, 12(x2)           x1:00002000  x2:10001ff8  PA:10002004
18503374ns          305445 1c00b4a0 002047b7 lui              x15, 0x204000       x15=00204000
18503414ns          305447 1c00b4a4 00070737 lui              x14, 0x70000        x14=00070000
18503434ns          305448 1c00b4a8 00e7a423 sw               x14, 8(x15)         x14:00070000 x15:00204000  PA:00204008
18503454ns          305449 1c00b4aa 00f00713 addi             x14, x0, 15         x14=0000000f
18503473ns          305450 1c00b4ac 20078793 addi             x15, x15, 512       x15=00204200 x15:00204000
18503891ns          305471 1c00b4b0 00e7a023 sw               x14, 0(x15)         x14:0000000f x15:00204200  PA:00204200
18503971ns          305475 1c00b4b4 00e7a623 sw               x14, 12(x15)        x14:0000000f x15:00204200  PA:0020420c
18503991ns          305476 1c00b4b8 1c0017b7 lui              x15, 0x1c001000     x15=1c001000
18504010ns          305477 1c00b4bc f907a783 lw               x15, -112(x15)      x15=1c009932 x15:1c001000  PA:1c000f90
18504508ns          305502 1c00b4c0 000780e7 jalr             x1, x15, 0           x1=1c00b4c2 x15:1c009932
18504965ns          305525 1c009932 f14027f3 csrrs            x15, x0, 0xf14      x15=00000003
18504985ns          305526 1c009936 ca579733 p.extractu       x14, x15, 5, 5      x14=00000000 x15:00000003
18505005ns          305527 1c00993a 36071963 bne              x14, x0, 882        x14:00000000
18505443ns          305549 1c00993e f457b7b3 p.bclr           x15, x15, 26, 5     x15=00000003 x15:00000003
18505482ns          305551 1c009942 36079363 bne              x15, x0, 870        x15:00000003
18506039ns          305579 1c009ca8 00000513 addi             x10, x0, 0          x10=00000000
18506059ns          305580 1c009caa 00008067 jalr             x0, x1, 0            x1:1c00b4c2
18506119ns          305583 1c00b4c2 f14027f3 csrrs            x15, x0, 0xf14      x15=00000003
18506139ns          305584 1c00b4c6 f457b7b3 p.bclr           x15, x15, 26, 5     x15=00000003 x15:00000003
18506159ns          305585 1c00b4ca 00079963 bne              x15, x0, 18         x15:00000003
18506676ns          305611 1c00b4dc 002047b7 lui              x15, 0x204000       x15=00204000
18507153ns          305635 1c00b4e0 fff00713 addi             x14, x0, -1         x14=ffffffff
18507173ns          305636 1c00b4e2 00e7a223 sw               x14, 4(x15)         x14:ffffffff x15:00204000  PA:00204004
