                Time          Cycles PC       Instr    Mnemonic
7269596ns          107666 1c008080 0640006f jal              x0, 100            
7270054ns          107689 1c0080e4 f1402573 csrrs            x10, x0, 0xf14      x10=00000003
7270094ns          107691 1c0080e8 01f57593 andi             x11, x10, 31        x11=00000003 x10:00000003
7270114ns          107692 1c0080ec 00555513 srli             x10, x10, 0x5       x10=00000000 x10:00000003
7270134ns          107693 1c0080ee 01f00613 addi             x12, x0, 31         x12=0000001f
7270551ns          107714 1c0080f0 00c50463 beq              x10, x12, 8         x10:00000000 x12:0000001f
7270591ns          107716 1c0080f4 fa1ff06f jal              x0, -96            
7271068ns          107740 1c008094 f3ff8117 auipc            x2, 0xf3ff8000       x2=10000094
7271108ns          107742 1c008098 f7010113 addi             x2, x2, -144         x2=10000004  x2:10000094
7271128ns          107743 1c00809c 00012103 lw               x2, 0(x2)            x2=10000008  x2:10000004  PA:10000004
7271566ns          107765 1c0080a0 000011b7 lui              x3, 0x1000           x3=00001000
7271605ns          107767 1c0080a4 80018193 addi             x3, x3, -2048        x3=00000800  x3:00001000
7271625ns          107768 1c0080a8 00158593 addi             x11, x11, 1         x11=00000004 x11:00000003
7271645ns          107769 1c0080ac 02b180b3 mul              x1, x3, x11          x1=00002000  x3:00000800 x11:00000004
7272083ns          107791 1c0080b0 00110133 add              x2, x2, x1           x2=10002008  x2:10000008  x1:00002000
7272123ns          107793 1c0080b4 5060006f jal              x0, 1286           
7272580ns          107816 1c0085ba ff010113 addi             x2, x2, -16          x2=10001ff8  x2:10002008
7272620ns          107818 1c0085bc 00112623 sw               x1, 12(x2)           x1:00002000  x2:10001ff8  PA:10002004
7273057ns          107840 1c0085be 002047b7 lui              x15, 0x204000       x15=00204000
7273097ns          107842 1c0085c2 00070737 lui              x14, 0x70000        x14=00070000
7273117ns          107843 1c0085c6 00e7a423 sw               x14, 8(x15)         x14:00070000 x15:00204000  PA:00204008
7273137ns          107844 1c0085c8 00f00713 addi             x14, x0, 15         x14=0000000f
7273157ns          107845 1c0085ca 20078793 addi             x15, x15, 512       x15=00204200 x15:00204000
7273575ns          107866 1c0085ce 00e7a023 sw               x14, 0(x15)         x14:0000000f x15:00204200  PA:00204200
7273654ns          107870 1c0085d2 00e7a623 sw               x14, 12(x15)        x14:0000000f x15:00204200  PA:0020420c
7273674ns          107871 1c0085d6 1c0017b7 lui              x15, 0x1c001000     x15=1c001000
7273694ns          107872 1c0085da 8547a783 lw               x15, -1964(x15)     x15=1c00813e x15:1c001000  PA:1c000854
7274092ns          107892 1c0085de 000780e7 jalr             x1, x15, 0           x1=1c0085e0 x15:1c00813e
7275066ns          107941 1c00813e f14027f3 csrrs            x15, x0, 0xf14      x15=00000003
7275106ns          107943 1c008142 ca579733 p.extractu       x14, x15, 5, 5      x14=00000000 x15:00000003
7275126ns          107944 1c008146 0a071063 bne              x14, x0, 160        x14:00000000
7275146ns          107945 1c008148 f457b7b3 p.bclr           x15, x15, 26, 5     x15=00000003 x15:00000003
7275166ns          107946 1c00814c 0217a963 p.beqimm         x15, 50             x15:00000003
7275584ns          107967 1c008150 02079563 bne              x15, x0, 42         x15:00000003
7276061ns          107991 1c00817a 00000513 addi             x10, x0, 0          x10=00000000
7276101ns          107993 1c00817c 00008067 jalr             x0, x1, 0            x1:1c0085e0
7276558ns          108016 1c0085e0 f14027f3 csrrs            x15, x0, 0xf14      x15=00000003
7276578ns          108017 1c0085e4 f457b7b3 p.bclr           x15, x15, 26, 5     x15=00000003 x15:00000003
7276598ns          108018 1c0085e8 00079963 bne              x15, x0, 18         x15:00000003
7277175ns          108047 1c0085fa 002047b7 lui              x15, 0x204000       x15=00204000
7277195ns          108048 1c0085fe fff00713 addi             x14, x0, -1         x14=ffffffff
7277652ns          108071 1c008600 00e7a223 sw               x14, 4(x15)         x14:ffffffff x15:00204000  PA:00204004
