                Time          Cycles PC       Instr    Mnemonic
7330552ns          108736 1c008080 0640006f jal              x0, 100            
7331009ns          108759 1c0080e4 f1402573 csrrs            x10, x0, 0xf14      x10=00000000
7331049ns          108761 1c0080e8 01f57593 andi             x11, x10, 31        x11=00000000 x10:00000000
7331069ns          108762 1c0080ec 00555513 srli             x10, x10, 0x5       x10=00000000 x10:00000000
7331089ns          108763 1c0080ee 01f00613 addi             x12, x0, 31         x12=0000001f
7331507ns          108784 1c0080f0 00c50463 beq              x10, x12, 8         x10:00000000 x12:0000001f
7331546ns          108786 1c0080f4 fa1ff06f jal              x0, -96            
7332004ns          108809 1c008094 f3ff8117 auipc            x2, 0xf3ff8000       x2=10000094
7332044ns          108811 1c008098 f7010113 addi             x2, x2, -144         x2=10000004  x2:10000094
7332063ns          108812 1c00809c 00012103 lw               x2, 0(x2)            x2=10000008  x2:10000004  PA:10000004
7332501ns          108834 1c0080a0 000011b7 lui              x3, 0x1000           x3=00001000
7332541ns          108836 1c0080a4 80018193 addi             x3, x3, -2048        x3=00000800  x3:00001000
7332561ns          108837 1c0080a8 00158593 addi             x11, x11, 1         x11=00000001 x11:00000000
7332581ns          108838 1c0080ac 02b180b3 mul              x1, x3, x11          x1=00000800  x3:00000800 x11:00000001
7333038ns          108861 1c0080b0 00110133 add              x2, x2, x1           x2=10000808  x2:10000008  x1:00000800
7333078ns          108863 1c0080b4 5340006f jal              x0, 1332           
7333535ns          108886 1c0085e8 ff010113 addi             x2, x2, -16          x2=100007f8  x2:10000808
7333555ns          108887 1c0085ea 00112623 sw               x1, 12(x2)           x1:00000800  x2:100007f8  PA:10000804
7333575ns          108888 1c0085ec 002047b7 lui              x15, 0x204000       x15=00204000
7334013ns          108910 1c0085f0 00070737 lui              x14, 0x70000        x14=00070000
7334053ns          108912 1c0085f4 00e7a423 sw               x14, 8(x15)         x14:00070000 x15:00204000  PA:00204008
7334072ns          108913 1c0085f6 00f00713 addi             x14, x0, 15         x14=0000000f
7334092ns          108914 1c0085f8 20078793 addi             x15, x15, 512       x15=00204200 x15:00204000
7334112ns          108915 1c0085fc 00e7a023 sw               x14, 0(x15)         x14:0000000f x15:00204200  PA:00204200
7334530ns          108936 1c008600 00e7a623 sw               x14, 12(x15)        x14:0000000f x15:00204200  PA:0020420c
7334570ns          108938 1c008604 1c0017b7 lui              x15, 0x1c001000     x15=1c001000
7334590ns          108939 1c008608 8547a783 lw               x15, -1964(x15)     x15=1c00813e x15:1c001000  PA:1c000854
7334928ns          108956 1c00860c 000780e7 jalr             x1, x15, 0           x1=1c00860e x15:1c00813e
7335505ns          108985 1c00813e ff010113 addi             x2, x2, -16          x2=100007e8  x2:100007f8
7335962ns          109008 1c008140 00812423 sw               x8, 8(x2)            x8:xxxxxxxx  x2:100007e8  PA:100007f0
7335982ns          109009 1c008142 00112623 sw               x1, 12(x2)           x1:1c00860e  x2:100007e8  PA:100007f4
7336002ns          109010 1c008144 00912223 sw               x9, 4(x2)            x9:xxxxxxxx  x2:100007e8  PA:100007ec
7336022ns          109011 1c008146 01010413 addi             x8, x2, 16           x8=100007f8  x2:100007e8
7336042ns          109012 1c008148 f14027f3 csrrs            x15, x0, 0xf14      x15=00000000
7336061ns          109013 1c00814c ca579733 p.extractu       x14, x15, 5, 5      x14=00000000 x15:00000000
7336479ns          109034 1c008150 04071b63 bne              x14, x0, 86         x14:00000000
7336519ns          109036 1c008152 f457b4b3 p.bclr           x9, x15, 26, 5       x9=00000000 x15:00000000
7336539ns          109037 1c008156 5a6000ef jal              x1, 1446             x1=1c008158
7337016ns          109061 1c0086fc f14027f3 csrrs            x15, x0, 0xf14      x15=00000000
7337474ns          109084 1c008700 01f00713 addi             x14, x0, 31         x14=0000001f
7337514ns          109086 1c008702 ca5797b3 p.extractu       x15, x15, 5, 5      x15=00000000 x15:00000000
7337533ns          109087 1c008706 00e78863 beq              x15, x14, 16        x15:00000000 x14:0000001f
7337553ns          109088 1c00870a 002047b7 lui              x15, 0x204000       x15=00204000
7337991ns          109110 1c00870e 20078793 addi             x15, x15, 512       x15=00204200 x15:00204000
7338031ns          109112 1c008712 01c7e703 p.elw            x14, 28(x15)        x14=00010000 x15:00204200  PA:0020421c
7338249ns          109123 1c008716 00008067 jalr             x0, x1, 0            x1:1c008158
7338568ns          109139 1c008158 0414aa63 p.beqimm         x9, 84               x9:00000000
7338588ns          109140 1c00815c 02049c63 bne              x9, x0, 56           x9:00000000
7339025ns          109162 1c00815e 190006b7 lui              x13, 0x19000000     x13=19000000
7339065ns          109164 1c008162 03868713 addi             x14, x13, 56        x14=19000038 x13:19000000
7339085ns          109165 1c008166 00072783 lw               x15, 0(x14)         x15=00000010 x14:19000038  PA:19000038
7340159ns          109219 1c008168 fc17b7b3 p.bclr           x15, x15, 30, 1     x15=00000000 x15:00000010
7340179ns          109220 1c00816c fe079de3 bne              x15, x0, -6         x15:00000000
7340199ns          109221 1c00816e 03068693 addi             x13, x13, 48        x13=19000030 x13:19000000
7340219ns          109222 1c008172 0006a783 lw               x15, 0(x13)         x15=ab000000 x13:19000030  PA:19000030
7340239ns          109223 1c008174 002005b3 add              x11, x0, x2         x11=100007e8  x2:100007e8
7340258ns          109224 1c008176 00279713 slli             x14, x15, 0x2       x14=ac000000 x15:ab000000
7340278ns          109225 1c00817a 01270713 addi             x14, x14, 18        x14=ac000012 x14:ac000000
7340298ns          109226 1c00817c c6073733 p.bclr           x14, x14, 3, 0      x14=ac000010 x14:ac000012
7340696ns          109246 1c008180 40e10133 sub              x2, x2, x14          x2=640007d8  x2:100007e8 x14:ac000010
7340736ns          109248 1c008184 00200733 add              x14, x0, x2         x14=640007d8  x2:640007d8
7340756ns          109249 1c008186 00078663 beq              x15, x0, 12         x15:ab000000
7340776ns          109250 1c008188 0037c0fb lp.setup         0x1, x15, 0x3       x15:ab000000
7340795ns          109251 1c00818c 0006a603 lw               x12, 0(x13)         x12=ab000001 x13:19000030  PA:19000030
7340835ns          109253 1c00818e 00c7222b p.sw             x12, 4(x14!)        x14=640007dc x12:ab000001 x14:640007d8  PA:640007d8
7341173ns          109270 1c00818c 0006a603 lw               x12, 0(x13)         x12=ab000002 x13:19000030  PA:19000030
7341213ns          109272 1c00818e 00c7222b p.sw             x12, 4(x14!)        x14=640007e0 x12:ab000002 x14:640007dc  PA:640007dc
7341531ns          109288 1c00818c 0006a603 lw               x12, 0(x13)         x12=ab000003 x13:19000030  PA:19000030
7341571ns          109290 1c00818e 00c7222b p.sw             x12, 4(x14!)        x14=640007e4 x12:ab000003 x14:640007e0  PA:640007e0
7341889ns          109306 1c00818c 0006a603 lw               x12, 0(x13)         x12=ab000004 x13:19000030  PA:19000030
7341929ns          109308 1c00818e 00c7222b p.sw             x12, 4(x14!)        x14=640007e8 x12:ab000004 x14:640007e4  PA:640007e4
7342267ns          109325 1c00818c 0006a603 lw               x12, 0(x13)         x12=ab000005 x13:19000030  PA:19000030
7342307ns          109327 1c00818e 00c7222b p.sw             x12, 4(x14!)        x14=640007ec x12:ab000005 x14:640007e8  PA:640007e8
7342625ns          109343 1c00818c 0006a603 lw               x12, 0(x13)         x12=ab000006 x13:19000030  PA:19000030
7342665ns          109345 1c00818e 00c7222b p.sw             x12, 4(x14!)        x14=640007f0 x12:ab000006 x14:640007ec  PA:640007ec
7342983ns          109361 1c00818c 0006a603 lw               x12, 0(x13)         x12=ab000007 x13:19000030  PA:19000030
7343023ns          109363 1c00818e 00c7222b p.sw             x12, 4(x14!)        x14=640007f4 x12:ab000007 x14:640007f0  PA:640007f0
7343342ns          109379 1c00818c 0006a603 lw               x12, 0(x13)         x12=ab000008 x13:19000030  PA:19000030
7343381ns          109381 1c00818e 00c7222b p.sw             x12, 4(x14!)        x14=640007f8 x12:ab000008 x14:640007f4  PA:640007f4
7343719ns          109398 1c00818c 0006a603 lw               x12, 0(x13)         x12=ab000009 x13:19000030  PA:19000030
7343759ns          109400 1c00818e 00c7222b p.sw             x12, 4(x14!)        x14=640007fc x12:ab000009 x14:640007f8  PA:640007f8
7344077ns          109416 1c00818c 0006a603 lw               x12, 0(x13)         x12=ab00000a x13:19000030  PA:19000030
7344117ns          109418 1c00818e 00c7222b p.sw             x12, 4(x14!)        x14=64000800 x12:ab00000a x14:640007fc  PA:640007fc
7344436ns          109434 1c00818c 0006a603 lw               x12, 0(x13)         x12=ab00000b x13:19000030  PA:19000030
7344475ns          109436 1c00818e 00c7222b p.sw             x12, 4(x14!)        x14=64000804 x12:ab00000b x14:64000800  PA:64000800
7344794ns          109452 1c00818c 0006a603 lw               x12, 0(x13)         x12=ab00000c x13:19000030  PA:19000030
7344833ns          109454 1c00818e 00c7222b p.sw             x12, 4(x14!)        x14=64000808 x12:ab00000c x14:64000804  PA:64000804
7345152ns          109470 1c00818c 0006a603 lw               x12, 0(x13)         x12=ab00000d x13:19000030  PA:19000030
7345191ns          109472 1c00818e 00c7222b p.sw             x12, 4(x14!)        x14=6400080c x12:ab00000d x14:64000808  PA:64000808
7345510ns          109488 1c00818c 0006a603 lw               x12, 0(x13)         x12=ab00000e x13:19000030  PA:19000030
7345549ns          109490 1c00818e 00c7222b p.sw             x12, 4(x14!)        x14=64000810 x12:ab00000e x14:6400080c  PA:6400080c
7345868ns          109506 1c00818c 0006a603 lw               x12, 0(x13)         x12=ab00000f x13:19000030  PA:19000030
7345907ns          109508 1c00818e 00c7222b p.sw             x12, 4(x14!)        x14=64000814 x12:ab00000f x14:64000810  PA:64000810
