                Time          Cycles PC       Instr    Mnemonic
7330651ns          108741 1c008080 0640006f jal              x0, 100            
7331109ns          108764 1c0080e4 f1402573 csrrs            x10, x0, 0xf14      x10=00000003
7331148ns          108766 1c0080e8 01f57593 andi             x11, x10, 31        x11=00000003 x10:00000003
7331168ns          108767 1c0080ec 00555513 srli             x10, x10, 0x5       x10=00000000 x10:00000003
7331188ns          108768 1c0080ee 01f00613 addi             x12, x0, 31         x12=0000001f
7331606ns          108789 1c0080f0 00c50463 beq              x10, x12, 8         x10:00000000 x12:0000001f
7331646ns          108791 1c0080f4 fa1ff06f jal              x0, -96            
7332103ns          108814 1c008094 f3ff8117 auipc            x2, 0xf3ff8000       x2=10000094
7332143ns          108816 1c008098 f7010113 addi             x2, x2, -144         x2=10000004  x2:10000094
7332163ns          108817 1c00809c 00012103 lw               x2, 0(x2)            x2=10000008  x2:10000004  PA:10000004
7332601ns          108839 1c0080a0 000011b7 lui              x3, 0x1000           x3=00001000
7332640ns          108841 1c0080a4 80018193 addi             x3, x3, -2048        x3=00000800  x3:00001000
7332660ns          108842 1c0080a8 00158593 addi             x11, x11, 1         x11=00000004 x11:00000003
7332680ns          108843 1c0080ac 02b180b3 mul              x1, x3, x11          x1=00002000  x3:00000800 x11:00000004
7333138ns          108866 1c0080b0 00110133 add              x2, x2, x1           x2=10002008  x2:10000008  x1:00002000
7333177ns          108868 1c0080b4 5340006f jal              x0, 1332           
7333635ns          108891 1c0085e8 ff010113 addi             x2, x2, -16          x2=10001ff8  x2:10002008
7333655ns          108892 1c0085ea 00112623 sw               x1, 12(x2)           x1:00002000  x2:10001ff8  PA:10002004
7333675ns          108893 1c0085ec 002047b7 lui              x15, 0x204000       x15=00204000
7334112ns          108915 1c0085f0 00070737 lui              x14, 0x70000        x14=00070000
7334152ns          108917 1c0085f4 00e7a423 sw               x14, 8(x15)         x14:00070000 x15:00204000  PA:00204008
7334172ns          108918 1c0085f6 00f00713 addi             x14, x0, 15         x14=0000000f
7334192ns          108919 1c0085f8 20078793 addi             x15, x15, 512       x15=00204200 x15:00204000
7334212ns          108920 1c0085fc 00e7a023 sw               x14, 0(x15)         x14:0000000f x15:00204200  PA:00204200
7334629ns          108941 1c008600 00e7a623 sw               x14, 12(x15)        x14:0000000f x15:00204200  PA:0020420c
7334669ns          108943 1c008604 1c0017b7 lui              x15, 0x1c001000     x15=1c001000
7334689ns          108944 1c008608 8547a783 lw               x15, -1964(x15)     x15=1c00813e x15:1c001000  PA:1c000854
7335186ns          108969 1c00860c 000780e7 jalr             x1, x15, 0           x1=1c00860e x15:1c00813e
7335604ns          108990 1c00813e ff010113 addi             x2, x2, -16          x2=10001fe8  x2:10001ff8
7336061ns          109013 1c008140 00812423 sw               x8, 8(x2)            x8:xxxxxxxx  x2:10001fe8  PA:10001ff0
7336081ns          109014 1c008142 00112623 sw               x1, 12(x2)           x1:1c00860e  x2:10001fe8  PA:10001ff4
7336101ns          109015 1c008144 00912223 sw               x9, 4(x2)            x9:xxxxxxxx  x2:10001fe8  PA:10001fec
7336121ns          109016 1c008146 01010413 addi             x8, x2, 16           x8=10001ff8  x2:10001fe8
7336141ns          109017 1c008148 f14027f3 csrrs            x15, x0, 0xf14      x15=00000003
7336161ns          109018 1c00814c ca579733 p.extractu       x14, x15, 5, 5      x14=00000000 x15:00000003
7336579ns          109039 1c008150 04071b63 bne              x14, x0, 86         x14:00000000
7336618ns          109041 1c008152 f457b4b3 p.bclr           x9, x15, 26, 5       x9=00000003 x15:00000003
7336638ns          109042 1c008156 5a6000ef jal              x1, 1446             x1=1c008158
7337116ns          109066 1c0086fc f14027f3 csrrs            x15, x0, 0xf14      x15=00000003
7337573ns          109089 1c008700 01f00713 addi             x14, x0, 31         x14=0000001f
7337613ns          109091 1c008702 ca5797b3 p.extractu       x15, x15, 5, 5      x15=00000000 x15:00000003
7337633ns          109092 1c008706 00e78863 beq              x15, x14, 16        x15:00000000 x14:0000001f
7337653ns          109093 1c00870a 002047b7 lui              x15, 0x204000       x15=00204000
7338090ns          109115 1c00870e 20078793 addi             x15, x15, 512       x15=00204200 x15:00204000
7338130ns          109117 1c008712 01c7e703 p.elw            x14, 28(x15)        x14=00010000 x15:00204200  PA:0020421c
7338249ns          109123 1c008716 00008067 jalr             x0, x1, 0            x1:1c008158
7338667ns          109144 1c008158 0414aa63 p.beqimm         x9, 84               x9:00000003
7338687ns          109145 1c00815c 02049c63 bne              x9, x0, 56           x9:00000003
7339821ns          109202 1c008194 568000ef jal              x1, 1384             x1=1c008196
7339861ns          109204 1c0086fc f14027f3 csrrs            x15, x0, 0xf14      x15=00000003
7339881ns          109205 1c008700 01f00713 addi             x14, x0, 31         x14=0000001f
7339900ns          109206 1c008702 ca5797b3 p.extractu       x15, x15, 5, 5      x15=00000000 x15:00000003
7339920ns          109207 1c008706 00e78863 beq              x15, x14, 16        x15:00000000 x14:0000001f
7339940ns          109208 1c00870a 002047b7 lui              x15, 0x204000       x15=00204000
7339960ns          109209 1c00870e 20078793 addi             x15, x15, 512       x15=00204200 x15:00204000
