                Time          Cycles PC       Instr    Mnemonic
7269537ns          107663 1c008080 0640006f jal              x0, 100            
7269994ns          107686 1c0080e4 f1402573 csrrs            x10, x0, 0xf14      x10=00000001
7270034ns          107688 1c0080e8 01f57593 andi             x11, x10, 31        x11=00000001 x10:00000001
7270054ns          107689 1c0080ec 00555513 srli             x10, x10, 0x5       x10=00000000 x10:00000001
7270074ns          107690 1c0080ee 01f00613 addi             x12, x0, 31         x12=0000001f
7270492ns          107711 1c0080f0 00c50463 beq              x10, x12, 8         x10:00000000 x12:0000001f
7270531ns          107713 1c0080f4 fa1ff06f jal              x0, -96            
7271009ns          107737 1c008094 f3ff8117 auipc            x2, 0xf3ff8000       x2=10000094
7271048ns          107739 1c008098 f7010113 addi             x2, x2, -144         x2=10000004  x2:10000094
7271068ns          107740 1c00809c 00012103 lw               x2, 0(x2)            x2=10000008  x2:10000004  PA:10000004
7271506ns          107762 1c0080a0 000011b7 lui              x3, 0x1000           x3=00001000
7271546ns          107764 1c0080a4 80018193 addi             x3, x3, -2048        x3=00000800  x3:00001000
7271566ns          107765 1c0080a8 00158593 addi             x11, x11, 1         x11=00000002 x11:00000001
7271586ns          107766 1c0080ac 02b180b3 mul              x1, x3, x11          x1=00001000  x3:00000800 x11:00000002
7272023ns          107788 1c0080b0 00110133 add              x2, x2, x1           x2=10001008  x2:10000008  x1:00001000
7272063ns          107790 1c0080b4 5060006f jal              x0, 1286           
7272520ns          107813 1c0085ba ff010113 addi             x2, x2, -16          x2=10000ff8  x2:10001008
7272560ns          107815 1c0085bc 00112623 sw               x1, 12(x2)           x1:00001000  x2:10000ff8  PA:10001004
7272998ns          107837 1c0085be 002047b7 lui              x15, 0x204000       x15=00204000
7273038ns          107839 1c0085c2 00070737 lui              x14, 0x70000        x14=00070000
7273057ns          107840 1c0085c6 00e7a423 sw               x14, 8(x15)         x14:00070000 x15:00204000  PA:00204008
7273077ns          107841 1c0085c8 00f00713 addi             x14, x0, 15         x14=0000000f
7273097ns          107842 1c0085ca 20078793 addi             x15, x15, 512       x15=00204200 x15:00204000
7273515ns          107863 1c0085ce 00e7a023 sw               x14, 0(x15)         x14:0000000f x15:00204200  PA:00204200
7273575ns          107866 1c0085d2 00e7a623 sw               x14, 12(x15)        x14:0000000f x15:00204200  PA:0020420c
7273595ns          107867 1c0085d6 1c0017b7 lui              x15, 0x1c001000     x15=1c001000
7273614ns          107868 1c0085da 8547a783 lw               x15, -1964(x15)     x15=1c00813e x15:1c001000  PA:1c000854
7274052ns          107890 1c0085de 000780e7 jalr             x1, x15, 0           x1=1c0085e0 x15:1c00813e
7275007ns          107938 1c00813e f14027f3 csrrs            x15, x0, 0xf14      x15=00000001
7275047ns          107940 1c008142 ca579733 p.extractu       x14, x15, 5, 5      x14=00000000 x15:00000001
7275066ns          107941 1c008146 0a071063 bne              x14, x0, 160        x14:00000000
7275086ns          107942 1c008148 f457b7b3 p.bclr           x15, x15, 26, 5     x15=00000001 x15:00000001
7275106ns          107943 1c00814c 0217a963 p.beqimm         x15, 50             x15:00000001
7276439ns          108010 1c00817e 190007b7 lui              x15, 0x19000000     x15=19000000
7276479ns          108012 1c008182 02078793 addi             x15, x15, 32        x15=19000020 x15:19000000
7276499ns          108013 1c008186 ab000737 lui              x14, 0xab000000     x14=ab000000
7276518ns          108014 1c00818a 00e7a023 sw               x14, 0(x15)         x14:ab000000 x15:19000020  PA:19000020
7276538ns          108015 1c00818c 00170693 addi             x13, x14, 1         x13=ab000001 x14:ab000000
7276956ns          108036 1c008190 00d7a023 sw               x13, 0(x15)         x13:ab000001 x15:19000020  PA:19000020
7276996ns          108038 1c008192 00270693 addi             x13, x14, 2         x13=ab000002 x14:ab000000
7277016ns          108039 1c008196 00d7a023 sw               x13, 0(x15)         x13:ab000002 x15:19000020  PA:19000020
7277036ns          108040 1c008198 00370693 addi             x13, x14, 3         x13=ab000003 x14:ab000000
7277056ns          108041 1c00819c 00d7a023 sw               x13, 0(x15)         x13:ab000003 x15:19000020  PA:19000020
7277473ns          108062 1c00819e 00470693 addi             x13, x14, 4         x13=ab000004 x14:ab000000
7277493ns          108063 1c0081a2 00d7a023 sw               x13, 0(x15)         x13:ab000004 x15:19000020  PA:19000020
7277513ns          108064 1c0081a4 00570693 addi             x13, x14, 5         x13=ab000005 x14:ab000000
7277533ns          108065 1c0081a8 00d7a023 sw               x13, 0(x15)         x13:ab000005 x15:19000020  PA:19000020
7277553ns          108066 1c0081aa 00670693 addi             x13, x14, 6         x13=ab000006 x14:ab000000
7277573ns          108067 1c0081ae 00d7a023 sw               x13, 0(x15)         x13:ab000006 x15:19000020  PA:19000020
7277990ns          108088 1c0081b0 00770693 addi             x13, x14, 7         x13=ab000007 x14:ab000000
7278030ns          108090 1c0081b4 00d7a023 sw               x13, 0(x15)         x13:ab000007 x15:19000020  PA:19000020
7278050ns          108091 1c0081b6 00870693 addi             x13, x14, 8         x13=ab000008 x14:ab000000
7278070ns          108092 1c0081ba 00d7a023 sw               x13, 0(x15)         x13:ab000008 x15:19000020  PA:19000020
7278090ns          108093 1c0081bc 00970693 addi             x13, x14, 9         x13=ab000009 x14:ab000000
7278508ns          108114 1c0081c0 00d7a023 sw               x13, 0(x15)         x13:ab000009 x15:19000020  PA:19000020
7278547ns          108116 1c0081c2 00a70693 addi             x13, x14, 10        x13=ab00000a x14:ab000000
7278567ns          108117 1c0081c6 00d7a023 sw               x13, 0(x15)         x13:ab00000a x15:19000020  PA:19000020
7278587ns          108118 1c0081c8 00b70693 addi             x13, x14, 11        x13=ab00000b x14:ab000000
7278607ns          108119 1c0081cc 00d7a023 sw               x13, 0(x15)         x13:ab00000b x15:19000020  PA:19000020
7279045ns          108141 1c0081ce 00c70693 addi             x13, x14, 12        x13=ab00000c x14:ab000000
7279064ns          108142 1c0081d2 00d7a023 sw               x13, 0(x15)         x13:ab00000c x15:19000020  PA:19000020
7279084ns          108143 1c0081d4 00d70693 addi             x13, x14, 13        x13=ab00000d x14:ab000000
7279104ns          108144 1c0081d8 00d7a023 sw               x13, 0(x15)         x13:ab00000d x15:19000020  PA:19000020
7279124ns          108145 1c0081da 00e70693 addi             x13, x14, 14        x13=ab00000e x14:ab000000
7279144ns          108146 1c0081de 00d7a023 sw               x13, 0(x15)         x13:ab00000e x15:19000020  PA:19000020
7279562ns          108167 1c0081e0 00f70713 addi             x14, x14, 15        x14=ab00000f x14:ab000000
7279582ns          108168 1c0081e2 00e7a023 sw               x14, 0(x15)         x14:ab00000f x15:19000020  PA:19000020
7279602ns          108169 1c0081e4 f97ff06f jal              x0, -106           
7279641ns          108171 1c00817a 00000513 addi             x10, x0, 0          x10=00000000
7279661ns          108172 1c00817c 00008067 jalr             x0, x1, 0            x1:1c0085e0
7279701ns          108174 1c0085e0 f14027f3 csrrs            x15, x0, 0xf14      x15=00000001
7279721ns          108175 1c0085e4 f457b7b3 p.bclr           x15, x15, 26, 5     x15=00000001 x15:00000001
7279741ns          108176 1c0085e8 00079963 bne              x15, x0, 18         x15:00000001
7279880ns          108183 1c0085fa 002047b7 lui              x15, 0x204000       x15=00204000
7279900ns          108184 1c0085fe fff00713 addi             x14, x0, -1         x14=ffffffff
7279940ns          108186 1c008600 00e7a223 sw               x14, 4(x15)         x14:ffffffff x15:00204000  PA:00204004
