                Time          Cycles PC       Instr    Mnemonic
7269497ns          107661 1c008080 0640006f jal              x0, 100            
7269955ns          107684 1c0080e4 f1402573 csrrs            x10, x0, 0xf14      x10=00000000
7269994ns          107686 1c0080e8 01f57593 andi             x11, x10, 31        x11=00000000 x10:00000000
7270014ns          107687 1c0080ec 00555513 srli             x10, x10, 0x5       x10=00000000 x10:00000000
7270034ns          107688 1c0080ee 01f00613 addi             x12, x0, 31         x12=0000001f
7270452ns          107709 1c0080f0 00c50463 beq              x10, x12, 8         x10:00000000 x12:0000001f
7270492ns          107711 1c0080f4 fa1ff06f jal              x0, -96            
7270969ns          107735 1c008094 f3ff8117 auipc            x2, 0xf3ff8000       x2=10000094
7271009ns          107737 1c008098 f7010113 addi             x2, x2, -144         x2=10000004  x2:10000094
7271029ns          107738 1c00809c 00012103 lw               x2, 0(x2)            x2=10000008  x2:10000004  PA:10000004
7271466ns          107760 1c0080a0 000011b7 lui              x3, 0x1000           x3=00001000
7271506ns          107762 1c0080a4 80018193 addi             x3, x3, -2048        x3=00000800  x3:00001000
7271526ns          107763 1c0080a8 00158593 addi             x11, x11, 1         x11=00000001 x11:00000000
7271546ns          107764 1c0080ac 02b180b3 mul              x1, x3, x11          x1=00000800  x3:00000800 x11:00000001
7271983ns          107786 1c0080b0 00110133 add              x2, x2, x1           x2=10000808  x2:10000008  x1:00000800
7272023ns          107788 1c0080b4 5060006f jal              x0, 1286           
7272481ns          107811 1c0085ba ff010113 addi             x2, x2, -16          x2=100007f8  x2:10000808
7272520ns          107813 1c0085bc 00112623 sw               x1, 12(x2)           x1:00000800  x2:100007f8  PA:10000804
7272958ns          107835 1c0085be 002047b7 lui              x15, 0x204000       x15=00204000
7272998ns          107837 1c0085c2 00070737 lui              x14, 0x70000        x14=00070000
7273018ns          107838 1c0085c6 00e7a423 sw               x14, 8(x15)         x14:00070000 x15:00204000  PA:00204008
7273038ns          107839 1c0085c8 00f00713 addi             x14, x0, 15         x14=0000000f
7273057ns          107840 1c0085ca 20078793 addi             x15, x15, 512       x15=00204200 x15:00204000
7273475ns          107861 1c0085ce 00e7a023 sw               x14, 0(x15)         x14:0000000f x15:00204200  PA:00204200
7273515ns          107863 1c0085d2 00e7a623 sw               x14, 12(x15)        x14:0000000f x15:00204200  PA:0020420c
7273535ns          107864 1c0085d6 1c0017b7 lui              x15, 0x1c001000     x15=1c001000
7273555ns          107865 1c0085da 8547a783 lw               x15, -1964(x15)     x15=1c00813e x15:1c001000  PA:1c000854
7274032ns          107889 1c0085de 000780e7 jalr             x1, x15, 0           x1=1c0085e0 x15:1c00813e
7274967ns          107936 1c00813e f14027f3 csrrs            x15, x0, 0xf14      x15=00000000
7275007ns          107938 1c008142 ca579733 p.extractu       x14, x15, 5, 5      x14=00000000 x15:00000000
7275027ns          107939 1c008146 0a071063 bne              x14, x0, 160        x14:00000000
7275047ns          107940 1c008148 f457b7b3 p.bclr           x15, x15, 26, 5     x15=00000000 x15:00000000
7275066ns          107941 1c00814c 0217a963 p.beqimm         x15, 50             x15:00000000
7275484ns          107962 1c008150 02079563 bne              x15, x0, 42         x15:00000000
7275524ns          107964 1c008152 190007b7 lui              x15, 0x19000000     x15=19000000
7275544ns          107965 1c008156 03078793 addi             x15, x15, 48        x15=19000030 x15:19000000
7275564ns          107966 1c00815a 0007a703 lw               x14, 0(x15)         x14=ab000000 x15:19000030  PA:19000030
7276618ns          108019 1c00815c 0007a703 lw               x14, 0(x15)         x14=ab000001 x15:19000030  PA:19000030
7277056ns          108041 1c00815e 0007a703 lw               x14, 0(x15)         x14=ab000002 x15:19000030  PA:19000030
7277115ns          108044 1c008160 0007a703 lw               x14, 0(x15)         x14=ab000003 x15:19000030  PA:19000030
7277155ns          108046 1c008162 0007a703 lw               x14, 0(x15)         x14=ab000004 x15:19000030  PA:19000030
7277593ns          108068 1c008164 0007a703 lw               x14, 0(x15)         x14=ab000005 x15:19000030  PA:19000030
7277632ns          108070 1c008166 0007a703 lw               x14, 0(x15)         x14=ab000006 x15:19000030  PA:19000030
7277672ns          108072 1c008168 0007a703 lw               x14, 0(x15)         x14=ab000007 x15:19000030  PA:19000030
7278130ns          108095 1c00816a 0007a703 lw               x14, 0(x15)         x14=ab000008 x15:19000030  PA:19000030
7278169ns          108097 1c00816c 0007a703 lw               x14, 0(x15)         x14=ab000009 x15:19000030  PA:19000030
7278607ns          108119 1c00816e 0007a703 lw               x14, 0(x15)         x14=ab00000a x15:19000030  PA:19000030
7278667ns          108122 1c008170 0007a703 lw               x14, 0(x15)         x14=ab00000b x15:19000030  PA:19000030
7278706ns          108124 1c008172 0007a703 lw               x14, 0(x15)         x14=ab00000c x15:19000030  PA:19000030
7279164ns          108147 1c008174 0007a703 lw               x14, 0(x15)         x14=ab00000d x15:19000030  PA:19000030
7279204ns          108149 1c008176 0007a703 lw               x14, 0(x15)         x14=ab00000e x15:19000030  PA:19000030
7279243ns          108151 1c008178 0007a783 lw               x15, 0(x15)         x15=ab00000f x15:19000030  PA:19000030
7279681ns          108173 1c00817a 00000513 addi             x10, x0, 0          x10=00000000
7279701ns          108174 1c00817c 00008067 jalr             x0, x1, 0            x1:1c0085e0
7279741ns          108176 1c0085e0 f14027f3 csrrs            x15, x0, 0xf14      x15=00000000
7279761ns          108177 1c0085e4 f457b7b3 p.bclr           x15, x15, 26, 5     x15=00000000 x15:00000000
7279781ns          108178 1c0085e8 00079963 bne              x15, x0, 18         x15:00000000
7279800ns          108179 1c0085ea 1c001737 lui              x14, 0x1c001000     x14=1c001000
7279860ns          108182 1c0085ee 1c0017b7 lui              x15, 0x1c001000     x15=1c001000
7279900ns          108184 1c0085f2 82a72223 sw               x10, -2012(x14)     x10:00000000 x14:1c001000  PA:1c000824
7280238ns          108201 1c0085f6 8207a423 sw               x0, -2008(x15)      x15:1c001000  PA:1c000828
7280576ns          108218 1c0085fa 002047b7 lui              x15, 0x204000       x15=00204000
7280596ns          108219 1c0085fe fff00713 addi             x14, x0, -1         x14=ffffffff
7280616ns          108220 1c008600 00e7a223 sw               x14, 4(x15)         x14:ffffffff x15:00204000  PA:00204004
