                Time          Cycles PC       Instr    Mnemonic
7269577ns          107665 1c008080 0640006f jal              x0, 100            
7270034ns          107688 1c0080e4 f1402573 csrrs            x10, x0, 0xf14      x10=00000002
7270074ns          107690 1c0080e8 01f57593 andi             x11, x10, 31        x11=00000002 x10:00000002
7270094ns          107691 1c0080ec 00555513 srli             x10, x10, 0x5       x10=00000000 x10:00000002
7270114ns          107692 1c0080ee 01f00613 addi             x12, x0, 31         x12=0000001f
7270531ns          107713 1c0080f0 00c50463 beq              x10, x12, 8         x10:00000000 x12:0000001f
7270571ns          107715 1c0080f4 fa1ff06f jal              x0, -96            
7271048ns          107739 1c008094 f3ff8117 auipc            x2, 0xf3ff8000       x2=10000094
7271088ns          107741 1c008098 f7010113 addi             x2, x2, -144         x2=10000004  x2:10000094
7271108ns          107742 1c00809c 00012103 lw               x2, 0(x2)            x2=10000008  x2:10000004  PA:10000004
7271546ns          107764 1c0080a0 000011b7 lui              x3, 0x1000           x3=00001000
7271586ns          107766 1c0080a4 80018193 addi             x3, x3, -2048        x3=00000800  x3:00001000
7271605ns          107767 1c0080a8 00158593 addi             x11, x11, 1         x11=00000003 x11:00000002
7271625ns          107768 1c0080ac 02b180b3 mul              x1, x3, x11          x1=00001800  x3:00000800 x11:00000003
7272063ns          107790 1c0080b0 00110133 add              x2, x2, x1           x2=10001808  x2:10000008  x1:00001800
7272103ns          107792 1c0080b4 5060006f jal              x0, 1286           
7272560ns          107815 1c0085ba ff010113 addi             x2, x2, -16          x2=100017f8  x2:10001808
7272600ns          107817 1c0085bc 00112623 sw               x1, 12(x2)           x1:00001800  x2:100017f8  PA:10001804
7273038ns          107839 1c0085be 002047b7 lui              x15, 0x204000       x15=00204000
7273077ns          107841 1c0085c2 00070737 lui              x14, 0x70000        x14=00070000
7273097ns          107842 1c0085c6 00e7a423 sw               x14, 8(x15)         x14:00070000 x15:00204000  PA:00204008
7273117ns          107843 1c0085c8 00f00713 addi             x14, x0, 15         x14=0000000f
7273137ns          107844 1c0085ca 20078793 addi             x15, x15, 512       x15=00204200 x15:00204000
7273555ns          107865 1c0085ce 00e7a023 sw               x14, 0(x15)         x14:0000000f x15:00204200  PA:00204200
7273595ns          107867 1c0085d2 00e7a623 sw               x14, 12(x15)        x14:0000000f x15:00204200  PA:0020420c
7273614ns          107868 1c0085d6 1c0017b7 lui              x15, 0x1c001000     x15=1c001000
7273634ns          107869 1c0085da 8547a783 lw               x15, -1964(x15)     x15=1c00813e x15:1c001000  PA:1c000854
7274072ns          107891 1c0085de 000780e7 jalr             x1, x15, 0           x1=1c0085e0 x15:1c00813e
7275047ns          107940 1c00813e f14027f3 csrrs            x15, x0, 0xf14      x15=00000002
7275086ns          107942 1c008142 ca579733 p.extractu       x14, x15, 5, 5      x14=00000000 x15:00000002
7275106ns          107943 1c008146 0a071063 bne              x14, x0, 160        x14:00000000
7275126ns          107944 1c008148 f457b7b3 p.bclr           x15, x15, 26, 5     x15=00000002 x15:00000002
7275146ns          107945 1c00814c 0217a963 p.beqimm         x15, 50             x15:00000002
7275564ns          107966 1c008150 02079563 bne              x15, x0, 42         x15:00000002
7276021ns          107989 1c00817a 00000513 addi             x10, x0, 0          x10=00000000
7276061ns          107991 1c00817c 00008067 jalr             x0, x1, 0            x1:1c0085e0
7276518ns          108014 1c0085e0 f14027f3 csrrs            x15, x0, 0xf14      x15=00000002
7276538ns          108015 1c0085e4 f457b7b3 p.bclr           x15, x15, 26, 5     x15=00000002 x15:00000002
7276558ns          108016 1c0085e8 00079963 bne              x15, x0, 18         x15:00000002
7277135ns          108045 1c0085fa 002047b7 lui              x15, 0x204000       x15=00204000
7277155ns          108046 1c0085fe fff00713 addi             x14, x0, -1         x14=ffffffff
7277612ns          108069 1c008600 00e7a223 sw               x14, 4(x15)         x14:ffffffff x15:00204000  PA:00204004
