                Time          Cycles PC       Instr    Mnemonic
7330592ns          108738 1c008080 0640006f jal              x0, 100            
7331049ns          108761 1c0080e4 f1402573 csrrs            x10, x0, 0xf14      x10=00000001
7331089ns          108763 1c0080e8 01f57593 andi             x11, x10, 31        x11=00000001 x10:00000001
7331109ns          108764 1c0080ec 00555513 srli             x10, x10, 0x5       x10=00000000 x10:00000001
7331129ns          108765 1c0080ee 01f00613 addi             x12, x0, 31         x12=0000001f
7331546ns          108786 1c0080f0 00c50463 beq              x10, x12, 8         x10:00000000 x12:0000001f
7331586ns          108788 1c0080f4 fa1ff06f jal              x0, -96            
7332044ns          108811 1c008094 f3ff8117 auipc            x2, 0xf3ff8000       x2=10000094
7332083ns          108813 1c008098 f7010113 addi             x2, x2, -144         x2=10000004  x2:10000094
7332103ns          108814 1c00809c 00012103 lw               x2, 0(x2)            x2=10000008  x2:10000004  PA:10000004
7332541ns          108836 1c0080a0 000011b7 lui              x3, 0x1000           x3=00001000
7332581ns          108838 1c0080a4 80018193 addi             x3, x3, -2048        x3=00000800  x3:00001000
7332601ns          108839 1c0080a8 00158593 addi             x11, x11, 1         x11=00000002 x11:00000001
7332620ns          108840 1c0080ac 02b180b3 mul              x1, x3, x11          x1=00001000  x3:00000800 x11:00000002
7333078ns          108863 1c0080b0 00110133 add              x2, x2, x1           x2=10001008  x2:10000008  x1:00001000
7333118ns          108865 1c0080b4 5340006f jal              x0, 1332           
7333575ns          108888 1c0085e8 ff010113 addi             x2, x2, -16          x2=10000ff8  x2:10001008
7333595ns          108889 1c0085ea 00112623 sw               x1, 12(x2)           x1:00001000  x2:10000ff8  PA:10001004
7333615ns          108890 1c0085ec 002047b7 lui              x15, 0x204000       x15=00204000
7334053ns          108912 1c0085f0 00070737 lui              x14, 0x70000        x14=00070000
7334092ns          108914 1c0085f4 00e7a423 sw               x14, 8(x15)         x14:00070000 x15:00204000  PA:00204008
7334112ns          108915 1c0085f6 00f00713 addi             x14, x0, 15         x14=0000000f
7334132ns          108916 1c0085f8 20078793 addi             x15, x15, 512       x15=00204200 x15:00204000
7334152ns          108917 1c0085fc 00e7a023 sw               x14, 0(x15)         x14:0000000f x15:00204200  PA:00204200
7334570ns          108938 1c008600 00e7a623 sw               x14, 12(x15)        x14:0000000f x15:00204200  PA:0020420c
7334609ns          108940 1c008604 1c0017b7 lui              x15, 0x1c001000     x15=1c001000
7334629ns          108941 1c008608 8547a783 lw               x15, -1964(x15)     x15=1c00813e x15:1c001000  PA:1c000854
7335087ns          108964 1c00860c 000780e7 jalr             x1, x15, 0           x1=1c00860e x15:1c00813e
7335544ns          108987 1c00813e ff010113 addi             x2, x2, -16          x2=10000fe8  x2:10000ff8
7336002ns          109010 1c008140 00812423 sw               x8, 8(x2)            x8:xxxxxxxx  x2:10000fe8  PA:10000ff0
7336022ns          109011 1c008142 00112623 sw               x1, 12(x2)           x1:1c00860e  x2:10000fe8  PA:10000ff4
7336042ns          109012 1c008144 00912223 sw               x9, 4(x2)            x9:xxxxxxxx  x2:10000fe8  PA:10000fec
7336061ns          109013 1c008146 01010413 addi             x8, x2, 16           x8=10000ff8  x2:10000fe8
7336081ns          109014 1c008148 f14027f3 csrrs            x15, x0, 0xf14      x15=00000001
7336101ns          109015 1c00814c ca579733 p.extractu       x14, x15, 5, 5      x14=00000000 x15:00000001
7336519ns          109036 1c008150 04071b63 bne              x14, x0, 86         x14:00000000
7336559ns          109038 1c008152 f457b4b3 p.bclr           x9, x15, 26, 5       x9=00000001 x15:00000001
7336579ns          109039 1c008156 5a6000ef jal              x1, 1446             x1=1c008158
7337056ns          109063 1c0086fc f14027f3 csrrs            x15, x0, 0xf14      x15=00000001
7337514ns          109086 1c008700 01f00713 addi             x14, x0, 31         x14=0000001f
7337553ns          109088 1c008702 ca5797b3 p.extractu       x15, x15, 5, 5      x15=00000000 x15:00000001
7337573ns          109089 1c008706 00e78863 beq              x15, x14, 16        x15:00000000 x14:0000001f
7337593ns          109090 1c00870a 002047b7 lui              x15, 0x204000       x15=00204000
7338031ns          109112 1c00870e 20078793 addi             x15, x15, 512       x15=00204200 x15:00204000
7338070ns          109114 1c008712 01c7e703 p.elw            x14, 28(x15)        x14=00010000 x15:00204200  PA:0020421c
7338249ns          109123 1c008716 00008067 jalr             x0, x1, 0            x1:1c008158
7338608ns          109141 1c008158 0414aa63 p.beqimm         x9, 84               x9:00000001
7339522ns          109187 1c0081ac 190007b7 lui              x15, 0x19000000     x15=19000000
7339980ns          109210 1c0081b0 02078793 addi             x15, x15, 32        x15=19000020 x15:19000000
7340020ns          109212 1c0081b4 01000713 addi             x14, x0, 16         x14=00000010
7340040ns          109213 1c0081b6 00e7a023 sw               x14, 0(x15)         x14:00000010 x15:19000020  PA:19000020
7340060ns          109214 1c0081b8 ab000737 lui              x14, 0xab000000     x14=ab000000
7340079ns          109215 1c0081bc 00e7a023 sw               x14, 0(x15)         x14:ab000000 x15:19000020  PA:19000020
7340497ns          109236 1c0081be 00170693 addi             x13, x14, 1         x13=ab000001 x14:ab000000
7340517ns          109237 1c0081c2 00d7a023 sw               x13, 0(x15)         x13:ab000001 x15:19000020  PA:19000020
7340537ns          109238 1c0081c4 00270693 addi             x13, x14, 2         x13=ab000002 x14:ab000000
7340557ns          109239 1c0081c8 00d7a023 sw               x13, 0(x15)         x13:ab000002 x15:19000020  PA:19000020
7340577ns          109240 1c0081ca 00370693 addi             x13, x14, 3         x13=ab000003 x14:ab000000
7340597ns          109241 1c0081ce 00d7a023 sw               x13, 0(x15)         x13:ab000003 x15:19000020  PA:19000020
7341034ns          109263 1c0081d0 00470693 addi             x13, x14, 4         x13=ab000004 x14:ab000000
7341074ns          109265 1c0081d4 00d7a023 sw               x13, 0(x15)         x13:ab000004 x15:19000020  PA:19000020
7341094ns          109266 1c0081d6 00570693 addi             x13, x14, 5         x13=ab000005 x14:ab000000
7341114ns          109267 1c0081da 00d7a023 sw               x13, 0(x15)         x13:ab000005 x15:19000020  PA:19000020
7341134ns          109268 1c0081dc 00670693 addi             x13, x14, 6         x13=ab000006 x14:ab000000
7341551ns          109289 1c0081e0 00d7a023 sw               x13, 0(x15)         x13:ab000006 x15:19000020  PA:19000020
7341591ns          109291 1c0081e2 00770693 addi             x13, x14, 7         x13=ab000007 x14:ab000000
7341611ns          109292 1c0081e6 00d7a023 sw               x13, 0(x15)         x13:ab000007 x15:19000020  PA:19000020
7341631ns          109293 1c0081e8 00870693 addi             x13, x14, 8         x13=ab000008 x14:ab000000
7341651ns          109294 1c0081ec 00d7a023 sw               x13, 0(x15)         x13:ab000008 x15:19000020  PA:19000020
7342069ns          109315 1c0081ee 00970693 addi             x13, x14, 9         x13=ab000009 x14:ab000000
7342088ns          109316 1c0081f2 00d7a023 sw               x13, 0(x15)         x13:ab000009 x15:19000020  PA:19000020
7342108ns          109317 1c0081f4 00a70693 addi             x13, x14, 10        x13=ab00000a x14:ab000000
7342128ns          109318 1c0081f8 00d7a023 sw               x13, 0(x15)         x13:ab00000a x15:19000020  PA:19000020
7342148ns          109319 1c0081fa 00b70693 addi             x13, x14, 11        x13=ab00000b x14:ab000000
7342168ns          109320 1c0081fe 00d7a023 sw               x13, 0(x15)         x13:ab00000b x15:19000020  PA:19000020
7342586ns          109341 1c008200 00c70693 addi             x13, x14, 12        x13=ab00000c x14:ab000000
7342625ns          109343 1c008204 00d7a023 sw               x13, 0(x15)         x13:ab00000c x15:19000020  PA:19000020
7342645ns          109344 1c008206 00d70693 addi             x13, x14, 13        x13=ab00000d x14:ab000000
7342665ns          109345 1c00820a 00d7a023 sw               x13, 0(x15)         x13:ab00000d x15:19000020  PA:19000020
7342685ns          109346 1c00820c 00e70693 addi             x13, x14, 14        x13=ab00000e x14:ab000000
7343103ns          109367 1c008210 00d7a023 sw               x13, 0(x15)         x13:ab00000e x15:19000020  PA:19000020
7343123ns          109368 1c008212 00f70713 addi             x14, x14, 15        x14=ab00000f x14:ab000000
7343143ns          109369 1c008214 00e7a023 sw               x14, 0(x15)         x14:ab00000f x15:19000020  PA:19000020
7343162ns          109370 1c008216 f7fff06f jal              x0, -130           
7343242ns          109374 1c008194 568000ef jal              x1, 1384             x1=1c008196
7343282ns          109376 1c0086fc f14027f3 csrrs            x15, x0, 0xf14      x15=00000001
7343302ns          109377 1c008700 01f00713 addi             x14, x0, 31         x14=0000001f
7343322ns          109378 1c008702 ca5797b3 p.extractu       x15, x15, 5, 5      x15=00000000 x15:00000001
7343342ns          109379 1c008706 00e78863 beq              x15, x14, 16        x15:00000000 x14:0000001f
7343361ns          109380 1c00870a 002047b7 lui              x15, 0x204000       x15=00204000
7343381ns          109381 1c00870e 20078793 addi             x15, x15, 512       x15=00204200 x15:00204000
