                Time          Cycles PC       Instr    Mnemonic
7330631ns          108740 1c008080 0640006f jal              x0, 100            
7331089ns          108763 1c0080e4 f1402573 csrrs            x10, x0, 0xf14      x10=00000002
7331129ns          108765 1c0080e8 01f57593 andi             x11, x10, 31        x11=00000002 x10:00000002
7331148ns          108766 1c0080ec 00555513 srli             x10, x10, 0x5       x10=00000000 x10:00000002
7331168ns          108767 1c0080ee 01f00613 addi             x12, x0, 31         x12=0000001f
7331586ns          108788 1c0080f0 00c50463 beq              x10, x12, 8         x10:00000000 x12:0000001f
7331626ns          108790 1c0080f4 fa1ff06f jal              x0, -96            
7332083ns          108813 1c008094 f3ff8117 auipc            x2, 0xf3ff8000       x2=10000094
7332123ns          108815 1c008098 f7010113 addi             x2, x2, -144         x2=10000004  x2:10000094
7332143ns          108816 1c00809c 00012103 lw               x2, 0(x2)            x2=10000008  x2:10000004  PA:10000004
7332581ns          108838 1c0080a0 000011b7 lui              x3, 0x1000           x3=00001000
7332620ns          108840 1c0080a4 80018193 addi             x3, x3, -2048        x3=00000800  x3:00001000
7332640ns          108841 1c0080a8 00158593 addi             x11, x11, 1         x11=00000003 x11:00000002
7332660ns          108842 1c0080ac 02b180b3 mul              x1, x3, x11          x1=00001800  x3:00000800 x11:00000003
7333118ns          108865 1c0080b0 00110133 add              x2, x2, x1           x2=10001808  x2:10000008  x1:00001800
7333157ns          108867 1c0080b4 5340006f jal              x0, 1332           
7333615ns          108890 1c0085e8 ff010113 addi             x2, x2, -16          x2=100017f8  x2:10001808
7333635ns          108891 1c0085ea 00112623 sw               x1, 12(x2)           x1:00001800  x2:100017f8  PA:10001804
7333655ns          108892 1c0085ec 002047b7 lui              x15, 0x204000       x15=00204000
7334092ns          108914 1c0085f0 00070737 lui              x14, 0x70000        x14=00070000
7334132ns          108916 1c0085f4 00e7a423 sw               x14, 8(x15)         x14:00070000 x15:00204000  PA:00204008
7334152ns          108917 1c0085f6 00f00713 addi             x14, x0, 15         x14=0000000f
7334172ns          108918 1c0085f8 20078793 addi             x15, x15, 512       x15=00204200 x15:00204000
7334192ns          108919 1c0085fc 00e7a023 sw               x14, 0(x15)         x14:0000000f x15:00204200  PA:00204200
7334609ns          108940 1c008600 00e7a623 sw               x14, 12(x15)        x14:0000000f x15:00204200  PA:0020420c
7334649ns          108942 1c008604 1c0017b7 lui              x15, 0x1c001000     x15=1c001000
7334669ns          108943 1c008608 8547a783 lw               x15, -1964(x15)     x15=1c00813e x15:1c001000  PA:1c000854
7335147ns          108967 1c00860c 000780e7 jalr             x1, x15, 0           x1=1c00860e x15:1c00813e
7335584ns          108989 1c00813e ff010113 addi             x2, x2, -16          x2=100017e8  x2:100017f8
7336042ns          109012 1c008140 00812423 sw               x8, 8(x2)            x8:xxxxxxxx  x2:100017e8  PA:100017f0
7336061ns          109013 1c008142 00112623 sw               x1, 12(x2)           x1:1c00860e  x2:100017e8  PA:100017f4
7336081ns          109014 1c008144 00912223 sw               x9, 4(x2)            x9:xxxxxxxx  x2:100017e8  PA:100017ec
7336101ns          109015 1c008146 01010413 addi             x8, x2, 16           x8=100017f8  x2:100017e8
7336121ns          109016 1c008148 f14027f3 csrrs            x15, x0, 0xf14      x15=00000002
7336141ns          109017 1c00814c ca579733 p.extractu       x14, x15, 5, 5      x14=00000000 x15:00000002
7336559ns          109038 1c008150 04071b63 bne              x14, x0, 86         x14:00000000
7336599ns          109040 1c008152 f457b4b3 p.bclr           x9, x15, 26, 5       x9=00000002 x15:00000002
7336618ns          109041 1c008156 5a6000ef jal              x1, 1446             x1=1c008158
7337096ns          109065 1c0086fc f14027f3 csrrs            x15, x0, 0xf14      x15=00000002
7337553ns          109088 1c008700 01f00713 addi             x14, x0, 31         x14=0000001f
7337593ns          109090 1c008702 ca5797b3 p.extractu       x15, x15, 5, 5      x15=00000000 x15:00000002
7337613ns          109091 1c008706 00e78863 beq              x15, x14, 16        x15:00000000 x14:0000001f
7337633ns          109092 1c00870a 002047b7 lui              x15, 0x204000       x15=00204000
7338070ns          109114 1c00870e 20078793 addi             x15, x15, 512       x15=00204200 x15:00204000
7338110ns          109116 1c008712 01c7e703 p.elw            x14, 28(x15)        x14=00010000 x15:00204200  PA:0020421c
7338249ns          109123 1c008716 00008067 jalr             x0, x1, 0            x1:1c008158
7338647ns          109143 1c008158 0414aa63 p.beqimm         x9, 84               x9:00000002
7338667ns          109144 1c00815c 02049c63 bne              x9, x0, 56           x9:00000002
7339781ns          109200 1c008194 568000ef jal              x1, 1384             x1=1c008196
7339821ns          109202 1c0086fc f14027f3 csrrs            x15, x0, 0xf14      x15=00000002
7339841ns          109203 1c008700 01f00713 addi             x14, x0, 31         x14=0000001f
7339861ns          109204 1c008702 ca5797b3 p.extractu       x15, x15, 5, 5      x15=00000000 x15:00000002
7339881ns          109205 1c008706 00e78863 beq              x15, x14, 16        x15:00000000 x14:0000001f
7339900ns          109206 1c00870a 002047b7 lui              x15, 0x204000       x15=00204000
7339920ns          109207 1c00870e 20078793 addi             x15, x15, 512       x15=00204200 x15:00204000
