                Time          Cycles PC       Instr    Mnemonic
7269616ns          107667 1c008080 0640006f jal              x0, 100            
7270094ns          107691 1c0080e4 f1402573 csrrs            x10, x0, 0xf14      x10=00000002
7270134ns          107693 1c0080e8 01f57593 andi             x11, x10, 31        x11=00000002 x10:00000002
7270153ns          107694 1c0080ec 00555513 srli             x10, x10, 0x5       x10=00000000 x10:00000002
7270173ns          107695 1c0080ee 01f00613 addi             x12, x0, 31         x12=0000001f
7270591ns          107716 1c0080f0 00c50463 beq              x10, x12, 8         x10:00000000 x12:0000001f
7270631ns          107718 1c0080f4 fa1ff06f jal              x0, -96            
7271088ns          107741 1c008094 f3ff8117 auipc            x2, 0xf3ff8000       x2=10000094
7271128ns          107743 1c008098 f7010113 addi             x2, x2, -144         x2=10000004  x2:10000094
7271148ns          107744 1c00809c 00012103 lw               x2, 0(x2)            x2=10000008  x2:10000004  PA:10000004
7271586ns          107766 1c0080a0 000011b7 lui              x3, 0x1000           x3=00001000
7271625ns          107768 1c0080a4 80018193 addi             x3, x3, -2048        x3=00000800  x3:00001000
7271645ns          107769 1c0080a8 00158593 addi             x11, x11, 1         x11=00000003 x11:00000002
7271665ns          107770 1c0080ac 02b180b3 mul              x1, x3, x11          x1=00001800  x3:00000800 x11:00000003
7272103ns          107792 1c0080b0 00110133 add              x2, x2, x1           x2=10001808  x2:10000008  x1:00001800
7272142ns          107794 1c0080b4 4da0006f jal              x0, 1242           
7272620ns          107818 1c00858e ff010113 addi             x2, x2, -16          x2=100017f8  x2:10001808
7273077ns          107841 1c008590 00112623 sw               x1, 12(x2)           x1:00001800  x2:100017f8  PA:10001804
7273117ns          107843 1c008592 002047b7 lui              x15, 0x204000       x15=00204000
7273137ns          107844 1c008596 00070737 lui              x14, 0x70000        x14=00070000
7273157ns          107845 1c00859a 00e7a423 sw               x14, 8(x15)         x14:00070000 x15:00204000  PA:00204008
7273177ns          107846 1c00859c 00f00713 addi             x14, x0, 15         x14=0000000f
7273595ns          107867 1c00859e 20078793 addi             x15, x15, 512       x15=00204200 x15:00204000
7273634ns          107869 1c0085a2 00e7a023 sw               x14, 0(x15)         x14:0000000f x15:00204200  PA:00204200
7273654ns          107870 1c0085a6 00e7a623 sw               x14, 12(x15)        x14:0000000f x15:00204200  PA:0020420c
7273674ns          107871 1c0085aa 1c0017b7 lui              x15, 0x1c001000     x15=1c001000
7274112ns          107893 1c0085ae 8547a783 lw               x15, -1964(x15)     x15=1c00813e x15:1c001000  PA:1c000854
7274450ns          107910 1c0085b2 000780e7 jalr             x1, x15, 0           x1=1c0085b4 x15:1c00813e
7275106ns          107943 1c00813e ff010113 addi             x2, x2, -16          x2=100017e8  x2:100017f8
7275564ns          107966 1c008140 00812423 sw               x8, 8(x2)            x8:xxxxxxxx  x2:100017e8  PA:100017f0
7275584ns          107967 1c008142 00112623 sw               x1, 12(x2)           x1:1c0085b4  x2:100017e8  PA:100017f4
7275603ns          107968 1c008144 f1402473 csrrs            x8, x0, 0xf14        x8=00000002
7275623ns          107969 1c008148 ca5417b3 p.extractu       x15, x8, 5, 5       x15=00000000  x8:00000002
7275643ns          107970 1c00814c 06079463 bne              x15, x0, 104        x15:00000000
7275663ns          107971 1c00814e 554000ef jal              x1, 1364             x1=1c008150
7276598ns          108018 1c0086a2 f14027f3 csrrs            x15, x0, 0xf14      x15=00000002
7276618ns          108019 1c0086a6 01f00713 addi             x14, x0, 31         x14=0000001f
7276638ns          108020 1c0086a8 ca5797b3 p.extractu       x15, x15, 5, 5      x15=00000000 x15:00000002
7276658ns          108021 1c0086ac 00e78863 beq              x15, x14, 16        x15:00000000 x14:0000001f
7277075ns          108042 1c0086b0 002047b7 lui              x15, 0x204000       x15=00204000
7277115ns          108044 1c0086b4 20078793 addi             x15, x15, 512       x15=00204200 x15:00204000
7277135ns          108045 1c0086b8 01c7e703 p.elw            x14, 28(x15)        x14=00010000 x15:00204200  PA:0020421c
7277274ns          108052 1c0086bc 00008067 jalr             x0, x1, 0            x1:1c008150
7277632ns          108070 1c008150 00841613 slli             x12, x8, 0x8        x12=00000200  x8:00000002
7277652ns          108071 1c008154 00002437 lui              x8, 0x2000           x8=00002000
7277672ns          108072 1c008156 f0040413 addi             x8, x8, -256         x8=00001f00  x8:00002000
7277692ns          108073 1c00815a 190005b7 lui              x11, 0x19000000     x11=19000000
7277712ns          108074 1c00815e 00867633 and              x12, x12, x8        x12=00000200 x12:00000200  x8:00001f00
7278130ns          108095 1c008160 dead07b7 lui              x15, 0xdead0000     x15=dead0000
7278169ns          108097 1c008164 00f66633 or               x12, x12, x15       x12=dead0200 x12:00000200 x15:dead0000
7278189ns          108098 1c008166 00000693 addi             x13, x0, 0          x13=00000000
7278209ns          108099 1c008168 00458893 addi             x17, x11, 4         x17=19000004 x11:19000000
7278229ns          108100 1c00816c 00858813 addi             x16, x11, 8         x16=19000008 x11:19000000
7278647ns          108121 1c008170 00c58513 addi             x10, x11, 12        x10=1900000c x11:19000000
7278687ns          108123 1c008174 028550fb lp.setupi        0x1, 0x28, 0xa     
7278706ns          108124 1c008178 00c6e7b3 or               x15, x13, x12       x15=dead0200 x13:00000000 x12:dead0200
7278726ns          108125 1c00817c 00f5a023 sw               x15, 0(x11)         x15:dead0200 x11:19000000  PA:19000000
7279164ns          108147 1c00817e 00f8a023 sw               x15, 0(x17)         x15:dead0200 x17:19000004  PA:19000004
7279204ns          108149 1c008182 00f82023 sw               x15, 0(x16)         x15:dead0200 x16:19000008  PA:19000008
7279224ns          108150 1c008186 00f52023 sw               x15, 0(x10)         x15:dead0200 x10:1900000c  PA:1900000c
7279243ns          108151 1c008188 00168693 addi             x13, x13, 1         x13=00000001 x13:00000000
7279263ns          108152 1c008178 00c6e7b3 or               x15, x13, x12       x15=dead0201 x13:00000001 x12:dead0200
7279283ns          108153 1c00817c 00f5a023 sw               x15, 0(x11)         x15:dead0201 x11:19000000  PA:19000000
7279303ns          108154 1c00817e 00f8a023 sw               x15, 0(x17)         x15:dead0201 x17:19000004  PA:19000004
7279323ns          108155 1c008182 00f82023 sw               x15, 0(x16)         x15:dead0201 x16:19000008  PA:19000008
7279343ns          108156 1c008186 00f52023 sw               x15, 0(x10)         x15:dead0201 x10:1900000c  PA:1900000c
7279363ns          108157 1c008188 00168693 addi             x13, x13, 1         x13=00000002 x13:00000001
7279383ns          108158 1c008178 00c6e7b3 or               x15, x13, x12       x15=dead0202 x13:00000002 x12:dead0200
7279403ns          108159 1c00817c 00f5a023 sw               x15, 0(x11)         x15:dead0202 x11:19000000  PA:19000000
7279423ns          108160 1c00817e 00f8a023 sw               x15, 0(x17)         x15:dead0202 x17:19000004  PA:19000004
7279442ns          108161 1c008182 00f82023 sw               x15, 0(x16)         x15:dead0202 x16:19000008  PA:19000008
7279462ns          108162 1c008186 00f52023 sw               x15, 0(x10)         x15:dead0202 x10:1900000c  PA:1900000c
7279482ns          108163 1c008188 00168693 addi             x13, x13, 1         x13=00000003 x13:00000002
7279502ns          108164 1c008178 00c6e7b3 or               x15, x13, x12       x15=dead0203 x13:00000003 x12:dead0200
7279522ns          108165 1c00817c 00f5a023 sw               x15, 0(x11)         x15:dead0203 x11:19000000  PA:19000000
7279542ns          108166 1c00817e 00f8a023 sw               x15, 0(x17)         x15:dead0203 x17:19000004  PA:19000004
7279562ns          108167 1c008182 00f82023 sw               x15, 0(x16)         x15:dead0203 x16:19000008  PA:19000008
7279582ns          108168 1c008186 00f52023 sw               x15, 0(x10)         x15:dead0203 x10:1900000c  PA:1900000c
7279602ns          108169 1c008188 00168693 addi             x13, x13, 1         x13=00000004 x13:00000003
7279621ns          108170 1c008178 00c6e7b3 or               x15, x13, x12       x15=dead0204 x13:00000004 x12:dead0200
7279641ns          108171 1c00817c 00f5a023 sw               x15, 0(x11)         x15:dead0204 x11:19000000  PA:19000000
7279661ns          108172 1c00817e 00f8a023 sw               x15, 0(x17)         x15:dead0204 x17:19000004  PA:19000004
7279681ns          108173 1c008182 00f82023 sw               x15, 0(x16)         x15:dead0204 x16:19000008  PA:19000008
7279701ns          108174 1c008186 00f52023 sw               x15, 0(x10)         x15:dead0204 x10:1900000c  PA:1900000c
7279721ns          108175 1c008188 00168693 addi             x13, x13, 1         x13=00000005 x13:00000004
7279741ns          108176 1c008178 00c6e7b3 or               x15, x13, x12       x15=dead0205 x13:00000005 x12:dead0200
7279761ns          108177 1c00817c 00f5a023 sw               x15, 0(x11)         x15:dead0205 x11:19000000  PA:19000000
7279781ns          108178 1c00817e 00f8a023 sw               x15, 0(x17)         x15:dead0205 x17:19000004  PA:19000004
7279800ns          108179 1c008182 00f82023 sw               x15, 0(x16)         x15:dead0205 x16:19000008  PA:19000008
7279820ns          108180 1c008186 00f52023 sw               x15, 0(x10)         x15:dead0205 x10:1900000c  PA:1900000c
7279840ns          108181 1c008188 00168693 addi             x13, x13, 1         x13=00000006 x13:00000005
7279860ns          108182 1c008178 00c6e7b3 or               x15, x13, x12       x15=dead0206 x13:00000006 x12:dead0200
7279880ns          108183 1c00817c 00f5a023 sw               x15, 0(x11)         x15:dead0206 x11:19000000  PA:19000000
7279900ns          108184 1c00817e 00f8a023 sw               x15, 0(x17)         x15:dead0206 x17:19000004  PA:19000004
7279920ns          108185 1c008182 00f82023 sw               x15, 0(x16)         x15:dead0206 x16:19000008  PA:19000008
7279940ns          108186 1c008186 00f52023 sw               x15, 0(x10)         x15:dead0206 x10:1900000c  PA:1900000c
7279960ns          108187 1c008188 00168693 addi             x13, x13, 1         x13=00000007 x13:00000006
7279979ns          108188 1c008178 00c6e7b3 or               x15, x13, x12       x15=dead0207 x13:00000007 x12:dead0200
7279999ns          108189 1c00817c 00f5a023 sw               x15, 0(x11)         x15:dead0207 x11:19000000  PA:19000000
7280019ns          108190 1c00817e 00f8a023 sw               x15, 0(x17)         x15:dead0207 x17:19000004  PA:19000004
7280039ns          108191 1c008182 00f82023 sw               x15, 0(x16)         x15:dead0207 x16:19000008  PA:19000008
7280059ns          108192 1c008186 00f52023 sw               x15, 0(x10)         x15:dead0207 x10:1900000c  PA:1900000c
7280079ns          108193 1c008188 00168693 addi             x13, x13, 1         x13=00000008 x13:00000007
7280099ns          108194 1c008178 00c6e7b3 or               x15, x13, x12       x15=dead0208 x13:00000008 x12:dead0200
7280119ns          108195 1c00817c 00f5a023 sw               x15, 0(x11)         x15:dead0208 x11:19000000  PA:19000000
7280139ns          108196 1c00817e 00f8a023 sw               x15, 0(x17)         x15:dead0208 x17:19000004  PA:19000004
7280158ns          108197 1c008182 00f82023 sw               x15, 0(x16)         x15:dead0208 x16:19000008  PA:19000008
7280178ns          108198 1c008186 00f52023 sw               x15, 0(x10)         x15:dead0208 x10:1900000c  PA:1900000c
7280198ns          108199 1c008188 00168693 addi             x13, x13, 1         x13=00000009 x13:00000008
7280218ns          108200 1c008178 00c6e7b3 or               x15, x13, x12       x15=dead0209 x13:00000009 x12:dead0200
7280238ns          108201 1c00817c 00f5a023 sw               x15, 0(x11)         x15:dead0209 x11:19000000  PA:19000000
7280258ns          108202 1c00817e 00f8a023 sw               x15, 0(x17)         x15:dead0209 x17:19000004  PA:19000004
7280278ns          108203 1c008182 00f82023 sw               x15, 0(x16)         x15:dead0209 x16:19000008  PA:19000008
7280298ns          108204 1c008186 00f52023 sw               x15, 0(x10)         x15:dead0209 x10:1900000c  PA:1900000c
7280318ns          108205 1c008188 00168693 addi             x13, x13, 1         x13=0000000a x13:00000009
7280337ns          108206 1c008178 00c6e7b3 or               x15, x13, x12       x15=dead020a x13:0000000a x12:dead0200
7280357ns          108207 1c00817c 00f5a023 sw               x15, 0(x11)         x15:dead020a x11:19000000  PA:19000000
7280377ns          108208 1c00817e 00f8a023 sw               x15, 0(x17)         x15:dead020a x17:19000004  PA:19000004
7280397ns          108209 1c008182 00f82023 sw               x15, 0(x16)         x15:dead020a x16:19000008  PA:19000008
7280417ns          108210 1c008186 00f52023 sw               x15, 0(x10)         x15:dead020a x10:1900000c  PA:1900000c
7280437ns          108211 1c008188 00168693 addi             x13, x13, 1         x13=0000000b x13:0000000a
7280457ns          108212 1c008178 00c6e7b3 or               x15, x13, x12       x15=dead020b x13:0000000b x12:dead0200
7280477ns          108213 1c00817c 00f5a023 sw               x15, 0(x11)         x15:dead020b x11:19000000  PA:19000000
7280497ns          108214 1c00817e 00f8a023 sw               x15, 0(x17)         x15:dead020b x17:19000004  PA:19000004
7280516ns          108215 1c008182 00f82023 sw               x15, 0(x16)         x15:dead020b x16:19000008  PA:19000008
7280536ns          108216 1c008186 00f52023 sw               x15, 0(x10)         x15:dead020b x10:1900000c  PA:1900000c
7280556ns          108217 1c008188 00168693 addi             x13, x13, 1         x13=0000000c x13:0000000b
7280576ns          108218 1c008178 00c6e7b3 or               x15, x13, x12       x15=dead020c x13:0000000c x12:dead0200
7280596ns          108219 1c00817c 00f5a023 sw               x15, 0(x11)         x15:dead020c x11:19000000  PA:19000000
7280616ns          108220 1c00817e 00f8a023 sw               x15, 0(x17)         x15:dead020c x17:19000004  PA:19000004
7280636ns          108221 1c008182 00f82023 sw               x15, 0(x16)         x15:dead020c x16:19000008  PA:19000008
7280656ns          108222 1c008186 00f52023 sw               x15, 0(x10)         x15:dead020c x10:1900000c  PA:1900000c
7280676ns          108223 1c008188 00168693 addi             x13, x13, 1         x13=0000000d x13:0000000c
7280696ns          108224 1c008178 00c6e7b3 or               x15, x13, x12       x15=dead020d x13:0000000d x12:dead0200
7280715ns          108225 1c00817c 00f5a023 sw               x15, 0(x11)         x15:dead020d x11:19000000  PA:19000000
7280735ns          108226 1c00817e 00f8a023 sw               x15, 0(x17)         x15:dead020d x17:19000004  PA:19000004
7280755ns          108227 1c008182 00f82023 sw               x15, 0(x16)         x15:dead020d x16:19000008  PA:19000008
7280775ns          108228 1c008186 00f52023 sw               x15, 0(x10)         x15:dead020d x10:1900000c  PA:1900000c
7280795ns          108229 1c008188 00168693 addi             x13, x13, 1         x13=0000000e x13:0000000d
7280815ns          108230 1c008178 00c6e7b3 or               x15, x13, x12       x15=dead020e x13:0000000e x12:dead0200
7280835ns          108231 1c00817c 00f5a023 sw               x15, 0(x11)         x15:dead020e x11:19000000  PA:19000000
7280855ns          108232 1c00817e 00f8a023 sw               x15, 0(x17)         x15:dead020e x17:19000004  PA:19000004
7280875ns          108233 1c008182 00f82023 sw               x15, 0(x16)         x15:dead020e x16:19000008  PA:19000008
7280894ns          108234 1c008186 00f52023 sw               x15, 0(x10)         x15:dead020e x10:1900000c  PA:1900000c
7280914ns          108235 1c008188 00168693 addi             x13, x13, 1         x13=0000000f x13:0000000e
7280934ns          108236 1c008178 00c6e7b3 or               x15, x13, x12       x15=dead020f x13:0000000f x12:dead0200
7280954ns          108237 1c00817c 00f5a023 sw               x15, 0(x11)         x15:dead020f x11:19000000  PA:19000000
7280974ns          108238 1c00817e 00f8a023 sw               x15, 0(x17)         x15:dead020f x17:19000004  PA:19000004
7280994ns          108239 1c008182 00f82023 sw               x15, 0(x16)         x15:dead020f x16:19000008  PA:19000008
7281014ns          108240 1c008186 00f52023 sw               x15, 0(x10)         x15:dead020f x10:1900000c  PA:1900000c
7281034ns          108241 1c008188 00168693 addi             x13, x13, 1         x13=00000010 x13:0000000f
7281054ns          108242 1c008178 00c6e7b3 or               x15, x13, x12       x15=dead0210 x13:00000010 x12:dead0200
7281073ns          108243 1c00817c 00f5a023 sw               x15, 0(x11)         x15:dead0210 x11:19000000  PA:19000000
7281093ns          108244 1c00817e 00f8a023 sw               x15, 0(x17)         x15:dead0210 x17:19000004  PA:19000004
7281113ns          108245 1c008182 00f82023 sw               x15, 0(x16)         x15:dead0210 x16:19000008  PA:19000008
7281133ns          108246 1c008186 00f52023 sw               x15, 0(x10)         x15:dead0210 x10:1900000c  PA:1900000c
7281153ns          108247 1c008188 00168693 addi             x13, x13, 1         x13=00000011 x13:00000010
7281173ns          108248 1c008178 00c6e7b3 or               x15, x13, x12       x15=dead0211 x13:00000011 x12:dead0200
7281193ns          108249 1c00817c 00f5a023 sw               x15, 0(x11)         x15:dead0211 x11:19000000  PA:19000000
7281213ns          108250 1c00817e 00f8a023 sw               x15, 0(x17)         x15:dead0211 x17:19000004  PA:19000004
7281233ns          108251 1c008182 00f82023 sw               x15, 0(x16)         x15:dead0211 x16:19000008  PA:19000008
7281252ns          108252 1c008186 00f52023 sw               x15, 0(x10)         x15:dead0211 x10:1900000c  PA:1900000c
7281272ns          108253 1c008188 00168693 addi             x13, x13, 1         x13=00000012 x13:00000011
7281292ns          108254 1c008178 00c6e7b3 or               x15, x13, x12       x15=dead0212 x13:00000012 x12:dead0200
7281312ns          108255 1c00817c 00f5a023 sw               x15, 0(x11)         x15:dead0212 x11:19000000  PA:19000000
7281332ns          108256 1c00817e 00f8a023 sw               x15, 0(x17)         x15:dead0212 x17:19000004  PA:19000004
7281352ns          108257 1c008182 00f82023 sw               x15, 0(x16)         x15:dead0212 x16:19000008  PA:19000008
7281372ns          108258 1c008186 00f52023 sw               x15, 0(x10)         x15:dead0212 x10:1900000c  PA:1900000c
7281392ns          108259 1c008188 00168693 addi             x13, x13, 1         x13=00000013 x13:00000012
7281412ns          108260 1c008178 00c6e7b3 or               x15, x13, x12       x15=dead0213 x13:00000013 x12:dead0200
7281431ns          108261 1c00817c 00f5a023 sw               x15, 0(x11)         x15:dead0213 x11:19000000  PA:19000000
7281451ns          108262 1c00817e 00f8a023 sw               x15, 0(x17)         x15:dead0213 x17:19000004  PA:19000004
7281471ns          108263 1c008182 00f82023 sw               x15, 0(x16)         x15:dead0213 x16:19000008  PA:19000008
7281491ns          108264 1c008186 00f52023 sw               x15, 0(x10)         x15:dead0213 x10:1900000c  PA:1900000c
7281511ns          108265 1c008188 00168693 addi             x13, x13, 1         x13=00000014 x13:00000013
7281531ns          108266 1c008178 00c6e7b3 or               x15, x13, x12       x15=dead0214 x13:00000014 x12:dead0200
7281551ns          108267 1c00817c 00f5a023 sw               x15, 0(x11)         x15:dead0214 x11:19000000  PA:19000000
7281571ns          108268 1c00817e 00f8a023 sw               x15, 0(x17)         x15:dead0214 x17:19000004  PA:19000004
7281591ns          108269 1c008182 00f82023 sw               x15, 0(x16)         x15:dead0214 x16:19000008  PA:19000008
7281610ns          108270 1c008186 00f52023 sw               x15, 0(x10)         x15:dead0214 x10:1900000c  PA:1900000c
7281630ns          108271 1c008188 00168693 addi             x13, x13, 1         x13=00000015 x13:00000014
7281650ns          108272 1c008178 00c6e7b3 or               x15, x13, x12       x15=dead0215 x13:00000015 x12:dead0200
7281670ns          108273 1c00817c 00f5a023 sw               x15, 0(x11)         x15:dead0215 x11:19000000  PA:19000000
7281690ns          108274 1c00817e 00f8a023 sw               x15, 0(x17)         x15:dead0215 x17:19000004  PA:19000004
7281710ns          108275 1c008182 00f82023 sw               x15, 0(x16)         x15:dead0215 x16:19000008  PA:19000008
7281730ns          108276 1c008186 00f52023 sw               x15, 0(x10)         x15:dead0215 x10:1900000c  PA:1900000c
7281750ns          108277 1c008188 00168693 addi             x13, x13, 1         x13=00000016 x13:00000015
7281770ns          108278 1c008178 00c6e7b3 or               x15, x13, x12       x15=dead0216 x13:00000016 x12:dead0200
7281790ns          108279 1c00817c 00f5a023 sw               x15, 0(x11)         x15:dead0216 x11:19000000  PA:19000000
7281809ns          108280 1c00817e 00f8a023 sw               x15, 0(x17)         x15:dead0216 x17:19000004  PA:19000004
7281829ns          108281 1c008182 00f82023 sw               x15, 0(x16)         x15:dead0216 x16:19000008  PA:19000008
7281849ns          108282 1c008186 00f52023 sw               x15, 0(x10)         x15:dead0216 x10:1900000c  PA:1900000c
7281869ns          108283 1c008188 00168693 addi             x13, x13, 1         x13=00000017 x13:00000016
7281889ns          108284 1c008178 00c6e7b3 or               x15, x13, x12       x15=dead0217 x13:00000017 x12:dead0200
7281909ns          108285 1c00817c 00f5a023 sw               x15, 0(x11)         x15:dead0217 x11:19000000  PA:19000000
7281929ns          108286 1c00817e 00f8a023 sw               x15, 0(x17)         x15:dead0217 x17:19000004  PA:19000004
7281949ns          108287 1c008182 00f82023 sw               x15, 0(x16)         x15:dead0217 x16:19000008  PA:19000008
7281969ns          108288 1c008186 00f52023 sw               x15, 0(x10)         x15:dead0217 x10:1900000c  PA:1900000c
7281988ns          108289 1c008188 00168693 addi             x13, x13, 1         x13=00000018 x13:00000017
7282008ns          108290 1c008178 00c6e7b3 or               x15, x13, x12       x15=dead0218 x13:00000018 x12:dead0200
7282028ns          108291 1c00817c 00f5a023 sw               x15, 0(x11)         x15:dead0218 x11:19000000  PA:19000000
7282048ns          108292 1c00817e 00f8a023 sw               x15, 0(x17)         x15:dead0218 x17:19000004  PA:19000004
7282068ns          108293 1c008182 00f82023 sw               x15, 0(x16)         x15:dead0218 x16:19000008  PA:19000008
7282088ns          108294 1c008186 00f52023 sw               x15, 0(x10)         x15:dead0218 x10:1900000c  PA:1900000c
7282108ns          108295 1c008188 00168693 addi             x13, x13, 1         x13=00000019 x13:00000018
7282128ns          108296 1c008178 00c6e7b3 or               x15, x13, x12       x15=dead0219 x13:00000019 x12:dead0200
7282148ns          108297 1c00817c 00f5a023 sw               x15, 0(x11)         x15:dead0219 x11:19000000  PA:19000000
7282167ns          108298 1c00817e 00f8a023 sw               x15, 0(x17)         x15:dead0219 x17:19000004  PA:19000004
7282187ns          108299 1c008182 00f82023 sw               x15, 0(x16)         x15:dead0219 x16:19000008  PA:19000008
7282207ns          108300 1c008186 00f52023 sw               x15, 0(x10)         x15:dead0219 x10:1900000c  PA:1900000c
7282227ns          108301 1c008188 00168693 addi             x13, x13, 1         x13=0000001a x13:00000019
7282247ns          108302 1c008178 00c6e7b3 or               x15, x13, x12       x15=dead021a x13:0000001a x12:dead0200
7282267ns          108303 1c00817c 00f5a023 sw               x15, 0(x11)         x15:dead021a x11:19000000  PA:19000000
7282287ns          108304 1c00817e 00f8a023 sw               x15, 0(x17)         x15:dead021a x17:19000004  PA:19000004
7282307ns          108305 1c008182 00f82023 sw               x15, 0(x16)         x15:dead021a x16:19000008  PA:19000008
7282327ns          108306 1c008186 00f52023 sw               x15, 0(x10)         x15:dead021a x10:1900000c  PA:1900000c
7282346ns          108307 1c008188 00168693 addi             x13, x13, 1         x13=0000001b x13:0000001a
7282366ns          108308 1c008178 00c6e7b3 or               x15, x13, x12       x15=dead021b x13:0000001b x12:dead0200
7282386ns          108309 1c00817c 00f5a023 sw               x15, 0(x11)         x15:dead021b x11:19000000  PA:19000000
7282406ns          108310 1c00817e 00f8a023 sw               x15, 0(x17)         x15:dead021b x17:19000004  PA:19000004
7282426ns          108311 1c008182 00f82023 sw               x15, 0(x16)         x15:dead021b x16:19000008  PA:19000008
7282446ns          108312 1c008186 00f52023 sw               x15, 0(x10)         x15:dead021b x10:1900000c  PA:1900000c
7282466ns          108313 1c008188 00168693 addi             x13, x13, 1         x13=0000001c x13:0000001b
7282486ns          108314 1c008178 00c6e7b3 or               x15, x13, x12       x15=dead021c x13:0000001c x12:dead0200
7282506ns          108315 1c00817c 00f5a023 sw               x15, 0(x11)         x15:dead021c x11:19000000  PA:19000000
7282525ns          108316 1c00817e 00f8a023 sw               x15, 0(x17)         x15:dead021c x17:19000004  PA:19000004
7282545ns          108317 1c008182 00f82023 sw               x15, 0(x16)         x15:dead021c x16:19000008  PA:19000008
7282565ns          108318 1c008186 00f52023 sw               x15, 0(x10)         x15:dead021c x10:1900000c  PA:1900000c
7282585ns          108319 1c008188 00168693 addi             x13, x13, 1         x13=0000001d x13:0000001c
7282605ns          108320 1c008178 00c6e7b3 or               x15, x13, x12       x15=dead021d x13:0000001d x12:dead0200
7282625ns          108321 1c00817c 00f5a023 sw               x15, 0(x11)         x15:dead021d x11:19000000  PA:19000000
7282645ns          108322 1c00817e 00f8a023 sw               x15, 0(x17)         x15:dead021d x17:19000004  PA:19000004
7282665ns          108323 1c008182 00f82023 sw               x15, 0(x16)         x15:dead021d x16:19000008  PA:19000008
7282685ns          108324 1c008186 00f52023 sw               x15, 0(x10)         x15:dead021d x10:1900000c  PA:1900000c
7282704ns          108325 1c008188 00168693 addi             x13, x13, 1         x13=0000001e x13:0000001d
7282724ns          108326 1c008178 00c6e7b3 or               x15, x13, x12       x15=dead021e x13:0000001e x12:dead0200
7282744ns          108327 1c00817c 00f5a023 sw               x15, 0(x11)         x15:dead021e x11:19000000  PA:19000000
7282764ns          108328 1c00817e 00f8a023 sw               x15, 0(x17)         x15:dead021e x17:19000004  PA:19000004
7282784ns          108329 1c008182 00f82023 sw               x15, 0(x16)         x15:dead021e x16:19000008  PA:19000008
7282804ns          108330 1c008186 00f52023 sw               x15, 0(x10)         x15:dead021e x10:1900000c  PA:1900000c
7282824ns          108331 1c008188 00168693 addi             x13, x13, 1         x13=0000001f x13:0000001e
7282844ns          108332 1c008178 00c6e7b3 or               x15, x13, x12       x15=dead021f x13:0000001f x12:dead0200
7282864ns          108333 1c00817c 00f5a023 sw               x15, 0(x11)         x15:dead021f x11:19000000  PA:19000000
7282883ns          108334 1c00817e 00f8a023 sw               x15, 0(x17)         x15:dead021f x17:19000004  PA:19000004
7282903ns          108335 1c008182 00f82023 sw               x15, 0(x16)         x15:dead021f x16:19000008  PA:19000008
7282923ns          108336 1c008186 00f52023 sw               x15, 0(x10)         x15:dead021f x10:1900000c  PA:1900000c
7282943ns          108337 1c008188 00168693 addi             x13, x13, 1         x13=00000020 x13:0000001f
7282963ns          108338 1c008178 00c6e7b3 or               x15, x13, x12       x15=dead0220 x13:00000020 x12:dead0200
7282983ns          108339 1c00817c 00f5a023 sw               x15, 0(x11)         x15:dead0220 x11:19000000  PA:19000000
7283003ns          108340 1c00817e 00f8a023 sw               x15, 0(x17)         x15:dead0220 x17:19000004  PA:19000004
7283023ns          108341 1c008182 00f82023 sw               x15, 0(x16)         x15:dead0220 x16:19000008  PA:19000008
7283043ns          108342 1c008186 00f52023 sw               x15, 0(x10)         x15:dead0220 x10:1900000c  PA:1900000c
7283063ns          108343 1c008188 00168693 addi             x13, x13, 1         x13=00000021 x13:00000020
7283082ns          108344 1c008178 00c6e7b3 or               x15, x13, x12       x15=dead0221 x13:00000021 x12:dead0200
7283102ns          108345 1c00817c 00f5a023 sw               x15, 0(x11)         x15:dead0221 x11:19000000  PA:19000000
7283122ns          108346 1c00817e 00f8a023 sw               x15, 0(x17)         x15:dead0221 x17:19000004  PA:19000004
7283142ns          108347 1c008182 00f82023 sw               x15, 0(x16)         x15:dead0221 x16:19000008  PA:19000008
7283162ns          108348 1c008186 00f52023 sw               x15, 0(x10)         x15:dead0221 x10:1900000c  PA:1900000c
7283182ns          108349 1c008188 00168693 addi             x13, x13, 1         x13=00000022 x13:00000021
7283202ns          108350 1c008178 00c6e7b3 or               x15, x13, x12       x15=dead0222 x13:00000022 x12:dead0200
7283222ns          108351 1c00817c 00f5a023 sw               x15, 0(x11)         x15:dead0222 x11:19000000  PA:19000000
7283242ns          108352 1c00817e 00f8a023 sw               x15, 0(x17)         x15:dead0222 x17:19000004  PA:19000004
7283261ns          108353 1c008182 00f82023 sw               x15, 0(x16)         x15:dead0222 x16:19000008  PA:19000008
7283281ns          108354 1c008186 00f52023 sw               x15, 0(x10)         x15:dead0222 x10:1900000c  PA:1900000c
7283301ns          108355 1c008188 00168693 addi             x13, x13, 1         x13=00000023 x13:00000022
7283321ns          108356 1c008178 00c6e7b3 or               x15, x13, x12       x15=dead0223 x13:00000023 x12:dead0200
7283341ns          108357 1c00817c 00f5a023 sw               x15, 0(x11)         x15:dead0223 x11:19000000  PA:19000000
7283361ns          108358 1c00817e 00f8a023 sw               x15, 0(x17)         x15:dead0223 x17:19000004  PA:19000004
7283381ns          108359 1c008182 00f82023 sw               x15, 0(x16)         x15:dead0223 x16:19000008  PA:19000008
7283401ns          108360 1c008186 00f52023 sw               x15, 0(x10)         x15:dead0223 x10:1900000c  PA:1900000c
7283421ns          108361 1c008188 00168693 addi             x13, x13, 1         x13=00000024 x13:00000023
7283440ns          108362 1c008178 00c6e7b3 or               x15, x13, x12       x15=dead0224 x13:00000024 x12:dead0200
7283460ns          108363 1c00817c 00f5a023 sw               x15, 0(x11)         x15:dead0224 x11:19000000  PA:19000000
7283480ns          108364 1c00817e 00f8a023 sw               x15, 0(x17)         x15:dead0224 x17:19000004  PA:19000004
7283500ns          108365 1c008182 00f82023 sw               x15, 0(x16)         x15:dead0224 x16:19000008  PA:19000008
7283520ns          108366 1c008186 00f52023 sw               x15, 0(x10)         x15:dead0224 x10:1900000c  PA:1900000c
7283540ns          108367 1c008188 00168693 addi             x13, x13, 1         x13=00000025 x13:00000024
7283560ns          108368 1c008178 00c6e7b3 or               x15, x13, x12       x15=dead0225 x13:00000025 x12:dead0200
7283580ns          108369 1c00817c 00f5a023 sw               x15, 0(x11)         x15:dead0225 x11:19000000  PA:19000000
7283600ns          108370 1c00817e 00f8a023 sw               x15, 0(x17)         x15:dead0225 x17:19000004  PA:19000004
7283619ns          108371 1c008182 00f82023 sw               x15, 0(x16)         x15:dead0225 x16:19000008  PA:19000008
7283639ns          108372 1c008186 00f52023 sw               x15, 0(x10)         x15:dead0225 x10:1900000c  PA:1900000c
7283659ns          108373 1c008188 00168693 addi             x13, x13, 1         x13=00000026 x13:00000025
7283679ns          108374 1c008178 00c6e7b3 or               x15, x13, x12       x15=dead0226 x13:00000026 x12:dead0200
7283699ns          108375 1c00817c 00f5a023 sw               x15, 0(x11)         x15:dead0226 x11:19000000  PA:19000000
7283719ns          108376 1c00817e 00f8a023 sw               x15, 0(x17)         x15:dead0226 x17:19000004  PA:19000004
7283739ns          108377 1c008182 00f82023 sw               x15, 0(x16)         x15:dead0226 x16:19000008  PA:19000008
7283759ns          108378 1c008186 00f52023 sw               x15, 0(x10)         x15:dead0226 x10:1900000c  PA:1900000c
7283779ns          108379 1c008188 00168693 addi             x13, x13, 1         x13=00000027 x13:00000026
7283798ns          108380 1c008178 00c6e7b3 or               x15, x13, x12       x15=dead0227 x13:00000027 x12:dead0200
7283818ns          108381 1c00817c 00f5a023 sw               x15, 0(x11)         x15:dead0227 x11:19000000  PA:19000000
7283838ns          108382 1c00817e 00f8a023 sw               x15, 0(x17)         x15:dead0227 x17:19000004  PA:19000004
7283858ns          108383 1c008182 00f82023 sw               x15, 0(x16)         x15:dead0227 x16:19000008  PA:19000008
7283878ns          108384 1c008186 00f52023 sw               x15, 0(x10)         x15:dead0227 x10:1900000c  PA:1900000c
7283898ns          108385 1c008188 00168693 addi             x13, x13, 1         x13=00000028 x13:00000027
7283918ns          108386 1c00818a 518000ef jal              x1, 1304             x1=1c00818c
7284395ns          108410 1c0086a2 f14027f3 csrrs            x15, x0, 0xf14      x15=00000002
7284415ns          108411 1c0086a6 01f00713 addi             x14, x0, 31         x14=0000001f
7284435ns          108412 1c0086a8 ca5797b3 p.extractu       x15, x15, 5, 5      x15=00000000 x15:00000002
7284455ns          108413 1c0086ac 00e78863 beq              x15, x14, 16        x15:00000000 x14:0000001f
7284475ns          108414 1c0086b0 002047b7 lui              x15, 0x204000       x15=00204000
7284495ns          108415 1c0086b4 20078793 addi             x15, x15, 512       x15=00204200 x15:00204000
7284515ns          108416 1c0086b8 01c7e703 p.elw            x14, 28(x15)        x14=00010000 x15:00204200  PA:0020421c
7284654ns          108423 1c0086bc 00008067 jalr             x0, x1, 0            x1:1c00818c
7284694ns          108425 1c00818c 19000737 lui              x14, 0x19000000     x14=19000000
7284713ns          108426 1c008190 00470593 addi             x11, x14, 4         x11=19000004 x14:19000000
7284733ns          108427 1c008194 00870613 addi             x12, x14, 8         x12=19000008 x14:19000000
7284753ns          108428 1c008198 00c70693 addi             x13, x14, 12        x13=1900000c x14:19000000
7284773ns          108429 1c00819c 0282d0fb lp.setupi        0x1, 0x28, 0x5     
7285290ns          108455 1c0081a0 00072503 lw               x10, 0(x14)         x10=dead0000 x14:19000000  PA:19000000
7285310ns          108456 1c0081a2 0005a503 lw               x10, 0(x11)         x10=dead0000 x11:19000004  PA:19000004
7285330ns          108457 1c0081a4 00062503 lw               x10, 0(x12)         x10=dead0300 x12:19000008  PA:19000008
7285350ns          108458 1c0081a6 0006a503 lw               x10, 0(x13)         x10=dead0300 x13:1900000c  PA:1900000c
7285370ns          108459 1c0081a0 00072503 lw               x10, 0(x14)         x10=dead0001 x14:19000000  PA:19000000
7285390ns          108460 1c0081a2 0005a503 lw               x10, 0(x11)         x10=dead0001 x11:19000004  PA:19000004
7285410ns          108461 1c0081a4 00062503 lw               x10, 0(x12)         x10=dead0301 x12:19000008  PA:19000008
7285430ns          108462 1c0081a6 0006a503 lw               x10, 0(x13)         x10=dead0301 x13:1900000c  PA:1900000c
7285449ns          108463 1c0081a0 00072503 lw               x10, 0(x14)         x10=dead0002 x14:19000000  PA:19000000
7285469ns          108464 1c0081a2 0005a503 lw               x10, 0(x11)         x10=dead0002 x11:19000004  PA:19000004
7285489ns          108465 1c0081a4 00062503 lw               x10, 0(x12)         x10=dead0302 x12:19000008  PA:19000008
7285509ns          108466 1c0081a6 0006a503 lw               x10, 0(x13)         x10=dead0302 x13:1900000c  PA:1900000c
7285529ns          108467 1c0081a0 00072503 lw               x10, 0(x14)         x10=dead0003 x14:19000000  PA:19000000
7285549ns          108468 1c0081a2 0005a503 lw               x10, 0(x11)         x10=dead0003 x11:19000004  PA:19000004
7285569ns          108469 1c0081a4 00062503 lw               x10, 0(x12)         x10=dead0303 x12:19000008  PA:19000008
7285589ns          108470 1c0081a6 0006a503 lw               x10, 0(x13)         x10=dead0303 x13:1900000c  PA:1900000c
7285609ns          108471 1c0081a0 00072503 lw               x10, 0(x14)         x10=dead0004 x14:19000000  PA:19000000
7285628ns          108472 1c0081a2 0005a503 lw               x10, 0(x11)         x10=dead0004 x11:19000004  PA:19000004
7285648ns          108473 1c0081a4 00062503 lw               x10, 0(x12)         x10=dead0304 x12:19000008  PA:19000008
7285668ns          108474 1c0081a6 0006a503 lw               x10, 0(x13)         x10=dead0304 x13:1900000c  PA:1900000c
7285688ns          108475 1c0081a0 00072503 lw               x10, 0(x14)         x10=dead0005 x14:19000000  PA:19000000
7285708ns          108476 1c0081a2 0005a503 lw               x10, 0(x11)         x10=dead0005 x11:19000004  PA:19000004
7285728ns          108477 1c0081a4 00062503 lw               x10, 0(x12)         x10=dead0305 x12:19000008  PA:19000008
7285748ns          108478 1c0081a6 0006a503 lw               x10, 0(x13)         x10=dead0305 x13:1900000c  PA:1900000c
7285768ns          108479 1c0081a0 00072503 lw               x10, 0(x14)         x10=dead0006 x14:19000000  PA:19000000
7285788ns          108480 1c0081a2 0005a503 lw               x10, 0(x11)         x10=dead0006 x11:19000004  PA:19000004
7285807ns          108481 1c0081a4 00062503 lw               x10, 0(x12)         x10=dead0306 x12:19000008  PA:19000008
7285827ns          108482 1c0081a6 0006a503 lw               x10, 0(x13)         x10=dead0306 x13:1900000c  PA:1900000c
7285847ns          108483 1c0081a0 00072503 lw               x10, 0(x14)         x10=dead0007 x14:19000000  PA:19000000
7285867ns          108484 1c0081a2 0005a503 lw               x10, 0(x11)         x10=dead0007 x11:19000004  PA:19000004
7285887ns          108485 1c0081a4 00062503 lw               x10, 0(x12)         x10=dead0307 x12:19000008  PA:19000008
7285907ns          108486 1c0081a6 0006a503 lw               x10, 0(x13)         x10=dead0307 x13:1900000c  PA:1900000c
7285927ns          108487 1c0081a0 00072503 lw               x10, 0(x14)         x10=dead0008 x14:19000000  PA:19000000
7285947ns          108488 1c0081a2 0005a503 lw               x10, 0(x11)         x10=dead0008 x11:19000004  PA:19000004
7285967ns          108489 1c0081a4 00062503 lw               x10, 0(x12)         x10=dead0308 x12:19000008  PA:19000008
7285986ns          108490 1c0081a6 0006a503 lw               x10, 0(x13)         x10=dead0308 x13:1900000c  PA:1900000c
7286006ns          108491 1c0081a0 00072503 lw               x10, 0(x14)         x10=dead0009 x14:19000000  PA:19000000
7286026ns          108492 1c0081a2 0005a503 lw               x10, 0(x11)         x10=dead0009 x11:19000004  PA:19000004
7286046ns          108493 1c0081a4 00062503 lw               x10, 0(x12)         x10=dead0309 x12:19000008  PA:19000008
7286066ns          108494 1c0081a6 0006a503 lw               x10, 0(x13)         x10=dead0309 x13:1900000c  PA:1900000c
7286086ns          108495 1c0081a0 00072503 lw               x10, 0(x14)         x10=dead000a x14:19000000  PA:19000000
7286106ns          108496 1c0081a2 0005a503 lw               x10, 0(x11)         x10=dead000a x11:19000004  PA:19000004
7286126ns          108497 1c0081a4 00062503 lw               x10, 0(x12)         x10=dead030a x12:19000008  PA:19000008
7286146ns          108498 1c0081a6 0006a503 lw               x10, 0(x13)         x10=dead030a x13:1900000c  PA:1900000c
7286165ns          108499 1c0081a0 00072503 lw               x10, 0(x14)         x10=dead000b x14:19000000  PA:19000000
7286185ns          108500 1c0081a2 0005a503 lw               x10, 0(x11)         x10=dead000b x11:19000004  PA:19000004
7286205ns          108501 1c0081a4 00062503 lw               x10, 0(x12)         x10=dead030b x12:19000008  PA:19000008
7286225ns          108502 1c0081a6 0006a503 lw               x10, 0(x13)         x10=dead030b x13:1900000c  PA:1900000c
7286245ns          108503 1c0081a0 00072503 lw               x10, 0(x14)         x10=dead000c x14:19000000  PA:19000000
7286265ns          108504 1c0081a2 0005a503 lw               x10, 0(x11)         x10=dead000c x11:19000004  PA:19000004
7286285ns          108505 1c0081a4 00062503 lw               x10, 0(x12)         x10=dead030c x12:19000008  PA:19000008
7286305ns          108506 1c0081a6 0006a503 lw               x10, 0(x13)         x10=dead030c x13:1900000c  PA:1900000c
7286325ns          108507 1c0081a0 00072503 lw               x10, 0(x14)         x10=dead000d x14:19000000  PA:19000000
7286344ns          108508 1c0081a2 0005a503 lw               x10, 0(x11)         x10=dead000d x11:19000004  PA:19000004
7286364ns          108509 1c0081a4 00062503 lw               x10, 0(x12)         x10=dead030d x12:19000008  PA:19000008
7286384ns          108510 1c0081a6 0006a503 lw               x10, 0(x13)         x10=dead030d x13:1900000c  PA:1900000c
7286404ns          108511 1c0081a0 00072503 lw               x10, 0(x14)         x10=dead000e x14:19000000  PA:19000000
7286424ns          108512 1c0081a2 0005a503 lw               x10, 0(x11)         x10=dead000e x11:19000004  PA:19000004
7286444ns          108513 1c0081a4 00062503 lw               x10, 0(x12)         x10=dead030e x12:19000008  PA:19000008
7286464ns          108514 1c0081a6 0006a503 lw               x10, 0(x13)         x10=dead030e x13:1900000c  PA:1900000c
7286484ns          108515 1c0081a0 00072503 lw               x10, 0(x14)         x10=dead000f x14:19000000  PA:19000000
7286504ns          108516 1c0081a2 0005a503 lw               x10, 0(x11)         x10=dead000f x11:19000004  PA:19000004
7286524ns          108517 1c0081a4 00062503 lw               x10, 0(x12)         x10=dead030f x12:19000008  PA:19000008
7286543ns          108518 1c0081a6 0006a503 lw               x10, 0(x13)         x10=dead030f x13:1900000c  PA:1900000c
7286563ns          108519 1c0081a0 00072503 lw               x10, 0(x14)         x10=dead0010 x14:19000000  PA:19000000
7286583ns          108520 1c0081a2 0005a503 lw               x10, 0(x11)         x10=dead0010 x11:19000004  PA:19000004
7286603ns          108521 1c0081a4 00062503 lw               x10, 0(x12)         x10=dead0310 x12:19000008  PA:19000008
7286623ns          108522 1c0081a6 0006a503 lw               x10, 0(x13)         x10=dead0310 x13:1900000c  PA:1900000c
7286643ns          108523 1c0081a0 00072503 lw               x10, 0(x14)         x10=dead0011 x14:19000000  PA:19000000
7286663ns          108524 1c0081a2 0005a503 lw               x10, 0(x11)         x10=dead0011 x11:19000004  PA:19000004
7286683ns          108525 1c0081a4 00062503 lw               x10, 0(x12)         x10=dead0311 x12:19000008  PA:19000008
7286703ns          108526 1c0081a6 0006a503 lw               x10, 0(x13)         x10=dead0311 x13:1900000c  PA:1900000c
7286722ns          108527 1c0081a0 00072503 lw               x10, 0(x14)         x10=dead0012 x14:19000000  PA:19000000
7286742ns          108528 1c0081a2 0005a503 lw               x10, 0(x11)         x10=dead0012 x11:19000004  PA:19000004
7286762ns          108529 1c0081a4 00062503 lw               x10, 0(x12)         x10=dead0312 x12:19000008  PA:19000008
7286782ns          108530 1c0081a6 0006a503 lw               x10, 0(x13)         x10=dead0312 x13:1900000c  PA:1900000c
7286802ns          108531 1c0081a0 00072503 lw               x10, 0(x14)         x10=dead0013 x14:19000000  PA:19000000
7286822ns          108532 1c0081a2 0005a503 lw               x10, 0(x11)         x10=dead0013 x11:19000004  PA:19000004
7286842ns          108533 1c0081a4 00062503 lw               x10, 0(x12)         x10=dead0313 x12:19000008  PA:19000008
7286862ns          108534 1c0081a6 0006a503 lw               x10, 0(x13)         x10=dead0313 x13:1900000c  PA:1900000c
7286882ns          108535 1c0081a0 00072503 lw               x10, 0(x14)         x10=dead0014 x14:19000000  PA:19000000
7286901ns          108536 1c0081a2 0005a503 lw               x10, 0(x11)         x10=dead0014 x11:19000004  PA:19000004
7286921ns          108537 1c0081a4 00062503 lw               x10, 0(x12)         x10=dead0314 x12:19000008  PA:19000008
7286941ns          108538 1c0081a6 0006a503 lw               x10, 0(x13)         x10=dead0314 x13:1900000c  PA:1900000c
7286961ns          108539 1c0081a0 00072503 lw               x10, 0(x14)         x10=dead0015 x14:19000000  PA:19000000
7286981ns          108540 1c0081a2 0005a503 lw               x10, 0(x11)         x10=dead0015 x11:19000004  PA:19000004
7287001ns          108541 1c0081a4 00062503 lw               x10, 0(x12)         x10=dead0315 x12:19000008  PA:19000008
7287021ns          108542 1c0081a6 0006a503 lw               x10, 0(x13)         x10=dead0315 x13:1900000c  PA:1900000c
7287041ns          108543 1c0081a0 00072503 lw               x10, 0(x14)         x10=dead0016 x14:19000000  PA:19000000
7287061ns          108544 1c0081a2 0005a503 lw               x10, 0(x11)         x10=dead0016 x11:19000004  PA:19000004
7287080ns          108545 1c0081a4 00062503 lw               x10, 0(x12)         x10=dead0316 x12:19000008  PA:19000008
7287100ns          108546 1c0081a6 0006a503 lw               x10, 0(x13)         x10=dead0316 x13:1900000c  PA:1900000c
7287120ns          108547 1c0081a0 00072503 lw               x10, 0(x14)         x10=dead0017 x14:19000000  PA:19000000
7287140ns          108548 1c0081a2 0005a503 lw               x10, 0(x11)         x10=dead0017 x11:19000004  PA:19000004
7287160ns          108549 1c0081a4 00062503 lw               x10, 0(x12)         x10=dead0317 x12:19000008  PA:19000008
7287180ns          108550 1c0081a6 0006a503 lw               x10, 0(x13)         x10=dead0317 x13:1900000c  PA:1900000c
7287200ns          108551 1c0081a0 00072503 lw               x10, 0(x14)         x10=dead0018 x14:19000000  PA:19000000
7287220ns          108552 1c0081a2 0005a503 lw               x10, 0(x11)         x10=dead0018 x11:19000004  PA:19000004
7287240ns          108553 1c0081a4 00062503 lw               x10, 0(x12)         x10=dead0318 x12:19000008  PA:19000008
7287259ns          108554 1c0081a6 0006a503 lw               x10, 0(x13)         x10=dead0318 x13:1900000c  PA:1900000c
7287279ns          108555 1c0081a0 00072503 lw               x10, 0(x14)         x10=dead0019 x14:19000000  PA:19000000
7287299ns          108556 1c0081a2 0005a503 lw               x10, 0(x11)         x10=dead0019 x11:19000004  PA:19000004
7287319ns          108557 1c0081a4 00062503 lw               x10, 0(x12)         x10=dead0319 x12:19000008  PA:19000008
7287339ns          108558 1c0081a6 0006a503 lw               x10, 0(x13)         x10=dead0319 x13:1900000c  PA:1900000c
7287359ns          108559 1c0081a0 00072503 lw               x10, 0(x14)         x10=dead001a x14:19000000  PA:19000000
7287379ns          108560 1c0081a2 0005a503 lw               x10, 0(x11)         x10=dead001a x11:19000004  PA:19000004
7287399ns          108561 1c0081a4 00062503 lw               x10, 0(x12)         x10=dead031a x12:19000008  PA:19000008
7287419ns          108562 1c0081a6 0006a503 lw               x10, 0(x13)         x10=dead031a x13:1900000c  PA:1900000c
7287438ns          108563 1c0081a0 00072503 lw               x10, 0(x14)         x10=dead001b x14:19000000  PA:19000000
7287458ns          108564 1c0081a2 0005a503 lw               x10, 0(x11)         x10=dead001b x11:19000004  PA:19000004
7287478ns          108565 1c0081a4 00062503 lw               x10, 0(x12)         x10=dead031b x12:19000008  PA:19000008
7287498ns          108566 1c0081a6 0006a503 lw               x10, 0(x13)         x10=dead031b x13:1900000c  PA:1900000c
7287518ns          108567 1c0081a0 00072503 lw               x10, 0(x14)         x10=dead001c x14:19000000  PA:19000000
7287538ns          108568 1c0081a2 0005a503 lw               x10, 0(x11)         x10=dead001c x11:19000004  PA:19000004
7287558ns          108569 1c0081a4 00062503 lw               x10, 0(x12)         x10=dead031c x12:19000008  PA:19000008
7287578ns          108570 1c0081a6 0006a503 lw               x10, 0(x13)         x10=dead031c x13:1900000c  PA:1900000c
7287598ns          108571 1c0081a0 00072503 lw               x10, 0(x14)         x10=dead001d x14:19000000  PA:19000000
7287617ns          108572 1c0081a2 0005a503 lw               x10, 0(x11)         x10=dead001d x11:19000004  PA:19000004
7287637ns          108573 1c0081a4 00062503 lw               x10, 0(x12)         x10=dead031d x12:19000008  PA:19000008
7287657ns          108574 1c0081a6 0006a503 lw               x10, 0(x13)         x10=dead031d x13:1900000c  PA:1900000c
7287677ns          108575 1c0081a0 00072503 lw               x10, 0(x14)         x10=dead001e x14:19000000  PA:19000000
7287697ns          108576 1c0081a2 0005a503 lw               x10, 0(x11)         x10=dead001e x11:19000004  PA:19000004
7287717ns          108577 1c0081a4 00062503 lw               x10, 0(x12)         x10=dead031e x12:19000008  PA:19000008
7287737ns          108578 1c0081a6 0006a503 lw               x10, 0(x13)         x10=dead031e x13:1900000c  PA:1900000c
7287757ns          108579 1c0081a0 00072503 lw               x10, 0(x14)         x10=dead001f x14:19000000  PA:19000000
7287777ns          108580 1c0081a2 0005a503 lw               x10, 0(x11)         x10=dead001f x11:19000004  PA:19000004
7287797ns          108581 1c0081a4 00062503 lw               x10, 0(x12)         x10=dead031f x12:19000008  PA:19000008
7287816ns          108582 1c0081a6 0006a503 lw               x10, 0(x13)         x10=dead031f x13:1900000c  PA:1900000c
7287836ns          108583 1c0081a0 00072503 lw               x10, 0(x14)         x10=dead0020 x14:19000000  PA:19000000
7287856ns          108584 1c0081a2 0005a503 lw               x10, 0(x11)         x10=dead0020 x11:19000004  PA:19000004
7287876ns          108585 1c0081a4 00062503 lw               x10, 0(x12)         x10=dead0320 x12:19000008  PA:19000008
7287896ns          108586 1c0081a6 0006a503 lw               x10, 0(x13)         x10=dead0320 x13:1900000c  PA:1900000c
7287916ns          108587 1c0081a0 00072503 lw               x10, 0(x14)         x10=dead0021 x14:19000000  PA:19000000
7287936ns          108588 1c0081a2 0005a503 lw               x10, 0(x11)         x10=dead0021 x11:19000004  PA:19000004
7287956ns          108589 1c0081a4 00062503 lw               x10, 0(x12)         x10=dead0321 x12:19000008  PA:19000008
7287976ns          108590 1c0081a6 0006a503 lw               x10, 0(x13)         x10=dead0321 x13:1900000c  PA:1900000c
7287995ns          108591 1c0081a0 00072503 lw               x10, 0(x14)         x10=dead0022 x14:19000000  PA:19000000
7288015ns          108592 1c0081a2 0005a503 lw               x10, 0(x11)         x10=dead0022 x11:19000004  PA:19000004
7288035ns          108593 1c0081a4 00062503 lw               x10, 0(x12)         x10=dead0322 x12:19000008  PA:19000008
7288055ns          108594 1c0081a6 0006a503 lw               x10, 0(x13)         x10=dead0322 x13:1900000c  PA:1900000c
7288075ns          108595 1c0081a0 00072503 lw               x10, 0(x14)         x10=dead0023 x14:19000000  PA:19000000
7288095ns          108596 1c0081a2 0005a503 lw               x10, 0(x11)         x10=dead0023 x11:19000004  PA:19000004
7288115ns          108597 1c0081a4 00062503 lw               x10, 0(x12)         x10=dead0323 x12:19000008  PA:19000008
7288135ns          108598 1c0081a6 0006a503 lw               x10, 0(x13)         x10=dead0323 x13:1900000c  PA:1900000c
7288155ns          108599 1c0081a0 00072503 lw               x10, 0(x14)         x10=dead0024 x14:19000000  PA:19000000
7288174ns          108600 1c0081a2 0005a503 lw               x10, 0(x11)         x10=dead0024 x11:19000004  PA:19000004
7288194ns          108601 1c0081a4 00062503 lw               x10, 0(x12)         x10=dead0324 x12:19000008  PA:19000008
7288214ns          108602 1c0081a6 0006a503 lw               x10, 0(x13)         x10=dead0324 x13:1900000c  PA:1900000c
7288234ns          108603 1c0081a0 00072503 lw               x10, 0(x14)         x10=dead0025 x14:19000000  PA:19000000
7288254ns          108604 1c0081a2 0005a503 lw               x10, 0(x11)         x10=dead0025 x11:19000004  PA:19000004
7288274ns          108605 1c0081a4 00062503 lw               x10, 0(x12)         x10=dead0325 x12:19000008  PA:19000008
7288294ns          108606 1c0081a6 0006a503 lw               x10, 0(x13)         x10=dead0325 x13:1900000c  PA:1900000c
7288314ns          108607 1c0081a0 00072503 lw               x10, 0(x14)         x10=dead0026 x14:19000000  PA:19000000
7288334ns          108608 1c0081a2 0005a503 lw               x10, 0(x11)         x10=dead0026 x11:19000004  PA:19000004
7288353ns          108609 1c0081a4 00062503 lw               x10, 0(x12)         x10=dead0326 x12:19000008  PA:19000008
7288373ns          108610 1c0081a6 0006a503 lw               x10, 0(x13)         x10=dead0326 x13:1900000c  PA:1900000c
7288393ns          108611 1c0081a0 00072503 lw               x10, 0(x14)         x10=dead0027 x14:19000000  PA:19000000
7288413ns          108612 1c0081a2 0005a503 lw               x10, 0(x11)         x10=dead0027 x11:19000004  PA:19000004
7288433ns          108613 1c0081a4 00062503 lw               x10, 0(x12)         x10=dead0327 x12:19000008  PA:19000008
7288453ns          108614 1c0081a6 0006a503 lw               x10, 0(x13)         x10=dead0327 x13:1900000c  PA:1900000c
7288473ns          108615 1c0081a8 4fa000ef jal              x1, 1274             x1=1c0081aa
7288950ns          108639 1c0086a2 f14027f3 csrrs            x15, x0, 0xf14      x15=00000002
7288970ns          108640 1c0086a6 01f00713 addi             x14, x0, 31         x14=0000001f
7288990ns          108641 1c0086a8 ca5797b3 p.extractu       x15, x15, 5, 5      x15=00000000 x15:00000002
7289010ns          108642 1c0086ac 00e78863 beq              x15, x14, 16        x15:00000000 x14:0000001f
7289050ns          108644 1c0086b0 002047b7 lui              x15, 0x204000       x15=00204000
7289089ns          108646 1c0086b4 20078793 addi             x15, x15, 512       x15=00204200 x15:00204000
7289109ns          108647 1c0086b8 01c7e703 p.elw            x14, 28(x15)        x14=00010000 x15:00204200  PA:0020421c
7289249ns          108654 1c0086bc 00008067 jalr             x0, x1, 0            x1:1c0081aa
7289288ns          108656 1c0081aa 00c12083 lw               x1, 12(x2)           x1=1c0085b4  x2:100017e8  PA:100017f4
7289368ns          108660 1c0081ac 00812403 lw               x8, 8(x2)            x8=xxxxxxxx  x2:100017e8  PA:100017f0
7289388ns          108661 1c0081ae 00000513 addi             x10, x0, 0          x10=00000000
7289408ns          108662 1c0081b0 01010113 addi             x2, x2, 16           x2=100017f8  x2:100017e8
7289428ns          108663 1c0081b2 00008067 jalr             x0, x1, 0            x1:1c0085b4
7289467ns          108665 1c0085b4 f14027f3 csrrs            x15, x0, 0xf14      x15=00000002
7289487ns          108666 1c0085b8 f457b7b3 p.bclr           x15, x15, 26, 5     x15=00000002 x15:00000002
7289507ns          108667 1c0085bc 00079963 bne              x15, x0, 18         x15:00000002
7290044ns          108694 1c0085ce 002047b7 lui              x15, 0x204000       x15=00204000
7290064ns          108695 1c0085d2 fff00713 addi             x14, x0, -1         x14=ffffffff
7290084ns          108696 1c0085d4 00e7a223 sw               x14, 4(x15)         x14:ffffffff x15:00204000  PA:00204004
