                Time          Cycles PC       Instr    Mnemonic
7330611ns          108739 1c008080 0640006f jal              x0, 100            
7331069ns          108762 1c0080e4 f1402573 csrrs            x10, x0, 0xf14      x10=00000001
7331109ns          108764 1c0080e8 01f57593 andi             x11, x10, 31        x11=00000001 x10:00000001
7331129ns          108765 1c0080ec 00555513 srli             x10, x10, 0x5       x10=00000000 x10:00000001
7331148ns          108766 1c0080ee 01f00613 addi             x12, x0, 31         x12=0000001f
7331566ns          108787 1c0080f0 00c50463 beq              x10, x12, 8         x10:00000000 x12:0000001f
7331606ns          108789 1c0080f4 fa1ff06f jal              x0, -96            
7332063ns          108812 1c008094 f3ff8117 auipc            x2, 0xf3ff8000       x2=10000094
7332103ns          108814 1c008098 f7010113 addi             x2, x2, -144         x2=10000004  x2:10000094
7332123ns          108815 1c00809c 00012103 lw               x2, 0(x2)            x2=10000008  x2:10000004  PA:10000004
7332581ns          108838 1c0080a0 000011b7 lui              x3, 0x1000           x3=00001000
7332620ns          108840 1c0080a4 80018193 addi             x3, x3, -2048        x3=00000800  x3:00001000
7332640ns          108841 1c0080a8 00158593 addi             x11, x11, 1         x11=00000002 x11:00000001
7332660ns          108842 1c0080ac 02b180b3 mul              x1, x3, x11          x1=00001000  x3:00000800 x11:00000002
7333098ns          108864 1c0080b0 00110133 add              x2, x2, x1           x2=10001008  x2:10000008  x1:00001000
7333138ns          108866 1c0080b4 52a0006f jal              x0, 1322           
7333595ns          108889 1c0085de ff010113 addi             x2, x2, -16          x2=10000ff8  x2:10001008
7334072ns          108913 1c0085e0 00112623 sw               x1, 12(x2)           x1:00001000  x2:10000ff8  PA:10001004
7334112ns          108915 1c0085e2 002047b7 lui              x15, 0x204000       x15=00204000
7334132ns          108916 1c0085e6 00070737 lui              x14, 0x70000        x14=00070000
7334152ns          108917 1c0085ea 00e7a423 sw               x14, 8(x15)         x14:00070000 x15:00204000  PA:00204008
7334172ns          108918 1c0085ec 00f00713 addi             x14, x0, 15         x14=0000000f
7334590ns          108939 1c0085ee 20078793 addi             x15, x15, 512       x15=00204200 x15:00204000
7334629ns          108941 1c0085f2 00e7a023 sw               x14, 0(x15)         x14:0000000f x15:00204200  PA:00204200
7334649ns          108942 1c0085f6 00e7a623 sw               x14, 12(x15)        x14:0000000f x15:00204200  PA:0020420c
7334669ns          108943 1c0085fa 1c0017b7 lui              x15, 0x1c001000     x15=1c001000
7335107ns          108965 1c0085fe 8547a783 lw               x15, -1964(x15)     x15=1c00813e x15:1c001000  PA:1c000854
7335445ns          108982 1c008602 000780e7 jalr             x1, x15, 0           x1=1c008604 x15:1c00813e
7336579ns          109039 1c00813e f14027f3 csrrs            x15, x0, 0xf14      x15=00000001
7336618ns          109041 1c008142 ca579733 p.extractu       x14, x15, 5, 5      x14=00000000 x15:00000001
7336638ns          109042 1c008146 0c071263 bne              x14, x0, 196        x14:00000000
7336658ns          109043 1c008148 fe010113 addi             x2, x2, -32          x2=10000fd8  x2:10000ff8
7336678ns          109044 1c00814a 00812c23 sw               x8, 24(x2)           x8:xxxxxxxx  x2:10000fd8  PA:10000ff0
7336698ns          109045 1c00814c f457b433 p.bclr           x8, x15, 26, 5       x8=00000001 x15:00000001
7337096ns          109065 1c008150 00112e23 sw               x1, 28(x2)           x1:1c008604  x2:10000fd8  PA:10000ff4
7337116ns          109066 1c008152 5a0000ef jal              x1, 1440             x1=1c008154
7337613ns          109091 1c0086f2 f14027f3 csrrs            x15, x0, 0xf14      x15=00000001
7337633ns          109092 1c0086f6 01f00713 addi             x14, x0, 31         x14=0000001f
7337653ns          109093 1c0086f8 ca5797b3 p.extractu       x15, x15, 5, 5      x15=00000000 x15:00000001
7337673ns          109094 1c0086fc 00e78863 beq              x15, x14, 16        x15:00000000 x14:0000001f
7338090ns          109115 1c008700 002047b7 lui              x15, 0x204000       x15=00204000
7338130ns          109117 1c008704 20078793 addi             x15, x15, 512       x15=00204200 x15:00204000
7338150ns          109118 1c008708 01c7e703 p.elw            x14, 28(x15)        x14=00010000 x15:00204200  PA:0020421c
7338329ns          109127 1c00870c 00008067 jalr             x0, x1, 0            x1:1c008154
7338647ns          109143 1c008154 02041b63 bne              x8, x0, 54           x8:00000001
7339264ns          109174 1c00818a fe143ae3 p.bneimm         x8, -12              x8:00000001
7339284ns          109175 1c00818e 00012623 sw               x0, 12(x2)           x2:10000fd8  PA:10000fe4
7339702ns          109196 1c008190 0c700713 addi             x14, x0, 199        x14=000000c7
7339741ns          109198 1c008194 0080006f jal              x0, 8              
7339781ns          109200 1c00819c 00c12783 lw               x15, 12(x2)         x15=00000000  x2:10000fd8  PA:10000fe4
7340318ns          109227 1c00819e fef75ce3 bge              x14, x15, -8        x14:000000c7 x15:00000000
7340378ns          109230 1c008196 00c12783 lw               x15, 12(x2)         x15=00000000  x2:10000fd8  PA:10000fe4
7340418ns          109232 1c008198 00178793 addi             x15, x15, 1         x15=00000001 x15:00000000
7340437ns          109233 1c00819a 00f12623 sw               x15, 12(x2)         x15:00000001  x2:10000fd8  PA:10000fe4
7340457ns          109234 1c00819c 00c12783 lw               x15, 12(x2)         x15=00000001  x2:10000fd8  PA:10000fe4
7340497ns          109236 1c00819e fef75ce3 bge              x14, x15, -8        x14:000000c7 x15:00000001
7340557ns          109239 1c008196 00c12783 lw               x15, 12(x2)         x15=00000001  x2:10000fd8  PA:10000fe4
7340597ns          109241 1c008198 00178793 addi             x15, x15, 1         x15=00000002 x15:00000001
7340616ns          109242 1c00819a 00f12623 sw               x15, 12(x2)         x15:00000002  x2:10000fd8  PA:10000fe4
7340636ns          109243 1c00819c 00c12783 lw               x15, 12(x2)         x15=00000002  x2:10000fd8  PA:10000fe4
7340676ns          109245 1c00819e fef75ce3 bge              x14, x15, -8        x14:000000c7 x15:00000002
7340736ns          109248 1c008196 00c12783 lw               x15, 12(x2)         x15=00000002  x2:10000fd8  PA:10000fe4
7340776ns          109250 1c008198 00178793 addi             x15, x15, 1         x15=00000003 x15:00000002
7340795ns          109251 1c00819a 00f12623 sw               x15, 12(x2)         x15:00000003  x2:10000fd8  PA:10000fe4
7340815ns          109252 1c00819c 00c12783 lw               x15, 12(x2)         x15=00000003  x2:10000fd8  PA:10000fe4
7340855ns          109254 1c00819e fef75ce3 bge              x14, x15, -8        x14:000000c7 x15:00000003
7340915ns          109257 1c008196 00c12783 lw               x15, 12(x2)         x15=00000003  x2:10000fd8  PA:10000fe4
7340955ns          109259 1c008198 00178793 addi             x15, x15, 1         x15=00000004 x15:00000003
7340975ns          109260 1c00819a 00f12623 sw               x15, 12(x2)         x15:00000004  x2:10000fd8  PA:10000fe4
7340994ns          109261 1c00819c 00c12783 lw               x15, 12(x2)         x15=00000004  x2:10000fd8  PA:10000fe4
7341034ns          109263 1c00819e fef75ce3 bge              x14, x15, -8        x14:000000c7 x15:00000004
7341094ns          109266 1c008196 00c12783 lw               x15, 12(x2)         x15=00000004  x2:10000fd8  PA:10000fe4
7341134ns          109268 1c008198 00178793 addi             x15, x15, 1         x15=00000005 x15:00000004
7341154ns          109269 1c00819a 00f12623 sw               x15, 12(x2)         x15:00000005  x2:10000fd8  PA:10000fe4
7341173ns          109270 1c00819c 00c12783 lw               x15, 12(x2)         x15=00000005  x2:10000fd8  PA:10000fe4
7341213ns          109272 1c00819e fef75ce3 bge              x14, x15, -8        x14:000000c7 x15:00000005
7341273ns          109275 1c008196 00c12783 lw               x15, 12(x2)         x15=00000005  x2:10000fd8  PA:10000fe4
7341313ns          109277 1c008198 00178793 addi             x15, x15, 1         x15=00000006 x15:00000005
7341333ns          109278 1c00819a 00f12623 sw               x15, 12(x2)         x15:00000006  x2:10000fd8  PA:10000fe4
7341352ns          109279 1c00819c 00c12783 lw               x15, 12(x2)         x15=00000006  x2:10000fd8  PA:10000fe4
7341392ns          109281 1c00819e fef75ce3 bge              x14, x15, -8        x14:000000c7 x15:00000006
7341452ns          109284 1c008196 00c12783 lw               x15, 12(x2)         x15=00000006  x2:10000fd8  PA:10000fe4
7341492ns          109286 1c008198 00178793 addi             x15, x15, 1         x15=00000007 x15:00000006
7341512ns          109287 1c00819a 00f12623 sw               x15, 12(x2)         x15:00000007  x2:10000fd8  PA:10000fe4
7341531ns          109288 1c00819c 00c12783 lw               x15, 12(x2)         x15=00000007  x2:10000fd8  PA:10000fe4
7341571ns          109290 1c00819e fef75ce3 bge              x14, x15, -8        x14:000000c7 x15:00000007
7341631ns          109293 1c008196 00c12783 lw               x15, 12(x2)         x15=00000007  x2:10000fd8  PA:10000fe4
7341671ns          109295 1c008198 00178793 addi             x15, x15, 1         x15=00000008 x15:00000007
7341691ns          109296 1c00819a 00f12623 sw               x15, 12(x2)         x15:00000008  x2:10000fd8  PA:10000fe4
7341710ns          109297 1c00819c 00c12783 lw               x15, 12(x2)         x15=00000008  x2:10000fd8  PA:10000fe4
7341750ns          109299 1c00819e fef75ce3 bge              x14, x15, -8        x14:000000c7 x15:00000008
7341810ns          109302 1c008196 00c12783 lw               x15, 12(x2)         x15=00000008  x2:10000fd8  PA:10000fe4
7341850ns          109304 1c008198 00178793 addi             x15, x15, 1         x15=00000009 x15:00000008
7341870ns          109305 1c00819a 00f12623 sw               x15, 12(x2)         x15:00000009  x2:10000fd8  PA:10000fe4
7341889ns          109306 1c00819c 00c12783 lw               x15, 12(x2)         x15=00000009  x2:10000fd8  PA:10000fe4
7341929ns          109308 1c00819e fef75ce3 bge              x14, x15, -8        x14:000000c7 x15:00000009
7341989ns          109311 1c008196 00c12783 lw               x15, 12(x2)         x15=00000009  x2:10000fd8  PA:10000fe4
7342029ns          109313 1c008198 00178793 addi             x15, x15, 1         x15=0000000a x15:00000009
7342049ns          109314 1c00819a 00f12623 sw               x15, 12(x2)         x15:0000000a  x2:10000fd8  PA:10000fe4
7342069ns          109315 1c00819c 00c12783 lw               x15, 12(x2)         x15=0000000a  x2:10000fd8  PA:10000fe4
7342108ns          109317 1c00819e fef75ce3 bge              x14, x15, -8        x14:000000c7 x15:0000000a
7342168ns          109320 1c008196 00c12783 lw               x15, 12(x2)         x15=0000000a  x2:10000fd8  PA:10000fe4
7342208ns          109322 1c008198 00178793 addi             x15, x15, 1         x15=0000000b x15:0000000a
7342228ns          109323 1c00819a 00f12623 sw               x15, 12(x2)         x15:0000000b  x2:10000fd8  PA:10000fe4
7342248ns          109324 1c00819c 00c12783 lw               x15, 12(x2)         x15=0000000b  x2:10000fd8  PA:10000fe4
7342287ns          109326 1c00819e fef75ce3 bge              x14, x15, -8        x14:000000c7 x15:0000000b
7342347ns          109329 1c008196 00c12783 lw               x15, 12(x2)         x15=0000000b  x2:10000fd8  PA:10000fe4
7342387ns          109331 1c008198 00178793 addi             x15, x15, 1         x15=0000000c x15:0000000b
7342407ns          109332 1c00819a 00f12623 sw               x15, 12(x2)         x15:0000000c  x2:10000fd8  PA:10000fe4
7342427ns          109333 1c00819c 00c12783 lw               x15, 12(x2)         x15=0000000c  x2:10000fd8  PA:10000fe4
7342466ns          109335 1c00819e fef75ce3 bge              x14, x15, -8        x14:000000c7 x15:0000000c
7342526ns          109338 1c008196 00c12783 lw               x15, 12(x2)         x15=0000000c  x2:10000fd8  PA:10000fe4
7342566ns          109340 1c008198 00178793 addi             x15, x15, 1         x15=0000000d x15:0000000c
7342586ns          109341 1c00819a 00f12623 sw               x15, 12(x2)         x15:0000000d  x2:10000fd8  PA:10000fe4
7342606ns          109342 1c00819c 00c12783 lw               x15, 12(x2)         x15=0000000d  x2:10000fd8  PA:10000fe4
7342645ns          109344 1c00819e fef75ce3 bge              x14, x15, -8        x14:000000c7 x15:0000000d
7342705ns          109347 1c008196 00c12783 lw               x15, 12(x2)         x15=0000000d  x2:10000fd8  PA:10000fe4
7342745ns          109349 1c008198 00178793 addi             x15, x15, 1         x15=0000000e x15:0000000d
7342765ns          109350 1c00819a 00f12623 sw               x15, 12(x2)         x15:0000000e  x2:10000fd8  PA:10000fe4
7342785ns          109351 1c00819c 00c12783 lw               x15, 12(x2)         x15=0000000e  x2:10000fd8  PA:10000fe4
7342824ns          109353 1c00819e fef75ce3 bge              x14, x15, -8        x14:000000c7 x15:0000000e
7342884ns          109356 1c008196 00c12783 lw               x15, 12(x2)         x15=0000000e  x2:10000fd8  PA:10000fe4
7342924ns          109358 1c008198 00178793 addi             x15, x15, 1         x15=0000000f x15:0000000e
7342944ns          109359 1c00819a 00f12623 sw               x15, 12(x2)         x15:0000000f  x2:10000fd8  PA:10000fe4
7342964ns          109360 1c00819c 00c12783 lw               x15, 12(x2)         x15=0000000f  x2:10000fd8  PA:10000fe4
7343003ns          109362 1c00819e fef75ce3 bge              x14, x15, -8        x14:000000c7 x15:0000000f
7343063ns          109365 1c008196 00c12783 lw               x15, 12(x2)         x15=0000000f  x2:10000fd8  PA:10000fe4
7343103ns          109367 1c008198 00178793 addi             x15, x15, 1         x15=00000010 x15:0000000f
7343123ns          109368 1c00819a 00f12623 sw               x15, 12(x2)         x15:00000010  x2:10000fd8  PA:10000fe4
7343143ns          109369 1c00819c 00c12783 lw               x15, 12(x2)         x15=00000010  x2:10000fd8  PA:10000fe4
7343182ns          109371 1c00819e fef75ce3 bge              x14, x15, -8        x14:000000c7 x15:00000010
7343242ns          109374 1c008196 00c12783 lw               x15, 12(x2)         x15=00000010  x2:10000fd8  PA:10000fe4
7343282ns          109376 1c008198 00178793 addi             x15, x15, 1         x15=00000011 x15:00000010
7343302ns          109377 1c00819a 00f12623 sw               x15, 12(x2)         x15:00000011  x2:10000fd8  PA:10000fe4
7343322ns          109378 1c00819c 00c12783 lw               x15, 12(x2)         x15=00000011  x2:10000fd8  PA:10000fe4
7343361ns          109380 1c00819e fef75ce3 bge              x14, x15, -8        x14:000000c7 x15:00000011
7343421ns          109383 1c008196 00c12783 lw               x15, 12(x2)         x15=00000011  x2:10000fd8  PA:10000fe4
7343461ns          109385 1c008198 00178793 addi             x15, x15, 1         x15=00000012 x15:00000011
7343481ns          109386 1c00819a 00f12623 sw               x15, 12(x2)         x15:00000012  x2:10000fd8  PA:10000fe4
7343501ns          109387 1c00819c 00c12783 lw               x15, 12(x2)         x15=00000012  x2:10000fd8  PA:10000fe4
7343540ns          109389 1c00819e fef75ce3 bge              x14, x15, -8        x14:000000c7 x15:00000012
7343600ns          109392 1c008196 00c12783 lw               x15, 12(x2)         x15=00000012  x2:10000fd8  PA:10000fe4
7343640ns          109394 1c008198 00178793 addi             x15, x15, 1         x15=00000013 x15:00000012
7343660ns          109395 1c00819a 00f12623 sw               x15, 12(x2)         x15:00000013  x2:10000fd8  PA:10000fe4
7343680ns          109396 1c00819c 00c12783 lw               x15, 12(x2)         x15=00000013  x2:10000fd8  PA:10000fe4
7343719ns          109398 1c00819e fef75ce3 bge              x14, x15, -8        x14:000000c7 x15:00000013
7343779ns          109401 1c008196 00c12783 lw               x15, 12(x2)         x15=00000013  x2:10000fd8  PA:10000fe4
7343819ns          109403 1c008198 00178793 addi             x15, x15, 1         x15=00000014 x15:00000013
7343839ns          109404 1c00819a 00f12623 sw               x15, 12(x2)         x15:00000014  x2:10000fd8  PA:10000fe4
7343859ns          109405 1c00819c 00c12783 lw               x15, 12(x2)         x15=00000014  x2:10000fd8  PA:10000fe4
7343898ns          109407 1c00819e fef75ce3 bge              x14, x15, -8        x14:000000c7 x15:00000014
7343958ns          109410 1c008196 00c12783 lw               x15, 12(x2)         x15=00000014  x2:10000fd8  PA:10000fe4
7343998ns          109412 1c008198 00178793 addi             x15, x15, 1         x15=00000015 x15:00000014
7344018ns          109413 1c00819a 00f12623 sw               x15, 12(x2)         x15:00000015  x2:10000fd8  PA:10000fe4
7344038ns          109414 1c00819c 00c12783 lw               x15, 12(x2)         x15=00000015  x2:10000fd8  PA:10000fe4
7344077ns          109416 1c00819e fef75ce3 bge              x14, x15, -8        x14:000000c7 x15:00000015
7344137ns          109419 1c008196 00c12783 lw               x15, 12(x2)         x15=00000015  x2:10000fd8  PA:10000fe4
7344177ns          109421 1c008198 00178793 addi             x15, x15, 1         x15=00000016 x15:00000015
7344197ns          109422 1c00819a 00f12623 sw               x15, 12(x2)         x15:00000016  x2:10000fd8  PA:10000fe4
7344217ns          109423 1c00819c 00c12783 lw               x15, 12(x2)         x15=00000016  x2:10000fd8  PA:10000fe4
7344256ns          109425 1c00819e fef75ce3 bge              x14, x15, -8        x14:000000c7 x15:00000016
7344316ns          109428 1c008196 00c12783 lw               x15, 12(x2)         x15=00000016  x2:10000fd8  PA:10000fe4
7344356ns          109430 1c008198 00178793 addi             x15, x15, 1         x15=00000017 x15:00000016
7344376ns          109431 1c00819a 00f12623 sw               x15, 12(x2)         x15:00000017  x2:10000fd8  PA:10000fe4
7344396ns          109432 1c00819c 00c12783 lw               x15, 12(x2)         x15=00000017  x2:10000fd8  PA:10000fe4
7344436ns          109434 1c00819e fef75ce3 bge              x14, x15, -8        x14:000000c7 x15:00000017
7344495ns          109437 1c008196 00c12783 lw               x15, 12(x2)         x15=00000017  x2:10000fd8  PA:10000fe4
7344535ns          109439 1c008198 00178793 addi             x15, x15, 1         x15=00000018 x15:00000017
7344555ns          109440 1c00819a 00f12623 sw               x15, 12(x2)         x15:00000018  x2:10000fd8  PA:10000fe4
7344575ns          109441 1c00819c 00c12783 lw               x15, 12(x2)         x15=00000018  x2:10000fd8  PA:10000fe4
7344615ns          109443 1c00819e fef75ce3 bge              x14, x15, -8        x14:000000c7 x15:00000018
7344674ns          109446 1c008196 00c12783 lw               x15, 12(x2)         x15=00000018  x2:10000fd8  PA:10000fe4
7344714ns          109448 1c008198 00178793 addi             x15, x15, 1         x15=00000019 x15:00000018
7344734ns          109449 1c00819a 00f12623 sw               x15, 12(x2)         x15:00000019  x2:10000fd8  PA:10000fe4
7344754ns          109450 1c00819c 00c12783 lw               x15, 12(x2)         x15=00000019  x2:10000fd8  PA:10000fe4
7344794ns          109452 1c00819e fef75ce3 bge              x14, x15, -8        x14:000000c7 x15:00000019
7344853ns          109455 1c008196 00c12783 lw               x15, 12(x2)         x15=00000019  x2:10000fd8  PA:10000fe4
7344893ns          109457 1c008198 00178793 addi             x15, x15, 1         x15=0000001a x15:00000019
7344913ns          109458 1c00819a 00f12623 sw               x15, 12(x2)         x15:0000001a  x2:10000fd8  PA:10000fe4
7344933ns          109459 1c00819c 00c12783 lw               x15, 12(x2)         x15=0000001a  x2:10000fd8  PA:10000fe4
7344973ns          109461 1c00819e fef75ce3 bge              x14, x15, -8        x14:000000c7 x15:0000001a
7345032ns          109464 1c008196 00c12783 lw               x15, 12(x2)         x15=0000001a  x2:10000fd8  PA:10000fe4
7345072ns          109466 1c008198 00178793 addi             x15, x15, 1         x15=0000001b x15:0000001a
7345092ns          109467 1c00819a 00f12623 sw               x15, 12(x2)         x15:0000001b  x2:10000fd8  PA:10000fe4
7345112ns          109468 1c00819c 00c12783 lw               x15, 12(x2)         x15=0000001b  x2:10000fd8  PA:10000fe4
7345152ns          109470 1c00819e fef75ce3 bge              x14, x15, -8        x14:000000c7 x15:0000001b
7345211ns          109473 1c008196 00c12783 lw               x15, 12(x2)         x15=0000001b  x2:10000fd8  PA:10000fe4
7345251ns          109475 1c008198 00178793 addi             x15, x15, 1         x15=0000001c x15:0000001b
7345271ns          109476 1c00819a 00f12623 sw               x15, 12(x2)         x15:0000001c  x2:10000fd8  PA:10000fe4
7345291ns          109477 1c00819c 00c12783 lw               x15, 12(x2)         x15=0000001c  x2:10000fd8  PA:10000fe4
7345331ns          109479 1c00819e fef75ce3 bge              x14, x15, -8        x14:000000c7 x15:0000001c
7345390ns          109482 1c008196 00c12783 lw               x15, 12(x2)         x15=0000001c  x2:10000fd8  PA:10000fe4
7345430ns          109484 1c008198 00178793 addi             x15, x15, 1         x15=0000001d x15:0000001c
7345450ns          109485 1c00819a 00f12623 sw               x15, 12(x2)         x15:0000001d  x2:10000fd8  PA:10000fe4
7345470ns          109486 1c00819c 00c12783 lw               x15, 12(x2)         x15=0000001d  x2:10000fd8  PA:10000fe4
7345510ns          109488 1c00819e fef75ce3 bge              x14, x15, -8        x14:000000c7 x15:0000001d
7345569ns          109491 1c008196 00c12783 lw               x15, 12(x2)         x15=0000001d  x2:10000fd8  PA:10000fe4
7345609ns          109493 1c008198 00178793 addi             x15, x15, 1         x15=0000001e x15:0000001d
7345629ns          109494 1c00819a 00f12623 sw               x15, 12(x2)         x15:0000001e  x2:10000fd8  PA:10000fe4
7345649ns          109495 1c00819c 00c12783 lw               x15, 12(x2)         x15=0000001e  x2:10000fd8  PA:10000fe4
7345689ns          109497 1c00819e fef75ce3 bge              x14, x15, -8        x14:000000c7 x15:0000001e
7345748ns          109500 1c008196 00c12783 lw               x15, 12(x2)         x15=0000001e  x2:10000fd8  PA:10000fe4
7345788ns          109502 1c008198 00178793 addi             x15, x15, 1         x15=0000001f x15:0000001e
7345808ns          109503 1c00819a 00f12623 sw               x15, 12(x2)         x15:0000001f  x2:10000fd8  PA:10000fe4
7345828ns          109504 1c00819c 00c12783 lw               x15, 12(x2)         x15=0000001f  x2:10000fd8  PA:10000fe4
7345868ns          109506 1c00819e fef75ce3 bge              x14, x15, -8        x14:000000c7 x15:0000001f
7345927ns          109509 1c008196 00c12783 lw               x15, 12(x2)         x15=0000001f  x2:10000fd8  PA:10000fe4
7345967ns          109511 1c008198 00178793 addi             x15, x15, 1         x15=00000020 x15:0000001f
7345987ns          109512 1c00819a 00f12623 sw               x15, 12(x2)         x15:00000020  x2:10000fd8  PA:10000fe4
7346007ns          109513 1c00819c 00c12783 lw               x15, 12(x2)         x15=00000020  x2:10000fd8  PA:10000fe4
7346047ns          109515 1c00819e fef75ce3 bge              x14, x15, -8        x14:000000c7 x15:00000020
7346106ns          109518 1c008196 00c12783 lw               x15, 12(x2)         x15=00000020  x2:10000fd8  PA:10000fe4
7346146ns          109520 1c008198 00178793 addi             x15, x15, 1         x15=00000021 x15:00000020
7346166ns          109521 1c00819a 00f12623 sw               x15, 12(x2)         x15:00000021  x2:10000fd8  PA:10000fe4
7346186ns          109522 1c00819c 00c12783 lw               x15, 12(x2)         x15=00000021  x2:10000fd8  PA:10000fe4
7346226ns          109524 1c00819e fef75ce3 bge              x14, x15, -8        x14:000000c7 x15:00000021
7346285ns          109527 1c008196 00c12783 lw               x15, 12(x2)         x15=00000021  x2:10000fd8  PA:10000fe4
7346325ns          109529 1c008198 00178793 addi             x15, x15, 1         x15=00000022 x15:00000021
7346345ns          109530 1c00819a 00f12623 sw               x15, 12(x2)         x15:00000022  x2:10000fd8  PA:10000fe4
7346365ns          109531 1c00819c 00c12783 lw               x15, 12(x2)         x15=00000022  x2:10000fd8  PA:10000fe4
7346405ns          109533 1c00819e fef75ce3 bge              x14, x15, -8        x14:000000c7 x15:00000022
7346464ns          109536 1c008196 00c12783 lw               x15, 12(x2)         x15=00000022  x2:10000fd8  PA:10000fe4
7346504ns          109538 1c008198 00178793 addi             x15, x15, 1         x15=00000023 x15:00000022
7346524ns          109539 1c00819a 00f12623 sw               x15, 12(x2)         x15:00000023  x2:10000fd8  PA:10000fe4
7346544ns          109540 1c00819c 00c12783 lw               x15, 12(x2)         x15=00000023  x2:10000fd8  PA:10000fe4
7346584ns          109542 1c00819e fef75ce3 bge              x14, x15, -8        x14:000000c7 x15:00000023
7346643ns          109545 1c008196 00c12783 lw               x15, 12(x2)         x15=00000023  x2:10000fd8  PA:10000fe4
7346683ns          109547 1c008198 00178793 addi             x15, x15, 1         x15=00000024 x15:00000023
7346703ns          109548 1c00819a 00f12623 sw               x15, 12(x2)         x15:00000024  x2:10000fd8  PA:10000fe4
7346723ns          109549 1c00819c 00c12783 lw               x15, 12(x2)         x15=00000024  x2:10000fd8  PA:10000fe4
7346763ns          109551 1c00819e fef75ce3 bge              x14, x15, -8        x14:000000c7 x15:00000024
7346822ns          109554 1c008196 00c12783 lw               x15, 12(x2)         x15=00000024  x2:10000fd8  PA:10000fe4
7346862ns          109556 1c008198 00178793 addi             x15, x15, 1         x15=00000025 x15:00000024
7346882ns          109557 1c00819a 00f12623 sw               x15, 12(x2)         x15:00000025  x2:10000fd8  PA:10000fe4
7346902ns          109558 1c00819c 00c12783 lw               x15, 12(x2)         x15=00000025  x2:10000fd8  PA:10000fe4
7346942ns          109560 1c00819e fef75ce3 bge              x14, x15, -8        x14:000000c7 x15:00000025
7347001ns          109563 1c008196 00c12783 lw               x15, 12(x2)         x15=00000025  x2:10000fd8  PA:10000fe4
7347041ns          109565 1c008198 00178793 addi             x15, x15, 1         x15=00000026 x15:00000025
7347061ns          109566 1c00819a 00f12623 sw               x15, 12(x2)         x15:00000026  x2:10000fd8  PA:10000fe4
7347081ns          109567 1c00819c 00c12783 lw               x15, 12(x2)         x15=00000026  x2:10000fd8  PA:10000fe4
7347121ns          109569 1c00819e fef75ce3 bge              x14, x15, -8        x14:000000c7 x15:00000026
7347180ns          109572 1c008196 00c12783 lw               x15, 12(x2)         x15=00000026  x2:10000fd8  PA:10000fe4
7347220ns          109574 1c008198 00178793 addi             x15, x15, 1         x15=00000027 x15:00000026
7347240ns          109575 1c00819a 00f12623 sw               x15, 12(x2)         x15:00000027  x2:10000fd8  PA:10000fe4
7347260ns          109576 1c00819c 00c12783 lw               x15, 12(x2)         x15=00000027  x2:10000fd8  PA:10000fe4
7347300ns          109578 1c00819e fef75ce3 bge              x14, x15, -8        x14:000000c7 x15:00000027
7347359ns          109581 1c008196 00c12783 lw               x15, 12(x2)         x15=00000027  x2:10000fd8  PA:10000fe4
7347399ns          109583 1c008198 00178793 addi             x15, x15, 1         x15=00000028 x15:00000027
7347419ns          109584 1c00819a 00f12623 sw               x15, 12(x2)         x15:00000028  x2:10000fd8  PA:10000fe4
7347439ns          109585 1c00819c 00c12783 lw               x15, 12(x2)         x15=00000028  x2:10000fd8  PA:10000fe4
7347479ns          109587 1c00819e fef75ce3 bge              x14, x15, -8        x14:000000c7 x15:00000028
7347538ns          109590 1c008196 00c12783 lw               x15, 12(x2)         x15=00000028  x2:10000fd8  PA:10000fe4
7347578ns          109592 1c008198 00178793 addi             x15, x15, 1         x15=00000029 x15:00000028
7347598ns          109593 1c00819a 00f12623 sw               x15, 12(x2)         x15:00000029  x2:10000fd8  PA:10000fe4
7347618ns          109594 1c00819c 00c12783 lw               x15, 12(x2)         x15=00000029  x2:10000fd8  PA:10000fe4
7347658ns          109596 1c00819e fef75ce3 bge              x14, x15, -8        x14:000000c7 x15:00000029
7347717ns          109599 1c008196 00c12783 lw               x15, 12(x2)         x15=00000029  x2:10000fd8  PA:10000fe4
7347757ns          109601 1c008198 00178793 addi             x15, x15, 1         x15=0000002a x15:00000029
7347777ns          109602 1c00819a 00f12623 sw               x15, 12(x2)         x15:0000002a  x2:10000fd8  PA:10000fe4
7347797ns          109603 1c00819c 00c12783 lw               x15, 12(x2)         x15=0000002a  x2:10000fd8  PA:10000fe4
7347837ns          109605 1c00819e fef75ce3 bge              x14, x15, -8        x14:000000c7 x15:0000002a
7347896ns          109608 1c008196 00c12783 lw               x15, 12(x2)         x15=0000002a  x2:10000fd8  PA:10000fe4
7347936ns          109610 1c008198 00178793 addi             x15, x15, 1         x15=0000002b x15:0000002a
7347956ns          109611 1c00819a 00f12623 sw               x15, 12(x2)         x15:0000002b  x2:10000fd8  PA:10000fe4
7347976ns          109612 1c00819c 00c12783 lw               x15, 12(x2)         x15=0000002b  x2:10000fd8  PA:10000fe4
7348016ns          109614 1c00819e fef75ce3 bge              x14, x15, -8        x14:000000c7 x15:0000002b
7348076ns          109617 1c008196 00c12783 lw               x15, 12(x2)         x15=0000002b  x2:10000fd8  PA:10000fe4
7348115ns          109619 1c008198 00178793 addi             x15, x15, 1         x15=0000002c x15:0000002b
7348135ns          109620 1c00819a 00f12623 sw               x15, 12(x2)         x15:0000002c  x2:10000fd8  PA:10000fe4
7348155ns          109621 1c00819c 00c12783 lw               x15, 12(x2)         x15=0000002c  x2:10000fd8  PA:10000fe4
7348195ns          109623 1c00819e fef75ce3 bge              x14, x15, -8        x14:000000c7 x15:0000002c
7348255ns          109626 1c008196 00c12783 lw               x15, 12(x2)         x15=0000002c  x2:10000fd8  PA:10000fe4
7348294ns          109628 1c008198 00178793 addi             x15, x15, 1         x15=0000002d x15:0000002c
7348314ns          109629 1c00819a 00f12623 sw               x15, 12(x2)         x15:0000002d  x2:10000fd8  PA:10000fe4
7348334ns          109630 1c00819c 00c12783 lw               x15, 12(x2)         x15=0000002d  x2:10000fd8  PA:10000fe4
7348374ns          109632 1c00819e fef75ce3 bge              x14, x15, -8        x14:000000c7 x15:0000002d
7348434ns          109635 1c008196 00c12783 lw               x15, 12(x2)         x15=0000002d  x2:10000fd8  PA:10000fe4
7348473ns          109637 1c008198 00178793 addi             x15, x15, 1         x15=0000002e x15:0000002d
7348493ns          109638 1c00819a 00f12623 sw               x15, 12(x2)         x15:0000002e  x2:10000fd8  PA:10000fe4
7348513ns          109639 1c00819c 00c12783 lw               x15, 12(x2)         x15=0000002e  x2:10000fd8  PA:10000fe4
7348553ns          109641 1c00819e fef75ce3 bge              x14, x15, -8        x14:000000c7 x15:0000002e
7348613ns          109644 1c008196 00c12783 lw               x15, 12(x2)         x15=0000002e  x2:10000fd8  PA:10000fe4
7348652ns          109646 1c008198 00178793 addi             x15, x15, 1         x15=0000002f x15:0000002e
7348672ns          109647 1c00819a 00f12623 sw               x15, 12(x2)         x15:0000002f  x2:10000fd8  PA:10000fe4
7348692ns          109648 1c00819c 00c12783 lw               x15, 12(x2)         x15=0000002f  x2:10000fd8  PA:10000fe4
7348732ns          109650 1c00819e fef75ce3 bge              x14, x15, -8        x14:000000c7 x15:0000002f
7348792ns          109653 1c008196 00c12783 lw               x15, 12(x2)         x15=0000002f  x2:10000fd8  PA:10000fe4
7348831ns          109655 1c008198 00178793 addi             x15, x15, 1         x15=00000030 x15:0000002f
7348851ns          109656 1c00819a 00f12623 sw               x15, 12(x2)         x15:00000030  x2:10000fd8  PA:10000fe4
7348871ns          109657 1c00819c 00c12783 lw               x15, 12(x2)         x15=00000030  x2:10000fd8  PA:10000fe4
7348911ns          109659 1c00819e fef75ce3 bge              x14, x15, -8        x14:000000c7 x15:00000030
7348971ns          109662 1c008196 00c12783 lw               x15, 12(x2)         x15=00000030  x2:10000fd8  PA:10000fe4
7349010ns          109664 1c008198 00178793 addi             x15, x15, 1         x15=00000031 x15:00000030
7349030ns          109665 1c00819a 00f12623 sw               x15, 12(x2)         x15:00000031  x2:10000fd8  PA:10000fe4
7349050ns          109666 1c00819c 00c12783 lw               x15, 12(x2)         x15=00000031  x2:10000fd8  PA:10000fe4
7349090ns          109668 1c00819e fef75ce3 bge              x14, x15, -8        x14:000000c7 x15:00000031
7349150ns          109671 1c008196 00c12783 lw               x15, 12(x2)         x15=00000031  x2:10000fd8  PA:10000fe4
7349189ns          109673 1c008198 00178793 addi             x15, x15, 1         x15=00000032 x15:00000031
7349209ns          109674 1c00819a 00f12623 sw               x15, 12(x2)         x15:00000032  x2:10000fd8  PA:10000fe4
7349229ns          109675 1c00819c 00c12783 lw               x15, 12(x2)         x15=00000032  x2:10000fd8  PA:10000fe4
7349269ns          109677 1c00819e fef75ce3 bge              x14, x15, -8        x14:000000c7 x15:00000032
7349329ns          109680 1c008196 00c12783 lw               x15, 12(x2)         x15=00000032  x2:10000fd8  PA:10000fe4
7349368ns          109682 1c008198 00178793 addi             x15, x15, 1         x15=00000033 x15:00000032
7349388ns          109683 1c00819a 00f12623 sw               x15, 12(x2)         x15:00000033  x2:10000fd8  PA:10000fe4
7349408ns          109684 1c00819c 00c12783 lw               x15, 12(x2)         x15=00000033  x2:10000fd8  PA:10000fe4
7349448ns          109686 1c00819e fef75ce3 bge              x14, x15, -8        x14:000000c7 x15:00000033
7349508ns          109689 1c008196 00c12783 lw               x15, 12(x2)         x15=00000033  x2:10000fd8  PA:10000fe4
7349547ns          109691 1c008198 00178793 addi             x15, x15, 1         x15=00000034 x15:00000033
7349567ns          109692 1c00819a 00f12623 sw               x15, 12(x2)         x15:00000034  x2:10000fd8  PA:10000fe4
7349587ns          109693 1c00819c 00c12783 lw               x15, 12(x2)         x15=00000034  x2:10000fd8  PA:10000fe4
7349627ns          109695 1c00819e fef75ce3 bge              x14, x15, -8        x14:000000c7 x15:00000034
7349687ns          109698 1c008196 00c12783 lw               x15, 12(x2)         x15=00000034  x2:10000fd8  PA:10000fe4
7349726ns          109700 1c008198 00178793 addi             x15, x15, 1         x15=00000035 x15:00000034
7349746ns          109701 1c00819a 00f12623 sw               x15, 12(x2)         x15:00000035  x2:10000fd8  PA:10000fe4
7349766ns          109702 1c00819c 00c12783 lw               x15, 12(x2)         x15=00000035  x2:10000fd8  PA:10000fe4
7349806ns          109704 1c00819e fef75ce3 bge              x14, x15, -8        x14:000000c7 x15:00000035
7349866ns          109707 1c008196 00c12783 lw               x15, 12(x2)         x15=00000035  x2:10000fd8  PA:10000fe4
7349905ns          109709 1c008198 00178793 addi             x15, x15, 1         x15=00000036 x15:00000035
7349925ns          109710 1c00819a 00f12623 sw               x15, 12(x2)         x15:00000036  x2:10000fd8  PA:10000fe4
7349945ns          109711 1c00819c 00c12783 lw               x15, 12(x2)         x15=00000036  x2:10000fd8  PA:10000fe4
7349985ns          109713 1c00819e fef75ce3 bge              x14, x15, -8        x14:000000c7 x15:00000036
7350045ns          109716 1c008196 00c12783 lw               x15, 12(x2)         x15=00000036  x2:10000fd8  PA:10000fe4
7350084ns          109718 1c008198 00178793 addi             x15, x15, 1         x15=00000037 x15:00000036
7350104ns          109719 1c00819a 00f12623 sw               x15, 12(x2)         x15:00000037  x2:10000fd8  PA:10000fe4
7350124ns          109720 1c00819c 00c12783 lw               x15, 12(x2)         x15=00000037  x2:10000fd8  PA:10000fe4
7350164ns          109722 1c00819e fef75ce3 bge              x14, x15, -8        x14:000000c7 x15:00000037
7350224ns          109725 1c008196 00c12783 lw               x15, 12(x2)         x15=00000037  x2:10000fd8  PA:10000fe4
7350263ns          109727 1c008198 00178793 addi             x15, x15, 1         x15=00000038 x15:00000037
7350283ns          109728 1c00819a 00f12623 sw               x15, 12(x2)         x15:00000038  x2:10000fd8  PA:10000fe4
7350303ns          109729 1c00819c 00c12783 lw               x15, 12(x2)         x15=00000038  x2:10000fd8  PA:10000fe4
7350343ns          109731 1c00819e fef75ce3 bge              x14, x15, -8        x14:000000c7 x15:00000038
7350403ns          109734 1c008196 00c12783 lw               x15, 12(x2)         x15=00000038  x2:10000fd8  PA:10000fe4
7350443ns          109736 1c008198 00178793 addi             x15, x15, 1         x15=00000039 x15:00000038
7350462ns          109737 1c00819a 00f12623 sw               x15, 12(x2)         x15:00000039  x2:10000fd8  PA:10000fe4
7350482ns          109738 1c00819c 00c12783 lw               x15, 12(x2)         x15=00000039  x2:10000fd8  PA:10000fe4
7350522ns          109740 1c00819e fef75ce3 bge              x14, x15, -8        x14:000000c7 x15:00000039
7350582ns          109743 1c008196 00c12783 lw               x15, 12(x2)         x15=00000039  x2:10000fd8  PA:10000fe4
7350622ns          109745 1c008198 00178793 addi             x15, x15, 1         x15=0000003a x15:00000039
7350641ns          109746 1c00819a 00f12623 sw               x15, 12(x2)         x15:0000003a  x2:10000fd8  PA:10000fe4
7350661ns          109747 1c00819c 00c12783 lw               x15, 12(x2)         x15=0000003a  x2:10000fd8  PA:10000fe4
7350701ns          109749 1c00819e fef75ce3 bge              x14, x15, -8        x14:000000c7 x15:0000003a
7350761ns          109752 1c008196 00c12783 lw               x15, 12(x2)         x15=0000003a  x2:10000fd8  PA:10000fe4
7350801ns          109754 1c008198 00178793 addi             x15, x15, 1         x15=0000003b x15:0000003a
7350820ns          109755 1c00819a 00f12623 sw               x15, 12(x2)         x15:0000003b  x2:10000fd8  PA:10000fe4
7350840ns          109756 1c00819c 00c12783 lw               x15, 12(x2)         x15=0000003b  x2:10000fd8  PA:10000fe4
7350880ns          109758 1c00819e fef75ce3 bge              x14, x15, -8        x14:000000c7 x15:0000003b
7350940ns          109761 1c008196 00c12783 lw               x15, 12(x2)         x15=0000003b  x2:10000fd8  PA:10000fe4
7350980ns          109763 1c008198 00178793 addi             x15, x15, 1         x15=0000003c x15:0000003b
7350999ns          109764 1c00819a 00f12623 sw               x15, 12(x2)         x15:0000003c  x2:10000fd8  PA:10000fe4
7351019ns          109765 1c00819c 00c12783 lw               x15, 12(x2)         x15=0000003c  x2:10000fd8  PA:10000fe4
7351059ns          109767 1c00819e fef75ce3 bge              x14, x15, -8        x14:000000c7 x15:0000003c
7351119ns          109770 1c008196 00c12783 lw               x15, 12(x2)         x15=0000003c  x2:10000fd8  PA:10000fe4
7351159ns          109772 1c008198 00178793 addi             x15, x15, 1         x15=0000003d x15:0000003c
7351178ns          109773 1c00819a 00f12623 sw               x15, 12(x2)         x15:0000003d  x2:10000fd8  PA:10000fe4
7351198ns          109774 1c00819c 00c12783 lw               x15, 12(x2)         x15=0000003d  x2:10000fd8  PA:10000fe4
7351238ns          109776 1c00819e fef75ce3 bge              x14, x15, -8        x14:000000c7 x15:0000003d
7351298ns          109779 1c008196 00c12783 lw               x15, 12(x2)         x15=0000003d  x2:10000fd8  PA:10000fe4
7351338ns          109781 1c008198 00178793 addi             x15, x15, 1         x15=0000003e x15:0000003d
7351357ns          109782 1c00819a 00f12623 sw               x15, 12(x2)         x15:0000003e  x2:10000fd8  PA:10000fe4
7351377ns          109783 1c00819c 00c12783 lw               x15, 12(x2)         x15=0000003e  x2:10000fd8  PA:10000fe4
7351417ns          109785 1c00819e fef75ce3 bge              x14, x15, -8        x14:000000c7 x15:0000003e
7351477ns          109788 1c008196 00c12783 lw               x15, 12(x2)         x15=0000003e  x2:10000fd8  PA:10000fe4
7351517ns          109790 1c008198 00178793 addi             x15, x15, 1         x15=0000003f x15:0000003e
7351537ns          109791 1c00819a 00f12623 sw               x15, 12(x2)         x15:0000003f  x2:10000fd8  PA:10000fe4
7351556ns          109792 1c00819c 00c12783 lw               x15, 12(x2)         x15=0000003f  x2:10000fd8  PA:10000fe4
7351596ns          109794 1c00819e fef75ce3 bge              x14, x15, -8        x14:000000c7 x15:0000003f
7351656ns          109797 1c008196 00c12783 lw               x15, 12(x2)         x15=0000003f  x2:10000fd8  PA:10000fe4
7351696ns          109799 1c008198 00178793 addi             x15, x15, 1         x15=00000040 x15:0000003f
7351716ns          109800 1c00819a 00f12623 sw               x15, 12(x2)         x15:00000040  x2:10000fd8  PA:10000fe4
7351735ns          109801 1c00819c 00c12783 lw               x15, 12(x2)         x15=00000040  x2:10000fd8  PA:10000fe4
7351775ns          109803 1c00819e fef75ce3 bge              x14, x15, -8        x14:000000c7 x15:00000040
7351835ns          109806 1c008196 00c12783 lw               x15, 12(x2)         x15=00000040  x2:10000fd8  PA:10000fe4
7351875ns          109808 1c008198 00178793 addi             x15, x15, 1         x15=00000041 x15:00000040
7351895ns          109809 1c00819a 00f12623 sw               x15, 12(x2)         x15:00000041  x2:10000fd8  PA:10000fe4
7351914ns          109810 1c00819c 00c12783 lw               x15, 12(x2)         x15=00000041  x2:10000fd8  PA:10000fe4
7351954ns          109812 1c00819e fef75ce3 bge              x14, x15, -8        x14:000000c7 x15:00000041
7352014ns          109815 1c008196 00c12783 lw               x15, 12(x2)         x15=00000041  x2:10000fd8  PA:10000fe4
7352054ns          109817 1c008198 00178793 addi             x15, x15, 1         x15=00000042 x15:00000041
7352074ns          109818 1c00819a 00f12623 sw               x15, 12(x2)         x15:00000042  x2:10000fd8  PA:10000fe4
7352093ns          109819 1c00819c 00c12783 lw               x15, 12(x2)         x15=00000042  x2:10000fd8  PA:10000fe4
7352133ns          109821 1c00819e fef75ce3 bge              x14, x15, -8        x14:000000c7 x15:00000042
7352193ns          109824 1c008196 00c12783 lw               x15, 12(x2)         x15=00000042  x2:10000fd8  PA:10000fe4
7352233ns          109826 1c008198 00178793 addi             x15, x15, 1         x15=00000043 x15:00000042
7352253ns          109827 1c00819a 00f12623 sw               x15, 12(x2)         x15:00000043  x2:10000fd8  PA:10000fe4
7352272ns          109828 1c00819c 00c12783 lw               x15, 12(x2)         x15=00000043  x2:10000fd8  PA:10000fe4
7352312ns          109830 1c00819e fef75ce3 bge              x14, x15, -8        x14:000000c7 x15:00000043
7352372ns          109833 1c008196 00c12783 lw               x15, 12(x2)         x15=00000043  x2:10000fd8  PA:10000fe4
7352412ns          109835 1c008198 00178793 addi             x15, x15, 1         x15=00000044 x15:00000043
7352432ns          109836 1c00819a 00f12623 sw               x15, 12(x2)         x15:00000044  x2:10000fd8  PA:10000fe4
7352451ns          109837 1c00819c 00c12783 lw               x15, 12(x2)         x15=00000044  x2:10000fd8  PA:10000fe4
7352491ns          109839 1c00819e fef75ce3 bge              x14, x15, -8        x14:000000c7 x15:00000044
7352551ns          109842 1c008196 00c12783 lw               x15, 12(x2)         x15=00000044  x2:10000fd8  PA:10000fe4
7352591ns          109844 1c008198 00178793 addi             x15, x15, 1         x15=00000045 x15:00000044
7352611ns          109845 1c00819a 00f12623 sw               x15, 12(x2)         x15:00000045  x2:10000fd8  PA:10000fe4
7352630ns          109846 1c00819c 00c12783 lw               x15, 12(x2)         x15=00000045  x2:10000fd8  PA:10000fe4
7352670ns          109848 1c00819e fef75ce3 bge              x14, x15, -8        x14:000000c7 x15:00000045
7352730ns          109851 1c008196 00c12783 lw               x15, 12(x2)         x15=00000045  x2:10000fd8  PA:10000fe4
7352770ns          109853 1c008198 00178793 addi             x15, x15, 1         x15=00000046 x15:00000045
7352790ns          109854 1c00819a 00f12623 sw               x15, 12(x2)         x15:00000046  x2:10000fd8  PA:10000fe4
7352810ns          109855 1c00819c 00c12783 lw               x15, 12(x2)         x15=00000046  x2:10000fd8  PA:10000fe4
7352849ns          109857 1c00819e fef75ce3 bge              x14, x15, -8        x14:000000c7 x15:00000046
7352909ns          109860 1c008196 00c12783 lw               x15, 12(x2)         x15=00000046  x2:10000fd8  PA:10000fe4
7352949ns          109862 1c008198 00178793 addi             x15, x15, 1         x15=00000047 x15:00000046
7352969ns          109863 1c00819a 00f12623 sw               x15, 12(x2)         x15:00000047  x2:10000fd8  PA:10000fe4
7352989ns          109864 1c00819c 00c12783 lw               x15, 12(x2)         x15=00000047  x2:10000fd8  PA:10000fe4
7353028ns          109866 1c00819e fef75ce3 bge              x14, x15, -8        x14:000000c7 x15:00000047
7353088ns          109869 1c008196 00c12783 lw               x15, 12(x2)         x15=00000047  x2:10000fd8  PA:10000fe4
7353128ns          109871 1c008198 00178793 addi             x15, x15, 1         x15=00000048 x15:00000047
7353148ns          109872 1c00819a 00f12623 sw               x15, 12(x2)         x15:00000048  x2:10000fd8  PA:10000fe4
7353168ns          109873 1c00819c 00c12783 lw               x15, 12(x2)         x15=00000048  x2:10000fd8  PA:10000fe4
7353207ns          109875 1c00819e fef75ce3 bge              x14, x15, -8        x14:000000c7 x15:00000048
7353267ns          109878 1c008196 00c12783 lw               x15, 12(x2)         x15=00000048  x2:10000fd8  PA:10000fe4
7353307ns          109880 1c008198 00178793 addi             x15, x15, 1         x15=00000049 x15:00000048
7353327ns          109881 1c00819a 00f12623 sw               x15, 12(x2)         x15:00000049  x2:10000fd8  PA:10000fe4
7353347ns          109882 1c00819c 00c12783 lw               x15, 12(x2)         x15=00000049  x2:10000fd8  PA:10000fe4
7353386ns          109884 1c00819e fef75ce3 bge              x14, x15, -8        x14:000000c7 x15:00000049
7353446ns          109887 1c008196 00c12783 lw               x15, 12(x2)         x15=00000049  x2:10000fd8  PA:10000fe4
7353486ns          109889 1c008198 00178793 addi             x15, x15, 1         x15=0000004a x15:00000049
7353506ns          109890 1c00819a 00f12623 sw               x15, 12(x2)         x15:0000004a  x2:10000fd8  PA:10000fe4
7353526ns          109891 1c00819c 00c12783 lw               x15, 12(x2)         x15=0000004a  x2:10000fd8  PA:10000fe4
7353565ns          109893 1c00819e fef75ce3 bge              x14, x15, -8        x14:000000c7 x15:0000004a
7353625ns          109896 1c008196 00c12783 lw               x15, 12(x2)         x15=0000004a  x2:10000fd8  PA:10000fe4
7353665ns          109898 1c008198 00178793 addi             x15, x15, 1         x15=0000004b x15:0000004a
7353685ns          109899 1c00819a 00f12623 sw               x15, 12(x2)         x15:0000004b  x2:10000fd8  PA:10000fe4
7353705ns          109900 1c00819c 00c12783 lw               x15, 12(x2)         x15=0000004b  x2:10000fd8  PA:10000fe4
7353744ns          109902 1c00819e fef75ce3 bge              x14, x15, -8        x14:000000c7 x15:0000004b
7353804ns          109905 1c008196 00c12783 lw               x15, 12(x2)         x15=0000004b  x2:10000fd8  PA:10000fe4
7353844ns          109907 1c008198 00178793 addi             x15, x15, 1         x15=0000004c x15:0000004b
7353864ns          109908 1c00819a 00f12623 sw               x15, 12(x2)         x15:0000004c  x2:10000fd8  PA:10000fe4
7353884ns          109909 1c00819c 00c12783 lw               x15, 12(x2)         x15=0000004c  x2:10000fd8  PA:10000fe4
7353923ns          109911 1c00819e fef75ce3 bge              x14, x15, -8        x14:000000c7 x15:0000004c
7353983ns          109914 1c008196 00c12783 lw               x15, 12(x2)         x15=0000004c  x2:10000fd8  PA:10000fe4
7354023ns          109916 1c008198 00178793 addi             x15, x15, 1         x15=0000004d x15:0000004c
7354043ns          109917 1c00819a 00f12623 sw               x15, 12(x2)         x15:0000004d  x2:10000fd8  PA:10000fe4
7354063ns          109918 1c00819c 00c12783 lw               x15, 12(x2)         x15=0000004d  x2:10000fd8  PA:10000fe4
7354102ns          109920 1c00819e fef75ce3 bge              x14, x15, -8        x14:000000c7 x15:0000004d
7354162ns          109923 1c008196 00c12783 lw               x15, 12(x2)         x15=0000004d  x2:10000fd8  PA:10000fe4
7354202ns          109925 1c008198 00178793 addi             x15, x15, 1         x15=0000004e x15:0000004d
7354222ns          109926 1c00819a 00f12623 sw               x15, 12(x2)         x15:0000004e  x2:10000fd8  PA:10000fe4
7354242ns          109927 1c00819c 00c12783 lw               x15, 12(x2)         x15=0000004e  x2:10000fd8  PA:10000fe4
7354281ns          109929 1c00819e fef75ce3 bge              x14, x15, -8        x14:000000c7 x15:0000004e
7354341ns          109932 1c008196 00c12783 lw               x15, 12(x2)         x15=0000004e  x2:10000fd8  PA:10000fe4
7354381ns          109934 1c008198 00178793 addi             x15, x15, 1         x15=0000004f x15:0000004e
7354401ns          109935 1c00819a 00f12623 sw               x15, 12(x2)         x15:0000004f  x2:10000fd8  PA:10000fe4
7354421ns          109936 1c00819c 00c12783 lw               x15, 12(x2)         x15=0000004f  x2:10000fd8  PA:10000fe4
7354460ns          109938 1c00819e fef75ce3 bge              x14, x15, -8        x14:000000c7 x15:0000004f
7354520ns          109941 1c008196 00c12783 lw               x15, 12(x2)         x15=0000004f  x2:10000fd8  PA:10000fe4
7354560ns          109943 1c008198 00178793 addi             x15, x15, 1         x15=00000050 x15:0000004f
7354580ns          109944 1c00819a 00f12623 sw               x15, 12(x2)         x15:00000050  x2:10000fd8  PA:10000fe4
7354600ns          109945 1c00819c 00c12783 lw               x15, 12(x2)         x15=00000050  x2:10000fd8  PA:10000fe4
7354639ns          109947 1c00819e fef75ce3 bge              x14, x15, -8        x14:000000c7 x15:00000050
7354699ns          109950 1c008196 00c12783 lw               x15, 12(x2)         x15=00000050  x2:10000fd8  PA:10000fe4
7354739ns          109952 1c008198 00178793 addi             x15, x15, 1         x15=00000051 x15:00000050
7354759ns          109953 1c00819a 00f12623 sw               x15, 12(x2)         x15:00000051  x2:10000fd8  PA:10000fe4
7354779ns          109954 1c00819c 00c12783 lw               x15, 12(x2)         x15=00000051  x2:10000fd8  PA:10000fe4
7354818ns          109956 1c00819e fef75ce3 bge              x14, x15, -8        x14:000000c7 x15:00000051
7354878ns          109959 1c008196 00c12783 lw               x15, 12(x2)         x15=00000051  x2:10000fd8  PA:10000fe4
7354918ns          109961 1c008198 00178793 addi             x15, x15, 1         x15=00000052 x15:00000051
7354938ns          109962 1c00819a 00f12623 sw               x15, 12(x2)         x15:00000052  x2:10000fd8  PA:10000fe4
7354958ns          109963 1c00819c 00c12783 lw               x15, 12(x2)         x15=00000052  x2:10000fd8  PA:10000fe4
7354997ns          109965 1c00819e fef75ce3 bge              x14, x15, -8        x14:000000c7 x15:00000052
7355057ns          109968 1c008196 00c12783 lw               x15, 12(x2)         x15=00000052  x2:10000fd8  PA:10000fe4
7355097ns          109970 1c008198 00178793 addi             x15, x15, 1         x15=00000053 x15:00000052
7355117ns          109971 1c00819a 00f12623 sw               x15, 12(x2)         x15:00000053  x2:10000fd8  PA:10000fe4
7355137ns          109972 1c00819c 00c12783 lw               x15, 12(x2)         x15=00000053  x2:10000fd8  PA:10000fe4
7355177ns          109974 1c00819e fef75ce3 bge              x14, x15, -8        x14:000000c7 x15:00000053
7355236ns          109977 1c008196 00c12783 lw               x15, 12(x2)         x15=00000053  x2:10000fd8  PA:10000fe4
7355276ns          109979 1c008198 00178793 addi             x15, x15, 1         x15=00000054 x15:00000053
7355296ns          109980 1c00819a 00f12623 sw               x15, 12(x2)         x15:00000054  x2:10000fd8  PA:10000fe4
7355316ns          109981 1c00819c 00c12783 lw               x15, 12(x2)         x15=00000054  x2:10000fd8  PA:10000fe4
7355356ns          109983 1c00819e fef75ce3 bge              x14, x15, -8        x14:000000c7 x15:00000054
7355415ns          109986 1c008196 00c12783 lw               x15, 12(x2)         x15=00000054  x2:10000fd8  PA:10000fe4
7355455ns          109988 1c008198 00178793 addi             x15, x15, 1         x15=00000055 x15:00000054
7355475ns          109989 1c00819a 00f12623 sw               x15, 12(x2)         x15:00000055  x2:10000fd8  PA:10000fe4
7355495ns          109990 1c00819c 00c12783 lw               x15, 12(x2)         x15=00000055  x2:10000fd8  PA:10000fe4
7355535ns          109992 1c00819e fef75ce3 bge              x14, x15, -8        x14:000000c7 x15:00000055
7355594ns          109995 1c008196 00c12783 lw               x15, 12(x2)         x15=00000055  x2:10000fd8  PA:10000fe4
7355634ns          109997 1c008198 00178793 addi             x15, x15, 1         x15=00000056 x15:00000055
7355654ns          109998 1c00819a 00f12623 sw               x15, 12(x2)         x15:00000056  x2:10000fd8  PA:10000fe4
7355674ns          109999 1c00819c 00c12783 lw               x15, 12(x2)         x15=00000056  x2:10000fd8  PA:10000fe4
7355714ns          110001 1c00819e fef75ce3 bge              x14, x15, -8        x14:000000c7 x15:00000056
7355773ns          110004 1c008196 00c12783 lw               x15, 12(x2)         x15=00000056  x2:10000fd8  PA:10000fe4
7355813ns          110006 1c008198 00178793 addi             x15, x15, 1         x15=00000057 x15:00000056
7355833ns          110007 1c00819a 00f12623 sw               x15, 12(x2)         x15:00000057  x2:10000fd8  PA:10000fe4
7355853ns          110008 1c00819c 00c12783 lw               x15, 12(x2)         x15=00000057  x2:10000fd8  PA:10000fe4
7355893ns          110010 1c00819e fef75ce3 bge              x14, x15, -8        x14:000000c7 x15:00000057
7355952ns          110013 1c008196 00c12783 lw               x15, 12(x2)         x15=00000057  x2:10000fd8  PA:10000fe4
7355992ns          110015 1c008198 00178793 addi             x15, x15, 1         x15=00000058 x15:00000057
7356012ns          110016 1c00819a 00f12623 sw               x15, 12(x2)         x15:00000058  x2:10000fd8  PA:10000fe4
7356032ns          110017 1c00819c 00c12783 lw               x15, 12(x2)         x15=00000058  x2:10000fd8  PA:10000fe4
7356072ns          110019 1c00819e fef75ce3 bge              x14, x15, -8        x14:000000c7 x15:00000058
7356131ns          110022 1c008196 00c12783 lw               x15, 12(x2)         x15=00000058  x2:10000fd8  PA:10000fe4
7356171ns          110024 1c008198 00178793 addi             x15, x15, 1         x15=00000059 x15:00000058
7356191ns          110025 1c00819a 00f12623 sw               x15, 12(x2)         x15:00000059  x2:10000fd8  PA:10000fe4
7356211ns          110026 1c00819c 00c12783 lw               x15, 12(x2)         x15=00000059  x2:10000fd8  PA:10000fe4
7356251ns          110028 1c00819e fef75ce3 bge              x14, x15, -8        x14:000000c7 x15:00000059
7356310ns          110031 1c008196 00c12783 lw               x15, 12(x2)         x15=00000059  x2:10000fd8  PA:10000fe4
7356350ns          110033 1c008198 00178793 addi             x15, x15, 1         x15=0000005a x15:00000059
7356370ns          110034 1c00819a 00f12623 sw               x15, 12(x2)         x15:0000005a  x2:10000fd8  PA:10000fe4
7356390ns          110035 1c00819c 00c12783 lw               x15, 12(x2)         x15=0000005a  x2:10000fd8  PA:10000fe4
7356430ns          110037 1c00819e fef75ce3 bge              x14, x15, -8        x14:000000c7 x15:0000005a
7356489ns          110040 1c008196 00c12783 lw               x15, 12(x2)         x15=0000005a  x2:10000fd8  PA:10000fe4
7356529ns          110042 1c008198 00178793 addi             x15, x15, 1         x15=0000005b x15:0000005a
7356549ns          110043 1c00819a 00f12623 sw               x15, 12(x2)         x15:0000005b  x2:10000fd8  PA:10000fe4
7356569ns          110044 1c00819c 00c12783 lw               x15, 12(x2)         x15=0000005b  x2:10000fd8  PA:10000fe4
7356609ns          110046 1c00819e fef75ce3 bge              x14, x15, -8        x14:000000c7 x15:0000005b
7356668ns          110049 1c008196 00c12783 lw               x15, 12(x2)         x15=0000005b  x2:10000fd8  PA:10000fe4
7356708ns          110051 1c008198 00178793 addi             x15, x15, 1         x15=0000005c x15:0000005b
7356728ns          110052 1c00819a 00f12623 sw               x15, 12(x2)         x15:0000005c  x2:10000fd8  PA:10000fe4
7356748ns          110053 1c00819c 00c12783 lw               x15, 12(x2)         x15=0000005c  x2:10000fd8  PA:10000fe4
7356788ns          110055 1c00819e fef75ce3 bge              x14, x15, -8        x14:000000c7 x15:0000005c
7356847ns          110058 1c008196 00c12783 lw               x15, 12(x2)         x15=0000005c  x2:10000fd8  PA:10000fe4
7356887ns          110060 1c008198 00178793 addi             x15, x15, 1         x15=0000005d x15:0000005c
7356907ns          110061 1c00819a 00f12623 sw               x15, 12(x2)         x15:0000005d  x2:10000fd8  PA:10000fe4
7356927ns          110062 1c00819c 00c12783 lw               x15, 12(x2)         x15=0000005d  x2:10000fd8  PA:10000fe4
7356967ns          110064 1c00819e fef75ce3 bge              x14, x15, -8        x14:000000c7 x15:0000005d
7357026ns          110067 1c008196 00c12783 lw               x15, 12(x2)         x15=0000005d  x2:10000fd8  PA:10000fe4
7357066ns          110069 1c008198 00178793 addi             x15, x15, 1         x15=0000005e x15:0000005d
7357086ns          110070 1c00819a 00f12623 sw               x15, 12(x2)         x15:0000005e  x2:10000fd8  PA:10000fe4
7357106ns          110071 1c00819c 00c12783 lw               x15, 12(x2)         x15=0000005e  x2:10000fd8  PA:10000fe4
7357146ns          110073 1c00819e fef75ce3 bge              x14, x15, -8        x14:000000c7 x15:0000005e
7357205ns          110076 1c008196 00c12783 lw               x15, 12(x2)         x15=0000005e  x2:10000fd8  PA:10000fe4
7357245ns          110078 1c008198 00178793 addi             x15, x15, 1         x15=0000005f x15:0000005e
7357265ns          110079 1c00819a 00f12623 sw               x15, 12(x2)         x15:0000005f  x2:10000fd8  PA:10000fe4
7357285ns          110080 1c00819c 00c12783 lw               x15, 12(x2)         x15=0000005f  x2:10000fd8  PA:10000fe4
7357325ns          110082 1c00819e fef75ce3 bge              x14, x15, -8        x14:000000c7 x15:0000005f
7357384ns          110085 1c008196 00c12783 lw               x15, 12(x2)         x15=0000005f  x2:10000fd8  PA:10000fe4
7357424ns          110087 1c008198 00178793 addi             x15, x15, 1         x15=00000060 x15:0000005f
7357444ns          110088 1c00819a 00f12623 sw               x15, 12(x2)         x15:00000060  x2:10000fd8  PA:10000fe4
7357464ns          110089 1c00819c 00c12783 lw               x15, 12(x2)         x15=00000060  x2:10000fd8  PA:10000fe4
7357504ns          110091 1c00819e fef75ce3 bge              x14, x15, -8        x14:000000c7 x15:00000060
7357563ns          110094 1c008196 00c12783 lw               x15, 12(x2)         x15=00000060  x2:10000fd8  PA:10000fe4
7357603ns          110096 1c008198 00178793 addi             x15, x15, 1         x15=00000061 x15:00000060
7357623ns          110097 1c00819a 00f12623 sw               x15, 12(x2)         x15:00000061  x2:10000fd8  PA:10000fe4
7357643ns          110098 1c00819c 00c12783 lw               x15, 12(x2)         x15=00000061  x2:10000fd8  PA:10000fe4
7357683ns          110100 1c00819e fef75ce3 bge              x14, x15, -8        x14:000000c7 x15:00000061
7357742ns          110103 1c008196 00c12783 lw               x15, 12(x2)         x15=00000061  x2:10000fd8  PA:10000fe4
7357782ns          110105 1c008198 00178793 addi             x15, x15, 1         x15=00000062 x15:00000061
7357802ns          110106 1c00819a 00f12623 sw               x15, 12(x2)         x15:00000062  x2:10000fd8  PA:10000fe4
7357822ns          110107 1c00819c 00c12783 lw               x15, 12(x2)         x15=00000062  x2:10000fd8  PA:10000fe4
7357862ns          110109 1c00819e fef75ce3 bge              x14, x15, -8        x14:000000c7 x15:00000062
7357921ns          110112 1c008196 00c12783 lw               x15, 12(x2)         x15=00000062  x2:10000fd8  PA:10000fe4
7357961ns          110114 1c008198 00178793 addi             x15, x15, 1         x15=00000063 x15:00000062
7357981ns          110115 1c00819a 00f12623 sw               x15, 12(x2)         x15:00000063  x2:10000fd8  PA:10000fe4
7358001ns          110116 1c00819c 00c12783 lw               x15, 12(x2)         x15=00000063  x2:10000fd8  PA:10000fe4
7358041ns          110118 1c00819e fef75ce3 bge              x14, x15, -8        x14:000000c7 x15:00000063
7358100ns          110121 1c008196 00c12783 lw               x15, 12(x2)         x15=00000063  x2:10000fd8  PA:10000fe4
7358140ns          110123 1c008198 00178793 addi             x15, x15, 1         x15=00000064 x15:00000063
7358160ns          110124 1c00819a 00f12623 sw               x15, 12(x2)         x15:00000064  x2:10000fd8  PA:10000fe4
7358180ns          110125 1c00819c 00c12783 lw               x15, 12(x2)         x15=00000064  x2:10000fd8  PA:10000fe4
7358220ns          110127 1c00819e fef75ce3 bge              x14, x15, -8        x14:000000c7 x15:00000064
7358279ns          110130 1c008196 00c12783 lw               x15, 12(x2)         x15=00000064  x2:10000fd8  PA:10000fe4
7358319ns          110132 1c008198 00178793 addi             x15, x15, 1         x15=00000065 x15:00000064
7358339ns          110133 1c00819a 00f12623 sw               x15, 12(x2)         x15:00000065  x2:10000fd8  PA:10000fe4
7358359ns          110134 1c00819c 00c12783 lw               x15, 12(x2)         x15=00000065  x2:10000fd8  PA:10000fe4
7358399ns          110136 1c00819e fef75ce3 bge              x14, x15, -8        x14:000000c7 x15:00000065
7358458ns          110139 1c008196 00c12783 lw               x15, 12(x2)         x15=00000065  x2:10000fd8  PA:10000fe4
7358498ns          110141 1c008198 00178793 addi             x15, x15, 1         x15=00000066 x15:00000065
7358518ns          110142 1c00819a 00f12623 sw               x15, 12(x2)         x15:00000066  x2:10000fd8  PA:10000fe4
7358538ns          110143 1c00819c 00c12783 lw               x15, 12(x2)         x15=00000066  x2:10000fd8  PA:10000fe4
7358578ns          110145 1c00819e fef75ce3 bge              x14, x15, -8        x14:000000c7 x15:00000066
7358638ns          110148 1c008196 00c12783 lw               x15, 12(x2)         x15=00000066  x2:10000fd8  PA:10000fe4
7358677ns          110150 1c008198 00178793 addi             x15, x15, 1         x15=00000067 x15:00000066
7358697ns          110151 1c00819a 00f12623 sw               x15, 12(x2)         x15:00000067  x2:10000fd8  PA:10000fe4
7358717ns          110152 1c00819c 00c12783 lw               x15, 12(x2)         x15=00000067  x2:10000fd8  PA:10000fe4
7358757ns          110154 1c00819e fef75ce3 bge              x14, x15, -8        x14:000000c7 x15:00000067
7358817ns          110157 1c008196 00c12783 lw               x15, 12(x2)         x15=00000067  x2:10000fd8  PA:10000fe4
7358856ns          110159 1c008198 00178793 addi             x15, x15, 1         x15=00000068 x15:00000067
7358876ns          110160 1c00819a 00f12623 sw               x15, 12(x2)         x15:00000068  x2:10000fd8  PA:10000fe4
7358896ns          110161 1c00819c 00c12783 lw               x15, 12(x2)         x15=00000068  x2:10000fd8  PA:10000fe4
7358936ns          110163 1c00819e fef75ce3 bge              x14, x15, -8        x14:000000c7 x15:00000068
7358996ns          110166 1c008196 00c12783 lw               x15, 12(x2)         x15=00000068  x2:10000fd8  PA:10000fe4
7359035ns          110168 1c008198 00178793 addi             x15, x15, 1         x15=00000069 x15:00000068
7359055ns          110169 1c00819a 00f12623 sw               x15, 12(x2)         x15:00000069  x2:10000fd8  PA:10000fe4
7359075ns          110170 1c00819c 00c12783 lw               x15, 12(x2)         x15=00000069  x2:10000fd8  PA:10000fe4
7359115ns          110172 1c00819e fef75ce3 bge              x14, x15, -8        x14:000000c7 x15:00000069
7359175ns          110175 1c008196 00c12783 lw               x15, 12(x2)         x15=00000069  x2:10000fd8  PA:10000fe4
7359214ns          110177 1c008198 00178793 addi             x15, x15, 1         x15=0000006a x15:00000069
7359234ns          110178 1c00819a 00f12623 sw               x15, 12(x2)         x15:0000006a  x2:10000fd8  PA:10000fe4
7359254ns          110179 1c00819c 00c12783 lw               x15, 12(x2)         x15=0000006a  x2:10000fd8  PA:10000fe4
7359294ns          110181 1c00819e fef75ce3 bge              x14, x15, -8        x14:000000c7 x15:0000006a
7359354ns          110184 1c008196 00c12783 lw               x15, 12(x2)         x15=0000006a  x2:10000fd8  PA:10000fe4
7359393ns          110186 1c008198 00178793 addi             x15, x15, 1         x15=0000006b x15:0000006a
7359413ns          110187 1c00819a 00f12623 sw               x15, 12(x2)         x15:0000006b  x2:10000fd8  PA:10000fe4
7359433ns          110188 1c00819c 00c12783 lw               x15, 12(x2)         x15=0000006b  x2:10000fd8  PA:10000fe4
7359473ns          110190 1c00819e fef75ce3 bge              x14, x15, -8        x14:000000c7 x15:0000006b
7359533ns          110193 1c008196 00c12783 lw               x15, 12(x2)         x15=0000006b  x2:10000fd8  PA:10000fe4
7359572ns          110195 1c008198 00178793 addi             x15, x15, 1         x15=0000006c x15:0000006b
7359592ns          110196 1c00819a 00f12623 sw               x15, 12(x2)         x15:0000006c  x2:10000fd8  PA:10000fe4
7359612ns          110197 1c00819c 00c12783 lw               x15, 12(x2)         x15=0000006c  x2:10000fd8  PA:10000fe4
7359652ns          110199 1c00819e fef75ce3 bge              x14, x15, -8        x14:000000c7 x15:0000006c
7359712ns          110202 1c008196 00c12783 lw               x15, 12(x2)         x15=0000006c  x2:10000fd8  PA:10000fe4
7359751ns          110204 1c008198 00178793 addi             x15, x15, 1         x15=0000006d x15:0000006c
7359771ns          110205 1c00819a 00f12623 sw               x15, 12(x2)         x15:0000006d  x2:10000fd8  PA:10000fe4
7359791ns          110206 1c00819c 00c12783 lw               x15, 12(x2)         x15=0000006d  x2:10000fd8  PA:10000fe4
7359831ns          110208 1c00819e fef75ce3 bge              x14, x15, -8        x14:000000c7 x15:0000006d
7359891ns          110211 1c008196 00c12783 lw               x15, 12(x2)         x15=0000006d  x2:10000fd8  PA:10000fe4
7359930ns          110213 1c008198 00178793 addi             x15, x15, 1         x15=0000006e x15:0000006d
7359950ns          110214 1c00819a 00f12623 sw               x15, 12(x2)         x15:0000006e  x2:10000fd8  PA:10000fe4
7359970ns          110215 1c00819c 00c12783 lw               x15, 12(x2)         x15=0000006e  x2:10000fd8  PA:10000fe4
7360010ns          110217 1c00819e fef75ce3 bge              x14, x15, -8        x14:000000c7 x15:0000006e
7360070ns          110220 1c008196 00c12783 lw               x15, 12(x2)         x15=0000006e  x2:10000fd8  PA:10000fe4
7360109ns          110222 1c008198 00178793 addi             x15, x15, 1         x15=0000006f x15:0000006e
7360129ns          110223 1c00819a 00f12623 sw               x15, 12(x2)         x15:0000006f  x2:10000fd8  PA:10000fe4
7360149ns          110224 1c00819c 00c12783 lw               x15, 12(x2)         x15=0000006f  x2:10000fd8  PA:10000fe4
7360189ns          110226 1c00819e fef75ce3 bge              x14, x15, -8        x14:000000c7 x15:0000006f
7360249ns          110229 1c008196 00c12783 lw               x15, 12(x2)         x15=0000006f  x2:10000fd8  PA:10000fe4
7360288ns          110231 1c008198 00178793 addi             x15, x15, 1         x15=00000070 x15:0000006f
7360308ns          110232 1c00819a 00f12623 sw               x15, 12(x2)         x15:00000070  x2:10000fd8  PA:10000fe4
7360328ns          110233 1c00819c 00c12783 lw               x15, 12(x2)         x15=00000070  x2:10000fd8  PA:10000fe4
7360368ns          110235 1c00819e fef75ce3 bge              x14, x15, -8        x14:000000c7 x15:00000070
7360428ns          110238 1c008196 00c12783 lw               x15, 12(x2)         x15=00000070  x2:10000fd8  PA:10000fe4
7360467ns          110240 1c008198 00178793 addi             x15, x15, 1         x15=00000071 x15:00000070
7360487ns          110241 1c00819a 00f12623 sw               x15, 12(x2)         x15:00000071  x2:10000fd8  PA:10000fe4
7360507ns          110242 1c00819c 00c12783 lw               x15, 12(x2)         x15=00000071  x2:10000fd8  PA:10000fe4
7360547ns          110244 1c00819e fef75ce3 bge              x14, x15, -8        x14:000000c7 x15:00000071
7360607ns          110247 1c008196 00c12783 lw               x15, 12(x2)         x15=00000071  x2:10000fd8  PA:10000fe4
7360646ns          110249 1c008198 00178793 addi             x15, x15, 1         x15=00000072 x15:00000071
7360666ns          110250 1c00819a 00f12623 sw               x15, 12(x2)         x15:00000072  x2:10000fd8  PA:10000fe4
7360686ns          110251 1c00819c 00c12783 lw               x15, 12(x2)         x15=00000072  x2:10000fd8  PA:10000fe4
7360726ns          110253 1c00819e fef75ce3 bge              x14, x15, -8        x14:000000c7 x15:00000072
7360786ns          110256 1c008196 00c12783 lw               x15, 12(x2)         x15=00000072  x2:10000fd8  PA:10000fe4
7360825ns          110258 1c008198 00178793 addi             x15, x15, 1         x15=00000073 x15:00000072
7360845ns          110259 1c00819a 00f12623 sw               x15, 12(x2)         x15:00000073  x2:10000fd8  PA:10000fe4
7360865ns          110260 1c00819c 00c12783 lw               x15, 12(x2)         x15=00000073  x2:10000fd8  PA:10000fe4
7360905ns          110262 1c00819e fef75ce3 bge              x14, x15, -8        x14:000000c7 x15:00000073
7360965ns          110265 1c008196 00c12783 lw               x15, 12(x2)         x15=00000073  x2:10000fd8  PA:10000fe4
7361005ns          110267 1c008198 00178793 addi             x15, x15, 1         x15=00000074 x15:00000073
7361024ns          110268 1c00819a 00f12623 sw               x15, 12(x2)         x15:00000074  x2:10000fd8  PA:10000fe4
7361044ns          110269 1c00819c 00c12783 lw               x15, 12(x2)         x15=00000074  x2:10000fd8  PA:10000fe4
7361084ns          110271 1c00819e fef75ce3 bge              x14, x15, -8        x14:000000c7 x15:00000074
7361144ns          110274 1c008196 00c12783 lw               x15, 12(x2)         x15=00000074  x2:10000fd8  PA:10000fe4
7361184ns          110276 1c008198 00178793 addi             x15, x15, 1         x15=00000075 x15:00000074
7361203ns          110277 1c00819a 00f12623 sw               x15, 12(x2)         x15:00000075  x2:10000fd8  PA:10000fe4
7361223ns          110278 1c00819c 00c12783 lw               x15, 12(x2)         x15=00000075  x2:10000fd8  PA:10000fe4
7361263ns          110280 1c00819e fef75ce3 bge              x14, x15, -8        x14:000000c7 x15:00000075
7361323ns          110283 1c008196 00c12783 lw               x15, 12(x2)         x15=00000075  x2:10000fd8  PA:10000fe4
7361363ns          110285 1c008198 00178793 addi             x15, x15, 1         x15=00000076 x15:00000075
7361382ns          110286 1c00819a 00f12623 sw               x15, 12(x2)         x15:00000076  x2:10000fd8  PA:10000fe4
7361402ns          110287 1c00819c 00c12783 lw               x15, 12(x2)         x15=00000076  x2:10000fd8  PA:10000fe4
7361442ns          110289 1c00819e fef75ce3 bge              x14, x15, -8        x14:000000c7 x15:00000076
7361502ns          110292 1c008196 00c12783 lw               x15, 12(x2)         x15=00000076  x2:10000fd8  PA:10000fe4
7361542ns          110294 1c008198 00178793 addi             x15, x15, 1         x15=00000077 x15:00000076
7361561ns          110295 1c00819a 00f12623 sw               x15, 12(x2)         x15:00000077  x2:10000fd8  PA:10000fe4
7361581ns          110296 1c00819c 00c12783 lw               x15, 12(x2)         x15=00000077  x2:10000fd8  PA:10000fe4
7361621ns          110298 1c00819e fef75ce3 bge              x14, x15, -8        x14:000000c7 x15:00000077
7361681ns          110301 1c008196 00c12783 lw               x15, 12(x2)         x15=00000077  x2:10000fd8  PA:10000fe4
7361721ns          110303 1c008198 00178793 addi             x15, x15, 1         x15=00000078 x15:00000077
7361740ns          110304 1c00819a 00f12623 sw               x15, 12(x2)         x15:00000078  x2:10000fd8  PA:10000fe4
7361760ns          110305 1c00819c 00c12783 lw               x15, 12(x2)         x15=00000078  x2:10000fd8  PA:10000fe4
7361800ns          110307 1c00819e fef75ce3 bge              x14, x15, -8        x14:000000c7 x15:00000078
7361860ns          110310 1c008196 00c12783 lw               x15, 12(x2)         x15=00000078  x2:10000fd8  PA:10000fe4
7361900ns          110312 1c008198 00178793 addi             x15, x15, 1         x15=00000079 x15:00000078
7361919ns          110313 1c00819a 00f12623 sw               x15, 12(x2)         x15:00000079  x2:10000fd8  PA:10000fe4
7361939ns          110314 1c00819c 00c12783 lw               x15, 12(x2)         x15=00000079  x2:10000fd8  PA:10000fe4
7361979ns          110316 1c00819e fef75ce3 bge              x14, x15, -8        x14:000000c7 x15:00000079
7362039ns          110319 1c008196 00c12783 lw               x15, 12(x2)         x15=00000079  x2:10000fd8  PA:10000fe4
7362079ns          110321 1c008198 00178793 addi             x15, x15, 1         x15=0000007a x15:00000079
7362098ns          110322 1c00819a 00f12623 sw               x15, 12(x2)         x15:0000007a  x2:10000fd8  PA:10000fe4
7362118ns          110323 1c00819c 00c12783 lw               x15, 12(x2)         x15=0000007a  x2:10000fd8  PA:10000fe4
7362158ns          110325 1c00819e fef75ce3 bge              x14, x15, -8        x14:000000c7 x15:0000007a
7362218ns          110328 1c008196 00c12783 lw               x15, 12(x2)         x15=0000007a  x2:10000fd8  PA:10000fe4
7362258ns          110330 1c008198 00178793 addi             x15, x15, 1         x15=0000007b x15:0000007a
7362278ns          110331 1c00819a 00f12623 sw               x15, 12(x2)         x15:0000007b  x2:10000fd8  PA:10000fe4
7362297ns          110332 1c00819c 00c12783 lw               x15, 12(x2)         x15=0000007b  x2:10000fd8  PA:10000fe4
7362337ns          110334 1c00819e fef75ce3 bge              x14, x15, -8        x14:000000c7 x15:0000007b
7362397ns          110337 1c008196 00c12783 lw               x15, 12(x2)         x15=0000007b  x2:10000fd8  PA:10000fe4
7362437ns          110339 1c008198 00178793 addi             x15, x15, 1         x15=0000007c x15:0000007b
7362457ns          110340 1c00819a 00f12623 sw               x15, 12(x2)         x15:0000007c  x2:10000fd8  PA:10000fe4
7362476ns          110341 1c00819c 00c12783 lw               x15, 12(x2)         x15=0000007c  x2:10000fd8  PA:10000fe4
7362516ns          110343 1c00819e fef75ce3 bge              x14, x15, -8        x14:000000c7 x15:0000007c
7362576ns          110346 1c008196 00c12783 lw               x15, 12(x2)         x15=0000007c  x2:10000fd8  PA:10000fe4
7362616ns          110348 1c008198 00178793 addi             x15, x15, 1         x15=0000007d x15:0000007c
7362636ns          110349 1c00819a 00f12623 sw               x15, 12(x2)         x15:0000007d  x2:10000fd8  PA:10000fe4
7362655ns          110350 1c00819c 00c12783 lw               x15, 12(x2)         x15=0000007d  x2:10000fd8  PA:10000fe4
7362695ns          110352 1c00819e fef75ce3 bge              x14, x15, -8        x14:000000c7 x15:0000007d
7362755ns          110355 1c008196 00c12783 lw               x15, 12(x2)         x15=0000007d  x2:10000fd8  PA:10000fe4
7362795ns          110357 1c008198 00178793 addi             x15, x15, 1         x15=0000007e x15:0000007d
7362815ns          110358 1c00819a 00f12623 sw               x15, 12(x2)         x15:0000007e  x2:10000fd8  PA:10000fe4
7362834ns          110359 1c00819c 00c12783 lw               x15, 12(x2)         x15=0000007e  x2:10000fd8  PA:10000fe4
7362874ns          110361 1c00819e fef75ce3 bge              x14, x15, -8        x14:000000c7 x15:0000007e
7362934ns          110364 1c008196 00c12783 lw               x15, 12(x2)         x15=0000007e  x2:10000fd8  PA:10000fe4
7362974ns          110366 1c008198 00178793 addi             x15, x15, 1         x15=0000007f x15:0000007e
7362994ns          110367 1c00819a 00f12623 sw               x15, 12(x2)         x15:0000007f  x2:10000fd8  PA:10000fe4
7363013ns          110368 1c00819c 00c12783 lw               x15, 12(x2)         x15=0000007f  x2:10000fd8  PA:10000fe4
7363053ns          110370 1c00819e fef75ce3 bge              x14, x15, -8        x14:000000c7 x15:0000007f
7363113ns          110373 1c008196 00c12783 lw               x15, 12(x2)         x15=0000007f  x2:10000fd8  PA:10000fe4
7363153ns          110375 1c008198 00178793 addi             x15, x15, 1         x15=00000080 x15:0000007f
7363173ns          110376 1c00819a 00f12623 sw               x15, 12(x2)         x15:00000080  x2:10000fd8  PA:10000fe4
7363192ns          110377 1c00819c 00c12783 lw               x15, 12(x2)         x15=00000080  x2:10000fd8  PA:10000fe4
7363232ns          110379 1c00819e fef75ce3 bge              x14, x15, -8        x14:000000c7 x15:00000080
7363292ns          110382 1c008196 00c12783 lw               x15, 12(x2)         x15=00000080  x2:10000fd8  PA:10000fe4
7363332ns          110384 1c008198 00178793 addi             x15, x15, 1         x15=00000081 x15:00000080
7363352ns          110385 1c00819a 00f12623 sw               x15, 12(x2)         x15:00000081  x2:10000fd8  PA:10000fe4
7363372ns          110386 1c00819c 00c12783 lw               x15, 12(x2)         x15=00000081  x2:10000fd8  PA:10000fe4
7363411ns          110388 1c00819e fef75ce3 bge              x14, x15, -8        x14:000000c7 x15:00000081
7363471ns          110391 1c008196 00c12783 lw               x15, 12(x2)         x15=00000081  x2:10000fd8  PA:10000fe4
7363511ns          110393 1c008198 00178793 addi             x15, x15, 1         x15=00000082 x15:00000081
7363531ns          110394 1c00819a 00f12623 sw               x15, 12(x2)         x15:00000082  x2:10000fd8  PA:10000fe4
7363551ns          110395 1c00819c 00c12783 lw               x15, 12(x2)         x15=00000082  x2:10000fd8  PA:10000fe4
7363590ns          110397 1c00819e fef75ce3 bge              x14, x15, -8        x14:000000c7 x15:00000082
7363650ns          110400 1c008196 00c12783 lw               x15, 12(x2)         x15=00000082  x2:10000fd8  PA:10000fe4
7363690ns          110402 1c008198 00178793 addi             x15, x15, 1         x15=00000083 x15:00000082
7363710ns          110403 1c00819a 00f12623 sw               x15, 12(x2)         x15:00000083  x2:10000fd8  PA:10000fe4
7363730ns          110404 1c00819c 00c12783 lw               x15, 12(x2)         x15=00000083  x2:10000fd8  PA:10000fe4
7363769ns          110406 1c00819e fef75ce3 bge              x14, x15, -8        x14:000000c7 x15:00000083
7363829ns          110409 1c008196 00c12783 lw               x15, 12(x2)         x15=00000083  x2:10000fd8  PA:10000fe4
7363869ns          110411 1c008198 00178793 addi             x15, x15, 1         x15=00000084 x15:00000083
7363889ns          110412 1c00819a 00f12623 sw               x15, 12(x2)         x15:00000084  x2:10000fd8  PA:10000fe4
7363909ns          110413 1c00819c 00c12783 lw               x15, 12(x2)         x15=00000084  x2:10000fd8  PA:10000fe4
7363948ns          110415 1c00819e fef75ce3 bge              x14, x15, -8        x14:000000c7 x15:00000084
7364008ns          110418 1c008196 00c12783 lw               x15, 12(x2)         x15=00000084  x2:10000fd8  PA:10000fe4
7364048ns          110420 1c008198 00178793 addi             x15, x15, 1         x15=00000085 x15:00000084
7364068ns          110421 1c00819a 00f12623 sw               x15, 12(x2)         x15:00000085  x2:10000fd8  PA:10000fe4
7364088ns          110422 1c00819c 00c12783 lw               x15, 12(x2)         x15=00000085  x2:10000fd8  PA:10000fe4
7364127ns          110424 1c00819e fef75ce3 bge              x14, x15, -8        x14:000000c7 x15:00000085
7364187ns          110427 1c008196 00c12783 lw               x15, 12(x2)         x15=00000085  x2:10000fd8  PA:10000fe4
7364227ns          110429 1c008198 00178793 addi             x15, x15, 1         x15=00000086 x15:00000085
7364247ns          110430 1c00819a 00f12623 sw               x15, 12(x2)         x15:00000086  x2:10000fd8  PA:10000fe4
7364267ns          110431 1c00819c 00c12783 lw               x15, 12(x2)         x15=00000086  x2:10000fd8  PA:10000fe4
7364306ns          110433 1c00819e fef75ce3 bge              x14, x15, -8        x14:000000c7 x15:00000086
7364366ns          110436 1c008196 00c12783 lw               x15, 12(x2)         x15=00000086  x2:10000fd8  PA:10000fe4
7364406ns          110438 1c008198 00178793 addi             x15, x15, 1         x15=00000087 x15:00000086
7364426ns          110439 1c00819a 00f12623 sw               x15, 12(x2)         x15:00000087  x2:10000fd8  PA:10000fe4
7364446ns          110440 1c00819c 00c12783 lw               x15, 12(x2)         x15=00000087  x2:10000fd8  PA:10000fe4
7364485ns          110442 1c00819e fef75ce3 bge              x14, x15, -8        x14:000000c7 x15:00000087
7364545ns          110445 1c008196 00c12783 lw               x15, 12(x2)         x15=00000087  x2:10000fd8  PA:10000fe4
7364585ns          110447 1c008198 00178793 addi             x15, x15, 1         x15=00000088 x15:00000087
7364605ns          110448 1c00819a 00f12623 sw               x15, 12(x2)         x15:00000088  x2:10000fd8  PA:10000fe4
7364625ns          110449 1c00819c 00c12783 lw               x15, 12(x2)         x15=00000088  x2:10000fd8  PA:10000fe4
7364664ns          110451 1c00819e fef75ce3 bge              x14, x15, -8        x14:000000c7 x15:00000088
7364724ns          110454 1c008196 00c12783 lw               x15, 12(x2)         x15=00000088  x2:10000fd8  PA:10000fe4
7364764ns          110456 1c008198 00178793 addi             x15, x15, 1         x15=00000089 x15:00000088
7364784ns          110457 1c00819a 00f12623 sw               x15, 12(x2)         x15:00000089  x2:10000fd8  PA:10000fe4
7364804ns          110458 1c00819c 00c12783 lw               x15, 12(x2)         x15=00000089  x2:10000fd8  PA:10000fe4
7364843ns          110460 1c00819e fef75ce3 bge              x14, x15, -8        x14:000000c7 x15:00000089
7364903ns          110463 1c008196 00c12783 lw               x15, 12(x2)         x15=00000089  x2:10000fd8  PA:10000fe4
7364943ns          110465 1c008198 00178793 addi             x15, x15, 1         x15=0000008a x15:00000089
7364963ns          110466 1c00819a 00f12623 sw               x15, 12(x2)         x15:0000008a  x2:10000fd8  PA:10000fe4
7364983ns          110467 1c00819c 00c12783 lw               x15, 12(x2)         x15=0000008a  x2:10000fd8  PA:10000fe4
7365022ns          110469 1c00819e fef75ce3 bge              x14, x15, -8        x14:000000c7 x15:0000008a
7365082ns          110472 1c008196 00c12783 lw               x15, 12(x2)         x15=0000008a  x2:10000fd8  PA:10000fe4
7365122ns          110474 1c008198 00178793 addi             x15, x15, 1         x15=0000008b x15:0000008a
7365142ns          110475 1c00819a 00f12623 sw               x15, 12(x2)         x15:0000008b  x2:10000fd8  PA:10000fe4
7365162ns          110476 1c00819c 00c12783 lw               x15, 12(x2)         x15=0000008b  x2:10000fd8  PA:10000fe4
7365201ns          110478 1c00819e fef75ce3 bge              x14, x15, -8        x14:000000c7 x15:0000008b
7365261ns          110481 1c008196 00c12783 lw               x15, 12(x2)         x15=0000008b  x2:10000fd8  PA:10000fe4
7365301ns          110483 1c008198 00178793 addi             x15, x15, 1         x15=0000008c x15:0000008b
7365321ns          110484 1c00819a 00f12623 sw               x15, 12(x2)         x15:0000008c  x2:10000fd8  PA:10000fe4
7365341ns          110485 1c00819c 00c12783 lw               x15, 12(x2)         x15=0000008c  x2:10000fd8  PA:10000fe4
7365380ns          110487 1c00819e fef75ce3 bge              x14, x15, -8        x14:000000c7 x15:0000008c
7365440ns          110490 1c008196 00c12783 lw               x15, 12(x2)         x15=0000008c  x2:10000fd8  PA:10000fe4
7365480ns          110492 1c008198 00178793 addi             x15, x15, 1         x15=0000008d x15:0000008c
7365500ns          110493 1c00819a 00f12623 sw               x15, 12(x2)         x15:0000008d  x2:10000fd8  PA:10000fe4
7365520ns          110494 1c00819c 00c12783 lw               x15, 12(x2)         x15=0000008d  x2:10000fd8  PA:10000fe4
7365559ns          110496 1c00819e fef75ce3 bge              x14, x15, -8        x14:000000c7 x15:0000008d
7365619ns          110499 1c008196 00c12783 lw               x15, 12(x2)         x15=0000008d  x2:10000fd8  PA:10000fe4
7365659ns          110501 1c008198 00178793 addi             x15, x15, 1         x15=0000008e x15:0000008d
7365679ns          110502 1c00819a 00f12623 sw               x15, 12(x2)         x15:0000008e  x2:10000fd8  PA:10000fe4
7365699ns          110503 1c00819c 00c12783 lw               x15, 12(x2)         x15=0000008e  x2:10000fd8  PA:10000fe4
7365739ns          110505 1c00819e fef75ce3 bge              x14, x15, -8        x14:000000c7 x15:0000008e
7365798ns          110508 1c008196 00c12783 lw               x15, 12(x2)         x15=0000008e  x2:10000fd8  PA:10000fe4
7365838ns          110510 1c008198 00178793 addi             x15, x15, 1         x15=0000008f x15:0000008e
7365858ns          110511 1c00819a 00f12623 sw               x15, 12(x2)         x15:0000008f  x2:10000fd8  PA:10000fe4
7365878ns          110512 1c00819c 00c12783 lw               x15, 12(x2)         x15=0000008f  x2:10000fd8  PA:10000fe4
7365918ns          110514 1c00819e fef75ce3 bge              x14, x15, -8        x14:000000c7 x15:0000008f
7365977ns          110517 1c008196 00c12783 lw               x15, 12(x2)         x15=0000008f  x2:10000fd8  PA:10000fe4
7366017ns          110519 1c008198 00178793 addi             x15, x15, 1         x15=00000090 x15:0000008f
7366037ns          110520 1c00819a 00f12623 sw               x15, 12(x2)         x15:00000090  x2:10000fd8  PA:10000fe4
7366057ns          110521 1c00819c 00c12783 lw               x15, 12(x2)         x15=00000090  x2:10000fd8  PA:10000fe4
7366097ns          110523 1c00819e fef75ce3 bge              x14, x15, -8        x14:000000c7 x15:00000090
7366156ns          110526 1c008196 00c12783 lw               x15, 12(x2)         x15=00000090  x2:10000fd8  PA:10000fe4
7366196ns          110528 1c008198 00178793 addi             x15, x15, 1         x15=00000091 x15:00000090
7366216ns          110529 1c00819a 00f12623 sw               x15, 12(x2)         x15:00000091  x2:10000fd8  PA:10000fe4
7366236ns          110530 1c00819c 00c12783 lw               x15, 12(x2)         x15=00000091  x2:10000fd8  PA:10000fe4
7366276ns          110532 1c00819e fef75ce3 bge              x14, x15, -8        x14:000000c7 x15:00000091
7366335ns          110535 1c008196 00c12783 lw               x15, 12(x2)         x15=00000091  x2:10000fd8  PA:10000fe4
7366375ns          110537 1c008198 00178793 addi             x15, x15, 1         x15=00000092 x15:00000091
7366395ns          110538 1c00819a 00f12623 sw               x15, 12(x2)         x15:00000092  x2:10000fd8  PA:10000fe4
7366415ns          110539 1c00819c 00c12783 lw               x15, 12(x2)         x15=00000092  x2:10000fd8  PA:10000fe4
7366455ns          110541 1c00819e fef75ce3 bge              x14, x15, -8        x14:000000c7 x15:00000092
7366514ns          110544 1c008196 00c12783 lw               x15, 12(x2)         x15=00000092  x2:10000fd8  PA:10000fe4
7366554ns          110546 1c008198 00178793 addi             x15, x15, 1         x15=00000093 x15:00000092
7366574ns          110547 1c00819a 00f12623 sw               x15, 12(x2)         x15:00000093  x2:10000fd8  PA:10000fe4
7366594ns          110548 1c00819c 00c12783 lw               x15, 12(x2)         x15=00000093  x2:10000fd8  PA:10000fe4
7366634ns          110550 1c00819e fef75ce3 bge              x14, x15, -8        x14:000000c7 x15:00000093
7366693ns          110553 1c008196 00c12783 lw               x15, 12(x2)         x15=00000093  x2:10000fd8  PA:10000fe4
7366733ns          110555 1c008198 00178793 addi             x15, x15, 1         x15=00000094 x15:00000093
7366753ns          110556 1c00819a 00f12623 sw               x15, 12(x2)         x15:00000094  x2:10000fd8  PA:10000fe4
7366773ns          110557 1c00819c 00c12783 lw               x15, 12(x2)         x15=00000094  x2:10000fd8  PA:10000fe4
7366813ns          110559 1c00819e fef75ce3 bge              x14, x15, -8        x14:000000c7 x15:00000094
7366872ns          110562 1c008196 00c12783 lw               x15, 12(x2)         x15=00000094  x2:10000fd8  PA:10000fe4
7366912ns          110564 1c008198 00178793 addi             x15, x15, 1         x15=00000095 x15:00000094
7366932ns          110565 1c00819a 00f12623 sw               x15, 12(x2)         x15:00000095  x2:10000fd8  PA:10000fe4
7366952ns          110566 1c00819c 00c12783 lw               x15, 12(x2)         x15=00000095  x2:10000fd8  PA:10000fe4
7366992ns          110568 1c00819e fef75ce3 bge              x14, x15, -8        x14:000000c7 x15:00000095
7367051ns          110571 1c008196 00c12783 lw               x15, 12(x2)         x15=00000095  x2:10000fd8  PA:10000fe4
7367091ns          110573 1c008198 00178793 addi             x15, x15, 1         x15=00000096 x15:00000095
7367111ns          110574 1c00819a 00f12623 sw               x15, 12(x2)         x15:00000096  x2:10000fd8  PA:10000fe4
7367131ns          110575 1c00819c 00c12783 lw               x15, 12(x2)         x15=00000096  x2:10000fd8  PA:10000fe4
7367171ns          110577 1c00819e fef75ce3 bge              x14, x15, -8        x14:000000c7 x15:00000096
7367230ns          110580 1c008196 00c12783 lw               x15, 12(x2)         x15=00000096  x2:10000fd8  PA:10000fe4
7367270ns          110582 1c008198 00178793 addi             x15, x15, 1         x15=00000097 x15:00000096
7367290ns          110583 1c00819a 00f12623 sw               x15, 12(x2)         x15:00000097  x2:10000fd8  PA:10000fe4
7367310ns          110584 1c00819c 00c12783 lw               x15, 12(x2)         x15=00000097  x2:10000fd8  PA:10000fe4
7367350ns          110586 1c00819e fef75ce3 bge              x14, x15, -8        x14:000000c7 x15:00000097
7367409ns          110589 1c008196 00c12783 lw               x15, 12(x2)         x15=00000097  x2:10000fd8  PA:10000fe4
7367449ns          110591 1c008198 00178793 addi             x15, x15, 1         x15=00000098 x15:00000097
7367469ns          110592 1c00819a 00f12623 sw               x15, 12(x2)         x15:00000098  x2:10000fd8  PA:10000fe4
7367489ns          110593 1c00819c 00c12783 lw               x15, 12(x2)         x15=00000098  x2:10000fd8  PA:10000fe4
7367529ns          110595 1c00819e fef75ce3 bge              x14, x15, -8        x14:000000c7 x15:00000098
7367588ns          110598 1c008196 00c12783 lw               x15, 12(x2)         x15=00000098  x2:10000fd8  PA:10000fe4
7367628ns          110600 1c008198 00178793 addi             x15, x15, 1         x15=00000099 x15:00000098
7367648ns          110601 1c00819a 00f12623 sw               x15, 12(x2)         x15:00000099  x2:10000fd8  PA:10000fe4
7367668ns          110602 1c00819c 00c12783 lw               x15, 12(x2)         x15=00000099  x2:10000fd8  PA:10000fe4
7367708ns          110604 1c00819e fef75ce3 bge              x14, x15, -8        x14:000000c7 x15:00000099
7367767ns          110607 1c008196 00c12783 lw               x15, 12(x2)         x15=00000099  x2:10000fd8  PA:10000fe4
7367807ns          110609 1c008198 00178793 addi             x15, x15, 1         x15=0000009a x15:00000099
7367827ns          110610 1c00819a 00f12623 sw               x15, 12(x2)         x15:0000009a  x2:10000fd8  PA:10000fe4
7367847ns          110611 1c00819c 00c12783 lw               x15, 12(x2)         x15=0000009a  x2:10000fd8  PA:10000fe4
7367887ns          110613 1c00819e fef75ce3 bge              x14, x15, -8        x14:000000c7 x15:0000009a
7367946ns          110616 1c008196 00c12783 lw               x15, 12(x2)         x15=0000009a  x2:10000fd8  PA:10000fe4
7367986ns          110618 1c008198 00178793 addi             x15, x15, 1         x15=0000009b x15:0000009a
7368006ns          110619 1c00819a 00f12623 sw               x15, 12(x2)         x15:0000009b  x2:10000fd8  PA:10000fe4
7368026ns          110620 1c00819c 00c12783 lw               x15, 12(x2)         x15=0000009b  x2:10000fd8  PA:10000fe4
7368066ns          110622 1c00819e fef75ce3 bge              x14, x15, -8        x14:000000c7 x15:0000009b
7368125ns          110625 1c008196 00c12783 lw               x15, 12(x2)         x15=0000009b  x2:10000fd8  PA:10000fe4
7368165ns          110627 1c008198 00178793 addi             x15, x15, 1         x15=0000009c x15:0000009b
7368185ns          110628 1c00819a 00f12623 sw               x15, 12(x2)         x15:0000009c  x2:10000fd8  PA:10000fe4
7368205ns          110629 1c00819c 00c12783 lw               x15, 12(x2)         x15=0000009c  x2:10000fd8  PA:10000fe4
7368245ns          110631 1c00819e fef75ce3 bge              x14, x15, -8        x14:000000c7 x15:0000009c
7368304ns          110634 1c008196 00c12783 lw               x15, 12(x2)         x15=0000009c  x2:10000fd8  PA:10000fe4
7368344ns          110636 1c008198 00178793 addi             x15, x15, 1         x15=0000009d x15:0000009c
7368364ns          110637 1c00819a 00f12623 sw               x15, 12(x2)         x15:0000009d  x2:10000fd8  PA:10000fe4
7368384ns          110638 1c00819c 00c12783 lw               x15, 12(x2)         x15=0000009d  x2:10000fd8  PA:10000fe4
7368424ns          110640 1c00819e fef75ce3 bge              x14, x15, -8        x14:000000c7 x15:0000009d
7368483ns          110643 1c008196 00c12783 lw               x15, 12(x2)         x15=0000009d  x2:10000fd8  PA:10000fe4
7368523ns          110645 1c008198 00178793 addi             x15, x15, 1         x15=0000009e x15:0000009d
7368543ns          110646 1c00819a 00f12623 sw               x15, 12(x2)         x15:0000009e  x2:10000fd8  PA:10000fe4
7368563ns          110647 1c00819c 00c12783 lw               x15, 12(x2)         x15=0000009e  x2:10000fd8  PA:10000fe4
7368603ns          110649 1c00819e fef75ce3 bge              x14, x15, -8        x14:000000c7 x15:0000009e
7368662ns          110652 1c008196 00c12783 lw               x15, 12(x2)         x15=0000009e  x2:10000fd8  PA:10000fe4
7368702ns          110654 1c008198 00178793 addi             x15, x15, 1         x15=0000009f x15:0000009e
7368722ns          110655 1c00819a 00f12623 sw               x15, 12(x2)         x15:0000009f  x2:10000fd8  PA:10000fe4
7368742ns          110656 1c00819c 00c12783 lw               x15, 12(x2)         x15=0000009f  x2:10000fd8  PA:10000fe4
7368782ns          110658 1c00819e fef75ce3 bge              x14, x15, -8        x14:000000c7 x15:0000009f
7368841ns          110661 1c008196 00c12783 lw               x15, 12(x2)         x15=0000009f  x2:10000fd8  PA:10000fe4
7368881ns          110663 1c008198 00178793 addi             x15, x15, 1         x15=000000a0 x15:0000009f
7368901ns          110664 1c00819a 00f12623 sw               x15, 12(x2)         x15:000000a0  x2:10000fd8  PA:10000fe4
7368921ns          110665 1c00819c 00c12783 lw               x15, 12(x2)         x15=000000a0  x2:10000fd8  PA:10000fe4
7368961ns          110667 1c00819e fef75ce3 bge              x14, x15, -8        x14:000000c7 x15:000000a0
7369020ns          110670 1c008196 00c12783 lw               x15, 12(x2)         x15=000000a0  x2:10000fd8  PA:10000fe4
7369060ns          110672 1c008198 00178793 addi             x15, x15, 1         x15=000000a1 x15:000000a0
7369080ns          110673 1c00819a 00f12623 sw               x15, 12(x2)         x15:000000a1  x2:10000fd8  PA:10000fe4
7369100ns          110674 1c00819c 00c12783 lw               x15, 12(x2)         x15=000000a1  x2:10000fd8  PA:10000fe4
7369140ns          110676 1c00819e fef75ce3 bge              x14, x15, -8        x14:000000c7 x15:000000a1
7369199ns          110679 1c008196 00c12783 lw               x15, 12(x2)         x15=000000a1  x2:10000fd8  PA:10000fe4
7369239ns          110681 1c008198 00178793 addi             x15, x15, 1         x15=000000a2 x15:000000a1
7369259ns          110682 1c00819a 00f12623 sw               x15, 12(x2)         x15:000000a2  x2:10000fd8  PA:10000fe4
7369279ns          110683 1c00819c 00c12783 lw               x15, 12(x2)         x15=000000a2  x2:10000fd8  PA:10000fe4
7369319ns          110685 1c00819e fef75ce3 bge              x14, x15, -8        x14:000000c7 x15:000000a2
7369379ns          110688 1c008196 00c12783 lw               x15, 12(x2)         x15=000000a2  x2:10000fd8  PA:10000fe4
7369418ns          110690 1c008198 00178793 addi             x15, x15, 1         x15=000000a3 x15:000000a2
7369438ns          110691 1c00819a 00f12623 sw               x15, 12(x2)         x15:000000a3  x2:10000fd8  PA:10000fe4
7369458ns          110692 1c00819c 00c12783 lw               x15, 12(x2)         x15=000000a3  x2:10000fd8  PA:10000fe4
7369498ns          110694 1c00819e fef75ce3 bge              x14, x15, -8        x14:000000c7 x15:000000a3
7369558ns          110697 1c008196 00c12783 lw               x15, 12(x2)         x15=000000a3  x2:10000fd8  PA:10000fe4
7369597ns          110699 1c008198 00178793 addi             x15, x15, 1         x15=000000a4 x15:000000a3
7369617ns          110700 1c00819a 00f12623 sw               x15, 12(x2)         x15:000000a4  x2:10000fd8  PA:10000fe4
7369637ns          110701 1c00819c 00c12783 lw               x15, 12(x2)         x15=000000a4  x2:10000fd8  PA:10000fe4
7369677ns          110703 1c00819e fef75ce3 bge              x14, x15, -8        x14:000000c7 x15:000000a4
7369737ns          110706 1c008196 00c12783 lw               x15, 12(x2)         x15=000000a4  x2:10000fd8  PA:10000fe4
7369776ns          110708 1c008198 00178793 addi             x15, x15, 1         x15=000000a5 x15:000000a4
7369796ns          110709 1c00819a 00f12623 sw               x15, 12(x2)         x15:000000a5  x2:10000fd8  PA:10000fe4
7369816ns          110710 1c00819c 00c12783 lw               x15, 12(x2)         x15=000000a5  x2:10000fd8  PA:10000fe4
7369856ns          110712 1c00819e fef75ce3 bge              x14, x15, -8        x14:000000c7 x15:000000a5
7369916ns          110715 1c008196 00c12783 lw               x15, 12(x2)         x15=000000a5  x2:10000fd8  PA:10000fe4
7369955ns          110717 1c008198 00178793 addi             x15, x15, 1         x15=000000a6 x15:000000a5
7369975ns          110718 1c00819a 00f12623 sw               x15, 12(x2)         x15:000000a6  x2:10000fd8  PA:10000fe4
7369995ns          110719 1c00819c 00c12783 lw               x15, 12(x2)         x15=000000a6  x2:10000fd8  PA:10000fe4
7370035ns          110721 1c00819e fef75ce3 bge              x14, x15, -8        x14:000000c7 x15:000000a6
7370095ns          110724 1c008196 00c12783 lw               x15, 12(x2)         x15=000000a6  x2:10000fd8  PA:10000fe4
7370134ns          110726 1c008198 00178793 addi             x15, x15, 1         x15=000000a7 x15:000000a6
7370154ns          110727 1c00819a 00f12623 sw               x15, 12(x2)         x15:000000a7  x2:10000fd8  PA:10000fe4
7370174ns          110728 1c00819c 00c12783 lw               x15, 12(x2)         x15=000000a7  x2:10000fd8  PA:10000fe4
7370214ns          110730 1c00819e fef75ce3 bge              x14, x15, -8        x14:000000c7 x15:000000a7
7370274ns          110733 1c008196 00c12783 lw               x15, 12(x2)         x15=000000a7  x2:10000fd8  PA:10000fe4
7370313ns          110735 1c008198 00178793 addi             x15, x15, 1         x15=000000a8 x15:000000a7
7370333ns          110736 1c00819a 00f12623 sw               x15, 12(x2)         x15:000000a8  x2:10000fd8  PA:10000fe4
7370353ns          110737 1c00819c 00c12783 lw               x15, 12(x2)         x15=000000a8  x2:10000fd8  PA:10000fe4
7370393ns          110739 1c00819e fef75ce3 bge              x14, x15, -8        x14:000000c7 x15:000000a8
7370453ns          110742 1c008196 00c12783 lw               x15, 12(x2)         x15=000000a8  x2:10000fd8  PA:10000fe4
7370492ns          110744 1c008198 00178793 addi             x15, x15, 1         x15=000000a9 x15:000000a8
7370512ns          110745 1c00819a 00f12623 sw               x15, 12(x2)         x15:000000a9  x2:10000fd8  PA:10000fe4
7370532ns          110746 1c00819c 00c12783 lw               x15, 12(x2)         x15=000000a9  x2:10000fd8  PA:10000fe4
7370572ns          110748 1c00819e fef75ce3 bge              x14, x15, -8        x14:000000c7 x15:000000a9
7370632ns          110751 1c008196 00c12783 lw               x15, 12(x2)         x15=000000a9  x2:10000fd8  PA:10000fe4
7370671ns          110753 1c008198 00178793 addi             x15, x15, 1         x15=000000aa x15:000000a9
7370691ns          110754 1c00819a 00f12623 sw               x15, 12(x2)         x15:000000aa  x2:10000fd8  PA:10000fe4
7370711ns          110755 1c00819c 00c12783 lw               x15, 12(x2)         x15=000000aa  x2:10000fd8  PA:10000fe4
7370751ns          110757 1c00819e fef75ce3 bge              x14, x15, -8        x14:000000c7 x15:000000aa
7370811ns          110760 1c008196 00c12783 lw               x15, 12(x2)         x15=000000aa  x2:10000fd8  PA:10000fe4
7370850ns          110762 1c008198 00178793 addi             x15, x15, 1         x15=000000ab x15:000000aa
7370870ns          110763 1c00819a 00f12623 sw               x15, 12(x2)         x15:000000ab  x2:10000fd8  PA:10000fe4
7370890ns          110764 1c00819c 00c12783 lw               x15, 12(x2)         x15=000000ab  x2:10000fd8  PA:10000fe4
7370930ns          110766 1c00819e fef75ce3 bge              x14, x15, -8        x14:000000c7 x15:000000ab
7370990ns          110769 1c008196 00c12783 lw               x15, 12(x2)         x15=000000ab  x2:10000fd8  PA:10000fe4
7371029ns          110771 1c008198 00178793 addi             x15, x15, 1         x15=000000ac x15:000000ab
7371049ns          110772 1c00819a 00f12623 sw               x15, 12(x2)         x15:000000ac  x2:10000fd8  PA:10000fe4
7371069ns          110773 1c00819c 00c12783 lw               x15, 12(x2)         x15=000000ac  x2:10000fd8  PA:10000fe4
7371109ns          110775 1c00819e fef75ce3 bge              x14, x15, -8        x14:000000c7 x15:000000ac
7371169ns          110778 1c008196 00c12783 lw               x15, 12(x2)         x15=000000ac  x2:10000fd8  PA:10000fe4
7371208ns          110780 1c008198 00178793 addi             x15, x15, 1         x15=000000ad x15:000000ac
7371228ns          110781 1c00819a 00f12623 sw               x15, 12(x2)         x15:000000ad  x2:10000fd8  PA:10000fe4
7371248ns          110782 1c00819c 00c12783 lw               x15, 12(x2)         x15=000000ad  x2:10000fd8  PA:10000fe4
7371288ns          110784 1c00819e fef75ce3 bge              x14, x15, -8        x14:000000c7 x15:000000ad
7371348ns          110787 1c008196 00c12783 lw               x15, 12(x2)         x15=000000ad  x2:10000fd8  PA:10000fe4
7371387ns          110789 1c008198 00178793 addi             x15, x15, 1         x15=000000ae x15:000000ad
7371407ns          110790 1c00819a 00f12623 sw               x15, 12(x2)         x15:000000ae  x2:10000fd8  PA:10000fe4
7371427ns          110791 1c00819c 00c12783 lw               x15, 12(x2)         x15=000000ae  x2:10000fd8  PA:10000fe4
7371467ns          110793 1c00819e fef75ce3 bge              x14, x15, -8        x14:000000c7 x15:000000ae
7371527ns          110796 1c008196 00c12783 lw               x15, 12(x2)         x15=000000ae  x2:10000fd8  PA:10000fe4
7371566ns          110798 1c008198 00178793 addi             x15, x15, 1         x15=000000af x15:000000ae
7371586ns          110799 1c00819a 00f12623 sw               x15, 12(x2)         x15:000000af  x2:10000fd8  PA:10000fe4
7371606ns          110800 1c00819c 00c12783 lw               x15, 12(x2)         x15=000000af  x2:10000fd8  PA:10000fe4
7371646ns          110802 1c00819e fef75ce3 bge              x14, x15, -8        x14:000000c7 x15:000000af
7371706ns          110805 1c008196 00c12783 lw               x15, 12(x2)         x15=000000af  x2:10000fd8  PA:10000fe4
7371746ns          110807 1c008198 00178793 addi             x15, x15, 1         x15=000000b0 x15:000000af
7371765ns          110808 1c00819a 00f12623 sw               x15, 12(x2)         x15:000000b0  x2:10000fd8  PA:10000fe4
7371785ns          110809 1c00819c 00c12783 lw               x15, 12(x2)         x15=000000b0  x2:10000fd8  PA:10000fe4
7371825ns          110811 1c00819e fef75ce3 bge              x14, x15, -8        x14:000000c7 x15:000000b0
7371885ns          110814 1c008196 00c12783 lw               x15, 12(x2)         x15=000000b0  x2:10000fd8  PA:10000fe4
7371925ns          110816 1c008198 00178793 addi             x15, x15, 1         x15=000000b1 x15:000000b0
7371944ns          110817 1c00819a 00f12623 sw               x15, 12(x2)         x15:000000b1  x2:10000fd8  PA:10000fe4
7371964ns          110818 1c00819c 00c12783 lw               x15, 12(x2)         x15=000000b1  x2:10000fd8  PA:10000fe4
7372004ns          110820 1c00819e fef75ce3 bge              x14, x15, -8        x14:000000c7 x15:000000b1
7372064ns          110823 1c008196 00c12783 lw               x15, 12(x2)         x15=000000b1  x2:10000fd8  PA:10000fe4
7372104ns          110825 1c008198 00178793 addi             x15, x15, 1         x15=000000b2 x15:000000b1
7372123ns          110826 1c00819a 00f12623 sw               x15, 12(x2)         x15:000000b2  x2:10000fd8  PA:10000fe4
7372143ns          110827 1c00819c 00c12783 lw               x15, 12(x2)         x15=000000b2  x2:10000fd8  PA:10000fe4
7372183ns          110829 1c00819e fef75ce3 bge              x14, x15, -8        x14:000000c7 x15:000000b2
7372243ns          110832 1c008196 00c12783 lw               x15, 12(x2)         x15=000000b2  x2:10000fd8  PA:10000fe4
7372283ns          110834 1c008198 00178793 addi             x15, x15, 1         x15=000000b3 x15:000000b2
7372302ns          110835 1c00819a 00f12623 sw               x15, 12(x2)         x15:000000b3  x2:10000fd8  PA:10000fe4
7372322ns          110836 1c00819c 00c12783 lw               x15, 12(x2)         x15=000000b3  x2:10000fd8  PA:10000fe4
7372362ns          110838 1c00819e fef75ce3 bge              x14, x15, -8        x14:000000c7 x15:000000b3
7372422ns          110841 1c008196 00c12783 lw               x15, 12(x2)         x15=000000b3  x2:10000fd8  PA:10000fe4
7372462ns          110843 1c008198 00178793 addi             x15, x15, 1         x15=000000b4 x15:000000b3
7372481ns          110844 1c00819a 00f12623 sw               x15, 12(x2)         x15:000000b4  x2:10000fd8  PA:10000fe4
7372501ns          110845 1c00819c 00c12783 lw               x15, 12(x2)         x15=000000b4  x2:10000fd8  PA:10000fe4
7372541ns          110847 1c00819e fef75ce3 bge              x14, x15, -8        x14:000000c7 x15:000000b4
7372601ns          110850 1c008196 00c12783 lw               x15, 12(x2)         x15=000000b4  x2:10000fd8  PA:10000fe4
7372641ns          110852 1c008198 00178793 addi             x15, x15, 1         x15=000000b5 x15:000000b4
7372660ns          110853 1c00819a 00f12623 sw               x15, 12(x2)         x15:000000b5  x2:10000fd8  PA:10000fe4
7372680ns          110854 1c00819c 00c12783 lw               x15, 12(x2)         x15=000000b5  x2:10000fd8  PA:10000fe4
7372720ns          110856 1c00819e fef75ce3 bge              x14, x15, -8        x14:000000c7 x15:000000b5
7372780ns          110859 1c008196 00c12783 lw               x15, 12(x2)         x15=000000b5  x2:10000fd8  PA:10000fe4
7372820ns          110861 1c008198 00178793 addi             x15, x15, 1         x15=000000b6 x15:000000b5
7372839ns          110862 1c00819a 00f12623 sw               x15, 12(x2)         x15:000000b6  x2:10000fd8  PA:10000fe4
7372859ns          110863 1c00819c 00c12783 lw               x15, 12(x2)         x15=000000b6  x2:10000fd8  PA:10000fe4
7372899ns          110865 1c00819e fef75ce3 bge              x14, x15, -8        x14:000000c7 x15:000000b6
7372959ns          110868 1c008196 00c12783 lw               x15, 12(x2)         x15=000000b6  x2:10000fd8  PA:10000fe4
7372999ns          110870 1c008198 00178793 addi             x15, x15, 1         x15=000000b7 x15:000000b6
7373019ns          110871 1c00819a 00f12623 sw               x15, 12(x2)         x15:000000b7  x2:10000fd8  PA:10000fe4
7373038ns          110872 1c00819c 00c12783 lw               x15, 12(x2)         x15=000000b7  x2:10000fd8  PA:10000fe4
7373078ns          110874 1c00819e fef75ce3 bge              x14, x15, -8        x14:000000c7 x15:000000b7
7373138ns          110877 1c008196 00c12783 lw               x15, 12(x2)         x15=000000b7  x2:10000fd8  PA:10000fe4
7373178ns          110879 1c008198 00178793 addi             x15, x15, 1         x15=000000b8 x15:000000b7
7373198ns          110880 1c00819a 00f12623 sw               x15, 12(x2)         x15:000000b8  x2:10000fd8  PA:10000fe4
7373217ns          110881 1c00819c 00c12783 lw               x15, 12(x2)         x15=000000b8  x2:10000fd8  PA:10000fe4
7373257ns          110883 1c00819e fef75ce3 bge              x14, x15, -8        x14:000000c7 x15:000000b8
7373317ns          110886 1c008196 00c12783 lw               x15, 12(x2)         x15=000000b8  x2:10000fd8  PA:10000fe4
7373357ns          110888 1c008198 00178793 addi             x15, x15, 1         x15=000000b9 x15:000000b8
7373377ns          110889 1c00819a 00f12623 sw               x15, 12(x2)         x15:000000b9  x2:10000fd8  PA:10000fe4
7373396ns          110890 1c00819c 00c12783 lw               x15, 12(x2)         x15=000000b9  x2:10000fd8  PA:10000fe4
7373436ns          110892 1c00819e fef75ce3 bge              x14, x15, -8        x14:000000c7 x15:000000b9
7373496ns          110895 1c008196 00c12783 lw               x15, 12(x2)         x15=000000b9  x2:10000fd8  PA:10000fe4
7373536ns          110897 1c008198 00178793 addi             x15, x15, 1         x15=000000ba x15:000000b9
7373556ns          110898 1c00819a 00f12623 sw               x15, 12(x2)         x15:000000ba  x2:10000fd8  PA:10000fe4
7373575ns          110899 1c00819c 00c12783 lw               x15, 12(x2)         x15=000000ba  x2:10000fd8  PA:10000fe4
7373615ns          110901 1c00819e fef75ce3 bge              x14, x15, -8        x14:000000c7 x15:000000ba
7373675ns          110904 1c008196 00c12783 lw               x15, 12(x2)         x15=000000ba  x2:10000fd8  PA:10000fe4
7373715ns          110906 1c008198 00178793 addi             x15, x15, 1         x15=000000bb x15:000000ba
7373735ns          110907 1c00819a 00f12623 sw               x15, 12(x2)         x15:000000bb  x2:10000fd8  PA:10000fe4
7373754ns          110908 1c00819c 00c12783 lw               x15, 12(x2)         x15=000000bb  x2:10000fd8  PA:10000fe4
7373794ns          110910 1c00819e fef75ce3 bge              x14, x15, -8        x14:000000c7 x15:000000bb
7373854ns          110913 1c008196 00c12783 lw               x15, 12(x2)         x15=000000bb  x2:10000fd8  PA:10000fe4
7373894ns          110915 1c008198 00178793 addi             x15, x15, 1         x15=000000bc x15:000000bb
7373914ns          110916 1c00819a 00f12623 sw               x15, 12(x2)         x15:000000bc  x2:10000fd8  PA:10000fe4
7373933ns          110917 1c00819c 00c12783 lw               x15, 12(x2)         x15=000000bc  x2:10000fd8  PA:10000fe4
7373973ns          110919 1c00819e fef75ce3 bge              x14, x15, -8        x14:000000c7 x15:000000bc
7374033ns          110922 1c008196 00c12783 lw               x15, 12(x2)         x15=000000bc  x2:10000fd8  PA:10000fe4
7374073ns          110924 1c008198 00178793 addi             x15, x15, 1         x15=000000bd x15:000000bc
7374093ns          110925 1c00819a 00f12623 sw               x15, 12(x2)         x15:000000bd  x2:10000fd8  PA:10000fe4
7374113ns          110926 1c00819c 00c12783 lw               x15, 12(x2)         x15=000000bd  x2:10000fd8  PA:10000fe4
7374152ns          110928 1c00819e fef75ce3 bge              x14, x15, -8        x14:000000c7 x15:000000bd
7374212ns          110931 1c008196 00c12783 lw               x15, 12(x2)         x15=000000bd  x2:10000fd8  PA:10000fe4
7374252ns          110933 1c008198 00178793 addi             x15, x15, 1         x15=000000be x15:000000bd
7374272ns          110934 1c00819a 00f12623 sw               x15, 12(x2)         x15:000000be  x2:10000fd8  PA:10000fe4
7374292ns          110935 1c00819c 00c12783 lw               x15, 12(x2)         x15=000000be  x2:10000fd8  PA:10000fe4
7374331ns          110937 1c00819e fef75ce3 bge              x14, x15, -8        x14:000000c7 x15:000000be
7374391ns          110940 1c008196 00c12783 lw               x15, 12(x2)         x15=000000be  x2:10000fd8  PA:10000fe4
7374431ns          110942 1c008198 00178793 addi             x15, x15, 1         x15=000000bf x15:000000be
7374451ns          110943 1c00819a 00f12623 sw               x15, 12(x2)         x15:000000bf  x2:10000fd8  PA:10000fe4
7374471ns          110944 1c00819c 00c12783 lw               x15, 12(x2)         x15=000000bf  x2:10000fd8  PA:10000fe4
7374510ns          110946 1c00819e fef75ce3 bge              x14, x15, -8        x14:000000c7 x15:000000bf
7374570ns          110949 1c008196 00c12783 lw               x15, 12(x2)         x15=000000bf  x2:10000fd8  PA:10000fe4
7374610ns          110951 1c008198 00178793 addi             x15, x15, 1         x15=000000c0 x15:000000bf
7374630ns          110952 1c00819a 00f12623 sw               x15, 12(x2)         x15:000000c0  x2:10000fd8  PA:10000fe4
7374650ns          110953 1c00819c 00c12783 lw               x15, 12(x2)         x15=000000c0  x2:10000fd8  PA:10000fe4
7374689ns          110955 1c00819e fef75ce3 bge              x14, x15, -8        x14:000000c7 x15:000000c0
7374749ns          110958 1c008196 00c12783 lw               x15, 12(x2)         x15=000000c0  x2:10000fd8  PA:10000fe4
7374789ns          110960 1c008198 00178793 addi             x15, x15, 1         x15=000000c1 x15:000000c0
7374809ns          110961 1c00819a 00f12623 sw               x15, 12(x2)         x15:000000c1  x2:10000fd8  PA:10000fe4
7374829ns          110962 1c00819c 00c12783 lw               x15, 12(x2)         x15=000000c1  x2:10000fd8  PA:10000fe4
7374868ns          110964 1c00819e fef75ce3 bge              x14, x15, -8        x14:000000c7 x15:000000c1
7374928ns          110967 1c008196 00c12783 lw               x15, 12(x2)         x15=000000c1  x2:10000fd8  PA:10000fe4
7374968ns          110969 1c008198 00178793 addi             x15, x15, 1         x15=000000c2 x15:000000c1
7374988ns          110970 1c00819a 00f12623 sw               x15, 12(x2)         x15:000000c2  x2:10000fd8  PA:10000fe4
7375008ns          110971 1c00819c 00c12783 lw               x15, 12(x2)         x15=000000c2  x2:10000fd8  PA:10000fe4
7375047ns          110973 1c00819e fef75ce3 bge              x14, x15, -8        x14:000000c7 x15:000000c2
7375107ns          110976 1c008196 00c12783 lw               x15, 12(x2)         x15=000000c2  x2:10000fd8  PA:10000fe4
7375147ns          110978 1c008198 00178793 addi             x15, x15, 1         x15=000000c3 x15:000000c2
7375167ns          110979 1c00819a 00f12623 sw               x15, 12(x2)         x15:000000c3  x2:10000fd8  PA:10000fe4
7375187ns          110980 1c00819c 00c12783 lw               x15, 12(x2)         x15=000000c3  x2:10000fd8  PA:10000fe4
7375226ns          110982 1c00819e fef75ce3 bge              x14, x15, -8        x14:000000c7 x15:000000c3
7375286ns          110985 1c008196 00c12783 lw               x15, 12(x2)         x15=000000c3  x2:10000fd8  PA:10000fe4
7375326ns          110987 1c008198 00178793 addi             x15, x15, 1         x15=000000c4 x15:000000c3
7375346ns          110988 1c00819a 00f12623 sw               x15, 12(x2)         x15:000000c4  x2:10000fd8  PA:10000fe4
7375366ns          110989 1c00819c 00c12783 lw               x15, 12(x2)         x15=000000c4  x2:10000fd8  PA:10000fe4
7375405ns          110991 1c00819e fef75ce3 bge              x14, x15, -8        x14:000000c7 x15:000000c4
7375465ns          110994 1c008196 00c12783 lw               x15, 12(x2)         x15=000000c4  x2:10000fd8  PA:10000fe4
7375505ns          110996 1c008198 00178793 addi             x15, x15, 1         x15=000000c5 x15:000000c4
7375525ns          110997 1c00819a 00f12623 sw               x15, 12(x2)         x15:000000c5  x2:10000fd8  PA:10000fe4
7375545ns          110998 1c00819c 00c12783 lw               x15, 12(x2)         x15=000000c5  x2:10000fd8  PA:10000fe4
7375584ns          111000 1c00819e fef75ce3 bge              x14, x15, -8        x14:000000c7 x15:000000c5
7375644ns          111003 1c008196 00c12783 lw               x15, 12(x2)         x15=000000c5  x2:10000fd8  PA:10000fe4
7375684ns          111005 1c008198 00178793 addi             x15, x15, 1         x15=000000c6 x15:000000c5
7375704ns          111006 1c00819a 00f12623 sw               x15, 12(x2)         x15:000000c6  x2:10000fd8  PA:10000fe4
7375724ns          111007 1c00819c 00c12783 lw               x15, 12(x2)         x15=000000c6  x2:10000fd8  PA:10000fe4
7375763ns          111009 1c00819e fef75ce3 bge              x14, x15, -8        x14:000000c7 x15:000000c6
7375823ns          111012 1c008196 00c12783 lw               x15, 12(x2)         x15=000000c6  x2:10000fd8  PA:10000fe4
7375863ns          111014 1c008198 00178793 addi             x15, x15, 1         x15=000000c7 x15:000000c6
7375883ns          111015 1c00819a 00f12623 sw               x15, 12(x2)         x15:000000c7  x2:10000fd8  PA:10000fe4
7375903ns          111016 1c00819c 00c12783 lw               x15, 12(x2)         x15=000000c7  x2:10000fd8  PA:10000fe4
7375942ns          111018 1c00819e fef75ce3 bge              x14, x15, -8        x14:000000c7 x15:000000c7
7376002ns          111021 1c008196 00c12783 lw               x15, 12(x2)         x15=000000c7  x2:10000fd8  PA:10000fe4
7376042ns          111023 1c008198 00178793 addi             x15, x15, 1         x15=000000c8 x15:000000c7
7376062ns          111024 1c00819a 00f12623 sw               x15, 12(x2)         x15:000000c8  x2:10000fd8  PA:10000fe4
7376082ns          111025 1c00819c 00c12783 lw               x15, 12(x2)         x15=000000c8  x2:10000fd8  PA:10000fe4
7376121ns          111027 1c00819e fef75ce3 bge              x14, x15, -8        x14:000000c7 x15:000000c8
7376141ns          111028 1c0081a2 190007b7 lui              x15, 0x19000000     x15=19000000
7376161ns          111029 1c0081a6 02078793 addi             x15, x15, 32        x15=19000020 x15:19000000
7376181ns          111030 1c0081aa ab000737 lui              x14, 0xab000000     x14=ab000000
7376201ns          111031 1c0081ae 00e7a023 sw               x14, 0(x15)         x14:ab000000 x15:19000020  PA:19000020
7376639ns          111053 1c0081b0 00170693 addi             x13, x14, 1         x13=ab000001 x14:ab000000
7376678ns          111055 1c0081b4 00d7a023 sw               x13, 0(x15)         x13:ab000001 x15:19000020  PA:19000020
7376698ns          111056 1c0081b6 00270693 addi             x13, x14, 2         x13=ab000002 x14:ab000000
7376718ns          111057 1c0081ba 00d7a023 sw               x13, 0(x15)         x13:ab000002 x15:19000020  PA:19000020
7376738ns          111058 1c0081bc 00370693 addi             x13, x14, 3         x13=ab000003 x14:ab000000
7377156ns          111079 1c0081c0 00d7a023 sw               x13, 0(x15)         x13:ab000003 x15:19000020  PA:19000020
7377196ns          111081 1c0081c2 00470693 addi             x13, x14, 4         x13=ab000004 x14:ab000000
7377215ns          111082 1c0081c6 00d7a023 sw               x13, 0(x15)         x13:ab000004 x15:19000020  PA:19000020
7377235ns          111083 1c0081c8 00570693 addi             x13, x14, 5         x13=ab000005 x14:ab000000
7377255ns          111084 1c0081cc 00d7a023 sw               x13, 0(x15)         x13:ab000005 x15:19000020  PA:19000020
7377673ns          111105 1c0081ce 00670693 addi             x13, x14, 6         x13=ab000006 x14:ab000000
7377693ns          111106 1c0081d2 00d7a023 sw               x13, 0(x15)         x13:ab000006 x15:19000020  PA:19000020
7377713ns          111107 1c0081d4 00770693 addi             x13, x14, 7         x13=ab000007 x14:ab000000
7377733ns          111108 1c0081d8 00d7a023 sw               x13, 0(x15)         x13:ab000007 x15:19000020  PA:19000020
7377753ns          111109 1c0081da 00870693 addi             x13, x14, 8         x13=ab000008 x14:ab000000
7377772ns          111110 1c0081de 00d7a023 sw               x13, 0(x15)         x13:ab000008 x15:19000020  PA:19000020
7378190ns          111131 1c0081e0 00970693 addi             x13, x14, 9         x13=ab000009 x14:ab000000
7378230ns          111133 1c0081e4 00d7a023 sw               x13, 0(x15)         x13:ab000009 x15:19000020  PA:19000020
7378250ns          111134 1c0081e6 00a70693 addi             x13, x14, 10        x13=ab00000a x14:ab000000
7378270ns          111135 1c0081ea 00d7a023 sw               x13, 0(x15)         x13:ab00000a x15:19000020  PA:19000020
7378290ns          111136 1c0081ec 00b70693 addi             x13, x14, 11        x13=ab00000b x14:ab000000
7378707ns          111157 1c0081f0 00d7a023 sw               x13, 0(x15)         x13:ab00000b x15:19000020  PA:19000020
7378747ns          111159 1c0081f2 00c70693 addi             x13, x14, 12        x13=ab00000c x14:ab000000
7378767ns          111160 1c0081f6 00d7a023 sw               x13, 0(x15)         x13:ab00000c x15:19000020  PA:19000020
7378787ns          111161 1c0081f8 00d70693 addi             x13, x14, 13        x13=ab00000d x14:ab000000
7378807ns          111162 1c0081fc 00d7a023 sw               x13, 0(x15)         x13:ab00000d x15:19000020  PA:19000020
7379244ns          111184 1c0081fe 00e70693 addi             x13, x14, 14        x13=ab00000e x14:ab000000
7379264ns          111185 1c008202 00d7a023 sw               x13, 0(x15)         x13:ab00000e x15:19000020  PA:19000020
7379284ns          111186 1c008204 00f70713 addi             x14, x14, 15        x14=ab00000f x14:ab000000
7379304ns          111187 1c008206 00e7a023 sw               x14, 0(x15)         x14:ab00000f x15:19000020  PA:19000020
7379324ns          111188 1c008208 f77ff06f jal              x0, -138           
7379841ns          111214 1c00817e 574000ef jal              x1, 1396             x1=1c008180
7379901ns          111217 1c0086f2 f14027f3 csrrs            x15, x0, 0xf14      x15=00000001
7379921ns          111218 1c0086f6 01f00713 addi             x14, x0, 31         x14=0000001f
7379940ns          111219 1c0086f8 ca5797b3 p.extractu       x15, x15, 5, 5      x15=00000000 x15:00000001
7379960ns          111220 1c0086fc 00e78863 beq              x15, x14, 16        x15:00000000 x14:0000001f
7379980ns          111221 1c008700 002047b7 lui              x15, 0x204000       x15=00204000
7380000ns          111222 1c008704 20078793 addi             x15, x15, 512       x15=00204200 x15:00204000
7380020ns          111223 1c008708 01c7e703 p.elw            x14, 28(x15)        x14=00010000 x15:00204200  PA:0020421c
7380139ns          111229 1c00870c 00008067 jalr             x0, x1, 0            x1:1c008180
7380219ns          111233 1c008180 01c12083 lw               x1, 28(x2)           x1=1c008604  x2:10000fd8  PA:10000ff4
7380259ns          111235 1c008182 01812403 lw               x8, 24(x2)           x8=xxxxxxxx  x2:10000fd8  PA:10000ff0
7380279ns          111236 1c008184 00000513 addi             x10, x0, 0          x10=00000000
7380299ns          111237 1c008186 02010113 addi             x2, x2, 32           x2=10000ff8  x2:10000fd8
7380318ns          111238 1c008188 00008067 jalr             x0, x1, 0            x1:1c008604
7380358ns          111240 1c008604 f14027f3 csrrs            x15, x0, 0xf14      x15=00000001
7380378ns          111241 1c008608 f457b7b3 p.bclr           x15, x15, 26, 5     x15=00000001 x15:00000001
7380398ns          111242 1c00860c 00079963 bne              x15, x0, 18         x15:00000001
7381034ns          111274 1c00861e 002047b7 lui              x15, 0x204000       x15=00204000
7381054ns          111275 1c008622 fff00713 addi             x14, x0, -1         x14=ffffffff
7381074ns          111276 1c008624 00e7a223 sw               x14, 4(x15)         x14:ffffffff x15:00204000  PA:00204004
