                Time          Cycles PC       Instr    Mnemonic
7330671ns          108742 1c008080 0640006f jal              x0, 100            
7331129ns          108765 1c0080e4 f1402573 csrrs            x10, x0, 0xf14      x10=00000003
7331168ns          108767 1c0080e8 01f57593 andi             x11, x10, 31        x11=00000003 x10:00000003
7331188ns          108768 1c0080ec 00555513 srli             x10, x10, 0x5       x10=00000000 x10:00000003
7331208ns          108769 1c0080ee 01f00613 addi             x12, x0, 31         x12=0000001f
7331626ns          108790 1c0080f0 00c50463 beq              x10, x12, 8         x10:00000000 x12:0000001f
7331666ns          108792 1c0080f4 fa1ff06f jal              x0, -96            
7332123ns          108815 1c008094 f3ff8117 auipc            x2, 0xf3ff8000       x2=10000094
7332163ns          108817 1c008098 f7010113 addi             x2, x2, -144         x2=10000004  x2:10000094
7332183ns          108818 1c00809c 00012103 lw               x2, 0(x2)            x2=10000008  x2:10000004  PA:10000004
7332640ns          108841 1c0080a0 000011b7 lui              x3, 0x1000           x3=00001000
7332680ns          108843 1c0080a4 80018193 addi             x3, x3, -2048        x3=00000800  x3:00001000
7332700ns          108844 1c0080a8 00158593 addi             x11, x11, 1         x11=00000004 x11:00000003
7332720ns          108845 1c0080ac 02b180b3 mul              x1, x3, x11          x1=00002000  x3:00000800 x11:00000004
7333157ns          108867 1c0080b0 00110133 add              x2, x2, x1           x2=10002008  x2:10000008  x1:00002000
7333197ns          108869 1c0080b4 52a0006f jal              x0, 1322           
7333655ns          108892 1c0085de ff010113 addi             x2, x2, -16          x2=10001ff8  x2:10002008
7334132ns          108916 1c0085e0 00112623 sw               x1, 12(x2)           x1:00002000  x2:10001ff8  PA:10002004
7334172ns          108918 1c0085e2 002047b7 lui              x15, 0x204000       x15=00204000
7334192ns          108919 1c0085e6 00070737 lui              x14, 0x70000        x14=00070000
7334212ns          108920 1c0085ea 00e7a423 sw               x14, 8(x15)         x14:00070000 x15:00204000  PA:00204008
7334232ns          108921 1c0085ec 00f00713 addi             x14, x0, 15         x14=0000000f
7334649ns          108942 1c0085ee 20078793 addi             x15, x15, 512       x15=00204200 x15:00204000
7334689ns          108944 1c0085f2 00e7a023 sw               x14, 0(x15)         x14:0000000f x15:00204200  PA:00204200
7334729ns          108946 1c0085f6 00e7a623 sw               x14, 12(x15)        x14:0000000f x15:00204200  PA:0020420c
7334749ns          108947 1c0085fa 1c0017b7 lui              x15, 0x1c001000     x15=1c001000
7335166ns          108968 1c0085fe 8547a783 lw               x15, -1964(x15)     x15=1c00813e x15:1c001000  PA:1c000854
7335644ns          108992 1c008602 000780e7 jalr             x1, x15, 0           x1=1c008604 x15:1c00813e
7336638ns          109042 1c00813e f14027f3 csrrs            x15, x0, 0xf14      x15=00000003
7336678ns          109044 1c008142 ca579733 p.extractu       x14, x15, 5, 5      x14=00000000 x15:00000003
7336698ns          109045 1c008146 0c071263 bne              x14, x0, 196        x14:00000000
7336718ns          109046 1c008148 fe010113 addi             x2, x2, -32          x2=10001fd8  x2:10001ff8
7336738ns          109047 1c00814a 00812c23 sw               x8, 24(x2)           x8:xxxxxxxx  x2:10001fd8  PA:10001ff0
7336758ns          109048 1c00814c f457b433 p.bclr           x8, x15, 26, 5       x8=00000003 x15:00000003
7337155ns          109068 1c008150 00112e23 sw               x1, 28(x2)           x1:1c008604  x2:10001fd8  PA:10001ff4
7337175ns          109069 1c008152 5a0000ef jal              x1, 1440             x1=1c008154
7337673ns          109094 1c0086f2 f14027f3 csrrs            x15, x0, 0xf14      x15=00000003
7337693ns          109095 1c0086f6 01f00713 addi             x14, x0, 31         x14=0000001f
7337712ns          109096 1c0086f8 ca5797b3 p.extractu       x15, x15, 5, 5      x15=00000000 x15:00000003
7337732ns          109097 1c0086fc 00e78863 beq              x15, x14, 16        x15:00000000 x14:0000001f
7338150ns          109118 1c008700 002047b7 lui              x15, 0x204000       x15=00204000
7338190ns          109120 1c008704 20078793 addi             x15, x15, 512       x15=00204200 x15:00204000
7338210ns          109121 1c008708 01c7e703 p.elw            x14, 28(x15)        x14=00010000 x15:00204200  PA:0020421c
7338329ns          109127 1c00870c 00008067 jalr             x0, x1, 0            x1:1c008154
7338707ns          109146 1c008154 02041b63 bne              x8, x0, 54           x8:00000003
7339304ns          109176 1c00818a fe143ae3 p.bneimm         x8, -12              x8:00000003
7340199ns          109221 1c00817e 574000ef jal              x1, 1396             x1=1c008180
7340258ns          109224 1c0086f2 f14027f3 csrrs            x15, x0, 0xf14      x15=00000003
7340278ns          109225 1c0086f6 01f00713 addi             x14, x0, 31         x14=0000001f
7340298ns          109226 1c0086f8 ca5797b3 p.extractu       x15, x15, 5, 5      x15=00000000 x15:00000003
7340318ns          109227 1c0086fc 00e78863 beq              x15, x14, 16        x15:00000000 x14:0000001f
7340338ns          109228 1c008700 002047b7 lui              x15, 0x204000       x15=00204000
7340358ns          109229 1c008704 20078793 addi             x15, x15, 512       x15=00204200 x15:00204000
7340378ns          109230 1c008708 01c7e703 p.elw            x14, 28(x15)        x14=00010000 x15:00204200  PA:0020421c
7380139ns          111229 1c00870c 00008067 jalr             x0, x1, 0            x1:1c008180
7380179ns          111231 1c008180 01c12083 lw               x1, 28(x2)           x1=1c008604  x2:10001fd8  PA:10001ff4
7380199ns          111232 1c008182 01812403 lw               x8, 24(x2)           x8=xxxxxxxx  x2:10001fd8  PA:10001ff0
7380219ns          111233 1c008184 00000513 addi             x10, x0, 0          x10=00000000
7380239ns          111234 1c008186 02010113 addi             x2, x2, 32           x2=10001ff8  x2:10001fd8
7380259ns          111235 1c008188 00008067 jalr             x0, x1, 0            x1:1c008604
7380299ns          111237 1c008604 f14027f3 csrrs            x15, x0, 0xf14      x15=00000003
7380318ns          111238 1c008608 f457b7b3 p.bclr           x15, x15, 26, 5     x15=00000003 x15:00000003
7380338ns          111239 1c00860c 00079963 bne              x15, x0, 18         x15:00000003
7380955ns          111270 1c00861e 002047b7 lui              x15, 0x204000       x15=00204000
7380975ns          111271 1c008622 fff00713 addi             x14, x0, -1         x14=ffffffff
7380995ns          111272 1c008624 00e7a223 sw               x14, 4(x15)         x14:ffffffff x15:00204000  PA:00204004
