                Time          Cycles PC       Instr    Mnemonic
7330572ns          108737 1c008080 0640006f jal              x0, 100            
7331029ns          108760 1c0080e4 f1402573 csrrs            x10, x0, 0xf14      x10=00000000
7331069ns          108762 1c0080e8 01f57593 andi             x11, x10, 31        x11=00000000 x10:00000000
7331089ns          108763 1c0080ec 00555513 srli             x10, x10, 0x5       x10=00000000 x10:00000000
7331109ns          108764 1c0080ee 01f00613 addi             x12, x0, 31         x12=0000001f
7331526ns          108785 1c0080f0 00c50463 beq              x10, x12, 8         x10:00000000 x12:0000001f
7331566ns          108787 1c0080f4 fa1ff06f jal              x0, -96            
7332024ns          108810 1c008094 f3ff8117 auipc            x2, 0xf3ff8000       x2=10000094
7332063ns          108812 1c008098 f7010113 addi             x2, x2, -144         x2=10000004  x2:10000094
7332083ns          108813 1c00809c 00012103 lw               x2, 0(x2)            x2=10000008  x2:10000004  PA:10000004
7332541ns          108836 1c0080a0 000011b7 lui              x3, 0x1000           x3=00001000
7332581ns          108838 1c0080a4 80018193 addi             x3, x3, -2048        x3=00000800  x3:00001000
7332601ns          108839 1c0080a8 00158593 addi             x11, x11, 1         x11=00000001 x11:00000000
7332620ns          108840 1c0080ac 02b180b3 mul              x1, x3, x11          x1=00000800  x3:00000800 x11:00000001
7333058ns          108862 1c0080b0 00110133 add              x2, x2, x1           x2=10000808  x2:10000008  x1:00000800
7333098ns          108864 1c0080b4 52a0006f jal              x0, 1322           
7333555ns          108887 1c0085de ff010113 addi             x2, x2, -16          x2=100007f8  x2:10000808
7334033ns          108911 1c0085e0 00112623 sw               x1, 12(x2)           x1:00000800  x2:100007f8  PA:10000804
7334072ns          108913 1c0085e2 002047b7 lui              x15, 0x204000       x15=00204000
7334092ns          108914 1c0085e6 00070737 lui              x14, 0x70000        x14=00070000
7334112ns          108915 1c0085ea 00e7a423 sw               x14, 8(x15)         x14:00070000 x15:00204000  PA:00204008
7334132ns          108916 1c0085ec 00f00713 addi             x14, x0, 15         x14=0000000f
7334550ns          108937 1c0085ee 20078793 addi             x15, x15, 512       x15=00204200 x15:00204000
7334590ns          108939 1c0085f2 00e7a023 sw               x14, 0(x15)         x14:0000000f x15:00204200  PA:00204200
7334609ns          108940 1c0085f6 00e7a623 sw               x14, 12(x15)        x14:0000000f x15:00204200  PA:0020420c
7334629ns          108941 1c0085fa 1c0017b7 lui              x15, 0x1c001000     x15=1c001000
7335067ns          108963 1c0085fe 8547a783 lw               x15, -1964(x15)     x15=1c00813e x15:1c001000  PA:1c000854
7335405ns          108980 1c008602 000780e7 jalr             x1, x15, 0           x1=1c008604 x15:1c00813e
7336539ns          109037 1c00813e f14027f3 csrrs            x15, x0, 0xf14      x15=00000000
7336579ns          109039 1c008142 ca579733 p.extractu       x14, x15, 5, 5      x14=00000000 x15:00000000
7336599ns          109040 1c008146 0c071263 bne              x14, x0, 196        x14:00000000
7336618ns          109041 1c008148 fe010113 addi             x2, x2, -32          x2=100007d8  x2:100007f8
7336638ns          109042 1c00814a 00812c23 sw               x8, 24(x2)           x8:xxxxxxxx  x2:100007d8  PA:100007f0
7336658ns          109043 1c00814c f457b433 p.bclr           x8, x15, 26, 5       x8=00000000 x15:00000000
7337056ns          109063 1c008150 00112e23 sw               x1, 28(x2)           x1:1c008604  x2:100007d8  PA:100007f4
7337076ns          109064 1c008152 5a0000ef jal              x1, 1440             x1=1c008154
7337573ns          109089 1c0086f2 f14027f3 csrrs            x15, x0, 0xf14      x15=00000000
7337593ns          109090 1c0086f6 01f00713 addi             x14, x0, 31         x14=0000001f
7337613ns          109091 1c0086f8 ca5797b3 p.extractu       x15, x15, 5, 5      x15=00000000 x15:00000000
7337633ns          109092 1c0086fc 00e78863 beq              x15, x14, 16        x15:00000000 x14:0000001f
7338051ns          109113 1c008700 002047b7 lui              x15, 0x204000       x15=00204000
7338090ns          109115 1c008704 20078793 addi             x15, x15, 512       x15=00204200 x15:00204000
7338110ns          109116 1c008708 01c7e703 p.elw            x14, 28(x15)        x14=00010000 x15:00204200  PA:0020421c
7338329ns          109127 1c00870c 00008067 jalr             x0, x1, 0            x1:1c008154
7338608ns          109141 1c008154 02041b63 bne              x8, x0, 54           x8:00000000
7338627ns          109142 1c008156 190007b7 lui              x15, 0x19000000     x15=19000000
7338647ns          109143 1c00815a 03078793 addi             x15, x15, 48        x15=19000030 x15:19000000
7338667ns          109144 1c00815e 0007a703 lw               x14, 0(x15)         x14=ab000000 x15:19000030  PA:19000030
7376320ns          111037 1c008160 0007a703 lw               x14, 0(x15)         x14=ab000001 x15:19000030  PA:19000030
7376778ns          111060 1c008162 0007a703 lw               x14, 0(x15)         x14=ab000002 x15:19000030  PA:19000030
7376818ns          111062 1c008164 0007a703 lw               x14, 0(x15)         x14=ab000003 x15:19000030  PA:19000030
7377255ns          111084 1c008166 0007a703 lw               x14, 0(x15)         x14=ab000004 x15:19000030  PA:19000030
7377315ns          111087 1c008168 0007a703 lw               x14, 0(x15)         x14=ab000005 x15:19000030  PA:19000030
7377355ns          111089 1c00816a 0007a703 lw               x14, 0(x15)         x14=ab000006 x15:19000030  PA:19000030
7377792ns          111111 1c00816c 0007a703 lw               x14, 0(x15)         x14=ab000007 x15:19000030  PA:19000030
7377832ns          111113 1c00816e 0007a703 lw               x14, 0(x15)         x14=ab000008 x15:19000030  PA:19000030
7377872ns          111115 1c008170 0007a703 lw               x14, 0(x15)         x14=ab000009 x15:19000030  PA:19000030
7378329ns          111138 1c008172 0007a703 lw               x14, 0(x15)         x14=ab00000a x15:19000030  PA:19000030
7378369ns          111140 1c008174 0007a703 lw               x14, 0(x15)         x14=ab00000b x15:19000030  PA:19000030
7378807ns          111162 1c008176 0007a703 lw               x14, 0(x15)         x14=ab00000c x15:19000030  PA:19000030
7378866ns          111165 1c008178 0007a703 lw               x14, 0(x15)         x14=ab00000d x15:19000030  PA:19000030
7378906ns          111167 1c00817a 0007a703 lw               x14, 0(x15)         x14=ab00000e x15:19000030  PA:19000030
7379364ns          111190 1c00817c 0007a783 lw               x15, 0(x15)         x15=ab00000f x15:19000030  PA:19000030
7379403ns          111192 1c00817e 574000ef jal              x1, 1396             x1=1c008180
7379443ns          111194 1c0086f2 f14027f3 csrrs            x15, x0, 0xf14      x15=00000000
7379463ns          111195 1c0086f6 01f00713 addi             x14, x0, 31         x14=0000001f
7379483ns          111196 1c0086f8 ca5797b3 p.extractu       x15, x15, 5, 5      x15=00000000 x15:00000000
7379503ns          111197 1c0086fc 00e78863 beq              x15, x14, 16        x15:00000000 x14:0000001f
7379523ns          111198 1c008700 002047b7 lui              x15, 0x204000       x15=00204000
7379543ns          111199 1c008704 20078793 addi             x15, x15, 512       x15=00204200 x15:00204000
7379563ns          111200 1c008708 01c7e703 p.elw            x14, 28(x15)        x14=00010000 x15:00204200  PA:0020421c
7380139ns          111229 1c00870c 00008067 jalr             x0, x1, 0            x1:1c008180
7380179ns          111231 1c008180 01c12083 lw               x1, 28(x2)           x1=1c008604  x2:100007d8  PA:100007f4
7380219ns          111233 1c008182 01812403 lw               x8, 24(x2)           x8=xxxxxxxx  x2:100007d8  PA:100007f0
7380239ns          111234 1c008184 00000513 addi             x10, x0, 0          x10=00000000
7380259ns          111235 1c008186 02010113 addi             x2, x2, 32           x2=100007f8  x2:100007d8
7380279ns          111236 1c008188 00008067 jalr             x0, x1, 0            x1:1c008604
7380338ns          111239 1c008604 f14027f3 csrrs            x15, x0, 0xf14      x15=00000000
7380358ns          111240 1c008608 f457b7b3 p.bclr           x15, x15, 26, 5     x15=00000000 x15:00000000
7380378ns          111241 1c00860c 00079963 bne              x15, x0, 18         x15:00000000
7380398ns          111242 1c00860e 1c001737 lui              x14, 0x1c001000     x14=1c001000
7380418ns          111243 1c008612 1c0017b7 lui              x15, 0x1c001000     x15=1c001000
7380438ns          111244 1c008616 82a72223 sw               x10, -2012(x14)     x10:00000000 x14:1c001000  PA:1c000824
7380776ns          111261 1c00861a 8207a423 sw               x0, -2008(x15)      x15:1c001000  PA:1c000828
7381134ns          111279 1c00861e 002047b7 lui              x15, 0x204000       x15=00204000
7381154ns          111280 1c008622 fff00713 addi             x14, x0, -1         x14=ffffffff
7381174ns          111281 1c008624 00e7a223 sw               x14, 4(x15)         x14:ffffffff x15:00204000  PA:00204004
