                Time          Cycles PC       Instr    Mnemonic
17035060ns          279496 1c008080 0640006f jal              x0, 100            
17035518ns          279519 1c0080e4 f1402573 csrrs            x10, x0, 0xf14      x10=00000002
17035557ns          279521 1c0080e8 01f57593 andi             x11, x10, 31        x11=00000002 x10:00000002
17035577ns          279522 1c0080ec 00555513 srli             x10, x10, 0x5       x10=00000000 x10:00000002
17035597ns          279523 1c0080ee 01f00613 addi             x12, x0, 31         x12=0000001f
17036035ns          279545 1c0080f0 00c50463 beq              x10, x12, 8         x10:00000000 x12:0000001f
17036074ns          279547 1c0080f4 fa1ff06f jal              x0, -96            
17036532ns          279570 1c008094 f3ff8117 auipc            x2, 0xf3ff8000       x2=10000094
17036572ns          279572 1c008098 f7010113 addi             x2, x2, -144         x2=10000004  x2:10000094
17036592ns          279573 1c00809c 00012103 lw               x2, 0(x2)            x2=10000008  x2:10000004  PA:10000004
17037029ns          279595 1c0080a0 000011b7 lui              x3, 0x1000           x3=00001000
17037069ns          279597 1c0080a4 80018193 addi             x3, x3, -2048        x3=00000800  x3:00001000
17037089ns          279598 1c0080a8 00158593 addi             x11, x11, 1         x11=00000003 x11:00000002
17037109ns          279599 1c0080ac 02b180b3 mul              x1, x3, x11          x1=00001800  x3:00000800 x11:00000003
17037546ns          279621 1c0080b0 00110133 add              x2, x2, x1           x2=10001808  x2:10000008  x1:00001800
17037586ns          279623 1c0080b4 3c10206f jal              x0, 11200          
17038044ns          279646 1c00ac74 ff010113 addi             x2, x2, -16          x2=100017f8  x2:10001808
17038064ns          279647 1c00ac76 00112623 sw               x1, 12(x2)           x1:00001800  x2:100017f8  PA:10001804
17038083ns          279648 1c00ac78 002047b7 lui              x15, 0x204000       x15=00204000
17038103ns          279649 1c00ac7c 00070737 lui              x14, 0x70000        x14=00070000
17038561ns          279672 1c00ac80 00e7a423 sw               x14, 8(x15)         x14:00070000 x15:00204000  PA:00204008
17038581ns          279673 1c00ac82 00f00713 addi             x14, x0, 15         x14=0000000f
17038601ns          279674 1c00ac84 20078793 addi             x15, x15, 512       x15=00204200 x15:00204000
17038620ns          279675 1c00ac88 00e7a023 sw               x14, 0(x15)         x14:0000000f x15:00204200  PA:00204200
17038640ns          279676 1c00ac8c 00e7a623 sw               x14, 12(x15)        x14:0000000f x15:00204200  PA:0020420c
17039078ns          279698 1c00ac90 1c0017b7 lui              x15, 0x1c001000     x15=1c001000
17039118ns          279700 1c00ac94 0747a783 lw               x15, 116(x15)       x15=1c009336 x15:1c001000  PA:1c001074
17039575ns          279723 1c00ac98 000780e7 jalr             x1, x15, 0           x1=1c00ac9a x15:1c009336
17040132ns          279751 1c009336 f14027f3 csrrs            x15, x0, 0xf14      x15=00000002
17040152ns          279752 1c00933a ca579733 p.extractu       x14, x15, 5, 5      x14=00000000 x15:00000002
17040172ns          279753 1c00933e 02071763 bne              x14, x0, 46         x14:00000000
17040590ns          279774 1c009340 ff010113 addi             x2, x2, -16          x2=100017e8  x2:100017f8
17040610ns          279775 1c009342 00812423 sw               x8, 8(x2)            x8:xxxxxxxx  x2:100017e8  PA:100017f0
17040629ns          279776 1c009344 00112623 sw               x1, 12(x2)           x1:1c00ac9a  x2:100017e8  PA:100017f4
17040649ns          279777 1c009346 f457b7b3 p.bclr           x15, x15, 26, 5     x15=00000002 x15:00000002
17040669ns          279778 1c00934a 00000413 addi             x8, x0, 0            x8=00000000
17040689ns          279779 1c00934c 00078863 beq              x15, x0, 16         x15:00000002
17041107ns          279800 1c00934e 23d010ef jal              x1, 6716             x1=1c009352
17041743ns          279832 1c00ad8a f14027f3 csrrs            x15, x0, 0xf14      x15=00000002
17041763ns          279833 1c00ad8e 01f00713 addi             x14, x0, 31         x14=0000001f
17042201ns          279855 1c00ad90 ca5797b3 p.extractu       x15, x15, 5, 5      x15=00000000 x15:00000002
17042241ns          279857 1c00ad94 00e78863 beq              x15, x14, 16        x15:00000000 x14:0000001f
17042260ns          279858 1c00ad98 002047b7 lui              x15, 0x204000       x15=00204000
17042280ns          279859 1c00ad9c 20078793 addi             x15, x15, 512       x15=00204200 x15:00204000
17042738ns          279882 1c00ada0 01c7e703 p.elw            x14, 28(x15)        x14=00010000 x15:00204200  PA:0020421c
18604607ns          358102 1c00ada4 00008067 jalr             x0, x1, 0            x1:1c009352
18604647ns          358104 1c009352 00800533 add              x10, x0, x8         x10=00000000  x8:00000000
18604667ns          358105 1c009354 00c12083 lw               x1, 12(x2)           x1=1c00ac9a  x2:100017e8  PA:100017f4
18604727ns          358108 1c009356 00812403 lw               x8, 8(x2)            x8=xxxxxxxx  x2:100017e8  PA:100017f0
18604747ns          358109 1c009358 01010113 addi             x2, x2, 16           x2=100017f8  x2:100017e8
18604767ns          358110 1c00935a 00008067 jalr             x0, x1, 0            x1:1c00ac9a
18604867ns          358115 1c00ac9a f14027f3 csrrs            x15, x0, 0xf14      x15=00000002
18604888ns          358116 1c00ac9e f457b7b3 p.bclr           x15, x15, 26, 5     x15=00000002 x15:00000002
18604908ns          358117 1c00aca2 00079963 bne              x15, x0, 18         x15:00000002
18605469ns          358145 1c00acb4 002047b7 lui              x15, 0x204000       x15=00204000
18605510ns          358147 1c00acb8 fff00713 addi             x14, x0, -1         x14=ffffffff
18605530ns          358148 1c00acba 00e7a223 sw               x14, 4(x15)         x14:ffffffff x15:00204000  PA:00204004
