                Time          Cycles PC       Instr    Mnemonic
17035080ns          279497 1c008080 0640006f jal              x0, 100            
17035537ns          279520 1c0080e4 f1402573 csrrs            x10, x0, 0xf14      x10=00000003
17035577ns          279522 1c0080e8 01f57593 andi             x11, x10, 31        x11=00000003 x10:00000003
17035597ns          279523 1c0080ec 00555513 srli             x10, x10, 0x5       x10=00000000 x10:00000003
17035617ns          279524 1c0080ee 01f00613 addi             x12, x0, 31         x12=0000001f
17036055ns          279546 1c0080f0 00c50463 beq              x10, x12, 8         x10:00000000 x12:0000001f
17036094ns          279548 1c0080f4 fa1ff06f jal              x0, -96            
17036552ns          279571 1c008094 f3ff8117 auipc            x2, 0xf3ff8000       x2=10000094
17036592ns          279573 1c008098 f7010113 addi             x2, x2, -144         x2=10000004  x2:10000094
17036611ns          279574 1c00809c 00012103 lw               x2, 0(x2)            x2=10000008  x2:10000004  PA:10000004
17037049ns          279596 1c0080a0 000011b7 lui              x3, 0x1000           x3=00001000
17037089ns          279598 1c0080a4 80018193 addi             x3, x3, -2048        x3=00000800  x3:00001000
17037109ns          279599 1c0080a8 00158593 addi             x11, x11, 1         x11=00000004 x11:00000003
17037129ns          279600 1c0080ac 02b180b3 mul              x1, x3, x11          x1=00002000  x3:00000800 x11:00000004
17037566ns          279622 1c0080b0 00110133 add              x2, x2, x1           x2=10002008  x2:10000008  x1:00002000
17037606ns          279624 1c0080b4 3c10206f jal              x0, 11200          
17038064ns          279647 1c00ac74 ff010113 addi             x2, x2, -16          x2=10001ff8  x2:10002008
17038083ns          279648 1c00ac76 00112623 sw               x1, 12(x2)           x1:00002000  x2:10001ff8  PA:10002004
17038103ns          279649 1c00ac78 002047b7 lui              x15, 0x204000       x15=00204000
17038123ns          279650 1c00ac7c 00070737 lui              x14, 0x70000        x14=00070000
17038581ns          279673 1c00ac80 00e7a423 sw               x14, 8(x15)         x14:00070000 x15:00204000  PA:00204008
17038601ns          279674 1c00ac82 00f00713 addi             x14, x0, 15         x14=0000000f
17038620ns          279675 1c00ac84 20078793 addi             x15, x15, 512       x15=00204200 x15:00204000
17038640ns          279676 1c00ac88 00e7a023 sw               x14, 0(x15)         x14:0000000f x15:00204200  PA:00204200
17038680ns          279678 1c00ac8c 00e7a623 sw               x14, 12(x15)        x14:0000000f x15:00204200  PA:0020420c
17039098ns          279699 1c00ac90 1c0017b7 lui              x15, 0x1c001000     x15=1c001000
17039138ns          279701 1c00ac94 0747a783 lw               x15, 116(x15)       x15=1c009336 x15:1c001000  PA:1c001074
17039595ns          279724 1c00ac98 000780e7 jalr             x1, x15, 0           x1=1c00ac9a x15:1c009336
17040152ns          279752 1c009336 f14027f3 csrrs            x15, x0, 0xf14      x15=00000003
17040172ns          279753 1c00933a ca579733 p.extractu       x14, x15, 5, 5      x14=00000000 x15:00000003
17040192ns          279754 1c00933e 02071763 bne              x14, x0, 46         x14:00000000
17040610ns          279775 1c009340 ff010113 addi             x2, x2, -16          x2=10001fe8  x2:10001ff8
17040629ns          279776 1c009342 00812423 sw               x8, 8(x2)            x8:xxxxxxxx  x2:10001fe8  PA:10001ff0
17040649ns          279777 1c009344 00112623 sw               x1, 12(x2)           x1:1c00ac9a  x2:10001fe8  PA:10001ff4
17040669ns          279778 1c009346 f457b7b3 p.bclr           x15, x15, 26, 5     x15=00000003 x15:00000003
17040689ns          279779 1c00934a 00000413 addi             x8, x0, 0            x8=00000000
17040709ns          279780 1c00934c 00078863 beq              x15, x0, 16         x15:00000003
17041127ns          279801 1c00934e 23d010ef jal              x1, 6716             x1=1c009352
17041704ns          279830 1c00ad8a f14027f3 csrrs            x15, x0, 0xf14      x15=00000003
17041723ns          279831 1c00ad8e 01f00713 addi             x14, x0, 31         x14=0000001f
17042161ns          279853 1c00ad90 ca5797b3 p.extractu       x15, x15, 5, 5      x15=00000000 x15:00000003
17042201ns          279855 1c00ad94 00e78863 beq              x15, x14, 16        x15:00000000 x14:0000001f
17042221ns          279856 1c00ad98 002047b7 lui              x15, 0x204000       x15=00204000
17042241ns          279857 1c00ad9c 20078793 addi             x15, x15, 512       x15=00204200 x15:00204000
17042698ns          279880 1c00ada0 01c7e703 p.elw            x14, 28(x15)        x14=00010000 x15:00204200  PA:0020421c
18604607ns          358102 1c00ada4 00008067 jalr             x0, x1, 0            x1:1c009352
18604647ns          358104 1c009352 00800533 add              x10, x0, x8         x10=00000000  x8:00000000
18604667ns          358105 1c009354 00c12083 lw               x1, 12(x2)           x1=1c00ac9a  x2:10001fe8  PA:10001ff4
18604707ns          358107 1c009356 00812403 lw               x8, 8(x2)            x8=xxxxxxxx  x2:10001fe8  PA:10001ff0
18604727ns          358108 1c009358 01010113 addi             x2, x2, 16           x2=10001ff8  x2:10001fe8
18604747ns          358109 1c00935a 00008067 jalr             x0, x1, 0            x1:1c00ac9a
18604827ns          358113 1c00ac9a f14027f3 csrrs            x15, x0, 0xf14      x15=00000003
18604847ns          358114 1c00ac9e f457b7b3 p.bclr           x15, x15, 26, 5     x15=00000003 x15:00000003
18604867ns          358115 1c00aca2 00079963 bne              x15, x0, 18         x15:00000003
18605389ns          358141 1c00acb4 002047b7 lui              x15, 0x204000       x15=00204000
18605429ns          358143 1c00acb8 fff00713 addi             x14, x0, -1         x14=ffffffff
18605449ns          358144 1c00acba 00e7a223 sw               x14, 4(x15)         x14:ffffffff x15:00204000  PA:00204004
