                Time          Cycles PC       Instr    Mnemonic
14044410ns          226874 1c008080 0640006f jal              x0, 100            
14044868ns          226897 1c0080e4 f1402573 csrrs            x10, x0, 0xf14      x10=00000002
14044907ns          226899 1c0080e8 01f57593 andi             x11, x10, 31        x11=00000002 x10:00000002
14044927ns          226900 1c0080ec 00555513 srli             x10, x10, 0x5       x10=00000000 x10:00000002
14044947ns          226901 1c0080ee 01f00613 addi             x12, x0, 31         x12=0000001f
14045365ns          226922 1c0080f0 00c50463 beq              x10, x12, 8         x10:00000000 x12:0000001f
14045405ns          226924 1c0080f4 fa1ff06f jal              x0, -96            
14045862ns          226947 1c008094 f3ff8117 auipc            x2, 0xf3ff8000       x2=10000094
14045902ns          226949 1c008098 f7010113 addi             x2, x2, -144         x2=10000004  x2:10000094
14045922ns          226950 1c00809c 00012103 lw               x2, 0(x2)            x2=10000008  x2:10000004  PA:10000004
14046359ns          226972 1c0080a0 000011b7 lui              x3, 0x1000           x3=00001000
14046399ns          226974 1c0080a4 80018193 addi             x3, x3, -2048        x3=00000800  x3:00001000
14046419ns          226975 1c0080a8 00158593 addi             x11, x11, 1         x11=00000003 x11:00000002
14046439ns          226976 1c0080ac 02b180b3 mul              x1, x3, x11          x1=00001800  x3:00000800 x11:00000003
14046897ns          226999 1c0080b0 00110133 add              x2, x2, x1           x2=10001808  x2:10000008  x1:00001800
14046936ns          227001 1c0080b4 4b50106f jal              x0, 7348           
14047394ns          227024 1c009d68 ff010113 addi             x2, x2, -16          x2=100017f8  x2:10001808
14047414ns          227025 1c009d6a 00112623 sw               x1, 12(x2)           x1:00001800  x2:100017f8  PA:10001804
14047434ns          227026 1c009d6c 002047b7 lui              x15, 0x204000       x15=00204000
14047871ns          227048 1c009d70 00070737 lui              x14, 0x70000        x14=00070000
14047911ns          227050 1c009d74 00e7a423 sw               x14, 8(x15)         x14:00070000 x15:00204000  PA:00204008
14047931ns          227051 1c009d76 00f00713 addi             x14, x0, 15         x14=0000000f
14047951ns          227052 1c009d78 20078793 addi             x15, x15, 512       x15=00204200 x15:00204000
14047971ns          227053 1c009d7c 00e7a023 sw               x14, 0(x15)         x14:0000000f x15:00204200  PA:00204200
14048388ns          227074 1c009d80 00e7a623 sw               x14, 12(x15)        x14:0000000f x15:00204200  PA:0020420c
14048428ns          227076 1c009d84 1c0017b7 lui              x15, 0x1c001000     x15=1c001000
14048448ns          227077 1c009d88 15c7a783 lw               x15, 348(x15)       x15=1c008442 x15:1c001000  PA:1c00115c
14048886ns          227099 1c009d8c 000780e7 jalr             x1, x15, 0           x1=1c009d8e x15:1c008442
14049403ns          227125 1c008442 f14027f3 csrrs            x15, x0, 0xf14      x15=00000002
14049423ns          227126 1c008446 ca579733 p.extractu       x14, x15, 5, 5      x14=00000000 x15:00000002
14049443ns          227127 1c00844a 00071c63 bne              x14, x0, 24         x14:00000000
14049462ns          227128 1c00844c f457b7b3 p.bclr           x15, x15, 26, 5     x15=00000002 x15:00000002
14049880ns          227149 1c008450 00078363 beq              x15, x0, 6          x15:00000002
14049900ns          227150 1c008452 00000513 addi             x10, x0, 0          x10=00000000
14049920ns          227151 1c008454 00008067 jalr             x0, x1, 0            x1:1c009d8e
14049980ns          227154 1c009d8e f14027f3 csrrs            x15, x0, 0xf14      x15=00000002
14049999ns          227155 1c009d92 f457b7b3 p.bclr           x15, x15, 26, 5     x15=00000002 x15:00000002
14050019ns          227156 1c009d96 00079963 bne              x15, x0, 18         x15:00000002
14050537ns          227182 1c009da8 002047b7 lui              x15, 0x204000       x15=00204000
14050556ns          227183 1c009dac fff00713 addi             x14, x0, -1         x14=ffffffff
14050576ns          227184 1c009dae 00e7a223 sw               x14, 4(x15)         x14:ffffffff x15:00204000  PA:00204004
