                Time          Cycles PC       Instr    Mnemonic
11816651ns          187674 1c008080 0640006f jal              x0, 100            
11817108ns          187697 1c0080e4 f1402573 csrrs            x10, x0, 0xf14      x10=00000003
11817148ns          187699 1c0080e8 01f57593 andi             x11, x10, 31        x11=00000003 x10:00000003
11817168ns          187700 1c0080ec 00555513 srli             x10, x10, 0x5       x10=00000000 x10:00000003
11817188ns          187701 1c0080ee 01f00613 addi             x12, x0, 31         x12=0000001f
11817605ns          187722 1c0080f0 00c50463 beq              x10, x12, 8         x10:00000000 x12:0000001f
11817645ns          187724 1c0080f4 fa1ff06f jal              x0, -96            
11818123ns          187748 1c008094 f3ff8117 auipc            x2, 0xf3ff8000       x2=10000094
11818162ns          187750 1c008098 f7010113 addi             x2, x2, -144         x2=10000004  x2:10000094
11818182ns          187751 1c00809c 00012103 lw               x2, 0(x2)            x2=10000008  x2:10000004  PA:10000004
11818620ns          187773 1c0080a0 000011b7 lui              x3, 0x1000           x3=00001000
11818660ns          187775 1c0080a4 80018193 addi             x3, x3, -2048        x3=00000800  x3:00001000
11818680ns          187776 1c0080a8 00158593 addi             x11, x11, 1         x11=00000004 x11:00000003
11818699ns          187777 1c0080ac 02b180b3 mul              x1, x3, x11          x1=00002000  x3:00000800 x11:00000004
11819137ns          187799 1c0080b0 00110133 add              x2, x2, x1           x2=10002008  x2:10000008  x1:00002000
11819177ns          187801 1c0080b4 14f0106f jal              x0, 6478           
11819634ns          187824 1c009a02 ff010113 addi             x2, x2, -16          x2=10001ff8  x2:10002008
11819674ns          187826 1c009a04 00112623 sw               x1, 12(x2)           x1:00002000  x2:10001ff8  PA:10002004
11819694ns          187827 1c009a06 002047b7 lui              x15, 0x204000       x15=00204000
11819714ns          187828 1c009a0a 00070737 lui              x14, 0x70000        x14=00070000
11819734ns          187829 1c009a0e 00e7a423 sw               x14, 8(x15)         x14:00070000 x15:00204000  PA:00204008
11820151ns          187850 1c009a10 00f00713 addi             x14, x0, 15         x14=0000000f
11820191ns          187852 1c009a12 20078793 addi             x15, x15, 512       x15=00204200 x15:00204000
11820211ns          187853 1c009a16 00e7a023 sw               x14, 0(x15)         x14:0000000f x15:00204200  PA:00204200
11820251ns          187855 1c009a1a 00e7a623 sw               x14, 12(x15)        x14:0000000f x15:00204200  PA:0020420c
11820689ns          187877 1c009a1e 1c0017b7 lui              x15, 0x1c001000     x15=1c001000
11820728ns          187879 1c009a22 9d47a783 lw               x15, -1580(x15)     x15=1c00813e x15:1c001000  PA:1c0009d4
11821186ns          187902 1c009a26 000780e7 jalr             x1, x15, 0           x1=1c009a28 x15:1c00813e
11822180ns          187952 1c00813e f14027f3 csrrs            x15, x0, 0xf14      x15=00000003
11822220ns          187954 1c008142 ca579733 p.extractu       x14, x15, 5, 5      x14=00000000 x15:00000003
11822240ns          187955 1c008146 00070463 beq              x14, x0, 8          x14:00000000
11822737ns          187980 1c00814e f7010113 addi             x2, x2, -144         x2=10001f68  x2:10001ff8
11822757ns          187981 1c008150 08912223 sw               x9, 132(x2)          x9:xxxxxxxx  x2:10001f68  PA:10001fec
11822777ns          187982 1c008152 08112623 sw               x1, 140(x2)          x1:1c009a28  x2:10001f68  PA:10001ff4
11822797ns          187983 1c008154 08812423 sw               x8, 136(x2)          x8:xxxxxxxx  x2:10001f68  PA:10001ff0
11822817ns          187984 1c008156 f457b4b3 p.bclr           x9, x15, 26, 5       x9=00000003 x15:00000003
11822837ns          187985 1c00815a 0414a663 p.beqimm         x9, 76               x9:00000003
11823254ns          188006 1c00815e 1bb010ef jal              x1, 6586             x1=1c008162
11823692ns          188028 1c009b18 f14027f3 csrrs            x15, x0, 0xf14      x15=00000003
11823732ns          188030 1c009b1c 01f00713 addi             x14, x0, 31         x14=0000001f
11824209ns          188054 1c009b1e ca5797b3 p.extractu       x15, x15, 5, 5      x15=00000000 x15:00000003
11824249ns          188056 1c009b22 00e78863 beq              x15, x14, 16        x15:00000000 x14:0000001f
11824269ns          188057 1c009b26 002047b7 lui              x15, 0x204000       x15=00204000
11824289ns          188058 1c009b2a 20078793 addi             x15, x15, 512       x15=00204200 x15:00204000
11824766ns          188082 1c009b2e 01c7e703 p.elw            x14, 28(x15)        x14=00010000 x15:00204200  PA:0020421c
11827750ns          188232 1c009b32 00008067 jalr             x0, x1, 0            x1:1c008162
11827790ns          188234 1c008162 06048663 beq              x9, x0, 108          x9:00000003
11827809ns          188235 1c008164 00049963 bne              x9, x0, 18           x9:00000003
11828426ns          188266 1c008176 1a3010ef jal              x1, 6562             x1=1c00817a
11828466ns          188268 1c009b18 f14027f3 csrrs            x15, x0, 0xf14      x15=00000003
11828486ns          188269 1c009b1c 01f00713 addi             x14, x0, 31         x14=0000001f
11828506ns          188270 1c009b1e ca5797b3 p.extractu       x15, x15, 5, 5      x15=00000000 x15:00000003
11828525ns          188271 1c009b22 00e78863 beq              x15, x14, 16        x15:00000000 x14:0000001f
11828545ns          188272 1c009b26 002047b7 lui              x15, 0x204000       x15=00204000
11828565ns          188273 1c009b2a 20078793 addi             x15, x15, 512       x15=00204200 x15:00204000
11828585ns          188274 1c009b2e 01c7e703 p.elw            x14, 28(x15)        x14=00010000 x15:00204200  PA:0020421c
11832185ns          188455 1c009b32 00008067 jalr             x0, x1, 0            x1:1c00817a
11832245ns          188458 1c00817a f14027f3 csrrs            x15, x0, 0xf14      x15=00000003
11832325ns          188462 1c00817e f457b7b3 p.bclr           x15, x15, 26, 5     x15=00000003 x15:00000003
11832344ns          188463 1c008182 00079c63 bne              x15, x0, 24         x15:00000003
11832842ns          188488 1c00819a 08c12083 lw               x1, 140(x2)          x1=1c009a28  x2:10001f68  PA:10001ff4
11832882ns          188490 1c00819c 08812403 lw               x8, 136(x2)          x8=xxxxxxxx  x2:10001f68  PA:10001ff0
11832901ns          188491 1c00819e 08412483 lw               x9, 132(x2)          x9=xxxxxxxx  x2:10001f68  PA:10001fec
11832941ns          188493 1c0081a0 00000513 addi             x10, x0, 0          x10=00000000
11832961ns          188494 1c0081a2 09010113 addi             x2, x2, 144          x2=10001ff8  x2:10001f68
11832981ns          188495 1c0081a4 00008067 jalr             x0, x1, 0            x1:1c009a28
11833021ns          188497 1c009a28 f14027f3 csrrs            x15, x0, 0xf14      x15=00000003
11833041ns          188498 1c009a2c f457b7b3 p.bclr           x15, x15, 26, 5     x15=00000003 x15:00000003
11833061ns          188499 1c009a30 00079963 bne              x15, x0, 18         x15:00000003
11833578ns          188525 1c009a42 002047b7 lui              x15, 0x204000       x15=00204000
11833598ns          188526 1c009a46 fff00713 addi             x14, x0, -1         x14=ffffffff
11833617ns          188527 1c009a48 00e7a223 sw               x14, 4(x15)         x14:ffffffff x15:00204000  PA:00204004
