                Time          Cycles PC       Instr    Mnemonic
12060767ns          191969 1c008080 0640006f jal              x0, 100            
12061225ns          191992 1c0080e4 f1402573 csrrs            x10, x0, 0xf14      x10=00000002
12061265ns          191994 1c0080e8 01f57593 andi             x11, x10, 31        x11=00000002 x10:00000002
12061285ns          191995 1c0080ec 00555513 srli             x10, x10, 0x5       x10=00000000 x10:00000002
12061304ns          191996 1c0080ee 01f00613 addi             x12, x0, 31         x12=0000001f
12061742ns          192018 1c0080f0 00c50463 beq              x10, x12, 8         x10:00000000 x12:0000001f
12061782ns          192020 1c0080f4 fa1ff06f jal              x0, -96            
12062239ns          192043 1c008094 f3ff8117 auipc            x2, 0xf3ff8000       x2=10000094
12062279ns          192045 1c008098 f7010113 addi             x2, x2, -144         x2=10000004  x2:10000094
12062299ns          192046 1c00809c 00012103 lw               x2, 0(x2)            x2=10000008  x2:10000004  PA:10000004
12062737ns          192068 1c0080a0 000011b7 lui              x3, 0x1000           x3=00001000
12062776ns          192070 1c0080a4 80018193 addi             x3, x3, -2048        x3=00000800  x3:00001000
12062796ns          192071 1c0080a8 00158593 addi             x11, x11, 1         x11=00000003 x11:00000002
12062816ns          192072 1c0080ac 02b180b3 mul              x1, x3, x11          x1=00001800  x3:00000800 x11:00000003
12063254ns          192094 1c0080b0 00110133 add              x2, x2, x1           x2=10001808  x2:10000008  x1:00001800
12063293ns          192096 1c0080b4 2030106f jal              x0, 6658           
12063751ns          192119 1c009ab6 ff010113 addi             x2, x2, -16          x2=100017f8  x2:10001808
12063791ns          192121 1c009ab8 00112623 sw               x1, 12(x2)           x1:00001800  x2:100017f8  PA:10001804
12063811ns          192122 1c009aba 002047b7 lui              x15, 0x204000       x15=00204000
12064248ns          192144 1c009abe 00070737 lui              x14, 0x70000        x14=00070000
12064268ns          192145 1c009ac2 00e7a423 sw               x14, 8(x15)         x14:00070000 x15:00204000  PA:00204008
12064288ns          192146 1c009ac4 00f00713 addi             x14, x0, 15         x14=0000000f
12064308ns          192147 1c009ac6 20078793 addi             x15, x15, 512       x15=00204200 x15:00204000
12064328ns          192148 1c009aca 00e7a023 sw               x14, 0(x15)         x14:0000000f x15:00204200  PA:00204200
12064765ns          192170 1c009ace 00e7a623 sw               x14, 12(x15)        x14:0000000f x15:00204200  PA:0020420c
12064805ns          192172 1c009ad2 1c0017b7 lui              x15, 0x1c001000     x15=1c001000
12064825ns          192173 1c009ad6 a547a783 lw               x15, -1452(x15)     x15=1c00813e x15:1c001000  PA:1c000a54
12065302ns          192197 1c009ada 000780e7 jalr             x1, x15, 0           x1=1c009adc x15:1c00813e
12066217ns          192243 1c00813e f14027f3 csrrs            x15, x0, 0xf14      x15=00000002
12066257ns          192245 1c008142 ca579733 p.extractu       x14, x15, 5, 5      x14=00000000 x15:00000002
12066277ns          192246 1c008146 0a071f63 bne              x14, x0, 190        x14:00000000
12066297ns          192247 1c008148 ff010113 addi             x2, x2, -16          x2=100017e8  x2:100017f8
12066317ns          192248 1c00814a 00912223 sw               x9, 4(x2)            x9:xxxxxxxx  x2:100017e8  PA:100017ec
12066337ns          192249 1c00814c 00112623 sw               x1, 12(x2)           x1:1c009adc  x2:100017e8  PA:100017f4
12066357ns          192250 1c00814e 00812423 sw               x8, 8(x2)            x8:xxxxxxxx  x2:100017e8  PA:100017f0
12066735ns          192269 1c008150 f457b4b3 p.bclr           x9, x15, 26, 5       x9=00000002 x15:00000002
12066774ns          192271 1c008154 0a14ab63 p.beqimm         x9, 182              x9:00000002
12066794ns          192272 1c008158 14049a63 bne              x9, x0, 340          x9:00000002
12067669ns          192316 1c0082ac 121010ef jal              x1, 6432             x1=1c0082b0
12068127ns          192339 1c009bcc f14027f3 csrrs            x15, x0, 0xf14      x15=00000002
12068584ns          192362 1c009bd0 01f00713 addi             x14, x0, 31         x14=0000001f
12068624ns          192364 1c009bd2 ca5797b3 p.extractu       x15, x15, 5, 5      x15=00000000 x15:00000002
12068644ns          192365 1c009bd6 00e78863 beq              x15, x14, 16        x15:00000000 x14:0000001f
12068664ns          192366 1c009bda 002047b7 lui              x15, 0x204000       x15=00204000
12069141ns          192390 1c009bde 20078793 addi             x15, x15, 512       x15=00204200 x15:00204000
12069181ns          192392 1c009be2 01c7e703 p.elw            x14, 28(x15)        x14=00010000 x15:00204200  PA:0020421c
12080598ns          192966 1c009be6 00008067 jalr             x0, x1, 0            x1:1c0082b0
12081056ns          192989 1c0082b0 00000593 addi             x11, x0, 0          x11=00000000
12081076ns          192990 1c0082b2 eebff06f jal              x0, -278           
12081533ns          193013 1c00819c 02049763 bne              x9, x0, 46           x9:00000002
12082508ns          193062 1c0081ca 203010ef jal              x1, 6658             x1=1c0081ce
12083085ns          193091 1c009bcc f14027f3 csrrs            x15, x0, 0xf14      x15=00000002
12083105ns          193092 1c009bd0 01f00713 addi             x14, x0, 31         x14=0000001f
12083125ns          193093 1c009bd2 ca5797b3 p.extractu       x15, x15, 5, 5      x15=00000000 x15:00000002
12083144ns          193094 1c009bd6 00e78863 beq              x15, x14, 16        x15:00000000 x14:0000001f
12083164ns          193095 1c009bda 002047b7 lui              x15, 0x204000       x15=00204000
12083184ns          193096 1c009bde 20078793 addi             x15, x15, 512       x15=00204200 x15:00204000
12083204ns          193097 1c009be2 01c7e703 p.elw            x14, 28(x15)        x14=00010000 x15:00204200  PA:0020421c
12108167ns          194352 1c009be6 00008067 jalr             x0, x1, 0            x1:1c0081ce
12108227ns          194355 1c0081ce f14027f3 csrrs            x15, x0, 0xf14      x15=00000002
12108247ns          194356 1c0081d2 f457b7b3 p.bclr           x15, x15, 26, 5     x15=00000002 x15:00000002
12108266ns          194357 1c0081d6 00079c63 bne              x15, x0, 24         x15:00000002
12108764ns          194382 1c0081ee 00c12083 lw               x1, 12(x2)           x1=1c009adc  x2:100017e8  PA:100017f4
12109201ns          194404 1c0081f0 00812403 lw               x8, 8(x2)            x8=xxxxxxxx  x2:100017e8  PA:100017f0
12109221ns          194405 1c0081f2 00412483 lw               x9, 4(x2)            x9=xxxxxxxx  x2:100017e8  PA:100017ec
12109241ns          194406 1c0081f4 00000513 addi             x10, x0, 0          x10=00000000
12109261ns          194407 1c0081f6 01010113 addi             x2, x2, 16           x2=100017f8  x2:100017e8
12109281ns          194408 1c0081f8 00008067 jalr             x0, x1, 0            x1:1c009adc
12109380ns          194413 1c009adc f14027f3 csrrs            x15, x0, 0xf14      x15=00000002
12109400ns          194414 1c009ae0 f457b7b3 p.bclr           x15, x15, 26, 5     x15=00000002 x15:00000002
12109420ns          194415 1c009ae4 00079963 bne              x15, x0, 18         x15:00000002
12109977ns          194443 1c009af6 002047b7 lui              x15, 0x204000       x15=00204000
12109997ns          194444 1c009afa fff00713 addi             x14, x0, -1         x14=ffffffff
12110017ns          194445 1c009afc 00e7a223 sw               x14, 4(x15)         x14:ffffffff x15:00204000  PA:00204004
