                Time          Cycles PC       Instr    Mnemonic
11816651ns          187674 1c008080 0640006f jal              x0, 100            
11817108ns          187697 1c0080e4 f1402573 csrrs            x10, x0, 0xf14      x10=00000003
11817148ns          187699 1c0080e8 01f57593 andi             x11, x10, 31        x11=00000003 x10:00000003
11817168ns          187700 1c0080ec 00555513 srli             x10, x10, 0x5       x10=00000000 x10:00000003
11817188ns          187701 1c0080ee 01f00613 addi             x12, x0, 31         x12=0000001f
11817605ns          187722 1c0080f0 00c50463 beq              x10, x12, 8         x10:00000000 x12:0000001f
11817645ns          187724 1c0080f4 fa1ff06f jal              x0, -96            
11818123ns          187748 1c008094 f3ff8117 auipc            x2, 0xf3ff8000       x2=10000094
11818162ns          187750 1c008098 f7010113 addi             x2, x2, -144         x2=10000004  x2:10000094
11818182ns          187751 1c00809c 00012103 lw               x2, 0(x2)            x2=10000008  x2:10000004  PA:10000004
11818620ns          187773 1c0080a0 000011b7 lui              x3, 0x1000           x3=00001000
11818660ns          187775 1c0080a4 80018193 addi             x3, x3, -2048        x3=00000800  x3:00001000
11818680ns          187776 1c0080a8 00158593 addi             x11, x11, 1         x11=00000004 x11:00000003
11818699ns          187777 1c0080ac 02b180b3 mul              x1, x3, x11          x1=00002000  x3:00000800 x11:00000004
11819137ns          187799 1c0080b0 00110133 add              x2, x2, x1           x2=10002008  x2:10000008  x1:00002000
11819177ns          187801 1c0080b4 14f0106f jal              x0, 6478           
11819634ns          187824 1c009a02 ff010113 addi             x2, x2, -16          x2=10001ff8  x2:10002008
11819674ns          187826 1c009a04 00112623 sw               x1, 12(x2)           x1:00002000  x2:10001ff8  PA:10002004
11819694ns          187827 1c009a06 002047b7 lui              x15, 0x204000       x15=00204000
11819714ns          187828 1c009a0a 00070737 lui              x14, 0x70000        x14=00070000
11819734ns          187829 1c009a0e 00e7a423 sw               x14, 8(x15)         x14:00070000 x15:00204000  PA:00204008
11820151ns          187850 1c009a10 00f00713 addi             x14, x0, 15         x14=0000000f
11820191ns          187852 1c009a12 20078793 addi             x15, x15, 512       x15=00204200 x15:00204000
11820211ns          187853 1c009a16 00e7a023 sw               x14, 0(x15)         x14:0000000f x15:00204200  PA:00204200
11820251ns          187855 1c009a1a 00e7a623 sw               x14, 12(x15)        x14:0000000f x15:00204200  PA:0020420c
11820689ns          187877 1c009a1e 1c0017b7 lui              x15, 0x1c001000     x15=1c001000
11820728ns          187879 1c009a22 9d47a783 lw               x15, -1580(x15)     x15=1c00813e x15:1c001000  PA:1c0009d4
11821186ns          187902 1c009a26 000780e7 jalr             x1, x15, 0           x1=1c009a28 x15:1c00813e
11822180ns          187952 1c00813e f14027f3 csrrs            x15, x0, 0xf14      x15=00000003
11822220ns          187954 1c008142 ca579733 p.extractu       x14, x15, 5, 5      x14=00000000 x15:00000003
11822240ns          187955 1c008146 0a071e63 bne              x14, x0, 188        x14:00000000
11822260ns          187956 1c008148 f7010113 addi             x2, x2, -144         x2=10001f68  x2:10001ff8
11822280ns          187957 1c00814a 08912223 sw               x9, 132(x2)          x9:xxxxxxxx  x2:10001f68  PA:10001fec
11822300ns          187958 1c00814c 08112623 sw               x1, 140(x2)          x1:1c009a28  x2:10001f68  PA:10001ff4
11822320ns          187959 1c00814e 08812423 sw               x8, 136(x2)          x8:xxxxxxxx  x2:10001f68  PA:10001ff0
11822697ns          187978 1c008150 f457b4b3 p.bclr           x9, x15, 26, 5       x9=00000003 x15:00000003
11822737ns          187980 1c008154 0414a663 p.beqimm         x9, 76               x9:00000003
11822757ns          187981 1c008158 1c1010ef jal              x1, 6592             x1=1c00815c
11823195ns          188003 1c009b18 f14027f3 csrrs            x15, x0, 0xf14      x15=00000003
11823235ns          188005 1c009b1c 01f00713 addi             x14, x0, 31         x14=0000001f
11823712ns          188029 1c009b1e ca5797b3 p.extractu       x15, x15, 5, 5      x15=00000000 x15:00000003
11823752ns          188031 1c009b22 00e78863 beq              x15, x14, 16        x15:00000000 x14:0000001f
11823772ns          188032 1c009b26 002047b7 lui              x15, 0x204000       x15=00204000
11823791ns          188033 1c009b2a 20078793 addi             x15, x15, 512       x15=00204200 x15:00204000
11824269ns          188057 1c009b2e 01c7e703 p.elw            x14, 28(x15)        x14=00010000 x15:00204200  PA:0020421c
11826576ns          188173 1c009b32 00008067 jalr             x0, x1, 0            x1:1c00815c
11826616ns          188175 1c00815c 06048663 beq              x9, x0, 108          x9:00000003
11826636ns          188176 1c00815e 00049963 bne              x9, x0, 18           x9:00000003
11827591ns          188224 1c008170 1a9010ef jal              x1, 6568             x1=1c008174
11827630ns          188226 1c009b18 f14027f3 csrrs            x15, x0, 0xf14      x15=00000003
11827650ns          188227 1c009b1c 01f00713 addi             x14, x0, 31         x14=0000001f
11827670ns          188228 1c009b1e ca5797b3 p.extractu       x15, x15, 5, 5      x15=00000000 x15:00000003
11827690ns          188229 1c009b22 00e78863 beq              x15, x14, 16        x15:00000000 x14:0000001f
11827710ns          188230 1c009b26 002047b7 lui              x15, 0x204000       x15=00204000
11827730ns          188231 1c009b2a 20078793 addi             x15, x15, 512       x15=00204200 x15:00204000
11827750ns          188232 1c009b2e 01c7e703 p.elw            x14, 28(x15)        x14=00010000 x15:00204200  PA:0020421c
11830952ns          188393 1c009b32 00008067 jalr             x0, x1, 0            x1:1c008174
11830992ns          188395 1c008174 f14027f3 csrrs            x15, x0, 0xf14      x15=00000003
11831012ns          188396 1c008178 f457b7b3 p.bclr           x15, x15, 26, 5     x15=00000003 x15:00000003
11831032ns          188397 1c00817c 00079c63 bne              x15, x0, 24         x15:00000003
11831927ns          188442 1c008194 08c12083 lw               x1, 140(x2)          x1=1c009a28  x2:10001f68  PA:10001ff4
11831947ns          188443 1c008196 08812403 lw               x8, 136(x2)          x8=xxxxxxxx  x2:10001f68  PA:10001ff0
11831967ns          188444 1c008198 08412483 lw               x9, 132(x2)          x9=xxxxxxxx  x2:10001f68  PA:10001fec
11831986ns          188445 1c00819a 00000513 addi             x10, x0, 0          x10=00000000
11832006ns          188446 1c00819c 09010113 addi             x2, x2, 144          x2=10001ff8  x2:10001f68
11832026ns          188447 1c00819e 00008067 jalr             x0, x1, 0            x1:1c009a28
11832086ns          188450 1c009a28 f14027f3 csrrs            x15, x0, 0xf14      x15=00000003
11832106ns          188451 1c009a2c f457b7b3 p.bclr           x15, x15, 26, 5     x15=00000003 x15:00000003
11832126ns          188452 1c009a30 00079963 bne              x15, x0, 18         x15:00000003
11832663ns          188479 1c009a42 002047b7 lui              x15, 0x204000       x15=00204000
11832683ns          188480 1c009a46 fff00713 addi             x14, x0, -1         x14=ffffffff
11832703ns          188481 1c009a48 00e7a223 sw               x14, 4(x15)         x14:ffffffff x15:00204000  PA:00204004
