                Time          Cycles PC       Instr    Mnemonic
11816591ns          187671 1c008080 0640006f jal              x0, 100            
11817048ns          187694 1c0080e4 f1402573 csrrs            x10, x0, 0xf14      x10=00000001
11817088ns          187696 1c0080e8 01f57593 andi             x11, x10, 31        x11=00000001 x10:00000001
11817108ns          187697 1c0080ec 00555513 srli             x10, x10, 0x5       x10=00000000 x10:00000001
11817128ns          187698 1c0080ee 01f00613 addi             x12, x0, 31         x12=0000001f
11817546ns          187719 1c0080f0 00c50463 beq              x10, x12, 8         x10:00000000 x12:0000001f
11817586ns          187721 1c0080f4 fa1ff06f jal              x0, -96            
11818063ns          187745 1c008094 f3ff8117 auipc            x2, 0xf3ff8000       x2=10000094
11818103ns          187747 1c008098 f7010113 addi             x2, x2, -144         x2=10000004  x2:10000094
11818123ns          187748 1c00809c 00012103 lw               x2, 0(x2)            x2=10000008  x2:10000004  PA:10000004
11818560ns          187770 1c0080a0 000011b7 lui              x3, 0x1000           x3=00001000
11818600ns          187772 1c0080a4 80018193 addi             x3, x3, -2048        x3=00000800  x3:00001000
11818620ns          187773 1c0080a8 00158593 addi             x11, x11, 1         x11=00000002 x11:00000001
11818640ns          187774 1c0080ac 02b180b3 mul              x1, x3, x11          x1=00001000  x3:00000800 x11:00000002
11819077ns          187796 1c0080b0 00110133 add              x2, x2, x1           x2=10001008  x2:10000008  x1:00001000
11819117ns          187798 1c0080b4 14f0106f jal              x0, 6478           
11819575ns          187821 1c009a02 ff010113 addi             x2, x2, -16          x2=10000ff8  x2:10001008
11819614ns          187823 1c009a04 00112623 sw               x1, 12(x2)           x1:00001000  x2:10000ff8  PA:10001004
11819634ns          187824 1c009a06 002047b7 lui              x15, 0x204000       x15=00204000
11819654ns          187825 1c009a0a 00070737 lui              x14, 0x70000        x14=00070000
11819674ns          187826 1c009a0e 00e7a423 sw               x14, 8(x15)         x14:00070000 x15:00204000  PA:00204008
11820092ns          187847 1c009a10 00f00713 addi             x14, x0, 15         x14=0000000f
11820132ns          187849 1c009a12 20078793 addi             x15, x15, 512       x15=00204200 x15:00204000
11820151ns          187850 1c009a16 00e7a023 sw               x14, 0(x15)         x14:0000000f x15:00204200  PA:00204200
11820171ns          187851 1c009a1a 00e7a623 sw               x14, 12(x15)        x14:0000000f x15:00204200  PA:0020420c
11820629ns          187874 1c009a1e 1c0017b7 lui              x15, 0x1c001000     x15=1c001000
11820669ns          187876 1c009a22 9d47a783 lw               x15, -1580(x15)     x15=1c00813e x15:1c001000  PA:1c0009d4
11821007ns          187893 1c009a26 000780e7 jalr             x1, x15, 0           x1=1c009a28 x15:1c00813e
11822121ns          187949 1c00813e f14027f3 csrrs            x15, x0, 0xf14      x15=00000001
11822160ns          187951 1c008142 ca579733 p.extractu       x14, x15, 5, 5      x14=00000000 x15:00000001
11822180ns          187952 1c008146 00070463 beq              x14, x0, 8          x14:00000000
11822678ns          187977 1c00814e f7010113 addi             x2, x2, -144         x2=10000f68  x2:10000ff8
11822697ns          187978 1c008150 08912223 sw               x9, 132(x2)          x9:xxxxxxxx  x2:10000f68  PA:10000fec
11822717ns          187979 1c008152 08112623 sw               x1, 140(x2)          x1:1c009a28  x2:10000f68  PA:10000ff4
11822737ns          187980 1c008154 08812423 sw               x8, 136(x2)          x8:xxxxxxxx  x2:10000f68  PA:10000ff0
11822757ns          187981 1c008156 f457b4b3 p.bclr           x9, x15, 26, 5       x9=00000001 x15:00000001
11822777ns          187982 1c00815a 0414a663 p.beqimm         x9, 76               x9:00000001
11823772ns          188032 1c0081a6 dead05b7 lui              x11, 0xdead0000     x11=dead0000
11823791ns          188033 1c0081aa 002006b3 add              x13, x0, x2         x13=10000f68  x2:10000f68
11823811ns          188034 1c0081ac 00000713 addi             x14, x0, 0          x14=00000000
11824249ns          188056 1c0081ae 10058593 addi             x11, x11, 256       x11=dead0100 x11:dead0000
11824289ns          188058 1c0081b2 020350fb lp.setupi        0x1, 0x20, 0x6     
11824309ns          188059 1c0081b6 00b76633 or               x12, x14, x11       x12=dead0100 x14:00000000 x11:dead0100
11824329ns          188060 1c0081ba 00c6a22b p.sw             x12, 4(x13!)        x13=10000f6c x12:dead0100 x13:10000f68  PA:10000f68
11824348ns          188061 1c0081be 00170713 addi             x14, x14, 1         x14=00000001 x14:00000000
11824866ns          188087 1c0081b6 00b76633 or               x12, x14, x11       x12=dead0101 x14:00000001 x11:dead0100
11824885ns          188088 1c0081ba 00c6a22b p.sw             x12, 4(x13!)        x13=10000f70 x12:dead0101 x13:10000f6c  PA:10000f6c
11824905ns          188089 1c0081be 00170713 addi             x14, x14, 1         x14=00000002 x14:00000001
11824945ns          188091 1c0081b6 00b76633 or               x12, x14, x11       x12=dead0102 x14:00000002 x11:dead0100
11824965ns          188092 1c0081ba 00c6a22b p.sw             x12, 4(x13!)        x13=10000f74 x12:dead0102 x13:10000f70  PA:10000f70
11824985ns          188093 1c0081be 00170713 addi             x14, x14, 1         x14=00000003 x14:00000002
11825025ns          188095 1c0081b6 00b76633 or               x12, x14, x11       x12=dead0103 x14:00000003 x11:dead0100
11825045ns          188096 1c0081ba 00c6a22b p.sw             x12, 4(x13!)        x13=10000f78 x12:dead0103 x13:10000f74  PA:10000f74
11825064ns          188097 1c0081be 00170713 addi             x14, x14, 1         x14=00000004 x14:00000003
11825104ns          188099 1c0081b6 00b76633 or               x12, x14, x11       x12=dead0104 x14:00000004 x11:dead0100
11825124ns          188100 1c0081ba 00c6a22b p.sw             x12, 4(x13!)        x13=10000f7c x12:dead0104 x13:10000f78  PA:10000f78
11825144ns          188101 1c0081be 00170713 addi             x14, x14, 1         x14=00000005 x14:00000004
11825184ns          188103 1c0081b6 00b76633 or               x12, x14, x11       x12=dead0105 x14:00000005 x11:dead0100
11825204ns          188104 1c0081ba 00c6a22b p.sw             x12, 4(x13!)        x13=10000f80 x12:dead0105 x13:10000f7c  PA:10000f7c
11825224ns          188105 1c0081be 00170713 addi             x14, x14, 1         x14=00000006 x14:00000005
11825263ns          188107 1c0081b6 00b76633 or               x12, x14, x11       x12=dead0106 x14:00000006 x11:dead0100
11825283ns          188108 1c0081ba 00c6a22b p.sw             x12, 4(x13!)        x13=10000f84 x12:dead0106 x13:10000f80  PA:10000f80
11825303ns          188109 1c0081be 00170713 addi             x14, x14, 1         x14=00000007 x14:00000006
11825343ns          188111 1c0081b6 00b76633 or               x12, x14, x11       x12=dead0107 x14:00000007 x11:dead0100
11825363ns          188112 1c0081ba 00c6a22b p.sw             x12, 4(x13!)        x13=10000f88 x12:dead0107 x13:10000f84  PA:10000f84
11825383ns          188113 1c0081be 00170713 addi             x14, x14, 1         x14=00000008 x14:00000007
11825423ns          188115 1c0081b6 00b76633 or               x12, x14, x11       x12=dead0108 x14:00000008 x11:dead0100
11825442ns          188116 1c0081ba 00c6a22b p.sw             x12, 4(x13!)        x13=10000f8c x12:dead0108 x13:10000f88  PA:10000f88
11825462ns          188117 1c0081be 00170713 addi             x14, x14, 1         x14=00000009 x14:00000008
11825502ns          188119 1c0081b6 00b76633 or               x12, x14, x11       x12=dead0109 x14:00000009 x11:dead0100
11825522ns          188120 1c0081ba 00c6a22b p.sw             x12, 4(x13!)        x13=10000f90 x12:dead0109 x13:10000f8c  PA:10000f8c
11825542ns          188121 1c0081be 00170713 addi             x14, x14, 1         x14=0000000a x14:00000009
11825582ns          188123 1c0081b6 00b76633 or               x12, x14, x11       x12=dead010a x14:0000000a x11:dead0100
11825602ns          188124 1c0081ba 00c6a22b p.sw             x12, 4(x13!)        x13=10000f94 x12:dead010a x13:10000f90  PA:10000f90
11825621ns          188125 1c0081be 00170713 addi             x14, x14, 1         x14=0000000b x14:0000000a
11825661ns          188127 1c0081b6 00b76633 or               x12, x14, x11       x12=dead010b x14:0000000b x11:dead0100
11825681ns          188128 1c0081ba 00c6a22b p.sw             x12, 4(x13!)        x13=10000f98 x12:dead010b x13:10000f94  PA:10000f94
11825701ns          188129 1c0081be 00170713 addi             x14, x14, 1         x14=0000000c x14:0000000b
11825741ns          188131 1c0081b6 00b76633 or               x12, x14, x11       x12=dead010c x14:0000000c x11:dead0100
11825761ns          188132 1c0081ba 00c6a22b p.sw             x12, 4(x13!)        x13=10000f9c x12:dead010c x13:10000f98  PA:10000f98
11825781ns          188133 1c0081be 00170713 addi             x14, x14, 1         x14=0000000d x14:0000000c
11825820ns          188135 1c0081b6 00b76633 or               x12, x14, x11       x12=dead010d x14:0000000d x11:dead0100
11825840ns          188136 1c0081ba 00c6a22b p.sw             x12, 4(x13!)        x13=10000fa0 x12:dead010d x13:10000f9c  PA:10000f9c
11825860ns          188137 1c0081be 00170713 addi             x14, x14, 1         x14=0000000e x14:0000000d
11825900ns          188139 1c0081b6 00b76633 or               x12, x14, x11       x12=dead010e x14:0000000e x11:dead0100
11825920ns          188140 1c0081ba 00c6a22b p.sw             x12, 4(x13!)        x13=10000fa4 x12:dead010e x13:10000fa0  PA:10000fa0
11825940ns          188141 1c0081be 00170713 addi             x14, x14, 1         x14=0000000f x14:0000000e
11825979ns          188143 1c0081b6 00b76633 or               x12, x14, x11       x12=dead010f x14:0000000f x11:dead0100
11825999ns          188144 1c0081ba 00c6a22b p.sw             x12, 4(x13!)        x13=10000fa8 x12:dead010f x13:10000fa4  PA:10000fa4
11826019ns          188145 1c0081be 00170713 addi             x14, x14, 1         x14=00000010 x14:0000000f
11826059ns          188147 1c0081b6 00b76633 or               x12, x14, x11       x12=dead0110 x14:00000010 x11:dead0100
11826079ns          188148 1c0081ba 00c6a22b p.sw             x12, 4(x13!)        x13=10000fac x12:dead0110 x13:10000fa8  PA:10000fa8
11826099ns          188149 1c0081be 00170713 addi             x14, x14, 1         x14=00000011 x14:00000010
11826139ns          188151 1c0081b6 00b76633 or               x12, x14, x11       x12=dead0111 x14:00000011 x11:dead0100
11826158ns          188152 1c0081ba 00c6a22b p.sw             x12, 4(x13!)        x13=10000fb0 x12:dead0111 x13:10000fac  PA:10000fac
11826178ns          188153 1c0081be 00170713 addi             x14, x14, 1         x14=00000012 x14:00000011
11826218ns          188155 1c0081b6 00b76633 or               x12, x14, x11       x12=dead0112 x14:00000012 x11:dead0100
11826238ns          188156 1c0081ba 00c6a22b p.sw             x12, 4(x13!)        x13=10000fb4 x12:dead0112 x13:10000fb0  PA:10000fb0
11826258ns          188157 1c0081be 00170713 addi             x14, x14, 1         x14=00000013 x14:00000012
11826298ns          188159 1c0081b6 00b76633 or               x12, x14, x11       x12=dead0113 x14:00000013 x11:dead0100
11826318ns          188160 1c0081ba 00c6a22b p.sw             x12, 4(x13!)        x13=10000fb8 x12:dead0113 x13:10000fb4  PA:10000fb4
11826337ns          188161 1c0081be 00170713 addi             x14, x14, 1         x14=00000014 x14:00000013
11826377ns          188163 1c0081b6 00b76633 or               x12, x14, x11       x12=dead0114 x14:00000014 x11:dead0100
11826397ns          188164 1c0081ba 00c6a22b p.sw             x12, 4(x13!)        x13=10000fbc x12:dead0114 x13:10000fb8  PA:10000fb8
11826417ns          188165 1c0081be 00170713 addi             x14, x14, 1         x14=00000015 x14:00000014
11826457ns          188167 1c0081b6 00b76633 or               x12, x14, x11       x12=dead0115 x14:00000015 x11:dead0100
11826477ns          188168 1c0081ba 00c6a22b p.sw             x12, 4(x13!)        x13=10000fc0 x12:dead0115 x13:10000fbc  PA:10000fbc
11826497ns          188169 1c0081be 00170713 addi             x14, x14, 1         x14=00000016 x14:00000015
11826536ns          188171 1c0081b6 00b76633 or               x12, x14, x11       x12=dead0116 x14:00000016 x11:dead0100
11826556ns          188172 1c0081ba 00c6a22b p.sw             x12, 4(x13!)        x13=10000fc4 x12:dead0116 x13:10000fc0  PA:10000fc0
11826576ns          188173 1c0081be 00170713 addi             x14, x14, 1         x14=00000017 x14:00000016
11826616ns          188175 1c0081b6 00b76633 or               x12, x14, x11       x12=dead0117 x14:00000017 x11:dead0100
11826636ns          188176 1c0081ba 00c6a22b p.sw             x12, 4(x13!)        x13=10000fc8 x12:dead0117 x13:10000fc4  PA:10000fc4
11826656ns          188177 1c0081be 00170713 addi             x14, x14, 1         x14=00000018 x14:00000017
11826696ns          188179 1c0081b6 00b76633 or               x12, x14, x11       x12=dead0118 x14:00000018 x11:dead0100
11826715ns          188180 1c0081ba 00c6a22b p.sw             x12, 4(x13!)        x13=10000fcc x12:dead0118 x13:10000fc8  PA:10000fc8
11826735ns          188181 1c0081be 00170713 addi             x14, x14, 1         x14=00000019 x14:00000018
11826775ns          188183 1c0081b6 00b76633 or               x12, x14, x11       x12=dead0119 x14:00000019 x11:dead0100
11826795ns          188184 1c0081ba 00c6a22b p.sw             x12, 4(x13!)        x13=10000fd0 x12:dead0119 x13:10000fcc  PA:10000fcc
11826815ns          188185 1c0081be 00170713 addi             x14, x14, 1         x14=0000001a x14:00000019
11826855ns          188187 1c0081b6 00b76633 or               x12, x14, x11       x12=dead011a x14:0000001a x11:dead0100
11826875ns          188188 1c0081ba 00c6a22b p.sw             x12, 4(x13!)        x13=10000fd4 x12:dead011a x13:10000fd0  PA:10000fd0
11826894ns          188189 1c0081be 00170713 addi             x14, x14, 1         x14=0000001b x14:0000001a
11826934ns          188191 1c0081b6 00b76633 or               x12, x14, x11       x12=dead011b x14:0000001b x11:dead0100
11826954ns          188192 1c0081ba 00c6a22b p.sw             x12, 4(x13!)        x13=10000fd8 x12:dead011b x13:10000fd4  PA:10000fd4
11826974ns          188193 1c0081be 00170713 addi             x14, x14, 1         x14=0000001c x14:0000001b
11827014ns          188195 1c0081b6 00b76633 or               x12, x14, x11       x12=dead011c x14:0000001c x11:dead0100
11827034ns          188196 1c0081ba 00c6a22b p.sw             x12, 4(x13!)        x13=10000fdc x12:dead011c x13:10000fd8  PA:10000fd8
11827054ns          188197 1c0081be 00170713 addi             x14, x14, 1         x14=0000001d x14:0000001c
11827093ns          188199 1c0081b6 00b76633 or               x12, x14, x11       x12=dead011d x14:0000001d x11:dead0100
11827113ns          188200 1c0081ba 00c6a22b p.sw             x12, 4(x13!)        x13=10000fe0 x12:dead011d x13:10000fdc  PA:10000fdc
11827133ns          188201 1c0081be 00170713 addi             x14, x14, 1         x14=0000001e x14:0000001d
11827173ns          188203 1c0081b6 00b76633 or               x12, x14, x11       x12=dead011e x14:0000001e x11:dead0100
11827193ns          188204 1c0081ba 00c6a22b p.sw             x12, 4(x13!)        x13=10000fe4 x12:dead011e x13:10000fe0  PA:10000fe0
11827213ns          188205 1c0081be 00170713 addi             x14, x14, 1         x14=0000001f x14:0000001e
11827252ns          188207 1c0081b6 00b76633 or               x12, x14, x11       x12=dead011f x14:0000001f x11:dead0100
11827272ns          188208 1c0081ba 00c6a22b p.sw             x12, 4(x13!)        x13=10000fe8 x12:dead011f x13:10000fe4  PA:10000fe4
11827292ns          188209 1c0081be 00170713 addi             x14, x14, 1         x14=00000020 x14:0000001f
11827312ns          188210 1c0081c0 159010ef jal              x1, 6488             x1=1c0081c4
11827392ns          188214 1c009b18 f14027f3 csrrs            x15, x0, 0xf14      x15=00000001
11827431ns          188216 1c009b1c 01f00713 addi             x14, x0, 31         x14=0000001f
11827491ns          188219 1c009b1e ca5797b3 p.extractu       x15, x15, 5, 5      x15=00000000 x15:00000001
11827531ns          188221 1c009b22 00e78863 beq              x15, x14, 16        x15:00000000 x14:0000001f
11827551ns          188222 1c009b26 002047b7 lui              x15, 0x204000       x15=00204000
11827571ns          188223 1c009b2a 20078793 addi             x15, x15, 512       x15=00204200 x15:00204000
11827630ns          188226 1c009b2e 01c7e703 p.elw            x14, 28(x15)        x14=00010000 x15:00204200  PA:0020421c
11827750ns          188232 1c009b32 00008067 jalr             x0, x1, 0            x1:1c0081c4
11827790ns          188234 1c0081c4 f14027f3 csrrs            x15, x0, 0xf14      x15=00000001
11827809ns          188235 1c0081c8 f457b7b3 p.bclr           x15, x15, 26, 5     x15=00000001 x15:00000001
11827829ns          188236 1c0081cc 02079363 bne              x15, x0, 38         x15:00000001
11828983ns          188294 1c0081f2 19000637 lui              x12, 0x19000000     x12=19000000
11829003ns          188295 1c0081f6 00200733 add              x14, x0, x2         x14=10000f68  x2:10000f68
11829023ns          188296 1c0081f8 02060613 addi             x12, x12, 32        x12=19000020 x12:19000000
11829043ns          188297 1c0081fc 020250fb lp.setupi        0x1, 0x20, 0x4     
11829460ns          188318 1c008200 0047268b p.lw             x13, 4(x14!)        x13=dead0100 x14=10000f6c x14:10000f68  PA:10000f68
11829500ns          188320 1c008204 00d62023 sw               x13, 0(x12)         x13:dead0100 x12:19000020  PA:19000020
11829520ns          188321 1c008200 0047268b p.lw             x13, 4(x14!)        x13=dead0101 x14=10000f70 x14:10000f6c  PA:10000f6c
11829560ns          188323 1c008204 00d62023 sw               x13, 0(x12)         x13:dead0101 x12:19000020  PA:19000020
11829580ns          188324 1c008200 0047268b p.lw             x13, 4(x14!)        x13=dead0102 x14=10000f74 x14:10000f70  PA:10000f70
11829619ns          188326 1c008204 00d62023 sw               x13, 0(x12)         x13:dead0102 x12:19000020  PA:19000020
11829639ns          188327 1c008200 0047268b p.lw             x13, 4(x14!)        x13=dead0103 x14=10000f78 x14:10000f74  PA:10000f74
11829679ns          188329 1c008204 00d62023 sw               x13, 0(x12)         x13:dead0103 x12:19000020  PA:19000020
11829699ns          188330 1c008200 0047268b p.lw             x13, 4(x14!)        x13=dead0104 x14=10000f7c x14:10000f78  PA:10000f78
11829739ns          188332 1c008204 00d62023 sw               x13, 0(x12)         x13:dead0104 x12:19000020  PA:19000020
11829759ns          188333 1c008200 0047268b p.lw             x13, 4(x14!)        x13=dead0105 x14=10000f80 x14:10000f7c  PA:10000f7c
11829798ns          188335 1c008204 00d62023 sw               x13, 0(x12)         x13:dead0105 x12:19000020  PA:19000020
11829818ns          188336 1c008200 0047268b p.lw             x13, 4(x14!)        x13=dead0106 x14=10000f84 x14:10000f80  PA:10000f80
11829858ns          188338 1c008204 00d62023 sw               x13, 0(x12)         x13:dead0106 x12:19000020  PA:19000020
11829878ns          188339 1c008200 0047268b p.lw             x13, 4(x14!)        x13=dead0107 x14=10000f88 x14:10000f84  PA:10000f84
11829918ns          188341 1c008204 00d62023 sw               x13, 0(x12)         x13:dead0107 x12:19000020  PA:19000020
11829938ns          188342 1c008200 0047268b p.lw             x13, 4(x14!)        x13=dead0108 x14=10000f8c x14:10000f88  PA:10000f88
11829977ns          188344 1c008204 00d62023 sw               x13, 0(x12)         x13:dead0108 x12:19000020  PA:19000020
11829997ns          188345 1c008200 0047268b p.lw             x13, 4(x14!)        x13=dead0109 x14=10000f90 x14:10000f8c  PA:10000f8c
11830037ns          188347 1c008204 00d62023 sw               x13, 0(x12)         x13:dead0109 x12:19000020  PA:19000020
11830057ns          188348 1c008200 0047268b p.lw             x13, 4(x14!)        x13=dead010a x14=10000f94 x14:10000f90  PA:10000f90
11830097ns          188350 1c008204 00d62023 sw               x13, 0(x12)         x13:dead010a x12:19000020  PA:19000020
11830117ns          188351 1c008200 0047268b p.lw             x13, 4(x14!)        x13=dead010b x14=10000f98 x14:10000f94  PA:10000f94
11830157ns          188353 1c008204 00d62023 sw               x13, 0(x12)         x13:dead010b x12:19000020  PA:19000020
11830176ns          188354 1c008200 0047268b p.lw             x13, 4(x14!)        x13=dead010c x14=10000f9c x14:10000f98  PA:10000f98
11830216ns          188356 1c008204 00d62023 sw               x13, 0(x12)         x13:dead010c x12:19000020  PA:19000020
11830236ns          188357 1c008200 0047268b p.lw             x13, 4(x14!)        x13=dead010d x14=10000fa0 x14:10000f9c  PA:10000f9c
11830276ns          188359 1c008204 00d62023 sw               x13, 0(x12)         x13:dead010d x12:19000020  PA:19000020
11830296ns          188360 1c008200 0047268b p.lw             x13, 4(x14!)        x13=dead010e x14=10000fa4 x14:10000fa0  PA:10000fa0
11830336ns          188362 1c008204 00d62023 sw               x13, 0(x12)         x13:dead010e x12:19000020  PA:19000020
11830355ns          188363 1c008200 0047268b p.lw             x13, 4(x14!)        x13=dead010f x14=10000fa8 x14:10000fa4  PA:10000fa4
11830395ns          188365 1c008204 00d62023 sw               x13, 0(x12)         x13:dead010f x12:19000020  PA:19000020
11830415ns          188366 1c008200 0047268b p.lw             x13, 4(x14!)        x13=dead0110 x14=10000fac x14:10000fa8  PA:10000fa8
11830455ns          188368 1c008204 00d62023 sw               x13, 0(x12)         x13:dead0110 x12:19000020  PA:19000020
11830475ns          188369 1c008200 0047268b p.lw             x13, 4(x14!)        x13=dead0111 x14=10000fb0 x14:10000fac  PA:10000fac
11830515ns          188371 1c008204 00d62023 sw               x13, 0(x12)         x13:dead0111 x12:19000020  PA:19000020
11830534ns          188372 1c008200 0047268b p.lw             x13, 4(x14!)        x13=dead0112 x14=10000fb4 x14:10000fb0  PA:10000fb0
11830574ns          188374 1c008204 00d62023 sw               x13, 0(x12)         x13:dead0112 x12:19000020  PA:19000020
11830594ns          188375 1c008200 0047268b p.lw             x13, 4(x14!)        x13=dead0113 x14=10000fb8 x14:10000fb4  PA:10000fb4
11830634ns          188377 1c008204 00d62023 sw               x13, 0(x12)         x13:dead0113 x12:19000020  PA:19000020
11830654ns          188378 1c008200 0047268b p.lw             x13, 4(x14!)        x13=dead0114 x14=10000fbc x14:10000fb8  PA:10000fb8
11830694ns          188380 1c008204 00d62023 sw               x13, 0(x12)         x13:dead0114 x12:19000020  PA:19000020
11830713ns          188381 1c008200 0047268b p.lw             x13, 4(x14!)        x13=dead0115 x14=10000fc0 x14:10000fbc  PA:10000fbc
11830753ns          188383 1c008204 00d62023 sw               x13, 0(x12)         x13:dead0115 x12:19000020  PA:19000020
11830773ns          188384 1c008200 0047268b p.lw             x13, 4(x14!)        x13=dead0116 x14=10000fc4 x14:10000fc0  PA:10000fc0
11830813ns          188386 1c008204 00d62023 sw               x13, 0(x12)         x13:dead0116 x12:19000020  PA:19000020
11830833ns          188387 1c008200 0047268b p.lw             x13, 4(x14!)        x13=dead0117 x14=10000fc8 x14:10000fc4  PA:10000fc4
11830873ns          188389 1c008204 00d62023 sw               x13, 0(x12)         x13:dead0117 x12:19000020  PA:19000020
11830892ns          188390 1c008200 0047268b p.lw             x13, 4(x14!)        x13=dead0118 x14=10000fcc x14:10000fc8  PA:10000fc8
11830932ns          188392 1c008204 00d62023 sw               x13, 0(x12)         x13:dead0118 x12:19000020  PA:19000020
11830952ns          188393 1c008200 0047268b p.lw             x13, 4(x14!)        x13=dead0119 x14=10000fd0 x14:10000fcc  PA:10000fcc
11830992ns          188395 1c008204 00d62023 sw               x13, 0(x12)         x13:dead0119 x12:19000020  PA:19000020
11831012ns          188396 1c008200 0047268b p.lw             x13, 4(x14!)        x13=dead011a x14=10000fd4 x14:10000fd0  PA:10000fd0
11831052ns          188398 1c008204 00d62023 sw               x13, 0(x12)         x13:dead011a x12:19000020  PA:19000020
11831071ns          188399 1c008200 0047268b p.lw             x13, 4(x14!)        x13=dead011b x14=10000fd8 x14:10000fd4  PA:10000fd4
11831111ns          188401 1c008204 00d62023 sw               x13, 0(x12)         x13:dead011b x12:19000020  PA:19000020
11831131ns          188402 1c008200 0047268b p.lw             x13, 4(x14!)        x13=dead011c x14=10000fdc x14:10000fd8  PA:10000fd8
11831171ns          188404 1c008204 00d62023 sw               x13, 0(x12)         x13:dead011c x12:19000020  PA:19000020
11831191ns          188405 1c008200 0047268b p.lw             x13, 4(x14!)        x13=dead011d x14=10000fe0 x14:10000fdc  PA:10000fdc
11831231ns          188407 1c008204 00d62023 sw               x13, 0(x12)         x13:dead011d x12:19000020  PA:19000020
11831250ns          188408 1c008200 0047268b p.lw             x13, 4(x14!)        x13=dead011e x14=10000fe4 x14:10000fe0  PA:10000fe0
11831290ns          188410 1c008204 00d62023 sw               x13, 0(x12)         x13:dead011e x12:19000020  PA:19000020
11831310ns          188411 1c008200 0047268b p.lw             x13, 4(x14!)        x13=dead011f x14=10000fe8 x14:10000fe4  PA:10000fe4
11831350ns          188413 1c008204 00d62023 sw               x13, 0(x12)         x13:dead011f x12:19000020  PA:19000020
11831370ns          188414 1c008206 f71ff06f jal              x0, -144           
11831907ns          188441 1c008176 1a3010ef jal              x1, 6562             x1=1c00817a
11831947ns          188443 1c009b18 f14027f3 csrrs            x15, x0, 0xf14      x15=00000001
11831967ns          188444 1c009b1c 01f00713 addi             x14, x0, 31         x14=0000001f
11831986ns          188445 1c009b1e ca5797b3 p.extractu       x15, x15, 5, 5      x15=00000000 x15:00000001
11832006ns          188446 1c009b22 00e78863 beq              x15, x14, 16        x15:00000000 x14:0000001f
11832026ns          188447 1c009b26 002047b7 lui              x15, 0x204000       x15=00204000
11832046ns          188448 1c009b2a 20078793 addi             x15, x15, 512       x15=00204200 x15:00204000
11832066ns          188449 1c009b2e 01c7e703 p.elw            x14, 28(x15)        x14=00010000 x15:00204200  PA:0020421c
11832185ns          188455 1c009b32 00008067 jalr             x0, x1, 0            x1:1c00817a
11832245ns          188458 1c00817a f14027f3 csrrs            x15, x0, 0xf14      x15=00000001
11832305ns          188461 1c00817e f457b7b3 p.bclr           x15, x15, 26, 5     x15=00000001 x15:00000001
11832325ns          188462 1c008182 00079c63 bne              x15, x0, 24         x15:00000001
11832802ns          188486 1c00819a 08c12083 lw               x1, 140(x2)          x1=1c009a28  x2:10000f68  PA:10000ff4
11832842ns          188488 1c00819c 08812403 lw               x8, 136(x2)          x8=xxxxxxxx  x2:10000f68  PA:10000ff0
11832862ns          188489 1c00819e 08412483 lw               x9, 132(x2)          x9=xxxxxxxx  x2:10000f68  PA:10000fec
11832882ns          188490 1c0081a0 00000513 addi             x10, x0, 0          x10=00000000
11832901ns          188491 1c0081a2 09010113 addi             x2, x2, 144          x2=10000ff8  x2:10000f68
11832921ns          188492 1c0081a4 00008067 jalr             x0, x1, 0            x1:1c009a28
11833021ns          188497 1c009a28 f14027f3 csrrs            x15, x0, 0xf14      x15=00000001
11833041ns          188498 1c009a2c f457b7b3 p.bclr           x15, x15, 26, 5     x15=00000001 x15:00000001
11833061ns          188499 1c009a30 00079963 bne              x15, x0, 18         x15:00000001
11833617ns          188527 1c009a42 002047b7 lui              x15, 0x204000       x15=00204000
11833637ns          188528 1c009a46 fff00713 addi             x14, x0, -1         x14=ffffffff
11833657ns          188529 1c009a48 00e7a223 sw               x14, 4(x15)         x14:ffffffff x15:00204000  PA:00204004
