                Time          Cycles PC       Instr    Mnemonic
11816631ns          187673 1c008080 0640006f jal              x0, 100            
11817088ns          187696 1c0080e4 f1402573 csrrs            x10, x0, 0xf14      x10=00000002
11817128ns          187698 1c0080e8 01f57593 andi             x11, x10, 31        x11=00000002 x10:00000002
11817148ns          187699 1c0080ec 00555513 srli             x10, x10, 0x5       x10=00000000 x10:00000002
11817168ns          187700 1c0080ee 01f00613 addi             x12, x0, 31         x12=0000001f
11817586ns          187721 1c0080f0 00c50463 beq              x10, x12, 8         x10:00000000 x12:0000001f
11817625ns          187723 1c0080f4 fa1ff06f jal              x0, -96            
11818103ns          187747 1c008094 f3ff8117 auipc            x2, 0xf3ff8000       x2=10000094
11818142ns          187749 1c008098 f7010113 addi             x2, x2, -144         x2=10000004  x2:10000094
11818162ns          187750 1c00809c 00012103 lw               x2, 0(x2)            x2=10000008  x2:10000004  PA:10000004
11818600ns          187772 1c0080a0 000011b7 lui              x3, 0x1000           x3=00001000
11818640ns          187774 1c0080a4 80018193 addi             x3, x3, -2048        x3=00000800  x3:00001000
11818660ns          187775 1c0080a8 00158593 addi             x11, x11, 1         x11=00000003 x11:00000002
11818680ns          187776 1c0080ac 02b180b3 mul              x1, x3, x11          x1=00001800  x3:00000800 x11:00000003
11819117ns          187798 1c0080b0 00110133 add              x2, x2, x1           x2=10001808  x2:10000008  x1:00001800
11819157ns          187800 1c0080b4 14f0106f jal              x0, 6478           
11819614ns          187823 1c009a02 ff010113 addi             x2, x2, -16          x2=100017f8  x2:10001808
11819654ns          187825 1c009a04 00112623 sw               x1, 12(x2)           x1:00001800  x2:100017f8  PA:10001804
11819674ns          187826 1c009a06 002047b7 lui              x15, 0x204000       x15=00204000
11819694ns          187827 1c009a0a 00070737 lui              x14, 0x70000        x14=00070000
11819714ns          187828 1c009a0e 00e7a423 sw               x14, 8(x15)         x14:00070000 x15:00204000  PA:00204008
11820132ns          187849 1c009a10 00f00713 addi             x14, x0, 15         x14=0000000f
11820171ns          187851 1c009a12 20078793 addi             x15, x15, 512       x15=00204200 x15:00204000
11820191ns          187852 1c009a16 00e7a023 sw               x14, 0(x15)         x14:0000000f x15:00204200  PA:00204200
11820211ns          187853 1c009a1a 00e7a623 sw               x14, 12(x15)        x14:0000000f x15:00204200  PA:0020420c
11820669ns          187876 1c009a1e 1c0017b7 lui              x15, 0x1c001000     x15=1c001000
11820708ns          187878 1c009a22 9d47a783 lw               x15, -1580(x15)     x15=1c00813e x15:1c001000  PA:1c0009d4
11821166ns          187901 1c009a26 000780e7 jalr             x1, x15, 0           x1=1c009a28 x15:1c00813e
11822160ns          187951 1c00813e f14027f3 csrrs            x15, x0, 0xf14      x15=00000002
11822200ns          187953 1c008142 ca579733 p.extractu       x14, x15, 5, 5      x14=00000000 x15:00000002
11822220ns          187954 1c008146 00070463 beq              x14, x0, 8          x14:00000000
11822717ns          187979 1c00814e f7010113 addi             x2, x2, -144         x2=10001768  x2:100017f8
11822737ns          187980 1c008150 08912223 sw               x9, 132(x2)          x9:xxxxxxxx  x2:10001768  PA:100017ec
11822757ns          187981 1c008152 08112623 sw               x1, 140(x2)          x1:1c009a28  x2:10001768  PA:100017f4
11822777ns          187982 1c008154 08812423 sw               x8, 136(x2)          x8:xxxxxxxx  x2:10001768  PA:100017f0
11822797ns          187983 1c008156 f457b4b3 p.bclr           x9, x15, 26, 5       x9=00000002 x15:00000002
11822817ns          187984 1c00815a 0414a663 p.beqimm         x9, 76               x9:00000002
11823235ns          188005 1c00815e 1bb010ef jal              x1, 6586             x1=1c008162
11823652ns          188026 1c009b18 f14027f3 csrrs            x15, x0, 0xf14      x15=00000002
11823692ns          188028 1c009b1c 01f00713 addi             x14, x0, 31         x14=0000001f
11824169ns          188052 1c009b1e ca5797b3 p.extractu       x15, x15, 5, 5      x15=00000000 x15:00000002
11824209ns          188054 1c009b22 00e78863 beq              x15, x14, 16        x15:00000000 x14:0000001f
11824229ns          188055 1c009b26 002047b7 lui              x15, 0x204000       x15=00204000
11824249ns          188056 1c009b2a 20078793 addi             x15, x15, 512       x15=00204200 x15:00204000
11824726ns          188080 1c009b2e 01c7e703 p.elw            x14, 28(x15)        x14=00010000 x15:00204200  PA:0020421c
11827750ns          188232 1c009b32 00008067 jalr             x0, x1, 0            x1:1c008162
11827790ns          188234 1c008162 06048663 beq              x9, x0, 108          x9:00000002
11827809ns          188235 1c008164 00049963 bne              x9, x0, 18           x9:00000002
11828466ns          188268 1c008176 1a3010ef jal              x1, 6562             x1=1c00817a
11828506ns          188270 1c009b18 f14027f3 csrrs            x15, x0, 0xf14      x15=00000002
11828525ns          188271 1c009b1c 01f00713 addi             x14, x0, 31         x14=0000001f
11828545ns          188272 1c009b1e ca5797b3 p.extractu       x15, x15, 5, 5      x15=00000000 x15:00000002
11828565ns          188273 1c009b22 00e78863 beq              x15, x14, 16        x15:00000000 x14:0000001f
11828585ns          188274 1c009b26 002047b7 lui              x15, 0x204000       x15=00204000
11828605ns          188275 1c009b2a 20078793 addi             x15, x15, 512       x15=00204200 x15:00204000
11828625ns          188276 1c009b2e 01c7e703 p.elw            x14, 28(x15)        x14=00010000 x15:00204200  PA:0020421c
11832185ns          188455 1c009b32 00008067 jalr             x0, x1, 0            x1:1c00817a
11832245ns          188458 1c00817a f14027f3 csrrs            x15, x0, 0xf14      x15=00000002
11832344ns          188463 1c00817e f457b7b3 p.bclr           x15, x15, 26, 5     x15=00000002 x15:00000002
11832364ns          188464 1c008182 00079c63 bne              x15, x0, 24         x15:00000002
11832862ns          188489 1c00819a 08c12083 lw               x1, 140(x2)          x1=1c009a28  x2:10001768  PA:100017f4
11832901ns          188491 1c00819c 08812403 lw               x8, 136(x2)          x8=xxxxxxxx  x2:10001768  PA:100017f0
11832921ns          188492 1c00819e 08412483 lw               x9, 132(x2)          x9=xxxxxxxx  x2:10001768  PA:100017ec
11832961ns          188494 1c0081a0 00000513 addi             x10, x0, 0          x10=00000000
11832981ns          188495 1c0081a2 09010113 addi             x2, x2, 144          x2=100017f8  x2:10001768
11833001ns          188496 1c0081a4 00008067 jalr             x0, x1, 0            x1:1c009a28
11833041ns          188498 1c009a28 f14027f3 csrrs            x15, x0, 0xf14      x15=00000002
11833061ns          188499 1c009a2c f457b7b3 p.bclr           x15, x15, 26, 5     x15=00000002 x15:00000002
11833080ns          188500 1c009a30 00079963 bne              x15, x0, 18         x15:00000002
11833657ns          188529 1c009a42 002047b7 lui              x15, 0x204000       x15=00204000
11833677ns          188530 1c009a46 fff00713 addi             x14, x0, -1         x14=ffffffff
11833697ns          188531 1c009a48 00e7a223 sw               x14, 4(x15)         x14:ffffffff x15:00204000  PA:00204004
