                Time          Cycles PC       Instr    Mnemonic
11938699ns          189822 1c008080 0640006f jal              x0, 100            
11939157ns          189845 1c0080e4 f1402573 csrrs            x10, x0, 0xf14      x10=00000001
11939197ns          189847 1c0080e8 01f57593 andi             x11, x10, 31        x11=00000001 x10:00000001
11939217ns          189848 1c0080ec 00555513 srli             x10, x10, 0x5       x10=00000000 x10:00000001
11939236ns          189849 1c0080ee 01f00613 addi             x12, x0, 31         x12=0000001f
11939654ns          189870 1c0080f0 00c50463 beq              x10, x12, 8         x10:00000000 x12:0000001f
11939694ns          189872 1c0080f4 fa1ff06f jal              x0, -96            
11940151ns          189895 1c008094 f3ff8117 auipc            x2, 0xf3ff8000       x2=10000094
11940191ns          189897 1c008098 f7010113 addi             x2, x2, -144         x2=10000004  x2:10000094
11940211ns          189898 1c00809c 00012103 lw               x2, 0(x2)            x2=10000008  x2:10000004  PA:10000004
11940669ns          189921 1c0080a0 000011b7 lui              x3, 0x1000           x3=00001000
11940708ns          189923 1c0080a4 80018193 addi             x3, x3, -2048        x3=00000800  x3:00001000
11940728ns          189924 1c0080a8 00158593 addi             x11, x11, 1         x11=00000002 x11:00000001
11940748ns          189925 1c0080ac 02b180b3 mul              x1, x3, x11          x1=00001000  x3:00000800 x11:00000002
11941186ns          189947 1c0080b0 00110133 add              x2, x2, x1           x2=10001008  x2:10000008  x1:00001000
11941226ns          189949 1c0080b4 1ed0106f jal              x0, 6636           
11941683ns          189972 1c009aa0 ff010113 addi             x2, x2, -16          x2=10000ff8  x2:10001008
11941703ns          189973 1c009aa2 00112623 sw               x1, 12(x2)           x1:00001000  x2:10000ff8  PA:10001004
11941723ns          189974 1c009aa4 002047b7 lui              x15, 0x204000       x15=00204000
11941743ns          189975 1c009aa8 00070737 lui              x14, 0x70000        x14=00070000
11941763ns          189976 1c009aac 00e7a423 sw               x14, 8(x15)         x14:00070000 x15:00204000  PA:00204008
11941782ns          189977 1c009aae 00f00713 addi             x14, x0, 15         x14=0000000f
11942200ns          189998 1c009ab0 20078793 addi             x15, x15, 512       x15=00204200 x15:00204000
11942240ns          190000 1c009ab4 00e7a023 sw               x14, 0(x15)         x14:0000000f x15:00204200  PA:00204200
11942260ns          190001 1c009ab8 00e7a623 sw               x14, 12(x15)        x14:0000000f x15:00204200  PA:0020420c
11942280ns          190002 1c009abc 1c0017b7 lui              x15, 0x1c001000     x15=1c001000
11942717ns          190024 1c009ac0 9d47a783 lw               x15, -1580(x15)     x15=1c00813e x15:1c001000  PA:1c0009d4
11943055ns          190041 1c009ac4 000780e7 jalr             x1, x15, 0           x1=1c009ac6 x15:1c00813e
11944189ns          190098 1c00813e f14027f3 csrrs            x15, x0, 0xf14      x15=00000001
11944229ns          190100 1c008142 ca579733 p.extractu       x14, x15, 5, 5      x14=00000000 x15:00000001
11944249ns          190101 1c008146 00070463 beq              x14, x0, 8          x14:00000000
11944766ns          190127 1c00814e f7010113 addi             x2, x2, -144         x2=10000f68  x2:10000ff8
11944786ns          190128 1c008150 08912223 sw               x9, 132(x2)          x9:xxxxxxxx  x2:10000f68  PA:10000fec
11944806ns          190129 1c008152 08112623 sw               x1, 140(x2)          x1:1c009ac6  x2:10000f68  PA:10000ff4
11944826ns          190130 1c008154 08812423 sw               x8, 136(x2)          x8:xxxxxxxx  x2:10000f68  PA:10000ff0
11944846ns          190131 1c008156 f457b4b3 p.bclr           x9, x15, 26, 5       x9=00000001 x15:00000001
11944866ns          190132 1c00815a 0a14a863 p.beqimm         x9, 176              x9:00000001
11945781ns          190178 1c00820a dead05b7 lui              x11, 0xdead0000     x11=dead0000
11945800ns          190179 1c00820e 00000793 addi             x15, x0, 0          x15=00000000
11946457ns          190212 1c008210 10058593 addi             x11, x11, 256       x11=dead0100 x11:dead0000
11946497ns          190214 1c008214 020550fb lp.setupi        0x1, 0x20, 0xa     
11946516ns          190215 1c008218 00279713 slli             x14, x15, 0x2       x14=00000000 x15:00000000
11946536ns          190216 1c00821c 08010513 addi             x10, x2, 128        x10=10000fe8  x2:10000f68
11947034ns          190241 1c00821e 00b7e633 or               x12, x15, x11       x12=dead0100 x15:00000000 x11:dead0100
11947054ns          190242 1c008222 00a70733 add              x14, x14, x10       x14=10000fe8 x14:00000000 x10:10000fe8
11947073ns          190243 1c008224 f8c72023 sw               x12, -128(x14)      x12:dead0100 x14:10000fe8  PA:10000f68
11947093ns          190244 1c008228 00178793 addi             x15, x15, 1         x15=00000001 x15:00000000
11947113ns          190245 1c008218 00279713 slli             x14, x15, 0x2       x14=00000004 x15:00000001
11947133ns          190246 1c00821c 08010513 addi             x10, x2, 128        x10=10000fe8  x2:10000f68
11947153ns          190247 1c00821e 00b7e633 or               x12, x15, x11       x12=dead0101 x15:00000001 x11:dead0100
11947173ns          190248 1c008222 00a70733 add              x14, x14, x10       x14=10000fec x14:00000004 x10:10000fe8
11947193ns          190249 1c008224 f8c72023 sw               x12, -128(x14)      x12:dead0101 x14:10000fec  PA:10000f6c
11947213ns          190250 1c008228 00178793 addi             x15, x15, 1         x15=00000002 x15:00000001
11947233ns          190251 1c008218 00279713 slli             x14, x15, 0x2       x14=00000008 x15:00000002
11947252ns          190252 1c00821c 08010513 addi             x10, x2, 128        x10=10000fe8  x2:10000f68
11947272ns          190253 1c00821e 00b7e633 or               x12, x15, x11       x12=dead0102 x15:00000002 x11:dead0100
11947292ns          190254 1c008222 00a70733 add              x14, x14, x10       x14=10000ff0 x14:00000008 x10:10000fe8
11947312ns          190255 1c008224 f8c72023 sw               x12, -128(x14)      x12:dead0102 x14:10000ff0  PA:10000f70
11947332ns          190256 1c008228 00178793 addi             x15, x15, 1         x15=00000003 x15:00000002
11947352ns          190257 1c008218 00279713 slli             x14, x15, 0x2       x14=0000000c x15:00000003
11947372ns          190258 1c00821c 08010513 addi             x10, x2, 128        x10=10000fe8  x2:10000f68
11947392ns          190259 1c00821e 00b7e633 or               x12, x15, x11       x12=dead0103 x15:00000003 x11:dead0100
11947412ns          190260 1c008222 00a70733 add              x14, x14, x10       x14=10000ff4 x14:0000000c x10:10000fe8
11947431ns          190261 1c008224 f8c72023 sw               x12, -128(x14)      x12:dead0103 x14:10000ff4  PA:10000f74
11947451ns          190262 1c008228 00178793 addi             x15, x15, 1         x15=00000004 x15:00000003
11947471ns          190263 1c008218 00279713 slli             x14, x15, 0x2       x14=00000010 x15:00000004
11947491ns          190264 1c00821c 08010513 addi             x10, x2, 128        x10=10000fe8  x2:10000f68
11947511ns          190265 1c00821e 00b7e633 or               x12, x15, x11       x12=dead0104 x15:00000004 x11:dead0100
11947531ns          190266 1c008222 00a70733 add              x14, x14, x10       x14=10000ff8 x14:00000010 x10:10000fe8
11947551ns          190267 1c008224 f8c72023 sw               x12, -128(x14)      x12:dead0104 x14:10000ff8  PA:10000f78
11947571ns          190268 1c008228 00178793 addi             x15, x15, 1         x15=00000005 x15:00000004
11947591ns          190269 1c008218 00279713 slli             x14, x15, 0x2       x14=00000014 x15:00000005
11947610ns          190270 1c00821c 08010513 addi             x10, x2, 128        x10=10000fe8  x2:10000f68
11947630ns          190271 1c00821e 00b7e633 or               x12, x15, x11       x12=dead0105 x15:00000005 x11:dead0100
11947650ns          190272 1c008222 00a70733 add              x14, x14, x10       x14=10000ffc x14:00000014 x10:10000fe8
11947670ns          190273 1c008224 f8c72023 sw               x12, -128(x14)      x12:dead0105 x14:10000ffc  PA:10000f7c
11947690ns          190274 1c008228 00178793 addi             x15, x15, 1         x15=00000006 x15:00000005
11947710ns          190275 1c008218 00279713 slli             x14, x15, 0x2       x14=00000018 x15:00000006
11947730ns          190276 1c00821c 08010513 addi             x10, x2, 128        x10=10000fe8  x2:10000f68
11947750ns          190277 1c00821e 00b7e633 or               x12, x15, x11       x12=dead0106 x15:00000006 x11:dead0100
11947770ns          190278 1c008222 00a70733 add              x14, x14, x10       x14=10001000 x14:00000018 x10:10000fe8
11947789ns          190279 1c008224 f8c72023 sw               x12, -128(x14)      x12:dead0106 x14:10001000  PA:10000f80
11947809ns          190280 1c008228 00178793 addi             x15, x15, 1         x15=00000007 x15:00000006
11947829ns          190281 1c008218 00279713 slli             x14, x15, 0x2       x14=0000001c x15:00000007
11947849ns          190282 1c00821c 08010513 addi             x10, x2, 128        x10=10000fe8  x2:10000f68
11947869ns          190283 1c00821e 00b7e633 or               x12, x15, x11       x12=dead0107 x15:00000007 x11:dead0100
11947889ns          190284 1c008222 00a70733 add              x14, x14, x10       x14=10001004 x14:0000001c x10:10000fe8
11947909ns          190285 1c008224 f8c72023 sw               x12, -128(x14)      x12:dead0107 x14:10001004  PA:10000f84
11947929ns          190286 1c008228 00178793 addi             x15, x15, 1         x15=00000008 x15:00000007
11947949ns          190287 1c008218 00279713 slli             x14, x15, 0x2       x14=00000020 x15:00000008
11947968ns          190288 1c00821c 08010513 addi             x10, x2, 128        x10=10000fe8  x2:10000f68
11947988ns          190289 1c00821e 00b7e633 or               x12, x15, x11       x12=dead0108 x15:00000008 x11:dead0100
11948008ns          190290 1c008222 00a70733 add              x14, x14, x10       x14=10001008 x14:00000020 x10:10000fe8
11948028ns          190291 1c008224 f8c72023 sw               x12, -128(x14)      x12:dead0108 x14:10001008  PA:10000f88
11948048ns          190292 1c008228 00178793 addi             x15, x15, 1         x15=00000009 x15:00000008
11948068ns          190293 1c008218 00279713 slli             x14, x15, 0x2       x14=00000024 x15:00000009
11948088ns          190294 1c00821c 08010513 addi             x10, x2, 128        x10=10000fe8  x2:10000f68
11948108ns          190295 1c00821e 00b7e633 or               x12, x15, x11       x12=dead0109 x15:00000009 x11:dead0100
11948128ns          190296 1c008222 00a70733 add              x14, x14, x10       x14=1000100c x14:00000024 x10:10000fe8
11948148ns          190297 1c008224 f8c72023 sw               x12, -128(x14)      x12:dead0109 x14:1000100c  PA:10000f8c
11948167ns          190298 1c008228 00178793 addi             x15, x15, 1         x15=0000000a x15:00000009
11948187ns          190299 1c008218 00279713 slli             x14, x15, 0x2       x14=00000028 x15:0000000a
11948207ns          190300 1c00821c 08010513 addi             x10, x2, 128        x10=10000fe8  x2:10000f68
11948227ns          190301 1c00821e 00b7e633 or               x12, x15, x11       x12=dead010a x15:0000000a x11:dead0100
11948247ns          190302 1c008222 00a70733 add              x14, x14, x10       x14=10001010 x14:00000028 x10:10000fe8
11948267ns          190303 1c008224 f8c72023 sw               x12, -128(x14)      x12:dead010a x14:10001010  PA:10000f90
11948287ns          190304 1c008228 00178793 addi             x15, x15, 1         x15=0000000b x15:0000000a
11948307ns          190305 1c008218 00279713 slli             x14, x15, 0x2       x14=0000002c x15:0000000b
11948327ns          190306 1c00821c 08010513 addi             x10, x2, 128        x10=10000fe8  x2:10000f68
11948346ns          190307 1c00821e 00b7e633 or               x12, x15, x11       x12=dead010b x15:0000000b x11:dead0100
11948366ns          190308 1c008222 00a70733 add              x14, x14, x10       x14=10001014 x14:0000002c x10:10000fe8
11948386ns          190309 1c008224 f8c72023 sw               x12, -128(x14)      x12:dead010b x14:10001014  PA:10000f94
11948406ns          190310 1c008228 00178793 addi             x15, x15, 1         x15=0000000c x15:0000000b
11948426ns          190311 1c008218 00279713 slli             x14, x15, 0x2       x14=00000030 x15:0000000c
11948446ns          190312 1c00821c 08010513 addi             x10, x2, 128        x10=10000fe8  x2:10000f68
11948466ns          190313 1c00821e 00b7e633 or               x12, x15, x11       x12=dead010c x15:0000000c x11:dead0100
11948486ns          190314 1c008222 00a70733 add              x14, x14, x10       x14=10001018 x14:00000030 x10:10000fe8
11948506ns          190315 1c008224 f8c72023 sw               x12, -128(x14)      x12:dead010c x14:10001018  PA:10000f98
11948525ns          190316 1c008228 00178793 addi             x15, x15, 1         x15=0000000d x15:0000000c
11948545ns          190317 1c008218 00279713 slli             x14, x15, 0x2       x14=00000034 x15:0000000d
11948565ns          190318 1c00821c 08010513 addi             x10, x2, 128        x10=10000fe8  x2:10000f68
11948585ns          190319 1c00821e 00b7e633 or               x12, x15, x11       x12=dead010d x15:0000000d x11:dead0100
11948605ns          190320 1c008222 00a70733 add              x14, x14, x10       x14=1000101c x14:00000034 x10:10000fe8
11948625ns          190321 1c008224 f8c72023 sw               x12, -128(x14)      x12:dead010d x14:1000101c  PA:10000f9c
11948645ns          190322 1c008228 00178793 addi             x15, x15, 1         x15=0000000e x15:0000000d
11948665ns          190323 1c008218 00279713 slli             x14, x15, 0x2       x14=00000038 x15:0000000e
11948685ns          190324 1c00821c 08010513 addi             x10, x2, 128        x10=10000fe8  x2:10000f68
11948704ns          190325 1c00821e 00b7e633 or               x12, x15, x11       x12=dead010e x15:0000000e x11:dead0100
11948724ns          190326 1c008222 00a70733 add              x14, x14, x10       x14=10001020 x14:00000038 x10:10000fe8
11948744ns          190327 1c008224 f8c72023 sw               x12, -128(x14)      x12:dead010e x14:10001020  PA:10000fa0
11948764ns          190328 1c008228 00178793 addi             x15, x15, 1         x15=0000000f x15:0000000e
11948784ns          190329 1c008218 00279713 slli             x14, x15, 0x2       x14=0000003c x15:0000000f
11948804ns          190330 1c00821c 08010513 addi             x10, x2, 128        x10=10000fe8  x2:10000f68
11948824ns          190331 1c00821e 00b7e633 or               x12, x15, x11       x12=dead010f x15:0000000f x11:dead0100
11948844ns          190332 1c008222 00a70733 add              x14, x14, x10       x14=10001024 x14:0000003c x10:10000fe8
11948864ns          190333 1c008224 f8c72023 sw               x12, -128(x14)      x12:dead010f x14:10001024  PA:10000fa4
11948883ns          190334 1c008228 00178793 addi             x15, x15, 1         x15=00000010 x15:0000000f
11948903ns          190335 1c008218 00279713 slli             x14, x15, 0x2       x14=00000040 x15:00000010
11948923ns          190336 1c00821c 08010513 addi             x10, x2, 128        x10=10000fe8  x2:10000f68
11948943ns          190337 1c00821e 00b7e633 or               x12, x15, x11       x12=dead0110 x15:00000010 x11:dead0100
11948963ns          190338 1c008222 00a70733 add              x14, x14, x10       x14=10001028 x14:00000040 x10:10000fe8
11948983ns          190339 1c008224 f8c72023 sw               x12, -128(x14)      x12:dead0110 x14:10001028  PA:10000fa8
11949003ns          190340 1c008228 00178793 addi             x15, x15, 1         x15=00000011 x15:00000010
11949023ns          190341 1c008218 00279713 slli             x14, x15, 0x2       x14=00000044 x15:00000011
11949043ns          190342 1c00821c 08010513 addi             x10, x2, 128        x10=10000fe8  x2:10000f68
11949062ns          190343 1c00821e 00b7e633 or               x12, x15, x11       x12=dead0111 x15:00000011 x11:dead0100
11949082ns          190344 1c008222 00a70733 add              x14, x14, x10       x14=1000102c x14:00000044 x10:10000fe8
11949102ns          190345 1c008224 f8c72023 sw               x12, -128(x14)      x12:dead0111 x14:1000102c  PA:10000fac
11949122ns          190346 1c008228 00178793 addi             x15, x15, 1         x15=00000012 x15:00000011
11949142ns          190347 1c008218 00279713 slli             x14, x15, 0x2       x14=00000048 x15:00000012
11949162ns          190348 1c00821c 08010513 addi             x10, x2, 128        x10=10000fe8  x2:10000f68
11949182ns          190349 1c00821e 00b7e633 or               x12, x15, x11       x12=dead0112 x15:00000012 x11:dead0100
11949202ns          190350 1c008222 00a70733 add              x14, x14, x10       x14=10001030 x14:00000048 x10:10000fe8
11949222ns          190351 1c008224 f8c72023 sw               x12, -128(x14)      x12:dead0112 x14:10001030  PA:10000fb0
11949242ns          190352 1c008228 00178793 addi             x15, x15, 1         x15=00000013 x15:00000012
11949261ns          190353 1c008218 00279713 slli             x14, x15, 0x2       x14=0000004c x15:00000013
11949281ns          190354 1c00821c 08010513 addi             x10, x2, 128        x10=10000fe8  x2:10000f68
11949301ns          190355 1c00821e 00b7e633 or               x12, x15, x11       x12=dead0113 x15:00000013 x11:dead0100
11949321ns          190356 1c008222 00a70733 add              x14, x14, x10       x14=10001034 x14:0000004c x10:10000fe8
11949341ns          190357 1c008224 f8c72023 sw               x12, -128(x14)      x12:dead0113 x14:10001034  PA:10000fb4
11949361ns          190358 1c008228 00178793 addi             x15, x15, 1         x15=00000014 x15:00000013
11949381ns          190359 1c008218 00279713 slli             x14, x15, 0x2       x14=00000050 x15:00000014
11949401ns          190360 1c00821c 08010513 addi             x10, x2, 128        x10=10000fe8  x2:10000f68
11949421ns          190361 1c00821e 00b7e633 or               x12, x15, x11       x12=dead0114 x15:00000014 x11:dead0100
11949440ns          190362 1c008222 00a70733 add              x14, x14, x10       x14=10001038 x14:00000050 x10:10000fe8
11949460ns          190363 1c008224 f8c72023 sw               x12, -128(x14)      x12:dead0114 x14:10001038  PA:10000fb8
11949480ns          190364 1c008228 00178793 addi             x15, x15, 1         x15=00000015 x15:00000014
11949500ns          190365 1c008218 00279713 slli             x14, x15, 0x2       x14=00000054 x15:00000015
11949520ns          190366 1c00821c 08010513 addi             x10, x2, 128        x10=10000fe8  x2:10000f68
11949540ns          190367 1c00821e 00b7e633 or               x12, x15, x11       x12=dead0115 x15:00000015 x11:dead0100
11949560ns          190368 1c008222 00a70733 add              x14, x14, x10       x14=1000103c x14:00000054 x10:10000fe8
11949580ns          190369 1c008224 f8c72023 sw               x12, -128(x14)      x12:dead0115 x14:1000103c  PA:10000fbc
11949600ns          190370 1c008228 00178793 addi             x15, x15, 1         x15=00000016 x15:00000015
11949619ns          190371 1c008218 00279713 slli             x14, x15, 0x2       x14=00000058 x15:00000016
11949639ns          190372 1c00821c 08010513 addi             x10, x2, 128        x10=10000fe8  x2:10000f68
11949659ns          190373 1c00821e 00b7e633 or               x12, x15, x11       x12=dead0116 x15:00000016 x11:dead0100
11949679ns          190374 1c008222 00a70733 add              x14, x14, x10       x14=10001040 x14:00000058 x10:10000fe8
11949699ns          190375 1c008224 f8c72023 sw               x12, -128(x14)      x12:dead0116 x14:10001040  PA:10000fc0
11949719ns          190376 1c008228 00178793 addi             x15, x15, 1         x15=00000017 x15:00000016
11949739ns          190377 1c008218 00279713 slli             x14, x15, 0x2       x14=0000005c x15:00000017
11949759ns          190378 1c00821c 08010513 addi             x10, x2, 128        x10=10000fe8  x2:10000f68
11949779ns          190379 1c00821e 00b7e633 or               x12, x15, x11       x12=dead0117 x15:00000017 x11:dead0100
11949798ns          190380 1c008222 00a70733 add              x14, x14, x10       x14=10001044 x14:0000005c x10:10000fe8
11949818ns          190381 1c008224 f8c72023 sw               x12, -128(x14)      x12:dead0117 x14:10001044  PA:10000fc4
11949838ns          190382 1c008228 00178793 addi             x15, x15, 1         x15=00000018 x15:00000017
11949858ns          190383 1c008218 00279713 slli             x14, x15, 0x2       x14=00000060 x15:00000018
11949878ns          190384 1c00821c 08010513 addi             x10, x2, 128        x10=10000fe8  x2:10000f68
11949898ns          190385 1c00821e 00b7e633 or               x12, x15, x11       x12=dead0118 x15:00000018 x11:dead0100
11949918ns          190386 1c008222 00a70733 add              x14, x14, x10       x14=10001048 x14:00000060 x10:10000fe8
11949938ns          190387 1c008224 f8c72023 sw               x12, -128(x14)      x12:dead0118 x14:10001048  PA:10000fc8
11949958ns          190388 1c008228 00178793 addi             x15, x15, 1         x15=00000019 x15:00000018
11949977ns          190389 1c008218 00279713 slli             x14, x15, 0x2       x14=00000064 x15:00000019
11949997ns          190390 1c00821c 08010513 addi             x10, x2, 128        x10=10000fe8  x2:10000f68
11950017ns          190391 1c00821e 00b7e633 or               x12, x15, x11       x12=dead0119 x15:00000019 x11:dead0100
11950037ns          190392 1c008222 00a70733 add              x14, x14, x10       x14=1000104c x14:00000064 x10:10000fe8
11950057ns          190393 1c008224 f8c72023 sw               x12, -128(x14)      x12:dead0119 x14:1000104c  PA:10000fcc
11950077ns          190394 1c008228 00178793 addi             x15, x15, 1         x15=0000001a x15:00000019
11950097ns          190395 1c008218 00279713 slli             x14, x15, 0x2       x14=00000068 x15:0000001a
11950117ns          190396 1c00821c 08010513 addi             x10, x2, 128        x10=10000fe8  x2:10000f68
11950137ns          190397 1c00821e 00b7e633 or               x12, x15, x11       x12=dead011a x15:0000001a x11:dead0100
11950156ns          190398 1c008222 00a70733 add              x14, x14, x10       x14=10001050 x14:00000068 x10:10000fe8
11950176ns          190399 1c008224 f8c72023 sw               x12, -128(x14)      x12:dead011a x14:10001050  PA:10000fd0
11950196ns          190400 1c008228 00178793 addi             x15, x15, 1         x15=0000001b x15:0000001a
11950216ns          190401 1c008218 00279713 slli             x14, x15, 0x2       x14=0000006c x15:0000001b
11950236ns          190402 1c00821c 08010513 addi             x10, x2, 128        x10=10000fe8  x2:10000f68
11950256ns          190403 1c00821e 00b7e633 or               x12, x15, x11       x12=dead011b x15:0000001b x11:dead0100
11950276ns          190404 1c008222 00a70733 add              x14, x14, x10       x14=10001054 x14:0000006c x10:10000fe8
11950296ns          190405 1c008224 f8c72023 sw               x12, -128(x14)      x12:dead011b x14:10001054  PA:10000fd4
11950316ns          190406 1c008228 00178793 addi             x15, x15, 1         x15=0000001c x15:0000001b
11950335ns          190407 1c008218 00279713 slli             x14, x15, 0x2       x14=00000070 x15:0000001c
11950355ns          190408 1c00821c 08010513 addi             x10, x2, 128        x10=10000fe8  x2:10000f68
11950375ns          190409 1c00821e 00b7e633 or               x12, x15, x11       x12=dead011c x15:0000001c x11:dead0100
11950395ns          190410 1c008222 00a70733 add              x14, x14, x10       x14=10001058 x14:00000070 x10:10000fe8
11950415ns          190411 1c008224 f8c72023 sw               x12, -128(x14)      x12:dead011c x14:10001058  PA:10000fd8
11950435ns          190412 1c008228 00178793 addi             x15, x15, 1         x15=0000001d x15:0000001c
11950455ns          190413 1c008218 00279713 slli             x14, x15, 0x2       x14=00000074 x15:0000001d
11950475ns          190414 1c00821c 08010513 addi             x10, x2, 128        x10=10000fe8  x2:10000f68
11950495ns          190415 1c00821e 00b7e633 or               x12, x15, x11       x12=dead011d x15:0000001d x11:dead0100
11950515ns          190416 1c008222 00a70733 add              x14, x14, x10       x14=1000105c x14:00000074 x10:10000fe8
11950534ns          190417 1c008224 f8c72023 sw               x12, -128(x14)      x12:dead011d x14:1000105c  PA:10000fdc
11950554ns          190418 1c008228 00178793 addi             x15, x15, 1         x15=0000001e x15:0000001d
11950574ns          190419 1c008218 00279713 slli             x14, x15, 0x2       x14=00000078 x15:0000001e
11950594ns          190420 1c00821c 08010513 addi             x10, x2, 128        x10=10000fe8  x2:10000f68
11950614ns          190421 1c00821e 00b7e633 or               x12, x15, x11       x12=dead011e x15:0000001e x11:dead0100
11950634ns          190422 1c008222 00a70733 add              x14, x14, x10       x14=10001060 x14:00000078 x10:10000fe8
11950654ns          190423 1c008224 f8c72023 sw               x12, -128(x14)      x12:dead011e x14:10001060  PA:10000fe0
11950674ns          190424 1c008228 00178793 addi             x15, x15, 1         x15=0000001f x15:0000001e
11950694ns          190425 1c008218 00279713 slli             x14, x15, 0x2       x14=0000007c x15:0000001f
11950713ns          190426 1c00821c 08010513 addi             x10, x2, 128        x10=10000fe8  x2:10000f68
11950733ns          190427 1c00821e 00b7e633 or               x12, x15, x11       x12=dead011f x15:0000001f x11:dead0100
11950753ns          190428 1c008222 00a70733 add              x14, x14, x10       x14=10001064 x14:0000007c x10:10000fe8
11950773ns          190429 1c008224 f8c72023 sw               x12, -128(x14)      x12:dead011f x14:10001064  PA:10000fe4
11950793ns          190430 1c008228 00178793 addi             x15, x15, 1         x15=00000020 x15:0000001f
11950813ns          190431 1c00822a 18d010ef jal              x1, 6540             x1=1c00822e
11951370ns          190459 1c009bb6 f14027f3 csrrs            x15, x0, 0xf14      x15=00000001
11951390ns          190460 1c009bba 01f00713 addi             x14, x0, 31         x14=0000001f
11951410ns          190461 1c009bbc ca5797b3 p.extractu       x15, x15, 5, 5      x15=00000000 x15:00000001
11951449ns          190463 1c009bc0 00e78863 beq              x15, x14, 16        x15:00000000 x14:0000001f
11951489ns          190465 1c009bc4 002047b7 lui              x15, 0x204000       x15=00204000
11951509ns          190466 1c009bc8 20078793 addi             x15, x15, 512       x15=00204200 x15:00204000
11951529ns          190467 1c009bcc 01c7e703 p.elw            x14, 28(x15)        x14=00010000 x15:00204200  PA:0020421c
11951648ns          190473 1c009bd0 00008067 jalr             x0, x1, 0            x1:1c00822e
11951748ns          190478 1c00822e f14027f3 csrrs            x15, x0, 0xf14      x15=00000001
11951788ns          190480 1c008232 f457b7b3 p.bclr           x15, x15, 26, 5     x15=00000001 x15:00000001
11951807ns          190481 1c008236 04078f63 beq              x15, x0, 94         x15:00000001
11951827ns          190482 1c008238 1c0138b7 lui              x17, 0x1c013000     x17=1c013000
11951847ns          190483 1c00823c 01888893 addi             x17, x17, 24        x17=1c013018 x17:1c013000
11951867ns          190484 1c00823e 00001737 lui              x14, 0x1000         x14=00001000
11952384ns          190510 1c008240 00000513 addi             x10, x0, 0          x10=00000000
11952404ns          190511 1c008242 01170733 add              x14, x14, x17       x14=1c014018 x14:00001000 x17:1c013018
11952424ns          190512 1c008244 40000613 addi             x12, x0, 1024       x12=00000400
11952444ns          190513 1c008248 02000593 addi             x11, x0, 32         x11=00000020
11952464ns          190514 1c00824c 00251793 slli             x15, x10, 0x2       x15=00000000 x10:00000000
11953259ns          190554 1c008250 08010693 addi             x13, x2, 128        x13=10000fe8  x2:10000f68
11953279ns          190555 1c008252 00d787b3 add              x15, x15, x13       x15=10000fe8 x15:00000000 x13:10000fe8
11953299ns          190556 1c008254 f807a803 lw               x16, -128(x15)      x16=dead0100 x15:10000fe8  PA:10000f68
11953319ns          190557 1c008258 00472783 lw               x15, 4(x14)         x15=00000000 x14:1c014018  PA:1c01401c
11953637ns          190573 1c00825a 00178793 addi             x15, x15, 1         x15=00000001 x15:00000000
11953657ns          190574 1c00825c 02c78963 beq              x15, x12, 50        x15:00000001 x12:00000400
11953777ns          190580 1c008260 00072683 lw               x13, 0(x14)         x13=00000000 x14:1c014018  PA:1c014018
11954095ns          190596 1c008262 fed78be3 beq              x15, x13, -10       x15:00000001 x13:00000000
11954115ns          190597 1c008266 00472783 lw               x15, 4(x14)         x15=00000000 x14:1c014018  PA:1c01401c
11954433ns          190613 1c008268 00279793 slli             x15, x15, 0x2       x15=00000000 x15:00000000
11954453ns          190614 1c00826a 0108e7a3 p.sw             x16, x0(x17)        x16:dead0100 x17:1c013018  PA:1c013018
11954771ns          190630 1c00826e 00472783 lw               x15, 4(x14)         x15=00000000 x14:1c014018  PA:1c01401c
11955089ns          190646 1c008270 00178793 addi             x15, x15, 1         x15=00000001 x15:00000000
11955109ns          190647 1c008272 00f72223 sw               x15, 4(x14)         x15:00000001 x14:1c014018  PA:1c01401c
11955428ns          190663 1c008274 00472783 lw               x15, 4(x14)         x15=00000001 x14:1c014018  PA:1c01401c
11955746ns          190679 1c008276 00c78663 beq              x15, x12, 12        x15:00000001 x12:00000400
11955766ns          190680 1c00827a 00150513 addi             x10, x10, 1         x10=00000001 x10:00000000
11955786ns          190681 1c00827c fff58593 addi             x11, x11, -1        x11=0000001f x11:00000020
11955805ns          190682 1c00827e fc0597e3 bne              x11, x0, -50        x11:0000001f
11955945ns          190689 1c00824c 00251793 slli             x15, x10, 0x2       x15=00000004 x10:00000001
11955965ns          190690 1c008250 08010693 addi             x13, x2, 128        x13=10000fe8  x2:10000f68
11955984ns          190691 1c008252 00d787b3 add              x15, x15, x13       x15=10000fec x15:00000004 x13:10000fe8
11956004ns          190692 1c008254 f807a803 lw               x16, -128(x15)      x16=dead0101 x15:10000fec  PA:10000f6c
11956024ns          190693 1c008258 00472783 lw               x15, 4(x14)         x15=00000001 x14:1c014018  PA:1c01401c
11956343ns          190709 1c00825a 00178793 addi             x15, x15, 1         x15=00000002 x15:00000001
11956362ns          190710 1c00825c 02c78963 beq              x15, x12, 50        x15:00000002 x12:00000400
11956382ns          190711 1c008260 00072683 lw               x13, 0(x14)         x13=00000000 x14:1c014018  PA:1c014018
11956701ns          190727 1c008262 fed78be3 beq              x15, x13, -10       x15:00000002 x13:00000000
11956720ns          190728 1c008266 00472783 lw               x15, 4(x14)         x15=00000001 x14:1c014018  PA:1c01401c
11957039ns          190744 1c008268 00279793 slli             x15, x15, 0x2       x15=00000004 x15:00000001
11957059ns          190745 1c00826a 0108e7a3 p.sw             x16, x0(x17)        x16:dead0101 x17:1c013018  PA:1c01301c
11957377ns          190761 1c00826e 00472783 lw               x15, 4(x14)         x15=00000001 x14:1c014018  PA:1c01401c
11957695ns          190777 1c008270 00178793 addi             x15, x15, 1         x15=00000002 x15:00000001
11957715ns          190778 1c008272 00f72223 sw               x15, 4(x14)         x15:00000002 x14:1c014018  PA:1c01401c
11958033ns          190794 1c008274 00472783 lw               x15, 4(x14)         x15=00000002 x14:1c014018  PA:1c01401c
11958351ns          190810 1c008276 00c78663 beq              x15, x12, 12        x15:00000002 x12:00000400
11958371ns          190811 1c00827a 00150513 addi             x10, x10, 1         x10=00000002 x10:00000001
11958391ns          190812 1c00827c fff58593 addi             x11, x11, -1        x11=0000001e x11:0000001f
11958411ns          190813 1c00827e fc0597e3 bne              x11, x0, -50        x11:0000001e
11958471ns          190816 1c00824c 00251793 slli             x15, x10, 0x2       x15=00000008 x10:00000002
11958491ns          190817 1c008250 08010693 addi             x13, x2, 128        x13=10000fe8  x2:10000f68
11958511ns          190818 1c008252 00d787b3 add              x15, x15, x13       x15=10000ff0 x15:00000008 x13:10000fe8
11958530ns          190819 1c008254 f807a803 lw               x16, -128(x15)      x16=dead0102 x15:10000ff0  PA:10000f70
11958550ns          190820 1c008258 00472783 lw               x15, 4(x14)         x15=00000002 x14:1c014018  PA:1c01401c
11958869ns          190836 1c00825a 00178793 addi             x15, x15, 1         x15=00000003 x15:00000002
11958889ns          190837 1c00825c 02c78963 beq              x15, x12, 50        x15:00000003 x12:00000400
11958908ns          190838 1c008260 00072683 lw               x13, 0(x14)         x13=00000001 x14:1c014018  PA:1c014018
11959227ns          190854 1c008262 fed78be3 beq              x15, x13, -10       x15:00000003 x13:00000001
11959247ns          190855 1c008266 00472783 lw               x15, 4(x14)         x15=00000002 x14:1c014018  PA:1c01401c
11959565ns          190871 1c008268 00279793 slli             x15, x15, 0x2       x15=00000008 x15:00000002
11959585ns          190872 1c00826a 0108e7a3 p.sw             x16, x0(x17)        x16:dead0102 x17:1c013018  PA:1c013020
11959903ns          190888 1c00826e 00472783 lw               x15, 4(x14)         x15=00000002 x14:1c014018  PA:1c01401c
11960221ns          190904 1c008270 00178793 addi             x15, x15, 1         x15=00000003 x15:00000002
11960241ns          190905 1c008272 00f72223 sw               x15, 4(x14)         x15:00000003 x14:1c014018  PA:1c01401c
11960559ns          190921 1c008274 00472783 lw               x15, 4(x14)         x15=00000003 x14:1c014018  PA:1c01401c
11960878ns          190937 1c008276 00c78663 beq              x15, x12, 12        x15:00000003 x12:00000400
11960897ns          190938 1c00827a 00150513 addi             x10, x10, 1         x10=00000003 x10:00000002
11960917ns          190939 1c00827c fff58593 addi             x11, x11, -1        x11=0000001d x11:0000001e
11960937ns          190940 1c00827e fc0597e3 bne              x11, x0, -50        x11:0000001d
11960997ns          190943 1c00824c 00251793 slli             x15, x10, 0x2       x15=0000000c x10:00000003
11961017ns          190944 1c008250 08010693 addi             x13, x2, 128        x13=10000fe8  x2:10000f68
11961037ns          190945 1c008252 00d787b3 add              x15, x15, x13       x15=10000ff4 x15:0000000c x13:10000fe8
11961057ns          190946 1c008254 f807a803 lw               x16, -128(x15)      x16=dead0103 x15:10000ff4  PA:10000f74
11961077ns          190947 1c008258 00472783 lw               x15, 4(x14)         x15=00000003 x14:1c014018  PA:1c01401c
11961395ns          190963 1c00825a 00178793 addi             x15, x15, 1         x15=00000004 x15:00000003
11961415ns          190964 1c00825c 02c78963 beq              x15, x12, 50        x15:00000004 x12:00000400
11961435ns          190965 1c008260 00072683 lw               x13, 0(x14)         x13=00000002 x14:1c014018  PA:1c014018
11961773ns          190982 1c008262 fed78be3 beq              x15, x13, -10       x15:00000004 x13:00000002
11961793ns          190983 1c008266 00472783 lw               x15, 4(x14)         x15=00000003 x14:1c014018  PA:1c01401c
11962111ns          190999 1c008268 00279793 slli             x15, x15, 0x2       x15=0000000c x15:00000003
11962131ns          191000 1c00826a 0108e7a3 p.sw             x16, x0(x17)        x16:dead0103 x17:1c013018  PA:1c013024
11962449ns          191016 1c00826e 00472783 lw               x15, 4(x14)         x15=00000003 x14:1c014018  PA:1c01401c
11962767ns          191032 1c008270 00178793 addi             x15, x15, 1         x15=00000004 x15:00000003
11962787ns          191033 1c008272 00f72223 sw               x15, 4(x14)         x15:00000004 x14:1c014018  PA:1c01401c
11963125ns          191050 1c008274 00472783 lw               x15, 4(x14)         x15=00000004 x14:1c014018  PA:1c01401c
11963444ns          191066 1c008276 00c78663 beq              x15, x12, 12        x15:00000004 x12:00000400
11963463ns          191067 1c00827a 00150513 addi             x10, x10, 1         x10=00000004 x10:00000003
11963483ns          191068 1c00827c fff58593 addi             x11, x11, -1        x11=0000001c x11:0000001d
11963503ns          191069 1c00827e fc0597e3 bne              x11, x0, -50        x11:0000001c
11963563ns          191072 1c00824c 00251793 slli             x15, x10, 0x2       x15=00000010 x10:00000004
11963583ns          191073 1c008250 08010693 addi             x13, x2, 128        x13=10000fe8  x2:10000f68
11963603ns          191074 1c008252 00d787b3 add              x15, x15, x13       x15=10000ff8 x15:00000010 x13:10000fe8
11963623ns          191075 1c008254 f807a803 lw               x16, -128(x15)      x16=dead0104 x15:10000ff8  PA:10000f78
11963642ns          191076 1c008258 00472783 lw               x15, 4(x14)         x15=00000004 x14:1c014018  PA:1c01401c
11963961ns          191092 1c00825a 00178793 addi             x15, x15, 1         x15=00000005 x15:00000004
11963981ns          191093 1c00825c 02c78963 beq              x15, x12, 50        x15:00000005 x12:00000400
11964000ns          191094 1c008260 00072683 lw               x13, 0(x14)         x13=00000003 x14:1c014018  PA:1c014018
11964319ns          191110 1c008262 fed78be3 beq              x15, x13, -10       x15:00000005 x13:00000003
11964339ns          191111 1c008266 00472783 lw               x15, 4(x14)         x15=00000004 x14:1c014018  PA:1c01401c
11964657ns          191127 1c008268 00279793 slli             x15, x15, 0x2       x15=00000010 x15:00000004
11964677ns          191128 1c00826a 0108e7a3 p.sw             x16, x0(x17)        x16:dead0104 x17:1c013018  PA:1c013028
11964995ns          191144 1c00826e 00472783 lw               x15, 4(x14)         x15=00000004 x14:1c014018  PA:1c01401c
11965313ns          191160 1c008270 00178793 addi             x15, x15, 1         x15=00000005 x15:00000004
11965333ns          191161 1c008272 00f72223 sw               x15, 4(x14)         x15:00000005 x14:1c014018  PA:1c01401c
11965651ns          191177 1c008274 00472783 lw               x15, 4(x14)         x15=00000005 x14:1c014018  PA:1c01401c
11965970ns          191193 1c008276 00c78663 beq              x15, x12, 12        x15:00000005 x12:00000400
11965990ns          191194 1c00827a 00150513 addi             x10, x10, 1         x10=00000005 x10:00000004
11966009ns          191195 1c00827c fff58593 addi             x11, x11, -1        x11=0000001b x11:0000001c
11966029ns          191196 1c00827e fc0597e3 bne              x11, x0, -50        x11:0000001b
11966089ns          191199 1c00824c 00251793 slli             x15, x10, 0x2       x15=00000014 x10:00000005
11966109ns          191200 1c008250 08010693 addi             x13, x2, 128        x13=10000fe8  x2:10000f68
11966129ns          191201 1c008252 00d787b3 add              x15, x15, x13       x15=10000ffc x15:00000014 x13:10000fe8
11966149ns          191202 1c008254 f807a803 lw               x16, -128(x15)      x16=dead0105 x15:10000ffc  PA:10000f7c
11966169ns          191203 1c008258 00472783 lw               x15, 4(x14)         x15=00000005 x14:1c014018  PA:1c01401c
11966487ns          191219 1c00825a 00178793 addi             x15, x15, 1         x15=00000006 x15:00000005
11966507ns          191220 1c00825c 02c78963 beq              x15, x12, 50        x15:00000006 x12:00000400
11966527ns          191221 1c008260 00072683 lw               x13, 0(x14)         x13=00000004 x14:1c014018  PA:1c014018
11966845ns          191237 1c008262 fed78be3 beq              x15, x13, -10       x15:00000006 x13:00000004
11966865ns          191238 1c008266 00472783 lw               x15, 4(x14)         x15=00000005 x14:1c014018  PA:1c01401c
11967203ns          191255 1c008268 00279793 slli             x15, x15, 0x2       x15=00000014 x15:00000005
11967223ns          191256 1c00826a 0108e7a3 p.sw             x16, x0(x17)        x16:dead0105 x17:1c013018  PA:1c01302c
11967541ns          191272 1c00826e 00472783 lw               x15, 4(x14)         x15=00000005 x14:1c014018  PA:1c01401c
11967859ns          191288 1c008270 00178793 addi             x15, x15, 1         x15=00000006 x15:00000005
11967879ns          191289 1c008272 00f72223 sw               x15, 4(x14)         x15:00000006 x14:1c014018  PA:1c01401c
11968197ns          191305 1c008274 00472783 lw               x15, 4(x14)         x15=00000006 x14:1c014018  PA:1c01401c
11968536ns          191322 1c008276 00c78663 beq              x15, x12, 12        x15:00000006 x12:00000400
11968555ns          191323 1c00827a 00150513 addi             x10, x10, 1         x10=00000006 x10:00000005
11968575ns          191324 1c00827c fff58593 addi             x11, x11, -1        x11=0000001a x11:0000001b
11968595ns          191325 1c00827e fc0597e3 bne              x11, x0, -50        x11:0000001a
11968655ns          191328 1c00824c 00251793 slli             x15, x10, 0x2       x15=00000018 x10:00000006
11968675ns          191329 1c008250 08010693 addi             x13, x2, 128        x13=10000fe8  x2:10000f68
11968695ns          191330 1c008252 00d787b3 add              x15, x15, x13       x15=10001000 x15:00000018 x13:10000fe8
11968715ns          191331 1c008254 f807a803 lw               x16, -128(x15)      x16=dead0106 x15:10001000  PA:10000f80
11968734ns          191332 1c008258 00472783 lw               x15, 4(x14)         x15=00000006 x14:1c014018  PA:1c01401c
11969053ns          191348 1c00825a 00178793 addi             x15, x15, 1         x15=00000007 x15:00000006
11969073ns          191349 1c00825c 02c78963 beq              x15, x12, 50        x15:00000007 x12:00000400
11969092ns          191350 1c008260 00072683 lw               x13, 0(x14)         x13=00000005 x14:1c014018  PA:1c014018
11969431ns          191367 1c008262 fed78be3 beq              x15, x13, -10       x15:00000007 x13:00000005
11969451ns          191368 1c008266 00472783 lw               x15, 4(x14)         x15=00000006 x14:1c014018  PA:1c01401c
11969789ns          191385 1c008268 00279793 slli             x15, x15, 0x2       x15=00000018 x15:00000006
11969809ns          191386 1c00826a 0108e7a3 p.sw             x16, x0(x17)        x16:dead0106 x17:1c013018  PA:1c013030
11970127ns          191402 1c00826e 00472783 lw               x15, 4(x14)         x15=00000006 x14:1c014018  PA:1c01401c
11970445ns          191418 1c008270 00178793 addi             x15, x15, 1         x15=00000007 x15:00000006
11970465ns          191419 1c008272 00f72223 sw               x15, 4(x14)         x15:00000007 x14:1c014018  PA:1c01401c
11970803ns          191436 1c008274 00472783 lw               x15, 4(x14)         x15=00000007 x14:1c014018  PA:1c01401c
11971141ns          191453 1c008276 00c78663 beq              x15, x12, 12        x15:00000007 x12:00000400
11971161ns          191454 1c00827a 00150513 addi             x10, x10, 1         x10=00000007 x10:00000006
11971181ns          191455 1c00827c fff58593 addi             x11, x11, -1        x11=00000019 x11:0000001a
11971201ns          191456 1c00827e fc0597e3 bne              x11, x0, -50        x11:00000019
11971261ns          191459 1c00824c 00251793 slli             x15, x10, 0x2       x15=0000001c x10:00000007
11971280ns          191460 1c008250 08010693 addi             x13, x2, 128        x13=10000fe8  x2:10000f68
11971300ns          191461 1c008252 00d787b3 add              x15, x15, x13       x15=10001004 x15:0000001c x13:10000fe8
11971320ns          191462 1c008254 f807a803 lw               x16, -128(x15)      x16=dead0107 x15:10001004  PA:10000f84
11971340ns          191463 1c008258 00472783 lw               x15, 4(x14)         x15=00000007 x14:1c014018  PA:1c01401c
11971658ns          191479 1c00825a 00178793 addi             x15, x15, 1         x15=00000008 x15:00000007
11971678ns          191480 1c00825c 02c78963 beq              x15, x12, 50        x15:00000008 x12:00000400
11971698ns          191481 1c008260 00072683 lw               x13, 0(x14)         x13=00000006 x14:1c014018  PA:1c014018
11972016ns          191497 1c008262 fed78be3 beq              x15, x13, -10       x15:00000008 x13:00000006
11972036ns          191498 1c008266 00472783 lw               x15, 4(x14)         x15=00000007 x14:1c014018  PA:1c01401c
11972355ns          191514 1c008268 00279793 slli             x15, x15, 0x2       x15=0000001c x15:00000007
11972374ns          191515 1c00826a 0108e7a3 p.sw             x16, x0(x17)        x16:dead0107 x17:1c013018  PA:1c013034
11972693ns          191531 1c00826e 00472783 lw               x15, 4(x14)         x15=00000007 x14:1c014018  PA:1c01401c
11973011ns          191547 1c008270 00178793 addi             x15, x15, 1         x15=00000008 x15:00000007
11973031ns          191548 1c008272 00f72223 sw               x15, 4(x14)         x15:00000008 x14:1c014018  PA:1c01401c
11973349ns          191564 1c008274 00472783 lw               x15, 4(x14)         x15=00000008 x14:1c014018  PA:1c01401c
11973667ns          191580 1c008276 00c78663 beq              x15, x12, 12        x15:00000008 x12:00000400
11973687ns          191581 1c00827a 00150513 addi             x10, x10, 1         x10=00000008 x10:00000007
11973707ns          191582 1c00827c fff58593 addi             x11, x11, -1        x11=00000018 x11:00000019
11973727ns          191583 1c00827e fc0597e3 bne              x11, x0, -50        x11:00000018
11973787ns          191586 1c00824c 00251793 slli             x15, x10, 0x2       x15=00000020 x10:00000008
11973807ns          191587 1c008250 08010693 addi             x13, x2, 128        x13=10000fe8  x2:10000f68
11973826ns          191588 1c008252 00d787b3 add              x15, x15, x13       x15=10001008 x15:00000020 x13:10000fe8
11973846ns          191589 1c008254 f807a803 lw               x16, -128(x15)      x16=dead0108 x15:10001008  PA:10000f88
11973866ns          191590 1c008258 00472783 lw               x15, 4(x14)         x15=00000008 x14:1c014018  PA:1c01401c
11974204ns          191607 1c00825a 00178793 addi             x15, x15, 1         x15=00000009 x15:00000008
11974224ns          191608 1c00825c 02c78963 beq              x15, x12, 50        x15:00000009 x12:00000400
11974244ns          191609 1c008260 00072683 lw               x13, 0(x14)         x13=00000007 x14:1c014018  PA:1c014018
11974562ns          191625 1c008262 fed78be3 beq              x15, x13, -10       x15:00000009 x13:00000007
11974582ns          191626 1c008266 00472783 lw               x15, 4(x14)         x15=00000008 x14:1c014018  PA:1c01401c
11974901ns          191642 1c008268 00279793 slli             x15, x15, 0x2       x15=00000020 x15:00000008
11974920ns          191643 1c00826a 0108e7a3 p.sw             x16, x0(x17)        x16:dead0108 x17:1c013018  PA:1c013038
11975239ns          191659 1c00826e 00472783 lw               x15, 4(x14)         x15=00000008 x14:1c014018  PA:1c01401c
11975557ns          191675 1c008270 00178793 addi             x15, x15, 1         x15=00000009 x15:00000008
11975577ns          191676 1c008272 00f72223 sw               x15, 4(x14)         x15:00000009 x14:1c014018  PA:1c01401c
11975895ns          191692 1c008274 00472783 lw               x15, 4(x14)         x15=00000009 x14:1c014018  PA:1c01401c
11976213ns          191708 1c008276 00c78663 beq              x15, x12, 12        x15:00000009 x12:00000400
11976233ns          191709 1c00827a 00150513 addi             x10, x10, 1         x10=00000009 x10:00000008
11976253ns          191710 1c00827c fff58593 addi             x11, x11, -1        x11=00000017 x11:00000018
11976273ns          191711 1c00827e fc0597e3 bne              x11, x0, -50        x11:00000017
11976333ns          191714 1c00824c 00251793 slli             x15, x10, 0x2       x15=00000024 x10:00000009
11976353ns          191715 1c008250 08010693 addi             x13, x2, 128        x13=10000fe8  x2:10000f68
11976372ns          191716 1c008252 00d787b3 add              x15, x15, x13       x15=1000100c x15:00000024 x13:10000fe8
11976392ns          191717 1c008254 f807a803 lw               x16, -128(x15)      x16=dead0109 x15:1000100c  PA:10000f8c
11976412ns          191718 1c008258 00472783 lw               x15, 4(x14)         x15=00000009 x14:1c014018  PA:1c01401c
11976731ns          191734 1c00825a 00178793 addi             x15, x15, 1         x15=0000000a x15:00000009
11976750ns          191735 1c00825c 02c78963 beq              x15, x12, 50        x15:0000000a x12:00000400
11976770ns          191736 1c008260 00072683 lw               x13, 0(x14)         x13=00000008 x14:1c014018  PA:1c014018
11977089ns          191752 1c008262 fed78be3 beq              x15, x13, -10       x15:0000000a x13:00000008
11977108ns          191753 1c008266 00472783 lw               x15, 4(x14)         x15=00000009 x14:1c014018  PA:1c01401c
11977427ns          191769 1c008268 00279793 slli             x15, x15, 0x2       x15=00000024 x15:00000009
11977447ns          191770 1c00826a 0108e7a3 p.sw             x16, x0(x17)        x16:dead0109 x17:1c013018  PA:1c01303c
11977785ns          191787 1c00826e 00472783 lw               x15, 4(x14)         x15=00000009 x14:1c014018  PA:1c01401c
11978103ns          191803 1c008270 00178793 addi             x15, x15, 1         x15=0000000a x15:00000009
11978123ns          191804 1c008272 00f72223 sw               x15, 4(x14)         x15:0000000a x14:1c014018  PA:1c01401c
11978441ns          191820 1c008274 00472783 lw               x15, 4(x14)         x15=0000000a x14:1c014018  PA:1c01401c
11978759ns          191836 1c008276 00c78663 beq              x15, x12, 12        x15:0000000a x12:00000400
11978779ns          191837 1c00827a 00150513 addi             x10, x10, 1         x10=0000000a x10:00000009
11978799ns          191838 1c00827c fff58593 addi             x11, x11, -1        x11=00000016 x11:00000017
11978819ns          191839 1c00827e fc0597e3 bne              x11, x0, -50        x11:00000016
11978879ns          191842 1c00824c 00251793 slli             x15, x10, 0x2       x15=00000028 x10:0000000a
11978899ns          191843 1c008250 08010693 addi             x13, x2, 128        x13=10000fe8  x2:10000f68
11978919ns          191844 1c008252 00d787b3 add              x15, x15, x13       x15=10001010 x15:00000028 x13:10000fe8
11978938ns          191845 1c008254 f807a803 lw               x16, -128(x15)      x16=dead010a x15:10001010  PA:10000f90
11978958ns          191846 1c008258 00472783 lw               x15, 4(x14)         x15=0000000a x14:1c014018  PA:1c01401c
11979277ns          191862 1c00825a 00178793 addi             x15, x15, 1         x15=0000000b x15:0000000a
11979296ns          191863 1c00825c 02c78963 beq              x15, x12, 50        x15:0000000b x12:00000400
11979316ns          191864 1c008260 00072683 lw               x13, 0(x14)         x13=00000009 x14:1c014018  PA:1c014018
11979635ns          191880 1c008262 fed78be3 beq              x15, x13, -10       x15:0000000b x13:00000009
11979654ns          191881 1c008266 00472783 lw               x15, 4(x14)         x15=0000000a x14:1c014018  PA:1c01401c
11979973ns          191897 1c008268 00279793 slli             x15, x15, 0x2       x15=00000028 x15:0000000a
11979993ns          191898 1c00826a 0108e7a3 p.sw             x16, x0(x17)        x16:dead010a x17:1c013018  PA:1c013040
11980311ns          191914 1c00826e 00472783 lw               x15, 4(x14)         x15=0000000a x14:1c014018  PA:1c01401c
11980629ns          191930 1c008270 00178793 addi             x15, x15, 1         x15=0000000b x15:0000000a
11980649ns          191931 1c008272 00f72223 sw               x15, 4(x14)         x15:0000000b x14:1c014018  PA:1c01401c
11980967ns          191947 1c008274 00472783 lw               x15, 4(x14)         x15=0000000b x14:1c014018  PA:1c01401c
11981286ns          191963 1c008276 00c78663 beq              x15, x12, 12        x15:0000000b x12:00000400
11981305ns          191964 1c00827a 00150513 addi             x10, x10, 1         x10=0000000b x10:0000000a
11981325ns          191965 1c00827c fff58593 addi             x11, x11, -1        x11=00000015 x11:00000016
11981345ns          191966 1c00827e fc0597e3 bne              x11, x0, -50        x11:00000015
11981405ns          191969 1c00824c 00251793 slli             x15, x10, 0x2       x15=0000002c x10:0000000b
11981425ns          191970 1c008250 08010693 addi             x13, x2, 128        x13=10000fe8  x2:10000f68
11981445ns          191971 1c008252 00d787b3 add              x15, x15, x13       x15=10001014 x15:0000002c x13:10000fe8
11981465ns          191972 1c008254 f807a803 lw               x16, -128(x15)      x16=dead010b x15:10001014  PA:10000f94
11981484ns          191973 1c008258 00472783 lw               x15, 4(x14)         x15=0000000b x14:1c014018  PA:1c01401c
11981823ns          191990 1c00825a 00178793 addi             x15, x15, 1         x15=0000000c x15:0000000b
11981842ns          191991 1c00825c 02c78963 beq              x15, x12, 50        x15:0000000c x12:00000400
11981862ns          191992 1c008260 00072683 lw               x13, 0(x14)         x13=0000000a x14:1c014018  PA:1c014018
11982181ns          192008 1c008262 fed78be3 beq              x15, x13, -10       x15:0000000c x13:0000000a
11982200ns          192009 1c008266 00472783 lw               x15, 4(x14)         x15=0000000b x14:1c014018  PA:1c01401c
11982519ns          192025 1c008268 00279793 slli             x15, x15, 0x2       x15=0000002c x15:0000000b
11982539ns          192026 1c00826a 0108e7a3 p.sw             x16, x0(x17)        x16:dead010b x17:1c013018  PA:1c013044
11982877ns          192043 1c00826e 00472783 lw               x15, 4(x14)         x15=0000000b x14:1c014018  PA:1c01401c
11983195ns          192059 1c008270 00178793 addi             x15, x15, 1         x15=0000000c x15:0000000b
11983215ns          192060 1c008272 00f72223 sw               x15, 4(x14)         x15:0000000c x14:1c014018  PA:1c01401c
11983533ns          192076 1c008274 00472783 lw               x15, 4(x14)         x15=0000000c x14:1c014018  PA:1c01401c
11983851ns          192092 1c008276 00c78663 beq              x15, x12, 12        x15:0000000c x12:00000400
11983871ns          192093 1c00827a 00150513 addi             x10, x10, 1         x10=0000000c x10:0000000b
11983891ns          192094 1c00827c fff58593 addi             x11, x11, -1        x11=00000014 x11:00000015
11983911ns          192095 1c00827e fc0597e3 bne              x11, x0, -50        x11:00000014
11983971ns          192098 1c00824c 00251793 slli             x15, x10, 0x2       x15=00000030 x10:0000000c
11983991ns          192099 1c008250 08010693 addi             x13, x2, 128        x13=10000fe8  x2:10000f68
11984011ns          192100 1c008252 00d787b3 add              x15, x15, x13       x15=10001018 x15:00000030 x13:10000fe8
11984030ns          192101 1c008254 f807a803 lw               x16, -128(x15)      x16=dead010c x15:10001018  PA:10000f98
11984050ns          192102 1c008258 00472783 lw               x15, 4(x14)         x15=0000000c x14:1c014018  PA:1c01401c
11984369ns          192118 1c00825a 00178793 addi             x15, x15, 1         x15=0000000d x15:0000000c
11984388ns          192119 1c00825c 02c78963 beq              x15, x12, 50        x15:0000000d x12:00000400
11984408ns          192120 1c008260 00072683 lw               x13, 0(x14)         x13=0000000b x14:1c014018  PA:1c014018
11984727ns          192136 1c008262 fed78be3 beq              x15, x13, -10       x15:0000000d x13:0000000b
11984746ns          192137 1c008266 00472783 lw               x15, 4(x14)         x15=0000000c x14:1c014018  PA:1c01401c
11985065ns          192153 1c008268 00279793 slli             x15, x15, 0x2       x15=00000030 x15:0000000c
11985085ns          192154 1c00826a 0108e7a3 p.sw             x16, x0(x17)        x16:dead010c x17:1c013018  PA:1c013048
11985403ns          192170 1c00826e 00472783 lw               x15, 4(x14)         x15=0000000c x14:1c014018  PA:1c01401c
11985741ns          192187 1c008270 00178793 addi             x15, x15, 1         x15=0000000d x15:0000000c
11985761ns          192188 1c008272 00f72223 sw               x15, 4(x14)         x15:0000000d x14:1c014018  PA:1c01401c
11986079ns          192204 1c008274 00472783 lw               x15, 4(x14)         x15=0000000d x14:1c014018  PA:1c01401c
11986397ns          192220 1c008276 00c78663 beq              x15, x12, 12        x15:0000000d x12:00000400
11986417ns          192221 1c00827a 00150513 addi             x10, x10, 1         x10=0000000d x10:0000000c
11986437ns          192222 1c00827c fff58593 addi             x11, x11, -1        x11=00000013 x11:00000014
11986457ns          192223 1c00827e fc0597e3 bne              x11, x0, -50        x11:00000013
11986517ns          192226 1c00824c 00251793 slli             x15, x10, 0x2       x15=00000034 x10:0000000d
11986537ns          192227 1c008250 08010693 addi             x13, x2, 128        x13=10000fe8  x2:10000f68
11986557ns          192228 1c008252 00d787b3 add              x15, x15, x13       x15=1000101c x15:00000034 x13:10000fe8
11986576ns          192229 1c008254 f807a803 lw               x16, -128(x15)      x16=dead010d x15:1000101c  PA:10000f9c
11986596ns          192230 1c008258 00472783 lw               x15, 4(x14)         x15=0000000d x14:1c014018  PA:1c01401c
11986915ns          192246 1c00825a 00178793 addi             x15, x15, 1         x15=0000000e x15:0000000d
11986934ns          192247 1c00825c 02c78963 beq              x15, x12, 50        x15:0000000e x12:00000400
11986954ns          192248 1c008260 00072683 lw               x13, 0(x14)         x13=0000000c x14:1c014018  PA:1c014018
11987273ns          192264 1c008262 fed78be3 beq              x15, x13, -10       x15:0000000e x13:0000000c
11987293ns          192265 1c008266 00472783 lw               x15, 4(x14)         x15=0000000d x14:1c014018  PA:1c01401c
11987611ns          192281 1c008268 00279793 slli             x15, x15, 0x2       x15=00000034 x15:0000000d
11987631ns          192282 1c00826a 0108e7a3 p.sw             x16, x0(x17)        x16:dead010d x17:1c013018  PA:1c01304c
11987949ns          192298 1c00826e 00472783 lw               x15, 4(x14)         x15=0000000d x14:1c014018  PA:1c01401c
11988267ns          192314 1c008270 00178793 addi             x15, x15, 1         x15=0000000e x15:0000000d
11988287ns          192315 1c008272 00f72223 sw               x15, 4(x14)         x15:0000000e x14:1c014018  PA:1c01401c
11988605ns          192331 1c008274 00472783 lw               x15, 4(x14)         x15=0000000e x14:1c014018  PA:1c01401c
11988924ns          192347 1c008276 00c78663 beq              x15, x12, 12        x15:0000000e x12:00000400
11988943ns          192348 1c00827a 00150513 addi             x10, x10, 1         x10=0000000e x10:0000000d
11988963ns          192349 1c00827c fff58593 addi             x11, x11, -1        x11=00000012 x11:00000013
11988983ns          192350 1c00827e fc0597e3 bne              x11, x0, -50        x11:00000012
11989043ns          192353 1c00824c 00251793 slli             x15, x10, 0x2       x15=00000038 x10:0000000e
11989063ns          192354 1c008250 08010693 addi             x13, x2, 128        x13=10000fe8  x2:10000f68
11989083ns          192355 1c008252 00d787b3 add              x15, x15, x13       x15=10001020 x15:00000038 x13:10000fe8
11989103ns          192356 1c008254 f807a803 lw               x16, -128(x15)      x16=dead010e x15:10001020  PA:10000fa0
11989122ns          192357 1c008258 00472783 lw               x15, 4(x14)         x15=0000000e x14:1c014018  PA:1c01401c
11989441ns          192373 1c00825a 00178793 addi             x15, x15, 1         x15=0000000f x15:0000000e
11989461ns          192374 1c00825c 02c78963 beq              x15, x12, 50        x15:0000000f x12:00000400
11989480ns          192375 1c008260 00072683 lw               x13, 0(x14)         x13=0000000d x14:1c014018  PA:1c014018
11989819ns          192392 1c008262 fed78be3 beq              x15, x13, -10       x15:0000000f x13:0000000d
11989839ns          192393 1c008266 00472783 lw               x15, 4(x14)         x15=0000000e x14:1c014018  PA:1c01401c
11990157ns          192409 1c008268 00279793 slli             x15, x15, 0x2       x15=00000038 x15:0000000e
11990177ns          192410 1c00826a 0108e7a3 p.sw             x16, x0(x17)        x16:dead010e x17:1c013018  PA:1c013050
11990495ns          192426 1c00826e 00472783 lw               x15, 4(x14)         x15=0000000e x14:1c014018  PA:1c01401c
11990813ns          192442 1c008270 00178793 addi             x15, x15, 1         x15=0000000f x15:0000000e
11990833ns          192443 1c008272 00f72223 sw               x15, 4(x14)         x15:0000000f x14:1c014018  PA:1c01401c
11991171ns          192460 1c008274 00472783 lw               x15, 4(x14)         x15=0000000f x14:1c014018  PA:1c01401c
11991489ns          192476 1c008276 00c78663 beq              x15, x12, 12        x15:0000000f x12:00000400
11991509ns          192477 1c00827a 00150513 addi             x10, x10, 1         x10=0000000f x10:0000000e
11991529ns          192478 1c00827c fff58593 addi             x11, x11, -1        x11=00000011 x11:00000012
11991549ns          192479 1c00827e fc0597e3 bne              x11, x0, -50        x11:00000011
11991609ns          192482 1c00824c 00251793 slli             x15, x10, 0x2       x15=0000003c x10:0000000f
11991629ns          192483 1c008250 08010693 addi             x13, x2, 128        x13=10000fe8  x2:10000f68
11991649ns          192484 1c008252 00d787b3 add              x15, x15, x13       x15=10001024 x15:0000003c x13:10000fe8
11991668ns          192485 1c008254 f807a803 lw               x16, -128(x15)      x16=dead010f x15:10001024  PA:10000fa4
11991688ns          192486 1c008258 00472783 lw               x15, 4(x14)         x15=0000000f x14:1c014018  PA:1c01401c
11992007ns          192502 1c00825a 00178793 addi             x15, x15, 1         x15=00000010 x15:0000000f
11992027ns          192503 1c00825c 02c78963 beq              x15, x12, 50        x15:00000010 x12:00000400
11992046ns          192504 1c008260 00072683 lw               x13, 0(x14)         x13=0000000e x14:1c014018  PA:1c014018
11992365ns          192520 1c008262 fed78be3 beq              x15, x13, -10       x15:00000010 x13:0000000e
11992385ns          192521 1c008266 00472783 lw               x15, 4(x14)         x15=0000000f x14:1c014018  PA:1c01401c
11992703ns          192537 1c008268 00279793 slli             x15, x15, 0x2       x15=0000003c x15:0000000f
11992723ns          192538 1c00826a 0108e7a3 p.sw             x16, x0(x17)        x16:dead010f x17:1c013018  PA:1c013054
11993041ns          192554 1c00826e 00472783 lw               x15, 4(x14)         x15=0000000f x14:1c014018  PA:1c01401c
11993359ns          192570 1c008270 00178793 addi             x15, x15, 1         x15=00000010 x15:0000000f
11993379ns          192571 1c008272 00f72223 sw               x15, 4(x14)         x15:00000010 x14:1c014018  PA:1c01401c
11993717ns          192588 1c008274 00472783 lw               x15, 4(x14)         x15=00000010 x14:1c014018  PA:1c01401c
11994035ns          192604 1c008276 00c78663 beq              x15, x12, 12        x15:00000010 x12:00000400
11994055ns          192605 1c00827a 00150513 addi             x10, x10, 1         x10=00000010 x10:0000000f
11994075ns          192606 1c00827c fff58593 addi             x11, x11, -1        x11=00000010 x11:00000011
11994095ns          192607 1c00827e fc0597e3 bne              x11, x0, -50        x11:00000010
11994155ns          192610 1c00824c 00251793 slli             x15, x10, 0x2       x15=00000040 x10:00000010
11994175ns          192611 1c008250 08010693 addi             x13, x2, 128        x13=10000fe8  x2:10000f68
11994195ns          192612 1c008252 00d787b3 add              x15, x15, x13       x15=10001028 x15:00000040 x13:10000fe8
11994214ns          192613 1c008254 f807a803 lw               x16, -128(x15)      x16=dead0110 x15:10001028  PA:10000fa8
11994234ns          192614 1c008258 00472783 lw               x15, 4(x14)         x15=00000010 x14:1c014018  PA:1c01401c
11994553ns          192630 1c00825a 00178793 addi             x15, x15, 1         x15=00000011 x15:00000010
11994573ns          192631 1c00825c 02c78963 beq              x15, x12, 50        x15:00000011 x12:00000400
11994592ns          192632 1c008260 00072683 lw               x13, 0(x14)         x13=0000000f x14:1c014018  PA:1c014018
11994911ns          192648 1c008262 fed78be3 beq              x15, x13, -10       x15:00000011 x13:0000000f
11994931ns          192649 1c008266 00472783 lw               x15, 4(x14)         x15=00000010 x14:1c014018  PA:1c01401c
11995249ns          192665 1c008268 00279793 slli             x15, x15, 0x2       x15=00000040 x15:00000010
11995269ns          192666 1c00826a 0108e7a3 p.sw             x16, x0(x17)        x16:dead0110 x17:1c013018  PA:1c013058
11995587ns          192682 1c00826e 00472783 lw               x15, 4(x14)         x15=00000010 x14:1c014018  PA:1c01401c
11995905ns          192698 1c008270 00178793 addi             x15, x15, 1         x15=00000011 x15:00000010
11995925ns          192699 1c008272 00f72223 sw               x15, 4(x14)         x15:00000011 x14:1c014018  PA:1c01401c
11996243ns          192715 1c008274 00472783 lw               x15, 4(x14)         x15=00000011 x14:1c014018  PA:1c01401c
11996562ns          192731 1c008276 00c78663 beq              x15, x12, 12        x15:00000011 x12:00000400
11996581ns          192732 1c00827a 00150513 addi             x10, x10, 1         x10=00000011 x10:00000010
11996601ns          192733 1c00827c fff58593 addi             x11, x11, -1        x11=0000000f x11:00000010
11996621ns          192734 1c00827e fc0597e3 bne              x11, x0, -50        x11:0000000f
11996681ns          192737 1c00824c 00251793 slli             x15, x10, 0x2       x15=00000044 x10:00000011
11996701ns          192738 1c008250 08010693 addi             x13, x2, 128        x13=10000fe8  x2:10000f68
11996721ns          192739 1c008252 00d787b3 add              x15, x15, x13       x15=1000102c x15:00000044 x13:10000fe8
11996741ns          192740 1c008254 f807a803 lw               x16, -128(x15)      x16=dead0111 x15:1000102c  PA:10000fac
11996761ns          192741 1c008258 00472783 lw               x15, 4(x14)         x15=00000011 x14:1c014018  PA:1c01401c
11997079ns          192757 1c00825a 00178793 addi             x15, x15, 1         x15=00000012 x15:00000011
11997099ns          192758 1c00825c 02c78963 beq              x15, x12, 50        x15:00000012 x12:00000400
11997119ns          192759 1c008260 00072683 lw               x13, 0(x14)         x13=00000010 x14:1c014018  PA:1c014018
11997437ns          192775 1c008262 fed78be3 beq              x15, x13, -10       x15:00000012 x13:00000010
11997457ns          192776 1c008266 00472783 lw               x15, 4(x14)         x15=00000011 x14:1c014018  PA:1c01401c
11997795ns          192793 1c008268 00279793 slli             x15, x15, 0x2       x15=00000044 x15:00000011
11997815ns          192794 1c00826a 0108e7a3 p.sw             x16, x0(x17)        x16:dead0111 x17:1c013018  PA:1c01305c
11998133ns          192810 1c00826e 00472783 lw               x15, 4(x14)         x15=00000011 x14:1c014018  PA:1c01401c
11998451ns          192826 1c008270 00178793 addi             x15, x15, 1         x15=00000012 x15:00000011
11998471ns          192827 1c008272 00f72223 sw               x15, 4(x14)         x15:00000012 x14:1c014018  PA:1c01401c
11998789ns          192843 1c008274 00472783 lw               x15, 4(x14)         x15=00000012 x14:1c014018  PA:1c01401c
11999128ns          192860 1c008276 00c78663 beq              x15, x12, 12        x15:00000012 x12:00000400
11999147ns          192861 1c00827a 00150513 addi             x10, x10, 1         x10=00000012 x10:00000011
11999167ns          192862 1c00827c fff58593 addi             x11, x11, -1        x11=0000000e x11:0000000f
11999187ns          192863 1c00827e fc0597e3 bne              x11, x0, -50        x11:0000000e
11999247ns          192866 1c00824c 00251793 slli             x15, x10, 0x2       x15=00000048 x10:00000012
11999267ns          192867 1c008250 08010693 addi             x13, x2, 128        x13=10000fe8  x2:10000f68
11999287ns          192868 1c008252 00d787b3 add              x15, x15, x13       x15=10001030 x15:00000048 x13:10000fe8
11999307ns          192869 1c008254 f807a803 lw               x16, -128(x15)      x16=dead0112 x15:10001030  PA:10000fb0
11999326ns          192870 1c008258 00472783 lw               x15, 4(x14)         x15=00000012 x14:1c014018  PA:1c01401c
11999645ns          192886 1c00825a 00178793 addi             x15, x15, 1         x15=00000013 x15:00000012
11999665ns          192887 1c00825c 02c78963 beq              x15, x12, 50        x15:00000013 x12:00000400
11999684ns          192888 1c008260 00072683 lw               x13, 0(x14)         x13=00000011 x14:1c014018  PA:1c014018
12000003ns          192904 1c008262 fed78be3 beq              x15, x13, -10       x15:00000013 x13:00000011
12000023ns          192905 1c008266 00472783 lw               x15, 4(x14)         x15=00000012 x14:1c014018  PA:1c01401c
12000341ns          192921 1c008268 00279793 slli             x15, x15, 0x2       x15=00000048 x15:00000012
12000361ns          192922 1c00826a 0108e7a3 p.sw             x16, x0(x17)        x16:dead0112 x17:1c013018  PA:1c013060
12000679ns          192938 1c00826e 00472783 lw               x15, 4(x14)         x15=00000012 x14:1c014018  PA:1c01401c
12000997ns          192954 1c008270 00178793 addi             x15, x15, 1         x15=00000013 x15:00000012
12001017ns          192955 1c008272 00f72223 sw               x15, 4(x14)         x15:00000013 x14:1c014018  PA:1c01401c
12001335ns          192971 1c008274 00472783 lw               x15, 4(x14)         x15=00000013 x14:1c014018  PA:1c01401c
12001654ns          192987 1c008276 00c78663 beq              x15, x12, 12        x15:00000013 x12:00000400
12001674ns          192988 1c00827a 00150513 addi             x10, x10, 1         x10=00000013 x10:00000012
12001693ns          192989 1c00827c fff58593 addi             x11, x11, -1        x11=0000000d x11:0000000e
12001713ns          192990 1c00827e fc0597e3 bne              x11, x0, -50        x11:0000000d
12001773ns          192993 1c00824c 00251793 slli             x15, x10, 0x2       x15=0000004c x10:00000013
12001793ns          192994 1c008250 08010693 addi             x13, x2, 128        x13=10000fe8  x2:10000f68
12001813ns          192995 1c008252 00d787b3 add              x15, x15, x13       x15=10001034 x15:0000004c x13:10000fe8
12001833ns          192996 1c008254 f807a803 lw               x16, -128(x15)      x16=dead0113 x15:10001034  PA:10000fb4
12001853ns          192997 1c008258 00472783 lw               x15, 4(x14)         x15=00000013 x14:1c014018  PA:1c01401c
12002171ns          193013 1c00825a 00178793 addi             x15, x15, 1         x15=00000014 x15:00000013
12002191ns          193014 1c00825c 02c78963 beq              x15, x12, 50        x15:00000014 x12:00000400
12002211ns          193015 1c008260 00072683 lw               x13, 0(x14)         x13=00000012 x14:1c014018  PA:1c014018
12002529ns          193031 1c008262 fed78be3 beq              x15, x13, -10       x15:00000014 x13:00000012
12002549ns          193032 1c008266 00472783 lw               x15, 4(x14)         x15=00000013 x14:1c014018  PA:1c01401c
12002867ns          193048 1c008268 00279793 slli             x15, x15, 0x2       x15=0000004c x15:00000013
12002887ns          193049 1c00826a 0108e7a3 p.sw             x16, x0(x17)        x16:dead0113 x17:1c013018  PA:1c013064
12003205ns          193065 1c00826e 00472783 lw               x15, 4(x14)         x15=00000013 x14:1c014018  PA:1c01401c
12003523ns          193081 1c008270 00178793 addi             x15, x15, 1         x15=00000014 x15:00000013
12003543ns          193082 1c008272 00f72223 sw               x15, 4(x14)         x15:00000014 x14:1c014018  PA:1c01401c
12003862ns          193098 1c008274 00472783 lw               x15, 4(x14)         x15=00000014 x14:1c014018  PA:1c01401c
12004180ns          193114 1c008276 00c78663 beq              x15, x12, 12        x15:00000014 x12:00000400
12004200ns          193115 1c00827a 00150513 addi             x10, x10, 1         x10=00000014 x10:00000013
12004220ns          193116 1c00827c fff58593 addi             x11, x11, -1        x11=0000000c x11:0000000d
12004239ns          193117 1c00827e fc0597e3 bne              x11, x0, -50        x11:0000000c
12004299ns          193120 1c00824c 00251793 slli             x15, x10, 0x2       x15=00000050 x10:00000014
12004319ns          193121 1c008250 08010693 addi             x13, x2, 128        x13=10000fe8  x2:10000f68
12004339ns          193122 1c008252 00d787b3 add              x15, x15, x13       x15=10001038 x15:00000050 x13:10000fe8
12004359ns          193123 1c008254 f807a803 lw               x16, -128(x15)      x16=dead0114 x15:10001038  PA:10000fb8
12004379ns          193124 1c008258 00472783 lw               x15, 4(x14)         x15=00000014 x14:1c014018  PA:1c01401c
12004697ns          193140 1c00825a 00178793 addi             x15, x15, 1         x15=00000015 x15:00000014
12004717ns          193141 1c00825c 02c78963 beq              x15, x12, 50        x15:00000015 x12:00000400
12004737ns          193142 1c008260 00072683 lw               x13, 0(x14)         x13=00000013 x14:1c014018  PA:1c014018
12005055ns          193158 1c008262 fed78be3 beq              x15, x13, -10       x15:00000015 x13:00000013
12005075ns          193159 1c008266 00472783 lw               x15, 4(x14)         x15=00000014 x14:1c014018  PA:1c01401c
12005393ns          193175 1c008268 00279793 slli             x15, x15, 0x2       x15=00000050 x15:00000014
12005413ns          193176 1c00826a 0108e7a3 p.sw             x16, x0(x17)        x16:dead0114 x17:1c013018  PA:1c013068
12005751ns          193193 1c00826e 00472783 lw               x15, 4(x14)         x15=00000014 x14:1c014018  PA:1c01401c
12006069ns          193209 1c008270 00178793 addi             x15, x15, 1         x15=00000015 x15:00000014
12006089ns          193210 1c008272 00f72223 sw               x15, 4(x14)         x15:00000015 x14:1c014018  PA:1c01401c
12006408ns          193226 1c008274 00472783 lw               x15, 4(x14)         x15=00000015 x14:1c014018  PA:1c01401c
12006726ns          193242 1c008276 00c78663 beq              x15, x12, 12        x15:00000015 x12:00000400
12006746ns          193243 1c00827a 00150513 addi             x10, x10, 1         x10=00000015 x10:00000014
12006766ns          193244 1c00827c fff58593 addi             x11, x11, -1        x11=0000000b x11:0000000c
12006785ns          193245 1c00827e fc0597e3 bne              x11, x0, -50        x11:0000000b
12006845ns          193248 1c00824c 00251793 slli             x15, x10, 0x2       x15=00000054 x10:00000015
12006865ns          193249 1c008250 08010693 addi             x13, x2, 128        x13=10000fe8  x2:10000f68
12006885ns          193250 1c008252 00d787b3 add              x15, x15, x13       x15=1000103c x15:00000054 x13:10000fe8
12006905ns          193251 1c008254 f807a803 lw               x16, -128(x15)      x16=dead0115 x15:1000103c  PA:10000fbc
12006925ns          193252 1c008258 00472783 lw               x15, 4(x14)         x15=00000015 x14:1c014018  PA:1c01401c
12007243ns          193268 1c00825a 00178793 addi             x15, x15, 1         x15=00000016 x15:00000015
12007263ns          193269 1c00825c 02c78963 beq              x15, x12, 50        x15:00000016 x12:00000400
12007283ns          193270 1c008260 00072683 lw               x13, 0(x14)         x13=00000014 x14:1c014018  PA:1c014018
12007601ns          193286 1c008262 fed78be3 beq              x15, x13, -10       x15:00000016 x13:00000014
12007621ns          193287 1c008266 00472783 lw               x15, 4(x14)         x15=00000015 x14:1c014018  PA:1c01401c
12007939ns          193303 1c008268 00279793 slli             x15, x15, 0x2       x15=00000054 x15:00000015
12007959ns          193304 1c00826a 0108e7a3 p.sw             x16, x0(x17)        x16:dead0115 x17:1c013018  PA:1c01306c
12008277ns          193320 1c00826e 00472783 lw               x15, 4(x14)         x15=00000015 x14:1c014018  PA:1c01401c
12008596ns          193336 1c008270 00178793 addi             x15, x15, 1         x15=00000016 x15:00000015
12008615ns          193337 1c008272 00f72223 sw               x15, 4(x14)         x15:00000016 x14:1c014018  PA:1c01401c
12008934ns          193353 1c008274 00472783 lw               x15, 4(x14)         x15=00000016 x14:1c014018  PA:1c01401c
12009252ns          193369 1c008276 00c78663 beq              x15, x12, 12        x15:00000016 x12:00000400
12009272ns          193370 1c00827a 00150513 addi             x10, x10, 1         x10=00000016 x10:00000015
12009292ns          193371 1c00827c fff58593 addi             x11, x11, -1        x11=0000000a x11:0000000b
12009312ns          193372 1c00827e fc0597e3 bne              x11, x0, -50        x11:0000000a
12009371ns          193375 1c00824c 00251793 slli             x15, x10, 0x2       x15=00000058 x10:00000016
12009391ns          193376 1c008250 08010693 addi             x13, x2, 128        x13=10000fe8  x2:10000f68
12009411ns          193377 1c008252 00d787b3 add              x15, x15, x13       x15=10001040 x15:00000058 x13:10000fe8
12009431ns          193378 1c008254 f807a803 lw               x16, -128(x15)      x16=dead0116 x15:10001040  PA:10000fc0
12009451ns          193379 1c008258 00472783 lw               x15, 4(x14)         x15=00000016 x14:1c014018  PA:1c01401c
12009789ns          193396 1c00825a 00178793 addi             x15, x15, 1         x15=00000017 x15:00000016
12009809ns          193397 1c00825c 02c78963 beq              x15, x12, 50        x15:00000017 x12:00000400
12009829ns          193398 1c008260 00072683 lw               x13, 0(x14)         x13=00000015 x14:1c014018  PA:1c014018
12010147ns          193414 1c008262 fed78be3 beq              x15, x13, -10       x15:00000017 x13:00000015
12010167ns          193415 1c008266 00472783 lw               x15, 4(x14)         x15=00000016 x14:1c014018  PA:1c01401c
12010485ns          193431 1c008268 00279793 slli             x15, x15, 0x2       x15=00000058 x15:00000016
12010505ns          193432 1c00826a 0108e7a3 p.sw             x16, x0(x17)        x16:dead0116 x17:1c013018  PA:1c013070
12010843ns          193449 1c00826e 00472783 lw               x15, 4(x14)         x15=00000016 x14:1c014018  PA:1c01401c
12011161ns          193465 1c008270 00178793 addi             x15, x15, 1         x15=00000017 x15:00000016
12011181ns          193466 1c008272 00f72223 sw               x15, 4(x14)         x15:00000017 x14:1c014018  PA:1c01401c
12011500ns          193482 1c008274 00472783 lw               x15, 4(x14)         x15=00000017 x14:1c014018  PA:1c01401c
12011818ns          193498 1c008276 00c78663 beq              x15, x12, 12        x15:00000017 x12:00000400
12011838ns          193499 1c00827a 00150513 addi             x10, x10, 1         x10=00000017 x10:00000016
12011858ns          193500 1c00827c fff58593 addi             x11, x11, -1        x11=00000009 x11:0000000a
12011877ns          193501 1c00827e fc0597e3 bne              x11, x0, -50        x11:00000009
12011937ns          193504 1c00824c 00251793 slli             x15, x10, 0x2       x15=0000005c x10:00000017
12011957ns          193505 1c008250 08010693 addi             x13, x2, 128        x13=10000fe8  x2:10000f68
12011977ns          193506 1c008252 00d787b3 add              x15, x15, x13       x15=10001044 x15:0000005c x13:10000fe8
12011997ns          193507 1c008254 f807a803 lw               x16, -128(x15)      x16=dead0117 x15:10001044  PA:10000fc4
12012017ns          193508 1c008258 00472783 lw               x15, 4(x14)         x15=00000017 x14:1c014018  PA:1c01401c
12012335ns          193524 1c00825a 00178793 addi             x15, x15, 1         x15=00000018 x15:00000017
12012355ns          193525 1c00825c 02c78963 beq              x15, x12, 50        x15:00000018 x12:00000400
12012375ns          193526 1c008260 00072683 lw               x13, 0(x14)         x13=00000016 x14:1c014018  PA:1c014018
12012693ns          193542 1c008262 fed78be3 beq              x15, x13, -10       x15:00000018 x13:00000016
12012713ns          193543 1c008266 00472783 lw               x15, 4(x14)         x15=00000017 x14:1c014018  PA:1c01401c
12013031ns          193559 1c008268 00279793 slli             x15, x15, 0x2       x15=0000005c x15:00000017
12013051ns          193560 1c00826a 0108e7a3 p.sw             x16, x0(x17)        x16:dead0117 x17:1c013018  PA:1c013074
12013369ns          193576 1c00826e 00472783 lw               x15, 4(x14)         x15=00000017 x14:1c014018  PA:1c01401c
12013707ns          193593 1c008270 00178793 addi             x15, x15, 1         x15=00000018 x15:00000017
12013727ns          193594 1c008272 00f72223 sw               x15, 4(x14)         x15:00000018 x14:1c014018  PA:1c01401c
12014046ns          193610 1c008274 00472783 lw               x15, 4(x14)         x15=00000018 x14:1c014018  PA:1c01401c
12014364ns          193626 1c008276 00c78663 beq              x15, x12, 12        x15:00000018 x12:00000400
12014384ns          193627 1c00827a 00150513 addi             x10, x10, 1         x10=00000018 x10:00000017
12014404ns          193628 1c00827c fff58593 addi             x11, x11, -1        x11=00000008 x11:00000009
12014423ns          193629 1c00827e fc0597e3 bne              x11, x0, -50        x11:00000008
12014483ns          193632 1c00824c 00251793 slli             x15, x10, 0x2       x15=00000060 x10:00000018
12014503ns          193633 1c008250 08010693 addi             x13, x2, 128        x13=10000fe8  x2:10000f68
12014523ns          193634 1c008252 00d787b3 add              x15, x15, x13       x15=10001048 x15:00000060 x13:10000fe8
12014543ns          193635 1c008254 f807a803 lw               x16, -128(x15)      x16=dead0118 x15:10001048  PA:10000fc8
12014563ns          193636 1c008258 00472783 lw               x15, 4(x14)         x15=00000018 x14:1c014018  PA:1c01401c
12014881ns          193652 1c00825a 00178793 addi             x15, x15, 1         x15=00000019 x15:00000018
12014901ns          193653 1c00825c 02c78963 beq              x15, x12, 50        x15:00000019 x12:00000400
12014921ns          193654 1c008260 00072683 lw               x13, 0(x14)         x13=00000017 x14:1c014018  PA:1c014018
12015239ns          193670 1c008262 fed78be3 beq              x15, x13, -10       x15:00000019 x13:00000017
12015259ns          193671 1c008266 00472783 lw               x15, 4(x14)         x15=00000018 x14:1c014018  PA:1c01401c
12015577ns          193687 1c008268 00279793 slli             x15, x15, 0x2       x15=00000060 x15:00000018
12015597ns          193688 1c00826a 0108e7a3 p.sw             x16, x0(x17)        x16:dead0118 x17:1c013018  PA:1c013078
12015915ns          193704 1c00826e 00472783 lw               x15, 4(x14)         x15=00000018 x14:1c014018  PA:1c01401c
12016234ns          193720 1c008270 00178793 addi             x15, x15, 1         x15=00000019 x15:00000018
12016253ns          193721 1c008272 00f72223 sw               x15, 4(x14)         x15:00000019 x14:1c014018  PA:1c01401c
12016572ns          193737 1c008274 00472783 lw               x15, 4(x14)         x15=00000019 x14:1c014018  PA:1c01401c
12016890ns          193753 1c008276 00c78663 beq              x15, x12, 12        x15:00000019 x12:00000400
12016910ns          193754 1c00827a 00150513 addi             x10, x10, 1         x10=00000019 x10:00000018
12016930ns          193755 1c00827c fff58593 addi             x11, x11, -1        x11=00000007 x11:00000008
12016950ns          193756 1c00827e fc0597e3 bne              x11, x0, -50        x11:00000007
12017009ns          193759 1c00824c 00251793 slli             x15, x10, 0x2       x15=00000064 x10:00000019
12017029ns          193760 1c008250 08010693 addi             x13, x2, 128        x13=10000fe8  x2:10000f68
12017049ns          193761 1c008252 00d787b3 add              x15, x15, x13       x15=1000104c x15:00000064 x13:10000fe8
12017069ns          193762 1c008254 f807a803 lw               x16, -128(x15)      x16=dead0119 x15:1000104c  PA:10000fcc
12017089ns          193763 1c008258 00472783 lw               x15, 4(x14)         x15=00000019 x14:1c014018  PA:1c01401c
12017407ns          193779 1c00825a 00178793 addi             x15, x15, 1         x15=0000001a x15:00000019
12017427ns          193780 1c00825c 02c78963 beq              x15, x12, 50        x15:0000001a x12:00000400
12017447ns          193781 1c008260 00072683 lw               x13, 0(x14)         x13=00000018 x14:1c014018  PA:1c014018
12017785ns          193798 1c008262 fed78be3 beq              x15, x13, -10       x15:0000001a x13:00000018
12017805ns          193799 1c008266 00472783 lw               x15, 4(x14)         x15=00000019 x14:1c014018  PA:1c01401c
12018123ns          193815 1c008268 00279793 slli             x15, x15, 0x2       x15=00000064 x15:00000019
12018143ns          193816 1c00826a 0108e7a3 p.sw             x16, x0(x17)        x16:dead0119 x17:1c013018  PA:1c01307c
12018461ns          193832 1c00826e 00472783 lw               x15, 4(x14)         x15=00000019 x14:1c014018  PA:1c01401c
12018780ns          193848 1c008270 00178793 addi             x15, x15, 1         x15=0000001a x15:00000019
12018799ns          193849 1c008272 00f72223 sw               x15, 4(x14)         x15:0000001a x14:1c014018  PA:1c01401c
12019138ns          193866 1c008274 00472783 lw               x15, 4(x14)         x15=0000001a x14:1c014018  PA:1c01401c
12019456ns          193882 1c008276 00c78663 beq              x15, x12, 12        x15:0000001a x12:00000400
12019476ns          193883 1c00827a 00150513 addi             x10, x10, 1         x10=0000001a x10:00000019
12019496ns          193884 1c00827c fff58593 addi             x11, x11, -1        x11=00000006 x11:00000007
12019516ns          193885 1c00827e fc0597e3 bne              x11, x0, -50        x11:00000006
12019575ns          193888 1c00824c 00251793 slli             x15, x10, 0x2       x15=00000068 x10:0000001a
12019595ns          193889 1c008250 08010693 addi             x13, x2, 128        x13=10000fe8  x2:10000f68
12019615ns          193890 1c008252 00d787b3 add              x15, x15, x13       x15=10001050 x15:00000068 x13:10000fe8
12019635ns          193891 1c008254 f807a803 lw               x16, -128(x15)      x16=dead011a x15:10001050  PA:10000fd0
12019655ns          193892 1c008258 00472783 lw               x15, 4(x14)         x15=0000001a x14:1c014018  PA:1c01401c
12019973ns          193908 1c00825a 00178793 addi             x15, x15, 1         x15=0000001b x15:0000001a
12019993ns          193909 1c00825c 02c78963 beq              x15, x12, 50        x15:0000001b x12:00000400
12020013ns          193910 1c008260 00072683 lw               x13, 0(x14)         x13=00000019 x14:1c014018  PA:1c014018
12020351ns          193927 1c008262 fed78be3 beq              x15, x13, -10       x15:0000001b x13:00000019
12020371ns          193928 1c008266 00472783 lw               x15, 4(x14)         x15=0000001a x14:1c014018  PA:1c01401c
12020689ns          193944 1c008268 00279793 slli             x15, x15, 0x2       x15=00000068 x15:0000001a
12020709ns          193945 1c00826a 0108e7a3 p.sw             x16, x0(x17)        x16:dead011a x17:1c013018  PA:1c013080
12021027ns          193961 1c00826e 00472783 lw               x15, 4(x14)         x15=0000001a x14:1c014018  PA:1c01401c
12021345ns          193977 1c008270 00178793 addi             x15, x15, 1         x15=0000001b x15:0000001a
12021365ns          193978 1c008272 00f72223 sw               x15, 4(x14)         x15:0000001b x14:1c014018  PA:1c01401c
12021704ns          193995 1c008274 00472783 lw               x15, 4(x14)         x15=0000001b x14:1c014018  PA:1c01401c
12022022ns          194011 1c008276 00c78663 beq              x15, x12, 12        x15:0000001b x12:00000400
12022042ns          194012 1c00827a 00150513 addi             x10, x10, 1         x10=0000001b x10:0000001a
12022062ns          194013 1c00827c fff58593 addi             x11, x11, -1        x11=00000005 x11:00000006
12022081ns          194014 1c00827e fc0597e3 bne              x11, x0, -50        x11:00000005
12022141ns          194017 1c00824c 00251793 slli             x15, x10, 0x2       x15=0000006c x10:0000001b
12022161ns          194018 1c008250 08010693 addi             x13, x2, 128        x13=10000fe8  x2:10000f68
12022181ns          194019 1c008252 00d787b3 add              x15, x15, x13       x15=10001054 x15:0000006c x13:10000fe8
12022201ns          194020 1c008254 f807a803 lw               x16, -128(x15)      x16=dead011b x15:10001054  PA:10000fd4
12022221ns          194021 1c008258 00472783 lw               x15, 4(x14)         x15=0000001b x14:1c014018  PA:1c01401c
12022539ns          194037 1c00825a 00178793 addi             x15, x15, 1         x15=0000001c x15:0000001b
12022559ns          194038 1c00825c 02c78963 beq              x15, x12, 50        x15:0000001c x12:00000400
12022579ns          194039 1c008260 00072683 lw               x13, 0(x14)         x13=0000001a x14:1c014018  PA:1c014018
12022897ns          194055 1c008262 fed78be3 beq              x15, x13, -10       x15:0000001c x13:0000001a
12022917ns          194056 1c008266 00472783 lw               x15, 4(x14)         x15=0000001b x14:1c014018  PA:1c01401c
12023235ns          194072 1c008268 00279793 slli             x15, x15, 0x2       x15=0000006c x15:0000001b
12023255ns          194073 1c00826a 0108e7a3 p.sw             x16, x0(x17)        x16:dead011b x17:1c013018  PA:1c013084
12023573ns          194089 1c00826e 00472783 lw               x15, 4(x14)         x15=0000001b x14:1c014018  PA:1c01401c
12023891ns          194105 1c008270 00178793 addi             x15, x15, 1         x15=0000001c x15:0000001b
12023911ns          194106 1c008272 00f72223 sw               x15, 4(x14)         x15:0000001c x14:1c014018  PA:1c01401c
12024230ns          194122 1c008274 00472783 lw               x15, 4(x14)         x15=0000001c x14:1c014018  PA:1c01401c
12024548ns          194138 1c008276 00c78663 beq              x15, x12, 12        x15:0000001c x12:00000400
12024568ns          194139 1c00827a 00150513 addi             x10, x10, 1         x10=0000001c x10:0000001b
12024588ns          194140 1c00827c fff58593 addi             x11, x11, -1        x11=00000004 x11:00000005
12024608ns          194141 1c00827e fc0597e3 bne              x11, x0, -50        x11:00000004
12024667ns          194144 1c00824c 00251793 slli             x15, x10, 0x2       x15=00000070 x10:0000001c
12024687ns          194145 1c008250 08010693 addi             x13, x2, 128        x13=10000fe8  x2:10000f68
12024707ns          194146 1c008252 00d787b3 add              x15, x15, x13       x15=10001058 x15:00000070 x13:10000fe8
12024727ns          194147 1c008254 f807a803 lw               x16, -128(x15)      x16=dead011c x15:10001058  PA:10000fd8
12024747ns          194148 1c008258 00472783 lw               x15, 4(x14)         x15=0000001c x14:1c014018  PA:1c01401c
12025065ns          194164 1c00825a 00178793 addi             x15, x15, 1         x15=0000001d x15:0000001c
12025085ns          194165 1c00825c 02c78963 beq              x15, x12, 50        x15:0000001d x12:00000400
12025105ns          194166 1c008260 00072683 lw               x13, 0(x14)         x13=0000001b x14:1c014018  PA:1c014018
12025423ns          194182 1c008262 fed78be3 beq              x15, x13, -10       x15:0000001d x13:0000001b
12025443ns          194183 1c008266 00472783 lw               x15, 4(x14)         x15=0000001c x14:1c014018  PA:1c01401c
12025781ns          194200 1c008268 00279793 slli             x15, x15, 0x2       x15=00000070 x15:0000001c
12025801ns          194201 1c00826a 0108e7a3 p.sw             x16, x0(x17)        x16:dead011c x17:1c013018  PA:1c013088
12026119ns          194217 1c00826e 00472783 lw               x15, 4(x14)         x15=0000001c x14:1c014018  PA:1c01401c
12026438ns          194233 1c008270 00178793 addi             x15, x15, 1         x15=0000001d x15:0000001c
12026457ns          194234 1c008272 00f72223 sw               x15, 4(x14)         x15:0000001d x14:1c014018  PA:1c01401c
12026776ns          194250 1c008274 00472783 lw               x15, 4(x14)         x15=0000001d x14:1c014018  PA:1c01401c
12027114ns          194267 1c008276 00c78663 beq              x15, x12, 12        x15:0000001d x12:00000400
12027134ns          194268 1c00827a 00150513 addi             x10, x10, 1         x10=0000001d x10:0000001c
12027154ns          194269 1c00827c fff58593 addi             x11, x11, -1        x11=00000003 x11:00000004
12027173ns          194270 1c00827e fc0597e3 bne              x11, x0, -50        x11:00000003
12027233ns          194273 1c00824c 00251793 slli             x15, x10, 0x2       x15=00000074 x10:0000001d
12027253ns          194274 1c008250 08010693 addi             x13, x2, 128        x13=10000fe8  x2:10000f68
12027273ns          194275 1c008252 00d787b3 add              x15, x15, x13       x15=1000105c x15:00000074 x13:10000fe8
12027293ns          194276 1c008254 f807a803 lw               x16, -128(x15)      x16=dead011d x15:1000105c  PA:10000fdc
12027313ns          194277 1c008258 00472783 lw               x15, 4(x14)         x15=0000001d x14:1c014018  PA:1c01401c
12027631ns          194293 1c00825a 00178793 addi             x15, x15, 1         x15=0000001e x15:0000001d
12027651ns          194294 1c00825c 02c78963 beq              x15, x12, 50        x15:0000001e x12:00000400
12027671ns          194295 1c008260 00072683 lw               x13, 0(x14)         x13=0000001c x14:1c014018  PA:1c014018
12027989ns          194311 1c008262 fed78be3 beq              x15, x13, -10       x15:0000001e x13:0000001c
12028009ns          194312 1c008266 00472783 lw               x15, 4(x14)         x15=0000001d x14:1c014018  PA:1c01401c
12028347ns          194329 1c008268 00279793 slli             x15, x15, 0x2       x15=00000074 x15:0000001d
12028367ns          194330 1c00826a 0108e7a3 p.sw             x16, x0(x17)        x16:dead011d x17:1c013018  PA:1c01308c
12028705ns          194347 1c00826e 00472783 lw               x15, 4(x14)         x15=0000001d x14:1c014018  PA:1c01401c
12029023ns          194363 1c008270 00178793 addi             x15, x15, 1         x15=0000001e x15:0000001d
12029043ns          194364 1c008272 00f72223 sw               x15, 4(x14)         x15:0000001e x14:1c014018  PA:1c01401c
12029361ns          194380 1c008274 00472783 lw               x15, 4(x14)         x15=0000001e x14:1c014018  PA:1c01401c
12029700ns          194397 1c008276 00c78663 beq              x15, x12, 12        x15:0000001e x12:00000400
12029719ns          194398 1c00827a 00150513 addi             x10, x10, 1         x10=0000001e x10:0000001d
12029739ns          194399 1c00827c fff58593 addi             x11, x11, -1        x11=00000002 x11:00000003
12029759ns          194400 1c00827e fc0597e3 bne              x11, x0, -50        x11:00000002
12029819ns          194403 1c00824c 00251793 slli             x15, x10, 0x2       x15=00000078 x10:0000001e
12029839ns          194404 1c008250 08010693 addi             x13, x2, 128        x13=10000fe8  x2:10000f68
12029859ns          194405 1c008252 00d787b3 add              x15, x15, x13       x15=10001060 x15:00000078 x13:10000fe8
12029879ns          194406 1c008254 f807a803 lw               x16, -128(x15)      x16=dead011e x15:10001060  PA:10000fe0
12029899ns          194407 1c008258 00472783 lw               x15, 4(x14)         x15=0000001e x14:1c014018  PA:1c01401c
12030217ns          194423 1c00825a 00178793 addi             x15, x15, 1         x15=0000001f x15:0000001e
12030237ns          194424 1c00825c 02c78963 beq              x15, x12, 50        x15:0000001f x12:00000400
12030257ns          194425 1c008260 00072683 lw               x13, 0(x14)         x13=0000001d x14:1c014018  PA:1c014018
12030575ns          194441 1c008262 fed78be3 beq              x15, x13, -10       x15:0000001f x13:0000001d
12030595ns          194442 1c008266 00472783 lw               x15, 4(x14)         x15=0000001e x14:1c014018  PA:1c01401c
12030913ns          194458 1c008268 00279793 slli             x15, x15, 0x2       x15=00000078 x15:0000001e
12030933ns          194459 1c00826a 0108e7a3 p.sw             x16, x0(x17)        x16:dead011e x17:1c013018  PA:1c013090
12031251ns          194475 1c00826e 00472783 lw               x15, 4(x14)         x15=0000001e x14:1c014018  PA:1c01401c
12031569ns          194491 1c008270 00178793 addi             x15, x15, 1         x15=0000001f x15:0000001e
12031589ns          194492 1c008272 00f72223 sw               x15, 4(x14)         x15:0000001f x14:1c014018  PA:1c01401c
12031907ns          194508 1c008274 00472783 lw               x15, 4(x14)         x15=0000001f x14:1c014018  PA:1c01401c
12032226ns          194524 1c008276 00c78663 beq              x15, x12, 12        x15:0000001f x12:00000400
12032246ns          194525 1c00827a 00150513 addi             x10, x10, 1         x10=0000001f x10:0000001e
12032266ns          194526 1c00827c fff58593 addi             x11, x11, -1        x11=00000001 x11:00000002
12032285ns          194527 1c00827e fc0597e3 bne              x11, x0, -50        x11:00000001
12032345ns          194530 1c00824c 00251793 slli             x15, x10, 0x2       x15=0000007c x10:0000001f
12032365ns          194531 1c008250 08010693 addi             x13, x2, 128        x13=10000fe8  x2:10000f68
12032385ns          194532 1c008252 00d787b3 add              x15, x15, x13       x15=10001064 x15:0000007c x13:10000fe8
12032405ns          194533 1c008254 f807a803 lw               x16, -128(x15)      x16=dead011f x15:10001064  PA:10000fe4
12032425ns          194534 1c008258 00472783 lw               x15, 4(x14)         x15=0000001f x14:1c014018  PA:1c01401c
12032743ns          194550 1c00825a 00178793 addi             x15, x15, 1         x15=00000020 x15:0000001f
12032763ns          194551 1c00825c 02c78963 beq              x15, x12, 50        x15:00000020 x12:00000400
12032783ns          194552 1c008260 00072683 lw               x13, 0(x14)         x13=0000001e x14:1c014018  PA:1c014018
12033101ns          194568 1c008262 fed78be3 beq              x15, x13, -10       x15:00000020 x13:0000001e
12033121ns          194569 1c008266 00472783 lw               x15, 4(x14)         x15=0000001f x14:1c014018  PA:1c01401c
12033459ns          194586 1c008268 00279793 slli             x15, x15, 0x2       x15=0000007c x15:0000001f
12033479ns          194587 1c00826a 0108e7a3 p.sw             x16, x0(x17)        x16:dead011f x17:1c013018  PA:1c013094
12033797ns          194603 1c00826e 00472783 lw               x15, 4(x14)         x15=0000001f x14:1c014018  PA:1c01401c
12034115ns          194619 1c008270 00178793 addi             x15, x15, 1         x15=00000020 x15:0000001f
12034135ns          194620 1c008272 00f72223 sw               x15, 4(x14)         x15:00000020 x14:1c014018  PA:1c01401c
12034453ns          194636 1c008274 00472783 lw               x15, 4(x14)         x15=00000020 x14:1c014018  PA:1c01401c
12034772ns          194652 1c008276 00c78663 beq              x15, x12, 12        x15:00000020 x12:00000400
12034792ns          194653 1c00827a 00150513 addi             x10, x10, 1         x10=00000020 x10:0000001f
12034812ns          194654 1c00827c fff58593 addi             x11, x11, -1        x11=00000000 x11:00000001
12034831ns          194655 1c00827e fc0597e3 bne              x11, x0, -50        x11:00000000
12034851ns          194656 1c008280 f51ff06f jal              x0, -176           
12034931ns          194660 1c0081d0 1e7010ef jal              x1, 6630             x1=1c0081d4
12034991ns          194663 1c009bb6 f14027f3 csrrs            x15, x0, 0xf14      x15=00000001
12035010ns          194664 1c009bba 01f00713 addi             x14, x0, 31         x14=0000001f
12035030ns          194665 1c009bbc ca5797b3 p.extractu       x15, x15, 5, 5      x15=00000000 x15:00000001
12035050ns          194666 1c009bc0 00e78863 beq              x15, x14, 16        x15:00000000 x14:0000001f
12035070ns          194667 1c009bc4 002047b7 lui              x15, 0x204000       x15=00204000
12035090ns          194668 1c009bc8 20078793 addi             x15, x15, 512       x15=00204200 x15:00204000
12035110ns          194669 1c009bcc 01c7e703 p.elw            x14, 28(x15)        x14=00010000 x15:00204200  PA:0020421c
12036880ns          194758 1c009bd0 00008067 jalr             x0, x1, 0            x1:1c0081d4
12036920ns          194760 1c0081d4 f14027f3 csrrs            x15, x0, 0xf14      x15=00000001
12036940ns          194761 1c0081d8 f457b7b3 p.bclr           x15, x15, 26, 5     x15=00000001 x15:00000001
12036960ns          194762 1c0081dc 00079c63 bne              x15, x0, 24         x15:00000001
12037914ns          194810 1c0081f4 08c12083 lw               x1, 140(x2)          x1=1c009ac6  x2:10000f68  PA:10000ff4
12037934ns          194811 1c0081f6 08812403 lw               x8, 136(x2)          x8=xxxxxxxx  x2:10000f68  PA:10000ff0
12037954ns          194812 1c0081f8 08412483 lw               x9, 132(x2)          x9=xxxxxxxx  x2:10000f68  PA:10000fec
12037974ns          194813 1c0081fa 00000513 addi             x10, x0, 0          x10=00000000
12037994ns          194814 1c0081fc 09010113 addi             x2, x2, 144          x2=10000ff8  x2:10000f68
12038014ns          194815 1c0081fe 00008067 jalr             x0, x1, 0            x1:1c009ac6
12038074ns          194818 1c009ac6 f14027f3 csrrs            x15, x0, 0xf14      x15=00000001
12038093ns          194819 1c009aca f457b7b3 p.bclr           x15, x15, 26, 5     x15=00000001 x15:00000001
12038113ns          194820 1c009ace 00079963 bne              x15, x0, 18         x15:00000001
12038611ns          194845 1c009ae0 002047b7 lui              x15, 0x204000       x15=00204000
12038650ns          194847 1c009ae4 fff00713 addi             x14, x0, -1         x14=ffffffff
12038670ns          194848 1c009ae6 00e7a223 sw               x14, 4(x15)         x14:ffffffff x15:00204000  PA:00204004
