                Time          Cycles PC       Instr    Mnemonic
12060728ns          191967 1c008080 0640006f jal              x0, 100            
12061185ns          191990 1c0080e4 f1402573 csrrs            x10, x0, 0xf14      x10=00000001
12061225ns          191992 1c0080e8 01f57593 andi             x11, x10, 31        x11=00000001 x10:00000001
12061245ns          191993 1c0080ec 00555513 srli             x10, x10, 0x5       x10=00000000 x10:00000001
12061265ns          191994 1c0080ee 01f00613 addi             x12, x0, 31         x12=0000001f
12061702ns          192016 1c0080f0 00c50463 beq              x10, x12, 8         x10:00000000 x12:0000001f
12061742ns          192018 1c0080f4 fa1ff06f jal              x0, -96            
12062199ns          192041 1c008094 f3ff8117 auipc            x2, 0xf3ff8000       x2=10000094
12062239ns          192043 1c008098 f7010113 addi             x2, x2, -144         x2=10000004  x2:10000094
12062259ns          192044 1c00809c 00012103 lw               x2, 0(x2)            x2=10000008  x2:10000004  PA:10000004
12062697ns          192066 1c0080a0 000011b7 lui              x3, 0x1000           x3=00001000
12062737ns          192068 1c0080a4 80018193 addi             x3, x3, -2048        x3=00000800  x3:00001000
12062756ns          192069 1c0080a8 00158593 addi             x11, x11, 1         x11=00000002 x11:00000001
12062776ns          192070 1c0080ac 02b180b3 mul              x1, x3, x11          x1=00001000  x3:00000800 x11:00000002
12063214ns          192092 1c0080b0 00110133 add              x2, x2, x1           x2=10001008  x2:10000008  x1:00001000
12063254ns          192094 1c0080b4 2030106f jal              x0, 6658           
12063711ns          192117 1c009ab6 ff010113 addi             x2, x2, -16          x2=10000ff8  x2:10001008
12063751ns          192119 1c009ab8 00112623 sw               x1, 12(x2)           x1:00001000  x2:10000ff8  PA:10001004
12063771ns          192120 1c009aba 002047b7 lui              x15, 0x204000       x15=00204000
12064208ns          192142 1c009abe 00070737 lui              x14, 0x70000        x14=00070000
12064228ns          192143 1c009ac2 00e7a423 sw               x14, 8(x15)         x14:00070000 x15:00204000  PA:00204008
12064248ns          192144 1c009ac4 00f00713 addi             x14, x0, 15         x14=0000000f
12064268ns          192145 1c009ac6 20078793 addi             x15, x15, 512       x15=00204200 x15:00204000
12064288ns          192146 1c009aca 00e7a023 sw               x14, 0(x15)         x14:0000000f x15:00204200  PA:00204200
12064726ns          192168 1c009ace 00e7a623 sw               x14, 12(x15)        x14:0000000f x15:00204200  PA:0020420c
12064765ns          192170 1c009ad2 1c0017b7 lui              x15, 0x1c001000     x15=1c001000
12064785ns          192171 1c009ad6 a547a783 lw               x15, -1452(x15)     x15=1c00813e x15:1c001000  PA:1c000a54
12065243ns          192194 1c009ada 000780e7 jalr             x1, x15, 0           x1=1c009adc x15:1c00813e
12066178ns          192241 1c00813e f14027f3 csrrs            x15, x0, 0xf14      x15=00000001
12066217ns          192243 1c008142 ca579733 p.extractu       x14, x15, 5, 5      x14=00000000 x15:00000001
12066237ns          192244 1c008146 0a071f63 bne              x14, x0, 190        x14:00000000
12066257ns          192245 1c008148 ff010113 addi             x2, x2, -16          x2=10000fe8  x2:10000ff8
12066277ns          192246 1c00814a 00912223 sw               x9, 4(x2)            x9:xxxxxxxx  x2:10000fe8  PA:10000fec
12066297ns          192247 1c00814c 00112623 sw               x1, 12(x2)           x1:1c009adc  x2:10000fe8  PA:10000ff4
12066317ns          192248 1c00814e 00812423 sw               x8, 8(x2)            x8:xxxxxxxx  x2:10000fe8  PA:10000ff0
12066695ns          192267 1c008150 f457b4b3 p.bclr           x9, x15, 26, 5       x9=00000001 x15:00000001
12066735ns          192269 1c008154 0a14ab63 p.beqimm         x9, 182              x9:00000001
12067331ns          192299 1c00820a 1c0016b7 lui              x13, 0x1c001000     x13=1c001000
12067908ns          192328 1c00820e dead05b7 lui              x11, 0xdead0000     x11=dead0000
12067948ns          192330 1c008212 9a068413 addi             x8, x13, -1632       x8=1c0009a0 x13:1c001000
12067968ns          192331 1c008216 00000713 addi             x14, x0, 0          x14=00000000
12067988ns          192332 1c008218 9a068693 addi             x13, x13, -1632     x13=1c0009a0 x13:1c001000
12068008ns          192333 1c00821c 10058593 addi             x11, x11, 256       x11=dead0100 x11:dead0000
12068445ns          192355 1c008220 020350fb lp.setupi        0x1, 0x20, 0x6     
12068485ns          192357 1c008224 00b76633 or               x12, x14, x11       x12=dead0100 x14:00000000 x11:dead0100
12068505ns          192358 1c008228 00c6a22b p.sw             x12, 4(x13!)        x13=1c0009a4 x12:dead0100 x13:1c0009a0  PA:1c0009a0
12068843ns          192375 1c00822c 00170713 addi             x14, x14, 1         x14=00000001 x14:00000000
12068863ns          192376 1c008224 00b76633 or               x12, x14, x11       x12=dead0101 x14:00000001 x11:dead0100
12068883ns          192377 1c008228 00c6a22b p.sw             x12, 4(x13!)        x13=1c0009a8 x12:dead0101 x13:1c0009a4  PA:1c0009a4
12069201ns          192393 1c00822c 00170713 addi             x14, x14, 1         x14=00000002 x14:00000001
12069221ns          192394 1c008224 00b76633 or               x12, x14, x11       x12=dead0102 x14:00000002 x11:dead0100
12069241ns          192395 1c008228 00c6a22b p.sw             x12, 4(x13!)        x13=1c0009ac x12:dead0102 x13:1c0009a8  PA:1c0009a8
12069579ns          192412 1c00822c 00170713 addi             x14, x14, 1         x14=00000003 x14:00000002
12069599ns          192413 1c008224 00b76633 or               x12, x14, x11       x12=dead0103 x14:00000003 x11:dead0100
12069619ns          192414 1c008228 00c6a22b p.sw             x12, 4(x13!)        x13=1c0009b0 x12:dead0103 x13:1c0009ac  PA:1c0009ac
12069937ns          192430 1c00822c 00170713 addi             x14, x14, 1         x14=00000004 x14:00000003
12069957ns          192431 1c008224 00b76633 or               x12, x14, x11       x12=dead0104 x14:00000004 x11:dead0100
12069977ns          192432 1c008228 00c6a22b p.sw             x12, 4(x13!)        x13=1c0009b4 x12:dead0104 x13:1c0009b0  PA:1c0009b0
12070295ns          192448 1c00822c 00170713 addi             x14, x14, 1         x14=00000005 x14:00000004
12070315ns          192449 1c008224 00b76633 or               x12, x14, x11       x12=dead0105 x14:00000005 x11:dead0100
12070335ns          192450 1c008228 00c6a22b p.sw             x12, 4(x13!)        x13=1c0009b8 x12:dead0105 x13:1c0009b4  PA:1c0009b4
12070653ns          192466 1c00822c 00170713 addi             x14, x14, 1         x14=00000006 x14:00000005
12070673ns          192467 1c008224 00b76633 or               x12, x14, x11       x12=dead0106 x14:00000006 x11:dead0100
12070693ns          192468 1c008228 00c6a22b p.sw             x12, 4(x13!)        x13=1c0009bc x12:dead0106 x13:1c0009b8  PA:1c0009b8
12071011ns          192484 1c00822c 00170713 addi             x14, x14, 1         x14=00000007 x14:00000006
12071031ns          192485 1c008224 00b76633 or               x12, x14, x11       x12=dead0107 x14:00000007 x11:dead0100
12071051ns          192486 1c008228 00c6a22b p.sw             x12, 4(x13!)        x13=1c0009c0 x12:dead0107 x13:1c0009bc  PA:1c0009bc
12071369ns          192502 1c00822c 00170713 addi             x14, x14, 1         x14=00000008 x14:00000007
12071389ns          192503 1c008224 00b76633 or               x12, x14, x11       x12=dead0108 x14:00000008 x11:dead0100
12071409ns          192504 1c008228 00c6a22b p.sw             x12, 4(x13!)        x13=1c0009c4 x12:dead0108 x13:1c0009c0  PA:1c0009c0
12071747ns          192521 1c00822c 00170713 addi             x14, x14, 1         x14=00000009 x14:00000008
12071767ns          192522 1c008224 00b76633 or               x12, x14, x11       x12=dead0109 x14:00000009 x11:dead0100
12071787ns          192523 1c008228 00c6a22b p.sw             x12, 4(x13!)        x13=1c0009c8 x12:dead0109 x13:1c0009c4  PA:1c0009c4
12072105ns          192539 1c00822c 00170713 addi             x14, x14, 1         x14=0000000a x14:00000009
12072125ns          192540 1c008224 00b76633 or               x12, x14, x11       x12=dead010a x14:0000000a x11:dead0100
12072145ns          192541 1c008228 00c6a22b p.sw             x12, 4(x13!)        x13=1c0009cc x12:dead010a x13:1c0009c8  PA:1c0009c8
12072463ns          192557 1c00822c 00170713 addi             x14, x14, 1         x14=0000000b x14:0000000a
12072483ns          192558 1c008224 00b76633 or               x12, x14, x11       x12=dead010b x14:0000000b x11:dead0100
12072503ns          192559 1c008228 00c6a22b p.sw             x12, 4(x13!)        x13=1c0009d0 x12:dead010b x13:1c0009cc  PA:1c0009cc
12072821ns          192575 1c00822c 00170713 addi             x14, x14, 1         x14=0000000c x14:0000000b
12072841ns          192576 1c008224 00b76633 or               x12, x14, x11       x12=dead010c x14:0000000c x11:dead0100
12072861ns          192577 1c008228 00c6a22b p.sw             x12, 4(x13!)        x13=1c0009d4 x12:dead010c x13:1c0009d0  PA:1c0009d0
12073179ns          192593 1c00822c 00170713 addi             x14, x14, 1         x14=0000000d x14:0000000c
12073199ns          192594 1c008224 00b76633 or               x12, x14, x11       x12=dead010d x14:0000000d x11:dead0100
12073219ns          192595 1c008228 00c6a22b p.sw             x12, 4(x13!)        x13=1c0009d8 x12:dead010d x13:1c0009d4  PA:1c0009d4
12073577ns          192613 1c00822c 00170713 addi             x14, x14, 1         x14=0000000e x14:0000000d
12073597ns          192614 1c008224 00b76633 or               x12, x14, x11       x12=dead010e x14:0000000e x11:dead0100
12073617ns          192615 1c008228 00c6a22b p.sw             x12, 4(x13!)        x13=1c0009dc x12:dead010e x13:1c0009d8  PA:1c0009d8
12073935ns          192631 1c00822c 00170713 addi             x14, x14, 1         x14=0000000f x14:0000000e
12073955ns          192632 1c008224 00b76633 or               x12, x14, x11       x12=dead010f x14:0000000f x11:dead0100
12073975ns          192633 1c008228 00c6a22b p.sw             x12, 4(x13!)        x13=1c0009e0 x12:dead010f x13:1c0009dc  PA:1c0009dc
12074293ns          192649 1c00822c 00170713 addi             x14, x14, 1         x14=00000010 x14:0000000f
12074313ns          192650 1c008224 00b76633 or               x12, x14, x11       x12=dead0110 x14:00000010 x11:dead0100
12074333ns          192651 1c008228 00c6a22b p.sw             x12, 4(x13!)        x13=1c0009e4 x12:dead0110 x13:1c0009e0  PA:1c0009e0
12074671ns          192668 1c00822c 00170713 addi             x14, x14, 1         x14=00000011 x14:00000010
12074691ns          192669 1c008224 00b76633 or               x12, x14, x11       x12=dead0111 x14:00000011 x11:dead0100
12074711ns          192670 1c008228 00c6a22b p.sw             x12, 4(x13!)        x13=1c0009e8 x12:dead0111 x13:1c0009e4  PA:1c0009e4
12075029ns          192686 1c00822c 00170713 addi             x14, x14, 1         x14=00000012 x14:00000011
12075049ns          192687 1c008224 00b76633 or               x12, x14, x11       x12=dead0112 x14:00000012 x11:dead0100
12075069ns          192688 1c008228 00c6a22b p.sw             x12, 4(x13!)        x13=1c0009ec x12:dead0112 x13:1c0009e8  PA:1c0009e8
12075387ns          192704 1c00822c 00170713 addi             x14, x14, 1         x14=00000013 x14:00000012
12075407ns          192705 1c008224 00b76633 or               x12, x14, x11       x12=dead0113 x14:00000013 x11:dead0100
12075427ns          192706 1c008228 00c6a22b p.sw             x12, 4(x13!)        x13=1c0009f0 x12:dead0113 x13:1c0009ec  PA:1c0009ec
12075745ns          192722 1c00822c 00170713 addi             x14, x14, 1         x14=00000014 x14:00000013
12075765ns          192723 1c008224 00b76633 or               x12, x14, x11       x12=dead0114 x14:00000014 x11:dead0100
12075785ns          192724 1c008228 00c6a22b p.sw             x12, 4(x13!)        x13=1c0009f4 x12:dead0114 x13:1c0009f0  PA:1c0009f0
12076103ns          192740 1c00822c 00170713 addi             x14, x14, 1         x14=00000015 x14:00000014
12076123ns          192741 1c008224 00b76633 or               x12, x14, x11       x12=dead0115 x14:00000015 x11:dead0100
12076143ns          192742 1c008228 00c6a22b p.sw             x12, 4(x13!)        x13=1c0009f8 x12:dead0115 x13:1c0009f4  PA:1c0009f4
12076461ns          192758 1c00822c 00170713 addi             x14, x14, 1         x14=00000016 x14:00000015
12076481ns          192759 1c008224 00b76633 or               x12, x14, x11       x12=dead0116 x14:00000016 x11:dead0100
12076501ns          192760 1c008228 00c6a22b p.sw             x12, 4(x13!)        x13=1c0009fc x12:dead0116 x13:1c0009f8  PA:1c0009f8
12076819ns          192776 1c00822c 00170713 addi             x14, x14, 1         x14=00000017 x14:00000016
12076839ns          192777 1c008224 00b76633 or               x12, x14, x11       x12=dead0117 x14:00000017 x11:dead0100
12076859ns          192778 1c008228 00c6a22b p.sw             x12, 4(x13!)        x13=1c000a00 x12:dead0117 x13:1c0009fc  PA:1c0009fc
12077197ns          192795 1c00822c 00170713 addi             x14, x14, 1         x14=00000018 x14:00000017
12077217ns          192796 1c008224 00b76633 or               x12, x14, x11       x12=dead0118 x14:00000018 x11:dead0100
12077237ns          192797 1c008228 00c6a22b p.sw             x12, 4(x13!)        x13=1c000a04 x12:dead0118 x13:1c000a00  PA:1c000a00
12077575ns          192814 1c00822c 00170713 addi             x14, x14, 1         x14=00000019 x14:00000018
12077595ns          192815 1c008224 00b76633 or               x12, x14, x11       x12=dead0119 x14:00000019 x11:dead0100
12077615ns          192816 1c008228 00c6a22b p.sw             x12, 4(x13!)        x13=1c000a08 x12:dead0119 x13:1c000a04  PA:1c000a04
12077933ns          192832 1c00822c 00170713 addi             x14, x14, 1         x14=0000001a x14:00000019
12077953ns          192833 1c008224 00b76633 or               x12, x14, x11       x12=dead011a x14:0000001a x11:dead0100
12077973ns          192834 1c008228 00c6a22b p.sw             x12, 4(x13!)        x13=1c000a0c x12:dead011a x13:1c000a08  PA:1c000a08
12078311ns          192851 1c00822c 00170713 addi             x14, x14, 1         x14=0000001b x14:0000001a
12078331ns          192852 1c008224 00b76633 or               x12, x14, x11       x12=dead011b x14:0000001b x11:dead0100
12078351ns          192853 1c008228 00c6a22b p.sw             x12, 4(x13!)        x13=1c000a10 x12:dead011b x13:1c000a0c  PA:1c000a0c
12078669ns          192869 1c00822c 00170713 addi             x14, x14, 1         x14=0000001c x14:0000001b
12078689ns          192870 1c008224 00b76633 or               x12, x14, x11       x12=dead011c x14:0000001c x11:dead0100
12078709ns          192871 1c008228 00c6a22b p.sw             x12, 4(x13!)        x13=1c000a14 x12:dead011c x13:1c000a10  PA:1c000a10
12079027ns          192887 1c00822c 00170713 addi             x14, x14, 1         x14=0000001d x14:0000001c
12079047ns          192888 1c008224 00b76633 or               x12, x14, x11       x12=dead011d x14:0000001d x11:dead0100
12079067ns          192889 1c008228 00c6a22b p.sw             x12, 4(x13!)        x13=1c000a18 x12:dead011d x13:1c000a14  PA:1c000a14
12079385ns          192905 1c00822c 00170713 addi             x14, x14, 1         x14=0000001e x14:0000001d
12079405ns          192906 1c008224 00b76633 or               x12, x14, x11       x12=dead011e x14:0000001e x11:dead0100
12079425ns          192907 1c008228 00c6a22b p.sw             x12, 4(x13!)        x13=1c000a1c x12:dead011e x13:1c000a18  PA:1c000a18
12079743ns          192923 1c00822c 00170713 addi             x14, x14, 1         x14=0000001f x14:0000001e
12079763ns          192924 1c008224 00b76633 or               x12, x14, x11       x12=dead011f x14:0000001f x11:dead0100
12079783ns          192925 1c008228 00c6a22b p.sw             x12, 4(x13!)        x13=1c000a20 x12:dead011f x13:1c000a1c  PA:1c000a1c
12080121ns          192942 1c00822c 00170713 addi             x14, x14, 1         x14=00000020 x14:0000001f
12080141ns          192943 1c00822e 19f010ef jal              x1, 6558             x1=1c008232
12080221ns          192947 1c009bcc f14027f3 csrrs            x15, x0, 0xf14      x15=00000001
12080300ns          192951 1c009bd0 01f00713 addi             x14, x0, 31         x14=0000001f
12080340ns          192953 1c009bd2 ca5797b3 p.extractu       x15, x15, 5, 5      x15=00000000 x15:00000001
12080360ns          192954 1c009bd6 00e78863 beq              x15, x14, 16        x15:00000000 x14:0000001f
12080380ns          192955 1c009bda 002047b7 lui              x15, 0x204000       x15=00204000
12080439ns          192958 1c009bde 20078793 addi             x15, x15, 512       x15=00204200 x15:00204000
12080479ns          192960 1c009be2 01c7e703 p.elw            x14, 28(x15)        x14=00010000 x15:00204200  PA:0020421c
12080598ns          192966 1c009be6 00008067 jalr             x0, x1, 0            x1:1c008232
12080658ns          192969 1c008232 f14027f3 csrrs            x15, x0, 0xf14      x15=00000001
12080678ns          192970 1c008236 f457b7b3 p.bclr           x15, x15, 26, 5     x15=00000001 x15:00000001
12080698ns          192971 1c00823a 06079d63 bne              x15, x0, 122        x15:00000001
12081374ns          193005 1c0082b4 1000b8b7 lui              x17, 0x1000b000     x17=1000b000
12081414ns          193007 1c0082b8 01888893 addi             x17, x17, 24        x17=1000b018 x17:1000b000
12081434ns          193008 1c0082ba f95ff06f jal              x0, -108           
12081911ns          193032 1c00824e 00001737 lui              x14, 0x1000         x14=00001000
12082349ns          193054 1c008250 00800533 add              x10, x0, x8         x10=1c0009a0  x8:1c0009a0
12082369ns          193055 1c008252 01170733 add              x14, x14, x17       x14=1000c018 x14:00001000 x17:1000b018
12082389ns          193056 1c008254 40000613 addi             x12, x0, 1024       x12=00000400
12082408ns          193057 1c008258 02000593 addi             x11, x0, 32         x11=00000020
12082428ns          193058 1c00825c 0045280b p.lw             x16, 4(x10!)        x16=dead0100 x10=1c0009a4 x10:1c0009a0  PA:1c0009a0
12082906ns          193082 1c008260 00472783 lw               x15, 4(x14)         x15=00000000 x14:1000c018  PA:1000c01c
12082965ns          193085 1c008262 00178793 addi             x15, x15, 1         x15=00000001 x15:00000000
12082985ns          193086 1c008264 02c78763 beq              x15, x12, 46        x15:00000001 x12:00000400
12083005ns          193087 1c008268 00072683 lw               x13, 0(x14)         x13=00000000 x14:1000c018  PA:1000c018
12083065ns          193090 1c00826a fed78be3 beq              x15, x13, -10       x15:00000001 x13:00000000
12083085ns          193091 1c00826e 00472783 lw               x15, 4(x14)         x15=00000000 x14:1000c018  PA:1000c01c
12083383ns          193106 1c008270 00279793 slli             x15, x15, 0x2       x15=00000000 x15:00000000
12083423ns          193108 1c008272 0108e7a3 p.sw             x16, x0(x17)        x16:dead0100 x17:1000b018  PA:1000b018
12083443ns          193109 1c008276 00472783 lw               x15, 4(x14)         x15=00000000 x14:1000c018  PA:1000c01c
12083483ns          193111 1c008278 00178793 addi             x15, x15, 1         x15=00000001 x15:00000000
12083502ns          193112 1c00827a 00f72223 sw               x15, 4(x14)         x15:00000001 x14:1000c018  PA:1000c01c
12083522ns          193113 1c00827c 00472783 lw               x15, 4(x14)         x15=00000001 x14:1000c018  PA:1000c01c
12083900ns          193132 1c00827e 00c78563 beq              x15, x12, 10        x15:00000001 x12:00000400
12083920ns          193133 1c008282 fff58593 addi             x11, x11, -1        x11=0000001f x11:00000020
12083940ns          193134 1c008284 fc059ce3 bne              x11, x0, -40        x11:0000001f
12084000ns          193137 1c00825c 0045280b p.lw             x16, 4(x10!)        x16=dead0101 x10=1c0009a8 x10:1c0009a4  PA:1c0009a4
12084338ns          193154 1c008260 00472783 lw               x15, 4(x14)         x15=00000001 x14:1000c018  PA:1000c01c
12084378ns          193156 1c008262 00178793 addi             x15, x15, 1         x15=00000002 x15:00000001
12084398ns          193157 1c008264 02c78763 beq              x15, x12, 46        x15:00000002 x12:00000400
12084417ns          193158 1c008268 00072683 lw               x13, 0(x14)         x13=00000001 x14:1000c018  PA:1000c018
12084457ns          193160 1c00826a fed78be3 beq              x15, x13, -10       x15:00000002 x13:00000001
12084477ns          193161 1c00826e 00472783 lw               x15, 4(x14)         x15=00000001 x14:1000c018  PA:1000c01c
12084517ns          193163 1c008270 00279793 slli             x15, x15, 0x2       x15=00000004 x15:00000001
12084537ns          193164 1c008272 0108e7a3 p.sw             x16, x0(x17)        x16:dead0101 x17:1000b018  PA:1000b01c
12084557ns          193165 1c008276 00472783 lw               x15, 4(x14)         x15=00000001 x14:1000c018  PA:1000c01c
12084596ns          193167 1c008278 00178793 addi             x15, x15, 1         x15=00000002 x15:00000001
12084616ns          193168 1c00827a 00f72223 sw               x15, 4(x14)         x15:00000002 x14:1000c018  PA:1000c01c
12084636ns          193169 1c00827c 00472783 lw               x15, 4(x14)         x15=00000002 x14:1000c018  PA:1000c01c
12084676ns          193171 1c00827e 00c78563 beq              x15, x12, 10        x15:00000002 x12:00000400
12084696ns          193172 1c008282 fff58593 addi             x11, x11, -1        x11=0000001e x11:0000001f
12084716ns          193173 1c008284 fc059ce3 bne              x11, x0, -40        x11:0000001e
12085193ns          193197 1c00825c 0045280b p.lw             x16, 4(x10!)        x16=dead0102 x10=1c0009ac x10:1c0009a8  PA:1c0009a8
12085492ns          193212 1c008260 00472783 lw               x15, 4(x14)         x15=00000002 x14:1000c018  PA:1000c01c
12085531ns          193214 1c008262 00178793 addi             x15, x15, 1         x15=00000003 x15:00000002
12085551ns          193215 1c008264 02c78763 beq              x15, x12, 46        x15:00000003 x12:00000400
12085571ns          193216 1c008268 00072683 lw               x13, 0(x14)         x13=00000002 x14:1000c018  PA:1000c018
12085611ns          193218 1c00826a fed78be3 beq              x15, x13, -10       x15:00000003 x13:00000002
12085631ns          193219 1c00826e 00472783 lw               x15, 4(x14)         x15=00000002 x14:1000c018  PA:1000c01c
12085690ns          193222 1c008270 00279793 slli             x15, x15, 0x2       x15=00000008 x15:00000002
12085710ns          193223 1c008272 0108e7a3 p.sw             x16, x0(x17)        x16:dead0102 x17:1000b018  PA:1000b020
12085730ns          193224 1c008276 00472783 lw               x15, 4(x14)         x15=00000002 x14:1000c018  PA:1000c01c
12085770ns          193226 1c008278 00178793 addi             x15, x15, 1         x15=00000003 x15:00000002
12085790ns          193227 1c00827a 00f72223 sw               x15, 4(x14)         x15:00000003 x14:1000c018  PA:1000c01c
12085810ns          193228 1c00827c 00472783 lw               x15, 4(x14)         x15=00000003 x14:1000c018  PA:1000c01c
12085850ns          193230 1c00827e 00c78563 beq              x15, x12, 10        x15:00000003 x12:00000400
12085869ns          193231 1c008282 fff58593 addi             x11, x11, -1        x11=0000001d x11:0000001e
12085889ns          193232 1c008284 fc059ce3 bne              x11, x0, -40        x11:0000001d
12085949ns          193235 1c00825c 0045280b p.lw             x16, 4(x10!)        x16=dead0103 x10=1c0009b0 x10:1c0009ac  PA:1c0009ac
12086247ns          193250 1c008260 00472783 lw               x15, 4(x14)         x15=00000003 x14:1000c018  PA:1000c01c
12086307ns          193253 1c008262 00178793 addi             x15, x15, 1         x15=00000004 x15:00000003
12086327ns          193254 1c008264 02c78763 beq              x15, x12, 46        x15:00000004 x12:00000400
12086347ns          193255 1c008268 00072683 lw               x13, 0(x14)         x13=00000003 x14:1000c018  PA:1000c018
12086407ns          193258 1c00826a fed78be3 beq              x15, x13, -10       x15:00000004 x13:00000003
12086426ns          193259 1c00826e 00472783 lw               x15, 4(x14)         x15=00000003 x14:1000c018  PA:1000c01c
12086466ns          193261 1c008270 00279793 slli             x15, x15, 0x2       x15=0000000c x15:00000003
12086486ns          193262 1c008272 0108e7a3 p.sw             x16, x0(x17)        x16:dead0103 x17:1000b018  PA:1000b024
12086506ns          193263 1c008276 00472783 lw               x15, 4(x14)         x15=00000003 x14:1000c018  PA:1000c01c
12086546ns          193265 1c008278 00178793 addi             x15, x15, 1         x15=00000004 x15:00000003
12086566ns          193266 1c00827a 00f72223 sw               x15, 4(x14)         x15:00000004 x14:1000c018  PA:1000c01c
12086586ns          193267 1c00827c 00472783 lw               x15, 4(x14)         x15=00000004 x14:1000c018  PA:1000c01c
12086625ns          193269 1c00827e 00c78563 beq              x15, x12, 10        x15:00000004 x12:00000400
12086645ns          193270 1c008282 fff58593 addi             x11, x11, -1        x11=0000001c x11:0000001d
12086665ns          193271 1c008284 fc059ce3 bne              x11, x0, -40        x11:0000001c
12086725ns          193274 1c00825c 0045280b p.lw             x16, 4(x10!)        x16=dead0104 x10=1c0009b4 x10:1c0009b0  PA:1c0009b0
12087023ns          193289 1c008260 00472783 lw               x15, 4(x14)         x15=00000004 x14:1000c018  PA:1000c01c
12087063ns          193291 1c008262 00178793 addi             x15, x15, 1         x15=00000005 x15:00000004
12087083ns          193292 1c008264 02c78763 beq              x15, x12, 46        x15:00000005 x12:00000400
12087103ns          193293 1c008268 00072683 lw               x13, 0(x14)         x13=00000004 x14:1000c018  PA:1000c018
12087142ns          193295 1c00826a fed78be3 beq              x15, x13, -10       x15:00000005 x13:00000004
12087162ns          193296 1c00826e 00472783 lw               x15, 4(x14)         x15=00000004 x14:1000c018  PA:1000c01c
12087202ns          193298 1c008270 00279793 slli             x15, x15, 0x2       x15=00000010 x15:00000004
12087222ns          193299 1c008272 0108e7a3 p.sw             x16, x0(x17)        x16:dead0104 x17:1000b018  PA:1000b028
12087242ns          193300 1c008276 00472783 lw               x15, 4(x14)         x15=00000004 x14:1000c018  PA:1000c01c
12087282ns          193302 1c008278 00178793 addi             x15, x15, 1         x15=00000005 x15:00000004
12087302ns          193303 1c00827a 00f72223 sw               x15, 4(x14)         x15:00000005 x14:1000c018  PA:1000c01c
12087322ns          193304 1c00827c 00472783 lw               x15, 4(x14)         x15=00000005 x14:1000c018  PA:1000c01c
12087361ns          193306 1c00827e 00c78563 beq              x15, x12, 10        x15:00000005 x12:00000400
12087381ns          193307 1c008282 fff58593 addi             x11, x11, -1        x11=0000001b x11:0000001c
12087401ns          193308 1c008284 fc059ce3 bne              x11, x0, -40        x11:0000001b
12087461ns          193311 1c00825c 0045280b p.lw             x16, 4(x10!)        x16=dead0105 x10=1c0009b8 x10:1c0009b4  PA:1c0009b4
12087759ns          193326 1c008260 00472783 lw               x15, 4(x14)         x15=00000005 x14:1000c018  PA:1000c01c
12087799ns          193328 1c008262 00178793 addi             x15, x15, 1         x15=00000006 x15:00000005
12087819ns          193329 1c008264 02c78763 beq              x15, x12, 46        x15:00000006 x12:00000400
12087839ns          193330 1c008268 00072683 lw               x13, 0(x14)         x13=00000005 x14:1000c018  PA:1000c018
12087878ns          193332 1c00826a fed78be3 beq              x15, x13, -10       x15:00000006 x13:00000005
12087898ns          193333 1c00826e 00472783 lw               x15, 4(x14)         x15=00000005 x14:1000c018  PA:1000c01c
12087938ns          193335 1c008270 00279793 slli             x15, x15, 0x2       x15=00000014 x15:00000005
12087958ns          193336 1c008272 0108e7a3 p.sw             x16, x0(x17)        x16:dead0105 x17:1000b018  PA:1000b02c
12087978ns          193337 1c008276 00472783 lw               x15, 4(x14)         x15=00000005 x14:1000c018  PA:1000c01c
12088018ns          193339 1c008278 00178793 addi             x15, x15, 1         x15=00000006 x15:00000005
12088038ns          193340 1c00827a 00f72223 sw               x15, 4(x14)         x15:00000006 x14:1000c018  PA:1000c01c
12088057ns          193341 1c00827c 00472783 lw               x15, 4(x14)         x15=00000006 x14:1000c018  PA:1000c01c
12088097ns          193343 1c00827e 00c78563 beq              x15, x12, 10        x15:00000006 x12:00000400
12088117ns          193344 1c008282 fff58593 addi             x11, x11, -1        x11=0000001a x11:0000001b
12088137ns          193345 1c008284 fc059ce3 bne              x11, x0, -40        x11:0000001a
12088197ns          193348 1c00825c 0045280b p.lw             x16, 4(x10!)        x16=dead0106 x10=1c0009bc x10:1c0009b8  PA:1c0009b8
12088515ns          193364 1c008260 00472783 lw               x15, 4(x14)         x15=00000006 x14:1000c018  PA:1000c01c
12088555ns          193366 1c008262 00178793 addi             x15, x15, 1         x15=00000007 x15:00000006
12088575ns          193367 1c008264 02c78763 beq              x15, x12, 46        x15:00000007 x12:00000400
12088595ns          193368 1c008268 00072683 lw               x13, 0(x14)         x13=00000006 x14:1000c018  PA:1000c018
12088634ns          193370 1c00826a fed78be3 beq              x15, x13, -10       x15:00000007 x13:00000006
12088654ns          193371 1c00826e 00472783 lw               x15, 4(x14)         x15=00000006 x14:1000c018  PA:1000c01c
12088694ns          193373 1c008270 00279793 slli             x15, x15, 0x2       x15=00000018 x15:00000006
12088714ns          193374 1c008272 0108e7a3 p.sw             x16, x0(x17)        x16:dead0106 x17:1000b018  PA:1000b030
12088734ns          193375 1c008276 00472783 lw               x15, 4(x14)         x15=00000006 x14:1000c018  PA:1000c01c
12088774ns          193377 1c008278 00178793 addi             x15, x15, 1         x15=00000007 x15:00000006
12088793ns          193378 1c00827a 00f72223 sw               x15, 4(x14)         x15:00000007 x14:1000c018  PA:1000c01c
12088813ns          193379 1c00827c 00472783 lw               x15, 4(x14)         x15=00000007 x14:1000c018  PA:1000c01c
12088853ns          193381 1c00827e 00c78563 beq              x15, x12, 10        x15:00000007 x12:00000400
12088873ns          193382 1c008282 fff58593 addi             x11, x11, -1        x11=00000019 x11:0000001a
12088893ns          193383 1c008284 fc059ce3 bne              x11, x0, -40        x11:00000019
12088953ns          193386 1c00825c 0045280b p.lw             x16, 4(x10!)        x16=dead0107 x10=1c0009c0 x10:1c0009bc  PA:1c0009bc
12089251ns          193401 1c008260 00472783 lw               x15, 4(x14)         x15=00000007 x14:1000c018  PA:1000c01c
12089291ns          193403 1c008262 00178793 addi             x15, x15, 1         x15=00000008 x15:00000007
12089311ns          193404 1c008264 02c78763 beq              x15, x12, 46        x15:00000008 x12:00000400
12089330ns          193405 1c008268 00072683 lw               x13, 0(x14)         x13=00000007 x14:1000c018  PA:1000c018
12089370ns          193407 1c00826a fed78be3 beq              x15, x13, -10       x15:00000008 x13:00000007
12089390ns          193408 1c00826e 00472783 lw               x15, 4(x14)         x15=00000007 x14:1000c018  PA:1000c01c
12089430ns          193410 1c008270 00279793 slli             x15, x15, 0x2       x15=0000001c x15:00000007
12089450ns          193411 1c008272 0108e7a3 p.sw             x16, x0(x17)        x16:dead0107 x17:1000b018  PA:1000b034
12089470ns          193412 1c008276 00472783 lw               x15, 4(x14)         x15=00000007 x14:1000c018  PA:1000c01c
12089509ns          193414 1c008278 00178793 addi             x15, x15, 1         x15=00000008 x15:00000007
12089529ns          193415 1c00827a 00f72223 sw               x15, 4(x14)         x15:00000008 x14:1000c018  PA:1000c01c
12089549ns          193416 1c00827c 00472783 lw               x15, 4(x14)         x15=00000008 x14:1000c018  PA:1000c01c
12089589ns          193418 1c00827e 00c78563 beq              x15, x12, 10        x15:00000008 x12:00000400
12089609ns          193419 1c008282 fff58593 addi             x11, x11, -1        x11=00000018 x11:00000019
12089629ns          193420 1c008284 fc059ce3 bne              x11, x0, -40        x11:00000018
12089689ns          193423 1c00825c 0045280b p.lw             x16, 4(x10!)        x16=dead0108 x10=1c0009c4 x10:1c0009c0  PA:1c0009c0
12089987ns          193438 1c008260 00472783 lw               x15, 4(x14)         x15=00000008 x14:1000c018  PA:1000c01c
12090027ns          193440 1c008262 00178793 addi             x15, x15, 1         x15=00000009 x15:00000008
12090047ns          193441 1c008264 02c78763 beq              x15, x12, 46        x15:00000009 x12:00000400
12090066ns          193442 1c008268 00072683 lw               x13, 0(x14)         x13=00000008 x14:1000c018  PA:1000c018
12090106ns          193444 1c00826a fed78be3 beq              x15, x13, -10       x15:00000009 x13:00000008
12090126ns          193445 1c00826e 00472783 lw               x15, 4(x14)         x15=00000008 x14:1000c018  PA:1000c01c
12090166ns          193447 1c008270 00279793 slli             x15, x15, 0x2       x15=00000020 x15:00000008
12090186ns          193448 1c008272 0108e7a3 p.sw             x16, x0(x17)        x16:dead0108 x17:1000b018  PA:1000b038
12090206ns          193449 1c008276 00472783 lw               x15, 4(x14)         x15=00000008 x14:1000c018  PA:1000c01c
12090245ns          193451 1c008278 00178793 addi             x15, x15, 1         x15=00000009 x15:00000008
12090265ns          193452 1c00827a 00f72223 sw               x15, 4(x14)         x15:00000009 x14:1000c018  PA:1000c01c
12090285ns          193453 1c00827c 00472783 lw               x15, 4(x14)         x15=00000009 x14:1000c018  PA:1000c01c
12090325ns          193455 1c00827e 00c78563 beq              x15, x12, 10        x15:00000009 x12:00000400
12090345ns          193456 1c008282 fff58593 addi             x11, x11, -1        x11=00000017 x11:00000018
12090365ns          193457 1c008284 fc059ce3 bne              x11, x0, -40        x11:00000017
12090424ns          193460 1c00825c 0045280b p.lw             x16, 4(x10!)        x16=dead0109 x10=1c0009c8 x10:1c0009c4  PA:1c0009c4
12090723ns          193475 1c008260 00472783 lw               x15, 4(x14)         x15=00000009 x14:1000c018  PA:1000c01c
12090763ns          193477 1c008262 00178793 addi             x15, x15, 1         x15=0000000a x15:00000009
12090782ns          193478 1c008264 02c78763 beq              x15, x12, 46        x15:0000000a x12:00000400
12090802ns          193479 1c008268 00072683 lw               x13, 0(x14)         x13=00000009 x14:1000c018  PA:1000c018
12090842ns          193481 1c00826a fed78be3 beq              x15, x13, -10       x15:0000000a x13:00000009
12090862ns          193482 1c00826e 00472783 lw               x15, 4(x14)         x15=00000009 x14:1000c018  PA:1000c01c
12090902ns          193484 1c008270 00279793 slli             x15, x15, 0x2       x15=00000024 x15:00000009
12090922ns          193485 1c008272 0108e7a3 p.sw             x16, x0(x17)        x16:dead0109 x17:1000b018  PA:1000b03c
12090942ns          193486 1c008276 00472783 lw               x15, 4(x14)         x15=00000009 x14:1000c018  PA:1000c01c
12090981ns          193488 1c008278 00178793 addi             x15, x15, 1         x15=0000000a x15:00000009
12091001ns          193489 1c00827a 00f72223 sw               x15, 4(x14)         x15:0000000a x14:1000c018  PA:1000c01c
12091021ns          193490 1c00827c 00472783 lw               x15, 4(x14)         x15=0000000a x14:1000c018  PA:1000c01c
12091061ns          193492 1c00827e 00c78563 beq              x15, x12, 10        x15:0000000a x12:00000400
12091081ns          193493 1c008282 fff58593 addi             x11, x11, -1        x11=00000016 x11:00000017
12091101ns          193494 1c008284 fc059ce3 bne              x11, x0, -40        x11:00000016
12091160ns          193497 1c00825c 0045280b p.lw             x16, 4(x10!)        x16=dead010a x10=1c0009cc x10:1c0009c8  PA:1c0009c8
12091459ns          193512 1c008260 00472783 lw               x15, 4(x14)         x15=0000000a x14:1000c018  PA:1000c01c
12091499ns          193514 1c008262 00178793 addi             x15, x15, 1         x15=0000000b x15:0000000a
12091518ns          193515 1c008264 02c78763 beq              x15, x12, 46        x15:0000000b x12:00000400
12091538ns          193516 1c008268 00072683 lw               x13, 0(x14)         x13=0000000a x14:1000c018  PA:1000c018
12091578ns          193518 1c00826a fed78be3 beq              x15, x13, -10       x15:0000000b x13:0000000a
12091598ns          193519 1c00826e 00472783 lw               x15, 4(x14)         x15=0000000a x14:1000c018  PA:1000c01c
12091638ns          193521 1c008270 00279793 slli             x15, x15, 0x2       x15=00000028 x15:0000000a
12091658ns          193522 1c008272 0108e7a3 p.sw             x16, x0(x17)        x16:dead010a x17:1000b018  PA:1000b040
12091678ns          193523 1c008276 00472783 lw               x15, 4(x14)         x15=0000000a x14:1000c018  PA:1000c01c
12091717ns          193525 1c008278 00178793 addi             x15, x15, 1         x15=0000000b x15:0000000a
12091737ns          193526 1c00827a 00f72223 sw               x15, 4(x14)         x15:0000000b x14:1000c018  PA:1000c01c
12091757ns          193527 1c00827c 00472783 lw               x15, 4(x14)         x15=0000000b x14:1000c018  PA:1000c01c
12091797ns          193529 1c00827e 00c78563 beq              x15, x12, 10        x15:0000000b x12:00000400
12091817ns          193530 1c008282 fff58593 addi             x11, x11, -1        x11=00000015 x11:00000016
12091837ns          193531 1c008284 fc059ce3 bne              x11, x0, -40        x11:00000015
12091896ns          193534 1c00825c 0045280b p.lw             x16, 4(x10!)        x16=dead010b x10=1c0009d0 x10:1c0009cc  PA:1c0009cc
12092215ns          193550 1c008260 00472783 lw               x15, 4(x14)         x15=0000000b x14:1000c018  PA:1000c01c
12092254ns          193552 1c008262 00178793 addi             x15, x15, 1         x15=0000000c x15:0000000b
12092274ns          193553 1c008264 02c78763 beq              x15, x12, 46        x15:0000000c x12:00000400
12092294ns          193554 1c008268 00072683 lw               x13, 0(x14)         x13=0000000b x14:1000c018  PA:1000c018
12092334ns          193556 1c00826a fed78be3 beq              x15, x13, -10       x15:0000000c x13:0000000b
12092354ns          193557 1c00826e 00472783 lw               x15, 4(x14)         x15=0000000b x14:1000c018  PA:1000c01c
12092394ns          193559 1c008270 00279793 slli             x15, x15, 0x2       x15=0000002c x15:0000000b
12092414ns          193560 1c008272 0108e7a3 p.sw             x16, x0(x17)        x16:dead010b x17:1000b018  PA:1000b044
12092433ns          193561 1c008276 00472783 lw               x15, 4(x14)         x15=0000000b x14:1000c018  PA:1000c01c
12092473ns          193563 1c008278 00178793 addi             x15, x15, 1         x15=0000000c x15:0000000b
12092493ns          193564 1c00827a 00f72223 sw               x15, 4(x14)         x15:0000000c x14:1000c018  PA:1000c01c
12092513ns          193565 1c00827c 00472783 lw               x15, 4(x14)         x15=0000000c x14:1000c018  PA:1000c01c
12092553ns          193567 1c00827e 00c78563 beq              x15, x12, 10        x15:0000000c x12:00000400
12092573ns          193568 1c008282 fff58593 addi             x11, x11, -1        x11=00000014 x11:00000015
12092593ns          193569 1c008284 fc059ce3 bne              x11, x0, -40        x11:00000014
12092652ns          193572 1c00825c 0045280b p.lw             x16, 4(x10!)        x16=dead010c x10=1c0009d4 x10:1c0009d0  PA:1c0009d0
12092951ns          193587 1c008260 00472783 lw               x15, 4(x14)         x15=0000000c x14:1000c018  PA:1000c01c
12092990ns          193589 1c008262 00178793 addi             x15, x15, 1         x15=0000000d x15:0000000c
12093010ns          193590 1c008264 02c78763 beq              x15, x12, 46        x15:0000000d x12:00000400
12093030ns          193591 1c008268 00072683 lw               x13, 0(x14)         x13=0000000c x14:1000c018  PA:1000c018
12093070ns          193593 1c00826a fed78be3 beq              x15, x13, -10       x15:0000000d x13:0000000c
12093090ns          193594 1c00826e 00472783 lw               x15, 4(x14)         x15=0000000c x14:1000c018  PA:1000c01c
12093130ns          193596 1c008270 00279793 slli             x15, x15, 0x2       x15=00000030 x15:0000000c
12093149ns          193597 1c008272 0108e7a3 p.sw             x16, x0(x17)        x16:dead010c x17:1000b018  PA:1000b048
12093169ns          193598 1c008276 00472783 lw               x15, 4(x14)         x15=0000000c x14:1000c018  PA:1000c01c
12093209ns          193600 1c008278 00178793 addi             x15, x15, 1         x15=0000000d x15:0000000c
12093229ns          193601 1c00827a 00f72223 sw               x15, 4(x14)         x15:0000000d x14:1000c018  PA:1000c01c
12093249ns          193602 1c00827c 00472783 lw               x15, 4(x14)         x15=0000000d x14:1000c018  PA:1000c01c
12093289ns          193604 1c00827e 00c78563 beq              x15, x12, 10        x15:0000000d x12:00000400
12093309ns          193605 1c008282 fff58593 addi             x11, x11, -1        x11=00000013 x11:00000014
12093329ns          193606 1c008284 fc059ce3 bne              x11, x0, -40        x11:00000013
12093388ns          193609 1c00825c 0045280b p.lw             x16, 4(x10!)        x16=dead010d x10=1c0009d8 x10:1c0009d4  PA:1c0009d4
12093687ns          193624 1c008260 00472783 lw               x15, 4(x14)         x15=0000000d x14:1000c018  PA:1000c01c
12093726ns          193626 1c008262 00178793 addi             x15, x15, 1         x15=0000000e x15:0000000d
12093746ns          193627 1c008264 02c78763 beq              x15, x12, 46        x15:0000000e x12:00000400
12093766ns          193628 1c008268 00072683 lw               x13, 0(x14)         x13=0000000d x14:1000c018  PA:1000c018
12093806ns          193630 1c00826a fed78be3 beq              x15, x13, -10       x15:0000000e x13:0000000d
12093826ns          193631 1c00826e 00472783 lw               x15, 4(x14)         x15=0000000d x14:1000c018  PA:1000c01c
12093866ns          193633 1c008270 00279793 slli             x15, x15, 0x2       x15=00000034 x15:0000000d
12093885ns          193634 1c008272 0108e7a3 p.sw             x16, x0(x17)        x16:dead010d x17:1000b018  PA:1000b04c
12093905ns          193635 1c008276 00472783 lw               x15, 4(x14)         x15=0000000d x14:1000c018  PA:1000c01c
12093945ns          193637 1c008278 00178793 addi             x15, x15, 1         x15=0000000e x15:0000000d
12093965ns          193638 1c00827a 00f72223 sw               x15, 4(x14)         x15:0000000e x14:1000c018  PA:1000c01c
12093985ns          193639 1c00827c 00472783 lw               x15, 4(x14)         x15=0000000e x14:1000c018  PA:1000c01c
12094025ns          193641 1c00827e 00c78563 beq              x15, x12, 10        x15:0000000e x12:00000400
12094045ns          193642 1c008282 fff58593 addi             x11, x11, -1        x11=00000012 x11:00000013
12094064ns          193643 1c008284 fc059ce3 bne              x11, x0, -40        x11:00000012
12094124ns          193646 1c00825c 0045280b p.lw             x16, 4(x10!)        x16=dead010e x10=1c0009dc x10:1c0009d8  PA:1c0009d8
12094423ns          193661 1c008260 00472783 lw               x15, 4(x14)         x15=0000000e x14:1000c018  PA:1000c01c
12094462ns          193663 1c008262 00178793 addi             x15, x15, 1         x15=0000000f x15:0000000e
12094482ns          193664 1c008264 02c78763 beq              x15, x12, 46        x15:0000000f x12:00000400
12094502ns          193665 1c008268 00072683 lw               x13, 0(x14)         x13=0000000e x14:1000c018  PA:1000c018
12094542ns          193667 1c00826a fed78be3 beq              x15, x13, -10       x15:0000000f x13:0000000e
12094562ns          193668 1c00826e 00472783 lw               x15, 4(x14)         x15=0000000e x14:1000c018  PA:1000c01c
12094602ns          193670 1c008270 00279793 slli             x15, x15, 0x2       x15=00000038 x15:0000000e
12094621ns          193671 1c008272 0108e7a3 p.sw             x16, x0(x17)        x16:dead010e x17:1000b018  PA:1000b050
12094641ns          193672 1c008276 00472783 lw               x15, 4(x14)         x15=0000000e x14:1000c018  PA:1000c01c
12094681ns          193674 1c008278 00178793 addi             x15, x15, 1         x15=0000000f x15:0000000e
12094701ns          193675 1c00827a 00f72223 sw               x15, 4(x14)         x15:0000000f x14:1000c018  PA:1000c01c
12094721ns          193676 1c00827c 00472783 lw               x15, 4(x14)         x15=0000000f x14:1000c018  PA:1000c01c
12094761ns          193678 1c00827e 00c78563 beq              x15, x12, 10        x15:0000000f x12:00000400
12094781ns          193679 1c008282 fff58593 addi             x11, x11, -1        x11=00000011 x11:00000012
12094800ns          193680 1c008284 fc059ce3 bne              x11, x0, -40        x11:00000011
12094860ns          193683 1c00825c 0045280b p.lw             x16, 4(x10!)        x16=dead010f x10=1c0009e0 x10:1c0009dc  PA:1c0009dc
12095178ns          193699 1c008260 00472783 lw               x15, 4(x14)         x15=0000000f x14:1000c018  PA:1000c01c
12095218ns          193701 1c008262 00178793 addi             x15, x15, 1         x15=00000010 x15:0000000f
12095238ns          193702 1c008264 02c78763 beq              x15, x12, 46        x15:00000010 x12:00000400
12095258ns          193703 1c008268 00072683 lw               x13, 0(x14)         x13=0000000f x14:1000c018  PA:1000c018
12095298ns          193705 1c00826a fed78be3 beq              x15, x13, -10       x15:00000010 x13:0000000f
12095318ns          193706 1c00826e 00472783 lw               x15, 4(x14)         x15=0000000f x14:1000c018  PA:1000c01c
12095357ns          193708 1c008270 00279793 slli             x15, x15, 0x2       x15=0000003c x15:0000000f
12095377ns          193709 1c008272 0108e7a3 p.sw             x16, x0(x17)        x16:dead010f x17:1000b018  PA:1000b054
12095397ns          193710 1c008276 00472783 lw               x15, 4(x14)         x15=0000000f x14:1000c018  PA:1000c01c
12095437ns          193712 1c008278 00178793 addi             x15, x15, 1         x15=00000010 x15:0000000f
12095457ns          193713 1c00827a 00f72223 sw               x15, 4(x14)         x15:00000010 x14:1000c018  PA:1000c01c
12095477ns          193714 1c00827c 00472783 lw               x15, 4(x14)         x15=00000010 x14:1000c018  PA:1000c01c
12095516ns          193716 1c00827e 00c78563 beq              x15, x12, 10        x15:00000010 x12:00000400
12095536ns          193717 1c008282 fff58593 addi             x11, x11, -1        x11=00000010 x11:00000011
12095556ns          193718 1c008284 fc059ce3 bne              x11, x0, -40        x11:00000010
12095616ns          193721 1c00825c 0045280b p.lw             x16, 4(x10!)        x16=dead0110 x10=1c0009e4 x10:1c0009e0  PA:1c0009e0
12095914ns          193736 1c008260 00472783 lw               x15, 4(x14)         x15=00000010 x14:1000c018  PA:1000c01c
12095954ns          193738 1c008262 00178793 addi             x15, x15, 1         x15=00000011 x15:00000010
12095974ns          193739 1c008264 02c78763 beq              x15, x12, 46        x15:00000011 x12:00000400
12095994ns          193740 1c008268 00072683 lw               x13, 0(x14)         x13=00000010 x14:1000c018  PA:1000c018
12096034ns          193742 1c00826a fed78be3 beq              x15, x13, -10       x15:00000011 x13:00000010
12096054ns          193743 1c00826e 00472783 lw               x15, 4(x14)         x15=00000010 x14:1000c018  PA:1000c01c
12096093ns          193745 1c008270 00279793 slli             x15, x15, 0x2       x15=00000040 x15:00000010
12096113ns          193746 1c008272 0108e7a3 p.sw             x16, x0(x17)        x16:dead0110 x17:1000b018  PA:1000b058
12096133ns          193747 1c008276 00472783 lw               x15, 4(x14)         x15=00000010 x14:1000c018  PA:1000c01c
12096173ns          193749 1c008278 00178793 addi             x15, x15, 1         x15=00000011 x15:00000010
12096193ns          193750 1c00827a 00f72223 sw               x15, 4(x14)         x15:00000011 x14:1000c018  PA:1000c01c
12096213ns          193751 1c00827c 00472783 lw               x15, 4(x14)         x15=00000011 x14:1000c018  PA:1000c01c
12096252ns          193753 1c00827e 00c78563 beq              x15, x12, 10        x15:00000011 x12:00000400
12096272ns          193754 1c008282 fff58593 addi             x11, x11, -1        x11=0000000f x11:00000010
12096292ns          193755 1c008284 fc059ce3 bne              x11, x0, -40        x11:0000000f
12096352ns          193758 1c00825c 0045280b p.lw             x16, 4(x10!)        x16=dead0111 x10=1c0009e8 x10:1c0009e4  PA:1c0009e4
12096650ns          193773 1c008260 00472783 lw               x15, 4(x14)         x15=00000011 x14:1000c018  PA:1000c01c
12096690ns          193775 1c008262 00178793 addi             x15, x15, 1         x15=00000012 x15:00000011
12096710ns          193776 1c008264 02c78763 beq              x15, x12, 46        x15:00000012 x12:00000400
12096730ns          193777 1c008268 00072683 lw               x13, 0(x14)         x13=00000011 x14:1000c018  PA:1000c018
12096770ns          193779 1c00826a fed78be3 beq              x15, x13, -10       x15:00000012 x13:00000011
12096790ns          193780 1c00826e 00472783 lw               x15, 4(x14)         x15=00000011 x14:1000c018  PA:1000c01c
12096829ns          193782 1c008270 00279793 slli             x15, x15, 0x2       x15=00000044 x15:00000011
12096849ns          193783 1c008272 0108e7a3 p.sw             x16, x0(x17)        x16:dead0111 x17:1000b018  PA:1000b05c
12096869ns          193784 1c008276 00472783 lw               x15, 4(x14)         x15=00000011 x14:1000c018  PA:1000c01c
12096929ns          193787 1c008278 00178793 addi             x15, x15, 1         x15=00000012 x15:00000011
12096949ns          193788 1c00827a 00f72223 sw               x15, 4(x14)         x15:00000012 x14:1000c018  PA:1000c01c
12096969ns          193789 1c00827c 00472783 lw               x15, 4(x14)         x15=00000012 x14:1000c018  PA:1000c01c
12097008ns          193791 1c00827e 00c78563 beq              x15, x12, 10        x15:00000012 x12:00000400
12097028ns          193792 1c008282 fff58593 addi             x11, x11, -1        x11=0000000e x11:0000000f
12097048ns          193793 1c008284 fc059ce3 bne              x11, x0, -40        x11:0000000e
12097108ns          193796 1c00825c 0045280b p.lw             x16, 4(x10!)        x16=dead0112 x10=1c0009ec x10:1c0009e8  PA:1c0009e8
12097406ns          193811 1c008260 00472783 lw               x15, 4(x14)         x15=00000012 x14:1000c018  PA:1000c01c
12097446ns          193813 1c008262 00178793 addi             x15, x15, 1         x15=00000013 x15:00000012
12097466ns          193814 1c008264 02c78763 beq              x15, x12, 46        x15:00000013 x12:00000400
12097486ns          193815 1c008268 00072683 lw               x13, 0(x14)         x13=00000012 x14:1000c018  PA:1000c018
12097525ns          193817 1c00826a fed78be3 beq              x15, x13, -10       x15:00000013 x13:00000012
12097545ns          193818 1c00826e 00472783 lw               x15, 4(x14)         x15=00000012 x14:1000c018  PA:1000c01c
12097585ns          193820 1c008270 00279793 slli             x15, x15, 0x2       x15=00000048 x15:00000012
12097605ns          193821 1c008272 0108e7a3 p.sw             x16, x0(x17)        x16:dead0112 x17:1000b018  PA:1000b060
12097625ns          193822 1c008276 00472783 lw               x15, 4(x14)         x15=00000012 x14:1000c018  PA:1000c01c
12097665ns          193824 1c008278 00178793 addi             x15, x15, 1         x15=00000013 x15:00000012
12097685ns          193825 1c00827a 00f72223 sw               x15, 4(x14)         x15:00000013 x14:1000c018  PA:1000c01c
12097704ns          193826 1c00827c 00472783 lw               x15, 4(x14)         x15=00000013 x14:1000c018  PA:1000c01c
12097744ns          193828 1c00827e 00c78563 beq              x15, x12, 10        x15:00000013 x12:00000400
12097764ns          193829 1c008282 fff58593 addi             x11, x11, -1        x11=0000000d x11:0000000e
12097784ns          193830 1c008284 fc059ce3 bne              x11, x0, -40        x11:0000000d
12097844ns          193833 1c00825c 0045280b p.lw             x16, 4(x10!)        x16=dead0113 x10=1c0009f0 x10:1c0009ec  PA:1c0009ec
12098142ns          193848 1c008260 00472783 lw               x15, 4(x14)         x15=00000013 x14:1000c018  PA:1000c01c
12098182ns          193850 1c008262 00178793 addi             x15, x15, 1         x15=00000014 x15:00000013
12098202ns          193851 1c008264 02c78763 beq              x15, x12, 46        x15:00000014 x12:00000400
12098222ns          193852 1c008268 00072683 lw               x13, 0(x14)         x13=00000013 x14:1000c018  PA:1000c018
12098261ns          193854 1c00826a fed78be3 beq              x15, x13, -10       x15:00000014 x13:00000013
12098281ns          193855 1c00826e 00472783 lw               x15, 4(x14)         x15=00000013 x14:1000c018  PA:1000c01c
12098321ns          193857 1c008270 00279793 slli             x15, x15, 0x2       x15=0000004c x15:00000013
12098341ns          193858 1c008272 0108e7a3 p.sw             x16, x0(x17)        x16:dead0113 x17:1000b018  PA:1000b064
12098361ns          193859 1c008276 00472783 lw               x15, 4(x14)         x15=00000013 x14:1000c018  PA:1000c01c
12098401ns          193861 1c008278 00178793 addi             x15, x15, 1         x15=00000014 x15:00000013
12098421ns          193862 1c00827a 00f72223 sw               x15, 4(x14)         x15:00000014 x14:1000c018  PA:1000c01c
12098440ns          193863 1c00827c 00472783 lw               x15, 4(x14)         x15=00000014 x14:1000c018  PA:1000c01c
12098480ns          193865 1c00827e 00c78563 beq              x15, x12, 10        x15:00000014 x12:00000400
12098500ns          193866 1c008282 fff58593 addi             x11, x11, -1        x11=0000000c x11:0000000d
12098520ns          193867 1c008284 fc059ce3 bne              x11, x0, -40        x11:0000000c
12098580ns          193870 1c00825c 0045280b p.lw             x16, 4(x10!)        x16=dead0114 x10=1c0009f4 x10:1c0009f0  PA:1c0009f0
12098918ns          193887 1c008260 00472783 lw               x15, 4(x14)         x15=00000014 x14:1000c018  PA:1000c01c
12098958ns          193889 1c008262 00178793 addi             x15, x15, 1         x15=00000015 x15:00000014
12098977ns          193890 1c008264 02c78763 beq              x15, x12, 46        x15:00000015 x12:00000400
12098997ns          193891 1c008268 00072683 lw               x13, 0(x14)         x13=00000014 x14:1000c018  PA:1000c018
12099037ns          193893 1c00826a fed78be3 beq              x15, x13, -10       x15:00000015 x13:00000014
12099057ns          193894 1c00826e 00472783 lw               x15, 4(x14)         x15=00000014 x14:1000c018  PA:1000c01c
12099097ns          193896 1c008270 00279793 slli             x15, x15, 0x2       x15=00000050 x15:00000014
12099117ns          193897 1c008272 0108e7a3 p.sw             x16, x0(x17)        x16:dead0114 x17:1000b018  PA:1000b068
12099137ns          193898 1c008276 00472783 lw               x15, 4(x14)         x15=00000014 x14:1000c018  PA:1000c01c
12099176ns          193900 1c008278 00178793 addi             x15, x15, 1         x15=00000015 x15:00000014
12099196ns          193901 1c00827a 00f72223 sw               x15, 4(x14)         x15:00000015 x14:1000c018  PA:1000c01c
12099216ns          193902 1c00827c 00472783 lw               x15, 4(x14)         x15=00000015 x14:1000c018  PA:1000c01c
12099276ns          193905 1c00827e 00c78563 beq              x15, x12, 10        x15:00000015 x12:00000400
12099296ns          193906 1c008282 fff58593 addi             x11, x11, -1        x11=0000000b x11:0000000c
12099316ns          193907 1c008284 fc059ce3 bne              x11, x0, -40        x11:0000000b
12099375ns          193910 1c00825c 0045280b p.lw             x16, 4(x10!)        x16=dead0115 x10=1c0009f8 x10:1c0009f4  PA:1c0009f4
12099674ns          193925 1c008260 00472783 lw               x15, 4(x14)         x15=00000015 x14:1000c018  PA:1000c01c
12099713ns          193927 1c008262 00178793 addi             x15, x15, 1         x15=00000016 x15:00000015
12099733ns          193928 1c008264 02c78763 beq              x15, x12, 46        x15:00000016 x12:00000400
12099753ns          193929 1c008268 00072683 lw               x13, 0(x14)         x13=00000015 x14:1000c018  PA:1000c018
12099793ns          193931 1c00826a fed78be3 beq              x15, x13, -10       x15:00000016 x13:00000015
12099813ns          193932 1c00826e 00472783 lw               x15, 4(x14)         x15=00000015 x14:1000c018  PA:1000c01c
12099853ns          193934 1c008270 00279793 slli             x15, x15, 0x2       x15=00000054 x15:00000015
12099873ns          193935 1c008272 0108e7a3 p.sw             x16, x0(x17)        x16:dead0115 x17:1000b018  PA:1000b06c
12099892ns          193936 1c008276 00472783 lw               x15, 4(x14)         x15=00000015 x14:1000c018  PA:1000c01c
12099932ns          193938 1c008278 00178793 addi             x15, x15, 1         x15=00000016 x15:00000015
12099952ns          193939 1c00827a 00f72223 sw               x15, 4(x14)         x15:00000016 x14:1000c018  PA:1000c01c
12099972ns          193940 1c00827c 00472783 lw               x15, 4(x14)         x15=00000016 x14:1000c018  PA:1000c01c
12100032ns          193943 1c00827e 00c78563 beq              x15, x12, 10        x15:00000016 x12:00000400
12100052ns          193944 1c008282 fff58593 addi             x11, x11, -1        x11=0000000a x11:0000000b
12100071ns          193945 1c008284 fc059ce3 bne              x11, x0, -40        x11:0000000a
12100131ns          193948 1c00825c 0045280b p.lw             x16, 4(x10!)        x16=dead0116 x10=1c0009fc x10:1c0009f8  PA:1c0009f8
12100430ns          193963 1c008260 00472783 lw               x15, 4(x14)         x15=00000016 x14:1000c018  PA:1000c01c
12100469ns          193965 1c008262 00178793 addi             x15, x15, 1         x15=00000017 x15:00000016
12100489ns          193966 1c008264 02c78763 beq              x15, x12, 46        x15:00000017 x12:00000400
12100509ns          193967 1c008268 00072683 lw               x13, 0(x14)         x13=00000016 x14:1000c018  PA:1000c018
12100549ns          193969 1c00826a fed78be3 beq              x15, x13, -10       x15:00000017 x13:00000016
12100569ns          193970 1c00826e 00472783 lw               x15, 4(x14)         x15=00000016 x14:1000c018  PA:1000c01c
12100609ns          193972 1c008270 00279793 slli             x15, x15, 0x2       x15=00000058 x15:00000016
12100628ns          193973 1c008272 0108e7a3 p.sw             x16, x0(x17)        x16:dead0116 x17:1000b018  PA:1000b070
12100648ns          193974 1c008276 00472783 lw               x15, 4(x14)         x15=00000016 x14:1000c018  PA:1000c01c
12100688ns          193976 1c008278 00178793 addi             x15, x15, 1         x15=00000017 x15:00000016
12100708ns          193977 1c00827a 00f72223 sw               x15, 4(x14)         x15:00000017 x14:1000c018  PA:1000c01c
12100728ns          193978 1c00827c 00472783 lw               x15, 4(x14)         x15=00000017 x14:1000c018  PA:1000c01c
12100788ns          193981 1c00827e 00c78563 beq              x15, x12, 10        x15:00000017 x12:00000400
12100807ns          193982 1c008282 fff58593 addi             x11, x11, -1        x11=00000009 x11:0000000a
12100827ns          193983 1c008284 fc059ce3 bne              x11, x0, -40        x11:00000009
12100887ns          193986 1c00825c 0045280b p.lw             x16, 4(x10!)        x16=dead0117 x10=1c000a00 x10:1c0009fc  PA:1c0009fc
12101185ns          194001 1c008260 00472783 lw               x15, 4(x14)         x15=00000017 x14:1000c018  PA:1000c01c
12101225ns          194003 1c008262 00178793 addi             x15, x15, 1         x15=00000018 x15:00000017
12101245ns          194004 1c008264 02c78763 beq              x15, x12, 46        x15:00000018 x12:00000400
12101265ns          194005 1c008268 00072683 lw               x13, 0(x14)         x13=00000017 x14:1000c018  PA:1000c018
12101305ns          194007 1c00826a fed78be3 beq              x15, x13, -10       x15:00000018 x13:00000017
12101325ns          194008 1c00826e 00472783 lw               x15, 4(x14)         x15=00000017 x14:1000c018  PA:1000c01c
12101364ns          194010 1c008270 00279793 slli             x15, x15, 0x2       x15=0000005c x15:00000017
12101384ns          194011 1c008272 0108e7a3 p.sw             x16, x0(x17)        x16:dead0117 x17:1000b018  PA:1000b074
12101404ns          194012 1c008276 00472783 lw               x15, 4(x14)         x15=00000017 x14:1000c018  PA:1000c01c
12101444ns          194014 1c008278 00178793 addi             x15, x15, 1         x15=00000018 x15:00000017
12101464ns          194015 1c00827a 00f72223 sw               x15, 4(x14)         x15:00000018 x14:1000c018  PA:1000c01c
12101484ns          194016 1c00827c 00472783 lw               x15, 4(x14)         x15=00000018 x14:1000c018  PA:1000c01c
12101543ns          194019 1c00827e 00c78563 beq              x15, x12, 10        x15:00000018 x12:00000400
12101563ns          194020 1c008282 fff58593 addi             x11, x11, -1        x11=00000008 x11:00000009
12101583ns          194021 1c008284 fc059ce3 bne              x11, x0, -40        x11:00000008
12101643ns          194024 1c00825c 0045280b p.lw             x16, 4(x10!)        x16=dead0118 x10=1c000a04 x10:1c000a00  PA:1c000a00
12101941ns          194039 1c008260 00472783 lw               x15, 4(x14)         x15=00000018 x14:1000c018  PA:1000c01c
12101981ns          194041 1c008262 00178793 addi             x15, x15, 1         x15=00000019 x15:00000018
12102001ns          194042 1c008264 02c78763 beq              x15, x12, 46        x15:00000019 x12:00000400
12102021ns          194043 1c008268 00072683 lw               x13, 0(x14)         x13=00000018 x14:1000c018  PA:1000c018
12102061ns          194045 1c00826a fed78be3 beq              x15, x13, -10       x15:00000019 x13:00000018
12102080ns          194046 1c00826e 00472783 lw               x15, 4(x14)         x15=00000018 x14:1000c018  PA:1000c01c
12102120ns          194048 1c008270 00279793 slli             x15, x15, 0x2       x15=00000060 x15:00000018
12102140ns          194049 1c008272 0108e7a3 p.sw             x16, x0(x17)        x16:dead0118 x17:1000b018  PA:1000b078
12102160ns          194050 1c008276 00472783 lw               x15, 4(x14)         x15=00000018 x14:1000c018  PA:1000c01c
12102200ns          194052 1c008278 00178793 addi             x15, x15, 1         x15=00000019 x15:00000018
12102220ns          194053 1c00827a 00f72223 sw               x15, 4(x14)         x15:00000019 x14:1000c018  PA:1000c01c
12102240ns          194054 1c00827c 00472783 lw               x15, 4(x14)         x15=00000019 x14:1000c018  PA:1000c01c
12102299ns          194057 1c00827e 00c78563 beq              x15, x12, 10        x15:00000019 x12:00000400
12102319ns          194058 1c008282 fff58593 addi             x11, x11, -1        x11=00000007 x11:00000008
12102339ns          194059 1c008284 fc059ce3 bne              x11, x0, -40        x11:00000007
12102399ns          194062 1c00825c 0045280b p.lw             x16, 4(x10!)        x16=dead0119 x10=1c000a08 x10:1c000a04  PA:1c000a04
12102697ns          194077 1c008260 00472783 lw               x15, 4(x14)         x15=00000019 x14:1000c018  PA:1000c01c
12102737ns          194079 1c008262 00178793 addi             x15, x15, 1         x15=0000001a x15:00000019
12102757ns          194080 1c008264 02c78763 beq              x15, x12, 46        x15:0000001a x12:00000400
12102777ns          194081 1c008268 00072683 lw               x13, 0(x14)         x13=00000019 x14:1000c018  PA:1000c018
12102816ns          194083 1c00826a fed78be3 beq              x15, x13, -10       x15:0000001a x13:00000019
12102836ns          194084 1c00826e 00472783 lw               x15, 4(x14)         x15=00000019 x14:1000c018  PA:1000c01c
12102876ns          194086 1c008270 00279793 slli             x15, x15, 0x2       x15=00000064 x15:00000019
12102896ns          194087 1c008272 0108e7a3 p.sw             x16, x0(x17)        x16:dead0119 x17:1000b018  PA:1000b07c
12102916ns          194088 1c008276 00472783 lw               x15, 4(x14)         x15=00000019 x14:1000c018  PA:1000c01c
12102956ns          194090 1c008278 00178793 addi             x15, x15, 1         x15=0000001a x15:00000019
12102976ns          194091 1c00827a 00f72223 sw               x15, 4(x14)         x15:0000001a x14:1000c018  PA:1000c01c
12102995ns          194092 1c00827c 00472783 lw               x15, 4(x14)         x15=0000001a x14:1000c018  PA:1000c01c
12103055ns          194095 1c00827e 00c78563 beq              x15, x12, 10        x15:0000001a x12:00000400
12103075ns          194096 1c008282 fff58593 addi             x11, x11, -1        x11=00000006 x11:00000007
12103095ns          194097 1c008284 fc059ce3 bne              x11, x0, -40        x11:00000006
12103155ns          194100 1c00825c 0045280b p.lw             x16, 4(x10!)        x16=dead011a x10=1c000a0c x10:1c000a08  PA:1c000a08
12103453ns          194115 1c008260 00472783 lw               x15, 4(x14)         x15=0000001a x14:1000c018  PA:1000c01c
12103493ns          194117 1c008262 00178793 addi             x15, x15, 1         x15=0000001b x15:0000001a
12103513ns          194118 1c008264 02c78763 beq              x15, x12, 46        x15:0000001b x12:00000400
12103532ns          194119 1c008268 00072683 lw               x13, 0(x14)         x13=0000001a x14:1000c018  PA:1000c018
12103572ns          194121 1c00826a fed78be3 beq              x15, x13, -10       x15:0000001b x13:0000001a
12103592ns          194122 1c00826e 00472783 lw               x15, 4(x14)         x15=0000001a x14:1000c018  PA:1000c01c
12103632ns          194124 1c008270 00279793 slli             x15, x15, 0x2       x15=00000068 x15:0000001a
12103652ns          194125 1c008272 0108e7a3 p.sw             x16, x0(x17)        x16:dead011a x17:1000b018  PA:1000b080
12103672ns          194126 1c008276 00472783 lw               x15, 4(x14)         x15=0000001a x14:1000c018  PA:1000c01c
12103711ns          194128 1c008278 00178793 addi             x15, x15, 1         x15=0000001b x15:0000001a
12103731ns          194129 1c00827a 00f72223 sw               x15, 4(x14)         x15:0000001b x14:1000c018  PA:1000c01c
12103751ns          194130 1c00827c 00472783 lw               x15, 4(x14)         x15=0000001b x14:1000c018  PA:1000c01c
12103811ns          194133 1c00827e 00c78563 beq              x15, x12, 10        x15:0000001b x12:00000400
12103831ns          194134 1c008282 fff58593 addi             x11, x11, -1        x11=00000005 x11:00000006
12103851ns          194135 1c008284 fc059ce3 bne              x11, x0, -40        x11:00000005
12103910ns          194138 1c00825c 0045280b p.lw             x16, 4(x10!)        x16=dead011b x10=1c000a10 x10:1c000a0c  PA:1c000a0c
12104229ns          194154 1c008260 00472783 lw               x15, 4(x14)         x15=0000001b x14:1000c018  PA:1000c01c
12104268ns          194156 1c008262 00178793 addi             x15, x15, 1         x15=0000001c x15:0000001b
12104288ns          194157 1c008264 02c78763 beq              x15, x12, 46        x15:0000001c x12:00000400
12104308ns          194158 1c008268 00072683 lw               x13, 0(x14)         x13=0000001b x14:1000c018  PA:1000c018
12104348ns          194160 1c00826a fed78be3 beq              x15, x13, -10       x15:0000001c x13:0000001b
12104368ns          194161 1c00826e 00472783 lw               x15, 4(x14)         x15=0000001b x14:1000c018  PA:1000c01c
12104428ns          194164 1c008270 00279793 slli             x15, x15, 0x2       x15=0000006c x15:0000001b
12104447ns          194165 1c008272 0108e7a3 p.sw             x16, x0(x17)        x16:dead011b x17:1000b018  PA:1000b084
12104467ns          194166 1c008276 00472783 lw               x15, 4(x14)         x15=0000001b x14:1000c018  PA:1000c01c
12104507ns          194168 1c008278 00178793 addi             x15, x15, 1         x15=0000001c x15:0000001b
12104527ns          194169 1c00827a 00f72223 sw               x15, 4(x14)         x15:0000001c x14:1000c018  PA:1000c01c
12104547ns          194170 1c00827c 00472783 lw               x15, 4(x14)         x15=0000001c x14:1000c018  PA:1000c01c
12104587ns          194172 1c00827e 00c78563 beq              x15, x12, 10        x15:0000001c x12:00000400
12104607ns          194173 1c008282 fff58593 addi             x11, x11, -1        x11=00000004 x11:00000005
12104626ns          194174 1c008284 fc059ce3 bne              x11, x0, -40        x11:00000004
12104686ns          194177 1c00825c 0045280b p.lw             x16, 4(x10!)        x16=dead011c x10=1c000a14 x10:1c000a10  PA:1c000a10
12104984ns          194192 1c008260 00472783 lw               x15, 4(x14)         x15=0000001c x14:1000c018  PA:1000c01c
12105044ns          194195 1c008262 00178793 addi             x15, x15, 1         x15=0000001d x15:0000001c
12105064ns          194196 1c008264 02c78763 beq              x15, x12, 46        x15:0000001d x12:00000400
12105084ns          194197 1c008268 00072683 lw               x13, 0(x14)         x13=0000001c x14:1000c018  PA:1000c018
12105144ns          194200 1c00826a fed78be3 beq              x15, x13, -10       x15:0000001d x13:0000001c
12105164ns          194201 1c00826e 00472783 lw               x15, 4(x14)         x15=0000001c x14:1000c018  PA:1000c01c
12105203ns          194203 1c008270 00279793 slli             x15, x15, 0x2       x15=00000070 x15:0000001c
12105223ns          194204 1c008272 0108e7a3 p.sw             x16, x0(x17)        x16:dead011c x17:1000b018  PA:1000b088
12105243ns          194205 1c008276 00472783 lw               x15, 4(x14)         x15=0000001c x14:1000c018  PA:1000c01c
12105283ns          194207 1c008278 00178793 addi             x15, x15, 1         x15=0000001d x15:0000001c
12105303ns          194208 1c00827a 00f72223 sw               x15, 4(x14)         x15:0000001d x14:1000c018  PA:1000c01c
12105323ns          194209 1c00827c 00472783 lw               x15, 4(x14)         x15=0000001d x14:1000c018  PA:1000c01c
12105362ns          194211 1c00827e 00c78563 beq              x15, x12, 10        x15:0000001d x12:00000400
12105382ns          194212 1c008282 fff58593 addi             x11, x11, -1        x11=00000003 x11:00000004
12105402ns          194213 1c008284 fc059ce3 bne              x11, x0, -40        x11:00000003
12105462ns          194216 1c00825c 0045280b p.lw             x16, 4(x10!)        x16=dead011d x10=1c000a18 x10:1c000a14  PA:1c000a14
12105780ns          194232 1c008260 00472783 lw               x15, 4(x14)         x15=0000001d x14:1000c018  PA:1000c01c
12105820ns          194234 1c008262 00178793 addi             x15, x15, 1         x15=0000001e x15:0000001d
12105840ns          194235 1c008264 02c78763 beq              x15, x12, 46        x15:0000001e x12:00000400
12105860ns          194236 1c008268 00072683 lw               x13, 0(x14)         x13=0000001d x14:1000c018  PA:1000c018
12105899ns          194238 1c00826a fed78be3 beq              x15, x13, -10       x15:0000001e x13:0000001d
12105919ns          194239 1c00826e 00472783 lw               x15, 4(x14)         x15=0000001d x14:1000c018  PA:1000c01c
12105959ns          194241 1c008270 00279793 slli             x15, x15, 0x2       x15=00000074 x15:0000001d
12105979ns          194242 1c008272 0108e7a3 p.sw             x16, x0(x17)        x16:dead011d x17:1000b018  PA:1000b08c
12105999ns          194243 1c008276 00472783 lw               x15, 4(x14)         x15=0000001d x14:1000c018  PA:1000c01c
12106039ns          194245 1c008278 00178793 addi             x15, x15, 1         x15=0000001e x15:0000001d
12106059ns          194246 1c00827a 00f72223 sw               x15, 4(x14)         x15:0000001e x14:1000c018  PA:1000c01c
12106078ns          194247 1c00827c 00472783 lw               x15, 4(x14)         x15=0000001e x14:1000c018  PA:1000c01c
12106118ns          194249 1c00827e 00c78563 beq              x15, x12, 10        x15:0000001e x12:00000400
12106138ns          194250 1c008282 fff58593 addi             x11, x11, -1        x11=00000002 x11:00000003
12106158ns          194251 1c008284 fc059ce3 bne              x11, x0, -40        x11:00000002
12106218ns          194254 1c00825c 0045280b p.lw             x16, 4(x10!)        x16=dead011e x10=1c000a1c x10:1c000a18  PA:1c000a18
12106516ns          194269 1c008260 00472783 lw               x15, 4(x14)         x15=0000001e x14:1000c018  PA:1000c01c
12106556ns          194271 1c008262 00178793 addi             x15, x15, 1         x15=0000001f x15:0000001e
12106576ns          194272 1c008264 02c78763 beq              x15, x12, 46        x15:0000001f x12:00000400
12106596ns          194273 1c008268 00072683 lw               x13, 0(x14)         x13=0000001e x14:1000c018  PA:1000c018
12106635ns          194275 1c00826a fed78be3 beq              x15, x13, -10       x15:0000001f x13:0000001e
12106655ns          194276 1c00826e 00472783 lw               x15, 4(x14)         x15=0000001e x14:1000c018  PA:1000c01c
12106695ns          194278 1c008270 00279793 slli             x15, x15, 0x2       x15=00000078 x15:0000001e
12106715ns          194279 1c008272 0108e7a3 p.sw             x16, x0(x17)        x16:dead011e x17:1000b018  PA:1000b090
12106735ns          194280 1c008276 00472783 lw               x15, 4(x14)         x15=0000001e x14:1000c018  PA:1000c01c
12106775ns          194282 1c008278 00178793 addi             x15, x15, 1         x15=0000001f x15:0000001e
12106795ns          194283 1c00827a 00f72223 sw               x15, 4(x14)         x15:0000001f x14:1000c018  PA:1000c01c
12106814ns          194284 1c00827c 00472783 lw               x15, 4(x14)         x15=0000001f x14:1000c018  PA:1000c01c
12106854ns          194286 1c00827e 00c78563 beq              x15, x12, 10        x15:0000001f x12:00000400
12106874ns          194287 1c008282 fff58593 addi             x11, x11, -1        x11=00000001 x11:00000002
12106894ns          194288 1c008284 fc059ce3 bne              x11, x0, -40        x11:00000001
12106954ns          194291 1c00825c 0045280b p.lw             x16, 4(x10!)        x16=dead011f x10=1c000a20 x10:1c000a1c  PA:1c000a1c
12107252ns          194306 1c008260 00472783 lw               x15, 4(x14)         x15=0000001f x14:1000c018  PA:1000c01c
12107292ns          194308 1c008262 00178793 addi             x15, x15, 1         x15=00000020 x15:0000001f
12107312ns          194309 1c008264 02c78763 beq              x15, x12, 46        x15:00000020 x12:00000400
12107332ns          194310 1c008268 00072683 lw               x13, 0(x14)         x13=0000001f x14:1000c018  PA:1000c018
12107371ns          194312 1c00826a fed78be3 beq              x15, x13, -10       x15:00000020 x13:0000001f
12107391ns          194313 1c00826e 00472783 lw               x15, 4(x14)         x15=0000001f x14:1000c018  PA:1000c01c
12107431ns          194315 1c008270 00279793 slli             x15, x15, 0x2       x15=0000007c x15:0000001f
12107451ns          194316 1c008272 0108e7a3 p.sw             x16, x0(x17)        x16:dead011f x17:1000b018  PA:1000b094
12107471ns          194317 1c008276 00472783 lw               x15, 4(x14)         x15=0000001f x14:1000c018  PA:1000c01c
12107511ns          194319 1c008278 00178793 addi             x15, x15, 1         x15=00000020 x15:0000001f
12107531ns          194320 1c00827a 00f72223 sw               x15, 4(x14)         x15:00000020 x14:1000c018  PA:1000c01c
12107550ns          194321 1c00827c 00472783 lw               x15, 4(x14)         x15=00000020 x14:1000c018  PA:1000c01c
12107590ns          194323 1c00827e 00c78563 beq              x15, x12, 10        x15:00000020 x12:00000400
12107610ns          194324 1c008282 fff58593 addi             x11, x11, -1        x11=00000000 x11:00000001
12107630ns          194325 1c008284 fc059ce3 bne              x11, x0, -40        x11:00000000
12107650ns          194326 1c008286 f45ff06f jal              x0, -188           
12107769ns          194332 1c0081ca 203010ef jal              x1, 6658             x1=1c0081ce
12107908ns          194339 1c009bcc f14027f3 csrrs            x15, x0, 0xf14      x15=00000001
12107948ns          194341 1c009bd0 01f00713 addi             x14, x0, 31         x14=0000001f
12107968ns          194342 1c009bd2 ca5797b3 p.extractu       x15, x15, 5, 5      x15=00000000 x15:00000001
12107988ns          194343 1c009bd6 00e78863 beq              x15, x14, 16        x15:00000000 x14:0000001f
12108008ns          194344 1c009bda 002047b7 lui              x15, 0x204000       x15=00204000
12108028ns          194345 1c009bde 20078793 addi             x15, x15, 512       x15=00204200 x15:00204000
12108048ns          194346 1c009be2 01c7e703 p.elw            x14, 28(x15)        x14=00010000 x15:00204200  PA:0020421c
12108167ns          194352 1c009be6 00008067 jalr             x0, x1, 0            x1:1c0081ce
12108227ns          194355 1c0081ce f14027f3 csrrs            x15, x0, 0xf14      x15=00000001
12108247ns          194356 1c0081d2 f457b7b3 p.bclr           x15, x15, 26, 5     x15=00000001 x15:00000001
12108266ns          194357 1c0081d6 00079c63 bne              x15, x0, 24         x15:00000001
12108863ns          194387 1c0081ee 00c12083 lw               x1, 12(x2)           x1=1c009adc  x2:10000fe8  PA:10000ff4
12109281ns          194408 1c0081f0 00812403 lw               x8, 8(x2)            x8=xxxxxxxx  x2:10000fe8  PA:10000ff0
12109301ns          194409 1c0081f2 00412483 lw               x9, 4(x2)            x9=xxxxxxxx  x2:10000fe8  PA:10000fec
12109321ns          194410 1c0081f4 00000513 addi             x10, x0, 0          x10=00000000
12109341ns          194411 1c0081f6 01010113 addi             x2, x2, 16           x2=10000ff8  x2:10000fe8
12109360ns          194412 1c0081f8 00008067 jalr             x0, x1, 0            x1:1c009adc
12109400ns          194414 1c009adc f14027f3 csrrs            x15, x0, 0xf14      x15=00000001
12109420ns          194415 1c009ae0 f457b7b3 p.bclr           x15, x15, 26, 5     x15=00000001 x15:00000001
12109440ns          194416 1c009ae4 00079963 bne              x15, x0, 18         x15:00000001
12110116ns          194450 1c009af6 002047b7 lui              x15, 0x204000       x15=00204000
12110136ns          194451 1c009afa fff00713 addi             x14, x0, -1         x14=ffffffff
12110156ns          194452 1c009afc 00e7a223 sw               x14, 4(x15)         x14:ffffffff x15:00204000  PA:00204004
