                Time          Cycles PC       Instr    Mnemonic
11816631ns          187673 1c008080 0640006f jal              x0, 100            
11817088ns          187696 1c0080e4 f1402573 csrrs            x10, x0, 0xf14      x10=00000002
11817128ns          187698 1c0080e8 01f57593 andi             x11, x10, 31        x11=00000002 x10:00000002
11817148ns          187699 1c0080ec 00555513 srli             x10, x10, 0x5       x10=00000000 x10:00000002
11817168ns          187700 1c0080ee 01f00613 addi             x12, x0, 31         x12=0000001f
11817586ns          187721 1c0080f0 00c50463 beq              x10, x12, 8         x10:00000000 x12:0000001f
11817625ns          187723 1c0080f4 fa1ff06f jal              x0, -96            
11818103ns          187747 1c008094 f3ff8117 auipc            x2, 0xf3ff8000       x2=10000094
11818142ns          187749 1c008098 f7010113 addi             x2, x2, -144         x2=10000004  x2:10000094
11818162ns          187750 1c00809c 00012103 lw               x2, 0(x2)            x2=10000008  x2:10000004  PA:10000004
11818600ns          187772 1c0080a0 000011b7 lui              x3, 0x1000           x3=00001000
11818640ns          187774 1c0080a4 80018193 addi             x3, x3, -2048        x3=00000800  x3:00001000
11818660ns          187775 1c0080a8 00158593 addi             x11, x11, 1         x11=00000003 x11:00000002
11818680ns          187776 1c0080ac 02b180b3 mul              x1, x3, x11          x1=00001800  x3:00000800 x11:00000003
11819117ns          187798 1c0080b0 00110133 add              x2, x2, x1           x2=10001808  x2:10000008  x1:00001800
11819157ns          187800 1c0080b4 14f0106f jal              x0, 6478           
11819614ns          187823 1c009a02 ff010113 addi             x2, x2, -16          x2=100017f8  x2:10001808
11819654ns          187825 1c009a04 00112623 sw               x1, 12(x2)           x1:00001800  x2:100017f8  PA:10001804
11819674ns          187826 1c009a06 002047b7 lui              x15, 0x204000       x15=00204000
11819694ns          187827 1c009a0a 00070737 lui              x14, 0x70000        x14=00070000
11819714ns          187828 1c009a0e 00e7a423 sw               x14, 8(x15)         x14:00070000 x15:00204000  PA:00204008
11820132ns          187849 1c009a10 00f00713 addi             x14, x0, 15         x14=0000000f
11820171ns          187851 1c009a12 20078793 addi             x15, x15, 512       x15=00204200 x15:00204000
11820191ns          187852 1c009a16 00e7a023 sw               x14, 0(x15)         x14:0000000f x15:00204200  PA:00204200
11820211ns          187853 1c009a1a 00e7a623 sw               x14, 12(x15)        x14:0000000f x15:00204200  PA:0020420c
11820669ns          187876 1c009a1e 1c0017b7 lui              x15, 0x1c001000     x15=1c001000
11820708ns          187878 1c009a22 9d47a783 lw               x15, -1580(x15)     x15=1c00813e x15:1c001000  PA:1c0009d4
11821166ns          187901 1c009a26 000780e7 jalr             x1, x15, 0           x1=1c009a28 x15:1c00813e
11822160ns          187951 1c00813e f14027f3 csrrs            x15, x0, 0xf14      x15=00000002
11822200ns          187953 1c008142 ca579733 p.extractu       x14, x15, 5, 5      x14=00000000 x15:00000002
11822220ns          187954 1c008146 0a071e63 bne              x14, x0, 188        x14:00000000
11822240ns          187955 1c008148 f7010113 addi             x2, x2, -144         x2=10001768  x2:100017f8
11822260ns          187956 1c00814a 08912223 sw               x9, 132(x2)          x9:xxxxxxxx  x2:10001768  PA:100017ec
11822280ns          187957 1c00814c 08112623 sw               x1, 140(x2)          x1:1c009a28  x2:10001768  PA:100017f4
11822300ns          187958 1c00814e 08812423 sw               x8, 136(x2)          x8:xxxxxxxx  x2:10001768  PA:100017f0
11822678ns          187977 1c008150 f457b4b3 p.bclr           x9, x15, 26, 5       x9=00000002 x15:00000002
11822717ns          187979 1c008154 0414a663 p.beqimm         x9, 76               x9:00000002
11822737ns          187980 1c008158 1c1010ef jal              x1, 6592             x1=1c00815c
11823155ns          188001 1c009b18 f14027f3 csrrs            x15, x0, 0xf14      x15=00000002
11823195ns          188003 1c009b1c 01f00713 addi             x14, x0, 31         x14=0000001f
11823672ns          188027 1c009b1e ca5797b3 p.extractu       x15, x15, 5, 5      x15=00000000 x15:00000002
11823712ns          188029 1c009b22 00e78863 beq              x15, x14, 16        x15:00000000 x14:0000001f
11823732ns          188030 1c009b26 002047b7 lui              x15, 0x204000       x15=00204000
11823752ns          188031 1c009b2a 20078793 addi             x15, x15, 512       x15=00204200 x15:00204000
11824229ns          188055 1c009b2e 01c7e703 p.elw            x14, 28(x15)        x14=00010000 x15:00204200  PA:0020421c
11826576ns          188173 1c009b32 00008067 jalr             x0, x1, 0            x1:1c00815c
11826616ns          188175 1c00815c 06048663 beq              x9, x0, 108          x9:00000002
11826636ns          188176 1c00815e 00049963 bne              x9, x0, 18           x9:00000002
11827551ns          188222 1c008170 1a9010ef jal              x1, 6568             x1=1c008174
11827591ns          188224 1c009b18 f14027f3 csrrs            x15, x0, 0xf14      x15=00000002
11827610ns          188225 1c009b1c 01f00713 addi             x14, x0, 31         x14=0000001f
11827630ns          188226 1c009b1e ca5797b3 p.extractu       x15, x15, 5, 5      x15=00000000 x15:00000002
11827650ns          188227 1c009b22 00e78863 beq              x15, x14, 16        x15:00000000 x14:0000001f
11827670ns          188228 1c009b26 002047b7 lui              x15, 0x204000       x15=00204000
11827690ns          188229 1c009b2a 20078793 addi             x15, x15, 512       x15=00204200 x15:00204000
11827710ns          188230 1c009b2e 01c7e703 p.elw            x14, 28(x15)        x14=00010000 x15:00204200  PA:0020421c
11830952ns          188393 1c009b32 00008067 jalr             x0, x1, 0            x1:1c008174
11830992ns          188395 1c008174 f14027f3 csrrs            x15, x0, 0xf14      x15=00000002
11831012ns          188396 1c008178 f457b7b3 p.bclr           x15, x15, 26, 5     x15=00000002 x15:00000002
11831032ns          188397 1c00817c 00079c63 bne              x15, x0, 24         x15:00000002
11832026ns          188447 1c008194 08c12083 lw               x1, 140(x2)          x1=1c009a28  x2:10001768  PA:100017f4
11832046ns          188448 1c008196 08812403 lw               x8, 136(x2)          x8=xxxxxxxx  x2:10001768  PA:100017f0
11832066ns          188449 1c008198 08412483 lw               x9, 132(x2)          x9=xxxxxxxx  x2:10001768  PA:100017ec
11832086ns          188450 1c00819a 00000513 addi             x10, x0, 0          x10=00000000
11832106ns          188451 1c00819c 09010113 addi             x2, x2, 144          x2=100017f8  x2:10001768
11832126ns          188452 1c00819e 00008067 jalr             x0, x1, 0            x1:1c009a28
11832185ns          188455 1c009a28 f14027f3 csrrs            x15, x0, 0xf14      x15=00000002
11832205ns          188456 1c009a2c f457b7b3 p.bclr           x15, x15, 26, 5     x15=00000002 x15:00000002
11832225ns          188457 1c009a30 00079963 bne              x15, x0, 18         x15:00000002
11832742ns          188483 1c009a42 002047b7 lui              x15, 0x204000       x15=00204000
11832762ns          188484 1c009a46 fff00713 addi             x14, x0, -1         x14=ffffffff
11832782ns          188485 1c009a48 00e7a223 sw               x14, 4(x15)         x14:ffffffff x15:00204000  PA:00204004
