                Time          Cycles PC       Instr    Mnemonic
11816591ns          187671 1c008080 0640006f jal              x0, 100            
11817048ns          187694 1c0080e4 f1402573 csrrs            x10, x0, 0xf14      x10=00000001
11817088ns          187696 1c0080e8 01f57593 andi             x11, x10, 31        x11=00000001 x10:00000001
11817108ns          187697 1c0080ec 00555513 srli             x10, x10, 0x5       x10=00000000 x10:00000001
11817128ns          187698 1c0080ee 01f00613 addi             x12, x0, 31         x12=0000001f
11817546ns          187719 1c0080f0 00c50463 beq              x10, x12, 8         x10:00000000 x12:0000001f
11817586ns          187721 1c0080f4 fa1ff06f jal              x0, -96            
11818063ns          187745 1c008094 f3ff8117 auipc            x2, 0xf3ff8000       x2=10000094
11818103ns          187747 1c008098 f7010113 addi             x2, x2, -144         x2=10000004  x2:10000094
11818123ns          187748 1c00809c 00012103 lw               x2, 0(x2)            x2=10000008  x2:10000004  PA:10000004
11818560ns          187770 1c0080a0 000011b7 lui              x3, 0x1000           x3=00001000
11818600ns          187772 1c0080a4 80018193 addi             x3, x3, -2048        x3=00000800  x3:00001000
11818620ns          187773 1c0080a8 00158593 addi             x11, x11, 1         x11=00000002 x11:00000001
11818640ns          187774 1c0080ac 02b180b3 mul              x1, x3, x11          x1=00001000  x3:00000800 x11:00000002
11819077ns          187796 1c0080b0 00110133 add              x2, x2, x1           x2=10001008  x2:10000008  x1:00001000
11819117ns          187798 1c0080b4 14f0106f jal              x0, 6478           
11819575ns          187821 1c009a02 ff010113 addi             x2, x2, -16          x2=10000ff8  x2:10001008
11819614ns          187823 1c009a04 00112623 sw               x1, 12(x2)           x1:00001000  x2:10000ff8  PA:10001004
11819634ns          187824 1c009a06 002047b7 lui              x15, 0x204000       x15=00204000
11819654ns          187825 1c009a0a 00070737 lui              x14, 0x70000        x14=00070000
11819674ns          187826 1c009a0e 00e7a423 sw               x14, 8(x15)         x14:00070000 x15:00204000  PA:00204008
11820092ns          187847 1c009a10 00f00713 addi             x14, x0, 15         x14=0000000f
11820132ns          187849 1c009a12 20078793 addi             x15, x15, 512       x15=00204200 x15:00204000
11820151ns          187850 1c009a16 00e7a023 sw               x14, 0(x15)         x14:0000000f x15:00204200  PA:00204200
11820171ns          187851 1c009a1a 00e7a623 sw               x14, 12(x15)        x14:0000000f x15:00204200  PA:0020420c
11820629ns          187874 1c009a1e 1c0017b7 lui              x15, 0x1c001000     x15=1c001000
11820669ns          187876 1c009a22 9d47a783 lw               x15, -1580(x15)     x15=1c00813e x15:1c001000  PA:1c0009d4
11821007ns          187893 1c009a26 000780e7 jalr             x1, x15, 0           x1=1c009a28 x15:1c00813e
11822121ns          187949 1c00813e f14027f3 csrrs            x15, x0, 0xf14      x15=00000001
11822160ns          187951 1c008142 ca579733 p.extractu       x14, x15, 5, 5      x14=00000000 x15:00000001
11822180ns          187952 1c008146 0a071e63 bne              x14, x0, 188        x14:00000000
11822200ns          187953 1c008148 f7010113 addi             x2, x2, -144         x2=10000f68  x2:10000ff8
11822220ns          187954 1c00814a 08912223 sw               x9, 132(x2)          x9:xxxxxxxx  x2:10000f68  PA:10000fec
11822240ns          187955 1c00814c 08112623 sw               x1, 140(x2)          x1:1c009a28  x2:10000f68  PA:10000ff4
11822260ns          187956 1c00814e 08812423 sw               x8, 136(x2)          x8:xxxxxxxx  x2:10000f68  PA:10000ff0
11822638ns          187975 1c008150 f457b4b3 p.bclr           x9, x15, 26, 5       x9=00000001 x15:00000001
11822678ns          187977 1c008154 0414a663 p.beqimm         x9, 76               x9:00000001
11823254ns          188006 1c0081a0 dead05b7 lui              x11, 0xdead0000     x11=dead0000
11823294ns          188008 1c0081a4 002006b3 add              x13, x0, x2         x13=10000f68  x2:10000f68
11823314ns          188009 1c0081a6 00000713 addi             x14, x0, 0          x14=00000000
11823334ns          188010 1c0081a8 10058593 addi             x11, x11, 256       x11=dead0100 x11:dead0000
11823354ns          188011 1c0081ac 020350fb lp.setupi        0x1, 0x20, 0x6     
11823772ns          188032 1c0081b0 00b76633 or               x12, x14, x11       x12=dead0100 x14:00000000 x11:dead0100
11823811ns          188034 1c0081b4 00c6a22b p.sw             x12, 4(x13!)        x13=10000f6c x12:dead0100 x13:10000f68  PA:10000f68
11823831ns          188035 1c0081b8 00170713 addi             x14, x14, 1         x14=00000001 x14:00000000
11823851ns          188036 1c0081b0 00b76633 or               x12, x14, x11       x12=dead0101 x14:00000001 x11:dead0100
11823871ns          188037 1c0081b4 00c6a22b p.sw             x12, 4(x13!)        x13=10000f70 x12:dead0101 x13:10000f6c  PA:10000f6c
11823891ns          188038 1c0081b8 00170713 addi             x14, x14, 1         x14=00000002 x14:00000001
11823911ns          188039 1c0081b0 00b76633 or               x12, x14, x11       x12=dead0102 x14:00000002 x11:dead0100
11823931ns          188040 1c0081b4 00c6a22b p.sw             x12, 4(x13!)        x13=10000f74 x12:dead0102 x13:10000f70  PA:10000f70
11823951ns          188041 1c0081b8 00170713 addi             x14, x14, 1         x14=00000003 x14:00000002
11823970ns          188042 1c0081b0 00b76633 or               x12, x14, x11       x12=dead0103 x14:00000003 x11:dead0100
11823990ns          188043 1c0081b4 00c6a22b p.sw             x12, 4(x13!)        x13=10000f78 x12:dead0103 x13:10000f74  PA:10000f74
11824010ns          188044 1c0081b8 00170713 addi             x14, x14, 1         x14=00000004 x14:00000003
11824030ns          188045 1c0081b0 00b76633 or               x12, x14, x11       x12=dead0104 x14:00000004 x11:dead0100
11824050ns          188046 1c0081b4 00c6a22b p.sw             x12, 4(x13!)        x13=10000f7c x12:dead0104 x13:10000f78  PA:10000f78
11824070ns          188047 1c0081b8 00170713 addi             x14, x14, 1         x14=00000005 x14:00000004
11824090ns          188048 1c0081b0 00b76633 or               x12, x14, x11       x12=dead0105 x14:00000005 x11:dead0100
11824110ns          188049 1c0081b4 00c6a22b p.sw             x12, 4(x13!)        x13=10000f80 x12:dead0105 x13:10000f7c  PA:10000f7c
11824130ns          188050 1c0081b8 00170713 addi             x14, x14, 1         x14=00000006 x14:00000005
11824149ns          188051 1c0081b0 00b76633 or               x12, x14, x11       x12=dead0106 x14:00000006 x11:dead0100
11824169ns          188052 1c0081b4 00c6a22b p.sw             x12, 4(x13!)        x13=10000f84 x12:dead0106 x13:10000f80  PA:10000f80
11824189ns          188053 1c0081b8 00170713 addi             x14, x14, 1         x14=00000007 x14:00000006
11824209ns          188054 1c0081b0 00b76633 or               x12, x14, x11       x12=dead0107 x14:00000007 x11:dead0100
11824229ns          188055 1c0081b4 00c6a22b p.sw             x12, 4(x13!)        x13=10000f88 x12:dead0107 x13:10000f84  PA:10000f84
11824249ns          188056 1c0081b8 00170713 addi             x14, x14, 1         x14=00000008 x14:00000007
11824269ns          188057 1c0081b0 00b76633 or               x12, x14, x11       x12=dead0108 x14:00000008 x11:dead0100
11824289ns          188058 1c0081b4 00c6a22b p.sw             x12, 4(x13!)        x13=10000f8c x12:dead0108 x13:10000f88  PA:10000f88
11824309ns          188059 1c0081b8 00170713 addi             x14, x14, 1         x14=00000009 x14:00000008
11824329ns          188060 1c0081b0 00b76633 or               x12, x14, x11       x12=dead0109 x14:00000009 x11:dead0100
11824348ns          188061 1c0081b4 00c6a22b p.sw             x12, 4(x13!)        x13=10000f90 x12:dead0109 x13:10000f8c  PA:10000f8c
11824368ns          188062 1c0081b8 00170713 addi             x14, x14, 1         x14=0000000a x14:00000009
11824388ns          188063 1c0081b0 00b76633 or               x12, x14, x11       x12=dead010a x14:0000000a x11:dead0100
11824408ns          188064 1c0081b4 00c6a22b p.sw             x12, 4(x13!)        x13=10000f94 x12:dead010a x13:10000f90  PA:10000f90
11824428ns          188065 1c0081b8 00170713 addi             x14, x14, 1         x14=0000000b x14:0000000a
11824448ns          188066 1c0081b0 00b76633 or               x12, x14, x11       x12=dead010b x14:0000000b x11:dead0100
11824468ns          188067 1c0081b4 00c6a22b p.sw             x12, 4(x13!)        x13=10000f98 x12:dead010b x13:10000f94  PA:10000f94
11824488ns          188068 1c0081b8 00170713 addi             x14, x14, 1         x14=0000000c x14:0000000b
11824508ns          188069 1c0081b0 00b76633 or               x12, x14, x11       x12=dead010c x14:0000000c x11:dead0100
11824527ns          188070 1c0081b4 00c6a22b p.sw             x12, 4(x13!)        x13=10000f9c x12:dead010c x13:10000f98  PA:10000f98
11824547ns          188071 1c0081b8 00170713 addi             x14, x14, 1         x14=0000000d x14:0000000c
11824567ns          188072 1c0081b0 00b76633 or               x12, x14, x11       x12=dead010d x14:0000000d x11:dead0100
11824587ns          188073 1c0081b4 00c6a22b p.sw             x12, 4(x13!)        x13=10000fa0 x12:dead010d x13:10000f9c  PA:10000f9c
11824607ns          188074 1c0081b8 00170713 addi             x14, x14, 1         x14=0000000e x14:0000000d
11824627ns          188075 1c0081b0 00b76633 or               x12, x14, x11       x12=dead010e x14:0000000e x11:dead0100
11824647ns          188076 1c0081b4 00c6a22b p.sw             x12, 4(x13!)        x13=10000fa4 x12:dead010e x13:10000fa0  PA:10000fa0
11824667ns          188077 1c0081b8 00170713 addi             x14, x14, 1         x14=0000000f x14:0000000e
11824687ns          188078 1c0081b0 00b76633 or               x12, x14, x11       x12=dead010f x14:0000000f x11:dead0100
11824706ns          188079 1c0081b4 00c6a22b p.sw             x12, 4(x13!)        x13=10000fa8 x12:dead010f x13:10000fa4  PA:10000fa4
11824726ns          188080 1c0081b8 00170713 addi             x14, x14, 1         x14=00000010 x14:0000000f
11824746ns          188081 1c0081b0 00b76633 or               x12, x14, x11       x12=dead0110 x14:00000010 x11:dead0100
11824766ns          188082 1c0081b4 00c6a22b p.sw             x12, 4(x13!)        x13=10000fac x12:dead0110 x13:10000fa8  PA:10000fa8
11824786ns          188083 1c0081b8 00170713 addi             x14, x14, 1         x14=00000011 x14:00000010
11824806ns          188084 1c0081b0 00b76633 or               x12, x14, x11       x12=dead0111 x14:00000011 x11:dead0100
11824826ns          188085 1c0081b4 00c6a22b p.sw             x12, 4(x13!)        x13=10000fb0 x12:dead0111 x13:10000fac  PA:10000fac
11824846ns          188086 1c0081b8 00170713 addi             x14, x14, 1         x14=00000012 x14:00000011
11824866ns          188087 1c0081b0 00b76633 or               x12, x14, x11       x12=dead0112 x14:00000012 x11:dead0100
11824885ns          188088 1c0081b4 00c6a22b p.sw             x12, 4(x13!)        x13=10000fb4 x12:dead0112 x13:10000fb0  PA:10000fb0
11824905ns          188089 1c0081b8 00170713 addi             x14, x14, 1         x14=00000013 x14:00000012
11824925ns          188090 1c0081b0 00b76633 or               x12, x14, x11       x12=dead0113 x14:00000013 x11:dead0100
11824945ns          188091 1c0081b4 00c6a22b p.sw             x12, 4(x13!)        x13=10000fb8 x12:dead0113 x13:10000fb4  PA:10000fb4
11824965ns          188092 1c0081b8 00170713 addi             x14, x14, 1         x14=00000014 x14:00000013
11824985ns          188093 1c0081b0 00b76633 or               x12, x14, x11       x12=dead0114 x14:00000014 x11:dead0100
11825005ns          188094 1c0081b4 00c6a22b p.sw             x12, 4(x13!)        x13=10000fbc x12:dead0114 x13:10000fb8  PA:10000fb8
11825025ns          188095 1c0081b8 00170713 addi             x14, x14, 1         x14=00000015 x14:00000014
11825045ns          188096 1c0081b0 00b76633 or               x12, x14, x11       x12=dead0115 x14:00000015 x11:dead0100
11825064ns          188097 1c0081b4 00c6a22b p.sw             x12, 4(x13!)        x13=10000fc0 x12:dead0115 x13:10000fbc  PA:10000fbc
11825084ns          188098 1c0081b8 00170713 addi             x14, x14, 1         x14=00000016 x14:00000015
11825104ns          188099 1c0081b0 00b76633 or               x12, x14, x11       x12=dead0116 x14:00000016 x11:dead0100
11825124ns          188100 1c0081b4 00c6a22b p.sw             x12, 4(x13!)        x13=10000fc4 x12:dead0116 x13:10000fc0  PA:10000fc0
11825144ns          188101 1c0081b8 00170713 addi             x14, x14, 1         x14=00000017 x14:00000016
11825164ns          188102 1c0081b0 00b76633 or               x12, x14, x11       x12=dead0117 x14:00000017 x11:dead0100
11825184ns          188103 1c0081b4 00c6a22b p.sw             x12, 4(x13!)        x13=10000fc8 x12:dead0117 x13:10000fc4  PA:10000fc4
11825204ns          188104 1c0081b8 00170713 addi             x14, x14, 1         x14=00000018 x14:00000017
11825224ns          188105 1c0081b0 00b76633 or               x12, x14, x11       x12=dead0118 x14:00000018 x11:dead0100
11825243ns          188106 1c0081b4 00c6a22b p.sw             x12, 4(x13!)        x13=10000fcc x12:dead0118 x13:10000fc8  PA:10000fc8
11825263ns          188107 1c0081b8 00170713 addi             x14, x14, 1         x14=00000019 x14:00000018
11825283ns          188108 1c0081b0 00b76633 or               x12, x14, x11       x12=dead0119 x14:00000019 x11:dead0100
11825303ns          188109 1c0081b4 00c6a22b p.sw             x12, 4(x13!)        x13=10000fd0 x12:dead0119 x13:10000fcc  PA:10000fcc
11825323ns          188110 1c0081b8 00170713 addi             x14, x14, 1         x14=0000001a x14:00000019
11825343ns          188111 1c0081b0 00b76633 or               x12, x14, x11       x12=dead011a x14:0000001a x11:dead0100
11825363ns          188112 1c0081b4 00c6a22b p.sw             x12, 4(x13!)        x13=10000fd4 x12:dead011a x13:10000fd0  PA:10000fd0
11825383ns          188113 1c0081b8 00170713 addi             x14, x14, 1         x14=0000001b x14:0000001a
11825403ns          188114 1c0081b0 00b76633 or               x12, x14, x11       x12=dead011b x14:0000001b x11:dead0100
11825423ns          188115 1c0081b4 00c6a22b p.sw             x12, 4(x13!)        x13=10000fd8 x12:dead011b x13:10000fd4  PA:10000fd4
11825442ns          188116 1c0081b8 00170713 addi             x14, x14, 1         x14=0000001c x14:0000001b
11825462ns          188117 1c0081b0 00b76633 or               x12, x14, x11       x12=dead011c x14:0000001c x11:dead0100
11825482ns          188118 1c0081b4 00c6a22b p.sw             x12, 4(x13!)        x13=10000fdc x12:dead011c x13:10000fd8  PA:10000fd8
11825502ns          188119 1c0081b8 00170713 addi             x14, x14, 1         x14=0000001d x14:0000001c
11825522ns          188120 1c0081b0 00b76633 or               x12, x14, x11       x12=dead011d x14:0000001d x11:dead0100
11825542ns          188121 1c0081b4 00c6a22b p.sw             x12, 4(x13!)        x13=10000fe0 x12:dead011d x13:10000fdc  PA:10000fdc
11825562ns          188122 1c0081b8 00170713 addi             x14, x14, 1         x14=0000001e x14:0000001d
11825582ns          188123 1c0081b0 00b76633 or               x12, x14, x11       x12=dead011e x14:0000001e x11:dead0100
11825602ns          188124 1c0081b4 00c6a22b p.sw             x12, 4(x13!)        x13=10000fe4 x12:dead011e x13:10000fe0  PA:10000fe0
11825621ns          188125 1c0081b8 00170713 addi             x14, x14, 1         x14=0000001f x14:0000001e
11825641ns          188126 1c0081b0 00b76633 or               x12, x14, x11       x12=dead011f x14:0000001f x11:dead0100
11825661ns          188127 1c0081b4 00c6a22b p.sw             x12, 4(x13!)        x13=10000fe8 x12:dead011f x13:10000fe4  PA:10000fe4
11825681ns          188128 1c0081b8 00170713 addi             x14, x14, 1         x14=00000020 x14:0000001f
11825701ns          188129 1c0081ba 15f010ef jal              x1, 6494             x1=1c0081be
11826218ns          188155 1c009b18 f14027f3 csrrs            x15, x0, 0xf14      x15=00000001
11826258ns          188157 1c009b1c 01f00713 addi             x14, x0, 31         x14=0000001f
11826318ns          188160 1c009b1e ca5797b3 p.extractu       x15, x15, 5, 5      x15=00000000 x15:00000001
11826357ns          188162 1c009b22 00e78863 beq              x15, x14, 16        x15:00000000 x14:0000001f
11826377ns          188163 1c009b26 002047b7 lui              x15, 0x204000       x15=00204000
11826397ns          188164 1c009b2a 20078793 addi             x15, x15, 512       x15=00204200 x15:00204000
11826457ns          188167 1c009b2e 01c7e703 p.elw            x14, 28(x15)        x14=00010000 x15:00204200  PA:0020421c
11826576ns          188173 1c009b32 00008067 jalr             x0, x1, 0            x1:1c0081be
11826696ns          188179 1c0081be f14027f3 csrrs            x15, x0, 0xf14      x15=00000001
11826715ns          188180 1c0081c2 f457b7b3 p.bclr           x15, x15, 26, 5     x15=00000001 x15:00000001
11826735ns          188181 1c0081c6 02079363 bne              x15, x0, 38         x15:00000001
11827670ns          188228 1c0081ec 19000637 lui              x12, 0x19000000     x12=19000000
11828128ns          188251 1c0081f0 00200733 add              x14, x0, x2         x14=10000f68  x2:10000f68
11828167ns          188253 1c0081f2 02060613 addi             x12, x12, 32        x12=19000020 x12:19000000
11828187ns          188254 1c0081f6 020250fb lp.setupi        0x1, 0x20, 0x4     
11828207ns          188255 1c0081fa 0047268b p.lw             x13, 4(x14!)        x13=dead0100 x14=10000f6c x14:10000f68  PA:10000f68
11828247ns          188257 1c0081fe 00d62023 sw               x13, 0(x12)         x13:dead0100 x12:19000020  PA:19000020
11828724ns          188281 1c0081fa 0047268b p.lw             x13, 4(x14!)        x13=dead0101 x14=10000f70 x14:10000f6c  PA:10000f6c
11828764ns          188283 1c0081fe 00d62023 sw               x13, 0(x12)         x13:dead0101 x12:19000020  PA:19000020
11828784ns          188284 1c0081fa 0047268b p.lw             x13, 4(x14!)        x13=dead0102 x14=10000f74 x14:10000f70  PA:10000f70
11828824ns          188286 1c0081fe 00d62023 sw               x13, 0(x12)         x13:dead0102 x12:19000020  PA:19000020
11828844ns          188287 1c0081fa 0047268b p.lw             x13, 4(x14!)        x13=dead0103 x14=10000f78 x14:10000f74  PA:10000f74
11828883ns          188289 1c0081fe 00d62023 sw               x13, 0(x12)         x13:dead0103 x12:19000020  PA:19000020
11828903ns          188290 1c0081fa 0047268b p.lw             x13, 4(x14!)        x13=dead0104 x14=10000f7c x14:10000f78  PA:10000f78
11828943ns          188292 1c0081fe 00d62023 sw               x13, 0(x12)         x13:dead0104 x12:19000020  PA:19000020
11828963ns          188293 1c0081fa 0047268b p.lw             x13, 4(x14!)        x13=dead0105 x14=10000f80 x14:10000f7c  PA:10000f7c
11829003ns          188295 1c0081fe 00d62023 sw               x13, 0(x12)         x13:dead0105 x12:19000020  PA:19000020
11829023ns          188296 1c0081fa 0047268b p.lw             x13, 4(x14!)        x13=dead0106 x14=10000f84 x14:10000f80  PA:10000f80
11829063ns          188298 1c0081fe 00d62023 sw               x13, 0(x12)         x13:dead0106 x12:19000020  PA:19000020
11829082ns          188299 1c0081fa 0047268b p.lw             x13, 4(x14!)        x13=dead0107 x14=10000f88 x14:10000f84  PA:10000f84
11829122ns          188301 1c0081fe 00d62023 sw               x13, 0(x12)         x13:dead0107 x12:19000020  PA:19000020
11829142ns          188302 1c0081fa 0047268b p.lw             x13, 4(x14!)        x13=dead0108 x14=10000f8c x14:10000f88  PA:10000f88
11829182ns          188304 1c0081fe 00d62023 sw               x13, 0(x12)         x13:dead0108 x12:19000020  PA:19000020
11829202ns          188305 1c0081fa 0047268b p.lw             x13, 4(x14!)        x13=dead0109 x14=10000f90 x14:10000f8c  PA:10000f8c
11829242ns          188307 1c0081fe 00d62023 sw               x13, 0(x12)         x13:dead0109 x12:19000020  PA:19000020
11829261ns          188308 1c0081fa 0047268b p.lw             x13, 4(x14!)        x13=dead010a x14=10000f94 x14:10000f90  PA:10000f90
11829301ns          188310 1c0081fe 00d62023 sw               x13, 0(x12)         x13:dead010a x12:19000020  PA:19000020
11829321ns          188311 1c0081fa 0047268b p.lw             x13, 4(x14!)        x13=dead010b x14=10000f98 x14:10000f94  PA:10000f94
11829361ns          188313 1c0081fe 00d62023 sw               x13, 0(x12)         x13:dead010b x12:19000020  PA:19000020
11829381ns          188314 1c0081fa 0047268b p.lw             x13, 4(x14!)        x13=dead010c x14=10000f9c x14:10000f98  PA:10000f98
11829421ns          188316 1c0081fe 00d62023 sw               x13, 0(x12)         x13:dead010c x12:19000020  PA:19000020
11829440ns          188317 1c0081fa 0047268b p.lw             x13, 4(x14!)        x13=dead010d x14=10000fa0 x14:10000f9c  PA:10000f9c
11829480ns          188319 1c0081fe 00d62023 sw               x13, 0(x12)         x13:dead010d x12:19000020  PA:19000020
11829500ns          188320 1c0081fa 0047268b p.lw             x13, 4(x14!)        x13=dead010e x14=10000fa4 x14:10000fa0  PA:10000fa0
11829540ns          188322 1c0081fe 00d62023 sw               x13, 0(x12)         x13:dead010e x12:19000020  PA:19000020
11829560ns          188323 1c0081fa 0047268b p.lw             x13, 4(x14!)        x13=dead010f x14=10000fa8 x14:10000fa4  PA:10000fa4
11829600ns          188325 1c0081fe 00d62023 sw               x13, 0(x12)         x13:dead010f x12:19000020  PA:19000020
11829619ns          188326 1c0081fa 0047268b p.lw             x13, 4(x14!)        x13=dead0110 x14=10000fac x14:10000fa8  PA:10000fa8
11829659ns          188328 1c0081fe 00d62023 sw               x13, 0(x12)         x13:dead0110 x12:19000020  PA:19000020
11829679ns          188329 1c0081fa 0047268b p.lw             x13, 4(x14!)        x13=dead0111 x14=10000fb0 x14:10000fac  PA:10000fac
11829719ns          188331 1c0081fe 00d62023 sw               x13, 0(x12)         x13:dead0111 x12:19000020  PA:19000020
11829739ns          188332 1c0081fa 0047268b p.lw             x13, 4(x14!)        x13=dead0112 x14=10000fb4 x14:10000fb0  PA:10000fb0
11829779ns          188334 1c0081fe 00d62023 sw               x13, 0(x12)         x13:dead0112 x12:19000020  PA:19000020
11829798ns          188335 1c0081fa 0047268b p.lw             x13, 4(x14!)        x13=dead0113 x14=10000fb8 x14:10000fb4  PA:10000fb4
11829838ns          188337 1c0081fe 00d62023 sw               x13, 0(x12)         x13:dead0113 x12:19000020  PA:19000020
11829858ns          188338 1c0081fa 0047268b p.lw             x13, 4(x14!)        x13=dead0114 x14=10000fbc x14:10000fb8  PA:10000fb8
11829898ns          188340 1c0081fe 00d62023 sw               x13, 0(x12)         x13:dead0114 x12:19000020  PA:19000020
11829918ns          188341 1c0081fa 0047268b p.lw             x13, 4(x14!)        x13=dead0115 x14=10000fc0 x14:10000fbc  PA:10000fbc
11829958ns          188343 1c0081fe 00d62023 sw               x13, 0(x12)         x13:dead0115 x12:19000020  PA:19000020
11829977ns          188344 1c0081fa 0047268b p.lw             x13, 4(x14!)        x13=dead0116 x14=10000fc4 x14:10000fc0  PA:10000fc0
11830017ns          188346 1c0081fe 00d62023 sw               x13, 0(x12)         x13:dead0116 x12:19000020  PA:19000020
11830037ns          188347 1c0081fa 0047268b p.lw             x13, 4(x14!)        x13=dead0117 x14=10000fc8 x14:10000fc4  PA:10000fc4
11830077ns          188349 1c0081fe 00d62023 sw               x13, 0(x12)         x13:dead0117 x12:19000020  PA:19000020
11830097ns          188350 1c0081fa 0047268b p.lw             x13, 4(x14!)        x13=dead0118 x14=10000fcc x14:10000fc8  PA:10000fc8
11830137ns          188352 1c0081fe 00d62023 sw               x13, 0(x12)         x13:dead0118 x12:19000020  PA:19000020
11830157ns          188353 1c0081fa 0047268b p.lw             x13, 4(x14!)        x13=dead0119 x14=10000fd0 x14:10000fcc  PA:10000fcc
11830196ns          188355 1c0081fe 00d62023 sw               x13, 0(x12)         x13:dead0119 x12:19000020  PA:19000020
11830216ns          188356 1c0081fa 0047268b p.lw             x13, 4(x14!)        x13=dead011a x14=10000fd4 x14:10000fd0  PA:10000fd0
11830256ns          188358 1c0081fe 00d62023 sw               x13, 0(x12)         x13:dead011a x12:19000020  PA:19000020
11830276ns          188359 1c0081fa 0047268b p.lw             x13, 4(x14!)        x13=dead011b x14=10000fd8 x14:10000fd4  PA:10000fd4
11830316ns          188361 1c0081fe 00d62023 sw               x13, 0(x12)         x13:dead011b x12:19000020  PA:19000020
11830336ns          188362 1c0081fa 0047268b p.lw             x13, 4(x14!)        x13=dead011c x14=10000fdc x14:10000fd8  PA:10000fd8
11830375ns          188364 1c0081fe 00d62023 sw               x13, 0(x12)         x13:dead011c x12:19000020  PA:19000020
11830395ns          188365 1c0081fa 0047268b p.lw             x13, 4(x14!)        x13=dead011d x14=10000fe0 x14:10000fdc  PA:10000fdc
11830435ns          188367 1c0081fe 00d62023 sw               x13, 0(x12)         x13:dead011d x12:19000020  PA:19000020
11830455ns          188368 1c0081fa 0047268b p.lw             x13, 4(x14!)        x13=dead011e x14=10000fe4 x14:10000fe0  PA:10000fe0
11830495ns          188370 1c0081fe 00d62023 sw               x13, 0(x12)         x13:dead011e x12:19000020  PA:19000020
11830515ns          188371 1c0081fa 0047268b p.lw             x13, 4(x14!)        x13=dead011f x14=10000fe8 x14:10000fe4  PA:10000fe4
11830554ns          188373 1c0081fe 00d62023 sw               x13, 0(x12)         x13:dead011f x12:19000020  PA:19000020
11830574ns          188374 1c008200 f71ff06f jal              x0, -144           
11830654ns          188378 1c008170 1a9010ef jal              x1, 6568             x1=1c008174
11830694ns          188380 1c009b18 f14027f3 csrrs            x15, x0, 0xf14      x15=00000001
11830713ns          188381 1c009b1c 01f00713 addi             x14, x0, 31         x14=0000001f
11830733ns          188382 1c009b1e ca5797b3 p.extractu       x15, x15, 5, 5      x15=00000000 x15:00000001
11830753ns          188383 1c009b22 00e78863 beq              x15, x14, 16        x15:00000000 x14:0000001f
11830773ns          188384 1c009b26 002047b7 lui              x15, 0x204000       x15=00204000
11830793ns          188385 1c009b2a 20078793 addi             x15, x15, 512       x15=00204200 x15:00204000
11830813ns          188386 1c009b2e 01c7e703 p.elw            x14, 28(x15)        x14=00010000 x15:00204200  PA:0020421c
11830952ns          188393 1c009b32 00008067 jalr             x0, x1, 0            x1:1c008174
11830992ns          188395 1c008174 f14027f3 csrrs            x15, x0, 0xf14      x15=00000001
11831012ns          188396 1c008178 f457b7b3 p.bclr           x15, x15, 26, 5     x15=00000001 x15:00000001
11831032ns          188397 1c00817c 00079c63 bne              x15, x0, 24         x15:00000001
11831967ns          188444 1c008194 08c12083 lw               x1, 140(x2)          x1=1c009a28  x2:10000f68  PA:10000ff4
11831986ns          188445 1c008196 08812403 lw               x8, 136(x2)          x8=xxxxxxxx  x2:10000f68  PA:10000ff0
11832006ns          188446 1c008198 08412483 lw               x9, 132(x2)          x9=xxxxxxxx  x2:10000f68  PA:10000fec
11832026ns          188447 1c00819a 00000513 addi             x10, x0, 0          x10=00000000
11832046ns          188448 1c00819c 09010113 addi             x2, x2, 144          x2=10000ff8  x2:10000f68
11832066ns          188449 1c00819e 00008067 jalr             x0, x1, 0            x1:1c009a28
11832106ns          188451 1c009a28 f14027f3 csrrs            x15, x0, 0xf14      x15=00000001
11832126ns          188452 1c009a2c f457b7b3 p.bclr           x15, x15, 26, 5     x15=00000001 x15:00000001
11832146ns          188453 1c009a30 00079963 bne              x15, x0, 18         x15:00000001
11832703ns          188481 1c009a42 002047b7 lui              x15, 0x204000       x15=00204000
11832722ns          188482 1c009a46 fff00713 addi             x14, x0, -1         x14=ffffffff
11832742ns          188483 1c009a48 00e7a223 sw               x14, 4(x15)         x14:ffffffff x15:00204000  PA:00204004
