                Time          Cycles PC       Instr    Mnemonic
11938739ns          189824 1c008080 0640006f jal              x0, 100            
11939197ns          189847 1c0080e4 f1402573 csrrs            x10, x0, 0xf14      x10=00000002
11939236ns          189849 1c0080e8 01f57593 andi             x11, x10, 31        x11=00000002 x10:00000002
11939256ns          189850 1c0080ec 00555513 srli             x10, x10, 0x5       x10=00000000 x10:00000002
11939276ns          189851 1c0080ee 01f00613 addi             x12, x0, 31         x12=0000001f
11939694ns          189872 1c0080f0 00c50463 beq              x10, x12, 8         x10:00000000 x12:0000001f
11939734ns          189874 1c0080f4 fa1ff06f jal              x0, -96            
11940191ns          189897 1c008094 f3ff8117 auipc            x2, 0xf3ff8000       x2=10000094
11940231ns          189899 1c008098 f7010113 addi             x2, x2, -144         x2=10000004  x2:10000094
11940251ns          189900 1c00809c 00012103 lw               x2, 0(x2)            x2=10000008  x2:10000004  PA:10000004
11940708ns          189923 1c0080a0 000011b7 lui              x3, 0x1000           x3=00001000
11940748ns          189925 1c0080a4 80018193 addi             x3, x3, -2048        x3=00000800  x3:00001000
11940768ns          189926 1c0080a8 00158593 addi             x11, x11, 1         x11=00000003 x11:00000002
11940788ns          189927 1c0080ac 02b180b3 mul              x1, x3, x11          x1=00001800  x3:00000800 x11:00000003
11941226ns          189949 1c0080b0 00110133 add              x2, x2, x1           x2=10001808  x2:10000008  x1:00001800
11941265ns          189951 1c0080b4 1ed0106f jal              x0, 6636           
11941723ns          189974 1c009aa0 ff010113 addi             x2, x2, -16          x2=100017f8  x2:10001808
11941743ns          189975 1c009aa2 00112623 sw               x1, 12(x2)           x1:00001800  x2:100017f8  PA:10001804
11941763ns          189976 1c009aa4 002047b7 lui              x15, 0x204000       x15=00204000
11941782ns          189977 1c009aa8 00070737 lui              x14, 0x70000        x14=00070000
11941802ns          189978 1c009aac 00e7a423 sw               x14, 8(x15)         x14:00070000 x15:00204000  PA:00204008
11941822ns          189979 1c009aae 00f00713 addi             x14, x0, 15         x14=0000000f
11942240ns          190000 1c009ab0 20078793 addi             x15, x15, 512       x15=00204200 x15:00204000
11942280ns          190002 1c009ab4 00e7a023 sw               x14, 0(x15)         x14:0000000f x15:00204200  PA:00204200
11942300ns          190003 1c009ab8 00e7a623 sw               x14, 12(x15)        x14:0000000f x15:00204200  PA:0020420c
11942320ns          190004 1c009abc 1c0017b7 lui              x15, 0x1c001000     x15=1c001000
11942757ns          190026 1c009ac0 9d47a783 lw               x15, -1580(x15)     x15=1c00813e x15:1c001000  PA:1c0009d4
11943095ns          190043 1c009ac4 000780e7 jalr             x1, x15, 0           x1=1c009ac6 x15:1c00813e
11944229ns          190100 1c00813e f14027f3 csrrs            x15, x0, 0xf14      x15=00000002
11944269ns          190102 1c008142 ca579733 p.extractu       x14, x15, 5, 5      x14=00000000 x15:00000002
11944289ns          190103 1c008146 00070463 beq              x14, x0, 8          x14:00000000
11944806ns          190129 1c00814e f7010113 addi             x2, x2, -144         x2=10001768  x2:100017f8
11944826ns          190130 1c008150 08912223 sw               x9, 132(x2)          x9:xxxxxxxx  x2:10001768  PA:100017ec
11944846ns          190131 1c008152 08112623 sw               x1, 140(x2)          x1:1c009ac6  x2:10001768  PA:100017f4
11944866ns          190132 1c008154 08812423 sw               x8, 136(x2)          x8:xxxxxxxx  x2:10001768  PA:100017f0
11944885ns          190133 1c008156 f457b4b3 p.bclr           x9, x15, 26, 5       x9=00000002 x15:00000002
11944905ns          190134 1c00815a 0a14a863 p.beqimm         x9, 176              x9:00000002
11945323ns          190155 1c00815e 14049063 bne              x9, x0, 320          x9:00000002
11946576ns          190218 1c00829e 119010ef jal              x1, 6424             x1=1c0082a2
11946775ns          190228 1c009bb6 f14027f3 csrrs            x15, x0, 0xf14      x15=00000002
11946795ns          190229 1c009bba 01f00713 addi             x14, x0, 31         x14=0000001f
11946815ns          190230 1c009bbc ca5797b3 p.extractu       x15, x15, 5, 5      x15=00000000 x15:00000002
11947252ns          190252 1c009bc0 00e78863 beq              x15, x14, 16        x15:00000000 x14:0000001f
11947292ns          190254 1c009bc4 002047b7 lui              x15, 0x204000       x15=00204000
11947312ns          190255 1c009bc8 20078793 addi             x15, x15, 512       x15=00204200 x15:00204000
11947332ns          190256 1c009bcc 01c7e703 p.elw            x14, 28(x15)        x14=00010000 x15:00204200  PA:0020421c
11951648ns          190473 1c009bd0 00008067 jalr             x0, x1, 0            x1:1c0082a2
11951688ns          190475 1c0082a2 00000593 addi             x11, x0, 0          x11=00000000
11951708ns          190476 1c0082a4 effff06f jal              x0, -258           
11952305ns          190506 1c0081a2 02049763 bne              x9, x0, 46           x9:00000002
11952842ns          190533 1c0081d0 1e7010ef jal              x1, 6630             x1=1c0081d4
11952901ns          190536 1c009bb6 f14027f3 csrrs            x15, x0, 0xf14      x15=00000002
11952921ns          190537 1c009bba 01f00713 addi             x14, x0, 31         x14=0000001f
11952941ns          190538 1c009bbc ca5797b3 p.extractu       x15, x15, 5, 5      x15=00000000 x15:00000002
11952961ns          190539 1c009bc0 00e78863 beq              x15, x14, 16        x15:00000000 x14:0000001f
11952981ns          190540 1c009bc4 002047b7 lui              x15, 0x204000       x15=00204000
11953001ns          190541 1c009bc8 20078793 addi             x15, x15, 512       x15=00204200 x15:00204000
11953021ns          190542 1c009bcc 01c7e703 p.elw            x14, 28(x15)        x14=00010000 x15:00204200  PA:0020421c
12036880ns          194758 1c009bd0 00008067 jalr             x0, x1, 0            x1:1c0081d4
12036920ns          194760 1c0081d4 f14027f3 csrrs            x15, x0, 0xf14      x15=00000002
12036940ns          194761 1c0081d8 f457b7b3 p.bclr           x15, x15, 26, 5     x15=00000002 x15:00000002
12036960ns          194762 1c0081dc 00079c63 bne              x15, x0, 24         x15:00000002
12037974ns          194813 1c0081f4 08c12083 lw               x1, 140(x2)          x1=1c009ac6  x2:10001768  PA:100017f4
12037994ns          194814 1c0081f6 08812403 lw               x8, 136(x2)          x8=xxxxxxxx  x2:10001768  PA:100017f0
12038014ns          194815 1c0081f8 08412483 lw               x9, 132(x2)          x9=xxxxxxxx  x2:10001768  PA:100017ec
12038034ns          194816 1c0081fa 00000513 addi             x10, x0, 0          x10=00000000
12038054ns          194817 1c0081fc 09010113 addi             x2, x2, 144          x2=100017f8  x2:10001768
12038074ns          194818 1c0081fe 00008067 jalr             x0, x1, 0            x1:1c009ac6
12038153ns          194822 1c009ac6 f14027f3 csrrs            x15, x0, 0xf14      x15=00000002
12038173ns          194823 1c009aca f457b7b3 p.bclr           x15, x15, 26, 5     x15=00000002 x15:00000002
12038193ns          194824 1c009ace 00079963 bne              x15, x0, 18         x15:00000002
12038650ns          194847 1c009ae0 002047b7 lui              x15, 0x204000       x15=00204000
12038690ns          194849 1c009ae4 fff00713 addi             x14, x0, -1         x14=ffffffff
12038710ns          194850 1c009ae6 00e7a223 sw               x14, 4(x15)         x14:ffffffff x15:00204000  PA:00204004
