                Time          Cycles PC       Instr    Mnemonic
11969216ns          190358 1c008080 0640006f jal              x0, 100            
11969674ns          190381 1c0080e4 f1402573 csrrs            x10, x0, 0xf14      x10=00000003
11969713ns          190383 1c0080e8 01f57593 andi             x11, x10, 31        x11=00000003 x10:00000003
11969733ns          190384 1c0080ec 00555513 srli             x10, x10, 0x5       x10=00000000 x10:00000003
11969753ns          190385 1c0080ee 01f00613 addi             x12, x0, 31         x12=0000001f
11970191ns          190407 1c0080f0 00c50463 beq              x10, x12, 8         x10:00000000 x12:0000001f
11970231ns          190409 1c0080f4 fa1ff06f jal              x0, -96            
11970688ns          190432 1c008094 f3ff8117 auipc            x2, 0xf3ff8000       x2=10000094
11970728ns          190434 1c008098 f7010113 addi             x2, x2, -144         x2=10000004  x2:10000094
11970748ns          190435 1c00809c 00012103 lw               x2, 0(x2)            x2=10000008  x2:10000004  PA:10000004
11971185ns          190457 1c0080a0 000011b7 lui              x3, 0x1000           x3=00001000
11971225ns          190459 1c0080a4 80018193 addi             x3, x3, -2048        x3=00000800  x3:00001000
11971245ns          190460 1c0080a8 00158593 addi             x11, x11, 1         x11=00000004 x11:00000003
11971265ns          190461 1c0080ac 02b180b3 mul              x1, x3, x11          x1=00002000  x3:00000800 x11:00000004
11971702ns          190483 1c0080b0 00110133 add              x2, x2, x1           x2=10002008  x2:10000008  x1:00002000
11971742ns          190485 1c0080b4 2130106f jal              x0, 6674           
11972200ns          190508 1c009ac6 ff010113 addi             x2, x2, -16          x2=10001ff8  x2:10002008
11972240ns          190510 1c009ac8 00112623 sw               x1, 12(x2)           x1:00002000  x2:10001ff8  PA:10002004
11972259ns          190511 1c009aca 002047b7 lui              x15, 0x204000       x15=00204000
11972717ns          190534 1c009ace 00070737 lui              x14, 0x70000        x14=00070000
11972737ns          190535 1c009ad2 00e7a423 sw               x14, 8(x15)         x14:00070000 x15:00204000  PA:00204008
11972757ns          190536 1c009ad4 00f00713 addi             x14, x0, 15         x14=0000000f
11972777ns          190537 1c009ad6 20078793 addi             x15, x15, 512       x15=00204200 x15:00204000
11972796ns          190538 1c009ada 00e7a023 sw               x14, 0(x15)         x14:0000000f x15:00204200  PA:00204200
11973234ns          190560 1c009ade 00e7a623 sw               x14, 12(x15)        x14:0000000f x15:00204200  PA:0020420c
11973274ns          190562 1c009ae2 1c0017b7 lui              x15, 0x1c001000     x15=1c001000
11973294ns          190563 1c009ae6 9d47a783 lw               x15, -1580(x15)     x15=1c00813e x15:1c001000  PA:1c0009d4
11973731ns          190585 1c009aea 000780e7 jalr             x1, x15, 0           x1=1c009aec x15:1c00813e
11974248ns          190611 1c00813e f7010113 addi             x2, x2, -144         x2=10001f68  x2:10001ff8
11974706ns          190634 1c008140 08812423 sw               x8, 136(x2)          x8:xxxxxxxx  x2:10001f68  PA:10001ff0
11974726ns          190635 1c008142 08112623 sw               x1, 140(x2)          x1:1c009aec  x2:10001f68  PA:10001ff4
11974746ns          190636 1c008144 f1402473 csrrs            x8, x0, 0xf14        x8=00000003
11974766ns          190637 1c008148 08912223 sw               x9, 132(x2)          x9:xxxxxxxx  x2:10001f68  PA:10001fec
11974786ns          190638 1c00814a ca5417b3 p.extractu       x15, x8, 5, 5       x15=00000000  x8:00000003
11974805ns          190639 1c00814e 0a079663 bne              x15, x0, 172        x15:00000000
11975223ns          190660 1c008150 f4543433 p.bclr           x8, x8, 26, 5        x8=00000003  x8:00000003
11975263ns          190662 1c008154 10142f63 p.beqimm         x8, 286              x8:00000003
11975283ns          190663 1c008158 16041663 bne              x8, x0, 364          x8:00000003
11976178ns          190708 1c0082c4 119010ef jal              x1, 6424             x1=1c0082c8
11976655ns          190732 1c009bdc f14027f3 csrrs            x15, x0, 0xf14      x15=00000003
11977113ns          190755 1c009be0 01f00713 addi             x14, x0, 31         x14=0000001f
11977153ns          190757 1c009be2 ca5797b3 p.extractu       x15, x15, 5, 5      x15=00000000 x15:00000003
11977172ns          190758 1c009be6 00e78863 beq              x15, x14, 16        x15:00000000 x14:0000001f
11977192ns          190759 1c009bea 002047b7 lui              x15, 0x204000       x15=00204000
11977630ns          190781 1c009bee 20078793 addi             x15, x15, 512       x15=00204200 x15:00204000
11977670ns          190783 1c009bf2 01c7e703 p.elw            x14, 28(x15)        x14=00010000 x15:00204200  PA:0020421c
11981449ns          190973 1c009bf6 00008067 jalr             x0, x1, 0            x1:1c0082c8
11981489ns          190975 1c0082c8 00000593 addi             x11, x0, 0          x11=00000000
11981509ns          190976 1c0082ca ed3ff06f jal              x0, -302           
11982424ns          191022 1c00819c 02041763 bne              x8, x0, 46           x8:00000003
11983498ns          191076 1c0081ca 213010ef jal              x1, 6674             x1=1c0081ce
11983975ns          191100 1c009bdc f14027f3 csrrs            x15, x0, 0xf14      x15=00000003
11983995ns          191101 1c009be0 01f00713 addi             x14, x0, 31         x14=0000001f
11984015ns          191102 1c009be2 ca5797b3 p.extractu       x15, x15, 5, 5      x15=00000000 x15:00000003
11984035ns          191103 1c009be6 00e78863 beq              x15, x14, 16        x15:00000000 x14:0000001f
11984055ns          191104 1c009bea 002047b7 lui              x15, 0x204000       x15=00204000
11984075ns          191105 1c009bee 20078793 addi             x15, x15, 512       x15=00204200 x15:00204000
11984094ns          191106 1c009bf2 01c7e703 p.elw            x14, 28(x15)        x14=00010000 x15:00204200  PA:0020421c
12577276ns          220928 1c009bf6 00008067 jalr             x0, x1, 0            x1:1c0081ce
12577336ns          220931 1c0081ce f14027f3 csrrs            x15, x0, 0xf14      x15=00000003
12577356ns          220932 1c0081d2 f457b7b3 p.bclr           x15, x15, 26, 5     x15=00000003 x15:00000003
12577376ns          220933 1c0081d6 00079c63 bne              x15, x0, 24         x15:00000003
12577953ns          220962 1c0081ee 08c12083 lw               x1, 140(x2)          x1=1c009aec  x2:10001f68  PA:10001ff4
12578390ns          220984 1c0081f0 08812403 lw               x8, 136(x2)          x8=xxxxxxxx  x2:10001f68  PA:10001ff0
12578410ns          220985 1c0081f2 08412483 lw               x9, 132(x2)          x9=xxxxxxxx  x2:10001f68  PA:10001fec
12578430ns          220986 1c0081f4 00000513 addi             x10, x0, 0          x10=00000000
12578450ns          220987 1c0081f6 09010113 addi             x2, x2, 144          x2=10001ff8  x2:10001f68
12578470ns          220988 1c0081f8 00008067 jalr             x0, x1, 0            x1:1c009aec
12578569ns          220993 1c009aec f14027f3 csrrs            x15, x0, 0xf14      x15=00000003
12578589ns          220994 1c009af0 f457b7b3 p.bclr           x15, x15, 26, 5     x15=00000003 x15:00000003
12578609ns          220995 1c009af4 00079963 bne              x15, x0, 18         x15:00000003
12579166ns          221023 1c009b06 002047b7 lui              x15, 0x204000       x15=00204000
12579186ns          221024 1c009b0a fff00713 addi             x14, x0, -1         x14=ffffffff
12579206ns          221025 1c009b0c 00e7a223 sw               x14, 4(x15)         x14:ffffffff x15:00204000  PA:00204004
