                Time          Cycles PC       Instr    Mnemonic
7239043ns          107127 1c008080 0640006f jal              x0, 100            
7239500ns          107150 1c0080e4 f1402573 csrrs            x10, x0, 0xf14      x10=00000001
7239540ns          107152 1c0080e8 01f57593 andi             x11, x10, 31        x11=00000001 x10:00000001
7239560ns          107153 1c0080ec 00555513 srli             x10, x10, 0x5       x10=00000000 x10:00000001
7239580ns          107154 1c0080ee 01f00613 addi             x12, x0, 31         x12=0000001f
7239998ns          107175 1c0080f0 00c50463 beq              x10, x12, 8         x10:00000000 x12:0000001f
7240037ns          107177 1c0080f4 fa1ff06f jal              x0, -96            
7240495ns          107200 1c008094 f3ff8117 auipc            x2, 0xf3ff8000       x2=10000094
7240535ns          107202 1c008098 f7010113 addi             x2, x2, -144         x2=10000004  x2:10000094
7240555ns          107203 1c00809c 00012103 lw               x2, 0(x2)            x2=10000008  x2:10000004  PA:10000004
7240992ns          107225 1c0080a0 000011b7 lui              x3, 0x1000           x3=00001000
7241032ns          107227 1c0080a4 80018193 addi             x3, x3, -2048        x3=00000800  x3:00001000
7241052ns          107228 1c0080a8 00158593 addi             x11, x11, 1         x11=00000002 x11:00000001
7241072ns          107229 1c0080ac 02b180b3 mul              x1, x3, x11          x1=00001000  x3:00000800 x11:00000002
7241509ns          107251 1c0080b0 00110133 add              x2, x2, x1           x2=10001008  x2:10000008  x1:00001000
7241549ns          107253 1c0080b4 4be0006f jal              x0, 1214           
7242007ns          107276 1c008572 ff010113 addi             x2, x2, -16          x2=10000ff8  x2:10001008
7242046ns          107278 1c008574 00112623 sw               x1, 12(x2)           x1:00001000  x2:10000ff8  PA:10001004
7242066ns          107279 1c008576 002047b7 lui              x15, 0x204000       x15=00204000
7242086ns          107280 1c00857a 00070737 lui              x14, 0x70000        x14=00070000
7242106ns          107281 1c00857e 00e7a423 sw               x14, 8(x15)         x14:00070000 x15:00204000  PA:00204008
7242544ns          107303 1c008580 00f00713 addi             x14, x0, 15         x14=0000000f
7242583ns          107305 1c008582 20078793 addi             x15, x15, 512       x15=00204200 x15:00204000
7242603ns          107306 1c008586 00e7a023 sw               x14, 0(x15)         x14:0000000f x15:00204200  PA:00204200
7242623ns          107307 1c00858a 00e7a623 sw               x14, 12(x15)        x14:0000000f x15:00204200  PA:0020420c
7243061ns          107329 1c00858e 1c0017b7 lui              x15, 0x1c001000     x15=1c001000
7243101ns          107331 1c008592 8547a783 lw               x15, -1964(x15)     x15=1c00813e x15:1c001000  PA:1c000854
7243439ns          107348 1c008596 000780e7 jalr             x1, x15, 0           x1=1c008598 x15:1c00813e
7244513ns          107402 1c00813e f14027f3 csrrs            x15, x0, 0xf14      x15=00000001
7244553ns          107404 1c008142 ca579733 p.extractu       x14, x15, 5, 5      x14=00000000 x15:00000001
7244573ns          107405 1c008146 04071c63 bne              x14, x0, 88         x14:00000000
7244592ns          107406 1c008148 f5010113 addi             x2, x2, -176         x2=10000f48  x2:10000ff8
7244612ns          107407 1c00814a 0a812423 sw               x8, 168(x2)          x8:xxxxxxxx  x2:10000f48  PA:10000ff0
7244632ns          107408 1c00814c 0a912223 sw               x9, 164(x2)          x9:xxxxxxxx  x2:10000f48  PA:10000fec
7244652ns          107409 1c00814e 0a112623 sw               x1, 172(x2)          x1:1c008598  x2:10000f48  PA:10000ff4
7245030ns          107428 1c008150 f457b4b3 p.bclr           x9, x15, 26, 5       x9=00000001 x15:00000001
7245070ns          107430 1c008154 06400437 lui              x8, 0x6400000        x8=06400000
7245090ns          107431 1c008158 52e000ef jal              x1, 1326             x1=1c00815a
7245587ns          107456 1c008686 f14027f3 csrrs            x15, x0, 0xf14      x15=00000001
7245607ns          107457 1c00868a 01f00713 addi             x14, x0, 31         x14=0000001f
7245627ns          107458 1c00868c ca5797b3 p.extractu       x15, x15, 5, 5      x15=00000000 x15:00000001
7246044ns          107479 1c008690 00e78863 beq              x15, x14, 16        x15:00000000 x14:0000001f
7246084ns          107481 1c008694 002047b7 lui              x15, 0x204000       x15=00204000
7246104ns          107482 1c008698 20078793 addi             x15, x15, 512       x15=00204200 x15:00204000
7246124ns          107483 1c00869c 01c7e703 p.elw            x14, 28(x15)        x14=00010000 x15:00204200  PA:0020421c
7246581ns          107506 1c0086a0 00008067 jalr             x0, x1, 0            x1:1c00815a
7246641ns          107509 1c00815a 00849793 slli             x15, x9, 0x8        x15=00000100  x9:00000001
7246661ns          107510 1c00815e 00940433 add              x8, x8, x9           x8=06400001  x8:06400000  x9:00000001
7247079ns          107531 1c008160 dead0537 lui              x10, 0xdead0000     x10=dead0000
7247119ns          107533 1c008164 00f56533 or               x10, x10, x15       x10=dead0100 x10:dead0000 x15:00000100
7247138ns          107534 1c008166 002006b3 add              x13, x0, x2         x13=10000f48  x2:10000f48
7247158ns          107535 1c008168 00241413 slli             x8, x8, 0x2          x8=19000004  x8:06400001
7247178ns          107536 1c00816a 00200633 add              x12, x0, x2         x12=10000f48  x2:10000f48
7247198ns          107537 1c00816c 00000713 addi             x14, x0, 0          x14=00000000
7247596ns          107557 1c00816e 028350fb lp.setupi        0x1, 0x28, 0x6     
7247636ns          107559 1c008172 00a765b3 or               x11, x14, x10       x11=dead0100 x14:00000000 x10:dead0100
7247656ns          107560 1c008176 00b6222b p.sw             x11, 4(x12!)        x12=10000f4c x11:dead0100 x12:10000f48  PA:10000f48
7247675ns          107561 1c00817a 00170713 addi             x14, x14, 1         x14=00000001 x14:00000000
7247715ns          107563 1c008172 00a765b3 or               x11, x14, x10       x11=dead0101 x14:00000001 x10:dead0100
7247735ns          107564 1c008176 00b6222b p.sw             x11, 4(x12!)        x12=10000f50 x11:dead0101 x12:10000f4c  PA:10000f4c
7247755ns          107565 1c00817a 00170713 addi             x14, x14, 1         x14=00000002 x14:00000001
7247795ns          107567 1c008172 00a765b3 or               x11, x14, x10       x11=dead0102 x14:00000002 x10:dead0100
7247815ns          107568 1c008176 00b6222b p.sw             x11, 4(x12!)        x12=10000f54 x11:dead0102 x12:10000f50  PA:10000f50
7247835ns          107569 1c00817a 00170713 addi             x14, x14, 1         x14=00000003 x14:00000002
7247874ns          107571 1c008172 00a765b3 or               x11, x14, x10       x11=dead0103 x14:00000003 x10:dead0100
7247894ns          107572 1c008176 00b6222b p.sw             x11, 4(x12!)        x12=10000f58 x11:dead0103 x12:10000f54  PA:10000f54
7247914ns          107573 1c00817a 00170713 addi             x14, x14, 1         x14=00000004 x14:00000003
7247954ns          107575 1c008172 00a765b3 or               x11, x14, x10       x11=dead0104 x14:00000004 x10:dead0100
7247974ns          107576 1c008176 00b6222b p.sw             x11, 4(x12!)        x12=10000f5c x11:dead0104 x12:10000f58  PA:10000f58
7247994ns          107577 1c00817a 00170713 addi             x14, x14, 1         x14=00000005 x14:00000004
7248034ns          107579 1c008172 00a765b3 or               x11, x14, x10       x11=dead0105 x14:00000005 x10:dead0100
7248053ns          107580 1c008176 00b6222b p.sw             x11, 4(x12!)        x12=10000f60 x11:dead0105 x12:10000f5c  PA:10000f5c
7248073ns          107581 1c00817a 00170713 addi             x14, x14, 1         x14=00000006 x14:00000005
7248113ns          107583 1c008172 00a765b3 or               x11, x14, x10       x11=dead0106 x14:00000006 x10:dead0100
7248133ns          107584 1c008176 00b6222b p.sw             x11, 4(x12!)        x12=10000f64 x11:dead0106 x12:10000f60  PA:10000f60
7248153ns          107585 1c00817a 00170713 addi             x14, x14, 1         x14=00000007 x14:00000006
7248193ns          107587 1c008172 00a765b3 or               x11, x14, x10       x11=dead0107 x14:00000007 x10:dead0100
7248213ns          107588 1c008176 00b6222b p.sw             x11, 4(x12!)        x12=10000f68 x11:dead0107 x12:10000f64  PA:10000f64
7248232ns          107589 1c00817a 00170713 addi             x14, x14, 1         x14=00000008 x14:00000007
7248272ns          107591 1c008172 00a765b3 or               x11, x14, x10       x11=dead0108 x14:00000008 x10:dead0100
7248292ns          107592 1c008176 00b6222b p.sw             x11, 4(x12!)        x12=10000f6c x11:dead0108 x12:10000f68  PA:10000f68
7248312ns          107593 1c00817a 00170713 addi             x14, x14, 1         x14=00000009 x14:00000008
7248352ns          107595 1c008172 00a765b3 or               x11, x14, x10       x11=dead0109 x14:00000009 x10:dead0100
7248372ns          107596 1c008176 00b6222b p.sw             x11, 4(x12!)        x12=10000f70 x11:dead0109 x12:10000f6c  PA:10000f6c
7248392ns          107597 1c00817a 00170713 addi             x14, x14, 1         x14=0000000a x14:00000009
7248431ns          107599 1c008172 00a765b3 or               x11, x14, x10       x11=dead010a x14:0000000a x10:dead0100
7248451ns          107600 1c008176 00b6222b p.sw             x11, 4(x12!)        x12=10000f74 x11:dead010a x12:10000f70  PA:10000f70
7248471ns          107601 1c00817a 00170713 addi             x14, x14, 1         x14=0000000b x14:0000000a
7248511ns          107603 1c008172 00a765b3 or               x11, x14, x10       x11=dead010b x14:0000000b x10:dead0100
7248531ns          107604 1c008176 00b6222b p.sw             x11, 4(x12!)        x12=10000f78 x11:dead010b x12:10000f74  PA:10000f74
7248551ns          107605 1c00817a 00170713 addi             x14, x14, 1         x14=0000000c x14:0000000b
7248590ns          107607 1c008172 00a765b3 or               x11, x14, x10       x11=dead010c x14:0000000c x10:dead0100
7248610ns          107608 1c008176 00b6222b p.sw             x11, 4(x12!)        x12=10000f7c x11:dead010c x12:10000f78  PA:10000f78
7248630ns          107609 1c00817a 00170713 addi             x14, x14, 1         x14=0000000d x14:0000000c
7248670ns          107611 1c008172 00a765b3 or               x11, x14, x10       x11=dead010d x14:0000000d x10:dead0100
7248690ns          107612 1c008176 00b6222b p.sw             x11, 4(x12!)        x12=10000f80 x11:dead010d x12:10000f7c  PA:10000f7c
7248710ns          107613 1c00817a 00170713 addi             x14, x14, 1         x14=0000000e x14:0000000d
7248750ns          107615 1c008172 00a765b3 or               x11, x14, x10       x11=dead010e x14:0000000e x10:dead0100
7248769ns          107616 1c008176 00b6222b p.sw             x11, 4(x12!)        x12=10000f84 x11:dead010e x12:10000f80  PA:10000f80
7248789ns          107617 1c00817a 00170713 addi             x14, x14, 1         x14=0000000f x14:0000000e
7248829ns          107619 1c008172 00a765b3 or               x11, x14, x10       x11=dead010f x14:0000000f x10:dead0100
7248849ns          107620 1c008176 00b6222b p.sw             x11, 4(x12!)        x12=10000f88 x11:dead010f x12:10000f84  PA:10000f84
7248869ns          107621 1c00817a 00170713 addi             x14, x14, 1         x14=00000010 x14:0000000f
7248909ns          107623 1c008172 00a765b3 or               x11, x14, x10       x11=dead0110 x14:00000010 x10:dead0100
7248929ns          107624 1c008176 00b6222b p.sw             x11, 4(x12!)        x12=10000f8c x11:dead0110 x12:10000f88  PA:10000f88
7248948ns          107625 1c00817a 00170713 addi             x14, x14, 1         x14=00000011 x14:00000010
7248988ns          107627 1c008172 00a765b3 or               x11, x14, x10       x11=dead0111 x14:00000011 x10:dead0100
7249008ns          107628 1c008176 00b6222b p.sw             x11, 4(x12!)        x12=10000f90 x11:dead0111 x12:10000f8c  PA:10000f8c
7249028ns          107629 1c00817a 00170713 addi             x14, x14, 1         x14=00000012 x14:00000011
7249068ns          107631 1c008172 00a765b3 or               x11, x14, x10       x11=dead0112 x14:00000012 x10:dead0100
7249088ns          107632 1c008176 00b6222b p.sw             x11, 4(x12!)        x12=10000f94 x11:dead0112 x12:10000f90  PA:10000f90
7249108ns          107633 1c00817a 00170713 addi             x14, x14, 1         x14=00000013 x14:00000012
7249147ns          107635 1c008172 00a765b3 or               x11, x14, x10       x11=dead0113 x14:00000013 x10:dead0100
7249167ns          107636 1c008176 00b6222b p.sw             x11, 4(x12!)        x12=10000f98 x11:dead0113 x12:10000f94  PA:10000f94
7249187ns          107637 1c00817a 00170713 addi             x14, x14, 1         x14=00000014 x14:00000013
7249227ns          107639 1c008172 00a765b3 or               x11, x14, x10       x11=dead0114 x14:00000014 x10:dead0100
7249247ns          107640 1c008176 00b6222b p.sw             x11, 4(x12!)        x12=10000f9c x11:dead0114 x12:10000f98  PA:10000f98
7249267ns          107641 1c00817a 00170713 addi             x14, x14, 1         x14=00000015 x14:00000014
7249307ns          107643 1c008172 00a765b3 or               x11, x14, x10       x11=dead0115 x14:00000015 x10:dead0100
7249326ns          107644 1c008176 00b6222b p.sw             x11, 4(x12!)        x12=10000fa0 x11:dead0115 x12:10000f9c  PA:10000f9c
7249346ns          107645 1c00817a 00170713 addi             x14, x14, 1         x14=00000016 x14:00000015
7249386ns          107647 1c008172 00a765b3 or               x11, x14, x10       x11=dead0116 x14:00000016 x10:dead0100
7249406ns          107648 1c008176 00b6222b p.sw             x11, 4(x12!)        x12=10000fa4 x11:dead0116 x12:10000fa0  PA:10000fa0
7249426ns          107649 1c00817a 00170713 addi             x14, x14, 1         x14=00000017 x14:00000016
7249466ns          107651 1c008172 00a765b3 or               x11, x14, x10       x11=dead0117 x14:00000017 x10:dead0100
7249486ns          107652 1c008176 00b6222b p.sw             x11, 4(x12!)        x12=10000fa8 x11:dead0117 x12:10000fa4  PA:10000fa4
7249505ns          107653 1c00817a 00170713 addi             x14, x14, 1         x14=00000018 x14:00000017
7249545ns          107655 1c008172 00a765b3 or               x11, x14, x10       x11=dead0118 x14:00000018 x10:dead0100
7249565ns          107656 1c008176 00b6222b p.sw             x11, 4(x12!)        x12=10000fac x11:dead0118 x12:10000fa8  PA:10000fa8
7249585ns          107657 1c00817a 00170713 addi             x14, x14, 1         x14=00000019 x14:00000018
7249625ns          107659 1c008172 00a765b3 or               x11, x14, x10       x11=dead0119 x14:00000019 x10:dead0100
7249645ns          107660 1c008176 00b6222b p.sw             x11, 4(x12!)        x12=10000fb0 x11:dead0119 x12:10000fac  PA:10000fac
7249665ns          107661 1c00817a 00170713 addi             x14, x14, 1         x14=0000001a x14:00000019
7249704ns          107663 1c008172 00a765b3 or               x11, x14, x10       x11=dead011a x14:0000001a x10:dead0100
7249724ns          107664 1c008176 00b6222b p.sw             x11, 4(x12!)        x12=10000fb4 x11:dead011a x12:10000fb0  PA:10000fb0
7249744ns          107665 1c00817a 00170713 addi             x14, x14, 1         x14=0000001b x14:0000001a
7249784ns          107667 1c008172 00a765b3 or               x11, x14, x10       x11=dead011b x14:0000001b x10:dead0100
7249804ns          107668 1c008176 00b6222b p.sw             x11, 4(x12!)        x12=10000fb8 x11:dead011b x12:10000fb4  PA:10000fb4
7249824ns          107669 1c00817a 00170713 addi             x14, x14, 1         x14=0000001c x14:0000001b
7249863ns          107671 1c008172 00a765b3 or               x11, x14, x10       x11=dead011c x14:0000001c x10:dead0100
7249883ns          107672 1c008176 00b6222b p.sw             x11, 4(x12!)        x12=10000fbc x11:dead011c x12:10000fb8  PA:10000fb8
7249903ns          107673 1c00817a 00170713 addi             x14, x14, 1         x14=0000001d x14:0000001c
7249943ns          107675 1c008172 00a765b3 or               x11, x14, x10       x11=dead011d x14:0000001d x10:dead0100
7249963ns          107676 1c008176 00b6222b p.sw             x11, 4(x12!)        x12=10000fc0 x11:dead011d x12:10000fbc  PA:10000fbc
7249983ns          107677 1c00817a 00170713 addi             x14, x14, 1         x14=0000001e x14:0000001d
7250023ns          107679 1c008172 00a765b3 or               x11, x14, x10       x11=dead011e x14:0000001e x10:dead0100
7250042ns          107680 1c008176 00b6222b p.sw             x11, 4(x12!)        x12=10000fc4 x11:dead011e x12:10000fc0  PA:10000fc0
7250062ns          107681 1c00817a 00170713 addi             x14, x14, 1         x14=0000001f x14:0000001e
7250102ns          107683 1c008172 00a765b3 or               x11, x14, x10       x11=dead011f x14:0000001f x10:dead0100
7250122ns          107684 1c008176 00b6222b p.sw             x11, 4(x12!)        x12=10000fc8 x11:dead011f x12:10000fc4  PA:10000fc4
7250142ns          107685 1c00817a 00170713 addi             x14, x14, 1         x14=00000020 x14:0000001f
7250182ns          107687 1c008172 00a765b3 or               x11, x14, x10       x11=dead0120 x14:00000020 x10:dead0100
7250202ns          107688 1c008176 00b6222b p.sw             x11, 4(x12!)        x12=10000fcc x11:dead0120 x12:10000fc8  PA:10000fc8
7250221ns          107689 1c00817a 00170713 addi             x14, x14, 1         x14=00000021 x14:00000020
7250261ns          107691 1c008172 00a765b3 or               x11, x14, x10       x11=dead0121 x14:00000021 x10:dead0100
7250281ns          107692 1c008176 00b6222b p.sw             x11, 4(x12!)        x12=10000fd0 x11:dead0121 x12:10000fcc  PA:10000fcc
7250301ns          107693 1c00817a 00170713 addi             x14, x14, 1         x14=00000022 x14:00000021
7250341ns          107695 1c008172 00a765b3 or               x11, x14, x10       x11=dead0122 x14:00000022 x10:dead0100
7250361ns          107696 1c008176 00b6222b p.sw             x11, 4(x12!)        x12=10000fd4 x11:dead0122 x12:10000fd0  PA:10000fd0
7250381ns          107697 1c00817a 00170713 addi             x14, x14, 1         x14=00000023 x14:00000022
7250420ns          107699 1c008172 00a765b3 or               x11, x14, x10       x11=dead0123 x14:00000023 x10:dead0100
7250440ns          107700 1c008176 00b6222b p.sw             x11, 4(x12!)        x12=10000fd8 x11:dead0123 x12:10000fd4  PA:10000fd4
7250460ns          107701 1c00817a 00170713 addi             x14, x14, 1         x14=00000024 x14:00000023
7250500ns          107703 1c008172 00a765b3 or               x11, x14, x10       x11=dead0124 x14:00000024 x10:dead0100
7250520ns          107704 1c008176 00b6222b p.sw             x11, 4(x12!)        x12=10000fdc x11:dead0124 x12:10000fd8  PA:10000fd8
7250540ns          107705 1c00817a 00170713 addi             x14, x14, 1         x14=00000025 x14:00000024
7250580ns          107707 1c008172 00a765b3 or               x11, x14, x10       x11=dead0125 x14:00000025 x10:dead0100
7250599ns          107708 1c008176 00b6222b p.sw             x11, 4(x12!)        x12=10000fe0 x11:dead0125 x12:10000fdc  PA:10000fdc
7250619ns          107709 1c00817a 00170713 addi             x14, x14, 1         x14=00000026 x14:00000025
7250659ns          107711 1c008172 00a765b3 or               x11, x14, x10       x11=dead0126 x14:00000026 x10:dead0100
7250679ns          107712 1c008176 00b6222b p.sw             x11, 4(x12!)        x12=10000fe4 x11:dead0126 x12:10000fe0  PA:10000fe0
7250699ns          107713 1c00817a 00170713 addi             x14, x14, 1         x14=00000027 x14:00000026
7250739ns          107715 1c008172 00a765b3 or               x11, x14, x10       x11=dead0127 x14:00000027 x10:dead0100
7250759ns          107716 1c008176 00b6222b p.sw             x11, 4(x12!)        x12=10000fe8 x11:dead0127 x12:10000fe4  PA:10000fe4
7250778ns          107717 1c00817a 00170713 addi             x14, x14, 1         x14=00000028 x14:00000027
7250798ns          107718 1c00817c 028250fb lp.setupi        0x1, 0x28, 0x4     
7251216ns          107739 1c008180 0046a70b p.lw             x14, 4(x13!)        x14=dead0100 x13=10000f4c x13:10000f48  PA:10000f48
7251256ns          107741 1c008184 00e42023 sw               x14, 0(x8)          x14:dead0100  x8:19000004  PA:19000004
7251276ns          107742 1c008180 0046a70b p.lw             x14, 4(x13!)        x14=dead0101 x13=10000f50 x13:10000f4c  PA:10000f4c
7251315ns          107744 1c008184 00e42023 sw               x14, 0(x8)          x14:dead0101  x8:19000004  PA:19000004
7251335ns          107745 1c008180 0046a70b p.lw             x14, 4(x13!)        x14=dead0102 x13=10000f54 x13:10000f50  PA:10000f50
7251375ns          107747 1c008184 00e42023 sw               x14, 0(x8)          x14:dead0102  x8:19000004  PA:19000004
7251395ns          107748 1c008180 0046a70b p.lw             x14, 4(x13!)        x14=dead0103 x13=10000f58 x13:10000f54  PA:10000f54
7251435ns          107750 1c008184 00e42023 sw               x14, 0(x8)          x14:dead0103  x8:19000004  PA:19000004
7251455ns          107751 1c008180 0046a70b p.lw             x14, 4(x13!)        x14=dead0104 x13=10000f5c x13:10000f58  PA:10000f58
7251495ns          107753 1c008184 00e42023 sw               x14, 0(x8)          x14:dead0104  x8:19000004  PA:19000004
7251514ns          107754 1c008180 0046a70b p.lw             x14, 4(x13!)        x14=dead0105 x13=10000f60 x13:10000f5c  PA:10000f5c
7251554ns          107756 1c008184 00e42023 sw               x14, 0(x8)          x14:dead0105  x8:19000004  PA:19000004
7251574ns          107757 1c008180 0046a70b p.lw             x14, 4(x13!)        x14=dead0106 x13=10000f64 x13:10000f60  PA:10000f60
7251614ns          107759 1c008184 00e42023 sw               x14, 0(x8)          x14:dead0106  x8:19000004  PA:19000004
7251634ns          107760 1c008180 0046a70b p.lw             x14, 4(x13!)        x14=dead0107 x13=10000f68 x13:10000f64  PA:10000f64
7251674ns          107762 1c008184 00e42023 sw               x14, 0(x8)          x14:dead0107  x8:19000004  PA:19000004
7251693ns          107763 1c008180 0046a70b p.lw             x14, 4(x13!)        x14=dead0108 x13=10000f6c x13:10000f68  PA:10000f68
7251733ns          107765 1c008184 00e42023 sw               x14, 0(x8)          x14:dead0108  x8:19000004  PA:19000004
7251753ns          107766 1c008180 0046a70b p.lw             x14, 4(x13!)        x14=dead0109 x13=10000f70 x13:10000f6c  PA:10000f6c
7251793ns          107768 1c008184 00e42023 sw               x14, 0(x8)          x14:dead0109  x8:19000004  PA:19000004
7251813ns          107769 1c008180 0046a70b p.lw             x14, 4(x13!)        x14=dead010a x13=10000f74 x13:10000f70  PA:10000f70
7251853ns          107771 1c008184 00e42023 sw               x14, 0(x8)          x14:dead010a  x8:19000004  PA:19000004
7251872ns          107772 1c008180 0046a70b p.lw             x14, 4(x13!)        x14=dead010b x13=10000f78 x13:10000f74  PA:10000f74
7251912ns          107774 1c008184 00e42023 sw               x14, 0(x8)          x14:dead010b  x8:19000004  PA:19000004
7251932ns          107775 1c008180 0046a70b p.lw             x14, 4(x13!)        x14=dead010c x13=10000f7c x13:10000f78  PA:10000f78
7251972ns          107777 1c008184 00e42023 sw               x14, 0(x8)          x14:dead010c  x8:19000004  PA:19000004
7251992ns          107778 1c008180 0046a70b p.lw             x14, 4(x13!)        x14=dead010d x13=10000f80 x13:10000f7c  PA:10000f7c
7252032ns          107780 1c008184 00e42023 sw               x14, 0(x8)          x14:dead010d  x8:19000004  PA:19000004
7252051ns          107781 1c008180 0046a70b p.lw             x14, 4(x13!)        x14=dead010e x13=10000f84 x13:10000f80  PA:10000f80
7252091ns          107783 1c008184 00e42023 sw               x14, 0(x8)          x14:dead010e  x8:19000004  PA:19000004
7252111ns          107784 1c008180 0046a70b p.lw             x14, 4(x13!)        x14=dead010f x13=10000f88 x13:10000f84  PA:10000f84
7252151ns          107786 1c008184 00e42023 sw               x14, 0(x8)          x14:dead010f  x8:19000004  PA:19000004
7252171ns          107787 1c008180 0046a70b p.lw             x14, 4(x13!)        x14=dead0110 x13=10000f8c x13:10000f88  PA:10000f88
7252211ns          107789 1c008184 00e42023 sw               x14, 0(x8)          x14:dead0110  x8:19000004  PA:19000004
7252230ns          107790 1c008180 0046a70b p.lw             x14, 4(x13!)        x14=dead0111 x13=10000f90 x13:10000f8c  PA:10000f8c
7252270ns          107792 1c008184 00e42023 sw               x14, 0(x8)          x14:dead0111  x8:19000004  PA:19000004
7252290ns          107793 1c008180 0046a70b p.lw             x14, 4(x13!)        x14=dead0112 x13=10000f94 x13:10000f90  PA:10000f90
7252330ns          107795 1c008184 00e42023 sw               x14, 0(x8)          x14:dead0112  x8:19000004  PA:19000004
7252350ns          107796 1c008180 0046a70b p.lw             x14, 4(x13!)        x14=dead0113 x13=10000f98 x13:10000f94  PA:10000f94
7252390ns          107798 1c008184 00e42023 sw               x14, 0(x8)          x14:dead0113  x8:19000004  PA:19000004
7252409ns          107799 1c008180 0046a70b p.lw             x14, 4(x13!)        x14=dead0114 x13=10000f9c x13:10000f98  PA:10000f98
7252449ns          107801 1c008184 00e42023 sw               x14, 0(x8)          x14:dead0114  x8:19000004  PA:19000004
7252469ns          107802 1c008180 0046a70b p.lw             x14, 4(x13!)        x14=dead0115 x13=10000fa0 x13:10000f9c  PA:10000f9c
7252509ns          107804 1c008184 00e42023 sw               x14, 0(x8)          x14:dead0115  x8:19000004  PA:19000004
7252529ns          107805 1c008180 0046a70b p.lw             x14, 4(x13!)        x14=dead0116 x13=10000fa4 x13:10000fa0  PA:10000fa0
7252569ns          107807 1c008184 00e42023 sw               x14, 0(x8)          x14:dead0116  x8:19000004  PA:19000004
7252588ns          107808 1c008180 0046a70b p.lw             x14, 4(x13!)        x14=dead0117 x13=10000fa8 x13:10000fa4  PA:10000fa4
7252628ns          107810 1c008184 00e42023 sw               x14, 0(x8)          x14:dead0117  x8:19000004  PA:19000004
7252648ns          107811 1c008180 0046a70b p.lw             x14, 4(x13!)        x14=dead0118 x13=10000fac x13:10000fa8  PA:10000fa8
7252688ns          107813 1c008184 00e42023 sw               x14, 0(x8)          x14:dead0118  x8:19000004  PA:19000004
7252708ns          107814 1c008180 0046a70b p.lw             x14, 4(x13!)        x14=dead0119 x13=10000fb0 x13:10000fac  PA:10000fac
7252748ns          107816 1c008184 00e42023 sw               x14, 0(x8)          x14:dead0119  x8:19000004  PA:19000004
7252768ns          107817 1c008180 0046a70b p.lw             x14, 4(x13!)        x14=dead011a x13=10000fb4 x13:10000fb0  PA:10000fb0
7252807ns          107819 1c008184 00e42023 sw               x14, 0(x8)          x14:dead011a  x8:19000004  PA:19000004
7252827ns          107820 1c008180 0046a70b p.lw             x14, 4(x13!)        x14=dead011b x13=10000fb8 x13:10000fb4  PA:10000fb4
7252867ns          107822 1c008184 00e42023 sw               x14, 0(x8)          x14:dead011b  x8:19000004  PA:19000004
7252887ns          107823 1c008180 0046a70b p.lw             x14, 4(x13!)        x14=dead011c x13=10000fbc x13:10000fb8  PA:10000fb8
7252927ns          107825 1c008184 00e42023 sw               x14, 0(x8)          x14:dead011c  x8:19000004  PA:19000004
7252947ns          107826 1c008180 0046a70b p.lw             x14, 4(x13!)        x14=dead011d x13=10000fc0 x13:10000fbc  PA:10000fbc
7252986ns          107828 1c008184 00e42023 sw               x14, 0(x8)          x14:dead011d  x8:19000004  PA:19000004
7253006ns          107829 1c008180 0046a70b p.lw             x14, 4(x13!)        x14=dead011e x13=10000fc4 x13:10000fc0  PA:10000fc0
7253046ns          107831 1c008184 00e42023 sw               x14, 0(x8)          x14:dead011e  x8:19000004  PA:19000004
7253066ns          107832 1c008180 0046a70b p.lw             x14, 4(x13!)        x14=dead011f x13=10000fc8 x13:10000fc4  PA:10000fc4
7253106ns          107834 1c008184 00e42023 sw               x14, 0(x8)          x14:dead011f  x8:19000004  PA:19000004
7253126ns          107835 1c008180 0046a70b p.lw             x14, 4(x13!)        x14=dead0120 x13=10000fcc x13:10000fc8  PA:10000fc8
7253165ns          107837 1c008184 00e42023 sw               x14, 0(x8)          x14:dead0120  x8:19000004  PA:19000004
7253185ns          107838 1c008180 0046a70b p.lw             x14, 4(x13!)        x14=dead0121 x13=10000fd0 x13:10000fcc  PA:10000fcc
7253225ns          107840 1c008184 00e42023 sw               x14, 0(x8)          x14:dead0121  x8:19000004  PA:19000004
7253245ns          107841 1c008180 0046a70b p.lw             x14, 4(x13!)        x14=dead0122 x13=10000fd4 x13:10000fd0  PA:10000fd0
7253285ns          107843 1c008184 00e42023 sw               x14, 0(x8)          x14:dead0122  x8:19000004  PA:19000004
7253305ns          107844 1c008180 0046a70b p.lw             x14, 4(x13!)        x14=dead0123 x13=10000fd8 x13:10000fd4  PA:10000fd4
7253344ns          107846 1c008184 00e42023 sw               x14, 0(x8)          x14:dead0123  x8:19000004  PA:19000004
7253364ns          107847 1c008180 0046a70b p.lw             x14, 4(x13!)        x14=dead0124 x13=10000fdc x13:10000fd8  PA:10000fd8
7253404ns          107849 1c008184 00e42023 sw               x14, 0(x8)          x14:dead0124  x8:19000004  PA:19000004
7253424ns          107850 1c008180 0046a70b p.lw             x14, 4(x13!)        x14=dead0125 x13=10000fe0 x13:10000fdc  PA:10000fdc
7253464ns          107852 1c008184 00e42023 sw               x14, 0(x8)          x14:dead0125  x8:19000004  PA:19000004
7253484ns          107853 1c008180 0046a70b p.lw             x14, 4(x13!)        x14=dead0126 x13=10000fe4 x13:10000fe0  PA:10000fe0
7253523ns          107855 1c008184 00e42023 sw               x14, 0(x8)          x14:dead0126  x8:19000004  PA:19000004
7253543ns          107856 1c008180 0046a70b p.lw             x14, 4(x13!)        x14=dead0127 x13=10000fe8 x13:10000fe4  PA:10000fe4
7253583ns          107858 1c008184 00e42023 sw               x14, 0(x8)          x14:dead0127  x8:19000004  PA:19000004
7253603ns          107859 1c008186 500000ef jal              x1, 1280             x1=1c008188
7254080ns          107883 1c008686 f14027f3 csrrs            x15, x0, 0xf14      x15=00000001
7254100ns          107884 1c00868a 01f00713 addi             x14, x0, 31         x14=0000001f
7254120ns          107885 1c00868c ca5797b3 p.extractu       x15, x15, 5, 5      x15=00000000 x15:00000001
7254140ns          107886 1c008690 00e78863 beq              x15, x14, 16        x15:00000000 x14:0000001f
7254160ns          107887 1c008694 002047b7 lui              x15, 0x204000       x15=00204000
7254180ns          107888 1c008698 20078793 addi             x15, x15, 512       x15=00204200 x15:00204000
7254200ns          107889 1c00869c 01c7e703 p.elw            x14, 28(x15)        x14=00010000 x15:00204200  PA:0020421c
7254379ns          107898 1c0086a0 00008067 jalr             x0, x1, 0            x1:1c008188
7254418ns          107900 1c008188 0281d0fb lp.setupi        0x1, 0x28, 0x3     
