                Time          Cycles PC       Instr    Mnemonic
7239103ns          107130 1c008080 0640006f jal              x0, 100            
7239560ns          107153 1c0080e4 f1402573 csrrs            x10, x0, 0xf14      x10=00000003
7239600ns          107155 1c0080e8 01f57593 andi             x11, x10, 31        x11=00000003 x10:00000003
7239620ns          107156 1c0080ec 00555513 srli             x10, x10, 0x5       x10=00000000 x10:00000003
7239640ns          107157 1c0080ee 01f00613 addi             x12, x0, 31         x12=0000001f
7240057ns          107178 1c0080f0 00c50463 beq              x10, x12, 8         x10:00000000 x12:0000001f
7240097ns          107180 1c0080f4 fa1ff06f jal              x0, -96            
7240555ns          107203 1c008094 f3ff8117 auipc            x2, 0xf3ff8000       x2=10000094
7240594ns          107205 1c008098 f7010113 addi             x2, x2, -144         x2=10000004  x2:10000094
7240614ns          107206 1c00809c 00012103 lw               x2, 0(x2)            x2=10000008  x2:10000004  PA:10000004
7241052ns          107228 1c0080a0 000011b7 lui              x3, 0x1000           x3=00001000
7241092ns          107230 1c0080a4 80018193 addi             x3, x3, -2048        x3=00000800  x3:00001000
7241112ns          107231 1c0080a8 00158593 addi             x11, x11, 1         x11=00000004 x11:00000003
7241131ns          107232 1c0080ac 02b180b3 mul              x1, x3, x11          x1=00002000  x3:00000800 x11:00000004
7241569ns          107254 1c0080b0 00110133 add              x2, x2, x1           x2=10002008  x2:10000008  x1:00002000
7241609ns          107256 1c0080b4 4be0006f jal              x0, 1214           
7242066ns          107279 1c008572 ff010113 addi             x2, x2, -16          x2=10001ff8  x2:10002008
7242106ns          107281 1c008574 00112623 sw               x1, 12(x2)           x1:00002000  x2:10001ff8  PA:10002004
7242126ns          107282 1c008576 002047b7 lui              x15, 0x204000       x15=00204000
7242146ns          107283 1c00857a 00070737 lui              x14, 0x70000        x14=00070000
7242166ns          107284 1c00857e 00e7a423 sw               x14, 8(x15)         x14:00070000 x15:00204000  PA:00204008
7242603ns          107306 1c008580 00f00713 addi             x14, x0, 15         x14=0000000f
7242643ns          107308 1c008582 20078793 addi             x15, x15, 512       x15=00204200 x15:00204000
7242663ns          107309 1c008586 00e7a023 sw               x14, 0(x15)         x14:0000000f x15:00204200  PA:00204200
7242703ns          107311 1c00858a 00e7a623 sw               x14, 12(x15)        x14:0000000f x15:00204200  PA:0020420c
7243121ns          107332 1c00858e 1c0017b7 lui              x15, 0x1c001000     x15=1c001000
7243160ns          107334 1c008592 8547a783 lw               x15, -1964(x15)     x15=1c00813e x15:1c001000  PA:1c000854
7243618ns          107357 1c008596 000780e7 jalr             x1, x15, 0           x1=1c008598 x15:1c00813e
7244573ns          107405 1c00813e f14027f3 csrrs            x15, x0, 0xf14      x15=00000003
7244612ns          107407 1c008142 ca579733 p.extractu       x14, x15, 5, 5      x14=00000000 x15:00000003
7244632ns          107408 1c008146 04071c63 bne              x14, x0, 88         x14:00000000
7244652ns          107409 1c008148 f5010113 addi             x2, x2, -176         x2=10001f48  x2:10001ff8
7244672ns          107410 1c00814a 0a812423 sw               x8, 168(x2)          x8:xxxxxxxx  x2:10001f48  PA:10001ff0
7244692ns          107411 1c00814c 0a912223 sw               x9, 164(x2)          x9:xxxxxxxx  x2:10001f48  PA:10001fec
7244712ns          107412 1c00814e 0a112623 sw               x1, 172(x2)          x1:1c008598  x2:10001f48  PA:10001ff4
7245090ns          107431 1c008150 f457b4b3 p.bclr           x9, x15, 26, 5       x9=00000003 x15:00000003
7245129ns          107433 1c008154 06400437 lui              x8, 0x6400000        x8=06400000
7245149ns          107434 1c008158 52e000ef jal              x1, 1326             x1=1c00815a
7245647ns          107459 1c008686 f14027f3 csrrs            x15, x0, 0xf14      x15=00000003
7245667ns          107460 1c00868a 01f00713 addi             x14, x0, 31         x14=0000001f
7245686ns          107461 1c00868c ca5797b3 p.extractu       x15, x15, 5, 5      x15=00000000 x15:00000003
7246104ns          107482 1c008690 00e78863 beq              x15, x14, 16        x15:00000000 x14:0000001f
7246144ns          107484 1c008694 002047b7 lui              x15, 0x204000       x15=00204000
7246164ns          107485 1c008698 20078793 addi             x15, x15, 512       x15=00204200 x15:00204000
7246184ns          107486 1c00869c 01c7e703 p.elw            x14, 28(x15)        x14=00010000 x15:00204200  PA:0020421c
7246641ns          107509 1c0086a0 00008067 jalr             x0, x1, 0            x1:1c00815a
7246701ns          107512 1c00815a 00849793 slli             x15, x9, 0x8        x15=00000300  x9:00000003
7246721ns          107513 1c00815e 00940433 add              x8, x8, x9           x8=06400003  x8:06400000  x9:00000003
7247138ns          107534 1c008160 dead0537 lui              x10, 0xdead0000     x10=dead0000
7247178ns          107536 1c008164 00f56533 or               x10, x10, x15       x10=dead0300 x10:dead0000 x15:00000300
7247198ns          107537 1c008166 002006b3 add              x13, x0, x2         x13=10001f48  x2:10001f48
7247218ns          107538 1c008168 00241413 slli             x8, x8, 0x2          x8=1900000c  x8:06400003
7247238ns          107539 1c00816a 00200633 add              x12, x0, x2         x12=10001f48  x2:10001f48
7247258ns          107540 1c00816c 00000713 addi             x14, x0, 0          x14=00000000
7247656ns          107560 1c00816e 028350fb lp.setupi        0x1, 0x28, 0x6     
7247695ns          107562 1c008172 00a765b3 or               x11, x14, x10       x11=dead0300 x14:00000000 x10:dead0300
7247715ns          107563 1c008176 00b6222b p.sw             x11, 4(x12!)        x12=10001f4c x11:dead0300 x12:10001f48  PA:10001f48
7247735ns          107564 1c00817a 00170713 addi             x14, x14, 1         x14=00000001 x14:00000000
7247775ns          107566 1c008172 00a765b3 or               x11, x14, x10       x11=dead0301 x14:00000001 x10:dead0300
7247795ns          107567 1c008176 00b6222b p.sw             x11, 4(x12!)        x12=10001f50 x11:dead0301 x12:10001f4c  PA:10001f4c
7247815ns          107568 1c00817a 00170713 addi             x14, x14, 1         x14=00000002 x14:00000001
7247855ns          107570 1c008172 00a765b3 or               x11, x14, x10       x11=dead0302 x14:00000002 x10:dead0300
7247874ns          107571 1c008176 00b6222b p.sw             x11, 4(x12!)        x12=10001f54 x11:dead0302 x12:10001f50  PA:10001f50
7247894ns          107572 1c00817a 00170713 addi             x14, x14, 1         x14=00000003 x14:00000002
7247934ns          107574 1c008172 00a765b3 or               x11, x14, x10       x11=dead0303 x14:00000003 x10:dead0300
7247954ns          107575 1c008176 00b6222b p.sw             x11, 4(x12!)        x12=10001f58 x11:dead0303 x12:10001f54  PA:10001f54
7247974ns          107576 1c00817a 00170713 addi             x14, x14, 1         x14=00000004 x14:00000003
7248014ns          107578 1c008172 00a765b3 or               x11, x14, x10       x11=dead0304 x14:00000004 x10:dead0300
7248034ns          107579 1c008176 00b6222b p.sw             x11, 4(x12!)        x12=10001f5c x11:dead0304 x12:10001f58  PA:10001f58
7248053ns          107580 1c00817a 00170713 addi             x14, x14, 1         x14=00000005 x14:00000004
7248093ns          107582 1c008172 00a765b3 or               x11, x14, x10       x11=dead0305 x14:00000005 x10:dead0300
7248113ns          107583 1c008176 00b6222b p.sw             x11, 4(x12!)        x12=10001f60 x11:dead0305 x12:10001f5c  PA:10001f5c
7248133ns          107584 1c00817a 00170713 addi             x14, x14, 1         x14=00000006 x14:00000005
7248173ns          107586 1c008172 00a765b3 or               x11, x14, x10       x11=dead0306 x14:00000006 x10:dead0300
7248193ns          107587 1c008176 00b6222b p.sw             x11, 4(x12!)        x12=10001f64 x11:dead0306 x12:10001f60  PA:10001f60
7248213ns          107588 1c00817a 00170713 addi             x14, x14, 1         x14=00000007 x14:00000006
7248252ns          107590 1c008172 00a765b3 or               x11, x14, x10       x11=dead0307 x14:00000007 x10:dead0300
7248272ns          107591 1c008176 00b6222b p.sw             x11, 4(x12!)        x12=10001f68 x11:dead0307 x12:10001f64  PA:10001f64
7248292ns          107592 1c00817a 00170713 addi             x14, x14, 1         x14=00000008 x14:00000007
7248332ns          107594 1c008172 00a765b3 or               x11, x14, x10       x11=dead0308 x14:00000008 x10:dead0300
7248352ns          107595 1c008176 00b6222b p.sw             x11, 4(x12!)        x12=10001f6c x11:dead0308 x12:10001f68  PA:10001f68
7248372ns          107596 1c00817a 00170713 addi             x14, x14, 1         x14=00000009 x14:00000008
7248411ns          107598 1c008172 00a765b3 or               x11, x14, x10       x11=dead0309 x14:00000009 x10:dead0300
7248431ns          107599 1c008176 00b6222b p.sw             x11, 4(x12!)        x12=10001f70 x11:dead0309 x12:10001f6c  PA:10001f6c
7248451ns          107600 1c00817a 00170713 addi             x14, x14, 1         x14=0000000a x14:00000009
7248491ns          107602 1c008172 00a765b3 or               x11, x14, x10       x11=dead030a x14:0000000a x10:dead0300
7248511ns          107603 1c008176 00b6222b p.sw             x11, 4(x12!)        x12=10001f74 x11:dead030a x12:10001f70  PA:10001f70
7248531ns          107604 1c00817a 00170713 addi             x14, x14, 1         x14=0000000b x14:0000000a
7248571ns          107606 1c008172 00a765b3 or               x11, x14, x10       x11=dead030b x14:0000000b x10:dead0300
7248590ns          107607 1c008176 00b6222b p.sw             x11, 4(x12!)        x12=10001f78 x11:dead030b x12:10001f74  PA:10001f74
7248610ns          107608 1c00817a 00170713 addi             x14, x14, 1         x14=0000000c x14:0000000b
7248650ns          107610 1c008172 00a765b3 or               x11, x14, x10       x11=dead030c x14:0000000c x10:dead0300
7248670ns          107611 1c008176 00b6222b p.sw             x11, 4(x12!)        x12=10001f7c x11:dead030c x12:10001f78  PA:10001f78
7248690ns          107612 1c00817a 00170713 addi             x14, x14, 1         x14=0000000d x14:0000000c
7248730ns          107614 1c008172 00a765b3 or               x11, x14, x10       x11=dead030d x14:0000000d x10:dead0300
7248750ns          107615 1c008176 00b6222b p.sw             x11, 4(x12!)        x12=10001f80 x11:dead030d x12:10001f7c  PA:10001f7c
7248769ns          107616 1c00817a 00170713 addi             x14, x14, 1         x14=0000000e x14:0000000d
7248809ns          107618 1c008172 00a765b3 or               x11, x14, x10       x11=dead030e x14:0000000e x10:dead0300
7248829ns          107619 1c008176 00b6222b p.sw             x11, 4(x12!)        x12=10001f84 x11:dead030e x12:10001f80  PA:10001f80
7248849ns          107620 1c00817a 00170713 addi             x14, x14, 1         x14=0000000f x14:0000000e
7248889ns          107622 1c008172 00a765b3 or               x11, x14, x10       x11=dead030f x14:0000000f x10:dead0300
7248909ns          107623 1c008176 00b6222b p.sw             x11, 4(x12!)        x12=10001f88 x11:dead030f x12:10001f84  PA:10001f84
7248929ns          107624 1c00817a 00170713 addi             x14, x14, 1         x14=00000010 x14:0000000f
7248968ns          107626 1c008172 00a765b3 or               x11, x14, x10       x11=dead0310 x14:00000010 x10:dead0300
7248988ns          107627 1c008176 00b6222b p.sw             x11, 4(x12!)        x12=10001f8c x11:dead0310 x12:10001f88  PA:10001f88
7249008ns          107628 1c00817a 00170713 addi             x14, x14, 1         x14=00000011 x14:00000010
7249048ns          107630 1c008172 00a765b3 or               x11, x14, x10       x11=dead0311 x14:00000011 x10:dead0300
7249068ns          107631 1c008176 00b6222b p.sw             x11, 4(x12!)        x12=10001f90 x11:dead0311 x12:10001f8c  PA:10001f8c
7249088ns          107632 1c00817a 00170713 addi             x14, x14, 1         x14=00000012 x14:00000011
7249128ns          107634 1c008172 00a765b3 or               x11, x14, x10       x11=dead0312 x14:00000012 x10:dead0300
7249147ns          107635 1c008176 00b6222b p.sw             x11, 4(x12!)        x12=10001f94 x11:dead0312 x12:10001f90  PA:10001f90
7249167ns          107636 1c00817a 00170713 addi             x14, x14, 1         x14=00000013 x14:00000012
7249207ns          107638 1c008172 00a765b3 or               x11, x14, x10       x11=dead0313 x14:00000013 x10:dead0300
7249227ns          107639 1c008176 00b6222b p.sw             x11, 4(x12!)        x12=10001f98 x11:dead0313 x12:10001f94  PA:10001f94
7249247ns          107640 1c00817a 00170713 addi             x14, x14, 1         x14=00000014 x14:00000013
7249287ns          107642 1c008172 00a765b3 or               x11, x14, x10       x11=dead0314 x14:00000014 x10:dead0300
7249307ns          107643 1c008176 00b6222b p.sw             x11, 4(x12!)        x12=10001f9c x11:dead0314 x12:10001f98  PA:10001f98
7249326ns          107644 1c00817a 00170713 addi             x14, x14, 1         x14=00000015 x14:00000014
7249366ns          107646 1c008172 00a765b3 or               x11, x14, x10       x11=dead0315 x14:00000015 x10:dead0300
7249386ns          107647 1c008176 00b6222b p.sw             x11, 4(x12!)        x12=10001fa0 x11:dead0315 x12:10001f9c  PA:10001f9c
7249406ns          107648 1c00817a 00170713 addi             x14, x14, 1         x14=00000016 x14:00000015
7249446ns          107650 1c008172 00a765b3 or               x11, x14, x10       x11=dead0316 x14:00000016 x10:dead0300
7249466ns          107651 1c008176 00b6222b p.sw             x11, 4(x12!)        x12=10001fa4 x11:dead0316 x12:10001fa0  PA:10001fa0
7249486ns          107652 1c00817a 00170713 addi             x14, x14, 1         x14=00000017 x14:00000016
7249525ns          107654 1c008172 00a765b3 or               x11, x14, x10       x11=dead0317 x14:00000017 x10:dead0300
7249545ns          107655 1c008176 00b6222b p.sw             x11, 4(x12!)        x12=10001fa8 x11:dead0317 x12:10001fa4  PA:10001fa4
7249565ns          107656 1c00817a 00170713 addi             x14, x14, 1         x14=00000018 x14:00000017
7249605ns          107658 1c008172 00a765b3 or               x11, x14, x10       x11=dead0318 x14:00000018 x10:dead0300
7249625ns          107659 1c008176 00b6222b p.sw             x11, 4(x12!)        x12=10001fac x11:dead0318 x12:10001fa8  PA:10001fa8
7249645ns          107660 1c00817a 00170713 addi             x14, x14, 1         x14=00000019 x14:00000018
7249684ns          107662 1c008172 00a765b3 or               x11, x14, x10       x11=dead0319 x14:00000019 x10:dead0300
7249704ns          107663 1c008176 00b6222b p.sw             x11, 4(x12!)        x12=10001fb0 x11:dead0319 x12:10001fac  PA:10001fac
7249724ns          107664 1c00817a 00170713 addi             x14, x14, 1         x14=0000001a x14:00000019
7249764ns          107666 1c008172 00a765b3 or               x11, x14, x10       x11=dead031a x14:0000001a x10:dead0300
7249784ns          107667 1c008176 00b6222b p.sw             x11, 4(x12!)        x12=10001fb4 x11:dead031a x12:10001fb0  PA:10001fb0
7249804ns          107668 1c00817a 00170713 addi             x14, x14, 1         x14=0000001b x14:0000001a
7249844ns          107670 1c008172 00a765b3 or               x11, x14, x10       x11=dead031b x14:0000001b x10:dead0300
7249863ns          107671 1c008176 00b6222b p.sw             x11, 4(x12!)        x12=10001fb8 x11:dead031b x12:10001fb4  PA:10001fb4
7249883ns          107672 1c00817a 00170713 addi             x14, x14, 1         x14=0000001c x14:0000001b
7249923ns          107674 1c008172 00a765b3 or               x11, x14, x10       x11=dead031c x14:0000001c x10:dead0300
7249943ns          107675 1c008176 00b6222b p.sw             x11, 4(x12!)        x12=10001fbc x11:dead031c x12:10001fb8  PA:10001fb8
7249963ns          107676 1c00817a 00170713 addi             x14, x14, 1         x14=0000001d x14:0000001c
7250003ns          107678 1c008172 00a765b3 or               x11, x14, x10       x11=dead031d x14:0000001d x10:dead0300
7250023ns          107679 1c008176 00b6222b p.sw             x11, 4(x12!)        x12=10001fc0 x11:dead031d x12:10001fbc  PA:10001fbc
7250042ns          107680 1c00817a 00170713 addi             x14, x14, 1         x14=0000001e x14:0000001d
7250082ns          107682 1c008172 00a765b3 or               x11, x14, x10       x11=dead031e x14:0000001e x10:dead0300
7250102ns          107683 1c008176 00b6222b p.sw             x11, 4(x12!)        x12=10001fc4 x11:dead031e x12:10001fc0  PA:10001fc0
7250122ns          107684 1c00817a 00170713 addi             x14, x14, 1         x14=0000001f x14:0000001e
7250162ns          107686 1c008172 00a765b3 or               x11, x14, x10       x11=dead031f x14:0000001f x10:dead0300
7250182ns          107687 1c008176 00b6222b p.sw             x11, 4(x12!)        x12=10001fc8 x11:dead031f x12:10001fc4  PA:10001fc4
7250202ns          107688 1c00817a 00170713 addi             x14, x14, 1         x14=00000020 x14:0000001f
7250241ns          107690 1c008172 00a765b3 or               x11, x14, x10       x11=dead0320 x14:00000020 x10:dead0300
7250261ns          107691 1c008176 00b6222b p.sw             x11, 4(x12!)        x12=10001fcc x11:dead0320 x12:10001fc8  PA:10001fc8
7250281ns          107692 1c00817a 00170713 addi             x14, x14, 1         x14=00000021 x14:00000020
7250321ns          107694 1c008172 00a765b3 or               x11, x14, x10       x11=dead0321 x14:00000021 x10:dead0300
7250341ns          107695 1c008176 00b6222b p.sw             x11, 4(x12!)        x12=10001fd0 x11:dead0321 x12:10001fcc  PA:10001fcc
7250361ns          107696 1c00817a 00170713 addi             x14, x14, 1         x14=00000022 x14:00000021
7250401ns          107698 1c008172 00a765b3 or               x11, x14, x10       x11=dead0322 x14:00000022 x10:dead0300
7250420ns          107699 1c008176 00b6222b p.sw             x11, 4(x12!)        x12=10001fd4 x11:dead0322 x12:10001fd0  PA:10001fd0
7250440ns          107700 1c00817a 00170713 addi             x14, x14, 1         x14=00000023 x14:00000022
7250480ns          107702 1c008172 00a765b3 or               x11, x14, x10       x11=dead0323 x14:00000023 x10:dead0300
7250500ns          107703 1c008176 00b6222b p.sw             x11, 4(x12!)        x12=10001fd8 x11:dead0323 x12:10001fd4  PA:10001fd4
7250520ns          107704 1c00817a 00170713 addi             x14, x14, 1         x14=00000024 x14:00000023
7250560ns          107706 1c008172 00a765b3 or               x11, x14, x10       x11=dead0324 x14:00000024 x10:dead0300
7250580ns          107707 1c008176 00b6222b p.sw             x11, 4(x12!)        x12=10001fdc x11:dead0324 x12:10001fd8  PA:10001fd8
7250599ns          107708 1c00817a 00170713 addi             x14, x14, 1         x14=00000025 x14:00000024
7250639ns          107710 1c008172 00a765b3 or               x11, x14, x10       x11=dead0325 x14:00000025 x10:dead0300
7250659ns          107711 1c008176 00b6222b p.sw             x11, 4(x12!)        x12=10001fe0 x11:dead0325 x12:10001fdc  PA:10001fdc
7250679ns          107712 1c00817a 00170713 addi             x14, x14, 1         x14=00000026 x14:00000025
7250719ns          107714 1c008172 00a765b3 or               x11, x14, x10       x11=dead0326 x14:00000026 x10:dead0300
7250739ns          107715 1c008176 00b6222b p.sw             x11, 4(x12!)        x12=10001fe4 x11:dead0326 x12:10001fe0  PA:10001fe0
7250759ns          107716 1c00817a 00170713 addi             x14, x14, 1         x14=00000027 x14:00000026
7250798ns          107718 1c008172 00a765b3 or               x11, x14, x10       x11=dead0327 x14:00000027 x10:dead0300
7250818ns          107719 1c008176 00b6222b p.sw             x11, 4(x12!)        x12=10001fe8 x11:dead0327 x12:10001fe4  PA:10001fe4
7250838ns          107720 1c00817a 00170713 addi             x14, x14, 1         x14=00000028 x14:00000027
7250858ns          107721 1c00817c 028250fb lp.setupi        0x1, 0x28, 0x4     
7251276ns          107742 1c008180 0046a70b p.lw             x14, 4(x13!)        x14=dead0300 x13=10001f4c x13:10001f48  PA:10001f48
7251315ns          107744 1c008184 00e42023 sw               x14, 0(x8)          x14:dead0300  x8:1900000c  PA:1900000c
7251335ns          107745 1c008180 0046a70b p.lw             x14, 4(x13!)        x14=dead0301 x13=10001f50 x13:10001f4c  PA:10001f4c
7251375ns          107747 1c008184 00e42023 sw               x14, 0(x8)          x14:dead0301  x8:1900000c  PA:1900000c
7251395ns          107748 1c008180 0046a70b p.lw             x14, 4(x13!)        x14=dead0302 x13=10001f54 x13:10001f50  PA:10001f50
7251435ns          107750 1c008184 00e42023 sw               x14, 0(x8)          x14:dead0302  x8:1900000c  PA:1900000c
7251455ns          107751 1c008180 0046a70b p.lw             x14, 4(x13!)        x14=dead0303 x13=10001f58 x13:10001f54  PA:10001f54
7251495ns          107753 1c008184 00e42023 sw               x14, 0(x8)          x14:dead0303  x8:1900000c  PA:1900000c
7251514ns          107754 1c008180 0046a70b p.lw             x14, 4(x13!)        x14=dead0304 x13=10001f5c x13:10001f58  PA:10001f58
7251554ns          107756 1c008184 00e42023 sw               x14, 0(x8)          x14:dead0304  x8:1900000c  PA:1900000c
7251574ns          107757 1c008180 0046a70b p.lw             x14, 4(x13!)        x14=dead0305 x13=10001f60 x13:10001f5c  PA:10001f5c
7251614ns          107759 1c008184 00e42023 sw               x14, 0(x8)          x14:dead0305  x8:1900000c  PA:1900000c
7251634ns          107760 1c008180 0046a70b p.lw             x14, 4(x13!)        x14=dead0306 x13=10001f64 x13:10001f60  PA:10001f60
7251674ns          107762 1c008184 00e42023 sw               x14, 0(x8)          x14:dead0306  x8:1900000c  PA:1900000c
7251693ns          107763 1c008180 0046a70b p.lw             x14, 4(x13!)        x14=dead0307 x13=10001f68 x13:10001f64  PA:10001f64
7251733ns          107765 1c008184 00e42023 sw               x14, 0(x8)          x14:dead0307  x8:1900000c  PA:1900000c
7251753ns          107766 1c008180 0046a70b p.lw             x14, 4(x13!)        x14=dead0308 x13=10001f6c x13:10001f68  PA:10001f68
7251793ns          107768 1c008184 00e42023 sw               x14, 0(x8)          x14:dead0308  x8:1900000c  PA:1900000c
7251813ns          107769 1c008180 0046a70b p.lw             x14, 4(x13!)        x14=dead0309 x13=10001f70 x13:10001f6c  PA:10001f6c
7251853ns          107771 1c008184 00e42023 sw               x14, 0(x8)          x14:dead0309  x8:1900000c  PA:1900000c
7251872ns          107772 1c008180 0046a70b p.lw             x14, 4(x13!)        x14=dead030a x13=10001f74 x13:10001f70  PA:10001f70
7251912ns          107774 1c008184 00e42023 sw               x14, 0(x8)          x14:dead030a  x8:1900000c  PA:1900000c
7251932ns          107775 1c008180 0046a70b p.lw             x14, 4(x13!)        x14=dead030b x13=10001f78 x13:10001f74  PA:10001f74
7251972ns          107777 1c008184 00e42023 sw               x14, 0(x8)          x14:dead030b  x8:1900000c  PA:1900000c
7251992ns          107778 1c008180 0046a70b p.lw             x14, 4(x13!)        x14=dead030c x13=10001f7c x13:10001f78  PA:10001f78
7252032ns          107780 1c008184 00e42023 sw               x14, 0(x8)          x14:dead030c  x8:1900000c  PA:1900000c
7252051ns          107781 1c008180 0046a70b p.lw             x14, 4(x13!)        x14=dead030d x13=10001f80 x13:10001f7c  PA:10001f7c
7252091ns          107783 1c008184 00e42023 sw               x14, 0(x8)          x14:dead030d  x8:1900000c  PA:1900000c
7252111ns          107784 1c008180 0046a70b p.lw             x14, 4(x13!)        x14=dead030e x13=10001f84 x13:10001f80  PA:10001f80
7252151ns          107786 1c008184 00e42023 sw               x14, 0(x8)          x14:dead030e  x8:1900000c  PA:1900000c
7252171ns          107787 1c008180 0046a70b p.lw             x14, 4(x13!)        x14=dead030f x13=10001f88 x13:10001f84  PA:10001f84
7252211ns          107789 1c008184 00e42023 sw               x14, 0(x8)          x14:dead030f  x8:1900000c  PA:1900000c
7252230ns          107790 1c008180 0046a70b p.lw             x14, 4(x13!)        x14=dead0310 x13=10001f8c x13:10001f88  PA:10001f88
7252270ns          107792 1c008184 00e42023 sw               x14, 0(x8)          x14:dead0310  x8:1900000c  PA:1900000c
7252290ns          107793 1c008180 0046a70b p.lw             x14, 4(x13!)        x14=dead0311 x13=10001f90 x13:10001f8c  PA:10001f8c
7252330ns          107795 1c008184 00e42023 sw               x14, 0(x8)          x14:dead0311  x8:1900000c  PA:1900000c
7252350ns          107796 1c008180 0046a70b p.lw             x14, 4(x13!)        x14=dead0312 x13=10001f94 x13:10001f90  PA:10001f90
7252390ns          107798 1c008184 00e42023 sw               x14, 0(x8)          x14:dead0312  x8:1900000c  PA:1900000c
7252409ns          107799 1c008180 0046a70b p.lw             x14, 4(x13!)        x14=dead0313 x13=10001f98 x13:10001f94  PA:10001f94
7252449ns          107801 1c008184 00e42023 sw               x14, 0(x8)          x14:dead0313  x8:1900000c  PA:1900000c
7252469ns          107802 1c008180 0046a70b p.lw             x14, 4(x13!)        x14=dead0314 x13=10001f9c x13:10001f98  PA:10001f98
7252509ns          107804 1c008184 00e42023 sw               x14, 0(x8)          x14:dead0314  x8:1900000c  PA:1900000c
7252529ns          107805 1c008180 0046a70b p.lw             x14, 4(x13!)        x14=dead0315 x13=10001fa0 x13:10001f9c  PA:10001f9c
7252569ns          107807 1c008184 00e42023 sw               x14, 0(x8)          x14:dead0315  x8:1900000c  PA:1900000c
7252588ns          107808 1c008180 0046a70b p.lw             x14, 4(x13!)        x14=dead0316 x13=10001fa4 x13:10001fa0  PA:10001fa0
7252628ns          107810 1c008184 00e42023 sw               x14, 0(x8)          x14:dead0316  x8:1900000c  PA:1900000c
7252648ns          107811 1c008180 0046a70b p.lw             x14, 4(x13!)        x14=dead0317 x13=10001fa8 x13:10001fa4  PA:10001fa4
7252688ns          107813 1c008184 00e42023 sw               x14, 0(x8)          x14:dead0317  x8:1900000c  PA:1900000c
7252708ns          107814 1c008180 0046a70b p.lw             x14, 4(x13!)        x14=dead0318 x13=10001fac x13:10001fa8  PA:10001fa8
7252748ns          107816 1c008184 00e42023 sw               x14, 0(x8)          x14:dead0318  x8:1900000c  PA:1900000c
7252768ns          107817 1c008180 0046a70b p.lw             x14, 4(x13!)        x14=dead0319 x13=10001fb0 x13:10001fac  PA:10001fac
7252807ns          107819 1c008184 00e42023 sw               x14, 0(x8)          x14:dead0319  x8:1900000c  PA:1900000c
7252827ns          107820 1c008180 0046a70b p.lw             x14, 4(x13!)        x14=dead031a x13=10001fb4 x13:10001fb0  PA:10001fb0
7252867ns          107822 1c008184 00e42023 sw               x14, 0(x8)          x14:dead031a  x8:1900000c  PA:1900000c
7252887ns          107823 1c008180 0046a70b p.lw             x14, 4(x13!)        x14=dead031b x13=10001fb8 x13:10001fb4  PA:10001fb4
7252927ns          107825 1c008184 00e42023 sw               x14, 0(x8)          x14:dead031b  x8:1900000c  PA:1900000c
7252947ns          107826 1c008180 0046a70b p.lw             x14, 4(x13!)        x14=dead031c x13=10001fbc x13:10001fb8  PA:10001fb8
7252986ns          107828 1c008184 00e42023 sw               x14, 0(x8)          x14:dead031c  x8:1900000c  PA:1900000c
7253006ns          107829 1c008180 0046a70b p.lw             x14, 4(x13!)        x14=dead031d x13=10001fc0 x13:10001fbc  PA:10001fbc
7253046ns          107831 1c008184 00e42023 sw               x14, 0(x8)          x14:dead031d  x8:1900000c  PA:1900000c
7253066ns          107832 1c008180 0046a70b p.lw             x14, 4(x13!)        x14=dead031e x13=10001fc4 x13:10001fc0  PA:10001fc0
7253106ns          107834 1c008184 00e42023 sw               x14, 0(x8)          x14:dead031e  x8:1900000c  PA:1900000c
7253126ns          107835 1c008180 0046a70b p.lw             x14, 4(x13!)        x14=dead031f x13=10001fc8 x13:10001fc4  PA:10001fc4
7253165ns          107837 1c008184 00e42023 sw               x14, 0(x8)          x14:dead031f  x8:1900000c  PA:1900000c
7253185ns          107838 1c008180 0046a70b p.lw             x14, 4(x13!)        x14=dead0320 x13=10001fcc x13:10001fc8  PA:10001fc8
7253225ns          107840 1c008184 00e42023 sw               x14, 0(x8)          x14:dead0320  x8:1900000c  PA:1900000c
7253245ns          107841 1c008180 0046a70b p.lw             x14, 4(x13!)        x14=dead0321 x13=10001fd0 x13:10001fcc  PA:10001fcc
7253285ns          107843 1c008184 00e42023 sw               x14, 0(x8)          x14:dead0321  x8:1900000c  PA:1900000c
7253305ns          107844 1c008180 0046a70b p.lw             x14, 4(x13!)        x14=dead0322 x13=10001fd4 x13:10001fd0  PA:10001fd0
7253344ns          107846 1c008184 00e42023 sw               x14, 0(x8)          x14:dead0322  x8:1900000c  PA:1900000c
7253364ns          107847 1c008180 0046a70b p.lw             x14, 4(x13!)        x14=dead0323 x13=10001fd8 x13:10001fd4  PA:10001fd4
7253404ns          107849 1c008184 00e42023 sw               x14, 0(x8)          x14:dead0323  x8:1900000c  PA:1900000c
7253424ns          107850 1c008180 0046a70b p.lw             x14, 4(x13!)        x14=dead0324 x13=10001fdc x13:10001fd8  PA:10001fd8
7253464ns          107852 1c008184 00e42023 sw               x14, 0(x8)          x14:dead0324  x8:1900000c  PA:1900000c
7253484ns          107853 1c008180 0046a70b p.lw             x14, 4(x13!)        x14=dead0325 x13=10001fe0 x13:10001fdc  PA:10001fdc
7253523ns          107855 1c008184 00e42023 sw               x14, 0(x8)          x14:dead0325  x8:1900000c  PA:1900000c
7253543ns          107856 1c008180 0046a70b p.lw             x14, 4(x13!)        x14=dead0326 x13=10001fe4 x13:10001fe0  PA:10001fe0
7253583ns          107858 1c008184 00e42023 sw               x14, 0(x8)          x14:dead0326  x8:1900000c  PA:1900000c
7253603ns          107859 1c008180 0046a70b p.lw             x14, 4(x13!)        x14=dead0327 x13=10001fe8 x13:10001fe4  PA:10001fe4
7253643ns          107861 1c008184 00e42023 sw               x14, 0(x8)          x14:dead0327  x8:1900000c  PA:1900000c
7253663ns          107862 1c008186 500000ef jal              x1, 1280             x1=1c008188
7254140ns          107886 1c008686 f14027f3 csrrs            x15, x0, 0xf14      x15=00000003
7254160ns          107887 1c00868a 01f00713 addi             x14, x0, 31         x14=0000001f
7254180ns          107888 1c00868c ca5797b3 p.extractu       x15, x15, 5, 5      x15=00000000 x15:00000003
7254200ns          107889 1c008690 00e78863 beq              x15, x14, 16        x15:00000000 x14:0000001f
7254220ns          107890 1c008694 002047b7 lui              x15, 0x204000       x15=00204000
7254239ns          107891 1c008698 20078793 addi             x15, x15, 512       x15=00204200 x15:00204000
7254259ns          107892 1c00869c 01c7e703 p.elw            x14, 28(x15)        x14=00010000 x15:00204200  PA:0020421c
7254379ns          107898 1c0086a0 00008067 jalr             x0, x1, 0            x1:1c008188
7254418ns          107900 1c008188 0281d0fb lp.setupi        0x1, 0x28, 0x3     
7254438ns          107901 1c00818c 00042703 lw               x14, 0(x8)          x14=dead0200  x8:1900000c  PA:1900000c
7254458ns          107902 1c00818e 00000013 nop                                 
7254478ns          107903 1c00818c 00042703 lw               x14, 0(x8)          x14=dead0201  x8:1900000c  PA:1900000c
7254498ns          107904 1c00818e 00000013 nop                                 
7254518ns          107905 1c00818c 00042703 lw               x14, 0(x8)          x14=dead0202  x8:1900000c  PA:1900000c
7254538ns          107906 1c00818e 00000013 nop                                 
7254558ns          107907 1c00818c 00042703 lw               x14, 0(x8)          x14=dead0203  x8:1900000c  PA:1900000c
7254578ns          107908 1c00818e 00000013 nop                                 
7254597ns          107909 1c00818c 00042703 lw               x14, 0(x8)          x14=dead0204  x8:1900000c  PA:1900000c
7254617ns          107910 1c00818e 00000013 nop                                 
7254637ns          107911 1c00818c 00042703 lw               x14, 0(x8)          x14=dead0205  x8:1900000c  PA:1900000c
7254657ns          107912 1c00818e 00000013 nop                                 
7254677ns          107913 1c00818c 00042703 lw               x14, 0(x8)          x14=dead0206  x8:1900000c  PA:1900000c
7254697ns          107914 1c00818e 00000013 nop                                 
7254717ns          107915 1c00818c 00042703 lw               x14, 0(x8)          x14=dead0207  x8:1900000c  PA:1900000c
7254737ns          107916 1c00818e 00000013 nop                                 
7254757ns          107917 1c00818c 00042703 lw               x14, 0(x8)          x14=dead0208  x8:1900000c  PA:1900000c
7254776ns          107918 1c00818e 00000013 nop                                 
7254796ns          107919 1c00818c 00042703 lw               x14, 0(x8)          x14=dead0209  x8:1900000c  PA:1900000c
7254816ns          107920 1c00818e 00000013 nop                                 
7254836ns          107921 1c00818c 00042703 lw               x14, 0(x8)          x14=dead020a  x8:1900000c  PA:1900000c
7254856ns          107922 1c00818e 00000013 nop                                 
7254876ns          107923 1c00818c 00042703 lw               x14, 0(x8)          x14=dead020b  x8:1900000c  PA:1900000c
7254896ns          107924 1c00818e 00000013 nop                                 
7254916ns          107925 1c00818c 00042703 lw               x14, 0(x8)          x14=dead020c  x8:1900000c  PA:1900000c
7254936ns          107926 1c00818e 00000013 nop                                 
7254955ns          107927 1c00818c 00042703 lw               x14, 0(x8)          x14=dead020d  x8:1900000c  PA:1900000c
7254975ns          107928 1c00818e 00000013 nop                                 
7254995ns          107929 1c00818c 00042703 lw               x14, 0(x8)          x14=dead020e  x8:1900000c  PA:1900000c
7255015ns          107930 1c00818e 00000013 nop                                 
7255035ns          107931 1c00818c 00042703 lw               x14, 0(x8)          x14=dead020f  x8:1900000c  PA:1900000c
7255055ns          107932 1c00818e 00000013 nop                                 
7255075ns          107933 1c00818c 00042703 lw               x14, 0(x8)          x14=dead0210  x8:1900000c  PA:1900000c
7255095ns          107934 1c00818e 00000013 nop                                 
7255115ns          107935 1c00818c 00042703 lw               x14, 0(x8)          x14=dead0211  x8:1900000c  PA:1900000c
7255135ns          107936 1c00818e 00000013 nop                                 
7255154ns          107937 1c00818c 00042703 lw               x14, 0(x8)          x14=dead0212  x8:1900000c  PA:1900000c
7255174ns          107938 1c00818e 00000013 nop                                 
7255194ns          107939 1c00818c 00042703 lw               x14, 0(x8)          x14=dead0213  x8:1900000c  PA:1900000c
7255214ns          107940 1c00818e 00000013 nop                                 
7255234ns          107941 1c00818c 00042703 lw               x14, 0(x8)          x14=dead0214  x8:1900000c  PA:1900000c
7255254ns          107942 1c00818e 00000013 nop                                 
7255274ns          107943 1c00818c 00042703 lw               x14, 0(x8)          x14=dead0215  x8:1900000c  PA:1900000c
7255294ns          107944 1c00818e 00000013 nop                                 
7255314ns          107945 1c00818c 00042703 lw               x14, 0(x8)          x14=dead0216  x8:1900000c  PA:1900000c
7255333ns          107946 1c00818e 00000013 nop                                 
7255353ns          107947 1c00818c 00042703 lw               x14, 0(x8)          x14=dead0217  x8:1900000c  PA:1900000c
7255373ns          107948 1c00818e 00000013 nop                                 
7255393ns          107949 1c00818c 00042703 lw               x14, 0(x8)          x14=dead0218  x8:1900000c  PA:1900000c
7255413ns          107950 1c00818e 00000013 nop                                 
7255433ns          107951 1c00818c 00042703 lw               x14, 0(x8)          x14=dead0219  x8:1900000c  PA:1900000c
7255453ns          107952 1c00818e 00000013 nop                                 
7255473ns          107953 1c00818c 00042703 lw               x14, 0(x8)          x14=dead021a  x8:1900000c  PA:1900000c
7255493ns          107954 1c00818e 00000013 nop                                 
7255512ns          107955 1c00818c 00042703 lw               x14, 0(x8)          x14=dead021b  x8:1900000c  PA:1900000c
7255532ns          107956 1c00818e 00000013 nop                                 
7255552ns          107957 1c00818c 00042703 lw               x14, 0(x8)          x14=dead021c  x8:1900000c  PA:1900000c
7255572ns          107958 1c00818e 00000013 nop                                 
7255592ns          107959 1c00818c 00042703 lw               x14, 0(x8)          x14=dead021d  x8:1900000c  PA:1900000c
7255612ns          107960 1c00818e 00000013 nop                                 
7255632ns          107961 1c00818c 00042703 lw               x14, 0(x8)          x14=dead021e  x8:1900000c  PA:1900000c
7255652ns          107962 1c00818e 00000013 nop                                 
7255672ns          107963 1c00818c 00042703 lw               x14, 0(x8)          x14=dead021f  x8:1900000c  PA:1900000c
7255691ns          107964 1c00818e 00000013 nop                                 
7255711ns          107965 1c00818c 00042703 lw               x14, 0(x8)          x14=dead0220  x8:1900000c  PA:1900000c
7255731ns          107966 1c00818e 00000013 nop                                 
7255751ns          107967 1c00818c 00042703 lw               x14, 0(x8)          x14=dead0221  x8:1900000c  PA:1900000c
7255771ns          107968 1c00818e 00000013 nop                                 
7255791ns          107969 1c00818c 00042703 lw               x14, 0(x8)          x14=dead0222  x8:1900000c  PA:1900000c
7255811ns          107970 1c00818e 00000013 nop                                 
7255831ns          107971 1c00818c 00042703 lw               x14, 0(x8)          x14=dead0223  x8:1900000c  PA:1900000c
7255851ns          107972 1c00818e 00000013 nop                                 
7255870ns          107973 1c00818c 00042703 lw               x14, 0(x8)          x14=dead0224  x8:1900000c  PA:1900000c
7255890ns          107974 1c00818e 00000013 nop                                 
7255910ns          107975 1c00818c 00042703 lw               x14, 0(x8)          x14=dead0225  x8:1900000c  PA:1900000c
7255930ns          107976 1c00818e 00000013 nop                                 
7255950ns          107977 1c00818c 00042703 lw               x14, 0(x8)          x14=dead0226  x8:1900000c  PA:1900000c
7255970ns          107978 1c00818e 00000013 nop                                 
7255990ns          107979 1c00818c 00042703 lw               x14, 0(x8)          x14=dead0227  x8:1900000c  PA:1900000c
7256010ns          107980 1c00818e 00000013 nop                                 
7256030ns          107981 1c008190 4f6000ef jal              x1, 1270             x1=1c008192
7256089ns          107984 1c008686 f14027f3 csrrs            x15, x0, 0xf14      x15=00000003
7256109ns          107985 1c00868a 01f00713 addi             x14, x0, 31         x14=0000001f
7256129ns          107986 1c00868c ca5797b3 p.extractu       x15, x15, 5, 5      x15=00000000 x15:00000003
7256149ns          107987 1c008690 00e78863 beq              x15, x14, 16        x15:00000000 x14:0000001f
7256169ns          107988 1c008694 002047b7 lui              x15, 0x204000       x15=00204000
7256189ns          107989 1c008698 20078793 addi             x15, x15, 512       x15=00204200 x15:00204000
