                Time          Cycles PC       Instr    Mnemonic
7239083ns          107129 1c008080 0640006f jal              x0, 100            
7239540ns          107152 1c0080e4 f1402573 csrrs            x10, x0, 0xf14      x10=00000002
7239580ns          107154 1c0080e8 01f57593 andi             x11, x10, 31        x11=00000002 x10:00000002
7239600ns          107155 1c0080ec 00555513 srli             x10, x10, 0x5       x10=00000000 x10:00000002
7239620ns          107156 1c0080ee 01f00613 addi             x12, x0, 31         x12=0000001f
7240037ns          107177 1c0080f0 00c50463 beq              x10, x12, 8         x10:00000000 x12:0000001f
7240077ns          107179 1c0080f4 fa1ff06f jal              x0, -96            
7240535ns          107202 1c008094 f3ff8117 auipc            x2, 0xf3ff8000       x2=10000094
7240574ns          107204 1c008098 f7010113 addi             x2, x2, -144         x2=10000004  x2:10000094
7240594ns          107205 1c00809c 00012103 lw               x2, 0(x2)            x2=10000008  x2:10000004  PA:10000004
7241032ns          107227 1c0080a0 000011b7 lui              x3, 0x1000           x3=00001000
7241072ns          107229 1c0080a4 80018193 addi             x3, x3, -2048        x3=00000800  x3:00001000
7241092ns          107230 1c0080a8 00158593 addi             x11, x11, 1         x11=00000003 x11:00000002
7241112ns          107231 1c0080ac 02b180b3 mul              x1, x3, x11          x1=00001800  x3:00000800 x11:00000003
7241549ns          107253 1c0080b0 00110133 add              x2, x2, x1           x2=10001808  x2:10000008  x1:00001800
7241589ns          107255 1c0080b4 4be0006f jal              x0, 1214           
7242046ns          107278 1c008572 ff010113 addi             x2, x2, -16          x2=100017f8  x2:10001808
7242086ns          107280 1c008574 00112623 sw               x1, 12(x2)           x1:00001800  x2:100017f8  PA:10001804
7242106ns          107281 1c008576 002047b7 lui              x15, 0x204000       x15=00204000
7242126ns          107282 1c00857a 00070737 lui              x14, 0x70000        x14=00070000
7242146ns          107283 1c00857e 00e7a423 sw               x14, 8(x15)         x14:00070000 x15:00204000  PA:00204008
7242583ns          107305 1c008580 00f00713 addi             x14, x0, 15         x14=0000000f
7242623ns          107307 1c008582 20078793 addi             x15, x15, 512       x15=00204200 x15:00204000
7242643ns          107308 1c008586 00e7a023 sw               x14, 0(x15)         x14:0000000f x15:00204200  PA:00204200
7242663ns          107309 1c00858a 00e7a623 sw               x14, 12(x15)        x14:0000000f x15:00204200  PA:0020420c
7243101ns          107331 1c00858e 1c0017b7 lui              x15, 0x1c001000     x15=1c001000
7243140ns          107333 1c008592 8547a783 lw               x15, -1964(x15)     x15=1c00813e x15:1c001000  PA:1c000854
7243598ns          107356 1c008596 000780e7 jalr             x1, x15, 0           x1=1c008598 x15:1c00813e
7244553ns          107404 1c00813e f14027f3 csrrs            x15, x0, 0xf14      x15=00000002
7244592ns          107406 1c008142 ca579733 p.extractu       x14, x15, 5, 5      x14=00000000 x15:00000002
7244612ns          107407 1c008146 04071c63 bne              x14, x0, 88         x14:00000000
7244632ns          107408 1c008148 f5010113 addi             x2, x2, -176         x2=10001748  x2:100017f8
7244652ns          107409 1c00814a 0a812423 sw               x8, 168(x2)          x8:xxxxxxxx  x2:10001748  PA:100017f0
7244672ns          107410 1c00814c 0a912223 sw               x9, 164(x2)          x9:xxxxxxxx  x2:10001748  PA:100017ec
7244692ns          107411 1c00814e 0a112623 sw               x1, 172(x2)          x1:1c008598  x2:10001748  PA:100017f4
7245070ns          107430 1c008150 f457b4b3 p.bclr           x9, x15, 26, 5       x9=00000002 x15:00000002
7245110ns          107432 1c008154 06400437 lui              x8, 0x6400000        x8=06400000
7245129ns          107433 1c008158 52e000ef jal              x1, 1326             x1=1c00815a
7245627ns          107458 1c008686 f14027f3 csrrs            x15, x0, 0xf14      x15=00000002
7245647ns          107459 1c00868a 01f00713 addi             x14, x0, 31         x14=0000001f
7245667ns          107460 1c00868c ca5797b3 p.extractu       x15, x15, 5, 5      x15=00000000 x15:00000002
7246084ns          107481 1c008690 00e78863 beq              x15, x14, 16        x15:00000000 x14:0000001f
7246124ns          107483 1c008694 002047b7 lui              x15, 0x204000       x15=00204000
7246144ns          107484 1c008698 20078793 addi             x15, x15, 512       x15=00204200 x15:00204000
7246164ns          107485 1c00869c 01c7e703 p.elw            x14, 28(x15)        x14=00010000 x15:00204200  PA:0020421c
7246621ns          107508 1c0086a0 00008067 jalr             x0, x1, 0            x1:1c00815a
7246681ns          107511 1c00815a 00849793 slli             x15, x9, 0x8        x15=00000200  x9:00000002
7246701ns          107512 1c00815e 00940433 add              x8, x8, x9           x8=06400002  x8:06400000  x9:00000002
7247119ns          107533 1c008160 dead0537 lui              x10, 0xdead0000     x10=dead0000
7247158ns          107535 1c008164 00f56533 or               x10, x10, x15       x10=dead0200 x10:dead0000 x15:00000200
7247178ns          107536 1c008166 002006b3 add              x13, x0, x2         x13=10001748  x2:10001748
7247198ns          107537 1c008168 00241413 slli             x8, x8, 0x2          x8=19000008  x8:06400002
7247218ns          107538 1c00816a 00200633 add              x12, x0, x2         x12=10001748  x2:10001748
7247238ns          107539 1c00816c 00000713 addi             x14, x0, 0          x14=00000000
7247636ns          107559 1c00816e 028350fb lp.setupi        0x1, 0x28, 0x6     
7247675ns          107561 1c008172 00a765b3 or               x11, x14, x10       x11=dead0200 x14:00000000 x10:dead0200
7247695ns          107562 1c008176 00b6222b p.sw             x11, 4(x12!)        x12=1000174c x11:dead0200 x12:10001748  PA:10001748
7247715ns          107563 1c00817a 00170713 addi             x14, x14, 1         x14=00000001 x14:00000000
7247755ns          107565 1c008172 00a765b3 or               x11, x14, x10       x11=dead0201 x14:00000001 x10:dead0200
7247775ns          107566 1c008176 00b6222b p.sw             x11, 4(x12!)        x12=10001750 x11:dead0201 x12:1000174c  PA:1000174c
7247795ns          107567 1c00817a 00170713 addi             x14, x14, 1         x14=00000002 x14:00000001
7247835ns          107569 1c008172 00a765b3 or               x11, x14, x10       x11=dead0202 x14:00000002 x10:dead0200
7247855ns          107570 1c008176 00b6222b p.sw             x11, 4(x12!)        x12=10001754 x11:dead0202 x12:10001750  PA:10001750
7247874ns          107571 1c00817a 00170713 addi             x14, x14, 1         x14=00000003 x14:00000002
7247914ns          107573 1c008172 00a765b3 or               x11, x14, x10       x11=dead0203 x14:00000003 x10:dead0200
7247934ns          107574 1c008176 00b6222b p.sw             x11, 4(x12!)        x12=10001758 x11:dead0203 x12:10001754  PA:10001754
7247954ns          107575 1c00817a 00170713 addi             x14, x14, 1         x14=00000004 x14:00000003
7247994ns          107577 1c008172 00a765b3 or               x11, x14, x10       x11=dead0204 x14:00000004 x10:dead0200
7248014ns          107578 1c008176 00b6222b p.sw             x11, 4(x12!)        x12=1000175c x11:dead0204 x12:10001758  PA:10001758
7248034ns          107579 1c00817a 00170713 addi             x14, x14, 1         x14=00000005 x14:00000004
7248073ns          107581 1c008172 00a765b3 or               x11, x14, x10       x11=dead0205 x14:00000005 x10:dead0200
7248093ns          107582 1c008176 00b6222b p.sw             x11, 4(x12!)        x12=10001760 x11:dead0205 x12:1000175c  PA:1000175c
7248113ns          107583 1c00817a 00170713 addi             x14, x14, 1         x14=00000006 x14:00000005
7248153ns          107585 1c008172 00a765b3 or               x11, x14, x10       x11=dead0206 x14:00000006 x10:dead0200
7248173ns          107586 1c008176 00b6222b p.sw             x11, 4(x12!)        x12=10001764 x11:dead0206 x12:10001760  PA:10001760
7248193ns          107587 1c00817a 00170713 addi             x14, x14, 1         x14=00000007 x14:00000006
7248232ns          107589 1c008172 00a765b3 or               x11, x14, x10       x11=dead0207 x14:00000007 x10:dead0200
7248252ns          107590 1c008176 00b6222b p.sw             x11, 4(x12!)        x12=10001768 x11:dead0207 x12:10001764  PA:10001764
7248272ns          107591 1c00817a 00170713 addi             x14, x14, 1         x14=00000008 x14:00000007
7248312ns          107593 1c008172 00a765b3 or               x11, x14, x10       x11=dead0208 x14:00000008 x10:dead0200
7248332ns          107594 1c008176 00b6222b p.sw             x11, 4(x12!)        x12=1000176c x11:dead0208 x12:10001768  PA:10001768
7248352ns          107595 1c00817a 00170713 addi             x14, x14, 1         x14=00000009 x14:00000008
7248392ns          107597 1c008172 00a765b3 or               x11, x14, x10       x11=dead0209 x14:00000009 x10:dead0200
7248411ns          107598 1c008176 00b6222b p.sw             x11, 4(x12!)        x12=10001770 x11:dead0209 x12:1000176c  PA:1000176c
7248431ns          107599 1c00817a 00170713 addi             x14, x14, 1         x14=0000000a x14:00000009
7248471ns          107601 1c008172 00a765b3 or               x11, x14, x10       x11=dead020a x14:0000000a x10:dead0200
7248491ns          107602 1c008176 00b6222b p.sw             x11, 4(x12!)        x12=10001774 x11:dead020a x12:10001770  PA:10001770
7248511ns          107603 1c00817a 00170713 addi             x14, x14, 1         x14=0000000b x14:0000000a
7248551ns          107605 1c008172 00a765b3 or               x11, x14, x10       x11=dead020b x14:0000000b x10:dead0200
7248571ns          107606 1c008176 00b6222b p.sw             x11, 4(x12!)        x12=10001778 x11:dead020b x12:10001774  PA:10001774
7248590ns          107607 1c00817a 00170713 addi             x14, x14, 1         x14=0000000c x14:0000000b
7248630ns          107609 1c008172 00a765b3 or               x11, x14, x10       x11=dead020c x14:0000000c x10:dead0200
7248650ns          107610 1c008176 00b6222b p.sw             x11, 4(x12!)        x12=1000177c x11:dead020c x12:10001778  PA:10001778
7248670ns          107611 1c00817a 00170713 addi             x14, x14, 1         x14=0000000d x14:0000000c
7248710ns          107613 1c008172 00a765b3 or               x11, x14, x10       x11=dead020d x14:0000000d x10:dead0200
7248730ns          107614 1c008176 00b6222b p.sw             x11, 4(x12!)        x12=10001780 x11:dead020d x12:1000177c  PA:1000177c
7248750ns          107615 1c00817a 00170713 addi             x14, x14, 1         x14=0000000e x14:0000000d
7248789ns          107617 1c008172 00a765b3 or               x11, x14, x10       x11=dead020e x14:0000000e x10:dead0200
7248809ns          107618 1c008176 00b6222b p.sw             x11, 4(x12!)        x12=10001784 x11:dead020e x12:10001780  PA:10001780
7248829ns          107619 1c00817a 00170713 addi             x14, x14, 1         x14=0000000f x14:0000000e
7248869ns          107621 1c008172 00a765b3 or               x11, x14, x10       x11=dead020f x14:0000000f x10:dead0200
7248889ns          107622 1c008176 00b6222b p.sw             x11, 4(x12!)        x12=10001788 x11:dead020f x12:10001784  PA:10001784
7248909ns          107623 1c00817a 00170713 addi             x14, x14, 1         x14=00000010 x14:0000000f
7248948ns          107625 1c008172 00a765b3 or               x11, x14, x10       x11=dead0210 x14:00000010 x10:dead0200
7248968ns          107626 1c008176 00b6222b p.sw             x11, 4(x12!)        x12=1000178c x11:dead0210 x12:10001788  PA:10001788
7248988ns          107627 1c00817a 00170713 addi             x14, x14, 1         x14=00000011 x14:00000010
7249028ns          107629 1c008172 00a765b3 or               x11, x14, x10       x11=dead0211 x14:00000011 x10:dead0200
7249048ns          107630 1c008176 00b6222b p.sw             x11, 4(x12!)        x12=10001790 x11:dead0211 x12:1000178c  PA:1000178c
7249068ns          107631 1c00817a 00170713 addi             x14, x14, 1         x14=00000012 x14:00000011
7249108ns          107633 1c008172 00a765b3 or               x11, x14, x10       x11=dead0212 x14:00000012 x10:dead0200
7249128ns          107634 1c008176 00b6222b p.sw             x11, 4(x12!)        x12=10001794 x11:dead0212 x12:10001790  PA:10001790
7249147ns          107635 1c00817a 00170713 addi             x14, x14, 1         x14=00000013 x14:00000012
7249187ns          107637 1c008172 00a765b3 or               x11, x14, x10       x11=dead0213 x14:00000013 x10:dead0200
7249207ns          107638 1c008176 00b6222b p.sw             x11, 4(x12!)        x12=10001798 x11:dead0213 x12:10001794  PA:10001794
7249227ns          107639 1c00817a 00170713 addi             x14, x14, 1         x14=00000014 x14:00000013
7249267ns          107641 1c008172 00a765b3 or               x11, x14, x10       x11=dead0214 x14:00000014 x10:dead0200
7249287ns          107642 1c008176 00b6222b p.sw             x11, 4(x12!)        x12=1000179c x11:dead0214 x12:10001798  PA:10001798
7249307ns          107643 1c00817a 00170713 addi             x14, x14, 1         x14=00000015 x14:00000014
7249346ns          107645 1c008172 00a765b3 or               x11, x14, x10       x11=dead0215 x14:00000015 x10:dead0200
7249366ns          107646 1c008176 00b6222b p.sw             x11, 4(x12!)        x12=100017a0 x11:dead0215 x12:1000179c  PA:1000179c
7249386ns          107647 1c00817a 00170713 addi             x14, x14, 1         x14=00000016 x14:00000015
7249426ns          107649 1c008172 00a765b3 or               x11, x14, x10       x11=dead0216 x14:00000016 x10:dead0200
7249446ns          107650 1c008176 00b6222b p.sw             x11, 4(x12!)        x12=100017a4 x11:dead0216 x12:100017a0  PA:100017a0
7249466ns          107651 1c00817a 00170713 addi             x14, x14, 1         x14=00000017 x14:00000016
7249505ns          107653 1c008172 00a765b3 or               x11, x14, x10       x11=dead0217 x14:00000017 x10:dead0200
7249525ns          107654 1c008176 00b6222b p.sw             x11, 4(x12!)        x12=100017a8 x11:dead0217 x12:100017a4  PA:100017a4
7249545ns          107655 1c00817a 00170713 addi             x14, x14, 1         x14=00000018 x14:00000017
7249585ns          107657 1c008172 00a765b3 or               x11, x14, x10       x11=dead0218 x14:00000018 x10:dead0200
7249605ns          107658 1c008176 00b6222b p.sw             x11, 4(x12!)        x12=100017ac x11:dead0218 x12:100017a8  PA:100017a8
7249625ns          107659 1c00817a 00170713 addi             x14, x14, 1         x14=00000019 x14:00000018
7249665ns          107661 1c008172 00a765b3 or               x11, x14, x10       x11=dead0219 x14:00000019 x10:dead0200
7249684ns          107662 1c008176 00b6222b p.sw             x11, 4(x12!)        x12=100017b0 x11:dead0219 x12:100017ac  PA:100017ac
7249704ns          107663 1c00817a 00170713 addi             x14, x14, 1         x14=0000001a x14:00000019
7249744ns          107665 1c008172 00a765b3 or               x11, x14, x10       x11=dead021a x14:0000001a x10:dead0200
7249764ns          107666 1c008176 00b6222b p.sw             x11, 4(x12!)        x12=100017b4 x11:dead021a x12:100017b0  PA:100017b0
7249784ns          107667 1c00817a 00170713 addi             x14, x14, 1         x14=0000001b x14:0000001a
7249824ns          107669 1c008172 00a765b3 or               x11, x14, x10       x11=dead021b x14:0000001b x10:dead0200
7249844ns          107670 1c008176 00b6222b p.sw             x11, 4(x12!)        x12=100017b8 x11:dead021b x12:100017b4  PA:100017b4
7249863ns          107671 1c00817a 00170713 addi             x14, x14, 1         x14=0000001c x14:0000001b
7249903ns          107673 1c008172 00a765b3 or               x11, x14, x10       x11=dead021c x14:0000001c x10:dead0200
7249923ns          107674 1c008176 00b6222b p.sw             x11, 4(x12!)        x12=100017bc x11:dead021c x12:100017b8  PA:100017b8
7249943ns          107675 1c00817a 00170713 addi             x14, x14, 1         x14=0000001d x14:0000001c
7249983ns          107677 1c008172 00a765b3 or               x11, x14, x10       x11=dead021d x14:0000001d x10:dead0200
7250003ns          107678 1c008176 00b6222b p.sw             x11, 4(x12!)        x12=100017c0 x11:dead021d x12:100017bc  PA:100017bc
7250023ns          107679 1c00817a 00170713 addi             x14, x14, 1         x14=0000001e x14:0000001d
7250062ns          107681 1c008172 00a765b3 or               x11, x14, x10       x11=dead021e x14:0000001e x10:dead0200
7250082ns          107682 1c008176 00b6222b p.sw             x11, 4(x12!)        x12=100017c4 x11:dead021e x12:100017c0  PA:100017c0
7250102ns          107683 1c00817a 00170713 addi             x14, x14, 1         x14=0000001f x14:0000001e
7250142ns          107685 1c008172 00a765b3 or               x11, x14, x10       x11=dead021f x14:0000001f x10:dead0200
7250162ns          107686 1c008176 00b6222b p.sw             x11, 4(x12!)        x12=100017c8 x11:dead021f x12:100017c4  PA:100017c4
7250182ns          107687 1c00817a 00170713 addi             x14, x14, 1         x14=00000020 x14:0000001f
7250221ns          107689 1c008172 00a765b3 or               x11, x14, x10       x11=dead0220 x14:00000020 x10:dead0200
7250241ns          107690 1c008176 00b6222b p.sw             x11, 4(x12!)        x12=100017cc x11:dead0220 x12:100017c8  PA:100017c8
7250261ns          107691 1c00817a 00170713 addi             x14, x14, 1         x14=00000021 x14:00000020
7250301ns          107693 1c008172 00a765b3 or               x11, x14, x10       x11=dead0221 x14:00000021 x10:dead0200
7250321ns          107694 1c008176 00b6222b p.sw             x11, 4(x12!)        x12=100017d0 x11:dead0221 x12:100017cc  PA:100017cc
7250341ns          107695 1c00817a 00170713 addi             x14, x14, 1         x14=00000022 x14:00000021
7250381ns          107697 1c008172 00a765b3 or               x11, x14, x10       x11=dead0222 x14:00000022 x10:dead0200
7250401ns          107698 1c008176 00b6222b p.sw             x11, 4(x12!)        x12=100017d4 x11:dead0222 x12:100017d0  PA:100017d0
7250420ns          107699 1c00817a 00170713 addi             x14, x14, 1         x14=00000023 x14:00000022
7250460ns          107701 1c008172 00a765b3 or               x11, x14, x10       x11=dead0223 x14:00000023 x10:dead0200
7250480ns          107702 1c008176 00b6222b p.sw             x11, 4(x12!)        x12=100017d8 x11:dead0223 x12:100017d4  PA:100017d4
7250500ns          107703 1c00817a 00170713 addi             x14, x14, 1         x14=00000024 x14:00000023
7250540ns          107705 1c008172 00a765b3 or               x11, x14, x10       x11=dead0224 x14:00000024 x10:dead0200
7250560ns          107706 1c008176 00b6222b p.sw             x11, 4(x12!)        x12=100017dc x11:dead0224 x12:100017d8  PA:100017d8
7250580ns          107707 1c00817a 00170713 addi             x14, x14, 1         x14=00000025 x14:00000024
7250619ns          107709 1c008172 00a765b3 or               x11, x14, x10       x11=dead0225 x14:00000025 x10:dead0200
7250639ns          107710 1c008176 00b6222b p.sw             x11, 4(x12!)        x12=100017e0 x11:dead0225 x12:100017dc  PA:100017dc
7250659ns          107711 1c00817a 00170713 addi             x14, x14, 1         x14=00000026 x14:00000025
7250699ns          107713 1c008172 00a765b3 or               x11, x14, x10       x11=dead0226 x14:00000026 x10:dead0200
7250719ns          107714 1c008176 00b6222b p.sw             x11, 4(x12!)        x12=100017e4 x11:dead0226 x12:100017e0  PA:100017e0
7250739ns          107715 1c00817a 00170713 addi             x14, x14, 1         x14=00000027 x14:00000026
7250778ns          107717 1c008172 00a765b3 or               x11, x14, x10       x11=dead0227 x14:00000027 x10:dead0200
7250798ns          107718 1c008176 00b6222b p.sw             x11, 4(x12!)        x12=100017e8 x11:dead0227 x12:100017e4  PA:100017e4
7250818ns          107719 1c00817a 00170713 addi             x14, x14, 1         x14=00000028 x14:00000027
7250838ns          107720 1c00817c 028250fb lp.setupi        0x1, 0x28, 0x4     
7251256ns          107741 1c008180 0046a70b p.lw             x14, 4(x13!)        x14=dead0200 x13=1000174c x13:10001748  PA:10001748
7251296ns          107743 1c008184 00e42023 sw               x14, 0(x8)          x14:dead0200  x8:19000008  PA:19000008
7251315ns          107744 1c008180 0046a70b p.lw             x14, 4(x13!)        x14=dead0201 x13=10001750 x13:1000174c  PA:1000174c
7251355ns          107746 1c008184 00e42023 sw               x14, 0(x8)          x14:dead0201  x8:19000008  PA:19000008
7251375ns          107747 1c008180 0046a70b p.lw             x14, 4(x13!)        x14=dead0202 x13=10001754 x13:10001750  PA:10001750
7251415ns          107749 1c008184 00e42023 sw               x14, 0(x8)          x14:dead0202  x8:19000008  PA:19000008
7251435ns          107750 1c008180 0046a70b p.lw             x14, 4(x13!)        x14=dead0203 x13=10001758 x13:10001754  PA:10001754
7251475ns          107752 1c008184 00e42023 sw               x14, 0(x8)          x14:dead0203  x8:19000008  PA:19000008
7251495ns          107753 1c008180 0046a70b p.lw             x14, 4(x13!)        x14=dead0204 x13=1000175c x13:10001758  PA:10001758
7251534ns          107755 1c008184 00e42023 sw               x14, 0(x8)          x14:dead0204  x8:19000008  PA:19000008
7251554ns          107756 1c008180 0046a70b p.lw             x14, 4(x13!)        x14=dead0205 x13=10001760 x13:1000175c  PA:1000175c
7251594ns          107758 1c008184 00e42023 sw               x14, 0(x8)          x14:dead0205  x8:19000008  PA:19000008
7251614ns          107759 1c008180 0046a70b p.lw             x14, 4(x13!)        x14=dead0206 x13=10001764 x13:10001760  PA:10001760
7251654ns          107761 1c008184 00e42023 sw               x14, 0(x8)          x14:dead0206  x8:19000008  PA:19000008
7251674ns          107762 1c008180 0046a70b p.lw             x14, 4(x13!)        x14=dead0207 x13=10001768 x13:10001764  PA:10001764
7251713ns          107764 1c008184 00e42023 sw               x14, 0(x8)          x14:dead0207  x8:19000008  PA:19000008
7251733ns          107765 1c008180 0046a70b p.lw             x14, 4(x13!)        x14=dead0208 x13=1000176c x13:10001768  PA:10001768
7251773ns          107767 1c008184 00e42023 sw               x14, 0(x8)          x14:dead0208  x8:19000008  PA:19000008
7251793ns          107768 1c008180 0046a70b p.lw             x14, 4(x13!)        x14=dead0209 x13=10001770 x13:1000176c  PA:1000176c
7251833ns          107770 1c008184 00e42023 sw               x14, 0(x8)          x14:dead0209  x8:19000008  PA:19000008
7251853ns          107771 1c008180 0046a70b p.lw             x14, 4(x13!)        x14=dead020a x13=10001774 x13:10001770  PA:10001770
7251892ns          107773 1c008184 00e42023 sw               x14, 0(x8)          x14:dead020a  x8:19000008  PA:19000008
7251912ns          107774 1c008180 0046a70b p.lw             x14, 4(x13!)        x14=dead020b x13=10001778 x13:10001774  PA:10001774
7251952ns          107776 1c008184 00e42023 sw               x14, 0(x8)          x14:dead020b  x8:19000008  PA:19000008
7251972ns          107777 1c008180 0046a70b p.lw             x14, 4(x13!)        x14=dead020c x13=1000177c x13:10001778  PA:10001778
7252012ns          107779 1c008184 00e42023 sw               x14, 0(x8)          x14:dead020c  x8:19000008  PA:19000008
7252032ns          107780 1c008180 0046a70b p.lw             x14, 4(x13!)        x14=dead020d x13=10001780 x13:1000177c  PA:1000177c
7252071ns          107782 1c008184 00e42023 sw               x14, 0(x8)          x14:dead020d  x8:19000008  PA:19000008
7252091ns          107783 1c008180 0046a70b p.lw             x14, 4(x13!)        x14=dead020e x13=10001784 x13:10001780  PA:10001780
7252131ns          107785 1c008184 00e42023 sw               x14, 0(x8)          x14:dead020e  x8:19000008  PA:19000008
7252151ns          107786 1c008180 0046a70b p.lw             x14, 4(x13!)        x14=dead020f x13=10001788 x13:10001784  PA:10001784
7252191ns          107788 1c008184 00e42023 sw               x14, 0(x8)          x14:dead020f  x8:19000008  PA:19000008
7252211ns          107789 1c008180 0046a70b p.lw             x14, 4(x13!)        x14=dead0210 x13=1000178c x13:10001788  PA:10001788
7252250ns          107791 1c008184 00e42023 sw               x14, 0(x8)          x14:dead0210  x8:19000008  PA:19000008
7252270ns          107792 1c008180 0046a70b p.lw             x14, 4(x13!)        x14=dead0211 x13=10001790 x13:1000178c  PA:1000178c
7252310ns          107794 1c008184 00e42023 sw               x14, 0(x8)          x14:dead0211  x8:19000008  PA:19000008
7252330ns          107795 1c008180 0046a70b p.lw             x14, 4(x13!)        x14=dead0212 x13=10001794 x13:10001790  PA:10001790
7252370ns          107797 1c008184 00e42023 sw               x14, 0(x8)          x14:dead0212  x8:19000008  PA:19000008
7252390ns          107798 1c008180 0046a70b p.lw             x14, 4(x13!)        x14=dead0213 x13=10001798 x13:10001794  PA:10001794
7252429ns          107800 1c008184 00e42023 sw               x14, 0(x8)          x14:dead0213  x8:19000008  PA:19000008
7252449ns          107801 1c008180 0046a70b p.lw             x14, 4(x13!)        x14=dead0214 x13=1000179c x13:10001798  PA:10001798
7252489ns          107803 1c008184 00e42023 sw               x14, 0(x8)          x14:dead0214  x8:19000008  PA:19000008
7252509ns          107804 1c008180 0046a70b p.lw             x14, 4(x13!)        x14=dead0215 x13=100017a0 x13:1000179c  PA:1000179c
7252549ns          107806 1c008184 00e42023 sw               x14, 0(x8)          x14:dead0215  x8:19000008  PA:19000008
7252569ns          107807 1c008180 0046a70b p.lw             x14, 4(x13!)        x14=dead0216 x13=100017a4 x13:100017a0  PA:100017a0
7252608ns          107809 1c008184 00e42023 sw               x14, 0(x8)          x14:dead0216  x8:19000008  PA:19000008
7252628ns          107810 1c008180 0046a70b p.lw             x14, 4(x13!)        x14=dead0217 x13=100017a8 x13:100017a4  PA:100017a4
7252668ns          107812 1c008184 00e42023 sw               x14, 0(x8)          x14:dead0217  x8:19000008  PA:19000008
7252688ns          107813 1c008180 0046a70b p.lw             x14, 4(x13!)        x14=dead0218 x13=100017ac x13:100017a8  PA:100017a8
7252728ns          107815 1c008184 00e42023 sw               x14, 0(x8)          x14:dead0218  x8:19000008  PA:19000008
7252748ns          107816 1c008180 0046a70b p.lw             x14, 4(x13!)        x14=dead0219 x13=100017b0 x13:100017ac  PA:100017ac
7252787ns          107818 1c008184 00e42023 sw               x14, 0(x8)          x14:dead0219  x8:19000008  PA:19000008
7252807ns          107819 1c008180 0046a70b p.lw             x14, 4(x13!)        x14=dead021a x13=100017b4 x13:100017b0  PA:100017b0
7252847ns          107821 1c008184 00e42023 sw               x14, 0(x8)          x14:dead021a  x8:19000008  PA:19000008
7252867ns          107822 1c008180 0046a70b p.lw             x14, 4(x13!)        x14=dead021b x13=100017b8 x13:100017b4  PA:100017b4
7252907ns          107824 1c008184 00e42023 sw               x14, 0(x8)          x14:dead021b  x8:19000008  PA:19000008
7252927ns          107825 1c008180 0046a70b p.lw             x14, 4(x13!)        x14=dead021c x13=100017bc x13:100017b8  PA:100017b8
7252966ns          107827 1c008184 00e42023 sw               x14, 0(x8)          x14:dead021c  x8:19000008  PA:19000008
7252986ns          107828 1c008180 0046a70b p.lw             x14, 4(x13!)        x14=dead021d x13=100017c0 x13:100017bc  PA:100017bc
7253026ns          107830 1c008184 00e42023 sw               x14, 0(x8)          x14:dead021d  x8:19000008  PA:19000008
7253046ns          107831 1c008180 0046a70b p.lw             x14, 4(x13!)        x14=dead021e x13=100017c4 x13:100017c0  PA:100017c0
7253086ns          107833 1c008184 00e42023 sw               x14, 0(x8)          x14:dead021e  x8:19000008  PA:19000008
7253106ns          107834 1c008180 0046a70b p.lw             x14, 4(x13!)        x14=dead021f x13=100017c8 x13:100017c4  PA:100017c4
7253145ns          107836 1c008184 00e42023 sw               x14, 0(x8)          x14:dead021f  x8:19000008  PA:19000008
7253165ns          107837 1c008180 0046a70b p.lw             x14, 4(x13!)        x14=dead0220 x13=100017cc x13:100017c8  PA:100017c8
7253205ns          107839 1c008184 00e42023 sw               x14, 0(x8)          x14:dead0220  x8:19000008  PA:19000008
7253225ns          107840 1c008180 0046a70b p.lw             x14, 4(x13!)        x14=dead0221 x13=100017d0 x13:100017cc  PA:100017cc
7253265ns          107842 1c008184 00e42023 sw               x14, 0(x8)          x14:dead0221  x8:19000008  PA:19000008
7253285ns          107843 1c008180 0046a70b p.lw             x14, 4(x13!)        x14=dead0222 x13=100017d4 x13:100017d0  PA:100017d0
7253324ns          107845 1c008184 00e42023 sw               x14, 0(x8)          x14:dead0222  x8:19000008  PA:19000008
7253344ns          107846 1c008180 0046a70b p.lw             x14, 4(x13!)        x14=dead0223 x13=100017d8 x13:100017d4  PA:100017d4
7253384ns          107848 1c008184 00e42023 sw               x14, 0(x8)          x14:dead0223  x8:19000008  PA:19000008
7253404ns          107849 1c008180 0046a70b p.lw             x14, 4(x13!)        x14=dead0224 x13=100017dc x13:100017d8  PA:100017d8
7253444ns          107851 1c008184 00e42023 sw               x14, 0(x8)          x14:dead0224  x8:19000008  PA:19000008
7253464ns          107852 1c008180 0046a70b p.lw             x14, 4(x13!)        x14=dead0225 x13=100017e0 x13:100017dc  PA:100017dc
7253503ns          107854 1c008184 00e42023 sw               x14, 0(x8)          x14:dead0225  x8:19000008  PA:19000008
7253523ns          107855 1c008180 0046a70b p.lw             x14, 4(x13!)        x14=dead0226 x13=100017e4 x13:100017e0  PA:100017e0
7253563ns          107857 1c008184 00e42023 sw               x14, 0(x8)          x14:dead0226  x8:19000008  PA:19000008
7253583ns          107858 1c008180 0046a70b p.lw             x14, 4(x13!)        x14=dead0227 x13=100017e8 x13:100017e4  PA:100017e4
7253623ns          107860 1c008184 00e42023 sw               x14, 0(x8)          x14:dead0227  x8:19000008  PA:19000008
7253643ns          107861 1c008186 500000ef jal              x1, 1280             x1=1c008188
7254120ns          107885 1c008686 f14027f3 csrrs            x15, x0, 0xf14      x15=00000002
7254140ns          107886 1c00868a 01f00713 addi             x14, x0, 31         x14=0000001f
7254160ns          107887 1c00868c ca5797b3 p.extractu       x15, x15, 5, 5      x15=00000000 x15:00000002
7254180ns          107888 1c008690 00e78863 beq              x15, x14, 16        x15:00000000 x14:0000001f
7254200ns          107889 1c008694 002047b7 lui              x15, 0x204000       x15=00204000
7254220ns          107890 1c008698 20078793 addi             x15, x15, 512       x15=00204200 x15:00204000
7254239ns          107891 1c00869c 01c7e703 p.elw            x14, 28(x15)        x14=00010000 x15:00204200  PA:0020421c
7254379ns          107898 1c0086a0 00008067 jalr             x0, x1, 0            x1:1c008188
7254418ns          107900 1c008188 0281d0fb lp.setupi        0x1, 0x28, 0x3     
7254438ns          107901 1c00818c 00042703 lw               x14, 0(x8)          x14=dead0300  x8:19000008  PA:19000008
7254458ns          107902 1c00818e 00000013 nop                                 
7254478ns          107903 1c00818c 00042703 lw               x14, 0(x8)          x14=dead0301  x8:19000008  PA:19000008
7254498ns          107904 1c00818e 00000013 nop                                 
7254518ns          107905 1c00818c 00042703 lw               x14, 0(x8)          x14=dead0302  x8:19000008  PA:19000008
7254538ns          107906 1c00818e 00000013 nop                                 
7254558ns          107907 1c00818c 00042703 lw               x14, 0(x8)          x14=dead0303  x8:19000008  PA:19000008
7254578ns          107908 1c00818e 00000013 nop                                 
7254597ns          107909 1c00818c 00042703 lw               x14, 0(x8)          x14=dead0304  x8:19000008  PA:19000008
7254617ns          107910 1c00818e 00000013 nop                                 
7254637ns          107911 1c00818c 00042703 lw               x14, 0(x8)          x14=dead0305  x8:19000008  PA:19000008
7254657ns          107912 1c00818e 00000013 nop                                 
7254677ns          107913 1c00818c 00042703 lw               x14, 0(x8)          x14=dead0306  x8:19000008  PA:19000008
7254697ns          107914 1c00818e 00000013 nop                                 
7254717ns          107915 1c00818c 00042703 lw               x14, 0(x8)          x14=dead0307  x8:19000008  PA:19000008
7254737ns          107916 1c00818e 00000013 nop                                 
7254757ns          107917 1c00818c 00042703 lw               x14, 0(x8)          x14=dead0308  x8:19000008  PA:19000008
7254776ns          107918 1c00818e 00000013 nop                                 
7254796ns          107919 1c00818c 00042703 lw               x14, 0(x8)          x14=dead0309  x8:19000008  PA:19000008
7254816ns          107920 1c00818e 00000013 nop                                 
7254836ns          107921 1c00818c 00042703 lw               x14, 0(x8)          x14=dead030a  x8:19000008  PA:19000008
7254856ns          107922 1c00818e 00000013 nop                                 
7254876ns          107923 1c00818c 00042703 lw               x14, 0(x8)          x14=dead030b  x8:19000008  PA:19000008
7254896ns          107924 1c00818e 00000013 nop                                 
7254916ns          107925 1c00818c 00042703 lw               x14, 0(x8)          x14=dead030c  x8:19000008  PA:19000008
7254936ns          107926 1c00818e 00000013 nop                                 
7254955ns          107927 1c00818c 00042703 lw               x14, 0(x8)          x14=dead030d  x8:19000008  PA:19000008
7254975ns          107928 1c00818e 00000013 nop                                 
7254995ns          107929 1c00818c 00042703 lw               x14, 0(x8)          x14=dead030e  x8:19000008  PA:19000008
7255015ns          107930 1c00818e 00000013 nop                                 
7255035ns          107931 1c00818c 00042703 lw               x14, 0(x8)          x14=dead030f  x8:19000008  PA:19000008
7255055ns          107932 1c00818e 00000013 nop                                 
7255075ns          107933 1c00818c 00042703 lw               x14, 0(x8)          x14=dead0310  x8:19000008  PA:19000008
7255095ns          107934 1c00818e 00000013 nop                                 
7255115ns          107935 1c00818c 00042703 lw               x14, 0(x8)          x14=dead0311  x8:19000008  PA:19000008
7255135ns          107936 1c00818e 00000013 nop                                 
7255154ns          107937 1c00818c 00042703 lw               x14, 0(x8)          x14=dead0312  x8:19000008  PA:19000008
7255174ns          107938 1c00818e 00000013 nop                                 
7255194ns          107939 1c00818c 00042703 lw               x14, 0(x8)          x14=dead0313  x8:19000008  PA:19000008
7255214ns          107940 1c00818e 00000013 nop                                 
7255234ns          107941 1c00818c 00042703 lw               x14, 0(x8)          x14=dead0314  x8:19000008  PA:19000008
7255254ns          107942 1c00818e 00000013 nop                                 
7255274ns          107943 1c00818c 00042703 lw               x14, 0(x8)          x14=dead0315  x8:19000008  PA:19000008
7255294ns          107944 1c00818e 00000013 nop                                 
7255314ns          107945 1c00818c 00042703 lw               x14, 0(x8)          x14=dead0316  x8:19000008  PA:19000008
7255333ns          107946 1c00818e 00000013 nop                                 
7255353ns          107947 1c00818c 00042703 lw               x14, 0(x8)          x14=dead0317  x8:19000008  PA:19000008
7255373ns          107948 1c00818e 00000013 nop                                 
7255393ns          107949 1c00818c 00042703 lw               x14, 0(x8)          x14=dead0318  x8:19000008  PA:19000008
7255413ns          107950 1c00818e 00000013 nop                                 
7255433ns          107951 1c00818c 00042703 lw               x14, 0(x8)          x14=dead0319  x8:19000008  PA:19000008
7255453ns          107952 1c00818e 00000013 nop                                 
7255473ns          107953 1c00818c 00042703 lw               x14, 0(x8)          x14=dead031a  x8:19000008  PA:19000008
7255493ns          107954 1c00818e 00000013 nop                                 
7255512ns          107955 1c00818c 00042703 lw               x14, 0(x8)          x14=dead031b  x8:19000008  PA:19000008
7255532ns          107956 1c00818e 00000013 nop                                 
7255552ns          107957 1c00818c 00042703 lw               x14, 0(x8)          x14=dead031c  x8:19000008  PA:19000008
7255572ns          107958 1c00818e 00000013 nop                                 
7255592ns          107959 1c00818c 00042703 lw               x14, 0(x8)          x14=dead031d  x8:19000008  PA:19000008
7255612ns          107960 1c00818e 00000013 nop                                 
7255632ns          107961 1c00818c 00042703 lw               x14, 0(x8)          x14=dead031e  x8:19000008  PA:19000008
7255652ns          107962 1c00818e 00000013 nop                                 
7255672ns          107963 1c00818c 00042703 lw               x14, 0(x8)          x14=dead031f  x8:19000008  PA:19000008
7255691ns          107964 1c00818e 00000013 nop                                 
7255711ns          107965 1c00818c 00042703 lw               x14, 0(x8)          x14=dead0320  x8:19000008  PA:19000008
7255731ns          107966 1c00818e 00000013 nop                                 
7255751ns          107967 1c00818c 00042703 lw               x14, 0(x8)          x14=dead0321  x8:19000008  PA:19000008
7255771ns          107968 1c00818e 00000013 nop                                 
7255791ns          107969 1c00818c 00042703 lw               x14, 0(x8)          x14=dead0322  x8:19000008  PA:19000008
7255811ns          107970 1c00818e 00000013 nop                                 
7255831ns          107971 1c00818c 00042703 lw               x14, 0(x8)          x14=dead0323  x8:19000008  PA:19000008
7255851ns          107972 1c00818e 00000013 nop                                 
7255870ns          107973 1c00818c 00042703 lw               x14, 0(x8)          x14=dead0324  x8:19000008  PA:19000008
7255890ns          107974 1c00818e 00000013 nop                                 
7255910ns          107975 1c00818c 00042703 lw               x14, 0(x8)          x14=dead0325  x8:19000008  PA:19000008
7255930ns          107976 1c00818e 00000013 nop                                 
7255950ns          107977 1c00818c 00042703 lw               x14, 0(x8)          x14=dead0326  x8:19000008  PA:19000008
7255970ns          107978 1c00818e 00000013 nop                                 
7255990ns          107979 1c00818c 00042703 lw               x14, 0(x8)          x14=dead0327  x8:19000008  PA:19000008
7256010ns          107980 1c00818e 00000013 nop                                 
7256030ns          107981 1c008190 4f6000ef jal              x1, 1270             x1=1c008192
7256089ns          107984 1c008686 f14027f3 csrrs            x15, x0, 0xf14      x15=00000002
7256109ns          107985 1c00868a 01f00713 addi             x14, x0, 31         x14=0000001f
7256129ns          107986 1c00868c ca5797b3 p.extractu       x15, x15, 5, 5      x15=00000000 x15:00000002
7256149ns          107987 1c008690 00e78863 beq              x15, x14, 16        x15:00000000 x14:0000001f
7256169ns          107988 1c008694 002047b7 lui              x15, 0x204000       x15=00204000
7256189ns          107989 1c008698 20078793 addi             x15, x15, 512       x15=00204200 x15:00204000
