                Time          Cycles PC       Instr    Mnemonic
7239003ns          107125 1c008080 0640006f jal              x0, 100            
7239461ns          107148 1c0080e4 f1402573 csrrs            x10, x0, 0xf14      x10=00000000
7239500ns          107150 1c0080e8 01f57593 andi             x11, x10, 31        x11=00000000 x10:00000000
7239520ns          107151 1c0080ec 00555513 srli             x10, x10, 0x5       x10=00000000 x10:00000000
7239540ns          107152 1c0080ee 01f00613 addi             x12, x0, 31         x12=0000001f
7239958ns          107173 1c0080f0 00c50463 beq              x10, x12, 8         x10:00000000 x12:0000001f
7239998ns          107175 1c0080f4 fa1ff06f jal              x0, -96            
7240455ns          107198 1c008094 f3ff8117 auipc            x2, 0xf3ff8000       x2=10000094
7240495ns          107200 1c008098 f7010113 addi             x2, x2, -144         x2=10000004  x2:10000094
7240515ns          107201 1c00809c 00012103 lw               x2, 0(x2)            x2=10000008  x2:10000004  PA:10000004
7240952ns          107223 1c0080a0 000011b7 lui              x3, 0x1000           x3=00001000
7240992ns          107225 1c0080a4 80018193 addi             x3, x3, -2048        x3=00000800  x3:00001000
7241012ns          107226 1c0080a8 00158593 addi             x11, x11, 1         x11=00000001 x11:00000000
7241032ns          107227 1c0080ac 02b180b3 mul              x1, x3, x11          x1=00000800  x3:00000800 x11:00000001
7241470ns          107249 1c0080b0 00110133 add              x2, x2, x1           x2=10000808  x2:10000008  x1:00000800
7241509ns          107251 1c0080b4 4be0006f jal              x0, 1214           
7241967ns          107274 1c008572 ff010113 addi             x2, x2, -16          x2=100007f8  x2:10000808
7242007ns          107276 1c008574 00112623 sw               x1, 12(x2)           x1:00000800  x2:100007f8  PA:10000804
7242027ns          107277 1c008576 002047b7 lui              x15, 0x204000       x15=00204000
7242046ns          107278 1c00857a 00070737 lui              x14, 0x70000        x14=00070000
7242066ns          107279 1c00857e 00e7a423 sw               x14, 8(x15)         x14:00070000 x15:00204000  PA:00204008
7242504ns          107301 1c008580 00f00713 addi             x14, x0, 15         x14=0000000f
7242544ns          107303 1c008582 20078793 addi             x15, x15, 512       x15=00204200 x15:00204000
7242564ns          107304 1c008586 00e7a023 sw               x14, 0(x15)         x14:0000000f x15:00204200  PA:00204200
7242583ns          107305 1c00858a 00e7a623 sw               x14, 12(x15)        x14:0000000f x15:00204200  PA:0020420c
7243021ns          107327 1c00858e 1c0017b7 lui              x15, 0x1c001000     x15=1c001000
7243061ns          107329 1c008592 8547a783 lw               x15, -1964(x15)     x15=1c00813e x15:1c001000  PA:1c000854
7243399ns          107346 1c008596 000780e7 jalr             x1, x15, 0           x1=1c008598 x15:1c00813e
7244473ns          107400 1c00813e f14027f3 csrrs            x15, x0, 0xf14      x15=00000000
7244513ns          107402 1c008142 ca579733 p.extractu       x14, x15, 5, 5      x14=00000000 x15:00000000
7244533ns          107403 1c008146 04071c63 bne              x14, x0, 88         x14:00000000
7244553ns          107404 1c008148 f5010113 addi             x2, x2, -176         x2=10000748  x2:100007f8
7244573ns          107405 1c00814a 0a812423 sw               x8, 168(x2)          x8:xxxxxxxx  x2:10000748  PA:100007f0
7244592ns          107406 1c00814c 0a912223 sw               x9, 164(x2)          x9:xxxxxxxx  x2:10000748  PA:100007ec
7244612ns          107407 1c00814e 0a112623 sw               x1, 172(x2)          x1:1c008598  x2:10000748  PA:100007f4
7244990ns          107426 1c008150 f457b4b3 p.bclr           x9, x15, 26, 5       x9=00000000 x15:00000000
7245030ns          107428 1c008154 06400437 lui              x8, 0x6400000        x8=06400000
7245050ns          107429 1c008158 52e000ef jal              x1, 1326             x1=1c00815a
7245547ns          107454 1c008686 f14027f3 csrrs            x15, x0, 0xf14      x15=00000000
7245567ns          107455 1c00868a 01f00713 addi             x14, x0, 31         x14=0000001f
7245587ns          107456 1c00868c ca5797b3 p.extractu       x15, x15, 5, 5      x15=00000000 x15:00000000
7246005ns          107477 1c008690 00e78863 beq              x15, x14, 16        x15:00000000 x14:0000001f
7246044ns          107479 1c008694 002047b7 lui              x15, 0x204000       x15=00204000
7246064ns          107480 1c008698 20078793 addi             x15, x15, 512       x15=00204200 x15:00204000
7246084ns          107481 1c00869c 01c7e703 p.elw            x14, 28(x15)        x14=00010000 x15:00204200  PA:0020421c
7246542ns          107504 1c0086a0 00008067 jalr             x0, x1, 0            x1:1c00815a
7246601ns          107507 1c00815a 00849793 slli             x15, x9, 0x8        x15=00000000  x9:00000000
7246621ns          107508 1c00815e 00940433 add              x8, x8, x9           x8=06400000  x8:06400000  x9:00000000
7247039ns          107529 1c008160 dead0537 lui              x10, 0xdead0000     x10=dead0000
7247079ns          107531 1c008164 00f56533 or               x10, x10, x15       x10=dead0000 x10:dead0000 x15:00000000
7247099ns          107532 1c008166 002006b3 add              x13, x0, x2         x13=10000748  x2:10000748
7247119ns          107533 1c008168 00241413 slli             x8, x8, 0x2          x8=19000000  x8:06400000
7247138ns          107534 1c00816a 00200633 add              x12, x0, x2         x12=10000748  x2:10000748
7247158ns          107535 1c00816c 00000713 addi             x14, x0, 0          x14=00000000
7247556ns          107555 1c00816e 028350fb lp.setupi        0x1, 0x28, 0x6     
7247596ns          107557 1c008172 00a765b3 or               x11, x14, x10       x11=dead0000 x14:00000000 x10:dead0000
7247616ns          107558 1c008176 00b6222b p.sw             x11, 4(x12!)        x12=1000074c x11:dead0000 x12:10000748  PA:10000748
7247636ns          107559 1c00817a 00170713 addi             x14, x14, 1         x14=00000001 x14:00000000
7247675ns          107561 1c008172 00a765b3 or               x11, x14, x10       x11=dead0001 x14:00000001 x10:dead0000
7247695ns          107562 1c008176 00b6222b p.sw             x11, 4(x12!)        x12=10000750 x11:dead0001 x12:1000074c  PA:1000074c
7247715ns          107563 1c00817a 00170713 addi             x14, x14, 1         x14=00000002 x14:00000001
7247755ns          107565 1c008172 00a765b3 or               x11, x14, x10       x11=dead0002 x14:00000002 x10:dead0000
7247775ns          107566 1c008176 00b6222b p.sw             x11, 4(x12!)        x12=10000754 x11:dead0002 x12:10000750  PA:10000750
7247795ns          107567 1c00817a 00170713 addi             x14, x14, 1         x14=00000003 x14:00000002
7247835ns          107569 1c008172 00a765b3 or               x11, x14, x10       x11=dead0003 x14:00000003 x10:dead0000
7247855ns          107570 1c008176 00b6222b p.sw             x11, 4(x12!)        x12=10000758 x11:dead0003 x12:10000754  PA:10000754
7247874ns          107571 1c00817a 00170713 addi             x14, x14, 1         x14=00000004 x14:00000003
7247914ns          107573 1c008172 00a765b3 or               x11, x14, x10       x11=dead0004 x14:00000004 x10:dead0000
7247934ns          107574 1c008176 00b6222b p.sw             x11, 4(x12!)        x12=1000075c x11:dead0004 x12:10000758  PA:10000758
7247954ns          107575 1c00817a 00170713 addi             x14, x14, 1         x14=00000005 x14:00000004
7247994ns          107577 1c008172 00a765b3 or               x11, x14, x10       x11=dead0005 x14:00000005 x10:dead0000
7248014ns          107578 1c008176 00b6222b p.sw             x11, 4(x12!)        x12=10000760 x11:dead0005 x12:1000075c  PA:1000075c
7248034ns          107579 1c00817a 00170713 addi             x14, x14, 1         x14=00000006 x14:00000005
7248073ns          107581 1c008172 00a765b3 or               x11, x14, x10       x11=dead0006 x14:00000006 x10:dead0000
7248093ns          107582 1c008176 00b6222b p.sw             x11, 4(x12!)        x12=10000764 x11:dead0006 x12:10000760  PA:10000760
7248113ns          107583 1c00817a 00170713 addi             x14, x14, 1         x14=00000007 x14:00000006
7248153ns          107585 1c008172 00a765b3 or               x11, x14, x10       x11=dead0007 x14:00000007 x10:dead0000
7248173ns          107586 1c008176 00b6222b p.sw             x11, 4(x12!)        x12=10000768 x11:dead0007 x12:10000764  PA:10000764
7248193ns          107587 1c00817a 00170713 addi             x14, x14, 1         x14=00000008 x14:00000007
7248232ns          107589 1c008172 00a765b3 or               x11, x14, x10       x11=dead0008 x14:00000008 x10:dead0000
7248252ns          107590 1c008176 00b6222b p.sw             x11, 4(x12!)        x12=1000076c x11:dead0008 x12:10000768  PA:10000768
7248272ns          107591 1c00817a 00170713 addi             x14, x14, 1         x14=00000009 x14:00000008
7248312ns          107593 1c008172 00a765b3 or               x11, x14, x10       x11=dead0009 x14:00000009 x10:dead0000
7248332ns          107594 1c008176 00b6222b p.sw             x11, 4(x12!)        x12=10000770 x11:dead0009 x12:1000076c  PA:1000076c
7248352ns          107595 1c00817a 00170713 addi             x14, x14, 1         x14=0000000a x14:00000009
7248392ns          107597 1c008172 00a765b3 or               x11, x14, x10       x11=dead000a x14:0000000a x10:dead0000
7248411ns          107598 1c008176 00b6222b p.sw             x11, 4(x12!)        x12=10000774 x11:dead000a x12:10000770  PA:10000770
7248431ns          107599 1c00817a 00170713 addi             x14, x14, 1         x14=0000000b x14:0000000a
7248471ns          107601 1c008172 00a765b3 or               x11, x14, x10       x11=dead000b x14:0000000b x10:dead0000
7248491ns          107602 1c008176 00b6222b p.sw             x11, 4(x12!)        x12=10000778 x11:dead000b x12:10000774  PA:10000774
7248511ns          107603 1c00817a 00170713 addi             x14, x14, 1         x14=0000000c x14:0000000b
7248551ns          107605 1c008172 00a765b3 or               x11, x14, x10       x11=dead000c x14:0000000c x10:dead0000
7248571ns          107606 1c008176 00b6222b p.sw             x11, 4(x12!)        x12=1000077c x11:dead000c x12:10000778  PA:10000778
7248590ns          107607 1c00817a 00170713 addi             x14, x14, 1         x14=0000000d x14:0000000c
7248630ns          107609 1c008172 00a765b3 or               x11, x14, x10       x11=dead000d x14:0000000d x10:dead0000
7248650ns          107610 1c008176 00b6222b p.sw             x11, 4(x12!)        x12=10000780 x11:dead000d x12:1000077c  PA:1000077c
7248670ns          107611 1c00817a 00170713 addi             x14, x14, 1         x14=0000000e x14:0000000d
7248710ns          107613 1c008172 00a765b3 or               x11, x14, x10       x11=dead000e x14:0000000e x10:dead0000
7248730ns          107614 1c008176 00b6222b p.sw             x11, 4(x12!)        x12=10000784 x11:dead000e x12:10000780  PA:10000780
7248750ns          107615 1c00817a 00170713 addi             x14, x14, 1         x14=0000000f x14:0000000e
7248789ns          107617 1c008172 00a765b3 or               x11, x14, x10       x11=dead000f x14:0000000f x10:dead0000
7248809ns          107618 1c008176 00b6222b p.sw             x11, 4(x12!)        x12=10000788 x11:dead000f x12:10000784  PA:10000784
7248829ns          107619 1c00817a 00170713 addi             x14, x14, 1         x14=00000010 x14:0000000f
7248869ns          107621 1c008172 00a765b3 or               x11, x14, x10       x11=dead0010 x14:00000010 x10:dead0000
7248889ns          107622 1c008176 00b6222b p.sw             x11, 4(x12!)        x12=1000078c x11:dead0010 x12:10000788  PA:10000788
7248909ns          107623 1c00817a 00170713 addi             x14, x14, 1         x14=00000011 x14:00000010
7248948ns          107625 1c008172 00a765b3 or               x11, x14, x10       x11=dead0011 x14:00000011 x10:dead0000
7248968ns          107626 1c008176 00b6222b p.sw             x11, 4(x12!)        x12=10000790 x11:dead0011 x12:1000078c  PA:1000078c
7248988ns          107627 1c00817a 00170713 addi             x14, x14, 1         x14=00000012 x14:00000011
7249028ns          107629 1c008172 00a765b3 or               x11, x14, x10       x11=dead0012 x14:00000012 x10:dead0000
7249048ns          107630 1c008176 00b6222b p.sw             x11, 4(x12!)        x12=10000794 x11:dead0012 x12:10000790  PA:10000790
7249068ns          107631 1c00817a 00170713 addi             x14, x14, 1         x14=00000013 x14:00000012
7249108ns          107633 1c008172 00a765b3 or               x11, x14, x10       x11=dead0013 x14:00000013 x10:dead0000
7249128ns          107634 1c008176 00b6222b p.sw             x11, 4(x12!)        x12=10000798 x11:dead0013 x12:10000794  PA:10000794
7249147ns          107635 1c00817a 00170713 addi             x14, x14, 1         x14=00000014 x14:00000013
7249187ns          107637 1c008172 00a765b3 or               x11, x14, x10       x11=dead0014 x14:00000014 x10:dead0000
7249207ns          107638 1c008176 00b6222b p.sw             x11, 4(x12!)        x12=1000079c x11:dead0014 x12:10000798  PA:10000798
7249227ns          107639 1c00817a 00170713 addi             x14, x14, 1         x14=00000015 x14:00000014
7249267ns          107641 1c008172 00a765b3 or               x11, x14, x10       x11=dead0015 x14:00000015 x10:dead0000
7249287ns          107642 1c008176 00b6222b p.sw             x11, 4(x12!)        x12=100007a0 x11:dead0015 x12:1000079c  PA:1000079c
7249307ns          107643 1c00817a 00170713 addi             x14, x14, 1         x14=00000016 x14:00000015
7249346ns          107645 1c008172 00a765b3 or               x11, x14, x10       x11=dead0016 x14:00000016 x10:dead0000
7249366ns          107646 1c008176 00b6222b p.sw             x11, 4(x12!)        x12=100007a4 x11:dead0016 x12:100007a0  PA:100007a0
7249386ns          107647 1c00817a 00170713 addi             x14, x14, 1         x14=00000017 x14:00000016
7249426ns          107649 1c008172 00a765b3 or               x11, x14, x10       x11=dead0017 x14:00000017 x10:dead0000
7249446ns          107650 1c008176 00b6222b p.sw             x11, 4(x12!)        x12=100007a8 x11:dead0017 x12:100007a4  PA:100007a4
7249466ns          107651 1c00817a 00170713 addi             x14, x14, 1         x14=00000018 x14:00000017
7249505ns          107653 1c008172 00a765b3 or               x11, x14, x10       x11=dead0018 x14:00000018 x10:dead0000
7249525ns          107654 1c008176 00b6222b p.sw             x11, 4(x12!)        x12=100007ac x11:dead0018 x12:100007a8  PA:100007a8
7249545ns          107655 1c00817a 00170713 addi             x14, x14, 1         x14=00000019 x14:00000018
7249585ns          107657 1c008172 00a765b3 or               x11, x14, x10       x11=dead0019 x14:00000019 x10:dead0000
7249605ns          107658 1c008176 00b6222b p.sw             x11, 4(x12!)        x12=100007b0 x11:dead0019 x12:100007ac  PA:100007ac
7249625ns          107659 1c00817a 00170713 addi             x14, x14, 1         x14=0000001a x14:00000019
7249665ns          107661 1c008172 00a765b3 or               x11, x14, x10       x11=dead001a x14:0000001a x10:dead0000
7249684ns          107662 1c008176 00b6222b p.sw             x11, 4(x12!)        x12=100007b4 x11:dead001a x12:100007b0  PA:100007b0
7249704ns          107663 1c00817a 00170713 addi             x14, x14, 1         x14=0000001b x14:0000001a
7249744ns          107665 1c008172 00a765b3 or               x11, x14, x10       x11=dead001b x14:0000001b x10:dead0000
7249764ns          107666 1c008176 00b6222b p.sw             x11, 4(x12!)        x12=100007b8 x11:dead001b x12:100007b4  PA:100007b4
7249784ns          107667 1c00817a 00170713 addi             x14, x14, 1         x14=0000001c x14:0000001b
7249824ns          107669 1c008172 00a765b3 or               x11, x14, x10       x11=dead001c x14:0000001c x10:dead0000
7249844ns          107670 1c008176 00b6222b p.sw             x11, 4(x12!)        x12=100007bc x11:dead001c x12:100007b8  PA:100007b8
7249863ns          107671 1c00817a 00170713 addi             x14, x14, 1         x14=0000001d x14:0000001c
7249903ns          107673 1c008172 00a765b3 or               x11, x14, x10       x11=dead001d x14:0000001d x10:dead0000
7249923ns          107674 1c008176 00b6222b p.sw             x11, 4(x12!)        x12=100007c0 x11:dead001d x12:100007bc  PA:100007bc
7249943ns          107675 1c00817a 00170713 addi             x14, x14, 1         x14=0000001e x14:0000001d
7249983ns          107677 1c008172 00a765b3 or               x11, x14, x10       x11=dead001e x14:0000001e x10:dead0000
7250003ns          107678 1c008176 00b6222b p.sw             x11, 4(x12!)        x12=100007c4 x11:dead001e x12:100007c0  PA:100007c0
7250023ns          107679 1c00817a 00170713 addi             x14, x14, 1         x14=0000001f x14:0000001e
7250062ns          107681 1c008172 00a765b3 or               x11, x14, x10       x11=dead001f x14:0000001f x10:dead0000
7250082ns          107682 1c008176 00b6222b p.sw             x11, 4(x12!)        x12=100007c8 x11:dead001f x12:100007c4  PA:100007c4
7250102ns          107683 1c00817a 00170713 addi             x14, x14, 1         x14=00000020 x14:0000001f
7250142ns          107685 1c008172 00a765b3 or               x11, x14, x10       x11=dead0020 x14:00000020 x10:dead0000
7250162ns          107686 1c008176 00b6222b p.sw             x11, 4(x12!)        x12=100007cc x11:dead0020 x12:100007c8  PA:100007c8
7250182ns          107687 1c00817a 00170713 addi             x14, x14, 1         x14=00000021 x14:00000020
7250221ns          107689 1c008172 00a765b3 or               x11, x14, x10       x11=dead0021 x14:00000021 x10:dead0000
7250241ns          107690 1c008176 00b6222b p.sw             x11, 4(x12!)        x12=100007d0 x11:dead0021 x12:100007cc  PA:100007cc
7250261ns          107691 1c00817a 00170713 addi             x14, x14, 1         x14=00000022 x14:00000021
7250301ns          107693 1c008172 00a765b3 or               x11, x14, x10       x11=dead0022 x14:00000022 x10:dead0000
7250321ns          107694 1c008176 00b6222b p.sw             x11, 4(x12!)        x12=100007d4 x11:dead0022 x12:100007d0  PA:100007d0
7250341ns          107695 1c00817a 00170713 addi             x14, x14, 1         x14=00000023 x14:00000022
7250381ns          107697 1c008172 00a765b3 or               x11, x14, x10       x11=dead0023 x14:00000023 x10:dead0000
7250401ns          107698 1c008176 00b6222b p.sw             x11, 4(x12!)        x12=100007d8 x11:dead0023 x12:100007d4  PA:100007d4
7250420ns          107699 1c00817a 00170713 addi             x14, x14, 1         x14=00000024 x14:00000023
7250460ns          107701 1c008172 00a765b3 or               x11, x14, x10       x11=dead0024 x14:00000024 x10:dead0000
7250480ns          107702 1c008176 00b6222b p.sw             x11, 4(x12!)        x12=100007dc x11:dead0024 x12:100007d8  PA:100007d8
7250500ns          107703 1c00817a 00170713 addi             x14, x14, 1         x14=00000025 x14:00000024
7250540ns          107705 1c008172 00a765b3 or               x11, x14, x10       x11=dead0025 x14:00000025 x10:dead0000
7250560ns          107706 1c008176 00b6222b p.sw             x11, 4(x12!)        x12=100007e0 x11:dead0025 x12:100007dc  PA:100007dc
7250580ns          107707 1c00817a 00170713 addi             x14, x14, 1         x14=00000026 x14:00000025
7250619ns          107709 1c008172 00a765b3 or               x11, x14, x10       x11=dead0026 x14:00000026 x10:dead0000
7250639ns          107710 1c008176 00b6222b p.sw             x11, 4(x12!)        x12=100007e4 x11:dead0026 x12:100007e0  PA:100007e0
7250659ns          107711 1c00817a 00170713 addi             x14, x14, 1         x14=00000027 x14:00000026
7250699ns          107713 1c008172 00a765b3 or               x11, x14, x10       x11=dead0027 x14:00000027 x10:dead0000
7250719ns          107714 1c008176 00b6222b p.sw             x11, 4(x12!)        x12=100007e8 x11:dead0027 x12:100007e4  PA:100007e4
7250739ns          107715 1c00817a 00170713 addi             x14, x14, 1         x14=00000028 x14:00000027
7250759ns          107716 1c00817c 028250fb lp.setupi        0x1, 0x28, 0x4     
7251176ns          107737 1c008180 0046a70b p.lw             x14, 4(x13!)        x14=dead0000 x13=1000074c x13:10000748  PA:10000748
7251216ns          107739 1c008184 00e42023 sw               x14, 0(x8)          x14:dead0000  x8:19000000  PA:19000000
7251236ns          107740 1c008180 0046a70b p.lw             x14, 4(x13!)        x14=dead0001 x13=10000750 x13:1000074c  PA:1000074c
7251276ns          107742 1c008184 00e42023 sw               x14, 0(x8)          x14:dead0001  x8:19000000  PA:19000000
7251296ns          107743 1c008180 0046a70b p.lw             x14, 4(x13!)        x14=dead0002 x13=10000754 x13:10000750  PA:10000750
7251335ns          107745 1c008184 00e42023 sw               x14, 0(x8)          x14:dead0002  x8:19000000  PA:19000000
7251355ns          107746 1c008180 0046a70b p.lw             x14, 4(x13!)        x14=dead0003 x13=10000758 x13:10000754  PA:10000754
7251395ns          107748 1c008184 00e42023 sw               x14, 0(x8)          x14:dead0003  x8:19000000  PA:19000000
7251415ns          107749 1c008180 0046a70b p.lw             x14, 4(x13!)        x14=dead0004 x13=1000075c x13:10000758  PA:10000758
7251455ns          107751 1c008184 00e42023 sw               x14, 0(x8)          x14:dead0004  x8:19000000  PA:19000000
7251475ns          107752 1c008180 0046a70b p.lw             x14, 4(x13!)        x14=dead0005 x13=10000760 x13:1000075c  PA:1000075c
7251514ns          107754 1c008184 00e42023 sw               x14, 0(x8)          x14:dead0005  x8:19000000  PA:19000000
7251534ns          107755 1c008180 0046a70b p.lw             x14, 4(x13!)        x14=dead0006 x13=10000764 x13:10000760  PA:10000760
7251574ns          107757 1c008184 00e42023 sw               x14, 0(x8)          x14:dead0006  x8:19000000  PA:19000000
7251594ns          107758 1c008180 0046a70b p.lw             x14, 4(x13!)        x14=dead0007 x13=10000768 x13:10000764  PA:10000764
7251634ns          107760 1c008184 00e42023 sw               x14, 0(x8)          x14:dead0007  x8:19000000  PA:19000000
7251654ns          107761 1c008180 0046a70b p.lw             x14, 4(x13!)        x14=dead0008 x13=1000076c x13:10000768  PA:10000768
7251693ns          107763 1c008184 00e42023 sw               x14, 0(x8)          x14:dead0008  x8:19000000  PA:19000000
7251713ns          107764 1c008180 0046a70b p.lw             x14, 4(x13!)        x14=dead0009 x13=10000770 x13:1000076c  PA:1000076c
7251753ns          107766 1c008184 00e42023 sw               x14, 0(x8)          x14:dead0009  x8:19000000  PA:19000000
7251773ns          107767 1c008180 0046a70b p.lw             x14, 4(x13!)        x14=dead000a x13=10000774 x13:10000770  PA:10000770
7251813ns          107769 1c008184 00e42023 sw               x14, 0(x8)          x14:dead000a  x8:19000000  PA:19000000
7251833ns          107770 1c008180 0046a70b p.lw             x14, 4(x13!)        x14=dead000b x13=10000778 x13:10000774  PA:10000774
7251872ns          107772 1c008184 00e42023 sw               x14, 0(x8)          x14:dead000b  x8:19000000  PA:19000000
7251892ns          107773 1c008180 0046a70b p.lw             x14, 4(x13!)        x14=dead000c x13=1000077c x13:10000778  PA:10000778
7251932ns          107775 1c008184 00e42023 sw               x14, 0(x8)          x14:dead000c  x8:19000000  PA:19000000
7251952ns          107776 1c008180 0046a70b p.lw             x14, 4(x13!)        x14=dead000d x13=10000780 x13:1000077c  PA:1000077c
7251992ns          107778 1c008184 00e42023 sw               x14, 0(x8)          x14:dead000d  x8:19000000  PA:19000000
7252012ns          107779 1c008180 0046a70b p.lw             x14, 4(x13!)        x14=dead000e x13=10000784 x13:10000780  PA:10000780
7252051ns          107781 1c008184 00e42023 sw               x14, 0(x8)          x14:dead000e  x8:19000000  PA:19000000
7252071ns          107782 1c008180 0046a70b p.lw             x14, 4(x13!)        x14=dead000f x13=10000788 x13:10000784  PA:10000784
7252111ns          107784 1c008184 00e42023 sw               x14, 0(x8)          x14:dead000f  x8:19000000  PA:19000000
7252131ns          107785 1c008180 0046a70b p.lw             x14, 4(x13!)        x14=dead0010 x13=1000078c x13:10000788  PA:10000788
7252171ns          107787 1c008184 00e42023 sw               x14, 0(x8)          x14:dead0010  x8:19000000  PA:19000000
7252191ns          107788 1c008180 0046a70b p.lw             x14, 4(x13!)        x14=dead0011 x13=10000790 x13:1000078c  PA:1000078c
7252230ns          107790 1c008184 00e42023 sw               x14, 0(x8)          x14:dead0011  x8:19000000  PA:19000000
7252250ns          107791 1c008180 0046a70b p.lw             x14, 4(x13!)        x14=dead0012 x13=10000794 x13:10000790  PA:10000790
7252290ns          107793 1c008184 00e42023 sw               x14, 0(x8)          x14:dead0012  x8:19000000  PA:19000000
7252310ns          107794 1c008180 0046a70b p.lw             x14, 4(x13!)        x14=dead0013 x13=10000798 x13:10000794  PA:10000794
7252350ns          107796 1c008184 00e42023 sw               x14, 0(x8)          x14:dead0013  x8:19000000  PA:19000000
7252370ns          107797 1c008180 0046a70b p.lw             x14, 4(x13!)        x14=dead0014 x13=1000079c x13:10000798  PA:10000798
7252409ns          107799 1c008184 00e42023 sw               x14, 0(x8)          x14:dead0014  x8:19000000  PA:19000000
7252429ns          107800 1c008180 0046a70b p.lw             x14, 4(x13!)        x14=dead0015 x13=100007a0 x13:1000079c  PA:1000079c
7252469ns          107802 1c008184 00e42023 sw               x14, 0(x8)          x14:dead0015  x8:19000000  PA:19000000
7252489ns          107803 1c008180 0046a70b p.lw             x14, 4(x13!)        x14=dead0016 x13=100007a4 x13:100007a0  PA:100007a0
7252529ns          107805 1c008184 00e42023 sw               x14, 0(x8)          x14:dead0016  x8:19000000  PA:19000000
7252549ns          107806 1c008180 0046a70b p.lw             x14, 4(x13!)        x14=dead0017 x13=100007a8 x13:100007a4  PA:100007a4
7252588ns          107808 1c008184 00e42023 sw               x14, 0(x8)          x14:dead0017  x8:19000000  PA:19000000
7252608ns          107809 1c008180 0046a70b p.lw             x14, 4(x13!)        x14=dead0018 x13=100007ac x13:100007a8  PA:100007a8
7252648ns          107811 1c008184 00e42023 sw               x14, 0(x8)          x14:dead0018  x8:19000000  PA:19000000
7252668ns          107812 1c008180 0046a70b p.lw             x14, 4(x13!)        x14=dead0019 x13=100007b0 x13:100007ac  PA:100007ac
7252708ns          107814 1c008184 00e42023 sw               x14, 0(x8)          x14:dead0019  x8:19000000  PA:19000000
7252728ns          107815 1c008180 0046a70b p.lw             x14, 4(x13!)        x14=dead001a x13=100007b4 x13:100007b0  PA:100007b0
7252768ns          107817 1c008184 00e42023 sw               x14, 0(x8)          x14:dead001a  x8:19000000  PA:19000000
7252787ns          107818 1c008180 0046a70b p.lw             x14, 4(x13!)        x14=dead001b x13=100007b8 x13:100007b4  PA:100007b4
7252827ns          107820 1c008184 00e42023 sw               x14, 0(x8)          x14:dead001b  x8:19000000  PA:19000000
7252847ns          107821 1c008180 0046a70b p.lw             x14, 4(x13!)        x14=dead001c x13=100007bc x13:100007b8  PA:100007b8
7252887ns          107823 1c008184 00e42023 sw               x14, 0(x8)          x14:dead001c  x8:19000000  PA:19000000
7252907ns          107824 1c008180 0046a70b p.lw             x14, 4(x13!)        x14=dead001d x13=100007c0 x13:100007bc  PA:100007bc
7252947ns          107826 1c008184 00e42023 sw               x14, 0(x8)          x14:dead001d  x8:19000000  PA:19000000
7252966ns          107827 1c008180 0046a70b p.lw             x14, 4(x13!)        x14=dead001e x13=100007c4 x13:100007c0  PA:100007c0
7253006ns          107829 1c008184 00e42023 sw               x14, 0(x8)          x14:dead001e  x8:19000000  PA:19000000
7253026ns          107830 1c008180 0046a70b p.lw             x14, 4(x13!)        x14=dead001f x13=100007c8 x13:100007c4  PA:100007c4
7253066ns          107832 1c008184 00e42023 sw               x14, 0(x8)          x14:dead001f  x8:19000000  PA:19000000
7253086ns          107833 1c008180 0046a70b p.lw             x14, 4(x13!)        x14=dead0020 x13=100007cc x13:100007c8  PA:100007c8
7253126ns          107835 1c008184 00e42023 sw               x14, 0(x8)          x14:dead0020  x8:19000000  PA:19000000
7253145ns          107836 1c008180 0046a70b p.lw             x14, 4(x13!)        x14=dead0021 x13=100007d0 x13:100007cc  PA:100007cc
7253185ns          107838 1c008184 00e42023 sw               x14, 0(x8)          x14:dead0021  x8:19000000  PA:19000000
7253205ns          107839 1c008180 0046a70b p.lw             x14, 4(x13!)        x14=dead0022 x13=100007d4 x13:100007d0  PA:100007d0
7253245ns          107841 1c008184 00e42023 sw               x14, 0(x8)          x14:dead0022  x8:19000000  PA:19000000
7253265ns          107842 1c008180 0046a70b p.lw             x14, 4(x13!)        x14=dead0023 x13=100007d8 x13:100007d4  PA:100007d4
7253305ns          107844 1c008184 00e42023 sw               x14, 0(x8)          x14:dead0023  x8:19000000  PA:19000000
7253324ns          107845 1c008180 0046a70b p.lw             x14, 4(x13!)        x14=dead0024 x13=100007dc x13:100007d8  PA:100007d8
7253364ns          107847 1c008184 00e42023 sw               x14, 0(x8)          x14:dead0024  x8:19000000  PA:19000000
7253384ns          107848 1c008180 0046a70b p.lw             x14, 4(x13!)        x14=dead0025 x13=100007e0 x13:100007dc  PA:100007dc
7253424ns          107850 1c008184 00e42023 sw               x14, 0(x8)          x14:dead0025  x8:19000000  PA:19000000
7253444ns          107851 1c008180 0046a70b p.lw             x14, 4(x13!)        x14=dead0026 x13=100007e4 x13:100007e0  PA:100007e0
7253484ns          107853 1c008184 00e42023 sw               x14, 0(x8)          x14:dead0026  x8:19000000  PA:19000000
7253503ns          107854 1c008180 0046a70b p.lw             x14, 4(x13!)        x14=dead0027 x13=100007e8 x13:100007e4  PA:100007e4
7253543ns          107856 1c008184 00e42023 sw               x14, 0(x8)          x14:dead0027  x8:19000000  PA:19000000
7253563ns          107857 1c008186 500000ef jal              x1, 1280             x1=1c008188
7254041ns          107881 1c008686 f14027f3 csrrs            x15, x0, 0xf14      x15=00000000
7254060ns          107882 1c00868a 01f00713 addi             x14, x0, 31         x14=0000001f
7254080ns          107883 1c00868c ca5797b3 p.extractu       x15, x15, 5, 5      x15=00000000 x15:00000000
7254100ns          107884 1c008690 00e78863 beq              x15, x14, 16        x15:00000000 x14:0000001f
7254120ns          107885 1c008694 002047b7 lui              x15, 0x204000       x15=00204000
7254140ns          107886 1c008698 20078793 addi             x15, x15, 512       x15=00204200 x15:00204000
7254160ns          107887 1c00869c 01c7e703 p.elw            x14, 28(x15)        x14=00010000 x15:00204200  PA:0020421c
7254379ns          107898 1c0086a0 00008067 jalr             x0, x1, 0            x1:1c008188
7254418ns          107900 1c008188 0281d0fb lp.setupi        0x1, 0x28, 0x3     
