                Time          Cycles PC       Instr    Mnemonic
14654675ns          237610 1c008080 0640006f jal              x0, 100            
14655132ns          237633 1c0080e4 f1402573 csrrs            x10, x0, 0xf14      x10=00000001
14655172ns          237635 1c0080e8 01f57593 andi             x11, x10, 31        x11=00000001 x10:00000001
14655192ns          237636 1c0080ec 00555513 srli             x10, x10, 0x5       x10=00000000 x10:00000001
14655212ns          237637 1c0080ee 01f00613 addi             x12, x0, 31         x12=0000001f
14655630ns          237658 1c0080f0 00c50463 beq              x10, x12, 8         x10:00000000 x12:0000001f
14655669ns          237660 1c0080f4 fa1ff06f jal              x0, -96            
14656127ns          237683 1c008094 f3ff8117 auipc            x2, 0xf3ff8000       x2=10000094
14656167ns          237685 1c008098 f7010113 addi             x2, x2, -144         x2=10000004  x2:10000094
14656187ns          237686 1c00809c 00012103 lw               x2, 0(x2)            x2=10000008  x2:10000004  PA:10000004
14656644ns          237709 1c0080a0 000011b7 lui              x3, 0x1000           x3=00001000
14656684ns          237711 1c0080a4 80018193 addi             x3, x3, -2048        x3=00000800  x3:00001000
14656704ns          237712 1c0080a8 00158593 addi             x11, x11, 1         x11=00000002 x11:00000001
14656724ns          237713 1c0080ac 02b180b3 mul              x1, x3, x11          x1=00001000  x3:00000800 x11:00000002
14657161ns          237735 1c0080b0 00110133 add              x2, x2, x1           x2=10001008  x2:10000008  x1:00001000
14657201ns          237737 1c0080b4 5210106f jal              x0, 7456           
14657658ns          237760 1c009dd4 ff010113 addi             x2, x2, -16          x2=10000ff8  x2:10001008
14657678ns          237761 1c009dd6 00112623 sw               x1, 12(x2)           x1:00001000  x2:10000ff8  PA:10001004
14657698ns          237762 1c009dd8 002047b7 lui              x15, 0x204000       x15=00204000
14657718ns          237763 1c009ddc 00070737 lui              x14, 0x70000        x14=00070000
14658156ns          237785 1c009de0 00e7a423 sw               x14, 8(x15)         x14:00070000 x15:00204000  PA:00204008
14658176ns          237786 1c009de2 00f00713 addi             x14, x0, 15         x14=0000000f
14658196ns          237787 1c009de4 20078793 addi             x15, x15, 512       x15=00204200 x15:00204000
14658215ns          237788 1c009de8 00e7a023 sw               x14, 0(x15)         x14:0000000f x15:00204200  PA:00204200
14658235ns          237789 1c009dec 00e7a623 sw               x14, 12(x15)        x14:0000000f x15:00204200  PA:0020420c
14658673ns          237811 1c009df0 1c0017b7 lui              x15, 0x1c001000     x15=1c001000
14658713ns          237813 1c009df4 ae47a783 lw               x15, -1308(x15)     x15=1c00832a x15:1c001000  PA:1c000ae4
14659071ns          237831 1c009df8 000780e7 jalr             x1, x15, 0           x1=1c009dfa x15:1c00832a
14659707ns          237863 1c00832a e1010113 addi             x2, x2, -496         x2=10000e08  x2:10000ff8
14659747ns          237865 1c00832c 1e812423 sw               x8, 488(x2)          x8:xxxxxxxx  x2:10000e08  PA:10000ff0
14660185ns          237887 1c008330 1e112623 sw               x1, 492(x2)          x1:1c009dfa  x2:10000e08  PA:10000ff4
14660224ns          237889 1c008334 f1402473 csrrs            x8, x0, 0xf14        x8=00000001
14660244ns          237890 1c008338 ca5417b3 p.extractu       x15, x8, 5, 5       x15=00000000  x8:00000001
14660264ns          237891 1c00833c 16079663 bne              x15, x0, 364        x15:00000000
14660722ns          237914 1c008340 f4543433 p.bclr           x8, x8, 26, 5        x8=00000001  x8:00000001
14660761ns          237916 1c008344 1c000537 lui              x10, 0x1c000000     x10=1c000000
14660781ns          237917 1c008348 00800633 add              x12, x0, x8         x12=00000001  x8:00000001
14660801ns          237918 1c00834a 00100593 addi             x11, x0, 1          x11=00000001
14660821ns          237919 1c00834c 02450513 addi             x10, x10, 36        x10=1c000024 x10:1c000000
14661239ns          237940 1c008350 7e4000ef jal              x1, 2020             x1=1c008354
14661696ns          237963 1c008b34 fc010113 addi             x2, x2, -64          x2=10000dc8  x2:10000e08
14661736ns          237965 1c008b36 02410313 addi             x6, x2, 36           x6=10000dec  x2:10000dc8
14661756ns          237966 1c008b3a 02c12423 sw               x12, 40(x2)         x12:00000001  x2:10000dc8  PA:10000df0
14661776ns          237967 1c008b3c 00a00633 add              x12, x0, x10        x12=1c000024 x10:1c000024
14662194ns          237988 1c008b3e 1c009537 lui              x10, 0x1c009000     x10=1c009000
14662213ns          237989 1c008b42 02b12223 sw               x11, 36(x2)         x11:00000001  x2:10000dc8  PA:10000dec
14662233ns          237990 1c008b44 02d12623 sw               x13, 44(x2)         x13:xxxxxxxx  x2:10000dc8  PA:10000df4
14662253ns          237991 1c008b46 00200593 addi             x11, x0, 2          x11=00000002
14662273ns          237992 1c008b48 006006b3 add              x13, x0, x6         x13=10000dec  x6:10000dec
14662293ns          237993 1c008b4a af050513 addi             x10, x10, -1296     x10=1c008af0 x10:1c009000
14662313ns          237994 1c008b4e 00112e23 sw               x1, 28(x2)           x1:1c008354  x2:10000dc8  PA:10000de4
14662711ns          238014 1c008b50 02e12823 sw               x14, 48(x2)         x14:0000000f  x2:10000dc8  PA:10000df8
14662731ns          238015 1c008b52 02f12a23 sw               x15, 52(x2)         x15:00000000  x2:10000dc8  PA:10000dfc
14662750ns          238016 1c008b54 03012c23 sw               x16, 56(x2)         x16:xxxxxxxx  x2:10000dc8  PA:10000e00
14662770ns          238017 1c008b56 03112e23 sw               x17, 60(x2)         x17:xxxxxxxx  x2:10000dc8  PA:10000e04
14662790ns          238018 1c008b58 00612623 sw               x6, 12(x2)           x6:10000dec  x2:10000dc8  PA:10000dd4
14662810ns          238019 1c008b5a fbfff0ef jal              x1, -66              x1=1c008b5c
14663705ns          238064 1c008b18 04a0006f jal              x0, 74             
14663745ns          238066 1c008b62 ed010113 addi             x2, x2, -304         x2=10000c98  x2:10000dc8
14663765ns          238067 1c008b64 12812423 sw               x8, 296(x2)          x8:00000001  x2:10000c98  PA:10000dc0
14663785ns          238068 1c008b68 00000413 addi             x8, x0, 0            x8=00000000
14663805ns          238069 1c008b6a 11612823 sw               x22, 272(x2)        x22:xxxxxxxx  x2:10000c98  PA:10000da8
14664242ns          238091 1c008b6e 11712623 sw               x23, 268(x2)        x23:xxxxxxxx  x2:10000c98  PA:10000da4
14664282ns          238093 1c008b72 11812423 sw               x24, 264(x2)        x24:xxxxxxxx  x2:10000c98  PA:10000da0
14664302ns          238094 1c008b76 11912223 sw               x25, 260(x2)        x25:xxxxxxxx  x2:10000c98  PA:10000d9c
14664322ns          238095 1c008b7a 11a12023 sw               x26, 256(x2)        x26:xxxxxxxx  x2:10000c98  PA:10000d98
14664342ns          238096 1c008b7e 0fb12e23 sw               x27, 252(x2)        x27:xxxxxxxx  x2:10000c98  PA:10000d94
14664759ns          238117 1c008b80 12112623 sw               x1, 300(x2)          x1:1c008b5c  x2:10000c98  PA:10000dc4
14664799ns          238119 1c008b84 00800db3 add              x27, x0, x8         x27=00000000  x8:00000000
14664819ns          238120 1c008b86 12912223 sw               x9, 292(x2)          x9:xxxxxxxx  x2:10000c98  PA:10000dbc
14664839ns          238121 1c008b8a 13212023 sw               x18, 288(x2)        x18:xxxxxxxx  x2:10000c98  PA:10000db8
14665277ns          238143 1c008b8e 11312e23 sw               x19, 284(x2)        x19:xxxxxxxx  x2:10000c98  PA:10000db4
14665316ns          238145 1c008b92 11412c23 sw               x20, 280(x2)        x20:xxxxxxxx  x2:10000c98  PA:10000db0
14665336ns          238146 1c008b96 11512a23 sw               x21, 276(x2)        x21:xxxxxxxx  x2:10000c98  PA:10000dac
14665356ns          238147 1c008b9a 00a00b33 add              x22, x0, x10        x22=1c008af0 x10:1c008af0
14665376ns          238148 1c008b9c 00b00d33 add              x26, x0, x11        x26=00000002 x11:00000002
14665396ns          238149 1c008b9e 00d00c33 add              x24, x0, x13        x24=10000dec x13:10000dec
14665794ns          238169 1c008ba0 1c000bb7 lui              x23, 0x1c000000     x23=1c000000
14665834ns          238171 1c008ba4 02410c93 addi             x25, x2, 36         x25=10000cbc  x2:10000c98
14665853ns          238172 1c008ba8 00c00433 add              x8, x0, x12          x8=1c000024 x12:1c000024
14665873ns          238173 1c008baa 00044503 lbu              x10, 0(x8)          x10=00000073  x8:1c000024  PA:1c000024
14666291ns          238194 1c008bae 00140413 addi             x8, x8, 1            x8=1c000025  x8:1c000024
14666311ns          238195 1c008bb0 00050e63 beq              x10, x0, 28         x10:00000073
14666351ns          238197 1c008bb2 02500793 addi             x15, x0, 37         x15=00000025
14666371ns          238198 1c008bb6 04f50863 beq              x10, x15, 80        x10:00000073 x15:00000025
14666390ns          238199 1c008bba 01a005b3 add              x11, x0, x26        x11=00000002 x26:00000002
14666410ns          238200 1c008bbc 000b00e7 jalr             x1, x22, 0           x1=1c008bbe x22:1c008af0
14667305ns          238245 1c008af0 000026b7 lui              x13, 0x2000         x13=00002000
14667345ns          238247 1c008af2 f14027f3 csrrs            x15, x0, 0xf14      x15=00000001
14667365ns          238248 1c008af6 f8068693 addi             x13, x13, -128      x13=00001f80 x13:00002000
14667385ns          238249 1c008afa 00379713 slli             x14, x15, 0x3       x14=00000008 x15:00000001
14667405ns          238250 1c008afe 00279793 slli             x15, x15, 0x2       x15=00000004 x15:00000001
14667823ns          238271 1c008b00 00d7f7b3 and              x15, x15, x13       x15=00000000 x15:00000004 x13:00001f80
14667862ns          238273 1c008b02 ee873733 p.bclr           x14, x14, 23, 8     x14=00000008 x14:00000008
14667882ns          238274 1c008b06 1a10f6b7 lui              x13, 0x1a10f000     x13=1a10f000
14667902ns          238275 1c008b0a 0ff57513 andi             x10, x10, 255       x10=00000073 x10:00000073
14667922ns          238276 1c008b0e 00d70733 add              x14, x14, x13       x14=1a10f008 x14:00000008 x13:1a10f000
14667942ns          238277 1c008b10 00a7e723 p.sw             x10, x0(x15)        x10:00000073 x15:00000000  PA:1a10f008
14668300ns          238295 1c008b14 00000513 addi             x10, x0, 0          x10=00000000
14668320ns          238296 1c008b16 00008067 jalr             x0, x1, 0            x1:1c008bbe
14668479ns          238304 1c008bbe 31f52563 p.beqimm         x10, 778            x10:00000000
14668499ns          238305 1c008bc2 001d8d93 addi             x27, x27, 1         x27=00000001 x27:00000000
14668519ns          238306 1c008bc4 00044503 lbu              x10, 0(x8)          x10=00000074  x8:1c000025  PA:1c000025
14668956ns          238328 1c008bc8 00140413 addi             x8, x8, 1            x8=1c000026  x8:1c000025
14668976ns          238329 1c008bca fe0514e3 bne              x10, x0, -24        x10:00000074
14669056ns          238333 1c008bb2 02500793 addi             x15, x0, 37         x15=00000025
14669076ns          238334 1c008bb6 04f50863 beq              x10, x15, 80        x10:00000074 x15:00000025
14669096ns          238335 1c008bba 01a005b3 add              x11, x0, x26        x11=00000002 x26:00000002
14669116ns          238336 1c008bbc 000b00e7 jalr             x1, x22, 0           x1=1c008bbe x22:1c008af0
14669155ns          238338 1c008af0 000026b7 lui              x13, 0x2000         x13=00002000
14669175ns          238339 1c008af2 f14027f3 csrrs            x15, x0, 0xf14      x15=00000001
14669195ns          238340 1c008af6 f8068693 addi             x13, x13, -128      x13=00001f80 x13:00002000
14669215ns          238341 1c008afa 00379713 slli             x14, x15, 0x3       x14=00000008 x15:00000001
14669235ns          238342 1c008afe 00279793 slli             x15, x15, 0x2       x15=00000004 x15:00000001
14669255ns          238343 1c008b00 00d7f7b3 and              x15, x15, x13       x15=00000000 x15:00000004 x13:00001f80
14669275ns          238344 1c008b02 ee873733 p.bclr           x14, x14, 23, 8     x14=00000008 x14:00000008
14669295ns          238345 1c008b06 1a10f6b7 lui              x13, 0x1a10f000     x13=1a10f000
14669314ns          238346 1c008b0a 0ff57513 andi             x10, x10, 255       x10=00000074 x10:00000074
14669334ns          238347 1c008b0e 00d70733 add              x14, x14, x13       x14=1a10f008 x14:00000008 x13:1a10f000
14669354ns          238348 1c008b10 00a7e723 p.sw             x10, x0(x15)        x10:00000074 x15:00000000  PA:1a10f008
14669712ns          238366 1c008b14 00000513 addi             x10, x0, 0          x10=00000000
14669732ns          238367 1c008b16 00008067 jalr             x0, x1, 0            x1:1c008bbe
14669792ns          238370 1c008bbe 31f52563 p.beqimm         x10, 778            x10:00000000
14669812ns          238371 1c008bc2 001d8d93 addi             x27, x27, 1         x27=00000002 x27:00000001
14669832ns          238372 1c008bc4 00044503 lbu              x10, 0(x8)          x10=00000061  x8:1c000026  PA:1c000026
14670130ns          238387 1c008bc8 00140413 addi             x8, x8, 1            x8=1c000027  x8:1c000026
14670150ns          238388 1c008bca fe0514e3 bne              x10, x0, -24        x10:00000061
14670229ns          238392 1c008bb2 02500793 addi             x15, x0, 37         x15=00000025
14670249ns          238393 1c008bb6 04f50863 beq              x10, x15, 80        x10:00000061 x15:00000025
14670269ns          238394 1c008bba 01a005b3 add              x11, x0, x26        x11=00000002 x26:00000002
14670289ns          238395 1c008bbc 000b00e7 jalr             x1, x22, 0           x1=1c008bbe x22:1c008af0
14670329ns          238397 1c008af0 000026b7 lui              x13, 0x2000         x13=00002000
14670349ns          238398 1c008af2 f14027f3 csrrs            x15, x0, 0xf14      x15=00000001
14670369ns          238399 1c008af6 f8068693 addi             x13, x13, -128      x13=00001f80 x13:00002000
14670389ns          238400 1c008afa 00379713 slli             x14, x15, 0x3       x14=00000008 x15:00000001
14670408ns          238401 1c008afe 00279793 slli             x15, x15, 0x2       x15=00000004 x15:00000001
14670428ns          238402 1c008b00 00d7f7b3 and              x15, x15, x13       x15=00000000 x15:00000004 x13:00001f80
14670448ns          238403 1c008b02 ee873733 p.bclr           x14, x14, 23, 8     x14=00000008 x14:00000008
14670468ns          238404 1c008b06 1a10f6b7 lui              x13, 0x1a10f000     x13=1a10f000
14670488ns          238405 1c008b0a 0ff57513 andi             x10, x10, 255       x10=00000061 x10:00000061
14670508ns          238406 1c008b0e 00d70733 add              x14, x14, x13       x14=1a10f008 x14:00000008 x13:1a10f000
14670528ns          238407 1c008b10 00a7e723 p.sw             x10, x0(x15)        x10:00000061 x15:00000000  PA:1a10f008
14670846ns          238423 1c008b14 00000513 addi             x10, x0, 0          x10=00000000
14670866ns          238424 1c008b16 00008067 jalr             x0, x1, 0            x1:1c008bbe
14670926ns          238427 1c008bbe 31f52563 p.beqimm         x10, 778            x10:00000000
14670945ns          238428 1c008bc2 001d8d93 addi             x27, x27, 1         x27=00000003 x27:00000002
14670965ns          238429 1c008bc4 00044503 lbu              x10, 0(x8)          x10=00000072  x8:1c000027  PA:1c000027
14671264ns          238444 1c008bc8 00140413 addi             x8, x8, 1            x8=1c000028  x8:1c000027
14671284ns          238445 1c008bca fe0514e3 bne              x10, x0, -24        x10:00000072
14671363ns          238449 1c008bb2 02500793 addi             x15, x0, 37         x15=00000025
14671383ns          238450 1c008bb6 04f50863 beq              x10, x15, 80        x10:00000072 x15:00000025
14671403ns          238451 1c008bba 01a005b3 add              x11, x0, x26        x11=00000002 x26:00000002
14671423ns          238452 1c008bbc 000b00e7 jalr             x1, x22, 0           x1=1c008bbe x22:1c008af0
14671463ns          238454 1c008af0 000026b7 lui              x13, 0x2000         x13=00002000
14671483ns          238455 1c008af2 f14027f3 csrrs            x15, x0, 0xf14      x15=00000001
14671502ns          238456 1c008af6 f8068693 addi             x13, x13, -128      x13=00001f80 x13:00002000
14671522ns          238457 1c008afa 00379713 slli             x14, x15, 0x3       x14=00000008 x15:00000001
14671542ns          238458 1c008afe 00279793 slli             x15, x15, 0x2       x15=00000004 x15:00000001
14671562ns          238459 1c008b00 00d7f7b3 and              x15, x15, x13       x15=00000000 x15:00000004 x13:00001f80
14671582ns          238460 1c008b02 ee873733 p.bclr           x14, x14, 23, 8     x14=00000008 x14:00000008
14671602ns          238461 1c008b06 1a10f6b7 lui              x13, 0x1a10f000     x13=1a10f000
14671622ns          238462 1c008b0a 0ff57513 andi             x10, x10, 255       x10=00000072 x10:00000072
14671642ns          238463 1c008b0e 00d70733 add              x14, x14, x13       x14=1a10f008 x14:00000008 x13:1a10f000
14671662ns          238464 1c008b10 00a7e723 p.sw             x10, x0(x15)        x10:00000072 x15:00000000  PA:1a10f008
14672000ns          238481 1c008b14 00000513 addi             x10, x0, 0          x10=00000000
14672020ns          238482 1c008b16 00008067 jalr             x0, x1, 0            x1:1c008bbe
14672079ns          238485 1c008bbe 31f52563 p.beqimm         x10, 778            x10:00000000
14672099ns          238486 1c008bc2 001d8d93 addi             x27, x27, 1         x27=00000004 x27:00000003
14672119ns          238487 1c008bc4 00044503 lbu              x10, 0(x8)          x10=00000074  x8:1c000028  PA:1c000028
14672437ns          238503 1c008bc8 00140413 addi             x8, x8, 1            x8=1c000029  x8:1c000028
14672457ns          238504 1c008bca fe0514e3 bne              x10, x0, -24        x10:00000074
14672537ns          238508 1c008bb2 02500793 addi             x15, x0, 37         x15=00000025
14672557ns          238509 1c008bb6 04f50863 beq              x10, x15, 80        x10:00000074 x15:00000025
14672577ns          238510 1c008bba 01a005b3 add              x11, x0, x26        x11=00000002 x26:00000002
14672596ns          238511 1c008bbc 000b00e7 jalr             x1, x22, 0           x1=1c008bbe x22:1c008af0
14672636ns          238513 1c008af0 000026b7 lui              x13, 0x2000         x13=00002000
14672656ns          238514 1c008af2 f14027f3 csrrs            x15, x0, 0xf14      x15=00000001
14672676ns          238515 1c008af6 f8068693 addi             x13, x13, -128      x13=00001f80 x13:00002000
14672696ns          238516 1c008afa 00379713 slli             x14, x15, 0x3       x14=00000008 x15:00000001
14672716ns          238517 1c008afe 00279793 slli             x15, x15, 0x2       x15=00000004 x15:00000001
14672736ns          238518 1c008b00 00d7f7b3 and              x15, x15, x13       x15=00000000 x15:00000004 x13:00001f80
14672756ns          238519 1c008b02 ee873733 p.bclr           x14, x14, 23, 8     x14=00000008 x14:00000008
14672775ns          238520 1c008b06 1a10f6b7 lui              x13, 0x1a10f000     x13=1a10f000
14672795ns          238521 1c008b0a 0ff57513 andi             x10, x10, 255       x10=00000074 x10:00000074
14672815ns          238522 1c008b0e 00d70733 add              x14, x14, x13       x14=1a10f008 x14:00000008 x13:1a10f000
14672835ns          238523 1c008b10 00a7e723 p.sw             x10, x0(x15)        x10:00000074 x15:00000000  PA:1a10f008
14673153ns          238539 1c008b14 00000513 addi             x10, x0, 0          x10=00000000
14673173ns          238540 1c008b16 00008067 jalr             x0, x1, 0            x1:1c008bbe
14673233ns          238543 1c008bbe 31f52563 p.beqimm         x10, 778            x10:00000000
14673253ns          238544 1c008bc2 001d8d93 addi             x27, x27, 1         x27=00000005 x27:00000004
14673273ns          238545 1c008bc4 00044503 lbu              x10, 0(x8)          x10=00000069  x8:1c000029  PA:1c000029
14673571ns          238560 1c008bc8 00140413 addi             x8, x8, 1            x8=1c00002a  x8:1c000029
14673591ns          238561 1c008bca fe0514e3 bne              x10, x0, -24        x10:00000069
14673671ns          238565 1c008bb2 02500793 addi             x15, x0, 37         x15=00000025
14673690ns          238566 1c008bb6 04f50863 beq              x10, x15, 80        x10:00000069 x15:00000025
14673710ns          238567 1c008bba 01a005b3 add              x11, x0, x26        x11=00000002 x26:00000002
14673730ns          238568 1c008bbc 000b00e7 jalr             x1, x22, 0           x1=1c008bbe x22:1c008af0
14673770ns          238570 1c008af0 000026b7 lui              x13, 0x2000         x13=00002000
14673790ns          238571 1c008af2 f14027f3 csrrs            x15, x0, 0xf14      x15=00000001
14673810ns          238572 1c008af6 f8068693 addi             x13, x13, -128      x13=00001f80 x13:00002000
14673830ns          238573 1c008afa 00379713 slli             x14, x15, 0x3       x14=00000008 x15:00000001
14673850ns          238574 1c008afe 00279793 slli             x15, x15, 0x2       x15=00000004 x15:00000001
14673869ns          238575 1c008b00 00d7f7b3 and              x15, x15, x13       x15=00000000 x15:00000004 x13:00001f80
14673889ns          238576 1c008b02 ee873733 p.bclr           x14, x14, 23, 8     x14=00000008 x14:00000008
14673909ns          238577 1c008b06 1a10f6b7 lui              x13, 0x1a10f000     x13=1a10f000
14673929ns          238578 1c008b0a 0ff57513 andi             x10, x10, 255       x10=00000069 x10:00000069
14673949ns          238579 1c008b0e 00d70733 add              x14, x14, x13       x14=1a10f008 x14:00000008 x13:1a10f000
14673969ns          238580 1c008b10 00a7e723 p.sw             x10, x0(x15)        x10:00000069 x15:00000000  PA:1a10f008
14674287ns          238596 1c008b14 00000513 addi             x10, x0, 0          x10=00000000
14674307ns          238597 1c008b16 00008067 jalr             x0, x1, 0            x1:1c008bbe
14674367ns          238600 1c008bbe 31f52563 p.beqimm         x10, 778            x10:00000000
14674387ns          238601 1c008bc2 001d8d93 addi             x27, x27, 1         x27=00000006 x27:00000005
14674406ns          238602 1c008bc4 00044503 lbu              x10, 0(x8)          x10=0000006e  x8:1c00002a  PA:1c00002a
14674705ns          238617 1c008bc8 00140413 addi             x8, x8, 1            x8=1c00002b  x8:1c00002a
14674725ns          238618 1c008bca fe0514e3 bne              x10, x0, -24        x10:0000006e
14674804ns          238622 1c008bb2 02500793 addi             x15, x0, 37         x15=00000025
14674824ns          238623 1c008bb6 04f50863 beq              x10, x15, 80        x10:0000006e x15:00000025
14674844ns          238624 1c008bba 01a005b3 add              x11, x0, x26        x11=00000002 x26:00000002
14674864ns          238625 1c008bbc 000b00e7 jalr             x1, x22, 0           x1=1c008bbe x22:1c008af0
14674904ns          238627 1c008af0 000026b7 lui              x13, 0x2000         x13=00002000
14674924ns          238628 1c008af2 f14027f3 csrrs            x15, x0, 0xf14      x15=00000001
14674944ns          238629 1c008af6 f8068693 addi             x13, x13, -128      x13=00001f80 x13:00002000
14674963ns          238630 1c008afa 00379713 slli             x14, x15, 0x3       x14=00000008 x15:00000001
14674983ns          238631 1c008afe 00279793 slli             x15, x15, 0x2       x15=00000004 x15:00000001
14675003ns          238632 1c008b00 00d7f7b3 and              x15, x15, x13       x15=00000000 x15:00000004 x13:00001f80
14675023ns          238633 1c008b02 ee873733 p.bclr           x14, x14, 23, 8     x14=00000008 x14:00000008
14675043ns          238634 1c008b06 1a10f6b7 lui              x13, 0x1a10f000     x13=1a10f000
14675063ns          238635 1c008b0a 0ff57513 andi             x10, x10, 255       x10=0000006e x10:0000006e
14675083ns          238636 1c008b0e 00d70733 add              x14, x14, x13       x14=1a10f008 x14:00000008 x13:1a10f000
14675103ns          238637 1c008b10 00a7e723 p.sw             x10, x0(x15)        x10:0000006e x15:00000000  PA:1a10f008
14675421ns          238653 1c008b14 00000513 addi             x10, x0, 0          x10=00000000
14675441ns          238654 1c008b16 00008067 jalr             x0, x1, 0            x1:1c008bbe
14675500ns          238657 1c008bbe 31f52563 p.beqimm         x10, 778            x10:00000000
14675520ns          238658 1c008bc2 001d8d93 addi             x27, x27, 1         x27=00000007 x27:00000006
14675540ns          238659 1c008bc4 00044503 lbu              x10, 0(x8)          x10=00000067  x8:1c00002b  PA:1c00002b
14675839ns          238674 1c008bc8 00140413 addi             x8, x8, 1            x8=1c00002c  x8:1c00002b
14675858ns          238675 1c008bca fe0514e3 bne              x10, x0, -24        x10:00000067
14675938ns          238679 1c008bb2 02500793 addi             x15, x0, 37         x15=00000025
14675958ns          238680 1c008bb6 04f50863 beq              x10, x15, 80        x10:00000067 x15:00000025
14675978ns          238681 1c008bba 01a005b3 add              x11, x0, x26        x11=00000002 x26:00000002
14675998ns          238682 1c008bbc 000b00e7 jalr             x1, x22, 0           x1=1c008bbe x22:1c008af0
14676038ns          238684 1c008af0 000026b7 lui              x13, 0x2000         x13=00002000
14676057ns          238685 1c008af2 f14027f3 csrrs            x15, x0, 0xf14      x15=00000001
14676077ns          238686 1c008af6 f8068693 addi             x13, x13, -128      x13=00001f80 x13:00002000
14676097ns          238687 1c008afa 00379713 slli             x14, x15, 0x3       x14=00000008 x15:00000001
14676117ns          238688 1c008afe 00279793 slli             x15, x15, 0x2       x15=00000004 x15:00000001
14676137ns          238689 1c008b00 00d7f7b3 and              x15, x15, x13       x15=00000000 x15:00000004 x13:00001f80
14676157ns          238690 1c008b02 ee873733 p.bclr           x14, x14, 23, 8     x14=00000008 x14:00000008
14676177ns          238691 1c008b06 1a10f6b7 lui              x13, 0x1a10f000     x13=1a10f000
14676197ns          238692 1c008b0a 0ff57513 andi             x10, x10, 255       x10=00000067 x10:00000067
14676217ns          238693 1c008b0e 00d70733 add              x14, x14, x13       x14=1a10f008 x14:00000008 x13:1a10f000
14676236ns          238694 1c008b10 00a7e723 p.sw             x10, x0(x15)        x10:00000067 x15:00000000  PA:1a10f008
14676575ns          238711 1c008b14 00000513 addi             x10, x0, 0          x10=00000000
14676594ns          238712 1c008b16 00008067 jalr             x0, x1, 0            x1:1c008bbe
14676654ns          238715 1c008bbe 31f52563 p.beqimm         x10, 778            x10:00000000
14676674ns          238716 1c008bc2 001d8d93 addi             x27, x27, 1         x27=00000008 x27:00000007
14676694ns          238717 1c008bc4 00044503 lbu              x10, 0(x8)          x10=00000020  x8:1c00002c  PA:1c00002c
14676992ns          238732 1c008bc8 00140413 addi             x8, x8, 1            x8=1c00002d  x8:1c00002c
14677012ns          238733 1c008bca fe0514e3 bne              x10, x0, -24        x10:00000020
14677092ns          238737 1c008bb2 02500793 addi             x15, x0, 37         x15=00000025
14677112ns          238738 1c008bb6 04f50863 beq              x10, x15, 80        x10:00000020 x15:00000025
14677132ns          238739 1c008bba 01a005b3 add              x11, x0, x26        x11=00000002 x26:00000002
14677151ns          238740 1c008bbc 000b00e7 jalr             x1, x22, 0           x1=1c008bbe x22:1c008af0
14677191ns          238742 1c008af0 000026b7 lui              x13, 0x2000         x13=00002000
14677211ns          238743 1c008af2 f14027f3 csrrs            x15, x0, 0xf14      x15=00000001
14677231ns          238744 1c008af6 f8068693 addi             x13, x13, -128      x13=00001f80 x13:00002000
14677251ns          238745 1c008afa 00379713 slli             x14, x15, 0x3       x14=00000008 x15:00000001
14677271ns          238746 1c008afe 00279793 slli             x15, x15, 0x2       x15=00000004 x15:00000001
14677291ns          238747 1c008b00 00d7f7b3 and              x15, x15, x13       x15=00000000 x15:00000004 x13:00001f80
14677311ns          238748 1c008b02 ee873733 p.bclr           x14, x14, 23, 8     x14=00000008 x14:00000008
14677330ns          238749 1c008b06 1a10f6b7 lui              x13, 0x1a10f000     x13=1a10f000
14677350ns          238750 1c008b0a 0ff57513 andi             x10, x10, 255       x10=00000020 x10:00000020
14677370ns          238751 1c008b0e 00d70733 add              x14, x14, x13       x14=1a10f008 x14:00000008 x13:1a10f000
14677390ns          238752 1c008b10 00a7e723 p.sw             x10, x0(x15)        x10:00000020 x15:00000000  PA:1a10f008
14677708ns          238768 1c008b14 00000513 addi             x10, x0, 0          x10=00000000
14677728ns          238769 1c008b16 00008067 jalr             x0, x1, 0            x1:1c008bbe
14677788ns          238772 1c008bbe 31f52563 p.beqimm         x10, 778            x10:00000000
14677808ns          238773 1c008bc2 001d8d93 addi             x27, x27, 1         x27=00000009 x27:00000008
14677828ns          238774 1c008bc4 00044503 lbu              x10, 0(x8)          x10=00000025  x8:1c00002d  PA:1c00002d
14678126ns          238789 1c008bc8 00140413 addi             x8, x8, 1            x8=1c00002e  x8:1c00002d
14678146ns          238790 1c008bca fe0514e3 bne              x10, x0, -24        x10:00000025
14678225ns          238794 1c008bb2 02500793 addi             x15, x0, 37         x15=00000025
14678245ns          238795 1c008bb6 04f50863 beq              x10, x15, 80        x10:00000025 x15:00000025
14678723ns          238819 1c008c06 00044483 lbu              x9, 0(x8)            x9=00000064  x8:1c00002e  PA:1c00002e
14679160ns          238841 1c008c0a 02000693 addi             x13, x0, 32         x13=00000020
14679200ns          238843 1c008c0e 00140a93 addi             x21, x8, 1          x21=1c00002f  x8:1c00002e
14679220ns          238844 1c008c12 009005b3 add              x11, x0, x9         x11=00000064  x9:00000064
14679240ns          238845 1c008c14 154b8513 addi             x10, x23, 340       x10=1c000154 x23:1c000000
14679260ns          238846 1c008c18 00d12823 sw               x13, 16(x2)         x13:00000020  x2:10000c98  PA:10000ca8
14679280ns          238847 1c008c1a 00012c23 sw               x0, 24(x2)           x2:10000c98  PA:10000cb0
14679300ns          238848 1c008c1c 00012a23 sw               x0, 20(x2)           x2:10000c98  PA:10000cac
14679319ns          238849 1c008c1e 00012e23 sw               x0, 28(x2)           x2:10000c98  PA:10000cb4
14679717ns          238869 1c008c20 00012623 sw               x0, 12(x2)           x2:10000c98  PA:10000ca4
14679757ns          238871 1c008c22 02300913 addi             x18, x0, 35         x18=00000023
14679777ns          238872 1c008c26 02d00a13 addi             x20, x0, 45         x20=0000002d
14679797ns          238873 1c008c2a 015009b3 add              x19, x0, x21        x19=1c00002f x21:1c00002f
14679817ns          238874 1c008c2c e97ff0ef jal              x1, -362             x1=1c008c2e
14680752ns          238921 1c008ac2 00054783 lbu              x15, 0(x10)         x15=0000002d x10:1c000154  PA:1c000154
14681070ns          238937 1c008ac6 0ff5f593 andi             x11, x11, 255       x11=00000064 x11:00000064
14681090ns          238938 1c008aca 00b78c63 beq              x15, x11, 24        x15:0000002d x11:00000064
14681110ns          238939 1c008ace 00078b63 beq              x15, x0, 22         x15:0000002d
14681269ns          238947 1c008ad0 00150793 addi             x15, x10, 1         x15=1c000155 x10:1c000154
14681309ns          238949 1c008ad4 0040006f jal              x0, 4              
14681348ns          238951 1c008ad8 00f00533 add              x10, x0, x15        x10=1c000155 x15:1c000155
14681368ns          238952 1c008ada 0017c70b p.lbu            x14, 1(x15!)        x14=0000002b x15=1c000156 x15:1c000155  PA:1c000155
14681846ns          238976 1c008ade feb71ce3 bne              x14, x11, -8        x14:0000002b x11:00000064
14681905ns          238979 1c008ad6 00070763 beq              x14, x0, 14         x14:0000002b
14681925ns          238980 1c008ad8 00f00533 add              x10, x0, x15        x10=1c000156 x15:1c000156
14681945ns          238981 1c008ada 0017c70b p.lbu            x14, 1(x15!)        x14=00000020 x15=1c000157 x15:1c000156  PA:1c000156
14682263ns          238997 1c008ade feb71ce3 bne              x14, x11, -8        x14:00000020 x11:00000064
14682323ns          239000 1c008ad6 00070763 beq              x14, x0, 14         x14:00000020
14682343ns          239001 1c008ad8 00f00533 add              x10, x0, x15        x10=1c000157 x15:1c000157
14682363ns          239002 1c008ada 0017c70b p.lbu            x14, 1(x15!)        x14=00000023 x15=1c000158 x15:1c000157  PA:1c000157
14682681ns          239018 1c008ade feb71ce3 bne              x14, x11, -8        x14:00000023 x11:00000064
14682741ns          239021 1c008ad6 00070763 beq              x14, x0, 14         x14:00000023
14682761ns          239022 1c008ad8 00f00533 add              x10, x0, x15        x10=1c000158 x15:1c000158
14682780ns          239023 1c008ada 0017c70b p.lbu            x14, 1(x15!)        x14=00000030 x15=1c000159 x15:1c000158  PA:1c000158
14683119ns          239040 1c008ade feb71ce3 bne              x14, x11, -8        x14:00000030 x11:00000064
14683178ns          239043 1c008ad6 00070763 beq              x14, x0, 14         x14:00000030
14683198ns          239044 1c008ad8 00f00533 add              x10, x0, x15        x10=1c000159 x15:1c000159
14683218ns          239045 1c008ada 0017c70b p.lbu            x14, 1(x15!)        x14=00000000 x15=1c00015a x15:1c000159  PA:1c000159
14683536ns          239061 1c008ade feb71ce3 bne              x14, x11, -8        x14:00000000 x11:00000064
14683596ns          239064 1c008ad6 00070763 beq              x14, x0, 14         x14:00000000
14683656ns          239067 1c008ae4 0015b593 sltiu            x11, x11, 1         x11=00000000 x11:00000064
14683676ns          239068 1c008ae8 40b005b3 sub              x11, x0, x11        x11=00000000 x11:00000000
14683695ns          239069 1c008aec 00b57533 and              x10, x10, x11       x10=00000000 x10:1c000159 x11:00000000
14683715ns          239070 1c008aee 00008067 jalr             x0, x1, 0            x1:1c008c2e
14683755ns          239072 1c008c2e 02050a63 beq              x10, x0, 52         x10:00000000
14684252ns          239097 1c008c62 02a00613 addi             x12, x0, 42         x12=0000002a
14684272ns          239098 1c008c66 2ac48663 beq              x9, x12, 684         x9:00000064 x12:0000002a
14684292ns          239099 1c008c6a fd048613 addi             x12, x9, -48        x12=00000034  x9:00000064
14684312ns          239100 1c008c6e 00900593 addi             x11, x0, 9          x11=00000009
14684730ns          239121 1c008c70 00000913 addi             x18, x0, 0          x18=00000000
14684770ns          239123 1c008c72 28c5f063 bgeu             x11, x12, 640       x11:00000009 x12:00000034
14684789ns          239124 1c008c76 02e00693 addi             x13, x0, 46         x13=0000002e
14684809ns          239125 1c008c7a fff00a13 addi             x20, x0, -1         x20=ffffffff
14684829ns          239126 1c008c7c 2ed48363 beq              x9, x13, 742         x9:00000064 x13:0000002e
14685247ns          239147 1c008c80 1c0007b7 lui              x15, 0x1c000000     x15=1c000000
14685287ns          239149 1c008c84 009005b3 add              x11, x0, x9         x11=00000064  x9:00000064
14685307ns          239150 1c008c86 15c78513 addi             x10, x15, 348       x10=1c00015c x15:1c000000
14685326ns          239151 1c008c8a e39ff0ef jal              x1, -456             x1=1c008c8c
14685824ns          239176 1c008ac2 00054783 lbu              x15, 0(x10)         x15=00000068 x10:1c00015c  PA:1c00015c
14686122ns          239191 1c008ac6 0ff5f593 andi             x11, x11, 255       x11=00000064 x11:00000064
14686142ns          239192 1c008aca 00b78c63 beq              x15, x11, 24        x15:00000068 x11:00000064
14686162ns          239193 1c008ace 00078b63 beq              x15, x0, 22         x15:00000068
14686182ns          239194 1c008ad0 00150793 addi             x15, x10, 1         x15=1c00015d x10:1c00015c
14686202ns          239195 1c008ad4 0040006f jal              x0, 4              
14686241ns          239197 1c008ad8 00f00533 add              x10, x0, x15        x10=1c00015d x15:1c00015d
14686261ns          239198 1c008ada 0017c70b p.lbu            x14, 1(x15!)        x14=0000006c x15=1c00015e x15:1c00015d  PA:1c00015d
14686580ns          239214 1c008ade feb71ce3 bne              x14, x11, -8        x14:0000006c x11:00000064
14686639ns          239217 1c008ad6 00070763 beq              x14, x0, 14         x14:0000006c
14686659ns          239218 1c008ad8 00f00533 add              x10, x0, x15        x10=1c00015e x15:1c00015e
14686679ns          239219 1c008ada 0017c70b p.lbu            x14, 1(x15!)        x14=0000004c x15=1c00015f x15:1c00015e  PA:1c00015e
14687017ns          239236 1c008ade feb71ce3 bne              x14, x11, -8        x14:0000004c x11:00000064
14687077ns          239239 1c008ad6 00070763 beq              x14, x0, 14         x14:0000004c
14687097ns          239240 1c008ad8 00f00533 add              x10, x0, x15        x10=1c00015f x15:1c00015f
14687117ns          239241 1c008ada 0017c70b p.lbu            x14, 1(x15!)        x14=0000007a x15=1c000160 x15:1c00015f  PA:1c00015f
14687435ns          239257 1c008ade feb71ce3 bne              x14, x11, -8        x14:0000007a x11:00000064
14687495ns          239260 1c008ad6 00070763 beq              x14, x0, 14         x14:0000007a
14687514ns          239261 1c008ad8 00f00533 add              x10, x0, x15        x10=1c000160 x15:1c000160
14687534ns          239262 1c008ada 0017c70b p.lbu            x14, 1(x15!)        x14=00000000 x15=1c000161 x15:1c000160  PA:1c000160
14687853ns          239278 1c008ade feb71ce3 bne              x14, x11, -8        x14:00000000 x11:00000064
14687912ns          239281 1c008ad6 00070763 beq              x14, x0, 14         x14:00000000
14687972ns          239284 1c008ae4 0015b593 sltiu            x11, x11, 1         x11=00000000 x11:00000064
14687992ns          239285 1c008ae8 40b005b3 sub              x11, x0, x11        x11=00000000 x11:00000000
14688012ns          239286 1c008aec 00b57533 and              x10, x10, x11       x10=00000000 x10:1c000160 x11:00000000
14688032ns          239287 1c008aee 00008067 jalr             x0, x1, 0            x1:1c008c8c
14688071ns          239289 1c008c8c 01300433 add              x8, x0, x19          x8=1c00002f x19:1c00002f
14688091ns          239290 1c008c8e 00050563 beq              x10, x0, 10         x10:00000000
14688151ns          239293 1c008c98 06700693 addi             x13, x0, 103        x13=00000067
14688171ns          239294 1c008c9c 2896d963 bge              x13, x9, 658        x13:00000067  x9:00000064
14689583ns          239365 1c008f2e 06500693 addi             x13, x0, 101        x13=00000065
14689623ns          239367 1c008f32 12d4d563 bge              x9, x13, 298         x9:00000064 x13:00000065
14689643ns          239368 1c008f36 04700693 addi             x13, x0, 71         x13=00000047
14689663ns          239369 1c008f3a dc96cbe3 blt              x13, x9, -554       x13:00000047  x9:00000064
14690558ns          239414 1c008d10 06300693 addi             x13, x0, 99         x13=00000063
14690598ns          239416 1c008d14 0ad488e3 beq              x9, x13, 2224        x9:00000064 x13:00000063
14690617ns          239417 1c008d18 0096c9e3 blt              x13, x9, 2066       x13:00000063  x9:00000064
14691612ns          239467 1c00952a 000c2583 lw               x11, 0(x24)         x11=00000001 x24:10000dec  PA:10000dec
14691632ns          239468 1c00952e 004c0c13 addi             x24, x24, 4         x24=10000df0 x24:10000dec
14692050ns          239489 1c009530 3405cc63 blt              x11, x0, 856        x11:00000001
14692089ns          239491 1c009534 01412603 lw               x12, 20(x2)         x12=00000000  x2:10000c98  PA:10000cac
14692109ns          239492 1c009536 00b006b3 add              x13, x0, x11        x13=00000001 x11:00000001
14692129ns          239493 1c009538 2e061863 bne              x12, x0, 752        x12:00000000
14692149ns          239494 1c00953c 01812703 lw               x14, 24(x2)         x14=00000000  x2:10000c98  PA:10000cb0
14692169ns          239495 1c00953e 019007b3 add              x15, x0, x25        x15=10000cbc x25:10000cbc
14692587ns          239516 1c009540 00070763 beq              x14, x0, 14         x14:00000000
14692646ns          239519 1c00954e 00f00733 add              x14, x0, x15        x14=10000cbc x15:10000cbc
14693084ns          239541 1c009550 00a00513 addi             x10, x0, 10         x10=0000000a
14693124ns          239543 1c009552 02a6f633 remu             x12, x13, x10       x12=00000001 x13:00000001 x10:0000000a
14693740ns          239574 1c009556 02a6d6b3 divu             x13, x13, x10       x13=00000000 x13:00000001 x10:0000000a
14694357ns          239605 1c00955a 03060613 addi             x12, x12, 48        x12=00000031 x12:00000001
14694377ns          239606 1c00955e 00c700ab p.sb             x12, 1(x14!)        x14=10000cbd x12:00000031 x14:10000cbc  PA:10000cbc
14694397ns          239607 1c009562 fe0698e3 bne              x13, x0, -16        x13:00000000
14694417ns          239608 1c009564 40f706b3 sub              x13, x14, x15       x13=00000001 x14:10000cbd x15:10000cbc
14694436ns          239609 1c009568 0146dc63 bge              x13, x20, 24        x13:00000001 x20:ffffffff
14695351ns          239655 1c009580 00e006b3 add              x13, x0, x14        x13=10000cbd x14:10000cbd
14695391ns          239657 1c009582 fe068fab p.sb             x0, -1(x13!)        x13=10000cbc x13:10000cbd  PA:10000cbd
14695411ns          239658 1c009586 00d7fc63 bgeu             x15, x13, 24        x15:10000cbc x13:10000cbc
14695908ns          239683 1c00959e 01412783 lw               x15, 20(x2)         x15=00000000  x2:10000c98  PA:10000cac
14696346ns          239705 1c0095a0 01812603 lw               x12, 24(x2)         x12=00000000  x2:10000c98  PA:10000cb0
14696386ns          239707 1c0095a2 419704b3 sub              x9, x14, x25         x9=00000001 x14:10000cbd x25:10000cbc
14696406ns          239708 1c0095a6 00c7e7b3 or               x15, x15, x12       x15=00000000 x15:00000000 x12:00000000
14696426ns          239709 1c0095a8 00f12623 sw               x15, 12(x2)         x15:00000000  x2:10000c98  PA:10000ca4
14696445ns          239710 1c0095aa 00079363 bne              x15, x0, 6          x15:00000000
14696465ns          239711 1c0095ac 01f5d593 srli             x11, x11, 0x1f      x11=00000000 x11:00000001
14696485ns          239712 1c0095ae 00b12623 sw               x11, 12(x2)         x11:00000000  x2:10000c98  PA:10000ca4
14696863ns          239731 1c0095b0 e3fa28e3 p.beqimm         x20, -464           x20:ffffffff
14697341ns          239755 1c0093e0 0c800793 addi             x15, x0, 200        x15=000000c8
14697380ns          239757 1c0093e4 9e97d0e3 bge              x15, x9, -1568      x15:000000c8  x9:00000001
14697878ns          239782 1c008dc4 0f24d163 bge              x9, x18, 226         x9:00000001 x18:00000000
14698395ns          239808 1c008ea6 d00482e3 beq              x9, x0, -764         x9:00000001
14698415ns          239809 1c008eaa 01900933 add              x18, x0, x25        x18=10000cbc x25:10000cbc
14698434ns          239810 1c008eac 419d8db3 sub              x27, x27, x25       x27=effff34d x27:00000009 x25:10000cbc
14698852ns          239831 1c008eb0 00a0006f jal              x0, 10             
14698912ns          239834 1c008eba 0019450b p.lbu            x10, 1(x18!)        x10=00000031 x18=10000cbd x18:10000cbc  PA:10000cbc
14698932ns          239835 1c008ebe 01a005b3 add              x11, x0, x26        x11=00000002 x26:00000002
14699369ns          239857 1c008ec0 000b00e7 jalr             x1, x22, 0           x1=1c008ec2 x22:1c008af0
14699409ns          239859 1c008af0 000026b7 lui              x13, 0x2000         x13=00002000
14699429ns          239860 1c008af2 f14027f3 csrrs            x15, x0, 0xf14      x15=00000001
14699449ns          239861 1c008af6 f8068693 addi             x13, x13, -128      x13=00001f80 x13:00002000
14699469ns          239862 1c008afa 00379713 slli             x14, x15, 0x3       x14=00000008 x15:00000001
14699489ns          239863 1c008afe 00279793 slli             x15, x15, 0x2       x15=00000004 x15:00000001
14699528ns          239865 1c008b00 00d7f7b3 and              x15, x15, x13       x15=00000000 x15:00000004 x13:00001f80
14699568ns          239867 1c008b02 ee873733 p.bclr           x14, x14, 23, 8     x14=00000008 x14:00000008
14699588ns          239868 1c008b06 1a10f6b7 lui              x13, 0x1a10f000     x13=1a10f000
14699608ns          239869 1c008b0a 0ff57513 andi             x10, x10, 255       x10=00000031 x10:00000031
14699628ns          239870 1c008b0e 00d70733 add              x14, x14, x13       x14=1a10f008 x14:00000008 x13:1a10f000
14699668ns          239872 1c008b10 00a7e723 p.sw             x10, x0(x15)        x10:00000031 x15:00000000  PA:1a10f008
14700046ns          239891 1c008b14 00000513 addi             x10, x0, 0          x10=00000000
14700066ns          239892 1c008b16 00008067 jalr             x0, x1, 0            x1:1c008ec2
14700105ns          239894 1c008ec2 fff48493 addi             x9, x9, -1           x9=00000000  x9:00000001
14700125ns          239895 1c008ec4 fff537e3 p.bneimm         x10, -18            x10:00000000
14700205ns          239899 1c008eb2 012d8733 add              x14, x27, x18       x14=0000000a x27:effff34d x18:10000cbd
14700225ns          239900 1c008eb6 5a048b63 beq              x9, x0, 1462         x9:00000000
14700682ns          239923 1c00946c 00e00db3 add              x27, x0, x14        x27=0000000a x14:0000000a
14701140ns          239946 1c00946e f3cff06f jal              x0, -2244          
14701259ns          239952 1c008baa 00044503 lbu              x10, 0(x8)          x10=00000020  x8:1c00002f  PA:1c00002f
14701557ns          239967 1c008bae 00140413 addi             x8, x8, 1            x8=1c000030  x8:1c00002f
14701577ns          239968 1c008bb0 00050e63 beq              x10, x0, 28         x10:00000020
14701597ns          239969 1c008bb2 02500793 addi             x15, x0, 37         x15=00000025
14701617ns          239970 1c008bb6 04f50863 beq              x10, x15, 80        x10:00000020 x15:00000025
14701637ns          239971 1c008bba 01a005b3 add              x11, x0, x26        x11=00000002 x26:00000002
14701657ns          239972 1c008bbc 000b00e7 jalr             x1, x22, 0           x1=1c008bbe x22:1c008af0
14701736ns          239976 1c008af0 000026b7 lui              x13, 0x2000         x13=00002000
14701756ns          239977 1c008af2 f14027f3 csrrs            x15, x0, 0xf14      x15=00000001
14701776ns          239978 1c008af6 f8068693 addi             x13, x13, -128      x13=00001f80 x13:00002000
14701796ns          239979 1c008afa 00379713 slli             x14, x15, 0x3       x14=00000008 x15:00000001
14701816ns          239980 1c008afe 00279793 slli             x15, x15, 0x2       x15=00000004 x15:00000001
14701836ns          239981 1c008b00 00d7f7b3 and              x15, x15, x13       x15=00000000 x15:00000004 x13:00001f80
14701856ns          239982 1c008b02 ee873733 p.bclr           x14, x14, 23, 8     x14=00000008 x14:00000008
14701876ns          239983 1c008b06 1a10f6b7 lui              x13, 0x1a10f000     x13=1a10f000
14701895ns          239984 1c008b0a 0ff57513 andi             x10, x10, 255       x10=00000020 x10:00000020
14701915ns          239985 1c008b0e 00d70733 add              x14, x14, x13       x14=1a10f008 x14:00000008 x13:1a10f000
14701935ns          239986 1c008b10 00a7e723 p.sw             x10, x0(x15)        x10:00000020 x15:00000000  PA:1a10f008
14702293ns          240004 1c008b14 00000513 addi             x10, x0, 0          x10=00000000
14702313ns          240005 1c008b16 00008067 jalr             x0, x1, 0            x1:1c008bbe
14702373ns          240008 1c008bbe 31f52563 p.beqimm         x10, 778            x10:00000000
14702393ns          240009 1c008bc2 001d8d93 addi             x27, x27, 1         x27=0000000b x27:0000000a
14702413ns          240010 1c008bc4 00044503 lbu              x10, 0(x8)          x10=0000006b  x8:1c000030  PA:1c000030
14702711ns          240025 1c008bc8 00140413 addi             x8, x8, 1            x8=1c000031  x8:1c000030
14702731ns          240026 1c008bca fe0514e3 bne              x10, x0, -24        x10:0000006b
14702810ns          240030 1c008bb2 02500793 addi             x15, x0, 37         x15=00000025
14702830ns          240031 1c008bb6 04f50863 beq              x10, x15, 80        x10:0000006b x15:00000025
14702850ns          240032 1c008bba 01a005b3 add              x11, x0, x26        x11=00000002 x26:00000002
14702870ns          240033 1c008bbc 000b00e7 jalr             x1, x22, 0           x1=1c008bbe x22:1c008af0
14702910ns          240035 1c008af0 000026b7 lui              x13, 0x2000         x13=00002000
14702930ns          240036 1c008af2 f14027f3 csrrs            x15, x0, 0xf14      x15=00000001
14702950ns          240037 1c008af6 f8068693 addi             x13, x13, -128      x13=00001f80 x13:00002000
14702970ns          240038 1c008afa 00379713 slli             x14, x15, 0x3       x14=00000008 x15:00000001
14702989ns          240039 1c008afe 00279793 slli             x15, x15, 0x2       x15=00000004 x15:00000001
14703009ns          240040 1c008b00 00d7f7b3 and              x15, x15, x13       x15=00000000 x15:00000004 x13:00001f80
14703029ns          240041 1c008b02 ee873733 p.bclr           x14, x14, 23, 8     x14=00000008 x14:00000008
14703049ns          240042 1c008b06 1a10f6b7 lui              x13, 0x1a10f000     x13=1a10f000
14703069ns          240043 1c008b0a 0ff57513 andi             x10, x10, 255       x10=0000006b x10:0000006b
14703089ns          240044 1c008b0e 00d70733 add              x14, x14, x13       x14=1a10f008 x14:00000008 x13:1a10f000
14703109ns          240045 1c008b10 00a7e723 p.sw             x10, x0(x15)        x10:0000006b x15:00000000  PA:1a10f008
14703427ns          240061 1c008b14 00000513 addi             x10, x0, 0          x10=00000000
14703447ns          240062 1c008b16 00008067 jalr             x0, x1, 0            x1:1c008bbe
14703507ns          240065 1c008bbe 31f52563 p.beqimm         x10, 778            x10:00000000
14703527ns          240066 1c008bc2 001d8d93 addi             x27, x27, 1         x27=0000000c x27:0000000b
14703546ns          240067 1c008bc4 00044503 lbu              x10, 0(x8)          x10=00000065  x8:1c000031  PA:1c000031
14703845ns          240082 1c008bc8 00140413 addi             x8, x8, 1            x8=1c000032  x8:1c000031
14703865ns          240083 1c008bca fe0514e3 bne              x10, x0, -24        x10:00000065
14703944ns          240087 1c008bb2 02500793 addi             x15, x0, 37         x15=00000025
14703964ns          240088 1c008bb6 04f50863 beq              x10, x15, 80        x10:00000065 x15:00000025
14703984ns          240089 1c008bba 01a005b3 add              x11, x0, x26        x11=00000002 x26:00000002
14704004ns          240090 1c008bbc 000b00e7 jalr             x1, x22, 0           x1=1c008bbe x22:1c008af0
14704044ns          240092 1c008af0 000026b7 lui              x13, 0x2000         x13=00002000
14704064ns          240093 1c008af2 f14027f3 csrrs            x15, x0, 0xf14      x15=00000001
14704083ns          240094 1c008af6 f8068693 addi             x13, x13, -128      x13=00001f80 x13:00002000
14704103ns          240095 1c008afa 00379713 slli             x14, x15, 0x3       x14=00000008 x15:00000001
14704123ns          240096 1c008afe 00279793 slli             x15, x15, 0x2       x15=00000004 x15:00000001
14704143ns          240097 1c008b00 00d7f7b3 and              x15, x15, x13       x15=00000000 x15:00000004 x13:00001f80
14704163ns          240098 1c008b02 ee873733 p.bclr           x14, x14, 23, 8     x14=00000008 x14:00000008
14704183ns          240099 1c008b06 1a10f6b7 lui              x13, 0x1a10f000     x13=1a10f000
14704203ns          240100 1c008b0a 0ff57513 andi             x10, x10, 255       x10=00000065 x10:00000065
14704223ns          240101 1c008b0e 00d70733 add              x14, x14, x13       x14=1a10f008 x14:00000008 x13:1a10f000
14704243ns          240102 1c008b10 00a7e723 p.sw             x10, x0(x15)        x10:00000065 x15:00000000  PA:1a10f008
14704601ns          240120 1c008b14 00000513 addi             x10, x0, 0          x10=00000000
14704621ns          240121 1c008b16 00008067 jalr             x0, x1, 0            x1:1c008bbe
14704680ns          240124 1c008bbe 31f52563 p.beqimm         x10, 778            x10:00000000
14704700ns          240125 1c008bc2 001d8d93 addi             x27, x27, 1         x27=0000000d x27:0000000c
14704720ns          240126 1c008bc4 00044503 lbu              x10, 0(x8)          x10=00000072  x8:1c000032  PA:1c000032
14705018ns          240141 1c008bc8 00140413 addi             x8, x8, 1            x8=1c000033  x8:1c000032
14705038ns          240142 1c008bca fe0514e3 bne              x10, x0, -24        x10:00000072
14705118ns          240146 1c008bb2 02500793 addi             x15, x0, 37         x15=00000025
14705138ns          240147 1c008bb6 04f50863 beq              x10, x15, 80        x10:00000072 x15:00000025
14705158ns          240148 1c008bba 01a005b3 add              x11, x0, x26        x11=00000002 x26:00000002
14705177ns          240149 1c008bbc 000b00e7 jalr             x1, x22, 0           x1=1c008bbe x22:1c008af0
14705217ns          240151 1c008af0 000026b7 lui              x13, 0x2000         x13=00002000
14705237ns          240152 1c008af2 f14027f3 csrrs            x15, x0, 0xf14      x15=00000001
14705257ns          240153 1c008af6 f8068693 addi             x13, x13, -128      x13=00001f80 x13:00002000
14705277ns          240154 1c008afa 00379713 slli             x14, x15, 0x3       x14=00000008 x15:00000001
14705297ns          240155 1c008afe 00279793 slli             x15, x15, 0x2       x15=00000004 x15:00000001
14705317ns          240156 1c008b00 00d7f7b3 and              x15, x15, x13       x15=00000000 x15:00000004 x13:00001f80
14705337ns          240157 1c008b02 ee873733 p.bclr           x14, x14, 23, 8     x14=00000008 x14:00000008
14705356ns          240158 1c008b06 1a10f6b7 lui              x13, 0x1a10f000     x13=1a10f000
14705376ns          240159 1c008b0a 0ff57513 andi             x10, x10, 255       x10=00000072 x10:00000072
14705396ns          240160 1c008b0e 00d70733 add              x14, x14, x13       x14=1a10f008 x14:00000008 x13:1a10f000
14705416ns          240161 1c008b10 00a7e723 p.sw             x10, x0(x15)        x10:00000072 x15:00000000  PA:1a10f008
14705754ns          240178 1c008b14 00000513 addi             x10, x0, 0          x10=00000000
14705774ns          240179 1c008b16 00008067 jalr             x0, x1, 0            x1:1c008bbe
14705834ns          240182 1c008bbe 31f52563 p.beqimm         x10, 778            x10:00000000
14705854ns          240183 1c008bc2 001d8d93 addi             x27, x27, 1         x27=0000000e x27:0000000d
14705874ns          240184 1c008bc4 00044503 lbu              x10, 0(x8)          x10=0000006e  x8:1c000033  PA:1c000033
14706172ns          240199 1c008bc8 00140413 addi             x8, x8, 1            x8=1c000034  x8:1c000033
14706192ns          240200 1c008bca fe0514e3 bne              x10, x0, -24        x10:0000006e
14706271ns          240204 1c008bb2 02500793 addi             x15, x0, 37         x15=00000025
14706291ns          240205 1c008bb6 04f50863 beq              x10, x15, 80        x10:0000006e x15:00000025
14706311ns          240206 1c008bba 01a005b3 add              x11, x0, x26        x11=00000002 x26:00000002
14706331ns          240207 1c008bbc 000b00e7 jalr             x1, x22, 0           x1=1c008bbe x22:1c008af0
14706371ns          240209 1c008af0 000026b7 lui              x13, 0x2000         x13=00002000
14706391ns          240210 1c008af2 f14027f3 csrrs            x15, x0, 0xf14      x15=00000001
14706411ns          240211 1c008af6 f8068693 addi             x13, x13, -128      x13=00001f80 x13:00002000
14706431ns          240212 1c008afa 00379713 slli             x14, x15, 0x3       x14=00000008 x15:00000001
14706450ns          240213 1c008afe 00279793 slli             x15, x15, 0x2       x15=00000004 x15:00000001
14706470ns          240214 1c008b00 00d7f7b3 and              x15, x15, x13       x15=00000000 x15:00000004 x13:00001f80
14706490ns          240215 1c008b02 ee873733 p.bclr           x14, x14, 23, 8     x14=00000008 x14:00000008
14706510ns          240216 1c008b06 1a10f6b7 lui              x13, 0x1a10f000     x13=1a10f000
14706530ns          240217 1c008b0a 0ff57513 andi             x10, x10, 255       x10=0000006e x10:0000006e
14706550ns          240218 1c008b0e 00d70733 add              x14, x14, x13       x14=1a10f008 x14:00000008 x13:1a10f000
14706570ns          240219 1c008b10 00a7e723 p.sw             x10, x0(x15)        x10:0000006e x15:00000000  PA:1a10f008
14706888ns          240235 1c008b14 00000513 addi             x10, x0, 0          x10=00000000
14706908ns          240236 1c008b16 00008067 jalr             x0, x1, 0            x1:1c008bbe
14706968ns          240239 1c008bbe 31f52563 p.beqimm         x10, 778            x10:00000000
14706988ns          240240 1c008bc2 001d8d93 addi             x27, x27, 1         x27=0000000f x27:0000000e
14707007ns          240241 1c008bc4 00044503 lbu              x10, 0(x8)          x10=00000065  x8:1c000034  PA:1c000034
14707306ns          240256 1c008bc8 00140413 addi             x8, x8, 1            x8=1c000035  x8:1c000034
14707326ns          240257 1c008bca fe0514e3 bne              x10, x0, -24        x10:00000065
14707405ns          240261 1c008bb2 02500793 addi             x15, x0, 37         x15=00000025
14707425ns          240262 1c008bb6 04f50863 beq              x10, x15, 80        x10:00000065 x15:00000025
14707445ns          240263 1c008bba 01a005b3 add              x11, x0, x26        x11=00000002 x26:00000002
14707465ns          240264 1c008bbc 000b00e7 jalr             x1, x22, 0           x1=1c008bbe x22:1c008af0
14707505ns          240266 1c008af0 000026b7 lui              x13, 0x2000         x13=00002000
14707525ns          240267 1c008af2 f14027f3 csrrs            x15, x0, 0xf14      x15=00000001
14707544ns          240268 1c008af6 f8068693 addi             x13, x13, -128      x13=00001f80 x13:00002000
14707564ns          240269 1c008afa 00379713 slli             x14, x15, 0x3       x14=00000008 x15:00000001
14707584ns          240270 1c008afe 00279793 slli             x15, x15, 0x2       x15=00000004 x15:00000001
14707604ns          240271 1c008b00 00d7f7b3 and              x15, x15, x13       x15=00000000 x15:00000004 x13:00001f80
14707624ns          240272 1c008b02 ee873733 p.bclr           x14, x14, 23, 8     x14=00000008 x14:00000008
14707644ns          240273 1c008b06 1a10f6b7 lui              x13, 0x1a10f000     x13=1a10f000
14707664ns          240274 1c008b0a 0ff57513 andi             x10, x10, 255       x10=00000065 x10:00000065
14707684ns          240275 1c008b0e 00d70733 add              x14, x14, x13       x14=1a10f008 x14:00000008 x13:1a10f000
14707704ns          240276 1c008b10 00a7e723 p.sw             x10, x0(x15)        x10:00000065 x15:00000000  PA:1a10f008
14708022ns          240292 1c008b14 00000513 addi             x10, x0, 0          x10=00000000
14708042ns          240293 1c008b16 00008067 jalr             x0, x1, 0            x1:1c008bbe
14708101ns          240296 1c008bbe 31f52563 p.beqimm         x10, 778            x10:00000000
14708121ns          240297 1c008bc2 001d8d93 addi             x27, x27, 1         x27=00000010 x27:0000000f
14708141ns          240298 1c008bc4 00044503 lbu              x10, 0(x8)          x10=0000006c  x8:1c000035  PA:1c000035
14708459ns          240314 1c008bc8 00140413 addi             x8, x8, 1            x8=1c000036  x8:1c000035
14708479ns          240315 1c008bca fe0514e3 bne              x10, x0, -24        x10:0000006c
14708559ns          240319 1c008bb2 02500793 addi             x15, x0, 37         x15=00000025
14708579ns          240320 1c008bb6 04f50863 beq              x10, x15, 80        x10:0000006c x15:00000025
14708599ns          240321 1c008bba 01a005b3 add              x11, x0, x26        x11=00000002 x26:00000002
14708619ns          240322 1c008bbc 000b00e7 jalr             x1, x22, 0           x1=1c008bbe x22:1c008af0
14708658ns          240324 1c008af0 000026b7 lui              x13, 0x2000         x13=00002000
14708678ns          240325 1c008af2 f14027f3 csrrs            x15, x0, 0xf14      x15=00000001
14708698ns          240326 1c008af6 f8068693 addi             x13, x13, -128      x13=00001f80 x13:00002000
14708718ns          240327 1c008afa 00379713 slli             x14, x15, 0x3       x14=00000008 x15:00000001
14708738ns          240328 1c008afe 00279793 slli             x15, x15, 0x2       x15=00000004 x15:00000001
14708758ns          240329 1c008b00 00d7f7b3 and              x15, x15, x13       x15=00000000 x15:00000004 x13:00001f80
14708778ns          240330 1c008b02 ee873733 p.bclr           x14, x14, 23, 8     x14=00000008 x14:00000008
14708798ns          240331 1c008b06 1a10f6b7 lui              x13, 0x1a10f000     x13=1a10f000
14708817ns          240332 1c008b0a 0ff57513 andi             x10, x10, 255       x10=0000006c x10:0000006c
14708837ns          240333 1c008b0e 00d70733 add              x14, x14, x13       x14=1a10f008 x14:00000008 x13:1a10f000
14708857ns          240334 1c008b10 00a7e723 p.sw             x10, x0(x15)        x10:0000006c x15:00000000  PA:1a10f008
14709176ns          240350 1c008b14 00000513 addi             x10, x0, 0          x10=00000000
14709195ns          240351 1c008b16 00008067 jalr             x0, x1, 0            x1:1c008bbe
14709255ns          240354 1c008bbe 31f52563 p.beqimm         x10, 778            x10:00000000
14709275ns          240355 1c008bc2 001d8d93 addi             x27, x27, 1         x27=00000011 x27:00000010
14709295ns          240356 1c008bc4 00044503 lbu              x10, 0(x8)          x10=00000020  x8:1c000036  PA:1c000036
14709593ns          240371 1c008bc8 00140413 addi             x8, x8, 1            x8=1c000037  x8:1c000036
14709613ns          240372 1c008bca fe0514e3 bne              x10, x0, -24        x10:00000020
14709693ns          240376 1c008bb2 02500793 addi             x15, x0, 37         x15=00000025
14709713ns          240377 1c008bb6 04f50863 beq              x10, x15, 80        x10:00000020 x15:00000025
14709732ns          240378 1c008bba 01a005b3 add              x11, x0, x26        x11=00000002 x26:00000002
14709752ns          240379 1c008bbc 000b00e7 jalr             x1, x22, 0           x1=1c008bbe x22:1c008af0
14709792ns          240381 1c008af0 000026b7 lui              x13, 0x2000         x13=00002000
14709812ns          240382 1c008af2 f14027f3 csrrs            x15, x0, 0xf14      x15=00000001
14709832ns          240383 1c008af6 f8068693 addi             x13, x13, -128      x13=00001f80 x13:00002000
14709852ns          240384 1c008afa 00379713 slli             x14, x15, 0x3       x14=00000008 x15:00000001
14709872ns          240385 1c008afe 00279793 slli             x15, x15, 0x2       x15=00000004 x15:00000001
14709892ns          240386 1c008b00 00d7f7b3 and              x15, x15, x13       x15=00000000 x15:00000004 x13:00001f80
14709911ns          240387 1c008b02 ee873733 p.bclr           x14, x14, 23, 8     x14=00000008 x14:00000008
14709931ns          240388 1c008b06 1a10f6b7 lui              x13, 0x1a10f000     x13=1a10f000
14709951ns          240389 1c008b0a 0ff57513 andi             x10, x10, 255       x10=00000020 x10:00000020
14709971ns          240390 1c008b0e 00d70733 add              x14, x14, x13       x14=1a10f008 x14:00000008 x13:1a10f000
14709991ns          240391 1c008b10 00a7e723 p.sw             x10, x0(x15)        x10:00000020 x15:00000000  PA:1a10f008
14710309ns          240407 1c008b14 00000513 addi             x10, x0, 0          x10=00000000
14710329ns          240408 1c008b16 00008067 jalr             x0, x1, 0            x1:1c008bbe
14710389ns          240411 1c008bbe 31f52563 p.beqimm         x10, 778            x10:00000000
14710409ns          240412 1c008bc2 001d8d93 addi             x27, x27, 1         x27=00000012 x27:00000011
14710429ns          240413 1c008bc4 00044503 lbu              x10, 0(x8)          x10=00000069  x8:1c000037  PA:1c000037
14710727ns          240428 1c008bc8 00140413 addi             x8, x8, 1            x8=1c000038  x8:1c000037
14710747ns          240429 1c008bca fe0514e3 bne              x10, x0, -24        x10:00000069
14710826ns          240433 1c008bb2 02500793 addi             x15, x0, 37         x15=00000025
14710846ns          240434 1c008bb6 04f50863 beq              x10, x15, 80        x10:00000069 x15:00000025
14710866ns          240435 1c008bba 01a005b3 add              x11, x0, x26        x11=00000002 x26:00000002
14710886ns          240436 1c008bbc 000b00e7 jalr             x1, x22, 0           x1=1c008bbe x22:1c008af0
14710926ns          240438 1c008af0 000026b7 lui              x13, 0x2000         x13=00002000
14710946ns          240439 1c008af2 f14027f3 csrrs            x15, x0, 0xf14      x15=00000001
14710966ns          240440 1c008af6 f8068693 addi             x13, x13, -128      x13=00001f80 x13:00002000
14710986ns          240441 1c008afa 00379713 slli             x14, x15, 0x3       x14=00000008 x15:00000001
14711005ns          240442 1c008afe 00279793 slli             x15, x15, 0x2       x15=00000004 x15:00000001
14711025ns          240443 1c008b00 00d7f7b3 and              x15, x15, x13       x15=00000000 x15:00000004 x13:00001f80
14711045ns          240444 1c008b02 ee873733 p.bclr           x14, x14, 23, 8     x14=00000008 x14:00000008
14711065ns          240445 1c008b06 1a10f6b7 lui              x13, 0x1a10f000     x13=1a10f000
14711085ns          240446 1c008b0a 0ff57513 andi             x10, x10, 255       x10=00000069 x10:00000069
14711105ns          240447 1c008b0e 00d70733 add              x14, x14, x13       x14=1a10f008 x14:00000008 x13:1a10f000
14711125ns          240448 1c008b10 00a7e723 p.sw             x10, x0(x15)        x10:00000069 x15:00000000  PA:1a10f008
14711443ns          240464 1c008b14 00000513 addi             x10, x0, 0          x10=00000000
14711463ns          240465 1c008b16 00008067 jalr             x0, x1, 0            x1:1c008bbe
14711523ns          240468 1c008bbe 31f52563 p.beqimm         x10, 778            x10:00000000
14711543ns          240469 1c008bc2 001d8d93 addi             x27, x27, 1         x27=00000013 x27:00000012
14711562ns          240470 1c008bc4 00044503 lbu              x10, 0(x8)          x10=00000074  x8:1c000038  PA:1c000038
14711881ns          240486 1c008bc8 00140413 addi             x8, x8, 1            x8=1c000039  x8:1c000038
14711901ns          240487 1c008bca fe0514e3 bne              x10, x0, -24        x10:00000074
14711980ns          240491 1c008bb2 02500793 addi             x15, x0, 37         x15=00000025
14712000ns          240492 1c008bb6 04f50863 beq              x10, x15, 80        x10:00000074 x15:00000025
14712020ns          240493 1c008bba 01a005b3 add              x11, x0, x26        x11=00000002 x26:00000002
14712040ns          240494 1c008bbc 000b00e7 jalr             x1, x22, 0           x1=1c008bbe x22:1c008af0
14712080ns          240496 1c008af0 000026b7 lui              x13, 0x2000         x13=00002000
14712099ns          240497 1c008af2 f14027f3 csrrs            x15, x0, 0xf14      x15=00000001
14712119ns          240498 1c008af6 f8068693 addi             x13, x13, -128      x13=00001f80 x13:00002000
14712139ns          240499 1c008afa 00379713 slli             x14, x15, 0x3       x14=00000008 x15:00000001
14712159ns          240500 1c008afe 00279793 slli             x15, x15, 0x2       x15=00000004 x15:00000001
14712179ns          240501 1c008b00 00d7f7b3 and              x15, x15, x13       x15=00000000 x15:00000004 x13:00001f80
14712199ns          240502 1c008b02 ee873733 p.bclr           x14, x14, 23, 8     x14=00000008 x14:00000008
14712219ns          240503 1c008b06 1a10f6b7 lui              x13, 0x1a10f000     x13=1a10f000
14712239ns          240504 1c008b0a 0ff57513 andi             x10, x10, 255       x10=00000074 x10:00000074
14712259ns          240505 1c008b0e 00d70733 add              x14, x14, x13       x14=1a10f008 x14:00000008 x13:1a10f000
14712278ns          240506 1c008b10 00a7e723 p.sw             x10, x0(x15)        x10:00000074 x15:00000000  PA:1a10f008
14712597ns          240522 1c008b14 00000513 addi             x10, x0, 0          x10=00000000
14712617ns          240523 1c008b16 00008067 jalr             x0, x1, 0            x1:1c008bbe
14712676ns          240526 1c008bbe 31f52563 p.beqimm         x10, 778            x10:00000000
14712696ns          240527 1c008bc2 001d8d93 addi             x27, x27, 1         x27=00000014 x27:00000013
14712716ns          240528 1c008bc4 00044503 lbu              x10, 0(x8)          x10=00000065  x8:1c000039  PA:1c000039
14713014ns          240543 1c008bc8 00140413 addi             x8, x8, 1            x8=1c00003a  x8:1c000039
14713034ns          240544 1c008bca fe0514e3 bne              x10, x0, -24        x10:00000065
14713114ns          240548 1c008bb2 02500793 addi             x15, x0, 37         x15=00000025
14713134ns          240549 1c008bb6 04f50863 beq              x10, x15, 80        x10:00000065 x15:00000025
14713154ns          240550 1c008bba 01a005b3 add              x11, x0, x26        x11=00000002 x26:00000002
14713174ns          240551 1c008bbc 000b00e7 jalr             x1, x22, 0           x1=1c008bbe x22:1c008af0
14713213ns          240553 1c008af0 000026b7 lui              x13, 0x2000         x13=00002000
14713233ns          240554 1c008af2 f14027f3 csrrs            x15, x0, 0xf14      x15=00000001
14713253ns          240555 1c008af6 f8068693 addi             x13, x13, -128      x13=00001f80 x13:00002000
14713273ns          240556 1c008afa 00379713 slli             x14, x15, 0x3       x14=00000008 x15:00000001
14713293ns          240557 1c008afe 00279793 slli             x15, x15, 0x2       x15=00000004 x15:00000001
14713313ns          240558 1c008b00 00d7f7b3 and              x15, x15, x13       x15=00000000 x15:00000004 x13:00001f80
14713333ns          240559 1c008b02 ee873733 p.bclr           x14, x14, 23, 8     x14=00000008 x14:00000008
14713353ns          240560 1c008b06 1a10f6b7 lui              x13, 0x1a10f000     x13=1a10f000
14713372ns          240561 1c008b0a 0ff57513 andi             x10, x10, 255       x10=00000065 x10:00000065
14713392ns          240562 1c008b0e 00d70733 add              x14, x14, x13       x14=1a10f008 x14:00000008 x13:1a10f000
14713412ns          240563 1c008b10 00a7e723 p.sw             x10, x0(x15)        x10:00000065 x15:00000000  PA:1a10f008
14713750ns          240580 1c008b14 00000513 addi             x10, x0, 0          x10=00000000
14713770ns          240581 1c008b16 00008067 jalr             x0, x1, 0            x1:1c008bbe
14713830ns          240584 1c008bbe 31f52563 p.beqimm         x10, 778            x10:00000000
14713850ns          240585 1c008bc2 001d8d93 addi             x27, x27, 1         x27=00000015 x27:00000014
14713870ns          240586 1c008bc4 00044503 lbu              x10, 0(x8)          x10=00000072  x8:1c00003a  PA:1c00003a
14714168ns          240601 1c008bc8 00140413 addi             x8, x8, 1            x8=1c00003b  x8:1c00003a
14714188ns          240602 1c008bca fe0514e3 bne              x10, x0, -24        x10:00000072
14714268ns          240606 1c008bb2 02500793 addi             x15, x0, 37         x15=00000025
14714287ns          240607 1c008bb6 04f50863 beq              x10, x15, 80        x10:00000072 x15:00000025
14714307ns          240608 1c008bba 01a005b3 add              x11, x0, x26        x11=00000002 x26:00000002
14714327ns          240609 1c008bbc 000b00e7 jalr             x1, x22, 0           x1=1c008bbe x22:1c008af0
14714367ns          240611 1c008af0 000026b7 lui              x13, 0x2000         x13=00002000
14714387ns          240612 1c008af2 f14027f3 csrrs            x15, x0, 0xf14      x15=00000001
14714407ns          240613 1c008af6 f8068693 addi             x13, x13, -128      x13=00001f80 x13:00002000
14714427ns          240614 1c008afa 00379713 slli             x14, x15, 0x3       x14=00000008 x15:00000001
14714447ns          240615 1c008afe 00279793 slli             x15, x15, 0x2       x15=00000004 x15:00000001
14714466ns          240616 1c008b00 00d7f7b3 and              x15, x15, x13       x15=00000000 x15:00000004 x13:00001f80
14714486ns          240617 1c008b02 ee873733 p.bclr           x14, x14, 23, 8     x14=00000008 x14:00000008
14714506ns          240618 1c008b06 1a10f6b7 lui              x13, 0x1a10f000     x13=1a10f000
14714526ns          240619 1c008b0a 0ff57513 andi             x10, x10, 255       x10=00000072 x10:00000072
14714546ns          240620 1c008b0e 00d70733 add              x14, x14, x13       x14=1a10f008 x14:00000008 x13:1a10f000
14714566ns          240621 1c008b10 00a7e723 p.sw             x10, x0(x15)        x10:00000072 x15:00000000  PA:1a10f008
14714884ns          240637 1c008b14 00000513 addi             x10, x0, 0          x10=00000000
14714904ns          240638 1c008b16 00008067 jalr             x0, x1, 0            x1:1c008bbe
14714964ns          240641 1c008bbe 31f52563 p.beqimm         x10, 778            x10:00000000
14714984ns          240642 1c008bc2 001d8d93 addi             x27, x27, 1         x27=00000016 x27:00000015
14715003ns          240643 1c008bc4 00044503 lbu              x10, 0(x8)          x10=00000061  x8:1c00003b  PA:1c00003b
14715302ns          240658 1c008bc8 00140413 addi             x8, x8, 1            x8=1c00003c  x8:1c00003b
14715322ns          240659 1c008bca fe0514e3 bne              x10, x0, -24        x10:00000061
14715401ns          240663 1c008bb2 02500793 addi             x15, x0, 37         x15=00000025
14715421ns          240664 1c008bb6 04f50863 beq              x10, x15, 80        x10:00000061 x15:00000025
14715441ns          240665 1c008bba 01a005b3 add              x11, x0, x26        x11=00000002 x26:00000002
14715461ns          240666 1c008bbc 000b00e7 jalr             x1, x22, 0           x1=1c008bbe x22:1c008af0
14715501ns          240668 1c008af0 000026b7 lui              x13, 0x2000         x13=00002000
14715521ns          240669 1c008af2 f14027f3 csrrs            x15, x0, 0xf14      x15=00000001
14715541ns          240670 1c008af6 f8068693 addi             x13, x13, -128      x13=00001f80 x13:00002000
14715560ns          240671 1c008afa 00379713 slli             x14, x15, 0x3       x14=00000008 x15:00000001
14715580ns          240672 1c008afe 00279793 slli             x15, x15, 0x2       x15=00000004 x15:00000001
14715600ns          240673 1c008b00 00d7f7b3 and              x15, x15, x13       x15=00000000 x15:00000004 x13:00001f80
14715620ns          240674 1c008b02 ee873733 p.bclr           x14, x14, 23, 8     x14=00000008 x14:00000008
14715640ns          240675 1c008b06 1a10f6b7 lui              x13, 0x1a10f000     x13=1a10f000
14715660ns          240676 1c008b0a 0ff57513 andi             x10, x10, 255       x10=00000061 x10:00000061
14715680ns          240677 1c008b0e 00d70733 add              x14, x14, x13       x14=1a10f008 x14:00000008 x13:1a10f000
14715700ns          240678 1c008b10 00a7e723 p.sw             x10, x0(x15)        x10:00000061 x15:00000000  PA:1a10f008
14716018ns          240694 1c008b14 00000513 addi             x10, x0, 0          x10=00000000
14716038ns          240695 1c008b16 00008067 jalr             x0, x1, 0            x1:1c008bbe
14716097ns          240698 1c008bbe 31f52563 p.beqimm         x10, 778            x10:00000000
14716117ns          240699 1c008bc2 001d8d93 addi             x27, x27, 1         x27=00000017 x27:00000016
14716137ns          240700 1c008bc4 00044503 lbu              x10, 0(x8)          x10=00000074  x8:1c00003c  PA:1c00003c
14716456ns          240716 1c008bc8 00140413 addi             x8, x8, 1            x8=1c00003d  x8:1c00003c
14716475ns          240717 1c008bca fe0514e3 bne              x10, x0, -24        x10:00000074
14716555ns          240721 1c008bb2 02500793 addi             x15, x0, 37         x15=00000025
14716575ns          240722 1c008bb6 04f50863 beq              x10, x15, 80        x10:00000074 x15:00000025
14716595ns          240723 1c008bba 01a005b3 add              x11, x0, x26        x11=00000002 x26:00000002
14716615ns          240724 1c008bbc 000b00e7 jalr             x1, x22, 0           x1=1c008bbe x22:1c008af0
14716654ns          240726 1c008af0 000026b7 lui              x13, 0x2000         x13=00002000
14716674ns          240727 1c008af2 f14027f3 csrrs            x15, x0, 0xf14      x15=00000001
14716694ns          240728 1c008af6 f8068693 addi             x13, x13, -128      x13=00001f80 x13:00002000
14716714ns          240729 1c008afa 00379713 slli             x14, x15, 0x3       x14=00000008 x15:00000001
14716734ns          240730 1c008afe 00279793 slli             x15, x15, 0x2       x15=00000004 x15:00000001
14716754ns          240731 1c008b00 00d7f7b3 and              x15, x15, x13       x15=00000000 x15:00000004 x13:00001f80
14716774ns          240732 1c008b02 ee873733 p.bclr           x14, x14, 23, 8     x14=00000008 x14:00000008
14716794ns          240733 1c008b06 1a10f6b7 lui              x13, 0x1a10f000     x13=1a10f000
14716814ns          240734 1c008b0a 0ff57513 andi             x10, x10, 255       x10=00000074 x10:00000074
14716833ns          240735 1c008b0e 00d70733 add              x14, x14, x13       x14=1a10f008 x14:00000008 x13:1a10f000
14716853ns          240736 1c008b10 00a7e723 p.sw             x10, x0(x15)        x10:00000074 x15:00000000  PA:1a10f008
14717172ns          240752 1c008b14 00000513 addi             x10, x0, 0          x10=00000000
14717191ns          240753 1c008b16 00008067 jalr             x0, x1, 0            x1:1c008bbe
14717251ns          240756 1c008bbe 31f52563 p.beqimm         x10, 778            x10:00000000
14717271ns          240757 1c008bc2 001d8d93 addi             x27, x27, 1         x27=00000018 x27:00000017
14717291ns          240758 1c008bc4 00044503 lbu              x10, 0(x8)          x10=00000069  x8:1c00003d  PA:1c00003d
14717589ns          240773 1c008bc8 00140413 addi             x8, x8, 1            x8=1c00003e  x8:1c00003d
14717609ns          240774 1c008bca fe0514e3 bne              x10, x0, -24        x10:00000069
14717689ns          240778 1c008bb2 02500793 addi             x15, x0, 37         x15=00000025
14717709ns          240779 1c008bb6 04f50863 beq              x10, x15, 80        x10:00000069 x15:00000025
14717729ns          240780 1c008bba 01a005b3 add              x11, x0, x26        x11=00000002 x26:00000002
14717748ns          240781 1c008bbc 000b00e7 jalr             x1, x22, 0           x1=1c008bbe x22:1c008af0
14717788ns          240783 1c008af0 000026b7 lui              x13, 0x2000         x13=00002000
14717808ns          240784 1c008af2 f14027f3 csrrs            x15, x0, 0xf14      x15=00000001
14717828ns          240785 1c008af6 f8068693 addi             x13, x13, -128      x13=00001f80 x13:00002000
14717848ns          240786 1c008afa 00379713 slli             x14, x15, 0x3       x14=00000008 x15:00000001
14717868ns          240787 1c008afe 00279793 slli             x15, x15, 0x2       x15=00000004 x15:00000001
14717888ns          240788 1c008b00 00d7f7b3 and              x15, x15, x13       x15=00000000 x15:00000004 x13:00001f80
14717908ns          240789 1c008b02 ee873733 p.bclr           x14, x14, 23, 8     x14=00000008 x14:00000008
14717927ns          240790 1c008b06 1a10f6b7 lui              x13, 0x1a10f000     x13=1a10f000
14717947ns          240791 1c008b0a 0ff57513 andi             x10, x10, 255       x10=00000069 x10:00000069
14717967ns          240792 1c008b0e 00d70733 add              x14, x14, x13       x14=1a10f008 x14:00000008 x13:1a10f000
14717987ns          240793 1c008b10 00a7e723 p.sw             x10, x0(x15)        x10:00000069 x15:00000000  PA:1a10f008
14718305ns          240809 1c008b14 00000513 addi             x10, x0, 0          x10=00000000
14718325ns          240810 1c008b16 00008067 jalr             x0, x1, 0            x1:1c008bbe
14718385ns          240813 1c008bbe 31f52563 p.beqimm         x10, 778            x10:00000000
14718405ns          240814 1c008bc2 001d8d93 addi             x27, x27, 1         x27=00000019 x27:00000018
14718425ns          240815 1c008bc4 00044503 lbu              x10, 0(x8)          x10=0000006f  x8:1c00003e  PA:1c00003e
14718723ns          240830 1c008bc8 00140413 addi             x8, x8, 1            x8=1c00003f  x8:1c00003e
14718743ns          240831 1c008bca fe0514e3 bne              x10, x0, -24        x10:0000006f
14718823ns          240835 1c008bb2 02500793 addi             x15, x0, 37         x15=00000025
14718842ns          240836 1c008bb6 04f50863 beq              x10, x15, 80        x10:0000006f x15:00000025
14718862ns          240837 1c008bba 01a005b3 add              x11, x0, x26        x11=00000002 x26:00000002
14718882ns          240838 1c008bbc 000b00e7 jalr             x1, x22, 0           x1=1c008bbe x22:1c008af0
14718922ns          240840 1c008af0 000026b7 lui              x13, 0x2000         x13=00002000
14718942ns          240841 1c008af2 f14027f3 csrrs            x15, x0, 0xf14      x15=00000001
14718962ns          240842 1c008af6 f8068693 addi             x13, x13, -128      x13=00001f80 x13:00002000
14718982ns          240843 1c008afa 00379713 slli             x14, x15, 0x3       x14=00000008 x15:00000001
14719002ns          240844 1c008afe 00279793 slli             x15, x15, 0x2       x15=00000004 x15:00000001
14719021ns          240845 1c008b00 00d7f7b3 and              x15, x15, x13       x15=00000000 x15:00000004 x13:00001f80
14719041ns          240846 1c008b02 ee873733 p.bclr           x14, x14, 23, 8     x14=00000008 x14:00000008
14719061ns          240847 1c008b06 1a10f6b7 lui              x13, 0x1a10f000     x13=1a10f000
14719081ns          240848 1c008b0a 0ff57513 andi             x10, x10, 255       x10=0000006f x10:0000006f
14719101ns          240849 1c008b0e 00d70733 add              x14, x14, x13       x14=1a10f008 x14:00000008 x13:1a10f000
14719121ns          240850 1c008b10 00a7e723 p.sw             x10, x0(x15)        x10:0000006f x15:00000000  PA:1a10f008
14719439ns          240866 1c008b14 00000513 addi             x10, x0, 0          x10=00000000
14719459ns          240867 1c008b16 00008067 jalr             x0, x1, 0            x1:1c008bbe
14719519ns          240870 1c008bbe 31f52563 p.beqimm         x10, 778            x10:00000000
14719539ns          240871 1c008bc2 001d8d93 addi             x27, x27, 1         x27=0000001a x27:00000019
14719558ns          240872 1c008bc4 00044503 lbu              x10, 0(x8)          x10=0000006e  x8:1c00003f  PA:1c00003f
14719877ns          240888 1c008bc8 00140413 addi             x8, x8, 1            x8=1c000040  x8:1c00003f
14719897ns          240889 1c008bca fe0514e3 bne              x10, x0, -24        x10:0000006e
14719976ns          240893 1c008bb2 02500793 addi             x15, x0, 37         x15=00000025
14719996ns          240894 1c008bb6 04f50863 beq              x10, x15, 80        x10:0000006e x15:00000025
14720016ns          240895 1c008bba 01a005b3 add              x11, x0, x26        x11=00000002 x26:00000002
14720036ns          240896 1c008bbc 000b00e7 jalr             x1, x22, 0           x1=1c008bbe x22:1c008af0
14720076ns          240898 1c008af0 000026b7 lui              x13, 0x2000         x13=00002000
14720096ns          240899 1c008af2 f14027f3 csrrs            x15, x0, 0xf14      x15=00000001
14720115ns          240900 1c008af6 f8068693 addi             x13, x13, -128      x13=00001f80 x13:00002000
14720135ns          240901 1c008afa 00379713 slli             x14, x15, 0x3       x14=00000008 x15:00000001
14720155ns          240902 1c008afe 00279793 slli             x15, x15, 0x2       x15=00000004 x15:00000001
14720175ns          240903 1c008b00 00d7f7b3 and              x15, x15, x13       x15=00000000 x15:00000004 x13:00001f80
14720195ns          240904 1c008b02 ee873733 p.bclr           x14, x14, 23, 8     x14=00000008 x14:00000008
14720215ns          240905 1c008b06 1a10f6b7 lui              x13, 0x1a10f000     x13=1a10f000
14720235ns          240906 1c008b0a 0ff57513 andi             x10, x10, 255       x10=0000006e x10:0000006e
14720255ns          240907 1c008b0e 00d70733 add              x14, x14, x13       x14=1a10f008 x14:00000008 x13:1a10f000
14720275ns          240908 1c008b10 00a7e723 p.sw             x10, x0(x15)        x10:0000006e x15:00000000  PA:1a10f008
14720593ns          240924 1c008b14 00000513 addi             x10, x0, 0          x10=00000000
14720613ns          240925 1c008b16 00008067 jalr             x0, x1, 0            x1:1c008bbe
14720672ns          240928 1c008bbe 31f52563 p.beqimm         x10, 778            x10:00000000
14720692ns          240929 1c008bc2 001d8d93 addi             x27, x27, 1         x27=0000001b x27:0000001a
14720712ns          240930 1c008bc4 00044503 lbu              x10, 0(x8)          x10=00000073  x8:1c000040  PA:1c000040
14721011ns          240945 1c008bc8 00140413 addi             x8, x8, 1            x8=1c000041  x8:1c000040
14721030ns          240946 1c008bca fe0514e3 bne              x10, x0, -24        x10:00000073
14721110ns          240950 1c008bb2 02500793 addi             x15, x0, 37         x15=00000025
14721130ns          240951 1c008bb6 04f50863 beq              x10, x15, 80        x10:00000073 x15:00000025
14721150ns          240952 1c008bba 01a005b3 add              x11, x0, x26        x11=00000002 x26:00000002
14721170ns          240953 1c008bbc 000b00e7 jalr             x1, x22, 0           x1=1c008bbe x22:1c008af0
14721209ns          240955 1c008af0 000026b7 lui              x13, 0x2000         x13=00002000
14721229ns          240956 1c008af2 f14027f3 csrrs            x15, x0, 0xf14      x15=00000001
14721249ns          240957 1c008af6 f8068693 addi             x13, x13, -128      x13=00001f80 x13:00002000
14721269ns          240958 1c008afa 00379713 slli             x14, x15, 0x3       x14=00000008 x15:00000001
14721289ns          240959 1c008afe 00279793 slli             x15, x15, 0x2       x15=00000004 x15:00000001
14721309ns          240960 1c008b00 00d7f7b3 and              x15, x15, x13       x15=00000000 x15:00000004 x13:00001f80
14721329ns          240961 1c008b02 ee873733 p.bclr           x14, x14, 23, 8     x14=00000008 x14:00000008
14721349ns          240962 1c008b06 1a10f6b7 lui              x13, 0x1a10f000     x13=1a10f000
14721369ns          240963 1c008b0a 0ff57513 andi             x10, x10, 255       x10=00000073 x10:00000073
14721388ns          240964 1c008b0e 00d70733 add              x14, x14, x13       x14=1a10f008 x14:00000008 x13:1a10f000
14721408ns          240965 1c008b10 00a7e723 p.sw             x10, x0(x15)        x10:00000073 x15:00000000  PA:1a10f008
14721746ns          240982 1c008b14 00000513 addi             x10, x0, 0          x10=00000000
14721766ns          240983 1c008b16 00008067 jalr             x0, x1, 0            x1:1c008bbe
14721826ns          240986 1c008bbe 31f52563 p.beqimm         x10, 778            x10:00000000
14721846ns          240987 1c008bc2 001d8d93 addi             x27, x27, 1         x27=0000001c x27:0000001b
14721866ns          240988 1c008bc4 00044503 lbu              x10, 0(x8)          x10=0000002e  x8:1c000041  PA:1c000041
14722164ns          241003 1c008bc8 00140413 addi             x8, x8, 1            x8=1c000042  x8:1c000041
14722184ns          241004 1c008bca fe0514e3 bne              x10, x0, -24        x10:0000002e
14722264ns          241008 1c008bb2 02500793 addi             x15, x0, 37         x15=00000025
14722284ns          241009 1c008bb6 04f50863 beq              x10, x15, 80        x10:0000002e x15:00000025
14722303ns          241010 1c008bba 01a005b3 add              x11, x0, x26        x11=00000002 x26:00000002
14722323ns          241011 1c008bbc 000b00e7 jalr             x1, x22, 0           x1=1c008bbe x22:1c008af0
14722363ns          241013 1c008af0 000026b7 lui              x13, 0x2000         x13=00002000
14722383ns          241014 1c008af2 f14027f3 csrrs            x15, x0, 0xf14      x15=00000001
14722403ns          241015 1c008af6 f8068693 addi             x13, x13, -128      x13=00001f80 x13:00002000
14722423ns          241016 1c008afa 00379713 slli             x14, x15, 0x3       x14=00000008 x15:00000001
14722443ns          241017 1c008afe 00279793 slli             x15, x15, 0x2       x15=00000004 x15:00000001
14722463ns          241018 1c008b00 00d7f7b3 and              x15, x15, x13       x15=00000000 x15:00000004 x13:00001f80
14722482ns          241019 1c008b02 ee873733 p.bclr           x14, x14, 23, 8     x14=00000008 x14:00000008
14722502ns          241020 1c008b06 1a10f6b7 lui              x13, 0x1a10f000     x13=1a10f000
14722522ns          241021 1c008b0a 0ff57513 andi             x10, x10, 255       x10=0000002e x10:0000002e
14722542ns          241022 1c008b0e 00d70733 add              x14, x14, x13       x14=1a10f008 x14:00000008 x13:1a10f000
14722562ns          241023 1c008b10 00a7e723 p.sw             x10, x0(x15)        x10:0000002e x15:00000000  PA:1a10f008
14722880ns          241039 1c008b14 00000513 addi             x10, x0, 0          x10=00000000
14722900ns          241040 1c008b16 00008067 jalr             x0, x1, 0            x1:1c008bbe
14722960ns          241043 1c008bbe 31f52563 p.beqimm         x10, 778            x10:00000000
14722980ns          241044 1c008bc2 001d8d93 addi             x27, x27, 1         x27=0000001d x27:0000001c
14723000ns          241045 1c008bc4 00044503 lbu              x10, 0(x8)          x10=0000002e  x8:1c000042  PA:1c000042
14723298ns          241060 1c008bc8 00140413 addi             x8, x8, 1            x8=1c000043  x8:1c000042
14723318ns          241061 1c008bca fe0514e3 bne              x10, x0, -24        x10:0000002e
14723397ns          241065 1c008bb2 02500793 addi             x15, x0, 37         x15=00000025
14723417ns          241066 1c008bb6 04f50863 beq              x10, x15, 80        x10:0000002e x15:00000025
14723437ns          241067 1c008bba 01a005b3 add              x11, x0, x26        x11=00000002 x26:00000002
14723457ns          241068 1c008bbc 000b00e7 jalr             x1, x22, 0           x1=1c008bbe x22:1c008af0
14723497ns          241070 1c008af0 000026b7 lui              x13, 0x2000         x13=00002000
14723517ns          241071 1c008af2 f14027f3 csrrs            x15, x0, 0xf14      x15=00000001
14723537ns          241072 1c008af6 f8068693 addi             x13, x13, -128      x13=00001f80 x13:00002000
14723557ns          241073 1c008afa 00379713 slli             x14, x15, 0x3       x14=00000008 x15:00000001
14723576ns          241074 1c008afe 00279793 slli             x15, x15, 0x2       x15=00000004 x15:00000001
14723596ns          241075 1c008b00 00d7f7b3 and              x15, x15, x13       x15=00000000 x15:00000004 x13:00001f80
14723616ns          241076 1c008b02 ee873733 p.bclr           x14, x14, 23, 8     x14=00000008 x14:00000008
14723636ns          241077 1c008b06 1a10f6b7 lui              x13, 0x1a10f000     x13=1a10f000
14723656ns          241078 1c008b0a 0ff57513 andi             x10, x10, 255       x10=0000002e x10:0000002e
14723676ns          241079 1c008b0e 00d70733 add              x14, x14, x13       x14=1a10f008 x14:00000008 x13:1a10f000
14723696ns          241080 1c008b10 00a7e723 p.sw             x10, x0(x15)        x10:0000002e x15:00000000  PA:1a10f008
14724014ns          241096 1c008b14 00000513 addi             x10, x0, 0          x10=00000000
14724034ns          241097 1c008b16 00008067 jalr             x0, x1, 0            x1:1c008bbe
14724094ns          241100 1c008bbe 31f52563 p.beqimm         x10, 778            x10:00000000
14724113ns          241101 1c008bc2 001d8d93 addi             x27, x27, 1         x27=0000001e x27:0000001d
14724133ns          241102 1c008bc4 00044503 lbu              x10, 0(x8)          x10=0000002e  x8:1c000043  PA:1c000043
14724452ns          241118 1c008bc8 00140413 addi             x8, x8, 1            x8=1c000044  x8:1c000043
14724471ns          241119 1c008bca fe0514e3 bne              x10, x0, -24        x10:0000002e
14724551ns          241123 1c008bb2 02500793 addi             x15, x0, 37         x15=00000025
14724571ns          241124 1c008bb6 04f50863 beq              x10, x15, 80        x10:0000002e x15:00000025
14724591ns          241125 1c008bba 01a005b3 add              x11, x0, x26        x11=00000002 x26:00000002
14724611ns          241126 1c008bbc 000b00e7 jalr             x1, x22, 0           x1=1c008bbe x22:1c008af0
14724651ns          241128 1c008af0 000026b7 lui              x13, 0x2000         x13=00002000
14724670ns          241129 1c008af2 f14027f3 csrrs            x15, x0, 0xf14      x15=00000001
14724690ns          241130 1c008af6 f8068693 addi             x13, x13, -128      x13=00001f80 x13:00002000
14724710ns          241131 1c008afa 00379713 slli             x14, x15, 0x3       x14=00000008 x15:00000001
14724730ns          241132 1c008afe 00279793 slli             x15, x15, 0x2       x15=00000004 x15:00000001
14724750ns          241133 1c008b00 00d7f7b3 and              x15, x15, x13       x15=00000000 x15:00000004 x13:00001f80
14724770ns          241134 1c008b02 ee873733 p.bclr           x14, x14, 23, 8     x14=00000008 x14:00000008
14724790ns          241135 1c008b06 1a10f6b7 lui              x13, 0x1a10f000     x13=1a10f000
14724810ns          241136 1c008b0a 0ff57513 andi             x10, x10, 255       x10=0000002e x10:0000002e
14724830ns          241137 1c008b0e 00d70733 add              x14, x14, x13       x14=1a10f008 x14:00000008 x13:1a10f000
14724849ns          241138 1c008b10 00a7e723 p.sw             x10, x0(x15)        x10:0000002e x15:00000000  PA:1a10f008
14725168ns          241154 1c008b14 00000513 addi             x10, x0, 0          x10=00000000
14725188ns          241155 1c008b16 00008067 jalr             x0, x1, 0            x1:1c008bbe
14725247ns          241158 1c008bbe 31f52563 p.beqimm         x10, 778            x10:00000000
14725267ns          241159 1c008bc2 001d8d93 addi             x27, x27, 1         x27=0000001f x27:0000001e
14725287ns          241160 1c008bc4 00044503 lbu              x10, 0(x8)          x10=00000020  x8:1c000044  PA:1c000044
14725585ns          241175 1c008bc8 00140413 addi             x8, x8, 1            x8=1c000045  x8:1c000044
14725605ns          241176 1c008bca fe0514e3 bne              x10, x0, -24        x10:00000020
14725685ns          241180 1c008bb2 02500793 addi             x15, x0, 37         x15=00000025
14725705ns          241181 1c008bb6 04f50863 beq              x10, x15, 80        x10:00000020 x15:00000025
14725725ns          241182 1c008bba 01a005b3 add              x11, x0, x26        x11=00000002 x26:00000002
14725745ns          241183 1c008bbc 000b00e7 jalr             x1, x22, 0           x1=1c008bbe x22:1c008af0
14725784ns          241185 1c008af0 000026b7 lui              x13, 0x2000         x13=00002000
14725804ns          241186 1c008af2 f14027f3 csrrs            x15, x0, 0xf14      x15=00000001
14725824ns          241187 1c008af6 f8068693 addi             x13, x13, -128      x13=00001f80 x13:00002000
14725844ns          241188 1c008afa 00379713 slli             x14, x15, 0x3       x14=00000008 x15:00000001
14725864ns          241189 1c008afe 00279793 slli             x15, x15, 0x2       x15=00000004 x15:00000001
14725884ns          241190 1c008b00 00d7f7b3 and              x15, x15, x13       x15=00000000 x15:00000004 x13:00001f80
14725904ns          241191 1c008b02 ee873733 p.bclr           x14, x14, 23, 8     x14=00000008 x14:00000008
14725924ns          241192 1c008b06 1a10f6b7 lui              x13, 0x1a10f000     x13=1a10f000
14725943ns          241193 1c008b0a 0ff57513 andi             x10, x10, 255       x10=00000020 x10:00000020
14725963ns          241194 1c008b0e 00d70733 add              x14, x14, x13       x14=1a10f008 x14:00000008 x13:1a10f000
14725983ns          241195 1c008b10 00a7e723 p.sw             x10, x0(x15)        x10:00000020 x15:00000000  PA:1a10f008
14726301ns          241211 1c008b14 00000513 addi             x10, x0, 0          x10=00000000
14726321ns          241212 1c008b16 00008067 jalr             x0, x1, 0            x1:1c008bbe
14726381ns          241215 1c008bbe 31f52563 p.beqimm         x10, 778            x10:00000000
14726401ns          241216 1c008bc2 001d8d93 addi             x27, x27, 1         x27=00000020 x27:0000001f
14726421ns          241217 1c008bc4 00044503 lbu              x10, 0(x8)          x10=00000028  x8:1c000045  PA:1c000045
14726719ns          241232 1c008bc8 00140413 addi             x8, x8, 1            x8=1c000046  x8:1c000045
14726739ns          241233 1c008bca fe0514e3 bne              x10, x0, -24        x10:00000028
14726819ns          241237 1c008bb2 02500793 addi             x15, x0, 37         x15=00000025
14726838ns          241238 1c008bb6 04f50863 beq              x10, x15, 80        x10:00000028 x15:00000025
14726858ns          241239 1c008bba 01a005b3 add              x11, x0, x26        x11=00000002 x26:00000002
14726878ns          241240 1c008bbc 000b00e7 jalr             x1, x22, 0           x1=1c008bbe x22:1c008af0
14726918ns          241242 1c008af0 000026b7 lui              x13, 0x2000         x13=00002000
14726938ns          241243 1c008af2 f14027f3 csrrs            x15, x0, 0xf14      x15=00000001
14726958ns          241244 1c008af6 f8068693 addi             x13, x13, -128      x13=00001f80 x13:00002000
14726978ns          241245 1c008afa 00379713 slli             x14, x15, 0x3       x14=00000008 x15:00000001
14726998ns          241246 1c008afe 00279793 slli             x15, x15, 0x2       x15=00000004 x15:00000001
14727018ns          241247 1c008b00 00d7f7b3 and              x15, x15, x13       x15=00000000 x15:00000004 x13:00001f80
14727037ns          241248 1c008b02 ee873733 p.bclr           x14, x14, 23, 8     x14=00000008 x14:00000008
14727057ns          241249 1c008b06 1a10f6b7 lui              x13, 0x1a10f000     x13=1a10f000
14727077ns          241250 1c008b0a 0ff57513 andi             x10, x10, 255       x10=00000028 x10:00000028
14727097ns          241251 1c008b0e 00d70733 add              x14, x14, x13       x14=1a10f008 x14:00000008 x13:1a10f000
14727117ns          241252 1c008b10 00a7e723 p.sw             x10, x0(x15)        x10:00000028 x15:00000000  PA:1a10f008
14727435ns          241268 1c008b14 00000513 addi             x10, x0, 0          x10=00000000
14727455ns          241269 1c008b16 00008067 jalr             x0, x1, 0            x1:1c008bbe
14727515ns          241272 1c008bbe 31f52563 p.beqimm         x10, 778            x10:00000000
14727535ns          241273 1c008bc2 001d8d93 addi             x27, x27, 1         x27=00000021 x27:00000020
14727555ns          241274 1c008bc4 00044503 lbu              x10, 0(x8)          x10=00000063  x8:1c000046  PA:1c000046
14727873ns          241290 1c008bc8 00140413 addi             x8, x8, 1            x8=1c000047  x8:1c000046
14727893ns          241291 1c008bca fe0514e3 bne              x10, x0, -24        x10:00000063
14727972ns          241295 1c008bb2 02500793 addi             x15, x0, 37         x15=00000025
14727992ns          241296 1c008bb6 04f50863 beq              x10, x15, 80        x10:00000063 x15:00000025
14728012ns          241297 1c008bba 01a005b3 add              x11, x0, x26        x11=00000002 x26:00000002
14728032ns          241298 1c008bbc 000b00e7 jalr             x1, x22, 0           x1=1c008bbe x22:1c008af0
14728072ns          241300 1c008af0 000026b7 lui              x13, 0x2000         x13=00002000
14728092ns          241301 1c008af2 f14027f3 csrrs            x15, x0, 0xf14      x15=00000001
14728112ns          241302 1c008af6 f8068693 addi             x13, x13, -128      x13=00001f80 x13:00002000
14728131ns          241303 1c008afa 00379713 slli             x14, x15, 0x3       x14=00000008 x15:00000001
14728151ns          241304 1c008afe 00279793 slli             x15, x15, 0x2       x15=00000004 x15:00000001
14728171ns          241305 1c008b00 00d7f7b3 and              x15, x15, x13       x15=00000000 x15:00000004 x13:00001f80
14728191ns          241306 1c008b02 ee873733 p.bclr           x14, x14, 23, 8     x14=00000008 x14:00000008
14728211ns          241307 1c008b06 1a10f6b7 lui              x13, 0x1a10f000     x13=1a10f000
14728231ns          241308 1c008b0a 0ff57513 andi             x10, x10, 255       x10=00000063 x10:00000063
14728251ns          241309 1c008b0e 00d70733 add              x14, x14, x13       x14=1a10f008 x14:00000008 x13:1a10f000
14728271ns          241310 1c008b10 00a7e723 p.sw             x10, x0(x15)        x10:00000063 x15:00000000  PA:1a10f008
14728589ns          241326 1c008b14 00000513 addi             x10, x0, 0          x10=00000000
14728609ns          241327 1c008b16 00008067 jalr             x0, x1, 0            x1:1c008bbe
14728668ns          241330 1c008bbe 31f52563 p.beqimm         x10, 778            x10:00000000
14728688ns          241331 1c008bc2 001d8d93 addi             x27, x27, 1         x27=00000022 x27:00000021
14728708ns          241332 1c008bc4 00044503 lbu              x10, 0(x8)          x10=0000006f  x8:1c000047  PA:1c000047
14729007ns          241347 1c008bc8 00140413 addi             x8, x8, 1            x8=1c000048  x8:1c000047
14729026ns          241348 1c008bca fe0514e3 bne              x10, x0, -24        x10:0000006f
14729106ns          241352 1c008bb2 02500793 addi             x15, x0, 37         x15=00000025
14729126ns          241353 1c008bb6 04f50863 beq              x10, x15, 80        x10:0000006f x15:00000025
14729146ns          241354 1c008bba 01a005b3 add              x11, x0, x26        x11=00000002 x26:00000002
14729166ns          241355 1c008bbc 000b00e7 jalr             x1, x22, 0           x1=1c008bbe x22:1c008af0
14729205ns          241357 1c008af0 000026b7 lui              x13, 0x2000         x13=00002000
14729225ns          241358 1c008af2 f14027f3 csrrs            x15, x0, 0xf14      x15=00000001
14729245ns          241359 1c008af6 f8068693 addi             x13, x13, -128      x13=00001f80 x13:00002000
14729265ns          241360 1c008afa 00379713 slli             x14, x15, 0x3       x14=00000008 x15:00000001
14729285ns          241361 1c008afe 00279793 slli             x15, x15, 0x2       x15=00000004 x15:00000001
14729305ns          241362 1c008b00 00d7f7b3 and              x15, x15, x13       x15=00000000 x15:00000004 x13:00001f80
14729325ns          241363 1c008b02 ee873733 p.bclr           x14, x14, 23, 8     x14=00000008 x14:00000008
14729345ns          241364 1c008b06 1a10f6b7 lui              x13, 0x1a10f000     x13=1a10f000
14729365ns          241365 1c008b0a 0ff57513 andi             x10, x10, 255       x10=0000006f x10:0000006f
14729385ns          241366 1c008b0e 00d70733 add              x14, x14, x13       x14=1a10f008 x14:00000008 x13:1a10f000
14729404ns          241367 1c008b10 00a7e723 p.sw             x10, x0(x15)        x10:0000006f x15:00000000  PA:1a10f008
14729743ns          241384 1c008b14 00000513 addi             x10, x0, 0          x10=00000000
14729762ns          241385 1c008b16 00008067 jalr             x0, x1, 0            x1:1c008bbe
14729822ns          241388 1c008bbe 31f52563 p.beqimm         x10, 778            x10:00000000
14729842ns          241389 1c008bc2 001d8d93 addi             x27, x27, 1         x27=00000023 x27:00000022
14729862ns          241390 1c008bc4 00044503 lbu              x10, 0(x8)          x10=00000072  x8:1c000048  PA:1c000048
14730160ns          241405 1c008bc8 00140413 addi             x8, x8, 1            x8=1c000049  x8:1c000048
14730180ns          241406 1c008bca fe0514e3 bne              x10, x0, -24        x10:00000072
14730260ns          241410 1c008bb2 02500793 addi             x15, x0, 37         x15=00000025
14730280ns          241411 1c008bb6 04f50863 beq              x10, x15, 80        x10:00000072 x15:00000025
14730299ns          241412 1c008bba 01a005b3 add              x11, x0, x26        x11=00000002 x26:00000002
14730319ns          241413 1c008bbc 000b00e7 jalr             x1, x22, 0           x1=1c008bbe x22:1c008af0
14730359ns          241415 1c008af0 000026b7 lui              x13, 0x2000         x13=00002000
14730379ns          241416 1c008af2 f14027f3 csrrs            x15, x0, 0xf14      x15=00000001
14730399ns          241417 1c008af6 f8068693 addi             x13, x13, -128      x13=00001f80 x13:00002000
14730419ns          241418 1c008afa 00379713 slli             x14, x15, 0x3       x14=00000008 x15:00000001
14730439ns          241419 1c008afe 00279793 slli             x15, x15, 0x2       x15=00000004 x15:00000001
14730459ns          241420 1c008b00 00d7f7b3 and              x15, x15, x13       x15=00000000 x15:00000004 x13:00001f80
14730478ns          241421 1c008b02 ee873733 p.bclr           x14, x14, 23, 8     x14=00000008 x14:00000008
14730498ns          241422 1c008b06 1a10f6b7 lui              x13, 0x1a10f000     x13=1a10f000
14730518ns          241423 1c008b0a 0ff57513 andi             x10, x10, 255       x10=00000072 x10:00000072
14730538ns          241424 1c008b0e 00d70733 add              x14, x14, x13       x14=1a10f008 x14:00000008 x13:1a10f000
14730558ns          241425 1c008b10 00a7e723 p.sw             x10, x0(x15)        x10:00000072 x15:00000000  PA:1a10f008
14730876ns          241441 1c008b14 00000513 addi             x10, x0, 0          x10=00000000
14730896ns          241442 1c008b16 00008067 jalr             x0, x1, 0            x1:1c008bbe
14730956ns          241445 1c008bbe 31f52563 p.beqimm         x10, 778            x10:00000000
14730976ns          241446 1c008bc2 001d8d93 addi             x27, x27, 1         x27=00000024 x27:00000023
14730996ns          241447 1c008bc4 00044503 lbu              x10, 0(x8)          x10=00000065  x8:1c000049  PA:1c000049
14731294ns          241462 1c008bc8 00140413 addi             x8, x8, 1            x8=1c00004a  x8:1c000049
14731314ns          241463 1c008bca fe0514e3 bne              x10, x0, -24        x10:00000065
14731393ns          241467 1c008bb2 02500793 addi             x15, x0, 37         x15=00000025
14731413ns          241468 1c008bb6 04f50863 beq              x10, x15, 80        x10:00000065 x15:00000025
14731433ns          241469 1c008bba 01a005b3 add              x11, x0, x26        x11=00000002 x26:00000002
14731453ns          241470 1c008bbc 000b00e7 jalr             x1, x22, 0           x1=1c008bbe x22:1c008af0
14731493ns          241472 1c008af0 000026b7 lui              x13, 0x2000         x13=00002000
14731513ns          241473 1c008af2 f14027f3 csrrs            x15, x0, 0xf14      x15=00000001
14731533ns          241474 1c008af6 f8068693 addi             x13, x13, -128      x13=00001f80 x13:00002000
14731553ns          241475 1c008afa 00379713 slli             x14, x15, 0x3       x14=00000008 x15:00000001
14731572ns          241476 1c008afe 00279793 slli             x15, x15, 0x2       x15=00000004 x15:00000001
14731592ns          241477 1c008b00 00d7f7b3 and              x15, x15, x13       x15=00000000 x15:00000004 x13:00001f80
14731612ns          241478 1c008b02 ee873733 p.bclr           x14, x14, 23, 8     x14=00000008 x14:00000008
14731632ns          241479 1c008b06 1a10f6b7 lui              x13, 0x1a10f000     x13=1a10f000
14731652ns          241480 1c008b0a 0ff57513 andi             x10, x10, 255       x10=00000065 x10:00000065
14731672ns          241481 1c008b0e 00d70733 add              x14, x14, x13       x14=1a10f008 x14:00000008 x13:1a10f000
14731692ns          241482 1c008b10 00a7e723 p.sw             x10, x0(x15)        x10:00000065 x15:00000000  PA:1a10f008
14732010ns          241498 1c008b14 00000513 addi             x10, x0, 0          x10=00000000
14732030ns          241499 1c008b16 00008067 jalr             x0, x1, 0            x1:1c008bbe
14732090ns          241502 1c008bbe 31f52563 p.beqimm         x10, 778            x10:00000000
14732110ns          241503 1c008bc2 001d8d93 addi             x27, x27, 1         x27=00000025 x27:00000024
14732129ns          241504 1c008bc4 00044503 lbu              x10, 0(x8)          x10=00000069  x8:1c00004a  PA:1c00004a
14732448ns          241520 1c008bc8 00140413 addi             x8, x8, 1            x8=1c00004b  x8:1c00004a
14732468ns          241521 1c008bca fe0514e3 bne              x10, x0, -24        x10:00000069
14732547ns          241525 1c008bb2 02500793 addi             x15, x0, 37         x15=00000025
14732567ns          241526 1c008bb6 04f50863 beq              x10, x15, 80        x10:00000069 x15:00000025
14732587ns          241527 1c008bba 01a005b3 add              x11, x0, x26        x11=00000002 x26:00000002
14732607ns          241528 1c008bbc 000b00e7 jalr             x1, x22, 0           x1=1c008bbe x22:1c008af0
14732647ns          241530 1c008af0 000026b7 lui              x13, 0x2000         x13=00002000
14732666ns          241531 1c008af2 f14027f3 csrrs            x15, x0, 0xf14      x15=00000001
14732686ns          241532 1c008af6 f8068693 addi             x13, x13, -128      x13=00001f80 x13:00002000
14732706ns          241533 1c008afa 00379713 slli             x14, x15, 0x3       x14=00000008 x15:00000001
14732726ns          241534 1c008afe 00279793 slli             x15, x15, 0x2       x15=00000004 x15:00000001
14732746ns          241535 1c008b00 00d7f7b3 and              x15, x15, x13       x15=00000000 x15:00000004 x13:00001f80
14732766ns          241536 1c008b02 ee873733 p.bclr           x14, x14, 23, 8     x14=00000008 x14:00000008
14732786ns          241537 1c008b06 1a10f6b7 lui              x13, 0x1a10f000     x13=1a10f000
14732806ns          241538 1c008b0a 0ff57513 andi             x10, x10, 255       x10=00000069 x10:00000069
14732826ns          241539 1c008b0e 00d70733 add              x14, x14, x13       x14=1a10f008 x14:00000008 x13:1a10f000
14732845ns          241540 1c008b10 00a7e723 p.sw             x10, x0(x15)        x10:00000069 x15:00000000  PA:1a10f008
14733164ns          241556 1c008b14 00000513 addi             x10, x0, 0          x10=00000000
14733184ns          241557 1c008b16 00008067 jalr             x0, x1, 0            x1:1c008bbe
14733243ns          241560 1c008bbe 31f52563 p.beqimm         x10, 778            x10:00000000
14733263ns          241561 1c008bc2 001d8d93 addi             x27, x27, 1         x27=00000026 x27:00000025
14733283ns          241562 1c008bc4 00044503 lbu              x10, 0(x8)          x10=00000064  x8:1c00004b  PA:1c00004b
14733581ns          241577 1c008bc8 00140413 addi             x8, x8, 1            x8=1c00004c  x8:1c00004b
14733601ns          241578 1c008bca fe0514e3 bne              x10, x0, -24        x10:00000064
14733681ns          241582 1c008bb2 02500793 addi             x15, x0, 37         x15=00000025
14733701ns          241583 1c008bb6 04f50863 beq              x10, x15, 80        x10:00000064 x15:00000025
14733721ns          241584 1c008bba 01a005b3 add              x11, x0, x26        x11=00000002 x26:00000002
14733741ns          241585 1c008bbc 000b00e7 jalr             x1, x22, 0           x1=1c008bbe x22:1c008af0
14733780ns          241587 1c008af0 000026b7 lui              x13, 0x2000         x13=00002000
14733800ns          241588 1c008af2 f14027f3 csrrs            x15, x0, 0xf14      x15=00000001
14733820ns          241589 1c008af6 f8068693 addi             x13, x13, -128      x13=00001f80 x13:00002000
14733840ns          241590 1c008afa 00379713 slli             x14, x15, 0x3       x14=00000008 x15:00000001
14733860ns          241591 1c008afe 00279793 slli             x15, x15, 0x2       x15=00000004 x15:00000001
14733880ns          241592 1c008b00 00d7f7b3 and              x15, x15, x13       x15=00000000 x15:00000004 x13:00001f80
14733900ns          241593 1c008b02 ee873733 p.bclr           x14, x14, 23, 8     x14=00000008 x14:00000008
14733920ns          241594 1c008b06 1a10f6b7 lui              x13, 0x1a10f000     x13=1a10f000
14733939ns          241595 1c008b0a 0ff57513 andi             x10, x10, 255       x10=00000064 x10:00000064
14733959ns          241596 1c008b0e 00d70733 add              x14, x14, x13       x14=1a10f008 x14:00000008 x13:1a10f000
14733979ns          241597 1c008b10 00a7e723 p.sw             x10, x0(x15)        x10:00000064 x15:00000000  PA:1a10f008
14734298ns          241613 1c008b14 00000513 addi             x10, x0, 0          x10=00000000
14734317ns          241614 1c008b16 00008067 jalr             x0, x1, 0            x1:1c008bbe
14734377ns          241617 1c008bbe 31f52563 p.beqimm         x10, 778            x10:00000000
14734397ns          241618 1c008bc2 001d8d93 addi             x27, x27, 1         x27=00000027 x27:00000026
14734417ns          241619 1c008bc4 00044503 lbu              x10, 0(x8)          x10=00000020  x8:1c00004c  PA:1c00004c
14734715ns          241634 1c008bc8 00140413 addi             x8, x8, 1            x8=1c00004d  x8:1c00004c
14734735ns          241635 1c008bca fe0514e3 bne              x10, x0, -24        x10:00000020
14734815ns          241639 1c008bb2 02500793 addi             x15, x0, 37         x15=00000025
14734835ns          241640 1c008bb6 04f50863 beq              x10, x15, 80        x10:00000020 x15:00000025
14734854ns          241641 1c008bba 01a005b3 add              x11, x0, x26        x11=00000002 x26:00000002
14734874ns          241642 1c008bbc 000b00e7 jalr             x1, x22, 0           x1=1c008bbe x22:1c008af0
14734914ns          241644 1c008af0 000026b7 lui              x13, 0x2000         x13=00002000
14734934ns          241645 1c008af2 f14027f3 csrrs            x15, x0, 0xf14      x15=00000001
14734954ns          241646 1c008af6 f8068693 addi             x13, x13, -128      x13=00001f80 x13:00002000
14734974ns          241647 1c008afa 00379713 slli             x14, x15, 0x3       x14=00000008 x15:00000001
14734994ns          241648 1c008afe 00279793 slli             x15, x15, 0x2       x15=00000004 x15:00000001
14735014ns          241649 1c008b00 00d7f7b3 and              x15, x15, x13       x15=00000000 x15:00000004 x13:00001f80
14735033ns          241650 1c008b02 ee873733 p.bclr           x14, x14, 23, 8     x14=00000008 x14:00000008
14735053ns          241651 1c008b06 1a10f6b7 lui              x13, 0x1a10f000     x13=1a10f000
14735073ns          241652 1c008b0a 0ff57513 andi             x10, x10, 255       x10=00000020 x10:00000020
14735093ns          241653 1c008b0e 00d70733 add              x14, x14, x13       x14=1a10f008 x14:00000008 x13:1a10f000
14735113ns          241654 1c008b10 00a7e723 p.sw             x10, x0(x15)        x10:00000020 x15:00000000  PA:1a10f008
14735431ns          241670 1c008b14 00000513 addi             x10, x0, 0          x10=00000000
14735451ns          241671 1c008b16 00008067 jalr             x0, x1, 0            x1:1c008bbe
14735511ns          241674 1c008bbe 31f52563 p.beqimm         x10, 778            x10:00000000
14735531ns          241675 1c008bc2 001d8d93 addi             x27, x27, 1         x27=00000028 x27:00000027
14735551ns          241676 1c008bc4 00044503 lbu              x10, 0(x8)          x10=0000003d  x8:1c00004d  PA:1c00004d
14735869ns          241692 1c008bc8 00140413 addi             x8, x8, 1            x8=1c00004e  x8:1c00004d
14735889ns          241693 1c008bca fe0514e3 bne              x10, x0, -24        x10:0000003d
14735968ns          241697 1c008bb2 02500793 addi             x15, x0, 37         x15=00000025
14735988ns          241698 1c008bb6 04f50863 beq              x10, x15, 80        x10:0000003d x15:00000025
14736008ns          241699 1c008bba 01a005b3 add              x11, x0, x26        x11=00000002 x26:00000002
14736028ns          241700 1c008bbc 000b00e7 jalr             x1, x22, 0           x1=1c008bbe x22:1c008af0
14736068ns          241702 1c008af0 000026b7 lui              x13, 0x2000         x13=00002000
14736088ns          241703 1c008af2 f14027f3 csrrs            x15, x0, 0xf14      x15=00000001
14736108ns          241704 1c008af6 f8068693 addi             x13, x13, -128      x13=00001f80 x13:00002000
14736127ns          241705 1c008afa 00379713 slli             x14, x15, 0x3       x14=00000008 x15:00000001
14736147ns          241706 1c008afe 00279793 slli             x15, x15, 0x2       x15=00000004 x15:00000001
14736167ns          241707 1c008b00 00d7f7b3 and              x15, x15, x13       x15=00000000 x15:00000004 x13:00001f80
14736187ns          241708 1c008b02 ee873733 p.bclr           x14, x14, 23, 8     x14=00000008 x14:00000008
14736207ns          241709 1c008b06 1a10f6b7 lui              x13, 0x1a10f000     x13=1a10f000
14736227ns          241710 1c008b0a 0ff57513 andi             x10, x10, 255       x10=0000003d x10:0000003d
14736247ns          241711 1c008b0e 00d70733 add              x14, x14, x13       x14=1a10f008 x14:00000008 x13:1a10f000
14736267ns          241712 1c008b10 00a7e723 p.sw             x10, x0(x15)        x10:0000003d x15:00000000  PA:1a10f008
14736585ns          241728 1c008b14 00000513 addi             x10, x0, 0          x10=00000000
14736605ns          241729 1c008b16 00008067 jalr             x0, x1, 0            x1:1c008bbe
14736665ns          241732 1c008bbe 31f52563 p.beqimm         x10, 778            x10:00000000
14736684ns          241733 1c008bc2 001d8d93 addi             x27, x27, 1         x27=00000029 x27:00000028
14736704ns          241734 1c008bc4 00044503 lbu              x10, 0(x8)          x10=00000020  x8:1c00004e  PA:1c00004e
14737003ns          241749 1c008bc8 00140413 addi             x8, x8, 1            x8=1c00004f  x8:1c00004e
14737023ns          241750 1c008bca fe0514e3 bne              x10, x0, -24        x10:00000020
14737102ns          241754 1c008bb2 02500793 addi             x15, x0, 37         x15=00000025
14737122ns          241755 1c008bb6 04f50863 beq              x10, x15, 80        x10:00000020 x15:00000025
14737142ns          241756 1c008bba 01a005b3 add              x11, x0, x26        x11=00000002 x26:00000002
14737162ns          241757 1c008bbc 000b00e7 jalr             x1, x22, 0           x1=1c008bbe x22:1c008af0
14737202ns          241759 1c008af0 000026b7 lui              x13, 0x2000         x13=00002000
14737221ns          241760 1c008af2 f14027f3 csrrs            x15, x0, 0xf14      x15=00000001
14737241ns          241761 1c008af6 f8068693 addi             x13, x13, -128      x13=00001f80 x13:00002000
14737261ns          241762 1c008afa 00379713 slli             x14, x15, 0x3       x14=00000008 x15:00000001
14737281ns          241763 1c008afe 00279793 slli             x15, x15, 0x2       x15=00000004 x15:00000001
14737301ns          241764 1c008b00 00d7f7b3 and              x15, x15, x13       x15=00000000 x15:00000004 x13:00001f80
14737321ns          241765 1c008b02 ee873733 p.bclr           x14, x14, 23, 8     x14=00000008 x14:00000008
14737341ns          241766 1c008b06 1a10f6b7 lui              x13, 0x1a10f000     x13=1a10f000
14737361ns          241767 1c008b0a 0ff57513 andi             x10, x10, 255       x10=00000020 x10:00000020
14737381ns          241768 1c008b0e 00d70733 add              x14, x14, x13       x14=1a10f008 x14:00000008 x13:1a10f000
14737400ns          241769 1c008b10 00a7e723 p.sw             x10, x0(x15)        x10:00000020 x15:00000000  PA:1a10f008
14737739ns          241786 1c008b14 00000513 addi             x10, x0, 0          x10=00000000
14737759ns          241787 1c008b16 00008067 jalr             x0, x1, 0            x1:1c008bbe
14737818ns          241790 1c008bbe 31f52563 p.beqimm         x10, 778            x10:00000000
14737838ns          241791 1c008bc2 001d8d93 addi             x27, x27, 1         x27=0000002a x27:00000029
14737858ns          241792 1c008bc4 00044503 lbu              x10, 0(x8)          x10=00000025  x8:1c00004f  PA:1c00004f
14738156ns          241807 1c008bc8 00140413 addi             x8, x8, 1            x8=1c000050  x8:1c00004f
14738176ns          241808 1c008bca fe0514e3 bne              x10, x0, -24        x10:00000025
14738256ns          241812 1c008bb2 02500793 addi             x15, x0, 37         x15=00000025
14738276ns          241813 1c008bb6 04f50863 beq              x10, x15, 80        x10:00000025 x15:00000025
14738355ns          241817 1c008c06 00044483 lbu              x9, 0(x8)            x9=00000064  x8:1c000050  PA:1c000050
14738654ns          241832 1c008c0a 02000693 addi             x13, x0, 32         x13=00000020
14738673ns          241833 1c008c0e 00140a93 addi             x21, x8, 1          x21=1c000051  x8:1c000050
14738693ns          241834 1c008c12 009005b3 add              x11, x0, x9         x11=00000064  x9:00000064
14738713ns          241835 1c008c14 154b8513 addi             x10, x23, 340       x10=1c000154 x23:1c000000
14738733ns          241836 1c008c18 00d12823 sw               x13, 16(x2)         x13:00000020  x2:10000c98  PA:10000ca8
14738753ns          241837 1c008c1a 00012c23 sw               x0, 24(x2)           x2:10000c98  PA:10000cb0
14738773ns          241838 1c008c1c 00012a23 sw               x0, 20(x2)           x2:10000c98  PA:10000cac
14738793ns          241839 1c008c1e 00012e23 sw               x0, 28(x2)           x2:10000c98  PA:10000cb4
14738813ns          241840 1c008c20 00012623 sw               x0, 12(x2)           x2:10000c98  PA:10000ca4
14738833ns          241841 1c008c22 02300913 addi             x18, x0, 35         x18=00000023
14738853ns          241842 1c008c26 02d00a13 addi             x20, x0, 45         x20=0000002d
14738872ns          241843 1c008c2a 015009b3 add              x19, x0, x21        x19=1c000051 x21:1c000051
14738892ns          241844 1c008c2c e97ff0ef jal              x1, -362             x1=1c008c2e
14739012ns          241850 1c008ac2 00054783 lbu              x15, 0(x10)         x15=0000002d x10:1c000154  PA:1c000154
14739310ns          241865 1c008ac6 0ff5f593 andi             x11, x11, 255       x11=00000064 x11:00000064
14739330ns          241866 1c008aca 00b78c63 beq              x15, x11, 24        x15:0000002d x11:00000064
14739350ns          241867 1c008ace 00078b63 beq              x15, x0, 22         x15:0000002d
14739370ns          241868 1c008ad0 00150793 addi             x15, x10, 1         x15=1c000155 x10:1c000154
14739390ns          241869 1c008ad4 0040006f jal              x0, 4              
14739429ns          241871 1c008ad8 00f00533 add              x10, x0, x15        x10=1c000155 x15:1c000155
14739449ns          241872 1c008ada 0017c70b p.lbu            x14, 1(x15!)        x14=0000002b x15=1c000156 x15:1c000155  PA:1c000155
14739767ns          241888 1c008ade feb71ce3 bne              x14, x11, -8        x14:0000002b x11:00000064
14739827ns          241891 1c008ad6 00070763 beq              x14, x0, 14         x14:0000002b
14739847ns          241892 1c008ad8 00f00533 add              x10, x0, x15        x10=1c000156 x15:1c000156
14739867ns          241893 1c008ada 0017c70b p.lbu            x14, 1(x15!)        x14=00000020 x15=1c000157 x15:1c000156  PA:1c000156
14740185ns          241909 1c008ade feb71ce3 bne              x14, x11, -8        x14:00000020 x11:00000064
14740245ns          241912 1c008ad6 00070763 beq              x14, x0, 14         x14:00000020
14740265ns          241913 1c008ad8 00f00533 add              x10, x0, x15        x10=1c000157 x15:1c000157
14740285ns          241914 1c008ada 0017c70b p.lbu            x14, 1(x15!)        x14=00000023 x15=1c000158 x15:1c000157  PA:1c000157
14740603ns          241930 1c008ade feb71ce3 bne              x14, x11, -8        x14:00000023 x11:00000064
14740663ns          241933 1c008ad6 00070763 beq              x14, x0, 14         x14:00000023
14740682ns          241934 1c008ad8 00f00533 add              x10, x0, x15        x10=1c000158 x15:1c000158
14740702ns          241935 1c008ada 0017c70b p.lbu            x14, 1(x15!)        x14=00000030 x15=1c000159 x15:1c000158  PA:1c000158
14741040ns          241952 1c008ade feb71ce3 bne              x14, x11, -8        x14:00000030 x11:00000064
14741100ns          241955 1c008ad6 00070763 beq              x14, x0, 14         x14:00000030
14741120ns          241956 1c008ad8 00f00533 add              x10, x0, x15        x10=1c000159 x15:1c000159
14741140ns          241957 1c008ada 0017c70b p.lbu            x14, 1(x15!)        x14=00000000 x15=1c00015a x15:1c000159  PA:1c000159
14741458ns          241973 1c008ade feb71ce3 bne              x14, x11, -8        x14:00000000 x11:00000064
14741518ns          241976 1c008ad6 00070763 beq              x14, x0, 14         x14:00000000
14741578ns          241979 1c008ae4 0015b593 sltiu            x11, x11, 1         x11=00000000 x11:00000064
14741597ns          241980 1c008ae8 40b005b3 sub              x11, x0, x11        x11=00000000 x11:00000000
14741617ns          241981 1c008aec 00b57533 and              x10, x10, x11       x10=00000000 x10:1c000159 x11:00000000
14741637ns          241982 1c008aee 00008067 jalr             x0, x1, 0            x1:1c008c2e
14741677ns          241984 1c008c2e 02050a63 beq              x10, x0, 52         x10:00000000
14742115ns          242006 1c008c62 02a00613 addi             x12, x0, 42         x12=0000002a
14742134ns          242007 1c008c66 2ac48663 beq              x9, x12, 684         x9:00000064 x12:0000002a
14742154ns          242008 1c008c6a fd048613 addi             x12, x9, -48        x12=00000034  x9:00000064
14742174ns          242009 1c008c6e 00900593 addi             x11, x0, 9          x11=00000009
14742194ns          242010 1c008c70 00000913 addi             x18, x0, 0          x18=00000000
14742214ns          242011 1c008c72 28c5f063 bgeu             x11, x12, 640       x11:00000009 x12:00000034
14742234ns          242012 1c008c76 02e00693 addi             x13, x0, 46         x13=0000002e
14742254ns          242013 1c008c7a fff00a13 addi             x20, x0, -1         x20=ffffffff
14742274ns          242014 1c008c7c 2ed48363 beq              x9, x13, 742         x9:00000064 x13:0000002e
14742294ns          242015 1c008c80 1c0007b7 lui              x15, 0x1c000000     x15=1c000000
14742333ns          242017 1c008c84 009005b3 add              x11, x0, x9         x11=00000064  x9:00000064
14742353ns          242018 1c008c86 15c78513 addi             x10, x15, 348       x10=1c00015c x15:1c000000
14742373ns          242019 1c008c8a e39ff0ef jal              x1, -456             x1=1c008c8c
14742493ns          242025 1c008ac2 00054783 lbu              x15, 0(x10)         x15=00000068 x10:1c00015c  PA:1c00015c
14742791ns          242040 1c008ac6 0ff5f593 andi             x11, x11, 255       x11=00000064 x11:00000064
14742811ns          242041 1c008aca 00b78c63 beq              x15, x11, 24        x15:00000068 x11:00000064
14742831ns          242042 1c008ace 00078b63 beq              x15, x0, 22         x15:00000068
14742851ns          242043 1c008ad0 00150793 addi             x15, x10, 1         x15=1c00015d x10:1c00015c
14742870ns          242044 1c008ad4 0040006f jal              x0, 4              
14742910ns          242046 1c008ad8 00f00533 add              x10, x0, x15        x10=1c00015d x15:1c00015d
14742930ns          242047 1c008ada 0017c70b p.lbu            x14, 1(x15!)        x14=0000006c x15=1c00015e x15:1c00015d  PA:1c00015d
14743268ns          242064 1c008ade feb71ce3 bne              x14, x11, -8        x14:0000006c x11:00000064
14743328ns          242067 1c008ad6 00070763 beq              x14, x0, 14         x14:0000006c
14743348ns          242068 1c008ad8 00f00533 add              x10, x0, x15        x10=1c00015e x15:1c00015e
14743368ns          242069 1c008ada 0017c70b p.lbu            x14, 1(x15!)        x14=0000004c x15=1c00015f x15:1c00015e  PA:1c00015e
14743686ns          242085 1c008ade feb71ce3 bne              x14, x11, -8        x14:0000004c x11:00000064
14743746ns          242088 1c008ad6 00070763 beq              x14, x0, 14         x14:0000004c
14743766ns          242089 1c008ad8 00f00533 add              x10, x0, x15        x10=1c00015f x15:1c00015f
14743785ns          242090 1c008ada 0017c70b p.lbu            x14, 1(x15!)        x14=0000007a x15=1c000160 x15:1c00015f  PA:1c00015f
14744104ns          242106 1c008ade feb71ce3 bne              x14, x11, -8        x14:0000007a x11:00000064
14744163ns          242109 1c008ad6 00070763 beq              x14, x0, 14         x14:0000007a
14744183ns          242110 1c008ad8 00f00533 add              x10, x0, x15        x10=1c000160 x15:1c000160
14744203ns          242111 1c008ada 0017c70b p.lbu            x14, 1(x15!)        x14=00000000 x15=1c000161 x15:1c000160  PA:1c000160
14744521ns          242127 1c008ade feb71ce3 bne              x14, x11, -8        x14:00000000 x11:00000064
14744581ns          242130 1c008ad6 00070763 beq              x14, x0, 14         x14:00000000
14744641ns          242133 1c008ae4 0015b593 sltiu            x11, x11, 1         x11=00000000 x11:00000064
14744661ns          242134 1c008ae8 40b005b3 sub              x11, x0, x11        x11=00000000 x11:00000000
14744680ns          242135 1c008aec 00b57533 and              x10, x10, x11       x10=00000000 x10:1c000160 x11:00000000
14744700ns          242136 1c008aee 00008067 jalr             x0, x1, 0            x1:1c008c8c
14744740ns          242138 1c008c8c 01300433 add              x8, x0, x19          x8=1c000051 x19:1c000051
14744760ns          242139 1c008c8e 00050563 beq              x10, x0, 10         x10:00000000
14744820ns          242142 1c008c98 06700693 addi             x13, x0, 103        x13=00000067
14744840ns          242143 1c008c9c 2896d963 bge              x13, x9, 658        x13:00000067  x9:00000064
14745058ns          242154 1c008f2e 06500693 addi             x13, x0, 101        x13=00000065
14745098ns          242156 1c008f32 12d4d563 bge              x9, x13, 298         x9:00000064 x13:00000065
14745118ns          242157 1c008f36 04700693 addi             x13, x0, 71         x13=00000047
14745138ns          242158 1c008f3a dc96cbe3 blt              x13, x9, -554       x13:00000047  x9:00000064
14745277ns          242165 1c008d10 06300693 addi             x13, x0, 99         x13=00000063
14745317ns          242167 1c008d14 0ad488e3 beq              x9, x13, 2224        x9:00000064 x13:00000063
14745337ns          242168 1c008d18 0096c9e3 blt              x13, x9, 2066       x13:00000063  x9:00000064
14745536ns          242178 1c00952a 000c2583 lw               x11, 0(x24)         x11=00000001 x24:10000df0  PA:10000df0
14745556ns          242179 1c00952e 004c0c13 addi             x24, x24, 4         x24=10000df4 x24:10000df0
14745595ns          242181 1c009530 3405cc63 blt              x11, x0, 856        x11:00000001
14745635ns          242183 1c009534 01412603 lw               x12, 20(x2)         x12=00000000  x2:10000c98  PA:10000cac
14745655ns          242184 1c009536 00b006b3 add              x13, x0, x11        x13=00000001 x11:00000001
14745675ns          242185 1c009538 2e061863 bne              x12, x0, 752        x12:00000000
14745695ns          242186 1c00953c 01812703 lw               x14, 24(x2)         x14=00000000  x2:10000c98  PA:10000cb0
14745715ns          242187 1c00953e 019007b3 add              x15, x0, x25        x15=10000cbc x25:10000cbc
14745735ns          242188 1c009540 00070763 beq              x14, x0, 14         x14:00000000
14745794ns          242191 1c00954e 00f00733 add              x14, x0, x15        x14=10000cbc x15:10000cbc
14745814ns          242192 1c009550 00a00513 addi             x10, x0, 10         x10=0000000a
14745834ns          242193 1c009552 02a6f633 remu             x12, x13, x10       x12=00000001 x13:00000001 x10:0000000a
14746451ns          242224 1c009556 02a6d6b3 divu             x13, x13, x10       x13=00000000 x13:00000001 x10:0000000a
14747067ns          242255 1c00955a 03060613 addi             x12, x12, 48        x12=00000031 x12:00000001
14747087ns          242256 1c00955e 00c700ab p.sb             x12, 1(x14!)        x14=10000cbd x12:00000031 x14:10000cbc  PA:10000cbc
14747107ns          242257 1c009562 fe0698e3 bne              x13, x0, -16        x13:00000000
14747127ns          242258 1c009564 40f706b3 sub              x13, x14, x15       x13=00000001 x14:10000cbd x15:10000cbc
14747147ns          242259 1c009568 0146dc63 bge              x13, x20, 24        x13:00000001 x20:ffffffff
14747286ns          242266 1c009580 00e006b3 add              x13, x0, x14        x13=10000cbd x14:10000cbd
14747326ns          242268 1c009582 fe068fab p.sb             x0, -1(x13!)        x13=10000cbc x13:10000cbd  PA:10000cbd
14747346ns          242269 1c009586 00d7fc63 bgeu             x15, x13, 24        x15:10000cbc x13:10000cbc
14747465ns          242275 1c00959e 01412783 lw               x15, 20(x2)         x15=00000000  x2:10000c98  PA:10000cac
14747525ns          242278 1c0095a0 01812603 lw               x12, 24(x2)         x12=00000000  x2:10000c98  PA:10000cb0
14747565ns          242280 1c0095a2 419704b3 sub              x9, x14, x25         x9=00000001 x14:10000cbd x25:10000cbc
14747585ns          242281 1c0095a6 00c7e7b3 or               x15, x15, x12       x15=00000000 x15:00000000 x12:00000000
14747604ns          242282 1c0095a8 00f12623 sw               x15, 12(x2)         x15:00000000  x2:10000c98  PA:10000ca4
14747624ns          242283 1c0095aa 00079363 bne              x15, x0, 6          x15:00000000
14747644ns          242284 1c0095ac 01f5d593 srli             x11, x11, 0x1f      x11=00000000 x11:00000001
14747664ns          242285 1c0095ae 00b12623 sw               x11, 12(x2)         x11:00000000  x2:10000c98  PA:10000ca4
14747684ns          242286 1c0095b0 e3fa28e3 p.beqimm         x20, -464           x20:ffffffff
14747783ns          242291 1c0093e0 0c800793 addi             x15, x0, 200        x15=000000c8
14747823ns          242293 1c0093e4 9e97d0e3 bge              x15, x9, -1568      x15:000000c8  x9:00000001
14747923ns          242298 1c008dc4 0f24d163 bge              x9, x18, 226         x9:00000001 x18:00000000
14748062ns          242305 1c008ea6 d00482e3 beq              x9, x0, -764         x9:00000001
14748082ns          242306 1c008eaa 01900933 add              x18, x0, x25        x18=10000cbc x25:10000cbc
14748102ns          242307 1c008eac 419d8db3 sub              x27, x27, x25       x27=effff36e x27:0000002a x25:10000cbc
14748141ns          242309 1c008eb0 00a0006f jal              x0, 10             
14748201ns          242312 1c008eba 0019450b p.lbu            x10, 1(x18!)        x10=00000031 x18=10000cbd x18:10000cbc  PA:10000cbc
14748221ns          242313 1c008ebe 01a005b3 add              x11, x0, x26        x11=00000002 x26:00000002
14748261ns          242315 1c008ec0 000b00e7 jalr             x1, x22, 0           x1=1c008ec2 x22:1c008af0
14748301ns          242317 1c008af0 000026b7 lui              x13, 0x2000         x13=00002000
14748321ns          242318 1c008af2 f14027f3 csrrs            x15, x0, 0xf14      x15=00000001
14748340ns          242319 1c008af6 f8068693 addi             x13, x13, -128      x13=00001f80 x13:00002000
14748360ns          242320 1c008afa 00379713 slli             x14, x15, 0x3       x14=00000008 x15:00000001
14748380ns          242321 1c008afe 00279793 slli             x15, x15, 0x2       x15=00000004 x15:00000001
14748400ns          242322 1c008b00 00d7f7b3 and              x15, x15, x13       x15=00000000 x15:00000004 x13:00001f80
14748420ns          242323 1c008b02 ee873733 p.bclr           x14, x14, 23, 8     x14=00000008 x14:00000008
14748440ns          242324 1c008b06 1a10f6b7 lui              x13, 0x1a10f000     x13=1a10f000
14748460ns          242325 1c008b0a 0ff57513 andi             x10, x10, 255       x10=00000031 x10:00000031
14748480ns          242326 1c008b0e 00d70733 add              x14, x14, x13       x14=1a10f008 x14:00000008 x13:1a10f000
14748500ns          242327 1c008b10 00a7e723 p.sw             x10, x0(x15)        x10:00000031 x15:00000000  PA:1a10f008
14748858ns          242345 1c008b14 00000513 addi             x10, x0, 0          x10=00000000
14748877ns          242346 1c008b16 00008067 jalr             x0, x1, 0            x1:1c008ec2
14748917ns          242348 1c008ec2 fff48493 addi             x9, x9, -1           x9=00000000  x9:00000001
14748937ns          242349 1c008ec4 fff537e3 p.bneimm         x10, -18            x10:00000000
14749017ns          242353 1c008eb2 012d8733 add              x14, x27, x18       x14=0000002b x27:effff36e x18:10000cbd
14749037ns          242354 1c008eb6 5a048b63 beq              x9, x0, 1462         x9:00000000
14749096ns          242357 1c00946c 00e00db3 add              x27, x0, x14        x27=0000002b x14:0000002b
14749156ns          242360 1c00946e f3cff06f jal              x0, -2244          
14749275ns          242366 1c008baa 00044503 lbu              x10, 0(x8)          x10=00000029  x8:1c000051  PA:1c000051
14749574ns          242381 1c008bae 00140413 addi             x8, x8, 1            x8=1c000052  x8:1c000051
14749594ns          242382 1c008bb0 00050e63 beq              x10, x0, 28         x10:00000029
14749613ns          242383 1c008bb2 02500793 addi             x15, x0, 37         x15=00000025
14749633ns          242384 1c008bb6 04f50863 beq              x10, x15, 80        x10:00000029 x15:00000025
14749653ns          242385 1c008bba 01a005b3 add              x11, x0, x26        x11=00000002 x26:00000002
14749673ns          242386 1c008bbc 000b00e7 jalr             x1, x22, 0           x1=1c008bbe x22:1c008af0
14749713ns          242388 1c008af0 000026b7 lui              x13, 0x2000         x13=00002000
14749733ns          242389 1c008af2 f14027f3 csrrs            x15, x0, 0xf14      x15=00000001
14749753ns          242390 1c008af6 f8068693 addi             x13, x13, -128      x13=00001f80 x13:00002000
14749773ns          242391 1c008afa 00379713 slli             x14, x15, 0x3       x14=00000008 x15:00000001
14749792ns          242392 1c008afe 00279793 slli             x15, x15, 0x2       x15=00000004 x15:00000001
14749812ns          242393 1c008b00 00d7f7b3 and              x15, x15, x13       x15=00000000 x15:00000004 x13:00001f80
14749832ns          242394 1c008b02 ee873733 p.bclr           x14, x14, 23, 8     x14=00000008 x14:00000008
14749852ns          242395 1c008b06 1a10f6b7 lui              x13, 0x1a10f000     x13=1a10f000
14749872ns          242396 1c008b0a 0ff57513 andi             x10, x10, 255       x10=00000029 x10:00000029
14749892ns          242397 1c008b0e 00d70733 add              x14, x14, x13       x14=1a10f008 x14:00000008 x13:1a10f000
14749912ns          242398 1c008b10 00a7e723 p.sw             x10, x0(x15)        x10:00000029 x15:00000000  PA:1a10f008
14750230ns          242414 1c008b14 00000513 addi             x10, x0, 0          x10=00000000
14750250ns          242415 1c008b16 00008067 jalr             x0, x1, 0            x1:1c008bbe
14750310ns          242418 1c008bbe 31f52563 p.beqimm         x10, 778            x10:00000000
14750329ns          242419 1c008bc2 001d8d93 addi             x27, x27, 1         x27=0000002c x27:0000002b
14750349ns          242420 1c008bc4 00044503 lbu              x10, 0(x8)          x10=0000000a  x8:1c000052  PA:1c000052
14750648ns          242435 1c008bc8 00140413 addi             x8, x8, 1            x8=1c000053  x8:1c000052
14750668ns          242436 1c008bca fe0514e3 bne              x10, x0, -24        x10:0000000a
14750747ns          242440 1c008bb2 02500793 addi             x15, x0, 37         x15=00000025
14750767ns          242441 1c008bb6 04f50863 beq              x10, x15, 80        x10:0000000a x15:00000025
14750787ns          242442 1c008bba 01a005b3 add              x11, x0, x26        x11=00000002 x26:00000002
14750807ns          242443 1c008bbc 000b00e7 jalr             x1, x22, 0           x1=1c008bbe x22:1c008af0
14750847ns          242445 1c008af0 000026b7 lui              x13, 0x2000         x13=00002000
14750867ns          242446 1c008af2 f14027f3 csrrs            x15, x0, 0xf14      x15=00000001
14750886ns          242447 1c008af6 f8068693 addi             x13, x13, -128      x13=00001f80 x13:00002000
14750906ns          242448 1c008afa 00379713 slli             x14, x15, 0x3       x14=00000008 x15:00000001
14750926ns          242449 1c008afe 00279793 slli             x15, x15, 0x2       x15=00000004 x15:00000001
14750946ns          242450 1c008b00 00d7f7b3 and              x15, x15, x13       x15=00000000 x15:00000004 x13:00001f80
14750966ns          242451 1c008b02 ee873733 p.bclr           x14, x14, 23, 8     x14=00000008 x14:00000008
14750986ns          242452 1c008b06 1a10f6b7 lui              x13, 0x1a10f000     x13=1a10f000
14751006ns          242453 1c008b0a 0ff57513 andi             x10, x10, 255       x10=0000000a x10:0000000a
14751026ns          242454 1c008b0e 00d70733 add              x14, x14, x13       x14=1a10f008 x14:00000008 x13:1a10f000
14751046ns          242455 1c008b10 00a7e723 p.sw             x10, x0(x15)        x10:0000000a x15:00000000  PA:1a10f008
14751364ns          242471 1c008b14 00000513 addi             x10, x0, 0          x10=00000000
14751384ns          242472 1c008b16 00008067 jalr             x0, x1, 0            x1:1c008bbe
14751443ns          242475 1c008bbe 31f52563 p.beqimm         x10, 778            x10:00000000
14751463ns          242476 1c008bc2 001d8d93 addi             x27, x27, 1         x27=0000002d x27:0000002c
14751483ns          242477 1c008bc4 00044503 lbu              x10, 0(x8)          x10=00000000  x8:1c000053  PA:1c000053
14751781ns          242492 1c008bc8 00140413 addi             x8, x8, 1            x8=1c000054  x8:1c000053
14751801ns          242493 1c008bca fe0514e3 bne              x10, x0, -24        x10:00000000
14751821ns          242494 1c008bcc 01b00433 add              x8, x0, x27          x8=0000002d x27:0000002d
14751841ns          242495 1c008bce 00800533 add              x10, x0, x8         x10=0000002d  x8:0000002d
14751861ns          242496 1c008bd0 12c12083 lw               x1, 300(x2)          x1=1c008b5c  x2:10000c98  PA:10000dc4
14751881ns          242497 1c008bd4 12812403 lw               x8, 296(x2)          x8=00000001  x2:10000c98  PA:10000dc0
14751901ns          242498 1c008bd8 12412483 lw               x9, 292(x2)          x9=xxxxxxxx  x2:10000c98  PA:10000dbc
14751921ns          242499 1c008bdc 12012903 lw               x18, 288(x2)        x18=xxxxxxxx  x2:10000c98  PA:10000db8
14752319ns          242519 1c008be0 11c12983 lw               x19, 284(x2)        x19=xxxxxxxx  x2:10000c98  PA:10000db4
14752358ns          242521 1c008be4 11812a03 lw               x20, 280(x2)        x20=xxxxxxxx  x2:10000c98  PA:10000db0
14752378ns          242522 1c008be8 11412a83 lw               x21, 276(x2)        x21=xxxxxxxx  x2:10000c98  PA:10000dac
14752398ns          242523 1c008bec 11012b03 lw               x22, 272(x2)        x22=xxxxxxxx  x2:10000c98  PA:10000da8
14752836ns          242545 1c008bf0 10c12b83 lw               x23, 268(x2)        x23=xxxxxxxx  x2:10000c98  PA:10000da4
14752875ns          242547 1c008bf4 10812c03 lw               x24, 264(x2)        x24=xxxxxxxx  x2:10000c98  PA:10000da0
14752895ns          242548 1c008bf8 10412c83 lw               x25, 260(x2)        x25=xxxxxxxx  x2:10000c98  PA:10000d9c
14752915ns          242549 1c008bfc 10012d03 lw               x26, 256(x2)        x26=xxxxxxxx  x2:10000c98  PA:10000d98
14752975ns          242552 1c008c00 0fc12d83 lw               x27, 252(x2)        x27=xxxxxxxx  x2:10000c98  PA:10000d94
14752995ns          242553 1c008c02 13010113 addi             x2, x2, 304          x2=10000dc8  x2:10000c98
14753015ns          242554 1c008c04 00008067 jalr             x0, x1, 0            x1:1c008b5c
14753055ns          242556 1c008b5c 01c12083 lw               x1, 28(x2)           x1=1c008354  x2:10000dc8  PA:10000de4
14753074ns          242557 1c008b5e 04010113 addi             x2, x2, 64           x2=10000e08  x2:10000dc8
14753114ns          242559 1c008b60 00008067 jalr             x0, x1, 0            x1:1c008354
14753194ns          242563 1c008354 00300793 addi             x15, x0, 3          x15=00000003
14753234ns          242565 1c008356 0087f463 bgeu             x15, x8, 8          x15:00000003  x8:00000001
14753751ns          242591 1c00835e 38d010ef jal              x1, 7052             x1=1c008362
14754248ns          242616 1c009eea f14027f3 csrrs            x15, x0, 0xf14      x15=00000001
14754268ns          242617 1c009eee 01f00713 addi             x14, x0, 31         x14=0000001f
14754686ns          242638 1c009ef0 ca5797b3 p.extractu       x15, x15, 5, 5      x15=00000000 x15:00000001
14754725ns          242640 1c009ef4 00e78863 beq              x15, x14, 16        x15:00000000 x14:0000001f
14754745ns          242641 1c009ef8 002047b7 lui              x15, 0x204000       x15=00204000
14754765ns          242642 1c009efc 20078793 addi             x15, x15, 512       x15=00204200 x15:00204000
14755223ns          242665 1c009f00 01c7e703 p.elw            x14, 28(x15)        x14=00010000 x15:00204200  PA:0020421c
14755402ns          242674 1c009f04 00008067 jalr             x0, x1, 0            x1:1c008362
14755799ns          242694 1c008362 f14027f3 csrrs            x15, x0, 0xf14      x15=00000001
14755819ns          242695 1c008366 f457b7b3 p.bclr           x15, x15, 26, 5     x15=00000001 x15:00000001
14755839ns          242696 1c00836a 02079063 bne              x15, x0, 32         x15:00000001
14756774ns          242743 1c00838a 1c0105b7 lui              x11, 0x1c010000     x11=1c010000
14757212ns          242765 1c00838e 00058593 addi             x11, x11, 0         x11=1c010000 x11:1c010000
14757251ns          242767 1c008392 00641793 slli             x15, x8, 0x6        x15=00000040  x8:00000001
14757271ns          242768 1c008396 78058513 addi             x10, x11, 1920      x10=1c010780 x11:1c010000
14757291ns          242769 1c00839a 1e000713 addi             x14, x0, 480        x14=000001e0
14757311ns          242770 1c00839e 00f50533 add              x10, x10, x15       x10=1c0107c0 x10:1c010780 x15:00000040
14757749ns          242792 1c0083a0 00200633 add              x12, x0, x2         x12=10000e08  x2:10000e08
14757789ns          242794 1c0083a2 42e405b3 p.mac            x11, x8, x14        x11=1c0101e0 x11:1c010000  x8:00000001 x14:000001e0
14757808ns          242795 1c0083a6 d99ff0ef jal              x1, -616             x1=1c0083a8
14758266ns          242818 1c00813e f4010113 addi             x2, x2, -192         x2=10000d48  x2:10000e08
14758723ns          242841 1c008140 1c0007b7 lui              x15, 0x1c000000     x15=1c000000
14758763ns          242843 1c008144 09712e23 sw               x23, 156(x2)        x23:xxxxxxxx  x2:10000d48  PA:10000de4
14758783ns          242844 1c008146 0b47ab83 lw               x23, 180(x15)       x23=3f800000 x15:1c000000  PA:1c0000b4
14759101ns          242860 1c00814a 1c0007b7 lui              x15, 0x1c000000     x15=1c000000
14759121ns          242861 1c00814e 0b312623 sw               x19, 172(x2)        x19:xxxxxxxx  x2:10000d48  PA:10000df4
14759260ns          242868 1c008150 0b87a983 lw               x19, 184(x15)       x19=3fc90fdb x15:1c000000  PA:1c0000b8
14759579ns          242884 1c008154 0a912a23 sw               x9, 180(x2)          x9:xxxxxxxx  x2:10000d48  PA:10000dfc
14759599ns          242885 1c008156 0b212823 sw               x18, 176(x2)        x18:xxxxxxxx  x2:10000d48  PA:10000df8
14759618ns          242886 1c008158 0b412423 sw               x20, 168(x2)        x20:xxxxxxxx  x2:10000d48  PA:10000df0
14759638ns          242887 1c00815a 0b512223 sw               x21, 164(x2)        x21:xxxxxxxx  x2:10000d48  PA:10000dec
14759658ns          242888 1c00815c 0b612023 sw               x22, 160(x2)        x22:xxxxxxxx  x2:10000d48  PA:10000de8
14759678ns          242889 1c00815e 0a112e23 sw               x1, 188(x2)          x1:1c0083a8  x2:10000d48  PA:10000e04
14759797ns          242895 1c008160 0a812c23 sw               x8, 184(x2)          x8:00000001  x2:10000d48  PA:10000e00
14759817ns          242896 1c008162 09812c23 sw               x24, 152(x2)        x24:xxxxxxxx  x2:10000d48  PA:10000de0
14759837ns          242897 1c008164 09912a23 sw               x25, 148(x2)        x25:xxxxxxxx  x2:10000d48  PA:10000ddc
14759857ns          242898 1c008166 09a12823 sw               x26, 144(x2)        x26:xxxxxxxx  x2:10000d48  PA:10000dd8
14759877ns          242899 1c008168 09b12623 sw               x27, 140(x2)        x27:xxxxxxxx  x2:10000d48  PA:10000dd4
14759897ns          242900 1c00816a 00a00ab3 add              x21, x0, x10        x21=1c0107c0 x10:1c0107c0
14759917ns          242901 1c00816c 00b004b3 add              x9, x0, x11          x9=1c0101e0 x11:1c0101e0
14759937ns          242902 1c00816e 00c00b33 add              x22, x0, x12        x22=10000e08 x12:10000e08
14760315ns          242921 1c008170 01050a13 addi             x20, x10, 16        x20=1c0107d0 x10:1c0107c0
14760354ns          242923 1c008174 00000913 addi             x18, x0, 0          x18=00000000
14760374ns          242924 1c008178 004aa70b p.lw             x14, 4(x21!)        x14=3ebc6feb x21=1c0107c4 x21:1c0107c0  PA:1c0107c0
14760673ns          242939 1c00817c 00caa683 lw               x13, 12(x21)        x13=3eb341c6 x21:1c0107c4  PA:1c0107d0
14760991ns          242955 1c008180 01caa783 lw               x15, 28(x21)        x15=3f5c831a x21:1c0107c4  PA:1c0107e0
14761289ns          242970 1c008184 10d6f6d3 fmul.s           f13, f13, f13       f13=xxxxxxxx f13:3eb341c6 f13:3eb341c6
14761309ns          242971 1c008188 02caa503 lw               x10, 44(x21)        x10=40c0aee9 x21:1c0107c4  PA:1c0107f0
14761608ns          242986 1c00818c 68e77743 fmadd.s          f14, f14, f14, f13  f14=xxxxxxxx f14:3ebc6feb f14:3ebc6feb f13:3dfb0a18
14761627ns          242987 1c008190 70f7f7c3 fmadd.s          f15, f15, f15, f14  f15=xxxxxxxx f15:3f5c831a f15:3f5c831a f14:3e841ccf
14761647ns          242988 1c008194 5807f7d3 fsqrt.s          f15, f15            f15=xxxxxxxx f15:3f7fffff
14761926ns          243002 1c008198 18fbfd53 fdiv.s           f26, f23, f15       f26=xxxxxxxx f23:3f800000 f15:3f7fffff
14761946ns          243003 1c00819c 314000ef jal              x1, 788              x1=xxxxxxxx
14762562ns          243034 1c0084b0 a0a527d3 feq.s            x15, f10, f10       x15=00000001 f10:40c0aee9 f10:40c0aee9
14762602ns          243036 1c0084b4 0a078b63 beq              x15, x0, 182        x15:00000001
14762622ns          243037 1c0084b6 e00517d3 fclass.s         x15, f10            x15=00000040 f10:40c0aee9
14762642ns          243038 1c0084ba 0817f793 andi             x15, x15, 129       x15=00000000 x15:00000040
14762662ns          243039 1c0084be 0a079663 bne              x15, x0, 172        x15:00000000
14763099ns          243061 1c0084c0 00000793 addi             x15, x0, 0          x15=00000000
14763139ns          243063 1c0084c4 a0f517d3 flt.s            x15, f10, f15       x15=00000000 f10:40c0aee9 f15:00000000
14763159ns          243064 1c0084c8 0a079663 bne              x15, x0, 172        x15:00000000
14763179ns          243065 1c0084ca 1c000737 lui              x14, 0x1c000000     x14=1c000000
14763616ns          243087 1c0084ce 0ec72783 lw               x15, 236(x14)       x15=40c90fdb x14:1c000000  PA:1c0000ec
14763935ns          243103 1c0084d2 a0a797d3 flt.s            x15, f15, f10       x15=00000000 f15:40c90fdb f10:40c0aee9
14763955ns          243104 1c0084d6 00078b63 beq              x15, x0, 22         x15:00000000
14764472ns          243130 1c0084ec 00000793 addi             x15, x0, 0          x15=00000000
14764909ns          243152 1c0084f0 a0f517d3 flt.s            x15, f10, f15       x15=00000000 f10:40c0aee9 f15:00000000
14764949ns          243154 1c0084f4 08079a63 bne              x15, x0, 148        x15:00000000
14764969ns          243155 1c0084f6 1c0007b7 lui              x15, 0x1c000000     x15=1c000000
14764989ns          243156 1c0084fa 0b87a783 lw               x15, 184(x15)       x15=3fc90fdb x15:1c000000  PA:1c0000b8
14765466ns          243180 1c0084fe a0f517d3 flt.s            x15, f10, f15       x15=00000000 f10:40c0aee9 f15:3fc90fdb
14765486ns          243181 1c008502 02079563 bne              x15, x0, 42         x15:00000000
14765506ns          243182 1c008504 1c0007b7 lui              x15, 0x1c000000     x15=1c000000
14765526ns          243183 1c008508 0bc7a783 lw               x15, 188(x15)       x15=40490fdb x15:1c000000  PA:1c0000bc
14765964ns          243205 1c00850c a0f51753 flt.s            x14, f10, f15       x14=00000000 f10:40c0aee9 f15:40490fdb
14765983ns          243206 1c008510 06071f63 bne              x14, x0, 126        x14:00000000
14766003ns          243207 1c008512 1c000737 lui              x14, 0x1c000000     x14=1c000000
14766023ns          243208 1c008516 10072703 lw               x14, 256(x14)       x14=4096cbe4 x14:1c000000  PA:1c000100
14766361ns          243225 1c00851a a0e51753 flt.s            x14, f10, f14       x14=00000000 f10:40c0aee9 f14:4096cbe4
14766381ns          243226 1c00851e 0a071b63 bne              x14, x0, 182        x14:00000000
14766501ns          243232 1c008520 1c0007b7 lui              x15, 0x1c000000     x15=1c000000
14766540ns          243234 1c008524 0ec7a783 lw               x15, 236(x15)       x15=40c90fdb x15:1c000000  PA:1c0000ec
14766879ns          243251 1c008528 08a7f553 fsub.s           f10, f15, f10       f10=xxxxxxxx f15:40c90fdb f10:40c0aee9
14766898ns          243252 1c00852c 10a57553 fmul.s           f10, f10, f10       f10=xxxxxxxx f10:3e860f20 f10:3e860f20
14767077ns          243261 1c008530 1c0007b7 lui              x15, 0x1c000000     x15=1c000000
14767117ns          243263 1c008534 1c000737 lui              x14, 0x1c000000     x14=1c000000
14767137ns          243264 1c008538 0f472703 lw               x14, 244(x14)       x14=bab59551 x14:1c000000  PA:1c0000f4
14767436ns          243279 1c00853c 0f07a783 lw               x15, 240(x15)       x15=37c23ab1 x15:1c000000  PA:1c0000f0
14767794ns          243297 1c008540 70f577c3 fmadd.s          f15, f10, f15, f14  f15=xxxxxxxx f10:3d8c67ad f15:37c23ab1 f14:bab59551
14767813ns          243298 1c008544 1c000737 lui              x14, 0x1c000000     x14=1c000000
14767833ns          243299 1c008548 0f872703 lw               x14, 248(x14)       x14=3d2aa76f x14:1c000000  PA:1c0000f8
14768152ns          243315 1c00854c 70f577c3 fmadd.s          f15, f10, f15, f14  f15=xxxxxxxx f10:3d8c67ad f15:bab5600e f14:3d2aa76f
14768291ns          243322 1c008550 1c000737 lui              x14, 0x1c000000     x14=1c000000
14768331ns          243324 1c008554 0fc72703 lw               x14, 252(x14)       x14=beffffe0 x14:1c000000  PA:1c0000fc
14768649ns          243340 1c008558 70f577c3 fmadd.s          f15, f10, f15, f14  f15=xxxxxxxx f10:3d8c67ad f15:3d2a43f5 f14:beffffe0
14768669ns          243341 1c00855c 1c000737 lui              x14, 0x1c000000     x14=1c000000
14768828ns          243349 1c008560 12472703 lw               x14, 292(x14)       x14=3f7fffff x14:1c000000  PA:1c000124
14769166ns          243366 1c008564 70f57543 fmadd.s          f10, f10, f15, f14  f10=xxxxxxxx f10:3d8c67ad f15:befe8a58 f14:3f7fffff
14769186ns          243367 1c008568 00008067 jalr             x0, x1, 0            x1:1c00819e
14769385ns          243377 1c00819e 00a00433 add              x8, x0, x10          x8=3f774653 x10:3f774653
14769405ns          243378 1c0081a0 02caa503 lw               x10, 44(x21)        x10=40c0aee9 x21:1c0107c4  PA:1c0107f0
14769743ns          243395 1c0081a4 08a9f553 fsub.s           f10, f19, f10       f10=xxxxxxxx f19:3fc90fdb f10:40c0aee9
14769763ns          243396 1c0081a8 308000ef jal              x1, 776              x1=1c0081aa
14769942ns          243405 1c0084b0 a0a527d3 feq.s            x15, f10, f10       x15=00000001 f10:c08e6af2 f10:c08e6af2
14769962ns          243406 1c0084b4 0a078b63 beq              x15, x0, 182        x15:00000001
14769982ns          243407 1c0084b6 e00517d3 fclass.s         x15, f10            x15=00000002 f10:c08e6af2
14770001ns          243408 1c0084ba 0817f793 andi             x15, x15, 129       x15=00000000 x15:00000002
14770021ns          243409 1c0084be 0a079663 bne              x15, x0, 172        x15:00000000
14770041ns          243410 1c0084c0 00000793 addi             x15, x0, 0          x15=00000000
14770061ns          243411 1c0084c4 a0f517d3 flt.s            x15, f10, f15       x15=00000001 f10:c08e6af2 f15:00000000
14770081ns          243412 1c0084c8 0a079663 bne              x15, x0, 172        x15:00000001
14770141ns          243415 1c008574 1c0007b7 lui              x15, 0x1c000000     x15=1c000000
14770161ns          243416 1c008578 0e87a783 lw               x15, 232(x15)       x15=c0c90fdb x15:1c000000  PA:1c0000e8
14770499ns          243433 1c00857c a0f517d3 flt.s            x15, f10, f15       x15=00000000 f10:c08e6af2 f15:c0c90fdb
14770519ns          243434 1c008580 00078463 beq              x15, x0, 8          x15:00000000
14770578ns          243437 1c008588 20a51553 fsgnjn.s         f10, f10, f10       f10=xxxxxxxx f10:c08e6af2 f10:c08e6af2
14770598ns          243438 1c00858c f6bff06f jal              x0, -150           
14770777ns          243447 1c0084f6 1c0007b7 lui              x15, 0x1c000000     x15=1c000000
14770797ns          243448 1c0084fa 0b87a783 lw               x15, 184(x15)       x15=3fc90fdb x15:1c000000  PA:1c0000b8
14771135ns          243465 1c0084fe a0f517d3 flt.s            x15, f10, f15       x15=00000000 f10:408e6af2 f15:3fc90fdb
14771155ns          243466 1c008502 02079563 bne              x15, x0, 42         x15:00000000
14771175ns          243467 1c008504 1c0007b7 lui              x15, 0x1c000000     x15=1c000000
14771195ns          243468 1c008508 0bc7a783 lw               x15, 188(x15)       x15=40490fdb x15:1c000000  PA:1c0000bc
14771513ns          243484 1c00850c a0f51753 flt.s            x14, f10, f15       x14=00000000 f10:408e6af2 f15:40490fdb
14771533ns          243485 1c008510 06071f63 bne              x14, x0, 126        x14:00000000
14771553ns          243486 1c008512 1c000737 lui              x14, 0x1c000000     x14=1c000000
14771573ns          243487 1c008516 10072703 lw               x14, 256(x14)       x14=4096cbe4 x14:1c000000  PA:1c000100
14771891ns          243503 1c00851a a0e51753 flt.s            x14, f10, f14       x14=00000001 f10:408e6af2 f14:4096cbe4
14771911ns          243504 1c00851e 0a071b63 bne              x14, x0, 182        x14:00000001
14772010ns          243509 1c0085d4 08f57553 fsub.s           f10, f10, f15       f10=xxxxxxxx f10:408e6af2 f15:40490fdb
14772050ns          243511 1c0085d8 fbbff06f jal              x0, -70            
14772110ns          243514 1c008592 10a57553 fmul.s           f10, f10, f10       f10=xxxxxxxx f10:3fa78c12 f10:3fa78c12
14772130ns          243515 1c008596 1c0007b7 lui              x15, 0x1c000000     x15=1c000000
14772150ns          243516 1c00859a 1c000737 lui              x14, 0x1c000000     x14=1c000000
14772209ns          243519 1c00859e 0f472703 lw               x14, 244(x14)       x14=bab59551 x14:1c000000  PA:1c0000f4
14772547ns          243536 1c0085a2 0f07a783 lw               x15, 240(x15)       x15=37c23ab1 x15:1c000000  PA:1c0000f0
14772886ns          243553 1c0085a6 70f577c3 fmadd.s          f15, f10, f15, f14  f15=xxxxxxxx f10:3fdb5018 f15:37c23ab1 f14:bab59551
14772905ns          243554 1c0085aa 1c000737 lui              x14, 0x1c000000     x14=1c000000
14772925ns          243555 1c0085ae 0f872703 lw               x14, 248(x14)       x14=3d2aa76f x14:1c000000  PA:1c0000f8
14773244ns          243571 1c0085b2 70f577c3 fmadd.s          f15, f10, f15, f14  f15=xxxxxxxx f10:3fdb5018 f15:bab06229 f14:3d2aa76f
14773264ns          243572 1c0085b6 1c000737 lui              x14, 0x1c000000     x14=1c000000
14773283ns          243573 1c0085ba 0fc72703 lw               x14, 252(x14)       x14=beffffe0 x14:1c000000  PA:1c0000fc
14773602ns          243589 1c0085be 70f577c3 fmadd.s          f15, f10, f15, f14  f15=xxxxxxxx f10:3fdb5018 f15:3d2135bc f14:beffffe0
14773622ns          243590 1c0085c2 1c000737 lui              x14, 0x1c000000     x14=1c000000
14773641ns          243591 1c0085c6 12472703 lw               x14, 292(x14)       x14=3f7fffff x14:1c000000  PA:1c000124
14773960ns          243607 1c0085ca 70f57543 fmadd.s          f10, f10, f15, f14  f10=xxxxxxxx f10:3fdb5018 f15:bedd7906 f14:3f7fffff
14773980ns          243608 1c0085ce 20a51553 fsgnjn.s         f10, f10, f10       f10=xxxxxxxx f10:3e848859 f10:3e848859
14773999ns          243609 1c0085d2 00008067 jalr             x0, x1, 0            x1:1c0081aa
14774039ns          243611 1c0081aa 0204a683 lw               x13, 32(x9)         x13=40e07dfe  x9:1c0101e0  PA:1c010200
14774338ns          243626 1c0081ac 0244a703 lw               x14, 36(x9)         x14=408d6ae6  x9:1c0101e0  PA:1c010204
14774636ns          243641 1c0081ae 0a04a783 lw               x15, 160(x9)        x15=409bbde5  x9:1c0101e0  PA:1c010280
14774954ns          243657 1c0081b2 02d12423 sw               x13, 40(x2)         x13:40e07dfe  x2:10000d48  PA:10000d70
14774974ns          243658 1c0081b4 02e12623 sw               x14, 44(x2)         x14:408d6ae6  x2:10000d48  PA:10000d74
14774994ns          243659 1c0081b6 ffcaa683 lw               x13, -4(x21)        x13=3ebc6feb x21:1c0107c4  PA:1c0107c0
14775292ns          243674 1c0081ba 00caa703 lw               x14, 12(x21)        x14=3eb341c6 x21:1c0107c4  PA:1c0107d0
14775591ns          243689 1c0081be 02f12823 sw               x15, 48(x2)         x15:409bbde5  x2:10000d48  PA:10000d78
14775611ns          243690 1c0081c0 01caa783 lw               x15, 28(x21)        x15=3f5c831a x21:1c0107c4  PA:1c0107e0
14775909ns          243705 1c0081c4 10dd76d3 fmul.s           f13, f26, f13       f13=xxxxxxxx f26:3f800000 f13:3ebc6feb
14775929ns          243706 1c0081c8 10ed7753 fmul.s           f14, f26, f14       f14=xxxxxxxx f26:3f800000 f14:3eb341c6
14775949ns          243707 1c0081cc 10fd77d3 fmul.s           f15, f26, f15       f15=xxxxxxxx f26:3f800000 f15:3f5c831a
14775969ns          243708 1c0081d0 0044ae83 lw               x29, 4(x9)          x29=40f24aa4  x9:1c0101e0  PA:1c0101e4
14776386ns          243729 1c0081d4 0084ae03 lw               x28, 8(x9)          x28=40bb93d8  x9:1c0101e0  PA:1c0101e8
14776685ns          243744 1c0081d8 00c4a303 lw               x6, 12(x9)           x6=408854c5  x9:1c0101e0  PA:1c0101ec
14776983ns          243759 1c0081dc 0104a883 lw               x17, 16(x9)         x17=411951eb  x9:1c0101e0  PA:1c0101f0
14777281ns          243774 1c0081e0 0144a803 lw               x16, 20(x9)         x16=3ed3c343  x9:1c0101e0  PA:1c0101f4
14777580ns          243789 1c0081e4 0184a583 lw               x11, 24(x9)         x11=4007d93b  x9:1c0101e0  PA:1c0101f8
14777878ns          243804 1c0081e6 01c4a603 lw               x12, 28(x9)         x12=408e4055  x9:1c0101e0  PA:1c0101fc
14778177ns          243819 1c0081e8 0004af03 lw               x30, 0(x9)          x30=408112d1  x9:1c0101e0  PA:1c0101e0
14778475ns          243834 1c0081ec 0b84a383 lw               x7, 184(x9)          x7=411411ad  x9:1c0101e0  PA:1c010298
14778773ns          243849 1c0081f0 0bc4a283 lw               x5, 188(x9)          x5=4092ebca  x9:1c0101e0  PA:1c01029c
14779072ns          243864 1c0081f4 0c04af83 lw               x31, 192(x9)        x31=404e1aa6  x9:1c0101e0  PA:1c0102a0
14779370ns          243879 1c0081f8 01e12423 sw               x30, 8(x2)          x30:408112d1  x2:10000d48  PA:10000d50
14779390ns          243880 1c0081fa 01d12623 sw               x29, 12(x2)         x29:40f24aa4  x2:10000d48  PA:10000d54
14779410ns          243881 1c0081fc 0c44af03 lw               x30, 196(x9)        x30=4104a475  x9:1c0101e0  PA:1c0102a4
14779708ns          243896 1c008200 01c12823 sw               x28, 16(x2)         x28:40bb93d8  x2:10000d48  PA:10000d58
14779728ns          243897 1c008202 00612a23 sw               x6, 20(x2)           x6:408854c5  x2:10000d48  PA:10000d5c
14779748ns          243898 1c008204 01112c23 sw               x17, 24(x2)         x17:411951eb  x2:10000d48  PA:10000d60
14779768ns          243899 1c008206 01012e23 sw               x16, 28(x2)         x16:3ed3c343  x2:10000d48  PA:10000d64
14779788ns          243900 1c008208 02b12023 sw               x11, 32(x2)         x11:4007d93b  x2:10000d48  PA:10000d68
14779808ns          243901 1c00820a 10f57853 fmul.s           f16, f10, f15       f16=xxxxxxxx f10:be848859 f15:3f5c831a
14780126ns          243917 1c00820e 10e575d3 fmul.s           f11, f10, f14       f11=xxxxxxxx f10:be848859 f14:3eb341c6
14780146ns          243918 1c008212 02c12223 sw               x12, 36(x2)         x12:408e4055  x2:10000d48  PA:10000d6c
14780166ns          243919 1c008214 0b04ac83 lw               x25, 176(x9)        x25=411eae5f  x9:1c0101e0  PA:1c010290
14780603ns          243941 1c008218 10d57653 fmul.s           f12, f10, f13       f12=xxxxxxxx f10:be848859 f13:3ebc6feb
14780623ns          243942 1c00821c 0b44ac03 lw               x24, 180(x9)        x24=4090f910  x9:1c0101e0  PA:1c010294
14780941ns          243958 1c008220 1644ad03 lw               x26, 356(x9)        x26=405f8cc8  x9:1c0101e0  PA:1c010344
14781240ns          243973 1c008224 1404a503 lw               x10, 320(x9)        x10=3f75e18e  x9:1c0101e0  PA:1c010320
14781538ns          243988 1c008228 0a44ad83 lw               x27, 164(x9)        x27=402834db  x9:1c0101e0  PA:1c010284
14781836ns          244003 1c00822c 04a12c23 sw               x10, 88(x2)         x10:3f75e18e  x2:10000d48  PA:10000da0
14781856ns          244004 1c00822e 03b12a23 sw               x27, 52(x2)         x27:402834db  x2:10000d48  PA:10000d7c
14781876ns          244005 1c008230 0a84ad83 lw               x27, 168(x9)        x27=40011e13  x9:1c0101e0  PA:1c010288
14782194ns          244021 1c008234 1444a503 lw               x10, 324(x9)        x10=40ff0292  x9:1c0101e0  PA:1c010324
14782493ns          244036 1c008238 03b12c23 sw               x27, 56(x2)         x27:40011e13  x2:10000d48  PA:10000d80
14782513ns          244037 1c00823a 0ac4ad83 lw               x27, 172(x9)        x27=409b0bd5  x9:1c0101e0  PA:1c01028c
14782811ns          244052 1c00823e 04a12e23 sw               x10, 92(x2)         x10:40ff0292  x2:10000d48  PA:10000da4
14782831ns          244053 1c008240 03b12e23 sw               x27, 60(x2)         x27:409b0bd5  x2:10000d48  PA:10000d84
14782851ns          244054 1c008242 1484ad83 lw               x27, 328(x9)        x27=3fb1d7d5  x9:1c0101e0  PA:1c010328
14783169ns          244070 1c008246 14c4a503 lw               x10, 332(x9)        x10=3f836203  x9:1c0101e0  PA:1c01032c
14783467ns          244085 1c00824a 07b12023 sw               x27, 96(x2)         x27:3fb1d7d5  x2:10000d48  PA:10000da8
14783487ns          244086 1c00824c 1504ad83 lw               x27, 336(x9)        x27=4098bc59  x9:1c0101e0  PA:1c010330
14783806ns          244102 1c008250 088bf8d3 fsub.s           f17, f23, f8        f17=xxxxxxxx f23:3f800000  f8:3f774653
14783825ns          244103 1c008254 10e6fed3 fmul.s           f29, f13, f14       f29=xxxxxxxx f13:3ebc6feb f14:3eb341c6
14783845ns          244104 1c008258 10f6fe53 fmul.s           f28, f13, f15       f28=xxxxxxxx f13:3ebc6feb f15:3f5c831a
14783865ns          244105 1c00825c 10f77353 fmul.s           f6, f14, f15         f6=xxxxxxxx f14:3eb341c6 f15:3f5c831a
14783885ns          244106 1c008260 06a12223 sw               x10, 100(x2)        x10:3f836203  x2:10000d48  PA:10000dac
14783905ns          244107 1c008262 07b12423 sw               x27, 104(x2)        x27:4098bc59  x2:10000d48  PA:10000db0
14783925ns          244108 1c008264 1544a503 lw               x10, 340(x9)        x10=3f513a81  x9:1c0101e0  PA:1c010334
14784363ns          244130 1c008268 1584ad83 lw               x27, 344(x9)        x27=40bda0d4  x9:1c0101e0  PA:1c010338
14784661ns          244145 1c00826c 10d6f6d3 fmul.s           f13, f13, f13       f13=xxxxxxxx f13:3ebc6feb f13:3ebc6feb
14784681ns          244146 1c008270 10e77753 fmul.s           f14, f14, f14       f14=xxxxxxxx f14:3eb341c6 f14:3eb341c6
14784701ns          244147 1c008274 10f7f7d3 fmul.s           f15, f15, f15       f15=xxxxxxxx f15:3f5c831a f15:3f5c831a
14784721ns          244148 1c008278 05f12823 sw               x31, 80(x2)         x31:404e1aa6  x2:10000d48  PA:10000d98
14784740ns          244149 1c00827a 05e12a23 sw               x30, 84(x2)         x30:4104a475  x2:10000d48  PA:10000d9c
14784760ns          244150 1c00827c 81d8ffc7 fmsub.s          f31, f17, f29, f16  f31=xxxxxxxx f17:3d0b9ad0 f29:3e03f2ab f16:be645217
14784999ns          244162 1c008280 06a12623 sw               x10, 108(x2)        x10:3f513a81  x2:10000d48  PA:10000db4
14785019ns          244163 1c008282 07b12823 sw               x27, 112(x2)        x27:40bda0d4  x2:10000d48  PA:10000db8
14785039ns          244164 1c008284 15c4a503 lw               x10, 348(x9)        x10=3fbcd776  x9:1c0101e0  PA:1c01033c
14785476ns          244186 1c008288 1604ad83 lw               x27, 352(x9)        x27=4111109d  x9:1c0101e0  PA:1c010340
14785775ns          244201 1c00828c 59c8ff43 fmadd.s          f30, f17, f28, f11  f30=xxxxxxxx f17:3d0b9ad0 f28:3ea250ae f11:bdb99ac7
14785795ns          244202 1c008290 81d8f843 fmadd.s          f16, f17, f29, f16  f16=xxxxxxxx f17:3d0b9ad0 f29:3e03f2ab f16:be645217
14785815ns          244203 1c008294 59c8f5c7 fmsub.s          f11, f17, f28, f11  f11=xxxxxxxx f17:3d0b9ad0 f28:3ea250ae f11:bdb99ac7
14785834ns          244204 1c008298 6068fec7 fmsub.s          f29, f17, f6, f12   f29=xxxxxxxx f17:3d0b9ad0  f6:3e9a6853 f12:bdc31c24
14785854ns          244205 1c00829c 6068f643 fmadd.s          f12, f17, f6, f12   f12=xxxxxxxx f17:3d0b9ad0  f6:3e9a6853 f12:bdc31c24
14786133ns          244219 1c0082a0 04712423 sw               x7, 72(x2)           x7:411411ad  x2:10000d48  PA:10000d90
14786153ns          244220 1c0082a2 04512623 sw               x5, 76(x2)           x5:4092ebca  x2:10000d48  PA:10000d94
14786173ns          244221 1c0082a4 4116f6c3 fmadd.s          f13, f13, f17, f8   f13=xxxxxxxx f13:3e0ab492 f17:3d0b9ad0  f8:3f774653
14786192ns          244222 1c0082a8 40e8f743 fmadd.s          f14, f17, f14, f8   f14=xxxxxxxx f17:3d0b9ad0 f14:3dfb0a18  f8:3f774653
14786212ns          244223 1c0082ac 40f8f7c3 fmadd.s          f15, f17, f15, f8   f15=xxxxxxxx f17:3d0b9ad0 f15:3f3df198  f8:3f774653
14786650ns          244245 1c0082b0 05912023 sw               x25, 64(x2)         x25:411eae5f  x2:10000d48  PA:10000d88
14786670ns          244246 1c0082b2 05812223 sw               x24, 68(x2)         x24:4090f910  x2:10000d48  PA:10000d8c
14786690ns          244247 1c0082b4 06a12a23 sw               x10, 116(x2)        x10:3fbcd776  x2:10000d48  PA:10000dbc
14786710ns          244248 1c0082b6 07b12c23 sw               x27, 120(x2)        x27:4111109d  x2:10000d48  PA:10000dc0
14786730ns          244249 1c0082b8 07a12e23 sw               x26, 124(x2)        x26:405f8cc8  x2:10000d48  PA:10000dc4
14786749ns          244250 1c0082ba 00810393 addi             x7, x2, 8            x7=10000d50  x2:10000d48
14786769ns          244251 1c0082be 016002b3 add              x5, x0, x22          x5=10000e08 x22:10000e08
14787187ns          244272 1c0082c0 00af50fb lp.setupi        0x1, 0xa, 0x1e     
14787227ns          244274 1c0082c4 0043a50b p.lw             x10, 4(x7!)         x10=408112d1  x7=10000d54  x7:10000d50  PA:10000d50
14787267ns          244276 1c0082c8 90a6f343 fmadd.s          f6, f13, f10, f18    f6=xxxxxxxx f13:3f7874e3 f10:408112d1 f18:00000000
14787286ns          244277 1c0082cc 0243ae03 lw               x28, 36(x7)         x28=409bbde5  x7:10000d54  PA:10000d78
14787704ns          244298 1c0082d0 90aff8c3 fmadd.s          f17, f31, f10, f18  f17=xxxxxxxx f31:3e68d160 f10:408112d1 f18:00000000
14787744ns          244300 1c0082d4 90af7c43 fmadd.s          f24, f30, f10, f18  f24=xxxxxxxx f30:bda379c9 f10:408112d1 f18:00000000
14787764ns          244301 1c0082d8 31c87343 fmadd.s          f6, f16, f28, f6     f6=xxxxxxxx f16:be5fd2ce f28:409bbde5  f6:407a8a53
14787784ns          244302 1c0082dc 04c3a503 lw               x10, 76(x7)         x10=3f75e18e  x7:10000d54  PA:10000da0
14788221ns          244324 1c0082e0 89c778c3 fmadd.s          f17, f14, f28, f17  f17=xxxxxxxx f14:3f785820 f28:409bbde5 f17:3f6ac53c
14788261ns          244326 1c0082e4 c1cefe43 fmadd.s          f28, f29, f28, f24  f28=xxxxxxxx f29:3dd82925 f28:409bbde5 f24:bea4d8c5
14788281ns          244327 1c0082e8 30a5f343 fmadd.s          f6, f11, f10, f6     f6=xxxxxxxx f11:3dcfbbc5 f10:3f75e18e  f6:403674fe
14788301ns          244328 1c0082ec 88a678c3 fmadd.s          f17, f12, f10, f17  f17=xxxxxxxx f12:bdae0f23 f10:3f75e18e f17:40b46e3a
14788739ns          244350 1c0082f0 e0a7f543 fmadd.s          f10, f15, f10, f28  f10=xxxxxxxx f15:3f7dbfa4 f10:3f75e18e f28:3e44537b
14788778ns          244352 1c0082f4 0062a22b p.sw             x6, 4(x5!)           x5=10000e0c  x6:403cb12c  x5:10000e08  PA:10000e08
14788798ns          244353 1c0082f8 0912ae23 sw               x17, 156(x5)        x17:40b1d183  x5:10000e0c  PA:10000ea8
14788818ns          244354 1c0082fc 12a2ae23 sw               x10, 316(x5)        x10:3f92666c  x5:10000e0c  PA:10000f48
14788858ns          244356 1c0082c4 0043a50b p.lw             x10, 4(x7!)         x10=40f24aa4  x7=10000d58  x7:10000d54  PA:10000d54
14788898ns          244358 1c0082c8 90a6f343 fmadd.s          f6, f13, f10, f18    f6=xxxxxxxx f13:3f7874e3 f10:40f24aa4 f18:00000000
14788918ns          244359 1c0082cc 0243ae03 lw               x28, 36(x7)         x28=402834db  x7:10000d58  PA:10000d7c
14788937ns          244360 1c0082d0 90aff8c3 fmadd.s          f17, f31, f10, f18  f17=xxxxxxxx f31:3e68d160 f10:40f24aa4 f18:00000000
14788957ns          244361 1c0082d4 90af7c43 fmadd.s          f24, f30, f10, f18  f24=xxxxxxxx f30:bda379c9 f10:40f24aa4 f18:00000000
14788977ns          244362 1c0082d8 31c87343 fmadd.s          f6, f16, f28, f6     f6=xxxxxxxx f16:be5fd2ce f28:402834db  f6:40eb26f0
14788997ns          244363 1c0082dc 04c3a503 lw               x10, 76(x7)         x10=40ff0292  x7:10000d58  PA:10000da4
14789017ns          244364 1c0082e0 89c778c3 fmadd.s          f17, f14, f28, f17  f17=xxxxxxxx f14:3f785820 f28:402834db f17:3fdc59ce
14789037ns          244365 1c0082e4 c1cefe43 fmadd.s          f28, f29, f28, f24  f28=xxxxxxxx f29:3dd82925 f28:402834db f24:bf1ab8ca
14789057ns          244366 1c0082e8 30a5f343 fmadd.s          f6, f11, f10, f6     f6=xxxxxxxx f11:3dcfbbc5 f10:40ff0292  f6:40d8c4de
14789077ns          244367 1c0082ec 88a678c3 fmadd.s          f17, f12, f10, f17  f17=xxxxxxxx f12:bdae0f23 f10:40ff0292 f17:4088ad01
14789097ns          244368 1c0082f0 e0a7f543 fmadd.s          f10, f15, f10, f28  f10=xxxxxxxx f15:3f7dbfa4 f10:40ff0292 f28:bea769f2
14789116ns          244369 1c0082f4 0062a22b p.sw             x6, 4(x5!)           x5=10000e10  x6:40f2a2a2  x5:10000e0c  PA:10000e0c
14789136ns          244370 1c0082f8 0912ae23 sw               x17, 156(x5)        x17:4066014d  x5:10000e10  PA:10000eac
14789156ns          244371 1c0082fc 12a2ae23 sw               x10, 316(x5)        x10:40f24dd1  x5:10000e10  PA:10000f4c
14789574ns          244392 1c0082c4 0043a50b p.lw             x10, 4(x7!)         x10=40bb93d8  x7=10000d5c  x7:10000d58  PA:10000d58
14789614ns          244394 1c0082c8 90a6f343 fmadd.s          f6, f13, f10, f18    f6=xxxxxxxx f13:3f7874e3 f10:40bb93d8 f18:00000000
14789634ns          244395 1c0082cc 0243ae03 lw               x28, 36(x7)         x28=40011e13  x7:10000d5c  PA:10000d80
14789653ns          244396 1c0082d0 90aff8c3 fmadd.s          f17, f31, f10, f18  f17=xxxxxxxx f31:3e68d160 f10:40bb93d8 f18:00000000
14789673ns          244397 1c0082d4 90af7c43 fmadd.s          f24, f30, f10, f18  f24=xxxxxxxx f30:bda379c9 f10:40bb93d8 f18:00000000
14789693ns          244398 1c0082d8 31c87343 fmadd.s          f6, f16, f28, f6     f6=xxxxxxxx f16:be5fd2ce f28:40011e13  f6:40b60cdf
14789713ns          244399 1c0082dc 04c3a503 lw               x10, 76(x7)         x10=3fb1d7d5  x7:10000d5c  PA:10000da8
14789733ns          244400 1c0082e0 89c778c3 fmadd.s          f17, f14, f28, f17  f17=xxxxxxxx f14:3f785820 f28:40011e13 f17:3faa9766
14789753ns          244401 1c0082e4 c1cefe43 fmadd.s          f28, f29, f28, f24  f28=xxxxxxxx f29:3dd82925 f28:40011e13 f24:beef90bd
14789773ns          244402 1c0082e8 30a5f343 fmadd.s          f6, f11, f10, f6     f6=xxxxxxxx f11:3dcfbbc5 f10:3fb1d7d5  f6:40a7f06e
14789793ns          244403 1c0082ec 88a678c3 fmadd.s          f17, f12, f10, f17  f17=xxxxxxxx f12:bdae0f23 f10:3fb1d7d5 f17:40528d48
14789813ns          244404 1c0082f0 e0a7f543 fmadd.s          f10, f15, f10, f28  f10=xxxxxxxx f15:3f7dbfa4 f10:3fb1d7d5 f28:be828a9c
14789833ns          244405 1c0082f4 0062a22b p.sw             x6, 4(x5!)           x5=10000e14  x6:40ac72ee  x5:10000e10  PA:10000e10
14789852ns          244406 1c0082f8 0912ae23 sw               x17, 156(x5)        x17:404afe95  x5:10000e14  PA:10000eb0
14789872ns          244407 1c0082fc 12a2ae23 sw               x10, 316(x5)        x10:3f8fa4c8  x5:10000e14  PA:10000f50
14789912ns          244409 1c0082c4 0043a50b p.lw             x10, 4(x7!)         x10=408854c5  x7=10000d60  x7:10000d5c  PA:10000d5c
14789952ns          244411 1c0082c8 90a6f343 fmadd.s          f6, f13, f10, f18    f6=xxxxxxxx f13:3f7874e3 f10:408854c5 f18:00000000
14789972ns          244412 1c0082cc 0243ae03 lw               x28, 36(x7)         x28=409b0bd5  x7:10000d60  PA:10000d84
14789992ns          244413 1c0082d0 90aff8c3 fmadd.s          f17, f31, f10, f18  f17=xxxxxxxx f31:3e68d160 f10:408854c5 f18:00000000
14790012ns          244414 1c0082d4 90af7c43 fmadd.s          f24, f30, f10, f18  f24=xxxxxxxx f30:bda379c9 f10:408854c5 f18:00000000
14790031ns          244415 1c0082d8 31c87343 fmadd.s          f6, f16, f28, f6     f6=xxxxxxxx f16:be5fd2ce f28:409b0bd5  f6:4084505e
14790051ns          244416 1c0082dc 04c3a503 lw               x10, 76(x7)         x10=3f836203  x7:10000d60  PA:10000dac
14790071ns          244417 1c0082e0 89c778c3 fmadd.s          f17, f14, f28, f17  f17=xxxxxxxx f14:3f785820 f28:409b0bd5 f17:3f77f8a6
14790091ns          244418 1c0082e4 c1cefe43 fmadd.s          f28, f29, f28, f24  f28=xxxxxxxx f29:3dd82925 f28:409b0bd5 f24:beae1da9
14790111ns          244419 1c0082e8 30a5f343 fmadd.s          f6, f11, f10, f6     f6=xxxxxxxx f11:3dcfbbc5 f10:3f836203  f6:4044d93e
14790131ns          244420 1c0082ec 88a678c3 fmadd.s          f17, f12, f10, f17  f17=xxxxxxxx f12:bdae0f23 f10:3f836203 f17:40b567eb
14790151ns          244421 1c0082f0 e0a7f543 fmadd.s          f10, f15, f10, f28  f10=xxxxxxxx f15:3f7dbfa4 f10:3f836203 f28:3e2f704a
14790171ns          244422 1c0082f4 0062a22b p.sw             x6, 4(x5!)           x5=10000e18  x6:404b8308  x5:10000e14  PA:10000e14
14790210ns          244424 1c0082f8 0912ae23 sw               x17, 156(x5)        x17:40b29d48  x5:10000e18  PA:10000eb4
14790230ns          244425 1c0082fc 12a2ae23 sw               x10, 316(x5)        x10:3f982841  x5:10000e18  PA:10000f54
14790250ns          244426 1c0082c4 0043a50b p.lw             x10, 4(x7!)         x10=411951eb  x7=10000d64  x7:10000d60  PA:10000d60
14790290ns          244428 1c0082c8 90a6f343 fmadd.s          f6, f13, f10, f18    f6=xxxxxxxx f13:3f7874e3 f10:411951eb f18:00000000
14790310ns          244429 1c0082cc 0243ae03 lw               x28, 36(x7)         x28=411eae5f  x7:10000d64  PA:10000d88
14790330ns          244430 1c0082d0 90aff8c3 fmadd.s          f17, f31, f10, f18  f17=xxxxxxxx f31:3e68d160 f10:411951eb f18:00000000
14790350ns          244431 1c0082d4 90af7c43 fmadd.s          f24, f30, f10, f18  f24=xxxxxxxx f30:bda379c9 f10:411951eb f18:00000000
14790370ns          244432 1c0082d8 31c87343 fmadd.s          f6, f16, f28, f6     f6=xxxxxxxx f16:be5fd2ce f28:411eae5f  f6:4114cd5d
14790389ns          244433 1c0082dc 04c3a503 lw               x10, 76(x7)         x10=4098bc59  x7:10000d64  PA:10000db0
14790409ns          244434 1c0082e0 89c778c3 fmadd.s          f17, f14, f28, f17  f17=xxxxxxxx f14:3f785820 f28:411eae5f f17:400b6fa2
14790429ns          244435 1c0082e4 c1cefe43 fmadd.s          f28, f29, f28, f24  f28=xxxxxxxx f29:3dd82925 f28:411eae5f f24:bf43d031
14790449ns          244436 1c0082e8 30a5f343 fmadd.s          f6, f11, f10, f6     f6=xxxxxxxx f11:3dcfbbc5 f10:4098bc59  f6:40e43c72
14790469ns          244437 1c0082ec 88a678c3 fmadd.s          f17, f12, f10, f17  f17=xxxxxxxx f12:bdae0f23 f10:4098bc59 f17:413ccb74
14790489ns          244438 1c0082f0 e0a7f543 fmadd.s          f10, f15, f10, f28  f10=xxxxxxxx f15:3f7dbfa4 f10:4098bc59 f28:3e905222
14790509ns          244439 1c0082f4 0062a22b p.sw             x6, 4(x5!)           x5=10000e1c  x6:40f3ba7c  x5:10000e18  PA:10000e18
14790529ns          244440 1c0082f8 0912ae23 sw               x17, 156(x5)        x17:41364de3  x5:10000e1c  PA:10000eb8
14790549ns          244441 1c0082fc 12a2ae23 sw               x10, 316(x5)        x10:40a0699c  x5:10000e1c  PA:10000f58
14790568ns          244442 1c0082c4 0043a50b p.lw             x10, 4(x7!)         x10=3ed3c343  x7=10000d68  x7:10000d64  PA:10000d64
14790608ns          244444 1c0082c8 90a6f343 fmadd.s          f6, f13, f10, f18    f6=xxxxxxxx f13:3f7874e3 f10:3ed3c343 f18:00000000
14790628ns          244445 1c0082cc 0243ae03 lw               x28, 36(x7)         x28=4090f910  x7:10000d68  PA:10000d8c
14790648ns          244446 1c0082d0 90aff8c3 fmadd.s          f17, f31, f10, f18  f17=xxxxxxxx f31:3e68d160 f10:3ed3c343 f18:00000000
14790668ns          244447 1c0082d4 90af7c43 fmadd.s          f24, f30, f10, f18  f24=xxxxxxxx f30:bda379c9 f10:3ed3c343 f18:00000000
14790688ns          244448 1c0082d8 31c87343 fmadd.s          f6, f16, f28, f6     f6=xxxxxxxx f16:be5fd2ce f28:4090f910  f6:3ecd85d9
14790708ns          244449 1c0082dc 04c3a503 lw               x10, 76(x7)         x10=3f513a81  x7:10000d68  PA:10000db4
14790728ns          244450 1c0082e0 89c778c3 fmadd.s          f17, f14, f28, f17  f17=xxxxxxxx f14:3f785820 f28:4090f910 f17:3dc09627
14790747ns          244451 1c0082e4 c1cefe43 fmadd.s          f28, f29, f28, f24  f28=xxxxxxxx f29:3dd82925 f28:4090f910 f24:bd073a11
14790767ns          244452 1c0082e8 30a5f343 fmadd.s          f6, f11, f10, f6     f6=xxxxxxxx f11:3dcfbbc5 f10:3f513a81  f6:bf16bdbf
14790787ns          244453 1c0082ec 88a678c3 fmadd.s          f17, f12, f10, f17  f17=xxxxxxxx f12:bdae0f23 f10:3f513a81 f17:408fa588
14790807ns          244454 1c0082f0 e0a7f543 fmadd.s          f10, f15, f10, f28  f10=xxxxxxxx f15:3f7dbfa4 f10:3f513a81 f28:3ee3eba3
14790827ns          244455 1c0082f4 0062a22b p.sw             x6, 4(x5!)           x5=10000e20  x6:bf0184c6  x5:10000e1c  PA:10000e1c
14790847ns          244456 1c0082f8 0912ae23 sw               x17, 156(x5)        x17:408d6c7f  x5:10000e20  PA:10000ebc
14790867ns          244457 1c0082fc 12a2ae23 sw               x10, 316(x5)        x10:3fa0aca2  x5:10000e20  PA:10000f5c
14790887ns          244458 1c0082c4 0043a50b p.lw             x10, 4(x7!)         x10=4007d93b  x7=10000d6c  x7:10000d68  PA:10000d68
14790926ns          244460 1c0082c8 90a6f343 fmadd.s          f6, f13, f10, f18    f6=xxxxxxxx f13:3f7874e3 f10:4007d93b f18:00000000
14790946ns          244461 1c0082cc 0243ae03 lw               x28, 36(x7)         x28=411411ad  x7:10000d6c  PA:10000d90
14790966ns          244462 1c0082d0 90aff8c3 fmadd.s          f17, f31, f10, f18  f17=xxxxxxxx f31:3e68d160 f10:4007d93b f18:00000000
14790986ns          244463 1c0082d4 90af7c43 fmadd.s          f24, f30, f10, f18  f24=xxxxxxxx f30:bda379c9 f10:4007d93b f18:00000000
14791006ns          244464 1c0082d8 31c87343 fmadd.s          f6, f16, f28, f6     f6=xxxxxxxx f16:be5fd2ce f28:411411ad  f6:4003d878
14791026ns          244465 1c0082dc 04c3a503 lw               x10, 76(x7)         x10=40bda0d4  x7:10000d6c  PA:10000db8
14791046ns          244466 1c0082e0 89c778c3 fmadd.s          f17, f14, f28, f17  f17=xxxxxxxx f14:3f785820 f28:411411ad f17:3ef717f2
14791066ns          244467 1c0082e4 c1cefe43 fmadd.s          f28, f29, f28, f24  f28=xxxxxxxx f29:3dd82925 f28:411411ad f24:be2d7fe2
14791086ns          244468 1c0082e8 30a5f343 fmadd.s          f6, f11, f10, f6     f6=xxxxxxxx f11:3dcfbbc5 f10:40bda0d4  f6:3d18c92a
14791106ns          244469 1c0082ec 88a678c3 fmadd.s          f17, f12, f10, f17  f17=xxxxxxxx f12:bdae0f23 f10:40bda0d4 f17:41175cd8
14791125ns          244470 1c0082f0 e0a7f543 fmadd.s          f10, f15, f10, f28  f10=xxxxxxxx f15:3f7dbfa4 f10:40bda0d4 f28:3f4ead74
14791145ns          244471 1c0082f4 0062a22b p.sw             x6, 4(x5!)           x5=10000e24  x6:3f236cb4  x5:10000e20  PA:10000e20
14791165ns          244472 1c0082f8 0912ae23 sw               x17, 156(x5)        x17:410f4df0  x5:10000e24  PA:10000ec0
14791185ns          244473 1c0082fc 12a2ae23 sw               x10, 316(x5)        x10:40d5cb94  x5:10000e24  PA:10000f60
14791205ns          244474 1c0082c4 0043a50b p.lw             x10, 4(x7!)         x10=408e4055  x7=10000d70  x7:10000d6c  PA:10000d6c
14791245ns          244476 1c0082c8 90a6f343 fmadd.s          f6, f13, f10, f18    f6=xxxxxxxx f13:3f7874e3 f10:408e4055 f18:00000000
14791265ns          244477 1c0082cc 0243ae03 lw               x28, 36(x7)         x28=4092ebca  x7:10000d70  PA:10000d94
14791285ns          244478 1c0082d0 90aff8c3 fmadd.s          f17, f31, f10, f18  f17=xxxxxxxx f31:3e68d160 f10:408e4055 f18:00000000
14791304ns          244479 1c0082d4 90af7c43 fmadd.s          f24, f30, f10, f18  f24=xxxxxxxx f30:bda379c9 f10:408e4055 f18:00000000
14791324ns          244480 1c0082d8 31c87343 fmadd.s          f6, f16, f28, f6     f6=xxxxxxxx f16:be5fd2ce f28:4092ebca  f6:408a0f46
14791344ns          244481 1c0082dc 04c3a503 lw               x10, 76(x7)         x10=3fbcd776  x7:10000d70  PA:10000dbc
14791364ns          244482 1c0082e0 89c778c3 fmadd.s          f17, f14, f28, f17  f17=xxxxxxxx f14:3f785820 f28:4092ebca f17:3f815ea5
14791384ns          244483 1c0082e4 c1cefe43 fmadd.s          f28, f29, f28, f24  f28=xxxxxxxx f29:3dd82925 f28:4092ebca f24:beb5ad44
14791404ns          244484 1c0082e8 30a5f343 fmadd.s          f6, f11, f10, f6     f6=xxxxxxxx f11:3dcfbbc5 f10:3fbcd776  f6:4053e45c
14791424ns          244485 1c0082ec 88a678c3 fmadd.s          f17, f12, f10, f17  f17=xxxxxxxx f12:bdae0f23 f10:3fbcd776 f17:40aedea8
14791444ns          244486 1c0082f0 e0a7f543 fmadd.s          f10, f15, f10, f28  f10=xxxxxxxx f15:3f7dbfa4 f10:3fbcd776 f28:3e04dfb6
14791464ns          244487 1c0082f4 0062a22b p.sw             x6, 4(x5!)           x5=10000e28  x6:405d7828  x5:10000e24  PA:10000e24
14791483ns          244488 1c0082f8 0912ae23 sw               x17, 156(x5)        x17:40aadb7b  x5:10000e28  PA:10000ec4
14791503ns          244489 1c0082fc 12a2ae23 sw               x10, 316(x5)        x10:3fcbca44  x5:10000e28  PA:10000f64
14791523ns          244490 1c0082c4 0043a50b p.lw             x10, 4(x7!)         x10=40e07dfe  x7=10000d74  x7:10000d70  PA:10000d70
14791563ns          244492 1c0082c8 90a6f343 fmadd.s          f6, f13, f10, f18    f6=xxxxxxxx f13:3f7874e3 f10:40e07dfe f18:00000000
14791583ns          244493 1c0082cc 0243ae03 lw               x28, 36(x7)         x28=404e1aa6  x7:10000d74  PA:10000d98
14791603ns          244494 1c0082d0 90aff8c3 fmadd.s          f17, f31, f10, f18  f17=xxxxxxxx f31:3e68d160 f10:40e07dfe f18:00000000
14791623ns          244495 1c0082d4 90af7c43 fmadd.s          f24, f30, f10, f18  f24=xxxxxxxx f30:bda379c9 f10:40e07dfe f18:00000000
14791643ns          244496 1c0082d8 31c87343 fmadd.s          f6, f16, f28, f6     f6=xxxxxxxx f16:be5fd2ce f28:404e1aa6  f6:40d9e08e
14791662ns          244497 1c0082dc 04c3a503 lw               x10, 76(x7)         x10=4111109d  x7:10000d74  PA:10000dc0
14791682ns          244498 1c0082e0 89c778c3 fmadd.s          f17, f14, f28, f17  f17=xxxxxxxx f14:3f785820 f28:404e1aa6 f17:3fcc29c9
14791702ns          244499 1c0082e4 c1cefe43 fmadd.s          f28, f29, f28, f24  f28=xxxxxxxx f29:3dd82925 f28:404e1aa6 f24:bf0f5b05
14791722ns          244500 1c0082e8 30a5f343 fmadd.s          f6, f11, f10, f6     f6=xxxxxxxx f11:3dcfbbc5 f10:4111109d  f6:40c35a30
14791742ns          244501 1c0082ec 88a678c3 fmadd.s          f17, f12, f10, f17  f17=xxxxxxxx f12:bdae0f23 f10:4111109d f17:409702d4
14791762ns          244502 1c0082f0 e0a7f543 fmadd.s          f10, f15, f10, f28  f10=xxxxxxxx f15:3f7dbfa4 f10:4111109d f28:be615cdc
14791782ns          244503 1c0082f4 0062a22b p.sw             x6, 4(x5!)           x5=10000e2c  x6:40e0c7e5  x5:10000e28  PA:10000e28
14791802ns          244504 1c0082f8 0912ae23 sw               x17, 156(x5)        x17:407cb4b9  x5:10000e2c  PA:10000ec8
14791822ns          244505 1c0082fc 12a2ae23 sw               x10, 316(x5)        x10:410c4490  x5:10000e2c  PA:10000f68
14791841ns          244506 1c0082c4 0043a50b p.lw             x10, 4(x7!)         x10=408d6ae6  x7=10000d78  x7:10000d74  PA:10000d74
14791881ns          244508 1c0082c8 90a6f343 fmadd.s          f6, f13, f10, f18    f6=xxxxxxxx f13:3f7874e3 f10:408d6ae6 f18:00000000
14791901ns          244509 1c0082cc 0243ae03 lw               x28, 36(x7)         x28=4104a475  x7:10000d78  PA:10000d9c
14791921ns          244510 1c0082d0 90aff8c3 fmadd.s          f17, f31, f10, f18  f17=xxxxxxxx f31:3e68d160 f10:408d6ae6 f18:00000000
14791941ns          244511 1c0082d4 90af7c43 fmadd.s          f24, f30, f10, f18  f24=xxxxxxxx f30:bda379c9 f10:408d6ae6 f18:00000000
14791961ns          244512 1c0082d8 31c87343 fmadd.s          f6, f16, f28, f6     f6=xxxxxxxx f16:be5fd2ce f28:4104a475  f6:40894021
14791981ns          244513 1c0082dc 04c3a503 lw               x10, 76(x7)         x10=405f8cc8  x7:10000d78  PA:10000dc4
14792001ns          244514 1c0082e0 89c778c3 fmadd.s          f17, f14, f28, f17  f17=xxxxxxxx f14:3f785820 f28:4104a475 f17:3f809c8a
14792020ns          244515 1c0082e4 c1cefe43 fmadd.s          f28, f29, f28, f24  f28=xxxxxxxx f29:3dd82925 f28:4104a475 f24:beb49cae
14792040ns          244516 1c0082e8 30a5f343 fmadd.s          f6, f11, f10, f6     f6=xxxxxxxx f11:3dcfbbc5 f10:405f8cc8  f6:401e87c6
14792060ns          244517 1c0082ec 88a678c3 fmadd.s          f17, f12, f10, f17  f17=xxxxxxxx f12:bdae0f23 f10:405f8cc8 f17:4110c08c
14792080ns          244518 1c0082f0 e0a7f543 fmadd.s          f10, f15, f10, f28  f10=xxxxxxxx f15:3f7dbfa4 f10:405f8cc8 f28:3f05b1d1
14792100ns          244519 1c0082f4 0062a22b p.sw             x6, 4(x5!)           x5=10000e30  x6:403534a0  x5:10000e2c  PA:10000e2c
14792120ns          244520 1c0082f8 0912ae23 sw               x17, 156(x5)        x17:410c0095  x5:10000e30  PA:10000ecc
14792140ns          244521 1c0082fc 12a2ae23 sw               x10, 316(x5)        x10:407f01ef  x5:10000e30  PA:10000f6c
14792160ns          244522 1c008300 02848493 addi             x9, x9, 40           x9=1c010208  x9:1c0101e0
14792180ns          244523 1c008304 028b0b13 addi             x22, x22, 40        x22=10000e30 x22:10000e08
14792200ns          244524 1c008308 e75a18e3 bne              x20, x21, -400      x20:1c0107d0 x21:1c0107c4
14792677ns          244548 1c008178 004aa70b p.lw             x14, 4(x21!)        x14=3f303832 x21=1c0107c8 x21:1c0107c4  PA:1c0107c4
14792995ns          244564 1c00817c 00caa683 lw               x13, 12(x21)        x13=3f1c9e97 x21:1c0107c8  PA:1c0107d4
14793293ns          244579 1c008180 01caa783 lw               x15, 28(x21)        x15=3ec7879a x21:1c0107c8  PA:1c0107e4
14793612ns          244595 1c008184 10d6f6d3 fmul.s           f13, f13, f13       f13=xxxxxxxx f13:3f1c9e97 f13:3f1c9e97
14793632ns          244596 1c008188 02caa503 lw               x10, 44(x21)        x10=403f850a x21:1c0107c8  PA:1c0107f4
14793930ns          244611 1c00818c 68e77743 fmadd.s          f14, f14, f14, f13  f14=xxxxxxxx f14:3f303832 f14:3f303832 f13:3ebfa355
14793950ns          244612 1c008190 70f7f7c3 fmadd.s          f15, f15, f15, f14  f15=xxxxxxxx f15:3ec7879a f15:3ec7879a f14:3f591efc
14793970ns          244613 1c008194 5807f7d3 fsqrt.s          f15, f15            f15=xxxxxxxx f15:3f800001
14794368ns          244633 1c008198 18fbfd53 fdiv.s           f26, f23, f15       f26=xxxxxxxx f23:3f800000 f15:3f800000
14795223ns          244676 1c00819c 314000ef jal              x1, 788              x1=xxxxxxxx
14795243ns          244677 1c0084b0 a0a527d3 feq.s            x15, f10, f10       x15=00000001 f10:403f850a f10:403f850a
14795501ns          244690 1c0084b4 0a078b63 beq              x15, x0, 182        x15:00000001
14795521ns          244691 1c0084b6 e00517d3 fclass.s         x15, f10            x15=00000040 f10:403f850a
14795541ns          244692 1c0084ba 0817f793 andi             x15, x15, 129       x15=00000000 x15:00000040
14795561ns          244693 1c0084be 0a079663 bne              x15, x0, 172        x15:00000000
14795601ns          244695 1c0084c0 00000793 addi             x15, x0, 0          x15=00000000
14795641ns          244697 1c0084c4 a0f517d3 flt.s            x15, f10, f15       x15=00000000 f10:403f850a f15:00000000
14795660ns          244698 1c0084c8 0a079663 bne              x15, x0, 172        x15:00000000
14795680ns          244699 1c0084ca 1c000737 lui              x14, 0x1c000000     x14=1c000000
14795700ns          244700 1c0084ce 0ec72783 lw               x15, 236(x14)       x15=40c90fdb x14:1c000000  PA:1c0000ec
14796019ns          244716 1c0084d2 a0a797d3 flt.s            x15, f15, f10       x15=00000000 f15:40c90fdb f10:403f850a
14796038ns          244717 1c0084d6 00078b63 beq              x15, x0, 22         x15:00000000
14796098ns          244720 1c0084ec 00000793 addi             x15, x0, 0          x15=00000000
14796158ns          244723 1c0084f0 a0f517d3 flt.s            x15, f10, f15       x15=00000000 f10:403f850a f15:00000000
14796198ns          244725 1c0084f4 08079a63 bne              x15, x0, 148        x15:00000000
14796217ns          244726 1c0084f6 1c0007b7 lui              x15, 0x1c000000     x15=1c000000
14796237ns          244727 1c0084fa 0b87a783 lw               x15, 184(x15)       x15=3fc90fdb x15:1c000000  PA:1c0000b8
14796575ns          244744 1c0084fe a0f517d3 flt.s            x15, f10, f15       x15=00000000 f10:403f850a f15:3fc90fdb
14796595ns          244745 1c008502 02079563 bne              x15, x0, 42         x15:00000000
14796615ns          244746 1c008504 1c0007b7 lui              x15, 0x1c000000     x15=1c000000
14796635ns          244747 1c008508 0bc7a783 lw               x15, 188(x15)       x15=40490fdb x15:1c000000  PA:1c0000bc
14796973ns          244764 1c00850c a0f51753 flt.s            x14, f10, f15       x14=00000001 f10:403f850a f15:40490fdb
14796993ns          244765 1c008510 06071f63 bne              x14, x0, 126        x14:00000001
14797172ns          244774 1c00858e 08a7f553 fsub.s           f10, f15, f10       f10=xxxxxxxx f15:40490fdb f10:403f850a
14797212ns          244776 1c008592 10a57553 fmul.s           f10, f10, f10       f10=xxxxxxxx f10:3e18ad10 f10:3e18ad10
14797232ns          244777 1c008596 1c0007b7 lui              x15, 0x1c000000     x15=1c000000
14797252ns          244778 1c00859a 1c000737 lui              x14, 0x1c000000     x14=1c000000
14797272ns          244779 1c00859e 0f472703 lw               x14, 244(x14)       x14=bab59551 x14:1c000000  PA:1c0000f4
14797590ns          244795 1c0085a2 0f07a783 lw               x15, 240(x15)       x15=37c23ab1 x15:1c000000  PA:1c0000f0
14797928ns          244812 1c0085a6 70f577c3 fmadd.s          f15, f10, f15, f14  f15=xxxxxxxx f10:3cb61bf0 f15:37c23ab1 f14:bab59551
14797948ns          244813 1c0085aa 1c000737 lui              x14, 0x1c000000     x14=1c000000
14797968ns          244814 1c0085ae 0f872703 lw               x14, 248(x14)       x14=3d2aa76f x14:1c000000  PA:1c0000f8
14798306ns          244831 1c0085b2 70f577c3 fmadd.s          f15, f10, f15, f14  f15=xxxxxxxx f10:3cb61bf0 f15:bab5840c f14:3d2aa76f
14798326ns          244832 1c0085b6 1c000737 lui              x14, 0x1c000000     x14=1c000000
14798346ns          244833 1c0085ba 0fc72703 lw               x14, 252(x14)       x14=beffffe0 x14:1c000000  PA:1c0000fc
14798664ns          244849 1c0085be 70f577c3 fmadd.s          f15, f10, f15, f14  f15=xxxxxxxx f10:3cb61bf0 f15:3d2a8727 f14:beffffe0
14798684ns          244850 1c0085c2 1c000737 lui              x14, 0x1c000000     x14=1c000000
14798704ns          244851 1c0085c6 12472703 lw               x14, 292(x14)       x14=3f7fffff x14:1c000000  PA:1c000124
14799042ns          244868 1c0085ca 70f57543 fmadd.s          f10, f10, f15, f14  f10=xxxxxxxx f10:3cb61bf0 f15:beff8691 f14:3f7fffff
14799062ns          244869 1c0085ce 20a51553 fsgnjn.s         f10, f10, f10       f10=xxxxxxxx f10:3f7d28e9 f10:3f7d28e9
14799082ns          244870 1c0085d2 00008067 jalr             x0, x1, 0            x1:1c00819e
14799121ns          244872 1c00819e 00a00433 add              x8, x0, x10          x8=bf7d28e9 x10:bf7d28e9
14799141ns          244873 1c0081a0 02caa503 lw               x10, 44(x21)        x10=403f850a x21:1c0107c8  PA:1c0107f4
14799460ns          244889 1c0081a4 08a9f553 fsub.s           f10, f19, f10       f10=xxxxxxxx f19:3fc90fdb f10:403f850a
14799480ns          244890 1c0081a8 308000ef jal              x1, 776              x1=1c0081aa
14799519ns          244892 1c0084b0 a0a527d3 feq.s            x15, f10, f10       x15=00000001 f10:bfb5fa39 f10:bfb5fa39
14799539ns          244893 1c0084b4 0a078b63 beq              x15, x0, 182        x15:00000001
14799559ns          244894 1c0084b6 e00517d3 fclass.s         x15, f10            x15=00000002 f10:bfb5fa39
14799579ns          244895 1c0084ba 0817f793 andi             x15, x15, 129       x15=00000000 x15:00000002
14799599ns          244896 1c0084be 0a079663 bne              x15, x0, 172        x15:00000000
14799619ns          244897 1c0084c0 00000793 addi             x15, x0, 0          x15=00000000
14799639ns          244898 1c0084c4 a0f517d3 flt.s            x15, f10, f15       x15=00000001 f10:bfb5fa39 f15:00000000
14799659ns          244899 1c0084c8 0a079663 bne              x15, x0, 172        x15:00000001
14799758ns          244904 1c008574 1c0007b7 lui              x15, 0x1c000000     x15=1c000000
14799798ns          244906 1c008578 0e87a783 lw               x15, 232(x15)       x15=c0c90fdb x15:1c000000  PA:1c0000e8
14800136ns          244923 1c00857c a0f517d3 flt.s            x15, f10, f15       x15=00000000 f10:bfb5fa39 f15:c0c90fdb
14800156ns          244924 1c008580 00078463 beq              x15, x0, 8          x15:00000000
14800215ns          244927 1c008588 20a51553 fsgnjn.s         f10, f10, f10       f10=xxxxxxxx f10:bfb5fa39 f10:bfb5fa39
14800235ns          244928 1c00858c f6bff06f jal              x0, -150           
14800295ns          244931 1c0084f6 1c0007b7 lui              x15, 0x1c000000     x15=1c000000
14800315ns          244932 1c0084fa 0b87a783 lw               x15, 184(x15)       x15=3fc90fdb x15:1c000000  PA:1c0000b8
14800653ns          244949 1c0084fe a0f517d3 flt.s            x15, f10, f15       x15=00000001 f10:3fb5fa39 f15:3fc90fdb
14800673ns          244950 1c008502 02079563 bne              x15, x0, 42         x15:00000001
14800733ns          244953 1c00852c 10a57553 fmul.s           f10, f10, f10       f10=xxxxxxxx f10:3fb5fa39 f10:3fb5fa39
14800753ns          244954 1c008530 1c0007b7 lui              x15, 0x1c000000     x15=1c000000
14800772ns          244955 1c008534 1c000737 lui              x14, 0x1c000000     x14=1c000000
14800792ns          244956 1c008538 0f472703 lw               x14, 244(x14)       x14=bab59551 x14:1c000000  PA:1c0000f4
14801170ns          244975 1c00853c 0f07a783 lw               x15, 240(x15)       x15=37c23ab1 x15:1c000000  PA:1c0000f0
14801488ns          244991 1c008540 70f577c3 fmadd.s          f15, f10, f15, f14  f15=xxxxxxxx f10:40015bc9 f15:37c23ab1 f14:bab59551
14801508ns          244992 1c008544 1c000737 lui              x14, 0x1c000000     x14=1c000000
14801528ns          244993 1c008548 0f872703 lw               x14, 248(x14)       x14=3d2aa76f x14:1c000000  PA:1c0000f8
14801866ns          245010 1c00854c 70f577c3 fmadd.s          f15, f10, f15, f14  f15=xxxxxxxx f10:40015bc9 f15:baaf72fe f14:3d2aa76f
14801886ns          245011 1c008550 1c000737 lui              x14, 0x1c000000     x14=1c000000
14801906ns          245012 1c008554 0fc72703 lw               x14, 252(x14)       x14=beffffe0 x14:1c000000  PA:1c0000fc
14802224ns          245028 1c008558 70f577c3 fmadd.s          f15, f10, f15, f14  f15=xxxxxxxx f10:40015bc9 f15:3d1f9274 f14:beffffe0
14802244ns          245029 1c00855c 1c000737 lui              x14, 0x1c000000     x14=1c000000
14802264ns          245030 1c008560 12472703 lw               x14, 292(x14)       x14=3f7fffff x14:1c000000  PA:1c000124
14802582ns          245046 1c008564 70f57543 fmadd.s          f10, f10, f15, f14  f10=xxxxxxxx f10:40015bc9 f15:bed7aedf f14:3f7fffff
14802602ns          245047 1c008568 00008067 jalr             x0, x1, 0            x1:1c0081aa
14802642ns          245049 1c0081aa 0204a683 lw               x13, 32(x9)         x13=405a9ffe  x9:1c010208  PA:1c010228
14802960ns          245065 1c0081ac 0244a703 lw               x14, 36(x9)         x14=3fc47c03  x9:1c010208  PA:1c01022c
14803259ns          245080 1c0081ae 0a04a783 lw               x15, 160(x9)        x15=40bdddab  x9:1c010208  PA:1c0102a8
14803557ns          245095 1c0081b2 02d12423 sw               x13, 40(x2)         x13:405a9ffe  x2:10000d48  PA:10000d70
14803577ns          245096 1c0081b4 02e12623 sw               x14, 44(x2)         x14:3fc47c03  x2:10000d48  PA:10000d74
14803597ns          245097 1c0081b6 ffcaa683 lw               x13, -4(x21)        x13=3f303832 x21:1c0107c8  PA:1c0107c4
14803895ns          245112 1c0081ba 00caa703 lw               x14, 12(x21)        x14=3f1c9e97 x21:1c0107c8  PA:1c0107d4
14804194ns          245127 1c0081be 02f12823 sw               x15, 48(x2)         x15:40bdddab  x2:10000d48  PA:10000d78
14804214ns          245128 1c0081c0 01caa783 lw               x15, 28(x21)        x15=3ec7879a x21:1c0107c8  PA:1c0107e4
14804512ns          245143 1c0081c4 10dd76d3 fmul.s           f13, f26, f13       f13=xxxxxxxx f26:3f800000 f13:3f303832
14804532ns          245144 1c0081c8 10ed7753 fmul.s           f14, f26, f14       f14=xxxxxxxx f26:3f800000 f14:3f1c9e97
14804552ns          245145 1c0081cc 10fd77d3 fmul.s           f15, f26, f15       f15=xxxxxxxx f26:3f800000 f15:3ec7879a
14804572ns          245146 1c0081d0 0044ae83 lw               x29, 4(x9)          x29=409744ed  x9:1c010208  PA:1c01020c
14804890ns          245162 1c0081d4 0084ae03 lw               x28, 8(x9)          x28=4104a138  x9:1c010208  PA:1c010210
14805188ns          245177 1c0081d8 00c4a303 lw               x6, 12(x9)           x6=410d8a17  x9:1c010208  PA:1c010214
14805487ns          245192 1c0081dc 0104a883 lw               x17, 16(x9)         x17=3e968b5a  x9:1c010208  PA:1c010218
14805785ns          245207 1c0081e0 0144a803 lw               x16, 20(x9)         x16=4037bc6f  x9:1c010208  PA:1c01021c
14806083ns          245222 1c0081e4 0184a583 lw               x11, 24(x9)         x11=3f471553  x9:1c010208  PA:1c010220
14806382ns          245237 1c0081e6 01c4a603 lw               x12, 28(x9)         x12=411e225a  x9:1c010208  PA:1c010224
14806680ns          245252 1c0081e8 0004af03 lw               x30, 0(x9)          x30=40ad2712  x9:1c010208  PA:1c010208
14806998ns          245268 1c0081ec 0b84a383 lw               x7, 184(x9)          x7=411d9d00  x9:1c010208  PA:1c0102c0
14807297ns          245283 1c0081f0 0bc4a283 lw               x5, 188(x9)          x5=402c57b1  x9:1c010208  PA:1c0102c4
14807595ns          245298 1c0081f4 0c04af83 lw               x31, 192(x9)        x31=4082ed10  x9:1c010208  PA:1c0102c8
14807893ns          245313 1c0081f8 01e12423 sw               x30, 8(x2)          x30:40ad2712  x2:10000d48  PA:10000d50
14807913ns          245314 1c0081fa 01d12623 sw               x29, 12(x2)         x29:409744ed  x2:10000d48  PA:10000d54
14807933ns          245315 1c0081fc 0c44af03 lw               x30, 196(x9)        x30=400cba99  x9:1c010208  PA:1c0102cc
14808251ns          245331 1c008200 01c12823 sw               x28, 16(x2)         x28:4104a138  x2:10000d48  PA:10000d58
14808271ns          245332 1c008202 00612a23 sw               x6, 20(x2)           x6:410d8a17  x2:10000d48  PA:10000d5c
14808291ns          245333 1c008204 01112c23 sw               x17, 24(x2)         x17:3e968b5a  x2:10000d48  PA:10000d60
14808311ns          245334 1c008206 01012e23 sw               x16, 28(x2)         x16:4037bc6f  x2:10000d48  PA:10000d64
14808331ns          245335 1c008208 02b12023 sw               x11, 32(x2)         x11:3f471553  x2:10000d48  PA:10000d68
14808351ns          245336 1c00820a 10f57853 fmul.s           f16, f10, f15       f16=xxxxxxxx f10:3e181c65 f15:3ec7879a
14808391ns          245338 1c00820e 10e575d3 fmul.s           f11, f10, f14       f11=xxxxxxxx f10:3e181c65 f14:3f1c9e97
14808410ns          245339 1c008212 02c12223 sw               x12, 36(x2)         x12:411e225a  x2:10000d48  PA:10000d6c
14808430ns          245340 1c008214 0b04ac83 lw               x25, 176(x9)        x25=402311ce  x9:1c010208  PA:1c0102b8
14808729ns          245355 1c008218 10d57653 fmul.s           f12, f10, f13       f12=xxxxxxxx f10:3e181c65 f13:3f303832
14808749ns          245356 1c00821c 0b44ac03 lw               x24, 180(x9)        x24=40f045ed  x9:1c010208  PA:1c0102bc
14809047ns          245371 1c008220 1644ad03 lw               x26, 356(x9)        x26=408fd524  x9:1c010208  PA:1c01036c
14809345ns          245386 1c008224 1404a503 lw               x10, 320(x9)        x10=403eb8ec  x9:1c010208  PA:1c010348
14809664ns          245402 1c008228 0a44ad83 lw               x27, 164(x9)        x27=3f92e281  x9:1c010208  PA:1c0102ac
14809962ns          245417 1c00822c 04a12c23 sw               x10, 88(x2)         x10:403eb8ec  x2:10000d48  PA:10000da0
14809982ns          245418 1c00822e 03b12a23 sw               x27, 52(x2)         x27:3f92e281  x2:10000d48  PA:10000d7c
14810002ns          245419 1c008230 0a84ad83 lw               x27, 168(x9)        x27=3f53cbcd  x9:1c010208  PA:1c0102b0
14810300ns          245434 1c008234 1444a503 lw               x10, 324(x9)        x10=409144de  x9:1c010208  PA:1c01034c
14810618ns          245450 1c008238 03b12c23 sw               x27, 56(x2)         x27:3f53cbcd  x2:10000d48  PA:10000d80
14810638ns          245451 1c00823a 0ac4ad83 lw               x27, 172(x9)        x27=408261b9  x9:1c010208  PA:1c0102b4
14810956ns          245467 1c00823e 04a12e23 sw               x10, 92(x2)         x10:409144de  x2:10000d48  PA:10000da4
14810976ns          245468 1c008240 03b12e23 sw               x27, 60(x2)         x27:408261b9  x2:10000d48  PA:10000d84
14810996ns          245469 1c008242 1484ad83 lw               x27, 328(x9)        x27=40db8024  x9:1c010208  PA:1c010350
14811295ns          245484 1c008246 14c4a503 lw               x10, 332(x9)        x10=3eb71a00  x9:1c010208  PA:1c010354
14811593ns          245499 1c00824a 07b12023 sw               x27, 96(x2)         x27:40db8024  x2:10000d48  PA:10000da8
14811613ns          245500 1c00824c 1504ad83 lw               x27, 336(x9)        x27=40d7129d  x9:1c010208  PA:1c010358
14811911ns          245515 1c008250 088bf8d3 fsub.s           f17, f23, f8        f17=xxxxxxxx f23:3f800000  f8:bf7d28e9
14811931ns          245516 1c008254 10e6fed3 fmul.s           f29, f13, f14       f29=xxxxxxxx f13:3f303832 f14:3f1c9e97
14811951ns          245517 1c008258 10f6fe53 fmul.s           f28, f13, f15       f28=xxxxxxxx f13:3f303832 f15:3ec7879a
14811971ns          245518 1c00825c 10f77353 fmul.s           f6, f14, f15         f6=xxxxxxxx f14:3f1c9e97 f15:3ec7879a
14811991ns          245519 1c008260 06a12223 sw               x10, 100(x2)        x10:3eb71a00  x2:10000d48  PA:10000dac
14812011ns          245520 1c008262 07b12423 sw               x27, 104(x2)        x27:40d7129d  x2:10000d48  PA:10000db0
14812031ns          245521 1c008264 1544a503 lw               x10, 340(x9)        x10=40ea581d  x9:1c010208  PA:1c01035c
14812349ns          245537 1c008268 1584ad83 lw               x27, 344(x9)        x27=3f91d9a5  x9:1c010208  PA:1c010360
14812647ns          245552 1c00826c 10d6f6d3 fmul.s           f13, f13, f13       f13=xxxxxxxx f13:3f303832 f13:3f303832
14812667ns          245553 1c008270 10e77753 fmul.s           f14, f14, f14       f14=xxxxxxxx f14:3f1c9e97 f14:3f1c9e97
14812687ns          245554 1c008274 10f7f7d3 fmul.s           f15, f15, f15       f15=xxxxxxxx f15:3ec7879a f15:3ec7879a
14812707ns          245555 1c008278 05f12823 sw               x31, 80(x2)         x31:4082ed10  x2:10000d48  PA:10000d98
14812727ns          245556 1c00827a 05e12a23 sw               x30, 84(x2)         x30:400cba99  x2:10000d48  PA:10000d9c
14812747ns          245557 1c00827c 81d8ffc7 fmsub.s          f31, f17, f29, f16  f31=xxxxxxxx f17:3ffe9474 f29:3ed79ed2 f16:3d6d1d4a
14812767ns          245558 1c008280 06a12623 sw               x10, 108(x2)        x10:40ea581d  x2:10000d48  PA:10000db4
14812786ns          245559 1c008282 07b12823 sw               x27, 112(x2)        x27:3f91d9a5  x2:10000d48  PA:10000db8
14812826ns          245561 1c008284 15c4a503 lw               x10, 348(x9)        x10=4085ed85  x9:1c010208  PA:1c010364
14813125ns          245576 1c008288 1604ad83 lw               x27, 352(x9)        x27=40d9e502  x9:1c010208  PA:1c010368
14813423ns          245591 1c00828c 59c8ff43 fmadd.s          f30, f17, f28, f11  f30=xxxxxxxx f17:3ffe9474 f28:3e895907 f11:3dba1f12
14813443ns          245592 1c008290 81d8f843 fmadd.s          f16, f17, f29, f16  f16=xxxxxxxx f17:3ffe9474 f29:3ed79ed2 f16:3d6d1d4a
14813463ns          245593 1c008294 59c8f5c7 fmsub.s          f11, f17, f28, f11  f11=xxxxxxxx f17:3ffe9474 f28:3e895907 f11:3dba1f12
14813483ns          245594 1c008298 6068fec7 fmsub.s          f29, f17, f6, f12   f29=xxxxxxxx f17:3ffe9474  f6:3e74247a f12:3dd169d3
14813502ns          245595 1c00829c 6068f643 fmadd.s          f12, f17, f6, f12   f12=xxxxxxxx f17:3ffe9474  f6:3e74247a f12:3dd169d3
14813522ns          245596 1c0082a0 04712423 sw               x7, 72(x2)           x7:411d9d00  x2:10000d48  PA:10000d90
14813542ns          245597 1c0082a2 04512623 sw               x5, 76(x2)           x5:402c57b1  x2:10000d48  PA:10000d94
14813562ns          245598 1c0082a4 4116f6c3 fmadd.s          f13, f13, f17, f8   f13=xxxxxxxx f13:3ef29aa2 f17:3ffe9474  f8:bf7d28e9
14813582ns          245599 1c0082a8 40e8f743 fmadd.s          f14, f17, f14, f8   f14=xxxxxxxx f17:3ffe9474 f14:3ebfa355  f8:bf7d28e9
14813602ns          245600 1c0082ac 40f8f7c3 fmadd.s          f15, f17, f15, f8   f15=xxxxxxxx f17:3ffe9474 f15:3e1b8419  f8:bf7d28e9
14813622ns          245601 1c0082b0 05912023 sw               x25, 64(x2)         x25:402311ce  x2:10000d48  PA:10000d88
14813642ns          245602 1c0082b2 05812223 sw               x24, 68(x2)         x24:40f045ed  x2:10000d48  PA:10000d8c
14813662ns          245603 1c0082b4 06a12a23 sw               x10, 116(x2)        x10:4085ed85  x2:10000d48  PA:10000dbc
14813682ns          245604 1c0082b6 07b12c23 sw               x27, 120(x2)        x27:40d9e502  x2:10000d48  PA:10000dc0
14813701ns          245605 1c0082b8 07a12e23 sw               x26, 124(x2)        x26:408fd524  x2:10000d48  PA:10000dc4
14813721ns          245606 1c0082ba 00810393 addi             x7, x2, 8            x7=10000d50  x2:10000d48
14813741ns          245607 1c0082be 016002b3 add              x5, x0, x22          x5=10000e30 x22:10000e30
14813761ns          245608 1c0082c0 00af50fb lp.setupi        0x1, 0xa, 0x1e     
14813781ns          245609 1c0082c4 0043a50b p.lw             x10, 4(x7!)         x10=40ad2712  x7=10000d54  x7:10000d50  PA:10000d50
14813821ns          245611 1c0082c8 90a6f343 fmadd.s          f6, f13, f10, f18    f6=xxxxxxxx f13:bd3e6ccf f10:40ad2712 f18:00000000
14813841ns          245612 1c0082cc 0243ae03 lw               x28, 36(x7)         x28=40bdddab  x7:10000d54  PA:10000d78
14813861ns          245613 1c0082d0 90aff8c3 fmadd.s          f17, f31, f10, f18  f17=xxxxxxxx f31:3f479ac9 f10:40ad2712 f18:00000000
14813880ns          245614 1c0082d4 90af7c43 fmadd.s          f24, f30, f10, f18  f24=xxxxxxxx f30:3f1fd9dd f10:40ad2712 f18:00000000
14813900ns          245615 1c0082d8 31c87343 fmadd.s          f6, f16, f28, f6     f6=xxxxxxxx f16:3f653e73 f28:40bdddab  f6:be80cc98
14813920ns          245616 1c0082dc 04c3a503 lw               x10, 76(x7)         x10=403eb8ec  x7:10000d54  PA:10000da0
14813940ns          245617 1c0082e0 89c778c3 fmadd.s          f17, f14, f28, f17  f17=xxxxxxxx f14:be7a56e6 f28:40bdddab f17:40870210
14813960ns          245618 1c0082e4 c1cefe43 fmadd.s          f28, f29, f28, f24  f28=xxxxxxxx f29:3ebe6f50 f28:40bdddab f24:40583d40
14813980ns          245619 1c0082e8 30a5f343 fmadd.s          f6, f11, f10, f6     f6=xxxxxxxx f11:3ee2a431 f10:403eb8ec  f6:40a1f8d1
14814000ns          245620 1c0082ec 88a678c3 fmadd.s          f17, f12, f10, f17  f17=xxxxxxxx f12:3f13921d f10:403eb8ec f17:40312eaa
14814020ns          245621 1c0082f0 e0a7f543 fmadd.s          f10, f15, f10, f28  f10=xxxxxxxx f15:bf2fd549 f10:403eb8ec f28:40b2bd2a
14814040ns          245622 1c0082f4 0062a22b p.sw             x6, 4(x5!)           x5=10000e34  x6:40cc2f36  x5:10000e30  PA:10000e30
14814059ns          245623 1c0082f8 0912ae23 sw               x17, 156(x5)        x17:408f8fda  x5:10000e34  PA:10000ed0
14814079ns          245624 1c0082fc 12a2ae23 sw               x10, 316(x5)        x10:40627b04  x5:10000e34  PA:10000f70
14814099ns          245625 1c0082c4 0043a50b p.lw             x10, 4(x7!)         x10=409744ed  x7=10000d58  x7:10000d54  PA:10000d54
14814139ns          245627 1c0082c8 90a6f343 fmadd.s          f6, f13, f10, f18    f6=xxxxxxxx f13:bd3e6ccf f10:409744ed f18:00000000
14814159ns          245628 1c0082cc 0243ae03 lw               x28, 36(x7)         x28=3f92e281  x7:10000d58  PA:10000d7c
14814179ns          245629 1c0082d0 90aff8c3 fmadd.s          f17, f31, f10, f18  f17=xxxxxxxx f31:3f479ac9 f10:409744ed f18:00000000
14814199ns          245630 1c0082d4 90af7c43 fmadd.s          f24, f30, f10, f18  f24=xxxxxxxx f30:3f1fd9dd f10:409744ed f18:00000000
14814219ns          245631 1c0082d8 31c87343 fmadd.s          f6, f16, f28, f6     f6=xxxxxxxx f16:3f653e73 f28:3f92e281  f6:be610ae7
14814238ns          245632 1c0082dc 04c3a503 lw               x10, 76(x7)         x10=409144de  x7:10000d58  PA:10000da4
14814258ns          245633 1c0082e0 89c778c3 fmadd.s          f17, f14, f28, f17  f17=xxxxxxxx f14:be7a56e6 f28:3f92e281 f17:406be415
14814278ns          245634 1c0082e4 c1cefe43 fmadd.s          f28, f29, f28, f24  f28=xxxxxxxx f29:3ebe6f50 f28:3f92e281 f24:403ce916
14814298ns          245635 1c0082e8 30a5f343 fmadd.s          f6, f11, f10, f6     f6=xxxxxxxx f11:3ee2a431 f10:409144de  f6:3f4ece2b
14814318ns          245636 1c0082ec 88a678c3 fmadd.s          f17, f12, f10, f17  f17=xxxxxxxx f12:3f13921d f10:409144de f17:4059efb3
14814338ns          245637 1c0082f0 e0a7f543 fmadd.s          f10, f15, f10, f28  f10=xxxxxxxx f15:bf2fd549 f10:409144de f28:40583a14
14814358ns          245638 1c0082f4 0062a22b p.sw             x6, 4(x5!)           x5=10000e38  x6:40344f83  x5:10000e34  PA:10000e34
14814378ns          245639 1c0082f8 0912ae23 sw               x17, 156(x5)        x17:40c0b54f  x5:10000e38  PA:10000ed4
14814398ns          245640 1c0082fc 12a2ae23 sw               x10, 316(x5)        x10:3e855ee8  x5:10000e38  PA:10000f74
14814417ns          245641 1c0082c4 0043a50b p.lw             x10, 4(x7!)         x10=4104a138  x7=10000d5c  x7:10000d58  PA:10000d58
14814457ns          245643 1c0082c8 90a6f343 fmadd.s          f6, f13, f10, f18    f6=xxxxxxxx f13:bd3e6ccf f10:4104a138 f18:00000000
14814477ns          245644 1c0082cc 0243ae03 lw               x28, 36(x7)         x28=3f53cbcd  x7:10000d5c  PA:10000d80
14814497ns          245645 1c0082d0 90aff8c3 fmadd.s          f17, f31, f10, f18  f17=xxxxxxxx f31:3f479ac9 f10:4104a138 f18:00000000
14814517ns          245646 1c0082d4 90af7c43 fmadd.s          f24, f30, f10, f18  f24=xxxxxxxx f30:3f1fd9dd f10:4104a138 f18:00000000
14814537ns          245647 1c0082d8 31c87343 fmadd.s          f6, f16, f28, f6     f6=xxxxxxxx f16:3f653e73 f28:3f53cbcd  f6:bec5500e
14814557ns          245648 1c0082dc 04c3a503 lw               x10, 76(x7)         x10=40db8024  x7:10000d5c  PA:10000da8
14814577ns          245649 1c0082e0 89c778c3 fmadd.s          f17, f14, f28, f17  f17=xxxxxxxx f14:be7a56e6 f28:3f53cbcd f17:40ced307
14814596ns          245650 1c0082e4 c1cefe43 fmadd.s          f28, f29, f28, f24  f28=xxxxxxxx f29:3ebe6f50 f28:3f53cbcd f24:40a5a202
14814616ns          245651 1c0082e8 30a5f343 fmadd.s          f6, f11, f10, f6     f6=xxxxxxxx f11:3ee2a431 f10:40db8024  f6:3eb601e4
14814636ns          245652 1c0082ec 88a678c3 fmadd.s          f17, f12, f10, f17  f17=xxxxxxxx f12:3f13921d f10:40db8024 f17:40c85a20
14814656ns          245653 1c0082f0 e0a7f543 fmadd.s          f10, f15, f10, f28  f10=xxxxxxxx f15:bf2fd549 f10:40db8024 f28:40af7ad8
14814676ns          245654 1c0082f4 0062a22b p.sw             x6, 4(x5!)           x5=10000e3c  x6:40591424  x5:10000e38  PA:10000e38
14814696ns          245655 1c0082f8 0912ae23 sw               x17, 156(x5)        x17:412370fe  x5:10000e3c  PA:10000ed8
14814716ns          245656 1c0082fc 12a2ae23 sw               x10, 316(x5)        x10:3f45baf9  x5:10000e3c  PA:10000f78
14814736ns          245657 1c0082c4 0043a50b p.lw             x10, 4(x7!)         x10=410d8a17  x7=10000d60  x7:10000d5c  PA:10000d5c
14814776ns          245659 1c0082c8 90a6f343 fmadd.s          f6, f13, f10, f18    f6=xxxxxxxx f13:bd3e6ccf f10:410d8a17 f18:00000000
14814795ns          245660 1c0082cc 0243ae03 lw               x28, 36(x7)         x28=408261b9  x7:10000d60  PA:10000d84
14814815ns          245661 1c0082d0 90aff8c3 fmadd.s          f17, f31, f10, f18  f17=xxxxxxxx f31:3f479ac9 f10:410d8a17 f18:00000000
14814835ns          245662 1c0082d4 90af7c43 fmadd.s          f24, f30, f10, f18  f24=xxxxxxxx f30:3f1fd9dd f10:410d8a17 f18:00000000
14814855ns          245663 1c0082d8 31c87343 fmadd.s          f6, f16, f28, f6     f6=xxxxxxxx f16:3f653e73 f28:408261b9  f6:bed2914c
14814875ns          245664 1c0082dc 04c3a503 lw               x10, 76(x7)         x10=3eb71a00  x7:10000d60  PA:10000dac
14814895ns          245665 1c0082e0 89c778c3 fmadd.s          f17, f14, f28, f17  f17=xxxxxxxx f14:be7a56e6 f28:408261b9 f17:40dcb7d8
14814915ns          245666 1c0082e4 c1cefe43 fmadd.s          f28, f29, f28, f24  f28=xxxxxxxx f29:3ebe6f50 f28:408261b9 f24:40b0c271
14814935ns          245667 1c0082e8 30a5f343 fmadd.s          f6, f11, f10, f6     f6=xxxxxxxx f11:3ee2a431 f10:3eb71a00  f6:404f3048
14814955ns          245668 1c0082ec 88a678c3 fmadd.s          f17, f12, f10, f17  f17=xxxxxxxx f12:3f13921d f10:3eb71a00 f17:40bcd7ec
14814974ns          245669 1c0082f0 e0a7f543 fmadd.s          f10, f15, f10, f28  f10=xxxxxxxx f15:bf2fd549 f10:3eb71a00 f28:40e1410d
14814994ns          245670 1c0082f4 0062a22b p.sw             x6, 4(x5!)           x5=10000e40  x6:405951ee  x5:10000e3c  PA:10000e3c
14815014ns          245671 1c0082f8 0912ae23 sw               x17, 156(x5)        x17:40c370b3  x5:10000e40  PA:10000edc
14815034ns          245672 1c0082fc 12a2ae23 sw               x10, 316(x5)        x10:40d964d8  x5:10000e40  PA:10000f7c
14815054ns          245673 1c0082c4 0043a50b p.lw             x10, 4(x7!)         x10=3e968b5a  x7=10000d64  x7:10000d60  PA:10000d60
14815094ns          245675 1c0082c8 90a6f343 fmadd.s          f6, f13, f10, f18    f6=xxxxxxxx f13:bd3e6ccf f10:3e968b5a f18:00000000
14815114ns          245676 1c0082cc 0243ae03 lw               x28, 36(x7)         x28=402311ce  x7:10000d64  PA:10000d88
14815153ns          245678 1c0082d0 90aff8c3 fmadd.s          f17, f31, f10, f18  f17=xxxxxxxx f31:3f479ac9 f10:3e968b5a f18:00000000
14815173ns          245679 1c0082d4 90af7c43 fmadd.s          f24, f30, f10, f18  f24=xxxxxxxx f30:3f1fd9dd f10:3e968b5a f18:00000000
14815193ns          245680 1c0082d8 31c87343 fmadd.s          f6, f16, f28, f6     f6=xxxxxxxx f16:3f653e73 f28:402311ce  f6:bc5ff6d3
14815213ns          245681 1c0082dc 04c3a503 lw               x10, 76(x7)         x10=40d7129d  x7:10000d64  PA:10000db0
14815233ns          245682 1c0082e0 89c778c3 fmadd.s          f17, f14, f28, f17  f17=xxxxxxxx f14:be7a56e6 f28:402311ce f17:3e6ac2b2
14815253ns          245683 1c0082e4 c1cefe43 fmadd.s          f28, f29, f28, f24  f28=xxxxxxxx f29:3ebe6f50 f28:402311ce f24:3e3c0156
14815273ns          245684 1c0082e8 30a5f343 fmadd.s          f6, f11, f10, f6     f6=xxxxxxxx f11:3ee2a431 f10:40d7129d  f6:401126be
14815293ns          245685 1c0082ec 88a678c3 fmadd.s          f17, f12, f10, f17  f17=xxxxxxxx f12:3f13921d f10:40d7129d f17:bec98c22
14815313ns          245686 1c0082f0 e0a7f543 fmadd.s          f10, f15, f10, f28  f10=xxxxxxxx f15:bf2fd549 f10:40d7129d f28:3f90ce49
14815332ns          245687 1c0082f4 0062a22b p.sw             x6, 4(x5!)           x5=10000e44  x6:40a7c78f  x5:10000e40  PA:10000e40
14815352ns          245688 1c0082f8 0912ae23 sw               x17, 156(x5)        x17:405ec35e  x5:10000e44  PA:10000ee0
14815372ns          245689 1c0082fc 12a2ae23 sw               x10, 316(x5)        x10:c05f0aae  x5:10000e44  PA:10000f80
14815392ns          245690 1c0082c4 0043a50b p.lw             x10, 4(x7!)         x10=4037bc6f  x7=10000d68  x7:10000d64  PA:10000d64
14815432ns          245692 1c0082c8 90a6f343 fmadd.s          f6, f13, f10, f18    f6=xxxxxxxx f13:bd3e6ccf f10:4037bc6f f18:00000000
14815452ns          245693 1c0082cc 0243ae03 lw               x28, 36(x7)         x28=40f045ed  x7:10000d68  PA:10000d8c
14815472ns          245694 1c0082d0 90aff8c3 fmadd.s          f17, f31, f10, f18  f17=xxxxxxxx f31:3f479ac9 f10:4037bc6f f18:00000000
14815492ns          245695 1c0082d4 90af7c43 fmadd.s          f24, f30, f10, f18  f24=xxxxxxxx f30:3f1fd9dd f10:4037bc6f f18:00000000
14815511ns          245696 1c0082d8 31c87343 fmadd.s          f6, f16, f28, f6     f6=xxxxxxxx f16:3f653e73 f28:40f045ed  f6:be08abf2
14815531ns          245697 1c0082dc 04c3a503 lw               x10, 76(x7)         x10=40ea581d  x7:10000d68  PA:10000db4
14815551ns          245698 1c0082e0 89c778c3 fmadd.s          f17, f14, f28, f17  f17=xxxxxxxx f14:be7a56e6 f28:40f045ed f17:400f4292
14815571ns          245699 1c0082e4 c1cefe43 fmadd.s          f28, f29, f28, f24  f28=xxxxxxxx f29:3ebe6f50 f28:40f045ed f24:3fe574cd
14815591ns          245700 1c0082e8 30a5f343 fmadd.s          f6, f11, f10, f6     f6=xxxxxxxx f11:3ee2a431 f10:40ea581d  f6:40d2e3ca
14815611ns          245701 1c0082ec 88a678c3 fmadd.s          f17, f12, f10, f17  f17=xxxxxxxx f12:3f13921d f10:40ea581d f17:3ece3d2d
14815631ns          245702 1c0082f0 e0a7f543 fmadd.s          f10, f15, f10, f28  f10=xxxxxxxx f15:bf2fd549 f10:40ea581d f28:4092bb63
14815651ns          245703 1c0082f4 0062a22b p.sw             x6, 4(x5!)           x5=10000e48  x6:411d4feb  x5:10000e44  PA:10000e44
14815671ns          245704 1c0082f8 0912ae23 sw               x17, 156(x5)        x17:4093fa2c  x5:10000e48  PA:10000ee4
14815690ns          245705 1c0082fc 12a2ae23 sw               x10, 316(x5)        x10:bee3a16f  x5:10000e48  PA:10000f84
14815710ns          245706 1c0082c4 0043a50b p.lw             x10, 4(x7!)         x10=3f471553  x7=10000d6c  x7:10000d68  PA:10000d68
14815750ns          245708 1c0082c8 90a6f343 fmadd.s          f6, f13, f10, f18    f6=xxxxxxxx f13:bd3e6ccf f10:3f471553 f18:00000000
14815770ns          245709 1c0082cc 0243ae03 lw               x28, 36(x7)         x28=411d9d00  x7:10000d6c  PA:10000d90
14815810ns          245711 1c0082d0 90aff8c3 fmadd.s          f17, f31, f10, f18  f17=xxxxxxxx f31:3f479ac9 f10:3f471553 f18:00000000
14815830ns          245712 1c0082d4 90af7c43 fmadd.s          f24, f30, f10, f18  f24=xxxxxxxx f30:3f1fd9dd f10:3f471553 f18:00000000
14815850ns          245713 1c0082d8 31c87343 fmadd.s          f6, f16, f28, f6     f6=xxxxxxxx f16:3f653e73 f28:411d9d00  f6:bd141672
14815869ns          245714 1c0082dc 04c3a503 lw               x10, 76(x7)         x10=3f91d9a5  x7:10000d6c  PA:10000db8
14815889ns          245715 1c0082e0 89c778c3 fmadd.s          f17, f14, f28, f17  f17=xxxxxxxx f14:be7a56e6 f28:411d9d00 f17:3f1b39f3
14815909ns          245716 1c0082e4 c1cefe43 fmadd.s          f28, f29, f28, f24  f28=xxxxxxxx f29:3ebe6f50 f28:411d9d00 f24:3ef89f57
14815929ns          245717 1c0082e8 30a5f343 fmadd.s          f6, f11, f10, f6     f6=xxxxxxxx f11:3ee2a431 f10:3f91d9a5  f6:410c8fcd
14815949ns          245718 1c0082ec 88a678c3 fmadd.s          f17, f12, f10, f17  f17=xxxxxxxx f12:3f13921d f10:3f91d9a5 f17:bfe6a4ab
14815969ns          245719 1c0082f0 e0a7f543 fmadd.s          f10, f15, f10, f28  f10=xxxxxxxx f15:bf2fd549 f10:3f91d9a5 f28:4084c904
14815989ns          245720 1c0082f4 0062a22b p.sw             x6, 4(x5!)           x5=10000e4c  x6:4114a1c8  x5:10000e48  PA:10000e48
14816009ns          245721 1c0082f8 0912ae23 sw               x17, 156(x5)        x17:bf929173  x5:10000e4c  PA:10000ee8
14816029ns          245722 1c0082fc 12a2ae23 sw               x10, 316(x5)        x10:40577b62  x5:10000e4c  PA:10000f88
14816049ns          245723 1c0082c4 0043a50b p.lw             x10, 4(x7!)         x10=411e225a  x7=10000d70  x7:10000d6c  PA:10000d6c
14816088ns          245725 1c0082c8 90a6f343 fmadd.s          f6, f13, f10, f18    f6=xxxxxxxx f13:bd3e6ccf f10:411e225a f18:00000000
14816108ns          245726 1c0082cc 0243ae03 lw               x28, 36(x7)         x28=402c57b1  x7:10000d70  PA:10000d94
14816128ns          245727 1c0082d0 90aff8c3 fmadd.s          f17, f31, f10, f18  f17=xxxxxxxx f31:3f479ac9 f10:411e225a f18:00000000
14816148ns          245728 1c0082d4 90af7c43 fmadd.s          f24, f30, f10, f18  f24=xxxxxxxx f30:3f1fd9dd f10:411e225a f18:00000000
14816168ns          245729 1c0082d8 31c87343 fmadd.s          f6, f16, f28, f6     f6=xxxxxxxx f16:3f653e73 f28:402c57b1  f6:beeb416a
14816188ns          245730 1c0082dc 04c3a503 lw               x10, 76(x7)         x10=4085ed85  x7:10000d70  PA:10000dbc
14816208ns          245731 1c0082e0 89c778c3 fmadd.s          f17, f14, f28, f17  f17=xxxxxxxx f14:be7a56e6 f28:402c57b1 f17:40f698a2
14816228ns          245732 1c0082e4 c1cefe43 fmadd.s          f28, f29, f28, f24  f28=xxxxxxxx f29:3ebe6f50 f28:402c57b1 f24:40c57bd3
14816247ns          245733 1c0082e8 30a5f343 fmadd.s          f6, f11, f10, f6     f6=xxxxxxxx f11:3ee2a431 f10:4085ed85  f6:3ff9d89d
14816267ns          245734 1c0082ec 88a678c3 fmadd.s          f17, f12, f10, f17  f17=xxxxxxxx f12:3f13921d f10:4085ed85 f17:40e1879e
14816287ns          245735 1c0082f0 e0a7f543 fmadd.s          f10, f15, f10, f28  f10=xxxxxxxx f15:bf2fd549 f10:4085ed85 f28:40e588d4
14816307ns          245736 1c0082f4 0062a22b p.sw             x6, 4(x5!)           x5=10000e50  x6:40737de4  x5:10000e4c  PA:10000e4c
14816327ns          245737 1c0082f8 0912ae23 sw               x17, 156(x5)        x17:41175db9  x5:10000e50  PA:10000eec
14816347ns          245738 1c0082fc 12a2ae23 sw               x10, 316(x5)        x10:40898be1  x5:10000e50  PA:10000f8c
14816367ns          245739 1c0082c4 0043a50b p.lw             x10, 4(x7!)         x10=405a9ffe  x7=10000d74  x7:10000d70  PA:10000d70
14816407ns          245741 1c0082c8 90a6f343 fmadd.s          f6, f13, f10, f18    f6=xxxxxxxx f13:bd3e6ccf f10:405a9ffe f18:00000000
14816426ns          245742 1c0082cc 0243ae03 lw               x28, 36(x7)         x28=4082ed10  x7:10000d74  PA:10000d98
14816446ns          245743 1c0082d0 90aff8c3 fmadd.s          f17, f31, f10, f18  f17=xxxxxxxx f31:3f479ac9 f10:405a9ffe f18:00000000
14816466ns          245744 1c0082d4 90af7c43 fmadd.s          f24, f30, f10, f18  f24=xxxxxxxx f30:3f1fd9dd f10:405a9ffe f18:00000000
14816486ns          245745 1c0082d8 31c87343 fmadd.s          f6, f16, f28, f6     f6=xxxxxxxx f16:3f653e73 f28:4082ed10  f6:be229fab
14816506ns          245746 1c0082dc 04c3a503 lw               x10, 76(x7)         x10=40d9e502  x7:10000d74  PA:10000dc0
14816526ns          245747 1c0082e0 89c778c3 fmadd.s          f17, f14, f28, f17  f17=xxxxxxxx f14:be7a56e6 f28:4082ed10 f17:402a768e
14816546ns          245748 1c0082e4 c1cefe43 fmadd.s          f28, f29, f28, f24  f28=xxxxxxxx f29:3ebe6f50 f28:4082ed10 f24:4008836d
14816566ns          245749 1c0082e8 30a5f343 fmadd.s          f6, f11, f10, f6     f6=xxxxxxxx f11:3ee2a431 f10:40d9e502  f6:40605204
14816586ns          245750 1c0082ec 88a678c3 fmadd.s          f17, f12, f10, f17  f17=xxxxxxxx f12:3f13921d f10:40d9e502 f17:3fd4e529
14816605ns          245751 1c0082f0 e0a7f543 fmadd.s          f10, f15, f10, f28  f10=xxxxxxxx f15:bf2fd549 f10:40d9e502 f28:4069e84d
14816625ns          245752 1c0082f4 0062a22b p.sw             x6, 4(x5!)           x5=10000e54  x6:40d09cf8  x5:10000e50  PA:10000e50
14816645ns          245753 1c0082f8 0912ae23 sw               x17, 156(x5)        x17:40b2d428  x5:10000e54  PA:10000ef0
14816665ns          245754 1c0082fc 12a2ae23 sw               x10, 316(x5)        x10:bf82d3be  x5:10000e54  PA:10000f90
14816685ns          245755 1c0082c4 0043a50b p.lw             x10, 4(x7!)         x10=3fc47c03  x7=10000d78  x7:10000d74  PA:10000d74
14816725ns          245757 1c0082c8 90a6f343 fmadd.s          f6, f13, f10, f18    f6=xxxxxxxx f13:bd3e6ccf f10:3fc47c03 f18:00000000
14816745ns          245758 1c0082cc 0243ae03 lw               x28, 36(x7)         x28=400cba99  x7:10000d78  PA:10000d9c
14816765ns          245759 1c0082d0 90aff8c3 fmadd.s          f17, f31, f10, f18  f17=xxxxxxxx f31:3f479ac9 f10:3fc47c03 f18:00000000
14816784ns          245760 1c0082d4 90af7c43 fmadd.s          f24, f30, f10, f18  f24=xxxxxxxx f30:3f1fd9dd f10:3fc47c03 f18:00000000
14816804ns          245761 1c0082d8 31c87343 fmadd.s          f6, f16, f28, f6     f6=xxxxxxxx f16:3f653e73 f28:400cba99  f6:bd92278d
14816824ns          245762 1c0082dc 04c3a503 lw               x10, 76(x7)         x10=408fd524  x7:10000d78  PA:10000dc4
14816844ns          245763 1c0082e0 89c778c3 fmadd.s          f17, f14, f28, f17  f17=xxxxxxxx f14:be7a56e6 f28:400cba99 f17:3f993333
14816864ns          245764 1c0082e4 c1cefe43 fmadd.s          f28, f29, f28, f24  f28=xxxxxxxx f29:3ebe6f50 f28:400cba99 f24:3f756079
14816884ns          245765 1c0082e8 30a5f343 fmadd.s          f6, f11, f10, f6     f6=xxxxxxxx f11:3ee2a431 f10:408fd524  f6:3ff2e806
14816904ns          245766 1c0082ec 88a678c3 fmadd.s          f17, f12, f10, f17  f17=xxxxxxxx f12:3f13921d f10:408fd524 f17:3f28c867
14816924ns          245767 1c0082f0 e0a7f543 fmadd.s          f10, f15, f10, f28  f10=xxxxxxxx f15:bf2fd549 f10:408fd524 f28:3fe35feb
14816944ns          245768 1c0082f4 0062a22b p.sw             x6, 4(x5!)           x5=10000e58  x6:4078ca6d  x5:10000e54  PA:10000e54
14816963ns          245769 1c0082f8 0912ae23 sw               x17, 156(x5)        x17:40500511  x5:10000e58  PA:10000ef4
14816983ns          245770 1c0082fc 12a2ae23 sw               x10, 316(x5)        x10:bfa7ca39  x5:10000e58  PA:10000f94
14817003ns          245771 1c008300 02848493 addi             x9, x9, 40           x9=1c010230  x9:1c010208
14817023ns          245772 1c008304 028b0b13 addi             x22, x22, 40        x22=10000e58 x22:10000e30
14817043ns          245773 1c008308 e75a18e3 bne              x20, x21, -400      x20:1c0107d0 x21:1c0107c8
14817182ns          245780 1c008178 004aa70b p.lw             x14, 4(x21!)        x14=3eb0982d x21=1c0107cc x21:1c0107c8  PA:1c0107c8
14817501ns          245796 1c00817c 00caa683 lw               x13, 12(x21)        x13=3f3aeb80 x21:1c0107cc  PA:1c0107d8
14817799ns          245811 1c008180 01caa783 lw               x15, 28(x21)        x15=3f16ff9e x21:1c0107cc  PA:1c0107e8
14818097ns          245826 1c008184 10d6f6d3 fmul.s           f13, f13, f13       f13=xxxxxxxx f13:3f3aeb80 f13:3f3aeb80
14818117ns          245827 1c008188 02caa503 lw               x10, 44(x21)        x10=3fb50637 x21:1c0107cc  PA:1c0107f8
14818416ns          245842 1c00818c 68e77743 fmadd.s          f14, f14, f14, f13  f14=xxxxxxxx f14:3eb0982d f14:3eb0982d f13:3f087b0f
14818435ns          245843 1c008190 70f7f7c3 fmadd.s          f15, f15, f15, f14  f15=xxxxxxxx f15:3f16ff9e f15:3f16ff9e f14:3f26ef75
14818455ns          245844 1c008194 5807f7d3 fsqrt.s          f15, f15            f15=xxxxxxxx f15:3f800001
14818734ns          245858 1c008198 18fbfd53 fdiv.s           f26, f23, f15       f26=xxxxxxxx f23:3f800000 f15:3f800000
14818754ns          245859 1c00819c 314000ef jal              x1, 788              x1=xxxxxxxx
14818793ns          245861 1c0084b0 a0a527d3 feq.s            x15, f10, f10       x15=00000001 f10:3fb50637 f10:3fb50637
14819032ns          245873 1c0084b4 0a078b63 beq              x15, x0, 182        x15:00000001
14819052ns          245874 1c0084b6 e00517d3 fclass.s         x15, f10            x15=00000040 f10:3fb50637
14819072ns          245875 1c0084ba 0817f793 andi             x15, x15, 129       x15=00000000 x15:00000040
14819092ns          245876 1c0084be 0a079663 bne              x15, x0, 172        x15:00000000
14819112ns          245877 1c0084c0 00000793 addi             x15, x0, 0          x15=00000000
14819132ns          245878 1c0084c4 a0f517d3 flt.s            x15, f10, f15       x15=00000000 f10:3fb50637 f15:00000000
14819151ns          245879 1c0084c8 0a079663 bne              x15, x0, 172        x15:00000000
14819171ns          245880 1c0084ca 1c000737 lui              x14, 0x1c000000     x14=1c000000
14819211ns          245882 1c0084ce 0ec72783 lw               x15, 236(x14)       x15=40c90fdb x14:1c000000  PA:1c0000ec
14819549ns          245899 1c0084d2 a0a797d3 flt.s            x15, f15, f10       x15=00000000 f15:40c90fdb f10:3fb50637
14819569ns          245900 1c0084d6 00078b63 beq              x15, x0, 22         x15:00000000
14819689ns          245906 1c0084ec 00000793 addi             x15, x0, 0          x15=00000000
14819748ns          245909 1c0084f0 a0f517d3 flt.s            x15, f10, f15       x15=00000000 f10:3fb50637 f15:00000000
14819788ns          245911 1c0084f4 08079a63 bne              x15, x0, 148        x15:00000000
14819808ns          245912 1c0084f6 1c0007b7 lui              x15, 0x1c000000     x15=1c000000
14819828ns          245913 1c0084fa 0b87a783 lw               x15, 184(x15)       x15=3fc90fdb x15:1c000000  PA:1c0000b8
14820146ns          245929 1c0084fe a0f517d3 flt.s            x15, f10, f15       x15=00000001 f10:3fb50637 f15:3fc90fdb
14820166ns          245930 1c008502 02079563 bne              x15, x0, 42         x15:00000001
14820226ns          245933 1c00852c 10a57553 fmul.s           f10, f10, f10       f10=xxxxxxxx f10:3fb50637 f10:3fb50637
14820245ns          245934 1c008530 1c0007b7 lui              x15, 0x1c000000     x15=1c000000
14820265ns          245935 1c008534 1c000737 lui              x14, 0x1c000000     x14=1c000000
14820285ns          245936 1c008538 0f472703 lw               x14, 244(x14)       x14=bab59551 x14:1c000000  PA:1c0000f4
14820584ns          245951 1c00853c 0f07a783 lw               x15, 240(x15)       x15=37c23ab1 x15:1c000000  PA:1c0000f0
14820902ns          245967 1c008540 70f577c3 fmadd.s          f15, f10, f15, f14  f15=xxxxxxxx f10:400001ca f15:37c23ab1 f14:bab59551
14820922ns          245968 1c008544 1c000737 lui              x14, 0x1c000000     x14=1c000000
14820942ns          245969 1c008548 0f872703 lw               x14, 248(x14)       x14=3d2aa76f x14:1c000000  PA:1c0000f8
14821260ns          245985 1c00854c 70f577c3 fmadd.s          f15, f10, f15, f14  f15=xxxxxxxx f10:400001ca f15:baaf8366 f14:3d2aa76f
14821280ns          245986 1c008550 1c000737 lui              x14, 0x1c000000     x14=1c000000
14821300ns          245987 1c008554 0fc72703 lw               x14, 252(x14)       x14=beffffe0 x14:1c000000  PA:1c0000fc
14821658ns          246005 1c008558 70f577c3 fmadd.s          f15, f10, f15, f14  f15=xxxxxxxx f10:400001ca f15:3d1faf11 f14:beffffe0
14821678ns          246006 1c00855c 1c000737 lui              x14, 0x1c000000     x14=1c000000
14821697ns          246007 1c008560 12472703 lw               x14, 292(x14)       x14=3f7fffff x14:1c000000  PA:1c000124
14822056ns          246025 1c008564 70f57543 fmadd.s          f10, f10, f15, f14  f10=xxxxxxxx f10:400001ca f15:bed8138d f14:3f7fffff
14822075ns          246026 1c008568 00008067 jalr             x0, x1, 0            x1:1c00819e
14822115ns          246028 1c00819e 00a00433 add              x8, x0, x10          x8=3e1fa5b3 x10:3e1fa5b3
14822135ns          246029 1c0081a0 02caa503 lw               x10, 44(x21)        x10=3fb50637 x21:1c0107cc  PA:1c0107f8
14822453ns          246045 1c0081a4 08a9f553 fsub.s           f10, f19, f10       f10=xxxxxxxx f19:3fc90fdb f10:3fb50637
14822473ns          246046 1c0081a8 308000ef jal              x1, 776              x1=1c0081aa
14822553ns          246050 1c0084b0 a0a527d3 feq.s            x15, f10, f10       x15=00000001 f10:3e204d20 f10:3e204d20
14822593ns          246052 1c0084b4 0a078b63 beq              x15, x0, 182        x15:00000001
14822612ns          246053 1c0084b6 e00517d3 fclass.s         x15, f10            x15=00000040 f10:3e204d20
14822632ns          246054 1c0084ba 0817f793 andi             x15, x15, 129       x15=00000000 x15:00000040
14822652ns          246055 1c0084be 0a079663 bne              x15, x0, 172        x15:00000000
14822672ns          246056 1c0084c0 00000793 addi             x15, x0, 0          x15=00000000
14822692ns          246057 1c0084c4 a0f517d3 flt.s            x15, f10, f15       x15=00000000 f10:3e204d20 f15:00000000
14822712ns          246058 1c0084c8 0a079663 bne              x15, x0, 172        x15:00000000
14822732ns          246059 1c0084ca 1c000737 lui              x14, 0x1c000000     x14=1c000000
14822752ns          246060 1c0084ce 0ec72783 lw               x15, 236(x14)       x15=40c90fdb x14:1c000000  PA:1c0000ec
14823070ns          246076 1c0084d2 a0a797d3 flt.s            x15, f15, f10       x15=00000000 f15:40c90fdb f10:3e204d20
14823090ns          246077 1c0084d6 00078b63 beq              x15, x0, 22         x15:00000000
14823150ns          246080 1c0084ec 00000793 addi             x15, x0, 0          x15=00000000
14823169ns          246081 1c0084f0 a0f517d3 flt.s            x15, f10, f15       x15=00000000 f10:3e204d20 f15:00000000
14823189ns          246082 1c0084f4 08079a63 bne              x15, x0, 148        x15:00000000
14823209ns          246083 1c0084f6 1c0007b7 lui              x15, 0x1c000000     x15=1c000000
14823229ns          246084 1c0084fa 0b87a783 lw               x15, 184(x15)       x15=3fc90fdb x15:1c000000  PA:1c0000b8
14823567ns          246101 1c0084fe a0f517d3 flt.s            x15, f10, f15       x15=00000001 f10:3e204d20 f15:3fc90fdb
14823587ns          246102 1c008502 02079563 bne              x15, x0, 42         x15:00000001
14823647ns          246105 1c00852c 10a57553 fmul.s           f10, f10, f10       f10=xxxxxxxx f10:3e204d20 f10:3e204d20
14823706ns          246108 1c008530 1c0007b7 lui              x15, 0x1c000000     x15=1c000000
14823746ns          246110 1c008534 1c000737 lui              x14, 0x1c000000     x14=1c000000
14823766ns          246111 1c008538 0f472703 lw               x14, 244(x14)       x14=bab59551 x14:1c000000  PA:1c0000f4
14824064ns          246126 1c00853c 0f07a783 lw               x15, 240(x15)       x15=37c23ab1 x15:1c000000  PA:1c0000f0
14824383ns          246142 1c008540 70f577c3 fmadd.s          f15, f10, f15, f14  f15=xxxxxxxx f10:3cc8c0fe f15:37c23ab1 f14:bab59551
14824403ns          246143 1c008544 1c000737 lui              x14, 0x1c000000     x14=1c000000
14824423ns          246144 1c008548 0f872703 lw               x14, 248(x14)       x14=3d2aa76f x14:1c000000  PA:1c0000f8
14824741ns          246160 1c00854c 70f577c3 fmadd.s          f15, f10, f15, f14  f15=xxxxxxxx f10:3cc8c0fe f15:bab58247 f14:3d2aa76f
14824761ns          246161 1c008550 1c000737 lui              x14, 0x1c000000     x14=1c000000
14824781ns          246162 1c008554 0fc72703 lw               x14, 252(x14)       x14=beffffe0 x14:1c000000  PA:1c0000fc
14825099ns          246178 1c008558 70f577c3 fmadd.s          f15, f10, f15, f14  f15=xxxxxxxx f10:3cc8c0fe f15:3d2a83d9 f14:beffffe0
14825119ns          246179 1c00855c 1c000737 lui              x14, 0x1c000000     x14=1c000000
14825139ns          246180 1c008560 12472703 lw               x14, 292(x14)       x14=3f7fffff x14:1c000000  PA:1c000124
14825477ns          246197 1c008564 70f57543 fmadd.s          f10, f10, f15, f14  f10=xxxxxxxx f10:3cc8c0fe f15:beff7a28 f14:3f7fffff
14825497ns          246198 1c008568 00008067 jalr             x0, x1, 0            x1:1c0081aa
14825536ns          246200 1c0081aa 0204a683 lw               x13, 32(x9)         x13=41182a3f  x9:1c010230  PA:1c010250
14825835ns          246215 1c0081ac 0244a703 lw               x14, 36(x9)         x14=401a6670  x9:1c010230  PA:1c010254
14826133ns          246230 1c0081ae 0a04a783 lw               x15, 160(x9)        x15=40fca3c9  x9:1c010230  PA:1c0102d0
14826431ns          246245 1c0081b2 02d12423 sw               x13, 40(x2)         x13:41182a3f  x2:10000d48  PA:10000d70
14826451ns          246246 1c0081b4 02e12623 sw               x14, 44(x2)         x14:401a6670  x2:10000d48  PA:10000d74
14826471ns          246247 1c0081b6 ffcaa683 lw               x13, -4(x21)        x13=3eb0982d x21:1c0107cc  PA:1c0107c8
14826770ns          246262 1c0081ba 00caa703 lw               x14, 12(x21)        x14=3f3aeb80 x21:1c0107cc  PA:1c0107d8
14827068ns          246277 1c0081be 02f12823 sw               x15, 48(x2)         x15:40fca3c9  x2:10000d48  PA:10000d78
14827088ns          246278 1c0081c0 01caa783 lw               x15, 28(x21)        x15=3f16ff9e x21:1c0107cc  PA:1c0107e8
14827406ns          246294 1c0081c4 10dd76d3 fmul.s           f13, f26, f13       f13=xxxxxxxx f26:3f800000 f13:3eb0982d
14827426ns          246295 1c0081c8 10ed7753 fmul.s           f14, f26, f14       f14=xxxxxxxx f26:3f800000 f14:3f3aeb80
14827446ns          246296 1c0081cc 10fd77d3 fmul.s           f15, f26, f15       f15=xxxxxxxx f26:3f800000 f15:3f16ff9e
14827466ns          246297 1c0081d0 0044ae83 lw               x29, 4(x9)          x29=40333e37  x9:1c010230  PA:1c010234
14827784ns          246313 1c0081d4 0084ae03 lw               x28, 8(x9)          x28=40be2882  x9:1c010230  PA:1c010238
14828082ns          246328 1c0081d8 00c4a303 lw               x6, 12(x9)           x6=4019b1bf  x9:1c010230  PA:1c01023c
14828381ns          246343 1c0081dc 0104a883 lw               x17, 16(x9)         x17=4115ed3c  x9:1c010230  PA:1c010240
14828679ns          246358 1c0081e0 0144a803 lw               x16, 20(x9)         x16=3fbee063  x9:1c010230  PA:1c010244
14828978ns          246373 1c0081e4 0184a583 lw               x11, 24(x9)         x11=409ee494  x9:1c010230  PA:1c010248
14829276ns          246388 1c0081e6 01c4a603 lw               x12, 28(x9)         x12=40f37cb6  x9:1c010230  PA:1c01024c
14829594ns          246404 1c0081e8 0004af03 lw               x30, 0(x9)          x30=40e2c972  x9:1c010230  PA:1c010230
14829892ns          246419 1c0081ec 0b84a383 lw               x7, 184(x9)          x7=3fbe5070  x9:1c010230  PA:1c0102e8
14830191ns          246434 1c0081f0 0bc4a283 lw               x5, 188(x9)          x5=40276913  x9:1c010230  PA:1c0102ec
14830489ns          246449 1c0081f4 0c04af83 lw               x31, 192(x9)        x31=4104eb67  x9:1c010230  PA:1c0102f0
14830788ns          246464 1c0081f8 01e12423 sw               x30, 8(x2)          x30:40e2c972  x2:10000d48  PA:10000d50
14830807ns          246465 1c0081fa 01d12623 sw               x29, 12(x2)         x29:40333e37  x2:10000d48  PA:10000d54
14830827ns          246466 1c0081fc 0c44af03 lw               x30, 196(x9)        x30=3f96f4a5  x9:1c010230  PA:1c0102f4
14831126ns          246481 1c008200 01c12823 sw               x28, 16(x2)         x28:40be2882  x2:10000d48  PA:10000d58
14831146ns          246482 1c008202 00612a23 sw               x6, 20(x2)           x6:4019b1bf  x2:10000d48  PA:10000d5c
14831165ns          246483 1c008204 01112c23 sw               x17, 24(x2)         x17:4115ed3c  x2:10000d48  PA:10000d60
14831185ns          246484 1c008206 01012e23 sw               x16, 28(x2)         x16:3fbee063  x2:10000d48  PA:10000d64
14831205ns          246485 1c008208 02b12023 sw               x11, 32(x2)         x11:409ee494  x2:10000d48  PA:10000d68
14831225ns          246486 1c00820a 10f57853 fmul.s           f16, f10, f15       f16=xxxxxxxx f10:3f7cde9f f15:3f16ff9e
14831245ns          246487 1c00820e 10e575d3 fmul.s           f11, f10, f14       f11=xxxxxxxx f10:3f7cde9f f14:3f3aeb80
14831265ns          246488 1c008212 02c12223 sw               x12, 36(x2)         x12:40f37cb6  x2:10000d48  PA:10000d6c
14831285ns          246489 1c008214 0b04ac83 lw               x25, 176(x9)        x25=3f89c4db  x9:1c010230  PA:1c0102e0
14831583ns          246504 1c008218 10d57653 fmul.s           f12, f10, f13       f12=xxxxxxxx f10:3f7cde9f f13:3eb0982d
14831603ns          246505 1c00821c 0b44ac03 lw               x24, 180(x9)        x24=3ffb4849  x9:1c010230  PA:1c0102e4
14831901ns          246520 1c008220 1644ad03 lw               x26, 356(x9)        x26=4020ef40  x9:1c010230  PA:1c010394
14832220ns          246536 1c008224 1404a503 lw               x10, 320(x9)        x10=40636060  x9:1c010230  PA:1c010370
14832518ns          246551 1c008228 0a44ad83 lw               x27, 164(x9)        x27=40aa5095  x9:1c010230  PA:1c0102d4
14832816ns          246566 1c00822c 04a12c23 sw               x10, 88(x2)         x10:40636060  x2:10000d48  PA:10000da0
14832836ns          246567 1c00822e 03b12a23 sw               x27, 52(x2)         x27:40aa5095  x2:10000d48  PA:10000d7c
14832856ns          246568 1c008230 0a84ad83 lw               x27, 168(x9)        x27=40466caa  x9:1c010230  PA:1c0102d8
14833155ns          246583 1c008234 1444a503 lw               x10, 324(x9)        x10=40bc5ad6  x9:1c010230  PA:1c010374
14833453ns          246598 1c008238 03b12c23 sw               x27, 56(x2)         x27:40466caa  x2:10000d48  PA:10000d80
14833473ns          246599 1c00823a 0ac4ad83 lw               x27, 172(x9)        x27=40d3ab17  x9:1c010230  PA:1c0102dc
14833771ns          246614 1c00823e 04a12e23 sw               x10, 92(x2)         x10:40bc5ad6  x2:10000d48  PA:10000da4
14833791ns          246615 1c008240 03b12e23 sw               x27, 60(x2)         x27:40d3ab17  x2:10000d48  PA:10000d84
14833811ns          246616 1c008242 1484ad83 lw               x27, 328(x9)        x27=4090146d  x9:1c010230  PA:1c010378
14834109ns          246631 1c008246 14c4a503 lw               x10, 332(x9)        x10=40e0e1f0  x9:1c010230  PA:1c01037c
14834408ns          246646 1c00824a 07b12023 sw               x27, 96(x2)         x27:4090146d  x2:10000d48  PA:10000da8
14834428ns          246647 1c00824c 1504ad83 lw               x27, 336(x9)        x27=3c8f619c  x9:1c010230  PA:1c010380
14834726ns          246662 1c008250 088bf8d3 fsub.s           f17, f23, f8        f17=xxxxxxxx f23:3f800000  f8:3e1fa5b3
14834746ns          246663 1c008254 10e6fed3 fmul.s           f29, f13, f14       f29=xxxxxxxx f13:3eb0982d f14:3f3aeb80
14834766ns          246664 1c008258 10f6fe53 fmul.s           f28, f13, f15       f28=xxxxxxxx f13:3eb0982d f15:3f16ff9e
14834786ns          246665 1c00825c 10f77353 fmul.s           f6, f14, f15         f6=xxxxxxxx f14:3f3aeb80 f15:3f16ff9e
14834805ns          246666 1c008260 06a12223 sw               x10, 100(x2)        x10:40e0e1f0  x2:10000d48  PA:10000dac
14834825ns          246667 1c008262 07b12423 sw               x27, 104(x2)        x27:3c8f619c  x2:10000d48  PA:10000db0
14834845ns          246668 1c008264 1544a503 lw               x10, 340(x9)        x10=40aa526a  x9:1c010230  PA:1c010384
14835144ns          246683 1c008268 1584ad83 lw               x27, 344(x9)        x27=40acf67f  x9:1c010230  PA:1c010388
14835442ns          246698 1c00826c 10d6f6d3 fmul.s           f13, f13, f13       f13=xxxxxxxx f13:3eb0982d f13:3eb0982d
14835462ns          246699 1c008270 10e77753 fmul.s           f14, f14, f14       f14=xxxxxxxx f14:3f3aeb80 f14:3f3aeb80
14835482ns          246700 1c008274 10f7f7d3 fmul.s           f15, f15, f15       f15=xxxxxxxx f15:3f16ff9e f15:3f16ff9e
14835502ns          246701 1c008278 05f12823 sw               x31, 80(x2)         x31:4104eb67  x2:10000d48  PA:10000d98
14835522ns          246702 1c00827a 05e12a23 sw               x30, 84(x2)         x30:3f96f4a5  x2:10000d48  PA:10000d9c
14835541ns          246703 1c00827c 81d8ffc7 fmsub.s          f31, f17, f29, f16  f31=xxxxxxxx f17:3f581693 f29:3e80f105 f16:3f1526ef
14835561ns          246704 1c008280 06a12623 sw               x10, 108(x2)        x10:40aa526a  x2:10000d48  PA:10000db4
14835581ns          246705 1c008282 07b12823 sw               x27, 112(x2)        x27:40acf67f  x2:10000d48  PA:10000db8
14835601ns          246706 1c008284 15c4a503 lw               x10, 348(x9)        x10=40eda754  x9:1c010230  PA:1c01038c
14835899ns          246721 1c008288 1604ad83 lw               x27, 352(x9)        x27=410e4d13  x9:1c010230  PA:1c010390
14836218ns          246737 1c00828c 59c8ff43 fmadd.s          f30, f17, f28, f11  f30=xxxxxxxx f17:3f581693 f28:3e5052fe f11:3f38a25e
14836238ns          246738 1c008290 81d8f843 fmadd.s          f16, f17, f29, f16  f16=xxxxxxxx f17:3f581693 f29:3e80f105 f16:3f1526ef
14836258ns          246739 1c008294 59c8f5c7 fmsub.s          f11, f17, f28, f11  f11=xxxxxxxx f17:3f581693 f28:3e5052fe f11:3f38a25e
14836277ns          246740 1c008298 6068fec7 fmsub.s          f29, f17, f6, f12   f29=xxxxxxxx f17:3f581693  f6:3edc8142 f12:3eae6f5e
14836297ns          246741 1c00829c 6068f643 fmadd.s          f12, f17, f6, f12   f12=xxxxxxxx f17:3f581693  f6:3edc8142 f12:3eae6f5e
14836317ns          246742 1c0082a0 04712423 sw               x7, 72(x2)           x7:3fbe5070  x2:10000d48  PA:10000d90
14836337ns          246743 1c0082a2 04512623 sw               x5, 76(x2)           x5:40276913  x2:10000d48  PA:10000d94
14836357ns          246744 1c0082a4 4116f6c3 fmadd.s          f13, f13, f17, f8   f13=xxxxxxxx f13:3df3a331 f17:3f581693  f8:3e1fa5b3
14836377ns          246745 1c0082a8 40e8f743 fmadd.s          f14, f17, f14, f8   f14=xxxxxxxx f17:3f581693 f14:3f087b0f  f8:3e1fa5b3
14836397ns          246746 1c0082ac 40f8f7c3 fmadd.s          f15, f17, f15, f8   f15=xxxxxxxx f17:3f581693 f15:3eb22119  f8:3e1fa5b3
14836417ns          246747 1c0082b0 05912023 sw               x25, 64(x2)         x25:3f89c4db  x2:10000d48  PA:10000d88
14836437ns          246748 1c0082b2 05812223 sw               x24, 68(x2)         x24:3ffb4849  x2:10000d48  PA:10000d8c
14836456ns          246749 1c0082b4 06a12a23 sw               x10, 116(x2)        x10:40eda754  x2:10000d48  PA:10000dbc
14836476ns          246750 1c0082b6 07b12c23 sw               x27, 120(x2)        x27:410e4d13  x2:10000d48  PA:10000dc0
14836496ns          246751 1c0082b8 07a12e23 sw               x26, 124(x2)        x26:4020ef40  x2:10000d48  PA:10000dc4
14836516ns          246752 1c0082ba 00810393 addi             x7, x2, 8            x7=10000d50  x2:10000d48
14836536ns          246753 1c0082be 016002b3 add              x5, x0, x22          x5=10000e58 x22:10000e58
14836556ns          246754 1c0082c0 00af50fb lp.setupi        0x1, 0xa, 0x1e     
14836596ns          246756 1c0082c4 0043a50b p.lw             x10, 4(x7!)         x10=40e2c972  x7=10000d54  x7:10000d50  PA:10000d50
14836635ns          246758 1c0082c8 90a6f343 fmadd.s          f6, f13, f10, f18    f6=xxxxxxxx f13:3e833ca5 f10:40e2c972 f18:00000000
14836655ns          246759 1c0082cc 0243ae03 lw               x28, 36(x7)         x28=40fca3c9  x7:10000d54  PA:10000d78
14836675ns          246760 1c0082d0 90aff8c3 fmadd.s          f17, f31, f10, f18  f17=xxxxxxxx f31:bebd7723 f10:40e2c972 f18:00000000
14836695ns          246761 1c0082d4 90af7c43 fmadd.s          f24, f30, f10, f18  f24=xxxxxxxx f30:3f649877 f10:40e2c972 f18:00000000
14836715ns          246762 1c0082d8 31c87343 fmadd.s          f6, f16, f28, f6     f6=xxxxxxxx f16:3f4b924c f28:40fca3c9  f6:3fe8859d
14836735ns          246763 1c0082dc 04c3a503 lw               x10, 76(x7)         x10=40636060  x7:10000d54  PA:10000da0
14836775ns          246765 1c0082e0 89c778c3 fmadd.s          f17, f14, f28, f17  f17=xxxxxxxx f14:3f1b1d4a f28:40fca3c9 f17:c027d844
14836814ns          246767 1c0082e4 c1cefe43 fmadd.s          f28, f29, f28, f24  f28=xxxxxxxx f29:3cbb1237 f28:40fca3c9 f24:40ca827b
14836834ns          246768 1c0082e8 30a5f343 fmadd.s          f6, f11, f10, f6     f6=xxxxxxxx f11:bf0cac45 f10:40636060  f6:410183d4
14836854ns          246769 1c0082ec 88a678c3 fmadd.s          f17, f12, f10, f17  f17=xxxxxxxx f12:3f3447f0 f10:40636060 f17:400a4fe1
14836914ns          246772 1c0082f0 e0a7f543 fmadd.s          f10, f15, f10, f28  f10=xxxxxxxx f15:3ee62e7c f10:40636060 f28:40d04768
14836954ns          246774 1c0082f4 0062a22b p.sw             x6, 4(x5!)           x5=10000e5c  x6:40c48ecd  x5:10000e58  PA:10000e58
14836974ns          246775 1c0082f8 0912ae23 sw               x17, 156(x5)        x17:409537c5  x5:10000e5c  PA:10000ef8
14836993ns          246776 1c0082fc 12a2ae23 sw               x10, 316(x5)        x10:4101b1f0  x5:10000e5c  PA:10000f98
14837013ns          246777 1c0082c4 0043a50b p.lw             x10, 4(x7!)         x10=40333e37  x7=10000d58  x7:10000d54  PA:10000d54
14837053ns          246779 1c0082c8 90a6f343 fmadd.s          f6, f13, f10, f18    f6=xxxxxxxx f13:3e833ca5 f10:40333e37 f18:00000000
14837073ns          246780 1c0082cc 0243ae03 lw               x28, 36(x7)         x28=40aa5095  x7:10000d58  PA:10000d7c
14837093ns          246781 1c0082d0 90aff8c3 fmadd.s          f17, f31, f10, f18  f17=xxxxxxxx f31:bebd7723 f10:40333e37 f18:00000000
14837113ns          246782 1c0082d4 90af7c43 fmadd.s          f24, f30, f10, f18  f24=xxxxxxxx f30:3f649877 f10:40333e37 f18:00000000
14837133ns          246783 1c0082d8 31c87343 fmadd.s          f6, f16, f28, f6     f6=xxxxxxxx f16:3f4b924c f28:40aa5095  f6:3f37c699
14837153ns          246784 1c0082dc 04c3a503 lw               x10, 76(x7)         x10=40bc5ad6  x7:10000d58  PA:10000da4
14837172ns          246785 1c0082e0 89c778c3 fmadd.s          f17, f14, f28, f17  f17=xxxxxxxx f14:3f1b1d4a f28:40aa5095 f17:bf84a859
14837192ns          246786 1c0082e4 c1cefe43 fmadd.s          f28, f29, f28, f24  f28=xxxxxxxx f29:3cbb1237 f28:40aa5095 f24:40200e29
14837212ns          246787 1c0082e8 30a5f343 fmadd.s          f6, f11, f10, f6     f6=xxxxxxxx f11:bf0cac45 f10:40bc5ad6  f6:409e680e
14837232ns          246788 1c0082ec 88a678c3 fmadd.s          f17, f12, f10, f17  f17=xxxxxxxx f12:3f3447f0 f10:40bc5ad6 f17:400c1061
14837252ns          246789 1c0082f0 e0a7f543 fmadd.s          f10, f15, f10, f28  f10=xxxxxxxx f15:3ee62e7c f10:40bc5ad6 f28:4027d579
14837272ns          246790 1c0082f4 0062a22b p.sw             x6, 4(x5!)           x5=10000e60  x6:3fdb9e85  x5:10000e5c  PA:10000e5c
14837292ns          246791 1c0082f8 0912ae23 sw               x17, 156(x5)        x17:40caacfd  x5:10000e60  PA:10000efc
14837312ns          246792 1c0082fc 12a2ae23 sw               x10, 316(x5)        x10:40a898a4  x5:10000e60  PA:10000f9c
14837332ns          246793 1c0082c4 0043a50b p.lw             x10, 4(x7!)         x10=40be2882  x7=10000d5c  x7:10000d58  PA:10000d58
14837371ns          246795 1c0082c8 90a6f343 fmadd.s          f6, f13, f10, f18    f6=xxxxxxxx f13:3e833ca5 f10:40be2882 f18:00000000
14837391ns          246796 1c0082cc 0243ae03 lw               x28, 36(x7)         x28=40466caa  x7:10000d5c  PA:10000d80
14837411ns          246797 1c0082d0 90aff8c3 fmadd.s          f17, f31, f10, f18  f17=xxxxxxxx f31:bebd7723 f10:40be2882 f18:00000000
14837431ns          246798 1c0082d4 90af7c43 fmadd.s          f24, f30, f10, f18  f24=xxxxxxxx f30:3f649877 f10:40be2882 f18:00000000
14837451ns          246799 1c0082d8 31c87343 fmadd.s          f6, f16, f28, f6     f6=xxxxxxxx f16:3f4b924c f28:40466caa  f6:3fc2f78d
14837471ns          246800 1c0082dc 04c3a503 lw               x10, 76(x7)         x10=4090146d  x7:10000d5c  PA:10000da8
14837491ns          246801 1c0082e0 89c778c3 fmadd.s          f17, f14, f28, f17  f17=xxxxxxxx f14:3f1b1d4a f28:40466caa f17:c00cbc67
14837511ns          246802 1c0082e4 c1cefe43 fmadd.s          f28, f29, f28, f24  f28=xxxxxxxx f29:3cbb1237 f28:40466caa f24:40a9cd54
14837531ns          246803 1c0082e8 30a5f343 fmadd.s          f6, f11, f10, f6     f6=xxxxxxxx f11:bf0cac45 f10:4090146d  f6:407f4556
14837550ns          246804 1c0082ec 88a678c3 fmadd.s          f17, f12, f10, f17  f17=xxxxxxxx f12:3f3447f0 f10:4090146d f17:bea40f43
14837570ns          246805 1c0082f0 e0a7f543 fmadd.s          f10, f15, f10, f28  f10=xxxxxxxx f15:3ee62e7c f10:4090146d f28:40ac1152
14837590ns          246806 1c0082f4 0062a22b p.sw             x6, 4(x5!)           x5=10000e64  x6:3fc1da2b  x5:10000e60  PA:10000e60
14837610ns          246807 1c0082f8 0912ae23 sw               x17, 156(x5)        x17:40366bca  x5:10000e64  PA:10000f00
14837630ns          246808 1c0082fc 12a2ae23 sw               x10, 316(x5)        x10:40ecd794  x5:10000e64  PA:10000fa0
14837650ns          246809 1c0082c4 0043a50b p.lw             x10, 4(x7!)         x10=4019b1bf  x7=10000d60  x7:10000d5c  PA:10000d5c
14837690ns          246811 1c0082c8 90a6f343 fmadd.s          f6, f13, f10, f18    f6=xxxxxxxx f13:3e833ca5 f10:4019b1bf f18:00000000
14837710ns          246812 1c0082cc 0243ae03 lw               x28, 36(x7)         x28=40d3ab17  x7:10000d60  PA:10000d84
14837729ns          246813 1c0082d0 90aff8c3 fmadd.s          f17, f31, f10, f18  f17=xxxxxxxx f31:bebd7723 f10:4019b1bf f18:00000000
14837749ns          246814 1c0082d4 90af7c43 fmadd.s          f24, f30, f10, f18  f24=xxxxxxxx f30:3f649877 f10:4019b1bf f18:00000000
14837769ns          246815 1c0082d8 31c87343 fmadd.s          f6, f16, f28, f6     f6=xxxxxxxx f16:3f4b924c f28:40d3ab17  f6:3f1d94bb
14837789ns          246816 1c0082dc 04c3a503 lw               x10, 76(x7)         x10=40e0e1f0  x7:10000d60  PA:10000dac
14837809ns          246817 1c0082e0 89c778c3 fmadd.s          f17, f14, f28, f17  f17=xxxxxxxx f14:3f1b1d4a f28:40d3ab17 f17:bf637f81
14837829ns          246818 1c0082e4 c1cefe43 fmadd.s          f28, f29, f28, f24  f28=xxxxxxxx f29:3cbb1237 f28:40d3ab17 f24:40093dd7
14837849ns          246819 1c0082e8 30a5f343 fmadd.s          f6, f11, f10, f6     f6=xxxxxxxx f11:bf0cac45 f10:40e0e1f0  f6:40bc0439
14837869ns          246820 1c0082ec 88a678c3 fmadd.s          f17, f12, f10, f17  f17=xxxxxxxx f12:3f3447f0 f10:40e0e1f0 f17:4047a1bd
14837889ns          246821 1c0082f0 e0a7f543 fmadd.s          f10, f15, f10, f28  f10=xxxxxxxx f15:3ee62e7c f10:40e0e1f0 f28:4012e8a8
14837908ns          246822 1c0082f4 0062a22b p.sw             x6, 4(x5!)           x5=10000e68  x6:4000e2ab  x5:10000e64  PA:10000e64
14837928ns          246823 1c0082f8 0912ae23 sw               x17, 156(x5)        x17:41011776  x5:10000e68  PA:10000f04
14837948ns          246824 1c0082fc 12a2ae23 sw               x10, 316(x5)        x10:40ae8e3e  x5:10000e68  PA:10000fa4
14837968ns          246825 1c0082c4 0043a50b p.lw             x10, 4(x7!)         x10=4115ed3c  x7=10000d64  x7:10000d60  PA:10000d60
14838008ns          246827 1c0082c8 90a6f343 fmadd.s          f6, f13, f10, f18    f6=xxxxxxxx f13:3e833ca5 f10:4115ed3c f18:00000000
14838028ns          246828 1c0082cc 0243ae03 lw               x28, 36(x7)         x28=3f89c4db  x7:10000d64  PA:10000d88
14838048ns          246829 1c0082d0 90aff8c3 fmadd.s          f17, f31, f10, f18  f17=xxxxxxxx f31:bebd7723 f10:4115ed3c f18:00000000
14838068ns          246830 1c0082d4 90af7c43 fmadd.s          f24, f30, f10, f18  f24=xxxxxxxx f30:3f649877 f10:4115ed3c f18:00000000
14838087ns          246831 1c0082d8 31c87343 fmadd.s          f6, f16, f28, f6     f6=xxxxxxxx f16:3f4b924c f28:3f89c4db  f6:4019b7d4
14838107ns          246832 1c0082dc 04c3a503 lw               x10, 76(x7)         x10=3c8f619c  x7:10000d64  PA:10000db0
14838127ns          246833 1c0082e0 89c778c3 fmadd.s          f17, f14, f28, f17  f17=xxxxxxxx f14:3f1b1d4a f28:3f89c4db f17:c05debd6
14838147ns          246834 1c0082e4 c1cefe43 fmadd.s          f28, f29, f28, f24  f28=xxxxxxxx f29:3cbb1237 f28:3f89c4db f24:4105e094
14838167ns          246835 1c0082e8 30a5f343 fmadd.s          f6, f11, f10, f6     f6=xxxxxxxx f11:bf0cac45 f10:3c8f619c  f6:40507ebe
14838187ns          246836 1c0082ec 88a678c3 fmadd.s          f17, f12, f10, f17  f17=xxxxxxxx f12:3f3447f0 f10:3c8f619c f17:c0342edc
14838207ns          246837 1c0082f0 e0a7f543 fmadd.s          f10, f15, f10, f28  f10=xxxxxxxx f15:3ee62e7c f10:3c8f619c f28:41064541
14838227ns          246838 1c0082f4 0062a22b p.sw             x6, 4(x5!)           x5=10000e6c  x6:404fe12a  x5:10000e68  PA:10000e68
14838247ns          246839 1c0082f8 0912ae23 sw               x17, 156(x5)        x17:c03364ea  x5:10000e6c  PA:10000f08
14838266ns          246840 1c0082fc 12a2ae23 sw               x10, 316(x5)        x10:4106657c  x5:10000e6c  PA:10000fa8
14838286ns          246841 1c0082c4 0043a50b p.lw             x10, 4(x7!)         x10=3fbee063  x7=10000d68  x7:10000d64  PA:10000d64
14838326ns          246843 1c0082c8 90a6f343 fmadd.s          f6, f13, f10, f18    f6=xxxxxxxx f13:3e833ca5 f10:3fbee063 f18:00000000
14838346ns          246844 1c0082cc 0243ae03 lw               x28, 36(x7)         x28=3ffb4849  x7:10000d68  PA:10000d8c
14838366ns          246845 1c0082d0 90aff8c3 fmadd.s          f17, f31, f10, f18  f17=xxxxxxxx f31:bebd7723 f10:3fbee063 f18:00000000
14838386ns          246846 1c0082d4 90af7c43 fmadd.s          f24, f30, f10, f18  f24=xxxxxxxx f30:3f649877 f10:3fbee063 f18:00000000
14838406ns          246847 1c0082d8 31c87343 fmadd.s          f6, f16, f28, f6     f6=xxxxxxxx f16:3f4b924c f28:3ffb4849  f6:3ec3b415
14838426ns          246848 1c0082dc 04c3a503 lw               x10, 76(x7)         x10=40aa526a  x7:10000d68  PA:10000db4
14838446ns          246849 1c0082e0 89c778c3 fmadd.s          f17, f14, f28, f17  f17=xxxxxxxx f14:3f1b1d4a f28:3ffb4849 f17:bf0d447d
14838465ns          246850 1c0082e4 c1cefe43 fmadd.s          f28, f29, f28, f24  f28=xxxxxxxx f29:3cbb1237 f28:3ffb4849 f24:3faa7186
14838485ns          246851 1c0082e8 30a5f343 fmadd.s          f6, f11, f10, f6     f6=xxxxxxxx f11:bf0cac45 f10:40aa526a  f6:3ff8bef1
14838505ns          246852 1c0082ec 88a678c3 fmadd.s          f17, f12, f10, f17  f17=xxxxxxxx f12:3f3447f0 f10:40aa526a f17:3f233e8b
14838525ns          246853 1c0082f0 e0a7f543 fmadd.s          f10, f15, f10, f28  f10=xxxxxxxx f15:3ee62e7c f10:40aa526a f28:3fb02e83
14838545ns          246854 1c0082f4 0062a22b p.sw             x6, 4(x5!)           x5=10000e70  x6:bf7b3f98  x5:10000e6c  PA:10000e6c
14838565ns          246855 1c0082f8 0912ae23 sw               x17, 156(x5)        x17:408c59a0  x5:10000e70  PA:10000f0c
14838585ns          246856 1c0082fc 12a2ae23 sw               x10, 316(x5)        x10:40713c3a  x5:10000e70  PA:10000fac
14838605ns          246857 1c0082c4 0043a50b p.lw             x10, 4(x7!)         x10=409ee494  x7=10000d6c  x7:10000d68  PA:10000d68
14838644ns          246859 1c0082c8 90a6f343 fmadd.s          f6, f13, f10, f18    f6=xxxxxxxx f13:3e833ca5 f10:409ee494 f18:00000000
14838664ns          246860 1c0082cc 0243ae03 lw               x28, 36(x7)         x28=3fbe5070  x7:10000d6c  PA:10000d90
14838684ns          246861 1c0082d0 90aff8c3 fmadd.s          f17, f31, f10, f18  f17=xxxxxxxx f31:bebd7723 f10:409ee494 f18:00000000
14838704ns          246862 1c0082d4 90af7c43 fmadd.s          f24, f30, f10, f18  f24=xxxxxxxx f30:3f649877 f10:409ee494 f18:00000000
14838724ns          246863 1c0082d8 31c87343 fmadd.s          f6, f16, f28, f6     f6=xxxxxxxx f16:3f4b924c f28:3fbe5070  f6:3fa2e937
14838744ns          246864 1c0082dc 04c3a503 lw               x10, 76(x7)         x10=40acf67f  x7:10000d6c  PA:10000db8
14838764ns          246865 1c0082e0 89c778c3 fmadd.s          f17, f14, f28, f17  f17=xxxxxxxx f14:3f1b1d4a f28:3fbe5070 f17:bfeb3166
14838784ns          246866 1c0082e4 c1cefe43 fmadd.s          f28, f29, f28, f24  f28=xxxxxxxx f29:3cbb1237 f28:3fbe5070 f24:408de235
14838804ns          246867 1c0082e8 30a5f343 fmadd.s          f6, f11, f10, f6     f6=xxxxxxxx f11:bf0cac45 f10:40acf67f  f6:401d1fe1
14838823ns          246868 1c0082ec 88a678c3 fmadd.s          f17, f12, f10, f17  f17=xxxxxxxx f12:3f3447f0 f10:40acf67f f17:bf6fc1d8
14838843ns          246869 1c0082f0 e0a7f543 fmadd.s          f10, f15, f10, f28  f10=xxxxxxxx f15:3ee62e7c f10:40acf67f f28:408ef85a
14838863ns          246870 1c0082f4 0062a22b p.sw             x6, 4(x5!)           x5=10000e74  x6:bf03da09  x5:10000e70  PA:10000e70
14838883ns          246871 1c0082f8 0912ae23 sw               x17, 156(x5)        x17:4037ab62  x5:10000e74  PA:10000f10
14838903ns          246872 1c0082fc 12a2ae23 sw               x10, 316(x5)        x10:40dcbac9  x5:10000e74  PA:10000fb0
14838923ns          246873 1c0082c4 0043a50b p.lw             x10, 4(x7!)         x10=40f37cb6  x7=10000d70  x7:10000d6c  PA:10000d6c
14838963ns          246875 1c0082c8 90a6f343 fmadd.s          f6, f13, f10, f18    f6=xxxxxxxx f13:3e833ca5 f10:40f37cb6 f18:00000000
14838983ns          246876 1c0082cc 0243ae03 lw               x28, 36(x7)         x28=40276913  x7:10000d70  PA:10000d94
14839002ns          246877 1c0082d0 90aff8c3 fmadd.s          f17, f31, f10, f18  f17=xxxxxxxx f31:bebd7723 f10:40f37cb6 f18:00000000
14839022ns          246878 1c0082d4 90af7c43 fmadd.s          f24, f30, f10, f18  f24=xxxxxxxx f30:3f649877 f10:40f37cb6 f18:00000000
14839042ns          246879 1c0082d8 31c87343 fmadd.s          f6, f16, f28, f6     f6=xxxxxxxx f16:3f4b924c f28:40276913  f6:3ff9a4ff
14839062ns          246880 1c0082dc 04c3a503 lw               x10, 76(x7)         x10=40eda754  x7:10000d70  PA:10000dbc
14839082ns          246881 1c0082e0 89c778c3 fmadd.s          f17, f14, f28, f17  f17=xxxxxxxx f14:3f1b1d4a f28:40276913 f17:c0343463
14839102ns          246882 1c0082e4 c1cefe43 fmadd.s          f28, f29, f28, f24  f28=xxxxxxxx f29:3cbb1237 f28:40276913 f24:40d96c15
14839122ns          246883 1c0082e8 30a5f343 fmadd.s          f6, f11, f10, f6     f6=xxxxxxxx f11:bf0cac45 f10:40eda754  f6:4080f93f
14839142ns          246884 1c0082ec 88a678c3 fmadd.s          f17, f12, f10, f17  f17=xxxxxxxx f12:3f3447f0 f10:40eda754 f17:bf9d893a
14839162ns          246885 1c0082f0 e0a7f543 fmadd.s          f10, f15, f10, f28  f10=xxxxxxxx f15:3ee62e7c f10:40eda754 f28:40db556c
14839181ns          246886 1c0082f4 0062a22b p.sw             x6, 4(x5!)           x5=10000e78  x6:bd4f17b5  x5:10000e74  PA:10000e74
14839201ns          246887 1c0082f8 0912ae23 sw               x17, 156(x5)        x17:407ff442  x5:10000e78  PA:10000f14
14839221ns          246888 1c0082fc 12a2ae23 sw               x10, 316(x5)        x10:41231695  x5:10000e78  PA:10000fb4
14839241ns          246889 1c0082c4 0043a50b p.lw             x10, 4(x7!)         x10=41182a3f  x7=10000d74  x7:10000d70  PA:10000d70
14839281ns          246891 1c0082c8 90a6f343 fmadd.s          f6, f13, f10, f18    f6=xxxxxxxx f13:3e833ca5 f10:41182a3f f18:00000000
14839301ns          246892 1c0082cc 0243ae03 lw               x28, 36(x7)         x28=4104eb67  x7:10000d74  PA:10000d98
14839321ns          246893 1c0082d0 90aff8c3 fmadd.s          f17, f31, f10, f18  f17=xxxxxxxx f31:bebd7723 f10:41182a3f f18:00000000
14839341ns          246894 1c0082d4 90af7c43 fmadd.s          f24, f30, f10, f18  f24=xxxxxxxx f30:3f649877 f10:41182a3f f18:00000000
14839360ns          246895 1c0082d8 31c87343 fmadd.s          f6, f16, f28, f6     f6=xxxxxxxx f16:3f4b924c f28:4104eb67  f6:401c0354
14839380ns          246896 1c0082dc 04c3a503 lw               x10, 76(x7)         x10=410e4d13  x7:10000d74  PA:10000dc0
14839400ns          246897 1c0082e0 89c778c3 fmadd.s          f17, f14, f28, f17  f17=xxxxxxxx f14:3f1b1d4a f28:4104eb67 f17:c0613c02
14839420ns          246898 1c0082e4 c1cefe43 fmadd.s          f28, f29, f28, f24  f28=xxxxxxxx f29:3cbb1237 f28:4104eb67 f24:4107e040
14839440ns          246899 1c0082e8 30a5f343 fmadd.s          f6, f11, f10, f6     f6=xxxxxxxx f11:bf0cac45 f10:410e4d13  f6:4110b375
14839460ns          246900 1c0082ec 88a678c3 fmadd.s          f17, f12, f10, f17  f17=xxxxxxxx f12:3f3447f0 f10:410e4d13 f17:3fc1d5e0
14839480ns          246901 1c0082f0 e0a7f543 fmadd.s          f10, f15, f10, f28  f10=xxxxxxxx f15:3ee62e7c f10:410e4d13 f28:410ae94b
14839500ns          246902 1c0082f4 0062a22b p.sw             x6, 4(x5!)           x5=10000e7c  x6:40850319  x5:10000e78  PA:10000e78
14839520ns          246903 1c0082f8 0912ae23 sw               x17, 156(x5)        x17:40f8e1d4  x5:10000e7c  PA:10000f18
14839539ns          246904 1c0082fc 12a2ae23 sw               x10, 316(x5)        x10:414ae2d6  x5:10000e7c  PA:10000fb8
14839559ns          246905 1c0082c4 0043a50b p.lw             x10, 4(x7!)         x10=401a6670  x7=10000d78  x7:10000d74  PA:10000d74
14839599ns          246907 1c0082c8 90a6f343 fmadd.s          f6, f13, f10, f18    f6=xxxxxxxx f13:3e833ca5 f10:401a6670 f18:00000000
14839619ns          246908 1c0082cc 0243ae03 lw               x28, 36(x7)         x28=3f96f4a5  x7:10000d78  PA:10000d9c
14839639ns          246909 1c0082d0 90aff8c3 fmadd.s          f17, f31, f10, f18  f17=xxxxxxxx f31:bebd7723 f10:401a6670 f18:00000000
14839659ns          246910 1c0082d4 90af7c43 fmadd.s          f24, f30, f10, f18  f24=xxxxxxxx f30:3f649877 f10:401a6670 f18:00000000
14839679ns          246911 1c0082d8 31c87343 fmadd.s          f6, f16, f28, f6     f6=xxxxxxxx f16:3f4b924c f28:3f96f4a5  f6:3f1e4dfe
14839699ns          246912 1c0082dc 04c3a503 lw               x10, 76(x7)         x10=4020ef40  x7:10000d78  PA:10000dc4
14839719ns          246913 1c0082e0 89c778c3 fmadd.s          f17, f14, f28, f17  f17=xxxxxxxx f14:3f1b1d4a f28:3f96f4a5 f17:bf648af7
14839738ns          246914 1c0082e4 c1cefe43 fmadd.s          f28, f29, f28, f24  f28=xxxxxxxx f29:3cbb1237 f28:3f96f4a5 f24:4009df30
14839758ns          246915 1c0082e8 30a5f343 fmadd.s          f6, f11, f10, f6     f6=xxxxxxxx f11:bf0cac45 f10:4020ef40  f6:3fc73142
14839778ns          246916 1c0082ec 88a678c3 fmadd.s          f17, f12, f10, f17  f17=xxxxxxxx f12:3f3447f0 f10:4020ef40 f17:be3670b2
14839798ns          246917 1c0082f0 e0a7f543 fmadd.s          f10, f15, f10, f28  f10=xxxxxxxx f15:3ee62e7c f10:4020ef40 f28:400b986e
14839818ns          246918 1c0082f4 0062a22b p.sw             x6, 4(x5!)           x5=10000e80  x6:3e3297de  x5:10000e7c  PA:10000e7c
14839838ns          246919 1c0082f8 0912ae23 sw               x17, 156(x5)        x17:3fcbdcce  x5:10000e80  PA:10000f1c
14839858ns          246920 1c0082fc 12a2ae23 sw               x10, 316(x5)        x10:4053f284  x5:10000e80  PA:10000fbc
14839878ns          246921 1c008300 02848493 addi             x9, x9, 40           x9=1c010258  x9:1c010230
14839898ns          246922 1c008304 028b0b13 addi             x22, x22, 40        x22=10000e80 x22:10000e58
14839917ns          246923 1c008308 e75a18e3 bne              x20, x21, -400      x20:1c0107d0 x21:1c0107cc
14840017ns          246928 1c008178 004aa70b p.lw             x14, 4(x21!)        x14=3f6876b7 x21=1c0107d0 x21:1c0107cc  PA:1c0107cc
14840335ns          246944 1c00817c 00caa683 lw               x13, 12(x21)        x13=3ecfa679 x21:1c0107d0  PA:1c0107dc
14840633ns          246959 1c008180 01caa783 lw               x15, 28(x21)        x15=3dd63519 x21:1c0107d0  PA:1c0107ec
14840932ns          246974 1c008184 10d6f6d3 fmul.s           f13, f13, f13       f13=xxxxxxxx f13:3ecfa679 f13:3ecfa679
14840952ns          246975 1c008188 02caa503 lw               x10, 44(x21)        x10=4048259a x21:1c0107d0  PA:1c0107fc
14841250ns          246990 1c00818c 68e77743 fmadd.s          f14, f14, f14, f13  f14=xxxxxxxx f14:3f6876b7 f14:3f6876b7 f13:3e286ea4
14841270ns          246991 1c008190 70f7f7c3 fmadd.s          f15, f15, f15, f14  f15=xxxxxxxx f15:3dd63519 f15:3dd63519 f14:3f7d330c
14841290ns          246992 1c008194 5807f7d3 fsqrt.s          f15, f15            f15=xxxxxxxx f15:3f7fffff
14841568ns          247006 1c008198 18fbfd53 fdiv.s           f26, f23, f15       f26=xxxxxxxx f23:3f800000 f15:3f7fffff
14841588ns          247007 1c00819c 314000ef jal              x1, 788              x1=xxxxxxxx
14841668ns          247011 1c0084b0 a0a527d3 feq.s            x15, f10, f10       x15=00000001 f10:4048259a f10:4048259a
14841887ns          247022 1c0084b4 0a078b63 beq              x15, x0, 182        x15:00000001
14841906ns          247023 1c0084b6 e00517d3 fclass.s         x15, f10            x15=00000040 f10:4048259a
14841926ns          247024 1c0084ba 0817f793 andi             x15, x15, 129       x15=00000000 x15:00000040
14841946ns          247025 1c0084be 0a079663 bne              x15, x0, 172        x15:00000000
14841966ns          247026 1c0084c0 00000793 addi             x15, x0, 0          x15=00000000
14841986ns          247027 1c0084c4 a0f517d3 flt.s            x15, f10, f15       x15=00000000 f10:4048259a f15:00000000
14842006ns          247028 1c0084c8 0a079663 bne              x15, x0, 172        x15:00000000
14842026ns          247029 1c0084ca 1c000737 lui              x14, 0x1c000000     x14=1c000000
14842066ns          247031 1c0084ce 0ec72783 lw               x15, 236(x14)       x15=40c90fdb x14:1c000000  PA:1c0000ec
14842384ns          247047 1c0084d2 a0a797d3 flt.s            x15, f15, f10       x15=00000000 f15:40c90fdb f10:4048259a
14842404ns          247048 1c0084d6 00078b63 beq              x15, x0, 22         x15:00000000
14842523ns          247054 1c0084ec 00000793 addi             x15, x0, 0          x15=00000000
14842583ns          247057 1c0084f0 a0f517d3 flt.s            x15, f10, f15       x15=00000000 f10:4048259a f15:00000000
14842623ns          247059 1c0084f4 08079a63 bne              x15, x0, 148        x15:00000000
14842642ns          247060 1c0084f6 1c0007b7 lui              x15, 0x1c000000     x15=1c000000
14842662ns          247061 1c0084fa 0b87a783 lw               x15, 184(x15)       x15=3fc90fdb x15:1c000000  PA:1c0000b8
14843000ns          247078 1c0084fe a0f517d3 flt.s            x15, f10, f15       x15=00000000 f10:4048259a f15:3fc90fdb
14843020ns          247079 1c008502 02079563 bne              x15, x0, 42         x15:00000000
14843040ns          247080 1c008504 1c0007b7 lui              x15, 0x1c000000     x15=1c000000
14843060ns          247081 1c008508 0bc7a783 lw               x15, 188(x15)       x15=40490fdb x15:1c000000  PA:1c0000bc
14843378ns          247097 1c00850c a0f51753 flt.s            x14, f10, f15       x14=00000001 f10:4048259a f15:40490fdb
14843398ns          247098 1c008510 06071f63 bne              x14, x0, 126        x14:00000001
14843577ns          247107 1c00858e 08a7f553 fsub.s           f10, f15, f10       f10=xxxxxxxx f15:40490fdb f10:4048259a
14843617ns          247109 1c008592 10a57553 fmul.s           f10, f10, f10       f10=xxxxxxxx f10:3c6a4100 f10:3c6a4100
14843637ns          247110 1c008596 1c0007b7 lui              x15, 0x1c000000     x15=1c000000
14843657ns          247111 1c00859a 1c000737 lui              x14, 0x1c000000     x14=1c000000
14843717ns          247114 1c00859e 0f472703 lw               x14, 244(x14)       x14=bab59551 x14:1c000000  PA:1c0000f4
14844075ns          247132 1c0085a2 0f07a783 lw               x15, 240(x15)       x15=37c23ab1 x15:1c000000  PA:1c0000f0
14844413ns          247149 1c0085a6 70f577c3 fmadd.s          f15, f10, f15, f14  f15=xxxxxxxx f10:39565ae5 f15:37c23ab1 f14:bab59551
14844433ns          247150 1c0085aa 1c000737 lui              x14, 0x1c000000     x14=1c000000
14844453ns          247151 1c0085ae 0f872703 lw               x14, 248(x14)       x14=3d2aa76f x14:1c000000  PA:1c0000f8
14844811ns          247169 1c0085b2 70f577c3 fmadd.s          f15, f10, f15, f14  f15=xxxxxxxx f10:39565ae5 f15:bab59528 f14:3d2aa76f
14844830ns          247170 1c0085b6 1c000737 lui              x14, 0x1c000000     x14=1c000000
14844850ns          247171 1c0085ba 0fc72703 lw               x14, 252(x14)       x14=beffffe0 x14:1c000000  PA:1c0000fc
14845169ns          247187 1c0085be 70f577c3 fmadd.s          f15, f10, f15, f14  f15=xxxxxxxx f10:39565ae5 f15:3d2aa723 f14:beffffe0
14845188ns          247188 1c0085c2 1c000737 lui              x14, 0x1c000000     x14=1c000000
14845208ns          247189 1c0085c6 12472703 lw               x14, 292(x14)       x14=3f7fffff x14:1c000000  PA:1c000124
14845546ns          247206 1c0085ca 70f57543 fmadd.s          f10, f10, f15, f14  f10=xxxxxxxx f10:39565ae5 f15:befffec2 f14:3f7fffff
14845566ns          247207 1c0085ce 20a51553 fsgnjn.s         f10, f10, f10       f10=xxxxxxxx f10:3f7ff94c f10:3f7ff94c
14845586ns          247208 1c0085d2 00008067 jalr             x0, x1, 0            x1:1c00819e
14845626ns          247210 1c00819e 00a00433 add              x8, x0, x10          x8=bf7ff94c x10:bf7ff94c
14845686ns          247213 1c0081a0 02caa503 lw               x10, 44(x21)        x10=4048259a x21:1c0107d0  PA:1c0107fc
14846004ns          247229 1c0081a4 08a9f553 fsub.s           f10, f19, f10       f10=xxxxxxxx f19:3fc90fdb f10:4048259a
14846024ns          247230 1c0081a8 308000ef jal              x1, 776              x1=1c0081aa
14846064ns          247232 1c0084b0 a0a527d3 feq.s            x15, f10, f10       x15=00000001 f10:bfc73b59 f10:bfc73b59
14846084ns          247233 1c0084b4 0a078b63 beq              x15, x0, 182        x15:00000001
14846103ns          247234 1c0084b6 e00517d3 fclass.s         x15, f10            x15=00000002 f10:bfc73b59
14846123ns          247235 1c0084ba 0817f793 andi             x15, x15, 129       x15=00000000 x15:00000002
14846143ns          247236 1c0084be 0a079663 bne              x15, x0, 172        x15:00000000
14846163ns          247237 1c0084c0 00000793 addi             x15, x0, 0          x15=00000000
14846183ns          247238 1c0084c4 a0f517d3 flt.s            x15, f10, f15       x15=00000001 f10:bfc73b59 f15:00000000
14846203ns          247239 1c0084c8 0a079663 bne              x15, x0, 172        x15:00000001
14846263ns          247242 1c008574 1c0007b7 lui              x15, 0x1c000000     x15=1c000000
14846282ns          247243 1c008578 0e87a783 lw               x15, 232(x15)       x15=c0c90fdb x15:1c000000  PA:1c0000e8
14846621ns          247260 1c00857c a0f517d3 flt.s            x15, f10, f15       x15=00000000 f10:bfc73b59 f15:c0c90fdb
14846640ns          247261 1c008580 00078463 beq              x15, x0, 8          x15:00000000
14846700ns          247264 1c008588 20a51553 fsgnjn.s         f10, f10, f10       f10=xxxxxxxx f10:bfc73b59 f10:bfc73b59
14846720ns          247265 1c00858c f6bff06f jal              x0, -150           
14846780ns          247268 1c0084f6 1c0007b7 lui              x15, 0x1c000000     x15=1c000000
14846800ns          247269 1c0084fa 0b87a783 lw               x15, 184(x15)       x15=3fc90fdb x15:1c000000  PA:1c0000b8
14847158ns          247287 1c0084fe a0f517d3 flt.s            x15, f10, f15       x15=00000001 f10:3fc73b59 f15:3fc90fdb
14847178ns          247288 1c008502 02079563 bne              x15, x0, 42         x15:00000001
14847237ns          247291 1c00852c 10a57553 fmul.s           f10, f10, f10       f10=xxxxxxxx f10:3fc73b59 f10:3fc73b59
14847297ns          247294 1c008530 1c0007b7 lui              x15, 0x1c000000     x15=1c000000
14847337ns          247296 1c008534 1c000737 lui              x14, 0x1c000000     x14=1c000000
14847357ns          247297 1c008538 0f472703 lw               x14, 244(x14)       x14=bab59551 x14:1c000000  PA:1c0000f4
14847655ns          247312 1c00853c 0f07a783 lw               x15, 240(x15)       x15=37c23ab1 x15:1c000000  PA:1c0000f0
14847973ns          247328 1c008540 70f577c3 fmadd.s          f15, f10, f15, f14  f15=xxxxxxxx f10:401b0d52 f15:37c23ab1 f14:bab59551
14847993ns          247329 1c008544 1c000737 lui              x14, 0x1c000000     x14=1c000000
14848013ns          247330 1c008548 0f872703 lw               x14, 248(x14)       x14=3d2aa76f x14:1c000000  PA:1c0000f8
14848351ns          247347 1c00854c 70f577c3 fmadd.s          f15, f10, f15, f14  f15=xxxxxxxx f10:401b0d52 f15:baae3b17 f14:3d2aa76f
14848371ns          247348 1c008550 1c000737 lui              x14, 0x1c000000     x14=1c000000
14848391ns          247349 1c008554 0fc72703 lw               x14, 252(x14)       x14=beffffe0 x14:1c000000  PA:1c0000fc
14848709ns          247365 1c008558 70f577c3 fmadd.s          f15, f10, f15, f14  f15=xxxxxxxx f10:401b0d52 f15:3d1d7694 f14:beffffe0
14848729ns          247366 1c00855c 1c000737 lui              x14, 0x1c000000     x14=1c000000
14848749ns          247367 1c008560 12472703 lw               x14, 292(x14)       x14=3f7fffff x14:1c000000  PA:1c000124
14849067ns          247383 1c008564 70f57543 fmadd.s          f10, f10, f15, f14  f10=xxxxxxxx f10:401b0d52 f15:bed05061 f14:3f7fffff
14849087ns          247384 1c008568 00008067 jalr             x0, x1, 0            x1:1c0081aa
14849127ns          247386 1c0081aa 0204a683 lw               x13, 32(x9)         x13=40db06de  x9:1c010258  PA:1c010278
14849425ns          247401 1c0081ac 0244a703 lw               x14, 36(x9)         x14=40dc0e62  x9:1c010258  PA:1c01027c
14849724ns          247416 1c0081ae 0a04a783 lw               x15, 160(x9)        x15=402307c2  x9:1c010258  PA:1c0102f8
14850022ns          247431 1c0081b2 02d12423 sw               x13, 40(x2)         x13:40db06de  x2:10000d48  PA:10000d70
14850042ns          247432 1c0081b4 02e12623 sw               x14, 44(x2)         x14:40dc0e62  x2:10000d48  PA:10000d74
14850062ns          247433 1c0081b6 ffcaa683 lw               x13, -4(x21)        x13=3f6876b7 x21:1c0107d0  PA:1c0107cc
14850360ns          247448 1c0081ba 00caa703 lw               x14, 12(x21)        x14=3ecfa679 x21:1c0107d0  PA:1c0107dc
14850658ns          247463 1c0081be 02f12823 sw               x15, 48(x2)         x15:402307c2  x2:10000d48  PA:10000d78
14850678ns          247464 1c0081c0 01caa783 lw               x15, 28(x21)        x15=3dd63519 x21:1c0107d0  PA:1c0107ec
14850997ns          247480 1c0081c4 10dd76d3 fmul.s           f13, f26, f13       f13=xxxxxxxx f26:3f800000 f13:3f6876b7
14851016ns          247481 1c0081c8 10ed7753 fmul.s           f14, f26, f14       f14=xxxxxxxx f26:3f800000 f14:3ecfa679
14851036ns          247482 1c0081cc 10fd77d3 fmul.s           f15, f26, f15       f15=xxxxxxxx f26:3f800000 f15:3dd63519
14851056ns          247483 1c0081d0 0044ae83 lw               x29, 4(x9)          x29=3e274bbe  x9:1c010258  PA:1c01025c
14851355ns          247498 1c0081d4 0084ae03 lw               x28, 8(x9)          x28=411251f5  x9:1c010258  PA:1c010260
14851653ns          247513 1c0081d8 00c4a303 lw               x6, 12(x9)           x6=4110aec2  x9:1c010258  PA:1c010264
14851951ns          247528 1c0081dc 0104a883 lw               x17, 16(x9)         x17=40515ed9  x9:1c010258  PA:1c010268
14852270ns          247544 1c0081e0 0144a803 lw               x16, 20(x9)         x16=410b9577  x9:1c010258  PA:1c01026c
14852568ns          247559 1c0081e4 0184a583 lw               x11, 24(x9)         x11=40bb765a  x9:1c010258  PA:1c010270
14852866ns          247574 1c0081e6 01c4a603 lw               x12, 28(x9)         x12=40d4d71b  x9:1c010258  PA:1c010274
14853165ns          247589 1c0081e8 0004af03 lw               x30, 0(x9)          x30=40dbf70a  x9:1c010258  PA:1c010258
14853463ns          247604 1c0081ec 0b84a383 lw               x7, 184(x9)          x7=401b6819  x9:1c010258  PA:1c010310
14853761ns          247619 1c0081f0 0bc4a283 lw               x5, 188(x9)          x5=411658e2  x9:1c010258  PA:1c010314
14854060ns          247634 1c0081f4 0c04af83 lw               x31, 192(x9)        x31=3fb24486  x9:1c010258  PA:1c010318
14854358ns          247649 1c0081f8 01e12423 sw               x30, 8(x2)          x30:40dbf70a  x2:10000d48  PA:10000d50
14854378ns          247650 1c0081fa 01d12623 sw               x29, 12(x2)         x29:3e274bbe  x2:10000d48  PA:10000d54
14854398ns          247651 1c0081fc 0c44af03 lw               x30, 196(x9)        x30=3f692958  x9:1c010258  PA:1c01031c
14854696ns          247666 1c008200 01c12823 sw               x28, 16(x2)         x28:411251f5  x2:10000d48  PA:10000d58
14854716ns          247667 1c008202 00612a23 sw               x6, 20(x2)           x6:4110aec2  x2:10000d48  PA:10000d5c
14854736ns          247668 1c008204 01112c23 sw               x17, 24(x2)         x17:40515ed9  x2:10000d48  PA:10000d60
14854756ns          247669 1c008206 01012e23 sw               x16, 28(x2)         x16:410b9577  x2:10000d48  PA:10000d64
14854776ns          247670 1c008208 02b12023 sw               x11, 32(x2)         x11:40bb765a  x2:10000d48  PA:10000d68
14854796ns          247671 1c00820a 10f57853 fmul.s           f16, f10, f15       f16=xxxxxxxx f10:3c6a3efb f15:3dd63519
14854835ns          247673 1c00820e 10e575d3 fmul.s           f11, f10, f14       f11=xxxxxxxx f10:3c6a3efb f14:3ecfa679
14854855ns          247674 1c008212 02c12223 sw               x12, 36(x2)         x12:40d4d71b  x2:10000d48  PA:10000d6c
14854875ns          247675 1c008214 0b04ac83 lw               x25, 176(x9)        x25=40d3fec6  x9:1c010258  PA:1c010308
14855174ns          247690 1c008218 10d57653 fmul.s           f12, f10, f13       f12=xxxxxxxx f10:3c6a3efb f13:3f6876b7
14855194ns          247691 1c00821c 0b44ac03 lw               x24, 180(x9)        x24=3fa22223  x9:1c010258  PA:1c01030c
14855492ns          247706 1c008220 1644ad03 lw               x26, 356(x9)        x26=40f9f468  x9:1c010258  PA:1c0103bc
14855790ns          247721 1c008224 1404a503 lw               x10, 320(x9)        x10=40f59468  x9:1c010258  PA:1c010398
14856089ns          247736 1c008228 0a44ad83 lw               x27, 164(x9)        x27=40ef2168  x9:1c010258  PA:1c0102fc
14856407ns          247752 1c00822c 04a12c23 sw               x10, 88(x2)         x10:40f59468  x2:10000d48  PA:10000da0
14856427ns          247753 1c00822e 03b12a23 sw               x27, 52(x2)         x27:40ef2168  x2:10000d48  PA:10000d7c
14856447ns          247754 1c008230 0a84ad83 lw               x27, 168(x9)        x27=411f9cfc  x9:1c010258  PA:1c010300
14856745ns          247769 1c008234 1444a503 lw               x10, 324(x9)        x10=3fa36130  x9:1c010258  PA:1c01039c
14857043ns          247784 1c008238 03b12c23 sw               x27, 56(x2)         x27:411f9cfc  x2:10000d48  PA:10000d80
14857063ns          247785 1c00823a 0ac4ad83 lw               x27, 172(x9)        x27=3fbb42ab  x9:1c010258  PA:1c010304
14857362ns          247800 1c00823e 04a12e23 sw               x10, 92(x2)         x10:3fa36130  x2:10000d48  PA:10000da4
14857381ns          247801 1c008240 03b12e23 sw               x27, 60(x2)         x27:3fbb42ab  x2:10000d48  PA:10000d84
14857401ns          247802 1c008242 1484ad83 lw               x27, 328(x9)        x27=3ec300fc  x9:1c010258  PA:1c0103a0
14857700ns          247817 1c008246 14c4a503 lw               x10, 332(x9)        x10=40818275  x9:1c010258  PA:1c0103a4
14857998ns          247832 1c00824a 07b12023 sw               x27, 96(x2)         x27:3ec300fc  x2:10000d48  PA:10000da8
14858018ns          247833 1c00824c 1504ad83 lw               x27, 336(x9)        x27=3fde16b9  x9:1c010258  PA:1c0103a8
14858316ns          247848 1c008250 088bf8d3 fsub.s           f17, f23, f8        f17=xxxxxxxx f23:3f800000  f8:bf7ff94c
14858336ns          247849 1c008254 10e6fed3 fmul.s           f29, f13, f14       f29=xxxxxxxx f13:3f6876b7 f14:3ecfa679
14858356ns          247850 1c008258 10f6fe53 fmul.s           f28, f13, f15       f28=xxxxxxxx f13:3f6876b7 f15:3dd63519
14858376ns          247851 1c00825c 10f77353 fmul.s           f6, f14, f15         f6=xxxxxxxx f14:3ecfa679 f15:3dd63519
14858396ns          247852 1c008260 06a12223 sw               x10, 100(x2)        x10:40818275  x2:10000d48  PA:10000dac
14858416ns          247853 1c008262 07b12423 sw               x27, 104(x2)        x27:3fde16b9  x2:10000d48  PA:10000db0
14858436ns          247854 1c008264 1544a503 lw               x10, 340(x9)        x10=410241da  x9:1c010258  PA:1c0103ac
14858754ns          247870 1c008268 1584ad83 lw               x27, 344(x9)        x27=409d162e  x9:1c010258  PA:1c0103b0
14859072ns          247886 1c00826c 10d6f6d3 fmul.s           f13, f13, f13       f13=xxxxxxxx f13:3f6876b7 f13:3f6876b7
14859092ns          247887 1c008270 10e77753 fmul.s           f14, f14, f14       f14=xxxxxxxx f14:3ecfa679 f14:3ecfa679
14859112ns          247888 1c008274 10f7f7d3 fmul.s           f15, f15, f15       f15=xxxxxxxx f15:3dd63519 f15:3dd63519
14859132ns          247889 1c008278 05f12823 sw               x31, 80(x2)         x31:3fb24486  x2:10000d48  PA:10000d98
14859152ns          247890 1c00827a 05e12a23 sw               x30, 84(x2)         x30:3f692958  x2:10000d48  PA:10000d9c
14859172ns          247891 1c00827c 81d8ffc7 fmsub.s          f31, f17, f29, f16  f31=xxxxxxxx f17:3ffffca6 f29:3ebc8f29 f16:3ac4013c
14859192ns          247892 1c008280 06a12623 sw               x10, 108(x2)        x10:410241da  x2:10000d48  PA:10000db4
14859211ns          247893 1c008282 07b12823 sw               x27, 112(x2)        x27:409d162e  x2:10000d48  PA:10000db8
14859231ns          247894 1c008284 15c4a503 lw               x10, 348(x9)        x10=40814302  x9:1c010258  PA:1c0103b4
14859530ns          247909 1c008288 1604ad83 lw               x27, 352(x9)        x27=411405da  x9:1c010258  PA:1c0103b8
14859828ns          247924 1c00828c 59c8ff43 fmadd.s          f30, f17, f28, f11  f30=xxxxxxxx f17:3ffffca6 f28:3dc28374 f11:3bbe0141
14859848ns          247925 1c008290 81d8f843 fmadd.s          f16, f17, f29, f16  f16=xxxxxxxx f17:3ffffca6 f29:3ebc8f29 f16:3ac4013c
14859868ns          247926 1c008294 59c8f5c7 fmsub.s          f11, f17, f28, f11  f11=xxxxxxxx f17:3ffffca6 f28:3dc28374 f11:3bbe0141
14859888ns          247927 1c008298 6068fec7 fmsub.s          f29, f17, f6, f12   f29=xxxxxxxx f17:3ffffca6  f6:3d2dc03b f12:3c54b5b4
14859908ns          247928 1c00829c 6068f643 fmadd.s          f12, f17, f6, f12   f12=xxxxxxxx f17:3ffffca6  f6:3d2dc03b f12:3c54b5b4
14859928ns          247929 1c0082a0 04712423 sw               x7, 72(x2)           x7:401b6819  x2:10000d48  PA:10000d90
14859967ns          247931 1c0082a2 04512623 sw               x5, 76(x2)           x5:411658e2  x2:10000d48  PA:10000d94
14859987ns          247932 1c0082a4 4116f6c3 fmadd.s          f13, f13, f17, f8   f13=xxxxxxxx f13:3f531763 f17:3ffffca6  f8:bf7ff94c
14860007ns          247933 1c0082a8 40e8f743 fmadd.s          f14, f17, f14, f8   f14=xxxxxxxx f17:3ffffca6 f14:3e286ea4  f8:bf7ff94c
14860027ns          247934 1c0082ac 40f8f7c3 fmadd.s          f15, f17, f15, f8   f15=xxxxxxxx f17:3ffffca6 f15:3c333cd1  f8:bf7ff94c
14860047ns          247935 1c0082b0 05912023 sw               x25, 64(x2)         x25:40d3fec6  x2:10000d48  PA:10000d88
14860067ns          247936 1c0082b2 05812223 sw               x24, 68(x2)         x24:3fa22223  x2:10000d48  PA:10000d8c
14860087ns          247937 1c0082b4 06a12a23 sw               x10, 116(x2)        x10:40814302  x2:10000d48  PA:10000dbc
14860107ns          247938 1c0082b6 07b12c23 sw               x27, 120(x2)        x27:411405da  x2:10000d48  PA:10000dc0
14860126ns          247939 1c0082b8 07a12e23 sw               x26, 124(x2)        x26:40f9f468  x2:10000d48  PA:10000dc4
14860146ns          247940 1c0082ba 00810393 addi             x7, x2, 8            x7=10000d50  x2:10000d48
14860166ns          247941 1c0082be 016002b3 add              x5, x0, x22          x5=10000e80 x22:10000e80
14860186ns          247942 1c0082c0 00af50fb lp.setupi        0x1, 0xa, 0x1e     
14860206ns          247943 1c0082c4 0043a50b p.lw             x10, 4(x7!)         x10=40dbf70a  x7=10000d54  x7:10000d50  PA:10000d50
14860246ns          247945 1c0082c8 90a6f343 fmadd.s          f6, f13, f10, f18    f6=xxxxxxxx f13:3f262ff3 f10:40dbf70a f18:00000000
14860266ns          247946 1c0082cc 0243ae03 lw               x28, 36(x7)         x28=402307c2  x7:10000d54  PA:10000d78
14860305ns          247948 1c0082d0 90aff8c3 fmadd.s          f17, f31, f10, f18  f17=xxxxxxxx f31:3f3c2ab0 f10:40dbf70a f18:00000000
14860345ns          247950 1c0082d4 90af7c43 fmadd.s          f24, f30, f10, f18  f24=xxxxxxxx f30:3e4870f2 f10:40dbf70a f18:00000000
14860365ns          247951 1c0082d8 31c87343 fmadd.s          f6, f16, f28, f6     f6=xxxxxxxx f16:3f3ceeb2 f28:402307c2  f6:408ecb64
14860385ns          247952 1c0082dc 04c3a503 lw               x10, 76(x7)         x10=40f59468  x7:10000d54  PA:10000da0
14860445ns          247955 1c0082e0 89c778c3 fmadd.s          f17, f14, f28, f17  f17=xxxxxxxx f14:bf2bc314 f28:402307c2 f17:40a1ae19
14860484ns          247957 1c0082e4 c1cefe43 fmadd.s          f28, f29, f28, f24  f28=xxxxxxxx f29:3d93273e f28:402307c2 f24:3fac3a0c
14860504ns          247958 1c0082e8 30a5f343 fmadd.s          f6, f11, f10, f6     f6=xxxxxxxx f11:3e3c90de f10:40f59468  f6:40caf43f
14860524ns          247959 1c0082ec 88a678c3 fmadd.s          f17, f12, f10, f17  f17=xxxxxxxx f12:3dc854ab f10:40f59468 f17:4055f9c8
14860584ns          247962 1c0082f0 e0a7f543 fmadd.s          f10, f15, f10, f28  f10=xxxxxxxx f15:bf7a5f78 f10:40f59468 f28:3fc3a7a9
14860624ns          247964 1c0082f4 0062a22b p.sw             x6, 4(x5!)           x5=10000e84  x6:40f82d3c  x5:10000e80  PA:10000e80
14860644ns          247965 1c0082f8 0912ae23 sw               x17, 156(x5)        x17:40830289  x5:10000e84  PA:10000f20
14860663ns          247966 1c0082fc 12a2ae23 sw               x10, 316(x5)        x10:c0bf4499  x5:10000e84  PA:10000fc0
14860683ns          247967 1c0082c4 0043a50b p.lw             x10, 4(x7!)         x10=3e274bbe  x7=10000d58  x7:10000d54  PA:10000d54
14860723ns          247969 1c0082c8 90a6f343 fmadd.s          f6, f13, f10, f18    f6=xxxxxxxx f13:3f262ff3 f10:3e274bbe f18:00000000
14860743ns          247970 1c0082cc 0243ae03 lw               x28, 36(x7)         x28=40ef2168  x7:10000d58  PA:10000d7c
14860763ns          247971 1c0082d0 90aff8c3 fmadd.s          f17, f31, f10, f18  f17=xxxxxxxx f31:3f3c2ab0 f10:3e274bbe f18:00000000
14860783ns          247972 1c0082d4 90af7c43 fmadd.s          f24, f30, f10, f18  f24=xxxxxxxx f30:3e4870f2 f10:3e274bbe f18:00000000
14860803ns          247973 1c0082d8 31c87343 fmadd.s          f6, f16, f28, f6     f6=xxxxxxxx f16:3f3ceeb2 f28:40ef2168  f6:3dd934e6
14860823ns          247974 1c0082dc 04c3a503 lw               x10, 76(x7)         x10=3fa36130  x7:10000d58  PA:10000da4
14860842ns          247975 1c0082e0 89c778c3 fmadd.s          f17, f14, f28, f17  f17=xxxxxxxx f14:bf2bc314 f28:40ef2168 f17:3df5ef0a
14860862ns          247976 1c0082e4 c1cefe43 fmadd.s          f28, f29, f28, f24  f28=xxxxxxxx f29:3d93273e f28:40ef2168 f24:3d02fcfc
14860882ns          247977 1c0082e8 30a5f343 fmadd.s          f6, f11, f10, f6     f6=xxxxxxxx f11:3e3c90de f10:3fa36130  f6:40b3e053
14860902ns          247978 1c0082ec 88a678c3 fmadd.s          f17, f12, f10, f17  f17=xxxxxxxx f12:3dc854ab f10:3fa36130 f17:c09c99cd
14860922ns          247979 1c0082f0 e0a7f543 fmadd.s          f10, f15, f10, f28  f10=xxxxxxxx f15:bf7a5f78 f10:3fa36130 f28:3f11a4a6
14860942ns          247980 1c0082f4 0062a22b p.sw             x6, 4(x5!)           x5=10000e88  x6:40bb65d0  x5:10000e84  PA:10000e84
14860962ns          247981 1c0082f8 0912ae23 sw               x17, 156(x5)        x17:c0989afd  x5:10000e88  PA:10000f24
14860982ns          247982 1c0082fc 12a2ae23 sw               x10, 316(x5)        x10:bf2def07  x5:10000e88  PA:10000fc4
14861061ns          247986 1c0082c4 0043a50b p.lw             x10, 4(x7!)         x10=411251f5  x7=10000d5c  x7:10000d58  PA:10000d58
14861101ns          247988 1c0082c8 90a6f343 fmadd.s          f6, f13, f10, f18    f6=xxxxxxxx f13:3f262ff3 f10:411251f5 f18:00000000
14861121ns          247989 1c0082cc 0243ae03 lw               x28, 36(x7)         x28=411f9cfc  x7:10000d5c  PA:10000d80
14861141ns          247990 1c0082d0 90aff8c3 fmadd.s          f17, f31, f10, f18  f17=xxxxxxxx f31:3f3c2ab0 f10:411251f5 f18:00000000
14861161ns          247991 1c0082d4 90af7c43 fmadd.s          f24, f30, f10, f18  f24=xxxxxxxx f30:3e4870f2 f10:411251f5 f18:00000000
14861181ns          247992 1c0082d8 31c87343 fmadd.s          f6, f16, f28, f6     f6=xxxxxxxx f16:3f3ceeb2 f28:411f9cfc  f6:40bdf91a
14861201ns          247993 1c0082dc 04c3a503 lw               x10, 76(x7)         x10=3ec300fc  x7:10000d5c  PA:10000da8
14861220ns          247994 1c0082e0 89c778c3 fmadd.s          f17, f14, f28, f17  f17=xxxxxxxx f14:bf2bc314 f28:411f9cfc f17:40d7192c
14861240ns          247995 1c0082e4 c1cefe43 fmadd.s          f28, f29, f28, f24  f28=xxxxxxxx f29:3d93273e f28:411f9cfc f24:3fe5212b
14861260ns          247996 1c0082e8 30a5f343 fmadd.s          f6, f11, f10, f6     f6=xxxxxxxx f11:3e3c90de f10:3ec300fc  f6:4154c8a9
14861280ns          247997 1c0082ec 88a678c3 fmadd.s          f17, f12, f10, f17  f17=xxxxxxxx f12:3dc854ab f10:3ec300fc f17:3cea3140
14861300ns          247998 1c0082f0 e0a7f543 fmadd.s          f10, f15, f10, f28  f10=xxxxxxxx f15:bf7a5f78 f10:3ec300fc f28:40207064
14861320ns          247999 1c0082f4 0062a22b p.sw             x6, 4(x5!)           x5=10000e8c  x6:4155e7ef  x5:10000e88  PA:10000e88
14861340ns          248000 1c0082f8 0912ae23 sw               x17, 156(x5)        x17:3d86d8f2  x5:10000e8c  PA:10000f28
14861360ns          248001 1c0082fc 12a2ae23 sw               x10, 316(x5)        x10:4008996e  x5:10000e8c  PA:10000fc8
14861380ns          248002 1c0082c4 0043a50b p.lw             x10, 4(x7!)         x10=4110aec2  x7=10000d60  x7:10000d5c  PA:10000d5c
14861419ns          248004 1c0082c8 90a6f343 fmadd.s          f6, f13, f10, f18    f6=xxxxxxxx f13:3f262ff3 f10:4110aec2 f18:00000000
14861439ns          248005 1c0082cc 0243ae03 lw               x28, 36(x7)         x28=3fbb42ab  x7:10000d60  PA:10000d84
14861459ns          248006 1c0082d0 90aff8c3 fmadd.s          f17, f31, f10, f18  f17=xxxxxxxx f31:3f3c2ab0 f10:4110aec2 f18:00000000
14861479ns          248007 1c0082d4 90af7c43 fmadd.s          f24, f30, f10, f18  f24=xxxxxxxx f30:3e4870f2 f10:4110aec2 f18:00000000
14861499ns          248008 1c0082d8 31c87343 fmadd.s          f6, f16, f28, f6     f6=xxxxxxxx f16:3f3ceeb2 f28:3fbb42ab  f6:40bbd8d6
14861519ns          248009 1c0082dc 04c3a503 lw               x10, 76(x7)         x10=40818275  x7:10000d60  PA:10000dac
14861539ns          248010 1c0082e0 89c778c3 fmadd.s          f17, f14, f28, f17  f17=xxxxxxxx f14:bf2bc314 f28:3fbb42ab f17:40d4b0ed
14861559ns          248011 1c0082e4 c1cefe43 fmadd.s          f28, f29, f28, f24  f28=xxxxxxxx f29:3d93273e f28:3fbb42ab f24:3fe290ba
14861578ns          248012 1c0082e8 30a5f343 fmadd.s          f6, f11, f10, f6     f6=xxxxxxxx f11:3e3c90de f10:40818275  f6:40de65ba
14861598ns          248013 1c0082ec 88a678c3 fmadd.s          f17, f12, f10, f17  f17=xxxxxxxx f12:3dc854ab f10:40818275 f17:40b547de
14861618ns          248014 1c0082f0 e0a7f543 fmadd.s          f10, f15, f10, f28  f10=xxxxxxxx f15:bf7a5f78 f10:40818275 f28:3ff0053a
14861638ns          248015 1c0082f4 0062a22b p.sw             x6, 4(x5!)           x5=10000e90  x6:40f63f00  x5:10000e8c  PA:10000e8c
14861658ns          248016 1c0082f8 0912ae23 sw               x17, 156(x5)        x17:40c1f2f6  x5:10000e90  PA:10000f2c
14861678ns          248017 1c0082fc 12a2ae23 sw               x10, 316(x5)        x10:c00550c8  x5:10000e90  PA:10000fcc
14861698ns          248018 1c0082c4 0043a50b p.lw             x10, 4(x7!)         x10=40515ed9  x7=10000d64  x7:10000d60  PA:10000d60
14861738ns          248020 1c0082c8 90a6f343 fmadd.s          f6, f13, f10, f18    f6=xxxxxxxx f13:3f262ff3 f10:40515ed9 f18:00000000
14861757ns          248021 1c0082cc 0243ae03 lw               x28, 36(x7)         x28=40d3fec6  x7:10000d64  PA:10000d88
14861777ns          248022 1c0082d0 90aff8c3 fmadd.s          f17, f31, f10, f18  f17=xxxxxxxx f31:3f3c2ab0 f10:40515ed9 f18:00000000
14861797ns          248023 1c0082d4 90af7c43 fmadd.s          f24, f30, f10, f18  f24=xxxxxxxx f30:3e4870f2 f10:40515ed9 f18:00000000
14861817ns          248024 1c0082d8 31c87343 fmadd.s          f6, f16, f28, f6     f6=xxxxxxxx f16:3f3ceeb2 f28:40d3fec6  f6:4007eab8
14861837ns          248025 1c0082dc 04c3a503 lw               x10, 76(x7)         x10=3fde16b9  x7:10000d64  PA:10000db0
14861857ns          248026 1c0082e0 89c778c3 fmadd.s          f17, f14, f28, f17  f17=xxxxxxxx f14:bf2bc314 f28:40d3fec6 f17:4019e491
14861877ns          248027 1c0082e4 c1cefe43 fmadd.s          f28, f29, f28, f24  f28=xxxxxxxx f29:3d93273e f28:40d3fec6 f24:3f23ee79
14861897ns          248028 1c0082e8 30a5f343 fmadd.s          f6, f11, f10, f6     f6=xxxxxxxx f11:3e3c90de f10:3fde16b9  f6:40e06a20
14861917ns          248029 1c0082ec 88a678c3 fmadd.s          f17, f12, f10, f17  f17=xxxxxxxx f12:3dc854ab f10:3fde16b9 f17:c00294e3
14861936ns          248030 1c0082f0 e0a7f543 fmadd.s          f10, f15, f10, f28  f10=xxxxxxxx f15:bf7a5f78 f10:3fde16b9 f28:3f8ee522
14861956ns          248031 1c0082f4 0062a22b p.sw             x6, 4(x5!)           x5=10000e94  x6:40eaa386  x5:10000e90  PA:10000e90
14861976ns          248032 1c0082f8 0912ae23 sw               x17, 156(x5)        x17:bfef705f  x5:10000e94  PA:10000f30
14861996ns          248033 1c0082fc 12a2ae23 sw               x10, 316(x5)        x10:bf149fc2  x5:10000e94  PA:10000fd0
14862016ns          248034 1c0082c4 0043a50b p.lw             x10, 4(x7!)         x10=410b9577  x7=10000d68  x7:10000d64  PA:10000d64
14862056ns          248036 1c0082c8 90a6f343 fmadd.s          f6, f13, f10, f18    f6=xxxxxxxx f13:3f262ff3 f10:410b9577 f18:00000000
14862076ns          248037 1c0082cc 0243ae03 lw               x28, 36(x7)         x28=3fa22223  x7:10000d68  PA:10000d8c
14862096ns          248038 1c0082d0 90aff8c3 fmadd.s          f17, f31, f10, f18  f17=xxxxxxxx f31:3f3c2ab0 f10:410b9577 f18:00000000
14862115ns          248039 1c0082d4 90af7c43 fmadd.s          f24, f30, f10, f18  f24=xxxxxxxx f30:3e4870f2 f10:410b9577 f18:00000000
14862135ns          248040 1c0082d8 31c87343 fmadd.s          f6, f16, f28, f6     f6=xxxxxxxx f16:3f3ceeb2 f28:3fa22223  f6:40b53a20
14862155ns          248041 1c0082dc 04c3a503 lw               x10, 76(x7)         x10=410241da  x7:10000d68  PA:10000db4
14862175ns          248042 1c0082e0 89c778c3 fmadd.s          f17, f14, f28, f17  f17=xxxxxxxx f14:bf2bc314 f28:3fa22223 f17:40cd3214
14862195ns          248043 1c0082e4 c1cefe43 fmadd.s          f28, f29, f28, f24  f28=xxxxxxxx f29:3d93273e f28:3fa22223 f24:3fda94b5
14862215ns          248044 1c0082e8 30a5f343 fmadd.s          f6, f11, f10, f6     f6=xxxxxxxx f11:3e3c90de f10:410241da  f6:40d32430
14862235ns          248045 1c0082ec 88a678c3 fmadd.s          f17, f12, f10, f17  f17=xxxxxxxx f12:3dc854ab f10:410241da f17:40b1fffd
14862255ns          248046 1c0082f0 e0a7f543 fmadd.s          f10, f15, f10, f28  f10=xxxxxxxx f15:bf7a5f78 f10:410241da f28:3fe63b04
14862275ns          248047 1c0082f4 0062a22b p.sw             x6, 4(x5!)           x5=10000e98  x6:41018e9d  x5:10000e94  PA:10000e94
14862295ns          248048 1c0082f8 0912ae23 sw               x17, 156(x5)        x17:40cb7b9f  x5:10000e98  PA:10000f34
14862314ns          248049 1c0082fc 12a2ae23 sw               x10, 316(x5)        x10:c0c53b04  x5:10000e98  PA:10000fd4
14862334ns          248050 1c0082c4 0043a50b p.lw             x10, 4(x7!)         x10=40bb765a  x7=10000d6c  x7:10000d68  PA:10000d68
14862374ns          248052 1c0082c8 90a6f343 fmadd.s          f6, f13, f10, f18    f6=xxxxxxxx f13:3f262ff3 f10:40bb765a f18:00000000
14862394ns          248053 1c0082cc 0243ae03 lw               x28, 36(x7)         x28=401b6819  x7:10000d6c  PA:10000d90
14862414ns          248054 1c0082d0 90aff8c3 fmadd.s          f17, f31, f10, f18  f17=xxxxxxxx f31:3f3c2ab0 f10:40bb765a f18:00000000
14862434ns          248055 1c0082d4 90af7c43 fmadd.s          f24, f30, f10, f18  f24=xxxxxxxx f30:3e4870f2 f10:40bb765a f18:00000000
14862454ns          248056 1c0082d8 31c87343 fmadd.s          f6, f16, f28, f6     f6=xxxxxxxx f16:3f3ceeb2 f28:401b6819  f6:407363b6
14862474ns          248057 1c0082dc 04c3a503 lw               x10, 76(x7)         x10=409d162e  x7:10000d6c  PA:10000db8
14862493ns          248058 1c0082e0 89c778c3 fmadd.s          f17, f14, f28, f17  f17=xxxxxxxx f14:bf2bc314 f28:401b6819 f17:4089ca2c
14862513ns          248059 1c0082e4 c1cefe43 fmadd.s          f28, f29, f28, f24  f28=xxxxxxxx f29:3d93273e f28:401b6819 f24:3f92c72b
14862533ns          248060 1c0082e8 30a5f343 fmadd.s          f6, f11, f10, f6     f6=xxxxxxxx f11:3e3c90de f10:409d162e  f6:40b30a88
14862553ns          248061 1c0082ec 88a678c3 fmadd.s          f17, f12, f10, f17  f17=xxxxxxxx f12:3dc854ab f10:409d162e f17:402b4f63
14862573ns          248062 1c0082f0 e0a7f543 fmadd.s          f10, f15, f10, f28  f10=xxxxxxxx f15:bf7a5f78 f10:409d162e f28:3fa91c51
14862593ns          248063 1c0082f4 0062a22b p.sw             x6, 4(x5!)           x5=10000e9c  x6:40cff7d4  x5:10000e98  PA:10000e98
14862613ns          248064 1c0082f8 0912ae23 sw               x17, 156(x5)        x17:404a0ab5  x5:10000e9c  PA:10000f38
14862633ns          248065 1c0082fc 12a2ae23 sw               x10, 316(x5)        x10:c05eb653  x5:10000e9c  PA:10000fd8
14862653ns          248066 1c0082c4 0043a50b p.lw             x10, 4(x7!)         x10=40d4d71b  x7=10000d70  x7:10000d6c  PA:10000d6c
14862692ns          248068 1c0082c8 90a6f343 fmadd.s          f6, f13, f10, f18    f6=xxxxxxxx f13:3f262ff3 f10:40d4d71b f18:00000000
14862712ns          248069 1c0082cc 0243ae03 lw               x28, 36(x7)         x28=411658e2  x7:10000d70  PA:10000d94
14862732ns          248070 1c0082d0 90aff8c3 fmadd.s          f17, f31, f10, f18  f17=xxxxxxxx f31:3f3c2ab0 f10:40d4d71b f18:00000000
14862752ns          248071 1c0082d4 90af7c43 fmadd.s          f24, f30, f10, f18  f24=xxxxxxxx f30:3e4870f2 f10:40d4d71b f18:00000000
14862772ns          248072 1c0082d8 31c87343 fmadd.s          f6, f16, f28, f6     f6=xxxxxxxx f16:3f3ceeb2 f28:411658e2  f6:408a2b59
14862792ns          248073 1c0082dc 04c3a503 lw               x10, 76(x7)         x10=40814302  x7:10000d70  PA:10000dbc
14862812ns          248074 1c0082e0 89c778c3 fmadd.s          f17, f14, f28, f17  f17=xxxxxxxx f14:bf2bc314 f28:411658e2 f17:409c7175
14862832ns          248075 1c0082e4 c1cefe43 fmadd.s          f28, f29, f28, f24  f28=xxxxxxxx f29:3d93273e f28:411658e2 f24:3fa6a5f4
14862851ns          248076 1c0082e8 30a5f343 fmadd.s          f6, f11, f10, f6     f6=xxxxxxxx f11:3e3c90de f10:40814302  f6:41340b22
14862871ns          248077 1c0082ec 88a678c3 fmadd.s          f17, f12, f10, f17  f17=xxxxxxxx f12:3dc854ab f10:40814302 f17:bfb539af
14862891ns          248078 1c0082f0 e0a7f543 fmadd.s          f10, f15, f10, f28  f10=xxxxxxxx f15:bf7a5f78 f10:40814302 f28:3ffd120a
14862911ns          248079 1c0082f4 0062a22b p.sw             x6, 4(x5!)           x5=10000ea0  x6:413ff1ed  x5:10000e9c  PA:10000e9c
14862931ns          248080 1c0082f8 0912ae23 sw               x17, 156(x5)        x17:bf82a622  x5:10000ea0  PA:10000f3c
14862951ns          248081 1c0082fc 12a2ae23 sw               x10, 316(x5)        x10:bffc9c88  x5:10000ea0  PA:10000fdc
14862971ns          248082 1c0082c4 0043a50b p.lw             x10, 4(x7!)         x10=40db06de  x7=10000d74  x7:10000d70  PA:10000d70
14863011ns          248084 1c0082c8 90a6f343 fmadd.s          f6, f13, f10, f18    f6=xxxxxxxx f13:3f262ff3 f10:40db06de f18:00000000
14863030ns          248085 1c0082cc 0243ae03 lw               x28, 36(x7)         x28=3fb24486  x7:10000d74  PA:10000d98
14863050ns          248086 1c0082d0 90aff8c3 fmadd.s          f17, f31, f10, f18  f17=xxxxxxxx f31:3f3c2ab0 f10:40db06de f18:00000000
14863070ns          248087 1c0082d4 90af7c43 fmadd.s          f24, f30, f10, f18  f24=xxxxxxxx f30:3e4870f2 f10:40db06de f18:00000000
14863090ns          248088 1c0082d8 31c87343 fmadd.s          f6, f16, f28, f6     f6=xxxxxxxx f16:3f3ceeb2 f28:3fb24486  f6:408e2f7a
14863110ns          248089 1c0082dc 04c3a503 lw               x10, 76(x7)         x10=411405da  x7:10000d74  PA:10000dc0
14863130ns          248090 1c0082e0 89c778c3 fmadd.s          f17, f14, f28, f17  f17=xxxxxxxx f14:bf2bc314 f28:3fb24486 f17:40a0fd91
14863150ns          248091 1c0082e4 c1cefe43 fmadd.s          f28, f29, f28, f24  f28=xxxxxxxx f29:3d93273e f28:3fb24486 f24:3fab7dff
14863170ns          248092 1c0082e8 30a5f343 fmadd.s          f6, f11, f10, f6     f6=xxxxxxxx f11:3e3c90de f10:411405da  f6:40af139d
14863190ns          248093 1c0082ec 88a678c3 fmadd.s          f17, f12, f10, f17  f17=xxxxxxxx f12:3dc854ab f10:411405da f17:408316aa
14863209ns          248094 1c0082f0 e0a7f543 fmadd.s          f10, f15, f10, f28  f10=xxxxxxxx f15:bf7a5f78 f10:411405da f28:3fb84d15
14863229ns          248095 1c0082f4 0062a22b p.sw             x6, 4(x5!)           x5=10000ea4  x6:40e597a5  x5:10000ea0  PA:10000ea0
14863249ns          248096 1c0082f8 0912ae23 sw               x17, 156(x5)        x17:40a00c0c  x5:10000ea4  PA:10000f40
14863269ns          248097 1c0082fc 12a2ae23 sw               x10, 316(x5)        x10:c0f37690  x5:10000ea4  PA:10000fe0
14863289ns          248098 1c0082c4 0043a50b p.lw             x10, 4(x7!)         x10=40dc0e62  x7=10000d78  x7:10000d74  PA:10000d74
14863329ns          248100 1c0082c8 90a6f343 fmadd.s          f6, f13, f10, f18    f6=xxxxxxxx f13:3f262ff3 f10:40dc0e62 f18:00000000
14863349ns          248101 1c0082cc 0243ae03 lw               x28, 36(x7)         x28=3f692958  x7:10000d78  PA:10000d9c
14863369ns          248102 1c0082d0 90aff8c3 fmadd.s          f17, f31, f10, f18  f17=xxxxxxxx f31:3f3c2ab0 f10:40dc0e62 f18:00000000
14863389ns          248103 1c0082d4 90af7c43 fmadd.s          f24, f30, f10, f18  f24=xxxxxxxx f30:3e4870f2 f10:40dc0e62 f18:00000000
14863408ns          248104 1c0082d8 31c87343 fmadd.s          f6, f16, f28, f6     f6=xxxxxxxx f16:3f3ceeb2 f28:3f692958  f6:408eda8b
14863428ns          248105 1c0082dc 04c3a503 lw               x10, 76(x7)         x10=40f9f468  x7:10000d78  PA:10000dc4
14863448ns          248106 1c0082e0 89c778c3 fmadd.s          f17, f14, f28, f17  f17=xxxxxxxx f14:bf2bc314 f28:3f692958 f17:40a1bf42
14863468ns          248107 1c0082e4 c1cefe43 fmadd.s          f28, f29, f28, f24  f28=xxxxxxxx f29:3d93273e f28:3f692958 f24:3fac4c53
14863488ns          248108 1c0082e8 30a5f343 fmadd.s          f6, f11, f10, f6     f6=xxxxxxxx f11:3e3c90de f10:40f9f468  f6:40a45d03
14863508ns          248109 1c0082ec 88a678c3 fmadd.s          f17, f12, f10, f17  f17=xxxxxxxx f12:3dc854ab f10:40f9f468 f17:408e3139
14863528ns          248110 1c0082f0 e0a7f543 fmadd.s          f10, f15, f10, f28  f10=xxxxxxxx f15:bf7a5f78 f10:40f9f468 f28:3fb4acbb
14863548ns          248111 1c0082f4 0062a22b p.sw             x6, 4(x5!)           x5=10000ea8  x6:40d2643f  x5:10000ea4  PA:10000ea4
14863568ns          248112 1c0082f8 0912ae23 sw               x17, 156(x5)        x17:40a6a46d  x5:10000ea8  PA:10000f44
14863587ns          248113 1c0082fc 12a2ae23 sw               x10, 316(x5)        x10:c0c74ab6  x5:10000ea8  PA:10000fe4
14863607ns          248114 1c008300 02848493 addi             x9, x9, 40           x9=1c010280  x9:1c010258
14863627ns          248115 1c008304 028b0b13 addi             x22, x22, 40        x22=10000ea8 x22:10000e80
14863647ns          248116 1c008308 e75a18e3 bne              x20, x21, -400      x20:1c0107d0 x21:1c0107d0
14863667ns          248117 1c00830c 0bc12083 lw               x1, 188(x2)          x1=1c0083a8  x2:10000d48  PA:10000e04
14863687ns          248118 1c00830e 0b812403 lw               x8, 184(x2)          x8=00000001  x2:10000d48  PA:10000e00
14863707ns          248119 1c008310 0b412483 lw               x9, 180(x2)          x9=xxxxxxxx  x2:10000d48  PA:10000dfc
14863727ns          248120 1c008312 0b012903 lw               x18, 176(x2)        x18=xxxxxxxx  x2:10000d48  PA:10000df8
14863747ns          248121 1c008314 0ac12983 lw               x19, 172(x2)        x19=xxxxxxxx  x2:10000d48  PA:10000df4
14863766ns          248122 1c008316 0a812a03 lw               x20, 168(x2)        x20=xxxxxxxx  x2:10000d48  PA:10000df0
14863786ns          248123 1c008318 0a412a83 lw               x21, 164(x2)        x21=xxxxxxxx  x2:10000d48  PA:10000dec
14863806ns          248124 1c00831a 0a012b03 lw               x22, 160(x2)        x22=xxxxxxxx  x2:10000d48  PA:10000de8
14863826ns          248125 1c00831c 09c12b83 lw               x23, 156(x2)        x23=xxxxxxxx  x2:10000d48  PA:10000de4
14863846ns          248126 1c00831e 09812c03 lw               x24, 152(x2)        x24=xxxxxxxx  x2:10000d48  PA:10000de0
14863866ns          248127 1c008320 09412c83 lw               x25, 148(x2)        x25=xxxxxxxx  x2:10000d48  PA:10000ddc
14863886ns          248128 1c008322 09012d03 lw               x26, 144(x2)        x26=xxxxxxxx  x2:10000d48  PA:10000dd8
14863906ns          248129 1c008324 08c12d83 lw               x27, 140(x2)        x27=xxxxxxxx  x2:10000d48  PA:10000dd4
14863926ns          248130 1c008326 0c010113 addi             x2, x2, 192          x2=10000e08  x2:10000d48
14863945ns          248131 1c008328 00008067 jalr             x0, x1, 0            x1:1c0083a8
14864144ns          248141 1c0083a8 f14027f3 csrrs            x15, x0, 0xf14      x15=00000001
14864184ns          248143 1c0083ac f457b7b3 p.bclr           x15, x15, 26, 5     x15=00000001 x15:00000001
14864622ns          248165 1c0083b0 0e078063 beq              x15, x0, 224        x15:00000001
14864662ns          248167 1c0083b2 339010ef jal              x1, 6968             x1=1c0083b6
14864781ns          248173 1c009eea f14027f3 csrrs            x15, x0, 0xf14      x15=00000001
14864801ns          248174 1c009eee 01f00713 addi             x14, x0, 31         x14=0000001f
14864841ns          248176 1c009ef0 ca5797b3 p.extractu       x15, x15, 5, 5      x15=00000000 x15:00000001
14864880ns          248178 1c009ef4 00e78863 beq              x15, x14, 16        x15:00000000 x14:0000001f
14864900ns          248179 1c009ef8 002047b7 lui              x15, 0x204000       x15=00204000
14864920ns          248180 1c009efc 20078793 addi             x15, x15, 512       x15=00204200 x15:00204000
14864980ns          248183 1c009f00 01c7e703 p.elw            x14, 28(x15)        x14=00010000 x15:00204200  PA:0020421c
15489748ns          279593 1c009f04 00008067 jalr             x0, x1, 0            x1:1c0083b6
15489788ns          279595 1c0083b6 00012683 lw               x13, 0(x2)          x13=403cb12c  x2:10000e08  PA:10000e08
15489808ns          279596 1c0083b8 00410593 addi             x11, x2, 4          x11=10000e0c  x2:10000e08
15489828ns          279597 1c0083ba 00b007b3 add              x15, x0, x11        x15=10000e0c x11:10000e0c
15489848ns          279598 1c0083bc 00d00633 add              x12, x0, x13        x12=403cb12c x13:403cb12c
15490365ns          279624 1c0083be 077250fb lp.setupi        0x1, 0x77, 0x4     
15490405ns          279626 1c0083c2 0047a50b p.lw             x10, 4(x15!)        x10=40f2a2a2 x15=10000e10 x15:10000e0c  PA:10000e0c
15490444ns          279628 1c0083c6 00a67653 fadd.s           f12, f12, f10       f12=xxxxxxxx f12:403cb12c f10:40f2a2a2
15490464ns          279629 1c0083c2 0047a50b p.lw             x10, 4(x15!)        x10=40ac72ee x15=10000e14 x15:10000e10  PA:10000e10
15490504ns          279631 1c0083c6 00a67653 fadd.s           f12, f12, f10       f12=xxxxxxxx f12:41287d9c f10:40ac72ee
15490524ns          279632 1c0083c2 0047a50b p.lw             x10, 4(x15!)        x10=404b8308 x15=10000e18 x15:10000e14  PA:10000e14
15490564ns          279634 1c0083c6 00a67653 fadd.s           f12, f12, f10       f12=xxxxxxxx f12:417eb713 f10:404b8308
15490584ns          279635 1c0083c2 0047a50b p.lw             x10, 4(x15!)        x10=40f3ba7c x15=10000e1c x15:10000e18  PA:10000e18
15490623ns          279637 1c0083c6 00a67653 fadd.s           f12, f12, f10       f12=xxxxxxxx f12:4198cbea f10:40f3ba7c
15490643ns          279638 1c0083c2 0047a50b p.lw             x10, 4(x15!)        x10=bf0184c6 x15=10000e20 x15:10000e1c  PA:10000e1c
15490683ns          279640 1c0083c6 00a67653 fadd.s           f12, f12, f10       f12=xxxxxxxx f12:41d5ba89 f10:bf0184c6
15490703ns          279641 1c0083c2 0047a50b p.lw             x10, 4(x15!)        x10=3f236cb4 x15=10000e24 x15:10000e20  PA:10000e20
15490743ns          279643 1c0083c6 00a67653 fadd.s           f12, f12, f10       f12=xxxxxxxx f12:41d1ae63 f10:3f236cb4
15490763ns          279644 1c0083c2 0047a50b p.lw             x10, 4(x15!)        x10=405d7828 x15=10000e28 x15:10000e24  PA:10000e24
15490802ns          279646 1c0083c6 00a67653 fadd.s           f12, f12, f10       f12=xxxxxxxx f12:41d6c9c9 f10:405d7828
15490822ns          279647 1c0083c2 0047a50b p.lw             x10, 4(x15!)        x10=40e0c7e5 x15=10000e2c x15:10000e28  PA:10000e28
15490862ns          279649 1c0083c6 00a67653 fadd.s           f12, f12, f10       f12=xxxxxxxx f12:41f278ce f10:40e0c7e5
15490882ns          279650 1c0083c2 0047a50b p.lw             x10, 4(x15!)        x10=403534a0 x15=10000e30 x15:10000e2c  PA:10000e2c
15490922ns          279652 1c0083c6 00a67653 fadd.s           f12, f12, f10       f12=xxxxxxxx f12:42155564 f10:403534a0
15490942ns          279653 1c0083c2 0047a50b p.lw             x10, 4(x15!)        x10=40cc2f36 x15=10000e34 x15:10000e30  PA:10000e30
15490982ns          279655 1c0083c6 00a67653 fadd.s           f12, f12, f10       f12=xxxxxxxx f12:4220a8ae f10:40cc2f36
15491001ns          279656 1c0083c2 0047a50b p.lw             x10, 4(x15!)        x10=40344f83 x15=10000e38 x15:10000e34  PA:10000e34
15491041ns          279658 1c0083c6 00a67653 fadd.s           f12, f12, f10       f12=xxxxxxxx f12:423a2e95 f10:40344f83
15491061ns          279659 1c0083c2 0047a50b p.lw             x10, 4(x15!)        x10=40591424 x15=10000e3c x15:10000e38  PA:10000e38
15491101ns          279661 1c0083c6 00a67653 fadd.s           f12, f12, f10       f12=xxxxxxxx f12:4245738d f10:40591424
15491121ns          279662 1c0083c2 0047a50b p.lw             x10, 4(x15!)        x10=405951ee x15=10000e40 x15:10000e3c  PA:10000e3c
15491161ns          279664 1c0083c6 00a67653 fadd.s           f12, f12, f10       f12=xxxxxxxx f12:425304cf f10:405951ee
15491180ns          279665 1c0083c2 0047a50b p.lw             x10, 4(x15!)        x10=40a7c78f x15=10000e44 x15:10000e40  PA:10000e40
15491220ns          279667 1c0083c6 00a67653 fadd.s           f12, f12, f10       f12=xxxxxxxx f12:426099ee f10:40a7c78f
15491240ns          279668 1c0083c2 0047a50b p.lw             x10, 4(x15!)        x10=411d4feb x15=10000e48 x15:10000e44  PA:10000e44
15491280ns          279670 1c0083c6 00a67653 fadd.s           f12, f12, f10       f12=xxxxxxxx f12:427592e0 f10:411d4feb
15491300ns          279671 1c0083c2 0047a50b p.lw             x10, 4(x15!)        x10=4114a1c8 x15=10000e4c x15:10000e48  PA:10000e48
15491340ns          279673 1c0083c6 00a67653 fadd.s           f12, f12, f10       f12=xxxxxxxx f12:428e736d f10:4114a1c8
15491359ns          279674 1c0083c2 0047a50b p.lw             x10, 4(x15!)        x10=40737de4 x15=10000e50 x15:10000e4c  PA:10000e4c
15491399ns          279676 1c0083c6 00a67653 fadd.s           f12, f12, f10       f12=xxxxxxxx f12:42a107a6 f10:40737de4
15491419ns          279677 1c0083c2 0047a50b p.lw             x10, 4(x15!)        x10=40d09cf8 x15=10000e54 x15:10000e50  PA:10000e50
15491459ns          279679 1c0083c6 00a67653 fadd.s           f12, f12, f10       f12=xxxxxxxx f12:42a8a395 f10:40d09cf8
15491479ns          279680 1c0083c2 0047a50b p.lw             x10, 4(x15!)        x10=4078ca6d x15=10000e58 x15:10000e54  PA:10000e54
15491519ns          279682 1c0083c6 00a67653 fadd.s           f12, f12, f10       f12=xxxxxxxx f12:42b5ad64 f10:4078ca6d
15491538ns          279683 1c0083c2 0047a50b p.lw             x10, 4(x15!)        x10=40c48ecd x15=10000e5c x15:10000e58  PA:10000e58
15491578ns          279685 1c0083c6 00a67653 fadd.s           f12, f12, f10       f12=xxxxxxxx f12:42bd73b7 f10:40c48ecd
15491598ns          279686 1c0083c2 0047a50b p.lw             x10, 4(x15!)        x10=3fdb9e85 x15=10000e60 x15:10000e5c  PA:10000e5c
15491638ns          279688 1c0083c6 00a67653 fadd.s           f12, f12, f10       f12=xxxxxxxx f12:42c9bca4 f10:3fdb9e85
15491658ns          279689 1c0083c2 0047a50b p.lw             x10, 4(x15!)        x10=3fc1da2b x15=10000e64 x15:10000e60  PA:10000e60
15491698ns          279691 1c0083c6 00a67653 fadd.s           f12, f12, f10       f12=xxxxxxxx f12:42cd2b1e f10:3fc1da2b
15491717ns          279692 1c0083c2 0047a50b p.lw             x10, 4(x15!)        x10=4000e2ab x15=10000e68 x15:10000e64  PA:10000e64
15491757ns          279694 1c0083c6 00a67653 fadd.s           f12, f12, f10       f12=xxxxxxxx f12:42d03287 f10:4000e2ab
15491777ns          279695 1c0083c2 0047a50b p.lw             x10, 4(x15!)        x10=404fe12a x15=10000e6c x15:10000e68  PA:10000e68
15491817ns          279697 1c0083c6 00a67653 fadd.s           f12, f12, f10       f12=xxxxxxxx f12:42d4399c f10:404fe12a
15491837ns          279698 1c0083c2 0047a50b p.lw             x10, 4(x15!)        x10=bf7b3f98 x15=10000e70 x15:10000e6c  PA:10000e6c
15491877ns          279700 1c0083c6 00a67653 fadd.s           f12, f12, f10       f12=xxxxxxxx f12:42dab8a5 f10:bf7b3f98
15491896ns          279701 1c0083c2 0047a50b p.lw             x10, 4(x15!)        x10=bf03da09 x15=10000e74 x15:10000e70  PA:10000e70
15491936ns          279703 1c0083c6 00a67653 fadd.s           f12, f12, f10       f12=xxxxxxxx f12:42d8c226 f10:bf03da09
15491956ns          279704 1c0083c2 0047a50b p.lw             x10, 4(x15!)        x10=bd4f17b5 x15=10000e78 x15:10000e74  PA:10000e74
15491996ns          279706 1c0083c6 00a67653 fadd.s           f12, f12, f10       f12=xxxxxxxx f12:42d7ba72 f10:bd4f17b5
15492016ns          279707 1c0083c2 0047a50b p.lw             x10, 4(x15!)        x10=40850319 x15=10000e7c x15:10000e78  PA:10000e78
15492056ns          279709 1c0083c6 00a67653 fadd.s           f12, f12, f10       f12=xxxxxxxx f12:42d7a08f f10:40850319
15492076ns          279710 1c0083c2 0047a50b p.lw             x10, 4(x15!)        x10=3e3297de x15=10000e80 x15:10000e7c  PA:10000e7c
15492115ns          279712 1c0083c6 00a67653 fadd.s           f12, f12, f10       f12=xxxxxxxx f12:42dff0c1 f10:3e3297de
15492135ns          279713 1c0083c2 0047a50b p.lw             x10, 4(x15!)        x10=40f82d3c x15=10000e84 x15:10000e80  PA:10000e80
15492175ns          279715 1c0083c6 00a67653 fadd.s           f12, f12, f10       f12=xxxxxxxx f12:42e04a0d f10:40f82d3c
15492195ns          279716 1c0083c2 0047a50b p.lw             x10, 4(x15!)        x10=40bb65d0 x15=10000e88 x15:10000e84  PA:10000e84
15492235ns          279718 1c0083c6 00a67653 fadd.s           f12, f12, f10       f12=xxxxxxxx f12:42efcce1 f10:40bb65d0
15492255ns          279719 1c0083c2 0047a50b p.lw             x10, 4(x15!)        x10=4155e7ef x15=10000e8c x15:10000e88  PA:10000e88
15492294ns          279721 1c0083c6 00a67653 fadd.s           f12, f12, f10       f12=xxxxxxxx f12:42fb833e f10:4155e7ef
15492314ns          279722 1c0083c2 0047a50b p.lw             x10, 4(x15!)        x10=40f63f00 x15=10000e90 x15:10000e8c  PA:10000e8c
15492354ns          279724 1c0083c6 00a67653 fadd.s           f12, f12, f10       f12=xxxxxxxx f12:430b201e f10:40f63f00
15492374ns          279725 1c0083c2 0047a50b p.lw             x10, 4(x15!)        x10=40eaa386 x15=10000e94 x15:10000e90  PA:10000e90
15492414ns          279727 1c0083c6 00a67653 fadd.s           f12, f12, f10       f12=xxxxxxxx f12:4312d216 f10:40eaa386
15492434ns          279728 1c0083c2 0047a50b p.lw             x10, 4(x15!)        x10=41018e9d x15=10000e98 x15:10000e94  PA:10000e94
15492473ns          279730 1c0083c6 00a67653 fadd.s           f12, f12, f10       f12=xxxxxxxx f12:431a2732 f10:41018e9d
15492493ns          279731 1c0083c2 0047a50b p.lw             x10, 4(x15!)        x10=40cff7d4 x15=10000e9c x15:10000e98  PA:10000e98
15492533ns          279733 1c0083c6 00a67653 fadd.s           f12, f12, f10       f12=xxxxxxxx f12:4322401c f10:40cff7d4
15492553ns          279734 1c0083c2 0047a50b p.lw             x10, 4(x15!)        x10=413ff1ed x15=10000ea0 x15:10000e9c  PA:10000e9c
15492593ns          279736 1c0083c6 00a67653 fadd.s           f12, f12, f10       f12=xxxxxxxx f12:4328bfdb f10:413ff1ed
15492613ns          279737 1c0083c2 0047a50b p.lw             x10, 4(x15!)        x10=40e597a5 x15=10000ea4 x15:10000ea0  PA:10000ea0
15492652ns          279739 1c0083c6 00a67653 fadd.s           f12, f12, f10       f12=xxxxxxxx f12:4334befa f10:40e597a5
15492672ns          279740 1c0083c2 0047a50b p.lw             x10, 4(x15!)        x10=40d2643f x15=10000ea8 x15:10000ea4  PA:10000ea4
15492712ns          279742 1c0083c6 00a67653 fadd.s           f12, f12, f10       f12=xxxxxxxx f12:433bebb7 f10:40d2643f
15492732ns          279743 1c0083c2 0047a50b p.lw             x10, 4(x15!)        x10=40b1d183 x15=10000eac x15:10000ea8  PA:10000ea8
15492772ns          279745 1c0083c6 00a67653 fadd.s           f12, f12, f10       f12=xxxxxxxx f12:43427ed9 f10:40b1d183
15492792ns          279746 1c0083c2 0047a50b p.lw             x10, 4(x15!)        x10=4066014d x15=10000eb0 x15:10000eac  PA:10000eac
15492831ns          279748 1c0083c6 00a67653 fadd.s           f12, f12, f10       f12=xxxxxxxx f12:43480d65 f10:4066014d
15492851ns          279749 1c0083c2 0047a50b p.lw             x10, 4(x15!)        x10=404afe95 x15=10000eb4 x15:10000eb0  PA:10000eb0
15492891ns          279751 1c0083c6 00a67653 fadd.s           f12, f12, f10       f12=xxxxxxxx f12:434ba56a f10:404afe95
15492911ns          279752 1c0083c2 0047a50b p.lw             x10, 4(x15!)        x10=40b29d48 x15=10000eb8 x15:10000eb4  PA:10000eb4
15492951ns          279754 1c0083c6 00a67653 fadd.s           f12, f12, f10       f12=xxxxxxxx f12:434ed164 f10:40b29d48
15492971ns          279755 1c0083c2 0047a50b p.lw             x10, 4(x15!)        x10=41364de3 x15=10000ebc x15:10000eb8  PA:10000eb8
15493010ns          279757 1c0083c6 00a67653 fadd.s           f12, f12, f10       f12=xxxxxxxx f12:4354664e f10:41364de3
15493030ns          279758 1c0083c2 0047a50b p.lw             x10, 4(x15!)        x10=408d6c7f x15=10000ec0 x15:10000ebc  PA:10000ebc
15493070ns          279760 1c0083c6 00a67653 fadd.s           f12, f12, f10       f12=xxxxxxxx f12:435fcb2c f10:408d6c7f
15493090ns          279761 1c0083c2 0047a50b p.lw             x10, 4(x15!)        x10=410f4df0 x15=10000ec4 x15:10000ec0  PA:10000ec0
15493130ns          279763 1c0083c6 00a67653 fadd.s           f12, f12, f10       f12=xxxxxxxx f12:43643690 f10:410f4df0
15493150ns          279764 1c0083c2 0047a50b p.lw             x10, 4(x15!)        x10=40aadb7b x15=10000ec8 x15:10000ec4  PA:10000ec4
15493189ns          279766 1c0083c6 00a67653 fadd.s           f12, f12, f10       f12=xxxxxxxx f12:436d2b6f f10:40aadb7b
15493209ns          279767 1c0083c2 0047a50b p.lw             x10, 4(x15!)        x10=407cb4b9 x15=10000ecc x15:10000ec8  PA:10000ec8
15493249ns          279769 1c0083c6 00a67653 fadd.s           f12, f12, f10       f12=xxxxxxxx f12:4372824b f10:407cb4b9
15493269ns          279770 1c0083c2 0047a50b p.lw             x10, 4(x15!)        x10=410c0095 x15=10000ed0 x15:10000ecc  PA:10000ecc
15493309ns          279772 1c0083c6 00a67653 fadd.s           f12, f12, f10       f12=xxxxxxxx f12:4376751e f10:410c0095
15493329ns          279773 1c0083c2 0047a50b p.lw             x10, 4(x15!)        x10=408f8fda x15=10000ed4 x15:10000ed0  PA:10000ed0
15493368ns          279775 1c0083c6 00a67653 fadd.s           f12, f12, f10       f12=xxxxxxxx f12:437f3527 f10:408f8fda
15493388ns          279776 1c0083c2 0047a50b p.lw             x10, 4(x15!)        x10=40c0b54f x15=10000ed8 x15:10000ed4  PA:10000ed4
15493428ns          279778 1c0083c6 00a67653 fadd.s           f12, f12, f10       f12=xxxxxxxx f12:4381d8d3 f10:40c0b54f
15493448ns          279779 1c0083c2 0047a50b p.lw             x10, 4(x15!)        x10=412370fe x15=10000edc x15:10000ed8  PA:10000ed8
15493488ns          279781 1c0083c6 00a67653 fadd.s           f12, f12, f10       f12=xxxxxxxx f12:4384dba8 f10:412370fe
15493508ns          279782 1c0083c2 0047a50b p.lw             x10, 4(x15!)        x10=40c370b3 x15=10000ee0 x15:10000edc  PA:10000edc
15493547ns          279784 1c0083c6 00a67653 fadd.s           f12, f12, f10       f12=xxxxxxxx f12:4389f730 f10:40c370b3
15493567ns          279785 1c0083c2 0047a50b p.lw             x10, 4(x15!)        x10=405ec35e x15=10000ee4 x15:10000ee0  PA:10000ee0
15493607ns          279787 1c0083c6 00a67653 fadd.s           f12, f12, f10       f12=xxxxxxxx f12:438d04f3 f10:405ec35e
15493627ns          279788 1c0083c2 0047a50b p.lw             x10, 4(x15!)        x10=4093fa2c x15=10000ee8 x15:10000ee4  PA:10000ee4
15493667ns          279790 1c0083c6 00a67653 fadd.s           f12, f12, f10       f12=xxxxxxxx f12:438ec27a f10:4093fa2c
15493687ns          279791 1c0083c2 0047a50b p.lw             x10, 4(x15!)        x10=bf929173 x15=10000eec x15:10000ee8  PA:10000ee8
15493726ns          279793 1c0083c6 00a67653 fadd.s           f12, f12, f10       f12=xxxxxxxx f12:43911263 f10:bf929173
15493746ns          279794 1c0083c2 0047a50b p.lw             x10, 4(x15!)        x10=41175db9 x15=10000ef0 x15:10000eec  PA:10000eec
15493786ns          279796 1c0083c6 00a67653 fadd.s           f12, f12, f10       f12=xxxxxxxx f12:43907fd2 f10:41175db9
15493806ns          279797 1c0083c2 0047a50b p.lw             x10, 4(x15!)        x10=40b2d428 x15=10000ef4 x15:10000ef0  PA:10000ef0
15493846ns          279799 1c0083c6 00a67653 fadd.s           f12, f12, f10       f12=xxxxxxxx f12:43953ac0 f10:40b2d428
15493866ns          279800 1c0083c2 0047a50b p.lw             x10, 4(x15!)        x10=40500511 x15=10000ef8 x15:10000ef4  PA:10000ef4
15493905ns          279802 1c0083c6 00a67653 fadd.s           f12, f12, f10       f12=xxxxxxxx f12:43980611 f10:40500511
15493925ns          279803 1c0083c2 0047a50b p.lw             x10, 4(x15!)        x10=409537c5 x15=10000efc x15:10000ef8  PA:10000ef8
15493965ns          279805 1c0083c6 00a67653 fadd.s           f12, f12, f10       f12=xxxxxxxx f12:4399a61b f10:409537c5
15493985ns          279806 1c0083c2 0047a50b p.lw             x10, 4(x15!)        x10=40caacfd x15=10000f00 x15:10000efc  PA:10000efc
15494025ns          279808 1c0083c6 00a67653 fadd.s           f12, f12, f10       f12=xxxxxxxx f12:439bfafa f10:40caacfd
15494045ns          279809 1c0083c2 0047a50b p.lw             x10, 4(x15!)        x10=40366bca x15=10000f04 x15:10000f00  PA:10000f00
15494084ns          279811 1c0083c6 00a67653 fadd.s           f12, f12, f10       f12=xxxxxxxx f12:439f25ae f10:40366bca
15494104ns          279812 1c0083c2 0047a50b p.lw             x10, 4(x15!)        x10=41011776 x15=10000f08 x15:10000f04  PA:10000f04
15494144ns          279814 1c0083c6 00a67653 fadd.s           f12, f12, f10       f12=xxxxxxxx f12:43a09286 f10:41011776
15494164ns          279815 1c0083c2 0047a50b p.lw             x10, 4(x15!)        x10=c03364ea x15=10000f0c x15:10000f08  PA:10000f08
15494204ns          279817 1c0083c6 00a67653 fadd.s           f12, f12, f10       f12=xxxxxxxx f12:43a49b42 f10:c03364ea
15494224ns          279818 1c0083c2 0047a50b p.lw             x10, 4(x15!)        x10=408c59a0 x15=10000f10 x15:10000f0c  PA:10000f0c
15494263ns          279820 1c0083c6 00a67653 fadd.s           f12, f12, f10       f12=xxxxxxxx f12:43a33478 f10:408c59a0
15494283ns          279821 1c0083c2 0047a50b p.lw             x10, 4(x15!)        x10=4037ab62 x15=10000f14 x15:10000f10  PA:10000f10
15494323ns          279823 1c0083c6 00a67653 fadd.s           f12, f12, f10       f12=xxxxxxxx f12:43a565de f10:4037ab62
15494343ns          279824 1c0083c2 0047a50b p.lw             x10, 4(x15!)        x10=407ff442 x15=10000f18 x15:10000f14  PA:10000f14
15494383ns          279826 1c0083c6 00a67653 fadd.s           f12, f12, f10       f12=xxxxxxxx f12:43a6d535 f10:407ff442
15494403ns          279827 1c0083c2 0047a50b p.lw             x10, 4(x15!)        x10=40f8e1d4 x15=10000f1c x15:10000f18  PA:10000f18
15494443ns          279829 1c0083c6 00a67653 fadd.s           f12, f12, f10       f12=xxxxxxxx f12:43a8d51e f10:40f8e1d4
15494462ns          279830 1c0083c2 0047a50b p.lw             x10, 4(x15!)        x10=3fcbdcce x15=10000f20 x15:10000f1c  PA:10000f1c
15494502ns          279832 1c0083c6 00a67653 fadd.s           f12, f12, f10       f12=xxxxxxxx f12:43acb8a5 f10:3fcbdcce
15494522ns          279833 1c0083c2 0047a50b p.lw             x10, 4(x15!)        x10=40830289 x15=10000f24 x15:10000f20  PA:10000f20
15494562ns          279835 1c0083c6 00a67653 fadd.s           f12, f12, f10       f12=xxxxxxxx f12:43ad8482 f10:40830289
15494582ns          279836 1c0083c2 0047a50b p.lw             x10, 4(x15!)        x10=c0989afd x15=10000f28 x15:10000f24  PA:10000f24
15494622ns          279838 1c0083c6 00a67653 fadd.s           f12, f12, f10       f12=xxxxxxxx f12:43af908c f10:c0989afd
15494641ns          279839 1c0083c2 0047a50b p.lw             x10, 4(x15!)        x10=3d86d8f2 x15=10000f2c x15:10000f28  PA:10000f28
15494681ns          279841 1c0083c6 00a67653 fadd.s           f12, f12, f10       f12=xxxxxxxx f12:43ad2e20 f10:3d86d8f2
15494701ns          279842 1c0083c2 0047a50b p.lw             x10, 4(x15!)        x10=40c1f2f6 x15=10000f30 x15:10000f2c  PA:10000f2c
15494741ns          279844 1c0083c6 00a67653 fadd.s           f12, f12, f10       f12=xxxxxxxx f12:43ad368e f10:40c1f2f6
15494761ns          279845 1c0083c2 0047a50b p.lw             x10, 4(x15!)        x10=bfef705f x15=10000f34 x15:10000f30  PA:10000f30
15494801ns          279847 1c0083c6 00a67653 fadd.s           f12, f12, f10       f12=xxxxxxxx f12:43b03e5a f10:bfef705f
15494820ns          279848 1c0083c2 0047a50b p.lw             x10, 4(x15!)        x10=40cb7b9f x15=10000f38 x15:10000f34  PA:10000f34
15494860ns          279850 1c0083c6 00a67653 fadd.s           f12, f12, f10       f12=xxxxxxxx f12:43af4eea f10:40cb7b9f
15494880ns          279851 1c0083c2 0047a50b p.lw             x10, 4(x15!)        x10=404a0ab5 x15=10000f3c x15:10000f38  PA:10000f38
15494920ns          279853 1c0083c6 00a67653 fadd.s           f12, f12, f10       f12=xxxxxxxx f12:43b27cd8 f10:404a0ab5
15494940ns          279854 1c0083c2 0047a50b p.lw             x10, 4(x15!)        x10=bf82a622 x15=10000f40 x15:10000f3c  PA:10000f3c
15494980ns          279856 1c0083c6 00a67653 fadd.s           f12, f12, f10       f12=xxxxxxxx f12:43b410ed f10:bf82a622
15494999ns          279857 1c0083c2 0047a50b p.lw             x10, 4(x15!)        x10=40a00c0c x15=10000f44 x15:10000f40  PA:10000f40
15495039ns          279859 1c0083c6 00a67653 fadd.s           f12, f12, f10       f12=xxxxxxxx f12:43b38e47 f10:40a00c0c
15495059ns          279860 1c0083c2 0047a50b p.lw             x10, 4(x15!)        x10=40a6a46d x15=10000f48 x15:10000f44  PA:10000f44
15495099ns          279862 1c0083c6 00a67653 fadd.s           f12, f12, f10       f12=xxxxxxxx f12:43b60e77 f10:40a6a46d
15495119ns          279863 1c0083c2 0047a50b p.lw             x10, 4(x15!)        x10=3f92666c x15=10000f4c x15:10000f48  PA:10000f48
15495159ns          279865 1c0083c6 00a67653 fadd.s           f12, f12, f10       f12=xxxxxxxx f12:43b8a909 f10:3f92666c
15495178ns          279866 1c0083c2 0047a50b p.lw             x10, 4(x15!)        x10=40f24dd1 x15=10000f50 x15:10000f4c  PA:10000f4c
15495218ns          279868 1c0083c6 00a67653 fadd.s           f12, f12, f10       f12=xxxxxxxx f12:43b93b6f f10:40f24dd1
15495238ns          279869 1c0083c2 0047a50b p.lw             x10, 4(x15!)        x10=3f8fa4c8 x15=10000f54 x15:10000f50  PA:10000f50
15495278ns          279871 1c0083c6 00a67653 fadd.s           f12, f12, f10       f12=xxxxxxxx f12:43bd04a6 f10:3f8fa4c8
15495298ns          279872 1c0083c2 0047a50b p.lw             x10, 4(x15!)        x10=3f982841 x15=10000f58 x15:10000f54  PA:10000f54
15495338ns          279874 1c0083c6 00a67653 fadd.s           f12, f12, f10       f12=xxxxxxxx f12:43bd944b f10:3f982841
15495357ns          279875 1c0083c2 0047a50b p.lw             x10, 4(x15!)        x10=40a0699c x15=10000f5c x15:10000f58  PA:10000f58
15495397ns          279877 1c0083c6 00a67653 fadd.s           f12, f12, f10       f12=xxxxxxxx f12:43be2c73 f10:40a0699c
15495417ns          279878 1c0083c2 0047a50b p.lw             x10, 4(x15!)        x10=3fa0aca2 x15=10000f60 x15:10000f5c  PA:10000f5c
15495457ns          279880 1c0083c6 00a67653 fadd.s           f12, f12, f10       f12=xxxxxxxx f12:43c0ae19 f10:3fa0aca2
15495477ns          279881 1c0083c2 0047a50b p.lw             x10, 4(x15!)        x10=40d5cb94 x15=10000f64 x15:10000f60  PA:10000f60
15495517ns          279883 1c0083c6 00a67653 fadd.s           f12, f12, f10       f12=xxxxxxxx f12:43c14ec6 f10:40d5cb94
15495536ns          279884 1c0083c2 0047a50b p.lw             x10, 4(x15!)        x10=3fcbca44 x15=10000f68 x15:10000f64  PA:10000f64
15495576ns          279886 1c0083c6 00a67653 fadd.s           f12, f12, f10       f12=xxxxxxxx f12:43c4a5f4 f10:3fcbca44
15495596ns          279887 1c0083c2 0047a50b p.lw             x10, 4(x15!)        x10=410c4490 x15=10000f6c x15:10000f68  PA:10000f68
15495636ns          279889 1c0083c6 00a67653 fadd.s           f12, f12, f10       f12=xxxxxxxx f12:43c571be f10:410c4490
15495656ns          279890 1c0083c2 0047a50b p.lw             x10, 4(x15!)        x10=407f01ef x15=10000f70 x15:10000f6c  PA:10000f6c
15495696ns          279892 1c0083c6 00a67653 fadd.s           f12, f12, f10       f12=xxxxxxxx f12:43c9d3e2 f10:407f01ef
15495716ns          279893 1c0083c2 0047a50b p.lw             x10, 4(x15!)        x10=40627b04 x15=10000f74 x15:10000f70  PA:10000f70
15495755ns          279895 1c0083c6 00a67653 fadd.s           f12, f12, f10       f12=xxxxxxxx f12:43cbd1e6 f10:40627b04
15495775ns          279896 1c0083c2 0047a50b p.lw             x10, 4(x15!)        x10=3e855ee8 x15=10000f78 x15:10000f74  PA:10000f74
15495815ns          279898 1c0083c6 00a67653 fadd.s           f12, f12, f10       f12=xxxxxxxx f12:43cd96dc f10:3e855ee8
15495835ns          279899 1c0083c2 0047a50b p.lw             x10, 4(x15!)        x10=3f45baf9 x15=10000f7c x15:10000f78  PA:10000f78
15495875ns          279901 1c0083c6 00a67653 fadd.s           f12, f12, f10       f12=xxxxxxxx f12:43cdb834 f10:3f45baf9
15495895ns          279902 1c0083c2 0047a50b p.lw             x10, 4(x15!)        x10=40d964d8 x15=10000f80 x15:10000f7c  PA:10000f7c
15495934ns          279904 1c0083c6 00a67653 fadd.s           f12, f12, f10       f12=xxxxxxxx f12:43ce1b11 f10:40d964d8
15495954ns          279905 1c0083c2 0047a50b p.lw             x10, 4(x15!)        x10=c05f0aae x15=10000f84 x15:10000f80  PA:10000f80
15495994ns          279907 1c0083c6 00a67653 fadd.s           f12, f12, f10       f12=xxxxxxxx f12:43d180a4 f10:c05f0aae
15496014ns          279908 1c0083c2 0047a50b p.lw             x10, 4(x15!)        x10=bee3a16f x15=10000f88 x15:10000f84  PA:10000f84
15496054ns          279910 1c0083c6 00a67653 fadd.s           f12, f12, f10       f12=xxxxxxxx f12:43cfc28f f10:bee3a16f
15496074ns          279911 1c0083c2 0047a50b p.lw             x10, 4(x15!)        x10=40577b62 x15=10000f8c x15:10000f88  PA:10000f88
15496113ns          279913 1c0083c6 00a67653 fadd.s           f12, f12, f10       f12=xxxxxxxx f12:43cf89a7 f10:40577b62
15496133ns          279914 1c0083c2 0047a50b p.lw             x10, 4(x15!)        x10=40898be1 x15=10000f90 x15:10000f8c  PA:10000f8c
15496173ns          279916 1c0083c6 00a67653 fadd.s           f12, f12, f10       f12=xxxxxxxx f12:43d1389e f10:40898be1
15496193ns          279917 1c0083c2 0047a50b p.lw             x10, 4(x15!)        x10=bf82d3be x15=10000f94 x15:10000f90  PA:10000f90
15496233ns          279919 1c0083c6 00a67653 fadd.s           f12, f12, f10       f12=xxxxxxxx f12:43d35ece f10:bf82d3be
15496253ns          279920 1c0083c2 0047a50b p.lw             x10, 4(x15!)        x10=bfa7ca39 x15=10000f98 x15:10000f94  PA:10000f94
15496292ns          279922 1c0083c6 00a67653 fadd.s           f12, f12, f10       f12=xxxxxxxx f12:43d2dbfa f10:bfa7ca39
15496312ns          279923 1c0083c2 0047a50b p.lw             x10, 4(x15!)        x10=4101b1f0 x15=10000f9c x15:10000f98  PA:10000f98
15496352ns          279925 1c0083c6 00a67653 fadd.s           f12, f12, f10       f12=xxxxxxxx f12:43d23430 f10:4101b1f0
15496372ns          279926 1c0083c2 0047a50b p.lw             x10, 4(x15!)        x10=40a898a4 x15=10000fa0 x15:10000f9c  PA:10000f9c
15496412ns          279928 1c0083c6 00a67653 fadd.s           f12, f12, f10       f12=xxxxxxxx f12:43d641c0 f10:40a898a4
15496432ns          279929 1c0083c2 0047a50b p.lw             x10, 4(x15!)        x10=40ecd794 x15=10000fa4 x15:10000fa0  PA:10000fa0
15496471ns          279931 1c0083c6 00a67653 fadd.s           f12, f12, f10       f12=xxxxxxxx f12:43d8e423 f10:40ecd794
15496491ns          279932 1c0083c2 0047a50b p.lw             x10, 4(x15!)        x10=40ae8e3e x15=10000fa8 x15:10000fa4  PA:10000fa4
15496531ns          279934 1c0083c6 00a67653 fadd.s           f12, f12, f10       f12=xxxxxxxx f12:43dc9781 f10:40ae8e3e
15496551ns          279935 1c0083c2 0047a50b p.lw             x10, 4(x15!)        x10=4106657c x15=10000fac x15:10000fa8  PA:10000fa8
15496591ns          279937 1c0083c6 00a67653 fadd.s           f12, f12, f10       f12=xxxxxxxx f12:43df51ba f10:4106657c
15496611ns          279938 1c0083c2 0047a50b p.lw             x10, 4(x15!)        x10=40713c3a x15=10000fb0 x15:10000fac  PA:10000fac
15496650ns          279940 1c0083c6 00a67653 fadd.s           f12, f12, f10       f12=xxxxxxxx f12:43e384e6 f10:40713c3a
15496670ns          279941 1c0083c2 0047a50b p.lw             x10, 4(x15!)        x10=40dcbac9 x15=10000fb4 x15:10000fb0  PA:10000fb0
15496710ns          279943 1c0083c6 00a67653 fadd.s           f12, f12, f10       f12=xxxxxxxx f12:43e5675e f10:40dcbac9
15496730ns          279944 1c0083c2 0047a50b p.lw             x10, 4(x15!)        x10=41231695 x15=10000fb8 x15:10000fb4  PA:10000fb4
15496770ns          279946 1c0083c6 00a67653 fadd.s           f12, f12, f10       f12=xxxxxxxx f12:43e8da49 f10:41231695
15496790ns          279947 1c0083c2 0047a50b p.lw             x10, 4(x15!)        x10=414ae2d6 x15=10000fbc x15:10000fb8  PA:10000fb8
15496829ns          279949 1c0083c6 00a67653 fadd.s           f12, f12, f10       f12=xxxxxxxx f12:43edf2fe f10:414ae2d6
15496849ns          279950 1c0083c2 0047a50b p.lw             x10, 4(x15!)        x10=4053f284 x15=10000fc0 x15:10000fbc  PA:10000fbc
15496889ns          279952 1c0083c6 00a67653 fadd.s           f12, f12, f10       f12=xxxxxxxx f12:43f44a15 f10:4053f284
15496909ns          279953 1c0083c2 0047a50b p.lw             x10, 4(x15!)        x10=c0bf4499 x15=10000fc4 x15:10000fc0  PA:10000fc0
15496949ns          279955 1c0083c6 00a67653 fadd.s           f12, f12, f10       f12=xxxxxxxx f12:43f5f1fa f10:c0bf4499
15496969ns          279956 1c0083c2 0047a50b p.lw             x10, 4(x15!)        x10=bf2def07 x15=10000fc8 x15:10000fc4  PA:10000fc4
15497008ns          279958 1c0083c6 00a67653 fadd.s           f12, f12, f10       f12=xxxxxxxx f12:43f2f4e8 f10:bf2def07
15497028ns          279959 1c0083c2 0047a50b p.lw             x10, 4(x15!)        x10=4008996e x15=10000fcc x15:10000fc8  PA:10000fc8
15497068ns          279961 1c0083c6 00a67653 fadd.s           f12, f12, f10       f12=xxxxxxxx f12:43f29df0 f10:4008996e
15497088ns          279962 1c0083c2 0047a50b p.lw             x10, 4(x15!)        x10=c00550c8 x15=10000fd0 x15:10000fcc  PA:10000fcc
15497128ns          279964 1c0083c6 00a67653 fadd.s           f12, f12, f10       f12=xxxxxxxx f12:43f3af23 f10:c00550c8
15497148ns          279965 1c0083c2 0047a50b p.lw             x10, 4(x15!)        x10=bf149fc2 x15=10000fd4 x15:10000fd0  PA:10000fd0
15497187ns          279967 1c0083c6 00a67653 fadd.s           f12, f12, f10       f12=xxxxxxxx f12:43f2a481 f10:bf149fc2
15497207ns          279968 1c0083c2 0047a50b p.lw             x10, 4(x15!)        x10=c0c53b04 x15=10000fd8 x15:10000fd4  PA:10000fd4
15497247ns          279970 1c0083c6 00a67653 fadd.s           f12, f12, f10       f12=xxxxxxxx f12:43f25a31 f10:c0c53b04
15497267ns          279971 1c0083c2 0047a50b p.lw             x10, 4(x15!)        x10=c05eb653 x15=10000fdc x15:10000fd8  PA:10000fd8
15497307ns          279973 1c0083c6 00a67653 fadd.s           f12, f12, f10       f12=xxxxxxxx f12:43ef4545 f10:c05eb653
15497327ns          279974 1c0083c2 0047a50b p.lw             x10, 4(x15!)        x10=bffc9c88 x15=10000fe0 x15:10000fdc  PA:10000fdc
15497366ns          279976 1c0083c6 00a67653 fadd.s           f12, f12, f10       f12=xxxxxxxx f12:43ed87d8 f10:bffc9c88
15497386ns          279977 1c0083c2 0047a50b p.lw             x10, 4(x15!)        x10=c0f37690 x15=10000fe4 x15:10000fe0  PA:10000fe0
15497426ns          279979 1c0083c6 00a67653 fadd.s           f12, f12, f10       f12=xxxxxxxx f12:43ec8b3b f10:c0f37690
15497446ns          279980 1c0083c2 0047a50b p.lw             x10, 4(x15!)        x10=c0c74ab6 x15=10000fe8 x15:10000fe4  PA:10000fe4
15497486ns          279982 1c0083c6 00a67653 fadd.s           f12, f12, f10       f12=xxxxxxxx f12:43e8bd61 f10:c0c74ab6
15497506ns          279983 1c0083ca 1c000737 lui              x14, 0x1c000000     x14=1c000000
15497903ns          280003 1c0083ce 01c72503 lw               x10, 28(x14)        x10=42f00000 x14:1c000000  PA:1c00001c
15498262ns          280021 1c0083d2 18a67553 fdiv.s           f10, f12, f10       f10=xxxxxxxx f12:43e5a036 f10:42f00000
15498719ns          280044 1c0083d6 08a6f6d3 fsub.s           f13, f13, f10       f13=xxxxxxxx f13:403cb12c f10:4074ef28
15498739ns          280045 1c0083da 40b787b3 sub              x15, x15, x11       x15=000001dc x15:10000fe8 x11:10000e0c
15498759ns          280046 1c0083dc ffc78793 addi             x15, x15, -4        x15=000001d8 x15:000001dc
15498779ns          280047 1c0083de 10d6f6d3 fmul.s           f13, f13, f13       f13=xxxxxxxx f13:bf60f7f0 f13:bf60f7f0
15498799ns          280048 1c0083e2 0027d793 srli             x15, x15, 0x2       x15=00000076 x15:000001d8
15498818ns          280049 1c0083e4 00178793 addi             x15, x15, 1         x15=00000077 x15:00000076
15498838ns          280050 1c0083e6 0067c0fb lp.setup         0x1, x15, 0x6       x15:00000077
15498858ns          280051 1c0083ea 0045a70b p.lw             x14, 4(x11!)        x14=40f2a2a2 x11=10000e10 x11:10000e0c  PA:10000e0c
15499196ns          280068 1c0083ee 08a77753 fsub.s           f14, f14, f10       f14=xxxxxxxx f14:40f2a2a2 f10:4074ef28
15499236ns          280070 1c0083f2 68e776c3 fmadd.s          f13, f14, f14, f13  f13=xxxxxxxx f14:4070561c f14:4070561c f13:3f45b2d4
15499276ns          280072 1c0083ea 0045a70b p.lw             x14, 4(x11!)        x14=40ac72ee x11=10000e14 x11:10000e10  PA:10000e10
15499316ns          280074 1c0083ee 08a77753 fsub.s           f14, f14, f10       f14=xxxxxxxx f14:40ac72ee f10:4074ef28
15499336ns          280075 1c0083f2 68e776c3 fmadd.s          f13, f14, f14, f13  f13=xxxxxxxx f14:3fc7ed68 f14:3fc7ed68 f13:416dfcbf
15499356ns          280076 1c0083ea 0045a70b p.lw             x14, 4(x11!)        x14=404b8308 x11=10000e18 x11:10000e14  PA:10000e14
15499395ns          280078 1c0083ee 08a77753 fsub.s           f14, f14, f10       f14=xxxxxxxx f14:404b8308 f10:4074ef28
15499415ns          280079 1c0083f2 68e776c3 fmadd.s          f13, f14, f14, f13  f13=xxxxxxxx f14:bf25b080 f14:bf25b080 f13:418a82be
15499435ns          280080 1c0083ea 0045a70b p.lw             x14, 4(x11!)        x14=40f3ba7c x11=10000e1c x11:10000e18  PA:10000e18
15499475ns          280082 1c0083ee 08a77753 fsub.s           f14, f14, f10       f14=xxxxxxxx f14:40f3ba7c f10:4074ef28
15499495ns          280083 1c0083f2 68e776c3 fmadd.s          f13, f14, f14, f13  f13=xxxxxxxx f14:407285d0 f14:407285d0 f13:418ddca6
15499515ns          280084 1c0083ea 0045a70b p.lw             x14, 4(x11!)        x14=bf0184c6 x11=10000e20 x11:10000e1c  PA:10000e1c
15499554ns          280086 1c0083ee 08a77753 fsub.s           f14, f14, f10       f14=xxxxxxxx f14:bf0184c6 f10:4074ef28
15499574ns          280087 1c0083f2 68e776c3 fmadd.s          f13, f14, f14, f13  f13=xxxxxxxx f14:c08aa82d f14:c08aa82d f13:42005ea4
15499594ns          280088 1c0083ea 0045a70b p.lw             x14, 4(x11!)        x14=3f236cb4 x11=10000e24 x11:10000e20  PA:10000e20
15499634ns          280090 1c0083ee 08a77753 fsub.s           f14, f14, f10       f14=xxxxxxxx f14:3f236cb4 f10:4074ef28
15499654ns          280091 1c0083f2 68e776c3 fmadd.s          f13, f14, f14, f13  f13=xxxxxxxx f14:c04c13fb f14:c04c13fb f13:424b7863
15499674ns          280092 1c0083ea 0045a70b p.lw             x14, 4(x11!)        x14=405d7828 x11=10000e28 x11:10000e24  PA:10000e24
15499714ns          280094 1c0083ee 08a77753 fsub.s           f14, f14, f10       f14=xxxxxxxx f14:405d7828 f10:4074ef28
15499733ns          280095 1c0083f2 68e776c3 fmadd.s          f13, f14, f14, f13  f13=xxxxxxxx f14:bebbb800 f14:bebbb800 f13:42742459
15499753ns          280096 1c0083ea 0045a70b p.lw             x14, 4(x11!)        x14=40e0c7e5 x11=10000e2c x11:10000e28  PA:10000e28
15499793ns          280098 1c0083ee 08a77753 fsub.s           f14, f14, f10       f14=xxxxxxxx f14:40e0c7e5 f10:4074ef28
15499813ns          280099 1c0083f2 68e776c3 fmadd.s          f13, f14, f14, f13  f13=xxxxxxxx f14:404ca0a2 f14:404ca0a2 f13:4274adff
15499833ns          280100 1c0083ea 0045a70b p.lw             x14, 4(x11!)        x14=403534a0 x11=10000e30 x11:10000e2c  PA:10000e2c
15499873ns          280102 1c0083ee 08a77753 fsub.s           f14, f14, f10       f14=xxxxxxxx f14:403534a0 f10:4074ef28
15499893ns          280103 1c0083f2 68e776c3 fmadd.s          f13, f14, f14, f13  f13=xxxxxxxx f14:bf7eea20 f14:bf7eea20 f13:428ec90c
15499912ns          280104 1c0083ea 0045a70b p.lw             x14, 4(x11!)        x14=40cc2f36 x11=10000e34 x11:10000e30  PA:10000e30
15499952ns          280106 1c0083ee 08a77753 fsub.s           f14, f14, f10       f14=xxxxxxxx f14:40cc2f36 f10:4074ef28
15499972ns          280107 1c0083f2 68e776c3 fmadd.s          f13, f14, f14, f13  f13=xxxxxxxx f14:40236f44 f14:40236f44 f13:4290c4b7
15499992ns          280108 1c0083ea 0045a70b p.lw             x14, 4(x11!)        x14=40344f83 x11=10000e38 x11:10000e34  PA:10000e34
15500032ns          280110 1c0083ee 08a77753 fsub.s           f14, f14, f10       f14=xxxxxxxx f14:40344f83 f10:4074ef28
15500052ns          280111 1c0083f2 68e776c3 fmadd.s          f13, f14, f14, f13  f13=xxxxxxxx f14:bf813f4a f14:bf813f4a f13:429dcf93
15500072ns          280112 1c0083ea 0045a70b p.lw             x14, 4(x11!)        x14=40591424 x11=10000e3c x11:10000e38  PA:10000e38
15500111ns          280114 1c0083ee 08a77753 fsub.s           f14, f14, f10       f14=xxxxxxxx f14:40591424 f10:4074ef28
15500131ns          280115 1c0083f2 68e776c3 fmadd.s          f13, f14, f14, f13  f13=xxxxxxxx f14:beded820 f14:beded820 f13:429fd99a
15500151ns          280116 1c0083ea 0045a70b p.lw             x14, 4(x11!)        x14=405951ee x11=10000e40 x11:10000e3c  PA:10000e3c
15500191ns          280118 1c0083ee 08a77753 fsub.s           f14, f14, f10       f14=xxxxxxxx f14:405951ee f10:4074ef28
15500211ns          280119 1c0083f2 68e776c3 fmadd.s          f13, f14, f14, f13  f13=xxxxxxxx f14:bedce9d0 f14:bedce9d0 f13:42a03a98
15500231ns          280120 1c0083ea 0045a70b p.lw             x14, 4(x11!)        x14=40a7c78f x11=10000e44 x11:10000e40  PA:10000e40
15500270ns          280122 1c0083ee 08a77753 fsub.s           f14, f14, f10       f14=xxxxxxxx f14:40a7c78f f10:4074ef28
15500290ns          280123 1c0083f2 68e776c3 fmadd.s          f13, f14, f14, f13  f13=xxxxxxxx f14:3fb53fec f14:3fb53fec f13:42a099e9
15500310ns          280124 1c0083ea 0045a70b p.lw             x14, 4(x11!)        x14=411d4feb x11=10000e48 x11:10000e44  PA:10000e44
15500350ns          280126 1c0083ee 08a77753 fsub.s           f14, f14, f10       f14=xxxxxxxx f14:411d4feb f10:4074ef28
15500370ns          280127 1c0083f2 68e776c3 fmadd.s          f13, f14, f14, f13  f13=xxxxxxxx f14:40c02842 f14:40c02842 f13:42a49c85
15500390ns          280128 1c0083ea 0045a70b p.lw             x14, 4(x11!)        x14=4114a1c8 x11=10000e4c x11:10000e48  PA:10000e48
15500430ns          280130 1c0083ee 08a77753 fsub.s           f14, f14, f10       f14=xxxxxxxx f14:4114a1c8 f10:4074ef28
15500450ns          280131 1c0083f2 68e776c3 fmadd.s          f13, f14, f14, f13  f13=xxxxxxxx f14:40aecbfc f14:40aecbfc f13:42ecbaba
15500469ns          280132 1c0083ea 0045a70b p.lw             x14, 4(x11!)        x14=40737de4 x11=10000e50 x11:10000e4c  PA:10000e4c
15500509ns          280134 1c0083ee 08a77753 fsub.s           f14, f14, f10       f14=xxxxxxxx f14:40737de4 f10:4074ef28
15500529ns          280135 1c0083f2 68e776c3 fmadd.s          f13, f14, f14, f13  f13=xxxxxxxx f14:bcb8a200 f14:bcb8a200 f13:431433d8
15500549ns          280136 1c0083ea 0045a70b p.lw             x14, 4(x11!)        x14=40d09cf8 x11=10000e54 x11:10000e50  PA:10000e50
15500589ns          280138 1c0083ee 08a77753 fsub.s           f14, f14, f10       f14=xxxxxxxx f14:40d09cf8 f10:4074ef28
15500609ns          280139 1c0083f2 68e776c3 fmadd.s          f13, f14, f14, f13  f13=xxxxxxxx f14:402c4ac8 f14:402c4ac8 f13:431433f9
15500629ns          280140 1c0083ea 0045a70b p.lw             x14, 4(x11!)        x14=4078ca6d x11=10000e58 x11:10000e54  PA:10000e54
15500668ns          280142 1c0083ee 08a77753 fsub.s           f14, f14, f10       f14=xxxxxxxx f14:4078ca6d f10:4074ef28
15500688ns          280143 1c0083f2 68e776c3 fmadd.s          f13, f14, f14, f13  f13=xxxxxxxx f14:3d76d140 f14:3d76d140 f13:431b7342
15500708ns          280144 1c0083ea 0045a70b p.lw             x14, 4(x11!)        x14=40c48ecd x11=10000e5c x11:10000e58  PA:10000e58
15500748ns          280146 1c0083ee 08a77753 fsub.s           f14, f14, f10       f14=xxxxxxxx f14:40c48ecd f10:4074ef28
15500768ns          280147 1c0083f2 68e776c3 fmadd.s          f13, f14, f14, f13  f13=xxxxxxxx f14:40142e72 f14:40142e72 f13:431b7430
15500788ns          280148 1c0083ea 0045a70b p.lw             x14, 4(x11!)        x14=3fdb9e85 x11=10000e60 x11:10000e5c  PA:10000e5c
15500827ns          280150 1c0083ee 08a77753 fsub.s           f14, f14, f10       f14=xxxxxxxx f14:3fdb9e85 f10:4074ef28
15500847ns          280151 1c0083f2 68e776c3 fmadd.s          f13, f14, f14, f13  f13=xxxxxxxx f14:c0071fe6 f14:c0071fe6 f13:4320d08c
15500867ns          280152 1c0083ea 0045a70b p.lw             x14, 4(x11!)        x14=3fc1da2b x11=10000e64 x11:10000e60  PA:10000e60
15500907ns          280154 1c0083ee 08a77753 fsub.s           f14, f14, f10       f14=xxxxxxxx f14:3fc1da2b f10:4074ef28
15500927ns          280155 1c0083f2 68e776c3 fmadd.s          f13, f14, f14, f13  f13=xxxxxxxx f14:c0140212 f14:c0140212 f13:432545b7
15500947ns          280156 1c0083ea 0045a70b p.lw             x14, 4(x11!)        x14=4000e2ab x11=10000e68 x11:10000e64  PA:10000e64
15500987ns          280158 1c0083ee 08a77753 fsub.s           f14, f14, f10       f14=xxxxxxxx f14:4000e2ab f10:4074ef28
15501006ns          280159 1c0083f2 68e776c3 fmadd.s          f13, f14, f14, f13  f13=xxxxxxxx f14:bfe818fa f14:bfe818fa f13:432a9edd
15501026ns          280160 1c0083ea 0045a70b p.lw             x14, 4(x11!)        x14=404fe12a x11=10000e6c x11:10000e68  PA:10000e68
15501066ns          280162 1c0083ee 08a77753 fsub.s           f14, f14, f10       f14=xxxxxxxx f14:404fe12a f10:4074ef28
15501086ns          280163 1c0083f2 68e776c3 fmadd.s          f13, f14, f14, f13  f13=xxxxxxxx f14:bf1437f8 f14:bf1437f8 f13:432de892
15501106ns          280164 1c0083ea 0045a70b p.lw             x14, 4(x11!)        x14=bf7b3f98 x11=10000e70 x11:10000e6c  PA:10000e6c
15501146ns          280166 1c0083ee 08a77753 fsub.s           f14, f14, f10       f14=xxxxxxxx f14:bf7b3f98 f10:4074ef28
15501166ns          280167 1c0083f2 68e776c3 fmadd.s          f13, f14, f14, f13  f13=xxxxxxxx f14:c099df87 f14:c099df87 f13:432e3e63
15501185ns          280168 1c0083ea 0045a70b p.lw             x14, 4(x11!)        x14=bf03da09 x11=10000e74 x11:10000e70  PA:10000e70
15501225ns          280170 1c0083ee 08a77753 fsub.s           f14, f14, f10       f14=xxxxxxxx f14:bf03da09 f10:4074ef28
15501245ns          280171 1c0083f2 68e776c3 fmadd.s          f13, f14, f14, f13  f13=xxxxxxxx f14:c08af2d5 f14:c08af2d5 f13:43455da0
15501265ns          280172 1c0083ea 0045a70b p.lw             x14, 4(x11!)        x14=bd4f17b5 x11=10000e78 x11:10000e74  PA:10000e74
15501305ns          280174 1c0083ee 08a77753 fsub.s           f14, f14, f10       f14=xxxxxxxx f14:bd4f17b5 f10:4074ef28
15501325ns          280175 1c0083f2 68e776c3 fmadd.s          f13, f14, f14, f13  f13=xxxxxxxx f14:c0782b87 f14:c0782b87 f13:4358384d
15501345ns          280176 1c0083ea 0045a70b p.lw             x14, 4(x11!)        x14=40850319 x11=10000e7c x11:10000e78  PA:10000e78
15501384ns          280178 1c0083ee 08a77753 fsub.s           f14, f14, f10       f14=xxxxxxxx f14:40850319 f10:4074ef28
15501404ns          280179 1c0083f2 68e776c3 fmadd.s          f13, f14, f14, f13  f13=xxxxxxxx f14:3ea8b850 f14:3ea8b850 f13:43674193
15501424ns          280180 1c0083ea 0045a70b p.lw             x14, 4(x11!)        x14=3e3297de x11=10000e80 x11:10000e7c  PA:10000e7c
15501464ns          280182 1c0083ee 08a77753 fsub.s           f14, f14, f10       f14=xxxxxxxx f14:3e3297de f10:4074ef28
15501484ns          280183 1c0083f2 68e776c3 fmadd.s          f13, f14, f14, f13  f13=xxxxxxxx f14:c069c5aa f14:c069c5aa f13:43675d60
15501504ns          280184 1c0083ea 0045a70b p.lw             x14, 4(x11!)        x14=40f82d3c x11=10000e84 x11:10000e80  PA:10000e80
15501544ns          280186 1c0083ee 08a77753 fsub.s           f14, f14, f10       f14=xxxxxxxx f14:40f82d3c f10:4074ef28
15501563ns          280187 1c0083f2 68e776c3 fmadd.s          f13, f14, f14, f13  f13=xxxxxxxx f14:407b6b50 f14:407b6b50 f13:4374b4f7
15501583ns          280188 1c0083ea 0045a70b p.lw             x14, 4(x11!)        x14=40bb65d0 x11=10000e88 x11:10000e84  PA:10000e84
15501623ns          280190 1c0083ee 08a77753 fsub.s           f14, f14, f10       f14=xxxxxxxx f14:40bb65d0 f10:4074ef28
15501643ns          280191 1c0083f2 68e776c3 fmadd.s          f13, f14, f14, f13  f13=xxxxxxxx f14:4001dc78 f14:4001dc78 f13:438211d8
15501663ns          280192 1c0083ea 0045a70b p.lw             x14, 4(x11!)        x14=4155e7ef x11=10000e8c x11:10000e88  PA:10000e88
15501703ns          280194 1c0083ee 08a77753 fsub.s           f14, f14, f10       f14=xxxxxxxx f14:4155e7ef f10:4074ef28
15501723ns          280195 1c0083f2 68e776c3 fmadd.s          f13, f14, f14, f13  f13=xxxxxxxx f14:4118ac25 f14:4118ac25 f13:438420d7
15501742ns          280196 1c0083ea 0045a70b p.lw             x14, 4(x11!)        x14=40f63f00 x11=10000e90 x11:10000e8c  PA:10000e8c
15501782ns          280198 1c0083ee 08a77753 fsub.s           f14, f14, f10       f14=xxxxxxxx f14:40f63f00 f10:4074ef28
15501802ns          280199 1c0083f2 68e776c3 fmadd.s          f13, f14, f14, f13  f13=xxxxxxxx f14:40778ed8 f14:40778ed8 f13:43b1a747
15501822ns          280200 1c0083ea 0045a70b p.lw             x14, 4(x11!)        x14=40eaa386 x11=10000e94 x11:10000e90  PA:10000e90
15501862ns          280202 1c0083ee 08a77753 fsub.s           f14, f14, f10       f14=xxxxxxxx f14:40eaa386 f10:4074ef28
15501882ns          280203 1c0083f2 68e776c3 fmadd.s          f13, f14, f14, f13  f13=xxxxxxxx f14:406057e4 f14:406057e4 f13:43b9226f
15501902ns          280204 1c0083ea 0045a70b p.lw             x14, 4(x11!)        x14=41018e9d x11=10000e98 x11:10000e94  PA:10000e94
15501941ns          280206 1c0083ee 08a77753 fsub.s           f14, f14, f10       f14=xxxxxxxx f14:41018e9d f10:4074ef28
15501961ns          280207 1c0083f2 68e776c3 fmadd.s          f13, f14, f14, f13  f13=xxxxxxxx f14:4088a5a6 f14:4088a5a6 f13:43bf473e
15501981ns          280208 1c0083ea 0045a70b p.lw             x14, 4(x11!)        x14=40cff7d4 x11=10000e9c x11:10000e98  PA:10000e98
15502021ns          280210 1c0083ee 08a77753 fsub.s           f14, f14, f10       f14=xxxxxxxx f14:40cff7d4 f10:4074ef28
15502041ns          280211 1c0083f2 68e776c3 fmadd.s          f13, f14, f14, f13  f13=xxxxxxxx f14:402b0080 f14:402b0080 f13:43c8654b
15502061ns          280212 1c0083ea 0045a70b p.lw             x14, 4(x11!)        x14=413ff1ed x11=10000ea0 x11:10000e9c  PA:10000e9c
15502100ns          280214 1c0083ee 08a77753 fsub.s           f14, f14, f10       f14=xxxxxxxx f14:413ff1ed f10:4074ef28
15502120ns          280215 1c0083f2 68e776c3 fmadd.s          f13, f14, f14, f13  f13=xxxxxxxx f14:4102b623 f14:4102b623 f13:43cbf718
15502140ns          280216 1c0083ea 0045a70b p.lw             x14, 4(x11!)        x14=40e597a5 x11=10000ea4 x11:10000ea0  PA:10000ea0
15502180ns          280218 1c0083ee 08a77753 fsub.s           f14, f14, f10       f14=xxxxxxxx f14:40e597a5 f10:4074ef28
15502200ns          280219 1c0083f2 68e776c3 fmadd.s          f13, f14, f14, f13  f13=xxxxxxxx f14:40564022 f14:40564022 f13:43ed55d7
15502220ns          280220 1c0083ea 0045a70b p.lw             x14, 4(x11!)        x14=40d2643f x11=10000ea8 x11:10000ea4  PA:10000ea4
15502260ns          280222 1c0083ee 08a77753 fsub.s           f14, f14, f10       f14=xxxxxxxx f14:40d2643f f10:4074ef28
15502279ns          280223 1c0083f2 68e776c3 fmadd.s          f13, f14, f14, f13  f13=xxxxxxxx f14:402fd956 f14:402fd956 f13:43f2f051
15502299ns          280224 1c0083ea 0045a70b p.lw             x14, 4(x11!)        x14=40b1d183 x11=10000eac x11:10000ea8  PA:10000ea8
15502339ns          280226 1c0083ee 08a77753 fsub.s           f14, f14, f10       f14=xxxxxxxx f14:40b1d183 f10:4074ef28
15502359ns          280227 1c0083f2 68e776c3 fmadd.s          f13, f14, f14, f13  f13=xxxxxxxx f14:3fdd67bc f14:3fdd67bc f13:43f6b6a8
15502379ns          280228 1c0083ea 0045a70b p.lw             x14, 4(x11!)        x14=4066014d x11=10000eb0 x11:10000eac  PA:10000eac
15502419ns          280230 1c0083ee 08a77753 fsub.s           f14, f14, f10       f14=xxxxxxxx f14:4066014d f10:4074ef28
15502439ns          280231 1c0083f2 68e776c3 fmadd.s          f13, f14, f14, f13  f13=xxxxxxxx f14:be6eddb0 f14:be6eddb0 f13:43f835a1
15502458ns          280232 1c0083ea 0045a70b p.lw             x14, 4(x11!)        x14=404afe95 x11=10000eb4 x11:10000eb0  PA:10000eb0
15502498ns          280234 1c0083ee 08a77753 fsub.s           f14, f14, f10       f14=xxxxxxxx f14:404afe95 f10:4074ef28
15502518ns          280235 1c0083f2 68e776c3 fmadd.s          f13, f14, f14, f13  f13=xxxxxxxx f14:bf27c24c f14:bf27c24c f13:43f83c98
15502538ns          280236 1c0083ea 0045a70b p.lw             x14, 4(x11!)        x14=40b29d48 x11=10000eb8 x11:10000eb4  PA:10000eb4
15502578ns          280238 1c0083ee 08a77753 fsub.s           f14, f14, f10       f14=xxxxxxxx f14:40b29d48 f10:4074ef28
15502598ns          280239 1c0083f2 68e776c3 fmadd.s          f13, f14, f14, f13  f13=xxxxxxxx f14:3fe096d0 f14:3fe096d0 f13:43f87390
15502618ns          280240 1c0083ea 0045a70b p.lw             x14, 4(x11!)        x14=41364de3 x11=10000ebc x11:10000eb8  PA:10000eb8
15502657ns          280242 1c0083ee 08a77753 fsub.s           f14, f14, f10       f14=xxxxxxxx f14:41364de3 f10:4074ef28
15502677ns          280243 1c0083f2 68e776c3 fmadd.s          f13, f14, f14, f13  f13=xxxxxxxx f14:40f22432 f14:40f22432 f13:43f9fda1
15502697ns          280244 1c0083ea 0045a70b p.lw             x14, 4(x11!)        x14=408d6c7f x11=10000ec0 x11:10000ebc  PA:10000ebc
15502737ns          280246 1c0083ee 08a77753 fsub.s           f14, f14, f10       f14=xxxxxxxx f14:408d6c7f f10:4074ef28
15502757ns          280247 1c0083f2 68e776c3 fmadd.s          f13, f14, f14, f13  f13=xxxxxxxx f14:3f17a758 f14:3f17a758 f13:440b4f58
15502777ns          280248 1c0083ea 0045a70b p.lw             x14, 4(x11!)        x14=410f4df0 x11=10000ec4 x11:10000ec0  PA:10000ec0
15502817ns          280250 1c0083ee 08a77753 fsub.s           f14, f14, f10       f14=xxxxxxxx f14:410f4df0 f10:4074ef28
15502836ns          280251 1c0083f2 68e776c3 fmadd.s          f13, f14, f14, f13  f13=xxxxxxxx f14:40a4244c f14:40a4244c f13:440b65ce
15502856ns          280252 1c0083ea 0045a70b p.lw             x14, 4(x11!)        x14=40aadb7b x11=10000ec8 x11:10000ec4  PA:10000ec4
15502896ns          280254 1c0083ee 08a77753 fsub.s           f14, f14, f10       f14=xxxxxxxx f14:40aadb7b f10:4074ef28
15502916ns          280255 1c0083f2 68e776c3 fmadd.s          f13, f14, f14, f13  f13=xxxxxxxx f14:3fc18f9c f14:3fc18f9c f13:4411f9b6
15502936ns          280256 1c0083ea 0045a70b p.lw             x14, 4(x11!)        x14=407cb4b9 x11=10000ecc x11:10000ec8  PA:10000ec8
15502976ns          280258 1c0083ee 08a77753 fsub.s           f14, f14, f10       f14=xxxxxxxx f14:407cb4b9 f10:4074ef28
15502996ns          280259 1c0083f2 68e776c3 fmadd.s          f13, f14, f14, f13  f13=xxxxxxxx f14:3df8b220 f14:3df8b220 f13:44128c10
15503015ns          280260 1c0083ea 0045a70b p.lw             x14, 4(x11!)        x14=410c0095 x11=10000ed0 x11:10000ecc  PA:10000ecc
15503055ns          280262 1c0083ee 08a77753 fsub.s           f14, f14, f10       f14=xxxxxxxx f14:410c0095 f10:4074ef28
15503075ns          280263 1c0083f2 68e776c3 fmadd.s          f13, f14, f14, f13  f13=xxxxxxxx f14:409d8996 f14:409d8996 f13:44128d02
15503095ns          280264 1c0083ea 0045a70b p.lw             x14, 4(x11!)        x14=408f8fda x11=10000ed4 x11:10000ed0  PA:10000ed0
15503135ns          280266 1c0083ee 08a77753 fsub.s           f14, f14, f10       f14=xxxxxxxx f14:408f8fda f10:4074ef28
15503155ns          280267 1c0083f2 68e776c3 fmadd.s          f13, f14, f14, f13  f13=xxxxxxxx f14:3f28c230 f14:3f28c230 f13:44189c23
15503175ns          280268 1c0083ea 0045a70b p.lw             x14, 4(x11!)        x14=40c0b54f x11=10000ed8 x11:10000ed4  PA:10000ed4
15503214ns          280270 1c0083ee 08a77753 fsub.s           f14, f14, f10       f14=xxxxxxxx f14:40c0b54f f10:4074ef28
15503234ns          280271 1c0083f2 68e776c3 fmadd.s          f13, f14, f14, f13  f13=xxxxxxxx f14:400c7b76 f14:400c7b76 f13:4418b7f3
15503254ns          280272 1c0083ea 0045a70b p.lw             x14, 4(x11!)        x14=412370fe x11=10000edc x11:10000ed8  PA:10000ed8
15503294ns          280274 1c0083ee 08a77753 fsub.s           f14, f14, f10       f14=xxxxxxxx f14:412370fe f10:4074ef28
15503314ns          280275 1c0083f2 68e776c3 fmadd.s          f13, f14, f14, f13  f13=xxxxxxxx f14:40cc6a68 f14:40cc6a68 f13:4419ec50
15503334ns          280276 1c0083ea 0045a70b p.lw             x14, 4(x11!)        x14=40c370b3 x11=10000ee0 x11:10000edc  PA:10000edc
15503373ns          280278 1c0083ee 08a77753 fsub.s           f14, f14, f10       f14=xxxxxxxx f14:40c370b3 f10:4074ef28
15503393ns          280279 1c0083f2 68e776c3 fmadd.s          f13, f14, f14, f13  f13=xxxxxxxx f14:4011f23e f14:4011f23e f13:44241fec
15503413ns          280280 1c0083ea 0045a70b p.lw             x14, 4(x11!)        x14=405ec35e x11=10000ee4 x11:10000ee0  PA:10000ee0
15503453ns          280282 1c0083ee 08a77753 fsub.s           f14, f14, f10       f14=xxxxxxxx f14:405ec35e f10:4074ef28
15503473ns          280283 1c0083f2 68e776c3 fmadd.s          f13, f14, f14, f13  f13=xxxxxxxx f14:beb15e50 f14:beb15e50 f13:44256cbd
15503493ns          280284 1c0083ea 0045a70b p.lw             x14, 4(x11!)        x14=4093fa2c x11=10000ee8 x11:10000ee4  PA:10000ee4
15503533ns          280286 1c0083ee 08a77753 fsub.s           f14, f14, f10       f14=xxxxxxxx f14:4093fa2c f10:4074ef28
15503552ns          280287 1c0083f2 68e776c3 fmadd.s          f13, f14, f14, f13  f13=xxxxxxxx f14:3f4c14c0 f14:3f4c14c0 f13:4425746b
15503572ns          280288 1c0083ea 0045a70b p.lw             x14, 4(x11!)        x14=bf929173 x11=10000eec x11:10000ee8  PA:10000ee8
15503612ns          280290 1c0083ee 08a77753 fsub.s           f14, f14, f10       f14=xxxxxxxx f14:bf929173 f10:4074ef28
15503632ns          280291 1c0083f2 68e776c3 fmadd.s          f13, f14, f14, f13  f13=xxxxxxxx f14:c09f1bf1 f14:c09f1bf1 f13:44259d17
15503652ns          280292 1c0083ea 0045a70b p.lw             x14, 4(x11!)        x14=41175db9 x11=10000ef0 x11:10000eec  PA:10000eec
15503692ns          280294 1c0083ee 08a77753 fsub.s           f14, f14, f10       f14=xxxxxxxx f14:41175db9 f10:4074ef28
15503712ns          280295 1c0083f2 68e776c3 fmadd.s          f13, f14, f14, f13  f13=xxxxxxxx f14:40b443de f14:40b443de f13:442bcb53
15503731ns          280296 1c0083ea 0045a70b p.lw             x14, 4(x11!)        x14=40b2d428 x11=10000ef4 x11:10000ef0  PA:10000ef0
15503771ns          280298 1c0083ee 08a77753 fsub.s           f14, f14, f10       f14=xxxxxxxx f14:40b2d428 f10:4074ef28
15503791ns          280299 1c0083f2 68e776c3 fmadd.s          f13, f14, f14, f13  f13=xxxxxxxx f14:3fe17250 f14:3fe17250 f13:4433ba4b
15503811ns          280300 1c0083ea 0045a70b p.lw             x14, 4(x11!)        x14=40500511 x11=10000ef8 x11:10000ef4  PA:10000ef4
15503851ns          280302 1c0083ee 08a77753 fsub.s           f14, f14, f10       f14=xxxxxxxx f14:40500511 f10:4074ef28
15503871ns          280303 1c0083f2 68e776c3 fmadd.s          f13, f14, f14, f13  f13=xxxxxxxx f14:bf13a85c f14:bf13a85c f13:443480d5
15503891ns          280304 1c0083ea 0045a70b p.lw             x14, 4(x11!)        x14=409537c5 x11=10000efc x11:10000ef8  PA:10000ef8
15503930ns          280306 1c0083ee 08a77753 fsub.s           f14, f14, f10       f14=xxxxxxxx f14:409537c5 f10:4074ef28
15503950ns          280307 1c0083f2 68e776c3 fmadd.s          f13, f14, f14, f13  f13=xxxxxxxx f14:3f560188 f14:3f560188 f13:44349620
15503970ns          280308 1c0083ea 0045a70b p.lw             x14, 4(x11!)        x14=40caacfd x11=10000f00 x11:10000efc  PA:10000efc
15504010ns          280310 1c0083ee 08a77753 fsub.s           f14, f14, f10       f14=xxxxxxxx f14:40caacfd f10:4074ef28
15504030ns          280311 1c0083f2 68e776c3 fmadd.s          f13, f14, f14, f13  f13=xxxxxxxx f14:40206ad2 f14:40206ad2 f13:4434c2da
15504050ns          280312 1c0083ea 0045a70b p.lw             x14, 4(x11!)        x14=40366bca x11=10000f04 x11:10000f00  PA:10000f00
15504090ns          280314 1c0083ee 08a77753 fsub.s           f14, f14, f10       f14=xxxxxxxx f14:40366bca f10:4074ef28
15504109ns          280315 1c0083f2 68e776c3 fmadd.s          f13, f14, f14, f13  f13=xxxxxxxx f14:bf7a0d78 f14:bf7a0d78 f13:443654f1
15504129ns          280316 1c0083ea 0045a70b p.lw             x14, 4(x11!)        x14=41011776 x11=10000f08 x11:10000f04  PA:10000f04
15504169ns          280318 1c0083ee 08a77753 fsub.s           f14, f14, f10       f14=xxxxxxxx f14:41011776 f10:4074ef28
15504189ns          280319 1c0083f2 68e776c3 fmadd.s          f13, f14, f14, f13  f13=xxxxxxxx f14:4087b758 f14:4087b758 f13:44369201
15504209ns          280320 1c0083ea 0045a70b p.lw             x14, 4(x11!)        x14=c03364ea x11=10000f0c x11:10000f08  PA:10000f08
15504249ns          280322 1c0083ee 08a77753 fsub.s           f14, f14, f10       f14=xxxxxxxx f14:c03364ea f10:4074ef28
15504269ns          280323 1c0083f2 68e776c3 fmadd.s          f13, f14, f14, f13  f13=xxxxxxxx f14:c0d42a09 f14:c0d42a09 f13:443b112f
15504288ns          280324 1c0083ea 0045a70b p.lw             x14, 4(x11!)        x14=408c59a0 x11=10000f10 x11:10000f0c  PA:10000f0c
15504328ns          280326 1c0083ee 08a77753 fsub.s           f14, f14, f10       f14=xxxxxxxx f14:408c59a0 f10:4074ef28
15504348ns          280327 1c0083f2 68e776c3 fmadd.s          f13, f14, f14, f13  f13=xxxxxxxx f14:3f0f1060 f14:3f0f1060 f13:44460e89
15504368ns          280328 1c0083ea 0045a70b p.lw             x14, 4(x11!)        x14=4037ab62 x11=10000f14 x11:10000f10  PA:10000f10
15504408ns          280330 1c0083ee 08a77753 fsub.s           f14, f14, f10       f14=xxxxxxxx f14:4037ab62 f10:4074ef28
15504428ns          280331 1c0083f2 68e776c3 fmadd.s          f13, f14, f14, f13  f13=xxxxxxxx f14:bf750f18 f14:bf750f18 f13:44462286
15504448ns          280332 1c0083ea 0045a70b p.lw             x14, 4(x11!)        x14=407ff442 x11=10000f18 x11:10000f14  PA:10000f14
15504487ns          280334 1c0083ee 08a77753 fsub.s           f14, f14, f10       f14=xxxxxxxx f14:407ff442 f10:4074ef28
15504507ns          280335 1c0083f2 68e776c3 fmadd.s          f13, f14, f14, f13  f13=xxxxxxxx f14:3e3051a0 f14:3e3051a0 f13:44465d2b
15504527ns          280336 1c0083ea 0045a70b p.lw             x14, 4(x11!)        x14=40f8e1d4 x11=10000f1c x11:10000f18  PA:10000f18
15504567ns          280338 1c0083ee 08a77753 fsub.s           f14, f14, f10       f14=xxxxxxxx f14:40f8e1d4 f10:4074ef28
15504587ns          280339 1c0083f2 68e776c3 fmadd.s          f13, f14, f14, f13  f13=xxxxxxxx f14:407cd480 f14:407cd480 f13:44465f11
15504607ns          280340 1c0083ea 0045a70b p.lw             x14, 4(x11!)        x14=3fcbdcce x11=10000f20 x11:10000f1c  PA:10000f1c
15504646ns          280342 1c0083ee 08a77753 fsub.s           f14, f14, f10       f14=xxxxxxxx f14:3fcbdcce f10:4074ef28
15504666ns          280343 1c0083f2 68e776c3 fmadd.s          f13, f14, f14, f13  f13=xxxxxxxx f14:c00f00c1 f14:c00f00c1 f13:444a45dd
15504686ns          280344 1c0083ea 0045a70b p.lw             x14, 4(x11!)        x14=40830289 x11=10000f24 x11:10000f20  PA:10000f20
15504726ns          280346 1c0083ee 08a77753 fsub.s           f14, f14, f10       f14=xxxxxxxx f14:40830289 f10:4074ef28
15504746ns          280347 1c0083f2 68e776c3 fmadd.s          f13, f14, f14, f13  f13=xxxxxxxx f14:3e88af50 f14:3e88af50 f13:444b8564
15504766ns          280348 1c0083ea 0045a70b p.lw             x14, 4(x11!)        x14=c0989afd x11=10000f28 x11:10000f24  PA:10000f24
15504806ns          280350 1c0083ee 08a77753 fsub.s           f14, f14, f10       f14=xxxxxxxx f14:c0989afd f10:4074ef28
15504825ns          280351 1c0083f2 68e776c3 fmadd.s          f13, f14, f14, f13  f13=xxxxxxxx f14:c1098948 f14:c1098948 f13:444b89f4
15504845ns          280352 1c0083ea 0045a70b p.lw             x14, 4(x11!)        x14=3d86d8f2 x11=10000f2c x11:10000f28  PA:10000f28
15504885ns          280354 1c0083ee 08a77753 fsub.s           f14, f14, f10       f14=xxxxxxxx f14:3d86d8f2 f10:4074ef28
15504905ns          280355 1c0083f2 68e776c3 fmadd.s          f13, f14, f14, f13  f13=xxxxxxxx f14:c070b860 f14:c070b860 f13:445e0302
15504925ns          280356 1c0083ea 0045a70b p.lw             x14, 4(x11!)        x14=40c1f2f6 x11=10000f30 x11:10000f2c  PA:10000f2c
15504965ns          280358 1c0083ee 08a77753 fsub.s           f14, f14, f10       f14=xxxxxxxx f14:40c1f2f6 f10:4074ef28
15504985ns          280359 1c0083f2 68e776c3 fmadd.s          f13, f14, f14, f13  f13=xxxxxxxx f14:400ef6c4 f14:400ef6c4 f13:44618c6b
15505004ns          280360 1c0083ea 0045a70b p.lw             x14, 4(x11!)        x14=bfef705f x11=10000f34 x11:10000f30  PA:10000f30
15505044ns          280362 1c0083ee 08a77753 fsub.s           f14, f14, f10       f14=xxxxxxxx f14:bfef705f f10:4074ef28
15505064ns          280363 1c0083f2 68e776c3 fmadd.s          f13, f14, f14, f13  f13=xxxxxxxx f14:c0b653ac f14:c0b653ac f13:4462cbc6
15505084ns          280364 1c0083ea 0045a70b p.lw             x14, 4(x11!)        x14=40cb7b9f x11=10000f38 x11:10000f34  PA:10000f34
15505124ns          280366 1c0083ee 08a77753 fsub.s           f14, f14, f10       f14=xxxxxxxx f14:40cb7b9f f10:4074ef28
15505144ns          280367 1c0083f2 68e776c3 fmadd.s          f13, f14, f14, f13  f13=xxxxxxxx f14:40220816 f14:40220816 f13:446ae977
15505164ns          280368 1c0083ea 0045a70b p.lw             x14, 4(x11!)        x14=404a0ab5 x11=10000f3c x11:10000f38  PA:10000f38
15505203ns          280370 1c0083ee 08a77753 fsub.s           f14, f14, f10       f14=xxxxxxxx f14:404a0ab5 f10:4074ef28
15505223ns          280371 1c0083f2 68e776c3 fmadd.s          f13, f14, f14, f13  f13=xxxxxxxx f14:bf2b91cc f14:bf2b91cc f13:446c83b0
15505243ns          280372 1c0083ea 0045a70b p.lw             x14, 4(x11!)        x14=bf82a622 x11=10000f40 x11:10000f3c  PA:10000f3c
15505283ns          280374 1c0083ee 08a77753 fsub.s           f14, f14, f10       f14=xxxxxxxx f14:bf82a622 f10:4074ef28
15505303ns          280375 1c0083f2 68e776c3 fmadd.s          f13, f14, f14, f13  f13=xxxxxxxx f14:c09b211c f14:c09b211c f13:446ca06f
15505323ns          280376 1c0083ea 0045a70b p.lw             x14, 4(x11!)        x14=40a00c0c x11=10000f44 x11:10000f40  PA:10000f40
15505363ns          280378 1c0083ee 08a77753 fsub.s           f14, f14, f10       f14=xxxxxxxx f14:40a00c0c f10:4074ef28
15505382ns          280379 1c0083f2 68e776c3 fmadd.s          f13, f14, f14, f13  f13=xxxxxxxx f14:3f9651e0 f14:3f9651e0 f13:44728081
15505402ns          280380 1c0083ea 0045a70b p.lw             x14, 4(x11!)        x14=40a6a46d x11=10000f48 x11:10000f44  PA:10000f44
15505442ns          280382 1c0083ee 08a77753 fsub.s           f14, f14, f10       f14=xxxxxxxx f14:40a6a46d f10:4074ef28
15505462ns          280383 1c0083f2 68e776c3 fmadd.s          f13, f14, f14, f13  f13=xxxxxxxx f14:3fb0b364 f14:3fb0b364 f13:4472d8c5
15505482ns          280384 1c0083ea 0045a70b p.lw             x14, 4(x11!)        x14=3f92666c x11=10000f4c x11:10000f48  PA:10000f48
15505522ns          280386 1c0083ee 08a77753 fsub.s           f14, f14, f10       f14=xxxxxxxx f14:3f92666c f10:4074ef28
15505542ns          280387 1c0083f2 68e776c3 fmadd.s          f13, f14, f14, f13  f13=xxxxxxxx f14:c02bbbf2 f14:c02bbbf2 f13:447352bc
15505561ns          280388 1c0083ea 0045a70b p.lw             x14, 4(x11!)        x14=40f24dd1 x11=10000f50 x11:10000f4c  PA:10000f4c
15505601ns          280390 1c0083ee 08a77753 fsub.s           f14, f14, f10       f14=xxxxxxxx f14:40f24dd1 f10:4074ef28
15505621ns          280391 1c0083f2 68e776c3 fmadd.s          f13, f14, f14, f13  f13=xxxxxxxx f14:406fac7a f14:406fac7a f13:44751f8e
15505641ns          280392 1c0083ea 0045a70b p.lw             x14, 4(x11!)        x14=3f8fa4c8 x11=10000f54 x11:10000f50  PA:10000f50
15505681ns          280394 1c0083ee 08a77753 fsub.s           f14, f14, f10       f14=xxxxxxxx f14:3f8fa4c8 f10:4074ef28
15505701ns          280395 1c0083f2 68e776c3 fmadd.s          f13, f14, f14, f13  f13=xxxxxxxx f14:c02d1cc4 f14:c02d1cc4 f13:4478a11c
15505721ns          280396 1c0083ea 0045a70b p.lw             x14, 4(x11!)        x14=3f982841 x11=10000f58 x11:10000f54  PA:10000f54
15505760ns          280398 1c0083ee 08a77753 fsub.s           f14, f14, f10       f14=xxxxxxxx f14:3f982841 f10:4074ef28
15505780ns          280399 1c0083f2 68e776c3 fmadd.s          f13, f14, f14, f13  f13=xxxxxxxx f14:c028db08 f14:c028db08 f13:447a755c
15505800ns          280400 1c0083ea 0045a70b p.lw             x14, 4(x11!)        x14=40a0699c x11=10000f5c x11:10000f58  PA:10000f58
15505840ns          280402 1c0083ee 08a77753 fsub.s           f14, f14, f10       f14=xxxxxxxx f14:40a0699c f10:4074ef28
15505860ns          280403 1c0083f2 68e776c3 fmadd.s          f13, f14, f14, f13  f13=xxxxxxxx f14:3f97c820 f14:3f97c820 f13:447c32dd
15505880ns          280404 1c0083ea 0045a70b p.lw             x14, 4(x11!)        x14=3fa0aca2 x11=10000f60 x11:10000f5c  PA:10000f5c
15505919ns          280406 1c0083ee 08a77753 fsub.s           f14, f14, f10       f14=xxxxxxxx f14:3fa0aca2 f10:4074ef28
15505939ns          280407 1c0083f2 68e776c3 fmadd.s          f13, f14, f14, f13  f13=xxxxxxxx f14:c02498d7 f14:c02498d7 f13:447c8cdb
15505959ns          280408 1c0083ea 0045a70b p.lw             x14, 4(x11!)        x14=40d5cb94 x11=10000f64 x11:10000f60  PA:10000f60
15505999ns          280410 1c0083ee 08a77753 fsub.s           f14, f14, f10       f14=xxxxxxxx f14:40d5cb94 f10:4074ef28
15506019ns          280411 1c0083f2 68e776c3 fmadd.s          f13, f14, f14, f13  f13=xxxxxxxx f14:4036a800 f14:4036a800 f13:447e342c
15506039ns          280412 1c0083ea 0045a70b p.lw             x14, 4(x11!)        x14=3fcbca44 x11=10000f68 x11:10000f64  PA:10000f64
15506079ns          280414 1c0083ee 08a77753 fsub.s           f14, f14, f10       f14=xxxxxxxx f14:3fcbca44 f10:4074ef28
15506098ns          280415 1c0083f2 68e776c3 fmadd.s          f13, f14, f14, f13  f13=xxxxxxxx f14:c00f0a06 f14:c00f0a06 f13:44801ebd
15506118ns          280416 1c0083ea 0045a70b p.lw             x14, 4(x11!)        x14=410c4490 x11=10000f6c x11:10000f68  PA:10000f68
15506158ns          280418 1c0083ee 08a77753 fsub.s           f14, f14, f10       f14=xxxxxxxx f14:410c4490 f10:4074ef28
15506178ns          280419 1c0083f2 68e776c3 fmadd.s          f13, f14, f14, f13  f13=xxxxxxxx f14:409e118c f14:409e118c f13:4480be95
15506198ns          280420 1c0083ea 0045a70b p.lw             x14, 4(x11!)        x14=407f01ef x11=10000f70 x11:10000f6c  PA:10000f6c
15506238ns          280422 1c0083ee 08a77753 fsub.s           f14, f14, f10       f14=xxxxxxxx f14:407f01ef f10:4074ef28
15506258ns          280423 1c0083f2 68e776c3 fmadd.s          f13, f14, f14, f13  f13=xxxxxxxx f14:3e212c70 f14:3e212c70 f13:4483cb62
15506277ns          280424 1c0083ea 0045a70b p.lw             x14, 4(x11!)        x14=40627b04 x11=10000f74 x11:10000f70  PA:10000f70
15506317ns          280426 1c0083ee 08a77753 fsub.s           f14, f14, f10       f14=xxxxxxxx f14:40627b04 f10:4074ef28
15506337ns          280427 1c0083f2 68e776c3 fmadd.s          f13, f14, f14, f13  f13=xxxxxxxx f14:be93a120 f14:be93a120 f13:4483cc2d
15506357ns          280428 1c0083ea 0045a70b p.lw             x14, 4(x11!)        x14=3e855ee8 x11=10000f78 x11:10000f74  PA:10000f74
15506397ns          280430 1c0083ee 08a77753 fsub.s           f14, f14, f10       f14=xxxxxxxx f14:3e855ee8 f10:4074ef28
15506417ns          280431 1c0083f2 68e776c3 fmadd.s          f13, f14, f14, f13  f13=xxxxxxxx f14:c064434b f14:c064434b f13:4483ced6
15506437ns          280432 1c0083ea 0045a70b p.lw             x14, 4(x11!)        x14=3f45baf9 x11=10000f7c x11:10000f78  PA:10000f78
15506476ns          280434 1c0083ee 08a77753 fsub.s           f14, f14, f10       f14=xxxxxxxx f14:3f45baf9 f10:4074ef28
15506496ns          280435 1c0083f2 68e776c3 fmadd.s          f13, f14, f14, f13  f13=xxxxxxxx f14:c043806a f14:c043806a f13:448565e6
15506516ns          280436 1c0083ea 0045a70b p.lw             x14, 4(x11!)        x14=40d964d8 x11=10000f80 x11:10000f7c  PA:10000f7c
15506556ns          280438 1c0083ee 08a77753 fsub.s           f14, f14, f10       f14=xxxxxxxx f14:40d964d8 f10:4074ef28
15506576ns          280439 1c0083f2 68e776c3 fmadd.s          f13, f14, f14, f13  f13=xxxxxxxx f14:403dda88 f14:403dda88 f13:44869080
15506596ns          280440 1c0083ea 0045a70b p.lw             x14, 4(x11!)        x14=c05f0aae x11=10000f84 x11:10000f80  PA:10000f80
15506636ns          280442 1c0083ee 08a77753 fsub.s           f14, f14, f10       f14=xxxxxxxx f14:c05f0aae f10:4074ef28
15506655ns          280443 1c0083f2 68e776c3 fmadd.s          f13, f14, f14, f13  f13=xxxxxxxx f14:c0e9fceb f14:c0e9fceb f13:4487aa19
15506675ns          280444 1c0083ea 0045a70b p.lw             x14, 4(x11!)        x14=bee3a16f x11=10000f88 x11:10000f84  PA:10000f84
15506715ns          280446 1c0083ee 08a77753 fsub.s           f14, f14, f10       f14=xxxxxxxx f14:bee3a16f f10:4074ef28
15506735ns          280447 1c0083f2 68e776c3 fmadd.s          f13, f14, f14, f13  f13=xxxxxxxx f14:c088b1ab f14:c088b1ab f13:448e590c
15506755ns          280448 1c0083ea 0045a70b p.lw             x14, 4(x11!)        x14=40577b62 x11=10000f8c x11:10000f88  PA:10000f88
15506795ns          280450 1c0083ee 08a77753 fsub.s           f14, f14, f10       f14=xxxxxxxx f14:40577b62 f10:4074ef28
15506815ns          280451 1c0083f2 68e776c3 fmadd.s          f13, f14, f14, f13  f13=xxxxxxxx f14:beeb9e30 f14:beeb9e30 f13:4490a0f6
15506834ns          280452 1c0083ea 0045a70b p.lw             x14, 4(x11!)        x14=40898be1 x11=10000f90 x11:10000f8c  PA:10000f8c
15506874ns          280454 1c0083ee 08a77753 fsub.s           f14, f14, f10       f14=xxxxxxxx f14:40898be1 f10:4074ef28
15506894ns          280455 1c0083f2 68e776c3 fmadd.s          f13, f14, f14, f13  f13=xxxxxxxx f14:3ef144d0 f14:3ef144d0 f13:4490a7bd
15506914ns          280456 1c0083ea 0045a70b p.lw             x14, 4(x11!)        x14=bf82d3be x11=10000f94 x11:10000f90  PA:10000f90
15506954ns          280458 1c0083ee 08a77753 fsub.s           f14, f14, f10       f14=xxxxxxxx f14:bf82d3be f10:4074ef28
15506974ns          280459 1c0083f2 68e776c3 fmadd.s          f13, f14, f14, f13  f13=xxxxxxxx f14:c09b2c84 f14:c09b2c84 f13:4490aed8
15506994ns          280460 1c0083ea 0045a70b p.lw             x14, 4(x11!)        x14=bfa7ca39 x11=10000f98 x11:10000f94  PA:10000f94
15507033ns          280462 1c0083ee 08a77753 fsub.s           f14, f14, f10       f14=xxxxxxxx f14:bfa7ca39 f10:4074ef28
15507053ns          280463 1c0083f2 68e776c3 fmadd.s          f13, f14, f14, f13  f13=xxxxxxxx f14:c0a46a22 f14:c0a46a22 f13:44939f4f
15507073ns          280464 1c0083ea 0045a70b p.lw             x14, 4(x11!)        x14=4101b1f0 x11=10000f9c x11:10000f98  PA:10000f98
15507113ns          280466 1c0083ee 08a77753 fsub.s           f14, f14, f10       f14=xxxxxxxx f14:4101b1f0 f10:4074ef28
15507133ns          280467 1c0083f2 68e776c3 fmadd.s          f13, f14, f14, f13  f13=xxxxxxxx f14:4088ec4c f14:4088ec4c f13:4496ec10
15507153ns          280468 1c0083ea 0045a70b p.lw             x14, 4(x11!)        x14=40a898a4 x11=10000fa0 x11:10000f9c  PA:10000f9c
15507192ns          280470 1c0083ee 08a77753 fsub.s           f14, f14, f10       f14=xxxxxxxx f14:40a898a4 f10:4074ef28
15507212ns          280471 1c0083f2 68e776c3 fmadd.s          f13, f14, f14, f13  f13=xxxxxxxx f14:3fb88440 f14:3fb88440 f13:449935ef
15507232ns          280472 1c0083ea 0045a70b p.lw             x14, 4(x11!)        x14=40ecd794 x11=10000fa4 x11:10000fa0  PA:10000fa0
15507272ns          280474 1c0083ee 08a77753 fsub.s           f14, f14, f10       f14=xxxxxxxx f14:40ecd794 f10:4074ef28
15507292ns          280475 1c0083f2 68e776c3 fmadd.s          f13, f14, f14, f13  f13=xxxxxxxx f14:4064c000 f14:4064c000 f13:4499786e
15507312ns          280476 1c0083ea 0045a70b p.lw             x14, 4(x11!)        x14=40ae8e3e x11=10000fa8 x11:10000fa4  PA:10000fa4
15507352ns          280478 1c0083ee 08a77753 fsub.s           f14, f14, f10       f14=xxxxxxxx f14:40ae8e3e f10:4074ef28
15507371ns          280479 1c0083f2 68e776c3 fmadd.s          f13, f14, f14, f13  f13=xxxxxxxx f14:3fd05aa8 f14:3fd05aa8 f13:449b113b
15507391ns          280480 1c0083ea 0045a70b p.lw             x14, 4(x11!)        x14=4106657c x11=10000fac x11:10000fa8  PA:10000fa8
15507431ns          280482 1c0083ee 08a77753 fsub.s           f14, f14, f10       f14=xxxxxxxx f14:4106657c f10:4074ef28
15507451ns          280483 1c0083f2 68e776c3 fmadd.s          f13, f14, f14, f13  f13=xxxxxxxx f14:40925364 f14:40925364 f13:449b6605
15507471ns          280484 1c0083ea 0045a70b p.lw             x14, 4(x11!)        x14=40713c3a x11=10000fb0 x11:10000fac  PA:10000fac
15507511ns          280486 1c0083ee 08a77753 fsub.s           f14, f14, f10       f14=xxxxxxxx f14:40713c3a f10:4074ef28
15507531ns          280487 1c0083f2 68e776c3 fmadd.s          f13, f14, f14, f13  f13=xxxxxxxx f14:bd6cbb80 f14:bd6cbb80 f13:449e031f
15507551ns          280488 1c0083ea 0045a70b p.lw             x14, 4(x11!)        x14=40dcbac9 x11=10000fb4 x11:10000fb0  PA:10000fb0
15507590ns          280490 1c0083ee 08a77753 fsub.s           f14, f14, f10       f14=xxxxxxxx f14:40dcbac9 f10:4074ef28
15507610ns          280491 1c0083f2 68e776c3 fmadd.s          f13, f14, f14, f13  f13=xxxxxxxx f14:4044866a f14:4044866a f13:449e033a
15507630ns          280492 1c0083ea 0045a70b p.lw             x14, 4(x11!)        x14=41231695 x11=10000fb8 x11:10000fb4  PA:10000fb4
15507670ns          280494 1c0083ee 08a77753 fsub.s           f14, f14, f10       f14=xxxxxxxx f14:41231695 f10:4074ef28
15507690ns          280495 1c0083f2 68e776c3 fmadd.s          f13, f14, f14, f13  f13=xxxxxxxx f14:40cbb596 f14:40cbb596 f13:449f30f6
15507710ns          280496 1c0083ea 0045a70b p.lw             x14, 4(x11!)        x14=414ae2d6 x11=10000fbc x11:10000fb8  PA:10000fb8
15507749ns          280498 1c0083ee 08a77753 fsub.s           f14, f14, f10       f14=xxxxxxxx f14:414ae2d6 f10:4074ef28
15507769ns          280499 1c0083f2 68e776c3 fmadd.s          f13, f14, f14, f13  f13=xxxxxxxx f14:410da70c f14:410da70c f13:44a441c2
15507789ns          280500 1c0083ea 0045a70b p.lw             x14, 4(x11!)        x14=4053f284 x11=10000fc0 x11:10000fbc  PA:10000fbc
15507829ns          280502 1c0083ee 08a77753 fsub.s           f14, f14, f10       f14=xxxxxxxx f14:4053f284 f10:4074ef28
15507849ns          280503 1c0083f2 68e776c3 fmadd.s          f13, f14, f14, f13  f13=xxxxxxxx f14:bf03f290 f14:bf03f290 f13:44ae0df0
15507869ns          280504 1c0083ea 0045a70b p.lw             x14, 4(x11!)        x14=c0bf4499 x11=10000fc4 x11:10000fc0  PA:10000fc0
15507909ns          280506 1c0083ee 08a77753 fsub.s           f14, f14, f10       f14=xxxxxxxx f14:c0bf4499 f10:4074ef28
15507928ns          280507 1c0083f2 68e776c3 fmadd.s          f13, f14, f14, f13  f13=xxxxxxxx f14:c11cde16 f14:c11cde16 f13:44ae1670
15507948ns          280508 1c0083ea 0045a70b p.lw             x14, 4(x11!)        x14=bf2def07 x11=10000fc8 x11:10000fc4  PA:10000fc4
15507988ns          280510 1c0083ee 08a77753 fsub.s           f14, f14, f10       f14=xxxxxxxx f14:bf2def07 f10:4074ef28
15508008ns          280511 1c0083f2 68e776c3 fmadd.s          f13, f14, f14, f13  f13=xxxxxxxx f14:c0903575 f14:c0903575 f13:44ba1a5d
15508028ns          280512 1c0083ea 0045a70b p.lw             x14, 4(x11!)        x14=4008996e x11=10000fcc x11:10000fc8  PA:10000fc8
15508068ns          280514 1c0083ee 08a77753 fsub.s           f14, f14, f10       f14=xxxxxxxx f14:4008996e f10:4074ef28
15508088ns          280515 1c0083f2 68e776c3 fmadd.s          f13, f14, f14, f13  f13=xxxxxxxx f14:bfd8ab74 f14:bfd8ab74 f13:44bca43e
15508107ns          280516 1c0083ea 0045a70b p.lw             x14, 4(x11!)        x14=c00550c8 x11=10000fd0 x11:10000fcc  PA:10000fcc
15508147ns          280518 1c0083ee 08a77753 fsub.s           f14, f14, f10       f14=xxxxxxxx f14:c00550c8 f10:4074ef28
15508167ns          280519 1c0083f2 68e776c3 fmadd.s          f13, f14, f14, f13  f13=xxxxxxxx f14:c0bd1ff8 f14:c0bd1ff8 f13:44bcffef
15508187ns          280520 1c0083ea 0045a70b p.lw             x14, 4(x11!)        x14=bf149fc2 x11=10000fd4 x11:10000fd0  PA:10000fd0
15508227ns          280522 1c0083ee 08a77753 fsub.s           f14, f14, f10       f14=xxxxxxxx f14:bf149fc2 f10:4074ef28
15508247ns          280523 1c0083f2 68e776c3 fmadd.s          f13, f14, f14, f13  f13=xxxxxxxx f14:c08d0b8c f14:c08d0b8c f13:44c15db1
15508267ns          280524 1c0083ea 0045a70b p.lw             x14, 4(x11!)        x14=c0c53b04 x11=10000fd8 x11:10000fd4  PA:10000fd4
15508306ns          280526 1c0083ee 08a77753 fsub.s           f14, f14, f10       f14=xxxxxxxx f14:c0c53b04 f10:4074ef28
15508326ns          280527 1c0083f2 68e776c3 fmadd.s          f13, f14, f14, f13  f13=xxxxxxxx f14:c11fd94c f14:c11fd94c f13:44c3cb5f
15508346ns          280528 1c0083ea 0045a70b p.lw             x14, 4(x11!)        x14=c05eb653 x11=10000fdc x11:10000fd8  PA:10000fd8
15508386ns          280530 1c0083ee 08a77753 fsub.s           f14, f14, f10       f14=xxxxxxxx f14:c05eb653 f10:4074ef28
15508406ns          280531 1c0083f2 68e776c3 fmadd.s          f13, f14, f14, f13  f13=xxxxxxxx f14:c0e9d2be f14:c0e9d2be f13:44d04554
15508426ns          280532 1c0083ea 0045a70b p.lw             x14, 4(x11!)        x14=bffc9c88 x11=10000fe0 x11:10000fdc  PA:10000fdc
15508465ns          280534 1c0083ee 08a77753 fsub.s           f14, f14, f10       f14=xxxxxxxx f14:bffc9c88 f10:4074ef28
15508485ns          280535 1c0083f2 68e776c3 fmadd.s          f13, f14, f14, f13  f13=xxxxxxxx f14:c0b99eb6 f14:c0b99eb6 f13:44d6f1de
15508505ns          280536 1c0083ea 0045a70b p.lw             x14, 4(x11!)        x14=c0f37690 x11=10000fe4 x11:10000fe0  PA:10000fe0
15508545ns          280538 1c0083ee 08a77753 fsub.s           f14, f14, f10       f14=xxxxxxxx f14:c0f37690 f10:4074ef28
15508565ns          280539 1c0083f2 68e776c3 fmadd.s          f13, f14, f14, f13  f13=xxxxxxxx f14:c136f712 f14:c136f712 f13:44db2694
15508585ns          280540 1c0083ea 0045a70b p.lw             x14, 4(x11!)        x14=c0c74ab6 x11=10000fe8 x11:10000fe4  PA:10000fe4
15508625ns          280542 1c0083ee 08a77753 fsub.s           f14, f14, f10       f14=xxxxxxxx f14:c0c74ab6 f10:4074ef28
15508644ns          280543 1c0083f2 68e776c3 fmadd.s          f13, f14, f14, f13  f13=xxxxxxxx f14:c120e125 f14:c120e125 f13:44eb7f1c
15508664ns          280544 1c0083f6 1c011737 lui              x14, 0x1c011000     x14=1c011000
15508684ns          280545 1c0083fa 00441793 slli             x15, x8, 0x4        x15=00000010  x8:00000001
15509102ns          280566 1c0083fe 00070713 addi             x14, x14, 0         x14=1c011000 x14:1c011000
15509122ns          280567 1c008402 00e787b3 add              x15, x15, x14       x15=1c011010 x15:00000010 x14:1c011000
15509142ns          280568 1c008404 8807a783 lw               x15, -1920(x15)     x15=43e5a0d0 x15:1c011010  PA:1c010890
15509440ns          280583 1c008408 1c0005b7 lui              x11, 0x1c000000     x11=1c000000
15509460ns          280584 1c00840c a0f607d3 fle.s            x15, f12, f15       x15=00000001 f12:43e5a036 f15:43e5a0d0
15509639ns          280593 1c008410 0205a583 lw               x11, 32(x11)        x11=42ee0000 x11:1c000000  PA:1c000020
15509997ns          280611 1c008414 00241413 slli             x8, x8, 0x2          x8=00000004  x8:00000001
15510017ns          280612 1c008416 18b6f6d3 fdiv.s           f13, f13, f11       f13=xxxxxxxx f13:44f82263 f11:42ee0000
15510276ns          280625 1c00841a 02079563 bne              x15, x0, 42         x15:00000001
15510653ns          280644 1c008444 00140793 addi             x15, x8, 1          x15=00000005  x8:00000004
15510693ns          280646 1c008448 00279793 slli             x15, x15, 0x2       x15=00000014 x15:00000005
15510713ns          280647 1c00844a 00e787b3 add              x15, x15, x14       x15=1c011014 x15:00000014 x14:1c011000
15510733ns          280648 1c00844c 8807a783 lw               x15, -1920(x15)     x15=43e59fa4 x15:1c011014  PA:1c010894
15511191ns          280671 1c008450 a0c78653 fle.s            x12, f15, f12       x12=00000001 f15:43e59fa4 f12:43e5a036
15511210ns          280672 1c008454 fc0604e3 beq              x12, x0, -56        x12:00000001
15511230ns          280673 1c008456 00240793 addi             x15, x8, 2          x15=00000006  x8:00000004
15511250ns          280674 1c00845a 00279793 slli             x15, x15, 0x2       x15=00000018 x15:00000006
15511270ns          280675 1c00845c 00e787b3 add              x15, x15, x14       x15=1c011018 x15:00000018 x14:1c011000
15511668ns          280695 1c00845e 8807a783 lw               x15, -1920(x15)     x15=418573a7 x15:1c011018  PA:1c010898
15512006ns          280712 1c008462 a0f687d3 fle.s            x15, f13, f15       x15=00000001 f13:4185734d f15:418573a7
15512026ns          280713 1c008466 fa078be3 beq              x15, x0, -74        x15:00000001
15512046ns          280714 1c008468 00340413 addi             x8, x8, 3            x8=00000007  x8:00000004
15512066ns          280715 1c00846a 00241793 slli             x15, x8, 0x2        x15=0000001c  x8:00000007
15512086ns          280716 1c00846e 00e787b3 add              x15, x15, x14       x15=1c01101c x15:0000001c x14:1c011000
15512483ns          280736 1c008470 8807a783 lw               x15, -1920(x15)     x15=418572f9 x15:1c01101c  PA:1c01089c
15512822ns          280753 1c008474 a0d786d3 fle.s            x13, f15, f13       x13=00000001 f15:418572f9 f13:4185734d
15512841ns          280754 1c008478 fa0682e3 beq              x13, x0, -92        x13:00000001
15512861ns          280755 1c00847a 1c000537 lui              x10, 0x1c000000     x10=1c000000
15513020ns          280763 1c00847e f14025f3 csrrs            x11, x0, 0xf14      x11=00000001
15513060ns          280765 1c008482 09850513 addi             x10, x10, 152       x10=1c000098 x10:1c000000
15513080ns          280766 1c008486 f455b5b3 p.bclr           x11, x11, 26, 5     x11=00000001 x11:00000001
15513100ns          280767 1c00848a 6aa000ef jal              x1, 1706             x1=1c00848c
15513239ns          280774 1c008b34 fc010113 addi             x2, x2, -64          x2=10000dc8  x2:10000e08
15513279ns          280776 1c008b36 02410313 addi             x6, x2, 36           x6=10000dec  x2:10000dc8
15513299ns          280777 1c008b3a 02c12423 sw               x12, 40(x2)         x12:00000001  x2:10000dc8  PA:10000df0
15513319ns          280778 1c008b3c 00a00633 add              x12, x0, x10        x12=1c000098 x10:1c000098
15513359ns          280780 1c008b3e 1c009537 lui              x10, 0x1c009000     x10=1c009000
15513378ns          280781 1c008b42 02b12223 sw               x11, 36(x2)         x11:00000001  x2:10000dc8  PA:10000dec
15513398ns          280782 1c008b44 02d12623 sw               x13, 44(x2)         x13:00000001  x2:10000dc8  PA:10000df4
15513418ns          280783 1c008b46 00200593 addi             x11, x0, 2          x11=00000002
15513438ns          280784 1c008b48 006006b3 add              x13, x0, x6         x13=10000dec  x6:10000dec
15513458ns          280785 1c008b4a af050513 addi             x10, x10, -1296     x10=1c008af0 x10:1c009000
15513478ns          280786 1c008b4e 00112e23 sw               x1, 28(x2)           x1:1c00848c  x2:10000dc8  PA:10000de4
15513498ns          280787 1c008b50 02e12823 sw               x14, 48(x2)         x14:1c011000  x2:10000dc8  PA:10000df8
15513518ns          280788 1c008b52 02f12a23 sw               x15, 52(x2)         x15:418572f9  x2:10000dc8  PA:10000dfc
15513538ns          280789 1c008b54 03012c23 sw               x16, 56(x2)         x16:3f3ceeb2  x2:10000dc8  PA:10000e00
15513558ns          280790 1c008b56 03112e23 sw               x17, 60(x2)         x17:40a6a46d  x2:10000dc8  PA:10000e04
15513577ns          280791 1c008b58 00612623 sw               x6, 12(x2)           x6:10000dec  x2:10000dc8  PA:10000dd4
15513597ns          280792 1c008b5a fbfff0ef jal              x1, -66              x1=1c008b5c
15513717ns          280798 1c008b18 04a0006f jal              x0, 74             
15513756ns          280800 1c008b62 ed010113 addi             x2, x2, -304         x2=10000c98  x2:10000dc8
15513776ns          280801 1c008b64 12812423 sw               x8, 296(x2)          x8:00000007  x2:10000c98  PA:10000dc0
15513796ns          280802 1c008b68 00000413 addi             x8, x0, 0            x8=00000000
15513816ns          280803 1c008b6a 11612823 sw               x22, 272(x2)        x22:xxxxxxxx  x2:10000c98  PA:10000da8
15513876ns          280806 1c008b6e 11712623 sw               x23, 268(x2)        x23:xxxxxxxx  x2:10000c98  PA:10000da4
15513916ns          280808 1c008b72 11812423 sw               x24, 264(x2)        x24:xxxxxxxx  x2:10000c98  PA:10000da0
15513935ns          280809 1c008b76 11912223 sw               x25, 260(x2)        x25:xxxxxxxx  x2:10000c98  PA:10000d9c
15513955ns          280810 1c008b7a 11a12023 sw               x26, 256(x2)        x26:xxxxxxxx  x2:10000c98  PA:10000d98
15513975ns          280811 1c008b7e 0fb12e23 sw               x27, 252(x2)        x27:xxxxxxxx  x2:10000c98  PA:10000d94
15514015ns          280813 1c008b80 12112623 sw               x1, 300(x2)          x1:1c008b5c  x2:10000c98  PA:10000dc4
15514055ns          280815 1c008b84 00800db3 add              x27, x0, x8         x27=00000000  x8:00000000
15514075ns          280816 1c008b86 12912223 sw               x9, 292(x2)          x9:xxxxxxxx  x2:10000c98  PA:10000dbc
15514095ns          280817 1c008b8a 13212023 sw               x18, 288(x2)        x18:xxxxxxxx  x2:10000c98  PA:10000db8
15514154ns          280820 1c008b8e 11312e23 sw               x19, 284(x2)        x19:xxxxxxxx  x2:10000c98  PA:10000db4
15514194ns          280822 1c008b92 11412c23 sw               x20, 280(x2)        x20:xxxxxxxx  x2:10000c98  PA:10000db0
15514214ns          280823 1c008b96 11512a23 sw               x21, 276(x2)        x21:xxxxxxxx  x2:10000c98  PA:10000dac
15514234ns          280824 1c008b9a 00a00b33 add              x22, x0, x10        x22=1c008af0 x10:1c008af0
15514254ns          280825 1c008b9c 00b00d33 add              x26, x0, x11        x26=00000002 x11:00000002
15514274ns          280826 1c008b9e 00d00c33 add              x24, x0, x13        x24=10000dec x13:10000dec
15514293ns          280827 1c008ba0 1c000bb7 lui              x23, 0x1c000000     x23=1c000000
15514333ns          280829 1c008ba4 02410c93 addi             x25, x2, 36         x25=10000cbc  x2:10000c98
15514353ns          280830 1c008ba8 00c00433 add              x8, x0, x12          x8=1c000098 x12:1c000098
15514373ns          280831 1c008baa 00044503 lbu              x10, 0(x8)          x10=0000006b  x8:1c000098  PA:1c000098
15514671ns          280846 1c008bae 00140413 addi             x8, x8, 1            x8=1c000099  x8:1c000098
15514691ns          280847 1c008bb0 00050e63 beq              x10, x0, 28         x10:0000006b
15514711ns          280848 1c008bb2 02500793 addi             x15, x0, 37         x15=00000025
15514731ns          280849 1c008bb6 04f50863 beq              x10, x15, 80        x10:0000006b x15:00000025
15514751ns          280850 1c008bba 01a005b3 add              x11, x0, x26        x11=00000002 x26:00000002
15514771ns          280851 1c008bbc 000b00e7 jalr             x1, x22, 0           x1=1c008bbe x22:1c008af0
15514890ns          280857 1c008af0 000026b7 lui              x13, 0x2000         x13=00002000
15514930ns          280859 1c008af2 f14027f3 csrrs            x15, x0, 0xf14      x15=00000001
15514950ns          280860 1c008af6 f8068693 addi             x13, x13, -128      x13=00001f80 x13:00002000
15514970ns          280861 1c008afa 00379713 slli             x14, x15, 0x3       x14=00000008 x15:00000001
15514990ns          280862 1c008afe 00279793 slli             x15, x15, 0x2       x15=00000004 x15:00000001
15515029ns          280864 1c008b00 00d7f7b3 and              x15, x15, x13       x15=00000000 x15:00000004 x13:00001f80
15515069ns          280866 1c008b02 ee873733 p.bclr           x14, x14, 23, 8     x14=00000008 x14:00000008
15515089ns          280867 1c008b06 1a10f6b7 lui              x13, 0x1a10f000     x13=1a10f000
15515109ns          280868 1c008b0a 0ff57513 andi             x10, x10, 255       x10=0000006b x10:0000006b
15515129ns          280869 1c008b0e 00d70733 add              x14, x14, x13       x14=1a10f008 x14:00000008 x13:1a10f000
15515149ns          280870 1c008b10 00a7e723 p.sw             x10, x0(x15)        x10:0000006b x15:00000000  PA:1a10f008
15515507ns          280888 1c008b14 00000513 addi             x10, x0, 0          x10=00000000
15515527ns          280889 1c008b16 00008067 jalr             x0, x1, 0            x1:1c008bbe
15515586ns          280892 1c008bbe 31f52563 p.beqimm         x10, 778            x10:00000000
15515606ns          280893 1c008bc2 001d8d93 addi             x27, x27, 1         x27=00000001 x27:00000000
15515626ns          280894 1c008bc4 00044503 lbu              x10, 0(x8)          x10=00000065  x8:1c000099  PA:1c000099
15515925ns          280909 1c008bc8 00140413 addi             x8, x8, 1            x8=1c00009a  x8:1c000099
15515944ns          280910 1c008bca fe0514e3 bne              x10, x0, -24        x10:00000065
15516024ns          280914 1c008bb2 02500793 addi             x15, x0, 37         x15=00000025
15516044ns          280915 1c008bb6 04f50863 beq              x10, x15, 80        x10:00000065 x15:00000025
15516064ns          280916 1c008bba 01a005b3 add              x11, x0, x26        x11=00000002 x26:00000002
15516084ns          280917 1c008bbc 000b00e7 jalr             x1, x22, 0           x1=1c008bbe x22:1c008af0
15516123ns          280919 1c008af0 000026b7 lui              x13, 0x2000         x13=00002000
15516143ns          280920 1c008af2 f14027f3 csrrs            x15, x0, 0xf14      x15=00000001
15516163ns          280921 1c008af6 f8068693 addi             x13, x13, -128      x13=00001f80 x13:00002000
15516183ns          280922 1c008afa 00379713 slli             x14, x15, 0x3       x14=00000008 x15:00000001
15516203ns          280923 1c008afe 00279793 slli             x15, x15, 0x2       x15=00000004 x15:00000001
15516223ns          280924 1c008b00 00d7f7b3 and              x15, x15, x13       x15=00000000 x15:00000004 x13:00001f80
15516243ns          280925 1c008b02 ee873733 p.bclr           x14, x14, 23, 8     x14=00000008 x14:00000008
15516263ns          280926 1c008b06 1a10f6b7 lui              x13, 0x1a10f000     x13=1a10f000
15516283ns          280927 1c008b0a 0ff57513 andi             x10, x10, 255       x10=00000065 x10:00000065
15516302ns          280928 1c008b0e 00d70733 add              x14, x14, x13       x14=1a10f008 x14:00000008 x13:1a10f000
15516322ns          280929 1c008b10 00a7e723 p.sw             x10, x0(x15)        x10:00000065 x15:00000000  PA:1a10f008
15516660ns          280946 1c008b14 00000513 addi             x10, x0, 0          x10=00000000
15516680ns          280947 1c008b16 00008067 jalr             x0, x1, 0            x1:1c008bbe
15516740ns          280950 1c008bbe 31f52563 p.beqimm         x10, 778            x10:00000000
15516760ns          280951 1c008bc2 001d8d93 addi             x27, x27, 1         x27=00000002 x27:00000001
15516780ns          280952 1c008bc4 00044503 lbu              x10, 0(x8)          x10=00000072  x8:1c00009a  PA:1c00009a
15517078ns          280967 1c008bc8 00140413 addi             x8, x8, 1            x8=1c00009b  x8:1c00009a
15517098ns          280968 1c008bca fe0514e3 bne              x10, x0, -24        x10:00000072
15517178ns          280972 1c008bb2 02500793 addi             x15, x0, 37         x15=00000025
15517198ns          280973 1c008bb6 04f50863 beq              x10, x15, 80        x10:00000072 x15:00000025
15517217ns          280974 1c008bba 01a005b3 add              x11, x0, x26        x11=00000002 x26:00000002
15517237ns          280975 1c008bbc 000b00e7 jalr             x1, x22, 0           x1=1c008bbe x22:1c008af0
15517277ns          280977 1c008af0 000026b7 lui              x13, 0x2000         x13=00002000
15517297ns          280978 1c008af2 f14027f3 csrrs            x15, x0, 0xf14      x15=00000001
15517317ns          280979 1c008af6 f8068693 addi             x13, x13, -128      x13=00001f80 x13:00002000
15517337ns          280980 1c008afa 00379713 slli             x14, x15, 0x3       x14=00000008 x15:00000001
15517357ns          280981 1c008afe 00279793 slli             x15, x15, 0x2       x15=00000004 x15:00000001
15517377ns          280982 1c008b00 00d7f7b3 and              x15, x15, x13       x15=00000000 x15:00000004 x13:00001f80
15517396ns          280983 1c008b02 ee873733 p.bclr           x14, x14, 23, 8     x14=00000008 x14:00000008
15517416ns          280984 1c008b06 1a10f6b7 lui              x13, 0x1a10f000     x13=1a10f000
15517436ns          280985 1c008b0a 0ff57513 andi             x10, x10, 255       x10=00000072 x10:00000072
15517456ns          280986 1c008b0e 00d70733 add              x14, x14, x13       x14=1a10f008 x14:00000008 x13:1a10f000
15517476ns          280987 1c008b10 00a7e723 p.sw             x10, x0(x15)        x10:00000072 x15:00000000  PA:1a10f008
15517794ns          281003 1c008b14 00000513 addi             x10, x0, 0          x10=00000000
15517814ns          281004 1c008b16 00008067 jalr             x0, x1, 0            x1:1c008bbe
15517874ns          281007 1c008bbe 31f52563 p.beqimm         x10, 778            x10:00000000
15517894ns          281008 1c008bc2 001d8d93 addi             x27, x27, 1         x27=00000003 x27:00000002
15517914ns          281009 1c008bc4 00044503 lbu              x10, 0(x8)          x10=0000006e  x8:1c00009b  PA:1c00009b
15518212ns          281024 1c008bc8 00140413 addi             x8, x8, 1            x8=1c00009c  x8:1c00009b
15518232ns          281025 1c008bca fe0514e3 bne              x10, x0, -24        x10:0000006e
15518311ns          281029 1c008bb2 02500793 addi             x15, x0, 37         x15=00000025
15518331ns          281030 1c008bb6 04f50863 beq              x10, x15, 80        x10:0000006e x15:00000025
15518351ns          281031 1c008bba 01a005b3 add              x11, x0, x26        x11=00000002 x26:00000002
15518371ns          281032 1c008bbc 000b00e7 jalr             x1, x22, 0           x1=1c008bbe x22:1c008af0
15518411ns          281034 1c008af0 000026b7 lui              x13, 0x2000         x13=00002000
15518431ns          281035 1c008af2 f14027f3 csrrs            x15, x0, 0xf14      x15=00000001
15518451ns          281036 1c008af6 f8068693 addi             x13, x13, -128      x13=00001f80 x13:00002000
15518471ns          281037 1c008afa 00379713 slli             x14, x15, 0x3       x14=00000008 x15:00000001
15518490ns          281038 1c008afe 00279793 slli             x15, x15, 0x2       x15=00000004 x15:00000001
15518510ns          281039 1c008b00 00d7f7b3 and              x15, x15, x13       x15=00000000 x15:00000004 x13:00001f80
15518530ns          281040 1c008b02 ee873733 p.bclr           x14, x14, 23, 8     x14=00000008 x14:00000008
15518550ns          281041 1c008b06 1a10f6b7 lui              x13, 0x1a10f000     x13=1a10f000
15518570ns          281042 1c008b0a 0ff57513 andi             x10, x10, 255       x10=0000006e x10:0000006e
15518590ns          281043 1c008b0e 00d70733 add              x14, x14, x13       x14=1a10f008 x14:00000008 x13:1a10f000
15518610ns          281044 1c008b10 00a7e723 p.sw             x10, x0(x15)        x10:0000006e x15:00000000  PA:1a10f008
15518928ns          281060 1c008b14 00000513 addi             x10, x0, 0          x10=00000000
15518948ns          281061 1c008b16 00008067 jalr             x0, x1, 0            x1:1c008bbe
15519008ns          281064 1c008bbe 31f52563 p.beqimm         x10, 778            x10:00000000
15519027ns          281065 1c008bc2 001d8d93 addi             x27, x27, 1         x27=00000004 x27:00000003
15519047ns          281066 1c008bc4 00044503 lbu              x10, 0(x8)          x10=00000065  x8:1c00009c  PA:1c00009c
15519346ns          281081 1c008bc8 00140413 addi             x8, x8, 1            x8=1c00009d  x8:1c00009c
15519366ns          281082 1c008bca fe0514e3 bne              x10, x0, -24        x10:00000065
15519445ns          281086 1c008bb2 02500793 addi             x15, x0, 37         x15=00000025
15519465ns          281087 1c008bb6 04f50863 beq              x10, x15, 80        x10:00000065 x15:00000025
15519485ns          281088 1c008bba 01a005b3 add              x11, x0, x26        x11=00000002 x26:00000002
15519505ns          281089 1c008bbc 000b00e7 jalr             x1, x22, 0           x1=1c008bbe x22:1c008af0
15519545ns          281091 1c008af0 000026b7 lui              x13, 0x2000         x13=00002000
15519565ns          281092 1c008af2 f14027f3 csrrs            x15, x0, 0xf14      x15=00000001
15519584ns          281093 1c008af6 f8068693 addi             x13, x13, -128      x13=00001f80 x13:00002000
15519604ns          281094 1c008afa 00379713 slli             x14, x15, 0x3       x14=00000008 x15:00000001
15519624ns          281095 1c008afe 00279793 slli             x15, x15, 0x2       x15=00000004 x15:00000001
15519644ns          281096 1c008b00 00d7f7b3 and              x15, x15, x13       x15=00000000 x15:00000004 x13:00001f80
15519664ns          281097 1c008b02 ee873733 p.bclr           x14, x14, 23, 8     x14=00000008 x14:00000008
15519684ns          281098 1c008b06 1a10f6b7 lui              x13, 0x1a10f000     x13=1a10f000
15519704ns          281099 1c008b0a 0ff57513 andi             x10, x10, 255       x10=00000065 x10:00000065
15519724ns          281100 1c008b0e 00d70733 add              x14, x14, x13       x14=1a10f008 x14:00000008 x13:1a10f000
15519744ns          281101 1c008b10 00a7e723 p.sw             x10, x0(x15)        x10:00000065 x15:00000000  PA:1a10f008
15520082ns          281118 1c008b14 00000513 addi             x10, x0, 0          x10=00000000
15520102ns          281119 1c008b16 00008067 jalr             x0, x1, 0            x1:1c008bbe
15520161ns          281122 1c008bbe 31f52563 p.beqimm         x10, 778            x10:00000000
15520181ns          281123 1c008bc2 001d8d93 addi             x27, x27, 1         x27=00000005 x27:00000004
15520201ns          281124 1c008bc4 00044503 lbu              x10, 0(x8)          x10=0000006c  x8:1c00009d  PA:1c00009d
15520499ns          281139 1c008bc8 00140413 addi             x8, x8, 1            x8=1c00009e  x8:1c00009d
15520519ns          281140 1c008bca fe0514e3 bne              x10, x0, -24        x10:0000006c
15520599ns          281144 1c008bb2 02500793 addi             x15, x0, 37         x15=00000025
15520619ns          281145 1c008bb6 04f50863 beq              x10, x15, 80        x10:0000006c x15:00000025
15520639ns          281146 1c008bba 01a005b3 add              x11, x0, x26        x11=00000002 x26:00000002
15520659ns          281147 1c008bbc 000b00e7 jalr             x1, x22, 0           x1=1c008bbe x22:1c008af0
15520698ns          281149 1c008af0 000026b7 lui              x13, 0x2000         x13=00002000
15520718ns          281150 1c008af2 f14027f3 csrrs            x15, x0, 0xf14      x15=00000001
15520738ns          281151 1c008af6 f8068693 addi             x13, x13, -128      x13=00001f80 x13:00002000
15520758ns          281152 1c008afa 00379713 slli             x14, x15, 0x3       x14=00000008 x15:00000001
15520778ns          281153 1c008afe 00279793 slli             x15, x15, 0x2       x15=00000004 x15:00000001
15520798ns          281154 1c008b00 00d7f7b3 and              x15, x15, x13       x15=00000000 x15:00000004 x13:00001f80
15520818ns          281155 1c008b02 ee873733 p.bclr           x14, x14, 23, 8     x14=00000008 x14:00000008
15520838ns          281156 1c008b06 1a10f6b7 lui              x13, 0x1a10f000     x13=1a10f000
15520857ns          281157 1c008b0a 0ff57513 andi             x10, x10, 255       x10=0000006c x10:0000006c
15520877ns          281158 1c008b0e 00d70733 add              x14, x14, x13       x14=1a10f008 x14:00000008 x13:1a10f000
15520897ns          281159 1c008b10 00a7e723 p.sw             x10, x0(x15)        x10:0000006c x15:00000000  PA:1a10f008
15521215ns          281175 1c008b14 00000513 addi             x10, x0, 0          x10=00000000
15521235ns          281176 1c008b16 00008067 jalr             x0, x1, 0            x1:1c008bbe
15521295ns          281179 1c008bbe 31f52563 p.beqimm         x10, 778            x10:00000000
15521315ns          281180 1c008bc2 001d8d93 addi             x27, x27, 1         x27=00000006 x27:00000005
15521335ns          281181 1c008bc4 00044503 lbu              x10, 0(x8)          x10=00000020  x8:1c00009e  PA:1c00009e
15521633ns          281196 1c008bc8 00140413 addi             x8, x8, 1            x8=1c00009f  x8:1c00009e
15521653ns          281197 1c008bca fe0514e3 bne              x10, x0, -24        x10:00000020
15521733ns          281201 1c008bb2 02500793 addi             x15, x0, 37         x15=00000025
15521753ns          281202 1c008bb6 04f50863 beq              x10, x15, 80        x10:00000020 x15:00000025
15521772ns          281203 1c008bba 01a005b3 add              x11, x0, x26        x11=00000002 x26:00000002
15521792ns          281204 1c008bbc 000b00e7 jalr             x1, x22, 0           x1=1c008bbe x22:1c008af0
15521832ns          281206 1c008af0 000026b7 lui              x13, 0x2000         x13=00002000
15521852ns          281207 1c008af2 f14027f3 csrrs            x15, x0, 0xf14      x15=00000001
15521872ns          281208 1c008af6 f8068693 addi             x13, x13, -128      x13=00001f80 x13:00002000
15521892ns          281209 1c008afa 00379713 slli             x14, x15, 0x3       x14=00000008 x15:00000001
15521912ns          281210 1c008afe 00279793 slli             x15, x15, 0x2       x15=00000004 x15:00000001
15521932ns          281211 1c008b00 00d7f7b3 and              x15, x15, x13       x15=00000000 x15:00000004 x13:00001f80
15521951ns          281212 1c008b02 ee873733 p.bclr           x14, x14, 23, 8     x14=00000008 x14:00000008
15521971ns          281213 1c008b06 1a10f6b7 lui              x13, 0x1a10f000     x13=1a10f000
15521991ns          281214 1c008b0a 0ff57513 andi             x10, x10, 255       x10=00000020 x10:00000020
15522011ns          281215 1c008b0e 00d70733 add              x14, x14, x13       x14=1a10f008 x14:00000008 x13:1a10f000
15522031ns          281216 1c008b10 00a7e723 p.sw             x10, x0(x15)        x10:00000020 x15:00000000  PA:1a10f008
15522349ns          281232 1c008b14 00000513 addi             x10, x0, 0          x10=00000000
15522369ns          281233 1c008b16 00008067 jalr             x0, x1, 0            x1:1c008bbe
15522429ns          281236 1c008bbe 31f52563 p.beqimm         x10, 778            x10:00000000
15522449ns          281237 1c008bc2 001d8d93 addi             x27, x27, 1         x27=00000007 x27:00000006
15522469ns          281238 1c008bc4 00044503 lbu              x10, 0(x8)          x10=00000070  x8:1c00009f  PA:1c00009f
15522767ns          281253 1c008bc8 00140413 addi             x8, x8, 1            x8=1c0000a0  x8:1c00009f
15522787ns          281254 1c008bca fe0514e3 bne              x10, x0, -24        x10:00000070
15522866ns          281258 1c008bb2 02500793 addi             x15, x0, 37         x15=00000025
15522886ns          281259 1c008bb6 04f50863 beq              x10, x15, 80        x10:00000070 x15:00000025
15522906ns          281260 1c008bba 01a005b3 add              x11, x0, x26        x11=00000002 x26:00000002
15522926ns          281261 1c008bbc 000b00e7 jalr             x1, x22, 0           x1=1c008bbe x22:1c008af0
15522966ns          281263 1c008af0 000026b7 lui              x13, 0x2000         x13=00002000
15522986ns          281264 1c008af2 f14027f3 csrrs            x15, x0, 0xf14      x15=00000001
15523006ns          281265 1c008af6 f8068693 addi             x13, x13, -128      x13=00001f80 x13:00002000
15523026ns          281266 1c008afa 00379713 slli             x14, x15, 0x3       x14=00000008 x15:00000001
15523045ns          281267 1c008afe 00279793 slli             x15, x15, 0x2       x15=00000004 x15:00000001
15523065ns          281268 1c008b00 00d7f7b3 and              x15, x15, x13       x15=00000000 x15:00000004 x13:00001f80
15523085ns          281269 1c008b02 ee873733 p.bclr           x14, x14, 23, 8     x14=00000008 x14:00000008
15523105ns          281270 1c008b06 1a10f6b7 lui              x13, 0x1a10f000     x13=1a10f000
15523125ns          281271 1c008b0a 0ff57513 andi             x10, x10, 255       x10=00000070 x10:00000070
15523145ns          281272 1c008b0e 00d70733 add              x14, x14, x13       x14=1a10f008 x14:00000008 x13:1a10f000
15523165ns          281273 1c008b10 00a7e723 p.sw             x10, x0(x15)        x10:00000070 x15:00000000  PA:1a10f008
15523503ns          281290 1c008b14 00000513 addi             x10, x0, 0          x10=00000000
15523523ns          281291 1c008b16 00008067 jalr             x0, x1, 0            x1:1c008bbe
15523582ns          281294 1c008bbe 31f52563 p.beqimm         x10, 778            x10:00000000
15523602ns          281295 1c008bc2 001d8d93 addi             x27, x27, 1         x27=00000008 x27:00000007
15523622ns          281296 1c008bc4 00044503 lbu              x10, 0(x8)          x10=00000061  x8:1c0000a0  PA:1c0000a0
15523921ns          281311 1c008bc8 00140413 addi             x8, x8, 1            x8=1c0000a1  x8:1c0000a0
15523940ns          281312 1c008bca fe0514e3 bne              x10, x0, -24        x10:00000061
15524020ns          281316 1c008bb2 02500793 addi             x15, x0, 37         x15=00000025
15524040ns          281317 1c008bb6 04f50863 beq              x10, x15, 80        x10:00000061 x15:00000025
15524060ns          281318 1c008bba 01a005b3 add              x11, x0, x26        x11=00000002 x26:00000002
15524080ns          281319 1c008bbc 000b00e7 jalr             x1, x22, 0           x1=1c008bbe x22:1c008af0
15524120ns          281321 1c008af0 000026b7 lui              x13, 0x2000         x13=00002000
15524139ns          281322 1c008af2 f14027f3 csrrs            x15, x0, 0xf14      x15=00000001
15524159ns          281323 1c008af6 f8068693 addi             x13, x13, -128      x13=00001f80 x13:00002000
15524179ns          281324 1c008afa 00379713 slli             x14, x15, 0x3       x14=00000008 x15:00000001
15524199ns          281325 1c008afe 00279793 slli             x15, x15, 0x2       x15=00000004 x15:00000001
15524219ns          281326 1c008b00 00d7f7b3 and              x15, x15, x13       x15=00000000 x15:00000004 x13:00001f80
15524239ns          281327 1c008b02 ee873733 p.bclr           x14, x14, 23, 8     x14=00000008 x14:00000008
15524259ns          281328 1c008b06 1a10f6b7 lui              x13, 0x1a10f000     x13=1a10f000
15524279ns          281329 1c008b0a 0ff57513 andi             x10, x10, 255       x10=00000061 x10:00000061
15524299ns          281330 1c008b0e 00d70733 add              x14, x14, x13       x14=1a10f008 x14:00000008 x13:1a10f000
15524318ns          281331 1c008b10 00a7e723 p.sw             x10, x0(x15)        x10:00000061 x15:00000000  PA:1a10f008
15524657ns          281348 1c008b14 00000513 addi             x10, x0, 0          x10=00000000
15524676ns          281349 1c008b16 00008067 jalr             x0, x1, 0            x1:1c008bbe
15524736ns          281352 1c008bbe 31f52563 p.beqimm         x10, 778            x10:00000000
15524756ns          281353 1c008bc2 001d8d93 addi             x27, x27, 1         x27=00000009 x27:00000008
15524776ns          281354 1c008bc4 00044503 lbu              x10, 0(x8)          x10=00000073  x8:1c0000a1  PA:1c0000a1
15525074ns          281369 1c008bc8 00140413 addi             x8, x8, 1            x8=1c0000a2  x8:1c0000a1
15525094ns          281370 1c008bca fe0514e3 bne              x10, x0, -24        x10:00000073
15525174ns          281374 1c008bb2 02500793 addi             x15, x0, 37         x15=00000025
15525194ns          281375 1c008bb6 04f50863 beq              x10, x15, 80        x10:00000073 x15:00000025
15525213ns          281376 1c008bba 01a005b3 add              x11, x0, x26        x11=00000002 x26:00000002
15525233ns          281377 1c008bbc 000b00e7 jalr             x1, x22, 0           x1=1c008bbe x22:1c008af0
15525273ns          281379 1c008af0 000026b7 lui              x13, 0x2000         x13=00002000
15525293ns          281380 1c008af2 f14027f3 csrrs            x15, x0, 0xf14      x15=00000001
15525313ns          281381 1c008af6 f8068693 addi             x13, x13, -128      x13=00001f80 x13:00002000
15525333ns          281382 1c008afa 00379713 slli             x14, x15, 0x3       x14=00000008 x15:00000001
15525353ns          281383 1c008afe 00279793 slli             x15, x15, 0x2       x15=00000004 x15:00000001
15525373ns          281384 1c008b00 00d7f7b3 and              x15, x15, x13       x15=00000000 x15:00000004 x13:00001f80
15525393ns          281385 1c008b02 ee873733 p.bclr           x14, x14, 23, 8     x14=00000008 x14:00000008
15525412ns          281386 1c008b06 1a10f6b7 lui              x13, 0x1a10f000     x13=1a10f000
15525432ns          281387 1c008b0a 0ff57513 andi             x10, x10, 255       x10=00000073 x10:00000073
15525452ns          281388 1c008b0e 00d70733 add              x14, x14, x13       x14=1a10f008 x14:00000008 x13:1a10f000
15525472ns          281389 1c008b10 00a7e723 p.sw             x10, x0(x15)        x10:00000073 x15:00000000  PA:1a10f008
15525790ns          281405 1c008b14 00000513 addi             x10, x0, 0          x10=00000000
15525810ns          281406 1c008b16 00008067 jalr             x0, x1, 0            x1:1c008bbe
15525870ns          281409 1c008bbe 31f52563 p.beqimm         x10, 778            x10:00000000
15525890ns          281410 1c008bc2 001d8d93 addi             x27, x27, 1         x27=0000000a x27:00000009
15525910ns          281411 1c008bc4 00044503 lbu              x10, 0(x8)          x10=00000073  x8:1c0000a2  PA:1c0000a2
15526208ns          281426 1c008bc8 00140413 addi             x8, x8, 1            x8=1c0000a3  x8:1c0000a2
15526228ns          281427 1c008bca fe0514e3 bne              x10, x0, -24        x10:00000073
15526307ns          281431 1c008bb2 02500793 addi             x15, x0, 37         x15=00000025
15526327ns          281432 1c008bb6 04f50863 beq              x10, x15, 80        x10:00000073 x15:00000025
15526347ns          281433 1c008bba 01a005b3 add              x11, x0, x26        x11=00000002 x26:00000002
15526367ns          281434 1c008bbc 000b00e7 jalr             x1, x22, 0           x1=1c008bbe x22:1c008af0
15526407ns          281436 1c008af0 000026b7 lui              x13, 0x2000         x13=00002000
15526427ns          281437 1c008af2 f14027f3 csrrs            x15, x0, 0xf14      x15=00000001
15526447ns          281438 1c008af6 f8068693 addi             x13, x13, -128      x13=00001f80 x13:00002000
15526467ns          281439 1c008afa 00379713 slli             x14, x15, 0x3       x14=00000008 x15:00000001
15526487ns          281440 1c008afe 00279793 slli             x15, x15, 0x2       x15=00000004 x15:00000001
15526506ns          281441 1c008b00 00d7f7b3 and              x15, x15, x13       x15=00000000 x15:00000004 x13:00001f80
15526526ns          281442 1c008b02 ee873733 p.bclr           x14, x14, 23, 8     x14=00000008 x14:00000008
15526546ns          281443 1c008b06 1a10f6b7 lui              x13, 0x1a10f000     x13=1a10f000
15526566ns          281444 1c008b0a 0ff57513 andi             x10, x10, 255       x10=00000073 x10:00000073
15526586ns          281445 1c008b0e 00d70733 add              x14, x14, x13       x14=1a10f008 x14:00000008 x13:1a10f000
15526606ns          281446 1c008b10 00a7e723 p.sw             x10, x0(x15)        x10:00000073 x15:00000000  PA:1a10f008
15526924ns          281462 1c008b14 00000513 addi             x10, x0, 0          x10=00000000
15526944ns          281463 1c008b16 00008067 jalr             x0, x1, 0            x1:1c008bbe
15527004ns          281466 1c008bbe 31f52563 p.beqimm         x10, 778            x10:00000000
15527024ns          281467 1c008bc2 001d8d93 addi             x27, x27, 1         x27=0000000b x27:0000000a
15527043ns          281468 1c008bc4 00044503 lbu              x10, 0(x8)          x10=00000065  x8:1c0000a3  PA:1c0000a3
15527342ns          281483 1c008bc8 00140413 addi             x8, x8, 1            x8=1c0000a4  x8:1c0000a3
15527362ns          281484 1c008bca fe0514e3 bne              x10, x0, -24        x10:00000065
15527441ns          281488 1c008bb2 02500793 addi             x15, x0, 37         x15=00000025
15527461ns          281489 1c008bb6 04f50863 beq              x10, x15, 80        x10:00000065 x15:00000025
15527481ns          281490 1c008bba 01a005b3 add              x11, x0, x26        x11=00000002 x26:00000002
15527501ns          281491 1c008bbc 000b00e7 jalr             x1, x22, 0           x1=1c008bbe x22:1c008af0
15527541ns          281493 1c008af0 000026b7 lui              x13, 0x2000         x13=00002000
15527561ns          281494 1c008af2 f14027f3 csrrs            x15, x0, 0xf14      x15=00000001
15527580ns          281495 1c008af6 f8068693 addi             x13, x13, -128      x13=00001f80 x13:00002000
15527600ns          281496 1c008afa 00379713 slli             x14, x15, 0x3       x14=00000008 x15:00000001
15527620ns          281497 1c008afe 00279793 slli             x15, x15, 0x2       x15=00000004 x15:00000001
15527640ns          281498 1c008b00 00d7f7b3 and              x15, x15, x13       x15=00000000 x15:00000004 x13:00001f80
15527660ns          281499 1c008b02 ee873733 p.bclr           x14, x14, 23, 8     x14=00000008 x14:00000008
15527680ns          281500 1c008b06 1a10f6b7 lui              x13, 0x1a10f000     x13=1a10f000
15527700ns          281501 1c008b0a 0ff57513 andi             x10, x10, 255       x10=00000065 x10:00000065
15527720ns          281502 1c008b0e 00d70733 add              x14, x14, x13       x14=1a10f008 x14:00000008 x13:1a10f000
15527740ns          281503 1c008b10 00a7e723 p.sw             x10, x0(x15)        x10:00000065 x15:00000000  PA:1a10f008
15528078ns          281520 1c008b14 00000513 addi             x10, x0, 0          x10=00000000
15528098ns          281521 1c008b16 00008067 jalr             x0, x1, 0            x1:1c008bbe
15528157ns          281524 1c008bbe 31f52563 p.beqimm         x10, 778            x10:00000000
15528177ns          281525 1c008bc2 001d8d93 addi             x27, x27, 1         x27=0000000c x27:0000000b
15528197ns          281526 1c008bc4 00044503 lbu              x10, 0(x8)          x10=00000064  x8:1c0000a4  PA:1c0000a4
15528495ns          281541 1c008bc8 00140413 addi             x8, x8, 1            x8=1c0000a5  x8:1c0000a4
15528515ns          281542 1c008bca fe0514e3 bne              x10, x0, -24        x10:00000064
15528595ns          281546 1c008bb2 02500793 addi             x15, x0, 37         x15=00000025
15528615ns          281547 1c008bb6 04f50863 beq              x10, x15, 80        x10:00000064 x15:00000025
15528635ns          281548 1c008bba 01a005b3 add              x11, x0, x26        x11=00000002 x26:00000002
15528655ns          281549 1c008bbc 000b00e7 jalr             x1, x22, 0           x1=1c008bbe x22:1c008af0
15528694ns          281551 1c008af0 000026b7 lui              x13, 0x2000         x13=00002000
15528714ns          281552 1c008af2 f14027f3 csrrs            x15, x0, 0xf14      x15=00000001
15528734ns          281553 1c008af6 f8068693 addi             x13, x13, -128      x13=00001f80 x13:00002000
15528754ns          281554 1c008afa 00379713 slli             x14, x15, 0x3       x14=00000008 x15:00000001
15528774ns          281555 1c008afe 00279793 slli             x15, x15, 0x2       x15=00000004 x15:00000001
15528794ns          281556 1c008b00 00d7f7b3 and              x15, x15, x13       x15=00000000 x15:00000004 x13:00001f80
15528814ns          281557 1c008b02 ee873733 p.bclr           x14, x14, 23, 8     x14=00000008 x14:00000008
15528834ns          281558 1c008b06 1a10f6b7 lui              x13, 0x1a10f000     x13=1a10f000
15528854ns          281559 1c008b0a 0ff57513 andi             x10, x10, 255       x10=00000064 x10:00000064
15528873ns          281560 1c008b0e 00d70733 add              x14, x14, x13       x14=1a10f008 x14:00000008 x13:1a10f000
15528893ns          281561 1c008b10 00a7e723 p.sw             x10, x0(x15)        x10:00000064 x15:00000000  PA:1a10f008
15529212ns          281577 1c008b14 00000513 addi             x10, x0, 0          x10=00000000
15529231ns          281578 1c008b16 00008067 jalr             x0, x1, 0            x1:1c008bbe
15529291ns          281581 1c008bbe 31f52563 p.beqimm         x10, 778            x10:00000000
15529311ns          281582 1c008bc2 001d8d93 addi             x27, x27, 1         x27=0000000d x27:0000000c
15529331ns          281583 1c008bc4 00044503 lbu              x10, 0(x8)          x10=00000020  x8:1c0000a5  PA:1c0000a5
15529629ns          281598 1c008bc8 00140413 addi             x8, x8, 1            x8=1c0000a6  x8:1c0000a5
15529649ns          281599 1c008bca fe0514e3 bne              x10, x0, -24        x10:00000020
15529729ns          281603 1c008bb2 02500793 addi             x15, x0, 37         x15=00000025
15529749ns          281604 1c008bb6 04f50863 beq              x10, x15, 80        x10:00000020 x15:00000025
15529768ns          281605 1c008bba 01a005b3 add              x11, x0, x26        x11=00000002 x26:00000002
15529788ns          281606 1c008bbc 000b00e7 jalr             x1, x22, 0           x1=1c008bbe x22:1c008af0
15529828ns          281608 1c008af0 000026b7 lui              x13, 0x2000         x13=00002000
15529848ns          281609 1c008af2 f14027f3 csrrs            x15, x0, 0xf14      x15=00000001
15529868ns          281610 1c008af6 f8068693 addi             x13, x13, -128      x13=00001f80 x13:00002000
15529888ns          281611 1c008afa 00379713 slli             x14, x15, 0x3       x14=00000008 x15:00000001
15529908ns          281612 1c008afe 00279793 slli             x15, x15, 0x2       x15=00000004 x15:00000001
15529928ns          281613 1c008b00 00d7f7b3 and              x15, x15, x13       x15=00000000 x15:00000004 x13:00001f80
15529947ns          281614 1c008b02 ee873733 p.bclr           x14, x14, 23, 8     x14=00000008 x14:00000008
15529967ns          281615 1c008b06 1a10f6b7 lui              x13, 0x1a10f000     x13=1a10f000
15529987ns          281616 1c008b0a 0ff57513 andi             x10, x10, 255       x10=00000020 x10:00000020
15530007ns          281617 1c008b0e 00d70733 add              x14, x14, x13       x14=1a10f008 x14:00000008 x13:1a10f000
15530027ns          281618 1c008b10 00a7e723 p.sw             x10, x0(x15)        x10:00000020 x15:00000000  PA:1a10f008
15530345ns          281634 1c008b14 00000513 addi             x10, x0, 0          x10=00000000
15530365ns          281635 1c008b16 00008067 jalr             x0, x1, 0            x1:1c008bbe
15530425ns          281638 1c008bbe 31f52563 p.beqimm         x10, 778            x10:00000000
15530445ns          281639 1c008bc2 001d8d93 addi             x27, x27, 1         x27=0000000e x27:0000000d
15530465ns          281640 1c008bc4 00044503 lbu              x10, 0(x8)          x10=0000006f  x8:1c0000a6  PA:1c0000a6
15530763ns          281655 1c008bc8 00140413 addi             x8, x8, 1            x8=1c0000a7  x8:1c0000a6
15530783ns          281656 1c008bca fe0514e3 bne              x10, x0, -24        x10:0000006f
15530862ns          281660 1c008bb2 02500793 addi             x15, x0, 37         x15=00000025
15530882ns          281661 1c008bb6 04f50863 beq              x10, x15, 80        x10:0000006f x15:00000025
15530902ns          281662 1c008bba 01a005b3 add              x11, x0, x26        x11=00000002 x26:00000002
15530922ns          281663 1c008bbc 000b00e7 jalr             x1, x22, 0           x1=1c008bbe x22:1c008af0
15530962ns          281665 1c008af0 000026b7 lui              x13, 0x2000         x13=00002000
15530982ns          281666 1c008af2 f14027f3 csrrs            x15, x0, 0xf14      x15=00000001
15531002ns          281667 1c008af6 f8068693 addi             x13, x13, -128      x13=00001f80 x13:00002000
15531022ns          281668 1c008afa 00379713 slli             x14, x15, 0x3       x14=00000008 x15:00000001
15531041ns          281669 1c008afe 00279793 slli             x15, x15, 0x2       x15=00000004 x15:00000001
15531061ns          281670 1c008b00 00d7f7b3 and              x15, x15, x13       x15=00000000 x15:00000004 x13:00001f80
15531081ns          281671 1c008b02 ee873733 p.bclr           x14, x14, 23, 8     x14=00000008 x14:00000008
15531101ns          281672 1c008b06 1a10f6b7 lui              x13, 0x1a10f000     x13=1a10f000
15531121ns          281673 1c008b0a 0ff57513 andi             x10, x10, 255       x10=0000006f x10:0000006f
15531141ns          281674 1c008b0e 00d70733 add              x14, x14, x13       x14=1a10f008 x14:00000008 x13:1a10f000
15531161ns          281675 1c008b10 00a7e723 p.sw             x10, x0(x15)        x10:0000006f x15:00000000  PA:1a10f008
15531499ns          281692 1c008b14 00000513 addi             x10, x0, 0          x10=00000000
15531519ns          281693 1c008b16 00008067 jalr             x0, x1, 0            x1:1c008bbe
15531579ns          281696 1c008bbe 31f52563 p.beqimm         x10, 778            x10:00000000
15531598ns          281697 1c008bc2 001d8d93 addi             x27, x27, 1         x27=0000000f x27:0000000e
15531618ns          281698 1c008bc4 00044503 lbu              x10, 0(x8)          x10=0000006e  x8:1c0000a7  PA:1c0000a7
15531917ns          281713 1c008bc8 00140413 addi             x8, x8, 1            x8=1c0000a8  x8:1c0000a7
15531937ns          281714 1c008bca fe0514e3 bne              x10, x0, -24        x10:0000006e
15532016ns          281718 1c008bb2 02500793 addi             x15, x0, 37         x15=00000025
15532036ns          281719 1c008bb6 04f50863 beq              x10, x15, 80        x10:0000006e x15:00000025
15532056ns          281720 1c008bba 01a005b3 add              x11, x0, x26        x11=00000002 x26:00000002
15532076ns          281721 1c008bbc 000b00e7 jalr             x1, x22, 0           x1=1c008bbe x22:1c008af0
15532116ns          281723 1c008af0 000026b7 lui              x13, 0x2000         x13=00002000
15532135ns          281724 1c008af2 f14027f3 csrrs            x15, x0, 0xf14      x15=00000001
15532155ns          281725 1c008af6 f8068693 addi             x13, x13, -128      x13=00001f80 x13:00002000
15532175ns          281726 1c008afa 00379713 slli             x14, x15, 0x3       x14=00000008 x15:00000001
15532195ns          281727 1c008afe 00279793 slli             x15, x15, 0x2       x15=00000004 x15:00000001
15532215ns          281728 1c008b00 00d7f7b3 and              x15, x15, x13       x15=00000000 x15:00000004 x13:00001f80
15532235ns          281729 1c008b02 ee873733 p.bclr           x14, x14, 23, 8     x14=00000008 x14:00000008
15532255ns          281730 1c008b06 1a10f6b7 lui              x13, 0x1a10f000     x13=1a10f000
15532275ns          281731 1c008b0a 0ff57513 andi             x10, x10, 255       x10=0000006e x10:0000006e
15532295ns          281732 1c008b0e 00d70733 add              x14, x14, x13       x14=1a10f008 x14:00000008 x13:1a10f000
15532314ns          281733 1c008b10 00a7e723 p.sw             x10, x0(x15)        x10:0000006e x15:00000000  PA:1a10f008
15532653ns          281750 1c008b14 00000513 addi             x10, x0, 0          x10=00000000
15532673ns          281751 1c008b16 00008067 jalr             x0, x1, 0            x1:1c008bbe
15532732ns          281754 1c008bbe 31f52563 p.beqimm         x10, 778            x10:00000000
15532752ns          281755 1c008bc2 001d8d93 addi             x27, x27, 1         x27=00000010 x27:0000000f
15532772ns          281756 1c008bc4 00044503 lbu              x10, 0(x8)          x10=00000020  x8:1c0000a8  PA:1c0000a8
15533070ns          281771 1c008bc8 00140413 addi             x8, x8, 1            x8=1c0000a9  x8:1c0000a8
15533090ns          281772 1c008bca fe0514e3 bne              x10, x0, -24        x10:00000020
15533170ns          281776 1c008bb2 02500793 addi             x15, x0, 37         x15=00000025
15533190ns          281777 1c008bb6 04f50863 beq              x10, x15, 80        x10:00000020 x15:00000025
15533210ns          281778 1c008bba 01a005b3 add              x11, x0, x26        x11=00000002 x26:00000002
15533230ns          281779 1c008bbc 000b00e7 jalr             x1, x22, 0           x1=1c008bbe x22:1c008af0
15533270ns          281781 1c008af0 000026b7 lui              x13, 0x2000         x13=00002000
15533290ns          281782 1c008af2 f14027f3 csrrs            x15, x0, 0xf14      x15=00000001
15533310ns          281783 1c008af6 f8068693 addi             x13, x13, -128      x13=00001f80 x13:00002000
15533330ns          281784 1c008afa 00379713 slli             x14, x15, 0x3       x14=00000008 x15:00000001
15533351ns          281785 1c008afe 00279793 slli             x15, x15, 0x2       x15=00000004 x15:00000001
15533371ns          281786 1c008b00 00d7f7b3 and              x15, x15, x13       x15=00000000 x15:00000004 x13:00001f80
15533391ns          281787 1c008b02 ee873733 p.bclr           x14, x14, 23, 8     x14=00000008 x14:00000008
15533411ns          281788 1c008b06 1a10f6b7 lui              x13, 0x1a10f000     x13=1a10f000
15533431ns          281789 1c008b0a 0ff57513 andi             x10, x10, 255       x10=00000020 x10:00000020
15533451ns          281790 1c008b0e 00d70733 add              x14, x14, x13       x14=1a10f008 x14:00000008 x13:1a10f000
15533471ns          281791 1c008b10 00a7e723 p.sw             x10, x0(x15)        x10:00000020 x15:00000000  PA:1a10f008
15533792ns          281807 1c008b14 00000513 addi             x10, x0, 0          x10=00000000
15533812ns          281808 1c008b16 00008067 jalr             x0, x1, 0            x1:1c008bbe
15533872ns          281811 1c008bbe 31f52563 p.beqimm         x10, 778            x10:00000000
15533892ns          281812 1c008bc2 001d8d93 addi             x27, x27, 1         x27=00000011 x27:00000010
15533912ns          281813 1c008bc4 00044503 lbu              x10, 0(x8)          x10=00000063  x8:1c0000a9  PA:1c0000a9
15534213ns          281828 1c008bc8 00140413 addi             x8, x8, 1            x8=1c0000aa  x8:1c0000a9
15534233ns          281829 1c008bca fe0514e3 bne              x10, x0, -24        x10:00000063
15534314ns          281833 1c008bb2 02500793 addi             x15, x0, 37         x15=00000025
15534334ns          281834 1c008bb6 04f50863 beq              x10, x15, 80        x10:00000063 x15:00000025
15534354ns          281835 1c008bba 01a005b3 add              x11, x0, x26        x11=00000002 x26:00000002
15534374ns          281836 1c008bbc 000b00e7 jalr             x1, x22, 0           x1=1c008bbe x22:1c008af0
15534414ns          281838 1c008af0 000026b7 lui              x13, 0x2000         x13=00002000
15534434ns          281839 1c008af2 f14027f3 csrrs            x15, x0, 0xf14      x15=00000001
15534454ns          281840 1c008af6 f8068693 addi             x13, x13, -128      x13=00001f80 x13:00002000
15534474ns          281841 1c008afa 00379713 slli             x14, x15, 0x3       x14=00000008 x15:00000001
15534494ns          281842 1c008afe 00279793 slli             x15, x15, 0x2       x15=00000004 x15:00000001
15534514ns          281843 1c008b00 00d7f7b3 and              x15, x15, x13       x15=00000000 x15:00000004 x13:00001f80
15534534ns          281844 1c008b02 ee873733 p.bclr           x14, x14, 23, 8     x14=00000008 x14:00000008
15534554ns          281845 1c008b06 1a10f6b7 lui              x13, 0x1a10f000     x13=1a10f000
15534574ns          281846 1c008b0a 0ff57513 andi             x10, x10, 255       x10=00000063 x10:00000063
15534595ns          281847 1c008b0e 00d70733 add              x14, x14, x13       x14=1a10f008 x14:00000008 x13:1a10f000
15534615ns          281848 1c008b10 00a7e723 p.sw             x10, x0(x15)        x10:00000063 x15:00000000  PA:1a10f008
15534956ns          281865 1c008b14 00000513 addi             x10, x0, 0          x10=00000000
15534976ns          281866 1c008b16 00008067 jalr             x0, x1, 0            x1:1c008bbe
15535036ns          281869 1c008bbe 31f52563 p.beqimm         x10, 778            x10:00000000
15535056ns          281870 1c008bc2 001d8d93 addi             x27, x27, 1         x27=00000012 x27:00000011
15535076ns          281871 1c008bc4 00044503 lbu              x10, 0(x8)          x10=0000006f  x8:1c0000aa  PA:1c0000aa
15535377ns          281886 1c008bc8 00140413 addi             x8, x8, 1            x8=1c0000ab  x8:1c0000aa
15535397ns          281887 1c008bca fe0514e3 bne              x10, x0, -24        x10:0000006f
15535477ns          281891 1c008bb2 02500793 addi             x15, x0, 37         x15=00000025
15535497ns          281892 1c008bb6 04f50863 beq              x10, x15, 80        x10:0000006f x15:00000025
15535518ns          281893 1c008bba 01a005b3 add              x11, x0, x26        x11=00000002 x26:00000002
15535538ns          281894 1c008bbc 000b00e7 jalr             x1, x22, 0           x1=1c008bbe x22:1c008af0
15535578ns          281896 1c008af0 000026b7 lui              x13, 0x2000         x13=00002000
15535598ns          281897 1c008af2 f14027f3 csrrs            x15, x0, 0xf14      x15=00000001
15535618ns          281898 1c008af6 f8068693 addi             x13, x13, -128      x13=00001f80 x13:00002000
15535638ns          281899 1c008afa 00379713 slli             x14, x15, 0x3       x14=00000008 x15:00000001
15535658ns          281900 1c008afe 00279793 slli             x15, x15, 0x2       x15=00000004 x15:00000001
15535678ns          281901 1c008b00 00d7f7b3 and              x15, x15, x13       x15=00000000 x15:00000004 x13:00001f80
15535698ns          281902 1c008b02 ee873733 p.bclr           x14, x14, 23, 8     x14=00000008 x14:00000008
15535718ns          281903 1c008b06 1a10f6b7 lui              x13, 0x1a10f000     x13=1a10f000
15535738ns          281904 1c008b0a 0ff57513 andi             x10, x10, 255       x10=0000006f x10:0000006f
15535758ns          281905 1c008b0e 00d70733 add              x14, x14, x13       x14=1a10f008 x14:00000008 x13:1a10f000
15535778ns          281906 1c008b10 00a7e723 p.sw             x10, x0(x15)        x10:0000006f x15:00000000  PA:1a10f008
15536099ns          281922 1c008b14 00000513 addi             x10, x0, 0          x10=00000000
15536120ns          281923 1c008b16 00008067 jalr             x0, x1, 0            x1:1c008bbe
15536180ns          281926 1c008bbe 31f52563 p.beqimm         x10, 778            x10:00000000
15536200ns          281927 1c008bc2 001d8d93 addi             x27, x27, 1         x27=00000013 x27:00000012
15536220ns          281928 1c008bc4 00044503 lbu              x10, 0(x8)          x10=00000072  x8:1c0000ab  PA:1c0000ab
15536521ns          281943 1c008bc8 00140413 addi             x8, x8, 1            x8=1c0000ac  x8:1c0000ab
15536541ns          281944 1c008bca fe0514e3 bne              x10, x0, -24        x10:00000072
15536621ns          281948 1c008bb2 02500793 addi             x15, x0, 37         x15=00000025
15536641ns          281949 1c008bb6 04f50863 beq              x10, x15, 80        x10:00000072 x15:00000025
15536661ns          281950 1c008bba 01a005b3 add              x11, x0, x26        x11=00000002 x26:00000002
15536681ns          281951 1c008bbc 000b00e7 jalr             x1, x22, 0           x1=1c008bbe x22:1c008af0
15536721ns          281953 1c008af0 000026b7 lui              x13, 0x2000         x13=00002000
15536742ns          281954 1c008af2 f14027f3 csrrs            x15, x0, 0xf14      x15=00000001
15536762ns          281955 1c008af6 f8068693 addi             x13, x13, -128      x13=00001f80 x13:00002000
15536782ns          281956 1c008afa 00379713 slli             x14, x15, 0x3       x14=00000008 x15:00000001
15536802ns          281957 1c008afe 00279793 slli             x15, x15, 0x2       x15=00000004 x15:00000001
15536822ns          281958 1c008b00 00d7f7b3 and              x15, x15, x13       x15=00000000 x15:00000004 x13:00001f80
15536842ns          281959 1c008b02 ee873733 p.bclr           x14, x14, 23, 8     x14=00000008 x14:00000008
15536862ns          281960 1c008b06 1a10f6b7 lui              x13, 0x1a10f000     x13=1a10f000
15536882ns          281961 1c008b0a 0ff57513 andi             x10, x10, 255       x10=00000072 x10:00000072
15536902ns          281962 1c008b0e 00d70733 add              x14, x14, x13       x14=1a10f008 x14:00000008 x13:1a10f000
15536922ns          281963 1c008b10 00a7e723 p.sw             x10, x0(x15)        x10:00000072 x15:00000000  PA:1a10f008
15537243ns          281979 1c008b14 00000513 addi             x10, x0, 0          x10=00000000
15537263ns          281980 1c008b16 00008067 jalr             x0, x1, 0            x1:1c008bbe
15537323ns          281983 1c008bbe 31f52563 p.beqimm         x10, 778            x10:00000000
15537344ns          281984 1c008bc2 001d8d93 addi             x27, x27, 1         x27=00000014 x27:00000013
15537364ns          281985 1c008bc4 00044503 lbu              x10, 0(x8)          x10=00000065  x8:1c0000ac  PA:1c0000ac
15537665ns          282000 1c008bc8 00140413 addi             x8, x8, 1            x8=1c0000ad  x8:1c0000ac
15537685ns          282001 1c008bca fe0514e3 bne              x10, x0, -24        x10:00000065
15537765ns          282005 1c008bb2 02500793 addi             x15, x0, 37         x15=00000025
15537785ns          282006 1c008bb6 04f50863 beq              x10, x15, 80        x10:00000065 x15:00000025
15537805ns          282007 1c008bba 01a005b3 add              x11, x0, x26        x11=00000002 x26:00000002
15537825ns          282008 1c008bbc 000b00e7 jalr             x1, x22, 0           x1=1c008bbe x22:1c008af0
15537865ns          282010 1c008af0 000026b7 lui              x13, 0x2000         x13=00002000
15537885ns          282011 1c008af2 f14027f3 csrrs            x15, x0, 0xf14      x15=00000001
15537905ns          282012 1c008af6 f8068693 addi             x13, x13, -128      x13=00001f80 x13:00002000
15537925ns          282013 1c008afa 00379713 slli             x14, x15, 0x3       x14=00000008 x15:00000001
15537945ns          282014 1c008afe 00279793 slli             x15, x15, 0x2       x15=00000004 x15:00000001
15537966ns          282015 1c008b00 00d7f7b3 and              x15, x15, x13       x15=00000000 x15:00000004 x13:00001f80
15537986ns          282016 1c008b02 ee873733 p.bclr           x14, x14, 23, 8     x14=00000008 x14:00000008
15538006ns          282017 1c008b06 1a10f6b7 lui              x13, 0x1a10f000     x13=1a10f000
15538026ns          282018 1c008b0a 0ff57513 andi             x10, x10, 255       x10=00000065 x10:00000065
15538046ns          282019 1c008b0e 00d70733 add              x14, x14, x13       x14=1a10f008 x14:00000008 x13:1a10f000
15538066ns          282020 1c008b10 00a7e723 p.sw             x10, x0(x15)        x10:00000065 x15:00000000  PA:1a10f008
15538407ns          282037 1c008b14 00000513 addi             x10, x0, 0          x10=00000000
15538427ns          282038 1c008b16 00008067 jalr             x0, x1, 0            x1:1c008bbe
15538487ns          282041 1c008bbe 31f52563 p.beqimm         x10, 778            x10:00000000
15538507ns          282042 1c008bc2 001d8d93 addi             x27, x27, 1         x27=00000015 x27:00000014
15538527ns          282043 1c008bc4 00044503 lbu              x10, 0(x8)          x10=00000020  x8:1c0000ad  PA:1c0000ad
15538828ns          282058 1c008bc8 00140413 addi             x8, x8, 1            x8=1c0000ae  x8:1c0000ad
15538848ns          282059 1c008bca fe0514e3 bne              x10, x0, -24        x10:00000020
15538929ns          282063 1c008bb2 02500793 addi             x15, x0, 37         x15=00000025
15538949ns          282064 1c008bb6 04f50863 beq              x10, x15, 80        x10:00000020 x15:00000025
15538969ns          282065 1c008bba 01a005b3 add              x11, x0, x26        x11=00000002 x26:00000002
15538989ns          282066 1c008bbc 000b00e7 jalr             x1, x22, 0           x1=1c008bbe x22:1c008af0
15539029ns          282068 1c008af0 000026b7 lui              x13, 0x2000         x13=00002000
15539049ns          282069 1c008af2 f14027f3 csrrs            x15, x0, 0xf14      x15=00000001
15539069ns          282070 1c008af6 f8068693 addi             x13, x13, -128      x13=00001f80 x13:00002000
15539089ns          282071 1c008afa 00379713 slli             x14, x15, 0x3       x14=00000008 x15:00000001
15539109ns          282072 1c008afe 00279793 slli             x15, x15, 0x2       x15=00000004 x15:00000001
15539129ns          282073 1c008b00 00d7f7b3 and              x15, x15, x13       x15=00000000 x15:00000004 x13:00001f80
15539149ns          282074 1c008b02 ee873733 p.bclr           x14, x14, 23, 8     x14=00000008 x14:00000008
15539169ns          282075 1c008b06 1a10f6b7 lui              x13, 0x1a10f000     x13=1a10f000
15539190ns          282076 1c008b0a 0ff57513 andi             x10, x10, 255       x10=00000020 x10:00000020
15539210ns          282077 1c008b0e 00d70733 add              x14, x14, x13       x14=1a10f008 x14:00000008 x13:1a10f000
15539230ns          282078 1c008b10 00a7e723 p.sw             x10, x0(x15)        x10:00000020 x15:00000000  PA:1a10f008
15539551ns          282094 1c008b14 00000513 addi             x10, x0, 0          x10=00000000
15539571ns          282095 1c008b16 00008067 jalr             x0, x1, 0            x1:1c008bbe
15539631ns          282098 1c008bbe 31f52563 p.beqimm         x10, 778            x10:00000000
15539651ns          282099 1c008bc2 001d8d93 addi             x27, x27, 1         x27=00000016 x27:00000015
15539671ns          282100 1c008bc4 00044503 lbu              x10, 0(x8)          x10=00000020  x8:1c0000ae  PA:1c0000ae
15539972ns          282115 1c008bc8 00140413 addi             x8, x8, 1            x8=1c0000af  x8:1c0000ae
15539992ns          282116 1c008bca fe0514e3 bne              x10, x0, -24        x10:00000020
15540072ns          282120 1c008bb2 02500793 addi             x15, x0, 37         x15=00000025
15540092ns          282121 1c008bb6 04f50863 beq              x10, x15, 80        x10:00000020 x15:00000025
15540113ns          282122 1c008bba 01a005b3 add              x11, x0, x26        x11=00000002 x26:00000002
15540133ns          282123 1c008bbc 000b00e7 jalr             x1, x22, 0           x1=1c008bbe x22:1c008af0
15540173ns          282125 1c008af0 000026b7 lui              x13, 0x2000         x13=00002000
15540193ns          282126 1c008af2 f14027f3 csrrs            x15, x0, 0xf14      x15=00000001
15540213ns          282127 1c008af6 f8068693 addi             x13, x13, -128      x13=00001f80 x13:00002000
15540233ns          282128 1c008afa 00379713 slli             x14, x15, 0x3       x14=00000008 x15:00000001
15540253ns          282129 1c008afe 00279793 slli             x15, x15, 0x2       x15=00000004 x15:00000001
15540273ns          282130 1c008b00 00d7f7b3 and              x15, x15, x13       x15=00000000 x15:00000004 x13:00001f80
15540293ns          282131 1c008b02 ee873733 p.bclr           x14, x14, 23, 8     x14=00000008 x14:00000008
15540313ns          282132 1c008b06 1a10f6b7 lui              x13, 0x1a10f000     x13=1a10f000
15540333ns          282133 1c008b0a 0ff57513 andi             x10, x10, 255       x10=00000020 x10:00000020
15540353ns          282134 1c008b0e 00d70733 add              x14, x14, x13       x14=1a10f008 x14:00000008 x13:1a10f000
15540373ns          282135 1c008b10 00a7e723 p.sw             x10, x0(x15)        x10:00000020 x15:00000000  PA:1a10f008
15540694ns          282151 1c008b14 00000513 addi             x10, x0, 0          x10=00000000
15540714ns          282152 1c008b16 00008067 jalr             x0, x1, 0            x1:1c008bbe
15540775ns          282155 1c008bbe 31f52563 p.beqimm         x10, 778            x10:00000000
15540795ns          282156 1c008bc2 001d8d93 addi             x27, x27, 1         x27=00000017 x27:00000016
15540815ns          282157 1c008bc4 00044503 lbu              x10, 0(x8)          x10=00000025  x8:1c0000af  PA:1c0000af
15541136ns          282173 1c008bc8 00140413 addi             x8, x8, 1            x8=1c0000b0  x8:1c0000af
15541156ns          282174 1c008bca fe0514e3 bne              x10, x0, -24        x10:00000025
15541236ns          282178 1c008bb2 02500793 addi             x15, x0, 37         x15=00000025
15541256ns          282179 1c008bb6 04f50863 beq              x10, x15, 80        x10:00000025 x15:00000025
15541397ns          282186 1c008c06 00044483 lbu              x9, 0(x8)            x9=00000064  x8:1c0000b0  PA:1c0000b0
15541698ns          282201 1c008c0a 02000693 addi             x13, x0, 32         x13=00000020
15541718ns          282202 1c008c0e 00140a93 addi             x21, x8, 1          x21=1c0000b1  x8:1c0000b0
15541738ns          282203 1c008c12 009005b3 add              x11, x0, x9         x11=00000064  x9:00000064
15541758ns          282204 1c008c14 154b8513 addi             x10, x23, 340       x10=1c000154 x23:1c000000
15541778ns          282205 1c008c18 00d12823 sw               x13, 16(x2)         x13:00000020  x2:10000c98  PA:10000ca8
15541798ns          282206 1c008c1a 00012c23 sw               x0, 24(x2)           x2:10000c98  PA:10000cb0
15541818ns          282207 1c008c1c 00012a23 sw               x0, 20(x2)           x2:10000c98  PA:10000cac
15541838ns          282208 1c008c1e 00012e23 sw               x0, 28(x2)           x2:10000c98  PA:10000cb4
15541858ns          282209 1c008c20 00012623 sw               x0, 12(x2)           x2:10000c98  PA:10000ca4
15541878ns          282210 1c008c22 02300913 addi             x18, x0, 35         x18=00000023
15541898ns          282211 1c008c26 02d00a13 addi             x20, x0, 45         x20=0000002d
15541918ns          282212 1c008c2a 015009b3 add              x19, x0, x21        x19=1c0000b1 x21:1c0000b1
15541938ns          282213 1c008c2c e97ff0ef jal              x1, -362             x1=1c008c2e
15542099ns          282221 1c008ac2 00054783 lbu              x15, 0(x10)         x15=0000002d x10:1c000154  PA:1c000154
15542400ns          282236 1c008ac6 0ff5f593 andi             x11, x11, 255       x11=00000064 x11:00000064
15542420ns          282237 1c008aca 00b78c63 beq              x15, x11, 24        x15:0000002d x11:00000064
15542440ns          282238 1c008ace 00078b63 beq              x15, x0, 22         x15:0000002d
15542460ns          282239 1c008ad0 00150793 addi             x15, x10, 1         x15=1c000155 x10:1c000154
15542480ns          282240 1c008ad4 0040006f jal              x0, 4              
15542520ns          282242 1c008ad8 00f00533 add              x10, x0, x15        x10=1c000155 x15:1c000155
15542540ns          282243 1c008ada 0017c70b p.lbu            x14, 1(x15!)        x14=0000002b x15=1c000156 x15:1c000155  PA:1c000155
15542861ns          282259 1c008ade feb71ce3 bne              x14, x11, -8        x14:0000002b x11:00000064
15542922ns          282262 1c008ad6 00070763 beq              x14, x0, 14         x14:0000002b
15542942ns          282263 1c008ad8 00f00533 add              x10, x0, x15        x10=1c000156 x15:1c000156
15542962ns          282264 1c008ada 0017c70b p.lbu            x14, 1(x15!)        x14=00000020 x15=1c000157 x15:1c000156  PA:1c000156
15543283ns          282280 1c008ade feb71ce3 bne              x14, x11, -8        x14:00000020 x11:00000064
15543343ns          282283 1c008ad6 00070763 beq              x14, x0, 14         x14:00000020
15543363ns          282284 1c008ad8 00f00533 add              x10, x0, x15        x10=1c000157 x15:1c000157
15543383ns          282285 1c008ada 0017c70b p.lbu            x14, 1(x15!)        x14=00000023 x15=1c000158 x15:1c000157  PA:1c000157
15543704ns          282301 1c008ade feb71ce3 bne              x14, x11, -8        x14:00000023 x11:00000064
15543764ns          282304 1c008ad6 00070763 beq              x14, x0, 14         x14:00000023
15543784ns          282305 1c008ad8 00f00533 add              x10, x0, x15        x10=1c000158 x15:1c000158
15543805ns          282306 1c008ada 0017c70b p.lbu            x14, 1(x15!)        x14=00000030 x15=1c000159 x15:1c000158  PA:1c000158
15544126ns          282322 1c008ade feb71ce3 bne              x14, x11, -8        x14:00000030 x11:00000064
15544186ns          282325 1c008ad6 00070763 beq              x14, x0, 14         x14:00000030
15544206ns          282326 1c008ad8 00f00533 add              x10, x0, x15        x10=1c000159 x15:1c000159
15544226ns          282327 1c008ada 0017c70b p.lbu            x14, 1(x15!)        x14=00000000 x15=1c00015a x15:1c000159  PA:1c000159
15544547ns          282343 1c008ade feb71ce3 bne              x14, x11, -8        x14:00000000 x11:00000064
15544607ns          282346 1c008ad6 00070763 beq              x14, x0, 14         x14:00000000
15544667ns          282349 1c008ae4 0015b593 sltiu            x11, x11, 1         x11=00000000 x11:00000064
15544687ns          282350 1c008ae8 40b005b3 sub              x11, x0, x11        x11=00000000 x11:00000000
15544707ns          282351 1c008aec 00b57533 and              x10, x10, x11       x10=00000000 x10:1c000159 x11:00000000
15544728ns          282352 1c008aee 00008067 jalr             x0, x1, 0            x1:1c008c2e
15544768ns          282354 1c008c2e 02050a63 beq              x10, x0, 52         x10:00000000
15544908ns          282361 1c008c62 02a00613 addi             x12, x0, 42         x12=0000002a
15544928ns          282362 1c008c66 2ac48663 beq              x9, x12, 684         x9:00000064 x12:0000002a
15544948ns          282363 1c008c6a fd048613 addi             x12, x9, -48        x12=00000034  x9:00000064
15544968ns          282364 1c008c6e 00900593 addi             x11, x0, 9          x11=00000009
15545309ns          282381 1c008c70 00000913 addi             x18, x0, 0          x18=00000000
15545350ns          282383 1c008c72 28c5f063 bgeu             x11, x12, 640       x11:00000009 x12:00000034
15545370ns          282384 1c008c76 02e00693 addi             x13, x0, 46         x13=0000002e
15545390ns          282385 1c008c7a fff00a13 addi             x20, x0, -1         x20=ffffffff
15545410ns          282386 1c008c7c 2ed48363 beq              x9, x13, 742         x9:00000064 x13:0000002e
15545450ns          282388 1c008c80 1c0007b7 lui              x15, 0x1c000000     x15=1c000000
15545490ns          282390 1c008c84 009005b3 add              x11, x0, x9         x11=00000064  x9:00000064
15545510ns          282391 1c008c86 15c78513 addi             x10, x15, 348       x10=1c00015c x15:1c000000
15545530ns          282392 1c008c8a e39ff0ef jal              x1, -456             x1=1c008c8c
15545651ns          282398 1c008ac2 00054783 lbu              x15, 0(x10)         x15=00000068 x10:1c00015c  PA:1c00015c
15545992ns          282415 1c008ac6 0ff5f593 andi             x11, x11, 255       x11=00000064 x11:00000064
15546012ns          282416 1c008aca 00b78c63 beq              x15, x11, 24        x15:00000068 x11:00000064
15546032ns          282417 1c008ace 00078b63 beq              x15, x0, 22         x15:00000068
15546052ns          282418 1c008ad0 00150793 addi             x15, x10, 1         x15=1c00015d x10:1c00015c
15546072ns          282419 1c008ad4 0040006f jal              x0, 4              
15546112ns          282421 1c008ad8 00f00533 add              x10, x0, x15        x10=1c00015d x15:1c00015d
15546132ns          282422 1c008ada 0017c70b p.lbu            x14, 1(x15!)        x14=0000006c x15=1c00015e x15:1c00015d  PA:1c00015d
15546453ns          282438 1c008ade feb71ce3 bne              x14, x11, -8        x14:0000006c x11:00000064
15546513ns          282441 1c008ad6 00070763 beq              x14, x0, 14         x14:0000006c
15546533ns          282442 1c008ad8 00f00533 add              x10, x0, x15        x10=1c00015e x15:1c00015e
15546554ns          282443 1c008ada 0017c70b p.lbu            x14, 1(x15!)        x14=0000004c x15=1c00015f x15:1c00015e  PA:1c00015e
15546875ns          282459 1c008ade feb71ce3 bne              x14, x11, -8        x14:0000004c x11:00000064
15546935ns          282462 1c008ad6 00070763 beq              x14, x0, 14         x14:0000004c
15546955ns          282463 1c008ad8 00f00533 add              x10, x0, x15        x10=1c00015f x15:1c00015f
15546975ns          282464 1c008ada 0017c70b p.lbu            x14, 1(x15!)        x14=0000007a x15=1c000160 x15:1c00015f  PA:1c00015f
15547296ns          282480 1c008ade feb71ce3 bne              x14, x11, -8        x14:0000007a x11:00000064
15547356ns          282483 1c008ad6 00070763 beq              x14, x0, 14         x14:0000007a
15547376ns          282484 1c008ad8 00f00533 add              x10, x0, x15        x10=1c000160 x15:1c000160
15547396ns          282485 1c008ada 0017c70b p.lbu            x14, 1(x15!)        x14=00000000 x15=1c000161 x15:1c000160  PA:1c000160
15547717ns          282501 1c008ade feb71ce3 bne              x14, x11, -8        x14:00000000 x11:00000064
15547777ns          282504 1c008ad6 00070763 beq              x14, x0, 14         x14:00000000
15547838ns          282507 1c008ae4 0015b593 sltiu            x11, x11, 1         x11=00000000 x11:00000064
15547858ns          282508 1c008ae8 40b005b3 sub              x11, x0, x11        x11=00000000 x11:00000000
15547878ns          282509 1c008aec 00b57533 and              x10, x10, x11       x10=00000000 x10:1c000160 x11:00000000
15547898ns          282510 1c008aee 00008067 jalr             x0, x1, 0            x1:1c008c8c
15547938ns          282512 1c008c8c 01300433 add              x8, x0, x19          x8=1c0000b1 x19:1c0000b1
15547958ns          282513 1c008c8e 00050563 beq              x10, x0, 10         x10:00000000
15548018ns          282516 1c008c98 06700693 addi             x13, x0, 103        x13=00000067
15548038ns          282517 1c008c9c 2896d963 bge              x13, x9, 658        x13:00000067  x9:00000064
15548259ns          282528 1c008f2e 06500693 addi             x13, x0, 101        x13=00000065
15548299ns          282530 1c008f32 12d4d563 bge              x9, x13, 298         x9:00000064 x13:00000065
15548319ns          282531 1c008f36 04700693 addi             x13, x0, 71         x13=00000047
15548339ns          282532 1c008f3a dc96cbe3 blt              x13, x9, -554       x13:00000047  x9:00000064
15548480ns          282539 1c008d10 06300693 addi             x13, x0, 99         x13=00000063
15548520ns          282541 1c008d14 0ad488e3 beq              x9, x13, 2224        x9:00000064 x13:00000063
15548540ns          282542 1c008d18 0096c9e3 blt              x13, x9, 2066       x13:00000063  x9:00000064
15548741ns          282552 1c00952a 000c2583 lw               x11, 0(x24)         x11=00000001 x24:10000dec  PA:10000dec
15548761ns          282553 1c00952e 004c0c13 addi             x24, x24, 4         x24=10000df0 x24:10000dec
15548801ns          282555 1c009530 3405cc63 blt              x11, x0, 856        x11:00000001
15548841ns          282557 1c009534 01412603 lw               x12, 20(x2)         x12=00000000  x2:10000c98  PA:10000cac
15548861ns          282558 1c009536 00b006b3 add              x13, x0, x11        x13=00000001 x11:00000001
15548881ns          282559 1c009538 2e061863 bne              x12, x0, 752        x12:00000000
15548901ns          282560 1c00953c 01812703 lw               x14, 24(x2)         x14=00000000  x2:10000c98  PA:10000cb0
15548921ns          282561 1c00953e 019007b3 add              x15, x0, x25        x15=10000cbc x25:10000cbc
15548941ns          282562 1c009540 00070763 beq              x14, x0, 14         x14:00000000
15549001ns          282565 1c00954e 00f00733 add              x14, x0, x15        x14=10000cbc x15:10000cbc
15549062ns          282568 1c009550 00a00513 addi             x10, x0, 10         x10=0000000a
15549102ns          282570 1c009552 02a6f633 remu             x12, x13, x10       x12=00000001 x13:00000001 x10:0000000a
15549724ns          282601 1c009556 02a6d6b3 divu             x13, x13, x10       x13=00000000 x13:00000001 x10:0000000a
15550346ns          282632 1c00955a 03060613 addi             x12, x12, 48        x12=00000031 x12:00000001
15550366ns          282633 1c00955e 00c700ab p.sb             x12, 1(x14!)        x14=10000cbd x12:00000031 x14:10000cbc  PA:10000cbc
15550386ns          282634 1c009562 fe0698e3 bne              x13, x0, -16        x13:00000000
15550406ns          282635 1c009564 40f706b3 sub              x13, x14, x15       x13=00000001 x14:10000cbd x15:10000cbc
15550426ns          282636 1c009568 0146dc63 bge              x13, x20, 24        x13:00000001 x20:ffffffff
15550567ns          282643 1c009580 00e006b3 add              x13, x0, x14        x13=10000cbd x14:10000cbd
15550607ns          282645 1c009582 fe068fab p.sb             x0, -1(x13!)        x13=10000cbc x13:10000cbd  PA:10000cbd
15550627ns          282646 1c009586 00d7fc63 bgeu             x15, x13, 24        x15:10000cbc x13:10000cbc
15550747ns          282652 1c00959e 01412783 lw               x15, 20(x2)         x15=00000000  x2:10000c98  PA:10000cac
15550827ns          282656 1c0095a0 01812603 lw               x12, 24(x2)         x12=00000000  x2:10000c98  PA:10000cb0
15550868ns          282658 1c0095a2 419704b3 sub              x9, x14, x25         x9=00000001 x14:10000cbd x25:10000cbc
15550888ns          282659 1c0095a6 00c7e7b3 or               x15, x15, x12       x15=00000000 x15:00000000 x12:00000000
15550908ns          282660 1c0095a8 00f12623 sw               x15, 12(x2)         x15:00000000  x2:10000c98  PA:10000ca4
15550948ns          282662 1c0095aa 00079363 bne              x15, x0, 6          x15:00000000
15550968ns          282663 1c0095ac 01f5d593 srli             x11, x11, 0x1f      x11=00000000 x11:00000001
15550988ns          282664 1c0095ae 00b12623 sw               x11, 12(x2)         x11:00000000  x2:10000c98  PA:10000ca4
15551008ns          282665 1c0095b0 e3fa28e3 p.beqimm         x20, -464           x20:ffffffff
15551108ns          282670 1c0093e0 0c800793 addi             x15, x0, 200        x15=000000c8
15551148ns          282672 1c0093e4 9e97d0e3 bge              x15, x9, -1568      x15:000000c8  x9:00000001
15551249ns          282677 1c008dc4 0f24d163 bge              x9, x18, 226         x9:00000001 x18:00000000
15551389ns          282684 1c008ea6 d00482e3 beq              x9, x0, -764         x9:00000001
15551409ns          282685 1c008eaa 01900933 add              x18, x0, x25        x18=10000cbc x25:10000cbc
15551429ns          282686 1c008eac 419d8db3 sub              x27, x27, x25       x27=effff35b x27:00000017 x25:10000cbc
15551470ns          282688 1c008eb0 00a0006f jal              x0, 10             
15551530ns          282691 1c008eba 0019450b p.lbu            x10, 1(x18!)        x10=00000031 x18=10000cbd x18:10000cbc  PA:10000cbc
15551550ns          282692 1c008ebe 01a005b3 add              x11, x0, x26        x11=00000002 x26:00000002
15551590ns          282694 1c008ec0 000b00e7 jalr             x1, x22, 0           x1=1c008ec2 x22:1c008af0
15551630ns          282696 1c008af0 000026b7 lui              x13, 0x2000         x13=00002000
15551650ns          282697 1c008af2 f14027f3 csrrs            x15, x0, 0xf14      x15=00000001
15551670ns          282698 1c008af6 f8068693 addi             x13, x13, -128      x13=00001f80 x13:00002000
15551690ns          282699 1c008afa 00379713 slli             x14, x15, 0x3       x14=00000008 x15:00000001
15551710ns          282700 1c008afe 00279793 slli             x15, x15, 0x2       x15=00000004 x15:00000001
15551750ns          282702 1c008b00 00d7f7b3 and              x15, x15, x13       x15=00000000 x15:00000004 x13:00001f80
15551791ns          282704 1c008b02 ee873733 p.bclr           x14, x14, 23, 8     x14=00000008 x14:00000008
15551811ns          282705 1c008b06 1a10f6b7 lui              x13, 0x1a10f000     x13=1a10f000
15551831ns          282706 1c008b0a 0ff57513 andi             x10, x10, 255       x10=00000031 x10:00000031
15551851ns          282707 1c008b0e 00d70733 add              x14, x14, x13       x14=1a10f008 x14:00000008 x13:1a10f000
15551891ns          282709 1c008b10 00a7e723 p.sw             x10, x0(x15)        x10:00000031 x15:00000000  PA:1a10f008
15552232ns          282726 1c008b14 00000513 addi             x10, x0, 0          x10=00000000
15552252ns          282727 1c008b16 00008067 jalr             x0, x1, 0            x1:1c008ec2
15552292ns          282729 1c008ec2 fff48493 addi             x9, x9, -1           x9=00000000  x9:00000001
15552312ns          282730 1c008ec4 fff537e3 p.bneimm         x10, -18            x10:00000000
15552393ns          282734 1c008eb2 012d8733 add              x14, x27, x18       x14=00000018 x27:effff35b x18:10000cbd
15552413ns          282735 1c008eb6 5a048b63 beq              x9, x0, 1462         x9:00000000
15552633ns          282746 1c00946c 00e00db3 add              x27, x0, x14        x27=00000018 x14:00000018
15552714ns          282750 1c00946e f3cff06f jal              x0, -2244          
15552834ns          282756 1c008baa 00044503 lbu              x10, 0(x8)          x10=0000000a  x8:1c0000b1  PA:1c0000b1
15553155ns          282772 1c008bae 00140413 addi             x8, x8, 1            x8=1c0000b2  x8:1c0000b1
15553175ns          282773 1c008bb0 00050e63 beq              x10, x0, 28         x10:0000000a
15553195ns          282774 1c008bb2 02500793 addi             x15, x0, 37         x15=00000025
15553215ns          282775 1c008bb6 04f50863 beq              x10, x15, 80        x10:0000000a x15:00000025
15553235ns          282776 1c008bba 01a005b3 add              x11, x0, x26        x11=00000002 x26:00000002
15553255ns          282777 1c008bbc 000b00e7 jalr             x1, x22, 0           x1=1c008bbe x22:1c008af0
15553336ns          282781 1c008af0 000026b7 lui              x13, 0x2000         x13=00002000
15553356ns          282782 1c008af2 f14027f3 csrrs            x15, x0, 0xf14      x15=00000001
15553376ns          282783 1c008af6 f8068693 addi             x13, x13, -128      x13=00001f80 x13:00002000
15553396ns          282784 1c008afa 00379713 slli             x14, x15, 0x3       x14=00000008 x15:00000001
15553416ns          282785 1c008afe 00279793 slli             x15, x15, 0x2       x15=00000004 x15:00000001
15553436ns          282786 1c008b00 00d7f7b3 and              x15, x15, x13       x15=00000000 x15:00000004 x13:00001f80
15553456ns          282787 1c008b02 ee873733 p.bclr           x14, x14, 23, 8     x14=00000008 x14:00000008
15553476ns          282788 1c008b06 1a10f6b7 lui              x13, 0x1a10f000     x13=1a10f000
15553496ns          282789 1c008b0a 0ff57513 andi             x10, x10, 255       x10=0000000a x10:0000000a
15553516ns          282790 1c008b0e 00d70733 add              x14, x14, x13       x14=1a10f008 x14:00000008 x13:1a10f000
15553536ns          282791 1c008b10 00a7e723 p.sw             x10, x0(x15)        x10:0000000a x15:00000000  PA:1a10f008
15554058ns          282817 1c008b14 00000513 addi             x10, x0, 0          x10=00000000
15554078ns          282818 1c008b16 00008067 jalr             x0, x1, 0            x1:1c008bbe
15554138ns          282821 1c008bbe 31f52563 p.beqimm         x10, 778            x10:00000000
15554158ns          282822 1c008bc2 001d8d93 addi             x27, x27, 1         x27=00000019 x27:00000018
15554178ns          282823 1c008bc4 00044503 lbu              x10, 0(x8)          x10=00000000  x8:1c0000b2  PA:1c0000b2
15554479ns          282838 1c008bc8 00140413 addi             x8, x8, 1            x8=1c0000b3  x8:1c0000b2
15554499ns          282839 1c008bca fe0514e3 bne              x10, x0, -24        x10:00000000
15554519ns          282840 1c008bcc 01b00433 add              x8, x0, x27          x8=00000019 x27:00000019
15554540ns          282841 1c008bce 00800533 add              x10, x0, x8         x10=00000019  x8:00000019
15554560ns          282842 1c008bd0 12c12083 lw               x1, 300(x2)          x1=1c008b5c  x2:10000c98  PA:10000dc4
15554580ns          282843 1c008bd4 12812403 lw               x8, 296(x2)          x8=00000007  x2:10000c98  PA:10000dc0
15554600ns          282844 1c008bd8 12412483 lw               x9, 292(x2)          x9=xxxxxxxx  x2:10000c98  PA:10000dbc
15554620ns          282845 1c008bdc 12012903 lw               x18, 288(x2)        x18=xxxxxxxx  x2:10000c98  PA:10000db8
15554660ns          282847 1c008be0 11c12983 lw               x19, 284(x2)        x19=xxxxxxxx  x2:10000c98  PA:10000db4
15554700ns          282849 1c008be4 11812a03 lw               x20, 280(x2)        x20=xxxxxxxx  x2:10000c98  PA:10000db0
15554720ns          282850 1c008be8 11412a83 lw               x21, 276(x2)        x21=xxxxxxxx  x2:10000c98  PA:10000dac
15554740ns          282851 1c008bec 11012b03 lw               x22, 272(x2)        x22=xxxxxxxx  x2:10000c98  PA:10000da8
15554800ns          282854 1c008bf0 10c12b83 lw               x23, 268(x2)        x23=xxxxxxxx  x2:10000c98  PA:10000da4
15554841ns          282856 1c008bf4 10812c03 lw               x24, 264(x2)        x24=xxxxxxxx  x2:10000c98  PA:10000da0
15554861ns          282857 1c008bf8 10412c83 lw               x25, 260(x2)        x25=xxxxxxxx  x2:10000c98  PA:10000d9c
15554881ns          282858 1c008bfc 10012d03 lw               x26, 256(x2)        x26=xxxxxxxx  x2:10000c98  PA:10000d98
15554901ns          282859 1c008c00 0fc12d83 lw               x27, 252(x2)        x27=xxxxxxxx  x2:10000c98  PA:10000d94
15554921ns          282860 1c008c02 13010113 addi             x2, x2, 304          x2=10000dc8  x2:10000c98
15554941ns          282861 1c008c04 00008067 jalr             x0, x1, 0            x1:1c008b5c
15555021ns          282865 1c008b5c 01c12083 lw               x1, 28(x2)           x1=1c00848c  x2:10000dc8  PA:10000de4
15555041ns          282866 1c008b5e 04010113 addi             x2, x2, 64           x2=10000e08  x2:10000dc8
15555101ns          282869 1c008b60 00008067 jalr             x0, x1, 0            x1:1c00848c
15555182ns          282873 1c00848c 00100413 addi             x8, x0, 1            x8=00000001
15555202ns          282874 1c00848e fa3ff06f jal              x0, -94            
15555563ns          282892 1c008430 2bb010ef jal              x1, 6842             x1=1c008434
15555683ns          282898 1c009eea f14027f3 csrrs            x15, x0, 0xf14      x15=00000001
15555703ns          282899 1c009eee 01f00713 addi             x14, x0, 31         x14=0000001f
15555743ns          282901 1c009ef0 ca5797b3 p.extractu       x15, x15, 5, 5      x15=00000000 x15:00000001
15555784ns          282903 1c009ef4 00e78863 beq              x15, x14, 16        x15:00000000 x14:0000001f
15555804ns          282904 1c009ef8 002047b7 lui              x15, 0x204000       x15=00204000
15555824ns          282905 1c009efc 20078793 addi             x15, x15, 512       x15=00204200 x15:00204000
15555884ns          282908 1c009f00 01c7e703 p.elw            x14, 28(x15)        x14=00010000 x15:00204200  PA:0020421c
15556004ns          282914 1c009f04 00008067 jalr             x0, x1, 0            x1:1c008434
15556064ns          282917 1c008434 00144513 xori             x10, x8, 1          x10=00000000  x8:00000001
15556085ns          282918 1c008438 1ec12083 lw               x1, 492(x2)          x1=1c009dfa  x2:10000e08  PA:10000ff4
15556145ns          282921 1c00843c 1e812403 lw               x8, 488(x2)          x8=xxxxxxxx  x2:10000e08  PA:10000ff0
15556185ns          282923 1c008440 1f010113 addi             x2, x2, 496          x2=10000ff8  x2:10000e08
15556205ns          282924 1c008442 00008067 jalr             x0, x1, 0            x1:1c009dfa
15556325ns          282930 1c009dfa f14027f3 csrrs            x15, x0, 0xf14      x15=00000001
15556386ns          282933 1c009dfe f457b7b3 p.bclr           x15, x15, 26, 5     x15=00000001 x15:00000001
15556406ns          282934 1c009e02 00079963 bne              x15, x0, 18         x15:00000001
15556907ns          282959 1c009e14 002047b7 lui              x15, 0x204000       x15=00204000
15556947ns          282961 1c009e18 fff00713 addi             x14, x0, -1         x14=ffffffff
15556967ns          282962 1c009e1a 00e7a223 sw               x14, 4(x15)         x14:ffffffff x15:00204000  PA:00204004
