                Time          Cycles PC       Instr    Mnemonic
14654715ns          237612 1c008080 0640006f jal              x0, 100            
14655172ns          237635 1c0080e4 f1402573 csrrs            x10, x0, 0xf14      x10=00000002
14655212ns          237637 1c0080e8 01f57593 andi             x11, x10, 31        x11=00000002 x10:00000002
14655232ns          237638 1c0080ec 00555513 srli             x10, x10, 0x5       x10=00000000 x10:00000002
14655252ns          237639 1c0080ee 01f00613 addi             x12, x0, 31         x12=0000001f
14655669ns          237660 1c0080f0 00c50463 beq              x10, x12, 8         x10:00000000 x12:0000001f
14655709ns          237662 1c0080f4 fa1ff06f jal              x0, -96            
14656167ns          237685 1c008094 f3ff8117 auipc            x2, 0xf3ff8000       x2=10000094
14656206ns          237687 1c008098 f7010113 addi             x2, x2, -144         x2=10000004  x2:10000094
14656226ns          237688 1c00809c 00012103 lw               x2, 0(x2)            x2=10000008  x2:10000004  PA:10000004
14656684ns          237711 1c0080a0 000011b7 lui              x3, 0x1000           x3=00001000
14656724ns          237713 1c0080a4 80018193 addi             x3, x3, -2048        x3=00000800  x3:00001000
14656743ns          237714 1c0080a8 00158593 addi             x11, x11, 1         x11=00000003 x11:00000002
14656763ns          237715 1c0080ac 02b180b3 mul              x1, x3, x11          x1=00001800  x3:00000800 x11:00000003
14657201ns          237737 1c0080b0 00110133 add              x2, x2, x1           x2=10001808  x2:10000008  x1:00001800
14657241ns          237739 1c0080b4 5210106f jal              x0, 7456           
14657698ns          237762 1c009dd4 ff010113 addi             x2, x2, -16          x2=100017f8  x2:10001808
14657718ns          237763 1c009dd6 00112623 sw               x1, 12(x2)           x1:00001800  x2:100017f8  PA:10001804
14657738ns          237764 1c009dd8 002047b7 lui              x15, 0x204000       x15=00204000
14657758ns          237765 1c009ddc 00070737 lui              x14, 0x70000        x14=00070000
14658196ns          237787 1c009de0 00e7a423 sw               x14, 8(x15)         x14:00070000 x15:00204000  PA:00204008
14658215ns          237788 1c009de2 00f00713 addi             x14, x0, 15         x14=0000000f
14658235ns          237789 1c009de4 20078793 addi             x15, x15, 512       x15=00204200 x15:00204000
14658255ns          237790 1c009de8 00e7a023 sw               x14, 0(x15)         x14:0000000f x15:00204200  PA:00204200
14658275ns          237791 1c009dec 00e7a623 sw               x14, 12(x15)        x14:0000000f x15:00204200  PA:0020420c
14658713ns          237813 1c009df0 1c0017b7 lui              x15, 0x1c001000     x15=1c001000
14658752ns          237815 1c009df4 ae47a783 lw               x15, -1308(x15)     x15=1c00832a x15:1c001000  PA:1c000ae4
14659250ns          237840 1c009df8 000780e7 jalr             x1, x15, 0           x1=1c009dfa x15:1c00832a
14659747ns          237865 1c00832a e1010113 addi             x2, x2, -496         x2=10001608  x2:100017f8
14659787ns          237867 1c00832c 1e812423 sw               x8, 488(x2)          x8:xxxxxxxx  x2:10001608  PA:100017f0
14660224ns          237889 1c008330 1e112623 sw               x1, 492(x2)          x1:1c009dfa  x2:10001608  PA:100017f4
14660264ns          237891 1c008334 f1402473 csrrs            x8, x0, 0xf14        x8=00000002
14660284ns          237892 1c008338 ca5417b3 p.extractu       x15, x8, 5, 5       x15=00000000  x8:00000002
14660304ns          237893 1c00833c 16079663 bne              x15, x0, 364        x15:00000000
14660761ns          237916 1c008340 f4543433 p.bclr           x8, x8, 26, 5        x8=00000002  x8:00000002
14660801ns          237918 1c008344 1c000537 lui              x10, 0x1c000000     x10=1c000000
14660821ns          237919 1c008348 00800633 add              x12, x0, x8         x12=00000002  x8:00000002
14660841ns          237920 1c00834a 00100593 addi             x11, x0, 1          x11=00000001
14660861ns          237921 1c00834c 02450513 addi             x10, x10, 36        x10=1c000024 x10:1c000000
14661279ns          237942 1c008350 7e4000ef jal              x1, 2020             x1=1c008354
14661736ns          237965 1c008b34 fc010113 addi             x2, x2, -64          x2=100015c8  x2:10001608
14661776ns          237967 1c008b36 02410313 addi             x6, x2, 36           x6=100015ec  x2:100015c8
14661796ns          237968 1c008b3a 02c12423 sw               x12, 40(x2)         x12:00000002  x2:100015c8  PA:100015f0
14661816ns          237969 1c008b3c 00a00633 add              x12, x0, x10        x12=1c000024 x10:1c000024
14662233ns          237990 1c008b3e 1c009537 lui              x10, 0x1c009000     x10=1c009000
14662253ns          237991 1c008b42 02b12223 sw               x11, 36(x2)         x11:00000001  x2:100015c8  PA:100015ec
14662273ns          237992 1c008b44 02d12623 sw               x13, 44(x2)         x13:xxxxxxxx  x2:100015c8  PA:100015f4
14662293ns          237993 1c008b46 00200593 addi             x11, x0, 2          x11=00000002
14662313ns          237994 1c008b48 006006b3 add              x13, x0, x6         x13=100015ec  x6:100015ec
14662333ns          237995 1c008b4a af050513 addi             x10, x10, -1296     x10=1c008af0 x10:1c009000
14662353ns          237996 1c008b4e 00112e23 sw               x1, 28(x2)           x1:1c008354  x2:100015c8  PA:100015e4
14662750ns          238016 1c008b50 02e12823 sw               x14, 48(x2)         x14:0000000f  x2:100015c8  PA:100015f8
14662770ns          238017 1c008b52 02f12a23 sw               x15, 52(x2)         x15:00000000  x2:100015c8  PA:100015fc
14662790ns          238018 1c008b54 03012c23 sw               x16, 56(x2)         x16:xxxxxxxx  x2:100015c8  PA:10001600
14662810ns          238019 1c008b56 03112e23 sw               x17, 60(x2)         x17:xxxxxxxx  x2:100015c8  PA:10001604
14662830ns          238020 1c008b58 00612623 sw               x6, 12(x2)           x6:100015ec  x2:100015c8  PA:100015d4
14662850ns          238021 1c008b5a fbfff0ef jal              x1, -66              x1=1c008b5c
14663745ns          238066 1c008b18 04a0006f jal              x0, 74             
14663785ns          238068 1c008b62 ed010113 addi             x2, x2, -304         x2=10001498  x2:100015c8
14663805ns          238069 1c008b64 12812423 sw               x8, 296(x2)          x8:00000002  x2:10001498  PA:100015c0
14663825ns          238070 1c008b68 00000413 addi             x8, x0, 0            x8=00000000
14663844ns          238071 1c008b6a 11612823 sw               x22, 272(x2)        x22:xxxxxxxx  x2:10001498  PA:100015a8
14664282ns          238093 1c008b6e 11712623 sw               x23, 268(x2)        x23:xxxxxxxx  x2:10001498  PA:100015a4
14664322ns          238095 1c008b72 11812423 sw               x24, 264(x2)        x24:xxxxxxxx  x2:10001498  PA:100015a0
14664342ns          238096 1c008b76 11912223 sw               x25, 260(x2)        x25:xxxxxxxx  x2:10001498  PA:1000159c
14664362ns          238097 1c008b7a 11a12023 sw               x26, 256(x2)        x26:xxxxxxxx  x2:10001498  PA:10001598
14664382ns          238098 1c008b7e 0fb12e23 sw               x27, 252(x2)        x27:xxxxxxxx  x2:10001498  PA:10001594
14664799ns          238119 1c008b80 12112623 sw               x1, 300(x2)          x1:1c008b5c  x2:10001498  PA:100015c4
14664839ns          238121 1c008b84 00800db3 add              x27, x0, x8         x27=00000000  x8:00000000
14664859ns          238122 1c008b86 12912223 sw               x9, 292(x2)          x9:xxxxxxxx  x2:10001498  PA:100015bc
14664879ns          238123 1c008b8a 13212023 sw               x18, 288(x2)        x18:xxxxxxxx  x2:10001498  PA:100015b8
14665316ns          238145 1c008b8e 11312e23 sw               x19, 284(x2)        x19:xxxxxxxx  x2:10001498  PA:100015b4
14665356ns          238147 1c008b92 11412c23 sw               x20, 280(x2)        x20:xxxxxxxx  x2:10001498  PA:100015b0
14665376ns          238148 1c008b96 11512a23 sw               x21, 276(x2)        x21:xxxxxxxx  x2:10001498  PA:100015ac
14665396ns          238149 1c008b9a 00a00b33 add              x22, x0, x10        x22=1c008af0 x10:1c008af0
14665416ns          238150 1c008b9c 00b00d33 add              x26, x0, x11        x26=00000002 x11:00000002
14665436ns          238151 1c008b9e 00d00c33 add              x24, x0, x13        x24=100015ec x13:100015ec
14665834ns          238171 1c008ba0 1c000bb7 lui              x23, 0x1c000000     x23=1c000000
14665873ns          238173 1c008ba4 02410c93 addi             x25, x2, 36         x25=100014bc  x2:10001498
14665893ns          238174 1c008ba8 00c00433 add              x8, x0, x12          x8=1c000024 x12:1c000024
14665913ns          238175 1c008baa 00044503 lbu              x10, 0(x8)          x10=00000073  x8:1c000024  PA:1c000024
14666311ns          238195 1c008bae 00140413 addi             x8, x8, 1            x8=1c000025  x8:1c000024
14666351ns          238197 1c008bb0 00050e63 beq              x10, x0, 28         x10:00000073
14666390ns          238199 1c008bb2 02500793 addi             x15, x0, 37         x15=00000025
14666410ns          238200 1c008bb6 04f50863 beq              x10, x15, 80        x10:00000073 x15:00000025
14666430ns          238201 1c008bba 01a005b3 add              x11, x0, x26        x11=00000002 x26:00000002
14666450ns          238202 1c008bbc 000b00e7 jalr             x1, x22, 0           x1=1c008bbe x22:1c008af0
14667345ns          238247 1c008af0 000026b7 lui              x13, 0x2000         x13=00002000
14667385ns          238249 1c008af2 f14027f3 csrrs            x15, x0, 0xf14      x15=00000002
14667405ns          238250 1c008af6 f8068693 addi             x13, x13, -128      x13=00001f80 x13:00002000
14667425ns          238251 1c008afa 00379713 slli             x14, x15, 0x3       x14=00000010 x15:00000002
14667445ns          238252 1c008afe 00279793 slli             x15, x15, 0x2       x15=00000008 x15:00000002
14667862ns          238273 1c008b00 00d7f7b3 and              x15, x15, x13       x15=00000000 x15:00000008 x13:00001f80
14667902ns          238275 1c008b02 ee873733 p.bclr           x14, x14, 23, 8     x14=00000010 x14:00000010
14667922ns          238276 1c008b06 1a10f6b7 lui              x13, 0x1a10f000     x13=1a10f000
14667942ns          238277 1c008b0a 0ff57513 andi             x10, x10, 255       x10=00000073 x10:00000073
14667962ns          238278 1c008b0e 00d70733 add              x14, x14, x13       x14=1a10f010 x14:00000010 x13:1a10f000
14667982ns          238279 1c008b10 00a7e723 p.sw             x10, x0(x15)        x10:00000073 x15:00000000  PA:1a10f010
14668380ns          238299 1c008b14 00000513 addi             x10, x0, 0          x10=00000000
14668399ns          238300 1c008b16 00008067 jalr             x0, x1, 0            x1:1c008bbe
14668519ns          238306 1c008bbe 31f52563 p.beqimm         x10, 778            x10:00000000
14668539ns          238307 1c008bc2 001d8d93 addi             x27, x27, 1         x27=00000001 x27:00000000
14668559ns          238308 1c008bc4 00044503 lbu              x10, 0(x8)          x10=00000074  x8:1c000025  PA:1c000025
14669016ns          238331 1c008bc8 00140413 addi             x8, x8, 1            x8=1c000026  x8:1c000025
14669036ns          238332 1c008bca fe0514e3 bne              x10, x0, -24        x10:00000074
14669116ns          238336 1c008bb2 02500793 addi             x15, x0, 37         x15=00000025
14669135ns          238337 1c008bb6 04f50863 beq              x10, x15, 80        x10:00000074 x15:00000025
14669155ns          238338 1c008bba 01a005b3 add              x11, x0, x26        x11=00000002 x26:00000002
14669175ns          238339 1c008bbc 000b00e7 jalr             x1, x22, 0           x1=1c008bbe x22:1c008af0
14669215ns          238341 1c008af0 000026b7 lui              x13, 0x2000         x13=00002000
14669235ns          238342 1c008af2 f14027f3 csrrs            x15, x0, 0xf14      x15=00000002
14669255ns          238343 1c008af6 f8068693 addi             x13, x13, -128      x13=00001f80 x13:00002000
14669275ns          238344 1c008afa 00379713 slli             x14, x15, 0x3       x14=00000010 x15:00000002
14669295ns          238345 1c008afe 00279793 slli             x15, x15, 0x2       x15=00000008 x15:00000002
14669314ns          238346 1c008b00 00d7f7b3 and              x15, x15, x13       x15=00000000 x15:00000008 x13:00001f80
14669334ns          238347 1c008b02 ee873733 p.bclr           x14, x14, 23, 8     x14=00000010 x14:00000010
14669354ns          238348 1c008b06 1a10f6b7 lui              x13, 0x1a10f000     x13=1a10f000
14669374ns          238349 1c008b0a 0ff57513 andi             x10, x10, 255       x10=00000074 x10:00000074
14669394ns          238350 1c008b0e 00d70733 add              x14, x14, x13       x14=1a10f010 x14:00000010 x13:1a10f000
14669414ns          238351 1c008b10 00a7e723 p.sw             x10, x0(x15)        x10:00000074 x15:00000000  PA:1a10f010
14669812ns          238371 1c008b14 00000513 addi             x10, x0, 0          x10=00000000
14669832ns          238372 1c008b16 00008067 jalr             x0, x1, 0            x1:1c008bbe
14669891ns          238375 1c008bbe 31f52563 p.beqimm         x10, 778            x10:00000000
14669911ns          238376 1c008bc2 001d8d93 addi             x27, x27, 1         x27=00000002 x27:00000001
14669931ns          238377 1c008bc4 00044503 lbu              x10, 0(x8)          x10=00000061  x8:1c000026  PA:1c000026
14670229ns          238392 1c008bc8 00140413 addi             x8, x8, 1            x8=1c000027  x8:1c000026
14670249ns          238393 1c008bca fe0514e3 bne              x10, x0, -24        x10:00000061
14670329ns          238397 1c008bb2 02500793 addi             x15, x0, 37         x15=00000025
14670349ns          238398 1c008bb6 04f50863 beq              x10, x15, 80        x10:00000061 x15:00000025
14670369ns          238399 1c008bba 01a005b3 add              x11, x0, x26        x11=00000002 x26:00000002
14670389ns          238400 1c008bbc 000b00e7 jalr             x1, x22, 0           x1=1c008bbe x22:1c008af0
14670428ns          238402 1c008af0 000026b7 lui              x13, 0x2000         x13=00002000
14670448ns          238403 1c008af2 f14027f3 csrrs            x15, x0, 0xf14      x15=00000002
14670468ns          238404 1c008af6 f8068693 addi             x13, x13, -128      x13=00001f80 x13:00002000
14670488ns          238405 1c008afa 00379713 slli             x14, x15, 0x3       x14=00000010 x15:00000002
14670508ns          238406 1c008afe 00279793 slli             x15, x15, 0x2       x15=00000008 x15:00000002
14670528ns          238407 1c008b00 00d7f7b3 and              x15, x15, x13       x15=00000000 x15:00000008 x13:00001f80
14670548ns          238408 1c008b02 ee873733 p.bclr           x14, x14, 23, 8     x14=00000010 x14:00000010
14670568ns          238409 1c008b06 1a10f6b7 lui              x13, 0x1a10f000     x13=1a10f000
14670587ns          238410 1c008b0a 0ff57513 andi             x10, x10, 255       x10=00000061 x10:00000061
14670607ns          238411 1c008b0e 00d70733 add              x14, x14, x13       x14=1a10f010 x14:00000010 x13:1a10f000
14670627ns          238412 1c008b10 00a7e723 p.sw             x10, x0(x15)        x10:00000061 x15:00000000  PA:1a10f010
14670945ns          238428 1c008b14 00000513 addi             x10, x0, 0          x10=00000000
14670965ns          238429 1c008b16 00008067 jalr             x0, x1, 0            x1:1c008bbe
14671025ns          238432 1c008bbe 31f52563 p.beqimm         x10, 778            x10:00000000
14671045ns          238433 1c008bc2 001d8d93 addi             x27, x27, 1         x27=00000003 x27:00000002
14671065ns          238434 1c008bc4 00044503 lbu              x10, 0(x8)          x10=00000072  x8:1c000027  PA:1c000027
14671363ns          238449 1c008bc8 00140413 addi             x8, x8, 1            x8=1c000028  x8:1c000027
14671383ns          238450 1c008bca fe0514e3 bne              x10, x0, -24        x10:00000072
14671463ns          238454 1c008bb2 02500793 addi             x15, x0, 37         x15=00000025
14671483ns          238455 1c008bb6 04f50863 beq              x10, x15, 80        x10:00000072 x15:00000025
14671502ns          238456 1c008bba 01a005b3 add              x11, x0, x26        x11=00000002 x26:00000002
14671522ns          238457 1c008bbc 000b00e7 jalr             x1, x22, 0           x1=1c008bbe x22:1c008af0
14671562ns          238459 1c008af0 000026b7 lui              x13, 0x2000         x13=00002000
14671582ns          238460 1c008af2 f14027f3 csrrs            x15, x0, 0xf14      x15=00000002
14671602ns          238461 1c008af6 f8068693 addi             x13, x13, -128      x13=00001f80 x13:00002000
14671622ns          238462 1c008afa 00379713 slli             x14, x15, 0x3       x14=00000010 x15:00000002
14671642ns          238463 1c008afe 00279793 slli             x15, x15, 0x2       x15=00000008 x15:00000002
14671662ns          238464 1c008b00 00d7f7b3 and              x15, x15, x13       x15=00000000 x15:00000008 x13:00001f80
14671681ns          238465 1c008b02 ee873733 p.bclr           x14, x14, 23, 8     x14=00000010 x14:00000010
14671701ns          238466 1c008b06 1a10f6b7 lui              x13, 0x1a10f000     x13=1a10f000
14671721ns          238467 1c008b0a 0ff57513 andi             x10, x10, 255       x10=00000072 x10:00000072
14671741ns          238468 1c008b0e 00d70733 add              x14, x14, x13       x14=1a10f010 x14:00000010 x13:1a10f000
14671761ns          238469 1c008b10 00a7e723 p.sw             x10, x0(x15)        x10:00000072 x15:00000000  PA:1a10f010
14672079ns          238485 1c008b14 00000513 addi             x10, x0, 0          x10=00000000
14672099ns          238486 1c008b16 00008067 jalr             x0, x1, 0            x1:1c008bbe
14672159ns          238489 1c008bbe 31f52563 p.beqimm         x10, 778            x10:00000000
14672179ns          238490 1c008bc2 001d8d93 addi             x27, x27, 1         x27=00000004 x27:00000003
14672199ns          238491 1c008bc4 00044503 lbu              x10, 0(x8)          x10=00000074  x8:1c000028  PA:1c000028
14672517ns          238507 1c008bc8 00140413 addi             x8, x8, 1            x8=1c000029  x8:1c000028
14672537ns          238508 1c008bca fe0514e3 bne              x10, x0, -24        x10:00000074
14672616ns          238512 1c008bb2 02500793 addi             x15, x0, 37         x15=00000025
14672636ns          238513 1c008bb6 04f50863 beq              x10, x15, 80        x10:00000074 x15:00000025
14672656ns          238514 1c008bba 01a005b3 add              x11, x0, x26        x11=00000002 x26:00000002
14672676ns          238515 1c008bbc 000b00e7 jalr             x1, x22, 0           x1=1c008bbe x22:1c008af0
14672716ns          238517 1c008af0 000026b7 lui              x13, 0x2000         x13=00002000
14672736ns          238518 1c008af2 f14027f3 csrrs            x15, x0, 0xf14      x15=00000002
14672756ns          238519 1c008af6 f8068693 addi             x13, x13, -128      x13=00001f80 x13:00002000
14672775ns          238520 1c008afa 00379713 slli             x14, x15, 0x3       x14=00000010 x15:00000002
14672795ns          238521 1c008afe 00279793 slli             x15, x15, 0x2       x15=00000008 x15:00000002
14672815ns          238522 1c008b00 00d7f7b3 and              x15, x15, x13       x15=00000000 x15:00000008 x13:00001f80
14672835ns          238523 1c008b02 ee873733 p.bclr           x14, x14, 23, 8     x14=00000010 x14:00000010
14672855ns          238524 1c008b06 1a10f6b7 lui              x13, 0x1a10f000     x13=1a10f000
14672875ns          238525 1c008b0a 0ff57513 andi             x10, x10, 255       x10=00000074 x10:00000074
14672895ns          238526 1c008b0e 00d70733 add              x14, x14, x13       x14=1a10f010 x14:00000010 x13:1a10f000
14672915ns          238527 1c008b10 00a7e723 p.sw             x10, x0(x15)        x10:00000074 x15:00000000  PA:1a10f010
14673233ns          238543 1c008b14 00000513 addi             x10, x0, 0          x10=00000000
14673253ns          238544 1c008b16 00008067 jalr             x0, x1, 0            x1:1c008bbe
14673312ns          238547 1c008bbe 31f52563 p.beqimm         x10, 778            x10:00000000
14673332ns          238548 1c008bc2 001d8d93 addi             x27, x27, 1         x27=00000005 x27:00000004
14673352ns          238549 1c008bc4 00044503 lbu              x10, 0(x8)          x10=00000069  x8:1c000029  PA:1c000029
14673651ns          238564 1c008bc8 00140413 addi             x8, x8, 1            x8=1c00002a  x8:1c000029
14673671ns          238565 1c008bca fe0514e3 bne              x10, x0, -24        x10:00000069
14673750ns          238569 1c008bb2 02500793 addi             x15, x0, 37         x15=00000025
14673770ns          238570 1c008bb6 04f50863 beq              x10, x15, 80        x10:00000069 x15:00000025
14673790ns          238571 1c008bba 01a005b3 add              x11, x0, x26        x11=00000002 x26:00000002
14673810ns          238572 1c008bbc 000b00e7 jalr             x1, x22, 0           x1=1c008bbe x22:1c008af0
14673850ns          238574 1c008af0 000026b7 lui              x13, 0x2000         x13=00002000
14673869ns          238575 1c008af2 f14027f3 csrrs            x15, x0, 0xf14      x15=00000002
14673889ns          238576 1c008af6 f8068693 addi             x13, x13, -128      x13=00001f80 x13:00002000
14673909ns          238577 1c008afa 00379713 slli             x14, x15, 0x3       x14=00000010 x15:00000002
14673929ns          238578 1c008afe 00279793 slli             x15, x15, 0x2       x15=00000008 x15:00000002
14673949ns          238579 1c008b00 00d7f7b3 and              x15, x15, x13       x15=00000000 x15:00000008 x13:00001f80
14673969ns          238580 1c008b02 ee873733 p.bclr           x14, x14, 23, 8     x14=00000010 x14:00000010
14673989ns          238581 1c008b06 1a10f6b7 lui              x13, 0x1a10f000     x13=1a10f000
14674009ns          238582 1c008b0a 0ff57513 andi             x10, x10, 255       x10=00000069 x10:00000069
14674029ns          238583 1c008b0e 00d70733 add              x14, x14, x13       x14=1a10f010 x14:00000010 x13:1a10f000
14674048ns          238584 1c008b10 00a7e723 p.sw             x10, x0(x15)        x10:00000069 x15:00000000  PA:1a10f010
14674367ns          238600 1c008b14 00000513 addi             x10, x0, 0          x10=00000000
14674387ns          238601 1c008b16 00008067 jalr             x0, x1, 0            x1:1c008bbe
14674446ns          238604 1c008bbe 31f52563 p.beqimm         x10, 778            x10:00000000
14674466ns          238605 1c008bc2 001d8d93 addi             x27, x27, 1         x27=00000006 x27:00000005
14674486ns          238606 1c008bc4 00044503 lbu              x10, 0(x8)          x10=0000006e  x8:1c00002a  PA:1c00002a
14674784ns          238621 1c008bc8 00140413 addi             x8, x8, 1            x8=1c00002b  x8:1c00002a
14674804ns          238622 1c008bca fe0514e3 bne              x10, x0, -24        x10:0000006e
14674884ns          238626 1c008bb2 02500793 addi             x15, x0, 37         x15=00000025
14674904ns          238627 1c008bb6 04f50863 beq              x10, x15, 80        x10:0000006e x15:00000025
14674924ns          238628 1c008bba 01a005b3 add              x11, x0, x26        x11=00000002 x26:00000002
14674944ns          238629 1c008bbc 000b00e7 jalr             x1, x22, 0           x1=1c008bbe x22:1c008af0
14674983ns          238631 1c008af0 000026b7 lui              x13, 0x2000         x13=00002000
14675003ns          238632 1c008af2 f14027f3 csrrs            x15, x0, 0xf14      x15=00000002
14675023ns          238633 1c008af6 f8068693 addi             x13, x13, -128      x13=00001f80 x13:00002000
14675043ns          238634 1c008afa 00379713 slli             x14, x15, 0x3       x14=00000010 x15:00000002
14675063ns          238635 1c008afe 00279793 slli             x15, x15, 0x2       x15=00000008 x15:00000002
14675083ns          238636 1c008b00 00d7f7b3 and              x15, x15, x13       x15=00000000 x15:00000008 x13:00001f80
14675103ns          238637 1c008b02 ee873733 p.bclr           x14, x14, 23, 8     x14=00000010 x14:00000010
14675123ns          238638 1c008b06 1a10f6b7 lui              x13, 0x1a10f000     x13=1a10f000
14675142ns          238639 1c008b0a 0ff57513 andi             x10, x10, 255       x10=0000006e x10:0000006e
14675162ns          238640 1c008b0e 00d70733 add              x14, x14, x13       x14=1a10f010 x14:00000010 x13:1a10f000
14675182ns          238641 1c008b10 00a7e723 p.sw             x10, x0(x15)        x10:0000006e x15:00000000  PA:1a10f010
14675500ns          238657 1c008b14 00000513 addi             x10, x0, 0          x10=00000000
14675520ns          238658 1c008b16 00008067 jalr             x0, x1, 0            x1:1c008bbe
14675580ns          238661 1c008bbe 31f52563 p.beqimm         x10, 778            x10:00000000
14675600ns          238662 1c008bc2 001d8d93 addi             x27, x27, 1         x27=00000007 x27:00000006
14675620ns          238663 1c008bc4 00044503 lbu              x10, 0(x8)          x10=00000067  x8:1c00002b  PA:1c00002b
14675918ns          238678 1c008bc8 00140413 addi             x8, x8, 1            x8=1c00002c  x8:1c00002b
14675938ns          238679 1c008bca fe0514e3 bne              x10, x0, -24        x10:00000067
14676018ns          238683 1c008bb2 02500793 addi             x15, x0, 37         x15=00000025
14676038ns          238684 1c008bb6 04f50863 beq              x10, x15, 80        x10:00000067 x15:00000025
14676057ns          238685 1c008bba 01a005b3 add              x11, x0, x26        x11=00000002 x26:00000002
14676077ns          238686 1c008bbc 000b00e7 jalr             x1, x22, 0           x1=1c008bbe x22:1c008af0
14676117ns          238688 1c008af0 000026b7 lui              x13, 0x2000         x13=00002000
14676137ns          238689 1c008af2 f14027f3 csrrs            x15, x0, 0xf14      x15=00000002
14676157ns          238690 1c008af6 f8068693 addi             x13, x13, -128      x13=00001f80 x13:00002000
14676177ns          238691 1c008afa 00379713 slli             x14, x15, 0x3       x14=00000010 x15:00000002
14676197ns          238692 1c008afe 00279793 slli             x15, x15, 0x2       x15=00000008 x15:00000002
14676217ns          238693 1c008b00 00d7f7b3 and              x15, x15, x13       x15=00000000 x15:00000008 x13:00001f80
14676236ns          238694 1c008b02 ee873733 p.bclr           x14, x14, 23, 8     x14=00000010 x14:00000010
14676256ns          238695 1c008b06 1a10f6b7 lui              x13, 0x1a10f000     x13=1a10f000
14676276ns          238696 1c008b0a 0ff57513 andi             x10, x10, 255       x10=00000067 x10:00000067
14676296ns          238697 1c008b0e 00d70733 add              x14, x14, x13       x14=1a10f010 x14:00000010 x13:1a10f000
14676316ns          238698 1c008b10 00a7e723 p.sw             x10, x0(x15)        x10:00000067 x15:00000000  PA:1a10f010
14676654ns          238715 1c008b14 00000513 addi             x10, x0, 0          x10=00000000
14676674ns          238716 1c008b16 00008067 jalr             x0, x1, 0            x1:1c008bbe
14676734ns          238719 1c008bbe 31f52563 p.beqimm         x10, 778            x10:00000000
14676754ns          238720 1c008bc2 001d8d93 addi             x27, x27, 1         x27=00000008 x27:00000007
14676773ns          238721 1c008bc4 00044503 lbu              x10, 0(x8)          x10=00000020  x8:1c00002c  PA:1c00002c
14677072ns          238736 1c008bc8 00140413 addi             x8, x8, 1            x8=1c00002d  x8:1c00002c
14677092ns          238737 1c008bca fe0514e3 bne              x10, x0, -24        x10:00000020
14677171ns          238741 1c008bb2 02500793 addi             x15, x0, 37         x15=00000025
14677191ns          238742 1c008bb6 04f50863 beq              x10, x15, 80        x10:00000020 x15:00000025
14677211ns          238743 1c008bba 01a005b3 add              x11, x0, x26        x11=00000002 x26:00000002
14677231ns          238744 1c008bbc 000b00e7 jalr             x1, x22, 0           x1=1c008bbe x22:1c008af0
14677271ns          238746 1c008af0 000026b7 lui              x13, 0x2000         x13=00002000
14677291ns          238747 1c008af2 f14027f3 csrrs            x15, x0, 0xf14      x15=00000002
14677311ns          238748 1c008af6 f8068693 addi             x13, x13, -128      x13=00001f80 x13:00002000
14677330ns          238749 1c008afa 00379713 slli             x14, x15, 0x3       x14=00000010 x15:00000002
14677350ns          238750 1c008afe 00279793 slli             x15, x15, 0x2       x15=00000008 x15:00000002
14677370ns          238751 1c008b00 00d7f7b3 and              x15, x15, x13       x15=00000000 x15:00000008 x13:00001f80
14677390ns          238752 1c008b02 ee873733 p.bclr           x14, x14, 23, 8     x14=00000010 x14:00000010
14677410ns          238753 1c008b06 1a10f6b7 lui              x13, 0x1a10f000     x13=1a10f000
14677430ns          238754 1c008b0a 0ff57513 andi             x10, x10, 255       x10=00000020 x10:00000020
14677450ns          238755 1c008b0e 00d70733 add              x14, x14, x13       x14=1a10f010 x14:00000010 x13:1a10f000
14677470ns          238756 1c008b10 00a7e723 p.sw             x10, x0(x15)        x10:00000020 x15:00000000  PA:1a10f010
14677808ns          238773 1c008b14 00000513 addi             x10, x0, 0          x10=00000000
14677828ns          238774 1c008b16 00008067 jalr             x0, x1, 0            x1:1c008bbe
14677887ns          238777 1c008bbe 31f52563 p.beqimm         x10, 778            x10:00000000
14677907ns          238778 1c008bc2 001d8d93 addi             x27, x27, 1         x27=00000009 x27:00000008
14677927ns          238779 1c008bc4 00044503 lbu              x10, 0(x8)          x10=00000025  x8:1c00002d  PA:1c00002d
14678225ns          238794 1c008bc8 00140413 addi             x8, x8, 1            x8=1c00002e  x8:1c00002d
14678245ns          238795 1c008bca fe0514e3 bne              x10, x0, -24        x10:00000025
14678325ns          238799 1c008bb2 02500793 addi             x15, x0, 37         x15=00000025
14678345ns          238800 1c008bb6 04f50863 beq              x10, x15, 80        x10:00000025 x15:00000025
14678763ns          238821 1c008c06 00044483 lbu              x9, 0(x8)            x9=00000064  x8:1c00002e  PA:1c00002e
14679180ns          238842 1c008c0a 02000693 addi             x13, x0, 32         x13=00000020
14679240ns          238845 1c008c0e 00140a93 addi             x21, x8, 1          x21=1c00002f  x8:1c00002e
14679260ns          238846 1c008c12 009005b3 add              x11, x0, x9         x11=00000064  x9:00000064
14679280ns          238847 1c008c14 154b8513 addi             x10, x23, 340       x10=1c000154 x23:1c000000
14679300ns          238848 1c008c18 00d12823 sw               x13, 16(x2)         x13:00000020  x2:10001498  PA:100014a8
14679319ns          238849 1c008c1a 00012c23 sw               x0, 24(x2)           x2:10001498  PA:100014b0
14679339ns          238850 1c008c1c 00012a23 sw               x0, 20(x2)           x2:10001498  PA:100014ac
14679359ns          238851 1c008c1e 00012e23 sw               x0, 28(x2)           x2:10001498  PA:100014b4
14679757ns          238871 1c008c20 00012623 sw               x0, 12(x2)           x2:10001498  PA:100014a4
14679797ns          238873 1c008c22 02300913 addi             x18, x0, 35         x18=00000023
14679817ns          238874 1c008c26 02d00a13 addi             x20, x0, 45         x20=0000002d
14679837ns          238875 1c008c2a 015009b3 add              x19, x0, x21        x19=1c00002f x21:1c00002f
14679857ns          238876 1c008c2c e97ff0ef jal              x1, -362             x1=1c008c2e
14680791ns          238923 1c008ac2 00054783 lbu              x15, 0(x10)         x15=0000002d x10:1c000154  PA:1c000154
14681229ns          238945 1c008ac6 0ff5f593 andi             x11, x11, 255       x11=00000064 x11:00000064
14681249ns          238946 1c008aca 00b78c63 beq              x15, x11, 24        x15:0000002d x11:00000064
14681269ns          238947 1c008ace 00078b63 beq              x15, x0, 22         x15:0000002d
14681309ns          238949 1c008ad0 00150793 addi             x15, x10, 1         x15=1c000155 x10:1c000154
14681348ns          238951 1c008ad4 0040006f jal              x0, 4              
14681388ns          238953 1c008ad8 00f00533 add              x10, x0, x15        x10=1c000155 x15:1c000155
14681408ns          238954 1c008ada 0017c70b p.lbu            x14, 1(x15!)        x14=0000002b x15=1c000156 x15:1c000155  PA:1c000155
14681885ns          238978 1c008ade feb71ce3 bne              x14, x11, -8        x14:0000002b x11:00000064
14681945ns          238981 1c008ad6 00070763 beq              x14, x0, 14         x14:0000002b
14681965ns          238982 1c008ad8 00f00533 add              x10, x0, x15        x10=1c000156 x15:1c000156
14681985ns          238983 1c008ada 0017c70b p.lbu            x14, 1(x15!)        x14=00000020 x15=1c000157 x15:1c000156  PA:1c000156
14682303ns          238999 1c008ade feb71ce3 bne              x14, x11, -8        x14:00000020 x11:00000064
14682363ns          239002 1c008ad6 00070763 beq              x14, x0, 14         x14:00000020
14682383ns          239003 1c008ad8 00f00533 add              x10, x0, x15        x10=1c000157 x15:1c000157
14682403ns          239004 1c008ada 0017c70b p.lbu            x14, 1(x15!)        x14=00000023 x15=1c000158 x15:1c000157  PA:1c000157
14682721ns          239020 1c008ade feb71ce3 bne              x14, x11, -8        x14:00000023 x11:00000064
14682780ns          239023 1c008ad6 00070763 beq              x14, x0, 14         x14:00000023
14682800ns          239024 1c008ad8 00f00533 add              x10, x0, x15        x10=1c000158 x15:1c000158
14682820ns          239025 1c008ada 0017c70b p.lbu            x14, 1(x15!)        x14=00000030 x15=1c000159 x15:1c000158  PA:1c000158
14683158ns          239042 1c008ade feb71ce3 bne              x14, x11, -8        x14:00000030 x11:00000064
14683218ns          239045 1c008ad6 00070763 beq              x14, x0, 14         x14:00000030
14683238ns          239046 1c008ad8 00f00533 add              x10, x0, x15        x10=1c000159 x15:1c000159
14683258ns          239047 1c008ada 0017c70b p.lbu            x14, 1(x15!)        x14=00000000 x15=1c00015a x15:1c000159  PA:1c000159
14683576ns          239063 1c008ade feb71ce3 bne              x14, x11, -8        x14:00000000 x11:00000064
14683636ns          239066 1c008ad6 00070763 beq              x14, x0, 14         x14:00000000
14683695ns          239069 1c008ae4 0015b593 sltiu            x11, x11, 1         x11=00000000 x11:00000064
14683715ns          239070 1c008ae8 40b005b3 sub              x11, x0, x11        x11=00000000 x11:00000000
14683735ns          239071 1c008aec 00b57533 and              x10, x10, x11       x10=00000000 x10:1c000159 x11:00000000
14683755ns          239072 1c008aee 00008067 jalr             x0, x1, 0            x1:1c008c2e
14683795ns          239074 1c008c2e 02050a63 beq              x10, x0, 52         x10:00000000
14684292ns          239099 1c008c62 02a00613 addi             x12, x0, 42         x12=0000002a
14684312ns          239100 1c008c66 2ac48663 beq              x9, x12, 684         x9:00000064 x12:0000002a
14684332ns          239101 1c008c6a fd048613 addi             x12, x9, -48        x12=00000034  x9:00000064
14684352ns          239102 1c008c6e 00900593 addi             x11, x0, 9          x11=00000009
14684770ns          239123 1c008c70 00000913 addi             x18, x0, 0          x18=00000000
14684809ns          239125 1c008c72 28c5f063 bgeu             x11, x12, 640       x11:00000009 x12:00000034
14684829ns          239126 1c008c76 02e00693 addi             x13, x0, 46         x13=0000002e
14684849ns          239127 1c008c7a fff00a13 addi             x20, x0, -1         x20=ffffffff
14684869ns          239128 1c008c7c 2ed48363 beq              x9, x13, 742         x9:00000064 x13:0000002e
14685287ns          239149 1c008c80 1c0007b7 lui              x15, 0x1c000000     x15=1c000000
14685326ns          239151 1c008c84 009005b3 add              x11, x0, x9         x11=00000064  x9:00000064
14685346ns          239152 1c008c86 15c78513 addi             x10, x15, 348       x10=1c00015c x15:1c000000
14685366ns          239153 1c008c8a e39ff0ef jal              x1, -456             x1=1c008c8c
14685864ns          239178 1c008ac2 00054783 lbu              x15, 0(x10)         x15=00000068 x10:1c00015c  PA:1c00015c
14686162ns          239193 1c008ac6 0ff5f593 andi             x11, x11, 255       x11=00000064 x11:00000064
14686182ns          239194 1c008aca 00b78c63 beq              x15, x11, 24        x15:00000068 x11:00000064
14686202ns          239195 1c008ace 00078b63 beq              x15, x0, 22         x15:00000068
14686222ns          239196 1c008ad0 00150793 addi             x15, x10, 1         x15=1c00015d x10:1c00015c
14686241ns          239197 1c008ad4 0040006f jal              x0, 4              
14686281ns          239199 1c008ad8 00f00533 add              x10, x0, x15        x10=1c00015d x15:1c00015d
14686301ns          239200 1c008ada 0017c70b p.lbu            x14, 1(x15!)        x14=0000006c x15=1c00015e x15:1c00015d  PA:1c00015d
14686619ns          239216 1c008ade feb71ce3 bne              x14, x11, -8        x14:0000006c x11:00000064
14686679ns          239219 1c008ad6 00070763 beq              x14, x0, 14         x14:0000006c
14686699ns          239220 1c008ad8 00f00533 add              x10, x0, x15        x10=1c00015e x15:1c00015e
14686719ns          239221 1c008ada 0017c70b p.lbu            x14, 1(x15!)        x14=0000004c x15=1c00015f x15:1c00015e  PA:1c00015e
14687097ns          239240 1c008ade feb71ce3 bne              x14, x11, -8        x14:0000004c x11:00000064
14687156ns          239243 1c008ad6 00070763 beq              x14, x0, 14         x14:0000004c
14687176ns          239244 1c008ad8 00f00533 add              x10, x0, x15        x10=1c00015f x15:1c00015f
14687196ns          239245 1c008ada 0017c70b p.lbu            x14, 1(x15!)        x14=0000007a x15=1c000160 x15:1c00015f  PA:1c00015f
14687514ns          239261 1c008ade feb71ce3 bne              x14, x11, -8        x14:0000007a x11:00000064
14687574ns          239264 1c008ad6 00070763 beq              x14, x0, 14         x14:0000007a
14687594ns          239265 1c008ad8 00f00533 add              x10, x0, x15        x10=1c000160 x15:1c000160
14687614ns          239266 1c008ada 0017c70b p.lbu            x14, 1(x15!)        x14=00000000 x15=1c000161 x15:1c000160  PA:1c000160
14687932ns          239282 1c008ade feb71ce3 bne              x14, x11, -8        x14:00000000 x11:00000064
14687992ns          239285 1c008ad6 00070763 beq              x14, x0, 14         x14:00000000
14688052ns          239288 1c008ae4 0015b593 sltiu            x11, x11, 1         x11=00000000 x11:00000064
14688071ns          239289 1c008ae8 40b005b3 sub              x11, x0, x11        x11=00000000 x11:00000000
14688091ns          239290 1c008aec 00b57533 and              x10, x10, x11       x10=00000000 x10:1c000160 x11:00000000
14688111ns          239291 1c008aee 00008067 jalr             x0, x1, 0            x1:1c008c8c
14688151ns          239293 1c008c8c 01300433 add              x8, x0, x19          x8=1c00002f x19:1c00002f
14688171ns          239294 1c008c8e 00050563 beq              x10, x0, 10         x10:00000000
14688231ns          239297 1c008c98 06700693 addi             x13, x0, 103        x13=00000067
14688250ns          239298 1c008c9c 2896d963 bge              x13, x9, 658        x13:00000067  x9:00000064
14689623ns          239367 1c008f2e 06500693 addi             x13, x0, 101        x13=00000065
14689663ns          239369 1c008f32 12d4d563 bge              x9, x13, 298         x9:00000064 x13:00000065
14689683ns          239370 1c008f36 04700693 addi             x13, x0, 71         x13=00000047
14689702ns          239371 1c008f3a dc96cbe3 blt              x13, x9, -554       x13:00000047  x9:00000064
14690598ns          239416 1c008d10 06300693 addi             x13, x0, 99         x13=00000063
14690637ns          239418 1c008d14 0ad488e3 beq              x9, x13, 2224        x9:00000064 x13:00000063
14690657ns          239419 1c008d18 0096c9e3 blt              x13, x9, 2066       x13:00000063  x9:00000064
14691652ns          239469 1c00952a 000c2583 lw               x11, 0(x24)         x11=00000001 x24:100015ec  PA:100015ec
14691672ns          239470 1c00952e 004c0c13 addi             x24, x24, 4         x24=100015f0 x24:100015ec
14692089ns          239491 1c009530 3405cc63 blt              x11, x0, 856        x11:00000001
14692129ns          239493 1c009534 01412603 lw               x12, 20(x2)         x12=00000000  x2:10001498  PA:100014ac
14692149ns          239494 1c009536 00b006b3 add              x13, x0, x11        x13=00000001 x11:00000001
14692169ns          239495 1c009538 2e061863 bne              x12, x0, 752        x12:00000000
14692189ns          239496 1c00953c 01812703 lw               x14, 24(x2)         x14=00000000  x2:10001498  PA:100014b0
14692209ns          239497 1c00953e 019007b3 add              x15, x0, x25        x15=100014bc x25:100014bc
14692626ns          239518 1c009540 00070763 beq              x14, x0, 14         x14:00000000
14692686ns          239521 1c00954e 00f00733 add              x14, x0, x15        x14=100014bc x15:100014bc
14693124ns          239543 1c009550 00a00513 addi             x10, x0, 10         x10=0000000a
14693163ns          239545 1c009552 02a6f633 remu             x12, x13, x10       x12=00000001 x13:00000001 x10:0000000a
14693780ns          239576 1c009556 02a6d6b3 divu             x13, x13, x10       x13=00000000 x13:00000001 x10:0000000a
14694397ns          239607 1c00955a 03060613 addi             x12, x12, 48        x12=00000031 x12:00000001
14694417ns          239608 1c00955e 00c700ab p.sb             x12, 1(x14!)        x14=100014bd x12:00000031 x14:100014bc  PA:100014bc
14694436ns          239609 1c009562 fe0698e3 bne              x13, x0, -16        x13:00000000
14694456ns          239610 1c009564 40f706b3 sub              x13, x14, x15       x13=00000001 x14:100014bd x15:100014bc
14694476ns          239611 1c009568 0146dc63 bge              x13, x20, 24        x13:00000001 x20:ffffffff
14695391ns          239657 1c009580 00e006b3 add              x13, x0, x14        x13=100014bd x14:100014bd
14695431ns          239659 1c009582 fe068fab p.sb             x0, -1(x13!)        x13=100014bc x13:100014bd  PA:100014bd
14695451ns          239660 1c009586 00d7fc63 bgeu             x15, x13, 24        x15:100014bc x13:100014bc
14695948ns          239685 1c00959e 01412783 lw               x15, 20(x2)         x15=00000000  x2:10001498  PA:100014ac
14696386ns          239707 1c0095a0 01812603 lw               x12, 24(x2)         x12=00000000  x2:10001498  PA:100014b0
14696426ns          239709 1c0095a2 419704b3 sub              x9, x14, x25         x9=00000001 x14:100014bd x25:100014bc
14696445ns          239710 1c0095a6 00c7e7b3 or               x15, x15, x12       x15=00000000 x15:00000000 x12:00000000
14696465ns          239711 1c0095a8 00f12623 sw               x15, 12(x2)         x15:00000000  x2:10001498  PA:100014a4
14696485ns          239712 1c0095aa 00079363 bne              x15, x0, 6          x15:00000000
14696505ns          239713 1c0095ac 01f5d593 srli             x11, x11, 0x1f      x11=00000000 x11:00000001
14696525ns          239714 1c0095ae 00b12623 sw               x11, 12(x2)         x11:00000000  x2:10001498  PA:100014a4
14696903ns          239733 1c0095b0 e3fa28e3 p.beqimm         x20, -464           x20:ffffffff
14697380ns          239757 1c0093e0 0c800793 addi             x15, x0, 200        x15=000000c8
14697420ns          239759 1c0093e4 9e97d0e3 bge              x15, x9, -1568      x15:000000c8  x9:00000001
14697917ns          239784 1c008dc4 0f24d163 bge              x9, x18, 226         x9:00000001 x18:00000000
14698434ns          239810 1c008ea6 d00482e3 beq              x9, x0, -764         x9:00000001
14698454ns          239811 1c008eaa 01900933 add              x18, x0, x25        x18=100014bc x25:100014bc
14698474ns          239812 1c008eac 419d8db3 sub              x27, x27, x25       x27=efffeb4d x27:00000009 x25:100014bc
14698892ns          239833 1c008eb0 00a0006f jal              x0, 10             
14698952ns          239836 1c008eba 0019450b p.lbu            x10, 1(x18!)        x10=00000031 x18=100014bd x18:100014bc  PA:100014bc
14698972ns          239837 1c008ebe 01a005b3 add              x11, x0, x26        x11=00000002 x26:00000002
14699409ns          239859 1c008ec0 000b00e7 jalr             x1, x22, 0           x1=1c008ec2 x22:1c008af0
14699449ns          239861 1c008af0 000026b7 lui              x13, 0x2000         x13=00002000
14699469ns          239862 1c008af2 f14027f3 csrrs            x15, x0, 0xf14      x15=00000002
14699489ns          239863 1c008af6 f8068693 addi             x13, x13, -128      x13=00001f80 x13:00002000
14699509ns          239864 1c008afa 00379713 slli             x14, x15, 0x3       x14=00000010 x15:00000002
14699528ns          239865 1c008afe 00279793 slli             x15, x15, 0x2       x15=00000008 x15:00000002
14699568ns          239867 1c008b00 00d7f7b3 and              x15, x15, x13       x15=00000000 x15:00000008 x13:00001f80
14699608ns          239869 1c008b02 ee873733 p.bclr           x14, x14, 23, 8     x14=00000010 x14:00000010
14699628ns          239870 1c008b06 1a10f6b7 lui              x13, 0x1a10f000     x13=1a10f000
14699648ns          239871 1c008b0a 0ff57513 andi             x10, x10, 255       x10=00000031 x10:00000031
14699668ns          239872 1c008b0e 00d70733 add              x14, x14, x13       x14=1a10f010 x14:00000010 x13:1a10f000
14699708ns          239874 1c008b10 00a7e723 p.sw             x10, x0(x15)        x10:00000031 x15:00000000  PA:1a10f010
14700125ns          239895 1c008b14 00000513 addi             x10, x0, 0          x10=00000000
14700145ns          239896 1c008b16 00008067 jalr             x0, x1, 0            x1:1c008ec2
14700185ns          239898 1c008ec2 fff48493 addi             x9, x9, -1           x9=00000000  x9:00000001
14700205ns          239899 1c008ec4 fff537e3 p.bneimm         x10, -18            x10:00000000
14700284ns          239903 1c008eb2 012d8733 add              x14, x27, x18       x14=0000000a x27:efffeb4d x18:100014bd
14700304ns          239904 1c008eb6 5a048b63 beq              x9, x0, 1462         x9:00000000
14700722ns          239925 1c00946c 00e00db3 add              x27, x0, x14        x27=0000000a x14:0000000a
14701179ns          239948 1c00946e f3cff06f jal              x0, -2244          
14701299ns          239954 1c008baa 00044503 lbu              x10, 0(x8)          x10=00000020  x8:1c00002f  PA:1c00002f
14701597ns          239969 1c008bae 00140413 addi             x8, x8, 1            x8=1c000030  x8:1c00002f
14701617ns          239970 1c008bb0 00050e63 beq              x10, x0, 28         x10:00000020
14701637ns          239971 1c008bb2 02500793 addi             x15, x0, 37         x15=00000025
14701657ns          239972 1c008bb6 04f50863 beq              x10, x15, 80        x10:00000020 x15:00000025
14701677ns          239973 1c008bba 01a005b3 add              x11, x0, x26        x11=00000002 x26:00000002
14701697ns          239974 1c008bbc 000b00e7 jalr             x1, x22, 0           x1=1c008bbe x22:1c008af0
14701776ns          239978 1c008af0 000026b7 lui              x13, 0x2000         x13=00002000
14701796ns          239979 1c008af2 f14027f3 csrrs            x15, x0, 0xf14      x15=00000002
14701816ns          239980 1c008af6 f8068693 addi             x13, x13, -128      x13=00001f80 x13:00002000
14701836ns          239981 1c008afa 00379713 slli             x14, x15, 0x3       x14=00000010 x15:00000002
14701856ns          239982 1c008afe 00279793 slli             x15, x15, 0x2       x15=00000008 x15:00000002
14701876ns          239983 1c008b00 00d7f7b3 and              x15, x15, x13       x15=00000000 x15:00000008 x13:00001f80
14701895ns          239984 1c008b02 ee873733 p.bclr           x14, x14, 23, 8     x14=00000010 x14:00000010
14701915ns          239985 1c008b06 1a10f6b7 lui              x13, 0x1a10f000     x13=1a10f000
14701935ns          239986 1c008b0a 0ff57513 andi             x10, x10, 255       x10=00000020 x10:00000020
14701955ns          239987 1c008b0e 00d70733 add              x14, x14, x13       x14=1a10f010 x14:00000010 x13:1a10f000
14701975ns          239988 1c008b10 00a7e723 p.sw             x10, x0(x15)        x10:00000020 x15:00000000  PA:1a10f010
14702373ns          240008 1c008b14 00000513 addi             x10, x0, 0          x10=00000000
14702393ns          240009 1c008b16 00008067 jalr             x0, x1, 0            x1:1c008bbe
14702452ns          240012 1c008bbe 31f52563 p.beqimm         x10, 778            x10:00000000
14702472ns          240013 1c008bc2 001d8d93 addi             x27, x27, 1         x27=0000000b x27:0000000a
14702492ns          240014 1c008bc4 00044503 lbu              x10, 0(x8)          x10=0000006b  x8:1c000030  PA:1c000030
14702791ns          240029 1c008bc8 00140413 addi             x8, x8, 1            x8=1c000031  x8:1c000030
14702810ns          240030 1c008bca fe0514e3 bne              x10, x0, -24        x10:0000006b
14702890ns          240034 1c008bb2 02500793 addi             x15, x0, 37         x15=00000025
14702910ns          240035 1c008bb6 04f50863 beq              x10, x15, 80        x10:0000006b x15:00000025
14702930ns          240036 1c008bba 01a005b3 add              x11, x0, x26        x11=00000002 x26:00000002
14702950ns          240037 1c008bbc 000b00e7 jalr             x1, x22, 0           x1=1c008bbe x22:1c008af0
14702989ns          240039 1c008af0 000026b7 lui              x13, 0x2000         x13=00002000
14703009ns          240040 1c008af2 f14027f3 csrrs            x15, x0, 0xf14      x15=00000002
14703029ns          240041 1c008af6 f8068693 addi             x13, x13, -128      x13=00001f80 x13:00002000
14703049ns          240042 1c008afa 00379713 slli             x14, x15, 0x3       x14=00000010 x15:00000002
14703069ns          240043 1c008afe 00279793 slli             x15, x15, 0x2       x15=00000008 x15:00000002
14703089ns          240044 1c008b00 00d7f7b3 and              x15, x15, x13       x15=00000000 x15:00000008 x13:00001f80
14703109ns          240045 1c008b02 ee873733 p.bclr           x14, x14, 23, 8     x14=00000010 x14:00000010
14703129ns          240046 1c008b06 1a10f6b7 lui              x13, 0x1a10f000     x13=1a10f000
14703149ns          240047 1c008b0a 0ff57513 andi             x10, x10, 255       x10=0000006b x10:0000006b
14703168ns          240048 1c008b0e 00d70733 add              x14, x14, x13       x14=1a10f010 x14:00000010 x13:1a10f000
14703188ns          240049 1c008b10 00a7e723 p.sw             x10, x0(x15)        x10:0000006b x15:00000000  PA:1a10f010
14703507ns          240065 1c008b14 00000513 addi             x10, x0, 0          x10=00000000
14703527ns          240066 1c008b16 00008067 jalr             x0, x1, 0            x1:1c008bbe
14703586ns          240069 1c008bbe 31f52563 p.beqimm         x10, 778            x10:00000000
14703606ns          240070 1c008bc2 001d8d93 addi             x27, x27, 1         x27=0000000c x27:0000000b
14703626ns          240071 1c008bc4 00044503 lbu              x10, 0(x8)          x10=00000065  x8:1c000031  PA:1c000031
14703924ns          240086 1c008bc8 00140413 addi             x8, x8, 1            x8=1c000032  x8:1c000031
14703944ns          240087 1c008bca fe0514e3 bne              x10, x0, -24        x10:00000065
14704024ns          240091 1c008bb2 02500793 addi             x15, x0, 37         x15=00000025
14704044ns          240092 1c008bb6 04f50863 beq              x10, x15, 80        x10:00000065 x15:00000025
14704064ns          240093 1c008bba 01a005b3 add              x11, x0, x26        x11=00000002 x26:00000002
14704083ns          240094 1c008bbc 000b00e7 jalr             x1, x22, 0           x1=1c008bbe x22:1c008af0
14704123ns          240096 1c008af0 000026b7 lui              x13, 0x2000         x13=00002000
14704143ns          240097 1c008af2 f14027f3 csrrs            x15, x0, 0xf14      x15=00000002
14704163ns          240098 1c008af6 f8068693 addi             x13, x13, -128      x13=00001f80 x13:00002000
14704183ns          240099 1c008afa 00379713 slli             x14, x15, 0x3       x14=00000010 x15:00000002
14704203ns          240100 1c008afe 00279793 slli             x15, x15, 0x2       x15=00000008 x15:00000002
14704223ns          240101 1c008b00 00d7f7b3 and              x15, x15, x13       x15=00000000 x15:00000008 x13:00001f80
14704243ns          240102 1c008b02 ee873733 p.bclr           x14, x14, 23, 8     x14=00000010 x14:00000010
14704262ns          240103 1c008b06 1a10f6b7 lui              x13, 0x1a10f000     x13=1a10f000
14704282ns          240104 1c008b0a 0ff57513 andi             x10, x10, 255       x10=00000065 x10:00000065
14704302ns          240105 1c008b0e 00d70733 add              x14, x14, x13       x14=1a10f010 x14:00000010 x13:1a10f000
14704322ns          240106 1c008b10 00a7e723 p.sw             x10, x0(x15)        x10:00000065 x15:00000000  PA:1a10f010
14704680ns          240124 1c008b14 00000513 addi             x10, x0, 0          x10=00000000
14704700ns          240125 1c008b16 00008067 jalr             x0, x1, 0            x1:1c008bbe
14704760ns          240128 1c008bbe 31f52563 p.beqimm         x10, 778            x10:00000000
14704780ns          240129 1c008bc2 001d8d93 addi             x27, x27, 1         x27=0000000d x27:0000000c
14704800ns          240130 1c008bc4 00044503 lbu              x10, 0(x8)          x10=00000072  x8:1c000032  PA:1c000032
14705098ns          240145 1c008bc8 00140413 addi             x8, x8, 1            x8=1c000033  x8:1c000032
14705118ns          240146 1c008bca fe0514e3 bne              x10, x0, -24        x10:00000072
14705197ns          240150 1c008bb2 02500793 addi             x15, x0, 37         x15=00000025
14705217ns          240151 1c008bb6 04f50863 beq              x10, x15, 80        x10:00000072 x15:00000025
14705237ns          240152 1c008bba 01a005b3 add              x11, x0, x26        x11=00000002 x26:00000002
14705257ns          240153 1c008bbc 000b00e7 jalr             x1, x22, 0           x1=1c008bbe x22:1c008af0
14705297ns          240155 1c008af0 000026b7 lui              x13, 0x2000         x13=00002000
14705317ns          240156 1c008af2 f14027f3 csrrs            x15, x0, 0xf14      x15=00000002
14705337ns          240157 1c008af6 f8068693 addi             x13, x13, -128      x13=00001f80 x13:00002000
14705356ns          240158 1c008afa 00379713 slli             x14, x15, 0x3       x14=00000010 x15:00000002
14705376ns          240159 1c008afe 00279793 slli             x15, x15, 0x2       x15=00000008 x15:00000002
14705396ns          240160 1c008b00 00d7f7b3 and              x15, x15, x13       x15=00000000 x15:00000008 x13:00001f80
14705416ns          240161 1c008b02 ee873733 p.bclr           x14, x14, 23, 8     x14=00000010 x14:00000010
14705436ns          240162 1c008b06 1a10f6b7 lui              x13, 0x1a10f000     x13=1a10f000
14705456ns          240163 1c008b0a 0ff57513 andi             x10, x10, 255       x10=00000072 x10:00000072
14705476ns          240164 1c008b0e 00d70733 add              x14, x14, x13       x14=1a10f010 x14:00000010 x13:1a10f000
14705496ns          240165 1c008b10 00a7e723 p.sw             x10, x0(x15)        x10:00000072 x15:00000000  PA:1a10f010
14705834ns          240182 1c008b14 00000513 addi             x10, x0, 0          x10=00000000
14705854ns          240183 1c008b16 00008067 jalr             x0, x1, 0            x1:1c008bbe
14705913ns          240186 1c008bbe 31f52563 p.beqimm         x10, 778            x10:00000000
14705933ns          240187 1c008bc2 001d8d93 addi             x27, x27, 1         x27=0000000e x27:0000000d
14705953ns          240188 1c008bc4 00044503 lbu              x10, 0(x8)          x10=0000006e  x8:1c000033  PA:1c000033
14706252ns          240203 1c008bc8 00140413 addi             x8, x8, 1            x8=1c000034  x8:1c000033
14706271ns          240204 1c008bca fe0514e3 bne              x10, x0, -24        x10:0000006e
14706351ns          240208 1c008bb2 02500793 addi             x15, x0, 37         x15=00000025
14706371ns          240209 1c008bb6 04f50863 beq              x10, x15, 80        x10:0000006e x15:00000025
14706391ns          240210 1c008bba 01a005b3 add              x11, x0, x26        x11=00000002 x26:00000002
14706411ns          240211 1c008bbc 000b00e7 jalr             x1, x22, 0           x1=1c008bbe x22:1c008af0
14706450ns          240213 1c008af0 000026b7 lui              x13, 0x2000         x13=00002000
14706470ns          240214 1c008af2 f14027f3 csrrs            x15, x0, 0xf14      x15=00000002
14706490ns          240215 1c008af6 f8068693 addi             x13, x13, -128      x13=00001f80 x13:00002000
14706510ns          240216 1c008afa 00379713 slli             x14, x15, 0x3       x14=00000010 x15:00000002
14706530ns          240217 1c008afe 00279793 slli             x15, x15, 0x2       x15=00000008 x15:00000002
14706550ns          240218 1c008b00 00d7f7b3 and              x15, x15, x13       x15=00000000 x15:00000008 x13:00001f80
14706570ns          240219 1c008b02 ee873733 p.bclr           x14, x14, 23, 8     x14=00000010 x14:00000010
14706590ns          240220 1c008b06 1a10f6b7 lui              x13, 0x1a10f000     x13=1a10f000
14706610ns          240221 1c008b0a 0ff57513 andi             x10, x10, 255       x10=0000006e x10:0000006e
14706629ns          240222 1c008b0e 00d70733 add              x14, x14, x13       x14=1a10f010 x14:00000010 x13:1a10f000
14706649ns          240223 1c008b10 00a7e723 p.sw             x10, x0(x15)        x10:0000006e x15:00000000  PA:1a10f010
14706968ns          240239 1c008b14 00000513 addi             x10, x0, 0          x10=00000000
14706988ns          240240 1c008b16 00008067 jalr             x0, x1, 0            x1:1c008bbe
14707047ns          240243 1c008bbe 31f52563 p.beqimm         x10, 778            x10:00000000
14707067ns          240244 1c008bc2 001d8d93 addi             x27, x27, 1         x27=0000000f x27:0000000e
14707087ns          240245 1c008bc4 00044503 lbu              x10, 0(x8)          x10=00000065  x8:1c000034  PA:1c000034
14707385ns          240260 1c008bc8 00140413 addi             x8, x8, 1            x8=1c000035  x8:1c000034
14707405ns          240261 1c008bca fe0514e3 bne              x10, x0, -24        x10:00000065
14707485ns          240265 1c008bb2 02500793 addi             x15, x0, 37         x15=00000025
14707505ns          240266 1c008bb6 04f50863 beq              x10, x15, 80        x10:00000065 x15:00000025
14707525ns          240267 1c008bba 01a005b3 add              x11, x0, x26        x11=00000002 x26:00000002
14707544ns          240268 1c008bbc 000b00e7 jalr             x1, x22, 0           x1=1c008bbe x22:1c008af0
14707584ns          240270 1c008af0 000026b7 lui              x13, 0x2000         x13=00002000
14707604ns          240271 1c008af2 f14027f3 csrrs            x15, x0, 0xf14      x15=00000002
14707624ns          240272 1c008af6 f8068693 addi             x13, x13, -128      x13=00001f80 x13:00002000
14707644ns          240273 1c008afa 00379713 slli             x14, x15, 0x3       x14=00000010 x15:00000002
14707664ns          240274 1c008afe 00279793 slli             x15, x15, 0x2       x15=00000008 x15:00000002
14707684ns          240275 1c008b00 00d7f7b3 and              x15, x15, x13       x15=00000000 x15:00000008 x13:00001f80
14707704ns          240276 1c008b02 ee873733 p.bclr           x14, x14, 23, 8     x14=00000010 x14:00000010
14707723ns          240277 1c008b06 1a10f6b7 lui              x13, 0x1a10f000     x13=1a10f000
14707743ns          240278 1c008b0a 0ff57513 andi             x10, x10, 255       x10=00000065 x10:00000065
14707763ns          240279 1c008b0e 00d70733 add              x14, x14, x13       x14=1a10f010 x14:00000010 x13:1a10f000
14707783ns          240280 1c008b10 00a7e723 p.sw             x10, x0(x15)        x10:00000065 x15:00000000  PA:1a10f010
14708101ns          240296 1c008b14 00000513 addi             x10, x0, 0          x10=00000000
14708121ns          240297 1c008b16 00008067 jalr             x0, x1, 0            x1:1c008bbe
14708181ns          240300 1c008bbe 31f52563 p.beqimm         x10, 778            x10:00000000
14708201ns          240301 1c008bc2 001d8d93 addi             x27, x27, 1         x27=00000010 x27:0000000f
14708221ns          240302 1c008bc4 00044503 lbu              x10, 0(x8)          x10=0000006c  x8:1c000035  PA:1c000035
14708519ns          240317 1c008bc8 00140413 addi             x8, x8, 1            x8=1c000036  x8:1c000035
14708539ns          240318 1c008bca fe0514e3 bne              x10, x0, -24        x10:0000006c
14708619ns          240322 1c008bb2 02500793 addi             x15, x0, 37         x15=00000025
14708638ns          240323 1c008bb6 04f50863 beq              x10, x15, 80        x10:0000006c x15:00000025
14708658ns          240324 1c008bba 01a005b3 add              x11, x0, x26        x11=00000002 x26:00000002
14708678ns          240325 1c008bbc 000b00e7 jalr             x1, x22, 0           x1=1c008bbe x22:1c008af0
14708718ns          240327 1c008af0 000026b7 lui              x13, 0x2000         x13=00002000
14708738ns          240328 1c008af2 f14027f3 csrrs            x15, x0, 0xf14      x15=00000002
14708758ns          240329 1c008af6 f8068693 addi             x13, x13, -128      x13=00001f80 x13:00002000
14708778ns          240330 1c008afa 00379713 slli             x14, x15, 0x3       x14=00000010 x15:00000002
14708798ns          240331 1c008afe 00279793 slli             x15, x15, 0x2       x15=00000008 x15:00000002
14708817ns          240332 1c008b00 00d7f7b3 and              x15, x15, x13       x15=00000000 x15:00000008 x13:00001f80
14708837ns          240333 1c008b02 ee873733 p.bclr           x14, x14, 23, 8     x14=00000010 x14:00000010
14708857ns          240334 1c008b06 1a10f6b7 lui              x13, 0x1a10f000     x13=1a10f000
14708877ns          240335 1c008b0a 0ff57513 andi             x10, x10, 255       x10=0000006c x10:0000006c
14708897ns          240336 1c008b0e 00d70733 add              x14, x14, x13       x14=1a10f010 x14:00000010 x13:1a10f000
14708917ns          240337 1c008b10 00a7e723 p.sw             x10, x0(x15)        x10:0000006c x15:00000000  PA:1a10f010
14709255ns          240354 1c008b14 00000513 addi             x10, x0, 0          x10=00000000
14709275ns          240355 1c008b16 00008067 jalr             x0, x1, 0            x1:1c008bbe
14709335ns          240358 1c008bbe 31f52563 p.beqimm         x10, 778            x10:00000000
14709355ns          240359 1c008bc2 001d8d93 addi             x27, x27, 1         x27=00000011 x27:00000010
14709374ns          240360 1c008bc4 00044503 lbu              x10, 0(x8)          x10=00000020  x8:1c000036  PA:1c000036
14709673ns          240375 1c008bc8 00140413 addi             x8, x8, 1            x8=1c000037  x8:1c000036
14709693ns          240376 1c008bca fe0514e3 bne              x10, x0, -24        x10:00000020
14709772ns          240380 1c008bb2 02500793 addi             x15, x0, 37         x15=00000025
14709792ns          240381 1c008bb6 04f50863 beq              x10, x15, 80        x10:00000020 x15:00000025
14709812ns          240382 1c008bba 01a005b3 add              x11, x0, x26        x11=00000002 x26:00000002
14709832ns          240383 1c008bbc 000b00e7 jalr             x1, x22, 0           x1=1c008bbe x22:1c008af0
14709872ns          240385 1c008af0 000026b7 lui              x13, 0x2000         x13=00002000
14709892ns          240386 1c008af2 f14027f3 csrrs            x15, x0, 0xf14      x15=00000002
14709911ns          240387 1c008af6 f8068693 addi             x13, x13, -128      x13=00001f80 x13:00002000
14709931ns          240388 1c008afa 00379713 slli             x14, x15, 0x3       x14=00000010 x15:00000002
14709951ns          240389 1c008afe 00279793 slli             x15, x15, 0x2       x15=00000008 x15:00000002
14709971ns          240390 1c008b00 00d7f7b3 and              x15, x15, x13       x15=00000000 x15:00000008 x13:00001f80
14709991ns          240391 1c008b02 ee873733 p.bclr           x14, x14, 23, 8     x14=00000010 x14:00000010
14710011ns          240392 1c008b06 1a10f6b7 lui              x13, 0x1a10f000     x13=1a10f000
14710031ns          240393 1c008b0a 0ff57513 andi             x10, x10, 255       x10=00000020 x10:00000020
14710051ns          240394 1c008b0e 00d70733 add              x14, x14, x13       x14=1a10f010 x14:00000010 x13:1a10f000
14710071ns          240395 1c008b10 00a7e723 p.sw             x10, x0(x15)        x10:00000020 x15:00000000  PA:1a10f010
14710389ns          240411 1c008b14 00000513 addi             x10, x0, 0          x10=00000000
14710409ns          240412 1c008b16 00008067 jalr             x0, x1, 0            x1:1c008bbe
14710468ns          240415 1c008bbe 31f52563 p.beqimm         x10, 778            x10:00000000
14710488ns          240416 1c008bc2 001d8d93 addi             x27, x27, 1         x27=00000012 x27:00000011
14710508ns          240417 1c008bc4 00044503 lbu              x10, 0(x8)          x10=00000069  x8:1c000037  PA:1c000037
14710807ns          240432 1c008bc8 00140413 addi             x8, x8, 1            x8=1c000038  x8:1c000037
14710826ns          240433 1c008bca fe0514e3 bne              x10, x0, -24        x10:00000069
14710906ns          240437 1c008bb2 02500793 addi             x15, x0, 37         x15=00000025
14710926ns          240438 1c008bb6 04f50863 beq              x10, x15, 80        x10:00000069 x15:00000025
14710946ns          240439 1c008bba 01a005b3 add              x11, x0, x26        x11=00000002 x26:00000002
14710966ns          240440 1c008bbc 000b00e7 jalr             x1, x22, 0           x1=1c008bbe x22:1c008af0
14711005ns          240442 1c008af0 000026b7 lui              x13, 0x2000         x13=00002000
14711025ns          240443 1c008af2 f14027f3 csrrs            x15, x0, 0xf14      x15=00000002
14711045ns          240444 1c008af6 f8068693 addi             x13, x13, -128      x13=00001f80 x13:00002000
14711065ns          240445 1c008afa 00379713 slli             x14, x15, 0x3       x14=00000010 x15:00000002
14711085ns          240446 1c008afe 00279793 slli             x15, x15, 0x2       x15=00000008 x15:00000002
14711105ns          240447 1c008b00 00d7f7b3 and              x15, x15, x13       x15=00000000 x15:00000008 x13:00001f80
14711125ns          240448 1c008b02 ee873733 p.bclr           x14, x14, 23, 8     x14=00000010 x14:00000010
14711145ns          240449 1c008b06 1a10f6b7 lui              x13, 0x1a10f000     x13=1a10f000
14711165ns          240450 1c008b0a 0ff57513 andi             x10, x10, 255       x10=00000069 x10:00000069
14711184ns          240451 1c008b0e 00d70733 add              x14, x14, x13       x14=1a10f010 x14:00000010 x13:1a10f000
14711204ns          240452 1c008b10 00a7e723 p.sw             x10, x0(x15)        x10:00000069 x15:00000000  PA:1a10f010
14711523ns          240468 1c008b14 00000513 addi             x10, x0, 0          x10=00000000
14711543ns          240469 1c008b16 00008067 jalr             x0, x1, 0            x1:1c008bbe
14711602ns          240472 1c008bbe 31f52563 p.beqimm         x10, 778            x10:00000000
14711622ns          240473 1c008bc2 001d8d93 addi             x27, x27, 1         x27=00000013 x27:00000012
14711642ns          240474 1c008bc4 00044503 lbu              x10, 0(x8)          x10=00000074  x8:1c000038  PA:1c000038
14711940ns          240489 1c008bc8 00140413 addi             x8, x8, 1            x8=1c000039  x8:1c000038
14711960ns          240490 1c008bca fe0514e3 bne              x10, x0, -24        x10:00000074
14712040ns          240494 1c008bb2 02500793 addi             x15, x0, 37         x15=00000025
14712060ns          240495 1c008bb6 04f50863 beq              x10, x15, 80        x10:00000074 x15:00000025
14712080ns          240496 1c008bba 01a005b3 add              x11, x0, x26        x11=00000002 x26:00000002
14712099ns          240497 1c008bbc 000b00e7 jalr             x1, x22, 0           x1=1c008bbe x22:1c008af0
14712139ns          240499 1c008af0 000026b7 lui              x13, 0x2000         x13=00002000
14712159ns          240500 1c008af2 f14027f3 csrrs            x15, x0, 0xf14      x15=00000002
14712179ns          240501 1c008af6 f8068693 addi             x13, x13, -128      x13=00001f80 x13:00002000
14712199ns          240502 1c008afa 00379713 slli             x14, x15, 0x3       x14=00000010 x15:00000002
14712219ns          240503 1c008afe 00279793 slli             x15, x15, 0x2       x15=00000008 x15:00000002
14712239ns          240504 1c008b00 00d7f7b3 and              x15, x15, x13       x15=00000000 x15:00000008 x13:00001f80
14712259ns          240505 1c008b02 ee873733 p.bclr           x14, x14, 23, 8     x14=00000010 x14:00000010
14712278ns          240506 1c008b06 1a10f6b7 lui              x13, 0x1a10f000     x13=1a10f000
14712298ns          240507 1c008b0a 0ff57513 andi             x10, x10, 255       x10=00000074 x10:00000074
14712318ns          240508 1c008b0e 00d70733 add              x14, x14, x13       x14=1a10f010 x14:00000010 x13:1a10f000
14712338ns          240509 1c008b10 00a7e723 p.sw             x10, x0(x15)        x10:00000074 x15:00000000  PA:1a10f010
14712676ns          240526 1c008b14 00000513 addi             x10, x0, 0          x10=00000000
14712696ns          240527 1c008b16 00008067 jalr             x0, x1, 0            x1:1c008bbe
14712756ns          240530 1c008bbe 31f52563 p.beqimm         x10, 778            x10:00000000
14712776ns          240531 1c008bc2 001d8d93 addi             x27, x27, 1         x27=00000014 x27:00000013
14712796ns          240532 1c008bc4 00044503 lbu              x10, 0(x8)          x10=00000065  x8:1c000039  PA:1c000039
14713094ns          240547 1c008bc8 00140413 addi             x8, x8, 1            x8=1c00003a  x8:1c000039
14713114ns          240548 1c008bca fe0514e3 bne              x10, x0, -24        x10:00000065
14713193ns          240552 1c008bb2 02500793 addi             x15, x0, 37         x15=00000025
14713213ns          240553 1c008bb6 04f50863 beq              x10, x15, 80        x10:00000065 x15:00000025
14713233ns          240554 1c008bba 01a005b3 add              x11, x0, x26        x11=00000002 x26:00000002
14713253ns          240555 1c008bbc 000b00e7 jalr             x1, x22, 0           x1=1c008bbe x22:1c008af0
14713293ns          240557 1c008af0 000026b7 lui              x13, 0x2000         x13=00002000
14713313ns          240558 1c008af2 f14027f3 csrrs            x15, x0, 0xf14      x15=00000002
14713333ns          240559 1c008af6 f8068693 addi             x13, x13, -128      x13=00001f80 x13:00002000
14713353ns          240560 1c008afa 00379713 slli             x14, x15, 0x3       x14=00000010 x15:00000002
14713372ns          240561 1c008afe 00279793 slli             x15, x15, 0x2       x15=00000008 x15:00000002
14713392ns          240562 1c008b00 00d7f7b3 and              x15, x15, x13       x15=00000000 x15:00000008 x13:00001f80
14713412ns          240563 1c008b02 ee873733 p.bclr           x14, x14, 23, 8     x14=00000010 x14:00000010
14713432ns          240564 1c008b06 1a10f6b7 lui              x13, 0x1a10f000     x13=1a10f000
14713452ns          240565 1c008b0a 0ff57513 andi             x10, x10, 255       x10=00000065 x10:00000065
14713472ns          240566 1c008b0e 00d70733 add              x14, x14, x13       x14=1a10f010 x14:00000010 x13:1a10f000
14713492ns          240567 1c008b10 00a7e723 p.sw             x10, x0(x15)        x10:00000065 x15:00000000  PA:1a10f010
14713830ns          240584 1c008b14 00000513 addi             x10, x0, 0          x10=00000000
14713850ns          240585 1c008b16 00008067 jalr             x0, x1, 0            x1:1c008bbe
14713910ns          240588 1c008bbe 31f52563 p.beqimm         x10, 778            x10:00000000
14713929ns          240589 1c008bc2 001d8d93 addi             x27, x27, 1         x27=00000015 x27:00000014
14713949ns          240590 1c008bc4 00044503 lbu              x10, 0(x8)          x10=00000072  x8:1c00003a  PA:1c00003a
14714248ns          240605 1c008bc8 00140413 addi             x8, x8, 1            x8=1c00003b  x8:1c00003a
14714268ns          240606 1c008bca fe0514e3 bne              x10, x0, -24        x10:00000072
14714347ns          240610 1c008bb2 02500793 addi             x15, x0, 37         x15=00000025
14714367ns          240611 1c008bb6 04f50863 beq              x10, x15, 80        x10:00000072 x15:00000025
14714387ns          240612 1c008bba 01a005b3 add              x11, x0, x26        x11=00000002 x26:00000002
14714407ns          240613 1c008bbc 000b00e7 jalr             x1, x22, 0           x1=1c008bbe x22:1c008af0
14714447ns          240615 1c008af0 000026b7 lui              x13, 0x2000         x13=00002000
14714466ns          240616 1c008af2 f14027f3 csrrs            x15, x0, 0xf14      x15=00000002
14714486ns          240617 1c008af6 f8068693 addi             x13, x13, -128      x13=00001f80 x13:00002000
14714506ns          240618 1c008afa 00379713 slli             x14, x15, 0x3       x14=00000010 x15:00000002
14714526ns          240619 1c008afe 00279793 slli             x15, x15, 0x2       x15=00000008 x15:00000002
14714546ns          240620 1c008b00 00d7f7b3 and              x15, x15, x13       x15=00000000 x15:00000008 x13:00001f80
14714566ns          240621 1c008b02 ee873733 p.bclr           x14, x14, 23, 8     x14=00000010 x14:00000010
14714586ns          240622 1c008b06 1a10f6b7 lui              x13, 0x1a10f000     x13=1a10f000
14714606ns          240623 1c008b0a 0ff57513 andi             x10, x10, 255       x10=00000072 x10:00000072
14714626ns          240624 1c008b0e 00d70733 add              x14, x14, x13       x14=1a10f010 x14:00000010 x13:1a10f000
14714645ns          240625 1c008b10 00a7e723 p.sw             x10, x0(x15)        x10:00000072 x15:00000000  PA:1a10f010
14714964ns          240641 1c008b14 00000513 addi             x10, x0, 0          x10=00000000
14714984ns          240642 1c008b16 00008067 jalr             x0, x1, 0            x1:1c008bbe
14715043ns          240645 1c008bbe 31f52563 p.beqimm         x10, 778            x10:00000000
14715063ns          240646 1c008bc2 001d8d93 addi             x27, x27, 1         x27=00000016 x27:00000015
14715083ns          240647 1c008bc4 00044503 lbu              x10, 0(x8)          x10=00000061  x8:1c00003b  PA:1c00003b
14715381ns          240662 1c008bc8 00140413 addi             x8, x8, 1            x8=1c00003c  x8:1c00003b
14715401ns          240663 1c008bca fe0514e3 bne              x10, x0, -24        x10:00000061
14715481ns          240667 1c008bb2 02500793 addi             x15, x0, 37         x15=00000025
14715501ns          240668 1c008bb6 04f50863 beq              x10, x15, 80        x10:00000061 x15:00000025
14715521ns          240669 1c008bba 01a005b3 add              x11, x0, x26        x11=00000002 x26:00000002
14715541ns          240670 1c008bbc 000b00e7 jalr             x1, x22, 0           x1=1c008bbe x22:1c008af0
14715580ns          240672 1c008af0 000026b7 lui              x13, 0x2000         x13=00002000
14715600ns          240673 1c008af2 f14027f3 csrrs            x15, x0, 0xf14      x15=00000002
14715620ns          240674 1c008af6 f8068693 addi             x13, x13, -128      x13=00001f80 x13:00002000
14715640ns          240675 1c008afa 00379713 slli             x14, x15, 0x3       x14=00000010 x15:00000002
14715660ns          240676 1c008afe 00279793 slli             x15, x15, 0x2       x15=00000008 x15:00000002
14715680ns          240677 1c008b00 00d7f7b3 and              x15, x15, x13       x15=00000000 x15:00000008 x13:00001f80
14715700ns          240678 1c008b02 ee873733 p.bclr           x14, x14, 23, 8     x14=00000010 x14:00000010
14715720ns          240679 1c008b06 1a10f6b7 lui              x13, 0x1a10f000     x13=1a10f000
14715739ns          240680 1c008b0a 0ff57513 andi             x10, x10, 255       x10=00000061 x10:00000061
14715759ns          240681 1c008b0e 00d70733 add              x14, x14, x13       x14=1a10f010 x14:00000010 x13:1a10f000
14715779ns          240682 1c008b10 00a7e723 p.sw             x10, x0(x15)        x10:00000061 x15:00000000  PA:1a10f010
14716097ns          240698 1c008b14 00000513 addi             x10, x0, 0          x10=00000000
14716117ns          240699 1c008b16 00008067 jalr             x0, x1, 0            x1:1c008bbe
14716177ns          240702 1c008bbe 31f52563 p.beqimm         x10, 778            x10:00000000
14716197ns          240703 1c008bc2 001d8d93 addi             x27, x27, 1         x27=00000017 x27:00000016
14716217ns          240704 1c008bc4 00044503 lbu              x10, 0(x8)          x10=00000074  x8:1c00003c  PA:1c00003c
14716515ns          240719 1c008bc8 00140413 addi             x8, x8, 1            x8=1c00003d  x8:1c00003c
14716535ns          240720 1c008bca fe0514e3 bne              x10, x0, -24        x10:00000074
14716615ns          240724 1c008bb2 02500793 addi             x15, x0, 37         x15=00000025
14716635ns          240725 1c008bb6 04f50863 beq              x10, x15, 80        x10:00000074 x15:00000025
14716654ns          240726 1c008bba 01a005b3 add              x11, x0, x26        x11=00000002 x26:00000002
14716674ns          240727 1c008bbc 000b00e7 jalr             x1, x22, 0           x1=1c008bbe x22:1c008af0
14716714ns          240729 1c008af0 000026b7 lui              x13, 0x2000         x13=00002000
14716734ns          240730 1c008af2 f14027f3 csrrs            x15, x0, 0xf14      x15=00000002
14716754ns          240731 1c008af6 f8068693 addi             x13, x13, -128      x13=00001f80 x13:00002000
14716774ns          240732 1c008afa 00379713 slli             x14, x15, 0x3       x14=00000010 x15:00000002
14716794ns          240733 1c008afe 00279793 slli             x15, x15, 0x2       x15=00000008 x15:00000002
14716814ns          240734 1c008b00 00d7f7b3 and              x15, x15, x13       x15=00000000 x15:00000008 x13:00001f80
14716833ns          240735 1c008b02 ee873733 p.bclr           x14, x14, 23, 8     x14=00000010 x14:00000010
14716853ns          240736 1c008b06 1a10f6b7 lui              x13, 0x1a10f000     x13=1a10f000
14716873ns          240737 1c008b0a 0ff57513 andi             x10, x10, 255       x10=00000074 x10:00000074
14716893ns          240738 1c008b0e 00d70733 add              x14, x14, x13       x14=1a10f010 x14:00000010 x13:1a10f000
14716913ns          240739 1c008b10 00a7e723 p.sw             x10, x0(x15)        x10:00000074 x15:00000000  PA:1a10f010
14717251ns          240756 1c008b14 00000513 addi             x10, x0, 0          x10=00000000
14717271ns          240757 1c008b16 00008067 jalr             x0, x1, 0            x1:1c008bbe
14717331ns          240760 1c008bbe 31f52563 p.beqimm         x10, 778            x10:00000000
14717351ns          240761 1c008bc2 001d8d93 addi             x27, x27, 1         x27=00000018 x27:00000017
14717370ns          240762 1c008bc4 00044503 lbu              x10, 0(x8)          x10=00000069  x8:1c00003d  PA:1c00003d
14717669ns          240777 1c008bc8 00140413 addi             x8, x8, 1            x8=1c00003e  x8:1c00003d
14717689ns          240778 1c008bca fe0514e3 bne              x10, x0, -24        x10:00000069
14717768ns          240782 1c008bb2 02500793 addi             x15, x0, 37         x15=00000025
14717788ns          240783 1c008bb6 04f50863 beq              x10, x15, 80        x10:00000069 x15:00000025
14717808ns          240784 1c008bba 01a005b3 add              x11, x0, x26        x11=00000002 x26:00000002
14717828ns          240785 1c008bbc 000b00e7 jalr             x1, x22, 0           x1=1c008bbe x22:1c008af0
14717868ns          240787 1c008af0 000026b7 lui              x13, 0x2000         x13=00002000
14717888ns          240788 1c008af2 f14027f3 csrrs            x15, x0, 0xf14      x15=00000002
14717908ns          240789 1c008af6 f8068693 addi             x13, x13, -128      x13=00001f80 x13:00002000
14717927ns          240790 1c008afa 00379713 slli             x14, x15, 0x3       x14=00000010 x15:00000002
14717947ns          240791 1c008afe 00279793 slli             x15, x15, 0x2       x15=00000008 x15:00000002
14717967ns          240792 1c008b00 00d7f7b3 and              x15, x15, x13       x15=00000000 x15:00000008 x13:00001f80
14717987ns          240793 1c008b02 ee873733 p.bclr           x14, x14, 23, 8     x14=00000010 x14:00000010
14718007ns          240794 1c008b06 1a10f6b7 lui              x13, 0x1a10f000     x13=1a10f000
14718027ns          240795 1c008b0a 0ff57513 andi             x10, x10, 255       x10=00000069 x10:00000069
14718047ns          240796 1c008b0e 00d70733 add              x14, x14, x13       x14=1a10f010 x14:00000010 x13:1a10f000
14718067ns          240797 1c008b10 00a7e723 p.sw             x10, x0(x15)        x10:00000069 x15:00000000  PA:1a10f010
14718385ns          240813 1c008b14 00000513 addi             x10, x0, 0          x10=00000000
14718405ns          240814 1c008b16 00008067 jalr             x0, x1, 0            x1:1c008bbe
14718464ns          240817 1c008bbe 31f52563 p.beqimm         x10, 778            x10:00000000
14718484ns          240818 1c008bc2 001d8d93 addi             x27, x27, 1         x27=00000019 x27:00000018
14718504ns          240819 1c008bc4 00044503 lbu              x10, 0(x8)          x10=0000006f  x8:1c00003e  PA:1c00003e
14718803ns          240834 1c008bc8 00140413 addi             x8, x8, 1            x8=1c00003f  x8:1c00003e
14718823ns          240835 1c008bca fe0514e3 bne              x10, x0, -24        x10:0000006f
14718902ns          240839 1c008bb2 02500793 addi             x15, x0, 37         x15=00000025
14718922ns          240840 1c008bb6 04f50863 beq              x10, x15, 80        x10:0000006f x15:00000025
14718942ns          240841 1c008bba 01a005b3 add              x11, x0, x26        x11=00000002 x26:00000002
14718962ns          240842 1c008bbc 000b00e7 jalr             x1, x22, 0           x1=1c008bbe x22:1c008af0
14719002ns          240844 1c008af0 000026b7 lui              x13, 0x2000         x13=00002000
14719021ns          240845 1c008af2 f14027f3 csrrs            x15, x0, 0xf14      x15=00000002
14719041ns          240846 1c008af6 f8068693 addi             x13, x13, -128      x13=00001f80 x13:00002000
14719061ns          240847 1c008afa 00379713 slli             x14, x15, 0x3       x14=00000010 x15:00000002
14719081ns          240848 1c008afe 00279793 slli             x15, x15, 0x2       x15=00000008 x15:00000002
14719101ns          240849 1c008b00 00d7f7b3 and              x15, x15, x13       x15=00000000 x15:00000008 x13:00001f80
14719121ns          240850 1c008b02 ee873733 p.bclr           x14, x14, 23, 8     x14=00000010 x14:00000010
14719141ns          240851 1c008b06 1a10f6b7 lui              x13, 0x1a10f000     x13=1a10f000
14719161ns          240852 1c008b0a 0ff57513 andi             x10, x10, 255       x10=0000006f x10:0000006f
14719181ns          240853 1c008b0e 00d70733 add              x14, x14, x13       x14=1a10f010 x14:00000010 x13:1a10f000
14719200ns          240854 1c008b10 00a7e723 p.sw             x10, x0(x15)        x10:0000006f x15:00000000  PA:1a10f010
14719519ns          240870 1c008b14 00000513 addi             x10, x0, 0          x10=00000000
14719539ns          240871 1c008b16 00008067 jalr             x0, x1, 0            x1:1c008bbe
14719598ns          240874 1c008bbe 31f52563 p.beqimm         x10, 778            x10:00000000
14719618ns          240875 1c008bc2 001d8d93 addi             x27, x27, 1         x27=0000001a x27:00000019
14719638ns          240876 1c008bc4 00044503 lbu              x10, 0(x8)          x10=0000006e  x8:1c00003f  PA:1c00003f
14719936ns          240891 1c008bc8 00140413 addi             x8, x8, 1            x8=1c000040  x8:1c00003f
14719956ns          240892 1c008bca fe0514e3 bne              x10, x0, -24        x10:0000006e
14720036ns          240896 1c008bb2 02500793 addi             x15, x0, 37         x15=00000025
14720056ns          240897 1c008bb6 04f50863 beq              x10, x15, 80        x10:0000006e x15:00000025
14720076ns          240898 1c008bba 01a005b3 add              x11, x0, x26        x11=00000002 x26:00000002
14720096ns          240899 1c008bbc 000b00e7 jalr             x1, x22, 0           x1=1c008bbe x22:1c008af0
14720135ns          240901 1c008af0 000026b7 lui              x13, 0x2000         x13=00002000
14720155ns          240902 1c008af2 f14027f3 csrrs            x15, x0, 0xf14      x15=00000002
14720175ns          240903 1c008af6 f8068693 addi             x13, x13, -128      x13=00001f80 x13:00002000
14720195ns          240904 1c008afa 00379713 slli             x14, x15, 0x3       x14=00000010 x15:00000002
14720215ns          240905 1c008afe 00279793 slli             x15, x15, 0x2       x15=00000008 x15:00000002
14720235ns          240906 1c008b00 00d7f7b3 and              x15, x15, x13       x15=00000000 x15:00000008 x13:00001f80
14720255ns          240907 1c008b02 ee873733 p.bclr           x14, x14, 23, 8     x14=00000010 x14:00000010
14720275ns          240908 1c008b06 1a10f6b7 lui              x13, 0x1a10f000     x13=1a10f000
14720294ns          240909 1c008b0a 0ff57513 andi             x10, x10, 255       x10=0000006e x10:0000006e
14720314ns          240910 1c008b0e 00d70733 add              x14, x14, x13       x14=1a10f010 x14:00000010 x13:1a10f000
14720334ns          240911 1c008b10 00a7e723 p.sw             x10, x0(x15)        x10:0000006e x15:00000000  PA:1a10f010
14720672ns          240928 1c008b14 00000513 addi             x10, x0, 0          x10=00000000
14720692ns          240929 1c008b16 00008067 jalr             x0, x1, 0            x1:1c008bbe
14720752ns          240932 1c008bbe 31f52563 p.beqimm         x10, 778            x10:00000000
14720772ns          240933 1c008bc2 001d8d93 addi             x27, x27, 1         x27=0000001b x27:0000001a
14720792ns          240934 1c008bc4 00044503 lbu              x10, 0(x8)          x10=00000073  x8:1c000040  PA:1c000040
14721090ns          240949 1c008bc8 00140413 addi             x8, x8, 1            x8=1c000041  x8:1c000040
14721110ns          240950 1c008bca fe0514e3 bne              x10, x0, -24        x10:00000073
14721190ns          240954 1c008bb2 02500793 addi             x15, x0, 37         x15=00000025
14721209ns          240955 1c008bb6 04f50863 beq              x10, x15, 80        x10:00000073 x15:00000025
14721229ns          240956 1c008bba 01a005b3 add              x11, x0, x26        x11=00000002 x26:00000002
14721249ns          240957 1c008bbc 000b00e7 jalr             x1, x22, 0           x1=1c008bbe x22:1c008af0
14721289ns          240959 1c008af0 000026b7 lui              x13, 0x2000         x13=00002000
14721309ns          240960 1c008af2 f14027f3 csrrs            x15, x0, 0xf14      x15=00000002
14721329ns          240961 1c008af6 f8068693 addi             x13, x13, -128      x13=00001f80 x13:00002000
14721349ns          240962 1c008afa 00379713 slli             x14, x15, 0x3       x14=00000010 x15:00000002
14721369ns          240963 1c008afe 00279793 slli             x15, x15, 0x2       x15=00000008 x15:00000002
14721388ns          240964 1c008b00 00d7f7b3 and              x15, x15, x13       x15=00000000 x15:00000008 x13:00001f80
14721408ns          240965 1c008b02 ee873733 p.bclr           x14, x14, 23, 8     x14=00000010 x14:00000010
14721428ns          240966 1c008b06 1a10f6b7 lui              x13, 0x1a10f000     x13=1a10f000
14721448ns          240967 1c008b0a 0ff57513 andi             x10, x10, 255       x10=00000073 x10:00000073
14721468ns          240968 1c008b0e 00d70733 add              x14, x14, x13       x14=1a10f010 x14:00000010 x13:1a10f000
14721488ns          240969 1c008b10 00a7e723 p.sw             x10, x0(x15)        x10:00000073 x15:00000000  PA:1a10f010
14721826ns          240986 1c008b14 00000513 addi             x10, x0, 0          x10=00000000
14721846ns          240987 1c008b16 00008067 jalr             x0, x1, 0            x1:1c008bbe
14721906ns          240990 1c008bbe 31f52563 p.beqimm         x10, 778            x10:00000000
14721925ns          240991 1c008bc2 001d8d93 addi             x27, x27, 1         x27=0000001c x27:0000001b
14721945ns          240992 1c008bc4 00044503 lbu              x10, 0(x8)          x10=0000002e  x8:1c000041  PA:1c000041
14722244ns          241007 1c008bc8 00140413 addi             x8, x8, 1            x8=1c000042  x8:1c000041
14722264ns          241008 1c008bca fe0514e3 bne              x10, x0, -24        x10:0000002e
14722343ns          241012 1c008bb2 02500793 addi             x15, x0, 37         x15=00000025
14722363ns          241013 1c008bb6 04f50863 beq              x10, x15, 80        x10:0000002e x15:00000025
14722383ns          241014 1c008bba 01a005b3 add              x11, x0, x26        x11=00000002 x26:00000002
14722403ns          241015 1c008bbc 000b00e7 jalr             x1, x22, 0           x1=1c008bbe x22:1c008af0
14722443ns          241017 1c008af0 000026b7 lui              x13, 0x2000         x13=00002000
14722463ns          241018 1c008af2 f14027f3 csrrs            x15, x0, 0xf14      x15=00000002
14722482ns          241019 1c008af6 f8068693 addi             x13, x13, -128      x13=00001f80 x13:00002000
14722502ns          241020 1c008afa 00379713 slli             x14, x15, 0x3       x14=00000010 x15:00000002
14722522ns          241021 1c008afe 00279793 slli             x15, x15, 0x2       x15=00000008 x15:00000002
14722542ns          241022 1c008b00 00d7f7b3 and              x15, x15, x13       x15=00000000 x15:00000008 x13:00001f80
14722562ns          241023 1c008b02 ee873733 p.bclr           x14, x14, 23, 8     x14=00000010 x14:00000010
14722582ns          241024 1c008b06 1a10f6b7 lui              x13, 0x1a10f000     x13=1a10f000
14722602ns          241025 1c008b0a 0ff57513 andi             x10, x10, 255       x10=0000002e x10:0000002e
14722622ns          241026 1c008b0e 00d70733 add              x14, x14, x13       x14=1a10f010 x14:00000010 x13:1a10f000
14722642ns          241027 1c008b10 00a7e723 p.sw             x10, x0(x15)        x10:0000002e x15:00000000  PA:1a10f010
14722960ns          241043 1c008b14 00000513 addi             x10, x0, 0          x10=00000000
14722980ns          241044 1c008b16 00008067 jalr             x0, x1, 0            x1:1c008bbe
14723039ns          241047 1c008bbe 31f52563 p.beqimm         x10, 778            x10:00000000
14723059ns          241048 1c008bc2 001d8d93 addi             x27, x27, 1         x27=0000001d x27:0000001c
14723079ns          241049 1c008bc4 00044503 lbu              x10, 0(x8)          x10=0000002e  x8:1c000042  PA:1c000042
14723378ns          241064 1c008bc8 00140413 addi             x8, x8, 1            x8=1c000043  x8:1c000042
14723397ns          241065 1c008bca fe0514e3 bne              x10, x0, -24        x10:0000002e
14723477ns          241069 1c008bb2 02500793 addi             x15, x0, 37         x15=00000025
14723497ns          241070 1c008bb6 04f50863 beq              x10, x15, 80        x10:0000002e x15:00000025
14723517ns          241071 1c008bba 01a005b3 add              x11, x0, x26        x11=00000002 x26:00000002
14723537ns          241072 1c008bbc 000b00e7 jalr             x1, x22, 0           x1=1c008bbe x22:1c008af0
14723576ns          241074 1c008af0 000026b7 lui              x13, 0x2000         x13=00002000
14723596ns          241075 1c008af2 f14027f3 csrrs            x15, x0, 0xf14      x15=00000002
14723616ns          241076 1c008af6 f8068693 addi             x13, x13, -128      x13=00001f80 x13:00002000
14723636ns          241077 1c008afa 00379713 slli             x14, x15, 0x3       x14=00000010 x15:00000002
14723656ns          241078 1c008afe 00279793 slli             x15, x15, 0x2       x15=00000008 x15:00000002
14723676ns          241079 1c008b00 00d7f7b3 and              x15, x15, x13       x15=00000000 x15:00000008 x13:00001f80
14723696ns          241080 1c008b02 ee873733 p.bclr           x14, x14, 23, 8     x14=00000010 x14:00000010
14723716ns          241081 1c008b06 1a10f6b7 lui              x13, 0x1a10f000     x13=1a10f000
14723736ns          241082 1c008b0a 0ff57513 andi             x10, x10, 255       x10=0000002e x10:0000002e
14723755ns          241083 1c008b0e 00d70733 add              x14, x14, x13       x14=1a10f010 x14:00000010 x13:1a10f000
14723775ns          241084 1c008b10 00a7e723 p.sw             x10, x0(x15)        x10:0000002e x15:00000000  PA:1a10f010
14724094ns          241100 1c008b14 00000513 addi             x10, x0, 0          x10=00000000
14724113ns          241101 1c008b16 00008067 jalr             x0, x1, 0            x1:1c008bbe
14724173ns          241104 1c008bbe 31f52563 p.beqimm         x10, 778            x10:00000000
14724193ns          241105 1c008bc2 001d8d93 addi             x27, x27, 1         x27=0000001e x27:0000001d
14724213ns          241106 1c008bc4 00044503 lbu              x10, 0(x8)          x10=0000002e  x8:1c000043  PA:1c000043
14724511ns          241121 1c008bc8 00140413 addi             x8, x8, 1            x8=1c000044  x8:1c000043
14724531ns          241122 1c008bca fe0514e3 bne              x10, x0, -24        x10:0000002e
14724611ns          241126 1c008bb2 02500793 addi             x15, x0, 37         x15=00000025
14724631ns          241127 1c008bb6 04f50863 beq              x10, x15, 80        x10:0000002e x15:00000025
14724651ns          241128 1c008bba 01a005b3 add              x11, x0, x26        x11=00000002 x26:00000002
14724670ns          241129 1c008bbc 000b00e7 jalr             x1, x22, 0           x1=1c008bbe x22:1c008af0
14724710ns          241131 1c008af0 000026b7 lui              x13, 0x2000         x13=00002000
14724730ns          241132 1c008af2 f14027f3 csrrs            x15, x0, 0xf14      x15=00000002
14724750ns          241133 1c008af6 f8068693 addi             x13, x13, -128      x13=00001f80 x13:00002000
14724770ns          241134 1c008afa 00379713 slli             x14, x15, 0x3       x14=00000010 x15:00000002
14724790ns          241135 1c008afe 00279793 slli             x15, x15, 0x2       x15=00000008 x15:00000002
14724810ns          241136 1c008b00 00d7f7b3 and              x15, x15, x13       x15=00000000 x15:00000008 x13:00001f80
14724830ns          241137 1c008b02 ee873733 p.bclr           x14, x14, 23, 8     x14=00000010 x14:00000010
14724849ns          241138 1c008b06 1a10f6b7 lui              x13, 0x1a10f000     x13=1a10f000
14724869ns          241139 1c008b0a 0ff57513 andi             x10, x10, 255       x10=0000002e x10:0000002e
14724889ns          241140 1c008b0e 00d70733 add              x14, x14, x13       x14=1a10f010 x14:00000010 x13:1a10f000
14724909ns          241141 1c008b10 00a7e723 p.sw             x10, x0(x15)        x10:0000002e x15:00000000  PA:1a10f010
14725247ns          241158 1c008b14 00000513 addi             x10, x0, 0          x10=00000000
14725267ns          241159 1c008b16 00008067 jalr             x0, x1, 0            x1:1c008bbe
14725327ns          241162 1c008bbe 31f52563 p.beqimm         x10, 778            x10:00000000
14725347ns          241163 1c008bc2 001d8d93 addi             x27, x27, 1         x27=0000001f x27:0000001e
14725367ns          241164 1c008bc4 00044503 lbu              x10, 0(x8)          x10=00000020  x8:1c000044  PA:1c000044
14725665ns          241179 1c008bc8 00140413 addi             x8, x8, 1            x8=1c000045  x8:1c000044
14725685ns          241180 1c008bca fe0514e3 bne              x10, x0, -24        x10:00000020
14725764ns          241184 1c008bb2 02500793 addi             x15, x0, 37         x15=00000025
14725784ns          241185 1c008bb6 04f50863 beq              x10, x15, 80        x10:00000020 x15:00000025
14725804ns          241186 1c008bba 01a005b3 add              x11, x0, x26        x11=00000002 x26:00000002
14725824ns          241187 1c008bbc 000b00e7 jalr             x1, x22, 0           x1=1c008bbe x22:1c008af0
14725864ns          241189 1c008af0 000026b7 lui              x13, 0x2000         x13=00002000
14725884ns          241190 1c008af2 f14027f3 csrrs            x15, x0, 0xf14      x15=00000002
14725904ns          241191 1c008af6 f8068693 addi             x13, x13, -128      x13=00001f80 x13:00002000
14725924ns          241192 1c008afa 00379713 slli             x14, x15, 0x3       x14=00000010 x15:00000002
14725943ns          241193 1c008afe 00279793 slli             x15, x15, 0x2       x15=00000008 x15:00000002
14725963ns          241194 1c008b00 00d7f7b3 and              x15, x15, x13       x15=00000000 x15:00000008 x13:00001f80
14725983ns          241195 1c008b02 ee873733 p.bclr           x14, x14, 23, 8     x14=00000010 x14:00000010
14726003ns          241196 1c008b06 1a10f6b7 lui              x13, 0x1a10f000     x13=1a10f000
14726023ns          241197 1c008b0a 0ff57513 andi             x10, x10, 255       x10=00000020 x10:00000020
14726043ns          241198 1c008b0e 00d70733 add              x14, x14, x13       x14=1a10f010 x14:00000010 x13:1a10f000
14726063ns          241199 1c008b10 00a7e723 p.sw             x10, x0(x15)        x10:00000020 x15:00000000  PA:1a10f010
14726381ns          241215 1c008b14 00000513 addi             x10, x0, 0          x10=00000000
14726401ns          241216 1c008b16 00008067 jalr             x0, x1, 0            x1:1c008bbe
14726461ns          241219 1c008bbe 31f52563 p.beqimm         x10, 778            x10:00000000
14726480ns          241220 1c008bc2 001d8d93 addi             x27, x27, 1         x27=00000020 x27:0000001f
14726500ns          241221 1c008bc4 00044503 lbu              x10, 0(x8)          x10=00000028  x8:1c000045  PA:1c000045
14726799ns          241236 1c008bc8 00140413 addi             x8, x8, 1            x8=1c000046  x8:1c000045
14726819ns          241237 1c008bca fe0514e3 bne              x10, x0, -24        x10:00000028
14726898ns          241241 1c008bb2 02500793 addi             x15, x0, 37         x15=00000025
14726918ns          241242 1c008bb6 04f50863 beq              x10, x15, 80        x10:00000028 x15:00000025
14726938ns          241243 1c008bba 01a005b3 add              x11, x0, x26        x11=00000002 x26:00000002
14726958ns          241244 1c008bbc 000b00e7 jalr             x1, x22, 0           x1=1c008bbe x22:1c008af0
14726998ns          241246 1c008af0 000026b7 lui              x13, 0x2000         x13=00002000
14727018ns          241247 1c008af2 f14027f3 csrrs            x15, x0, 0xf14      x15=00000002
14727037ns          241248 1c008af6 f8068693 addi             x13, x13, -128      x13=00001f80 x13:00002000
14727057ns          241249 1c008afa 00379713 slli             x14, x15, 0x3       x14=00000010 x15:00000002
14727077ns          241250 1c008afe 00279793 slli             x15, x15, 0x2       x15=00000008 x15:00000002
14727097ns          241251 1c008b00 00d7f7b3 and              x15, x15, x13       x15=00000000 x15:00000008 x13:00001f80
14727117ns          241252 1c008b02 ee873733 p.bclr           x14, x14, 23, 8     x14=00000010 x14:00000010
14727137ns          241253 1c008b06 1a10f6b7 lui              x13, 0x1a10f000     x13=1a10f000
14727157ns          241254 1c008b0a 0ff57513 andi             x10, x10, 255       x10=00000028 x10:00000028
14727177ns          241255 1c008b0e 00d70733 add              x14, x14, x13       x14=1a10f010 x14:00000010 x13:1a10f000
14727197ns          241256 1c008b10 00a7e723 p.sw             x10, x0(x15)        x10:00000028 x15:00000000  PA:1a10f010
14727515ns          241272 1c008b14 00000513 addi             x10, x0, 0          x10=00000000
14727535ns          241273 1c008b16 00008067 jalr             x0, x1, 0            x1:1c008bbe
14727594ns          241276 1c008bbe 31f52563 p.beqimm         x10, 778            x10:00000000
14727614ns          241277 1c008bc2 001d8d93 addi             x27, x27, 1         x27=00000021 x27:00000020
14727634ns          241278 1c008bc4 00044503 lbu              x10, 0(x8)          x10=00000063  x8:1c000046  PA:1c000046
14727932ns          241293 1c008bc8 00140413 addi             x8, x8, 1            x8=1c000047  x8:1c000046
14727952ns          241294 1c008bca fe0514e3 bne              x10, x0, -24        x10:00000063
14728032ns          241298 1c008bb2 02500793 addi             x15, x0, 37         x15=00000025
14728052ns          241299 1c008bb6 04f50863 beq              x10, x15, 80        x10:00000063 x15:00000025
14728072ns          241300 1c008bba 01a005b3 add              x11, x0, x26        x11=00000002 x26:00000002
14728092ns          241301 1c008bbc 000b00e7 jalr             x1, x22, 0           x1=1c008bbe x22:1c008af0
14728131ns          241303 1c008af0 000026b7 lui              x13, 0x2000         x13=00002000
14728151ns          241304 1c008af2 f14027f3 csrrs            x15, x0, 0xf14      x15=00000002
14728171ns          241305 1c008af6 f8068693 addi             x13, x13, -128      x13=00001f80 x13:00002000
14728191ns          241306 1c008afa 00379713 slli             x14, x15, 0x3       x14=00000010 x15:00000002
14728211ns          241307 1c008afe 00279793 slli             x15, x15, 0x2       x15=00000008 x15:00000002
14728231ns          241308 1c008b00 00d7f7b3 and              x15, x15, x13       x15=00000000 x15:00000008 x13:00001f80
14728251ns          241309 1c008b02 ee873733 p.bclr           x14, x14, 23, 8     x14=00000010 x14:00000010
14728271ns          241310 1c008b06 1a10f6b7 lui              x13, 0x1a10f000     x13=1a10f000
14728291ns          241311 1c008b0a 0ff57513 andi             x10, x10, 255       x10=00000063 x10:00000063
14728310ns          241312 1c008b0e 00d70733 add              x14, x14, x13       x14=1a10f010 x14:00000010 x13:1a10f000
14728330ns          241313 1c008b10 00a7e723 p.sw             x10, x0(x15)        x10:00000063 x15:00000000  PA:1a10f010
14728668ns          241330 1c008b14 00000513 addi             x10, x0, 0          x10=00000000
14728688ns          241331 1c008b16 00008067 jalr             x0, x1, 0            x1:1c008bbe
14728748ns          241334 1c008bbe 31f52563 p.beqimm         x10, 778            x10:00000000
14728768ns          241335 1c008bc2 001d8d93 addi             x27, x27, 1         x27=00000022 x27:00000021
14728788ns          241336 1c008bc4 00044503 lbu              x10, 0(x8)          x10=0000006f  x8:1c000047  PA:1c000047
14729086ns          241351 1c008bc8 00140413 addi             x8, x8, 1            x8=1c000048  x8:1c000047
14729106ns          241352 1c008bca fe0514e3 bne              x10, x0, -24        x10:0000006f
14729186ns          241356 1c008bb2 02500793 addi             x15, x0, 37         x15=00000025
14729205ns          241357 1c008bb6 04f50863 beq              x10, x15, 80        x10:0000006f x15:00000025
14729225ns          241358 1c008bba 01a005b3 add              x11, x0, x26        x11=00000002 x26:00000002
14729245ns          241359 1c008bbc 000b00e7 jalr             x1, x22, 0           x1=1c008bbe x22:1c008af0
14729285ns          241361 1c008af0 000026b7 lui              x13, 0x2000         x13=00002000
14729305ns          241362 1c008af2 f14027f3 csrrs            x15, x0, 0xf14      x15=00000002
14729325ns          241363 1c008af6 f8068693 addi             x13, x13, -128      x13=00001f80 x13:00002000
14729345ns          241364 1c008afa 00379713 slli             x14, x15, 0x3       x14=00000010 x15:00000002
14729365ns          241365 1c008afe 00279793 slli             x15, x15, 0x2       x15=00000008 x15:00000002
14729385ns          241366 1c008b00 00d7f7b3 and              x15, x15, x13       x15=00000000 x15:00000008 x13:00001f80
14729404ns          241367 1c008b02 ee873733 p.bclr           x14, x14, 23, 8     x14=00000010 x14:00000010
14729424ns          241368 1c008b06 1a10f6b7 lui              x13, 0x1a10f000     x13=1a10f000
14729444ns          241369 1c008b0a 0ff57513 andi             x10, x10, 255       x10=0000006f x10:0000006f
14729464ns          241370 1c008b0e 00d70733 add              x14, x14, x13       x14=1a10f010 x14:00000010 x13:1a10f000
14729484ns          241371 1c008b10 00a7e723 p.sw             x10, x0(x15)        x10:0000006f x15:00000000  PA:1a10f010
14729822ns          241388 1c008b14 00000513 addi             x10, x0, 0          x10=00000000
14729842ns          241389 1c008b16 00008067 jalr             x0, x1, 0            x1:1c008bbe
14729902ns          241392 1c008bbe 31f52563 p.beqimm         x10, 778            x10:00000000
14729922ns          241393 1c008bc2 001d8d93 addi             x27, x27, 1         x27=00000023 x27:00000022
14729941ns          241394 1c008bc4 00044503 lbu              x10, 0(x8)          x10=00000072  x8:1c000048  PA:1c000048
14730240ns          241409 1c008bc8 00140413 addi             x8, x8, 1            x8=1c000049  x8:1c000048
14730260ns          241410 1c008bca fe0514e3 bne              x10, x0, -24        x10:00000072
14730339ns          241414 1c008bb2 02500793 addi             x15, x0, 37         x15=00000025
14730359ns          241415 1c008bb6 04f50863 beq              x10, x15, 80        x10:00000072 x15:00000025
14730379ns          241416 1c008bba 01a005b3 add              x11, x0, x26        x11=00000002 x26:00000002
14730399ns          241417 1c008bbc 000b00e7 jalr             x1, x22, 0           x1=1c008bbe x22:1c008af0
14730439ns          241419 1c008af0 000026b7 lui              x13, 0x2000         x13=00002000
14730459ns          241420 1c008af2 f14027f3 csrrs            x15, x0, 0xf14      x15=00000002
14730478ns          241421 1c008af6 f8068693 addi             x13, x13, -128      x13=00001f80 x13:00002000
14730498ns          241422 1c008afa 00379713 slli             x14, x15, 0x3       x14=00000010 x15:00000002
14730518ns          241423 1c008afe 00279793 slli             x15, x15, 0x2       x15=00000008 x15:00000002
14730538ns          241424 1c008b00 00d7f7b3 and              x15, x15, x13       x15=00000000 x15:00000008 x13:00001f80
14730558ns          241425 1c008b02 ee873733 p.bclr           x14, x14, 23, 8     x14=00000010 x14:00000010
14730578ns          241426 1c008b06 1a10f6b7 lui              x13, 0x1a10f000     x13=1a10f000
14730598ns          241427 1c008b0a 0ff57513 andi             x10, x10, 255       x10=00000072 x10:00000072
14730618ns          241428 1c008b0e 00d70733 add              x14, x14, x13       x14=1a10f010 x14:00000010 x13:1a10f000
14730638ns          241429 1c008b10 00a7e723 p.sw             x10, x0(x15)        x10:00000072 x15:00000000  PA:1a10f010
14730956ns          241445 1c008b14 00000513 addi             x10, x0, 0          x10=00000000
14730976ns          241446 1c008b16 00008067 jalr             x0, x1, 0            x1:1c008bbe
14731035ns          241449 1c008bbe 31f52563 p.beqimm         x10, 778            x10:00000000
14731055ns          241450 1c008bc2 001d8d93 addi             x27, x27, 1         x27=00000024 x27:00000023
14731075ns          241451 1c008bc4 00044503 lbu              x10, 0(x8)          x10=00000065  x8:1c000049  PA:1c000049
14731374ns          241466 1c008bc8 00140413 addi             x8, x8, 1            x8=1c00004a  x8:1c000049
14731393ns          241467 1c008bca fe0514e3 bne              x10, x0, -24        x10:00000065
14731473ns          241471 1c008bb2 02500793 addi             x15, x0, 37         x15=00000025
14731493ns          241472 1c008bb6 04f50863 beq              x10, x15, 80        x10:00000065 x15:00000025
14731513ns          241473 1c008bba 01a005b3 add              x11, x0, x26        x11=00000002 x26:00000002
14731533ns          241474 1c008bbc 000b00e7 jalr             x1, x22, 0           x1=1c008bbe x22:1c008af0
14731572ns          241476 1c008af0 000026b7 lui              x13, 0x2000         x13=00002000
14731592ns          241477 1c008af2 f14027f3 csrrs            x15, x0, 0xf14      x15=00000002
14731612ns          241478 1c008af6 f8068693 addi             x13, x13, -128      x13=00001f80 x13:00002000
14731632ns          241479 1c008afa 00379713 slli             x14, x15, 0x3       x14=00000010 x15:00000002
14731652ns          241480 1c008afe 00279793 slli             x15, x15, 0x2       x15=00000008 x15:00000002
14731672ns          241481 1c008b00 00d7f7b3 and              x15, x15, x13       x15=00000000 x15:00000008 x13:00001f80
14731692ns          241482 1c008b02 ee873733 p.bclr           x14, x14, 23, 8     x14=00000010 x14:00000010
14731712ns          241483 1c008b06 1a10f6b7 lui              x13, 0x1a10f000     x13=1a10f000
14731732ns          241484 1c008b0a 0ff57513 andi             x10, x10, 255       x10=00000065 x10:00000065
14731752ns          241485 1c008b0e 00d70733 add              x14, x14, x13       x14=1a10f010 x14:00000010 x13:1a10f000
14731771ns          241486 1c008b10 00a7e723 p.sw             x10, x0(x15)        x10:00000065 x15:00000000  PA:1a10f010
14732090ns          241502 1c008b14 00000513 addi             x10, x0, 0          x10=00000000
14732110ns          241503 1c008b16 00008067 jalr             x0, x1, 0            x1:1c008bbe
14732169ns          241506 1c008bbe 31f52563 p.beqimm         x10, 778            x10:00000000
14732189ns          241507 1c008bc2 001d8d93 addi             x27, x27, 1         x27=00000025 x27:00000024
14732209ns          241508 1c008bc4 00044503 lbu              x10, 0(x8)          x10=00000069  x8:1c00004a  PA:1c00004a
14732507ns          241523 1c008bc8 00140413 addi             x8, x8, 1            x8=1c00004b  x8:1c00004a
14732527ns          241524 1c008bca fe0514e3 bne              x10, x0, -24        x10:00000069
14732607ns          241528 1c008bb2 02500793 addi             x15, x0, 37         x15=00000025
14732627ns          241529 1c008bb6 04f50863 beq              x10, x15, 80        x10:00000069 x15:00000025
14732647ns          241530 1c008bba 01a005b3 add              x11, x0, x26        x11=00000002 x26:00000002
14732666ns          241531 1c008bbc 000b00e7 jalr             x1, x22, 0           x1=1c008bbe x22:1c008af0
14732706ns          241533 1c008af0 000026b7 lui              x13, 0x2000         x13=00002000
14732726ns          241534 1c008af2 f14027f3 csrrs            x15, x0, 0xf14      x15=00000002
14732746ns          241535 1c008af6 f8068693 addi             x13, x13, -128      x13=00001f80 x13:00002000
14732766ns          241536 1c008afa 00379713 slli             x14, x15, 0x3       x14=00000010 x15:00000002
14732786ns          241537 1c008afe 00279793 slli             x15, x15, 0x2       x15=00000008 x15:00000002
14732806ns          241538 1c008b00 00d7f7b3 and              x15, x15, x13       x15=00000000 x15:00000008 x13:00001f80
14732826ns          241539 1c008b02 ee873733 p.bclr           x14, x14, 23, 8     x14=00000010 x14:00000010
14732845ns          241540 1c008b06 1a10f6b7 lui              x13, 0x1a10f000     x13=1a10f000
14732865ns          241541 1c008b0a 0ff57513 andi             x10, x10, 255       x10=00000069 x10:00000069
14732885ns          241542 1c008b0e 00d70733 add              x14, x14, x13       x14=1a10f010 x14:00000010 x13:1a10f000
14732905ns          241543 1c008b10 00a7e723 p.sw             x10, x0(x15)        x10:00000069 x15:00000000  PA:1a10f010
14733243ns          241560 1c008b14 00000513 addi             x10, x0, 0          x10=00000000
14733263ns          241561 1c008b16 00008067 jalr             x0, x1, 0            x1:1c008bbe
14733323ns          241564 1c008bbe 31f52563 p.beqimm         x10, 778            x10:00000000
14733343ns          241565 1c008bc2 001d8d93 addi             x27, x27, 1         x27=00000026 x27:00000025
14733363ns          241566 1c008bc4 00044503 lbu              x10, 0(x8)          x10=00000064  x8:1c00004b  PA:1c00004b
14733681ns          241582 1c008bc8 00140413 addi             x8, x8, 1            x8=1c00004c  x8:1c00004b
14733701ns          241583 1c008bca fe0514e3 bne              x10, x0, -24        x10:00000064
14733780ns          241587 1c008bb2 02500793 addi             x15, x0, 37         x15=00000025
14733800ns          241588 1c008bb6 04f50863 beq              x10, x15, 80        x10:00000064 x15:00000025
14733820ns          241589 1c008bba 01a005b3 add              x11, x0, x26        x11=00000002 x26:00000002
14733840ns          241590 1c008bbc 000b00e7 jalr             x1, x22, 0           x1=1c008bbe x22:1c008af0
14733880ns          241592 1c008af0 000026b7 lui              x13, 0x2000         x13=00002000
14733900ns          241593 1c008af2 f14027f3 csrrs            x15, x0, 0xf14      x15=00000002
14733920ns          241594 1c008af6 f8068693 addi             x13, x13, -128      x13=00001f80 x13:00002000
14733939ns          241595 1c008afa 00379713 slli             x14, x15, 0x3       x14=00000010 x15:00000002
14733959ns          241596 1c008afe 00279793 slli             x15, x15, 0x2       x15=00000008 x15:00000002
14733979ns          241597 1c008b00 00d7f7b3 and              x15, x15, x13       x15=00000000 x15:00000008 x13:00001f80
14733999ns          241598 1c008b02 ee873733 p.bclr           x14, x14, 23, 8     x14=00000010 x14:00000010
14734019ns          241599 1c008b06 1a10f6b7 lui              x13, 0x1a10f000     x13=1a10f000
14734039ns          241600 1c008b0a 0ff57513 andi             x10, x10, 255       x10=00000064 x10:00000064
14734059ns          241601 1c008b0e 00d70733 add              x14, x14, x13       x14=1a10f010 x14:00000010 x13:1a10f000
14734079ns          241602 1c008b10 00a7e723 p.sw             x10, x0(x15)        x10:00000064 x15:00000000  PA:1a10f010
14734397ns          241618 1c008b14 00000513 addi             x10, x0, 0          x10=00000000
14734417ns          241619 1c008b16 00008067 jalr             x0, x1, 0            x1:1c008bbe
14734477ns          241622 1c008bbe 31f52563 p.beqimm         x10, 778            x10:00000000
14734496ns          241623 1c008bc2 001d8d93 addi             x27, x27, 1         x27=00000027 x27:00000026
14734516ns          241624 1c008bc4 00044503 lbu              x10, 0(x8)          x10=00000020  x8:1c00004c  PA:1c00004c
14734815ns          241639 1c008bc8 00140413 addi             x8, x8, 1            x8=1c00004d  x8:1c00004c
14734835ns          241640 1c008bca fe0514e3 bne              x10, x0, -24        x10:00000020
14734914ns          241644 1c008bb2 02500793 addi             x15, x0, 37         x15=00000025
14734934ns          241645 1c008bb6 04f50863 beq              x10, x15, 80        x10:00000020 x15:00000025
14734954ns          241646 1c008bba 01a005b3 add              x11, x0, x26        x11=00000002 x26:00000002
14734974ns          241647 1c008bbc 000b00e7 jalr             x1, x22, 0           x1=1c008bbe x22:1c008af0
14735014ns          241649 1c008af0 000026b7 lui              x13, 0x2000         x13=00002000
14735033ns          241650 1c008af2 f14027f3 csrrs            x15, x0, 0xf14      x15=00000002
14735053ns          241651 1c008af6 f8068693 addi             x13, x13, -128      x13=00001f80 x13:00002000
14735073ns          241652 1c008afa 00379713 slli             x14, x15, 0x3       x14=00000010 x15:00000002
14735093ns          241653 1c008afe 00279793 slli             x15, x15, 0x2       x15=00000008 x15:00000002
14735113ns          241654 1c008b00 00d7f7b3 and              x15, x15, x13       x15=00000000 x15:00000008 x13:00001f80
14735133ns          241655 1c008b02 ee873733 p.bclr           x14, x14, 23, 8     x14=00000010 x14:00000010
14735153ns          241656 1c008b06 1a10f6b7 lui              x13, 0x1a10f000     x13=1a10f000
14735173ns          241657 1c008b0a 0ff57513 andi             x10, x10, 255       x10=00000020 x10:00000020
14735193ns          241658 1c008b0e 00d70733 add              x14, x14, x13       x14=1a10f010 x14:00000010 x13:1a10f000
14735212ns          241659 1c008b10 00a7e723 p.sw             x10, x0(x15)        x10:00000020 x15:00000000  PA:1a10f010
14735531ns          241675 1c008b14 00000513 addi             x10, x0, 0          x10=00000000
14735551ns          241676 1c008b16 00008067 jalr             x0, x1, 0            x1:1c008bbe
14735610ns          241679 1c008bbe 31f52563 p.beqimm         x10, 778            x10:00000000
14735630ns          241680 1c008bc2 001d8d93 addi             x27, x27, 1         x27=00000028 x27:00000027
14735650ns          241681 1c008bc4 00044503 lbu              x10, 0(x8)          x10=0000003d  x8:1c00004d  PA:1c00004d
14735948ns          241696 1c008bc8 00140413 addi             x8, x8, 1            x8=1c00004e  x8:1c00004d
14735968ns          241697 1c008bca fe0514e3 bne              x10, x0, -24        x10:0000003d
14736048ns          241701 1c008bb2 02500793 addi             x15, x0, 37         x15=00000025
14736068ns          241702 1c008bb6 04f50863 beq              x10, x15, 80        x10:0000003d x15:00000025
14736088ns          241703 1c008bba 01a005b3 add              x11, x0, x26        x11=00000002 x26:00000002
14736108ns          241704 1c008bbc 000b00e7 jalr             x1, x22, 0           x1=1c008bbe x22:1c008af0
14736147ns          241706 1c008af0 000026b7 lui              x13, 0x2000         x13=00002000
14736167ns          241707 1c008af2 f14027f3 csrrs            x15, x0, 0xf14      x15=00000002
14736187ns          241708 1c008af6 f8068693 addi             x13, x13, -128      x13=00001f80 x13:00002000
14736207ns          241709 1c008afa 00379713 slli             x14, x15, 0x3       x14=00000010 x15:00000002
14736227ns          241710 1c008afe 00279793 slli             x15, x15, 0x2       x15=00000008 x15:00000002
14736247ns          241711 1c008b00 00d7f7b3 and              x15, x15, x13       x15=00000000 x15:00000008 x13:00001f80
14736267ns          241712 1c008b02 ee873733 p.bclr           x14, x14, 23, 8     x14=00000010 x14:00000010
14736287ns          241713 1c008b06 1a10f6b7 lui              x13, 0x1a10f000     x13=1a10f000
14736306ns          241714 1c008b0a 0ff57513 andi             x10, x10, 255       x10=0000003d x10:0000003d
14736326ns          241715 1c008b0e 00d70733 add              x14, x14, x13       x14=1a10f010 x14:00000010 x13:1a10f000
14736346ns          241716 1c008b10 00a7e723 p.sw             x10, x0(x15)        x10:0000003d x15:00000000  PA:1a10f010
14736665ns          241732 1c008b14 00000513 addi             x10, x0, 0          x10=00000000
14736684ns          241733 1c008b16 00008067 jalr             x0, x1, 0            x1:1c008bbe
14736744ns          241736 1c008bbe 31f52563 p.beqimm         x10, 778            x10:00000000
14736764ns          241737 1c008bc2 001d8d93 addi             x27, x27, 1         x27=00000029 x27:00000028
14736784ns          241738 1c008bc4 00044503 lbu              x10, 0(x8)          x10=00000020  x8:1c00004e  PA:1c00004e
14737082ns          241753 1c008bc8 00140413 addi             x8, x8, 1            x8=1c00004f  x8:1c00004e
14737102ns          241754 1c008bca fe0514e3 bne              x10, x0, -24        x10:00000020
14737182ns          241758 1c008bb2 02500793 addi             x15, x0, 37         x15=00000025
14737202ns          241759 1c008bb6 04f50863 beq              x10, x15, 80        x10:00000020 x15:00000025
14737221ns          241760 1c008bba 01a005b3 add              x11, x0, x26        x11=00000002 x26:00000002
14737241ns          241761 1c008bbc 000b00e7 jalr             x1, x22, 0           x1=1c008bbe x22:1c008af0
14737281ns          241763 1c008af0 000026b7 lui              x13, 0x2000         x13=00002000
14737301ns          241764 1c008af2 f14027f3 csrrs            x15, x0, 0xf14      x15=00000002
14737321ns          241765 1c008af6 f8068693 addi             x13, x13, -128      x13=00001f80 x13:00002000
14737341ns          241766 1c008afa 00379713 slli             x14, x15, 0x3       x14=00000010 x15:00000002
14737361ns          241767 1c008afe 00279793 slli             x15, x15, 0x2       x15=00000008 x15:00000002
14737381ns          241768 1c008b00 00d7f7b3 and              x15, x15, x13       x15=00000000 x15:00000008 x13:00001f80
14737400ns          241769 1c008b02 ee873733 p.bclr           x14, x14, 23, 8     x14=00000010 x14:00000010
14737420ns          241770 1c008b06 1a10f6b7 lui              x13, 0x1a10f000     x13=1a10f000
14737440ns          241771 1c008b0a 0ff57513 andi             x10, x10, 255       x10=00000020 x10:00000020
14737460ns          241772 1c008b0e 00d70733 add              x14, x14, x13       x14=1a10f010 x14:00000010 x13:1a10f000
14737480ns          241773 1c008b10 00a7e723 p.sw             x10, x0(x15)        x10:00000020 x15:00000000  PA:1a10f010
14737818ns          241790 1c008b14 00000513 addi             x10, x0, 0          x10=00000000
14737838ns          241791 1c008b16 00008067 jalr             x0, x1, 0            x1:1c008bbe
14737898ns          241794 1c008bbe 31f52563 p.beqimm         x10, 778            x10:00000000
14737918ns          241795 1c008bc2 001d8d93 addi             x27, x27, 1         x27=0000002a x27:00000029
14737938ns          241796 1c008bc4 00044503 lbu              x10, 0(x8)          x10=00000025  x8:1c00004f  PA:1c00004f
14738236ns          241811 1c008bc8 00140413 addi             x8, x8, 1            x8=1c000050  x8:1c00004f
14738256ns          241812 1c008bca fe0514e3 bne              x10, x0, -24        x10:00000025
14738335ns          241816 1c008bb2 02500793 addi             x15, x0, 37         x15=00000025
14738355ns          241817 1c008bb6 04f50863 beq              x10, x15, 80        x10:00000025 x15:00000025
14738435ns          241821 1c008c06 00044483 lbu              x9, 0(x8)            x9=00000064  x8:1c000050  PA:1c000050
14738733ns          241836 1c008c0a 02000693 addi             x13, x0, 32         x13=00000020
14738753ns          241837 1c008c0e 00140a93 addi             x21, x8, 1          x21=1c000051  x8:1c000050
14738773ns          241838 1c008c12 009005b3 add              x11, x0, x9         x11=00000064  x9:00000064
14738793ns          241839 1c008c14 154b8513 addi             x10, x23, 340       x10=1c000154 x23:1c000000
14738813ns          241840 1c008c18 00d12823 sw               x13, 16(x2)         x13:00000020  x2:10001498  PA:100014a8
14738833ns          241841 1c008c1a 00012c23 sw               x0, 24(x2)           x2:10001498  PA:100014b0
14738853ns          241842 1c008c1c 00012a23 sw               x0, 20(x2)           x2:10001498  PA:100014ac
14738872ns          241843 1c008c1e 00012e23 sw               x0, 28(x2)           x2:10001498  PA:100014b4
14738892ns          241844 1c008c20 00012623 sw               x0, 12(x2)           x2:10001498  PA:100014a4
14738912ns          241845 1c008c22 02300913 addi             x18, x0, 35         x18=00000023
14738932ns          241846 1c008c26 02d00a13 addi             x20, x0, 45         x20=0000002d
14738952ns          241847 1c008c2a 015009b3 add              x19, x0, x21        x19=1c000051 x21:1c000051
14738972ns          241848 1c008c2c e97ff0ef jal              x1, -362             x1=1c008c2e
14739091ns          241854 1c008ac2 00054783 lbu              x15, 0(x10)         x15=0000002d x10:1c000154  PA:1c000154
14739390ns          241869 1c008ac6 0ff5f593 andi             x11, x11, 255       x11=00000064 x11:00000064
14739409ns          241870 1c008aca 00b78c63 beq              x15, x11, 24        x15:0000002d x11:00000064
14739429ns          241871 1c008ace 00078b63 beq              x15, x0, 22         x15:0000002d
14739449ns          241872 1c008ad0 00150793 addi             x15, x10, 1         x15=1c000155 x10:1c000154
14739469ns          241873 1c008ad4 0040006f jal              x0, 4              
14739509ns          241875 1c008ad8 00f00533 add              x10, x0, x15        x10=1c000155 x15:1c000155
14739529ns          241876 1c008ada 0017c70b p.lbu            x14, 1(x15!)        x14=0000002b x15=1c000156 x15:1c000155  PA:1c000155
14739847ns          241892 1c008ade feb71ce3 bne              x14, x11, -8        x14:0000002b x11:00000064
14739907ns          241895 1c008ad6 00070763 beq              x14, x0, 14         x14:0000002b
14739927ns          241896 1c008ad8 00f00533 add              x10, x0, x15        x10=1c000156 x15:1c000156
14739946ns          241897 1c008ada 0017c70b p.lbu            x14, 1(x15!)        x14=00000020 x15=1c000157 x15:1c000156  PA:1c000156
14740265ns          241913 1c008ade feb71ce3 bne              x14, x11, -8        x14:00000020 x11:00000064
14740324ns          241916 1c008ad6 00070763 beq              x14, x0, 14         x14:00000020
14740344ns          241917 1c008ad8 00f00533 add              x10, x0, x15        x10=1c000157 x15:1c000157
14740364ns          241918 1c008ada 0017c70b p.lbu            x14, 1(x15!)        x14=00000023 x15=1c000158 x15:1c000157  PA:1c000157
14740682ns          241934 1c008ade feb71ce3 bne              x14, x11, -8        x14:00000023 x11:00000064
14740742ns          241937 1c008ad6 00070763 beq              x14, x0, 14         x14:00000023
14740762ns          241938 1c008ad8 00f00533 add              x10, x0, x15        x10=1c000158 x15:1c000158
14740782ns          241939 1c008ada 0017c70b p.lbu            x14, 1(x15!)        x14=00000030 x15=1c000159 x15:1c000158  PA:1c000158
14741100ns          241955 1c008ade feb71ce3 bne              x14, x11, -8        x14:00000030 x11:00000064
14741160ns          241958 1c008ad6 00070763 beq              x14, x0, 14         x14:00000030
14741180ns          241959 1c008ad8 00f00533 add              x10, x0, x15        x10=1c000159 x15:1c000159
14741200ns          241960 1c008ada 0017c70b p.lbu            x14, 1(x15!)        x14=00000000 x15=1c00015a x15:1c000159  PA:1c000159
14741518ns          241976 1c008ade feb71ce3 bne              x14, x11, -8        x14:00000000 x11:00000064
14741578ns          241979 1c008ad6 00070763 beq              x14, x0, 14         x14:00000000
14741637ns          241982 1c008ae4 0015b593 sltiu            x11, x11, 1         x11=00000000 x11:00000064
14741657ns          241983 1c008ae8 40b005b3 sub              x11, x0, x11        x11=00000000 x11:00000000
14741677ns          241984 1c008aec 00b57533 and              x10, x10, x11       x10=00000000 x10:1c000159 x11:00000000
14741697ns          241985 1c008aee 00008067 jalr             x0, x1, 0            x1:1c008c2e
14741737ns          241987 1c008c2e 02050a63 beq              x10, x0, 52         x10:00000000
14742154ns          242008 1c008c62 02a00613 addi             x12, x0, 42         x12=0000002a
14742174ns          242009 1c008c66 2ac48663 beq              x9, x12, 684         x9:00000064 x12:0000002a
14742194ns          242010 1c008c6a fd048613 addi             x12, x9, -48        x12=00000034  x9:00000064
14742214ns          242011 1c008c6e 00900593 addi             x11, x0, 9          x11=00000009
14742234ns          242012 1c008c70 00000913 addi             x18, x0, 0          x18=00000000
14742254ns          242013 1c008c72 28c5f063 bgeu             x11, x12, 640       x11:00000009 x12:00000034
14742274ns          242014 1c008c76 02e00693 addi             x13, x0, 46         x13=0000002e
14742294ns          242015 1c008c7a fff00a13 addi             x20, x0, -1         x20=ffffffff
14742313ns          242016 1c008c7c 2ed48363 beq              x9, x13, 742         x9:00000064 x13:0000002e
14742333ns          242017 1c008c80 1c0007b7 lui              x15, 0x1c000000     x15=1c000000
14742373ns          242019 1c008c84 009005b3 add              x11, x0, x9         x11=00000064  x9:00000064
14742393ns          242020 1c008c86 15c78513 addi             x10, x15, 348       x10=1c00015c x15:1c000000
14742413ns          242021 1c008c8a e39ff0ef jal              x1, -456             x1=1c008c8c
14742532ns          242027 1c008ac2 00054783 lbu              x15, 0(x10)         x15=00000068 x10:1c00015c  PA:1c00015c
14742831ns          242042 1c008ac6 0ff5f593 andi             x11, x11, 255       x11=00000064 x11:00000064
14742851ns          242043 1c008aca 00b78c63 beq              x15, x11, 24        x15:00000068 x11:00000064
14742870ns          242044 1c008ace 00078b63 beq              x15, x0, 22         x15:00000068
14742890ns          242045 1c008ad0 00150793 addi             x15, x10, 1         x15=1c00015d x10:1c00015c
14742910ns          242046 1c008ad4 0040006f jal              x0, 4              
14742950ns          242048 1c008ad8 00f00533 add              x10, x0, x15        x10=1c00015d x15:1c00015d
14742970ns          242049 1c008ada 0017c70b p.lbu            x14, 1(x15!)        x14=0000006c x15=1c00015e x15:1c00015d  PA:1c00015d
14743328ns          242067 1c008ade feb71ce3 bne              x14, x11, -8        x14:0000006c x11:00000064
14743388ns          242070 1c008ad6 00070763 beq              x14, x0, 14         x14:0000006c
14743407ns          242071 1c008ad8 00f00533 add              x10, x0, x15        x10=1c00015e x15:1c00015e
14743427ns          242072 1c008ada 0017c70b p.lbu            x14, 1(x15!)        x14=0000004c x15=1c00015f x15:1c00015e  PA:1c00015e
14743746ns          242088 1c008ade feb71ce3 bne              x14, x11, -8        x14:0000004c x11:00000064
14743805ns          242091 1c008ad6 00070763 beq              x14, x0, 14         x14:0000004c
14743825ns          242092 1c008ad8 00f00533 add              x10, x0, x15        x10=1c00015f x15:1c00015f
14743845ns          242093 1c008ada 0017c70b p.lbu            x14, 1(x15!)        x14=0000007a x15=1c000160 x15:1c00015f  PA:1c00015f
14744163ns          242109 1c008ade feb71ce3 bne              x14, x11, -8        x14:0000007a x11:00000064
14744223ns          242112 1c008ad6 00070763 beq              x14, x0, 14         x14:0000007a
14744243ns          242113 1c008ad8 00f00533 add              x10, x0, x15        x10=1c000160 x15:1c000160
14744263ns          242114 1c008ada 0017c70b p.lbu            x14, 1(x15!)        x14=00000000 x15=1c000161 x15:1c000160  PA:1c000160
14744581ns          242130 1c008ade feb71ce3 bne              x14, x11, -8        x14:00000000 x11:00000064
14744641ns          242133 1c008ad6 00070763 beq              x14, x0, 14         x14:00000000
14744700ns          242136 1c008ae4 0015b593 sltiu            x11, x11, 1         x11=00000000 x11:00000064
14744720ns          242137 1c008ae8 40b005b3 sub              x11, x0, x11        x11=00000000 x11:00000000
14744740ns          242138 1c008aec 00b57533 and              x10, x10, x11       x10=00000000 x10:1c000160 x11:00000000
14744760ns          242139 1c008aee 00008067 jalr             x0, x1, 0            x1:1c008c8c
14744800ns          242141 1c008c8c 01300433 add              x8, x0, x19          x8=1c000051 x19:1c000051
14744820ns          242142 1c008c8e 00050563 beq              x10, x0, 10         x10:00000000
14744879ns          242145 1c008c98 06700693 addi             x13, x0, 103        x13=00000067
14744899ns          242146 1c008c9c 2896d963 bge              x13, x9, 658        x13:00000067  x9:00000064
14745118ns          242157 1c008f2e 06500693 addi             x13, x0, 101        x13=00000065
14745158ns          242159 1c008f32 12d4d563 bge              x9, x13, 298         x9:00000064 x13:00000065
14745178ns          242160 1c008f36 04700693 addi             x13, x0, 71         x13=00000047
14745198ns          242161 1c008f3a dc96cbe3 blt              x13, x9, -554       x13:00000047  x9:00000064
14745337ns          242168 1c008d10 06300693 addi             x13, x0, 99         x13=00000063
14745377ns          242170 1c008d14 0ad488e3 beq              x9, x13, 2224        x9:00000064 x13:00000063
14745397ns          242171 1c008d18 0096c9e3 blt              x13, x9, 2066       x13:00000063  x9:00000064
14745595ns          242181 1c00952a 000c2583 lw               x11, 0(x24)         x11=00000002 x24:100015f0  PA:100015f0
14745615ns          242182 1c00952e 004c0c13 addi             x24, x24, 4         x24=100015f4 x24:100015f0
14745655ns          242184 1c009530 3405cc63 blt              x11, x0, 856        x11:00000002
14745695ns          242186 1c009534 01412603 lw               x12, 20(x2)         x12=00000000  x2:10001498  PA:100014ac
14745715ns          242187 1c009536 00b006b3 add              x13, x0, x11        x13=00000002 x11:00000002
14745735ns          242188 1c009538 2e061863 bne              x12, x0, 752        x12:00000000
14745755ns          242189 1c00953c 01812703 lw               x14, 24(x2)         x14=00000000  x2:10001498  PA:100014b0
14745774ns          242190 1c00953e 019007b3 add              x15, x0, x25        x15=100014bc x25:100014bc
14745794ns          242191 1c009540 00070763 beq              x14, x0, 14         x14:00000000
14745854ns          242194 1c00954e 00f00733 add              x14, x0, x15        x14=100014bc x15:100014bc
14745874ns          242195 1c009550 00a00513 addi             x10, x0, 10         x10=0000000a
14745894ns          242196 1c009552 02a6f633 remu             x12, x13, x10       x12=00000002 x13:00000002 x10:0000000a
14746510ns          242227 1c009556 02a6d6b3 divu             x13, x13, x10       x13=00000000 x13:00000002 x10:0000000a
14747127ns          242258 1c00955a 03060613 addi             x12, x12, 48        x12=00000032 x12:00000002
14747147ns          242259 1c00955e 00c700ab p.sb             x12, 1(x14!)        x14=100014bd x12:00000032 x14:100014bc  PA:100014bc
14747167ns          242260 1c009562 fe0698e3 bne              x13, x0, -16        x13:00000000
14747187ns          242261 1c009564 40f706b3 sub              x13, x14, x15       x13=00000001 x14:100014bd x15:100014bc
14747207ns          242262 1c009568 0146dc63 bge              x13, x20, 24        x13:00000001 x20:ffffffff
14747346ns          242269 1c009580 00e006b3 add              x13, x0, x14        x13=100014bd x14:100014bd
14747386ns          242271 1c009582 fe068fab p.sb             x0, -1(x13!)        x13=100014bc x13:100014bd  PA:100014bd
14747406ns          242272 1c009586 00d7fc63 bgeu             x15, x13, 24        x15:100014bc x13:100014bc
14747525ns          242278 1c00959e 01412783 lw               x15, 20(x2)         x15=00000000  x2:10001498  PA:100014ac
14747585ns          242281 1c0095a0 01812603 lw               x12, 24(x2)         x12=00000000  x2:10001498  PA:100014b0
14747624ns          242283 1c0095a2 419704b3 sub              x9, x14, x25         x9=00000001 x14:100014bd x25:100014bc
14747644ns          242284 1c0095a6 00c7e7b3 or               x15, x15, x12       x15=00000000 x15:00000000 x12:00000000
14747664ns          242285 1c0095a8 00f12623 sw               x15, 12(x2)         x15:00000000  x2:10001498  PA:100014a4
14747704ns          242287 1c0095aa 00079363 bne              x15, x0, 6          x15:00000000
14747724ns          242288 1c0095ac 01f5d593 srli             x11, x11, 0x1f      x11=00000000 x11:00000002
14747744ns          242289 1c0095ae 00b12623 sw               x11, 12(x2)         x11:00000000  x2:10001498  PA:100014a4
14747764ns          242290 1c0095b0 e3fa28e3 p.beqimm         x20, -464           x20:ffffffff
14747863ns          242295 1c0093e0 0c800793 addi             x15, x0, 200        x15=000000c8
14747903ns          242297 1c0093e4 9e97d0e3 bge              x15, x9, -1568      x15:000000c8  x9:00000001
14748002ns          242302 1c008dc4 0f24d163 bge              x9, x18, 226         x9:00000001 x18:00000000
14748141ns          242309 1c008ea6 d00482e3 beq              x9, x0, -764         x9:00000001
14748161ns          242310 1c008eaa 01900933 add              x18, x0, x25        x18=100014bc x25:100014bc
14748181ns          242311 1c008eac 419d8db3 sub              x27, x27, x25       x27=efffeb6e x27:0000002a x25:100014bc
14748221ns          242313 1c008eb0 00a0006f jal              x0, 10             
14748281ns          242316 1c008eba 0019450b p.lbu            x10, 1(x18!)        x10=00000032 x18=100014bd x18:100014bc  PA:100014bc
14748301ns          242317 1c008ebe 01a005b3 add              x11, x0, x26        x11=00000002 x26:00000002
14748340ns          242319 1c008ec0 000b00e7 jalr             x1, x22, 0           x1=1c008ec2 x22:1c008af0
14748380ns          242321 1c008af0 000026b7 lui              x13, 0x2000         x13=00002000
14748400ns          242322 1c008af2 f14027f3 csrrs            x15, x0, 0xf14      x15=00000002
14748420ns          242323 1c008af6 f8068693 addi             x13, x13, -128      x13=00001f80 x13:00002000
14748440ns          242324 1c008afa 00379713 slli             x14, x15, 0x3       x14=00000010 x15:00000002
14748460ns          242325 1c008afe 00279793 slli             x15, x15, 0x2       x15=00000008 x15:00000002
14748480ns          242326 1c008b00 00d7f7b3 and              x15, x15, x13       x15=00000000 x15:00000008 x13:00001f80
14748500ns          242327 1c008b02 ee873733 p.bclr           x14, x14, 23, 8     x14=00000010 x14:00000010
14748519ns          242328 1c008b06 1a10f6b7 lui              x13, 0x1a10f000     x13=1a10f000
14748539ns          242329 1c008b0a 0ff57513 andi             x10, x10, 255       x10=00000032 x10:00000032
14748559ns          242330 1c008b0e 00d70733 add              x14, x14, x13       x14=1a10f010 x14:00000010 x13:1a10f000
14748579ns          242331 1c008b10 00a7e723 p.sw             x10, x0(x15)        x10:00000032 x15:00000000  PA:1a10f010
14748937ns          242349 1c008b14 00000513 addi             x10, x0, 0          x10=00000000
14748957ns          242350 1c008b16 00008067 jalr             x0, x1, 0            x1:1c008ec2
14748997ns          242352 1c008ec2 fff48493 addi             x9, x9, -1           x9=00000000  x9:00000001
14749017ns          242353 1c008ec4 fff537e3 p.bneimm         x10, -18            x10:00000000
14749096ns          242357 1c008eb2 012d8733 add              x14, x27, x18       x14=0000002b x27:efffeb6e x18:100014bd
14749116ns          242358 1c008eb6 5a048b63 beq              x9, x0, 1462         x9:00000000
14749176ns          242361 1c00946c 00e00db3 add              x27, x0, x14        x27=0000002b x14:0000002b
14749235ns          242364 1c00946e f3cff06f jal              x0, -2244          
14749355ns          242370 1c008baa 00044503 lbu              x10, 0(x8)          x10=00000029  x8:1c000051  PA:1c000051
14749673ns          242386 1c008bae 00140413 addi             x8, x8, 1            x8=1c000052  x8:1c000051
14749693ns          242387 1c008bb0 00050e63 beq              x10, x0, 28         x10:00000029
14749713ns          242388 1c008bb2 02500793 addi             x15, x0, 37         x15=00000025
14749733ns          242389 1c008bb6 04f50863 beq              x10, x15, 80        x10:00000029 x15:00000025
14749753ns          242390 1c008bba 01a005b3 add              x11, x0, x26        x11=00000002 x26:00000002
14749773ns          242391 1c008bbc 000b00e7 jalr             x1, x22, 0           x1=1c008bbe x22:1c008af0
14749812ns          242393 1c008af0 000026b7 lui              x13, 0x2000         x13=00002000
14749832ns          242394 1c008af2 f14027f3 csrrs            x15, x0, 0xf14      x15=00000002
14749852ns          242395 1c008af6 f8068693 addi             x13, x13, -128      x13=00001f80 x13:00002000
14749872ns          242396 1c008afa 00379713 slli             x14, x15, 0x3       x14=00000010 x15:00000002
14749892ns          242397 1c008afe 00279793 slli             x15, x15, 0x2       x15=00000008 x15:00000002
14749912ns          242398 1c008b00 00d7f7b3 and              x15, x15, x13       x15=00000000 x15:00000008 x13:00001f80
14749932ns          242399 1c008b02 ee873733 p.bclr           x14, x14, 23, 8     x14=00000010 x14:00000010
14749952ns          242400 1c008b06 1a10f6b7 lui              x13, 0x1a10f000     x13=1a10f000
14749971ns          242401 1c008b0a 0ff57513 andi             x10, x10, 255       x10=00000029 x10:00000029
14749991ns          242402 1c008b0e 00d70733 add              x14, x14, x13       x14=1a10f010 x14:00000010 x13:1a10f000
14750011ns          242403 1c008b10 00a7e723 p.sw             x10, x0(x15)        x10:00000029 x15:00000000  PA:1a10f010
14750329ns          242419 1c008b14 00000513 addi             x10, x0, 0          x10=00000000
14750349ns          242420 1c008b16 00008067 jalr             x0, x1, 0            x1:1c008bbe
14750409ns          242423 1c008bbe 31f52563 p.beqimm         x10, 778            x10:00000000
14750429ns          242424 1c008bc2 001d8d93 addi             x27, x27, 1         x27=0000002c x27:0000002b
14750449ns          242425 1c008bc4 00044503 lbu              x10, 0(x8)          x10=0000000a  x8:1c000052  PA:1c000052
14750747ns          242440 1c008bc8 00140413 addi             x8, x8, 1            x8=1c000053  x8:1c000052
14750767ns          242441 1c008bca fe0514e3 bne              x10, x0, -24        x10:0000000a
14750847ns          242445 1c008bb2 02500793 addi             x15, x0, 37         x15=00000025
14750867ns          242446 1c008bb6 04f50863 beq              x10, x15, 80        x10:0000000a x15:00000025
14750886ns          242447 1c008bba 01a005b3 add              x11, x0, x26        x11=00000002 x26:00000002
14750906ns          242448 1c008bbc 000b00e7 jalr             x1, x22, 0           x1=1c008bbe x22:1c008af0
14750946ns          242450 1c008af0 000026b7 lui              x13, 0x2000         x13=00002000
14750966ns          242451 1c008af2 f14027f3 csrrs            x15, x0, 0xf14      x15=00000002
14750986ns          242452 1c008af6 f8068693 addi             x13, x13, -128      x13=00001f80 x13:00002000
14751006ns          242453 1c008afa 00379713 slli             x14, x15, 0x3       x14=00000010 x15:00000002
14751026ns          242454 1c008afe 00279793 slli             x15, x15, 0x2       x15=00000008 x15:00000002
14751046ns          242455 1c008b00 00d7f7b3 and              x15, x15, x13       x15=00000000 x15:00000008 x13:00001f80
14751065ns          242456 1c008b02 ee873733 p.bclr           x14, x14, 23, 8     x14=00000010 x14:00000010
14751085ns          242457 1c008b06 1a10f6b7 lui              x13, 0x1a10f000     x13=1a10f000
14751105ns          242458 1c008b0a 0ff57513 andi             x10, x10, 255       x10=0000000a x10:0000000a
14751125ns          242459 1c008b0e 00d70733 add              x14, x14, x13       x14=1a10f010 x14:00000010 x13:1a10f000
14751145ns          242460 1c008b10 00a7e723 p.sw             x10, x0(x15)        x10:0000000a x15:00000000  PA:1a10f010
14751463ns          242476 1c008b14 00000513 addi             x10, x0, 0          x10=00000000
14751483ns          242477 1c008b16 00008067 jalr             x0, x1, 0            x1:1c008bbe
14751543ns          242480 1c008bbe 31f52563 p.beqimm         x10, 778            x10:00000000
14751563ns          242481 1c008bc2 001d8d93 addi             x27, x27, 1         x27=0000002d x27:0000002c
14751583ns          242482 1c008bc4 00044503 lbu              x10, 0(x8)          x10=00000000  x8:1c000053  PA:1c000053
14751881ns          242497 1c008bc8 00140413 addi             x8, x8, 1            x8=1c000054  x8:1c000053
14751901ns          242498 1c008bca fe0514e3 bne              x10, x0, -24        x10:00000000
14751921ns          242499 1c008bcc 01b00433 add              x8, x0, x27          x8=0000002d x27:0000002d
14751941ns          242500 1c008bce 00800533 add              x10, x0, x8         x10=0000002d  x8:0000002d
14751961ns          242501 1c008bd0 12c12083 lw               x1, 300(x2)          x1=1c008b5c  x2:10001498  PA:100015c4
14751980ns          242502 1c008bd4 12812403 lw               x8, 296(x2)          x8=00000002  x2:10001498  PA:100015c0
14752000ns          242503 1c008bd8 12412483 lw               x9, 292(x2)          x9=xxxxxxxx  x2:10001498  PA:100015bc
14752020ns          242504 1c008bdc 12012903 lw               x18, 288(x2)        x18=xxxxxxxx  x2:10001498  PA:100015b8
14752358ns          242521 1c008be0 11c12983 lw               x19, 284(x2)        x19=xxxxxxxx  x2:10001498  PA:100015b4
14752398ns          242523 1c008be4 11812a03 lw               x20, 280(x2)        x20=xxxxxxxx  x2:10001498  PA:100015b0
14752418ns          242524 1c008be8 11412a83 lw               x21, 276(x2)        x21=xxxxxxxx  x2:10001498  PA:100015ac
14752438ns          242525 1c008bec 11012b03 lw               x22, 272(x2)        x22=xxxxxxxx  x2:10001498  PA:100015a8
14752875ns          242547 1c008bf0 10c12b83 lw               x23, 268(x2)        x23=xxxxxxxx  x2:10001498  PA:100015a4
14752915ns          242549 1c008bf4 10812c03 lw               x24, 264(x2)        x24=xxxxxxxx  x2:10001498  PA:100015a0
14752935ns          242550 1c008bf8 10412c83 lw               x25, 260(x2)        x25=xxxxxxxx  x2:10001498  PA:1000159c
14752955ns          242551 1c008bfc 10012d03 lw               x26, 256(x2)        x26=xxxxxxxx  x2:10001498  PA:10001598
14753015ns          242554 1c008c00 0fc12d83 lw               x27, 252(x2)        x27=xxxxxxxx  x2:10001498  PA:10001594
14753035ns          242555 1c008c02 13010113 addi             x2, x2, 304          x2=100015c8  x2:10001498
14753055ns          242556 1c008c04 00008067 jalr             x0, x1, 0            x1:1c008b5c
14753094ns          242558 1c008b5c 01c12083 lw               x1, 28(x2)           x1=1c008354  x2:100015c8  PA:100015e4
14753114ns          242559 1c008b5e 04010113 addi             x2, x2, 64           x2=10001608  x2:100015c8
14753154ns          242561 1c008b60 00008067 jalr             x0, x1, 0            x1:1c008354
14753234ns          242565 1c008354 00300793 addi             x15, x0, 3          x15=00000003
14753273ns          242567 1c008356 0087f463 bgeu             x15, x8, 8          x15:00000003  x8:00000002
14753790ns          242593 1c00835e 38d010ef jal              x1, 7052             x1=1c008362
14754288ns          242618 1c009eea f14027f3 csrrs            x15, x0, 0xf14      x15=00000002
14754308ns          242619 1c009eee 01f00713 addi             x14, x0, 31         x14=0000001f
14754725ns          242640 1c009ef0 ca5797b3 p.extractu       x15, x15, 5, 5      x15=00000000 x15:00000002
14754765ns          242642 1c009ef4 00e78863 beq              x15, x14, 16        x15:00000000 x14:0000001f
14754785ns          242643 1c009ef8 002047b7 lui              x15, 0x204000       x15=00204000
14754805ns          242644 1c009efc 20078793 addi             x15, x15, 512       x15=00204200 x15:00204000
14755262ns          242667 1c009f00 01c7e703 p.elw            x14, 28(x15)        x14=00010000 x15:00204200  PA:0020421c
14755402ns          242674 1c009f04 00008067 jalr             x0, x1, 0            x1:1c008362
14755839ns          242696 1c008362 f14027f3 csrrs            x15, x0, 0xf14      x15=00000002
14755859ns          242697 1c008366 f457b7b3 p.bclr           x15, x15, 26, 5     x15=00000002 x15:00000002
14755879ns          242698 1c00836a 02079063 bne              x15, x0, 32         x15:00000002
14756854ns          242747 1c00838a 1c0105b7 lui              x11, 0x1c010000     x11=1c010000
14757291ns          242769 1c00838e 00058593 addi             x11, x11, 0         x11=1c010000 x11:1c010000
14757331ns          242771 1c008392 00641793 slli             x15, x8, 0x6        x15=00000080  x8:00000002
14757351ns          242772 1c008396 78058513 addi             x10, x11, 1920      x10=1c010780 x11:1c010000
14757371ns          242773 1c00839a 1e000713 addi             x14, x0, 480        x14=000001e0
14757391ns          242774 1c00839e 00f50533 add              x10, x10, x15       x10=1c010800 x10:1c010780 x15:00000080
14757828ns          242796 1c0083a0 00200633 add              x12, x0, x2         x12=10001608  x2:10001608
14757868ns          242798 1c0083a2 42e405b3 p.mac            x11, x8, x14        x11=1c0103c0 x11:1c010000  x8:00000002 x14:000001e0
14757888ns          242799 1c0083a6 d99ff0ef jal              x1, -616             x1=1c0083a8
14758345ns          242822 1c00813e f4010113 addi             x2, x2, -192         x2=10001548  x2:10001608
14758803ns          242845 1c008140 1c0007b7 lui              x15, 0x1c000000     x15=1c000000
14758843ns          242847 1c008144 09712e23 sw               x23, 156(x2)        x23:xxxxxxxx  x2:10001548  PA:100015e4
14758863ns          242848 1c008146 0b47ab83 lw               x23, 180(x15)       x23=3f800000 x15:1c000000  PA:1c0000b4
14759280ns          242869 1c00814a 1c0007b7 lui              x15, 0x1c000000     x15=1c000000
14759300ns          242870 1c00814e 0b312623 sw               x19, 172(x2)        x19:xxxxxxxx  x2:10001548  PA:100015f4
14759340ns          242872 1c008150 0b87a983 lw               x19, 184(x15)       x19=3fc90fdb x15:1c000000  PA:1c0000b8
14759658ns          242888 1c008154 0a912a23 sw               x9, 180(x2)          x9:xxxxxxxx  x2:10001548  PA:100015fc
14759678ns          242889 1c008156 0b212823 sw               x18, 176(x2)        x18:xxxxxxxx  x2:10001548  PA:100015f8
14759698ns          242890 1c008158 0b412423 sw               x20, 168(x2)        x20:xxxxxxxx  x2:10001548  PA:100015f0
14759718ns          242891 1c00815a 0b512223 sw               x21, 164(x2)        x21:xxxxxxxx  x2:10001548  PA:100015ec
14759738ns          242892 1c00815c 0b612023 sw               x22, 160(x2)        x22:xxxxxxxx  x2:10001548  PA:100015e8
14759758ns          242893 1c00815e 0a112e23 sw               x1, 188(x2)          x1:1c0083a8  x2:10001548  PA:10001604
14759877ns          242899 1c008160 0a812c23 sw               x8, 184(x2)          x8:00000002  x2:10001548  PA:10001600
14759897ns          242900 1c008162 09812c23 sw               x24, 152(x2)        x24:xxxxxxxx  x2:10001548  PA:100015e0
14759917ns          242901 1c008164 09912a23 sw               x25, 148(x2)        x25:xxxxxxxx  x2:10001548  PA:100015dc
14759937ns          242902 1c008166 09a12823 sw               x26, 144(x2)        x26:xxxxxxxx  x2:10001548  PA:100015d8
14759957ns          242903 1c008168 09b12623 sw               x27, 140(x2)        x27:xxxxxxxx  x2:10001548  PA:100015d4
14759976ns          242904 1c00816a 00a00ab3 add              x21, x0, x10        x21=1c010800 x10:1c010800
14759996ns          242905 1c00816c 00b004b3 add              x9, x0, x11          x9=1c0103c0 x11:1c0103c0
14760016ns          242906 1c00816e 00c00b33 add              x22, x0, x12        x22=10001608 x12:10001608
14760394ns          242925 1c008170 01050a13 addi             x20, x10, 16        x20=1c010810 x10:1c010800
14760434ns          242927 1c008174 00000913 addi             x18, x0, 0          x18=00000000
14760454ns          242928 1c008178 004aa70b p.lw             x14, 4(x21!)        x14=3f1d4010 x21=1c010804 x21:1c010800  PA:1c010800
14760872ns          242949 1c00817c 00caa683 lw               x13, 12(x21)        x13=3e85912e x21:1c010804  PA:1c010810
14761190ns          242965 1c008180 01caa783 lw               x15, 28(x21)        x15=3f3ea701 x21:1c010804  PA:1c010820
14761488ns          242980 1c008184 10d6f6d3 fmul.s           f13, f13, f13       f13=xxxxxxxx f13:3e85912e f13:3e85912e
14761508ns          242981 1c008188 02caa503 lw               x10, 44(x21)        x10=403d273d x21:1c010804  PA:1c010830
14761806ns          242996 1c00818c 68e77743 fmadd.s          f14, f14, f14, f13  f14=xxxxxxxx f14:3f1d4010 f14:3f1d4010 f13:3d8b6058
14761826ns          242997 1c008190 70f7f7c3 fmadd.s          f15, f15, f15, f14  f15=xxxxxxxx f15:3f3ea701 f15:3f3ea701 f14:3ee4075d
14761846ns          242998 1c008194 5807f7d3 fsqrt.s          f15, f15            f15=xxxxxxxx f15:3f800000
14762483ns          243030 1c008198 18fbfd53 fdiv.s           f26, f23, f15       f26=xxxxxxxx f23:3f800000 f15:3f800000
14763338ns          243073 1c00819c 314000ef jal              x1, 788              x1=xxxxxxxx
14763358ns          243074 1c0084b0 a0a527d3 feq.s            x15, f10, f10       x15=00000001 f10:403d273d f10:403d273d
14763616ns          243087 1c0084b4 0a078b63 beq              x15, x0, 182        x15:00000001
14763636ns          243088 1c0084b6 e00517d3 fclass.s         x15, f10            x15=00000040 f10:403d273d
14763656ns          243089 1c0084ba 0817f793 andi             x15, x15, 129       x15=00000000 x15:00000040
14763676ns          243090 1c0084be 0a079663 bne              x15, x0, 172        x15:00000000
14763716ns          243092 1c0084c0 00000793 addi             x15, x0, 0          x15=00000000
14763756ns          243094 1c0084c4 a0f517d3 flt.s            x15, f10, f15       x15=00000000 f10:403d273d f15:00000000
14763776ns          243095 1c0084c8 0a079663 bne              x15, x0, 172        x15:00000000
14763796ns          243096 1c0084ca 1c000737 lui              x14, 0x1c000000     x14=1c000000
14763855ns          243099 1c0084ce 0ec72783 lw               x15, 236(x14)       x15=40c90fdb x14:1c000000  PA:1c0000ec
14764173ns          243115 1c0084d2 a0a797d3 flt.s            x15, f15, f10       x15=00000000 f15:40c90fdb f10:403d273d
14764193ns          243116 1c0084d6 00078b63 beq              x15, x0, 22         x15:00000000
14764551ns          243134 1c0084ec 00000793 addi             x15, x0, 0          x15=00000000
14764989ns          243156 1c0084f0 a0f517d3 flt.s            x15, f10, f15       x15=00000000 f10:403d273d f15:00000000
14765029ns          243158 1c0084f4 08079a63 bne              x15, x0, 148        x15:00000000
14765049ns          243159 1c0084f6 1c0007b7 lui              x15, 0x1c000000     x15=1c000000
14765069ns          243160 1c0084fa 0b87a783 lw               x15, 184(x15)       x15=3fc90fdb x15:1c000000  PA:1c0000b8
14765566ns          243185 1c0084fe a0f517d3 flt.s            x15, f10, f15       x15=00000000 f10:403d273d f15:3fc90fdb
14765586ns          243186 1c008502 02079563 bne              x15, x0, 42         x15:00000000
14765606ns          243187 1c008504 1c0007b7 lui              x15, 0x1c000000     x15=1c000000
14765625ns          243188 1c008508 0bc7a783 lw               x15, 188(x15)       x15=40490fdb x15:1c000000  PA:1c0000bc
14766003ns          243207 1c00850c a0f51753 flt.s            x14, f10, f15       x14=00000001 f10:403d273d f15:40490fdb
14766023ns          243208 1c008510 06071f63 bne              x14, x0, 126        x14:00000001
14767197ns          243267 1c00858e 08a7f553 fsub.s           f10, f15, f10       f10=xxxxxxxx f15:40490fdb f10:403d273d
14767237ns          243269 1c008592 10a57553 fmul.s           f10, f10, f10       f10=xxxxxxxx f10:3e3e89e0 f10:3e3e89e0
14767256ns          243270 1c008596 1c0007b7 lui              x15, 0x1c000000     x15=1c000000
14767276ns          243271 1c00859a 1c000737 lui              x14, 0x1c000000     x14=1c000000
14767754ns          243295 1c00859e 0f472703 lw               x14, 244(x14)       x14=bab59551 x14:1c000000  PA:1c0000f4
14768092ns          243312 1c0085a2 0f07a783 lw               x15, 240(x15)       x15=37c23ab1 x15:1c000000  PA:1c0000f0
14768430ns          243329 1c0085a6 70f577c3 fmadd.s          f15, f10, f15, f14  f15=xxxxxxxx f10:3d0dd0f3 f15:37c23ab1 f14:bab59551
14768450ns          243330 1c0085aa 1c000737 lui              x14, 0x1c000000     x14=1c000000
14768589ns          243337 1c0085ae 0f872703 lw               x14, 248(x14)       x14=3d2aa76f x14:1c000000  PA:1c0000f8
14768927ns          243354 1c0085b2 70f577c3 fmadd.s          f15, f10, f15, f14  f15=xxxxxxxx f10:3d0dd0f3 f15:bab57a6b f14:3d2aa76f
14768947ns          243355 1c0085b6 1c000737 lui              x14, 0x1c000000     x14=1c000000
14768967ns          243356 1c0085ba 0fc72703 lw               x14, 252(x14)       x14=beffffe0 x14:1c000000  PA:1c0000fc
14769504ns          243383 1c0085be 70f577c3 fmadd.s          f15, f10, f15, f14  f15=xxxxxxxx f10:3d0dd0f3 f15:3d2a752b f14:beffffe0
14769524ns          243384 1c0085c2 1c000737 lui              x14, 0x1c000000     x14=1c000000
14769544ns          243385 1c0085c6 12472703 lw               x14, 292(x14)       x14=3f7fffff x14:1c000000  PA:1c000124
14770041ns          243410 1c0085ca 70f57543 fmadd.s          f10, f10, f15, f14  f10=xxxxxxxx f10:3d0dd0f3 f15:beff4305 f14:3f7fffff
14770061ns          243411 1c0085ce 20a51553 fsgnjn.s         f10, f10, f10       f10=xxxxxxxx f10:3f7b94bd f10:3f7b94bd
14770081ns          243412 1c0085d2 00008067 jalr             x0, x1, 0            x1:1c00819e
14770121ns          243414 1c00819e 00a00433 add              x8, x0, x10          x8=bf7b94bd x10:bf7b94bd
14770141ns          243415 1c0081a0 02caa503 lw               x10, 44(x21)        x10=403d273d x21:1c010804  PA:1c010830
14770459ns          243431 1c0081a4 08a9f553 fsub.s           f10, f19, f10       f10=xxxxxxxx f19:3fc90fdb f10:403d273d
14770479ns          243432 1c0081a8 308000ef jal              x1, 776              x1=1c0081aa
14770558ns          243436 1c0084b0 a0a527d3 feq.s            x15, f10, f10       x15=00000001 f10:bfb13e9f f10:bfb13e9f
14770598ns          243438 1c0084b4 0a078b63 beq              x15, x0, 182        x15:00000001
14770618ns          243439 1c0084b6 e00517d3 fclass.s         x15, f10            x15=00000002 f10:bfb13e9f
14770638ns          243440 1c0084ba 0817f793 andi             x15, x15, 129       x15=00000000 x15:00000002
14770658ns          243441 1c0084be 0a079663 bne              x15, x0, 172        x15:00000000
14770678ns          243442 1c0084c0 00000793 addi             x15, x0, 0          x15=00000000
14770698ns          243443 1c0084c4 a0f517d3 flt.s            x15, f10, f15       x15=00000001 f10:bfb13e9f f15:00000000
14770717ns          243444 1c0084c8 0a079663 bne              x15, x0, 172        x15:00000001
14770817ns          243449 1c008574 1c0007b7 lui              x15, 0x1c000000     x15=1c000000
14770857ns          243451 1c008578 0e87a783 lw               x15, 232(x15)       x15=c0c90fdb x15:1c000000  PA:1c0000e8
14771175ns          243467 1c00857c a0f517d3 flt.s            x15, f10, f15       x15=00000000 f10:bfb13e9f f15:c0c90fdb
14771195ns          243468 1c008580 00078463 beq              x15, x0, 8          x15:00000000
14771255ns          243471 1c008588 20a51553 fsgnjn.s         f10, f10, f10       f10=xxxxxxxx f10:bfb13e9f f10:bfb13e9f
14771274ns          243472 1c00858c f6bff06f jal              x0, -150           
14771334ns          243475 1c0084f6 1c0007b7 lui              x15, 0x1c000000     x15=1c000000
14771354ns          243476 1c0084fa 0b87a783 lw               x15, 184(x15)       x15=3fc90fdb x15:1c000000  PA:1c0000b8
14771672ns          243492 1c0084fe a0f517d3 flt.s            x15, f10, f15       x15=00000001 f10:3fb13e9f f15:3fc90fdb
14771692ns          243493 1c008502 02079563 bne              x15, x0, 42         x15:00000001
14771792ns          243498 1c00852c 10a57553 fmul.s           f10, f10, f10       f10=xxxxxxxx f10:3fb13e9f f10:3fb13e9f
14771871ns          243502 1c008530 1c0007b7 lui              x15, 0x1c000000     x15=1c000000
14771911ns          243504 1c008534 1c000737 lui              x14, 0x1c000000     x14=1c000000
14771931ns          243505 1c008538 0f472703 lw               x14, 244(x14)       x14=bab59551 x14:1c000000  PA:1c0000f4
14772249ns          243521 1c00853c 0f07a783 lw               x15, 240(x15)       x15=37c23ab1 x15:1c000000  PA:1c0000f0
14772587ns          243538 1c008540 70f577c3 fmadd.s          f15, f10, f15, f14  f15=xxxxxxxx f10:3ff56f4e f15:37c23ab1 f14:bab59551
14772607ns          243539 1c008544 1c000737 lui              x14, 0x1c000000     x14=1c000000
14772627ns          243540 1c008548 0f872703 lw               x14, 248(x14)       x14=3d2aa76f x14:1c000000  PA:1c0000f8
14772985ns          243558 1c00854c 70f577c3 fmadd.s          f15, f10, f15, f14  f15=xxxxxxxx f10:3ff56f4e f15:baafc39c f14:3d2aa76f
14773005ns          243559 1c008550 1c000737 lui              x14, 0x1c000000     x14=1c000000
14773025ns          243560 1c008554 0fc72703 lw               x14, 252(x14)       x14=beffffe0 x14:1c000000  PA:1c0000fc
14773343ns          243576 1c008558 70f577c3 fmadd.s          f15, f10, f15, f14  f15=xxxxxxxx f10:3ff56f4e f15:3d201f45 f14:beffffe0
14773363ns          243577 1c00855c 1c000737 lui              x14, 0x1c000000     x14=1c000000
14773383ns          243578 1c008560 12472703 lw               x14, 292(x14)       x14=3f7fffff x14:1c000000  PA:1c000124
14773721ns          243595 1c008564 70f57543 fmadd.s          f10, f10, f15, f14  f10=xxxxxxxx f10:3ff56f4e f15:bed99efd f14:3f7fffff
14773741ns          243596 1c008568 00008067 jalr             x0, x1, 0            x1:1c0081aa
14773781ns          243598 1c0081aa 0204a683 lw               x13, 32(x9)         x13=410ab743  x9:1c0103c0  PA:1c0103e0
14774079ns          243613 1c0081ac 0244a703 lw               x14, 36(x9)         x14=40c9308c  x9:1c0103c0  PA:1c0103e4
14774377ns          243628 1c0081ae 0a04a783 lw               x15, 160(x9)        x15=40b1fe4e  x9:1c0103c0  PA:1c010460
14774676ns          243643 1c0081b2 02d12423 sw               x13, 40(x2)         x13:410ab743  x2:10001548  PA:10001570
14774696ns          243644 1c0081b4 02e12623 sw               x14, 44(x2)         x14:40c9308c  x2:10001548  PA:10001574
14774716ns          243645 1c0081b6 ffcaa683 lw               x13, -4(x21)        x13=3f1d4010 x21:1c010804  PA:1c010800
14775034ns          243661 1c0081ba 00caa703 lw               x14, 12(x21)        x14=3e85912e x21:1c010804  PA:1c010810
14775332ns          243676 1c0081be 02f12823 sw               x15, 48(x2)         x15:40b1fe4e  x2:10001548  PA:10001578
14775352ns          243677 1c0081c0 01caa783 lw               x15, 28(x21)        x15=3f3ea701 x21:1c010804  PA:1c010820
14775670ns          243693 1c0081c4 10dd76d3 fmul.s           f13, f26, f13       f13=xxxxxxxx f26:3f800000 f13:3f1d4010
14775690ns          243694 1c0081c8 10ed7753 fmul.s           f14, f26, f14       f14=xxxxxxxx f26:3f800000 f14:3e85912e
14775710ns          243695 1c0081cc 10fd77d3 fmul.s           f15, f26, f15       f15=xxxxxxxx f26:3f800000 f15:3f3ea701
14775849ns          243702 1c0081d0 0044ae83 lw               x29, 4(x9)          x29=40a9f72d  x9:1c0103c0  PA:1c0103c4
14776168ns          243718 1c0081d4 0084ae03 lw               x28, 8(x9)          x28=3f106ca8  x9:1c0103c0  PA:1c0103c8
14776466ns          243733 1c0081d8 00c4a303 lw               x6, 12(x9)           x6=409593d7  x9:1c0103c0  PA:1c0103cc
14776764ns          243748 1c0081dc 0104a883 lw               x17, 16(x9)         x17=3ecebd40  x9:1c0103c0  PA:1c0103d0
14777063ns          243763 1c0081e0 0144a803 lw               x16, 20(x9)         x16=410cb2b1  x9:1c0103c0  PA:1c0103d4
14777361ns          243778 1c0081e4 0184a583 lw               x11, 24(x9)         x11=4117dd48  x9:1c0103c0  PA:1c0103d8
14777679ns          243794 1c0081e6 01c4a603 lw               x12, 28(x9)         x12=3ec99e22  x9:1c0103c0  PA:1c0103dc
14777978ns          243809 1c0081e8 0004af03 lw               x30, 0(x9)          x30=40083951  x9:1c0103c0  PA:1c0103c0
14778276ns          243824 1c0081ec 0b84a383 lw               x7, 184(x9)          x7=3fffbaba  x9:1c0103c0  PA:1c010478
14778574ns          243839 1c0081f0 0bc4a283 lw               x5, 188(x9)          x5=40947deb  x9:1c0103c0  PA:1c01047c
14778873ns          243854 1c0081f4 0c04af83 lw               x31, 192(x9)        x31=4093348a  x9:1c0103c0  PA:1c010480
14779171ns          243869 1c0081f8 01e12423 sw               x30, 8(x2)          x30:40083951  x2:10001548  PA:10001550
14779191ns          243870 1c0081fa 01d12623 sw               x29, 12(x2)         x29:40a9f72d  x2:10001548  PA:10001554
14779211ns          243871 1c0081fc 0c44af03 lw               x30, 196(x9)        x30=409400ea  x9:1c0103c0  PA:1c010484
14779509ns          243886 1c008200 01c12823 sw               x28, 16(x2)         x28:3f106ca8  x2:10001548  PA:10001558
14779529ns          243887 1c008202 00612a23 sw               x6, 20(x2)           x6:409593d7  x2:10001548  PA:1000155c
14779549ns          243888 1c008204 01112c23 sw               x17, 24(x2)         x17:3ecebd40  x2:10001548  PA:10001560
14779569ns          243889 1c008206 01012e23 sw               x16, 28(x2)         x16:410cb2b1  x2:10001548  PA:10001564
14779589ns          243890 1c008208 02b12023 sw               x11, 32(x2)         x11:4117dd48  x2:10001548  PA:10001568
14779609ns          243891 1c00820a 10f57853 fmul.s           f16, f10, f15       f16=xxxxxxxx f10:3e3d70e3 f15:3f3ea701
14780026ns          243912 1c00820e 10e575d3 fmul.s           f11, f10, f14       f11=xxxxxxxx f10:3e3d70e3 f14:3e85912e
14780046ns          243913 1c008212 02c12223 sw               x12, 36(x2)         x12:3ec99e22  x2:10001548  PA:1000156c
14780066ns          243914 1c008214 0b04ac83 lw               x25, 176(x9)        x25=40e7fa8b  x9:1c0103c0  PA:1c010470
14780384ns          243930 1c008218 10d57653 fmul.s           f12, f10, f13       f12=xxxxxxxx f10:3e3d70e3 f13:3f1d4010
14780404ns          243931 1c00821c 0b44ac03 lw               x24, 180(x9)        x24=4019725c  x9:1c0103c0  PA:1c010474
14780723ns          243947 1c008220 1644ad03 lw               x26, 356(x9)        x26=411c9873  x9:1c0103c0  PA:1c010524
14781021ns          243962 1c008224 1404a503 lw               x10, 320(x9)        x10=405249e8  x9:1c0103c0  PA:1c010500
14781319ns          243977 1c008228 0a44ad83 lw               x27, 164(x9)        x27=41080f84  x9:1c0103c0  PA:1c010464
14781638ns          243993 1c00822c 04a12c23 sw               x10, 88(x2)         x10:405249e8  x2:10001548  PA:100015a0
14781657ns          243994 1c00822e 03b12a23 sw               x27, 52(x2)         x27:41080f84  x2:10001548  PA:1000157c
14781677ns          243995 1c008230 0a84ad83 lw               x27, 168(x9)        x27=40e8fec0  x9:1c0103c0  PA:1c010468
14781976ns          244010 1c008234 1444a503 lw               x10, 324(x9)        x10=40f13759  x9:1c0103c0  PA:1c010504
14782274ns          244025 1c008238 03b12c23 sw               x27, 56(x2)         x27:40e8fec0  x2:10001548  PA:10001580
14782294ns          244026 1c00823a 0ac4ad83 lw               x27, 172(x9)        x27=401af01c  x9:1c0103c0  PA:1c01046c
14782592ns          244041 1c00823e 04a12e23 sw               x10, 92(x2)         x10:40f13759  x2:10001548  PA:100015a4
14782612ns          244042 1c008240 03b12e23 sw               x27, 60(x2)         x27:401af01c  x2:10001548  PA:10001584
14782632ns          244043 1c008242 1484ad83 lw               x27, 328(x9)        x27=3ffbcb59  x9:1c0103c0  PA:1c010508
14782950ns          244059 1c008246 14c4a503 lw               x10, 332(x9)        x10=40462e1c  x9:1c0103c0  PA:1c01050c
14783249ns          244074 1c00824a 07b12023 sw               x27, 96(x2)         x27:3ffbcb59  x2:10001548  PA:100015a8
14783269ns          244075 1c00824c 1504ad83 lw               x27, 336(x9)        x27=3fbcee48  x9:1c0103c0  PA:1c010510
14783567ns          244090 1c008250 088bf8d3 fsub.s           f17, f23, f8        f17=xxxxxxxx f23:3f800000  f8:bf7b94bd
14783587ns          244091 1c008254 10e6fed3 fmul.s           f29, f13, f14       f29=xxxxxxxx f13:3f1d4010 f14:3e85912e
14783607ns          244092 1c008258 10f6fe53 fmul.s           f28, f13, f15       f28=xxxxxxxx f13:3f1d4010 f15:3f3ea701
14783627ns          244093 1c00825c 10f77353 fmul.s           f6, f14, f15         f6=xxxxxxxx f14:3e85912e f15:3f3ea701
14783766ns          244100 1c008260 06a12223 sw               x10, 100(x2)        x10:40462e1c  x2:10001548  PA:100015ac
14783786ns          244101 1c008262 07b12423 sw               x27, 104(x2)        x27:3fbcee48  x2:10001548  PA:100015b0
14783806ns          244102 1c008264 1544a503 lw               x10, 340(x9)        x10=40d02654  x9:1c0103c0  PA:1c010514
14784104ns          244117 1c008268 1584ad83 lw               x27, 344(x9)        x27=400bd838  x9:1c0103c0  PA:1c010518
14784402ns          244132 1c00826c 10d6f6d3 fmul.s           f13, f13, f13       f13=xxxxxxxx f13:3f1d4010 f13:3f1d4010
14784422ns          244133 1c008270 10e77753 fmul.s           f14, f14, f14       f14=xxxxxxxx f14:3e85912e f14:3e85912e
14784442ns          244134 1c008274 10f7f7d3 fmul.s           f15, f15, f15       f15=xxxxxxxx f15:3f3ea701 f15:3f3ea701
14784462ns          244135 1c008278 05f12823 sw               x31, 80(x2)         x31:4093348a  x2:10001548  PA:10001598
14784482ns          244136 1c00827a 05e12a23 sw               x30, 84(x2)         x30:409400ea  x2:10001548  PA:1000159c
14784502ns          244137 1c00827c 81d8ffc7 fmsub.s          f31, f17, f29, f16  f31=xxxxxxxx f17:3ffdca5e f29:3e2416ec f16:3e0d155e
14784900ns          244157 1c008280 06a12623 sw               x10, 108(x2)        x10:40d02654  x2:10001548  PA:100015b4
14784919ns          244158 1c008282 07b12823 sw               x27, 112(x2)        x27:400bd838  x2:10001548  PA:100015b8
14784939ns          244159 1c008284 15c4a503 lw               x10, 348(x9)        x10=4019777b  x9:1c0103c0  PA:1c01051c
14785238ns          244174 1c008288 1604ad83 lw               x27, 352(x9)        x27=3fce8fbc  x9:1c0103c0  PA:1c010520
14785536ns          244189 1c00828c 59c8ff43 fmadd.s          f30, f17, f28, f11  f30=xxxxxxxx f17:3ffdca5e f28:3eea3843 f11:3d45ae2a
14785556ns          244190 1c008290 81d8f843 fmadd.s          f16, f17, f29, f16  f16=xxxxxxxx f17:3ffdca5e f29:3e2416ec f16:3e0d155e
14785576ns          244191 1c008294 59c8f5c7 fmsub.s          f11, f17, f28, f11  f11=xxxxxxxx f17:3ffdca5e f28:3eea3843 f11:3d45ae2a
14785596ns          244192 1c008298 6068fec7 fmsub.s          f29, f17, f6, f12   f29=xxxxxxxx f17:3ffdca5e  f6:3e46f1c5 f12:3de8bb47
14785616ns          244193 1c00829c 6068f643 fmadd.s          f12, f17, f6, f12   f12=xxxxxxxx f17:3ffdca5e  f6:3e46f1c5 f12:3de8bb47
14786033ns          244214 1c0082a0 04712423 sw               x7, 72(x2)           x7:3fffbaba  x2:10001548  PA:10001590
14786053ns          244215 1c0082a2 04512623 sw               x5, 76(x2)           x5:40947deb  x2:10001548  PA:10001594
14786073ns          244216 1c0082a4 4116f6c3 fmadd.s          f13, f13, f17, f8   f13=xxxxxxxx f13:3ec12f47 f17:3ffdca5e  f8:bf7b94bd
14786093ns          244217 1c0082a8 40e8f743 fmadd.s          f14, f17, f14, f8   f14=xxxxxxxx f17:3ffdca5e f14:3d8b6058  f8:bf7b94bd
14786113ns          244218 1c0082ac 40f8f7c3 fmadd.s          f15, f17, f15, f8   f15=xxxxxxxx f17:3ffdca5e f15:3f0dfc52  f8:bf7b94bd
14786551ns          244240 1c0082b0 05912023 sw               x25, 64(x2)         x25:40e7fa8b  x2:10001548  PA:10001588
14786570ns          244241 1c0082b2 05812223 sw               x24, 68(x2)         x24:4019725c  x2:10001548  PA:1000158c
14786590ns          244242 1c0082b4 06a12a23 sw               x10, 116(x2)        x10:4019777b  x2:10001548  PA:100015bc
14786610ns          244243 1c0082b6 07b12c23 sw               x27, 120(x2)        x27:3fce8fbc  x2:10001548  PA:100015c0
14786630ns          244244 1c0082b8 07a12e23 sw               x26, 124(x2)        x26:411c9873  x2:10001548  PA:100015c4
14786650ns          244245 1c0082ba 00810393 addi             x7, x2, 8            x7=10001550  x2:10001548
14786670ns          244246 1c0082be 016002b3 add              x5, x0, x22          x5=10001608 x22:10001608
14787088ns          244267 1c0082c0 00af50fb lp.setupi        0x1, 0xa, 0x1e     
14787127ns          244269 1c0082c4 0043a50b p.lw             x10, 4(x7!)         x10=40083951  x7=10001554  x7:10001550  PA:10001550
14787167ns          244271 1c0082c8 90a6f343 fmadd.s          f6, f13, f10, f18    f6=xxxxxxxx f13:be704136 f10:40083951 f18:00000000
14787187ns          244272 1c0082cc 0243ae03 lw               x28, 36(x7)         x28=40b1fe4e  x7:10001554  PA:10001578
14787605ns          244293 1c0082d0 90aff8c3 fmadd.s          f17, f31, f10, f18  f17=xxxxxxxx f31:3e38435d f10:40083951 f18:00000000
14787645ns          244295 1c0082d4 90af7c43 fmadd.s          f24, f30, f10, f18  f24=xxxxxxxx f30:3f748da3 f10:40083951 f18:00000000
14787664ns          244296 1c0082d8 31c87343 fmadd.s          f6, f16, f28, f6     f6=xxxxxxxx f16:3ee9370d f28:40b1fe4e  f6:beffb0de
14787684ns          244297 1c0082dc 04c3a503 lw               x10, 76(x7)         x10=405249e8  x7:10001554  PA:100015a0
14788122ns          244319 1c0082e0 89c778c3 fmadd.s          f17, f14, f28, f17  f17=xxxxxxxx f14:bf5909a4 f28:40b1fe4e f17:3ec41a15
14788162ns          244321 1c0082e4 c1cefe43 fmadd.s          f28, f29, f28, f24  f28=xxxxxxxx f29:3e8b0b62 f28:40b1fe4e f24:40022200
14788182ns          244322 1c0082e8 30a5f343 fmadd.s          f6, f11, f10, f6     f6=xxxxxxxx f11:3f5bd7de f10:405249e8  f6:400230a0
14788201ns          244323 1c0082ec 88a678c3 fmadd.s          f17, f12, f10, f17  f17=xxxxxxxx f12:3eff6905 f10:405249e8 f17:c08aa5a3
14788639ns          244345 1c0082f0 e0a7f543 fmadd.s          f10, f15, f10, f28  f10=xxxxxxxx f15:3def83bc f10:405249e8 f28:4062cefe
14788679ns          244347 1c0082f4 0062a22b p.sw             x6, 4(x5!)           x5=1000160c  x6:409b6396  x5:10001608  PA:10001608
14788699ns          244348 1c0082f8 0912ae23 sw               x17, 156(x5)        x17:c02c6455  x5:1000160c  PA:100016a8
14788719ns          244349 1c0082fc 12a2ae23 sw               x10, 316(x5)        x10:407b66e5  x5:1000160c  PA:10001748
14788739ns          244350 1c0082c4 0043a50b p.lw             x10, 4(x7!)         x10=40a9f72d  x7=10001558  x7:10001554  PA:10001554
14788778ns          244352 1c0082c8 90a6f343 fmadd.s          f6, f13, f10, f18    f6=xxxxxxxx f13:be704136 f10:40a9f72d f18:00000000
14788798ns          244353 1c0082cc 0243ae03 lw               x28, 36(x7)         x28=41080f84  x7:10001558  PA:1000157c
14788818ns          244354 1c0082d0 90aff8c3 fmadd.s          f17, f31, f10, f18  f17=xxxxxxxx f31:3e38435d f10:40a9f72d f18:00000000
14788838ns          244355 1c0082d4 90af7c43 fmadd.s          f24, f30, f10, f18  f24=xxxxxxxx f30:3f748da3 f10:40a9f72d f18:00000000
14788858ns          244356 1c0082d8 31c87343 fmadd.s          f6, f16, f28, f6     f6=xxxxxxxx f16:3ee9370d f28:41080f84  f6:bf9f8306
14788878ns          244357 1c0082dc 04c3a503 lw               x10, 76(x7)         x10=40f13759  x7:10001558  PA:100015a4
14788898ns          244358 1c0082e0 89c778c3 fmadd.s          f17, f14, f28, f17  f17=xxxxxxxx f14:bf5909a4 f28:41080f84 f17:3f74acc4
14788918ns          244359 1c0082e4 c1cefe43 fmadd.s          f28, f29, f28, f24  f28=xxxxxxxx f29:3e8b0b62 f28:41080f84 f24:40a25da0
14788937ns          244360 1c0082e8 30a5f343 fmadd.s          f6, f11, f10, f6     f6=xxxxxxxx f11:3f5bd7de f10:40f13759  f6:40282540
14788957ns          244361 1c0082ec 88a678c3 fmadd.s          f17, f12, f10, f17  f17=xxxxxxxx f12:3eff6905 f10:40f13759 f17:c0c81ef5
14788977ns          244362 1c0082f0 e0a7f543 fmadd.s          f10, f15, f10, f28  f10=xxxxxxxx f15:3def83bc f10:40f13759 f28:40ec4419
14788997ns          244363 1c0082f4 0062a22b p.sw             x6, 4(x5!)           x5=10001610  x6:41119c30  x5:1000160c  PA:1000160c
14789017ns          244364 1c0082f8 0912ae23 sw               x17, 156(x5)        x17:c01f94d4  x5:10001610  PA:100016ac
14789037ns          244365 1c0082fc 12a2ae23 sw               x10, 316(x5)        x10:41043cf9  x5:10001610  PA:1000174c
14789494ns          244388 1c0082c4 0043a50b p.lw             x10, 4(x7!)         x10=3f106ca8  x7=1000155c  x7:10001558  PA:10001558
14789534ns          244390 1c0082c8 90a6f343 fmadd.s          f6, f13, f10, f18    f6=xxxxxxxx f13:be704136 f10:3f106ca8 f18:00000000
14789554ns          244391 1c0082cc 0243ae03 lw               x28, 36(x7)         x28=40e8fec0  x7:1000155c  PA:10001580
14789574ns          244392 1c0082d0 90aff8c3 fmadd.s          f17, f31, f10, f18  f17=xxxxxxxx f31:3e38435d f10:3f106ca8 f18:00000000
14789594ns          244393 1c0082d4 90af7c43 fmadd.s          f24, f30, f10, f18  f24=xxxxxxxx f30:3f748da3 f10:3f106ca8 f18:00000000
14789614ns          244394 1c0082d8 31c87343 fmadd.s          f6, f16, f28, f6     f6=xxxxxxxx f16:3ee9370d f28:40e8fec0  f6:be078aa8
14789634ns          244395 1c0082dc 04c3a503 lw               x10, 76(x7)         x10=3ffbcb59  x7:1000155c  PA:100015a8
14789653ns          244396 1c0082e0 89c778c3 fmadd.s          f17, f14, f28, f17  f17=xxxxxxxx f14:bf5909a4 f28:40e8fec0 f17:3dcfe833
14789673ns          244397 1c0082e4 c1cefe43 fmadd.s          f28, f29, f28, f24  f28=xxxxxxxx f29:3e8b0b62 f28:40e8fec0 f24:3f09f778
14789693ns          244398 1c0082e8 30a5f343 fmadd.s          f6, f11, f10, f6     f6=xxxxxxxx f11:3f5bd7de f10:3ffbcb59  f6:404bc94d
14789713ns          244399 1c0082ec 88a678c3 fmadd.s          f17, f12, f10, f17  f17=xxxxxxxx f12:3eff6905 f10:3ffbcb59 f17:c0c24916
14789733ns          244400 1c0082f0 e0a7f543 fmadd.s          f10, f15, f10, f28  f10=xxxxxxxx f15:3def83bc f10:3ffbcb59 f28:40210a8c
14789753ns          244401 1c0082f4 0062a22b p.sw             x6, 4(x5!)           x5=10001614  x6:409bf378  x5:10001610  PA:10001610
14789773ns          244402 1c0082f8 0912ae23 sw               x17, 156(x5)        x17:c0a2e23b  x5:10001614  PA:100016b0
14789793ns          244403 1c0082fc 12a2ae23 sw               x10, 316(x5)        x10:402fc3d3  x5:10001614  PA:10001750
14789813ns          244404 1c0082c4 0043a50b p.lw             x10, 4(x7!)         x10=409593d7  x7=10001560  x7:1000155c  PA:1000155c
14789852ns          244406 1c0082c8 90a6f343 fmadd.s          f6, f13, f10, f18    f6=xxxxxxxx f13:be704136 f10:409593d7 f18:00000000
14789872ns          244407 1c0082cc 0243ae03 lw               x28, 36(x7)         x28=401af01c  x7:10001560  PA:10001584
14789892ns          244408 1c0082d0 90aff8c3 fmadd.s          f17, f31, f10, f18  f17=xxxxxxxx f31:3e38435d f10:409593d7 f18:00000000
14789912ns          244409 1c0082d4 90af7c43 fmadd.s          f24, f30, f10, f18  f24=xxxxxxxx f30:3f748da3 f10:409593d7 f18:00000000
14789932ns          244410 1c0082d8 31c87343 fmadd.s          f6, f16, f28, f6     f6=xxxxxxxx f16:3ee9370d f28:401af01c  f6:bf8c60b4
14789952ns          244411 1c0082dc 04c3a503 lw               x10, 76(x7)         x10=40462e1c  x7:10001560  PA:100015ac
14789972ns          244412 1c0082e0 89c778c3 fmadd.s          f17, f14, f28, f17  f17=xxxxxxxx f14:bf5909a4 f28:401af01c f17:3f57533d
14789992ns          244413 1c0082e4 c1cefe43 fmadd.s          f28, f29, f28, f24  f28=xxxxxxxx f29:3e8b0b62 f28:401af01c f24:408ee3ab
14790012ns          244414 1c0082e8 30a5f343 fmadd.s          f6, f11, f10, f6     f6=xxxxxxxx f11:3f5bd7de f10:40462e1c  f6:3bc526f0
14790031ns          244415 1c0082ec 88a678c3 fmadd.s          f17, f12, f10, f17  f17=xxxxxxxx f12:3eff6905 f10:40462e1c f17:bf9b0d1c
14790051ns          244416 1c0082f0 e0a7f543 fmadd.s          f10, f15, f10, f28  f10=xxxxxxxx f15:3def83bc f10:40462e1c f28:40a3ed7c
14790071ns          244417 1c0082f4 0062a22b p.sw             x6, 4(x5!)           x5=10001618  x6:402a9322  x5:10001614  PA:10001614
14790091ns          244418 1c0082f8 0912ae23 sw               x17, 156(x5)        x17:3eaab07b  x5:10001618  PA:100016b4
14790111ns          244419 1c0082fc 12a2ae23 sw               x10, 316(x5)        x10:40af842c  x5:10001618  PA:10001754
14790131ns          244420 1c0082c4 0043a50b p.lw             x10, 4(x7!)         x10=3ecebd40  x7=10001564  x7:10001560  PA:10001560
14790171ns          244422 1c0082c8 90a6f343 fmadd.s          f6, f13, f10, f18    f6=xxxxxxxx f13:be704136 f10:3ecebd40 f18:00000000
14790191ns          244423 1c0082cc 0243ae03 lw               x28, 36(x7)         x28=40e7fa8b  x7:10001564  PA:10001588
14790210ns          244424 1c0082d0 90aff8c3 fmadd.s          f17, f31, f10, f18  f17=xxxxxxxx f31:3e38435d f10:3ecebd40 f18:00000000
14790230ns          244425 1c0082d4 90af7c43 fmadd.s          f24, f30, f10, f18  f24=xxxxxxxx f30:3f748da3 f10:3ecebd40 f18:00000000
14790250ns          244426 1c0082d8 31c87343 fmadd.s          f6, f16, f28, f6     f6=xxxxxxxx f16:3ee9370d f28:40e7fa8b  f6:bdc20616
14790270ns          244427 1c0082dc 04c3a503 lw               x10, 76(x7)         x10=3fbcee48  x7:10001564  PA:100015b0
14790290ns          244428 1c0082e0 89c778c3 fmadd.s          f17, f14, f28, f17  f17=xxxxxxxx f14:bf5909a4 f28:40e7fa8b f17:3d94ce6d
14790310ns          244429 1c0082e4 c1cefe43 fmadd.s          f28, f29, f28, f24  f28=xxxxxxxx f29:3e8b0b62 f28:40e7fa8b f24:3ec57ec3
14790330ns          244430 1c0082e8 30a5f343 fmadd.s          f6, f11, f10, f6     f6=xxxxxxxx f11:3f5bd7de f10:3fbcee48  f6:404d44ba
14790350ns          244431 1c0082ec 88a678c3 fmadd.s          f17, f12, f10, f17  f17=xxxxxxxx f12:3eff6905 f10:3fbcee48 f17:c0c258e3
14790370ns          244432 1c0082f0 e0a7f543 fmadd.s          f10, f15, f10, f28  f10=xxxxxxxx f15:3def83bc f10:3fbcee48 f28:4016af32
14790389ns          244433 1c0082f4 0062a22b p.sw             x6, 4(x5!)           x5=1000161c  x6:408f3227  x5:10001618  PA:10001618
14790409ns          244434 1c0082f8 0912ae23 sw               x17, 156(x5)        x17:c0aac908  x5:1000161c  PA:100016b8
14790429ns          244435 1c0082fc 12a2ae23 sw               x10, 316(x5)        x10:4021bb6d  x5:1000161c  PA:10001758
14790449ns          244436 1c0082c4 0043a50b p.lw             x10, 4(x7!)         x10=410cb2b1  x7=10001568  x7:10001564  PA:10001564
14790489ns          244438 1c0082c8 90a6f343 fmadd.s          f6, f13, f10, f18    f6=xxxxxxxx f13:be704136 f10:410cb2b1 f18:00000000
14790509ns          244439 1c0082cc 0243ae03 lw               x28, 36(x7)         x28=4019725c  x7:10001568  PA:1000158c
14790529ns          244440 1c0082d0 90aff8c3 fmadd.s          f17, f31, f10, f18  f17=xxxxxxxx f31:3e38435d f10:410cb2b1 f18:00000000
14790549ns          244441 1c0082d4 90af7c43 fmadd.s          f24, f30, f10, f18  f24=xxxxxxxx f30:3f748da3 f10:410cb2b1 f18:00000000
14790568ns          244442 1c0082d8 31c87343 fmadd.s          f6, f16, f28, f6     f6=xxxxxxxx f16:3ee9370d f28:4019725c  f6:c0040b5d
14790588ns          244443 1c0082dc 04c3a503 lw               x10, 76(x7)         x10=40d02654  x7:10001568  PA:100015b4
14790608ns          244444 1c0082e0 89c778c3 fmadd.s          f17, f14, f28, f17  f17=xxxxxxxx f14:bf5909a4 f28:4019725c f17:3fca8aea
14790628ns          244445 1c0082e4 c1cefe43 fmadd.s          f28, f29, f28, f24  f28=xxxxxxxx f29:3e8b0b62 f28:4019725c f24:41066829
14790648ns          244446 1c0082e8 30a5f343 fmadd.s          f6, f11, f10, f6     f6=xxxxxxxx f11:3f5bd7de f10:40d02654  f6:bf78994a
14790668ns          244447 1c0082ec 88a678c3 fmadd.s          f17, f12, f10, f17  f17=xxxxxxxx f12:3eff6905 f10:40d02654 f17:bee69212
14790688ns          244448 1c0082f0 e0a7f543 fmadd.s          f10, f15, f10, f28  f10=xxxxxxxx f15:3def83bc f10:40d02654 f28:4110d326
14790708ns          244449 1c0082f4 0062a22b p.sw             x6, 4(x5!)           x5=10001620  x6:4093ad25  x5:1000161c  PA:1000161c
14790728ns          244450 1c0082f8 0912ae23 sw               x17, 156(x5)        x17:4032d94f  x5:10001620  PA:100016bc
14790747ns          244451 1c0082fc 12a2ae23 sw               x10, 316(x5)        x10:411cff14  x5:10001620  PA:1000175c
14790767ns          244452 1c0082c4 0043a50b p.lw             x10, 4(x7!)         x10=4117dd48  x7=1000156c  x7:10001568  PA:10001568
14790807ns          244454 1c0082c8 90a6f343 fmadd.s          f6, f13, f10, f18    f6=xxxxxxxx f13:be704136 f10:4117dd48 f18:00000000
14790827ns          244455 1c0082cc 0243ae03 lw               x28, 36(x7)         x28=3fffbaba  x7:1000156c  PA:10001590
14790847ns          244456 1c0082d0 90aff8c3 fmadd.s          f17, f31, f10, f18  f17=xxxxxxxx f31:3e38435d f10:4117dd48 f18:00000000
14790867ns          244457 1c0082d4 90af7c43 fmadd.s          f24, f30, f10, f18  f24=xxxxxxxx f30:3f748da3 f10:4117dd48 f18:00000000
14790887ns          244458 1c0082d8 31c87343 fmadd.s          f6, f16, f28, f6     f6=xxxxxxxx f16:3ee9370d f28:3fffbaba  f6:c00e8623
14790907ns          244459 1c0082dc 04c3a503 lw               x10, 76(x7)         x10=400bd838  x7:1000156c  PA:100015b8
14790926ns          244460 1c0082e0 89c778c3 fmadd.s          f17, f14, f28, f17  f17=xxxxxxxx f14:bf5909a4 f28:3fffbaba f17:3fda9e04
14790946ns          244461 1c0082e4 c1cefe43 fmadd.s          f28, f29, f28, f24  f28=xxxxxxxx f29:3e8b0b62 f28:3fffbaba f24:411112ee
14790966ns          244462 1c0082e8 30a5f343 fmadd.s          f6, f11, f10, f6     f6=xxxxxxxx f11:3f5bd7de f10:400bd838  f6:bfa8904d
14790986ns          244463 1c0082ec 88a678c3 fmadd.s          f17, f12, f10, f17  f17=xxxxxxxx f12:3eff6905 f10:400bd838 f17:3c678d79
14791006ns          244464 1c0082f0 e0a7f543 fmadd.s          f10, f15, f10, f28  f10=xxxxxxxx f15:3def83bc f10:400bd838 f28:4119c14a
14791026ns          244465 1c0082f4 0062a22b p.sw             x6, 4(x5!)           x5=10001624  x6:3f0f3ef5  x5:10001620  PA:10001620
14791046ns          244466 1c0082f8 0912ae23 sw               x17, 156(x5)        x17:3f8d54d9  x5:10001624  PA:100016c0
14791066ns          244467 1c0082fc 12a2ae23 sw               x10, 316(x5)        x10:411dd801  x5:10001624  PA:10001760
14791086ns          244468 1c0082c4 0043a50b p.lw             x10, 4(x7!)         x10=3ec99e22  x7=10001570  x7:1000156c  PA:1000156c
14791125ns          244470 1c0082c8 90a6f343 fmadd.s          f6, f13, f10, f18    f6=xxxxxxxx f13:be704136 f10:3ec99e22 f18:00000000
14791145ns          244471 1c0082cc 0243ae03 lw               x28, 36(x7)         x28=40947deb  x7:10001570  PA:10001594
14791165ns          244472 1c0082d0 90aff8c3 fmadd.s          f17, f31, f10, f18  f17=xxxxxxxx f31:3e38435d f10:3ec99e22 f18:00000000
14791185ns          244473 1c0082d4 90af7c43 fmadd.s          f24, f30, f10, f18  f24=xxxxxxxx f30:3f748da3 f10:3ec99e22 f18:00000000
14791205ns          244474 1c0082d8 31c87343 fmadd.s          f6, f16, f28, f6     f6=xxxxxxxx f16:3ee9370d f28:40947deb  f6:bdbd379c
14791225ns          244475 1c0082dc 04c3a503 lw               x10, 76(x7)         x10=4019777b  x7:10001570  PA:100015bc
14791245ns          244476 1c0082e0 89c778c3 fmadd.s          f17, f14, f28, f17  f17=xxxxxxxx f14:bf5909a4 f28:40947deb f17:3d911eb6
14791265ns          244477 1c0082e4 c1cefe43 fmadd.s          f28, f29, f28, f24  f28=xxxxxxxx f29:3e8b0b62 f28:40947deb f24:3ec09a45
14791285ns          244478 1c0082e8 30a5f343 fmadd.s          f6, f11, f10, f6     f6=xxxxxxxx f11:3f5bd7de f10:4019777b  f6:40015ccd
14791304ns          244479 1c0082ec 88a678c3 fmadd.s          f17, f12, f10, f17  f17=xxxxxxxx f12:3eff6905 f10:4019777b f17:c0773fb2
14791324ns          244480 1c0082f0 e0a7f543 fmadd.s          f10, f15, f10, f28  f10=xxxxxxxx f15:3def83bc f10:4019777b f28:3fd17483
14791344ns          244481 1c0082f4 0062a22b p.sw             x6, 4(x5!)           x5=10001628  x6:408293b6  x5:10001624  PA:10001624
14791364ns          244482 1c0082f8 0912ae23 sw               x17, 156(x5)        x17:c02ab136  x5:10001628  PA:100016c4
14791384ns          244483 1c0082fc 12a2ae23 sw               x10, 316(x5)        x10:3ff559e4  x5:10001628  PA:10001764
14791404ns          244484 1c0082c4 0043a50b p.lw             x10, 4(x7!)         x10=410ab743  x7=10001574  x7:10001570  PA:10001570
14791444ns          244486 1c0082c8 90a6f343 fmadd.s          f6, f13, f10, f18    f6=xxxxxxxx f13:be704136 f10:410ab743 f18:00000000
14791464ns          244487 1c0082cc 0243ae03 lw               x28, 36(x7)         x28=4093348a  x7:10001574  PA:10001598
14791483ns          244488 1c0082d0 90aff8c3 fmadd.s          f17, f31, f10, f18  f17=xxxxxxxx f31:3e38435d f10:410ab743 f18:00000000
14791503ns          244489 1c0082d4 90af7c43 fmadd.s          f24, f30, f10, f18  f24=xxxxxxxx f30:3f748da3 f10:410ab743 f18:00000000
14791523ns          244490 1c0082d8 31c87343 fmadd.s          f6, f16, f28, f6     f6=xxxxxxxx f16:3ee9370d f28:4093348a  f6:c0022f25
14791543ns          244491 1c0082dc 04c3a503 lw               x10, 76(x7)         x10=3fce8fbc  x7:10001574  PA:100015c0
14791563ns          244492 1c0082e0 89c778c3 fmadd.s          f17, f14, f28, f17  f17=xxxxxxxx f14:bf5909a4 f28:4093348a f17:3fc7b071
14791583ns          244493 1c0082e4 c1cefe43 fmadd.s          f28, f29, f28, f24  f28=xxxxxxxx f29:3e8b0b62 f28:4093348a f24:4104836b
14791603ns          244494 1c0082e8 30a5f343 fmadd.s          f6, f11, f10, f6     f6=xxxxxxxx f11:3f5bd7de f10:3fce8fbc  f6:3d7ad517
14791623ns          244495 1c0082ec 88a678c3 fmadd.s          f17, f12, f10, f17  f17=xxxxxxxx f12:3eff6905 f10:3fce8fbc f17:c015c1f0
14791643ns          244496 1c0082f0 e0a7f543 fmadd.s          f10, f15, f10, f28  f10=xxxxxxxx f15:3def83bc f10:3fce8fbc f28:41188070
14791662ns          244497 1c0082f4 0062a22b p.sw             x6, 4(x5!)           x5=1000162c  x6:3fb939cc  x5:10001628  PA:10001628
14791682ns          244498 1c0082f8 0912ae23 sw               x17, 156(x5)        x17:bfc478eb  x5:1000162c  PA:100016c8
14791702ns          244499 1c0082fc 12a2ae23 sw               x10, 316(x5)        x10:411b857a  x5:1000162c  PA:10001768
14791722ns          244500 1c0082c4 0043a50b p.lw             x10, 4(x7!)         x10=40c9308c  x7=10001578  x7:10001574  PA:10001574
14791762ns          244502 1c0082c8 90a6f343 fmadd.s          f6, f13, f10, f18    f6=xxxxxxxx f13:be704136 f10:40c9308c f18:00000000
14791782ns          244503 1c0082cc 0243ae03 lw               x28, 36(x7)         x28=409400ea  x7:10001578  PA:1000159c
14791802ns          244504 1c0082d0 90aff8c3 fmadd.s          f17, f31, f10, f18  f17=xxxxxxxx f31:3e38435d f10:40c9308c f18:00000000
14791822ns          244505 1c0082d4 90af7c43 fmadd.s          f24, f30, f10, f18  f24=xxxxxxxx f30:3f748da3 f10:40c9308c f18:00000000
14791841ns          244506 1c0082d8 31c87343 fmadd.s          f6, f16, f28, f6     f6=xxxxxxxx f16:3ee9370d f28:409400ea  f6:bfbcd0c3
14791861ns          244507 1c0082dc 04c3a503 lw               x10, 76(x7)         x10=411c9873  x7:10001578  PA:100015c4
14791881ns          244508 1c0082e0 89c778c3 fmadd.s          f17, f14, f28, f17  f17=xxxxxxxx f14:bf5909a4 f28:409400ea f17:3f90cfd5
14791901ns          244509 1c0082e4 c1cefe43 fmadd.s          f28, f29, f28, f24  f28=xxxxxxxx f29:3e8b0b62 f28:409400ea f24:40c03195
14791921ns          244510 1c0082e8 30a5f343 fmadd.s          f6, f11, f10, f6     f6=xxxxxxxx f11:3f5bd7de f10:411c9873  f6:3f21b11d
14791941ns          244511 1c0082ec 88a678c3 fmadd.s          f17, f12, f10, f17  f17=xxxxxxxx f12:3eff6905 f10:411c9873 f17:c0328cc8
14791961ns          244512 1c0082f0 e0a7f543 fmadd.s          f10, f15, f10, f28  f10=xxxxxxxx f15:3def83bc f10:411c9873 f28:40e8631f
14791981ns          244513 1c0082f4 0062a22b p.sw             x6, 4(x5!)           x5=10001630  x6:41109588  x5:1000162c  PA:1000162c
14792001ns          244514 1c0082f8 0912ae23 sw               x17, 156(x5)        x17:4005eb68  x5:10001630  PA:100016cc
14792020ns          244515 1c0082fc 12a2ae23 sw               x10, 316(x5)        x10:410681ed  x5:10001630  PA:1000176c
14792040ns          244516 1c008300 02848493 addi             x9, x9, 40           x9=1c0103e8  x9:1c0103c0
14792060ns          244517 1c008304 028b0b13 addi             x22, x22, 40        x22=10001630 x22:10001608
14792080ns          244518 1c008308 e75a18e3 bne              x20, x21, -400      x20:1c010810 x21:1c010804
14792558ns          244542 1c008178 004aa70b p.lw             x14, 4(x21!)        x14=3f7e33a8 x21=1c010808 x21:1c010804  PA:1c010804
14792856ns          244557 1c00817c 00caa683 lw               x13, 12(x21)        x13=3c2a2140 x21:1c010808  PA:1c010814
14793154ns          244572 1c008180 01caa783 lw               x15, 28(x21)        x15=3df16152 x21:1c010808  PA:1c010824
14793453ns          244587 1c008184 10d6f6d3 fmul.s           f13, f13, f13       f13=xxxxxxxx f13:3c2a2140 f13:3c2a2140
14793473ns          244588 1c008188 02caa503 lw               x10, 44(x21)        x10=3eae528e x21:1c010808  PA:1c010834
14793771ns          244603 1c00818c 68e77743 fmadd.s          f14, f14, f14, f13  f14=xxxxxxxx f14:3f7e33a8 f14:3f7e33a8 f13:38e2205b
14793791ns          244604 1c008190 70f7f7c3 fmadd.s          f15, f15, f15, f14  f15=xxxxxxxx f15:3df16152 f15:3df16152 f14:3f7c719d
14793811ns          244605 1c008194 5807f7d3 fsqrt.s          f15, f15            f15=xxxxxxxx f15:3f7fffff
14794089ns          244619 1c008198 18fbfd53 fdiv.s           f26, f23, f15       f26=xxxxxxxx f23:3f800000 f15:3f7fffff
14794387ns          244634 1c00819c 314000ef jal              x1, 788              x1=xxxxxxxx
14794407ns          244635 1c0084b0 a0a527d3 feq.s            x15, f10, f10       x15=00000001 f10:3eae528e f10:3eae528e
14794666ns          244648 1c0084b4 0a078b63 beq              x15, x0, 182        x15:00000001
14794686ns          244649 1c0084b6 e00517d3 fclass.s         x15, f10            x15=00000040 f10:3eae528e
14794706ns          244650 1c0084ba 0817f793 andi             x15, x15, 129       x15=00000000 x15:00000040
14794726ns          244651 1c0084be 0a079663 bne              x15, x0, 172        x15:00000000
14794765ns          244653 1c0084c0 00000793 addi             x15, x0, 0          x15=00000000
14794805ns          244655 1c0084c4 a0f517d3 flt.s            x15, f10, f15       x15=00000000 f10:3eae528e f15:00000000
14794825ns          244656 1c0084c8 0a079663 bne              x15, x0, 172        x15:00000000
14794845ns          244657 1c0084ca 1c000737 lui              x14, 0x1c000000     x14=1c000000
14794905ns          244660 1c0084ce 0ec72783 lw               x15, 236(x14)       x15=40c90fdb x14:1c000000  PA:1c0000ec
14795223ns          244676 1c0084d2 a0a797d3 flt.s            x15, f15, f10       x15=00000000 f15:40c90fdb f10:3eae528e
14795243ns          244677 1c0084d6 00078b63 beq              x15, x0, 22         x15:00000000
14795362ns          244683 1c0084ec 00000793 addi             x15, x0, 0          x15=00000000
14795422ns          244686 1c0084f0 a0f517d3 flt.s            x15, f10, f15       x15=00000000 f10:3eae528e f15:00000000
14795462ns          244688 1c0084f4 08079a63 bne              x15, x0, 148        x15:00000000
14795481ns          244689 1c0084f6 1c0007b7 lui              x15, 0x1c000000     x15=1c000000
14795501ns          244690 1c0084fa 0b87a783 lw               x15, 184(x15)       x15=3fc90fdb x15:1c000000  PA:1c0000b8
14795840ns          244707 1c0084fe a0f517d3 flt.s            x15, f10, f15       x15=00000001 f10:3eae528e f15:3fc90fdb
14795859ns          244708 1c008502 02079563 bne              x15, x0, 42         x15:00000001
14795919ns          244711 1c00852c 10a57553 fmul.s           f10, f10, f10       f10=xxxxxxxx f10:3eae528e f10:3eae528e
14795979ns          244714 1c008530 1c0007b7 lui              x15, 0x1c000000     x15=1c000000
14796019ns          244716 1c008534 1c000737 lui              x14, 0x1c000000     x14=1c000000
14796038ns          244717 1c008538 0f472703 lw               x14, 244(x14)       x14=bab59551 x14:1c000000  PA:1c0000f4
14796396ns          244735 1c00853c 0f07a783 lw               x15, 240(x15)       x15=37c23ab1 x15:1c000000  PA:1c0000f0
14796715ns          244751 1c008540 70f577c3 fmadd.s          f15, f10, f15, f14  f15=xxxxxxxx f10:3ded68a7 f15:37c23ab1 f14:bab59551
14796735ns          244752 1c008544 1c000737 lui              x14, 0x1c000000     x14=1c000000
14796754ns          244753 1c008548 0f872703 lw               x14, 248(x14)       x14=3d2aa76f x14:1c000000  PA:1c0000f8
14797073ns          244769 1c00854c 70f577c3 fmadd.s          f15, f10, f15, f14  f15=xxxxxxxx f10:3ded68a7 f15:bab53b41 f14:3d2aa76f
14797093ns          244770 1c008550 1c000737 lui              x14, 0x1c000000     x14=1c000000
14797113ns          244771 1c008554 0fc72703 lw               x14, 252(x14)       x14=beffffe0 x14:1c000000  PA:1c0000fc
14797431ns          244787 1c008558 70f577c3 fmadd.s          f15, f10, f15, f14  f15=xxxxxxxx f10:3ded68a7 f15:3d29ff5d f14:beffffe0
14797451ns          244788 1c00855c 1c000737 lui              x14, 0x1c000000     x14=1c000000
14797471ns          244789 1c008560 12472703 lw               x14, 292(x14)       x14=3f7fffff x14:1c000000  PA:1c000124
14797848ns          244808 1c008564 70f57543 fmadd.s          f10, f10, f15, f14  f10=xxxxxxxx f10:3ded68a7 f15:befd8944 f14:3f7fffff
14797868ns          244809 1c008568 00008067 jalr             x0, x1, 0            x1:1c00819e
14797908ns          244811 1c00819e 00a00433 add              x8, x0, x10          x8=3f714e03 x10:3f714e03
14797928ns          244812 1c0081a0 02caa503 lw               x10, 44(x21)        x10=3eae528e x21:1c010808  PA:1c010834
14798246ns          244828 1c0081a4 08a9f553 fsub.s           f10, f19, f10       f10=xxxxxxxx f19:3fc90fdb f10:3eae528e
14798266ns          244829 1c0081a8 308000ef jal              x1, 776              x1=1c0081aa
14798346ns          244833 1c0084b0 a0a527d3 feq.s            x15, f10, f10       x15=00000001 f10:3f9d7b38 f10:3f9d7b38
14798386ns          244835 1c0084b4 0a078b63 beq              x15, x0, 182        x15:00000001
14798405ns          244836 1c0084b6 e00517d3 fclass.s         x15, f10            x15=00000040 f10:3f9d7b38
14798425ns          244837 1c0084ba 0817f793 andi             x15, x15, 129       x15=00000000 x15:00000040
14798445ns          244838 1c0084be 0a079663 bne              x15, x0, 172        x15:00000000
14798485ns          244840 1c0084c0 00000793 addi             x15, x0, 0          x15=00000000
14798525ns          244842 1c0084c4 a0f517d3 flt.s            x15, f10, f15       x15=00000000 f10:3f9d7b38 f15:00000000
14798545ns          244843 1c0084c8 0a079663 bne              x15, x0, 172        x15:00000000
14798565ns          244844 1c0084ca 1c000737 lui              x14, 0x1c000000     x14=1c000000
14798624ns          244847 1c0084ce 0ec72783 lw               x15, 236(x14)       x15=40c90fdb x14:1c000000  PA:1c0000ec
14798962ns          244864 1c0084d2 a0a797d3 flt.s            x15, f15, f10       x15=00000000 f15:40c90fdb f10:3f9d7b38
14798982ns          244865 1c0084d6 00078b63 beq              x15, x0, 22         x15:00000000
14799102ns          244871 1c0084ec 00000793 addi             x15, x0, 0          x15=00000000
14799121ns          244872 1c0084f0 a0f517d3 flt.s            x15, f10, f15       x15=00000000 f10:3f9d7b38 f15:00000000
14799141ns          244873 1c0084f4 08079a63 bne              x15, x0, 148        x15:00000000
14799161ns          244874 1c0084f6 1c0007b7 lui              x15, 0x1c000000     x15=1c000000
14799181ns          244875 1c0084fa 0b87a783 lw               x15, 184(x15)       x15=3fc90fdb x15:1c000000  PA:1c0000b8
14799519ns          244892 1c0084fe a0f517d3 flt.s            x15, f10, f15       x15=00000001 f10:3f9d7b38 f15:3fc90fdb
14799539ns          244893 1c008502 02079563 bne              x15, x0, 42         x15:00000001
14799599ns          244896 1c00852c 10a57553 fmul.s           f10, f10, f10       f10=xxxxxxxx f10:3f9d7b38 f10:3f9d7b38
14799619ns          244897 1c008530 1c0007b7 lui              x15, 0x1c000000     x15=1c000000
14799639ns          244898 1c008534 1c000737 lui              x14, 0x1c000000     x14=1c000000
14799659ns          244899 1c008538 0f472703 lw               x14, 244(x14)       x14=bab59551 x14:1c000000  PA:1c0000f4
14799957ns          244914 1c00853c 0f07a783 lw               x15, 240(x15)       x15=37c23ab1 x15:1c000000  PA:1c0000f0
14800295ns          244931 1c008540 70f577c3 fmadd.s          f15, f10, f15, f14  f15=xxxxxxxx f10:3fc1c0bc f15:37c23ab1 f14:bab59551
14800315ns          244932 1c008544 1c000737 lui              x14, 0x1c000000     x14=1c000000
14800335ns          244933 1c008548 0f872703 lw               x14, 248(x14)       x14=3d2aa76f x14:1c000000  PA:1c0000f8
14800693ns          244951 1c00854c 70f577c3 fmadd.s          f15, f10, f15, f14  f15=xxxxxxxx f10:3fc1c0bc f15:bab0fd4d f14:3d2aa76f
14800713ns          244952 1c008550 1c000737 lui              x14, 0x1c000000     x14=1c000000
14800733ns          244953 1c008554 0fc72703 lw               x14, 252(x14)       x14=beffffe0 x14:1c000000  PA:1c0000fc
14801091ns          244971 1c008558 70f577c3 fmadd.s          f15, f10, f15, f14  f15=xxxxxxxx f10:3fc1c0bc f15:3d22482c f14:beffffe0
14801111ns          244972 1c00855c 1c000737 lui              x14, 0x1c000000     x14=1c000000
14801130ns          244973 1c008560 12472703 lw               x14, 292(x14)       x14=3f7fffff x14:1c000000  PA:1c000124
14801449ns          244989 1c008564 70f57543 fmadd.s          f10, f10, f15, f14  f10=xxxxxxxx f10:3fc1c0bc f15:bee14b3a f14:3f7fffff
14801469ns          244990 1c008568 00008067 jalr             x0, x1, 0            x1:1c0081aa
14801508ns          244992 1c0081aa 0204a683 lw               x13, 32(x9)         x13=41196555  x9:1c0103e8  PA:1c010408
14801807ns          245007 1c0081ac 0244a703 lw               x14, 36(x9)         x14=404c19e0  x9:1c0103e8  PA:1c01040c
14802105ns          245022 1c0081ae 0a04a783 lw               x15, 160(x9)        x15=40939ce7  x9:1c0103e8  PA:1c010488
14802423ns          245038 1c0081b2 02d12423 sw               x13, 40(x2)         x13:41196555  x2:10001548  PA:10001570
14802443ns          245039 1c0081b4 02e12623 sw               x14, 44(x2)         x14:404c19e0  x2:10001548  PA:10001574
14802463ns          245040 1c0081b6 ffcaa683 lw               x13, -4(x21)        x13=3f7e33a8 x21:1c010808  PA:1c010804
14802761ns          245055 1c0081ba 00caa703 lw               x14, 12(x21)        x14=3c2a2140 x21:1c010808  PA:1c010814
14803100ns          245072 1c0081be 02f12823 sw               x15, 48(x2)         x15:40939ce7  x2:10001548  PA:10001578
14803120ns          245073 1c0081c0 01caa783 lw               x15, 28(x21)        x15=3df16152 x21:1c010808  PA:1c010824
14803418ns          245088 1c0081c4 10dd76d3 fmul.s           f13, f26, f13       f13=xxxxxxxx f26:3f800000 f13:3f7e33a8
14803438ns          245089 1c0081c8 10ed7753 fmul.s           f14, f26, f14       f14=xxxxxxxx f26:3f800000 f14:3c2a2140
14803458ns          245090 1c0081cc 10fd77d3 fmul.s           f15, f26, f15       f15=xxxxxxxx f26:3f800000 f15:3df16152
14803478ns          245091 1c0081d0 0044ae83 lw               x29, 4(x9)          x29=4096098d  x9:1c0103e8  PA:1c0103ec
14803776ns          245106 1c0081d4 0084ae03 lw               x28, 8(x9)          x28=411b4452  x9:1c0103e8  PA:1c0103f0
14804074ns          245121 1c0081d8 00c4a303 lw               x6, 12(x9)           x6=40ed0d96  x9:1c0103e8  PA:1c0103f4
14804373ns          245136 1c0081dc 0104a883 lw               x17, 16(x9)         x17=40ce91e1  x9:1c0103e8  PA:1c0103f8
14804671ns          245151 1c0081e0 0144a803 lw               x16, 20(x9)         x16=411a9c81  x9:1c0103e8  PA:1c0103fc
14804969ns          245166 1c0081e4 0184a583 lw               x11, 24(x9)         x11=40b1b6a7  x9:1c0103e8  PA:1c010400
14805268ns          245181 1c0081e6 01c4a603 lw               x12, 28(x9)         x12=40dacf10  x9:1c0103e8  PA:1c010404
14805586ns          245197 1c0081e8 0004af03 lw               x30, 0(x9)          x30=40f8b381  x9:1c0103e8  PA:1c0103e8
14805884ns          245212 1c0081ec 0b84a383 lw               x7, 184(x9)          x7=40b2b4fc  x9:1c0103e8  PA:1c0104a0
14806183ns          245227 1c0081f0 0bc4a283 lw               x5, 188(x9)          x5=3e74a9a6  x9:1c0103e8  PA:1c0104a4
14806481ns          245242 1c0081f4 0c04af83 lw               x31, 192(x9)        x31=40b4d295  x9:1c0103e8  PA:1c0104a8
14806799ns          245258 1c0081f8 01e12423 sw               x30, 8(x2)          x30:40f8b381  x2:10001548  PA:10001550
14806819ns          245259 1c0081fa 01d12623 sw               x29, 12(x2)         x29:4096098d  x2:10001548  PA:10001554
14806839ns          245260 1c0081fc 0c44af03 lw               x30, 196(x9)        x30=404d09a4  x9:1c0103e8  PA:1c0104ac
14807137ns          245275 1c008200 01c12823 sw               x28, 16(x2)         x28:411b4452  x2:10001548  PA:10001558
14807157ns          245276 1c008202 00612a23 sw               x6, 20(x2)           x6:40ed0d96  x2:10001548  PA:1000155c
14807177ns          245277 1c008204 01112c23 sw               x17, 24(x2)         x17:40ce91e1  x2:10001548  PA:10001560
14807197ns          245278 1c008206 01012e23 sw               x16, 28(x2)         x16:411a9c81  x2:10001548  PA:10001564
14807217ns          245279 1c008208 02b12023 sw               x11, 32(x2)         x11:40b1b6a7  x2:10001548  PA:10001568
14807237ns          245280 1c00820a 10f57853 fmul.s           f16, f10, f15       f16=xxxxxxxx f10:3eaaf955 f15:3df16152
14807277ns          245282 1c00820e 10e575d3 fmul.s           f11, f10, f14       f11=xxxxxxxx f10:3eaaf955 f14:3c2a2140
14807297ns          245283 1c008212 02c12223 sw               x12, 36(x2)         x12:40dacf10  x2:10001548  PA:1000156c
14807316ns          245284 1c008214 0b04ac83 lw               x25, 176(x9)        x25=410b5125  x9:1c0103e8  PA:1c010498
14807615ns          245299 1c008218 10d57653 fmul.s           f12, f10, f13       f12=xxxxxxxx f10:3eaaf955 f13:3f7e33a8
14807635ns          245300 1c00821c 0b44ac03 lw               x24, 180(x9)        x24=408d2016  x9:1c0103e8  PA:1c01049c
14807933ns          245315 1c008220 1644ad03 lw               x26, 356(x9)        x26=409febb4  x9:1c0103e8  PA:1c01054c
14808271ns          245332 1c008224 1404a503 lw               x10, 320(x9)        x10=40e406ac  x9:1c0103e8  PA:1c010528
14808570ns          245347 1c008228 0a44ad83 lw               x27, 164(x9)        x27=40d6bd79  x9:1c0103e8  PA:1c01048c
14808868ns          245362 1c00822c 04a12c23 sw               x10, 88(x2)         x10:40e406ac  x2:10001548  PA:100015a0
14808888ns          245363 1c00822e 03b12a23 sw               x27, 52(x2)         x27:40d6bd79  x2:10001548  PA:1000157c
14808908ns          245364 1c008230 0a84ad83 lw               x27, 168(x9)        x27=40135eeb  x9:1c0103e8  PA:1c010490
14809206ns          245379 1c008234 1444a503 lw               x10, 324(x9)        x10=40793c3c  x9:1c0103e8  PA:1c01052c
14809504ns          245394 1c008238 03b12c23 sw               x27, 56(x2)         x27:40135eeb  x2:10001548  PA:10001580
14809524ns          245395 1c00823a 0ac4ad83 lw               x27, 172(x9)        x27=409e3a7d  x9:1c0103e8  PA:1c010494
14809823ns          245410 1c00823e 04a12e23 sw               x10, 92(x2)         x10:40793c3c  x2:10001548  PA:100015a4
14809843ns          245411 1c008240 03b12e23 sw               x27, 60(x2)         x27:409e3a7d  x2:10001548  PA:10001584
14809862ns          245412 1c008242 1484ad83 lw               x27, 328(x9)        x27=3f4b8589  x9:1c0103e8  PA:1c010530
14810161ns          245427 1c008246 14c4a503 lw               x10, 332(x9)        x10=3fae4c7c  x9:1c0103e8  PA:1c010534
14810459ns          245442 1c00824a 07b12023 sw               x27, 96(x2)         x27:3f4b8589  x2:10001548  PA:100015a8
14810479ns          245443 1c00824c 1504ad83 lw               x27, 336(x9)        x27=40e81a96  x9:1c0103e8  PA:1c010538
14810777ns          245458 1c008250 088bf8d3 fsub.s           f17, f23, f8        f17=xxxxxxxx f23:3f800000  f8:3f714e03
14810797ns          245459 1c008254 10e6fed3 fmul.s           f29, f13, f14       f29=xxxxxxxx f13:3f7e33a8 f14:3c2a2140
14810817ns          245460 1c008258 10f6fe53 fmul.s           f28, f13, f15       f28=xxxxxxxx f13:3f7e33a8 f15:3df16152
14810837ns          245461 1c00825c 10f77353 fmul.s           f6, f14, f15         f6=xxxxxxxx f14:3c2a2140 f15:3df16152
14810857ns          245462 1c008260 06a12223 sw               x10, 100(x2)        x10:3fae4c7c  x2:10001548  PA:100015ac
14810877ns          245463 1c008262 07b12423 sw               x27, 104(x2)        x27:40e81a96  x2:10001548  PA:100015b0
14810897ns          245464 1c008264 1544a503 lw               x10, 340(x9)        x10=3f15a385  x9:1c0103e8  PA:1c01053c
14811195ns          245479 1c008268 1584ad83 lw               x27, 344(x9)        x27=40bf10ea  x9:1c0103e8  PA:1c010540
14811494ns          245494 1c00826c 10d6f6d3 fmul.s           f13, f13, f13       f13=xxxxxxxx f13:3f7e33a8 f13:3f7e33a8
14811513ns          245495 1c008270 10e77753 fmul.s           f14, f14, f14       f14=xxxxxxxx f14:3c2a2140 f14:3c2a2140
14811533ns          245496 1c008274 10f7f7d3 fmul.s           f15, f15, f15       f15=xxxxxxxx f15:3df16152 f15:3df16152
14811553ns          245497 1c008278 05f12823 sw               x31, 80(x2)         x31:40b4d295  x2:10001548  PA:10001598
14811573ns          245498 1c00827a 05e12a23 sw               x30, 84(x2)         x30:404d09a4  x2:10001548  PA:1000159c
14811593ns          245499 1c00827c 81d8ffc7 fmsub.s          f31, f17, f29, f16  f31=xxxxxxxx f17:3d6b1fd0 f29:3c28ef52 f16:3d2135b8
14811613ns          245500 1c008280 06a12623 sw               x10, 108(x2)        x10:3f15a385  x2:10001548  PA:100015b4
14811633ns          245501 1c008282 07b12823 sw               x27, 112(x2)        x27:40bf10ea  x2:10001548  PA:100015b8
14811653ns          245502 1c008284 15c4a503 lw               x10, 348(x9)        x10=411ab3bd  x9:1c0103e8  PA:1c010544
14811971ns          245518 1c008288 1604ad83 lw               x27, 352(x9)        x27=4108fbce  x9:1c0103e8  PA:1c010548
14812289ns          245534 1c00828c 59c8ff43 fmadd.s          f30, f17, f28, f11  f30=xxxxxxxx f17:3d6b1fd0 f28:3defaf44 f11:3b633f8f
14812309ns          245535 1c008290 81d8f843 fmadd.s          f16, f17, f29, f16  f16=xxxxxxxx f17:3d6b1fd0 f29:3c28ef52 f16:3d2135b8
14812329ns          245536 1c008294 59c8f5c7 fmsub.s          f11, f17, f28, f11  f11=xxxxxxxx f17:3d6b1fd0 f28:3defaf44 f11:3b633f8f
14812349ns          245537 1c008298 6068fec7 fmsub.s          f29, f17, f6, f12   f29=xxxxxxxx f17:3d6b1fd0  f6:3aa069fa f12:3ea9c5e2
14812369ns          245538 1c00829c 6068f643 fmadd.s          f12, f17, f6, f12   f12=xxxxxxxx f17:3d6b1fd0  f6:3aa069fa f12:3ea9c5e2
14812409ns          245540 1c0082a0 04712423 sw               x7, 72(x2)           x7:40b2b4fc  x2:10001548  PA:10001590
14812428ns          245541 1c0082a2 04512623 sw               x5, 76(x2)           x5:3e74a9a6  x2:10001548  PA:10001594
14812448ns          245542 1c0082a4 4116f6c3 fmadd.s          f13, f13, f17, f8   f13=xxxxxxxx f13:3f7c6a8c f17:3d6b1fd0  f8:3f714e03
14812468ns          245543 1c0082a8 40e8f743 fmadd.s          f14, f17, f14, f8   f14=xxxxxxxx f17:3d6b1fd0 f14:38e2205b  f8:3f714e03
14812488ns          245544 1c0082ac 40f8f7c3 fmadd.s          f15, f17, f15, f8   f15=xxxxxxxx f17:3d6b1fd0 f15:3c639861  f8:3f714e03
14812548ns          245547 1c0082b0 05912023 sw               x25, 64(x2)         x25:410b5125  x2:10001548  PA:10001588
14812568ns          245548 1c0082b2 05812223 sw               x24, 68(x2)         x24:408d2016  x2:10001548  PA:1000158c
14812588ns          245549 1c0082b4 06a12a23 sw               x10, 116(x2)        x10:411ab3bd  x2:10001548  PA:100015bc
14812607ns          245550 1c0082b6 07b12c23 sw               x27, 120(x2)        x27:4108fbce  x2:10001548  PA:100015c0
14812627ns          245551 1c0082b8 07a12e23 sw               x26, 124(x2)        x26:409febb4  x2:10001548  PA:100015c4
14812647ns          245552 1c0082ba 00810393 addi             x7, x2, 8            x7=10001550  x2:10001548
14812667ns          245553 1c0082be 016002b3 add              x5, x0, x22          x5=10001630 x22:10001630
14812687ns          245554 1c0082c0 00af50fb lp.setupi        0x1, 0xa, 0x1e     
14812727ns          245556 1c0082c4 0043a50b p.lw             x10, 4(x7!)         x10=40f8b381  x7=10001554  x7:10001550  PA:10001550
14812767ns          245558 1c0082c8 90a6f343 fmadd.s          f6, f13, f10, f18    f6=xxxxxxxx f13:3f7fcb56 f10:40f8b381 f18:00000000
14812786ns          245559 1c0082cc 0243ae03 lw               x28, 36(x7)         x28=40939ce7  x7:10001554  PA:10001578
14812826ns          245561 1c0082d0 90aff8c3 fmadd.s          f17, f31, f10, f18  f17=xxxxxxxx f31:bd1ec915 f10:40f8b381 f18:00000000
14812866ns          245563 1c0082d4 90af7c43 fmadd.s          f24, f30, f10, f18  f24=xxxxxxxx f30:3c26e1ba f10:40f8b381 f18:00000000
14812886ns          245564 1c0082d8 31c87343 fmadd.s          f6, f16, f28, f6     f6=xxxxxxxx f16:3d23a25b f28:40939ce7  f6:40f88057
14812906ns          245565 1c0082dc 04c3a503 lw               x10, 76(x7)         x10=40e406ac  x7:10001554  PA:100015a0
14812965ns          245568 1c0082e0 89c778c3 fmadd.s          f17, f14, f28, f17  f17=xxxxxxxx f14:3f714e6b f28:40939ce7 f17:be9a4223
14813005ns          245570 1c0082e4 c1cefe43 fmadd.s          f28, f29, f28, f24  f28=xxxxxxxx f29:bea9bcad f28:40939ce7 f24:3da21fb0
14813025ns          245571 1c0082e8 30a5f343 fmadd.s          f6, f11, f10, f6     f6=xxxxxxxx f11:3b5507ca f10:40e406ac  f6:40fe65ff
14813045ns          245572 1c0082ec 88a678c3 fmadd.s          f17, f12, f10, f17  f17=xxxxxxxx f12:3ea9cf17 f10:40e406ac f17:40817fcb
14813105ns          245575 1c0082f0 e0a7f543 fmadd.s          f10, f15, f10, f28  f10=xxxxxxxx f15:3f718245 f10:40e406ac f28:bfb99cc4
14813144ns          245577 1c0082f4 0062a22b p.sw             x6, 4(x5!)           x5=10001634  x6:40ff23bf  x5:10001630  PA:10001630
14813164ns          245578 1c0082f8 0912ae23 sw               x17, 156(x5)        x17:40cd203a  x5:10001634  PA:100016d0
14813184ns          245579 1c0082fc 12a2ae23 sw               x10, 316(x5)        x10:40a8b720  x5:10001634  PA:10001770
14813204ns          245580 1c0082c4 0043a50b p.lw             x10, 4(x7!)         x10=4096098d  x7=10001558  x7:10001554  PA:10001554
14813244ns          245582 1c0082c8 90a6f343 fmadd.s          f6, f13, f10, f18    f6=xxxxxxxx f13:3f7fcb56 f10:4096098d f18:00000000
14813264ns          245583 1c0082cc 0243ae03 lw               x28, 36(x7)         x28=40d6bd79  x7:10001558  PA:1000157c
14813284ns          245584 1c0082d0 90aff8c3 fmadd.s          f17, f31, f10, f18  f17=xxxxxxxx f31:bd1ec915 f10:4096098d f18:00000000
14813304ns          245585 1c0082d4 90af7c43 fmadd.s          f24, f30, f10, f18  f24=xxxxxxxx f30:3c26e1ba f10:4096098d f18:00000000
14813323ns          245586 1c0082d8 31c87343 fmadd.s          f6, f16, f28, f6     f6=xxxxxxxx f16:3d23a25b f28:40d6bd79  f6:4095eaaf
14813343ns          245587 1c0082dc 04c3a503 lw               x10, 76(x7)         x10=40793c3c  x7:10001558  PA:100015a4
14813363ns          245588 1c0082e0 89c778c3 fmadd.s          f17, f14, f28, f17  f17=xxxxxxxx f14:3f714e6b f28:40d6bd79 f17:be3a1f7e
14813383ns          245589 1c0082e4 c1cefe43 fmadd.s          f28, f29, f28, f24  f28=xxxxxxxx f29:bea9bcad f28:40d6bd79 f24:3d439cfa
14813403ns          245590 1c0082e8 30a5f343 fmadd.s          f6, f11, f10, f6     f6=xxxxxxxx f11:3b5507ca f10:40793c3c  f6:409e7edc
14813423ns          245591 1c0082ec 88a678c3 fmadd.s          f17, f12, f10, f17  f17=xxxxxxxx f12:3ea9cf17 f10:40793c3c f17:40c4992a
14813443ns          245592 1c0082f0 e0a7f543 fmadd.s          f10, f15, f10, f28  f10=xxxxxxxx f15:3f718245 f10:40793c3c f28:c00b52e5
14813463ns          245593 1c0082f4 0062a22b p.sw             x6, 4(x5!)           x5=10001638  x6:409ee68f  x5:10001634  PA:10001634
14813483ns          245594 1c0082f8 0912ae23 sw               x17, 156(x5)        x17:40ededc2  x5:10001638  PA:100016d4
14813502ns          245595 1c0082fc 12a2ae23 sw               x10, 316(x5)        x10:3fbf9b46  x5:10001638  PA:10001774
14813522ns          245596 1c0082c4 0043a50b p.lw             x10, 4(x7!)         x10=411b4452  x7=1000155c  x7:10001558  PA:10001558
14813562ns          245598 1c0082c8 90a6f343 fmadd.s          f6, f13, f10, f18    f6=xxxxxxxx f13:3f7fcb56 f10:411b4452 f18:00000000
14813582ns          245599 1c0082cc 0243ae03 lw               x28, 36(x7)         x28=40135eeb  x7:1000155c  PA:10001580
14813602ns          245600 1c0082d0 90aff8c3 fmadd.s          f17, f31, f10, f18  f17=xxxxxxxx f31:bd1ec915 f10:411b4452 f18:00000000
14813622ns          245601 1c0082d4 90af7c43 fmadd.s          f24, f30, f10, f18  f24=xxxxxxxx f30:3c26e1ba f10:411b4452 f18:00000000
14813642ns          245602 1c0082d8 31c87343 fmadd.s          f6, f16, f28, f6     f6=xxxxxxxx f16:3d23a25b f28:40135eeb  f6:411b2461
14813662ns          245603 1c0082dc 04c3a503 lw               x10, 76(x7)         x10=3f4b8589  x7:1000155c  PA:100015a8
14813682ns          245604 1c0082e0 89c778c3 fmadd.s          f17, f14, f28, f17  f17=xxxxxxxx f14:3f714e6b f28:40135eeb f17:bec09c40
14813701ns          245605 1c0082e4 c1cefe43 fmadd.s          f28, f29, f28, f24  f28=xxxxxxxx f29:bea9bcad f28:40135eeb f24:3dca6e6a
14813721ns          245606 1c0082e8 30a5f343 fmadd.s          f6, f11, f10, f6     f6=xxxxxxxx f11:3b5507ca f10:3f4b8589  f6:411c9d2d
14813741ns          245607 1c0082ec 88a678c3 fmadd.s          f17, f12, f10, f17  f17=xxxxxxxx f12:3ea9cf17 f10:3f4b8589 f17:3fe5abef
14813761ns          245608 1c0082f0 e0a7f543 fmadd.s          f10, f15, f10, f28  f10=xxxxxxxx f15:3f718245 f10:3f4b8589 f28:bf2a1ec0
14813781ns          245609 1c0082f4 0062a22b p.sw             x6, 4(x5!)           x5=1000163c  x6:411ca7c3  x5:10001638  PA:10001638
14813801ns          245610 1c0082f8 0912ae23 sw               x17, 156(x5)        x17:4003b5f1  x5:1000163c  PA:100016d8
14813821ns          245611 1c0082fc 12a2ae23 sw               x10, 316(x5)        x10:3daf0c35  x5:1000163c  PA:10001778
14813841ns          245612 1c0082c4 0043a50b p.lw             x10, 4(x7!)         x10=40ed0d96  x7=10001560  x7:1000155c  PA:1000155c
14813880ns          245614 1c0082c8 90a6f343 fmadd.s          f6, f13, f10, f18    f6=xxxxxxxx f13:3f7fcb56 f10:40ed0d96 f18:00000000
14813900ns          245615 1c0082cc 0243ae03 lw               x28, 36(x7)         x28=409e3a7d  x7:10001560  PA:10001584
14813920ns          245616 1c0082d0 90aff8c3 fmadd.s          f17, f31, f10, f18  f17=xxxxxxxx f31:bd1ec915 f10:40ed0d96 f18:00000000
14813940ns          245617 1c0082d4 90af7c43 fmadd.s          f24, f30, f10, f18  f24=xxxxxxxx f30:3c26e1ba f10:40ed0d96 f18:00000000
14813960ns          245618 1c0082d8 31c87343 fmadd.s          f6, f16, f28, f6     f6=xxxxxxxx f16:3d23a25b f28:409e3a7d  f6:40ecdcd2
14813980ns          245619 1c0082dc 04c3a503 lw               x10, 76(x7)         x10=3fae4c7c  x7:10001560  PA:100015ac
14814000ns          245620 1c0082e0 89c778c3 fmadd.s          f17, f14, f28, f17  f17=xxxxxxxx f14:3f714e6b f28:409e3a7d f17:be930896
14814020ns          245621 1c0082e4 c1cefe43 fmadd.s          f28, f29, f28, f24  f28=xxxxxxxx f29:bea9bcad f28:409e3a7d f24:3d9a87d4
14814040ns          245622 1c0082e8 30a5f343 fmadd.s          f6, f11, f10, f6     f6=xxxxxxxx f11:3b5507ca f10:3fae4c7c  f6:40f32f0b
14814059ns          245623 1c0082ec 88a678c3 fmadd.s          f17, f12, f10, f17  f17=xxxxxxxx f12:3ea9cf17 f10:3fae4c7c f17:408bf4fe
14814079ns          245624 1c0082f0 e0a7f543 fmadd.s          f10, f15, f10, f28  f10=xxxxxxxx f15:3f718245 f10:3fae4c7c f28:bfc829f8
14814099ns          245625 1c0082f4 0062a22b p.sw             x6, 4(x5!)           x5=10001640  x6:40f3534e  x5:1000163c  PA:1000163c
14814119ns          245626 1c0082f8 0912ae23 sw               x17, 156(x5)        x17:409a68ae  x5:10001640  PA:100016dc
14814139ns          245627 1c0082fc 12a2ae23 sw               x10, 316(x5)        x10:be8eed16  x5:10001640  PA:1000177c
14814159ns          245628 1c0082c4 0043a50b p.lw             x10, 4(x7!)         x10=40ce91e1  x7=10001564  x7:10001560  PA:10001560
14814199ns          245630 1c0082c8 90a6f343 fmadd.s          f6, f13, f10, f18    f6=xxxxxxxx f13:3f7fcb56 f10:40ce91e1 f18:00000000
14814219ns          245631 1c0082cc 0243ae03 lw               x28, 36(x7)         x28=410b5125  x7:10001564  PA:10001588
14814238ns          245632 1c0082d0 90aff8c3 fmadd.s          f17, f31, f10, f18  f17=xxxxxxxx f31:bd1ec915 f10:40ce91e1 f18:00000000
14814258ns          245633 1c0082d4 90af7c43 fmadd.s          f24, f30, f10, f18  f24=xxxxxxxx f30:3c26e1ba f10:40ce91e1 f18:00000000
14814278ns          245634 1c0082d8 31c87343 fmadd.s          f6, f16, f28, f6     f6=xxxxxxxx f16:3d23a25b f28:410b5125  f6:40ce6762
14814298ns          245635 1c0082dc 04c3a503 lw               x10, 76(x7)         x10=40e81a96  x7:10001564  PA:100015b0
14814318ns          245636 1c0082e0 89c778c3 fmadd.s          f17, f14, f28, f17  f17=xxxxxxxx f14:3f714e6b f28:410b5125 f17:be80204a
14814338ns          245637 1c0082e4 c1cefe43 fmadd.s          f28, f29, f28, f24  f28=xxxxxxxx f29:bea9bcad f28:410b5125 f24:3d86a8bc
14814358ns          245638 1c0082e8 30a5f343 fmadd.s          f6, f11, f10, f6     f6=xxxxxxxx f11:3b5507ca f10:40e81a96  f6:40d98903
14814378ns          245639 1c0082ec 88a678c3 fmadd.s          f17, f12, f10, f17  f17=xxxxxxxx f12:3ea9cf17 f10:40e81a96 f17:40fea21d
14814398ns          245640 1c0082f0 e0a7f543 fmadd.s          f10, f15, f10, f28  f10=xxxxxxxx f15:3f718245 f10:40e81a96 f28:c0348938
14814417ns          245641 1c0082f4 0062a22b p.sw             x6, 4(x5!)           x5=10001644  x6:40da4a28  x5:10001640  PA:10001640
14814437ns          245642 1c0082f8 0912ae23 sw               x17, 156(x5)        x17:4125ce62  x5:10001644  PA:100016e0
14814457ns          245643 1c0082fc 12a2ae23 sw               x10, 316(x5)        x10:4080b287  x5:10001644  PA:10001780
14814477ns          245644 1c0082c4 0043a50b p.lw             x10, 4(x7!)         x10=411a9c81  x7=10001568  x7:10001564  PA:10001564
14814517ns          245646 1c0082c8 90a6f343 fmadd.s          f6, f13, f10, f18    f6=xxxxxxxx f13:3f7fcb56 f10:411a9c81 f18:00000000
14814537ns          245647 1c0082cc 0243ae03 lw               x28, 36(x7)         x28=408d2016  x7:10001568  PA:1000158c
14814557ns          245648 1c0082d0 90aff8c3 fmadd.s          f17, f31, f10, f18  f17=xxxxxxxx f31:bd1ec915 f10:411a9c81 f18:00000000
14814577ns          245649 1c0082d4 90af7c43 fmadd.s          f24, f30, f10, f18  f24=xxxxxxxx f30:3c26e1ba f10:411a9c81 f18:00000000
14814596ns          245650 1c0082d8 31c87343 fmadd.s          f6, f16, f28, f6     f6=xxxxxxxx f16:3d23a25b f28:408d2016  f6:411a7cb3
14814616ns          245651 1c0082dc 04c3a503 lw               x10, 76(x7)         x10=3f15a385  x7:10001568  PA:100015b4
14814636ns          245652 1c0082e0 89c778c3 fmadd.s          f17, f14, f28, f17  f17=xxxxxxxx f14:3f714e6b f28:408d2016 f17:bebfcc12
14814656ns          245653 1c0082e4 c1cefe43 fmadd.s          f28, f29, f28, f24  f28=xxxxxxxx f29:bea9bcad f28:408d2016 f24:3dc9939f
14814676ns          245654 1c0082e8 30a5f343 fmadd.s          f6, f11, f10, f6     f6=xxxxxxxx f11:3b5507ca f10:3f15a385  f6:411d4e5a
14814696ns          245655 1c0082ec 88a678c3 fmadd.s          f17, f12, f10, f17  f17=xxxxxxxx f12:3ea9cf17 f10:3f15a385 f17:4072135d
14814716ns          245656 1c0082f0 e0a7f543 fmadd.s          f10, f15, f10, f28  f10=xxxxxxxx f15:3f718245 f10:3f15a385 f28:bfae8b29
14814736ns          245657 1c0082f4 0062a22b p.sw             x6, 4(x5!)           x5=10001648  x6:411d5622  x5:10001644  PA:10001644
14814756ns          245658 1c0082f8 0912ae23 sw               x17, 156(x5)        x17:407e7b9d  x5:10001648  PA:100016e4
14814776ns          245659 1c0082fc 12a2ae23 sw               x10, 316(x5)        x10:bf4feb3c  x5:10001648  PA:10001784
14814795ns          245660 1c0082c4 0043a50b p.lw             x10, 4(x7!)         x10=40b1b6a7  x7=1000156c  x7:10001568  PA:10001568
14814835ns          245662 1c0082c8 90a6f343 fmadd.s          f6, f13, f10, f18    f6=xxxxxxxx f13:3f7fcb56 f10:40b1b6a7 f18:00000000
14814855ns          245663 1c0082cc 0243ae03 lw               x28, 36(x7)         x28=40b2b4fc  x7:1000156c  PA:10001590
14814895ns          245665 1c0082d0 90aff8c3 fmadd.s          f17, f31, f10, f18  f17=xxxxxxxx f31:bd1ec915 f10:40b1b6a7 f18:00000000
14814915ns          245666 1c0082d4 90af7c43 fmadd.s          f24, f30, f10, f18  f24=xxxxxxxx f30:3c26e1ba f10:40b1b6a7 f18:00000000
14814935ns          245667 1c0082d8 31c87343 fmadd.s          f6, f16, f28, f6     f6=xxxxxxxx f16:3d23a25b f28:40b2b4fc  f6:40b19218
14814955ns          245668 1c0082dc 04c3a503 lw               x10, 76(x7)         x10=40bf10ea  x7:1000156c  PA:100015b8
14814974ns          245669 1c0082e0 89c778c3 fmadd.s          f17, f14, f28, f17  f17=xxxxxxxx f14:3f714e6b f28:40b2b4fc f17:be5c74a4
14814994ns          245670 1c0082e4 c1cefe43 fmadd.s          f28, f29, f28, f24  f28=xxxxxxxx f29:bea9bcad f28:40b2b4fc f24:3d67b246
14815014ns          245671 1c0082e8 30a5f343 fmadd.s          f6, f11, f10, f6     f6=xxxxxxxx f11:3b5507ca f10:40bf10ea  f6:40b8b5c1
14815034ns          245672 1c0082ec 88a678c3 fmadd.s          f17, f12, f10, f17  f17=xxxxxxxx f12:3ea9cf17 f10:40bf10ea f17:40a18f7a
14815054ns          245673 1c0082f0 e0a7f543 fmadd.s          f10, f15, f10, f28  f10=xxxxxxxx f15:3f718245 f10:40bf10ea f28:bfe5bcce
14815074ns          245674 1c0082f4 0062a22b p.sw             x6, 4(x5!)           x5=1000164c  x6:40b954c0  x5:10001648  PA:10001648
14815094ns          245675 1c0082f8 0912ae23 sw               x17, 156(x5)        x17:40e0edd7  x5:1000164c  PA:100016e8
14815114ns          245676 1c0082fc 12a2ae23 sw               x10, 316(x5)        x10:4075a1e6  x5:1000164c  PA:10001788
14815134ns          245677 1c0082c4 0043a50b p.lw             x10, 4(x7!)         x10=40dacf10  x7=10001570  x7:1000156c  PA:1000156c
14815173ns          245679 1c0082c8 90a6f343 fmadd.s          f6, f13, f10, f18    f6=xxxxxxxx f13:3f7fcb56 f10:40dacf10 f18:00000000
14815193ns          245680 1c0082cc 0243ae03 lw               x28, 36(x7)         x28=3e74a9a6  x7:10001570  PA:10001594
14815213ns          245681 1c0082d0 90aff8c3 fmadd.s          f17, f31, f10, f18  f17=xxxxxxxx f31:bd1ec915 f10:40dacf10 f18:00000000
14815233ns          245682 1c0082d4 90af7c43 fmadd.s          f24, f30, f10, f18  f24=xxxxxxxx f30:3c26e1ba f10:40dacf10 f18:00000000
14815253ns          245683 1c0082d8 31c87343 fmadd.s          f6, f16, f28, f6     f6=xxxxxxxx f16:3d23a25b f28:3e74a9a6  f6:40daa20d
14815273ns          245684 1c0082dc 04c3a503 lw               x10, 76(x7)         x10=411ab3bd  x7:10001570  PA:100015bc
14815293ns          245685 1c0082e0 89c778c3 fmadd.s          f17, f14, f28, f17  f17=xxxxxxxx f14:3f714e6b f28:3e74a9a6 f17:be87b7aa
14815313ns          245686 1c0082e4 c1cefe43 fmadd.s          f28, f29, f28, f24  f28=xxxxxxxx f29:bea9bcad f28:3e74a9a6 f24:3d8ea333
14815332ns          245687 1c0082e8 30a5f343 fmadd.s          f6, f11, f10, f6     f6=xxxxxxxx f11:3b5507ca f10:411ab3bd  f6:40daf03f
14815352ns          245688 1c0082ec 88a678c3 fmadd.s          f17, f12, f10, f17  f17=xxxxxxxx f12:3ea9cf17 f10:411ab3bd f17:bd2342b3
14815372ns          245689 1c0082f0 e0a7f543 fmadd.s          f10, f15, f10, f28  f10=xxxxxxxx f15:3f718245 f10:411ab3bd f28:bc1ca8ec
14815392ns          245690 1c0082f4 0062a22b p.sw             x6, 4(x5!)           x5=10001650  x6:40dbf1b8  x5:1000164c  PA:1000164c
14815412ns          245691 1c0082f8 0912ae23 sw               x17, 156(x5)        x17:404aae8f  x5:10001650  PA:100016ec
14815432ns          245692 1c0082fc 12a2ae23 sw               x10, 316(x5)        x10:4111cac4  x5:10001650  PA:1000178c
14815452ns          245693 1c0082c4 0043a50b p.lw             x10, 4(x7!)         x10=41196555  x7=10001574  x7:10001570  PA:10001570
14815511ns          245696 1c0082c8 90a6f343 fmadd.s          f6, f13, f10, f18    f6=xxxxxxxx f13:3f7fcb56 f10:41196555 f18:00000000
14815531ns          245697 1c0082cc 0243ae03 lw               x28, 36(x7)         x28=40b4d295  x7:10001574  PA:10001598
14815551ns          245698 1c0082d0 90aff8c3 fmadd.s          f17, f31, f10, f18  f17=xxxxxxxx f31:bd1ec915 f10:41196555 f18:00000000
14815571ns          245699 1c0082d4 90af7c43 fmadd.s          f24, f30, f10, f18  f24=xxxxxxxx f30:3c26e1ba f10:41196555 f18:00000000
14815591ns          245700 1c0082d8 31c87343 fmadd.s          f6, f16, f28, f6     f6=xxxxxxxx f16:3d23a25b f28:40b4d295  f6:411945c7
14815611ns          245701 1c0082dc 04c3a503 lw               x10, 76(x7)         x10=4108fbce  x7:10001574  PA:100015c0
14815631ns          245702 1c0082e0 89c778c3 fmadd.s          f17, f14, f28, f17  f17=xxxxxxxx f14:3f714e6b f28:40b4d295 f17:bebe4a0f
14815651ns          245703 1c0082e4 c1cefe43 fmadd.s          f28, f29, f28, f24  f28=xxxxxxxx f29:bea9bcad f28:40b4d295 f24:3dc7fded
14815671ns          245704 1c0082e8 30a5f343 fmadd.s          f6, f11, f10, f6     f6=xxxxxxxx f11:3b5507ca f10:4108fbce  f6:411ce26d
14815690ns          245705 1c0082ec 88a678c3 fmadd.s          f17, f12, f10, f17  f17=xxxxxxxx f12:3ea9cf17 f10:4108fbce f17:409e8d01
14815710ns          245706 1c0082f0 e0a7f543 fmadd.s          f10, f15, f10, f28  f10=xxxxxxxx f15:3f718245 f10:4108fbce f28:bfe348b4
14815730ns          245707 1c0082f4 0062a22b p.sw             x6, 4(x5!)           x5=10001654  x6:411d546b  x5:10001650  PA:10001650
14815750ns          245708 1c0082f8 0912ae23 sw               x17, 156(x5)        x17:40f96a0c  x5:10001654  PA:100016f0
14815770ns          245709 1c0082fc 12a2ae23 sw               x10, 316(x5)        x10:40c9a356  x5:10001654  PA:10001790
14815790ns          245710 1c0082c4 0043a50b p.lw             x10, 4(x7!)         x10=404c19e0  x7=10001578  x7:10001574  PA:10001574
14815830ns          245712 1c0082c8 90a6f343 fmadd.s          f6, f13, f10, f18    f6=xxxxxxxx f13:3f7fcb56 f10:404c19e0 f18:00000000
14815850ns          245713 1c0082cc 0243ae03 lw               x28, 36(x7)         x28=404d09a4  x7:10001578  PA:1000159c
14815869ns          245714 1c0082d0 90aff8c3 fmadd.s          f17, f31, f10, f18  f17=xxxxxxxx f31:bd1ec915 f10:404c19e0 f18:00000000
14815889ns          245715 1c0082d4 90af7c43 fmadd.s          f24, f30, f10, f18  f24=xxxxxxxx f30:3c26e1ba f10:404c19e0 f18:00000000
14815909ns          245716 1c0082d8 31c87343 fmadd.s          f6, f16, f28, f6     f6=xxxxxxxx f16:3d23a25b f28:404d09a4  f6:404befe3
14815929ns          245717 1c0082dc 04c3a503 lw               x10, 76(x7)         x10=409febb4  x7:10001578  PA:100015c4
14815949ns          245718 1c0082e0 89c778c3 fmadd.s          f17, f14, f28, f17  f17=xxxxxxxx f14:3f714e6b f28:404d09a4 f17:bdfd3093
14815969ns          245719 1c0082e4 c1cefe43 fmadd.s          f28, f29, f28, f24  f28=xxxxxxxx f29:bea9bcad f28:404d09a4 f24:3d050cbe
14815989ns          245720 1c0082e8 30a5f343 fmadd.s          f6, f11, f10, f6     f6=xxxxxxxx f11:3b5507ca f10:409febb4  f6:405420d6
14816009ns          245721 1c0082ec 88a678c3 fmadd.s          f17, f12, f10, f17  f17=xxxxxxxx f12:3ea9cf17 f10:409febb4 f17:40395b5d
14816029ns          245722 1c0082f0 e0a7f543 fmadd.s          f10, f15, f10, f28  f10=xxxxxxxx f15:3f718245 f10:409febb4 f28:bf83ca15
14816049ns          245723 1c0082f4 0062a22b p.sw             x6, 4(x5!)           x5=10001658  x6:40552afe  x5:10001654  PA:10001654
14816068ns          245724 1c0082f8 0912ae23 sw               x17, 156(x5)        x17:4091b7aa  x5:10001658  PA:100016f4
14816088ns          245725 1c0082fc 12a2ae23 sw               x10, 316(x5)        x10:406bd780  x5:10001658  PA:10001794
14816108ns          245726 1c008300 02848493 addi             x9, x9, 40           x9=1c010410  x9:1c0103e8
14816128ns          245727 1c008304 028b0b13 addi             x22, x22, 40        x22=10001658 x22:10001630
14816148ns          245728 1c008308 e75a18e3 bne              x20, x21, -400      x20:1c010810 x21:1c010808
14816208ns          245731 1c008178 004aa70b p.lw             x14, 4(x21!)        x14=3f2bc0ba x21=1c01080c x21:1c010808  PA:1c010808
14816506ns          245746 1c00817c 00caa683 lw               x13, 12(x21)        x13=3e62058a x21:1c01080c  PA:1c010818
14816804ns          245761 1c008180 01caa783 lw               x15, 28(x21)        x15=3f353abb x21:1c01080c  PA:1c010828
14817103ns          245776 1c008184 10d6f6d3 fmul.s           f13, f13, f13       f13=xxxxxxxx f13:3e62058a f13:3e62058a
14817123ns          245777 1c008188 02caa503 lw               x10, 44(x21)        x10=40803f65 x21:1c01080c  PA:1c010838
14817421ns          245792 1c00818c 68e77743 fmadd.s          f14, f14, f14, f13  f14=xxxxxxxx f14:3f2bc0ba f14:3f2bc0ba f13:3d478dc8
14817441ns          245793 1c008190 70f7f7c3 fmadd.s          f15, f15, f15, f14  f15=xxxxxxxx f15:3f353abb f15:3f353abb f14:3eff67cc
14817461ns          245794 1c008194 5807f7d3 fsqrt.s          f15, f15            f15=xxxxxxxx f15:3f800000
14817739ns          245808 1c008198 18fbfd53 fdiv.s           f26, f23, f15       f26=xxxxxxxx f23:3f800000 f15:3f800000
14817759ns          245809 1c00819c 314000ef jal              x1, 788              x1=xxxxxxxx
14817799ns          245811 1c0084b0 a0a527d3 feq.s            x15, f10, f10       x15=00000001 f10:40803f65 f10:40803f65
14818038ns          245823 1c0084b4 0a078b63 beq              x15, x0, 182        x15:00000001
14818057ns          245824 1c0084b6 e00517d3 fclass.s         x15, f10            x15=00000040 f10:40803f65
14818077ns          245825 1c0084ba 0817f793 andi             x15, x15, 129       x15=00000000 x15:00000040
14818097ns          245826 1c0084be 0a079663 bne              x15, x0, 172        x15:00000000
14818117ns          245827 1c0084c0 00000793 addi             x15, x0, 0          x15=00000000
14818137ns          245828 1c0084c4 a0f517d3 flt.s            x15, f10, f15       x15=00000000 f10:40803f65 f15:00000000
14818157ns          245829 1c0084c8 0a079663 bne              x15, x0, 172        x15:00000000
14818177ns          245830 1c0084ca 1c000737 lui              x14, 0x1c000000     x14=1c000000
14818197ns          245831 1c0084ce 0ec72783 lw               x15, 236(x14)       x15=40c90fdb x14:1c000000  PA:1c0000ec
14818515ns          245847 1c0084d2 a0a797d3 flt.s            x15, f15, f10       x15=00000000 f15:40c90fdb f10:40803f65
14818535ns          245848 1c0084d6 00078b63 beq              x15, x0, 22         x15:00000000
14818595ns          245851 1c0084ec 00000793 addi             x15, x0, 0          x15=00000000
14818614ns          245852 1c0084f0 a0f517d3 flt.s            x15, f10, f15       x15=00000000 f10:40803f65 f15:00000000
14818634ns          245853 1c0084f4 08079a63 bne              x15, x0, 148        x15:00000000
14818654ns          245854 1c0084f6 1c0007b7 lui              x15, 0x1c000000     x15=1c000000
14818674ns          245855 1c0084fa 0b87a783 lw               x15, 184(x15)       x15=3fc90fdb x15:1c000000  PA:1c0000b8
14819032ns          245873 1c0084fe a0f517d3 flt.s            x15, f10, f15       x15=00000000 f10:40803f65 f15:3fc90fdb
14819052ns          245874 1c008502 02079563 bne              x15, x0, 42         x15:00000000
14819072ns          245875 1c008504 1c0007b7 lui              x15, 0x1c000000     x15=1c000000
14819092ns          245876 1c008508 0bc7a783 lw               x15, 188(x15)       x15=40490fdb x15:1c000000  PA:1c0000bc
14819430ns          245893 1c00850c a0f51753 flt.s            x14, f10, f15       x14=00000000 f10:40803f65 f15:40490fdb
14819450ns          245894 1c008510 06071f63 bne              x14, x0, 126        x14:00000000
14819470ns          245895 1c008512 1c000737 lui              x14, 0x1c000000     x14=1c000000
14819490ns          245896 1c008516 10072703 lw               x14, 256(x14)       x14=4096cbe4 x14:1c000000  PA:1c000100
14819828ns          245913 1c00851a a0e51753 flt.s            x14, f10, f14       x14=00000001 f10:40803f65 f14:4096cbe4
14819848ns          245914 1c00851e 0a071b63 bne              x14, x0, 182        x14:00000001
14819907ns          245917 1c0085d4 08f57553 fsub.s           f10, f10, f15       f10=xxxxxxxx f10:40803f65 f15:40490fdb
14819927ns          245918 1c0085d8 fbbff06f jal              x0, -70            
14820047ns          245924 1c008592 10a57553 fmul.s           f10, f10, f10       f10=xxxxxxxx f10:3f5dbbbc f10:3f5dbbbc
14820066ns          245925 1c008596 1c0007b7 lui              x15, 0x1c000000     x15=1c000000
14820086ns          245926 1c00859a 1c000737 lui              x14, 0x1c000000     x14=1c000000
14820146ns          245929 1c00859e 0f472703 lw               x14, 244(x14)       x14=bab59551 x14:1c000000  PA:1c0000f4
14820484ns          245946 1c0085a2 0f07a783 lw               x15, 240(x15)       x15=37c23ab1 x15:1c000000  PA:1c0000f0
14820802ns          245962 1c0085a6 70f577c3 fmadd.s          f15, f10, f15, f14  f15=xxxxxxxx f10:3f400dac f15:37c23ab1 f14:bab59551
14820822ns          245963 1c0085aa 1c000737 lui              x14, 0x1c000000     x14=1c000000
14820842ns          245964 1c0085ae 0f872703 lw               x14, 248(x14)       x14=3d2aa76f x14:1c000000  PA:1c0000f8
14821160ns          245980 1c0085b2 70f577c3 fmadd.s          f15, f10, f15, f14  f15=xxxxxxxx f10:3f400dac f15:bab34e77 f14:3d2aa76f
14821180ns          245981 1c0085b6 1c000737 lui              x14, 0x1c000000     x14=1c000000
14821200ns          245982 1c0085ba 0fc72703 lw               x14, 252(x14)       x14=beffffe0 x14:1c000000  PA:1c0000fc
14821598ns          246002 1c0085be 70f577c3 fmadd.s          f15, f10, f15, f14  f15=xxxxxxxx f10:3f400dac f15:3d26734c f14:beffffe0
14821618ns          246003 1c0085c2 1c000737 lui              x14, 0x1c000000     x14=1c000000
14821638ns          246004 1c0085c6 12472703 lw               x14, 292(x14)       x14=3f7fffff x14:1c000000  PA:1c000124
14821956ns          246020 1c0085ca 70f57543 fmadd.s          f10, f10, f15, f14  f10=xxxxxxxx f10:3f400dac f15:bef063f4 f14:3f7fffff
14821976ns          246021 1c0085ce 20a51553 fsgnjn.s         f10, f10, f10       f10=xxxxxxxx f10:3f25d418 f10:3f25d418
14821996ns          246022 1c0085d2 00008067 jalr             x0, x1, 0            x1:1c00819e
14822075ns          246026 1c00819e 00a00433 add              x8, x0, x10          x8=bf25d418 x10:bf25d418
14822155ns          246030 1c0081a0 02caa503 lw               x10, 44(x21)        x10=40803f65 x21:1c01080c  PA:1c010838
14822473ns          246046 1c0081a4 08a9f553 fsub.s           f10, f19, f10       f10=xxxxxxxx f19:3fc90fdb f10:40803f65
14822493ns          246047 1c0081a8 308000ef jal              x1, 776              x1=1c0081aa
14822573ns          246051 1c0084b0 a0a527d3 feq.s            x15, f10, f10       x15=00000001 f10:c01bf6dc f10:c01bf6dc
14822612ns          246053 1c0084b4 0a078b63 beq              x15, x0, 182        x15:00000001
14822632ns          246054 1c0084b6 e00517d3 fclass.s         x15, f10            x15=00000002 f10:c01bf6dc
14822652ns          246055 1c0084ba 0817f793 andi             x15, x15, 129       x15=00000000 x15:00000002
14822672ns          246056 1c0084be 0a079663 bne              x15, x0, 172        x15:00000000
14822712ns          246058 1c0084c0 00000793 addi             x15, x0, 0          x15=00000000
14822752ns          246060 1c0084c4 a0f517d3 flt.s            x15, f10, f15       x15=00000001 f10:c01bf6dc f15:00000000
14822772ns          246061 1c0084c8 0a079663 bne              x15, x0, 172        x15:00000001
14822871ns          246066 1c008574 1c0007b7 lui              x15, 0x1c000000     x15=1c000000
14822911ns          246068 1c008578 0e87a783 lw               x15, 232(x15)       x15=c0c90fdb x15:1c000000  PA:1c0000e8
14823229ns          246084 1c00857c a0f517d3 flt.s            x15, f10, f15       x15=00000000 f10:c01bf6dc f15:c0c90fdb
14823249ns          246085 1c008580 00078463 beq              x15, x0, 8          x15:00000000
14823309ns          246088 1c008588 20a51553 fsgnjn.s         f10, f10, f10       f10=xxxxxxxx f10:c01bf6dc f10:c01bf6dc
14823329ns          246089 1c00858c f6bff06f jal              x0, -150           
14823388ns          246092 1c0084f6 1c0007b7 lui              x15, 0x1c000000     x15=1c000000
14823408ns          246093 1c0084fa 0b87a783 lw               x15, 184(x15)       x15=3fc90fdb x15:1c000000  PA:1c0000b8
14823726ns          246109 1c0084fe a0f517d3 flt.s            x15, f10, f15       x15=00000000 f10:401bf6dc f15:3fc90fdb
14823746ns          246110 1c008502 02079563 bne              x15, x0, 42         x15:00000000
14823766ns          246111 1c008504 1c0007b7 lui              x15, 0x1c000000     x15=1c000000
14823786ns          246112 1c008508 0bc7a783 lw               x15, 188(x15)       x15=40490fdb x15:1c000000  PA:1c0000bc
14824104ns          246128 1c00850c a0f51753 flt.s            x14, f10, f15       x14=00000001 f10:401bf6dc f15:40490fdb
14824124ns          246129 1c008510 06071f63 bne              x14, x0, 126        x14:00000001
14824204ns          246133 1c00858e 08a7f553 fsub.s           f10, f15, f10       f10=xxxxxxxx f15:40490fdb f10:401bf6dc
14824224ns          246134 1c008592 10a57553 fmul.s           f10, f10, f10       f10=xxxxxxxx f10:3f3463fc f10:3f3463fc
14824244ns          246135 1c008596 1c0007b7 lui              x15, 0x1c000000     x15=1c000000
14824263ns          246136 1c00859a 1c000737 lui              x14, 0x1c000000     x14=1c000000
14824283ns          246137 1c00859e 0f472703 lw               x14, 244(x14)       x14=bab59551 x14:1c000000  PA:1c0000f4
14824582ns          246152 1c0085a2 0f07a783 lw               x15, 240(x15)       x15=37c23ab1 x15:1c000000  PA:1c0000f0
14824900ns          246168 1c0085a6 70f577c3 fmadd.s          f15, f10, f15, f14  f15=xxxxxxxx f10:3efe3983 f15:37c23ab1 f14:bab59551
14824920ns          246169 1c0085aa 1c000737 lui              x14, 0x1c000000     x14=1c000000
14824940ns          246170 1c0085ae 0f872703 lw               x14, 248(x14)       x14=3d2aa76f x14:1c000000  PA:1c0000f8
14825278ns          246187 1c0085b2 70f577c3 fmadd.s          f15, f10, f15, f14  f15=xxxxxxxx f10:3efe3983 f15:bab4138d f14:3d2aa76f
14825298ns          246188 1c0085b6 1c000737 lui              x14, 0x1c000000     x14=1c000000
14825318ns          246189 1c0085ba 0fc72703 lw               x14, 252(x14)       x14=beffffe0 x14:1c000000  PA:1c0000fc
14825656ns          246206 1c0085be 70f577c3 fmadd.s          f15, f10, f15, f14  f15=xxxxxxxx f10:3efe3983 f15:3d27dc20 f14:beffffe0
14825676ns          246207 1c0085c2 1c000737 lui              x14, 0x1c000000     x14=1c000000
14825696ns          246208 1c0085c6 12472703 lw               x14, 292(x14)       x14=3f7fffff x14:1c000000  PA:1c000124
14826014ns          246224 1c0085ca 70f57543 fmadd.s          f10, f10, f15, f14  f10=xxxxxxxx f10:3efe3983 f15:bef594be f14:3f7fffff
14826034ns          246225 1c0085ce 20a51553 fsgnjn.s         f10, f10, f10       f10=xxxxxxxx f10:3f4307cf f10:3f4307cf
14826054ns          246226 1c0085d2 00008067 jalr             x0, x1, 0            x1:1c0081aa
14826093ns          246228 1c0081aa 0204a683 lw               x13, 32(x9)         x13=406e712d  x9:1c010410  PA:1c010430
14826392ns          246243 1c0081ac 0244a703 lw               x14, 36(x9)         x14=3f9c1b02  x9:1c010410  PA:1c010434
14826690ns          246258 1c0081ae 0a04a783 lw               x15, 160(x9)        x15=409991b2  x9:1c010410  PA:1c0104b0
14827008ns          246274 1c0081b2 02d12423 sw               x13, 40(x2)         x13:406e712d  x2:10001548  PA:10001570
14827028ns          246275 1c0081b4 02e12623 sw               x14, 44(x2)         x14:3f9c1b02  x2:10001548  PA:10001574
14827048ns          246276 1c0081b6 ffcaa683 lw               x13, -4(x21)        x13=3f2bc0ba x21:1c01080c  PA:1c010808
14827346ns          246291 1c0081ba 00caa703 lw               x14, 12(x21)        x14=3e62058a x21:1c01080c  PA:1c010818
14827645ns          246306 1c0081be 02f12823 sw               x15, 48(x2)         x15:409991b2  x2:10001548  PA:10001578
14827665ns          246307 1c0081c0 01caa783 lw               x15, 28(x21)        x15=3f353abb x21:1c01080c  PA:1c010828
14827963ns          246322 1c0081c4 10dd76d3 fmul.s           f13, f26, f13       f13=xxxxxxxx f26:3f800000 f13:3f2bc0ba
14827983ns          246323 1c0081c8 10ed7753 fmul.s           f14, f26, f14       f14=xxxxxxxx f26:3f800000 f14:3e62058a
14828003ns          246324 1c0081cc 10fd77d3 fmul.s           f15, f26, f15       f15=xxxxxxxx f26:3f800000 f15:3f353abb
14828023ns          246325 1c0081d0 0044ae83 lw               x29, 4(x9)          x29=40cbc96e  x9:1c010410  PA:1c010414
14828341ns          246341 1c0081d4 0084ae03 lw               x28, 8(x9)          x28=3e5ea1ff  x9:1c010410  PA:1c010418
14828639ns          246356 1c0081d8 00c4a303 lw               x6, 12(x9)           x6=3f6a2d9f  x9:1c010410  PA:1c01041c
14828938ns          246371 1c0081dc 0104a883 lw               x17, 16(x9)         x17=40f94510  x9:1c010410  PA:1c010420
14829236ns          246386 1c0081e0 0144a803 lw               x16, 20(x9)         x16=3e9349eb  x9:1c010410  PA:1c010424
14829554ns          246402 1c0081e4 0184a583 lw               x11, 24(x9)         x11=3f940b77  x9:1c010410  PA:1c010428
14829853ns          246417 1c0081e6 01c4a603 lw               x12, 28(x9)         x12=3f2fc5e9  x9:1c010410  PA:1c01042c
14830151ns          246432 1c0081e8 0004af03 lw               x30, 0(x9)          x30=40f5927e  x9:1c010410  PA:1c010410
14830449ns          246447 1c0081ec 0b84a383 lw               x7, 184(x9)          x7=3ef4e008  x9:1c010410  PA:1c0104c8
14830748ns          246462 1c0081f0 0bc4a283 lw               x5, 188(x9)          x5=3fdfa8ff  x9:1c010410  PA:1c0104cc
14831046ns          246477 1c0081f4 0c04af83 lw               x31, 192(x9)        x31=4112ad7f  x9:1c010410  PA:1c0104d0
14831345ns          246492 1c0081f8 01e12423 sw               x30, 8(x2)          x30:40f5927e  x2:10001548  PA:10001550
14831364ns          246493 1c0081fa 01d12623 sw               x29, 12(x2)         x29:40cbc96e  x2:10001548  PA:10001554
14831384ns          246494 1c0081fc 0c44af03 lw               x30, 196(x9)        x30=40ca4157  x9:1c010410  PA:1c0104d4
14831683ns          246509 1c008200 01c12823 sw               x28, 16(x2)         x28:3e5ea1ff  x2:10001548  PA:10001558
14831703ns          246510 1c008202 00612a23 sw               x6, 20(x2)           x6:3f6a2d9f  x2:10001548  PA:1000155c
14831722ns          246511 1c008204 01112c23 sw               x17, 24(x2)         x17:40f94510  x2:10001548  PA:10001560
14831742ns          246512 1c008206 01012e23 sw               x16, 28(x2)         x16:3e9349eb  x2:10001548  PA:10001564
14831762ns          246513 1c008208 02b12023 sw               x11, 32(x2)         x11:3f940b77  x2:10001548  PA:10001568
14831782ns          246514 1c00820a 10f57853 fmul.s           f16, f10, f15       f16=xxxxxxxx f10:bf4307cf f15:3f353abb
14831822ns          246516 1c00820e 10e575d3 fmul.s           f11, f10, f14       f11=xxxxxxxx f10:bf4307cf f14:3e62058a
14831842ns          246517 1c008212 02c12223 sw               x12, 36(x2)         x12:3f2fc5e9  x2:10001548  PA:1000156c
14831862ns          246518 1c008214 0b04ac83 lw               x25, 176(x9)        x25=40fa7bea  x9:1c010410  PA:1c0104c0
14832160ns          246533 1c008218 10d57653 fmul.s           f12, f10, f13       f12=xxxxxxxx f10:bf4307cf f13:3f2bc0ba
14832180ns          246534 1c00821c 0b44ac03 lw               x24, 180(x9)        x24=4080608a  x9:1c010410  PA:1c0104c4
14832478ns          246549 1c008220 1644ad03 lw               x26, 356(x9)        x26=3fa15d6d  x9:1c010410  PA:1c010574
14832777ns          246564 1c008224 1404a503 lw               x10, 320(x9)        x10=3feafe0c  x9:1c010410  PA:1c010550
14833075ns          246579 1c008228 0a44ad83 lw               x27, 164(x9)        x27=41194f11  x9:1c010410  PA:1c0104b4
14833373ns          246594 1c00822c 04a12c23 sw               x10, 88(x2)         x10:3feafe0c  x2:10001548  PA:100015a0
14833393ns          246595 1c00822e 03b12a23 sw               x27, 52(x2)         x27:41194f11  x2:10001548  PA:1000157c
14833413ns          246596 1c008230 0a84ad83 lw               x27, 168(x9)        x27=3f5b7406  x9:1c010410  PA:1c0104b8
14833712ns          246611 1c008234 1444a503 lw               x10, 324(x9)        x10=40928583  x9:1c010410  PA:1c010554
14834010ns          246626 1c008238 03b12c23 sw               x27, 56(x2)         x27:3f5b7406  x2:10001548  PA:10001580
14834030ns          246627 1c00823a 0ac4ad83 lw               x27, 172(x9)        x27=411600b4  x9:1c010410  PA:1c0104bc
14834328ns          246642 1c00823e 04a12e23 sw               x10, 92(x2)         x10:40928583  x2:10001548  PA:100015a4
14834348ns          246643 1c008240 03b12e23 sw               x27, 60(x2)         x27:411600b4  x2:10001548  PA:10001584
14834368ns          246644 1c008242 1484ad83 lw               x27, 328(x9)        x27=3ee4ce3a  x9:1c010410  PA:1c010558
14834666ns          246659 1c008246 14c4a503 lw               x10, 332(x9)        x10=40b0e5e7  x9:1c010410  PA:1c01055c
14834985ns          246675 1c00824a 07b12023 sw               x27, 96(x2)         x27:3ee4ce3a  x2:10001548  PA:100015a8
14835004ns          246676 1c00824c 1504ad83 lw               x27, 336(x9)        x27=41137303  x9:1c010410  PA:1c010560
14835303ns          246691 1c008250 088bf8d3 fsub.s           f17, f23, f8        f17=xxxxxxxx f23:3f800000  f8:bf25d418
14835323ns          246692 1c008254 10e6fed3 fmul.s           f29, f13, f14       f29=xxxxxxxx f13:3f2bc0ba f14:3e62058a
14835343ns          246693 1c008258 10f6fe53 fmul.s           f28, f13, f15       f28=xxxxxxxx f13:3f2bc0ba f15:3f353abb
14835362ns          246694 1c00825c 10f77353 fmul.s           f6, f14, f15         f6=xxxxxxxx f14:3e62058a f15:3f353abb
14835382ns          246695 1c008260 06a12223 sw               x10, 100(x2)        x10:40b0e5e7  x2:10001548  PA:100015ac
14835402ns          246696 1c008262 07b12423 sw               x27, 104(x2)        x27:41137303  x2:10001548  PA:100015b0
14835422ns          246697 1c008264 1544a503 lw               x10, 340(x9)        x10=40b34bec  x9:1c010410  PA:1c010564
14835720ns          246712 1c008268 1584ad83 lw               x27, 344(x9)        x27=40a010aa  x9:1c010410  PA:1c010568
14836019ns          246727 1c00826c 10d6f6d3 fmul.s           f13, f13, f13       f13=xxxxxxxx f13:3f2bc0ba f13:3f2bc0ba
14836039ns          246728 1c008270 10e77753 fmul.s           f14, f14, f14       f14=xxxxxxxx f14:3e62058a f14:3e62058a
14836059ns          246729 1c008274 10f7f7d3 fmul.s           f15, f15, f15       f15=xxxxxxxx f15:3f353abb f15:3f353abb
14836079ns          246730 1c008278 05f12823 sw               x31, 80(x2)         x31:4112ad7f  x2:10001548  PA:10001598
14836098ns          246731 1c00827a 05e12a23 sw               x30, 84(x2)         x30:40ca4157  x2:10001548  PA:1000159c
14836118ns          246732 1c00827c 81d8ffc7 fmsub.s          f31, f17, f29, f16  f31=xxxxxxxx f17:3fd2ea0c f29:3e17a3dc f16:bf0a1144
14836138ns          246733 1c008280 06a12623 sw               x10, 108(x2)        x10:40b34bec  x2:10001548  PA:100015b4
14836158ns          246734 1c008282 07b12823 sw               x27, 112(x2)        x27:40a010aa  x2:10001548  PA:100015b8
14836178ns          246735 1c008284 15c4a503 lw               x10, 348(x9)        x10=40e2b780  x9:1c010410  PA:1c01056c
14836476ns          246750 1c008288 1604ad83 lw               x27, 352(x9)        x27=41160cc5  x9:1c010410  PA:1c010570
14836775ns          246765 1c00828c 59c8ff43 fmadd.s          f30, f17, f28, f11  f30=xxxxxxxx f17:3fd2ea0c f28:3ef32d55 f11:be2c311d
14836795ns          246766 1c008290 81d8f843 fmadd.s          f16, f17, f29, f16  f16=xxxxxxxx f17:3fd2ea0c f29:3e17a3dc f16:bf0a1144
14836814ns          246767 1c008294 59c8f5c7 fmsub.s          f11, f17, f28, f11  f11=xxxxxxxx f17:3fd2ea0c f28:3ef32d55 f11:be2c311d
14836834ns          246768 1c008298 6068fec7 fmsub.s          f29, f17, f6, f12   f29=xxxxxxxx f17:3fd2ea0c  f6:3e2001c5 f12:bf02d90b
14836854ns          246769 1c00829c 6068f643 fmadd.s          f12, f17, f6, f12   f12=xxxxxxxx f17:3fd2ea0c  f6:3e2001c5 f12:bf02d90b
14836894ns          246771 1c0082a0 04712423 sw               x7, 72(x2)           x7:3ef4e008  x2:10001548  PA:10001590
14836914ns          246772 1c0082a2 04512623 sw               x5, 76(x2)           x5:3fdfa8ff  x2:10001548  PA:10001594
14836934ns          246773 1c0082a4 4116f6c3 fmadd.s          f13, f13, f17, f8   f13=xxxxxxxx f13:3ee67613 f17:3fd2ea0c  f8:bf25d418
14836954ns          246774 1c0082a8 40e8f743 fmadd.s          f14, f17, f14, f8   f14=xxxxxxxx f17:3fd2ea0c f14:3d478dc8  f8:bf25d418
14836974ns          246775 1c0082ac 40f8f7c3 fmadd.s          f15, f17, f15, f8   f15=xxxxxxxx f17:3fd2ea0c f15:3f004c1a  f8:bf25d418
14837033ns          246778 1c0082b0 05912023 sw               x25, 64(x2)         x25:40fa7bea  x2:10001548  PA:10001588
14837053ns          246779 1c0082b2 05812223 sw               x24, 68(x2)         x24:4080608a  x2:10001548  PA:1000158c
14837073ns          246780 1c0082b4 06a12a23 sw               x10, 116(x2)        x10:40e2b780  x2:10001548  PA:100015bc
14837113ns          246782 1c0082b6 07b12c23 sw               x27, 120(x2)        x27:41160cc5  x2:10001548  PA:100015c0
14837133ns          246783 1c0082b8 07a12e23 sw               x26, 124(x2)        x26:3fa15d6d  x2:10001548  PA:100015c4
14837153ns          246784 1c0082ba 00810393 addi             x7, x2, 8            x7=10001550  x2:10001548
14837172ns          246785 1c0082be 016002b3 add              x5, x0, x22          x5=10001658 x22:10001658
14837192ns          246786 1c0082c0 00af50fb lp.setupi        0x1, 0xa, 0x1e     
14837212ns          246787 1c0082c4 0043a50b p.lw             x10, 4(x7!)         x10=40f5927e  x7=10001554  x7:10001550  PA:10001550
14837252ns          246789 1c0082c8 90a6f343 fmadd.s          f6, f13, f10, f18    f6=xxxxxxxx f13:3dc05bb3 f10:40f5927e f18:00000000
14837272ns          246790 1c0082cc 0243ae03 lw               x28, 36(x7)         x28=409991b2  x7:10001554  PA:10001578
14837292ns          246791 1c0082d0 90aff8c3 fmadd.s          f17, f31, f10, f18  f17=xxxxxxxx f31:3f4888cb f10:40f5927e f18:00000000
14837312ns          246792 1c0082d4 90af7c43 fmadd.s          f24, f30, f10, f18  f24=xxxxxxxx f30:3f1d4d3b f10:40f5927e f18:00000000
14837332ns          246793 1c0082d8 31c87343 fmadd.s          f6, f16, f28, f6     f6=xxxxxxxx f16:be97337b f28:409991b2  f6:3f3885d5
14837352ns          246794 1c0082dc 04c3a503 lw               x10, 76(x7)         x10=3feafe0c  x7:10001554  PA:100015a0
14837371ns          246795 1c0082e0 89c778c3 fmadd.s          f17, f14, f28, f17  f17=xxxxxxxx f14:bf114700 f28:409991b2 f17:40c05dab
14837411ns          246797 1c0082e4 c1cefe43 fmadd.s          f28, f29, f28, f24  f28=xxxxxxxx f29:3f44c2e9 f28:409991b2 f24:4096e4ed
14837431ns          246798 1c0082e8 30a5f343 fmadd.s          f6, f11, f10, f6     f6=xxxxxxxx f11:3f7365ca f10:3feafe0c  f6:bf324972
14837451ns          246799 1c0082ec 88a678c3 fmadd.s          f17, f12, f10, f17  f17=xxxxxxxx f12:be81de59 f10:3feafe0c f17:40526f1c
14837471ns          246800 1c0082f0 e0a7f543 fmadd.s          f10, f15, f10, f28  f10=xxxxxxxx f15:3e364d67 f10:3feafe0c f28:410676b3
14837491ns          246801 1c0082f4 0062a22b p.sw             x6, 4(x5!)           x5=1000165c  x6:3f8647dc  x5:10001658  PA:10001658
14837511ns          246802 1c0082f8 0912ae23 sw               x17, 156(x5)        x17:4034a194  x5:1000165c  PA:100016f8
14837531ns          246803 1c0082fc 12a2ae23 sw               x10, 316(x5)        x10:410bb170  x5:1000165c  PA:10001798
14837550ns          246804 1c0082c4 0043a50b p.lw             x10, 4(x7!)         x10=40cbc96e  x7=10001558  x7:10001554  PA:10001554
14837590ns          246806 1c0082c8 90a6f343 fmadd.s          f6, f13, f10, f18    f6=xxxxxxxx f13:3dc05bb3 f10:40cbc96e f18:00000000
14837610ns          246807 1c0082cc 0243ae03 lw               x28, 36(x7)         x28=41194f11  x7:10001558  PA:1000157c
14837630ns          246808 1c0082d0 90aff8c3 fmadd.s          f17, f31, f10, f18  f17=xxxxxxxx f31:3f4888cb f10:40cbc96e f18:00000000
14837650ns          246809 1c0082d4 90af7c43 fmadd.s          f24, f30, f10, f18  f24=xxxxxxxx f30:3f1d4d3b f10:40cbc96e f18:00000000
14837670ns          246810 1c0082d8 31c87343 fmadd.s          f6, f16, f28, f6     f6=xxxxxxxx f16:be97337b f28:41194f11  f6:3f192012
14837690ns          246811 1c0082dc 04c3a503 lw               x10, 76(x7)         x10=40928583  x7:10001558  PA:100015a4
14837710ns          246812 1c0082e0 89c778c3 fmadd.s          f17, f14, f28, f17  f17=xxxxxxxx f14:bf114700 f28:41194f11 f17:409fa243
14837729ns          246813 1c0082e4 c1cefe43 fmadd.s          f28, f29, f28, f24  f28=xxxxxxxx f29:3f44c2e9 f28:41194f11 f24:407a7006
14837749ns          246814 1c0082e8 30a5f343 fmadd.s          f6, f11, f10, f6     f6=xxxxxxxx f11:3f7365ca f10:40928583  f6:c00ed0ea
14837769ns          246815 1c0082ec 88a678c3 fmadd.s          f17, f12, f10, f17  f17=xxxxxxxx f12:be81de59 f10:40928583 f17:bee5e582
14837789ns          246816 1c0082f0 e0a7f543 fmadd.s          f10, f15, f10, f28  f10=xxxxxxxx f15:3e364d67 f10:40928583 f28:41347144
14837809ns          246817 1c0082f4 0062a22b p.sw             x6, 4(x5!)           x5=10001660  x6:4007cd11  x5:1000165c  PA:1000165c
14837829ns          246818 1c0082f8 0912ae23 sw               x17, 156(x5)        x17:bfce2274  x5:10001660  PA:100016fc
14837849ns          246819 1c0082fc 12a2ae23 sw               x10, 316(x5)        x10:41417c2b  x5:10001660  PA:1000179c
14837928ns          246823 1c0082c4 0043a50b p.lw             x10, 4(x7!)         x10=3e5ea1ff  x7=1000155c  x7:10001558  PA:10001558
14837968ns          246825 1c0082c8 90a6f343 fmadd.s          f6, f13, f10, f18    f6=xxxxxxxx f13:3dc05bb3 f10:3e5ea1ff f18:00000000
14837988ns          246826 1c0082cc 0243ae03 lw               x28, 36(x7)         x28=3f5b7406  x7:1000155c  PA:10001580
14838008ns          246827 1c0082d0 90aff8c3 fmadd.s          f17, f31, f10, f18  f17=xxxxxxxx f31:3f4888cb f10:3e5ea1ff f18:00000000
14838028ns          246828 1c0082d4 90af7c43 fmadd.s          f24, f30, f10, f18  f24=xxxxxxxx f30:3f1d4d3b f10:3e5ea1ff f18:00000000
14838048ns          246829 1c0082d8 31c87343 fmadd.s          f6, f16, f28, f6     f6=xxxxxxxx f16:be97337b f28:3f5b7406  f6:3ca7493f
14838068ns          246830 1c0082dc 04c3a503 lw               x10, 76(x7)         x10=3ee4ce3a  x7:1000155c  PA:100015a8
14838087ns          246831 1c0082e0 89c778c3 fmadd.s          f17, f14, f28, f17  f17=xxxxxxxx f14:bf114700 f28:3f5b7406 f17:3e2e6586
14838107ns          246832 1c0082e4 c1cefe43 fmadd.s          f28, f29, f28, f24  f28=xxxxxxxx f29:3f44c2e9 f28:3f5b7406 f24:3e08cc83
14838127ns          246833 1c0082e8 30a5f343 fmadd.s          f6, f11, f10, f6     f6=xxxxxxxx f11:3f7365ca f10:3ee4ce3a  f6:be6e51fa
14838147ns          246834 1c0082ec 88a678c3 fmadd.s          f17, f12, f10, f17  f17=xxxxxxxx f12:be81de59 f10:3ee4ce3a f17:bea1e066
14838167ns          246835 1c0082f0 e0a7f543 fmadd.s          f10, f15, f10, f28  f10=xxxxxxxx f15:3e364d67 f10:3ee4ce3a f28:3f4adf0b
14838187ns          246836 1c0082f4 0062a22b p.sw             x6, 4(x5!)           x5=10001664  x6:3e44c37c  x5:10001660  PA:10001660
14838207ns          246837 1c0082f8 0912ae23 sw               x17, 156(x5)        x17:bedbe9b9  x5:10001664  PA:10001700
14838227ns          246838 1c0082fc 12a2ae23 sw               x10, 316(x5)        x10:3f5f3d04  x5:10001664  PA:100017a0
14838247ns          246839 1c0082c4 0043a50b p.lw             x10, 4(x7!)         x10=3f6a2d9f  x7=10001560  x7:1000155c  PA:1000155c
14838286ns          246841 1c0082c8 90a6f343 fmadd.s          f6, f13, f10, f18    f6=xxxxxxxx f13:3dc05bb3 f10:3f6a2d9f f18:00000000
14838306ns          246842 1c0082cc 0243ae03 lw               x28, 36(x7)         x28=411600b4  x7:10001560  PA:10001584
14838326ns          246843 1c0082d0 90aff8c3 fmadd.s          f17, f31, f10, f18  f17=xxxxxxxx f31:3f4888cb f10:3f6a2d9f f18:00000000
14838346ns          246844 1c0082d4 90af7c43 fmadd.s          f24, f30, f10, f18  f24=xxxxxxxx f30:3f1d4d3b f10:3f6a2d9f f18:00000000
14838366ns          246845 1c0082d8 31c87343 fmadd.s          f6, f16, f28, f6     f6=xxxxxxxx f16:be97337b f28:411600b4  f6:3daff619
14838386ns          246846 1c0082dc 04c3a503 lw               x10, 76(x7)         x10=40b0e5e7  x7:10001560  PA:100015ac
14838406ns          246847 1c0082e0 89c778c3 fmadd.s          f17, f14, f28, f17  f17=xxxxxxxx f14:bf114700 f28:411600b4 f17:3f3770c6
14838426ns          246848 1c0082e4 c1cefe43 fmadd.s          f28, f29, f28, f24  f28=xxxxxxxx f29:3f44c2e9 f28:411600b4 f24:3f0fe4a0
14838446ns          246849 1c0082e8 30a5f343 fmadd.s          f6, f11, f10, f6     f6=xxxxxxxx f11:3f7365ca f10:40b0e5e7  f6:c02bb178
14838465ns          246850 1c0082ec 88a678c3 fmadd.s          f17, f12, f10, f17  f17=xxxxxxxx f12:be81de59 f10:40b0e5e7 f17:c09351e8
14838485ns          246851 1c0082f0 e0a7f543 fmadd.s          f10, f15, f10, f28  f10=xxxxxxxx f15:3e364d67 f10:40b0e5e7 f28:40f89212
14838505ns          246852 1c0082f4 0062a22b p.sw             x6, 4(x5!)           x5=10001668  x6:4024afa9  x5:10001664  PA:10001664
14838525ns          246853 1c0082f8 0912ae23 sw               x17, 156(x5)        x17:c0c030a7  x5:10001668  PA:10001704
14838545ns          246854 1c0082fc 12a2ae23 sw               x10, 316(x5)        x10:410c0827  x5:10001668  PA:100017a4
14838565ns          246855 1c0082c4 0043a50b p.lw             x10, 4(x7!)         x10=40f94510  x7=10001564  x7:10001560  PA:10001560
14838605ns          246857 1c0082c8 90a6f343 fmadd.s          f6, f13, f10, f18    f6=xxxxxxxx f13:3dc05bb3 f10:40f94510 f18:00000000
14838625ns          246858 1c0082cc 0243ae03 lw               x28, 36(x7)         x28=40fa7bea  x7:10001564  PA:10001588
14838644ns          246859 1c0082d0 90aff8c3 fmadd.s          f17, f31, f10, f18  f17=xxxxxxxx f31:3f4888cb f10:40f94510 f18:00000000
14838664ns          246860 1c0082d4 90af7c43 fmadd.s          f24, f30, f10, f18  f24=xxxxxxxx f30:3f1d4d3b f10:40f94510 f18:00000000
14838684ns          246861 1c0082d8 31c87343 fmadd.s          f6, f16, f28, f6     f6=xxxxxxxx f16:be97337b f28:40fa7bea  f6:3f3b4d16
14838704ns          246862 1c0082dc 04c3a503 lw               x10, 76(x7)         x10=41137303  x7:10001564  PA:100015b0
14838724ns          246863 1c0082e0 89c778c3 fmadd.s          f17, f14, f28, f17  f17=xxxxxxxx f14:bf114700 f28:40fa7bea f17:40c34327
14838744ns          246864 1c0082e4 c1cefe43 fmadd.s          f28, f29, f28, f24  f28=xxxxxxxx f29:3f44c2e9 f28:40fa7bea f24:40992a8e
14838764ns          246865 1c0082e8 30a5f343 fmadd.s          f6, f11, f10, f6     f6=xxxxxxxx f11:3f7365ca f10:41137303  f6:bfca3c61
14838784ns          246866 1c0082ec 88a678c3 fmadd.s          f17, f12, f10, f17  f17=xxxxxxxx f12:be81de59 f10:41137303 f17:3fd475fc
14838804ns          246867 1c0082f0 e0a7f543 fmadd.s          f10, f15, f10, f28  f10=xxxxxxxx f15:3e364d67 f10:41137303 f28:412cd812
14838823ns          246868 1c0082f4 0062a22b p.sw             x6, 4(x5!)           x5=1000166c  x6:40e5d281  x5:10001668  PA:10001668
14838843ns          246869 1c0082f8 0912ae23 sw               x17, 156(x5)        x17:bf2d7c34  x5:1000166c  PA:10001708
14838863ns          246870 1c0082fc 12a2ae23 sw               x10, 316(x5)        x10:41471828  x5:1000166c  PA:100017a8
14838883ns          246871 1c0082c4 0043a50b p.lw             x10, 4(x7!)         x10=3e9349eb  x7=10001568  x7:10001564  PA:10001564
14838923ns          246873 1c0082c8 90a6f343 fmadd.s          f6, f13, f10, f18    f6=xxxxxxxx f13:3dc05bb3 f10:3e9349eb f18:00000000
14838943ns          246874 1c0082cc 0243ae03 lw               x28, 36(x7)         x28=4080608a  x7:10001568  PA:1000158c
14838963ns          246875 1c0082d0 90aff8c3 fmadd.s          f17, f31, f10, f18  f17=xxxxxxxx f31:3f4888cb f10:3e9349eb f18:00000000
14838983ns          246876 1c0082d4 90af7c43 fmadd.s          f24, f30, f10, f18  f24=xxxxxxxx f30:3f1d4d3b f10:3e9349eb f18:00000000
14839002ns          246877 1c0082d8 31c87343 fmadd.s          f6, f16, f28, f6     f6=xxxxxxxx f16:be97337b f28:4080608a  f6:3cdd5865
14839022ns          246878 1c0082dc 04c3a503 lw               x10, 76(x7)         x10=40b34bec  x7:10001568  PA:100015b4
14839042ns          246879 1c0082e0 89c778c3 fmadd.s          f17, f14, f28, f17  f17=xxxxxxxx f14:bf114700 f28:4080608a f17:3e66c0e7
14839062ns          246880 1c0082e4 c1cefe43 fmadd.s          f28, f29, f28, f24  f28=xxxxxxxx f29:3f44c2e9 f28:4080608a f24:3e350189
14839082ns          246881 1c0082e8 30a5f343 fmadd.s          f6, f11, f10, f6     f6=xxxxxxxx f11:3f7365ca f10:40b34bec  f6:bf943023
14839102ns          246882 1c0082ec 88a678c3 fmadd.s          f17, f12, f10, f17  f17=xxxxxxxx f12:be81de59 f10:40b34bec f17:c0034883
14839122ns          246883 1c0082f0 e0a7f543 fmadd.s          f10, f15, f10, f28  f10=xxxxxxxx f15:3e364d67 f10:40b34bec f28:4050a768
14839142ns          246884 1c0082f4 0062a22b p.sw             x6, 4(x5!)           x5=10001670  x6:40856c53  x5:1000166c  PA:1000166c
14839162ns          246885 1c0082f8 0912ae23 sw               x17, 156(x5)        x17:c05e3d7f  x5:10001670  PA:1000170c
14839181ns          246886 1c0082fc 12a2ae23 sw               x10, 316(x5)        x10:40883f40  x5:10001670  PA:100017ac
14839201ns          246887 1c0082c4 0043a50b p.lw             x10, 4(x7!)         x10=3f940b77  x7=1000156c  x7:10001568  PA:10001568
14839241ns          246889 1c0082c8 90a6f343 fmadd.s          f6, f13, f10, f18    f6=xxxxxxxx f13:3dc05bb3 f10:3f940b77 f18:00000000
14839261ns          246890 1c0082cc 0243ae03 lw               x28, 36(x7)         x28=3ef4e008  x7:1000156c  PA:10001590
14839281ns          246891 1c0082d0 90aff8c3 fmadd.s          f17, f31, f10, f18  f17=xxxxxxxx f31:3f4888cb f10:3f940b77 f18:00000000
14839301ns          246892 1c0082d4 90af7c43 fmadd.s          f24, f30, f10, f18  f24=xxxxxxxx f30:3f1d4d3b f10:3f940b77 f18:00000000
14839321ns          246893 1c0082d8 31c87343 fmadd.s          f6, f16, f28, f6     f6=xxxxxxxx f16:be97337b f28:3ef4e008  f6:3dde7b42
14839341ns          246894 1c0082dc 04c3a503 lw               x10, 76(x7)         x10=40a010aa  x7:1000156c  PA:100015b8
14839360ns          246895 1c0082e0 89c778c3 fmadd.s          f17, f14, f28, f17  f17=xxxxxxxx f14:bf114700 f28:3ef4e008 f17:3f67f021
14839380ns          246896 1c0082e4 c1cefe43 fmadd.s          f28, f29, f28, f24  f28=xxxxxxxx f29:3f44c2e9 f28:3ef4e008 f24:3f35ef63
14839400ns          246897 1c0082e8 30a5f343 fmadd.s          f6, f11, f10, f6     f6=xxxxxxxx f11:3f7365ca f10:40a010aa  f6:bd058f08
14839420ns          246898 1c0082ec 88a678c3 fmadd.s          f17, f12, f10, f17  f17=xxxxxxxx f12:be81de59 f10:40a010aa f17:3f2274ba
14839440ns          246899 1c0082f0 e0a7f543 fmadd.s          f10, f15, f10, f28  f10=xxxxxxxx f15:3e364d67 f10:40a010aa f28:3f8a052f
14839460ns          246900 1c0082f4 0062a22b p.sw             x6, 4(x5!)           x5=10001674  x6:40972458  x5:10001670  PA:10001670
14839480ns          246901 1c0082f8 0912ae23 sw               x17, 156(x5)        x17:bf2258f5  x5:10001674  PA:10001710
14839500ns          246902 1c0082fc 12a2ae23 sw               x10, 316(x5)        x10:3ffc016d  x5:10001674  PA:100017b0
14839520ns          246903 1c0082c4 0043a50b p.lw             x10, 4(x7!)         x10=3f2fc5e9  x7=10001570  x7:1000156c  PA:1000156c
14839559ns          246905 1c0082c8 90a6f343 fmadd.s          f6, f13, f10, f18    f6=xxxxxxxx f13:3dc05bb3 f10:3f2fc5e9 f18:00000000
14839579ns          246906 1c0082cc 0243ae03 lw               x28, 36(x7)         x28=3fdfa8ff  x7:10001570  PA:10001594
14839599ns          246907 1c0082d0 90aff8c3 fmadd.s          f17, f31, f10, f18  f17=xxxxxxxx f31:3f4888cb f10:3f2fc5e9 f18:00000000
14839619ns          246908 1c0082d4 90af7c43 fmadd.s          f24, f30, f10, f18  f24=xxxxxxxx f30:3f1d4d3b f10:3f2fc5e9 f18:00000000
14839639ns          246909 1c0082d8 31c87343 fmadd.s          f6, f16, f28, f6     f6=xxxxxxxx f16:be97337b f28:3fdfa8ff  f6:3d841365
14839659ns          246910 1c0082dc 04c3a503 lw               x10, 76(x7)         x10=40e2b780  x7:10001570  PA:100015bc
14839679ns          246911 1c0082e0 89c778c3 fmadd.s          f17, f14, f28, f17  f17=xxxxxxxx f14:bf114700 f28:3fdfa8ff f17:3f09b08b
14839699ns          246912 1c0082e4 c1cefe43 fmadd.s          f28, f29, f28, f24  f28=xxxxxxxx f29:3f44c2e9 f28:3fdfa8ff f24:3ed802ce
14839719ns          246913 1c0082e8 30a5f343 fmadd.s          f6, f11, f10, f6     f6=xxxxxxxx f11:3f7365ca f10:40e2b780  f6:bee72e78
14839738ns          246914 1c0082ec 88a678c3 fmadd.s          f17, f12, f10, f17  f17=xxxxxxxx f12:be81de59 f10:40e2b780 f17:bee851eb
14839758ns          246915 1c0082f0 e0a7f543 fmadd.s          f10, f15, f10, f28  f10=xxxxxxxx f15:3e364d67 f10:40e2b780 f28:3fe1e860
14839778ns          246916 1c0082f4 0062a22b p.sw             x6, 4(x5!)           x5=10001678  x6:40c91b6c  x5:10001674  PA:10001674
14839798ns          246917 1c0082f8 0912ae23 sw               x17, 156(x5)        x17:c0100d9f  x5:10001678  PA:10001714
14839818ns          246918 1c0082fc 12a2ae23 sw               x10, 316(x5)        x10:4041adb1  x5:10001678  PA:100017b4
14839838ns          246919 1c0082c4 0043a50b p.lw             x10, 4(x7!)         x10=406e712d  x7=10001574  x7:10001570  PA:10001570
14839878ns          246921 1c0082c8 90a6f343 fmadd.s          f6, f13, f10, f18    f6=xxxxxxxx f13:3dc05bb3 f10:406e712d f18:00000000
14839898ns          246922 1c0082cc 0243ae03 lw               x28, 36(x7)         x28=4112ad7f  x7:10001574  PA:10001598
14839917ns          246923 1c0082d0 90aff8c3 fmadd.s          f17, f31, f10, f18  f17=xxxxxxxx f31:3f4888cb f10:406e712d f18:00000000
14839937ns          246924 1c0082d4 90af7c43 fmadd.s          f24, f30, f10, f18  f24=xxxxxxxx f30:3f1d4d3b f10:406e712d f18:00000000
14839957ns          246925 1c0082d8 31c87343 fmadd.s          f6, f16, f28, f6     f6=xxxxxxxx f16:be97337b f28:4112ad7f  f6:3eb32a4b
14839977ns          246926 1c0082dc 04c3a503 lw               x10, 76(x7)         x10=41160cc5  x7:10001574  PA:100015c0
14839997ns          246927 1c0082e0 89c778c3 fmadd.s          f17, f14, f28, f17  f17=xxxxxxxx f14:bf114700 f28:4112ad7f f17:403ac7d4
14840017ns          246928 1c0082e4 c1cefe43 fmadd.s          f28, f29, f28, f24  f28=xxxxxxxx f29:3f44c2e9 f28:4112ad7f f24:40128358
14840037ns          246929 1c0082e8 30a5f343 fmadd.s          f6, f11, f10, f6     f6=xxxxxxxx f11:3f7365ca f10:41160cc5  f6:c016de61
14840057ns          246930 1c0082ec 88a678c3 fmadd.s          f17, f12, f10, f17  f17=xxxxxxxx f12:be81de59 f10:41160cc5 f17:c0122bf8
14840077ns          246931 1c0082f0 e0a7f543 fmadd.s          f10, f15, f10, f28  f10=xxxxxxxx f15:3e364d67 f10:41160cc5 f28:41155d58
14840096ns          246932 1c0082f4 0062a22b p.sw             x6, 4(x5!)           x5=1000167c  x6:40d1e460  x5:10001678  PA:10001678
14840116ns          246933 1c0082f8 0912ae23 sw               x17, 156(x5)        x17:c09534bf  x5:1000167c  PA:10001718
14840136ns          246934 1c0082fc 12a2ae23 sw               x10, 316(x5)        x10:413013f5  x5:1000167c  PA:100017b8
14840156ns          246935 1c0082c4 0043a50b p.lw             x10, 4(x7!)         x10=3f9c1b02  x7=10001578  x7:10001574  PA:10001574
14840196ns          246937 1c0082c8 90a6f343 fmadd.s          f6, f13, f10, f18    f6=xxxxxxxx f13:3dc05bb3 f10:3f9c1b02 f18:00000000
14840216ns          246938 1c0082cc 0243ae03 lw               x28, 36(x7)         x28=40ca4157  x7:10001578  PA:1000159c
14840236ns          246939 1c0082d0 90aff8c3 fmadd.s          f17, f31, f10, f18  f17=xxxxxxxx f31:3f4888cb f10:3f9c1b02 f18:00000000
14840256ns          246940 1c0082d4 90af7c43 fmadd.s          f24, f30, f10, f18  f24=xxxxxxxx f30:3f1d4d3b f10:3f9c1b02 f18:00000000
14840275ns          246941 1c0082d8 31c87343 fmadd.s          f6, f16, f28, f6     f6=xxxxxxxx f16:be97337b f28:40ca4157  f6:3dea9859
14840295ns          246942 1c0082dc 04c3a503 lw               x10, 76(x7)         x10=3fa15d6d  x7:10001578  PA:100015c4
14840315ns          246943 1c0082e0 89c778c3 fmadd.s          f17, f14, f28, f17  f17=xxxxxxxx f14:bf114700 f28:40ca4157 f17:3f749107
14840335ns          246944 1c0082e4 c1cefe43 fmadd.s          f28, f29, f28, f24  f28=xxxxxxxx f29:3f44c2e9 f28:40ca4157 f24:3f3fd751
14840355ns          246945 1c0082e8 30a5f343 fmadd.s          f6, f11, f10, f6     f6=xxxxxxxx f11:3f7365ca f10:3fa15d6d  f6:bfe040e7
14840375ns          246946 1c0082ec 88a678c3 fmadd.s          f17, f12, f10, f17  f17=xxxxxxxx f12:be81de59 f10:3fa15d6d f17:c02869f3
14840395ns          246947 1c0082f0 e0a7f543 fmadd.s          f10, f15, f10, f28  f10=xxxxxxxx f15:3e364d67 f10:3fa15d6d f28:40b36eee
14840415ns          246948 1c0082f4 0062a22b p.sw             x6, 4(x5!)           x5=10001680  x6:bf0daa1f  x5:1000167c  PA:1000167c
14840435ns          246949 1c0082f8 0912ae23 sw               x17, 156(x5)        x17:c03ce102  x5:10001680  PA:1000171c
14840454ns          246950 1c0082fc 12a2ae23 sw               x10, 316(x5)        x10:40ba9d81  x5:10001680  PA:100017bc
14840474ns          246951 1c008300 02848493 addi             x9, x9, 40           x9=1c010438  x9:1c010410
14840494ns          246952 1c008304 028b0b13 addi             x22, x22, 40        x22=10001680 x22:10001658
14840514ns          246953 1c008308 e75a18e3 bne              x20, x21, -400      x20:1c010810 x21:1c01080c
14840653ns          246960 1c008178 004aa70b p.lw             x14, 4(x21!)        x14=3f24c11f x21=1c010810 x21:1c01080c  PA:1c01080c
14840972ns          246976 1c00817c 00caa683 lw               x13, 12(x21)        x13=3f37efdf x21:1c010810  PA:1c01081c
14841270ns          246991 1c008180 01caa783 lw               x15, 28(x21)        x15=3e870b18 x21:1c010810  PA:1c01082c
14841588ns          247007 1c008184 10d6f6d3 fmul.s           f13, f13, f13       f13=xxxxxxxx f13:3f37efdf f13:3f37efdf
14841608ns          247008 1c008188 02caa503 lw               x10, 44(x21)        x10=3fc03b82 x21:1c010810  PA:1c01083c
14841906ns          247023 1c00818c 68e77743 fmadd.s          f14, f14, f14, f13  f14=xxxxxxxx f14:3f24c11f f14:3f24c11f f13:3f0428d2
14841926ns          247024 1c008190 70f7f7c3 fmadd.s          f15, f15, f15, f14  f15=xxxxxxxx f15:3e870b18 f15:3e870b18 f14:3f6e30d3
14841946ns          247025 1c008194 5807f7d3 fsqrt.s          f15, f15            f15=xxxxxxxx f15:3f800000
14842225ns          247039 1c008198 18fbfd53 fdiv.s           f26, f23, f15       f26=xxxxxxxx f23:3f800000 f15:3f800000
14842245ns          247040 1c00819c 314000ef jal              x1, 788              x1=xxxxxxxx
14842284ns          247042 1c0084b0 a0a527d3 feq.s            x15, f10, f10       x15=00000001 f10:3fc03b82 f10:3fc03b82
14842523ns          247054 1c0084b4 0a078b63 beq              x15, x0, 182        x15:00000001
14842543ns          247055 1c0084b6 e00517d3 fclass.s         x15, f10            x15=00000040 f10:3fc03b82
14842563ns          247056 1c0084ba 0817f793 andi             x15, x15, 129       x15=00000000 x15:00000040
14842583ns          247057 1c0084be 0a079663 bne              x15, x0, 172        x15:00000000
14842603ns          247058 1c0084c0 00000793 addi             x15, x0, 0          x15=00000000
14842623ns          247059 1c0084c4 a0f517d3 flt.s            x15, f10, f15       x15=00000000 f10:3fc03b82 f15:00000000
14842642ns          247060 1c0084c8 0a079663 bne              x15, x0, 172        x15:00000000
14842662ns          247061 1c0084ca 1c000737 lui              x14, 0x1c000000     x14=1c000000
14842702ns          247063 1c0084ce 0ec72783 lw               x15, 236(x14)       x15=40c90fdb x14:1c000000  PA:1c0000ec
14843020ns          247079 1c0084d2 a0a797d3 flt.s            x15, f15, f10       x15=00000000 f15:40c90fdb f10:3fc03b82
14843040ns          247080 1c0084d6 00078b63 beq              x15, x0, 22         x15:00000000
14843160ns          247086 1c0084ec 00000793 addi             x15, x0, 0          x15=00000000
14843219ns          247089 1c0084f0 a0f517d3 flt.s            x15, f10, f15       x15=00000000 f10:3fc03b82 f15:00000000
14843259ns          247091 1c0084f4 08079a63 bne              x15, x0, 148        x15:00000000
14843279ns          247092 1c0084f6 1c0007b7 lui              x15, 0x1c000000     x15=1c000000
14843299ns          247093 1c0084fa 0b87a783 lw               x15, 184(x15)       x15=3fc90fdb x15:1c000000  PA:1c0000b8
14843637ns          247110 1c0084fe a0f517d3 flt.s            x15, f10, f15       x15=00000001 f10:3fc03b82 f15:3fc90fdb
14843657ns          247111 1c008502 02079563 bne              x15, x0, 42         x15:00000001
14843717ns          247114 1c00852c 10a57553 fmul.s           f10, f10, f10       f10=xxxxxxxx f10:3fc03b82 f10:3fc03b82
14843736ns          247115 1c008530 1c0007b7 lui              x15, 0x1c000000     x15=1c000000
14843756ns          247116 1c008534 1c000737 lui              x14, 0x1c000000     x14=1c000000
14843776ns          247117 1c008538 0f472703 lw               x14, 244(x14)       x14=bab59551 x14:1c000000  PA:1c0000f4
14844075ns          247132 1c00853c 0f07a783 lw               x15, 240(x15)       x15=37c23ab1 x15:1c000000  PA:1c0000f0
14844393ns          247148 1c008540 70f577c3 fmadd.s          f15, f10, f15, f14  f15=xxxxxxxx f10:40105951 f15:37c23ab1 f14:bab59551
14844413ns          247149 1c008544 1c000737 lui              x14, 0x1c000000     x14=1c000000
14844433ns          247150 1c008548 0f872703 lw               x14, 248(x14)       x14=3d2aa76f x14:1c000000  PA:1c0000f8
14844771ns          247167 1c00854c 70f577c3 fmadd.s          f15, f10, f15, f14  f15=xxxxxxxx f10:40105951 f15:baaebd05 f14:3d2aa76f
14844791ns          247168 1c008550 1c000737 lui              x14, 0x1c000000     x14=1c000000
14844811ns          247169 1c008554 0fc72703 lw               x14, 252(x14)       x14=beffffe0 x14:1c000000  PA:1c0000fc
14845129ns          247185 1c008558 70f577c3 fmadd.s          f15, f10, f15, f14  f15=xxxxxxxx f10:40105951 f15:3d1e5686 f14:beffffe0
14845149ns          247186 1c00855c 1c000737 lui              x14, 0x1c000000     x14=1c000000
14845169ns          247187 1c008560 12472703 lw               x14, 292(x14)       x14=3f7fffff x14:1c000000  PA:1c000124
14845487ns          247203 1c008564 70f57543 fmadd.s          f10, f10, f15, f14  f10=xxxxxxxx f10:40105951 f15:bed35beb f14:3f7fffff
14845507ns          247204 1c008568 00008067 jalr             x0, x1, 0            x1:1c00819e
14845546ns          247206 1c00819e 00a00433 add              x8, x0, x10          x8=3d8d28d8 x10:3d8d28d8
14845566ns          247207 1c0081a0 02caa503 lw               x10, 44(x21)        x10=3fc03b82 x21:1c010810  PA:1c01083c
14845885ns          247223 1c0081a4 08a9f553 fsub.s           f10, f19, f10       f10=xxxxxxxx f19:3fc90fdb f10:3fc03b82
14845905ns          247224 1c0081a8 308000ef jal              x1, 776              x1=1c0081aa
14845944ns          247226 1c0084b0 a0a527d3 feq.s            x15, f10, f10       x15=00000001 f10:3d8d4590 f10:3d8d4590
14845964ns          247227 1c0084b4 0a078b63 beq              x15, x0, 182        x15:00000001
14845984ns          247228 1c0084b6 e00517d3 fclass.s         x15, f10            x15=00000040 f10:3d8d4590
14846004ns          247229 1c0084ba 0817f793 andi             x15, x15, 129       x15=00000000 x15:00000040
14846024ns          247230 1c0084be 0a079663 bne              x15, x0, 172        x15:00000000
14846044ns          247231 1c0084c0 00000793 addi             x15, x0, 0          x15=00000000
14846064ns          247232 1c0084c4 a0f517d3 flt.s            x15, f10, f15       x15=00000000 f10:3d8d4590 f15:00000000
14846084ns          247233 1c0084c8 0a079663 bne              x15, x0, 172        x15:00000000
14846103ns          247234 1c0084ca 1c000737 lui              x14, 0x1c000000     x14=1c000000
14846123ns          247235 1c0084ce 0ec72783 lw               x15, 236(x14)       x15=40c90fdb x14:1c000000  PA:1c0000ec
14846442ns          247251 1c0084d2 a0a797d3 flt.s            x15, f15, f10       x15=00000000 f15:40c90fdb f10:3d8d4590
14846461ns          247252 1c0084d6 00078b63 beq              x15, x0, 22         x15:00000000
14846521ns          247255 1c0084ec 00000793 addi             x15, x0, 0          x15=00000000
14846541ns          247256 1c0084f0 a0f517d3 flt.s            x15, f10, f15       x15=00000000 f10:3d8d4590 f15:00000000
14846561ns          247257 1c0084f4 08079a63 bne              x15, x0, 148        x15:00000000
14846581ns          247258 1c0084f6 1c0007b7 lui              x15, 0x1c000000     x15=1c000000
14846601ns          247259 1c0084fa 0b87a783 lw               x15, 184(x15)       x15=3fc90fdb x15:1c000000  PA:1c0000b8
14846939ns          247276 1c0084fe a0f517d3 flt.s            x15, f10, f15       x15=00000001 f10:3d8d4590 f15:3fc90fdb
14846959ns          247277 1c008502 02079563 bne              x15, x0, 42         x15:00000001
14847018ns          247280 1c00852c 10a57553 fmul.s           f10, f10, f10       f10=xxxxxxxx f10:3d8d4590 f10:3d8d4590
14847038ns          247281 1c008530 1c0007b7 lui              x15, 0x1c000000     x15=1c000000
14847058ns          247282 1c008534 1c000737 lui              x14, 0x1c000000     x14=1c000000
14847078ns          247283 1c008538 0f472703 lw               x14, 244(x14)       x14=bab59551 x14:1c000000  PA:1c0000f4
14847376ns          247298 1c00853c 0f07a783 lw               x15, 240(x15)       x15=37c23ab1 x15:1c000000  PA:1c0000f0
14847695ns          247314 1c008540 70f577c3 fmadd.s          f15, f10, f15, f14  f15=xxxxxxxx f10:3b9beb67 f15:37c23ab1 f14:bab59551
14847715ns          247315 1c008544 1c000737 lui              x14, 0x1c000000     x14=1c000000
14847734ns          247316 1c008548 0f872703 lw               x14, 248(x14)       x14=3d2aa76f x14:1c000000  PA:1c0000f8
14848053ns          247332 1c00854c 70f577c3 fmadd.s          f15, f10, f15, f14  f15=xxxxxxxx f10:3b9beb67 f15:bab5919f f14:3d2aa76f
14848073ns          247333 1c008550 1c000737 lui              x14, 0x1c000000     x14=1c000000
14848093ns          247334 1c008554 0fc72703 lw               x14, 252(x14)       x14=beffffe0 x14:1c000000  PA:1c0000fc
14848451ns          247352 1c008558 70f577c3 fmadd.s          f15, f10, f15, f14  f15=xxxxxxxx f10:3b9beb67 f15:3d2aa086 f14:beffffe0
14848470ns          247353 1c00855c 1c000737 lui              x14, 0x1c000000     x14=1c000000
14848490ns          247354 1c008560 12472703 lw               x14, 292(x14)       x14=3f7fffff x14:1c000000  PA:1c000124
14848809ns          247370 1c008564 70f57543 fmadd.s          f10, f10, f15, f14  f10=xxxxxxxx f10:3b9beb67 f15:beffe5e5 f14:3f7fffff
14848828ns          247371 1c008568 00008067 jalr             x0, x1, 0            x1:1c0081aa
14848868ns          247373 1c0081aa 0204a683 lw               x13, 32(x9)         x13=411fad08  x9:1c010438  PA:1c010458
14849167ns          247388 1c0081ac 0244a703 lw               x14, 36(x9)         x14=40d4f61b  x9:1c010438  PA:1c01045c
14849465ns          247403 1c0081ae 0a04a783 lw               x15, 160(x9)        x15=406fb319  x9:1c010438  PA:1c0104d8
14849763ns          247418 1c0081b2 02d12423 sw               x13, 40(x2)         x13:411fad08  x2:10001548  PA:10001570
14849783ns          247419 1c0081b4 02e12623 sw               x14, 44(x2)         x14:40d4f61b  x2:10001548  PA:10001574
14849803ns          247420 1c0081b6 ffcaa683 lw               x13, -4(x21)        x13=3f24c11f x21:1c010810  PA:1c01080c
14850101ns          247435 1c0081ba 00caa703 lw               x14, 12(x21)        x14=3f37efdf x21:1c010810  PA:1c01081c
14850420ns          247451 1c0081be 02f12823 sw               x15, 48(x2)         x15:406fb319  x2:10001548  PA:10001578
14850440ns          247452 1c0081c0 01caa783 lw               x15, 28(x21)        x15=3e870b18 x21:1c010810  PA:1c01082c
14850738ns          247467 1c0081c4 10dd76d3 fmul.s           f13, f26, f13       f13=xxxxxxxx f26:3f800000 f13:3f24c11f
14850758ns          247468 1c0081c8 10ed7753 fmul.s           f14, f26, f14       f14=xxxxxxxx f26:3f800000 f14:3f37efdf
14850778ns          247469 1c0081cc 10fd77d3 fmul.s           f15, f26, f15       f15=xxxxxxxx f26:3f800000 f15:3e870b18
14850798ns          247470 1c0081d0 0044ae83 lw               x29, 4(x9)          x29=40bcf61e  x9:1c010438  PA:1c01043c
14851096ns          247485 1c0081d4 0084ae03 lw               x28, 8(x9)          x28=411cf77d  x9:1c010438  PA:1c010440
14851394ns          247500 1c0081d8 00c4a303 lw               x6, 12(x9)           x6=41147245  x9:1c010438  PA:1c010444
14851693ns          247515 1c0081dc 0104a883 lw               x17, 16(x9)         x17=40266a90  x9:1c010438  PA:1c010448
14851991ns          247530 1c0081e0 0144a803 lw               x16, 20(x9)         x16=4013856e  x9:1c010438  PA:1c01044c
14852289ns          247545 1c0081e4 0184a583 lw               x11, 24(x9)         x11=4115798d  x9:1c010438  PA:1c010450
14852588ns          247560 1c0081e6 01c4a603 lw               x12, 28(x9)         x12=411226df  x9:1c010438  PA:1c010454
14852886ns          247575 1c0081e8 0004af03 lw               x30, 0(x9)          x30=3ed6d9d4  x9:1c010438  PA:1c010438
14853185ns          247590 1c0081ec 0b84a383 lw               x7, 184(x9)          x7=411d6cae  x9:1c010438  PA:1c0104f0
14853503ns          247606 1c0081f0 0bc4a283 lw               x5, 188(x9)          x5=41136f7b  x9:1c010438  PA:1c0104f4
14853801ns          247621 1c0081f4 0c04af83 lw               x31, 192(x9)        x31=4002e6ef  x9:1c010438  PA:1c0104f8
14854100ns          247636 1c0081f8 01e12423 sw               x30, 8(x2)          x30:3ed6d9d4  x2:10001548  PA:10001550
14854119ns          247637 1c0081fa 01d12623 sw               x29, 12(x2)         x29:40bcf61e  x2:10001548  PA:10001554
14854139ns          247638 1c0081fc 0c44af03 lw               x30, 196(x9)        x30=40570b22  x9:1c010438  PA:1c0104fc
14854438ns          247653 1c008200 01c12823 sw               x28, 16(x2)         x28:411cf77d  x2:10001548  PA:10001558
14854458ns          247654 1c008202 00612a23 sw               x6, 20(x2)           x6:41147245  x2:10001548  PA:1000155c
14854477ns          247655 1c008204 01112c23 sw               x17, 24(x2)         x17:40266a90  x2:10001548  PA:10001560
14854497ns          247656 1c008206 01012e23 sw               x16, 28(x2)         x16:4013856e  x2:10001548  PA:10001564
14854517ns          247657 1c008208 02b12023 sw               x11, 32(x2)         x11:4115798d  x2:10001548  PA:10001568
14854537ns          247658 1c00820a 10f57853 fmul.s           f16, f10, f15       f16=xxxxxxxx f10:3f7f6423 f15:3e870b18
14854577ns          247660 1c00820e 10e575d3 fmul.s           f11, f10, f14       f11=xxxxxxxx f10:3f7f6423 f14:3f37efdf
14854597ns          247661 1c008212 02c12223 sw               x12, 36(x2)         x12:411226df  x2:10001548  PA:1000156c
14854617ns          247662 1c008214 0b04ac83 lw               x25, 176(x9)        x25=40a30468  x9:1c010438  PA:1c0104e8
14854935ns          247678 1c008218 10d57653 fmul.s           f12, f10, f13       f12=xxxxxxxx f10:3f7f6423 f13:3f24c11f
14854955ns          247679 1c00821c 0b44ac03 lw               x24, 180(x9)        x24=40d410fb  x9:1c010438  PA:1c0104ec
14855253ns          247694 1c008220 1644ad03 lw               x26, 356(x9)        x26=410b60a1  x9:1c010438  PA:1c01059c
14855552ns          247709 1c008224 1404a503 lw               x10, 320(x9)        x10=411aeb99  x9:1c010438  PA:1c010578
14855850ns          247724 1c008228 0a44ad83 lw               x27, 164(x9)        x27=404befd1  x9:1c010438  PA:1c0104dc
14856168ns          247740 1c00822c 04a12c23 sw               x10, 88(x2)         x10:411aeb99  x2:10001548  PA:100015a0
14856188ns          247741 1c00822e 03b12a23 sw               x27, 52(x2)         x27:404befd1  x2:10001548  PA:1000157c
14856208ns          247742 1c008230 0a84ad83 lw               x27, 168(x9)        x27=3db63347  x9:1c010438  PA:1c0104e0
14856506ns          247757 1c008234 1444a503 lw               x10, 324(x9)        x10=409d8e47  x9:1c010438  PA:1c01057c
14856805ns          247772 1c008238 03b12c23 sw               x27, 56(x2)         x27:3db63347  x2:10001548  PA:10001580
14856825ns          247773 1c00823a 0ac4ad83 lw               x27, 172(x9)        x27=41022658  x9:1c010438  PA:1c0104e4
14857123ns          247788 1c00823e 04a12e23 sw               x10, 92(x2)         x10:409d8e47  x2:10001548  PA:100015a4
14857143ns          247789 1c008240 03b12e23 sw               x27, 60(x2)         x27:41022658  x2:10001548  PA:10001584
14857163ns          247790 1c008242 1484ad83 lw               x27, 328(x9)        x27=3ff61000  x9:1c010438  PA:1c010580
14857461ns          247805 1c008246 14c4a503 lw               x10, 332(x9)        x10=40be6494  x9:1c010438  PA:1c010584
14857759ns          247820 1c00824a 07b12023 sw               x27, 96(x2)         x27:3ff61000  x2:10001548  PA:100015a8
14857779ns          247821 1c00824c 1504ad83 lw               x27, 336(x9)        x27=40f74063  x9:1c010438  PA:1c010588
14858078ns          247836 1c008250 088bf8d3 fsub.s           f17, f23, f8        f17=xxxxxxxx f23:3f800000  f8:3d8d28d8
14858098ns          247837 1c008254 10e6fed3 fmul.s           f29, f13, f14       f29=xxxxxxxx f13:3f24c11f f14:3f37efdf
14858117ns          247838 1c008258 10f6fe53 fmul.s           f28, f13, f15       f28=xxxxxxxx f13:3f24c11f f15:3e870b18
14858137ns          247839 1c00825c 10f77353 fmul.s           f6, f14, f15         f6=xxxxxxxx f14:3f37efdf f15:3e870b18
14858157ns          247840 1c008260 06a12223 sw               x10, 100(x2)        x10:40be6494  x2:10001548  PA:100015ac
14858177ns          247841 1c008262 07b12423 sw               x27, 104(x2)        x27:40f74063  x2:10001548  PA:100015b0
14858197ns          247842 1c008264 1544a503 lw               x10, 340(x9)        x10=40b05982  x9:1c010438  PA:1c01058c
14858495ns          247857 1c008268 1584ad83 lw               x27, 344(x9)        x27=3fda11e0  x9:1c010438  PA:1c010590
14858794ns          247872 1c00826c 10d6f6d3 fmul.s           f13, f13, f13       f13=xxxxxxxx f13:3f24c11f f13:3f24c11f
14858814ns          247873 1c008270 10e77753 fmul.s           f14, f14, f14       f14=xxxxxxxx f14:3f37efdf f14:3f37efdf
14858834ns          247874 1c008274 10f7f7d3 fmul.s           f15, f15, f15       f15=xxxxxxxx f15:3e870b18 f15:3e870b18
14858853ns          247875 1c008278 05f12823 sw               x31, 80(x2)         x31:4002e6ef  x2:10001548  PA:10001598
14858873ns          247876 1c00827a 05e12a23 sw               x30, 84(x2)         x30:40570b22  x2:10001548  PA:1000159c
14858893ns          247877 1c00827c 81d8ffc7 fmsub.s          f31, f17, f29, f16  f31=xxxxxxxx f17:3f6e5ae5 f29:3eecc0da f16:3e86b8e0
14858913ns          247878 1c008280 06a12623 sw               x10, 108(x2)        x10:40b05982  x2:10001548  PA:100015b4
14858933ns          247879 1c008282 07b12823 sw               x27, 112(x2)        x27:3fda11e0  x2:10001548  PA:100015b8
14858953ns          247880 1c008284 15c4a503 lw               x10, 348(x9)        x10=40ff5311  x9:1c010438  PA:1c010594
14859251ns          247895 1c008288 1604ad83 lw               x27, 352(x9)        x27=3f442073  x9:1c010438  PA:1c010598
14859550ns          247910 1c00828c 59c8ff43 fmadd.s          f30, f17, f28, f11  f30=xxxxxxxx f17:3f6e5ae5 f28:3e2dd1f6 f11:3f377fe2
14859569ns          247911 1c008290 81d8f843 fmadd.s          f16, f17, f29, f16  f16=xxxxxxxx f17:3f6e5ae5 f29:3eecc0da f16:3e86b8e0
14859589ns          247912 1c008294 59c8f5c7 fmsub.s          f11, f17, f28, f11  f11=xxxxxxxx f17:3f6e5ae5 f28:3e2dd1f6 f11:3f377fe2
14859609ns          247913 1c008298 6068fec7 fmsub.s          f29, f17, f6, f12   f29=xxxxxxxx f17:3f6e5ae5  f6:3e420eee f12:3f245cd0
14859629ns          247914 1c00829c 6068f643 fmadd.s          f12, f17, f6, f12   f12=xxxxxxxx f17:3f6e5ae5  f6:3e420eee f12:3f245cd0
14859649ns          247915 1c0082a0 04712423 sw               x7, 72(x2)           x7:411d6cae  x2:10001548  PA:10001590
14859669ns          247916 1c0082a2 04512623 sw               x5, 76(x2)           x5:41136f7b  x2:10001548  PA:10001594
14859689ns          247917 1c0082a4 4116f6c3 fmadd.s          f13, f13, f17, f8   f13=xxxxxxxx f13:3ed41003 f17:3f6e5ae5  f8:3d8d28d8
14859709ns          247918 1c0082a8 40e8f743 fmadd.s          f14, f17, f14, f8   f14=xxxxxxxx f17:3f6e5ae5 f14:3f0428d2  f8:3d8d28d8
14859729ns          247919 1c0082ac 40f8f7c3 fmadd.s          f15, f17, f15, f8   f15=xxxxxxxx f17:3f6e5ae5 f15:3d8e7968  f8:3d8d28d8
14859748ns          247920 1c0082b0 05912023 sw               x25, 64(x2)         x25:40a30468  x2:10001548  PA:10001588
14859768ns          247921 1c0082b2 05812223 sw               x24, 68(x2)         x24:40d410fb  x2:10001548  PA:1000158c
14859788ns          247922 1c0082b4 06a12a23 sw               x10, 116(x2)        x10:40ff5311  x2:10001548  PA:100015bc
14859808ns          247923 1c0082b6 07b12c23 sw               x27, 120(x2)        x27:3f442073  x2:10001548  PA:100015c0
14859828ns          247924 1c0082b8 07a12e23 sw               x26, 124(x2)        x26:410b60a1  x2:10001548  PA:100015c4
14859848ns          247925 1c0082ba 00810393 addi             x7, x2, 8            x7=10001550  x2:10001548
14859868ns          247926 1c0082be 016002b3 add              x5, x0, x22          x5=10001680 x22:10001680
14859888ns          247927 1c0082c0 00af50fb lp.setupi        0x1, 0xa, 0x1e     
14859928ns          247929 1c0082c4 0043a50b p.lw             x10, 4(x7!)         x10=3ed6d9d4  x7=10001554  x7:10001550  PA:10001550
14859967ns          247931 1c0082c8 90a6f343 fmadd.s          f6, f13, f10, f18    f6=xxxxxxxx f13:3ee8bc64 f10:3ed6d9d4 f18:00000000
14859987ns          247932 1c0082cc 0243ae03 lw               x28, 36(x7)         x28=406fb319  x7:10001554  PA:10001578
14860027ns          247934 1c0082d0 90aff8c3 fmadd.s          f17, f31, f10, f18  f17=xxxxxxxx f31:3e2b6cf5 f10:3ed6d9d4 f18:00000000
14860067ns          247936 1c0082d4 90af7c43 fmadd.s          f24, f30, f10, f18  f24=xxxxxxxx f30:3f5ff59d f10:3ed6d9d4 f18:00000000
14860087ns          247937 1c0082d8 31c87343 fmadd.s          f6, f16, f28, f6     f6=xxxxxxxx f16:3f31941d f28:406fb319  f6:3e435384
14860107ns          247938 1c0082dc 04c3a503 lw               x10, 76(x7)         x10=411aeb99  x7:10001554  PA:100015a0
14860126ns          247939 1c0082e0 89c778c3 fmadd.s          f17, f14, f28, f17  f17=xxxxxxxx f14:3f0cb1fb f28:406fb319 f17:3d8fdef2
14860146ns          247940 1c0082e4 c1cefe43 fmadd.s          f28, f29, f28, f24  f28=xxxxxxxx f29:beee623c f28:406fb319 f24:3ebbf5e2
14860166ns          247941 1c0082e8 30a5f343 fmadd.s          f6, f11, f10, f6     f6=xxxxxxxx f11:bf0f0a27 f10:411aeb99  f6:40327abb
14860186ns          247942 1c0082ec 88a678c3 fmadd.s          f17, f12, f10, f17  f17=xxxxxxxx f12:3f518882 f10:411aeb99 f17:40083b8f
14860246ns          247945 1c0082f0 e0a7f543 fmadd.s          f10, f15, f10, f28  f10=xxxxxxxx f15:3e08e826 f10:411aeb99 f28:bfb03703
14860286ns          247947 1c0082f4 0062a22b p.sw             x6, 4(x5!)           x5=10001684  x6:c027c442  x5:10001680  PA:10001680
14860305ns          247948 1c0082f8 0912ae23 sw               x17, 156(x5)        x17:4120dbd7  x5:10001684  PA:10001720
14860325ns          247949 1c0082fc 12a2ae23 sw               x10, 316(x5)        x10:bda83b77  x5:10001684  PA:100017c0
14860345ns          247950 1c0082c4 0043a50b p.lw             x10, 4(x7!)         x10=40bcf61e  x7=10001558  x7:10001554  PA:10001554
14860385ns          247952 1c0082c8 90a6f343 fmadd.s          f6, f13, f10, f18    f6=xxxxxxxx f13:3ee8bc64 f10:40bcf61e f18:00000000
14860405ns          247953 1c0082cc 0243ae03 lw               x28, 36(x7)         x28=404befd1  x7:10001558  PA:1000157c
14860425ns          247954 1c0082d0 90aff8c3 fmadd.s          f17, f31, f10, f18  f17=xxxxxxxx f31:3e2b6cf5 f10:40bcf61e f18:00000000
14860445ns          247955 1c0082d4 90af7c43 fmadd.s          f24, f30, f10, f18  f24=xxxxxxxx f30:3f5ff59d f10:40bcf61e f18:00000000
14860465ns          247956 1c0082d8 31c87343 fmadd.s          f6, f16, f28, f6     f6=xxxxxxxx f16:3f31941d f28:404befd1  f6:402bca1a
14860484ns          247957 1c0082dc 04c3a503 lw               x10, 76(x7)         x10=409d8e47  x7:10001558  PA:100015a4
14860504ns          247958 1c0082e0 89c778c3 fmadd.s          f17, f14, f28, f17  f17=xxxxxxxx f14:3f0cb1fb f28:404befd1 f17:3f7d11a5
14860524ns          247959 1c0082e4 c1cefe43 fmadd.s          f28, f29, f28, f24  f28=xxxxxxxx f29:beee623c f28:404befd1 f24:40a54fb0
14860544ns          247960 1c0082e8 30a5f343 fmadd.s          f6, f11, f10, f6     f6=xxxxxxxx f11:bf0f0a27 f10:409d8e47  f6:409ca074
14860564ns          247961 1c0082ec 88a678c3 fmadd.s          f17, f12, f10, f17  f17=xxxxxxxx f12:3f518882 f10:409d8e47 f17:402f5958
14860584ns          247962 1c0082f0 e0a7f543 fmadd.s          f10, f15, f10, f28  f10=xxxxxxxx f15:3e08e826 f10:409d8e47 f28:406babc5
14860604ns          247963 1c0082f4 0062a22b p.sw             x6, 4(x5!)           x5=10001688  x6:40092f76  x5:10001684  PA:10001684
14860624ns          247964 1c0082f8 0912ae23 sw               x17, 156(x5)        x17:40d8a1d8  x5:10001688  PA:10001724
14860644ns          247965 1c0082fc 12a2ae23 sw               x10, 316(x5)        x10:408ae680  x5:10001688  PA:100017c4
14860723ns          247969 1c0082c4 0043a50b p.lw             x10, 4(x7!)         x10=411cf77d  x7=1000155c  x7:10001558  PA:10001558
14860763ns          247971 1c0082c8 90a6f343 fmadd.s          f6, f13, f10, f18    f6=xxxxxxxx f13:3ee8bc64 f10:411cf77d f18:00000000
14860783ns          247972 1c0082cc 0243ae03 lw               x28, 36(x7)         x28=3db63347  x7:1000155c  PA:10001580
14860803ns          247973 1c0082d0 90aff8c3 fmadd.s          f17, f31, f10, f18  f17=xxxxxxxx f31:3e2b6cf5 f10:411cf77d f18:00000000
14860823ns          247974 1c0082d4 90af7c43 fmadd.s          f24, f30, f10, f18  f24=xxxxxxxx f30:3f5ff59d f10:411cf77d f18:00000000
14860842ns          247975 1c0082d8 31c87343 fmadd.s          f6, f16, f28, f6     f6=xxxxxxxx f16:3f31941d f28:3db63347  f6:408eb3cc
14860862ns          247976 1c0082dc 04c3a503 lw               x10, 76(x7)         x10=3ff61000  x7:1000155c  PA:100015a8
14860882ns          247977 1c0082e0 89c778c3 fmadd.s          f17, f14, f28, f17  f17=xxxxxxxx f14:3f0cb1fb f28:3db63347 f17:3fd2383e
14860902ns          247978 1c0082e4 c1cefe43 fmadd.s          f28, f29, f28, f24  f28=xxxxxxxx f29:beee623c f28:3db63347 f24:4109522f
14860922ns          247979 1c0082e8 30a5f343 fmadd.s          f6, f11, f10, f6     f6=xxxxxxxx f11:bf0f0a27 f10:3ff61000  f6:4090ad57
14860942ns          247980 1c0082ec 88a678c3 fmadd.s          f17, f12, f10, f17  f17=xxxxxxxx f12:3f518882 f10:3ff61000 f17:3fd87a69
14860962ns          247981 1c0082f0 e0a7f543 fmadd.s          f10, f15, f10, f28  f10=xxxxxxxx f15:3e08e826 f10:3ff61000 f28:4108a885
14860982ns          247982 1c0082f4 0062a22b p.sw             x6, 4(x5!)           x5=1000168c  x6:405c9c55  x5:10001688  PA:10001688
14861002ns          247983 1c0082f8 0912ae23 sw               x17, 156(x5)        x17:4050f057  x5:1000168c  PA:10001728
14861022ns          247984 1c0082fc 12a2ae23 sw               x10, 316(x5)        x10:410cc542  x5:1000168c  PA:100017c8
14861041ns          247985 1c0082c4 0043a50b p.lw             x10, 4(x7!)         x10=41147245  x7=10001560  x7:1000155c  PA:1000155c
14861081ns          247987 1c0082c8 90a6f343 fmadd.s          f6, f13, f10, f18    f6=xxxxxxxx f13:3ee8bc64 f10:41147245 f18:00000000
14861101ns          247988 1c0082cc 0243ae03 lw               x28, 36(x7)         x28=41022658  x7:10001560  PA:10001584
14861121ns          247989 1c0082d0 90aff8c3 fmadd.s          f17, f31, f10, f18  f17=xxxxxxxx f31:3e2b6cf5 f10:41147245 f18:00000000
14861141ns          247990 1c0082d4 90af7c43 fmadd.s          f24, f30, f10, f18  f24=xxxxxxxx f30:3f5ff59d f10:41147245 f18:00000000
14861161ns          247991 1c0082d8 31c87343 fmadd.s          f6, f16, f28, f6     f6=xxxxxxxx f16:3f31941d f28:41022658  f6:4086f4cc
14861181ns          247992 1c0082dc 04c3a503 lw               x10, 76(x7)         x10=40be6494  x7:10001560  PA:100015ac
14861201ns          247993 1c0082e0 89c778c3 fmadd.s          f17, f14, f28, f17  f17=xxxxxxxx f14:3f0cb1fb f28:41022658 f17:3fc6cf05
14861220ns          247994 1c0082e4 c1cefe43 fmadd.s          f28, f29, f28, f24  f28=xxxxxxxx f29:beee623c f28:41022658 f24:4101ddf7
14861240ns          247995 1c0082e8 30a5f343 fmadd.s          f6, f11, f10, f6     f6=xxxxxxxx f11:bf0f0a27 f10:40be6494  f6:411dc236
14861260ns          247996 1c0082ec 88a678c3 fmadd.s          f17, f12, f10, f17  f17=xxxxxxxx f12:3f518882 f10:40be6494 f17:40c0c2aa
14861280ns          247997 1c0082f0 e0a7f543 fmadd.s          f10, f15, f10, f28  f10=xxxxxxxx f15:3e08e826 f10:40be6494 f28:408a8a57
14861300ns          247998 1c0082f4 0062a22b p.sw             x6, 4(x5!)           x5=10001690  x6:40d122b0  x5:1000168c  PA:1000168c
14861320ns          247999 1c0082f8 0912ae23 sw               x17, 156(x5)        x17:412e4c26  x5:10001690  PA:1000172c
14861340ns          248000 1c0082fc 12a2ae23 sw               x10, 316(x5)        x10:40a3fedd  x5:10001690  PA:100017cc
14861360ns          248001 1c0082c4 0043a50b p.lw             x10, 4(x7!)         x10=40266a90  x7=10001564  x7:10001560  PA:10001560
14861399ns          248003 1c0082c8 90a6f343 fmadd.s          f6, f13, f10, f18    f6=xxxxxxxx f13:3ee8bc64 f10:40266a90 f18:00000000
14861419ns          248004 1c0082cc 0243ae03 lw               x28, 36(x7)         x28=40a30468  x7:10001564  PA:10001588
14861439ns          248005 1c0082d0 90aff8c3 fmadd.s          f17, f31, f10, f18  f17=xxxxxxxx f31:3e2b6cf5 f10:40266a90 f18:00000000
14861459ns          248006 1c0082d4 90af7c43 fmadd.s          f24, f30, f10, f18  f24=xxxxxxxx f30:3f5ff59d f10:40266a90 f18:00000000
14861479ns          248007 1c0082d8 31c87343 fmadd.s          f6, f16, f28, f6     f6=xxxxxxxx f16:3f31941d f28:40a30468  f6:3f974b0a
14861499ns          248008 1c0082dc 04c3a503 lw               x10, 76(x7)         x10=40f74063  x7:10001564  PA:100015b0
14861519ns          248009 1c0082e0 89c778c3 fmadd.s          f17, f14, f28, f17  f17=xxxxxxxx f14:3f0cb1fb f28:40a30468 f17:3edee005
14861539ns          248010 1c0082e4 c1cefe43 fmadd.s          f28, f29, f28, f24  f28=xxxxxxxx f29:beee623c f28:40a30468 f24:4011967d
14861559ns          248011 1c0082e8 30a5f343 fmadd.s          f6, f11, f10, f6     f6=xxxxxxxx f11:bf0f0a27 f10:40f74063  f6:4096e71f
14861578ns          248012 1c0082ec 88a678c3 fmadd.s          f17, f12, f10, f17  f17=xxxxxxxx f12:3f518882 f10:40f74063 f17:404f0b7e
14861598ns          248013 1c0082f0 e0a7f543 fmadd.s          f10, f15, f10, f28  f10=xxxxxxxx f15:3e08e826 f10:40f74063 f28:bdc6c533
14861618ns          248014 1c0082f4 0062a22b p.sw             x6, 4(x5!)           x5=10001694  x6:3ecc0598  x5:10001690  PA:10001690
14861638ns          248015 1c0082f8 0912ae23 sw               x17, 156(x5)        x17:4118f294  x5:10001694  PA:10001730
14861658ns          248016 1c0082fc 12a2ae23 sw               x10, 316(x5)        x10:3f6f9c31  x5:10001694  PA:100017d0
14861678ns          248017 1c0082c4 0043a50b p.lw             x10, 4(x7!)         x10=4013856e  x7=10001568  x7:10001564  PA:10001564
14861718ns          248019 1c0082c8 90a6f343 fmadd.s          f6, f13, f10, f18    f6=xxxxxxxx f13:3ee8bc64 f10:4013856e f18:00000000
14861738ns          248020 1c0082cc 0243ae03 lw               x28, 36(x7)         x28=40d410fb  x7:10001568  PA:1000158c
14861757ns          248021 1c0082d0 90aff8c3 fmadd.s          f17, f31, f10, f18  f17=xxxxxxxx f31:3e2b6cf5 f10:4013856e f18:00000000
14861777ns          248022 1c0082d4 90af7c43 fmadd.s          f24, f30, f10, f18  f24=xxxxxxxx f30:3f5ff59d f10:4013856e f18:00000000
14861797ns          248023 1c0082d8 31c87343 fmadd.s          f6, f16, f28, f6     f6=xxxxxxxx f16:3f31941d f28:40d410fb  f6:3f861d7b
14861817ns          248024 1c0082dc 04c3a503 lw               x10, 76(x7)         x10=40b05982  x7:10001568  PA:100015b4
14861837ns          248025 1c0082e0 89c778c3 fmadd.s          f17, f14, f28, f17  f17=xxxxxxxx f14:3f0cb1fb f28:40d410fb f17:3ec591d4
14861857ns          248026 1c0082e4 c1cefe43 fmadd.s          f28, f29, f28, f24  f28=xxxxxxxx f29:beee623c f28:40d410fb f24:40010ec4
14861877ns          248027 1c0082e8 30a5f343 fmadd.s          f6, f11, f10, f6     f6=xxxxxxxx f11:bf0f0a27 f10:40b05982  f6:40b4a1ce
14861897ns          248028 1c0082ec 88a678c3 fmadd.s          f17, f12, f10, f17  f17=xxxxxxxx f12:3f518882 f10:40b05982 f17:4080e5d6
14861917ns          248029 1c0082f0 e0a7f543 fmadd.s          f10, f15, f10, f28  f10=xxxxxxxx f15:3e08e826 f10:40b05982 f28:bf88d4cb
14861936ns          248030 1c0082f4 0062a22b p.sw             x6, 4(x5!)           x5=10001698  x6:402431a0  x5:10001694  PA:10001694
14861956ns          248031 1c0082f8 0912ae23 sw               x17, 156(x5)        x17:41089e79  x5:10001698  PA:10001734
14861976ns          248032 1c0082fc 12a2ae23 sw               x10, 316(x5)        x10:beaa154b  x5:10001698  PA:100017d4
14861996ns          248033 1c0082c4 0043a50b p.lw             x10, 4(x7!)         x10=4115798d  x7=1000156c  x7:10001568  PA:10001568
14862036ns          248035 1c0082c8 90a6f343 fmadd.s          f6, f13, f10, f18    f6=xxxxxxxx f13:3ee8bc64 f10:4115798d f18:00000000
14862056ns          248036 1c0082cc 0243ae03 lw               x28, 36(x7)         x28=411d6cae  x7:1000156c  PA:10001590
14862076ns          248037 1c0082d0 90aff8c3 fmadd.s          f17, f31, f10, f18  f17=xxxxxxxx f31:3e2b6cf5 f10:4115798d f18:00000000
14862096ns          248038 1c0082d4 90af7c43 fmadd.s          f24, f30, f10, f18  f24=xxxxxxxx f30:3f5ff59d f10:4115798d f18:00000000
14862115ns          248039 1c0082d8 31c87343 fmadd.s          f6, f16, f28, f6     f6=xxxxxxxx f16:3f31941d f28:411d6cae  f6:4087e427
14862135ns          248040 1c0082dc 04c3a503 lw               x10, 76(x7)         x10=3fda11e0  x7:1000156c  PA:100015b8
14862155ns          248041 1c0082e0 89c778c3 fmadd.s          f17, f14, f28, f17  f17=xxxxxxxx f14:3f0cb1fb f28:411d6cae f17:3fc82f9f
14862175ns          248042 1c0082e4 c1cefe43 fmadd.s          f28, f29, f28, f24  f28=xxxxxxxx f29:beee623c f28:411d6cae f24:4102c44b
14862195ns          248043 1c0082e8 30a5f343 fmadd.s          f6, f11, f10, f6     f6=xxxxxxxx f11:bf0f0a27 f10:3fda11e0  f6:4131254c
14862215ns          248044 1c0082ec 88a678c3 fmadd.s          f17, f12, f10, f17  f17=xxxxxxxx f12:3f518882 f10:3fda11e0 f17:40df15ab
14862235ns          248045 1c0082f0 e0a7f543 fmadd.s          f10, f15, f10, f28  f10=xxxxxxxx f15:3e08e826 f10:3fda11e0 f28:4065e247
14862255ns          248046 1c0082f4 0062a22b p.sw             x6, 4(x5!)           x5=1000169c  x6:4121ea38  x5:10001698  PA:10001698
14862275ns          248047 1c0082f8 0912ae23 sw               x17, 156(x5)        x17:4105da72  x5:1000169c  PA:10001738
14862295ns          248048 1c0082fc 12a2ae23 sw               x10, 316(x5)        x10:4074762f  x5:1000169c  PA:100017d8
14862314ns          248049 1c0082c4 0043a50b p.lw             x10, 4(x7!)         x10=411226df  x7=10001570  x7:1000156c  PA:1000156c
14862354ns          248051 1c0082c8 90a6f343 fmadd.s          f6, f13, f10, f18    f6=xxxxxxxx f13:3ee8bc64 f10:411226df f18:00000000
14862374ns          248052 1c0082cc 0243ae03 lw               x28, 36(x7)         x28=41136f7b  x7:10001570  PA:10001594
14862394ns          248053 1c0082d0 90aff8c3 fmadd.s          f17, f31, f10, f18  f17=xxxxxxxx f31:3e2b6cf5 f10:411226df f18:00000000
14862414ns          248054 1c0082d4 90af7c43 fmadd.s          f24, f30, f10, f18  f24=xxxxxxxx f30:3f5ff59d f10:411226df f18:00000000
14862434ns          248055 1c0082d8 31c87343 fmadd.s          f6, f16, f28, f6     f6=xxxxxxxx f16:3f31941d f28:41136f7b  f6:4084dec8
14862454ns          248056 1c0082dc 04c3a503 lw               x10, 76(x7)         x10=40ff5311  x7:10001570  PA:100015bc
14862474ns          248057 1c0082e0 89c778c3 fmadd.s          f17, f14, f28, f17  f17=xxxxxxxx f14:3f0cb1fb f28:41136f7b f17:3fc3bc56
14862493ns          248058 1c0082e4 c1cefe43 fmadd.s          f28, f29, f28, f24  f28=xxxxxxxx f29:beee623c f28:41136f7b f24:40ffb82a
14862513ns          248059 1c0082e8 30a5f343 fmadd.s          f6, f11, f10, f6     f6=xxxxxxxx f11:bf0f0a27 f10:40ff5311  f6:4128b4c5
14862533ns          248060 1c0082ec 88a678c3 fmadd.s          f17, f12, f10, f17  f17=xxxxxxxx f12:3f518882 f10:40ff5311 f17:40d2fe05
14862553ns          248061 1c0082f0 e0a7f543 fmadd.s          f10, f15, f10, f28  f10=xxxxxxxx f15:3e08e826 f10:40ff5311 f28:406cdbe5
14862573ns          248062 1c0082f4 0062a22b p.sw             x6, 4(x5!)           x5=100016a0  x6:40c2c003  x5:1000169c  PA:1000169c
14862593ns          248063 1c0082f8 0912ae23 sw               x17, 156(x5)        x17:4151fc7e  x5:100016a0  PA:1000173c
14862613ns          248064 1c0082fc 12a2ae23 sw               x10, 316(x5)        x10:409890dd  x5:100016a0  PA:100017dc
14862633ns          248065 1c0082c4 0043a50b p.lw             x10, 4(x7!)         x10=411fad08  x7=10001574  x7:10001570  PA:10001570
14862672ns          248067 1c0082c8 90a6f343 fmadd.s          f6, f13, f10, f18    f6=xxxxxxxx f13:3ee8bc64 f10:411fad08 f18:00000000
14862692ns          248068 1c0082cc 0243ae03 lw               x28, 36(x7)         x28=4002e6ef  x7:10001574  PA:10001598
14862712ns          248069 1c0082d0 90aff8c3 fmadd.s          f17, f31, f10, f18  f17=xxxxxxxx f31:3e2b6cf5 f10:411fad08 f18:00000000
14862732ns          248070 1c0082d4 90af7c43 fmadd.s          f24, f30, f10, f18  f24=xxxxxxxx f30:3f5ff59d f10:411fad08 f18:00000000
14862752ns          248071 1c0082d8 31c87343 fmadd.s          f6, f16, f28, f6     f6=xxxxxxxx f16:3f31941d f28:4002e6ef  f6:40912a51
14862772ns          248072 1c0082dc 04c3a503 lw               x10, 76(x7)         x10=3f442073  x7:10001574  PA:100015c0
14862792ns          248073 1c0082e0 89c778c3 fmadd.s          f17, f14, f28, f17  f17=xxxxxxxx f14:3f0cb1fb f28:4002e6ef f17:3fd5d914
14862812ns          248074 1c0082e4 c1cefe43 fmadd.s          f28, f29, f28, f24  f28=xxxxxxxx f29:beee623c f28:4002e6ef f24:410bb0ec
14862832ns          248075 1c0082e8 30a5f343 fmadd.s          f6, f11, f10, f6     f6=xxxxxxxx f11:bf0f0a27 f10:3f442073  f6:40be9105
14862851ns          248076 1c0082ec 88a678c3 fmadd.s          f17, f12, f10, f17  f17=xxxxxxxx f12:3f518882 f10:3f442073 f17:4032ddd7
14862871ns          248077 1c0082f0 e0a7f543 fmadd.s          f10, f15, f10, f28  f10=xxxxxxxx f15:3e08e826 f10:3f442073 f28:40f8e89d
14862891ns          248078 1c0082f4 0062a22b p.sw             x6, 4(x5!)           x5=100016a4  x6:40b0de48  x5:100016a0  PA:100016a0
14862911ns          248079 1c0082f8 0912ae23 sw               x17, 156(x5)        x17:405aff9c  x5:100016a4  PA:10001740
14862931ns          248080 1c0082fc 12a2ae23 sw               x10, 316(x5)        x10:40fc2fb6  x5:100016a4  PA:100017e0
14862951ns          248081 1c0082c4 0043a50b p.lw             x10, 4(x7!)         x10=40d4f61b  x7=10001578  x7:10001574  PA:10001574
14862991ns          248083 1c0082c8 90a6f343 fmadd.s          f6, f13, f10, f18    f6=xxxxxxxx f13:3ee8bc64 f10:40d4f61b f18:00000000
14863011ns          248084 1c0082cc 0243ae03 lw               x28, 36(x7)         x28=40570b22  x7:10001578  PA:1000159c
14863030ns          248085 1c0082d0 90aff8c3 fmadd.s          f17, f31, f10, f18  f17=xxxxxxxx f31:3e2b6cf5 f10:40d4f61b f18:00000000
14863050ns          248086 1c0082d4 90af7c43 fmadd.s          f24, f30, f10, f18  f24=xxxxxxxx f30:3f5ff59d f10:40d4f61b f18:00000000
14863070ns          248087 1c0082d8 31c87343 fmadd.s          f6, f16, f28, f6     f6=xxxxxxxx f16:3f31941d f28:40570b22  f6:40419bc0
14863090ns          248088 1c0082dc 04c3a503 lw               x10, 76(x7)         x10=410b60a1  x7:10001578  PA:100015c4
14863110ns          248089 1c0082e0 89c778c3 fmadd.s          f17, f14, f28, f17  f17=xxxxxxxx f14:3f0cb1fb f28:40570b22 f17:3f8e9b08
14863130ns          248090 1c0082e4 c1cefe43 fmadd.s          f28, f29, f28, f24  f28=xxxxxxxx f29:beee623c f28:40570b22 f24:40ba4eb4
14863150ns          248091 1c0082e8 30a5f343 fmadd.s          f6, f11, f10, f6     f6=xxxxxxxx f11:bf0f0a27 f10:410b60a1  f6:40ab636f
14863170ns          248092 1c0082ec 88a678c3 fmadd.s          f17, f12, f10, f17  f17=xxxxxxxx f12:3f518882 f10:410b60a1 f17:403d7d1c
14863190ns          248093 1c0082f0 e0a7f543 fmadd.s          f10, f15, f10, f28  f10=xxxxxxxx f15:3e08e826 f10:410b60a1 f28:40883efc
14863209ns          248094 1c0082f4 0062a22b p.sw             x6, 4(x5!)           x5=100016a8  x6:3efa26d2  x5:100016a4  PA:100016a4
14863229ns          248095 1c0082f8 0912ae23 sw               x17, 156(x5)        x17:4121737d  x5:100016a8  PA:10001744
14863249ns          248096 1c0082fc 12a2ae23 sw               x10, 316(x5)        x10:40ad83d9  x5:100016a8  PA:100017e4
14863269ns          248097 1c008300 02848493 addi             x9, x9, 40           x9=1c010460  x9:1c010438
14863289ns          248098 1c008304 028b0b13 addi             x22, x22, 40        x22=100016a8 x22:10001680
14863309ns          248099 1c008308 e75a18e3 bne              x20, x21, -400      x20:1c010810 x21:1c010810
14863329ns          248100 1c00830c 0bc12083 lw               x1, 188(x2)          x1=1c0083a8  x2:10001548  PA:10001604
14863349ns          248101 1c00830e 0b812403 lw               x8, 184(x2)          x8=00000002  x2:10001548  PA:10001600
14863369ns          248102 1c008310 0b412483 lw               x9, 180(x2)          x9=xxxxxxxx  x2:10001548  PA:100015fc
14863389ns          248103 1c008312 0b012903 lw               x18, 176(x2)        x18=xxxxxxxx  x2:10001548  PA:100015f8
14863408ns          248104 1c008314 0ac12983 lw               x19, 172(x2)        x19=xxxxxxxx  x2:10001548  PA:100015f4
14863428ns          248105 1c008316 0a812a03 lw               x20, 168(x2)        x20=xxxxxxxx  x2:10001548  PA:100015f0
14863448ns          248106 1c008318 0a412a83 lw               x21, 164(x2)        x21=xxxxxxxx  x2:10001548  PA:100015ec
14863468ns          248107 1c00831a 0a012b03 lw               x22, 160(x2)        x22=xxxxxxxx  x2:10001548  PA:100015e8
14863488ns          248108 1c00831c 09c12b83 lw               x23, 156(x2)        x23=xxxxxxxx  x2:10001548  PA:100015e4
14863508ns          248109 1c00831e 09812c03 lw               x24, 152(x2)        x24=xxxxxxxx  x2:10001548  PA:100015e0
14863528ns          248110 1c008320 09412c83 lw               x25, 148(x2)        x25=xxxxxxxx  x2:10001548  PA:100015dc
14863548ns          248111 1c008322 09012d03 lw               x26, 144(x2)        x26=xxxxxxxx  x2:10001548  PA:100015d8
14863568ns          248112 1c008324 08c12d83 lw               x27, 140(x2)        x27=xxxxxxxx  x2:10001548  PA:100015d4
14863587ns          248113 1c008326 0c010113 addi             x2, x2, 192          x2=10001608  x2:10001548
14863607ns          248114 1c008328 00008067 jalr             x0, x1, 0            x1:1c0083a8
14864105ns          248139 1c0083a8 f14027f3 csrrs            x15, x0, 0xf14      x15=00000002
14864144ns          248141 1c0083ac f457b7b3 p.bclr           x15, x15, 26, 5     x15=00000002 x15:00000002
14864582ns          248163 1c0083b0 0e078063 beq              x15, x0, 224        x15:00000002
14864622ns          248165 1c0083b2 339010ef jal              x1, 6968             x1=1c0083b6
14864741ns          248171 1c009eea f14027f3 csrrs            x15, x0, 0xf14      x15=00000002
14864761ns          248172 1c009eee 01f00713 addi             x14, x0, 31         x14=0000001f
14864801ns          248174 1c009ef0 ca5797b3 p.extractu       x15, x15, 5, 5      x15=00000000 x15:00000002
14864841ns          248176 1c009ef4 00e78863 beq              x15, x14, 16        x15:00000000 x14:0000001f
14864860ns          248177 1c009ef8 002047b7 lui              x15, 0x204000       x15=00204000
14864880ns          248178 1c009efc 20078793 addi             x15, x15, 512       x15=00204200 x15:00204000
14864940ns          248181 1c009f00 01c7e703 p.elw            x14, 28(x15)        x14=00010000 x15:00204200  PA:0020421c
15489748ns          279593 1c009f04 00008067 jalr             x0, x1, 0            x1:1c0083b6
15489788ns          279595 1c0083b6 00012683 lw               x13, 0(x2)          x13=409b6396  x2:10001608  PA:10001608
15489848ns          279598 1c0083b8 00410593 addi             x11, x2, 4          x11=1000160c  x2:10001608
15489868ns          279599 1c0083ba 00b007b3 add              x15, x0, x11        x15=1000160c x11:1000160c
15489888ns          279600 1c0083bc 00d00633 add              x12, x0, x13        x12=409b6396 x13:409b6396
15490265ns          279619 1c0083be 077250fb lp.setupi        0x1, 0x77, 0x4     
15490305ns          279621 1c0083c2 0047a50b p.lw             x10, 4(x15!)        x10=41119c30 x15=10001610 x15:1000160c  PA:1000160c
15490345ns          279623 1c0083c6 00a67653 fadd.s           f12, f12, f10       f12=xxxxxxxx f12:409b6396 f10:41119c30
15490365ns          279624 1c0083c2 0047a50b p.lw             x10, 4(x15!)        x10=409bf378 x15=10001614 x15:10001610  PA:10001610
15490405ns          279626 1c0083c6 00a67653 fadd.s           f12, f12, f10       f12=xxxxxxxx f12:415f4dfb f10:409bf378
15490425ns          279627 1c0083c2 0047a50b p.lw             x10, 4(x15!)        x10=402a9322 x15=10001618 x15:10001614  PA:10001614
15490464ns          279629 1c0083c6 00a67653 fadd.s           f12, f12, f10       f12=xxxxxxxx f12:4196a3dc f10:402a9322
15490484ns          279630 1c0083c2 0047a50b p.lw             x10, 4(x15!)        x10=408f3227 x15=1000161c x15:10001618  PA:10001618
15490524ns          279632 1c0083c6 00a67653 fadd.s           f12, f12, f10       f12=xxxxxxxx f12:41abf640 f10:408f3227
15490544ns          279633 1c0083c2 0047a50b p.lw             x10, 4(x15!)        x10=4093ad25 x15=10001620 x15:1000161c  PA:1000161c
15490584ns          279635 1c0083c6 00a67653 fadd.s           f12, f12, f10       f12=xxxxxxxx f12:41cfc2ca f10:4093ad25
15490604ns          279636 1c0083c2 0047a50b p.lw             x10, 4(x15!)        x10=3f0f3ef5 x15=10001624 x15:10001620  PA:10001620
15490643ns          279638 1c0083c6 00a67653 fadd.s           f12, f12, f10       f12=xxxxxxxx f12:41f4ae13 f10:3f0f3ef5
15490663ns          279639 1c0083c2 0047a50b p.lw             x10, 4(x15!)        x10=408293b6 x15=10001628 x15:10001624  PA:10001624
15490703ns          279641 1c0083c6 00a67653 fadd.s           f12, f12, f10       f12=xxxxxxxx f12:41f9280b f10:408293b6
15490723ns          279642 1c0083c2 0047a50b p.lw             x10, 4(x15!)        x10=3fb939cc x15=1000162c x15:10001628  PA:10001628
15490763ns          279644 1c0083c6 00a67653 fadd.s           f12, f12, f10       f12=xxxxxxxx f12:420ce67c f10:3fb939cc
15490783ns          279645 1c0083c2 0047a50b p.lw             x10, 4(x15!)        x10=41109588 x15=10001630 x15:1000162c  PA:1000162c
15490822ns          279647 1c0083c6 00a67653 fadd.s           f12, f12, f10       f12=xxxxxxxx f12:4212b04a f10:41109588
15490842ns          279648 1c0083c2 0047a50b p.lw             x10, 4(x15!)        x10=40ff23bf x15=10001634 x15:10001630  PA:10001630
15490882ns          279650 1c0083c6 00a67653 fadd.s           f12, f12, f10       f12=xxxxxxxx f12:4236d5ac f10:40ff23bf
15490902ns          279651 1c0083c2 0047a50b p.lw             x10, 4(x15!)        x10=409ee68f x15=10001638 x15:10001634  PA:10001634
15490942ns          279653 1c0083c6 00a67653 fadd.s           f12, f12, f10       f12=xxxxxxxx f12:4256ba24 f10:409ee68f
15490962ns          279654 1c0083c2 0047a50b p.lw             x10, 4(x15!)        x10=411ca7c3 x15=1000163c x15:10001638  PA:10001638
15491001ns          279656 1c0083c6 00a67653 fadd.s           f12, f12, f10       f12=xxxxxxxx f12:426a96f6 f10:411ca7c3
15491021ns          279657 1c0083c2 0047a50b p.lw             x10, 4(x15!)        x10=40f3534e x15=10001640 x15:1000163c  PA:1000163c
15491061ns          279659 1c0083c6 00a67653 fadd.s           f12, f12, f10       f12=xxxxxxxx f12:4288e073 f10:40f3534e
15491081ns          279660 1c0083c2 0047a50b p.lw             x10, 4(x15!)        x10=40da4a28 x15=10001644 x15:10001640  PA:10001640
15491121ns          279662 1c0083c6 00a67653 fadd.s           f12, f12, f10       f12=xxxxxxxx f12:429815a8 f10:40da4a28
15491141ns          279663 1c0083c2 0047a50b p.lw             x10, 4(x15!)        x10=411d5622 x15=10001648 x15:10001644  PA:10001644
15491180ns          279665 1c0083c6 00a67653 fadd.s           f12, f12, f10       f12=xxxxxxxx f12:42a5ba4a f10:411d5622
15491200ns          279666 1c0083c2 0047a50b p.lw             x10, 4(x15!)        x10=40b954c0 x15=1000164c x15:10001648  PA:10001648
15491240ns          279668 1c0083c6 00a67653 fadd.s           f12, f12, f10       f12=xxxxxxxx f12:42b9650e f10:40b954c0
15491260ns          279669 1c0083c2 0047a50b p.lw             x10, 4(x15!)        x10=40dbf1b8 x15=10001650 x15:1000164c  PA:1000164c
15491300ns          279671 1c0083c6 00a67653 fadd.s           f12, f12, f10       f12=xxxxxxxx f12:42c4fa5a f10:40dbf1b8
15491320ns          279672 1c0083c2 0047a50b p.lw             x10, 4(x15!)        x10=411d546b x15=10001654 x15:10001650  PA:10001650
15491359ns          279674 1c0083c6 00a67653 fadd.s           f12, f12, f10       f12=xxxxxxxx f12:42d2b976 f10:411d546b
15491379ns          279675 1c0083c2 0047a50b p.lw             x10, 4(x15!)        x10=40552afe x15=10001658 x15:10001654  PA:10001654
15491419ns          279677 1c0083c6 00a67653 fadd.s           f12, f12, f10       f12=xxxxxxxx f12:42e66403 f10:40552afe
15491439ns          279678 1c0083c2 0047a50b p.lw             x10, 4(x15!)        x10=3f8647dc x15=1000165c x15:10001658  PA:10001658
15491479ns          279680 1c0083c6 00a67653 fadd.s           f12, f12, f10       f12=xxxxxxxx f12:42ed0d5b f10:3f8647dc
15491499ns          279681 1c0083c2 0047a50b p.lw             x10, 4(x15!)        x10=4007cd11 x15=10001660 x15:1000165c  PA:1000165c
15491538ns          279683 1c0083c6 00a67653 fadd.s           f12, f12, f10       f12=xxxxxxxx f12:42ef267a f10:4007cd11
15491558ns          279684 1c0083c2 0047a50b p.lw             x10, 4(x15!)        x10=3e44c37c x15=10001664 x15:10001660  PA:10001660
15491598ns          279686 1c0083c6 00a67653 fadd.s           f12, f12, f10       f12=xxxxxxxx f12:42f364e3 f10:3e44c37c
15491618ns          279687 1c0083c2 0047a50b p.lw             x10, 4(x15!)        x10=4024afa9 x15=10001668 x15:10001664  PA:10001664
15491658ns          279689 1c0083c6 00a67653 fadd.s           f12, f12, f10       f12=xxxxxxxx f12:42f3c745 f10:4024afa9
15491678ns          279690 1c0083c2 0047a50b p.lw             x10, 4(x15!)        x10=40e5d281 x15=1000166c x15:10001668  PA:10001668
15491717ns          279692 1c0083c6 00a67653 fadd.s           f12, f12, f10       f12=xxxxxxxx f12:42f8ecc2 f10:40e5d281
15491737ns          279693 1c0083c2 0047a50b p.lw             x10, 4(x15!)        x10=40856c53 x15=10001670 x15:1000166c  PA:1000166c
15491777ns          279695 1c0083c6 00a67653 fadd.s           f12, f12, f10       f12=xxxxxxxx f12:4303a4f5 f10:40856c53
15491797ns          279696 1c0083c2 0047a50b p.lw             x10, 4(x15!)        x10=40972458 x15=10001674 x15:10001670  PA:10001670
15491837ns          279698 1c0083c6 00a67653 fadd.s           f12, f12, f10       f12=xxxxxxxx f12:4307d058 f10:40972458
15491857ns          279699 1c0083c2 0047a50b p.lw             x10, 4(x15!)        x10=40c91b6c x15=10001678 x15:10001674  PA:10001674
15491896ns          279701 1c0083c6 00a67653 fadd.s           f12, f12, f10       f12=xxxxxxxx f12:430c897b f10:40c91b6c
15491916ns          279702 1c0083c2 0047a50b p.lw             x10, 4(x15!)        x10=40d1e460 x15=1000167c x15:10001678  PA:10001678
15491956ns          279704 1c0083c6 00a67653 fadd.s           f12, f12, f10       f12=xxxxxxxx f12:4312d256 f10:40d1e460
15491976ns          279705 1c0083c2 0047a50b p.lw             x10, 4(x15!)        x10=bf0daa1f x15=10001680 x15:1000167c  PA:1000167c
15492016ns          279707 1c0083c6 00a67653 fadd.s           f12, f12, f10       f12=xxxxxxxx f12:43196179 f10:bf0daa1f
15492036ns          279708 1c0083c2 0047a50b p.lw             x10, 4(x15!)        x10=c027c442 x15=10001684 x15:10001680  PA:10001680
15492076ns          279710 1c0083c6 00a67653 fadd.s           f12, f12, f10       f12=xxxxxxxx f12:4318d3cf f10:c027c442
15492095ns          279711 1c0083c2 0047a50b p.lw             x10, 4(x15!)        x10=40092f76 x15=10001688 x15:10001684  PA:10001684
15492135ns          279713 1c0083c6 00a67653 fadd.s           f12, f12, f10       f12=xxxxxxxx f12:431634be f10:40092f76
15492155ns          279714 1c0083c2 0047a50b p.lw             x10, 4(x15!)        x10=405c9c55 x15=1000168c x15:10001688  PA:10001688
15492195ns          279716 1c0083c6 00a67653 fadd.s           f12, f12, f10       f12=xxxxxxxx f12:4318597c f10:405c9c55
15492215ns          279717 1c0083c2 0047a50b p.lw             x10, 4(x15!)        x10=40d122b0 x15=10001690 x15:1000168c  PA:1000168c
15492255ns          279719 1c0083c6 00a67653 fadd.s           f12, f12, f10       f12=xxxxxxxx f12:431bcbed f10:40d122b0
15492274ns          279720 1c0083c2 0047a50b p.lw             x10, 4(x15!)        x10=3ecc0598 x15=10001694 x15:10001690  PA:10001690
15492314ns          279722 1c0083c6 00a67653 fadd.s           f12, f12, f10       f12=xxxxxxxx f12:43225502 f10:3ecc0598
15492334ns          279723 1c0083c2 0047a50b p.lw             x10, 4(x15!)        x10=402431a0 x15=10001698 x15:10001694  PA:10001694
15492374ns          279725 1c0083c6 00a67653 fadd.s           f12, f12, f10       f12=xxxxxxxx f12:4322bb05 f10:402431a0
15492394ns          279726 1c0083c2 0047a50b p.lw             x10, 4(x15!)        x10=4121ea38 x15=1000169c x15:10001698  PA:10001698
15492434ns          279728 1c0083c6 00a67653 fadd.s           f12, f12, f10       f12=xxxxxxxx f12:43254bcc f10:4121ea38
15492453ns          279729 1c0083c2 0047a50b p.lw             x10, 4(x15!)        x10=40c2c003 x15=100016a0 x15:1000169c  PA:1000169c
15492493ns          279731 1c0083c6 00a67653 fadd.s           f12, f12, f10       f12=xxxxxxxx f12:432f6a70 f10:40c2c003
15492513ns          279732 1c0083c2 0047a50b p.lw             x10, 4(x15!)        x10=40b0de48 x15=100016a4 x15:100016a0  PA:100016a0
15492553ns          279734 1c0083c6 00a67653 fadd.s           f12, f12, f10       f12=xxxxxxxx f12:43358070 f10:40b0de48
15492573ns          279735 1c0083c2 0047a50b p.lw             x10, 4(x15!)        x10=3efa26d2 x15=100016a8 x15:100016a4  PA:100016a4
15492613ns          279737 1c0083c6 00a67653 fadd.s           f12, f12, f10       f12=xxxxxxxx f12:433b0762 f10:3efa26d2
15492632ns          279738 1c0083c2 0047a50b p.lw             x10, 4(x15!)        x10=c02c6455 x15=100016ac x15:100016a8  PA:100016a8
15492672ns          279740 1c0083c6 00a67653 fadd.s           f12, f12, f10       f12=xxxxxxxx f12:433b8475 f10:c02c6455
15492692ns          279741 1c0083c2 0047a50b p.lw             x10, 4(x15!)        x10=c01f94d4 x15=100016b0 x15:100016ac  PA:100016ac
15492732ns          279743 1c0083c6 00a67653 fadd.s           f12, f12, f10       f12=xxxxxxxx f12:4338d2e4 f10:c01f94d4
15492752ns          279744 1c0083c2 0047a50b p.lw             x10, 4(x15!)        x10=c0a2e23b x15=100016b4 x15:100016b0  PA:100016b0
15492792ns          279746 1c0083c6 00a67653 fadd.s           f12, f12, f10       f12=xxxxxxxx f12:43365491 f10:c0a2e23b
15492811ns          279747 1c0083c2 0047a50b p.lw             x10, 4(x15!)        x10=3eaab07b x15=100016b8 x15:100016b4  PA:100016b4
15492851ns          279749 1c0083c6 00a67653 fadd.s           f12, f12, f10       f12=xxxxxxxx f12:43313d7f f10:3eaab07b
15492871ns          279750 1c0083c2 0047a50b p.lw             x10, 4(x15!)        x10=c0aac908 x15=100016bc x15:100016b8  PA:100016b8
15492911ns          279752 1c0083c6 00a67653 fadd.s           f12, f12, f10       f12=xxxxxxxx f12:433192d7 f10:c0aac908
15492931ns          279753 1c0083c2 0047a50b p.lw             x10, 4(x15!)        x10=4032d94f x15=100016c0 x15:100016bc  PA:100016bc
15492971ns          279755 1c0083c6 00a67653 fadd.s           f12, f12, f10       f12=xxxxxxxx f12:432c3c8f f10:4032d94f
15492990ns          279756 1c0083c2 0047a50b p.lw             x10, 4(x15!)        x10=3f8d54d9 x15=100016c4 x15:100016c0  PA:100016c0
15493030ns          279758 1c0083c6 00a67653 fadd.s           f12, f12, f10       f12=xxxxxxxx f12:432f07f4 f10:3f8d54d9
15493050ns          279759 1c0083c2 0047a50b p.lw             x10, 4(x15!)        x10=c02ab136 x15=100016c8 x15:100016c4  PA:100016c4
15493090ns          279761 1c0083c6 00a67653 fadd.s           f12, f12, f10       f12=xxxxxxxx f12:4330229e f10:c02ab136
15493110ns          279762 1c0083c2 0047a50b p.lw             x10, 4(x15!)        x10=bfc478eb x15=100016cc x15:100016c8  PA:100016c8
15493150ns          279764 1c0083c6 00a67653 fadd.s           f12, f12, f10       f12=xxxxxxxx f12:432d77d9 f10:bfc478eb
15493169ns          279765 1c0083c2 0047a50b p.lw             x10, 4(x15!)        x10=4005eb68 x15=100016d0 x15:100016cc  PA:100016cc
15493209ns          279767 1c0083c6 00a67653 fadd.s           f12, f12, f10       f12=xxxxxxxx f12:432beee7 f10:4005eb68
15493229ns          279768 1c0083c2 0047a50b p.lw             x10, 4(x15!)        x10=40cd203a x15=100016d4 x15:100016d0  PA:100016d0
15493269ns          279770 1c0083c6 00a67653 fadd.s           f12, f12, f10       f12=xxxxxxxx f12:432e0695 f10:40cd203a
15493289ns          279771 1c0083c2 0047a50b p.lw             x10, 4(x15!)        x10=40ededc2 x15=100016d8 x15:100016d4  PA:100016d4
15493329ns          279773 1c0083c6 00a67653 fadd.s           f12, f12, f10       f12=xxxxxxxx f12:43346f97 f10:40ededc2
15493349ns          279774 1c0083c2 0047a50b p.lw             x10, 4(x15!)        x10=4003b5f1 x15=100016dc x15:100016d8  PA:100016d8
15493388ns          279776 1c0083c6 00a67653 fadd.s           f12, f12, f10       f12=xxxxxxxx f12:433bdf05 f10:4003b5f1
15493408ns          279777 1c0083c2 0047a50b p.lw             x10, 4(x15!)        x10=409a68ae x15=100016e0 x15:100016dc  PA:100016dc
15493448ns          279779 1c0083c6 00a67653 fadd.s           f12, f12, f10       f12=xxxxxxxx f12:433deddd f10:409a68ae
15493468ns          279780 1c0083c2 0047a50b p.lw             x10, 4(x15!)        x10=4125ce62 x15=100016e4 x15:100016e0  PA:100016e0
15493508ns          279782 1c0083c6 00a67653 fadd.s           f12, f12, f10       f12=xxxxxxxx f12:4342c122 f10:4125ce62
15493528ns          279783 1c0083c2 0047a50b p.lw             x10, 4(x15!)        x10=407e7b9d x15=100016e8 x15:100016e4  PA:100016e4
15493567ns          279785 1c0083c6 00a67653 fadd.s           f12, f12, f10       f12=xxxxxxxx f12:434d1e08 f10:407e7b9d
15493587ns          279786 1c0083c2 0047a50b p.lw             x10, 4(x15!)        x10=40e0edd7 x15=100016ec x15:100016e8  PA:100016e8
15493627ns          279788 1c0083c6 00a67653 fadd.s           f12, f12, f10       f12=xxxxxxxx f12:435117f6 f10:40e0edd7
15493647ns          279789 1c0083c2 0047a50b p.lw             x10, 4(x15!)        x10=404aae8f x15=100016f0 x15:100016ec  PA:100016ec
15493687ns          279791 1c0083c6 00a67653 fadd.s           f12, f12, f10       f12=xxxxxxxx f12:43581f65 f10:404aae8f
15493707ns          279792 1c0083c2 0047a50b p.lw             x10, 4(x15!)        x10=40f96a0c x15=100016f4 x15:100016f0  PA:100016f0
15493746ns          279794 1c0083c6 00a67653 fadd.s           f12, f12, f10       f12=xxxxxxxx f12:435b4a1f f10:40f96a0c
15493766ns          279795 1c0083c2 0047a50b p.lw             x10, 4(x15!)        x10=4091b7aa x15=100016f8 x15:100016f4  PA:100016f4
15493806ns          279797 1c0083c6 00a67653 fadd.s           f12, f12, f10       f12=xxxxxxxx f12:4363156f f10:4091b7aa
15493826ns          279798 1c0083c2 0047a50b p.lw             x10, 4(x15!)        x10=4034a194 x15=100016fc x15:100016f8  PA:100016f8
15493866ns          279800 1c0083c6 00a67653 fadd.s           f12, f12, f10       f12=xxxxxxxx f12:4367a32c f10:4034a194
15493886ns          279801 1c0083c2 0047a50b p.lw             x10, 4(x15!)        x10=bfce2274 x15=10001700 x15:100016fc  PA:100016fc
15493925ns          279803 1c0083c6 00a67653 fadd.s           f12, f12, f10       f12=xxxxxxxx f12:436a75b2 f10:bfce2274
15493945ns          279804 1c0083c2 0047a50b p.lw             x10, 4(x15!)        x10=bedbe9b9 x15=10001704 x15:10001700  PA:10001700
15493985ns          279806 1c0083c6 00a67653 fadd.s           f12, f12, f10       f12=xxxxxxxx f12:4368d96d f10:bedbe9b9
15494005ns          279807 1c0083c2 0047a50b p.lw             x10, 4(x15!)        x10=c0c030a7 x15=10001708 x15:10001704  PA:10001704
15494045ns          279809 1c0083c6 00a67653 fadd.s           f12, f12, f10       f12=xxxxxxxx f12:43686b78 f10:c0c030a7
15494065ns          279810 1c0083c2 0047a50b p.lw             x10, 4(x15!)        x10=bf2d7c34 x15=1000170c x15:10001708  PA:10001708
15494104ns          279812 1c0083c6 00a67653 fadd.s           f12, f12, f10       f12=xxxxxxxx f12:436269f3 f10:bf2d7c34
15494124ns          279813 1c0083c2 0047a50b p.lw             x10, 4(x15!)        x10=c05e3d7f x15=10001710 x15:1000170c  PA:1000170c
15494164ns          279815 1c0083c6 00a67653 fadd.s           f12, f12, f10       f12=xxxxxxxx f12:4361bc77 f10:c05e3d7f
15494184ns          279816 1c0083c2 0047a50b p.lw             x10, 4(x15!)        x10=bf2258f5 x15=10001714 x15:10001710  PA:10001710
15494224ns          279818 1c0083c6 00a67653 fadd.s           f12, f12, f10       f12=xxxxxxxx f12:435e4381 f10:bf2258f5
15494244ns          279819 1c0083c2 0047a50b p.lw             x10, 4(x15!)        x10=c0100d9f x15=10001718 x15:10001714  PA:10001714
15494283ns          279821 1c0083c6 00a67653 fadd.s           f12, f12, f10       f12=xxxxxxxx f12:435da128 f10:c0100d9f
15494303ns          279822 1c0083c2 0047a50b p.lw             x10, 4(x15!)        x10=c09534bf x15=1000171c x15:10001718  PA:10001718
15494343ns          279824 1c0083c6 00a67653 fadd.s           f12, f12, f10       f12=xxxxxxxx f12:435b60f2 f10:c09534bf
15494363ns          279825 1c0083c2 0047a50b p.lw             x10, 4(x15!)        x10=c03ce102 x15=10001720 x15:1000171c  PA:1000171c
15494403ns          279827 1c0083c6 00a67653 fadd.s           f12, f12, f10       f12=xxxxxxxx f12:4356b74c f10:c03ce102
15494423ns          279828 1c0083c2 0047a50b p.lw             x10, 4(x15!)        x10=4120dbd7 x15=10001724 x15:10001720  PA:10001720
15494462ns          279830 1c0083c6 00a67653 fadd.s           f12, f12, f10       f12=xxxxxxxx f12:4353c3c8 f10:4120dbd7
15494482ns          279831 1c0083c2 0047a50b p.lw             x10, 4(x15!)        x10=40d8a1d8 x15=10001728 x15:10001724  PA:10001724
15494522ns          279833 1c0083c6 00a67653 fadd.s           f12, f12, f10       f12=xxxxxxxx f12:435dd185 f10:40d8a1d8
15494542ns          279834 1c0083c2 0047a50b p.lw             x10, 4(x15!)        x10=4050f057 x15=1000172c x15:10001728  PA:10001728
15494582ns          279836 1c0083c6 00a67653 fadd.s           f12, f12, f10       f12=xxxxxxxx f12:43649694 f10:4050f057
15494602ns          279837 1c0083c2 0047a50b p.lw             x10, 4(x15!)        x10=412e4c26 x15=10001730 x15:1000172c  PA:1000172c
15494641ns          279839 1c0083c6 00a67653 fadd.s           f12, f12, f10       f12=xxxxxxxx f12:4367da55 f10:412e4c26
15494661ns          279840 1c0083c2 0047a50b p.lw             x10, 4(x15!)        x10=4118f294 x15=10001734 x15:10001730  PA:10001730
15494701ns          279842 1c0083c6 00a67653 fadd.s           f12, f12, f10       f12=xxxxxxxx f12:4372bf17 f10:4118f294
15494721ns          279843 1c0083c2 0047a50b p.lw             x10, 4(x15!)        x10=41089e79 x15=10001738 x15:10001734  PA:10001734
15494761ns          279845 1c0083c6 00a67653 fadd.s           f12, f12, f10       f12=xxxxxxxx f12:437c4e40 f10:41089e79
15494781ns          279846 1c0083c2 0047a50b p.lw             x10, 4(x15!)        x10=4105da72 x15=1000173c x15:10001738  PA:10001738
15494820ns          279848 1c0083c6 00a67653 fadd.s           f12, f12, f10       f12=xxxxxxxx f12:43826c14 f10:4105da72
15494840ns          279849 1c0083c2 0047a50b p.lw             x10, 4(x15!)        x10=4151fc7e x15=10001740 x15:1000173c  PA:1000173c
15494880ns          279851 1c0083c6 00a67653 fadd.s           f12, f12, f10       f12=xxxxxxxx f12:43869ae8 f10:4151fc7e
15494900ns          279852 1c0083c2 0047a50b p.lw             x10, 4(x15!)        x10=405aff9c x15=10001744 x15:10001740  PA:10001740
15494940ns          279854 1c0083c6 00a67653 fadd.s           f12, f12, f10       f12=xxxxxxxx f12:438d2acc f10:405aff9c
15494960ns          279855 1c0083c2 0047a50b p.lw             x10, 4(x15!)        x10=4121737d x15=10001748 x15:10001744  PA:10001744
15494999ns          279857 1c0083c6 00a67653 fadd.s           f12, f12, f10       f12=xxxxxxxx f12:438ee0cb f10:4121737d
15495019ns          279858 1c0083c2 0047a50b p.lw             x10, 4(x15!)        x10=407b66e5 x15=1000174c x15:10001748  PA:10001748
15495059ns          279860 1c0083c6 00a67653 fadd.s           f12, f12, f10       f12=xxxxxxxx f12:4393ec67 f10:407b66e5
15495079ns          279861 1c0083c2 0047a50b p.lw             x10, 4(x15!)        x10=41043cf9 x15=10001750 x15:1000174c  PA:1000174c
15495119ns          279863 1c0083c6 00a67653 fadd.s           f12, f12, f10       f12=xxxxxxxx f12:4395e335 f10:41043cf9
15495139ns          279864 1c0083c2 0047a50b p.lw             x10, 4(x15!)        x10=402fc3d3 x15=10001754 x15:10001750  PA:10001750
15495178ns          279866 1c0083c6 00a67653 fadd.s           f12, f12, f10       f12=xxxxxxxx f12:439a051d f10:402fc3d3
15495198ns          279867 1c0083c2 0047a50b p.lw             x10, 4(x15!)        x10=40af842c x15=10001758 x15:10001754  PA:10001754
15495238ns          279869 1c0083c6 00a67653 fadd.s           f12, f12, f10       f12=xxxxxxxx f12:439b64a5 f10:40af842c
15495258ns          279870 1c0083c2 0047a50b p.lw             x10, 4(x15!)        x10=4021bb6d x15=1000175c x15:10001758  PA:10001758
15495298ns          279872 1c0083c6 00a67653 fadd.s           f12, f12, f10       f12=xxxxxxxx f12:439e22b6 f10:4021bb6d
15495318ns          279873 1c0083c2 0047a50b p.lw             x10, 4(x15!)        x10=411cff14 x15=10001760 x15:1000175c  PA:1000175c
15495357ns          279875 1c0083c6 00a67653 fadd.s           f12, f12, f10       f12=xxxxxxxx f12:439f662d f10:411cff14
15495377ns          279876 1c0083c2 0047a50b p.lw             x10, 4(x15!)        x10=411dd801 x15=10001764 x15:10001760  PA:10001760
15495417ns          279878 1c0083c6 00a67653 fadd.s           f12, f12, f10       f12=xxxxxxxx f12:43a44e26 f10:411dd801
15495437ns          279879 1c0083c2 0047a50b p.lw             x10, 4(x15!)        x10=3ff559e4 x15=10001768 x15:10001764  PA:10001764
15495477ns          279881 1c0083c6 00a67653 fadd.s           f12, f12, f10       f12=xxxxxxxx f12:43a93ce6 f10:3ff559e4
15495497ns          279882 1c0083c2 0047a50b p.lw             x10, 4(x15!)        x10=411b857a x15=1000176c x15:10001768  PA:10001768
15495536ns          279884 1c0083c6 00a67653 fadd.s           f12, f12, f10       f12=xxxxxxxx f12:43aa3240 f10:411b857a
15495556ns          279885 1c0083c2 0047a50b p.lw             x10, 4(x15!)        x10=410681ed x15=10001770 x15:1000176c  PA:1000176c
15495596ns          279887 1c0083c6 00a67653 fadd.s           f12, f12, f10       f12=xxxxxxxx f12:43af0e6c f10:410681ed
15495616ns          279888 1c0083c2 0047a50b p.lw             x10, 4(x15!)        x10=40a8b720 x15=10001774 x15:10001770  PA:10001770
15495656ns          279890 1c0083c6 00a67653 fadd.s           f12, f12, f10       f12=xxxxxxxx f12:43b3427b f10:40a8b720
15495676ns          279891 1c0083c2 0047a50b p.lw             x10, 4(x15!)        x10=3fbf9b46 x15=10001778 x15:10001774  PA:10001774
15495716ns          279893 1c0083c6 00a67653 fadd.s           f12, f12, f10       f12=xxxxxxxx f12:43b5e558 f10:3fbf9b46
15495735ns          279894 1c0083c2 0047a50b p.lw             x10, 4(x15!)        x10=3daf0c35 x15=1000177c x15:10001778  PA:10001778
15495775ns          279896 1c0083c6 00a67653 fadd.s           f12, f12, f10       f12=xxxxxxxx f12:43b6a4f3 f10:3daf0c35
15495795ns          279897 1c0083c2 0047a50b p.lw             x10, 4(x15!)        x10=be8eed16 x15=10001780 x15:1000177c  PA:1000177c
15495835ns          279899 1c0083c6 00a67653 fadd.s           f12, f12, f10       f12=xxxxxxxx f12:43b6afe4 f10:be8eed16
15495855ns          279900 1c0083c2 0047a50b p.lw             x10, 4(x15!)        x10=4080b287 x15=10001784 x15:10001780  PA:10001780
15495895ns          279902 1c0083c6 00a67653 fadd.s           f12, f12, f10       f12=xxxxxxxx f12:43b68c29 f10:4080b287
15495914ns          279903 1c0083c2 0047a50b p.lw             x10, 4(x15!)        x10=bf4feb3c x15=10001788 x15:10001784  PA:10001784
15495954ns          279905 1c0083c6 00a67653 fadd.s           f12, f12, f10       f12=xxxxxxxx f12:43b88ef3 f10:bf4feb3c
15495974ns          279906 1c0083c2 0047a50b p.lw             x10, 4(x15!)        x10=4075a1e6 x15=1000178c x15:10001788  PA:10001788
15496014ns          279908 1c0083c6 00a67653 fadd.s           f12, f12, f10       f12=xxxxxxxx f12:43b826fd f10:4075a1e6
15496034ns          279909 1c0083c2 0047a50b p.lw             x10, 4(x15!)        x10=4111cac4 x15=10001790 x15:1000178c  PA:1000178c
15496074ns          279911 1c0083c6 00a67653 fadd.s           f12, f12, f10       f12=xxxxxxxx f12:43ba1241 f10:4111cac4
15496093ns          279912 1c0083c2 0047a50b p.lw             x10, 4(x15!)        x10=40c9a356 x15=10001794 x15:10001790  PA:10001790
15496133ns          279914 1c0083c6 00a67653 fadd.s           f12, f12, f10       f12=xxxxxxxx f12:43bea097 f10:40c9a356
15496153ns          279915 1c0083c2 0047a50b p.lw             x10, 4(x15!)        x10=406bd780 x15=10001798 x15:10001794  PA:10001794
15496193ns          279917 1c0083c6 00a67653 fadd.s           f12, f12, f10       f12=xxxxxxxx f12:43c1c724 f10:406bd780
15496213ns          279918 1c0083c2 0047a50b p.lw             x10, 4(x15!)        x10=410bb170 x15=1000179c x15:10001798  PA:10001798
15496253ns          279920 1c0083c6 00a67653 fadd.s           f12, f12, f10       f12=xxxxxxxx f12:43c39ed3 f10:410bb170
15496272ns          279921 1c0083c2 0047a50b p.lw             x10, 4(x15!)        x10=41417c2b x15=100017a0 x15:1000179c  PA:1000179c
15496312ns          279923 1c0083c6 00a67653 fadd.s           f12, f12, f10       f12=xxxxxxxx f12:43c7fc5e f10:41417c2b
15496332ns          279924 1c0083c2 0047a50b p.lw             x10, 4(x15!)        x10=3f5f3d04 x15=100017a4 x15:100017a0  PA:100017a0
15496372ns          279926 1c0083c6 00a67653 fadd.s           f12, f12, f10       f12=xxxxxxxx f12:43ce083f f10:3f5f3d04
15496392ns          279927 1c0083c2 0047a50b p.lw             x10, 4(x15!)        x10=410c0827 x15=100017a8 x15:100017a4  PA:100017a4
15496432ns          279929 1c0083c6 00a67653 fadd.s           f12, f12, f10       f12=xxxxxxxx f12:43ce77de f10:410c0827
15496451ns          279930 1c0083c2 0047a50b p.lw             x10, 4(x15!)        x10=41471828 x15=100017ac x15:100017a8  PA:100017a8
15496491ns          279932 1c0083c6 00a67653 fadd.s           f12, f12, f10       f12=xxxxxxxx f12:43d2d81f f10:41471828
15496511ns          279933 1c0083c2 0047a50b p.lw             x10, 4(x15!)        x10=40883f40 x15=100017b0 x15:100017ac  PA:100017ac
15496551ns          279935 1c0083c6 00a67653 fadd.s           f12, f12, f10       f12=xxxxxxxx f12:43d910e0 f10:40883f40
15496571ns          279936 1c0083c2 0047a50b p.lw             x10, 4(x15!)        x10=3ffc016d x15=100017b4 x15:100017b0  PA:100017b0
15496611ns          279938 1c0083c6 00a67653 fadd.s           f12, f12, f10       f12=xxxxxxxx f12:43db31dd f10:3ffc016d
15496630ns          279939 1c0083c2 0047a50b p.lw             x10, 4(x15!)        x10=4041adb1 x15=100017b8 x15:100017b4  PA:100017b4
15496670ns          279941 1c0083c6 00a67653 fadd.s           f12, f12, f10       f12=xxxxxxxx f12:43dc2dde f10:4041adb1
15496690ns          279942 1c0083c2 0047a50b p.lw             x10, 4(x15!)        x10=413013f5 x15=100017bc x15:100017b8  PA:100017b8
15496730ns          279944 1c0083c6 00a67653 fadd.s           f12, f12, f10       f12=xxxxxxxx f12:43ddb139 f10:413013f5
15496750ns          279945 1c0083c2 0047a50b p.lw             x10, 4(x15!)        x10=40ba9d81 x15=100017c0 x15:100017bc  PA:100017bc
15496790ns          279947 1c0083c6 00a67653 fadd.s           f12, f12, f10       f12=xxxxxxxx f12:43e331d9 f10:40ba9d81
15496810ns          279948 1c0083c2 0047a50b p.lw             x10, 4(x15!)        x10=bda83b77 x15=100017c4 x15:100017c0  PA:100017c0
15496849ns          279950 1c0083c6 00a67653 fadd.s           f12, f12, f10       f12=xxxxxxxx f12:43e61c4f f10:bda83b77
15496869ns          279951 1c0083c2 0047a50b p.lw             x10, 4(x15!)        x10=408ae680 x15=100017c8 x15:100017c4  PA:100017c4
15496909ns          279953 1c0083c6 00a67653 fadd.s           f12, f12, f10       f12=xxxxxxxx f12:43e611cb f10:408ae680
15496929ns          279954 1c0083c2 0047a50b p.lw             x10, 4(x15!)        x10=410cc542 x15=100017cc x15:100017c8  PA:100017c8
15496969ns          279956 1c0083c6 00a67653 fadd.s           f12, f12, f10       f12=xxxxxxxx f12:43e83d65 f10:410cc542
15496989ns          279957 1c0083c2 0047a50b p.lw             x10, 4(x15!)        x10=40a3fedd x15=100017d0 x15:100017cc  PA:100017cc
15497028ns          279959 1c0083c6 00a67653 fadd.s           f12, f12, f10       f12=xxxxxxxx f12:43eca38f f10:40a3fedd
15497048ns          279960 1c0083c2 0047a50b p.lw             x10, 4(x15!)        x10=3f6f9c31 x15=100017d4 x15:100017d0  PA:100017d0
15497088ns          279962 1c0083c6 00a67653 fadd.s           f12, f12, f10       f12=xxxxxxxx f12:43ef338a f10:3f6f9c31
15497108ns          279963 1c0083c2 0047a50b p.lw             x10, 4(x15!)        x10=beaa154b x15=100017d8 x15:100017d4  PA:100017d4
15497148ns          279965 1c0083c6 00a67653 fadd.s           f12, f12, f10       f12=xxxxxxxx f12:43efab58 f10:beaa154b
15497168ns          279966 1c0083c2 0047a50b p.lw             x10, 4(x15!)        x10=4074762f x15=100017dc x15:100017d8  PA:100017d8
15497207ns          279968 1c0083c6 00a67653 fadd.s           f12, f12, f10       f12=xxxxxxxx f12:43ef80d3 f10:4074762f
15497227ns          279969 1c0083c2 0047a50b p.lw             x10, 4(x15!)        x10=409890dd x15=100017e0 x15:100017dc  PA:100017dc
15497267ns          279971 1c0083c6 00a67653 fadd.s           f12, f12, f10       f12=xxxxxxxx f12:43f169bf f10:409890dd
15497287ns          279972 1c0083c2 0047a50b p.lw             x10, 4(x15!)        x10=40fc2fb6 x15=100017e4 x15:100017e0  PA:100017e0
15497327ns          279974 1c0083c6 00a67653 fadd.s           f12, f12, f10       f12=xxxxxxxx f12:43f3cc02 f10:40fc2fb6
15497347ns          279975 1c0083c2 0047a50b p.lw             x10, 4(x15!)        x10=40ad83d9 x15=100017e8 x15:100017e4  PA:100017e4
15497386ns          279977 1c0083c6 00a67653 fadd.s           f12, f12, f10       f12=xxxxxxxx f12:43f7bcc1 f10:40ad83d9
15497406ns          279978 1c0083ca 1c000737 lui              x14, 0x1c000000     x14=1c000000
15497824ns          279999 1c0083ce 01c72503 lw               x10, 28(x14)        x10=42f00000 x14:1c000000  PA:1c00001c
15498162ns          280016 1c0083d2 18a67553 fdiv.s           f10, f12, f10       f10=xxxxxxxx f12:43fa72d0 f10:42f00000
15498441ns          280030 1c0083d6 08a6f6d3 fsub.s           f13, f13, f10       f13=xxxxxxxx f13:409b6396 f10:40859291
15498460ns          280031 1c0083da 40b787b3 sub              x15, x15, x11       x15=000001dc x15:100017e8 x11:1000160c
15498480ns          280032 1c0083dc ffc78793 addi             x15, x15, -4        x15=000001d8 x15:000001dc
15498639ns          280040 1c0083de 10d6f6d3 fmul.s           f13, f13, f13       f13=xxxxxxxx f13:3f2e8828 f13:3f2e8828
15498659ns          280041 1c0083e2 0027d793 srli             x15, x15, 0x2       x15=00000076 x15:000001d8
15498679ns          280042 1c0083e4 00178793 addi             x15, x15, 1         x15=00000077 x15:00000076
15498699ns          280043 1c0083e6 0067c0fb lp.setup         0x1, x15, 0x6       x15:00000077
15498719ns          280044 1c0083ea 0045a70b p.lw             x14, 4(x11!)        x14=41119c30 x11=10001610 x11:1000160c  PA:1000160c
15499157ns          280066 1c0083ee 08a77753 fsub.s           f14, f14, f10       f14=xxxxxxxx f14:41119c30 f10:40859291
15499196ns          280068 1c0083f2 68e776c3 fmadd.s          f13, f14, f14, f13  f13=xxxxxxxx f14:409da5cf f14:409da5cf f13:3eedfabe
15499236ns          280070 1c0083ea 0045a70b p.lw             x14, 4(x11!)        x14=409bf378 x11=10001614 x11:10001610  PA:10001610
15499276ns          280072 1c0083ee 08a77753 fsub.s           f14, f14, f10       f14=xxxxxxxx f14:409bf378 f10:40859291
15499296ns          280073 1c0083f2 68e776c3 fmadd.s          f13, f14, f14, f13  f13=xxxxxxxx f14:3f330738 f14:3f330738 f13:41c5e182
15499316ns          280074 1c0083ea 0045a70b p.lw             x14, 4(x11!)        x14=402a9322 x11=10001618 x11:10001614  PA:10001614
15499356ns          280076 1c0083ee 08a77753 fsub.s           f14, f14, f10       f14=xxxxxxxx f14:402a9322 f10:40859291
15499375ns          280077 1c0083f2 68e776c3 fmadd.s          f13, f14, f14, f13  f13=xxxxxxxx f14:bfc12400 f14:bfc12400 f13:41c9cb1b
15499395ns          280078 1c0083ea 0045a70b p.lw             x14, 4(x11!)        x14=408f3227 x11=1000161c x11:10001618  PA:10001618
15499435ns          280080 1c0083ee 08a77753 fsub.s           f14, f14, f10       f14=xxxxxxxx f14:408f3227 f10:40859291
15499455ns          280081 1c0083f2 68e776c3 fmadd.s          f13, f14, f14, f13  f13=xxxxxxxx f14:3e99f960 f14:3e99f960 f13:41dc0205
15499475ns          280082 1c0083ea 0045a70b p.lw             x14, 4(x11!)        x14=4093ad25 x11=10001620 x11:1000161c  PA:1000161c
15499515ns          280084 1c0083ee 08a77753 fsub.s           f14, f14, f10       f14=xxxxxxxx f14:4093ad25 f10:40859291
15499535ns          280085 1c0083f2 68e776c3 fmadd.s          f13, f14, f14, f13  f13=xxxxxxxx f14:3ee1a940 f14:3ee1a940 f13:41dcbb3d
15499554ns          280086 1c0083ea 0045a70b p.lw             x14, 4(x11!)        x14=3f0f3ef5 x11=10001624 x11:10001620  PA:10001620
15499594ns          280088 1c0083ee 08a77753 fsub.s           f14, f14, f10       f14=xxxxxxxx f14:3f0f3ef5 f10:40859291
15499614ns          280089 1c0083f2 68e776c3 fmadd.s          f13, f14, f14, f13  f13=xxxxxxxx f14:c0675565 f14:c0675565 f13:41de4913
15499634ns          280090 1c0083ea 0045a70b p.lw             x14, 4(x11!)        x14=408293b6 x11=10001628 x11:10001624  PA:10001624
15499674ns          280092 1c0083ee 08a77753 fsub.s           f14, f14, f10       f14=xxxxxxxx f14:408293b6 f10:40859291
15499694ns          280093 1c0083f2 68e776c3 fmadd.s          f13, f14, f14, f13  f13=xxxxxxxx f14:bdbfb6c0 f14:bdbfb6c0 f13:42236758
15499714ns          280094 1c0083ea 0045a70b p.lw             x14, 4(x11!)        x14=3fb939cc x11=1000162c x11:10001628  PA:10001628
15499753ns          280096 1c0083ee 08a77753 fsub.s           f14, f14, f10       f14=xxxxxxxx f14:3fb939cc f10:40859291
15499773ns          280097 1c0083f2 68e776c3 fmadd.s          f13, f14, f14, f13  f13=xxxxxxxx f14:c02e883c f14:c02e883c f13:42237051
15499793ns          280098 1c0083ea 0045a70b p.lw             x14, 4(x11!)        x14=41109588 x11=10001630 x11:1000162c  PA:1000162c
15499833ns          280100 1c0083ee 08a77753 fsub.s           f14, f14, f10       f14=xxxxxxxx f14:41109588 f10:40859291
15499853ns          280101 1c0083f2 68e776c3 fmadd.s          f13, f14, f14, f13  f13=xxxxxxxx f14:409b987f f14:409b987f f13:42412fb0
15499873ns          280102 1c0083ea 0045a70b p.lw             x14, 4(x11!)        x14=40ff23bf x11=10001634 x11:10001630  PA:10001630
15499912ns          280104 1c0083ee 08a77753 fsub.s           f14, f14, f10       f14=xxxxxxxx f14:40ff23bf f10:40859291
15499932ns          280105 1c0083f2 68e776c3 fmadd.s          f13, f14, f14, f13  f13=xxxxxxxx f14:4073225c f14:4073225c f13:428fe0da
15499952ns          280106 1c0083ea 0045a70b p.lw             x14, 4(x11!)        x14=409ee68f x11=10001638 x11:10001634  PA:10001634
15499992ns          280108 1c0083ee 08a77753 fsub.s           f14, f14, f10       f14=xxxxxxxx f14:409ee68f f10:40859291
15500012ns          280109 1c0083f2 68e776c3 fmadd.s          f13, f14, f14, f13  f13=xxxxxxxx f14:3f4a9ff0 f14:3f4a9ff0 f13:42acbe22
15500032ns          280110 1c0083ea 0045a70b p.lw             x14, 4(x11!)        x14=411ca7c3 x11=1000163c x11:10001638  PA:10001638
15500072ns          280112 1c0083ee 08a77753 fsub.s           f14, f14, f10       f14=xxxxxxxx f14:411ca7c3 f10:40859291
15500091ns          280113 1c0083f2 68e776c3 fmadd.s          f13, f14, f14, f13  f13=xxxxxxxx f14:40b3bcf5 f14:40b3bcf5 f13:42adfee4
15500111ns          280114 1c0083ea 0045a70b p.lw             x14, 4(x11!)        x14=40f3534e x11=10001640 x11:1000163c  PA:1000163c
15500151ns          280116 1c0083ee 08a77753 fsub.s           f14, f14, f10       f14=xxxxxxxx f14:40f3534e f10:40859291
15500171ns          280117 1c0083f2 68e776c3 fmadd.s          f13, f14, f14, f13  f13=xxxxxxxx f14:405b817a f14:405b817a f13:42ed17c9
15500191ns          280118 1c0083ea 0045a70b p.lw             x14, 4(x11!)        x14=40da4a28 x11=10001644 x11:10001640  PA:10001640
15500231ns          280120 1c0083ee 08a77753 fsub.s           f14, f14, f10       f14=xxxxxxxx f14:40da4a28 f10:40859291
15500251ns          280121 1c0083f2 68e776c3 fmadd.s          f13, f14, f14, f13  f13=xxxxxxxx f14:40296f2e f14:40296f2e f13:43024f51
15500270ns          280122 1c0083ea 0045a70b p.lw             x14, 4(x11!)        x14=411d5622 x11=10001648 x11:10001644  PA:10001644
15500310ns          280124 1c0083ee 08a77753 fsub.s           f14, f14, f10       f14=xxxxxxxx f14:411d5622 f10:40859291
15500330ns          280125 1c0083f2 68e776c3 fmadd.s          f13, f14, f14, f13  f13=xxxxxxxx f14:40b519b3 f14:40b519b3 f13:43095191
15500350ns          280126 1c0083ea 0045a70b p.lw             x14, 4(x11!)        x14=40b954c0 x11=1000164c x11:10001648  PA:10001648
15500390ns          280128 1c0083ee 08a77753 fsub.s           f14, f14, f10       f14=xxxxxxxx f14:40b954c0 f10:40859291
15500410ns          280129 1c0083f2 68e776c3 fmadd.s          f13, f14, f14, f13  f13=xxxxxxxx f14:3fcf08bc f14:3fcf08bc f13:432958e7
15500430ns          280130 1c0083ea 0045a70b p.lw             x14, 4(x11!)        x14=40dbf1b8 x11=10001650 x11:1000164c  PA:1000164c
15500469ns          280132 1c0083ee 08a77753 fsub.s           f14, f14, f10       f14=xxxxxxxx f14:40dbf1b8 f10:40859291
15500489ns          280133 1c0083f2 68e776c3 fmadd.s          f13, f14, f14, f13  f13=xxxxxxxx f14:402cbe4e f14:402cbe4e f13:432bf6a4
15500509ns          280134 1c0083ea 0045a70b p.lw             x14, 4(x11!)        x14=411d546b x11=10001654 x11:10001650  PA:10001650
15500549ns          280136 1c0083ee 08a77753 fsub.s           f14, f14, f10       f14=xxxxxxxx f14:411d546b f10:40859291
15500569ns          280137 1c0083f2 68e776c3 fmadd.s          f13, f14, f14, f13  f13=xxxxxxxx f14:40b51645 f14:40b51645 f13:43333fa8
15500589ns          280138 1c0083ea 0045a70b p.lw             x14, 4(x11!)        x14=40552afe x11=10001658 x11:10001654  PA:10001654
15500629ns          280140 1c0083ee 08a77753 fsub.s           f14, f14, f10       f14=xxxxxxxx f14:40552afe f10:40859291
15500648ns          280141 1c0083f2 68e776c3 fmadd.s          f13, f14, f14, f13  f13=xxxxxxxx f14:bf57e890 f14:bf57e890 f13:435345c8
15500668ns          280142 1c0083ea 0045a70b p.lw             x14, 4(x11!)        x14=3f8647dc x11=1000165c x11:10001658  PA:10001658
15500708ns          280144 1c0083ee 08a77753 fsub.s           f14, f14, f10       f14=xxxxxxxx f14:3f8647dc f10:40859291
15500728ns          280145 1c0083f2 68e776c3 fmadd.s          f13, f14, f14, f13  f13=xxxxxxxx f14:c0480134 f14:c0480134 f13:4353fbe0
15500748ns          280146 1c0083ea 0045a70b p.lw             x14, 4(x11!)        x14=4007cd11 x11=10001660 x11:1000165c  PA:1000165c
15500788ns          280148 1c0083ee 08a77753 fsub.s           f14, f14, f10       f14=xxxxxxxx f14:4007cd11 f10:40859291
15500808ns          280149 1c0083f2 68e776c3 fmadd.s          f13, f14, f14, f13  f13=xxxxxxxx f14:c0035811 f14:c0035811 f13:435dbffe
15500827ns          280150 1c0083ea 0045a70b p.lw             x14, 4(x11!)        x14=3e44c37c x11=10001664 x11:10001660  PA:10001660
15500867ns          280152 1c0083ee 08a77753 fsub.s           f14, f14, f10       f14=xxxxxxxx f14:3e44c37c f10:40859291
15500887ns          280153 1c0083f2 68e776c3 fmadd.s          f13, f14, f14, f13  f13=xxxxxxxx f14:c07ed8ea f14:c07ed8ea f13:4361f632
15500907ns          280154 1c0083ea 0045a70b p.lw             x14, 4(x11!)        x14=4024afa9 x11=10001668 x11:10001664  PA:10001664
15500947ns          280156 1c0083ee 08a77753 fsub.s           f14, f14, f10       f14=xxxxxxxx f14:4024afa9 f10:40859291
15500967ns          280157 1c0083f2 68e776c3 fmadd.s          f13, f14, f14, f13  f13=xxxxxxxx f14:bfcceaf2 f14:bfcceaf2 f13:4371d165
15500987ns          280158 1c0083ea 0045a70b p.lw             x14, 4(x11!)        x14=40e5d281 x11=1000166c x11:10001668  PA:10001668
15501026ns          280160 1c0083ee 08a77753 fsub.s           f14, f14, f10       f14=xxxxxxxx f14:40e5d281 f10:40859291
15501046ns          280161 1c0083f2 68e776c3 fmadd.s          f13, f14, f14, f13  f13=xxxxxxxx f14:40407fe0 f14:40407fe0 f13:43746182
15501066ns          280162 1c0083ea 0045a70b p.lw             x14, 4(x11!)        x14=40856c53 x11=10001670 x11:1000166c  PA:1000166c
15501106ns          280164 1c0083ee 08a77753 fsub.s           f14, f14, f10       f14=xxxxxxxx f14:40856c53 f10:40859291
15501126ns          280165 1c0083f2 68e776c3 fmadd.s          f13, f14, f14, f13  f13=xxxxxxxx f14:bb98f800 f14:bb98f800 f13:437d6d83
15501146ns          280166 1c0083ea 0045a70b p.lw             x14, 4(x11!)        x14=40972458 x11=10001674 x11:10001670  PA:10001670
15501185ns          280168 1c0083ee 08a77753 fsub.s           f14, f14, f10       f14=xxxxxxxx f14:40972458 f10:40859291
15501205ns          280169 1c0083f2 68e776c3 fmadd.s          f13, f14, f14, f13  f13=xxxxxxxx f14:3f0c8e38 f14:3f0c8e38 f13:437d6d84
15501225ns          280170 1c0083ea 0045a70b p.lw             x14, 4(x11!)        x14=40c91b6c x11=10001678 x11:10001674  PA:10001674
15501265ns          280172 1c0083ee 08a77753 fsub.s           f14, f14, f10       f14=xxxxxxxx f14:40c91b6c f10:40859291
15501285ns          280173 1c0083f2 68e776c3 fmadd.s          f13, f14, f14, f13  f13=xxxxxxxx f14:400711b6 f14:400711b6 f13:437dbab0
15501305ns          280174 1c0083ea 0045a70b p.lw             x14, 4(x11!)        x14=40d1e460 x11=1000167c x11:10001678  PA:10001678
15501345ns          280176 1c0083ee 08a77753 fsub.s           f14, f14, f10       f14=xxxxxxxx f14:40d1e460 f10:40859291
15501364ns          280177 1c0083f2 68e776c3 fmadd.s          f13, f14, f14, f13  f13=xxxxxxxx f14:4018a39e f14:4018a39e f13:43811775
15501384ns          280178 1c0083ea 0045a70b p.lw             x14, 4(x11!)        x14=bf0daa1f x11=10001680 x11:1000167c  PA:1000167c
15501424ns          280180 1c0083ee 08a77753 fsub.s           f14, f14, f10       f14=xxxxxxxx f14:bf0daa1f f10:40859291
15501444ns          280181 1c0083f2 68e776c3 fmadd.s          f13, f14, f14, f13  f13=xxxxxxxx f14:c09747d5 f14:c09747d5 f13:4383ef8b
15501464ns          280182 1c0083ea 0045a70b p.lw             x14, 4(x11!)        x14=c027c442 x11=10001684 x11:10001680  PA:10001680
15501504ns          280184 1c0083ee 08a77753 fsub.s           f14, f14, f10       f14=xxxxxxxx f14:c027c442 f10:40859291
15501524ns          280185 1c0083f2 68e776c3 fmadd.s          f13, f14, f14, f13  f13=xxxxxxxx f14:c0d974b2 f14:c0d974b2 f13:438f1c45
15501544ns          280186 1c0083ea 0045a70b p.lw             x14, 4(x11!)        x14=40092f76 x11=10001688 x11:10001684  PA:10001684
15501583ns          280188 1c0083ee 08a77753 fsub.s           f14, f14, f10       f14=xxxxxxxx f14:40092f76 f10:40859291
15501603ns          280189 1c0083f2 68e776c3 fmadd.s          f13, f14, f14, f13  f13=xxxxxxxx f14:c001f5ac f14:c001f5ac f13:43a63326
15501623ns          280190 1c0083ea 0045a70b p.lw             x14, 4(x11!)        x14=405c9c55 x11=1000168c x11:10001688  PA:10001688
15501663ns          280192 1c0083ee 08a77753 fsub.s           f14, f14, f10       f14=xxxxxxxx f14:405c9c55 f10:40859291
15501683ns          280193 1c0083f2 68e776c3 fmadd.s          f13, f14, f14, f13  f13=xxxxxxxx f14:bf3a2334 f14:bf3a2334 f13:43a842f2
15501703ns          280194 1c0083ea 0045a70b p.lw             x14, 4(x11!)        x14=40d122b0 x11=10001690 x11:1000168c  PA:1000168c
15501742ns          280196 1c0083ee 08a77753 fsub.s           f14, f14, f10       f14=xxxxxxxx f14:40d122b0 f10:40859291
15501762ns          280197 1c0083f2 68e776c3 fmadd.s          f13, f14, f14, f13  f13=xxxxxxxx f14:4017203e f14:4017203e f13:43a8869e
15501782ns          280198 1c0083ea 0045a70b p.lw             x14, 4(x11!)        x14=3ecc0598 x11=10001694 x11:10001690  PA:10001690
15501822ns          280200 1c0083ee 08a77753 fsub.s           f14, f14, f10       f14=xxxxxxxx f14:3ecc0598 f10:40859291
15501842ns          280201 1c0083f2 68e776c3 fmadd.s          f13, f14, f14, f13  f13=xxxxxxxx f14:c071a46f f14:c071a46f f13:43ab5056
15501862ns          280202 1c0083ea 0045a70b p.lw             x14, 4(x11!)        x14=402431a0 x11=10001698 x11:10001694  PA:10001694
15501902ns          280204 1c0083ee 08a77753 fsub.s           f14, f14, f10       f14=xxxxxxxx f14:402431a0 f10:40859291
15501921ns          280205 1c0083f2 68e776c3 fmadd.s          f13, f14, f14, f13  f13=xxxxxxxx f14:bfcde704 f14:bfcde704 f13:43b2710e
15501941ns          280206 1c0083ea 0045a70b p.lw             x14, 4(x11!)        x14=4121ea38 x11=1000169c x11:10001698  PA:10001698
15501981ns          280208 1c0083ee 08a77753 fsub.s           f14, f14, f10       f14=xxxxxxxx f14:4121ea38 f10:40859291
15502001ns          280209 1c0083f2 68e776c3 fmadd.s          f13, f14, f14, f13  f13=xxxxxxxx f14:40be41df f14:40be41df f13:43b3bc46
15502021ns          280210 1c0083ea 0045a70b p.lw             x14, 4(x11!)        x14=40c2c003 x11=100016a0 x11:1000169c  PA:1000169c
15502061ns          280212 1c0083ee 08a77753 fsub.s           f14, f14, f10       f14=xxxxxxxx f14:40c2c003 f10:40859291
15502081ns          280213 1c0083f2 68e776c3 fmadd.s          f13, f14, f14, f13  f13=xxxxxxxx f14:3ff4b5c8 f14:3ff4b5c8 f13:43c56901
15502100ns          280214 1c0083ea 0045a70b p.lw             x14, 4(x11!)        x14=40b0de48 x11=100016a4 x11:100016a0  PA:100016a0
15502140ns          280216 1c0083ee 08a77753 fsub.s           f14, f14, f10       f14=xxxxxxxx f14:40b0de48 f10:40859291
15502160ns          280217 1c0083f2 68e776c3 fmadd.s          f13, f14, f14, f13  f13=xxxxxxxx f14:3fad2edc f14:3fad2edc f13:43c73cd7
15502180ns          280218 1c0083ea 0045a70b p.lw             x14, 4(x11!)        x14=3efa26d2 x11=100016a8 x11:100016a4  PA:100016a4
15502220ns          280220 1c0083ee 08a77753 fsub.s           f14, f14, f10       f14=xxxxxxxx f14:3efa26d2 f10:40859291
15502240ns          280221 1c0083f2 68e776c3 fmadd.s          f13, f14, f14, f13  f13=xxxxxxxx f14:c06be048 f14:c06be048 f13:43c82728
15502260ns          280222 1c0083ea 0045a70b p.lw             x14, 4(x11!)        x14=c02c6455 x11=100016ac x11:100016a8  PA:100016a8
15502299ns          280224 1c0083ee 08a77753 fsub.s           f14, f14, f10       f14=xxxxxxxx f14:c02c6455 f10:40859291
15502319ns          280225 1c0083f2 68e776c3 fmadd.s          f13, f14, f14, f13  f13=xxxxxxxx f14:c0dbc4bc f14:c0dbc4bc f13:43cef1d4
15502339ns          280226 1c0083ea 0045a70b p.lw             x14, 4(x11!)        x14=c01f94d4 x11=100016b0 x11:100016ac  PA:100016ac
15502379ns          280228 1c0083ee 08a77753 fsub.s           f14, f14, f10       f14=xxxxxxxx f14:c01f94d4 f10:40859291
15502399ns          280229 1c0083f2 68e776c3 fmadd.s          f13, f14, f14, f13  f13=xxxxxxxx f14:c0d55cfb f14:c0d55cfb f13:43e6871a
15502419ns          280230 1c0083ea 0045a70b p.lw             x14, 4(x11!)        x14=c0a2e23b x11=100016b4 x11:100016b0  PA:100016b0
15502458ns          280232 1c0083ee 08a77753 fsub.s           f14, f14, f10       f14=xxxxxxxx f14:c0a2e23b f10:40859291
15502478ns          280233 1c0083f2 68e776c3 fmadd.s          f13, f14, f14, f13  f13=xxxxxxxx f14:c1143a66 f14:c1143a66 f13:43fcc195
15502498ns          280234 1c0083ea 0045a70b p.lw             x14, 4(x11!)        x14=3eaab07b x11=100016b8 x11:100016b4  PA:100016b4
15502538ns          280236 1c0083ee 08a77753 fsub.s           f14, f14, f10       f14=xxxxxxxx f14:3eaab07b f10:40859291
15502558ns          280237 1c0083f2 68e776c3 fmadd.s          f13, f14, f14, f13  f13=xxxxxxxx f14:c075cf13 f14:c075cf13 f13:4413d5af
15502578ns          280238 1c0083ea 0045a70b p.lw             x14, 4(x11!)        x14=c0aac908 x11=100016bc x11:100016b8  PA:100016b8
15502618ns          280240 1c0083ee 08a77753 fsub.s           f14, f14, f10       f14=xxxxxxxx f14:c0aac908 f10:40859291
15502637ns          280241 1c0083f2 68e776c3 fmadd.s          f13, f14, f14, f13  f13=xxxxxxxx f14:c1182dcc f14:c1182dcc f13:441785c7
15502657ns          280242 1c0083ea 0045a70b p.lw             x14, 4(x11!)        x14=4032d94f x11=100016c0 x11:100016bc  PA:100016bc
15502697ns          280244 1c0083ee 08a77753 fsub.s           f14, f14, f10       f14=xxxxxxxx f14:4032d94f f10:40859291
15502717ns          280245 1c0083f2 68e776c3 fmadd.s          f13, f14, f14, f13  f13=xxxxxxxx f14:bfb097a6 f14:bfb097a6 f13:442e2362
15502737ns          280246 1c0083ea 0045a70b p.lw             x14, 4(x11!)        x14=3f8d54d9 x11=100016c4 x11:100016c0  PA:100016c0
15502777ns          280248 1c0083ee 08a77753 fsub.s           f14, f14, f10       f14=xxxxxxxx f14:3f8d54d9 f10:40859291
15502797ns          280249 1c0083f2 68e776c3 fmadd.s          f13, f14, f14, f13  f13=xxxxxxxx f14:c0447ab6 f14:c0447ab6 f13:442e9d33
15502817ns          280250 1c0083ea 0045a70b p.lw             x14, 4(x11!)        x14=c02ab136 x11=100016c8 x11:100016c4  PA:100016c4
15502856ns          280252 1c0083ee 08a77753 fsub.s           f14, f14, f10       f14=xxxxxxxx f14:c02ab136 f10:40859291
15502876ns          280253 1c0083f2 68e776c3 fmadd.s          f13, f14, f14, f13  f13=xxxxxxxx f14:c0daeb2c f14:c0daeb2c f13:4430f864
15502896ns          280254 1c0083ea 0045a70b p.lw             x14, 4(x11!)        x14=bfc478eb x11=100016cc x11:100016c8  PA:100016c8
15502936ns          280256 1c0083ee 08a77753 fsub.s           f14, f14, f10       f14=xxxxxxxx f14:bfc478eb f10:40859291
15502956ns          280257 1c0083f2 68e776c3 fmadd.s          f13, f14, f14, f13  f13=xxxxxxxx f14:c0b6b0cc f14:c0b6b0cc f13:443cabba
15502976ns          280258 1c0083ea 0045a70b p.lw             x14, 4(x11!)        x14=4005eb68 x11=100016d0 x11:100016cc  PA:100016cc
15503015ns          280260 1c0083ee 08a77753 fsub.s           f14, f14, f10       f14=xxxxxxxx f14:4005eb68 f10:40859291
15503035ns          280261 1c0083f2 68e776c3 fmadd.s          f13, f14, f14, f13  f13=xxxxxxxx f14:c00539ba f14:c00539ba f13:4444d1b8
15503055ns          280262 1c0083ea 0045a70b p.lw             x14, 4(x11!)        x14=40cd203a x11=100016d4 x11:100016d0  PA:100016d0
15503095ns          280264 1c0083ee 08a77753 fsub.s           f14, f14, f10       f14=xxxxxxxx f14:40cd203a f10:40859291
15503115ns          280265 1c0083f2 68e776c3 fmadd.s          f13, f14, f14, f13  f13=xxxxxxxx f14:400f1b52 f14:400f1b52 f13:4445e70c
15503135ns          280266 1c0083ea 0045a70b p.lw             x14, 4(x11!)        x14=40ededc2 x11=100016d8 x11:100016d4  PA:100016d4
15503175ns          280268 1c0083ee 08a77753 fsub.s           f14, f14, f10       f14=xxxxxxxx f14:40ededc2 f10:40859291
15503194ns          280269 1c0083f2 68e776c3 fmadd.s          f13, f14, f14, f13  f13=xxxxxxxx f14:4050b662 f14:4050b662 f13:4447270a
15503214ns          280270 1c0083ea 0045a70b p.lw             x14, 4(x11!)        x14=4003b5f1 x11=100016dc x11:100016d8  PA:100016d8
15503254ns          280272 1c0083ee 08a77753 fsub.s           f14, f14, f10       f14=xxxxxxxx f14:4003b5f1 f10:40859291
15503274ns          280273 1c0083f2 68e776c3 fmadd.s          f13, f14, f14, f13  f13=xxxxxxxx f14:c0076f31 f14:c0076f31 f13:4449cfae
15503294ns          280274 1c0083ea 0045a70b p.lw             x14, 4(x11!)        x14=409a68ae x11=100016e0 x11:100016dc  PA:100016dc
15503334ns          280276 1c0083ee 08a77753 fsub.s           f14, f14, f10       f14=xxxxxxxx f14:409a68ae f10:40859291
15503354ns          280277 1c0083f2 68e776c3 fmadd.s          f13, f14, f14, f13  f13=xxxxxxxx f14:3f26b0e8 f14:3f26b0e8 f13:444aee48
15503373ns          280278 1c0083ea 0045a70b p.lw             x14, 4(x11!)        x14=4125ce62 x11=100016e4 x11:100016e0  PA:100016e0
15503413ns          280280 1c0083ee 08a77753 fsub.s           f14, f14, f10       f14=xxxxxxxx f14:4125ce62 f10:40859291
15503433ns          280281 1c0083f2 68e776c3 fmadd.s          f13, f14, f14, f13  f13=xxxxxxxx f14:40c60a33 f14:40c60a33 f13:444b096a
15503453ns          280282 1c0083ea 0045a70b p.lw             x14, 4(x11!)        x14=407e7b9d x11=100016e8 x11:100016e4  PA:100016e4
15503493ns          280284 1c0083ee 08a77753 fsub.s           f14, f14, f10       f14=xxxxxxxx f14:407e7b9d f10:40859291
15503513ns          280285 1c0083f2 68e776c3 fmadd.s          f13, f14, f14, f13  f13=xxxxxxxx f14:be4a9850 f14:be4a9850 f13:44549ca6
15503533ns          280286 1c0083ea 0045a70b p.lw             x14, 4(x11!)        x14=40e0edd7 x11=100016ec x11:100016e8  PA:100016e8
15503572ns          280288 1c0083ee 08a77753 fsub.s           f14, f14, f10       f14=xxxxxxxx f14:40e0edd7 f10:40859291
15503592ns          280289 1c0083f2 68e776c3 fmadd.s          f13, f14, f14, f13  f13=xxxxxxxx f14:4036b68c f14:4036b68c f13:44549f27
15503612ns          280290 1c0083ea 0045a70b p.lw             x14, 4(x11!)        x14=404aae8f x11=100016f0 x11:100016ec  PA:100016ec
15503652ns          280292 1c0083ee 08a77753 fsub.s           f14, f14, f10       f14=xxxxxxxx f14:404aae8f f10:40859291
15503672ns          280293 1c0083f2 68e776c3 fmadd.s          f13, f14, f14, f13  f13=xxxxxxxx f14:bf80ed26 f14:bf80ed26 f13:4456a8c7
15503692ns          280294 1c0083ea 0045a70b p.lw             x14, 4(x11!)        x14=40f96a0c x11=100016f4 x11:100016f0  PA:100016f0
15503731ns          280296 1c0083ee 08a77753 fsub.s           f14, f14, f10       f14=xxxxxxxx f14:40f96a0c f10:40859291
15503751ns          280297 1c0083f2 68e776c3 fmadd.s          f13, f14, f14, f13  f13=xxxxxxxx f14:4067aef6 f14:4067aef6 f13:4456e9b5
15503771ns          280298 1c0083ea 0045a70b p.lw             x14, 4(x11!)        x14=4091b7aa x11=100016f8 x11:100016f4  PA:100016f4
15503811ns          280300 1c0083ee 08a77753 fsub.s           f14, f14, f10       f14=xxxxxxxx f14:4091b7aa f10:40859291
15503831ns          280301 1c0083f2 68e776c3 fmadd.s          f13, f14, f14, f13  f13=xxxxxxxx f14:3ec25190 f14:3ec25190 f13:445a306a
15503851ns          280302 1c0083ea 0045a70b p.lw             x14, 4(x11!)        x14=4034a194 x11=100016fc x11:100016f8  PA:100016f8
15503891ns          280304 1c0083ee 08a77753 fsub.s           f14, f14, f10       f14=xxxxxxxx f14:4034a194 f10:40859291
15503911ns          280305 1c0083f2 68e776c3 fmadd.s          f13, f14, f14, f13  f13=xxxxxxxx f14:bfad071c f14:bfad071c f13:445a39a2
15503930ns          280306 1c0083ea 0045a70b p.lw             x14, 4(x11!)        x14=bfce2274 x11=10001700 x11:100016fc  PA:100016fc
15503970ns          280308 1c0083ee 08a77753 fsub.s           f14, f14, f10       f14=xxxxxxxx f14:bfce2274 f10:40859291
15503990ns          280309 1c0083f2 68e776c3 fmadd.s          f13, f14, f14, f13  f13=xxxxxxxx f14:c0b91b2e f14:c0b91b2e f13:445aae95
15504010ns          280310 1c0083ea 0045a70b p.lw             x14, 4(x11!)        x14=bedbe9b9 x11=10001704 x11:10001700  PA:10001700
15504050ns          280312 1c0083ee 08a77753 fsub.s           f14, f14, f10       f14=xxxxxxxx f14:bedbe9b9 f10:40859291
15504070ns          280313 1c0083f2 68e776c3 fmadd.s          f13, f14, f14, f13  f13=xxxxxxxx f14:c093512d f14:c093512d f13:44630c1a
15504090ns          280314 1c0083ea 0045a70b p.lw             x14, 4(x11!)        x14=c0c030a7 x11=10001708 x11:10001704  PA:10001704
15504129ns          280316 1c0083ee 08a77753 fsub.s           f14, f14, f10       f14=xxxxxxxx f14:c0c030a7 f10:40859291
15504149ns          280317 1c0083f2 68e776c3 fmadd.s          f13, f14, f14, f13  f13=xxxxxxxx f14:c122e19c f14:c122e19c f13:4468587f
15504169ns          280318 1c0083ea 0045a70b p.lw             x14, 4(x11!)        x14=bf2d7c34 x11=1000170c x11:10001708  PA:10001708
15504209ns          280320 1c0083ee 08a77753 fsub.s           f14, f14, f10       f14=xxxxxxxx f14:bf2d7c34 f10:40859291
15504229ns          280321 1c0083f2 68e776c3 fmadd.s          f13, f14, f14, f13  f13=xxxxxxxx f14:c09b4218 f14:c09b4218 f13:4481208a
15504249ns          280322 1c0083ea 0045a70b p.lw             x14, 4(x11!)        x14=c05e3d7f x11=10001710 x11:1000170c  PA:1000170c
15504288ns          280324 1c0083ee 08a77753 fsub.s           f14, f14, f10       f14=xxxxxxxx f14:c05e3d7f f10:40859291
15504308ns          280325 1c0083f2 68e776c3 fmadd.s          f13, f14, f14, f13  f13=xxxxxxxx f14:c0f4b150 f14:c0f4b150 f13:448411d3
15504328ns          280326 1c0083ea 0045a70b p.lw             x14, 4(x11!)        x14=bf2258f5 x11=10001714 x11:10001710  PA:10001710
15504368ns          280328 1c0083ee 08a77753 fsub.s           f14, f14, f10       f14=xxxxxxxx f14:bf2258f5 f10:40859291
15504388ns          280329 1c0083f2 68e776c3 fmadd.s          f13, f14, f14, f13  f13=xxxxxxxx f14:c099ddb0 f14:c099ddb0 f13:448b60e7
15504408ns          280330 1c0083ea 0045a70b p.lw             x14, 4(x11!)        x14=c0100d9f x11=10001718 x11:10001714  PA:10001714
15504448ns          280332 1c0083ee 08a77753 fsub.s           f14, f14, f10       f14=xxxxxxxx f14:c0100d9f f10:40859291
15504467ns          280333 1c0083f2 68e776c3 fmadd.s          f13, f14, f14, f13  f13=xxxxxxxx f14:c0cd9960 f14:c0cd9960 f13:448e44bd
15504487ns          280334 1c0083ea 0045a70b p.lw             x14, 4(x11!)        x14=c09534bf x11=1000171c x11:10001718  PA:10001718
15504527ns          280336 1c0083ee 08a77753 fsub.s           f14, f14, f10       f14=xxxxxxxx f14:c09534bf f10:40859291
15504547ns          280337 1c0083f2 68e776c3 fmadd.s          f13, f14, f14, f13  f13=xxxxxxxx f14:c10d63a8 f14:c10d63a8 f13:44936db5
15504567ns          280338 1c0083ea 0045a70b p.lw             x14, 4(x11!)        x14=c03ce102 x11=10001720 x11:1000171c  PA:1000171c
15504607ns          280340 1c0083ee 08a77753 fsub.s           f14, f14, f10       f14=xxxxxxxx f14:c03ce102 f10:40859291
15504627ns          280341 1c0083f2 68e776c3 fmadd.s          f13, f14, f14, f13  f13=xxxxxxxx f14:c0e40312 f14:c0e40312 f13:449d3093
15504646ns          280342 1c0083ea 0045a70b p.lw             x14, 4(x11!)        x14=4120dbd7 x11=10001724 x11:10001720  PA:10001720
15504686ns          280344 1c0083ee 08a77753 fsub.s           f14, f14, f10       f14=xxxxxxxx f14:4120dbd7 f10:40859291
15504706ns          280345 1c0083f2 68e776c3 fmadd.s          f13, f14, f14, f13  f13=xxxxxxxx f14:40bc251d f14:40bc251d f13:44a3893f
15504726ns          280346 1c0083ea 0045a70b p.lw             x14, 4(x11!)        x14=40d8a1d8 x11=10001728 x11:10001724  PA:10001724
15504766ns          280348 1c0083ee 08a77753 fsub.s           f14, f14, f10       f14=xxxxxxxx f14:40d8a1d8 f10:40859291
15504786ns          280349 1c0083f2 68e776c3 fmadd.s          f13, f14, f14, f13  f13=xxxxxxxx f14:40261e8e f14:40261e8e f13:44a7db73
15504806ns          280350 1c0083ea 0045a70b p.lw             x14, 4(x11!)        x14=4050f057 x11=1000172c x11:10001728  PA:10001728
15504845ns          280352 1c0083ee 08a77753 fsub.s           f14, f14, f10       f14=xxxxxxxx f14:4050f057 f10:40859291
15504865ns          280353 1c0083f2 68e776c3 fmadd.s          f13, f14, f14, f13  f13=xxxxxxxx f14:bf68d32c f14:bf68d32c f13:44a8b30a
15504885ns          280354 1c0083ea 0045a70b p.lw             x14, 4(x11!)        x14=412e4c26 x11=10001730 x11:1000172c  PA:1000172c
15504925ns          280356 1c0083ee 08a77753 fsub.s           f14, f14, f10       f14=xxxxxxxx f14:412e4c26 f10:40859291
15504945ns          280357 1c0083f2 68e776c3 fmadd.s          f13, f14, f14, f13  f13=xxxxxxxx f14:40d705bb f14:40d705bb f13:44a8cd82
15504965ns          280358 1c0083ea 0045a70b p.lw             x14, 4(x11!)        x14=4118f294 x11=10001734 x11:10001730  PA:10001730
15505004ns          280360 1c0083ee 08a77753 fsub.s           f14, f14, f10       f14=xxxxxxxx f14:4118f294 f10:40859291
15505024ns          280361 1c0083f2 68e776c3 fmadd.s          f13, f14, f14, f13  f13=xxxxxxxx f14:40ac5297 f14:40ac5297 f13:44ae7257
15505044ns          280362 1c0083ea 0045a70b p.lw             x14, 4(x11!)        x14=41089e79 x11=10001738 x11:10001734  PA:10001734
15505084ns          280364 1c0083ee 08a77753 fsub.s           f14, f14, f10       f14=xxxxxxxx f14:41089e79 f10:40859291
15505104ns          280365 1c0083f2 68e776c3 fmadd.s          f13, f14, f14, f13  f13=xxxxxxxx f14:408baa61 f14:408baa61 f13:44b21250
15505124ns          280366 1c0083ea 0045a70b p.lw             x14, 4(x11!)        x14=4105da72 x11=1000173c x11:10001738  PA:10001738
15505164ns          280368 1c0083ee 08a77753 fsub.s           f14, f14, f10       f14=xxxxxxxx f14:4105da72 f10:40859291
15505184ns          280369 1c0083f2 68e776c3 fmadd.s          f13, f14, f14, f13  f13=xxxxxxxx f14:40862253 f14:40862253 f13:44b473e4
15505203ns          280370 1c0083ea 0045a70b p.lw             x14, 4(x11!)        x14=4151fc7e x11=10001740 x11:1000173c  PA:1000173c
15505243ns          280372 1c0083ee 08a77753 fsub.s           f14, f14, f10       f14=xxxxxxxx f14:4151fc7e f10:40859291
15505263ns          280373 1c0083f2 68e776c3 fmadd.s          f13, f14, f14, f13  f13=xxxxxxxx f14:410f3336 f14:410f3336 f13:44b6a624
15505283ns          280374 1c0083ea 0045a70b p.lw             x14, 4(x11!)        x14=405aff9c x11=10001744 x11:10001740  PA:10001740
15505323ns          280376 1c0083ee 08a77753 fsub.s           f14, f14, f10       f14=xxxxxxxx f14:405aff9c f10:40859291
15505343ns          280377 1c0083f2 68e776c3 fmadd.s          f13, f14, f14, f13  f13=xxxxxxxx f14:bf409618 f14:bf409618 f13:44c0a96c
15505363ns          280378 1c0083ea 0045a70b p.lw             x14, 4(x11!)        x14=4121737d x11=10001748 x11:10001744  PA:10001744
15505402ns          280380 1c0083ee 08a77753 fsub.s           f14, f14, f10       f14=xxxxxxxx f14:4121737d f10:40859291
15505422ns          280381 1c0083f2 68e776c3 fmadd.s          f13, f14, f14, f13  f13=xxxxxxxx f14:40bd5469 f14:40bd5469 f13:44c0bb88
15505442ns          280382 1c0083ea 0045a70b p.lw             x14, 4(x11!)        x14=407b66e5 x11=1000174c x11:10001748  PA:10001748
15505482ns          280384 1c0083ee 08a77753 fsub.s           f14, f14, f10       f14=xxxxxxxx f14:407b66e5 f10:40859291
15505502ns          280385 1c0083f2 68e776c3 fmadd.s          f13, f14, f14, f13  f13=xxxxxxxx f14:be7be3d0 f14:be7be3d0 f13:44c51bb6
15505522ns          280386 1c0083ea 0045a70b p.lw             x14, 4(x11!)        x14=41043cf9 x11=10001750 x11:1000174c  PA:1000174c
15505561ns          280388 1c0083ee 08a77753 fsub.s           f14, f14, f10       f14=xxxxxxxx f14:41043cf9 f10:40859291
15505581ns          280389 1c0083f2 68e776c3 fmadd.s          f13, f14, f14, f13  f13=xxxxxxxx f14:4082e761 f14:4082e761 f13:44c51da6
15505601ns          280390 1c0083ea 0045a70b p.lw             x14, 4(x11!)        x14=402fc3d3 x11=10001754 x11:10001750  PA:10001750
15505641ns          280392 1c0083ee 08a77753 fsub.s           f14, f14, f10       f14=xxxxxxxx f14:402fc3d3 f10:40859291
15505661ns          280393 1c0083f2 68e776c3 fmadd.s          f13, f14, f14, f13  f13=xxxxxxxx f14:bfb6c29e f14:bfb6c29e f13:44c73524
15505681ns          280394 1c0083ea 0045a70b p.lw             x14, 4(x11!)        x14=40af842c x11=10001758 x11:10001754  PA:10001754
15505721ns          280396 1c0083ee 08a77753 fsub.s           f14, f14, f10       f14=xxxxxxxx f14:40af842c f10:40859291
15505740ns          280397 1c0083f2 68e776c3 fmadd.s          f13, f14, f14, f13  f13=xxxxxxxx f14:3fa7c66c f14:3fa7c66c f13:44c77661
15505760ns          280398 1c0083ea 0045a70b p.lw             x14, 4(x11!)        x14=4021bb6d x11=1000175c x11:10001758  PA:10001758
15505800ns          280400 1c0083ee 08a77753 fsub.s           f14, f14, f10       f14=xxxxxxxx f14:4021bb6d f10:40859291
15505820ns          280401 1c0083f2 68e776c3 fmadd.s          f13, f14, f14, f13  f13=xxxxxxxx f14:bfd2d36a f14:bfd2d36a f13:44c7ad5b
15505840ns          280402 1c0083ea 0045a70b p.lw             x14, 4(x11!)        x14=411cff14 x11=10001760 x11:1000175c  PA:1000175c
15505880ns          280404 1c0083ee 08a77753 fsub.s           f14, f14, f10       f14=xxxxxxxx f14:411cff14 f10:40859291
15505900ns          280405 1c0083f2 68e776c3 fmadd.s          f13, f14, f14, f13  f13=xxxxxxxx f14:40b46b97 f14:40b46b97 f13:44c8042b
15505919ns          280406 1c0083ea 0045a70b p.lw             x14, 4(x11!)        x14=411dd801 x11=10001764 x11:10001760  PA:10001760
15505959ns          280408 1c0083ee 08a77753 fsub.s           f14, f14, f10       f14=xxxxxxxx f14:411dd801 f10:40859291
15505979ns          280409 1c0083f2 68e776c3 fmadd.s          f13, f14, f14, f13  f13=xxxxxxxx f14:40b61d71 f14:40b61d71 f13:44cbfd67
15505999ns          280410 1c0083ea 0045a70b p.lw             x14, 4(x11!)        x14=3ff559e4 x11=10001768 x11:10001764  PA:10001764
15506039ns          280412 1c0083ee 08a77753 fsub.s           f14, f14, f10       f14=xxxxxxxx f14:3ff559e4 f10:40859291
15506059ns          280413 1c0083f2 68e776c3 fmadd.s          f13, f14, f14, f13  f13=xxxxxxxx f14:c0107830 f14:c0107830 f13:44d009d6
15506079ns          280414 1c0083ea 0045a70b p.lw             x14, 4(x11!)        x14=411b857a x11=1000176c x11:10001768  PA:10001768
15506118ns          280416 1c0083ee 08a77753 fsub.s           f14, f14, f10       f14=xxxxxxxx f14:411b857a f10:40859291
15506138ns          280417 1c0083f2 68e776c3 fmadd.s          f13, f14, f14, f13  f13=xxxxxxxx f14:40b17863 f14:40b17863 f13:44d0ace5
15506158ns          280418 1c0083ea 0045a70b p.lw             x14, 4(x11!)        x14=410681ed x11=10001770 x11:1000176c  PA:1000176c
15506198ns          280420 1c0083ee 08a77753 fsub.s           f14, f14, f10       f14=xxxxxxxx f14:410681ed f10:40859291
15506218ns          280421 1c0083f2 68e776c3 fmadd.s          f13, f14, f14, f13  f13=xxxxxxxx f14:40877149 f14:40877149 f13:44d48523
15506238ns          280422 1c0083ea 0045a70b p.lw             x14, 4(x11!)        x14=40a8b720 x11=10001774 x11:10001770  PA:10001770
15506277ns          280424 1c0083ee 08a77753 fsub.s           f14, f14, f10       f14=xxxxxxxx f14:40a8b720 f10:40859291
15506297ns          280425 1c0083f2 68e776c3 fmadd.s          f13, f14, f14, f13  f13=xxxxxxxx f14:3f8c923c f14:3f8c923c f13:44d6c268
15506317ns          280426 1c0083ea 0045a70b p.lw             x14, 4(x11!)        x14=3fbf9b46 x11=10001778 x11:10001774  PA:10001774
15506357ns          280428 1c0083ee 08a77753 fsub.s           f14, f14, f10       f14=xxxxxxxx f14:3fbf9b46 f10:40859291
15506377ns          280429 1c0083f2 68e776c3 fmadd.s          f13, f14, f14, f13  f13=xxxxxxxx f14:c02b577f f14:c02b577f f13:44d6e900
15506397ns          280430 1c0083ea 0045a70b p.lw             x14, 4(x11!)        x14=3daf0c35 x11=1000177c x11:10001778  PA:10001778
15506437ns          280432 1c0083ee 08a77753 fsub.s           f14, f14, f10       f14=xxxxxxxx f14:3daf0c35 f10:40859291
15506457ns          280433 1c0083f2 68e776c3 fmadd.s          f13, f14, f14, f13  f13=xxxxxxxx f14:c082d660 f14:c082d660 f13:44d7ce5c
15506476ns          280434 1c0083ea 0045a70b p.lw             x14, 4(x11!)        x14=be8eed16 x11=10001780 x11:1000177c  PA:1000177c
15506516ns          280436 1c0083ee 08a77753 fsub.s           f14, f14, f10       f14=xxxxxxxx f14:be8eed16 f10:40859291
15506536ns          280437 1c0083f2 68e776c3 fmadd.s          f13, f14, f14, f13  f13=xxxxxxxx f14:c08e8162 f14:c08e8162 f13:44d9e54f
15506556ns          280438 1c0083ea 0045a70b p.lw             x14, 4(x11!)        x14=4080b287 x11=10001784 x11:10001780  PA:10001780
15506596ns          280440 1c0083ee 08a77753 fsub.s           f14, f14, f10       f14=xxxxxxxx f14:4080b287 f10:40859291
15506616ns          280441 1c0083f2 68e776c3 fmadd.s          f13, f14, f14, f13  f13=xxxxxxxx f14:be1c0140 f14:be1c0140 f13:44dc5fed
15506636ns          280442 1c0083ea 0045a70b p.lw             x14, 4(x11!)        x14=bf4feb3c x11=10001788 x11:10001784  PA:10001784
15506675ns          280444 1c0083ee 08a77753 fsub.s           f14, f14, f10       f14=xxxxxxxx f14:bf4feb3c f10:40859291
15506695ns          280445 1c0083f2 68e776c3 fmadd.s          f13, f14, f14, f13  f13=xxxxxxxx f14:c09f8ff8 f14:c09f8ff8 f13:44dc60ab
15506715ns          280446 1c0083ea 0045a70b p.lw             x14, 4(x11!)        x14=4075a1e6 x11=1000178c x11:10001788  PA:10001788
15506755ns          280448 1c0083ee 08a77753 fsub.s           f14, f14, f10       f14=xxxxxxxx f14:4075a1e6 f10:40859291
15506775ns          280449 1c0083f2 68e776c3 fmadd.s          f13, f14, f14, f13  f13=xxxxxxxx f14:beac19e0 f14:beac19e0 f13:44df7c4c
15506795ns          280450 1c0083ea 0045a70b p.lw             x14, 4(x11!)        x14=4111cac4 x11=10001790 x11:1000178c  PA:1000178c
15506834ns          280452 1c0083ee 08a77753 fsub.s           f14, f14, f10       f14=xxxxxxxx f14:4111cac4 f10:40859291
15506854ns          280453 1c0083f2 68e776c3 fmadd.s          f13, f14, f14, f13  f13=xxxxxxxx f14:409e02f7 f14:409e02f7 f13:44df7fea
15506874ns          280454 1c0083ea 0045a70b p.lw             x14, 4(x11!)        x14=40c9a356 x11=10001794 x11:10001790  PA:10001790
15506914ns          280456 1c0083ee 08a77753 fsub.s           f14, f14, f10       f14=xxxxxxxx f14:40c9a356 f10:40859291
15506934ns          280457 1c0083f2 68e776c3 fmadd.s          f13, f14, f14, f13  f13=xxxxxxxx f14:4008218a f14:4008218a f13:44e28c27
15506954ns          280458 1c0083ea 0045a70b p.lw             x14, 4(x11!)        x14=406bd780 x11=10001798 x11:10001794  PA:10001794
15506994ns          280460 1c0083ee 08a77753 fsub.s           f14, f14, f10       f14=xxxxxxxx f14:406bd780 f10:40859291
15507013ns          280461 1c0083f2 68e776c3 fmadd.s          f13, f14, f14, f13  f13=xxxxxxxx f14:befa6d10 f14:befa6d10 f13:44e31cee
15507033ns          280462 1c0083ea 0045a70b p.lw             x14, 4(x11!)        x14=410bb170 x11=1000179c x11:10001798  PA:10001798
15507073ns          280464 1c0083ee 08a77753 fsub.s           f14, f14, f10       f14=xxxxxxxx f14:410bb170 f10:40859291
15507093ns          280465 1c0083f2 68e776c3 fmadd.s          f13, f14, f14, f13  f13=xxxxxxxx f14:4091d04f f14:4091d04f f13:44e32496
15507113ns          280466 1c0083ea 0045a70b p.lw             x14, 4(x11!)        x14=41417c2b x11=100017a0 x11:1000179c  PA:1000179c
15507153ns          280468 1c0083ee 08a77753 fsub.s           f14, f14, f10       f14=xxxxxxxx f14:41417c2b f10:40859291
15507173ns          280469 1c0083f2 68e776c3 fmadd.s          f13, f14, f14, f13  f13=xxxxxxxx f14:40fd65c5 f14:40fd65c5 f13:44e5bd03
15507192ns          280470 1c0083ea 0045a70b p.lw             x14, 4(x11!)        x14=3f5f3d04 x11=100017a4 x11:100017a0  PA:100017a0
15507232ns          280472 1c0083ee 08a77753 fsub.s           f14, f14, f10       f14=xxxxxxxx f14:3f5f3d04 f10:40859291
15507252ns          280473 1c0083f2 68e776c3 fmadd.s          f13, f14, f14, f13  f13=xxxxxxxx f14:c05355e1 f14:c05355e1 f13:44ed9395
15507272ns          280474 1c0083ea 0045a70b p.lw             x14, 4(x11!)        x14=410c0827 x11=100017a8 x11:100017a4  PA:100017a4
15507312ns          280476 1c0083ee 08a77753 fsub.s           f14, f14, f10       f14=xxxxxxxx f14:410c0827 f10:40859291
15507332ns          280477 1c0083f2 68e776c3 fmadd.s          f13, f14, f14, f13  f13=xxxxxxxx f14:40927dbd f14:40927dbd f13:44eef082
15507352ns          280478 1c0083ea 0045a70b p.lw             x14, 4(x11!)        x14=41471828 x11=100017ac x11:100017a8  PA:100017a8
15507391ns          280480 1c0083ee 08a77753 fsub.s           f14, f14, f10       f14=xxxxxxxx f14:41471828 f10:40859291
15507411ns          280481 1c0083f2 68e776c3 fmadd.s          f13, f14, f14, f13  f13=xxxxxxxx f14:41044ee0 f14:41044ee0 f13:44f18f1f
15507431ns          280482 1c0083ea 0045a70b p.lw             x14, 4(x11!)        x14=40883f40 x11=100017b0 x11:100017ac  PA:100017ac
15507471ns          280484 1c0083ee 08a77753 fsub.s           f14, f14, f10       f14=xxxxxxxx f14:40883f40 f10:40859291
15507491ns          280485 1c0083f2 68e776c3 fmadd.s          f13, f14, f14, f13  f13=xxxxxxxx f14:3dab2bc0 f14:3dab2bc0 f13:44fa1b4d
15507511ns          280486 1c0083ea 0045a70b p.lw             x14, 4(x11!)        x14=3ffc016d x11=100017b4 x11:100017b0  PA:100017b0
15507551ns          280488 1c0083ee 08a77753 fsub.s           f14, f14, f10       f14=xxxxxxxx f14:3ffc016d f10:40859291
15507570ns          280489 1c0083f2 68e776c3 fmadd.s          f13, f14, f14, f13  f13=xxxxxxxx f14:c00d246c f14:c00d246c f13:44fa1b86
15507590ns          280490 1c0083ea 0045a70b p.lw             x14, 4(x11!)        x14=4041adb1 x11=100017b8 x11:100017b4  PA:100017b4
15507630ns          280492 1c0083ee 08a77753 fsub.s           f14, f14, f10       f14=xxxxxxxx f14:4041adb1 f10:40859291
15507650ns          280493 1c0083f2 68e776c3 fmadd.s          f13, f14, f14, f13  f13=xxxxxxxx f14:bf92eee2 f14:bf92eee2 f13:44fab728
15507670ns          280494 1c0083ea 0045a70b p.lw             x14, 4(x11!)        x14=413013f5 x11=100017bc x11:100017b8  PA:100017b8
15507710ns          280496 1c0083ee 08a77753 fsub.s           f14, f14, f10       f14=xxxxxxxx f14:413013f5 f10:40859291
15507730ns          280497 1c0083f2 68e776c3 fmadd.s          f13, f14, f14, f13  f13=xxxxxxxx f14:40da9559 f14:40da9559 f13:44fae153
15507749ns          280498 1c0083ea 0045a70b p.lw             x14, 4(x11!)        x14=40ba9d81 x11=100017c0 x11:100017bc  PA:100017bc
15507789ns          280500 1c0083ee 08a77753 fsub.s           f14, f14, f10       f14=xxxxxxxx f14:40ba9d81 f10:40859291
15507809ns          280501 1c0083f2 68e776c3 fmadd.s          f13, f14, f14, f13  f13=xxxxxxxx f14:3fd42bc0 f14:3fd42bc0 f13:45005b34
15507829ns          280502 1c0083ea 0045a70b p.lw             x14, 4(x11!)        x14=bda83b77 x11=100017c4 x11:100017c0  PA:100017c0
15507869ns          280504 1c0083ee 08a77753 fsub.s           f14, f14, f10       f14=xxxxxxxx f14:bda83b77 f10:40859291
15507889ns          280505 1c0083f2 68e776c3 fmadd.s          f13, f14, f14, f13  f13=xxxxxxxx f14:c088337f f14:c088337f f13:4500872a
15507909ns          280506 1c0083ea 0045a70b p.lw             x14, 4(x11!)        x14=408ae680 x11=100017c8 x11:100017c4  PA:100017c4
15507948ns          280508 1c0083ee 08a77753 fsub.s           f14, f14, f10       f14=xxxxxxxx f14:408ae680 f10:40859291
15507968ns          280509 1c0083f2 68e776c3 fmadd.s          f13, f14, f14, f13  f13=xxxxxxxx f14:3e2a7de0 f14:3e2a7de0 f13:4501a905
15507988ns          280510 1c0083ea 0045a70b p.lw             x14, 4(x11!)        x14=410cc542 x11=100017cc x11:100017c8  PA:100017c8
15508028ns          280512 1c0083ee 08a77753 fsub.s           f14, f14, f10       f14=xxxxxxxx f14:410cc542 f10:40859291
15508048ns          280513 1c0083f2 68e776c3 fmadd.s          f13, f14, f14, f13  f13=xxxxxxxx f14:4093f7f3 f14:4093f7f3 f13:4501a977
15508068ns          280514 1c0083ea 0045a70b p.lw             x14, 4(x11!)        x14=40a3fedd x11=100017d0 x11:100017cc  PA:100017cc
15508107ns          280516 1c0083ee 08a77753 fsub.s           f14, f14, f10       f14=xxxxxxxx f14:40a3fedd f10:40859291
15508127ns          280517 1c0083f2 68e776c3 fmadd.s          f13, f14, f14, f13  f13=xxxxxxxx f14:3f736260 f14:3f736260 f13:4502ff92
15508147ns          280518 1c0083ea 0045a70b p.lw             x14, 4(x11!)        x14=3f6f9c31 x11=100017d4 x11:100017d0  PA:100017d0
15508187ns          280520 1c0083ee 08a77753 fsub.s           f14, f14, f10       f14=xxxxxxxx f14:3f6f9c31 f10:40859291
15508207ns          280521 1c0083f2 68e776c3 fmadd.s          f13, f14, f14, f13  f13=xxxxxxxx f14:c04f3e16 f14:c04f3e16 f13:45030e08
15508227ns          280522 1c0083ea 0045a70b p.lw             x14, 4(x11!)        x14=beaa154b x11=100017d8 x11:100017d4  PA:100017d4
15508267ns          280524 1c0083ee 08a77753 fsub.s           f14, f14, f10       f14=xxxxxxxx f14:beaa154b f10:40859291
15508286ns          280525 1c0083f2 68e776c3 fmadd.s          f13, f14, f14, f13  f13=xxxxxxxx f14:c09033e6 f14:c09033e6 f13:4503b5cd
15508306ns          280526 1c0083ea 0045a70b p.lw             x14, 4(x11!)        x14=4074762f x11=100017dc x11:100017d8  PA:100017d8
15508346ns          280528 1c0083ee 08a77753 fsub.s           f14, f14, f10       f14=xxxxxxxx f14:4074762f f10:40859291
15508366ns          280529 1c0083f2 68e776c3 fmadd.s          f13, f14, f14, f13  f13=xxxxxxxx f14:beb57798 f14:beb57798 f13:4504fab7
15508386ns          280530 1c0083ea 0045a70b p.lw             x14, 4(x11!)        x14=409890dd x11=100017e0 x11:100017dc  PA:100017dc
15508426ns          280532 1c0083ee 08a77753 fsub.s           f14, f14, f10       f14=xxxxxxxx f14:409890dd f10:40859291
15508446ns          280533 1c0083f2 68e776c3 fmadd.s          f13, f14, f14, f13  f13=xxxxxxxx f14:3f17f260 f14:3f17f260 f13:4504fcba
15508465ns          280534 1c0083ea 0045a70b p.lw             x14, 4(x11!)        x14=40fc2fb6 x11=100017e4 x11:100017e0  PA:100017e0
15508505ns          280536 1c0083ee 08a77753 fsub.s           f14, f14, f10       f14=xxxxxxxx f14:40fc2fb6 f10:40859291
15508525ns          280537 1c0083f2 68e776c3 fmadd.s          f13, f14, f14, f13  f13=xxxxxxxx f14:406d3a4a f14:406d3a4a f13:4505025d
15508545ns          280538 1c0083ea 0045a70b p.lw             x14, 4(x11!)        x14=40ad83d9 x11=100017e8 x11:100017e4  PA:100017e4
15508585ns          280540 1c0083ee 08a77753 fsub.s           f14, f14, f10       f14=xxxxxxxx f14:40ad83d9 f10:40859291
15508605ns          280541 1c0083f2 68e776c3 fmadd.s          f13, f14, f14, f13  f13=xxxxxxxx f14:3f9fc520 f14:3f9fc520 f13:4505de32
15508625ns          280542 1c0083f6 1c011737 lui              x14, 0x1c011000     x14=1c011000
15508644ns          280543 1c0083fa 00441793 slli             x15, x8, 0x4        x15=00000020  x8:00000002
15509062ns          280564 1c0083fe 00070713 addi             x14, x14, 0         x14=1c011000 x14:1c011000
15509082ns          280565 1c008402 00e787b3 add              x15, x15, x14       x15=1c011020 x15:00000020 x14:1c011000
15509102ns          280566 1c008404 8807a783 lw               x15, -1920(x15)     x15=43fa7372 x15:1c011020  PA:1c0108a0
15509400ns          280581 1c008408 1c0005b7 lui              x11, 0x1c000000     x11=1c000000
15509420ns          280582 1c00840c a0f607d3 fle.s            x15, f12, f15       x15=00000001 f12:43fa72d0 f15:43fa7372
15509599ns          280591 1c008410 0205a583 lw               x11, 32(x11)        x11=42ee0000 x11:1c000000  PA:1c000020
15509957ns          280609 1c008414 00241413 slli             x8, x8, 0x2          x8=00000008  x8:00000002
15509977ns          280610 1c008416 18b6f6d3 fdiv.s           f13, f13, f11       f13=xxxxxxxx f13:4505f720 f11:42ee0000
15509997ns          280611 1c00841a 02079563 bne              x15, x0, 42         x15:00000001
15510614ns          280642 1c008444 00140793 addi             x15, x8, 1          x15=00000009  x8:00000008
15510653ns          280644 1c008448 00279793 slli             x15, x15, 0x2       x15=00000024 x15:00000009
15510673ns          280645 1c00844a 00e787b3 add              x15, x15, x14       x15=1c011024 x15:00000024 x14:1c011000
15510693ns          280646 1c00844c 8807a783 lw               x15, -1920(x15)     x15=43fa722a x15:1c011024  PA:1c0108a4
15511151ns          280669 1c008450 a0c78653 fle.s            x12, f15, f12       x12=00000001 f15:43fa722a f12:43fa72d0
15511171ns          280670 1c008454 fc0604e3 beq              x12, x0, -56        x12:00000001
15511191ns          280671 1c008456 00240793 addi             x15, x8, 2          x15=0000000a  x8:00000008
15511210ns          280672 1c00845a 00279793 slli             x15, x15, 0x2       x15=00000028 x15:0000000a
15511230ns          280673 1c00845c 00e787b3 add              x15, x15, x14       x15=1c011028 x15:00000028 x14:1c011000
15511628ns          280693 1c00845e 8807a783 lw               x15, -1920(x15)     x15=41901940 x15:1c011028  PA:1c0108a8
15511966ns          280710 1c008462 a0f687d3 fle.s            x15, f13, f15       x15=00000001 f13:419018e0 f15:41901940
15511986ns          280711 1c008466 fa078be3 beq              x15, x0, -74        x15:00000001
15512006ns          280712 1c008468 00340413 addi             x8, x8, 3            x8=0000000b  x8:00000008
15512026ns          280713 1c00846a 00241793 slli             x15, x8, 0x2        x15=0000002c  x8:0000000b
15512046ns          280714 1c00846e 00e787b3 add              x15, x15, x14       x15=1c01102c x15:0000002c x14:1c011000
15512444ns          280734 1c008470 8807a783 lw               x15, -1920(x15)     x15=41901884 x15:1c01102c  PA:1c0108ac
15512782ns          280751 1c008474 a0d786d3 fle.s            x13, f15, f13       x13=00000001 f15:41901884 f13:419018e0
15512802ns          280752 1c008478 fa0682e3 beq              x13, x0, -92        x13:00000001
15512822ns          280753 1c00847a 1c000537 lui              x10, 0x1c000000     x10=1c000000
15512981ns          280761 1c00847e f14025f3 csrrs            x11, x0, 0xf14      x11=00000002
15513020ns          280763 1c008482 09850513 addi             x10, x10, 152       x10=1c000098 x10:1c000000
15513040ns          280764 1c008486 f455b5b3 p.bclr           x11, x11, 26, 5     x11=00000002 x11:00000002
15513060ns          280765 1c00848a 6aa000ef jal              x1, 1706             x1=1c00848c
15513199ns          280772 1c008b34 fc010113 addi             x2, x2, -64          x2=100015c8  x2:10001608
15513239ns          280774 1c008b36 02410313 addi             x6, x2, 36           x6=100015ec  x2:100015c8
15513259ns          280775 1c008b3a 02c12423 sw               x12, 40(x2)         x12:00000001  x2:100015c8  PA:100015f0
15513279ns          280776 1c008b3c 00a00633 add              x12, x0, x10        x12=1c000098 x10:1c000098
15513319ns          280778 1c008b3e 1c009537 lui              x10, 0x1c009000     x10=1c009000
15513339ns          280779 1c008b42 02b12223 sw               x11, 36(x2)         x11:00000002  x2:100015c8  PA:100015ec
15513359ns          280780 1c008b44 02d12623 sw               x13, 44(x2)         x13:00000001  x2:100015c8  PA:100015f4
15513378ns          280781 1c008b46 00200593 addi             x11, x0, 2          x11=00000002
15513398ns          280782 1c008b48 006006b3 add              x13, x0, x6         x13=100015ec  x6:100015ec
15513418ns          280783 1c008b4a af050513 addi             x10, x10, -1296     x10=1c008af0 x10:1c009000
15513438ns          280784 1c008b4e 00112e23 sw               x1, 28(x2)           x1:1c00848c  x2:100015c8  PA:100015e4
15513458ns          280785 1c008b50 02e12823 sw               x14, 48(x2)         x14:1c011000  x2:100015c8  PA:100015f8
15513478ns          280786 1c008b52 02f12a23 sw               x15, 52(x2)         x15:41901884  x2:100015c8  PA:100015fc
15513498ns          280787 1c008b54 03012c23 sw               x16, 56(x2)         x16:3f31941d  x2:100015c8  PA:10001600
15513518ns          280788 1c008b56 03112e23 sw               x17, 60(x2)         x17:4121737d  x2:100015c8  PA:10001604
15513538ns          280789 1c008b58 00612623 sw               x6, 12(x2)           x6:100015ec  x2:100015c8  PA:100015d4
15513558ns          280790 1c008b5a fbfff0ef jal              x1, -66              x1=1c008b5c
15513677ns          280796 1c008b18 04a0006f jal              x0, 74             
15513717ns          280798 1c008b62 ed010113 addi             x2, x2, -304         x2=10001498  x2:100015c8
15513737ns          280799 1c008b64 12812423 sw               x8, 296(x2)          x8:0000000b  x2:10001498  PA:100015c0
15513756ns          280800 1c008b68 00000413 addi             x8, x0, 0            x8=00000000
15513776ns          280801 1c008b6a 11612823 sw               x22, 272(x2)        x22:xxxxxxxx  x2:10001498  PA:100015a8
15513836ns          280804 1c008b6e 11712623 sw               x23, 268(x2)        x23:xxxxxxxx  x2:10001498  PA:100015a4
15513876ns          280806 1c008b72 11812423 sw               x24, 264(x2)        x24:xxxxxxxx  x2:10001498  PA:100015a0
15513896ns          280807 1c008b76 11912223 sw               x25, 260(x2)        x25:xxxxxxxx  x2:10001498  PA:1000159c
15513916ns          280808 1c008b7a 11a12023 sw               x26, 256(x2)        x26:xxxxxxxx  x2:10001498  PA:10001598
15513935ns          280809 1c008b7e 0fb12e23 sw               x27, 252(x2)        x27:xxxxxxxx  x2:10001498  PA:10001594
15513975ns          280811 1c008b80 12112623 sw               x1, 300(x2)          x1:1c008b5c  x2:10001498  PA:100015c4
15514015ns          280813 1c008b84 00800db3 add              x27, x0, x8         x27=00000000  x8:00000000
15514035ns          280814 1c008b86 12912223 sw               x9, 292(x2)          x9:xxxxxxxx  x2:10001498  PA:100015bc
15514055ns          280815 1c008b8a 13212023 sw               x18, 288(x2)        x18:xxxxxxxx  x2:10001498  PA:100015b8
15514114ns          280818 1c008b8e 11312e23 sw               x19, 284(x2)        x19:xxxxxxxx  x2:10001498  PA:100015b4
15514154ns          280820 1c008b92 11412c23 sw               x20, 280(x2)        x20:xxxxxxxx  x2:10001498  PA:100015b0
15514174ns          280821 1c008b96 11512a23 sw               x21, 276(x2)        x21:xxxxxxxx  x2:10001498  PA:100015ac
15514194ns          280822 1c008b9a 00a00b33 add              x22, x0, x10        x22=1c008af0 x10:1c008af0
15514214ns          280823 1c008b9c 00b00d33 add              x26, x0, x11        x26=00000002 x11:00000002
15514234ns          280824 1c008b9e 00d00c33 add              x24, x0, x13        x24=100015ec x13:100015ec
15514254ns          280825 1c008ba0 1c000bb7 lui              x23, 0x1c000000     x23=1c000000
15514293ns          280827 1c008ba4 02410c93 addi             x25, x2, 36         x25=100014bc  x2:10001498
15514313ns          280828 1c008ba8 00c00433 add              x8, x0, x12          x8=1c000098 x12:1c000098
15514333ns          280829 1c008baa 00044503 lbu              x10, 0(x8)          x10=0000006b  x8:1c000098  PA:1c000098
15514632ns          280844 1c008bae 00140413 addi             x8, x8, 1            x8=1c000099  x8:1c000098
15514652ns          280845 1c008bb0 00050e63 beq              x10, x0, 28         x10:0000006b
15514671ns          280846 1c008bb2 02500793 addi             x15, x0, 37         x15=00000025
15514691ns          280847 1c008bb6 04f50863 beq              x10, x15, 80        x10:0000006b x15:00000025
15514711ns          280848 1c008bba 01a005b3 add              x11, x0, x26        x11=00000002 x26:00000002
15514731ns          280849 1c008bbc 000b00e7 jalr             x1, x22, 0           x1=1c008bbe x22:1c008af0
15514850ns          280855 1c008af0 000026b7 lui              x13, 0x2000         x13=00002000
15514890ns          280857 1c008af2 f14027f3 csrrs            x15, x0, 0xf14      x15=00000002
15514910ns          280858 1c008af6 f8068693 addi             x13, x13, -128      x13=00001f80 x13:00002000
15514930ns          280859 1c008afa 00379713 slli             x14, x15, 0x3       x14=00000010 x15:00000002
15514950ns          280860 1c008afe 00279793 slli             x15, x15, 0x2       x15=00000008 x15:00000002
15514990ns          280862 1c008b00 00d7f7b3 and              x15, x15, x13       x15=00000000 x15:00000008 x13:00001f80
15515029ns          280864 1c008b02 ee873733 p.bclr           x14, x14, 23, 8     x14=00000010 x14:00000010
15515049ns          280865 1c008b06 1a10f6b7 lui              x13, 0x1a10f000     x13=1a10f000
15515069ns          280866 1c008b0a 0ff57513 andi             x10, x10, 255       x10=0000006b x10:0000006b
15515089ns          280867 1c008b0e 00d70733 add              x14, x14, x13       x14=1a10f010 x14:00000010 x13:1a10f000
15515109ns          280868 1c008b10 00a7e723 p.sw             x10, x0(x15)        x10:0000006b x15:00000000  PA:1a10f010
15515427ns          280884 1c008b14 00000513 addi             x10, x0, 0          x10=00000000
15515447ns          280885 1c008b16 00008067 jalr             x0, x1, 0            x1:1c008bbe
15515507ns          280888 1c008bbe 31f52563 p.beqimm         x10, 778            x10:00000000
15515527ns          280889 1c008bc2 001d8d93 addi             x27, x27, 1         x27=00000001 x27:00000000
15515547ns          280890 1c008bc4 00044503 lbu              x10, 0(x8)          x10=00000065  x8:1c000099  PA:1c000099
15515845ns          280905 1c008bc8 00140413 addi             x8, x8, 1            x8=1c00009a  x8:1c000099
15515865ns          280906 1c008bca fe0514e3 bne              x10, x0, -24        x10:00000065
15515944ns          280910 1c008bb2 02500793 addi             x15, x0, 37         x15=00000025
15515964ns          280911 1c008bb6 04f50863 beq              x10, x15, 80        x10:00000065 x15:00000025
15515984ns          280912 1c008bba 01a005b3 add              x11, x0, x26        x11=00000002 x26:00000002
15516004ns          280913 1c008bbc 000b00e7 jalr             x1, x22, 0           x1=1c008bbe x22:1c008af0
15516044ns          280915 1c008af0 000026b7 lui              x13, 0x2000         x13=00002000
15516064ns          280916 1c008af2 f14027f3 csrrs            x15, x0, 0xf14      x15=00000002
15516084ns          280917 1c008af6 f8068693 addi             x13, x13, -128      x13=00001f80 x13:00002000
15516104ns          280918 1c008afa 00379713 slli             x14, x15, 0x3       x14=00000010 x15:00000002
15516123ns          280919 1c008afe 00279793 slli             x15, x15, 0x2       x15=00000008 x15:00000002
15516143ns          280920 1c008b00 00d7f7b3 and              x15, x15, x13       x15=00000000 x15:00000008 x13:00001f80
15516163ns          280921 1c008b02 ee873733 p.bclr           x14, x14, 23, 8     x14=00000010 x14:00000010
15516183ns          280922 1c008b06 1a10f6b7 lui              x13, 0x1a10f000     x13=1a10f000
15516203ns          280923 1c008b0a 0ff57513 andi             x10, x10, 255       x10=00000065 x10:00000065
15516223ns          280924 1c008b0e 00d70733 add              x14, x14, x13       x14=1a10f010 x14:00000010 x13:1a10f000
15516243ns          280925 1c008b10 00a7e723 p.sw             x10, x0(x15)        x10:00000065 x15:00000000  PA:1a10f010
15516581ns          280942 1c008b14 00000513 addi             x10, x0, 0          x10=00000000
15516601ns          280943 1c008b16 00008067 jalr             x0, x1, 0            x1:1c008bbe
15516660ns          280946 1c008bbe 31f52563 p.beqimm         x10, 778            x10:00000000
15516680ns          280947 1c008bc2 001d8d93 addi             x27, x27, 1         x27=00000002 x27:00000001
15516700ns          280948 1c008bc4 00044503 lbu              x10, 0(x8)          x10=00000072  x8:1c00009a  PA:1c00009a
15516999ns          280963 1c008bc8 00140413 addi             x8, x8, 1            x8=1c00009b  x8:1c00009a
15517019ns          280964 1c008bca fe0514e3 bne              x10, x0, -24        x10:00000072
15517098ns          280968 1c008bb2 02500793 addi             x15, x0, 37         x15=00000025
15517118ns          280969 1c008bb6 04f50863 beq              x10, x15, 80        x10:00000072 x15:00000025
15517138ns          280970 1c008bba 01a005b3 add              x11, x0, x26        x11=00000002 x26:00000002
15517158ns          280971 1c008bbc 000b00e7 jalr             x1, x22, 0           x1=1c008bbe x22:1c008af0
15517198ns          280973 1c008af0 000026b7 lui              x13, 0x2000         x13=00002000
15517217ns          280974 1c008af2 f14027f3 csrrs            x15, x0, 0xf14      x15=00000002
15517237ns          280975 1c008af6 f8068693 addi             x13, x13, -128      x13=00001f80 x13:00002000
15517257ns          280976 1c008afa 00379713 slli             x14, x15, 0x3       x14=00000010 x15:00000002
15517277ns          280977 1c008afe 00279793 slli             x15, x15, 0x2       x15=00000008 x15:00000002
15517297ns          280978 1c008b00 00d7f7b3 and              x15, x15, x13       x15=00000000 x15:00000008 x13:00001f80
15517317ns          280979 1c008b02 ee873733 p.bclr           x14, x14, 23, 8     x14=00000010 x14:00000010
15517337ns          280980 1c008b06 1a10f6b7 lui              x13, 0x1a10f000     x13=1a10f000
15517357ns          280981 1c008b0a 0ff57513 andi             x10, x10, 255       x10=00000072 x10:00000072
15517377ns          280982 1c008b0e 00d70733 add              x14, x14, x13       x14=1a10f010 x14:00000010 x13:1a10f000
15517396ns          280983 1c008b10 00a7e723 p.sw             x10, x0(x15)        x10:00000072 x15:00000000  PA:1a10f010
15517715ns          280999 1c008b14 00000513 addi             x10, x0, 0          x10=00000000
15517735ns          281000 1c008b16 00008067 jalr             x0, x1, 0            x1:1c008bbe
15517794ns          281003 1c008bbe 31f52563 p.beqimm         x10, 778            x10:00000000
15517814ns          281004 1c008bc2 001d8d93 addi             x27, x27, 1         x27=00000003 x27:00000002
15517834ns          281005 1c008bc4 00044503 lbu              x10, 0(x8)          x10=0000006e  x8:1c00009b  PA:1c00009b
15518132ns          281020 1c008bc8 00140413 addi             x8, x8, 1            x8=1c00009c  x8:1c00009b
15518152ns          281021 1c008bca fe0514e3 bne              x10, x0, -24        x10:0000006e
15518232ns          281025 1c008bb2 02500793 addi             x15, x0, 37         x15=00000025
15518252ns          281026 1c008bb6 04f50863 beq              x10, x15, 80        x10:0000006e x15:00000025
15518272ns          281027 1c008bba 01a005b3 add              x11, x0, x26        x11=00000002 x26:00000002
15518292ns          281028 1c008bbc 000b00e7 jalr             x1, x22, 0           x1=1c008bbe x22:1c008af0
15518331ns          281030 1c008af0 000026b7 lui              x13, 0x2000         x13=00002000
15518351ns          281031 1c008af2 f14027f3 csrrs            x15, x0, 0xf14      x15=00000002
15518371ns          281032 1c008af6 f8068693 addi             x13, x13, -128      x13=00001f80 x13:00002000
15518391ns          281033 1c008afa 00379713 slli             x14, x15, 0x3       x14=00000010 x15:00000002
15518411ns          281034 1c008afe 00279793 slli             x15, x15, 0x2       x15=00000008 x15:00000002
15518431ns          281035 1c008b00 00d7f7b3 and              x15, x15, x13       x15=00000000 x15:00000008 x13:00001f80
15518451ns          281036 1c008b02 ee873733 p.bclr           x14, x14, 23, 8     x14=00000010 x14:00000010
15518471ns          281037 1c008b06 1a10f6b7 lui              x13, 0x1a10f000     x13=1a10f000
15518490ns          281038 1c008b0a 0ff57513 andi             x10, x10, 255       x10=0000006e x10:0000006e
15518510ns          281039 1c008b0e 00d70733 add              x14, x14, x13       x14=1a10f010 x14:00000010 x13:1a10f000
15518530ns          281040 1c008b10 00a7e723 p.sw             x10, x0(x15)        x10:0000006e x15:00000000  PA:1a10f010
15518848ns          281056 1c008b14 00000513 addi             x10, x0, 0          x10=00000000
15518868ns          281057 1c008b16 00008067 jalr             x0, x1, 0            x1:1c008bbe
15518928ns          281060 1c008bbe 31f52563 p.beqimm         x10, 778            x10:00000000
15518948ns          281061 1c008bc2 001d8d93 addi             x27, x27, 1         x27=00000004 x27:00000003
15518968ns          281062 1c008bc4 00044503 lbu              x10, 0(x8)          x10=00000065  x8:1c00009c  PA:1c00009c
15519286ns          281078 1c008bc8 00140413 addi             x8, x8, 1            x8=1c00009d  x8:1c00009c
15519306ns          281079 1c008bca fe0514e3 bne              x10, x0, -24        x10:00000065
15519386ns          281083 1c008bb2 02500793 addi             x15, x0, 37         x15=00000025
15519405ns          281084 1c008bb6 04f50863 beq              x10, x15, 80        x10:00000065 x15:00000025
15519425ns          281085 1c008bba 01a005b3 add              x11, x0, x26        x11=00000002 x26:00000002
15519445ns          281086 1c008bbc 000b00e7 jalr             x1, x22, 0           x1=1c008bbe x22:1c008af0
15519485ns          281088 1c008af0 000026b7 lui              x13, 0x2000         x13=00002000
15519505ns          281089 1c008af2 f14027f3 csrrs            x15, x0, 0xf14      x15=00000002
15519525ns          281090 1c008af6 f8068693 addi             x13, x13, -128      x13=00001f80 x13:00002000
15519545ns          281091 1c008afa 00379713 slli             x14, x15, 0x3       x14=00000010 x15:00000002
15519565ns          281092 1c008afe 00279793 slli             x15, x15, 0x2       x15=00000008 x15:00000002
15519584ns          281093 1c008b00 00d7f7b3 and              x15, x15, x13       x15=00000000 x15:00000008 x13:00001f80
15519604ns          281094 1c008b02 ee873733 p.bclr           x14, x14, 23, 8     x14=00000010 x14:00000010
15519624ns          281095 1c008b06 1a10f6b7 lui              x13, 0x1a10f000     x13=1a10f000
15519644ns          281096 1c008b0a 0ff57513 andi             x10, x10, 255       x10=00000065 x10:00000065
15519664ns          281097 1c008b0e 00d70733 add              x14, x14, x13       x14=1a10f010 x14:00000010 x13:1a10f000
15519684ns          281098 1c008b10 00a7e723 p.sw             x10, x0(x15)        x10:00000065 x15:00000000  PA:1a10f010
15520002ns          281114 1c008b14 00000513 addi             x10, x0, 0          x10=00000000
15520022ns          281115 1c008b16 00008067 jalr             x0, x1, 0            x1:1c008bbe
15520082ns          281118 1c008bbe 31f52563 p.beqimm         x10, 778            x10:00000000
15520102ns          281119 1c008bc2 001d8d93 addi             x27, x27, 1         x27=00000005 x27:00000004
15520121ns          281120 1c008bc4 00044503 lbu              x10, 0(x8)          x10=0000006c  x8:1c00009d  PA:1c00009d
15520420ns          281135 1c008bc8 00140413 addi             x8, x8, 1            x8=1c00009e  x8:1c00009d
15520440ns          281136 1c008bca fe0514e3 bne              x10, x0, -24        x10:0000006c
15520519ns          281140 1c008bb2 02500793 addi             x15, x0, 37         x15=00000025
15520539ns          281141 1c008bb6 04f50863 beq              x10, x15, 80        x10:0000006c x15:00000025
15520559ns          281142 1c008bba 01a005b3 add              x11, x0, x26        x11=00000002 x26:00000002
15520579ns          281143 1c008bbc 000b00e7 jalr             x1, x22, 0           x1=1c008bbe x22:1c008af0
15520619ns          281145 1c008af0 000026b7 lui              x13, 0x2000         x13=00002000
15520639ns          281146 1c008af2 f14027f3 csrrs            x15, x0, 0xf14      x15=00000002
15520659ns          281147 1c008af6 f8068693 addi             x13, x13, -128      x13=00001f80 x13:00002000
15520678ns          281148 1c008afa 00379713 slli             x14, x15, 0x3       x14=00000010 x15:00000002
15520698ns          281149 1c008afe 00279793 slli             x15, x15, 0x2       x15=00000008 x15:00000002
15520718ns          281150 1c008b00 00d7f7b3 and              x15, x15, x13       x15=00000000 x15:00000008 x13:00001f80
15520738ns          281151 1c008b02 ee873733 p.bclr           x14, x14, 23, 8     x14=00000010 x14:00000010
15520758ns          281152 1c008b06 1a10f6b7 lui              x13, 0x1a10f000     x13=1a10f000
15520778ns          281153 1c008b0a 0ff57513 andi             x10, x10, 255       x10=0000006c x10:0000006c
15520798ns          281154 1c008b0e 00d70733 add              x14, x14, x13       x14=1a10f010 x14:00000010 x13:1a10f000
15520818ns          281155 1c008b10 00a7e723 p.sw             x10, x0(x15)        x10:0000006c x15:00000000  PA:1a10f010
15521136ns          281171 1c008b14 00000513 addi             x10, x0, 0          x10=00000000
15521156ns          281172 1c008b16 00008067 jalr             x0, x1, 0            x1:1c008bbe
15521215ns          281175 1c008bbe 31f52563 p.beqimm         x10, 778            x10:00000000
15521235ns          281176 1c008bc2 001d8d93 addi             x27, x27, 1         x27=00000006 x27:00000005
15521255ns          281177 1c008bc4 00044503 lbu              x10, 0(x8)          x10=00000020  x8:1c00009e  PA:1c00009e
15521554ns          281192 1c008bc8 00140413 addi             x8, x8, 1            x8=1c00009f  x8:1c00009e
15521573ns          281193 1c008bca fe0514e3 bne              x10, x0, -24        x10:00000020
15521653ns          281197 1c008bb2 02500793 addi             x15, x0, 37         x15=00000025
15521673ns          281198 1c008bb6 04f50863 beq              x10, x15, 80        x10:00000020 x15:00000025
15521693ns          281199 1c008bba 01a005b3 add              x11, x0, x26        x11=00000002 x26:00000002
15521713ns          281200 1c008bbc 000b00e7 jalr             x1, x22, 0           x1=1c008bbe x22:1c008af0
15521753ns          281202 1c008af0 000026b7 lui              x13, 0x2000         x13=00002000
15521772ns          281203 1c008af2 f14027f3 csrrs            x15, x0, 0xf14      x15=00000002
15521792ns          281204 1c008af6 f8068693 addi             x13, x13, -128      x13=00001f80 x13:00002000
15521812ns          281205 1c008afa 00379713 slli             x14, x15, 0x3       x14=00000010 x15:00000002
15521832ns          281206 1c008afe 00279793 slli             x15, x15, 0x2       x15=00000008 x15:00000002
15521852ns          281207 1c008b00 00d7f7b3 and              x15, x15, x13       x15=00000000 x15:00000008 x13:00001f80
15521872ns          281208 1c008b02 ee873733 p.bclr           x14, x14, 23, 8     x14=00000010 x14:00000010
15521892ns          281209 1c008b06 1a10f6b7 lui              x13, 0x1a10f000     x13=1a10f000
15521912ns          281210 1c008b0a 0ff57513 andi             x10, x10, 255       x10=00000020 x10:00000020
15521932ns          281211 1c008b0e 00d70733 add              x14, x14, x13       x14=1a10f010 x14:00000010 x13:1a10f000
15521951ns          281212 1c008b10 00a7e723 p.sw             x10, x0(x15)        x10:00000020 x15:00000000  PA:1a10f010
15522270ns          281228 1c008b14 00000513 addi             x10, x0, 0          x10=00000000
15522290ns          281229 1c008b16 00008067 jalr             x0, x1, 0            x1:1c008bbe
15522349ns          281232 1c008bbe 31f52563 p.beqimm         x10, 778            x10:00000000
15522369ns          281233 1c008bc2 001d8d93 addi             x27, x27, 1         x27=00000007 x27:00000006
15522389ns          281234 1c008bc4 00044503 lbu              x10, 0(x8)          x10=00000070  x8:1c00009f  PA:1c00009f
15522707ns          281250 1c008bc8 00140413 addi             x8, x8, 1            x8=1c0000a0  x8:1c00009f
15522727ns          281251 1c008bca fe0514e3 bne              x10, x0, -24        x10:00000070
15522807ns          281255 1c008bb2 02500793 addi             x15, x0, 37         x15=00000025
15522827ns          281256 1c008bb6 04f50863 beq              x10, x15, 80        x10:00000070 x15:00000025
15522846ns          281257 1c008bba 01a005b3 add              x11, x0, x26        x11=00000002 x26:00000002
15522866ns          281258 1c008bbc 000b00e7 jalr             x1, x22, 0           x1=1c008bbe x22:1c008af0
15522906ns          281260 1c008af0 000026b7 lui              x13, 0x2000         x13=00002000
15522926ns          281261 1c008af2 f14027f3 csrrs            x15, x0, 0xf14      x15=00000002
15522946ns          281262 1c008af6 f8068693 addi             x13, x13, -128      x13=00001f80 x13:00002000
15522966ns          281263 1c008afa 00379713 slli             x14, x15, 0x3       x14=00000010 x15:00000002
15522986ns          281264 1c008afe 00279793 slli             x15, x15, 0x2       x15=00000008 x15:00000002
15523006ns          281265 1c008b00 00d7f7b3 and              x15, x15, x13       x15=00000000 x15:00000008 x13:00001f80
15523026ns          281266 1c008b02 ee873733 p.bclr           x14, x14, 23, 8     x14=00000010 x14:00000010
15523045ns          281267 1c008b06 1a10f6b7 lui              x13, 0x1a10f000     x13=1a10f000
15523065ns          281268 1c008b0a 0ff57513 andi             x10, x10, 255       x10=00000070 x10:00000070
15523085ns          281269 1c008b0e 00d70733 add              x14, x14, x13       x14=1a10f010 x14:00000010 x13:1a10f000
15523105ns          281270 1c008b10 00a7e723 p.sw             x10, x0(x15)        x10:00000070 x15:00000000  PA:1a10f010
15523423ns          281286 1c008b14 00000513 addi             x10, x0, 0          x10=00000000
15523443ns          281287 1c008b16 00008067 jalr             x0, x1, 0            x1:1c008bbe
15523503ns          281290 1c008bbe 31f52563 p.beqimm         x10, 778            x10:00000000
15523523ns          281291 1c008bc2 001d8d93 addi             x27, x27, 1         x27=00000008 x27:00000007
15523543ns          281292 1c008bc4 00044503 lbu              x10, 0(x8)          x10=00000061  x8:1c0000a0  PA:1c0000a0
15523841ns          281307 1c008bc8 00140413 addi             x8, x8, 1            x8=1c0000a1  x8:1c0000a0
15523861ns          281308 1c008bca fe0514e3 bne              x10, x0, -24        x10:00000061
15523940ns          281312 1c008bb2 02500793 addi             x15, x0, 37         x15=00000025
15523960ns          281313 1c008bb6 04f50863 beq              x10, x15, 80        x10:00000061 x15:00000025
15523980ns          281314 1c008bba 01a005b3 add              x11, x0, x26        x11=00000002 x26:00000002
15524000ns          281315 1c008bbc 000b00e7 jalr             x1, x22, 0           x1=1c008bbe x22:1c008af0
15524040ns          281317 1c008af0 000026b7 lui              x13, 0x2000         x13=00002000
15524060ns          281318 1c008af2 f14027f3 csrrs            x15, x0, 0xf14      x15=00000002
15524080ns          281319 1c008af6 f8068693 addi             x13, x13, -128      x13=00001f80 x13:00002000
15524100ns          281320 1c008afa 00379713 slli             x14, x15, 0x3       x14=00000010 x15:00000002
15524120ns          281321 1c008afe 00279793 slli             x15, x15, 0x2       x15=00000008 x15:00000002
15524139ns          281322 1c008b00 00d7f7b3 and              x15, x15, x13       x15=00000000 x15:00000008 x13:00001f80
15524159ns          281323 1c008b02 ee873733 p.bclr           x14, x14, 23, 8     x14=00000010 x14:00000010
15524179ns          281324 1c008b06 1a10f6b7 lui              x13, 0x1a10f000     x13=1a10f000
15524199ns          281325 1c008b0a 0ff57513 andi             x10, x10, 255       x10=00000061 x10:00000061
15524219ns          281326 1c008b0e 00d70733 add              x14, x14, x13       x14=1a10f010 x14:00000010 x13:1a10f000
15524239ns          281327 1c008b10 00a7e723 p.sw             x10, x0(x15)        x10:00000061 x15:00000000  PA:1a10f010
15524577ns          281344 1c008b14 00000513 addi             x10, x0, 0          x10=00000000
15524597ns          281345 1c008b16 00008067 jalr             x0, x1, 0            x1:1c008bbe
15524657ns          281348 1c008bbe 31f52563 p.beqimm         x10, 778            x10:00000000
15524676ns          281349 1c008bc2 001d8d93 addi             x27, x27, 1         x27=00000009 x27:00000008
15524696ns          281350 1c008bc4 00044503 lbu              x10, 0(x8)          x10=00000073  x8:1c0000a1  PA:1c0000a1
15524995ns          281365 1c008bc8 00140413 addi             x8, x8, 1            x8=1c0000a2  x8:1c0000a1
15525015ns          281366 1c008bca fe0514e3 bne              x10, x0, -24        x10:00000073
15525094ns          281370 1c008bb2 02500793 addi             x15, x0, 37         x15=00000025
15525114ns          281371 1c008bb6 04f50863 beq              x10, x15, 80        x10:00000073 x15:00000025
15525134ns          281372 1c008bba 01a005b3 add              x11, x0, x26        x11=00000002 x26:00000002
15525154ns          281373 1c008bbc 000b00e7 jalr             x1, x22, 0           x1=1c008bbe x22:1c008af0
15525194ns          281375 1c008af0 000026b7 lui              x13, 0x2000         x13=00002000
15525213ns          281376 1c008af2 f14027f3 csrrs            x15, x0, 0xf14      x15=00000002
15525233ns          281377 1c008af6 f8068693 addi             x13, x13, -128      x13=00001f80 x13:00002000
15525253ns          281378 1c008afa 00379713 slli             x14, x15, 0x3       x14=00000010 x15:00000002
15525273ns          281379 1c008afe 00279793 slli             x15, x15, 0x2       x15=00000008 x15:00000002
15525293ns          281380 1c008b00 00d7f7b3 and              x15, x15, x13       x15=00000000 x15:00000008 x13:00001f80
15525313ns          281381 1c008b02 ee873733 p.bclr           x14, x14, 23, 8     x14=00000010 x14:00000010
15525333ns          281382 1c008b06 1a10f6b7 lui              x13, 0x1a10f000     x13=1a10f000
15525353ns          281383 1c008b0a 0ff57513 andi             x10, x10, 255       x10=00000073 x10:00000073
15525373ns          281384 1c008b0e 00d70733 add              x14, x14, x13       x14=1a10f010 x14:00000010 x13:1a10f000
15525393ns          281385 1c008b10 00a7e723 p.sw             x10, x0(x15)        x10:00000073 x15:00000000  PA:1a10f010
15525711ns          281401 1c008b14 00000513 addi             x10, x0, 0          x10=00000000
15525731ns          281402 1c008b16 00008067 jalr             x0, x1, 0            x1:1c008bbe
15525790ns          281405 1c008bbe 31f52563 p.beqimm         x10, 778            x10:00000000
15525810ns          281406 1c008bc2 001d8d93 addi             x27, x27, 1         x27=0000000a x27:00000009
15525830ns          281407 1c008bc4 00044503 lbu              x10, 0(x8)          x10=00000073  x8:1c0000a2  PA:1c0000a2
15526128ns          281422 1c008bc8 00140413 addi             x8, x8, 1            x8=1c0000a3  x8:1c0000a2
15526148ns          281423 1c008bca fe0514e3 bne              x10, x0, -24        x10:00000073
15526228ns          281427 1c008bb2 02500793 addi             x15, x0, 37         x15=00000025
15526248ns          281428 1c008bb6 04f50863 beq              x10, x15, 80        x10:00000073 x15:00000025
15526268ns          281429 1c008bba 01a005b3 add              x11, x0, x26        x11=00000002 x26:00000002
15526288ns          281430 1c008bbc 000b00e7 jalr             x1, x22, 0           x1=1c008bbe x22:1c008af0
15526327ns          281432 1c008af0 000026b7 lui              x13, 0x2000         x13=00002000
15526347ns          281433 1c008af2 f14027f3 csrrs            x15, x0, 0xf14      x15=00000002
15526367ns          281434 1c008af6 f8068693 addi             x13, x13, -128      x13=00001f80 x13:00002000
15526387ns          281435 1c008afa 00379713 slli             x14, x15, 0x3       x14=00000010 x15:00000002
15526407ns          281436 1c008afe 00279793 slli             x15, x15, 0x2       x15=00000008 x15:00000002
15526427ns          281437 1c008b00 00d7f7b3 and              x15, x15, x13       x15=00000000 x15:00000008 x13:00001f80
15526447ns          281438 1c008b02 ee873733 p.bclr           x14, x14, 23, 8     x14=00000010 x14:00000010
15526467ns          281439 1c008b06 1a10f6b7 lui              x13, 0x1a10f000     x13=1a10f000
15526487ns          281440 1c008b0a 0ff57513 andi             x10, x10, 255       x10=00000073 x10:00000073
15526506ns          281441 1c008b0e 00d70733 add              x14, x14, x13       x14=1a10f010 x14:00000010 x13:1a10f000
15526526ns          281442 1c008b10 00a7e723 p.sw             x10, x0(x15)        x10:00000073 x15:00000000  PA:1a10f010
15526845ns          281458 1c008b14 00000513 addi             x10, x0, 0          x10=00000000
15526864ns          281459 1c008b16 00008067 jalr             x0, x1, 0            x1:1c008bbe
15526924ns          281462 1c008bbe 31f52563 p.beqimm         x10, 778            x10:00000000
15526944ns          281463 1c008bc2 001d8d93 addi             x27, x27, 1         x27=0000000b x27:0000000a
15526964ns          281464 1c008bc4 00044503 lbu              x10, 0(x8)          x10=00000065  x8:1c0000a3  PA:1c0000a3
15527282ns          281480 1c008bc8 00140413 addi             x8, x8, 1            x8=1c0000a4  x8:1c0000a3
15527302ns          281481 1c008bca fe0514e3 bne              x10, x0, -24        x10:00000065
15527382ns          281485 1c008bb2 02500793 addi             x15, x0, 37         x15=00000025
15527401ns          281486 1c008bb6 04f50863 beq              x10, x15, 80        x10:00000065 x15:00000025
15527421ns          281487 1c008bba 01a005b3 add              x11, x0, x26        x11=00000002 x26:00000002
15527441ns          281488 1c008bbc 000b00e7 jalr             x1, x22, 0           x1=1c008bbe x22:1c008af0
15527481ns          281490 1c008af0 000026b7 lui              x13, 0x2000         x13=00002000
15527501ns          281491 1c008af2 f14027f3 csrrs            x15, x0, 0xf14      x15=00000002
15527521ns          281492 1c008af6 f8068693 addi             x13, x13, -128      x13=00001f80 x13:00002000
15527541ns          281493 1c008afa 00379713 slli             x14, x15, 0x3       x14=00000010 x15:00000002
15527561ns          281494 1c008afe 00279793 slli             x15, x15, 0x2       x15=00000008 x15:00000002
15527580ns          281495 1c008b00 00d7f7b3 and              x15, x15, x13       x15=00000000 x15:00000008 x13:00001f80
15527600ns          281496 1c008b02 ee873733 p.bclr           x14, x14, 23, 8     x14=00000010 x14:00000010
15527620ns          281497 1c008b06 1a10f6b7 lui              x13, 0x1a10f000     x13=1a10f000
15527640ns          281498 1c008b0a 0ff57513 andi             x10, x10, 255       x10=00000065 x10:00000065
15527660ns          281499 1c008b0e 00d70733 add              x14, x14, x13       x14=1a10f010 x14:00000010 x13:1a10f000
15527680ns          281500 1c008b10 00a7e723 p.sw             x10, x0(x15)        x10:00000065 x15:00000000  PA:1a10f010
15527998ns          281516 1c008b14 00000513 addi             x10, x0, 0          x10=00000000
15528018ns          281517 1c008b16 00008067 jalr             x0, x1, 0            x1:1c008bbe
15528078ns          281520 1c008bbe 31f52563 p.beqimm         x10, 778            x10:00000000
15528098ns          281521 1c008bc2 001d8d93 addi             x27, x27, 1         x27=0000000c x27:0000000b
15528118ns          281522 1c008bc4 00044503 lbu              x10, 0(x8)          x10=00000064  x8:1c0000a4  PA:1c0000a4
15528416ns          281537 1c008bc8 00140413 addi             x8, x8, 1            x8=1c0000a5  x8:1c0000a4
15528436ns          281538 1c008bca fe0514e3 bne              x10, x0, -24        x10:00000064
15528515ns          281542 1c008bb2 02500793 addi             x15, x0, 37         x15=00000025
15528535ns          281543 1c008bb6 04f50863 beq              x10, x15, 80        x10:00000064 x15:00000025
15528555ns          281544 1c008bba 01a005b3 add              x11, x0, x26        x11=00000002 x26:00000002
15528575ns          281545 1c008bbc 000b00e7 jalr             x1, x22, 0           x1=1c008bbe x22:1c008af0
15528615ns          281547 1c008af0 000026b7 lui              x13, 0x2000         x13=00002000
15528635ns          281548 1c008af2 f14027f3 csrrs            x15, x0, 0xf14      x15=00000002
15528655ns          281549 1c008af6 f8068693 addi             x13, x13, -128      x13=00001f80 x13:00002000
15528674ns          281550 1c008afa 00379713 slli             x14, x15, 0x3       x14=00000010 x15:00000002
15528694ns          281551 1c008afe 00279793 slli             x15, x15, 0x2       x15=00000008 x15:00000002
15528714ns          281552 1c008b00 00d7f7b3 and              x15, x15, x13       x15=00000000 x15:00000008 x13:00001f80
15528734ns          281553 1c008b02 ee873733 p.bclr           x14, x14, 23, 8     x14=00000010 x14:00000010
15528754ns          281554 1c008b06 1a10f6b7 lui              x13, 0x1a10f000     x13=1a10f000
15528774ns          281555 1c008b0a 0ff57513 andi             x10, x10, 255       x10=00000064 x10:00000064
15528794ns          281556 1c008b0e 00d70733 add              x14, x14, x13       x14=1a10f010 x14:00000010 x13:1a10f000
15528814ns          281557 1c008b10 00a7e723 p.sw             x10, x0(x15)        x10:00000064 x15:00000000  PA:1a10f010
15529132ns          281573 1c008b14 00000513 addi             x10, x0, 0          x10=00000000
15529152ns          281574 1c008b16 00008067 jalr             x0, x1, 0            x1:1c008bbe
15529212ns          281577 1c008bbe 31f52563 p.beqimm         x10, 778            x10:00000000
15529231ns          281578 1c008bc2 001d8d93 addi             x27, x27, 1         x27=0000000d x27:0000000c
15529251ns          281579 1c008bc4 00044503 lbu              x10, 0(x8)          x10=00000020  x8:1c0000a5  PA:1c0000a5
15529550ns          281594 1c008bc8 00140413 addi             x8, x8, 1            x8=1c0000a6  x8:1c0000a5
15529570ns          281595 1c008bca fe0514e3 bne              x10, x0, -24        x10:00000020
15529649ns          281599 1c008bb2 02500793 addi             x15, x0, 37         x15=00000025
15529669ns          281600 1c008bb6 04f50863 beq              x10, x15, 80        x10:00000020 x15:00000025
15529689ns          281601 1c008bba 01a005b3 add              x11, x0, x26        x11=00000002 x26:00000002
15529709ns          281602 1c008bbc 000b00e7 jalr             x1, x22, 0           x1=1c008bbe x22:1c008af0
15529749ns          281604 1c008af0 000026b7 lui              x13, 0x2000         x13=00002000
15529768ns          281605 1c008af2 f14027f3 csrrs            x15, x0, 0xf14      x15=00000002
15529788ns          281606 1c008af6 f8068693 addi             x13, x13, -128      x13=00001f80 x13:00002000
15529808ns          281607 1c008afa 00379713 slli             x14, x15, 0x3       x14=00000010 x15:00000002
15529828ns          281608 1c008afe 00279793 slli             x15, x15, 0x2       x15=00000008 x15:00000002
15529848ns          281609 1c008b00 00d7f7b3 and              x15, x15, x13       x15=00000000 x15:00000008 x13:00001f80
15529868ns          281610 1c008b02 ee873733 p.bclr           x14, x14, 23, 8     x14=00000010 x14:00000010
15529888ns          281611 1c008b06 1a10f6b7 lui              x13, 0x1a10f000     x13=1a10f000
15529908ns          281612 1c008b0a 0ff57513 andi             x10, x10, 255       x10=00000020 x10:00000020
15529928ns          281613 1c008b0e 00d70733 add              x14, x14, x13       x14=1a10f010 x14:00000010 x13:1a10f000
15529947ns          281614 1c008b10 00a7e723 p.sw             x10, x0(x15)        x10:00000020 x15:00000000  PA:1a10f010
15530266ns          281630 1c008b14 00000513 addi             x10, x0, 0          x10=00000000
15530286ns          281631 1c008b16 00008067 jalr             x0, x1, 0            x1:1c008bbe
15530345ns          281634 1c008bbe 31f52563 p.beqimm         x10, 778            x10:00000000
15530365ns          281635 1c008bc2 001d8d93 addi             x27, x27, 1         x27=0000000e x27:0000000d
15530385ns          281636 1c008bc4 00044503 lbu              x10, 0(x8)          x10=0000006f  x8:1c0000a6  PA:1c0000a6
15530703ns          281652 1c008bc8 00140413 addi             x8, x8, 1            x8=1c0000a7  x8:1c0000a6
15530723ns          281653 1c008bca fe0514e3 bne              x10, x0, -24        x10:0000006f
15530803ns          281657 1c008bb2 02500793 addi             x15, x0, 37         x15=00000025
15530823ns          281658 1c008bb6 04f50863 beq              x10, x15, 80        x10:0000006f x15:00000025
15530843ns          281659 1c008bba 01a005b3 add              x11, x0, x26        x11=00000002 x26:00000002
15530862ns          281660 1c008bbc 000b00e7 jalr             x1, x22, 0           x1=1c008bbe x22:1c008af0
15530902ns          281662 1c008af0 000026b7 lui              x13, 0x2000         x13=00002000
15530922ns          281663 1c008af2 f14027f3 csrrs            x15, x0, 0xf14      x15=00000002
15530942ns          281664 1c008af6 f8068693 addi             x13, x13, -128      x13=00001f80 x13:00002000
15530962ns          281665 1c008afa 00379713 slli             x14, x15, 0x3       x14=00000010 x15:00000002
15530982ns          281666 1c008afe 00279793 slli             x15, x15, 0x2       x15=00000008 x15:00000002
15531002ns          281667 1c008b00 00d7f7b3 and              x15, x15, x13       x15=00000000 x15:00000008 x13:00001f80
15531022ns          281668 1c008b02 ee873733 p.bclr           x14, x14, 23, 8     x14=00000010 x14:00000010
15531041ns          281669 1c008b06 1a10f6b7 lui              x13, 0x1a10f000     x13=1a10f000
15531061ns          281670 1c008b0a 0ff57513 andi             x10, x10, 255       x10=0000006f x10:0000006f
15531081ns          281671 1c008b0e 00d70733 add              x14, x14, x13       x14=1a10f010 x14:00000010 x13:1a10f000
15531101ns          281672 1c008b10 00a7e723 p.sw             x10, x0(x15)        x10:0000006f x15:00000000  PA:1a10f010
15531419ns          281688 1c008b14 00000513 addi             x10, x0, 0          x10=00000000
15531439ns          281689 1c008b16 00008067 jalr             x0, x1, 0            x1:1c008bbe
15531499ns          281692 1c008bbe 31f52563 p.beqimm         x10, 778            x10:00000000
15531519ns          281693 1c008bc2 001d8d93 addi             x27, x27, 1         x27=0000000f x27:0000000e
15531539ns          281694 1c008bc4 00044503 lbu              x10, 0(x8)          x10=0000006e  x8:1c0000a7  PA:1c0000a7
15531837ns          281709 1c008bc8 00140413 addi             x8, x8, 1            x8=1c0000a8  x8:1c0000a7
15531857ns          281710 1c008bca fe0514e3 bne              x10, x0, -24        x10:0000006e
15531937ns          281714 1c008bb2 02500793 addi             x15, x0, 37         x15=00000025
15531956ns          281715 1c008bb6 04f50863 beq              x10, x15, 80        x10:0000006e x15:00000025
15531976ns          281716 1c008bba 01a005b3 add              x11, x0, x26        x11=00000002 x26:00000002
15531996ns          281717 1c008bbc 000b00e7 jalr             x1, x22, 0           x1=1c008bbe x22:1c008af0
15532036ns          281719 1c008af0 000026b7 lui              x13, 0x2000         x13=00002000
15532056ns          281720 1c008af2 f14027f3 csrrs            x15, x0, 0xf14      x15=00000002
15532076ns          281721 1c008af6 f8068693 addi             x13, x13, -128      x13=00001f80 x13:00002000
15532096ns          281722 1c008afa 00379713 slli             x14, x15, 0x3       x14=00000010 x15:00000002
15532116ns          281723 1c008afe 00279793 slli             x15, x15, 0x2       x15=00000008 x15:00000002
15532135ns          281724 1c008b00 00d7f7b3 and              x15, x15, x13       x15=00000000 x15:00000008 x13:00001f80
15532155ns          281725 1c008b02 ee873733 p.bclr           x14, x14, 23, 8     x14=00000010 x14:00000010
15532175ns          281726 1c008b06 1a10f6b7 lui              x13, 0x1a10f000     x13=1a10f000
15532195ns          281727 1c008b0a 0ff57513 andi             x10, x10, 255       x10=0000006e x10:0000006e
15532215ns          281728 1c008b0e 00d70733 add              x14, x14, x13       x14=1a10f010 x14:00000010 x13:1a10f000
15532235ns          281729 1c008b10 00a7e723 p.sw             x10, x0(x15)        x10:0000006e x15:00000000  PA:1a10f010
15532573ns          281746 1c008b14 00000513 addi             x10, x0, 0          x10=00000000
15532593ns          281747 1c008b16 00008067 jalr             x0, x1, 0            x1:1c008bbe
15532653ns          281750 1c008bbe 31f52563 p.beqimm         x10, 778            x10:00000000
15532673ns          281751 1c008bc2 001d8d93 addi             x27, x27, 1         x27=00000010 x27:0000000f
15532692ns          281752 1c008bc4 00044503 lbu              x10, 0(x8)          x10=00000020  x8:1c0000a8  PA:1c0000a8
15532991ns          281767 1c008bc8 00140413 addi             x8, x8, 1            x8=1c0000a9  x8:1c0000a8
15533011ns          281768 1c008bca fe0514e3 bne              x10, x0, -24        x10:00000020
15533090ns          281772 1c008bb2 02500793 addi             x15, x0, 37         x15=00000025
15533110ns          281773 1c008bb6 04f50863 beq              x10, x15, 80        x10:00000020 x15:00000025
15533130ns          281774 1c008bba 01a005b3 add              x11, x0, x26        x11=00000002 x26:00000002
15533150ns          281775 1c008bbc 000b00e7 jalr             x1, x22, 0           x1=1c008bbe x22:1c008af0
15533190ns          281777 1c008af0 000026b7 lui              x13, 0x2000         x13=00002000
15533210ns          281778 1c008af2 f14027f3 csrrs            x15, x0, 0xf14      x15=00000002
15533230ns          281779 1c008af6 f8068693 addi             x13, x13, -128      x13=00001f80 x13:00002000
15533250ns          281780 1c008afa 00379713 slli             x14, x15, 0x3       x14=00000010 x15:00000002
15533270ns          281781 1c008afe 00279793 slli             x15, x15, 0x2       x15=00000008 x15:00000002
15533290ns          281782 1c008b00 00d7f7b3 and              x15, x15, x13       x15=00000000 x15:00000008 x13:00001f80
15533310ns          281783 1c008b02 ee873733 p.bclr           x14, x14, 23, 8     x14=00000010 x14:00000010
15533330ns          281784 1c008b06 1a10f6b7 lui              x13, 0x1a10f000     x13=1a10f000
15533351ns          281785 1c008b0a 0ff57513 andi             x10, x10, 255       x10=00000020 x10:00000020
15533371ns          281786 1c008b0e 00d70733 add              x14, x14, x13       x14=1a10f010 x14:00000010 x13:1a10f000
15533391ns          281787 1c008b10 00a7e723 p.sw             x10, x0(x15)        x10:00000020 x15:00000000  PA:1a10f010
15533712ns          281803 1c008b14 00000513 addi             x10, x0, 0          x10=00000000
15533732ns          281804 1c008b16 00008067 jalr             x0, x1, 0            x1:1c008bbe
15533792ns          281807 1c008bbe 31f52563 p.beqimm         x10, 778            x10:00000000
15533812ns          281808 1c008bc2 001d8d93 addi             x27, x27, 1         x27=00000011 x27:00000010
15533832ns          281809 1c008bc4 00044503 lbu              x10, 0(x8)          x10=00000063  x8:1c0000a9  PA:1c0000a9
15534153ns          281825 1c008bc8 00140413 addi             x8, x8, 1            x8=1c0000aa  x8:1c0000a9
15534173ns          281826 1c008bca fe0514e3 bne              x10, x0, -24        x10:00000063
15534253ns          281830 1c008bb2 02500793 addi             x15, x0, 37         x15=00000025
15534274ns          281831 1c008bb6 04f50863 beq              x10, x15, 80        x10:00000063 x15:00000025
15534294ns          281832 1c008bba 01a005b3 add              x11, x0, x26        x11=00000002 x26:00000002
15534314ns          281833 1c008bbc 000b00e7 jalr             x1, x22, 0           x1=1c008bbe x22:1c008af0
15534354ns          281835 1c008af0 000026b7 lui              x13, 0x2000         x13=00002000
15534374ns          281836 1c008af2 f14027f3 csrrs            x15, x0, 0xf14      x15=00000002
15534394ns          281837 1c008af6 f8068693 addi             x13, x13, -128      x13=00001f80 x13:00002000
15534414ns          281838 1c008afa 00379713 slli             x14, x15, 0x3       x14=00000010 x15:00000002
15534434ns          281839 1c008afe 00279793 slli             x15, x15, 0x2       x15=00000008 x15:00000002
15534454ns          281840 1c008b00 00d7f7b3 and              x15, x15, x13       x15=00000000 x15:00000008 x13:00001f80
15534474ns          281841 1c008b02 ee873733 p.bclr           x14, x14, 23, 8     x14=00000010 x14:00000010
15534494ns          281842 1c008b06 1a10f6b7 lui              x13, 0x1a10f000     x13=1a10f000
15534514ns          281843 1c008b0a 0ff57513 andi             x10, x10, 255       x10=00000063 x10:00000063
15534534ns          281844 1c008b0e 00d70733 add              x14, x14, x13       x14=1a10f010 x14:00000010 x13:1a10f000
15534554ns          281845 1c008b10 00a7e723 p.sw             x10, x0(x15)        x10:00000063 x15:00000000  PA:1a10f010
15534875ns          281861 1c008b14 00000513 addi             x10, x0, 0          x10=00000000
15534896ns          281862 1c008b16 00008067 jalr             x0, x1, 0            x1:1c008bbe
15534956ns          281865 1c008bbe 31f52563 p.beqimm         x10, 778            x10:00000000
15534976ns          281866 1c008bc2 001d8d93 addi             x27, x27, 1         x27=00000012 x27:00000011
15534996ns          281867 1c008bc4 00044503 lbu              x10, 0(x8)          x10=0000006f  x8:1c0000aa  PA:1c0000aa
15535297ns          281882 1c008bc8 00140413 addi             x8, x8, 1            x8=1c0000ab  x8:1c0000aa
15535317ns          281883 1c008bca fe0514e3 bne              x10, x0, -24        x10:0000006f
15535397ns          281887 1c008bb2 02500793 addi             x15, x0, 37         x15=00000025
15535417ns          281888 1c008bb6 04f50863 beq              x10, x15, 80        x10:0000006f x15:00000025
15535437ns          281889 1c008bba 01a005b3 add              x11, x0, x26        x11=00000002 x26:00000002
15535457ns          281890 1c008bbc 000b00e7 jalr             x1, x22, 0           x1=1c008bbe x22:1c008af0
15535497ns          281892 1c008af0 000026b7 lui              x13, 0x2000         x13=00002000
15535518ns          281893 1c008af2 f14027f3 csrrs            x15, x0, 0xf14      x15=00000002
15535538ns          281894 1c008af6 f8068693 addi             x13, x13, -128      x13=00001f80 x13:00002000
15535558ns          281895 1c008afa 00379713 slli             x14, x15, 0x3       x14=00000010 x15:00000002
15535578ns          281896 1c008afe 00279793 slli             x15, x15, 0x2       x15=00000008 x15:00000002
15535598ns          281897 1c008b00 00d7f7b3 and              x15, x15, x13       x15=00000000 x15:00000008 x13:00001f80
15535618ns          281898 1c008b02 ee873733 p.bclr           x14, x14, 23, 8     x14=00000010 x14:00000010
15535638ns          281899 1c008b06 1a10f6b7 lui              x13, 0x1a10f000     x13=1a10f000
15535658ns          281900 1c008b0a 0ff57513 andi             x10, x10, 255       x10=0000006f x10:0000006f
15535678ns          281901 1c008b0e 00d70733 add              x14, x14, x13       x14=1a10f010 x14:00000010 x13:1a10f000
15535698ns          281902 1c008b10 00a7e723 p.sw             x10, x0(x15)        x10:0000006f x15:00000000  PA:1a10f010
15536019ns          281918 1c008b14 00000513 addi             x10, x0, 0          x10=00000000
15536039ns          281919 1c008b16 00008067 jalr             x0, x1, 0            x1:1c008bbe
15536099ns          281922 1c008bbe 31f52563 p.beqimm         x10, 778            x10:00000000
15536120ns          281923 1c008bc2 001d8d93 addi             x27, x27, 1         x27=00000013 x27:00000012
15536140ns          281924 1c008bc4 00044503 lbu              x10, 0(x8)          x10=00000072  x8:1c0000ab  PA:1c0000ab
15536441ns          281939 1c008bc8 00140413 addi             x8, x8, 1            x8=1c0000ac  x8:1c0000ab
15536461ns          281940 1c008bca fe0514e3 bne              x10, x0, -24        x10:00000072
15536541ns          281944 1c008bb2 02500793 addi             x15, x0, 37         x15=00000025
15536561ns          281945 1c008bb6 04f50863 beq              x10, x15, 80        x10:00000072 x15:00000025
15536581ns          281946 1c008bba 01a005b3 add              x11, x0, x26        x11=00000002 x26:00000002
15536601ns          281947 1c008bbc 000b00e7 jalr             x1, x22, 0           x1=1c008bbe x22:1c008af0
15536641ns          281949 1c008af0 000026b7 lui              x13, 0x2000         x13=00002000
15536661ns          281950 1c008af2 f14027f3 csrrs            x15, x0, 0xf14      x15=00000002
15536681ns          281951 1c008af6 f8068693 addi             x13, x13, -128      x13=00001f80 x13:00002000
15536701ns          281952 1c008afa 00379713 slli             x14, x15, 0x3       x14=00000010 x15:00000002
15536721ns          281953 1c008afe 00279793 slli             x15, x15, 0x2       x15=00000008 x15:00000002
15536742ns          281954 1c008b00 00d7f7b3 and              x15, x15, x13       x15=00000000 x15:00000008 x13:00001f80
15536762ns          281955 1c008b02 ee873733 p.bclr           x14, x14, 23, 8     x14=00000010 x14:00000010
15536782ns          281956 1c008b06 1a10f6b7 lui              x13, 0x1a10f000     x13=1a10f000
15536802ns          281957 1c008b0a 0ff57513 andi             x10, x10, 255       x10=00000072 x10:00000072
15536822ns          281958 1c008b0e 00d70733 add              x14, x14, x13       x14=1a10f010 x14:00000010 x13:1a10f000
15536842ns          281959 1c008b10 00a7e723 p.sw             x10, x0(x15)        x10:00000072 x15:00000000  PA:1a10f010
15537163ns          281975 1c008b14 00000513 addi             x10, x0, 0          x10=00000000
15537183ns          281976 1c008b16 00008067 jalr             x0, x1, 0            x1:1c008bbe
15537243ns          281979 1c008bbe 31f52563 p.beqimm         x10, 778            x10:00000000
15537263ns          281980 1c008bc2 001d8d93 addi             x27, x27, 1         x27=00000014 x27:00000013
15537283ns          281981 1c008bc4 00044503 lbu              x10, 0(x8)          x10=00000065  x8:1c0000ac  PA:1c0000ac
15537604ns          281997 1c008bc8 00140413 addi             x8, x8, 1            x8=1c0000ad  x8:1c0000ac
15537624ns          281998 1c008bca fe0514e3 bne              x10, x0, -24        x10:00000065
15537705ns          282002 1c008bb2 02500793 addi             x15, x0, 37         x15=00000025
15537725ns          282003 1c008bb6 04f50863 beq              x10, x15, 80        x10:00000065 x15:00000025
15537745ns          282004 1c008bba 01a005b3 add              x11, x0, x26        x11=00000002 x26:00000002
15537765ns          282005 1c008bbc 000b00e7 jalr             x1, x22, 0           x1=1c008bbe x22:1c008af0
15537805ns          282007 1c008af0 000026b7 lui              x13, 0x2000         x13=00002000
15537825ns          282008 1c008af2 f14027f3 csrrs            x15, x0, 0xf14      x15=00000002
15537845ns          282009 1c008af6 f8068693 addi             x13, x13, -128      x13=00001f80 x13:00002000
15537865ns          282010 1c008afa 00379713 slli             x14, x15, 0x3       x14=00000010 x15:00000002
15537885ns          282011 1c008afe 00279793 slli             x15, x15, 0x2       x15=00000008 x15:00000002
15537905ns          282012 1c008b00 00d7f7b3 and              x15, x15, x13       x15=00000000 x15:00000008 x13:00001f80
15537925ns          282013 1c008b02 ee873733 p.bclr           x14, x14, 23, 8     x14=00000010 x14:00000010
15537945ns          282014 1c008b06 1a10f6b7 lui              x13, 0x1a10f000     x13=1a10f000
15537966ns          282015 1c008b0a 0ff57513 andi             x10, x10, 255       x10=00000065 x10:00000065
15537986ns          282016 1c008b0e 00d70733 add              x14, x14, x13       x14=1a10f010 x14:00000010 x13:1a10f000
15538006ns          282017 1c008b10 00a7e723 p.sw             x10, x0(x15)        x10:00000065 x15:00000000  PA:1a10f010
15538327ns          282033 1c008b14 00000513 addi             x10, x0, 0          x10=00000000
15538347ns          282034 1c008b16 00008067 jalr             x0, x1, 0            x1:1c008bbe
15538407ns          282037 1c008bbe 31f52563 p.beqimm         x10, 778            x10:00000000
15538427ns          282038 1c008bc2 001d8d93 addi             x27, x27, 1         x27=00000015 x27:00000014
15538447ns          282039 1c008bc4 00044503 lbu              x10, 0(x8)          x10=00000020  x8:1c0000ad  PA:1c0000ad
15538748ns          282054 1c008bc8 00140413 addi             x8, x8, 1            x8=1c0000ae  x8:1c0000ad
15538768ns          282055 1c008bca fe0514e3 bne              x10, x0, -24        x10:00000020
15538848ns          282059 1c008bb2 02500793 addi             x15, x0, 37         x15=00000025
15538868ns          282060 1c008bb6 04f50863 beq              x10, x15, 80        x10:00000020 x15:00000025
15538889ns          282061 1c008bba 01a005b3 add              x11, x0, x26        x11=00000002 x26:00000002
15538909ns          282062 1c008bbc 000b00e7 jalr             x1, x22, 0           x1=1c008bbe x22:1c008af0
15538949ns          282064 1c008af0 000026b7 lui              x13, 0x2000         x13=00002000
15538969ns          282065 1c008af2 f14027f3 csrrs            x15, x0, 0xf14      x15=00000002
15538989ns          282066 1c008af6 f8068693 addi             x13, x13, -128      x13=00001f80 x13:00002000
15539009ns          282067 1c008afa 00379713 slli             x14, x15, 0x3       x14=00000010 x15:00000002
15539029ns          282068 1c008afe 00279793 slli             x15, x15, 0x2       x15=00000008 x15:00000002
15539049ns          282069 1c008b00 00d7f7b3 and              x15, x15, x13       x15=00000000 x15:00000008 x13:00001f80
15539069ns          282070 1c008b02 ee873733 p.bclr           x14, x14, 23, 8     x14=00000010 x14:00000010
15539089ns          282071 1c008b06 1a10f6b7 lui              x13, 0x1a10f000     x13=1a10f000
15539109ns          282072 1c008b0a 0ff57513 andi             x10, x10, 255       x10=00000020 x10:00000020
15539129ns          282073 1c008b0e 00d70733 add              x14, x14, x13       x14=1a10f010 x14:00000010 x13:1a10f000
15539149ns          282074 1c008b10 00a7e723 p.sw             x10, x0(x15)        x10:00000020 x15:00000000  PA:1a10f010
15539470ns          282090 1c008b14 00000513 addi             x10, x0, 0          x10=00000000
15539491ns          282091 1c008b16 00008067 jalr             x0, x1, 0            x1:1c008bbe
15539551ns          282094 1c008bbe 31f52563 p.beqimm         x10, 778            x10:00000000
15539571ns          282095 1c008bc2 001d8d93 addi             x27, x27, 1         x27=00000016 x27:00000015
15539591ns          282096 1c008bc4 00044503 lbu              x10, 0(x8)          x10=00000020  x8:1c0000ae  PA:1c0000ae
15539892ns          282111 1c008bc8 00140413 addi             x8, x8, 1            x8=1c0000af  x8:1c0000ae
15539912ns          282112 1c008bca fe0514e3 bne              x10, x0, -24        x10:00000020
15539992ns          282116 1c008bb2 02500793 addi             x15, x0, 37         x15=00000025
15540012ns          282117 1c008bb6 04f50863 beq              x10, x15, 80        x10:00000020 x15:00000025
15540032ns          282118 1c008bba 01a005b3 add              x11, x0, x26        x11=00000002 x26:00000002
15540052ns          282119 1c008bbc 000b00e7 jalr             x1, x22, 0           x1=1c008bbe x22:1c008af0
15540092ns          282121 1c008af0 000026b7 lui              x13, 0x2000         x13=00002000
15540113ns          282122 1c008af2 f14027f3 csrrs            x15, x0, 0xf14      x15=00000002
15540133ns          282123 1c008af6 f8068693 addi             x13, x13, -128      x13=00001f80 x13:00002000
15540153ns          282124 1c008afa 00379713 slli             x14, x15, 0x3       x14=00000010 x15:00000002
15540173ns          282125 1c008afe 00279793 slli             x15, x15, 0x2       x15=00000008 x15:00000002
15540193ns          282126 1c008b00 00d7f7b3 and              x15, x15, x13       x15=00000000 x15:00000008 x13:00001f80
15540213ns          282127 1c008b02 ee873733 p.bclr           x14, x14, 23, 8     x14=00000010 x14:00000010
15540233ns          282128 1c008b06 1a10f6b7 lui              x13, 0x1a10f000     x13=1a10f000
15540253ns          282129 1c008b0a 0ff57513 andi             x10, x10, 255       x10=00000020 x10:00000020
15540273ns          282130 1c008b0e 00d70733 add              x14, x14, x13       x14=1a10f010 x14:00000010 x13:1a10f000
15540293ns          282131 1c008b10 00a7e723 p.sw             x10, x0(x15)        x10:00000020 x15:00000000  PA:1a10f010
15540614ns          282147 1c008b14 00000513 addi             x10, x0, 0          x10=00000000
15540634ns          282148 1c008b16 00008067 jalr             x0, x1, 0            x1:1c008bbe
15540694ns          282151 1c008bbe 31f52563 p.beqimm         x10, 778            x10:00000000
15540714ns          282152 1c008bc2 001d8d93 addi             x27, x27, 1         x27=00000017 x27:00000016
15540735ns          282153 1c008bc4 00044503 lbu              x10, 0(x8)          x10=00000025  x8:1c0000af  PA:1c0000af
15541076ns          282170 1c008bc8 00140413 addi             x8, x8, 1            x8=1c0000b0  x8:1c0000af
15541096ns          282171 1c008bca fe0514e3 bne              x10, x0, -24        x10:00000025
15541176ns          282175 1c008bb2 02500793 addi             x15, x0, 37         x15=00000025
15541196ns          282176 1c008bb6 04f50863 beq              x10, x15, 80        x10:00000025 x15:00000025
15541337ns          282183 1c008c06 00044483 lbu              x9, 0(x8)            x9=00000064  x8:1c0000b0  PA:1c0000b0
15541637ns          282198 1c008c0a 02000693 addi             x13, x0, 32         x13=00000020
15541658ns          282199 1c008c0e 00140a93 addi             x21, x8, 1          x21=1c0000b1  x8:1c0000b0
15541678ns          282200 1c008c12 009005b3 add              x11, x0, x9         x11=00000064  x9:00000064
15541698ns          282201 1c008c14 154b8513 addi             x10, x23, 340       x10=1c000154 x23:1c000000
15541718ns          282202 1c008c18 00d12823 sw               x13, 16(x2)         x13:00000020  x2:10001498  PA:100014a8
15541738ns          282203 1c008c1a 00012c23 sw               x0, 24(x2)           x2:10001498  PA:100014b0
15541758ns          282204 1c008c1c 00012a23 sw               x0, 20(x2)           x2:10001498  PA:100014ac
15541778ns          282205 1c008c1e 00012e23 sw               x0, 28(x2)           x2:10001498  PA:100014b4
15541798ns          282206 1c008c20 00012623 sw               x0, 12(x2)           x2:10001498  PA:100014a4
15541818ns          282207 1c008c22 02300913 addi             x18, x0, 35         x18=00000023
15541838ns          282208 1c008c26 02d00a13 addi             x20, x0, 45         x20=0000002d
15541858ns          282209 1c008c2a 015009b3 add              x19, x0, x21        x19=1c0000b1 x21:1c0000b1
15541878ns          282210 1c008c2c e97ff0ef jal              x1, -362             x1=1c008c2e
15542039ns          282218 1c008ac2 00054783 lbu              x15, 0(x10)         x15=0000002d x10:1c000154  PA:1c000154
15542340ns          282233 1c008ac6 0ff5f593 andi             x11, x11, 255       x11=00000064 x11:00000064
15542360ns          282234 1c008aca 00b78c63 beq              x15, x11, 24        x15:0000002d x11:00000064
15542380ns          282235 1c008ace 00078b63 beq              x15, x0, 22         x15:0000002d
15542400ns          282236 1c008ad0 00150793 addi             x15, x10, 1         x15=1c000155 x10:1c000154
15542420ns          282237 1c008ad4 0040006f jal              x0, 4              
15542460ns          282239 1c008ad8 00f00533 add              x10, x0, x15        x10=1c000155 x15:1c000155
15542480ns          282240 1c008ada 0017c70b p.lbu            x14, 1(x15!)        x14=0000002b x15=1c000156 x15:1c000155  PA:1c000155
15542821ns          282257 1c008ade feb71ce3 bne              x14, x11, -8        x14:0000002b x11:00000064
15542882ns          282260 1c008ad6 00070763 beq              x14, x0, 14         x14:0000002b
15542902ns          282261 1c008ad8 00f00533 add              x10, x0, x15        x10=1c000156 x15:1c000156
15542922ns          282262 1c008ada 0017c70b p.lbu            x14, 1(x15!)        x14=00000020 x15=1c000157 x15:1c000156  PA:1c000156
15543243ns          282278 1c008ade feb71ce3 bne              x14, x11, -8        x14:00000020 x11:00000064
15543303ns          282281 1c008ad6 00070763 beq              x14, x0, 14         x14:00000020
15543323ns          282282 1c008ad8 00f00533 add              x10, x0, x15        x10=1c000157 x15:1c000157
15543343ns          282283 1c008ada 0017c70b p.lbu            x14, 1(x15!)        x14=00000023 x15=1c000158 x15:1c000157  PA:1c000157
15543664ns          282299 1c008ade feb71ce3 bne              x14, x11, -8        x14:00000023 x11:00000064
15543724ns          282302 1c008ad6 00070763 beq              x14, x0, 14         x14:00000023
15543744ns          282303 1c008ad8 00f00533 add              x10, x0, x15        x10=1c000158 x15:1c000158
15543764ns          282304 1c008ada 0017c70b p.lbu            x14, 1(x15!)        x14=00000030 x15=1c000159 x15:1c000158  PA:1c000158
15544085ns          282320 1c008ade feb71ce3 bne              x14, x11, -8        x14:00000030 x11:00000064
15544146ns          282323 1c008ad6 00070763 beq              x14, x0, 14         x14:00000030
15544166ns          282324 1c008ad8 00f00533 add              x10, x0, x15        x10=1c000159 x15:1c000159
15544186ns          282325 1c008ada 0017c70b p.lbu            x14, 1(x15!)        x14=00000000 x15=1c00015a x15:1c000159  PA:1c000159
15544507ns          282341 1c008ade feb71ce3 bne              x14, x11, -8        x14:00000000 x11:00000064
15544567ns          282344 1c008ad6 00070763 beq              x14, x0, 14         x14:00000000
15544627ns          282347 1c008ae4 0015b593 sltiu            x11, x11, 1         x11=00000000 x11:00000064
15544647ns          282348 1c008ae8 40b005b3 sub              x11, x0, x11        x11=00000000 x11:00000000
15544667ns          282349 1c008aec 00b57533 and              x10, x10, x11       x10=00000000 x10:1c000159 x11:00000000
15544687ns          282350 1c008aee 00008067 jalr             x0, x1, 0            x1:1c008c2e
15544728ns          282352 1c008c2e 02050a63 beq              x10, x0, 52         x10:00000000
15544868ns          282359 1c008c62 02a00613 addi             x12, x0, 42         x12=0000002a
15544888ns          282360 1c008c66 2ac48663 beq              x9, x12, 684         x9:00000064 x12:0000002a
15544908ns          282361 1c008c6a fd048613 addi             x12, x9, -48        x12=00000034  x9:00000064
15544928ns          282362 1c008c6e 00900593 addi             x11, x0, 9          x11=00000009
15545269ns          282379 1c008c70 00000913 addi             x18, x0, 0          x18=00000000
15545309ns          282381 1c008c72 28c5f063 bgeu             x11, x12, 640       x11:00000009 x12:00000034
15545330ns          282382 1c008c76 02e00693 addi             x13, x0, 46         x13=0000002e
15545350ns          282383 1c008c7a fff00a13 addi             x20, x0, -1         x20=ffffffff
15545370ns          282384 1c008c7c 2ed48363 beq              x9, x13, 742         x9:00000064 x13:0000002e
15545410ns          282386 1c008c80 1c0007b7 lui              x15, 0x1c000000     x15=1c000000
15545450ns          282388 1c008c84 009005b3 add              x11, x0, x9         x11=00000064  x9:00000064
15545470ns          282389 1c008c86 15c78513 addi             x10, x15, 348       x10=1c00015c x15:1c000000
15545490ns          282390 1c008c8a e39ff0ef jal              x1, -456             x1=1c008c8c
15545610ns          282396 1c008ac2 00054783 lbu              x15, 0(x10)         x15=00000068 x10:1c00015c  PA:1c00015c
15545931ns          282412 1c008ac6 0ff5f593 andi             x11, x11, 255       x11=00000064 x11:00000064
15545952ns          282413 1c008aca 00b78c63 beq              x15, x11, 24        x15:00000068 x11:00000064
15545972ns          282414 1c008ace 00078b63 beq              x15, x0, 22         x15:00000068
15545992ns          282415 1c008ad0 00150793 addi             x15, x10, 1         x15=1c00015d x10:1c00015c
15546012ns          282416 1c008ad4 0040006f jal              x0, 4              
15546052ns          282418 1c008ad8 00f00533 add              x10, x0, x15        x10=1c00015d x15:1c00015d
15546072ns          282419 1c008ada 0017c70b p.lbu            x14, 1(x15!)        x14=0000006c x15=1c00015e x15:1c00015d  PA:1c00015d
15546393ns          282435 1c008ade feb71ce3 bne              x14, x11, -8        x14:0000006c x11:00000064
15546453ns          282438 1c008ad6 00070763 beq              x14, x0, 14         x14:0000006c
15546473ns          282439 1c008ad8 00f00533 add              x10, x0, x15        x10=1c00015e x15:1c00015e
15546493ns          282440 1c008ada 0017c70b p.lbu            x14, 1(x15!)        x14=0000004c x15=1c00015f x15:1c00015e  PA:1c00015e
15546814ns          282456 1c008ade feb71ce3 bne              x14, x11, -8        x14:0000004c x11:00000064
15546875ns          282459 1c008ad6 00070763 beq              x14, x0, 14         x14:0000004c
15546895ns          282460 1c008ad8 00f00533 add              x10, x0, x15        x10=1c00015f x15:1c00015f
15546915ns          282461 1c008ada 0017c70b p.lbu            x14, 1(x15!)        x14=0000007a x15=1c000160 x15:1c00015f  PA:1c00015f
15547236ns          282477 1c008ade feb71ce3 bne              x14, x11, -8        x14:0000007a x11:00000064
15547296ns          282480 1c008ad6 00070763 beq              x14, x0, 14         x14:0000007a
15547316ns          282481 1c008ad8 00f00533 add              x10, x0, x15        x10=1c000160 x15:1c000160
15547336ns          282482 1c008ada 0017c70b p.lbu            x14, 1(x15!)        x14=00000000 x15=1c000161 x15:1c000160  PA:1c000160
15547657ns          282498 1c008ade feb71ce3 bne              x14, x11, -8        x14:00000000 x11:00000064
15547717ns          282501 1c008ad6 00070763 beq              x14, x0, 14         x14:00000000
15547777ns          282504 1c008ae4 0015b593 sltiu            x11, x11, 1         x11=00000000 x11:00000064
15547798ns          282505 1c008ae8 40b005b3 sub              x11, x0, x11        x11=00000000 x11:00000000
15547818ns          282506 1c008aec 00b57533 and              x10, x10, x11       x10=00000000 x10:1c000160 x11:00000000
15547838ns          282507 1c008aee 00008067 jalr             x0, x1, 0            x1:1c008c8c
15547878ns          282509 1c008c8c 01300433 add              x8, x0, x19          x8=1c0000b1 x19:1c0000b1
15547898ns          282510 1c008c8e 00050563 beq              x10, x0, 10         x10:00000000
15547958ns          282513 1c008c98 06700693 addi             x13, x0, 103        x13=00000067
15547978ns          282514 1c008c9c 2896d963 bge              x13, x9, 658        x13:00000067  x9:00000064
15548199ns          282525 1c008f2e 06500693 addi             x13, x0, 101        x13=00000065
15548239ns          282527 1c008f32 12d4d563 bge              x9, x13, 298         x9:00000064 x13:00000065
15548259ns          282528 1c008f36 04700693 addi             x13, x0, 71         x13=00000047
15548279ns          282529 1c008f3a dc96cbe3 blt              x13, x9, -554       x13:00000047  x9:00000064
15548420ns          282536 1c008d10 06300693 addi             x13, x0, 99         x13=00000063
15548460ns          282538 1c008d14 0ad488e3 beq              x9, x13, 2224        x9:00000064 x13:00000063
15548480ns          282539 1c008d18 0096c9e3 blt              x13, x9, 2066       x13:00000063  x9:00000064
15548680ns          282549 1c00952a 000c2583 lw               x11, 0(x24)         x11=00000002 x24:100015ec  PA:100015ec
15548721ns          282551 1c00952e 004c0c13 addi             x24, x24, 4         x24=100015f0 x24:100015ec
15548741ns          282552 1c009530 3405cc63 blt              x11, x0, 856        x11:00000002
15548781ns          282554 1c009534 01412603 lw               x12, 20(x2)         x12=00000000  x2:10001498  PA:100014ac
15548821ns          282556 1c009536 00b006b3 add              x13, x0, x11        x13=00000002 x11:00000002
15548841ns          282557 1c009538 2e061863 bne              x12, x0, 752        x12:00000000
15548861ns          282558 1c00953c 01812703 lw               x14, 24(x2)         x14=00000000  x2:10001498  PA:100014b0
15548881ns          282559 1c00953e 019007b3 add              x15, x0, x25        x15=100014bc x25:100014bc
15548901ns          282560 1c009540 00070763 beq              x14, x0, 14         x14:00000000
15548961ns          282563 1c00954e 00f00733 add              x14, x0, x15        x14=100014bc x15:100014bc
15549022ns          282566 1c009550 00a00513 addi             x10, x0, 10         x10=0000000a
15549062ns          282568 1c009552 02a6f633 remu             x12, x13, x10       x12=00000002 x13:00000002 x10:0000000a
15549684ns          282599 1c009556 02a6d6b3 divu             x13, x13, x10       x13=00000000 x13:00000002 x10:0000000a
15550306ns          282630 1c00955a 03060613 addi             x12, x12, 48        x12=00000032 x12:00000002
15550326ns          282631 1c00955e 00c700ab p.sb             x12, 1(x14!)        x14=100014bd x12:00000032 x14:100014bc  PA:100014bc
15550346ns          282632 1c009562 fe0698e3 bne              x13, x0, -16        x13:00000000
15550366ns          282633 1c009564 40f706b3 sub              x13, x14, x15       x13=00000001 x14:100014bd x15:100014bc
15550386ns          282634 1c009568 0146dc63 bge              x13, x20, 24        x13:00000001 x20:ffffffff
15550526ns          282641 1c009580 00e006b3 add              x13, x0, x14        x13=100014bd x14:100014bd
15550567ns          282643 1c009582 fe068fab p.sb             x0, -1(x13!)        x13=100014bc x13:100014bd  PA:100014bd
15550587ns          282644 1c009586 00d7fc63 bgeu             x15, x13, 24        x15:100014bc x13:100014bc
15550707ns          282650 1c00959e 01412783 lw               x15, 20(x2)         x15=00000000  x2:10001498  PA:100014ac
15550767ns          282653 1c0095a0 01812603 lw               x12, 24(x2)         x12=00000000  x2:10001498  PA:100014b0
15550807ns          282655 1c0095a2 419704b3 sub              x9, x14, x25         x9=00000001 x14:100014bd x25:100014bc
15550827ns          282656 1c0095a6 00c7e7b3 or               x15, x15, x12       x15=00000000 x15:00000000 x12:00000000
15550847ns          282657 1c0095a8 00f12623 sw               x15, 12(x2)         x15:00000000  x2:10001498  PA:100014a4
15550868ns          282658 1c0095aa 00079363 bne              x15, x0, 6          x15:00000000
15550888ns          282659 1c0095ac 01f5d593 srli             x11, x11, 0x1f      x11=00000000 x11:00000002
15550908ns          282660 1c0095ae 00b12623 sw               x11, 12(x2)         x11:00000000  x2:10001498  PA:100014a4
15550928ns          282661 1c0095b0 e3fa28e3 p.beqimm         x20, -464           x20:ffffffff
15551028ns          282666 1c0093e0 0c800793 addi             x15, x0, 200        x15=000000c8
15551068ns          282668 1c0093e4 9e97d0e3 bge              x15, x9, -1568      x15:000000c8  x9:00000001
15551169ns          282673 1c008dc4 0f24d163 bge              x9, x18, 226         x9:00000001 x18:00000000
15551309ns          282680 1c008ea6 d00482e3 beq              x9, x0, -764         x9:00000001
15551329ns          282681 1c008eaa 01900933 add              x18, x0, x25        x18=100014bc x25:100014bc
15551349ns          282682 1c008eac 419d8db3 sub              x27, x27, x25       x27=efffeb5b x27:00000017 x25:100014bc
15551389ns          282684 1c008eb0 00a0006f jal              x0, 10             
15551449ns          282687 1c008eba 0019450b p.lbu            x10, 1(x18!)        x10=00000032 x18=100014bd x18:100014bc  PA:100014bc
15551470ns          282688 1c008ebe 01a005b3 add              x11, x0, x26        x11=00000002 x26:00000002
15551510ns          282690 1c008ec0 000b00e7 jalr             x1, x22, 0           x1=1c008ec2 x22:1c008af0
15551550ns          282692 1c008af0 000026b7 lui              x13, 0x2000         x13=00002000
15551570ns          282693 1c008af2 f14027f3 csrrs            x15, x0, 0xf14      x15=00000002
15551590ns          282694 1c008af6 f8068693 addi             x13, x13, -128      x13=00001f80 x13:00002000
15551610ns          282695 1c008afa 00379713 slli             x14, x15, 0x3       x14=00000010 x15:00000002
15551630ns          282696 1c008afe 00279793 slli             x15, x15, 0x2       x15=00000008 x15:00000002
15551670ns          282698 1c008b00 00d7f7b3 and              x15, x15, x13       x15=00000000 x15:00000008 x13:00001f80
15551710ns          282700 1c008b02 ee873733 p.bclr           x14, x14, 23, 8     x14=00000010 x14:00000010
15551730ns          282701 1c008b06 1a10f6b7 lui              x13, 0x1a10f000     x13=1a10f000
15551750ns          282702 1c008b0a 0ff57513 andi             x10, x10, 255       x10=00000032 x10:00000032
15551771ns          282703 1c008b0e 00d70733 add              x14, x14, x13       x14=1a10f010 x14:00000010 x13:1a10f000
15551811ns          282705 1c008b10 00a7e723 p.sw             x10, x0(x15)        x10:00000032 x15:00000000  PA:1a10f010
15552152ns          282722 1c008b14 00000513 addi             x10, x0, 0          x10=00000000
15552172ns          282723 1c008b16 00008067 jalr             x0, x1, 0            x1:1c008ec2
15552212ns          282725 1c008ec2 fff48493 addi             x9, x9, -1           x9=00000000  x9:00000001
15552232ns          282726 1c008ec4 fff537e3 p.bneimm         x10, -18            x10:00000000
15552312ns          282730 1c008eb2 012d8733 add              x14, x27, x18       x14=00000018 x27:efffeb5b x18:100014bd
15552332ns          282731 1c008eb6 5a048b63 beq              x9, x0, 1462         x9:00000000
15552573ns          282743 1c00946c 00e00db3 add              x27, x0, x14        x27=00000018 x14:00000018
15552653ns          282747 1c00946e f3cff06f jal              x0, -2244          
15552774ns          282753 1c008baa 00044503 lbu              x10, 0(x8)          x10=0000000a  x8:1c0000b1  PA:1c0000b1
15553075ns          282768 1c008bae 00140413 addi             x8, x8, 1            x8=1c0000b2  x8:1c0000b1
15553095ns          282769 1c008bb0 00050e63 beq              x10, x0, 28         x10:0000000a
15553115ns          282770 1c008bb2 02500793 addi             x15, x0, 37         x15=00000025
15553135ns          282771 1c008bb6 04f50863 beq              x10, x15, 80        x10:0000000a x15:00000025
15553155ns          282772 1c008bba 01a005b3 add              x11, x0, x26        x11=00000002 x26:00000002
15553175ns          282773 1c008bbc 000b00e7 jalr             x1, x22, 0           x1=1c008bbe x22:1c008af0
15553255ns          282777 1c008af0 000026b7 lui              x13, 0x2000         x13=00002000
15553295ns          282779 1c008af2 f14027f3 csrrs            x15, x0, 0xf14      x15=00000002
15553316ns          282780 1c008af6 f8068693 addi             x13, x13, -128      x13=00001f80 x13:00002000
15553336ns          282781 1c008afa 00379713 slli             x14, x15, 0x3       x14=00000010 x15:00000002
15553356ns          282782 1c008afe 00279793 slli             x15, x15, 0x2       x15=00000008 x15:00000002
15553376ns          282783 1c008b00 00d7f7b3 and              x15, x15, x13       x15=00000000 x15:00000008 x13:00001f80
15553396ns          282784 1c008b02 ee873733 p.bclr           x14, x14, 23, 8     x14=00000010 x14:00000010
15553416ns          282785 1c008b06 1a10f6b7 lui              x13, 0x1a10f000     x13=1a10f000
15553436ns          282786 1c008b0a 0ff57513 andi             x10, x10, 255       x10=0000000a x10:0000000a
15553456ns          282787 1c008b0e 00d70733 add              x14, x14, x13       x14=1a10f010 x14:00000010 x13:1a10f000
15553476ns          282788 1c008b10 00a7e723 p.sw             x10, x0(x15)        x10:0000000a x15:00000000  PA:1a10f010
15553817ns          282805 1c008b14 00000513 addi             x10, x0, 0          x10=00000000
15553837ns          282806 1c008b16 00008067 jalr             x0, x1, 0            x1:1c008bbe
15553897ns          282809 1c008bbe 31f52563 p.beqimm         x10, 778            x10:00000000
15553917ns          282810 1c008bc2 001d8d93 addi             x27, x27, 1         x27=00000019 x27:00000018
15553938ns          282811 1c008bc4 00044503 lbu              x10, 0(x8)          x10=00000000  x8:1c0000b2  PA:1c0000b2
15554239ns          282826 1c008bc8 00140413 addi             x8, x8, 1            x8=1c0000b3  x8:1c0000b2
15554259ns          282827 1c008bca fe0514e3 bne              x10, x0, -24        x10:00000000
15554279ns          282828 1c008bcc 01b00433 add              x8, x0, x27          x8=00000019 x27:00000019
15554299ns          282829 1c008bce 00800533 add              x10, x0, x8         x10=00000019  x8:00000019
15554319ns          282830 1c008bd0 12c12083 lw               x1, 300(x2)          x1=1c008b5c  x2:10001498  PA:100015c4
15554339ns          282831 1c008bd4 12812403 lw               x8, 296(x2)          x8=0000000b  x2:10001498  PA:100015c0
15554359ns          282832 1c008bd8 12412483 lw               x9, 292(x2)          x9=xxxxxxxx  x2:10001498  PA:100015bc
15554379ns          282833 1c008bdc 12012903 lw               x18, 288(x2)        x18=xxxxxxxx  x2:10001498  PA:100015b8
15554419ns          282835 1c008be0 11c12983 lw               x19, 284(x2)        x19=xxxxxxxx  x2:10001498  PA:100015b4
15554459ns          282837 1c008be4 11812a03 lw               x20, 280(x2)        x20=xxxxxxxx  x2:10001498  PA:100015b0
15554479ns          282838 1c008be8 11412a83 lw               x21, 276(x2)        x21=xxxxxxxx  x2:10001498  PA:100015ac
15554499ns          282839 1c008bec 11012b03 lw               x22, 272(x2)        x22=xxxxxxxx  x2:10001498  PA:100015a8
15554560ns          282842 1c008bf0 10c12b83 lw               x23, 268(x2)        x23=xxxxxxxx  x2:10001498  PA:100015a4
15554600ns          282844 1c008bf4 10812c03 lw               x24, 264(x2)        x24=xxxxxxxx  x2:10001498  PA:100015a0
15554620ns          282845 1c008bf8 10412c83 lw               x25, 260(x2)        x25=xxxxxxxx  x2:10001498  PA:1000159c
15554640ns          282846 1c008bfc 10012d03 lw               x26, 256(x2)        x26=xxxxxxxx  x2:10001498  PA:10001598
15554660ns          282847 1c008c00 0fc12d83 lw               x27, 252(x2)        x27=xxxxxxxx  x2:10001498  PA:10001594
15554680ns          282848 1c008c02 13010113 addi             x2, x2, 304          x2=100015c8  x2:10001498
15554700ns          282849 1c008c04 00008067 jalr             x0, x1, 0            x1:1c008b5c
15554780ns          282853 1c008b5c 01c12083 lw               x1, 28(x2)           x1=1c00848c  x2:100015c8  PA:100015e4
15554800ns          282854 1c008b5e 04010113 addi             x2, x2, 64           x2=10001608  x2:100015c8
15554841ns          282856 1c008b60 00008067 jalr             x0, x1, 0            x1:1c00848c
15554921ns          282860 1c00848c 00100413 addi             x8, x0, 1            x8=00000001
15554941ns          282861 1c00848e fa3ff06f jal              x0, -94            
15555463ns          282887 1c008430 2bb010ef jal              x1, 6842             x1=1c008434
15555583ns          282893 1c009eea f14027f3 csrrs            x15, x0, 0xf14      x15=00000002
15555603ns          282894 1c009eee 01f00713 addi             x14, x0, 31         x14=0000001f
15555643ns          282896 1c009ef0 ca5797b3 p.extractu       x15, x15, 5, 5      x15=00000000 x15:00000002
15555683ns          282898 1c009ef4 00e78863 beq              x15, x14, 16        x15:00000000 x14:0000001f
15555703ns          282899 1c009ef8 002047b7 lui              x15, 0x204000       x15=00204000
15555723ns          282900 1c009efc 20078793 addi             x15, x15, 512       x15=00204200 x15:00204000
15555784ns          282903 1c009f00 01c7e703 p.elw            x14, 28(x15)        x14=00010000 x15:00204200  PA:0020421c
15556004ns          282914 1c009f04 00008067 jalr             x0, x1, 0            x1:1c008434
15556044ns          282916 1c008434 00144513 xori             x10, x8, 1          x10=00000000  x8:00000001
15556064ns          282917 1c008438 1ec12083 lw               x1, 492(x2)          x1=1c009dfa  x2:10001608  PA:100017f4
15556105ns          282919 1c00843c 1e812403 lw               x8, 488(x2)          x8=xxxxxxxx  x2:10001608  PA:100017f0
15556125ns          282920 1c008440 1f010113 addi             x2, x2, 496          x2=100017f8  x2:10001608
15556145ns          282921 1c008442 00008067 jalr             x0, x1, 0            x1:1c009dfa
15556265ns          282927 1c009dfa f14027f3 csrrs            x15, x0, 0xf14      x15=00000002
15556325ns          282930 1c009dfe f457b7b3 p.bclr           x15, x15, 26, 5     x15=00000002 x15:00000002
15556345ns          282931 1c009e02 00079963 bne              x15, x0, 18         x15:00000002
15556827ns          282955 1c009e14 002047b7 lui              x15, 0x204000       x15=00204000
15556867ns          282957 1c009e18 fff00713 addi             x14, x0, -1         x14=ffffffff
15556887ns          282958 1c009e1a 00e7a223 sw               x14, 4(x15)         x14:ffffffff x15:00204000  PA:00204004
