                Time          Cycles PC       Instr    Mnemonic
14654735ns          237613 1c008080 0640006f jal              x0, 100            
14655192ns          237636 1c0080e4 f1402573 csrrs            x10, x0, 0xf14      x10=00000003
14655232ns          237638 1c0080e8 01f57593 andi             x11, x10, 31        x11=00000003 x10:00000003
14655252ns          237639 1c0080ec 00555513 srli             x10, x10, 0x5       x10=00000000 x10:00000003
14655272ns          237640 1c0080ee 01f00613 addi             x12, x0, 31         x12=0000001f
14655689ns          237661 1c0080f0 00c50463 beq              x10, x12, 8         x10:00000000 x12:0000001f
14655729ns          237663 1c0080f4 fa1ff06f jal              x0, -96            
14656187ns          237686 1c008094 f3ff8117 auipc            x2, 0xf3ff8000       x2=10000094
14656226ns          237688 1c008098 f7010113 addi             x2, x2, -144         x2=10000004  x2:10000094
14656246ns          237689 1c00809c 00012103 lw               x2, 0(x2)            x2=10000008  x2:10000004  PA:10000004
14656704ns          237712 1c0080a0 000011b7 lui              x3, 0x1000           x3=00001000
14656743ns          237714 1c0080a4 80018193 addi             x3, x3, -2048        x3=00000800  x3:00001000
14656763ns          237715 1c0080a8 00158593 addi             x11, x11, 1         x11=00000004 x11:00000003
14656783ns          237716 1c0080ac 02b180b3 mul              x1, x3, x11          x1=00002000  x3:00000800 x11:00000004
14657221ns          237738 1c0080b0 00110133 add              x2, x2, x1           x2=10002008  x2:10000008  x1:00002000
14657261ns          237740 1c0080b4 5210106f jal              x0, 7456           
14657718ns          237763 1c009dd4 ff010113 addi             x2, x2, -16          x2=10001ff8  x2:10002008
14657738ns          237764 1c009dd6 00112623 sw               x1, 12(x2)           x1:00002000  x2:10001ff8  PA:10002004
14657758ns          237765 1c009dd8 002047b7 lui              x15, 0x204000       x15=00204000
14657778ns          237766 1c009ddc 00070737 lui              x14, 0x70000        x14=00070000
14658215ns          237788 1c009de0 00e7a423 sw               x14, 8(x15)         x14:00070000 x15:00204000  PA:00204008
14658235ns          237789 1c009de2 00f00713 addi             x14, x0, 15         x14=0000000f
14658255ns          237790 1c009de4 20078793 addi             x15, x15, 512       x15=00204200 x15:00204000
14658275ns          237791 1c009de8 00e7a023 sw               x14, 0(x15)         x14:0000000f x15:00204200  PA:00204200
14658315ns          237793 1c009dec 00e7a623 sw               x14, 12(x15)        x14:0000000f x15:00204200  PA:0020420c
14658733ns          237814 1c009df0 1c0017b7 lui              x15, 0x1c001000     x15=1c001000
14658772ns          237816 1c009df4 ae47a783 lw               x15, -1308(x15)     x15=1c00832a x15:1c001000  PA:1c000ae4
14659270ns          237841 1c009df8 000780e7 jalr             x1, x15, 0           x1=1c009dfa x15:1c00832a
14659767ns          237866 1c00832a e1010113 addi             x2, x2, -496         x2=10001e08  x2:10001ff8
14659807ns          237868 1c00832c 1e812423 sw               x8, 488(x2)          x8:xxxxxxxx  x2:10001e08  PA:10001ff0
14660244ns          237890 1c008330 1e112623 sw               x1, 492(x2)          x1:1c009dfa  x2:10001e08  PA:10001ff4
14660284ns          237892 1c008334 f1402473 csrrs            x8, x0, 0xf14        x8=00000003
14660304ns          237893 1c008338 ca5417b3 p.extractu       x15, x8, 5, 5       x15=00000000  x8:00000003
14660324ns          237894 1c00833c 16079663 bne              x15, x0, 364        x15:00000000
14660781ns          237917 1c008340 f4543433 p.bclr           x8, x8, 26, 5        x8=00000003  x8:00000003
14660821ns          237919 1c008344 1c000537 lui              x10, 0x1c000000     x10=1c000000
14660841ns          237920 1c008348 00800633 add              x12, x0, x8         x12=00000003  x8:00000003
14660861ns          237921 1c00834a 00100593 addi             x11, x0, 1          x11=00000001
14660881ns          237922 1c00834c 02450513 addi             x10, x10, 36        x10=1c000024 x10:1c000000
14661298ns          237943 1c008350 7e4000ef jal              x1, 2020             x1=1c008354
14661756ns          237966 1c008b34 fc010113 addi             x2, x2, -64          x2=10001dc8  x2:10001e08
14661796ns          237968 1c008b36 02410313 addi             x6, x2, 36           x6=10001dec  x2:10001dc8
14661816ns          237969 1c008b3a 02c12423 sw               x12, 40(x2)         x12:00000003  x2:10001dc8  PA:10001df0
14661836ns          237970 1c008b3c 00a00633 add              x12, x0, x10        x12=1c000024 x10:1c000024
14662253ns          237991 1c008b3e 1c009537 lui              x10, 0x1c009000     x10=1c009000
14662273ns          237992 1c008b42 02b12223 sw               x11, 36(x2)         x11:00000001  x2:10001dc8  PA:10001dec
14662293ns          237993 1c008b44 02d12623 sw               x13, 44(x2)         x13:xxxxxxxx  x2:10001dc8  PA:10001df4
14662313ns          237994 1c008b46 00200593 addi             x11, x0, 2          x11=00000002
14662333ns          237995 1c008b48 006006b3 add              x13, x0, x6         x13=10001dec  x6:10001dec
14662353ns          237996 1c008b4a af050513 addi             x10, x10, -1296     x10=1c008af0 x10:1c009000
14662373ns          237997 1c008b4e 00112e23 sw               x1, 28(x2)           x1:1c008354  x2:10001dc8  PA:10001de4
14662770ns          238017 1c008b50 02e12823 sw               x14, 48(x2)         x14:0000000f  x2:10001dc8  PA:10001df8
14662790ns          238018 1c008b52 02f12a23 sw               x15, 52(x2)         x15:00000000  x2:10001dc8  PA:10001dfc
14662810ns          238019 1c008b54 03012c23 sw               x16, 56(x2)         x16:xxxxxxxx  x2:10001dc8  PA:10001e00
14662830ns          238020 1c008b56 03112e23 sw               x17, 60(x2)         x17:xxxxxxxx  x2:10001dc8  PA:10001e04
14662850ns          238021 1c008b58 00612623 sw               x6, 12(x2)           x6:10001dec  x2:10001dc8  PA:10001dd4
14662870ns          238022 1c008b5a fbfff0ef jal              x1, -66              x1=1c008b5c
14663765ns          238067 1c008b18 04a0006f jal              x0, 74             
14663805ns          238069 1c008b62 ed010113 addi             x2, x2, -304         x2=10001c98  x2:10001dc8
14663825ns          238070 1c008b64 12812423 sw               x8, 296(x2)          x8:00000003  x2:10001c98  PA:10001dc0
14663844ns          238071 1c008b68 00000413 addi             x8, x0, 0            x8=00000000
14663864ns          238072 1c008b6a 11612823 sw               x22, 272(x2)        x22:xxxxxxxx  x2:10001c98  PA:10001da8
14664302ns          238094 1c008b6e 11712623 sw               x23, 268(x2)        x23:xxxxxxxx  x2:10001c98  PA:10001da4
14664342ns          238096 1c008b72 11812423 sw               x24, 264(x2)        x24:xxxxxxxx  x2:10001c98  PA:10001da0
14664362ns          238097 1c008b76 11912223 sw               x25, 260(x2)        x25:xxxxxxxx  x2:10001c98  PA:10001d9c
14664382ns          238098 1c008b7a 11a12023 sw               x26, 256(x2)        x26:xxxxxxxx  x2:10001c98  PA:10001d98
14664401ns          238099 1c008b7e 0fb12e23 sw               x27, 252(x2)        x27:xxxxxxxx  x2:10001c98  PA:10001d94
14664819ns          238120 1c008b80 12112623 sw               x1, 300(x2)          x1:1c008b5c  x2:10001c98  PA:10001dc4
14664859ns          238122 1c008b84 00800db3 add              x27, x0, x8         x27=00000000  x8:00000000
14664879ns          238123 1c008b86 12912223 sw               x9, 292(x2)          x9:xxxxxxxx  x2:10001c98  PA:10001dbc
14664899ns          238124 1c008b8a 13212023 sw               x18, 288(x2)        x18:xxxxxxxx  x2:10001c98  PA:10001db8
14665336ns          238146 1c008b8e 11312e23 sw               x19, 284(x2)        x19:xxxxxxxx  x2:10001c98  PA:10001db4
14665376ns          238148 1c008b92 11412c23 sw               x20, 280(x2)        x20:xxxxxxxx  x2:10001c98  PA:10001db0
14665396ns          238149 1c008b96 11512a23 sw               x21, 276(x2)        x21:xxxxxxxx  x2:10001c98  PA:10001dac
14665416ns          238150 1c008b9a 00a00b33 add              x22, x0, x10        x22=1c008af0 x10:1c008af0
14665436ns          238151 1c008b9c 00b00d33 add              x26, x0, x11        x26=00000002 x11:00000002
14665456ns          238152 1c008b9e 00d00c33 add              x24, x0, x13        x24=10001dec x13:10001dec
14665853ns          238172 1c008ba0 1c000bb7 lui              x23, 0x1c000000     x23=1c000000
14665893ns          238174 1c008ba4 02410c93 addi             x25, x2, 36         x25=10001cbc  x2:10001c98
14665913ns          238175 1c008ba8 00c00433 add              x8, x0, x12          x8=1c000024 x12:1c000024
14665933ns          238176 1c008baa 00044503 lbu              x10, 0(x8)          x10=00000073  x8:1c000024  PA:1c000024
14666331ns          238196 1c008bae 00140413 addi             x8, x8, 1            x8=1c000025  x8:1c000024
14666371ns          238198 1c008bb0 00050e63 beq              x10, x0, 28         x10:00000073
14666410ns          238200 1c008bb2 02500793 addi             x15, x0, 37         x15=00000025
14666430ns          238201 1c008bb6 04f50863 beq              x10, x15, 80        x10:00000073 x15:00000025
14666450ns          238202 1c008bba 01a005b3 add              x11, x0, x26        x11=00000002 x26:00000002
14666470ns          238203 1c008bbc 000b00e7 jalr             x1, x22, 0           x1=1c008bbe x22:1c008af0
14667365ns          238248 1c008af0 000026b7 lui              x13, 0x2000         x13=00002000
14667405ns          238250 1c008af2 f14027f3 csrrs            x15, x0, 0xf14      x15=00000003
14667425ns          238251 1c008af6 f8068693 addi             x13, x13, -128      x13=00001f80 x13:00002000
14667445ns          238252 1c008afa 00379713 slli             x14, x15, 0x3       x14=00000018 x15:00000003
14667465ns          238253 1c008afe 00279793 slli             x15, x15, 0x2       x15=0000000c x15:00000003
14667882ns          238274 1c008b00 00d7f7b3 and              x15, x15, x13       x15=00000000 x15:0000000c x13:00001f80
14667922ns          238276 1c008b02 ee873733 p.bclr           x14, x14, 23, 8     x14=00000018 x14:00000018
14667942ns          238277 1c008b06 1a10f6b7 lui              x13, 0x1a10f000     x13=1a10f000
14667962ns          238278 1c008b0a 0ff57513 andi             x10, x10, 255       x10=00000073 x10:00000073
14667982ns          238279 1c008b0e 00d70733 add              x14, x14, x13       x14=1a10f018 x14:00000018 x13:1a10f000
14668002ns          238280 1c008b10 00a7e723 p.sw             x10, x0(x15)        x10:00000073 x15:00000000  PA:1a10f018
14668479ns          238304 1c008b14 00000513 addi             x10, x0, 0          x10=00000000
14668499ns          238305 1c008b16 00008067 jalr             x0, x1, 0            x1:1c008bbe
14668559ns          238308 1c008bbe 31f52563 p.beqimm         x10, 778            x10:00000000
14668578ns          238309 1c008bc2 001d8d93 addi             x27, x27, 1         x27=00000001 x27:00000000
14668598ns          238310 1c008bc4 00044503 lbu              x10, 0(x8)          x10=00000074  x8:1c000025  PA:1c000025
14669056ns          238333 1c008bc8 00140413 addi             x8, x8, 1            x8=1c000026  x8:1c000025
14669076ns          238334 1c008bca fe0514e3 bne              x10, x0, -24        x10:00000074
14669155ns          238338 1c008bb2 02500793 addi             x15, x0, 37         x15=00000025
14669175ns          238339 1c008bb6 04f50863 beq              x10, x15, 80        x10:00000074 x15:00000025
14669195ns          238340 1c008bba 01a005b3 add              x11, x0, x26        x11=00000002 x26:00000002
14669215ns          238341 1c008bbc 000b00e7 jalr             x1, x22, 0           x1=1c008bbe x22:1c008af0
14669255ns          238343 1c008af0 000026b7 lui              x13, 0x2000         x13=00002000
14669275ns          238344 1c008af2 f14027f3 csrrs            x15, x0, 0xf14      x15=00000003
14669295ns          238345 1c008af6 f8068693 addi             x13, x13, -128      x13=00001f80 x13:00002000
14669314ns          238346 1c008afa 00379713 slli             x14, x15, 0x3       x14=00000018 x15:00000003
14669334ns          238347 1c008afe 00279793 slli             x15, x15, 0x2       x15=0000000c x15:00000003
14669354ns          238348 1c008b00 00d7f7b3 and              x15, x15, x13       x15=00000000 x15:0000000c x13:00001f80
14669374ns          238349 1c008b02 ee873733 p.bclr           x14, x14, 23, 8     x14=00000018 x14:00000018
14669394ns          238350 1c008b06 1a10f6b7 lui              x13, 0x1a10f000     x13=1a10f000
14669414ns          238351 1c008b0a 0ff57513 andi             x10, x10, 255       x10=00000074 x10:00000074
14669434ns          238352 1c008b0e 00d70733 add              x14, x14, x13       x14=1a10f018 x14:00000018 x13:1a10f000
14669454ns          238353 1c008b10 00a7e723 p.sw             x10, x0(x15)        x10:00000074 x15:00000000  PA:1a10f018
14669891ns          238375 1c008b14 00000513 addi             x10, x0, 0          x10=00000000
14669911ns          238376 1c008b16 00008067 jalr             x0, x1, 0            x1:1c008bbe
14669971ns          238379 1c008bbe 31f52563 p.beqimm         x10, 778            x10:00000000
14669991ns          238380 1c008bc2 001d8d93 addi             x27, x27, 1         x27=00000002 x27:00000001
14670011ns          238381 1c008bc4 00044503 lbu              x10, 0(x8)          x10=00000061  x8:1c000026  PA:1c000026
14670309ns          238396 1c008bc8 00140413 addi             x8, x8, 1            x8=1c000027  x8:1c000026
14670329ns          238397 1c008bca fe0514e3 bne              x10, x0, -24        x10:00000061
14670408ns          238401 1c008bb2 02500793 addi             x15, x0, 37         x15=00000025
14670428ns          238402 1c008bb6 04f50863 beq              x10, x15, 80        x10:00000061 x15:00000025
14670448ns          238403 1c008bba 01a005b3 add              x11, x0, x26        x11=00000002 x26:00000002
14670468ns          238404 1c008bbc 000b00e7 jalr             x1, x22, 0           x1=1c008bbe x22:1c008af0
14670508ns          238406 1c008af0 000026b7 lui              x13, 0x2000         x13=00002000
14670528ns          238407 1c008af2 f14027f3 csrrs            x15, x0, 0xf14      x15=00000003
14670548ns          238408 1c008af6 f8068693 addi             x13, x13, -128      x13=00001f80 x13:00002000
14670568ns          238409 1c008afa 00379713 slli             x14, x15, 0x3       x14=00000018 x15:00000003
14670587ns          238410 1c008afe 00279793 slli             x15, x15, 0x2       x15=0000000c x15:00000003
14670607ns          238411 1c008b00 00d7f7b3 and              x15, x15, x13       x15=00000000 x15:0000000c x13:00001f80
14670627ns          238412 1c008b02 ee873733 p.bclr           x14, x14, 23, 8     x14=00000018 x14:00000018
14670647ns          238413 1c008b06 1a10f6b7 lui              x13, 0x1a10f000     x13=1a10f000
14670667ns          238414 1c008b0a 0ff57513 andi             x10, x10, 255       x10=00000061 x10:00000061
14670687ns          238415 1c008b0e 00d70733 add              x14, x14, x13       x14=1a10f018 x14:00000018 x13:1a10f000
14670707ns          238416 1c008b10 00a7e723 p.sw             x10, x0(x15)        x10:00000061 x15:00000000  PA:1a10f018
14671025ns          238432 1c008b14 00000513 addi             x10, x0, 0          x10=00000000
14671045ns          238433 1c008b16 00008067 jalr             x0, x1, 0            x1:1c008bbe
14671105ns          238436 1c008bbe 31f52563 p.beqimm         x10, 778            x10:00000000
14671124ns          238437 1c008bc2 001d8d93 addi             x27, x27, 1         x27=00000003 x27:00000002
14671144ns          238438 1c008bc4 00044503 lbu              x10, 0(x8)          x10=00000072  x8:1c000027  PA:1c000027
14671443ns          238453 1c008bc8 00140413 addi             x8, x8, 1            x8=1c000028  x8:1c000027
14671463ns          238454 1c008bca fe0514e3 bne              x10, x0, -24        x10:00000072
14671542ns          238458 1c008bb2 02500793 addi             x15, x0, 37         x15=00000025
14671562ns          238459 1c008bb6 04f50863 beq              x10, x15, 80        x10:00000072 x15:00000025
14671582ns          238460 1c008bba 01a005b3 add              x11, x0, x26        x11=00000002 x26:00000002
14671602ns          238461 1c008bbc 000b00e7 jalr             x1, x22, 0           x1=1c008bbe x22:1c008af0
14671642ns          238463 1c008af0 000026b7 lui              x13, 0x2000         x13=00002000
14671662ns          238464 1c008af2 f14027f3 csrrs            x15, x0, 0xf14      x15=00000003
14671681ns          238465 1c008af6 f8068693 addi             x13, x13, -128      x13=00001f80 x13:00002000
14671701ns          238466 1c008afa 00379713 slli             x14, x15, 0x3       x14=00000018 x15:00000003
14671721ns          238467 1c008afe 00279793 slli             x15, x15, 0x2       x15=0000000c x15:00000003
14671741ns          238468 1c008b00 00d7f7b3 and              x15, x15, x13       x15=00000000 x15:0000000c x13:00001f80
14671761ns          238469 1c008b02 ee873733 p.bclr           x14, x14, 23, 8     x14=00000018 x14:00000018
14671781ns          238470 1c008b06 1a10f6b7 lui              x13, 0x1a10f000     x13=1a10f000
14671801ns          238471 1c008b0a 0ff57513 andi             x10, x10, 255       x10=00000072 x10:00000072
14671821ns          238472 1c008b0e 00d70733 add              x14, x14, x13       x14=1a10f018 x14:00000018 x13:1a10f000
14671841ns          238473 1c008b10 00a7e723 p.sw             x10, x0(x15)        x10:00000072 x15:00000000  PA:1a10f018
14672159ns          238489 1c008b14 00000513 addi             x10, x0, 0          x10=00000000
14672179ns          238490 1c008b16 00008067 jalr             x0, x1, 0            x1:1c008bbe
14672238ns          238493 1c008bbe 31f52563 p.beqimm         x10, 778            x10:00000000
14672258ns          238494 1c008bc2 001d8d93 addi             x27, x27, 1         x27=00000004 x27:00000003
14672278ns          238495 1c008bc4 00044503 lbu              x10, 0(x8)          x10=00000074  x8:1c000028  PA:1c000028
14672577ns          238510 1c008bc8 00140413 addi             x8, x8, 1            x8=1c000029  x8:1c000028
14672596ns          238511 1c008bca fe0514e3 bne              x10, x0, -24        x10:00000074
14672676ns          238515 1c008bb2 02500793 addi             x15, x0, 37         x15=00000025
14672696ns          238516 1c008bb6 04f50863 beq              x10, x15, 80        x10:00000074 x15:00000025
14672716ns          238517 1c008bba 01a005b3 add              x11, x0, x26        x11=00000002 x26:00000002
14672736ns          238518 1c008bbc 000b00e7 jalr             x1, x22, 0           x1=1c008bbe x22:1c008af0
14672775ns          238520 1c008af0 000026b7 lui              x13, 0x2000         x13=00002000
14672795ns          238521 1c008af2 f14027f3 csrrs            x15, x0, 0xf14      x15=00000003
14672815ns          238522 1c008af6 f8068693 addi             x13, x13, -128      x13=00001f80 x13:00002000
14672835ns          238523 1c008afa 00379713 slli             x14, x15, 0x3       x14=00000018 x15:00000003
14672855ns          238524 1c008afe 00279793 slli             x15, x15, 0x2       x15=0000000c x15:00000003
14672875ns          238525 1c008b00 00d7f7b3 and              x15, x15, x13       x15=00000000 x15:0000000c x13:00001f80
14672895ns          238526 1c008b02 ee873733 p.bclr           x14, x14, 23, 8     x14=00000018 x14:00000018
14672915ns          238527 1c008b06 1a10f6b7 lui              x13, 0x1a10f000     x13=1a10f000
14672935ns          238528 1c008b0a 0ff57513 andi             x10, x10, 255       x10=00000074 x10:00000074
14672954ns          238529 1c008b0e 00d70733 add              x14, x14, x13       x14=1a10f018 x14:00000018 x13:1a10f000
14672974ns          238530 1c008b10 00a7e723 p.sw             x10, x0(x15)        x10:00000074 x15:00000000  PA:1a10f018
14673312ns          238547 1c008b14 00000513 addi             x10, x0, 0          x10=00000000
14673332ns          238548 1c008b16 00008067 jalr             x0, x1, 0            x1:1c008bbe
14673392ns          238551 1c008bbe 31f52563 p.beqimm         x10, 778            x10:00000000
14673412ns          238552 1c008bc2 001d8d93 addi             x27, x27, 1         x27=00000005 x27:00000004
14673432ns          238553 1c008bc4 00044503 lbu              x10, 0(x8)          x10=00000069  x8:1c000029  PA:1c000029
14673730ns          238568 1c008bc8 00140413 addi             x8, x8, 1            x8=1c00002a  x8:1c000029
14673750ns          238569 1c008bca fe0514e3 bne              x10, x0, -24        x10:00000069
14673830ns          238573 1c008bb2 02500793 addi             x15, x0, 37         x15=00000025
14673850ns          238574 1c008bb6 04f50863 beq              x10, x15, 80        x10:00000069 x15:00000025
14673869ns          238575 1c008bba 01a005b3 add              x11, x0, x26        x11=00000002 x26:00000002
14673889ns          238576 1c008bbc 000b00e7 jalr             x1, x22, 0           x1=1c008bbe x22:1c008af0
14673929ns          238578 1c008af0 000026b7 lui              x13, 0x2000         x13=00002000
14673949ns          238579 1c008af2 f14027f3 csrrs            x15, x0, 0xf14      x15=00000003
14673969ns          238580 1c008af6 f8068693 addi             x13, x13, -128      x13=00001f80 x13:00002000
14673989ns          238581 1c008afa 00379713 slli             x14, x15, 0x3       x14=00000018 x15:00000003
14674009ns          238582 1c008afe 00279793 slli             x15, x15, 0x2       x15=0000000c x15:00000003
14674029ns          238583 1c008b00 00d7f7b3 and              x15, x15, x13       x15=00000000 x15:0000000c x13:00001f80
14674048ns          238584 1c008b02 ee873733 p.bclr           x14, x14, 23, 8     x14=00000018 x14:00000018
14674068ns          238585 1c008b06 1a10f6b7 lui              x13, 0x1a10f000     x13=1a10f000
14674088ns          238586 1c008b0a 0ff57513 andi             x10, x10, 255       x10=00000069 x10:00000069
14674108ns          238587 1c008b0e 00d70733 add              x14, x14, x13       x14=1a10f018 x14:00000018 x13:1a10f000
14674128ns          238588 1c008b10 00a7e723 p.sw             x10, x0(x15)        x10:00000069 x15:00000000  PA:1a10f018
14674446ns          238604 1c008b14 00000513 addi             x10, x0, 0          x10=00000000
14674466ns          238605 1c008b16 00008067 jalr             x0, x1, 0            x1:1c008bbe
14674526ns          238608 1c008bbe 31f52563 p.beqimm         x10, 778            x10:00000000
14674546ns          238609 1c008bc2 001d8d93 addi             x27, x27, 1         x27=00000006 x27:00000005
14674566ns          238610 1c008bc4 00044503 lbu              x10, 0(x8)          x10=0000006e  x8:1c00002a  PA:1c00002a
14674864ns          238625 1c008bc8 00140413 addi             x8, x8, 1            x8=1c00002b  x8:1c00002a
14674884ns          238626 1c008bca fe0514e3 bne              x10, x0, -24        x10:0000006e
14674963ns          238630 1c008bb2 02500793 addi             x15, x0, 37         x15=00000025
14674983ns          238631 1c008bb6 04f50863 beq              x10, x15, 80        x10:0000006e x15:00000025
14675003ns          238632 1c008bba 01a005b3 add              x11, x0, x26        x11=00000002 x26:00000002
14675023ns          238633 1c008bbc 000b00e7 jalr             x1, x22, 0           x1=1c008bbe x22:1c008af0
14675063ns          238635 1c008af0 000026b7 lui              x13, 0x2000         x13=00002000
14675083ns          238636 1c008af2 f14027f3 csrrs            x15, x0, 0xf14      x15=00000003
14675103ns          238637 1c008af6 f8068693 addi             x13, x13, -128      x13=00001f80 x13:00002000
14675123ns          238638 1c008afa 00379713 slli             x14, x15, 0x3       x14=00000018 x15:00000003
14675142ns          238639 1c008afe 00279793 slli             x15, x15, 0x2       x15=0000000c x15:00000003
14675162ns          238640 1c008b00 00d7f7b3 and              x15, x15, x13       x15=00000000 x15:0000000c x13:00001f80
14675182ns          238641 1c008b02 ee873733 p.bclr           x14, x14, 23, 8     x14=00000018 x14:00000018
14675202ns          238642 1c008b06 1a10f6b7 lui              x13, 0x1a10f000     x13=1a10f000
14675222ns          238643 1c008b0a 0ff57513 andi             x10, x10, 255       x10=0000006e x10:0000006e
14675242ns          238644 1c008b0e 00d70733 add              x14, x14, x13       x14=1a10f018 x14:00000018 x13:1a10f000
14675262ns          238645 1c008b10 00a7e723 p.sw             x10, x0(x15)        x10:0000006e x15:00000000  PA:1a10f018
14675580ns          238661 1c008b14 00000513 addi             x10, x0, 0          x10=00000000
14675600ns          238662 1c008b16 00008067 jalr             x0, x1, 0            x1:1c008bbe
14675660ns          238665 1c008bbe 31f52563 p.beqimm         x10, 778            x10:00000000
14675679ns          238666 1c008bc2 001d8d93 addi             x27, x27, 1         x27=00000007 x27:00000006
14675699ns          238667 1c008bc4 00044503 lbu              x10, 0(x8)          x10=00000067  x8:1c00002b  PA:1c00002b
14675998ns          238682 1c008bc8 00140413 addi             x8, x8, 1            x8=1c00002c  x8:1c00002b
14676018ns          238683 1c008bca fe0514e3 bne              x10, x0, -24        x10:00000067
14676097ns          238687 1c008bb2 02500793 addi             x15, x0, 37         x15=00000025
14676117ns          238688 1c008bb6 04f50863 beq              x10, x15, 80        x10:00000067 x15:00000025
14676137ns          238689 1c008bba 01a005b3 add              x11, x0, x26        x11=00000002 x26:00000002
14676157ns          238690 1c008bbc 000b00e7 jalr             x1, x22, 0           x1=1c008bbe x22:1c008af0
14676197ns          238692 1c008af0 000026b7 lui              x13, 0x2000         x13=00002000
14676217ns          238693 1c008af2 f14027f3 csrrs            x15, x0, 0xf14      x15=00000003
14676236ns          238694 1c008af6 f8068693 addi             x13, x13, -128      x13=00001f80 x13:00002000
14676256ns          238695 1c008afa 00379713 slli             x14, x15, 0x3       x14=00000018 x15:00000003
14676276ns          238696 1c008afe 00279793 slli             x15, x15, 0x2       x15=0000000c x15:00000003
14676296ns          238697 1c008b00 00d7f7b3 and              x15, x15, x13       x15=00000000 x15:0000000c x13:00001f80
14676316ns          238698 1c008b02 ee873733 p.bclr           x14, x14, 23, 8     x14=00000018 x14:00000018
14676336ns          238699 1c008b06 1a10f6b7 lui              x13, 0x1a10f000     x13=1a10f000
14676356ns          238700 1c008b0a 0ff57513 andi             x10, x10, 255       x10=00000067 x10:00000067
14676376ns          238701 1c008b0e 00d70733 add              x14, x14, x13       x14=1a10f018 x14:00000018 x13:1a10f000
14676396ns          238702 1c008b10 00a7e723 p.sw             x10, x0(x15)        x10:00000067 x15:00000000  PA:1a10f018
14676734ns          238719 1c008b14 00000513 addi             x10, x0, 0          x10=00000000
14676754ns          238720 1c008b16 00008067 jalr             x0, x1, 0            x1:1c008bbe
14676813ns          238723 1c008bbe 31f52563 p.beqimm         x10, 778            x10:00000000
14676833ns          238724 1c008bc2 001d8d93 addi             x27, x27, 1         x27=00000008 x27:00000007
14676853ns          238725 1c008bc4 00044503 lbu              x10, 0(x8)          x10=00000020  x8:1c00002c  PA:1c00002c
14677151ns          238740 1c008bc8 00140413 addi             x8, x8, 1            x8=1c00002d  x8:1c00002c
14677171ns          238741 1c008bca fe0514e3 bne              x10, x0, -24        x10:00000020
14677251ns          238745 1c008bb2 02500793 addi             x15, x0, 37         x15=00000025
14677271ns          238746 1c008bb6 04f50863 beq              x10, x15, 80        x10:00000020 x15:00000025
14677291ns          238747 1c008bba 01a005b3 add              x11, x0, x26        x11=00000002 x26:00000002
14677311ns          238748 1c008bbc 000b00e7 jalr             x1, x22, 0           x1=1c008bbe x22:1c008af0
14677350ns          238750 1c008af0 000026b7 lui              x13, 0x2000         x13=00002000
14677370ns          238751 1c008af2 f14027f3 csrrs            x15, x0, 0xf14      x15=00000003
14677390ns          238752 1c008af6 f8068693 addi             x13, x13, -128      x13=00001f80 x13:00002000
14677410ns          238753 1c008afa 00379713 slli             x14, x15, 0x3       x14=00000018 x15:00000003
14677430ns          238754 1c008afe 00279793 slli             x15, x15, 0x2       x15=0000000c x15:00000003
14677450ns          238755 1c008b00 00d7f7b3 and              x15, x15, x13       x15=00000000 x15:0000000c x13:00001f80
14677470ns          238756 1c008b02 ee873733 p.bclr           x14, x14, 23, 8     x14=00000018 x14:00000018
14677490ns          238757 1c008b06 1a10f6b7 lui              x13, 0x1a10f000     x13=1a10f000
14677509ns          238758 1c008b0a 0ff57513 andi             x10, x10, 255       x10=00000020 x10:00000020
14677529ns          238759 1c008b0e 00d70733 add              x14, x14, x13       x14=1a10f018 x14:00000018 x13:1a10f000
14677549ns          238760 1c008b10 00a7e723 p.sw             x10, x0(x15)        x10:00000020 x15:00000000  PA:1a10f018
14677887ns          238777 1c008b14 00000513 addi             x10, x0, 0          x10=00000000
14677907ns          238778 1c008b16 00008067 jalr             x0, x1, 0            x1:1c008bbe
14677967ns          238781 1c008bbe 31f52563 p.beqimm         x10, 778            x10:00000000
14677987ns          238782 1c008bc2 001d8d93 addi             x27, x27, 1         x27=00000009 x27:00000008
14678007ns          238783 1c008bc4 00044503 lbu              x10, 0(x8)          x10=00000025  x8:1c00002d  PA:1c00002d
14678305ns          238798 1c008bc8 00140413 addi             x8, x8, 1            x8=1c00002e  x8:1c00002d
14678325ns          238799 1c008bca fe0514e3 bne              x10, x0, -24        x10:00000025
14678405ns          238803 1c008bb2 02500793 addi             x15, x0, 37         x15=00000025
14678424ns          238804 1c008bb6 04f50863 beq              x10, x15, 80        x10:00000025 x15:00000025
14678782ns          238822 1c008c06 00044483 lbu              x9, 0(x8)            x9=00000064  x8:1c00002e  PA:1c00002e
14679200ns          238843 1c008c0a 02000693 addi             x13, x0, 32         x13=00000020
14679260ns          238846 1c008c0e 00140a93 addi             x21, x8, 1          x21=1c00002f  x8:1c00002e
14679280ns          238847 1c008c12 009005b3 add              x11, x0, x9         x11=00000064  x9:00000064
14679300ns          238848 1c008c14 154b8513 addi             x10, x23, 340       x10=1c000154 x23:1c000000
14679319ns          238849 1c008c18 00d12823 sw               x13, 16(x2)         x13:00000020  x2:10001c98  PA:10001ca8
14679339ns          238850 1c008c1a 00012c23 sw               x0, 24(x2)           x2:10001c98  PA:10001cb0
14679359ns          238851 1c008c1c 00012a23 sw               x0, 20(x2)           x2:10001c98  PA:10001cac
14679379ns          238852 1c008c1e 00012e23 sw               x0, 28(x2)           x2:10001c98  PA:10001cb4
14679777ns          238872 1c008c20 00012623 sw               x0, 12(x2)           x2:10001c98  PA:10001ca4
14679817ns          238874 1c008c22 02300913 addi             x18, x0, 35         x18=00000023
14679837ns          238875 1c008c26 02d00a13 addi             x20, x0, 45         x20=0000002d
14679857ns          238876 1c008c2a 015009b3 add              x19, x0, x21        x19=1c00002f x21:1c00002f
14679876ns          238877 1c008c2c e97ff0ef jal              x1, -362             x1=1c008c2e
14680811ns          238924 1c008ac2 00054783 lbu              x15, 0(x10)         x15=0000002d x10:1c000154  PA:1c000154
14681249ns          238946 1c008ac6 0ff5f593 andi             x11, x11, 255       x11=00000064 x11:00000064
14681269ns          238947 1c008aca 00b78c63 beq              x15, x11, 24        x15:0000002d x11:00000064
14681289ns          238948 1c008ace 00078b63 beq              x15, x0, 22         x15:0000002d
14681328ns          238950 1c008ad0 00150793 addi             x15, x10, 1         x15=1c000155 x10:1c000154
14681368ns          238952 1c008ad4 0040006f jal              x0, 4              
14681408ns          238954 1c008ad8 00f00533 add              x10, x0, x15        x10=1c000155 x15:1c000155
14681428ns          238955 1c008ada 0017c70b p.lbu            x14, 1(x15!)        x14=0000002b x15=1c000156 x15:1c000155  PA:1c000155
14681925ns          238980 1c008ade feb71ce3 bne              x14, x11, -8        x14:0000002b x11:00000064
14681985ns          238983 1c008ad6 00070763 beq              x14, x0, 14         x14:0000002b
14682005ns          238984 1c008ad8 00f00533 add              x10, x0, x15        x10=1c000156 x15:1c000156
14682025ns          238985 1c008ada 0017c70b p.lbu            x14, 1(x15!)        x14=00000020 x15=1c000157 x15:1c000156  PA:1c000156
14682343ns          239001 1c008ade feb71ce3 bne              x14, x11, -8        x14:00000020 x11:00000064
14682403ns          239004 1c008ad6 00070763 beq              x14, x0, 14         x14:00000020
14682422ns          239005 1c008ad8 00f00533 add              x10, x0, x15        x10=1c000157 x15:1c000157
14682442ns          239006 1c008ada 0017c70b p.lbu            x14, 1(x15!)        x14=00000023 x15=1c000158 x15:1c000157  PA:1c000157
14682761ns          239022 1c008ade feb71ce3 bne              x14, x11, -8        x14:00000023 x11:00000064
14682820ns          239025 1c008ad6 00070763 beq              x14, x0, 14         x14:00000023
14682840ns          239026 1c008ad8 00f00533 add              x10, x0, x15        x10=1c000158 x15:1c000158
14682860ns          239027 1c008ada 0017c70b p.lbu            x14, 1(x15!)        x14=00000030 x15=1c000159 x15:1c000158  PA:1c000158
14683198ns          239044 1c008ade feb71ce3 bne              x14, x11, -8        x14:00000030 x11:00000064
14683258ns          239047 1c008ad6 00070763 beq              x14, x0, 14         x14:00000030
14683278ns          239048 1c008ad8 00f00533 add              x10, x0, x15        x10=1c000159 x15:1c000159
14683298ns          239049 1c008ada 0017c70b p.lbu            x14, 1(x15!)        x14=00000000 x15=1c00015a x15:1c000159  PA:1c000159
14683616ns          239065 1c008ade feb71ce3 bne              x14, x11, -8        x14:00000000 x11:00000064
14683676ns          239068 1c008ad6 00070763 beq              x14, x0, 14         x14:00000000
14683735ns          239071 1c008ae4 0015b593 sltiu            x11, x11, 1         x11=00000000 x11:00000064
14683755ns          239072 1c008ae8 40b005b3 sub              x11, x0, x11        x11=00000000 x11:00000000
14683775ns          239073 1c008aec 00b57533 and              x10, x10, x11       x10=00000000 x10:1c000159 x11:00000000
14683795ns          239074 1c008aee 00008067 jalr             x0, x1, 0            x1:1c008c2e
14683835ns          239076 1c008c2e 02050a63 beq              x10, x0, 52         x10:00000000
14684312ns          239100 1c008c62 02a00613 addi             x12, x0, 42         x12=0000002a
14684332ns          239101 1c008c66 2ac48663 beq              x9, x12, 684         x9:00000064 x12:0000002a
14684352ns          239102 1c008c6a fd048613 addi             x12, x9, -48        x12=00000034  x9:00000064
14684372ns          239103 1c008c6e 00900593 addi             x11, x0, 9          x11=00000009
14684789ns          239124 1c008c70 00000913 addi             x18, x0, 0          x18=00000000
14684829ns          239126 1c008c72 28c5f063 bgeu             x11, x12, 640       x11:00000009 x12:00000034
14684849ns          239127 1c008c76 02e00693 addi             x13, x0, 46         x13=0000002e
14684869ns          239128 1c008c7a fff00a13 addi             x20, x0, -1         x20=ffffffff
14684889ns          239129 1c008c7c 2ed48363 beq              x9, x13, 742         x9:00000064 x13:0000002e
14685307ns          239150 1c008c80 1c0007b7 lui              x15, 0x1c000000     x15=1c000000
14685346ns          239152 1c008c84 009005b3 add              x11, x0, x9         x11=00000064  x9:00000064
14685366ns          239153 1c008c86 15c78513 addi             x10, x15, 348       x10=1c00015c x15:1c000000
14685386ns          239154 1c008c8a e39ff0ef jal              x1, -456             x1=1c008c8c
14685883ns          239179 1c008ac2 00054783 lbu              x15, 0(x10)         x15=00000068 x10:1c00015c  PA:1c00015c
14686182ns          239194 1c008ac6 0ff5f593 andi             x11, x11, 255       x11=00000064 x11:00000064
14686202ns          239195 1c008aca 00b78c63 beq              x15, x11, 24        x15:00000068 x11:00000064
14686222ns          239196 1c008ace 00078b63 beq              x15, x0, 22         x15:00000068
14686241ns          239197 1c008ad0 00150793 addi             x15, x10, 1         x15=1c00015d x10:1c00015c
14686261ns          239198 1c008ad4 0040006f jal              x0, 4              
14686301ns          239200 1c008ad8 00f00533 add              x10, x0, x15        x10=1c00015d x15:1c00015d
14686321ns          239201 1c008ada 0017c70b p.lbu            x14, 1(x15!)        x14=0000006c x15=1c00015e x15:1c00015d  PA:1c00015d
14686639ns          239217 1c008ade feb71ce3 bne              x14, x11, -8        x14:0000006c x11:00000064
14686699ns          239220 1c008ad6 00070763 beq              x14, x0, 14         x14:0000006c
14686719ns          239221 1c008ad8 00f00533 add              x10, x0, x15        x10=1c00015e x15:1c00015e
14686739ns          239222 1c008ada 0017c70b p.lbu            x14, 1(x15!)        x14=0000004c x15=1c00015f x15:1c00015e  PA:1c00015e
14687137ns          239242 1c008ade feb71ce3 bne              x14, x11, -8        x14:0000004c x11:00000064
14687196ns          239245 1c008ad6 00070763 beq              x14, x0, 14         x14:0000004c
14687216ns          239246 1c008ad8 00f00533 add              x10, x0, x15        x10=1c00015f x15:1c00015f
14687236ns          239247 1c008ada 0017c70b p.lbu            x14, 1(x15!)        x14=0000007a x15=1c000160 x15:1c00015f  PA:1c00015f
14687554ns          239263 1c008ade feb71ce3 bne              x14, x11, -8        x14:0000007a x11:00000064
14687614ns          239266 1c008ad6 00070763 beq              x14, x0, 14         x14:0000007a
14687634ns          239267 1c008ad8 00f00533 add              x10, x0, x15        x10=1c000160 x15:1c000160
14687654ns          239268 1c008ada 0017c70b p.lbu            x14, 1(x15!)        x14=00000000 x15=1c000161 x15:1c000160  PA:1c000160
14687972ns          239284 1c008ade feb71ce3 bne              x14, x11, -8        x14:00000000 x11:00000064
14688032ns          239287 1c008ad6 00070763 beq              x14, x0, 14         x14:00000000
14688091ns          239290 1c008ae4 0015b593 sltiu            x11, x11, 1         x11=00000000 x11:00000064
14688111ns          239291 1c008ae8 40b005b3 sub              x11, x0, x11        x11=00000000 x11:00000000
14688131ns          239292 1c008aec 00b57533 and              x10, x10, x11       x10=00000000 x10:1c000160 x11:00000000
14688151ns          239293 1c008aee 00008067 jalr             x0, x1, 0            x1:1c008c8c
14688191ns          239295 1c008c8c 01300433 add              x8, x0, x19          x8=1c00002f x19:1c00002f
14688211ns          239296 1c008c8e 00050563 beq              x10, x0, 10         x10:00000000
14688270ns          239299 1c008c98 06700693 addi             x13, x0, 103        x13=00000067
14688290ns          239300 1c008c9c 2896d963 bge              x13, x9, 658        x13:00000067  x9:00000064
14689643ns          239368 1c008f2e 06500693 addi             x13, x0, 101        x13=00000065
14689683ns          239370 1c008f32 12d4d563 bge              x9, x13, 298         x9:00000064 x13:00000065
14689702ns          239371 1c008f36 04700693 addi             x13, x0, 71         x13=00000047
14689722ns          239372 1c008f3a dc96cbe3 blt              x13, x9, -554       x13:00000047  x9:00000064
14690617ns          239417 1c008d10 06300693 addi             x13, x0, 99         x13=00000063
14690657ns          239419 1c008d14 0ad488e3 beq              x9, x13, 2224        x9:00000064 x13:00000063
14690677ns          239420 1c008d18 0096c9e3 blt              x13, x9, 2066       x13:00000063  x9:00000064
14691672ns          239470 1c00952a 000c2583 lw               x11, 0(x24)         x11=00000001 x24:10001dec  PA:10001dec
14691692ns          239471 1c00952e 004c0c13 addi             x24, x24, 4         x24=10001df0 x24:10001dec
14692109ns          239492 1c009530 3405cc63 blt              x11, x0, 856        x11:00000001
14692149ns          239494 1c009534 01412603 lw               x12, 20(x2)         x12=00000000  x2:10001c98  PA:10001cac
14692169ns          239495 1c009536 00b006b3 add              x13, x0, x11        x13=00000001 x11:00000001
14692189ns          239496 1c009538 2e061863 bne              x12, x0, 752        x12:00000000
14692209ns          239497 1c00953c 01812703 lw               x14, 24(x2)         x14=00000000  x2:10001c98  PA:10001cb0
14692229ns          239498 1c00953e 019007b3 add              x15, x0, x25        x15=10001cbc x25:10001cbc
14692646ns          239519 1c009540 00070763 beq              x14, x0, 14         x14:00000000
14692706ns          239522 1c00954e 00f00733 add              x14, x0, x15        x14=10001cbc x15:10001cbc
14693144ns          239544 1c009550 00a00513 addi             x10, x0, 10         x10=0000000a
14693183ns          239546 1c009552 02a6f633 remu             x12, x13, x10       x12=00000001 x13:00000001 x10:0000000a
14693800ns          239577 1c009556 02a6d6b3 divu             x13, x13, x10       x13=00000000 x13:00000001 x10:0000000a
14694417ns          239608 1c00955a 03060613 addi             x12, x12, 48        x12=00000031 x12:00000001
14694436ns          239609 1c00955e 00c700ab p.sb             x12, 1(x14!)        x14=10001cbd x12:00000031 x14:10001cbc  PA:10001cbc
14694456ns          239610 1c009562 fe0698e3 bne              x13, x0, -16        x13:00000000
14694476ns          239611 1c009564 40f706b3 sub              x13, x14, x15       x13=00000001 x14:10001cbd x15:10001cbc
14694496ns          239612 1c009568 0146dc63 bge              x13, x20, 24        x13:00000001 x20:ffffffff
14695411ns          239658 1c009580 00e006b3 add              x13, x0, x14        x13=10001cbd x14:10001cbd
14695451ns          239660 1c009582 fe068fab p.sb             x0, -1(x13!)        x13=10001cbc x13:10001cbd  PA:10001cbd
14695471ns          239661 1c009586 00d7fc63 bgeu             x15, x13, 24        x15:10001cbc x13:10001cbc
14695968ns          239686 1c00959e 01412783 lw               x15, 20(x2)         x15=00000000  x2:10001c98  PA:10001cac
14696406ns          239708 1c0095a0 01812603 lw               x12, 24(x2)         x12=00000000  x2:10001c98  PA:10001cb0
14696445ns          239710 1c0095a2 419704b3 sub              x9, x14, x25         x9=00000001 x14:10001cbd x25:10001cbc
14696465ns          239711 1c0095a6 00c7e7b3 or               x15, x15, x12       x15=00000000 x15:00000000 x12:00000000
14696485ns          239712 1c0095a8 00f12623 sw               x15, 12(x2)         x15:00000000  x2:10001c98  PA:10001ca4
14696505ns          239713 1c0095aa 00079363 bne              x15, x0, 6          x15:00000000
14696525ns          239714 1c0095ac 01f5d593 srli             x11, x11, 0x1f      x11=00000000 x11:00000001
14696545ns          239715 1c0095ae 00b12623 sw               x11, 12(x2)         x11:00000000  x2:10001c98  PA:10001ca4
14696923ns          239734 1c0095b0 e3fa28e3 p.beqimm         x20, -464           x20:ffffffff
14697400ns          239758 1c0093e0 0c800793 addi             x15, x0, 200        x15=000000c8
14697440ns          239760 1c0093e4 9e97d0e3 bge              x15, x9, -1568      x15:000000c8  x9:00000001
14697937ns          239785 1c008dc4 0f24d163 bge              x9, x18, 226         x9:00000001 x18:00000000
14698454ns          239811 1c008ea6 d00482e3 beq              x9, x0, -764         x9:00000001
14698474ns          239812 1c008eaa 01900933 add              x18, x0, x25        x18=10001cbc x25:10001cbc
14698494ns          239813 1c008eac 419d8db3 sub              x27, x27, x25       x27=efffe34d x27:00000009 x25:10001cbc
14698912ns          239834 1c008eb0 00a0006f jal              x0, 10             
14698972ns          239837 1c008eba 0019450b p.lbu            x10, 1(x18!)        x10=00000031 x18=10001cbd x18:10001cbc  PA:10001cbc
14698991ns          239838 1c008ebe 01a005b3 add              x11, x0, x26        x11=00000002 x26:00000002
14699429ns          239860 1c008ec0 000b00e7 jalr             x1, x22, 0           x1=1c008ec2 x22:1c008af0
14699469ns          239862 1c008af0 000026b7 lui              x13, 0x2000         x13=00002000
14699489ns          239863 1c008af2 f14027f3 csrrs            x15, x0, 0xf14      x15=00000003
14699509ns          239864 1c008af6 f8068693 addi             x13, x13, -128      x13=00001f80 x13:00002000
14699528ns          239865 1c008afa 00379713 slli             x14, x15, 0x3       x14=00000018 x15:00000003
14699548ns          239866 1c008afe 00279793 slli             x15, x15, 0x2       x15=0000000c x15:00000003
14699588ns          239868 1c008b00 00d7f7b3 and              x15, x15, x13       x15=00000000 x15:0000000c x13:00001f80
14699628ns          239870 1c008b02 ee873733 p.bclr           x14, x14, 23, 8     x14=00000018 x14:00000018
14699648ns          239871 1c008b06 1a10f6b7 lui              x13, 0x1a10f000     x13=1a10f000
14699668ns          239872 1c008b0a 0ff57513 andi             x10, x10, 255       x10=00000031 x10:00000031
14699688ns          239873 1c008b0e 00d70733 add              x14, x14, x13       x14=1a10f018 x14:00000018 x13:1a10f000
14699727ns          239875 1c008b10 00a7e723 p.sw             x10, x0(x15)        x10:00000031 x15:00000000  PA:1a10f018
14700205ns          239899 1c008b14 00000513 addi             x10, x0, 0          x10=00000000
14700225ns          239900 1c008b16 00008067 jalr             x0, x1, 0            x1:1c008ec2
14700264ns          239902 1c008ec2 fff48493 addi             x9, x9, -1           x9=00000000  x9:00000001
14700284ns          239903 1c008ec4 fff537e3 p.bneimm         x10, -18            x10:00000000
14700364ns          239907 1c008eb2 012d8733 add              x14, x27, x18       x14=0000000a x27:efffe34d x18:10001cbd
14700384ns          239908 1c008eb6 5a048b63 beq              x9, x0, 1462         x9:00000000
14700742ns          239926 1c00946c 00e00db3 add              x27, x0, x14        x27=0000000a x14:0000000a
14701199ns          239949 1c00946e f3cff06f jal              x0, -2244          
14701319ns          239955 1c008baa 00044503 lbu              x10, 0(x8)          x10=00000020  x8:1c00002f  PA:1c00002f
14701617ns          239970 1c008bae 00140413 addi             x8, x8, 1            x8=1c000030  x8:1c00002f
14701637ns          239971 1c008bb0 00050e63 beq              x10, x0, 28         x10:00000020
14701657ns          239972 1c008bb2 02500793 addi             x15, x0, 37         x15=00000025
14701677ns          239973 1c008bb6 04f50863 beq              x10, x15, 80        x10:00000020 x15:00000025
14701697ns          239974 1c008bba 01a005b3 add              x11, x0, x26        x11=00000002 x26:00000002
14701716ns          239975 1c008bbc 000b00e7 jalr             x1, x22, 0           x1=1c008bbe x22:1c008af0
14701796ns          239979 1c008af0 000026b7 lui              x13, 0x2000         x13=00002000
14701816ns          239980 1c008af2 f14027f3 csrrs            x15, x0, 0xf14      x15=00000003
14701836ns          239981 1c008af6 f8068693 addi             x13, x13, -128      x13=00001f80 x13:00002000
14701856ns          239982 1c008afa 00379713 slli             x14, x15, 0x3       x14=00000018 x15:00000003
14701876ns          239983 1c008afe 00279793 slli             x15, x15, 0x2       x15=0000000c x15:00000003
14701895ns          239984 1c008b00 00d7f7b3 and              x15, x15, x13       x15=00000000 x15:0000000c x13:00001f80
14701915ns          239985 1c008b02 ee873733 p.bclr           x14, x14, 23, 8     x14=00000018 x14:00000018
14701935ns          239986 1c008b06 1a10f6b7 lui              x13, 0x1a10f000     x13=1a10f000
14701955ns          239987 1c008b0a 0ff57513 andi             x10, x10, 255       x10=00000020 x10:00000020
14701975ns          239988 1c008b0e 00d70733 add              x14, x14, x13       x14=1a10f018 x14:00000018 x13:1a10f000
14701995ns          239989 1c008b10 00a7e723 p.sw             x10, x0(x15)        x10:00000020 x15:00000000  PA:1a10f018
14702452ns          240012 1c008b14 00000513 addi             x10, x0, 0          x10=00000000
14702472ns          240013 1c008b16 00008067 jalr             x0, x1, 0            x1:1c008bbe
14702532ns          240016 1c008bbe 31f52563 p.beqimm         x10, 778            x10:00000000
14702552ns          240017 1c008bc2 001d8d93 addi             x27, x27, 1         x27=0000000b x27:0000000a
14702572ns          240018 1c008bc4 00044503 lbu              x10, 0(x8)          x10=0000006b  x8:1c000030  PA:1c000030
14702870ns          240033 1c008bc8 00140413 addi             x8, x8, 1            x8=1c000031  x8:1c000030
14702890ns          240034 1c008bca fe0514e3 bne              x10, x0, -24        x10:0000006b
14702970ns          240038 1c008bb2 02500793 addi             x15, x0, 37         x15=00000025
14702989ns          240039 1c008bb6 04f50863 beq              x10, x15, 80        x10:0000006b x15:00000025
14703009ns          240040 1c008bba 01a005b3 add              x11, x0, x26        x11=00000002 x26:00000002
14703029ns          240041 1c008bbc 000b00e7 jalr             x1, x22, 0           x1=1c008bbe x22:1c008af0
14703069ns          240043 1c008af0 000026b7 lui              x13, 0x2000         x13=00002000
14703089ns          240044 1c008af2 f14027f3 csrrs            x15, x0, 0xf14      x15=00000003
14703109ns          240045 1c008af6 f8068693 addi             x13, x13, -128      x13=00001f80 x13:00002000
14703129ns          240046 1c008afa 00379713 slli             x14, x15, 0x3       x14=00000018 x15:00000003
14703149ns          240047 1c008afe 00279793 slli             x15, x15, 0x2       x15=0000000c x15:00000003
14703168ns          240048 1c008b00 00d7f7b3 and              x15, x15, x13       x15=00000000 x15:0000000c x13:00001f80
14703188ns          240049 1c008b02 ee873733 p.bclr           x14, x14, 23, 8     x14=00000018 x14:00000018
14703208ns          240050 1c008b06 1a10f6b7 lui              x13, 0x1a10f000     x13=1a10f000
14703228ns          240051 1c008b0a 0ff57513 andi             x10, x10, 255       x10=0000006b x10:0000006b
14703248ns          240052 1c008b0e 00d70733 add              x14, x14, x13       x14=1a10f018 x14:00000018 x13:1a10f000
14703268ns          240053 1c008b10 00a7e723 p.sw             x10, x0(x15)        x10:0000006b x15:00000000  PA:1a10f018
14703586ns          240069 1c008b14 00000513 addi             x10, x0, 0          x10=00000000
14703606ns          240070 1c008b16 00008067 jalr             x0, x1, 0            x1:1c008bbe
14703666ns          240073 1c008bbe 31f52563 p.beqimm         x10, 778            x10:00000000
14703686ns          240074 1c008bc2 001d8d93 addi             x27, x27, 1         x27=0000000c x27:0000000b
14703706ns          240075 1c008bc4 00044503 lbu              x10, 0(x8)          x10=00000065  x8:1c000031  PA:1c000031
14704004ns          240090 1c008bc8 00140413 addi             x8, x8, 1            x8=1c000032  x8:1c000031
14704024ns          240091 1c008bca fe0514e3 bne              x10, x0, -24        x10:00000065
14704103ns          240095 1c008bb2 02500793 addi             x15, x0, 37         x15=00000025
14704123ns          240096 1c008bb6 04f50863 beq              x10, x15, 80        x10:00000065 x15:00000025
14704143ns          240097 1c008bba 01a005b3 add              x11, x0, x26        x11=00000002 x26:00000002
14704163ns          240098 1c008bbc 000b00e7 jalr             x1, x22, 0           x1=1c008bbe x22:1c008af0
14704203ns          240100 1c008af0 000026b7 lui              x13, 0x2000         x13=00002000
14704223ns          240101 1c008af2 f14027f3 csrrs            x15, x0, 0xf14      x15=00000003
14704243ns          240102 1c008af6 f8068693 addi             x13, x13, -128      x13=00001f80 x13:00002000
14704262ns          240103 1c008afa 00379713 slli             x14, x15, 0x3       x14=00000018 x15:00000003
14704282ns          240104 1c008afe 00279793 slli             x15, x15, 0x2       x15=0000000c x15:00000003
14704302ns          240105 1c008b00 00d7f7b3 and              x15, x15, x13       x15=00000000 x15:0000000c x13:00001f80
14704322ns          240106 1c008b02 ee873733 p.bclr           x14, x14, 23, 8     x14=00000018 x14:00000018
14704342ns          240107 1c008b06 1a10f6b7 lui              x13, 0x1a10f000     x13=1a10f000
14704362ns          240108 1c008b0a 0ff57513 andi             x10, x10, 255       x10=00000065 x10:00000065
14704382ns          240109 1c008b0e 00d70733 add              x14, x14, x13       x14=1a10f018 x14:00000018 x13:1a10f000
14704402ns          240110 1c008b10 00a7e723 p.sw             x10, x0(x15)        x10:00000065 x15:00000000  PA:1a10f018
14704760ns          240128 1c008b14 00000513 addi             x10, x0, 0          x10=00000000
14704780ns          240129 1c008b16 00008067 jalr             x0, x1, 0            x1:1c008bbe
14704839ns          240132 1c008bbe 31f52563 p.beqimm         x10, 778            x10:00000000
14704859ns          240133 1c008bc2 001d8d93 addi             x27, x27, 1         x27=0000000d x27:0000000c
14704879ns          240134 1c008bc4 00044503 lbu              x10, 0(x8)          x10=00000072  x8:1c000032  PA:1c000032
14705177ns          240149 1c008bc8 00140413 addi             x8, x8, 1            x8=1c000033  x8:1c000032
14705197ns          240150 1c008bca fe0514e3 bne              x10, x0, -24        x10:00000072
14705277ns          240154 1c008bb2 02500793 addi             x15, x0, 37         x15=00000025
14705297ns          240155 1c008bb6 04f50863 beq              x10, x15, 80        x10:00000072 x15:00000025
14705317ns          240156 1c008bba 01a005b3 add              x11, x0, x26        x11=00000002 x26:00000002
14705337ns          240157 1c008bbc 000b00e7 jalr             x1, x22, 0           x1=1c008bbe x22:1c008af0
14705376ns          240159 1c008af0 000026b7 lui              x13, 0x2000         x13=00002000
14705396ns          240160 1c008af2 f14027f3 csrrs            x15, x0, 0xf14      x15=00000003
14705416ns          240161 1c008af6 f8068693 addi             x13, x13, -128      x13=00001f80 x13:00002000
14705436ns          240162 1c008afa 00379713 slli             x14, x15, 0x3       x14=00000018 x15:00000003
14705456ns          240163 1c008afe 00279793 slli             x15, x15, 0x2       x15=0000000c x15:00000003
14705476ns          240164 1c008b00 00d7f7b3 and              x15, x15, x13       x15=00000000 x15:0000000c x13:00001f80
14705496ns          240165 1c008b02 ee873733 p.bclr           x14, x14, 23, 8     x14=00000018 x14:00000018
14705516ns          240166 1c008b06 1a10f6b7 lui              x13, 0x1a10f000     x13=1a10f000
14705535ns          240167 1c008b0a 0ff57513 andi             x10, x10, 255       x10=00000072 x10:00000072
14705555ns          240168 1c008b0e 00d70733 add              x14, x14, x13       x14=1a10f018 x14:00000018 x13:1a10f000
14705575ns          240169 1c008b10 00a7e723 p.sw             x10, x0(x15)        x10:00000072 x15:00000000  PA:1a10f018
14705913ns          240186 1c008b14 00000513 addi             x10, x0, 0          x10=00000000
14705933ns          240187 1c008b16 00008067 jalr             x0, x1, 0            x1:1c008bbe
14705993ns          240190 1c008bbe 31f52563 p.beqimm         x10, 778            x10:00000000
14706013ns          240191 1c008bc2 001d8d93 addi             x27, x27, 1         x27=0000000e x27:0000000d
14706033ns          240192 1c008bc4 00044503 lbu              x10, 0(x8)          x10=0000006e  x8:1c000033  PA:1c000033
14706331ns          240207 1c008bc8 00140413 addi             x8, x8, 1            x8=1c000034  x8:1c000033
14706351ns          240208 1c008bca fe0514e3 bne              x10, x0, -24        x10:0000006e
14706431ns          240212 1c008bb2 02500793 addi             x15, x0, 37         x15=00000025
14706450ns          240213 1c008bb6 04f50863 beq              x10, x15, 80        x10:0000006e x15:00000025
14706470ns          240214 1c008bba 01a005b3 add              x11, x0, x26        x11=00000002 x26:00000002
14706490ns          240215 1c008bbc 000b00e7 jalr             x1, x22, 0           x1=1c008bbe x22:1c008af0
14706530ns          240217 1c008af0 000026b7 lui              x13, 0x2000         x13=00002000
14706550ns          240218 1c008af2 f14027f3 csrrs            x15, x0, 0xf14      x15=00000003
14706570ns          240219 1c008af6 f8068693 addi             x13, x13, -128      x13=00001f80 x13:00002000
14706590ns          240220 1c008afa 00379713 slli             x14, x15, 0x3       x14=00000018 x15:00000003
14706610ns          240221 1c008afe 00279793 slli             x15, x15, 0x2       x15=0000000c x15:00000003
14706629ns          240222 1c008b00 00d7f7b3 and              x15, x15, x13       x15=00000000 x15:0000000c x13:00001f80
14706649ns          240223 1c008b02 ee873733 p.bclr           x14, x14, 23, 8     x14=00000018 x14:00000018
14706669ns          240224 1c008b06 1a10f6b7 lui              x13, 0x1a10f000     x13=1a10f000
14706689ns          240225 1c008b0a 0ff57513 andi             x10, x10, 255       x10=0000006e x10:0000006e
14706709ns          240226 1c008b0e 00d70733 add              x14, x14, x13       x14=1a10f018 x14:00000018 x13:1a10f000
14706729ns          240227 1c008b10 00a7e723 p.sw             x10, x0(x15)        x10:0000006e x15:00000000  PA:1a10f018
14707067ns          240244 1c008b14 00000513 addi             x10, x0, 0          x10=00000000
14707087ns          240245 1c008b16 00008067 jalr             x0, x1, 0            x1:1c008bbe
14707147ns          240248 1c008bbe 31f52563 p.beqimm         x10, 778            x10:00000000
14707167ns          240249 1c008bc2 001d8d93 addi             x27, x27, 1         x27=0000000f x27:0000000e
14707186ns          240250 1c008bc4 00044503 lbu              x10, 0(x8)          x10=00000065  x8:1c000034  PA:1c000034
14707485ns          240265 1c008bc8 00140413 addi             x8, x8, 1            x8=1c000035  x8:1c000034
14707505ns          240266 1c008bca fe0514e3 bne              x10, x0, -24        x10:00000065
14707584ns          240270 1c008bb2 02500793 addi             x15, x0, 37         x15=00000025
14707604ns          240271 1c008bb6 04f50863 beq              x10, x15, 80        x10:00000065 x15:00000025
14707624ns          240272 1c008bba 01a005b3 add              x11, x0, x26        x11=00000002 x26:00000002
14707644ns          240273 1c008bbc 000b00e7 jalr             x1, x22, 0           x1=1c008bbe x22:1c008af0
14707684ns          240275 1c008af0 000026b7 lui              x13, 0x2000         x13=00002000
14707704ns          240276 1c008af2 f14027f3 csrrs            x15, x0, 0xf14      x15=00000003
14707723ns          240277 1c008af6 f8068693 addi             x13, x13, -128      x13=00001f80 x13:00002000
14707743ns          240278 1c008afa 00379713 slli             x14, x15, 0x3       x14=00000018 x15:00000003
14707763ns          240279 1c008afe 00279793 slli             x15, x15, 0x2       x15=0000000c x15:00000003
14707783ns          240280 1c008b00 00d7f7b3 and              x15, x15, x13       x15=00000000 x15:0000000c x13:00001f80
14707803ns          240281 1c008b02 ee873733 p.bclr           x14, x14, 23, 8     x14=00000018 x14:00000018
14707823ns          240282 1c008b06 1a10f6b7 lui              x13, 0x1a10f000     x13=1a10f000
14707843ns          240283 1c008b0a 0ff57513 andi             x10, x10, 255       x10=00000065 x10:00000065
14707863ns          240284 1c008b0e 00d70733 add              x14, x14, x13       x14=1a10f018 x14:00000018 x13:1a10f000
14707883ns          240285 1c008b10 00a7e723 p.sw             x10, x0(x15)        x10:00000065 x15:00000000  PA:1a10f018
14708201ns          240301 1c008b14 00000513 addi             x10, x0, 0          x10=00000000
14708221ns          240302 1c008b16 00008067 jalr             x0, x1, 0            x1:1c008bbe
14708280ns          240305 1c008bbe 31f52563 p.beqimm         x10, 778            x10:00000000
14708300ns          240306 1c008bc2 001d8d93 addi             x27, x27, 1         x27=00000010 x27:0000000f
14708320ns          240307 1c008bc4 00044503 lbu              x10, 0(x8)          x10=0000006c  x8:1c000035  PA:1c000035
14708619ns          240322 1c008bc8 00140413 addi             x8, x8, 1            x8=1c000036  x8:1c000035
14708638ns          240323 1c008bca fe0514e3 bne              x10, x0, -24        x10:0000006c
14708718ns          240327 1c008bb2 02500793 addi             x15, x0, 37         x15=00000025
14708738ns          240328 1c008bb6 04f50863 beq              x10, x15, 80        x10:0000006c x15:00000025
14708758ns          240329 1c008bba 01a005b3 add              x11, x0, x26        x11=00000002 x26:00000002
14708778ns          240330 1c008bbc 000b00e7 jalr             x1, x22, 0           x1=1c008bbe x22:1c008af0
14708817ns          240332 1c008af0 000026b7 lui              x13, 0x2000         x13=00002000
14708837ns          240333 1c008af2 f14027f3 csrrs            x15, x0, 0xf14      x15=00000003
14708857ns          240334 1c008af6 f8068693 addi             x13, x13, -128      x13=00001f80 x13:00002000
14708877ns          240335 1c008afa 00379713 slli             x14, x15, 0x3       x14=00000018 x15:00000003
14708897ns          240336 1c008afe 00279793 slli             x15, x15, 0x2       x15=0000000c x15:00000003
14708917ns          240337 1c008b00 00d7f7b3 and              x15, x15, x13       x15=00000000 x15:0000000c x13:00001f80
14708937ns          240338 1c008b02 ee873733 p.bclr           x14, x14, 23, 8     x14=00000018 x14:00000018
14708957ns          240339 1c008b06 1a10f6b7 lui              x13, 0x1a10f000     x13=1a10f000
14708977ns          240340 1c008b0a 0ff57513 andi             x10, x10, 255       x10=0000006c x10:0000006c
14708996ns          240341 1c008b0e 00d70733 add              x14, x14, x13       x14=1a10f018 x14:00000018 x13:1a10f000
14709016ns          240342 1c008b10 00a7e723 p.sw             x10, x0(x15)        x10:0000006c x15:00000000  PA:1a10f018
14709335ns          240358 1c008b14 00000513 addi             x10, x0, 0          x10=00000000
14709355ns          240359 1c008b16 00008067 jalr             x0, x1, 0            x1:1c008bbe
14709414ns          240362 1c008bbe 31f52563 p.beqimm         x10, 778            x10:00000000
14709434ns          240363 1c008bc2 001d8d93 addi             x27, x27, 1         x27=00000011 x27:00000010
14709454ns          240364 1c008bc4 00044503 lbu              x10, 0(x8)          x10=00000020  x8:1c000036  PA:1c000036
14709772ns          240380 1c008bc8 00140413 addi             x8, x8, 1            x8=1c000037  x8:1c000036
14709792ns          240381 1c008bca fe0514e3 bne              x10, x0, -24        x10:00000020
14709872ns          240385 1c008bb2 02500793 addi             x15, x0, 37         x15=00000025
14709892ns          240386 1c008bb6 04f50863 beq              x10, x15, 80        x10:00000020 x15:00000025
14709911ns          240387 1c008bba 01a005b3 add              x11, x0, x26        x11=00000002 x26:00000002
14709931ns          240388 1c008bbc 000b00e7 jalr             x1, x22, 0           x1=1c008bbe x22:1c008af0
14709971ns          240390 1c008af0 000026b7 lui              x13, 0x2000         x13=00002000
14709991ns          240391 1c008af2 f14027f3 csrrs            x15, x0, 0xf14      x15=00000003
14710011ns          240392 1c008af6 f8068693 addi             x13, x13, -128      x13=00001f80 x13:00002000
14710031ns          240393 1c008afa 00379713 slli             x14, x15, 0x3       x14=00000018 x15:00000003
14710051ns          240394 1c008afe 00279793 slli             x15, x15, 0x2       x15=0000000c x15:00000003
14710071ns          240395 1c008b00 00d7f7b3 and              x15, x15, x13       x15=00000000 x15:0000000c x13:00001f80
14710090ns          240396 1c008b02 ee873733 p.bclr           x14, x14, 23, 8     x14=00000018 x14:00000018
14710110ns          240397 1c008b06 1a10f6b7 lui              x13, 0x1a10f000     x13=1a10f000
14710130ns          240398 1c008b0a 0ff57513 andi             x10, x10, 255       x10=00000020 x10:00000020
14710150ns          240399 1c008b0e 00d70733 add              x14, x14, x13       x14=1a10f018 x14:00000018 x13:1a10f000
14710170ns          240400 1c008b10 00a7e723 p.sw             x10, x0(x15)        x10:00000020 x15:00000000  PA:1a10f018
14710488ns          240416 1c008b14 00000513 addi             x10, x0, 0          x10=00000000
14710508ns          240417 1c008b16 00008067 jalr             x0, x1, 0            x1:1c008bbe
14710568ns          240420 1c008bbe 31f52563 p.beqimm         x10, 778            x10:00000000
14710588ns          240421 1c008bc2 001d8d93 addi             x27, x27, 1         x27=00000012 x27:00000011
14710608ns          240422 1c008bc4 00044503 lbu              x10, 0(x8)          x10=00000069  x8:1c000037  PA:1c000037
14710906ns          240437 1c008bc8 00140413 addi             x8, x8, 1            x8=1c000038  x8:1c000037
14710926ns          240438 1c008bca fe0514e3 bne              x10, x0, -24        x10:00000069
14711005ns          240442 1c008bb2 02500793 addi             x15, x0, 37         x15=00000025
14711025ns          240443 1c008bb6 04f50863 beq              x10, x15, 80        x10:00000069 x15:00000025
14711045ns          240444 1c008bba 01a005b3 add              x11, x0, x26        x11=00000002 x26:00000002
14711065ns          240445 1c008bbc 000b00e7 jalr             x1, x22, 0           x1=1c008bbe x22:1c008af0
14711105ns          240447 1c008af0 000026b7 lui              x13, 0x2000         x13=00002000
14711125ns          240448 1c008af2 f14027f3 csrrs            x15, x0, 0xf14      x15=00000003
14711145ns          240449 1c008af6 f8068693 addi             x13, x13, -128      x13=00001f80 x13:00002000
14711165ns          240450 1c008afa 00379713 slli             x14, x15, 0x3       x14=00000018 x15:00000003
14711184ns          240451 1c008afe 00279793 slli             x15, x15, 0x2       x15=0000000c x15:00000003
14711204ns          240452 1c008b00 00d7f7b3 and              x15, x15, x13       x15=00000000 x15:0000000c x13:00001f80
14711224ns          240453 1c008b02 ee873733 p.bclr           x14, x14, 23, 8     x14=00000018 x14:00000018
14711244ns          240454 1c008b06 1a10f6b7 lui              x13, 0x1a10f000     x13=1a10f000
14711264ns          240455 1c008b0a 0ff57513 andi             x10, x10, 255       x10=00000069 x10:00000069
14711284ns          240456 1c008b0e 00d70733 add              x14, x14, x13       x14=1a10f018 x14:00000018 x13:1a10f000
14711304ns          240457 1c008b10 00a7e723 p.sw             x10, x0(x15)        x10:00000069 x15:00000000  PA:1a10f018
14711622ns          240473 1c008b14 00000513 addi             x10, x0, 0          x10=00000000
14711642ns          240474 1c008b16 00008067 jalr             x0, x1, 0            x1:1c008bbe
14711702ns          240477 1c008bbe 31f52563 p.beqimm         x10, 778            x10:00000000
14711722ns          240478 1c008bc2 001d8d93 addi             x27, x27, 1         x27=00000013 x27:00000012
14711741ns          240479 1c008bc4 00044503 lbu              x10, 0(x8)          x10=00000074  x8:1c000038  PA:1c000038
14712040ns          240494 1c008bc8 00140413 addi             x8, x8, 1            x8=1c000039  x8:1c000038
14712060ns          240495 1c008bca fe0514e3 bne              x10, x0, -24        x10:00000074
14712139ns          240499 1c008bb2 02500793 addi             x15, x0, 37         x15=00000025
14712159ns          240500 1c008bb6 04f50863 beq              x10, x15, 80        x10:00000074 x15:00000025
14712179ns          240501 1c008bba 01a005b3 add              x11, x0, x26        x11=00000002 x26:00000002
14712199ns          240502 1c008bbc 000b00e7 jalr             x1, x22, 0           x1=1c008bbe x22:1c008af0
14712239ns          240504 1c008af0 000026b7 lui              x13, 0x2000         x13=00002000
14712259ns          240505 1c008af2 f14027f3 csrrs            x15, x0, 0xf14      x15=00000003
14712278ns          240506 1c008af6 f8068693 addi             x13, x13, -128      x13=00001f80 x13:00002000
14712298ns          240507 1c008afa 00379713 slli             x14, x15, 0x3       x14=00000018 x15:00000003
14712318ns          240508 1c008afe 00279793 slli             x15, x15, 0x2       x15=0000000c x15:00000003
14712338ns          240509 1c008b00 00d7f7b3 and              x15, x15, x13       x15=00000000 x15:0000000c x13:00001f80
14712358ns          240510 1c008b02 ee873733 p.bclr           x14, x14, 23, 8     x14=00000018 x14:00000018
14712378ns          240511 1c008b06 1a10f6b7 lui              x13, 0x1a10f000     x13=1a10f000
14712398ns          240512 1c008b0a 0ff57513 andi             x10, x10, 255       x10=00000074 x10:00000074
14712418ns          240513 1c008b0e 00d70733 add              x14, x14, x13       x14=1a10f018 x14:00000018 x13:1a10f000
14712438ns          240514 1c008b10 00a7e723 p.sw             x10, x0(x15)        x10:00000074 x15:00000000  PA:1a10f018
14712756ns          240530 1c008b14 00000513 addi             x10, x0, 0          x10=00000000
14712776ns          240531 1c008b16 00008067 jalr             x0, x1, 0            x1:1c008bbe
14712835ns          240534 1c008bbe 31f52563 p.beqimm         x10, 778            x10:00000000
14712855ns          240535 1c008bc2 001d8d93 addi             x27, x27, 1         x27=00000014 x27:00000013
14712875ns          240536 1c008bc4 00044503 lbu              x10, 0(x8)          x10=00000065  x8:1c000039  PA:1c000039
14713174ns          240551 1c008bc8 00140413 addi             x8, x8, 1            x8=1c00003a  x8:1c000039
14713193ns          240552 1c008bca fe0514e3 bne              x10, x0, -24        x10:00000065
14713273ns          240556 1c008bb2 02500793 addi             x15, x0, 37         x15=00000025
14713293ns          240557 1c008bb6 04f50863 beq              x10, x15, 80        x10:00000065 x15:00000025
14713313ns          240558 1c008bba 01a005b3 add              x11, x0, x26        x11=00000002 x26:00000002
14713333ns          240559 1c008bbc 000b00e7 jalr             x1, x22, 0           x1=1c008bbe x22:1c008af0
14713372ns          240561 1c008af0 000026b7 lui              x13, 0x2000         x13=00002000
14713392ns          240562 1c008af2 f14027f3 csrrs            x15, x0, 0xf14      x15=00000003
14713412ns          240563 1c008af6 f8068693 addi             x13, x13, -128      x13=00001f80 x13:00002000
14713432ns          240564 1c008afa 00379713 slli             x14, x15, 0x3       x14=00000018 x15:00000003
14713452ns          240565 1c008afe 00279793 slli             x15, x15, 0x2       x15=0000000c x15:00000003
14713472ns          240566 1c008b00 00d7f7b3 and              x15, x15, x13       x15=00000000 x15:0000000c x13:00001f80
14713492ns          240567 1c008b02 ee873733 p.bclr           x14, x14, 23, 8     x14=00000018 x14:00000018
14713512ns          240568 1c008b06 1a10f6b7 lui              x13, 0x1a10f000     x13=1a10f000
14713532ns          240569 1c008b0a 0ff57513 andi             x10, x10, 255       x10=00000065 x10:00000065
14713551ns          240570 1c008b0e 00d70733 add              x14, x14, x13       x14=1a10f018 x14:00000018 x13:1a10f000
14713571ns          240571 1c008b10 00a7e723 p.sw             x10, x0(x15)        x10:00000065 x15:00000000  PA:1a10f018
14713910ns          240588 1c008b14 00000513 addi             x10, x0, 0          x10=00000000
14713929ns          240589 1c008b16 00008067 jalr             x0, x1, 0            x1:1c008bbe
14713989ns          240592 1c008bbe 31f52563 p.beqimm         x10, 778            x10:00000000
14714009ns          240593 1c008bc2 001d8d93 addi             x27, x27, 1         x27=00000015 x27:00000014
14714029ns          240594 1c008bc4 00044503 lbu              x10, 0(x8)          x10=00000072  x8:1c00003a  PA:1c00003a
14714327ns          240609 1c008bc8 00140413 addi             x8, x8, 1            x8=1c00003b  x8:1c00003a
14714347ns          240610 1c008bca fe0514e3 bne              x10, x0, -24        x10:00000072
14714427ns          240614 1c008bb2 02500793 addi             x15, x0, 37         x15=00000025
14714447ns          240615 1c008bb6 04f50863 beq              x10, x15, 80        x10:00000072 x15:00000025
14714466ns          240616 1c008bba 01a005b3 add              x11, x0, x26        x11=00000002 x26:00000002
14714486ns          240617 1c008bbc 000b00e7 jalr             x1, x22, 0           x1=1c008bbe x22:1c008af0
14714526ns          240619 1c008af0 000026b7 lui              x13, 0x2000         x13=00002000
14714546ns          240620 1c008af2 f14027f3 csrrs            x15, x0, 0xf14      x15=00000003
14714566ns          240621 1c008af6 f8068693 addi             x13, x13, -128      x13=00001f80 x13:00002000
14714586ns          240622 1c008afa 00379713 slli             x14, x15, 0x3       x14=00000018 x15:00000003
14714606ns          240623 1c008afe 00279793 slli             x15, x15, 0x2       x15=0000000c x15:00000003
14714626ns          240624 1c008b00 00d7f7b3 and              x15, x15, x13       x15=00000000 x15:0000000c x13:00001f80
14714645ns          240625 1c008b02 ee873733 p.bclr           x14, x14, 23, 8     x14=00000018 x14:00000018
14714665ns          240626 1c008b06 1a10f6b7 lui              x13, 0x1a10f000     x13=1a10f000
14714685ns          240627 1c008b0a 0ff57513 andi             x10, x10, 255       x10=00000072 x10:00000072
14714705ns          240628 1c008b0e 00d70733 add              x14, x14, x13       x14=1a10f018 x14:00000018 x13:1a10f000
14714725ns          240629 1c008b10 00a7e723 p.sw             x10, x0(x15)        x10:00000072 x15:00000000  PA:1a10f018
14715063ns          240646 1c008b14 00000513 addi             x10, x0, 0          x10=00000000
14715083ns          240647 1c008b16 00008067 jalr             x0, x1, 0            x1:1c008bbe
14715143ns          240650 1c008bbe 31f52563 p.beqimm         x10, 778            x10:00000000
14715163ns          240651 1c008bc2 001d8d93 addi             x27, x27, 1         x27=00000016 x27:00000015
14715183ns          240652 1c008bc4 00044503 lbu              x10, 0(x8)          x10=00000061  x8:1c00003b  PA:1c00003b
14715481ns          240667 1c008bc8 00140413 addi             x8, x8, 1            x8=1c00003c  x8:1c00003b
14715501ns          240668 1c008bca fe0514e3 bne              x10, x0, -24        x10:00000061
14715580ns          240672 1c008bb2 02500793 addi             x15, x0, 37         x15=00000025
14715600ns          240673 1c008bb6 04f50863 beq              x10, x15, 80        x10:00000061 x15:00000025
14715620ns          240674 1c008bba 01a005b3 add              x11, x0, x26        x11=00000002 x26:00000002
14715640ns          240675 1c008bbc 000b00e7 jalr             x1, x22, 0           x1=1c008bbe x22:1c008af0
14715680ns          240677 1c008af0 000026b7 lui              x13, 0x2000         x13=00002000
14715700ns          240678 1c008af2 f14027f3 csrrs            x15, x0, 0xf14      x15=00000003
14715720ns          240679 1c008af6 f8068693 addi             x13, x13, -128      x13=00001f80 x13:00002000
14715739ns          240680 1c008afa 00379713 slli             x14, x15, 0x3       x14=00000018 x15:00000003
14715759ns          240681 1c008afe 00279793 slli             x15, x15, 0x2       x15=0000000c x15:00000003
14715779ns          240682 1c008b00 00d7f7b3 and              x15, x15, x13       x15=00000000 x15:0000000c x13:00001f80
14715799ns          240683 1c008b02 ee873733 p.bclr           x14, x14, 23, 8     x14=00000018 x14:00000018
14715819ns          240684 1c008b06 1a10f6b7 lui              x13, 0x1a10f000     x13=1a10f000
14715839ns          240685 1c008b0a 0ff57513 andi             x10, x10, 255       x10=00000061 x10:00000061
14715859ns          240686 1c008b0e 00d70733 add              x14, x14, x13       x14=1a10f018 x14:00000018 x13:1a10f000
14715879ns          240687 1c008b10 00a7e723 p.sw             x10, x0(x15)        x10:00000061 x15:00000000  PA:1a10f018
14716197ns          240703 1c008b14 00000513 addi             x10, x0, 0          x10=00000000
14716217ns          240704 1c008b16 00008067 jalr             x0, x1, 0            x1:1c008bbe
14716277ns          240707 1c008bbe 31f52563 p.beqimm         x10, 778            x10:00000000
14716296ns          240708 1c008bc2 001d8d93 addi             x27, x27, 1         x27=00000017 x27:00000016
14716316ns          240709 1c008bc4 00044503 lbu              x10, 0(x8)          x10=00000074  x8:1c00003c  PA:1c00003c
14716615ns          240724 1c008bc8 00140413 addi             x8, x8, 1            x8=1c00003d  x8:1c00003c
14716635ns          240725 1c008bca fe0514e3 bne              x10, x0, -24        x10:00000074
14716714ns          240729 1c008bb2 02500793 addi             x15, x0, 37         x15=00000025
14716734ns          240730 1c008bb6 04f50863 beq              x10, x15, 80        x10:00000074 x15:00000025
14716754ns          240731 1c008bba 01a005b3 add              x11, x0, x26        x11=00000002 x26:00000002
14716774ns          240732 1c008bbc 000b00e7 jalr             x1, x22, 0           x1=1c008bbe x22:1c008af0
14716814ns          240734 1c008af0 000026b7 lui              x13, 0x2000         x13=00002000
14716833ns          240735 1c008af2 f14027f3 csrrs            x15, x0, 0xf14      x15=00000003
14716853ns          240736 1c008af6 f8068693 addi             x13, x13, -128      x13=00001f80 x13:00002000
14716873ns          240737 1c008afa 00379713 slli             x14, x15, 0x3       x14=00000018 x15:00000003
14716893ns          240738 1c008afe 00279793 slli             x15, x15, 0x2       x15=0000000c x15:00000003
14716913ns          240739 1c008b00 00d7f7b3 and              x15, x15, x13       x15=00000000 x15:0000000c x13:00001f80
14716933ns          240740 1c008b02 ee873733 p.bclr           x14, x14, 23, 8     x14=00000018 x14:00000018
14716953ns          240741 1c008b06 1a10f6b7 lui              x13, 0x1a10f000     x13=1a10f000
14716973ns          240742 1c008b0a 0ff57513 andi             x10, x10, 255       x10=00000074 x10:00000074
14716993ns          240743 1c008b0e 00d70733 add              x14, x14, x13       x14=1a10f018 x14:00000018 x13:1a10f000
14717012ns          240744 1c008b10 00a7e723 p.sw             x10, x0(x15)        x10:00000074 x15:00000000  PA:1a10f018
14717331ns          240760 1c008b14 00000513 addi             x10, x0, 0          x10=00000000
14717351ns          240761 1c008b16 00008067 jalr             x0, x1, 0            x1:1c008bbe
14717410ns          240764 1c008bbe 31f52563 p.beqimm         x10, 778            x10:00000000
14717430ns          240765 1c008bc2 001d8d93 addi             x27, x27, 1         x27=00000018 x27:00000017
14717450ns          240766 1c008bc4 00044503 lbu              x10, 0(x8)          x10=00000069  x8:1c00003d  PA:1c00003d
14717768ns          240782 1c008bc8 00140413 addi             x8, x8, 1            x8=1c00003e  x8:1c00003d
14717788ns          240783 1c008bca fe0514e3 bne              x10, x0, -24        x10:00000069
14717868ns          240787 1c008bb2 02500793 addi             x15, x0, 37         x15=00000025
14717888ns          240788 1c008bb6 04f50863 beq              x10, x15, 80        x10:00000069 x15:00000025
14717908ns          240789 1c008bba 01a005b3 add              x11, x0, x26        x11=00000002 x26:00000002
14717927ns          240790 1c008bbc 000b00e7 jalr             x1, x22, 0           x1=1c008bbe x22:1c008af0
14717967ns          240792 1c008af0 000026b7 lui              x13, 0x2000         x13=00002000
14717987ns          240793 1c008af2 f14027f3 csrrs            x15, x0, 0xf14      x15=00000003
14718007ns          240794 1c008af6 f8068693 addi             x13, x13, -128      x13=00001f80 x13:00002000
14718027ns          240795 1c008afa 00379713 slli             x14, x15, 0x3       x14=00000018 x15:00000003
14718047ns          240796 1c008afe 00279793 slli             x15, x15, 0x2       x15=0000000c x15:00000003
14718067ns          240797 1c008b00 00d7f7b3 and              x15, x15, x13       x15=00000000 x15:0000000c x13:00001f80
14718087ns          240798 1c008b02 ee873733 p.bclr           x14, x14, 23, 8     x14=00000018 x14:00000018
14718106ns          240799 1c008b06 1a10f6b7 lui              x13, 0x1a10f000     x13=1a10f000
14718126ns          240800 1c008b0a 0ff57513 andi             x10, x10, 255       x10=00000069 x10:00000069
14718146ns          240801 1c008b0e 00d70733 add              x14, x14, x13       x14=1a10f018 x14:00000018 x13:1a10f000
14718166ns          240802 1c008b10 00a7e723 p.sw             x10, x0(x15)        x10:00000069 x15:00000000  PA:1a10f018
14718484ns          240818 1c008b14 00000513 addi             x10, x0, 0          x10=00000000
14718504ns          240819 1c008b16 00008067 jalr             x0, x1, 0            x1:1c008bbe
14718564ns          240822 1c008bbe 31f52563 p.beqimm         x10, 778            x10:00000000
14718584ns          240823 1c008bc2 001d8d93 addi             x27, x27, 1         x27=00000019 x27:00000018
14718604ns          240824 1c008bc4 00044503 lbu              x10, 0(x8)          x10=0000006f  x8:1c00003e  PA:1c00003e
14718902ns          240839 1c008bc8 00140413 addi             x8, x8, 1            x8=1c00003f  x8:1c00003e
14718922ns          240840 1c008bca fe0514e3 bne              x10, x0, -24        x10:0000006f
14719002ns          240844 1c008bb2 02500793 addi             x15, x0, 37         x15=00000025
14719021ns          240845 1c008bb6 04f50863 beq              x10, x15, 80        x10:0000006f x15:00000025
14719041ns          240846 1c008bba 01a005b3 add              x11, x0, x26        x11=00000002 x26:00000002
14719061ns          240847 1c008bbc 000b00e7 jalr             x1, x22, 0           x1=1c008bbe x22:1c008af0
14719101ns          240849 1c008af0 000026b7 lui              x13, 0x2000         x13=00002000
14719121ns          240850 1c008af2 f14027f3 csrrs            x15, x0, 0xf14      x15=00000003
14719141ns          240851 1c008af6 f8068693 addi             x13, x13, -128      x13=00001f80 x13:00002000
14719161ns          240852 1c008afa 00379713 slli             x14, x15, 0x3       x14=00000018 x15:00000003
14719181ns          240853 1c008afe 00279793 slli             x15, x15, 0x2       x15=0000000c x15:00000003
14719200ns          240854 1c008b00 00d7f7b3 and              x15, x15, x13       x15=00000000 x15:0000000c x13:00001f80
14719220ns          240855 1c008b02 ee873733 p.bclr           x14, x14, 23, 8     x14=00000018 x14:00000018
14719240ns          240856 1c008b06 1a10f6b7 lui              x13, 0x1a10f000     x13=1a10f000
14719260ns          240857 1c008b0a 0ff57513 andi             x10, x10, 255       x10=0000006f x10:0000006f
14719280ns          240858 1c008b0e 00d70733 add              x14, x14, x13       x14=1a10f018 x14:00000018 x13:1a10f000
14719300ns          240859 1c008b10 00a7e723 p.sw             x10, x0(x15)        x10:0000006f x15:00000000  PA:1a10f018
14719618ns          240875 1c008b14 00000513 addi             x10, x0, 0          x10=00000000
14719638ns          240876 1c008b16 00008067 jalr             x0, x1, 0            x1:1c008bbe
14719698ns          240879 1c008bbe 31f52563 p.beqimm         x10, 778            x10:00000000
14719718ns          240880 1c008bc2 001d8d93 addi             x27, x27, 1         x27=0000001a x27:00000019
14719737ns          240881 1c008bc4 00044503 lbu              x10, 0(x8)          x10=0000006e  x8:1c00003f  PA:1c00003f
14720036ns          240896 1c008bc8 00140413 addi             x8, x8, 1            x8=1c000040  x8:1c00003f
14720056ns          240897 1c008bca fe0514e3 bne              x10, x0, -24        x10:0000006e
14720135ns          240901 1c008bb2 02500793 addi             x15, x0, 37         x15=00000025
14720155ns          240902 1c008bb6 04f50863 beq              x10, x15, 80        x10:0000006e x15:00000025
14720175ns          240903 1c008bba 01a005b3 add              x11, x0, x26        x11=00000002 x26:00000002
14720195ns          240904 1c008bbc 000b00e7 jalr             x1, x22, 0           x1=1c008bbe x22:1c008af0
14720235ns          240906 1c008af0 000026b7 lui              x13, 0x2000         x13=00002000
14720255ns          240907 1c008af2 f14027f3 csrrs            x15, x0, 0xf14      x15=00000003
14720275ns          240908 1c008af6 f8068693 addi             x13, x13, -128      x13=00001f80 x13:00002000
14720294ns          240909 1c008afa 00379713 slli             x14, x15, 0x3       x14=00000018 x15:00000003
14720314ns          240910 1c008afe 00279793 slli             x15, x15, 0x2       x15=0000000c x15:00000003
14720334ns          240911 1c008b00 00d7f7b3 and              x15, x15, x13       x15=00000000 x15:0000000c x13:00001f80
14720354ns          240912 1c008b02 ee873733 p.bclr           x14, x14, 23, 8     x14=00000018 x14:00000018
14720374ns          240913 1c008b06 1a10f6b7 lui              x13, 0x1a10f000     x13=1a10f000
14720394ns          240914 1c008b0a 0ff57513 andi             x10, x10, 255       x10=0000006e x10:0000006e
14720414ns          240915 1c008b0e 00d70733 add              x14, x14, x13       x14=1a10f018 x14:00000018 x13:1a10f000
14720434ns          240916 1c008b10 00a7e723 p.sw             x10, x0(x15)        x10:0000006e x15:00000000  PA:1a10f018
14720752ns          240932 1c008b14 00000513 addi             x10, x0, 0          x10=00000000
14720772ns          240933 1c008b16 00008067 jalr             x0, x1, 0            x1:1c008bbe
14720831ns          240936 1c008bbe 31f52563 p.beqimm         x10, 778            x10:00000000
14720851ns          240937 1c008bc2 001d8d93 addi             x27, x27, 1         x27=0000001b x27:0000001a
14720871ns          240938 1c008bc4 00044503 lbu              x10, 0(x8)          x10=00000073  x8:1c000040  PA:1c000040
14721170ns          240953 1c008bc8 00140413 addi             x8, x8, 1            x8=1c000041  x8:1c000040
14721190ns          240954 1c008bca fe0514e3 bne              x10, x0, -24        x10:00000073
14721269ns          240958 1c008bb2 02500793 addi             x15, x0, 37         x15=00000025
14721289ns          240959 1c008bb6 04f50863 beq              x10, x15, 80        x10:00000073 x15:00000025
14721309ns          240960 1c008bba 01a005b3 add              x11, x0, x26        x11=00000002 x26:00000002
14721329ns          240961 1c008bbc 000b00e7 jalr             x1, x22, 0           x1=1c008bbe x22:1c008af0
14721369ns          240963 1c008af0 000026b7 lui              x13, 0x2000         x13=00002000
14721388ns          240964 1c008af2 f14027f3 csrrs            x15, x0, 0xf14      x15=00000003
14721408ns          240965 1c008af6 f8068693 addi             x13, x13, -128      x13=00001f80 x13:00002000
14721428ns          240966 1c008afa 00379713 slli             x14, x15, 0x3       x14=00000018 x15:00000003
14721448ns          240967 1c008afe 00279793 slli             x15, x15, 0x2       x15=0000000c x15:00000003
14721468ns          240968 1c008b00 00d7f7b3 and              x15, x15, x13       x15=00000000 x15:0000000c x13:00001f80
14721488ns          240969 1c008b02 ee873733 p.bclr           x14, x14, 23, 8     x14=00000018 x14:00000018
14721508ns          240970 1c008b06 1a10f6b7 lui              x13, 0x1a10f000     x13=1a10f000
14721528ns          240971 1c008b0a 0ff57513 andi             x10, x10, 255       x10=00000073 x10:00000073
14721548ns          240972 1c008b0e 00d70733 add              x14, x14, x13       x14=1a10f018 x14:00000018 x13:1a10f000
14721567ns          240973 1c008b10 00a7e723 p.sw             x10, x0(x15)        x10:00000073 x15:00000000  PA:1a10f018
14721906ns          240990 1c008b14 00000513 addi             x10, x0, 0          x10=00000000
14721925ns          240991 1c008b16 00008067 jalr             x0, x1, 0            x1:1c008bbe
14721985ns          240994 1c008bbe 31f52563 p.beqimm         x10, 778            x10:00000000
14722005ns          240995 1c008bc2 001d8d93 addi             x27, x27, 1         x27=0000001c x27:0000001b
14722025ns          240996 1c008bc4 00044503 lbu              x10, 0(x8)          x10=0000002e  x8:1c000041  PA:1c000041
14722323ns          241011 1c008bc8 00140413 addi             x8, x8, 1            x8=1c000042  x8:1c000041
14722343ns          241012 1c008bca fe0514e3 bne              x10, x0, -24        x10:0000002e
14722423ns          241016 1c008bb2 02500793 addi             x15, x0, 37         x15=00000025
14722443ns          241017 1c008bb6 04f50863 beq              x10, x15, 80        x10:0000002e x15:00000025
14722463ns          241018 1c008bba 01a005b3 add              x11, x0, x26        x11=00000002 x26:00000002
14722482ns          241019 1c008bbc 000b00e7 jalr             x1, x22, 0           x1=1c008bbe x22:1c008af0
14722522ns          241021 1c008af0 000026b7 lui              x13, 0x2000         x13=00002000
14722542ns          241022 1c008af2 f14027f3 csrrs            x15, x0, 0xf14      x15=00000003
14722562ns          241023 1c008af6 f8068693 addi             x13, x13, -128      x13=00001f80 x13:00002000
14722582ns          241024 1c008afa 00379713 slli             x14, x15, 0x3       x14=00000018 x15:00000003
14722602ns          241025 1c008afe 00279793 slli             x15, x15, 0x2       x15=0000000c x15:00000003
14722622ns          241026 1c008b00 00d7f7b3 and              x15, x15, x13       x15=00000000 x15:0000000c x13:00001f80
14722642ns          241027 1c008b02 ee873733 p.bclr           x14, x14, 23, 8     x14=00000018 x14:00000018
14722661ns          241028 1c008b06 1a10f6b7 lui              x13, 0x1a10f000     x13=1a10f000
14722681ns          241029 1c008b0a 0ff57513 andi             x10, x10, 255       x10=0000002e x10:0000002e
14722701ns          241030 1c008b0e 00d70733 add              x14, x14, x13       x14=1a10f018 x14:00000018 x13:1a10f000
14722721ns          241031 1c008b10 00a7e723 p.sw             x10, x0(x15)        x10:0000002e x15:00000000  PA:1a10f018
14723059ns          241048 1c008b14 00000513 addi             x10, x0, 0          x10=00000000
14723079ns          241049 1c008b16 00008067 jalr             x0, x1, 0            x1:1c008bbe
14723139ns          241052 1c008bbe 31f52563 p.beqimm         x10, 778            x10:00000000
14723159ns          241053 1c008bc2 001d8d93 addi             x27, x27, 1         x27=0000001d x27:0000001c
14723179ns          241054 1c008bc4 00044503 lbu              x10, 0(x8)          x10=0000002e  x8:1c000042  PA:1c000042
14723477ns          241069 1c008bc8 00140413 addi             x8, x8, 1            x8=1c000043  x8:1c000042
14723497ns          241070 1c008bca fe0514e3 bne              x10, x0, -24        x10:0000002e
14723576ns          241074 1c008bb2 02500793 addi             x15, x0, 37         x15=00000025
14723596ns          241075 1c008bb6 04f50863 beq              x10, x15, 80        x10:0000002e x15:00000025
14723616ns          241076 1c008bba 01a005b3 add              x11, x0, x26        x11=00000002 x26:00000002
14723636ns          241077 1c008bbc 000b00e7 jalr             x1, x22, 0           x1=1c008bbe x22:1c008af0
14723676ns          241079 1c008af0 000026b7 lui              x13, 0x2000         x13=00002000
14723696ns          241080 1c008af2 f14027f3 csrrs            x15, x0, 0xf14      x15=00000003
14723716ns          241081 1c008af6 f8068693 addi             x13, x13, -128      x13=00001f80 x13:00002000
14723736ns          241082 1c008afa 00379713 slli             x14, x15, 0x3       x14=00000018 x15:00000003
14723755ns          241083 1c008afe 00279793 slli             x15, x15, 0x2       x15=0000000c x15:00000003
14723775ns          241084 1c008b00 00d7f7b3 and              x15, x15, x13       x15=00000000 x15:0000000c x13:00001f80
14723795ns          241085 1c008b02 ee873733 p.bclr           x14, x14, 23, 8     x14=00000018 x14:00000018
14723815ns          241086 1c008b06 1a10f6b7 lui              x13, 0x1a10f000     x13=1a10f000
14723835ns          241087 1c008b0a 0ff57513 andi             x10, x10, 255       x10=0000002e x10:0000002e
14723855ns          241088 1c008b0e 00d70733 add              x14, x14, x13       x14=1a10f018 x14:00000018 x13:1a10f000
14723875ns          241089 1c008b10 00a7e723 p.sw             x10, x0(x15)        x10:0000002e x15:00000000  PA:1a10f018
14724193ns          241105 1c008b14 00000513 addi             x10, x0, 0          x10=00000000
14724213ns          241106 1c008b16 00008067 jalr             x0, x1, 0            x1:1c008bbe
14724273ns          241109 1c008bbe 31f52563 p.beqimm         x10, 778            x10:00000000
14724292ns          241110 1c008bc2 001d8d93 addi             x27, x27, 1         x27=0000001e x27:0000001d
14724312ns          241111 1c008bc4 00044503 lbu              x10, 0(x8)          x10=0000002e  x8:1c000043  PA:1c000043
14724611ns          241126 1c008bc8 00140413 addi             x8, x8, 1            x8=1c000044  x8:1c000043
14724631ns          241127 1c008bca fe0514e3 bne              x10, x0, -24        x10:0000002e
14724710ns          241131 1c008bb2 02500793 addi             x15, x0, 37         x15=00000025
14724730ns          241132 1c008bb6 04f50863 beq              x10, x15, 80        x10:0000002e x15:00000025
14724750ns          241133 1c008bba 01a005b3 add              x11, x0, x26        x11=00000002 x26:00000002
14724770ns          241134 1c008bbc 000b00e7 jalr             x1, x22, 0           x1=1c008bbe x22:1c008af0
14724810ns          241136 1c008af0 000026b7 lui              x13, 0x2000         x13=00002000
14724830ns          241137 1c008af2 f14027f3 csrrs            x15, x0, 0xf14      x15=00000003
14724849ns          241138 1c008af6 f8068693 addi             x13, x13, -128      x13=00001f80 x13:00002000
14724869ns          241139 1c008afa 00379713 slli             x14, x15, 0x3       x14=00000018 x15:00000003
14724889ns          241140 1c008afe 00279793 slli             x15, x15, 0x2       x15=0000000c x15:00000003
14724909ns          241141 1c008b00 00d7f7b3 and              x15, x15, x13       x15=00000000 x15:0000000c x13:00001f80
14724929ns          241142 1c008b02 ee873733 p.bclr           x14, x14, 23, 8     x14=00000018 x14:00000018
14724949ns          241143 1c008b06 1a10f6b7 lui              x13, 0x1a10f000     x13=1a10f000
14724969ns          241144 1c008b0a 0ff57513 andi             x10, x10, 255       x10=0000002e x10:0000002e
14724989ns          241145 1c008b0e 00d70733 add              x14, x14, x13       x14=1a10f018 x14:00000018 x13:1a10f000
14725009ns          241146 1c008b10 00a7e723 p.sw             x10, x0(x15)        x10:0000002e x15:00000000  PA:1a10f018
14725327ns          241162 1c008b14 00000513 addi             x10, x0, 0          x10=00000000
14725347ns          241163 1c008b16 00008067 jalr             x0, x1, 0            x1:1c008bbe
14725406ns          241166 1c008bbe 31f52563 p.beqimm         x10, 778            x10:00000000
14725426ns          241167 1c008bc2 001d8d93 addi             x27, x27, 1         x27=0000001f x27:0000001e
14725446ns          241168 1c008bc4 00044503 lbu              x10, 0(x8)          x10=00000020  x8:1c000044  PA:1c000044
14725764ns          241184 1c008bc8 00140413 addi             x8, x8, 1            x8=1c000045  x8:1c000044
14725784ns          241185 1c008bca fe0514e3 bne              x10, x0, -24        x10:00000020
14725864ns          241189 1c008bb2 02500793 addi             x15, x0, 37         x15=00000025
14725884ns          241190 1c008bb6 04f50863 beq              x10, x15, 80        x10:00000020 x15:00000025
14725904ns          241191 1c008bba 01a005b3 add              x11, x0, x26        x11=00000002 x26:00000002
14725924ns          241192 1c008bbc 000b00e7 jalr             x1, x22, 0           x1=1c008bbe x22:1c008af0
14725963ns          241194 1c008af0 000026b7 lui              x13, 0x2000         x13=00002000
14725983ns          241195 1c008af2 f14027f3 csrrs            x15, x0, 0xf14      x15=00000003
14726003ns          241196 1c008af6 f8068693 addi             x13, x13, -128      x13=00001f80 x13:00002000
14726023ns          241197 1c008afa 00379713 slli             x14, x15, 0x3       x14=00000018 x15:00000003
14726043ns          241198 1c008afe 00279793 slli             x15, x15, 0x2       x15=0000000c x15:00000003
14726063ns          241199 1c008b00 00d7f7b3 and              x15, x15, x13       x15=00000000 x15:0000000c x13:00001f80
14726083ns          241200 1c008b02 ee873733 p.bclr           x14, x14, 23, 8     x14=00000018 x14:00000018
14726103ns          241201 1c008b06 1a10f6b7 lui              x13, 0x1a10f000     x13=1a10f000
14726122ns          241202 1c008b0a 0ff57513 andi             x10, x10, 255       x10=00000020 x10:00000020
14726142ns          241203 1c008b0e 00d70733 add              x14, x14, x13       x14=1a10f018 x14:00000018 x13:1a10f000
14726162ns          241204 1c008b10 00a7e723 p.sw             x10, x0(x15)        x10:00000020 x15:00000000  PA:1a10f018
14726480ns          241220 1c008b14 00000513 addi             x10, x0, 0          x10=00000000
14726500ns          241221 1c008b16 00008067 jalr             x0, x1, 0            x1:1c008bbe
14726560ns          241224 1c008bbe 31f52563 p.beqimm         x10, 778            x10:00000000
14726580ns          241225 1c008bc2 001d8d93 addi             x27, x27, 1         x27=00000020 x27:0000001f
14726600ns          241226 1c008bc4 00044503 lbu              x10, 0(x8)          x10=00000028  x8:1c000045  PA:1c000045
14726898ns          241241 1c008bc8 00140413 addi             x8, x8, 1            x8=1c000046  x8:1c000045
14726918ns          241242 1c008bca fe0514e3 bne              x10, x0, -24        x10:00000028
14726998ns          241246 1c008bb2 02500793 addi             x15, x0, 37         x15=00000025
14727018ns          241247 1c008bb6 04f50863 beq              x10, x15, 80        x10:00000028 x15:00000025
14727037ns          241248 1c008bba 01a005b3 add              x11, x0, x26        x11=00000002 x26:00000002
14727057ns          241249 1c008bbc 000b00e7 jalr             x1, x22, 0           x1=1c008bbe x22:1c008af0
14727097ns          241251 1c008af0 000026b7 lui              x13, 0x2000         x13=00002000
14727117ns          241252 1c008af2 f14027f3 csrrs            x15, x0, 0xf14      x15=00000003
14727137ns          241253 1c008af6 f8068693 addi             x13, x13, -128      x13=00001f80 x13:00002000
14727157ns          241254 1c008afa 00379713 slli             x14, x15, 0x3       x14=00000018 x15:00000003
14727177ns          241255 1c008afe 00279793 slli             x15, x15, 0x2       x15=0000000c x15:00000003
14727197ns          241256 1c008b00 00d7f7b3 and              x15, x15, x13       x15=00000000 x15:0000000c x13:00001f80
14727216ns          241257 1c008b02 ee873733 p.bclr           x14, x14, 23, 8     x14=00000018 x14:00000018
14727236ns          241258 1c008b06 1a10f6b7 lui              x13, 0x1a10f000     x13=1a10f000
14727256ns          241259 1c008b0a 0ff57513 andi             x10, x10, 255       x10=00000028 x10:00000028
14727276ns          241260 1c008b0e 00d70733 add              x14, x14, x13       x14=1a10f018 x14:00000018 x13:1a10f000
14727296ns          241261 1c008b10 00a7e723 p.sw             x10, x0(x15)        x10:00000028 x15:00000000  PA:1a10f018
14727614ns          241277 1c008b14 00000513 addi             x10, x0, 0          x10=00000000
14727634ns          241278 1c008b16 00008067 jalr             x0, x1, 0            x1:1c008bbe
14727694ns          241281 1c008bbe 31f52563 p.beqimm         x10, 778            x10:00000000
14727714ns          241282 1c008bc2 001d8d93 addi             x27, x27, 1         x27=00000021 x27:00000020
14727734ns          241283 1c008bc4 00044503 lbu              x10, 0(x8)          x10=00000063  x8:1c000046  PA:1c000046
14728032ns          241298 1c008bc8 00140413 addi             x8, x8, 1            x8=1c000047  x8:1c000046
14728052ns          241299 1c008bca fe0514e3 bne              x10, x0, -24        x10:00000063
14728131ns          241303 1c008bb2 02500793 addi             x15, x0, 37         x15=00000025
14728151ns          241304 1c008bb6 04f50863 beq              x10, x15, 80        x10:00000063 x15:00000025
14728171ns          241305 1c008bba 01a005b3 add              x11, x0, x26        x11=00000002 x26:00000002
14728191ns          241306 1c008bbc 000b00e7 jalr             x1, x22, 0           x1=1c008bbe x22:1c008af0
14728231ns          241308 1c008af0 000026b7 lui              x13, 0x2000         x13=00002000
14728251ns          241309 1c008af2 f14027f3 csrrs            x15, x0, 0xf14      x15=00000003
14728271ns          241310 1c008af6 f8068693 addi             x13, x13, -128      x13=00001f80 x13:00002000
14728291ns          241311 1c008afa 00379713 slli             x14, x15, 0x3       x14=00000018 x15:00000003
14728310ns          241312 1c008afe 00279793 slli             x15, x15, 0x2       x15=0000000c x15:00000003
14728330ns          241313 1c008b00 00d7f7b3 and              x15, x15, x13       x15=00000000 x15:0000000c x13:00001f80
14728350ns          241314 1c008b02 ee873733 p.bclr           x14, x14, 23, 8     x14=00000018 x14:00000018
14728370ns          241315 1c008b06 1a10f6b7 lui              x13, 0x1a10f000     x13=1a10f000
14728390ns          241316 1c008b0a 0ff57513 andi             x10, x10, 255       x10=00000063 x10:00000063
14728410ns          241317 1c008b0e 00d70733 add              x14, x14, x13       x14=1a10f018 x14:00000018 x13:1a10f000
14728430ns          241318 1c008b10 00a7e723 p.sw             x10, x0(x15)        x10:00000063 x15:00000000  PA:1a10f018
14728748ns          241334 1c008b14 00000513 addi             x10, x0, 0          x10=00000000
14728768ns          241335 1c008b16 00008067 jalr             x0, x1, 0            x1:1c008bbe
14728828ns          241338 1c008bbe 31f52563 p.beqimm         x10, 778            x10:00000000
14728847ns          241339 1c008bc2 001d8d93 addi             x27, x27, 1         x27=00000022 x27:00000021
14728867ns          241340 1c008bc4 00044503 lbu              x10, 0(x8)          x10=0000006f  x8:1c000047  PA:1c000047
14729166ns          241355 1c008bc8 00140413 addi             x8, x8, 1            x8=1c000048  x8:1c000047
14729186ns          241356 1c008bca fe0514e3 bne              x10, x0, -24        x10:0000006f
14729265ns          241360 1c008bb2 02500793 addi             x15, x0, 37         x15=00000025
14729285ns          241361 1c008bb6 04f50863 beq              x10, x15, 80        x10:0000006f x15:00000025
14729305ns          241362 1c008bba 01a005b3 add              x11, x0, x26        x11=00000002 x26:00000002
14729325ns          241363 1c008bbc 000b00e7 jalr             x1, x22, 0           x1=1c008bbe x22:1c008af0
14729365ns          241365 1c008af0 000026b7 lui              x13, 0x2000         x13=00002000
14729385ns          241366 1c008af2 f14027f3 csrrs            x15, x0, 0xf14      x15=00000003
14729404ns          241367 1c008af6 f8068693 addi             x13, x13, -128      x13=00001f80 x13:00002000
14729424ns          241368 1c008afa 00379713 slli             x14, x15, 0x3       x14=00000018 x15:00000003
14729444ns          241369 1c008afe 00279793 slli             x15, x15, 0x2       x15=0000000c x15:00000003
14729464ns          241370 1c008b00 00d7f7b3 and              x15, x15, x13       x15=00000000 x15:0000000c x13:00001f80
14729484ns          241371 1c008b02 ee873733 p.bclr           x14, x14, 23, 8     x14=00000018 x14:00000018
14729504ns          241372 1c008b06 1a10f6b7 lui              x13, 0x1a10f000     x13=1a10f000
14729524ns          241373 1c008b0a 0ff57513 andi             x10, x10, 255       x10=0000006f x10:0000006f
14729544ns          241374 1c008b0e 00d70733 add              x14, x14, x13       x14=1a10f018 x14:00000018 x13:1a10f000
14729564ns          241375 1c008b10 00a7e723 p.sw             x10, x0(x15)        x10:0000006f x15:00000000  PA:1a10f018
14729902ns          241392 1c008b14 00000513 addi             x10, x0, 0          x10=00000000
14729922ns          241393 1c008b16 00008067 jalr             x0, x1, 0            x1:1c008bbe
14729981ns          241396 1c008bbe 31f52563 p.beqimm         x10, 778            x10:00000000
14730001ns          241397 1c008bc2 001d8d93 addi             x27, x27, 1         x27=00000023 x27:00000022
14730021ns          241398 1c008bc4 00044503 lbu              x10, 0(x8)          x10=00000072  x8:1c000048  PA:1c000048
14730319ns          241413 1c008bc8 00140413 addi             x8, x8, 1            x8=1c000049  x8:1c000048
14730339ns          241414 1c008bca fe0514e3 bne              x10, x0, -24        x10:00000072
14730419ns          241418 1c008bb2 02500793 addi             x15, x0, 37         x15=00000025
14730439ns          241419 1c008bb6 04f50863 beq              x10, x15, 80        x10:00000072 x15:00000025
14730459ns          241420 1c008bba 01a005b3 add              x11, x0, x26        x11=00000002 x26:00000002
14730478ns          241421 1c008bbc 000b00e7 jalr             x1, x22, 0           x1=1c008bbe x22:1c008af0
14730518ns          241423 1c008af0 000026b7 lui              x13, 0x2000         x13=00002000
14730538ns          241424 1c008af2 f14027f3 csrrs            x15, x0, 0xf14      x15=00000003
14730558ns          241425 1c008af6 f8068693 addi             x13, x13, -128      x13=00001f80 x13:00002000
14730578ns          241426 1c008afa 00379713 slli             x14, x15, 0x3       x14=00000018 x15:00000003
14730598ns          241427 1c008afe 00279793 slli             x15, x15, 0x2       x15=0000000c x15:00000003
14730618ns          241428 1c008b00 00d7f7b3 and              x15, x15, x13       x15=00000000 x15:0000000c x13:00001f80
14730638ns          241429 1c008b02 ee873733 p.bclr           x14, x14, 23, 8     x14=00000018 x14:00000018
14730658ns          241430 1c008b06 1a10f6b7 lui              x13, 0x1a10f000     x13=1a10f000
14730677ns          241431 1c008b0a 0ff57513 andi             x10, x10, 255       x10=00000072 x10:00000072
14730697ns          241432 1c008b0e 00d70733 add              x14, x14, x13       x14=1a10f018 x14:00000018 x13:1a10f000
14730717ns          241433 1c008b10 00a7e723 p.sw             x10, x0(x15)        x10:00000072 x15:00000000  PA:1a10f018
14731055ns          241450 1c008b14 00000513 addi             x10, x0, 0          x10=00000000
14731075ns          241451 1c008b16 00008067 jalr             x0, x1, 0            x1:1c008bbe
14731135ns          241454 1c008bbe 31f52563 p.beqimm         x10, 778            x10:00000000
14731155ns          241455 1c008bc2 001d8d93 addi             x27, x27, 1         x27=00000024 x27:00000023
14731175ns          241456 1c008bc4 00044503 lbu              x10, 0(x8)          x10=00000065  x8:1c000049  PA:1c000049
14731473ns          241471 1c008bc8 00140413 addi             x8, x8, 1            x8=1c00004a  x8:1c000049
14731493ns          241472 1c008bca fe0514e3 bne              x10, x0, -24        x10:00000065
14731572ns          241476 1c008bb2 02500793 addi             x15, x0, 37         x15=00000025
14731592ns          241477 1c008bb6 04f50863 beq              x10, x15, 80        x10:00000065 x15:00000025
14731612ns          241478 1c008bba 01a005b3 add              x11, x0, x26        x11=00000002 x26:00000002
14731632ns          241479 1c008bbc 000b00e7 jalr             x1, x22, 0           x1=1c008bbe x22:1c008af0
14731672ns          241481 1c008af0 000026b7 lui              x13, 0x2000         x13=00002000
14731692ns          241482 1c008af2 f14027f3 csrrs            x15, x0, 0xf14      x15=00000003
14731712ns          241483 1c008af6 f8068693 addi             x13, x13, -128      x13=00001f80 x13:00002000
14731732ns          241484 1c008afa 00379713 slli             x14, x15, 0x3       x14=00000018 x15:00000003
14731752ns          241485 1c008afe 00279793 slli             x15, x15, 0x2       x15=0000000c x15:00000003
14731771ns          241486 1c008b00 00d7f7b3 and              x15, x15, x13       x15=00000000 x15:0000000c x13:00001f80
14731791ns          241487 1c008b02 ee873733 p.bclr           x14, x14, 23, 8     x14=00000018 x14:00000018
14731811ns          241488 1c008b06 1a10f6b7 lui              x13, 0x1a10f000     x13=1a10f000
14731831ns          241489 1c008b0a 0ff57513 andi             x10, x10, 255       x10=00000065 x10:00000065
14731851ns          241490 1c008b0e 00d70733 add              x14, x14, x13       x14=1a10f018 x14:00000018 x13:1a10f000
14731871ns          241491 1c008b10 00a7e723 p.sw             x10, x0(x15)        x10:00000065 x15:00000000  PA:1a10f018
14732189ns          241507 1c008b14 00000513 addi             x10, x0, 0          x10=00000000
14732209ns          241508 1c008b16 00008067 jalr             x0, x1, 0            x1:1c008bbe
14732269ns          241511 1c008bbe 31f52563 p.beqimm         x10, 778            x10:00000000
14732289ns          241512 1c008bc2 001d8d93 addi             x27, x27, 1         x27=00000025 x27:00000024
14732308ns          241513 1c008bc4 00044503 lbu              x10, 0(x8)          x10=00000069  x8:1c00004a  PA:1c00004a
14732607ns          241528 1c008bc8 00140413 addi             x8, x8, 1            x8=1c00004b  x8:1c00004a
14732627ns          241529 1c008bca fe0514e3 bne              x10, x0, -24        x10:00000069
14732706ns          241533 1c008bb2 02500793 addi             x15, x0, 37         x15=00000025
14732726ns          241534 1c008bb6 04f50863 beq              x10, x15, 80        x10:00000069 x15:00000025
14732746ns          241535 1c008bba 01a005b3 add              x11, x0, x26        x11=00000002 x26:00000002
14732766ns          241536 1c008bbc 000b00e7 jalr             x1, x22, 0           x1=1c008bbe x22:1c008af0
14732806ns          241538 1c008af0 000026b7 lui              x13, 0x2000         x13=00002000
14732826ns          241539 1c008af2 f14027f3 csrrs            x15, x0, 0xf14      x15=00000003
14732845ns          241540 1c008af6 f8068693 addi             x13, x13, -128      x13=00001f80 x13:00002000
14732865ns          241541 1c008afa 00379713 slli             x14, x15, 0x3       x14=00000018 x15:00000003
14732885ns          241542 1c008afe 00279793 slli             x15, x15, 0x2       x15=0000000c x15:00000003
14732905ns          241543 1c008b00 00d7f7b3 and              x15, x15, x13       x15=00000000 x15:0000000c x13:00001f80
14732925ns          241544 1c008b02 ee873733 p.bclr           x14, x14, 23, 8     x14=00000018 x14:00000018
14732945ns          241545 1c008b06 1a10f6b7 lui              x13, 0x1a10f000     x13=1a10f000
14732965ns          241546 1c008b0a 0ff57513 andi             x10, x10, 255       x10=00000069 x10:00000069
14732985ns          241547 1c008b0e 00d70733 add              x14, x14, x13       x14=1a10f018 x14:00000018 x13:1a10f000
14733005ns          241548 1c008b10 00a7e723 p.sw             x10, x0(x15)        x10:00000069 x15:00000000  PA:1a10f018
14733323ns          241564 1c008b14 00000513 addi             x10, x0, 0          x10=00000000
14733343ns          241565 1c008b16 00008067 jalr             x0, x1, 0            x1:1c008bbe
14733402ns          241568 1c008bbe 31f52563 p.beqimm         x10, 778            x10:00000000
14733422ns          241569 1c008bc2 001d8d93 addi             x27, x27, 1         x27=00000026 x27:00000025
14733442ns          241570 1c008bc4 00044503 lbu              x10, 0(x8)          x10=00000064  x8:1c00004b  PA:1c00004b
14733760ns          241586 1c008bc8 00140413 addi             x8, x8, 1            x8=1c00004c  x8:1c00004b
14733780ns          241587 1c008bca fe0514e3 bne              x10, x0, -24        x10:00000064
14733860ns          241591 1c008bb2 02500793 addi             x15, x0, 37         x15=00000025
14733880ns          241592 1c008bb6 04f50863 beq              x10, x15, 80        x10:00000064 x15:00000025
14733900ns          241593 1c008bba 01a005b3 add              x11, x0, x26        x11=00000002 x26:00000002
14733920ns          241594 1c008bbc 000b00e7 jalr             x1, x22, 0           x1=1c008bbe x22:1c008af0
14733959ns          241596 1c008af0 000026b7 lui              x13, 0x2000         x13=00002000
14733979ns          241597 1c008af2 f14027f3 csrrs            x15, x0, 0xf14      x15=00000003
14733999ns          241598 1c008af6 f8068693 addi             x13, x13, -128      x13=00001f80 x13:00002000
14734019ns          241599 1c008afa 00379713 slli             x14, x15, 0x3       x14=00000018 x15:00000003
14734039ns          241600 1c008afe 00279793 slli             x15, x15, 0x2       x15=0000000c x15:00000003
14734059ns          241601 1c008b00 00d7f7b3 and              x15, x15, x13       x15=00000000 x15:0000000c x13:00001f80
14734079ns          241602 1c008b02 ee873733 p.bclr           x14, x14, 23, 8     x14=00000018 x14:00000018
14734099ns          241603 1c008b06 1a10f6b7 lui              x13, 0x1a10f000     x13=1a10f000
14734119ns          241604 1c008b0a 0ff57513 andi             x10, x10, 255       x10=00000064 x10:00000064
14734138ns          241605 1c008b0e 00d70733 add              x14, x14, x13       x14=1a10f018 x14:00000018 x13:1a10f000
14734158ns          241606 1c008b10 00a7e723 p.sw             x10, x0(x15)        x10:00000064 x15:00000000  PA:1a10f018
14734477ns          241622 1c008b14 00000513 addi             x10, x0, 0          x10=00000000
14734496ns          241623 1c008b16 00008067 jalr             x0, x1, 0            x1:1c008bbe
14734556ns          241626 1c008bbe 31f52563 p.beqimm         x10, 778            x10:00000000
14734576ns          241627 1c008bc2 001d8d93 addi             x27, x27, 1         x27=00000027 x27:00000026
14734596ns          241628 1c008bc4 00044503 lbu              x10, 0(x8)          x10=00000020  x8:1c00004c  PA:1c00004c
14734894ns          241643 1c008bc8 00140413 addi             x8, x8, 1            x8=1c00004d  x8:1c00004c
14734914ns          241644 1c008bca fe0514e3 bne              x10, x0, -24        x10:00000020
14734994ns          241648 1c008bb2 02500793 addi             x15, x0, 37         x15=00000025
14735014ns          241649 1c008bb6 04f50863 beq              x10, x15, 80        x10:00000020 x15:00000025
14735033ns          241650 1c008bba 01a005b3 add              x11, x0, x26        x11=00000002 x26:00000002
14735053ns          241651 1c008bbc 000b00e7 jalr             x1, x22, 0           x1=1c008bbe x22:1c008af0
14735093ns          241653 1c008af0 000026b7 lui              x13, 0x2000         x13=00002000
14735113ns          241654 1c008af2 f14027f3 csrrs            x15, x0, 0xf14      x15=00000003
14735133ns          241655 1c008af6 f8068693 addi             x13, x13, -128      x13=00001f80 x13:00002000
14735153ns          241656 1c008afa 00379713 slli             x14, x15, 0x3       x14=00000018 x15:00000003
14735173ns          241657 1c008afe 00279793 slli             x15, x15, 0x2       x15=0000000c x15:00000003
14735193ns          241658 1c008b00 00d7f7b3 and              x15, x15, x13       x15=00000000 x15:0000000c x13:00001f80
14735212ns          241659 1c008b02 ee873733 p.bclr           x14, x14, 23, 8     x14=00000018 x14:00000018
14735232ns          241660 1c008b06 1a10f6b7 lui              x13, 0x1a10f000     x13=1a10f000
14735252ns          241661 1c008b0a 0ff57513 andi             x10, x10, 255       x10=00000020 x10:00000020
14735272ns          241662 1c008b0e 00d70733 add              x14, x14, x13       x14=1a10f018 x14:00000018 x13:1a10f000
14735292ns          241663 1c008b10 00a7e723 p.sw             x10, x0(x15)        x10:00000020 x15:00000000  PA:1a10f018
14735610ns          241679 1c008b14 00000513 addi             x10, x0, 0          x10=00000000
14735630ns          241680 1c008b16 00008067 jalr             x0, x1, 0            x1:1c008bbe
14735690ns          241683 1c008bbe 31f52563 p.beqimm         x10, 778            x10:00000000
14735710ns          241684 1c008bc2 001d8d93 addi             x27, x27, 1         x27=00000028 x27:00000027
14735730ns          241685 1c008bc4 00044503 lbu              x10, 0(x8)          x10=0000003d  x8:1c00004d  PA:1c00004d
14736028ns          241700 1c008bc8 00140413 addi             x8, x8, 1            x8=1c00004e  x8:1c00004d
14736048ns          241701 1c008bca fe0514e3 bne              x10, x0, -24        x10:0000003d
14736127ns          241705 1c008bb2 02500793 addi             x15, x0, 37         x15=00000025
14736147ns          241706 1c008bb6 04f50863 beq              x10, x15, 80        x10:0000003d x15:00000025
14736167ns          241707 1c008bba 01a005b3 add              x11, x0, x26        x11=00000002 x26:00000002
14736187ns          241708 1c008bbc 000b00e7 jalr             x1, x22, 0           x1=1c008bbe x22:1c008af0
14736227ns          241710 1c008af0 000026b7 lui              x13, 0x2000         x13=00002000
14736247ns          241711 1c008af2 f14027f3 csrrs            x15, x0, 0xf14      x15=00000003
14736267ns          241712 1c008af6 f8068693 addi             x13, x13, -128      x13=00001f80 x13:00002000
14736287ns          241713 1c008afa 00379713 slli             x14, x15, 0x3       x14=00000018 x15:00000003
14736306ns          241714 1c008afe 00279793 slli             x15, x15, 0x2       x15=0000000c x15:00000003
14736326ns          241715 1c008b00 00d7f7b3 and              x15, x15, x13       x15=00000000 x15:0000000c x13:00001f80
14736346ns          241716 1c008b02 ee873733 p.bclr           x14, x14, 23, 8     x14=00000018 x14:00000018
14736366ns          241717 1c008b06 1a10f6b7 lui              x13, 0x1a10f000     x13=1a10f000
14736386ns          241718 1c008b0a 0ff57513 andi             x10, x10, 255       x10=0000003d x10:0000003d
14736406ns          241719 1c008b0e 00d70733 add              x14, x14, x13       x14=1a10f018 x14:00000018 x13:1a10f000
14736426ns          241720 1c008b10 00a7e723 p.sw             x10, x0(x15)        x10:0000003d x15:00000000  PA:1a10f018
14736744ns          241736 1c008b14 00000513 addi             x10, x0, 0          x10=00000000
14736764ns          241737 1c008b16 00008067 jalr             x0, x1, 0            x1:1c008bbe
14736824ns          241740 1c008bbe 31f52563 p.beqimm         x10, 778            x10:00000000
14736844ns          241741 1c008bc2 001d8d93 addi             x27, x27, 1         x27=00000029 x27:00000028
14736863ns          241742 1c008bc4 00044503 lbu              x10, 0(x8)          x10=00000020  x8:1c00004e  PA:1c00004e
14737162ns          241757 1c008bc8 00140413 addi             x8, x8, 1            x8=1c00004f  x8:1c00004e
14737182ns          241758 1c008bca fe0514e3 bne              x10, x0, -24        x10:00000020
14737261ns          241762 1c008bb2 02500793 addi             x15, x0, 37         x15=00000025
14737281ns          241763 1c008bb6 04f50863 beq              x10, x15, 80        x10:00000020 x15:00000025
14737301ns          241764 1c008bba 01a005b3 add              x11, x0, x26        x11=00000002 x26:00000002
14737321ns          241765 1c008bbc 000b00e7 jalr             x1, x22, 0           x1=1c008bbe x22:1c008af0
14737361ns          241767 1c008af0 000026b7 lui              x13, 0x2000         x13=00002000
14737381ns          241768 1c008af2 f14027f3 csrrs            x15, x0, 0xf14      x15=00000003
14737400ns          241769 1c008af6 f8068693 addi             x13, x13, -128      x13=00001f80 x13:00002000
14737420ns          241770 1c008afa 00379713 slli             x14, x15, 0x3       x14=00000018 x15:00000003
14737440ns          241771 1c008afe 00279793 slli             x15, x15, 0x2       x15=0000000c x15:00000003
14737460ns          241772 1c008b00 00d7f7b3 and              x15, x15, x13       x15=00000000 x15:0000000c x13:00001f80
14737480ns          241773 1c008b02 ee873733 p.bclr           x14, x14, 23, 8     x14=00000018 x14:00000018
14737500ns          241774 1c008b06 1a10f6b7 lui              x13, 0x1a10f000     x13=1a10f000
14737520ns          241775 1c008b0a 0ff57513 andi             x10, x10, 255       x10=00000020 x10:00000020
14737540ns          241776 1c008b0e 00d70733 add              x14, x14, x13       x14=1a10f018 x14:00000018 x13:1a10f000
14737560ns          241777 1c008b10 00a7e723 p.sw             x10, x0(x15)        x10:00000020 x15:00000000  PA:1a10f018
14737898ns          241794 1c008b14 00000513 addi             x10, x0, 0          x10=00000000
14737918ns          241795 1c008b16 00008067 jalr             x0, x1, 0            x1:1c008bbe
14737977ns          241798 1c008bbe 31f52563 p.beqimm         x10, 778            x10:00000000
14737997ns          241799 1c008bc2 001d8d93 addi             x27, x27, 1         x27=0000002a x27:00000029
14738017ns          241800 1c008bc4 00044503 lbu              x10, 0(x8)          x10=00000025  x8:1c00004f  PA:1c00004f
14738315ns          241815 1c008bc8 00140413 addi             x8, x8, 1            x8=1c000050  x8:1c00004f
14738335ns          241816 1c008bca fe0514e3 bne              x10, x0, -24        x10:00000025
14738415ns          241820 1c008bb2 02500793 addi             x15, x0, 37         x15=00000025
14738435ns          241821 1c008bb6 04f50863 beq              x10, x15, 80        x10:00000025 x15:00000025
14738514ns          241825 1c008c06 00044483 lbu              x9, 0(x8)            x9=00000064  x8:1c000050  PA:1c000050
14738813ns          241840 1c008c0a 02000693 addi             x13, x0, 32         x13=00000020
14738833ns          241841 1c008c0e 00140a93 addi             x21, x8, 1          x21=1c000051  x8:1c000050
14738853ns          241842 1c008c12 009005b3 add              x11, x0, x9         x11=00000064  x9:00000064
14738872ns          241843 1c008c14 154b8513 addi             x10, x23, 340       x10=1c000154 x23:1c000000
14738892ns          241844 1c008c18 00d12823 sw               x13, 16(x2)         x13:00000020  x2:10001c98  PA:10001ca8
14738912ns          241845 1c008c1a 00012c23 sw               x0, 24(x2)           x2:10001c98  PA:10001cb0
14738932ns          241846 1c008c1c 00012a23 sw               x0, 20(x2)           x2:10001c98  PA:10001cac
14738952ns          241847 1c008c1e 00012e23 sw               x0, 28(x2)           x2:10001c98  PA:10001cb4
14738972ns          241848 1c008c20 00012623 sw               x0, 12(x2)           x2:10001c98  PA:10001ca4
14738992ns          241849 1c008c22 02300913 addi             x18, x0, 35         x18=00000023
14739012ns          241850 1c008c26 02d00a13 addi             x20, x0, 45         x20=0000002d
14739032ns          241851 1c008c2a 015009b3 add              x19, x0, x21        x19=1c000051 x21:1c000051
14739051ns          241852 1c008c2c e97ff0ef jal              x1, -362             x1=1c008c2e
14739171ns          241858 1c008ac2 00054783 lbu              x15, 0(x10)         x15=0000002d x10:1c000154  PA:1c000154
14739469ns          241873 1c008ac6 0ff5f593 andi             x11, x11, 255       x11=00000064 x11:00000064
14739489ns          241874 1c008aca 00b78c63 beq              x15, x11, 24        x15:0000002d x11:00000064
14739509ns          241875 1c008ace 00078b63 beq              x15, x0, 22         x15:0000002d
14739529ns          241876 1c008ad0 00150793 addi             x15, x10, 1         x15=1c000155 x10:1c000154
14739549ns          241877 1c008ad4 0040006f jal              x0, 4              
14739588ns          241879 1c008ad8 00f00533 add              x10, x0, x15        x10=1c000155 x15:1c000155
14739608ns          241880 1c008ada 0017c70b p.lbu            x14, 1(x15!)        x14=0000002b x15=1c000156 x15:1c000155  PA:1c000155
14739927ns          241896 1c008ade feb71ce3 bne              x14, x11, -8        x14:0000002b x11:00000064
14739986ns          241899 1c008ad6 00070763 beq              x14, x0, 14         x14:0000002b
14740006ns          241900 1c008ad8 00f00533 add              x10, x0, x15        x10=1c000156 x15:1c000156
14740026ns          241901 1c008ada 0017c70b p.lbu            x14, 1(x15!)        x14=00000020 x15=1c000157 x15:1c000156  PA:1c000156
14740364ns          241918 1c008ade feb71ce3 bne              x14, x11, -8        x14:00000020 x11:00000064
14740424ns          241921 1c008ad6 00070763 beq              x14, x0, 14         x14:00000020
14740444ns          241922 1c008ad8 00f00533 add              x10, x0, x15        x10=1c000157 x15:1c000157
14740464ns          241923 1c008ada 0017c70b p.lbu            x14, 1(x15!)        x14=00000023 x15=1c000158 x15:1c000157  PA:1c000157
14740782ns          241939 1c008ade feb71ce3 bne              x14, x11, -8        x14:00000023 x11:00000064
14740842ns          241942 1c008ad6 00070763 beq              x14, x0, 14         x14:00000023
14740861ns          241943 1c008ad8 00f00533 add              x10, x0, x15        x10=1c000158 x15:1c000158
14740881ns          241944 1c008ada 0017c70b p.lbu            x14, 1(x15!)        x14=00000030 x15=1c000159 x15:1c000158  PA:1c000158
14741200ns          241960 1c008ade feb71ce3 bne              x14, x11, -8        x14:00000030 x11:00000064
14741259ns          241963 1c008ad6 00070763 beq              x14, x0, 14         x14:00000030
14741279ns          241964 1c008ad8 00f00533 add              x10, x0, x15        x10=1c000159 x15:1c000159
14741299ns          241965 1c008ada 0017c70b p.lbu            x14, 1(x15!)        x14=00000000 x15=1c00015a x15:1c000159  PA:1c000159
14741617ns          241981 1c008ade feb71ce3 bne              x14, x11, -8        x14:00000000 x11:00000064
14741677ns          241984 1c008ad6 00070763 beq              x14, x0, 14         x14:00000000
14741737ns          241987 1c008ae4 0015b593 sltiu            x11, x11, 1         x11=00000000 x11:00000064
14741757ns          241988 1c008ae8 40b005b3 sub              x11, x0, x11        x11=00000000 x11:00000000
14741776ns          241989 1c008aec 00b57533 and              x10, x10, x11       x10=00000000 x10:1c000159 x11:00000000
14741796ns          241990 1c008aee 00008067 jalr             x0, x1, 0            x1:1c008c2e
14741836ns          241992 1c008c2e 02050a63 beq              x10, x0, 52         x10:00000000
14742174ns          242009 1c008c62 02a00613 addi             x12, x0, 42         x12=0000002a
14742194ns          242010 1c008c66 2ac48663 beq              x9, x12, 684         x9:00000064 x12:0000002a
14742214ns          242011 1c008c6a fd048613 addi             x12, x9, -48        x12=00000034  x9:00000064
14742234ns          242012 1c008c6e 00900593 addi             x11, x0, 9          x11=00000009
14742254ns          242013 1c008c70 00000913 addi             x18, x0, 0          x18=00000000
14742274ns          242014 1c008c72 28c5f063 bgeu             x11, x12, 640       x11:00000009 x12:00000034
14742294ns          242015 1c008c76 02e00693 addi             x13, x0, 46         x13=0000002e
14742313ns          242016 1c008c7a fff00a13 addi             x20, x0, -1         x20=ffffffff
14742333ns          242017 1c008c7c 2ed48363 beq              x9, x13, 742         x9:00000064 x13:0000002e
14742353ns          242018 1c008c80 1c0007b7 lui              x15, 0x1c000000     x15=1c000000
14742393ns          242020 1c008c84 009005b3 add              x11, x0, x9         x11=00000064  x9:00000064
14742413ns          242021 1c008c86 15c78513 addi             x10, x15, 348       x10=1c00015c x15:1c000000
14742433ns          242022 1c008c8a e39ff0ef jal              x1, -456             x1=1c008c8c
14742552ns          242028 1c008ac2 00054783 lbu              x15, 0(x10)         x15=00000068 x10:1c00015c  PA:1c00015c
14742851ns          242043 1c008ac6 0ff5f593 andi             x11, x11, 255       x11=00000064 x11:00000064
14742870ns          242044 1c008aca 00b78c63 beq              x15, x11, 24        x15:00000068 x11:00000064
14742890ns          242045 1c008ace 00078b63 beq              x15, x0, 22         x15:00000068
14742910ns          242046 1c008ad0 00150793 addi             x15, x10, 1         x15=1c00015d x10:1c00015c
14742930ns          242047 1c008ad4 0040006f jal              x0, 4              
14742970ns          242049 1c008ad8 00f00533 add              x10, x0, x15        x10=1c00015d x15:1c00015d
14742990ns          242050 1c008ada 0017c70b p.lbu            x14, 1(x15!)        x14=0000006c x15=1c00015e x15:1c00015d  PA:1c00015d
14743368ns          242069 1c008ade feb71ce3 bne              x14, x11, -8        x14:0000006c x11:00000064
14743427ns          242072 1c008ad6 00070763 beq              x14, x0, 14         x14:0000006c
14743447ns          242073 1c008ad8 00f00533 add              x10, x0, x15        x10=1c00015e x15:1c00015e
14743467ns          242074 1c008ada 0017c70b p.lbu            x14, 1(x15!)        x14=0000004c x15=1c00015f x15:1c00015e  PA:1c00015e
14743785ns          242090 1c008ade feb71ce3 bne              x14, x11, -8        x14:0000004c x11:00000064
14743845ns          242093 1c008ad6 00070763 beq              x14, x0, 14         x14:0000004c
14743865ns          242094 1c008ad8 00f00533 add              x10, x0, x15        x10=1c00015f x15:1c00015f
14743885ns          242095 1c008ada 0017c70b p.lbu            x14, 1(x15!)        x14=0000007a x15=1c000160 x15:1c00015f  PA:1c00015f
14744203ns          242111 1c008ade feb71ce3 bne              x14, x11, -8        x14:0000007a x11:00000064
14744263ns          242114 1c008ad6 00070763 beq              x14, x0, 14         x14:0000007a
14744283ns          242115 1c008ad8 00f00533 add              x10, x0, x15        x10=1c000160 x15:1c000160
14744303ns          242116 1c008ada 0017c70b p.lbu            x14, 1(x15!)        x14=00000000 x15=1c000161 x15:1c000160  PA:1c000160
14744621ns          242132 1c008ade feb71ce3 bne              x14, x11, -8        x14:00000000 x11:00000064
14744680ns          242135 1c008ad6 00070763 beq              x14, x0, 14         x14:00000000
14744740ns          242138 1c008ae4 0015b593 sltiu            x11, x11, 1         x11=00000000 x11:00000064
14744760ns          242139 1c008ae8 40b005b3 sub              x11, x0, x11        x11=00000000 x11:00000000
14744780ns          242140 1c008aec 00b57533 and              x10, x10, x11       x10=00000000 x10:1c000160 x11:00000000
14744800ns          242141 1c008aee 00008067 jalr             x0, x1, 0            x1:1c008c8c
14744840ns          242143 1c008c8c 01300433 add              x8, x0, x19          x8=1c000051 x19:1c000051
14744860ns          242144 1c008c8e 00050563 beq              x10, x0, 10         x10:00000000
14744919ns          242147 1c008c98 06700693 addi             x13, x0, 103        x13=00000067
14744939ns          242148 1c008c9c 2896d963 bge              x13, x9, 658        x13:00000067  x9:00000064
14745158ns          242159 1c008f2e 06500693 addi             x13, x0, 101        x13=00000065
14745198ns          242161 1c008f32 12d4d563 bge              x9, x13, 298         x9:00000064 x13:00000065
14745218ns          242162 1c008f36 04700693 addi             x13, x0, 71         x13=00000047
14745237ns          242163 1c008f3a dc96cbe3 blt              x13, x9, -554       x13:00000047  x9:00000064
14745377ns          242170 1c008d10 06300693 addi             x13, x0, 99         x13=00000063
14745416ns          242172 1c008d14 0ad488e3 beq              x9, x13, 2224        x9:00000064 x13:00000063
14745436ns          242173 1c008d18 0096c9e3 blt              x13, x9, 2066       x13:00000063  x9:00000064
14745635ns          242183 1c00952a 000c2583 lw               x11, 0(x24)         x11=00000003 x24:10001df0  PA:10001df0
14745655ns          242184 1c00952e 004c0c13 addi             x24, x24, 4         x24=10001df4 x24:10001df0
14745695ns          242186 1c009530 3405cc63 blt              x11, x0, 856        x11:00000003
14745735ns          242188 1c009534 01412603 lw               x12, 20(x2)         x12=00000000  x2:10001c98  PA:10001cac
14745755ns          242189 1c009536 00b006b3 add              x13, x0, x11        x13=00000003 x11:00000003
14745774ns          242190 1c009538 2e061863 bne              x12, x0, 752        x12:00000000
14745794ns          242191 1c00953c 01812703 lw               x14, 24(x2)         x14=00000000  x2:10001c98  PA:10001cb0
14745814ns          242192 1c00953e 019007b3 add              x15, x0, x25        x15=10001cbc x25:10001cbc
14745834ns          242193 1c009540 00070763 beq              x14, x0, 14         x14:00000000
14745894ns          242196 1c00954e 00f00733 add              x14, x0, x15        x14=10001cbc x15:10001cbc
14745914ns          242197 1c009550 00a00513 addi             x10, x0, 10         x10=0000000a
14745934ns          242198 1c009552 02a6f633 remu             x12, x13, x10       x12=00000003 x13:00000003 x10:0000000a
14746550ns          242229 1c009556 02a6d6b3 divu             x13, x13, x10       x13=00000000 x13:00000003 x10:0000000a
14747167ns          242260 1c00955a 03060613 addi             x12, x12, 48        x12=00000033 x12:00000003
14747187ns          242261 1c00955e 00c700ab p.sb             x12, 1(x14!)        x14=10001cbd x12:00000033 x14:10001cbc  PA:10001cbc
14747207ns          242262 1c009562 fe0698e3 bne              x13, x0, -16        x13:00000000
14747227ns          242263 1c009564 40f706b3 sub              x13, x14, x15       x13=00000001 x14:10001cbd x15:10001cbc
14747246ns          242264 1c009568 0146dc63 bge              x13, x20, 24        x13:00000001 x20:ffffffff
14747386ns          242271 1c009580 00e006b3 add              x13, x0, x14        x13=10001cbd x14:10001cbd
14747425ns          242273 1c009582 fe068fab p.sb             x0, -1(x13!)        x13=10001cbc x13:10001cbd  PA:10001cbd
14747445ns          242274 1c009586 00d7fc63 bgeu             x15, x13, 24        x15:10001cbc x13:10001cbc
14747565ns          242280 1c00959e 01412783 lw               x15, 20(x2)         x15=00000000  x2:10001c98  PA:10001cac
14747624ns          242283 1c0095a0 01812603 lw               x12, 24(x2)         x12=00000000  x2:10001c98  PA:10001cb0
14747664ns          242285 1c0095a2 419704b3 sub              x9, x14, x25         x9=00000001 x14:10001cbd x25:10001cbc
14747684ns          242286 1c0095a6 00c7e7b3 or               x15, x15, x12       x15=00000000 x15:00000000 x12:00000000
14747704ns          242287 1c0095a8 00f12623 sw               x15, 12(x2)         x15:00000000  x2:10001c98  PA:10001ca4
14747724ns          242288 1c0095aa 00079363 bne              x15, x0, 6          x15:00000000
14747744ns          242289 1c0095ac 01f5d593 srli             x11, x11, 0x1f      x11=00000000 x11:00000003
14747764ns          242290 1c0095ae 00b12623 sw               x11, 12(x2)         x11:00000000  x2:10001c98  PA:10001ca4
14747783ns          242291 1c0095b0 e3fa28e3 p.beqimm         x20, -464           x20:ffffffff
14747883ns          242296 1c0093e0 0c800793 addi             x15, x0, 200        x15=000000c8
14747923ns          242298 1c0093e4 9e97d0e3 bge              x15, x9, -1568      x15:000000c8  x9:00000001
14748022ns          242303 1c008dc4 0f24d163 bge              x9, x18, 226         x9:00000001 x18:00000000
14748161ns          242310 1c008ea6 d00482e3 beq              x9, x0, -764         x9:00000001
14748181ns          242311 1c008eaa 01900933 add              x18, x0, x25        x18=10001cbc x25:10001cbc
14748201ns          242312 1c008eac 419d8db3 sub              x27, x27, x25       x27=efffe36e x27:0000002a x25:10001cbc
14748241ns          242314 1c008eb0 00a0006f jal              x0, 10             
14748301ns          242317 1c008eba 0019450b p.lbu            x10, 1(x18!)        x10=00000033 x18=10001cbd x18:10001cbc  PA:10001cbc
14748321ns          242318 1c008ebe 01a005b3 add              x11, x0, x26        x11=00000002 x26:00000002
14748360ns          242320 1c008ec0 000b00e7 jalr             x1, x22, 0           x1=1c008ec2 x22:1c008af0
14748400ns          242322 1c008af0 000026b7 lui              x13, 0x2000         x13=00002000
14748420ns          242323 1c008af2 f14027f3 csrrs            x15, x0, 0xf14      x15=00000003
14748440ns          242324 1c008af6 f8068693 addi             x13, x13, -128      x13=00001f80 x13:00002000
14748460ns          242325 1c008afa 00379713 slli             x14, x15, 0x3       x14=00000018 x15:00000003
14748480ns          242326 1c008afe 00279793 slli             x15, x15, 0x2       x15=0000000c x15:00000003
14748500ns          242327 1c008b00 00d7f7b3 and              x15, x15, x13       x15=00000000 x15:0000000c x13:00001f80
14748519ns          242328 1c008b02 ee873733 p.bclr           x14, x14, 23, 8     x14=00000018 x14:00000018
14748539ns          242329 1c008b06 1a10f6b7 lui              x13, 0x1a10f000     x13=1a10f000
14748559ns          242330 1c008b0a 0ff57513 andi             x10, x10, 255       x10=00000033 x10:00000033
14748579ns          242331 1c008b0e 00d70733 add              x14, x14, x13       x14=1a10f018 x14:00000018 x13:1a10f000
14748599ns          242332 1c008b10 00a7e723 p.sw             x10, x0(x15)        x10:00000033 x15:00000000  PA:1a10f018
14749017ns          242353 1c008b14 00000513 addi             x10, x0, 0          x10=00000000
14749037ns          242354 1c008b16 00008067 jalr             x0, x1, 0            x1:1c008ec2
14749076ns          242356 1c008ec2 fff48493 addi             x9, x9, -1           x9=00000000  x9:00000001
14749096ns          242357 1c008ec4 fff537e3 p.bneimm         x10, -18            x10:00000000
14749176ns          242361 1c008eb2 012d8733 add              x14, x27, x18       x14=0000002b x27:efffe36e x18:10001cbd
14749196ns          242362 1c008eb6 5a048b63 beq              x9, x0, 1462         x9:00000000
14749255ns          242365 1c00946c 00e00db3 add              x27, x0, x14        x27=0000002b x14:0000002b
14749315ns          242368 1c00946e f3cff06f jal              x0, -2244          
14749434ns          242374 1c008baa 00044503 lbu              x10, 0(x8)          x10=00000029  x8:1c000051  PA:1c000051
14749753ns          242390 1c008bae 00140413 addi             x8, x8, 1            x8=1c000052  x8:1c000051
14749773ns          242391 1c008bb0 00050e63 beq              x10, x0, 28         x10:00000029
14749792ns          242392 1c008bb2 02500793 addi             x15, x0, 37         x15=00000025
14749812ns          242393 1c008bb6 04f50863 beq              x10, x15, 80        x10:00000029 x15:00000025
14749832ns          242394 1c008bba 01a005b3 add              x11, x0, x26        x11=00000002 x26:00000002
14749852ns          242395 1c008bbc 000b00e7 jalr             x1, x22, 0           x1=1c008bbe x22:1c008af0
14749892ns          242397 1c008af0 000026b7 lui              x13, 0x2000         x13=00002000
14749912ns          242398 1c008af2 f14027f3 csrrs            x15, x0, 0xf14      x15=00000003
14749932ns          242399 1c008af6 f8068693 addi             x13, x13, -128      x13=00001f80 x13:00002000
14749952ns          242400 1c008afa 00379713 slli             x14, x15, 0x3       x14=00000018 x15:00000003
14749971ns          242401 1c008afe 00279793 slli             x15, x15, 0x2       x15=0000000c x15:00000003
14749991ns          242402 1c008b00 00d7f7b3 and              x15, x15, x13       x15=00000000 x15:0000000c x13:00001f80
14750011ns          242403 1c008b02 ee873733 p.bclr           x14, x14, 23, 8     x14=00000018 x14:00000018
14750031ns          242404 1c008b06 1a10f6b7 lui              x13, 0x1a10f000     x13=1a10f000
14750051ns          242405 1c008b0a 0ff57513 andi             x10, x10, 255       x10=00000029 x10:00000029
14750071ns          242406 1c008b0e 00d70733 add              x14, x14, x13       x14=1a10f018 x14:00000018 x13:1a10f000
14750091ns          242407 1c008b10 00a7e723 p.sw             x10, x0(x15)        x10:00000029 x15:00000000  PA:1a10f018
14750409ns          242423 1c008b14 00000513 addi             x10, x0, 0          x10=00000000
14750429ns          242424 1c008b16 00008067 jalr             x0, x1, 0            x1:1c008bbe
14750489ns          242427 1c008bbe 31f52563 p.beqimm         x10, 778            x10:00000000
14750508ns          242428 1c008bc2 001d8d93 addi             x27, x27, 1         x27=0000002c x27:0000002b
14750528ns          242429 1c008bc4 00044503 lbu              x10, 0(x8)          x10=0000000a  x8:1c000052  PA:1c000052
14750827ns          242444 1c008bc8 00140413 addi             x8, x8, 1            x8=1c000053  x8:1c000052
14750847ns          242445 1c008bca fe0514e3 bne              x10, x0, -24        x10:0000000a
14750926ns          242449 1c008bb2 02500793 addi             x15, x0, 37         x15=00000025
14750946ns          242450 1c008bb6 04f50863 beq              x10, x15, 80        x10:0000000a x15:00000025
14750966ns          242451 1c008bba 01a005b3 add              x11, x0, x26        x11=00000002 x26:00000002
14750986ns          242452 1c008bbc 000b00e7 jalr             x1, x22, 0           x1=1c008bbe x22:1c008af0
14751026ns          242454 1c008af0 000026b7 lui              x13, 0x2000         x13=00002000
14751046ns          242455 1c008af2 f14027f3 csrrs            x15, x0, 0xf14      x15=00000003
14751065ns          242456 1c008af6 f8068693 addi             x13, x13, -128      x13=00001f80 x13:00002000
14751085ns          242457 1c008afa 00379713 slli             x14, x15, 0x3       x14=00000018 x15:00000003
14751105ns          242458 1c008afe 00279793 slli             x15, x15, 0x2       x15=0000000c x15:00000003
14751125ns          242459 1c008b00 00d7f7b3 and              x15, x15, x13       x15=00000000 x15:0000000c x13:00001f80
14751145ns          242460 1c008b02 ee873733 p.bclr           x14, x14, 23, 8     x14=00000018 x14:00000018
14751165ns          242461 1c008b06 1a10f6b7 lui              x13, 0x1a10f000     x13=1a10f000
14751185ns          242462 1c008b0a 0ff57513 andi             x10, x10, 255       x10=0000000a x10:0000000a
14751205ns          242463 1c008b0e 00d70733 add              x14, x14, x13       x14=1a10f018 x14:00000018 x13:1a10f000
14751225ns          242464 1c008b10 00a7e723 p.sw             x10, x0(x15)        x10:0000000a x15:00000000  PA:1a10f018
14751543ns          242480 1c008b14 00000513 addi             x10, x0, 0          x10=00000000
14751563ns          242481 1c008b16 00008067 jalr             x0, x1, 0            x1:1c008bbe
14751622ns          242484 1c008bbe 31f52563 p.beqimm         x10, 778            x10:00000000
14751642ns          242485 1c008bc2 001d8d93 addi             x27, x27, 1         x27=0000002d x27:0000002c
14751662ns          242486 1c008bc4 00044503 lbu              x10, 0(x8)          x10=00000000  x8:1c000053  PA:1c000053
14751961ns          242501 1c008bc8 00140413 addi             x8, x8, 1            x8=1c000054  x8:1c000053
14751980ns          242502 1c008bca fe0514e3 bne              x10, x0, -24        x10:00000000
14752000ns          242503 1c008bcc 01b00433 add              x8, x0, x27          x8=0000002d x27:0000002d
14752020ns          242504 1c008bce 00800533 add              x10, x0, x8         x10=0000002d  x8:0000002d
14752040ns          242505 1c008bd0 12c12083 lw               x1, 300(x2)          x1=1c008b5c  x2:10001c98  PA:10001dc4
14752060ns          242506 1c008bd4 12812403 lw               x8, 296(x2)          x8=00000003  x2:10001c98  PA:10001dc0
14752080ns          242507 1c008bd8 12412483 lw               x9, 292(x2)          x9=xxxxxxxx  x2:10001c98  PA:10001dbc
14752100ns          242508 1c008bdc 12012903 lw               x18, 288(x2)        x18=xxxxxxxx  x2:10001c98  PA:10001db8
14752378ns          242522 1c008be0 11c12983 lw               x19, 284(x2)        x19=xxxxxxxx  x2:10001c98  PA:10001db4
14752418ns          242524 1c008be4 11812a03 lw               x20, 280(x2)        x20=xxxxxxxx  x2:10001c98  PA:10001db0
14752438ns          242525 1c008be8 11412a83 lw               x21, 276(x2)        x21=xxxxxxxx  x2:10001c98  PA:10001dac
14752458ns          242526 1c008bec 11012b03 lw               x22, 272(x2)        x22=xxxxxxxx  x2:10001c98  PA:10001da8
14752895ns          242548 1c008bf0 10c12b83 lw               x23, 268(x2)        x23=xxxxxxxx  x2:10001c98  PA:10001da4
14752935ns          242550 1c008bf4 10812c03 lw               x24, 264(x2)        x24=xxxxxxxx  x2:10001c98  PA:10001da0
14752955ns          242551 1c008bf8 10412c83 lw               x25, 260(x2)        x25=xxxxxxxx  x2:10001c98  PA:10001d9c
14752975ns          242552 1c008bfc 10012d03 lw               x26, 256(x2)        x26=xxxxxxxx  x2:10001c98  PA:10001d98
14753035ns          242555 1c008c00 0fc12d83 lw               x27, 252(x2)        x27=xxxxxxxx  x2:10001c98  PA:10001d94
14753055ns          242556 1c008c02 13010113 addi             x2, x2, 304          x2=10001dc8  x2:10001c98
14753074ns          242557 1c008c04 00008067 jalr             x0, x1, 0            x1:1c008b5c
14753114ns          242559 1c008b5c 01c12083 lw               x1, 28(x2)           x1=1c008354  x2:10001dc8  PA:10001de4
14753134ns          242560 1c008b5e 04010113 addi             x2, x2, 64           x2=10001e08  x2:10001dc8
14753174ns          242562 1c008b60 00008067 jalr             x0, x1, 0            x1:1c008354
14753253ns          242566 1c008354 00300793 addi             x15, x0, 3          x15=00000003
14753293ns          242568 1c008356 0087f463 bgeu             x15, x8, 8          x15:00000003  x8:00000003
14753810ns          242594 1c00835e 38d010ef jal              x1, 7052             x1=1c008362
14754308ns          242619 1c009eea f14027f3 csrrs            x15, x0, 0xf14      x15=00000003
14754328ns          242620 1c009eee 01f00713 addi             x14, x0, 31         x14=0000001f
14754745ns          242641 1c009ef0 ca5797b3 p.extractu       x15, x15, 5, 5      x15=00000000 x15:00000003
14754785ns          242643 1c009ef4 00e78863 beq              x15, x14, 16        x15:00000000 x14:0000001f
14754805ns          242644 1c009ef8 002047b7 lui              x15, 0x204000       x15=00204000
14754825ns          242645 1c009efc 20078793 addi             x15, x15, 512       x15=00204200 x15:00204000
14755282ns          242668 1c009f00 01c7e703 p.elw            x14, 28(x15)        x14=00010000 x15:00204200  PA:0020421c
14755402ns          242674 1c009f04 00008067 jalr             x0, x1, 0            x1:1c008362
14755859ns          242697 1c008362 f14027f3 csrrs            x15, x0, 0xf14      x15=00000003
14755879ns          242698 1c008366 f457b7b3 p.bclr           x15, x15, 26, 5     x15=00000003 x15:00000003
14755899ns          242699 1c00836a 02079063 bne              x15, x0, 32         x15:00000003
14756874ns          242748 1c00838a 1c0105b7 lui              x11, 0x1c010000     x11=1c010000
14757311ns          242770 1c00838e 00058593 addi             x11, x11, 0         x11=1c010000 x11:1c010000
14757351ns          242772 1c008392 00641793 slli             x15, x8, 0x6        x15=000000c0  x8:00000003
14757371ns          242773 1c008396 78058513 addi             x10, x11, 1920      x10=1c010780 x11:1c010000
14757391ns          242774 1c00839a 1e000713 addi             x14, x0, 480        x14=000001e0
14757411ns          242775 1c00839e 00f50533 add              x10, x10, x15       x10=1c010840 x10:1c010780 x15:000000c0
14757848ns          242797 1c0083a0 00200633 add              x12, x0, x2         x12=10001e08  x2:10001e08
14757888ns          242799 1c0083a2 42e405b3 p.mac            x11, x8, x14        x11=1c0105a0 x11:1c010000  x8:00000003 x14:000001e0
14757908ns          242800 1c0083a6 d99ff0ef jal              x1, -616             x1=1c0083a8
14758365ns          242823 1c00813e f4010113 addi             x2, x2, -192         x2=10001d48  x2:10001e08
14758823ns          242846 1c008140 1c0007b7 lui              x15, 0x1c000000     x15=1c000000
14758863ns          242848 1c008144 09712e23 sw               x23, 156(x2)        x23:xxxxxxxx  x2:10001d48  PA:10001de4
14758882ns          242849 1c008146 0b47ab83 lw               x23, 180(x15)       x23=3f800000 x15:1c000000  PA:1c0000b4
14759300ns          242870 1c00814a 1c0007b7 lui              x15, 0x1c000000     x15=1c000000
14759320ns          242871 1c00814e 0b312623 sw               x19, 172(x2)        x19:xxxxxxxx  x2:10001d48  PA:10001df4
14759360ns          242873 1c008150 0b87a983 lw               x19, 184(x15)       x19=3fc90fdb x15:1c000000  PA:1c0000b8
14759817ns          242896 1c008154 0a912a23 sw               x9, 180(x2)          x9:xxxxxxxx  x2:10001d48  PA:10001dfc
14759837ns          242897 1c008156 0b212823 sw               x18, 176(x2)        x18:xxxxxxxx  x2:10001d48  PA:10001df8
14759857ns          242898 1c008158 0b412423 sw               x20, 168(x2)        x20:xxxxxxxx  x2:10001d48  PA:10001df0
14759877ns          242899 1c00815a 0b512223 sw               x21, 164(x2)        x21:xxxxxxxx  x2:10001d48  PA:10001dec
14759897ns          242900 1c00815c 0b612023 sw               x22, 160(x2)        x22:xxxxxxxx  x2:10001d48  PA:10001de8
14759917ns          242901 1c00815e 0a112e23 sw               x1, 188(x2)          x1:1c0083a8  x2:10001d48  PA:10001e04
14759937ns          242902 1c008160 0a812c23 sw               x8, 184(x2)          x8:00000003  x2:10001d48  PA:10001e00
14759957ns          242903 1c008162 09812c23 sw               x24, 152(x2)        x24:xxxxxxxx  x2:10001d48  PA:10001de0
14759976ns          242904 1c008164 09912a23 sw               x25, 148(x2)        x25:xxxxxxxx  x2:10001d48  PA:10001ddc
14759996ns          242905 1c008166 09a12823 sw               x26, 144(x2)        x26:xxxxxxxx  x2:10001d48  PA:10001dd8
14760016ns          242906 1c008168 09b12623 sw               x27, 140(x2)        x27:xxxxxxxx  x2:10001d48  PA:10001dd4
14760036ns          242907 1c00816a 00a00ab3 add              x21, x0, x10        x21=1c010840 x10:1c010840
14760056ns          242908 1c00816c 00b004b3 add              x9, x0, x11          x9=1c0105a0 x11:1c0105a0
14760076ns          242909 1c00816e 00c00b33 add              x22, x0, x12        x22=10001e08 x12:10001e08
14760414ns          242926 1c008170 01050a13 addi             x20, x10, 16        x20=1c010850 x10:1c010840
14760454ns          242928 1c008174 00000913 addi             x18, x0, 0          x18=00000000
14760474ns          242929 1c008178 004aa70b p.lw             x14, 4(x21!)        x14=3f02b8ba x21=1c010844 x21:1c010840  PA:1c010840
14760911ns          242951 1c00817c 00caa683 lw               x13, 12(x21)        x13=3e59d244 x21:1c010844  PA:1c010850
14761210ns          242966 1c008180 01caa783 lw               x15, 28(x21)        x15=3f554429 x21:1c010844  PA:1c010860
14761508ns          242981 1c008184 10d6f6d3 fmul.s           f13, f13, f13       f13=xxxxxxxx f13:3e59d244 f13:3e59d244
14761528ns          242982 1c008188 02caa503 lw               x10, 44(x21)        x10=40217362 x21:1c010844  PA:1c010870
14761826ns          242997 1c00818c 68e77743 fmadd.s          f14, f14, f14, f13  f14=xxxxxxxx f14:3f02b8ba f14:3f02b8ba f13:3d395624
14761846ns          242998 1c008190 70f7f7c3 fmadd.s          f15, f15, f15, f14  f15=xxxxxxxx f15:3f554429 f15:3f554429 f14:3e9cab09
14761866ns          242999 1c008194 5807f7d3 fsqrt.s          f15, f15            f15=xxxxxxxx f15:3f800001
14762761ns          243044 1c008198 18fbfd53 fdiv.s           f26, f23, f15       f26=xxxxxxxx f23:3f800000 f15:3f800000
14763616ns          243087 1c00819c 314000ef jal              x1, 788              x1=xxxxxxxx
14763636ns          243088 1c0084b0 a0a527d3 feq.s            x15, f10, f10       x15=00000001 f10:40217362 f10:40217362
14763895ns          243101 1c0084b4 0a078b63 beq              x15, x0, 182        x15:00000001
14763915ns          243102 1c0084b6 e00517d3 fclass.s         x15, f10            x15=00000040 f10:40217362
14763935ns          243103 1c0084ba 0817f793 andi             x15, x15, 129       x15=00000000 x15:00000040
14763955ns          243104 1c0084be 0a079663 bne              x15, x0, 172        x15:00000000
14763994ns          243106 1c0084c0 00000793 addi             x15, x0, 0          x15=00000000
14764034ns          243108 1c0084c4 a0f517d3 flt.s            x15, f10, f15       x15=00000000 f10:40217362 f15:00000000
14764054ns          243109 1c0084c8 0a079663 bne              x15, x0, 172        x15:00000000
14764074ns          243110 1c0084ca 1c000737 lui              x14, 0x1c000000     x14=1c000000
14764134ns          243113 1c0084ce 0ec72783 lw               x15, 236(x14)       x15=40c90fdb x14:1c000000  PA:1c0000ec
14764452ns          243129 1c0084d2 a0a797d3 flt.s            x15, f15, f10       x15=00000000 f15:40c90fdb f10:40217362
14764472ns          243130 1c0084d6 00078b63 beq              x15, x0, 22         x15:00000000
14764591ns          243136 1c0084ec 00000793 addi             x15, x0, 0          x15=00000000
14765009ns          243157 1c0084f0 a0f517d3 flt.s            x15, f10, f15       x15=00000000 f10:40217362 f15:00000000
14765049ns          243159 1c0084f4 08079a63 bne              x15, x0, 148        x15:00000000
14765069ns          243160 1c0084f6 1c0007b7 lui              x15, 0x1c000000     x15=1c000000
14765088ns          243161 1c0084fa 0b87a783 lw               x15, 184(x15)       x15=3fc90fdb x15:1c000000  PA:1c0000b8
14765625ns          243188 1c0084fe a0f517d3 flt.s            x15, f10, f15       x15=00000000 f10:40217362 f15:3fc90fdb
14765645ns          243189 1c008502 02079563 bne              x15, x0, 42         x15:00000000
14765665ns          243190 1c008504 1c0007b7 lui              x15, 0x1c000000     x15=1c000000
14765685ns          243191 1c008508 0bc7a783 lw               x15, 188(x15)       x15=40490fdb x15:1c000000  PA:1c0000bc
14766023ns          243208 1c00850c a0f51753 flt.s            x14, f10, f15       x14=00000001 f10:40217362 f15:40490fdb
14766043ns          243209 1c008510 06071f63 bne              x14, x0, 126        x14:00000001
14767237ns          243269 1c00858e 08a7f553 fsub.s           f10, f15, f10       f10=xxxxxxxx f15:40490fdb f10:40217362
14767276ns          243271 1c008592 10a57553 fmul.s           f10, f10, f10       f10=xxxxxxxx f10:3f1e71e4 f10:3f1e71e4
14767296ns          243272 1c008596 1c0007b7 lui              x15, 0x1c000000     x15=1c000000
14767316ns          243273 1c00859a 1c000737 lui              x14, 0x1c000000     x14=1c000000
14767794ns          243297 1c00859e 0f472703 lw               x14, 244(x14)       x14=bab59551 x14:1c000000  PA:1c0000f4
14768132ns          243314 1c0085a2 0f07a783 lw               x15, 240(x15)       x15=37c23ab1 x15:1c000000  PA:1c0000f0
14768450ns          243330 1c0085a6 70f577c3 fmadd.s          f15, f10, f15, f14  f15=xxxxxxxx f10:3ec42190 f15:37c23ab1 f14:bab59551
14768470ns          243331 1c0085aa 1c000737 lui              x14, 0x1c000000     x14=1c000000
14768629ns          243339 1c0085ae 0f872703 lw               x14, 248(x14)       x14=3d2aa76f x14:1c000000  PA:1c0000f8
14768967ns          243356 1c0085b2 70f577c3 fmadd.s          f15, f10, f15, f14  f15=xxxxxxxx f10:3ec42190 f15:bab46bb4 f14:3d2aa76f
14768987ns          243357 1c0085b6 1c000737 lui              x14, 0x1c000000     x14=1c000000
14769007ns          243358 1c0085ba 0fc72703 lw               x14, 252(x14)       x14=beffffe0 x14:1c000000  PA:1c0000fc
14769524ns          243384 1c0085be 70f577c3 fmadd.s          f15, f10, f15, f14  f15=xxxxxxxx f10:3ec42190 f15:3d287e87 f14:beffffe0
14769544ns          243385 1c0085c2 1c000737 lui              x14, 0x1c000000     x14=1c000000
14769564ns          243386 1c0085c6 12472703 lw               x14, 292(x14)       x14=3f7fffff x14:1c000000  PA:1c000124
14770061ns          243411 1c0085ca 70f57543 fmadd.s          f10, f10, f15, f14  f10=xxxxxxxx f10:3ec42190 f15:bef7ee71 f14:3f7fffff
14770081ns          243412 1c0085ce 20a51553 fsgnjn.s         f10, f10, f10       f10=xxxxxxxx f10:3f50833b f10:3f50833b
14770101ns          243413 1c0085d2 00008067 jalr             x0, x1, 0            x1:1c00819e
14770141ns          243415 1c00819e 00a00433 add              x8, x0, x10          x8=bf50833b x10:bf50833b
14770161ns          243416 1c0081a0 02caa503 lw               x10, 44(x21)        x10=40217362 x21:1c010844  PA:1c010870
14770479ns          243432 1c0081a4 08a9f553 fsub.s           f10, f19, f10       f10=xxxxxxxx f19:3fc90fdb f10:40217362
14770499ns          243433 1c0081a8 308000ef jal              x1, 776              x1=1c0081aa
14770578ns          243437 1c0084b0 a0a527d3 feq.s            x15, f10, f10       x15=00000001 f10:bf73add2 f10:bf73add2
14770618ns          243439 1c0084b4 0a078b63 beq              x15, x0, 182        x15:00000001
14770638ns          243440 1c0084b6 e00517d3 fclass.s         x15, f10            x15=00000002 f10:bf73add2
14770658ns          243441 1c0084ba 0817f793 andi             x15, x15, 129       x15=00000000 x15:00000002
14770678ns          243442 1c0084be 0a079663 bne              x15, x0, 172        x15:00000000
14770698ns          243443 1c0084c0 00000793 addi             x15, x0, 0          x15=00000000
14770717ns          243444 1c0084c4 a0f517d3 flt.s            x15, f10, f15       x15=00000001 f10:bf73add2 f15:00000000
14770737ns          243445 1c0084c8 0a079663 bne              x15, x0, 172        x15:00000001
14770837ns          243450 1c008574 1c0007b7 lui              x15, 0x1c000000     x15=1c000000
14770877ns          243452 1c008578 0e87a783 lw               x15, 232(x15)       x15=c0c90fdb x15:1c000000  PA:1c0000e8
14771195ns          243468 1c00857c a0f517d3 flt.s            x15, f10, f15       x15=00000000 f10:bf73add2 f15:c0c90fdb
14771215ns          243469 1c008580 00078463 beq              x15, x0, 8          x15:00000000
14771274ns          243472 1c008588 20a51553 fsgnjn.s         f10, f10, f10       f10=xxxxxxxx f10:bf73add2 f10:bf73add2
14771294ns          243473 1c00858c f6bff06f jal              x0, -150           
14771354ns          243476 1c0084f6 1c0007b7 lui              x15, 0x1c000000     x15=1c000000
14771374ns          243477 1c0084fa 0b87a783 lw               x15, 184(x15)       x15=3fc90fdb x15:1c000000  PA:1c0000b8
14771692ns          243493 1c0084fe a0f517d3 flt.s            x15, f10, f15       x15=00000001 f10:3f73add2 f15:3fc90fdb
14771712ns          243494 1c008502 02079563 bne              x15, x0, 42         x15:00000001
14771811ns          243499 1c00852c 10a57553 fmul.s           f10, f10, f10       f10=xxxxxxxx f10:3f73add2 f10:3f73add2
14771891ns          243503 1c008530 1c0007b7 lui              x15, 0x1c000000     x15=1c000000
14771931ns          243505 1c008534 1c000737 lui              x14, 0x1c000000     x14=1c000000
14771951ns          243506 1c008538 0f472703 lw               x14, 244(x14)       x14=bab59551 x14:1c000000  PA:1c0000f4
14772309ns          243524 1c00853c 0f07a783 lw               x15, 240(x15)       x15=37c23ab1 x15:1c000000  PA:1c0000f0
14772627ns          243540 1c008540 70f577c3 fmadd.s          f15, f10, f15, f14  f15=xxxxxxxx f10:3f67f373 f15:37c23ab1 f14:bab59551
14772647ns          243541 1c008544 1c000737 lui              x14, 0x1c000000     x14=1c000000
14772667ns          243542 1c008548 0f872703 lw               x14, 248(x14)       x14=3d2aa76f x14:1c000000  PA:1c0000f8
14773025ns          243560 1c00854c 70f577c3 fmadd.s          f15, f10, f15, f14  f15=xxxxxxxx f10:3f67f373 f15:bab2d562 f14:3d2aa76f
14773045ns          243561 1c008550 1c000737 lui              x14, 0x1c000000     x14=1c000000
14773065ns          243562 1c008554 0fc72703 lw               x14, 252(x14)       x14=beffffe0 x14:1c000000  PA:1c0000fc
14773383ns          243578 1c008558 70f577c3 fmadd.s          f15, f10, f15, f14  f15=xxxxxxxx f10:3f67f373 f15:3d25972a f14:beffffe0
14773403ns          243579 1c00855c 1c000737 lui              x14, 0x1c000000     x14=1c000000
14773423ns          243580 1c008560 12472703 lw               x14, 292(x14)       x14=3f7fffff x14:1c000000  PA:1c000124
14773761ns          243597 1c008564 70f57543 fmadd.s          f10, f10, f15, f14  f10=xxxxxxxx f10:3f67f373 f15:beed3ec4 f14:3f7fffff
14773781ns          243598 1c008568 00008067 jalr             x0, x1, 0            x1:1c0081aa
14773820ns          243600 1c0081aa 0204a683 lw               x13, 32(x9)         x13=3f586bdf  x9:1c0105a0  PA:1c0105c0
14774119ns          243615 1c0081ac 0244a703 lw               x14, 36(x9)         x14=4016132d  x9:1c0105a0  PA:1c0105c4
14774417ns          243630 1c0081ae 0a04a783 lw               x15, 160(x9)        x15=4070cadd  x9:1c0105a0  PA:1c010640
14774716ns          243645 1c0081b2 02d12423 sw               x13, 40(x2)         x13:3f586bdf  x2:10001d48  PA:10001d70
14774735ns          243646 1c0081b4 02e12623 sw               x14, 44(x2)         x14:4016132d  x2:10001d48  PA:10001d74
14774755ns          243647 1c0081b6 ffcaa683 lw               x13, -4(x21)        x13=3f02b8ba x21:1c010844  PA:1c010840
14775074ns          243663 1c0081ba 00caa703 lw               x14, 12(x21)        x14=3e59d244 x21:1c010844  PA:1c010850
14775372ns          243678 1c0081be 02f12823 sw               x15, 48(x2)         x15:4070cadd  x2:10001d48  PA:10001d78
14775392ns          243679 1c0081c0 01caa783 lw               x15, 28(x21)        x15=3f554429 x21:1c010844  PA:1c010860
14775690ns          243694 1c0081c4 10dd76d3 fmul.s           f13, f26, f13       f13=xxxxxxxx f26:3f800000 f13:3f02b8ba
14775710ns          243695 1c0081c8 10ed7753 fmul.s           f14, f26, f14       f14=xxxxxxxx f26:3f800000 f14:3e59d244
14775730ns          243696 1c0081cc 10fd77d3 fmul.s           f15, f26, f15       f15=xxxxxxxx f26:3f800000 f15:3f554429
14775889ns          243704 1c0081d0 0044ae83 lw               x29, 4(x9)          x29=40d3d3c5  x9:1c0105a0  PA:1c0105a4
14776207ns          243720 1c0081d4 0084ae03 lw               x28, 8(x9)          x28=40831d21  x9:1c0105a0  PA:1c0105a8
14776506ns          243735 1c0081d8 00c4a303 lw               x6, 12(x9)           x6=4007363b  x9:1c0105a0  PA:1c0105ac
14776804ns          243750 1c0081dc 0104a883 lw               x17, 16(x9)         x17=41188b11  x9:1c0105a0  PA:1c0105b0
14777102ns          243765 1c0081e0 0144a803 lw               x16, 20(x9)         x16=40a77491  x9:1c0105a0  PA:1c0105b4
14777401ns          243780 1c0081e4 0184a583 lw               x11, 24(x9)         x11=41160d97  x9:1c0105a0  PA:1c0105b8
14777719ns          243796 1c0081e6 01c4a603 lw               x12, 28(x9)         x12=408de2d6  x9:1c0105a0  PA:1c0105bc
14778017ns          243811 1c0081e8 0004af03 lw               x30, 0(x9)          x30=411f8693  x9:1c0105a0  PA:1c0105a0
14778316ns          243826 1c0081ec 0b84a383 lw               x7, 184(x9)          x7=410d90e9  x9:1c0105a0  PA:1c010658
14778614ns          243841 1c0081f0 0bc4a283 lw               x5, 188(x9)          x5=40e05e97  x9:1c0105a0  PA:1c01065c
14778912ns          243856 1c0081f4 0c04af83 lw               x31, 192(x9)        x31=411d5a72  x9:1c0105a0  PA:1c010660
14779211ns          243871 1c0081f8 01e12423 sw               x30, 8(x2)          x30:411f8693  x2:10001d48  PA:10001d50
14779231ns          243872 1c0081fa 01d12623 sw               x29, 12(x2)         x29:40d3d3c5  x2:10001d48  PA:10001d54
14779251ns          243873 1c0081fc 0c44af03 lw               x30, 196(x9)        x30=4117efc3  x9:1c0105a0  PA:1c010664
14779549ns          243888 1c008200 01c12823 sw               x28, 16(x2)         x28:40831d21  x2:10001d48  PA:10001d58
14779569ns          243889 1c008202 00612a23 sw               x6, 20(x2)           x6:4007363b  x2:10001d48  PA:10001d5c
14779589ns          243890 1c008204 01112c23 sw               x17, 24(x2)         x17:41188b11  x2:10001d48  PA:10001d60
14779609ns          243891 1c008206 01012e23 sw               x16, 28(x2)         x16:40a77491  x2:10001d48  PA:10001d64
14779629ns          243892 1c008208 02b12023 sw               x11, 32(x2)         x11:41160d97  x2:10001d48  PA:10001d68
14779648ns          243893 1c00820a 10f57853 fmul.s           f16, f10, f15       f16=xxxxxxxx f10:3f14855f f15:3f554429
14780066ns          243914 1c00820e 10e575d3 fmul.s           f11, f10, f14       f11=xxxxxxxx f10:3f14855f f14:3e59d244
14780086ns          243915 1c008212 02c12223 sw               x12, 36(x2)         x12:408de2d6  x2:10001d48  PA:10001d6c
14780106ns          243916 1c008214 0b04ac83 lw               x25, 176(x9)        x25=40af8ccf  x9:1c0105a0  PA:1c010650
14780404ns          243931 1c008218 10d57653 fmul.s           f12, f10, f13       f12=xxxxxxxx f10:3f14855f f13:3f02b8ba
14780424ns          243932 1c00821c 0b44ac03 lw               x24, 180(x9)        x24=405990c5  x9:1c0105a0  PA:1c010654
14780742ns          243948 1c008220 1644ad03 lw               x26, 356(x9)        x26=40faf9df  x9:1c0105a0  PA:1c010704
14781041ns          243963 1c008224 1404a503 lw               x10, 320(x9)        x10=3cc086ae  x9:1c0105a0  PA:1c0106e0
14781339ns          243978 1c008228 0a44ad83 lw               x27, 164(x9)        x27=408a20b1  x9:1c0105a0  PA:1c010644
14781657ns          243994 1c00822c 04a12c23 sw               x10, 88(x2)         x10:3cc086ae  x2:10001d48  PA:10001da0
14781677ns          243995 1c00822e 03b12a23 sw               x27, 52(x2)         x27:408a20b1  x2:10001d48  PA:10001d7c
14781697ns          243996 1c008230 0a84ad83 lw               x27, 168(x9)        x27=4111d4e2  x9:1c0105a0  PA:1c010648
14781996ns          244011 1c008234 1444a503 lw               x10, 324(x9)        x10=411fa3c1  x9:1c0105a0  PA:1c0106e4
14782294ns          244026 1c008238 03b12c23 sw               x27, 56(x2)         x27:4111d4e2  x2:10001d48  PA:10001d80
14782314ns          244027 1c00823a 0ac4ad83 lw               x27, 172(x9)        x27=411a45b7  x9:1c0105a0  PA:1c01064c
14782612ns          244042 1c00823e 04a12e23 sw               x10, 92(x2)         x10:411fa3c1  x2:10001d48  PA:10001da4
14782632ns          244043 1c008240 03b12e23 sw               x27, 60(x2)         x27:411a45b7  x2:10001d48  PA:10001d84
14782652ns          244044 1c008242 1484ad83 lw               x27, 328(x9)        x27=4116af78  x9:1c0105a0  PA:1c0106e8
14782970ns          244060 1c008246 14c4a503 lw               x10, 332(x9)        x10=40ba7244  x9:1c0105a0  PA:1c0106ec
14783269ns          244075 1c00824a 07b12023 sw               x27, 96(x2)         x27:4116af78  x2:10001d48  PA:10001da8
14783288ns          244076 1c00824c 1504ad83 lw               x27, 336(x9)        x27=406ff5a6  x9:1c0105a0  PA:1c0106f0
14783587ns          244091 1c008250 088bf8d3 fsub.s           f17, f23, f8        f17=xxxxxxxx f23:3f800000  f8:bf50833b
14783607ns          244092 1c008254 10e6fed3 fmul.s           f29, f13, f14       f29=xxxxxxxx f13:3f02b8ba f14:3e59d244
14783627ns          244093 1c008258 10f6fe53 fmul.s           f28, f13, f15       f28=xxxxxxxx f13:3f02b8ba f15:3f554429
14783646ns          244094 1c00825c 10f77353 fmul.s           f6, f14, f15         f6=xxxxxxxx f14:3e59d244 f15:3f554429
14783806ns          244102 1c008260 06a12223 sw               x10, 100(x2)        x10:40ba7244  x2:10001d48  PA:10001dac
14783825ns          244103 1c008262 07b12423 sw               x27, 104(x2)        x27:406ff5a6  x2:10001d48  PA:10001db0
14783845ns          244104 1c008264 1544a503 lw               x10, 340(x9)        x10=407a9dbf  x9:1c0105a0  PA:1c0106f4
14784144ns          244119 1c008268 1584ad83 lw               x27, 344(x9)        x27=40b3d918  x9:1c0105a0  PA:1c0106f8
14784442ns          244134 1c00826c 10d6f6d3 fmul.s           f13, f13, f13       f13=xxxxxxxx f13:3f02b8ba f13:3f02b8ba
14784462ns          244135 1c008270 10e77753 fmul.s           f14, f14, f14       f14=xxxxxxxx f14:3e59d244 f14:3e59d244
14784482ns          244136 1c008274 10f7f7d3 fmul.s           f15, f15, f15       f15=xxxxxxxx f15:3f554429 f15:3f554429
14784502ns          244137 1c008278 05f12823 sw               x31, 80(x2)         x31:411d5a72  x2:10001d48  PA:10001d98
14784522ns          244138 1c00827a 05e12a23 sw               x30, 84(x2)         x30:4117efc3  x2:10001d48  PA:10001d9c
14784542ns          244139 1c00827c 81d8ffc7 fmsub.s          f31, f17, f29, f16  f31=xxxxxxxx f17:3fe8419e f29:3dde73e8 f16:3ef77507
14784939ns          244159 1c008280 06a12623 sw               x10, 108(x2)        x10:407a9dbf  x2:10001d48  PA:10001db4
14784959ns          244160 1c008282 07b12823 sw               x27, 112(x2)        x27:40b3d918  x2:10001d48  PA:10001db8
14784979ns          244161 1c008284 15c4a503 lw               x10, 348(x9)        x10=411ca802  x9:1c0105a0  PA:1c0106fc
14785278ns          244176 1c008288 1604ad83 lw               x27, 352(x9)        x27=40ca873c  x9:1c0105a0  PA:1c010700
14785576ns          244191 1c00828c 59c8ff43 fmadd.s          f30, f17, f28, f11  f30=xxxxxxxx f17:3fe8419e f28:3ed9cd02 f11:3dfcbe15
14785596ns          244192 1c008290 81d8f843 fmadd.s          f16, f17, f29, f16  f16=xxxxxxxx f17:3fe8419e f29:3dde73e8 f16:3ef77507
14785616ns          244193 1c008294 59c8f5c7 fmsub.s          f11, f17, f28, f11  f11=xxxxxxxx f17:3fe8419e f28:3ed9cd02 f11:3dfcbe15
14785636ns          244194 1c008298 6068fec7 fmsub.s          f29, f17, f6, f12   f29=xxxxxxxx f17:3fe8419e  f6:3e3575f1 f12:3e97adcc
14785655ns          244195 1c00829c 6068f643 fmadd.s          f12, f17, f6, f12   f12=xxxxxxxx f17:3fe8419e  f6:3e3575f1 f12:3e97adcc
14786073ns          244216 1c0082a0 04712423 sw               x7, 72(x2)           x7:410d90e9  x2:10001d48  PA:10001d90
14786093ns          244217 1c0082a2 04512623 sw               x5, 76(x2)           x5:40e05e97  x2:10001d48  PA:10001d94
14786113ns          244218 1c0082a4 4116f6c3 fmadd.s          f13, f13, f17, f8   f13=xxxxxxxx f13:3e858044 f17:3fe8419e  f8:bf50833b
14786133ns          244219 1c0082a8 40e8f743 fmadd.s          f14, f17, f14, f8   f14=xxxxxxxx f17:3fe8419e f14:3d395624  f8:bf50833b
14786153ns          244220 1c0082ac 40f8f7c3 fmadd.s          f15, f17, f15, f8   f15=xxxxxxxx f17:3fe8419e f15:3f31aa7e  f8:bf50833b
14786590ns          244242 1c0082b0 05912023 sw               x25, 64(x2)         x25:40af8ccf  x2:10001d48  PA:10001d88
14786610ns          244243 1c0082b2 05812223 sw               x24, 68(x2)         x24:405990c5  x2:10001d48  PA:10001d8c
14786630ns          244244 1c0082b4 06a12a23 sw               x10, 116(x2)        x10:411ca802  x2:10001d48  PA:10001dbc
14786650ns          244245 1c0082b6 07b12c23 sw               x27, 120(x2)        x27:40ca873c  x2:10001d48  PA:10001dc0
14786670ns          244246 1c0082b8 07a12e23 sw               x26, 124(x2)        x26:40faf9df  x2:10001d48  PA:10001dc4
14786690ns          244247 1c0082ba 00810393 addi             x7, x2, 8            x7=10001d50  x2:10001d48
14786710ns          244248 1c0082be 016002b3 add              x5, x0, x22          x5=10001e08 x22:10001e08
14787127ns          244269 1c0082c0 00af50fb lp.setupi        0x1, 0xa, 0x1e     
14787167ns          244271 1c0082c4 0043a50b p.lw             x10, 4(x7!)         x10=411f8693  x7=10001d54  x7:10001d50  PA:10001d50
14787207ns          244273 1c0082c8 90a6f343 fmadd.s          f6, f13, f10, f18    f6=xxxxxxxx f13:beaec98b f10:411f8693 f18:00000000
14787227ns          244274 1c0082cc 0243ae03 lw               x28, 36(x7)         x28=4070cadd  x7:10001d54  PA:10001d78
14787645ns          244295 1c0082d0 90aff8c3 fmadd.s          f17, f31, f10, f18  f17=xxxxxxxx f31:be928c00 f10:411f8693 f18:00000000
14787684ns          244297 1c0082d4 90af7c43 fmadd.s          f24, f30, f10, f18  f24=xxxxxxxx f30:3f653160 f10:411f8693 f18:00000000
14787704ns          244298 1c0082d8 31c87343 fmadd.s          f6, f16, f28, f6     f6=xxxxxxxx f16:3f2e2f07 f28:4070cadd  f6:c059d61e
14787724ns          244299 1c0082dc 04c3a503 lw               x10, 76(x7)         x10=3cc086ae  x7:10001d54  PA:10001da0
14788162ns          244321 1c0082e0 89c778c3 fmadd.s          f17, f14, f28, f17  f17=xxxxxxxx f14:bf3b7e89 f28:4070cadd f17:c036a3fb
14788201ns          244323 1c0082e4 c1cefe43 fmadd.s          f28, f29, f28, f24  f28=xxxxxxxx f29:3ccf3996 f28:4070cadd f24:410ed226
14788221ns          244324 1c0082e8 30a5f343 fmadd.s          f6, f11, f10, f6     f6=xxxxxxxx f11:3f2601db f10:3cc086ae  f6:bf580000
14788241ns          244325 1c0082ec 88a678c3 fmadd.s          f17, f12, f10, f17  f17=xxxxxxxx f12:3f1e2799 f10:3cc086ae f17:c0b37f98
14788679ns          244347 1c0082f0 e0a7f543 fmadd.s          f10, f15, f10, f28  f10=xxxxxxxx f15:3ee3b9bb f10:3cc086ae f28:411057fa
14788719ns          244349 1c0082f4 0062a22b p.sw             x6, 4(x5!)           x5=10001e0c  x6:bf54193a  x5:10001e08  PA:10001e08
14788758ns          244351 1c0082f8 0912ae23 sw               x17, 156(x5)        x17:c0b308a7  x5:10001e0c  PA:10001ea8
14788778ns          244352 1c0082fc 12a2ae23 sw               x10, 316(x5)        x10:411082cb  x5:10001e0c  PA:10001f48
14788838ns          244355 1c0082c4 0043a50b p.lw             x10, 4(x7!)         x10=40d3d3c5  x7=10001d58  x7:10001d54  PA:10001d54
14788878ns          244357 1c0082c8 90a6f343 fmadd.s          f6, f13, f10, f18    f6=xxxxxxxx f13:beaec98b f10:40d3d3c5 f18:00000000
14788898ns          244358 1c0082cc 0243ae03 lw               x28, 36(x7)         x28=408a20b1  x7:10001d58  PA:10001d7c
14788918ns          244359 1c0082d0 90aff8c3 fmadd.s          f17, f31, f10, f18  f17=xxxxxxxx f31:be928c00 f10:40d3d3c5 f18:00000000
14788937ns          244360 1c0082d4 90af7c43 fmadd.s          f24, f30, f10, f18  f24=xxxxxxxx f30:3f653160 f10:40d3d3c5 f18:00000000
14788957ns          244361 1c0082d8 31c87343 fmadd.s          f6, f16, f28, f6     f6=xxxxxxxx f16:3f2e2f07 f28:408a20b1  f6:c010a0b4
14788977ns          244362 1c0082dc 04c3a503 lw               x10, 76(x7)         x10=411fa3c1  x7:10001d58  PA:10001da4
14788997ns          244363 1c0082e0 89c778c3 fmadd.s          f17, f14, f28, f17  f17=xxxxxxxx f14:bf3b7e89 f28:408a20b1 f17:bff2853c
14789017ns          244364 1c0082e4 c1cefe43 fmadd.s          f28, f29, f28, f24  f28=xxxxxxxx f29:3ccf3996 f28:408a20b1 f24:40bda54a
14789037ns          244365 1c0082e8 30a5f343 fmadd.s          f6, f11, f10, f6     f6=xxxxxxxx f11:3f2601db f10:411fa3c1  f6:3f2d59f1
14789057ns          244366 1c0082ec 88a678c3 fmadd.s          f17, f12, f10, f17  f17=xxxxxxxx f12:3f1e2799 f10:411fa3c1 f17:c0a1cb76
14789077ns          244367 1c0082f0 e0a7f543 fmadd.s          f10, f15, f10, f28  f10=xxxxxxxx f15:3ee3b9bb f10:411fa3c1 f28:40c123c6
14789097ns          244368 1c0082f4 0062a22b p.sw             x6, 4(x5!)           x5=10001e10  x6:40e4b5ed  x5:10001e0c  PA:10001e0c
14789116ns          244369 1c0082f8 0912ae23 sw               x17, 156(x5)        x17:3f8dd03c  x5:10001e10  PA:10001eac
14789136ns          244370 1c0082fc 12a2ae23 sw               x10, 316(x5)        x10:412792e6  x5:10001e10  PA:10001f4c
14789594ns          244393 1c0082c4 0043a50b p.lw             x10, 4(x7!)         x10=40831d21  x7=10001d5c  x7:10001d58  PA:10001d58
14789634ns          244395 1c0082c8 90a6f343 fmadd.s          f6, f13, f10, f18    f6=xxxxxxxx f13:beaec98b f10:40831d21 f18:00000000
14789653ns          244396 1c0082cc 0243ae03 lw               x28, 36(x7)         x28=4111d4e2  x7:10001d5c  PA:10001d80
14789673ns          244397 1c0082d0 90aff8c3 fmadd.s          f17, f31, f10, f18  f17=xxxxxxxx f31:be928c00 f10:40831d21 f18:00000000
14789693ns          244398 1c0082d4 90af7c43 fmadd.s          f24, f30, f10, f18  f24=xxxxxxxx f30:3f653160 f10:40831d21 f18:00000000
14789713ns          244399 1c0082d8 31c87343 fmadd.s          f6, f16, f28, f6     f6=xxxxxxxx f16:3f2e2f07 f28:4111d4e2  f6:bfb30a0b
14789733ns          244400 1c0082dc 04c3a503 lw               x10, 76(x7)         x10=4116af78  x7:10001d5c  PA:10001da8
14789753ns          244401 1c0082e0 89c778c3 fmadd.s          f17, f14, f28, f17  f17=xxxxxxxx f14:bf3b7e89 f28:4111d4e2 f17:bf961ca2
14789773ns          244402 1c0082e4 c1cefe43 fmadd.s          f28, f29, f28, f24  f28=xxxxxxxx f29:3ccf3996 f28:4111d4e2 f24:406ac4b1
14789793ns          244403 1c0082e8 30a5f343 fmadd.s          f6, f11, f10, f6     f6=xxxxxxxx f11:3f2601db f10:4116af78  f6:4099b075
14789813ns          244404 1c0082ec 88a678c3 fmadd.s          f17, f12, f10, f17  f17=xxxxxxxx f12:3f1e2799 f10:4116af78 f17:c0fb2454
14789833ns          244405 1c0082f0 e0a7f543 fmadd.s          f10, f15, f10, f28  f10=xxxxxxxx f15:3ee3b9bb f10:4116af78 f28:4079862f
14789852ns          244406 1c0082f4 0062a22b p.sw             x6, 4(x5!)           x5=10001e14  x6:412e8f1a  x5:10001e10  PA:10001e10
14789892ns          244408 1c0082f8 0912ae23 sw               x17, 156(x5)        x17:c001ea3d  x5:10001e14  PA:10001eb0
14789912ns          244409 1c0082fc 12a2ae23 sw               x10, 316(x5)        x10:41016701  x5:10001e14  PA:10001f50
14789932ns          244410 1c0082c4 0043a50b p.lw             x10, 4(x7!)         x10=4007363b  x7=10001d60  x7:10001d5c  PA:10001d5c
14789972ns          244412 1c0082c8 90a6f343 fmadd.s          f6, f13, f10, f18    f6=xxxxxxxx f13:beaec98b f10:4007363b f18:00000000
14789992ns          244413 1c0082cc 0243ae03 lw               x28, 36(x7)         x28=411a45b7  x7:10001d60  PA:10001d84
14790012ns          244414 1c0082d0 90aff8c3 fmadd.s          f17, f31, f10, f18  f17=xxxxxxxx f31:be928c00 f10:4007363b f18:00000000
14790031ns          244415 1c0082d4 90af7c43 fmadd.s          f24, f30, f10, f18  f24=xxxxxxxx f30:3f653160 f10:4007363b f18:00000000
14790051ns          244416 1c0082d8 31c87343 fmadd.s          f6, f16, f28, f6     f6=xxxxxxxx f16:3f2e2f07 f28:411a45b7  f6:bf38a29e
14790071ns          244417 1c0082dc 04c3a503 lw               x10, 76(x7)         x10=40ba7244  x7:10001d60  PA:10001dac
14790091ns          244418 1c0082e0 89c778c3 fmadd.s          f17, f14, f28, f17  f17=xxxxxxxx f14:bf3b7e89 f28:411a45b7 f17:bf1acdbf
14790111ns          244419 1c0082e4 c1cefe43 fmadd.s          f28, f29, f28, f24  f28=xxxxxxxx f29:3ccf3996 f28:411a45b7 f24:3ff21b2e
14790131ns          244420 1c0082e8 30a5f343 fmadd.s          f6, f11, f10, f6     f6=xxxxxxxx f11:3f2601db f10:40ba7244  f6:40badb1f
14790151ns          244421 1c0082ec 88a678c3 fmadd.s          f17, f12, f10, f17  f17=xxxxxxxx f12:3f1e2799 f10:40ba7244 f17:c0f55413
14790171ns          244422 1c0082f0 e0a7f543 fmadd.s          f10, f15, f10, f28  f10=xxxxxxxx f15:3ee3b9bb f10:40ba7244 f28:4008a9b9
14790191ns          244423 1c0082f4 0062a22b p.sw             x6, 4(x5!)           x5=10001e18  x6:4119e149  x5:10001e14  PA:10001e14
14790230ns          244425 1c0082f8 0912ae23 sw               x17, 156(x5)        x17:c08224b6  x5:10001e18  PA:10001eb4
14790250ns          244426 1c0082fc 12a2ae23 sw               x10, 316(x5)        x10:40974228  x5:10001e18  PA:10001f54
14790270ns          244427 1c0082c4 0043a50b p.lw             x10, 4(x7!)         x10=41188b11  x7=10001d64  x7:10001d60  PA:10001d60
14790310ns          244429 1c0082c8 90a6f343 fmadd.s          f6, f13, f10, f18    f6=xxxxxxxx f13:beaec98b f10:41188b11 f18:00000000
14790330ns          244430 1c0082cc 0243ae03 lw               x28, 36(x7)         x28=40af8ccf  x7:10001d64  PA:10001d88
14790350ns          244431 1c0082d0 90aff8c3 fmadd.s          f17, f31, f10, f18  f17=xxxxxxxx f31:be928c00 f10:41188b11 f18:00000000
14790370ns          244432 1c0082d4 90af7c43 fmadd.s          f24, f30, f10, f18  f24=xxxxxxxx f30:3f653160 f10:41188b11 f18:00000000
14790389ns          244433 1c0082d8 31c87343 fmadd.s          f6, f16, f28, f6     f6=xxxxxxxx f16:3f2e2f07 f28:40af8ccf  f6:c0504d3b
14790409ns          244434 1c0082dc 04c3a503 lw               x10, 76(x7)         x10=406ff5a6  x7:10001d64  PA:10001db0
14790429ns          244435 1c0082e0 89c778c3 fmadd.s          f17, f14, f28, f17  f17=xxxxxxxx f14:bf3b7e89 f28:40af8ccf f17:c02ea577
14790449ns          244436 1c0082e4 c1cefe43 fmadd.s          f28, f29, f28, f24  f28=xxxxxxxx f29:3ccf3996 f28:40af8ccf f24:410891d2
14790469ns          244437 1c0082e8 30a5f343 fmadd.s          f6, f11, f10, f6     f6=xxxxxxxx f11:3f2601db f10:406ff5a6  f6:3ef4b56e
14790489ns          244438 1c0082ec 88a678c3 fmadd.s          f17, f12, f10, f17  f17=xxxxxxxx f12:3f1e2799 f10:406ff5a6 f17:c0d7e55c
14790509ns          244439 1c0082f0 e0a7f543 fmadd.s          f10, f15, f10, f28  f10=xxxxxxxx f15:3ee3b9bb f10:406ff5a6 f28:410aca3b
14790529ns          244440 1c0082f4 0062a22b p.sw             x6, 4(x5!)           x5=10001e1c  x6:403a31b5  x5:10001e18  PA:10001e18
14790549ns          244441 1c0082f8 0912ae23 sw               x17, 156(x5)        x17:c08dc5ff  x5:10001e1c  PA:10001eb8
14790568ns          244442 1c0082fc 12a2ae23 sw               x10, 316(x5)        x10:412578d8  x5:10001e1c  PA:10001f58
14790588ns          244443 1c0082c4 0043a50b p.lw             x10, 4(x7!)         x10=40a77491  x7=10001d68  x7:10001d64  PA:10001d64
14790628ns          244445 1c0082c8 90a6f343 fmadd.s          f6, f13, f10, f18    f6=xxxxxxxx f13:beaec98b f10:40a77491 f18:00000000
14790648ns          244446 1c0082cc 0243ae03 lw               x28, 36(x7)         x28=405990c5  x7:10001d68  PA:10001d8c
14790668ns          244447 1c0082d0 90aff8c3 fmadd.s          f17, f31, f10, f18  f17=xxxxxxxx f31:be928c00 f10:40a77491 f18:00000000
14790688ns          244448 1c0082d4 90af7c43 fmadd.s          f24, f30, f10, f18  f24=xxxxxxxx f30:3f653160 f10:40a77491 f18:00000000
14790708ns          244449 1c0082d8 31c87343 fmadd.s          f6, f16, f28, f6     f6=xxxxxxxx f16:3f2e2f07 f28:405990c5  f6:bfe4aa20
14790728ns          244450 1c0082dc 04c3a503 lw               x10, 76(x7)         x10=407a9dbf  x7:10001d68  PA:10001db4
14790747ns          244451 1c0082e0 89c778c3 fmadd.s          f17, f14, f28, f17  f17=xxxxxxxx f14:bf3b7e89 f28:405990c5 f17:bfbfb81d
14790767ns          244452 1c0082e4 c1cefe43 fmadd.s          f28, f29, f28, f24  f28=xxxxxxxx f29:3ccf3996 f28:405990c5 f24:4095eb92
14790787ns          244453 1c0082e8 30a5f343 fmadd.s          f6, f11, f10, f6     f6=xxxxxxxx f11:3f2601db f10:407a9dbf  f6:3f06cd36
14790807ns          244454 1c0082ec 88a678c3 fmadd.s          f17, f12, f10, f17  f17=xxxxxxxx f12:3f1e2799 f10:407a9dbf f17:c07f3458
14790827ns          244455 1c0082f0 e0a7f543 fmadd.s          f10, f15, f10, f28  f10=xxxxxxxx f15:3ee3b9bb f10:407a9dbf f28:4098ac06
14790847ns          244456 1c0082f4 0062a22b p.sw             x6, 4(x5!)           x5=10001e20  x6:40443768  x5:10001e1c  PA:10001e1c
14790867ns          244457 1c0082f8 0912ae23 sw               x17, 156(x5)        x17:bfc8c071  x5:10001e20  PA:10001ebc
14790887ns          244458 1c0082fc 12a2ae23 sw               x10, 316(x5)        x10:40d067f3  x5:10001e20  PA:10001f5c
14790907ns          244459 1c0082c4 0043a50b p.lw             x10, 4(x7!)         x10=41160d97  x7=10001d6c  x7:10001d68  PA:10001d68
14790946ns          244461 1c0082c8 90a6f343 fmadd.s          f6, f13, f10, f18    f6=xxxxxxxx f13:beaec98b f10:41160d97 f18:00000000
14790966ns          244462 1c0082cc 0243ae03 lw               x28, 36(x7)         x28=410d90e9  x7:10001d6c  PA:10001d90
14790986ns          244463 1c0082d0 90aff8c3 fmadd.s          f17, f31, f10, f18  f17=xxxxxxxx f31:be928c00 f10:41160d97 f18:00000000
14791006ns          244464 1c0082d4 90af7c43 fmadd.s          f24, f30, f10, f18  f24=xxxxxxxx f30:3f653160 f10:41160d97 f18:00000000
14791026ns          244465 1c0082d8 31c87343 fmadd.s          f6, f16, f28, f6     f6=xxxxxxxx f16:3f2e2f07 f28:410d90e9  f6:c04ce6be
14791046ns          244466 1c0082dc 04c3a503 lw               x10, 76(x7)         x10=40b3d918  x7:10001d6c  PA:10001db8
14791066ns          244467 1c0082e0 89c778c3 fmadd.s          f17, f14, f28, f17  f17=xxxxxxxx f14:bf3b7e89 f28:410d90e9 f17:c02bcb9f
14791086ns          244468 1c0082e4 c1cefe43 fmadd.s          f28, f29, f28, f24  f28=xxxxxxxx f29:3ccf3996 f28:410d90e9 f24:41065719
14791106ns          244469 1c0082e8 30a5f343 fmadd.s          f6, f11, f10, f6     f6=xxxxxxxx f11:3f2601db f10:40b3d918  f6:40346341
14791125ns          244470 1c0082ec 88a678c3 fmadd.s          f17, f12, f10, f17  f17=xxxxxxxx f12:3f1e2799 f10:40b3d918 f17:c112a1bb
14791145ns          244471 1c0082f0 e0a7f543 fmadd.s          f10, f15, f10, f28  f10=xxxxxxxx f15:3ee3b9bb f10:40b3d918 f28:4109ebd9
14791165ns          244472 1c0082f4 0062a22b p.sw             x6, 4(x5!)           x5=10001e24  x6:40ced1b4  x5:10001e20  PA:10001e20
14791185ns          244473 1c0082f8 0912ae23 sw               x17, 156(x5)        x17:c0b627a8  x5:10001e24  PA:10001ec0
14791205ns          244474 1c0082fc 12a2ae23 sw               x10, 316(x5)        x10:4131ead8  x5:10001e24  PA:10001f60
14791225ns          244475 1c0082c4 0043a50b p.lw             x10, 4(x7!)         x10=408de2d6  x7=10001d70  x7:10001d6c  PA:10001d6c
14791265ns          244477 1c0082c8 90a6f343 fmadd.s          f6, f13, f10, f18    f6=xxxxxxxx f13:beaec98b f10:408de2d6 f18:00000000
14791285ns          244478 1c0082cc 0243ae03 lw               x28, 36(x7)         x28=40e05e97  x7:10001d70  PA:10001d94
14791304ns          244479 1c0082d0 90aff8c3 fmadd.s          f17, f31, f10, f18  f17=xxxxxxxx f31:be928c00 f10:408de2d6 f18:00000000
14791324ns          244480 1c0082d4 90af7c43 fmadd.s          f24, f30, f10, f18  f24=xxxxxxxx f30:3f653160 f10:408de2d6 f18:00000000
14791344ns          244481 1c0082d8 31c87343 fmadd.s          f6, f16, f28, f6     f6=xxxxxxxx f16:3f2e2f07 f28:40e05e97  f6:bfc1bfc3
14791364ns          244482 1c0082dc 04c3a503 lw               x10, 76(x7)         x10=411ca802  x7:10001d70  PA:10001dbc
14791384ns          244483 1c0082e0 89c778c3 fmadd.s          f17, f14, f28, f17  f17=xxxxxxxx f14:bf3b7e89 f28:40e05e97 f17:bfa271ec
14791404ns          244484 1c0082e4 c1cefe43 fmadd.s          f28, f29, f28, f24  f28=xxxxxxxx f29:3ccf3996 f28:40e05e97 f24:407e0e8e
14791424ns          244485 1c0082e8 30a5f343 fmadd.s          f6, f11, f10, f6     f6=xxxxxxxx f11:3f2601db f10:411ca802  f6:40507323
14791444ns          244486 1c0082ec 88a678c3 fmadd.s          f17, f12, f10, f17  f17=xxxxxxxx f12:3f1e2799 f10:411ca802 f17:c0ccf07a
14791464ns          244487 1c0082f0 e0a7f543 fmadd.s          f10, f15, f10, f28  f10=xxxxxxxx f15:3ee3b9bb f10:411ca802 f28:4084b43f
14791483ns          244488 1c0082f4 0062a22b p.sw             x6, 4(x5!)           x5=10001e28  x6:4119b2dd  x5:10001e24  PA:10001e24
14791503ns          244489 1c0082f8 0912ae23 sw               x17, 156(x5)        x17:beb60a11  x5:10001e28  PA:10001ec4
14791523ns          244490 1c0082fc 12a2ae23 sw               x10, 316(x5)        x10:41080770  x5:10001e28  PA:10001f64
14791543ns          244491 1c0082c4 0043a50b p.lw             x10, 4(x7!)         x10=3f586bdf  x7=10001d74  x7:10001d70  PA:10001d70
14791583ns          244493 1c0082c8 90a6f343 fmadd.s          f6, f13, f10, f18    f6=xxxxxxxx f13:beaec98b f10:3f586bdf f18:00000000
14791603ns          244494 1c0082cc 0243ae03 lw               x28, 36(x7)         x28=411d5a72  x7:10001d74  PA:10001d98
14791623ns          244495 1c0082d0 90aff8c3 fmadd.s          f17, f31, f10, f18  f17=xxxxxxxx f31:be928c00 f10:3f586bdf f18:00000000
14791643ns          244496 1c0082d4 90af7c43 fmadd.s          f24, f30, f10, f18  f24=xxxxxxxx f30:3f653160 f10:3f586bdf f18:00000000
14791662ns          244497 1c0082d8 31c87343 fmadd.s          f6, f16, f28, f6     f6=xxxxxxxx f16:3f2e2f07 f28:411d5a72  f6:be93c3b4
14791682ns          244498 1c0082dc 04c3a503 lw               x10, 76(x7)         x10=40ca873c  x7:10001d74  PA:10001dc0
14791702ns          244499 1c0082e0 89c778c3 fmadd.s          f17, f14, f28, f17  f17=xxxxxxxx f14:bf3b7e89 f28:411d5a72 f17:be77c7c0
14791722ns          244500 1c0082e4 c1cefe43 fmadd.s          f28, f29, f28, f24  f28=xxxxxxxx f29:3ccf3996 f28:411d5a72 f24:3f41c23c
14791742ns          244501 1c0082e8 30a5f343 fmadd.s          f6, f11, f10, f6     f6=xxxxxxxx f11:3f2601db f10:40ca873c  f6:40cce488
14791762ns          244502 1c0082ec 88a678c3 fmadd.s          f17, f12, f10, f17  f17=xxxxxxxx f12:3f1e2799 f10:40ca873c f17:c0ee3bee
14791782ns          244503 1c0082f0 e0a7f543 fmadd.s          f10, f15, f10, f28  f10=xxxxxxxx f15:3ee3b9bb f10:40ca873c f28:3f80b900
14791802ns          244504 1c0082f4 0062a22b p.sw             x6, 4(x5!)           x5=10001e2c  x6:41281cd8  x5:10001e28  PA:10001e28
14791822ns          244505 1c0082f8 0912ae23 sw               x17, 156(x5)        x17:c0623a47  x5:10001e2c  PA:10001ec8
14791841ns          244506 1c0082fc 12a2ae23 sw               x10, 316(x5)        x10:4074855a  x5:10001e2c  PA:10001f68
14791861ns          244507 1c0082c4 0043a50b p.lw             x10, 4(x7!)         x10=4016132d  x7=10001d78  x7:10001d74  PA:10001d74
14791901ns          244509 1c0082c8 90a6f343 fmadd.s          f6, f13, f10, f18    f6=xxxxxxxx f13:beaec98b f10:4016132d f18:00000000
14791921ns          244510 1c0082cc 0243ae03 lw               x28, 36(x7)         x28=4117efc3  x7:10001d78  PA:10001d9c
14791941ns          244511 1c0082d0 90aff8c3 fmadd.s          f17, f31, f10, f18  f17=xxxxxxxx f31:be928c00 f10:4016132d f18:00000000
14791961ns          244512 1c0082d4 90af7c43 fmadd.s          f24, f30, f10, f18  f24=xxxxxxxx f30:3f653160 f10:4016132d f18:00000000
14791981ns          244513 1c0082d8 31c87343 fmadd.s          f6, f16, f28, f6     f6=xxxxxxxx f16:3f2e2f07 f28:4117efc3  f6:bf4cee5e
14792001ns          244514 1c0082dc 04c3a503 lw               x10, 76(x7)         x10=40faf9df  x7:10001d78  PA:10001dc4
14792020ns          244515 1c0082e0 89c778c3 fmadd.s          f17, f14, f28, f17  f17=xxxxxxxx f14:bf3b7e89 f28:4117efc3 f17:bf2bd204
14792040ns          244516 1c0082e4 c1cefe43 fmadd.s          f28, f29, f28, f24  f28=xxxxxxxx f29:3ccf3996 f28:4117efc3 f24:40065c19
14792060ns          244517 1c0082e8 30a5f343 fmadd.s          f6, f11, f10, f6     f6=xxxxxxxx f11:3f2601db f10:40faf9df  f6:40b523f4
14792080ns          244518 1c0082ec 88a678c3 fmadd.s          f17, f12, f10, f17  f17=xxxxxxxx f12:3f1e2799 f10:40faf9df f17:c0f408ba
14792100ns          244519 1c0082f0 e0a7f543 fmadd.s          f10, f15, f10, f28  f10=xxxxxxxx f15:3ee3b9bb f10:40faf9df f28:4015bbbb
14792120ns          244520 1c0082f4 0062a22b p.sw             x6, 4(x5!)           x5=10001e30  x6:412bf1e6  x5:10001e2c  PA:10001e2c
14792140ns          244521 1c0082f8 0912ae23 sw               x17, 156(x5)        x17:c031f761  x5:10001e30  PA:10001ecc
14792160ns          244522 1c0082fc 12a2ae23 sw               x10, 316(x5)        x10:40ba7eb1  x5:10001e30  PA:10001f6c
14792180ns          244523 1c008300 02848493 addi             x9, x9, 40           x9=1c0105c8  x9:1c0105a0
14792200ns          244524 1c008304 028b0b13 addi             x22, x22, 40        x22=10001e30 x22:10001e08
14792219ns          244525 1c008308 e75a18e3 bne              x20, x21, -400      x20:1c010850 x21:1c010844
14792657ns          244547 1c008178 004aa70b p.lw             x14, 4(x21!)        x14=3db1acb6 x21=1c010848 x21:1c010844  PA:1c010844
14792955ns          244562 1c00817c 00caa683 lw               x13, 12(x21)        x13=3f64d78f x21:1c010848  PA:1c010854
14793254ns          244577 1c008180 01caa783 lw               x15, 28(x21)        x15=3ee12888 x21:1c010848  PA:1c010864
14793552ns          244592 1c008184 10d6f6d3 fmul.s           f13, f13, f13       f13=xxxxxxxx f13:3f64d78f f13:3f64d78f
14793572ns          244593 1c008188 02caa503 lw               x10, 44(x21)        x10=40c1af33 x21:1c010848  PA:1c010874
14793870ns          244608 1c00818c 68e77743 fmadd.s          f14, f14, f14, f13  f14=xxxxxxxx f14:3db1acb6 f14:3db1acb6 f13:3f4c90ac
14793890ns          244609 1c008190 70f7f7c3 fmadd.s          f15, f15, f15, f14  f15=xxxxxxxx f15:3ee12888 f15:3ee12888 f14:3f4e7ded
14793910ns          244610 1c008194 5807f7d3 fsqrt.s          f15, f15            f15=xxxxxxxx f15:3f7ffffe
14794925ns          244661 1c008198 18fbfd53 fdiv.s           f26, f23, f15       f26=xxxxxxxx f23:3f800000 f15:3f7fffff
14795501ns          244690 1c00819c 314000ef jal              x1, 788              x1=xxxxxxxx
14795521ns          244691 1c0084b0 a0a527d3 feq.s            x15, f10, f10       x15=00000001 f10:40c1af33 f10:40c1af33
14795780ns          244704 1c0084b4 0a078b63 beq              x15, x0, 182        x15:00000001
14795800ns          244705 1c0084b6 e00517d3 fclass.s         x15, f10            x15=00000040 f10:40c1af33
14795820ns          244706 1c0084ba 0817f793 andi             x15, x15, 129       x15=00000000 x15:00000040
14795840ns          244707 1c0084be 0a079663 bne              x15, x0, 172        x15:00000000
14795879ns          244709 1c0084c0 00000793 addi             x15, x0, 0          x15=00000000
14795919ns          244711 1c0084c4 a0f517d3 flt.s            x15, f10, f15       x15=00000000 f10:40c1af33 f15:00000000
14795939ns          244712 1c0084c8 0a079663 bne              x15, x0, 172        x15:00000000
14795959ns          244713 1c0084ca 1c000737 lui              x14, 0x1c000000     x14=1c000000
14796019ns          244716 1c0084ce 0ec72783 lw               x15, 236(x14)       x15=40c90fdb x14:1c000000  PA:1c0000ec
14796377ns          244734 1c0084d2 a0a797d3 flt.s            x15, f15, f10       x15=00000000 f15:40c90fdb f10:40c1af33
14796396ns          244735 1c0084d6 00078b63 beq              x15, x0, 22         x15:00000000
14796516ns          244741 1c0084ec 00000793 addi             x15, x0, 0          x15=00000000
14796575ns          244744 1c0084f0 a0f517d3 flt.s            x15, f10, f15       x15=00000000 f10:40c1af33 f15:00000000
14796615ns          244746 1c0084f4 08079a63 bne              x15, x0, 148        x15:00000000
14796635ns          244747 1c0084f6 1c0007b7 lui              x15, 0x1c000000     x15=1c000000
14796655ns          244748 1c0084fa 0b87a783 lw               x15, 184(x15)       x15=3fc90fdb x15:1c000000  PA:1c0000b8
14797033ns          244767 1c0084fe a0f517d3 flt.s            x15, f10, f15       x15=00000000 f10:40c1af33 f15:3fc90fdb
14797053ns          244768 1c008502 02079563 bne              x15, x0, 42         x15:00000000
14797073ns          244769 1c008504 1c0007b7 lui              x15, 0x1c000000     x15=1c000000
14797093ns          244770 1c008508 0bc7a783 lw               x15, 188(x15)       x15=40490fdb x15:1c000000  PA:1c0000bc
14797411ns          244786 1c00850c a0f51753 flt.s            x14, f10, f15       x14=00000000 f10:40c1af33 f15:40490fdb
14797431ns          244787 1c008510 06071f63 bne              x14, x0, 126        x14:00000000
14797451ns          244788 1c008512 1c000737 lui              x14, 0x1c000000     x14=1c000000
14797471ns          244789 1c008516 10072703 lw               x14, 256(x14)       x14=4096cbe4 x14:1c000000  PA:1c000100
14797809ns          244806 1c00851a a0e51753 flt.s            x14, f10, f14       x14=00000000 f10:40c1af33 f14:4096cbe4
14797829ns          244807 1c00851e 0a071b63 bne              x14, x0, 182        x14:00000000
14797848ns          244808 1c008520 1c0007b7 lui              x15, 0x1c000000     x15=1c000000
14797868ns          244809 1c008524 0ec7a783 lw               x15, 236(x15)       x15=40c90fdb x15:1c000000  PA:1c0000ec
14798207ns          244826 1c008528 08a7f553 fsub.s           f10, f15, f10       f10=xxxxxxxx f15:40c90fdb f10:40c1af33
14798226ns          244827 1c00852c 10a57553 fmul.s           f10, f10, f10       f10=xxxxxxxx f10:3e6c1500 f10:3e6c1500
14798246ns          244828 1c008530 1c0007b7 lui              x15, 0x1c000000     x15=1c000000
14798266ns          244829 1c008534 1c000737 lui              x14, 0x1c000000     x14=1c000000
14798286ns          244830 1c008538 0f472703 lw               x14, 244(x14)       x14=bab59551 x14:1c000000  PA:1c0000f4
14798584ns          244845 1c00853c 0f07a783 lw               x15, 240(x15)       x15=37c23ab1 x15:1c000000  PA:1c0000f0
14798903ns          244861 1c008540 70f577c3 fmadd.s          f15, f10, f15, f14  f15=xxxxxxxx f10:3d59b6ba f15:37c23ab1 f14:bab59551
14798923ns          244862 1c008544 1c000737 lui              x14, 0x1c000000     x14=1c000000
14798942ns          244863 1c008548 0f872703 lw               x14, 248(x14)       x14=3d2aa76f x14:1c000000  PA:1c0000f8
14799261ns          244879 1c00854c 70f577c3 fmadd.s          f15, f10, f15, f14  f15=xxxxxxxx f10:3d59b6ba f15:bab56c05 f14:3d2aa76f
14799281ns          244880 1c008550 1c000737 lui              x14, 0x1c000000     x14=1c000000
14799301ns          244881 1c008554 0fc72703 lw               x14, 252(x14)       x14=beffffe0 x14:1c000000  PA:1c0000fc
14799619ns          244897 1c008558 70f577c3 fmadd.s          f15, f10, f15, f14  f15=xxxxxxxx f10:3d59b6ba f15:3d2a5a4a f14:beffffe0
14799639ns          244898 1c00855c 1c000737 lui              x14, 0x1c000000     x14=1c000000
14799659ns          244899 1c008560 12472703 lw               x14, 292(x14)       x14=3f7fffff x14:1c000000  PA:1c000124
14799997ns          244916 1c008564 70f57543 fmadd.s          f10, f10, f15, f14  f10=xxxxxxxx f10:3d59b6ba f15:befede20 f14:3f7fffff
14800017ns          244917 1c008568 00008067 jalr             x0, x1, 0            x1:1c00819e
14800096ns          244921 1c00819e 00a00433 add              x8, x0, x10          x8=3f7939fd x10:3f7939fd
14800136ns          244923 1c0081a0 02caa503 lw               x10, 44(x21)        x10=40c1af33 x21:1c010848  PA:1c010874
14800454ns          244939 1c0081a4 08a9f553 fsub.s           f10, f19, f10       f10=xxxxxxxx f19:3fc90fdb f10:40c1af33
14800474ns          244940 1c0081a8 308000ef jal              x1, 776              x1=1c0081aa
14800514ns          244942 1c0084b0 a0a527d3 feq.s            x15, f10, f10       x15=00000001 f10:c08f6b3c f10:c08f6b3c
14800534ns          244943 1c0084b4 0a078b63 beq              x15, x0, 182        x15:00000001
14800554ns          244944 1c0084b6 e00517d3 fclass.s         x15, f10            x15=00000002 f10:c08f6b3c
14800574ns          244945 1c0084ba 0817f793 andi             x15, x15, 129       x15=00000000 x15:00000002
14800593ns          244946 1c0084be 0a079663 bne              x15, x0, 172        x15:00000000
14800613ns          244947 1c0084c0 00000793 addi             x15, x0, 0          x15=00000000
14800633ns          244948 1c0084c4 a0f517d3 flt.s            x15, f10, f15       x15=00000001 f10:c08f6b3c f15:00000000
14800653ns          244949 1c0084c8 0a079663 bne              x15, x0, 172        x15:00000001
14800753ns          244954 1c008574 1c0007b7 lui              x15, 0x1c000000     x15=1c000000
14800772ns          244955 1c008578 0e87a783 lw               x15, 232(x15)       x15=c0c90fdb x15:1c000000  PA:1c0000e8
14801150ns          244974 1c00857c a0f517d3 flt.s            x15, f10, f15       x15=00000000 f10:c08f6b3c f15:c0c90fdb
14801170ns          244975 1c008580 00078463 beq              x15, x0, 8          x15:00000000
14801230ns          244978 1c008588 20a51553 fsgnjn.s         f10, f10, f10       f10=xxxxxxxx f10:c08f6b3c f10:c08f6b3c
14801250ns          244979 1c00858c f6bff06f jal              x0, -150           
14801309ns          244982 1c0084f6 1c0007b7 lui              x15, 0x1c000000     x15=1c000000
14801329ns          244983 1c0084fa 0b87a783 lw               x15, 184(x15)       x15=3fc90fdb x15:1c000000  PA:1c0000b8
14801668ns          245000 1c0084fe a0f517d3 flt.s            x15, f10, f15       x15=00000000 f10:408f6b3c f15:3fc90fdb
14801687ns          245001 1c008502 02079563 bne              x15, x0, 42         x15:00000000
14801707ns          245002 1c008504 1c0007b7 lui              x15, 0x1c000000     x15=1c000000
14801727ns          245003 1c008508 0bc7a783 lw               x15, 188(x15)       x15=40490fdb x15:1c000000  PA:1c0000bc
14802065ns          245020 1c00850c a0f51753 flt.s            x14, f10, f15       x14=00000000 f10:408f6b3c f15:40490fdb
14802085ns          245021 1c008510 06071f63 bne              x14, x0, 126        x14:00000000
14802105ns          245022 1c008512 1c000737 lui              x14, 0x1c000000     x14=1c000000
14802125ns          245023 1c008516 10072703 lw               x14, 256(x14)       x14=4096cbe4 x14:1c000000  PA:1c000100
14802463ns          245040 1c00851a a0e51753 flt.s            x14, f10, f14       x14=00000001 f10:408f6b3c f14:4096cbe4
14802483ns          245041 1c00851e 0a071b63 bne              x14, x0, 182        x14:00000001
14802543ns          245044 1c0085d4 08f57553 fsub.s           f10, f10, f15       f10=xxxxxxxx f10:408f6b3c f15:40490fdb
14802563ns          245045 1c0085d8 fbbff06f jal              x0, -70            
14802622ns          245048 1c008592 10a57553 fmul.s           f10, f10, f10       f10=xxxxxxxx f10:3fab8d3a f10:3fab8d3a
14802642ns          245049 1c008596 1c0007b7 lui              x15, 0x1c000000     x15=1c000000
14802662ns          245050 1c00859a 1c000737 lui              x14, 0x1c000000     x14=1c000000
14802722ns          245053 1c00859e 0f472703 lw               x14, 244(x14)       x14=bab59551 x14:1c000000  PA:1c0000f4
14803100ns          245072 1c0085a2 0f07a783 lw               x15, 240(x15)       x15=37c23ab1 x15:1c000000  PA:1c0000f0
14803418ns          245088 1c0085a6 70f577c3 fmadd.s          f15, f10, f15, f14  f15=xxxxxxxx f10:3fe5ebf3 f15:37c23ab1 f14:bab59551
14803438ns          245089 1c0085aa 1c000737 lui              x14, 0x1c000000     x14=1c000000
14803458ns          245090 1c0085ae 0f872703 lw               x14, 248(x14)       x14=3d2aa76f x14:1c000000  PA:1c0000f8
14803776ns          245106 1c0085b2 70f577c3 fmadd.s          f15, f10, f15, f14  f15=xxxxxxxx f10:3fe5ebf3 f15:bab021c5 f14:3d2aa76f
14803796ns          245107 1c0085b6 1c000737 lui              x14, 0x1c000000     x14=1c000000
14803816ns          245108 1c0085ba 0fc72703 lw               x14, 252(x14)       x14=beffffe0 x14:1c000000  PA:1c0000fc
14804134ns          245124 1c0085be 70f577c3 fmadd.s          f15, f10, f15, f14  f15=xxxxxxxx f10:3fe5ebf3 f15:3d20c466 f14:beffffe0
14804154ns          245125 1c0085c2 1c000737 lui              x14, 0x1c000000     x14=1c000000
14804174ns          245126 1c0085c6 12472703 lw               x14, 292(x14)       x14=3f7fffff x14:1c000000  PA:1c000124
14804492ns          245142 1c0085ca 70f57543 fmadd.s          f10, f10, f15, f14  f10=xxxxxxxx f10:3fe5ebf3 f15:bedbe6e9 f14:3f7fffff
14804512ns          245143 1c0085ce 20a51553 fsgnjn.s         f10, f10, f10       f10=xxxxxxxx f10:3e69ff0b f10:3e69ff0b
14804532ns          245144 1c0085d2 00008067 jalr             x0, x1, 0            x1:1c0081aa
14804572ns          245146 1c0081aa 0204a683 lw               x13, 32(x9)         x13=40b5c83f  x9:1c0105c8  PA:1c0105e8
14804870ns          245161 1c0081ac 0244a703 lw               x14, 36(x9)         x14=407c0b3c  x9:1c0105c8  PA:1c0105ec
14805168ns          245176 1c0081ae 0a04a783 lw               x15, 160(x9)        x15=41029bd8  x9:1c0105c8  PA:1c010668
14805467ns          245191 1c0081b2 02d12423 sw               x13, 40(x2)         x13:40b5c83f  x2:10001d48  PA:10001d70
14805487ns          245192 1c0081b4 02e12623 sw               x14, 44(x2)         x14:407c0b3c  x2:10001d48  PA:10001d74
14805506ns          245193 1c0081b6 ffcaa683 lw               x13, -4(x21)        x13=3db1acb6 x21:1c010848  PA:1c010844
14805805ns          245208 1c0081ba 00caa703 lw               x14, 12(x21)        x14=3f64d78f x21:1c010848  PA:1c010854
14806103ns          245223 1c0081be 02f12823 sw               x15, 48(x2)         x15:41029bd8  x2:10001d48  PA:10001d78
14806123ns          245224 1c0081c0 01caa783 lw               x15, 28(x21)        x15=3ee12888 x21:1c010848  PA:1c010864
14806421ns          245239 1c0081c4 10dd76d3 fmul.s           f13, f26, f13       f13=xxxxxxxx f26:3f800000 f13:3db1acb6
14806441ns          245240 1c0081c8 10ed7753 fmul.s           f14, f26, f14       f14=xxxxxxxx f26:3f800000 f14:3f64d78f
14806461ns          245241 1c0081cc 10fd77d3 fmul.s           f15, f26, f15       f15=xxxxxxxx f26:3f800000 f15:3ee12888
14806481ns          245242 1c0081d0 0044ae83 lw               x29, 4(x9)          x29=4089d743  x9:1c0105c8  PA:1c0105cc
14806779ns          245257 1c0081d4 0084ae03 lw               x28, 8(x9)          x28=40c019b9  x9:1c0105c8  PA:1c0105d0
14807078ns          245272 1c0081d8 00c4a303 lw               x6, 12(x9)           x6=40ad724c  x9:1c0105c8  PA:1c0105d4
14807376ns          245287 1c0081dc 0104a883 lw               x17, 16(x9)         x17=40e617fb  x9:1c0105c8  PA:1c0105d8
14807675ns          245302 1c0081e0 0144a803 lw               x16, 20(x9)         x16=40ac679b  x9:1c0105c8  PA:1c0105dc
14807973ns          245317 1c0081e4 0184a583 lw               x11, 24(x9)         x11=40f34a32  x9:1c0105c8  PA:1c0105e0
14808291ns          245333 1c0081e6 01c4a603 lw               x12, 28(x9)         x12=4119b8be  x9:1c0105c8  PA:1c0105e4
14808589ns          245348 1c0081e8 0004af03 lw               x30, 0(x9)          x30=40f2986f  x9:1c0105c8  PA:1c0105c8
14808888ns          245363 1c0081ec 0b84a383 lw               x7, 184(x9)          x7=40c95816  x9:1c0105c8  PA:1c010680
14809186ns          245378 1c0081f0 0bc4a283 lw               x5, 188(x9)          x5=40aa3895  x9:1c0105c8  PA:1c010684
14809485ns          245393 1c0081f4 0c04af83 lw               x31, 192(x9)        x31=40ae5f9a  x9:1c0105c8  PA:1c010688
14809783ns          245408 1c0081f8 01e12423 sw               x30, 8(x2)          x30:40f2986f  x2:10001d48  PA:10001d50
14809803ns          245409 1c0081fa 01d12623 sw               x29, 12(x2)         x29:4089d743  x2:10001d48  PA:10001d54
14809823ns          245410 1c0081fc 0c44af03 lw               x30, 196(x9)        x30=40ab1184  x9:1c0105c8  PA:1c01068c
14810121ns          245425 1c008200 01c12823 sw               x28, 16(x2)         x28:40c019b9  x2:10001d48  PA:10001d58
14810141ns          245426 1c008202 00612a23 sw               x6, 20(x2)           x6:40ad724c  x2:10001d48  PA:10001d5c
14810161ns          245427 1c008204 01112c23 sw               x17, 24(x2)         x17:40e617fb  x2:10001d48  PA:10001d60
14810181ns          245428 1c008206 01012e23 sw               x16, 28(x2)         x16:40ac679b  x2:10001d48  PA:10001d64
14810201ns          245429 1c008208 02b12023 sw               x11, 32(x2)         x11:40f34a32  x2:10001d48  PA:10001d68
14810221ns          245430 1c00820a 10f57853 fmul.s           f16, f10, f15       f16=xxxxxxxx f10:be69ff0b f15:3ee12888
14810260ns          245432 1c00820e 10e575d3 fmul.s           f11, f10, f14       f11=xxxxxxxx f10:be69ff0b f14:3f64d78f
14810280ns          245433 1c008212 02c12223 sw               x12, 36(x2)         x12:4119b8be  x2:10001d48  PA:10001d6c
14810300ns          245434 1c008214 0b04ac83 lw               x25, 176(x9)        x25=408f60a1  x9:1c0105c8  PA:1c010678
14810598ns          245449 1c008218 10d57653 fmul.s           f12, f10, f13       f12=xxxxxxxx f10:be69ff0b f13:3db1acb6
14810618ns          245450 1c00821c 0b44ac03 lw               x24, 180(x9)        x24=40afbd9d  x9:1c0105c8  PA:1c01067c
14810937ns          245466 1c008220 1644ad03 lw               x26, 356(x9)        x26=410c79b1  x9:1c0105c8  PA:1c01072c
14811235ns          245481 1c008224 1404a503 lw               x10, 320(x9)        x10=41163c68  x9:1c0105c8  PA:1c010708
14811533ns          245496 1c008228 0a44ad83 lw               x27, 164(x9)        x27=409932a9  x9:1c0105c8  PA:1c01066c
14811832ns          245511 1c00822c 04a12c23 sw               x10, 88(x2)         x10:41163c68  x2:10001d48  PA:10001da0
14811852ns          245512 1c00822e 03b12a23 sw               x27, 52(x2)         x27:409932a9  x2:10001d48  PA:10001d7c
14811871ns          245513 1c008230 0a84ad83 lw               x27, 168(x9)        x27=40bc364f  x9:1c0105c8  PA:1c010670
14812170ns          245528 1c008234 1444a503 lw               x10, 324(x9)        x10=3fae42b1  x9:1c0105c8  PA:1c01070c
14812468ns          245543 1c008238 03b12c23 sw               x27, 56(x2)         x27:40bc364f  x2:10001d48  PA:10001d80
14812488ns          245544 1c00823a 0ac4ad83 lw               x27, 172(x9)        x27=40115649  x9:1c0105c8  PA:1c010674
14812786ns          245559 1c00823e 04a12e23 sw               x10, 92(x2)         x10:3fae42b1  x2:10001d48  PA:10001da4
14812806ns          245560 1c008240 03b12e23 sw               x27, 60(x2)         x27:40115649  x2:10001d48  PA:10001d84
14812826ns          245561 1c008242 1484ad83 lw               x27, 328(x9)        x27=40d1950c  x9:1c0105c8  PA:1c010710
14813144ns          245577 1c008246 14c4a503 lw               x10, 332(x9)        x10=40efc85e  x9:1c0105c8  PA:1c010714
14813443ns          245592 1c00824a 07b12023 sw               x27, 96(x2)         x27:40d1950c  x2:10001d48  PA:10001da8
14813463ns          245593 1c00824c 1504ad83 lw               x27, 336(x9)        x27=40f832d4  x9:1c0105c8  PA:1c010718
14813761ns          245608 1c008250 088bf8d3 fsub.s           f17, f23, f8        f17=xxxxxxxx f23:3f800000  f8:3f7939fd
14813781ns          245609 1c008254 10e6fed3 fmul.s           f29, f13, f14       f29=xxxxxxxx f13:3db1acb6 f14:3f64d78f
14813801ns          245610 1c008258 10f6fe53 fmul.s           f28, f13, f15       f28=xxxxxxxx f13:3db1acb6 f15:3ee12888
14813821ns          245611 1c00825c 10f77353 fmul.s           f6, f14, f15         f6=xxxxxxxx f14:3f64d78f f15:3ee12888
14813841ns          245612 1c008260 06a12223 sw               x10, 100(x2)        x10:40efc85e  x2:10001d48  PA:10001dac
14813861ns          245613 1c008262 07b12423 sw               x27, 104(x2)        x27:40f832d4  x2:10001d48  PA:10001db0
14813880ns          245614 1c008264 1544a503 lw               x10, 340(x9)        x10=3f5b5fa5  x9:1c0105c8  PA:1c01071c
14814179ns          245629 1c008268 1584ad83 lw               x27, 344(x9)        x27=4052ac8b  x9:1c0105c8  PA:1c010720
14814477ns          245644 1c00826c 10d6f6d3 fmul.s           f13, f13, f13       f13=xxxxxxxx f13:3db1acb6 f13:3db1acb6
14814497ns          245645 1c008270 10e77753 fmul.s           f14, f14, f14       f14=xxxxxxxx f14:3f64d78f f14:3f64d78f
14814517ns          245646 1c008274 10f7f7d3 fmul.s           f15, f15, f15       f15=xxxxxxxx f15:3ee12888 f15:3ee12888
14814537ns          245647 1c008278 05f12823 sw               x31, 80(x2)         x31:40ae5f9a  x2:10001d48  PA:10001d98
14814557ns          245648 1c00827a 05e12a23 sw               x30, 84(x2)         x30:40ab1184  x2:10001d48  PA:10001d9c
14814577ns          245649 1c00827c 81d8ffc7 fmsub.s          f31, f17, f29, f16  f31=xxxxxxxx f17:3cd8c060 f29:3d9ed36d f16:bdcdce35
14814596ns          245650 1c008280 06a12623 sw               x10, 108(x2)        x10:3f5b5fa5  x2:10001d48  PA:10001db4
14814616ns          245651 1c008282 07b12823 sw               x27, 112(x2)        x27:4052ac8b  x2:10001d48  PA:10001db8
14814636ns          245652 1c008284 15c4a503 lw               x10, 348(x9)        x10=40acf08c  x9:1c0105c8  PA:1c010724
14814955ns          245668 1c008288 1604ad83 lw               x27, 352(x9)        x27=40b6e9b0  x9:1c0105c8  PA:1c010728
14815253ns          245683 1c00828c 59c8ff43 fmadd.s          f30, f17, f28, f11  f30=xxxxxxxx f17:3cd8c060 f28:3d1c44ed f11:be512c2e
14815273ns          245684 1c008290 81d8f843 fmadd.s          f16, f17, f29, f16  f16=xxxxxxxx f17:3cd8c060 f29:3d9ed36d f16:bdcdce35
14815293ns          245685 1c008294 59c8f5c7 fmsub.s          f11, f17, f28, f11  f11=xxxxxxxx f17:3cd8c060 f28:3d1c44ed f11:be512c2e
14815313ns          245686 1c008298 6068fec7 fmsub.s          f29, f17, f6, f12   f29=xxxxxxxx f17:3cd8c060  f6:3ec945b0 f12:bca26734
14815332ns          245687 1c00829c 6068f643 fmadd.s          f12, f17, f6, f12   f12=xxxxxxxx f17:3cd8c060  f6:3ec945b0 f12:bca26734
14815372ns          245689 1c0082a0 04712423 sw               x7, 72(x2)           x7:40c95816  x2:10001d48  PA:10001d90
14815392ns          245690 1c0082a2 04512623 sw               x5, 76(x2)           x5:40aa3895  x2:10001d48  PA:10001d94
14815412ns          245691 1c0082a4 4116f6c3 fmadd.s          f13, f13, f17, f8   f13=xxxxxxxx f13:3bf6a090 f17:3cd8c060  f8:3f7939fd
14815432ns          245692 1c0082a8 40e8f743 fmadd.s          f14, f17, f14, f8   f14=xxxxxxxx f17:3cd8c060 f14:3f4c90ac  f8:3f7939fd
14815452ns          245693 1c0082ac 40f8f7c3 fmadd.s          f15, f17, f15, f8   f15=xxxxxxxx f17:3cd8c060 f15:3e460845  f8:3f7939fd
14815511ns          245696 1c0082b0 05912023 sw               x25, 64(x2)         x25:408f60a1  x2:10001d48  PA:10001d88
14815531ns          245697 1c0082b2 05812223 sw               x24, 68(x2)         x24:40afbd9d  x2:10001d48  PA:10001d8c
14815551ns          245698 1c0082b4 06a12a23 sw               x10, 116(x2)        x10:40acf08c  x2:10001d48  PA:10001dbc
14815571ns          245699 1c0082b6 07b12c23 sw               x27, 120(x2)        x27:40b6e9b0  x2:10001d48  PA:10001dc0
14815591ns          245700 1c0082b8 07a12e23 sw               x26, 124(x2)        x26:410c79b1  x2:10001d48  PA:10001dc4
14815611ns          245701 1c0082ba 00810393 addi             x7, x2, 8            x7=10001d50  x2:10001d48
14815631ns          245702 1c0082be 016002b3 add              x5, x0, x22          x5=10001e30 x22:10001e30
14815651ns          245703 1c0082c0 00af50fb lp.setupi        0x1, 0xa, 0x1e     
14815690ns          245705 1c0082c4 0043a50b p.lw             x10, 4(x7!)         x10=40f2986f  x7=10001d54  x7:10001d50  PA:10001d50
14815730ns          245707 1c0082c8 90a6f343 fmadd.s          f6, f13, f10, f18    f6=xxxxxxxx f13:3f79470a f10:40f2986f f18:00000000
14815750ns          245708 1c0082cc 0243ae03 lw               x28, 36(x7)         x28=41029bd8  x7:10001d54  PA:10001d78
14815790ns          245710 1c0082d0 90aff8c3 fmadd.s          f17, f31, f10, f18  f17=xxxxxxxx f31:3dd20203 f10:40f2986f f18:00000000
14815830ns          245712 1c0082d4 90af7c43 fmadd.s          f24, f30, f10, f18  f24=xxxxxxxx f30:be50238f f10:40f2986f f18:00000000
14815850ns          245713 1c0082d8 31c87343 fmadd.s          f6, f16, f28, f6     f6=xxxxxxxx f16:bdc99a67 f28:41029bd8  f6:40ec3996
14815869ns          245714 1c0082dc 04c3a503 lw               x10, 76(x7)         x10=41163c68  x7:10001d54  PA:10001da0
14815929ns          245717 1c0082e0 89c778c3 fmadd.s          f17, f14, f28, f17  f17=xxxxxxxx f14:3f7ea39b f28:41029bd8 f17:3f4702f3
14815969ns          245719 1c0082e4 c1cefe43 fmadd.s          f28, f29, f28, f24  f28=xxxxxxxx f29:3cf79c3a f28:41029bd8 f24:bfc53d8d
14815989ns          245720 1c0082e8 30a5f343 fmadd.s          f6, f11, f10, f6     f6=xxxxxxxx f11:3e5234cd f10:41163c68  f6:40d282cd
14816009ns          245721 1c0082ec 88a678c3 fmadd.s          f17, f12, f10, f17  f17=xxxxxxxx f12:bc1a645c f10:41163c68 f17:410e5a48
14816068ns          245724 1c0082f0 e0a7f543 fmadd.s          f10, f15, f10, f28  f10=xxxxxxxx f15:3f7a8955 f10:41163c68 f28:bfa5a889
14816108ns          245726 1c0082f4 0062a22b p.sw             x6, 4(x5!)           x5=10001e34  x6:41081889  x5:10001e30  PA:10001e30
14816128ns          245727 1c0082f8 0912ae23 sw               x17, 156(x5)        x17:410cefdb  x5:10001e34  PA:10001ed0
14816148ns          245728 1c0082fc 12a2ae23 sw               x10, 316(x5)        x10:40fca509  x5:10001e34  PA:10001f70
14816168ns          245729 1c0082c4 0043a50b p.lw             x10, 4(x7!)         x10=4089d743  x7=10001d58  x7:10001d54  PA:10001d54
14816208ns          245731 1c0082c8 90a6f343 fmadd.s          f6, f13, f10, f18    f6=xxxxxxxx f13:3f79470a f10:4089d743 f18:00000000
14816228ns          245732 1c0082cc 0243ae03 lw               x28, 36(x7)         x28=409932a9  x7:10001d58  PA:10001d7c
14816247ns          245733 1c0082d0 90aff8c3 fmadd.s          f17, f31, f10, f18  f17=xxxxxxxx f31:3dd20203 f10:4089d743 f18:00000000
14816267ns          245734 1c0082d4 90af7c43 fmadd.s          f24, f30, f10, f18  f24=xxxxxxxx f30:be50238f f10:4089d743 f18:00000000
14816287ns          245735 1c0082d8 31c87343 fmadd.s          f6, f16, f28, f6     f6=xxxxxxxx f16:bdc99a67 f28:409932a9  f6:408638a0
14816307ns          245736 1c0082dc 04c3a503 lw               x10, 76(x7)         x10=3fae42b1  x7:10001d58  PA:10001da4
14816327ns          245737 1c0082e0 89c778c3 fmadd.s          f17, f14, f28, f17  f17=xxxxxxxx f14:3f7ea39b f28:409932a9 f17:3ee22755
14816347ns          245738 1c0082e4 c1cefe43 fmadd.s          f28, f29, f28, f24  f28=xxxxxxxx f29:3cf79c3a f28:409932a9 f24:bf602418
14816367ns          245739 1c0082e8 30a5f343 fmadd.s          f6, f11, f10, f6     f6=xxxxxxxx f11:3e5234cd f10:3fae42b1  f6:406e47f5
14816387ns          245740 1c0082ec 88a678c3 fmadd.s          f17, f12, f10, f17  f17=xxxxxxxx f12:bc1a645c f10:3fae42b1 f17:40a684a1
14816407ns          245741 1c0082f0 e0a7f543 fmadd.s          f10, f15, f10, f28  f10=xxxxxxxx f15:3f7a8955 f10:3fae42b1 f28:bf3b18c0
14816426ns          245742 1c0082f4 0062a22b p.sw             x6, 4(x5!)           x5=10001e38  x6:40801565  x5:10001e34  PA:10001e34
14816446ns          245743 1c0082f8 0912ae23 sw               x17, 156(x5)        x17:40a61b89  x5:10001e38  PA:10001ed4
14816466ns          245744 1c0082fc 12a2ae23 sw               x10, 316(x5)        x10:3f19fc79  x5:10001e38  PA:10001f74
14816486ns          245745 1c0082c4 0043a50b p.lw             x10, 4(x7!)         x10=40c019b9  x7=10001d5c  x7:10001d58  PA:10001d58
14816526ns          245747 1c0082c8 90a6f343 fmadd.s          f6, f13, f10, f18    f6=xxxxxxxx f13:3f79470a f10:40c019b9 f18:00000000
14816546ns          245748 1c0082cc 0243ae03 lw               x28, 36(x7)         x28=40bc364f  x7:10001d5c  PA:10001d80
14816566ns          245749 1c0082d0 90aff8c3 fmadd.s          f17, f31, f10, f18  f17=xxxxxxxx f31:3dd20203 f10:40c019b9 f18:00000000
14816586ns          245750 1c0082d4 90af7c43 fmadd.s          f24, f30, f10, f18  f24=xxxxxxxx f30:be50238f f10:40c019b9 f18:00000000
14816605ns          245751 1c0082d8 31c87343 fmadd.s          f6, f16, f28, f6     f6=xxxxxxxx f16:bdc99a67 f28:40bc364f  f6:40bb0e54
14816625ns          245752 1c0082dc 04c3a503 lw               x10, 76(x7)         x10=40d1950c  x7:10001d5c  PA:10001da8
14816645ns          245753 1c0082e0 89c778c3 fmadd.s          f17, f14, f28, f17  f17=xxxxxxxx f14:3f7ea39b f28:40bc364f f17:3f1d969c
14816665ns          245754 1c0082e4 c1cefe43 fmadd.s          f28, f29, f28, f24  f28=xxxxxxxx f29:3cf79c3a f28:40bc364f f24:bf9c2f95
14816685ns          245755 1c0082e8 30a5f343 fmadd.s          f6, f11, f10, f6     f6=xxxxxxxx f11:3e5234cd f10:40d1950c  f6:40a8874f
14816705ns          245756 1c0082ec 88a678c3 fmadd.s          f17, f12, f10, f17  f17=xxxxxxxx f12:bc1a645c f10:40d1950c f17:40cee8fe
14816725ns          245757 1c0082f0 e0a7f543 fmadd.s          f10, f15, f10, f28  f10=xxxxxxxx f15:3f7a8955 f10:40d1950c f28:bf856e2d
14816745ns          245758 1c0082f4 0062a22b p.sw             x6, 4(x5!)           x5=10001e3c  x6:40d38d2e  x5:10001e38  PA:10001e38
14816765ns          245759 1c0082f8 0912ae23 sw               x17, 156(x5)        x17:40ccef67  x5:10001e3c  PA:10001ed8
14816784ns          245760 1c0082fc 12a2ae23 sw               x10, 316(x5)        x10:40abc071  x5:10001e3c  PA:10001f78
14816804ns          245761 1c0082c4 0043a50b p.lw             x10, 4(x7!)         x10=40ad724c  x7=10001d60  x7:10001d5c  PA:10001d5c
14816844ns          245763 1c0082c8 90a6f343 fmadd.s          f6, f13, f10, f18    f6=xxxxxxxx f13:3f79470a f10:40ad724c f18:00000000
14816864ns          245764 1c0082cc 0243ae03 lw               x28, 36(x7)         x28=40115649  x7:10001d60  PA:10001d84
14816884ns          245765 1c0082d0 90aff8c3 fmadd.s          f17, f31, f10, f18  f17=xxxxxxxx f31:3dd20203 f10:40ad724c f18:00000000
14816904ns          245766 1c0082d4 90af7c43 fmadd.s          f24, f30, f10, f18  f24=xxxxxxxx f30:be50238f f10:40ad724c f18:00000000
14816924ns          245767 1c0082d8 31c87343 fmadd.s          f6, f16, f28, f6     f6=xxxxxxxx f16:bdc99a67 f28:40115649  f6:40a8e44d
14816944ns          245768 1c0082dc 04c3a503 lw               x10, 76(x7)         x10=40efc85e  x7:10001d60  PA:10001dac
14816963ns          245769 1c0082e0 89c778c3 fmadd.s          f17, f14, f28, f17  f17=xxxxxxxx f14:3f7ea39b f28:40115649 f17:3f0e491f
14816983ns          245770 1c0082e4 c1cefe43 fmadd.s          f28, f29, f28, f24  f28=xxxxxxxx f29:3cf79c3a f28:40115649 f24:bf8d04f5
14817003ns          245771 1c0082e8 30a5f343 fmadd.s          f6, f11, f10, f6     f6=xxxxxxxx f11:3e5234cd f10:40efc85e  f6:40a1bd07
14817023ns          245772 1c0082ec 88a678c3 fmadd.s          f17, f12, f10, f17  f17=xxxxxxxx f12:bc1a645c f10:40efc85e f17:403422c6
14817043ns          245773 1c0082f0 e0a7f543 fmadd.s          f10, f15, f10, f28  f10=xxxxxxxx f15:3f7a8955 f10:40efc85e f28:bf843bc6
14817063ns          245774 1c0082f4 0062a22b p.sw             x6, 4(x5!)           x5=10001e40  x6:40d2f5fb  x5:10001e3c  PA:10001e3c
14817083ns          245775 1c0082f8 0912ae23 sw               x17, 156(x5)        x17:402f9de2  x5:10001e40  PA:10001edc
14817103ns          245776 1c0082fc 12a2ae23 sw               x10, 316(x5)        x10:40c99b5c  x5:10001e40  PA:10001f7c
14817123ns          245777 1c0082c4 0043a50b p.lw             x10, 4(x7!)         x10=40e617fb  x7=10001d64  x7:10001d60  PA:10001d60
14817162ns          245779 1c0082c8 90a6f343 fmadd.s          f6, f13, f10, f18    f6=xxxxxxxx f13:3f79470a f10:40e617fb f18:00000000
14817182ns          245780 1c0082cc 0243ae03 lw               x28, 36(x7)         x28=408f60a1  x7:10001d64  PA:10001d88
14817202ns          245781 1c0082d0 90aff8c3 fmadd.s          f17, f31, f10, f18  f17=xxxxxxxx f31:3dd20203 f10:40e617fb f18:00000000
14817222ns          245782 1c0082d4 90af7c43 fmadd.s          f24, f30, f10, f18  f24=xxxxxxxx f30:be50238f f10:40e617fb f18:00000000
14817242ns          245783 1c0082d8 31c87343 fmadd.s          f6, f16, f28, f6     f6=xxxxxxxx f16:bdc99a67 f28:408f60a1  f6:40e00d2d
14817262ns          245784 1c0082dc 04c3a503 lw               x10, 76(x7)         x10=40f832d4  x7:10001d64  PA:10001db0
14817282ns          245785 1c0082e0 89c778c3 fmadd.s          f17, f14, f28, f17  f17=xxxxxxxx f14:3f7ea39b f28:408f60a1 f17:3f3cc17b
14817302ns          245786 1c0082e4 c1cefe43 fmadd.s          f28, f29, f28, f24  f28=xxxxxxxx f29:3cf79c3a f28:408f60a1 f24:bfbb1372
14817322ns          245787 1c0082e8 30a5f343 fmadd.s          f6, f11, f10, f6     f6=xxxxxxxx f11:3e5234cd f10:40f832d4  f6:40d1f002
14817341ns          245788 1c0082ec 88a678c3 fmadd.s          f17, f12, f10, f17  f17=xxxxxxxx f12:bc1a645c f10:40f832d4 f17:40a635b0
14817361ns          245789 1c0082f0 e0a7f543 fmadd.s          f10, f15, f10, f28  f10=xxxxxxxx f15:3f7a8955 f10:40f832d4 f28:bfa9bdbb
14817381ns          245790 1c0082f4 0062a22b p.sw             x6, 4(x5!)           x5=10001e44  x6:4102719d  x5:10001e40  PA:10001e40
14817401ns          245791 1c0082f8 0912ae23 sw               x17, 156(x5)        x17:40a3def0  x5:10001e44  PA:10001ee0
14817421ns          245792 1c0082fc 12a2ae23 sw               x10, 316(x5)        x10:40c8775a  x5:10001e44  PA:10001f80
14817441ns          245793 1c0082c4 0043a50b p.lw             x10, 4(x7!)         x10=40ac679b  x7=10001d68  x7:10001d64  PA:10001d64
14817481ns          245795 1c0082c8 90a6f343 fmadd.s          f6, f13, f10, f18    f6=xxxxxxxx f13:3f79470a f10:40ac679b f18:00000000
14817501ns          245796 1c0082cc 0243ae03 lw               x28, 36(x7)         x28=40afbd9d  x7:10001d68  PA:10001d8c
14817520ns          245797 1c0082d0 90aff8c3 fmadd.s          f17, f31, f10, f18  f17=xxxxxxxx f31:3dd20203 f10:40ac679b f18:00000000
14817540ns          245798 1c0082d4 90af7c43 fmadd.s          f24, f30, f10, f18  f24=xxxxxxxx f30:be50238f f10:40ac679b f18:00000000
14817560ns          245799 1c0082d8 31c87343 fmadd.s          f6, f16, f28, f6     f6=xxxxxxxx f16:bdc99a67 f28:40afbd9d  f6:40a7e09d
14817580ns          245800 1c0082dc 04c3a503 lw               x10, 76(x7)         x10=3f5b5fa5  x7:10001d68  PA:10001db4
14817600ns          245801 1c0082e0 89c778c3 fmadd.s          f17, f14, f28, f17  f17=xxxxxxxx f14:3f7ea39b f28:40afbd9d f17:3f0d6e58
14817620ns          245802 1c0082e4 c1cefe43 fmadd.s          f28, f29, f28, f24  f28=xxxxxxxx f29:3cf79c3a f28:40afbd9d f24:bf8c2c20
14817640ns          245803 1c0082e8 30a5f343 fmadd.s          f6, f11, f10, f6     f6=xxxxxxxx f11:3e5234cd f10:3f5b5fa5  f6:409693e1
14817660ns          245804 1c0082ec 88a678c3 fmadd.s          f17, f12, f10, f17  f17=xxxxxxxx f12:bc1a645c f10:3f5b5fa5 f17:40c07c3d
14817680ns          245805 1c0082f0 e0a7f543 fmadd.s          f10, f15, f10, f28  f10=xxxxxxxx f15:3f7a8955 f10:3f5b5fa5 f28:bf6dd974
14817699ns          245806 1c0082f4 0062a22b p.sw             x6, 4(x5!)           x5=10001e48  x6:409c34ef  x5:10001e44  PA:10001e44
14817719ns          245807 1c0082f8 0912ae23 sw               x17, 156(x5)        x17:40c03a16  x5:10001e48  PA:10001ee4
14817739ns          245808 1c0082fc 12a2ae23 sw               x10, 316(x5)        x10:bdb942ef  x5:10001e48  PA:10001f84
14817759ns          245809 1c0082c4 0043a50b p.lw             x10, 4(x7!)         x10=40f34a32  x7=10001d6c  x7:10001d68  PA:10001d68
14817799ns          245811 1c0082c8 90a6f343 fmadd.s          f6, f13, f10, f18    f6=xxxxxxxx f13:3f79470a f10:40f34a32 f18:00000000
14817819ns          245812 1c0082cc 0243ae03 lw               x28, 36(x7)         x28=40c95816  x7:10001d6c  PA:10001d90
14817839ns          245813 1c0082d0 90aff8c3 fmadd.s          f17, f31, f10, f18  f17=xxxxxxxx f31:3dd20203 f10:40f34a32 f18:00000000
14817859ns          245814 1c0082d4 90af7c43 fmadd.s          f24, f30, f10, f18  f24=xxxxxxxx f30:be50238f f10:40f34a32 f18:00000000
14817878ns          245815 1c0082d8 31c87343 fmadd.s          f6, f16, f28, f6     f6=xxxxxxxx f16:bdc99a67 f28:40c95816  f6:40ece6ae
14817898ns          245816 1c0082dc 04c3a503 lw               x10, 76(x7)         x10=4052ac8b  x7:10001d6c  PA:10001db8
14817918ns          245817 1c0082e0 89c778c3 fmadd.s          f17, f14, f28, f17  f17=xxxxxxxx f14:3f7ea39b f28:40c95816 f17:3f4794c6
14817938ns          245818 1c0082e4 c1cefe43 fmadd.s          f28, f29, f28, f24  f28=xxxxxxxx f29:3cf79c3a f28:40c95816 f24:bfc5ce14
14817958ns          245819 1c0082e8 30a5f343 fmadd.s          f6, f11, f10, f6     f6=xxxxxxxx f11:3e5234cd f10:4052ac8b  f6:40d914bb
14817978ns          245820 1c0082ec 88a678c3 fmadd.s          f17, f12, f10, f17  f17=xxxxxxxx f12:bc1a645c f10:4052ac8b f17:40e138ac
14817998ns          245821 1c0082f0 e0a7f543 fmadd.s          f10, f15, f10, f28  f10=xxxxxxxx f15:3f7a8955 f10:4052ac8b f28:bfad7638
14818018ns          245822 1c0082f4 0062a22b p.sw             x6, 4(x5!)           x5=10001e4c  x6:40eeb45b  x5:10001e48  PA:10001e48
14818038ns          245823 1c0082f8 0912ae23 sw               x17, 156(x5)        x17:40e03a8f  x5:10001e4c  PA:10001ee8
14818057ns          245824 1c0082fc 12a2ae23 sw               x10, 316(x5)        x10:3feee4d0  x5:10001e4c  PA:10001f88
14818077ns          245825 1c0082c4 0043a50b p.lw             x10, 4(x7!)         x10=4119b8be  x7=10001d70  x7:10001d6c  PA:10001d6c
14818117ns          245827 1c0082c8 90a6f343 fmadd.s          f6, f13, f10, f18    f6=xxxxxxxx f13:3f79470a f10:4119b8be f18:00000000
14818137ns          245828 1c0082cc 0243ae03 lw               x28, 36(x7)         x28=40aa3895  x7:10001d70  PA:10001d94
14818157ns          245829 1c0082d0 90aff8c3 fmadd.s          f17, f31, f10, f18  f17=xxxxxxxx f31:3dd20203 f10:4119b8be f18:00000000
14818177ns          245830 1c0082d4 90af7c43 fmadd.s          f24, f30, f10, f18  f24=xxxxxxxx f30:be50238f f10:4119b8be f18:00000000
14818197ns          245831 1c0082d8 31c87343 fmadd.s          f6, f16, f28, f6     f6=xxxxxxxx f16:bdc99a67 f28:40aa3895  f6:4115af59
14818217ns          245832 1c0082dc 04c3a503 lw               x10, 76(x7)         x10=40acf08c  x7:10001d70  PA:10001dbc
14818236ns          245833 1c0082e0 89c778c3 fmadd.s          f17, f14, f28, f17  f17=xxxxxxxx f14:3f7ea39b f28:40aa3895 f17:3f7c3582
14818256ns          245834 1c0082e4 c1cefe43 fmadd.s          f28, f29, f28, f24  f28=xxxxxxxx f29:3cf79c3a f28:40aa3895 f24:bff9f6e9
14818276ns          245835 1c0082e8 30a5f343 fmadd.s          f6, f11, f10, f6     f6=xxxxxxxx f11:3e5234cd f10:40acf08c  f6:410d4e88
14818296ns          245836 1c0082ec 88a678c3 fmadd.s          f17, f12, f10, f17  f17=xxxxxxxx f12:bc1a645c f10:40acf08c f17:40c8d79d
14818316ns          245837 1c0082f0 e0a7f543 fmadd.s          f10, f15, f10, f28  f10=xxxxxxxx f15:3f7a8955 f10:40acf08c f28:bfe5625a
14818336ns          245838 1c0082f4 0062a22b p.sw             x6, 4(x5!)           x5=10001e50  x6:411f0ea8  x5:10001e4c  PA:10001e4c
14818356ns          245839 1c0082f8 0912ae23 sw               x17, 156(x5)        x17:40c7366b  x5:10001e50  PA:10001eec
14818376ns          245840 1c0082fc 12a2ae23 sw               x10, 316(x5)        x10:405fce31  x5:10001e50  PA:10001f8c
14818396ns          245841 1c0082c4 0043a50b p.lw             x10, 4(x7!)         x10=40b5c83f  x7=10001d74  x7:10001d70  PA:10001d70
14818435ns          245843 1c0082c8 90a6f343 fmadd.s          f6, f13, f10, f18    f6=xxxxxxxx f13:3f79470a f10:40b5c83f f18:00000000
14818455ns          245844 1c0082cc 0243ae03 lw               x28, 36(x7)         x28=40ae5f9a  x7:10001d74  PA:10001d98
14818475ns          245845 1c0082d0 90aff8c3 fmadd.s          f17, f31, f10, f18  f17=xxxxxxxx f31:3dd20203 f10:40b5c83f f18:00000000
14818495ns          245846 1c0082d4 90af7c43 fmadd.s          f24, f30, f10, f18  f24=xxxxxxxx f30:be50238f f10:40b5c83f f18:00000000
14818515ns          245847 1c0082d8 31c87343 fmadd.s          f6, f16, f28, f6     f6=xxxxxxxx f16:bdc99a67 f28:40ae5f9a  f6:40b10237
14818535ns          245848 1c0082dc 04c3a503 lw               x10, 76(x7)         x10=40b6e9b0  x7:10001d74  PA:10001dc0
14818555ns          245849 1c0082e0 89c778c3 fmadd.s          f17, f14, f28, f17  f17=xxxxxxxx f14:3f7ea39b f28:40ae5f9a f17:3f151fb1
14818575ns          245850 1c0082e4 c1cefe43 fmadd.s          f28, f29, f28, f24  f28=xxxxxxxx f29:3cf79c3a f28:40ae5f9a f24:bf93cbf3
14818595ns          245851 1c0082e8 30a5f343 fmadd.s          f6, f11, f10, f6     f6=xxxxxxxx f11:3e5234cd f10:40b6e9b0  f6:409fd7f0
14818614ns          245852 1c0082ec 88a678c3 fmadd.s          f17, f12, f10, f17  f17=xxxxxxxx f12:bc1a645c f10:40b6e9b0 f17:40c01641
14818634ns          245853 1c0082f0 e0a7f543 fmadd.s          f10, f15, f10, f28  f10=xxxxxxxx f15:3f7a8955 f10:40b6e9b0 f28:bf7d6dbc
14818654ns          245854 1c0082f4 0062a22b p.sw             x6, 4(x5!)           x5=10001e54  x6:40c5644b  x5:10001e50  PA:10001e50
14818674ns          245855 1c0082f8 0912ae23 sw               x17, 156(x5)        x17:40be5d00  x5:10001e54  PA:10001ef0
14818694ns          245856 1c0082fc 12a2ae23 sw               x10, 316(x5)        x10:4093549e  x5:10001e54  PA:10001f90
14818714ns          245857 1c0082c4 0043a50b p.lw             x10, 4(x7!)         x10=407c0b3c  x7=10001d78  x7:10001d74  PA:10001d74
14818754ns          245859 1c0082c8 90a6f343 fmadd.s          f6, f13, f10, f18    f6=xxxxxxxx f13:3f79470a f10:407c0b3c f18:00000000
14818774ns          245860 1c0082cc 0243ae03 lw               x28, 36(x7)         x28=40ab1184  x7:10001d78  PA:10001d9c
14818793ns          245861 1c0082d0 90aff8c3 fmadd.s          f17, f31, f10, f18  f17=xxxxxxxx f31:3dd20203 f10:407c0b3c f18:00000000
14818813ns          245862 1c0082d4 90af7c43 fmadd.s          f24, f30, f10, f18  f24=xxxxxxxx f30:be50238f f10:407c0b3c f18:00000000
14818833ns          245863 1c0082d8 31c87343 fmadd.s          f6, f16, f28, f6     f6=xxxxxxxx f16:bdc99a67 f28:40ab1184  f6:40756cde
14818853ns          245864 1c0082dc 04c3a503 lw               x10, 76(x7)         x10=410c79b1  x7:10001d78  PA:10001dc4
14818873ns          245865 1c0082e0 89c778c3 fmadd.s          f17, f14, f28, f17  f17=xxxxxxxx f14:3f7ea39b f28:40ab1184 f17:3ecec332
14818893ns          245866 1c0082e4 c1cefe43 fmadd.s          f28, f29, f28, f24  f28=xxxxxxxx f29:3cf79c3a f28:40ab1184 f24:bf4cec23
14818913ns          245867 1c0082e8 30a5f343 fmadd.s          f6, f11, f10, f6     f6=xxxxxxxx f11:3e5234cd f10:410c79b1  f6:4053bee2
14818933ns          245868 1c0082ec 88a678c3 fmadd.s          f17, f12, f10, f17  f17=xxxxxxxx f12:bc1a645c f10:410c79b1 f17:40b714e8
14818953ns          245869 1c0082f0 e0a7f543 fmadd.s          f10, f15, f10, f28  f10=xxxxxxxx f15:3f7a8955 f10:410c79b1 f28:bf238e90
14818972ns          245870 1c0082f4 0062a22b p.sw             x6, 4(x5!)           x5=10001e58  x6:40a38bd7  x5:10001e54  PA:10001e54
14818992ns          245871 1c0082f8 0912ae23 sw               x17, 156(x5)        x17:40b46f26  x5:10001e58  PA:10001ef4
14819012ns          245872 1c0082fc 12a2ae23 sw               x10, 316(x5)        x10:40fe8293  x5:10001e58  PA:10001f94
14819032ns          245873 1c008300 02848493 addi             x9, x9, 40           x9=1c0105f0  x9:1c0105c8
14819052ns          245874 1c008304 028b0b13 addi             x22, x22, 40        x22=10001e58 x22:10001e30
14819072ns          245875 1c008308 e75a18e3 bne              x20, x21, -400      x20:1c010850 x21:1c010848
14819132ns          245878 1c008178 004aa70b p.lw             x14, 4(x21!)        x14=3e59cba5 x21=1c01084c x21:1c010848  PA:1c010848
14819450ns          245894 1c00817c 00caa683 lw               x13, 12(x21)        x13=3deb810c x21:1c01084c  PA:1c010858
14819748ns          245909 1c008180 01caa783 lw               x15, 28(x21)        x15=3f786783 x21:1c01084c  PA:1c010868
14820047ns          245924 1c008184 10d6f6d3 fmul.s           f13, f13, f13       f13=xxxxxxxx f13:3deb810c f13:3deb810c
14820066ns          245925 1c008188 02caa503 lw               x10, 44(x21)        x10=3f33d995 x21:1c01084c  PA:1c010878
14820365ns          245940 1c00818c 68e77743 fmadd.s          f14, f14, f14, f13  f14=xxxxxxxx f14:3e59cba5 f14:3e59cba5 f13:3c58a62d
14820385ns          245941 1c008190 70f7f7c3 fmadd.s          f15, f15, f15, f14  f15=xxxxxxxx f15:3f786783 f15:3f786783 f14:3d6f746b
14820405ns          245942 1c008194 5807f7d3 fsqrt.s          f15, f15            f15=xxxxxxxx f15:3f7ffffe
14820723ns          245958 1c008198 18fbfd53 fdiv.s           f26, f23, f15       f26=xxxxxxxx f23:3f800000 f15:3f7fffff
14820743ns          245959 1c00819c 314000ef jal              x1, 788              x1=xxxxxxxx
14820783ns          245961 1c0084b0 a0a527d3 feq.s            x15, f10, f10       x15=00000001 f10:3f33d995 f10:3f33d995
14821021ns          245973 1c0084b4 0a078b63 beq              x15, x0, 182        x15:00000001
14821041ns          245974 1c0084b6 e00517d3 fclass.s         x15, f10            x15=00000040 f10:3f33d995
14821061ns          245975 1c0084ba 0817f793 andi             x15, x15, 129       x15=00000000 x15:00000040
14821081ns          245976 1c0084be 0a079663 bne              x15, x0, 172        x15:00000000
14821101ns          245977 1c0084c0 00000793 addi             x15, x0, 0          x15=00000000
14821121ns          245978 1c0084c4 a0f517d3 flt.s            x15, f10, f15       x15=00000000 f10:3f33d995 f15:00000000
14821141ns          245979 1c0084c8 0a079663 bne              x15, x0, 172        x15:00000000
14821160ns          245980 1c0084ca 1c000737 lui              x14, 0x1c000000     x14=1c000000
14821180ns          245981 1c0084ce 0ec72783 lw               x15, 236(x14)       x15=40c90fdb x14:1c000000  PA:1c0000ec
14821538ns          245999 1c0084d2 a0a797d3 flt.s            x15, f15, f10       x15=00000000 f15:40c90fdb f10:3f33d995
14821558ns          246000 1c0084d6 00078b63 beq              x15, x0, 22         x15:00000000
14821618ns          246003 1c0084ec 00000793 addi             x15, x0, 0          x15=00000000
14821638ns          246004 1c0084f0 a0f517d3 flt.s            x15, f10, f15       x15=00000000 f10:3f33d995 f15:00000000
14821658ns          246005 1c0084f4 08079a63 bne              x15, x0, 148        x15:00000000
14821678ns          246006 1c0084f6 1c0007b7 lui              x15, 0x1c000000     x15=1c000000
14821697ns          246007 1c0084fa 0b87a783 lw               x15, 184(x15)       x15=3fc90fdb x15:1c000000  PA:1c0000b8
14822016ns          246023 1c0084fe a0f517d3 flt.s            x15, f10, f15       x15=00000001 f10:3f33d995 f15:3fc90fdb
14822036ns          246024 1c008502 02079563 bne              x15, x0, 42         x15:00000001
14822095ns          246027 1c00852c 10a57553 fmul.s           f10, f10, f10       f10=xxxxxxxx f10:3f33d995 f10:3f33d995
14822155ns          246030 1c008530 1c0007b7 lui              x15, 0x1c000000     x15=1c000000
14822195ns          246032 1c008534 1c000737 lui              x14, 0x1c000000     x14=1c000000
14822215ns          246033 1c008538 0f472703 lw               x14, 244(x14)       x14=bab59551 x14:1c000000  PA:1c0000f4
14822533ns          246049 1c00853c 0f07a783 lw               x15, 240(x15)       x15=37c23ab1 x15:1c000000  PA:1c0000f0
14822851ns          246065 1c008540 70f577c3 fmadd.s          f15, f10, f15, f14  f15=xxxxxxxx f10:3efcb3ff f15:37c23ab1 f14:bab59551
14822871ns          246066 1c008544 1c000737 lui              x14, 0x1c000000     x14=1c000000
14822891ns          246067 1c008548 0f872703 lw               x14, 248(x14)       x14=3d2aa76f x14:1c000000  PA:1c0000f8
14823209ns          246083 1c00854c 70f577c3 fmadd.s          f15, f10, f15, f14  f15=xxxxxxxx f10:3efcb3ff f15:bab415dc f14:3d2aa76f
14823229ns          246084 1c008550 1c000737 lui              x14, 0x1c000000     x14=1c000000
14823249ns          246085 1c008554 0fc72703 lw               x14, 252(x14)       x14=beffffe0 x14:1c000000  PA:1c0000fc
14823607ns          246103 1c008558 70f577c3 fmadd.s          f15, f10, f15, f14  f15=xxxxxxxx f10:3efcb3ff f15:3d27e05e f14:beffffe0
14823627ns          246104 1c00855c 1c000737 lui              x14, 0x1c000000     x14=1c000000
14823647ns          246105 1c008560 12472703 lw               x14, 292(x14)       x14=3f7fffff x14:1c000000  PA:1c000124
14823965ns          246121 1c008564 70f57543 fmadd.s          f10, f10, f15, f14  f10=xxxxxxxx f10:3efcb3ff f15:bef5a472 f14:3f7fffff
14823985ns          246122 1c008568 00008067 jalr             x0, x1, 0            x1:1c00819e
14824025ns          246124 1c00819e 00a00433 add              x8, x0, x10          x8=3f436159 x10:3f436159
14824045ns          246125 1c0081a0 02caa503 lw               x10, 44(x21)        x10=3f33d995 x21:1c01084c  PA:1c010878
14824363ns          246141 1c0081a4 08a9f553 fsub.s           f10, f19, f10       f10=xxxxxxxx f19:3fc90fdb f10:3f33d995
14824383ns          246142 1c0081a8 308000ef jal              x1, 776              x1=1c0081aa
14824462ns          246146 1c0084b0 a0a527d3 feq.s            x15, f10, f10       x15=00000001 f10:3f5e4621 f10:3f5e4621
14824502ns          246148 1c0084b4 0a078b63 beq              x15, x0, 182        x15:00000001
14824522ns          246149 1c0084b6 e00517d3 fclass.s         x15, f10            x15=00000040 f10:3f5e4621
14824542ns          246150 1c0084ba 0817f793 andi             x15, x15, 129       x15=00000000 x15:00000040
14824562ns          246151 1c0084be 0a079663 bne              x15, x0, 172        x15:00000000
14824602ns          246153 1c0084c0 00000793 addi             x15, x0, 0          x15=00000000
14824641ns          246155 1c0084c4 a0f517d3 flt.s            x15, f10, f15       x15=00000000 f10:3f5e4621 f15:00000000
14824661ns          246156 1c0084c8 0a079663 bne              x15, x0, 172        x15:00000000
14824681ns          246157 1c0084ca 1c000737 lui              x14, 0x1c000000     x14=1c000000
14824701ns          246158 1c0084ce 0ec72783 lw               x15, 236(x14)       x15=40c90fdb x14:1c000000  PA:1c0000ec
14825019ns          246174 1c0084d2 a0a797d3 flt.s            x15, f15, f10       x15=00000000 f15:40c90fdb f10:3f5e4621
14825039ns          246175 1c0084d6 00078b63 beq              x15, x0, 22         x15:00000000
14825099ns          246178 1c0084ec 00000793 addi             x15, x0, 0          x15=00000000
14825119ns          246179 1c0084f0 a0f517d3 flt.s            x15, f10, f15       x15=00000000 f10:3f5e4621 f15:00000000
14825139ns          246180 1c0084f4 08079a63 bne              x15, x0, 148        x15:00000000
14825158ns          246181 1c0084f6 1c0007b7 lui              x15, 0x1c000000     x15=1c000000
14825178ns          246182 1c0084fa 0b87a783 lw               x15, 184(x15)       x15=3fc90fdb x15:1c000000  PA:1c0000b8
14825517ns          246199 1c0084fe a0f517d3 flt.s            x15, f10, f15       x15=00000001 f10:3f5e4621 f15:3fc90fdb
14825536ns          246200 1c008502 02079563 bne              x15, x0, 42         x15:00000001
14825596ns          246203 1c00852c 10a57553 fmul.s           f10, f10, f10       f10=xxxxxxxx f10:3f5e4621 f10:3f5e4621
14825656ns          246206 1c008530 1c0007b7 lui              x15, 0x1c000000     x15=1c000000
14825696ns          246208 1c008534 1c000737 lui              x14, 0x1c000000     x14=1c000000
14825715ns          246209 1c008538 0f472703 lw               x14, 244(x14)       x14=bab59551 x14:1c000000  PA:1c0000f4
14826014ns          246224 1c00853c 0f07a783 lw               x15, 240(x15)       x15=37c23ab1 x15:1c000000  PA:1c0000f0
14826332ns          246240 1c008540 70f577c3 fmadd.s          f15, f10, f15, f14  f15=xxxxxxxx f10:3f40fdb4 f15:37c23ab1 f14:bab59551
14826352ns          246241 1c008544 1c000737 lui              x14, 0x1c000000     x14=1c000000
14826372ns          246242 1c008548 0f872703 lw               x14, 248(x14)       x14=3d2aa76f x14:1c000000  PA:1c0000f8
14826690ns          246258 1c00854c 70f577c3 fmadd.s          f15, f10, f15, f14  f15=xxxxxxxx f10:3f40fdb4 f15:bab34b9f f14:3d2aa76f
14826710ns          246259 1c008550 1c000737 lui              x14, 0x1c000000     x14=1c000000
14826730ns          246260 1c008554 0fc72703 lw               x14, 252(x14)       x14=beffffe0 x14:1c000000  PA:1c0000fc
14827048ns          246276 1c008558 70f577c3 fmadd.s          f15, f10, f15, f14  f15=xxxxxxxx f10:3f40fdb4 f15:3d266e1c f14:beffffe0
14827068ns          246277 1c00855c 1c000737 lui              x14, 0x1c000000     x14=1c000000
14827088ns          246278 1c008560 12472703 lw               x14, 292(x14)       x14=3f7fffff x14:1c000000  PA:1c000124
14827406ns          246294 1c008564 70f57543 fmadd.s          f10, f10, f15, f14  f10=xxxxxxxx f10:3f40fdb4 f15:bef050ef f14:3f7fffff
14827426ns          246295 1c008568 00008067 jalr             x0, x1, 0            x1:1c0081aa
14827466ns          246297 1c0081aa 0204a683 lw               x13, 32(x9)         x13=40f9609c  x9:1c0105f0  PA:1c010610
14827764ns          246312 1c0081ac 0244a703 lw               x14, 36(x9)         x14=3fe3db02  x9:1c0105f0  PA:1c010614
14828063ns          246327 1c0081ae 0a04a783 lw               x15, 160(x9)        x15=40265c72  x9:1c0105f0  PA:1c010690
14828361ns          246342 1c0081b2 02d12423 sw               x13, 40(x2)         x13:40f9609c  x2:10001d48  PA:10001d70
14828381ns          246343 1c0081b4 02e12623 sw               x14, 44(x2)         x14:3fe3db02  x2:10001d48  PA:10001d74
14828401ns          246344 1c0081b6 ffcaa683 lw               x13, -4(x21)        x13=3e59cba5 x21:1c01084c  PA:1c010848
14828699ns          246359 1c0081ba 00caa703 lw               x14, 12(x21)        x14=3deb810c x21:1c01084c  PA:1c010858
14828997ns          246374 1c0081be 02f12823 sw               x15, 48(x2)         x15:40265c72  x2:10001d48  PA:10001d78
14829017ns          246375 1c0081c0 01caa783 lw               x15, 28(x21)        x15=3f786783 x21:1c01084c  PA:1c010868
14829316ns          246390 1c0081c4 10dd76d3 fmul.s           f13, f26, f13       f13=xxxxxxxx f26:3f800000 f13:3e59cba5
14829336ns          246391 1c0081c8 10ed7753 fmul.s           f14, f26, f14       f14=xxxxxxxx f26:3f800000 f14:3deb810c
14829355ns          246392 1c0081cc 10fd77d3 fmul.s           f15, f26, f15       f15=xxxxxxxx f26:3f800000 f15:3f786783
14829375ns          246393 1c0081d0 0044ae83 lw               x29, 4(x9)          x29=40e5c1c4  x9:1c0105f0  PA:1c0105f4
14829674ns          246408 1c0081d4 0084ae03 lw               x28, 8(x9)          x28=3fc0aefe  x9:1c0105f0  PA:1c0105f8
14829972ns          246423 1c0081d8 00c4a303 lw               x6, 12(x9)           x6=40268e03  x9:1c0105f0  PA:1c0105fc
14830270ns          246438 1c0081dc 0104a883 lw               x17, 16(x9)         x17=40dff0d8  x9:1c0105f0  PA:1c010600
14830569ns          246453 1c0081e0 0144a803 lw               x16, 20(x9)         x16=40ba5fba  x9:1c0105f0  PA:1c010604
14830887ns          246469 1c0081e4 0184a583 lw               x11, 24(x9)         x11=410ab926  x9:1c0105f0  PA:1c010608
14831185ns          246484 1c0081e6 01c4a603 lw               x12, 28(x9)         x12=405d969d  x9:1c0105f0  PA:1c01060c
14831484ns          246499 1c0081e8 0004af03 lw               x30, 0(x9)          x30=3f82d1e9  x9:1c0105f0  PA:1c0105f0
14831782ns          246514 1c0081ec 0b84a383 lw               x7, 184(x9)          x7=407b9409  x9:1c0105f0  PA:1c0106a8
14832080ns          246529 1c0081f0 0bc4a283 lw               x5, 188(x9)          x5=4012d264  x9:1c0105f0  PA:1c0106ac
14832379ns          246544 1c0081f4 0c04af83 lw               x31, 192(x9)        x31=411bc0a2  x9:1c0105f0  PA:1c0106b0
14832677ns          246559 1c0081f8 01e12423 sw               x30, 8(x2)          x30:3f82d1e9  x2:10001d48  PA:10001d50
14832697ns          246560 1c0081fa 01d12623 sw               x29, 12(x2)         x29:40e5c1c4  x2:10001d48  PA:10001d54
14832717ns          246561 1c0081fc 0c44af03 lw               x30, 196(x9)        x30=411cd910  x9:1c0105f0  PA:1c0106b4
14833015ns          246576 1c008200 01c12823 sw               x28, 16(x2)         x28:3fc0aefe  x2:10001d48  PA:10001d58
14833035ns          246577 1c008202 00612a23 sw               x6, 20(x2)           x6:40268e03  x2:10001d48  PA:10001d5c
14833055ns          246578 1c008204 01112c23 sw               x17, 24(x2)         x17:40dff0d8  x2:10001d48  PA:10001d60
14833075ns          246579 1c008206 01012e23 sw               x16, 28(x2)         x16:40ba5fba  x2:10001d48  PA:10001d64
14833095ns          246580 1c008208 02b12023 sw               x11, 32(x2)         x11:410ab926  x2:10001d48  PA:10001d68
14833115ns          246581 1c00820a 10f57853 fmul.s           f16, f10, f15       f16=xxxxxxxx f10:3f256a91 f15:3f786783
14833135ns          246582 1c00820e 10e575d3 fmul.s           f11, f10, f14       f11=xxxxxxxx f10:3f256a91 f14:3deb810c
14833155ns          246583 1c008212 02c12223 sw               x12, 36(x2)         x12:405d969d  x2:10001d48  PA:10001d6c
14833174ns          246584 1c008214 0b04ac83 lw               x25, 176(x9)        x25=40fb71e7  x9:1c0105f0  PA:1c0106a0
14833473ns          246599 1c008218 10d57653 fmul.s           f12, f10, f13       f12=xxxxxxxx f10:3f256a91 f13:3e59cba5
14833493ns          246600 1c00821c 0b44ac03 lw               x24, 180(x9)        x24=3ffa3177  x9:1c0105f0  PA:1c0106a4
14833791ns          246615 1c008220 1644ad03 lw               x26, 356(x9)        x26=40eaa6ef  x9:1c0105f0  PA:1c010754
14834089ns          246630 1c008224 1404a503 lw               x10, 320(x9)        x10=3eb6a460  x9:1c0105f0  PA:1c010730
14834388ns          246645 1c008228 0a44ad83 lw               x27, 164(x9)        x27=3fd6a5bd  x9:1c0105f0  PA:1c010694
14834686ns          246660 1c00822c 04a12c23 sw               x10, 88(x2)         x10:3eb6a460  x2:10001d48  PA:10001da0
14834706ns          246661 1c00822e 03b12a23 sw               x27, 52(x2)         x27:3fd6a5bd  x2:10001d48  PA:10001d7c
14834726ns          246662 1c008230 0a84ad83 lw               x27, 168(x9)        x27=40ea217a  x9:1c0105f0  PA:1c010698
14835024ns          246677 1c008234 1444a503 lw               x10, 324(x9)        x10=3df2f983  x9:1c0105f0  PA:1c010734
14835323ns          246692 1c008238 03b12c23 sw               x27, 56(x2)         x27:40ea217a  x2:10001d48  PA:10001d80
14835343ns          246693 1c00823a 0ac4ad83 lw               x27, 172(x9)        x27=40cfddee  x9:1c0105f0  PA:1c01069c
14835641ns          246708 1c00823e 04a12e23 sw               x10, 92(x2)         x10:3df2f983  x2:10001d48  PA:10001da4
14835661ns          246709 1c008240 03b12e23 sw               x27, 60(x2)         x27:40cfddee  x2:10001d48  PA:10001d84
14835681ns          246710 1c008242 1484ad83 lw               x27, 328(x9)        x27=3ffae914  x9:1c0105f0  PA:1c010738
14835979ns          246725 1c008246 14c4a503 lw               x10, 332(x9)        x10=4068430c  x9:1c0105f0  PA:1c01073c
14836297ns          246741 1c00824a 07b12023 sw               x27, 96(x2)         x27:3ffae914  x2:10001d48  PA:10001da8
14836317ns          246742 1c00824c 1504ad83 lw               x27, 336(x9)        x27=3fbce9ad  x9:1c0105f0  PA:1c010740
14836616ns          246757 1c008250 088bf8d3 fsub.s           f17, f23, f8        f17=xxxxxxxx f23:3f800000  f8:3f436159
14836635ns          246758 1c008254 10e6fed3 fmul.s           f29, f13, f14       f29=xxxxxxxx f13:3e59cba5 f14:3deb810c
14836655ns          246759 1c008258 10f6fe53 fmul.s           f28, f13, f15       f28=xxxxxxxx f13:3e59cba5 f15:3f786783
14836675ns          246760 1c00825c 10f77353 fmul.s           f6, f14, f15         f6=xxxxxxxx f14:3deb810c f15:3f786783
14836695ns          246761 1c008260 06a12223 sw               x10, 100(x2)        x10:4068430c  x2:10001d48  PA:10001dac
14836715ns          246762 1c008262 07b12423 sw               x27, 104(x2)        x27:3fbce9ad  x2:10001d48  PA:10001db0
14836735ns          246763 1c008264 1544a503 lw               x10, 340(x9)        x10=3fd0e2aa  x9:1c0105f0  PA:1c010744
14837033ns          246778 1c008268 1584ad83 lw               x27, 344(x9)        x27=3f1e60cb  x9:1c0105f0  PA:1c010748
14837332ns          246793 1c00826c 10d6f6d3 fmul.s           f13, f13, f13       f13=xxxxxxxx f13:3e59cba5 f13:3e59cba5
14837352ns          246794 1c008270 10e77753 fmul.s           f14, f14, f14       f14=xxxxxxxx f14:3deb810c f14:3deb810c
14837371ns          246795 1c008274 10f7f7d3 fmul.s           f15, f15, f15       f15=xxxxxxxx f15:3f786783 f15:3f786783
14837391ns          246796 1c008278 05f12823 sw               x31, 80(x2)         x31:411bc0a2  x2:10001d48  PA:10001d98
14837411ns          246797 1c00827a 05e12a23 sw               x30, 84(x2)         x30:411cd910  x2:10001d48  PA:10001d9c
14837431ns          246798 1c00827c 81d8ffc7 fmsub.s          f31, f17, f29, f16  f31=xxxxxxxx f17:3e727a9c f29:3cc85bba f16:3f20821f
14837451ns          246799 1c008280 06a12623 sw               x10, 108(x2)        x10:3fd0e2aa  x2:10001d48  PA:10001db4
14837471ns          246800 1c008282 07b12823 sw               x27, 112(x2)        x27:3f1e60cb  x2:10001d48  PA:10001db8
14837491ns          246801 1c008284 15c4a503 lw               x10, 348(x9)        x10=40657314  x9:1c0105f0  PA:1c01074c
14837789ns          246816 1c008288 1604ad83 lw               x27, 352(x9)        x27=411dc977  x9:1c0105f0  PA:1c010750
14838087ns          246831 1c00828c 59c8ff43 fmadd.s          f30, f17, f28, f11  f30=xxxxxxxx f17:3e727a9c f28:3e535558 f11:3d982c36
14838107ns          246832 1c008290 81d8f843 fmadd.s          f16, f17, f29, f16  f16=xxxxxxxx f17:3e727a9c f29:3cc85bba f16:3f20821f
14838127ns          246833 1c008294 59c8f5c7 fmsub.s          f11, f17, f28, f11  f11=xxxxxxxx f17:3e727a9c f28:3e535558 f11:3d982c36
14838147ns          246834 1c008298 6068fec7 fmsub.s          f29, f17, f6, f12   f29=xxxxxxxx f17:3e727a9c  f6:3de4843d f12:3e0cbaeb
14838167ns          246835 1c00829c 6068f643 fmadd.s          f12, f17, f6, f12   f12=xxxxxxxx f17:3e727a9c  f6:3de4843d f12:3e0cbaeb
14838187ns          246836 1c0082a0 04712423 sw               x7, 72(x2)           x7:407b9409  x2:10001d48  PA:10001d90
14838207ns          246837 1c0082a2 04512623 sw               x5, 76(x2)           x5:4012d264  x2:10001d48  PA:10001d94
14838227ns          246838 1c0082a4 4116f6c3 fmadd.s          f13, f13, f17, f8   f13=xxxxxxxx f13:3d394ae0 f17:3e727a9c  f8:3f436159
14838247ns          246839 1c0082a8 40e8f743 fmadd.s          f14, f17, f14, f8   f14=xxxxxxxx f17:3e727a9c f14:3c58a62d  f8:3f436159
14838266ns          246840 1c0082ac 40f8f7c3 fmadd.s          f15, f17, f15, f8   f15=xxxxxxxx f17:3e727a9c f15:3f7108b8  f8:3f436159
14838286ns          246841 1c0082b0 05912023 sw               x25, 64(x2)         x25:40fb71e7  x2:10001d48  PA:10001d88
14838306ns          246842 1c0082b2 05812223 sw               x24, 68(x2)         x24:3ffa3177  x2:10001d48  PA:10001d8c
14838326ns          246843 1c0082b4 06a12a23 sw               x10, 116(x2)        x10:40657314  x2:10001d48  PA:10001dbc
14838346ns          246844 1c0082b6 07b12c23 sw               x27, 120(x2)        x27:411dc977  x2:10001d48  PA:10001dc0
14838366ns          246845 1c0082b8 07a12e23 sw               x26, 124(x2)        x26:40eaa6ef  x2:10001d48  PA:10001dc4
14838386ns          246846 1c0082ba 00810393 addi             x7, x2, 8            x7=10001d50  x2:10001d48
14838406ns          246847 1c0082be 016002b3 add              x5, x0, x22          x5=10001e58 x22:10001e58
14838426ns          246848 1c0082c0 00af50fb lp.setupi        0x1, 0xa, 0x1e     
14838465ns          246850 1c0082c4 0043a50b p.lw             x10, 4(x7!)         x10=3f82d1e9  x7=10001d54  x7:10001d50  PA:10001d50
14838505ns          246852 1c0082c8 90a6f343 fmadd.s          f6, f13, f10, f18    f6=xxxxxxxx f13:3f461f5f f10:3f82d1e9 f18:00000000
14838525ns          246853 1c0082cc 0243ae03 lw               x28, 36(x7)         x28=40265c72  x7:10001d54  PA:10001d78
14838565ns          246855 1c0082d0 90aff8c3 fmadd.s          f17, f31, f10, f18  f17=xxxxxxxx f31:bf1f0692 f10:3f82d1e9 f18:00000000
14838605ns          246857 1c0082d4 90af7c43 fmadd.s          f24, f30, f10, f18  f24=xxxxxxxx f30:3dfc4228 f10:3f82d1e9 f18:00000000
14838625ns          246858 1c0082d8 31c87343 fmadd.s          f6, f16, f28, f6     f6=xxxxxxxx f16:3f21fdac f28:40265c72  f6:3f4a7cc4
14838644ns          246859 1c0082dc 04c3a503 lw               x10, 76(x7)         x10=3eb6a460  x7:10001d54  PA:10001da0
14838704ns          246862 1c0082e0 89c778c3 fmadd.s          f17, f14, f28, f17  f17=xxxxxxxx f14:3f442e8e f28:40265c72 f17:bf228776
14838744ns          246864 1c0082e4 c1cefe43 fmadd.s          f28, f29, f28, f24  f28=xxxxxxxx f29:bde35939 f28:40265c72 f24:3e00e870
14838764ns          246865 1c0082e8 30a5f343 fmadd.s          f6, f11, f10, f6     f6=xxxxxxxx f11:bcd0590f f10:3eb6a460  f6:401be42e
14838784ns          246866 1c0082ec 88a678c3 fmadd.s          f17, f12, f10, f17  f17=xxxxxxxx f12:3e27c939 f10:3eb6a460 f17:3fadb655
14838843ns          246869 1c0082f0 e0a7f543 fmadd.s          f10, f15, f10, f28  f10=xxxxxxxx f15:3f7c74c5 f10:3eb6a460 f28:be269379
14838883ns          246871 1c0082f4 0062a22b p.sw             x6, 4(x5!)           x5=10001e5c  x6:401b4f89  x5:10001e58  PA:10001e58
14838903ns          246872 1c0082f8 0912ae23 sw               x17, 156(x5)        x17:3fb531a2  x5:10001e5c  PA:10001ef8
14838923ns          246873 1c0082fc 12a2ae23 sw               x10, 316(x5)        x10:3e41a6c2  x5:10001e5c  PA:10001f98
14838943ns          246874 1c0082c4 0043a50b p.lw             x10, 4(x7!)         x10=40e5c1c4  x7=10001d58  x7:10001d54  PA:10001d54
14838983ns          246876 1c0082c8 90a6f343 fmadd.s          f6, f13, f10, f18    f6=xxxxxxxx f13:3f461f5f f10:40e5c1c4 f18:00000000
14839002ns          246877 1c0082cc 0243ae03 lw               x28, 36(x7)         x28=3fd6a5bd  x7:10001d58  PA:10001d7c
14839022ns          246878 1c0082d0 90aff8c3 fmadd.s          f17, f31, f10, f18  f17=xxxxxxxx f31:bf1f0692 f10:40e5c1c4 f18:00000000
14839042ns          246879 1c0082d4 90af7c43 fmadd.s          f24, f30, f10, f18  f24=xxxxxxxx f30:3dfc4228 f10:40e5c1c4 f18:00000000
14839062ns          246880 1c0082d8 31c87343 fmadd.s          f6, f16, f28, f6     f6=xxxxxxxx f16:3f21fdac f28:3fd6a5bd  f6:40b1d005
14839082ns          246881 1c0082dc 04c3a503 lw               x10, 76(x7)         x10=3df2f983  x7:10001d58  PA:10001da4
14839102ns          246882 1c0082e0 89c778c3 fmadd.s          f17, f14, f28, f17  f17=xxxxxxxx f14:3f442e8e f28:3fd6a5bd f17:c08eb93e
14839122ns          246883 1c0082e4 c1cefe43 fmadd.s          f28, f29, f28, f24  f28=xxxxxxxx f29:bde35939 f28:3fd6a5bd f24:3f62661d
14839142ns          246884 1c0082e8 30a5f343 fmadd.s          f6, f11, f10, f6     f6=xxxxxxxx f11:bcd0590f f10:3df2f983  f6:40d3c4c0
14839162ns          246885 1c0082ec 88a678c3 fmadd.s          f17, f12, f10, f17  f17=xxxxxxxx f12:3e27c939 f10:3df2f983 f17:c04b3385
14839181ns          246886 1c0082f0 e0a7f543 fmadd.s          f10, f15, f10, f28  f10=xxxxxxxx f15:3f7c74c5 f10:3df2f983 f28:3f32be2b
14839201ns          246887 1c0082f4 0062a22b p.sw             x6, 4(x5!)           x5=10001e60  x6:40d3ac08  x5:10001e5c  PA:10001e5c
14839221ns          246888 1c0082f8 0912ae23 sw               x17, 156(x5)        x17:c049f505  x5:10001e60  PA:10001efc
14839241ns          246889 1c0082fc 12a2ae23 sw               x10, 316(x5)        x10:3f50b1b9  x5:10001e60  PA:10001f9c
14839261ns          246890 1c0082c4 0043a50b p.lw             x10, 4(x7!)         x10=3fc0aefe  x7=10001d5c  x7:10001d58  PA:10001d58
14839301ns          246892 1c0082c8 90a6f343 fmadd.s          f6, f13, f10, f18    f6=xxxxxxxx f13:3f461f5f f10:3fc0aefe f18:00000000
14839321ns          246893 1c0082cc 0243ae03 lw               x28, 36(x7)         x28=40ea217a  x7:10001d5c  PA:10001d80
14839341ns          246894 1c0082d0 90aff8c3 fmadd.s          f17, f31, f10, f18  f17=xxxxxxxx f31:bf1f0692 f10:3fc0aefe f18:00000000
14839360ns          246895 1c0082d4 90af7c43 fmadd.s          f24, f30, f10, f18  f24=xxxxxxxx f30:3dfc4228 f10:3fc0aefe f18:00000000
14839380ns          246896 1c0082d8 31c87343 fmadd.s          f6, f16, f28, f6     f6=xxxxxxxx f16:3f21fdac f28:40ea217a  f6:3f951ef5
14839400ns          246897 1c0082dc 04c3a503 lw               x10, 76(x7)         x10=3ffae914  x7:10001d5c  PA:10001da8
14839420ns          246898 1c0082e0 89c778c3 fmadd.s          f17, f14, f28, f17  f17=xxxxxxxx f14:3f442e8e f28:40ea217a f17:bf6f6343
14839440ns          246899 1c0082e4 c1cefe43 fmadd.s          f28, f29, f28, f24  f28=xxxxxxxx f29:bde35939 f28:40ea217a f24:3e3dde0d
14839460ns          246900 1c0082e8 30a5f343 fmadd.s          f6, f11, f10, f6     f6=xxxxxxxx f11:bcd0590f f10:3ffae914  f6:40b96ecb
14839480ns          246901 1c0082ec 88a678c3 fmadd.s          f17, f12, f10, f17  f17=xxxxxxxx f12:3e27c939 f10:3ffae914 f17:40957fcd
14839500ns          246902 1c0082f0 e0a7f543 fmadd.s          f10, f15, f10, f28  f10=xxxxxxxx f15:3f7c74c5 f10:3ffae914 f28:bf2075c6
14839520ns          246903 1c0082f4 0062a22b p.sw             x6, 4(x5!)           x5=10001e64  x6:40b7d662  x5:10001e60  PA:10001e60
14839539ns          246904 1c0082f8 0912ae23 sw               x17, 156(x5)        x17:409fc701  x5:10001e64  PA:10001f00
14839559ns          246905 1c0082fc 12a2ae23 sw               x10, 316(x5)        x10:3fa734ff  x5:10001e64  PA:10001fa0
14839579ns          246906 1c0082c4 0043a50b p.lw             x10, 4(x7!)         x10=40268e03  x7=10001d60  x7:10001d5c  PA:10001d5c
14839619ns          246908 1c0082c8 90a6f343 fmadd.s          f6, f13, f10, f18    f6=xxxxxxxx f13:3f461f5f f10:40268e03 f18:00000000
14839639ns          246909 1c0082cc 0243ae03 lw               x28, 36(x7)         x28=40cfddee  x7:10001d60  PA:10001d84
14839659ns          246910 1c0082d0 90aff8c3 fmadd.s          f17, f31, f10, f18  f17=xxxxxxxx f31:bf1f0692 f10:40268e03 f18:00000000
14839679ns          246911 1c0082d4 90af7c43 fmadd.s          f24, f30, f10, f18  f24=xxxxxxxx f30:3dfc4228 f10:40268e03 f18:00000000
14839699ns          246912 1c0082d8 31c87343 fmadd.s          f6, f16, f28, f6     f6=xxxxxxxx f16:3f21fdac f28:40cfddee  f6:4000e63f
14839719ns          246913 1c0082dc 04c3a503 lw               x10, 76(x7)         x10=4068430c  x7:10001d60  PA:10001dac
14839738ns          246914 1c0082e0 89c778c3 fmadd.s          f17, f14, f28, f17  f17=xxxxxxxx f14:3f442e8e f28:40cfddee f17:bfceecf4
14839758ns          246915 1c0082e4 c1cefe43 fmadd.s          f28, f29, f28, f24  f28=xxxxxxxx f29:bde35939 f28:40cfddee f24:3ea41ed6
14839778ns          246916 1c0082e8 30a5f343 fmadd.s          f6, f11, f10, f6     f6=xxxxxxxx f11:bcd0590f f10:4068430c  f6:40c3fbac
14839798ns          246917 1c0082ec 88a678c3 fmadd.s          f17, f12, f10, f17  f17=xxxxxxxx f12:3e27c939 f10:4068430c f17:405720f5
14839818ns          246918 1c0082f0 e0a7f543 fmadd.s          f10, f15, f10, f28  f10=xxxxxxxx f15:3f7c74c5 f10:4068430c f28:becd15a3
14839838ns          246919 1c0082f4 0062a22b p.sw             x6, 4(x5!)           x5=10001e68  x6:40c1078f  x5:10001e64  PA:10001e64
14839858ns          246920 1c0082f8 0912ae23 sw               x17, 156(x5)        x17:407d2f88  x5:10001e68  PA:10001f04
14839878ns          246921 1c0082fc 12a2ae23 sw               x10, 316(x5)        x10:404b693d  x5:10001e68  PA:10001fa4
14839898ns          246922 1c0082c4 0043a50b p.lw             x10, 4(x7!)         x10=40dff0d8  x7=10001d64  x7:10001d60  PA:10001d60
14839937ns          246924 1c0082c8 90a6f343 fmadd.s          f6, f13, f10, f18    f6=xxxxxxxx f13:3f461f5f f10:40dff0d8 f18:00000000
14839957ns          246925 1c0082cc 0243ae03 lw               x28, 36(x7)         x28=40fb71e7  x7:10001d64  PA:10001d88
14839977ns          246926 1c0082d0 90aff8c3 fmadd.s          f17, f31, f10, f18  f17=xxxxxxxx f31:bf1f0692 f10:40dff0d8 f18:00000000
14839997ns          246927 1c0082d4 90af7c43 fmadd.s          f24, f30, f10, f18  f24=xxxxxxxx f30:3dfc4228 f10:40dff0d8 f18:00000000
14840017ns          246928 1c0082d8 31c87343 fmadd.s          f6, f16, f28, f6     f6=xxxxxxxx f16:3f21fdac f28:40fb71e7  f6:40ad4fb8
14840037ns          246929 1c0082dc 04c3a503 lw               x10, 76(x7)         x10=3fbce9ad  x7:10001d64  PA:10001db0
14840057ns          246930 1c0082e0 89c778c3 fmadd.s          f17, f14, f28, f17  f17=xxxxxxxx f14:3f442e8e f28:40fb71e7 f17:c08b1c56
14840077ns          246931 1c0082e4 c1cefe43 fmadd.s          f28, f29, f28, f24  f28=xxxxxxxx f29:bde35939 f28:40fb71e7 f24:3f5caaf4
14840096ns          246932 1c0082e8 30a5f343 fmadd.s          f6, f11, f10, f6     f6=xxxxxxxx f11:bcd0590f f10:3fbce9ad  f6:412635c1
14840116ns          246933 1c0082ec 88a678c3 fmadd.s          f17, f12, f10, f17  f17=xxxxxxxx f12:3e27c939 f10:3fbce9ad f17:3fd65263
14840136ns          246934 1c0082f0 e0a7f543 fmadd.s          f10, f15, f10, f28  f10=xxxxxxxx f15:3f7c74c5 f10:3fbce9ad f28:bc28ab9b
14840156ns          246935 1c0082f4 0062a22b p.sw             x6, 4(x5!)           x5=10001e6c  x6:41259c01  x5:10001e68  PA:10001e68
14840176ns          246936 1c0082f8 0912ae23 sw               x17, 156(x5)        x17:3ff5469e  x5:10001e6c  PA:10001f08
14840196ns          246937 1c0082fc 12a2ae23 sw               x10, 316(x5)        x10:3fb8fada  x5:10001e6c  PA:10001fa8
14840216ns          246938 1c0082c4 0043a50b p.lw             x10, 4(x7!)         x10=40ba5fba  x7=10001d68  x7:10001d64  PA:10001d64
14840256ns          246940 1c0082c8 90a6f343 fmadd.s          f6, f13, f10, f18    f6=xxxxxxxx f13:3f461f5f f10:40ba5fba f18:00000000
14840275ns          246941 1c0082cc 0243ae03 lw               x28, 36(x7)         x28=3ffa3177  x7:10001d68  PA:10001d8c
14840295ns          246942 1c0082d0 90aff8c3 fmadd.s          f17, f31, f10, f18  f17=xxxxxxxx f31:bf1f0692 f10:40ba5fba f18:00000000
14840315ns          246943 1c0082d4 90af7c43 fmadd.s          f24, f30, f10, f18  f24=xxxxxxxx f30:3dfc4228 f10:40ba5fba f18:00000000
14840335ns          246944 1c0082d8 31c87343 fmadd.s          f6, f16, f28, f6     f6=xxxxxxxx f16:3f21fdac f28:3ffa3177  f6:40903ce1
14840355ns          246945 1c0082dc 04c3a503 lw               x10, 76(x7)         x10=3fd0e2aa  x7:10001d68  PA:10001db4
14840375ns          246946 1c0082e0 89c778c3 fmadd.s          f17, f14, f28, f17  f17=xxxxxxxx f14:3f442e8e f28:3ffa3177 f17:c0678c7a
14840395ns          246947 1c0082e4 c1cefe43 fmadd.s          f28, f29, f28, f24  f28=xxxxxxxx f29:bde35939 f28:3ffa3177 f24:3f37a665
14840415ns          246948 1c0082e8 30a5f343 fmadd.s          f6, f11, f10, f6     f6=xxxxxxxx f11:bcd0590f f10:3fd0e2aa  f6:40b7d123
14840435ns          246949 1c0082ec 88a678c3 fmadd.s          f17, f12, f10, f17  f17=xxxxxxxx f12:3e27c939 f10:3fd0e2aa f17:c007aecb
14840454ns          246950 1c0082f0 e0a7f543 fmadd.s          f10, f15, f10, f28  f10=xxxxxxxx f15:3f7c74c5 f10:3fd0e2aa f28:3f001a21
14840474ns          246951 1c0082f4 0062a22b p.sw             x6, 4(x5!)           x5=10001e70  x6:40b67d21  x5:10001e6c  PA:10001e6c
14840494ns          246952 1c0082f8 0912ae23 sw               x17, 156(x5)        x17:bfed2393  x5:10001e70  PA:10001f0c
14840514ns          246953 1c0082fc 12a2ae23 sw               x10, 316(x5)        x10:400705bc  x5:10001e70  PA:10001fac
14840534ns          246954 1c0082c4 0043a50b p.lw             x10, 4(x7!)         x10=410ab926  x7=10001d6c  x7:10001d68  PA:10001d68
14840574ns          246956 1c0082c8 90a6f343 fmadd.s          f6, f13, f10, f18    f6=xxxxxxxx f13:3f461f5f f10:410ab926 f18:00000000
14840594ns          246957 1c0082cc 0243ae03 lw               x28, 36(x7)         x28=407b9409  x7:10001d6c  PA:10001d90
14840614ns          246958 1c0082d0 90aff8c3 fmadd.s          f17, f31, f10, f18  f17=xxxxxxxx f31:bf1f0692 f10:410ab926 f18:00000000
14840633ns          246959 1c0082d4 90af7c43 fmadd.s          f24, f30, f10, f18  f24=xxxxxxxx f30:3dfc4228 f10:410ab926 f18:00000000
14840653ns          246960 1c0082d8 31c87343 fmadd.s          f6, f16, f28, f6     f6=xxxxxxxx f16:3f21fdac f28:407b9409  f6:40d6b867
14840673ns          246961 1c0082dc 04c3a503 lw               x10, 76(x7)         x10=3f1e60cb  x7:10001d6c  PA:10001db8
14840693ns          246962 1c0082e0 89c778c3 fmadd.s          f17, f14, f28, f17  f17=xxxxxxxx f14:3f442e8e f28:407b9409 f17:c0ac591c
14840713ns          246963 1c0082e4 c1cefe43 fmadd.s          f28, f29, f28, f24  f28=xxxxxxxx f29:bde35939 f28:407b9409 f24:3f88b21b
14840733ns          246964 1c0082e8 30a5f343 fmadd.s          f6, f11, f10, f6     f6=xxxxxxxx f11:bcd0590f f10:3f1e60cb  f6:4113288c
14840753ns          246965 1c0082ec 88a678c3 fmadd.s          f17, f12, f10, f17  f17=xxxxxxxx f12:3e27c939 f10:3f1e60cb f17:c017e721
14840773ns          246966 1c0082f0 e0a7f543 fmadd.s          f10, f15, f10, f28  f10=xxxxxxxx f15:3f7c74c5 f10:3f1e60cb f28:3f21ae3d
14840793ns          246967 1c0082f4 0062a22b p.sw             x6, 4(x5!)           x5=10001e74  x6:4112e819  x5:10001e70  PA:10001e70
14840813ns          246968 1c0082f8 0912ae23 sw               x17, 156(x5)        x17:c0116a47  x5:10001e74  PA:10001f10
14840832ns          246969 1c0082fc 12a2ae23 sw               x10, 316(x5)        x10:3f9eeee1  x5:10001e74  PA:10001fb0
14840852ns          246970 1c0082c4 0043a50b p.lw             x10, 4(x7!)         x10=405d969d  x7=10001d70  x7:10001d6c  PA:10001d6c
14840892ns          246972 1c0082c8 90a6f343 fmadd.s          f6, f13, f10, f18    f6=xxxxxxxx f13:3f461f5f f10:405d969d f18:00000000
14840912ns          246973 1c0082cc 0243ae03 lw               x28, 36(x7)         x28=4012d264  x7:10001d70  PA:10001d94
14840932ns          246974 1c0082d0 90aff8c3 fmadd.s          f17, f31, f10, f18  f17=xxxxxxxx f31:bf1f0692 f10:405d969d f18:00000000
14840952ns          246975 1c0082d4 90af7c43 fmadd.s          f24, f30, f10, f18  f24=xxxxxxxx f30:3dfc4228 f10:405d969d f18:00000000
14840972ns          246976 1c0082d8 31c87343 fmadd.s          f6, f16, f28, f6     f6=xxxxxxxx f16:3f21fdac f28:4012d264  f6:402b7da5
14840992ns          246977 1c0082dc 04c3a503 lw               x10, 76(x7)         x10=40657314  x7:10001d70  PA:10001dbc
14841011ns          246978 1c0082e0 89c778c3 fmadd.s          f17, f14, f28, f17  f17=xxxxxxxx f14:3f442e8e f28:4012d264 f17:c009a63b
14841031ns          246979 1c0082e4 c1cefe43 fmadd.s          f28, f29, f28, f24  f28=xxxxxxxx f29:bde35939 f28:4012d264 f24:3eda5986
14841051ns          246980 1c0082e8 30a5f343 fmadd.s          f6, f11, f10, f6     f6=xxxxxxxx f11:bcd0590f f10:40657314  f6:408432b9
14841071ns          246981 1c0082ec 88a678c3 fmadd.s          f17, f12, f10, f17  f17=xxxxxxxx f12:3e27c939 f10:40657314 f17:bec9139a
14841091ns          246982 1c0082f0 e0a7f543 fmadd.s          f10, f15, f10, f28  f10=xxxxxxxx f15:3f7c74c5 f10:40657314 f28:3e2feb97
14841111ns          246983 1c0082f4 0062a22b p.sw             x6, 4(x5!)           x5=10001e78  x6:408147c4  x5:10001e74  PA:10001e74
14841131ns          246984 1c0082f8 0912ae23 sw               x17, 156(x5)        x17:3e47627e  x5:10001e78  PA:10001f14
14841151ns          246985 1c0082fc 12a2ae23 sw               x10, 316(x5)        x10:406d44aa  x5:10001e78  PA:10001fb4
14841171ns          246986 1c0082c4 0043a50b p.lw             x10, 4(x7!)         x10=40f9609c  x7=10001d74  x7:10001d70  PA:10001d70
14841210ns          246988 1c0082c8 90a6f343 fmadd.s          f6, f13, f10, f18    f6=xxxxxxxx f13:3f461f5f f10:40f9609c f18:00000000
14841230ns          246989 1c0082cc 0243ae03 lw               x28, 36(x7)         x28=411bc0a2  x7:10001d74  PA:10001d98
14841250ns          246990 1c0082d0 90aff8c3 fmadd.s          f17, f31, f10, f18  f17=xxxxxxxx f31:bf1f0692 f10:40f9609c f18:00000000
14841270ns          246991 1c0082d4 90af7c43 fmadd.s          f24, f30, f10, f18  f24=xxxxxxxx f30:3dfc4228 f10:40f9609c f18:00000000
14841290ns          246992 1c0082d8 31c87343 fmadd.s          f6, f16, f28, f6     f6=xxxxxxxx f16:3f21fdac f28:411bc0a2  f6:40c0ff48
14841310ns          246993 1c0082dc 04c3a503 lw               x10, 76(x7)         x10=411dc977  x7:10001d74  PA:10001dc0
14841330ns          246994 1c0082e0 89c778c3 fmadd.s          f17, f14, f28, f17  f17=xxxxxxxx f14:3f442e8e f28:411bc0a2 f17:c09ae967
14841350ns          246995 1c0082e4 c1cefe43 fmadd.s          f28, f29, f28, f24  f28=xxxxxxxx f29:bde35939 f28:411bc0a2 f24:3f75bb8b
14841369ns          246996 1c0082e8 30a5f343 fmadd.s          f6, f11, f10, f6     f6=xxxxxxxx f11:bcd0590f f10:411dc977  f6:41430e20
14841389ns          246997 1c0082ec 88a678c3 fmadd.s          f17, f12, f10, f17  f17=xxxxxxxx f12:3e27c939 f10:411dc977 f17:40279c6e
14841409ns          246998 1c0082f0 e0a7f543 fmadd.s          f10, f15, f10, f28  f10=xxxxxxxx f15:3f7c74c5 f10:411dc977 f28:bdf7452d
14841429ns          246999 1c0082f4 0062a22b p.sw             x6, 4(x5!)           x5=10001e7c  x6:413f0acb  x5:10001e78  PA:10001e78
14841449ns          247000 1c0082f8 0912ae23 sw               x17, 156(x5)        x17:40878370  x5:10001e7c  PA:10001f18
14841469ns          247001 1c0082fc 12a2ae23 sw               x10, 316(x5)        x10:4119abbf  x5:10001e7c  PA:10001fb8
14841489ns          247002 1c0082c4 0043a50b p.lw             x10, 4(x7!)         x10=3fe3db02  x7=10001d78  x7:10001d74  PA:10001d74
14841529ns          247004 1c0082c8 90a6f343 fmadd.s          f6, f13, f10, f18    f6=xxxxxxxx f13:3f461f5f f10:3fe3db02 f18:00000000
14841548ns          247005 1c0082cc 0243ae03 lw               x28, 36(x7)         x28=411cd910  x7:10001d78  PA:10001d9c
14841568ns          247006 1c0082d0 90aff8c3 fmadd.s          f17, f31, f10, f18  f17=xxxxxxxx f31:bf1f0692 f10:3fe3db02 f18:00000000
14841588ns          247007 1c0082d4 90af7c43 fmadd.s          f24, f30, f10, f18  f24=xxxxxxxx f30:3dfc4228 f10:3fe3db02 f18:00000000
14841608ns          247008 1c0082d8 31c87343 fmadd.s          f6, f16, f28, f6     f6=xxxxxxxx f16:3f21fdac f28:411cd910  f6:3fb05750
14841628ns          247009 1c0082dc 04c3a503 lw               x10, 76(x7)         x10=40eaa6ef  x7:10001d78  PA:10001dc4
14841648ns          247010 1c0082e0 89c778c3 fmadd.s          f17, f14, f28, f17  f17=xxxxxxxx f14:3f442e8e f28:411cd910 f17:bf8d8adf
14841668ns          247011 1c0082e4 c1cefe43 fmadd.s          f28, f29, f28, f24  f28=xxxxxxxx f29:bde35939 f28:411cd910 f24:3e608678
14841688ns          247012 1c0082e8 30a5f343 fmadd.s          f6, f11, f10, f6     f6=xxxxxxxx f11:bcd0590f f10:40eaa6ef  f6:40f295b2
14841708ns          247013 1c0082ec 88a678c3 fmadd.s          f17, f12, f10, f17  f17=xxxxxxxx f12:3e27c939 f10:40eaa6ef f17:40cd02b5
14841727ns          247014 1c0082f0 e0a7f543 fmadd.s          f10, f15, f10, f28  f10=xxxxxxxx f15:3f7c74c5 f10:40eaa6ef f28:bf5e74a9
14841747ns          247015 1c0082f4 0062a22b p.sw             x6, 4(x5!)           x5=10001e80  x6:40ec9de8  x5:10001e7c  PA:10001e7c
14841767ns          247016 1c0082f8 0912ae23 sw               x17, 156(x5)        x17:40f3758b  x5:10001e80  PA:10001f1c
14841787ns          247017 1c0082fc 12a2ae23 sw               x10, 316(x5)        x10:40cb98c6  x5:10001e80  PA:10001fbc
14841807ns          247018 1c008300 02848493 addi             x9, x9, 40           x9=1c010618  x9:1c0105f0
14841827ns          247019 1c008304 028b0b13 addi             x22, x22, 40        x22=10001e80 x22:10001e58
14841847ns          247020 1c008308 e75a18e3 bne              x20, x21, -400      x20:1c010850 x21:1c01084c
14841946ns          247025 1c008178 004aa70b p.lw             x14, 4(x21!)        x14=3f0f3371 x21=1c010850 x21:1c01084c  PA:1c01084c
14842265ns          247041 1c00817c 00caa683 lw               x13, 12(x21)        x13=3dc06165 x21:1c010850  PA:1c01085c
14842563ns          247056 1c008180 01caa783 lw               x15, 28(x21)        x15=3f52d5a4 x21:1c010850  PA:1c01086c
14842881ns          247072 1c008184 10d6f6d3 fmul.s           f13, f13, f13       f13=xxxxxxxx f13:3dc06165 f13:3dc06165
14842901ns          247073 1c008188 02caa503 lw               x10, 44(x21)        x10=4000cbd1 x21:1c010850  PA:1c01087c
14843199ns          247088 1c00818c 68e77743 fmadd.s          f14, f14, f14, f13  f14=xxxxxxxx f14:3f0f3371 f14:3f0f3371 f13:3c10923d
14843219ns          247089 1c008190 70f7f7c3 fmadd.s          f15, f15, f15, f14  f15=xxxxxxxx f15:3f52d5a4 f15:3f52d5a4 f14:3ea4b997
14843239ns          247090 1c008194 5807f7d3 fsqrt.s          f15, f15            f15=xxxxxxxx f15:3f7fffff
14843518ns          247104 1c008198 18fbfd53 fdiv.s           f26, f23, f15       f26=xxxxxxxx f23:3f800000 f15:3f7fffff
14843538ns          247105 1c00819c 314000ef jal              x1, 788              x1=xxxxxxxx
14843617ns          247109 1c0084b0 a0a527d3 feq.s            x15, f10, f10       x15=00000001 f10:4000cbd1 f10:4000cbd1
14843836ns          247120 1c0084b4 0a078b63 beq              x15, x0, 182        x15:00000001
14843856ns          247121 1c0084b6 e00517d3 fclass.s         x15, f10            x15=00000040 f10:4000cbd1
14843876ns          247122 1c0084ba 0817f793 andi             x15, x15, 129       x15=00000000 x15:00000040
14843896ns          247123 1c0084be 0a079663 bne              x15, x0, 172        x15:00000000
14843915ns          247124 1c0084c0 00000793 addi             x15, x0, 0          x15=00000000
14843935ns          247125 1c0084c4 a0f517d3 flt.s            x15, f10, f15       x15=00000000 f10:4000cbd1 f15:00000000
14843955ns          247126 1c0084c8 0a079663 bne              x15, x0, 172        x15:00000000
14843975ns          247127 1c0084ca 1c000737 lui              x14, 0x1c000000     x14=1c000000
14844015ns          247129 1c0084ce 0ec72783 lw               x15, 236(x14)       x15=40c90fdb x14:1c000000  PA:1c0000ec
14844333ns          247145 1c0084d2 a0a797d3 flt.s            x15, f15, f10       x15=00000000 f15:40c90fdb f10:4000cbd1
14844353ns          247146 1c0084d6 00078b63 beq              x15, x0, 22         x15:00000000
14844413ns          247149 1c0084ec 00000793 addi             x15, x0, 0          x15=00000000
14844472ns          247152 1c0084f0 a0f517d3 flt.s            x15, f10, f15       x15=00000000 f10:4000cbd1 f15:00000000
14844512ns          247154 1c0084f4 08079a63 bne              x15, x0, 148        x15:00000000
14844532ns          247155 1c0084f6 1c0007b7 lui              x15, 0x1c000000     x15=1c000000
14844552ns          247156 1c0084fa 0b87a783 lw               x15, 184(x15)       x15=3fc90fdb x15:1c000000  PA:1c0000b8
14844870ns          247172 1c0084fe a0f517d3 flt.s            x15, f10, f15       x15=00000000 f10:4000cbd1 f15:3fc90fdb
14844890ns          247173 1c008502 02079563 bne              x15, x0, 42         x15:00000000
14844910ns          247174 1c008504 1c0007b7 lui              x15, 0x1c000000     x15=1c000000
14844930ns          247175 1c008508 0bc7a783 lw               x15, 188(x15)       x15=40490fdb x15:1c000000  PA:1c0000bc
14845248ns          247191 1c00850c a0f51753 flt.s            x14, f10, f15       x14=00000001 f10:4000cbd1 f15:40490fdb
14845268ns          247192 1c008510 06071f63 bne              x14, x0, 126        x14:00000001
14845447ns          247201 1c00858e 08a7f553 fsub.s           f10, f15, f10       f10=xxxxxxxx f15:40490fdb f10:4000cbd1
14845487ns          247203 1c008592 10a57553 fmul.s           f10, f10, f10       f10=xxxxxxxx f10:3f908814 f10:3f908814
14845507ns          247204 1c008596 1c0007b7 lui              x15, 0x1c000000     x15=1c000000
14845527ns          247205 1c00859a 1c000737 lui              x14, 0x1c000000     x14=1c000000
14845586ns          247208 1c00859e 0f472703 lw               x14, 244(x14)       x14=bab59551 x14:1c000000  PA:1c0000f4
14845924ns          247225 1c0085a2 0f07a783 lw               x15, 240(x15)       x15=37c23ab1 x15:1c000000  PA:1c0000f0
14846243ns          247241 1c0085a6 70f577c3 fmadd.s          f15, f10, f15, f14  f15=xxxxxxxx f10:3fa332be f15:37c23ab1 f14:bab59551
14846263ns          247242 1c0085aa 1c000737 lui              x14, 0x1c000000     x14=1c000000
14846282ns          247243 1c0085ae 0f872703 lw               x14, 248(x14)       x14=3d2aa76f x14:1c000000  PA:1c0000f8
14846601ns          247259 1c0085b2 70f577c3 fmadd.s          f15, f10, f15, f14  f15=xxxxxxxx f10:3fa332be f15:bab1b6c2 f14:3d2aa76f
14846621ns          247260 1c0085b6 1c000737 lui              x14, 0x1c000000     x14=1c000000
14846640ns          247261 1c0085ba 0fc72703 lw               x14, 252(x14)       x14=beffffe0 x14:1c000000  PA:1c0000fc
14846979ns          247278 1c0085be 70f577c3 fmadd.s          f15, f10, f15, f14  f15=xxxxxxxx f10:3fa332be f15:3d2392c6 f14:beffffe0
14846999ns          247279 1c0085c2 1c000737 lui              x14, 0x1c000000     x14=1c000000
14847018ns          247280 1c0085c6 12472703 lw               x14, 292(x14)       x14=3f7fffff x14:1c000000  PA:1c000124
14847337ns          247296 1c0085ca 70f57543 fmadd.s          f10, f10, f15, f14  f10=xxxxxxxx f10:3fa332be f15:bee5ee28 f14:3f7fffff
14847357ns          247297 1c0085ce 20a51553 fsgnjn.s         f10, f10, f10       f10=xxxxxxxx f10:3edad791 f10:3edad791
14847376ns          247298 1c0085d2 00008067 jalr             x0, x1, 0            x1:1c00819e
14847416ns          247300 1c00819e 00a00433 add              x8, x0, x10          x8=bedad791 x10:bedad791
14847436ns          247301 1c0081a0 02caa503 lw               x10, 44(x21)        x10=4000cbd1 x21:1c010850  PA:1c01087c
14847754ns          247317 1c0081a4 08a9f553 fsub.s           f10, f19, f10       f10=xxxxxxxx f19:3fc90fdb f10:4000cbd1
14847774ns          247318 1c0081a8 308000ef jal              x1, 776              x1=1c0081aa
14847814ns          247320 1c0084b0 a0a527d3 feq.s            x15, f10, f10       x15=00000001 f10:bee21f1c f10:bee21f1c
14847834ns          247321 1c0084b4 0a078b63 beq              x15, x0, 182        x15:00000001
14847854ns          247322 1c0084b6 e00517d3 fclass.s         x15, f10            x15=00000002 f10:bee21f1c
14847874ns          247323 1c0084ba 0817f793 andi             x15, x15, 129       x15=00000000 x15:00000002
14847894ns          247324 1c0084be 0a079663 bne              x15, x0, 172        x15:00000000
14847913ns          247325 1c0084c0 00000793 addi             x15, x0, 0          x15=00000000
14847933ns          247326 1c0084c4 a0f517d3 flt.s            x15, f10, f15       x15=00000001 f10:bee21f1c f15:00000000
14847953ns          247327 1c0084c8 0a079663 bne              x15, x0, 172        x15:00000001
14848013ns          247330 1c008574 1c0007b7 lui              x15, 0x1c000000     x15=1c000000
14848033ns          247331 1c008578 0e87a783 lw               x15, 232(x15)       x15=c0c90fdb x15:1c000000  PA:1c0000e8
14848391ns          247349 1c00857c a0f517d3 flt.s            x15, f10, f15       x15=00000000 f10:bee21f1c f15:c0c90fdb
14848411ns          247350 1c008580 00078463 beq              x15, x0, 8          x15:00000000
14848470ns          247353 1c008588 20a51553 fsgnjn.s         f10, f10, f10       f10=xxxxxxxx f10:bee21f1c f10:bee21f1c
14848490ns          247354 1c00858c f6bff06f jal              x0, -150           
14848550ns          247357 1c0084f6 1c0007b7 lui              x15, 0x1c000000     x15=1c000000
14848570ns          247358 1c0084fa 0b87a783 lw               x15, 184(x15)       x15=3fc90fdb x15:1c000000  PA:1c0000b8
14848888ns          247374 1c0084fe a0f517d3 flt.s            x15, f10, f15       x15=00000001 f10:3ee21f1c f15:3fc90fdb
14848908ns          247375 1c008502 02079563 bne              x15, x0, 42         x15:00000001
14848968ns          247378 1c00852c 10a57553 fmul.s           f10, f10, f10       f10=xxxxxxxx f10:3ee21f1c f10:3ee21f1c
14849027ns          247381 1c008530 1c0007b7 lui              x15, 0x1c000000     x15=1c000000
14849067ns          247383 1c008534 1c000737 lui              x14, 0x1c000000     x14=1c000000
14849087ns          247384 1c008538 0f472703 lw               x14, 244(x14)       x14=bab59551 x14:1c000000  PA:1c0000f4
14849385ns          247399 1c00853c 0f07a783 lw               x15, 240(x15)       x15=37c23ab1 x15:1c000000  PA:1c0000f0
14849704ns          247415 1c008540 70f577c3 fmadd.s          f15, f10, f15, f14  f15=xxxxxxxx f10:3e47baf1 f15:37c23ab1 f14:bab59551
14849724ns          247416 1c008544 1c000737 lui              x14, 0x1c000000     x14=1c000000
14849743ns          247417 1c008548 0f872703 lw               x14, 248(x14)       x14=3d2aa76f x14:1c000000  PA:1c0000f8
14850062ns          247433 1c00854c 70f577c3 fmadd.s          f15, f10, f15, f14  f15=xxxxxxxx f10:3e47baf1 f15:bab4fdc8 f14:3d2aa76f
14850082ns          247434 1c008550 1c000737 lui              x14, 0x1c000000     x14=1c000000
14850101ns          247435 1c008554 0fc72703 lw               x14, 252(x14)       x14=beffffe0 x14:1c000000  PA:1c0000fc
14850420ns          247451 1c008558 70f577c3 fmadd.s          f15, f10, f15, f14  f15=xxxxxxxx f10:3e47baf1 f15:3d298d04 f14:beffffe0
14850440ns          247452 1c00855c 1c000737 lui              x14, 0x1c000000     x14=1c000000
14850460ns          247453 1c008560 12472703 lw               x14, 292(x14)       x14=3f7fffff x14:1c000000  PA:1c000124
14850778ns          247469 1c008564 70f57543 fmadd.s          f10, f10, f15, f14  f10=xxxxxxxx f10:3e47baf1 f15:befbdd9d f14:3f7fffff
14850798ns          247470 1c008568 00008067 jalr             x0, x1, 0            x1:1c0081aa
14850837ns          247472 1c0081aa 0204a683 lw               x13, 32(x9)         x13=41043832  x9:1c010618  PA:1c010638
14851136ns          247487 1c0081ac 0244a703 lw               x14, 36(x9)         x14=3ffffff5  x9:1c010618  PA:1c01063c
14851434ns          247502 1c0081ae 0a04a783 lw               x15, 160(x9)        x15=411f1a97  x9:1c010618  PA:1c0106b8
14851733ns          247517 1c0081b2 02d12423 sw               x13, 40(x2)         x13:41043832  x2:10001d48  PA:10001d70
14851752ns          247518 1c0081b4 02e12623 sw               x14, 44(x2)         x14:3ffffff5  x2:10001d48  PA:10001d74
14851772ns          247519 1c0081b6 ffcaa683 lw               x13, -4(x21)        x13=3f0f3371 x21:1c010850  PA:1c01084c
14852071ns          247534 1c0081ba 00caa703 lw               x14, 12(x21)        x14=3dc06165 x21:1c010850  PA:1c01085c
14852369ns          247549 1c0081be 02f12823 sw               x15, 48(x2)         x15:411f1a97  x2:10001d48  PA:10001d78
14852389ns          247550 1c0081c0 01caa783 lw               x15, 28(x21)        x15=3f52d5a4 x21:1c010850  PA:1c01086c
14852687ns          247565 1c0081c4 10dd76d3 fmul.s           f13, f26, f13       f13=xxxxxxxx f26:3f800000 f13:3f0f3371
14852707ns          247566 1c0081c8 10ed7753 fmul.s           f14, f26, f14       f14=xxxxxxxx f26:3f800000 f14:3dc06165
14852727ns          247567 1c0081cc 10fd77d3 fmul.s           f15, f26, f15       f15=xxxxxxxx f26:3f800000 f15:3f52d5a4
14852747ns          247568 1c0081d0 0044ae83 lw               x29, 4(x9)          x29=406465ee  x9:1c010618  PA:1c01061c
14853045ns          247583 1c0081d4 0084ae03 lw               x28, 8(x9)          x28=4024b589  x9:1c010618  PA:1c010620
14853344ns          247598 1c0081d8 00c4a303 lw               x6, 12(x9)           x6=40e203c2  x9:1c010618  PA:1c010624
14853642ns          247613 1c0081dc 0104a883 lw               x17, 16(x9)         x17=40f502ad  x9:1c010618  PA:1c010628
14853940ns          247628 1c0081e0 0144a803 lw               x16, 20(x9)         x16=40be8b54  x9:1c010618  PA:1c01062c
14854239ns          247643 1c0081e4 0184a583 lw               x11, 24(x9)         x11=40913ad0  x9:1c010618  PA:1c010630
14854537ns          247658 1c0081e6 01c4a603 lw               x12, 28(x9)         x12=411b3c18  x9:1c010618  PA:1c010634
14854855ns          247674 1c0081e8 0004af03 lw               x30, 0(x9)          x30=40a9245e  x9:1c010618  PA:1c010618
14855154ns          247689 1c0081ec 0b84a383 lw               x7, 184(x9)          x7=40c0a796  x9:1c010618  PA:1c0106d0
14855452ns          247704 1c0081f0 0bc4a283 lw               x5, 188(x9)          x5=4083f14a  x9:1c010618  PA:1c0106d4
14855750ns          247719 1c0081f4 0c04af83 lw               x31, 192(x9)        x31=40d92754  x9:1c010618  PA:1c0106d8
14856049ns          247734 1c0081f8 01e12423 sw               x30, 8(x2)          x30:40a9245e  x2:10001d48  PA:10001d50
14856069ns          247735 1c0081fa 01d12623 sw               x29, 12(x2)         x29:406465ee  x2:10001d48  PA:10001d54
14856089ns          247736 1c0081fc 0c44af03 lw               x30, 196(x9)        x30=40600ec8  x9:1c010618  PA:1c0106dc
14856387ns          247751 1c008200 01c12823 sw               x28, 16(x2)         x28:4024b589  x2:10001d48  PA:10001d58
14856407ns          247752 1c008202 00612a23 sw               x6, 20(x2)           x6:40e203c2  x2:10001d48  PA:10001d5c
14856427ns          247753 1c008204 01112c23 sw               x17, 24(x2)         x17:40f502ad  x2:10001d48  PA:10001d60
14856447ns          247754 1c008206 01012e23 sw               x16, 28(x2)         x16:40be8b54  x2:10001d48  PA:10001d64
14856467ns          247755 1c008208 02b12023 sw               x11, 32(x2)         x11:40913ad0  x2:10001d48  PA:10001d68
14856486ns          247756 1c00820a 10f57853 fmul.s           f16, f10, f15       f16=xxxxxxxx f10:3f676fd9 f15:3f52d5a4
14856506ns          247757 1c00820e 10e575d3 fmul.s           f11, f10, f14       f11=xxxxxxxx f10:3f676fd9 f14:3dc06165
14856526ns          247758 1c008212 02c12223 sw               x12, 36(x2)         x12:411b3c18  x2:10001d48  PA:10001d6c
14856546ns          247759 1c008214 0b04ac83 lw               x25, 176(x9)        x25=404bafa0  x9:1c010618  PA:1c0106c8
14856844ns          247774 1c008218 10d57653 fmul.s           f12, f10, f13       f12=xxxxxxxx f10:3f676fd9 f13:3f0f3371
14856864ns          247775 1c00821c 0b44ac03 lw               x24, 180(x9)        x24=3f62d6b5  x9:1c010618  PA:1c0106cc
14857163ns          247790 1c008220 1644ad03 lw               x26, 356(x9)        x26=3faea930  x9:1c010618  PA:1c01077c
14857501ns          247807 1c008224 1404a503 lw               x10, 320(x9)        x10=40ea493c  x9:1c010618  PA:1c010758
14857799ns          247822 1c008228 0a44ad83 lw               x27, 164(x9)        x27=40cd2bed  x9:1c010618  PA:1c0106bc
14858098ns          247837 1c00822c 04a12c23 sw               x10, 88(x2)         x10:40ea493c  x2:10001d48  PA:10001da0
14858117ns          247838 1c00822e 03b12a23 sw               x27, 52(x2)         x27:40cd2bed  x2:10001d48  PA:10001d7c
14858137ns          247839 1c008230 0a84ad83 lw               x27, 168(x9)        x27=40fb5cdd  x9:1c010618  PA:1c0106c0
14858436ns          247854 1c008234 1444a503 lw               x10, 324(x9)        x10=40ff9407  x9:1c010618  PA:1c01075c
14858734ns          247869 1c008238 03b12c23 sw               x27, 56(x2)         x27:40fb5cdd  x2:10001d48  PA:10001d80
14858754ns          247870 1c00823a 0ac4ad83 lw               x27, 172(x9)        x27=3eb42eed  x9:1c010618  PA:1c0106c4
14859052ns          247885 1c00823e 04a12e23 sw               x10, 92(x2)         x10:40ff9407  x2:10001d48  PA:10001da4
14859072ns          247886 1c008240 03b12e23 sw               x27, 60(x2)         x27:3eb42eed  x2:10001d48  PA:10001d84
14859092ns          247887 1c008242 1484ad83 lw               x27, 328(x9)        x27=4102acf9  x9:1c010618  PA:1c010760
14859390ns          247902 1c008246 14c4a503 lw               x10, 332(x9)        x10=40cf0a81  x9:1c010618  PA:1c010764
14859689ns          247917 1c00824a 07b12023 sw               x27, 96(x2)         x27:4102acf9  x2:10001d48  PA:10001da8
14859709ns          247918 1c00824c 1504ad83 lw               x27, 336(x9)        x27=3f83e436  x9:1c010618  PA:1c010768
14860007ns          247933 1c008250 088bf8d3 fsub.s           f17, f23, f8        f17=xxxxxxxx f23:3f800000  f8:bedad791
14860027ns          247934 1c008254 10e6fed3 fmul.s           f29, f13, f14       f29=xxxxxxxx f13:3f0f3371 f14:3dc06165
14860047ns          247935 1c008258 10f6fe53 fmul.s           f28, f13, f15       f28=xxxxxxxx f13:3f0f3371 f15:3f52d5a4
14860067ns          247936 1c00825c 10f77353 fmul.s           f6, f14, f15         f6=xxxxxxxx f14:3dc06165 f15:3f52d5a4
14860087ns          247937 1c008260 06a12223 sw               x10, 100(x2)        x10:40cf0a81  x2:10001d48  PA:10001dac
14860107ns          247938 1c008262 07b12423 sw               x27, 104(x2)        x27:3f83e436  x2:10001d48  PA:10001db0
14860126ns          247939 1c008264 1544a503 lw               x10, 340(x9)        x10=40a86465  x9:1c010618  PA:1c01076c
14860425ns          247954 1c008268 1584ad83 lw               x27, 344(x9)        x27=40318852  x9:1c010618  PA:1c010770
14860723ns          247969 1c00826c 10d6f6d3 fmul.s           f13, f13, f13       f13=xxxxxxxx f13:3f0f3371 f13:3f0f3371
14860743ns          247970 1c008270 10e77753 fmul.s           f14, f14, f14       f14=xxxxxxxx f14:3dc06165 f14:3dc06165
14860763ns          247971 1c008274 10f7f7d3 fmul.s           f15, f15, f15       f15=xxxxxxxx f15:3f52d5a4 f15:3f52d5a4
14860783ns          247972 1c008278 05f12823 sw               x31, 80(x2)         x31:40d92754  x2:10001d48  PA:10001d98
14860803ns          247973 1c00827a 05e12a23 sw               x30, 84(x2)         x30:40600ec8  x2:10001d48  PA:10001d9c
14860823ns          247974 1c00827c 81d8ffc7 fmsub.s          f31, f17, f29, f16  f31=xxxxxxxx f17:3fb6b5e4 f29:3d573a1f f16:3f3e9ae4
14860842ns          247975 1c008280 06a12623 sw               x10, 108(x2)        x10:40a86465  x2:10001d48  PA:10001db4
14860862ns          247976 1c008282 07b12823 sw               x27, 112(x2)        x27:40318852  x2:10001d48  PA:10001db8
14860882ns          247977 1c008284 15c4a503 lw               x10, 348(x9)        x10=40e4af0d  x9:1c010618  PA:1c010774
14861181ns          247992 1c008288 1604ad83 lw               x27, 352(x9)        x27=40123a64  x9:1c010618  PA:1c010778
14861499ns          248008 1c00828c 59c8ff43 fmadd.s          f30, f17, f28, f11  f30=xxxxxxxx f17:3fb6b5e4 f28:3eebdf68 f11:3dadebef
14861519ns          248009 1c008290 81d8f843 fmadd.s          f16, f17, f29, f16  f16=xxxxxxxx f17:3fb6b5e4 f29:3d573a1f f16:3f3e9ae4
14861539ns          248010 1c008294 59c8f5c7 fmsub.s          f11, f17, f28, f11  f11=xxxxxxxx f17:3fb6b5e4 f28:3eebdf68 f11:3dadebef
14861559ns          248011 1c008298 6068fec7 fmsub.s          f29, f17, f6, f12   f29=xxxxxxxx f17:3fb6b5e4  f6:3d9e7071 f12:3f0175fc
14861578ns          248012 1c00829c 6068f643 fmadd.s          f12, f17, f6, f12   f12=xxxxxxxx f17:3fb6b5e4  f6:3d9e7071 f12:3f0175fc
14861598ns          248013 1c0082a0 04712423 sw               x7, 72(x2)           x7:40c0a796  x2:10001d48  PA:10001d90
14861618ns          248014 1c0082a2 04512623 sw               x5, 76(x2)           x5:4083f14a  x2:10001d48  PA:10001d94
14861638ns          248015 1c0082a4 4116f6c3 fmadd.s          f13, f13, f17, f8   f13=xxxxxxxx f13:3ea03505 f17:3fb6b5e4  f8:bedad791
14861658ns          248016 1c0082a8 40e8f743 fmadd.s          f14, f17, f14, f8   f14=xxxxxxxx f17:3fb6b5e4 f14:3c10923d  f8:bedad791
14861678ns          248017 1c0082ac 40f8f7c3 fmadd.s          f15, f17, f15, f8   f15=xxxxxxxx f17:3fb6b5e4 f15:3f2da333  f8:bedad791
14861698ns          248018 1c0082b0 05912023 sw               x25, 64(x2)         x25:404bafa0  x2:10001d48  PA:10001d88
14861718ns          248019 1c0082b2 05812223 sw               x24, 68(x2)         x24:3f62d6b5  x2:10001d48  PA:10001d8c
14861738ns          248020 1c0082b4 06a12a23 sw               x10, 116(x2)        x10:40e4af0d  x2:10001d48  PA:10001dbc
14861757ns          248021 1c0082b6 07b12c23 sw               x27, 120(x2)        x27:40123a64  x2:10001d48  PA:10001dc0
14861777ns          248022 1c0082b8 07a12e23 sw               x26, 124(x2)        x26:3faea930  x2:10001d48  PA:10001dc4
14861797ns          248023 1c0082ba 00810393 addi             x7, x2, 8            x7=10001d50  x2:10001d48
14861817ns          248024 1c0082be 016002b3 add              x5, x0, x22          x5=10001e80 x22:10001e80
14861837ns          248025 1c0082c0 00af50fb lp.setupi        0x1, 0xa, 0x1e     
14861857ns          248026 1c0082c4 0043a50b p.lw             x10, 4(x7!)         x10=40a9245e  x7=10001d54  x7:10001d50  PA:10001d50
14861897ns          248028 1c0082c8 90a6f343 fmadd.s          f6, f13, f10, f18    f6=xxxxxxxx f13:3c9d77a7 f10:40a9245e f18:00000000
14861917ns          248029 1c0082cc 0243ae03 lw               x28, 36(x7)         x28=411f1a97  x7:10001d54  PA:10001d78
14861936ns          248030 1c0082d0 90aff8c3 fmadd.s          f17, f31, f10, f18  f17=xxxxxxxx f31:bf2b675c f10:40a9245e f18:00000000
14861956ns          248031 1c0082d4 90af7c43 fmadd.s          f24, f30, f10, f18  f24=xxxxxxxx f30:3f3e15e9 f10:40a9245e f18:00000000
14861976ns          248032 1c0082d8 31c87343 fmadd.s          f6, f16, f28, f6     f6=xxxxxxxx f16:3f51ce6c f28:411f1a97  f6:3dd014b8
14861996ns          248033 1c0082dc 04c3a503 lw               x10, 76(x7)         x10=40ea493c  x7:10001d54  PA:10001da0
14862016ns          248034 1c0082e0 89c778c3 fmadd.s          f17, f14, f28, f17  f17=xxxxxxxx f14:bed464a6 f28:411f1a97 f17:c0627f2a
14862036ns          248035 1c0082e4 c1cefe43 fmadd.s          f28, f29, f28, f24  f28=xxxxxxxx f29:beca61b7 f28:411f1a97 f24:407b2eef
14862056ns          248036 1c0082e8 30a5f343 fmadd.s          f6, f11, f10, f6     f6=xxxxxxxx f11:3f129aed f10:40ea493c  f6:41040529
14862076ns          248037 1c0082ec 88a678c3 fmadd.s          f17, f12, f10, f17  f17=xxxxxxxx f12:3f1dbb1d f10:40ea493c f17:c0f54028
14862135ns          248040 1c0082f0 e0a7f543 fmadd.s          f10, f15, f10, f28  f10=xxxxxxxx f15:3f0a6f02 f10:40ea493c f28:bbc0f9d5
14862175ns          248042 1c0082f4 0062a22b p.sw             x6, 4(x5!)           x5=10001e84  x6:41471af0  x5:10001e80  PA:10001e80
14862195ns          248043 1c0082f8 0912ae23 sw               x17, 156(x5)        x17:c049cc00  x5:10001e84  PA:10001f20
14862215ns          248044 1c0082fc 12a2ae23 sw               x10, 316(x5)        x10:407d01a7  x5:10001e84  PA:10001fc0
14862235ns          248045 1c0082c4 0043a50b p.lw             x10, 4(x7!)         x10=406465ee  x7=10001d58  x7:10001d54  PA:10001d54
14862275ns          248047 1c0082c8 90a6f343 fmadd.s          f6, f13, f10, f18    f6=xxxxxxxx f13:3c9d77a7 f10:406465ee f18:00000000
14862295ns          248048 1c0082cc 0243ae03 lw               x28, 36(x7)         x28=40cd2bed  x7:10001d58  PA:10001d7c
14862314ns          248049 1c0082d0 90aff8c3 fmadd.s          f17, f31, f10, f18  f17=xxxxxxxx f31:bf2b675c f10:406465ee f18:00000000
14862334ns          248050 1c0082d4 90af7c43 fmadd.s          f24, f30, f10, f18  f24=xxxxxxxx f30:3f3e15e9 f10:406465ee f18:00000000
14862354ns          248051 1c0082d8 31c87343 fmadd.s          f6, f16, f28, f6     f6=xxxxxxxx f16:3f51ce6c f28:40cd2bed  f6:3d8c7d43
14862374ns          248052 1c0082dc 04c3a503 lw               x10, 76(x7)         x10=40ff9407  x7:10001d58  PA:10001da4
14862394ns          248053 1c0082e0 89c778c3 fmadd.s          f17, f14, f28, f17  f17=xxxxxxxx f14:bed464a6 f28:40cd2bed f17:c018ec4d
14862414ns          248054 1c0082e4 c1cefe43 fmadd.s          f28, f29, f28, f24  f28=xxxxxxxx f29:beca61b7 f28:40cd2bed f24:40299733
14862434ns          248055 1c0082e8 30a5f343 fmadd.s          f6, f11, f10, f6     f6=xxxxxxxx f11:3f129aed f10:40ff9407  f6:40aa5841
14862454ns          248056 1c0082ec 88a678c3 fmadd.s          f17, f12, f10, f17  f17=xxxxxxxx f12:3f1dbb1d f10:40ff9407 f17:c0a192ac
14862474ns          248057 1c0082f0 e0a7f543 fmadd.s          f10, f15, f10, f28  f10=xxxxxxxx f15:3f0a6f02 f10:40ff9407 f28:3dec8736
14862493ns          248058 1c0082f4 0062a22b p.sw             x6, 4(x5!)           x5=10001e88  x6:411e5aac  x5:10001e84  PA:10001e84
14862513ns          248059 1c0082f8 0912ae23 sw               x17, 156(x5)        x17:be0342b4  x5:10001e88  PA:10001f24
14862533ns          248060 1c0082fc 12a2ae23 sw               x10, 316(x5)        x10:408de6bc  x5:10001e88  PA:10001fc4
14862553ns          248061 1c0082c4 0043a50b p.lw             x10, 4(x7!)         x10=4024b589  x7=10001d5c  x7:10001d58  PA:10001d58
14862593ns          248063 1c0082c8 90a6f343 fmadd.s          f6, f13, f10, f18    f6=xxxxxxxx f13:3c9d77a7 f10:4024b589 f18:00000000
14862613ns          248064 1c0082cc 0243ae03 lw               x28, 36(x7)         x28=40fb5cdd  x7:10001d5c  PA:10001d80
14862633ns          248065 1c0082d0 90aff8c3 fmadd.s          f17, f31, f10, f18  f17=xxxxxxxx f31:bf2b675c f10:4024b589 f18:00000000
14862653ns          248066 1c0082d4 90af7c43 fmadd.s          f24, f30, f10, f18  f24=xxxxxxxx f30:3f3e15e9 f10:4024b589 f18:00000000
14862672ns          248067 1c0082d8 31c87343 fmadd.s          f6, f16, f28, f6     f6=xxxxxxxx f16:3f51ce6c f28:40fb5cdd  f6:3d4aa0a2
14862692ns          248068 1c0082dc 04c3a503 lw               x10, 76(x7)         x10=4102acf9  x7:10001d5c  PA:10001da8
14862712ns          248069 1c0082e0 89c778c3 fmadd.s          f17, f14, f28, f17  f17=xxxxxxxx f14:bed464a6 f28:40fb5cdd f17:bfdc8f85
14862732ns          248070 1c0082e4 c1cefe43 fmadd.s          f28, f29, f28, f24  f28=xxxxxxxx f29:beca61b7 f28:40fb5cdd f24:3ff499a9
14862752ns          248071 1c0082e8 30a5f343 fmadd.s          f6, f11, f10, f6     f6=xxxxxxxx f11:3f129aed f10:4102acf9  f6:40cf96c0
14862772ns          248072 1c0082ec 88a678c3 fmadd.s          f17, f12, f10, f17  f17=xxxxxxxx f12:3f1dbb1d f10:4102acf9 f17:c09f69be
14862792ns          248073 1c0082f0 e0a7f543 fmadd.s          f10, f15, f10, f28  f10=xxxxxxxx f15:3f0a6f02 f10:4102acf9 f28:bf98d4c8
14862812ns          248074 1c0082f4 0062a22b p.sw             x6, 4(x5!)           x5=10001e8c  x6:4132a11b  x5:10001e88  PA:10001e88
14862832ns          248075 1c0082f8 0912ae23 sw               x17, 156(x5)        x17:3d4eb8dc  x5:10001e8c  PA:10001f28
14862851ns          248076 1c0082fc 12a2ae23 sw               x10, 316(x5)        x10:404e3d3d  x5:10001e8c  PA:10001fc8
14862871ns          248077 1c0082c4 0043a50b p.lw             x10, 4(x7!)         x10=40e203c2  x7=10001d60  x7:10001d5c  PA:10001d5c
14862911ns          248079 1c0082c8 90a6f343 fmadd.s          f6, f13, f10, f18    f6=xxxxxxxx f13:3c9d77a7 f10:40e203c2 f18:00000000
14862931ns          248080 1c0082cc 0243ae03 lw               x28, 36(x7)         x28=3eb42eed  x7:10001d60  PA:10001d84
14862951ns          248081 1c0082d0 90aff8c3 fmadd.s          f17, f31, f10, f18  f17=xxxxxxxx f31:bf2b675c f10:40e203c2 f18:00000000
14862971ns          248082 1c0082d4 90af7c43 fmadd.s          f24, f30, f10, f18  f24=xxxxxxxx f30:3f3e15e9 f10:40e203c2 f18:00000000
14862991ns          248083 1c0082d8 31c87343 fmadd.s          f6, f16, f28, f6     f6=xxxxxxxx f16:3f51ce6c f28:3eb42eed  f6:3e0b05f1
14863011ns          248084 1c0082dc 04c3a503 lw               x10, 76(x7)         x10=40cf0a81  x7:10001d60  PA:10001dac
14863030ns          248085 1c0082e0 89c778c3 fmadd.s          f17, f14, f28, f17  f17=xxxxxxxx f14:bed464a6 f28:3eb42eed f17:c09753c3
14863050ns          248086 1c0082e4 c1cefe43 fmadd.s          f28, f29, f28, f24  f28=xxxxxxxx f29:beca61b7 f28:3eb42eed f24:40a7d222
14863070ns          248087 1c0082e8 30a5f343 fmadd.s          f6, f11, f10, f6     f6=xxxxxxxx f11:3f129aed f10:40cf0a81  f6:3ed92e92
14863090ns          248088 1c0082ec 88a678c3 fmadd.s          f17, f12, f10, f17  f17=xxxxxxxx f12:3f1dbb1d f10:40cf0a81 f17:c09bffb1
14863110ns          248089 1c0082f0 e0a7f543 fmadd.s          f10, f15, f10, f28  f10=xxxxxxxx f15:3f0a6f02 f10:40cf0a81 f28:40a35e94
14863130ns          248090 1c0082f4 0062a22b p.sw             x6, 4(x5!)           x5=10001e90  x6:40842433  x5:10001e8c  PA:10001e8c
14863150ns          248091 1c0082f8 0912ae23 sw               x17, 156(x5)        x17:bf63775e  x5:10001e90  PA:10001f2c
14863170ns          248092 1c0082fc 12a2ae23 sw               x10, 316(x5)        x10:4109aa02  x5:10001e90  PA:10001fcc
14863190ns          248093 1c0082c4 0043a50b p.lw             x10, 4(x7!)         x10=40f502ad  x7=10001d64  x7:10001d60  PA:10001d60
14863229ns          248095 1c0082c8 90a6f343 fmadd.s          f6, f13, f10, f18    f6=xxxxxxxx f13:3c9d77a7 f10:40f502ad f18:00000000
14863249ns          248096 1c0082cc 0243ae03 lw               x28, 36(x7)         x28=404bafa0  x7:10001d64  PA:10001d88
14863269ns          248097 1c0082d0 90aff8c3 fmadd.s          f17, f31, f10, f18  f17=xxxxxxxx f31:bf2b675c f10:40f502ad f18:00000000
14863289ns          248098 1c0082d4 90af7c43 fmadd.s          f24, f30, f10, f18  f24=xxxxxxxx f30:3f3e15e9 f10:40f502ad f18:00000000
14863309ns          248099 1c0082d8 31c87343 fmadd.s          f6, f16, f28, f6     f6=xxxxxxxx f16:3f51ce6c f28:404bafa0  f6:3e16b528
14863329ns          248100 1c0082dc 04c3a503 lw               x10, 76(x7)         x10=3f83e436  x7:10001d64  PA:10001db0
14863349ns          248101 1c0082e0 89c778c3 fmadd.s          f17, f14, f28, f17  f17=xxxxxxxx f14:bed464a6 f28:404bafa0 f17:c0a40bb6
14863369ns          248102 1c0082e4 c1cefe43 fmadd.s          f28, f29, f28, f24  f28=xxxxxxxx f29:beca61b7 f28:404bafa0 f24:40b5ecf5
14863389ns          248103 1c0082e8 30a5f343 fmadd.s          f6, f11, f10, f6     f6=xxxxxxxx f11:3f129aed f10:3f83e436  f6:403059f1
14863408ns          248104 1c0082ec 88a678c3 fmadd.s          f17, f12, f10, f17  f17=xxxxxxxx f12:3f1dbb1d f10:3f83e436 f17:c0ce4b17
14863428ns          248105 1c0082f0 e0a7f543 fmadd.s          f10, f15, f10, f28  f10=xxxxxxxx f15:3f0a6f02 f10:3f83e436 f28:408dab60
14863448ns          248106 1c0082f4 0062a22b p.sw             x6, 4(x5!)           x5=10001e94  x6:40561ded  x5:10001e90  PA:10001e90
14863468ns          248107 1c0082f8 0912ae23 sw               x17, 156(x5)        x17:c0b9fa40  x5:10001e94  PA:10001f30
14863488ns          248108 1c0082fc 12a2ae23 sw               x10, 316(x5)        x10:409f7fee  x5:10001e94  PA:10001fd0
14863508ns          248109 1c0082c4 0043a50b p.lw             x10, 4(x7!)         x10=40be8b54  x7=10001d68  x7:10001d64  PA:10001d64
14863548ns          248111 1c0082c8 90a6f343 fmadd.s          f6, f13, f10, f18    f6=xxxxxxxx f13:3c9d77a7 f10:40be8b54 f18:00000000
14863568ns          248112 1c0082cc 0243ae03 lw               x28, 36(x7)         x28=3f62d6b5  x7:10001d68  PA:10001d8c
14863587ns          248113 1c0082d0 90aff8c3 fmadd.s          f17, f31, f10, f18  f17=xxxxxxxx f31:bf2b675c f10:40be8b54 f18:00000000
14863607ns          248114 1c0082d4 90af7c43 fmadd.s          f24, f30, f10, f18  f24=xxxxxxxx f30:3f3e15e9 f10:40be8b54 f18:00000000
14863627ns          248115 1c0082d8 31c87343 fmadd.s          f6, f16, f28, f6     f6=xxxxxxxx f16:3f51ce6c f28:3f62d6b5  f6:3dea6903
14863647ns          248116 1c0082dc 04c3a503 lw               x10, 76(x7)         x10=40a86465  x7:10001d68  PA:10001db4
14863667ns          248117 1c0082e0 89c778c3 fmadd.s          f17, f14, f28, f17  f17=xxxxxxxx f14:bed464a6 f28:3f62d6b5 f17:c07f27ff
14863687ns          248118 1c0082e4 c1cefe43 fmadd.s          f28, f29, f28, f24  f28=xxxxxxxx f29:beca61b7 f28:3f62d6b5 f24:408d7bb7
14863707ns          248119 1c0082e8 30a5f343 fmadd.s          f6, f11, f10, f6     f6=xxxxxxxx f11:3f129aed f10:40a86465  f6:3f573553
14863727ns          248120 1c0082ec 88a678c3 fmadd.s          f17, f12, f10, f17  f17=xxxxxxxx f12:3f1dbb1d f10:40a86465 f17:c08b572f
14863747ns          248121 1c0082f0 e0a7f543 fmadd.s          f10, f15, f10, f28  f10=xxxxxxxx f15:3f0a6f02 f10:40a86465 f28:40824677
14863766ns          248122 1c0082f4 0062a22b p.sw             x6, 4(x5!)           x5=10001e98  x6:4076aba9  x5:10001e94  PA:10001e94
14863786ns          248123 1c0082f8 0912ae23 sw               x17, 156(x5)        x17:bf8e5a23  x5:10001e98  PA:10001f34
14863806ns          248124 1c0082fc 12a2ae23 sw               x10, 316(x5)        x10:40dd559a  x5:10001e98  PA:10001fd4
14863826ns          248125 1c0082c4 0043a50b p.lw             x10, 4(x7!)         x10=40913ad0  x7=10001d6c  x7:10001d68  PA:10001d68
14863866ns          248127 1c0082c8 90a6f343 fmadd.s          f6, f13, f10, f18    f6=xxxxxxxx f13:3c9d77a7 f10:40913ad0 f18:00000000
14863886ns          248128 1c0082cc 0243ae03 lw               x28, 36(x7)         x28=40c0a796  x7:10001d6c  PA:10001d90
14863906ns          248129 1c0082d0 90aff8c3 fmadd.s          f17, f31, f10, f18  f17=xxxxxxxx f31:bf2b675c f10:40913ad0 f18:00000000
14863926ns          248130 1c0082d4 90af7c43 fmadd.s          f24, f30, f10, f18  f24=xxxxxxxx f30:3f3e15e9 f10:40913ad0 f18:00000000
14863945ns          248131 1c0082d8 31c87343 fmadd.s          f6, f16, f28, f6     f6=xxxxxxxx f16:3f51ce6c f28:40c0a796  f6:3db2a9e5
14863965ns          248132 1c0082dc 04c3a503 lw               x10, 76(x7)         x10=40318852  x7:10001d6c  PA:10001db8
14863985ns          248133 1c0082e0 89c778c3 fmadd.s          f17, f14, f28, f17  f17=xxxxxxxx f14:bed464a6 f28:40c0a796 f17:c04279d8
14864005ns          248134 1c0082e4 c1cefe43 fmadd.s          f28, f29, f28, f24  f28=xxxxxxxx f29:beca61b7 f28:40c0a796 f24:4057ac29
14864025ns          248135 1c0082e8 30a5f343 fmadd.s          f6, f11, f10, f6     f6=xxxxxxxx f11:3f129aed f10:40318852  f6:40a0aed1
14864045ns          248136 1c0082ec 88a678c3 fmadd.s          f17, f12, f10, f17  f17=xxxxxxxx f12:3f1dbb1d f10:40318852 f17:c0b1282f
14864065ns          248137 1c0082f0 e0a7f543 fmadd.s          f10, f15, f10, f28  f10=xxxxxxxx f15:3f0a6f02 f10:40318852 f28:3f7d798e
14864085ns          248138 1c0082f4 0062a22b p.sw             x6, 4(x5!)           x5=10001e9c  x6:40d38469  x5:10001e98  PA:10001e98
14864105ns          248139 1c0082f8 0912ae23 sw               x17, 156(x5)        x17:c074ee01  x5:10001e9c  PA:10001f38
14864124ns          248140 1c0082fc 12a2ae23 sw               x10, 316(x5)        x10:401f5edb  x5:10001e9c  PA:10001fd8
14864144ns          248141 1c0082c4 0043a50b p.lw             x10, 4(x7!)         x10=411b3c18  x7=10001d70  x7:10001d6c  PA:10001d6c
14864184ns          248143 1c0082c8 90a6f343 fmadd.s          f6, f13, f10, f18    f6=xxxxxxxx f13:3c9d77a7 f10:411b3c18 f18:00000000
14864204ns          248144 1c0082cc 0243ae03 lw               x28, 36(x7)         x28=4083f14a  x7:10001d70  PA:10001d94
14864224ns          248145 1c0082d0 90aff8c3 fmadd.s          f17, f31, f10, f18  f17=xxxxxxxx f31:bf2b675c f10:411b3c18 f18:00000000
14864244ns          248146 1c0082d4 90af7c43 fmadd.s          f24, f30, f10, f18  f24=xxxxxxxx f30:3f3e15e9 f10:411b3c18 f18:00000000
14864264ns          248147 1c0082d8 31c87343 fmadd.s          f6, f16, f28, f6     f6=xxxxxxxx f16:3f51ce6c f28:4083f14a  f6:3e3ef8d2
14864284ns          248148 1c0082dc 04c3a503 lw               x10, 76(x7)         x10=40e4af0d  x7:10001d70  PA:10001dbc
14864303ns          248149 1c0082e0 89c778c3 fmadd.s          f17, f14, f28, f17  f17=xxxxxxxx f14:bed464a6 f28:4083f14a f17:c0cfdfa2
14864323ns          248150 1c0082e4 c1cefe43 fmadd.s          f28, f29, f28, f24  f28=xxxxxxxx f29:beca61b7 f28:4083f14a f24:40e687c6
14864343ns          248151 1c0082e8 30a5f343 fmadd.s          f6, f11, f10, f6     f6=xxxxxxxx f11:3f129aed f10:40e4af0d  f6:40643450
14864363ns          248152 1c0082ec 88a678c3 fmadd.s          f17, f12, f10, f17  f17=xxxxxxxx f12:3f1dbb1d f10:40e4af0d f17:c1034dbd
14864383ns          248153 1c0082f0 e0a7f543 fmadd.s          f10, f15, f10, f28  f10=xxxxxxxx f15:3f0a6f02 f10:40e4af0d f28:40b26065
14864403ns          248154 1c0082f4 0062a22b p.sw             x6, 4(x5!)           x5=10001ea0  x6:40f51062  x5:10001e9c  PA:10001e9c
14864423ns          248155 1c0082f8 0912ae23 sw               x17, 156(x5)        x17:c07369f3  x5:10001ea0  PA:10001f3c
14864443ns          248156 1c0082fc 12a2ae23 sw               x10, 316(x5)        x10:411704f6  x5:10001ea0  PA:10001fdc
14864463ns          248157 1c0082c4 0043a50b p.lw             x10, 4(x7!)         x10=41043832  x7=10001d74  x7:10001d70  PA:10001d70
14864502ns          248159 1c0082c8 90a6f343 fmadd.s          f6, f13, f10, f18    f6=xxxxxxxx f13:3c9d77a7 f10:41043832 f18:00000000
14864522ns          248160 1c0082cc 0243ae03 lw               x28, 36(x7)         x28=40d92754  x7:10001d74  PA:10001d98
14864542ns          248161 1c0082d0 90aff8c3 fmadd.s          f17, f31, f10, f18  f17=xxxxxxxx f31:bf2b675c f10:41043832 f18:00000000
14864562ns          248162 1c0082d4 90af7c43 fmadd.s          f24, f30, f10, f18  f24=xxxxxxxx f30:3f3e15e9 f10:41043832 f18:00000000
14864582ns          248163 1c0082d8 31c87343 fmadd.s          f6, f16, f28, f6     f6=xxxxxxxx f16:3f51ce6c f28:40d92754  f6:3e22a886
14864602ns          248164 1c0082dc 04c3a503 lw               x10, 76(x7)         x10=40123a64  x7:10001d74  PA:10001dc0
14864622ns          248165 1c0082e0 89c778c3 fmadd.s          f17, f14, f28, f17  f17=xxxxxxxx f14:bed464a6 f28:40d92754 f17:c0b10dd7
14864642ns          248166 1c0082e4 c1cefe43 fmadd.s          f28, f29, f28, f24  f28=xxxxxxxx f29:beca61b7 f28:40d92754 f24:40c45a0c
14864662ns          248167 1c0082e8 30a5f343 fmadd.s          f6, f11, f10, f6     f6=xxxxxxxx f11:3f129aed f10:40123a64  f6:40b70d79
14864681ns          248168 1c0082ec 88a678c3 fmadd.s          f17, f12, f10, f17  f17=xxxxxxxx f12:3f1dbb1d f10:40123a64 f17:c1059168
14864701ns          248169 1c0082f0 e0a7f543 fmadd.s          f10, f15, f10, f28  f10=xxxxxxxx f15:3f0a6f02 f10:40123a64 f28:405d082d
14864721ns          248170 1c0082f4 0062a22b p.sw             x6, 4(x5!)           x5=10001ea4  x6:40e0ec5f  x5:10001ea0  PA:10001ea0
14864741ns          248171 1c0082f8 0912ae23 sw               x17, 156(x5)        x17:c0de1678  x5:10001ea4  PA:10001f40
14864761ns          248172 1c0082fc 12a2ae23 sw               x10, 316(x5)        x10:40960d88  x5:10001ea4  PA:10001fe0
14864781ns          248173 1c0082c4 0043a50b p.lw             x10, 4(x7!)         x10=3ffffff5  x7=10001d78  x7:10001d74  PA:10001d74
14864821ns          248175 1c0082c8 90a6f343 fmadd.s          f6, f13, f10, f18    f6=xxxxxxxx f13:3c9d77a7 f10:3ffffff5 f18:00000000
14864841ns          248176 1c0082cc 0243ae03 lw               x28, 36(x7)         x28=40600ec8  x7:10001d78  PA:10001d9c
14864860ns          248177 1c0082d0 90aff8c3 fmadd.s          f17, f31, f10, f18  f17=xxxxxxxx f31:bf2b675c f10:3ffffff5 f18:00000000
14864880ns          248178 1c0082d4 90af7c43 fmadd.s          f24, f30, f10, f18  f24=xxxxxxxx f30:3f3e15e9 f10:3ffffff5 f18:00000000
14864900ns          248179 1c0082d8 31c87343 fmadd.s          f6, f16, f28, f6     f6=xxxxxxxx f16:3f51ce6c f28:40600ec8  f6:3d1d77a0
14864920ns          248180 1c0082dc 04c3a503 lw               x10, 76(x7)         x10=3faea930  x7:10001d78  PA:10001dc4
14864940ns          248181 1c0082e0 89c778c3 fmadd.s          f17, f14, f28, f17  f17=xxxxxxxx f14:bed464a6 f28:40600ec8 f17:bfab6755
14864960ns          248182 1c0082e4 c1cefe43 fmadd.s          f28, f29, f28, f24  f28=xxxxxxxx f29:beca61b7 f28:40600ec8 f24:3fbe15e1
14864980ns          248183 1c0082e8 30a5f343 fmadd.s          f6, f11, f10, f6     f6=xxxxxxxx f11:3f129aed f10:3faea930  f6:403a169a
14865000ns          248184 1c0082ec 88a678c3 fmadd.s          f17, f12, f10, f17  f17=xxxxxxxx f12:3f1dbb1d f10:3faea930 f17:c032a5d5
14865020ns          248185 1c0082f0 e0a7f543 fmadd.s          f10, f15, f10, f28  f10=xxxxxxxx f15:3f0a6f02 f10:3faea930 f28:3dcf4b17
14865039ns          248186 1c0082f4 0062a22b p.sw             x6, 4(x5!)           x5=10001ea8  x6:406c19b2  x5:10001ea4  PA:10001ea4
14865059ns          248187 1c0082f8 0912ae23 sw               x17, 156(x5)        x17:bff9ae3e  x5:10001ea8  PA:10001f44
14865079ns          248188 1c0082fc 12a2ae23 sw               x10, 316(x5)        x10:3f56cf44  x5:10001ea8  PA:10001fe4
14865099ns          248189 1c008300 02848493 addi             x9, x9, 40           x9=1c010640  x9:1c010618
14865119ns          248190 1c008304 028b0b13 addi             x22, x22, 40        x22=10001ea8 x22:10001e80
14865139ns          248191 1c008308 e75a18e3 bne              x20, x21, -400      x20:1c010850 x21:1c010850
14865159ns          248192 1c00830c 0bc12083 lw               x1, 188(x2)          x1=1c0083a8  x2:10001d48  PA:10001e04
14865179ns          248193 1c00830e 0b812403 lw               x8, 184(x2)          x8=00000003  x2:10001d48  PA:10001e00
14865199ns          248194 1c008310 0b412483 lw               x9, 180(x2)          x9=xxxxxxxx  x2:10001d48  PA:10001dfc
14865218ns          248195 1c008312 0b012903 lw               x18, 176(x2)        x18=xxxxxxxx  x2:10001d48  PA:10001df8
14865238ns          248196 1c008314 0ac12983 lw               x19, 172(x2)        x19=xxxxxxxx  x2:10001d48  PA:10001df4
14865258ns          248197 1c008316 0a812a03 lw               x20, 168(x2)        x20=xxxxxxxx  x2:10001d48  PA:10001df0
14865278ns          248198 1c008318 0a412a83 lw               x21, 164(x2)        x21=xxxxxxxx  x2:10001d48  PA:10001dec
14865298ns          248199 1c00831a 0a012b03 lw               x22, 160(x2)        x22=xxxxxxxx  x2:10001d48  PA:10001de8
14865318ns          248200 1c00831c 09c12b83 lw               x23, 156(x2)        x23=xxxxxxxx  x2:10001d48  PA:10001de4
14865338ns          248201 1c00831e 09812c03 lw               x24, 152(x2)        x24=xxxxxxxx  x2:10001d48  PA:10001de0
14865358ns          248202 1c008320 09412c83 lw               x25, 148(x2)        x25=xxxxxxxx  x2:10001d48  PA:10001ddc
14865378ns          248203 1c008322 09012d03 lw               x26, 144(x2)        x26=xxxxxxxx  x2:10001d48  PA:10001dd8
14865397ns          248204 1c008324 08c12d83 lw               x27, 140(x2)        x27=xxxxxxxx  x2:10001d48  PA:10001dd4
14865417ns          248205 1c008326 0c010113 addi             x2, x2, 192          x2=10001e08  x2:10001d48
14865437ns          248206 1c008328 00008067 jalr             x0, x1, 0            x1:1c0083a8
14865557ns          248212 1c0083a8 f14027f3 csrrs            x15, x0, 0xf14      x15=00000003
14865596ns          248214 1c0083ac f457b7b3 p.bclr           x15, x15, 26, 5     x15=00000003 x15:00000003
14865656ns          248217 1c0083b0 0e078063 beq              x15, x0, 224        x15:00000003
14865696ns          248219 1c0083b2 339010ef jal              x1, 6968             x1=1c0083b6
14865815ns          248225 1c009eea f14027f3 csrrs            x15, x0, 0xf14      x15=00000003
14865835ns          248226 1c009eee 01f00713 addi             x14, x0, 31         x14=0000001f
14865875ns          248228 1c009ef0 ca5797b3 p.extractu       x15, x15, 5, 5      x15=00000000 x15:00000003
14865915ns          248230 1c009ef4 00e78863 beq              x15, x14, 16        x15:00000000 x14:0000001f
14865935ns          248231 1c009ef8 002047b7 lui              x15, 0x204000       x15=00204000
14865954ns          248232 1c009efc 20078793 addi             x15, x15, 512       x15=00204200 x15:00204000
14866014ns          248235 1c009f00 01c7e703 p.elw            x14, 28(x15)        x14=00010000 x15:00204200  PA:0020421c
15489748ns          279593 1c009f04 00008067 jalr             x0, x1, 0            x1:1c0083b6
15489788ns          279595 1c0083b6 00012683 lw               x13, 0(x2)          x13=bf54193a  x2:10001e08  PA:10001e08
15489868ns          279599 1c0083b8 00410593 addi             x11, x2, 4          x11=10001e0c  x2:10001e08
15489888ns          279600 1c0083ba 00b007b3 add              x15, x0, x11        x15=10001e0c x11:10001e0c
15489907ns          279601 1c0083bc 00d00633 add              x12, x0, x13        x12=bf54193a x13:bf54193a
15490305ns          279621 1c0083be 077250fb lp.setupi        0x1, 0x77, 0x4     
15490345ns          279623 1c0083c2 0047a50b p.lw             x10, 4(x15!)        x10=40e4b5ed x15=10001e10 x15:10001e0c  PA:10001e0c
15490385ns          279625 1c0083c6 00a67653 fadd.s           f12, f12, f10       f12=xxxxxxxx f12:bf54193a f10:40e4b5ed
15490405ns          279626 1c0083c2 0047a50b p.lw             x10, 4(x15!)        x10=412e8f1a x15=10001e14 x15:10001e10  PA:10001e10
15490444ns          279628 1c0083c6 00a67653 fadd.s           f12, f12, f10       f12=xxxxxxxx f12:40ca32c6 f10:412e8f1a
15490464ns          279629 1c0083c2 0047a50b p.lw             x10, 4(x15!)        x10=4119e149 x15=10001e18 x15:10001e14  PA:10001e14
15490504ns          279631 1c0083c6 00a67653 fadd.s           f12, f12, f10       f12=xxxxxxxx f12:4189d43e f10:4119e149
15490524ns          279632 1c0083c2 0047a50b p.lw             x10, 4(x15!)        x10=403a31b5 x15=10001e1c x15:10001e18  PA:10001e18
15490564ns          279634 1c0083c6 00a67653 fadd.s           f12, f12, f10       f12=xxxxxxxx f12:41d6c4e2 f10:403a31b5
15490584ns          279635 1c0083c2 0047a50b p.lw             x10, 4(x15!)        x10=40443768 x15=10001e20 x15:10001e1c  PA:10001e1c
15490623ns          279637 1c0083c6 00a67653 fadd.s           f12, f12, f10       f12=xxxxxxxx f12:41ee0b19 f10:40443768
15490643ns          279638 1c0083c2 0047a50b p.lw             x10, 4(x15!)        x10=40ced1b4 x15=10001e24 x15:10001e20  PA:10001e20
15490683ns          279640 1c0083c6 00a67653 fadd.s           f12, f12, f10       f12=xxxxxxxx f12:42034903 f10:40ced1b4
15490703ns          279641 1c0083c2 0047a50b p.lw             x10, 4(x15!)        x10=4119b2dd x15=10001e28 x15:10001e24  PA:10001e24
15490743ns          279643 1c0083c6 00a67653 fadd.s           f12, f12, f10       f12=xxxxxxxx f12:421d233a f10:4119b2dd
15490763ns          279644 1c0083c2 0047a50b p.lw             x10, 4(x15!)        x10=41281cd8 x15=10001e2c x15:10001e28  PA:10001e28
15490802ns          279646 1c0083c6 00a67653 fadd.s           f12, f12, f10       f12=xxxxxxxx f12:42438ff1 f10:41281cd8
15490822ns          279647 1c0083c2 0047a50b p.lw             x10, 4(x15!)        x10=412bf1e6 x15=10001e30 x15:10001e2c  PA:10001e2c
15490862ns          279649 1c0083c6 00a67653 fadd.s           f12, f12, f10       f12=xxxxxxxx f12:426d9727 f10:412bf1e6
15490882ns          279650 1c0083c2 0047a50b p.lw             x10, 4(x15!)        x10=41081889 x15=10001e34 x15:10001e30  PA:10001e30
15490922ns          279652 1c0083c6 00a67653 fadd.s           f12, f12, f10       f12=xxxxxxxx f12:428c49d0 f10:41081889
15490942ns          279653 1c0083c2 0047a50b p.lw             x10, 4(x15!)        x10=40801565 x15=10001e38 x15:10001e34  PA:10001e34
15490982ns          279655 1c0083c6 00a67653 fadd.s           f12, f12, f10       f12=xxxxxxxx f12:429d4ce1 f10:40801565
15491001ns          279656 1c0083c2 0047a50b p.lw             x10, 4(x15!)        x10=40d38d2e x15=10001e3c x15:10001e38  PA:10001e38
15491041ns          279658 1c0083c6 00a67653 fadd.s           f12, f12, f10       f12=xxxxxxxx f12:42a54e37 f10:40d38d2e
15491061ns          279659 1c0083c2 0047a50b p.lw             x10, 4(x15!)        x10=40d2f5fb x15=10001e40 x15:10001e3c  PA:10001e3c
15491101ns          279661 1c0083c6 00a67653 fadd.s           f12, f12, f10       f12=xxxxxxxx f12:42b2870a f10:40d2f5fb
15491121ns          279662 1c0083c2 0047a50b p.lw             x10, 4(x15!)        x10=4102719d x15=10001e44 x15:10001e40  PA:10001e40
15491161ns          279664 1c0083c6 00a67653 fadd.s           f12, f12, f10       f12=xxxxxxxx f12:42bfb66a f10:4102719d
15491180ns          279665 1c0083c2 0047a50b p.lw             x10, 4(x15!)        x10=409c34ef x15=10001e48 x15:10001e44  PA:10001e44
15491220ns          279667 1c0083c6 00a67653 fadd.s           f12, f12, f10       f12=xxxxxxxx f12:42d0049e f10:409c34ef
15491240ns          279668 1c0083c2 0047a50b p.lw             x10, 4(x15!)        x10=40eeb45b x15=10001e4c x15:10001e48  PA:10001e48
15491280ns          279670 1c0083c6 00a67653 fadd.s           f12, f12, f10       f12=xxxxxxxx f12:42d9c7ed f10:40eeb45b
15491300ns          279671 1c0083c2 0047a50b p.lw             x10, 4(x15!)        x10=411f0ea8 x15=10001e50 x15:10001e4c  PA:10001e4c
15491340ns          279673 1c0083c6 00a67653 fadd.s           f12, f12, f10       f12=xxxxxxxx f12:42e8b333 f10:411f0ea8
15491359ns          279674 1c0083c2 0047a50b p.lw             x10, 4(x15!)        x10=40c5644b x15=10001e54 x15:10001e50  PA:10001e50
15491399ns          279676 1c0083c6 00a67653 fadd.s           f12, f12, f10       f12=xxxxxxxx f12:42fc9508 f10:40c5644b
15491419ns          279677 1c0083c2 0047a50b p.lw             x10, 4(x15!)        x10=40a38bd7 x15=10001e58 x15:10001e54  PA:10001e54
15491459ns          279679 1c0083c6 00a67653 fadd.s           f12, f12, f10       f12=xxxxxxxx f12:430475a6 f10:40a38bd7
15491479ns          279680 1c0083c2 0047a50b p.lw             x10, 4(x15!)        x10=401b4f89 x15=10001e5c x15:10001e58  PA:10001e58
15491519ns          279682 1c0083c6 00a67653 fadd.s           f12, f12, f10       f12=xxxxxxxx f12:43099205 f10:401b4f89
15491538ns          279683 1c0083c2 0047a50b p.lw             x10, 4(x15!)        x10=40d3ac08 x15=10001e60 x15:10001e5c  PA:10001e5c
15491578ns          279685 1c0083c6 00a67653 fadd.s           f12, f12, f10       f12=xxxxxxxx f12:430bff43 f10:40d3ac08
15491598ns          279686 1c0083c2 0047a50b p.lw             x10, 4(x15!)        x10=40b7d662 x15=10001e64 x15:10001e60  PA:10001e60
15491638ns          279688 1c0083c6 00a67653 fadd.s           f12, f12, f10       f12=xxxxxxxx f12:43129ca3 f10:40b7d662
15491658ns          279689 1c0083c2 0047a50b p.lw             x10, 4(x15!)        x10=40c1078f x15=10001e68 x15:10001e64  PA:10001e64
15491698ns          279691 1c0083c6 00a67653 fadd.s           f12, f12, f10       f12=xxxxxxxx f12:43185b56 f10:40c1078f
15491717ns          279692 1c0083c2 0047a50b p.lw             x10, 4(x15!)        x10=41259c01 x15=10001e6c x15:10001e68  PA:10001e68
15491757ns          279694 1c0083c6 00a67653 fadd.s           f12, f12, f10       f12=xxxxxxxx f12:431e6392 f10:41259c01
15491777ns          279695 1c0083c2 0047a50b p.lw             x10, 4(x15!)        x10=40b67d21 x15=10001e70 x15:10001e6c  PA:10001e6c
15491817ns          279697 1c0083c6 00a67653 fadd.s           f12, f12, f10       f12=xxxxxxxx f12:4328bd52 f10:40b67d21
15491837ns          279698 1c0083c2 0047a50b p.lw             x10, 4(x15!)        x10=4112e819 x15=10001e74 x15:10001e70  PA:10001e70
15491877ns          279700 1c0083c6 00a67653 fadd.s           f12, f12, f10       f12=xxxxxxxx f12:432e713b f10:4112e819
15491896ns          279701 1c0083c2 0047a50b p.lw             x10, 4(x15!)        x10=408147c4 x15=10001e78 x15:10001e74  PA:10001e74
15491936ns          279703 1c0083c6 00a67653 fadd.s           f12, f12, f10       f12=xxxxxxxx f12:43379fbd f10:408147c4
15491956ns          279704 1c0083c2 0047a50b p.lw             x10, 4(x15!)        x10=413f0acb x15=10001e7c x15:10001e78  PA:10001e78
15491996ns          279706 1c0083c6 00a67653 fadd.s           f12, f12, f10       f12=xxxxxxxx f12:433ba9fb f10:413f0acb
15492016ns          279707 1c0083c2 0047a50b p.lw             x10, 4(x15!)        x10=40ec9de8 x15=10001e80 x15:10001e7c  PA:10001e7c
15492056ns          279709 1c0083c6 00a67653 fadd.s           f12, f12, f10       f12=xxxxxxxx f12:43479aa8 f10:40ec9de8
15492076ns          279710 1c0083c2 0047a50b p.lw             x10, 4(x15!)        x10=41471af0 x15=10001e84 x15:10001e80  PA:10001e80
15492115ns          279712 1c0083c6 00a67653 fadd.s           f12, f12, f10       f12=xxxxxxxx f12:434eff97 f10:41471af0
15492135ns          279713 1c0083c2 0047a50b p.lw             x10, 4(x15!)        x10=411e5aac x15=10001e88 x15:10001e84  PA:10001e84
15492175ns          279715 1c0083c6 00a67653 fadd.s           f12, f12, f10       f12=xxxxxxxx f12:435b7146 f10:411e5aac
15492195ns          279716 1c0083c2 0047a50b p.lw             x10, 4(x15!)        x10=4132a11b x15=10001e8c x15:10001e88  PA:10001e88
15492235ns          279718 1c0083c6 00a67653 fadd.s           f12, f12, f10       f12=xxxxxxxx f12:436556f1 f10:4132a11b
15492255ns          279719 1c0083c2 0047a50b p.lw             x10, 4(x15!)        x10=40842433 x15=10001e90 x15:10001e8c  PA:10001e8c
15492294ns          279721 1c0083c6 00a67653 fadd.s           f12, f12, f10       f12=xxxxxxxx f12:43708103 f10:40842433
15492314ns          279722 1c0083c2 0047a50b p.lw             x10, 4(x15!)        x10=40561ded x15=10001e94 x15:10001e90  PA:10001e90
15492354ns          279724 1c0083c6 00a67653 fadd.s           f12, f12, f10       f12=xxxxxxxx f12:4374a225 f10:40561ded
15492374ns          279725 1c0083c2 0047a50b p.lw             x10, 4(x15!)        x10=4076aba9 x15=10001e98 x15:10001e94  PA:10001e94
15492414ns          279727 1c0083c6 00a67653 fadd.s           f12, f12, f10       f12=xxxxxxxx f12:4377fa9d f10:4076aba9
15492434ns          279728 1c0083c2 0047a50b p.lw             x10, 4(x15!)        x10=40d38469 x15=10001e9c x15:10001e98  PA:10001e98
15492473ns          279730 1c0083c6 00a67653 fadd.s           f12, f12, f10       f12=xxxxxxxx f12:437bd54c f10:40d38469
15492493ns          279731 1c0083c2 0047a50b p.lw             x10, 4(x15!)        x10=40f51062 x15=10001ea0 x15:10001e9c  PA:10001e9c
15492533ns          279733 1c0083c6 00a67653 fadd.s           f12, f12, f10       f12=xxxxxxxx f12:438138b8 f10:40f51062
15492553ns          279734 1c0083c2 0047a50b p.lw             x10, 4(x15!)        x10=40e0ec5f x15=10001ea4 x15:10001ea0  PA:10001ea0
15492593ns          279736 1c0083c6 00a67653 fadd.s           f12, f12, f10       f12=xxxxxxxx f12:43850cfa f10:40e0ec5f
15492613ns          279737 1c0083c2 0047a50b p.lw             x10, 4(x15!)        x10=406c19b2 x15=10001ea8 x15:10001ea4  PA:10001ea4
15492652ns          279739 1c0083c6 00a67653 fadd.s           f12, f12, f10       f12=xxxxxxxx f12:438890ab f10:406c19b2
15492672ns          279740 1c0083c2 0047a50b p.lw             x10, 4(x15!)        x10=c0b308a7 x15=10001eac x15:10001ea8  PA:10001ea8
15492712ns          279742 1c0083c6 00a67653 fadd.s           f12, f12, f10       f12=xxxxxxxx f12:438a68de f10:c0b308a7
15492732ns          279743 1c0083c2 0047a50b p.lw             x10, 4(x15!)        x10=3f8dd03c x15=10001eb0 x15:10001eac  PA:10001eac
15492772ns          279745 1c0083c6 00a67653 fadd.s           f12, f12, f10       f12=xxxxxxxx f12:43879cbb f10:3f8dd03c
15492792ns          279746 1c0083c2 0047a50b p.lw             x10, 4(x15!)        x10=c001ea3d x15=10001eb4 x15:10001eb0  PA:10001eb0
15492831ns          279748 1c0083c6 00a67653 fadd.s           f12, f12, f10       f12=xxxxxxxx f12:43882a8b f10:c001ea3d
15492851ns          279749 1c0083c2 0047a50b p.lw             x10, 4(x15!)        x10=c08224b6 x15=10001eb8 x15:10001eb4  PA:10001eb4
15492891ns          279751 1c0083c6 00a67653 fadd.s           f12, f12, f10       f12=xxxxxxxx f12:438726b7 f10:c08224b6
15492911ns          279752 1c0083c2 0047a50b p.lw             x10, 4(x15!)        x10=c08dc5ff x15=10001ebc x15:10001eb8  PA:10001eb8
15492951ns          279754 1c0083c6 00a67653 fadd.s           f12, f12, f10       f12=xxxxxxxx f12:43851e24 f10:c08dc5ff
15492971ns          279755 1c0083c2 0047a50b p.lw             x10, 4(x15!)        x10=bfc8c071 x15=10001ec0 x15:10001ebc  PA:10001ebc
15493010ns          279757 1c0083c6 00a67653 fadd.s           f12, f12, f10       f12=xxxxxxxx f12:4382e70c f10:bfc8c071
15493030ns          279758 1c0083c2 0047a50b p.lw             x10, 4(x15!)        x10=c0b627a8 x15=10001ec4 x15:10001ec0  PA:10001ec0
15493070ns          279760 1c0083c6 00a67653 fadd.s           f12, f12, f10       f12=xxxxxxxx f12:43821e4c f10:c0b627a8
15493090ns          279761 1c0083c2 0047a50b p.lw             x10, 4(x15!)        x10=beb60a11 x15=10001ec8 x15:10001ec4  PA:10001ec4
15493130ns          279763 1c0083c6 00a67653 fadd.s           f12, f12, f10       f12=xxxxxxxx f12:437e8b5b f10:beb60a11
15493150ns          279764 1c0083c2 0047a50b p.lw             x10, 4(x15!)        x10=c0623a47 x15=10001ecc x15:10001ec8  PA:10001ec8
15493189ns          279766 1c0083c6 00a67653 fadd.s           f12, f12, f10       f12=xxxxxxxx f12:437e3056 f10:c0623a47
15493209ns          279767 1c0083c2 0047a50b p.lw             x10, 4(x15!)        x10=c031f761 x15=10001ed0 x15:10001ecc  PA:10001ecc
15493249ns          279769 1c0083c6 00a67653 fadd.s           f12, f12, f10       f12=xxxxxxxx f12:437aa76d f10:c031f761
15493269ns          279770 1c0083c2 0047a50b p.lw             x10, 4(x15!)        x10=410cefdb x15=10001ed4 x15:10001ed0  PA:10001ed0
15493309ns          279772 1c0083c6 00a67653 fadd.s           f12, f12, f10       f12=xxxxxxxx f12:4377df8f f10:410cefdb
15493329ns          279773 1c0083c2 0047a50b p.lw             x10, 4(x15!)        x10=40a61b89 x15=10001ed8 x15:10001ed4  PA:10001ed4
15493368ns          279775 1c0083c6 00a67653 fadd.s           f12, f12, f10       f12=xxxxxxxx f12:43805746 f10:40a61b89
15493388ns          279776 1c0083c2 0047a50b p.lw             x10, 4(x15!)        x10=40ccef67 x15=10001edc x15:10001ed8  PA:10001ed8
15493428ns          279778 1c0083c6 00a67653 fadd.s           f12, f12, f10       f12=xxxxxxxx f12:4382efb4 f10:40ccef67
15493448ns          279779 1c0083c2 0047a50b p.lw             x10, 4(x15!)        x10=402f9de2 x15=10001ee0 x15:10001edc  PA:10001edc
15493488ns          279781 1c0083c6 00a67653 fadd.s           f12, f12, f10       f12=xxxxxxxx f12:43862372 f10:402f9de2
15493508ns          279782 1c0083c2 0047a50b p.lw             x10, 4(x15!)        x10=40a3def0 x15=10001ee4 x15:10001ee0  PA:10001ee0
15493547ns          279784 1c0083c6 00a67653 fadd.s           f12, f12, f10       f12=xxxxxxxx f12:438782ae f10:40a3def0
15493567ns          279785 1c0083c2 0047a50b p.lw             x10, 4(x15!)        x10=40c03a16 x15=10001ee8 x15:10001ee4  PA:10001ee4
15493607ns          279787 1c0083c6 00a67653 fadd.s           f12, f12, f10       f12=xxxxxxxx f12:438a122a f10:40c03a16
15493627ns          279788 1c0083c2 0047a50b p.lw             x10, 4(x15!)        x10=40e03a8f x15=10001eec x15:10001ee8  PA:10001ee8
15493667ns          279790 1c0083c6 00a67653 fadd.s           f12, f12, f10       f12=xxxxxxxx f12:438d1312 f10:40e03a8f
15493687ns          279791 1c0083c2 0047a50b p.lw             x10, 4(x15!)        x10=40c7366b x15=10001ef0 x15:10001eec  PA:10001eec
15493726ns          279793 1c0083c6 00a67653 fadd.s           f12, f12, f10       f12=xxxxxxxx f12:439093fc f10:40c7366b
15493746ns          279794 1c0083c2 0047a50b p.lw             x10, 4(x15!)        x10=40be5d00 x15=10001ef4 x15:10001ef0  PA:10001ef0
15493786ns          279796 1c0083c6 00a67653 fadd.s           f12, f12, f10       f12=xxxxxxxx f12:4393b0d6 f10:40be5d00
15493806ns          279797 1c0083c2 0047a50b p.lw             x10, 4(x15!)        x10=40b46f26 x15=10001ef8 x15:10001ef4  PA:10001ef4
15493846ns          279799 1c0083c6 00a67653 fadd.s           f12, f12, f10       f12=xxxxxxxx f12:4396aa4a f10:40b46f26
15493866ns          279800 1c0083c2 0047a50b p.lw             x10, 4(x15!)        x10=3fb531a2 x15=10001efc x15:10001ef8  PA:10001ef8
15493905ns          279802 1c0083c6 00a67653 fadd.s           f12, f12, f10       f12=xxxxxxxx f12:43997c07 f10:3fb531a2
15493925ns          279803 1c0083c2 0047a50b p.lw             x10, 4(x15!)        x10=c049f505 x15=10001f00 x15:10001efc  PA:10001efc
15493965ns          279805 1c0083c6 00a67653 fadd.s           f12, f12, f10       f12=xxxxxxxx f12:439a3139 f10:c049f505
15493985ns          279806 1c0083c2 0047a50b p.lw             x10, 4(x15!)        x10=409fc701 x15=10001f04 x15:10001f00  PA:10001f00
15494025ns          279808 1c0083c6 00a67653 fadd.s           f12, f12, f10       f12=xxxxxxxx f12:43989d4f f10:409fc701
15494045ns          279809 1c0083c2 0047a50b p.lw             x10, 4(x15!)        x10=407d2f88 x15=10001f08 x15:10001f04  PA:10001f04
15494084ns          279811 1c0083c6 00a67653 fadd.s           f12, f12, f10       f12=xxxxxxxx f12:439b1c6b f10:407d2f88
15494104ns          279812 1c0083c2 0047a50b p.lw             x10, 4(x15!)        x10=3ff5469e x15=10001f0c x15:10001f08  PA:10001f08
15494144ns          279814 1c0083c6 00a67653 fadd.s           f12, f12, f10       f12=xxxxxxxx f12:439d16ca f10:3ff5469e
15494164ns          279815 1c0083c2 0047a50b p.lw             x10, 4(x15!)        x10=bfed2393 x15=10001f10 x15:10001f0c  PA:10001f0c
15494204ns          279817 1c0083c6 00a67653 fadd.s           f12, f12, f10       f12=xxxxxxxx f12:439e0c11 f10:bfed2393
15494224ns          279818 1c0083c2 0047a50b p.lw             x10, 4(x15!)        x10=c0116a47 x15=10001f14 x15:10001f10  PA:10001f10
15494263ns          279820 1c0083c6 00a67653 fadd.s           f12, f12, f10       f12=xxxxxxxx f12:439d1eed f10:c0116a47
15494283ns          279821 1c0083c2 0047a50b p.lw             x10, 4(x15!)        x10=3e47627e x15=10001f18 x15:10001f14  PA:10001f14
15494323ns          279823 1c0083c6 00a67653 fadd.s           f12, f12, f10       f12=xxxxxxxx f12:439bfc18 f10:3e47627e
15494343ns          279824 1c0083c2 0047a50b p.lw             x10, 4(x15!)        x10=40878370 x15=10001f1c x15:10001f18  PA:10001f18
15494383ns          279826 1c0083c6 00a67653 fadd.s           f12, f12, f10       f12=xxxxxxxx f12:439c1504 f10:40878370
15494403ns          279827 1c0083c2 0047a50b p.lw             x10, 4(x15!)        x10=40f3758b x15=10001f20 x15:10001f1c  PA:10001f1c
15494443ns          279829 1c0083c6 00a67653 fadd.s           f12, f12, f10       f12=xxxxxxxx f12:439e3312 f10:40f3758b
15494462ns          279830 1c0083c2 0047a50b p.lw             x10, 4(x15!)        x10=c049cc00 x15=10001f24 x15:10001f20  PA:10001f20
15494502ns          279832 1c0083c6 00a67653 fadd.s           f12, f12, f10       f12=xxxxxxxx f12:43a200e8 f10:c049cc00
15494522ns          279833 1c0083c2 0047a50b p.lw             x10, 4(x15!)        x10=be0342b4 x15=10001f28 x15:10001f24  PA:10001f24
15494562ns          279835 1c0083c6 00a67653 fadd.s           f12, f12, f10       f12=xxxxxxxx f12:43a06d50 f10:be0342b4
15494582ns          279836 1c0083c2 0047a50b p.lw             x10, 4(x15!)        x10=3d4eb8dc x15=10001f2c x15:10001f28  PA:10001f28
15494622ns          279838 1c0083c6 00a67653 fadd.s           f12, f12, f10       f12=xxxxxxxx f12:43a05ce8 f10:3d4eb8dc
15494641ns          279839 1c0083c2 0047a50b p.lw             x10, 4(x15!)        x10=bf63775e x15=10001f30 x15:10001f2c  PA:10001f2c
15494681ns          279841 1c0083c6 00a67653 fadd.s           f12, f12, f10       f12=xxxxxxxx f12:43a0635e f10:bf63775e
15494701ns          279842 1c0083c2 0047a50b p.lw             x10, 4(x15!)        x10=c0b9fa40 x15=10001f34 x15:10001f30  PA:10001f30
15494741ns          279844 1c0083c6 00a67653 fadd.s           f12, f12, f10       f12=xxxxxxxx f12:439ff1a2 f10:c0b9fa40
15494761ns          279845 1c0083c2 0047a50b p.lw             x10, 4(x15!)        x10=bf8e5a23 x15=10001f38 x15:10001f34  PA:10001f34
15494801ns          279847 1c0083c6 00a67653 fadd.s           f12, f12, f10       f12=xxxxxxxx f12:439d09b9 f10:bf8e5a23
15494820ns          279848 1c0083c2 0047a50b p.lw             x10, 4(x15!)        x10=c074ee01 x15=10001f3c x15:10001f38  PA:10001f38
15494860ns          279850 1c0083c6 00a67653 fadd.s           f12, f12, f10       f12=xxxxxxxx f12:439c7b5f f10:c074ee01
15494880ns          279851 1c0083c2 0047a50b p.lw             x10, 4(x15!)        x10=c07369f3 x15=10001f40 x15:10001f3c  PA:10001f3c
15494920ns          279853 1c0083c6 00a67653 fadd.s           f12, f12, f10       f12=xxxxxxxx f12:439a9183 f10:c07369f3
15494940ns          279854 1c0083c2 0047a50b p.lw             x10, 4(x15!)        x10=c0de1678 x15=10001f44 x15:10001f40  PA:10001f40
15494980ns          279856 1c0083c6 00a67653 fadd.s           f12, f12, f10       f12=xxxxxxxx f12:4398aaaf f10:c0de1678
15494999ns          279857 1c0083c2 0047a50b p.lw             x10, 4(x15!)        x10=bff9ae3e x15=10001f48 x15:10001f44  PA:10001f44
15495039ns          279859 1c0083c6 00a67653 fadd.s           f12, f12, f10       f12=xxxxxxxx f12:43953255 f10:bff9ae3e
15495059ns          279860 1c0083c2 0047a50b p.lw             x10, 4(x15!)        x10=411082cb x15=10001f4c x15:10001f48  PA:10001f48
15495099ns          279862 1c0083c6 00a67653 fadd.s           f12, f12, f10       f12=xxxxxxxx f12:439438a7 f10:411082cb
15495119ns          279863 1c0083c2 0047a50b p.lw             x10, 4(x15!)        x10=412792e6 x15=10001f50 x15:10001f4c  PA:10001f4c
15495159ns          279865 1c0083c6 00a67653 fadd.s           f12, f12, f10       f12=xxxxxxxx f12:4398bcbd f10:412792e6
15495178ns          279866 1c0083c2 0047a50b p.lw             x10, 4(x15!)        x10=41016701 x15=10001f54 x15:10001f50  PA:10001f50
15495218ns          279868 1c0083c6 00a67653 fadd.s           f12, f12, f10       f12=xxxxxxxx f12:439df954 f10:41016701
15495238ns          279869 1c0083c2 0047a50b p.lw             x10, 4(x15!)        x10=40974228 x15=10001f58 x15:10001f54  PA:10001f54
15495278ns          279871 1c0083c6 00a67653 fadd.s           f12, f12, f10       f12=xxxxxxxx f12:43a2048c f10:40974228
15495298ns          279872 1c0083c2 0047a50b p.lw             x10, 4(x15!)        x10=412578d8 x15=10001f5c x15:10001f58  PA:10001f58
15495338ns          279874 1c0083c6 00a67653 fadd.s           f12, f12, f10       f12=xxxxxxxx f12:43a46195 f10:412578d8
15495357ns          279875 1c0083c2 0047a50b p.lw             x10, 4(x15!)        x10=40d067f3 x15=10001f60 x15:10001f5c  PA:10001f5c
15495397ns          279877 1c0083c6 00a67653 fadd.s           f12, f12, f10       f12=xxxxxxxx f12:43a98d5c f10:40d067f3
15495417ns          279878 1c0083c2 0047a50b p.lw             x10, 4(x15!)        x10=4131ead8 x15=10001f64 x15:10001f60  PA:10001f60
15495457ns          279880 1c0083c6 00a67653 fadd.s           f12, f12, f10       f12=xxxxxxxx f12:43accefc f10:4131ead8
15495477ns          279881 1c0083c2 0047a50b p.lw             x10, 4(x15!)        x10=41080770 x15=10001f68 x15:10001f64  PA:10001f64
15495517ns          279883 1c0083c6 00a67653 fadd.s           f12, f12, f10       f12=xxxxxxxx f12:43b25e53 f10:41080770
15495536ns          279884 1c0083c2 0047a50b p.lw             x10, 4(x15!)        x10=4074855a x15=10001f6c x15:10001f68  PA:10001f68
15495576ns          279886 1c0083c6 00a67653 fadd.s           f12, f12, f10       f12=xxxxxxxx f12:43b69e8e f10:4074855a
15495596ns          279887 1c0083c2 0047a50b p.lw             x10, 4(x15!)        x10=40ba7eb1 x15=10001f70 x15:10001f6c  PA:10001f6c
15495636ns          279889 1c0083c6 00a67653 fadd.s           f12, f12, f10       f12=xxxxxxxx f12:43b88799 f10:40ba7eb1
15495656ns          279890 1c0083c2 0047a50b p.lw             x10, 4(x15!)        x10=40fca509 x15=10001f74 x15:10001f70  PA:10001f70
15495696ns          279892 1c0083c6 00a67653 fadd.s           f12, f12, f10       f12=xxxxxxxx f12:43bb7194 f10:40fca509
15495716ns          279893 1c0083c2 0047a50b p.lw             x10, 4(x15!)        x10=3f19fc79 x15=10001f78 x15:10001f74  PA:10001f74
15495755ns          279895 1c0083c6 00a67653 fadd.s           f12, f12, f10       f12=xxxxxxxx f12:43bf6428 f10:3f19fc79
15495775ns          279896 1c0083c2 0047a50b p.lw             x10, 4(x15!)        x10=40abc071 x15=10001f7c x15:10001f78  PA:10001f78
15495815ns          279898 1c0083c6 00a67653 fadd.s           f12, f12, f10       f12=xxxxxxxx f12:43bfb126 f10:40abc071
15495835ns          279899 1c0083c2 0047a50b p.lw             x10, 4(x15!)        x10=40c99b5c x15=10001f80 x15:10001f7c  PA:10001f7c
15495875ns          279901 1c0083c6 00a67653 fadd.s           f12, f12, f10       f12=xxxxxxxx f12:43c26028 f10:40c99b5c
15495895ns          279902 1c0083c2 0047a50b p.lw             x10, 4(x15!)        x10=40c8775a x15=10001f84 x15:10001f80  PA:10001f80
15495934ns          279904 1c0083c6 00a67653 fadd.s           f12, f12, f10       f12=xxxxxxxx f12:43c58695 f10:40c8775a
15495954ns          279905 1c0083c2 0047a50b p.lw             x10, 4(x15!)        x10=bdb942ef x15=10001f88 x15:10001f84  PA:10001f84
15495994ns          279907 1c0083c6 00a67653 fadd.s           f12, f12, f10       f12=xxxxxxxx f12:43c8a872 f10:bdb942ef
15496014ns          279908 1c0083c2 0047a50b p.lw             x10, 4(x15!)        x10=3feee4d0 x15=10001f8c x15:10001f88  PA:10001f88
15496054ns          279910 1c0083c6 00a67653 fadd.s           f12, f12, f10       f12=xxxxxxxx f12:43c89cde f10:3feee4d0
15496074ns          279911 1c0083c2 0047a50b p.lw             x10, 4(x15!)        x10=405fce31 x15=10001f90 x15:10001f8c  PA:10001f8c
15496113ns          279913 1c0083c6 00a67653 fadd.s           f12, f12, f10       f12=xxxxxxxx f12:43c98bc3 f10:405fce31
15496133ns          279914 1c0083c2 0047a50b p.lw             x10, 4(x15!)        x10=4093549e x15=10001f94 x15:10001f90  PA:10001f90
15496173ns          279916 1c0083c6 00a67653 fadd.s           f12, f12, f10       f12=xxxxxxxx f12:43cb4b5f f10:4093549e
15496193ns          279917 1c0083c2 0047a50b p.lw             x10, 4(x15!)        x10=40fe8293 x15=10001f98 x15:10001f94  PA:10001f94
15496233ns          279919 1c0083c6 00a67653 fadd.s           f12, f12, f10       f12=xxxxxxxx f12:43cd98b1 f10:40fe8293
15496253ns          279920 1c0083c2 0047a50b p.lw             x10, 4(x15!)        x10=3e41a6c2 x15=10001f9c x15:10001f98  PA:10001f98
15496292ns          279922 1c0083c6 00a67653 fadd.s           f12, f12, f10       f12=xxxxxxxx f12:43d192bb f10:3e41a6c2
15496312ns          279923 1c0083c2 0047a50b p.lw             x10, 4(x15!)        x10=3f50b1b9 x15=10001fa0 x15:10001f9c  PA:10001f9c
15496352ns          279925 1c0083c6 00a67653 fadd.s           f12, f12, f10       f12=xxxxxxxx f12:43d1aaf0 f10:3f50b1b9
15496372ns          279926 1c0083c2 0047a50b p.lw             x10, 4(x15!)        x10=3fa734ff x15=10001fa4 x15:10001fa0  PA:10001fa0
15496412ns          279928 1c0083c6 00a67653 fadd.s           f12, f12, f10       f12=xxxxxxxx f12:43d21349 f10:3fa734ff
15496432ns          279929 1c0083c2 0047a50b p.lw             x10, 4(x15!)        x10=404b693d x15=10001fa8 x15:10001fa4  PA:10001fa4
15496471ns          279931 1c0083c6 00a67653 fadd.s           f12, f12, f10       f12=xxxxxxxx f12:43d2ba7e f10:404b693d
15496491ns          279932 1c0083c2 0047a50b p.lw             x10, 4(x15!)        x10=3fb8fada x15=10001fac x15:10001fa8  PA:10001fa8
15496531ns          279934 1c0083c6 00a67653 fadd.s           f12, f12, f10       f12=xxxxxxxx f12:43d45150 f10:3fb8fada
15496551ns          279935 1c0083c2 0047a50b p.lw             x10, 4(x15!)        x10=400705bc x15=10001fb0 x15:10001fac  PA:10001fac
15496591ns          279937 1c0083c6 00a67653 fadd.s           f12, f12, f10       f12=xxxxxxxx f12:43d50a4b f10:400705bc
15496611ns          279938 1c0083c2 0047a50b p.lw             x10, 4(x15!)        x10=3f9eeee1 x15=10001fb4 x15:10001fb0  PA:10001fb0
15496650ns          279940 1c0083c6 00a67653 fadd.s           f12, f12, f10       f12=xxxxxxxx f12:43d61856 f10:3f9eeee1
15496670ns          279941 1c0083c2 0047a50b p.lw             x10, 4(x15!)        x10=406d44aa x15=10001fb8 x15:10001fb4  PA:10001fb4
15496710ns          279943 1c0083c6 00a67653 fadd.s           f12, f12, f10       f12=xxxxxxxx f12:43d6b745 f10:406d44aa
15496730ns          279944 1c0083c2 0047a50b p.lw             x10, 4(x15!)        x10=4119abbf x15=10001fbc x15:10001fb8  PA:10001fb8
15496770ns          279946 1c0083c6 00a67653 fadd.s           f12, f12, f10       f12=xxxxxxxx f12:43d891ce f10:4119abbf
15496790ns          279947 1c0083c2 0047a50b p.lw             x10, 4(x15!)        x10=40cb98c6 x15=10001fc0 x15:10001fbc  PA:10001fbc
15496829ns          279949 1c0083c6 00a67653 fadd.s           f12, f12, f10       f12=xxxxxxxx f12:43dd5f2c f10:40cb98c6
15496849ns          279950 1c0083c2 0047a50b p.lw             x10, 4(x15!)        x10=407d01a7 x15=10001fc4 x15:10001fc0  PA:10001fc0
15496889ns          279952 1c0083c6 00a67653 fadd.s           f12, f12, f10       f12=xxxxxxxx f12:43e08d8f f10:407d01a7
15496909ns          279953 1c0083c2 0047a50b p.lw             x10, 4(x15!)        x10=408de6bc x15=10001fc8 x15:10001fc4  PA:10001fc4
15496949ns          279955 1c0083c6 00a67653 fadd.s           f12, f12, f10       f12=xxxxxxxx f12:43e28792 f10:408de6bc
15496969ns          279956 1c0083c2 0047a50b p.lw             x10, 4(x15!)        x10=404e3d3d x15=10001fcc x15:10001fc8  PA:10001fc8
15497008ns          279958 1c0083c6 00a67653 fadd.s           f12, f12, f10       f12=xxxxxxxx f12:43e4bf2d f10:404e3d3d
15497028ns          279959 1c0083c2 0047a50b p.lw             x10, 4(x15!)        x10=4109aa02 x15=10001fd0 x15:10001fcc  PA:10001fcc
15497068ns          279961 1c0083c6 00a67653 fadd.s           f12, f12, f10       f12=xxxxxxxx f12:43e65ba7 f10:4109aa02
15497088ns          279962 1c0083c2 0047a50b p.lw             x10, 4(x15!)        x10=409f7fee x15=10001fd4 x15:10001fd0  PA:10001fd0
15497128ns          279964 1c0083c6 00a67653 fadd.s           f12, f12, f10       f12=xxxxxxxx f12:43eaa8f7 f10:409f7fee
15497148ns          279965 1c0083c2 0047a50b p.lw             x10, 4(x15!)        x10=40dd559a x15=10001fd8 x15:10001fd4  PA:10001fd4
15497187ns          279967 1c0083c6 00a67653 fadd.s           f12, f12, f10       f12=xxxxxxxx f12:43ed26f7 f10:40dd559a
15497207ns          279968 1c0083c2 0047a50b p.lw             x10, 4(x15!)        x10=401f5edb x15=10001fdc x15:10001fd8  PA:10001fd8
15497247ns          279970 1c0083c6 00a67653 fadd.s           f12, f12, f10       f12=xxxxxxxx f12:43f09c4d f10:401f5edb
15497267ns          279971 1c0083c2 0047a50b p.lw             x10, 4(x15!)        x10=411704f6 x15=10001fe0 x15:10001fdc  PA:10001fdc
15497307ns          279973 1c0083c6 00a67653 fadd.s           f12, f12, f10       f12=xxxxxxxx f12:43f1db0b f10:411704f6
15497327ns          279974 1c0083c2 0047a50b p.lw             x10, 4(x15!)        x10=40960d88 x15=10001fe4 x15:10001fe0  PA:10001fe0
15497366ns          279976 1c0083c6 00a67653 fadd.s           f12, f12, f10       f12=xxxxxxxx f12:43f69333 f10:40960d88
15497386ns          279977 1c0083c2 0047a50b p.lw             x10, 4(x15!)        x10=3f56cf44 x15=10001fe8 x15:10001fe4  PA:10001fe4
15497426ns          279979 1c0083c6 00a67653 fadd.s           f12, f12, f10       f12=xxxxxxxx f12:43f8eb69 f10:3f56cf44
15497446ns          279980 1c0083ca 1c000737 lui              x14, 0x1c000000     x14=1c000000
15497864ns          280001 1c0083ce 01c72503 lw               x10, 28(x14)        x10=42f00000 x14:1c000000  PA:1c00001c
15498202ns          280018 1c0083d2 18a67553 fdiv.s           f10, f12, f10       f10=xxxxxxxx f12:43f956d1 f10:42f00000
15498997ns          280058 1c0083d6 08a6f6d3 fsub.s           f13, f13, f10       f13=xxxxxxxx f13:bf54193a f10:4084fb1a
15499017ns          280059 1c0083da 40b787b3 sub              x15, x15, x11       x15=000001dc x15:10001fe8 x11:10001e0c
15499037ns          280060 1c0083dc ffc78793 addi             x15, x15, -4        x15=000001d8 x15:000001dc
15499057ns          280061 1c0083de 10d6f6d3 fmul.s           f13, f13, f13       f13=xxxxxxxx f13:c09f7e41 f13:c09f7e41
15499077ns          280062 1c0083e2 0027d793 srli             x15, x15, 0x2       x15=00000076 x15:000001d8
15499097ns          280063 1c0083e4 00178793 addi             x15, x15, 1         x15=00000077 x15:00000076
15499117ns          280064 1c0083e6 0067c0fb lp.setup         0x1, x15, 0x6       x15:00000077
15499137ns          280065 1c0083ea 0045a70b p.lw             x14, 4(x11!)        x14=40e4b5ed x11=10001e10 x11:10001e0c  PA:10001e0c
15499236ns          280070 1c0083ee 08a77753 fsub.s           f14, f14, f10       f14=xxxxxxxx f14:40e4b5ed f10:4084fb1a
15499276ns          280072 1c0083f2 68e776c3 fmadd.s          f13, f14, f14, f13  f13=xxxxxxxx f14:403f75a6 f14:403f75a6 f13:41c6bc26
15499316ns          280074 1c0083ea 0045a70b p.lw             x14, 4(x11!)        x14=412e8f1a x11=10001e14 x11:10001e10  PA:10001e10
15499356ns          280076 1c0083ee 08a77753 fsub.s           f14, f14, f10       f14=xxxxxxxx f14:412e8f1a f10:4084fb1a
15499375ns          280077 1c0083f2 68e776c3 fmadd.s          f13, f14, f14, f13  f13=xxxxxxxx f14:40d8231a f14:40d8231a f13:42072a44
15499395ns          280078 1c0083ea 0045a70b p.lw             x14, 4(x11!)        x14=4119e149 x11=10001e18 x11:10001e14  PA:10001e14
15499435ns          280080 1c0083ee 08a77753 fsub.s           f14, f14, f10       f14=xxxxxxxx f14:4119e149 f10:4084fb1a
15499455ns          280081 1c0083f2 68e776c3 fmadd.s          f13, f14, f14, f13  f13=xxxxxxxx f14:40aec778 f14:40aec778 f13:429ed2c2
15499475ns          280082 1c0083ea 0045a70b p.lw             x14, 4(x11!)        x14=403a31b5 x11=10001e1c x11:10001e18  PA:10001e18
15499515ns          280084 1c0083ee 08a77753 fsub.s           f14, f14, f10       f14=xxxxxxxx f14:403a31b5 f10:4084fb1a
15499535ns          280085 1c0083f2 68e776c3 fmadd.s          f13, f14, f14, f13  f13=xxxxxxxx f14:bf9f88fe f14:bf9f88fe f13:42da7ca3
15499554ns          280086 1c0083ea 0045a70b p.lw             x14, 4(x11!)        x14=40443768 x11=10001e20 x11:10001e1c  PA:10001e1c
15499594ns          280088 1c0083ee 08a77753 fsub.s           f14, f14, f10       f14=xxxxxxxx f14:40443768 f10:4084fb1a
15499614ns          280089 1c0083f2 68e776c3 fmadd.s          f13, f14, f14, f13  f13=xxxxxxxx f14:bf8b7d98 f14:bf8b7d98 f13:42dd97ff
15499634ns          280090 1c0083ea 0045a70b p.lw             x14, 4(x11!)        x14=40ced1b4 x11=10001e24 x11:10001e20  PA:10001e20
15499674ns          280092 1c0083ee 08a77753 fsub.s           f14, f14, f10       f14=xxxxxxxx f14:40ced1b4 f10:4084fb1a
15499694ns          280093 1c0083f2 68e776c3 fmadd.s          f13, f14, f14, f13  f13=xxxxxxxx f14:4013ad34 f14:4013ad34 f13:42dff80c
15499714ns          280094 1c0083ea 0045a70b p.lw             x14, 4(x11!)        x14=4119b2dd x11=10001e28 x11:10001e24  PA:10001e24
15499753ns          280096 1c0083ee 08a77753 fsub.s           f14, f14, f10       f14=xxxxxxxx f14:4119b2dd f10:4084fb1a
15499773ns          280097 1c0083f2 68e776c3 fmadd.s          f13, f14, f14, f13  f13=xxxxxxxx f14:40ae6aa0 f14:40ae6aa0 f13:42ea9e18
15499793ns          280098 1c0083ea 0045a70b p.lw             x14, 4(x11!)        x14=41281cd8 x11=10001e2c x11:10001e28  PA:10001e28
15499833ns          280100 1c0083ee 08a77753 fsub.s           f14, f14, f10       f14=xxxxxxxx f14:41281cd8 f10:4084fb1a
15499853ns          280101 1c0083f2 68e776c3 fmadd.s          f13, f14, f14, f13  f13=xxxxxxxx f14:40cb3e96 f14:40cb3e96 f13:43130453
15499873ns          280102 1c0083ea 0045a70b p.lw             x14, 4(x11!)        x14=412bf1e6 x11=10001e30 x11:10001e2c  PA:10001e2c
15499912ns          280104 1c0083ee 08a77753 fsub.s           f14, f14, f10       f14=xxxxxxxx f14:412bf1e6 f10:4084fb1a
15499932ns          280105 1c0083f2 68e776c3 fmadd.s          f13, f14, f14, f13  f13=xxxxxxxx f14:40d2e8b2 f14:40d2e8b2 f13:433b5b67
15499952ns          280106 1c0083ea 0045a70b p.lw             x14, 4(x11!)        x14=41081889 x11=10001e34 x11:10001e30  PA:10001e30
15499992ns          280108 1c0083ee 08a77753 fsub.s           f14, f14, f10       f14=xxxxxxxx f14:41081889 f10:4084fb1a
15500012ns          280109 1c0083f2 68e776c3 fmadd.s          f13, f14, f14, f13  f13=xxxxxxxx f14:408b35f8 f14:408b35f8 f13:4366cc0d
15500032ns          280110 1c0083ea 0045a70b p.lw             x14, 4(x11!)        x14=40801565 x11=10001e38 x11:10001e34  PA:10001e34
15500072ns          280112 1c0083ee 08a77753 fsub.s           f14, f14, f10       f14=xxxxxxxx f14:40801565 f10:4084fb1a
15500091ns          280113 1c0083f2 68e776c3 fmadd.s          f13, f14, f14, f13  f13=xxxxxxxx f14:be1cb6a0 f14:be1cb6a0 f13:4379b8f7
15500111ns          280114 1c0083ea 0045a70b p.lw             x14, 4(x11!)        x14=40d38d2e x11=10001e3c x11:10001e38  PA:10001e38
15500151ns          280116 1c0083ee 08a77753 fsub.s           f14, f14, f10       f14=xxxxxxxx f14:40d38d2e f10:4084fb1a
15500171ns          280117 1c0083f2 68e776c3 fmadd.s          f13, f14, f14, f13  f13=xxxxxxxx f14:401d2428 f14:401d2428 f13:4379bef6
15500191ns          280118 1c0083ea 0045a70b p.lw             x14, 4(x11!)        x14=40d2f5fb x11=10001e40 x11:10001e3c  PA:10001e3c
15500231ns          280120 1c0083ee 08a77753 fsub.s           f14, f14, f10       f14=xxxxxxxx f14:40d2f5fb f10:4084fb1a
15500251ns          280121 1c0083f2 68e776c3 fmadd.s          f13, f14, f14, f13  f13=xxxxxxxx f14:401bf5c2 f14:401bf5c2 f13:437fc64c
15500270ns          280122 1c0083ea 0045a70b p.lw             x14, 4(x11!)        x14=4102719d x11=10001e44 x11:10001e40  PA:10001e40
15500310ns          280124 1c0083ee 08a77753 fsub.s           f14, f14, f10       f14=xxxxxxxx f14:4102719d f10:4084fb1a
15500330ns          280125 1c0083f2 68e776c3 fmadd.s          f13, f14, f14, f13  f13=xxxxxxxx f14:407fd040 f14:407fd040 f13:4382db42
15500350ns          280126 1c0083ea 0045a70b p.lw             x14, 4(x11!)        x14=409c34ef x11=10001e48 x11:10001e44  PA:10001e44
15500390ns          280128 1c0083ee 08a77753 fsub.s           f14, f14, f10       f14=xxxxxxxx f14:409c34ef f10:4084fb1a
15500410ns          280129 1c0083f2 68e776c3 fmadd.s          f13, f14, f14, f13  f13=xxxxxxxx f14:3f39cea8 f14:3f39cea8 f13:438ad846
15500430ns          280130 1c0083ea 0045a70b p.lw             x14, 4(x11!)        x14=40eeb45b x11=10001e4c x11:10001e48  PA:10001e48
15500469ns          280132 1c0083ee 08a77753 fsub.s           f14, f14, f10       f14=xxxxxxxx f14:40eeb45b f10:4084fb1a
15500489ns          280133 1c0083f2 68e776c3 fmadd.s          f13, f14, f14, f13  f13=xxxxxxxx f14:40537282 f14:40537282 f13:438b1bb4
15500509ns          280134 1c0083ea 0045a70b p.lw             x14, 4(x11!)        x14=411f0ea8 x11=10001e50 x11:10001e4c  PA:10001e4c
15500549ns          280136 1c0083ee 08a77753 fsub.s           f14, f14, f10       f14=xxxxxxxx f14:411f0ea8 f10:4084fb1a
15500569ns          280137 1c0083f2 68e776c3 fmadd.s          f13, f14, f14, f13  f13=xxxxxxxx f14:40b92236 f14:40b92236 f13:439090e4
15500589ns          280138 1c0083ea 0045a70b p.lw             x14, 4(x11!)        x14=40c5644b x11=10001e54 x11:10001e50  PA:10001e50
15500629ns          280140 1c0083ee 08a77753 fsub.s           f14, f14, f10       f14=xxxxxxxx f14:40c5644b f10:4084fb1a
15500648ns          280141 1c0083f2 68e776c3 fmadd.s          f13, f14, f14, f13  f13=xxxxxxxx f14:4000d262 f14:4000d262 f13:43a14d33
15500668ns          280142 1c0083ea 0045a70b p.lw             x14, 4(x11!)        x14=40a38bd7 x11=10001e58 x11:10001e54  PA:10001e54
15500708ns          280144 1c0083ee 08a77753 fsub.s           f14, f14, f10       f14=xxxxxxxx f14:40a38bd7 f10:4084fb1a
15500728ns          280145 1c0083f2 68e776c3 fmadd.s          f13, f14, f14, f13  f13=xxxxxxxx f14:3f7485e8 f14:3f7485e8 f13:43a353cb
15500748ns          280146 1c0083ea 0045a70b p.lw             x14, 4(x11!)        x14=401b4f89 x11=10001e5c x11:10001e58  PA:10001e58
15500788ns          280148 1c0083ee 08a77753 fsub.s           f14, f14, f10       f14=xxxxxxxx f14:401b4f89 f10:4084fb1a
15500808ns          280149 1c0083f2 68e776c3 fmadd.s          f13, f14, f14, f13  f13=xxxxxxxx f14:bfdd4d56 f14:bfdd4d56 f13:43a3c893
15500827ns          280150 1c0083ea 0045a70b p.lw             x14, 4(x11!)        x14=40d3ac08 x11=10001e60 x11:10001e5c  PA:10001e5c
15500867ns          280152 1c0083ee 08a77753 fsub.s           f14, f14, f10       f14=xxxxxxxx f14:40d3ac08 f10:4084fb1a
15500887ns          280153 1c0083f2 68e776c3 fmadd.s          f13, f14, f14, f13  f13=xxxxxxxx f14:401d61dc f14:401d61dc f13:43a54730
15500907ns          280154 1c0083ea 0045a70b p.lw             x14, 4(x11!)        x14=40b7d662 x11=10001e64 x11:10001e60  PA:10001e60
15500947ns          280156 1c0083ee 08a77753 fsub.s           f14, f14, f10       f14=xxxxxxxx f14:40b7d662 f10:4084fb1a
15500967ns          280157 1c0083f2 68e776c3 fmadd.s          f13, f14, f14, f13  f13=xxxxxxxx f14:3fcb6d20 f14:3fcb6d20 f13:43a84d39
15500987ns          280158 1c0083ea 0045a70b p.lw             x14, 4(x11!)        x14=40c1078f x11=10001e68 x11:10001e64  PA:10001e64
15501026ns          280160 1c0083ee 08a77753 fsub.s           f14, f14, f10       f14=xxxxxxxx f14:40c1078f f10:4084fb1a
15501046ns          280161 1c0083f2 68e776c3 fmadd.s          f13, f14, f14, f13  f13=xxxxxxxx f14:3ff031d4 f14:3ff031d4 f13:43a99085
15501066ns          280162 1c0083ea 0045a70b p.lw             x14, 4(x11!)        x14=41259c01 x11=10001e6c x11:10001e68  PA:10001e68
15501106ns          280164 1c0083ee 08a77753 fsub.s           f14, f14, f10       f14=xxxxxxxx f14:41259c01 f10:4084fb1a
15501126ns          280165 1c0083f2 68e776c3 fmadd.s          f13, f14, f14, f13  f13=xxxxxxxx f14:40c63ce8 f14:40c63ce8 f13:43ab5340
15501146ns          280166 1c0083ea 0045a70b p.lw             x14, 4(x11!)        x14=40b67d21 x11=10001e70 x11:10001e6c  PA:10001e6c
15501185ns          280168 1c0083ee 08a77753 fsub.s           f14, f14, f10       f14=xxxxxxxx f14:40b67d21 f10:4084fb1a
15501205ns          280169 1c0083f2 68e776c3 fmadd.s          f13, f14, f14, f13  f13=xxxxxxxx f14:3fc6081c f14:3fc6081c f13:43be8389
15501225ns          280170 1c0083ea 0045a70b p.lw             x14, 4(x11!)        x14=4112e819 x11=10001e74 x11:10001e70  PA:10001e70
15501265ns          280172 1c0083ee 08a77753 fsub.s           f14, f14, f10       f14=xxxxxxxx f14:4112e819 f10:4084fb1a
15501285ns          280173 1c0083f2 68e776c3 fmadd.s          f13, f14, f14, f13  f13=xxxxxxxx f14:40a0d518 f14:40a0d518 f13:43bfb5ea
15501305ns          280174 1c0083ea 0045a70b p.lw             x14, 4(x11!)        x14=408147c4 x11=10001e78 x11:10001e74  PA:10001e74
15501345ns          280176 1c0083ee 08a77753 fsub.s           f14, f14, f10       f14=xxxxxxxx f14:408147c4 f10:4084fb1a
15501364ns          280177 1c0083f2 68e776c3 fmadd.s          f13, f14, f14, f13  f13=xxxxxxxx f14:bdecd580 f14:bdecd580 f13:43cc574c
15501384ns          280178 1c0083ea 0045a70b p.lw             x14, 4(x11!)        x14=413f0acb x11=10001e7c x11:10001e78  PA:10001e78
15501424ns          280180 1c0083ee 08a77753 fsub.s           f14, f14, f10       f14=xxxxxxxx f14:413f0acb f10:4084fb1a
15501444ns          280181 1c0083f2 68e776c3 fmadd.s          f13, f14, f14, f13  f13=xxxxxxxx f14:40f91a7c f14:40f91a7c f13:43cc5902
15501464ns          280182 1c0083ea 0045a70b p.lw             x14, 4(x11!)        x14=40ec9de8 x11=10001e80 x11:10001e7c  PA:10001e7c
15501504ns          280184 1c0083ee 08a77753 fsub.s           f14, f14, f10       f14=xxxxxxxx f14:40ec9de8 f10:4084fb1a
15501524ns          280185 1c0083f2 68e776c3 fmadd.s          f13, f14, f14, f13  f13=xxxxxxxx f14:404f459c f14:404f459c f13:43eaa593
15501544ns          280186 1c0083ea 0045a70b p.lw             x14, 4(x11!)        x14=41471af0 x11=10001e84 x11:10001e80  PA:10001e80
15501583ns          280188 1c0083ee 08a77753 fsub.s           f14, f14, f10       f14=xxxxxxxx f14:41471af0 f10:4084fb1a
15501603ns          280189 1c0083f2 68e776c3 fmadd.s          f13, f14, f14, f13  f13=xxxxxxxx f14:41049d63 f14:41049d63 f13:43efe420
15501623ns          280190 1c0083ea 0045a70b p.lw             x14, 4(x11!)        x14=411e5aac x11=10001e88 x11:10001e84  PA:10001e84
15501663ns          280192 1c0083ee 08a77753 fsub.s           f14, f14, f10       f14=xxxxxxxx f14:411e5aac f10:4084fb1a
15501683ns          280193 1c0083f2 68e776c3 fmadd.s          f13, f14, f14, f13  f13=xxxxxxxx f14:40b7ba3e f14:40b7ba3e f13:44091ebc
15501703ns          280194 1c0083ea 0045a70b p.lw             x14, 4(x11!)        x14=4132a11b x11=10001e8c x11:10001e88  PA:10001e88
15501742ns          280196 1c0083ee 08a77753 fsub.s           f14, f14, f10       f14=xxxxxxxx f14:4132a11b f10:4084fb1a
15501762ns          280197 1c0083f2 68e776c3 fmadd.s          f13, f14, f14, f13  f13=xxxxxxxx f14:40e0471c f14:40e0471c f13:44115c79
15501782ns          280198 1c0083ea 0045a70b p.lw             x14, 4(x11!)        x14=40842433 x11=10001e90 x11:10001e8c  PA:10001e8c
15501822ns          280200 1c0083ee 08a77753 fsub.s           f14, f14, f10       f14=xxxxxxxx f14:40842433 f10:4084fb1a
15501842ns          280201 1c0083f2 68e776c3 fmadd.s          f13, f14, f14, f13  f13=xxxxxxxx f14:bcd6e700 f14:bcd6e700 f13:441da441
15501862ns          280202 1c0083ea 0045a70b p.lw             x14, 4(x11!)        x14=40561ded x11=10001e94 x11:10001e90  PA:10001e90
15501902ns          280204 1c0083ee 08a77753 fsub.s           f14, f14, f10       f14=xxxxxxxx f14:40561ded f10:4084fb1a
15501921ns          280205 1c0083f2 68e776c3 fmadd.s          f13, f14, f14, f13  f13=xxxxxxxx f14:bf4f611c f14:bf4f611c f13:441da44c
15501941ns          280206 1c0083ea 0045a70b p.lw             x14, 4(x11!)        x14=4076aba9 x11=10001e98 x11:10001e94  PA:10001e94
15501981ns          280208 1c0083ee 08a77753 fsub.s           f14, f14, f10       f14=xxxxxxxx f14:4076aba9 f10:4084fb1a
15502001ns          280209 1c0083f2 68e776c3 fmadd.s          f13, f14, f14, f13  f13=xxxxxxxx f14:be9a5458 f14:be9a5458 f13:441dce4c
15502021ns          280210 1c0083ea 0045a70b p.lw             x14, 4(x11!)        x14=40d38469 x11=10001e9c x11:10001e98  PA:10001e98
15502061ns          280212 1c0083ee 08a77753 fsub.s           f14, f14, f10       f14=xxxxxxxx f14:40d38469 f10:4084fb1a
15502081ns          280213 1c0083f2 68e776c3 fmadd.s          f13, f14, f14, f13  f13=xxxxxxxx f14:401d129e f14:401d129e f13:441dd41d
15502100ns          280214 1c0083ea 0045a70b p.lw             x14, 4(x11!)        x14=40f51062 x11=10001ea0 x11:10001e9c  PA:10001e9c
15502140ns          280216 1c0083ee 08a77753 fsub.s           f14, f14, f10       f14=xxxxxxxx f14:40f51062 f10:4084fb1a
15502160ns          280217 1c0083f2 68e776c3 fmadd.s          f13, f14, f14, f13  f13=xxxxxxxx f14:40602a90 f14:40602a90 f13:441f559c
15502180ns          280218 1c0083ea 0045a70b p.lw             x14, 4(x11!)        x14=40e0ec5f x11=10001ea4 x11:10001ea0  PA:10001ea0
15502220ns          280220 1c0083ee 08a77753 fsub.s           f14, f14, f10       f14=xxxxxxxx f14:40e0ec5f f10:4084fb1a
15502240ns          280221 1c0083f2 68e776c3 fmadd.s          f13, f14, f14, f13  f13=xxxxxxxx f14:4037e28a f14:4037e28a f13:442266c6
15502260ns          280222 1c0083ea 0045a70b p.lw             x14, 4(x11!)        x14=406c19b2 x11=10001ea8 x11:10001ea4  PA:10001ea4
15502299ns          280224 1c0083ee 08a77753 fsub.s           f14, f14, f10       f14=xxxxxxxx f14:406c19b2 f10:4084fb1a
15502319ns          280225 1c0083f2 68e776c3 fmadd.s          f13, f14, f14, f13  f13=xxxxxxxx f14:beeee410 f14:beeee410 f13:4424771d
15502339ns          280226 1c0083ea 0045a70b p.lw             x14, 4(x11!)        x14=c0b308a7 x11=10001eac x11:10001ea8  PA:10001ea8
15502379ns          280228 1c0083ee 08a77753 fsub.s           f14, f14, f10       f14=xxxxxxxx f14:c0b308a7 f10:4084fb1a
15502399ns          280229 1c0083f2 68e776c3 fmadd.s          f13, f14, f14, f13  f13=xxxxxxxx f14:c11c01e0 f14:c11c01e0 f13:4424850c
15502419ns          280230 1c0083ea 0045a70b p.lw             x14, 4(x11!)        x14=3f8dd03c x11=10001eb0 x11:10001eac  PA:10001eac
15502458ns          280232 1c0083ee 08a77753 fsub.s           f14, f14, f10       f14=xxxxxxxx f14:3f8dd03c f10:4084fb1a
15502478ns          280233 1c0083f2 68e776c3 fmadd.s          f13, f14, f14, f13  f13=xxxxxxxx f14:c0430e16 f14:c0430e16 f13:443c499e
15502498ns          280234 1c0083ea 0045a70b p.lw             x14, 4(x11!)        x14=c001ea3d x11=10001eb4 x11:10001eb0  PA:10001eb0
15502538ns          280236 1c0083ee 08a77753 fsub.s           f14, f14, f10       f14=xxxxxxxx f14:c001ea3d f10:4084fb1a
15502558ns          280237 1c0083f2 68e776c3 fmadd.s          f13, f14, f14, f13  f13=xxxxxxxx f14:c0c5f038 f14:c0c5f038 f13:443e9c18
15502578ns          280238 1c0083ea 0045a70b p.lw             x14, 4(x11!)        x14=c08224b6 x11=10001eb8 x11:10001eb4  PA:10001eb4
15502618ns          280240 1c0083ee 08a77753 fsub.s           f14, f14, f10       f14=xxxxxxxx f14:c08224b6 f10:4084fb1a
15502637ns          280241 1c0083f2 68e776c3 fmadd.s          f13, f14, f14, f13  f13=xxxxxxxx f14:c1038fe8 f14:c1038fe8 f13:44482cd1
15502657ns          280242 1c0083ea 0045a70b p.lw             x14, 4(x11!)        x14=c08dc5ff x11=10001ebc x11:10001eb8  PA:10001eb8
15502697ns          280244 1c0083ee 08a77753 fsub.s           f14, f14, f10       f14=xxxxxxxx f14:c08dc5ff f10:4084fb1a
15502717ns          280245 1c0083f2 68e776c3 fmadd.s          f13, f14, f14, f13  f13=xxxxxxxx f14:c109608c f14:c109608c f13:445913f7
15502737ns          280246 1c0083ea 0045a70b p.lw             x14, 4(x11!)        x14=bfc8c071 x11=10001ec0 x11:10001ebc  PA:10001ebc
15502777ns          280248 1c0083ee 08a77753 fsub.s           f14, f14, f10       f14=xxxxxxxx f14:bfc8c071 f10:4084fb1a
15502797ns          280249 1c0083f2 68e776c3 fmadd.s          f13, f14, f14, f13  f13=xxxxxxxx f14:c0b72b36 f14:c0b72b36 f13:446b8216
15502817ns          280250 1c0083ea 0045a70b p.lw             x14, 4(x11!)        x14=c0b627a8 x11=10001ec4 x11:10001ec0  PA:10001ec0
15502856ns          280252 1c0083ee 08a77753 fsub.s           f14, f14, f10       f14=xxxxxxxx f14:c0b627a8 f10:4084fb1a
15502876ns          280253 1c0083f2 68e776c3 fmadd.s          f13, f14, f14, f13  f13=xxxxxxxx f14:c11d9161 f14:c11d9161 f13:4473b303
15502896ns          280254 1c0083ea 0045a70b p.lw             x14, 4(x11!)        x14=beb60a11 x11=10001ec8 x11:10001ec4  PA:10001ec4
15502936ns          280256 1c0083ee 08a77753 fsub.s           f14, f14, f10       f14=xxxxxxxx f14:beb60a11 f10:4084fb1a
15502956ns          280257 1c0083f2 68e776c3 fmadd.s          f13, f14, f14, f13  f13=xxxxxxxx f14:c0905bbb f14:c0905bbb f13:4485f8f6
15502976ns          280258 1c0083ea 0045a70b p.lw             x14, 4(x11!)        x14=c0623a47 x11=10001ecc x11:10001ec8  PA:10001ec8
15503015ns          280260 1c0083ee 08a77753 fsub.s           f14, f14, f10       f14=xxxxxxxx f14:c0623a47 f10:4084fb1a
15503035ns          280261 1c0083f2 68e776c3 fmadd.s          f13, f14, f14, f13  f13=xxxxxxxx f14:c0f6183e f14:c0f6183e f13:44888431
15503055ns          280262 1c0083ea 0045a70b p.lw             x14, 4(x11!)        x14=c031f761 x11=10001ed0 x11:10001ecc  PA:10001ecc
15503095ns          280264 1c0083ee 08a77753 fsub.s           f14, f14, f10       f14=xxxxxxxx f14:c031f761 f10:4084fb1a
15503115ns          280265 1c0083f2 68e776c3 fmadd.s          f13, f14, f14, f13  f13=xxxxxxxx f14:c0ddf6ca f14:c0ddf6ca f13:448fe8c6
15503135ns          280266 1c0083ea 0045a70b p.lw             x14, 4(x11!)        x14=410cefdb x11=10001ed4 x11:10001ed0  PA:10001ed0
15503175ns          280268 1c0083ee 08a77753 fsub.s           f14, f14, f10       f14=xxxxxxxx f14:410cefdb f10:4084fb1a
15503194ns          280269 1c0083f2 68e776c3 fmadd.s          f13, f14, f14, f13  f13=xxxxxxxx f14:4094e49c f14:4094e49c f13:4495ec66
15503214ns          280270 1c0083ea 0045a70b p.lw             x14, 4(x11!)        x14=40a61b89 x11=10001ed8 x11:10001ed4  PA:10001ed4
15503254ns          280272 1c0083ee 08a77753 fsub.s           f14, f14, f10       f14=xxxxxxxx f14:40a61b89 f10:4084fb1a
15503274ns          280273 1c0083f2 68e776c3 fmadd.s          f13, f14, f14, f13  f13=xxxxxxxx f14:3f8481bc f14:3f8481bc f13:4498a12f
15503294ns          280274 1c0083ea 0045a70b p.lw             x14, 4(x11!)        x14=40ccef67 x11=10001edc x11:10001ed8  PA:10001ed8
15503334ns          280276 1c0083ee 08a77753 fsub.s           f14, f14, f10       f14=xxxxxxxx f14:40ccef67 f10:4084fb1a
15503354ns          280277 1c0083f2 68e776c3 fmadd.s          f13, f14, f14, f13  f13=xxxxxxxx f14:400fe89a f14:400fe89a f13:4498c37a
15503373ns          280278 1c0083ea 0045a70b p.lw             x14, 4(x11!)        x14=402f9de2 x11=10001ee0 x11:10001edc  PA:10001edc
15503413ns          280280 1c0083ee 08a77753 fsub.s           f14, f14, f10       f14=xxxxxxxx f14:402f9de2 f10:4084fb1a
15503433ns          280281 1c0083f2 68e776c3 fmadd.s          f13, f14, f14, f13  f13=xxxxxxxx f14:bfb4b0a4 f14:bfb4b0a4 f13:44996545
15503453ns          280282 1c0083ea 0045a70b p.lw             x14, 4(x11!)        x14=40a3def0 x11=10001ee4 x11:10001ee0  PA:10001ee0
15503493ns          280284 1c0083ee 08a77753 fsub.s           f14, f14, f10       f14=xxxxxxxx f14:40a3def0 f10:4084fb1a
15503513ns          280285 1c0083f2 68e776c3 fmadd.s          f13, f14, f14, f13  f13=xxxxxxxx f14:3f771eb0 f14:3f771eb0 f13:4499a509
15503533ns          280286 1c0083ea 0045a70b p.lw             x14, 4(x11!)        x14=40c03a16 x11=10001ee8 x11:10001ee4  PA:10001ee4
15503572ns          280288 1c0083ee 08a77753 fsub.s           f14, f14, f10       f14=xxxxxxxx f14:40c03a16 f10:4084fb1a
15503592ns          280289 1c0083f2 68e776c3 fmadd.s          f13, f14, f14, f13  f13=xxxxxxxx f14:3fecfbf0 f14:3fecfbf0 f13:4499c2db
15503612ns          280290 1c0083ea 0045a70b p.lw             x14, 4(x11!)        x14=40e03a8f x11=10001eec x11:10001ee8  PA:10001ee8
15503652ns          280292 1c0083ee 08a77753 fsub.s           f14, f14, f10       f14=xxxxxxxx f14:40e03a8f f10:4084fb1a
15503672ns          280293 1c0083f2 68e776c3 fmadd.s          f13, f14, f14, f13  f13=xxxxxxxx f14:40367eea f14:40367eea f13:449a308c
15503692ns          280294 1c0083ea 0045a70b p.lw             x14, 4(x11!)        x14=40c7366b x11=10001ef0 x11:10001eec  PA:10001eec
15503731ns          280296 1c0083ee 08a77753 fsub.s           f14, f14, f10       f14=xxxxxxxx f14:40c7366b f10:4084fb1a
15503751ns          280297 1c0083f2 68e776c3 fmadd.s          f13, f14, f14, f13  f13=xxxxxxxx f14:400476a2 f14:400476a2 f13:449b34bd
15503771ns          280298 1c0083ea 0045a70b p.lw             x14, 4(x11!)        x14=40be5d00 x11=10001ef4 x11:10001ef0  PA:10001ef0
15503811ns          280300 1c0083ee 08a77753 fsub.s           f14, f14, f10       f14=xxxxxxxx f14:40be5d00 f10:4084fb1a
15503831ns          280301 1c0083f2 68e776c3 fmadd.s          f13, f14, f14, f13  f13=xxxxxxxx f14:3fe58798 f14:3fe58798 f13:449bbdd2
15503851ns          280302 1c0083ea 0045a70b p.lw             x14, 4(x11!)        x14=40b46f26 x11=10001ef8 x11:10001ef4  PA:10001ef4
15503891ns          280304 1c0083ee 08a77753 fsub.s           f14, f14, f10       f14=xxxxxxxx f14:40b46f26 f10:4084fb1a
15503911ns          280305 1c0083f2 68e776c3 fmadd.s          f13, f14, f14, f13  f13=xxxxxxxx f14:3fbdd030 f14:3fbdd030 f13:449c24b8
15503930ns          280306 1c0083ea 0045a70b p.lw             x14, 4(x11!)        x14=3fb531a2 x11=10001efc x11:10001ef8  PA:10001ef8
15503970ns          280308 1c0083ee 08a77753 fsub.s           f14, f14, f10       f14=xxxxxxxx f14:3fb531a2 f10:4084fb1a
15503990ns          280309 1c0083f2 68e776c3 fmadd.s          f13, f14, f14, f13  f13=xxxxxxxx f14:c02f5d63 f14:c02f5d63 f13:449c6b17
15504010ns          280310 1c0083ea 0045a70b p.lw             x14, 4(x11!)        x14=c049f505 x11=10001f00 x11:10001efc  PA:10001efc
15504050ns          280312 1c0083ee 08a77753 fsub.s           f14, f14, f10       f14=xxxxxxxx f14:c049f505 f10:4084fb1a
15504070ns          280313 1c0083f2 68e776c3 fmadd.s          f13, f14, f14, f13  f13=xxxxxxxx f14:c0e9f59c f14:c0e9f59c f13:449d5b59
15504090ns          280314 1c0083ea 0045a70b p.lw             x14, 4(x11!)        x14=409fc701 x11=10001f04 x11:10001f00  PA:10001f00
15504129ns          280316 1c0083ee 08a77753 fsub.s           f14, f14, f10       f14=xxxxxxxx f14:409fc701 f10:4084fb1a
15504149ns          280317 1c0083f2 68e776c3 fmadd.s          f13, f14, f14, f13  f13=xxxxxxxx f14:3f565f38 f14:3f565f38 f13:44a409e1
15504169ns          280318 1c0083ea 0045a70b p.lw             x14, 4(x11!)        x14=407d2f88 x11=10001f08 x11:10001f04  PA:10001f04
15504209ns          280320 1c0083ee 08a77753 fsub.s           f14, f14, f10       f14=xxxxxxxx f14:407d2f88 f10:4084fb1a
15504229ns          280321 1c0083f2 68e776c3 fmadd.s          f13, f14, f14, f13  f13=xxxxxxxx f14:be4c6ac0 f14:be4c6ac0 f13:44a42051
15504249ns          280322 1c0083ea 0045a70b p.lw             x14, 4(x11!)        x14=3ff5469e x11=10001f0c x11:10001f08  PA:10001f08
15504288ns          280324 1c0083ee 08a77753 fsub.s           f14, f14, f10       f14=xxxxxxxx f14:3ff5469e f10:4084fb1a
15504308ns          280325 1c0083f2 68e776c3 fmadd.s          f13, f14, f14, f13  f13=xxxxxxxx f14:c00f52e5 f14:c00f52e5 f13:44a42197
15504328ns          280326 1c0083ea 0045a70b p.lw             x14, 4(x11!)        x14=bfed2393 x11=10001f10 x11:10001f0c  PA:10001f0c
15504368ns          280328 1c0083ee 08a77753 fsub.s           f14, f14, f10       f14=xxxxxxxx f14:bfed2393 f10:4084fb1a
15504388ns          280329 1c0083f2 68e776c3 fmadd.s          f13, f14, f14, f13  f13=xxxxxxxx f14:c0c043ff f14:c0c043ff f13:44a4c212
15504408ns          280330 1c0083ea 0045a70b p.lw             x14, 4(x11!)        x14=c0116a47 x11=10001f14 x11:10001f10  PA:10001f10
15504448ns          280332 1c0083ee 08a77753 fsub.s           f14, f14, f10       f14=xxxxxxxx f14:c0116a47 f10:4084fb1a
15504467ns          280333 1c0083f2 68e776c3 fmadd.s          f13, f14, f14, f13  f13=xxxxxxxx f14:c0cdb03e f14:c0cdb03e f13:44a94543
15504487ns          280334 1c0083ea 0045a70b p.lw             x14, 4(x11!)        x14=3e47627e x11=10001f18 x11:10001f14  PA:10001f14
15504527ns          280336 1c0083ee 08a77753 fsub.s           f14, f14, f10       f14=xxxxxxxx f14:3e47627e f10:4084fb1a
15504547ns          280337 1c0083f2 68e776c3 fmadd.s          f13, f14, f14, f13  f13=xxxxxxxx f14:c07d800c f14:c07d800c f13:44ae6f61
15504567ns          280338 1c0083ea 0045a70b p.lw             x14, 4(x11!)        x14=40878370 x11=10001f1c x11:10001f18  PA:10001f18
15504607ns          280340 1c0083ee 08a77753 fsub.s           f14, f14, f10       f14=xxxxxxxx f14:40878370 f10:4084fb1a
15504627ns          280341 1c0083f2 68e776c3 fmadd.s          f13, f14, f14, f13  f13=xxxxxxxx f14:3da21580 f14:3da21580 f13:44b0656e
15504646ns          280342 1c0083ea 0045a70b p.lw             x14, 4(x11!)        x14=40f3758b x11=10001f20 x11:10001f1c  PA:10001f1c
15504686ns          280344 1c0083ee 08a77753 fsub.s           f14, f14, f10       f14=xxxxxxxx f14:40f3758b f10:4084fb1a
15504706ns          280345 1c0083f2 68e776c3 fmadd.s          f13, f14, f14, f13  f13=xxxxxxxx f14:405cf4e2 f14:405cf4e2 f13:44b065a1
15504726ns          280346 1c0083ea 0045a70b p.lw             x14, 4(x11!)        x14=c049cc00 x11=10001f24 x11:10001f20  PA:10001f20
15504766ns          280348 1c0083ee 08a77753 fsub.s           f14, f14, f10       f14=xxxxxxxx f14:c049cc00 f10:4084fb1a
15504786ns          280349 1c0083f2 68e776c3 fmadd.s          f13, f14, f14, f13  f13=xxxxxxxx f14:c0e9e11a f14:c0e9e11a f13:44b1e30d
15504806ns          280350 1c0083ea 0045a70b p.lw             x14, 4(x11!)        x14=be0342b4 x11=10001f28 x11:10001f24  PA:10001f24
15504845ns          280352 1c0083ee 08a77753 fsub.s           f14, f14, f10       f14=xxxxxxxx f14:be0342b4 f10:4084fb1a
15504865ns          280353 1c0083f2 68e776c3 fmadd.s          f13, f14, f14, f13  f13=xxxxxxxx f14:c0891530 f14:c0891530 f13:44b89069
15504885ns          280354 1c0083ea 0045a70b p.lw             x14, 4(x11!)        x14=3d4eb8dc x11=10001f2c x11:10001f28  PA:10001f28
15504925ns          280356 1c0083ee 08a77753 fsub.s           f14, f14, f10       f14=xxxxxxxx f14:3d4eb8dc f10:4084fb1a
15504945ns          280357 1c0083f2 68e776c3 fmadd.s          f13, f14, f14, f13  f13=xxxxxxxx f14:c0835da8 f14:c0835da8 f13:44badba6
15504965ns          280358 1c0083ea 0045a70b p.lw             x14, 4(x11!)        x14=bf63775e x11=10001f30 x11:10001f2c  PA:10001f2c
15505004ns          280360 1c0083ee 08a77753 fsub.s           f14, f14, f10       f14=xxxxxxxx f14:bf63775e f10:4084fb1a
15505024ns          280361 1c0083f2 68e776c3 fmadd.s          f13, f14, f14, f13  f13=xxxxxxxx f14:c0a16a06 f14:c0a16a06 f13:44bcf6ee
15505044ns          280362 1c0083ea 0045a70b p.lw             x14, 4(x11!)        x14=c0b9fa40 x11=10001f34 x11:10001f30  PA:10001f30
15505084ns          280364 1c0083ee 08a77753 fsub.s           f14, f14, f10       f14=xxxxxxxx f14:c0b9fa40 f10:4084fb1a
15505104ns          280365 1c0083f2 68e776c3 fmadd.s          f13, f14, f14, f13  f13=xxxxxxxx f14:c11f7aad f14:c11f7aad f13:44c02522
15505124ns          280366 1c0083ea 0045a70b p.lw             x14, 4(x11!)        x14=bf8e5a23 x11=10001f38 x11:10001f34  PA:10001f34
15505164ns          280368 1c0083ee 08a77753 fsub.s           f14, f14, f10       f14=xxxxxxxx f14:bf8e5a23 f10:4084fb1a
15505184ns          280369 1c0083f2 68e776c3 fmadd.s          f13, f14, f14, f13  f13=xxxxxxxx f14:c0a891a3 f14:c0a891a3 f13:44cc9056
15505203ns          280370 1c0083ea 0045a70b p.lw             x14, 4(x11!)        x14=c074ee01 x11=10001f3c x11:10001f38  PA:10001f38
15505243ns          280372 1c0083ee 08a77753 fsub.s           f14, f14, f10       f14=xxxxxxxx f14:c074ee01 f10:4084fb1a
15505263ns          280373 1c0083f2 68e776c3 fmadd.s          f13, f14, f14, f13  f13=xxxxxxxx f14:c0ff721a f14:c0ff721a f13:44d00852
15505283ns          280374 1c0083ea 0045a70b p.lw             x14, 4(x11!)        x14=c07369f3 x11=10001f40 x11:10001f3c  PA:10001f3c
15505323ns          280376 1c0083ee 08a77753 fsub.s           f14, f14, f10       f14=xxxxxxxx f14:c07369f3 f10:4084fb1a
15505343ns          280377 1c0083f2 68e776c3 fmadd.s          f13, f14, f14, f13  f13=xxxxxxxx f14:c0feb014 f14:c0feb014 f13:44d7ff76
15505363ns          280378 1c0083ea 0045a70b p.lw             x14, 4(x11!)        x14=c0de1678 x11=10001f44 x11:10001f40  PA:10001f40
15505402ns          280380 1c0083ee 08a77753 fsub.s           f14, f14, f10       f14=xxxxxxxx f14:c0de1678 f10:4084fb1a
15505422ns          280381 1c0083f2 68e776c3 fmadd.s          f13, f14, f14, f13  f13=xxxxxxxx f14:c13188c9 f14:c13188c9 f13:44dfea85
15505442ns          280382 1c0083ea 0045a70b p.lw             x14, 4(x11!)        x14=bff9ae3e x11=10001f48 x11:10001f44  PA:10001f44
15505482ns          280384 1c0083ee 08a77753 fsub.s           f14, f14, f10       f14=xxxxxxxx f14:bff9ae3e f10:4084fb1a
15505502ns          280385 1c0083f2 68e776c3 fmadd.s          f13, f14, f14, f13  f13=xxxxxxxx f14:c0c366aa f14:c0c366aa f13:44ef4e53
15505522ns          280386 1c0083ea 0045a70b p.lw             x14, 4(x11!)        x14=411082cb x11=10001f4c x11:10001f48  PA:10001f48
15505561ns          280388 1c0083ee 08a77753 fsub.s           f14, f14, f10       f14=xxxxxxxx f14:411082cb f10:4084fb1a
15505581ns          280389 1c0083f2 68e776c3 fmadd.s          f13, f14, f14, f13  f13=xxxxxxxx f14:409c0a7c f14:409c0a7c f13:44f3f780
15505601ns          280390 1c0083ea 0045a70b p.lw             x14, 4(x11!)        x14=412792e6 x11=10001f50 x11:10001f4c  PA:10001f4c
15505641ns          280392 1c0083ee 08a77753 fsub.s           f14, f14, f10       f14=xxxxxxxx f14:412792e6 f10:4084fb1a
15505661ns          280393 1c0083f2 68e776c3 fmadd.s          f13, f14, f14, f13  f13=xxxxxxxx f14:40ca2ab2 f14:40ca2ab2 f13:44f6f066
15505681ns          280394 1c0083ea 0045a70b p.lw             x14, 4(x11!)        x14=41016701 x11=10001f54 x11:10001f50  PA:10001f50
15505721ns          280396 1c0083ee 08a77753 fsub.s           f14, f14, f10       f14=xxxxxxxx f14:41016701 f10:4084fb1a
15505740ns          280397 1c0083f2 68e776c3 fmadd.s          f13, f14, f14, f13  f13=xxxxxxxx f14:407ba5d0 f14:407ba5d0 f13:44fbeda1
15505760ns          280398 1c0083ea 0045a70b p.lw             x14, 4(x11!)        x14=40974228 x11=10001f58 x11:10001f54  PA:10001f54
15505800ns          280400 1c0083ee 08a77753 fsub.s           f14, f14, f10       f14=xxxxxxxx f14:40974228 f10:4084fb1a
15505820ns          280401 1c0083f2 68e776c3 fmadd.s          f13, f14, f14, f13  f13=xxxxxxxx f14:3f123870 f14:3f123870 f13:44fddc5e
15505840ns          280402 1c0083ea 0045a70b p.lw             x14, 4(x11!)        x14=412578d8 x11=10001f5c x11:10001f58  PA:10001f58
15505880ns          280404 1c0083ee 08a77753 fsub.s           f14, f14, f10       f14=xxxxxxxx f14:412578d8 f10:4084fb1a
15505900ns          280405 1c0083f2 68e776c3 fmadd.s          f13, f14, f14, f13  f13=xxxxxxxx f14:40c5f696 f14:40c5f696 f13:44fde6cf
15505919ns          280406 1c0083ea 0045a70b p.lw             x14, 4(x11!)        x14=40d067f3 x11=10001f60 x11:10001f5c  PA:10001f5c
15505959ns          280408 1c0083ee 08a77753 fsub.s           f14, f14, f10       f14=xxxxxxxx f14:40d067f3 f10:4084fb1a
15505979ns          280409 1c0083f2 68e776c3 fmadd.s          f13, f14, f14, f13  f13=xxxxxxxx f14:4016d9b2 f14:4016d9b2 f13:450157bd
15505999ns          280410 1c0083ea 0045a70b p.lw             x14, 4(x11!)        x14=4131ead8 x11=10001f64 x11:10001f60  PA:10001f60
15506039ns          280412 1c0083ee 08a77753 fsub.s           f14, f14, f10       f14=xxxxxxxx f14:4131ead8 f10:4084fb1a
15506059ns          280413 1c0083f2 68e776c3 fmadd.s          f13, f14, f14, f13  f13=xxxxxxxx f14:40deda96 f14:40deda96 f13:4501b0a1
15506079ns          280414 1c0083ea 0045a70b p.lw             x14, 4(x11!)        x14=41080770 x11=10001f68 x11:10001f64  PA:10001f64
15506118ns          280416 1c0083ee 08a77753 fsub.s           f14, f14, f10       f14=xxxxxxxx f14:41080770 f10:4084fb1a
15506138ns          280417 1c0083f2 68e776c3 fmadd.s          f13, f14, f14, f13  f13=xxxxxxxx f14:408b13c6 f14:408b13c6 f13:4504b8a0
15506158ns          280418 1c0083ea 0045a70b p.lw             x14, 4(x11!)        x14=4074855a x11=10001f6c x11:10001f68  PA:10001f68
15506198ns          280420 1c0083ee 08a77753 fsub.s           f14, f14, f10       f14=xxxxxxxx f14:4074855a f10:4084fb1a
15506218ns          280421 1c0083f2 68e776c3 fmadd.s          f13, f14, f14, f13  f13=xxxxxxxx f14:beab86d0 f14:beab86d0 f13:4505e6da
15506238ns          280422 1c0083ea 0045a70b p.lw             x14, 4(x11!)        x14=40ba7eb1 x11=10001f70 x11:10001f6c  PA:10001f6c
15506277ns          280424 1c0083ee 08a77753 fsub.s           f14, f14, f10       f14=xxxxxxxx f14:40ba7eb1 f10:4084fb1a
15506297ns          280425 1c0083f2 68e776c3 fmadd.s          f13, f14, f14, f13  f13=xxxxxxxx f14:3fd60e5c f14:3fd60e5c f13:4505e8a6
15506317ns          280426 1c0083ea 0045a70b p.lw             x14, 4(x11!)        x14=40fca509 x11=10001f74 x11:10001f70  PA:10001f70
15506357ns          280428 1c0083ee 08a77753 fsub.s           f14, f14, f10       f14=xxxxxxxx f14:40fca509 f10:4084fb1a
15506377ns          280429 1c0083f2 68e776c3 fmadd.s          f13, f14, f14, f13  f13=xxxxxxxx f14:406f53de f14:406f53de f13:45061565
15506397ns          280430 1c0083ea 0045a70b p.lw             x14, 4(x11!)        x14=3f19fc79 x11=10001f78 x11:10001f74  PA:10001f74
15506437ns          280432 1c0083ee 08a77753 fsub.s           f14, f14, f10       f14=xxxxxxxx f14:3f19fc79 f10:4084fb1a
15506457ns          280433 1c0083f2 68e776c3 fmadd.s          f13, f14, f14, f13  f13=xxxxxxxx f14:c0637716 f14:c0637716 f13:4506f523
15506476ns          280434 1c0083ea 0045a70b p.lw             x14, 4(x11!)        x14=40abc071 x11=10001f7c x11:10001f78  PA:10001f78
15506516ns          280436 1c0083ee 08a77753 fsub.s           f14, f14, f10       f14=xxxxxxxx f14:40abc071 f10:4084fb1a
15506536ns          280437 1c0083f2 68e776c3 fmadd.s          f13, f14, f14, f13  f13=xxxxxxxx f14:3f9b155c f14:3f9b155c f13:4507bf3f
15506556ns          280438 1c0083ea 0045a70b p.lw             x14, 4(x11!)        x14=40c99b5c x11=10001f80 x11:10001f7c  PA:10001f7c
15506596ns          280440 1c0083ee 08a77753 fsub.s           f14, f14, f10       f14=xxxxxxxx f14:40c99b5c f10:4084fb1a
15506616ns          280441 1c0083f2 68e776c3 fmadd.s          f13, f14, f14, f13  f13=xxxxxxxx f14:40094084 f14:40094084 f13:4507d6bc
15506636ns          280442 1c0083ea 0045a70b p.lw             x14, 4(x11!)        x14=40c8775a x11=10001f84 x11:10001f80  PA:10001f80
15506675ns          280444 1c0083ee 08a77753 fsub.s           f14, f14, f10       f14=xxxxxxxx f14:40c8775a f10:4084fb1a
15506695ns          280445 1c0083f2 68e776c3 fmadd.s          f13, f14, f14, f13  f13=xxxxxxxx f14:4006f880 f14:4006f880 f13:45082052
15506715ns          280446 1c0083ea 0045a70b p.lw             x14, 4(x11!)        x14=bdb942ef x11=10001f88 x11:10001f84  PA:10001f84
15506755ns          280448 1c0083ee 08a77753 fsub.s           f14, f14, f10       f14=xxxxxxxx f14:bdb942ef f10:4084fb1a
15506775ns          280449 1c0083f2 68e776c3 fmadd.s          f13, f14, f14, f13  f13=xxxxxxxx f14:c087e026 f14:c087e026 f13:4508677b
15506795ns          280450 1c0083ea 0045a70b p.lw             x14, 4(x11!)        x14=3feee4d0 x11=10001f8c x11:10001f88  PA:10001f88
15506834ns          280452 1c0083ee 08a77753 fsub.s           f14, f14, f10       f14=xxxxxxxx f14:3feee4d0 f10:4084fb1a
15506854ns          280453 1c0083f2 68e776c3 fmadd.s          f13, f14, f14, f13  f13=xxxxxxxx f14:c01283cc f14:c01283cc f13:450987f4
15506874ns          280454 1c0083ea 0045a70b p.lw             x14, 4(x11!)        x14=405fce31 x11=10001f90 x11:10001f8c  PA:10001f8c
15506914ns          280456 1c0083ee 08a77753 fsub.s           f14, f14, f10       f14=xxxxxxxx f14:405fce31 f10:4084fb1a
15506934ns          280457 1c0083f2 68e776c3 fmadd.s          f13, f14, f14, f13  f13=xxxxxxxx f14:bf28a00c f14:bf28a00c f13:4509dbcf
15506954ns          280458 1c0083ea 0045a70b p.lw             x14, 4(x11!)        x14=4093549e x11=10001f94 x11:10001f90  PA:10001f90
15506994ns          280460 1c0083ee 08a77753 fsub.s           f14, f14, f10       f14=xxxxxxxx f14:4093549e f10:4084fb1a
15507013ns          280461 1c0083f2 68e776c3 fmadd.s          f13, f14, f14, f13  f13=xxxxxxxx f14:3ee59840 f14:3ee59840 f13:4509e2c0
15507033ns          280462 1c0083ea 0045a70b p.lw             x14, 4(x11!)        x14=40fe8293 x11=10001f98 x11:10001f94  PA:10001f94
15507073ns          280464 1c0083ee 08a77753 fsub.s           f14, f14, f10       f14=xxxxxxxx f14:40fe8293 f10:4084fb1a
15507093ns          280465 1c0083f2 68e776c3 fmadd.s          f13, f14, f14, f13  f13=xxxxxxxx f14:40730ef2 f14:40730ef2 f13:4509e5f8
15507113ns          280466 1c0083ea 0045a70b p.lw             x14, 4(x11!)        x14=3e41a6c2 x11=10001f9c x11:10001f98  PA:10001f98
15507153ns          280468 1c0083ee 08a77753 fsub.s           f14, f14, f10       f14=xxxxxxxx f14:3e41a6c2 f10:4084fb1a
15507173ns          280469 1c0083f2 68e776c3 fmadd.s          f13, f14, f14, f13  f13=xxxxxxxx f14:c07ddbc8 f14:c07ddbc8 f13:450accbd
15507192ns          280470 1c0083ea 0045a70b p.lw             x14, 4(x11!)        x14=3f50b1b9 x11=10001fa0 x11:10001f9c  PA:10001f9c
15507232ns          280472 1c0083ee 08a77753 fsub.s           f14, f14, f10       f14=xxxxxxxx f14:3f50b1b9 f10:4084fb1a
15507252ns          280473 1c0083f2 68e776c3 fmadd.s          f13, f14, f14, f13  f13=xxxxxxxx f14:c055c9c6 f14:c055c9c6 f13:450bc879
15507272ns          280474 1c0083ea 0045a70b p.lw             x14, 4(x11!)        x14=3fa734ff x11=10001fa4 x11:10001fa0  PA:10001fa0
15507312ns          280476 1c0083ee 08a77753 fsub.s           f14, f14, f10       f14=xxxxxxxx f14:3fa734ff f10:4084fb1a
15507332ns          280477 1c0083f2 68e776c3 fmadd.s          f13, f14, f14, f13  f13=xxxxxxxx f14:c0365bb4 f14:c0365bb4 f13:450c7b02
15507352ns          280478 1c0083ea 0045a70b p.lw             x14, 4(x11!)        x14=404b693d x11=10001fa8 x11:10001fa4  PA:10001fa4
15507391ns          280480 1c0083ee 08a77753 fsub.s           f14, f14, f10       f14=xxxxxxxx f14:404b693d f10:4084fb1a
15507411ns          280481 1c0083f2 68e776c3 fmadd.s          f13, f14, f14, f13  f13=xxxxxxxx f14:bf7a33dc f14:bf7a33dc f13:450cfce9
15507431ns          280482 1c0083ea 0045a70b p.lw             x14, 4(x11!)        x14=3fb8fada x11=10001fac x11:10001fa8  PA:10001fa8
15507471ns          280484 1c0083ee 08a77753 fsub.s           f14, f14, f10       f14=xxxxxxxx f14:3fb8fada f10:4084fb1a
15507491ns          280485 1c0083f2 68e776c3 fmadd.s          f13, f14, f14, f13  f13=xxxxxxxx f14:c02d78c7 f14:c02d78c7 f13:450d0c32
15507511ns          280486 1c0083ea 0045a70b p.lw             x14, 4(x11!)        x14=400705bc x11=10001fb0 x11:10001fac  PA:10001fac
15507551ns          280488 1c0083ee 08a77753 fsub.s           f14, f14, f10       f14=xxxxxxxx f14:400705bc f10:4084fb1a
15507570ns          280489 1c0083f2 68e776c3 fmadd.s          f13, f14, f14, f13  f13=xxxxxxxx f14:c002f078 f14:c002f078 f13:450d81be
15507590ns          280490 1c0083ea 0045a70b p.lw             x14, 4(x11!)        x14=3f9eeee1 x11=10001fb4 x11:10001fb0  PA:10001fb0
15507630ns          280492 1c0083ee 08a77753 fsub.s           f14, f14, f10       f14=xxxxxxxx f14:3f9eeee1 f10:4084fb1a
15507650ns          280493 1c0083f2 68e776c3 fmadd.s          f13, f14, f14, f13  f13=xxxxxxxx f14:c03a7ec4 f14:c03a7ec4 f13:450dc4b7
15507670ns          280494 1c0083ea 0045a70b p.lw             x14, 4(x11!)        x14=406d44aa x11=10001fb8 x11:10001fb4  PA:10001fb4
15507710ns          280496 1c0083ee 08a77753 fsub.s           f14, f14, f10       f14=xxxxxxxx f14:406d44aa f10:4084fb1a
15507730ns          280497 1c0083f2 68e776c3 fmadd.s          f13, f14, f14, f13  f13=xxxxxxxx f14:bee58c50 f14:bee58c50 f13:450e4c93
15507749ns          280498 1c0083ea 0045a70b p.lw             x14, 4(x11!)        x14=4119abbf x11=10001fbc x11:10001fb8  PA:10001fb8
15507789ns          280500 1c0083ee 08a77753 fsub.s           f14, f14, f10       f14=xxxxxxxx f14:4119abbf f10:4084fb1a
15507809ns          280501 1c0083f2 68e776c3 fmadd.s          f13, f14, f14, f13  f13=xxxxxxxx f14:40ae5c64 f14:40ae5c64 f13:450e4fca
15507829ns          280502 1c0083ea 0045a70b p.lw             x14, 4(x11!)        x14=40cb98c6 x11=10001fc0 x11:10001fbc  PA:10001fbc
15507869ns          280504 1c0083ee 08a77753 fsub.s           f14, f14, f10       f14=xxxxxxxx f14:40cb98c6 f10:4084fb1a
15507889ns          280505 1c0083f2 68e776c3 fmadd.s          f13, f14, f14, f13  f13=xxxxxxxx f14:400d3b58 f14:400d3b58 f13:45102ad1
15507909ns          280506 1c0083ea 0045a70b p.lw             x14, 4(x11!)        x14=407d01a7 x11=10001fc4 x11:10001fc0  PA:10001fc0
15507948ns          280508 1c0083ee 08a77753 fsub.s           f14, f14, f10       f14=xxxxxxxx f14:407d01a7 f10:4084fb1a
15507968ns          280509 1c0083f2 68e776c3 fmadd.s          f13, f14, f14, f13  f13=xxxxxxxx f14:be4f48d0 f14:be4f48d0 f13:451078bb
15507988ns          280510 1c0083ea 0045a70b p.lw             x14, 4(x11!)        x14=408de6bc x11=10001fc8 x11:10001fc4  PA:10001fc4
15508028ns          280512 1c0083ee 08a77753 fsub.s           f14, f14, f10       f14=xxxxxxxx f14:408de6bc f10:4084fb1a
15508048ns          280513 1c0083f2 68e776c3 fmadd.s          f13, f14, f14, f13  f13=xxxxxxxx f14:3e8eba20 f14:3e8eba20 f13:45107963
15508068ns          280514 1c0083ea 0045a70b p.lw             x14, 4(x11!)        x14=404e3d3d x11=10001fcc x11:10001fc8  PA:10001fc8
15508107ns          280516 1c0083ee 08a77753 fsub.s           f14, f14, f10       f14=xxxxxxxx f14:404e3d3d f10:4084fb1a
15508127ns          280517 1c0083f2 68e776c3 fmadd.s          f13, f14, f14, f13  f13=xxxxxxxx f14:bf6ee3dc f14:bf6ee3dc f13:45107aa1
15508147ns          280518 1c0083ea 0045a70b p.lw             x14, 4(x11!)        x14=4109aa02 x11=10001fd0 x11:10001fcc  PA:10001fcc
15508187ns          280520 1c0083ee 08a77753 fsub.s           f14, f14, f10       f14=xxxxxxxx f14:4109aa02 f10:4084fb1a
15508207ns          280521 1c0083f2 68e776c3 fmadd.s          f13, f14, f14, f13  f13=xxxxxxxx f14:408e58ea f14:408e58ea f13:45108890
15508227ns          280522 1c0083ea 0045a70b p.lw             x14, 4(x11!)        x14=409f7fee x11=10001fd4 x11:10001fd0  PA:10001fd0
15508267ns          280524 1c0083ee 08a77753 fsub.s           f14, f14, f10       f14=xxxxxxxx f14:409f7fee f10:4084fb1a
15508286ns          280525 1c0083f2 68e776c3 fmadd.s          f13, f14, f14, f13  f13=xxxxxxxx f14:3f5426a0 f14:3f5426a0 f13:4511c52b
15508306ns          280526 1c0083ea 0045a70b p.lw             x14, 4(x11!)        x14=40dd559a x11=10001fd8 x11:10001fd4  PA:10001fd4
15508346ns          280528 1c0083ee 08a77753 fsub.s           f14, f14, f10       f14=xxxxxxxx f14:40dd559a f10:4084fb1a
15508366ns          280529 1c0083f2 68e776c3 fmadd.s          f13, f14, f14, f13  f13=xxxxxxxx f14:4030b500 f14:4030b500 f13:4511d028
15508386ns          280530 1c0083ea 0045a70b p.lw             x14, 4(x11!)        x14=401f5edb x11=10001fdc x11:10001fd8  PA:10001fd8
15508426ns          280532 1c0083ee 08a77753 fsub.s           f14, f14, f10       f14=xxxxxxxx f14:401f5edb f10:4084fb1a
15508446ns          280533 1c0083f2 68e776c3 fmadd.s          f13, f14, f14, f13  f13=xxxxxxxx f14:bfd52eb2 f14:bfd52eb2 f13:45124a21
15508465ns          280534 1c0083ea 0045a70b p.lw             x14, 4(x11!)        x14=411704f6 x11=10001fe0 x11:10001fdc  PA:10001fdc
15508505ns          280536 1c0083ee 08a77753 fsub.s           f14, f14, f10       f14=xxxxxxxx f14:411704f6 f10:4084fb1a
15508525ns          280537 1c0083f2 68e776c3 fmadd.s          f13, f14, f14, f13  f13=xxxxxxxx f14:40a90ed2 f14:40a90ed2 f13:45127683
15508545ns          280538 1c0083ea 0045a70b p.lw             x14, 4(x11!)        x14=40960d88 x11=10001fe4 x11:10001fe0  PA:10001fe0
15508585ns          280540 1c0083ee 08a77753 fsub.s           f14, f14, f10       f14=xxxxxxxx f14:40960d88 f10:4084fb1a
15508605ns          280541 1c0083f2 68e776c3 fmadd.s          f13, f14, f14, f13  f13=xxxxxxxx f14:3f089370 f14:3f089370 f13:45143515
15508625ns          280542 1c0083ea 0045a70b p.lw             x14, 4(x11!)        x14=3f56cf44 x11=10001fe8 x11:10001fe4  PA:10001fe4
15508664ns          280544 1c0083ee 08a77753 fsub.s           f14, f14, f10       f14=xxxxxxxx f14:3f56cf44 f10:4084fb1a
15508684ns          280545 1c0083f2 68e776c3 fmadd.s          f13, f14, f14, f13  f13=xxxxxxxx f14:c0544263 f14:c0544263 f13:451439a3
15508704ns          280546 1c0083f6 1c011737 lui              x14, 0x1c011000     x14=1c011000
15508724ns          280547 1c0083fa 00441793 slli             x15, x8, 0x4        x15=00000030  x8:00000003
15509162ns          280569 1c0083fe 00070713 addi             x14, x14, 0         x14=1c011000 x14:1c011000
15509182ns          280570 1c008402 00e787b3 add              x15, x15, x14       x15=1c011030 x15:00000030 x14:1c011000
15509201ns          280571 1c008404 8807a783 lw               x15, -1920(x15)     x15=43f95777 x15:1c011030  PA:1c0108b0
15509639ns          280593 1c008408 1c0005b7 lui              x11, 0x1c000000     x11=1c000000
15509659ns          280594 1c00840c a0f607d3 fle.s            x15, f12, f15       x15=00000001 f12:43f956d1 f15:43f95777
15509699ns          280596 1c008410 0205a583 lw               x11, 32(x11)        x11=42ee0000 x11:1c000000  PA:1c000020
15510196ns          280621 1c008414 00241413 slli             x8, x8, 0x2          x8=0000000c  x8:00000003
15510216ns          280622 1c008416 18b6f6d3 fdiv.s           f13, f13, f11       f13=xxxxxxxx f13:4514e9a1 f11:42ee0000
15510554ns          280639 1c00841a 02079563 bne              x15, x0, 42         x15:00000001
15510693ns          280646 1c008444 00140793 addi             x15, x8, 1          x15=00000034  x8:0000000c
15510733ns          280648 1c008448 00279793 slli             x15, x15, 0x2       x15=1c011034 x15:0000000d
15510753ns          280649 1c00844a 00e787b3 add              x15, x15, x14       x15=43f95631 x15:00000034 x14:1c011000  PA:1c0108b4
15510773ns          280650 1c00844c 8807a783 lw               x15, -1920(x15)     x15=xxxxxxxx x15:1c011034
15511230ns          280673 1c008450 a0c78653 fle.s            x12, f15, f12       x12=00000001 f15:43f95631 f12:43f956d1
15511250ns          280674 1c008454 fc0604e3 beq              x12, x0, -56        x12:00000001
15511270ns          280675 1c008456 00240793 addi             x15, x8, 2          x15=0000000e  x8:0000000c
15511290ns          280676 1c00845a 00279793 slli             x15, x15, 0x2       x15=00000038 x15:0000000e
15511310ns          280677 1c00845c 00e787b3 add              x15, x15, x14       x15=1c011038 x15:00000038 x14:1c011000
15511708ns          280697 1c00845e 8807a783 lw               x15, -1920(x15)     x15=41a02d31 x15:1c011038  PA:1c0108b8
15512046ns          280714 1c008462 a0f687d3 fle.s            x15, f13, f15       x15=00000001 f13:41a02cc7 f15:41a02d31
15512066ns          280715 1c008466 fa078be3 beq              x15, x0, -74        x15:00000001
15512086ns          280716 1c008468 00340413 addi             x8, x8, 3            x8=0000000f  x8:0000000c
15512105ns          280717 1c00846a 00241793 slli             x15, x8, 0x2        x15=0000003c  x8:0000000f
15512125ns          280718 1c00846e 00e787b3 add              x15, x15, x14       x15=1c01103c x15:0000003c x14:1c011000
15512543ns          280739 1c008470 8807a783 lw               x15, -1920(x15)     x15=41a02c5f x15:1c01103c  PA:1c0108bc
15513020ns          280763 1c008474 a0d786d3 fle.s            x13, f15, f13       x13=00000001 f15:41a02c5f f13:41a02cc7
15513040ns          280764 1c008478 fa0682e3 beq              x13, x0, -92        x13:00000001
15513060ns          280765 1c00847a 1c000537 lui              x10, 0x1c000000     x10=1c000000
15513080ns          280766 1c00847e f14025f3 csrrs            x11, x0, 0xf14      x11=00000003
15513120ns          280768 1c008482 09850513 addi             x10, x10, 152       x10=1c000098 x10:1c000000
15513140ns          280769 1c008486 f455b5b3 p.bclr           x11, x11, 26, 5     x11=00000003 x11:00000003
15513160ns          280770 1c00848a 6aa000ef jal              x1, 1706             x1=1c00848c
15513299ns          280777 1c008b34 fc010113 addi             x2, x2, -64          x2=10001dc8  x2:10001e08
15513339ns          280779 1c008b36 02410313 addi             x6, x2, 36           x6=10001dec  x2:10001dc8
15513359ns          280780 1c008b3a 02c12423 sw               x12, 40(x2)         x12:00000001  x2:10001dc8  PA:10001df0
15513378ns          280781 1c008b3c 00a00633 add              x12, x0, x10        x12=1c000098 x10:1c000098
15513418ns          280783 1c008b3e 1c009537 lui              x10, 0x1c009000     x10=1c009000
15513438ns          280784 1c008b42 02b12223 sw               x11, 36(x2)         x11:00000003  x2:10001dc8  PA:10001dec
15513458ns          280785 1c008b44 02d12623 sw               x13, 44(x2)         x13:00000001  x2:10001dc8  PA:10001df4
15513478ns          280786 1c008b46 00200593 addi             x11, x0, 2          x11=00000002
15513498ns          280787 1c008b48 006006b3 add              x13, x0, x6         x13=10001dec  x6:10001dec
15513518ns          280788 1c008b4a af050513 addi             x10, x10, -1296     x10=1c008af0 x10:1c009000
15513538ns          280789 1c008b4e 00112e23 sw               x1, 28(x2)           x1:1c00848c  x2:10001dc8  PA:10001de4
15513558ns          280790 1c008b50 02e12823 sw               x14, 48(x2)         x14:1c011000  x2:10001dc8  PA:10001df8
15513577ns          280791 1c008b52 02f12a23 sw               x15, 52(x2)         x15:41a02c5f  x2:10001dc8  PA:10001dfc
15513597ns          280792 1c008b54 03012c23 sw               x16, 56(x2)         x16:3f51ce6c  x2:10001dc8  PA:10001e00
15513617ns          280793 1c008b56 03112e23 sw               x17, 60(x2)         x17:bff9ae3e  x2:10001dc8  PA:10001e04
15513637ns          280794 1c008b58 00612623 sw               x6, 12(x2)           x6:10001dec  x2:10001dc8  PA:10001dd4
15513657ns          280795 1c008b5a fbfff0ef jal              x1, -66              x1=1c008b5c
15513776ns          280801 1c008b18 04a0006f jal              x0, 74             
15513816ns          280803 1c008b62 ed010113 addi             x2, x2, -304         x2=10001c98  x2:10001dc8
15513836ns          280804 1c008b64 12812423 sw               x8, 296(x2)          x8:0000000f  x2:10001c98  PA:10001dc0
15513856ns          280805 1c008b68 00000413 addi             x8, x0, 0            x8=00000000
15513876ns          280806 1c008b6a 11612823 sw               x22, 272(x2)        x22:xxxxxxxx  x2:10001c98  PA:10001da8
15513935ns          280809 1c008b6e 11712623 sw               x23, 268(x2)        x23:xxxxxxxx  x2:10001c98  PA:10001da4
15513975ns          280811 1c008b72 11812423 sw               x24, 264(x2)        x24:xxxxxxxx  x2:10001c98  PA:10001da0
15513995ns          280812 1c008b76 11912223 sw               x25, 260(x2)        x25:xxxxxxxx  x2:10001c98  PA:10001d9c
15514015ns          280813 1c008b7a 11a12023 sw               x26, 256(x2)        x26:xxxxxxxx  x2:10001c98  PA:10001d98
15514035ns          280814 1c008b7e 0fb12e23 sw               x27, 252(x2)        x27:xxxxxxxx  x2:10001c98  PA:10001d94
15514075ns          280816 1c008b80 12112623 sw               x1, 300(x2)          x1:1c008b5c  x2:10001c98  PA:10001dc4
15514114ns          280818 1c008b84 00800db3 add              x27, x0, x8         x27=00000000  x8:00000000
15514134ns          280819 1c008b86 12912223 sw               x9, 292(x2)          x9:xxxxxxxx  x2:10001c98  PA:10001dbc
15514154ns          280820 1c008b8a 13212023 sw               x18, 288(x2)        x18:xxxxxxxx  x2:10001c98  PA:10001db8
15514214ns          280823 1c008b8e 11312e23 sw               x19, 284(x2)        x19:xxxxxxxx  x2:10001c98  PA:10001db4
15514254ns          280825 1c008b92 11412c23 sw               x20, 280(x2)        x20:xxxxxxxx  x2:10001c98  PA:10001db0
15514274ns          280826 1c008b96 11512a23 sw               x21, 276(x2)        x21:xxxxxxxx  x2:10001c98  PA:10001dac
15514293ns          280827 1c008b9a 00a00b33 add              x22, x0, x10        x22=1c008af0 x10:1c008af0
15514313ns          280828 1c008b9c 00b00d33 add              x26, x0, x11        x26=00000002 x11:00000002
15514333ns          280829 1c008b9e 00d00c33 add              x24, x0, x13        x24=10001dec x13:10001dec
15514353ns          280830 1c008ba0 1c000bb7 lui              x23, 0x1c000000     x23=1c000000
15514393ns          280832 1c008ba4 02410c93 addi             x25, x2, 36         x25=10001cbc  x2:10001c98
15514413ns          280833 1c008ba8 00c00433 add              x8, x0, x12          x8=1c000098 x12:1c000098
15514433ns          280834 1c008baa 00044503 lbu              x10, 0(x8)          x10=0000006b  x8:1c000098  PA:1c000098
15514731ns          280849 1c008bae 00140413 addi             x8, x8, 1            x8=1c000099  x8:1c000098
15514751ns          280850 1c008bb0 00050e63 beq              x10, x0, 28         x10:0000006b
15514771ns          280851 1c008bb2 02500793 addi             x15, x0, 37         x15=00000025
15514791ns          280852 1c008bb6 04f50863 beq              x10, x15, 80        x10:0000006b x15:00000025
15514811ns          280853 1c008bba 01a005b3 add              x11, x0, x26        x11=00000002 x26:00000002
15514831ns          280854 1c008bbc 000b00e7 jalr             x1, x22, 0           x1=1c008bbe x22:1c008af0
15514950ns          280860 1c008af0 000026b7 lui              x13, 0x2000         x13=00002000
15514990ns          280862 1c008af2 f14027f3 csrrs            x15, x0, 0xf14      x15=00000003
15515010ns          280863 1c008af6 f8068693 addi             x13, x13, -128      x13=00001f80 x13:00002000
15515029ns          280864 1c008afa 00379713 slli             x14, x15, 0x3       x14=00000018 x15:00000003
15515049ns          280865 1c008afe 00279793 slli             x15, x15, 0x2       x15=0000000c x15:00000003
15515089ns          280867 1c008b00 00d7f7b3 and              x15, x15, x13       x15=00000000 x15:0000000c x13:00001f80
15515129ns          280869 1c008b02 ee873733 p.bclr           x14, x14, 23, 8     x14=00000018 x14:00000018
15515149ns          280870 1c008b06 1a10f6b7 lui              x13, 0x1a10f000     x13=1a10f000
15515169ns          280871 1c008b0a 0ff57513 andi             x10, x10, 255       x10=0000006b x10:0000006b
15515189ns          280872 1c008b0e 00d70733 add              x14, x14, x13       x14=1a10f018 x14:00000018 x13:1a10f000
15515208ns          280873 1c008b10 00a7e723 p.sw             x10, x0(x15)        x10:0000006b x15:00000000  PA:1a10f018
15515586ns          280892 1c008b14 00000513 addi             x10, x0, 0          x10=00000000
15515606ns          280893 1c008b16 00008067 jalr             x0, x1, 0            x1:1c008bbe
15515666ns          280896 1c008bbe 31f52563 p.beqimm         x10, 778            x10:00000000
15515686ns          280897 1c008bc2 001d8d93 addi             x27, x27, 1         x27=00000001 x27:00000000
15515706ns          280898 1c008bc4 00044503 lbu              x10, 0(x8)          x10=00000065  x8:1c000099  PA:1c000099
15516004ns          280913 1c008bc8 00140413 addi             x8, x8, 1            x8=1c00009a  x8:1c000099
15516024ns          280914 1c008bca fe0514e3 bne              x10, x0, -24        x10:00000065
15516104ns          280918 1c008bb2 02500793 addi             x15, x0, 37         x15=00000025
15516123ns          280919 1c008bb6 04f50863 beq              x10, x15, 80        x10:00000065 x15:00000025
15516143ns          280920 1c008bba 01a005b3 add              x11, x0, x26        x11=00000002 x26:00000002
15516163ns          280921 1c008bbc 000b00e7 jalr             x1, x22, 0           x1=1c008bbe x22:1c008af0
15516203ns          280923 1c008af0 000026b7 lui              x13, 0x2000         x13=00002000
15516223ns          280924 1c008af2 f14027f3 csrrs            x15, x0, 0xf14      x15=00000003
15516243ns          280925 1c008af6 f8068693 addi             x13, x13, -128      x13=00001f80 x13:00002000
15516263ns          280926 1c008afa 00379713 slli             x14, x15, 0x3       x14=00000018 x15:00000003
15516283ns          280927 1c008afe 00279793 slli             x15, x15, 0x2       x15=0000000c x15:00000003
15516302ns          280928 1c008b00 00d7f7b3 and              x15, x15, x13       x15=00000000 x15:0000000c x13:00001f80
15516322ns          280929 1c008b02 ee873733 p.bclr           x14, x14, 23, 8     x14=00000018 x14:00000018
15516342ns          280930 1c008b06 1a10f6b7 lui              x13, 0x1a10f000     x13=1a10f000
15516362ns          280931 1c008b0a 0ff57513 andi             x10, x10, 255       x10=00000065 x10:00000065
15516382ns          280932 1c008b0e 00d70733 add              x14, x14, x13       x14=1a10f018 x14:00000018 x13:1a10f000
15516402ns          280933 1c008b10 00a7e723 p.sw             x10, x0(x15)        x10:00000065 x15:00000000  PA:1a10f018
15516740ns          280950 1c008b14 00000513 addi             x10, x0, 0          x10=00000000
15516760ns          280951 1c008b16 00008067 jalr             x0, x1, 0            x1:1c008bbe
15516820ns          280954 1c008bbe 31f52563 p.beqimm         x10, 778            x10:00000000
15516839ns          280955 1c008bc2 001d8d93 addi             x27, x27, 1         x27=00000002 x27:00000001
15516859ns          280956 1c008bc4 00044503 lbu              x10, 0(x8)          x10=00000072  x8:1c00009a  PA:1c00009a
15517158ns          280971 1c008bc8 00140413 addi             x8, x8, 1            x8=1c00009b  x8:1c00009a
15517178ns          280972 1c008bca fe0514e3 bne              x10, x0, -24        x10:00000072
15517257ns          280976 1c008bb2 02500793 addi             x15, x0, 37         x15=00000025
15517277ns          280977 1c008bb6 04f50863 beq              x10, x15, 80        x10:00000072 x15:00000025
15517297ns          280978 1c008bba 01a005b3 add              x11, x0, x26        x11=00000002 x26:00000002
15517317ns          280979 1c008bbc 000b00e7 jalr             x1, x22, 0           x1=1c008bbe x22:1c008af0
15517357ns          280981 1c008af0 000026b7 lui              x13, 0x2000         x13=00002000
15517377ns          280982 1c008af2 f14027f3 csrrs            x15, x0, 0xf14      x15=00000003
15517396ns          280983 1c008af6 f8068693 addi             x13, x13, -128      x13=00001f80 x13:00002000
15517416ns          280984 1c008afa 00379713 slli             x14, x15, 0x3       x14=00000018 x15:00000003
15517436ns          280985 1c008afe 00279793 slli             x15, x15, 0x2       x15=0000000c x15:00000003
15517456ns          280986 1c008b00 00d7f7b3 and              x15, x15, x13       x15=00000000 x15:0000000c x13:00001f80
15517476ns          280987 1c008b02 ee873733 p.bclr           x14, x14, 23, 8     x14=00000018 x14:00000018
15517496ns          280988 1c008b06 1a10f6b7 lui              x13, 0x1a10f000     x13=1a10f000
15517516ns          280989 1c008b0a 0ff57513 andi             x10, x10, 255       x10=00000072 x10:00000072
15517536ns          280990 1c008b0e 00d70733 add              x14, x14, x13       x14=1a10f018 x14:00000018 x13:1a10f000
15517556ns          280991 1c008b10 00a7e723 p.sw             x10, x0(x15)        x10:00000072 x15:00000000  PA:1a10f018
15517894ns          281008 1c008b14 00000513 addi             x10, x0, 0          x10=00000000
15517914ns          281009 1c008b16 00008067 jalr             x0, x1, 0            x1:1c008bbe
15517973ns          281012 1c008bbe 31f52563 p.beqimm         x10, 778            x10:00000000
15517993ns          281013 1c008bc2 001d8d93 addi             x27, x27, 1         x27=00000003 x27:00000002
15518013ns          281014 1c008bc4 00044503 lbu              x10, 0(x8)          x10=0000006e  x8:1c00009b  PA:1c00009b
15518311ns          281029 1c008bc8 00140413 addi             x8, x8, 1            x8=1c00009c  x8:1c00009b
15518331ns          281030 1c008bca fe0514e3 bne              x10, x0, -24        x10:0000006e
15518411ns          281034 1c008bb2 02500793 addi             x15, x0, 37         x15=00000025
15518431ns          281035 1c008bb6 04f50863 beq              x10, x15, 80        x10:0000006e x15:00000025
15518451ns          281036 1c008bba 01a005b3 add              x11, x0, x26        x11=00000002 x26:00000002
15518471ns          281037 1c008bbc 000b00e7 jalr             x1, x22, 0           x1=1c008bbe x22:1c008af0
15518510ns          281039 1c008af0 000026b7 lui              x13, 0x2000         x13=00002000
15518530ns          281040 1c008af2 f14027f3 csrrs            x15, x0, 0xf14      x15=00000003
15518550ns          281041 1c008af6 f8068693 addi             x13, x13, -128      x13=00001f80 x13:00002000
15518570ns          281042 1c008afa 00379713 slli             x14, x15, 0x3       x14=00000018 x15:00000003
15518590ns          281043 1c008afe 00279793 slli             x15, x15, 0x2       x15=0000000c x15:00000003
15518610ns          281044 1c008b00 00d7f7b3 and              x15, x15, x13       x15=00000000 x15:0000000c x13:00001f80
15518630ns          281045 1c008b02 ee873733 p.bclr           x14, x14, 23, 8     x14=00000018 x14:00000018
15518650ns          281046 1c008b06 1a10f6b7 lui              x13, 0x1a10f000     x13=1a10f000
15518669ns          281047 1c008b0a 0ff57513 andi             x10, x10, 255       x10=0000006e x10:0000006e
15518689ns          281048 1c008b0e 00d70733 add              x14, x14, x13       x14=1a10f018 x14:00000018 x13:1a10f000
15518709ns          281049 1c008b10 00a7e723 p.sw             x10, x0(x15)        x10:0000006e x15:00000000  PA:1a10f018
15519027ns          281065 1c008b14 00000513 addi             x10, x0, 0          x10=00000000
15519047ns          281066 1c008b16 00008067 jalr             x0, x1, 0            x1:1c008bbe
15519107ns          281069 1c008bbe 31f52563 p.beqimm         x10, 778            x10:00000000
15519127ns          281070 1c008bc2 001d8d93 addi             x27, x27, 1         x27=00000004 x27:00000003
15519147ns          281071 1c008bc4 00044503 lbu              x10, 0(x8)          x10=00000065  x8:1c00009c  PA:1c00009c
15519445ns          281086 1c008bc8 00140413 addi             x8, x8, 1            x8=1c00009d  x8:1c00009c
15519465ns          281087 1c008bca fe0514e3 bne              x10, x0, -24        x10:00000065
15519545ns          281091 1c008bb2 02500793 addi             x15, x0, 37         x15=00000025
15519565ns          281092 1c008bb6 04f50863 beq              x10, x15, 80        x10:00000065 x15:00000025
15519584ns          281093 1c008bba 01a005b3 add              x11, x0, x26        x11=00000002 x26:00000002
15519604ns          281094 1c008bbc 000b00e7 jalr             x1, x22, 0           x1=1c008bbe x22:1c008af0
15519644ns          281096 1c008af0 000026b7 lui              x13, 0x2000         x13=00002000
15519664ns          281097 1c008af2 f14027f3 csrrs            x15, x0, 0xf14      x15=00000003
15519684ns          281098 1c008af6 f8068693 addi             x13, x13, -128      x13=00001f80 x13:00002000
15519704ns          281099 1c008afa 00379713 slli             x14, x15, 0x3       x14=00000018 x15:00000003
15519724ns          281100 1c008afe 00279793 slli             x15, x15, 0x2       x15=0000000c x15:00000003
15519744ns          281101 1c008b00 00d7f7b3 and              x15, x15, x13       x15=00000000 x15:0000000c x13:00001f80
15519763ns          281102 1c008b02 ee873733 p.bclr           x14, x14, 23, 8     x14=00000018 x14:00000018
15519783ns          281103 1c008b06 1a10f6b7 lui              x13, 0x1a10f000     x13=1a10f000
15519803ns          281104 1c008b0a 0ff57513 andi             x10, x10, 255       x10=00000065 x10:00000065
15519823ns          281105 1c008b0e 00d70733 add              x14, x14, x13       x14=1a10f018 x14:00000018 x13:1a10f000
15519843ns          281106 1c008b10 00a7e723 p.sw             x10, x0(x15)        x10:00000065 x15:00000000  PA:1a10f018
15520161ns          281122 1c008b14 00000513 addi             x10, x0, 0          x10=00000000
15520181ns          281123 1c008b16 00008067 jalr             x0, x1, 0            x1:1c008bbe
15520241ns          281126 1c008bbe 31f52563 p.beqimm         x10, 778            x10:00000000
15520261ns          281127 1c008bc2 001d8d93 addi             x27, x27, 1         x27=00000005 x27:00000004
15520281ns          281128 1c008bc4 00044503 lbu              x10, 0(x8)          x10=0000006c  x8:1c00009d  PA:1c00009d
15520599ns          281144 1c008bc8 00140413 addi             x8, x8, 1            x8=1c00009e  x8:1c00009d
15520619ns          281145 1c008bca fe0514e3 bne              x10, x0, -24        x10:0000006c
15520698ns          281149 1c008bb2 02500793 addi             x15, x0, 37         x15=00000025
15520718ns          281150 1c008bb6 04f50863 beq              x10, x15, 80        x10:0000006c x15:00000025
15520738ns          281151 1c008bba 01a005b3 add              x11, x0, x26        x11=00000002 x26:00000002
15520758ns          281152 1c008bbc 000b00e7 jalr             x1, x22, 0           x1=1c008bbe x22:1c008af0
15520798ns          281154 1c008af0 000026b7 lui              x13, 0x2000         x13=00002000
15520818ns          281155 1c008af2 f14027f3 csrrs            x15, x0, 0xf14      x15=00000003
15520838ns          281156 1c008af6 f8068693 addi             x13, x13, -128      x13=00001f80 x13:00002000
15520857ns          281157 1c008afa 00379713 slli             x14, x15, 0x3       x14=00000018 x15:00000003
15520877ns          281158 1c008afe 00279793 slli             x15, x15, 0x2       x15=0000000c x15:00000003
15520897ns          281159 1c008b00 00d7f7b3 and              x15, x15, x13       x15=00000000 x15:0000000c x13:00001f80
15520917ns          281160 1c008b02 ee873733 p.bclr           x14, x14, 23, 8     x14=00000018 x14:00000018
15520937ns          281161 1c008b06 1a10f6b7 lui              x13, 0x1a10f000     x13=1a10f000
15520957ns          281162 1c008b0a 0ff57513 andi             x10, x10, 255       x10=0000006c x10:0000006c
15520977ns          281163 1c008b0e 00d70733 add              x14, x14, x13       x14=1a10f018 x14:00000018 x13:1a10f000
15520997ns          281164 1c008b10 00a7e723 p.sw             x10, x0(x15)        x10:0000006c x15:00000000  PA:1a10f018
15521315ns          281180 1c008b14 00000513 addi             x10, x0, 0          x10=00000000
15521335ns          281181 1c008b16 00008067 jalr             x0, x1, 0            x1:1c008bbe
15521394ns          281184 1c008bbe 31f52563 p.beqimm         x10, 778            x10:00000000
15521414ns          281185 1c008bc2 001d8d93 addi             x27, x27, 1         x27=00000006 x27:00000005
15521434ns          281186 1c008bc4 00044503 lbu              x10, 0(x8)          x10=00000020  x8:1c00009e  PA:1c00009e
15521733ns          281201 1c008bc8 00140413 addi             x8, x8, 1            x8=1c00009f  x8:1c00009e
15521753ns          281202 1c008bca fe0514e3 bne              x10, x0, -24        x10:00000020
15521832ns          281206 1c008bb2 02500793 addi             x15, x0, 37         x15=00000025
15521852ns          281207 1c008bb6 04f50863 beq              x10, x15, 80        x10:00000020 x15:00000025
15521872ns          281208 1c008bba 01a005b3 add              x11, x0, x26        x11=00000002 x26:00000002
15521892ns          281209 1c008bbc 000b00e7 jalr             x1, x22, 0           x1=1c008bbe x22:1c008af0
15521932ns          281211 1c008af0 000026b7 lui              x13, 0x2000         x13=00002000
15521951ns          281212 1c008af2 f14027f3 csrrs            x15, x0, 0xf14      x15=00000003
15521971ns          281213 1c008af6 f8068693 addi             x13, x13, -128      x13=00001f80 x13:00002000
15521991ns          281214 1c008afa 00379713 slli             x14, x15, 0x3       x14=00000018 x15:00000003
15522011ns          281215 1c008afe 00279793 slli             x15, x15, 0x2       x15=0000000c x15:00000003
15522031ns          281216 1c008b00 00d7f7b3 and              x15, x15, x13       x15=00000000 x15:0000000c x13:00001f80
15522051ns          281217 1c008b02 ee873733 p.bclr           x14, x14, 23, 8     x14=00000018 x14:00000018
15522071ns          281218 1c008b06 1a10f6b7 lui              x13, 0x1a10f000     x13=1a10f000
15522091ns          281219 1c008b0a 0ff57513 andi             x10, x10, 255       x10=00000020 x10:00000020
15522111ns          281220 1c008b0e 00d70733 add              x14, x14, x13       x14=1a10f018 x14:00000018 x13:1a10f000
15522130ns          281221 1c008b10 00a7e723 p.sw             x10, x0(x15)        x10:00000020 x15:00000000  PA:1a10f018
15522449ns          281237 1c008b14 00000513 addi             x10, x0, 0          x10=00000000
15522469ns          281238 1c008b16 00008067 jalr             x0, x1, 0            x1:1c008bbe
15522528ns          281241 1c008bbe 31f52563 p.beqimm         x10, 778            x10:00000000
15522548ns          281242 1c008bc2 001d8d93 addi             x27, x27, 1         x27=00000007 x27:00000006
15522568ns          281243 1c008bc4 00044503 lbu              x10, 0(x8)          x10=00000070  x8:1c00009f  PA:1c00009f
15522866ns          281258 1c008bc8 00140413 addi             x8, x8, 1            x8=1c0000a0  x8:1c00009f
15522886ns          281259 1c008bca fe0514e3 bne              x10, x0, -24        x10:00000070
15522966ns          281263 1c008bb2 02500793 addi             x15, x0, 37         x15=00000025
15522986ns          281264 1c008bb6 04f50863 beq              x10, x15, 80        x10:00000070 x15:00000025
15523006ns          281265 1c008bba 01a005b3 add              x11, x0, x26        x11=00000002 x26:00000002
15523026ns          281266 1c008bbc 000b00e7 jalr             x1, x22, 0           x1=1c008bbe x22:1c008af0
15523065ns          281268 1c008af0 000026b7 lui              x13, 0x2000         x13=00002000
15523085ns          281269 1c008af2 f14027f3 csrrs            x15, x0, 0xf14      x15=00000003
15523105ns          281270 1c008af6 f8068693 addi             x13, x13, -128      x13=00001f80 x13:00002000
15523125ns          281271 1c008afa 00379713 slli             x14, x15, 0x3       x14=00000018 x15:00000003
15523145ns          281272 1c008afe 00279793 slli             x15, x15, 0x2       x15=0000000c x15:00000003
15523165ns          281273 1c008b00 00d7f7b3 and              x15, x15, x13       x15=00000000 x15:0000000c x13:00001f80
15523185ns          281274 1c008b02 ee873733 p.bclr           x14, x14, 23, 8     x14=00000018 x14:00000018
15523205ns          281275 1c008b06 1a10f6b7 lui              x13, 0x1a10f000     x13=1a10f000
15523224ns          281276 1c008b0a 0ff57513 andi             x10, x10, 255       x10=00000070 x10:00000070
15523244ns          281277 1c008b0e 00d70733 add              x14, x14, x13       x14=1a10f018 x14:00000018 x13:1a10f000
15523264ns          281278 1c008b10 00a7e723 p.sw             x10, x0(x15)        x10:00000070 x15:00000000  PA:1a10f018
15523582ns          281294 1c008b14 00000513 addi             x10, x0, 0          x10=00000000
15523602ns          281295 1c008b16 00008067 jalr             x0, x1, 0            x1:1c008bbe
15523662ns          281298 1c008bbe 31f52563 p.beqimm         x10, 778            x10:00000000
15523682ns          281299 1c008bc2 001d8d93 addi             x27, x27, 1         x27=00000008 x27:00000007
15523702ns          281300 1c008bc4 00044503 lbu              x10, 0(x8)          x10=00000061  x8:1c0000a0  PA:1c0000a0
15524000ns          281315 1c008bc8 00140413 addi             x8, x8, 1            x8=1c0000a1  x8:1c0000a0
15524020ns          281316 1c008bca fe0514e3 bne              x10, x0, -24        x10:00000061
15524100ns          281320 1c008bb2 02500793 addi             x15, x0, 37         x15=00000025
15524120ns          281321 1c008bb6 04f50863 beq              x10, x15, 80        x10:00000061 x15:00000025
15524139ns          281322 1c008bba 01a005b3 add              x11, x0, x26        x11=00000002 x26:00000002
15524159ns          281323 1c008bbc 000b00e7 jalr             x1, x22, 0           x1=1c008bbe x22:1c008af0
15524199ns          281325 1c008af0 000026b7 lui              x13, 0x2000         x13=00002000
15524219ns          281326 1c008af2 f14027f3 csrrs            x15, x0, 0xf14      x15=00000003
15524239ns          281327 1c008af6 f8068693 addi             x13, x13, -128      x13=00001f80 x13:00002000
15524259ns          281328 1c008afa 00379713 slli             x14, x15, 0x3       x14=00000018 x15:00000003
15524279ns          281329 1c008afe 00279793 slli             x15, x15, 0x2       x15=0000000c x15:00000003
15524299ns          281330 1c008b00 00d7f7b3 and              x15, x15, x13       x15=00000000 x15:0000000c x13:00001f80
15524318ns          281331 1c008b02 ee873733 p.bclr           x14, x14, 23, 8     x14=00000018 x14:00000018
15524338ns          281332 1c008b06 1a10f6b7 lui              x13, 0x1a10f000     x13=1a10f000
15524358ns          281333 1c008b0a 0ff57513 andi             x10, x10, 255       x10=00000061 x10:00000061
15524378ns          281334 1c008b0e 00d70733 add              x14, x14, x13       x14=1a10f018 x14:00000018 x13:1a10f000
15524398ns          281335 1c008b10 00a7e723 p.sw             x10, x0(x15)        x10:00000061 x15:00000000  PA:1a10f018
15524736ns          281352 1c008b14 00000513 addi             x10, x0, 0          x10=00000000
15524756ns          281353 1c008b16 00008067 jalr             x0, x1, 0            x1:1c008bbe
15524816ns          281356 1c008bbe 31f52563 p.beqimm         x10, 778            x10:00000000
15524836ns          281357 1c008bc2 001d8d93 addi             x27, x27, 1         x27=00000009 x27:00000008
15524855ns          281358 1c008bc4 00044503 lbu              x10, 0(x8)          x10=00000073  x8:1c0000a1  PA:1c0000a1
15525154ns          281373 1c008bc8 00140413 addi             x8, x8, 1            x8=1c0000a2  x8:1c0000a1
15525174ns          281374 1c008bca fe0514e3 bne              x10, x0, -24        x10:00000073
15525253ns          281378 1c008bb2 02500793 addi             x15, x0, 37         x15=00000025
15525273ns          281379 1c008bb6 04f50863 beq              x10, x15, 80        x10:00000073 x15:00000025
15525293ns          281380 1c008bba 01a005b3 add              x11, x0, x26        x11=00000002 x26:00000002
15525313ns          281381 1c008bbc 000b00e7 jalr             x1, x22, 0           x1=1c008bbe x22:1c008af0
15525353ns          281383 1c008af0 000026b7 lui              x13, 0x2000         x13=00002000
15525373ns          281384 1c008af2 f14027f3 csrrs            x15, x0, 0xf14      x15=00000003
15525393ns          281385 1c008af6 f8068693 addi             x13, x13, -128      x13=00001f80 x13:00002000
15525412ns          281386 1c008afa 00379713 slli             x14, x15, 0x3       x14=00000018 x15:00000003
15525432ns          281387 1c008afe 00279793 slli             x15, x15, 0x2       x15=0000000c x15:00000003
15525452ns          281388 1c008b00 00d7f7b3 and              x15, x15, x13       x15=00000000 x15:0000000c x13:00001f80
15525472ns          281389 1c008b02 ee873733 p.bclr           x14, x14, 23, 8     x14=00000018 x14:00000018
15525492ns          281390 1c008b06 1a10f6b7 lui              x13, 0x1a10f000     x13=1a10f000
15525512ns          281391 1c008b0a 0ff57513 andi             x10, x10, 255       x10=00000073 x10:00000073
15525532ns          281392 1c008b0e 00d70733 add              x14, x14, x13       x14=1a10f018 x14:00000018 x13:1a10f000
15525552ns          281393 1c008b10 00a7e723 p.sw             x10, x0(x15)        x10:00000073 x15:00000000  PA:1a10f018
15525890ns          281410 1c008b14 00000513 addi             x10, x0, 0          x10=00000000
15525910ns          281411 1c008b16 00008067 jalr             x0, x1, 0            x1:1c008bbe
15525969ns          281414 1c008bbe 31f52563 p.beqimm         x10, 778            x10:00000000
15525989ns          281415 1c008bc2 001d8d93 addi             x27, x27, 1         x27=0000000a x27:00000009
15526009ns          281416 1c008bc4 00044503 lbu              x10, 0(x8)          x10=00000073  x8:1c0000a2  PA:1c0000a2
15526307ns          281431 1c008bc8 00140413 addi             x8, x8, 1            x8=1c0000a3  x8:1c0000a2
15526327ns          281432 1c008bca fe0514e3 bne              x10, x0, -24        x10:00000073
15526407ns          281436 1c008bb2 02500793 addi             x15, x0, 37         x15=00000025
15526427ns          281437 1c008bb6 04f50863 beq              x10, x15, 80        x10:00000073 x15:00000025
15526447ns          281438 1c008bba 01a005b3 add              x11, x0, x26        x11=00000002 x26:00000002
15526467ns          281439 1c008bbc 000b00e7 jalr             x1, x22, 0           x1=1c008bbe x22:1c008af0
15526506ns          281441 1c008af0 000026b7 lui              x13, 0x2000         x13=00002000
15526526ns          281442 1c008af2 f14027f3 csrrs            x15, x0, 0xf14      x15=00000003
15526546ns          281443 1c008af6 f8068693 addi             x13, x13, -128      x13=00001f80 x13:00002000
15526566ns          281444 1c008afa 00379713 slli             x14, x15, 0x3       x14=00000018 x15:00000003
15526586ns          281445 1c008afe 00279793 slli             x15, x15, 0x2       x15=0000000c x15:00000003
15526606ns          281446 1c008b00 00d7f7b3 and              x15, x15, x13       x15=00000000 x15:0000000c x13:00001f80
15526626ns          281447 1c008b02 ee873733 p.bclr           x14, x14, 23, 8     x14=00000018 x14:00000018
15526646ns          281448 1c008b06 1a10f6b7 lui              x13, 0x1a10f000     x13=1a10f000
15526666ns          281449 1c008b0a 0ff57513 andi             x10, x10, 255       x10=00000073 x10:00000073
15526685ns          281450 1c008b0e 00d70733 add              x14, x14, x13       x14=1a10f018 x14:00000018 x13:1a10f000
15526705ns          281451 1c008b10 00a7e723 p.sw             x10, x0(x15)        x10:00000073 x15:00000000  PA:1a10f018
15527024ns          281467 1c008b14 00000513 addi             x10, x0, 0          x10=00000000
15527043ns          281468 1c008b16 00008067 jalr             x0, x1, 0            x1:1c008bbe
15527103ns          281471 1c008bbe 31f52563 p.beqimm         x10, 778            x10:00000000
15527123ns          281472 1c008bc2 001d8d93 addi             x27, x27, 1         x27=0000000b x27:0000000a
15527143ns          281473 1c008bc4 00044503 lbu              x10, 0(x8)          x10=00000065  x8:1c0000a3  PA:1c0000a3
15527441ns          281488 1c008bc8 00140413 addi             x8, x8, 1            x8=1c0000a4  x8:1c0000a3
15527461ns          281489 1c008bca fe0514e3 bne              x10, x0, -24        x10:00000065
15527541ns          281493 1c008bb2 02500793 addi             x15, x0, 37         x15=00000025
15527561ns          281494 1c008bb6 04f50863 beq              x10, x15, 80        x10:00000065 x15:00000025
15527580ns          281495 1c008bba 01a005b3 add              x11, x0, x26        x11=00000002 x26:00000002
15527600ns          281496 1c008bbc 000b00e7 jalr             x1, x22, 0           x1=1c008bbe x22:1c008af0
15527640ns          281498 1c008af0 000026b7 lui              x13, 0x2000         x13=00002000
15527660ns          281499 1c008af2 f14027f3 csrrs            x15, x0, 0xf14      x15=00000003
15527680ns          281500 1c008af6 f8068693 addi             x13, x13, -128      x13=00001f80 x13:00002000
15527700ns          281501 1c008afa 00379713 slli             x14, x15, 0x3       x14=00000018 x15:00000003
15527720ns          281502 1c008afe 00279793 slli             x15, x15, 0x2       x15=0000000c x15:00000003
15527740ns          281503 1c008b00 00d7f7b3 and              x15, x15, x13       x15=00000000 x15:0000000c x13:00001f80
15527760ns          281504 1c008b02 ee873733 p.bclr           x14, x14, 23, 8     x14=00000018 x14:00000018
15527779ns          281505 1c008b06 1a10f6b7 lui              x13, 0x1a10f000     x13=1a10f000
15527799ns          281506 1c008b0a 0ff57513 andi             x10, x10, 255       x10=00000065 x10:00000065
15527819ns          281507 1c008b0e 00d70733 add              x14, x14, x13       x14=1a10f018 x14:00000018 x13:1a10f000
15527839ns          281508 1c008b10 00a7e723 p.sw             x10, x0(x15)        x10:00000065 x15:00000000  PA:1a10f018
15528157ns          281524 1c008b14 00000513 addi             x10, x0, 0          x10=00000000
15528177ns          281525 1c008b16 00008067 jalr             x0, x1, 0            x1:1c008bbe
15528237ns          281528 1c008bbe 31f52563 p.beqimm         x10, 778            x10:00000000
15528257ns          281529 1c008bc2 001d8d93 addi             x27, x27, 1         x27=0000000c x27:0000000b
15528277ns          281530 1c008bc4 00044503 lbu              x10, 0(x8)          x10=00000064  x8:1c0000a4  PA:1c0000a4
15528595ns          281546 1c008bc8 00140413 addi             x8, x8, 1            x8=1c0000a5  x8:1c0000a4
15528615ns          281547 1c008bca fe0514e3 bne              x10, x0, -24        x10:00000064
15528694ns          281551 1c008bb2 02500793 addi             x15, x0, 37         x15=00000025
15528714ns          281552 1c008bb6 04f50863 beq              x10, x15, 80        x10:00000064 x15:00000025
15528734ns          281553 1c008bba 01a005b3 add              x11, x0, x26        x11=00000002 x26:00000002
15528754ns          281554 1c008bbc 000b00e7 jalr             x1, x22, 0           x1=1c008bbe x22:1c008af0
15528794ns          281556 1c008af0 000026b7 lui              x13, 0x2000         x13=00002000
15528814ns          281557 1c008af2 f14027f3 csrrs            x15, x0, 0xf14      x15=00000003
15528834ns          281558 1c008af6 f8068693 addi             x13, x13, -128      x13=00001f80 x13:00002000
15528854ns          281559 1c008afa 00379713 slli             x14, x15, 0x3       x14=00000018 x15:00000003
15528873ns          281560 1c008afe 00279793 slli             x15, x15, 0x2       x15=0000000c x15:00000003
15528893ns          281561 1c008b00 00d7f7b3 and              x15, x15, x13       x15=00000000 x15:0000000c x13:00001f80
15528913ns          281562 1c008b02 ee873733 p.bclr           x14, x14, 23, 8     x14=00000018 x14:00000018
15528933ns          281563 1c008b06 1a10f6b7 lui              x13, 0x1a10f000     x13=1a10f000
15528953ns          281564 1c008b0a 0ff57513 andi             x10, x10, 255       x10=00000064 x10:00000064
15528973ns          281565 1c008b0e 00d70733 add              x14, x14, x13       x14=1a10f018 x14:00000018 x13:1a10f000
15528993ns          281566 1c008b10 00a7e723 p.sw             x10, x0(x15)        x10:00000064 x15:00000000  PA:1a10f018
15529311ns          281582 1c008b14 00000513 addi             x10, x0, 0          x10=00000000
15529331ns          281583 1c008b16 00008067 jalr             x0, x1, 0            x1:1c008bbe
15529391ns          281586 1c008bbe 31f52563 p.beqimm         x10, 778            x10:00000000
15529410ns          281587 1c008bc2 001d8d93 addi             x27, x27, 1         x27=0000000d x27:0000000c
15529430ns          281588 1c008bc4 00044503 lbu              x10, 0(x8)          x10=00000020  x8:1c0000a5  PA:1c0000a5
15529729ns          281603 1c008bc8 00140413 addi             x8, x8, 1            x8=1c0000a6  x8:1c0000a5
15529749ns          281604 1c008bca fe0514e3 bne              x10, x0, -24        x10:00000020
15529828ns          281608 1c008bb2 02500793 addi             x15, x0, 37         x15=00000025
15529848ns          281609 1c008bb6 04f50863 beq              x10, x15, 80        x10:00000020 x15:00000025
15529868ns          281610 1c008bba 01a005b3 add              x11, x0, x26        x11=00000002 x26:00000002
15529888ns          281611 1c008bbc 000b00e7 jalr             x1, x22, 0           x1=1c008bbe x22:1c008af0
15529928ns          281613 1c008af0 000026b7 lui              x13, 0x2000         x13=00002000
15529947ns          281614 1c008af2 f14027f3 csrrs            x15, x0, 0xf14      x15=00000003
15529967ns          281615 1c008af6 f8068693 addi             x13, x13, -128      x13=00001f80 x13:00002000
15529987ns          281616 1c008afa 00379713 slli             x14, x15, 0x3       x14=00000018 x15:00000003
15530007ns          281617 1c008afe 00279793 slli             x15, x15, 0x2       x15=0000000c x15:00000003
15530027ns          281618 1c008b00 00d7f7b3 and              x15, x15, x13       x15=00000000 x15:0000000c x13:00001f80
15530047ns          281619 1c008b02 ee873733 p.bclr           x14, x14, 23, 8     x14=00000018 x14:00000018
15530067ns          281620 1c008b06 1a10f6b7 lui              x13, 0x1a10f000     x13=1a10f000
15530087ns          281621 1c008b0a 0ff57513 andi             x10, x10, 255       x10=00000020 x10:00000020
15530107ns          281622 1c008b0e 00d70733 add              x14, x14, x13       x14=1a10f018 x14:00000018 x13:1a10f000
15530127ns          281623 1c008b10 00a7e723 p.sw             x10, x0(x15)        x10:00000020 x15:00000000  PA:1a10f018
15530445ns          281639 1c008b14 00000513 addi             x10, x0, 0          x10=00000000
15530465ns          281640 1c008b16 00008067 jalr             x0, x1, 0            x1:1c008bbe
15530524ns          281643 1c008bbe 31f52563 p.beqimm         x10, 778            x10:00000000
15530544ns          281644 1c008bc2 001d8d93 addi             x27, x27, 1         x27=0000000e x27:0000000d
15530564ns          281645 1c008bc4 00044503 lbu              x10, 0(x8)          x10=0000006f  x8:1c0000a6  PA:1c0000a6
15530862ns          281660 1c008bc8 00140413 addi             x8, x8, 1            x8=1c0000a7  x8:1c0000a6
15530882ns          281661 1c008bca fe0514e3 bne              x10, x0, -24        x10:0000006f
15530962ns          281665 1c008bb2 02500793 addi             x15, x0, 37         x15=00000025
15530982ns          281666 1c008bb6 04f50863 beq              x10, x15, 80        x10:0000006f x15:00000025
15531002ns          281667 1c008bba 01a005b3 add              x11, x0, x26        x11=00000002 x26:00000002
15531022ns          281668 1c008bbc 000b00e7 jalr             x1, x22, 0           x1=1c008bbe x22:1c008af0
15531061ns          281670 1c008af0 000026b7 lui              x13, 0x2000         x13=00002000
15531081ns          281671 1c008af2 f14027f3 csrrs            x15, x0, 0xf14      x15=00000003
15531101ns          281672 1c008af6 f8068693 addi             x13, x13, -128      x13=00001f80 x13:00002000
15531121ns          281673 1c008afa 00379713 slli             x14, x15, 0x3       x14=00000018 x15:00000003
15531141ns          281674 1c008afe 00279793 slli             x15, x15, 0x2       x15=0000000c x15:00000003
15531161ns          281675 1c008b00 00d7f7b3 and              x15, x15, x13       x15=00000000 x15:0000000c x13:00001f80
15531181ns          281676 1c008b02 ee873733 p.bclr           x14, x14, 23, 8     x14=00000018 x14:00000018
15531201ns          281677 1c008b06 1a10f6b7 lui              x13, 0x1a10f000     x13=1a10f000
15531221ns          281678 1c008b0a 0ff57513 andi             x10, x10, 255       x10=0000006f x10:0000006f
15531240ns          281679 1c008b0e 00d70733 add              x14, x14, x13       x14=1a10f018 x14:00000018 x13:1a10f000
15531260ns          281680 1c008b10 00a7e723 p.sw             x10, x0(x15)        x10:0000006f x15:00000000  PA:1a10f018
15531579ns          281696 1c008b14 00000513 addi             x10, x0, 0          x10=00000000
15531598ns          281697 1c008b16 00008067 jalr             x0, x1, 0            x1:1c008bbe
15531658ns          281700 1c008bbe 31f52563 p.beqimm         x10, 778            x10:00000000
15531678ns          281701 1c008bc2 001d8d93 addi             x27, x27, 1         x27=0000000f x27:0000000e
15531698ns          281702 1c008bc4 00044503 lbu              x10, 0(x8)          x10=0000006e  x8:1c0000a7  PA:1c0000a7
15531996ns          281717 1c008bc8 00140413 addi             x8, x8, 1            x8=1c0000a8  x8:1c0000a7
15532016ns          281718 1c008bca fe0514e3 bne              x10, x0, -24        x10:0000006e
15532096ns          281722 1c008bb2 02500793 addi             x15, x0, 37         x15=00000025
15532116ns          281723 1c008bb6 04f50863 beq              x10, x15, 80        x10:0000006e x15:00000025
15532135ns          281724 1c008bba 01a005b3 add              x11, x0, x26        x11=00000002 x26:00000002
15532155ns          281725 1c008bbc 000b00e7 jalr             x1, x22, 0           x1=1c008bbe x22:1c008af0
15532195ns          281727 1c008af0 000026b7 lui              x13, 0x2000         x13=00002000
15532215ns          281728 1c008af2 f14027f3 csrrs            x15, x0, 0xf14      x15=00000003
15532235ns          281729 1c008af6 f8068693 addi             x13, x13, -128      x13=00001f80 x13:00002000
15532255ns          281730 1c008afa 00379713 slli             x14, x15, 0x3       x14=00000018 x15:00000003
15532275ns          281731 1c008afe 00279793 slli             x15, x15, 0x2       x15=0000000c x15:00000003
15532295ns          281732 1c008b00 00d7f7b3 and              x15, x15, x13       x15=00000000 x15:0000000c x13:00001f80
15532314ns          281733 1c008b02 ee873733 p.bclr           x14, x14, 23, 8     x14=00000018 x14:00000018
15532334ns          281734 1c008b06 1a10f6b7 lui              x13, 0x1a10f000     x13=1a10f000
15532354ns          281735 1c008b0a 0ff57513 andi             x10, x10, 255       x10=0000006e x10:0000006e
15532374ns          281736 1c008b0e 00d70733 add              x14, x14, x13       x14=1a10f018 x14:00000018 x13:1a10f000
15532394ns          281737 1c008b10 00a7e723 p.sw             x10, x0(x15)        x10:0000006e x15:00000000  PA:1a10f018
15532732ns          281754 1c008b14 00000513 addi             x10, x0, 0          x10=00000000
15532752ns          281755 1c008b16 00008067 jalr             x0, x1, 0            x1:1c008bbe
15532812ns          281758 1c008bbe 31f52563 p.beqimm         x10, 778            x10:00000000
15532832ns          281759 1c008bc2 001d8d93 addi             x27, x27, 1         x27=00000010 x27:0000000f
15532852ns          281760 1c008bc4 00044503 lbu              x10, 0(x8)          x10=00000020  x8:1c0000a8  PA:1c0000a8
15533150ns          281775 1c008bc8 00140413 addi             x8, x8, 1            x8=1c0000a9  x8:1c0000a8
15533170ns          281776 1c008bca fe0514e3 bne              x10, x0, -24        x10:00000020
15533250ns          281780 1c008bb2 02500793 addi             x15, x0, 37         x15=00000025
15533270ns          281781 1c008bb6 04f50863 beq              x10, x15, 80        x10:00000020 x15:00000025
15533290ns          281782 1c008bba 01a005b3 add              x11, x0, x26        x11=00000002 x26:00000002
15533310ns          281783 1c008bbc 000b00e7 jalr             x1, x22, 0           x1=1c008bbe x22:1c008af0
15533351ns          281785 1c008af0 000026b7 lui              x13, 0x2000         x13=00002000
15533371ns          281786 1c008af2 f14027f3 csrrs            x15, x0, 0xf14      x15=00000003
15533391ns          281787 1c008af6 f8068693 addi             x13, x13, -128      x13=00001f80 x13:00002000
15533411ns          281788 1c008afa 00379713 slli             x14, x15, 0x3       x14=00000018 x15:00000003
15533431ns          281789 1c008afe 00279793 slli             x15, x15, 0x2       x15=0000000c x15:00000003
15533451ns          281790 1c008b00 00d7f7b3 and              x15, x15, x13       x15=00000000 x15:0000000c x13:00001f80
15533471ns          281791 1c008b02 ee873733 p.bclr           x14, x14, 23, 8     x14=00000018 x14:00000018
15533491ns          281792 1c008b06 1a10f6b7 lui              x13, 0x1a10f000     x13=1a10f000
15533511ns          281793 1c008b0a 0ff57513 andi             x10, x10, 255       x10=00000020 x10:00000020
15533531ns          281794 1c008b0e 00d70733 add              x14, x14, x13       x14=1a10f018 x14:00000018 x13:1a10f000
15533551ns          281795 1c008b10 00a7e723 p.sw             x10, x0(x15)        x10:00000020 x15:00000000  PA:1a10f018
15533872ns          281811 1c008b14 00000513 addi             x10, x0, 0          x10=00000000
15533892ns          281812 1c008b16 00008067 jalr             x0, x1, 0            x1:1c008bbe
15533952ns          281815 1c008bbe 31f52563 p.beqimm         x10, 778            x10:00000000
15533973ns          281816 1c008bc2 001d8d93 addi             x27, x27, 1         x27=00000011 x27:00000010
15533993ns          281817 1c008bc4 00044503 lbu              x10, 0(x8)          x10=00000063  x8:1c0000a9  PA:1c0000a9
15534294ns          281832 1c008bc8 00140413 addi             x8, x8, 1            x8=1c0000aa  x8:1c0000a9
15534314ns          281833 1c008bca fe0514e3 bne              x10, x0, -24        x10:00000063
15534394ns          281837 1c008bb2 02500793 addi             x15, x0, 37         x15=00000025
15534414ns          281838 1c008bb6 04f50863 beq              x10, x15, 80        x10:00000063 x15:00000025
15534434ns          281839 1c008bba 01a005b3 add              x11, x0, x26        x11=00000002 x26:00000002
15534454ns          281840 1c008bbc 000b00e7 jalr             x1, x22, 0           x1=1c008bbe x22:1c008af0
15534494ns          281842 1c008af0 000026b7 lui              x13, 0x2000         x13=00002000
15534514ns          281843 1c008af2 f14027f3 csrrs            x15, x0, 0xf14      x15=00000003
15534534ns          281844 1c008af6 f8068693 addi             x13, x13, -128      x13=00001f80 x13:00002000
15534554ns          281845 1c008afa 00379713 slli             x14, x15, 0x3       x14=00000018 x15:00000003
15534574ns          281846 1c008afe 00279793 slli             x15, x15, 0x2       x15=0000000c x15:00000003
15534595ns          281847 1c008b00 00d7f7b3 and              x15, x15, x13       x15=00000000 x15:0000000c x13:00001f80
15534615ns          281848 1c008b02 ee873733 p.bclr           x14, x14, 23, 8     x14=00000018 x14:00000018
15534635ns          281849 1c008b06 1a10f6b7 lui              x13, 0x1a10f000     x13=1a10f000
15534655ns          281850 1c008b0a 0ff57513 andi             x10, x10, 255       x10=00000063 x10:00000063
15534675ns          281851 1c008b0e 00d70733 add              x14, x14, x13       x14=1a10f018 x14:00000018 x13:1a10f000
15534695ns          281852 1c008b10 00a7e723 p.sw             x10, x0(x15)        x10:00000063 x15:00000000  PA:1a10f018
15535036ns          281869 1c008b14 00000513 addi             x10, x0, 0          x10=00000000
15535056ns          281870 1c008b16 00008067 jalr             x0, x1, 0            x1:1c008bbe
15535116ns          281873 1c008bbe 31f52563 p.beqimm         x10, 778            x10:00000000
15535136ns          281874 1c008bc2 001d8d93 addi             x27, x27, 1         x27=00000012 x27:00000011
15535156ns          281875 1c008bc4 00044503 lbu              x10, 0(x8)          x10=0000006f  x8:1c0000aa  PA:1c0000aa
15535457ns          281890 1c008bc8 00140413 addi             x8, x8, 1            x8=1c0000ab  x8:1c0000aa
15535477ns          281891 1c008bca fe0514e3 bne              x10, x0, -24        x10:0000006f
15535558ns          281895 1c008bb2 02500793 addi             x15, x0, 37         x15=00000025
15535578ns          281896 1c008bb6 04f50863 beq              x10, x15, 80        x10:0000006f x15:00000025
15535598ns          281897 1c008bba 01a005b3 add              x11, x0, x26        x11=00000002 x26:00000002
15535618ns          281898 1c008bbc 000b00e7 jalr             x1, x22, 0           x1=1c008bbe x22:1c008af0
15535658ns          281900 1c008af0 000026b7 lui              x13, 0x2000         x13=00002000
15535678ns          281901 1c008af2 f14027f3 csrrs            x15, x0, 0xf14      x15=00000003
15535698ns          281902 1c008af6 f8068693 addi             x13, x13, -128      x13=00001f80 x13:00002000
15535718ns          281903 1c008afa 00379713 slli             x14, x15, 0x3       x14=00000018 x15:00000003
15535738ns          281904 1c008afe 00279793 slli             x15, x15, 0x2       x15=0000000c x15:00000003
15535758ns          281905 1c008b00 00d7f7b3 and              x15, x15, x13       x15=00000000 x15:0000000c x13:00001f80
15535778ns          281906 1c008b02 ee873733 p.bclr           x14, x14, 23, 8     x14=00000018 x14:00000018
15535798ns          281907 1c008b06 1a10f6b7 lui              x13, 0x1a10f000     x13=1a10f000
15535819ns          281908 1c008b0a 0ff57513 andi             x10, x10, 255       x10=0000006f x10:0000006f
15535839ns          281909 1c008b0e 00d70733 add              x14, x14, x13       x14=1a10f018 x14:00000018 x13:1a10f000
15535859ns          281910 1c008b10 00a7e723 p.sw             x10, x0(x15)        x10:0000006f x15:00000000  PA:1a10f018
15536180ns          281926 1c008b14 00000513 addi             x10, x0, 0          x10=00000000
15536200ns          281927 1c008b16 00008067 jalr             x0, x1, 0            x1:1c008bbe
15536260ns          281930 1c008bbe 31f52563 p.beqimm         x10, 778            x10:00000000
15536280ns          281931 1c008bc2 001d8d93 addi             x27, x27, 1         x27=00000013 x27:00000012
15536300ns          281932 1c008bc4 00044503 lbu              x10, 0(x8)          x10=00000072  x8:1c0000ab  PA:1c0000ab
15536601ns          281947 1c008bc8 00140413 addi             x8, x8, 1            x8=1c0000ac  x8:1c0000ab
15536621ns          281948 1c008bca fe0514e3 bne              x10, x0, -24        x10:00000072
15536701ns          281952 1c008bb2 02500793 addi             x15, x0, 37         x15=00000025
15536721ns          281953 1c008bb6 04f50863 beq              x10, x15, 80        x10:00000072 x15:00000025
15536742ns          281954 1c008bba 01a005b3 add              x11, x0, x26        x11=00000002 x26:00000002
15536762ns          281955 1c008bbc 000b00e7 jalr             x1, x22, 0           x1=1c008bbe x22:1c008af0
15536802ns          281957 1c008af0 000026b7 lui              x13, 0x2000         x13=00002000
15536822ns          281958 1c008af2 f14027f3 csrrs            x15, x0, 0xf14      x15=00000003
15536842ns          281959 1c008af6 f8068693 addi             x13, x13, -128      x13=00001f80 x13:00002000
15536862ns          281960 1c008afa 00379713 slli             x14, x15, 0x3       x14=00000018 x15:00000003
15536882ns          281961 1c008afe 00279793 slli             x15, x15, 0x2       x15=0000000c x15:00000003
15536902ns          281962 1c008b00 00d7f7b3 and              x15, x15, x13       x15=00000000 x15:0000000c x13:00001f80
15536922ns          281963 1c008b02 ee873733 p.bclr           x14, x14, 23, 8     x14=00000018 x14:00000018
15536942ns          281964 1c008b06 1a10f6b7 lui              x13, 0x1a10f000     x13=1a10f000
15536962ns          281965 1c008b0a 0ff57513 andi             x10, x10, 255       x10=00000072 x10:00000072
15536982ns          281966 1c008b0e 00d70733 add              x14, x14, x13       x14=1a10f018 x14:00000018 x13:1a10f000
15537002ns          281967 1c008b10 00a7e723 p.sw             x10, x0(x15)        x10:00000072 x15:00000000  PA:1a10f018
15537323ns          281983 1c008b14 00000513 addi             x10, x0, 0          x10=00000000
15537344ns          281984 1c008b16 00008067 jalr             x0, x1, 0            x1:1c008bbe
15537404ns          281987 1c008bbe 31f52563 p.beqimm         x10, 778            x10:00000000
15537424ns          281988 1c008bc2 001d8d93 addi             x27, x27, 1         x27=00000014 x27:00000013
15537444ns          281989 1c008bc4 00044503 lbu              x10, 0(x8)          x10=00000065  x8:1c0000ac  PA:1c0000ac
15537745ns          282004 1c008bc8 00140413 addi             x8, x8, 1            x8=1c0000ad  x8:1c0000ac
15537765ns          282005 1c008bca fe0514e3 bne              x10, x0, -24        x10:00000065
15537845ns          282009 1c008bb2 02500793 addi             x15, x0, 37         x15=00000025
15537865ns          282010 1c008bb6 04f50863 beq              x10, x15, 80        x10:00000065 x15:00000025
15537885ns          282011 1c008bba 01a005b3 add              x11, x0, x26        x11=00000002 x26:00000002
15537905ns          282012 1c008bbc 000b00e7 jalr             x1, x22, 0           x1=1c008bbe x22:1c008af0
15537945ns          282014 1c008af0 000026b7 lui              x13, 0x2000         x13=00002000
15537966ns          282015 1c008af2 f14027f3 csrrs            x15, x0, 0xf14      x15=00000003
15537986ns          282016 1c008af6 f8068693 addi             x13, x13, -128      x13=00001f80 x13:00002000
15538006ns          282017 1c008afa 00379713 slli             x14, x15, 0x3       x14=00000018 x15:00000003
15538026ns          282018 1c008afe 00279793 slli             x15, x15, 0x2       x15=0000000c x15:00000003
15538046ns          282019 1c008b00 00d7f7b3 and              x15, x15, x13       x15=00000000 x15:0000000c x13:00001f80
15538066ns          282020 1c008b02 ee873733 p.bclr           x14, x14, 23, 8     x14=00000018 x14:00000018
15538086ns          282021 1c008b06 1a10f6b7 lui              x13, 0x1a10f000     x13=1a10f000
15538106ns          282022 1c008b0a 0ff57513 andi             x10, x10, 255       x10=00000065 x10:00000065
15538126ns          282023 1c008b0e 00d70733 add              x14, x14, x13       x14=1a10f018 x14:00000018 x13:1a10f000
15538146ns          282024 1c008b10 00a7e723 p.sw             x10, x0(x15)        x10:00000065 x15:00000000  PA:1a10f018
15538487ns          282041 1c008b14 00000513 addi             x10, x0, 0          x10=00000000
15538507ns          282042 1c008b16 00008067 jalr             x0, x1, 0            x1:1c008bbe
15538567ns          282045 1c008bbe 31f52563 p.beqimm         x10, 778            x10:00000000
15538588ns          282046 1c008bc2 001d8d93 addi             x27, x27, 1         x27=00000015 x27:00000014
15538608ns          282047 1c008bc4 00044503 lbu              x10, 0(x8)          x10=00000020  x8:1c0000ad  PA:1c0000ad
15538909ns          282062 1c008bc8 00140413 addi             x8, x8, 1            x8=1c0000ae  x8:1c0000ad
15538929ns          282063 1c008bca fe0514e3 bne              x10, x0, -24        x10:00000020
15539009ns          282067 1c008bb2 02500793 addi             x15, x0, 37         x15=00000025
15539029ns          282068 1c008bb6 04f50863 beq              x10, x15, 80        x10:00000020 x15:00000025
15539049ns          282069 1c008bba 01a005b3 add              x11, x0, x26        x11=00000002 x26:00000002
15539069ns          282070 1c008bbc 000b00e7 jalr             x1, x22, 0           x1=1c008bbe x22:1c008af0
15539109ns          282072 1c008af0 000026b7 lui              x13, 0x2000         x13=00002000
15539129ns          282073 1c008af2 f14027f3 csrrs            x15, x0, 0xf14      x15=00000003
15539149ns          282074 1c008af6 f8068693 addi             x13, x13, -128      x13=00001f80 x13:00002000
15539169ns          282075 1c008afa 00379713 slli             x14, x15, 0x3       x14=00000018 x15:00000003
15539190ns          282076 1c008afe 00279793 slli             x15, x15, 0x2       x15=0000000c x15:00000003
15539210ns          282077 1c008b00 00d7f7b3 and              x15, x15, x13       x15=00000000 x15:0000000c x13:00001f80
15539230ns          282078 1c008b02 ee873733 p.bclr           x14, x14, 23, 8     x14=00000018 x14:00000018
15539250ns          282079 1c008b06 1a10f6b7 lui              x13, 0x1a10f000     x13=1a10f000
15539270ns          282080 1c008b0a 0ff57513 andi             x10, x10, 255       x10=00000020 x10:00000020
15539290ns          282081 1c008b0e 00d70733 add              x14, x14, x13       x14=1a10f018 x14:00000018 x13:1a10f000
15539310ns          282082 1c008b10 00a7e723 p.sw             x10, x0(x15)        x10:00000020 x15:00000000  PA:1a10f018
15539631ns          282098 1c008b14 00000513 addi             x10, x0, 0          x10=00000000
15539651ns          282099 1c008b16 00008067 jalr             x0, x1, 0            x1:1c008bbe
15539711ns          282102 1c008bbe 31f52563 p.beqimm         x10, 778            x10:00000000
15539731ns          282103 1c008bc2 001d8d93 addi             x27, x27, 1         x27=00000016 x27:00000015
15539751ns          282104 1c008bc4 00044503 lbu              x10, 0(x8)          x10=00000020  x8:1c0000ae  PA:1c0000ae
15540052ns          282119 1c008bc8 00140413 addi             x8, x8, 1            x8=1c0000af  x8:1c0000ae
15540072ns          282120 1c008bca fe0514e3 bne              x10, x0, -24        x10:00000020
15540153ns          282124 1c008bb2 02500793 addi             x15, x0, 37         x15=00000025
15540173ns          282125 1c008bb6 04f50863 beq              x10, x15, 80        x10:00000020 x15:00000025
15540193ns          282126 1c008bba 01a005b3 add              x11, x0, x26        x11=00000002 x26:00000002
15540213ns          282127 1c008bbc 000b00e7 jalr             x1, x22, 0           x1=1c008bbe x22:1c008af0
15540253ns          282129 1c008af0 000026b7 lui              x13, 0x2000         x13=00002000
15540273ns          282130 1c008af2 f14027f3 csrrs            x15, x0, 0xf14      x15=00000003
15540293ns          282131 1c008af6 f8068693 addi             x13, x13, -128      x13=00001f80 x13:00002000
15540313ns          282132 1c008afa 00379713 slli             x14, x15, 0x3       x14=00000018 x15:00000003
15540333ns          282133 1c008afe 00279793 slli             x15, x15, 0x2       x15=0000000c x15:00000003
15540353ns          282134 1c008b00 00d7f7b3 and              x15, x15, x13       x15=00000000 x15:0000000c x13:00001f80
15540373ns          282135 1c008b02 ee873733 p.bclr           x14, x14, 23, 8     x14=00000018 x14:00000018
15540393ns          282136 1c008b06 1a10f6b7 lui              x13, 0x1a10f000     x13=1a10f000
15540414ns          282137 1c008b0a 0ff57513 andi             x10, x10, 255       x10=00000020 x10:00000020
15540434ns          282138 1c008b0e 00d70733 add              x14, x14, x13       x14=1a10f018 x14:00000018 x13:1a10f000
15540454ns          282139 1c008b10 00a7e723 p.sw             x10, x0(x15)        x10:00000020 x15:00000000  PA:1a10f018
15540775ns          282155 1c008b14 00000513 addi             x10, x0, 0          x10=00000000
15540795ns          282156 1c008b16 00008067 jalr             x0, x1, 0            x1:1c008bbe
15540855ns          282159 1c008bbe 31f52563 p.beqimm         x10, 778            x10:00000000
15540875ns          282160 1c008bc2 001d8d93 addi             x27, x27, 1         x27=00000017 x27:00000016
15540895ns          282161 1c008bc4 00044503 lbu              x10, 0(x8)          x10=00000025  x8:1c0000af  PA:1c0000af
15541196ns          282176 1c008bc8 00140413 addi             x8, x8, 1            x8=1c0000b0  x8:1c0000af
15541216ns          282177 1c008bca fe0514e3 bne              x10, x0, -24        x10:00000025
15541296ns          282181 1c008bb2 02500793 addi             x15, x0, 37         x15=00000025
15541316ns          282182 1c008bb6 04f50863 beq              x10, x15, 80        x10:00000025 x15:00000025
15541457ns          282189 1c008c06 00044483 lbu              x9, 0(x8)            x9=00000064  x8:1c0000b0  PA:1c0000b0
15541758ns          282204 1c008c0a 02000693 addi             x13, x0, 32         x13=00000020
15541778ns          282205 1c008c0e 00140a93 addi             x21, x8, 1          x21=1c0000b1  x8:1c0000b0
15541798ns          282206 1c008c12 009005b3 add              x11, x0, x9         x11=00000064  x9:00000064
15541818ns          282207 1c008c14 154b8513 addi             x10, x23, 340       x10=1c000154 x23:1c000000
15541838ns          282208 1c008c18 00d12823 sw               x13, 16(x2)         x13:00000020  x2:10001c98  PA:10001ca8
15541858ns          282209 1c008c1a 00012c23 sw               x0, 24(x2)           x2:10001c98  PA:10001cb0
15541878ns          282210 1c008c1c 00012a23 sw               x0, 20(x2)           x2:10001c98  PA:10001cac
15541898ns          282211 1c008c1e 00012e23 sw               x0, 28(x2)           x2:10001c98  PA:10001cb4
15541918ns          282212 1c008c20 00012623 sw               x0, 12(x2)           x2:10001c98  PA:10001ca4
15541938ns          282213 1c008c22 02300913 addi             x18, x0, 35         x18=00000023
15541959ns          282214 1c008c26 02d00a13 addi             x20, x0, 45         x20=0000002d
15541979ns          282215 1c008c2a 015009b3 add              x19, x0, x21        x19=1c0000b1 x21:1c0000b1
15541999ns          282216 1c008c2c e97ff0ef jal              x1, -362             x1=1c008c2e
15542159ns          282224 1c008ac2 00054783 lbu              x15, 0(x10)         x15=0000002d x10:1c000154  PA:1c000154
15542460ns          282239 1c008ac6 0ff5f593 andi             x11, x11, 255       x11=00000064 x11:00000064
15542480ns          282240 1c008aca 00b78c63 beq              x15, x11, 24        x15:0000002d x11:00000064
15542500ns          282241 1c008ace 00078b63 beq              x15, x0, 22         x15:0000002d
15542520ns          282242 1c008ad0 00150793 addi             x15, x10, 1         x15=1c000155 x10:1c000154
15542540ns          282243 1c008ad4 0040006f jal              x0, 4              
15542581ns          282245 1c008ad8 00f00533 add              x10, x0, x15        x10=1c000155 x15:1c000155
15542601ns          282246 1c008ada 0017c70b p.lbu            x14, 1(x15!)        x14=0000002b x15=1c000156 x15:1c000155  PA:1c000155
15542922ns          282262 1c008ade feb71ce3 bne              x14, x11, -8        x14:0000002b x11:00000064
15542982ns          282265 1c008ad6 00070763 beq              x14, x0, 14         x14:0000002b
15543002ns          282266 1c008ad8 00f00533 add              x10, x0, x15        x10=1c000156 x15:1c000156
15543022ns          282267 1c008ada 0017c70b p.lbu            x14, 1(x15!)        x14=00000020 x15=1c000157 x15:1c000156  PA:1c000156
15543343ns          282283 1c008ade feb71ce3 bne              x14, x11, -8        x14:00000020 x11:00000064
15543403ns          282286 1c008ad6 00070763 beq              x14, x0, 14         x14:00000020
15543423ns          282287 1c008ad8 00f00533 add              x10, x0, x15        x10=1c000157 x15:1c000157
15543443ns          282288 1c008ada 0017c70b p.lbu            x14, 1(x15!)        x14=00000023 x15=1c000158 x15:1c000157  PA:1c000157
15543764ns          282304 1c008ade feb71ce3 bne              x14, x11, -8        x14:00000023 x11:00000064
15543825ns          282307 1c008ad6 00070763 beq              x14, x0, 14         x14:00000023
15543845ns          282308 1c008ad8 00f00533 add              x10, x0, x15        x10=1c000158 x15:1c000158
15543865ns          282309 1c008ada 0017c70b p.lbu            x14, 1(x15!)        x14=00000030 x15=1c000159 x15:1c000158  PA:1c000158
15544186ns          282325 1c008ade feb71ce3 bne              x14, x11, -8        x14:00000030 x11:00000064
15544246ns          282328 1c008ad6 00070763 beq              x14, x0, 14         x14:00000030
15544266ns          282329 1c008ad8 00f00533 add              x10, x0, x15        x10=1c000159 x15:1c000159
15544286ns          282330 1c008ada 0017c70b p.lbu            x14, 1(x15!)        x14=00000000 x15=1c00015a x15:1c000159  PA:1c000159
15544607ns          282346 1c008ade feb71ce3 bne              x14, x11, -8        x14:00000000 x11:00000064
15544667ns          282349 1c008ad6 00070763 beq              x14, x0, 14         x14:00000000
15544728ns          282352 1c008ae4 0015b593 sltiu            x11, x11, 1         x11=00000000 x11:00000064
15544748ns          282353 1c008ae8 40b005b3 sub              x11, x0, x11        x11=00000000 x11:00000000
15544768ns          282354 1c008aec 00b57533 and              x10, x10, x11       x10=00000000 x10:1c000159 x11:00000000
15544788ns          282355 1c008aee 00008067 jalr             x0, x1, 0            x1:1c008c2e
15544828ns          282357 1c008c2e 02050a63 beq              x10, x0, 52         x10:00000000
15544968ns          282364 1c008c62 02a00613 addi             x12, x0, 42         x12=0000002a
15544988ns          282365 1c008c66 2ac48663 beq              x9, x12, 684         x9:00000064 x12:0000002a
15545008ns          282366 1c008c6a fd048613 addi             x12, x9, -48        x12=00000034  x9:00000064
15545029ns          282367 1c008c6e 00900593 addi             x11, x0, 9          x11=00000009
15545330ns          282382 1c008c70 00000913 addi             x18, x0, 0          x18=00000000
15545370ns          282384 1c008c72 28c5f063 bgeu             x11, x12, 640       x11:00000009 x12:00000034
15545390ns          282385 1c008c76 02e00693 addi             x13, x0, 46         x13=0000002e
15545410ns          282386 1c008c7a fff00a13 addi             x20, x0, -1         x20=ffffffff
15545430ns          282387 1c008c7c 2ed48363 beq              x9, x13, 742         x9:00000064 x13:0000002e
15545470ns          282389 1c008c80 1c0007b7 lui              x15, 0x1c000000     x15=1c000000
15545510ns          282391 1c008c84 009005b3 add              x11, x0, x9         x11=00000064  x9:00000064
15545530ns          282392 1c008c86 15c78513 addi             x10, x15, 348       x10=1c00015c x15:1c000000
15545550ns          282393 1c008c8a e39ff0ef jal              x1, -456             x1=1c008c8c
15545671ns          282399 1c008ac2 00054783 lbu              x15, 0(x10)         x15=00000068 x10:1c00015c  PA:1c00015c
15546032ns          282417 1c008ac6 0ff5f593 andi             x11, x11, 255       x11=00000064 x11:00000064
15546052ns          282418 1c008aca 00b78c63 beq              x15, x11, 24        x15:00000068 x11:00000064
15546072ns          282419 1c008ace 00078b63 beq              x15, x0, 22         x15:00000068
15546092ns          282420 1c008ad0 00150793 addi             x15, x10, 1         x15=1c00015d x10:1c00015c
15546112ns          282421 1c008ad4 0040006f jal              x0, 4              
15546152ns          282423 1c008ad8 00f00533 add              x10, x0, x15        x10=1c00015d x15:1c00015d
15546172ns          282424 1c008ada 0017c70b p.lbu            x14, 1(x15!)        x14=0000006c x15=1c00015e x15:1c00015d  PA:1c00015d
15546493ns          282440 1c008ade feb71ce3 bne              x14, x11, -8        x14:0000006c x11:00000064
15546554ns          282443 1c008ad6 00070763 beq              x14, x0, 14         x14:0000006c
15546574ns          282444 1c008ad8 00f00533 add              x10, x0, x15        x10=1c00015e x15:1c00015e
15546594ns          282445 1c008ada 0017c70b p.lbu            x14, 1(x15!)        x14=0000004c x15=1c00015f x15:1c00015e  PA:1c00015e
15546915ns          282461 1c008ade feb71ce3 bne              x14, x11, -8        x14:0000004c x11:00000064
15546975ns          282464 1c008ad6 00070763 beq              x14, x0, 14         x14:0000004c
15546995ns          282465 1c008ad8 00f00533 add              x10, x0, x15        x10=1c00015f x15:1c00015f
15547015ns          282466 1c008ada 0017c70b p.lbu            x14, 1(x15!)        x14=0000007a x15=1c000160 x15:1c00015f  PA:1c00015f
15547336ns          282482 1c008ade feb71ce3 bne              x14, x11, -8        x14:0000007a x11:00000064
15547396ns          282485 1c008ad6 00070763 beq              x14, x0, 14         x14:0000007a
15547416ns          282486 1c008ad8 00f00533 add              x10, x0, x15        x10=1c000160 x15:1c000160
15547436ns          282487 1c008ada 0017c70b p.lbu            x14, 1(x15!)        x14=00000000 x15=1c000161 x15:1c000160  PA:1c000160
15547757ns          282503 1c008ade feb71ce3 bne              x14, x11, -8        x14:00000000 x11:00000064
15547818ns          282506 1c008ad6 00070763 beq              x14, x0, 14         x14:00000000
15547878ns          282509 1c008ae4 0015b593 sltiu            x11, x11, 1         x11=00000000 x11:00000064
15547898ns          282510 1c008ae8 40b005b3 sub              x11, x0, x11        x11=00000000 x11:00000000
15547918ns          282511 1c008aec 00b57533 and              x10, x10, x11       x10=00000000 x10:1c000160 x11:00000000
15547938ns          282512 1c008aee 00008067 jalr             x0, x1, 0            x1:1c008c8c
15547978ns          282514 1c008c8c 01300433 add              x8, x0, x19          x8=1c0000b1 x19:1c0000b1
15547998ns          282515 1c008c8e 00050563 beq              x10, x0, 10         x10:00000000
15548058ns          282518 1c008c98 06700693 addi             x13, x0, 103        x13=00000067
15548078ns          282519 1c008c9c 2896d963 bge              x13, x9, 658        x13:00000067  x9:00000064
15548299ns          282530 1c008f2e 06500693 addi             x13, x0, 101        x13=00000065
15548339ns          282532 1c008f32 12d4d563 bge              x9, x13, 298         x9:00000064 x13:00000065
15548359ns          282533 1c008f36 04700693 addi             x13, x0, 71         x13=00000047
15548379ns          282534 1c008f3a dc96cbe3 blt              x13, x9, -554       x13:00000047  x9:00000064
15548520ns          282541 1c008d10 06300693 addi             x13, x0, 99         x13=00000063
15548560ns          282543 1c008d14 0ad488e3 beq              x9, x13, 2224        x9:00000064 x13:00000063
15548580ns          282544 1c008d18 0096c9e3 blt              x13, x9, 2066       x13:00000063  x9:00000064
15548781ns          282554 1c00952a 000c2583 lw               x11, 0(x24)         x11=00000003 x24:10001dec  PA:10001dec
15548801ns          282555 1c00952e 004c0c13 addi             x24, x24, 4         x24=10001df0 x24:10001dec
15548841ns          282557 1c009530 3405cc63 blt              x11, x0, 856        x11:00000003
15548881ns          282559 1c009534 01412603 lw               x12, 20(x2)         x12=00000000  x2:10001c98  PA:10001cac
15548901ns          282560 1c009536 00b006b3 add              x13, x0, x11        x13=00000003 x11:00000003
15548921ns          282561 1c009538 2e061863 bne              x12, x0, 752        x12:00000000
15548941ns          282562 1c00953c 01812703 lw               x14, 24(x2)         x14=00000000  x2:10001c98  PA:10001cb0
15548961ns          282563 1c00953e 019007b3 add              x15, x0, x25        x15=10001cbc x25:10001cbc
15548981ns          282564 1c009540 00070763 beq              x14, x0, 14         x14:00000000
15549042ns          282567 1c00954e 00f00733 add              x14, x0, x15        x14=10001cbc x15:10001cbc
15549102ns          282570 1c009550 00a00513 addi             x10, x0, 10         x10=0000000a
15549142ns          282572 1c009552 02a6f633 remu             x12, x13, x10       x12=00000003 x13:00000003 x10:0000000a
15549764ns          282603 1c009556 02a6d6b3 divu             x13, x13, x10       x13=00000000 x13:00000003 x10:0000000a
15550386ns          282634 1c00955a 03060613 addi             x12, x12, 48        x12=00000033 x12:00000003
15550406ns          282635 1c00955e 00c700ab p.sb             x12, 1(x14!)        x14=10001cbd x12:00000033 x14:10001cbc  PA:10001cbc
15550426ns          282636 1c009562 fe0698e3 bne              x13, x0, -16        x13:00000000
15550446ns          282637 1c009564 40f706b3 sub              x13, x14, x15       x13=00000001 x14:10001cbd x15:10001cbc
15550466ns          282638 1c009568 0146dc63 bge              x13, x20, 24        x13:00000001 x20:ffffffff
15550607ns          282645 1c009580 00e006b3 add              x13, x0, x14        x13=10001cbd x14:10001cbd
15550647ns          282647 1c009582 fe068fab p.sb             x0, -1(x13!)        x13=10001cbc x13:10001cbd  PA:10001cbd
15550667ns          282648 1c009586 00d7fc63 bgeu             x15, x13, 24        x15:10001cbc x13:10001cbc
15550787ns          282654 1c00959e 01412783 lw               x15, 20(x2)         x15=00000000  x2:10001c98  PA:10001cac
15550847ns          282657 1c0095a0 01812603 lw               x12, 24(x2)         x12=00000000  x2:10001c98  PA:10001cb0
15550888ns          282659 1c0095a2 419704b3 sub              x9, x14, x25         x9=00000001 x14:10001cbd x25:10001cbc
15550908ns          282660 1c0095a6 00c7e7b3 or               x15, x15, x12       x15=00000000 x15:00000000 x12:00000000
15550928ns          282661 1c0095a8 00f12623 sw               x15, 12(x2)         x15:00000000  x2:10001c98  PA:10001ca4
15550968ns          282663 1c0095aa 00079363 bne              x15, x0, 6          x15:00000000
15550988ns          282664 1c0095ac 01f5d593 srli             x11, x11, 0x1f      x11=00000000 x11:00000003
15551008ns          282665 1c0095ae 00b12623 sw               x11, 12(x2)         x11:00000000  x2:10001c98  PA:10001ca4
15551028ns          282666 1c0095b0 e3fa28e3 p.beqimm         x20, -464           x20:ffffffff
15551128ns          282671 1c0093e0 0c800793 addi             x15, x0, 200        x15=000000c8
15551169ns          282673 1c0093e4 9e97d0e3 bge              x15, x9, -1568      x15:000000c8  x9:00000001
15551269ns          282678 1c008dc4 0f24d163 bge              x9, x18, 226         x9:00000001 x18:00000000
15551409ns          282685 1c008ea6 d00482e3 beq              x9, x0, -764         x9:00000001
15551429ns          282686 1c008eaa 01900933 add              x18, x0, x25        x18=10001cbc x25:10001cbc
15551449ns          282687 1c008eac 419d8db3 sub              x27, x27, x25       x27=efffe35b x27:00000017 x25:10001cbc
15551490ns          282689 1c008eb0 00a0006f jal              x0, 10             
15551550ns          282692 1c008eba 0019450b p.lbu            x10, 1(x18!)        x10=00000033 x18=10001cbd x18:10001cbc  PA:10001cbc
15551570ns          282693 1c008ebe 01a005b3 add              x11, x0, x26        x11=00000002 x26:00000002
15551610ns          282695 1c008ec0 000b00e7 jalr             x1, x22, 0           x1=1c008ec2 x22:1c008af0
15551650ns          282697 1c008af0 000026b7 lui              x13, 0x2000         x13=00002000
15551670ns          282698 1c008af2 f14027f3 csrrs            x15, x0, 0xf14      x15=00000003
15551690ns          282699 1c008af6 f8068693 addi             x13, x13, -128      x13=00001f80 x13:00002000
15551710ns          282700 1c008afa 00379713 slli             x14, x15, 0x3       x14=00000018 x15:00000003
15551730ns          282701 1c008afe 00279793 slli             x15, x15, 0x2       x15=0000000c x15:00000003
15551771ns          282703 1c008b00 00d7f7b3 and              x15, x15, x13       x15=00000000 x15:0000000c x13:00001f80
15551811ns          282705 1c008b02 ee873733 p.bclr           x14, x14, 23, 8     x14=00000018 x14:00000018
15551831ns          282706 1c008b06 1a10f6b7 lui              x13, 0x1a10f000     x13=1a10f000
15551851ns          282707 1c008b0a 0ff57513 andi             x10, x10, 255       x10=00000033 x10:00000033
15551871ns          282708 1c008b0e 00d70733 add              x14, x14, x13       x14=1a10f018 x14:00000018 x13:1a10f000
15551911ns          282710 1c008b10 00a7e723 p.sw             x10, x0(x15)        x10:00000033 x15:00000000  PA:1a10f018
15552312ns          282730 1c008b14 00000513 addi             x10, x0, 0          x10=00000000
15552332ns          282731 1c008b16 00008067 jalr             x0, x1, 0            x1:1c008ec2
15552372ns          282733 1c008ec2 fff48493 addi             x9, x9, -1           x9=00000000  x9:00000001
15552393ns          282734 1c008ec4 fff537e3 p.bneimm         x10, -18            x10:00000000
15552473ns          282738 1c008eb2 012d8733 add              x14, x27, x18       x14=00000018 x27:efffe35b x18:10001cbd
15552493ns          282739 1c008eb6 5a048b63 beq              x9, x0, 1462         x9:00000000
15552613ns          282745 1c00946c 00e00db3 add              x27, x0, x14        x27=00000018 x14:00000018
15552694ns          282749 1c00946e f3cff06f jal              x0, -2244          
15552814ns          282755 1c008baa 00044503 lbu              x10, 0(x8)          x10=0000000a  x8:1c0000b1  PA:1c0000b1
15553115ns          282770 1c008bae 00140413 addi             x8, x8, 1            x8=1c0000b2  x8:1c0000b1
15553135ns          282771 1c008bb0 00050e63 beq              x10, x0, 28         x10:0000000a
15553155ns          282772 1c008bb2 02500793 addi             x15, x0, 37         x15=00000025
15553175ns          282773 1c008bb6 04f50863 beq              x10, x15, 80        x10:0000000a x15:00000025
15553195ns          282774 1c008bba 01a005b3 add              x11, x0, x26        x11=00000002 x26:00000002
15553215ns          282775 1c008bbc 000b00e7 jalr             x1, x22, 0           x1=1c008bbe x22:1c008af0
15553295ns          282779 1c008af0 000026b7 lui              x13, 0x2000         x13=00002000
15553316ns          282780 1c008af2 f14027f3 csrrs            x15, x0, 0xf14      x15=00000003
15553336ns          282781 1c008af6 f8068693 addi             x13, x13, -128      x13=00001f80 x13:00002000
15553356ns          282782 1c008afa 00379713 slli             x14, x15, 0x3       x14=00000018 x15:00000003
15553376ns          282783 1c008afe 00279793 slli             x15, x15, 0x2       x15=0000000c x15:00000003
15553396ns          282784 1c008b00 00d7f7b3 and              x15, x15, x13       x15=00000000 x15:0000000c x13:00001f80
15553416ns          282785 1c008b02 ee873733 p.bclr           x14, x14, 23, 8     x14=00000018 x14:00000018
15553436ns          282786 1c008b06 1a10f6b7 lui              x13, 0x1a10f000     x13=1a10f000
15553456ns          282787 1c008b0a 0ff57513 andi             x10, x10, 255       x10=0000000a x10:0000000a
15553476ns          282788 1c008b0e 00d70733 add              x14, x14, x13       x14=1a10f018 x14:00000018 x13:1a10f000
15553496ns          282789 1c008b10 00a7e723 p.sw             x10, x0(x15)        x10:0000000a x15:00000000  PA:1a10f018
15553897ns          282809 1c008b14 00000513 addi             x10, x0, 0          x10=00000000
15553917ns          282810 1c008b16 00008067 jalr             x0, x1, 0            x1:1c008bbe
15553978ns          282813 1c008bbe 31f52563 p.beqimm         x10, 778            x10:00000000
15553998ns          282814 1c008bc2 001d8d93 addi             x27, x27, 1         x27=00000019 x27:00000018
15554018ns          282815 1c008bc4 00044503 lbu              x10, 0(x8)          x10=00000000  x8:1c0000b2  PA:1c0000b2
15554319ns          282830 1c008bc8 00140413 addi             x8, x8, 1            x8=1c0000b3  x8:1c0000b2
15554339ns          282831 1c008bca fe0514e3 bne              x10, x0, -24        x10:00000000
15554359ns          282832 1c008bcc 01b00433 add              x8, x0, x27          x8=00000019 x27:00000019
15554379ns          282833 1c008bce 00800533 add              x10, x0, x8         x10=00000019  x8:00000019
15554399ns          282834 1c008bd0 12c12083 lw               x1, 300(x2)          x1=1c008b5c  x2:10001c98  PA:10001dc4
15554419ns          282835 1c008bd4 12812403 lw               x8, 296(x2)          x8=0000000f  x2:10001c98  PA:10001dc0
15554439ns          282836 1c008bd8 12412483 lw               x9, 292(x2)          x9=xxxxxxxx  x2:10001c98  PA:10001dbc
15554459ns          282837 1c008bdc 12012903 lw               x18, 288(x2)        x18=xxxxxxxx  x2:10001c98  PA:10001db8
15554499ns          282839 1c008be0 11c12983 lw               x19, 284(x2)        x19=xxxxxxxx  x2:10001c98  PA:10001db4
15554540ns          282841 1c008be4 11812a03 lw               x20, 280(x2)        x20=xxxxxxxx  x2:10001c98  PA:10001db0
15554560ns          282842 1c008be8 11412a83 lw               x21, 276(x2)        x21=xxxxxxxx  x2:10001c98  PA:10001dac
15554580ns          282843 1c008bec 11012b03 lw               x22, 272(x2)        x22=xxxxxxxx  x2:10001c98  PA:10001da8
15554640ns          282846 1c008bf0 10c12b83 lw               x23, 268(x2)        x23=xxxxxxxx  x2:10001c98  PA:10001da4
15554680ns          282848 1c008bf4 10812c03 lw               x24, 264(x2)        x24=xxxxxxxx  x2:10001c98  PA:10001da0
15554700ns          282849 1c008bf8 10412c83 lw               x25, 260(x2)        x25=xxxxxxxx  x2:10001c98  PA:10001d9c
15554720ns          282850 1c008bfc 10012d03 lw               x26, 256(x2)        x26=xxxxxxxx  x2:10001c98  PA:10001d98
15554740ns          282851 1c008c00 0fc12d83 lw               x27, 252(x2)        x27=xxxxxxxx  x2:10001c98  PA:10001d94
15554760ns          282852 1c008c02 13010113 addi             x2, x2, 304          x2=10001dc8  x2:10001c98
15554780ns          282853 1c008c04 00008067 jalr             x0, x1, 0            x1:1c008b5c
15554820ns          282855 1c008b5c 01c12083 lw               x1, 28(x2)           x1=1c00848c  x2:10001dc8  PA:10001de4
15554841ns          282856 1c008b5e 04010113 addi             x2, x2, 64           x2=10001e08  x2:10001dc8
15554881ns          282858 1c008b60 00008067 jalr             x0, x1, 0            x1:1c00848c
15554961ns          282862 1c00848c 00100413 addi             x8, x0, 1            x8=00000001
15554981ns          282863 1c00848e fa3ff06f jal              x0, -94            
15555503ns          282889 1c008430 2bb010ef jal              x1, 6842             x1=1c008434
15555623ns          282895 1c009eea f14027f3 csrrs            x15, x0, 0xf14      x15=00000003
15555643ns          282896 1c009eee 01f00713 addi             x14, x0, 31         x14=0000001f
15555663ns          282897 1c009ef0 ca5797b3 p.extractu       x15, x15, 5, 5      x15=00000000 x15:00000003
15555683ns          282898 1c009ef4 00e78863 beq              x15, x14, 16        x15:00000000 x14:0000001f
15555703ns          282899 1c009ef8 002047b7 lui              x15, 0x204000       x15=00204000
15555723ns          282900 1c009efc 20078793 addi             x15, x15, 512       x15=00204200 x15:00204000
15555764ns          282902 1c009f00 01c7e703 p.elw            x14, 28(x15)        x14=00010000 x15:00204200  PA:0020421c
15556004ns          282914 1c009f04 00008067 jalr             x0, x1, 0            x1:1c008434
15556044ns          282916 1c008434 00144513 xori             x10, x8, 1          x10=00000000  x8:00000001
15556064ns          282917 1c008438 1ec12083 lw               x1, 492(x2)          x1=1c009dfa  x2:10001e08  PA:10001ff4
15556125ns          282920 1c00843c 1e812403 lw               x8, 488(x2)          x8=xxxxxxxx  x2:10001e08  PA:10001ff0
15556165ns          282922 1c008440 1f010113 addi             x2, x2, 496          x2=10001ff8  x2:10001e08
15556185ns          282923 1c008442 00008067 jalr             x0, x1, 0            x1:1c009dfa
15556305ns          282929 1c009dfa f14027f3 csrrs            x15, x0, 0xf14      x15=00000003
15556365ns          282932 1c009dfe f457b7b3 p.bclr           x15, x15, 26, 5     x15=00000003 x15:00000003
15556386ns          282933 1c009e02 00079963 bne              x15, x0, 18         x15:00000003
15556927ns          282960 1c009e14 002047b7 lui              x15, 0x204000       x15=00204000
15556967ns          282962 1c009e18 fff00713 addi             x14, x0, -1         x14=ffffffff
15556987ns          282963 1c009e1a 00e7a223 sw               x14, 4(x15)         x14:ffffffff x15:00204000  PA:00204004
