                Time          Cycles PC       Instr    Mnemonic
15783820ns          257478 1c008080 0640006f jal              x0, 100            
15784278ns          257501 1c0080e4 f1402573 csrrs            x10, x0, 0xf14      x10=00000003
15784317ns          257503 1c0080e8 01f57593 andi             x11, x10, 31        x11=00000003 x10:00000003
15784337ns          257504 1c0080ec 00555513 srli             x10, x10, 0x5       x10=00000000 x10:00000003
15784357ns          257505 1c0080ee 01f00613 addi             x12, x0, 31         x12=0000001f
15784775ns          257526 1c0080f0 00c50463 beq              x10, x12, 8         x10:00000000 x12:0000001f
15784815ns          257528 1c0080f4 fa1ff06f jal              x0, -96            
15785272ns          257551 1c008094 f3ff8117 auipc            x2, 0xf3ff8000       x2=10000094
15785312ns          257553 1c008098 f7010113 addi             x2, x2, -144         x2=10000004  x2:10000094
15785332ns          257554 1c00809c 00012103 lw               x2, 0(x2)            x2=10000008  x2:10000004  PA:10000004
15785769ns          257576 1c0080a0 000011b7 lui              x3, 0x1000           x3=00001000
15785809ns          257578 1c0080a4 80018193 addi             x3, x3, -2048        x3=00000800  x3:00001000
15785829ns          257579 1c0080a8 00158593 addi             x11, x11, 1         x11=00000004 x11:00000003
15785849ns          257580 1c0080ac 02b180b3 mul              x1, x3, x11          x1=00002000  x3:00000800 x11:00000004
15786287ns          257602 1c0080b0 00110133 add              x2, x2, x1           x2=10002008  x2:10000008  x1:00002000
15786326ns          257604 1c0080b4 4770206f jal              x0, 11382          
15786784ns          257627 1c00ad2a ff010113 addi             x2, x2, -16          x2=10001ff8  x2:10002008
15786824ns          257629 1c00ad2c 00112623 sw               x1, 12(x2)           x1:00002000  x2:10001ff8  PA:10002004
15787261ns          257651 1c00ad2e 002047b7 lui              x15, 0x204000       x15=00204000
15787301ns          257653 1c00ad32 00070737 lui              x14, 0x70000        x14=00070000
15787321ns          257654 1c00ad36 00e7a423 sw               x14, 8(x15)         x14:00070000 x15:00204000  PA:00204008
15787341ns          257655 1c00ad38 00f00713 addi             x14, x0, 15         x14=0000000f
15787361ns          257656 1c00ad3a 20078793 addi             x15, x15, 512       x15=00204200 x15:00204000
15787798ns          257678 1c00ad3e 00e7a023 sw               x14, 0(x15)         x14:0000000f x15:00204200  PA:00204200
15787878ns          257682 1c00ad42 00e7a623 sw               x14, 12(x15)        x14:0000000f x15:00204200  PA:0020420c
15787898ns          257683 1c00ad46 1c0017b7 lui              x15, 0x1c001000     x15=1c001000
15787918ns          257684 1c00ad4a 9d47a783 lw               x15, -1580(x15)     x15=1c00813e x15:1c001000  PA:1c0009d4
15788415ns          257709 1c00ad4e 000780e7 jalr             x1, x15, 0           x1=1c00ad50 x15:1c00813e
15789270ns          257752 1c00813e de010113 addi             x2, x2, -544         x2=10001dd8  x2:10001ff8
15789310ns          257754 1c008142 21312623 sw               x19, 524(x2)        x19:xxxxxxxx  x2:10001dd8  PA:10001fe4
15789330ns          257755 1c008146 20112e23 sw               x1, 540(x2)          x1:1c00ad50  x2:10001dd8  PA:10001ff4
15789350ns          257756 1c00814a f14029f3 csrrs            x19, x0, 0xf14      x19=00000003
15789787ns          257778 1c00814e 20812c23 sw               x8, 536(x2)          x8:xxxxxxxx  x2:10001dd8  PA:10001ff0
15789827ns          257780 1c008152 20912a23 sw               x9, 532(x2)          x9:xxxxxxxx  x2:10001dd8  PA:10001fec
15789847ns          257781 1c008156 21212823 sw               x18, 528(x2)        x18:xxxxxxxx  x2:10001dd8  PA:10001fe8
15789867ns          257782 1c00815a ca5997b3 p.extractu       x15, x19, 5, 5      x15=00000000 x19:00000003
15790305ns          257804 1c00815e 22079ee3 bne              x15, x0, 2620       x15:00000000
15790344ns          257806 1c008162 f459b9b3 p.bclr           x19, x19, 26, 5     x19=00000003 x19:00000003
15790364ns          257807 1c008166 0219aae3 p.beqimm         x19, 2100           x19:00000003
15790384ns          257808 1c00816a 2229ade3 p.beqimm         x19, 2618           x19:00000003
15790822ns          257830 1c00816e 00098463 beq              x19, x0, 8          x19:00000003
15790861ns          257832 1c008172 3b00106f jal              x0, 5040           
15791578ns          257868 1c009522 00000913 addi             x18, x0, 0          x18=00000000
15791617ns          257870 1c009524 e829a363 p.beqimm         x19, -2426          x19:00000003
15791637ns          257871 1c009528 00000493 addi             x9, x0, 0            x9=00000000
15791657ns          257872 1c00952a 00000413 addi             x8, x0, 0            x8=00000000
15791677ns          257873 1c00952c c71fe06f jal              x0, -5008          
15792174ns          257898 1c00819c 4a5020ef jal              x1, 11428            x1=1c0081a0
15792632ns          257921 1c00ae40 f14027f3 csrrs            x15, x0, 0xf14      x15=00000003
15792672ns          257923 1c00ae44 01f00713 addi             x14, x0, 31         x14=0000001f
15792691ns          257924 1c00ae46 ca5797b3 p.extractu       x15, x15, 5, 5      x15=00000000 x15:00000003
15792711ns          257925 1c00ae4a 00e78863 beq              x15, x14, 16        x15:00000000 x14:0000001f
15793149ns          257947 1c00ae4e 002047b7 lui              x15, 0x204000       x15=00204000
15793189ns          257949 1c00ae52 20078793 addi             x15, x15, 512       x15=00204200 x15:00204000
15793209ns          257950 1c00ae56 01c7e703 p.elw            x14, 28(x15)        x14=00010000 x15:00204200  PA:0020421c
15797087ns          258145 1c00ae5a 00008067 jalr             x0, x1, 0            x1:1c0081a0
15797167ns          258149 1c0081a0 f14027f3 csrrs            x15, x0, 0xf14      x15=00000003
15797207ns          258151 1c0081a4 f457b7b3 p.bclr           x15, x15, 26, 5     x15=00000003 x15:00000003
15797226ns          258152 1c0081a8 00000613 addi             x12, x0, 0          x12=00000000
15797246ns          258153 1c0081aa 020786e3 beq              x15, x0, 2092       x15:00000003
15797664ns          258174 1c0081ae fff98793 addi             x15, x19, -1        x15=00000002 x19:00000003
15797684ns          258175 1c0081b2 00100713 addi             x14, x0, 1          x14=00000001
15797704ns          258176 1c0081b4 00f76463 bltu             x14, x15, 8         x14:00000001 x15:00000002
15797764ns          258179 1c0081bc 78099d63 bne              x19, x0, 1946       x19:00000003
15798738ns          258228 1c008956 4ea020ef jal              x1, 9450             x1=1c00895a
15798778ns          258230 1c00ae40 f14027f3 csrrs            x15, x0, 0xf14      x15=00000003
15798798ns          258231 1c00ae44 01f00713 addi             x14, x0, 31         x14=0000001f
15798818ns          258232 1c00ae46 ca5797b3 p.extractu       x15, x15, 5, 5      x15=00000000 x15:00000003
15798838ns          258233 1c00ae4a 00e78863 beq              x15, x14, 16        x15:00000000 x14:0000001f
15798858ns          258234 1c00ae4e 002047b7 lui              x15, 0x204000       x15=00204000
15798877ns          258235 1c00ae52 20078793 addi             x15, x15, 512       x15=00204200 x15:00204000
15798897ns          258236 1c00ae56 01c7e703 p.elw            x14, 28(x15)        x14=00010000 x15:00204200  PA:0020421c
16920717ns          314522 1c00ae5a 00008067 jalr             x0, x1, 0            x1:1c00895a
16920777ns          314525 1c00895a f14027f3 csrrs            x15, x0, 0xf14      x15=00000003
16920898ns          314531 1c00895e f457b7b3 p.bclr           x15, x15, 26, 5     x15=00000003 x15:00000003
16920918ns          314532 1c008962 00000413 addi             x8, x0, 0            x8=00000000
16920938ns          314533 1c008964 00079d63 bne              x15, x0, 26         x15:00000003
16921459ns          314559 1c00897e 00800533 add              x10, x0, x8         x10=00000000  x8:00000000
16921941ns          314583 1c008980 21c12083 lw               x1, 540(x2)          x1=1c00ad50  x2:10001dd8  PA:10001ff4
16921981ns          314585 1c008984 21812403 lw               x8, 536(x2)          x8=xxxxxxxx  x2:10001dd8  PA:10001ff0
16922001ns          314586 1c008988 21412483 lw               x9, 532(x2)          x9=xxxxxxxx  x2:10001dd8  PA:10001fec
16922021ns          314587 1c00898c 21012903 lw               x18, 528(x2)        x18=xxxxxxxx  x2:10001dd8  PA:10001fe8
16922082ns          314590 1c008990 20c12983 lw               x19, 524(x2)        x19=xxxxxxxx  x2:10001dd8  PA:10001fe4
16922122ns          314592 1c008994 22010113 addi             x2, x2, 544          x2=10001ff8  x2:10001dd8
16922142ns          314593 1c008998 00008067 jalr             x0, x1, 0            x1:1c00ad50
16922182ns          314595 1c00ad50 f14027f3 csrrs            x15, x0, 0xf14      x15=00000003
16922202ns          314596 1c00ad54 f457b7b3 p.bclr           x15, x15, 26, 5     x15=00000003 x15:00000003
16922222ns          314597 1c00ad58 00079963 bne              x15, x0, 18         x15:00000003
16922744ns          314623 1c00ad6a 002047b7 lui              x15, 0x204000       x15=00204000
16922764ns          314624 1c00ad6e fff00713 addi             x14, x0, -1         x14=ffffffff
16923185ns          314645 1c00ad70 00e7a223 sw               x14, 4(x15)         x14:ffffffff x15:00204000  PA:00204004
