                Time          Cycles PC       Instr    Mnemonic
16729907ns          274127 1c008080 0640006f jal              x0, 100            
16730365ns          274150 1c0080e4 f1402573 csrrs            x10, x0, 0xf14      x10=00000003
16730405ns          274152 1c0080e8 01f57593 andi             x11, x10, 31        x11=00000003 x10:00000003
16730425ns          274153 1c0080ec 00555513 srli             x10, x10, 0x5       x10=00000000 x10:00000003
16730445ns          274154 1c0080ee 01f00613 addi             x12, x0, 31         x12=0000001f
16730882ns          274176 1c0080f0 00c50463 beq              x10, x12, 8         x10:00000000 x12:0000001f
16730922ns          274178 1c0080f4 fa1ff06f jal              x0, -96            
16731379ns          274201 1c008094 f3ff8117 auipc            x2, 0xf3ff8000       x2=10000094
16731419ns          274203 1c008098 f7010113 addi             x2, x2, -144         x2=10000004  x2:10000094
16731439ns          274204 1c00809c 00012103 lw               x2, 0(x2)            x2=10000008  x2:10000004  PA:10000004
16731877ns          274226 1c0080a0 000011b7 lui              x3, 0x1000           x3=00001000
16731916ns          274228 1c0080a4 80018193 addi             x3, x3, -2048        x3=00000800  x3:00001000
16731936ns          274229 1c0080a8 00158593 addi             x11, x11, 1         x11=00000004 x11:00000003
16731956ns          274230 1c0080ac 02b180b3 mul              x1, x3, x11          x1=00002000  x3:00000800 x11:00000004
16732394ns          274252 1c0080b0 00110133 add              x2, x2, x1           x2=10002008  x2:10000008  x1:00002000
16732434ns          274254 1c0080b4 50b0206f jal              x0, 11530          
16732891ns          274277 1c00adbe ff010113 addi             x2, x2, -16          x2=10001ff8  x2:10002008
16733349ns          274300 1c00adc0 00112623 sw               x1, 12(x2)           x1:00002000  x2:10001ff8  PA:10002004
16733388ns          274302 1c00adc2 002047b7 lui              x15, 0x204000       x15=00204000
16733408ns          274303 1c00adc6 00070737 lui              x14, 0x70000        x14=00070000
16733428ns          274304 1c00adca 00e7a423 sw               x14, 8(x15)         x14:00070000 x15:00204000  PA:00204008
16733448ns          274305 1c00adcc 00f00713 addi             x14, x0, 15         x14=0000000f
16733866ns          274326 1c00adce 20078793 addi             x15, x15, 512       x15=00204200 x15:00204000
16733906ns          274328 1c00add2 00e7a023 sw               x14, 0(x15)         x14:0000000f x15:00204200  PA:00204200
16733945ns          274330 1c00add6 00e7a623 sw               x14, 12(x15)        x14:0000000f x15:00204200  PA:0020420c
16733965ns          274331 1c00adda 1c0017b7 lui              x15, 0x1c001000     x15=1c001000
16734383ns          274352 1c00adde dd47a783 lw               x15, -556(x15)      x15=1c0094b8 x15:1c001000  PA:1c000dd4
16734880ns          274377 1c00ade2 000780e7 jalr             x1, x15, 0           x1=1c00ade4 x15:1c0094b8
16735437ns          274405 1c0094b8 f14027f3 csrrs            x15, x0, 0xf14      x15=00000003
16735477ns          274407 1c0094bc ca579733 p.extractu       x14, x15, 5, 5      x14=00000000 x15:00000003
16735915ns          274429 1c0094c0 00071c63 bne              x14, x0, 24         x14:00000000
16735954ns          274431 1c0094c2 f457b7b3 p.bclr           x15, x15, 26, 5     x15=00000003 x15:00000003
16735974ns          274432 1c0094c6 00078363 beq              x15, x0, 6          x15:00000003
16735994ns          274433 1c0094c8 00000513 addi             x10, x0, 0          x10=00000000
16736014ns          274434 1c0094ca 00008067 jalr             x0, x1, 0            x1:1c00ade4
16736471ns          274457 1c00ade4 f14027f3 csrrs            x15, x0, 0xf14      x15=00000003
16736491ns          274458 1c00ade8 f457b7b3 p.bclr           x15, x15, 26, 5     x15=00000003 x15:00000003
16736511ns          274459 1c00adec 00079963 bne              x15, x0, 18         x15:00000003
16737028ns          274485 1c00adfe 002047b7 lui              x15, 0x204000       x15=00204000
16737048ns          274486 1c00ae02 fff00713 addi             x14, x0, -1         x14=ffffffff
16737068ns          274487 1c00ae04 00e7a223 sw               x14, 4(x15)         x14:ffffffff x15:00204000  PA:00204004
