                Time          Cycles PC       Instr    Mnemonic
15783880ns          257481 1c008080 0640006f jal              x0, 100            
15784337ns          257504 1c0080e4 f1402573 csrrs            x10, x0, 0xf14      x10=00000003
15784377ns          257506 1c0080e8 01f57593 andi             x11, x10, 31        x11=00000003 x10:00000003
15784397ns          257507 1c0080ec 00555513 srli             x10, x10, 0x5       x10=00000000 x10:00000003
15784417ns          257508 1c0080ee 01f00613 addi             x12, x0, 31         x12=0000001f
15784835ns          257529 1c0080f0 00c50463 beq              x10, x12, 8         x10:00000000 x12:0000001f
15784874ns          257531 1c0080f4 fa1ff06f jal              x0, -96            
15785332ns          257554 1c008094 f3ff8117 auipc            x2, 0xf3ff8000       x2=10000094
15785372ns          257556 1c008098 f7010113 addi             x2, x2, -144         x2=10000004  x2:10000094
15785391ns          257557 1c00809c 00012103 lw               x2, 0(x2)            x2=10000008  x2:10000004  PA:10000004
15785829ns          257579 1c0080a0 000011b7 lui              x3, 0x1000           x3=00001000
15785869ns          257581 1c0080a4 80018193 addi             x3, x3, -2048        x3=00000800  x3:00001000
15785889ns          257582 1c0080a8 00158593 addi             x11, x11, 1         x11=00000004 x11:00000003
15785909ns          257583 1c0080ac 02b180b3 mul              x1, x3, x11          x1=00002000  x3:00000800 x11:00000004
15786346ns          257605 1c0080b0 00110133 add              x2, x2, x1           x2=10002008  x2:10000008  x1:00002000
15786386ns          257607 1c0080b4 6c50106f jal              x0, 7876           
15786844ns          257630 1c009f78 ff010113 addi             x2, x2, -16          x2=10001ff8  x2:10002008
15786863ns          257631 1c009f7a 00112623 sw               x1, 12(x2)           x1:00002000  x2:10001ff8  PA:10002004
15786883ns          257632 1c009f7c 002047b7 lui              x15, 0x204000       x15=00204000
15787321ns          257654 1c009f80 00070737 lui              x14, 0x70000        x14=00070000
15787361ns          257656 1c009f84 00e7a423 sw               x14, 8(x15)         x14:00070000 x15:00204000  PA:00204008
15787381ns          257657 1c009f86 00f00713 addi             x14, x0, 15         x14=0000000f
15787400ns          257658 1c009f88 20078793 addi             x15, x15, 512       x15=00204200 x15:00204000
15787420ns          257659 1c009f8c 00e7a023 sw               x14, 0(x15)         x14:0000000f x15:00204200  PA:00204200
15787858ns          257681 1c009f90 00e7a623 sw               x14, 12(x15)        x14:0000000f x15:00204200  PA:0020420c
15787898ns          257683 1c009f94 1c0017b7 lui              x15, 0x1c001000     x15=1c001000
15787918ns          257684 1c009f98 a947a783 lw               x15, -1388(x15)     x15=1c00813e x15:1c001000  PA:1c000a94
15788355ns          257706 1c009f9c 000780e7 jalr             x1, x15, 0           x1=1c009f9e x15:1c00813e
15788833ns          257730 1c00813e e5010113 addi             x2, x2, -432         x2=10001e48  x2:10001ff8
15789310ns          257754 1c008140 1a912223 sw               x9, 420(x2)          x9:xxxxxxxx  x2:10001e48  PA:10001fec
15789350ns          257756 1c008144 1a112623 sw               x1, 428(x2)          x1:1c009f9e  x2:10001e48  PA:10001ff4
15789370ns          257757 1c008148 f14024f3 csrrs            x9, x0, 0xf14        x9=00000003
15789390ns          257758 1c00814c 1a812423 sw               x8, 424(x2)          x8:xxxxxxxx  x2:10001e48  PA:10001ff0
15789827ns          257780 1c008150 1b212023 sw               x18, 416(x2)        x18:xxxxxxxx  x2:10001e48  PA:10001fe8
15789867ns          257782 1c008154 19312e23 sw               x19, 412(x2)        x19:xxxxxxxx  x2:10001e48  PA:10001fe4
15789887ns          257783 1c008158 19412c23 sw               x20, 408(x2)        x20:xxxxxxxx  x2:10001e48  PA:10001fe0
15789907ns          257784 1c00815c 19512a23 sw               x21, 404(x2)        x21:xxxxxxxx  x2:10001e48  PA:10001fdc
15790344ns          257806 1c008160 ca5497b3 p.extractu       x15, x9, 5, 5       x15=00000000  x9:00000003
15790384ns          257808 1c008164 44079d63 bne              x15, x0, 1114       x15:00000000
15790404ns          257809 1c008168 f454b4b3 p.bclr           x9, x9, 26, 5        x9=00000003  x9:00000003
15790424ns          257810 1c00816c 1c000537 lui              x10, 0x1c000000     x10=1c000000
15790861ns          257832 1c008170 00900633 add              x12, x0, x9         x12=00000003  x9:00000003
15790881ns          257833 1c008172 00100593 addi             x11, x0, 1          x11=00000001
15790901ns          257834 1c008174 02450513 addi             x10, x10, 36        x10=1c000024 x10:1c000000
15790921ns          257835 1c008178 361000ef jal              x1, 2912             x1=1c00817c
15791379ns          257858 1c008cd8 fc010113 addi             x2, x2, -64          x2=10001e08  x2:10001e48
15791418ns          257860 1c008cda 02410313 addi             x6, x2, 36           x6=10001e2c  x2:10001e08
15791438ns          257861 1c008cde 02c12423 sw               x12, 40(x2)         x12:00000003  x2:10001e08  PA:10001e30
15791876ns          257883 1c008ce0 00a00633 add              x12, x0, x10        x12=1c000024 x10:1c000024
15791916ns          257885 1c008ce2 1c009537 lui              x10, 0x1c009000     x10=1c009000
15791936ns          257886 1c008ce6 02b12223 sw               x11, 36(x2)         x11:00000001  x2:10001e08  PA:10001e2c
15791955ns          257887 1c008ce8 02d12623 sw               x13, 44(x2)         x13:xxxxxxxx  x2:10001e08  PA:10001e34
15791975ns          257888 1c008cea 00200593 addi             x11, x0, 2          x11=00000002
15791995ns          257889 1c008cec 006006b3 add              x13, x0, x6         x13=10001e2c  x6:10001e2c
15792393ns          257909 1c008cee c6c50513 addi             x10, x10, -916      x10=1c008c6c x10:1c009000
15792413ns          257910 1c008cf2 00112e23 sw               x1, 28(x2)           x1:1c00817c  x2:10001e08  PA:10001e24
15792433ns          257911 1c008cf4 02e12823 sw               x14, 48(x2)         x14:0000000f  x2:10001e08  PA:10001e38
15792453ns          257912 1c008cf6 02f12a23 sw               x15, 52(x2)         x15:00000000  x2:10001e08  PA:10001e3c
15792473ns          257913 1c008cf8 03012c23 sw               x16, 56(x2)         x16:xxxxxxxx  x2:10001e08  PA:10001e40
15792492ns          257914 1c008cfa 03112e23 sw               x17, 60(x2)         x17:xxxxxxxx  x2:10001e08  PA:10001e44
15792512ns          257915 1c008cfc 00612623 sw               x6, 12(x2)           x6:10001e2c  x2:10001e08  PA:10001e14
15792532ns          257916 1c008cfe fbfff0ef jal              x1, -66              x1=1c008d00
15793368ns          257958 1c008cbc 04a0006f jal              x0, 74             
15793407ns          257960 1c008d06 ed010113 addi             x2, x2, -304         x2=10001cd8  x2:10001e08
15793427ns          257961 1c008d08 12812423 sw               x8, 296(x2)          x8:xxxxxxxx  x2:10001cd8  PA:10001e00
15793447ns          257962 1c008d0c 00000413 addi             x8, x0, 0            x8=00000000
15793885ns          257984 1c008d0e 11612823 sw               x22, 272(x2)        x22:xxxxxxxx  x2:10001cd8  PA:10001de8
15793925ns          257986 1c008d12 11712623 sw               x23, 268(x2)        x23:xxxxxxxx  x2:10001cd8  PA:10001de4
15793945ns          257987 1c008d16 11812423 sw               x24, 264(x2)        x24:xxxxxxxx  x2:10001cd8  PA:10001de0
15793964ns          257988 1c008d1a 11912223 sw               x25, 260(x2)        x25:xxxxxxxx  x2:10001cd8  PA:10001ddc
15794422ns          258011 1c008d1e 11a12023 sw               x26, 256(x2)        x26:xxxxxxxx  x2:10001cd8  PA:10001dd8
15794442ns          258012 1c008d22 0fb12e23 sw               x27, 252(x2)        x27:xxxxxxxx  x2:10001cd8  PA:10001dd4
15794462ns          258013 1c008d24 12112623 sw               x1, 300(x2)          x1:1c008d00  x2:10001cd8  PA:10001e04
15794482ns          258014 1c008d28 00800db3 add              x27, x0, x8         x27=00000000  x8:00000000
15794501ns          258015 1c008d2a 12912223 sw               x9, 292(x2)          x9:00000003  x2:10001cd8  PA:10001dfc
15794939ns          258037 1c008d2e 13212023 sw               x18, 288(x2)        x18:xxxxxxxx  x2:10001cd8  PA:10001df8
15794979ns          258039 1c008d32 11312e23 sw               x19, 284(x2)        x19:xxxxxxxx  x2:10001cd8  PA:10001df4
15794999ns          258040 1c008d36 11412c23 sw               x20, 280(x2)        x20:xxxxxxxx  x2:10001cd8  PA:10001df0
15795019ns          258041 1c008d3a 11512a23 sw               x21, 276(x2)        x21:xxxxxxxx  x2:10001cd8  PA:10001dec
15795039ns          258042 1c008d3e 00a00b33 add              x22, x0, x10        x22=1c008c6c x10:1c008c6c
15795456ns          258063 1c008d40 00b00d33 add              x26, x0, x11        x26=00000002 x11:00000002
15795476ns          258064 1c008d42 00d00c33 add              x24, x0, x13        x24=10001e2c x13:10001e2c
15795496ns          258065 1c008d44 1c000bb7 lui              x23, 0x1c000000     x23=1c000000
15795516ns          258066 1c008d48 02410c93 addi             x25, x2, 36         x25=10001cfc  x2:10001cd8
15795536ns          258067 1c008d4c 00c00433 add              x8, x0, x12          x8=1c000024 x12:1c000024
15795973ns          258089 1c008d4e 00044503 lbu              x10, 0(x8)          x10=00000073  x8:1c000024  PA:1c000024
15796411ns          258111 1c008d52 00140413 addi             x8, x8, 1            x8=1c000025  x8:1c000024
15796431ns          258112 1c008d54 00050e63 beq              x10, x0, 28         x10:00000073
15796451ns          258113 1c008d56 02500793 addi             x15, x0, 37         x15=00000025
15796471ns          258114 1c008d5a 04f50863 beq              x10, x15, 80        x10:00000073 x15:00000025
15796491ns          258115 1c008d5e 01a005b3 add              x11, x0, x26        x11=00000002 x26:00000002
15796510ns          258116 1c008d60 000b00e7 jalr             x1, x22, 0           x1=1c008d62 x22:1c008c6c
15797008ns          258141 1c008c6c 000026b7 lui              x13, 0x2000         x13=00002000
15797465ns          258164 1c008c6e f14027f3 csrrs            x15, x0, 0xf14      x15=00000003
15797505ns          258166 1c008c72 f8068693 addi             x13, x13, -128      x13=00001f80 x13:00002000
15797525ns          258167 1c008c76 00379713 slli             x14, x15, 0x3       x14=00000018 x15:00000003
15797545ns          258168 1c008c7a 00279793 slli             x15, x15, 0x2       x15=0000000c x15:00000003
15797565ns          258169 1c008c7c 00d7f7b3 and              x15, x15, x13       x15=00000000 x15:0000000c x13:00001f80
15797982ns          258190 1c008c7e ee873733 p.bclr           x14, x14, 23, 8     x14=00000018 x14:00000018
15798022ns          258192 1c008c82 1a10f6b7 lui              x13, 0x1a10f000     x13=1a10f000
15798042ns          258193 1c008c86 0ff57513 andi             x10, x10, 255       x10=00000073 x10:00000073
15798062ns          258194 1c008c8a 00d70733 add              x14, x14, x13       x14=1a10f018 x14:00000018 x13:1a10f000
15798082ns          258195 1c008c8c 00a7e723 p.sw             x10, x0(x15)        x10:00000073 x15:00000000  PA:1a10f018
15798579ns          258220 1c008c90 00000513 addi             x10, x0, 0          x10=00000000
15798599ns          258221 1c008c92 00008067 jalr             x0, x1, 0            x1:1c008d62
15798718ns          258227 1c008d62 31f52563 p.beqimm         x10, 778            x10:00000000
15798738ns          258228 1c008d66 001d8d93 addi             x27, x27, 1         x27=00000001 x27:00000000
15798758ns          258229 1c008d68 00044503 lbu              x10, 0(x8)          x10=00000074  x8:1c000025  PA:1c000025
15799096ns          258246 1c008d6c 00140413 addi             x8, x8, 1            x8=1c000026  x8:1c000025
15799116ns          258247 1c008d6e fe0514e3 bne              x10, x0, -24        x10:00000074
15799196ns          258251 1c008d56 02500793 addi             x15, x0, 37         x15=00000025
15799216ns          258252 1c008d5a 04f50863 beq              x10, x15, 80        x10:00000074 x15:00000025
15799235ns          258253 1c008d5e 01a005b3 add              x11, x0, x26        x11=00000002 x26:00000002
15799255ns          258254 1c008d60 000b00e7 jalr             x1, x22, 0           x1=1c008d62 x22:1c008c6c
15799295ns          258256 1c008c6c 000026b7 lui              x13, 0x2000         x13=00002000
15799315ns          258257 1c008c6e f14027f3 csrrs            x15, x0, 0xf14      x15=00000003
15799335ns          258258 1c008c72 f8068693 addi             x13, x13, -128      x13=00001f80 x13:00002000
15799355ns          258259 1c008c76 00379713 slli             x14, x15, 0x3       x14=00000018 x15:00000003
15799375ns          258260 1c008c7a 00279793 slli             x15, x15, 0x2       x15=0000000c x15:00000003
15799395ns          258261 1c008c7c 00d7f7b3 and              x15, x15, x13       x15=00000000 x15:0000000c x13:00001f80
15799414ns          258262 1c008c7e ee873733 p.bclr           x14, x14, 23, 8     x14=00000018 x14:00000018
15799434ns          258263 1c008c82 1a10f6b7 lui              x13, 0x1a10f000     x13=1a10f000
15799454ns          258264 1c008c86 0ff57513 andi             x10, x10, 255       x10=00000074 x10:00000074
15799474ns          258265 1c008c8a 00d70733 add              x14, x14, x13       x14=1a10f018 x14:00000018 x13:1a10f000
15799494ns          258266 1c008c8c 00a7e723 p.sw             x10, x0(x15)        x10:00000074 x15:00000000  PA:1a10f018
15799991ns          258291 1c008c90 00000513 addi             x10, x0, 0          x10=00000000
15800011ns          258292 1c008c92 00008067 jalr             x0, x1, 0            x1:1c008d62
15800071ns          258295 1c008d62 31f52563 p.beqimm         x10, 778            x10:00000000
15800091ns          258296 1c008d66 001d8d93 addi             x27, x27, 1         x27=00000002 x27:00000001
15800111ns          258297 1c008d68 00044503 lbu              x10, 0(x8)          x10=00000061  x8:1c000026  PA:1c000026
15800409ns          258312 1c008d6c 00140413 addi             x8, x8, 1            x8=1c000027  x8:1c000026
15800429ns          258313 1c008d6e fe0514e3 bne              x10, x0, -24        x10:00000061
15800508ns          258317 1c008d56 02500793 addi             x15, x0, 37         x15=00000025
15800528ns          258318 1c008d5a 04f50863 beq              x10, x15, 80        x10:00000061 x15:00000025
15800548ns          258319 1c008d5e 01a005b3 add              x11, x0, x26        x11=00000002 x26:00000002
15800568ns          258320 1c008d60 000b00e7 jalr             x1, x22, 0           x1=1c008d62 x22:1c008c6c
15800608ns          258322 1c008c6c 000026b7 lui              x13, 0x2000         x13=00002000
15800628ns          258323 1c008c6e f14027f3 csrrs            x15, x0, 0xf14      x15=00000003
15800648ns          258324 1c008c72 f8068693 addi             x13, x13, -128      x13=00001f80 x13:00002000
15800668ns          258325 1c008c76 00379713 slli             x14, x15, 0x3       x14=00000018 x15:00000003
15800687ns          258326 1c008c7a 00279793 slli             x15, x15, 0x2       x15=0000000c x15:00000003
15800707ns          258327 1c008c7c 00d7f7b3 and              x15, x15, x13       x15=00000000 x15:0000000c x13:00001f80
15800727ns          258328 1c008c7e ee873733 p.bclr           x14, x14, 23, 8     x14=00000018 x14:00000018
15800747ns          258329 1c008c82 1a10f6b7 lui              x13, 0x1a10f000     x13=1a10f000
15800767ns          258330 1c008c86 0ff57513 andi             x10, x10, 255       x10=00000061 x10:00000061
15800787ns          258331 1c008c8a 00d70733 add              x14, x14, x13       x14=1a10f018 x14:00000018 x13:1a10f000
15800807ns          258332 1c008c8c 00a7e723 p.sw             x10, x0(x15)        x10:00000061 x15:00000000  PA:1a10f018
15801145ns          258349 1c008c90 00000513 addi             x10, x0, 0          x10=00000000
15801165ns          258350 1c008c92 00008067 jalr             x0, x1, 0            x1:1c008d62
15801225ns          258353 1c008d62 31f52563 p.beqimm         x10, 778            x10:00000000
15801244ns          258354 1c008d66 001d8d93 addi             x27, x27, 1         x27=00000003 x27:00000002
15801264ns          258355 1c008d68 00044503 lbu              x10, 0(x8)          x10=00000072  x8:1c000027  PA:1c000027
15801563ns          258370 1c008d6c 00140413 addi             x8, x8, 1            x8=1c000028  x8:1c000027
15801583ns          258371 1c008d6e fe0514e3 bne              x10, x0, -24        x10:00000072
15801662ns          258375 1c008d56 02500793 addi             x15, x0, 37         x15=00000025
15801682ns          258376 1c008d5a 04f50863 beq              x10, x15, 80        x10:00000072 x15:00000025
15801702ns          258377 1c008d5e 01a005b3 add              x11, x0, x26        x11=00000002 x26:00000002
15801722ns          258378 1c008d60 000b00e7 jalr             x1, x22, 0           x1=1c008d62 x22:1c008c6c
15801762ns          258380 1c008c6c 000026b7 lui              x13, 0x2000         x13=00002000
15801781ns          258381 1c008c6e f14027f3 csrrs            x15, x0, 0xf14      x15=00000003
15801801ns          258382 1c008c72 f8068693 addi             x13, x13, -128      x13=00001f80 x13:00002000
15801821ns          258383 1c008c76 00379713 slli             x14, x15, 0x3       x14=00000018 x15:00000003
15801841ns          258384 1c008c7a 00279793 slli             x15, x15, 0x2       x15=0000000c x15:00000003
15801861ns          258385 1c008c7c 00d7f7b3 and              x15, x15, x13       x15=00000000 x15:0000000c x13:00001f80
15801881ns          258386 1c008c7e ee873733 p.bclr           x14, x14, 23, 8     x14=00000018 x14:00000018
15801901ns          258387 1c008c82 1a10f6b7 lui              x13, 0x1a10f000     x13=1a10f000
15801921ns          258388 1c008c86 0ff57513 andi             x10, x10, 255       x10=00000072 x10:00000072
15801941ns          258389 1c008c8a 00d70733 add              x14, x14, x13       x14=1a10f018 x14:00000018 x13:1a10f000
15801960ns          258390 1c008c8c 00a7e723 p.sw             x10, x0(x15)        x10:00000072 x15:00000000  PA:1a10f018
15802299ns          258407 1c008c90 00000513 addi             x10, x0, 0          x10=00000000
15802319ns          258408 1c008c92 00008067 jalr             x0, x1, 0            x1:1c008d62
15802378ns          258411 1c008d62 31f52563 p.beqimm         x10, 778            x10:00000000
15802398ns          258412 1c008d66 001d8d93 addi             x27, x27, 1         x27=00000004 x27:00000003
15802418ns          258413 1c008d68 00044503 lbu              x10, 0(x8)          x10=00000074  x8:1c000028  PA:1c000028
15802716ns          258428 1c008d6c 00140413 addi             x8, x8, 1            x8=1c000029  x8:1c000028
15802736ns          258429 1c008d6e fe0514e3 bne              x10, x0, -24        x10:00000074
15802816ns          258433 1c008d56 02500793 addi             x15, x0, 37         x15=00000025
15802836ns          258434 1c008d5a 04f50863 beq              x10, x15, 80        x10:00000074 x15:00000025
15802856ns          258435 1c008d5e 01a005b3 add              x11, x0, x26        x11=00000002 x26:00000002
15802875ns          258436 1c008d60 000b00e7 jalr             x1, x22, 0           x1=1c008d62 x22:1c008c6c
15802915ns          258438 1c008c6c 000026b7 lui              x13, 0x2000         x13=00002000
15802935ns          258439 1c008c6e f14027f3 csrrs            x15, x0, 0xf14      x15=00000003
15802955ns          258440 1c008c72 f8068693 addi             x13, x13, -128      x13=00001f80 x13:00002000
15802975ns          258441 1c008c76 00379713 slli             x14, x15, 0x3       x14=00000018 x15:00000003
15802995ns          258442 1c008c7a 00279793 slli             x15, x15, 0x2       x15=0000000c x15:00000003
15803015ns          258443 1c008c7c 00d7f7b3 and              x15, x15, x13       x15=00000000 x15:0000000c x13:00001f80
15803035ns          258444 1c008c7e ee873733 p.bclr           x14, x14, 23, 8     x14=00000018 x14:00000018
15803054ns          258445 1c008c82 1a10f6b7 lui              x13, 0x1a10f000     x13=1a10f000
15803074ns          258446 1c008c86 0ff57513 andi             x10, x10, 255       x10=00000074 x10:00000074
15803094ns          258447 1c008c8a 00d70733 add              x14, x14, x13       x14=1a10f018 x14:00000018 x13:1a10f000
15803114ns          258448 1c008c8c 00a7e723 p.sw             x10, x0(x15)        x10:00000074 x15:00000000  PA:1a10f018
15803432ns          258464 1c008c90 00000513 addi             x10, x0, 0          x10=00000000
15803452ns          258465 1c008c92 00008067 jalr             x0, x1, 0            x1:1c008d62
15803512ns          258468 1c008d62 31f52563 p.beqimm         x10, 778            x10:00000000
15803532ns          258469 1c008d66 001d8d93 addi             x27, x27, 1         x27=00000005 x27:00000004
15803552ns          258470 1c008d68 00044503 lbu              x10, 0(x8)          x10=00000069  x8:1c000029  PA:1c000029
15803850ns          258485 1c008d6c 00140413 addi             x8, x8, 1            x8=1c00002a  x8:1c000029
15803870ns          258486 1c008d6e fe0514e3 bne              x10, x0, -24        x10:00000069
15803950ns          258490 1c008d56 02500793 addi             x15, x0, 37         x15=00000025
15803969ns          258491 1c008d5a 04f50863 beq              x10, x15, 80        x10:00000069 x15:00000025
15803989ns          258492 1c008d5e 01a005b3 add              x11, x0, x26        x11=00000002 x26:00000002
15804009ns          258493 1c008d60 000b00e7 jalr             x1, x22, 0           x1=1c008d62 x22:1c008c6c
15804049ns          258495 1c008c6c 000026b7 lui              x13, 0x2000         x13=00002000
15804069ns          258496 1c008c6e f14027f3 csrrs            x15, x0, 0xf14      x15=00000003
15804089ns          258497 1c008c72 f8068693 addi             x13, x13, -128      x13=00001f80 x13:00002000
15804109ns          258498 1c008c76 00379713 slli             x14, x15, 0x3       x14=00000018 x15:00000003
15804129ns          258499 1c008c7a 00279793 slli             x15, x15, 0x2       x15=0000000c x15:00000003
15804148ns          258500 1c008c7c 00d7f7b3 and              x15, x15, x13       x15=00000000 x15:0000000c x13:00001f80
15804168ns          258501 1c008c7e ee873733 p.bclr           x14, x14, 23, 8     x14=00000018 x14:00000018
15804188ns          258502 1c008c82 1a10f6b7 lui              x13, 0x1a10f000     x13=1a10f000
15804208ns          258503 1c008c86 0ff57513 andi             x10, x10, 255       x10=00000069 x10:00000069
15804228ns          258504 1c008c8a 00d70733 add              x14, x14, x13       x14=1a10f018 x14:00000018 x13:1a10f000
15804248ns          258505 1c008c8c 00a7e723 p.sw             x10, x0(x15)        x10:00000069 x15:00000000  PA:1a10f018
15804566ns          258521 1c008c90 00000513 addi             x10, x0, 0          x10=00000000
15804586ns          258522 1c008c92 00008067 jalr             x0, x1, 0            x1:1c008d62
15804646ns          258525 1c008d62 31f52563 p.beqimm         x10, 778            x10:00000000
15804666ns          258526 1c008d66 001d8d93 addi             x27, x27, 1         x27=00000006 x27:00000005
15804686ns          258527 1c008d68 00044503 lbu              x10, 0(x8)          x10=0000006e  x8:1c00002a  PA:1c00002a
15805004ns          258543 1c008d6c 00140413 addi             x8, x8, 1            x8=1c00002b  x8:1c00002a
15805024ns          258544 1c008d6e fe0514e3 bne              x10, x0, -24        x10:0000006e
15805103ns          258548 1c008d56 02500793 addi             x15, x0, 37         x15=00000025
15805123ns          258549 1c008d5a 04f50863 beq              x10, x15, 80        x10:0000006e x15:00000025
15805143ns          258550 1c008d5e 01a005b3 add              x11, x0, x26        x11=00000002 x26:00000002
15805163ns          258551 1c008d60 000b00e7 jalr             x1, x22, 0           x1=1c008d62 x22:1c008c6c
15805203ns          258553 1c008c6c 000026b7 lui              x13, 0x2000         x13=00002000
15805223ns          258554 1c008c6e f14027f3 csrrs            x15, x0, 0xf14      x15=00000003
15805242ns          258555 1c008c72 f8068693 addi             x13, x13, -128      x13=00001f80 x13:00002000
15805262ns          258556 1c008c76 00379713 slli             x14, x15, 0x3       x14=00000018 x15:00000003
15805282ns          258557 1c008c7a 00279793 slli             x15, x15, 0x2       x15=0000000c x15:00000003
15805302ns          258558 1c008c7c 00d7f7b3 and              x15, x15, x13       x15=00000000 x15:0000000c x13:00001f80
15805322ns          258559 1c008c7e ee873733 p.bclr           x14, x14, 23, 8     x14=00000018 x14:00000018
15805342ns          258560 1c008c82 1a10f6b7 lui              x13, 0x1a10f000     x13=1a10f000
15805362ns          258561 1c008c86 0ff57513 andi             x10, x10, 255       x10=0000006e x10:0000006e
15805382ns          258562 1c008c8a 00d70733 add              x14, x14, x13       x14=1a10f018 x14:00000018 x13:1a10f000
15805402ns          258563 1c008c8c 00a7e723 p.sw             x10, x0(x15)        x10:0000006e x15:00000000  PA:1a10f018
15805720ns          258579 1c008c90 00000513 addi             x10, x0, 0          x10=00000000
15805740ns          258580 1c008c92 00008067 jalr             x0, x1, 0            x1:1c008d62
15805799ns          258583 1c008d62 31f52563 p.beqimm         x10, 778            x10:00000000
15805819ns          258584 1c008d66 001d8d93 addi             x27, x27, 1         x27=00000007 x27:00000006
15805839ns          258585 1c008d68 00044503 lbu              x10, 0(x8)          x10=00000067  x8:1c00002b  PA:1c00002b
15806138ns          258600 1c008d6c 00140413 addi             x8, x8, 1            x8=1c00002c  x8:1c00002b
15806157ns          258601 1c008d6e fe0514e3 bne              x10, x0, -24        x10:00000067
15806237ns          258605 1c008d56 02500793 addi             x15, x0, 37         x15=00000025
15806257ns          258606 1c008d5a 04f50863 beq              x10, x15, 80        x10:00000067 x15:00000025
15806277ns          258607 1c008d5e 01a005b3 add              x11, x0, x26        x11=00000002 x26:00000002
15806297ns          258608 1c008d60 000b00e7 jalr             x1, x22, 0           x1=1c008d62 x22:1c008c6c
15806336ns          258610 1c008c6c 000026b7 lui              x13, 0x2000         x13=00002000
15806356ns          258611 1c008c6e f14027f3 csrrs            x15, x0, 0xf14      x15=00000003
15806376ns          258612 1c008c72 f8068693 addi             x13, x13, -128      x13=00001f80 x13:00002000
15806396ns          258613 1c008c76 00379713 slli             x14, x15, 0x3       x14=00000018 x15:00000003
15806416ns          258614 1c008c7a 00279793 slli             x15, x15, 0x2       x15=0000000c x15:00000003
15806436ns          258615 1c008c7c 00d7f7b3 and              x15, x15, x13       x15=00000000 x15:0000000c x13:00001f80
15806456ns          258616 1c008c7e ee873733 p.bclr           x14, x14, 23, 8     x14=00000018 x14:00000018
15806476ns          258617 1c008c82 1a10f6b7 lui              x13, 0x1a10f000     x13=1a10f000
15806496ns          258618 1c008c86 0ff57513 andi             x10, x10, 255       x10=00000067 x10:00000067
15806515ns          258619 1c008c8a 00d70733 add              x14, x14, x13       x14=1a10f018 x14:00000018 x13:1a10f000
15806535ns          258620 1c008c8c 00a7e723 p.sw             x10, x0(x15)        x10:00000067 x15:00000000  PA:1a10f018
15806854ns          258636 1c008c90 00000513 addi             x10, x0, 0          x10=00000000
15806874ns          258637 1c008c92 00008067 jalr             x0, x1, 0            x1:1c008d62
15806933ns          258640 1c008d62 31f52563 p.beqimm         x10, 778            x10:00000000
15806953ns          258641 1c008d66 001d8d93 addi             x27, x27, 1         x27=00000008 x27:00000007
15806973ns          258642 1c008d68 00044503 lbu              x10, 0(x8)          x10=00000020  x8:1c00002c  PA:1c00002c
15807271ns          258657 1c008d6c 00140413 addi             x8, x8, 1            x8=1c00002d  x8:1c00002c
15807291ns          258658 1c008d6e fe0514e3 bne              x10, x0, -24        x10:00000020
15807371ns          258662 1c008d56 02500793 addi             x15, x0, 37         x15=00000025
15807391ns          258663 1c008d5a 04f50863 beq              x10, x15, 80        x10:00000020 x15:00000025
15807411ns          258664 1c008d5e 01a005b3 add              x11, x0, x26        x11=00000002 x26:00000002
15807430ns          258665 1c008d60 000b00e7 jalr             x1, x22, 0           x1=1c008d62 x22:1c008c6c
15807470ns          258667 1c008c6c 000026b7 lui              x13, 0x2000         x13=00002000
15807490ns          258668 1c008c6e f14027f3 csrrs            x15, x0, 0xf14      x15=00000003
15807510ns          258669 1c008c72 f8068693 addi             x13, x13, -128      x13=00001f80 x13:00002000
15807530ns          258670 1c008c76 00379713 slli             x14, x15, 0x3       x14=00000018 x15:00000003
15807550ns          258671 1c008c7a 00279793 slli             x15, x15, 0x2       x15=0000000c x15:00000003
15807570ns          258672 1c008c7c 00d7f7b3 and              x15, x15, x13       x15=00000000 x15:0000000c x13:00001f80
15807590ns          258673 1c008c7e ee873733 p.bclr           x14, x14, 23, 8     x14=00000018 x14:00000018
15807609ns          258674 1c008c82 1a10f6b7 lui              x13, 0x1a10f000     x13=1a10f000
15807629ns          258675 1c008c86 0ff57513 andi             x10, x10, 255       x10=00000020 x10:00000020
15807649ns          258676 1c008c8a 00d70733 add              x14, x14, x13       x14=1a10f018 x14:00000018 x13:1a10f000
15807669ns          258677 1c008c8c 00a7e723 p.sw             x10, x0(x15)        x10:00000020 x15:00000000  PA:1a10f018
15807987ns          258693 1c008c90 00000513 addi             x10, x0, 0          x10=00000000
15808007ns          258694 1c008c92 00008067 jalr             x0, x1, 0            x1:1c008d62
15808067ns          258697 1c008d62 31f52563 p.beqimm         x10, 778            x10:00000000
15808087ns          258698 1c008d66 001d8d93 addi             x27, x27, 1         x27=00000009 x27:00000008
15808107ns          258699 1c008d68 00044503 lbu              x10, 0(x8)          x10=00000025  x8:1c00002d  PA:1c00002d
15808405ns          258714 1c008d6c 00140413 addi             x8, x8, 1            x8=1c00002e  x8:1c00002d
15808425ns          258715 1c008d6e fe0514e3 bne              x10, x0, -24        x10:00000025
15808505ns          258719 1c008d56 02500793 addi             x15, x0, 37         x15=00000025
15808524ns          258720 1c008d5a 04f50863 beq              x10, x15, 80        x10:00000025 x15:00000025
15808863ns          258737 1c008daa 00044483 lbu              x9, 0(x8)            x9=00000064  x8:1c00002e  PA:1c00002e
15809300ns          258759 1c008dae 02000693 addi             x13, x0, 32         x13=00000020
15809340ns          258761 1c008db2 00140a93 addi             x21, x8, 1          x21=1c00002f  x8:1c00002e
15809360ns          258762 1c008db6 009005b3 add              x11, x0, x9         x11=00000064  x9:00000064
15809380ns          258763 1c008db8 0fcb8513 addi             x10, x23, 252       x10=1c0000fc x23:1c000000
15809400ns          258764 1c008dbc 00d12823 sw               x13, 16(x2)         x13:00000020  x2:10001cd8  PA:10001ce8
15809420ns          258765 1c008dbe 00012c23 sw               x0, 24(x2)           x2:10001cd8  PA:10001cf0
15809817ns          258785 1c008dc0 00012a23 sw               x0, 20(x2)           x2:10001cd8  PA:10001cec
15809837ns          258786 1c008dc2 00012e23 sw               x0, 28(x2)           x2:10001cd8  PA:10001cf4
15809857ns          258787 1c008dc4 00012623 sw               x0, 12(x2)           x2:10001cd8  PA:10001ce4
15809877ns          258788 1c008dc6 02300913 addi             x18, x0, 35         x18=00000023
15809897ns          258789 1c008dca 02d00a13 addi             x20, x0, 45         x20=0000002d
15809917ns          258790 1c008dce 015009b3 add              x19, x0, x21        x19=1c00002f x21:1c00002f
15810334ns          258811 1c008dd0 e1dff0ef jal              x1, -484             x1=1c008dd2
15810792ns          258834 1c008bec 00054783 lbu              x15, 0(x10)         x15=0000002d x10:1c0000fc  PA:1c0000fc
15811269ns          258858 1c008bf0 0ff5f593 andi             x11, x11, 255       x11=00000064 x11:00000064
15811289ns          258859 1c008bf4 00b78c63 beq              x15, x11, 24        x15:0000002d x11:00000064
15811309ns          258860 1c008bf8 00078b63 beq              x15, x0, 22         x15:0000002d
15811329ns          258861 1c008bfa 00150793 addi             x15, x10, 1         x15=1c0000fd x10:1c0000fc
15811349ns          258862 1c008bfe 0040006f jal              x0, 4              
15811826ns          258886 1c008c02 00f00533 add              x10, x0, x15        x10=1c0000fd x15:1c0000fd
15811846ns          258887 1c008c04 0017c70b p.lbu            x14, 1(x15!)        x14=0000002b x15=1c0000fe x15:1c0000fd  PA:1c0000fd
15812284ns          258909 1c008c08 feb71ce3 bne              x14, x11, -8        x14:0000002b x11:00000064
15812383ns          258914 1c008c00 00070763 beq              x14, x0, 14         x14:0000002b
15812403ns          258915 1c008c02 00f00533 add              x10, x0, x15        x10=1c0000fe x15:1c0000fe
15812423ns          258916 1c008c04 0017c70b p.lbu            x14, 1(x15!)        x14=00000020 x15=1c0000ff x15:1c0000fe  PA:1c0000fe
15812801ns          258935 1c008c08 feb71ce3 bne              x14, x11, -8        x14:00000020 x11:00000064
15812861ns          258938 1c008c00 00070763 beq              x14, x0, 14         x14:00000020
15812881ns          258939 1c008c02 00f00533 add              x10, x0, x15        x10=1c0000ff x15:1c0000ff
15812900ns          258940 1c008c04 0017c70b p.lbu            x14, 1(x15!)        x14=00000023 x15=1c000100 x15:1c0000ff  PA:1c0000ff
15813219ns          258956 1c008c08 feb71ce3 bne              x14, x11, -8        x14:00000023 x11:00000064
15813278ns          258959 1c008c00 00070763 beq              x14, x0, 14         x14:00000023
15813298ns          258960 1c008c02 00f00533 add              x10, x0, x15        x10=1c000100 x15:1c000100
15813318ns          258961 1c008c04 0017c70b p.lbu            x14, 1(x15!)        x14=00000030 x15=1c000101 x15:1c000100  PA:1c000100
15813636ns          258977 1c008c08 feb71ce3 bne              x14, x11, -8        x14:00000030 x11:00000064
15813696ns          258980 1c008c00 00070763 beq              x14, x0, 14         x14:00000030
15813716ns          258981 1c008c02 00f00533 add              x10, x0, x15        x10=1c000101 x15:1c000101
15813736ns          258982 1c008c04 0017c70b p.lbu            x14, 1(x15!)        x14=00000000 x15=1c000102 x15:1c000101  PA:1c000101
15814054ns          258998 1c008c08 feb71ce3 bne              x14, x11, -8        x14:00000000 x11:00000064
15814114ns          259001 1c008c00 00070763 beq              x14, x0, 14         x14:00000000
15814193ns          259005 1c008c0e 0015b593 sltiu            x11, x11, 1         x11=00000000 x11:00000064
15814213ns          259006 1c008c12 40b005b3 sub              x11, x0, x11        x11=00000000 x11:00000000
15814233ns          259007 1c008c16 00b57533 and              x10, x10, x11       x10=00000000 x10:1c000101 x11:00000000
15814253ns          259008 1c008c18 00008067 jalr             x0, x1, 0            x1:1c008dd2
15814691ns          259030 1c008dd2 02050a63 beq              x10, x0, 52         x10:00000000
15815208ns          259056 1c008e06 02a00613 addi             x12, x0, 42         x12=0000002a
15815228ns          259057 1c008e0a 2ac48663 beq              x9, x12, 684         x9:00000064 x12:0000002a
15815665ns          259079 1c008e0e fd048613 addi             x12, x9, -48        x12=00000034  x9:00000064
15815685ns          259080 1c008e12 00900593 addi             x11, x0, 9          x11=00000009
15815705ns          259081 1c008e14 00000913 addi             x18, x0, 0          x18=00000000
15815725ns          259082 1c008e16 28c5f063 bgeu             x11, x12, 640       x11:00000009 x12:00000034
15815745ns          259083 1c008e1a 02e00693 addi             x13, x0, 46         x13=0000002e
15815765ns          259084 1c008e1e fff00a13 addi             x20, x0, -1         x20=ffffffff
15816182ns          259105 1c008e20 2ed48363 beq              x9, x13, 742         x9:00000064 x13:0000002e
15816222ns          259107 1c008e24 1c0007b7 lui              x15, 0x1c000000     x15=1c000000
15816242ns          259108 1c008e28 009005b3 add              x11, x0, x9         x11=00000064  x9:00000064
15816262ns          259109 1c008e2a 10478513 addi             x10, x15, 260       x10=1c000104 x15:1c000000
15816282ns          259110 1c008e2e dbfff0ef jal              x1, -578             x1=1c008e30
15816739ns          259133 1c008bec 00054783 lbu              x15, 0(x10)         x15=00000068 x10:1c000104  PA:1c000104
15817077ns          259150 1c008bf0 0ff5f593 andi             x11, x11, 255       x11=00000064 x11:00000064
15817097ns          259151 1c008bf4 00b78c63 beq              x15, x11, 24        x15:00000068 x11:00000064
15817117ns          259152 1c008bf8 00078b63 beq              x15, x0, 22         x15:00000068
15817137ns          259153 1c008bfa 00150793 addi             x15, x10, 1         x15=1c000105 x10:1c000104
15817157ns          259154 1c008bfe 0040006f jal              x0, 4              
15817197ns          259156 1c008c02 00f00533 add              x10, x0, x15        x10=1c000105 x15:1c000105
15817217ns          259157 1c008c04 0017c70b p.lbu            x14, 1(x15!)        x14=0000006c x15=1c000106 x15:1c000105  PA:1c000105
15817535ns          259173 1c008c08 feb71ce3 bne              x14, x11, -8        x14:0000006c x11:00000064
15817595ns          259176 1c008c00 00070763 beq              x14, x0, 14         x14:0000006c
15817615ns          259177 1c008c02 00f00533 add              x10, x0, x15        x10=1c000106 x15:1c000106
15817634ns          259178 1c008c04 0017c70b p.lbu            x14, 1(x15!)        x14=0000004c x15=1c000107 x15:1c000106  PA:1c000106
15817953ns          259194 1c008c08 feb71ce3 bne              x14, x11, -8        x14:0000004c x11:00000064
15818012ns          259197 1c008c00 00070763 beq              x14, x0, 14         x14:0000004c
15818032ns          259198 1c008c02 00f00533 add              x10, x0, x15        x10=1c000107 x15:1c000107
15818052ns          259199 1c008c04 0017c70b p.lbu            x14, 1(x15!)        x14=0000007a x15=1c000108 x15:1c000107  PA:1c000107
15818370ns          259215 1c008c08 feb71ce3 bne              x14, x11, -8        x14:0000007a x11:00000064
15818430ns          259218 1c008c00 00070763 beq              x14, x0, 14         x14:0000007a
15818450ns          259219 1c008c02 00f00533 add              x10, x0, x15        x10=1c000108 x15:1c000108
15818470ns          259220 1c008c04 0017c70b p.lbu            x14, 1(x15!)        x14=00000000 x15=1c000109 x15:1c000108  PA:1c000108
15818848ns          259239 1c008c08 feb71ce3 bne              x14, x11, -8        x14:00000000 x11:00000064
15818907ns          259242 1c008c00 00070763 beq              x14, x0, 14         x14:00000000
15818987ns          259246 1c008c0e 0015b593 sltiu            x11, x11, 1         x11=00000000 x11:00000064
15819007ns          259247 1c008c12 40b005b3 sub              x11, x0, x11        x11=00000000 x11:00000000
15819027ns          259248 1c008c16 00b57533 and              x10, x10, x11       x10=00000000 x10:1c000108 x11:00000000
15819047ns          259249 1c008c18 00008067 jalr             x0, x1, 0            x1:1c008e30
15819086ns          259251 1c008e30 01300433 add              x8, x0, x19          x8=1c00002f x19:1c00002f
15819106ns          259252 1c008e32 00050563 beq              x10, x0, 10         x10:00000000
15819166ns          259255 1c008e3c 06700693 addi             x13, x0, 103        x13=00000067
15819564ns          259275 1c008e40 2896d963 bge              x13, x9, 658        x13:00000067  x9:00000064
15820081ns          259301 1c0090d2 06500693 addi             x13, x0, 101        x13=00000065
15820101ns          259302 1c0090d6 12d4d563 bge              x9, x13, 298         x9:00000064 x13:00000065
15820121ns          259303 1c0090da 04700693 addi             x13, x0, 71         x13=00000047
15820558ns          259325 1c0090de dc96cbe3 blt              x13, x9, -554       x13:00000047  x9:00000064
15821056ns          259350 1c008eb4 06300693 addi             x13, x0, 99         x13=00000063
15821095ns          259352 1c008eb8 0ad488e3 beq              x9, x13, 2224        x9:00000064 x13:00000063
15821115ns          259353 1c008ebc 0096c9e3 blt              x13, x9, 2066       x13:00000063  x9:00000064
15822528ns          259424 1c0096ce 000c2583 lw               x11, 0(x24)         x11=00000001 x24:10001e2c  PA:10001e2c
15822547ns          259425 1c0096d2 004c0c13 addi             x24, x24, 4         x24=10001e30 x24:10001e2c
15822567ns          259426 1c0096d4 3405cc63 blt              x11, x0, 856        x11:00000001
15822587ns          259427 1c0096d8 01412603 lw               x12, 20(x2)         x12=00000000  x2:10001cd8  PA:10001cec
15822607ns          259428 1c0096da 00b006b3 add              x13, x0, x11        x13=00000001 x11:00000001
15822627ns          259429 1c0096dc 2e061863 bne              x12, x0, 752        x12:00000000
15823045ns          259450 1c0096e0 01812703 lw               x14, 24(x2)         x14=00000000  x2:10001cd8  PA:10001cf0
15823065ns          259451 1c0096e2 019007b3 add              x15, x0, x25        x15=10001cfc x25:10001cfc
15823084ns          259452 1c0096e4 00070763 beq              x14, x0, 14         x14:00000000
15823562ns          259476 1c0096f2 00f00733 add              x14, x0, x15        x14=10001cfc x15:10001cfc
15823602ns          259478 1c0096f4 00a00513 addi             x10, x0, 10         x10=0000000a
15823622ns          259479 1c0096f6 02a6f633 remu             x12, x13, x10       x12=00000001 x13:00000001 x10:0000000a
15824238ns          259510 1c0096fa 02a6d6b3 divu             x13, x13, x10       x13=00000000 x13:00000001 x10:0000000a
15824855ns          259541 1c0096fe 03060613 addi             x12, x12, 48        x12=00000031 x12:00000001
15824875ns          259542 1c009702 00c700ab p.sb             x12, 1(x14!)        x14=10001cfd x12:00000031 x14:10001cfc  PA:10001cfc
15824895ns          259543 1c009706 fe0698e3 bne              x13, x0, -16        x13:00000000
15824914ns          259544 1c009708 40f706b3 sub              x13, x14, x15       x13=00000001 x14:10001cfd x15:10001cfc
15824934ns          259545 1c00970c 0146dc63 bge              x13, x20, 24        x13:00000001 x20:ffffffff
15825810ns          259589 1c009724 00e006b3 add              x13, x0, x14        x13=10001cfd x14:10001cfd
15825849ns          259591 1c009726 fe068fab p.sb             x0, -1(x13!)        x13=10001cfc x13:10001cfd  PA:10001cfd
15825869ns          259592 1c00972a 00d7fc63 bgeu             x15, x13, 24        x15:10001cfc x13:10001cfc
15826764ns          259637 1c009742 01412783 lw               x15, 20(x2)         x15=00000000  x2:10001cd8  PA:10001cec
15826804ns          259639 1c009744 01812603 lw               x12, 24(x2)         x12=00000000  x2:10001cd8  PA:10001cf0
15826824ns          259640 1c009746 419704b3 sub              x9, x14, x25         x9=00000001 x14:10001cfd x25:10001cfc
15826844ns          259641 1c00974a 00c7e7b3 or               x15, x15, x12       x15=00000000 x15:00000000 x12:00000000
15826864ns          259642 1c00974c 00f12623 sw               x15, 12(x2)         x15:00000000  x2:10001cd8  PA:10001ce4
15826884ns          259643 1c00974e 00079363 bne              x15, x0, 6          x15:00000000
15827281ns          259663 1c009750 01f5d593 srli             x11, x11, 0x1f      x11=00000000 x11:00000001
15827301ns          259664 1c009752 00b12623 sw               x11, 12(x2)         x11:00000000  x2:10001cd8  PA:10001ce4
15827321ns          259665 1c009754 e3fa28e3 p.beqimm         x20, -464           x20:ffffffff
15827818ns          259690 1c009584 0c800793 addi             x15, x0, 200        x15=000000c8
15827858ns          259692 1c009588 9e97d0e3 bge              x15, x9, -1568      x15:000000c8  x9:00000001
15828773ns          259738 1c008f68 0f24d163 bge              x9, x18, 226         x9:00000001 x18:00000000
15829290ns          259764 1c00904a d00482e3 beq              x9, x0, -764         x9:00000001
15829310ns          259765 1c00904e 01900933 add              x18, x0, x25        x18=10001cfc x25:10001cfc
15829728ns          259786 1c009050 419d8db3 sub              x27, x27, x25       x27=efffe30d x27:00000009 x25:10001cfc
15829768ns          259788 1c009054 00a0006f jal              x0, 10             
15830245ns          259812 1c00905e 0019450b p.lbu            x10, 1(x18!)        x10=00000031 x18=10001cfd x18:10001cfc  PA:10001cfc
15830265ns          259813 1c009062 01a005b3 add              x11, x0, x26        x11=00000002 x26:00000002
15830285ns          259814 1c009064 000b00e7 jalr             x1, x22, 0           x1=1c009066 x22:1c008c6c
15830364ns          259818 1c008c6c 000026b7 lui              x13, 0x2000         x13=00002000
15830404ns          259820 1c008c6e f14027f3 csrrs            x15, x0, 0xf14      x15=00000003
15830424ns          259821 1c008c72 f8068693 addi             x13, x13, -128      x13=00001f80 x13:00002000
15830444ns          259822 1c008c76 00379713 slli             x14, x15, 0x3       x14=00000018 x15:00000003
15830464ns          259823 1c008c7a 00279793 slli             x15, x15, 0x2       x15=0000000c x15:00000003
15830484ns          259824 1c008c7c 00d7f7b3 and              x15, x15, x13       x15=00000000 x15:0000000c x13:00001f80
15830504ns          259825 1c008c7e ee873733 p.bclr           x14, x14, 23, 8     x14=00000018 x14:00000018
15830524ns          259826 1c008c82 1a10f6b7 lui              x13, 0x1a10f000     x13=1a10f000
15830544ns          259827 1c008c86 0ff57513 andi             x10, x10, 255       x10=00000031 x10:00000031
15830563ns          259828 1c008c8a 00d70733 add              x14, x14, x13       x14=1a10f018 x14:00000018 x13:1a10f000
15830583ns          259829 1c008c8c 00a7e723 p.sw             x10, x0(x15)        x10:00000031 x15:00000000  PA:1a10f018
15831041ns          259852 1c008c90 00000513 addi             x10, x0, 0          x10=00000000
15831061ns          259853 1c008c92 00008067 jalr             x0, x1, 0            x1:1c009066
15831100ns          259855 1c009066 fff48493 addi             x9, x9, -1           x9=00000000  x9:00000001
15831120ns          259856 1c009068 fff537e3 p.bneimm         x10, -18            x10:00000000
15831498ns          259875 1c009056 012d8733 add              x14, x27, x18       x14=0000000a x27:efffe30d x18:10001cfd
15831518ns          259876 1c00905a 5a048b63 beq              x9, x0, 1462         x9:00000000
15831996ns          259900 1c009610 00e00db3 add              x27, x0, x14        x27=0000000a x14:0000000a
15832035ns          259902 1c009612 f3cff06f jal              x0, -2244          
15832095ns          259905 1c008d4e 00044503 lbu              x10, 0(x8)          x10=00000020  x8:1c00002f  PA:1c00002f
15832413ns          259921 1c008d52 00140413 addi             x8, x8, 1            x8=1c000030  x8:1c00002f
15832433ns          259922 1c008d54 00050e63 beq              x10, x0, 28         x10:00000020
15832453ns          259923 1c008d56 02500793 addi             x15, x0, 37         x15=00000025
15832473ns          259924 1c008d5a 04f50863 beq              x10, x15, 80        x10:00000020 x15:00000025
15832493ns          259925 1c008d5e 01a005b3 add              x11, x0, x26        x11=00000002 x26:00000002
15832513ns          259926 1c008d60 000b00e7 jalr             x1, x22, 0           x1=1c008d62 x22:1c008c6c
15832552ns          259928 1c008c6c 000026b7 lui              x13, 0x2000         x13=00002000
15832612ns          259931 1c008c6e f14027f3 csrrs            x15, x0, 0xf14      x15=00000003
15832652ns          259933 1c008c72 f8068693 addi             x13, x13, -128      x13=00001f80 x13:00002000
15832672ns          259934 1c008c76 00379713 slli             x14, x15, 0x3       x14=00000018 x15:00000003
15832692ns          259935 1c008c7a 00279793 slli             x15, x15, 0x2       x15=0000000c x15:00000003
15832712ns          259936 1c008c7c 00d7f7b3 and              x15, x15, x13       x15=00000000 x15:0000000c x13:00001f80
15832731ns          259937 1c008c7e ee873733 p.bclr           x14, x14, 23, 8     x14=00000018 x14:00000018
15832751ns          259938 1c008c82 1a10f6b7 lui              x13, 0x1a10f000     x13=1a10f000
15832771ns          259939 1c008c86 0ff57513 andi             x10, x10, 255       x10=00000020 x10:00000020
15832791ns          259940 1c008c8a 00d70733 add              x14, x14, x13       x14=1a10f018 x14:00000018 x13:1a10f000
15832811ns          259941 1c008c8c 00a7e723 p.sw             x10, x0(x15)        x10:00000020 x15:00000000  PA:1a10f018
15833249ns          259963 1c008c90 00000513 addi             x10, x0, 0          x10=00000000
15833269ns          259964 1c008c92 00008067 jalr             x0, x1, 0            x1:1c008d62
15833328ns          259967 1c008d62 31f52563 p.beqimm         x10, 778            x10:00000000
15833348ns          259968 1c008d66 001d8d93 addi             x27, x27, 1         x27=0000000b x27:0000000a
15833368ns          259969 1c008d68 00044503 lbu              x10, 0(x8)          x10=0000006b  x8:1c000030  PA:1c000030
15833666ns          259984 1c008d6c 00140413 addi             x8, x8, 1            x8=1c000031  x8:1c000030
15833686ns          259985 1c008d6e fe0514e3 bne              x10, x0, -24        x10:0000006b
15833766ns          259989 1c008d56 02500793 addi             x15, x0, 37         x15=00000025
15833786ns          259990 1c008d5a 04f50863 beq              x10, x15, 80        x10:0000006b x15:00000025
15833806ns          259991 1c008d5e 01a005b3 add              x11, x0, x26        x11=00000002 x26:00000002
15833825ns          259992 1c008d60 000b00e7 jalr             x1, x22, 0           x1=1c008d62 x22:1c008c6c
15833865ns          259994 1c008c6c 000026b7 lui              x13, 0x2000         x13=00002000
15833885ns          259995 1c008c6e f14027f3 csrrs            x15, x0, 0xf14      x15=00000003
15833905ns          259996 1c008c72 f8068693 addi             x13, x13, -128      x13=00001f80 x13:00002000
15833925ns          259997 1c008c76 00379713 slli             x14, x15, 0x3       x14=00000018 x15:00000003
15833945ns          259998 1c008c7a 00279793 slli             x15, x15, 0x2       x15=0000000c x15:00000003
15833965ns          259999 1c008c7c 00d7f7b3 and              x15, x15, x13       x15=00000000 x15:0000000c x13:00001f80
15833985ns          260000 1c008c7e ee873733 p.bclr           x14, x14, 23, 8     x14=00000018 x14:00000018
15834004ns          260001 1c008c82 1a10f6b7 lui              x13, 0x1a10f000     x13=1a10f000
15834024ns          260002 1c008c86 0ff57513 andi             x10, x10, 255       x10=0000006b x10:0000006b
15834044ns          260003 1c008c8a 00d70733 add              x14, x14, x13       x14=1a10f018 x14:00000018 x13:1a10f000
15834064ns          260004 1c008c8c 00a7e723 p.sw             x10, x0(x15)        x10:0000006b x15:00000000  PA:1a10f018
15834402ns          260021 1c008c90 00000513 addi             x10, x0, 0          x10=00000000
15834422ns          260022 1c008c92 00008067 jalr             x0, x1, 0            x1:1c008d62
15834482ns          260025 1c008d62 31f52563 p.beqimm         x10, 778            x10:00000000
15834502ns          260026 1c008d66 001d8d93 addi             x27, x27, 1         x27=0000000c x27:0000000b
15834522ns          260027 1c008d68 00044503 lbu              x10, 0(x8)          x10=00000065  x8:1c000031  PA:1c000031
15834820ns          260042 1c008d6c 00140413 addi             x8, x8, 1            x8=1c000032  x8:1c000031
15834840ns          260043 1c008d6e fe0514e3 bne              x10, x0, -24        x10:00000065
15834919ns          260047 1c008d56 02500793 addi             x15, x0, 37         x15=00000025
15834939ns          260048 1c008d5a 04f50863 beq              x10, x15, 80        x10:00000065 x15:00000025
15834959ns          260049 1c008d5e 01a005b3 add              x11, x0, x26        x11=00000002 x26:00000002
15834979ns          260050 1c008d60 000b00e7 jalr             x1, x22, 0           x1=1c008d62 x22:1c008c6c
15835019ns          260052 1c008c6c 000026b7 lui              x13, 0x2000         x13=00002000
15835039ns          260053 1c008c6e f14027f3 csrrs            x15, x0, 0xf14      x15=00000003
15835059ns          260054 1c008c72 f8068693 addi             x13, x13, -128      x13=00001f80 x13:00002000
15835079ns          260055 1c008c76 00379713 slli             x14, x15, 0x3       x14=00000018 x15:00000003
15835098ns          260056 1c008c7a 00279793 slli             x15, x15, 0x2       x15=0000000c x15:00000003
15835118ns          260057 1c008c7c 00d7f7b3 and              x15, x15, x13       x15=00000000 x15:0000000c x13:00001f80
15835138ns          260058 1c008c7e ee873733 p.bclr           x14, x14, 23, 8     x14=00000018 x14:00000018
15835158ns          260059 1c008c82 1a10f6b7 lui              x13, 0x1a10f000     x13=1a10f000
15835178ns          260060 1c008c86 0ff57513 andi             x10, x10, 255       x10=00000065 x10:00000065
15835198ns          260061 1c008c8a 00d70733 add              x14, x14, x13       x14=1a10f018 x14:00000018 x13:1a10f000
15835218ns          260062 1c008c8c 00a7e723 p.sw             x10, x0(x15)        x10:00000065 x15:00000000  PA:1a10f018
15835556ns          260079 1c008c90 00000513 addi             x10, x0, 0          x10=00000000
15835576ns          260080 1c008c92 00008067 jalr             x0, x1, 0            x1:1c008d62
15835636ns          260083 1c008d62 31f52563 p.beqimm         x10, 778            x10:00000000
15835655ns          260084 1c008d66 001d8d93 addi             x27, x27, 1         x27=0000000d x27:0000000c
15835675ns          260085 1c008d68 00044503 lbu              x10, 0(x8)          x10=00000072  x8:1c000032  PA:1c000032
15835974ns          260100 1c008d6c 00140413 addi             x8, x8, 1            x8=1c000033  x8:1c000032
15835994ns          260101 1c008d6e fe0514e3 bne              x10, x0, -24        x10:00000072
15836073ns          260105 1c008d56 02500793 addi             x15, x0, 37         x15=00000025
15836093ns          260106 1c008d5a 04f50863 beq              x10, x15, 80        x10:00000072 x15:00000025
15836113ns          260107 1c008d5e 01a005b3 add              x11, x0, x26        x11=00000002 x26:00000002
15836133ns          260108 1c008d60 000b00e7 jalr             x1, x22, 0           x1=1c008d62 x22:1c008c6c
15836173ns          260110 1c008c6c 000026b7 lui              x13, 0x2000         x13=00002000
15836192ns          260111 1c008c6e f14027f3 csrrs            x15, x0, 0xf14      x15=00000003
15836212ns          260112 1c008c72 f8068693 addi             x13, x13, -128      x13=00001f80 x13:00002000
15836232ns          260113 1c008c76 00379713 slli             x14, x15, 0x3       x14=00000018 x15:00000003
15836252ns          260114 1c008c7a 00279793 slli             x15, x15, 0x2       x15=0000000c x15:00000003
15836272ns          260115 1c008c7c 00d7f7b3 and              x15, x15, x13       x15=00000000 x15:0000000c x13:00001f80
15836292ns          260116 1c008c7e ee873733 p.bclr           x14, x14, 23, 8     x14=00000018 x14:00000018
15836312ns          260117 1c008c82 1a10f6b7 lui              x13, 0x1a10f000     x13=1a10f000
15836332ns          260118 1c008c86 0ff57513 andi             x10, x10, 255       x10=00000072 x10:00000072
15836352ns          260119 1c008c8a 00d70733 add              x14, x14, x13       x14=1a10f018 x14:00000018 x13:1a10f000
15836371ns          260120 1c008c8c 00a7e723 p.sw             x10, x0(x15)        x10:00000072 x15:00000000  PA:1a10f018
15836690ns          260136 1c008c90 00000513 addi             x10, x0, 0          x10=00000000
15836710ns          260137 1c008c92 00008067 jalr             x0, x1, 0            x1:1c008d62
15836769ns          260140 1c008d62 31f52563 p.beqimm         x10, 778            x10:00000000
15836789ns          260141 1c008d66 001d8d93 addi             x27, x27, 1         x27=0000000e x27:0000000d
15836809ns          260142 1c008d68 00044503 lbu              x10, 0(x8)          x10=0000006e  x8:1c000033  PA:1c000033
15837107ns          260157 1c008d6c 00140413 addi             x8, x8, 1            x8=1c000034  x8:1c000033
15837127ns          260158 1c008d6e fe0514e3 bne              x10, x0, -24        x10:0000006e
15837207ns          260162 1c008d56 02500793 addi             x15, x0, 37         x15=00000025
15837227ns          260163 1c008d5a 04f50863 beq              x10, x15, 80        x10:0000006e x15:00000025
15837247ns          260164 1c008d5e 01a005b3 add              x11, x0, x26        x11=00000002 x26:00000002
15837267ns          260165 1c008d60 000b00e7 jalr             x1, x22, 0           x1=1c008d62 x22:1c008c6c
15837306ns          260167 1c008c6c 000026b7 lui              x13, 0x2000         x13=00002000
15837326ns          260168 1c008c6e f14027f3 csrrs            x15, x0, 0xf14      x15=00000003
15837346ns          260169 1c008c72 f8068693 addi             x13, x13, -128      x13=00001f80 x13:00002000
15837366ns          260170 1c008c76 00379713 slli             x14, x15, 0x3       x14=00000018 x15:00000003
15837386ns          260171 1c008c7a 00279793 slli             x15, x15, 0x2       x15=0000000c x15:00000003
15837406ns          260172 1c008c7c 00d7f7b3 and              x15, x15, x13       x15=00000000 x15:0000000c x13:00001f80
15837426ns          260173 1c008c7e ee873733 p.bclr           x14, x14, 23, 8     x14=00000018 x14:00000018
15837446ns          260174 1c008c82 1a10f6b7 lui              x13, 0x1a10f000     x13=1a10f000
15837465ns          260175 1c008c86 0ff57513 andi             x10, x10, 255       x10=0000006e x10:0000006e
15837485ns          260176 1c008c8a 00d70733 add              x14, x14, x13       x14=1a10f018 x14:00000018 x13:1a10f000
15837505ns          260177 1c008c8c 00a7e723 p.sw             x10, x0(x15)        x10:0000006e x15:00000000  PA:1a10f018
15837824ns          260193 1c008c90 00000513 addi             x10, x0, 0          x10=00000000
15837843ns          260194 1c008c92 00008067 jalr             x0, x1, 0            x1:1c008d62
15837903ns          260197 1c008d62 31f52563 p.beqimm         x10, 778            x10:00000000
15837923ns          260198 1c008d66 001d8d93 addi             x27, x27, 1         x27=0000000f x27:0000000e
15837943ns          260199 1c008d68 00044503 lbu              x10, 0(x8)          x10=00000065  x8:1c000034  PA:1c000034
15838261ns          260215 1c008d6c 00140413 addi             x8, x8, 1            x8=1c000035  x8:1c000034
15838281ns          260216 1c008d6e fe0514e3 bne              x10, x0, -24        x10:00000065
15838361ns          260220 1c008d56 02500793 addi             x15, x0, 37         x15=00000025
15838380ns          260221 1c008d5a 04f50863 beq              x10, x15, 80        x10:00000065 x15:00000025
15838400ns          260222 1c008d5e 01a005b3 add              x11, x0, x26        x11=00000002 x26:00000002
15838420ns          260223 1c008d60 000b00e7 jalr             x1, x22, 0           x1=1c008d62 x22:1c008c6c
15838460ns          260225 1c008c6c 000026b7 lui              x13, 0x2000         x13=00002000
15838480ns          260226 1c008c6e f14027f3 csrrs            x15, x0, 0xf14      x15=00000003
15838500ns          260227 1c008c72 f8068693 addi             x13, x13, -128      x13=00001f80 x13:00002000
15838520ns          260228 1c008c76 00379713 slli             x14, x15, 0x3       x14=00000018 x15:00000003
15838540ns          260229 1c008c7a 00279793 slli             x15, x15, 0x2       x15=0000000c x15:00000003
15838559ns          260230 1c008c7c 00d7f7b3 and              x15, x15, x13       x15=00000000 x15:0000000c x13:00001f80
15838579ns          260231 1c008c7e ee873733 p.bclr           x14, x14, 23, 8     x14=00000018 x14:00000018
15838599ns          260232 1c008c82 1a10f6b7 lui              x13, 0x1a10f000     x13=1a10f000
15838619ns          260233 1c008c86 0ff57513 andi             x10, x10, 255       x10=00000065 x10:00000065
15838639ns          260234 1c008c8a 00d70733 add              x14, x14, x13       x14=1a10f018 x14:00000018 x13:1a10f000
15838659ns          260235 1c008c8c 00a7e723 p.sw             x10, x0(x15)        x10:00000065 x15:00000000  PA:1a10f018
15838977ns          260251 1c008c90 00000513 addi             x10, x0, 0          x10=00000000
15838997ns          260252 1c008c92 00008067 jalr             x0, x1, 0            x1:1c008d62
15839057ns          260255 1c008d62 31f52563 p.beqimm         x10, 778            x10:00000000
15839077ns          260256 1c008d66 001d8d93 addi             x27, x27, 1         x27=00000010 x27:0000000f
15839097ns          260257 1c008d68 00044503 lbu              x10, 0(x8)          x10=0000006c  x8:1c000035  PA:1c000035
15839395ns          260272 1c008d6c 00140413 addi             x8, x8, 1            x8=1c000036  x8:1c000035
15839415ns          260273 1c008d6e fe0514e3 bne              x10, x0, -24        x10:0000006c
15839494ns          260277 1c008d56 02500793 addi             x15, x0, 37         x15=00000025
15839514ns          260278 1c008d5a 04f50863 beq              x10, x15, 80        x10:0000006c x15:00000025
15839534ns          260279 1c008d5e 01a005b3 add              x11, x0, x26        x11=00000002 x26:00000002
15839554ns          260280 1c008d60 000b00e7 jalr             x1, x22, 0           x1=1c008d62 x22:1c008c6c
15839594ns          260282 1c008c6c 000026b7 lui              x13, 0x2000         x13=00002000
15839614ns          260283 1c008c6e f14027f3 csrrs            x15, x0, 0xf14      x15=00000003
15839634ns          260284 1c008c72 f8068693 addi             x13, x13, -128      x13=00001f80 x13:00002000
15839653ns          260285 1c008c76 00379713 slli             x14, x15, 0x3       x14=00000018 x15:00000003
15839673ns          260286 1c008c7a 00279793 slli             x15, x15, 0x2       x15=0000000c x15:00000003
15839693ns          260287 1c008c7c 00d7f7b3 and              x15, x15, x13       x15=00000000 x15:0000000c x13:00001f80
15839713ns          260288 1c008c7e ee873733 p.bclr           x14, x14, 23, 8     x14=00000018 x14:00000018
15839733ns          260289 1c008c82 1a10f6b7 lui              x13, 0x1a10f000     x13=1a10f000
15839753ns          260290 1c008c86 0ff57513 andi             x10, x10, 255       x10=0000006c x10:0000006c
15839773ns          260291 1c008c8a 00d70733 add              x14, x14, x13       x14=1a10f018 x14:00000018 x13:1a10f000
15839793ns          260292 1c008c8c 00a7e723 p.sw             x10, x0(x15)        x10:0000006c x15:00000000  PA:1a10f018
15840111ns          260308 1c008c90 00000513 addi             x10, x0, 0          x10=00000000
15840131ns          260309 1c008c92 00008067 jalr             x0, x1, 0            x1:1c008d62
15840191ns          260312 1c008d62 31f52563 p.beqimm         x10, 778            x10:00000000
15840210ns          260313 1c008d66 001d8d93 addi             x27, x27, 1         x27=00000011 x27:00000010
15840230ns          260314 1c008d68 00044503 lbu              x10, 0(x8)          x10=00000020  x8:1c000036  PA:1c000036
15840529ns          260329 1c008d6c 00140413 addi             x8, x8, 1            x8=1c000037  x8:1c000036
15840549ns          260330 1c008d6e fe0514e3 bne              x10, x0, -24        x10:00000020
15840628ns          260334 1c008d56 02500793 addi             x15, x0, 37         x15=00000025
15840648ns          260335 1c008d5a 04f50863 beq              x10, x15, 80        x10:00000020 x15:00000025
15840668ns          260336 1c008d5e 01a005b3 add              x11, x0, x26        x11=00000002 x26:00000002
15840688ns          260337 1c008d60 000b00e7 jalr             x1, x22, 0           x1=1c008d62 x22:1c008c6c
15840728ns          260339 1c008c6c 000026b7 lui              x13, 0x2000         x13=00002000
15840747ns          260340 1c008c6e f14027f3 csrrs            x15, x0, 0xf14      x15=00000003
15840767ns          260341 1c008c72 f8068693 addi             x13, x13, -128      x13=00001f80 x13:00002000
15840787ns          260342 1c008c76 00379713 slli             x14, x15, 0x3       x14=00000018 x15:00000003
15840807ns          260343 1c008c7a 00279793 slli             x15, x15, 0x2       x15=0000000c x15:00000003
15840827ns          260344 1c008c7c 00d7f7b3 and              x15, x15, x13       x15=00000000 x15:0000000c x13:00001f80
15840847ns          260345 1c008c7e ee873733 p.bclr           x14, x14, 23, 8     x14=00000018 x14:00000018
15840867ns          260346 1c008c82 1a10f6b7 lui              x13, 0x1a10f000     x13=1a10f000
15840887ns          260347 1c008c86 0ff57513 andi             x10, x10, 255       x10=00000020 x10:00000020
15840907ns          260348 1c008c8a 00d70733 add              x14, x14, x13       x14=1a10f018 x14:00000018 x13:1a10f000
15840926ns          260349 1c008c8c 00a7e723 p.sw             x10, x0(x15)        x10:00000020 x15:00000000  PA:1a10f018
15841245ns          260365 1c008c90 00000513 addi             x10, x0, 0          x10=00000000
15841265ns          260366 1c008c92 00008067 jalr             x0, x1, 0            x1:1c008d62
15841324ns          260369 1c008d62 31f52563 p.beqimm         x10, 778            x10:00000000
15841344ns          260370 1c008d66 001d8d93 addi             x27, x27, 1         x27=00000012 x27:00000011
15841364ns          260371 1c008d68 00044503 lbu              x10, 0(x8)          x10=00000069  x8:1c000037  PA:1c000037
15841662ns          260386 1c008d6c 00140413 addi             x8, x8, 1            x8=1c000038  x8:1c000037
15841682ns          260387 1c008d6e fe0514e3 bne              x10, x0, -24        x10:00000069
15841762ns          260391 1c008d56 02500793 addi             x15, x0, 37         x15=00000025
15841782ns          260392 1c008d5a 04f50863 beq              x10, x15, 80        x10:00000069 x15:00000025
15841802ns          260393 1c008d5e 01a005b3 add              x11, x0, x26        x11=00000002 x26:00000002
15841822ns          260394 1c008d60 000b00e7 jalr             x1, x22, 0           x1=1c008d62 x22:1c008c6c
15841861ns          260396 1c008c6c 000026b7 lui              x13, 0x2000         x13=00002000
15841881ns          260397 1c008c6e f14027f3 csrrs            x15, x0, 0xf14      x15=00000003
15841901ns          260398 1c008c72 f8068693 addi             x13, x13, -128      x13=00001f80 x13:00002000
15841921ns          260399 1c008c76 00379713 slli             x14, x15, 0x3       x14=00000018 x15:00000003
15841941ns          260400 1c008c7a 00279793 slli             x15, x15, 0x2       x15=0000000c x15:00000003
15841961ns          260401 1c008c7c 00d7f7b3 and              x15, x15, x13       x15=00000000 x15:0000000c x13:00001f80
15841981ns          260402 1c008c7e ee873733 p.bclr           x14, x14, 23, 8     x14=00000018 x14:00000018
15842001ns          260403 1c008c82 1a10f6b7 lui              x13, 0x1a10f000     x13=1a10f000
15842020ns          260404 1c008c86 0ff57513 andi             x10, x10, 255       x10=00000069 x10:00000069
15842040ns          260405 1c008c8a 00d70733 add              x14, x14, x13       x14=1a10f018 x14:00000018 x13:1a10f000
15842060ns          260406 1c008c8c 00a7e723 p.sw             x10, x0(x15)        x10:00000069 x15:00000000  PA:1a10f018
15842398ns          260423 1c008c90 00000513 addi             x10, x0, 0          x10=00000000
15842418ns          260424 1c008c92 00008067 jalr             x0, x1, 0            x1:1c008d62
15842478ns          260427 1c008d62 31f52563 p.beqimm         x10, 778            x10:00000000
15842498ns          260428 1c008d66 001d8d93 addi             x27, x27, 1         x27=00000013 x27:00000012
15842518ns          260429 1c008d68 00044503 lbu              x10, 0(x8)          x10=00000074  x8:1c000038  PA:1c000038
15842816ns          260444 1c008d6c 00140413 addi             x8, x8, 1            x8=1c000039  x8:1c000038
15842836ns          260445 1c008d6e fe0514e3 bne              x10, x0, -24        x10:00000074
15842916ns          260449 1c008d56 02500793 addi             x15, x0, 37         x15=00000025
15842935ns          260450 1c008d5a 04f50863 beq              x10, x15, 80        x10:00000074 x15:00000025
15842955ns          260451 1c008d5e 01a005b3 add              x11, x0, x26        x11=00000002 x26:00000002
15842975ns          260452 1c008d60 000b00e7 jalr             x1, x22, 0           x1=1c008d62 x22:1c008c6c
15843015ns          260454 1c008c6c 000026b7 lui              x13, 0x2000         x13=00002000
15843035ns          260455 1c008c6e f14027f3 csrrs            x15, x0, 0xf14      x15=00000003
15843055ns          260456 1c008c72 f8068693 addi             x13, x13, -128      x13=00001f80 x13:00002000
15843075ns          260457 1c008c76 00379713 slli             x14, x15, 0x3       x14=00000018 x15:00000003
15843095ns          260458 1c008c7a 00279793 slli             x15, x15, 0x2       x15=0000000c x15:00000003
15843114ns          260459 1c008c7c 00d7f7b3 and              x15, x15, x13       x15=00000000 x15:0000000c x13:00001f80
15843134ns          260460 1c008c7e ee873733 p.bclr           x14, x14, 23, 8     x14=00000018 x14:00000018
15843154ns          260461 1c008c82 1a10f6b7 lui              x13, 0x1a10f000     x13=1a10f000
15843174ns          260462 1c008c86 0ff57513 andi             x10, x10, 255       x10=00000074 x10:00000074
15843194ns          260463 1c008c8a 00d70733 add              x14, x14, x13       x14=1a10f018 x14:00000018 x13:1a10f000
15843214ns          260464 1c008c8c 00a7e723 p.sw             x10, x0(x15)        x10:00000074 x15:00000000  PA:1a10f018
15843552ns          260481 1c008c90 00000513 addi             x10, x0, 0          x10=00000000
15843572ns          260482 1c008c92 00008067 jalr             x0, x1, 0            x1:1c008d62
15843632ns          260485 1c008d62 31f52563 p.beqimm         x10, 778            x10:00000000
15843652ns          260486 1c008d66 001d8d93 addi             x27, x27, 1         x27=00000014 x27:00000013
15843671ns          260487 1c008d68 00044503 lbu              x10, 0(x8)          x10=00000065  x8:1c000039  PA:1c000039
15843970ns          260502 1c008d6c 00140413 addi             x8, x8, 1            x8=1c00003a  x8:1c000039
15843990ns          260503 1c008d6e fe0514e3 bne              x10, x0, -24        x10:00000065
15844069ns          260507 1c008d56 02500793 addi             x15, x0, 37         x15=00000025
15844089ns          260508 1c008d5a 04f50863 beq              x10, x15, 80        x10:00000065 x15:00000025
15844109ns          260509 1c008d5e 01a005b3 add              x11, x0, x26        x11=00000002 x26:00000002
15844129ns          260510 1c008d60 000b00e7 jalr             x1, x22, 0           x1=1c008d62 x22:1c008c6c
15844169ns          260512 1c008c6c 000026b7 lui              x13, 0x2000         x13=00002000
15844189ns          260513 1c008c6e f14027f3 csrrs            x15, x0, 0xf14      x15=00000003
15844208ns          260514 1c008c72 f8068693 addi             x13, x13, -128      x13=00001f80 x13:00002000
15844228ns          260515 1c008c76 00379713 slli             x14, x15, 0x3       x14=00000018 x15:00000003
15844248ns          260516 1c008c7a 00279793 slli             x15, x15, 0x2       x15=0000000c x15:00000003
15844268ns          260517 1c008c7c 00d7f7b3 and              x15, x15, x13       x15=00000000 x15:0000000c x13:00001f80
15844288ns          260518 1c008c7e ee873733 p.bclr           x14, x14, 23, 8     x14=00000018 x14:00000018
15844308ns          260519 1c008c82 1a10f6b7 lui              x13, 0x1a10f000     x13=1a10f000
15844328ns          260520 1c008c86 0ff57513 andi             x10, x10, 255       x10=00000065 x10:00000065
15844348ns          260521 1c008c8a 00d70733 add              x14, x14, x13       x14=1a10f018 x14:00000018 x13:1a10f000
15844368ns          260522 1c008c8c 00a7e723 p.sw             x10, x0(x15)        x10:00000065 x15:00000000  PA:1a10f018
15844686ns          260538 1c008c90 00000513 addi             x10, x0, 0          x10=00000000
15844706ns          260539 1c008c92 00008067 jalr             x0, x1, 0            x1:1c008d62
15844765ns          260542 1c008d62 31f52563 p.beqimm         x10, 778            x10:00000000
15844785ns          260543 1c008d66 001d8d93 addi             x27, x27, 1         x27=00000015 x27:00000014
15844805ns          260544 1c008d68 00044503 lbu              x10, 0(x8)          x10=00000072  x8:1c00003a  PA:1c00003a
15845104ns          260559 1c008d6c 00140413 addi             x8, x8, 1            x8=1c00003b  x8:1c00003a
15845123ns          260560 1c008d6e fe0514e3 bne              x10, x0, -24        x10:00000072
15845203ns          260564 1c008d56 02500793 addi             x15, x0, 37         x15=00000025
15845223ns          260565 1c008d5a 04f50863 beq              x10, x15, 80        x10:00000072 x15:00000025
15845243ns          260566 1c008d5e 01a005b3 add              x11, x0, x26        x11=00000002 x26:00000002
15845263ns          260567 1c008d60 000b00e7 jalr             x1, x22, 0           x1=1c008d62 x22:1c008c6c
15845302ns          260569 1c008c6c 000026b7 lui              x13, 0x2000         x13=00002000
15845322ns          260570 1c008c6e f14027f3 csrrs            x15, x0, 0xf14      x15=00000003
15845342ns          260571 1c008c72 f8068693 addi             x13, x13, -128      x13=00001f80 x13:00002000
15845362ns          260572 1c008c76 00379713 slli             x14, x15, 0x3       x14=00000018 x15:00000003
15845382ns          260573 1c008c7a 00279793 slli             x15, x15, 0x2       x15=0000000c x15:00000003
15845402ns          260574 1c008c7c 00d7f7b3 and              x15, x15, x13       x15=00000000 x15:0000000c x13:00001f80
15845422ns          260575 1c008c7e ee873733 p.bclr           x14, x14, 23, 8     x14=00000018 x14:00000018
15845442ns          260576 1c008c82 1a10f6b7 lui              x13, 0x1a10f000     x13=1a10f000
15845462ns          260577 1c008c86 0ff57513 andi             x10, x10, 255       x10=00000072 x10:00000072
15845481ns          260578 1c008c8a 00d70733 add              x14, x14, x13       x14=1a10f018 x14:00000018 x13:1a10f000
15845501ns          260579 1c008c8c 00a7e723 p.sw             x10, x0(x15)        x10:00000072 x15:00000000  PA:1a10f018
15845820ns          260595 1c008c90 00000513 addi             x10, x0, 0          x10=00000000
15845839ns          260596 1c008c92 00008067 jalr             x0, x1, 0            x1:1c008d62
15845899ns          260599 1c008d62 31f52563 p.beqimm         x10, 778            x10:00000000
15845919ns          260600 1c008d66 001d8d93 addi             x27, x27, 1         x27=00000016 x27:00000015
15845939ns          260601 1c008d68 00044503 lbu              x10, 0(x8)          x10=00000061  x8:1c00003b  PA:1c00003b
15846257ns          260617 1c008d6c 00140413 addi             x8, x8, 1            x8=1c00003c  x8:1c00003b
15846277ns          260618 1c008d6e fe0514e3 bne              x10, x0, -24        x10:00000061
15846357ns          260622 1c008d56 02500793 addi             x15, x0, 37         x15=00000025
15846377ns          260623 1c008d5a 04f50863 beq              x10, x15, 80        x10:00000061 x15:00000025
15846396ns          260624 1c008d5e 01a005b3 add              x11, x0, x26        x11=00000002 x26:00000002
15846416ns          260625 1c008d60 000b00e7 jalr             x1, x22, 0           x1=1c008d62 x22:1c008c6c
15846456ns          260627 1c008c6c 000026b7 lui              x13, 0x2000         x13=00002000
15846476ns          260628 1c008c6e f14027f3 csrrs            x15, x0, 0xf14      x15=00000003
15846496ns          260629 1c008c72 f8068693 addi             x13, x13, -128      x13=00001f80 x13:00002000
15846516ns          260630 1c008c76 00379713 slli             x14, x15, 0x3       x14=00000018 x15:00000003
15846536ns          260631 1c008c7a 00279793 slli             x15, x15, 0x2       x15=0000000c x15:00000003
15846556ns          260632 1c008c7c 00d7f7b3 and              x15, x15, x13       x15=00000000 x15:0000000c x13:00001f80
15846575ns          260633 1c008c7e ee873733 p.bclr           x14, x14, 23, 8     x14=00000018 x14:00000018
15846595ns          260634 1c008c82 1a10f6b7 lui              x13, 0x1a10f000     x13=1a10f000
15846615ns          260635 1c008c86 0ff57513 andi             x10, x10, 255       x10=00000061 x10:00000061
15846635ns          260636 1c008c8a 00d70733 add              x14, x14, x13       x14=1a10f018 x14:00000018 x13:1a10f000
15846655ns          260637 1c008c8c 00a7e723 p.sw             x10, x0(x15)        x10:00000061 x15:00000000  PA:1a10f018
15846973ns          260653 1c008c90 00000513 addi             x10, x0, 0          x10=00000000
15846993ns          260654 1c008c92 00008067 jalr             x0, x1, 0            x1:1c008d62
15847053ns          260657 1c008d62 31f52563 p.beqimm         x10, 778            x10:00000000
15847073ns          260658 1c008d66 001d8d93 addi             x27, x27, 1         x27=00000017 x27:00000016
15847093ns          260659 1c008d68 00044503 lbu              x10, 0(x8)          x10=00000074  x8:1c00003c  PA:1c00003c
15847391ns          260674 1c008d6c 00140413 addi             x8, x8, 1            x8=1c00003d  x8:1c00003c
15847411ns          260675 1c008d6e fe0514e3 bne              x10, x0, -24        x10:00000074
15847490ns          260679 1c008d56 02500793 addi             x15, x0, 37         x15=00000025
15847510ns          260680 1c008d5a 04f50863 beq              x10, x15, 80        x10:00000074 x15:00000025
15847530ns          260681 1c008d5e 01a005b3 add              x11, x0, x26        x11=00000002 x26:00000002
15847550ns          260682 1c008d60 000b00e7 jalr             x1, x22, 0           x1=1c008d62 x22:1c008c6c
15847590ns          260684 1c008c6c 000026b7 lui              x13, 0x2000         x13=00002000
15847610ns          260685 1c008c6e f14027f3 csrrs            x15, x0, 0xf14      x15=00000003
15847630ns          260686 1c008c72 f8068693 addi             x13, x13, -128      x13=00001f80 x13:00002000
15847650ns          260687 1c008c76 00379713 slli             x14, x15, 0x3       x14=00000018 x15:00000003
15847669ns          260688 1c008c7a 00279793 slli             x15, x15, 0x2       x15=0000000c x15:00000003
15847689ns          260689 1c008c7c 00d7f7b3 and              x15, x15, x13       x15=00000000 x15:0000000c x13:00001f80
15847709ns          260690 1c008c7e ee873733 p.bclr           x14, x14, 23, 8     x14=00000018 x14:00000018
15847729ns          260691 1c008c82 1a10f6b7 lui              x13, 0x1a10f000     x13=1a10f000
15847749ns          260692 1c008c86 0ff57513 andi             x10, x10, 255       x10=00000074 x10:00000074
15847769ns          260693 1c008c8a 00d70733 add              x14, x14, x13       x14=1a10f018 x14:00000018 x13:1a10f000
15847789ns          260694 1c008c8c 00a7e723 p.sw             x10, x0(x15)        x10:00000074 x15:00000000  PA:1a10f018
15848107ns          260710 1c008c90 00000513 addi             x10, x0, 0          x10=00000000
15848127ns          260711 1c008c92 00008067 jalr             x0, x1, 0            x1:1c008d62
15848187ns          260714 1c008d62 31f52563 p.beqimm         x10, 778            x10:00000000
15848206ns          260715 1c008d66 001d8d93 addi             x27, x27, 1         x27=00000018 x27:00000017
15848226ns          260716 1c008d68 00044503 lbu              x10, 0(x8)          x10=00000069  x8:1c00003d  PA:1c00003d
15848525ns          260731 1c008d6c 00140413 addi             x8, x8, 1            x8=1c00003e  x8:1c00003d
15848545ns          260732 1c008d6e fe0514e3 bne              x10, x0, -24        x10:00000069
15848624ns          260736 1c008d56 02500793 addi             x15, x0, 37         x15=00000025
15848644ns          260737 1c008d5a 04f50863 beq              x10, x15, 80        x10:00000069 x15:00000025
15848664ns          260738 1c008d5e 01a005b3 add              x11, x0, x26        x11=00000002 x26:00000002
15848684ns          260739 1c008d60 000b00e7 jalr             x1, x22, 0           x1=1c008d62 x22:1c008c6c
15848724ns          260741 1c008c6c 000026b7 lui              x13, 0x2000         x13=00002000
15848744ns          260742 1c008c6e f14027f3 csrrs            x15, x0, 0xf14      x15=00000003
15848763ns          260743 1c008c72 f8068693 addi             x13, x13, -128      x13=00001f80 x13:00002000
15848783ns          260744 1c008c76 00379713 slli             x14, x15, 0x3       x14=00000018 x15:00000003
15848803ns          260745 1c008c7a 00279793 slli             x15, x15, 0x2       x15=0000000c x15:00000003
15848823ns          260746 1c008c7c 00d7f7b3 and              x15, x15, x13       x15=00000000 x15:0000000c x13:00001f80
15848843ns          260747 1c008c7e ee873733 p.bclr           x14, x14, 23, 8     x14=00000018 x14:00000018
15848863ns          260748 1c008c82 1a10f6b7 lui              x13, 0x1a10f000     x13=1a10f000
15848883ns          260749 1c008c86 0ff57513 andi             x10, x10, 255       x10=00000069 x10:00000069
15848903ns          260750 1c008c8a 00d70733 add              x14, x14, x13       x14=1a10f018 x14:00000018 x13:1a10f000
15848923ns          260751 1c008c8c 00a7e723 p.sw             x10, x0(x15)        x10:00000069 x15:00000000  PA:1a10f018
15849241ns          260767 1c008c90 00000513 addi             x10, x0, 0          x10=00000000
15849261ns          260768 1c008c92 00008067 jalr             x0, x1, 0            x1:1c008d62
15849320ns          260771 1c008d62 31f52563 p.beqimm         x10, 778            x10:00000000
15849340ns          260772 1c008d66 001d8d93 addi             x27, x27, 1         x27=00000019 x27:00000018
15849360ns          260773 1c008d68 00044503 lbu              x10, 0(x8)          x10=0000006f  x8:1c00003e  PA:1c00003e
15849659ns          260788 1c008d6c 00140413 addi             x8, x8, 1            x8=1c00003f  x8:1c00003e
15849678ns          260789 1c008d6e fe0514e3 bne              x10, x0, -24        x10:0000006f
15849758ns          260793 1c008d56 02500793 addi             x15, x0, 37         x15=00000025
15849778ns          260794 1c008d5a 04f50863 beq              x10, x15, 80        x10:0000006f x15:00000025
15849798ns          260795 1c008d5e 01a005b3 add              x11, x0, x26        x11=00000002 x26:00000002
15849818ns          260796 1c008d60 000b00e7 jalr             x1, x22, 0           x1=1c008d62 x22:1c008c6c
15849857ns          260798 1c008c6c 000026b7 lui              x13, 0x2000         x13=00002000
15849877ns          260799 1c008c6e f14027f3 csrrs            x15, x0, 0xf14      x15=00000003
15849897ns          260800 1c008c72 f8068693 addi             x13, x13, -128      x13=00001f80 x13:00002000
15849917ns          260801 1c008c76 00379713 slli             x14, x15, 0x3       x14=00000018 x15:00000003
15849937ns          260802 1c008c7a 00279793 slli             x15, x15, 0x2       x15=0000000c x15:00000003
15849957ns          260803 1c008c7c 00d7f7b3 and              x15, x15, x13       x15=00000000 x15:0000000c x13:00001f80
15849977ns          260804 1c008c7e ee873733 p.bclr           x14, x14, 23, 8     x14=00000018 x14:00000018
15849997ns          260805 1c008c82 1a10f6b7 lui              x13, 0x1a10f000     x13=1a10f000
15850017ns          260806 1c008c86 0ff57513 andi             x10, x10, 255       x10=0000006f x10:0000006f
15850036ns          260807 1c008c8a 00d70733 add              x14, x14, x13       x14=1a10f018 x14:00000018 x13:1a10f000
15850056ns          260808 1c008c8c 00a7e723 p.sw             x10, x0(x15)        x10:0000006f x15:00000000  PA:1a10f018
15850394ns          260825 1c008c90 00000513 addi             x10, x0, 0          x10=00000000
15850414ns          260826 1c008c92 00008067 jalr             x0, x1, 0            x1:1c008d62
15850474ns          260829 1c008d62 31f52563 p.beqimm         x10, 778            x10:00000000
15850494ns          260830 1c008d66 001d8d93 addi             x27, x27, 1         x27=0000001a x27:00000019
15850514ns          260831 1c008d68 00044503 lbu              x10, 0(x8)          x10=0000006e  x8:1c00003f  PA:1c00003f
15850812ns          260846 1c008d6c 00140413 addi             x8, x8, 1            x8=1c000040  x8:1c00003f
15850832ns          260847 1c008d6e fe0514e3 bne              x10, x0, -24        x10:0000006e
15850912ns          260851 1c008d56 02500793 addi             x15, x0, 37         x15=00000025
15850932ns          260852 1c008d5a 04f50863 beq              x10, x15, 80        x10:0000006e x15:00000025
15850951ns          260853 1c008d5e 01a005b3 add              x11, x0, x26        x11=00000002 x26:00000002
15850971ns          260854 1c008d60 000b00e7 jalr             x1, x22, 0           x1=1c008d62 x22:1c008c6c
15851011ns          260856 1c008c6c 000026b7 lui              x13, 0x2000         x13=00002000
15851031ns          260857 1c008c6e f14027f3 csrrs            x15, x0, 0xf14      x15=00000003
15851051ns          260858 1c008c72 f8068693 addi             x13, x13, -128      x13=00001f80 x13:00002000
15851071ns          260859 1c008c76 00379713 slli             x14, x15, 0x3       x14=00000018 x15:00000003
15851091ns          260860 1c008c7a 00279793 slli             x15, x15, 0x2       x15=0000000c x15:00000003
15851111ns          260861 1c008c7c 00d7f7b3 and              x15, x15, x13       x15=00000000 x15:0000000c x13:00001f80
15851130ns          260862 1c008c7e ee873733 p.bclr           x14, x14, 23, 8     x14=00000018 x14:00000018
15851150ns          260863 1c008c82 1a10f6b7 lui              x13, 0x1a10f000     x13=1a10f000
15851170ns          260864 1c008c86 0ff57513 andi             x10, x10, 255       x10=0000006e x10:0000006e
15851190ns          260865 1c008c8a 00d70733 add              x14, x14, x13       x14=1a10f018 x14:00000018 x13:1a10f000
15851210ns          260866 1c008c8c 00a7e723 p.sw             x10, x0(x15)        x10:0000006e x15:00000000  PA:1a10f018
15851548ns          260883 1c008c90 00000513 addi             x10, x0, 0          x10=00000000
15851568ns          260884 1c008c92 00008067 jalr             x0, x1, 0            x1:1c008d62
15851628ns          260887 1c008d62 31f52563 p.beqimm         x10, 778            x10:00000000
15851648ns          260888 1c008d66 001d8d93 addi             x27, x27, 1         x27=0000001b x27:0000001a
15851667ns          260889 1c008d68 00044503 lbu              x10, 0(x8)          x10=00000073  x8:1c000040  PA:1c000040
15851966ns          260904 1c008d6c 00140413 addi             x8, x8, 1            x8=1c000041  x8:1c000040
15851986ns          260905 1c008d6e fe0514e3 bne              x10, x0, -24        x10:00000073
15852065ns          260909 1c008d56 02500793 addi             x15, x0, 37         x15=00000025
15852085ns          260910 1c008d5a 04f50863 beq              x10, x15, 80        x10:00000073 x15:00000025
15852105ns          260911 1c008d5e 01a005b3 add              x11, x0, x26        x11=00000002 x26:00000002
15852125ns          260912 1c008d60 000b00e7 jalr             x1, x22, 0           x1=1c008d62 x22:1c008c6c
15852165ns          260914 1c008c6c 000026b7 lui              x13, 0x2000         x13=00002000
15852185ns          260915 1c008c6e f14027f3 csrrs            x15, x0, 0xf14      x15=00000003
15852205ns          260916 1c008c72 f8068693 addi             x13, x13, -128      x13=00001f80 x13:00002000
15852224ns          260917 1c008c76 00379713 slli             x14, x15, 0x3       x14=00000018 x15:00000003
15852244ns          260918 1c008c7a 00279793 slli             x15, x15, 0x2       x15=0000000c x15:00000003
15852264ns          260919 1c008c7c 00d7f7b3 and              x15, x15, x13       x15=00000000 x15:0000000c x13:00001f80
15852284ns          260920 1c008c7e ee873733 p.bclr           x14, x14, 23, 8     x14=00000018 x14:00000018
15852304ns          260921 1c008c82 1a10f6b7 lui              x13, 0x1a10f000     x13=1a10f000
15852324ns          260922 1c008c86 0ff57513 andi             x10, x10, 255       x10=00000073 x10:00000073
15852344ns          260923 1c008c8a 00d70733 add              x14, x14, x13       x14=1a10f018 x14:00000018 x13:1a10f000
15852364ns          260924 1c008c8c 00a7e723 p.sw             x10, x0(x15)        x10:00000073 x15:00000000  PA:1a10f018
15852682ns          260940 1c008c90 00000513 addi             x10, x0, 0          x10=00000000
15852702ns          260941 1c008c92 00008067 jalr             x0, x1, 0            x1:1c008d62
15852761ns          260944 1c008d62 31f52563 p.beqimm         x10, 778            x10:00000000
15852781ns          260945 1c008d66 001d8d93 addi             x27, x27, 1         x27=0000001c x27:0000001b
15852801ns          260946 1c008d68 00044503 lbu              x10, 0(x8)          x10=0000002e  x8:1c000041  PA:1c000041
15853100ns          260961 1c008d6c 00140413 addi             x8, x8, 1            x8=1c000042  x8:1c000041
15853120ns          260962 1c008d6e fe0514e3 bne              x10, x0, -24        x10:0000002e
15853199ns          260966 1c008d56 02500793 addi             x15, x0, 37         x15=00000025
15853219ns          260967 1c008d5a 04f50863 beq              x10, x15, 80        x10:0000002e x15:00000025
15853239ns          260968 1c008d5e 01a005b3 add              x11, x0, x26        x11=00000002 x26:00000002
15853259ns          260969 1c008d60 000b00e7 jalr             x1, x22, 0           x1=1c008d62 x22:1c008c6c
15853299ns          260971 1c008c6c 000026b7 lui              x13, 0x2000         x13=00002000
15853318ns          260972 1c008c6e f14027f3 csrrs            x15, x0, 0xf14      x15=00000003
15853338ns          260973 1c008c72 f8068693 addi             x13, x13, -128      x13=00001f80 x13:00002000
15853358ns          260974 1c008c76 00379713 slli             x14, x15, 0x3       x14=00000018 x15:00000003
15853378ns          260975 1c008c7a 00279793 slli             x15, x15, 0x2       x15=0000000c x15:00000003
15853398ns          260976 1c008c7c 00d7f7b3 and              x15, x15, x13       x15=00000000 x15:0000000c x13:00001f80
15853418ns          260977 1c008c7e ee873733 p.bclr           x14, x14, 23, 8     x14=00000018 x14:00000018
15853438ns          260978 1c008c82 1a10f6b7 lui              x13, 0x1a10f000     x13=1a10f000
15853458ns          260979 1c008c86 0ff57513 andi             x10, x10, 255       x10=0000002e x10:0000002e
15853478ns          260980 1c008c8a 00d70733 add              x14, x14, x13       x14=1a10f018 x14:00000018 x13:1a10f000
15853497ns          260981 1c008c8c 00a7e723 p.sw             x10, x0(x15)        x10:0000002e x15:00000000  PA:1a10f018
15853816ns          260997 1c008c90 00000513 addi             x10, x0, 0          x10=00000000
15853836ns          260998 1c008c92 00008067 jalr             x0, x1, 0            x1:1c008d62
15853895ns          261001 1c008d62 31f52563 p.beqimm         x10, 778            x10:00000000
15853915ns          261002 1c008d66 001d8d93 addi             x27, x27, 1         x27=0000001d x27:0000001c
15853935ns          261003 1c008d68 00044503 lbu              x10, 0(x8)          x10=0000002e  x8:1c000042  PA:1c000042
15854253ns          261019 1c008d6c 00140413 addi             x8, x8, 1            x8=1c000043  x8:1c000042
15854273ns          261020 1c008d6e fe0514e3 bne              x10, x0, -24        x10:0000002e
15854353ns          261024 1c008d56 02500793 addi             x15, x0, 37         x15=00000025
15854373ns          261025 1c008d5a 04f50863 beq              x10, x15, 80        x10:0000002e x15:00000025
15854393ns          261026 1c008d5e 01a005b3 add              x11, x0, x26        x11=00000002 x26:00000002
15854412ns          261027 1c008d60 000b00e7 jalr             x1, x22, 0           x1=1c008d62 x22:1c008c6c
15854452ns          261029 1c008c6c 000026b7 lui              x13, 0x2000         x13=00002000
15854472ns          261030 1c008c6e f14027f3 csrrs            x15, x0, 0xf14      x15=00000003
15854492ns          261031 1c008c72 f8068693 addi             x13, x13, -128      x13=00001f80 x13:00002000
15854512ns          261032 1c008c76 00379713 slli             x14, x15, 0x3       x14=00000018 x15:00000003
15854532ns          261033 1c008c7a 00279793 slli             x15, x15, 0x2       x15=0000000c x15:00000003
15854552ns          261034 1c008c7c 00d7f7b3 and              x15, x15, x13       x15=00000000 x15:0000000c x13:00001f80
15854572ns          261035 1c008c7e ee873733 p.bclr           x14, x14, 23, 8     x14=00000018 x14:00000018
15854591ns          261036 1c008c82 1a10f6b7 lui              x13, 0x1a10f000     x13=1a10f000
15854611ns          261037 1c008c86 0ff57513 andi             x10, x10, 255       x10=0000002e x10:0000002e
15854631ns          261038 1c008c8a 00d70733 add              x14, x14, x13       x14=1a10f018 x14:00000018 x13:1a10f000
15854651ns          261039 1c008c8c 00a7e723 p.sw             x10, x0(x15)        x10:0000002e x15:00000000  PA:1a10f018
15854969ns          261055 1c008c90 00000513 addi             x10, x0, 0          x10=00000000
15854989ns          261056 1c008c92 00008067 jalr             x0, x1, 0            x1:1c008d62
15855049ns          261059 1c008d62 31f52563 p.beqimm         x10, 778            x10:00000000
15855069ns          261060 1c008d66 001d8d93 addi             x27, x27, 1         x27=0000001e x27:0000001d
15855089ns          261061 1c008d68 00044503 lbu              x10, 0(x8)          x10=0000002e  x8:1c000043  PA:1c000043
15855387ns          261076 1c008d6c 00140413 addi             x8, x8, 1            x8=1c000044  x8:1c000043
15855407ns          261077 1c008d6e fe0514e3 bne              x10, x0, -24        x10:0000002e
15855487ns          261081 1c008d56 02500793 addi             x15, x0, 37         x15=00000025
15855506ns          261082 1c008d5a 04f50863 beq              x10, x15, 80        x10:0000002e x15:00000025
15855526ns          261083 1c008d5e 01a005b3 add              x11, x0, x26        x11=00000002 x26:00000002
15855546ns          261084 1c008d60 000b00e7 jalr             x1, x22, 0           x1=1c008d62 x22:1c008c6c
15855586ns          261086 1c008c6c 000026b7 lui              x13, 0x2000         x13=00002000
15855606ns          261087 1c008c6e f14027f3 csrrs            x15, x0, 0xf14      x15=00000003
15855626ns          261088 1c008c72 f8068693 addi             x13, x13, -128      x13=00001f80 x13:00002000
15855646ns          261089 1c008c76 00379713 slli             x14, x15, 0x3       x14=00000018 x15:00000003
15855666ns          261090 1c008c7a 00279793 slli             x15, x15, 0x2       x15=0000000c x15:00000003
15855685ns          261091 1c008c7c 00d7f7b3 and              x15, x15, x13       x15=00000000 x15:0000000c x13:00001f80
15855705ns          261092 1c008c7e ee873733 p.bclr           x14, x14, 23, 8     x14=00000018 x14:00000018
15855725ns          261093 1c008c82 1a10f6b7 lui              x13, 0x1a10f000     x13=1a10f000
15855745ns          261094 1c008c86 0ff57513 andi             x10, x10, 255       x10=0000002e x10:0000002e
15855765ns          261095 1c008c8a 00d70733 add              x14, x14, x13       x14=1a10f018 x14:00000018 x13:1a10f000
15855785ns          261096 1c008c8c 00a7e723 p.sw             x10, x0(x15)        x10:0000002e x15:00000000  PA:1a10f018
15856103ns          261112 1c008c90 00000513 addi             x10, x0, 0          x10=00000000
15856123ns          261113 1c008c92 00008067 jalr             x0, x1, 0            x1:1c008d62
15856183ns          261116 1c008d62 31f52563 p.beqimm         x10, 778            x10:00000000
15856203ns          261117 1c008d66 001d8d93 addi             x27, x27, 1         x27=0000001f x27:0000001e
15856222ns          261118 1c008d68 00044503 lbu              x10, 0(x8)          x10=00000020  x8:1c000044  PA:1c000044
15856521ns          261133 1c008d6c 00140413 addi             x8, x8, 1            x8=1c000045  x8:1c000044
15856541ns          261134 1c008d6e fe0514e3 bne              x10, x0, -24        x10:00000020
15856620ns          261138 1c008d56 02500793 addi             x15, x0, 37         x15=00000025
15856640ns          261139 1c008d5a 04f50863 beq              x10, x15, 80        x10:00000020 x15:00000025
15856660ns          261140 1c008d5e 01a005b3 add              x11, x0, x26        x11=00000002 x26:00000002
15856680ns          261141 1c008d60 000b00e7 jalr             x1, x22, 0           x1=1c008d62 x22:1c008c6c
15856720ns          261143 1c008c6c 000026b7 lui              x13, 0x2000         x13=00002000
15856740ns          261144 1c008c6e f14027f3 csrrs            x15, x0, 0xf14      x15=00000003
15856760ns          261145 1c008c72 f8068693 addi             x13, x13, -128      x13=00001f80 x13:00002000
15856779ns          261146 1c008c76 00379713 slli             x14, x15, 0x3       x14=00000018 x15:00000003
15856799ns          261147 1c008c7a 00279793 slli             x15, x15, 0x2       x15=0000000c x15:00000003
15856819ns          261148 1c008c7c 00d7f7b3 and              x15, x15, x13       x15=00000000 x15:0000000c x13:00001f80
15856839ns          261149 1c008c7e ee873733 p.bclr           x14, x14, 23, 8     x14=00000018 x14:00000018
15856859ns          261150 1c008c82 1a10f6b7 lui              x13, 0x1a10f000     x13=1a10f000
15856879ns          261151 1c008c86 0ff57513 andi             x10, x10, 255       x10=00000020 x10:00000020
15856899ns          261152 1c008c8a 00d70733 add              x14, x14, x13       x14=1a10f018 x14:00000018 x13:1a10f000
15856919ns          261153 1c008c8c 00a7e723 p.sw             x10, x0(x15)        x10:00000020 x15:00000000  PA:1a10f018
15857237ns          261169 1c008c90 00000513 addi             x10, x0, 0          x10=00000000
15857257ns          261170 1c008c92 00008067 jalr             x0, x1, 0            x1:1c008d62
15857316ns          261173 1c008d62 31f52563 p.beqimm         x10, 778            x10:00000000
15857336ns          261174 1c008d66 001d8d93 addi             x27, x27, 1         x27=00000020 x27:0000001f
15857356ns          261175 1c008d68 00044503 lbu              x10, 0(x8)          x10=00000028  x8:1c000045  PA:1c000045
15857655ns          261190 1c008d6c 00140413 addi             x8, x8, 1            x8=1c000046  x8:1c000045
15857674ns          261191 1c008d6e fe0514e3 bne              x10, x0, -24        x10:00000028
15857754ns          261195 1c008d56 02500793 addi             x15, x0, 37         x15=00000025
15857774ns          261196 1c008d5a 04f50863 beq              x10, x15, 80        x10:00000028 x15:00000025
15857794ns          261197 1c008d5e 01a005b3 add              x11, x0, x26        x11=00000002 x26:00000002
15857814ns          261198 1c008d60 000b00e7 jalr             x1, x22, 0           x1=1c008d62 x22:1c008c6c
15857854ns          261200 1c008c6c 000026b7 lui              x13, 0x2000         x13=00002000
15857873ns          261201 1c008c6e f14027f3 csrrs            x15, x0, 0xf14      x15=00000003
15857893ns          261202 1c008c72 f8068693 addi             x13, x13, -128      x13=00001f80 x13:00002000
15857913ns          261203 1c008c76 00379713 slli             x14, x15, 0x3       x14=00000018 x15:00000003
15857933ns          261204 1c008c7a 00279793 slli             x15, x15, 0x2       x15=0000000c x15:00000003
15857953ns          261205 1c008c7c 00d7f7b3 and              x15, x15, x13       x15=00000000 x15:0000000c x13:00001f80
15857973ns          261206 1c008c7e ee873733 p.bclr           x14, x14, 23, 8     x14=00000018 x14:00000018
15857993ns          261207 1c008c82 1a10f6b7 lui              x13, 0x1a10f000     x13=1a10f000
15858013ns          261208 1c008c86 0ff57513 andi             x10, x10, 255       x10=00000028 x10:00000028
15858033ns          261209 1c008c8a 00d70733 add              x14, x14, x13       x14=1a10f018 x14:00000018 x13:1a10f000
15858052ns          261210 1c008c8c 00a7e723 p.sw             x10, x0(x15)        x10:00000028 x15:00000000  PA:1a10f018
15858391ns          261227 1c008c90 00000513 addi             x10, x0, 0          x10=00000000
15858410ns          261228 1c008c92 00008067 jalr             x0, x1, 0            x1:1c008d62
15858470ns          261231 1c008d62 31f52563 p.beqimm         x10, 778            x10:00000000
15858490ns          261232 1c008d66 001d8d93 addi             x27, x27, 1         x27=00000021 x27:00000020
15858510ns          261233 1c008d68 00044503 lbu              x10, 0(x8)          x10=00000063  x8:1c000046  PA:1c000046
15858808ns          261248 1c008d6c 00140413 addi             x8, x8, 1            x8=1c000047  x8:1c000046
15858828ns          261249 1c008d6e fe0514e3 bne              x10, x0, -24        x10:00000063
15858908ns          261253 1c008d56 02500793 addi             x15, x0, 37         x15=00000025
15858928ns          261254 1c008d5a 04f50863 beq              x10, x15, 80        x10:00000063 x15:00000025
15858947ns          261255 1c008d5e 01a005b3 add              x11, x0, x26        x11=00000002 x26:00000002
15858967ns          261256 1c008d60 000b00e7 jalr             x1, x22, 0           x1=1c008d62 x22:1c008c6c
15859007ns          261258 1c008c6c 000026b7 lui              x13, 0x2000         x13=00002000
15859027ns          261259 1c008c6e f14027f3 csrrs            x15, x0, 0xf14      x15=00000003
15859047ns          261260 1c008c72 f8068693 addi             x13, x13, -128      x13=00001f80 x13:00002000
15859067ns          261261 1c008c76 00379713 slli             x14, x15, 0x3       x14=00000018 x15:00000003
15859087ns          261262 1c008c7a 00279793 slli             x15, x15, 0x2       x15=0000000c x15:00000003
15859107ns          261263 1c008c7c 00d7f7b3 and              x15, x15, x13       x15=00000000 x15:0000000c x13:00001f80
15859127ns          261264 1c008c7e ee873733 p.bclr           x14, x14, 23, 8     x14=00000018 x14:00000018
15859146ns          261265 1c008c82 1a10f6b7 lui              x13, 0x1a10f000     x13=1a10f000
15859166ns          261266 1c008c86 0ff57513 andi             x10, x10, 255       x10=00000063 x10:00000063
15859186ns          261267 1c008c8a 00d70733 add              x14, x14, x13       x14=1a10f018 x14:00000018 x13:1a10f000
15859206ns          261268 1c008c8c 00a7e723 p.sw             x10, x0(x15)        x10:00000063 x15:00000000  PA:1a10f018
15859544ns          261285 1c008c90 00000513 addi             x10, x0, 0          x10=00000000
15859564ns          261286 1c008c92 00008067 jalr             x0, x1, 0            x1:1c008d62
15859624ns          261289 1c008d62 31f52563 p.beqimm         x10, 778            x10:00000000
15859644ns          261290 1c008d66 001d8d93 addi             x27, x27, 1         x27=00000022 x27:00000021
15859664ns          261291 1c008d68 00044503 lbu              x10, 0(x8)          x10=0000006f  x8:1c000047  PA:1c000047
15859962ns          261306 1c008d6c 00140413 addi             x8, x8, 1            x8=1c000048  x8:1c000047
15859982ns          261307 1c008d6e fe0514e3 bne              x10, x0, -24        x10:0000006f
15860061ns          261311 1c008d56 02500793 addi             x15, x0, 37         x15=00000025
15860081ns          261312 1c008d5a 04f50863 beq              x10, x15, 80        x10:0000006f x15:00000025
15860101ns          261313 1c008d5e 01a005b3 add              x11, x0, x26        x11=00000002 x26:00000002
15860121ns          261314 1c008d60 000b00e7 jalr             x1, x22, 0           x1=1c008d62 x22:1c008c6c
15860161ns          261316 1c008c6c 000026b7 lui              x13, 0x2000         x13=00002000
15860181ns          261317 1c008c6e f14027f3 csrrs            x15, x0, 0xf14      x15=00000003
15860201ns          261318 1c008c72 f8068693 addi             x13, x13, -128      x13=00001f80 x13:00002000
15860221ns          261319 1c008c76 00379713 slli             x14, x15, 0x3       x14=00000018 x15:00000003
15860240ns          261320 1c008c7a 00279793 slli             x15, x15, 0x2       x15=0000000c x15:00000003
15860260ns          261321 1c008c7c 00d7f7b3 and              x15, x15, x13       x15=00000000 x15:0000000c x13:00001f80
15860280ns          261322 1c008c7e ee873733 p.bclr           x14, x14, 23, 8     x14=00000018 x14:00000018
15860300ns          261323 1c008c82 1a10f6b7 lui              x13, 0x1a10f000     x13=1a10f000
15860320ns          261324 1c008c86 0ff57513 andi             x10, x10, 255       x10=0000006f x10:0000006f
15860340ns          261325 1c008c8a 00d70733 add              x14, x14, x13       x14=1a10f018 x14:00000018 x13:1a10f000
15860360ns          261326 1c008c8c 00a7e723 p.sw             x10, x0(x15)        x10:0000006f x15:00000000  PA:1a10f018
15860678ns          261342 1c008c90 00000513 addi             x10, x0, 0          x10=00000000
15860698ns          261343 1c008c92 00008067 jalr             x0, x1, 0            x1:1c008d62
15860758ns          261346 1c008d62 31f52563 p.beqimm         x10, 778            x10:00000000
15860777ns          261347 1c008d66 001d8d93 addi             x27, x27, 1         x27=00000023 x27:00000022
15860797ns          261348 1c008d68 00044503 lbu              x10, 0(x8)          x10=00000072  x8:1c000048  PA:1c000048
15861096ns          261363 1c008d6c 00140413 addi             x8, x8, 1            x8=1c000049  x8:1c000048
15861116ns          261364 1c008d6e fe0514e3 bne              x10, x0, -24        x10:00000072
15861195ns          261368 1c008d56 02500793 addi             x15, x0, 37         x15=00000025
15861215ns          261369 1c008d5a 04f50863 beq              x10, x15, 80        x10:00000072 x15:00000025
15861235ns          261370 1c008d5e 01a005b3 add              x11, x0, x26        x11=00000002 x26:00000002
15861255ns          261371 1c008d60 000b00e7 jalr             x1, x22, 0           x1=1c008d62 x22:1c008c6c
15861295ns          261373 1c008c6c 000026b7 lui              x13, 0x2000         x13=00002000
15861314ns          261374 1c008c6e f14027f3 csrrs            x15, x0, 0xf14      x15=00000003
15861334ns          261375 1c008c72 f8068693 addi             x13, x13, -128      x13=00001f80 x13:00002000
15861354ns          261376 1c008c76 00379713 slli             x14, x15, 0x3       x14=00000018 x15:00000003
15861374ns          261377 1c008c7a 00279793 slli             x15, x15, 0x2       x15=0000000c x15:00000003
15861394ns          261378 1c008c7c 00d7f7b3 and              x15, x15, x13       x15=00000000 x15:0000000c x13:00001f80
15861414ns          261379 1c008c7e ee873733 p.bclr           x14, x14, 23, 8     x14=00000018 x14:00000018
15861434ns          261380 1c008c82 1a10f6b7 lui              x13, 0x1a10f000     x13=1a10f000
15861454ns          261381 1c008c86 0ff57513 andi             x10, x10, 255       x10=00000072 x10:00000072
15861474ns          261382 1c008c8a 00d70733 add              x14, x14, x13       x14=1a10f018 x14:00000018 x13:1a10f000
15861494ns          261383 1c008c8c 00a7e723 p.sw             x10, x0(x15)        x10:00000072 x15:00000000  PA:1a10f018
15861812ns          261399 1c008c90 00000513 addi             x10, x0, 0          x10=00000000
15861832ns          261400 1c008c92 00008067 jalr             x0, x1, 0            x1:1c008d62
15861891ns          261403 1c008d62 31f52563 p.beqimm         x10, 778            x10:00000000
15861911ns          261404 1c008d66 001d8d93 addi             x27, x27, 1         x27=00000024 x27:00000023
15861931ns          261405 1c008d68 00044503 lbu              x10, 0(x8)          x10=00000065  x8:1c000049  PA:1c000049
15862249ns          261421 1c008d6c 00140413 addi             x8, x8, 1            x8=1c00004a  x8:1c000049
15862269ns          261422 1c008d6e fe0514e3 bne              x10, x0, -24        x10:00000065
15862349ns          261426 1c008d56 02500793 addi             x15, x0, 37         x15=00000025
15862369ns          261427 1c008d5a 04f50863 beq              x10, x15, 80        x10:00000065 x15:00000025
15862389ns          261428 1c008d5e 01a005b3 add              x11, x0, x26        x11=00000002 x26:00000002
15862408ns          261429 1c008d60 000b00e7 jalr             x1, x22, 0           x1=1c008d62 x22:1c008c6c
15862448ns          261431 1c008c6c 000026b7 lui              x13, 0x2000         x13=00002000
15862468ns          261432 1c008c6e f14027f3 csrrs            x15, x0, 0xf14      x15=00000003
15862488ns          261433 1c008c72 f8068693 addi             x13, x13, -128      x13=00001f80 x13:00002000
15862508ns          261434 1c008c76 00379713 slli             x14, x15, 0x3       x14=00000018 x15:00000003
15862528ns          261435 1c008c7a 00279793 slli             x15, x15, 0x2       x15=0000000c x15:00000003
15862548ns          261436 1c008c7c 00d7f7b3 and              x15, x15, x13       x15=00000000 x15:0000000c x13:00001f80
15862568ns          261437 1c008c7e ee873733 p.bclr           x14, x14, 23, 8     x14=00000018 x14:00000018
15862588ns          261438 1c008c82 1a10f6b7 lui              x13, 0x1a10f000     x13=1a10f000
15862607ns          261439 1c008c86 0ff57513 andi             x10, x10, 255       x10=00000065 x10:00000065
15862627ns          261440 1c008c8a 00d70733 add              x14, x14, x13       x14=1a10f018 x14:00000018 x13:1a10f000
15862647ns          261441 1c008c8c 00a7e723 p.sw             x10, x0(x15)        x10:00000065 x15:00000000  PA:1a10f018
15862965ns          261457 1c008c90 00000513 addi             x10, x0, 0          x10=00000000
15862985ns          261458 1c008c92 00008067 jalr             x0, x1, 0            x1:1c008d62
15863045ns          261461 1c008d62 31f52563 p.beqimm         x10, 778            x10:00000000
15863065ns          261462 1c008d66 001d8d93 addi             x27, x27, 1         x27=00000025 x27:00000024
15863085ns          261463 1c008d68 00044503 lbu              x10, 0(x8)          x10=00000069  x8:1c00004a  PA:1c00004a
15863383ns          261478 1c008d6c 00140413 addi             x8, x8, 1            x8=1c00004b  x8:1c00004a
15863403ns          261479 1c008d6e fe0514e3 bne              x10, x0, -24        x10:00000069
15863483ns          261483 1c008d56 02500793 addi             x15, x0, 37         x15=00000025
15863502ns          261484 1c008d5a 04f50863 beq              x10, x15, 80        x10:00000069 x15:00000025
15863522ns          261485 1c008d5e 01a005b3 add              x11, x0, x26        x11=00000002 x26:00000002
15863542ns          261486 1c008d60 000b00e7 jalr             x1, x22, 0           x1=1c008d62 x22:1c008c6c
15863582ns          261488 1c008c6c 000026b7 lui              x13, 0x2000         x13=00002000
15863602ns          261489 1c008c6e f14027f3 csrrs            x15, x0, 0xf14      x15=00000003
15863622ns          261490 1c008c72 f8068693 addi             x13, x13, -128      x13=00001f80 x13:00002000
15863642ns          261491 1c008c76 00379713 slli             x14, x15, 0x3       x14=00000018 x15:00000003
15863662ns          261492 1c008c7a 00279793 slli             x15, x15, 0x2       x15=0000000c x15:00000003
15863681ns          261493 1c008c7c 00d7f7b3 and              x15, x15, x13       x15=00000000 x15:0000000c x13:00001f80
15863701ns          261494 1c008c7e ee873733 p.bclr           x14, x14, 23, 8     x14=00000018 x14:00000018
15863721ns          261495 1c008c82 1a10f6b7 lui              x13, 0x1a10f000     x13=1a10f000
15863741ns          261496 1c008c86 0ff57513 andi             x10, x10, 255       x10=00000069 x10:00000069
15863761ns          261497 1c008c8a 00d70733 add              x14, x14, x13       x14=1a10f018 x14:00000018 x13:1a10f000
15863781ns          261498 1c008c8c 00a7e723 p.sw             x10, x0(x15)        x10:00000069 x15:00000000  PA:1a10f018
15864099ns          261514 1c008c90 00000513 addi             x10, x0, 0          x10=00000000
15864119ns          261515 1c008c92 00008067 jalr             x0, x1, 0            x1:1c008d62
15864179ns          261518 1c008d62 31f52563 p.beqimm         x10, 778            x10:00000000
15864199ns          261519 1c008d66 001d8d93 addi             x27, x27, 1         x27=00000026 x27:00000025
15864219ns          261520 1c008d68 00044503 lbu              x10, 0(x8)          x10=00000064  x8:1c00004b  PA:1c00004b
15864517ns          261535 1c008d6c 00140413 addi             x8, x8, 1            x8=1c00004c  x8:1c00004b
15864537ns          261536 1c008d6e fe0514e3 bne              x10, x0, -24        x10:00000064
15864616ns          261540 1c008d56 02500793 addi             x15, x0, 37         x15=00000025
15864636ns          261541 1c008d5a 04f50863 beq              x10, x15, 80        x10:00000064 x15:00000025
15864656ns          261542 1c008d5e 01a005b3 add              x11, x0, x26        x11=00000002 x26:00000002
15864676ns          261543 1c008d60 000b00e7 jalr             x1, x22, 0           x1=1c008d62 x22:1c008c6c
15864716ns          261545 1c008c6c 000026b7 lui              x13, 0x2000         x13=00002000
15864736ns          261546 1c008c6e f14027f3 csrrs            x15, x0, 0xf14      x15=00000003
15864756ns          261547 1c008c72 f8068693 addi             x13, x13, -128      x13=00001f80 x13:00002000
15864775ns          261548 1c008c76 00379713 slli             x14, x15, 0x3       x14=00000018 x15:00000003
15864795ns          261549 1c008c7a 00279793 slli             x15, x15, 0x2       x15=0000000c x15:00000003
15864815ns          261550 1c008c7c 00d7f7b3 and              x15, x15, x13       x15=00000000 x15:0000000c x13:00001f80
15864835ns          261551 1c008c7e ee873733 p.bclr           x14, x14, 23, 8     x14=00000018 x14:00000018
15864855ns          261552 1c008c82 1a10f6b7 lui              x13, 0x1a10f000     x13=1a10f000
15864875ns          261553 1c008c86 0ff57513 andi             x10, x10, 255       x10=00000064 x10:00000064
15864895ns          261554 1c008c8a 00d70733 add              x14, x14, x13       x14=1a10f018 x14:00000018 x13:1a10f000
15864915ns          261555 1c008c8c 00a7e723 p.sw             x10, x0(x15)        x10:00000064 x15:00000000  PA:1a10f018
15865233ns          261571 1c008c90 00000513 addi             x10, x0, 0          x10=00000000
15865253ns          261572 1c008c92 00008067 jalr             x0, x1, 0            x1:1c008d62
15865313ns          261575 1c008d62 31f52563 p.beqimm         x10, 778            x10:00000000
15865332ns          261576 1c008d66 001d8d93 addi             x27, x27, 1         x27=00000027 x27:00000026
15865352ns          261577 1c008d68 00044503 lbu              x10, 0(x8)          x10=00000020  x8:1c00004c  PA:1c00004c
15865651ns          261592 1c008d6c 00140413 addi             x8, x8, 1            x8=1c00004d  x8:1c00004c
15865671ns          261593 1c008d6e fe0514e3 bne              x10, x0, -24        x10:00000020
15865750ns          261597 1c008d56 02500793 addi             x15, x0, 37         x15=00000025
15865770ns          261598 1c008d5a 04f50863 beq              x10, x15, 80        x10:00000020 x15:00000025
15865790ns          261599 1c008d5e 01a005b3 add              x11, x0, x26        x11=00000002 x26:00000002
15865810ns          261600 1c008d60 000b00e7 jalr             x1, x22, 0           x1=1c008d62 x22:1c008c6c
15865850ns          261602 1c008c6c 000026b7 lui              x13, 0x2000         x13=00002000
15865869ns          261603 1c008c6e f14027f3 csrrs            x15, x0, 0xf14      x15=00000003
15865889ns          261604 1c008c72 f8068693 addi             x13, x13, -128      x13=00001f80 x13:00002000
15865909ns          261605 1c008c76 00379713 slli             x14, x15, 0x3       x14=00000018 x15:00000003
15865929ns          261606 1c008c7a 00279793 slli             x15, x15, 0x2       x15=0000000c x15:00000003
15865949ns          261607 1c008c7c 00d7f7b3 and              x15, x15, x13       x15=00000000 x15:0000000c x13:00001f80
15865969ns          261608 1c008c7e ee873733 p.bclr           x14, x14, 23, 8     x14=00000018 x14:00000018
15865989ns          261609 1c008c82 1a10f6b7 lui              x13, 0x1a10f000     x13=1a10f000
15866009ns          261610 1c008c86 0ff57513 andi             x10, x10, 255       x10=00000020 x10:00000020
15866029ns          261611 1c008c8a 00d70733 add              x14, x14, x13       x14=1a10f018 x14:00000018 x13:1a10f000
15866048ns          261612 1c008c8c 00a7e723 p.sw             x10, x0(x15)        x10:00000020 x15:00000000  PA:1a10f018
15866387ns          261629 1c008c90 00000513 addi             x10, x0, 0          x10=00000000
15866407ns          261630 1c008c92 00008067 jalr             x0, x1, 0            x1:1c008d62
15866466ns          261633 1c008d62 31f52563 p.beqimm         x10, 778            x10:00000000
15866486ns          261634 1c008d66 001d8d93 addi             x27, x27, 1         x27=00000028 x27:00000027
15866506ns          261635 1c008d68 00044503 lbu              x10, 0(x8)          x10=0000003d  x8:1c00004d  PA:1c00004d
15866804ns          261650 1c008d6c 00140413 addi             x8, x8, 1            x8=1c00004e  x8:1c00004d
15866824ns          261651 1c008d6e fe0514e3 bne              x10, x0, -24        x10:0000003d
15866904ns          261655 1c008d56 02500793 addi             x15, x0, 37         x15=00000025
15866924ns          261656 1c008d5a 04f50863 beq              x10, x15, 80        x10:0000003d x15:00000025
15866944ns          261657 1c008d5e 01a005b3 add              x11, x0, x26        x11=00000002 x26:00000002
15866963ns          261658 1c008d60 000b00e7 jalr             x1, x22, 0           x1=1c008d62 x22:1c008c6c
15867003ns          261660 1c008c6c 000026b7 lui              x13, 0x2000         x13=00002000
15867023ns          261661 1c008c6e f14027f3 csrrs            x15, x0, 0xf14      x15=00000003
15867043ns          261662 1c008c72 f8068693 addi             x13, x13, -128      x13=00001f80 x13:00002000
15867063ns          261663 1c008c76 00379713 slli             x14, x15, 0x3       x14=00000018 x15:00000003
15867083ns          261664 1c008c7a 00279793 slli             x15, x15, 0x2       x15=0000000c x15:00000003
15867103ns          261665 1c008c7c 00d7f7b3 and              x15, x15, x13       x15=00000000 x15:0000000c x13:00001f80
15867123ns          261666 1c008c7e ee873733 p.bclr           x14, x14, 23, 8     x14=00000018 x14:00000018
15867142ns          261667 1c008c82 1a10f6b7 lui              x13, 0x1a10f000     x13=1a10f000
15867162ns          261668 1c008c86 0ff57513 andi             x10, x10, 255       x10=0000003d x10:0000003d
15867182ns          261669 1c008c8a 00d70733 add              x14, x14, x13       x14=1a10f018 x14:00000018 x13:1a10f000
15867202ns          261670 1c008c8c 00a7e723 p.sw             x10, x0(x15)        x10:0000003d x15:00000000  PA:1a10f018
15867540ns          261687 1c008c90 00000513 addi             x10, x0, 0          x10=00000000
15867560ns          261688 1c008c92 00008067 jalr             x0, x1, 0            x1:1c008d62
15867620ns          261691 1c008d62 31f52563 p.beqimm         x10, 778            x10:00000000
15867640ns          261692 1c008d66 001d8d93 addi             x27, x27, 1         x27=00000029 x27:00000028
15867660ns          261693 1c008d68 00044503 lbu              x10, 0(x8)          x10=00000020  x8:1c00004e  PA:1c00004e
15867958ns          261708 1c008d6c 00140413 addi             x8, x8, 1            x8=1c00004f  x8:1c00004e
15867978ns          261709 1c008d6e fe0514e3 bne              x10, x0, -24        x10:00000020
15868057ns          261713 1c008d56 02500793 addi             x15, x0, 37         x15=00000025
15868077ns          261714 1c008d5a 04f50863 beq              x10, x15, 80        x10:00000020 x15:00000025
15868097ns          261715 1c008d5e 01a005b3 add              x11, x0, x26        x11=00000002 x26:00000002
15868117ns          261716 1c008d60 000b00e7 jalr             x1, x22, 0           x1=1c008d62 x22:1c008c6c
15868157ns          261718 1c008c6c 000026b7 lui              x13, 0x2000         x13=00002000
15868177ns          261719 1c008c6e f14027f3 csrrs            x15, x0, 0xf14      x15=00000003
15868197ns          261720 1c008c72 f8068693 addi             x13, x13, -128      x13=00001f80 x13:00002000
15868217ns          261721 1c008c76 00379713 slli             x14, x15, 0x3       x14=00000018 x15:00000003
15868236ns          261722 1c008c7a 00279793 slli             x15, x15, 0x2       x15=0000000c x15:00000003
15868256ns          261723 1c008c7c 00d7f7b3 and              x15, x15, x13       x15=00000000 x15:0000000c x13:00001f80
15868276ns          261724 1c008c7e ee873733 p.bclr           x14, x14, 23, 8     x14=00000018 x14:00000018
15868296ns          261725 1c008c82 1a10f6b7 lui              x13, 0x1a10f000     x13=1a10f000
15868316ns          261726 1c008c86 0ff57513 andi             x10, x10, 255       x10=00000020 x10:00000020
15868336ns          261727 1c008c8a 00d70733 add              x14, x14, x13       x14=1a10f018 x14:00000018 x13:1a10f000
15868356ns          261728 1c008c8c 00a7e723 p.sw             x10, x0(x15)        x10:00000020 x15:00000000  PA:1a10f018
15868674ns          261744 1c008c90 00000513 addi             x10, x0, 0          x10=00000000
15868694ns          261745 1c008c92 00008067 jalr             x0, x1, 0            x1:1c008d62
15868754ns          261748 1c008d62 31f52563 p.beqimm         x10, 778            x10:00000000
15868774ns          261749 1c008d66 001d8d93 addi             x27, x27, 1         x27=0000002a x27:00000029
15868793ns          261750 1c008d68 00044503 lbu              x10, 0(x8)          x10=00000025  x8:1c00004f  PA:1c00004f
15869092ns          261765 1c008d6c 00140413 addi             x8, x8, 1            x8=1c000050  x8:1c00004f
15869112ns          261766 1c008d6e fe0514e3 bne              x10, x0, -24        x10:00000025
15869191ns          261770 1c008d56 02500793 addi             x15, x0, 37         x15=00000025
15869211ns          261771 1c008d5a 04f50863 beq              x10, x15, 80        x10:00000025 x15:00000025
15869291ns          261775 1c008daa 00044483 lbu              x9, 0(x8)            x9=00000064  x8:1c000050  PA:1c000050
15869589ns          261790 1c008dae 02000693 addi             x13, x0, 32         x13=00000020
15869609ns          261791 1c008db2 00140a93 addi             x21, x8, 1          x21=1c000051  x8:1c000050
15869629ns          261792 1c008db6 009005b3 add              x11, x0, x9         x11=00000064  x9:00000064
15869649ns          261793 1c008db8 0fcb8513 addi             x10, x23, 252       x10=1c0000fc x23:1c000000
15869669ns          261794 1c008dbc 00d12823 sw               x13, 16(x2)         x13:00000020  x2:10001cd8  PA:10001ce8
15869689ns          261795 1c008dbe 00012c23 sw               x0, 24(x2)           x2:10001cd8  PA:10001cf0
15869708ns          261796 1c008dc0 00012a23 sw               x0, 20(x2)           x2:10001cd8  PA:10001cec
15869728ns          261797 1c008dc2 00012e23 sw               x0, 28(x2)           x2:10001cd8  PA:10001cf4
15869748ns          261798 1c008dc4 00012623 sw               x0, 12(x2)           x2:10001cd8  PA:10001ce4
15869768ns          261799 1c008dc6 02300913 addi             x18, x0, 35         x18=00000023
15869788ns          261800 1c008dca 02d00a13 addi             x20, x0, 45         x20=0000002d
15869808ns          261801 1c008dce 015009b3 add              x19, x0, x21        x19=1c000051 x21:1c000051
15869848ns          261803 1c008dd0 e1dff0ef jal              x1, -484             x1=1c008dd2
15869927ns          261807 1c008bec 00054783 lbu              x15, 0(x10)         x15=0000002d x10:1c0000fc  PA:1c0000fc
15870265ns          261824 1c008bf0 0ff5f593 andi             x11, x11, 255       x11=00000064 x11:00000064
15870285ns          261825 1c008bf4 00b78c63 beq              x15, x11, 24        x15:0000002d x11:00000064
15870305ns          261826 1c008bf8 00078b63 beq              x15, x0, 22         x15:0000002d
15870325ns          261827 1c008bfa 00150793 addi             x15, x10, 1         x15=1c0000fd x10:1c0000fc
15870345ns          261828 1c008bfe 0040006f jal              x0, 4              
15870385ns          261830 1c008c02 00f00533 add              x10, x0, x15        x10=1c0000fd x15:1c0000fd
15870405ns          261831 1c008c04 0017c70b p.lbu            x14, 1(x15!)        x14=0000002b x15=1c0000fe x15:1c0000fd  PA:1c0000fd
15870723ns          261847 1c008c08 feb71ce3 bne              x14, x11, -8        x14:0000002b x11:00000064
15870782ns          261850 1c008c00 00070763 beq              x14, x0, 14         x14:0000002b
15870802ns          261851 1c008c02 00f00533 add              x10, x0, x15        x10=1c0000fe x15:1c0000fe
15870822ns          261852 1c008c04 0017c70b p.lbu            x14, 1(x15!)        x14=00000020 x15=1c0000ff x15:1c0000fe  PA:1c0000fe
15871141ns          261868 1c008c08 feb71ce3 bne              x14, x11, -8        x14:00000020 x11:00000064
15871200ns          261871 1c008c00 00070763 beq              x14, x0, 14         x14:00000020
15871220ns          261872 1c008c02 00f00533 add              x10, x0, x15        x10=1c0000ff x15:1c0000ff
15871240ns          261873 1c008c04 0017c70b p.lbu            x14, 1(x15!)        x14=00000023 x15=1c000100 x15:1c0000ff  PA:1c0000ff
15871578ns          261890 1c008c08 feb71ce3 bne              x14, x11, -8        x14:00000023 x11:00000064
15871638ns          261893 1c008c00 00070763 beq              x14, x0, 14         x14:00000023
15871658ns          261894 1c008c02 00f00533 add              x10, x0, x15        x10=1c000100 x15:1c000100
15871678ns          261895 1c008c04 0017c70b p.lbu            x14, 1(x15!)        x14=00000030 x15=1c000101 x15:1c000100  PA:1c000100
15872016ns          261912 1c008c08 feb71ce3 bne              x14, x11, -8        x14:00000030 x11:00000064
15872075ns          261915 1c008c00 00070763 beq              x14, x0, 14         x14:00000030
15872095ns          261916 1c008c02 00f00533 add              x10, x0, x15        x10=1c000101 x15:1c000101
15872115ns          261917 1c008c04 0017c70b p.lbu            x14, 1(x15!)        x14=00000000 x15=1c000102 x15:1c000101  PA:1c000101
15872433ns          261933 1c008c08 feb71ce3 bne              x14, x11, -8        x14:00000000 x11:00000064
15872493ns          261936 1c008c00 00070763 beq              x14, x0, 14         x14:00000000
15872573ns          261940 1c008c0e 0015b593 sltiu            x11, x11, 1         x11=00000000 x11:00000064
15872593ns          261941 1c008c12 40b005b3 sub              x11, x0, x11        x11=00000000 x11:00000000
15872612ns          261942 1c008c16 00b57533 and              x10, x10, x11       x10=00000000 x10:1c000101 x11:00000000
15872632ns          261943 1c008c18 00008067 jalr             x0, x1, 0            x1:1c008dd2
15872732ns          261948 1c008dd2 02050a63 beq              x10, x0, 52         x10:00000000
15872811ns          261952 1c008e06 02a00613 addi             x12, x0, 42         x12=0000002a
15872831ns          261953 1c008e0a 2ac48663 beq              x9, x12, 684         x9:00000064 x12:0000002a
15872851ns          261954 1c008e0e fd048613 addi             x12, x9, -48        x12=00000034  x9:00000064
15872871ns          261955 1c008e12 00900593 addi             x11, x0, 9          x11=00000009
15872891ns          261956 1c008e14 00000913 addi             x18, x0, 0          x18=00000000
15872911ns          261957 1c008e16 28c5f063 bgeu             x11, x12, 640       x11:00000009 x12:00000034
15872931ns          261958 1c008e1a 02e00693 addi             x13, x0, 46         x13=0000002e
15872951ns          261959 1c008e1e fff00a13 addi             x20, x0, -1         x20=ffffffff
15872970ns          261960 1c008e20 2ed48363 beq              x9, x13, 742         x9:00000064 x13:0000002e
15872990ns          261961 1c008e24 1c0007b7 lui              x15, 0x1c000000     x15=1c000000
15873010ns          261962 1c008e28 009005b3 add              x11, x0, x9         x11=00000064  x9:00000064
15873030ns          261963 1c008e2a 10478513 addi             x10, x15, 260       x10=1c000104 x15:1c000000
15873050ns          261964 1c008e2e dbfff0ef jal              x1, -578             x1=1c008e30
15873090ns          261966 1c008bec 00054783 lbu              x15, 0(x10)         x15=00000068 x10:1c000104  PA:1c000104
15873408ns          261982 1c008bf0 0ff5f593 andi             x11, x11, 255       x11=00000064 x11:00000064
15873428ns          261983 1c008bf4 00b78c63 beq              x15, x11, 24        x15:00000068 x11:00000064
15873448ns          261984 1c008bf8 00078b63 beq              x15, x0, 22         x15:00000068
15873468ns          261985 1c008bfa 00150793 addi             x15, x10, 1         x15=1c000105 x10:1c000104
15873488ns          261986 1c008bfe 0040006f jal              x0, 4              
15873527ns          261988 1c008c02 00f00533 add              x10, x0, x15        x10=1c000105 x15:1c000105
15873547ns          261989 1c008c04 0017c70b p.lbu            x14, 1(x15!)        x14=0000006c x15=1c000106 x15:1c000105  PA:1c000105
15873866ns          262005 1c008c08 feb71ce3 bne              x14, x11, -8        x14:0000006c x11:00000064
15873925ns          262008 1c008c00 00070763 beq              x14, x0, 14         x14:0000006c
15873945ns          262009 1c008c02 00f00533 add              x10, x0, x15        x10=1c000106 x15:1c000106
15873965ns          262010 1c008c04 0017c70b p.lbu            x14, 1(x15!)        x14=0000004c x15=1c000107 x15:1c000106  PA:1c000106
15874303ns          262027 1c008c08 feb71ce3 bne              x14, x11, -8        x14:0000004c x11:00000064
15874363ns          262030 1c008c00 00070763 beq              x14, x0, 14         x14:0000004c
15874383ns          262031 1c008c02 00f00533 add              x10, x0, x15        x10=1c000107 x15:1c000107
15874403ns          262032 1c008c04 0017c70b p.lbu            x14, 1(x15!)        x14=0000007a x15=1c000108 x15:1c000107  PA:1c000107
15874721ns          262048 1c008c08 feb71ce3 bne              x14, x11, -8        x14:0000007a x11:00000064
15874781ns          262051 1c008c00 00070763 beq              x14, x0, 14         x14:0000007a
15874800ns          262052 1c008c02 00f00533 add              x10, x0, x15        x10=1c000108 x15:1c000108
15874820ns          262053 1c008c04 0017c70b p.lbu            x14, 1(x15!)        x14=00000000 x15=1c000109 x15:1c000108  PA:1c000108
15875139ns          262069 1c008c08 feb71ce3 bne              x14, x11, -8        x14:00000000 x11:00000064
15875198ns          262072 1c008c00 00070763 beq              x14, x0, 14         x14:00000000
15875278ns          262076 1c008c0e 0015b593 sltiu            x11, x11, 1         x11=00000000 x11:00000064
15875298ns          262077 1c008c12 40b005b3 sub              x11, x0, x11        x11=00000000 x11:00000000
15875318ns          262078 1c008c16 00b57533 and              x10, x10, x11       x10=00000000 x10:1c000108 x11:00000000
15875337ns          262079 1c008c18 00008067 jalr             x0, x1, 0            x1:1c008e30
15875377ns          262081 1c008e30 01300433 add              x8, x0, x19          x8=1c000051 x19:1c000051
15875397ns          262082 1c008e32 00050563 beq              x10, x0, 10         x10:00000000
15875457ns          262085 1c008e3c 06700693 addi             x13, x0, 103        x13=00000067
15875516ns          262088 1c008e40 2896d963 bge              x13, x9, 658        x13:00000067  x9:00000064
15875656ns          262095 1c0090d2 06500693 addi             x13, x0, 101        x13=00000065
15875676ns          262096 1c0090d6 12d4d563 bge              x9, x13, 298         x9:00000064 x13:00000065
15875696ns          262097 1c0090da 04700693 addi             x13, x0, 71         x13=00000047
15875755ns          262100 1c0090de dc96cbe3 blt              x13, x9, -554       x13:00000047  x9:00000064
15875815ns          262103 1c008eb4 06300693 addi             x13, x0, 99         x13=00000063
15875835ns          262104 1c008eb8 0ad488e3 beq              x9, x13, 2224        x9:00000064 x13:00000063
15875855ns          262105 1c008ebc 0096c9e3 blt              x13, x9, 2066       x13:00000063  x9:00000064
15875974ns          262111 1c0096ce 000c2583 lw               x11, 0(x24)         x11=00000003 x24:10001e30  PA:10001e30
15875994ns          262112 1c0096d2 004c0c13 addi             x24, x24, 4         x24=10001e34 x24:10001e30
15876014ns          262113 1c0096d4 3405cc63 blt              x11, x0, 856        x11:00000003
15876034ns          262114 1c0096d8 01412603 lw               x12, 20(x2)         x12=00000000  x2:10001cd8  PA:10001cec
15876054ns          262115 1c0096da 00b006b3 add              x13, x0, x11        x13=00000003 x11:00000003
15876073ns          262116 1c0096dc 2e061863 bne              x12, x0, 752        x12:00000000
15876093ns          262117 1c0096e0 01812703 lw               x14, 24(x2)         x14=00000000  x2:10001cd8  PA:10001cf0
15876113ns          262118 1c0096e2 019007b3 add              x15, x0, x25        x15=10001cfc x25:10001cfc
15876133ns          262119 1c0096e4 00070763 beq              x14, x0, 14         x14:00000000
15876233ns          262124 1c0096f2 00f00733 add              x14, x0, x15        x14=10001cfc x15:10001cfc
15876272ns          262126 1c0096f4 00a00513 addi             x10, x0, 10         x10=0000000a
15876292ns          262127 1c0096f6 02a6f633 remu             x12, x13, x10       x12=00000003 x13:00000003 x10:0000000a
15876909ns          262158 1c0096fa 02a6d6b3 divu             x13, x13, x10       x13=00000000 x13:00000003 x10:0000000a
15877525ns          262189 1c0096fe 03060613 addi             x12, x12, 48        x12=00000033 x12:00000003
15877545ns          262190 1c009702 00c700ab p.sb             x12, 1(x14!)        x14=10001cfd x12:00000033 x14:10001cfc  PA:10001cfc
15877565ns          262191 1c009706 fe0698e3 bne              x13, x0, -16        x13:00000000
15877585ns          262192 1c009708 40f706b3 sub              x13, x14, x15       x13=00000001 x14:10001cfd x15:10001cfc
15877605ns          262193 1c00970c 0146dc63 bge              x13, x20, 24        x13:00000001 x20:ffffffff
15877704ns          262198 1c009724 00e006b3 add              x13, x0, x14        x13=10001cfd x14:10001cfd
15877744ns          262200 1c009726 fe068fab p.sb             x0, -1(x13!)        x13=10001cfc x13:10001cfd  PA:10001cfd
15877764ns          262201 1c00972a 00d7fc63 bgeu             x15, x13, 24        x15:10001cfc x13:10001cfc
15877824ns          262204 1c009742 01412783 lw               x15, 20(x2)         x15=00000000  x2:10001cd8  PA:10001cec
15877844ns          262205 1c009744 01812603 lw               x12, 24(x2)         x12=00000000  x2:10001cd8  PA:10001cf0
15877864ns          262206 1c009746 419704b3 sub              x9, x14, x25         x9=00000001 x14:10001cfd x25:10001cfc
15877883ns          262207 1c00974a 00c7e7b3 or               x15, x15, x12       x15=00000000 x15:00000000 x12:00000000
15877903ns          262208 1c00974c 00f12623 sw               x15, 12(x2)         x15:00000000  x2:10001cd8  PA:10001ce4
15877923ns          262209 1c00974e 00079363 bne              x15, x0, 6          x15:00000000
15877943ns          262210 1c009750 01f5d593 srli             x11, x11, 0x1f      x11=00000000 x11:00000003
15877963ns          262211 1c009752 00b12623 sw               x11, 12(x2)         x11:00000000  x2:10001cd8  PA:10001ce4
15877983ns          262212 1c009754 e3fa28e3 p.beqimm         x20, -464           x20:ffffffff
15878043ns          262215 1c009584 0c800793 addi             x15, x0, 200        x15=000000c8
15878063ns          262216 1c009588 9e97d0e3 bge              x15, x9, -1568      x15:000000c8  x9:00000001
15878222ns          262224 1c008f68 0f24d163 bge              x9, x18, 226         x9:00000001 x18:00000000
15878361ns          262231 1c00904a d00482e3 beq              x9, x0, -764         x9:00000001
15878381ns          262232 1c00904e 01900933 add              x18, x0, x25        x18=10001cfc x25:10001cfc
15878401ns          262233 1c009050 419d8db3 sub              x27, x27, x25       x27=efffe32e x27:0000002a x25:10001cfc
15878421ns          262234 1c009054 00a0006f jal              x0, 10             
15878520ns          262239 1c00905e 0019450b p.lbu            x10, 1(x18!)        x10=00000033 x18=10001cfd x18:10001cfc  PA:10001cfc
15878540ns          262240 1c009062 01a005b3 add              x11, x0, x26        x11=00000002 x26:00000002
15878560ns          262241 1c009064 000b00e7 jalr             x1, x22, 0           x1=1c009066 x22:1c008c6c
15878639ns          262245 1c008c6c 000026b7 lui              x13, 0x2000         x13=00002000
15878679ns          262247 1c008c6e f14027f3 csrrs            x15, x0, 0xf14      x15=00000003
15878699ns          262248 1c008c72 f8068693 addi             x13, x13, -128      x13=00001f80 x13:00002000
15878719ns          262249 1c008c76 00379713 slli             x14, x15, 0x3       x14=00000018 x15:00000003
15878739ns          262250 1c008c7a 00279793 slli             x15, x15, 0x2       x15=0000000c x15:00000003
15878759ns          262251 1c008c7c 00d7f7b3 and              x15, x15, x13       x15=00000000 x15:0000000c x13:00001f80
15878779ns          262252 1c008c7e ee873733 p.bclr           x14, x14, 23, 8     x14=00000018 x14:00000018
15878798ns          262253 1c008c82 1a10f6b7 lui              x13, 0x1a10f000     x13=1a10f000
15878818ns          262254 1c008c86 0ff57513 andi             x10, x10, 255       x10=00000033 x10:00000033
15878838ns          262255 1c008c8a 00d70733 add              x14, x14, x13       x14=1a10f018 x14:00000018 x13:1a10f000
15878858ns          262256 1c008c8c 00a7e723 p.sw             x10, x0(x15)        x10:00000033 x15:00000000  PA:1a10f018
15879176ns          262272 1c008c90 00000513 addi             x10, x0, 0          x10=00000000
15879196ns          262273 1c008c92 00008067 jalr             x0, x1, 0            x1:1c009066
15879236ns          262275 1c009066 fff48493 addi             x9, x9, -1           x9=00000000  x9:00000001
15879256ns          262276 1c009068 fff537e3 p.bneimm         x10, -18            x10:00000000
15879395ns          262283 1c009056 012d8733 add              x14, x27, x18       x14=0000002b x27:efffe32e x18:10001cfd
15879415ns          262284 1c00905a 5a048b63 beq              x9, x0, 1462         x9:00000000
15879475ns          262287 1c009610 00e00db3 add              x27, x0, x14        x27=0000002b x14:0000002b
15879495ns          262288 1c009612 f3cff06f jal              x0, -2244          
15879654ns          262296 1c008d4e 00044503 lbu              x10, 0(x8)          x10=00000029  x8:1c000051  PA:1c000051
15879952ns          262311 1c008d52 00140413 addi             x8, x8, 1            x8=1c000052  x8:1c000051
15879972ns          262312 1c008d54 00050e63 beq              x10, x0, 28         x10:00000029
15879992ns          262313 1c008d56 02500793 addi             x15, x0, 37         x15=00000025
15880012ns          262314 1c008d5a 04f50863 beq              x10, x15, 80        x10:00000029 x15:00000025
15880032ns          262315 1c008d5e 01a005b3 add              x11, x0, x26        x11=00000002 x26:00000002
15880052ns          262316 1c008d60 000b00e7 jalr             x1, x22, 0           x1=1c008d62 x22:1c008c6c
15880091ns          262318 1c008c6c 000026b7 lui              x13, 0x2000         x13=00002000
15880111ns          262319 1c008c6e f14027f3 csrrs            x15, x0, 0xf14      x15=00000003
15880131ns          262320 1c008c72 f8068693 addi             x13, x13, -128      x13=00001f80 x13:00002000
15880151ns          262321 1c008c76 00379713 slli             x14, x15, 0x3       x14=00000018 x15:00000003
15880171ns          262322 1c008c7a 00279793 slli             x15, x15, 0x2       x15=0000000c x15:00000003
15880191ns          262323 1c008c7c 00d7f7b3 and              x15, x15, x13       x15=00000000 x15:0000000c x13:00001f80
15880211ns          262324 1c008c7e ee873733 p.bclr           x14, x14, 23, 8     x14=00000018 x14:00000018
15880231ns          262325 1c008c82 1a10f6b7 lui              x13, 0x1a10f000     x13=1a10f000
15880250ns          262326 1c008c86 0ff57513 andi             x10, x10, 255       x10=00000029 x10:00000029
15880270ns          262327 1c008c8a 00d70733 add              x14, x14, x13       x14=1a10f018 x14:00000018 x13:1a10f000
15880290ns          262328 1c008c8c 00a7e723 p.sw             x10, x0(x15)        x10:00000029 x15:00000000  PA:1a10f018
15880609ns          262344 1c008c90 00000513 addi             x10, x0, 0          x10=00000000
15880628ns          262345 1c008c92 00008067 jalr             x0, x1, 0            x1:1c008d62
15880688ns          262348 1c008d62 31f52563 p.beqimm         x10, 778            x10:00000000
15880708ns          262349 1c008d66 001d8d93 addi             x27, x27, 1         x27=0000002c x27:0000002b
15880728ns          262350 1c008d68 00044503 lbu              x10, 0(x8)          x10=0000000a  x8:1c000052  PA:1c000052
15881046ns          262366 1c008d6c 00140413 addi             x8, x8, 1            x8=1c000053  x8:1c000052
15881066ns          262367 1c008d6e fe0514e3 bne              x10, x0, -24        x10:0000000a
15881146ns          262371 1c008d56 02500793 addi             x15, x0, 37         x15=00000025
15881165ns          262372 1c008d5a 04f50863 beq              x10, x15, 80        x10:0000000a x15:00000025
15881185ns          262373 1c008d5e 01a005b3 add              x11, x0, x26        x11=00000002 x26:00000002
15881205ns          262374 1c008d60 000b00e7 jalr             x1, x22, 0           x1=1c008d62 x22:1c008c6c
15881245ns          262376 1c008c6c 000026b7 lui              x13, 0x2000         x13=00002000
15881265ns          262377 1c008c6e f14027f3 csrrs            x15, x0, 0xf14      x15=00000003
15881285ns          262378 1c008c72 f8068693 addi             x13, x13, -128      x13=00001f80 x13:00002000
15881305ns          262379 1c008c76 00379713 slli             x14, x15, 0x3       x14=00000018 x15:00000003
15881325ns          262380 1c008c7a 00279793 slli             x15, x15, 0x2       x15=0000000c x15:00000003
15881344ns          262381 1c008c7c 00d7f7b3 and              x15, x15, x13       x15=00000000 x15:0000000c x13:00001f80
15881364ns          262382 1c008c7e ee873733 p.bclr           x14, x14, 23, 8     x14=00000018 x14:00000018
15881384ns          262383 1c008c82 1a10f6b7 lui              x13, 0x1a10f000     x13=1a10f000
15881404ns          262384 1c008c86 0ff57513 andi             x10, x10, 255       x10=0000000a x10:0000000a
15881424ns          262385 1c008c8a 00d70733 add              x14, x14, x13       x14=1a10f018 x14:00000018 x13:1a10f000
15881444ns          262386 1c008c8c 00a7e723 p.sw             x10, x0(x15)        x10:0000000a x15:00000000  PA:1a10f018
15881762ns          262402 1c008c90 00000513 addi             x10, x0, 0          x10=00000000
15881782ns          262403 1c008c92 00008067 jalr             x0, x1, 0            x1:1c008d62
15881842ns          262406 1c008d62 31f52563 p.beqimm         x10, 778            x10:00000000
15881862ns          262407 1c008d66 001d8d93 addi             x27, x27, 1         x27=0000002d x27:0000002c
15881882ns          262408 1c008d68 00044503 lbu              x10, 0(x8)          x10=00000000  x8:1c000053  PA:1c000053
15882200ns          262424 1c008d6c 00140413 addi             x8, x8, 1            x8=1c000054  x8:1c000053
15882220ns          262425 1c008d6e fe0514e3 bne              x10, x0, -24        x10:00000000
15882240ns          262426 1c008d70 01b00433 add              x8, x0, x27          x8=0000002d x27:0000002d
15882259ns          262427 1c008d72 00800533 add              x10, x0, x8         x10=0000002d  x8:0000002d
15882279ns          262428 1c008d74 12c12083 lw               x1, 300(x2)          x1=1c008d00  x2:10001cd8  PA:10001e04
15882299ns          262429 1c008d78 12812403 lw               x8, 296(x2)          x8=xxxxxxxx  x2:10001cd8  PA:10001e00
15882319ns          262430 1c008d7c 12412483 lw               x9, 292(x2)          x9=00000003  x2:10001cd8  PA:10001dfc
15882438ns          262436 1c008d80 12012903 lw               x18, 288(x2)        x18=xxxxxxxx  x2:10001cd8  PA:10001df8
15882478ns          262438 1c008d84 11c12983 lw               x19, 284(x2)        x19=xxxxxxxx  x2:10001cd8  PA:10001df4
15882498ns          262439 1c008d88 11812a03 lw               x20, 280(x2)        x20=xxxxxxxx  x2:10001cd8  PA:10001df0
15882518ns          262440 1c008d8c 11412a83 lw               x21, 276(x2)        x21=xxxxxxxx  x2:10001cd8  PA:10001dec
15882956ns          262462 1c008d90 11012b03 lw               x22, 272(x2)        x22=xxxxxxxx  x2:10001cd8  PA:10001de8
15882995ns          262464 1c008d94 10c12b83 lw               x23, 268(x2)        x23=xxxxxxxx  x2:10001cd8  PA:10001de4
15883015ns          262465 1c008d98 10812c03 lw               x24, 264(x2)        x24=xxxxxxxx  x2:10001cd8  PA:10001de0
15883035ns          262466 1c008d9c 10412c83 lw               x25, 260(x2)        x25=xxxxxxxx  x2:10001cd8  PA:10001ddc
15883095ns          262469 1c008da0 10012d03 lw               x26, 256(x2)        x26=xxxxxxxx  x2:10001cd8  PA:10001dd8
15883135ns          262471 1c008da4 0fc12d83 lw               x27, 252(x2)        x27=xxxxxxxx  x2:10001cd8  PA:10001dd4
15883155ns          262472 1c008da6 13010113 addi             x2, x2, 304          x2=10001e08  x2:10001cd8
15883174ns          262473 1c008da8 00008067 jalr             x0, x1, 0            x1:1c008d00
15883254ns          262477 1c008d00 01c12083 lw               x1, 28(x2)           x1=1c00817c  x2:10001e08  PA:10001e24
15883274ns          262478 1c008d02 04010113 addi             x2, x2, 64           x2=10001e48  x2:10001e08
15883314ns          262480 1c008d04 00008067 jalr             x0, x1, 0            x1:1c00817c
15883791ns          262504 1c00817c 00300793 addi             x15, x0, 3          x15=00000003
15884268ns          262528 1c00817e 0097f463 bgeu             x15, x9, 8          x15:00000003  x9:00000003
15884348ns          262532 1c008186 709010ef jal              x1, 7944             x1=1c00818a
15885263ns          262578 1c00a08e f14027f3 csrrs            x15, x0, 0xf14      x15=00000003
15885283ns          262579 1c00a092 01f00713 addi             x14, x0, 31         x14=0000001f
15885303ns          262580 1c00a094 ca5797b3 p.extractu       x15, x15, 5, 5      x15=00000000 x15:00000003
15885323ns          262581 1c00a098 00e78863 beq              x15, x14, 16        x15:00000000 x14:0000001f
15885343ns          262582 1c00a09c 002047b7 lui              x15, 0x204000       x15=00204000
15885760ns          262603 1c00a0a0 20078793 addi             x15, x15, 512       x15=00204200 x15:00204000
15885800ns          262605 1c00a0a4 01c7e703 p.elw            x14, 28(x15)        x14=00010000 x15:00204200  PA:0020421c
15885939ns          262612 1c00a0a8 00008067 jalr             x0, x1, 0            x1:1c00818a
15886357ns          262633 1c00818a f14027f3 csrrs            x15, x0, 0xf14      x15=00000003
15886814ns          262656 1c00818e f457b7b3 p.bclr           x15, x15, 26, 5     x15=00000003 x15:00000003
15886854ns          262658 1c008192 28078863 beq              x15, x0, 656        x15:00000003
15886874ns          262659 1c008196 1c010537 lui              x10, 0x1c010000     x10=1c010000
15886894ns          262660 1c00819a 06400793 addi             x15, x0, 100        x15=00000064
15887391ns          262685 1c00819e 00050513 addi             x10, x10, 0         x10=1c010000 x10:1c010000
15887431ns          262687 1c0081a2 00249913 slli             x18, x9, 0x2        x18=0000000c  x9:00000003
15887451ns          262688 1c0081a6 02f487b3 mul              x15, x9, x15        x15=0000012c  x9:00000003 x15:00000064
15887471ns          262689 1c0081aa 00279793 slli             x15, x15, 0x2       x15=000004b0 x15:0000012c
15887491ns          262690 1c0081ac 01050613 addi             x12, x10, 16        x12=1c010010 x10:1c010000
15887908ns          262711 1c0081b0 65050693 addi             x13, x10, 1616      x13=1c010650 x10:1c010000
15887948ns          262713 1c0081b4 21257503 lw               x10, x18(x10)       x10=42adda75 x18:0000000c x10:1c010000  PA:1c01000c
15888306ns          262731 1c0081b8 00f60633 add              x12, x12, x15       x12=1c0104c0 x12:1c010010 x15:000004b0
15888326ns          262732 1c0081ba 00f686b3 add              x13, x13, x15       x13=1c010b00 x13:1c010650 x15:000004b0
15888346ns          262733 1c0081bc 00200433 add              x8, x0, x2           x8=10001e48  x2:10001e48
15888505ns          262741 1c0081be 064450fb lp.setupi        0x1, 0x64, 0x8     
15888545ns          262743 1c0081c2 0046278b p.lw             x15, 4(x12!)        x15=42069057 x12=1c0104c4 x12:1c0104c0  PA:1c0104c0
15888863ns          262759 1c0081c6 0046a58b p.lw             x11, 4(x13!)        x11=42a3d9fe x13=1c010b04 x13:1c010b00  PA:1c010b00
15889181ns          262775 1c0081ca 58f577c3 fmadd.s          f15, f10, f15, f11  f15=xxxxxxxx f10:42adda75 f15:42069057 f11:42a3d9fe
15889201ns          262776 1c0081ce 00f4222b p.sw             x15, 4(x8!)          x8=10001e4c x15:453be38e  x8:10001e48  PA:10001e48
15889221ns          262777 1c0081c2 0046278b p.lw             x15, 4(x12!)        x15=42839aa0 x12=1c0104c8 x12:1c0104c4  PA:1c0104c4
15889520ns          262792 1c0081c6 0046a58b p.lw             x11, 4(x13!)        x11=4127593b x13=1c010b08 x13:1c010b04  PA:1c010b04
15889838ns          262808 1c0081ca 58f577c3 fmadd.s          f15, f10, f15, f11  f15=xxxxxxxx f10:42adda75 f15:42839aa0 f11:4127593b
15889858ns          262809 1c0081ce 00f4222b p.sw             x15, 4(x8!)          x8=10001e50 x15:45b31345  x8:10001e4c  PA:10001e4c
15889878ns          262810 1c0081c2 0046278b p.lw             x15, 4(x12!)        x15=3fafbec4 x12=1c0104cc x12:1c0104c8  PA:1c0104c8
15890196ns          262826 1c0081c6 0046a58b p.lw             x11, 4(x13!)        x11=42b534a2 x13=1c010b0c x13:1c010b08  PA:1c010b08
15890514ns          262842 1c0081ca 58f577c3 fmadd.s          f15, f10, f15, f11  f15=xxxxxxxx f10:42adda75 f15:3fafbec4 f11:42b534a2
15890534ns          262843 1c0081ce 00f4222b p.sw             x15, 4(x8!)          x8=10001e54 x15:4351f434  x8:10001e50  PA:10001e50
15890554ns          262844 1c0081c2 0046278b p.lw             x15, 4(x12!)        x15=4234b9f6 x12=1c0104d0 x12:1c0104cc  PA:1c0104cc
15890852ns          262859 1c0081c6 0046a58b p.lw             x11, 4(x13!)        x11=413481de x13=1c010b10 x13:1c010b0c  PA:1c010b0c
15891171ns          262875 1c0081ca 58f577c3 fmadd.s          f15, f10, f15, f11  f15=xxxxxxxx f10:42adda75 f15:4234b9f6 f11:413481de
15891190ns          262876 1c0081ce 00f4222b p.sw             x15, 4(x8!)          x8=10001e58 x15:45762c4a  x8:10001e54  PA:10001e54
15891210ns          262877 1c0081c2 0046278b p.lw             x15, 4(x12!)        x15=41a7c1f3 x12=1c0104d4 x12:1c0104d0  PA:1c0104d0
15891529ns          262893 1c0081c6 0046a58b p.lw             x11, 4(x13!)        x11=3f8b3c54 x13=1c010b14 x13:1c010b10  PA:1c010b10
15891847ns          262909 1c0081ca 58f577c3 fmadd.s          f15, f10, f15, f11  f15=xxxxxxxx f10:42adda75 f15:41a7c1f3 f11:3f8b3c54
15891867ns          262910 1c0081ce 00f4222b p.sw             x15, 4(x8!)          x8=10001e5c x15:44e3fd41  x8:10001e58  PA:10001e58
15891887ns          262911 1c0081c2 0046278b p.lw             x15, 4(x12!)        x15=40c33d01 x12=1c0104d8 x12:1c0104d4  PA:1c0104d4
15892185ns          262926 1c0081c6 0046a58b p.lw             x11, 4(x13!)        x11=42934e69 x13=1c010b18 x13:1c010b14  PA:1c010b14
15892503ns          262942 1c0081ca 58f577c3 fmadd.s          f15, f10, f15, f11  f15=xxxxxxxx f10:42adda75 f15:40c33d01 f11:42934e69
15892523ns          262943 1c0081ce 00f4222b p.sw             x15, 4(x8!)          x8=10001e60 x15:441700a2  x8:10001e5c  PA:10001e5c
15892543ns          262944 1c0081c2 0046278b p.lw             x15, 4(x12!)        x15=4292af71 x12=1c0104dc x12:1c0104d8  PA:1c0104d8
15892861ns          262960 1c0081c6 0046a58b p.lw             x11, 4(x13!)        x11=40859da1 x13=1c010b1c x13:1c010b18  PA:1c010b18
15893179ns          262976 1c0081ca 58f577c3 fmadd.s          f15, f10, f15, f11  f15=xxxxxxxx f10:42adda75 f15:4292af71 f11:40859da1
15893199ns          262977 1c0081ce 00f4222b p.sw             x15, 4(x8!)          x8=10001e64 x15:45c75cdf  x8:10001e60  PA:10001e60
15893219ns          262978 1c0081c2 0046278b p.lw             x15, 4(x12!)        x15=41ceb0a3 x12=1c0104e0 x12:1c0104dc  PA:1c0104dc
15893518ns          262993 1c0081c6 0046a58b p.lw             x11, 4(x13!)        x11=4143ce68 x13=1c010b20 x13:1c010b1c  PA:1c010b1c
15893836ns          263009 1c0081ca 58f577c3 fmadd.s          f15, f10, f15, f11  f15=xxxxxxxx f10:42adda75 f15:41ceb0a3 f11:4143ce68
15893856ns          263010 1c0081ce 00f4222b p.sw             x15, 4(x8!)          x8=10001e68 x15:450d218d  x8:10001e64  PA:10001e64
15893876ns          263011 1c0081c2 0046278b p.lw             x15, 4(x12!)        x15=41d652e7 x12=1c0104e4 x12:1c0104e0  PA:1c0104e0
15894194ns          263027 1c0081c6 0046a58b p.lw             x11, 4(x13!)        x11=41675af2 x13=1c010b24 x13:1c010b20  PA:1c010b20
15894512ns          263043 1c0081ca 58f577c3 fmadd.s          f15, f10, f15, f11  f15=xxxxxxxx f10:42adda75 f15:41d652e7 f11:41675af2
15894532ns          263044 1c0081ce 00f4222b p.sw             x15, 4(x8!)          x8=10001e6c x15:45127446  x8:10001e68  PA:10001e68
15894552ns          263045 1c0081c2 0046278b p.lw             x15, 4(x12!)        x15=4220c03b x12=1c0104e8 x12:1c0104e4  PA:1c0104e4
15894850ns          263060 1c0081c6 0046a58b p.lw             x11, 4(x13!)        x11=42a0a325 x13=1c010b28 x13:1c010b24  PA:1c010b24
15895169ns          263076 1c0081ca 58f577c3 fmadd.s          f15, f10, f15, f11  f15=xxxxxxxx f10:42adda75 f15:4220c03b f11:42a0a325
15895188ns          263077 1c0081ce 00f4222b p.sw             x15, 4(x8!)          x8=10001e70 x15:455f5b43  x8:10001e6c  PA:10001e6c
15895208ns          263078 1c0081c2 0046278b p.lw             x15, 4(x12!)        x15=41d6c632 x12=1c0104ec x12:1c0104e8  PA:1c0104e8
15895527ns          263094 1c0081c6 0046a58b p.lw             x11, 4(x13!)        x11=3ffda78f x13=1c010b2c x13:1c010b28  PA:1c010b28
15895845ns          263110 1c0081ca 58f577c3 fmadd.s          f15, f10, f15, f11  f15=xxxxxxxx f10:42adda75 f15:41d6c632 f11:3ffda78f
15895865ns          263111 1c0081ce 00f4222b p.sw             x15, 4(x8!)          x8=10001e74 x15:4511faec  x8:10001e70  PA:10001e70
15895885ns          263112 1c0081c2 0046278b p.lw             x15, 4(x12!)        x15=42405062 x12=1c0104f0 x12:1c0104ec  PA:1c0104ec
15896183ns          263127 1c0081c6 0046a58b p.lw             x11, 4(x13!)        x11=41f8f9a4 x13=1c010b30 x13:1c010b2c  PA:1c010b2c
15896501ns          263143 1c0081ca 58f577c3 fmadd.s          f15, f10, f15, f11  f15=xxxxxxxx f10:42adda75 f15:42405062 f11:41f8f9a4
15896521ns          263144 1c0081ce 00f4222b p.sw             x15, 4(x8!)          x8=10001e78 x15:45839368  x8:10001e74  PA:10001e74
15896541ns          263145 1c0081c2 0046278b p.lw             x15, 4(x12!)        x15=429e66f0 x12=1c0104f4 x12:1c0104f0  PA:1c0104f0
15896859ns          263161 1c0081c6 0046a58b p.lw             x11, 4(x13!)        x11=41aef496 x13=1c010b34 x13:1c010b30  PA:1c010b30
15897178ns          263177 1c0081ca 58f577c3 fmadd.s          f15, f10, f15, f11  f15=xxxxxxxx f10:42adda75 f15:429e66f0 f11:41aef496
15897197ns          263178 1c0081ce 00f4222b p.sw             x15, 4(x8!)          x8=10001e7c x15:45d7d46d  x8:10001e78  PA:10001e78
15897217ns          263179 1c0081c2 0046278b p.lw             x15, 4(x12!)        x15=3ee85255 x12=1c0104f8 x12:1c0104f4  PA:1c0104f4
15897516ns          263194 1c0081c6 0046a58b p.lw             x11, 4(x13!)        x11=42bd5486 x13=1c010b38 x13:1c010b34  PA:1c010b34
15897834ns          263210 1c0081ca 58f577c3 fmadd.s          f15, f10, f15, f11  f15=xxxxxxxx f10:42adda75 f15:3ee85255 f11:42bd5486
15897854ns          263211 1c0081ce 00f4222b p.sw             x15, 4(x8!)          x8=10001e80 x15:43061bbc  x8:10001e7c  PA:10001e7c
15897874ns          263212 1c0081c2 0046278b p.lw             x15, 4(x12!)        x15=42288334 x12=1c0104fc x12:1c0104f8  PA:1c0104f8
15898192ns          263228 1c0081c6 0046a58b p.lw             x11, 4(x13!)        x11=422aa96a x13=1c010b3c x13:1c010b38  PA:1c010b38
15898510ns          263244 1c0081ca 58f577c3 fmadd.s          f15, f10, f15, f11  f15=xxxxxxxx f10:42adda75 f15:42288334 f11:422aa96a
15898530ns          263245 1c0081ce 00f4222b p.sw             x15, 4(x8!)          x8=10001e84 x15:45678b93  x8:10001e80  PA:10001e80
15898550ns          263246 1c0081c2 0046278b p.lw             x15, 4(x12!)        x15=429992f1 x12=1c010500 x12:1c0104fc  PA:1c0104fc
15898848ns          263261 1c0081c6 0046a58b p.lw             x11, 4(x13!)        x11=421fe8d8 x13=1c010b40 x13:1c010b3c  PA:1c010b3c
15899167ns          263277 1c0081ca 58f577c3 fmadd.s          f15, f10, f15, f11  f15=xxxxxxxx f10:42adda75 f15:429992f1 f11:421fe8d8
15899186ns          263278 1c0081ce 00f4222b p.sw             x15, 4(x8!)          x8=10001e88 x15:45d1d686  x8:10001e84  PA:10001e84
15899206ns          263279 1c0081c2 0046278b p.lw             x15, 4(x12!)        x15=426199c9 x12=1c010504 x12:1c010500  PA:1c010500
15899525ns          263295 1c0081c6 0046a58b p.lw             x11, 4(x13!)        x11=41c8c90f x13=1c010b44 x13:1c010b40  PA:1c010b40
15899843ns          263311 1c0081ca 58f577c3 fmadd.s          f15, f10, f15, f11  f15=xxxxxxxx f10:42adda75 f15:426199c9 f11:41c8c90f
15899863ns          263312 1c0081ce 00f4222b p.sw             x15, 4(x8!)          x8=10001e8c x15:4599fe3a  x8:10001e88  PA:10001e88
15899883ns          263313 1c0081c2 0046278b p.lw             x15, 4(x12!)        x15=425fe902 x12=1c010508 x12:1c010504  PA:1c010504
15900181ns          263328 1c0081c6 0046a58b p.lw             x11, 4(x13!)        x11=42c09ed3 x13=1c010b48 x13:1c010b44  PA:1c010b44
15900499ns          263344 1c0081ca 58f577c3 fmadd.s          f15, f10, f15, f11  f15=xxxxxxxx f10:42adda75 f15:425fe902 f11:42c09ed3
15900519ns          263345 1c0081ce 00f4222b p.sw             x15, 4(x8!)          x8=10001e90 x15:459b1204  x8:10001e8c  PA:10001e8c
15900539ns          263346 1c0081c2 0046278b p.lw             x15, 4(x12!)        x15=411f8e9a x12=1c01050c x12:1c010508  PA:1c010508
15900857ns          263362 1c0081c6 0046a58b p.lw             x11, 4(x13!)        x11=42aea5bc x13=1c010b4c x13:1c010b48  PA:1c010b48
15901176ns          263378 1c0081ca 58f577c3 fmadd.s          f15, f10, f15, f11  f15=xxxxxxxx f10:42adda75 f15:411f8e9a f11:42aea5bc
15901195ns          263379 1c0081ce 00f4222b p.sw             x15, 4(x8!)          x8=10001e94 x15:446e8bc4  x8:10001e90  PA:10001e90
15901215ns          263380 1c0081c2 0046278b p.lw             x15, 4(x12!)        x15=42aa8278 x12=1c010510 x12:1c01050c  PA:1c01050c
15901514ns          263395 1c0081c6 0046a58b p.lw             x11, 4(x13!)        x11=415ca9d7 x13=1c010b50 x13:1c010b4c  PA:1c010b4c
15901832ns          263411 1c0081ca 58f577c3 fmadd.s          f15, f10, f15, f11  f15=xxxxxxxx f10:42adda75 f15:42aa8278 f11:415ca9d7
15901852ns          263412 1c0081ce 00f4222b p.sw             x15, 4(x8!)          x8=10001e98 x15:45e805ad  x8:10001e94  PA:10001e94
15901872ns          263413 1c0081c2 0046278b p.lw             x15, 4(x12!)        x15=4295fe06 x12=1c010514 x12:1c010510  PA:1c010510
15902190ns          263429 1c0081c6 0046a58b p.lw             x11, 4(x13!)        x11=42a09e87 x13=1c010b54 x13:1c010b50  PA:1c010b50
15902508ns          263445 1c0081ca 58f577c3 fmadd.s          f15, f10, f15, f11  f15=xxxxxxxx f10:42adda75 f15:4295fe06 f11:42a09e87
15902528ns          263446 1c0081ce 00f4222b p.sw             x15, 4(x8!)          x8=10001e9c x15:45ce3bcc  x8:10001e98  PA:10001e98
15902548ns          263447 1c0081c2 0046278b p.lw             x15, 4(x12!)        x15=4199ddfb x12=1c010518 x12:1c010514  PA:1c010514
15902846ns          263462 1c0081c6 0046a58b p.lw             x11, 4(x13!)        x11=42c73961 x13=1c010b58 x13:1c010b54  PA:1c010b54
15903165ns          263478 1c0081ca 58f577c3 fmadd.s          f15, f10, f15, f11  f15=xxxxxxxx f10:42adda75 f15:4199ddfb f11:42c73961
15903185ns          263479 1c0081ce 00f4222b p.sw             x15, 4(x8!)          x8=10001ea0 x15:44dd7036  x8:10001e9c  PA:10001e9c
15903204ns          263480 1c0081c2 0046278b p.lw             x15, 4(x12!)        x15=4258a2b2 x12=1c01051c x12:1c010518  PA:1c010518
15903523ns          263496 1c0081c6 0046a58b p.lw             x11, 4(x13!)        x11=41021bbb x13=1c010b5c x13:1c010b58  PA:1c010b58
15903841ns          263512 1c0081ca 58f577c3 fmadd.s          f15, f10, f15, f11  f15=xxxxxxxx f10:42adda75 f15:4258a2b2 f11:41021bbb
15903861ns          263513 1c0081ce 00f4222b p.sw             x15, 4(x8!)          x8=10001ea4 x15:45935fde  x8:10001ea0  PA:10001ea0
15903881ns          263514 1c0081c2 0046278b p.lw             x15, 4(x12!)        x15=4209bd7b x12=1c010520 x12:1c01051c  PA:1c01051c
15904179ns          263529 1c0081c6 0046a58b p.lw             x11, 4(x13!)        x11=426e128f x13=1c010b60 x13:1c010b5c  PA:1c010b5c
15904497ns          263545 1c0081ca 58f577c3 fmadd.s          f15, f10, f15, f11  f15=xxxxxxxx f10:42adda75 f15:4209bd7b f11:426e128f
15904517ns          263546 1c0081ce 00f4222b p.sw             x15, 4(x8!)          x8=10001ea8 x15:453ecd77  x8:10001ea4  PA:10001ea4
15904537ns          263547 1c0081c2 0046278b p.lw             x15, 4(x12!)        x15=3ff12787 x12=1c010524 x12:1c010520  PA:1c010520
15904855ns          263563 1c0081c6 0046a58b p.lw             x11, 4(x13!)        x11=41847fd7 x13=1c010b64 x13:1c010b60  PA:1c010b60
15905174ns          263579 1c0081ca 58f577c3 fmadd.s          f15, f10, f15, f11  f15=xxxxxxxx f10:42adda75 f15:3ff12787 f11:41847fd7
15905193ns          263580 1c0081ce 00f4222b p.sw             x15, 4(x8!)          x8=10001eac x15:4334557b  x8:10001ea8  PA:10001ea8
15905213ns          263581 1c0081c2 0046278b p.lw             x15, 4(x12!)        x15=428d88e5 x12=1c010528 x12:1c010524  PA:1c010524
15905512ns          263596 1c0081c6 0046a58b p.lw             x11, 4(x13!)        x11=42bb7ce1 x13=1c010b68 x13:1c010b64  PA:1c010b64
15905830ns          263612 1c0081ca 58f577c3 fmadd.s          f15, f10, f15, f11  f15=xxxxxxxx f10:42adda75 f15:428d88e5 f11:42bb7ce1
15905850ns          263613 1c0081ce 00f4222b p.sw             x15, 4(x8!)          x8=10001eb0 x15:45c32a88  x8:10001eac  PA:10001eac
15905870ns          263614 1c0081c2 0046278b p.lw             x15, 4(x12!)        x15=42c3a197 x12=1c01052c x12:1c010528  PA:1c010528
15906188ns          263630 1c0081c6 0046a58b p.lw             x11, 4(x13!)        x11=418e9047 x13=1c010b6c x13:1c010b68  PA:1c010b68
15906506ns          263646 1c0081ca 58f577c3 fmadd.s          f15, f10, f15, f11  f15=xxxxxxxx f10:42adda75 f15:42c3a197 f11:418e9047
15906526ns          263647 1c0081ce 00f4222b p.sw             x15, 4(x8!)          x8=10001eb4 x15:4605226c  x8:10001eb0  PA:10001eb0
15906546ns          263648 1c0081c2 0046278b p.lw             x15, 4(x12!)        x15=422c7f61 x12=1c010530 x12:1c01052c  PA:1c01052c
15906844ns          263663 1c0081c6 0046a58b p.lw             x11, 4(x13!)        x11=41b019a1 x13=1c010b70 x13:1c010b6c  PA:1c010b6c
15907163ns          263679 1c0081ca 58f577c3 fmadd.s          f15, f10, f15, f11  f15=xxxxxxxx f10:42adda75 f15:422c7f61 f11:41b019a1
15907183ns          263680 1c0081ce 00f4222b p.sw             x15, 4(x8!)          x8=10001eb8 x15:456baac3  x8:10001eb4  PA:10001eb4
15907202ns          263681 1c0081c2 0046278b p.lw             x15, 4(x12!)        x15=4234ebe9 x12=1c010534 x12:1c010530  PA:1c010530
15907521ns          263697 1c0081c6 0046a58b p.lw             x11, 4(x13!)        x11=42a3f513 x13=1c010b74 x13:1c010b70  PA:1c010b70
15907839ns          263713 1c0081ca 58f577c3 fmadd.s          f15, f10, f15, f11  f15=xxxxxxxx f10:42adda75 f15:4234ebe9 f11:42a3f513
15907859ns          263714 1c0081ce 00f4222b p.sw             x15, 4(x8!)          x8=10001ebc x15:457adb49  x8:10001eb8  PA:10001eb8
15907879ns          263715 1c0081c2 0046278b p.lw             x15, 4(x12!)        x15=425e0230 x12=1c010538 x12:1c010534  PA:1c010534
15908177ns          263730 1c0081c6 0046a58b p.lw             x11, 4(x13!)        x11=428a5607 x13=1c010b78 x13:1c010b74  PA:1c010b74
15908495ns          263746 1c0081ca 58f577c3 fmadd.s          f15, f10, f15, f11  f15=xxxxxxxx f10:42adda75 f15:425e0230 f11:428a5607
15908515ns          263747 1c0081ce 00f4222b p.sw             x15, 4(x8!)          x8=10001ec0 x15:4598ee46  x8:10001ebc  PA:10001ebc
15908535ns          263748 1c0081c2 0046278b p.lw             x15, 4(x12!)        x15=4281848a x12=1c01053c x12:1c010538  PA:1c010538
15908853ns          263764 1c0081c6 0046a58b p.lw             x11, 4(x13!)        x11=41cbe9fd x13=1c010b7c x13:1c010b78  PA:1c010b78
15909172ns          263780 1c0081ca 58f577c3 fmadd.s          f15, f10, f15, f11  f15=xxxxxxxx f10:42adda75 f15:4281848a f11:41cbe9fd
15909192ns          263781 1c0081ce 00f4222b p.sw             x15, 4(x8!)          x8=10001ec4 x15:45b0b619  x8:10001ec0  PA:10001ec0
15909211ns          263782 1c0081c2 0046278b p.lw             x15, 4(x12!)        x15=41dd59af x12=1c010540 x12:1c01053c  PA:1c01053c
15909510ns          263797 1c0081c6 0046a58b p.lw             x11, 4(x13!)        x11=409ce55a x13=1c010b80 x13:1c010b7c  PA:1c010b7c
15909828ns          263813 1c0081ca 58f577c3 fmadd.s          f15, f10, f15, f11  f15=xxxxxxxx f10:42adda75 f15:41dd59af f11:409ce55a
15909848ns          263814 1c0081ce 00f4222b p.sw             x15, 4(x8!)          x8=10001ec8 x15:4516a0f1  x8:10001ec4  PA:10001ec4
15909868ns          263815 1c0081c2 0046278b p.lw             x15, 4(x12!)        x15=4297010a x12=1c010544 x12:1c010540  PA:1c010540
15910186ns          263831 1c0081c6 0046a58b p.lw             x11, 4(x13!)        x11=4268e2a4 x13=1c010b84 x13:1c010b80  PA:1c010b80
15910504ns          263847 1c0081ca 58f577c3 fmadd.s          f15, f10, f15, f11  f15=xxxxxxxx f10:42adda75 f15:4297010a f11:4268e2a4
15910524ns          263848 1c0081ce 00f4222b p.sw             x15, 4(x8!)          x8=10001ecc x15:45ceeae5  x8:10001ec8  PA:10001ec8
15910544ns          263849 1c0081c2 0046278b p.lw             x15, 4(x12!)        x15=426041b8 x12=1c010548 x12:1c010544  PA:1c010544
15910842ns          263864 1c0081c6 0046a58b p.lw             x11, 4(x13!)        x11=427c3998 x13=1c010b88 x13:1c010b84  PA:1c010b84
15911161ns          263880 1c0081ca 58f577c3 fmadd.s          f15, f10, f15, f11  f15=xxxxxxxx f10:42adda75 f15:426041b8 f11:427c3998
15911181ns          263881 1c0081ce 00f4222b p.sw             x15, 4(x8!)          x8=10001ed0 x15:459a443b  x8:10001ecc  PA:10001ecc
15911201ns          263882 1c0081c2 0046278b p.lw             x15, 4(x12!)        x15=4284ff2a x12=1c01054c x12:1c010548  PA:1c010548
15911519ns          263898 1c0081c6 0046a58b p.lw             x11, 4(x13!)        x11=4296097f x13=1c010b8c x13:1c010b88  PA:1c010b88
15911837ns          263914 1c0081ca 58f577c3 fmadd.s          f15, f10, f15, f11  f15=xxxxxxxx f10:42adda75 f15:4284ff2a f11:4296097f
15911857ns          263915 1c0081ce 00f4222b p.sw             x15, 4(x8!)          x8=10001ed4 x15:45b6fc01  x8:10001ed0  PA:10001ed0
15911877ns          263916 1c0081c2 0046278b p.lw             x15, 4(x12!)        x15=41c97341 x12=1c010550 x12:1c01054c  PA:1c01054c
15912175ns          263931 1c0081c6 0046a58b p.lw             x11, 4(x13!)        x11=40d453d9 x13=1c010b90 x13:1c010b8c  PA:1c010b8c
15912493ns          263947 1c0081ca 58f577c3 fmadd.s          f15, f10, f15, f11  f15=xxxxxxxx f10:42adda75 f15:41c97341 f11:40d453d9
15912513ns          263948 1c0081ce 00f4222b p.sw             x15, 4(x8!)          x8=10001ed8 x15:450938f5  x8:10001ed4  PA:10001ed4
15912533ns          263949 1c0081c2 0046278b p.lw             x15, 4(x12!)        x15=42603ebe x12=1c010554 x12:1c010550  PA:1c010550
15912851ns          263965 1c0081c6 0046a58b p.lw             x11, 4(x13!)        x11=4266e29e x13=1c010b94 x13:1c010b90  PA:1c010b90
15913170ns          263981 1c0081ca 58f577c3 fmadd.s          f15, f10, f15, f11  f15=xxxxxxxx f10:42adda75 f15:42603ebe f11:4266e29e
15913190ns          263982 1c0081ce 00f4222b p.sw             x15, 4(x8!)          x8=10001edc x15:459a1788  x8:10001ed8  PA:10001ed8
15913209ns          263983 1c0081c2 0046278b p.lw             x15, 4(x12!)        x15=41a36b3a x12=1c010558 x12:1c010554  PA:1c010554
15913508ns          263998 1c0081c6 0046a58b p.lw             x11, 4(x13!)        x11=42b38a48 x13=1c010b98 x13:1c010b94  PA:1c010b94
15913826ns          264014 1c0081ca 58f577c3 fmadd.s          f15, f10, f15, f11  f15=xxxxxxxx f10:42adda75 f15:41a36b3a f11:42b38a48
15913846ns          264015 1c0081ce 00f4222b p.sw             x15, 4(x8!)          x8=10001ee0 x15:44e92e79  x8:10001edc  PA:10001edc
15913866ns          264016 1c0081c2 0046278b p.lw             x15, 4(x12!)        x15=416e081e x12=1c01055c x12:1c010558  PA:1c010558
15914184ns          264032 1c0081c6 0046a58b p.lw             x11, 4(x13!)        x11=42a2a0da x13=1c010b9c x13:1c010b98  PA:1c010b98
15914502ns          264048 1c0081ca 58f577c3 fmadd.s          f15, f10, f15, f11  f15=xxxxxxxx f10:42adda75 f15:416e081e f11:42a2a0da
15914522ns          264049 1c0081ce 00f4222b p.sw             x15, 4(x8!)          x8=10001ee4 x15:44abd0aa  x8:10001ee0  PA:10001ee0
15914542ns          264050 1c0081c2 0046278b p.lw             x15, 4(x12!)        x15=40a5c005 x12=1c010560 x12:1c01055c  PA:1c01055c
15914841ns          264065 1c0081c6 0046a58b p.lw             x11, 4(x13!)        x11=42c76f4f x13=1c010ba0 x13:1c010b9c  PA:1c010b9c
15915159ns          264081 1c0081ca 58f577c3 fmadd.s          f15, f10, f15, f11  f15=xxxxxxxx f10:42adda75 f15:40a5c005 f11:42c76f4f
15915179ns          264082 1c0081ce 00f4222b p.sw             x15, 4(x8!)          x8=10001ee8 x15:44097e1f  x8:10001ee4  PA:10001ee4
15915199ns          264083 1c0081c2 0046278b p.lw             x15, 4(x12!)        x15=4204c68c x12=1c010564 x12:1c010560  PA:1c010560
15915517ns          264099 1c0081c6 0046a58b p.lw             x11, 4(x13!)        x11=419fc0df x13=1c010ba4 x13:1c010ba0  PA:1c010ba0
15915835ns          264115 1c0081ca 58f577c3 fmadd.s          f15, f10, f15, f11  f15=xxxxxxxx f10:42adda75 f15:4204c68c f11:419fc0df
15915855ns          264116 1c0081ce 00f4222b p.sw             x15, 4(x8!)          x8=10001eec x15:45359676  x8:10001ee8  PA:10001ee8
15915875ns          264117 1c0081c2 0046278b p.lw             x15, 4(x12!)        x15=3f7f414d x12=1c010568 x12:1c010564  PA:1c010564
15916173ns          264132 1c0081c6 0046a58b p.lw             x11, 4(x13!)        x11=428ef0b4 x13=1c010ba8 x13:1c010ba4  PA:1c010ba4
15916491ns          264148 1c0081ca 58f577c3 fmadd.s          f15, f10, f15, f11  f15=xxxxxxxx f10:42adda75 f15:3f7f414d f11:428ef0b4
15916511ns          264149 1c0081ce 00f4222b p.sw             x15, 4(x8!)          x8=10001ef0 x15:431e24d4  x8:10001eec  PA:10001eec
15916531ns          264150 1c0081c2 0046278b p.lw             x15, 4(x12!)        x15=4235f919 x12=1c01056c x12:1c010568  PA:1c010568
15916849ns          264166 1c0081c6 0046a58b p.lw             x11, 4(x13!)        x11=429c6d72 x13=1c010bac x13:1c010ba8  PA:1c010ba8
15917168ns          264182 1c0081ca 58f577c3 fmadd.s          f15, f10, f15, f11  f15=xxxxxxxx f10:42adda75 f15:4235f919 f11:429c6d72
15917188ns          264183 1c0081ce 00f4222b p.sw             x15, 4(x8!)          x8=10001ef4 x15:457c0caa  x8:10001ef0  PA:10001ef0
15917208ns          264184 1c0081c2 0046278b p.lw             x15, 4(x12!)        x15=41fa7792 x12=1c010570 x12:1c01056c  PA:1c01056c
15917506ns          264199 1c0081c6 0046a58b p.lw             x11, 4(x13!)        x11=42313d2f x13=1c010bb0 x13:1c010bac  PA:1c010bac
15917824ns          264215 1c0081ca 58f577c3 fmadd.s          f15, f10, f15, f11  f15=xxxxxxxx f10:42adda75 f15:41fa7792 f11:42313d2f
15917844ns          264216 1c0081ce 00f4222b p.sw             x15, 4(x8!)          x8=10001ef8 x15:452cdd7f  x8:10001ef4  PA:10001ef4
15917864ns          264217 1c0081c2 0046278b p.lw             x15, 4(x12!)        x15=42b7b0be x12=1c010574 x12:1c010570  PA:1c010570
15918182ns          264233 1c0081c6 0046a58b p.lw             x11, 4(x13!)        x11=42847cc3 x13=1c010bb4 x13:1c010bb0  PA:1c010bb0
15918500ns          264249 1c0081ca 58f577c3 fmadd.s          f15, f10, f15, f11  f15=xxxxxxxx f10:42adda75 f15:42b7b0be f11:42847cc3
15918520ns          264250 1c0081ce 00f4222b p.sw             x15, 4(x8!)          x8=10001efc x15:45fb9055  x8:10001ef8  PA:10001ef8
15918540ns          264251 1c0081c2 0046278b p.lw             x15, 4(x12!)        x15=4211bd6a x12=1c010578 x12:1c010574  PA:1c010574
15918839ns          264266 1c0081c6 0046a58b p.lw             x11, 4(x13!)        x11=42401518 x13=1c010bb8 x13:1c010bb4  PA:1c010bb4
15919157ns          264282 1c0081ca 58f577c3 fmadd.s          f15, f10, f15, f11  f15=xxxxxxxx f10:42adda75 f15:4211bd6a f11:42401518
15919177ns          264283 1c0081ce 00f4222b p.sw             x15, 4(x8!)          x8=10001f00 x15:4548f311  x8:10001efc  PA:10001efc
15919197ns          264284 1c0081c2 0046278b p.lw             x15, 4(x12!)        x15=42856e45 x12=1c01057c x12:1c010578  PA:1c010578
15919515ns          264300 1c0081c6 0046a58b p.lw             x11, 4(x13!)        x11=420c0c3b x13=1c010bbc x13:1c010bb8  PA:1c010bb8
15919833ns          264316 1c0081ca 58f577c3 fmadd.s          f15, f10, f15, f11  f15=xxxxxxxx f10:42adda75 f15:42856e45 f11:420c0c3b
15919853ns          264317 1c0081ce 00f4222b p.sw             x15, 4(x8!)          x8=10001f04 x15:45b652db  x8:10001f00  PA:10001f00
15919873ns          264318 1c0081c2 0046278b p.lw             x15, 4(x12!)        x15=41b8d4b8 x12=1c010580 x12:1c01057c  PA:1c01057c
15920171ns          264333 1c0081c6 0046a58b p.lw             x11, 4(x13!)        x11=40dfe30f x13=1c010bc0 x13:1c010bbc  PA:1c010bbc
15920489ns          264349 1c0081ca 58f577c3 fmadd.s          f15, f10, f15, f11  f15=xxxxxxxx f10:42adda75 f15:41b8d4b8 f11:40dfe30f
15920509ns          264350 1c0081ce 00f4222b p.sw             x15, 4(x8!)          x8=10001f08 x15:44fbead7  x8:10001f04  PA:10001f04
15920529ns          264351 1c0081c2 0046278b p.lw             x15, 4(x12!)        x15=415d3c46 x12=1c010584 x12:1c010580  PA:1c010580
15920848ns          264367 1c0081c6 0046a58b p.lw             x11, 4(x13!)        x11=41964ad7 x13=1c010bc4 x13:1c010bc0  PA:1c010bc0
15921166ns          264383 1c0081ca 58f577c3 fmadd.s          f15, f10, f15, f11  f15=xxxxxxxx f10:42adda75 f15:415d3c46 f11:41964ad7
15921186ns          264384 1c0081ce 00f4222b p.sw             x15, 4(x8!)          x8=10001f0c x15:449897b1  x8:10001f08  PA:10001f08
15921206ns          264385 1c0081c2 0046278b p.lw             x15, 4(x12!)        x15=425ca68e x12=1c010588 x12:1c010584  PA:1c010584
15921504ns          264400 1c0081c6 0046a58b p.lw             x11, 4(x13!)        x11=42636e76 x13=1c010bc8 x13:1c010bc4  PA:1c010bc4
15921822ns          264416 1c0081ca 58f577c3 fmadd.s          f15, f10, f15, f11  f15=xxxxxxxx f10:42adda75 f15:425ca68e f11:42636e76
15921842ns          264417 1c0081ce 00f4222b p.sw             x15, 4(x8!)          x8=10001f10 x15:45979fb6  x8:10001f0c  PA:10001f0c
15921862ns          264418 1c0081c2 0046278b p.lw             x15, 4(x12!)        x15=420a71f3 x12=1c01058c x12:1c010588  PA:1c010588
15922180ns          264434 1c0081c6 0046a58b p.lw             x11, 4(x13!)        x11=4058036c x13=1c010bcc x13:1c010bc8  PA:1c010bc8
15922498ns          264450 1c0081ca 58f577c3 fmadd.s          f15, f10, f15, f11  f15=xxxxxxxx f10:42adda75 f15:420a71f3 f11:4058036c
15922518ns          264451 1c0081ce 00f4222b p.sw             x15, 4(x8!)          x8=10001f14 x15:453c404c  x8:10001f10  PA:10001f10
15922538ns          264452 1c0081c2 0046278b p.lw             x15, 4(x12!)        x15=42863854 x12=1c010590 x12:1c01058c  PA:1c01058c
15922837ns          264467 1c0081c6 0046a58b p.lw             x11, 4(x13!)        x11=42b28ecf x13=1c010bd0 x13:1c010bcc  PA:1c010bcc
15923155ns          264483 1c0081ca 58f577c3 fmadd.s          f15, f10, f15, f11  f15=xxxxxxxx f10:42adda75 f15:42863854 f11:42b28ecf
15923175ns          264484 1c0081ce 00f4222b p.sw             x15, 4(x8!)          x8=10001f18 x15:45b9176f  x8:10001f14  PA:10001f14
15923195ns          264485 1c0081c2 0046278b p.lw             x15, 4(x12!)        x15=426d3174 x12=1c010594 x12:1c010590  PA:1c010590
15923513ns          264501 1c0081c6 0046a58b p.lw             x11, 4(x13!)        x11=4247582c x13=1c010bd4 x13:1c010bd0  PA:1c010bd0
15923831ns          264517 1c0081ca 58f577c3 fmadd.s          f15, f10, f15, f11  f15=xxxxxxxx f10:42adda75 f15:426d3174 f11:4247582c
15923851ns          264518 1c0081ce 00f4222b p.sw             x15, 4(x8!)          x8=10001f1c x15:45a2a384  x8:10001f18  PA:10001f18
15923871ns          264519 1c0081c2 0046278b p.lw             x15, 4(x12!)        x15=4288fb19 x12=1c010598 x12:1c010594  PA:1c010594
15924169ns          264534 1c0081c6 0046a58b p.lw             x11, 4(x13!)        x11=42492379 x13=1c010bd8 x13:1c010bd4  PA:1c010bd4
15924488ns          264550 1c0081ca 58f577c3 fmadd.s          f15, f10, f15, f11  f15=xxxxxxxx f10:42adda75 f15:4288fb19 f11:42492379
15924507ns          264551 1c0081ce 00f4222b p.sw             x15, 4(x8!)          x8=10001f20 x15:45bb9f70  x8:10001f1c  PA:10001f1c
15924527ns          264552 1c0081c2 0046278b p.lw             x15, 4(x12!)        x15=422c8d07 x12=1c01059c x12:1c010598  PA:1c010598
15924846ns          264568 1c0081c6 0046a58b p.lw             x11, 4(x13!)        x11=420bff80 x13=1c010bdc x13:1c010bd8  PA:1c010bd8
15925164ns          264584 1c0081ca 58f577c3 fmadd.s          f15, f10, f15, f11  f15=xxxxxxxx f10:42adda75 f15:422c8d07 f11:420bff80
15925184ns          264585 1c0081ce 00f4222b p.sw             x15, 4(x8!)          x8=10001f24 x15:456c8d17  x8:10001f20  PA:10001f20
15925204ns          264586 1c0081c2 0046278b p.lw             x15, 4(x12!)        x15=4154463f x12=1c0105a0 x12:1c01059c  PA:1c01059c
15925502ns          264601 1c0081c6 0046a58b p.lw             x11, 4(x13!)        x11=424abf62 x13=1c010be0 x13:1c010bdc  PA:1c010bdc
15925820ns          264617 1c0081ca 58f577c3 fmadd.s          f15, f10, f15, f11  f15=xxxxxxxx f10:42adda75 f15:4154463f f11:424abf62
15925840ns          264618 1c0081ce 00f4222b p.sw             x15, 4(x8!)          x8=10001f28 x15:44967e98  x8:10001f24  PA:10001f24
15925860ns          264619 1c0081c2 0046278b p.lw             x15, 4(x12!)        x15=418ad429 x12=1c0105a4 x12:1c0105a0  PA:1c0105a0
15926178ns          264635 1c0081c6 0046a58b p.lw             x11, 4(x13!)        x11=423d73d7 x13=1c010be4 x13:1c010be0  PA:1c010be0
15926496ns          264651 1c0081ca 58f577c3 fmadd.s          f15, f10, f15, f11  f15=xxxxxxxx f10:42adda75 f15:418ad429 f11:423d73d7
15926516ns          264652 1c0081ce 00f4222b p.sw             x15, 4(x8!)          x8=10001f2c x15:44c27b4e  x8:10001f28  PA:10001f28
15926536ns          264653 1c0081c2 0046278b p.lw             x15, 4(x12!)        x15=4285fec7 x12=1c0105a8 x12:1c0105a4  PA:1c0105a4
15926835ns          264668 1c0081c6 0046a58b p.lw             x11, 4(x13!)        x11=419e7366 x13=1c010be8 x13:1c010be4  PA:1c010be4
15927153ns          264684 1c0081ca 58f577c3 fmadd.s          f15, f10, f15, f11  f15=xxxxxxxx f10:42adda75 f15:4285fec7 f11:419e7366
15927173ns          264685 1c0081ce 00f4222b p.sw             x15, 4(x8!)          x8=10001f30 x15:45b69d7d  x8:10001f2c  PA:10001f2c
15927193ns          264686 1c0081c2 0046278b p.lw             x15, 4(x12!)        x15=4224c22d x12=1c0105ac x12:1c0105a8  PA:1c0105a8
15927511ns          264702 1c0081c6 0046a58b p.lw             x11, 4(x13!)        x11=42bd5b33 x13=1c010bec x13:1c010be8  PA:1c010be8
15927829ns          264718 1c0081ca 58f577c3 fmadd.s          f15, f10, f15, f11  f15=xxxxxxxx f10:42adda75 f15:4224c22d f11:42bd5b33
15927849ns          264719 1c0081ce 00f4222b p.sw             x15, 4(x8!)          x8=10001f34 x15:4565b27c  x8:10001f30  PA:10001f30
15927869ns          264720 1c0081c2 0046278b p.lw             x15, 4(x12!)        x15=42c178c5 x12=1c0105b0 x12:1c0105ac  PA:1c0105ac
15928167ns          264735 1c0081c6 0046a58b p.lw             x11, 4(x13!)        x11=419b7dfc x13=1c010bf0 x13:1c010bec  PA:1c010bec
15928486ns          264751 1c0081ca 58f577c3 fmadd.s          f15, f10, f15, f11  f15=xxxxxxxx f10:42adda75 f15:42c178c5 f11:419b7dfc
15928505ns          264752 1c0081ce 00f4222b p.sw             x15, 4(x8!)          x8=10001f38 x15:4603b175  x8:10001f34  PA:10001f34
15928525ns          264753 1c0081c2 0046278b p.lw             x15, 4(x12!)        x15=42864e46 x12=1c0105b4 x12:1c0105b0  PA:1c0105b0
15928844ns          264769 1c0081c6 0046a58b p.lw             x11, 4(x13!)        x11=4284d966 x13=1c010bf4 x13:1c010bf0  PA:1c010bf0
15929162ns          264785 1c0081ca 58f577c3 fmadd.s          f15, f10, f15, f11  f15=xxxxxxxx f10:42adda75 f15:42864e46 f11:4284d966
15929182ns          264786 1c0081ce 00f4222b p.sw             x15, 4(x8!)          x8=10001f3c x15:45b87e68  x8:10001f38  PA:10001f38
15929202ns          264787 1c0081c2 0046278b p.lw             x15, 4(x12!)        x15=403df038 x12=1c0105b8 x12:1c0105b4  PA:1c0105b4
15929500ns          264802 1c0081c6 0046a58b p.lw             x11, 4(x13!)        x11=42bd20b7 x13=1c010bf8 x13:1c010bf4  PA:1c010bf4
15929818ns          264818 1c0081ca 58f577c3 fmadd.s          f15, f10, f15, f11  f15=xxxxxxxx f10:42adda75 f15:403df038 f11:42bd20b7
15929838ns          264819 1c0081ce 00f4222b p.sw             x15, 4(x8!)          x8=10001f40 x15:43b04599  x8:10001f3c  PA:10001f3c
15929858ns          264820 1c0081c2 0046278b p.lw             x15, 4(x12!)        x15=410eb851 x12=1c0105bc x12:1c0105b8  PA:1c0105b8
15930176ns          264836 1c0081c6 0046a58b p.lw             x11, 4(x13!)        x11=4209b4c0 x13=1c010bfc x13:1c010bf8  PA:1c010bf8
15930495ns          264852 1c0081ca 58f577c3 fmadd.s          f15, f10, f15, f11  f15=xxxxxxxx f10:42adda75 f15:410eb851 f11:4209b4c0
15930514ns          264853 1c0081ce 00f4222b p.sw             x15, 4(x8!)          x8=10001f44 x15:444a73fe  x8:10001f40  PA:10001f40
15930534ns          264854 1c0081c2 0046278b p.lw             x15, 4(x12!)        x15=41dfda13 x12=1c0105c0 x12:1c0105bc  PA:1c0105bc
15930833ns          264869 1c0081c6 0046a58b p.lw             x11, 4(x13!)        x11=421bf9fe x13=1c010c00 x13:1c010bfc  PA:1c010bfc
15931151ns          264885 1c0081ca 58f577c3 fmadd.s          f15, f10, f15, f11  f15=xxxxxxxx f10:42adda75 f15:41dfda13 f11:421bf9fe
15931171ns          264886 1c0081ce 00f4222b p.sw             x15, 4(x8!)          x8=10001f48 x15:451a754d  x8:10001f44  PA:10001f44
15931191ns          264887 1c0081c2 0046278b p.lw             x15, 4(x12!)        x15=42c15362 x12=1c0105c4 x12:1c0105c0  PA:1c0105c0
15931509ns          264903 1c0081c6 0046a58b p.lw             x11, 4(x13!)        x11=3fb57407 x13=1c010c04 x13:1c010c00  PA:1c010c00
15931827ns          264919 1c0081ca 58f577c3 fmadd.s          f15, f10, f15, f11  f15=xxxxxxxx f10:42adda75 f15:42c15362 f11:3fb57407
15931847ns          264920 1c0081ce 00f4222b p.sw             x15, 4(x8!)          x8=10001f4c x15:46034ffe  x8:10001f48  PA:10001f48
15931867ns          264921 1c0081c2 0046278b p.lw             x15, 4(x12!)        x15=4280549c x12=1c0105c8 x12:1c0105c4  PA:1c0105c4
15932165ns          264936 1c0081c6 0046a58b p.lw             x11, 4(x13!)        x11=42c38734 x13=1c010c08 x13:1c010c04  PA:1c010c04
15932484ns          264952 1c0081ca 58f577c3 fmadd.s          f15, f10, f15, f11  f15=xxxxxxxx f10:42adda75 f15:4280549c f11:42c38734
15932503ns          264953 1c0081ce 00f4222b p.sw             x15, 4(x8!)          x8=10001f50 x15:45b15b7d  x8:10001f4c  PA:10001f4c
15932523ns          264954 1c0081c2 0046278b p.lw             x15, 4(x12!)        x15=421c6fd8 x12=1c0105cc x12:1c0105c8  PA:1c0105c8
15932842ns          264970 1c0081c6 0046a58b p.lw             x11, 4(x13!)        x11=42a75726 x13=1c010c0c x13:1c010c08  PA:1c010c08
15933160ns          264986 1c0081ca 58f577c3 fmadd.s          f15, f10, f15, f11  f15=xxxxxxxx f10:42adda75 f15:421c6fd8 f11:42a75726
15933180ns          264987 1c0081ce 00f4222b p.sw             x15, 4(x8!)          x8=10001f54 x15:4559b4e1  x8:10001f50  PA:10001f50
15933200ns          264988 1c0081c2 0046278b p.lw             x15, 4(x12!)        x15=42b0045a x12=1c0105d0 x12:1c0105cc  PA:1c0105cc
15933498ns          265003 1c0081c6 0046a58b p.lw             x11, 4(x13!)        x11=412935fd x13=1c010c10 x13:1c010c0c  PA:1c010c0c
15933816ns          265019 1c0081ca 58f577c3 fmadd.s          f15, f10, f15, f11  f15=xxxxxxxx f10:42adda75 f15:42b0045a f11:412935fd
15933836ns          265020 1c0081ce 00f4222b p.sw             x15, 4(x8!)          x8=10001f58 x15:45ef66e5  x8:10001f54  PA:10001f54
15933856ns          265021 1c0081c2 0046278b p.lw             x15, 4(x12!)        x15=4183b6ce x12=1c0105d4 x12:1c0105d0  PA:1c0105d0
15934174ns          265037 1c0081c6 0046a58b p.lw             x11, 4(x13!)        x11=42bebdaf x13=1c010c14 x13:1c010c10  PA:1c010c10
15934493ns          265053 1c0081ca 58f577c3 fmadd.s          f15, f10, f15, f11  f15=xxxxxxxx f10:42adda75 f15:4183b6ce f11:42bebdaf
15934512ns          265054 1c0081ce 00f4222b p.sw             x15, 4(x8!)          x8=10001f5c x15:44bed1b9  x8:10001f58  PA:10001f58
15934532ns          265055 1c0081c2 0046278b p.lw             x15, 4(x12!)        x15=4249fc72 x12=1c0105d8 x12:1c0105d4  PA:1c0105d4
15934831ns          265070 1c0081c6 0046a58b p.lw             x11, 4(x13!)        x11=3eb2a41e x13=1c010c18 x13:1c010c14  PA:1c010c14
15935149ns          265086 1c0081ca 58f577c3 fmadd.s          f15, f10, f15, f11  f15=xxxxxxxx f10:42adda75 f15:4249fc72 f11:3eb2a41e
15935169ns          265087 1c0081ce 00f4222b p.sw             x15, 4(x8!)          x8=10001f60 x15:45892ec1  x8:10001f5c  PA:10001f5c
15935189ns          265088 1c0081c2 0046278b p.lw             x15, 4(x12!)        x15=4115f689 x12=1c0105dc x12:1c0105d8  PA:1c0105d8
15935507ns          265104 1c0081c6 0046a58b p.lw             x11, 4(x13!)        x11=427d3a03 x13=1c010c1c x13:1c010c18  PA:1c010c18
15935825ns          265120 1c0081ca 58f577c3 fmadd.s          f15, f10, f15, f11  f15=xxxxxxxx f10:42adda75 f15:4115f689 f11:427d3a03
15935845ns          265121 1c0081ce 00f4222b p.sw             x15, 4(x8!)          x8=10001f64 x15:445b82c6  x8:10001f60  PA:10001f60
15935865ns          265122 1c0081c2 0046278b p.lw             x15, 4(x12!)        x15=427f2482 x12=1c0105e0 x12:1c0105dc  PA:1c0105dc
15936163ns          265137 1c0081c6 0046a58b p.lw             x11, 4(x13!)        x11=4287177f x13=1c010c20 x13:1c010c1c  PA:1c010c1c
15936482ns          265153 1c0081ca 58f577c3 fmadd.s          f15, f10, f15, f11  f15=xxxxxxxx f10:42adda75 f15:427f2482 f11:4287177f
15936502ns          265154 1c0081ce 00f4222b p.sw             x15, 4(x8!)          x8=10001f68 x15:45af61c4  x8:10001f64  PA:10001f64
15936521ns          265155 1c0081c2 0046278b p.lw             x15, 4(x12!)        x15=405768cf x12=1c0105e4 x12:1c0105e0  PA:1c0105e0
15936840ns          265171 1c0081c6 0046a58b p.lw             x11, 4(x13!)        x11=41166298 x13=1c010c24 x13:1c010c20  PA:1c010c20
15937158ns          265187 1c0081ca 58f577c3 fmadd.s          f15, f10, f15, f11  f15=xxxxxxxx f10:42adda75 f15:405768cf f11:41166298
15937178ns          265188 1c0081ce 00f4222b p.sw             x15, 4(x8!)          x8=10001f6c x15:4396fcba  x8:10001f68  PA:10001f68
15937198ns          265189 1c0081c2 0046278b p.lw             x15, 4(x12!)        x15=425615c6 x12=1c0105e8 x12:1c0105e4  PA:1c0105e4
15937496ns          265204 1c0081c6 0046a58b p.lw             x11, 4(x13!)        x11=4228e5b7 x13=1c010c28 x13:1c010c24  PA:1c010c24
15937814ns          265220 1c0081ca 58f577c3 fmadd.s          f15, f10, f15, f11  f15=xxxxxxxx f10:42adda75 f15:425615c6 f11:4228e5b7
15937834ns          265221 1c0081ce 00f4222b p.sw             x15, 4(x8!)          x8=10001f70 x15:4592b533  x8:10001f6c  PA:10001f6c
15937854ns          265222 1c0081c2 0046278b p.lw             x15, 4(x12!)        x15=42012978 x12=1c0105ec x12:1c0105e8  PA:1c0105e8
15938172ns          265238 1c0081c6 0046a58b p.lw             x11, 4(x13!)        x11=4209c45e x13=1c010c2c x13:1c010c28  PA:1c010c28
15938491ns          265254 1c0081ca 58f577c3 fmadd.s          f15, f10, f15, f11  f15=xxxxxxxx f10:42adda75 f15:42012978 f11:4209c45e
15938511ns          265255 1c0081ce 00f4222b p.sw             x15, 4(x8!)          x8=10001f74 x15:4531958e  x8:10001f70  PA:10001f70
15938530ns          265256 1c0081c2 0046278b p.lw             x15, 4(x12!)        x15=4263324e x12=1c0105f0 x12:1c0105ec  PA:1c0105ec
15938829ns          265271 1c0081c6 0046a58b p.lw             x11, 4(x13!)        x11=42a2d7d3 x13=1c010c30 x13:1c010c2c  PA:1c010c2c
15939147ns          265287 1c0081ca 58f577c3 fmadd.s          f15, f10, f15, f11  f15=xxxxxxxx f10:42adda75 f15:4263324e f11:42a2d7d3
15939167ns          265288 1c0081ce 00f4222b p.sw             x15, 4(x8!)          x8=10001f78 x15:459cd63f  x8:10001f74  PA:10001f74
15939187ns          265289 1c0081c2 0046278b p.lw             x15, 4(x12!)        x15=42ad36c9 x12=1c0105f4 x12:1c0105f0  PA:1c0105f0
15939505ns          265305 1c0081c6 0046a58b p.lw             x11, 4(x13!)        x11=4121e4e1 x13=1c010c34 x13:1c010c30  PA:1c010c30
15939823ns          265321 1c0081ca 58f577c3 fmadd.s          f15, f10, f15, f11  f15=xxxxxxxx f10:42adda75 f15:42ad36c9 f11:4121e4e1
15939843ns          265322 1c0081ce 00f4222b p.sw             x15, 4(x8!)          x8=10001f7c x15:45eb949e  x8:10001f78  PA:10001f78
15939863ns          265323 1c0081c2 0046278b p.lw             x15, 4(x12!)        x15=42a6aefa x12=1c0105f8 x12:1c0105f4  PA:1c0105f4
15940161ns          265338 1c0081c6 0046a58b p.lw             x11, 4(x13!)        x11=425cd667 x13=1c010c38 x13:1c010c34  PA:1c010c34
15940480ns          265354 1c0081ca 58f577c3 fmadd.s          f15, f10, f15, f11  f15=xxxxxxxx f10:42adda75 f15:42a6aefa f11:425cd667
15940500ns          265355 1c0081ce 00f4222b p.sw             x15, 4(x8!)          x8=10001f80 x15:45e41ea5  x8:10001f7c  PA:10001f7c
15940519ns          265356 1c0081c2 0046278b p.lw             x15, 4(x12!)        x15=424f4940 x12=1c0105fc x12:1c0105f8  PA:1c0105f8
15940838ns          265372 1c0081c6 0046a58b p.lw             x11, 4(x13!)        x11=4229abac x13=1c010c3c x13:1c010c38  PA:1c010c38
15941156ns          265388 1c0081ca 58f577c3 fmadd.s          f15, f10, f15, f11  f15=xxxxxxxx f10:42adda75 f15:424f4940 f11:4229abac
15941176ns          265389 1c0081ce 00f4222b p.sw             x15, 4(x8!)          x8=10001f84 x15:458e18bb  x8:10001f80  PA:10001f80
15941196ns          265390 1c0081c2 0046278b p.lw             x15, 4(x12!)        x15=42271954 x12=1c010600 x12:1c0105fc  PA:1c0105fc
15941494ns          265405 1c0081c6 0046a58b p.lw             x11, 4(x13!)        x11=42a45214 x13=1c010c40 x13:1c010c3c  PA:1c010c3c
15941812ns          265421 1c0081ca 58f577c3 fmadd.s          f15, f10, f15, f11  f15=xxxxxxxx f10:42adda75 f15:42271954 f11:42a45214
15941832ns          265422 1c0081ce 00f4222b p.sw             x15, 4(x8!)          x8=10001f88 x15:456817fc  x8:10001f84  PA:10001f84
15941852ns          265423 1c0081c2 0046278b p.lw             x15, 4(x12!)        x15=42471ef1 x12=1c010604 x12:1c010600  PA:1c010600
15942170ns          265439 1c0081c6 0046a58b p.lw             x11, 4(x13!)        x11=42a027bd x13=1c010c44 x13:1c010c40  PA:1c010c40
15942489ns          265455 1c0081ca 58f577c3 fmadd.s          f15, f10, f15, f11  f15=xxxxxxxx f10:42adda75 f15:42471ef1 f11:42a027bd
15942509ns          265456 1c0081ce 00f4222b p.sw             x15, 4(x8!)          x8=10001f8c x15:4589ba73  x8:10001f88  PA:10001f88
15942528ns          265457 1c0081c2 0046278b p.lw             x15, 4(x12!)        x15=42420961 x12=1c010608 x12:1c010604  PA:1c010604
15942827ns          265472 1c0081c6 0046a58b p.lw             x11, 4(x13!)        x11=42ad93f6 x13=1c010c48 x13:1c010c44  PA:1c010c44
15943145ns          265488 1c0081ca 58f577c3 fmadd.s          f15, f10, f15, f11  f15=xxxxxxxx f10:42adda75 f15:42420961 f11:42ad93f6
15943165ns          265489 1c0081ce 00f4222b p.sw             x15, 4(x8!)          x8=10001f90 x15:45867c3b  x8:10001f8c  PA:10001f8c
15943185ns          265490 1c0081c2 0046278b p.lw             x15, 4(x12!)        x15=4199ec7d x12=1c01060c x12:1c010608  PA:1c010608
15943503ns          265506 1c0081c6 0046a58b p.lw             x11, 4(x13!)        x11=41c307ee x13=1c010c4c x13:1c010c48  PA:1c010c48
15943821ns          265522 1c0081ca 58f577c3 fmadd.s          f15, f10, f15, f11  f15=xxxxxxxx f10:42adda75 f15:4199ec7d f11:41c307ee
15943841ns          265523 1c0081ce 00f4222b p.sw             x15, 4(x8!)          x8=10001f94 x15:44d41c74  x8:10001f90  PA:10001f90
15943861ns          265524 1c0081c2 0046278b p.lw             x15, 4(x12!)        x15=422acbf8 x12=1c010610 x12:1c01060c  PA:1c01060c
15944159ns          265539 1c0081c6 0046a58b p.lw             x11, 4(x13!)        x11=42950387 x13=1c010c50 x13:1c010c4c  PA:1c010c4c
15944478ns          265555 1c0081ca 58f577c3 fmadd.s          f15, f10, f15, f11  f15=xxxxxxxx f10:42adda75 f15:422acbf8 f11:42950387
15944498ns          265556 1c0081ce 00f4222b p.sw             x15, 4(x8!)          x8=10001f98 x15:456ca349  x8:10001f94  PA:10001f94
15944518ns          265557 1c0081c2 0046278b p.lw             x15, 4(x12!)        x15=42b53c36 x12=1c010614 x12:1c010610  PA:1c010610
15944836ns          265573 1c0081c6 0046a58b p.lw             x11, 4(x13!)        x11=410dcf30 x13=1c010c54 x13:1c010c50  PA:1c010c50
15945154ns          265589 1c0081ca 58f577c3 fmadd.s          f15, f10, f15, f11  f15=xxxxxxxx f10:42adda75 f15:42b53c36 f11:410dcf30
15945174ns          265590 1c0081ce 00f4222b p.sw             x15, 4(x8!)          x8=10001f9c x15:45f66f99  x8:10001f98  PA:10001f98
15945194ns          265591 1c0081c2 0046278b p.lw             x15, 4(x12!)        x15=4250b979 x12=1c010618 x12:1c010614  PA:1c010614
15945492ns          265606 1c0081c6 0046a58b p.lw             x11, 4(x13!)        x11=429cc710 x13=1c010c58 x13:1c010c54  PA:1c010c54
15945810ns          265622 1c0081ca 58f577c3 fmadd.s          f15, f10, f15, f11  f15=xxxxxxxx f10:42adda75 f15:4250b979 f11:429cc710
15945830ns          265623 1c0081ce 00f4222b p.sw             x15, 4(x8!)          x8=10001fa0 x15:45903290  x8:10001f9c  PA:10001f9c
15945850ns          265624 1c0081c2 0046278b p.lw             x15, 4(x12!)        x15=41adea85 x12=1c01061c x12:1c010618  PA:1c010618
15946168ns          265640 1c0081c6 0046a58b p.lw             x11, 4(x13!)        x11=41bf5840 x13=1c010c5c x13:1c010c58  PA:1c010c58
15946487ns          265656 1c0081ca 58f577c3 fmadd.s          f15, f10, f15, f11  f15=xxxxxxxx f10:42adda75 f15:41adea85 f11:41bf5840
15946507ns          265657 1c0081ce 00f4222b p.sw             x15, 4(x8!)          x8=10001fa4 x15:44ef352b  x8:10001fa0  PA:10001fa0
15946526ns          265658 1c0081c2 0046278b p.lw             x15, 4(x12!)        x15=42bce33c x12=1c010620 x12:1c01061c  PA:1c01061c
15946825ns          265673 1c0081c6 0046a58b p.lw             x11, 4(x13!)        x11=429907e4 x13=1c010c60 x13:1c010c5c  PA:1c010c5c
15947143ns          265689 1c0081ca 58f577c3 fmadd.s          f15, f10, f15, f11  f15=xxxxxxxx f10:42adda75 f15:42bce33c f11:429907e4
15947163ns          265690 1c0081ce 00f4222b p.sw             x15, 4(x8!)          x8=10001fa8 x15:460178cf  x8:10001fa4  PA:10001fa4
15947183ns          265691 1c0081c2 0046278b p.lw             x15, 4(x12!)        x15=425049de x12=1c010624 x12:1c010620  PA:1c010620
15947501ns          265707 1c0081c6 0046a58b p.lw             x11, 4(x13!)        x11=427e245b x13=1c010c64 x13:1c010c60  PA:1c010c60
15947819ns          265723 1c0081ca 58f577c3 fmadd.s          f15, f10, f15, f11  f15=xxxxxxxx f10:42adda75 f15:425049de f11:427e245b
15947839ns          265724 1c0081ce 00f4222b p.sw             x15, 4(x8!)          x8=10001fac x15:458f6ff2  x8:10001fa8  PA:10001fa8
15947859ns          265725 1c0081c2 0046278b p.lw             x15, 4(x12!)        x15=426b9d52 x12=1c010628 x12:1c010624  PA:1c010624
15948158ns          265740 1c0081c6 0046a58b p.lw             x11, 4(x13!)        x11=4270ad8c x13=1c010c68 x13:1c010c64  PA:1c010c64
15948476ns          265756 1c0081ca 58f577c3 fmadd.s          f15, f10, f15, f11  f15=xxxxxxxx f10:42adda75 f15:426b9d52 f11:4270ad8c
15948496ns          265757 1c0081ce 00f4222b p.sw             x15, 4(x8!)          x8=10001fb0 x15:45a1e3bb  x8:10001fac  PA:10001fac
15948516ns          265758 1c0081c2 0046278b p.lw             x15, 4(x12!)        x15=42694d77 x12=1c01062c x12:1c010628  PA:1c010628
15948834ns          265774 1c0081c6 0046a58b p.lw             x11, 4(x13!)        x11=41e9d173 x13=1c010c6c x13:1c010c68  PA:1c010c68
15949152ns          265790 1c0081ca 58f577c3 fmadd.s          f15, f10, f15, f11  f15=xxxxxxxx f10:42adda75 f15:42694d77 f11:41e9d173
15949172ns          265791 1c0081ce 00f4222b p.sw             x15, 4(x8!)          x8=10001fb4 x15:459f5a41  x8:10001fb0  PA:10001fb0
15949192ns          265792 1c0081c2 0046278b p.lw             x15, 4(x12!)        x15=41db5012 x12=1c010630 x12:1c01062c  PA:1c01062c
15949490ns          265807 1c0081c6 0046a58b p.lw             x11, 4(x13!)        x11=42aa80f8 x13=1c010c70 x13:1c010c6c  PA:1c010c6c
15949808ns          265823 1c0081ca 58f577c3 fmadd.s          f15, f10, f15, f11  f15=xxxxxxxx f10:42adda75 f15:41db5012 f11:42aa80f8
15949828ns          265824 1c0081ce 00f4222b p.sw             x15, 4(x8!)          x8=10001fb8 x15:451a444a  x8:10001fb4  PA:10001fb4
15949848ns          265825 1c0081c2 0046278b p.lw             x15, 4(x12!)        x15=421a5b8b x12=1c010634 x12:1c010630  PA:1c010630
15950166ns          265841 1c0081c6 0046a58b p.lw             x11, 4(x13!)        x11=40a96dc3 x13=1c010c74 x13:1c010c70  PA:1c010c70
15950485ns          265857 1c0081ca 58f577c3 fmadd.s          f15, f10, f15, f11  f15=xxxxxxxx f10:42adda75 f15:421a5b8b f11:40a96dc3
15950505ns          265858 1c0081ce 00f4222b p.sw             x15, 4(x8!)          x8=10001fbc x15:4551fbe2  x8:10001fb8  PA:10001fb8
15950525ns          265859 1c0081c2 0046278b p.lw             x15, 4(x12!)        x15=425d2235 x12=1c010638 x12:1c010634  PA:1c010634
15950823ns          265874 1c0081c6 0046a58b p.lw             x11, 4(x13!)        x11=427e1ee2 x13=1c010c78 x13:1c010c74  PA:1c010c74
15951141ns          265890 1c0081ca 58f577c3 fmadd.s          f15, f10, f15, f11  f15=xxxxxxxx f10:42adda75 f15:425d2235 f11:427e1ee2
15951161ns          265891 1c0081ce 00f4222b p.sw             x15, 4(x8!)          x8=10001fc0 x15:45982910  x8:10001fbc  PA:10001fbc
15951181ns          265892 1c0081c2 0046278b p.lw             x15, 4(x12!)        x15=41223c30 x12=1c01063c x12:1c010638  PA:1c010638
15951499ns          265908 1c0081c6 0046a58b p.lw             x11, 4(x13!)        x11=427fd6c6 x13=1c010c7c x13:1c010c78  PA:1c010c78
15951817ns          265924 1c0081ca 58f577c3 fmadd.s          f15, f10, f15, f11  f15=xxxxxxxx f10:42adda75 f15:41223c30 f11:427fd6c6
15951837ns          265925 1c0081ce 00f4222b p.sw             x15, 4(x8!)          x8=10001fc4 x15:446c57a8  x8:10001fc0  PA:10001fc0
15951857ns          265926 1c0081c2 0046278b p.lw             x15, 4(x12!)        x15=42aae134 x12=1c010640 x12:1c01063c  PA:1c01063c
15952156ns          265941 1c0081c6 0046a58b p.lw             x11, 4(x13!)        x11=4218e0a7 x13=1c010c80 x13:1c010c7c  PA:1c010c7c
15952474ns          265957 1c0081ca 58f577c3 fmadd.s          f15, f10, f15, f11  f15=xxxxxxxx f10:42adda75 f15:42aae134 f11:4218e0a7
15952494ns          265958 1c0081ce 00f4222b p.sw             x15, 4(x8!)          x8=10001fc8 x15:45e949c5  x8:10001fc4  PA:10001fc4
15952514ns          265959 1c0081c2 0046278b p.lw             x15, 4(x12!)        x15=41e4bd85 x12=1c010644 x12:1c010640  PA:1c010640
15952832ns          265975 1c0081c6 0046a58b p.lw             x11, 4(x13!)        x11=41b3b0cf x13=1c010c84 x13:1c010c80  PA:1c010c80
15953150ns          265991 1c0081ca 58f577c3 fmadd.s          f15, f10, f15, f11  f15=xxxxxxxx f10:42adda75 f15:41e4bd85 f11:41b3b0cf
15953170ns          265992 1c0081ce 00f4222b p.sw             x15, 4(x8!)          x8=10001fcc x15:451cbea6  x8:10001fc8  PA:10001fc8
15953190ns          265993 1c0081c2 0046278b p.lw             x15, 4(x12!)        x15=41a4bc74 x12=1c010648 x12:1c010644  PA:1c010644
15953488ns          266008 1c0081c6 0046a58b p.lw             x11, 4(x13!)        x11=40700834 x13=1c010c88 x13:1c010c84  PA:1c010c84
15953806ns          266024 1c0081ca 58f577c3 fmadd.s          f15, f10, f15, f11  f15=xxxxxxxx f10:42adda75 f15:41a4bc74 f11:40700834
15953826ns          266025 1c0081ce 00f4222b p.sw             x15, 4(x8!)          x8=10001fd0 x15:44e037e0  x8:10001fcc  PA:10001fcc
15953846ns          266026 1c0081c2 0046278b p.lw             x15, 4(x12!)        x15=423ab655 x12=1c01064c x12:1c010648  PA:1c010648
15954165ns          266042 1c0081c6 0046a58b p.lw             x11, 4(x13!)        x11=4191160b x13=1c010c8c x13:1c010c88  PA:1c010c88
15954483ns          266058 1c0081ca 58f577c3 fmadd.s          f15, f10, f15, f11  f15=xxxxxxxx f10:42adda75 f15:423ab655 f11:4191160b
15954503ns          266059 1c0081ce 00f4222b p.sw             x15, 4(x8!)          x8=10001fd4 x15:457ebb44  x8:10001fd0  PA:10001fd0
15954523ns          266060 1c0081c2 0046278b p.lw             x15, 4(x12!)        x15=42ad918e x12=1c010650 x12:1c01064c  PA:1c01064c
15954821ns          266075 1c0081c6 0046a58b p.lw             x11, 4(x13!)        x11=4295fa38 x13=1c010c90 x13:1c010c8c  PA:1c010c8c
15955139ns          266091 1c0081ca 58f577c3 fmadd.s          f15, f10, f15, f11  f15=xxxxxxxx f10:42adda75 f15:42ad918e f11:4295fa38
15955159ns          266092 1c0081ce 00f4222b p.sw             x15, 4(x8!)          x8=10001fd8 x15:45ee16dd  x8:10001fd4  PA:10001fd4
15955179ns          266093 1c0081d2 6bd010ef jal              x1, 7868             x1=1c0081d6
15955239ns          266096 1c00a08e f14027f3 csrrs            x15, x0, 0xf14      x15=00000003
15955259ns          266097 1c00a092 01f00713 addi             x14, x0, 31         x14=0000001f
15955278ns          266098 1c00a094 ca5797b3 p.extractu       x15, x15, 5, 5      x15=00000000 x15:00000003
15955298ns          266099 1c00a098 00e78863 beq              x15, x14, 16        x15:00000000 x14:0000001f
15955318ns          266100 1c00a09c 002047b7 lui              x15, 0x204000       x15=00204000
15955338ns          266101 1c00a0a0 20078793 addi             x15, x15, 512       x15=00204200 x15:00204000
15955358ns          266102 1c00a0a4 01c7e703 p.elw            x14, 28(x15)        x14=00010000 x15:00204200  PA:0020421c
15955875ns          266128 1c00a0a8 00008067 jalr             x0, x1, 0            x1:1c0081d6
15955935ns          266131 1c0081d6 f14027f3 csrrs            x15, x0, 0xf14      x15=00000003
15955955ns          266132 1c0081da f457b7b3 p.bclr           x15, x15, 26, 5     x15=00000003 x15:00000003
15956392ns          266154 1c0081de 26078263 beq              x15, x0, 612        x15:00000003
15956412ns          266155 1c0081e2 00410693 addi             x13, x2, 4          x13=10001e4c  x2:10001e48
15956432ns          266156 1c0081e4 40d407b3 sub              x15, x8, x13        x15=0000018c  x8:10001fd8 x13:10001e4c
15956452ns          266157 1c0081e8 ffc78793 addi             x15, x15, -4        x15=00000188 x15:0000018c
15956472ns          266158 1c0081ea 00012403 lw               x8, 0(x2)            x8=453be38e  x2:10001e48  PA:10001e48
15956492ns          266159 1c0081ec 0027d793 srli             x15, x15, 0x2       x15=00000062 x15:00000188
15956512ns          266160 1c0081ee 00d00733 add              x14, x0, x13        x14=10001e4c x13:10001e4c
15956929ns          266181 1c0081f0 008009b3 add              x19, x0, x8         x19=453be38e  x8:453be38e
15956949ns          266182 1c0081f2 00178793 addi             x15, x15, 1         x15=00000063 x15:00000062
15956969ns          266183 1c0081f4 0047c0fb lp.setup         0x1, x15, 0x4       x15:00000063
15956989ns          266184 1c0081f8 0047260b p.lw             x12, 4(x14!)        x12=45b31345 x14=10001e50 x14:10001e4c  PA:10001e4c
15957029ns          266186 1c0081fc 00c9f9d3 fadd.s           f19, f19, f12       f19=xxxxxxxx f19:453be38e f12:45b31345
15957049ns          266187 1c0081f8 0047260b p.lw             x12, 4(x14!)        x12=4351f434 x14=10001e54 x14:10001e50  PA:10001e50
15957088ns          266189 1c0081fc 00c9f9d3 fadd.s           f19, f19, f12       f19=xxxxxxxx f19:46088286 f12:4351f434
15957526ns          266211 1c0081f8 0047260b p.lw             x12, 4(x14!)        x12=45762c4a x14=10001e58 x14:10001e54  PA:10001e54
15957566ns          266213 1c0081fc 00c9f9d3 fadd.s           f19, f19, f12       f19=xxxxxxxx f19:460bca57 f12:45762c4a
15957586ns          266214 1c0081f8 0047260b p.lw             x12, 4(x14!)        x12=44e3fd41 x14=10001e5c x14:10001e58  PA:10001e58
15957626ns          266216 1c0081fc 00c9f9d3 fadd.s           f19, f19, f12       f19=xxxxxxxx f19:4649556a f12:44e3fd41
15957645ns          266217 1c0081f8 0047260b p.lw             x12, 4(x14!)        x12=441700a2 x14=10001e60 x14:10001e5c  PA:10001e5c
15957685ns          266219 1c0081fc 00c9f9d3 fadd.s           f19, f19, f12       f19=xxxxxxxx f19:4665d512 f12:441700a2
15957705ns          266220 1c0081f8 0047260b p.lw             x12, 4(x14!)        x12=45c75cdf x14=10001e64 x14:10001e60  PA:10001e60
15957745ns          266222 1c0081fc 00c9f9d3 fadd.s           f19, f19, f12       f19=xxxxxxxx f19:466f451c f12:45c75cdf
15957765ns          266223 1c0081f8 0047260b p.lw             x12, 4(x14!)        x12=450d218d x14=10001e68 x14:10001e64  PA:10001e64
15957805ns          266225 1c0081fc 00c9f9d3 fadd.s           f19, f19, f12       f19=xxxxxxxx f19:46a979c6 f12:450d218d
15957824ns          266226 1c0081f8 0047260b p.lw             x12, 4(x14!)        x12=45127446 x14=10001e6c x14:10001e68  PA:10001e68
15957864ns          266228 1c0081fc 00c9f9d3 fadd.s           f19, f19, f12       f19=xxxxxxxx f19:46bb1df8 f12:45127446
15957884ns          266229 1c0081f8 0047260b p.lw             x12, 4(x14!)        x12=455f5b43 x14=10001e70 x14:10001e6c  PA:10001e6c
15957924ns          266231 1c0081fc 00c9f9d3 fadd.s           f19, f19, f12       f19=xxxxxxxx f19:46cd6c81 f12:455f5b43
15957944ns          266232 1c0081f8 0047260b p.lw             x12, 4(x14!)        x12=4511faec x14=10001e74 x14:10001e70  PA:10001e70
15957984ns          266234 1c0081fc 00c9f9d3 fadd.s           f19, f19, f12       f19=xxxxxxxx f19:46e957e9 f12:4511faec
15958003ns          266235 1c0081f8 0047260b p.lw             x12, 4(x14!)        x12=45839368 x14=10001e78 x14:10001e74  PA:10001e74
15958043ns          266237 1c0081fc 00c9f9d3 fadd.s           f19, f19, f12       f19=xxxxxxxx f19:46fb9746 f12:45839368
15958063ns          266238 1c0081f8 0047260b p.lw             x12, 4(x14!)        x12=45d7d46d x14=10001e7c x14:10001e78  PA:10001e78
15958103ns          266240 1c0081fc 00c9f9d3 fadd.s           f19, f19, f12       f19=xxxxxxxx f19:470e3e10 f12:45d7d46d
15958123ns          266241 1c0081f8 0047260b p.lw             x12, 4(x14!)        x12=43061bbc x14=10001e80 x14:10001e7c  PA:10001e7c
15958163ns          266243 1c0081fc 00c9f9d3 fadd.s           f19, f19, f12       f19=xxxxxxxx f19:4729389e f12:43061bbc
15958182ns          266244 1c0081f8 0047260b p.lw             x12, 4(x14!)        x12=45678b93 x14=10001e84 x14:10001e80  PA:10001e80
15958222ns          266246 1c0081fc 00c9f9d3 fadd.s           f19, f19, f12       f19=xxxxxxxx f19:4729beba f12:45678b93
15958242ns          266247 1c0081f8 0047260b p.lw             x12, 4(x14!)        x12=45d1d686 x14=10001e88 x14:10001e84  PA:10001e84
15958282ns          266249 1c0081fc 00c9f9d3 fadd.s           f19, f19, f12       f19=xxxxxxxx f19:47383773 f12:45d1d686
15958302ns          266250 1c0081f8 0047260b p.lw             x12, 4(x14!)        x12=4599fe3a x14=10001e8c x14:10001e88  PA:10001e88
15958342ns          266252 1c0081fc 00c9f9d3 fadd.s           f19, f19, f12       f19=xxxxxxxx f19:47527244 f12:4599fe3a
15958361ns          266253 1c0081f8 0047260b p.lw             x12, 4(x14!)        x12=459b1204 x14=10001e90 x14:10001e8c  PA:10001e8c
15958401ns          266255 1c0081fc 00c9f9d3 fadd.s           f19, f19, f12       f19=xxxxxxxx f19:4765b20b f12:459b1204
15958421ns          266256 1c0081f8 0047260b p.lw             x12, 4(x14!)        x12=446e8bc4 x14=10001e94 x14:10001e90  PA:10001e90
15958461ns          266258 1c0081fc 00c9f9d3 fadd.s           f19, f19, f12       f19=xxxxxxxx f19:4779144c f12:446e8bc4
15958481ns          266259 1c0081f8 0047260b p.lw             x12, 4(x14!)        x12=45e805ad x14=10001e98 x14:10001e94  PA:10001e94
15958521ns          266261 1c0081fc 00c9f9d3 fadd.s           f19, f19, f12       f19=xxxxxxxx f19:477cce7b f12:45e805ad
15958540ns          266262 1c0081f8 0047260b p.lw             x12, 4(x14!)        x12=45ce3bcc x14=10001e9c x14:10001e98  PA:10001e98
15958580ns          266264 1c0081fc 00c9f9d3 fadd.s           f19, f19, f12       f19=xxxxxxxx f19:478ce798 f12:45ce3bcc
15958600ns          266265 1c0081f8 0047260b p.lw             x12, 4(x14!)        x12=44dd7036 x14=10001ea0 x14:10001e9c  PA:10001e9c
15958640ns          266267 1c0081fc 00c9f9d3 fadd.s           f19, f19, f12       f19=xxxxxxxx f19:4799cb55 f12:44dd7036
15958660ns          266268 1c0081f8 0047260b p.lw             x12, 4(x14!)        x12=45935fde x14=10001ea4 x14:10001ea0  PA:10001ea0
15958700ns          266270 1c0081fc 00c9f9d3 fadd.s           f19, f19, f12       f19=xxxxxxxx f19:479d4116 f12:45935fde
15958720ns          266271 1c0081f8 0047260b p.lw             x12, 4(x14!)        x12=453ecd77 x14=10001ea8 x14:10001ea4  PA:10001ea4
15958759ns          266273 1c0081fc 00c9f9d3 fadd.s           f19, f19, f12       f19=xxxxxxxx f19:47a67714 f12:453ecd77
15958779ns          266274 1c0081f8 0047260b p.lw             x12, 4(x14!)        x12=4334557b x14=10001eac x14:10001ea8  PA:10001ea8
15958819ns          266276 1c0081fc 00c9f9d3 fadd.s           f19, f19, f12       f19=xxxxxxxx f19:47ac6d80 f12:4334557b
15958839ns          266277 1c0081f8 0047260b p.lw             x12, 4(x14!)        x12=45c32a88 x14=10001eb0 x14:10001eac  PA:10001eac
15958879ns          266279 1c0081fc 00c9f9d3 fadd.s           f19, f19, f12       f19=xxxxxxxx f19:47acc7ab f12:45c32a88
15958899ns          266280 1c0081f8 0047260b p.lw             x12, 4(x14!)        x12=4605226c x14=10001eb4 x14:10001eb0  PA:10001eb0
15958938ns          266282 1c0081fc 00c9f9d3 fadd.s           f19, f19, f12       f19=xxxxxxxx f19:47b8fa54 f12:4605226c
15958958ns          266283 1c0081f8 0047260b p.lw             x12, 4(x14!)        x12=456baac3 x14=10001eb8 x14:10001eb4  PA:10001eb4
15958998ns          266285 1c0081fc 00c9f9d3 fadd.s           f19, f19, f12       f19=xxxxxxxx f19:47c99ea2 f12:456baac3
15959018ns          266286 1c0081f8 0047260b p.lw             x12, 4(x14!)        x12=457adb49 x14=10001ebc x14:10001eb8  PA:10001eb8
15959058ns          266288 1c0081fc 00c9f9d3 fadd.s           f19, f19, f12       f19=xxxxxxxx f19:47d0fbf8 f12:457adb49
15959078ns          266289 1c0081f8 0047260b p.lw             x12, 4(x14!)        x12=4598ee46 x14=10001ec0 x14:10001ebc  PA:10001ebc
15959117ns          266291 1c0081fc 00c9f9d3 fadd.s           f19, f19, f12       f19=xxxxxxxx f19:47d8d2d2 f12:4598ee46
15959137ns          266292 1c0081f8 0047260b p.lw             x12, 4(x14!)        x12=45b0b619 x14=10001ec4 x14:10001ec0  PA:10001ec0
15959177ns          266294 1c0081fc 00c9f9d3 fadd.s           f19, f19, f12       f19=xxxxxxxx f19:47e261b6 f12:45b0b619
15959197ns          266295 1c0081f8 0047260b p.lw             x12, 4(x14!)        x12=4516a0f1 x14=10001ec8 x14:10001ec4  PA:10001ec4
15959237ns          266297 1c0081fc 00c9f9d3 fadd.s           f19, f19, f12       f19=xxxxxxxx f19:47ed6d18 f12:4516a0f1
15959257ns          266298 1c0081f8 0047260b p.lw             x12, 4(x14!)        x12=45ceeae5 x14=10001ecc x14:10001ec8  PA:10001ec8
15959296ns          266300 1c0081fc 00c9f9d3 fadd.s           f19, f19, f12       f19=xxxxxxxx f19:47f22220 f12:45ceeae5
15959316ns          266301 1c0081f8 0047260b p.lw             x12, 4(x14!)        x12=459a443b x14=10001ed0 x14:10001ecc  PA:10001ecc
15959356ns          266303 1c0081fc 00c9f9d3 fadd.s           f19, f19, f12       f19=xxxxxxxx f19:47ff10ce f12:459a443b
15959376ns          266304 1c0081f8 0047260b p.lw             x12, 4(x14!)        x12=45b6fc01 x14=10001ed4 x14:10001ed0  PA:10001ed0
15959416ns          266306 1c0081fc 00c9f9d3 fadd.s           f19, f19, f12       f19=xxxxxxxx f19:48045a89 f12:45b6fc01
15959436ns          266307 1c0081f8 0047260b p.lw             x12, 4(x14!)        x12=450938f5 x14=10001ed8 x14:10001ed4  PA:10001ed4
15959475ns          266309 1c0081fc 00c9f9d3 fadd.s           f19, f19, f12       f19=xxxxxxxx f19:480a1269 f12:450938f5
15959495ns          266310 1c0081f8 0047260b p.lw             x12, 4(x14!)        x12=459a1788 x14=10001edc x14:10001ed8  PA:10001ed8
15959535ns          266312 1c0081fc 00c9f9d3 fadd.s           f19, f19, f12       f19=xxxxxxxx f19:480c374d f12:459a1788
15959555ns          266313 1c0081f8 0047260b p.lw             x12, 4(x14!)        x12=44e92e79 x14=10001ee0 x14:10001edc  PA:10001edc
15959595ns          266315 1c0081fc 00c9f9d3 fadd.s           f19, f19, f12       f19=xxxxxxxx f19:48110809 f12:44e92e79
15959615ns          266316 1c0081f8 0047260b p.lw             x12, 4(x14!)        x12=44abd0aa x14=10001ee4 x14:10001ee0  PA:10001ee0
15959654ns          266318 1c0081fc 00c9f9d3 fadd.s           f19, f19, f12       f19=xxxxxxxx f19:4812da66 f12:44abd0aa
15959674ns          266319 1c0081f8 0047260b p.lw             x12, 4(x14!)        x12=44097e1f x14=10001ee8 x14:10001ee4  PA:10001ee4
15959714ns          266321 1c0081fc 00c9f9d3 fadd.s           f19, f19, f12       f19=xxxxxxxx f19:48143207 f12:44097e1f
15959734ns          266322 1c0081f8 0047260b p.lw             x12, 4(x14!)        x12=45359676 x14=10001eec x14:10001ee8  PA:10001ee8
15959774ns          266324 1c0081fc 00c9f9d3 fadd.s           f19, f19, f12       f19=xxxxxxxx f19:4814bb85 f12:45359676
15959794ns          266325 1c0081f8 0047260b p.lw             x12, 4(x14!)        x12=431e24d4 x14=10001ef0 x14:10001eec  PA:10001eec
15959833ns          266327 1c0081fc 00c9f9d3 fadd.s           f19, f19, f12       f19=xxxxxxxx f19:481791df f12:431e24d4
15959853ns          266328 1c0081f8 0047260b p.lw             x12, 4(x14!)        x12=457c0caa x14=10001ef4 x14:10001ef0  PA:10001ef0
15959893ns          266330 1c0081fc 00c9f9d3 fadd.s           f19, f19, f12       f19=xxxxxxxx f19:4817b968 f12:457c0caa
15959913ns          266331 1c0081f8 0047260b p.lw             x12, 4(x14!)        x12=452cdd7f x14=10001ef8 x14:10001ef4  PA:10001ef4
15959953ns          266333 1c0081fc 00c9f9d3 fadd.s           f19, f19, f12       f19=xxxxxxxx f19:481ba99b f12:452cdd7f
15959973ns          266334 1c0081f8 0047260b p.lw             x12, 4(x14!)        x12=45fb9055 x14=10001efc x14:10001ef8  PA:10001ef8
15960012ns          266336 1c0081fc 00c9f9d3 fadd.s           f19, f19, f12       f19=xxxxxxxx f19:481e5d11 f12:45fb9055
15960032ns          266337 1c0081f8 0047260b p.lw             x12, 4(x14!)        x12=4548f311 x14=10001f00 x14:10001efc  PA:10001efc
15960072ns          266339 1c0081fc 00c9f9d3 fadd.s           f19, f19, f12       f19=xxxxxxxx f19:48263994 f12:4548f311
15960092ns          266340 1c0081f8 0047260b p.lw             x12, 4(x14!)        x12=45b652db x14=10001f04 x14:10001f00  PA:10001f00
15960132ns          266342 1c0081fc 00c9f9d3 fadd.s           f19, f19, f12       f19=xxxxxxxx f19:48295d60 f12:45b652db
15960152ns          266343 1c0081f8 0047260b p.lw             x12, 4(x14!)        x12=44fbead7 x14=10001f08 x14:10001f04  PA:10001f04
15960191ns          266345 1c0081fc 00c9f9d3 fadd.s           f19, f19, f12       f19=xxxxxxxx f19:482f0ff7 f12:44fbead7
15960211ns          266346 1c0081f8 0047260b p.lw             x12, 4(x14!)        x12=449897b1 x14=10001f0c x14:10001f08  PA:10001f08
15960251ns          266348 1c0081fc 00c9f9d3 fadd.s           f19, f19, f12       f19=xxxxxxxx f19:483107cd f12:449897b1
15960271ns          266349 1c0081f8 0047260b p.lw             x12, 4(x14!)        x12=45979fb6 x14=10001f10 x14:10001f0c  PA:10001f0c
15960311ns          266351 1c0081fc 00c9f9d3 fadd.s           f19, f19, f12       f19=xxxxxxxx f19:483238fc f12:45979fb6
15960331ns          266352 1c0081f8 0047260b p.lw             x12, 4(x14!)        x12=453c404c x14=10001f14 x14:10001f10  PA:10001f10
15960370ns          266354 1c0081fc 00c9f9d3 fadd.s           f19, f19, f12       f19=xxxxxxxx f19:4836f5fa f12:453c404c
15960390ns          266355 1c0081f8 0047260b p.lw             x12, 4(x14!)        x12=45b9176f x14=10001f18 x14:10001f14  PA:10001f14
15960430ns          266357 1c0081fc 00c9f9d3 fadd.s           f19, f19, f12       f19=xxxxxxxx f19:4839e6fb f12:45b9176f
15960450ns          266358 1c0081f8 0047260b p.lw             x12, 4(x14!)        x12=45a2a384 x14=10001f1c x14:10001f18  PA:10001f18
15960490ns          266360 1c0081fc 00c9f9d3 fadd.s           f19, f19, f12       f19=xxxxxxxx f19:483fafb6 f12:45a2a384
15960510ns          266361 1c0081f8 0047260b p.lw             x12, 4(x14!)        x12=45bb9f70 x14=10001f20 x14:10001f1c  PA:10001f1c
15960549ns          266363 1c0081fc 00c9f9d3 fadd.s           f19, f19, f12       f19=xxxxxxxx f19:4844c4d2 f12:45bb9f70
15960569ns          266364 1c0081f8 0047260b p.lw             x12, 4(x14!)        x12=456c8d17 x14=10001f24 x14:10001f20  PA:10001f20
15960609ns          266366 1c0081fc 00c9f9d3 fadd.s           f19, f19, f12       f19=xxxxxxxx f19:484aa1ce f12:456c8d17
15960629ns          266367 1c0081f8 0047260b p.lw             x12, 4(x14!)        x12=44967e98 x14=10001f28 x14:10001f24  PA:10001f24
15960669ns          266369 1c0081fc 00c9f9d3 fadd.s           f19, f19, f12       f19=xxxxxxxx f19:484e5402 f12:44967e98
15960689ns          266370 1c0081f8 0047260b p.lw             x12, 4(x14!)        x12=44c27b4e x14=10001f2c x14:10001f28  PA:10001f28
15960728ns          266372 1c0081fc 00c9f9d3 fadd.s           f19, f19, f12       f19=xxxxxxxx f19:484f80ff f12:44c27b4e
15960748ns          266373 1c0081f8 0047260b p.lw             x12, 4(x14!)        x12=45b69d7d x14=10001f30 x14:10001f2c  PA:10001f2c
15960788ns          266375 1c0081fc 00c9f9d3 fadd.s           f19, f19, f12       f19=xxxxxxxx f19:485105f6 f12:45b69d7d
15960808ns          266376 1c0081f8 0047260b p.lw             x12, 4(x14!)        x12=4565b27c x14=10001f34 x14:10001f30  PA:10001f30
15960848ns          266378 1c0081fc 00c9f9d3 fadd.s           f19, f19, f12       f19=xxxxxxxx f19:4856bae2 f12:4565b27c
15960868ns          266379 1c0081f8 0047260b p.lw             x12, 4(x14!)        x12=4603b175 x14=10001f38 x14:10001f34  PA:10001f34
15960907ns          266381 1c0081fc 00c9f9d3 fadd.s           f19, f19, f12       f19=xxxxxxxx f19:485a51ac f12:4603b175
15960927ns          266382 1c0081f8 0047260b p.lw             x12, 4(x14!)        x12=45b87e68 x14=10001f3c x14:10001f38  PA:10001f38
15960967ns          266384 1c0081fc 00c9f9d3 fadd.s           f19, f19, f12       f19=xxxxxxxx f19:48628cc3 f12:45b87e68
15960987ns          266385 1c0081f8 0047260b p.lw             x12, 4(x14!)        x12=43b04599 x14=10001f40 x14:10001f3c  PA:10001f3c
15961027ns          266387 1c0081fc 00c9f9d3 fadd.s           f19, f19, f12       f19=xxxxxxxx f19:486850b6 f12:43b04599
15961047ns          266388 1c0081f8 0047260b p.lw             x12, 4(x14!)        x12=444a73fe x14=10001f44 x14:10001f40  PA:10001f40
15961087ns          266390 1c0081fc 00c9f9d3 fadd.s           f19, f19, f12       f19=xxxxxxxx f19:4868a8d9 f12:444a73fe
15961106ns          266391 1c0081f8 0047260b p.lw             x12, 4(x14!)        x12=451a754d x14=10001f48 x14:10001f44  PA:10001f44
15961146ns          266393 1c0081fc 00c9f9d3 fadd.s           f19, f19, f12       f19=xxxxxxxx f19:4869734d f12:451a754d
15961166ns          266394 1c0081f8 0047260b p.lw             x12, 4(x14!)        x12=46034ffe x14=10001f4c x14:10001f48  PA:10001f48
15961206ns          266396 1c0081fc 00c9f9d3 fadd.s           f19, f19, f12       f19=xxxxxxxx f19:486bdd22 f12:46034ffe
15961226ns          266397 1c0081f8 0047260b p.lw             x12, 4(x14!)        x12=45b15b7d x14=10001f50 x14:10001f4c  PA:10001f4c
15961266ns          266399 1c0081fc 00c9f9d3 fadd.s           f19, f19, f12       f19=xxxxxxxx f19:48741222 f12:45b15b7d
15961285ns          266400 1c0081f8 0047260b p.lw             x12, 4(x14!)        x12=4559b4e1 x14=10001f54 x14:10001f50  PA:10001f50
15961325ns          266402 1c0081fc 00c9f9d3 fadd.s           f19, f19, f12       f19=xxxxxxxx f19:48799cfe f12:4559b4e1
15961345ns          266403 1c0081f8 0047260b p.lw             x12, 4(x14!)        x12=45ef66e5 x14=10001f58 x14:10001f54  PA:10001f54
15961385ns          266405 1c0081fc 00c9f9d3 fadd.s           f19, f19, f12       f19=xxxxxxxx f19:487d03d2 f12:45ef66e5
15961405ns          266406 1c0081f8 0047260b p.lw             x12, 4(x14!)        x12=44bed1b9 x14=10001f5c x14:10001f58  PA:10001f58
15961445ns          266408 1c0081fc 00c9f9d3 fadd.s           f19, f19, f12       f19=xxxxxxxx f19:48823f85 f12:44bed1b9
15961464ns          266409 1c0081f8 0047260b p.lw             x12, 4(x14!)        x12=45892ec1 x14=10001f60 x14:10001f5c  PA:10001f5c
15961504ns          266411 1c0081fc 00c9f9d3 fadd.s           f19, f19, f12       f19=xxxxxxxx f19:4882fe57 f12:45892ec1
15961524ns          266412 1c0081f8 0047260b p.lw             x12, 4(x14!)        x12=445b82c6 x14=10001f64 x14:10001f60  PA:10001f60
15961564ns          266414 1c0081fc 00c9f9d3 fadd.s           f19, f19, f12       f19=xxxxxxxx f19:48852312 f12:445b82c6
15961584ns          266415 1c0081f8 0047260b p.lw             x12, 4(x14!)        x12=45af61c4 x14=10001f68 x14:10001f64  PA:10001f64
15961624ns          266417 1c0081fc 00c9f9d3 fadd.s           f19, f19, f12       f19=xxxxxxxx f19:488590d3 f12:45af61c4
15961643ns          266418 1c0081f8 0047260b p.lw             x12, 4(x14!)        x12=4396fcba x14=10001f6c x14:10001f68  PA:10001f68
15961683ns          266420 1c0081fc 00c9f9d3 fadd.s           f19, f19, f12       f19=xxxxxxxx f19:48884e5a f12:4396fcba
15961703ns          266421 1c0081f8 0047260b p.lw             x12, 4(x14!)        x12=4592b533 x14=10001f70 x14:10001f6c  PA:10001f6c
15961743ns          266423 1c0081fc 00c9f9d3 fadd.s           f19, f19, f12       f19=xxxxxxxx f19:48887419 f12:4592b533
15961763ns          266424 1c0081f8 0047260b p.lw             x12, 4(x14!)        x12=4531958e x14=10001f74 x14:10001f70  PA:10001f70
15961803ns          266426 1c0081fc 00c9f9d3 fadd.s           f19, f19, f12       f19=xxxxxxxx f19:488abeee f12:4531958e
15961822ns          266427 1c0081f8 0047260b p.lw             x12, 4(x14!)        x12=459cd63f x14=10001f78 x14:10001f74  PA:10001f74
15961862ns          266429 1c0081fc 00c9f9d3 fadd.s           f19, f19, f12       f19=xxxxxxxx f19:488c2219 f12:459cd63f
15961882ns          266430 1c0081f8 0047260b p.lw             x12, 4(x14!)        x12=45eb949e x14=10001f7c x14:10001f78  PA:10001f78
15961922ns          266432 1c0081fc 00c9f9d3 fadd.s           f19, f19, f12       f19=xxxxxxxx f19:488e9572 f12:45eb949e
15961942ns          266433 1c0081f8 0047260b p.lw             x12, 4(x14!)        x12=45e41ea5 x14=10001f80 x14:10001f7c  PA:10001f7c
15961982ns          266435 1c0081fc 00c9f9d3 fadd.s           f19, f19, f12       f19=xxxxxxxx f19:489243c4 f12:45e41ea5
15962001ns          266436 1c0081f8 0047260b p.lw             x12, 4(x14!)        x12=458e18bb x14=10001f84 x14:10001f80  PA:10001f80
15962041ns          266438 1c0081fc 00c9f9d3 fadd.s           f19, f19, f12       f19=xxxxxxxx f19:4895d43f f12:458e18bb
15962061ns          266439 1c0081f8 0047260b p.lw             x12, 4(x14!)        x12=456817fc x14=10001f88 x14:10001f84  PA:10001f84
15962101ns          266441 1c0081fc 00c9f9d3 fadd.s           f19, f19, f12       f19=xxxxxxxx f19:48980ca2 f12:456817fc
15962121ns          266442 1c0081f8 0047260b p.lw             x12, 4(x14!)        x12=4589ba73 x14=10001f8c x14:10001f88  PA:10001f88
15962161ns          266444 1c0081fc 00c9f9d3 fadd.s           f19, f19, f12       f19=xxxxxxxx f19:4899dcd2 f12:4589ba73
15962180ns          266445 1c0081f8 0047260b p.lw             x12, 4(x14!)        x12=45867c3b x14=10001f90 x14:10001f8c  PA:10001f8c
15962220ns          266447 1c0081fc 00c9f9d3 fadd.s           f19, f19, f12       f19=xxxxxxxx f19:489c03bc f12:45867c3b
15962240ns          266448 1c0081f8 0047260b p.lw             x12, 4(x14!)        x12=44d41c74 x14=10001f94 x14:10001f90  PA:10001f90
15962280ns          266450 1c0081fc 00c9f9d3 fadd.s           f19, f19, f12       f19=xxxxxxxx f19:489e1dad f12:44d41c74
15962300ns          266451 1c0081f8 0047260b p.lw             x12, 4(x14!)        x12=456ca349 x14=10001f98 x14:10001f94  PA:10001f94
15962340ns          266453 1c0081fc 00c9f9d3 fadd.s           f19, f19, f12       f19=xxxxxxxx f19:489ef1c9 f12:456ca349
15962360ns          266454 1c0081f8 0047260b p.lw             x12, 4(x14!)        x12=45f66f99 x14=10001f9c x14:10001f98  PA:10001f98
15962399ns          266456 1c0081fc 00c9f9d3 fadd.s           f19, f19, f12       f19=xxxxxxxx f19:48a0cb10 f12:45f66f99
15962419ns          266457 1c0081f8 0047260b p.lw             x12, 4(x14!)        x12=45903290 x14=10001fa0 x14:10001f9c  PA:10001f9c
15962459ns          266459 1c0081fc 00c9f9d3 fadd.s           f19, f19, f12       f19=xxxxxxxx f19:48a4a4ce f12:45903290
15962479ns          266460 1c0081f8 0047260b p.lw             x12, 4(x14!)        x12=44ef352b x14=10001fa4 x14:10001fa0  PA:10001fa0
15962519ns          266462 1c0081fc 00c9f9d3 fadd.s           f19, f19, f12       f19=xxxxxxxx f19:48a6e598 f12:44ef352b
15962539ns          266463 1c0081f8 0047260b p.lw             x12, 4(x14!)        x12=460178cf x14=10001fa8 x14:10001fa4  PA:10001fa4
15962578ns          266465 1c0081fc 00c9f9d3 fadd.s           f19, f19, f12       f19=xxxxxxxx f19:48a7d4cd f12:460178cf
15962598ns          266466 1c0081f8 0047260b p.lw             x12, 4(x14!)        x12=458f6ff2 x14=10001fac x14:10001fa8  PA:10001fa8
15962638ns          266468 1c0081fc 00c9f9d3 fadd.s           f19, f19, f12       f19=xxxxxxxx f19:48abe093 f12:458f6ff2
15962658ns          266469 1c0081f8 0047260b p.lw             x12, 4(x14!)        x12=45a1e3bb x14=10001fb0 x14:10001fac  PA:10001fac
15962698ns          266471 1c0081fc 00c9f9d3 fadd.s           f19, f19, f12       f19=xxxxxxxx f19:48ae1e53 f12:45a1e3bb
15962718ns          266472 1c0081f8 0047260b p.lw             x12, 4(x14!)        x12=459f5a41 x14=10001fb4 x14:10001fb0  PA:10001fb0
15962757ns          266474 1c0081fc 00c9f9d3 fadd.s           f19, f19, f12       f19=xxxxxxxx f19:48b0a5e2 f12:459f5a41
15962777ns          266475 1c0081f8 0047260b p.lw             x12, 4(x14!)        x12=451a444a x14=10001fb8 x14:10001fb4  PA:10001fb4
15962817ns          266477 1c0081fc 00c9f9d3 fadd.s           f19, f19, f12       f19=xxxxxxxx f19:48b3234b f12:451a444a
15962837ns          266478 1c0081f8 0047260b p.lw             x12, 4(x14!)        x12=4551fbe2 x14=10001fbc x14:10001fb8  PA:10001fb8
15962877ns          266480 1c0081fc 00c9f9d3 fadd.s           f19, f19, f12       f19=xxxxxxxx f19:48b457d4 f12:4551fbe2
15962897ns          266481 1c0081f8 0047260b p.lw             x12, 4(x14!)        x12=45982910 x14=10001fc0 x14:10001fbc  PA:10001fbc
15962936ns          266483 1c0081fc 00c9f9d3 fadd.s           f19, f19, f12       f19=xxxxxxxx f19:48b5fbcc f12:45982910
15962956ns          266484 1c0081f8 0047260b p.lw             x12, 4(x14!)        x12=446c57a8 x14=10001fc4 x14:10001fc0  PA:10001fc0
15962996ns          266486 1c0081fc 00c9f9d3 fadd.s           f19, f19, f12       f19=xxxxxxxx f19:48b85c70 f12:446c57a8
15963016ns          266487 1c0081f8 0047260b p.lw             x12, 4(x14!)        x12=45e949c5 x14=10001fc8 x14:10001fc4  PA:10001fc4
15963056ns          266489 1c0081fc 00c9f9d3 fadd.s           f19, f19, f12       f19=xxxxxxxx f19:48b8d29c f12:45e949c5
15963076ns          266490 1c0081f8 0047260b p.lw             x12, 4(x14!)        x12=451cbea6 x14=10001fcc x14:10001fc8  PA:10001fc8
15963115ns          266492 1c0081fc 00c9f9d3 fadd.s           f19, f19, f12       f19=xxxxxxxx f19:48bc77c3 f12:451cbea6
15963135ns          266493 1c0081f8 0047260b p.lw             x12, 4(x14!)        x12=44e037e0 x14=10001fd0 x14:10001fcc  PA:10001fcc
15963175ns          266495 1c0081fc 00c9f9d3 fadd.s           f19, f19, f12       f19=xxxxxxxx f19:48bdb140 f12:44e037e0
15963195ns          266496 1c0081f8 0047260b p.lw             x12, 4(x14!)        x12=457ebb44 x14=10001fd4 x14:10001fd0  PA:10001fd0
15963235ns          266498 1c0081fc 00c9f9d3 fadd.s           f19, f19, f12       f19=xxxxxxxx f19:48be9178 f12:457ebb44
15963255ns          266499 1c0081f8 0047260b p.lw             x12, 4(x14!)        x12=45ee16dd x14=10001fd8 x14:10001fd4  PA:10001fd4
15963294ns          266501 1c0081fc 00c9f9d3 fadd.s           f19, f19, f12       f19=xxxxxxxx f19:48c08eef f12:45ee16dd
15963314ns          266502 1c008200 40d707b3 sub              x15, x14, x13       x15=0000018c x14:10001fd8 x13:10001e4c
15963334ns          266503 1c008204 1c000737 lui              x14, 0x1c000000     x14=1c000000
15963354ns          266504 1c008208 01c72603 lw               x12, 28(x14)        x12=3c23d70a x14:1c000000  PA:1c00001c
15963792ns          266526 1c00820c ffc78793 addi             x15, x15, -4        x15=00000188 x15:0000018c
15963812ns          266527 1c00820e 10c9f653 fmul.s           f12, f19, f12       f12=xxxxxxxx f19:48c4474a f12:3c23d70a
15963831ns          266528 1c008212 0027d793 srli             x15, x15, 0x2       x15=00000062 x15:00000188
15963851ns          266529 1c008214 00178793 addi             x15, x15, 1         x15=00000063 x15:00000062
15963871ns          266530 1c008216 08c47453 fsub.s           f8, f8, f12          f8=xxxxxxxx  f8:453be38e f12:457b3c87
15963891ns          266531 1c00821a 10847453 fmul.s           f8, f8, f8           f8=xxxxxxxx  f8:c47d63e4  f8:c47d63e4
15964289ns          266551 1c00821e 0067c0fb lp.setup         0x1, x15, 0x6       x15:00000063
15964329ns          266553 1c008222 0046a70b p.lw             x14, 4(x13!)        x14=45b31345 x13=10001e50 x13:10001e4c  PA:10001e4c
15964368ns          266555 1c008226 08c77753 fsub.s           f14, f14, f12       f14=xxxxxxxx f14:45b31345 f12:457b3c87
15964388ns          266556 1c00822a 40e77443 fmadd.s          f8, f14, f14, f8     f8=xxxxxxxx f14:44d5d406 f14:44d5d406  f8:497ace98
15964408ns          266557 1c008222 0046a70b p.lw             x14, 4(x13!)        x14=4351f434 x13=10001e54 x13:10001e50  PA:10001e50
15964448ns          266559 1c008226 08c77753 fsub.s           f14, f14, f12       f14=xxxxxxxx f14:4351f434 f12:457b3c87
15964468ns          266560 1c00822a 40e77443 fmadd.s          f8, f14, f14, f8     f8=xxxxxxxx f14:c56e1d44 f14:c56e1d44  f8:4a714e28
15964488ns          266561 1c008222 0046a70b p.lw             x14, 4(x13!)        x14=45762c4a x13=10001e58 x13:10001e54  PA:10001e54
15964528ns          266563 1c008226 08c77753 fsub.s           f14, f14, f12       f14=xxxxxxxx f14:45762c4a f12:457b3c87
15964547ns          266564 1c00822a 40e77443 fmadd.s          f8, f14, f14, f8     f8=xxxxxxxx f14:c2a207a0 f14:c2a207a0  f8:4b8ce6fc
15964567ns          266565 1c008222 0046a70b p.lw             x14, 4(x13!)        x14=44e3fd41 x13=10001e5c x13:10001e58  PA:10001e58
15964607ns          266567 1c008226 08c77753 fsub.s           f14, f14, f12       f14=xxxxxxxx f14:44e3fd41 f12:457b3c87
15964627ns          266568 1c00822a 40e77443 fmadd.s          f8, f14, f14, f8     f8=xxxxxxxx f14:c5093de6 f14:c5093de6  f8:4b8cf3ce
15964647ns          266569 1c008222 0046a70b p.lw             x14, 4(x13!)        x14=441700a2 x13=10001e60 x13:10001e5c  PA:10001e5c
15964687ns          266571 1c008226 08c77753 fsub.s           f14, f14, f12       f14=xxxxxxxx f14:441700a2 f12:457b3c87
15964707ns          266572 1c00822a 40e77443 fmadd.s          f8, f14, f14, f8     f8=xxxxxxxx f14:c5557c5e f14:c5557c5e  f8:4bb1bd76
15964727ns          266573 1c008222 0046a70b p.lw             x14, 4(x13!)        x14=45c75cdf x13=10001e64 x13:10001e60  PA:10001e60
15964766ns          266575 1c008226 08c77753 fsub.s           f14, f14, f12       f14=xxxxxxxx f14:45c75cdf f12:457b3c87
15964786ns          266576 1c00822a 40e77443 fmadd.s          f8, f14, f14, f8     f8=xxxxxxxx f14:45137d37 f14:45137d37  f8:4c0560c7
15964806ns          266577 1c008222 0046a70b p.lw             x14, 4(x13!)        x14=450d218d x13=10001e68 x13:10001e64  PA:10001e64
15964846ns          266579 1c008226 08c77753 fsub.s           f14, f14, f12       f14=xxxxxxxx f14:450d218d f12:457b3c87
15964866ns          266580 1c00822a 40e77443 fmadd.s          f8, f14, f14, f8     f8=xxxxxxxx f14:c4dc35f4 f14:c4dc35f4  f8:4c1a9f0a
15964886ns          266581 1c008222 0046a70b p.lw             x14, 4(x13!)        x14=45127446 x13=10001e6c x13:10001e68  PA:10001e68
15964925ns          266583 1c008226 08c77753 fsub.s           f14, f14, f12       f14=xxxxxxxx f14:45127446 f12:457b3c87
15964945ns          266584 1c00822a 40e77443 fmadd.s          f8, f14, f14, f8     f8=xxxxxxxx f14:c4d19082 f14:c4d19082  f8:4c2675d6
15964965ns          266585 1c008222 0046a70b p.lw             x14, 4(x13!)        x14=455f5b43 x13=10001e70 x13:10001e6c  PA:10001e6c
15965005ns          266587 1c008226 08c77753 fsub.s           f14, f14, f12       f14=xxxxxxxx f14:455f5b43 f12:457b3c87
15965025ns          266588 1c00822a 40e77443 fmadd.s          f8, f14, f14, f8     f8=xxxxxxxx f14:c3df0a20 f14:c3df0a20  f8:4c312eaa
15965045ns          266589 1c008222 0046a70b p.lw             x14, 4(x13!)        x14=4511faec x13=10001e74 x13:10001e70  PA:10001e70
15965085ns          266591 1c008226 08c77753 fsub.s           f14, f14, f12       f14=xxxxxxxx f14:4511faec f12:457b3c87
15965104ns          266592 1c00822a 40e77443 fmadd.s          f8, f14, f14, f8     f8=xxxxxxxx f14:c4d28336 f14:c4d28336  f8:4c31f0fd
15965124ns          266593 1c008222 0046a70b p.lw             x14, 4(x13!)        x14=45839368 x13=10001e78 x13:10001e74  PA:10001e74
15965164ns          266595 1c008226 08c77753 fsub.s           f14, f14, f12       f14=xxxxxxxx f14:45839368 f12:457b3c87
15965184ns          266596 1c00822a 40e77443 fmadd.s          f8, f14, f14, f8     f8=xxxxxxxx f14:433ea490 f14:433ea490  f8:4c3cc2b5
15965204ns          266597 1c008222 0046a70b p.lw             x14, 4(x13!)        x14=45d7d46d x13=10001e7c x13:10001e78  PA:10001e78
15965244ns          266599 1c008226 08c77753 fsub.s           f14, f14, f12       f14=xxxxxxxx f14:45d7d46d f12:457b3c87
15965264ns          266600 1c00822a 40e77443 fmadd.s          f8, f14, f14, f8     f8=xxxxxxxx f14:45346c53 f14:45346c53  f8:4c3ce633
15965283ns          266601 1c008222 0046a70b p.lw             x14, 4(x13!)        x14=43061bbc x13=10001e80 x13:10001e7c  PA:10001e7c
15965323ns          266603 1c008226 08c77753 fsub.s           f14, f14, f12       f14=xxxxxxxx f14:43061bbc f12:457b3c87
15965343ns          266604 1c00822a 40e77443 fmadd.s          f8, f14, f14, f8     f8=xxxxxxxx f14:c572dacb f14:c572dacb  f8:4c5cb054
15965363ns          266605 1c008222 0046a70b p.lw             x14, 4(x13!)        x14=45678b93 x13=10001e84 x13:10001e80  PA:10001e80
15965403ns          266607 1c008226 08c77753 fsub.s           f14, f14, f12       f14=xxxxxxxx f14:45678b93 f12:457b3c87
15965423ns          266608 1c00822a 40e77443 fmadd.s          f8, f14, f14, f8     f8=xxxxxxxx f14:c39d87a0 f14:c39d87a0  f8:4c8b2476
15965443ns          266609 1c008222 0046a70b p.lw             x14, 4(x13!)        x14=45d1d686 x13=10001e88 x13:10001e84  PA:10001e84
15965482ns          266611 1c008226 08c77753 fsub.s           f14, f14, f12       f14=xxxxxxxx f14:45d1d686 f12:457b3c87
15965502ns          266612 1c00822a 40e77443 fmadd.s          f8, f14, f14, f8     f8=xxxxxxxx f14:45287085 f14:45287085  f8:4c8b54ee
15965522ns          266613 1c008222 0046a70b p.lw             x14, 4(x13!)        x14=4599fe3a x13=10001e8c x13:10001e88  PA:10001e88
15965562ns          266615 1c008226 08c77753 fsub.s           f14, f14, f12       f14=xxxxxxxx f14:4599fe3a f12:457b3c87
15965582ns          266616 1c00822a 40e77443 fmadd.s          f8, f14, f14, f8     f8=xxxxxxxx f14:4462ffb4 f14:4462ffb4  f8:4c992f6a
15965602ns          266617 1c008222 0046a70b p.lw             x14, 4(x13!)        x14=459b1204 x13=10001e90 x13:10001e8c  PA:10001e8c
15965641ns          266619 1c008226 08c77753 fsub.s           f14, f14, f12       f14=xxxxxxxx f14:459b1204 f12:457b3c87
15965661ns          266620 1c00822a 40e77443 fmadd.s          f8, f14, f14, f8     f8=xxxxxxxx f14:446b9e04 f14:446b9e04  f8:4c9ac1fb
15965681ns          266621 1c008222 0046a70b p.lw             x14, 4(x13!)        x14=446e8bc4 x13=10001e94 x13:10001e90  PA:10001e90
15965721ns          266623 1c008226 08c77753 fsub.s           f14, f14, f12       f14=xxxxxxxx f14:446e8bc4 f12:457b3c87
15965741ns          266624 1c00822a 40e77443 fmadd.s          f8, f14, f14, f8     f8=xxxxxxxx f14:c53f9996 f14:c53f9996  f8:4c9c73b2
15965761ns          266625 1c008222 0046a70b p.lw             x14, 4(x13!)        x14=45e805ad x13=10001e98 x13:10001e94  PA:10001e94
15965801ns          266627 1c008226 08c77753 fsub.s           f14, f14, f12       f14=xxxxxxxx f14:45e805ad f12:457b3c87
15965821ns          266628 1c00822a 40e77443 fmadd.s          f8, f14, f14, f8     f8=xxxxxxxx f14:4554ced3 f14:4554ced3  f8:4cae6083
15965840ns          266629 1c008222 0046a70b p.lw             x14, 4(x13!)        x14=45ce3bcc x13=10001e9c x13:10001e98  PA:10001e98
15965880ns          266631 1c008226 08c77753 fsub.s           f14, f14, f12       f14=xxxxxxxx f14:45ce3bcc f12:457b3c87
15965900ns          266632 1c00822a 40e77443 fmadd.s          f8, f14, f14, f8     f8=xxxxxxxx f14:45213b11 f14:45213b11  f8:4cc47d6a
15965920ns          266633 1c008222 0046a70b p.lw             x14, 4(x13!)        x14=44dd7036 x13=10001ea0 x13:10001e9c  PA:10001e9c
15965960ns          266635 1c008226 08c77753 fsub.s           f14, f14, f12       f14=xxxxxxxx f14:44dd7036 f12:457b3c87
15965980ns          266636 1c00822a 40e77443 fmadd.s          f8, f14, f14, f8     f8=xxxxxxxx f14:c50c846c f14:c50c846c  f8:4cd12ed5
15966000ns          266637 1c008222 0046a70b p.lw             x14, 4(x13!)        x14=45935fde x13=10001ea4 x13:10001ea0  PA:10001ea0
15966039ns          266639 1c008226 08c77753 fsub.s           f14, f14, f12       f14=xxxxxxxx f14:45935fde f12:457b3c87
15966059ns          266640 1c00822a 40e77443 fmadd.s          f8, f14, f14, f8     f8=xxxxxxxx f14:442e0cd4 f14:442e0cd4  f8:4cdad2f8
15966079ns          266641 1c008222 0046a70b p.lw             x14, 4(x13!)        x14=453ecd77 x13=10001ea8 x13:10001ea4  PA:10001ea4
15966119ns          266643 1c008226 08c77753 fsub.s           f14, f14, f12       f14=xxxxxxxx f14:453ecd77 f12:457b3c87
15966139ns          266644 1c00822a 40e77443 fmadd.s          f8, f14, f14, f8     f8=xxxxxxxx f14:c471bc40 f14:c471bc40  f8:4cdbbfa3
15966159ns          266645 1c008222 0046a70b p.lw             x14, 4(x13!)        x14=4334557b x13=10001eac x13:10001ea8  PA:10001ea8
15966198ns          266647 1c008226 08c77753 fsub.s           f14, f14, f12       f14=xxxxxxxx f14:4334557b f12:457b3c87
15966218ns          266648 1c00822a 40e77443 fmadd.s          f8, f14, f14, f8     f8=xxxxxxxx f14:c56ff72f f14:c56ff72f  f8:4cdd882b
15966238ns          266649 1c008222 0046a70b p.lw             x14, 4(x13!)        x14=45c32a88 x13=10001eb0 x13:10001eac  PA:10001eac
15966278ns          266651 1c008226 08c77753 fsub.s           f14, f14, f12       f14=xxxxxxxx f14:45c32a88 f12:457b3c87
15966298ns          266652 1c00822a 40e77443 fmadd.s          f8, f14, f14, f8     f8=xxxxxxxx f14:450b1889 f14:450b1889  f8:4cf9a61a
15966318ns          266653 1c008222 0046a70b p.lw             x14, 4(x13!)        x14=4605226c x13=10001eb4 x13:10001eb0  PA:10001eb0
15966358ns          266655 1c008226 08c77753 fsub.s           f14, f14, f12       f14=xxxxxxxx f14:4605226c f12:457b3c87
15966377ns          266656 1c00822a 40e77443 fmadd.s          f8, f14, f14, f8     f8=xxxxxxxx f14:458ca694 f14:458ca694  f8:4d018c47
15966397ns          266657 1c008222 0046a70b p.lw             x14, 4(x13!)        x14=456baac3 x13=10001eb8 x13:10001eb4  PA:10001eb4
15966437ns          266659 1c008226 08c77753 fsub.s           f14, f14, f12       f14=xxxxxxxx f14:456baac3 f12:457b3c87
15966457ns          266660 1c00822a 40e77443 fmadd.s          f8, f14, f14, f8     f8=xxxxxxxx f14:c3791c40 f14:c3791c40  f8:4d14ddef
15966477ns          266661 1c008222 0046a70b p.lw             x14, 4(x13!)        x14=457adb49 x13=10001ebc x13:10001eb8  PA:10001eb8
15966517ns          266663 1c008226 08c77753 fsub.s           f14, f14, f12       f14=xxxxxxxx f14:457adb49 f12:457b3c87
15966537ns          266664 1c00822a 40e77443 fmadd.s          f8, f14, f14, f8     f8=xxxxxxxx f14:c0c27c00 f14:c0c27c00  f8:4d14ed15
15966556ns          266665 1c008222 0046a70b p.lw             x14, 4(x13!)        x14=4598ee46 x13=10001ec0 x13:10001ebc  PA:10001ebc
15966596ns          266667 1c008226 08c77753 fsub.s           f14, f14, f12       f14=xxxxxxxx f14:4598ee46 f12:457b3c87
15966616ns          266668 1c00822a 40e77443 fmadd.s          f8, f14, f14, f8     f8=xxxxxxxx f14:445a8014 f14:445a8014  f8:4d14ed17
15966636ns          266669 1c008222 0046a70b p.lw             x14, 4(x13!)        x14=45b0b619 x13=10001ec4 x13:10001ec0  PA:10001ec0
15966676ns          266671 1c008226 08c77753 fsub.s           f14, f14, f12       f14=xxxxxxxx f14:45b0b619 f12:457b3c87
15966696ns          266672 1c00822a 40e77443 fmadd.s          f8, f14, f14, f8     f8=xxxxxxxx f14:44cc5f56 f14:44cc5f56  f8:4d15a795
15966716ns          266673 1c008222 0046a70b p.lw             x14, 4(x13!)        x14=4516a0f1 x13=10001ec8 x13:10001ec4  PA:10001ec4
15966755ns          266675 1c008226 08c77753 fsub.s           f14, f14, f12       f14=xxxxxxxx f14:4516a0f1 f12:457b3c87
15966775ns          266676 1c00822a 40e77443 fmadd.s          f8, f14, f14, f8     f8=xxxxxxxx f14:c4c9372c f14:c4c9372c  f8:4d183435
15966795ns          266677 1c008222 0046a70b p.lw             x14, 4(x13!)        x14=45ceeae5 x13=10001ecc x13:10001ec8  PA:10001ec8
15966835ns          266679 1c008226 08c77753 fsub.s           f14, f14, f12       f14=xxxxxxxx f14:45ceeae5 f12:457b3c87
15966855ns          266680 1c00822a 40e77443 fmadd.s          f8, f14, f14, f8     f8=xxxxxxxx f14:45229943 f14:45229943  f8:4d1aacd4
15966875ns          266681 1c008222 0046a70b p.lw             x14, 4(x13!)        x14=459a443b x13=10001ed0 x13:10001ecc  PA:10001ecc
15966914ns          266683 1c008226 08c77753 fsub.s           f14, f14, f12       f14=xxxxxxxx f14:459a443b f12:457b3c87
15966934ns          266684 1c00822a 40e77443 fmadd.s          f8, f14, f14, f8     f8=xxxxxxxx f14:44652fbc f14:44652fbc  f8:4d212139
15966954ns          266685 1c008222 0046a70b p.lw             x14, 4(x13!)        x14=45b6fc01 x13=10001ed4 x13:10001ed0  PA:10001ed0
15966994ns          266687 1c008226 08c77753 fsub.s           f14, f14, f12       f14=xxxxxxxx f14:45b6fc01 f12:457b3c87
15967014ns          266688 1c00822a 40e77443 fmadd.s          f8, f14, f14, f8     f8=xxxxxxxx f14:44e576f6 f14:44e576f6  f8:4d21ee67
15967034ns          266689 1c008222 0046a70b p.lw             x14, 4(x13!)        x14=450938f5 x13=10001ed8 x13:10001ed4  PA:10001ed4
15967074ns          266691 1c008226 08c77753 fsub.s           f14, f14, f12       f14=xxxxxxxx f14:450938f5 f12:457b3c87
15967094ns          266692 1c00822a 40e77443 fmadd.s          f8, f14, f14, f8     f8=xxxxxxxx f14:c4e40724 f14:c4e40724  f8:4d25251f
15967113ns          266693 1c008222 0046a70b p.lw             x14, 4(x13!)        x14=459a1788 x13=10001edc x13:10001ed8  PA:10001ed8
15967153ns          266695 1c008226 08c77753 fsub.s           f14, f14, f12       f14=xxxxxxxx f14:459a1788 f12:457b3c87
15967173ns          266696 1c00822a 40e77443 fmadd.s          f8, f14, f14, f8     f8=xxxxxxxx f14:4463ca24 f14:4463ca24  f8:4d285192
15967193ns          266697 1c008222 0046a70b p.lw             x14, 4(x13!)        x14=44e92e79 x13=10001ee0 x13:10001edc  PA:10001edc
15967233ns          266699 1c008226 08c77753 fsub.s           f14, f14, f12       f14=xxxxxxxx f14:44e92e79 f12:457b3c87
15967253ns          266700 1c00822a 40e77443 fmadd.s          f8, f14, f14, f8     f8=xxxxxxxx f14:c506a54a f14:c506a54a  f8:4d291c42
15967273ns          266701 1c008222 0046a70b p.lw             x14, 4(x13!)        x14=44abd0aa x13=10001ee4 x13:10001ee0  PA:10001ee0
15967312ns          266703 1c008226 08c77753 fsub.s           f14, f14, f12       f14=xxxxxxxx f14:44abd0aa f12:457b3c87
15967332ns          266704 1c00822a 40e77443 fmadd.s          f8, f14, f14, f8     f8=xxxxxxxx f14:c5255432 f14:c5255432  f8:4d2d8959
15967352ns          266705 1c008222 0046a70b p.lw             x14, 4(x13!)        x14=44097e1f x13=10001ee8 x13:10001ee4  PA:10001ee4
15967392ns          266707 1c008226 08c77753 fsub.s           f14, f14, f12       f14=xxxxxxxx f14:44097e1f f12:457b3c87
15967412ns          266708 1c00822a 40e77443 fmadd.s          f8, f14, f14, f8     f8=xxxxxxxx f14:c558dcff f14:c558dcff  f8:4d3435b3
15967432ns          266709 1c008222 0046a70b p.lw             x14, 4(x13!)        x14=45359676 x13=10001eec x13:10001ee8  PA:10001ee8
15967471ns          266711 1c008226 08c77753 fsub.s           f14, f14, f12       f14=xxxxxxxx f14:45359676 f12:457b3c87
15967491ns          266712 1c00822a 40e77443 fmadd.s          f8, f14, f14, f8     f8=xxxxxxxx f14:c48b4c22 f14:c48b4c22  f8:4d3fb10e
15967511ns          266713 1c008222 0046a70b p.lw             x14, 4(x13!)        x14=431e24d4 x13=10001ef0 x13:10001eec  PA:10001eec
15967551ns          266715 1c008226 08c77753 fsub.s           f14, f14, f12       f14=xxxxxxxx f14:431e24d4 f12:457b3c87
15967571ns          266716 1c00822a 40e77443 fmadd.s          f8, f14, f14, f8     f8=xxxxxxxx f14:c5715a3a f14:c5715a3a  f8:4d40e03d
15967591ns          266717 1c008222 0046a70b p.lw             x14, 4(x13!)        x14=457c0caa x13=10001ef4 x13:10001ef0  PA:10001ef0
15967631ns          266719 1c008226 08c77753 fsub.s           f14, f14, f12       f14=xxxxxxxx f14:457c0caa f12:457b3c87
15967650ns          266720 1c00822a 40e77443 fmadd.s          f8, f14, f14, f8     f8=xxxxxxxx f14:41502300 f14:41502300  f8:4d4f18ed
15967670ns          266721 1c008222 0046a70b p.lw             x14, 4(x13!)        x14=452cdd7f x13=10001ef8 x13:10001ef4  PA:10001ef4
15967710ns          266723 1c008226 08c77753 fsub.s           f14, f14, f12       f14=xxxxxxxx f14:452cdd7f f12:457b3c87
15967730ns          266724 1c00822a 40e77443 fmadd.s          f8, f14, f14, f8     f8=xxxxxxxx f14:c49cbe10 f14:c49cbe10  f8:4d4f18f8
15967750ns          266725 1c008222 0046a70b p.lw             x14, 4(x13!)        x14=45fb9055 x13=10001efc x13:10001ef8  PA:10001ef8
15967790ns          266727 1c008226 08c77753 fsub.s           f14, f14, f12       f14=xxxxxxxx f14:45fb9055 f12:457b3c87
15967810ns          266728 1c00822a 40e77443 fmadd.s          f8, f14, f14, f8     f8=xxxxxxxx f14:457be423 f14:457be423  f8:4d5098d9
15967829ns          266729 1c008222 0046a70b p.lw             x14, 4(x13!)        x14=4548f311 x13=10001f00 x13:10001efc  PA:10001efc
15967869ns          266731 1c008226 08c77753 fsub.s           f14, f14, f12       f14=xxxxxxxx f14:4548f311 f12:457b3c87
15967889ns          266732 1c00822a 40e77443 fmadd.s          f8, f14, f14, f8     f8=xxxxxxxx f14:c44925d8 f14:c44925d8  f8:4d60166b
15967909ns          266733 1c008222 0046a70b p.lw             x14, 4(x13!)        x14=45b652db x13=10001f04 x13:10001f00  PA:10001f00
15967949ns          266735 1c008226 08c77753 fsub.s           f14, f14, f12       f14=xxxxxxxx f14:45b652db f12:457b3c87
15967969ns          266736 1c00822a 40e77443 fmadd.s          f8, f14, f14, f8     f8=xxxxxxxx f14:44e2d25e f14:44e2d25e  f8:4d60b477
15967989ns          266737 1c008222 0046a70b p.lw             x14, 4(x13!)        x14=44fbead7 x13=10001f08 x13:10001f04  PA:10001f04
15968028ns          266739 1c008226 08c77753 fsub.s           f14, f14, f12       f14=xxxxxxxx f14:44fbead7 f12:457b3c87
15968048ns          266740 1c00822a 40e77443 fmadd.s          f8, f14, f14, f8     f8=xxxxxxxx f14:c4fa8e37 f14:c4fa8e37  f8:4d63d857
15968068ns          266741 1c008222 0046a70b p.lw             x14, 4(x13!)        x14=449897b1 x13=10001f0c x13:10001f08  PA:10001f08
15968108ns          266743 1c008226 08c77753 fsub.s           f14, f14, f12       f14=xxxxxxxx f14:449897b1 f12:457b3c87
15968128ns          266744 1c00822a 40e77443 fmadd.s          f8, f14, f14, f8     f8=xxxxxxxx f14:c52ef0ae f14:c52ef0ae  f8:4d67ad3f
15968148ns          266745 1c008222 0046a70b p.lw             x14, 4(x13!)        x14=45979fb6 x13=10001f10 x13:10001f0c  PA:10001f0c
15968188ns          266747 1c008226 08c77753 fsub.s           f14, f14, f12       f14=xxxxxxxx f14:45979fb6 f12:457b3c87
15968207ns          266748 1c00822a 40e77443 fmadd.s          f8, f14, f14, f8     f8=xxxxxxxx f14:44500b94 f14:44500b94  f8:4d6f2600
15968227ns          266749 1c008222 0046a70b p.lw             x14, 4(x13!)        x14=453c404c x13=10001f14 x13:10001f10  PA:10001f10
15968267ns          266751 1c008226 08c77753 fsub.s           f14, f14, f12       f14=xxxxxxxx f14:453c404c f12:457b3c87
15968287ns          266752 1c00822a 40e77443 fmadd.s          f8, f14, f14, f8     f8=xxxxxxxx f14:c47bf0ec f14:c47bf0ec  f8:4d6fcf13
15968307ns          266753 1c008222 0046a70b p.lw             x14, 4(x13!)        x14=45b9176f x13=10001f18 x13:10001f14  PA:10001f14
15968347ns          266755 1c008226 08c77753 fsub.s           f14, f14, f12       f14=xxxxxxxx f14:45b9176f f12:457b3c87
15968367ns          266756 1c00822a 40e77443 fmadd.s          f8, f14, f14, f8     f8=xxxxxxxx f14:44ede4ae f14:44ede4ae  f8:4d70c705
15968386ns          266757 1c008222 0046a70b p.lw             x14, 4(x13!)        x14=45a2a384 x13=10001f1c x13:10001f18  PA:10001f18
15968426ns          266759 1c008226 08c77753 fsub.s           f14, f14, f12       f14=xxxxxxxx f14:45a2a384 f12:457b3c87
15968446ns          266760 1c00822a 40e77443 fmadd.s          f8, f14, f14, f8     f8=xxxxxxxx f14:44941502 f14:44941502  f8:4d743b4a
15968466ns          266761 1c008222 0046a70b p.lw             x14, 4(x13!)        x14=45bb9f70 x13=10001f20 x13:10001f1c  PA:10001f1c
15968506ns          266763 1c008226 08c77753 fsub.s           f14, f14, f12       f14=xxxxxxxx f14:45bb9f70 f12:457b3c87
15968526ns          266764 1c00822a 40e77443 fmadd.s          f8, f14, f14, f8     f8=xxxxxxxx f14:44f804b2 f14:44f804b2  f8:4d7591eb
15968546ns          266765 1c008222 0046a70b p.lw             x14, 4(x13!)        x14=456c8d17 x13=10001f24 x13:10001f20  PA:10001f20
15968585ns          266767 1c008226 08c77753 fsub.s           f14, f14, f12       f14=xxxxxxxx f14:456c8d17 f12:457b3c87
15968605ns          266768 1c00822a 40e77443 fmadd.s          f8, f14, f14, f8     f8=xxxxxxxx f14:c36af700 f14:c36af700  f8:4d79530f
15968625ns          266769 1c008222 0046a70b p.lw             x14, 4(x13!)        x14=44967e98 x13=10001f28 x13:10001f24  PA:10001f24
15968665ns          266771 1c008226 08c77753 fsub.s           f14, f14, f12       f14=xxxxxxxx f14:44967e98 f12:457b3c87
15968685ns          266772 1c00822a 40e77443 fmadd.s          f8, f14, f14, f8     f8=xxxxxxxx f14:c52ffd3b f14:c52ffd3b  f8:4d79608a
15968705ns          266773 1c008222 0046a70b p.lw             x14, 4(x13!)        x14=44c27b4e x13=10001f2c x13:10001f28  PA:10001f28
15968744ns          266775 1c008226 08c77753 fsub.s           f14, f14, f12       f14=xxxxxxxx f14:44c27b4e f12:457b3c87
15968764ns          266776 1c00822a 40e77443 fmadd.s          f8, f14, f14, f8     f8=xxxxxxxx f14:c519fee0 f14:c519fee0  f8:4d807827
15968784ns          266777 1c008222 0046a70b p.lw             x14, 4(x13!)        x14=45b69d7d x13=10001f30 x13:10001f2c  PA:10001f2c
15968824ns          266779 1c008226 08c77753 fsub.s           f14, f14, f12       f14=xxxxxxxx f14:45b69d7d f12:457b3c87
15968844ns          266780 1c00822a 40e77443 fmadd.s          f8, f14, f14, f8     f8=xxxxxxxx f14:44e3fce6 f14:44e3fce6  f8:4d835d3c
15968864ns          266781 1c008222 0046a70b p.lw             x14, 4(x13!)        x14=4565b27c x13=10001f34 x13:10001f30  PA:10001f30
15968904ns          266783 1c008226 08c77753 fsub.s           f14, f14, f12       f14=xxxxxxxx f14:4565b27c f12:457b3c87
15968923ns          266784 1c00822a 40e77443 fmadd.s          f8, f14, f14, f8     f8=xxxxxxxx f14:c3ac5058 f14:c3ac5058  f8:4d84f351
15968943ns          266785 1c008222 0046a70b p.lw             x14, 4(x13!)        x14=4603b175 x13=10001f38 x13:10001f34  PA:10001f34
15968983ns          266787 1c008226 08c77753 fsub.s           f14, f14, f12       f14=xxxxxxxx f14:4603b175 f12:457b3c87
15969003ns          266788 1c00822a 40e77443 fmadd.s          f8, f14, f14, f8     f8=xxxxxxxx f14:4589c4a6 f14:4589c4a6  f8:4d8501d1
15969023ns          266789 1c008222 0046a70b p.lw             x14, 4(x13!)        x14=45b87e68 x13=10001f3c x13:10001f38  PA:10001f38
15969063ns          266791 1c008226 08c77753 fsub.s           f14, f14, f12       f14=xxxxxxxx f14:45b87e68 f12:457b3c87
15969083ns          266792 1c00822a 40e77443 fmadd.s          f8, f14, f14, f8     f8=xxxxxxxx f14:44eb8092 f14:44eb8092  f8:4d8e4653
15969102ns          266793 1c008222 0046a70b p.lw             x14, 4(x13!)        x14=43b04599 x13=10001f40 x13:10001f3c  PA:10001f3c
15969142ns          266795 1c008226 08c77753 fsub.s           f14, f14, f12       f14=xxxxxxxx f14:43b04599 f12:457b3c87
15969162ns          266796 1c00822a 40e77443 fmadd.s          f8, f14, f14, f8     f8=xxxxxxxx f14:c56533d4 f14:c56533d4  f8:4d8ff79e
15969182ns          266797 1c008222 0046a70b p.lw             x14, 4(x13!)        x14=444a73fe x13=10001f44 x13:10001f40  PA:10001f40
15969222ns          266799 1c008226 08c77753 fsub.s           f14, f14, f12       f14=xxxxxxxx f14:444a73fe f12:457b3c87
15969242ns          266800 1c00822a 40e77443 fmadd.s          f8, f14, f14, f8     f8=xxxxxxxx f14:c5489f88 f14:c5489f88  f8:4d96614c
15969262ns          266801 1c008222 0046a70b p.lw             x14, 4(x13!)        x14=451a754d x13=10001f48 x13:10001f44  PA:10001f44
15969301ns          266803 1c008226 08c77753 fsub.s           f14, f14, f12       f14=xxxxxxxx f14:451a754d f12:457b3c87
15969321ns          266804 1c00822a 40e77443 fmadd.s          f8, f14, f14, f8     f8=xxxxxxxx f14:c4c18e74 f14:c4c18e74  f8:4d9b4b19
15969341ns          266805 1c008222 0046a70b p.lw             x14, 4(x13!)        x14=46034ffe x13=10001f4c x13:10001f48  PA:10001f48
15969381ns          266807 1c008226 08c77753 fsub.s           f14, f14, f12       f14=xxxxxxxx f14:46034ffe f12:457b3c87
15969401ns          266808 1c00822a 40e77443 fmadd.s          f8, f14, f14, f8     f8=xxxxxxxx f14:458901b8 f14:458901b8  f8:4d9c6fc9
15969421ns          266809 1c008222 0046a70b p.lw             x14, 4(x13!)        x14=45b15b7d x13=10001f50 x13:10001f4c  PA:10001f4c
15969461ns          266811 1c008226 08c77753 fsub.s           f14, f14, f12       f14=xxxxxxxx f14:45b15b7d f12:457b3c87
15969480ns          266812 1c00822a 40e77443 fmadd.s          f8, f14, f14, f8     f8=xxxxxxxx f14:44cef4e6 f14:44cef4e6  f8:4da59a24
15969500ns          266813 1c008222 0046a70b p.lw             x14, 4(x13!)        x14=4559b4e1 x13=10001f54 x13:10001f50  PA:10001f50
15969540ns          266815 1c008226 08c77753 fsub.s           f14, f14, f12       f14=xxxxxxxx f14:4559b4e1 f12:457b3c87
15969560ns          266816 1c00822a 40e77443 fmadd.s          f8, f14, f14, f8     f8=xxxxxxxx f14:c4061e98 f14:c4061e98  f8:4da6e8c2
15969580ns          266817 1c008222 0046a70b p.lw             x14, 4(x13!)        x14=45ef66e5 x13=10001f58 x13:10001f54  PA:10001f54
15969620ns          266819 1c008226 08c77753 fsub.s           f14, f14, f12       f14=xxxxxxxx f14:45ef66e5 f12:457b3c87
15969640ns          266820 1c00822a 40e77443 fmadd.s          f8, f14, f14, f8     f8=xxxxxxxx f14:45639143 f14:45639143  f8:4da70be4
15969659ns          266821 1c008222 0046a70b p.lw             x14, 4(x13!)        x14=44bed1b9 x13=10001f5c x13:10001f58  PA:10001f58
15969699ns          266823 1c008226 08c77753 fsub.s           f14, f14, f12       f14=xxxxxxxx f14:44bed1b9 f12:457b3c87
15969719ns          266824 1c00822a 40e77443 fmadd.s          f8, f14, f14, f8     f8=xxxxxxxx f14:c51bd3aa f14:c51bd3aa  f8:4dad5e3b
15969739ns          266825 1c008222 0046a70b p.lw             x14, 4(x13!)        x14=45892ec1 x13=10001f60 x13:10001f5c  PA:10001f5c
15969779ns          266827 1c008226 08c77753 fsub.s           f14, f14, f12       f14=xxxxxxxx f14:45892ec1 f12:457b3c87
15969799ns          266828 1c00822a 40e77443 fmadd.s          f8, f14, f14, f8     f8=xxxxxxxx f14:43b907d8 f14:43b907d8  f8:4db0550b
15969819ns          266829 1c008222 0046a70b p.lw             x14, 4(x13!)        x14=445b82c6 x13=10001f64 x13:10001f60  PA:10001f60
15969858ns          266831 1c008226 08c77753 fsub.s           f14, f14, f12       f14=xxxxxxxx f14:445b82c6 f12:457b3c87
15969878ns          266832 1c00822a 40e77443 fmadd.s          f8, f14, f14, f8     f8=xxxxxxxx f14:c5445bd6 f14:c5445bd6  f8:4db065c3
15969898ns          266833 1c008222 0046a70b p.lw             x14, 4(x13!)        x14=45af61c4 x13=10001f68 x13:10001f64  PA:10001f64
15969938ns          266835 1c008226 08c77753 fsub.s           f14, f14, f12       f14=xxxxxxxx f14:45af61c4 f12:457b3c87
15969958ns          266836 1c00822a 40e77443 fmadd.s          f8, f14, f14, f8     f8=xxxxxxxx f14:44c70e02 f14:44c70e02  f8:4db51aa9
15969978ns          266837 1c008222 0046a70b p.lw             x14, 4(x13!)        x14=4396fcba x13=10001f6c x13:10001f68  PA:10001f68
15970017ns          266839 1c008226 08c77753 fsub.s           f14, f14, f12       f14=xxxxxxxx f14:4396fcba f12:457b3c87
15970037ns          266840 1c00822a 40e77443 fmadd.s          f8, f14, f14, f8     f8=xxxxxxxx f14:c5685cf0 f14:c5685cf0  f8:4db65037
15970057ns          266841 1c008222 0046a70b p.lw             x14, 4(x13!)        x14=4592b533 x13=10001f70 x13:10001f6c  PA:10001f6c
15970097ns          266843 1c008226 08c77753 fsub.s           f14, f14, f12       f14=xxxxxxxx f14:4592b533 f12:457b3c87
15970117ns          266844 1c00822a 40e77443 fmadd.s          f8, f14, f14, f8     f8=xxxxxxxx f14:4428b77c f14:4428b77c  f8:4dbce77c
15970137ns          266845 1c008222 0046a70b p.lw             x14, 4(x13!)        x14=4531958e x13=10001f74 x13:10001f70  PA:10001f70
15970177ns          266847 1c008226 08c77753 fsub.s           f14, f14, f12       f14=xxxxxxxx f14:4531958e f12:457b3c87
15970196ns          266848 1c00822a 40e77443 fmadd.s          f8, f14, f14, f8     f8=xxxxxxxx f14:c4934df2 f14:c4934df2  f8:4dbd1f15
15970216ns          266849 1c008222 0046a70b p.lw             x14, 4(x13!)        x14=459cd63f x13=10001f78 x13:10001f74  PA:10001f74
15970256ns          266851 1c008226 08c77753 fsub.s           f14, f14, f12       f14=xxxxxxxx f14:459cd63f f12:457b3c87
15970276ns          266852 1c00822a 40e77443 fmadd.s          f8, f14, f14, f8     f8=xxxxxxxx f14:4479bfdc f14:4479bfdc  f8:4dbdc89a
15970296ns          266853 1c008222 0046a70b p.lw             x14, 4(x13!)        x14=45eb949e x13=10001f7c x13:10001f78  PA:10001f78
15970336ns          266855 1c008226 08c77753 fsub.s           f14, f14, f12       f14=xxxxxxxx f14:45eb949e f12:457b3c87
15970356ns          266856 1c00822a 40e77443 fmadd.s          f8, f14, f14, f8     f8=xxxxxxxx f14:455becb5 f14:455becb5  f8:4dbe426d
15970375ns          266857 1c008222 0046a70b p.lw             x14, 4(x13!)        x14=45e41ea5 x13=10001f80 x13:10001f7c  PA:10001f7c
15970415ns          266859 1c008226 08c77753 fsub.s           f14, f14, f12       f14=xxxxxxxx f14:45e41ea5 f12:457b3c87
15970435ns          266860 1c00822a 40e77443 fmadd.s          f8, f14, f14, f8     f8=xxxxxxxx f14:454d00c3 f14:454d00c3  f8:4dc429e4
15970455ns          266861 1c008222 0046a70b p.lw             x14, 4(x13!)        x14=458e18bb x13=10001f84 x13:10001f80  PA:10001f80
15970495ns          266863 1c008226 08c77753 fsub.s           f14, f14, f12       f14=xxxxxxxx f14:458e18bb f12:457b3c87
15970515ns          266864 1c00822a 40e77443 fmadd.s          f8, f14, f14, f8     f8=xxxxxxxx f14:4403d3bc f14:4403d3bc  f8:4dc94b36
15970535ns          266865 1c008222 0046a70b p.lw             x14, 4(x13!)        x14=456817fc x13=10001f88 x13:10001f84  PA:10001f84
15970574ns          266867 1c008226 08c77753 fsub.s           f14, f14, f12       f14=xxxxxxxx f14:456817fc f12:457b3c87
15970594ns          266868 1c00822a 40e77443 fmadd.s          f8, f14, f14, f8     f8=xxxxxxxx f14:c3992458 f14:c3992458  f8:4dc96d27
15970614ns          266869 1c008222 0046a70b p.lw             x14, 4(x13!)        x14=4589ba73 x13=10001f8c x13:10001f88  PA:10001f88
15970654ns          266871 1c008226 08c77753 fsub.s           f14, f14, f12       f14=xxxxxxxx f14:4589ba73 f12:457b3c87
15970674ns          266872 1c00822a 40e77443 fmadd.s          f8, f14, f14, f8     f8=xxxxxxxx f14:43c1c2f8 f14:43c1c2f8  f8:4dc9789b
15970694ns          266873 1c008222 0046a70b p.lw             x14, 4(x13!)        x14=45867c3b x13=10001f90 x13:10001f8c  PA:10001f8c
15970734ns          266875 1c008226 08c77753 fsub.s           f14, f14, f12       f14=xxxxxxxx f14:45867c3b f12:457b3c87
15970753ns          266876 1c00822a 40e77443 fmadd.s          f8, f14, f14, f8     f8=xxxxxxxx f14:438ddf78 f14:438ddf78  f8:4dc98af0
15970773ns          266877 1c008222 0046a70b p.lw             x14, 4(x13!)        x14=44d41c74 x13=10001f94 x13:10001f90  PA:10001f90
15970813ns          266879 1c008226 08c77753 fsub.s           f14, f14, f12       f14=xxxxxxxx f14:44d41c74 f12:457b3c87
15970833ns          266880 1c00822a 40e77443 fmadd.s          f8, f14, f14, f8     f8=xxxxxxxx f14:c5112e4d f14:c5112e4d  f8:4dc994c4
15970853ns          266881 1c008222 0046a70b p.lw             x14, 4(x13!)        x14=456ca349 x13=10001f98 x13:10001f94  PA:10001f94
15970893ns          266883 1c008226 08c77753 fsub.s           f14, f14, f12       f14=xxxxxxxx f14:456ca349 f12:457b3c87
15970913ns          266884 1c00822a 40e77443 fmadd.s          f8, f14, f14, f8     f8=xxxxxxxx f14:c36993e0 f14:c36993e0  f8:4dcc2770
15970932ns          266885 1c008222 0046a70b p.lw             x14, 4(x13!)        x14=45f66f99 x13=10001f9c x13:10001f98  PA:10001f98
15970972ns          266887 1c008226 08c77753 fsub.s           f14, f14, f12       f14=xxxxxxxx f14:45f66f99 f12:457b3c87
15970992ns          266888 1c00822a 40e77443 fmadd.s          f8, f14, f14, f8     f8=xxxxxxxx f14:4571a2ab f14:4571a2ab  f8:4dcc2e19
15971012ns          266889 1c008222 0046a70b p.lw             x14, 4(x13!)        x14=45903290 x13=10001fa0 x13:10001f9c  PA:10001f9c
15971052ns          266891 1c008226 08c77753 fsub.s           f14, f14, f12       f14=xxxxxxxx f14:45903290 f12:457b3c87
15971072ns          266892 1c00822a 40e77443 fmadd.s          f8, f14, f14, f8     f8=xxxxxxxx f14:4414a264 f14:4414a264  f8:4dd34eb6
15971092ns          266893 1c008222 0046a70b p.lw             x14, 4(x13!)        x14=44ef352b x13=10001fa4 x13:10001fa0  PA:10001fa0
15971131ns          266895 1c008226 08c77753 fsub.s           f14, f14, f12       f14=xxxxxxxx f14:44ef352b f12:457b3c87
15971151ns          266896 1c00822a 40e77443 fmadd.s          f8, f14, f14, f8     f8=xxxxxxxx f14:c503a1f2 f14:c503a1f2  f8:4dd379dc
15971171ns          266897 1c008222 0046a70b p.lw             x14, 4(x13!)        x14=460178cf x13=10001fa8 x13:10001fa4  PA:10001fa4
15971211ns          266899 1c008226 08c77753 fsub.s           f14, f14, f12       f14=xxxxxxxx f14:460178cf f12:457b3c87
15971231ns          266900 1c00822a 40e77443 fmadd.s          f8, f14, f14, f8     f8=xxxxxxxx f14:4585535a f14:4585535a  f8:4dd59755
15971251ns          266901 1c008222 0046a70b p.lw             x14, 4(x13!)        x14=458f6ff2 x13=10001fac x13:10001fa8  PA:10001fa8
15971290ns          266903 1c008226 08c77753 fsub.s           f14, f14, f12       f14=xxxxxxxx f14:458f6ff2 f12:457b3c87
15971310ns          266904 1c00822a 40e77443 fmadd.s          f8, f14, f14, f8     f8=xxxxxxxx f14:440e8d74 f14:440e8d74  f8:4dde454c
15971330ns          266905 1c008222 0046a70b p.lw             x14, 4(x13!)        x14=45a1e3bb x13=10001fb0 x13:10001fac  PA:10001fac
15971370ns          266907 1c008226 08c77753 fsub.s           f14, f14, f12       f14=xxxxxxxx f14:45a1e3bb f12:457b3c87
15971390ns          266908 1c00822a 40e77443 fmadd.s          f8, f14, f14, f8     f8=xxxxxxxx f14:449115de f14:449115de  f8:4dde6cfd
15971410ns          266909 1c008222 0046a70b p.lw             x14, 4(x13!)        x14=459f5a41 x13=10001fb4 x13:10001fb0  PA:10001fb0
15971450ns          266911 1c008226 08c77753 fsub.s           f14, f14, f12       f14=xxxxxxxx f14:459f5a41 f12:457b3c87
15971469ns          266912 1c00822a 40e77443 fmadd.s          f8, f14, f14, f8     f8=xxxxxxxx f14:4486eff6 f14:4486eff6  f8:4ddf1171
15971489ns          266913 1c008222 0046a70b p.lw             x14, 4(x13!)        x14=451a444a x13=10001fb8 x13:10001fb4  PA:10001fb4
15971529ns          266915 1c008226 08c77753 fsub.s           f14, f14, f12       f14=xxxxxxxx f14:451a444a f12:457b3c87
15971549ns          266916 1c00822a 40e77443 fmadd.s          f8, f14, f14, f8     f8=xxxxxxxx f14:c4c1f07a f14:c4c1f07a  f8:4ddf9fb1
15971569ns          266917 1c008222 0046a70b p.lw             x14, 4(x13!)        x14=4551fbe2 x13=10001fbc x13:10001fb8  PA:10001fb8
15971609ns          266919 1c008226 08c77753 fsub.s           f14, f14, f12       f14=xxxxxxxx f14:4551fbe2 f12:457b3c87
15971629ns          266920 1c00822a 40e77443 fmadd.s          f8, f14, f14, f8     f8=xxxxxxxx f14:c4250294 f14:c4250294  f8:4de0c58a
15971648ns          266921 1c008222 0046a70b p.lw             x14, 4(x13!)        x14=45982910 x13=10001fc0 x13:10001fbc  PA:10001fbc
15971688ns          266923 1c008226 08c77753 fsub.s           f14, f14, f12       f14=xxxxxxxx f14:45982910 f12:457b3c87
15971708ns          266924 1c00822a 40e77443 fmadd.s          f8, f14, f14, f8     f8=xxxxxxxx f14:44545664 f14:44545664  f8:4de0fab8
15971728ns          266925 1c008222 0046a70b p.lw             x14, 4(x13!)        x14=446c57a8 x13=10001fc4 x13:10001fc0  PA:10001fc0
15971768ns          266927 1c008226 08c77753 fsub.s           f14, f14, f12       f14=xxxxxxxx f14:446c57a8 f12:457b3c87
15971788ns          266928 1c00822a 40e77443 fmadd.s          f8, f14, f14, f8     f8=xxxxxxxx f14:c540269d f14:c540269d  f8:4de152c8
15971808ns          266929 1c008222 0046a70b p.lw             x14, 4(x13!)        x14=45e949c5 x13=10001fc8 x13:10001fc4  PA:10001fc4
15971847ns          266931 1c008226 08c77753 fsub.s           f14, f14, f12       f14=xxxxxxxx f14:45e949c5 f12:457b3c87
15971867ns          266932 1c00822a 40e77443 fmadd.s          f8, f14, f14, f8     f8=xxxxxxxx f14:45575703 f14:45575703  f8:4de5d498
15971887ns          266933 1c008222 0046a70b p.lw             x14, 4(x13!)        x14=451cbea6 x13=10001fcc x13:10001fc8  PA:10001fc8
15971927ns          266935 1c008226 08c77753 fsub.s           f14, f14, f12       f14=xxxxxxxx f14:451cbea6 f12:457b3c87
15971947ns          266936 1c00822a 40e77443 fmadd.s          f8, f14, f14, f8     f8=xxxxxxxx f14:c4bcfbc2 f14:c4bcfbc2  f8:4deb7db2
15971967ns          266937 1c008222 0046a70b p.lw             x14, 4(x13!)        x14=44e037e0 x13=10001fd0 x13:10001fcc  PA:10001fcc
15972007ns          266939 1c008226 08c77753 fsub.s           f14, f14, f12       f14=xxxxxxxx f14:44e037e0 f12:457b3c87
15972026ns          266940 1c00822a 40e77443 fmadd.s          f8, f14, f14, f8     f8=xxxxxxxx f14:c50b2097 f14:c50b2097  f8:4dec94b7
15972046ns          266941 1c008222 0046a70b p.lw             x14, 4(x13!)        x14=457ebb44 x13=10001fd4 x13:10001fd0  PA:10001fd0
15972086ns          266943 1c008226 08c77753 fsub.s           f14, f14, f12       f14=xxxxxxxx f14:457ebb44 f12:457b3c87
15972106ns          266944 1c00822a 40e77443 fmadd.s          f8, f14, f14, f8     f8=xxxxxxxx f14:425faf40 f14:425faf40  f8:4deef19a
15972126ns          266945 1c008222 0046a70b p.lw             x14, 4(x13!)        x14=45ee16dd x13=10001fd8 x13:10001fd4  PA:10001fd4
15972166ns          266947 1c008226 08c77753 fsub.s           f14, f14, f12       f14=xxxxxxxx f14:45ee16dd f12:457b3c87
15972186ns          266948 1c00822a 40e77443 fmadd.s          f8, f14, f14, f8     f8=xxxxxxxx f14:4560f133 f14:4560f133  f8:4deef1fc
15972603ns          266969 1c00822e 661010ef jal              x1, 7776             x1=1c008232
15972723ns          266975 1c00a08e f14027f3 csrrs            x15, x0, 0xf14      x15=00000003
15972742ns          266976 1c00a092 01f00713 addi             x14, x0, 31         x14=0000001f
15972762ns          266977 1c00a094 ca5797b3 p.extractu       x15, x15, 5, 5      x15=00000000 x15:00000003
15972782ns          266978 1c00a098 00e78863 beq              x15, x14, 16        x15:00000000 x14:0000001f
15972802ns          266979 1c00a09c 002047b7 lui              x15, 0x204000       x15=00204000
15972822ns          266980 1c00a0a0 20078793 addi             x15, x15, 512       x15=00204200 x15:00204000
15972842ns          266981 1c00a0a4 01c7e703 p.elw            x14, 28(x15)        x14=00010000 x15:00204200  PA:0020421c
16585219ns          297768 1c00a0a8 00008067 jalr             x0, x1, 0            x1:1c008232
16585278ns          297771 1c008232 1c011a37 lui              x20, 0x1c011000     x20=1c011000
16585298ns          297772 1c008236 000a0a13 addi             x20, x20, 0         x20=1c011000 x20:1c011000
16585318ns          297773 1c00823a 00449793 slli             x15, x9, 0x4        x15=00000030  x9:00000003
16585338ns          297774 1c00823e 014787b3 add              x15, x15, x20       x15=1c011030 x15:00000030 x20:1c011000
16585756ns          297795 1c008240 c907a483 lw               x9, -880(x15)        x9=48c447cb x15:1c011030  PA:1c010cc0
16586074ns          297811 1c008244 1c0006b7 lui              x13, 0x1c000000     x13=1c000000
16586094ns          297812 1c008248 00190793 addi             x15, x18, 1         x15=0000000d x18:0000000c
16586114ns          297813 1c00824c a0998753 fle.s            x14, f19, f9        x14=00000001 f19:48c4474a  f9:48c447cb
16586293ns          297822 1c008250 00279793 slli             x15, x15, 0x2       x15=00000034 x15:0000000d
16586332ns          297824 1c008252 0206a683 lw               x13, 32(x13)        x13=3c257eb5 x13:1c000000  PA:1c000020
16586631ns          297839 1c008256 014787b3 add              x15, x15, x20       x15=1c011034 x15:00000034 x20:1c011000
16586651ns          297840 1c008258 10d47453 fmul.s           f8, f8, f13          f8=xxxxxxxx  f8:4df51f34 f13:3c257eb5
16586671ns          297841 1c00825c c907aa83 lw               x21, -880(x15)      x21=48c446c9 x15:1c011034  PA:1c010cc4
16586989ns          297857 1c008260 1a071b63 bne              x14, x0, 438        x14:00000001
16587605ns          297888 1c008416 a13a87d3 fle.s            x15, f21, f19       x15=00000001 f21:48c446c9 f19:48c4474a
16587625ns          297889 1c00841a 00100693 addi             x13, x0, 1          x13=00000001
16587645ns          297890 1c00841c e40784e3 beq              x15, x0, -440       x15:00000001
16587685ns          297892 1c008420 f95ff06f jal              x0, -108           
16588142ns          297915 1c0083b4 00290793 addi             x15, x18, 2         x15=0000000e x18:0000000c
16588182ns          297917 1c0083b8 00279793 slli             x15, x15, 0x2       x15=00000038 x15:0000000e
16588202ns          297918 1c0083ba 014787b3 add              x15, x15, x20       x15=1c011038 x15:00000038 x20:1c011000
16588222ns          297919 1c0083bc c907a483 lw               x9, -880(x15)        x9=4a9e76d8 x15:1c011038  PA:1c010cc8
16588660ns          297941 1c0083c0 00390793 addi             x15, x18, 3         x15=0000000f x18:0000000c
16588680ns          297942 1c0083c4 a0940753 fle.s            x14, f8, f9         x14=00000001  f8:4a9e766f  f9:4a9e76d8
16588699ns          297943 1c0083c8 00279793 slli             x15, x15, 0x2       x15=0000003c x15:0000000f
16588719ns          297944 1c0083ca 014787b3 add              x15, x15, x20       x15=1c01103c x15:0000003c x20:1c011000
16588739ns          297945 1c0083cc c907a903 lw               x18, -880(x15)      x18=4a9e7608 x15:1c01103c  PA:1c010ccc
16589197ns          297968 1c0083d0 08070663 beq              x14, x0, 140        x14:00000001
16589217ns          297969 1c0083d2 a08907d3 fle.s            x15, f18, f8        x15=00000001 f18:4a9e7608  f8:4a9e766f
16589236ns          297970 1c0083d6 08078363 beq              x15, x0, 134        x15:00000001
16589256ns          297971 1c0083d8 f14025f3 csrrs            x11, x0, 0xf14      x11=00000003
16589276ns          297972 1c0083dc f455b5b3 p.bclr           x11, x11, 26, 5     x11=00000003 x11:00000003
16589694ns          297993 1c0083e0 1c068863 beq              x13, x0, 464        x13:00000001
16589734ns          297995 1c0083e4 1c000537 lui              x10, 0x1c000000     x10=1c000000
16589754ns          297996 1c0083e8 0bc50513 addi             x10, x10, 188       x10=1c0000bc x10:1c000000
16589774ns          297997 1c0083ec 0ed000ef jal              x1, 2284             x1=1c0083f0
16590291ns          298023 1c008cd8 fc010113 addi             x2, x2, -64          x2=10001e08  x2:10001e48
16590330ns          298025 1c008cda 02410313 addi             x6, x2, 36           x6=10001e2c  x2:10001e08
16590350ns          298026 1c008cde 02c12423 sw               x12, 40(x2)         x12:457b3c87  x2:10001e08  PA:10001e30
16590390ns          298028 1c008ce0 00a00633 add              x12, x0, x10        x12=1c0000bc x10:1c0000bc
16590430ns          298030 1c008ce2 1c009537 lui              x10, 0x1c009000     x10=1c009000
16590450ns          298031 1c008ce6 02b12223 sw               x11, 36(x2)         x11:00000003  x2:10001e08  PA:10001e2c
16590470ns          298032 1c008ce8 02d12623 sw               x13, 44(x2)         x13:00000001  x2:10001e08  PA:10001e34
16590490ns          298033 1c008cea 00200593 addi             x11, x0, 2          x11=00000002
16590509ns          298034 1c008cec 006006b3 add              x13, x0, x6         x13=10001e2c  x6:10001e2c
16590529ns          298035 1c008cee c6c50513 addi             x10, x10, -916      x10=1c008c6c x10:1c009000
16590549ns          298036 1c008cf2 00112e23 sw               x1, 28(x2)           x1:1c0083f0  x2:10001e08  PA:10001e24
16590569ns          298037 1c008cf4 02e12823 sw               x14, 48(x2)         x14:00000001  x2:10001e08  PA:10001e38
16590589ns          298038 1c008cf6 02f12a23 sw               x15, 52(x2)         x15:00000001  x2:10001e08  PA:10001e3c
16590609ns          298039 1c008cf8 03012c23 sw               x16, 56(x2)         x16:xxxxxxxx  x2:10001e08  PA:10001e40
16590629ns          298040 1c008cfa 03112e23 sw               x17, 60(x2)         x17:xxxxxxxx  x2:10001e08  PA:10001e44
16590649ns          298041 1c008cfc 00612623 sw               x6, 12(x2)           x6:10001e2c  x2:10001e08  PA:10001e14
16590669ns          298042 1c008cfe fbfff0ef jal              x1, -66              x1=1c008d00
16590748ns          298046 1c008cbc 04a0006f jal              x0, 74             
16590788ns          298048 1c008d06 ed010113 addi             x2, x2, -304         x2=10001cd8  x2:10001e08
16590808ns          298049 1c008d08 12812423 sw               x8, 296(x2)          x8:4a9e766f  x2:10001cd8  PA:10001e00
16590828ns          298050 1c008d0c 00000413 addi             x8, x0, 0            x8=00000000
16590887ns          298053 1c008d0e 11612823 sw               x22, 272(x2)        x22:xxxxxxxx  x2:10001cd8  PA:10001de8
16590927ns          298055 1c008d12 11712623 sw               x23, 268(x2)        x23:xxxxxxxx  x2:10001cd8  PA:10001de4
16590947ns          298056 1c008d16 11812423 sw               x24, 264(x2)        x24:xxxxxxxx  x2:10001cd8  PA:10001de0
16590967ns          298057 1c008d1a 11912223 sw               x25, 260(x2)        x25:xxxxxxxx  x2:10001cd8  PA:10001ddc
16591027ns          298060 1c008d1e 11a12023 sw               x26, 256(x2)        x26:xxxxxxxx  x2:10001cd8  PA:10001dd8
16591066ns          298062 1c008d22 0fb12e23 sw               x27, 252(x2)        x27:xxxxxxxx  x2:10001cd8  PA:10001dd4
16591086ns          298063 1c008d24 12112623 sw               x1, 300(x2)          x1:1c008d00  x2:10001cd8  PA:10001e04
16591106ns          298064 1c008d28 00800db3 add              x27, x0, x8         x27=00000000  x8:00000000
16591126ns          298065 1c008d2a 12912223 sw               x9, 292(x2)          x9:4a9e76d8  x2:10001cd8  PA:10001dfc
16591166ns          298067 1c008d2e 13212023 sw               x18, 288(x2)        x18:4a9e7608  x2:10001cd8  PA:10001df8
16591206ns          298069 1c008d32 11312e23 sw               x19, 284(x2)        x19:48c4474a  x2:10001cd8  PA:10001df4
16591226ns          298070 1c008d36 11412c23 sw               x20, 280(x2)        x20:1c011000  x2:10001cd8  PA:10001df0
16591245ns          298071 1c008d3a 11512a23 sw               x21, 276(x2)        x21:48c446c9  x2:10001cd8  PA:10001dec
16591265ns          298072 1c008d3e 00a00b33 add              x22, x0, x10        x22=1c008c6c x10:1c008c6c
16591285ns          298073 1c008d40 00b00d33 add              x26, x0, x11        x26=00000002 x11:00000002
16591305ns          298074 1c008d42 00d00c33 add              x24, x0, x13        x24=10001e2c x13:10001e2c
16591325ns          298075 1c008d44 1c000bb7 lui              x23, 0x1c000000     x23=1c000000
16591345ns          298076 1c008d48 02410c93 addi             x25, x2, 36         x25=10001cfc  x2:10001cd8
16591365ns          298077 1c008d4c 00c00433 add              x8, x0, x12          x8=1c0000bc x12:1c0000bc
16591385ns          298078 1c008d4e 00044503 lbu              x10, 0(x8)          x10=0000006b  x8:1c0000bc  PA:1c0000bc
16591683ns          298093 1c008d52 00140413 addi             x8, x8, 1            x8=1c0000bd  x8:1c0000bc
16591703ns          298094 1c008d54 00050e63 beq              x10, x0, 28         x10:0000006b
16591723ns          298095 1c008d56 02500793 addi             x15, x0, 37         x15=00000025
16591743ns          298096 1c008d5a 04f50863 beq              x10, x15, 80        x10:0000006b x15:00000025
16591763ns          298097 1c008d5e 01a005b3 add              x11, x0, x26        x11=00000002 x26:00000002
16591782ns          298098 1c008d60 000b00e7 jalr             x1, x22, 0           x1=1c008d62 x22:1c008c6c
16591862ns          298102 1c008c6c 000026b7 lui              x13, 0x2000         x13=00002000
16591942ns          298106 1c008c6e f14027f3 csrrs            x15, x0, 0xf14      x15=00000003
16591981ns          298108 1c008c72 f8068693 addi             x13, x13, -128      x13=00001f80 x13:00002000
16592001ns          298109 1c008c76 00379713 slli             x14, x15, 0x3       x14=00000018 x15:00000003
16592021ns          298110 1c008c7a 00279793 slli             x15, x15, 0x2       x15=0000000c x15:00000003
16592041ns          298111 1c008c7c 00d7f7b3 and              x15, x15, x13       x15=00000000 x15:0000000c x13:00001f80
16592081ns          298113 1c008c7e ee873733 p.bclr           x14, x14, 23, 8     x14=00000018 x14:00000018
16592121ns          298115 1c008c82 1a10f6b7 lui              x13, 0x1a10f000     x13=1a10f000
16592141ns          298116 1c008c86 0ff57513 andi             x10, x10, 255       x10=0000006b x10:0000006b
16592160ns          298117 1c008c8a 00d70733 add              x14, x14, x13       x14=1a10f018 x14:00000018 x13:1a10f000
16592180ns          298118 1c008c8c 00a7e723 p.sw             x10, x0(x15)        x10:0000006b x15:00000000  PA:1a10f018
16592518ns          298135 1c008c90 00000513 addi             x10, x0, 0          x10=00000000
16592538ns          298136 1c008c92 00008067 jalr             x0, x1, 0            x1:1c008d62
16592598ns          298139 1c008d62 31f52563 p.beqimm         x10, 778            x10:00000000
16592618ns          298140 1c008d66 001d8d93 addi             x27, x27, 1         x27=00000001 x27:00000000
16592638ns          298141 1c008d68 00044503 lbu              x10, 0(x8)          x10=00000065  x8:1c0000bd  PA:1c0000bd
16592936ns          298156 1c008d6c 00140413 addi             x8, x8, 1            x8=1c0000be  x8:1c0000bd
16592956ns          298157 1c008d6e fe0514e3 bne              x10, x0, -24        x10:00000065
16593036ns          298161 1c008d56 02500793 addi             x15, x0, 37         x15=00000025
16593055ns          298162 1c008d5a 04f50863 beq              x10, x15, 80        x10:00000065 x15:00000025
16593075ns          298163 1c008d5e 01a005b3 add              x11, x0, x26        x11=00000002 x26:00000002
16593095ns          298164 1c008d60 000b00e7 jalr             x1, x22, 0           x1=1c008d62 x22:1c008c6c
16593135ns          298166 1c008c6c 000026b7 lui              x13, 0x2000         x13=00002000
16593155ns          298167 1c008c6e f14027f3 csrrs            x15, x0, 0xf14      x15=00000003
16593175ns          298168 1c008c72 f8068693 addi             x13, x13, -128      x13=00001f80 x13:00002000
16593195ns          298169 1c008c76 00379713 slli             x14, x15, 0x3       x14=00000018 x15:00000003
16593215ns          298170 1c008c7a 00279793 slli             x15, x15, 0x2       x15=0000000c x15:00000003
16593234ns          298171 1c008c7c 00d7f7b3 and              x15, x15, x13       x15=00000000 x15:0000000c x13:00001f80
16593254ns          298172 1c008c7e ee873733 p.bclr           x14, x14, 23, 8     x14=00000018 x14:00000018
16593274ns          298173 1c008c82 1a10f6b7 lui              x13, 0x1a10f000     x13=1a10f000
16593294ns          298174 1c008c86 0ff57513 andi             x10, x10, 255       x10=00000065 x10:00000065
16593314ns          298175 1c008c8a 00d70733 add              x14, x14, x13       x14=1a10f018 x14:00000018 x13:1a10f000
16593334ns          298176 1c008c8c 00a7e723 p.sw             x10, x0(x15)        x10:00000065 x15:00000000  PA:1a10f018
16593652ns          298192 1c008c90 00000513 addi             x10, x0, 0          x10=00000000
16593672ns          298193 1c008c92 00008067 jalr             x0, x1, 0            x1:1c008d62
16593732ns          298196 1c008d62 31f52563 p.beqimm         x10, 778            x10:00000000
16593752ns          298197 1c008d66 001d8d93 addi             x27, x27, 1         x27=00000002 x27:00000001
16593772ns          298198 1c008d68 00044503 lbu              x10, 0(x8)          x10=00000072  x8:1c0000be  PA:1c0000be
16594070ns          298213 1c008d6c 00140413 addi             x8, x8, 1            x8=1c0000bf  x8:1c0000be
16594090ns          298214 1c008d6e fe0514e3 bne              x10, x0, -24        x10:00000072
16594169ns          298218 1c008d56 02500793 addi             x15, x0, 37         x15=00000025
16594189ns          298219 1c008d5a 04f50863 beq              x10, x15, 80        x10:00000072 x15:00000025
16594209ns          298220 1c008d5e 01a005b3 add              x11, x0, x26        x11=00000002 x26:00000002
16594229ns          298221 1c008d60 000b00e7 jalr             x1, x22, 0           x1=1c008d62 x22:1c008c6c
16594269ns          298223 1c008c6c 000026b7 lui              x13, 0x2000         x13=00002000
16594289ns          298224 1c008c6e f14027f3 csrrs            x15, x0, 0xf14      x15=00000003
16594309ns          298225 1c008c72 f8068693 addi             x13, x13, -128      x13=00001f80 x13:00002000
16594328ns          298226 1c008c76 00379713 slli             x14, x15, 0x3       x14=00000018 x15:00000003
16594348ns          298227 1c008c7a 00279793 slli             x15, x15, 0x2       x15=0000000c x15:00000003
16594368ns          298228 1c008c7c 00d7f7b3 and              x15, x15, x13       x15=00000000 x15:0000000c x13:00001f80
16594388ns          298229 1c008c7e ee873733 p.bclr           x14, x14, 23, 8     x14=00000018 x14:00000018
16594408ns          298230 1c008c82 1a10f6b7 lui              x13, 0x1a10f000     x13=1a10f000
16594428ns          298231 1c008c86 0ff57513 andi             x10, x10, 255       x10=00000072 x10:00000072
16594448ns          298232 1c008c8a 00d70733 add              x14, x14, x13       x14=1a10f018 x14:00000018 x13:1a10f000
16594468ns          298233 1c008c8c 00a7e723 p.sw             x10, x0(x15)        x10:00000072 x15:00000000  PA:1a10f018
16594786ns          298249 1c008c90 00000513 addi             x10, x0, 0          x10=00000000
16594806ns          298250 1c008c92 00008067 jalr             x0, x1, 0            x1:1c008d62
16594866ns          298253 1c008d62 31f52563 p.beqimm         x10, 778            x10:00000000
16594885ns          298254 1c008d66 001d8d93 addi             x27, x27, 1         x27=00000003 x27:00000002
16594905ns          298255 1c008d68 00044503 lbu              x10, 0(x8)          x10=0000006e  x8:1c0000bf  PA:1c0000bf
16595204ns          298270 1c008d6c 00140413 addi             x8, x8, 1            x8=1c0000c0  x8:1c0000bf
16595224ns          298271 1c008d6e fe0514e3 bne              x10, x0, -24        x10:0000006e
16595303ns          298275 1c008d56 02500793 addi             x15, x0, 37         x15=00000025
16595323ns          298276 1c008d5a 04f50863 beq              x10, x15, 80        x10:0000006e x15:00000025
16595343ns          298277 1c008d5e 01a005b3 add              x11, x0, x26        x11=00000002 x26:00000002
16595363ns          298278 1c008d60 000b00e7 jalr             x1, x22, 0           x1=1c008d62 x22:1c008c6c
16595403ns          298280 1c008c6c 000026b7 lui              x13, 0x2000         x13=00002000
16595422ns          298281 1c008c6e f14027f3 csrrs            x15, x0, 0xf14      x15=00000003
16595442ns          298282 1c008c72 f8068693 addi             x13, x13, -128      x13=00001f80 x13:00002000
16595462ns          298283 1c008c76 00379713 slli             x14, x15, 0x3       x14=00000018 x15:00000003
16595482ns          298284 1c008c7a 00279793 slli             x15, x15, 0x2       x15=0000000c x15:00000003
16595502ns          298285 1c008c7c 00d7f7b3 and              x15, x15, x13       x15=00000000 x15:0000000c x13:00001f80
16595522ns          298286 1c008c7e ee873733 p.bclr           x14, x14, 23, 8     x14=00000018 x14:00000018
16595542ns          298287 1c008c82 1a10f6b7 lui              x13, 0x1a10f000     x13=1a10f000
16595562ns          298288 1c008c86 0ff57513 andi             x10, x10, 255       x10=0000006e x10:0000006e
16595582ns          298289 1c008c8a 00d70733 add              x14, x14, x13       x14=1a10f018 x14:00000018 x13:1a10f000
16595601ns          298290 1c008c8c 00a7e723 p.sw             x10, x0(x15)        x10:0000006e x15:00000000  PA:1a10f018
16595940ns          298307 1c008c90 00000513 addi             x10, x0, 0          x10=00000000
16595960ns          298308 1c008c92 00008067 jalr             x0, x1, 0            x1:1c008d62
16596019ns          298311 1c008d62 31f52563 p.beqimm         x10, 778            x10:00000000
16596039ns          298312 1c008d66 001d8d93 addi             x27, x27, 1         x27=00000004 x27:00000003
16596059ns          298313 1c008d68 00044503 lbu              x10, 0(x8)          x10=00000065  x8:1c0000c0  PA:1c0000c0
16596357ns          298328 1c008d6c 00140413 addi             x8, x8, 1            x8=1c0000c1  x8:1c0000c0
16596377ns          298329 1c008d6e fe0514e3 bne              x10, x0, -24        x10:00000065
16596457ns          298333 1c008d56 02500793 addi             x15, x0, 37         x15=00000025
16596477ns          298334 1c008d5a 04f50863 beq              x10, x15, 80        x10:00000065 x15:00000025
16596497ns          298335 1c008d5e 01a005b3 add              x11, x0, x26        x11=00000002 x26:00000002
16596516ns          298336 1c008d60 000b00e7 jalr             x1, x22, 0           x1=1c008d62 x22:1c008c6c
16596556ns          298338 1c008c6c 000026b7 lui              x13, 0x2000         x13=00002000
16596576ns          298339 1c008c6e f14027f3 csrrs            x15, x0, 0xf14      x15=00000003
16596596ns          298340 1c008c72 f8068693 addi             x13, x13, -128      x13=00001f80 x13:00002000
16596616ns          298341 1c008c76 00379713 slli             x14, x15, 0x3       x14=00000018 x15:00000003
16596636ns          298342 1c008c7a 00279793 slli             x15, x15, 0x2       x15=0000000c x15:00000003
16596656ns          298343 1c008c7c 00d7f7b3 and              x15, x15, x13       x15=00000000 x15:0000000c x13:00001f80
16596676ns          298344 1c008c7e ee873733 p.bclr           x14, x14, 23, 8     x14=00000018 x14:00000018
16596695ns          298345 1c008c82 1a10f6b7 lui              x13, 0x1a10f000     x13=1a10f000
16596715ns          298346 1c008c86 0ff57513 andi             x10, x10, 255       x10=00000065 x10:00000065
16596735ns          298347 1c008c8a 00d70733 add              x14, x14, x13       x14=1a10f018 x14:00000018 x13:1a10f000
16596755ns          298348 1c008c8c 00a7e723 p.sw             x10, x0(x15)        x10:00000065 x15:00000000  PA:1a10f018
16597113ns          298366 1c008c90 00000513 addi             x10, x0, 0          x10=00000000
16597133ns          298367 1c008c92 00008067 jalr             x0, x1, 0            x1:1c008d62
16597193ns          298370 1c008d62 31f52563 p.beqimm         x10, 778            x10:00000000
16597213ns          298371 1c008d66 001d8d93 addi             x27, x27, 1         x27=00000005 x27:00000004
16597233ns          298372 1c008d68 00044503 lbu              x10, 0(x8)          x10=0000006c  x8:1c0000c1  PA:1c0000c1
16597531ns          298387 1c008d6c 00140413 addi             x8, x8, 1            x8=1c0000c2  x8:1c0000c1
16597551ns          298388 1c008d6e fe0514e3 bne              x10, x0, -24        x10:0000006c
16597630ns          298392 1c008d56 02500793 addi             x15, x0, 37         x15=00000025
16597650ns          298393 1c008d5a 04f50863 beq              x10, x15, 80        x10:0000006c x15:00000025
16597670ns          298394 1c008d5e 01a005b3 add              x11, x0, x26        x11=00000002 x26:00000002
16597690ns          298395 1c008d60 000b00e7 jalr             x1, x22, 0           x1=1c008d62 x22:1c008c6c
16597730ns          298397 1c008c6c 000026b7 lui              x13, 0x2000         x13=00002000
16597750ns          298398 1c008c6e f14027f3 csrrs            x15, x0, 0xf14      x15=00000003
16597770ns          298399 1c008c72 f8068693 addi             x13, x13, -128      x13=00001f80 x13:00002000
16597789ns          298400 1c008c76 00379713 slli             x14, x15, 0x3       x14=00000018 x15:00000003
16597809ns          298401 1c008c7a 00279793 slli             x15, x15, 0x2       x15=0000000c x15:00000003
16597829ns          298402 1c008c7c 00d7f7b3 and              x15, x15, x13       x15=00000000 x15:0000000c x13:00001f80
16597849ns          298403 1c008c7e ee873733 p.bclr           x14, x14, 23, 8     x14=00000018 x14:00000018
16597869ns          298404 1c008c82 1a10f6b7 lui              x13, 0x1a10f000     x13=1a10f000
16597889ns          298405 1c008c86 0ff57513 andi             x10, x10, 255       x10=0000006c x10:0000006c
16597909ns          298406 1c008c8a 00d70733 add              x14, x14, x13       x14=1a10f018 x14:00000018 x13:1a10f000
16597929ns          298407 1c008c8c 00a7e723 p.sw             x10, x0(x15)        x10:0000006c x15:00000000  PA:1a10f018
16598247ns          298423 1c008c90 00000513 addi             x10, x0, 0          x10=00000000
16598267ns          298424 1c008c92 00008067 jalr             x0, x1, 0            x1:1c008d62
16598327ns          298427 1c008d62 31f52563 p.beqimm         x10, 778            x10:00000000
16598346ns          298428 1c008d66 001d8d93 addi             x27, x27, 1         x27=00000006 x27:00000005
16598366ns          298429 1c008d68 00044503 lbu              x10, 0(x8)          x10=00000020  x8:1c0000c2  PA:1c0000c2
16598665ns          298444 1c008d6c 00140413 addi             x8, x8, 1            x8=1c0000c3  x8:1c0000c2
16598685ns          298445 1c008d6e fe0514e3 bne              x10, x0, -24        x10:00000020
16598764ns          298449 1c008d56 02500793 addi             x15, x0, 37         x15=00000025
16598784ns          298450 1c008d5a 04f50863 beq              x10, x15, 80        x10:00000020 x15:00000025
16598804ns          298451 1c008d5e 01a005b3 add              x11, x0, x26        x11=00000002 x26:00000002
16598824ns          298452 1c008d60 000b00e7 jalr             x1, x22, 0           x1=1c008d62 x22:1c008c6c
16598864ns          298454 1c008c6c 000026b7 lui              x13, 0x2000         x13=00002000
16598883ns          298455 1c008c6e f14027f3 csrrs            x15, x0, 0xf14      x15=00000003
16598903ns          298456 1c008c72 f8068693 addi             x13, x13, -128      x13=00001f80 x13:00002000
16598923ns          298457 1c008c76 00379713 slli             x14, x15, 0x3       x14=00000018 x15:00000003
16598943ns          298458 1c008c7a 00279793 slli             x15, x15, 0x2       x15=0000000c x15:00000003
16598963ns          298459 1c008c7c 00d7f7b3 and              x15, x15, x13       x15=00000000 x15:0000000c x13:00001f80
16598983ns          298460 1c008c7e ee873733 p.bclr           x14, x14, 23, 8     x14=00000018 x14:00000018
16599003ns          298461 1c008c82 1a10f6b7 lui              x13, 0x1a10f000     x13=1a10f000
16599023ns          298462 1c008c86 0ff57513 andi             x10, x10, 255       x10=00000020 x10:00000020
16599043ns          298463 1c008c8a 00d70733 add              x14, x14, x13       x14=1a10f018 x14:00000018 x13:1a10f000
16599062ns          298464 1c008c8c 00a7e723 p.sw             x10, x0(x15)        x10:00000020 x15:00000000  PA:1a10f018
16599381ns          298480 1c008c90 00000513 addi             x10, x0, 0          x10=00000000
16599401ns          298481 1c008c92 00008067 jalr             x0, x1, 0            x1:1c008d62
16599460ns          298484 1c008d62 31f52563 p.beqimm         x10, 778            x10:00000000
16599480ns          298485 1c008d66 001d8d93 addi             x27, x27, 1         x27=00000007 x27:00000006
16599500ns          298486 1c008d68 00044503 lbu              x10, 0(x8)          x10=00000070  x8:1c0000c3  PA:1c0000c3
16599818ns          298502 1c008d6c 00140413 addi             x8, x8, 1            x8=1c0000c4  x8:1c0000c3
16599838ns          298503 1c008d6e fe0514e3 bne              x10, x0, -24        x10:00000070
16599918ns          298507 1c008d56 02500793 addi             x15, x0, 37         x15=00000025
16599938ns          298508 1c008d5a 04f50863 beq              x10, x15, 80        x10:00000070 x15:00000025
16599958ns          298509 1c008d5e 01a005b3 add              x11, x0, x26        x11=00000002 x26:00000002
16599977ns          298510 1c008d60 000b00e7 jalr             x1, x22, 0           x1=1c008d62 x22:1c008c6c
16600017ns          298512 1c008c6c 000026b7 lui              x13, 0x2000         x13=00002000
16600037ns          298513 1c008c6e f14027f3 csrrs            x15, x0, 0xf14      x15=00000003
16600057ns          298514 1c008c72 f8068693 addi             x13, x13, -128      x13=00001f80 x13:00002000
16600077ns          298515 1c008c76 00379713 slli             x14, x15, 0x3       x14=00000018 x15:00000003
16600097ns          298516 1c008c7a 00279793 slli             x15, x15, 0x2       x15=0000000c x15:00000003
16600117ns          298517 1c008c7c 00d7f7b3 and              x15, x15, x13       x15=00000000 x15:0000000c x13:00001f80
16600137ns          298518 1c008c7e ee873733 p.bclr           x14, x14, 23, 8     x14=00000018 x14:00000018
16600156ns          298519 1c008c82 1a10f6b7 lui              x13, 0x1a10f000     x13=1a10f000
16600176ns          298520 1c008c86 0ff57513 andi             x10, x10, 255       x10=00000070 x10:00000070
16600196ns          298521 1c008c8a 00d70733 add              x14, x14, x13       x14=1a10f018 x14:00000018 x13:1a10f000
16600216ns          298522 1c008c8c 00a7e723 p.sw             x10, x0(x15)        x10:00000070 x15:00000000  PA:1a10f018
16600534ns          298538 1c008c90 00000513 addi             x10, x0, 0          x10=00000000
16600554ns          298539 1c008c92 00008067 jalr             x0, x1, 0            x1:1c008d62
16600614ns          298542 1c008d62 31f52563 p.beqimm         x10, 778            x10:00000000
16600634ns          298543 1c008d66 001d8d93 addi             x27, x27, 1         x27=00000008 x27:00000007
16600654ns          298544 1c008d68 00044503 lbu              x10, 0(x8)          x10=00000061  x8:1c0000c4  PA:1c0000c4
16600972ns          298560 1c008d6c 00140413 addi             x8, x8, 1            x8=1c0000c5  x8:1c0000c4
16600992ns          298561 1c008d6e fe0514e3 bne              x10, x0, -24        x10:00000061
16601071ns          298565 1c008d56 02500793 addi             x15, x0, 37         x15=00000025
16601091ns          298566 1c008d5a 04f50863 beq              x10, x15, 80        x10:00000061 x15:00000025
16601111ns          298567 1c008d5e 01a005b3 add              x11, x0, x26        x11=00000002 x26:00000002
16601131ns          298568 1c008d60 000b00e7 jalr             x1, x22, 0           x1=1c008d62 x22:1c008c6c
16601171ns          298570 1c008c6c 000026b7 lui              x13, 0x2000         x13=00002000
16601191ns          298571 1c008c6e f14027f3 csrrs            x15, x0, 0xf14      x15=00000003
16601211ns          298572 1c008c72 f8068693 addi             x13, x13, -128      x13=00001f80 x13:00002000
16601231ns          298573 1c008c76 00379713 slli             x14, x15, 0x3       x14=00000018 x15:00000003
16601250ns          298574 1c008c7a 00279793 slli             x15, x15, 0x2       x15=0000000c x15:00000003
16601270ns          298575 1c008c7c 00d7f7b3 and              x15, x15, x13       x15=00000000 x15:0000000c x13:00001f80
16601290ns          298576 1c008c7e ee873733 p.bclr           x14, x14, 23, 8     x14=00000018 x14:00000018
16601310ns          298577 1c008c82 1a10f6b7 lui              x13, 0x1a10f000     x13=1a10f000
16601330ns          298578 1c008c86 0ff57513 andi             x10, x10, 255       x10=00000061 x10:00000061
16601350ns          298579 1c008c8a 00d70733 add              x14, x14, x13       x14=1a10f018 x14:00000018 x13:1a10f000
16601370ns          298580 1c008c8c 00a7e723 p.sw             x10, x0(x15)        x10:00000061 x15:00000000  PA:1a10f018
16601688ns          298596 1c008c90 00000513 addi             x10, x0, 0          x10=00000000
16601708ns          298597 1c008c92 00008067 jalr             x0, x1, 0            x1:1c008d62
16601768ns          298600 1c008d62 31f52563 p.beqimm         x10, 778            x10:00000000
16601788ns          298601 1c008d66 001d8d93 addi             x27, x27, 1         x27=00000009 x27:00000008
16601807ns          298602 1c008d68 00044503 lbu              x10, 0(x8)          x10=00000073  x8:1c0000c5  PA:1c0000c5
16602106ns          298617 1c008d6c 00140413 addi             x8, x8, 1            x8=1c0000c6  x8:1c0000c5
16602126ns          298618 1c008d6e fe0514e3 bne              x10, x0, -24        x10:00000073
16602205ns          298622 1c008d56 02500793 addi             x15, x0, 37         x15=00000025
16602225ns          298623 1c008d5a 04f50863 beq              x10, x15, 80        x10:00000073 x15:00000025
16602245ns          298624 1c008d5e 01a005b3 add              x11, x0, x26        x11=00000002 x26:00000002
16602265ns          298625 1c008d60 000b00e7 jalr             x1, x22, 0           x1=1c008d62 x22:1c008c6c
16602305ns          298627 1c008c6c 000026b7 lui              x13, 0x2000         x13=00002000
16602325ns          298628 1c008c6e f14027f3 csrrs            x15, x0, 0xf14      x15=00000003
16602344ns          298629 1c008c72 f8068693 addi             x13, x13, -128      x13=00001f80 x13:00002000
16602364ns          298630 1c008c76 00379713 slli             x14, x15, 0x3       x14=00000018 x15:00000003
16602384ns          298631 1c008c7a 00279793 slli             x15, x15, 0x2       x15=0000000c x15:00000003
16602404ns          298632 1c008c7c 00d7f7b3 and              x15, x15, x13       x15=00000000 x15:0000000c x13:00001f80
16602424ns          298633 1c008c7e ee873733 p.bclr           x14, x14, 23, 8     x14=00000018 x14:00000018
16602444ns          298634 1c008c82 1a10f6b7 lui              x13, 0x1a10f000     x13=1a10f000
16602464ns          298635 1c008c86 0ff57513 andi             x10, x10, 255       x10=00000073 x10:00000073
16602484ns          298636 1c008c8a 00d70733 add              x14, x14, x13       x14=1a10f018 x14:00000018 x13:1a10f000
16602504ns          298637 1c008c8c 00a7e723 p.sw             x10, x0(x15)        x10:00000073 x15:00000000  PA:1a10f018
16602822ns          298653 1c008c90 00000513 addi             x10, x0, 0          x10=00000000
16602842ns          298654 1c008c92 00008067 jalr             x0, x1, 0            x1:1c008d62
16602901ns          298657 1c008d62 31f52563 p.beqimm         x10, 778            x10:00000000
16602921ns          298658 1c008d66 001d8d93 addi             x27, x27, 1         x27=0000000a x27:00000009
16602941ns          298659 1c008d68 00044503 lbu              x10, 0(x8)          x10=00000073  x8:1c0000c6  PA:1c0000c6
16603240ns          298674 1c008d6c 00140413 addi             x8, x8, 1            x8=1c0000c7  x8:1c0000c6
16603259ns          298675 1c008d6e fe0514e3 bne              x10, x0, -24        x10:00000073
16603339ns          298679 1c008d56 02500793 addi             x15, x0, 37         x15=00000025
16603359ns          298680 1c008d5a 04f50863 beq              x10, x15, 80        x10:00000073 x15:00000025
16603379ns          298681 1c008d5e 01a005b3 add              x11, x0, x26        x11=00000002 x26:00000002
16603399ns          298682 1c008d60 000b00e7 jalr             x1, x22, 0           x1=1c008d62 x22:1c008c6c
16603438ns          298684 1c008c6c 000026b7 lui              x13, 0x2000         x13=00002000
16603458ns          298685 1c008c6e f14027f3 csrrs            x15, x0, 0xf14      x15=00000003
16603478ns          298686 1c008c72 f8068693 addi             x13, x13, -128      x13=00001f80 x13:00002000
16603498ns          298687 1c008c76 00379713 slli             x14, x15, 0x3       x14=00000018 x15:00000003
16603518ns          298688 1c008c7a 00279793 slli             x15, x15, 0x2       x15=0000000c x15:00000003
16603538ns          298689 1c008c7c 00d7f7b3 and              x15, x15, x13       x15=00000000 x15:0000000c x13:00001f80
16603558ns          298690 1c008c7e ee873733 p.bclr           x14, x14, 23, 8     x14=00000018 x14:00000018
16603578ns          298691 1c008c82 1a10f6b7 lui              x13, 0x1a10f000     x13=1a10f000
16603598ns          298692 1c008c86 0ff57513 andi             x10, x10, 255       x10=00000073 x10:00000073
16603617ns          298693 1c008c8a 00d70733 add              x14, x14, x13       x14=1a10f018 x14:00000018 x13:1a10f000
16603637ns          298694 1c008c8c 00a7e723 p.sw             x10, x0(x15)        x10:00000073 x15:00000000  PA:1a10f018
16603956ns          298710 1c008c90 00000513 addi             x10, x0, 0          x10=00000000
16603976ns          298711 1c008c92 00008067 jalr             x0, x1, 0            x1:1c008d62
16604035ns          298714 1c008d62 31f52563 p.beqimm         x10, 778            x10:00000000
16604055ns          298715 1c008d66 001d8d93 addi             x27, x27, 1         x27=0000000b x27:0000000a
16604075ns          298716 1c008d68 00044503 lbu              x10, 0(x8)          x10=00000065  x8:1c0000c7  PA:1c0000c7
16604373ns          298731 1c008d6c 00140413 addi             x8, x8, 1            x8=1c0000c8  x8:1c0000c7
16604393ns          298732 1c008d6e fe0514e3 bne              x10, x0, -24        x10:00000065
16604473ns          298736 1c008d56 02500793 addi             x15, x0, 37         x15=00000025
16604493ns          298737 1c008d5a 04f50863 beq              x10, x15, 80        x10:00000065 x15:00000025
16604513ns          298738 1c008d5e 01a005b3 add              x11, x0, x26        x11=00000002 x26:00000002
16604532ns          298739 1c008d60 000b00e7 jalr             x1, x22, 0           x1=1c008d62 x22:1c008c6c
16604572ns          298741 1c008c6c 000026b7 lui              x13, 0x2000         x13=00002000
16604592ns          298742 1c008c6e f14027f3 csrrs            x15, x0, 0xf14      x15=00000003
16604612ns          298743 1c008c72 f8068693 addi             x13, x13, -128      x13=00001f80 x13:00002000
16604632ns          298744 1c008c76 00379713 slli             x14, x15, 0x3       x14=00000018 x15:00000003
16604652ns          298745 1c008c7a 00279793 slli             x15, x15, 0x2       x15=0000000c x15:00000003
16604672ns          298746 1c008c7c 00d7f7b3 and              x15, x15, x13       x15=00000000 x15:0000000c x13:00001f80
16604692ns          298747 1c008c7e ee873733 p.bclr           x14, x14, 23, 8     x14=00000018 x14:00000018
16604711ns          298748 1c008c82 1a10f6b7 lui              x13, 0x1a10f000     x13=1a10f000
16604731ns          298749 1c008c86 0ff57513 andi             x10, x10, 255       x10=00000065 x10:00000065
16604751ns          298750 1c008c8a 00d70733 add              x14, x14, x13       x14=1a10f018 x14:00000018 x13:1a10f000
16604771ns          298751 1c008c8c 00a7e723 p.sw             x10, x0(x15)        x10:00000065 x15:00000000  PA:1a10f018
16605109ns          298768 1c008c90 00000513 addi             x10, x0, 0          x10=00000000
16605129ns          298769 1c008c92 00008067 jalr             x0, x1, 0            x1:1c008d62
16605189ns          298772 1c008d62 31f52563 p.beqimm         x10, 778            x10:00000000
16605209ns          298773 1c008d66 001d8d93 addi             x27, x27, 1         x27=0000000c x27:0000000b
16605229ns          298774 1c008d68 00044503 lbu              x10, 0(x8)          x10=00000064  x8:1c0000c8  PA:1c0000c8
16605527ns          298789 1c008d6c 00140413 addi             x8, x8, 1            x8=1c0000c9  x8:1c0000c8
16605547ns          298790 1c008d6e fe0514e3 bne              x10, x0, -24        x10:00000064
16605626ns          298794 1c008d56 02500793 addi             x15, x0, 37         x15=00000025
16605646ns          298795 1c008d5a 04f50863 beq              x10, x15, 80        x10:00000064 x15:00000025
16605666ns          298796 1c008d5e 01a005b3 add              x11, x0, x26        x11=00000002 x26:00000002
16605686ns          298797 1c008d60 000b00e7 jalr             x1, x22, 0           x1=1c008d62 x22:1c008c6c
16605726ns          298799 1c008c6c 000026b7 lui              x13, 0x2000         x13=00002000
16605746ns          298800 1c008c6e f14027f3 csrrs            x15, x0, 0xf14      x15=00000003
16605766ns          298801 1c008c72 f8068693 addi             x13, x13, -128      x13=00001f80 x13:00002000
16605786ns          298802 1c008c76 00379713 slli             x14, x15, 0x3       x14=00000018 x15:00000003
16605805ns          298803 1c008c7a 00279793 slli             x15, x15, 0x2       x15=0000000c x15:00000003
16605825ns          298804 1c008c7c 00d7f7b3 and              x15, x15, x13       x15=00000000 x15:0000000c x13:00001f80
16605845ns          298805 1c008c7e ee873733 p.bclr           x14, x14, 23, 8     x14=00000018 x14:00000018
16605865ns          298806 1c008c82 1a10f6b7 lui              x13, 0x1a10f000     x13=1a10f000
16605885ns          298807 1c008c86 0ff57513 andi             x10, x10, 255       x10=00000064 x10:00000064
16605905ns          298808 1c008c8a 00d70733 add              x14, x14, x13       x14=1a10f018 x14:00000018 x13:1a10f000
16605925ns          298809 1c008c8c 00a7e723 p.sw             x10, x0(x15)        x10:00000064 x15:00000000  PA:1a10f018
16606243ns          298825 1c008c90 00000513 addi             x10, x0, 0          x10=00000000
16606263ns          298826 1c008c92 00008067 jalr             x0, x1, 0            x1:1c008d62
16606323ns          298829 1c008d62 31f52563 p.beqimm         x10, 778            x10:00000000
16606343ns          298830 1c008d66 001d8d93 addi             x27, x27, 1         x27=0000000d x27:0000000c
16606362ns          298831 1c008d68 00044503 lbu              x10, 0(x8)          x10=00000020  x8:1c0000c9  PA:1c0000c9
16606661ns          298846 1c008d6c 00140413 addi             x8, x8, 1            x8=1c0000ca  x8:1c0000c9
16606681ns          298847 1c008d6e fe0514e3 bne              x10, x0, -24        x10:00000020
16606760ns          298851 1c008d56 02500793 addi             x15, x0, 37         x15=00000025
16606780ns          298852 1c008d5a 04f50863 beq              x10, x15, 80        x10:00000020 x15:00000025
16606800ns          298853 1c008d5e 01a005b3 add              x11, x0, x26        x11=00000002 x26:00000002
16606820ns          298854 1c008d60 000b00e7 jalr             x1, x22, 0           x1=1c008d62 x22:1c008c6c
16606860ns          298856 1c008c6c 000026b7 lui              x13, 0x2000         x13=00002000
16606880ns          298857 1c008c6e f14027f3 csrrs            x15, x0, 0xf14      x15=00000003
16606899ns          298858 1c008c72 f8068693 addi             x13, x13, -128      x13=00001f80 x13:00002000
16606919ns          298859 1c008c76 00379713 slli             x14, x15, 0x3       x14=00000018 x15:00000003
16606939ns          298860 1c008c7a 00279793 slli             x15, x15, 0x2       x15=0000000c x15:00000003
16606959ns          298861 1c008c7c 00d7f7b3 and              x15, x15, x13       x15=00000000 x15:0000000c x13:00001f80
16606979ns          298862 1c008c7e ee873733 p.bclr           x14, x14, 23, 8     x14=00000018 x14:00000018
16606999ns          298863 1c008c82 1a10f6b7 lui              x13, 0x1a10f000     x13=1a10f000
16607019ns          298864 1c008c86 0ff57513 andi             x10, x10, 255       x10=00000020 x10:00000020
16607039ns          298865 1c008c8a 00d70733 add              x14, x14, x13       x14=1a10f018 x14:00000018 x13:1a10f000
16607059ns          298866 1c008c8c 00a7e723 p.sw             x10, x0(x15)        x10:00000020 x15:00000000  PA:1a10f018
16607377ns          298882 1c008c90 00000513 addi             x10, x0, 0          x10=00000000
16607397ns          298883 1c008c92 00008067 jalr             x0, x1, 0            x1:1c008d62
16607456ns          298886 1c008d62 31f52563 p.beqimm         x10, 778            x10:00000000
16607476ns          298887 1c008d66 001d8d93 addi             x27, x27, 1         x27=0000000e x27:0000000d
16607496ns          298888 1c008d68 00044503 lbu              x10, 0(x8)          x10=0000006f  x8:1c0000ca  PA:1c0000ca
16607814ns          298904 1c008d6c 00140413 addi             x8, x8, 1            x8=1c0000cb  x8:1c0000ca
16607834ns          298905 1c008d6e fe0514e3 bne              x10, x0, -24        x10:0000006f
16607914ns          298909 1c008d56 02500793 addi             x15, x0, 37         x15=00000025
16607934ns          298910 1c008d5a 04f50863 beq              x10, x15, 80        x10:0000006f x15:00000025
16607954ns          298911 1c008d5e 01a005b3 add              x11, x0, x26        x11=00000002 x26:00000002
16607974ns          298912 1c008d60 000b00e7 jalr             x1, x22, 0           x1=1c008d62 x22:1c008c6c
16608013ns          298914 1c008c6c 000026b7 lui              x13, 0x2000         x13=00002000
16608033ns          298915 1c008c6e f14027f3 csrrs            x15, x0, 0xf14      x15=00000003
16608053ns          298916 1c008c72 f8068693 addi             x13, x13, -128      x13=00001f80 x13:00002000
16608073ns          298917 1c008c76 00379713 slli             x14, x15, 0x3       x14=00000018 x15:00000003
16608093ns          298918 1c008c7a 00279793 slli             x15, x15, 0x2       x15=0000000c x15:00000003
16608113ns          298919 1c008c7c 00d7f7b3 and              x15, x15, x13       x15=00000000 x15:0000000c x13:00001f80
16608133ns          298920 1c008c7e ee873733 p.bclr           x14, x14, 23, 8     x14=00000018 x14:00000018
16608153ns          298921 1c008c82 1a10f6b7 lui              x13, 0x1a10f000     x13=1a10f000
16608172ns          298922 1c008c86 0ff57513 andi             x10, x10, 255       x10=0000006f x10:0000006f
16608192ns          298923 1c008c8a 00d70733 add              x14, x14, x13       x14=1a10f018 x14:00000018 x13:1a10f000
16608212ns          298924 1c008c8c 00a7e723 p.sw             x10, x0(x15)        x10:0000006f x15:00000000  PA:1a10f018
16608530ns          298940 1c008c90 00000513 addi             x10, x0, 0          x10=00000000
16608550ns          298941 1c008c92 00008067 jalr             x0, x1, 0            x1:1c008d62
16608610ns          298944 1c008d62 31f52563 p.beqimm         x10, 778            x10:00000000
16608630ns          298945 1c008d66 001d8d93 addi             x27, x27, 1         x27=0000000f x27:0000000e
16608650ns          298946 1c008d68 00044503 lbu              x10, 0(x8)          x10=0000006e  x8:1c0000cb  PA:1c0000cb
16608968ns          298962 1c008d6c 00140413 addi             x8, x8, 1            x8=1c0000cc  x8:1c0000cb
16608988ns          298963 1c008d6e fe0514e3 bne              x10, x0, -24        x10:0000006e
16609068ns          298967 1c008d56 02500793 addi             x15, x0, 37         x15=00000025
16609087ns          298968 1c008d5a 04f50863 beq              x10, x15, 80        x10:0000006e x15:00000025
16609107ns          298969 1c008d5e 01a005b3 add              x11, x0, x26        x11=00000002 x26:00000002
16609127ns          298970 1c008d60 000b00e7 jalr             x1, x22, 0           x1=1c008d62 x22:1c008c6c
16609167ns          298972 1c008c6c 000026b7 lui              x13, 0x2000         x13=00002000
16609187ns          298973 1c008c6e f14027f3 csrrs            x15, x0, 0xf14      x15=00000003
16609207ns          298974 1c008c72 f8068693 addi             x13, x13, -128      x13=00001f80 x13:00002000
16609227ns          298975 1c008c76 00379713 slli             x14, x15, 0x3       x14=00000018 x15:00000003
16609247ns          298976 1c008c7a 00279793 slli             x15, x15, 0x2       x15=0000000c x15:00000003
16609266ns          298977 1c008c7c 00d7f7b3 and              x15, x15, x13       x15=00000000 x15:0000000c x13:00001f80
16609286ns          298978 1c008c7e ee873733 p.bclr           x14, x14, 23, 8     x14=00000018 x14:00000018
16609306ns          298979 1c008c82 1a10f6b7 lui              x13, 0x1a10f000     x13=1a10f000
16609326ns          298980 1c008c86 0ff57513 andi             x10, x10, 255       x10=0000006e x10:0000006e
16609346ns          298981 1c008c8a 00d70733 add              x14, x14, x13       x14=1a10f018 x14:00000018 x13:1a10f000
16609366ns          298982 1c008c8c 00a7e723 p.sw             x10, x0(x15)        x10:0000006e x15:00000000  PA:1a10f018
16609684ns          298998 1c008c90 00000513 addi             x10, x0, 0          x10=00000000
16609704ns          298999 1c008c92 00008067 jalr             x0, x1, 0            x1:1c008d62
16609764ns          299002 1c008d62 31f52563 p.beqimm         x10, 778            x10:00000000
16609784ns          299003 1c008d66 001d8d93 addi             x27, x27, 1         x27=00000010 x27:0000000f
16609803ns          299004 1c008d68 00044503 lbu              x10, 0(x8)          x10=00000020  x8:1c0000cc  PA:1c0000cc
16610102ns          299019 1c008d6c 00140413 addi             x8, x8, 1            x8=1c0000cd  x8:1c0000cc
16610122ns          299020 1c008d6e fe0514e3 bne              x10, x0, -24        x10:00000020
16610201ns          299024 1c008d56 02500793 addi             x15, x0, 37         x15=00000025
16610221ns          299025 1c008d5a 04f50863 beq              x10, x15, 80        x10:00000020 x15:00000025
16610241ns          299026 1c008d5e 01a005b3 add              x11, x0, x26        x11=00000002 x26:00000002
16610261ns          299027 1c008d60 000b00e7 jalr             x1, x22, 0           x1=1c008d62 x22:1c008c6c
16610301ns          299029 1c008c6c 000026b7 lui              x13, 0x2000         x13=00002000
16610321ns          299030 1c008c6e f14027f3 csrrs            x15, x0, 0xf14      x15=00000003
16610341ns          299031 1c008c72 f8068693 addi             x13, x13, -128      x13=00001f80 x13:00002000
16610360ns          299032 1c008c76 00379713 slli             x14, x15, 0x3       x14=00000018 x15:00000003
16610380ns          299033 1c008c7a 00279793 slli             x15, x15, 0x2       x15=0000000c x15:00000003
16610400ns          299034 1c008c7c 00d7f7b3 and              x15, x15, x13       x15=00000000 x15:0000000c x13:00001f80
16610420ns          299035 1c008c7e ee873733 p.bclr           x14, x14, 23, 8     x14=00000018 x14:00000018
16610440ns          299036 1c008c82 1a10f6b7 lui              x13, 0x1a10f000     x13=1a10f000
16610460ns          299037 1c008c86 0ff57513 andi             x10, x10, 255       x10=00000020 x10:00000020
16610480ns          299038 1c008c8a 00d70733 add              x14, x14, x13       x14=1a10f018 x14:00000018 x13:1a10f000
16610500ns          299039 1c008c8c 00a7e723 p.sw             x10, x0(x15)        x10:00000020 x15:00000000  PA:1a10f018
16610818ns          299055 1c008c90 00000513 addi             x10, x0, 0          x10=00000000
16610838ns          299056 1c008c92 00008067 jalr             x0, x1, 0            x1:1c008d62
16610897ns          299059 1c008d62 31f52563 p.beqimm         x10, 778            x10:00000000
16610917ns          299060 1c008d66 001d8d93 addi             x27, x27, 1         x27=00000011 x27:00000010
16610937ns          299061 1c008d68 00044503 lbu              x10, 0(x8)          x10=00000063  x8:1c0000cd  PA:1c0000cd
16611236ns          299076 1c008d6c 00140413 addi             x8, x8, 1            x8=1c0000ce  x8:1c0000cd
16611256ns          299077 1c008d6e fe0514e3 bne              x10, x0, -24        x10:00000063
16611335ns          299081 1c008d56 02500793 addi             x15, x0, 37         x15=00000025
16611355ns          299082 1c008d5a 04f50863 beq              x10, x15, 80        x10:00000063 x15:00000025
16611375ns          299083 1c008d5e 01a005b3 add              x11, x0, x26        x11=00000002 x26:00000002
16611395ns          299084 1c008d60 000b00e7 jalr             x1, x22, 0           x1=1c008d62 x22:1c008c6c
16611435ns          299086 1c008c6c 000026b7 lui              x13, 0x2000         x13=00002000
16611454ns          299087 1c008c6e f14027f3 csrrs            x15, x0, 0xf14      x15=00000003
16611474ns          299088 1c008c72 f8068693 addi             x13, x13, -128      x13=00001f80 x13:00002000
16611494ns          299089 1c008c76 00379713 slli             x14, x15, 0x3       x14=00000018 x15:00000003
16611514ns          299090 1c008c7a 00279793 slli             x15, x15, 0x2       x15=0000000c x15:00000003
16611534ns          299091 1c008c7c 00d7f7b3 and              x15, x15, x13       x15=00000000 x15:0000000c x13:00001f80
16611554ns          299092 1c008c7e ee873733 p.bclr           x14, x14, 23, 8     x14=00000018 x14:00000018
16611574ns          299093 1c008c82 1a10f6b7 lui              x13, 0x1a10f000     x13=1a10f000
16611594ns          299094 1c008c86 0ff57513 andi             x10, x10, 255       x10=00000063 x10:00000063
16611614ns          299095 1c008c8a 00d70733 add              x14, x14, x13       x14=1a10f018 x14:00000018 x13:1a10f000
16611633ns          299096 1c008c8c 00a7e723 p.sw             x10, x0(x15)        x10:00000063 x15:00000000  PA:1a10f018
16611952ns          299112 1c008c90 00000513 addi             x10, x0, 0          x10=00000000
16611972ns          299113 1c008c92 00008067 jalr             x0, x1, 0            x1:1c008d62
16612031ns          299116 1c008d62 31f52563 p.beqimm         x10, 778            x10:00000000
16612051ns          299117 1c008d66 001d8d93 addi             x27, x27, 1         x27=00000012 x27:00000011
16612071ns          299118 1c008d68 00044503 lbu              x10, 0(x8)          x10=0000006f  x8:1c0000ce  PA:1c0000ce
16612369ns          299133 1c008d6c 00140413 addi             x8, x8, 1            x8=1c0000cf  x8:1c0000ce
16612389ns          299134 1c008d6e fe0514e3 bne              x10, x0, -24        x10:0000006f
16612469ns          299138 1c008d56 02500793 addi             x15, x0, 37         x15=00000025
16612489ns          299139 1c008d5a 04f50863 beq              x10, x15, 80        x10:0000006f x15:00000025
16612509ns          299140 1c008d5e 01a005b3 add              x11, x0, x26        x11=00000002 x26:00000002
16612529ns          299141 1c008d60 000b00e7 jalr             x1, x22, 0           x1=1c008d62 x22:1c008c6c
16612568ns          299143 1c008c6c 000026b7 lui              x13, 0x2000         x13=00002000
16612588ns          299144 1c008c6e f14027f3 csrrs            x15, x0, 0xf14      x15=00000003
16612608ns          299145 1c008c72 f8068693 addi             x13, x13, -128      x13=00001f80 x13:00002000
16612628ns          299146 1c008c76 00379713 slli             x14, x15, 0x3       x14=00000018 x15:00000003
16612648ns          299147 1c008c7a 00279793 slli             x15, x15, 0x2       x15=0000000c x15:00000003
16612668ns          299148 1c008c7c 00d7f7b3 and              x15, x15, x13       x15=00000000 x15:0000000c x13:00001f80
16612688ns          299149 1c008c7e ee873733 p.bclr           x14, x14, 23, 8     x14=00000018 x14:00000018
16612708ns          299150 1c008c82 1a10f6b7 lui              x13, 0x1a10f000     x13=1a10f000
16612727ns          299151 1c008c86 0ff57513 andi             x10, x10, 255       x10=0000006f x10:0000006f
16612747ns          299152 1c008c8a 00d70733 add              x14, x14, x13       x14=1a10f018 x14:00000018 x13:1a10f000
16612767ns          299153 1c008c8c 00a7e723 p.sw             x10, x0(x15)        x10:0000006f x15:00000000  PA:1a10f018
16613105ns          299170 1c008c90 00000513 addi             x10, x0, 0          x10=00000000
16613125ns          299171 1c008c92 00008067 jalr             x0, x1, 0            x1:1c008d62
16613185ns          299174 1c008d62 31f52563 p.beqimm         x10, 778            x10:00000000
16613205ns          299175 1c008d66 001d8d93 addi             x27, x27, 1         x27=00000013 x27:00000012
16613225ns          299176 1c008d68 00044503 lbu              x10, 0(x8)          x10=00000072  x8:1c0000cf  PA:1c0000cf
16613523ns          299191 1c008d6c 00140413 addi             x8, x8, 1            x8=1c0000d0  x8:1c0000cf
16613543ns          299192 1c008d6e fe0514e3 bne              x10, x0, -24        x10:00000072
16613623ns          299196 1c008d56 02500793 addi             x15, x0, 37         x15=00000025
16613642ns          299197 1c008d5a 04f50863 beq              x10, x15, 80        x10:00000072 x15:00000025
16613662ns          299198 1c008d5e 01a005b3 add              x11, x0, x26        x11=00000002 x26:00000002
16613682ns          299199 1c008d60 000b00e7 jalr             x1, x22, 0           x1=1c008d62 x22:1c008c6c
16613722ns          299201 1c008c6c 000026b7 lui              x13, 0x2000         x13=00002000
16613742ns          299202 1c008c6e f14027f3 csrrs            x15, x0, 0xf14      x15=00000003
16613762ns          299203 1c008c72 f8068693 addi             x13, x13, -128      x13=00001f80 x13:00002000
16613782ns          299204 1c008c76 00379713 slli             x14, x15, 0x3       x14=00000018 x15:00000003
16613802ns          299205 1c008c7a 00279793 slli             x15, x15, 0x2       x15=0000000c x15:00000003
16613821ns          299206 1c008c7c 00d7f7b3 and              x15, x15, x13       x15=00000000 x15:0000000c x13:00001f80
16613841ns          299207 1c008c7e ee873733 p.bclr           x14, x14, 23, 8     x14=00000018 x14:00000018
16613861ns          299208 1c008c82 1a10f6b7 lui              x13, 0x1a10f000     x13=1a10f000
16613881ns          299209 1c008c86 0ff57513 andi             x10, x10, 255       x10=00000072 x10:00000072
16613901ns          299210 1c008c8a 00d70733 add              x14, x14, x13       x14=1a10f018 x14:00000018 x13:1a10f000
16613921ns          299211 1c008c8c 00a7e723 p.sw             x10, x0(x15)        x10:00000072 x15:00000000  PA:1a10f018
16614239ns          299227 1c008c90 00000513 addi             x10, x0, 0          x10=00000000
16614259ns          299228 1c008c92 00008067 jalr             x0, x1, 0            x1:1c008d62
16614319ns          299231 1c008d62 31f52563 p.beqimm         x10, 778            x10:00000000
16614339ns          299232 1c008d66 001d8d93 addi             x27, x27, 1         x27=00000014 x27:00000013
16614358ns          299233 1c008d68 00044503 lbu              x10, 0(x8)          x10=00000065  x8:1c0000d0  PA:1c0000d0
16614657ns          299248 1c008d6c 00140413 addi             x8, x8, 1            x8=1c0000d1  x8:1c0000d0
16614677ns          299249 1c008d6e fe0514e3 bne              x10, x0, -24        x10:00000065
16614756ns          299253 1c008d56 02500793 addi             x15, x0, 37         x15=00000025
16614776ns          299254 1c008d5a 04f50863 beq              x10, x15, 80        x10:00000065 x15:00000025
16614796ns          299255 1c008d5e 01a005b3 add              x11, x0, x26        x11=00000002 x26:00000002
16614816ns          299256 1c008d60 000b00e7 jalr             x1, x22, 0           x1=1c008d62 x22:1c008c6c
16614856ns          299258 1c008c6c 000026b7 lui              x13, 0x2000         x13=00002000
16614876ns          299259 1c008c6e f14027f3 csrrs            x15, x0, 0xf14      x15=00000003
16614896ns          299260 1c008c72 f8068693 addi             x13, x13, -128      x13=00001f80 x13:00002000
16614915ns          299261 1c008c76 00379713 slli             x14, x15, 0x3       x14=00000018 x15:00000003
16614935ns          299262 1c008c7a 00279793 slli             x15, x15, 0x2       x15=0000000c x15:00000003
16614955ns          299263 1c008c7c 00d7f7b3 and              x15, x15, x13       x15=00000000 x15:0000000c x13:00001f80
16614975ns          299264 1c008c7e ee873733 p.bclr           x14, x14, 23, 8     x14=00000018 x14:00000018
16614995ns          299265 1c008c82 1a10f6b7 lui              x13, 0x1a10f000     x13=1a10f000
16615015ns          299266 1c008c86 0ff57513 andi             x10, x10, 255       x10=00000065 x10:00000065
16615035ns          299267 1c008c8a 00d70733 add              x14, x14, x13       x14=1a10f018 x14:00000018 x13:1a10f000
16615055ns          299268 1c008c8c 00a7e723 p.sw             x10, x0(x15)        x10:00000065 x15:00000000  PA:1a10f018
16615373ns          299284 1c008c90 00000513 addi             x10, x0, 0          x10=00000000
16615393ns          299285 1c008c92 00008067 jalr             x0, x1, 0            x1:1c008d62
16615452ns          299288 1c008d62 31f52563 p.beqimm         x10, 778            x10:00000000
16615472ns          299289 1c008d66 001d8d93 addi             x27, x27, 1         x27=00000015 x27:00000014
16615492ns          299290 1c008d68 00044503 lbu              x10, 0(x8)          x10=00000020  x8:1c0000d1  PA:1c0000d1
16615811ns          299306 1c008d6c 00140413 addi             x8, x8, 1            x8=1c0000d2  x8:1c0000d1
16615830ns          299307 1c008d6e fe0514e3 bne              x10, x0, -24        x10:00000020
16615910ns          299311 1c008d56 02500793 addi             x15, x0, 37         x15=00000025
16615930ns          299312 1c008d5a 04f50863 beq              x10, x15, 80        x10:00000020 x15:00000025
16615950ns          299313 1c008d5e 01a005b3 add              x11, x0, x26        x11=00000002 x26:00000002
16615970ns          299314 1c008d60 000b00e7 jalr             x1, x22, 0           x1=1c008d62 x22:1c008c6c
16616009ns          299316 1c008c6c 000026b7 lui              x13, 0x2000         x13=00002000
16616029ns          299317 1c008c6e f14027f3 csrrs            x15, x0, 0xf14      x15=00000003
16616049ns          299318 1c008c72 f8068693 addi             x13, x13, -128      x13=00001f80 x13:00002000
16616069ns          299319 1c008c76 00379713 slli             x14, x15, 0x3       x14=00000018 x15:00000003
16616089ns          299320 1c008c7a 00279793 slli             x15, x15, 0x2       x15=0000000c x15:00000003
16616109ns          299321 1c008c7c 00d7f7b3 and              x15, x15, x13       x15=00000000 x15:0000000c x13:00001f80
16616129ns          299322 1c008c7e ee873733 p.bclr           x14, x14, 23, 8     x14=00000018 x14:00000018
16616149ns          299323 1c008c82 1a10f6b7 lui              x13, 0x1a10f000     x13=1a10f000
16616169ns          299324 1c008c86 0ff57513 andi             x10, x10, 255       x10=00000020 x10:00000020
16616188ns          299325 1c008c8a 00d70733 add              x14, x14, x13       x14=1a10f018 x14:00000018 x13:1a10f000
16616208ns          299326 1c008c8c 00a7e723 p.sw             x10, x0(x15)        x10:00000020 x15:00000000  PA:1a10f018
16616527ns          299342 1c008c90 00000513 addi             x10, x0, 0          x10=00000000
16616546ns          299343 1c008c92 00008067 jalr             x0, x1, 0            x1:1c008d62
16616606ns          299346 1c008d62 31f52563 p.beqimm         x10, 778            x10:00000000
16616626ns          299347 1c008d66 001d8d93 addi             x27, x27, 1         x27=00000016 x27:00000015
16616646ns          299348 1c008d68 00044503 lbu              x10, 0(x8)          x10=00000020  x8:1c0000d2  PA:1c0000d2
16616964ns          299364 1c008d6c 00140413 addi             x8, x8, 1            x8=1c0000d3  x8:1c0000d2
16616984ns          299365 1c008d6e fe0514e3 bne              x10, x0, -24        x10:00000020
16617064ns          299369 1c008d56 02500793 addi             x15, x0, 37         x15=00000025
16617084ns          299370 1c008d5a 04f50863 beq              x10, x15, 80        x10:00000020 x15:00000025
16617103ns          299371 1c008d5e 01a005b3 add              x11, x0, x26        x11=00000002 x26:00000002
16617123ns          299372 1c008d60 000b00e7 jalr             x1, x22, 0           x1=1c008d62 x22:1c008c6c
16617163ns          299374 1c008c6c 000026b7 lui              x13, 0x2000         x13=00002000
16617183ns          299375 1c008c6e f14027f3 csrrs            x15, x0, 0xf14      x15=00000003
16617203ns          299376 1c008c72 f8068693 addi             x13, x13, -128      x13=00001f80 x13:00002000
16617223ns          299377 1c008c76 00379713 slli             x14, x15, 0x3       x14=00000018 x15:00000003
16617243ns          299378 1c008c7a 00279793 slli             x15, x15, 0x2       x15=0000000c x15:00000003
16617263ns          299379 1c008c7c 00d7f7b3 and              x15, x15, x13       x15=00000000 x15:0000000c x13:00001f80
16617282ns          299380 1c008c7e ee873733 p.bclr           x14, x14, 23, 8     x14=00000018 x14:00000018
16617302ns          299381 1c008c82 1a10f6b7 lui              x13, 0x1a10f000     x13=1a10f000
16617322ns          299382 1c008c86 0ff57513 andi             x10, x10, 255       x10=00000020 x10:00000020
16617342ns          299383 1c008c8a 00d70733 add              x14, x14, x13       x14=1a10f018 x14:00000018 x13:1a10f000
16617362ns          299384 1c008c8c 00a7e723 p.sw             x10, x0(x15)        x10:00000020 x15:00000000  PA:1a10f018
16617680ns          299400 1c008c90 00000513 addi             x10, x0, 0          x10=00000000
16617700ns          299401 1c008c92 00008067 jalr             x0, x1, 0            x1:1c008d62
16617760ns          299404 1c008d62 31f52563 p.beqimm         x10, 778            x10:00000000
16617780ns          299405 1c008d66 001d8d93 addi             x27, x27, 1         x27=00000017 x27:00000016
16617800ns          299406 1c008d68 00044503 lbu              x10, 0(x8)          x10=00000025  x8:1c0000d3  PA:1c0000d3
16618098ns          299421 1c008d6c 00140413 addi             x8, x8, 1            x8=1c0000d4  x8:1c0000d3
16618118ns          299422 1c008d6e fe0514e3 bne              x10, x0, -24        x10:00000025
16618197ns          299426 1c008d56 02500793 addi             x15, x0, 37         x15=00000025
16618217ns          299427 1c008d5a 04f50863 beq              x10, x15, 80        x10:00000025 x15:00000025
16618357ns          299434 1c008daa 00044483 lbu              x9, 0(x8)            x9=00000064  x8:1c0000d4  PA:1c0000d4
16618675ns          299450 1c008dae 02000693 addi             x13, x0, 32         x13=00000020
16618695ns          299451 1c008db2 00140a93 addi             x21, x8, 1          x21=1c0000d5  x8:1c0000d4
16618715ns          299452 1c008db6 009005b3 add              x11, x0, x9         x11=00000064  x9:00000064
16618734ns          299453 1c008db8 0fcb8513 addi             x10, x23, 252       x10=1c0000fc x23:1c000000
16618754ns          299454 1c008dbc 00d12823 sw               x13, 16(x2)         x13:00000020  x2:10001cd8  PA:10001ce8
16618774ns          299455 1c008dbe 00012c23 sw               x0, 24(x2)           x2:10001cd8  PA:10001cf0
16618794ns          299456 1c008dc0 00012a23 sw               x0, 20(x2)           x2:10001cd8  PA:10001cec
16618814ns          299457 1c008dc2 00012e23 sw               x0, 28(x2)           x2:10001cd8  PA:10001cf4
16618834ns          299458 1c008dc4 00012623 sw               x0, 12(x2)           x2:10001cd8  PA:10001ce4
16618854ns          299459 1c008dc6 02300913 addi             x18, x0, 35         x18=00000023
16618874ns          299460 1c008dca 02d00a13 addi             x20, x0, 45         x20=0000002d
16618894ns          299461 1c008dce 015009b3 add              x19, x0, x21        x19=1c0000d5 x21:1c0000d5
16618933ns          299463 1c008dd0 e1dff0ef jal              x1, -484             x1=1c008dd2
16619013ns          299467 1c008bec 00054783 lbu              x15, 0(x10)         x15=0000002d x10:1c0000fc  PA:1c0000fc
16619331ns          299483 1c008bf0 0ff5f593 andi             x11, x11, 255       x11=00000064 x11:00000064
16619351ns          299484 1c008bf4 00b78c63 beq              x15, x11, 24        x15:0000002d x11:00000064
16619371ns          299485 1c008bf8 00078b63 beq              x15, x0, 22         x15:0000002d
16619391ns          299486 1c008bfa 00150793 addi             x15, x10, 1         x15=1c0000fd x10:1c0000fc
16619411ns          299487 1c008bfe 0040006f jal              x0, 4              
16619470ns          299490 1c008c02 00f00533 add              x10, x0, x15        x10=1c0000fd x15:1c0000fd
16619490ns          299491 1c008c04 0017c70b p.lbu            x14, 1(x15!)        x14=0000002b x15=1c0000fe x15:1c0000fd  PA:1c0000fd
16619848ns          299509 1c008c08 feb71ce3 bne              x14, x11, -8        x14:0000002b x11:00000064
16619908ns          299512 1c008c00 00070763 beq              x14, x0, 14         x14:0000002b
16619928ns          299513 1c008c02 00f00533 add              x10, x0, x15        x10=1c0000fe x15:1c0000fe
16619948ns          299514 1c008c04 0017c70b p.lbu            x14, 1(x15!)        x14=00000020 x15=1c0000ff x15:1c0000fe  PA:1c0000fe
16620266ns          299530 1c008c08 feb71ce3 bne              x14, x11, -8        x14:00000020 x11:00000064
16620326ns          299533 1c008c00 00070763 beq              x14, x0, 14         x14:00000020
16620346ns          299534 1c008c02 00f00533 add              x10, x0, x15        x10=1c0000ff x15:1c0000ff
16620365ns          299535 1c008c04 0017c70b p.lbu            x14, 1(x15!)        x14=00000023 x15=1c000100 x15:1c0000ff  PA:1c0000ff
16620684ns          299551 1c008c08 feb71ce3 bne              x14, x11, -8        x14:00000023 x11:00000064
16620743ns          299554 1c008c00 00070763 beq              x14, x0, 14         x14:00000023
16620763ns          299555 1c008c02 00f00533 add              x10, x0, x15        x10=1c000100 x15:1c000100
16620783ns          299556 1c008c04 0017c70b p.lbu            x14, 1(x15!)        x14=00000030 x15=1c000101 x15:1c000100  PA:1c000100
16621121ns          299573 1c008c08 feb71ce3 bne              x14, x11, -8        x14:00000030 x11:00000064
16621181ns          299576 1c008c00 00070763 beq              x14, x0, 14         x14:00000030
16621201ns          299577 1c008c02 00f00533 add              x10, x0, x15        x10=1c000101 x15:1c000101
16621221ns          299578 1c008c04 0017c70b p.lbu            x14, 1(x15!)        x14=00000000 x15=1c000102 x15:1c000101  PA:1c000101
16621539ns          299594 1c008c08 feb71ce3 bne              x14, x11, -8        x14:00000000 x11:00000064
16621599ns          299597 1c008c00 00070763 beq              x14, x0, 14         x14:00000000
16621678ns          299601 1c008c0e 0015b593 sltiu            x11, x11, 1         x11=00000000 x11:00000064
16621698ns          299602 1c008c12 40b005b3 sub              x11, x0, x11        x11=00000000 x11:00000000
16621718ns          299603 1c008c16 00b57533 and              x10, x10, x11       x10=00000000 x10:1c000101 x11:00000000
16621738ns          299604 1c008c18 00008067 jalr             x0, x1, 0            x1:1c008dd2
16621837ns          299609 1c008dd2 02050a63 beq              x10, x0, 52         x10:00000000
16621977ns          299616 1c008e06 02a00613 addi             x12, x0, 42         x12=0000002a
16621997ns          299617 1c008e0a 2ac48663 beq              x9, x12, 684         x9:00000064 x12:0000002a
16622056ns          299620 1c008e0e fd048613 addi             x12, x9, -48        x12=00000034  x9:00000064
16622076ns          299621 1c008e12 00900593 addi             x11, x0, 9          x11=00000009
16622096ns          299622 1c008e14 00000913 addi             x18, x0, 0          x18=00000000
16622116ns          299623 1c008e16 28c5f063 bgeu             x11, x12, 640       x11:00000009 x12:00000034
16622136ns          299624 1c008e1a 02e00693 addi             x13, x0, 46         x13=0000002e
16622156ns          299625 1c008e1e fff00a13 addi             x20, x0, -1         x20=ffffffff
16622195ns          299627 1c008e20 2ed48363 beq              x9, x13, 742         x9:00000064 x13:0000002e
16622235ns          299629 1c008e24 1c0007b7 lui              x15, 0x1c000000     x15=1c000000
16622255ns          299630 1c008e28 009005b3 add              x11, x0, x9         x11=00000064  x9:00000064
16622275ns          299631 1c008e2a 10478513 addi             x10, x15, 260       x10=1c000104 x15:1c000000
16622295ns          299632 1c008e2e dbfff0ef jal              x1, -578             x1=1c008e30
16622374ns          299636 1c008bec 00054783 lbu              x15, 0(x10)         x15=00000068 x10:1c000104  PA:1c000104
16622673ns          299651 1c008bf0 0ff5f593 andi             x11, x11, 255       x11=00000064 x11:00000064
16622693ns          299652 1c008bf4 00b78c63 beq              x15, x11, 24        x15:00000068 x11:00000064
16622713ns          299653 1c008bf8 00078b63 beq              x15, x0, 22         x15:00000068
16622732ns          299654 1c008bfa 00150793 addi             x15, x10, 1         x15=1c000105 x10:1c000104
16622752ns          299655 1c008bfe 0040006f jal              x0, 4              
16622792ns          299657 1c008c02 00f00533 add              x10, x0, x15        x10=1c000105 x15:1c000105
16622812ns          299658 1c008c04 0017c70b p.lbu            x14, 1(x15!)        x14=0000006c x15=1c000106 x15:1c000105  PA:1c000105
16623150ns          299675 1c008c08 feb71ce3 bne              x14, x11, -8        x14:0000006c x11:00000064
16623210ns          299678 1c008c00 00070763 beq              x14, x0, 14         x14:0000006c
16623230ns          299679 1c008c02 00f00533 add              x10, x0, x15        x10=1c000106 x15:1c000106
16623250ns          299680 1c008c04 0017c70b p.lbu            x14, 1(x15!)        x14=0000004c x15=1c000107 x15:1c000106  PA:1c000106
16623568ns          299696 1c008c08 feb71ce3 bne              x14, x11, -8        x14:0000004c x11:00000064
16623628ns          299699 1c008c00 00070763 beq              x14, x0, 14         x14:0000004c
16623647ns          299700 1c008c02 00f00533 add              x10, x0, x15        x10=1c000107 x15:1c000107
16623667ns          299701 1c008c04 0017c70b p.lbu            x14, 1(x15!)        x14=0000007a x15=1c000108 x15:1c000107  PA:1c000107
16624005ns          299718 1c008c08 feb71ce3 bne              x14, x11, -8        x14:0000007a x11:00000064
16624065ns          299721 1c008c00 00070763 beq              x14, x0, 14         x14:0000007a
16624085ns          299722 1c008c02 00f00533 add              x10, x0, x15        x10=1c000108 x15:1c000108
16624105ns          299723 1c008c04 0017c70b p.lbu            x14, 1(x15!)        x14=00000000 x15=1c000109 x15:1c000108  PA:1c000108
16624423ns          299739 1c008c08 feb71ce3 bne              x14, x11, -8        x14:00000000 x11:00000064
16624483ns          299742 1c008c00 00070763 beq              x14, x0, 14         x14:00000000
16624562ns          299746 1c008c0e 0015b593 sltiu            x11, x11, 1         x11=00000000 x11:00000064
16624582ns          299747 1c008c12 40b005b3 sub              x11, x0, x11        x11=00000000 x11:00000000
16624602ns          299748 1c008c16 00b57533 and              x10, x10, x11       x10=00000000 x10:1c000108 x11:00000000
16624622ns          299749 1c008c18 00008067 jalr             x0, x1, 0            x1:1c008e30
16624722ns          299754 1c008e30 01300433 add              x8, x0, x19          x8=1c0000d5 x19:1c0000d5
16624741ns          299755 1c008e32 00050563 beq              x10, x0, 10         x10:00000000
16624801ns          299758 1c008e3c 06700693 addi             x13, x0, 103        x13=00000067
16625000ns          299768 1c008e40 2896d963 bge              x13, x9, 658        x13:00000067  x9:00000064
16625139ns          299775 1c0090d2 06500693 addi             x13, x0, 101        x13=00000065
16625159ns          299776 1c0090d6 12d4d563 bge              x9, x13, 298         x9:00000064 x13:00000065
16625179ns          299777 1c0090da 04700693 addi             x13, x0, 71         x13=00000047
16625239ns          299780 1c0090de dc96cbe3 blt              x13, x9, -554       x13:00000047  x9:00000064
16625358ns          299786 1c008eb4 06300693 addi             x13, x0, 99         x13=00000063
16625398ns          299788 1c008eb8 0ad488e3 beq              x9, x13, 2224        x9:00000064 x13:00000063
16625418ns          299789 1c008ebc 0096c9e3 blt              x13, x9, 2066       x13:00000063  x9:00000064
16625637ns          299800 1c0096ce 000c2583 lw               x11, 0(x24)         x11=00000003 x24:10001e2c  PA:10001e2c
16625656ns          299801 1c0096d2 004c0c13 addi             x24, x24, 4         x24=10001e30 x24:10001e2c
16625676ns          299802 1c0096d4 3405cc63 blt              x11, x0, 856        x11:00000003
16625696ns          299803 1c0096d8 01412603 lw               x12, 20(x2)         x12=00000000  x2:10001cd8  PA:10001cec
16625716ns          299804 1c0096da 00b006b3 add              x13, x0, x11        x13=00000003 x11:00000003
16625736ns          299805 1c0096dc 2e061863 bne              x12, x0, 752        x12:00000000
16625776ns          299807 1c0096e0 01812703 lw               x14, 24(x2)         x14=00000000  x2:10001cd8  PA:10001cf0
16625816ns          299809 1c0096e2 019007b3 add              x15, x0, x25        x15=10001cfc x25:10001cfc
16625835ns          299810 1c0096e4 00070763 beq              x14, x0, 14         x14:00000000
16625955ns          299816 1c0096f2 00f00733 add              x14, x0, x15        x14=10001cfc x15:10001cfc
16625975ns          299817 1c0096f4 00a00513 addi             x10, x0, 10         x10=0000000a
16625995ns          299818 1c0096f6 02a6f633 remu             x12, x13, x10       x12=00000003 x13:00000003 x10:0000000a
16626611ns          299849 1c0096fa 02a6d6b3 divu             x13, x13, x10       x13=00000000 x13:00000003 x10:0000000a
16627228ns          299880 1c0096fe 03060613 addi             x12, x12, 48        x12=00000033 x12:00000003
16627248ns          299881 1c009702 00c700ab p.sb             x12, 1(x14!)        x14=10001cfd x12:00000033 x14:10001cfc  PA:10001cfc
16627268ns          299882 1c009706 fe0698e3 bne              x13, x0, -16        x13:00000000
16627287ns          299883 1c009708 40f706b3 sub              x13, x14, x15       x13=00000001 x14:10001cfd x15:10001cfc
16627307ns          299884 1c00970c 0146dc63 bge              x13, x20, 24        x13:00000001 x20:ffffffff
16627427ns          299890 1c009724 00e006b3 add              x13, x0, x14        x13=10001cfd x14:10001cfd
16627466ns          299892 1c009726 fe068fab p.sb             x0, -1(x13!)        x13=10001cfc x13:10001cfd  PA:10001cfd
16627486ns          299893 1c00972a 00d7fc63 bgeu             x15, x13, 24        x15:10001cfc x13:10001cfc
16627626ns          299900 1c009742 01412783 lw               x15, 20(x2)         x15=00000000  x2:10001cd8  PA:10001cec
16627665ns          299902 1c009744 01812603 lw               x12, 24(x2)         x12=00000000  x2:10001cd8  PA:10001cf0
16627685ns          299903 1c009746 419704b3 sub              x9, x14, x25         x9=00000001 x14:10001cfd x25:10001cfc
16627705ns          299904 1c00974a 00c7e7b3 or               x15, x15, x12       x15=00000000 x15:00000000 x12:00000000
16627725ns          299905 1c00974c 00f12623 sw               x15, 12(x2)         x15:00000000  x2:10001cd8  PA:10001ce4
16627765ns          299907 1c00974e 00079363 bne              x15, x0, 6          x15:00000000
16627785ns          299908 1c009750 01f5d593 srli             x11, x11, 0x1f      x11=00000000 x11:00000003
16627805ns          299909 1c009752 00b12623 sw               x11, 12(x2)         x11:00000000  x2:10001cd8  PA:10001ce4
16627825ns          299910 1c009754 e3fa28e3 p.beqimm         x20, -464           x20:ffffffff
16627984ns          299918 1c009584 0c800793 addi             x15, x0, 200        x15=000000c8
16628023ns          299920 1c009588 9e97d0e3 bge              x15, x9, -1568      x15:000000c8  x9:00000001
16628183ns          299928 1c008f68 0f24d163 bge              x9, x18, 226         x9:00000001 x18:00000000
16628322ns          299935 1c00904a d00482e3 beq              x9, x0, -764         x9:00000001
16628342ns          299936 1c00904e 01900933 add              x18, x0, x25        x18=10001cfc x25:10001cfc
16628381ns          299938 1c009050 419d8db3 sub              x27, x27, x25       x27=efffe31b x27:00000017 x25:10001cfc
16628421ns          299940 1c009054 00a0006f jal              x0, 10             
16628521ns          299945 1c00905e 0019450b p.lbu            x10, 1(x18!)        x10=00000033 x18=10001cfd x18:10001cfc  PA:10001cfc
16628541ns          299946 1c009062 01a005b3 add              x11, x0, x26        x11=00000002 x26:00000002
16628560ns          299947 1c009064 000b00e7 jalr             x1, x22, 0           x1=1c009066 x22:1c008c6c
16628640ns          299951 1c008c6c 000026b7 lui              x13, 0x2000         x13=00002000
16628720ns          299955 1c008c6e f14027f3 csrrs            x15, x0, 0xf14      x15=00000003
16628759ns          299957 1c008c72 f8068693 addi             x13, x13, -128      x13=00001f80 x13:00002000
16628779ns          299958 1c008c76 00379713 slli             x14, x15, 0x3       x14=00000018 x15:00000003
16628799ns          299959 1c008c7a 00279793 slli             x15, x15, 0x2       x15=0000000c x15:00000003
16628819ns          299960 1c008c7c 00d7f7b3 and              x15, x15, x13       x15=00000000 x15:0000000c x13:00001f80
16628859ns          299962 1c008c7e ee873733 p.bclr           x14, x14, 23, 8     x14=00000018 x14:00000018
16628899ns          299964 1c008c82 1a10f6b7 lui              x13, 0x1a10f000     x13=1a10f000
16628919ns          299965 1c008c86 0ff57513 andi             x10, x10, 255       x10=00000033 x10:00000033
16628938ns          299966 1c008c8a 00d70733 add              x14, x14, x13       x14=1a10f018 x14:00000018 x13:1a10f000
16628958ns          299967 1c008c8c 00a7e723 p.sw             x10, x0(x15)        x10:00000033 x15:00000000  PA:1a10f018
16629296ns          299984 1c008c90 00000513 addi             x10, x0, 0          x10=00000000
16629316ns          299985 1c008c92 00008067 jalr             x0, x1, 0            x1:1c009066
16629356ns          299987 1c009066 fff48493 addi             x9, x9, -1           x9=00000000  x9:00000001
16629376ns          299988 1c009068 fff537e3 p.bneimm         x10, -18            x10:00000000
16629515ns          299995 1c009056 012d8733 add              x14, x27, x18       x14=00000018 x27:efffe31b x18:10001cfd
16629535ns          299996 1c00905a 5a048b63 beq              x9, x0, 1462         x9:00000000
16629635ns          300001 1c009610 00e00db3 add              x27, x0, x14        x27=00000018 x14:00000018
16629674ns          300003 1c009612 f3cff06f jal              x0, -2244          
16629794ns          300009 1c008d4e 00044503 lbu              x10, 0(x8)          x10=0000000a  x8:1c0000d5  PA:1c0000d5
16630092ns          300024 1c008d52 00140413 addi             x8, x8, 1            x8=1c0000d6  x8:1c0000d5
16630112ns          300025 1c008d54 00050e63 beq              x10, x0, 28         x10:0000000a
16630132ns          300026 1c008d56 02500793 addi             x15, x0, 37         x15=00000025
16630152ns          300027 1c008d5a 04f50863 beq              x10, x15, 80        x10:0000000a x15:00000025
16630172ns          300028 1c008d5e 01a005b3 add              x11, x0, x26        x11=00000002 x26:00000002
16630192ns          300029 1c008d60 000b00e7 jalr             x1, x22, 0           x1=1c008d62 x22:1c008c6c
16630231ns          300031 1c008c6c 000026b7 lui              x13, 0x2000         x13=00002000
16630251ns          300032 1c008c6e f14027f3 csrrs            x15, x0, 0xf14      x15=00000003
16630271ns          300033 1c008c72 f8068693 addi             x13, x13, -128      x13=00001f80 x13:00002000
16630291ns          300034 1c008c76 00379713 slli             x14, x15, 0x3       x14=00000018 x15:00000003
16630311ns          300035 1c008c7a 00279793 slli             x15, x15, 0x2       x15=0000000c x15:00000003
16630331ns          300036 1c008c7c 00d7f7b3 and              x15, x15, x13       x15=00000000 x15:0000000c x13:00001f80
16630351ns          300037 1c008c7e ee873733 p.bclr           x14, x14, 23, 8     x14=00000018 x14:00000018
16630371ns          300038 1c008c82 1a10f6b7 lui              x13, 0x1a10f000     x13=1a10f000
16630390ns          300039 1c008c86 0ff57513 andi             x10, x10, 255       x10=0000000a x10:0000000a
16630410ns          300040 1c008c8a 00d70733 add              x14, x14, x13       x14=1a10f018 x14:00000018 x13:1a10f000
16630430ns          300041 1c008c8c 00a7e723 p.sw             x10, x0(x15)        x10:0000000a x15:00000000  PA:1a10f018
16630788ns          300059 1c008c90 00000513 addi             x10, x0, 0          x10=00000000
16630808ns          300060 1c008c92 00008067 jalr             x0, x1, 0            x1:1c008d62
16630868ns          300063 1c008d62 31f52563 p.beqimm         x10, 778            x10:00000000
16630888ns          300064 1c008d66 001d8d93 addi             x27, x27, 1         x27=00000019 x27:00000018
16630908ns          300065 1c008d68 00044503 lbu              x10, 0(x8)          x10=00000000  x8:1c0000d6  PA:1c0000d6
16631206ns          300080 1c008d6c 00140413 addi             x8, x8, 1            x8=1c0000d7  x8:1c0000d6
16631226ns          300081 1c008d6e fe0514e3 bne              x10, x0, -24        x10:00000000
16631246ns          300082 1c008d70 01b00433 add              x8, x0, x27          x8=00000019 x27:00000019
16631266ns          300083 1c008d72 00800533 add              x10, x0, x8         x10=00000019  x8:00000019
16631286ns          300084 1c008d74 12c12083 lw               x1, 300(x2)          x1=1c008d00  x2:10001cd8  PA:10001e04
16631305ns          300085 1c008d78 12812403 lw               x8, 296(x2)          x8=4a9e766f  x2:10001cd8  PA:10001e00
16631325ns          300086 1c008d7c 12412483 lw               x9, 292(x2)          x9=4a9e76d8  x2:10001cd8  PA:10001dfc
16631365ns          300088 1c008d80 12012903 lw               x18, 288(x2)        x18=4a9e7608  x2:10001cd8  PA:10001df8
16631405ns          300090 1c008d84 11c12983 lw               x19, 284(x2)        x19=48c4474a  x2:10001cd8  PA:10001df4
16631425ns          300091 1c008d88 11812a03 lw               x20, 280(x2)        x20=1c011000  x2:10001cd8  PA:10001df0
16631445ns          300092 1c008d8c 11412a83 lw               x21, 276(x2)        x21=48c446c9  x2:10001cd8  PA:10001dec
16631504ns          300095 1c008d90 11012b03 lw               x22, 272(x2)        x22=xxxxxxxx  x2:10001cd8  PA:10001de8
16631544ns          300097 1c008d94 10c12b83 lw               x23, 268(x2)        x23=xxxxxxxx  x2:10001cd8  PA:10001de4
16631564ns          300098 1c008d98 10812c03 lw               x24, 264(x2)        x24=xxxxxxxx  x2:10001cd8  PA:10001de0
16631584ns          300099 1c008d9c 10412c83 lw               x25, 260(x2)        x25=xxxxxxxx  x2:10001cd8  PA:10001ddc
16631644ns          300102 1c008da0 10012d03 lw               x26, 256(x2)        x26=xxxxxxxx  x2:10001cd8  PA:10001dd8
16631683ns          300104 1c008da4 0fc12d83 lw               x27, 252(x2)        x27=xxxxxxxx  x2:10001cd8  PA:10001dd4
16631703ns          300105 1c008da6 13010113 addi             x2, x2, 304          x2=10001e08  x2:10001cd8
16631723ns          300106 1c008da8 00008067 jalr             x0, x1, 0            x1:1c008d00
16631803ns          300110 1c008d00 01c12083 lw               x1, 28(x2)           x1=1c0083f0  x2:10001e08  PA:10001e24
16631823ns          300111 1c008d02 04010113 addi             x2, x2, 64           x2=10001e48  x2:10001e08
16631862ns          300113 1c008d04 00008067 jalr             x0, x1, 0            x1:1c0083f0
16631942ns          300117 1c0083f0 00100513 addi             x10, x0, 1          x10=00000001
16631982ns          300119 1c0083f2 1ac12083 lw               x1, 428(x2)          x1=1c009f9e  x2:10001e48  PA:10001ff4
16632002ns          300120 1c0083f6 1a812403 lw               x8, 424(x2)          x8=xxxxxxxx  x2:10001e48  PA:10001ff0
16632021ns          300121 1c0083fa 1a412483 lw               x9, 420(x2)          x9=xxxxxxxx  x2:10001e48  PA:10001fec
16632399ns          300140 1c0083fe 1a012903 lw               x18, 416(x2)        x18=xxxxxxxx  x2:10001e48  PA:10001fe8
16632439ns          300142 1c008402 19c12983 lw               x19, 412(x2)        x19=xxxxxxxx  x2:10001e48  PA:10001fe4
16632459ns          300143 1c008406 19812a03 lw               x20, 408(x2)        x20=xxxxxxxx  x2:10001e48  PA:10001fe0
16632479ns          300144 1c00840a 19412a83 lw               x21, 404(x2)        x21=xxxxxxxx  x2:10001e48  PA:10001fdc
16632539ns          300147 1c00840e 00154513 xori             x10, x10, 1         x10=00000000 x10:00000001
16632559ns          300148 1c008412 1b010113 addi             x2, x2, 432          x2=10001ff8  x2:10001e48
16632578ns          300149 1c008414 00008067 jalr             x0, x1, 0            x1:1c009f9e
16632738ns          300157 1c009f9e f14027f3 csrrs            x15, x0, 0xf14      x15=00000003
16632777ns          300159 1c009fa2 f457b7b3 p.bclr           x15, x15, 26, 5     x15=00000003 x15:00000003
16632797ns          300160 1c009fa6 00079963 bne              x15, x0, 18         x15:00000003
16633294ns          300185 1c009fb8 002047b7 lui              x15, 0x204000       x15=00204000
16633314ns          300186 1c009fbc fff00713 addi             x14, x0, -1         x14=ffffffff
16633334ns          300187 1c009fbe 00e7a223 sw               x14, 4(x15)         x14:ffffffff x15:00204000  PA:00204004
