                Time          Cycles PC       Instr    Mnemonic
15783820ns          257478 1c008080 0640006f jal              x0, 100            
15784278ns          257501 1c0080e4 f1402573 csrrs            x10, x0, 0xf14      x10=00000001
15784317ns          257503 1c0080e8 01f57593 andi             x11, x10, 31        x11=00000001 x10:00000001
15784337ns          257504 1c0080ec 00555513 srli             x10, x10, 0x5       x10=00000000 x10:00000001
15784357ns          257505 1c0080ee 01f00613 addi             x12, x0, 31         x12=0000001f
15784775ns          257526 1c0080f0 00c50463 beq              x10, x12, 8         x10:00000000 x12:0000001f
15784815ns          257528 1c0080f4 fa1ff06f jal              x0, -96            
15785272ns          257551 1c008094 f3ff8117 auipc            x2, 0xf3ff8000       x2=10000094
15785312ns          257553 1c008098 f7010113 addi             x2, x2, -144         x2=10000004  x2:10000094
15785332ns          257554 1c00809c 00012103 lw               x2, 0(x2)            x2=10000008  x2:10000004  PA:10000004
15785769ns          257576 1c0080a0 000011b7 lui              x3, 0x1000           x3=00001000
15785809ns          257578 1c0080a4 80018193 addi             x3, x3, -2048        x3=00000800  x3:00001000
15785829ns          257579 1c0080a8 00158593 addi             x11, x11, 1         x11=00000002 x11:00000001
15785849ns          257580 1c0080ac 02b180b3 mul              x1, x3, x11          x1=00001000  x3:00000800 x11:00000002
15786287ns          257602 1c0080b0 00110133 add              x2, x2, x1           x2=10001008  x2:10000008  x1:00001000
15786326ns          257604 1c0080b4 6c50106f jal              x0, 7876           
15786784ns          257627 1c009f78 ff010113 addi             x2, x2, -16          x2=10000ff8  x2:10001008
15786804ns          257628 1c009f7a 00112623 sw               x1, 12(x2)           x1:00001000  x2:10000ff8  PA:10001004
15786824ns          257629 1c009f7c 002047b7 lui              x15, 0x204000       x15=00204000
15787261ns          257651 1c009f80 00070737 lui              x14, 0x70000        x14=00070000
15787301ns          257653 1c009f84 00e7a423 sw               x14, 8(x15)         x14:00070000 x15:00204000  PA:00204008
15787321ns          257654 1c009f86 00f00713 addi             x14, x0, 15         x14=0000000f
15787341ns          257655 1c009f88 20078793 addi             x15, x15, 512       x15=00204200 x15:00204000
15787361ns          257656 1c009f8c 00e7a023 sw               x14, 0(x15)         x14:0000000f x15:00204200  PA:00204200
15787798ns          257678 1c009f90 00e7a623 sw               x14, 12(x15)        x14:0000000f x15:00204200  PA:0020420c
15787838ns          257680 1c009f94 1c0017b7 lui              x15, 0x1c001000     x15=1c001000
15787858ns          257681 1c009f98 a947a783 lw               x15, -1388(x15)     x15=1c00813e x15:1c001000  PA:1c000a94
15788315ns          257704 1c009f9c 000780e7 jalr             x1, x15, 0           x1=1c009f9e x15:1c00813e
15788773ns          257727 1c00813e e5010113 addi             x2, x2, -432         x2=10000e48  x2:10000ff8
15789250ns          257751 1c008140 1a912223 sw               x9, 420(x2)          x9:xxxxxxxx  x2:10000e48  PA:10000fec
15789290ns          257753 1c008144 1a112623 sw               x1, 428(x2)          x1:1c009f9e  x2:10000e48  PA:10000ff4
15789310ns          257754 1c008148 f14024f3 csrrs            x9, x0, 0xf14        x9=00000001
15789330ns          257755 1c00814c 1a812423 sw               x8, 424(x2)          x8:xxxxxxxx  x2:10000e48  PA:10000ff0
15789767ns          257777 1c008150 1b212023 sw               x18, 416(x2)        x18:xxxxxxxx  x2:10000e48  PA:10000fe8
15789807ns          257779 1c008154 19312e23 sw               x19, 412(x2)        x19:xxxxxxxx  x2:10000e48  PA:10000fe4
15789827ns          257780 1c008158 19412c23 sw               x20, 408(x2)        x20:xxxxxxxx  x2:10000e48  PA:10000fe0
15789847ns          257781 1c00815c 19512a23 sw               x21, 404(x2)        x21:xxxxxxxx  x2:10000e48  PA:10000fdc
15790285ns          257803 1c008160 ca5497b3 p.extractu       x15, x9, 5, 5       x15=00000000  x9:00000001
15790324ns          257805 1c008164 44079d63 bne              x15, x0, 1114       x15:00000000
15790344ns          257806 1c008168 f454b4b3 p.bclr           x9, x9, 26, 5        x9=00000001  x9:00000001
15790364ns          257807 1c00816c 1c000537 lui              x10, 0x1c000000     x10=1c000000
15790802ns          257829 1c008170 00900633 add              x12, x0, x9         x12=00000001  x9:00000001
15790822ns          257830 1c008172 00100593 addi             x11, x0, 1          x11=00000001
15790842ns          257831 1c008174 02450513 addi             x10, x10, 36        x10=1c000024 x10:1c000000
15790861ns          257832 1c008178 361000ef jal              x1, 2912             x1=1c00817c
15791319ns          257855 1c008cd8 fc010113 addi             x2, x2, -64          x2=10000e08  x2:10000e48
15791359ns          257857 1c008cda 02410313 addi             x6, x2, 36           x6=10000e2c  x2:10000e08
15791379ns          257858 1c008cde 02c12423 sw               x12, 40(x2)         x12:00000001  x2:10000e08  PA:10000e30
15791816ns          257880 1c008ce0 00a00633 add              x12, x0, x10        x12=1c000024 x10:1c000024
15791856ns          257882 1c008ce2 1c009537 lui              x10, 0x1c009000     x10=1c009000
15791876ns          257883 1c008ce6 02b12223 sw               x11, 36(x2)         x11:00000001  x2:10000e08  PA:10000e2c
15791896ns          257884 1c008ce8 02d12623 sw               x13, 44(x2)         x13:xxxxxxxx  x2:10000e08  PA:10000e34
15791916ns          257885 1c008cea 00200593 addi             x11, x0, 2          x11=00000002
15791936ns          257886 1c008cec 006006b3 add              x13, x0, x6         x13=10000e2c  x6:10000e2c
15792333ns          257906 1c008cee c6c50513 addi             x10, x10, -916      x10=1c008c6c x10:1c009000
15792353ns          257907 1c008cf2 00112e23 sw               x1, 28(x2)           x1:1c00817c  x2:10000e08  PA:10000e24
15792373ns          257908 1c008cf4 02e12823 sw               x14, 48(x2)         x14:0000000f  x2:10000e08  PA:10000e38
15792393ns          257909 1c008cf6 02f12a23 sw               x15, 52(x2)         x15:00000000  x2:10000e08  PA:10000e3c
15792413ns          257910 1c008cf8 03012c23 sw               x16, 56(x2)         x16:xxxxxxxx  x2:10000e08  PA:10000e40
15792433ns          257911 1c008cfa 03112e23 sw               x17, 60(x2)         x17:xxxxxxxx  x2:10000e08  PA:10000e44
15792453ns          257912 1c008cfc 00612623 sw               x6, 12(x2)           x6:10000e2c  x2:10000e08  PA:10000e14
15792473ns          257913 1c008cfe fbfff0ef jal              x1, -66              x1=1c008d00
15793308ns          257955 1c008cbc 04a0006f jal              x0, 74             
15793348ns          257957 1c008d06 ed010113 addi             x2, x2, -304         x2=10000cd8  x2:10000e08
15793368ns          257958 1c008d08 12812423 sw               x8, 296(x2)          x8:xxxxxxxx  x2:10000cd8  PA:10000e00
15793388ns          257959 1c008d0c 00000413 addi             x8, x0, 0            x8=00000000
15793825ns          257981 1c008d0e 11612823 sw               x22, 272(x2)        x22:xxxxxxxx  x2:10000cd8  PA:10000de8
15793865ns          257983 1c008d12 11712623 sw               x23, 268(x2)        x23:xxxxxxxx  x2:10000cd8  PA:10000de4
15793885ns          257984 1c008d16 11812423 sw               x24, 264(x2)        x24:xxxxxxxx  x2:10000cd8  PA:10000de0
15793905ns          257985 1c008d1a 11912223 sw               x25, 260(x2)        x25:xxxxxxxx  x2:10000cd8  PA:10000ddc
15794362ns          258008 1c008d1e 11a12023 sw               x26, 256(x2)        x26:xxxxxxxx  x2:10000cd8  PA:10000dd8
15794382ns          258009 1c008d22 0fb12e23 sw               x27, 252(x2)        x27:xxxxxxxx  x2:10000cd8  PA:10000dd4
15794402ns          258010 1c008d24 12112623 sw               x1, 300(x2)          x1:1c008d00  x2:10000cd8  PA:10000e04
15794422ns          258011 1c008d28 00800db3 add              x27, x0, x8         x27=00000000  x8:00000000
15794442ns          258012 1c008d2a 12912223 sw               x9, 292(x2)          x9:00000001  x2:10000cd8  PA:10000dfc
15794879ns          258034 1c008d2e 13212023 sw               x18, 288(x2)        x18:xxxxxxxx  x2:10000cd8  PA:10000df8
15794919ns          258036 1c008d32 11312e23 sw               x19, 284(x2)        x19:xxxxxxxx  x2:10000cd8  PA:10000df4
15794939ns          258037 1c008d36 11412c23 sw               x20, 280(x2)        x20:xxxxxxxx  x2:10000cd8  PA:10000df0
15794959ns          258038 1c008d3a 11512a23 sw               x21, 276(x2)        x21:xxxxxxxx  x2:10000cd8  PA:10000dec
15794979ns          258039 1c008d3e 00a00b33 add              x22, x0, x10        x22=1c008c6c x10:1c008c6c
15795397ns          258060 1c008d40 00b00d33 add              x26, x0, x11        x26=00000002 x11:00000002
15795416ns          258061 1c008d42 00d00c33 add              x24, x0, x13        x24=10000e2c x13:10000e2c
15795436ns          258062 1c008d44 1c000bb7 lui              x23, 0x1c000000     x23=1c000000
15795456ns          258063 1c008d48 02410c93 addi             x25, x2, 36         x25=10000cfc  x2:10000cd8
15795476ns          258064 1c008d4c 00c00433 add              x8, x0, x12          x8=1c000024 x12:1c000024
15795914ns          258086 1c008d4e 00044503 lbu              x10, 0(x8)          x10=00000073  x8:1c000024  PA:1c000024
15796212ns          258101 1c008d52 00140413 addi             x8, x8, 1            x8=1c000025  x8:1c000024
15796232ns          258102 1c008d54 00050e63 beq              x10, x0, 28         x10:00000073
15796252ns          258103 1c008d56 02500793 addi             x15, x0, 37         x15=00000025
15796272ns          258104 1c008d5a 04f50863 beq              x10, x15, 80        x10:00000073 x15:00000025
15796292ns          258105 1c008d5e 01a005b3 add              x11, x0, x26        x11=00000002 x26:00000002
15796451ns          258113 1c008d60 000b00e7 jalr             x1, x22, 0           x1=1c008d62 x22:1c008c6c
15796948ns          258138 1c008c6c 000026b7 lui              x13, 0x2000         x13=00002000
15797406ns          258161 1c008c6e f14027f3 csrrs            x15, x0, 0xf14      x15=00000001
15797445ns          258163 1c008c72 f8068693 addi             x13, x13, -128      x13=00001f80 x13:00002000
15797465ns          258164 1c008c76 00379713 slli             x14, x15, 0x3       x14=00000008 x15:00000001
15797485ns          258165 1c008c7a 00279793 slli             x15, x15, 0x2       x15=00000004 x15:00000001
15797505ns          258166 1c008c7c 00d7f7b3 and              x15, x15, x13       x15=00000000 x15:00000004 x13:00001f80
15797923ns          258187 1c008c7e ee873733 p.bclr           x14, x14, 23, 8     x14=00000008 x14:00000008
15797962ns          258189 1c008c82 1a10f6b7 lui              x13, 0x1a10f000     x13=1a10f000
15797982ns          258190 1c008c86 0ff57513 andi             x10, x10, 255       x10=00000073 x10:00000073
15798002ns          258191 1c008c8a 00d70733 add              x14, x14, x13       x14=1a10f008 x14:00000008 x13:1a10f000
15798022ns          258192 1c008c8c 00a7e723 p.sw             x10, x0(x15)        x10:00000073 x15:00000000  PA:1a10f008
15798460ns          258214 1c008c90 00000513 addi             x10, x0, 0          x10=00000000
15798480ns          258215 1c008c92 00008067 jalr             x0, x1, 0            x1:1c008d62
15798599ns          258221 1c008d62 31f52563 p.beqimm         x10, 778            x10:00000000
15798619ns          258222 1c008d66 001d8d93 addi             x27, x27, 1         x27=00000001 x27:00000000
15798639ns          258223 1c008d68 00044503 lbu              x10, 0(x8)          x10=00000074  x8:1c000025  PA:1c000025
15799056ns          258244 1c008d6c 00140413 addi             x8, x8, 1            x8=1c000026  x8:1c000025
15799076ns          258245 1c008d6e fe0514e3 bne              x10, x0, -24        x10:00000074
15799156ns          258249 1c008d56 02500793 addi             x15, x0, 37         x15=00000025
15799176ns          258250 1c008d5a 04f50863 beq              x10, x15, 80        x10:00000074 x15:00000025
15799196ns          258251 1c008d5e 01a005b3 add              x11, x0, x26        x11=00000002 x26:00000002
15799216ns          258252 1c008d60 000b00e7 jalr             x1, x22, 0           x1=1c008d62 x22:1c008c6c
15799255ns          258254 1c008c6c 000026b7 lui              x13, 0x2000         x13=00002000
15799275ns          258255 1c008c6e f14027f3 csrrs            x15, x0, 0xf14      x15=00000001
15799295ns          258256 1c008c72 f8068693 addi             x13, x13, -128      x13=00001f80 x13:00002000
15799315ns          258257 1c008c76 00379713 slli             x14, x15, 0x3       x14=00000008 x15:00000001
15799335ns          258258 1c008c7a 00279793 slli             x15, x15, 0x2       x15=00000004 x15:00000001
15799355ns          258259 1c008c7c 00d7f7b3 and              x15, x15, x13       x15=00000000 x15:00000004 x13:00001f80
15799375ns          258260 1c008c7e ee873733 p.bclr           x14, x14, 23, 8     x14=00000008 x14:00000008
15799395ns          258261 1c008c82 1a10f6b7 lui              x13, 0x1a10f000     x13=1a10f000
15799414ns          258262 1c008c86 0ff57513 andi             x10, x10, 255       x10=00000074 x10:00000074
15799434ns          258263 1c008c8a 00d70733 add              x14, x14, x13       x14=1a10f008 x14:00000008 x13:1a10f000
15799454ns          258264 1c008c8c 00a7e723 p.sw             x10, x0(x15)        x10:00000074 x15:00000000  PA:1a10f008
15799832ns          258283 1c008c90 00000513 addi             x10, x0, 0          x10=00000000
15799852ns          258284 1c008c92 00008067 jalr             x0, x1, 0            x1:1c008d62
15799912ns          258287 1c008d62 31f52563 p.beqimm         x10, 778            x10:00000000
15799932ns          258288 1c008d66 001d8d93 addi             x27, x27, 1         x27=00000002 x27:00000001
15799952ns          258289 1c008d68 00044503 lbu              x10, 0(x8)          x10=00000061  x8:1c000026  PA:1c000026
15800250ns          258304 1c008d6c 00140413 addi             x8, x8, 1            x8=1c000027  x8:1c000026
15800270ns          258305 1c008d6e fe0514e3 bne              x10, x0, -24        x10:00000061
15800349ns          258309 1c008d56 02500793 addi             x15, x0, 37         x15=00000025
15800369ns          258310 1c008d5a 04f50863 beq              x10, x15, 80        x10:00000061 x15:00000025
15800389ns          258311 1c008d5e 01a005b3 add              x11, x0, x26        x11=00000002 x26:00000002
15800409ns          258312 1c008d60 000b00e7 jalr             x1, x22, 0           x1=1c008d62 x22:1c008c6c
15800449ns          258314 1c008c6c 000026b7 lui              x13, 0x2000         x13=00002000
15800469ns          258315 1c008c6e f14027f3 csrrs            x15, x0, 0xf14      x15=00000001
15800489ns          258316 1c008c72 f8068693 addi             x13, x13, -128      x13=00001f80 x13:00002000
15800508ns          258317 1c008c76 00379713 slli             x14, x15, 0x3       x14=00000008 x15:00000001
15800528ns          258318 1c008c7a 00279793 slli             x15, x15, 0x2       x15=00000004 x15:00000001
15800548ns          258319 1c008c7c 00d7f7b3 and              x15, x15, x13       x15=00000000 x15:00000004 x13:00001f80
15800568ns          258320 1c008c7e ee873733 p.bclr           x14, x14, 23, 8     x14=00000008 x14:00000008
15800588ns          258321 1c008c82 1a10f6b7 lui              x13, 0x1a10f000     x13=1a10f000
15800608ns          258322 1c008c86 0ff57513 andi             x10, x10, 255       x10=00000061 x10:00000061
15800628ns          258323 1c008c8a 00d70733 add              x14, x14, x13       x14=1a10f008 x14:00000008 x13:1a10f000
15800648ns          258324 1c008c8c 00a7e723 p.sw             x10, x0(x15)        x10:00000061 x15:00000000  PA:1a10f008
15800986ns          258341 1c008c90 00000513 addi             x10, x0, 0          x10=00000000
15801006ns          258342 1c008c92 00008067 jalr             x0, x1, 0            x1:1c008d62
15801065ns          258345 1c008d62 31f52563 p.beqimm         x10, 778            x10:00000000
15801085ns          258346 1c008d66 001d8d93 addi             x27, x27, 1         x27=00000003 x27:00000002
15801105ns          258347 1c008d68 00044503 lbu              x10, 0(x8)          x10=00000072  x8:1c000027  PA:1c000027
15801404ns          258362 1c008d6c 00140413 addi             x8, x8, 1            x8=1c000028  x8:1c000027
15801423ns          258363 1c008d6e fe0514e3 bne              x10, x0, -24        x10:00000072
15801503ns          258367 1c008d56 02500793 addi             x15, x0, 37         x15=00000025
15801523ns          258368 1c008d5a 04f50863 beq              x10, x15, 80        x10:00000072 x15:00000025
15801543ns          258369 1c008d5e 01a005b3 add              x11, x0, x26        x11=00000002 x26:00000002
15801563ns          258370 1c008d60 000b00e7 jalr             x1, x22, 0           x1=1c008d62 x22:1c008c6c
15801602ns          258372 1c008c6c 000026b7 lui              x13, 0x2000         x13=00002000
15801622ns          258373 1c008c6e f14027f3 csrrs            x15, x0, 0xf14      x15=00000001
15801642ns          258374 1c008c72 f8068693 addi             x13, x13, -128      x13=00001f80 x13:00002000
15801662ns          258375 1c008c76 00379713 slli             x14, x15, 0x3       x14=00000008 x15:00000001
15801682ns          258376 1c008c7a 00279793 slli             x15, x15, 0x2       x15=00000004 x15:00000001
15801702ns          258377 1c008c7c 00d7f7b3 and              x15, x15, x13       x15=00000000 x15:00000004 x13:00001f80
15801722ns          258378 1c008c7e ee873733 p.bclr           x14, x14, 23, 8     x14=00000008 x14:00000008
15801742ns          258379 1c008c82 1a10f6b7 lui              x13, 0x1a10f000     x13=1a10f000
15801762ns          258380 1c008c86 0ff57513 andi             x10, x10, 255       x10=00000072 x10:00000072
15801781ns          258381 1c008c8a 00d70733 add              x14, x14, x13       x14=1a10f008 x14:00000008 x13:1a10f000
15801801ns          258382 1c008c8c 00a7e723 p.sw             x10, x0(x15)        x10:00000072 x15:00000000  PA:1a10f008
15802120ns          258398 1c008c90 00000513 addi             x10, x0, 0          x10=00000000
15802140ns          258399 1c008c92 00008067 jalr             x0, x1, 0            x1:1c008d62
15802199ns          258402 1c008d62 31f52563 p.beqimm         x10, 778            x10:00000000
15802219ns          258403 1c008d66 001d8d93 addi             x27, x27, 1         x27=00000004 x27:00000003
15802239ns          258404 1c008d68 00044503 lbu              x10, 0(x8)          x10=00000074  x8:1c000028  PA:1c000028
15802537ns          258419 1c008d6c 00140413 addi             x8, x8, 1            x8=1c000029  x8:1c000028
15802557ns          258420 1c008d6e fe0514e3 bne              x10, x0, -24        x10:00000074
15802637ns          258424 1c008d56 02500793 addi             x15, x0, 37         x15=00000025
15802657ns          258425 1c008d5a 04f50863 beq              x10, x15, 80        x10:00000074 x15:00000025
15802677ns          258426 1c008d5e 01a005b3 add              x11, x0, x26        x11=00000002 x26:00000002
15802696ns          258427 1c008d60 000b00e7 jalr             x1, x22, 0           x1=1c008d62 x22:1c008c6c
15802736ns          258429 1c008c6c 000026b7 lui              x13, 0x2000         x13=00002000
15802756ns          258430 1c008c6e f14027f3 csrrs            x15, x0, 0xf14      x15=00000001
15802776ns          258431 1c008c72 f8068693 addi             x13, x13, -128      x13=00001f80 x13:00002000
15802796ns          258432 1c008c76 00379713 slli             x14, x15, 0x3       x14=00000008 x15:00000001
15802816ns          258433 1c008c7a 00279793 slli             x15, x15, 0x2       x15=00000004 x15:00000001
15802836ns          258434 1c008c7c 00d7f7b3 and              x15, x15, x13       x15=00000000 x15:00000004 x13:00001f80
15802856ns          258435 1c008c7e ee873733 p.bclr           x14, x14, 23, 8     x14=00000008 x14:00000008
15802875ns          258436 1c008c82 1a10f6b7 lui              x13, 0x1a10f000     x13=1a10f000
15802895ns          258437 1c008c86 0ff57513 andi             x10, x10, 255       x10=00000074 x10:00000074
15802915ns          258438 1c008c8a 00d70733 add              x14, x14, x13       x14=1a10f008 x14:00000008 x13:1a10f000
15802935ns          258439 1c008c8c 00a7e723 p.sw             x10, x0(x15)        x10:00000074 x15:00000000  PA:1a10f008
15803253ns          258455 1c008c90 00000513 addi             x10, x0, 0          x10=00000000
15803273ns          258456 1c008c92 00008067 jalr             x0, x1, 0            x1:1c008d62
15803333ns          258459 1c008d62 31f52563 p.beqimm         x10, 778            x10:00000000
15803353ns          258460 1c008d66 001d8d93 addi             x27, x27, 1         x27=00000005 x27:00000004
15803373ns          258461 1c008d68 00044503 lbu              x10, 0(x8)          x10=00000069  x8:1c000029  PA:1c000029
15803691ns          258477 1c008d6c 00140413 addi             x8, x8, 1            x8=1c00002a  x8:1c000029
15803711ns          258478 1c008d6e fe0514e3 bne              x10, x0, -24        x10:00000069
15803790ns          258482 1c008d56 02500793 addi             x15, x0, 37         x15=00000025
15803810ns          258483 1c008d5a 04f50863 beq              x10, x15, 80        x10:00000069 x15:00000025
15803830ns          258484 1c008d5e 01a005b3 add              x11, x0, x26        x11=00000002 x26:00000002
15803850ns          258485 1c008d60 000b00e7 jalr             x1, x22, 0           x1=1c008d62 x22:1c008c6c
15803890ns          258487 1c008c6c 000026b7 lui              x13, 0x2000         x13=00002000
15803910ns          258488 1c008c6e f14027f3 csrrs            x15, x0, 0xf14      x15=00000001
15803930ns          258489 1c008c72 f8068693 addi             x13, x13, -128      x13=00001f80 x13:00002000
15803950ns          258490 1c008c76 00379713 slli             x14, x15, 0x3       x14=00000008 x15:00000001
15803969ns          258491 1c008c7a 00279793 slli             x15, x15, 0x2       x15=00000004 x15:00000001
15803989ns          258492 1c008c7c 00d7f7b3 and              x15, x15, x13       x15=00000000 x15:00000004 x13:00001f80
15804009ns          258493 1c008c7e ee873733 p.bclr           x14, x14, 23, 8     x14=00000008 x14:00000008
15804029ns          258494 1c008c82 1a10f6b7 lui              x13, 0x1a10f000     x13=1a10f000
15804049ns          258495 1c008c86 0ff57513 andi             x10, x10, 255       x10=00000069 x10:00000069
15804069ns          258496 1c008c8a 00d70733 add              x14, x14, x13       x14=1a10f008 x14:00000008 x13:1a10f000
15804089ns          258497 1c008c8c 00a7e723 p.sw             x10, x0(x15)        x10:00000069 x15:00000000  PA:1a10f008
15804407ns          258513 1c008c90 00000513 addi             x10, x0, 0          x10=00000000
15804427ns          258514 1c008c92 00008067 jalr             x0, x1, 0            x1:1c008d62
15804487ns          258517 1c008d62 31f52563 p.beqimm         x10, 778            x10:00000000
15804507ns          258518 1c008d66 001d8d93 addi             x27, x27, 1         x27=00000006 x27:00000005
15804526ns          258519 1c008d68 00044503 lbu              x10, 0(x8)          x10=0000006e  x8:1c00002a  PA:1c00002a
15804825ns          258534 1c008d6c 00140413 addi             x8, x8, 1            x8=1c00002b  x8:1c00002a
15804845ns          258535 1c008d6e fe0514e3 bne              x10, x0, -24        x10:0000006e
15804924ns          258539 1c008d56 02500793 addi             x15, x0, 37         x15=00000025
15804944ns          258540 1c008d5a 04f50863 beq              x10, x15, 80        x10:0000006e x15:00000025
15804964ns          258541 1c008d5e 01a005b3 add              x11, x0, x26        x11=00000002 x26:00000002
15804984ns          258542 1c008d60 000b00e7 jalr             x1, x22, 0           x1=1c008d62 x22:1c008c6c
15805024ns          258544 1c008c6c 000026b7 lui              x13, 0x2000         x13=00002000
15805044ns          258545 1c008c6e f14027f3 csrrs            x15, x0, 0xf14      x15=00000001
15805063ns          258546 1c008c72 f8068693 addi             x13, x13, -128      x13=00001f80 x13:00002000
15805083ns          258547 1c008c76 00379713 slli             x14, x15, 0x3       x14=00000008 x15:00000001
15805103ns          258548 1c008c7a 00279793 slli             x15, x15, 0x2       x15=00000004 x15:00000001
15805123ns          258549 1c008c7c 00d7f7b3 and              x15, x15, x13       x15=00000000 x15:00000004 x13:00001f80
15805143ns          258550 1c008c7e ee873733 p.bclr           x14, x14, 23, 8     x14=00000008 x14:00000008
15805163ns          258551 1c008c82 1a10f6b7 lui              x13, 0x1a10f000     x13=1a10f000
15805183ns          258552 1c008c86 0ff57513 andi             x10, x10, 255       x10=0000006e x10:0000006e
15805203ns          258553 1c008c8a 00d70733 add              x14, x14, x13       x14=1a10f008 x14:00000008 x13:1a10f000
15805223ns          258554 1c008c8c 00a7e723 p.sw             x10, x0(x15)        x10:0000006e x15:00000000  PA:1a10f008
15805541ns          258570 1c008c90 00000513 addi             x10, x0, 0          x10=00000000
15805561ns          258571 1c008c92 00008067 jalr             x0, x1, 0            x1:1c008d62
15805620ns          258574 1c008d62 31f52563 p.beqimm         x10, 778            x10:00000000
15805640ns          258575 1c008d66 001d8d93 addi             x27, x27, 1         x27=00000007 x27:00000006
15805660ns          258576 1c008d68 00044503 lbu              x10, 0(x8)          x10=00000067  x8:1c00002b  PA:1c00002b
15805959ns          258591 1c008d6c 00140413 addi             x8, x8, 1            x8=1c00002c  x8:1c00002b
15805978ns          258592 1c008d6e fe0514e3 bne              x10, x0, -24        x10:00000067
15806058ns          258596 1c008d56 02500793 addi             x15, x0, 37         x15=00000025
15806078ns          258597 1c008d5a 04f50863 beq              x10, x15, 80        x10:00000067 x15:00000025
15806098ns          258598 1c008d5e 01a005b3 add              x11, x0, x26        x11=00000002 x26:00000002
15806118ns          258599 1c008d60 000b00e7 jalr             x1, x22, 0           x1=1c008d62 x22:1c008c6c
15806157ns          258601 1c008c6c 000026b7 lui              x13, 0x2000         x13=00002000
15806177ns          258602 1c008c6e f14027f3 csrrs            x15, x0, 0xf14      x15=00000001
15806197ns          258603 1c008c72 f8068693 addi             x13, x13, -128      x13=00001f80 x13:00002000
15806217ns          258604 1c008c76 00379713 slli             x14, x15, 0x3       x14=00000008 x15:00000001
15806237ns          258605 1c008c7a 00279793 slli             x15, x15, 0x2       x15=00000004 x15:00000001
15806257ns          258606 1c008c7c 00d7f7b3 and              x15, x15, x13       x15=00000000 x15:00000004 x13:00001f80
15806277ns          258607 1c008c7e ee873733 p.bclr           x14, x14, 23, 8     x14=00000008 x14:00000008
15806297ns          258608 1c008c82 1a10f6b7 lui              x13, 0x1a10f000     x13=1a10f000
15806317ns          258609 1c008c86 0ff57513 andi             x10, x10, 255       x10=00000067 x10:00000067
15806336ns          258610 1c008c8a 00d70733 add              x14, x14, x13       x14=1a10f008 x14:00000008 x13:1a10f000
15806356ns          258611 1c008c8c 00a7e723 p.sw             x10, x0(x15)        x10:00000067 x15:00000000  PA:1a10f008
15806675ns          258627 1c008c90 00000513 addi             x10, x0, 0          x10=00000000
15806694ns          258628 1c008c92 00008067 jalr             x0, x1, 0            x1:1c008d62
15806754ns          258631 1c008d62 31f52563 p.beqimm         x10, 778            x10:00000000
15806774ns          258632 1c008d66 001d8d93 addi             x27, x27, 1         x27=00000008 x27:00000007
15806794ns          258633 1c008d68 00044503 lbu              x10, 0(x8)          x10=00000020  x8:1c00002c  PA:1c00002c
15807092ns          258648 1c008d6c 00140413 addi             x8, x8, 1            x8=1c00002d  x8:1c00002c
15807112ns          258649 1c008d6e fe0514e3 bne              x10, x0, -24        x10:00000020
15807192ns          258653 1c008d56 02500793 addi             x15, x0, 37         x15=00000025
15807212ns          258654 1c008d5a 04f50863 beq              x10, x15, 80        x10:00000020 x15:00000025
15807232ns          258655 1c008d5e 01a005b3 add              x11, x0, x26        x11=00000002 x26:00000002
15807251ns          258656 1c008d60 000b00e7 jalr             x1, x22, 0           x1=1c008d62 x22:1c008c6c
15807291ns          258658 1c008c6c 000026b7 lui              x13, 0x2000         x13=00002000
15807311ns          258659 1c008c6e f14027f3 csrrs            x15, x0, 0xf14      x15=00000001
15807331ns          258660 1c008c72 f8068693 addi             x13, x13, -128      x13=00001f80 x13:00002000
15807351ns          258661 1c008c76 00379713 slli             x14, x15, 0x3       x14=00000008 x15:00000001
15807371ns          258662 1c008c7a 00279793 slli             x15, x15, 0x2       x15=00000004 x15:00000001
15807391ns          258663 1c008c7c 00d7f7b3 and              x15, x15, x13       x15=00000000 x15:00000004 x13:00001f80
15807411ns          258664 1c008c7e ee873733 p.bclr           x14, x14, 23, 8     x14=00000008 x14:00000008
15807430ns          258665 1c008c82 1a10f6b7 lui              x13, 0x1a10f000     x13=1a10f000
15807450ns          258666 1c008c86 0ff57513 andi             x10, x10, 255       x10=00000020 x10:00000020
15807470ns          258667 1c008c8a 00d70733 add              x14, x14, x13       x14=1a10f008 x14:00000008 x13:1a10f000
15807490ns          258668 1c008c8c 00a7e723 p.sw             x10, x0(x15)        x10:00000020 x15:00000000  PA:1a10f008
15807808ns          258684 1c008c90 00000513 addi             x10, x0, 0          x10=00000000
15807828ns          258685 1c008c92 00008067 jalr             x0, x1, 0            x1:1c008d62
15807888ns          258688 1c008d62 31f52563 p.beqimm         x10, 778            x10:00000000
15807908ns          258689 1c008d66 001d8d93 addi             x27, x27, 1         x27=00000009 x27:00000008
15807928ns          258690 1c008d68 00044503 lbu              x10, 0(x8)          x10=00000025  x8:1c00002d  PA:1c00002d
15808226ns          258705 1c008d6c 00140413 addi             x8, x8, 1            x8=1c00002e  x8:1c00002d
15808246ns          258706 1c008d6e fe0514e3 bne              x10, x0, -24        x10:00000025
15808326ns          258710 1c008d56 02500793 addi             x15, x0, 37         x15=00000025
15808345ns          258711 1c008d5a 04f50863 beq              x10, x15, 80        x10:00000025 x15:00000025
15808803ns          258734 1c008daa 00044483 lbu              x9, 0(x8)            x9=00000064  x8:1c00002e  PA:1c00002e
15809241ns          258756 1c008dae 02000693 addi             x13, x0, 32         x13=00000020
15809280ns          258758 1c008db2 00140a93 addi             x21, x8, 1          x21=1c00002f  x8:1c00002e
15809300ns          258759 1c008db6 009005b3 add              x11, x0, x9         x11=00000064  x9:00000064
15809320ns          258760 1c008db8 0fcb8513 addi             x10, x23, 252       x10=1c0000fc x23:1c000000
15809340ns          258761 1c008dbc 00d12823 sw               x13, 16(x2)         x13:00000020  x2:10000cd8  PA:10000ce8
15809360ns          258762 1c008dbe 00012c23 sw               x0, 24(x2)           x2:10000cd8  PA:10000cf0
15809758ns          258782 1c008dc0 00012a23 sw               x0, 20(x2)           x2:10000cd8  PA:10000cec
15809778ns          258783 1c008dc2 00012e23 sw               x0, 28(x2)           x2:10000cd8  PA:10000cf4
15809797ns          258784 1c008dc4 00012623 sw               x0, 12(x2)           x2:10000cd8  PA:10000ce4
15809817ns          258785 1c008dc6 02300913 addi             x18, x0, 35         x18=00000023
15809837ns          258786 1c008dca 02d00a13 addi             x20, x0, 45         x20=0000002d
15809857ns          258787 1c008dce 015009b3 add              x19, x0, x21        x19=1c00002f x21:1c00002f
15810275ns          258808 1c008dd0 e1dff0ef jal              x1, -484             x1=1c008dd2
15810732ns          258831 1c008bec 00054783 lbu              x15, 0(x10)         x15=0000002d x10:1c0000fc  PA:1c0000fc
15811190ns          258854 1c008bf0 0ff5f593 andi             x11, x11, 255       x11=00000064 x11:00000064
15811230ns          258856 1c008bf4 00b78c63 beq              x15, x11, 24        x15:0000002d x11:00000064
15811249ns          258857 1c008bf8 00078b63 beq              x15, x0, 22         x15:0000002d
15811269ns          258858 1c008bfa 00150793 addi             x15, x10, 1         x15=1c0000fd x10:1c0000fc
15811289ns          258859 1c008bfe 0040006f jal              x0, 4              
15811767ns          258883 1c008c02 00f00533 add              x10, x0, x15        x10=1c0000fd x15:1c0000fd
15811787ns          258884 1c008c04 0017c70b p.lbu            x14, 1(x15!)        x14=0000002b x15=1c0000fe x15:1c0000fd  PA:1c0000fd
15812105ns          258900 1c008c08 feb71ce3 bne              x14, x11, -8        x14:0000002b x11:00000064
15812324ns          258911 1c008c00 00070763 beq              x14, x0, 14         x14:0000002b
15812343ns          258912 1c008c02 00f00533 add              x10, x0, x15        x10=1c0000fe x15:1c0000fe
15812363ns          258913 1c008c04 0017c70b p.lbu            x14, 1(x15!)        x14=00000020 x15=1c0000ff x15:1c0000fe  PA:1c0000fe
15812701ns          258930 1c008c08 feb71ce3 bne              x14, x11, -8        x14:00000020 x11:00000064
15812761ns          258933 1c008c00 00070763 beq              x14, x0, 14         x14:00000020
15812781ns          258934 1c008c02 00f00533 add              x10, x0, x15        x10=1c0000ff x15:1c0000ff
15812801ns          258935 1c008c04 0017c70b p.lbu            x14, 1(x15!)        x14=00000023 x15=1c000100 x15:1c0000ff  PA:1c0000ff
15813119ns          258951 1c008c08 feb71ce3 bne              x14, x11, -8        x14:00000023 x11:00000064
15813179ns          258954 1c008c00 00070763 beq              x14, x0, 14         x14:00000023
15813199ns          258955 1c008c02 00f00533 add              x10, x0, x15        x10=1c000100 x15:1c000100
15813219ns          258956 1c008c04 0017c70b p.lbu            x14, 1(x15!)        x14=00000030 x15=1c000101 x15:1c000100  PA:1c000100
15813537ns          258972 1c008c08 feb71ce3 bne              x14, x11, -8        x14:00000030 x11:00000064
15813597ns          258975 1c008c00 00070763 beq              x14, x0, 14         x14:00000030
15813616ns          258976 1c008c02 00f00533 add              x10, x0, x15        x10=1c000101 x15:1c000101
15813636ns          258977 1c008c04 0017c70b p.lbu            x14, 1(x15!)        x14=00000000 x15=1c000102 x15:1c000101  PA:1c000101
15813955ns          258993 1c008c08 feb71ce3 bne              x14, x11, -8        x14:00000000 x11:00000064
15814014ns          258996 1c008c00 00070763 beq              x14, x0, 14         x14:00000000
15814094ns          259000 1c008c0e 0015b593 sltiu            x11, x11, 1         x11=00000000 x11:00000064
15814114ns          259001 1c008c12 40b005b3 sub              x11, x0, x11        x11=00000000 x11:00000000
15814134ns          259002 1c008c16 00b57533 and              x10, x10, x11       x10=00000000 x10:1c000101 x11:00000000
15814154ns          259003 1c008c18 00008067 jalr             x0, x1, 0            x1:1c008dd2
15814631ns          259027 1c008dd2 02050a63 beq              x10, x0, 52         x10:00000000
15815148ns          259053 1c008e06 02a00613 addi             x12, x0, 42         x12=0000002a
15815168ns          259054 1c008e0a 2ac48663 beq              x9, x12, 684         x9:00000064 x12:0000002a
15815606ns          259076 1c008e0e fd048613 addi             x12, x9, -48        x12=00000034  x9:00000064
15815625ns          259077 1c008e12 00900593 addi             x11, x0, 9          x11=00000009
15815645ns          259078 1c008e14 00000913 addi             x18, x0, 0          x18=00000000
15815665ns          259079 1c008e16 28c5f063 bgeu             x11, x12, 640       x11:00000009 x12:00000034
15815685ns          259080 1c008e1a 02e00693 addi             x13, x0, 46         x13=0000002e
15815705ns          259081 1c008e1e fff00a13 addi             x20, x0, -1         x20=ffffffff
15816123ns          259102 1c008e20 2ed48363 beq              x9, x13, 742         x9:00000064 x13:0000002e
15816162ns          259104 1c008e24 1c0007b7 lui              x15, 0x1c000000     x15=1c000000
15816182ns          259105 1c008e28 009005b3 add              x11, x0, x9         x11=00000064  x9:00000064
15816202ns          259106 1c008e2a 10478513 addi             x10, x15, 260       x10=1c000104 x15:1c000000
15816222ns          259107 1c008e2e dbfff0ef jal              x1, -578             x1=1c008e30
15816680ns          259130 1c008bec 00054783 lbu              x15, 0(x10)         x15=00000068 x10:1c000104  PA:1c000104
15816998ns          259146 1c008bf0 0ff5f593 andi             x11, x11, 255       x11=00000064 x11:00000064
15817018ns          259147 1c008bf4 00b78c63 beq              x15, x11, 24        x15:00000068 x11:00000064
15817038ns          259148 1c008bf8 00078b63 beq              x15, x0, 22         x15:00000068
15817058ns          259149 1c008bfa 00150793 addi             x15, x10, 1         x15=1c000105 x10:1c000104
15817077ns          259150 1c008bfe 0040006f jal              x0, 4              
15817117ns          259152 1c008c02 00f00533 add              x10, x0, x15        x10=1c000105 x15:1c000105
15817137ns          259153 1c008c04 0017c70b p.lbu            x14, 1(x15!)        x14=0000006c x15=1c000106 x15:1c000105  PA:1c000105
15817455ns          259169 1c008c08 feb71ce3 bne              x14, x11, -8        x14:0000006c x11:00000064
15817515ns          259172 1c008c00 00070763 beq              x14, x0, 14         x14:0000006c
15817535ns          259173 1c008c02 00f00533 add              x10, x0, x15        x10=1c000106 x15:1c000106
15817555ns          259174 1c008c04 0017c70b p.lbu            x14, 1(x15!)        x14=0000004c x15=1c000107 x15:1c000106  PA:1c000106
15817873ns          259190 1c008c08 feb71ce3 bne              x14, x11, -8        x14:0000004c x11:00000064
15817933ns          259193 1c008c00 00070763 beq              x14, x0, 14         x14:0000004c
15817953ns          259194 1c008c02 00f00533 add              x10, x0, x15        x10=1c000107 x15:1c000107
15817973ns          259195 1c008c04 0017c70b p.lbu            x14, 1(x15!)        x14=0000007a x15=1c000108 x15:1c000107  PA:1c000107
15818311ns          259212 1c008c08 feb71ce3 bne              x14, x11, -8        x14:0000007a x11:00000064
15818370ns          259215 1c008c00 00070763 beq              x14, x0, 14         x14:0000007a
15818390ns          259216 1c008c02 00f00533 add              x10, x0, x15        x10=1c000108 x15:1c000108
15818410ns          259217 1c008c04 0017c70b p.lbu            x14, 1(x15!)        x14=00000000 x15=1c000109 x15:1c000108  PA:1c000108
15818748ns          259234 1c008c08 feb71ce3 bne              x14, x11, -8        x14:00000000 x11:00000064
15818808ns          259237 1c008c00 00070763 beq              x14, x0, 14         x14:00000000
15818888ns          259241 1c008c0e 0015b593 sltiu            x11, x11, 1         x11=00000000 x11:00000064
15818907ns          259242 1c008c12 40b005b3 sub              x11, x0, x11        x11=00000000 x11:00000000
15818927ns          259243 1c008c16 00b57533 and              x10, x10, x11       x10=00000000 x10:1c000108 x11:00000000
15818947ns          259244 1c008c18 00008067 jalr             x0, x1, 0            x1:1c008e30
15818987ns          259246 1c008e30 01300433 add              x8, x0, x19          x8=1c00002f x19:1c00002f
15819007ns          259247 1c008e32 00050563 beq              x10, x0, 10         x10:00000000
15819067ns          259250 1c008e3c 06700693 addi             x13, x0, 103        x13=00000067
15819504ns          259272 1c008e40 2896d963 bge              x13, x9, 658        x13:00000067  x9:00000064
15820021ns          259298 1c0090d2 06500693 addi             x13, x0, 101        x13=00000065
15820041ns          259299 1c0090d6 12d4d563 bge              x9, x13, 298         x9:00000064 x13:00000065
15820061ns          259300 1c0090da 04700693 addi             x13, x0, 71         x13=00000047
15820499ns          259322 1c0090de dc96cbe3 blt              x13, x9, -554       x13:00000047  x9:00000064
15820996ns          259347 1c008eb4 06300693 addi             x13, x0, 99         x13=00000063
15821036ns          259349 1c008eb8 0ad488e3 beq              x9, x13, 2224        x9:00000064 x13:00000063
15821056ns          259350 1c008ebc 0096c9e3 blt              x13, x9, 2066       x13:00000063  x9:00000064
15822468ns          259421 1c0096ce 000c2583 lw               x11, 0(x24)         x11=00000001 x24:10000e2c  PA:10000e2c
15822488ns          259422 1c0096d2 004c0c13 addi             x24, x24, 4         x24=10000e30 x24:10000e2c
15822508ns          259423 1c0096d4 3405cc63 blt              x11, x0, 856        x11:00000001
15822528ns          259424 1c0096d8 01412603 lw               x12, 20(x2)         x12=00000000  x2:10000cd8  PA:10000cec
15822567ns          259426 1c0096da 00b006b3 add              x13, x0, x11        x13=00000001 x11:00000001
15822587ns          259427 1c0096dc 2e061863 bne              x12, x0, 752        x12:00000000
15822985ns          259447 1c0096e0 01812703 lw               x14, 24(x2)         x14=00000000  x2:10000cd8  PA:10000cf0
15823005ns          259448 1c0096e2 019007b3 add              x15, x0, x25        x15=10000cfc x25:10000cfc
15823025ns          259449 1c0096e4 00070763 beq              x14, x0, 14         x14:00000000
15823502ns          259473 1c0096f2 00f00733 add              x14, x0, x15        x14=10000cfc x15:10000cfc
15823542ns          259475 1c0096f4 00a00513 addi             x10, x0, 10         x10=0000000a
15823562ns          259476 1c0096f6 02a6f633 remu             x12, x13, x10       x12=00000001 x13:00000001 x10:0000000a
15824178ns          259507 1c0096fa 02a6d6b3 divu             x13, x13, x10       x13=00000000 x13:00000001 x10:0000000a
15824795ns          259538 1c0096fe 03060613 addi             x12, x12, 48        x12=00000031 x12:00000001
15824815ns          259539 1c009702 00c700ab p.sb             x12, 1(x14!)        x14=10000cfd x12:00000031 x14:10000cfc  PA:10000cfc
15824835ns          259540 1c009706 fe0698e3 bne              x13, x0, -16        x13:00000000
15824855ns          259541 1c009708 40f706b3 sub              x13, x14, x15       x13=00000001 x14:10000cfd x15:10000cfc
15824875ns          259542 1c00970c 0146dc63 bge              x13, x20, 24        x13:00000001 x20:ffffffff
15825750ns          259586 1c009724 00e006b3 add              x13, x0, x14        x13=10000cfd x14:10000cfd
15825790ns          259588 1c009726 fe068fab p.sb             x0, -1(x13!)        x13=10000cfc x13:10000cfd  PA:10000cfd
15825810ns          259589 1c00972a 00d7fc63 bgeu             x15, x13, 24        x15:10000cfc x13:10000cfc
15826705ns          259634 1c009742 01412783 lw               x15, 20(x2)         x15=00000000  x2:10000cd8  PA:10000cec
15826744ns          259636 1c009744 01812603 lw               x12, 24(x2)         x12=00000000  x2:10000cd8  PA:10000cf0
15826764ns          259637 1c009746 419704b3 sub              x9, x14, x25         x9=00000001 x14:10000cfd x25:10000cfc
15826784ns          259638 1c00974a 00c7e7b3 or               x15, x15, x12       x15=00000000 x15:00000000 x12:00000000
15826804ns          259639 1c00974c 00f12623 sw               x15, 12(x2)         x15:00000000  x2:10000cd8  PA:10000ce4
15826824ns          259640 1c00974e 00079363 bne              x15, x0, 6          x15:00000000
15827222ns          259660 1c009750 01f5d593 srli             x11, x11, 0x1f      x11=00000000 x11:00000001
15827242ns          259661 1c009752 00b12623 sw               x11, 12(x2)         x11:00000000  x2:10000cd8  PA:10000ce4
15827262ns          259662 1c009754 e3fa28e3 p.beqimm         x20, -464           x20:ffffffff
15827759ns          259687 1c009584 0c800793 addi             x15, x0, 200        x15=000000c8
15827799ns          259689 1c009588 9e97d0e3 bge              x15, x9, -1568      x15:000000c8  x9:00000001
15828714ns          259735 1c008f68 0f24d163 bge              x9, x18, 226         x9:00000001 x18:00000000
15829231ns          259761 1c00904a d00482e3 beq              x9, x0, -764         x9:00000001
15829251ns          259762 1c00904e 01900933 add              x18, x0, x25        x18=10000cfc x25:10000cfc
15829668ns          259783 1c009050 419d8db3 sub              x27, x27, x25       x27=effff30d x27:00000009 x25:10000cfc
15829708ns          259785 1c009054 00a0006f jal              x0, 10             
15830185ns          259809 1c00905e 0019450b p.lbu            x10, 1(x18!)        x10=00000031 x18=10000cfd x18:10000cfc  PA:10000cfc
15830205ns          259810 1c009062 01a005b3 add              x11, x0, x26        x11=00000002 x26:00000002
15830225ns          259811 1c009064 000b00e7 jalr             x1, x22, 0           x1=1c009066 x22:1c008c6c
15830305ns          259815 1c008c6c 000026b7 lui              x13, 0x2000         x13=00002000
15830345ns          259817 1c008c6e f14027f3 csrrs            x15, x0, 0xf14      x15=00000001
15830364ns          259818 1c008c72 f8068693 addi             x13, x13, -128      x13=00001f80 x13:00002000
15830384ns          259819 1c008c76 00379713 slli             x14, x15, 0x3       x14=00000008 x15:00000001
15830404ns          259820 1c008c7a 00279793 slli             x15, x15, 0x2       x15=00000004 x15:00000001
15830424ns          259821 1c008c7c 00d7f7b3 and              x15, x15, x13       x15=00000000 x15:00000004 x13:00001f80
15830444ns          259822 1c008c7e ee873733 p.bclr           x14, x14, 23, 8     x14=00000008 x14:00000008
15830464ns          259823 1c008c82 1a10f6b7 lui              x13, 0x1a10f000     x13=1a10f000
15830484ns          259824 1c008c86 0ff57513 andi             x10, x10, 255       x10=00000031 x10:00000031
15830504ns          259825 1c008c8a 00d70733 add              x14, x14, x13       x14=1a10f008 x14:00000008 x13:1a10f000
15830524ns          259826 1c008c8c 00a7e723 p.sw             x10, x0(x15)        x10:00000031 x15:00000000  PA:1a10f008
15830882ns          259844 1c008c90 00000513 addi             x10, x0, 0          x10=00000000
15830902ns          259845 1c008c92 00008067 jalr             x0, x1, 0            x1:1c009066
15830941ns          259847 1c009066 fff48493 addi             x9, x9, -1           x9=00000000  x9:00000001
15830961ns          259848 1c009068 fff537e3 p.bneimm         x10, -18            x10:00000000
15831439ns          259872 1c009056 012d8733 add              x14, x27, x18       x14=0000000a x27:effff30d x18:10000cfd
15831458ns          259873 1c00905a 5a048b63 beq              x9, x0, 1462         x9:00000000
15831936ns          259897 1c009610 00e00db3 add              x27, x0, x14        x27=0000000a x14:0000000a
15831976ns          259899 1c009612 f3cff06f jal              x0, -2244          
15832035ns          259902 1c008d4e 00044503 lbu              x10, 0(x8)          x10=00000020  x8:1c00002f  PA:1c00002f
15832334ns          259917 1c008d52 00140413 addi             x8, x8, 1            x8=1c000030  x8:1c00002f
15832354ns          259918 1c008d54 00050e63 beq              x10, x0, 28         x10:00000020
15832373ns          259919 1c008d56 02500793 addi             x15, x0, 37         x15=00000025
15832393ns          259920 1c008d5a 04f50863 beq              x10, x15, 80        x10:00000020 x15:00000025
15832413ns          259921 1c008d5e 01a005b3 add              x11, x0, x26        x11=00000002 x26:00000002
15832433ns          259922 1c008d60 000b00e7 jalr             x1, x22, 0           x1=1c008d62 x22:1c008c6c
15832473ns          259924 1c008c6c 000026b7 lui              x13, 0x2000         x13=00002000
15832533ns          259927 1c008c6e f14027f3 csrrs            x15, x0, 0xf14      x15=00000001
15832572ns          259929 1c008c72 f8068693 addi             x13, x13, -128      x13=00001f80 x13:00002000
15832592ns          259930 1c008c76 00379713 slli             x14, x15, 0x3       x14=00000008 x15:00000001
15832612ns          259931 1c008c7a 00279793 slli             x15, x15, 0x2       x15=00000004 x15:00000001
15832632ns          259932 1c008c7c 00d7f7b3 and              x15, x15, x13       x15=00000000 x15:00000004 x13:00001f80
15832652ns          259933 1c008c7e ee873733 p.bclr           x14, x14, 23, 8     x14=00000008 x14:00000008
15832672ns          259934 1c008c82 1a10f6b7 lui              x13, 0x1a10f000     x13=1a10f000
15832692ns          259935 1c008c86 0ff57513 andi             x10, x10, 255       x10=00000020 x10:00000020
15832712ns          259936 1c008c8a 00d70733 add              x14, x14, x13       x14=1a10f008 x14:00000008 x13:1a10f000
15832731ns          259937 1c008c8c 00a7e723 p.sw             x10, x0(x15)        x10:00000020 x15:00000000  PA:1a10f008
15833090ns          259955 1c008c90 00000513 addi             x10, x0, 0          x10=00000000
15833109ns          259956 1c008c92 00008067 jalr             x0, x1, 0            x1:1c008d62
15833169ns          259959 1c008d62 31f52563 p.beqimm         x10, 778            x10:00000000
15833189ns          259960 1c008d66 001d8d93 addi             x27, x27, 1         x27=0000000b x27:0000000a
15833209ns          259961 1c008d68 00044503 lbu              x10, 0(x8)          x10=0000006b  x8:1c000030  PA:1c000030
15833507ns          259976 1c008d6c 00140413 addi             x8, x8, 1            x8=1c000031  x8:1c000030
15833527ns          259977 1c008d6e fe0514e3 bne              x10, x0, -24        x10:0000006b
15833607ns          259981 1c008d56 02500793 addi             x15, x0, 37         x15=00000025
15833627ns          259982 1c008d5a 04f50863 beq              x10, x15, 80        x10:0000006b x15:00000025
15833646ns          259983 1c008d5e 01a005b3 add              x11, x0, x26        x11=00000002 x26:00000002
15833666ns          259984 1c008d60 000b00e7 jalr             x1, x22, 0           x1=1c008d62 x22:1c008c6c
15833706ns          259986 1c008c6c 000026b7 lui              x13, 0x2000         x13=00002000
15833726ns          259987 1c008c6e f14027f3 csrrs            x15, x0, 0xf14      x15=00000001
15833746ns          259988 1c008c72 f8068693 addi             x13, x13, -128      x13=00001f80 x13:00002000
15833766ns          259989 1c008c76 00379713 slli             x14, x15, 0x3       x14=00000008 x15:00000001
15833786ns          259990 1c008c7a 00279793 slli             x15, x15, 0x2       x15=00000004 x15:00000001
15833806ns          259991 1c008c7c 00d7f7b3 and              x15, x15, x13       x15=00000000 x15:00000004 x13:00001f80
15833825ns          259992 1c008c7e ee873733 p.bclr           x14, x14, 23, 8     x14=00000008 x14:00000008
15833845ns          259993 1c008c82 1a10f6b7 lui              x13, 0x1a10f000     x13=1a10f000
15833865ns          259994 1c008c86 0ff57513 andi             x10, x10, 255       x10=0000006b x10:0000006b
15833885ns          259995 1c008c8a 00d70733 add              x14, x14, x13       x14=1a10f008 x14:00000008 x13:1a10f000
15833905ns          259996 1c008c8c 00a7e723 p.sw             x10, x0(x15)        x10:0000006b x15:00000000  PA:1a10f008
15834243ns          260013 1c008c90 00000513 addi             x10, x0, 0          x10=00000000
15834263ns          260014 1c008c92 00008067 jalr             x0, x1, 0            x1:1c008d62
15834323ns          260017 1c008d62 31f52563 p.beqimm         x10, 778            x10:00000000
15834343ns          260018 1c008d66 001d8d93 addi             x27, x27, 1         x27=0000000c x27:0000000b
15834363ns          260019 1c008d68 00044503 lbu              x10, 0(x8)          x10=00000065  x8:1c000031  PA:1c000031
15834661ns          260034 1c008d6c 00140413 addi             x8, x8, 1            x8=1c000032  x8:1c000031
15834681ns          260035 1c008d6e fe0514e3 bne              x10, x0, -24        x10:00000065
15834760ns          260039 1c008d56 02500793 addi             x15, x0, 37         x15=00000025
15834780ns          260040 1c008d5a 04f50863 beq              x10, x15, 80        x10:00000065 x15:00000025
15834800ns          260041 1c008d5e 01a005b3 add              x11, x0, x26        x11=00000002 x26:00000002
15834820ns          260042 1c008d60 000b00e7 jalr             x1, x22, 0           x1=1c008d62 x22:1c008c6c
15834860ns          260044 1c008c6c 000026b7 lui              x13, 0x2000         x13=00002000
15834880ns          260045 1c008c6e f14027f3 csrrs            x15, x0, 0xf14      x15=00000001
15834900ns          260046 1c008c72 f8068693 addi             x13, x13, -128      x13=00001f80 x13:00002000
15834919ns          260047 1c008c76 00379713 slli             x14, x15, 0x3       x14=00000008 x15:00000001
15834939ns          260048 1c008c7a 00279793 slli             x15, x15, 0x2       x15=00000004 x15:00000001
15834959ns          260049 1c008c7c 00d7f7b3 and              x15, x15, x13       x15=00000000 x15:00000004 x13:00001f80
15834979ns          260050 1c008c7e ee873733 p.bclr           x14, x14, 23, 8     x14=00000008 x14:00000008
15834999ns          260051 1c008c82 1a10f6b7 lui              x13, 0x1a10f000     x13=1a10f000
15835019ns          260052 1c008c86 0ff57513 andi             x10, x10, 255       x10=00000065 x10:00000065
15835039ns          260053 1c008c8a 00d70733 add              x14, x14, x13       x14=1a10f008 x14:00000008 x13:1a10f000
15835059ns          260054 1c008c8c 00a7e723 p.sw             x10, x0(x15)        x10:00000065 x15:00000000  PA:1a10f008
15835377ns          260070 1c008c90 00000513 addi             x10, x0, 0          x10=00000000
15835397ns          260071 1c008c92 00008067 jalr             x0, x1, 0            x1:1c008d62
15835457ns          260074 1c008d62 31f52563 p.beqimm         x10, 778            x10:00000000
15835476ns          260075 1c008d66 001d8d93 addi             x27, x27, 1         x27=0000000d x27:0000000c
15835496ns          260076 1c008d68 00044503 lbu              x10, 0(x8)          x10=00000072  x8:1c000032  PA:1c000032
15835795ns          260091 1c008d6c 00140413 addi             x8, x8, 1            x8=1c000033  x8:1c000032
15835815ns          260092 1c008d6e fe0514e3 bne              x10, x0, -24        x10:00000072
15835894ns          260096 1c008d56 02500793 addi             x15, x0, 37         x15=00000025
15835914ns          260097 1c008d5a 04f50863 beq              x10, x15, 80        x10:00000072 x15:00000025
15835934ns          260098 1c008d5e 01a005b3 add              x11, x0, x26        x11=00000002 x26:00000002
15835954ns          260099 1c008d60 000b00e7 jalr             x1, x22, 0           x1=1c008d62 x22:1c008c6c
15835994ns          260101 1c008c6c 000026b7 lui              x13, 0x2000         x13=00002000
15836013ns          260102 1c008c6e f14027f3 csrrs            x15, x0, 0xf14      x15=00000001
15836033ns          260103 1c008c72 f8068693 addi             x13, x13, -128      x13=00001f80 x13:00002000
15836053ns          260104 1c008c76 00379713 slli             x14, x15, 0x3       x14=00000008 x15:00000001
15836073ns          260105 1c008c7a 00279793 slli             x15, x15, 0x2       x15=00000004 x15:00000001
15836093ns          260106 1c008c7c 00d7f7b3 and              x15, x15, x13       x15=00000000 x15:00000004 x13:00001f80
15836113ns          260107 1c008c7e ee873733 p.bclr           x14, x14, 23, 8     x14=00000008 x14:00000008
15836133ns          260108 1c008c82 1a10f6b7 lui              x13, 0x1a10f000     x13=1a10f000
15836153ns          260109 1c008c86 0ff57513 andi             x10, x10, 255       x10=00000072 x10:00000072
15836173ns          260110 1c008c8a 00d70733 add              x14, x14, x13       x14=1a10f008 x14:00000008 x13:1a10f000
15836192ns          260111 1c008c8c 00a7e723 p.sw             x10, x0(x15)        x10:00000072 x15:00000000  PA:1a10f008
15836511ns          260127 1c008c90 00000513 addi             x10, x0, 0          x10=00000000
15836531ns          260128 1c008c92 00008067 jalr             x0, x1, 0            x1:1c008d62
15836590ns          260131 1c008d62 31f52563 p.beqimm         x10, 778            x10:00000000
15836610ns          260132 1c008d66 001d8d93 addi             x27, x27, 1         x27=0000000e x27:0000000d
15836630ns          260133 1c008d68 00044503 lbu              x10, 0(x8)          x10=0000006e  x8:1c000033  PA:1c000033
15836948ns          260149 1c008d6c 00140413 addi             x8, x8, 1            x8=1c000034  x8:1c000033
15836968ns          260150 1c008d6e fe0514e3 bne              x10, x0, -24        x10:0000006e
15837048ns          260154 1c008d56 02500793 addi             x15, x0, 37         x15=00000025
15837068ns          260155 1c008d5a 04f50863 beq              x10, x15, 80        x10:0000006e x15:00000025
15837088ns          260156 1c008d5e 01a005b3 add              x11, x0, x26        x11=00000002 x26:00000002
15837107ns          260157 1c008d60 000b00e7 jalr             x1, x22, 0           x1=1c008d62 x22:1c008c6c
15837147ns          260159 1c008c6c 000026b7 lui              x13, 0x2000         x13=00002000
15837167ns          260160 1c008c6e f14027f3 csrrs            x15, x0, 0xf14      x15=00000001
15837187ns          260161 1c008c72 f8068693 addi             x13, x13, -128      x13=00001f80 x13:00002000
15837207ns          260162 1c008c76 00379713 slli             x14, x15, 0x3       x14=00000008 x15:00000001
15837227ns          260163 1c008c7a 00279793 slli             x15, x15, 0x2       x15=00000004 x15:00000001
15837247ns          260164 1c008c7c 00d7f7b3 and              x15, x15, x13       x15=00000000 x15:00000004 x13:00001f80
15837267ns          260165 1c008c7e ee873733 p.bclr           x14, x14, 23, 8     x14=00000008 x14:00000008
15837286ns          260166 1c008c82 1a10f6b7 lui              x13, 0x1a10f000     x13=1a10f000
15837306ns          260167 1c008c86 0ff57513 andi             x10, x10, 255       x10=0000006e x10:0000006e
15837326ns          260168 1c008c8a 00d70733 add              x14, x14, x13       x14=1a10f008 x14:00000008 x13:1a10f000
15837346ns          260169 1c008c8c 00a7e723 p.sw             x10, x0(x15)        x10:0000006e x15:00000000  PA:1a10f008
15837664ns          260185 1c008c90 00000513 addi             x10, x0, 0          x10=00000000
15837684ns          260186 1c008c92 00008067 jalr             x0, x1, 0            x1:1c008d62
15837744ns          260189 1c008d62 31f52563 p.beqimm         x10, 778            x10:00000000
15837764ns          260190 1c008d66 001d8d93 addi             x27, x27, 1         x27=0000000f x27:0000000e
15837784ns          260191 1c008d68 00044503 lbu              x10, 0(x8)          x10=00000065  x8:1c000034  PA:1c000034
15838082ns          260206 1c008d6c 00140413 addi             x8, x8, 1            x8=1c000035  x8:1c000034
15838102ns          260207 1c008d6e fe0514e3 bne              x10, x0, -24        x10:00000065
15838182ns          260211 1c008d56 02500793 addi             x15, x0, 37         x15=00000025
15838201ns          260212 1c008d5a 04f50863 beq              x10, x15, 80        x10:00000065 x15:00000025
15838221ns          260213 1c008d5e 01a005b3 add              x11, x0, x26        x11=00000002 x26:00000002
15838241ns          260214 1c008d60 000b00e7 jalr             x1, x22, 0           x1=1c008d62 x22:1c008c6c
15838281ns          260216 1c008c6c 000026b7 lui              x13, 0x2000         x13=00002000
15838301ns          260217 1c008c6e f14027f3 csrrs            x15, x0, 0xf14      x15=00000001
15838321ns          260218 1c008c72 f8068693 addi             x13, x13, -128      x13=00001f80 x13:00002000
15838341ns          260219 1c008c76 00379713 slli             x14, x15, 0x3       x14=00000008 x15:00000001
15838361ns          260220 1c008c7a 00279793 slli             x15, x15, 0x2       x15=00000004 x15:00000001
15838380ns          260221 1c008c7c 00d7f7b3 and              x15, x15, x13       x15=00000000 x15:00000004 x13:00001f80
15838400ns          260222 1c008c7e ee873733 p.bclr           x14, x14, 23, 8     x14=00000008 x14:00000008
15838420ns          260223 1c008c82 1a10f6b7 lui              x13, 0x1a10f000     x13=1a10f000
15838440ns          260224 1c008c86 0ff57513 andi             x10, x10, 255       x10=00000065 x10:00000065
15838460ns          260225 1c008c8a 00d70733 add              x14, x14, x13       x14=1a10f008 x14:00000008 x13:1a10f000
15838480ns          260226 1c008c8c 00a7e723 p.sw             x10, x0(x15)        x10:00000065 x15:00000000  PA:1a10f008
15838798ns          260242 1c008c90 00000513 addi             x10, x0, 0          x10=00000000
15838818ns          260243 1c008c92 00008067 jalr             x0, x1, 0            x1:1c008d62
15838878ns          260246 1c008d62 31f52563 p.beqimm         x10, 778            x10:00000000
15838898ns          260247 1c008d66 001d8d93 addi             x27, x27, 1         x27=00000010 x27:0000000f
15838918ns          260248 1c008d68 00044503 lbu              x10, 0(x8)          x10=0000006c  x8:1c000035  PA:1c000035
15839216ns          260263 1c008d6c 00140413 addi             x8, x8, 1            x8=1c000036  x8:1c000035
15839236ns          260264 1c008d6e fe0514e3 bne              x10, x0, -24        x10:0000006c
15839315ns          260268 1c008d56 02500793 addi             x15, x0, 37         x15=00000025
15839335ns          260269 1c008d5a 04f50863 beq              x10, x15, 80        x10:0000006c x15:00000025
15839355ns          260270 1c008d5e 01a005b3 add              x11, x0, x26        x11=00000002 x26:00000002
15839375ns          260271 1c008d60 000b00e7 jalr             x1, x22, 0           x1=1c008d62 x22:1c008c6c
15839415ns          260273 1c008c6c 000026b7 lui              x13, 0x2000         x13=00002000
15839435ns          260274 1c008c6e f14027f3 csrrs            x15, x0, 0xf14      x15=00000001
15839455ns          260275 1c008c72 f8068693 addi             x13, x13, -128      x13=00001f80 x13:00002000
15839474ns          260276 1c008c76 00379713 slli             x14, x15, 0x3       x14=00000008 x15:00000001
15839494ns          260277 1c008c7a 00279793 slli             x15, x15, 0x2       x15=00000004 x15:00000001
15839514ns          260278 1c008c7c 00d7f7b3 and              x15, x15, x13       x15=00000000 x15:00000004 x13:00001f80
15839534ns          260279 1c008c7e ee873733 p.bclr           x14, x14, 23, 8     x14=00000008 x14:00000008
15839554ns          260280 1c008c82 1a10f6b7 lui              x13, 0x1a10f000     x13=1a10f000
15839574ns          260281 1c008c86 0ff57513 andi             x10, x10, 255       x10=0000006c x10:0000006c
15839594ns          260282 1c008c8a 00d70733 add              x14, x14, x13       x14=1a10f008 x14:00000008 x13:1a10f000
15839614ns          260283 1c008c8c 00a7e723 p.sw             x10, x0(x15)        x10:0000006c x15:00000000  PA:1a10f008
15839932ns          260299 1c008c90 00000513 addi             x10, x0, 0          x10=00000000
15839952ns          260300 1c008c92 00008067 jalr             x0, x1, 0            x1:1c008d62
15840012ns          260303 1c008d62 31f52563 p.beqimm         x10, 778            x10:00000000
15840031ns          260304 1c008d66 001d8d93 addi             x27, x27, 1         x27=00000011 x27:00000010
15840051ns          260305 1c008d68 00044503 lbu              x10, 0(x8)          x10=00000020  x8:1c000036  PA:1c000036
15840370ns          260321 1c008d6c 00140413 addi             x8, x8, 1            x8=1c000037  x8:1c000036
15840389ns          260322 1c008d6e fe0514e3 bne              x10, x0, -24        x10:00000020
15840469ns          260326 1c008d56 02500793 addi             x15, x0, 37         x15=00000025
15840489ns          260327 1c008d5a 04f50863 beq              x10, x15, 80        x10:00000020 x15:00000025
15840509ns          260328 1c008d5e 01a005b3 add              x11, x0, x26        x11=00000002 x26:00000002
15840529ns          260329 1c008d60 000b00e7 jalr             x1, x22, 0           x1=1c008d62 x22:1c008c6c
15840568ns          260331 1c008c6c 000026b7 lui              x13, 0x2000         x13=00002000
15840588ns          260332 1c008c6e f14027f3 csrrs            x15, x0, 0xf14      x15=00000001
15840608ns          260333 1c008c72 f8068693 addi             x13, x13, -128      x13=00001f80 x13:00002000
15840628ns          260334 1c008c76 00379713 slli             x14, x15, 0x3       x14=00000008 x15:00000001
15840648ns          260335 1c008c7a 00279793 slli             x15, x15, 0x2       x15=00000004 x15:00000001
15840668ns          260336 1c008c7c 00d7f7b3 and              x15, x15, x13       x15=00000000 x15:00000004 x13:00001f80
15840688ns          260337 1c008c7e ee873733 p.bclr           x14, x14, 23, 8     x14=00000008 x14:00000008
15840708ns          260338 1c008c82 1a10f6b7 lui              x13, 0x1a10f000     x13=1a10f000
15840728ns          260339 1c008c86 0ff57513 andi             x10, x10, 255       x10=00000020 x10:00000020
15840747ns          260340 1c008c8a 00d70733 add              x14, x14, x13       x14=1a10f008 x14:00000008 x13:1a10f000
15840767ns          260341 1c008c8c 00a7e723 p.sw             x10, x0(x15)        x10:00000020 x15:00000000  PA:1a10f008
15841086ns          260357 1c008c90 00000513 addi             x10, x0, 0          x10=00000000
15841105ns          260358 1c008c92 00008067 jalr             x0, x1, 0            x1:1c008d62
15841165ns          260361 1c008d62 31f52563 p.beqimm         x10, 778            x10:00000000
15841185ns          260362 1c008d66 001d8d93 addi             x27, x27, 1         x27=00000012 x27:00000011
15841205ns          260363 1c008d68 00044503 lbu              x10, 0(x8)          x10=00000069  x8:1c000037  PA:1c000037
15841503ns          260378 1c008d6c 00140413 addi             x8, x8, 1            x8=1c000038  x8:1c000037
15841523ns          260379 1c008d6e fe0514e3 bne              x10, x0, -24        x10:00000069
15841603ns          260383 1c008d56 02500793 addi             x15, x0, 37         x15=00000025
15841623ns          260384 1c008d5a 04f50863 beq              x10, x15, 80        x10:00000069 x15:00000025
15841643ns          260385 1c008d5e 01a005b3 add              x11, x0, x26        x11=00000002 x26:00000002
15841662ns          260386 1c008d60 000b00e7 jalr             x1, x22, 0           x1=1c008d62 x22:1c008c6c
15841702ns          260388 1c008c6c 000026b7 lui              x13, 0x2000         x13=00002000
15841722ns          260389 1c008c6e f14027f3 csrrs            x15, x0, 0xf14      x15=00000001
15841742ns          260390 1c008c72 f8068693 addi             x13, x13, -128      x13=00001f80 x13:00002000
15841762ns          260391 1c008c76 00379713 slli             x14, x15, 0x3       x14=00000008 x15:00000001
15841782ns          260392 1c008c7a 00279793 slli             x15, x15, 0x2       x15=00000004 x15:00000001
15841802ns          260393 1c008c7c 00d7f7b3 and              x15, x15, x13       x15=00000000 x15:00000004 x13:00001f80
15841822ns          260394 1c008c7e ee873733 p.bclr           x14, x14, 23, 8     x14=00000008 x14:00000008
15841841ns          260395 1c008c82 1a10f6b7 lui              x13, 0x1a10f000     x13=1a10f000
15841861ns          260396 1c008c86 0ff57513 andi             x10, x10, 255       x10=00000069 x10:00000069
15841881ns          260397 1c008c8a 00d70733 add              x14, x14, x13       x14=1a10f008 x14:00000008 x13:1a10f000
15841901ns          260398 1c008c8c 00a7e723 p.sw             x10, x0(x15)        x10:00000069 x15:00000000  PA:1a10f008
15842239ns          260415 1c008c90 00000513 addi             x10, x0, 0          x10=00000000
15842259ns          260416 1c008c92 00008067 jalr             x0, x1, 0            x1:1c008d62
15842319ns          260419 1c008d62 31f52563 p.beqimm         x10, 778            x10:00000000
15842339ns          260420 1c008d66 001d8d93 addi             x27, x27, 1         x27=00000013 x27:00000012
15842359ns          260421 1c008d68 00044503 lbu              x10, 0(x8)          x10=00000074  x8:1c000038  PA:1c000038
15842657ns          260436 1c008d6c 00140413 addi             x8, x8, 1            x8=1c000039  x8:1c000038
15842677ns          260437 1c008d6e fe0514e3 bne              x10, x0, -24        x10:00000074
15842756ns          260441 1c008d56 02500793 addi             x15, x0, 37         x15=00000025
15842776ns          260442 1c008d5a 04f50863 beq              x10, x15, 80        x10:00000074 x15:00000025
15842796ns          260443 1c008d5e 01a005b3 add              x11, x0, x26        x11=00000002 x26:00000002
15842816ns          260444 1c008d60 000b00e7 jalr             x1, x22, 0           x1=1c008d62 x22:1c008c6c
15842856ns          260446 1c008c6c 000026b7 lui              x13, 0x2000         x13=00002000
15842876ns          260447 1c008c6e f14027f3 csrrs            x15, x0, 0xf14      x15=00000001
15842896ns          260448 1c008c72 f8068693 addi             x13, x13, -128      x13=00001f80 x13:00002000
15842916ns          260449 1c008c76 00379713 slli             x14, x15, 0x3       x14=00000008 x15:00000001
15842935ns          260450 1c008c7a 00279793 slli             x15, x15, 0x2       x15=00000004 x15:00000001
15842955ns          260451 1c008c7c 00d7f7b3 and              x15, x15, x13       x15=00000000 x15:00000004 x13:00001f80
15842975ns          260452 1c008c7e ee873733 p.bclr           x14, x14, 23, 8     x14=00000008 x14:00000008
15842995ns          260453 1c008c82 1a10f6b7 lui              x13, 0x1a10f000     x13=1a10f000
15843015ns          260454 1c008c86 0ff57513 andi             x10, x10, 255       x10=00000074 x10:00000074
15843035ns          260455 1c008c8a 00d70733 add              x14, x14, x13       x14=1a10f008 x14:00000008 x13:1a10f000
15843055ns          260456 1c008c8c 00a7e723 p.sw             x10, x0(x15)        x10:00000074 x15:00000000  PA:1a10f008
15843373ns          260472 1c008c90 00000513 addi             x10, x0, 0          x10=00000000
15843393ns          260473 1c008c92 00008067 jalr             x0, x1, 0            x1:1c008d62
15843453ns          260476 1c008d62 31f52563 p.beqimm         x10, 778            x10:00000000
15843472ns          260477 1c008d66 001d8d93 addi             x27, x27, 1         x27=00000014 x27:00000013
15843492ns          260478 1c008d68 00044503 lbu              x10, 0(x8)          x10=00000065  x8:1c000039  PA:1c000039
15843791ns          260493 1c008d6c 00140413 addi             x8, x8, 1            x8=1c00003a  x8:1c000039
15843811ns          260494 1c008d6e fe0514e3 bne              x10, x0, -24        x10:00000065
15843890ns          260498 1c008d56 02500793 addi             x15, x0, 37         x15=00000025
15843910ns          260499 1c008d5a 04f50863 beq              x10, x15, 80        x10:00000065 x15:00000025
15843930ns          260500 1c008d5e 01a005b3 add              x11, x0, x26        x11=00000002 x26:00000002
15843950ns          260501 1c008d60 000b00e7 jalr             x1, x22, 0           x1=1c008d62 x22:1c008c6c
15843990ns          260503 1c008c6c 000026b7 lui              x13, 0x2000         x13=00002000
15844010ns          260504 1c008c6e f14027f3 csrrs            x15, x0, 0xf14      x15=00000001
15844029ns          260505 1c008c72 f8068693 addi             x13, x13, -128      x13=00001f80 x13:00002000
15844049ns          260506 1c008c76 00379713 slli             x14, x15, 0x3       x14=00000008 x15:00000001
15844069ns          260507 1c008c7a 00279793 slli             x15, x15, 0x2       x15=00000004 x15:00000001
15844089ns          260508 1c008c7c 00d7f7b3 and              x15, x15, x13       x15=00000000 x15:00000004 x13:00001f80
15844109ns          260509 1c008c7e ee873733 p.bclr           x14, x14, 23, 8     x14=00000008 x14:00000008
15844129ns          260510 1c008c82 1a10f6b7 lui              x13, 0x1a10f000     x13=1a10f000
15844149ns          260511 1c008c86 0ff57513 andi             x10, x10, 255       x10=00000065 x10:00000065
15844169ns          260512 1c008c8a 00d70733 add              x14, x14, x13       x14=1a10f008 x14:00000008 x13:1a10f000
15844189ns          260513 1c008c8c 00a7e723 p.sw             x10, x0(x15)        x10:00000065 x15:00000000  PA:1a10f008
15844507ns          260529 1c008c90 00000513 addi             x10, x0, 0          x10=00000000
15844527ns          260530 1c008c92 00008067 jalr             x0, x1, 0            x1:1c008d62
15844586ns          260533 1c008d62 31f52563 p.beqimm         x10, 778            x10:00000000
15844606ns          260534 1c008d66 001d8d93 addi             x27, x27, 1         x27=00000015 x27:00000014
15844626ns          260535 1c008d68 00044503 lbu              x10, 0(x8)          x10=00000072  x8:1c00003a  PA:1c00003a
15844944ns          260551 1c008d6c 00140413 addi             x8, x8, 1            x8=1c00003b  x8:1c00003a
15844964ns          260552 1c008d6e fe0514e3 bne              x10, x0, -24        x10:00000072
15845044ns          260556 1c008d56 02500793 addi             x15, x0, 37         x15=00000025
15845064ns          260557 1c008d5a 04f50863 beq              x10, x15, 80        x10:00000072 x15:00000025
15845084ns          260558 1c008d5e 01a005b3 add              x11, x0, x26        x11=00000002 x26:00000002
15845104ns          260559 1c008d60 000b00e7 jalr             x1, x22, 0           x1=1c008d62 x22:1c008c6c
15845143ns          260561 1c008c6c 000026b7 lui              x13, 0x2000         x13=00002000
15845163ns          260562 1c008c6e f14027f3 csrrs            x15, x0, 0xf14      x15=00000001
15845183ns          260563 1c008c72 f8068693 addi             x13, x13, -128      x13=00001f80 x13:00002000
15845203ns          260564 1c008c76 00379713 slli             x14, x15, 0x3       x14=00000008 x15:00000001
15845223ns          260565 1c008c7a 00279793 slli             x15, x15, 0x2       x15=00000004 x15:00000001
15845243ns          260566 1c008c7c 00d7f7b3 and              x15, x15, x13       x15=00000000 x15:00000004 x13:00001f80
15845263ns          260567 1c008c7e ee873733 p.bclr           x14, x14, 23, 8     x14=00000008 x14:00000008
15845283ns          260568 1c008c82 1a10f6b7 lui              x13, 0x1a10f000     x13=1a10f000
15845302ns          260569 1c008c86 0ff57513 andi             x10, x10, 255       x10=00000072 x10:00000072
15845322ns          260570 1c008c8a 00d70733 add              x14, x14, x13       x14=1a10f008 x14:00000008 x13:1a10f000
15845342ns          260571 1c008c8c 00a7e723 p.sw             x10, x0(x15)        x10:00000072 x15:00000000  PA:1a10f008
15845660ns          260587 1c008c90 00000513 addi             x10, x0, 0          x10=00000000
15845680ns          260588 1c008c92 00008067 jalr             x0, x1, 0            x1:1c008d62
15845740ns          260591 1c008d62 31f52563 p.beqimm         x10, 778            x10:00000000
15845760ns          260592 1c008d66 001d8d93 addi             x27, x27, 1         x27=00000016 x27:00000015
15845780ns          260593 1c008d68 00044503 lbu              x10, 0(x8)          x10=00000061  x8:1c00003b  PA:1c00003b
15846078ns          260608 1c008d6c 00140413 addi             x8, x8, 1            x8=1c00003c  x8:1c00003b
15846098ns          260609 1c008d6e fe0514e3 bne              x10, x0, -24        x10:00000061
15846178ns          260613 1c008d56 02500793 addi             x15, x0, 37         x15=00000025
15846198ns          260614 1c008d5a 04f50863 beq              x10, x15, 80        x10:00000061 x15:00000025
15846217ns          260615 1c008d5e 01a005b3 add              x11, x0, x26        x11=00000002 x26:00000002
15846237ns          260616 1c008d60 000b00e7 jalr             x1, x22, 0           x1=1c008d62 x22:1c008c6c
15846277ns          260618 1c008c6c 000026b7 lui              x13, 0x2000         x13=00002000
15846297ns          260619 1c008c6e f14027f3 csrrs            x15, x0, 0xf14      x15=00000001
15846317ns          260620 1c008c72 f8068693 addi             x13, x13, -128      x13=00001f80 x13:00002000
15846337ns          260621 1c008c76 00379713 slli             x14, x15, 0x3       x14=00000008 x15:00000001
15846357ns          260622 1c008c7a 00279793 slli             x15, x15, 0x2       x15=00000004 x15:00000001
15846377ns          260623 1c008c7c 00d7f7b3 and              x15, x15, x13       x15=00000000 x15:00000004 x13:00001f80
15846396ns          260624 1c008c7e ee873733 p.bclr           x14, x14, 23, 8     x14=00000008 x14:00000008
15846416ns          260625 1c008c82 1a10f6b7 lui              x13, 0x1a10f000     x13=1a10f000
15846436ns          260626 1c008c86 0ff57513 andi             x10, x10, 255       x10=00000061 x10:00000061
15846456ns          260627 1c008c8a 00d70733 add              x14, x14, x13       x14=1a10f008 x14:00000008 x13:1a10f000
15846476ns          260628 1c008c8c 00a7e723 p.sw             x10, x0(x15)        x10:00000061 x15:00000000  PA:1a10f008
15846794ns          260644 1c008c90 00000513 addi             x10, x0, 0          x10=00000000
15846814ns          260645 1c008c92 00008067 jalr             x0, x1, 0            x1:1c008d62
15846874ns          260648 1c008d62 31f52563 p.beqimm         x10, 778            x10:00000000
15846894ns          260649 1c008d66 001d8d93 addi             x27, x27, 1         x27=00000017 x27:00000016
15846914ns          260650 1c008d68 00044503 lbu              x10, 0(x8)          x10=00000074  x8:1c00003c  PA:1c00003c
15847212ns          260665 1c008d6c 00140413 addi             x8, x8, 1            x8=1c00003d  x8:1c00003c
15847232ns          260666 1c008d6e fe0514e3 bne              x10, x0, -24        x10:00000074
15847311ns          260670 1c008d56 02500793 addi             x15, x0, 37         x15=00000025
15847331ns          260671 1c008d5a 04f50863 beq              x10, x15, 80        x10:00000074 x15:00000025
15847351ns          260672 1c008d5e 01a005b3 add              x11, x0, x26        x11=00000002 x26:00000002
15847371ns          260673 1c008d60 000b00e7 jalr             x1, x22, 0           x1=1c008d62 x22:1c008c6c
15847411ns          260675 1c008c6c 000026b7 lui              x13, 0x2000         x13=00002000
15847431ns          260676 1c008c6e f14027f3 csrrs            x15, x0, 0xf14      x15=00000001
15847451ns          260677 1c008c72 f8068693 addi             x13, x13, -128      x13=00001f80 x13:00002000
15847471ns          260678 1c008c76 00379713 slli             x14, x15, 0x3       x14=00000008 x15:00000001
15847490ns          260679 1c008c7a 00279793 slli             x15, x15, 0x2       x15=00000004 x15:00000001
15847510ns          260680 1c008c7c 00d7f7b3 and              x15, x15, x13       x15=00000000 x15:00000004 x13:00001f80
15847530ns          260681 1c008c7e ee873733 p.bclr           x14, x14, 23, 8     x14=00000008 x14:00000008
15847550ns          260682 1c008c82 1a10f6b7 lui              x13, 0x1a10f000     x13=1a10f000
15847570ns          260683 1c008c86 0ff57513 andi             x10, x10, 255       x10=00000074 x10:00000074
15847590ns          260684 1c008c8a 00d70733 add              x14, x14, x13       x14=1a10f008 x14:00000008 x13:1a10f000
15847610ns          260685 1c008c8c 00a7e723 p.sw             x10, x0(x15)        x10:00000074 x15:00000000  PA:1a10f008
15847928ns          260701 1c008c90 00000513 addi             x10, x0, 0          x10=00000000
15847948ns          260702 1c008c92 00008067 jalr             x0, x1, 0            x1:1c008d62
15848008ns          260705 1c008d62 31f52563 p.beqimm         x10, 778            x10:00000000
15848027ns          260706 1c008d66 001d8d93 addi             x27, x27, 1         x27=00000018 x27:00000017
15848047ns          260707 1c008d68 00044503 lbu              x10, 0(x8)          x10=00000069  x8:1c00003d  PA:1c00003d
15848366ns          260723 1c008d6c 00140413 addi             x8, x8, 1            x8=1c00003e  x8:1c00003d
15848386ns          260724 1c008d6e fe0514e3 bne              x10, x0, -24        x10:00000069
15848465ns          260728 1c008d56 02500793 addi             x15, x0, 37         x15=00000025
15848485ns          260729 1c008d5a 04f50863 beq              x10, x15, 80        x10:00000069 x15:00000025
15848505ns          260730 1c008d5e 01a005b3 add              x11, x0, x26        x11=00000002 x26:00000002
15848525ns          260731 1c008d60 000b00e7 jalr             x1, x22, 0           x1=1c008d62 x22:1c008c6c
15848565ns          260733 1c008c6c 000026b7 lui              x13, 0x2000         x13=00002000
15848584ns          260734 1c008c6e f14027f3 csrrs            x15, x0, 0xf14      x15=00000001
15848604ns          260735 1c008c72 f8068693 addi             x13, x13, -128      x13=00001f80 x13:00002000
15848624ns          260736 1c008c76 00379713 slli             x14, x15, 0x3       x14=00000008 x15:00000001
15848644ns          260737 1c008c7a 00279793 slli             x15, x15, 0x2       x15=00000004 x15:00000001
15848664ns          260738 1c008c7c 00d7f7b3 and              x15, x15, x13       x15=00000000 x15:00000004 x13:00001f80
15848684ns          260739 1c008c7e ee873733 p.bclr           x14, x14, 23, 8     x14=00000008 x14:00000008
15848704ns          260740 1c008c82 1a10f6b7 lui              x13, 0x1a10f000     x13=1a10f000
15848724ns          260741 1c008c86 0ff57513 andi             x10, x10, 255       x10=00000069 x10:00000069
15848744ns          260742 1c008c8a 00d70733 add              x14, x14, x13       x14=1a10f008 x14:00000008 x13:1a10f000
15848763ns          260743 1c008c8c 00a7e723 p.sw             x10, x0(x15)        x10:00000069 x15:00000000  PA:1a10f008
15849082ns          260759 1c008c90 00000513 addi             x10, x0, 0          x10=00000000
15849102ns          260760 1c008c92 00008067 jalr             x0, x1, 0            x1:1c008d62
15849161ns          260763 1c008d62 31f52563 p.beqimm         x10, 778            x10:00000000
15849181ns          260764 1c008d66 001d8d93 addi             x27, x27, 1         x27=00000019 x27:00000018
15849201ns          260765 1c008d68 00044503 lbu              x10, 0(x8)          x10=0000006f  x8:1c00003e  PA:1c00003e
15849499ns          260780 1c008d6c 00140413 addi             x8, x8, 1            x8=1c00003f  x8:1c00003e
15849519ns          260781 1c008d6e fe0514e3 bne              x10, x0, -24        x10:0000006f
15849599ns          260785 1c008d56 02500793 addi             x15, x0, 37         x15=00000025
15849619ns          260786 1c008d5a 04f50863 beq              x10, x15, 80        x10:0000006f x15:00000025
15849639ns          260787 1c008d5e 01a005b3 add              x11, x0, x26        x11=00000002 x26:00000002
15849659ns          260788 1c008d60 000b00e7 jalr             x1, x22, 0           x1=1c008d62 x22:1c008c6c
15849698ns          260790 1c008c6c 000026b7 lui              x13, 0x2000         x13=00002000
15849718ns          260791 1c008c6e f14027f3 csrrs            x15, x0, 0xf14      x15=00000001
15849738ns          260792 1c008c72 f8068693 addi             x13, x13, -128      x13=00001f80 x13:00002000
15849758ns          260793 1c008c76 00379713 slli             x14, x15, 0x3       x14=00000008 x15:00000001
15849778ns          260794 1c008c7a 00279793 slli             x15, x15, 0x2       x15=00000004 x15:00000001
15849798ns          260795 1c008c7c 00d7f7b3 and              x15, x15, x13       x15=00000000 x15:00000004 x13:00001f80
15849818ns          260796 1c008c7e ee873733 p.bclr           x14, x14, 23, 8     x14=00000008 x14:00000008
15849838ns          260797 1c008c82 1a10f6b7 lui              x13, 0x1a10f000     x13=1a10f000
15849857ns          260798 1c008c86 0ff57513 andi             x10, x10, 255       x10=0000006f x10:0000006f
15849877ns          260799 1c008c8a 00d70733 add              x14, x14, x13       x14=1a10f008 x14:00000008 x13:1a10f000
15849897ns          260800 1c008c8c 00a7e723 p.sw             x10, x0(x15)        x10:0000006f x15:00000000  PA:1a10f008
15850235ns          260817 1c008c90 00000513 addi             x10, x0, 0          x10=00000000
15850255ns          260818 1c008c92 00008067 jalr             x0, x1, 0            x1:1c008d62
15850315ns          260821 1c008d62 31f52563 p.beqimm         x10, 778            x10:00000000
15850335ns          260822 1c008d66 001d8d93 addi             x27, x27, 1         x27=0000001a x27:00000019
15850355ns          260823 1c008d68 00044503 lbu              x10, 0(x8)          x10=0000006e  x8:1c00003f  PA:1c00003f
15850653ns          260838 1c008d6c 00140413 addi             x8, x8, 1            x8=1c000040  x8:1c00003f
15850673ns          260839 1c008d6e fe0514e3 bne              x10, x0, -24        x10:0000006e
15850753ns          260843 1c008d56 02500793 addi             x15, x0, 37         x15=00000025
15850772ns          260844 1c008d5a 04f50863 beq              x10, x15, 80        x10:0000006e x15:00000025
15850792ns          260845 1c008d5e 01a005b3 add              x11, x0, x26        x11=00000002 x26:00000002
15850812ns          260846 1c008d60 000b00e7 jalr             x1, x22, 0           x1=1c008d62 x22:1c008c6c
15850852ns          260848 1c008c6c 000026b7 lui              x13, 0x2000         x13=00002000
15850872ns          260849 1c008c6e f14027f3 csrrs            x15, x0, 0xf14      x15=00000001
15850892ns          260850 1c008c72 f8068693 addi             x13, x13, -128      x13=00001f80 x13:00002000
15850912ns          260851 1c008c76 00379713 slli             x14, x15, 0x3       x14=00000008 x15:00000001
15850932ns          260852 1c008c7a 00279793 slli             x15, x15, 0x2       x15=00000004 x15:00000001
15850951ns          260853 1c008c7c 00d7f7b3 and              x15, x15, x13       x15=00000000 x15:00000004 x13:00001f80
15850971ns          260854 1c008c7e ee873733 p.bclr           x14, x14, 23, 8     x14=00000008 x14:00000008
15850991ns          260855 1c008c82 1a10f6b7 lui              x13, 0x1a10f000     x13=1a10f000
15851011ns          260856 1c008c86 0ff57513 andi             x10, x10, 255       x10=0000006e x10:0000006e
15851031ns          260857 1c008c8a 00d70733 add              x14, x14, x13       x14=1a10f008 x14:00000008 x13:1a10f000
15851051ns          260858 1c008c8c 00a7e723 p.sw             x10, x0(x15)        x10:0000006e x15:00000000  PA:1a10f008
15851369ns          260874 1c008c90 00000513 addi             x10, x0, 0          x10=00000000
15851389ns          260875 1c008c92 00008067 jalr             x0, x1, 0            x1:1c008d62
15851449ns          260878 1c008d62 31f52563 p.beqimm         x10, 778            x10:00000000
15851469ns          260879 1c008d66 001d8d93 addi             x27, x27, 1         x27=0000001b x27:0000001a
15851488ns          260880 1c008d68 00044503 lbu              x10, 0(x8)          x10=00000073  x8:1c000040  PA:1c000040
15851787ns          260895 1c008d6c 00140413 addi             x8, x8, 1            x8=1c000041  x8:1c000040
15851807ns          260896 1c008d6e fe0514e3 bne              x10, x0, -24        x10:00000073
15851886ns          260900 1c008d56 02500793 addi             x15, x0, 37         x15=00000025
15851906ns          260901 1c008d5a 04f50863 beq              x10, x15, 80        x10:00000073 x15:00000025
15851926ns          260902 1c008d5e 01a005b3 add              x11, x0, x26        x11=00000002 x26:00000002
15851946ns          260903 1c008d60 000b00e7 jalr             x1, x22, 0           x1=1c008d62 x22:1c008c6c
15851986ns          260905 1c008c6c 000026b7 lui              x13, 0x2000         x13=00002000
15852006ns          260906 1c008c6e f14027f3 csrrs            x15, x0, 0xf14      x15=00000001
15852026ns          260907 1c008c72 f8068693 addi             x13, x13, -128      x13=00001f80 x13:00002000
15852045ns          260908 1c008c76 00379713 slli             x14, x15, 0x3       x14=00000008 x15:00000001
15852065ns          260909 1c008c7a 00279793 slli             x15, x15, 0x2       x15=00000004 x15:00000001
15852085ns          260910 1c008c7c 00d7f7b3 and              x15, x15, x13       x15=00000000 x15:00000004 x13:00001f80
15852105ns          260911 1c008c7e ee873733 p.bclr           x14, x14, 23, 8     x14=00000008 x14:00000008
15852125ns          260912 1c008c82 1a10f6b7 lui              x13, 0x1a10f000     x13=1a10f000
15852145ns          260913 1c008c86 0ff57513 andi             x10, x10, 255       x10=00000073 x10:00000073
15852165ns          260914 1c008c8a 00d70733 add              x14, x14, x13       x14=1a10f008 x14:00000008 x13:1a10f000
15852185ns          260915 1c008c8c 00a7e723 p.sw             x10, x0(x15)        x10:00000073 x15:00000000  PA:1a10f008
15852503ns          260931 1c008c90 00000513 addi             x10, x0, 0          x10=00000000
15852523ns          260932 1c008c92 00008067 jalr             x0, x1, 0            x1:1c008d62
15852582ns          260935 1c008d62 31f52563 p.beqimm         x10, 778            x10:00000000
15852602ns          260936 1c008d66 001d8d93 addi             x27, x27, 1         x27=0000001c x27:0000001b
15852622ns          260937 1c008d68 00044503 lbu              x10, 0(x8)          x10=0000002e  x8:1c000041  PA:1c000041
15852940ns          260953 1c008d6c 00140413 addi             x8, x8, 1            x8=1c000042  x8:1c000041
15852960ns          260954 1c008d6e fe0514e3 bne              x10, x0, -24        x10:0000002e
15853040ns          260958 1c008d56 02500793 addi             x15, x0, 37         x15=00000025
15853060ns          260959 1c008d5a 04f50863 beq              x10, x15, 80        x10:0000002e x15:00000025
15853080ns          260960 1c008d5e 01a005b3 add              x11, x0, x26        x11=00000002 x26:00000002
15853100ns          260961 1c008d60 000b00e7 jalr             x1, x22, 0           x1=1c008d62 x22:1c008c6c
15853139ns          260963 1c008c6c 000026b7 lui              x13, 0x2000         x13=00002000
15853159ns          260964 1c008c6e f14027f3 csrrs            x15, x0, 0xf14      x15=00000001
15853179ns          260965 1c008c72 f8068693 addi             x13, x13, -128      x13=00001f80 x13:00002000
15853199ns          260966 1c008c76 00379713 slli             x14, x15, 0x3       x14=00000008 x15:00000001
15853219ns          260967 1c008c7a 00279793 slli             x15, x15, 0x2       x15=00000004 x15:00000001
15853239ns          260968 1c008c7c 00d7f7b3 and              x15, x15, x13       x15=00000000 x15:00000004 x13:00001f80
15853259ns          260969 1c008c7e ee873733 p.bclr           x14, x14, 23, 8     x14=00000008 x14:00000008
15853279ns          260970 1c008c82 1a10f6b7 lui              x13, 0x1a10f000     x13=1a10f000
15853299ns          260971 1c008c86 0ff57513 andi             x10, x10, 255       x10=0000002e x10:0000002e
15853318ns          260972 1c008c8a 00d70733 add              x14, x14, x13       x14=1a10f008 x14:00000008 x13:1a10f000
15853338ns          260973 1c008c8c 00a7e723 p.sw             x10, x0(x15)        x10:0000002e x15:00000000  PA:1a10f008
15853657ns          260989 1c008c90 00000513 addi             x10, x0, 0          x10=00000000
15853676ns          260990 1c008c92 00008067 jalr             x0, x1, 0            x1:1c008d62
15853736ns          260993 1c008d62 31f52563 p.beqimm         x10, 778            x10:00000000
15853756ns          260994 1c008d66 001d8d93 addi             x27, x27, 1         x27=0000001d x27:0000001c
15853776ns          260995 1c008d68 00044503 lbu              x10, 0(x8)          x10=0000002e  x8:1c000042  PA:1c000042
15854074ns          261010 1c008d6c 00140413 addi             x8, x8, 1            x8=1c000043  x8:1c000042
15854094ns          261011 1c008d6e fe0514e3 bne              x10, x0, -24        x10:0000002e
15854174ns          261015 1c008d56 02500793 addi             x15, x0, 37         x15=00000025
15854194ns          261016 1c008d5a 04f50863 beq              x10, x15, 80        x10:0000002e x15:00000025
15854213ns          261017 1c008d5e 01a005b3 add              x11, x0, x26        x11=00000002 x26:00000002
15854233ns          261018 1c008d60 000b00e7 jalr             x1, x22, 0           x1=1c008d62 x22:1c008c6c
15854273ns          261020 1c008c6c 000026b7 lui              x13, 0x2000         x13=00002000
15854293ns          261021 1c008c6e f14027f3 csrrs            x15, x0, 0xf14      x15=00000001
15854313ns          261022 1c008c72 f8068693 addi             x13, x13, -128      x13=00001f80 x13:00002000
15854333ns          261023 1c008c76 00379713 slli             x14, x15, 0x3       x14=00000008 x15:00000001
15854353ns          261024 1c008c7a 00279793 slli             x15, x15, 0x2       x15=00000004 x15:00000001
15854373ns          261025 1c008c7c 00d7f7b3 and              x15, x15, x13       x15=00000000 x15:00000004 x13:00001f80
15854393ns          261026 1c008c7e ee873733 p.bclr           x14, x14, 23, 8     x14=00000008 x14:00000008
15854412ns          261027 1c008c82 1a10f6b7 lui              x13, 0x1a10f000     x13=1a10f000
15854432ns          261028 1c008c86 0ff57513 andi             x10, x10, 255       x10=0000002e x10:0000002e
15854452ns          261029 1c008c8a 00d70733 add              x14, x14, x13       x14=1a10f008 x14:00000008 x13:1a10f000
15854472ns          261030 1c008c8c 00a7e723 p.sw             x10, x0(x15)        x10:0000002e x15:00000000  PA:1a10f008
15854790ns          261046 1c008c90 00000513 addi             x10, x0, 0          x10=00000000
15854810ns          261047 1c008c92 00008067 jalr             x0, x1, 0            x1:1c008d62
15854870ns          261050 1c008d62 31f52563 p.beqimm         x10, 778            x10:00000000
15854890ns          261051 1c008d66 001d8d93 addi             x27, x27, 1         x27=0000001e x27:0000001d
15854910ns          261052 1c008d68 00044503 lbu              x10, 0(x8)          x10=0000002e  x8:1c000043  PA:1c000043
15855208ns          261067 1c008d6c 00140413 addi             x8, x8, 1            x8=1c000044  x8:1c000043
15855228ns          261068 1c008d6e fe0514e3 bne              x10, x0, -24        x10:0000002e
15855307ns          261072 1c008d56 02500793 addi             x15, x0, 37         x15=00000025
15855327ns          261073 1c008d5a 04f50863 beq              x10, x15, 80        x10:0000002e x15:00000025
15855347ns          261074 1c008d5e 01a005b3 add              x11, x0, x26        x11=00000002 x26:00000002
15855367ns          261075 1c008d60 000b00e7 jalr             x1, x22, 0           x1=1c008d62 x22:1c008c6c
15855407ns          261077 1c008c6c 000026b7 lui              x13, 0x2000         x13=00002000
15855427ns          261078 1c008c6e f14027f3 csrrs            x15, x0, 0xf14      x15=00000001
15855447ns          261079 1c008c72 f8068693 addi             x13, x13, -128      x13=00001f80 x13:00002000
15855467ns          261080 1c008c76 00379713 slli             x14, x15, 0x3       x14=00000008 x15:00000001
15855487ns          261081 1c008c7a 00279793 slli             x15, x15, 0x2       x15=00000004 x15:00000001
15855506ns          261082 1c008c7c 00d7f7b3 and              x15, x15, x13       x15=00000000 x15:00000004 x13:00001f80
15855526ns          261083 1c008c7e ee873733 p.bclr           x14, x14, 23, 8     x14=00000008 x14:00000008
15855546ns          261084 1c008c82 1a10f6b7 lui              x13, 0x1a10f000     x13=1a10f000
15855566ns          261085 1c008c86 0ff57513 andi             x10, x10, 255       x10=0000002e x10:0000002e
15855586ns          261086 1c008c8a 00d70733 add              x14, x14, x13       x14=1a10f008 x14:00000008 x13:1a10f000
15855606ns          261087 1c008c8c 00a7e723 p.sw             x10, x0(x15)        x10:0000002e x15:00000000  PA:1a10f008
15855924ns          261103 1c008c90 00000513 addi             x10, x0, 0          x10=00000000
15855944ns          261104 1c008c92 00008067 jalr             x0, x1, 0            x1:1c008d62
15856004ns          261107 1c008d62 31f52563 p.beqimm         x10, 778            x10:00000000
15856024ns          261108 1c008d66 001d8d93 addi             x27, x27, 1         x27=0000001f x27:0000001e
15856043ns          261109 1c008d68 00044503 lbu              x10, 0(x8)          x10=00000020  x8:1c000044  PA:1c000044
15856362ns          261125 1c008d6c 00140413 addi             x8, x8, 1            x8=1c000045  x8:1c000044
15856382ns          261126 1c008d6e fe0514e3 bne              x10, x0, -24        x10:00000020
15856461ns          261130 1c008d56 02500793 addi             x15, x0, 37         x15=00000025
15856481ns          261131 1c008d5a 04f50863 beq              x10, x15, 80        x10:00000020 x15:00000025
15856501ns          261132 1c008d5e 01a005b3 add              x11, x0, x26        x11=00000002 x26:00000002
15856521ns          261133 1c008d60 000b00e7 jalr             x1, x22, 0           x1=1c008d62 x22:1c008c6c
15856561ns          261135 1c008c6c 000026b7 lui              x13, 0x2000         x13=00002000
15856580ns          261136 1c008c6e f14027f3 csrrs            x15, x0, 0xf14      x15=00000001
15856600ns          261137 1c008c72 f8068693 addi             x13, x13, -128      x13=00001f80 x13:00002000
15856620ns          261138 1c008c76 00379713 slli             x14, x15, 0x3       x14=00000008 x15:00000001
15856640ns          261139 1c008c7a 00279793 slli             x15, x15, 0x2       x15=00000004 x15:00000001
15856660ns          261140 1c008c7c 00d7f7b3 and              x15, x15, x13       x15=00000000 x15:00000004 x13:00001f80
15856680ns          261141 1c008c7e ee873733 p.bclr           x14, x14, 23, 8     x14=00000008 x14:00000008
15856700ns          261142 1c008c82 1a10f6b7 lui              x13, 0x1a10f000     x13=1a10f000
15856720ns          261143 1c008c86 0ff57513 andi             x10, x10, 255       x10=00000020 x10:00000020
15856740ns          261144 1c008c8a 00d70733 add              x14, x14, x13       x14=1a10f008 x14:00000008 x13:1a10f000
15856760ns          261145 1c008c8c 00a7e723 p.sw             x10, x0(x15)        x10:00000020 x15:00000000  PA:1a10f008
15857078ns          261161 1c008c90 00000513 addi             x10, x0, 0          x10=00000000
15857098ns          261162 1c008c92 00008067 jalr             x0, x1, 0            x1:1c008d62
15857157ns          261165 1c008d62 31f52563 p.beqimm         x10, 778            x10:00000000
15857177ns          261166 1c008d66 001d8d93 addi             x27, x27, 1         x27=00000020 x27:0000001f
15857197ns          261167 1c008d68 00044503 lbu              x10, 0(x8)          x10=00000028  x8:1c000045  PA:1c000045
15857495ns          261182 1c008d6c 00140413 addi             x8, x8, 1            x8=1c000046  x8:1c000045
15857515ns          261183 1c008d6e fe0514e3 bne              x10, x0, -24        x10:00000028
15857595ns          261187 1c008d56 02500793 addi             x15, x0, 37         x15=00000025
15857615ns          261188 1c008d5a 04f50863 beq              x10, x15, 80        x10:00000028 x15:00000025
15857635ns          261189 1c008d5e 01a005b3 add              x11, x0, x26        x11=00000002 x26:00000002
15857655ns          261190 1c008d60 000b00e7 jalr             x1, x22, 0           x1=1c008d62 x22:1c008c6c
15857694ns          261192 1c008c6c 000026b7 lui              x13, 0x2000         x13=00002000
15857714ns          261193 1c008c6e f14027f3 csrrs            x15, x0, 0xf14      x15=00000001
15857734ns          261194 1c008c72 f8068693 addi             x13, x13, -128      x13=00001f80 x13:00002000
15857754ns          261195 1c008c76 00379713 slli             x14, x15, 0x3       x14=00000008 x15:00000001
15857774ns          261196 1c008c7a 00279793 slli             x15, x15, 0x2       x15=00000004 x15:00000001
15857794ns          261197 1c008c7c 00d7f7b3 and              x15, x15, x13       x15=00000000 x15:00000004 x13:00001f80
15857814ns          261198 1c008c7e ee873733 p.bclr           x14, x14, 23, 8     x14=00000008 x14:00000008
15857834ns          261199 1c008c82 1a10f6b7 lui              x13, 0x1a10f000     x13=1a10f000
15857854ns          261200 1c008c86 0ff57513 andi             x10, x10, 255       x10=00000028 x10:00000028
15857873ns          261201 1c008c8a 00d70733 add              x14, x14, x13       x14=1a10f008 x14:00000008 x13:1a10f000
15857893ns          261202 1c008c8c 00a7e723 p.sw             x10, x0(x15)        x10:00000028 x15:00000000  PA:1a10f008
15858231ns          261219 1c008c90 00000513 addi             x10, x0, 0          x10=00000000
15858251ns          261220 1c008c92 00008067 jalr             x0, x1, 0            x1:1c008d62
15858311ns          261223 1c008d62 31f52563 p.beqimm         x10, 778            x10:00000000
15858331ns          261224 1c008d66 001d8d93 addi             x27, x27, 1         x27=00000021 x27:00000020
15858351ns          261225 1c008d68 00044503 lbu              x10, 0(x8)          x10=00000063  x8:1c000046  PA:1c000046
15858649ns          261240 1c008d6c 00140413 addi             x8, x8, 1            x8=1c000047  x8:1c000046
15858669ns          261241 1c008d6e fe0514e3 bne              x10, x0, -24        x10:00000063
15858749ns          261245 1c008d56 02500793 addi             x15, x0, 37         x15=00000025
15858768ns          261246 1c008d5a 04f50863 beq              x10, x15, 80        x10:00000063 x15:00000025
15858788ns          261247 1c008d5e 01a005b3 add              x11, x0, x26        x11=00000002 x26:00000002
15858808ns          261248 1c008d60 000b00e7 jalr             x1, x22, 0           x1=1c008d62 x22:1c008c6c
15858848ns          261250 1c008c6c 000026b7 lui              x13, 0x2000         x13=00002000
15858868ns          261251 1c008c6e f14027f3 csrrs            x15, x0, 0xf14      x15=00000001
15858888ns          261252 1c008c72 f8068693 addi             x13, x13, -128      x13=00001f80 x13:00002000
15858908ns          261253 1c008c76 00379713 slli             x14, x15, 0x3       x14=00000008 x15:00000001
15858928ns          261254 1c008c7a 00279793 slli             x15, x15, 0x2       x15=00000004 x15:00000001
15858947ns          261255 1c008c7c 00d7f7b3 and              x15, x15, x13       x15=00000000 x15:00000004 x13:00001f80
15858967ns          261256 1c008c7e ee873733 p.bclr           x14, x14, 23, 8     x14=00000008 x14:00000008
15858987ns          261257 1c008c82 1a10f6b7 lui              x13, 0x1a10f000     x13=1a10f000
15859007ns          261258 1c008c86 0ff57513 andi             x10, x10, 255       x10=00000063 x10:00000063
15859027ns          261259 1c008c8a 00d70733 add              x14, x14, x13       x14=1a10f008 x14:00000008 x13:1a10f000
15859047ns          261260 1c008c8c 00a7e723 p.sw             x10, x0(x15)        x10:00000063 x15:00000000  PA:1a10f008
15859365ns          261276 1c008c90 00000513 addi             x10, x0, 0          x10=00000000
15859385ns          261277 1c008c92 00008067 jalr             x0, x1, 0            x1:1c008d62
15859445ns          261280 1c008d62 31f52563 p.beqimm         x10, 778            x10:00000000
15859465ns          261281 1c008d66 001d8d93 addi             x27, x27, 1         x27=00000022 x27:00000021
15859485ns          261282 1c008d68 00044503 lbu              x10, 0(x8)          x10=0000006f  x8:1c000047  PA:1c000047
15859783ns          261297 1c008d6c 00140413 addi             x8, x8, 1            x8=1c000048  x8:1c000047
15859803ns          261298 1c008d6e fe0514e3 bne              x10, x0, -24        x10:0000006f
15859882ns          261302 1c008d56 02500793 addi             x15, x0, 37         x15=00000025
15859902ns          261303 1c008d5a 04f50863 beq              x10, x15, 80        x10:0000006f x15:00000025
15859922ns          261304 1c008d5e 01a005b3 add              x11, x0, x26        x11=00000002 x26:00000002
15859942ns          261305 1c008d60 000b00e7 jalr             x1, x22, 0           x1=1c008d62 x22:1c008c6c
15859982ns          261307 1c008c6c 000026b7 lui              x13, 0x2000         x13=00002000
15860002ns          261308 1c008c6e f14027f3 csrrs            x15, x0, 0xf14      x15=00000001
15860022ns          261309 1c008c72 f8068693 addi             x13, x13, -128      x13=00001f80 x13:00002000
15860041ns          261310 1c008c76 00379713 slli             x14, x15, 0x3       x14=00000008 x15:00000001
15860061ns          261311 1c008c7a 00279793 slli             x15, x15, 0x2       x15=00000004 x15:00000001
15860081ns          261312 1c008c7c 00d7f7b3 and              x15, x15, x13       x15=00000000 x15:00000004 x13:00001f80
15860101ns          261313 1c008c7e ee873733 p.bclr           x14, x14, 23, 8     x14=00000008 x14:00000008
15860121ns          261314 1c008c82 1a10f6b7 lui              x13, 0x1a10f000     x13=1a10f000
15860141ns          261315 1c008c86 0ff57513 andi             x10, x10, 255       x10=0000006f x10:0000006f
15860161ns          261316 1c008c8a 00d70733 add              x14, x14, x13       x14=1a10f008 x14:00000008 x13:1a10f000
15860181ns          261317 1c008c8c 00a7e723 p.sw             x10, x0(x15)        x10:0000006f x15:00000000  PA:1a10f008
15860499ns          261333 1c008c90 00000513 addi             x10, x0, 0          x10=00000000
15860519ns          261334 1c008c92 00008067 jalr             x0, x1, 0            x1:1c008d62
15860579ns          261337 1c008d62 31f52563 p.beqimm         x10, 778            x10:00000000
15860598ns          261338 1c008d66 001d8d93 addi             x27, x27, 1         x27=00000023 x27:00000022
15860618ns          261339 1c008d68 00044503 lbu              x10, 0(x8)          x10=00000072  x8:1c000048  PA:1c000048
15860937ns          261355 1c008d6c 00140413 addi             x8, x8, 1            x8=1c000049  x8:1c000048
15860956ns          261356 1c008d6e fe0514e3 bne              x10, x0, -24        x10:00000072
15861036ns          261360 1c008d56 02500793 addi             x15, x0, 37         x15=00000025
15861056ns          261361 1c008d5a 04f50863 beq              x10, x15, 80        x10:00000072 x15:00000025
15861076ns          261362 1c008d5e 01a005b3 add              x11, x0, x26        x11=00000002 x26:00000002
15861096ns          261363 1c008d60 000b00e7 jalr             x1, x22, 0           x1=1c008d62 x22:1c008c6c
15861135ns          261365 1c008c6c 000026b7 lui              x13, 0x2000         x13=00002000
15861155ns          261366 1c008c6e f14027f3 csrrs            x15, x0, 0xf14      x15=00000001
15861175ns          261367 1c008c72 f8068693 addi             x13, x13, -128      x13=00001f80 x13:00002000
15861195ns          261368 1c008c76 00379713 slli             x14, x15, 0x3       x14=00000008 x15:00000001
15861215ns          261369 1c008c7a 00279793 slli             x15, x15, 0x2       x15=00000004 x15:00000001
15861235ns          261370 1c008c7c 00d7f7b3 and              x15, x15, x13       x15=00000000 x15:00000004 x13:00001f80
15861255ns          261371 1c008c7e ee873733 p.bclr           x14, x14, 23, 8     x14=00000008 x14:00000008
15861275ns          261372 1c008c82 1a10f6b7 lui              x13, 0x1a10f000     x13=1a10f000
15861295ns          261373 1c008c86 0ff57513 andi             x10, x10, 255       x10=00000072 x10:00000072
15861314ns          261374 1c008c8a 00d70733 add              x14, x14, x13       x14=1a10f008 x14:00000008 x13:1a10f000
15861334ns          261375 1c008c8c 00a7e723 p.sw             x10, x0(x15)        x10:00000072 x15:00000000  PA:1a10f008
15861653ns          261391 1c008c90 00000513 addi             x10, x0, 0          x10=00000000
15861673ns          261392 1c008c92 00008067 jalr             x0, x1, 0            x1:1c008d62
15861732ns          261395 1c008d62 31f52563 p.beqimm         x10, 778            x10:00000000
15861752ns          261396 1c008d66 001d8d93 addi             x27, x27, 1         x27=00000024 x27:00000023
15861772ns          261397 1c008d68 00044503 lbu              x10, 0(x8)          x10=00000065  x8:1c000049  PA:1c000049
15862070ns          261412 1c008d6c 00140413 addi             x8, x8, 1            x8=1c00004a  x8:1c000049
15862090ns          261413 1c008d6e fe0514e3 bne              x10, x0, -24        x10:00000065
15862170ns          261417 1c008d56 02500793 addi             x15, x0, 37         x15=00000025
15862190ns          261418 1c008d5a 04f50863 beq              x10, x15, 80        x10:00000065 x15:00000025
15862210ns          261419 1c008d5e 01a005b3 add              x11, x0, x26        x11=00000002 x26:00000002
15862229ns          261420 1c008d60 000b00e7 jalr             x1, x22, 0           x1=1c008d62 x22:1c008c6c
15862269ns          261422 1c008c6c 000026b7 lui              x13, 0x2000         x13=00002000
15862289ns          261423 1c008c6e f14027f3 csrrs            x15, x0, 0xf14      x15=00000001
15862309ns          261424 1c008c72 f8068693 addi             x13, x13, -128      x13=00001f80 x13:00002000
15862329ns          261425 1c008c76 00379713 slli             x14, x15, 0x3       x14=00000008 x15:00000001
15862349ns          261426 1c008c7a 00279793 slli             x15, x15, 0x2       x15=00000004 x15:00000001
15862369ns          261427 1c008c7c 00d7f7b3 and              x15, x15, x13       x15=00000000 x15:00000004 x13:00001f80
15862389ns          261428 1c008c7e ee873733 p.bclr           x14, x14, 23, 8     x14=00000008 x14:00000008
15862408ns          261429 1c008c82 1a10f6b7 lui              x13, 0x1a10f000     x13=1a10f000
15862428ns          261430 1c008c86 0ff57513 andi             x10, x10, 255       x10=00000065 x10:00000065
15862448ns          261431 1c008c8a 00d70733 add              x14, x14, x13       x14=1a10f008 x14:00000008 x13:1a10f000
15862468ns          261432 1c008c8c 00a7e723 p.sw             x10, x0(x15)        x10:00000065 x15:00000000  PA:1a10f008
15862786ns          261448 1c008c90 00000513 addi             x10, x0, 0          x10=00000000
15862806ns          261449 1c008c92 00008067 jalr             x0, x1, 0            x1:1c008d62
15862866ns          261452 1c008d62 31f52563 p.beqimm         x10, 778            x10:00000000
15862886ns          261453 1c008d66 001d8d93 addi             x27, x27, 1         x27=00000025 x27:00000024
15862906ns          261454 1c008d68 00044503 lbu              x10, 0(x8)          x10=00000069  x8:1c00004a  PA:1c00004a
15863204ns          261469 1c008d6c 00140413 addi             x8, x8, 1            x8=1c00004b  x8:1c00004a
15863224ns          261470 1c008d6e fe0514e3 bne              x10, x0, -24        x10:00000069
15863304ns          261474 1c008d56 02500793 addi             x15, x0, 37         x15=00000025
15863323ns          261475 1c008d5a 04f50863 beq              x10, x15, 80        x10:00000069 x15:00000025
15863343ns          261476 1c008d5e 01a005b3 add              x11, x0, x26        x11=00000002 x26:00000002
15863363ns          261477 1c008d60 000b00e7 jalr             x1, x22, 0           x1=1c008d62 x22:1c008c6c
15863403ns          261479 1c008c6c 000026b7 lui              x13, 0x2000         x13=00002000
15863423ns          261480 1c008c6e f14027f3 csrrs            x15, x0, 0xf14      x15=00000001
15863443ns          261481 1c008c72 f8068693 addi             x13, x13, -128      x13=00001f80 x13:00002000
15863463ns          261482 1c008c76 00379713 slli             x14, x15, 0x3       x14=00000008 x15:00000001
15863483ns          261483 1c008c7a 00279793 slli             x15, x15, 0x2       x15=00000004 x15:00000001
15863502ns          261484 1c008c7c 00d7f7b3 and              x15, x15, x13       x15=00000000 x15:00000004 x13:00001f80
15863522ns          261485 1c008c7e ee873733 p.bclr           x14, x14, 23, 8     x14=00000008 x14:00000008
15863542ns          261486 1c008c82 1a10f6b7 lui              x13, 0x1a10f000     x13=1a10f000
15863562ns          261487 1c008c86 0ff57513 andi             x10, x10, 255       x10=00000069 x10:00000069
15863582ns          261488 1c008c8a 00d70733 add              x14, x14, x13       x14=1a10f008 x14:00000008 x13:1a10f000
15863602ns          261489 1c008c8c 00a7e723 p.sw             x10, x0(x15)        x10:00000069 x15:00000000  PA:1a10f008
15863920ns          261505 1c008c90 00000513 addi             x10, x0, 0          x10=00000000
15863940ns          261506 1c008c92 00008067 jalr             x0, x1, 0            x1:1c008d62
15864000ns          261509 1c008d62 31f52563 p.beqimm         x10, 778            x10:00000000
15864020ns          261510 1c008d66 001d8d93 addi             x27, x27, 1         x27=00000026 x27:00000025
15864040ns          261511 1c008d68 00044503 lbu              x10, 0(x8)          x10=00000064  x8:1c00004b  PA:1c00004b
15864358ns          261527 1c008d6c 00140413 addi             x8, x8, 1            x8=1c00004c  x8:1c00004b
15864378ns          261528 1c008d6e fe0514e3 bne              x10, x0, -24        x10:00000064
15864457ns          261532 1c008d56 02500793 addi             x15, x0, 37         x15=00000025
15864477ns          261533 1c008d5a 04f50863 beq              x10, x15, 80        x10:00000064 x15:00000025
15864497ns          261534 1c008d5e 01a005b3 add              x11, x0, x26        x11=00000002 x26:00000002
15864517ns          261535 1c008d60 000b00e7 jalr             x1, x22, 0           x1=1c008d62 x22:1c008c6c
15864557ns          261537 1c008c6c 000026b7 lui              x13, 0x2000         x13=00002000
15864577ns          261538 1c008c6e f14027f3 csrrs            x15, x0, 0xf14      x15=00000001
15864596ns          261539 1c008c72 f8068693 addi             x13, x13, -128      x13=00001f80 x13:00002000
15864616ns          261540 1c008c76 00379713 slli             x14, x15, 0x3       x14=00000008 x15:00000001
15864636ns          261541 1c008c7a 00279793 slli             x15, x15, 0x2       x15=00000004 x15:00000001
15864656ns          261542 1c008c7c 00d7f7b3 and              x15, x15, x13       x15=00000000 x15:00000004 x13:00001f80
15864676ns          261543 1c008c7e ee873733 p.bclr           x14, x14, 23, 8     x14=00000008 x14:00000008
15864696ns          261544 1c008c82 1a10f6b7 lui              x13, 0x1a10f000     x13=1a10f000
15864716ns          261545 1c008c86 0ff57513 andi             x10, x10, 255       x10=00000064 x10:00000064
15864736ns          261546 1c008c8a 00d70733 add              x14, x14, x13       x14=1a10f008 x14:00000008 x13:1a10f000
15864756ns          261547 1c008c8c 00a7e723 p.sw             x10, x0(x15)        x10:00000064 x15:00000000  PA:1a10f008
15865074ns          261563 1c008c90 00000513 addi             x10, x0, 0          x10=00000000
15865094ns          261564 1c008c92 00008067 jalr             x0, x1, 0            x1:1c008d62
15865153ns          261567 1c008d62 31f52563 p.beqimm         x10, 778            x10:00000000
15865173ns          261568 1c008d66 001d8d93 addi             x27, x27, 1         x27=00000027 x27:00000026
15865193ns          261569 1c008d68 00044503 lbu              x10, 0(x8)          x10=00000020  x8:1c00004c  PA:1c00004c
15865492ns          261584 1c008d6c 00140413 addi             x8, x8, 1            x8=1c00004d  x8:1c00004c
15865511ns          261585 1c008d6e fe0514e3 bne              x10, x0, -24        x10:00000020
15865591ns          261589 1c008d56 02500793 addi             x15, x0, 37         x15=00000025
15865611ns          261590 1c008d5a 04f50863 beq              x10, x15, 80        x10:00000020 x15:00000025
15865631ns          261591 1c008d5e 01a005b3 add              x11, x0, x26        x11=00000002 x26:00000002
15865651ns          261592 1c008d60 000b00e7 jalr             x1, x22, 0           x1=1c008d62 x22:1c008c6c
15865690ns          261594 1c008c6c 000026b7 lui              x13, 0x2000         x13=00002000
15865710ns          261595 1c008c6e f14027f3 csrrs            x15, x0, 0xf14      x15=00000001
15865730ns          261596 1c008c72 f8068693 addi             x13, x13, -128      x13=00001f80 x13:00002000
15865750ns          261597 1c008c76 00379713 slli             x14, x15, 0x3       x14=00000008 x15:00000001
15865770ns          261598 1c008c7a 00279793 slli             x15, x15, 0x2       x15=00000004 x15:00000001
15865790ns          261599 1c008c7c 00d7f7b3 and              x15, x15, x13       x15=00000000 x15:00000004 x13:00001f80
15865810ns          261600 1c008c7e ee873733 p.bclr           x14, x14, 23, 8     x14=00000008 x14:00000008
15865830ns          261601 1c008c82 1a10f6b7 lui              x13, 0x1a10f000     x13=1a10f000
15865850ns          261602 1c008c86 0ff57513 andi             x10, x10, 255       x10=00000020 x10:00000020
15865869ns          261603 1c008c8a 00d70733 add              x14, x14, x13       x14=1a10f008 x14:00000008 x13:1a10f000
15865889ns          261604 1c008c8c 00a7e723 p.sw             x10, x0(x15)        x10:00000020 x15:00000000  PA:1a10f008
15866228ns          261621 1c008c90 00000513 addi             x10, x0, 0          x10=00000000
15866247ns          261622 1c008c92 00008067 jalr             x0, x1, 0            x1:1c008d62
15866307ns          261625 1c008d62 31f52563 p.beqimm         x10, 778            x10:00000000
15866327ns          261626 1c008d66 001d8d93 addi             x27, x27, 1         x27=00000028 x27:00000027
15866347ns          261627 1c008d68 00044503 lbu              x10, 0(x8)          x10=0000003d  x8:1c00004d  PA:1c00004d
15866645ns          261642 1c008d6c 00140413 addi             x8, x8, 1            x8=1c00004e  x8:1c00004d
15866665ns          261643 1c008d6e fe0514e3 bne              x10, x0, -24        x10:0000003d
15866745ns          261647 1c008d56 02500793 addi             x15, x0, 37         x15=00000025
15866765ns          261648 1c008d5a 04f50863 beq              x10, x15, 80        x10:0000003d x15:00000025
15866784ns          261649 1c008d5e 01a005b3 add              x11, x0, x26        x11=00000002 x26:00000002
15866804ns          261650 1c008d60 000b00e7 jalr             x1, x22, 0           x1=1c008d62 x22:1c008c6c
15866844ns          261652 1c008c6c 000026b7 lui              x13, 0x2000         x13=00002000
15866864ns          261653 1c008c6e f14027f3 csrrs            x15, x0, 0xf14      x15=00000001
15866884ns          261654 1c008c72 f8068693 addi             x13, x13, -128      x13=00001f80 x13:00002000
15866904ns          261655 1c008c76 00379713 slli             x14, x15, 0x3       x14=00000008 x15:00000001
15866924ns          261656 1c008c7a 00279793 slli             x15, x15, 0x2       x15=00000004 x15:00000001
15866944ns          261657 1c008c7c 00d7f7b3 and              x15, x15, x13       x15=00000000 x15:00000004 x13:00001f80
15866963ns          261658 1c008c7e ee873733 p.bclr           x14, x14, 23, 8     x14=00000008 x14:00000008
15866983ns          261659 1c008c82 1a10f6b7 lui              x13, 0x1a10f000     x13=1a10f000
15867003ns          261660 1c008c86 0ff57513 andi             x10, x10, 255       x10=0000003d x10:0000003d
15867023ns          261661 1c008c8a 00d70733 add              x14, x14, x13       x14=1a10f008 x14:00000008 x13:1a10f000
15867043ns          261662 1c008c8c 00a7e723 p.sw             x10, x0(x15)        x10:0000003d x15:00000000  PA:1a10f008
15867361ns          261678 1c008c90 00000513 addi             x10, x0, 0          x10=00000000
15867381ns          261679 1c008c92 00008067 jalr             x0, x1, 0            x1:1c008d62
15867441ns          261682 1c008d62 31f52563 p.beqimm         x10, 778            x10:00000000
15867461ns          261683 1c008d66 001d8d93 addi             x27, x27, 1         x27=00000029 x27:00000028
15867481ns          261684 1c008d68 00044503 lbu              x10, 0(x8)          x10=00000020  x8:1c00004e  PA:1c00004e
15867779ns          261699 1c008d6c 00140413 addi             x8, x8, 1            x8=1c00004f  x8:1c00004e
15867799ns          261700 1c008d6e fe0514e3 bne              x10, x0, -24        x10:00000020
15867878ns          261704 1c008d56 02500793 addi             x15, x0, 37         x15=00000025
15867898ns          261705 1c008d5a 04f50863 beq              x10, x15, 80        x10:00000020 x15:00000025
15867918ns          261706 1c008d5e 01a005b3 add              x11, x0, x26        x11=00000002 x26:00000002
15867938ns          261707 1c008d60 000b00e7 jalr             x1, x22, 0           x1=1c008d62 x22:1c008c6c
15867978ns          261709 1c008c6c 000026b7 lui              x13, 0x2000         x13=00002000
15867998ns          261710 1c008c6e f14027f3 csrrs            x15, x0, 0xf14      x15=00000001
15868018ns          261711 1c008c72 f8068693 addi             x13, x13, -128      x13=00001f80 x13:00002000
15868038ns          261712 1c008c76 00379713 slli             x14, x15, 0x3       x14=00000008 x15:00000001
15868057ns          261713 1c008c7a 00279793 slli             x15, x15, 0x2       x15=00000004 x15:00000001
15868077ns          261714 1c008c7c 00d7f7b3 and              x15, x15, x13       x15=00000000 x15:00000004 x13:00001f80
15868097ns          261715 1c008c7e ee873733 p.bclr           x14, x14, 23, 8     x14=00000008 x14:00000008
15868117ns          261716 1c008c82 1a10f6b7 lui              x13, 0x1a10f000     x13=1a10f000
15868137ns          261717 1c008c86 0ff57513 andi             x10, x10, 255       x10=00000020 x10:00000020
15868157ns          261718 1c008c8a 00d70733 add              x14, x14, x13       x14=1a10f008 x14:00000008 x13:1a10f000
15868177ns          261719 1c008c8c 00a7e723 p.sw             x10, x0(x15)        x10:00000020 x15:00000000  PA:1a10f008
15868495ns          261735 1c008c90 00000513 addi             x10, x0, 0          x10=00000000
15868515ns          261736 1c008c92 00008067 jalr             x0, x1, 0            x1:1c008d62
15868575ns          261739 1c008d62 31f52563 p.beqimm         x10, 778            x10:00000000
15868595ns          261740 1c008d66 001d8d93 addi             x27, x27, 1         x27=0000002a x27:00000029
15868614ns          261741 1c008d68 00044503 lbu              x10, 0(x8)          x10=00000025  x8:1c00004f  PA:1c00004f
15868933ns          261757 1c008d6c 00140413 addi             x8, x8, 1            x8=1c000050  x8:1c00004f
15868953ns          261758 1c008d6e fe0514e3 bne              x10, x0, -24        x10:00000025
15869032ns          261762 1c008d56 02500793 addi             x15, x0, 37         x15=00000025
15869052ns          261763 1c008d5a 04f50863 beq              x10, x15, 80        x10:00000025 x15:00000025
15869132ns          261767 1c008daa 00044483 lbu              x9, 0(x8)            x9=00000064  x8:1c000050  PA:1c000050
15869430ns          261782 1c008dae 02000693 addi             x13, x0, 32         x13=00000020
15869450ns          261783 1c008db2 00140a93 addi             x21, x8, 1          x21=1c000051  x8:1c000050
15869470ns          261784 1c008db6 009005b3 add              x11, x0, x9         x11=00000064  x9:00000064
15869490ns          261785 1c008db8 0fcb8513 addi             x10, x23, 252       x10=1c0000fc x23:1c000000
15869509ns          261786 1c008dbc 00d12823 sw               x13, 16(x2)         x13:00000020  x2:10000cd8  PA:10000ce8
15869529ns          261787 1c008dbe 00012c23 sw               x0, 24(x2)           x2:10000cd8  PA:10000cf0
15869549ns          261788 1c008dc0 00012a23 sw               x0, 20(x2)           x2:10000cd8  PA:10000cec
15869569ns          261789 1c008dc2 00012e23 sw               x0, 28(x2)           x2:10000cd8  PA:10000cf4
15869589ns          261790 1c008dc4 00012623 sw               x0, 12(x2)           x2:10000cd8  PA:10000ce4
15869609ns          261791 1c008dc6 02300913 addi             x18, x0, 35         x18=00000023
15869629ns          261792 1c008dca 02d00a13 addi             x20, x0, 45         x20=0000002d
15869649ns          261793 1c008dce 015009b3 add              x19, x0, x21        x19=1c000051 x21:1c000051
15869689ns          261795 1c008dd0 e1dff0ef jal              x1, -484             x1=1c008dd2
15869768ns          261799 1c008bec 00054783 lbu              x15, 0(x10)         x15=0000002d x10:1c0000fc  PA:1c0000fc
15870086ns          261815 1c008bf0 0ff5f593 andi             x11, x11, 255       x11=00000064 x11:00000064
15870106ns          261816 1c008bf4 00b78c63 beq              x15, x11, 24        x15:0000002d x11:00000064
15870126ns          261817 1c008bf8 00078b63 beq              x15, x0, 22         x15:0000002d
15870146ns          261818 1c008bfa 00150793 addi             x15, x10, 1         x15=1c0000fd x10:1c0000fc
15870166ns          261819 1c008bfe 0040006f jal              x0, 4              
15870206ns          261821 1c008c02 00f00533 add              x10, x0, x15        x10=1c0000fd x15:1c0000fd
15870226ns          261822 1c008c04 0017c70b p.lbu            x14, 1(x15!)        x14=0000002b x15=1c0000fe x15:1c0000fd  PA:1c0000fd
15870544ns          261838 1c008c08 feb71ce3 bne              x14, x11, -8        x14:0000002b x11:00000064
15870603ns          261841 1c008c00 00070763 beq              x14, x0, 14         x14:0000002b
15870623ns          261842 1c008c02 00f00533 add              x10, x0, x15        x10=1c0000fe x15:1c0000fe
15870643ns          261843 1c008c04 0017c70b p.lbu            x14, 1(x15!)        x14=00000020 x15=1c0000ff x15:1c0000fe  PA:1c0000fe
15870962ns          261859 1c008c08 feb71ce3 bne              x14, x11, -8        x14:00000020 x11:00000064
15871021ns          261862 1c008c00 00070763 beq              x14, x0, 14         x14:00000020
15871041ns          261863 1c008c02 00f00533 add              x10, x0, x15        x10=1c0000ff x15:1c0000ff
15871061ns          261864 1c008c04 0017c70b p.lbu            x14, 1(x15!)        x14=00000023 x15=1c000100 x15:1c0000ff  PA:1c0000ff
15871399ns          261881 1c008c08 feb71ce3 bne              x14, x11, -8        x14:00000023 x11:00000064
15871459ns          261884 1c008c00 00070763 beq              x14, x0, 14         x14:00000023
15871479ns          261885 1c008c02 00f00533 add              x10, x0, x15        x10=1c000100 x15:1c000100
15871499ns          261886 1c008c04 0017c70b p.lbu            x14, 1(x15!)        x14=00000030 x15=1c000101 x15:1c000100  PA:1c000100
15871817ns          261902 1c008c08 feb71ce3 bne              x14, x11, -8        x14:00000030 x11:00000064
15871876ns          261905 1c008c00 00070763 beq              x14, x0, 14         x14:00000030
15871896ns          261906 1c008c02 00f00533 add              x10, x0, x15        x10=1c000101 x15:1c000101
15871916ns          261907 1c008c04 0017c70b p.lbu            x14, 1(x15!)        x14=00000000 x15=1c000102 x15:1c000101  PA:1c000101
15872235ns          261923 1c008c08 feb71ce3 bne              x14, x11, -8        x14:00000000 x11:00000064
15872294ns          261926 1c008c00 00070763 beq              x14, x0, 14         x14:00000000
15872374ns          261930 1c008c0e 0015b593 sltiu            x11, x11, 1         x11=00000000 x11:00000064
15872394ns          261931 1c008c12 40b005b3 sub              x11, x0, x11        x11=00000000 x11:00000000
15872414ns          261932 1c008c16 00b57533 and              x10, x10, x11       x10=00000000 x10:1c000101 x11:00000000
15872433ns          261933 1c008c18 00008067 jalr             x0, x1, 0            x1:1c008dd2
15872533ns          261938 1c008dd2 02050a63 beq              x10, x0, 52         x10:00000000
15872612ns          261942 1c008e06 02a00613 addi             x12, x0, 42         x12=0000002a
15872632ns          261943 1c008e0a 2ac48663 beq              x9, x12, 684         x9:00000064 x12:0000002a
15872652ns          261944 1c008e0e fd048613 addi             x12, x9, -48        x12=00000034  x9:00000064
15872672ns          261945 1c008e12 00900593 addi             x11, x0, 9          x11=00000009
15872692ns          261946 1c008e14 00000913 addi             x18, x0, 0          x18=00000000
15872712ns          261947 1c008e16 28c5f063 bgeu             x11, x12, 640       x11:00000009 x12:00000034
15872732ns          261948 1c008e1a 02e00693 addi             x13, x0, 46         x13=0000002e
15872752ns          261949 1c008e1e fff00a13 addi             x20, x0, -1         x20=ffffffff
15872772ns          261950 1c008e20 2ed48363 beq              x9, x13, 742         x9:00000064 x13:0000002e
15872791ns          261951 1c008e24 1c0007b7 lui              x15, 0x1c000000     x15=1c000000
15872811ns          261952 1c008e28 009005b3 add              x11, x0, x9         x11=00000064  x9:00000064
15872831ns          261953 1c008e2a 10478513 addi             x10, x15, 260       x10=1c000104 x15:1c000000
15872851ns          261954 1c008e2e dbfff0ef jal              x1, -578             x1=1c008e30
15872891ns          261956 1c008bec 00054783 lbu              x15, 0(x10)         x15=00000068 x10:1c000104  PA:1c000104
15873209ns          261972 1c008bf0 0ff5f593 andi             x11, x11, 255       x11=00000064 x11:00000064
15873229ns          261973 1c008bf4 00b78c63 beq              x15, x11, 24        x15:00000068 x11:00000064
15873249ns          261974 1c008bf8 00078b63 beq              x15, x0, 22         x15:00000068
15873269ns          261975 1c008bfa 00150793 addi             x15, x10, 1         x15=1c000105 x10:1c000104
15873289ns          261976 1c008bfe 0040006f jal              x0, 4              
15873329ns          261978 1c008c02 00f00533 add              x10, x0, x15        x10=1c000105 x15:1c000105
15873348ns          261979 1c008c04 0017c70b p.lbu            x14, 1(x15!)        x14=0000006c x15=1c000106 x15:1c000105  PA:1c000105
15873667ns          261995 1c008c08 feb71ce3 bne              x14, x11, -8        x14:0000006c x11:00000064
15873726ns          261998 1c008c00 00070763 beq              x14, x0, 14         x14:0000006c
15873746ns          261999 1c008c02 00f00533 add              x10, x0, x15        x10=1c000106 x15:1c000106
15873766ns          262000 1c008c04 0017c70b p.lbu            x14, 1(x15!)        x14=0000004c x15=1c000107 x15:1c000106  PA:1c000106
15874084ns          262016 1c008c08 feb71ce3 bne              x14, x11, -8        x14:0000004c x11:00000064
15874144ns          262019 1c008c00 00070763 beq              x14, x0, 14         x14:0000004c
15874164ns          262020 1c008c02 00f00533 add              x10, x0, x15        x10=1c000107 x15:1c000107
15874184ns          262021 1c008c04 0017c70b p.lbu            x14, 1(x15!)        x14=0000007a x15=1c000108 x15:1c000107  PA:1c000107
15874502ns          262037 1c008c08 feb71ce3 bne              x14, x11, -8        x14:0000007a x11:00000064
15874562ns          262040 1c008c00 00070763 beq              x14, x0, 14         x14:0000007a
15874582ns          262041 1c008c02 00f00533 add              x10, x0, x15        x10=1c000108 x15:1c000108
15874602ns          262042 1c008c04 0017c70b p.lbu            x14, 1(x15!)        x14=00000000 x15=1c000109 x15:1c000108  PA:1c000108
15874920ns          262058 1c008c08 feb71ce3 bne              x14, x11, -8        x14:00000000 x11:00000064
15874979ns          262061 1c008c00 00070763 beq              x14, x0, 14         x14:00000000
15875059ns          262065 1c008c0e 0015b593 sltiu            x11, x11, 1         x11=00000000 x11:00000064
15875079ns          262066 1c008c12 40b005b3 sub              x11, x0, x11        x11=00000000 x11:00000000
15875099ns          262067 1c008c16 00b57533 and              x10, x10, x11       x10=00000000 x10:1c000108 x11:00000000
15875119ns          262068 1c008c18 00008067 jalr             x0, x1, 0            x1:1c008e30
15875158ns          262070 1c008e30 01300433 add              x8, x0, x19          x8=1c000051 x19:1c000051
15875178ns          262071 1c008e32 00050563 beq              x10, x0, 10         x10:00000000
15875238ns          262074 1c008e3c 06700693 addi             x13, x0, 103        x13=00000067
15875298ns          262077 1c008e40 2896d963 bge              x13, x9, 658        x13:00000067  x9:00000064
15875437ns          262084 1c0090d2 06500693 addi             x13, x0, 101        x13=00000065
15875457ns          262085 1c0090d6 12d4d563 bge              x9, x13, 298         x9:00000064 x13:00000065
15875477ns          262086 1c0090da 04700693 addi             x13, x0, 71         x13=00000047
15875536ns          262089 1c0090de dc96cbe3 blt              x13, x9, -554       x13:00000047  x9:00000064
15875596ns          262092 1c008eb4 06300693 addi             x13, x0, 99         x13=00000063
15875616ns          262093 1c008eb8 0ad488e3 beq              x9, x13, 2224        x9:00000064 x13:00000063
15875636ns          262094 1c008ebc 0096c9e3 blt              x13, x9, 2066       x13:00000063  x9:00000064
15875755ns          262100 1c0096ce 000c2583 lw               x11, 0(x24)         x11=00000001 x24:10000e30  PA:10000e30
15875775ns          262101 1c0096d2 004c0c13 addi             x24, x24, 4         x24=10000e34 x24:10000e30
15875795ns          262102 1c0096d4 3405cc63 blt              x11, x0, 856        x11:00000001
15875815ns          262103 1c0096d8 01412603 lw               x12, 20(x2)         x12=00000000  x2:10000cd8  PA:10000cec
15875835ns          262104 1c0096da 00b006b3 add              x13, x0, x11        x13=00000001 x11:00000001
15875855ns          262105 1c0096dc 2e061863 bne              x12, x0, 752        x12:00000000
15875875ns          262106 1c0096e0 01812703 lw               x14, 24(x2)         x14=00000000  x2:10000cd8  PA:10000cf0
15875894ns          262107 1c0096e2 019007b3 add              x15, x0, x25        x15=10000cfc x25:10000cfc
15875914ns          262108 1c0096e4 00070763 beq              x14, x0, 14         x14:00000000
15876014ns          262113 1c0096f2 00f00733 add              x14, x0, x15        x14=10000cfc x15:10000cfc
15876054ns          262115 1c0096f4 00a00513 addi             x10, x0, 10         x10=0000000a
15876073ns          262116 1c0096f6 02a6f633 remu             x12, x13, x10       x12=00000001 x13:00000001 x10:0000000a
15876690ns          262147 1c0096fa 02a6d6b3 divu             x13, x13, x10       x13=00000000 x13:00000001 x10:0000000a
15877307ns          262178 1c0096fe 03060613 addi             x12, x12, 48        x12=00000031 x12:00000001
15877327ns          262179 1c009702 00c700ab p.sb             x12, 1(x14!)        x14=10000cfd x12:00000031 x14:10000cfc  PA:10000cfc
15877346ns          262180 1c009706 fe0698e3 bne              x13, x0, -16        x13:00000000
15877366ns          262181 1c009708 40f706b3 sub              x13, x14, x15       x13=00000001 x14:10000cfd x15:10000cfc
15877386ns          262182 1c00970c 0146dc63 bge              x13, x20, 24        x13:00000001 x20:ffffffff
15877486ns          262187 1c009724 00e006b3 add              x13, x0, x14        x13=10000cfd x14:10000cfd
15877525ns          262189 1c009726 fe068fab p.sb             x0, -1(x13!)        x13=10000cfc x13:10000cfd  PA:10000cfd
15877545ns          262190 1c00972a 00d7fc63 bgeu             x15, x13, 24        x15:10000cfc x13:10000cfc
15877605ns          262193 1c009742 01412783 lw               x15, 20(x2)         x15=00000000  x2:10000cd8  PA:10000cec
15877625ns          262194 1c009744 01812603 lw               x12, 24(x2)         x12=00000000  x2:10000cd8  PA:10000cf0
15877645ns          262195 1c009746 419704b3 sub              x9, x14, x25         x9=00000001 x14:10000cfd x25:10000cfc
15877665ns          262196 1c00974a 00c7e7b3 or               x15, x15, x12       x15=00000000 x15:00000000 x12:00000000
15877685ns          262197 1c00974c 00f12623 sw               x15, 12(x2)         x15:00000000  x2:10000cd8  PA:10000ce4
15877704ns          262198 1c00974e 00079363 bne              x15, x0, 6          x15:00000000
15877724ns          262199 1c009750 01f5d593 srli             x11, x11, 0x1f      x11=00000000 x11:00000001
15877744ns          262200 1c009752 00b12623 sw               x11, 12(x2)         x11:00000000  x2:10000cd8  PA:10000ce4
15877764ns          262201 1c009754 e3fa28e3 p.beqimm         x20, -464           x20:ffffffff
15877824ns          262204 1c009584 0c800793 addi             x15, x0, 200        x15=000000c8
15877844ns          262205 1c009588 9e97d0e3 bge              x15, x9, -1568      x15:000000c8  x9:00000001
15878003ns          262213 1c008f68 0f24d163 bge              x9, x18, 226         x9:00000001 x18:00000000
15878142ns          262220 1c00904a d00482e3 beq              x9, x0, -764         x9:00000001
15878162ns          262221 1c00904e 01900933 add              x18, x0, x25        x18=10000cfc x25:10000cfc
15878182ns          262222 1c009050 419d8db3 sub              x27, x27, x25       x27=effff32e x27:0000002a x25:10000cfc
15878202ns          262223 1c009054 00a0006f jal              x0, 10             
15878301ns          262228 1c00905e 0019450b p.lbu            x10, 1(x18!)        x10=00000031 x18=10000cfd x18:10000cfc  PA:10000cfc
15878321ns          262229 1c009062 01a005b3 add              x11, x0, x26        x11=00000002 x26:00000002
15878341ns          262230 1c009064 000b00e7 jalr             x1, x22, 0           x1=1c009066 x22:1c008c6c
15878421ns          262234 1c008c6c 000026b7 lui              x13, 0x2000         x13=00002000
15878460ns          262236 1c008c6e f14027f3 csrrs            x15, x0, 0xf14      x15=00000001
15878480ns          262237 1c008c72 f8068693 addi             x13, x13, -128      x13=00001f80 x13:00002000
15878500ns          262238 1c008c76 00379713 slli             x14, x15, 0x3       x14=00000008 x15:00000001
15878520ns          262239 1c008c7a 00279793 slli             x15, x15, 0x2       x15=00000004 x15:00000001
15878540ns          262240 1c008c7c 00d7f7b3 and              x15, x15, x13       x15=00000000 x15:00000004 x13:00001f80
15878560ns          262241 1c008c7e ee873733 p.bclr           x14, x14, 23, 8     x14=00000008 x14:00000008
15878580ns          262242 1c008c82 1a10f6b7 lui              x13, 0x1a10f000     x13=1a10f000
15878600ns          262243 1c008c86 0ff57513 andi             x10, x10, 255       x10=00000031 x10:00000031
15878619ns          262244 1c008c8a 00d70733 add              x14, x14, x13       x14=1a10f008 x14:00000008 x13:1a10f000
15878639ns          262245 1c008c8c 00a7e723 p.sw             x10, x0(x15)        x10:00000031 x15:00000000  PA:1a10f008
15878958ns          262261 1c008c90 00000513 addi             x10, x0, 0          x10=00000000
15878977ns          262262 1c008c92 00008067 jalr             x0, x1, 0            x1:1c009066
15879017ns          262264 1c009066 fff48493 addi             x9, x9, -1           x9=00000000  x9:00000001
15879037ns          262265 1c009068 fff537e3 p.bneimm         x10, -18            x10:00000000
15879176ns          262272 1c009056 012d8733 add              x14, x27, x18       x14=0000002b x27:effff32e x18:10000cfd
15879196ns          262273 1c00905a 5a048b63 beq              x9, x0, 1462         x9:00000000
15879256ns          262276 1c009610 00e00db3 add              x27, x0, x14        x27=0000002b x14:0000002b
15879276ns          262277 1c009612 f3cff06f jal              x0, -2244          
15879435ns          262285 1c008d4e 00044503 lbu              x10, 0(x8)          x10=00000029  x8:1c000051  PA:1c000051
15879733ns          262300 1c008d52 00140413 addi             x8, x8, 1            x8=1c000052  x8:1c000051
15879753ns          262301 1c008d54 00050e63 beq              x10, x0, 28         x10:00000029
15879773ns          262302 1c008d56 02500793 addi             x15, x0, 37         x15=00000025
15879793ns          262303 1c008d5a 04f50863 beq              x10, x15, 80        x10:00000029 x15:00000025
15879813ns          262304 1c008d5e 01a005b3 add              x11, x0, x26        x11=00000002 x26:00000002
15879833ns          262305 1c008d60 000b00e7 jalr             x1, x22, 0           x1=1c008d62 x22:1c008c6c
15879873ns          262307 1c008c6c 000026b7 lui              x13, 0x2000         x13=00002000
15879892ns          262308 1c008c6e f14027f3 csrrs            x15, x0, 0xf14      x15=00000001
15879912ns          262309 1c008c72 f8068693 addi             x13, x13, -128      x13=00001f80 x13:00002000
15879932ns          262310 1c008c76 00379713 slli             x14, x15, 0x3       x14=00000008 x15:00000001
15879952ns          262311 1c008c7a 00279793 slli             x15, x15, 0x2       x15=00000004 x15:00000001
15879972ns          262312 1c008c7c 00d7f7b3 and              x15, x15, x13       x15=00000000 x15:00000004 x13:00001f80
15879992ns          262313 1c008c7e ee873733 p.bclr           x14, x14, 23, 8     x14=00000008 x14:00000008
15880012ns          262314 1c008c82 1a10f6b7 lui              x13, 0x1a10f000     x13=1a10f000
15880032ns          262315 1c008c86 0ff57513 andi             x10, x10, 255       x10=00000029 x10:00000029
15880052ns          262316 1c008c8a 00d70733 add              x14, x14, x13       x14=1a10f008 x14:00000008 x13:1a10f000
15880071ns          262317 1c008c8c 00a7e723 p.sw             x10, x0(x15)        x10:00000029 x15:00000000  PA:1a10f008
15880390ns          262333 1c008c90 00000513 addi             x10, x0, 0          x10=00000000
15880410ns          262334 1c008c92 00008067 jalr             x0, x1, 0            x1:1c008d62
15880469ns          262337 1c008d62 31f52563 p.beqimm         x10, 778            x10:00000000
15880489ns          262338 1c008d66 001d8d93 addi             x27, x27, 1         x27=0000002c x27:0000002b
15880509ns          262339 1c008d68 00044503 lbu              x10, 0(x8)          x10=0000000a  x8:1c000052  PA:1c000052
15880847ns          262356 1c008d6c 00140413 addi             x8, x8, 1            x8=1c000053  x8:1c000052
15880867ns          262357 1c008d6e fe0514e3 bne              x10, x0, -24        x10:0000000a
15880947ns          262361 1c008d56 02500793 addi             x15, x0, 37         x15=00000025
15880967ns          262362 1c008d5a 04f50863 beq              x10, x15, 80        x10:0000000a x15:00000025
15880986ns          262363 1c008d5e 01a005b3 add              x11, x0, x26        x11=00000002 x26:00000002
15881006ns          262364 1c008d60 000b00e7 jalr             x1, x22, 0           x1=1c008d62 x22:1c008c6c
15881046ns          262366 1c008c6c 000026b7 lui              x13, 0x2000         x13=00002000
15881066ns          262367 1c008c6e f14027f3 csrrs            x15, x0, 0xf14      x15=00000001
15881086ns          262368 1c008c72 f8068693 addi             x13, x13, -128      x13=00001f80 x13:00002000
15881106ns          262369 1c008c76 00379713 slli             x14, x15, 0x3       x14=00000008 x15:00000001
15881126ns          262370 1c008c7a 00279793 slli             x15, x15, 0x2       x15=00000004 x15:00000001
15881146ns          262371 1c008c7c 00d7f7b3 and              x15, x15, x13       x15=00000000 x15:00000004 x13:00001f80
15881165ns          262372 1c008c7e ee873733 p.bclr           x14, x14, 23, 8     x14=00000008 x14:00000008
15881185ns          262373 1c008c82 1a10f6b7 lui              x13, 0x1a10f000     x13=1a10f000
15881205ns          262374 1c008c86 0ff57513 andi             x10, x10, 255       x10=0000000a x10:0000000a
15881225ns          262375 1c008c8a 00d70733 add              x14, x14, x13       x14=1a10f008 x14:00000008 x13:1a10f000
15881245ns          262376 1c008c8c 00a7e723 p.sw             x10, x0(x15)        x10:0000000a x15:00000000  PA:1a10f008
15881563ns          262392 1c008c90 00000513 addi             x10, x0, 0          x10=00000000
15881583ns          262393 1c008c92 00008067 jalr             x0, x1, 0            x1:1c008d62
15881643ns          262396 1c008d62 31f52563 p.beqimm         x10, 778            x10:00000000
15881663ns          262397 1c008d66 001d8d93 addi             x27, x27, 1         x27=0000002d x27:0000002c
15881683ns          262398 1c008d68 00044503 lbu              x10, 0(x8)          x10=00000000  x8:1c000053  PA:1c000053
15881981ns          262413 1c008d6c 00140413 addi             x8, x8, 1            x8=1c000054  x8:1c000053
15882001ns          262414 1c008d6e fe0514e3 bne              x10, x0, -24        x10:00000000
15882021ns          262415 1c008d70 01b00433 add              x8, x0, x27          x8=0000002d x27:0000002d
15882041ns          262416 1c008d72 00800533 add              x10, x0, x8         x10=0000002d  x8:0000002d
15882061ns          262417 1c008d74 12c12083 lw               x1, 300(x2)          x1=1c008d00  x2:10000cd8  PA:10000e04
15882080ns          262418 1c008d78 12812403 lw               x8, 296(x2)          x8=xxxxxxxx  x2:10000cd8  PA:10000e00
15882100ns          262419 1c008d7c 12412483 lw               x9, 292(x2)          x9=00000001  x2:10000cd8  PA:10000dfc
15882399ns          262434 1c008d80 12012903 lw               x18, 288(x2)        x18=xxxxxxxx  x2:10000cd8  PA:10000df8
15882438ns          262436 1c008d84 11c12983 lw               x19, 284(x2)        x19=xxxxxxxx  x2:10000cd8  PA:10000df4
15882458ns          262437 1c008d88 11812a03 lw               x20, 280(x2)        x20=xxxxxxxx  x2:10000cd8  PA:10000df0
15882478ns          262438 1c008d8c 11412a83 lw               x21, 276(x2)        x21=xxxxxxxx  x2:10000cd8  PA:10000dec
15882916ns          262460 1c008d90 11012b03 lw               x22, 272(x2)        x22=xxxxxxxx  x2:10000cd8  PA:10000de8
15882956ns          262462 1c008d94 10c12b83 lw               x23, 268(x2)        x23=xxxxxxxx  x2:10000cd8  PA:10000de4
15882976ns          262463 1c008d98 10812c03 lw               x24, 264(x2)        x24=xxxxxxxx  x2:10000cd8  PA:10000de0
15882995ns          262464 1c008d9c 10412c83 lw               x25, 260(x2)        x25=xxxxxxxx  x2:10000cd8  PA:10000ddc
15883055ns          262467 1c008da0 10012d03 lw               x26, 256(x2)        x26=xxxxxxxx  x2:10000cd8  PA:10000dd8
15883095ns          262469 1c008da4 0fc12d83 lw               x27, 252(x2)        x27=xxxxxxxx  x2:10000cd8  PA:10000dd4
15883115ns          262470 1c008da6 13010113 addi             x2, x2, 304          x2=10000e08  x2:10000cd8
15883135ns          262471 1c008da8 00008067 jalr             x0, x1, 0            x1:1c008d00
15883214ns          262475 1c008d00 01c12083 lw               x1, 28(x2)           x1=1c00817c  x2:10000e08  PA:10000e24
15883234ns          262476 1c008d02 04010113 addi             x2, x2, 64           x2=10000e48  x2:10000e08
15883274ns          262478 1c008d04 00008067 jalr             x0, x1, 0            x1:1c00817c
15883751ns          262502 1c00817c 00300793 addi             x15, x0, 3          x15=00000003
15884209ns          262525 1c00817e 0097f463 bgeu             x15, x9, 8          x15:00000003  x9:00000001
15884288ns          262529 1c008186 709010ef jal              x1, 7944             x1=1c00818a
15885203ns          262575 1c00a08e f14027f3 csrrs            x15, x0, 0xf14      x15=00000001
15885223ns          262576 1c00a092 01f00713 addi             x14, x0, 31         x14=0000001f
15885243ns          262577 1c00a094 ca5797b3 p.extractu       x15, x15, 5, 5      x15=00000000 x15:00000001
15885263ns          262578 1c00a098 00e78863 beq              x15, x14, 16        x15:00000000 x14:0000001f
15885283ns          262579 1c00a09c 002047b7 lui              x15, 0x204000       x15=00204000
15885720ns          262601 1c00a0a0 20078793 addi             x15, x15, 512       x15=00204200 x15:00204000
15885760ns          262603 1c00a0a4 01c7e703 p.elw            x14, 28(x15)        x14=00010000 x15:00204200  PA:0020421c
15885939ns          262612 1c00a0a8 00008067 jalr             x0, x1, 0            x1:1c00818a
15886317ns          262631 1c00818a f14027f3 csrrs            x15, x0, 0xf14      x15=00000001
15886755ns          262653 1c00818e f457b7b3 p.bclr           x15, x15, 26, 5     x15=00000001 x15:00000001
15886795ns          262655 1c008192 28078863 beq              x15, x0, 656        x15:00000001
15886814ns          262656 1c008196 1c010537 lui              x10, 0x1c010000     x10=1c010000
15886834ns          262657 1c00819a 06400793 addi             x15, x0, 100        x15=00000064
15887351ns          262683 1c00819e 00050513 addi             x10, x10, 0         x10=1c010000 x10:1c010000
15887391ns          262685 1c0081a2 00249913 slli             x18, x9, 0x2        x18=00000004  x9:00000001
15887411ns          262686 1c0081a6 02f487b3 mul              x15, x9, x15        x15=00000064  x9:00000001 x15:00000064
15887431ns          262687 1c0081aa 00279793 slli             x15, x15, 0x2       x15=00000190 x15:00000064
15887451ns          262688 1c0081ac 01050613 addi             x12, x10, 16        x12=1c010010 x10:1c010000
15887869ns          262709 1c0081b0 65050693 addi             x13, x10, 1616      x13=1c010650 x10:1c010000
15887908ns          262711 1c0081b4 21257503 lw               x10, x18(x10)       x10=418684fe x18:00000004 x10:1c010000  PA:1c010004
15888266ns          262729 1c0081b8 00f60633 add              x12, x12, x15       x12=1c0101a0 x12:1c010010 x15:00000190
15888286ns          262730 1c0081ba 00f686b3 add              x13, x13, x15       x13=1c0107e0 x13:1c010650 x15:00000190
15888306ns          262731 1c0081bc 00200433 add              x8, x0, x2           x8=10000e48  x2:10000e48
15888465ns          262739 1c0081be 064450fb lp.setupi        0x1, 0x64, 0x8     
15888505ns          262741 1c0081c2 0046278b p.lw             x15, 4(x12!)        x15=410f4db1 x12=1c0101a4 x12:1c0101a0  PA:1c0101a0
15888823ns          262757 1c0081c6 0046a58b p.lw             x11, 4(x13!)        x11=42573e17 x13=1c0107e4 x13:1c0107e0  PA:1c0107e0
15889142ns          262773 1c0081ca 58f577c3 fmadd.s          f15, f10, f15, f11  f15=xxxxxxxx f10:418684fe f15:410f4db1 f11:42573e17
15889162ns          262774 1c0081ce 00f4222b p.sw             x15, 4(x8!)          x8=10000e4c x15:434c69c0  x8:10000e48  PA:10000e48
15889181ns          262775 1c0081c2 0046278b p.lw             x15, 4(x12!)        x15=42502608 x12=1c0101a8 x12:1c0101a4  PA:1c0101a4
15889480ns          262790 1c0081c6 0046a58b p.lw             x11, 4(x13!)        x11=4284b300 x13=1c0107e8 x13:1c0107e4  PA:1c0107e4
15889798ns          262806 1c0081ca 58f577c3 fmadd.s          f15, f10, f15, f11  f15=xxxxxxxx f10:418684fe f15:42502608 f11:4284b300
15889818ns          262807 1c0081ce 00f4222b p.sw             x15, 4(x8!)          x8=10000e50 x15:446b5675  x8:10000e4c  PA:10000e4c
15889838ns          262808 1c0081c2 0046278b p.lw             x15, 4(x12!)        x15=42b8a144 x12=1c0101ac x12:1c0101a8  PA:1c0101a8
15890156ns          262824 1c0081c6 0046a58b p.lw             x11, 4(x13!)        x11=4233b93f x13=1c0107ec x13:1c0107e8  PA:1c0107e8
15890474ns          262840 1c0081ca 58f577c3 fmadd.s          f15, f10, f15, f11  f15=xxxxxxxx f10:418684fe f15:42b8a144 f11:4233b93f
15890494ns          262841 1c0081ce 00f4222b p.sw             x15, 4(x8!)          x8=10000e54 x15:44c7a672  x8:10000e50  PA:10000e50
15890514ns          262842 1c0081c2 0046278b p.lw             x15, 4(x12!)        x15=42a6b1fd x12=1c0101b0 x12:1c0101ac  PA:1c0101ac
15890812ns          262857 1c0081c6 0046a58b p.lw             x11, 4(x13!)        x11=426356ff x13=1c0107f0 x13:1c0107ec  PA:1c0107ec
15891131ns          262873 1c0081ca 58f577c3 fmadd.s          f15, f10, f15, f11  f15=xxxxxxxx f10:418684fe f15:42a6b1fd f11:426356ff
15891151ns          262874 1c0081ce 00f4222b p.sw             x15, 4(x8!)          x8=10000e58 x15:44b64a3f  x8:10000e54  PA:10000e54
15891171ns          262875 1c0081c2 0046278b p.lw             x15, 4(x12!)        x15=42a8bd1c x12=1c0101b4 x12:1c0101b0  PA:1c0101b0
15891489ns          262891 1c0081c6 0046a58b p.lw             x11, 4(x13!)        x11=4294cc09 x13=1c0107f4 x13:1c0107f0  PA:1c0107f0
15891807ns          262907 1c0081ca 58f577c3 fmadd.s          f15, f10, f15, f11  f15=xxxxxxxx f10:418684fe f15:42a8bd1c f11:4294cc09
15891827ns          262908 1c0081ce 00f4222b p.sw             x15, 4(x8!)          x8=10000e5c x15:44baa20c  x8:10000e58  PA:10000e58
15891847ns          262909 1c0081c2 0046278b p.lw             x15, 4(x12!)        x15=42c47d03 x12=1c0101b8 x12:1c0101b4  PA:1c0101b4
15892145ns          262924 1c0081c6 0046a58b p.lw             x11, 4(x13!)        x11=42259cff x13=1c0107f8 x13:1c0107f4  PA:1c0107f4
15892463ns          262940 1c0081ca 58f577c3 fmadd.s          f15, f10, f15, f11  f15=xxxxxxxx f10:418684fe f15:42c47d03 f11:42259cff
15892483ns          262941 1c0081ce 00f4222b p.sw             x15, 4(x8!)          x8=10000e60 x15:44d3abee  x8:10000e5c  PA:10000e5c
15892503ns          262942 1c0081c2 0046278b p.lw             x15, 4(x12!)        x15=41920f68 x12=1c0101bc x12:1c0101b8  PA:1c0101b8
15892821ns          262958 1c0081c6 0046a58b p.lw             x11, 4(x13!)        x11=424407e8 x13=1c0107fc x13:1c0107f8  PA:1c0107f8
15893140ns          262974 1c0081ca 58f577c3 fmadd.s          f15, f10, f15, f11  f15=xxxxxxxx f10:418684fe f15:41920f68 f11:424407e8
15893160ns          262975 1c0081ce 00f4222b p.sw             x15, 4(x8!)          x8=10000e64 x15:43b200e0  x8:10000e60  PA:10000e60
15893179ns          262976 1c0081c2 0046278b p.lw             x15, 4(x12!)        x15=41b3942b x12=1c0101c0 x12:1c0101bc  PA:1c0101bc
15893478ns          262991 1c0081c6 0046a58b p.lw             x11, 4(x13!)        x11=4204bdc0 x13=1c010800 x13:1c0107fc  PA:1c0107fc
15893796ns          263007 1c0081ca 58f577c3 fmadd.s          f15, f10, f15, f11  f15=xxxxxxxx f10:418684fe f15:41b3942b f11:4204bdc0
15893816ns          263008 1c0081ce 00f4222b p.sw             x15, 4(x8!)          x8=10000e68 x15:43cd516a  x8:10000e64  PA:10000e64
15893836ns          263009 1c0081c2 0046278b p.lw             x15, 4(x12!)        x15=42077639 x12=1c0101c4 x12:1c0101c0  PA:1c0101c0
15894154ns          263025 1c0081c6 0046a58b p.lw             x11, 4(x13!)        x11=429ffb41 x13=1c010804 x13:1c010800  PA:1c010800
15894472ns          263041 1c0081ca 58f577c3 fmadd.s          f15, f10, f15, f11  f15=xxxxxxxx f10:418684fe f15:42077639 f11:429ffb41
15894492ns          263042 1c0081ce 00f4222b p.sw             x15, 4(x8!)          x8=10000e6c x15:44225beb  x8:10000e68  PA:10000e68
15894512ns          263043 1c0081c2 0046278b p.lw             x15, 4(x12!)        x15=428a9963 x12=1c0101c8 x12:1c0101c4  PA:1c0101c4
15894811ns          263058 1c0081c6 0046a58b p.lw             x11, 4(x13!)        x11=428137dd x13=1c010808 x13:1c010804  PA:1c010804
15895129ns          263074 1c0081ca 58f577c3 fmadd.s          f15, f10, f15, f11  f15=xxxxxxxx f10:418684fe f15:428a9963 f11:428137dd
15895149ns          263075 1c0081ce 00f4222b p.sw             x15, 4(x8!)          x8=10000e70 x15:4499bc13  x8:10000e6c  PA:10000e6c
15895169ns          263076 1c0081c2 0046278b p.lw             x15, 4(x12!)        x15=423213b5 x12=1c0101cc x12:1c0101c8  PA:1c0101c8
15895487ns          263092 1c0081c6 0046a58b p.lw             x11, 4(x13!)        x11=42956457 x13=1c01080c x13:1c010808  PA:1c010808
15895805ns          263108 1c0081ca 58f577c3 fmadd.s          f15, f10, f15, f11  f15=xxxxxxxx f10:418684fe f15:423213b5 f11:42956457
15895825ns          263109 1c0081ce 00f4222b p.sw             x15, 4(x8!)          x8=10000e74 x15:444dd232  x8:10000e70  PA:10000e70
15895845ns          263110 1c0081c2 0046278b p.lw             x15, 4(x12!)        x15=4253f646 x12=1c0101d0 x12:1c0101cc  PA:1c0101cc
15896143ns          263125 1c0081c6 0046a58b p.lw             x11, 4(x13!)        x11=42869d63 x13=1c010810 x13:1c01080c  PA:1c01080c
15896461ns          263141 1c0081ca 58f577c3 fmadd.s          f15, f10, f15, f11  f15=xxxxxxxx f10:418684fe f15:4253f646 f11:42869d63
15896481ns          263142 1c0081ce 00f4222b p.sw             x15, 4(x8!)          x8=10000e78 x15:446f95b8  x8:10000e74  PA:10000e74
15896501ns          263143 1c0081c2 0046278b p.lw             x15, 4(x12!)        x15=41368189 x12=1c0101d4 x12:1c0101d0  PA:1c0101d0
15896819ns          263159 1c0081c6 0046a58b p.lw             x11, 4(x13!)        x11=424a020f x13=1c010814 x13:1c010810  PA:1c010810
15897138ns          263175 1c0081ca 58f577c3 fmadd.s          f15, f10, f15, f11  f15=xxxxxxxx f10:418684fe f15:41368189 f11:424a020f
15897158ns          263176 1c0081ce 00f4222b p.sw             x15, 4(x8!)          x8=10000e7c x15:43724dbf  x8:10000e78  PA:10000e78
15897178ns          263177 1c0081c2 0046278b p.lw             x15, 4(x12!)        x15=417f8822 x12=1c0101d8 x12:1c0101d4  PA:1c0101d4
15897476ns          263192 1c0081c6 0046a58b p.lw             x11, 4(x13!)        x11=4008bfeb x13=1c010818 x13:1c010814  PA:1c010814
15897794ns          263208 1c0081ca 58f577c3 fmadd.s          f15, f10, f15, f11  f15=xxxxxxxx f10:418684fe f15:417f8822 f11:4008bfeb
15897814ns          263209 1c0081ce 00f4222b p.sw             x15, 4(x8!)          x8=10000e80 x15:43875781  x8:10000e7c  PA:10000e7c
15897834ns          263210 1c0081c2 0046278b p.lw             x15, 4(x12!)        x15=429942bf x12=1c0101dc x12:1c0101d8  PA:1c0101d8
15898152ns          263226 1c0081c6 0046a58b p.lw             x11, 4(x13!)        x11=4254dc7c x13=1c01081c x13:1c010818  PA:1c010818
15898470ns          263242 1c0081ca 58f577c3 fmadd.s          f15, f10, f15, f11  f15=xxxxxxxx f10:418684fe f15:429942bf f11:4254dc7c
15898490ns          263243 1c0081ce 00f4222b p.sw             x15, 4(x8!)          x8=10000e84 x15:44a7b801  x8:10000e80  PA:10000e80
15898510ns          263244 1c0081c2 0046278b p.lw             x15, 4(x12!)        x15=41f0b0a2 x12=1c0101e0 x12:1c0101dc  PA:1c0101dc
15898809ns          263259 1c0081c6 0046a58b p.lw             x11, 4(x13!)        x11=42ad09fb x13=1c010820 x13:1c01081c  PA:1c01081c
15899127ns          263275 1c0081ca 58f577c3 fmadd.s          f15, f10, f15, f11  f15=xxxxxxxx f10:418684fe f15:41f0b0a2 f11:42ad09fb
15899147ns          263276 1c0081ce 00f4222b p.sw             x15, 4(x8!)          x8=10000e88 x15:44141abe  x8:10000e84  PA:10000e84
15899167ns          263277 1c0081c2 0046278b p.lw             x15, 4(x12!)        x15=423c4961 x12=1c0101e4 x12:1c0101e0  PA:1c0101e0
15899485ns          263293 1c0081c6 0046a58b p.lw             x11, 4(x13!)        x11=41d5a919 x13=1c010824 x13:1c010820  PA:1c010820
15899803ns          263309 1c0081ca 58f577c3 fmadd.s          f15, f10, f15, f11  f15=xxxxxxxx f10:418684fe f15:423c4961 f11:41d5a919
15899823ns          263310 1c0081ce 00f4222b p.sw             x15, 4(x8!)          x8=10000e8c x15:444c8dbc  x8:10000e88  PA:10000e88
15899843ns          263311 1c0081c2 0046278b p.lw             x15, 4(x12!)        x15=4268a404 x12=1c0101e8 x12:1c0101e4  PA:1c0101e4
15900141ns          263326 1c0081c6 0046a58b p.lw             x11, 4(x13!)        x11=42af5f03 x13=1c010828 x13:1c010824  PA:1c010824
15900459ns          263342 1c0081ca 58f577c3 fmadd.s          f15, f10, f15, f11  f15=xxxxxxxx f10:418684fe f15:4268a404 f11:42af5f03
15900479ns          263343 1c0081ce 00f4222b p.sw             x15, 4(x8!)          x8=10000e90 x15:448534a6  x8:10000e8c  PA:10000e8c
15900499ns          263344 1c0081c2 0046278b p.lw             x15, 4(x12!)        x15=41ffede0 x12=1c0101ec x12:1c0101e8  PA:1c0101e8
15900818ns          263360 1c0081c6 0046a58b p.lw             x11, 4(x13!)        x11=41cf0b14 x13=1c01082c x13:1c010828  PA:1c010828
15901136ns          263376 1c0081ca 58f577c3 fmadd.s          f15, f10, f15, f11  f15=xxxxxxxx f10:418684fe f15:41ffede0 f11:41cf0b14
15901156ns          263377 1c0081ce 00f4222b p.sw             x15, 4(x8!)          x8=10000e94 x15:440cf3d0  x8:10000e90  PA:10000e90
15901176ns          263378 1c0081c2 0046278b p.lw             x15, 4(x12!)        x15=42936c90 x12=1c0101f0 x12:1c0101ec  PA:1c0101ec
15901474ns          263393 1c0081c6 0046a58b p.lw             x11, 4(x13!)        x11=41d8cddf x13=1c010830 x13:1c01082c  PA:1c01082c
15901792ns          263409 1c0081ca 58f577c3 fmadd.s          f15, f10, f15, f11  f15=xxxxxxxx f10:418684fe f15:42936c90 f11:41d8cddf
15901812ns          263410 1c0081ce 00f4222b p.sw             x15, 4(x8!)          x8=10000e98 x15:449e520b  x8:10000e94  PA:10000e94
15901832ns          263411 1c0081c2 0046278b p.lw             x15, 4(x12!)        x15=41bc7fde x12=1c0101f4 x12:1c0101f0  PA:1c0101f0
15902150ns          263427 1c0081c6 0046a58b p.lw             x11, 4(x13!)        x11=42253644 x13=1c010834 x13:1c010830  PA:1c010830
15902468ns          263443 1c0081ca 58f577c3 fmadd.s          f15, f10, f15, f11  f15=xxxxxxxx f10:418684fe f15:41bc7fde f11:42253644
15902488ns          263444 1c0081ce 00f4222b p.sw             x15, 4(x8!)          x8=10000e9c x15:43dac07f  x8:10000e98  PA:10000e98
15902508ns          263445 1c0081c2 0046278b p.lw             x15, 4(x12!)        x15=41dc4ef8 x12=1c0101f8 x12:1c0101f4  PA:1c0101f4
15902807ns          263460 1c0081c6 0046a58b p.lw             x11, 4(x13!)        x11=428ed9ae x13=1c010838 x13:1c010834  PA:1c010834
15903125ns          263476 1c0081ca 58f577c3 fmadd.s          f15, f10, f15, f11  f15=xxxxxxxx f10:418684fe f15:41dc4ef8 f11:428ed9ae
15903145ns          263477 1c0081ce 00f4222b p.sw             x15, 4(x8!)          x8=10000ea0 x15:44059eff  x8:10000e9c  PA:10000e9c
15903165ns          263478 1c0081c2 0046278b p.lw             x15, 4(x12!)        x15=41f85727 x12=1c0101fc x12:1c0101f8  PA:1c0101f8
15903483ns          263494 1c0081c6 0046a58b p.lw             x11, 4(x13!)        x11=4119562f x13=1c01083c x13:1c010838  PA:1c010838
15903801ns          263510 1c0081ca 58f577c3 fmadd.s          f15, f10, f15, f11  f15=xxxxxxxx f10:418684fe f15:41f85727 f11:4119562f
15903821ns          263511 1c0081ce 00f4222b p.sw             x15, 4(x8!)          x8=10000ea4 x15:4404e3fa  x8:10000ea0  PA:10000ea0
15903841ns          263512 1c0081c2 0046278b p.lw             x15, 4(x12!)        x15=42b618b6 x12=1c010200 x12:1c0101fc  PA:1c0101fc
15904139ns          263527 1c0081c6 0046a58b p.lw             x11, 4(x13!)        x11=41438c5b x13=1c010840 x13:1c01083c  PA:1c01083c
15904458ns          263543 1c0081ca 58f577c3 fmadd.s          f15, f10, f15, f11  f15=xxxxxxxx f10:418684fe f15:42b618b6 f11:41438c5b
15904477ns          263544 1c0081ce 00f4222b p.sw             x15, 4(x8!)          x8=10000ea8 x15:44c0e62a  x8:10000ea4  PA:10000ea4
15904497ns          263545 1c0081c2 0046278b p.lw             x15, 4(x12!)        x15=426b4ebb x12=1c010204 x12:1c010200  PA:1c010200
15904816ns          263561 1c0081c6 0046a58b p.lw             x11, 4(x13!)        x11=4245815c x13=1c010844 x13:1c010840  PA:1c010840
15905134ns          263577 1c0081ca 58f577c3 fmadd.s          f15, f10, f15, f11  f15=xxxxxxxx f10:418684fe f15:426b4ebb f11:4245815c
15905154ns          263578 1c0081ce 00f4222b p.sw             x15, 4(x8!)          x8=10000eac x15:4481d17f  x8:10000ea8  PA:10000ea8
15905174ns          263579 1c0081c2 0046278b p.lw             x15, 4(x12!)        x15=4142e152 x12=1c010208 x12:1c010204  PA:1c010204
15905472ns          263594 1c0081c6 0046a58b p.lw             x11, 4(x13!)        x11=42acac0a x13=1c010848 x13:1c010844  PA:1c010844
15905790ns          263610 1c0081ca 58f577c3 fmadd.s          f15, f10, f15, f11  f15=xxxxxxxx f10:418684fe f15:4142e152 f11:42acac0a
15905810ns          263611 1c0081ce 00f4222b p.sw             x15, 4(x8!)          x8=10000eb0 x15:43919231  x8:10000eac  PA:10000eac
15905830ns          263612 1c0081c2 0046278b p.lw             x15, 4(x12!)        x15=42761d6d x12=1c01020c x12:1c010208  PA:1c010208
15906148ns          263628 1c0081c6 0046a58b p.lw             x11, 4(x13!)        x11=42b27cca x13=1c01084c x13:1c010848  PA:1c010848
15906467ns          263644 1c0081ca 58f577c3 fmadd.s          f15, f10, f15, f11  f15=xxxxxxxx f10:418684fe f15:42761d6d f11:42b27cca
15906486ns          263645 1c0081ce 00f4222b p.sw             x15, 4(x8!)          x8=10000eb4 x15:448c7b0f  x8:10000eb0  PA:10000eb0
15906506ns          263646 1c0081c2 0046278b p.lw             x15, 4(x12!)        x15=418f8b63 x12=1c010210 x12:1c01020c  PA:1c01020c
15906805ns          263661 1c0081c6 0046a58b p.lw             x11, 4(x13!)        x11=40d233c2 x13=1c010850 x13:1c01084c  PA:1c01084c
15907123ns          263677 1c0081ca 58f577c3 fmadd.s          f15, f10, f15, f11  f15=xxxxxxxx f10:418684fe f15:418f8b63 f11:40d233c2
15907143ns          263678 1c0081ce 00f4222b p.sw             x15, 4(x8!)          x8=10000eb8 x15:439a23df  x8:10000eb4  PA:10000eb4
15907163ns          263679 1c0081c2 0046278b p.lw             x15, 4(x12!)        x15=414c090a x12=1c010214 x12:1c010210  PA:1c010210
15907481ns          263695 1c0081c6 0046a58b p.lw             x11, 4(x13!)        x11=41a6d898 x13=1c010854 x13:1c010850  PA:1c010850
15907799ns          263711 1c0081ca 58f577c3 fmadd.s          f15, f10, f15, f11  f15=xxxxxxxx f10:418684fe f15:414c090a f11:41a6d898
15907819ns          263712 1c0081ce 00f4222b p.sw             x15, 4(x8!)          x8=10000ebc x15:436b4888  x8:10000eb8  PA:10000eb8
15907839ns          263713 1c0081c2 0046278b p.lw             x15, 4(x12!)        x15=414fe1ae x12=1c010218 x12:1c010214  PA:1c010214
15908137ns          263728 1c0081c6 0046a58b p.lw             x11, 4(x13!)        x11=42a17b2e x13=1c010858 x13:1c010854  PA:1c010854
15908456ns          263744 1c0081ca 58f577c3 fmadd.s          f15, f10, f15, f11  f15=xxxxxxxx f10:418684fe f15:414fe1ae f11:42a17b2e
15908475ns          263745 1c0081ce 00f4222b p.sw             x15, 4(x8!)          x8=10000ec0 x15:43959aeb  x8:10000ebc  PA:10000ebc
15908495ns          263746 1c0081c2 0046278b p.lw             x15, 4(x12!)        x15=42b6fb83 x12=1c01021c x12:1c010218  PA:1c010218
15908814ns          263762 1c0081c6 0046a58b p.lw             x11, 4(x13!)        x11=4287ca2b x13=1c01085c x13:1c010858  PA:1c010858
15909132ns          263778 1c0081ca 58f577c3 fmadd.s          f15, f10, f15, f11  f15=xxxxxxxx f10:418684fe f15:42b6fb83 f11:4287ca2b
15909152ns          263779 1c0081ce 00f4222b p.sw             x15, 4(x8!)          x8=10000ec4 x15:44c8ca0e  x8:10000ec0  PA:10000ec0
15909172ns          263780 1c0081c2 0046278b p.lw             x15, 4(x12!)        x15=4216d0ec x12=1c010220 x12:1c01021c  PA:1c01021c
15909470ns          263795 1c0081c6 0046a58b p.lw             x11, 4(x13!)        x11=42021ef4 x13=1c010860 x13:1c01085c  PA:1c01085c
15909788ns          263811 1c0081ca 58f577c3 fmadd.s          f15, f10, f15, f11  f15=xxxxxxxx f10:418684fe f15:4216d0ec f11:42021ef4
15909808ns          263812 1c0081ce 00f4222b p.sw             x15, 4(x8!)          x8=10000ec8 x15:4426a159  x8:10000ec4  PA:10000ec4
15909828ns          263813 1c0081c2 0046278b p.lw             x15, 4(x12!)        x15=42737e56 x12=1c010224 x12:1c010220  PA:1c010220
15910146ns          263829 1c0081c6 0046a58b p.lw             x11, 4(x13!)        x11=42c5c772 x13=1c010864 x13:1c010860  PA:1c010860
15910465ns          263845 1c0081ca 58f577c3 fmadd.s          f15, f10, f15, f11  f15=xxxxxxxx f10:418684fe f15:42737e56 f11:42c5c772
15910484ns          263846 1c0081ce 00f4222b p.sw             x15, 4(x8!)          x8=10000ecc x15:448c4f17  x8:10000ec8  PA:10000ec8
15910504ns          263847 1c0081c2 0046278b p.lw             x15, 4(x12!)        x15=416e0572 x12=1c010228 x12:1c010224  PA:1c010224
15910803ns          263862 1c0081c6 0046a58b p.lw             x11, 4(x13!)        x11=418c898f x13=1c010868 x13:1c010864  PA:1c010864
15911121ns          263878 1c0081ca 58f577c3 fmadd.s          f15, f10, f15, f11  f15=xxxxxxxx f10:418684fe f15:416e0572 f11:418c898f
15911141ns          263879 1c0081ce 00f4222b p.sw             x15, 4(x8!)          x8=10000ed0 x15:4385db1a  x8:10000ecc  PA:10000ecc
15911161ns          263880 1c0081c2 0046278b p.lw             x15, 4(x12!)        x15=429e3cc5 x12=1c01022c x12:1c010228  PA:1c010228
15911479ns          263896 1c0081c6 0046a58b p.lw             x11, 4(x13!)        x11=3f72596f x13=1c01086c x13:1c010868  PA:1c010868
15911797ns          263912 1c0081ca 58f577c3 fmadd.s          f15, f10, f15, f11  f15=xxxxxxxx f10:418684fe f15:429e3cc5 f11:3f72596f
15911817ns          263913 1c0081ce 00f4222b p.sw             x15, 4(x8!)          x8=10000ed4 x15:44a66a52  x8:10000ed0  PA:10000ed0
15911837ns          263914 1c0081c2 0046278b p.lw             x15, 4(x12!)        x15=41f6dc7e x12=1c010230 x12:1c01022c  PA:1c01022c
15912135ns          263929 1c0081c6 0046a58b p.lw             x11, 4(x13!)        x11=429744e7 x13=1c010870 x13:1c01086c  PA:1c01086c
15912454ns          263945 1c0081ca 58f577c3 fmadd.s          f15, f10, f15, f11  f15=xxxxxxxx f10:418684fe f15:41f6dc7e f11:429744e7
15912474ns          263946 1c0081ce 00f4222b p.sw             x15, 4(x8!)          x8=10000ed8 x15:4414a045  x8:10000ed4  PA:10000ed4
15912493ns          263947 1c0081c2 0046278b p.lw             x15, 4(x12!)        x15=3fa86d54 x12=1c010234 x12:1c010230  PA:1c010230
15912812ns          263963 1c0081c6 0046a58b p.lw             x11, 4(x13!)        x11=42b6dfa9 x13=1c010874 x13:1c010870  PA:1c010870
15913130ns          263979 1c0081ca 58f577c3 fmadd.s          f15, f10, f15, f11  f15=xxxxxxxx f10:418684fe f15:3fa86d54 f11:42b6dfa9
15913150ns          263980 1c0081ce 00f4222b p.sw             x15, 4(x8!)          x8=10000edc x15:42e32006  x8:10000ed8  PA:10000ed8
15913170ns          263981 1c0081c2 0046278b p.lw             x15, 4(x12!)        x15=41aac626 x12=1c010238 x12:1c010234  PA:1c010234
15913468ns          263996 1c0081c6 0046a58b p.lw             x11, 4(x13!)        x11=426441d7 x13=1c010878 x13:1c010874  PA:1c010874
15913786ns          264012 1c0081ca 58f577c3 fmadd.s          f15, f10, f15, f11  f15=xxxxxxxx f10:418684fe f15:41aac626 f11:426441d7
15913806ns          264013 1c0081ce 00f4222b p.sw             x15, 4(x8!)          x8=10000ee0 x15:43d0011a  x8:10000edc  PA:10000edc
15913826ns          264014 1c0081c2 0046278b p.lw             x15, 4(x12!)        x15=4293bcb5 x12=1c01023c x12:1c010238  PA:1c010238
15914144ns          264030 1c0081c6 0046a58b p.lw             x11, 4(x13!)        x11=42073994 x13=1c01087c x13:1c010878  PA:1c010878
15914463ns          264046 1c0081ca 58f577c3 fmadd.s          f15, f10, f15, f11  f15=xxxxxxxx f10:418684fe f15:4293bcb5 f11:42073994
15914482ns          264047 1c0081ce 00f4222b p.sw             x15, 4(x8!)          x8=10000ee4 x15:449f7cda  x8:10000ee0  PA:10000ee0
15914502ns          264048 1c0081c2 0046278b p.lw             x15, 4(x12!)        x15=42a97496 x12=1c010240 x12:1c01023c  PA:1c01023c
15914801ns          264063 1c0081c6 0046a58b p.lw             x11, 4(x13!)        x11=42b2fe6e x13=1c010880 x13:1c01087c  PA:1c01087c
15915119ns          264079 1c0081ca 58f577c3 fmadd.s          f15, f10, f15, f11  f15=xxxxxxxx f10:418684fe f15:42a97496 f11:42b2fe6e
15915139ns          264080 1c0081ce 00f4222b p.sw             x15, 4(x8!)          x8=10000ee8 x15:44bd4604  x8:10000ee4  PA:10000ee4
15915159ns          264081 1c0081c2 0046278b p.lw             x15, 4(x12!)        x15=414cc0b6 x12=1c010244 x12:1c010240  PA:1c010240
15915477ns          264097 1c0081c6 0046a58b p.lw             x11, 4(x13!)        x11=42bd4e26 x13=1c010884 x13:1c010880  PA:1c010880
15915795ns          264113 1c0081ca 58f577c3 fmadd.s          f15, f10, f15, f11  f15=xxxxxxxx f10:418684fe f15:414cc0b6 f11:42bd4e26
15915815ns          264114 1c0081ce 00f4222b p.sw             x15, 4(x8!)          x8=10000eec x15:439aeac7  x8:10000ee8  PA:10000ee8
15915835ns          264115 1c0081c2 0046278b p.lw             x15, 4(x12!)        x15=42224b8c x12=1c010248 x12:1c010244  PA:1c010244
15916133ns          264130 1c0081c6 0046a58b p.lw             x11, 4(x13!)        x11=42c6743f x13=1c010888 x13:1c010884  PA:1c010884
15916452ns          264146 1c0081ca 58f577c3 fmadd.s          f15, f10, f15, f11  f15=xxxxxxxx f10:418684fe f15:42224b8c f11:42c6743f
15916472ns          264147 1c0081ce 00f4222b p.sw             x15, 4(x8!)          x8=10000ef0 x15:44435e3e  x8:10000eec  PA:10000eec
15916491ns          264148 1c0081c2 0046278b p.lw             x15, 4(x12!)        x15=4199a6c8 x12=1c01024c x12:1c010248  PA:1c010248
15916810ns          264164 1c0081c6 0046a58b p.lw             x11, 4(x13!)        x11=4242a1dc x13=1c01088c x13:1c010888  PA:1c010888
15917128ns          264180 1c0081ca 58f577c3 fmadd.s          f15, f10, f15, f11  f15=xxxxxxxx f10:418684fe f15:4199a6c8 f11:4242a1dc
15917148ns          264181 1c0081ce 00f4222b p.sw             x15, 4(x8!)          x8=10000ef4 x15:43b9ce7a  x8:10000ef0  PA:10000ef0
15917168ns          264182 1c0081c2 0046278b p.lw             x15, 4(x12!)        x15=4293dd88 x12=1c010250 x12:1c01024c  PA:1c01024c
15917466ns          264197 1c0081c6 0046a58b p.lw             x11, 4(x13!)        x11=41cc876f x13=1c010890 x13:1c01088c  PA:1c01088c
15917784ns          264213 1c0081ca 58f577c3 fmadd.s          f15, f10, f15, f11  f15=xxxxxxxx f10:418684fe f15:4293dd88 f11:41cc876f
15917804ns          264214 1c0081ce 00f4222b p.sw             x15, 4(x8!)          x8=10000ef8 x15:449e97aa  x8:10000ef4  PA:10000ef4
15917824ns          264215 1c0081c2 0046278b p.lw             x15, 4(x12!)        x15=42a1aac2 x12=1c010254 x12:1c010250  PA:1c010250
15918142ns          264231 1c0081c6 0046a58b p.lw             x11, 4(x13!)        x11=4213df9b x13=1c010894 x13:1c010890  PA:1c010890
15918461ns          264247 1c0081ca 58f577c3 fmadd.s          f15, f10, f15, f11  f15=xxxxxxxx f10:418684fe f15:42a1aac2 f11:4213df9b
15918481ns          264248 1c0081ce 00f4222b p.sw             x15, 4(x8!)          x8=10000efc x15:44ae85b9  x8:10000ef8  PA:10000ef8
15918500ns          264249 1c0081c2 0046278b p.lw             x15, 4(x12!)        x15=42bce8c1 x12=1c010258 x12:1c010254  PA:1c010254
15918799ns          264264 1c0081c6 0046a58b p.lw             x11, 4(x13!)        x11=429fca6e x13=1c010898 x13:1c010894  PA:1c010894
15919117ns          264280 1c0081ca 58f577c3 fmadd.s          f15, f10, f15, f11  f15=xxxxxxxx f10:418684fe f15:42bce8c1 f11:429fca6e
15919137ns          264281 1c0081ce 00f4222b p.sw             x15, 4(x8!)          x8=10000f00 x15:44d08498  x8:10000efc  PA:10000efc
15919157ns          264282 1c0081c2 0046278b p.lw             x15, 4(x12!)        x15=429fa64b x12=1c01025c x12:1c010258  PA:1c010258
15919475ns          264298 1c0081c6 0046a58b p.lw             x11, 4(x13!)        x11=42bd5f19 x13=1c01089c x13:1c010898  PA:1c010898
15919793ns          264314 1c0081ca 58f577c3 fmadd.s          f15, f10, f15, f11  f15=xxxxxxxx f10:418684fe f15:429fa64b f11:42bd5f19
15919813ns          264315 1c0081ce 00f4222b p.sw             x15, 4(x8!)          x8=10000f04 x15:44b39de8  x8:10000f00  PA:10000f00
15919833ns          264316 1c0081c2 0046278b p.lw             x15, 4(x12!)        x15=42a28114 x12=1c010260 x12:1c01025c  PA:1c01025c
15920131ns          264331 1c0081c6 0046a58b p.lw             x11, 4(x13!)        x11=42ae8296 x13=1c0108a0 x13:1c01089c  PA:1c01089c
15920450ns          264347 1c0081ca 58f577c3 fmadd.s          f15, f10, f15, f11  f15=xxxxxxxx f10:418684fe f15:42a28114 f11:42ae8296
15920470ns          264348 1c0081ce 00f4222b p.sw             x15, 4(x8!)          x8=10000f08 x15:44b5b022  x8:10000f04  PA:10000f04
15920489ns          264349 1c0081c2 0046278b p.lw             x15, 4(x12!)        x15=419048ea x12=1c010264 x12:1c010260  PA:1c010260
15920808ns          264365 1c0081c6 0046a58b p.lw             x11, 4(x13!)        x11=416e4db7 x13=1c0108a4 x13:1c0108a0  PA:1c0108a0
15921126ns          264381 1c0081ca 58f577c3 fmadd.s          f15, f10, f15, f11  f15=xxxxxxxx f10:418684fe f15:419048ea f11:416e4db7
15921146ns          264382 1c0081ce 00f4222b p.sw             x15, 4(x8!)          x8=10000f0c x15:439f14ac  x8:10000f08  PA:10000f08
15921166ns          264383 1c0081c2 0046278b p.lw             x15, 4(x12!)        x15=41801be9 x12=1c010268 x12:1c010264  PA:1c010264
15921464ns          264398 1c0081c6 0046a58b p.lw             x11, 4(x13!)        x11=4231c23d x13=1c0108a8 x13:1c0108a4  PA:1c0108a4
15921782ns          264414 1c0081ca 58f577c3 fmadd.s          f15, f10, f15, f11  f15=xxxxxxxx f10:418684fe f15:41801be9 f11:4231c23d
15921802ns          264415 1c0081ce 00f4222b p.sw             x15, 4(x8!)          x8=10000f10 x15:439cda9b  x8:10000f0c  PA:10000f0c
15921822ns          264416 1c0081c2 0046278b p.lw             x15, 4(x12!)        x15=41326e5e x12=1c01026c x12:1c010268  PA:1c010268
15922140ns          264432 1c0081c6 0046a58b p.lw             x11, 4(x13!)        x11=422268d6 x13=1c0108ac x13:1c0108a8  PA:1c0108a8
15922459ns          264448 1c0081ca 58f577c3 fmadd.s          f15, f10, f15, f11  f15=xxxxxxxx f10:418684fe f15:41326e5e f11:422268d6
15922479ns          264449 1c0081ce 00f4222b p.sw             x15, 4(x8!)          x8=10000f14 x15:43641f24  x8:10000f10  PA:10000f10
15922498ns          264450 1c0081c2 0046278b p.lw             x15, 4(x12!)        x15=4292fc66 x12=1c010270 x12:1c01026c  PA:1c01026c
15922797ns          264465 1c0081c6 0046a58b p.lw             x11, 4(x13!)        x11=42c1d42c x13=1c0108b0 x13:1c0108ac  PA:1c0108ac
15923115ns          264481 1c0081ca 58f577c3 fmadd.s          f15, f10, f15, f11  f15=xxxxxxxx f10:418684fe f15:4292fc66 f11:42c1d42c
15923135ns          264482 1c0081ce 00f4222b p.sw             x15, 4(x8!)          x8=10000f18 x15:44a69635  x8:10000f14  PA:10000f14
15923155ns          264483 1c0081c2 0046278b p.lw             x15, 4(x12!)        x15=41a34bf6 x12=1c010274 x12:1c010270  PA:1c010270
15923473ns          264499 1c0081c6 0046a58b p.lw             x11, 4(x13!)        x11=417d71d4 x13=1c0108b4 x13:1c0108b0  PA:1c0108b0
15923791ns          264515 1c0081ca 58f577c3 fmadd.s          f15, f10, f15, f11  f15=xxxxxxxx f10:418684fe f15:41a34bf6 f11:417d71d4
15923811ns          264516 1c0081ce 00f4222b p.sw             x15, 4(x8!)          x8=10000f1c x15:43b388bf  x8:10000f18  PA:10000f18
15923831ns          264517 1c0081c2 0046278b p.lw             x15, 4(x12!)        x15=42091153 x12=1c010278 x12:1c010274  PA:1c010274
15924129ns          264532 1c0081c6 0046a58b p.lw             x11, 4(x13!)        x11=41318706 x13=1c0108b8 x13:1c0108b4  PA:1c0108b4
15924448ns          264548 1c0081ca 58f577c3 fmadd.s          f15, f10, f15, f11  f15=xxxxxxxx f10:418684fe f15:42091153 f11:41318706
15924468ns          264549 1c0081ce 00f4222b p.sw             x15, 4(x8!)          x8=10000f20 x15:4412d2a9  x8:10000f1c  PA:10000f1c
15924488ns          264550 1c0081c2 0046278b p.lw             x15, 4(x12!)        x15=41494803 x12=1c01027c x12:1c010278  PA:1c010278
15924806ns          264566 1c0081c6 0046a58b p.lw             x11, 4(x13!)        x11=42882335 x13=1c0108bc x13:1c0108b8  PA:1c0108b8
15925124ns          264582 1c0081ca 58f577c3 fmadd.s          f15, f10, f15, f11  f15=xxxxxxxx f10:418684fe f15:41494803 f11:42882335
15925144ns          264583 1c0081ce 00f4222b p.sw             x15, 4(x8!)          x8=10000f24 x15:438bcd10  x8:10000f20  PA:10000f20
15925164ns          264584 1c0081c2 0046278b p.lw             x15, 4(x12!)        x15=4285e773 x12=1c010280 x12:1c01027c  PA:1c01027c
15925462ns          264599 1c0081c6 0046a58b p.lw             x11, 4(x13!)        x11=42717bc0 x13=1c0108c0 x13:1c0108bc  PA:1c0108bc
15925780ns          264615 1c0081ca 58f577c3 fmadd.s          f15, f10, f15, f11  f15=xxxxxxxx f10:418684fe f15:4285e773 f11:42717bc0
15925800ns          264616 1c0081ce 00f4222b p.sw             x15, 4(x8!)          x8=10000f28 x15:4494454b  x8:10000f24  PA:10000f24
15925820ns          264617 1c0081c2 0046278b p.lw             x15, 4(x12!)        x15=42a92972 x12=1c010284 x12:1c010280  PA:1c010280
15926138ns          264633 1c0081c6 0046a58b p.lw             x11, 4(x13!)        x11=42805064 x13=1c0108c4 x13:1c0108c0  PA:1c0108c0
15926457ns          264649 1c0081ca 58f577c3 fmadd.s          f15, f10, f15, f11  f15=xxxxxxxx f10:418684fe f15:42a92972 f11:42805064
15926477ns          264650 1c0081ce 00f4222b p.sw             x15, 4(x8!)          x8=10000f2c x15:44b9cc2c  x8:10000f28  PA:10000f28
15926496ns          264651 1c0081c2 0046278b p.lw             x15, 4(x12!)        x15=42bb2453 x12=1c010288 x12:1c010284  PA:1c010284
15926795ns          264666 1c0081c6 0046a58b p.lw             x11, 4(x13!)        x11=41e41d24 x13=1c0108c8 x13:1c0108c4  PA:1c0108c4
15927113ns          264682 1c0081ca 58f577c3 fmadd.s          f15, f10, f15, f11  f15=xxxxxxxx f10:418684fe f15:42bb2453 f11:41e41d24
15927133ns          264683 1c0081ce 00f4222b p.sw             x15, 4(x8!)          x8=10000f30 x15:44c83cec  x8:10000f2c  PA:10000f2c
15927153ns          264684 1c0081c2 0046278b p.lw             x15, 4(x12!)        x15=41ff1f19 x12=1c01028c x12:1c010288  PA:1c010288
15927471ns          264700 1c0081c6 0046a58b p.lw             x11, 4(x13!)        x11=41c3047e x13=1c0108cc x13:1c0108c8  PA:1c0108c8
15927789ns          264716 1c0081ca 58f577c3 fmadd.s          f15, f10, f15, f11  f15=xxxxxxxx f10:418684fe f15:41ff1f19 f11:41c3047e
15927809ns          264717 1c0081ce 00f4222b p.sw             x15, 4(x8!)          x8=10000f34 x15:440c26f4  x8:10000f30  PA:10000f30
15927829ns          264718 1c0081c2 0046278b p.lw             x15, 4(x12!)        x15=4294d98c x12=1c010290 x12:1c01028c  PA:1c01028c
15928128ns          264733 1c0081c6 0046a58b p.lw             x11, 4(x13!)        x11=42513b41 x13=1c0108d0 x13:1c0108cc  PA:1c0108cc
15928446ns          264749 1c0081ca 58f577c3 fmadd.s          f15, f10, f15, f11  f15=xxxxxxxx f10:418684fe f15:4294d98c f11:42513b41
15928466ns          264750 1c0081ce 00f4222b p.sw             x15, 4(x8!)          x8=10000f38 x15:44a2f840  x8:10000f34  PA:10000f34
15928486ns          264751 1c0081c2 0046278b p.lw             x15, 4(x12!)        x15=429ee305 x12=1c010294 x12:1c010290  PA:1c010290
15928804ns          264767 1c0081c6 0046a58b p.lw             x11, 4(x13!)        x11=41f4709e x13=1c0108d4 x13:1c0108d0  PA:1c0108d0
15929122ns          264783 1c0081ca 58f577c3 fmadd.s          f15, f10, f15, f11  f15=xxxxxxxx f10:418684fe f15:429ee305 f11:41f4709e
15929142ns          264784 1c0081ce 00f4222b p.sw             x15, 4(x8!)          x8=10000f3c x15:44aacc81  x8:10000f38  PA:10000f38
15929162ns          264785 1c0081c2 0046278b p.lw             x15, 4(x12!)        x15=41038589 x12=1c010298 x12:1c010294  PA:1c010294
15929460ns          264800 1c0081c6 0046a58b p.lw             x11, 4(x13!)        x11=41d3c441 x13=1c0108d8 x13:1c0108d4  PA:1c0108d4
15929778ns          264816 1c0081ca 58f577c3 fmadd.s          f15, f10, f15, f11  f15=xxxxxxxx f10:418684fe f15:41038589 f11:41d3c441
15929798ns          264817 1c0081ce 00f4222b p.sw             x15, 4(x8!)          x8=10000f40 x15:4324b0fa  x8:10000f3c  PA:10000f3c
15929818ns          264818 1c0081c2 0046278b p.lw             x15, 4(x12!)        x15=417aa122 x12=1c01029c x12:1c010298  PA:1c010298
15930136ns          264834 1c0081c6 0046a58b p.lw             x11, 4(x13!)        x11=3fd8f47b x13=1c0108dc x13:1c0108d8  PA:1c0108d8
15930455ns          264850 1c0081ca 58f577c3 fmadd.s          f15, f10, f15, f11  f15=xxxxxxxx f10:418684fe f15:417aa122 f11:3fd8f47b
15930475ns          264851 1c0081ce 00f4222b p.sw             x15, 4(x8!)          x8=10000f44 x15:43848b80  x8:10000f40  PA:10000f40
15930495ns          264852 1c0081c2 0046278b p.lw             x15, 4(x12!)        x15=42b1e7a5 x12=1c0102a0 x12:1c01029c  PA:1c01029c
15930793ns          264867 1c0081c6 0046a58b p.lw             x11, 4(x13!)        x11=41d88135 x13=1c0108e0 x13:1c0108dc  PA:1c0108dc
15931111ns          264883 1c0081ca 58f577c3 fmadd.s          f15, f10, f15, f11  f15=xxxxxxxx f10:418684fe f15:42b1e7a5 f11:41d88135
15931131ns          264884 1c0081ce 00f4222b p.sw             x15, 4(x8!)          x8=10000f48 x15:44be595d  x8:10000f44  PA:10000f44
15931151ns          264885 1c0081c2 0046278b p.lw             x15, 4(x12!)        x15=42b42492 x12=1c0102a4 x12:1c0102a0  PA:1c0102a0
15931469ns          264901 1c0081c6 0046a58b p.lw             x11, 4(x13!)        x11=42c3fc70 x13=1c0108e4 x13:1c0108e0  PA:1c0108e0
15931787ns          264917 1c0081ca 58f577c3 fmadd.s          f15, f10, f15, f11  f15=xxxxxxxx f10:418684fe f15:42b42492 f11:42c3fc70
15931807ns          264918 1c0081ce 00f4222b p.sw             x15, 4(x8!)          x8=10000f4c x15:44c9913b  x8:10000f48  PA:10000f48
15931827ns          264919 1c0081c2 0046278b p.lw             x15, 4(x12!)        x15=42c4012f x12=1c0102a8 x12:1c0102a4  PA:1c0102a4
15932126ns          264934 1c0081c6 0046a58b p.lw             x11, 4(x13!)        x11=42c5400a x13=1c0108e8 x13:1c0108e4  PA:1c0108e4
15932444ns          264950 1c0081ca 58f577c3 fmadd.s          f15, f10, f15, f11  f15=xxxxxxxx f10:418684fe f15:42c4012f f11:42c5400a
15932464ns          264951 1c0081ce 00f4222b p.sw             x15, 4(x8!)          x8=10000f50 x15:44da50e4  x8:10000f4c  PA:10000f4c
15932484ns          264952 1c0081c2 0046278b p.lw             x15, 4(x12!)        x15=42033392 x12=1c0102ac x12:1c0102a8  PA:1c0102a8
15932802ns          264968 1c0081c6 0046a58b p.lw             x11, 4(x13!)        x11=3fb4e387 x13=1c0108ec x13:1c0108e8  PA:1c0108e8
15933120ns          264984 1c0081ca 58f577c3 fmadd.s          f15, f10, f15, f11  f15=xxxxxxxx f10:418684fe f15:42033392 f11:3fb4e387
15933140ns          264985 1c0081ce 00f4222b p.sw             x15, 4(x8!)          x8=10000f54 x15:440a3cc0  x8:10000f50  PA:10000f50
15933160ns          264986 1c0081c2 0046278b p.lw             x15, 4(x12!)        x15=428a4d98 x12=1c0102b0 x12:1c0102ac  PA:1c0102ac
15933458ns          265001 1c0081c6 0046a58b p.lw             x11, 4(x13!)        x11=42872878 x13=1c0108f0 x13:1c0108ec  PA:1c0108ec
15933777ns          265017 1c0081ca 58f577c3 fmadd.s          f15, f10, f15, f11  f15=xxxxxxxx f10:418684fe f15:428a4d98 f11:42872878
15933796ns          265018 1c0081ce 00f4222b p.sw             x15, 4(x8!)          x8=10000f58 x15:4499cb75  x8:10000f54  PA:10000f54
15933816ns          265019 1c0081c2 0046278b p.lw             x15, 4(x12!)        x15=408a350e x12=1c0102b4 x12:1c0102b0  PA:1c0102b0
15934135ns          265035 1c0081c6 0046a58b p.lw             x11, 4(x13!)        x11=4210c065 x13=1c0108f4 x13:1c0108f0  PA:1c0108f0
15934453ns          265051 1c0081ca 58f577c3 fmadd.s          f15, f10, f15, f11  f15=xxxxxxxx f10:418684fe f15:408a350e f11:4210c065
15934473ns          265052 1c0081ce 00f4222b p.sw             x15, 4(x8!)          x8=10000f5c x15:42d99f56  x8:10000f58  PA:10000f58
15934493ns          265053 1c0081c2 0046278b p.lw             x15, 4(x12!)        x15=429a0d52 x12=1c0102b8 x12:1c0102b4  PA:1c0102b4
15934791ns          265068 1c0081c6 0046a58b p.lw             x11, 4(x13!)        x11=3ea51ba9 x13=1c0108f8 x13:1c0108f4  PA:1c0108f4
15935109ns          265084 1c0081ca 58f577c3 fmadd.s          f15, f10, f15, f11  f15=xxxxxxxx f10:418684fe f15:429a0d52 f11:3ea51ba9
15935129ns          265085 1c0081ce 00f4222b p.sw             x15, 4(x8!)          x8=10000f60 x15:44a1f053  x8:10000f5c  PA:10000f5c
15935149ns          265086 1c0081c2 0046278b p.lw             x15, 4(x12!)        x15=42810b2c x12=1c0102bc x12:1c0102b8  PA:1c0102b8
15935467ns          265102 1c0081c6 0046a58b p.lw             x11, 4(x13!)        x11=421d7ecd x13=1c0108fc x13:1c0108f8  PA:1c0108f8
15935785ns          265118 1c0081ca 58f577c3 fmadd.s          f15, f10, f15, f11  f15=xxxxxxxx f10:418684fe f15:42810b2c f11:421d7ecd
15935805ns          265119 1c0081ce 00f4222b p.sw             x15, 4(x8!)          x8=10000f64 x15:448c89bc  x8:10000f60  PA:10000f60
15935825ns          265120 1c0081c2 0046278b p.lw             x15, 4(x12!)        x15=40a264bb x12=1c0102c0 x12:1c0102bc  PA:1c0102bc
15936124ns          265135 1c0081c6 0046a58b p.lw             x11, 4(x13!)        x11=4244c549 x13=1c010900 x13:1c0108fc  PA:1c0108fc
15936442ns          265151 1c0081ca 58f577c3 fmadd.s          f15, f10, f15, f11  f15=xxxxxxxx f10:418684fe f15:40a264bb f11:4244c549
15936462ns          265152 1c0081ce 00f4222b p.sw             x15, 4(x8!)          x8=10000f68 x15:43068669  x8:10000f64  PA:10000f64
15936482ns          265153 1c0081c2 0046278b p.lw             x15, 4(x12!)        x15=4202a063 x12=1c0102c4 x12:1c0102c0  PA:1c0102c0
15936800ns          265169 1c0081c6 0046a58b p.lw             x11, 4(x13!)        x11=42ae2470 x13=1c010904 x13:1c010900  PA:1c010900
15937118ns          265185 1c0081ca 58f577c3 fmadd.s          f15, f10, f15, f11  f15=xxxxxxxx f10:418684fe f15:4202a063 f11:42ae2470
15937138ns          265186 1c0081ce 00f4222b p.sw             x15, 4(x8!)          x8=10000f6c x15:441f0c2e  x8:10000f68  PA:10000f68
15937158ns          265187 1c0081c2 0046278b p.lw             x15, 4(x12!)        x15=425ee855 x12=1c0102c8 x12:1c0102c4  PA:1c0102c4
15937456ns          265202 1c0081c6 0046a58b p.lw             x11, 4(x13!)        x11=429526a2 x13=1c010908 x13:1c010904  PA:1c010904
15937775ns          265218 1c0081ca 58f577c3 fmadd.s          f15, f10, f15, f11  f15=xxxxxxxx f10:418684fe f15:425ee855 f11:429526a2
15937794ns          265219 1c0081ce 00f4222b p.sw             x15, 4(x8!)          x8=10000f70 x15:447ce7a7  x8:10000f6c  PA:10000f6c
15937814ns          265220 1c0081c2 0046278b p.lw             x15, 4(x12!)        x15=42c09962 x12=1c0102cc x12:1c0102c8  PA:1c0102c8
15938133ns          265236 1c0081c6 0046a58b p.lw             x11, 4(x13!)        x11=4289434c x13=1c01090c x13:1c010908  PA:1c010908
15938451ns          265252 1c0081ca 58f577c3 fmadd.s          f15, f10, f15, f11  f15=xxxxxxxx f10:418684fe f15:42c09962 f11:4289434c
15938471ns          265253 1c0081ce 00f4222b p.sw             x15, 4(x8!)          x8=10000f74 x15:44d2fce4  x8:10000f70  PA:10000f70
15938491ns          265254 1c0081c2 0046278b p.lw             x15, 4(x12!)        x15=42807f54 x12=1c0102d0 x12:1c0102cc  PA:1c0102cc
15938789ns          265269 1c0081c6 0046a58b p.lw             x11, 4(x13!)        x11=421ac2ce x13=1c010910 x13:1c01090c  PA:1c01090c
15939107ns          265285 1c0081ca 58f577c3 fmadd.s          f15, f10, f15, f11  f15=xxxxxxxx f10:418684fe f15:42807f54 f11:421ac2ce
15939127ns          265286 1c0081ce 00f4222b p.sw             x15, 4(x8!)          x8=10000f78 x15:448be0e5  x8:10000f74  PA:10000f74
15939147ns          265287 1c0081c2 0046278b p.lw             x15, 4(x12!)        x15=41a16868 x12=1c0102d4 x12:1c0102d0  PA:1c0102d0
15939465ns          265303 1c0081c6 0046a58b p.lw             x11, 4(x13!)        x11=427801bd x13=1c010914 x13:1c010910  PA:1c010910
15939784ns          265319 1c0081ca 58f577c3 fmadd.s          f15, f10, f15, f11  f15=xxxxxxxx f10:418684fe f15:41a16868 f11:427801bd
15939803ns          265320 1c0081ce 00f4222b p.sw             x15, 4(x8!)          x8=10000f7c x15:43c8a138  x8:10000f78  PA:10000f78
15939823ns          265321 1c0081c2 0046278b p.lw             x15, 4(x12!)        x15=41654669 x12=1c0102d8 x12:1c0102d4  PA:1c0102d4
15940122ns          265336 1c0081c6 0046a58b p.lw             x11, 4(x13!)        x11=42567cb7 x13=1c010918 x13:1c010914  PA:1c010914
15940440ns          265352 1c0081ca 58f577c3 fmadd.s          f15, f10, f15, f11  f15=xxxxxxxx f10:418684fe f15:41654669 f11:42567cb7
15940460ns          265353 1c0081ce 00f4222b p.sw             x15, 4(x8!)          x8=10000f80 x15:4393498e  x8:10000f7c  PA:10000f7c
15940480ns          265354 1c0081c2 0046278b p.lw             x15, 4(x12!)        x15=414c478d x12=1c0102dc x12:1c0102d8  PA:1c0102d8
15940798ns          265370 1c0081c6 0046a58b p.lw             x11, 4(x13!)        x11=421dac7d x13=1c01091c x13:1c010918  PA:1c010918
15941116ns          265386 1c0081ca 58f577c3 fmadd.s          f15, f10, f15, f11  f15=xxxxxxxx f10:418684fe f15:414c478d f11:421dac7d
15941136ns          265387 1c0081ce 00f4222b p.sw             x15, 4(x8!)          x8=10000f84 x15:437e1a46  x8:10000f80  PA:10000f80
15941156ns          265388 1c0081c2 0046278b p.lw             x15, 4(x12!)        x15=3feeb4ea x12=1c0102e0 x12:1c0102dc  PA:1c0102dc
15941454ns          265403 1c0081c6 0046a58b p.lw             x11, 4(x13!)        x11=4180efe4 x13=1c010920 x13:1c01091c  PA:1c01091c
15941773ns          265419 1c0081ca 58f577c3 fmadd.s          f15, f10, f15, f11  f15=xxxxxxxx f10:418684fe f15:3feeb4ea f11:4180efe4
15941792ns          265420 1c0081ce 00f4222b p.sw             x15, 4(x8!)          x8=10000f88 x15:423de6a7  x8:10000f84  PA:10000f84
15941812ns          265421 1c0081c2 0046278b p.lw             x15, 4(x12!)        x15=426cd777 x12=1c0102e4 x12:1c0102e0  PA:1c0102e0
15942131ns          265437 1c0081c6 0046a58b p.lw             x11, 4(x13!)        x11=40a994a6 x13=1c010924 x13:1c010920  PA:1c010920
15942449ns          265453 1c0081ca 58f577c3 fmadd.s          f15, f10, f15, f11  f15=xxxxxxxx f10:418684fe f15:426cd777 f11:40a994a6
15942469ns          265454 1c0081ce 00f4222b p.sw             x15, 4(x8!)          x8=10000f8c x15:447a3ace  x8:10000f88  PA:10000f88
15942489ns          265455 1c0081c2 0046278b p.lw             x15, 4(x12!)        x15=42a45436 x12=1c0102e8 x12:1c0102e4  PA:1c0102e4
15942787ns          265470 1c0081c6 0046a58b p.lw             x11, 4(x13!)        x11=414d04e7 x13=1c010928 x13:1c010924  PA:1c010924
15943105ns          265486 1c0081ca 58f577c3 fmadd.s          f15, f10, f15, f11  f15=xxxxxxxx f10:418684fe f15:42a45436 f11:414d04e7
15943125ns          265487 1c0081ce 00f4222b p.sw             x15, 4(x8!)          x8=10000f90 x15:44ae4cef  x8:10000f8c  PA:10000f8c
15943145ns          265488 1c0081c2 0046278b p.lw             x15, 4(x12!)        x15=4265a6fa x12=1c0102ec x12:1c0102e8  PA:1c0102e8
15943463ns          265504 1c0081c6 0046a58b p.lw             x11, 4(x13!)        x11=42c6e596 x13=1c01092c x13:1c010928  PA:1c010928
15943782ns          265520 1c0081ca 58f577c3 fmadd.s          f15, f10, f15, f11  f15=xxxxxxxx f10:418684fe f15:4265a6fa f11:42c6e596
15943801ns          265521 1c0081ce 00f4222b p.sw             x15, 4(x8!)          x8=10000f94 x15:44851b0e  x8:10000f90  PA:10000f90
15943821ns          265522 1c0081c2 0046278b p.lw             x15, 4(x12!)        x15=423a7ba6 x12=1c0102f0 x12:1c0102ec  PA:1c0102ec
15944120ns          265537 1c0081c6 0046a58b p.lw             x11, 4(x13!)        x11=42af8c6a x13=1c010930 x13:1c01092c  PA:1c01092c
15944438ns          265553 1c0081ca 58f577c3 fmadd.s          f15, f10, f15, f11  f15=xxxxxxxx f10:418684fe f15:423a7ba6 f11:42af8c6a
15944458ns          265554 1c0081ce 00f4222b p.sw             x15, 4(x8!)          x8=10000f98 x15:4459ecc1  x8:10000f94  PA:10000f94
15944478ns          265555 1c0081c2 0046278b p.lw             x15, 4(x12!)        x15=421313bc x12=1c0102f4 x12:1c0102f0  PA:1c0102f0
15944796ns          265571 1c0081c6 0046a58b p.lw             x11, 4(x13!)        x11=42b4cd37 x13=1c010934 x13:1c010930  PA:1c010930
15945114ns          265587 1c0081ca 58f577c3 fmadd.s          f15, f10, f15, f11  f15=xxxxxxxx f10:418684fe f15:421313bc f11:42b4cd37
15945134ns          265588 1c0081ce 00f4222b p.sw             x15, 4(x8!)          x8=10000f9c x15:44312b20  x8:10000f98  PA:10000f98
15945154ns          265589 1c0081c2 0046278b p.lw             x15, 4(x12!)        x15=41c2c9b6 x12=1c0102f8 x12:1c0102f4  PA:1c0102f4
15945452ns          265604 1c0081c6 0046a58b p.lw             x11, 4(x13!)        x11=41d70e71 x13=1c010938 x13:1c010934  PA:1c010934
15945771ns          265620 1c0081ca 58f577c3 fmadd.s          f15, f10, f15, f11  f15=xxxxxxxx f10:418684fe f15:41c2c9b6 f11:41d70e71
15945791ns          265621 1c0081ce 00f4222b p.sw             x15, 4(x8!)          x8=10000fa0 x15:43da2674  x8:10000f9c  PA:10000f9c
15945810ns          265622 1c0081c2 0046278b p.lw             x15, 4(x12!)        x15=41e488f0 x12=1c0102fc x12:1c0102f8  PA:1c0102f8
15946129ns          265638 1c0081c6 0046a58b p.lw             x11, 4(x13!)        x11=424c5be4 x13=1c01093c x13:1c010938  PA:1c010938
15946447ns          265654 1c0081ca 58f577c3 fmadd.s          f15, f10, f15, f11  f15=xxxxxxxx f10:418684fe f15:41e488f0 f11:424c5be4
15946467ns          265655 1c0081ce 00f4222b p.sw             x15, 4(x8!)          x8=10000fa4 x15:4404dc25  x8:10000fa0  PA:10000fa0
15946487ns          265656 1c0081c2 0046278b p.lw             x15, 4(x12!)        x15=41e40bc3 x12=1c010300 x12:1c0102fc  PA:1c0102fc
15946785ns          265671 1c0081c6 0046a58b p.lw             x11, 4(x13!)        x11=424f8854 x13=1c010940 x13:1c01093c  PA:1c01093c
15947103ns          265687 1c0081ca 58f577c3 fmadd.s          f15, f10, f15, f11  f15=xxxxxxxx f10:418684fe f15:41e40bc3 f11:424f8854
15947123ns          265688 1c0081ce 00f4222b p.sw             x15, 4(x8!)          x8=10000fa8 x15:4404cd26  x8:10000fa4  PA:10000fa4
15947143ns          265689 1c0081c2 0046278b p.lw             x15, 4(x12!)        x15=40a3141a x12=1c010304 x12:1c010300  PA:1c010300
15947461ns          265705 1c0081c6 0046a58b p.lw             x11, 4(x13!)        x11=42afc30c x13=1c010944 x13:1c010940  PA:1c010940
15947780ns          265721 1c0081ca 58f577c3 fmadd.s          f15, f10, f15, f11  f15=xxxxxxxx f10:418684fe f15:40a3141a f11:42afc30c
15947799ns          265722 1c0081ce 00f4222b p.sw             x15, 4(x8!)          x8=10000fac x15:432d92c4  x8:10000fa8  PA:10000fa8
15947819ns          265723 1c0081c2 0046278b p.lw             x15, 4(x12!)        x15=4295f33d x12=1c010308 x12:1c010304  PA:1c010304
15948118ns          265738 1c0081c6 0046a58b p.lw             x11, 4(x13!)        x11=419192a9 x13=1c010948 x13:1c010944  PA:1c010944
15948436ns          265754 1c0081ca 58f577c3 fmadd.s          f15, f10, f15, f11  f15=xxxxxxxx f10:418684fe f15:4295f33d f11:419192a9
15948456ns          265755 1c0081ce 00f4222b p.sw             x15, 4(x8!)          x8=10000fb0 x15:449fdcbb  x8:10000fac  PA:10000fac
15948476ns          265756 1c0081c2 0046278b p.lw             x15, 4(x12!)        x15=429ebc52 x12=1c01030c x12:1c010308  PA:1c010308
15948794ns          265772 1c0081c6 0046a58b p.lw             x11, 4(x13!)        x11=42ad61a9 x13=1c01094c x13:1c010948  PA:1c010948
15949112ns          265788 1c0081ca 58f577c3 fmadd.s          f15, f10, f15, f11  f15=xxxxxxxx f10:418684fe f15:429ebc52 f11:42ad61a9
15949132ns          265789 1c0081ce 00f4222b p.sw             x15, 4(x8!)          x8=10000fb4 x15:44b1a82e  x8:10000fb0  PA:10000fb0
15949152ns          265790 1c0081c2 0046278b p.lw             x15, 4(x12!)        x15=428cc3b3 x12=1c010310 x12:1c01030c  PA:1c01030c
15949450ns          265805 1c0081c6 0046a58b p.lw             x11, 4(x13!)        x11=429f7f56 x13=1c010950 x13:1c01094c  PA:1c01094c
15949769ns          265821 1c0081ca 58f577c3 fmadd.s          f15, f10, f15, f11  f15=xxxxxxxx f10:418684fe f15:428cc3b3 f11:429f7f56
15949789ns          265822 1c0081ce 00f4222b p.sw             x15, 4(x8!)          x8=10000fb8 x15:449de716  x8:10000fb4  PA:10000fb4
15949808ns          265823 1c0081c2 0046278b p.lw             x15, 4(x12!)        x15=42948957 x12=1c010314 x12:1c010310  PA:1c010310
15950127ns          265839 1c0081c6 0046a58b p.lw             x11, 4(x13!)        x11=42b598b7 x13=1c010954 x13:1c010950  PA:1c010950
15950445ns          265855 1c0081ca 58f577c3 fmadd.s          f15, f10, f15, f11  f15=xxxxxxxx f10:418684fe f15:42948957 f11:42b598b7
15950465ns          265856 1c0081ce 00f4222b p.sw             x15, 4(x8!)          x8=10000fbc x15:44a773a7  x8:10000fb8  PA:10000fb8
15950485ns          265857 1c0081c2 0046278b p.lw             x15, 4(x12!)        x15=42887d7a x12=1c010318 x12:1c010314  PA:1c010314
15950783ns          265872 1c0081c6 0046a58b p.lw             x11, 4(x13!)        x11=429a56f1 x13=1c010958 x13:1c010954  PA:1c010954
15951101ns          265888 1c0081ca 58f577c3 fmadd.s          f15, f10, f15, f11  f15=xxxxxxxx f10:418684fe f15:42887d7a f11:429a56f1
15951121ns          265889 1c0081ce 00f4222b p.sw             x15, 4(x8!)          x8=10000fc0 x15:4499169b  x8:10000fbc  PA:10000fbc
15951141ns          265890 1c0081c2 0046278b p.lw             x15, 4(x12!)        x15=42113a65 x12=1c01031c x12:1c010318  PA:1c010318
15951459ns          265906 1c0081c6 0046a58b p.lw             x11, 4(x13!)        x11=42b73a31 x13=1c01095c x13:1c010958  PA:1c010958
15951778ns          265922 1c0081ca 58f577c3 fmadd.s          f15, f10, f15, f11  f15=xxxxxxxx f10:418684fe f15:42113a65 f11:42b73a31
15951798ns          265923 1c0081ce 00f4222b p.sw             x15, 4(x8!)          x8=10000fc4 x15:442f874c  x8:10000fc0  PA:10000fc0
15951817ns          265924 1c0081c2 0046278b p.lw             x15, 4(x12!)        x15=42b6b16b x12=1c010320 x12:1c01031c  PA:1c01031c
15952116ns          265939 1c0081c6 0046a58b p.lw             x11, 4(x13!)        x11=429e723a x13=1c010960 x13:1c01095c  PA:1c01095c
15952434ns          265955 1c0081ca 58f577c3 fmadd.s          f15, f10, f15, f11  f15=xxxxxxxx f10:418684fe f15:42b6b16b f11:429e723a
15952454ns          265956 1c0081ce 00f4222b p.sw             x15, 4(x8!)          x8=10000fc8 x15:44c9e6b1  x8:10000fc4  PA:10000fc4
15952474ns          265957 1c0081c2 0046278b p.lw             x15, 4(x12!)        x15=41889912 x12=1c010324 x12:1c010320  PA:1c010320
15952792ns          265973 1c0081c6 0046a58b p.lw             x11, 4(x13!)        x11=416bcb60 x13=1c010964 x13:1c010960  PA:1c010960
15953110ns          265989 1c0081ca 58f577c3 fmadd.s          f15, f10, f15, f11  f15=xxxxxxxx f10:418684fe f15:41889912 f11:416bcb60
15953130ns          265990 1c0081ce 00f4222b p.sw             x15, 4(x8!)          x8=10000fcc x15:4396ec87  x8:10000fc8  PA:10000fc8
15953150ns          265991 1c0081c2 0046278b p.lw             x15, 4(x12!)        x15=4220e79c x12=1c010328 x12:1c010324  PA:1c010324
15953448ns          266006 1c0081c6 0046a58b p.lw             x11, 4(x13!)        x11=41b322c6 x13=1c010968 x13:1c010964  PA:1c010964
15953767ns          266022 1c0081ca 58f577c3 fmadd.s          f15, f10, f15, f11  f15=xxxxxxxx f10:418684fe f15:4220e79c f11:41b322c6
15953787ns          266023 1c0081ce 00f4222b p.sw             x15, 4(x8!)          x8=10000fd0 x15:442eb2bc  x8:10000fcc  PA:10000fcc
15953806ns          266024 1c0081c2 0046278b p.lw             x15, 4(x12!)        x15=42afb0c5 x12=1c01032c x12:1c010328  PA:1c010328
15954125ns          266040 1c0081c6 0046a58b p.lw             x11, 4(x13!)        x11=429ff5a8 x13=1c01096c x13:1c010968  PA:1c010968
15954443ns          266056 1c0081ca 58f577c3 fmadd.s          f15, f10, f15, f11  f15=xxxxxxxx f10:418684fe f15:42afb0c5 f11:429ff5a8
15954463ns          266057 1c0081ce 00f4222b p.sw             x15, 4(x8!)          x8=10000fd4 x15:44c2a2f4  x8:10000fd0  PA:10000fd0
15954483ns          266058 1c0081c2 0046278b p.lw             x15, 4(x12!)        x15=420a855d x12=1c010330 x12:1c01032c  PA:1c01032c
15954781ns          266073 1c0081c6 0046a58b p.lw             x11, 4(x13!)        x11=429ad4ee x13=1c010970 x13:1c01096c  PA:1c01096c
15955099ns          266089 1c0081ca 58f577c3 fmadd.s          f15, f10, f15, f11  f15=xxxxxxxx f10:418684fe f15:420a855d f11:429ad4ee
15955119ns          266090 1c0081ce 00f4222b p.sw             x15, 4(x8!)          x8=10000fd8 x15:4424ee28  x8:10000fd4  PA:10000fd4
15955139ns          266091 1c0081d2 6bd010ef jal              x1, 7868             x1=1c0081d6
15955199ns          266094 1c00a08e f14027f3 csrrs            x15, x0, 0xf14      x15=00000001
15955219ns          266095 1c00a092 01f00713 addi             x14, x0, 31         x14=0000001f
15955239ns          266096 1c00a094 ca5797b3 p.extractu       x15, x15, 5, 5      x15=00000000 x15:00000001
15955259ns          266097 1c00a098 00e78863 beq              x15, x14, 16        x15:00000000 x14:0000001f
15955278ns          266098 1c00a09c 002047b7 lui              x15, 0x204000       x15=00204000
15955298ns          266099 1c00a0a0 20078793 addi             x15, x15, 512       x15=00204200 x15:00204000
15955318ns          266100 1c00a0a4 01c7e703 p.elw            x14, 28(x15)        x14=00010000 x15:00204200  PA:0020421c
15955875ns          266128 1c00a0a8 00008067 jalr             x0, x1, 0            x1:1c0081d6
15955935ns          266131 1c0081d6 f14027f3 csrrs            x15, x0, 0xf14      x15=00000001
15955955ns          266132 1c0081da f457b7b3 p.bclr           x15, x15, 26, 5     x15=00000001 x15:00000001
15956472ns          266158 1c0081de 26078263 beq              x15, x0, 612        x15:00000001
15956492ns          266159 1c0081e2 00410693 addi             x13, x2, 4          x13=10000e4c  x2:10000e48
15956512ns          266160 1c0081e4 40d407b3 sub              x15, x8, x13        x15=0000018c  x8:10000fd8 x13:10000e4c
15956532ns          266161 1c0081e8 ffc78793 addi             x15, x15, -4        x15=00000188 x15:0000018c
15956551ns          266162 1c0081ea 00012403 lw               x8, 0(x2)            x8=434c69c0  x2:10000e48  PA:10000e48
15956571ns          266163 1c0081ec 0027d793 srli             x15, x15, 0x2       x15=00000062 x15:00000188
15956591ns          266164 1c0081ee 00d00733 add              x14, x0, x13        x14=10000e4c x13:10000e4c
15956969ns          266183 1c0081f0 008009b3 add              x19, x0, x8         x19=434c69c0  x8:434c69c0
15956989ns          266184 1c0081f2 00178793 addi             x15, x15, 1         x15=00000063 x15:00000062
15957009ns          266185 1c0081f4 0047c0fb lp.setup         0x1, x15, 0x4       x15:00000063
15957029ns          266186 1c0081f8 0047260b p.lw             x12, 4(x14!)        x12=446b5675 x14=10000e50 x14:10000e4c  PA:10000e4c
15957069ns          266188 1c0081fc 00c9f9d3 fadd.s           f19, f19, f12       f19=xxxxxxxx f19:434c69c0 f12:446b5675
15957088ns          266189 1c0081f8 0047260b p.lw             x12, 4(x14!)        x12=44c7a672 x14=10000e54 x14:10000e50  PA:10000e50
15957128ns          266191 1c0081fc 00c9f9d3 fadd.s           f19, f19, f12       f19=xxxxxxxx f19:448f3872 f12:44c7a672
15957566ns          266213 1c0081f8 0047260b p.lw             x12, 4(x14!)        x12=44b64a3f x14=10000e58 x14:10000e54  PA:10000e54
15957606ns          266215 1c0081fc 00c9f9d3 fadd.s           f19, f19, f12       f19=xxxxxxxx f19:452b6f72 f12:44b64a3f
15957626ns          266216 1c0081f8 0047260b p.lw             x12, 4(x14!)        x12=44baa20c x14=10000e5c x14:10000e58  PA:10000e58
15957665ns          266218 1c0081fc 00c9f9d3 fadd.s           f19, f19, f12       f19=xxxxxxxx f19:45834a49 f12:44baa20c
15957685ns          266219 1c0081f8 0047260b p.lw             x12, 4(x14!)        x12=44d3abee x14=10000e60 x14:10000e5c  PA:10000e5c
15957725ns          266221 1c0081fc 00c9f9d3 fadd.s           f19, f19, f12       f19=xxxxxxxx f19:45b1f2cc f12:44d3abee
15957745ns          266222 1c0081f8 0047260b p.lw             x12, 4(x14!)        x12=43b200e0 x14=10000e64 x14:10000e60  PA:10000e60
15957785ns          266224 1c0081fc 00c9f9d3 fadd.s           f19, f19, f12       f19=xxxxxxxx f19:45e6ddc8 f12:43b200e0
15957805ns          266225 1c0081f8 0047260b p.lw             x12, 4(x14!)        x12=43cd516a x14=10000e68 x14:10000e64  PA:10000e64
15957844ns          266227 1c0081fc 00c9f9d3 fadd.s           f19, f19, f12       f19=xxxxxxxx f19:45f1fdd6 f12:43cd516a
15957864ns          266228 1c0081f8 0047260b p.lw             x12, 4(x14!)        x12=44225beb x14=10000e6c x14:10000e68  PA:10000e68
15957904ns          266230 1c0081fc 00c9f9d3 fadd.s           f19, f19, f12       f19=xxxxxxxx f19:45fed2ed f12:44225beb
15957924ns          266231 1c0081f8 0047260b p.lw             x12, 4(x14!)        x12=4499bc13 x14=10000e70 x14:10000e6c  PA:10000e6c
15957964ns          266233 1c0081fc 00c9f9d3 fadd.s           f19, f19, f12       f19=xxxxxxxx f19:46098f35 f12:4499bc13
15957984ns          266234 1c0081f8 0047260b p.lw             x12, 4(x14!)        x12=444dd232 x14=10000e74 x14:10000e70  PA:10000e70
15958023ns          266236 1c0081fc 00c9f9d3 fadd.s           f19, f19, f12       f19=xxxxxxxx f19:461cc6b7 f12:444dd232
15958043ns          266237 1c0081f8 0047260b p.lw             x12, 4(x14!)        x12=446f95b8 x14=10000e78 x14:10000e74  PA:10000e74
15958083ns          266239 1c0081fc 00c9f9d3 fadd.s           f19, f19, f12       f19=xxxxxxxx f19:4629a3da f12:446f95b8
15958103ns          266240 1c0081f8 0047260b p.lw             x12, 4(x14!)        x12=43724dbf x14=10000e7c x14:10000e78  PA:10000e78
15958143ns          266242 1c0081fc 00c9f9d3 fadd.s           f19, f19, f12       f19=xxxxxxxx f19:46389d36 f12:43724dbf
15958163ns          266243 1c0081f8 0047260b p.lw             x12, 4(x14!)        x12=43875781 x14=10000e80 x14:10000e7c  PA:10000e7c
15958202ns          266245 1c0081fc 00c9f9d3 fadd.s           f19, f19, f12       f19=xxxxxxxx f19:463c666d f12:43875781
15958222ns          266246 1c0081f8 0047260b p.lw             x12, 4(x14!)        x12=44a7b801 x14=10000e84 x14:10000e80  PA:10000e80
15958262ns          266248 1c0081fc 00c9f9d3 fadd.s           f19, f19, f12       f19=xxxxxxxx f19:4640a129 f12:44a7b801
15958282ns          266249 1c0081f8 0047260b p.lw             x12, 4(x14!)        x12=44141abe x14=10000e88 x14:10000e84  PA:10000e84
15958322ns          266251 1c0081fc 00c9f9d3 fadd.s           f19, f19, f12       f19=xxxxxxxx f19:46559829 f12:44141abe
15958342ns          266252 1c0081f8 0047260b p.lw             x12, 4(x14!)        x12=444c8dbc x14=10000e8c x14:10000e88  PA:10000e88
15958381ns          266254 1c0081fc 00c9f9d3 fadd.s           f19, f19, f12       f19=xxxxxxxx f19:465ed9d5 f12:444c8dbc
15958401ns          266255 1c0081f8 0047260b p.lw             x12, 4(x14!)        x12=448534a6 x14=10000e90 x14:10000e8c  PA:10000e8c
15958441ns          266257 1c0081fc 00c9f9d3 fadd.s           f19, f19, f12       f19=xxxxxxxx f19:466ba2b1 f12:448534a6
15958461ns          266258 1c0081f8 0047260b p.lw             x12, 4(x14!)        x12=440cf3d0 x14=10000e94 x14:10000e90  PA:10000e90
15958501ns          266260 1c0081fc 00c9f9d3 fadd.s           f19, f19, f12       f19=xxxxxxxx f19:467c4946 f12:440cf3d0
15958521ns          266261 1c0081f8 0047260b p.lw             x12, 4(x14!)        x12=449e520b x14=10000e98 x14:10000e94  PA:10000e94
15958560ns          266263 1c0081fc 00c9f9d3 fadd.s           f19, f19, f12       f19=xxxxxxxx f19:46828c42 f12:449e520b
15958580ns          266264 1c0081f8 0047260b p.lw             x12, 4(x14!)        x12=43dac07f x14=10000e9c x14:10000e98  PA:10000e98
15958620ns          266266 1c0081fc 00c9f9d3 fadd.s           f19, f19, f12       f19=xxxxxxxx f19:468c7163 f12:43dac07f
15958640ns          266267 1c0081f8 0047260b p.lw             x12, 4(x14!)        x12=44059eff x14=10000ea0 x14:10000e9c  PA:10000e9c
15958680ns          266269 1c0081fc 00c9f9d3 fadd.s           f19, f19, f12       f19=xxxxxxxx f19:468fdc65 f12:44059eff
15958700ns          266270 1c0081f8 0047260b p.lw             x12, 4(x14!)        x12=4404e3fa x14=10000ea4 x14:10000ea0  PA:10000ea0
15958739ns          266272 1c0081fc 00c9f9d3 fadd.s           f19, f19, f12       f19=xxxxxxxx f19:4694095d f12:4404e3fa
15958759ns          266273 1c0081f8 0047260b p.lw             x12, 4(x14!)        x12=44c0e62a x14=10000ea8 x14:10000ea4  PA:10000ea4
15958799ns          266275 1c0081fc 00c9f9d3 fadd.s           f19, f19, f12       f19=xxxxxxxx f19:4698307d f12:44c0e62a
15958819ns          266276 1c0081f8 0047260b p.lw             x12, 4(x14!)        x12=4481d17f x14=10000eac x14:10000ea8  PA:10000ea8
15958859ns          266278 1c0081fc 00c9f9d3 fadd.s           f19, f19, f12       f19=xxxxxxxx f19:46a43ee0 f12:4481d17f
15958879ns          266279 1c0081f8 0047260b p.lw             x12, 4(x14!)        x12=43919231 x14=10000eb0 x14:10000eac  PA:10000eac
15958918ns          266281 1c0081fc 00c9f9d3 fadd.s           f19, f19, f12       f19=xxxxxxxx f19:46ac5bf8 f12:43919231
15958938ns          266282 1c0081f8 0047260b p.lw             x12, 4(x14!)        x12=448c7b0f x14=10000eb4 x14:10000eb0  PA:10000eb0
15958978ns          266284 1c0081fc 00c9f9d3 fadd.s           f19, f19, f12       f19=xxxxxxxx f19:46aea241 f12:448c7b0f
15958998ns          266285 1c0081f8 0047260b p.lw             x12, 4(x14!)        x12=439a23df x14=10000eb8 x14:10000eb4  PA:10000eb4
15959038ns          266287 1c0081fc 00c9f9d3 fadd.s           f19, f19, f12       f19=xxxxxxxx f19:46b769f2 f12:439a23df
15959058ns          266288 1c0081f8 0047260b p.lw             x12, 4(x14!)        x12=436b4888 x14=10000ebc x14:10000eb8  PA:10000eb8
15959097ns          266290 1c0081fc 00c9f9d3 fadd.s           f19, f19, f12       f19=xxxxxxxx f19:46b9d281 f12:436b4888
15959117ns          266291 1c0081f8 0047260b p.lw             x12, 4(x14!)        x12=43959aeb x14=10000ec0 x14:10000ebc  PA:10000ebc
15959157ns          266293 1c0081fc 00c9f9d3 fadd.s           f19, f19, f12       f19=xxxxxxxx f19:46bba912 f12:43959aeb
15959177ns          266294 1c0081f8 0047260b p.lw             x12, 4(x14!)        x12=44c8ca0e x14=10000ec4 x14:10000ec0  PA:10000ec0
15959217ns          266296 1c0081fc 00c9f9d3 fadd.s           f19, f19, f12       f19=xxxxxxxx f19:46bdff7e f12:44c8ca0e
15959237ns          266297 1c0081f8 0047260b p.lw             x12, 4(x14!)        x12=4426a159 x14=10000ec8 x14:10000ec4  PA:10000ec4
15959276ns          266299 1c0081fc 00c9f9d3 fadd.s           f19, f19, f12       f19=xxxxxxxx f19:46ca8c1f f12:4426a159
15959296ns          266300 1c0081f8 0047260b p.lw             x12, 4(x14!)        x12=448c4f17 x14=10000ecc x14:10000ec8  PA:10000ec8
15959336ns          266302 1c0081fc 00c9f9d3 fadd.s           f19, f19, f12       f19=xxxxxxxx f19:46cfc12a f12:448c4f17
15959356ns          266303 1c0081f8 0047260b p.lw             x12, 4(x14!)        x12=4385db1a x14=10000ed0 x14:10000ecc  PA:10000ecc
15959396ns          266305 1c0081fc 00c9f9d3 fadd.s           f19, f19, f12       f19=xxxxxxxx f19:46d8861b f12:4385db1a
15959416ns          266306 1c0081f8 0047260b p.lw             x12, 4(x14!)        x12=44a66a52 x14=10000ed4 x14:10000ed0  PA:10000ed0
15959455ns          266308 1c0081fc 00c9f9d3 fadd.s           f19, f19, f12       f19=xxxxxxxx f19:46da9d87 f12:44a66a52
15959475ns          266309 1c0081f8 0047260b p.lw             x12, 4(x14!)        x12=4414a045 x14=10000ed8 x14:10000ed4  PA:10000ed4
15959515ns          266311 1c0081fc 00c9f9d3 fadd.s           f19, f19, f12       f19=xxxxxxxx f19:46e5042c f12:4414a045
15959535ns          266312 1c0081f8 0047260b p.lw             x12, 4(x14!)        x12=42e32006 x14=10000edc x14:10000ed8  PA:10000ed8
15959575ns          266314 1c0081fc 00c9f9d3 fadd.s           f19, f19, f12       f19=xxxxxxxx f19:46e9a92e f12:42e32006
15959595ns          266315 1c0081f8 0047260b p.lw             x12, 4(x14!)        x12=43d0011a x14=10000ee0 x14:10000edc  PA:10000edc
15959634ns          266317 1c0081fc 00c9f9d3 fadd.s           f19, f19, f12       f19=xxxxxxxx f19:46ea8c4e f12:43d0011a
15959654ns          266318 1c0081f8 0047260b p.lw             x12, 4(x14!)        x12=449f7cda x14=10000ee4 x14:10000ee0  PA:10000ee0
15959694ns          266320 1c0081fc 00c9f9d3 fadd.s           f19, f19, f12       f19=xxxxxxxx f19:46edcc52 f12:449f7cda
15959714ns          266321 1c0081f8 0047260b p.lw             x12, 4(x14!)        x12=44bd4604 x14=10000ee8 x14:10000ee4  PA:10000ee4
15959754ns          266323 1c0081fc 00c9f9d3 fadd.s           f19, f19, f12       f19=xxxxxxxx f19:46f7c420 f12:44bd4604
15959774ns          266324 1c0081f8 0047260b p.lw             x12, 4(x14!)        x12=439aeac7 x14=10000eec x14:10000ee8  PA:10000ee8
15959813ns          266326 1c0081fc 00c9f9d3 fadd.s           f19, f19, f12       f19=xxxxxxxx f19:4701cc40 f12:439aeac7
15959833ns          266327 1c0081f8 0047260b p.lw             x12, 4(x14!)        x12=44435e3e x14=10000ef0 x14:10000eec  PA:10000eec
15959873ns          266329 1c0081fc 00c9f9d3 fadd.s           f19, f19, f12       f19=xxxxxxxx f19:47030216 f12:44435e3e
15959893ns          266330 1c0081f8 0047260b p.lw             x12, 4(x14!)        x12=43b9ce7a x14=10000ef4 x14:10000ef0  PA:10000ef0
15959933ns          266332 1c0081fc 00c9f9d3 fadd.s           f19, f19, f12       f19=xxxxxxxx f19:47060f8f f12:43b9ce7a
15959953ns          266333 1c0081f8 0047260b p.lw             x12, 4(x14!)        x12=449e97aa x14=10000ef8 x14:10000ef4  PA:10000ef4
15959993ns          266335 1c0081fc 00c9f9d3 fadd.s           f19, f19, f12       f19=xxxxxxxx f19:4707832c f12:449e97aa
15960012ns          266336 1c0081f8 0047260b p.lw             x12, 4(x14!)        x12=44ae85b9 x14=10000efc x14:10000ef8  PA:10000ef8
15960052ns          266338 1c0081fc 00c9f9d3 fadd.s           f19, f19, f12       f19=xxxxxxxx f19:470c77e9 f12:44ae85b9
15960072ns          266339 1c0081f8 0047260b p.lw             x12, 4(x14!)        x12=44d08498 x14=10000f00 x14:10000efc  PA:10000efc
15960112ns          266341 1c0081fc 00c9f9d3 fadd.s           f19, f19, f12       f19=xxxxxxxx f19:4711ec17 f12:44d08498
15960132ns          266342 1c0081f8 0047260b p.lw             x12, 4(x14!)        x12=44b39de8 x14=10000f04 x14:10000f00  PA:10000f00
15960172ns          266344 1c0081fc 00c9f9d3 fadd.s           f19, f19, f12       f19=xxxxxxxx f19:4718703c f12:44b39de8
15960191ns          266345 1c0081f8 0047260b p.lw             x12, 4(x14!)        x12=44b5b022 x14=10000f08 x14:10000f04  PA:10000f04
15960231ns          266347 1c0081fc 00c9f9d3 fadd.s           f19, f19, f12       f19=xxxxxxxx f19:471e0d2b f12:44b5b022
15960251ns          266348 1c0081f8 0047260b p.lw             x12, 4(x14!)        x12=439f14ac x14=10000f0c x14:10000f08  PA:10000f08
15960291ns          266350 1c0081fc 00c9f9d3 fadd.s           f19, f19, f12       f19=xxxxxxxx f19:4723baac f12:439f14ac
15960311ns          266351 1c0081f8 0047260b p.lw             x12, 4(x14!)        x12=439cda9b x14=10000f10 x14:10000f0c  PA:10000f0c
15960351ns          266353 1c0081fc 00c9f9d3 fadd.s           f19, f19, f12       f19=xxxxxxxx f19:4724f8d5 f12:439cda9b
15960370ns          266354 1c0081f8 0047260b p.lw             x12, 4(x14!)        x12=43641f24 x14=10000f14 x14:10000f10  PA:10000f10
15960410ns          266356 1c0081fc 00c9f9d3 fadd.s           f19, f19, f12       f19=xxxxxxxx f19:4726328a f12:43641f24
15960430ns          266357 1c0081f8 0047260b p.lw             x12, 4(x14!)        x12=44a69635 x14=10000f18 x14:10000f14  PA:10000f14
15960470ns          266359 1c0081fc 00c9f9d3 fadd.s           f19, f19, f12       f19=xxxxxxxx f19:472716a9 f12:44a69635
15960490ns          266360 1c0081f8 0047260b p.lw             x12, 4(x14!)        x12=43b388bf x14=10000f1c x14:10000f18  PA:10000f18
15960530ns          266362 1c0081fc 00c9f9d3 fadd.s           f19, f19, f12       f19=xxxxxxxx f19:472c4b5b f12:43b388bf
15960549ns          266363 1c0081f8 0047260b p.lw             x12, 4(x14!)        x12=4412d2a9 x14=10000f20 x14:10000f1c  PA:10000f1c
15960589ns          266365 1c0081fc 00c9f9d3 fadd.s           f19, f19, f12       f19=xxxxxxxx f19:472db26c f12:4412d2a9
15960609ns          266366 1c0081f8 0047260b p.lw             x12, 4(x14!)        x12=438bcd10 x14=10000f24 x14:10000f20  PA:10000f20
15960649ns          266368 1c0081fc 00c9f9d3 fadd.s           f19, f19, f12       f19=xxxxxxxx f19:472ffdb7 f12:438bcd10
15960669ns          266369 1c0081f8 0047260b p.lw             x12, 4(x14!)        x12=4494454b x14=10000f28 x14:10000f24  PA:10000f24
15960709ns          266371 1c0081fc 00c9f9d3 fadd.s           f19, f19, f12       f19=xxxxxxxx f19:47311551 f12:4494454b
15960728ns          266372 1c0081f8 0047260b p.lw             x12, 4(x14!)        x12=44b9cc2c x14=10000f2c x14:10000f28  PA:10000f28
15960768ns          266374 1c0081fc 00c9f9d3 fadd.s           f19, f19, f12       f19=xxxxxxxx f19:4735b77b f12:44b9cc2c
15960788ns          266375 1c0081f8 0047260b p.lw             x12, 4(x14!)        x12=44c83cec x14=10000f30 x14:10000f2c  PA:10000f2c
15960828ns          266377 1c0081fc 00c9f9d3 fadd.s           f19, f19, f12       f19=xxxxxxxx f19:473b85dc f12:44c83cec
15960848ns          266378 1c0081f8 0047260b p.lw             x12, 4(x14!)        x12=440c26f4 x14=10000f34 x14:10000f30  PA:10000f30
15960888ns          266380 1c0081fc 00c9f9d3 fadd.s           f19, f19, f12       f19=xxxxxxxx f19:4741c7c3 f12:440c26f4
15960907ns          266381 1c0081f8 0047260b p.lw             x12, 4(x14!)        x12=44a2f840 x14=10000f38 x14:10000f34  PA:10000f34
15960947ns          266383 1c0081fc 00c9f9d3 fadd.s           f19, f19, f12       f19=xxxxxxxx f19:4743f85f f12:44a2f840
15960967ns          266384 1c0081f8 0047260b p.lw             x12, 4(x14!)        x12=44aacc81 x14=10000f3c x14:10000f38  PA:10000f38
15961007ns          266386 1c0081fc 00c9f9d3 fadd.s           f19, f19, f12       f19=xxxxxxxx f19:47491021 f12:44aacc81
15961027ns          266387 1c0081f8 0047260b p.lw             x12, 4(x14!)        x12=4324b0fa x14=10000f40 x14:10000f3c  PA:10000f3c
15961067ns          266389 1c0081fc 00c9f9d3 fadd.s           f19, f19, f12       f19=xxxxxxxx f19:474e6685 f12:4324b0fa
15961087ns          266390 1c0081f8 0047260b p.lw             x12, 4(x14!)        x12=43848b80 x14=10000f44 x14:10000f40  PA:10000f40
15961126ns          266392 1c0081fc 00c9f9d3 fadd.s           f19, f19, f12       f19=xxxxxxxx f19:474f0b36 f12:43848b80
15961146ns          266393 1c0081f8 0047260b p.lw             x12, 4(x14!)        x12=44be595d x14=10000f48 x14:10000f44  PA:10000f44
15961186ns          266395 1c0081fc 00c9f9d3 fadd.s           f19, f19, f12       f19=xxxxxxxx f19:4750144d f12:44be595d
15961206ns          266396 1c0081f8 0047260b p.lw             x12, 4(x14!)        x12=44c9913b x14=10000f4c x14:10000f48  PA:10000f48
15961246ns          266398 1c0081fc 00c9f9d3 fadd.s           f19, f19, f12       f19=xxxxxxxx f19:47560718 f12:44c9913b
15961266ns          266399 1c0081f8 0047260b p.lw             x12, 4(x14!)        x12=44da50e4 x14=10000f50 x14:10000f4c  PA:10000f4c
15961305ns          266401 1c0081fc 00c9f9d3 fadd.s           f19, f19, f12       f19=xxxxxxxx f19:475c53a2 f12:44da50e4
15961325ns          266402 1c0081f8 0047260b p.lw             x12, 4(x14!)        x12=440a3cc0 x14=10000f54 x14:10000f50  PA:10000f50
15961365ns          266404 1c0081fc 00c9f9d3 fadd.s           f19, f19, f12       f19=xxxxxxxx f19:47632629 f12:440a3cc0
15961385ns          266405 1c0081f8 0047260b p.lw             x12, 4(x14!)        x12=4499cb75 x14=10000f58 x14:10000f54  PA:10000f54
15961425ns          266407 1c0081fc 00c9f9d3 fadd.s           f19, f19, f12       f19=xxxxxxxx f19:47654f1c f12:4499cb75
15961445ns          266408 1c0081f8 0047260b p.lw             x12, 4(x14!)        x12=42d99f56 x14=10000f5c x14:10000f58  PA:10000f58
15961484ns          266410 1c0081fc 00c9f9d3 fadd.s           f19, f19, f12       f19=xxxxxxxx f19:476a1d78 f12:42d99f56
15961504ns          266411 1c0081f8 0047260b p.lw             x12, 4(x14!)        x12=44a1f053 x14=10000f60 x14:10000f5c  PA:10000f5c
15961544ns          266413 1c0081fc 00c9f9d3 fadd.s           f19, f19, f12       f19=xxxxxxxx f19:476a8a48 f12:44a1f053
15961564ns          266414 1c0081f8 0047260b p.lw             x12, 4(x14!)        x12=448c89bc x14=10000f64 x14:10000f60  PA:10000f60
15961604ns          266416 1c0081fc 00c9f9d3 fadd.s           f19, f19, f12       f19=xxxxxxxx f19:476f99cb f12:448c89bc
15961624ns          266417 1c0081f8 0047260b p.lw             x12, 4(x14!)        x12=43068669 x14=10000f68 x14:10000f64  PA:10000f64
15961663ns          266419 1c0081fc 00c9f9d3 fadd.s           f19, f19, f12       f19=xxxxxxxx f19:4773fe19 f12:43068669
15961683ns          266420 1c0081f8 0047260b p.lw             x12, 4(x14!)        x12=441f0c2e x14=10000f6c x14:10000f68  PA:10000f68
15961723ns          266422 1c0081fc 00c9f9d3 fadd.s           f19, f19, f12       f19=xxxxxxxx f19:4774849f f12:441f0c2e
15961743ns          266423 1c0081f8 0047260b p.lw             x12, 4(x14!)        x12=447ce7a7 x14=10000f70 x14:10000f6c  PA:10000f6c
15961783ns          266425 1c0081fc 00c9f9d3 fadd.s           f19, f19, f12       f19=xxxxxxxx f19:477700d0 f12:447ce7a7
15961803ns          266426 1c0081f8 0047260b p.lw             x12, 4(x14!)        x12=44d2fce4 x14=10000f74 x14:10000f70  PA:10000f70
15961842ns          266428 1c0081fc 00c9f9d3 fadd.s           f19, f19, f12       f19=xxxxxxxx f19:477af46f f12:44d2fce4
15961862ns          266429 1c0081f8 0047260b p.lw             x12, 4(x14!)        x12=448be0e5 x14=10000f78 x14:10000f74  PA:10000f74
15961902ns          266431 1c0081fc 00c9f9d3 fadd.s           f19, f19, f12       f19=xxxxxxxx f19:4780c62b f12:448be0e5
15961922ns          266432 1c0081f8 0047260b p.lw             x12, 4(x14!)        x12=43c8a138 x14=10000f7c x14:10000f78  PA:10000f78
15961962ns          266434 1c0081fc 00c9f9d3 fadd.s           f19, f19, f12       f19=xxxxxxxx f19:4782f5af f12:43c8a138
15961982ns          266435 1c0081f8 0047260b p.lw             x12, 4(x14!)        x12=4393498e x14=10000f80 x14:10000f7c  PA:10000f7c
15962021ns          266437 1c0081fc 00c9f9d3 fadd.s           f19, f19, f12       f19=xxxxxxxx f19:4783be50 f12:4393498e
15962041ns          266438 1c0081f8 0047260b p.lw             x12, 4(x14!)        x12=437e1a46 x14=10000f84 x14:10000f80  PA:10000f80
15962081ns          266440 1c0081fc 00c9f9d3 fadd.s           f19, f19, f12       f19=xxxxxxxx f19:4784519a f12:437e1a46
15962101ns          266441 1c0081f8 0047260b p.lw             x12, 4(x14!)        x12=423de6a7 x14=10000f88 x14:10000f84  PA:10000f84
15962141ns          266443 1c0081fc 00c9f9d3 fadd.s           f19, f19, f12       f19=xxxxxxxx f19:4784d0a7 f12:423de6a7
15962161ns          266444 1c0081f8 0047260b p.lw             x12, 4(x14!)        x12=447a3ace x14=10000f8c x14:10000f88  PA:10000f88
15962200ns          266446 1c0081fc 00c9f9d3 fadd.s           f19, f19, f12       f19=xxxxxxxx f19:4784e864 f12:447a3ace
15962220ns          266447 1c0081f8 0047260b p.lw             x12, 4(x14!)        x12=44ae4cef x14=10000f90 x14:10000f8c  PA:10000f8c
15962260ns          266449 1c0081fc 00c9f9d3 fadd.s           f19, f19, f12       f19=xxxxxxxx f19:4786dcda f12:44ae4cef
15962280ns          266450 1c0081f8 0047260b p.lw             x12, 4(x14!)        x12=44851b0e x14=10000f94 x14:10000f90  PA:10000f90
15962320ns          266452 1c0081fc 00c9f9d3 fadd.s           f19, f19, f12       f19=xxxxxxxx f19:4789960e f12:44851b0e
15962340ns          266453 1c0081f8 0047260b p.lw             x12, 4(x14!)        x12=4459ecc1 x14=10000f98 x14:10000f94  PA:10000f94
15962379ns          266455 1c0081fc 00c9f9d3 fadd.s           f19, f19, f12       f19=xxxxxxxx f19:478baa7a f12:4459ecc1
15962399ns          266456 1c0081f8 0047260b p.lw             x12, 4(x14!)        x12=44312b20 x14=10000f9c x14:10000f98  PA:10000f98
15962439ns          266458 1c0081fc 00c9f9d3 fadd.s           f19, f19, f12       f19=xxxxxxxx f19:478d5e54 f12:44312b20
15962459ns          266459 1c0081f8 0047260b p.lw             x12, 4(x14!)        x12=43da2674 x14=10000fa0 x14:10000f9c  PA:10000f9c
15962499ns          266461 1c0081fc 00c9f9d3 fadd.s           f19, f19, f12       f19=xxxxxxxx f19:478ec0aa f12:43da2674
15962519ns          266462 1c0081f8 0047260b p.lw             x12, 4(x14!)        x12=4404dc25 x14=10000fa4 x14:10000fa0  PA:10000fa0
15962558ns          266464 1c0081fc 00c9f9d3 fadd.s           f19, f19, f12       f19=xxxxxxxx f19:478f9ad0 f12:4404dc25
15962578ns          266465 1c0081f8 0047260b p.lw             x12, 4(x14!)        x12=4404cd26 x14=10000fa8 x14:10000fa4  PA:10000fa4
15962618ns          266467 1c0081fc 00c9f9d3 fadd.s           f19, f19, f12       f19=xxxxxxxx f19:4790a488 f12:4404cd26
15962638ns          266468 1c0081f8 0047260b p.lw             x12, 4(x14!)        x12=432d92c4 x14=10000fac x14:10000fa8  PA:10000fa8
15962678ns          266470 1c0081fc 00c9f9d3 fadd.s           f19, f19, f12       f19=xxxxxxxx f19:4791ae22 f12:432d92c4
15962698ns          266471 1c0081f8 0047260b p.lw             x12, 4(x14!)        x12=449fdcbb x14=10000fb0 x14:10000fac  PA:10000fac
15962737ns          266473 1c0081fc 00c9f9d3 fadd.s           f19, f19, f12       f19=xxxxxxxx f19:479204eb f12:449fdcbb
15962757ns          266474 1c0081f8 0047260b p.lw             x12, 4(x14!)        x12=44b1a82e x14=10000fb4 x14:10000fb0  PA:10000fb0
15962797ns          266476 1c0081fc 00c9f9d3 fadd.s           f19, f19, f12       f19=xxxxxxxx f19:4794845e f12:44b1a82e
15962817ns          266477 1c0081f8 0047260b p.lw             x12, 4(x14!)        x12=449de716 x14=10000fb8 x14:10000fb4  PA:10000fb4
15962857ns          266479 1c0081fc 00c9f9d3 fadd.s           f19, f19, f12       f19=xxxxxxxx f19:47974aff f12:449de716
15962877ns          266480 1c0081f8 0047260b p.lw             x12, 4(x14!)        x12=44a773a7 x14=10000fbc x14:10000fb8  PA:10000fb8
15962916ns          266482 1c0081fc 00c9f9d3 fadd.s           f19, f19, f12       f19=xxxxxxxx f19:4799c29b f12:44a773a7
15962936ns          266483 1c0081f8 0047260b p.lw             x12, 4(x14!)        x12=4499169b x14=10000fc0 x14:10000fbc  PA:10000fbc
15962976ns          266485 1c0081fc 00c9f9d3 fadd.s           f19, f19, f12       f19=xxxxxxxx f19:479c606a f12:4499169b
15962996ns          266486 1c0081f8 0047260b p.lw             x12, 4(x14!)        x12=442f874c x14=10000fc4 x14:10000fc0  PA:10000fc0
15963036ns          266488 1c0081fc 00c9f9d3 fadd.s           f19, f19, f12       f19=xxxxxxxx f19:479ec4c4 f12:442f874c
15963056ns          266489 1c0081f8 0047260b p.lw             x12, 4(x14!)        x12=44c9e6b1 x14=10000fc8 x14:10000fc4  PA:10000fc4
15963095ns          266491 1c0081fc 00c9f9d3 fadd.s           f19, f19, f12       f19=xxxxxxxx f19:47a023d3 f12:44c9e6b1
15963115ns          266492 1c0081f8 0047260b p.lw             x12, 4(x14!)        x12=4396ec87 x14=10000fcc x14:10000fc8  PA:10000fc8
15963155ns          266494 1c0081fc 00c9f9d3 fadd.s           f19, f19, f12       f19=xxxxxxxx f19:47a34b6e f12:4396ec87
15963175ns          266495 1c0081f8 0047260b p.lw             x12, 4(x14!)        x12=442eb2bc x14=10000fd0 x14:10000fcc  PA:10000fcc
15963215ns          266497 1c0081fc 00c9f9d3 fadd.s           f19, f19, f12       f19=xxxxxxxx f19:47a3e25b f12:442eb2bc
15963235ns          266498 1c0081f8 0047260b p.lw             x12, 4(x14!)        x12=44c2a2f4 x14=10000fd4 x14:10000fd0  PA:10000fd0
15963274ns          266500 1c0081fc 00c9f9d3 fadd.s           f19, f19, f12       f19=xxxxxxxx f19:47a53fc0 f12:44c2a2f4
15963294ns          266501 1c0081f8 0047260b p.lw             x12, 4(x14!)        x12=4424ee28 x14=10000fd8 x14:10000fd4  PA:10000fd4
15963334ns          266503 1c0081fc 00c9f9d3 fadd.s           f19, f19, f12       f19=xxxxxxxx f19:47a84a4c f12:4424ee28
15963354ns          266504 1c008200 40d707b3 sub              x15, x14, x13       x15=0000018c x14:10000fd8 x13:10000e4c
15963374ns          266505 1c008204 1c000737 lui              x14, 0x1c000000     x14=1c000000
15963394ns          266506 1c008208 01c72603 lw               x12, 28(x14)        x12=3c23d70a x14:1c000000  PA:1c00001c
15963812ns          266527 1c00820c ffc78793 addi             x15, x15, -4        x15=00000188 x15:0000018c
15963831ns          266528 1c00820e 10c9f653 fmul.s           f12, f19, f12       f12=xxxxxxxx f19:47a99428 f12:3c23d70a
15963851ns          266529 1c008212 0027d793 srli             x15, x15, 0x2       x15=00000062 x15:00000188
15963871ns          266530 1c008214 00178793 addi             x15, x15, 1         x15=00000063 x15:00000062
15963891ns          266531 1c008216 08c47453 fsub.s           f8, f8, f12          f8=xxxxxxxx  f8:434c69c0 f12:44590f8f
15963911ns          266532 1c00821a 10847453 fmul.s           f8, f8, f8           f8=xxxxxxxx  f8:c425f51f  f8:c425f51f
15964329ns          266553 1c00821e 0067c0fb lp.setup         0x1, x15, 0x6       x15:00000063
15964368ns          266555 1c008222 0046a70b p.lw             x14, 4(x13!)        x14=446b5675 x13=10000e50 x13:10000e4c  PA:10000e4c
15964408ns          266557 1c008226 08c77753 fsub.s           f14, f14, f12       f14=xxxxxxxx f14:446b5675 f12:44590f8f
15964428ns          266558 1c00822a 40e77443 fmadd.s          f8, f14, f14, f8     f8=xxxxxxxx f14:42923730 f14:42923730  f8:48d72bc9
15964448ns          266559 1c008222 0046a70b p.lw             x14, 4(x13!)        x14=44c7a672 x13=10000e54 x13:10000e50  PA:10000e50
15964488ns          266561 1c008226 08c77753 fsub.s           f14, f14, f12       f14=xxxxxxxx f14:44c7a672 f12:44590f8f
15964508ns          266562 1c00822a 40e77443 fmadd.s          f8, f14, f14, f8     f8=xxxxxxxx f14:44363d55 f14:44363d55  f8:48d9c7e1
15964528ns          266563 1c008222 0046a70b p.lw             x14, 4(x13!)        x14=44b64a3f x13=10000e58 x13:10000e54  PA:10000e54
15964567ns          266565 1c008226 08c77753 fsub.s           f14, f14, f12       f14=xxxxxxxx f14:44b64a3f f12:44590f8f
15964587ns          266566 1c00822a 40e77443 fmadd.s          f8, f14, f14, f8     f8=xxxxxxxx f14:441384ef f14:441384ef  f8:496e9f34
15964607ns          266567 1c008222 0046a70b p.lw             x14, 4(x13!)        x14=44baa20c x13=10000e5c x13:10000e58  PA:10000e58
15964647ns          266569 1c008226 08c77753 fsub.s           f14, f14, f12       f14=xxxxxxxx f14:44baa20c f12:44590f8f
15964667ns          266570 1c00822a 40e77443 fmadd.s          f8, f14, f14, f8     f8=xxxxxxxx f14:441c3489 f14:441c3489  f8:49a1d092
15964687ns          266571 1c008222 0046a70b p.lw             x14, 4(x13!)        x14=44d3abee x13=10000e60 x13:10000e5c  PA:10000e5c
15964727ns          266573 1c008226 08c77753 fsub.s           f14, f14, f12       f14=xxxxxxxx f14:44d3abee f12:44590f8f
15964746ns          266574 1c00822a 40e77443 fmadd.s          f8, f14, f14, f8     f8=xxxxxxxx f14:444e484d f14:444e484d  f8:49d1789b
15964766ns          266575 1c008222 0046a70b p.lw             x14, 4(x13!)        x14=43b200e0 x13=10000e64 x13:10000e60  PA:10000e60
15964806ns          266577 1c008226 08c77753 fsub.s           f14, f14, f12       f14=xxxxxxxx f14:43b200e0 f12:44590f8f
15964826ns          266578 1c00822a 40e77443 fmadd.s          f8, f14, f14, f8     f8=xxxxxxxx f14:c4000f1f f14:c4000f1f  f8:4a124a6a
15964846ns          266579 1c008222 0046a70b p.lw             x14, 4(x13!)        x14=43cd516a x13=10000e68 x13:10000e64  PA:10000e64
15964886ns          266581 1c008226 08c77753 fsub.s           f14, f14, f12       f14=xxxxxxxx f14:43cd516a f12:44590f8f
15964906ns          266582 1c00822a 40e77443 fmadd.s          f8, f14, f14, f8     f8=xxxxxxxx f14:c3e4cdb4 f14:c3e4cdb4  f8:4a224e32
15964925ns          266583 1c008222 0046a70b p.lw             x14, 4(x13!)        x14=44225beb x13=10000e6c x13:10000e68  PA:10000e68
15964965ns          266585 1c008226 08c77753 fsub.s           f14, f14, f12       f14=xxxxxxxx f14:44225beb f12:44590f8f
15964985ns          266586 1c00822a 40e77443 fmadd.s          f8, f14, f14, f8     f8=xxxxxxxx f14:c35ace90 f14:c35ace90  f8:4a2f1623
15965005ns          266587 1c008222 0046a70b p.lw             x14, 4(x13!)        x14=4499bc13 x13=10000e70 x13:10000e6c  PA:10000e6c
15965045ns          266589 1c008226 08c77753 fsub.s           f14, f14, f12       f14=xxxxxxxx f14:4499bc13 f12:44590f8f
15965065ns          266590 1c00822a 40e77443 fmadd.s          f8, f14, f14, f8     f8=xxxxxxxx f14:43b4d12e f14:43b4d12e  f8:4a320235
15965085ns          266591 1c008222 0046a70b p.lw             x14, 4(x13!)        x14=444dd232 x13=10000e74 x13:10000e70  PA:10000e70
15965124ns          266593 1c008226 08c77753 fsub.s           f14, f14, f12       f14=xxxxxxxx f14:444dd232 f12:44590f8f
15965144ns          266594 1c00822a 40e77443 fmadd.s          f8, f14, f14, f8     f8=xxxxxxxx f14:c233d5d0 f14:c233d5d0  f8:4a39fda2
15965164ns          266595 1c008222 0046a70b p.lw             x14, 4(x13!)        x14=446f95b8 x13=10000e78 x13:10000e74  PA:10000e74
15965204ns          266597 1c008226 08c77753 fsub.s           f14, f14, f12       f14=xxxxxxxx f14:446f95b8 f12:44590f8f
15965224ns          266598 1c00822a 40e77443 fmadd.s          f8, f14, f14, f8     f8=xxxxxxxx f14:42b43148 f14:42b43148  f8:4a3a1d37
15965244ns          266599 1c008222 0046a70b p.lw             x14, 4(x13!)        x14=43724dbf x13=10000e7c x13:10000e78  PA:10000e78
15965283ns          266601 1c008226 08c77753 fsub.s           f14, f14, f12       f14=xxxxxxxx f14:43724dbf f12:44590f8f
15965303ns          266602 1c00822a 40e77443 fmadd.s          f8, f14, f14, f8     f8=xxxxxxxx f14:c41c7c1f f14:c41c7c1f  f8:4a3a9c0c
15965323ns          266603 1c008222 0046a70b p.lw             x14, 4(x13!)        x14=43875781 x13=10000e80 x13:10000e7c  PA:10000e7c
15965363ns          266605 1c008226 08c77753 fsub.s           f14, f14, f12       f14=xxxxxxxx f14:43875781 f12:44590f8f
15965383ns          266606 1c00822a 40e77443 fmadd.s          f8, f14, f14, f8     f8=xxxxxxxx f14:c41563ce f14:c41563ce  f8:4a5285ec
15965403ns          266607 1c008222 0046a70b p.lw             x14, 4(x13!)        x14=44a7b801 x13=10000e84 x13:10000e80  PA:10000e80
15965443ns          266609 1c008226 08c77753 fsub.s           f14, f14, f12       f14=xxxxxxxx f14:44a7b801 f12:44590f8f
15965462ns          266610 1c00822a 40e77443 fmadd.s          f8, f14, f14, f8     f8=xxxxxxxx f14:43ecc0e6 f14:43ecc0e6  f8:4a685141
15965482ns          266611 1c008222 0046a70b p.lw             x14, 4(x13!)        x14=44141abe x13=10000e88 x13:10000e84  PA:10000e84
15965522ns          266613 1c008226 08c77753 fsub.s           f14, f14, f12       f14=xxxxxxxx f14:44141abe f12:44590f8f
15965542ns          266614 1c00822a 40e77443 fmadd.s          f8, f14, f14, f8     f8=xxxxxxxx f14:c389e9a2 f14:c389e9a2  f8:4a760085
15965562ns          266615 1c008222 0046a70b p.lw             x14, 4(x13!)        x14=444c8dbc x13=10000e8c x13:10000e88  PA:10000e88
15965602ns          266617 1c008226 08c77753 fsub.s           f14, f14, f12       f14=xxxxxxxx f14:444c8dbc f12:44590f8f
15965622ns          266618 1c00822a 40e77443 fmadd.s          f8, f14, f14, f8     f8=xxxxxxxx f14:c2481d30 f14:c2481d30  f8:4a7aa543
15965641ns          266619 1c008222 0046a70b p.lw             x14, 4(x13!)        x14=448534a6 x13=10000e90 x13:10000e8c  PA:10000e8c
15965681ns          266621 1c008226 08c77753 fsub.s           f14, f14, f12       f14=xxxxxxxx f14:448534a6 f12:44590f8f
15965701ns          266622 1c00822a 40e77443 fmadd.s          f8, f14, f14, f8     f8=xxxxxxxx f14:434566f4 f14:434566f4  f8:4a7acc5e
15965721ns          266623 1c008222 0046a70b p.lw             x14, 4(x13!)        x14=440cf3d0 x13=10000e94 x13:10000e90  PA:10000e90
15965761ns          266625 1c008226 08c77753 fsub.s           f14, f14, f12       f14=xxxxxxxx f14:440cf3d0 f12:44590f8f
15965781ns          266626 1c00822a 40e77443 fmadd.s          f8, f14, f14, f8     f8=xxxxxxxx f14:c398377e f14:c398377e  f8:4a7d2d3c
15965801ns          266627 1c008222 0046a70b p.lw             x14, 4(x13!)        x14=449e520b x13=10000e98 x13:10000e94  PA:10000e94
15965840ns          266629 1c008226 08c77753 fsub.s           f14, f14, f12       f14=xxxxxxxx f14:449e520b f12:44590f8f
15965860ns          266630 1c00822a 40e77443 fmadd.s          f8, f14, f14, f8     f8=xxxxxxxx f14:43c7290e f14:43c7290e  f8:4a816aae
15965880ns          266631 1c008222 0046a70b p.lw             x14, 4(x13!)        x14=43dac07f x13=10000e9c x13:10000e98  PA:10000e98
15965920ns          266633 1c008226 08c77753 fsub.s           f14, f14, f12       f14=xxxxxxxx f14:43dac07f f12:44590f8f
15965940ns          266634 1c00822a 40e77443 fmadd.s          f8, f14, f14, f8     f8=xxxxxxxx f14:c3d75e9f f14:c3d75e9f  f8:4a864235
15965960ns          266635 1c008222 0046a70b p.lw             x14, 4(x13!)        x14=44059eff x13=10000ea0 x13:10000e9c  PA:10000e9c
15966000ns          266637 1c008226 08c77753 fsub.s           f14, f14, f12       f14=xxxxxxxx f14:44059eff f12:44590f8f
15966019ns          266638 1c00822a 40e77443 fmadd.s          f8, f14, f14, f8     f8=xxxxxxxx f14:c3a6e120 f14:c3a6e120  f8:4a8bebb6
15966039ns          266639 1c008222 0046a70b p.lw             x14, 4(x13!)        x14=4404e3fa x13=10000ea4 x13:10000ea0  PA:10000ea0
15966079ns          266641 1c008226 08c77753 fsub.s           f14, f14, f12       f14=xxxxxxxx f14:4404e3fa f12:44590f8f
15966099ns          266642 1c00822a 40e77443 fmadd.s          f8, f14, f14, f8     f8=xxxxxxxx f14:c3a8572a f14:c3a8572a  f8:4a8f51fc
15966119ns          266643 1c008222 0046a70b p.lw             x14, 4(x13!)        x14=44c0e62a x13=10000ea8 x13:10000ea4  PA:10000ea4
15966159ns          266645 1c008226 08c77753 fsub.s           f14, f14, f12       f14=xxxxxxxx f14:44c0e62a f12:44590f8f
15966179ns          266646 1c00822a 40e77443 fmadd.s          f8, f14, f14, f8     f8=xxxxxxxx f14:4428bcc5 f14:4428bcc5  f8:4a92c790
15966198ns          266647 1c008222 0046a70b p.lw             x14, 4(x13!)        x14=4481d17f x13=10000eac x13:10000ea8  PA:10000ea8
15966238ns          266649 1c008226 08c77753 fsub.s           f14, f14, f12       f14=xxxxxxxx f14:4481d17f f12:44590f8f
15966258ns          266650 1c00822a 40e77443 fmadd.s          f8, f14, f14, f8     f8=xxxxxxxx f14:432a4dbc f14:432a4dbc  f8:4aa0ae9a
15966278ns          266651 1c008222 0046a70b p.lw             x14, 4(x13!)        x14=43919231 x13=10000eb0 x13:10000eac  PA:10000eac
15966318ns          266653 1c008226 08c77753 fsub.s           f14, f14, f12       f14=xxxxxxxx f14:43919231 f12:44590f8f
15966338ns          266654 1c00822a 40e77443 fmadd.s          f8, f14, f14, f8     f8=xxxxxxxx f14:c4104676 f14:c4104676  f8:4aa19131
15966358ns          266655 1c008222 0046a70b p.lw             x14, 4(x13!)        x14=448c7b0f x13=10000eb4 x13:10000eb0  PA:10000eb0
15966397ns          266657 1c008226 08c77753 fsub.s           f14, f14, f12       f14=xxxxxxxx f14:448c7b0f f12:44590f8f
15966417ns          266658 1c00822a 40e77443 fmadd.s          f8, f14, f14, f8     f8=xxxxxxxx f14:437f9a3c f14:437f9a3c  f8:4aabbb1c
15966437ns          266659 1c008222 0046a70b p.lw             x14, 4(x13!)        x14=439a23df x13=10000eb8 x13:10000eb4  PA:10000eb4
15966477ns          266661 1c008226 08c77753 fsub.s           f14, f14, f12       f14=xxxxxxxx f14:439a23df f12:44590f8f
15966497ns          266662 1c00822a 40e77443 fmadd.s          f8, f14, f14, f8     f8=xxxxxxxx f14:c40bfda0 f14:c40bfda0  f8:4aadb985
15966517ns          266663 1c008222 0046a70b p.lw             x14, 4(x13!)        x14=436b4888 x13=10000ebc x13:10000eb8  PA:10000eb8
15966556ns          266665 1c008226 08c77753 fsub.s           f14, f14, f12       f14=xxxxxxxx f14:436b4888 f12:44590f8f
15966576ns          266666 1c00822a 40e77443 fmadd.s          f8, f14, f14, f8     f8=xxxxxxxx f14:c41e3d6d f14:c41e3d6d  f8:4ab74b32
15966596ns          266667 1c008222 0046a70b p.lw             x14, 4(x13!)        x14=43959aeb x13=10000ec0 x13:10000ebc  PA:10000ebc
15966636ns          266669 1c008226 08c77753 fsub.s           f14, f14, f12       f14=xxxxxxxx f14:43959aeb f12:44590f8f
15966656ns          266670 1c00822a 40e77443 fmadd.s          f8, f14, f14, f8     f8=xxxxxxxx f14:c40e421a f14:c40e421a  f8:4ac3852e
15966676ns          266671 1c008222 0046a70b p.lw             x14, 4(x13!)        x14=44c8ca0e x13=10000ec4 x13:10000ec0  PA:10000ec0
15966716ns          266673 1c008226 08c77753 fsub.s           f14, f14, f12       f14=xxxxxxxx f14:44c8ca0e f12:44590f8f
15966735ns          266674 1c00822a 40e77443 fmadd.s          f8, f14, f14, f8     f8=xxxxxxxx f14:4438848d f14:4438848d  f8:4acd66db
15966755ns          266675 1c008222 0046a70b p.lw             x14, 4(x13!)        x14=4426a159 x13=10000ec8 x13:10000ec4  PA:10000ec4
15966795ns          266677 1c008226 08c77753 fsub.s           f14, f14, f12       f14=xxxxxxxx f14:4426a159 f12:44590f8f
15966815ns          266678 1c00822a 40e77443 fmadd.s          f8, f14, f14, f8     f8=xxxxxxxx f14:c349b8d8 f14:c349b8d8  f8:4ade06b5
15966835ns          266679 1c008222 0046a70b p.lw             x14, 4(x13!)        x14=448c4f17 x13=10000ecc x13:10000ec8  PA:10000ec8
15966875ns          266681 1c008226 08c77753 fsub.s           f14, f14, f12       f14=xxxxxxxx f14:448c4f17 f12:44590f8f
15966895ns          266682 1c00822a 40e77443 fmadd.s          f8, f14, f14, f8     f8=xxxxxxxx f14:437e3a7c f14:437e3a7c  f8:4adf449d
15966914ns          266683 1c008222 0046a70b p.lw             x14, 4(x13!)        x14=4385db1a x13=10000ed0 x13:10000ecc  PA:10000ecc
15966954ns          266685 1c008226 08c77753 fsub.s           f14, f14, f12       f14=xxxxxxxx f14:4385db1a f12:44590f8f
15966974ns          266686 1c00822a 40e77443 fmadd.s          f8, f14, f14, f8     f8=xxxxxxxx f14:c4162202 f14:c4162202  f8:4ae13d8d
15966994ns          266687 1c008222 0046a70b p.lw             x14, 4(x13!)        x14=44a66a52 x13=10000ed4 x13:10000ed0  PA:10000ed0
15967034ns          266689 1c008226 08c77753 fsub.s           f14, f14, f12       f14=xxxxxxxx f14:44a66a52 f12:44590f8f
15967054ns          266690 1c00822a 40e77443 fmadd.s          f8, f14, f14, f8     f8=xxxxxxxx f14:43e78a2a f14:43e78a2a  f8:4aec3f09
15967074ns          266691 1c008222 0046a70b p.lw             x14, 4(x13!)        x14=4414a045 x13=10000ed8 x13:10000ed4  PA:10000ed4
15967113ns          266693 1c008226 08c77753 fsub.s           f14, f14, f12       f14=xxxxxxxx f14:4414a045 f12:44590f8f
15967133ns          266694 1c00822a 40e77443 fmadd.s          f8, f14, f14, f8     f8=xxxxxxxx f14:c388de94 f14:c388de94  f8:4af2ca5e
15967153ns          266695 1c008222 0046a70b p.lw             x14, 4(x13!)        x14=42e32006 x13=10000edc x13:10000ed8  PA:10000ed8
15967193ns          266697 1c008226 08c77753 fsub.s           f14, f14, f12       f14=xxxxxxxx f14:42e32006 f12:44590f8f
15967213ns          266698 1c00822a 40e77443 fmadd.s          f8, f14, f14, f8     f8=xxxxxxxx f14:c43cab8e f14:c43cab8e  f8:4af513c8
15967233ns          266699 1c008222 0046a70b p.lw             x14, 4(x13!)        x14=43d0011a x13=10000ee0 x13:10000edc  PA:10000edc
15967273ns          266701 1c008226 08c77753 fsub.s           f14, f14, f12       f14=xxxxxxxx f14:43d0011a f12:44590f8f
15967292ns          266702 1c00822a 40e77443 fmadd.s          f8, f14, f14, f8     f8=xxxxxxxx f14:c3e21e04 f14:c3e21e04  f8:4b033aab
15967312ns          266703 1c008222 0046a70b p.lw             x14, 4(x13!)        x14=449f7cda x13=10000ee4 x13:10000ee0  PA:10000ee0
15967352ns          266705 1c008226 08c77753 fsub.s           f14, f14, f12       f14=xxxxxxxx f14:449f7cda f12:44590f8f
15967372ns          266706 1c00822a 40e77443 fmadd.s          f8, f14, f14, f8     f8=xxxxxxxx f14:43cbd44a f14:43cbd44a  f8:4b06598f
15967392ns          266707 1c008222 0046a70b p.lw             x14, 4(x13!)        x14=44bd4604 x13=10000ee8 x13:10000ee4  PA:10000ee4
15967432ns          266709 1c008226 08c77753 fsub.s           f14, f14, f12       f14=xxxxxxxx f14:44bd4604 f12:44590f8f
15967452ns          266710 1c00822a 40e77443 fmadd.s          f8, f14, f14, f8     f8=xxxxxxxx f14:44217c79 f14:44217c79  f8:4b08e2b8
15967471ns          266711 1c008222 0046a70b p.lw             x14, 4(x13!)        x14=439aeac7 x13=10000eec x13:10000ee8  PA:10000ee8
15967511ns          266713 1c008226 08c77753 fsub.s           f14, f14, f12       f14=xxxxxxxx f14:439aeac7 f12:44590f8f
15967531ns          266714 1c00822a 40e77443 fmadd.s          f8, f14, f14, f8     f8=xxxxxxxx f14:c40b9a2c f14:c40b9a2c  f8:4b0f4095
15967551ns          266715 1c008222 0046a70b p.lw             x14, 4(x13!)        x14=44435e3e x13=10000ef0 x13:10000eec  PA:10000eec
15967591ns          266717 1c008226 08c77753 fsub.s           f14, f14, f12       f14=xxxxxxxx f14:44435e3e f12:44590f8f
15967611ns          266718 1c00822a 40e77443 fmadd.s          f8, f14, f14, f8     f8=xxxxxxxx f14:c2ad8a88 f14:c2ad8a88  f8:4b1402a2
15967631ns          266719 1c008222 0046a70b p.lw             x14, 4(x13!)        x14=43b9ce7a x13=10000ef4 x13:10000ef0  PA:10000ef0
15967670ns          266721 1c008226 08c77753 fsub.s           f14, f14, f12       f14=xxxxxxxx f14:43b9ce7a f12:44590f8f
15967690ns          266722 1c00822a 40e77443 fmadd.s          f8, f14, f14, f8     f8=xxxxxxxx f14:c3f850a4 f14:c3f850a4  f8:4b14200b
15967710ns          266723 1c008222 0046a70b p.lw             x14, 4(x13!)        x14=449e97aa x13=10000ef8 x13:10000ef4  PA:10000ef4
15967750ns          266725 1c008226 08c77753 fsub.s           f14, f14, f12       f14=xxxxxxxx f14:449e97aa f12:44590f8f
15967770ns          266726 1c00822a 40e77443 fmadd.s          f8, f14, f14, f8     f8=xxxxxxxx f14:43c83f8a f14:43c83f8a  f8:4b17e37c
15967790ns          266727 1c008222 0046a70b p.lw             x14, 4(x13!)        x14=44ae85b9 x13=10000efc x13:10000ef8  PA:10000ef8
15967829ns          266729 1c008226 08c77753 fsub.s           f14, f14, f12       f14=xxxxxxxx f14:44ae85b9 f12:44590f8f
15967849ns          266730 1c00822a 40e77443 fmadd.s          f8, f14, f14, f8     f8=xxxxxxxx f14:4403fbe3 f14:4403fbe3  f8:4b1a5609
15967869ns          266731 1c008222 0046a70b p.lw             x14, 4(x13!)        x14=44d08498 x13=10000f00 x13:10000efc  PA:10000efc
15967909ns          266733 1c008226 08c77753 fsub.s           f14, f14, f12       f14=xxxxxxxx f14:44d08498 f12:44590f8f
15967929ns          266734 1c00822a 40e77443 fmadd.s          f8, f14, f14, f8     f8=xxxxxxxx f14:4447f9a1 f14:4447f9a1  f8:4b1e96c5
15967949ns          266735 1c008222 0046a70b p.lw             x14, 4(x13!)        x14=44b39de8 x13=10000f04 x13:10000f00  PA:10000f00
15967989ns          266737 1c008226 08c77753 fsub.s           f14, f14, f12       f14=xxxxxxxx f14:44b39de8 f12:44590f8f
15968008ns          266738 1c00822a 40e77443 fmadd.s          f8, f14, f14, f8     f8=xxxxxxxx f14:440e2c41 f14:440e2c41  f8:4b285a26
15968028ns          266739 1c008222 0046a70b p.lw             x14, 4(x13!)        x14=44b5b022 x13=10000f08 x13:10000f04  PA:10000f04
15968068ns          266741 1c008226 08c77753 fsub.s           f14, f14, f12       f14=xxxxxxxx f14:44b5b022 f12:44590f8f
15968088ns          266742 1c00822a 40e77443 fmadd.s          f8, f14, f14, f8     f8=xxxxxxxx f14:441250b5 f14:441250b5  f8:4b2d4978
15968108ns          266743 1c008222 0046a70b p.lw             x14, 4(x13!)        x14=439f14ac x13=10000f0c x13:10000f08  PA:10000f08
15968148ns          266745 1c008226 08c77753 fsub.s           f14, f14, f12       f14=xxxxxxxx f14:439f14ac f12:44590f8f
15968168ns          266746 1c00822a 40e77443 fmadd.s          f8, f14, f14, f8     f8=xxxxxxxx f14:c4098539 f14:c4098539  f8:4b32837a
15968188ns          266747 1c008222 0046a70b p.lw             x14, 4(x13!)        x14=439cda9b x13=10000f10 x13:10000f0c  PA:10000f0c
15968227ns          266749 1c008226 08c77753 fsub.s           f14, f14, f12       f14=xxxxxxxx f14:439cda9b f12:44590f8f
15968247ns          266750 1c00822a 40e77443 fmadd.s          f8, f14, f14, f8     f8=xxxxxxxx f14:c40aa242 f14:c40aa242  f8:4b372178
15968267ns          266751 1c008222 0046a70b p.lw             x14, 4(x13!)        x14=43641f24 x13=10000f14 x13:10000f10  PA:10000f10
15968307ns          266753 1c008226 08c77753 fsub.s           f14, f14, f12       f14=xxxxxxxx f14:43641f24 f12:44590f8f
15968327ns          266754 1c00822a 40e77443 fmadd.s          f8, f14, f14, f8     f8=xxxxxxxx f14:c42007c6 f14:c42007c6  f8:4b3bd2ad
15968347ns          266755 1c008222 0046a70b p.lw             x14, 4(x13!)        x14=44a69635 x13=10000f18 x13:10000f14  PA:10000f14
15968386ns          266757 1c008226 08c77753 fsub.s           f14, f14, f12       f14=xxxxxxxx f14:44a69635 f12:44590f8f
15968406ns          266758 1c00822a 40e77443 fmadd.s          f8, f14, f14, f8     f8=xxxxxxxx f14:43e839b6 f14:43e839b6  f8:4b421348
15968426ns          266759 1c008222 0046a70b p.lw             x14, 4(x13!)        x14=43b388bf x13=10000f1c x13:10000f18  PA:10000f18
15968466ns          266761 1c008226 08c77753 fsub.s           f14, f14, f12       f14=xxxxxxxx f14:43b388bf f12:44590f8f
15968486ns          266762 1c00822a 40e77443 fmadd.s          f8, f14, f14, f8     f8=xxxxxxxx f14:c3fe965f f14:c3fe965f  f8:4b455deb
15968506ns          266763 1c008222 0046a70b p.lw             x14, 4(x13!)        x14=4412d2a9 x13=10000f20 x13:10000f1c  PA:10000f1c
15968546ns          266765 1c008226 08c77753 fsub.s           f14, f14, f12       f14=xxxxxxxx f14:4412d2a9 f12:44590f8f
15968565ns          266766 1c00822a 40e77443 fmadd.s          f8, f14, f14, f8     f8=xxxxxxxx f14:c38c79cc f14:c38c79cc  f8:4b4952a6
15968585ns          266767 1c008222 0046a70b p.lw             x14, 4(x13!)        x14=438bcd10 x13=10000f24 x13:10000f20  PA:10000f20
15968625ns          266769 1c008226 08c77753 fsub.s           f14, f14, f12       f14=xxxxxxxx f14:438bcd10 f12:44590f8f
15968645ns          266770 1c00822a 40e77443 fmadd.s          f8, f14, f14, f8     f8=xxxxxxxx f14:c4132907 f14:c4132907  f8:4b4a86fc
15968665ns          266771 1c008222 0046a70b p.lw             x14, 4(x13!)        x14=4494454b x13=10000f28 x13:10000f24  PA:10000f24
15968705ns          266773 1c008226 08c77753 fsub.s           f14, f14, f12       f14=xxxxxxxx f14:4494454b f12:44590f8f
15968725ns          266774 1c00822a 40e77443 fmadd.s          f8, f14, f14, f8     f8=xxxxxxxx f14:439ef60e f14:439ef60e  f8:4b4fd07e
15968744ns          266775 1c008222 0046a70b p.lw             x14, 4(x13!)        x14=44b9cc2c x13=10000f2c x13:10000f28  PA:10000f28
15968784ns          266777 1c008226 08c77753 fsub.s           f14, f14, f12       f14=xxxxxxxx f14:44b9cc2c f12:44590f8f
15968804ns          266778 1c00822a 40e77443 fmadd.s          f8, f14, f14, f8     f8=xxxxxxxx f14:441a88c9 f14:441a88c9  f8:4b515b51
15968824ns          266779 1c008222 0046a70b p.lw             x14, 4(x13!)        x14=44c83cec x13=10000f30 x13:10000f2c  PA:10000f2c
15968864ns          266781 1c008226 08c77753 fsub.s           f14, f14, f12       f14=xxxxxxxx f14:44c83cec f12:44590f8f
15968884ns          266782 1c00822a 40e77443 fmadd.s          f8, f14, f14, f8     f8=xxxxxxxx f14:44376a49 f14:44376a49  f8:4b572fdf
15968904ns          266783 1c008222 0046a70b p.lw             x14, 4(x13!)        x14=440c26f4 x13=10000f34 x13:10000f30  PA:10000f30
15968943ns          266785 1c008226 08c77753 fsub.s           f14, f14, f12       f14=xxxxxxxx f14:440c26f4 f12:44590f8f
15968963ns          266786 1c00822a 40e77443 fmadd.s          f8, f14, f14, f8     f8=xxxxxxxx f14:c399d136 f14:c399d136  f8:4b5f6671
15968983ns          266787 1c008222 0046a70b p.lw             x14, 4(x13!)        x14=44a2f840 x13=10000f38 x13:10000f34  PA:10000f34
15969023ns          266789 1c008226 08c77753 fsub.s           f14, f14, f12       f14=xxxxxxxx f14:44a2f840 f12:44590f8f
15969043ns          266790 1c00822a 40e77443 fmadd.s          f8, f14, f14, f8     f8=xxxxxxxx f14:43d9c1e2 f14:43d9c1e2  f8:4b60d820
15969063ns          266791 1c008222 0046a70b p.lw             x14, 4(x13!)        x14=44aacc81 x13=10000f3c x13:10000f38  PA:10000f38
15969102ns          266793 1c008226 08c77753 fsub.s           f14, f14, f12       f14=xxxxxxxx f14:44aacc81 f12:44590f8f
15969122ns          266794 1c00822a 40e77443 fmadd.s          f8, f14, f14, f8     f8=xxxxxxxx f14:43f912e6 f14:43f912e6  f8:4b63bd09
15969142ns          266795 1c008222 0046a70b p.lw             x14, 4(x13!)        x14=4324b0fa x13=10000f40 x13:10000f3c  PA:10000f3c
15969182ns          266797 1c008226 08c77753 fsub.s           f14, f14, f12       f14=xxxxxxxx f14:4324b0fa f12:44590f8f
15969202ns          266798 1c00822a 40e77443 fmadd.s          f8, f14, f14, f8     f8=xxxxxxxx f14:c42fe350 f14:c42fe350  f8:4b678660
15969222ns          266799 1c008222 0046a70b p.lw             x14, 4(x13!)        x14=43848b80 x13=10000f44 x13:10000f40  PA:10000f40
15969262ns          266801 1c008226 08c77753 fsub.s           f14, f14, f12       f14=xxxxxxxx f14:43848b80 f12:44590f8f
15969281ns          266802 1c00822a 40e77443 fmadd.s          f8, f14, f14, f8     f8=xxxxxxxx f14:c416c9cf f14:c416c9cf  f8:4b6f13e9
15969301ns          266803 1c008222 0046a70b p.lw             x14, 4(x13!)        x14=44be595d x13=10000f48 x13:10000f44  PA:10000f44
15969341ns          266805 1c008226 08c77753 fsub.s           f14, f14, f12       f14=xxxxxxxx f14:44be595d f12:44590f8f
15969361ns          266806 1c00822a 40e77443 fmadd.s          f8, f14, f14, f8     f8=xxxxxxxx f14:4423a32b f14:4423a32b  f8:4b74a0fb
15969381ns          266807 1c008222 0046a70b p.lw             x14, 4(x13!)        x14=44c9913b x13=10000f4c x13:10000f48  PA:10000f48
15969421ns          266809 1c008226 08c77753 fsub.s           f14, f14, f12       f14=xxxxxxxx f14:44c9913b f12:44590f8f
15969441ns          266810 1c00822a 40e77443 fmadd.s          f8, f14, f14, f8     f8=xxxxxxxx f14:443a12e7 f14:443a12e7  f8:4b7b2a8e
15969461ns          266811 1c008222 0046a70b p.lw             x14, 4(x13!)        x14=44da50e4 x13=10000f50 x13:10000f4c  PA:10000f4c
15969500ns          266813 1c008226 08c77753 fsub.s           f14, f14, f12       f14=xxxxxxxx f14:44da50e4 f12:44590f8f
15969520ns          266814 1c00822a 40e77443 fmadd.s          f8, f14, f14, f8     f8=xxxxxxxx f14:445b9239 f14:445b9239  f8:4b81cf43
15969540ns          266815 1c008222 0046a70b p.lw             x14, 4(x13!)        x14=440a3cc0 x13=10000f54 x13:10000f50  PA:10000f50
15969580ns          266817 1c008226 08c77753 fsub.s           f14, f14, f12       f14=xxxxxxxx f14:440a3cc0 f12:44590f8f
15969600ns          266818 1c00822a 40e77443 fmadd.s          f8, f14, f14, f8     f8=xxxxxxxx f14:c39da59e f14:c39da59e  f8:4b87b1df
15969620ns          266819 1c008222 0046a70b p.lw             x14, 4(x13!)        x14=4499cb75 x13=10000f58 x13:10000f54  PA:10000f54
15969659ns          266821 1c008226 08c77753 fsub.s           f14, f14, f12       f14=xxxxxxxx f14:4499cb75 f12:44590f8f
15969679ns          266822 1c00822a 40e77443 fmadd.s          f8, f14, f14, f8     f8=xxxxxxxx f14:43b50eb6 f14:43b50eb6  f8:4b887408
15969699ns          266823 1c008222 0046a70b p.lw             x14, 4(x13!)        x14=42d99f56 x13=10000f5c x13:10000f58  PA:10000f58
15969739ns          266825 1c008226 08c77753 fsub.s           f14, f14, f12       f14=xxxxxxxx f14:42d99f56 f12:44590f8f
15969759ns          266826 1c00822a 40e77443 fmadd.s          f8, f14, f14, f8     f8=xxxxxxxx f14:c43ddba4 f14:c43ddba4  f8:4b897424
15969779ns          266827 1c008222 0046a70b p.lw             x14, 4(x13!)        x14=44a1f053 x13=10000f60 x13:10000f5c  PA:10000f5c
15969819ns          266829 1c008226 08c77753 fsub.s           f14, f14, f12       f14=xxxxxxxx f14:44a1f053 f12:44590f8f
15969838ns          266830 1c00822a 40e77443 fmadd.s          f8, f14, f14, f8     f8=xxxxxxxx f14:43d5a22e f14:43d5a22e  f8:4b8dda94
15969858ns          266831 1c008222 0046a70b p.lw             x14, 4(x13!)        x14=448c89bc x13=10000f64 x13:10000f60  PA:10000f60
15969898ns          266833 1c008226 08c77753 fsub.s           f14, f14, f12       f14=xxxxxxxx f14:448c89bc f12:44590f8f
15969918ns          266834 1c00822a 40e77443 fmadd.s          f8, f14, f14, f8     f8=xxxxxxxx f14:438007d2 f14:438007d2  f8:4b8f3f23
15969938ns          266835 1c008222 0046a70b p.lw             x14, 4(x13!)        x14=43068669 x13=10000f68 x13:10000f64  PA:10000f64
15969978ns          266837 1c008226 08c77753 fsub.s           f14, f14, f12       f14=xxxxxxxx f14:43068669 f12:44590f8f
15969998ns          266838 1c00822a 40e77443 fmadd.s          f8, f14, f14, f8     f8=xxxxxxxx f14:c4376df5 f14:c4376df5  f8:4b8fbf33
15970017ns          266839 1c008222 0046a70b p.lw             x14, 4(x13!)        x14=441f0c2e x13=10000f6c x13:10000f68  PA:10000f68
15970057ns          266841 1c008226 08c77753 fsub.s           f14, f14, f12       f14=xxxxxxxx f14:441f0c2e f12:44590f8f
15970077ns          266842 1c00822a 40e77443 fmadd.s          f8, f14, f14, f8     f8=xxxxxxxx f14:c3680d84 f14:c3680d84  f8:4b93daa6
15970097ns          266843 1c008222 0046a70b p.lw             x14, 4(x13!)        x14=447ce7a7 x13=10000f70 x13:10000f6c  PA:10000f6c
15970137ns          266845 1c008226 08c77753 fsub.s           f14, f14, f12       f14=xxxxxxxx f14:447ce7a7 f12:44590f8f
15970157ns          266846 1c00822a 40e77443 fmadd.s          f8, f14, f14, f8     f8=xxxxxxxx f14:430f6060 f14:430f6060  f8:4b9443d2
15970177ns          266847 1c008222 0046a70b p.lw             x14, 4(x13!)        x14=44d2fce4 x13=10000f74 x13:10000f70  PA:10000f70
15970216ns          266849 1c008226 08c77753 fsub.s           f14, f14, f12       f14=xxxxxxxx f14:44d2fce4 f12:44590f8f
15970236ns          266850 1c00822a 40e77443 fmadd.s          f8, f14, f14, f8     f8=xxxxxxxx f14:444cea39 f14:444cea39  f8:4b946bf8
15970256ns          266851 1c008222 0046a70b p.lw             x14, 4(x13!)        x14=448be0e5 x13=10000f78 x13:10000f74  PA:10000f74
15970296ns          266853 1c008226 08c77753 fsub.s           f14, f14, f12       f14=xxxxxxxx f14:448be0e5 f12:44590f8f
15970316ns          266854 1c00822a 40e77443 fmadd.s          f8, f14, f14, f8     f8=xxxxxxxx f14:437ac8ec f14:437ac8ec  f8:4b998c29
15970336ns          266855 1c008222 0046a70b p.lw             x14, 4(x13!)        x14=43c8a138 x13=10000f7c x13:10000f78  PA:10000f78
15970375ns          266857 1c008226 08c77753 fsub.s           f14, f14, f12       f14=xxxxxxxx f14:43c8a138 f12:44590f8f
15970395ns          266858 1c00822a 40e77443 fmadd.s          f8, f14, f14, f8     f8=xxxxxxxx f14:c3e97de6 f14:c3e97de6  f8:4b9a0700
15970415ns          266859 1c008222 0046a70b p.lw             x14, 4(x13!)        x14=4393498e x13=10000f80 x13:10000f7c  PA:10000f7c
15970455ns          266861 1c008226 08c77753 fsub.s           f14, f14, f12       f14=xxxxxxxx f14:4393498e f12:44590f8f
15970475ns          266862 1c00822a 40e77443 fmadd.s          f8, f14, f14, f8     f8=xxxxxxxx f14:c40f6ac8 f14:c40f6ac8  f8:4b9bb0ed
15970495ns          266863 1c008222 0046a70b p.lw             x14, 4(x13!)        x14=437e1a46 x13=10000f84 x13:10000f80  PA:10000f80
15970535ns          266865 1c008226 08c77753 fsub.s           f14, f14, f12       f14=xxxxxxxx f14:437e1a46 f12:44590f8f
15970555ns          266866 1c00822a 40e77443 fmadd.s          f8, f14, f14, f8     f8=xxxxxxxx f14:c41988fe f14:c41988fe  f8:4b9e33b1
15970574ns          266867 1c008222 0046a70b p.lw             x14, 4(x13!)        x14=423de6a7 x13=10000f88 x13:10000f84  PA:10000f84
15970614ns          266869 1c008226 08c77753 fsub.s           f14, f14, f12       f14=xxxxxxxx f14:423de6a7 f12:44590f8f
15970634ns          266870 1c00822a 40e77443 fmadd.s          f8, f14, f14, f8     f8=xxxxxxxx f14:c44d3125 f14:c44d3125  f8:4ba11459
15970654ns          266871 1c008222 0046a70b p.lw             x14, 4(x13!)        x14=447a3ace x13=10000f8c x13:10000f88  PA:10000f88
15970694ns          266873 1c008226 08c77753 fsub.s           f14, f14, f12       f14=xxxxxxxx f14:447a3ace f12:44590f8f
15970714ns          266874 1c00822a 40e77443 fmadd.s          f8, f14, f14, f8     f8=xxxxxxxx f14:4304acfc f14:4304acfc  f8:4ba63817
15970734ns          266875 1c008222 0046a70b p.lw             x14, 4(x13!)        x14=44ae4cef x13=10000f90 x13:10000f8c  PA:10000f8c
15970773ns          266877 1c008226 08c77753 fsub.s           f14, f14, f12       f14=xxxxxxxx f14:44ae4cef f12:44590f8f
15970793ns          266878 1c00822a 40e77443 fmadd.s          f8, f14, f14, f8     f8=xxxxxxxx f14:44038a4f f14:44038a4f  f8:4ba65a78
15970813ns          266879 1c008222 0046a70b p.lw             x14, 4(x13!)        x14=44851b0e x13=10000f94 x13:10000f90  PA:10000f90
15970853ns          266881 1c008226 08c77753 fsub.s           f14, f14, f12       f14=xxxxxxxx f14:44851b0e f12:44590f8f
15970873ns          266882 1c00822a 40e77443 fmadd.s          f8, f14, f14, f8     f8=xxxxxxxx f14:43449a34 f14:43449a34  f8:4ba8772f
15970893ns          266883 1c008222 0046a70b p.lw             x14, 4(x13!)        x14=4459ecc1 x13=10000f98 x13:10000f94  PA:10000f94
15970932ns          266885 1c008226 08c77753 fsub.s           f14, f14, f12       f14=xxxxxxxx f14:4459ecc1 f12:44590f8f
15970952ns          266886 1c00822a 40e77443 fmadd.s          f8, f14, f14, f8     f8=xxxxxxxx f14:405d3200 f14:405d3200  f8:4ba8c2ad
15970972ns          266887 1c008222 0046a70b p.lw             x14, 4(x13!)        x14=44312b20 x13=10000f9c x13:10000f98  PA:10000f98
15971012ns          266889 1c008226 08c77753 fsub.s           f14, f14, f12       f14=xxxxxxxx f14:44312b20 f12:44590f8f
15971032ns          266890 1c00822a 40e77443 fmadd.s          f8, f14, f14, f8     f8=xxxxxxxx f14:c31f91bc f14:c31f91bc  f8:4ba8c2b3
15971052ns          266891 1c008222 0046a70b p.lw             x14, 4(x13!)        x14=43da2674 x13=10000fa0 x13:10000f9c  PA:10000f9c
15971092ns          266893 1c008226 08c77753 fsub.s           f14, f14, f12       f14=xxxxxxxx f14:43da2674 f12:44590f8f
15971111ns          266894 1c00822a 40e77443 fmadd.s          f8, f14, f14, f8     f8=xxxxxxxx f14:c3d7f8aa f14:c3d7f8aa  f8:4ba8f46e
15971131ns          266895 1c008222 0046a70b p.lw             x14, 4(x13!)        x14=4404dc25 x13=10000fa4 x13:10000fa0  PA:10000fa0
15971171ns          266897 1c008226 08c77753 fsub.s           f14, f14, f12       f14=xxxxxxxx f14:4404dc25 f12:44590f8f
15971191ns          266898 1c00822a 40e77443 fmadd.s          f8, f14, f14, f8     f8=xxxxxxxx f14:c3a866d4 f14:c3a866d4  f8:4baa60d5
15971211ns          266899 1c008222 0046a70b p.lw             x14, 4(x13!)        x14=4404cd26 x13=10000fa8 x13:10000fa4  PA:10000fa4
15971251ns          266901 1c008226 08c77753 fsub.s           f14, f14, f12       f14=xxxxxxxx f14:4404cd26 f12:44590f8f
15971271ns          266902 1c00822a 40e77443 fmadd.s          f8, f14, f14, f8     f8=xxxxxxxx f14:c3a884d2 f14:c3a884d2  f8:4bab3e63
15971290ns          266903 1c008222 0046a70b p.lw             x14, 4(x13!)        x14=432d92c4 x13=10000fac x13:10000fa8  PA:10000fa8
15971330ns          266905 1c008226 08c77753 fsub.s           f14, f14, f12       f14=xxxxxxxx f14:432d92c4 f12:44590f8f
15971350ns          266906 1c00822a 40e77443 fmadd.s          f8, f14, f14, f8     f8=xxxxxxxx f14:c42daade f14:c42daade  f8:4bac1c40
15971370ns          266907 1c008222 0046a70b p.lw             x14, 4(x13!)        x14=449fdcbb x13=10000fb0 x13:10000fac  PA:10000fac
15971410ns          266909 1c008226 08c77753 fsub.s           f14, f14, f12       f14=xxxxxxxx f14:449fdcbb f12:44590f8f
15971430ns          266910 1c00822a 40e77443 fmadd.s          f8, f14, f14, f8     f8=xxxxxxxx f14:43cd53ce f14:43cd53ce  f8:4bafcac3
15971450ns          266911 1c008222 0046a70b p.lw             x14, 4(x13!)        x14=44b1a82e x13=10000fb4 x13:10000fb0  PA:10000fb0
15971489ns          266913 1c008226 08c77753 fsub.s           f14, f14, f12       f14=xxxxxxxx f14:44b1a82e f12:44590f8f
15971509ns          266914 1c00822a 40e77443 fmadd.s          f8, f14, f14, f8     f8=xxxxxxxx f14:440a40cd f14:440a40cd  f8:4bb11422
15971529ns          266915 1c008222 0046a70b p.lw             x14, 4(x13!)        x14=449de716 x13=10000fb8 x13:10000fb4  PA:10000fb4
15971569ns          266917 1c008226 08c77753 fsub.s           f14, f14, f12       f14=xxxxxxxx f14:449de716 f12:44590f8f
15971589ns          266918 1c00822a 40e77443 fmadd.s          f8, f14, f14, f8     f8=xxxxxxxx f14:43c57d3a f14:43c57d3a  f8:4bb36971
15971609ns          266919 1c008222 0046a70b p.lw             x14, 4(x13!)        x14=44a773a7 x13=10000fbc x13:10000fb8  PA:10000fb8
15971648ns          266921 1c008226 08c77753 fsub.s           f14, f14, f12       f14=xxxxxxxx f14:44a773a7 f12:44590f8f
15971668ns          266922 1c00822a 40e77443 fmadd.s          f8, f14, f14, f8     f8=xxxxxxxx f14:43ebaf7e f14:43ebaf7e  f8:4bb49a25
15971688ns          266923 1c008222 0046a70b p.lw             x14, 4(x13!)        x14=4499169b x13=10000fc0 x13:10000fbc  PA:10000fbc
15971728ns          266925 1c008226 08c77753 fsub.s           f14, f14, f12       f14=xxxxxxxx f14:4499169b f12:44590f8f
15971748ns          266926 1c00822a 40e77443 fmadd.s          f8, f14, f14, f8     f8=xxxxxxxx f14:43b23b4e f14:43b23b4e  f8:4bb64c1c
15971768ns          266927 1c008222 0046a70b p.lw             x14, 4(x13!)        x14=442f874c x13=10000fc4 x13:10000fc0  PA:10000fc0
15971808ns          266929 1c008226 08c77753 fsub.s           f14, f14, f12       f14=xxxxxxxx f14:442f874c f12:44590f8f
15971828ns          266930 1c00822a 40e77443 fmadd.s          f8, f14, f14, f8     f8=xxxxxxxx f14:c326210c f14:c326210c  f8:4bb74449
15971847ns          266931 1c008222 0046a70b p.lw             x14, 4(x13!)        x14=44c9e6b1 x13=10000fc8 x13:10000fc4  PA:10000fc4
15971887ns          266933 1c008226 08c77753 fsub.s           f14, f14, f12       f14=xxxxxxxx f14:44c9e6b1 f12:44590f8f
15971907ns          266934 1c00822a 40e77443 fmadd.s          f8, f14, f14, f8     f8=xxxxxxxx f14:443abdd3 f14:443abdd3  f8:4bb77a30
15971927ns          266935 1c008222 0046a70b p.lw             x14, 4(x13!)        x14=4396ec87 x13=10000fcc x13:10000fc8  PA:10000fc8
15971967ns          266937 1c008226 08c77753 fsub.s           f14, f14, f12       f14=xxxxxxxx f14:4396ec87 f12:44590f8f
15971987ns          266938 1c00822a 40e77443 fmadd.s          f8, f14, f14, f8     f8=xxxxxxxx f14:c40d994c f14:c40d994c  f8:4bbbbbf3
15972007ns          266939 1c008222 0046a70b p.lw             x14, 4(x13!)        x14=442eb2bc x13=10000fd0 x13:10000fcc  PA:10000fcc
15972046ns          266941 1c008226 08c77753 fsub.s           f14, f14, f12       f14=xxxxxxxx f14:442eb2bc f12:44590f8f
15972066ns          266942 1c00822a 40e77443 fmadd.s          f8, f14, f14, f8     f8=xxxxxxxx f14:c329734c f14:c329734c  f8:4bbe2e85
15972086ns          266943 1c008222 0046a70b p.lw             x14, 4(x13!)        x14=44c2a2f4 x13=10000fd4 x13:10000fd0  PA:10000fd0
15972126ns          266945 1c008226 08c77753 fsub.s           f14, f14, f12       f14=xxxxxxxx f14:44c2a2f4 f12:44590f8f
15972146ns          266946 1c00822a 40e77443 fmadd.s          f8, f14, f14, f8     f8=xxxxxxxx f14:442c3659 f14:442c3659  f8:4bbe669a
15972166ns          266947 1c008222 0046a70b p.lw             x14, 4(x13!)        x14=4424ee28 x13=10000fd8 x13:10000fd4  PA:10000fd4
15972205ns          266949 1c008226 08c77753 fsub.s           f14, f14, f12       f14=xxxxxxxx f14:4424ee28 f12:44590f8f
15972225ns          266950 1c00822a 40e77443 fmadd.s          f8, f14, f14, f8     f8=xxxxxxxx f14:c350859c f14:c350859c  f8:4bc20563
15972643ns          266971 1c00822e 661010ef jal              x1, 7776             x1=1c008232
15972762ns          266977 1c00a08e f14027f3 csrrs            x15, x0, 0xf14      x15=00000001
15972782ns          266978 1c00a092 01f00713 addi             x14, x0, 31         x14=0000001f
15972802ns          266979 1c00a094 ca5797b3 p.extractu       x15, x15, 5, 5      x15=00000000 x15:00000001
15972822ns          266980 1c00a098 00e78863 beq              x15, x14, 16        x15:00000000 x14:0000001f
15972842ns          266981 1c00a09c 002047b7 lui              x15, 0x204000       x15=00204000
15972862ns          266982 1c00a0a0 20078793 addi             x15, x15, 512       x15=00204200 x15:00204000
15972882ns          266983 1c00a0a4 01c7e703 p.elw            x14, 28(x15)        x14=00010000 x15:00204200  PA:0020421c
16585219ns          297768 1c00a0a8 00008067 jalr             x0, x1, 0            x1:1c008232
16585278ns          297771 1c008232 1c011a37 lui              x20, 0x1c011000     x20=1c011000
16585298ns          297772 1c008236 000a0a13 addi             x20, x20, 0         x20=1c011000 x20:1c011000
16585318ns          297773 1c00823a 00449793 slli             x15, x9, 0x4        x15=00000010  x9:00000001
16585338ns          297774 1c00823e 014787b3 add              x15, x15, x20       x15=1c011010 x15:00000010 x20:1c011000
16585835ns          297799 1c008240 c907a483 lw               x9, -880(x15)        x9=47a99497 x15:1c011010  PA:1c010ca0
16586153ns          297815 1c008244 1c0006b7 lui              x13, 0x1c000000     x13=1c000000
16586173ns          297816 1c008248 00190793 addi             x15, x18, 1         x15=00000005 x18:00000004
16586193ns          297817 1c00824c a0998753 fle.s            x14, f19, f9        x14=00000001 f19:47a99428  f9:47a99497
16586372ns          297826 1c008250 00279793 slli             x15, x15, 0x2       x15=00000014 x15:00000005
16586412ns          297828 1c008252 0206a683 lw               x13, 32(x13)        x13=3c257eb5 x13:1c000000  PA:1c000020
16586830ns          297849 1c008256 014787b3 add              x15, x15, x20       x15=1c011014 x15:00000014 x20:1c011000
16586850ns          297850 1c008258 10d47453 fmul.s           f8, f8, f13          f8=xxxxxxxx  f8:4bc25a50 f13:3c257eb5
16586869ns          297851 1c00825c c907aa83 lw               x21, -880(x15)      x21=47a993b9 x15:1c011014  PA:1c010ca4
16587188ns          297867 1c008260 1a071b63 bne              x14, x0, 438        x14:00000001
16587685ns          297892 1c008416 a13a87d3 fle.s            x15, f21, f19       x15=00000001 f21:47a993b9 f19:47a99428
16587705ns          297893 1c00841a 00100693 addi             x13, x0, 1          x13=00000001
16587725ns          297894 1c00841c e40784e3 beq              x15, x0, -440       x15:00000001
16587765ns          297896 1c008420 f95ff06f jal              x0, -108           
16588242ns          297920 1c0083b4 00290793 addi             x15, x18, 2         x15=00000006 x18:00000004
16588282ns          297922 1c0083b8 00279793 slli             x15, x15, 0x2       x15=00000018 x15:00000006
16588302ns          297923 1c0083ba 014787b3 add              x15, x15, x20       x15=1c011018 x15:00000018 x20:1c011000
16588321ns          297924 1c0083bc c907a483 lw               x9, -880(x15)        x9=487b4971 x15:1c011018  PA:1c010ca8
16588779ns          297947 1c0083c0 00390793 addi             x15, x18, 3         x15=00000007 x18:00000004
16588799ns          297948 1c0083c4 a0940753 fle.s            x14, f8, f9         x14=00000001  f8:487b48cf  f9:487b4971
16588819ns          297949 1c0083c8 00279793 slli             x15, x15, 0x2       x15=0000001c x15:00000007
16588839ns          297950 1c0083ca 014787b3 add              x15, x15, x20       x15=1c01101c x15:0000001c x20:1c011000
16588859ns          297951 1c0083cc c907a903 lw               x18, -880(x15)      x18=487b4827 x15:1c01101c  PA:1c010cac
16589316ns          297974 1c0083d0 08070663 beq              x14, x0, 140        x14:00000001
16589336ns          297975 1c0083d2 a08907d3 fle.s            x15, f18, f8        x15=00000001 f18:487b4827  f8:487b48cf
16589356ns          297976 1c0083d6 08078363 beq              x15, x0, 134        x15:00000001
16589376ns          297977 1c0083d8 f14025f3 csrrs            x11, x0, 0xf14      x11=00000001
16589396ns          297978 1c0083dc f455b5b3 p.bclr           x11, x11, 26, 5     x11=00000001 x11:00000001
16589774ns          297997 1c0083e0 1c068863 beq              x13, x0, 464        x13:00000001
16589813ns          297999 1c0083e4 1c000537 lui              x10, 0x1c000000     x10=1c000000
16589833ns          298000 1c0083e8 0bc50513 addi             x10, x10, 188       x10=1c0000bc x10:1c000000
16589853ns          298001 1c0083ec 0ed000ef jal              x1, 2284             x1=1c0083f0
16590390ns          298028 1c008cd8 fc010113 addi             x2, x2, -64          x2=10000e08  x2:10000e48
16590430ns          298030 1c008cda 02410313 addi             x6, x2, 36           x6=10000e2c  x2:10000e08
16590450ns          298031 1c008cde 02c12423 sw               x12, 40(x2)         x12:44590f8f  x2:10000e08  PA:10000e30
16590490ns          298033 1c008ce0 00a00633 add              x12, x0, x10        x12=1c0000bc x10:1c0000bc
16590529ns          298035 1c008ce2 1c009537 lui              x10, 0x1c009000     x10=1c009000
16590549ns          298036 1c008ce6 02b12223 sw               x11, 36(x2)         x11:00000001  x2:10000e08  PA:10000e2c
16590569ns          298037 1c008ce8 02d12623 sw               x13, 44(x2)         x13:00000001  x2:10000e08  PA:10000e34
16590589ns          298038 1c008cea 00200593 addi             x11, x0, 2          x11=00000002
16590609ns          298039 1c008cec 006006b3 add              x13, x0, x6         x13=10000e2c  x6:10000e2c
16590629ns          298040 1c008cee c6c50513 addi             x10, x10, -916      x10=1c008c6c x10:1c009000
16590649ns          298041 1c008cf2 00112e23 sw               x1, 28(x2)           x1:1c0083f0  x2:10000e08  PA:10000e24
16590669ns          298042 1c008cf4 02e12823 sw               x14, 48(x2)         x14:00000001  x2:10000e08  PA:10000e38
16590688ns          298043 1c008cf6 02f12a23 sw               x15, 52(x2)         x15:00000001  x2:10000e08  PA:10000e3c
16590708ns          298044 1c008cf8 03012c23 sw               x16, 56(x2)         x16:xxxxxxxx  x2:10000e08  PA:10000e40
16590728ns          298045 1c008cfa 03112e23 sw               x17, 60(x2)         x17:xxxxxxxx  x2:10000e08  PA:10000e44
16590748ns          298046 1c008cfc 00612623 sw               x6, 12(x2)           x6:10000e2c  x2:10000e08  PA:10000e14
16590768ns          298047 1c008cfe fbfff0ef jal              x1, -66              x1=1c008d00
16590848ns          298051 1c008cbc 04a0006f jal              x0, 74             
16590887ns          298053 1c008d06 ed010113 addi             x2, x2, -304         x2=10000cd8  x2:10000e08
16590907ns          298054 1c008d08 12812423 sw               x8, 296(x2)          x8:487b48cf  x2:10000cd8  PA:10000e00
16590927ns          298055 1c008d0c 00000413 addi             x8, x0, 0            x8=00000000
16590987ns          298058 1c008d0e 11612823 sw               x22, 272(x2)        x22:xxxxxxxx  x2:10000cd8  PA:10000de8
16591027ns          298060 1c008d12 11712623 sw               x23, 268(x2)        x23:xxxxxxxx  x2:10000cd8  PA:10000de4
16591047ns          298061 1c008d16 11812423 sw               x24, 264(x2)        x24:xxxxxxxx  x2:10000cd8  PA:10000de0
16591066ns          298062 1c008d1a 11912223 sw               x25, 260(x2)        x25:xxxxxxxx  x2:10000cd8  PA:10000ddc
16591126ns          298065 1c008d1e 11a12023 sw               x26, 256(x2)        x26:xxxxxxxx  x2:10000cd8  PA:10000dd8
16591146ns          298066 1c008d22 0fb12e23 sw               x27, 252(x2)        x27:xxxxxxxx  x2:10000cd8  PA:10000dd4
16591166ns          298067 1c008d24 12112623 sw               x1, 300(x2)          x1:1c008d00  x2:10000cd8  PA:10000e04
16591186ns          298068 1c008d28 00800db3 add              x27, x0, x8         x27=00000000  x8:00000000
16591206ns          298069 1c008d2a 12912223 sw               x9, 292(x2)          x9:487b4971  x2:10000cd8  PA:10000dfc
16591265ns          298072 1c008d2e 13212023 sw               x18, 288(x2)        x18:487b4827  x2:10000cd8  PA:10000df8
16591305ns          298074 1c008d32 11312e23 sw               x19, 284(x2)        x19:47a99428  x2:10000cd8  PA:10000df4
16591325ns          298075 1c008d36 11412c23 sw               x20, 280(x2)        x20:1c011000  x2:10000cd8  PA:10000df0
16591345ns          298076 1c008d3a 11512a23 sw               x21, 276(x2)        x21:47a993b9  x2:10000cd8  PA:10000dec
16591365ns          298077 1c008d3e 00a00b33 add              x22, x0, x10        x22=1c008c6c x10:1c008c6c
16591385ns          298078 1c008d40 00b00d33 add              x26, x0, x11        x26=00000002 x11:00000002
16591405ns          298079 1c008d42 00d00c33 add              x24, x0, x13        x24=10000e2c x13:10000e2c
16591424ns          298080 1c008d44 1c000bb7 lui              x23, 0x1c000000     x23=1c000000
16591444ns          298081 1c008d48 02410c93 addi             x25, x2, 36         x25=10000cfc  x2:10000cd8
16591464ns          298082 1c008d4c 00c00433 add              x8, x0, x12          x8=1c0000bc x12:1c0000bc
16591484ns          298083 1c008d4e 00044503 lbu              x10, 0(x8)          x10=0000006b  x8:1c0000bc  PA:1c0000bc
16591802ns          298099 1c008d52 00140413 addi             x8, x8, 1            x8=1c0000bd  x8:1c0000bc
16591822ns          298100 1c008d54 00050e63 beq              x10, x0, 28         x10:0000006b
16591842ns          298101 1c008d56 02500793 addi             x15, x0, 37         x15=00000025
16591862ns          298102 1c008d5a 04f50863 beq              x10, x15, 80        x10:0000006b x15:00000025
16591882ns          298103 1c008d5e 01a005b3 add              x11, x0, x26        x11=00000002 x26:00000002
16591902ns          298104 1c008d60 000b00e7 jalr             x1, x22, 0           x1=1c008d62 x22:1c008c6c
16591981ns          298108 1c008c6c 000026b7 lui              x13, 0x2000         x13=00002000
16592061ns          298112 1c008c6e f14027f3 csrrs            x15, x0, 0xf14      x15=00000001
16592101ns          298114 1c008c72 f8068693 addi             x13, x13, -128      x13=00001f80 x13:00002000
16592121ns          298115 1c008c76 00379713 slli             x14, x15, 0x3       x14=00000008 x15:00000001
16592141ns          298116 1c008c7a 00279793 slli             x15, x15, 0x2       x15=00000004 x15:00000001
16592160ns          298117 1c008c7c 00d7f7b3 and              x15, x15, x13       x15=00000000 x15:00000004 x13:00001f80
16592200ns          298119 1c008c7e ee873733 p.bclr           x14, x14, 23, 8     x14=00000008 x14:00000008
16592240ns          298121 1c008c82 1a10f6b7 lui              x13, 0x1a10f000     x13=1a10f000
16592260ns          298122 1c008c86 0ff57513 andi             x10, x10, 255       x10=0000006b x10:0000006b
16592280ns          298123 1c008c8a 00d70733 add              x14, x14, x13       x14=1a10f008 x14:00000008 x13:1a10f000
16592300ns          298124 1c008c8c 00a7e723 p.sw             x10, x0(x15)        x10:0000006b x15:00000000  PA:1a10f008
16592697ns          298144 1c008c90 00000513 addi             x10, x0, 0          x10=00000000
16592717ns          298145 1c008c92 00008067 jalr             x0, x1, 0            x1:1c008d62
16592777ns          298148 1c008d62 31f52563 p.beqimm         x10, 778            x10:00000000
16592797ns          298149 1c008d66 001d8d93 addi             x27, x27, 1         x27=00000001 x27:00000000
16592817ns          298150 1c008d68 00044503 lbu              x10, 0(x8)          x10=00000065  x8:1c0000bd  PA:1c0000bd
16593135ns          298166 1c008d6c 00140413 addi             x8, x8, 1            x8=1c0000be  x8:1c0000bd
16593155ns          298167 1c008d6e fe0514e3 bne              x10, x0, -24        x10:00000065
16593234ns          298171 1c008d56 02500793 addi             x15, x0, 37         x15=00000025
16593254ns          298172 1c008d5a 04f50863 beq              x10, x15, 80        x10:00000065 x15:00000025
16593274ns          298173 1c008d5e 01a005b3 add              x11, x0, x26        x11=00000002 x26:00000002
16593294ns          298174 1c008d60 000b00e7 jalr             x1, x22, 0           x1=1c008d62 x22:1c008c6c
16593334ns          298176 1c008c6c 000026b7 lui              x13, 0x2000         x13=00002000
16593354ns          298177 1c008c6e f14027f3 csrrs            x15, x0, 0xf14      x15=00000001
16593374ns          298178 1c008c72 f8068693 addi             x13, x13, -128      x13=00001f80 x13:00002000
16593394ns          298179 1c008c76 00379713 slli             x14, x15, 0x3       x14=00000008 x15:00000001
16593414ns          298180 1c008c7a 00279793 slli             x15, x15, 0x2       x15=00000004 x15:00000001
16593433ns          298181 1c008c7c 00d7f7b3 and              x15, x15, x13       x15=00000000 x15:00000004 x13:00001f80
16593453ns          298182 1c008c7e ee873733 p.bclr           x14, x14, 23, 8     x14=00000008 x14:00000008
16593473ns          298183 1c008c82 1a10f6b7 lui              x13, 0x1a10f000     x13=1a10f000
16593493ns          298184 1c008c86 0ff57513 andi             x10, x10, 255       x10=00000065 x10:00000065
16593513ns          298185 1c008c8a 00d70733 add              x14, x14, x13       x14=1a10f008 x14:00000008 x13:1a10f000
16593533ns          298186 1c008c8c 00a7e723 p.sw             x10, x0(x15)        x10:00000065 x15:00000000  PA:1a10f008
16593911ns          298205 1c008c90 00000513 addi             x10, x0, 0          x10=00000000
16593931ns          298206 1c008c92 00008067 jalr             x0, x1, 0            x1:1c008d62
16593990ns          298209 1c008d62 31f52563 p.beqimm         x10, 778            x10:00000000
16594010ns          298210 1c008d66 001d8d93 addi             x27, x27, 1         x27=00000002 x27:00000001
16594030ns          298211 1c008d68 00044503 lbu              x10, 0(x8)          x10=00000072  x8:1c0000be  PA:1c0000be
16594328ns          298226 1c008d6c 00140413 addi             x8, x8, 1            x8=1c0000bf  x8:1c0000be
16594348ns          298227 1c008d6e fe0514e3 bne              x10, x0, -24        x10:00000072
16594428ns          298231 1c008d56 02500793 addi             x15, x0, 37         x15=00000025
16594448ns          298232 1c008d5a 04f50863 beq              x10, x15, 80        x10:00000072 x15:00000025
16594468ns          298233 1c008d5e 01a005b3 add              x11, x0, x26        x11=00000002 x26:00000002
16594488ns          298234 1c008d60 000b00e7 jalr             x1, x22, 0           x1=1c008d62 x22:1c008c6c
16594527ns          298236 1c008c6c 000026b7 lui              x13, 0x2000         x13=00002000
16594547ns          298237 1c008c6e f14027f3 csrrs            x15, x0, 0xf14      x15=00000001
16594567ns          298238 1c008c72 f8068693 addi             x13, x13, -128      x13=00001f80 x13:00002000
16594587ns          298239 1c008c76 00379713 slli             x14, x15, 0x3       x14=00000008 x15:00000001
16594607ns          298240 1c008c7a 00279793 slli             x15, x15, 0x2       x15=00000004 x15:00000001
16594627ns          298241 1c008c7c 00d7f7b3 and              x15, x15, x13       x15=00000000 x15:00000004 x13:00001f80
16594647ns          298242 1c008c7e ee873733 p.bclr           x14, x14, 23, 8     x14=00000008 x14:00000008
16594667ns          298243 1c008c82 1a10f6b7 lui              x13, 0x1a10f000     x13=1a10f000
16594687ns          298244 1c008c86 0ff57513 andi             x10, x10, 255       x10=00000072 x10:00000072
16594706ns          298245 1c008c8a 00d70733 add              x14, x14, x13       x14=1a10f008 x14:00000008 x13:1a10f000
16594726ns          298246 1c008c8c 00a7e723 p.sw             x10, x0(x15)        x10:00000072 x15:00000000  PA:1a10f008
16595064ns          298263 1c008c90 00000513 addi             x10, x0, 0          x10=00000000
16595084ns          298264 1c008c92 00008067 jalr             x0, x1, 0            x1:1c008d62
16595144ns          298267 1c008d62 31f52563 p.beqimm         x10, 778            x10:00000000
16595164ns          298268 1c008d66 001d8d93 addi             x27, x27, 1         x27=00000003 x27:00000002
16595184ns          298269 1c008d68 00044503 lbu              x10, 0(x8)          x10=0000006e  x8:1c0000bf  PA:1c0000bf
16595482ns          298284 1c008d6c 00140413 addi             x8, x8, 1            x8=1c0000c0  x8:1c0000bf
16595502ns          298285 1c008d6e fe0514e3 bne              x10, x0, -24        x10:0000006e
16595582ns          298289 1c008d56 02500793 addi             x15, x0, 37         x15=00000025
16595601ns          298290 1c008d5a 04f50863 beq              x10, x15, 80        x10:0000006e x15:00000025
16595621ns          298291 1c008d5e 01a005b3 add              x11, x0, x26        x11=00000002 x26:00000002
16595641ns          298292 1c008d60 000b00e7 jalr             x1, x22, 0           x1=1c008d62 x22:1c008c6c
16595681ns          298294 1c008c6c 000026b7 lui              x13, 0x2000         x13=00002000
16595701ns          298295 1c008c6e f14027f3 csrrs            x15, x0, 0xf14      x15=00000001
16595721ns          298296 1c008c72 f8068693 addi             x13, x13, -128      x13=00001f80 x13:00002000
16595741ns          298297 1c008c76 00379713 slli             x14, x15, 0x3       x14=00000008 x15:00000001
16595761ns          298298 1c008c7a 00279793 slli             x15, x15, 0x2       x15=00000004 x15:00000001
16595781ns          298299 1c008c7c 00d7f7b3 and              x15, x15, x13       x15=00000000 x15:00000004 x13:00001f80
16595800ns          298300 1c008c7e ee873733 p.bclr           x14, x14, 23, 8     x14=00000008 x14:00000008
16595820ns          298301 1c008c82 1a10f6b7 lui              x13, 0x1a10f000     x13=1a10f000
16595840ns          298302 1c008c86 0ff57513 andi             x10, x10, 255       x10=0000006e x10:0000006e
16595860ns          298303 1c008c8a 00d70733 add              x14, x14, x13       x14=1a10f008 x14:00000008 x13:1a10f000
16595880ns          298304 1c008c8c 00a7e723 p.sw             x10, x0(x15)        x10:0000006e x15:00000000  PA:1a10f008
16596198ns          298320 1c008c90 00000513 addi             x10, x0, 0          x10=00000000
16596218ns          298321 1c008c92 00008067 jalr             x0, x1, 0            x1:1c008d62
16596278ns          298324 1c008d62 31f52563 p.beqimm         x10, 778            x10:00000000
16596298ns          298325 1c008d66 001d8d93 addi             x27, x27, 1         x27=00000004 x27:00000003
16596318ns          298326 1c008d68 00044503 lbu              x10, 0(x8)          x10=00000065  x8:1c0000c0  PA:1c0000c0
16596616ns          298341 1c008d6c 00140413 addi             x8, x8, 1            x8=1c0000c1  x8:1c0000c0
16596636ns          298342 1c008d6e fe0514e3 bne              x10, x0, -24        x10:00000065
16596715ns          298346 1c008d56 02500793 addi             x15, x0, 37         x15=00000025
16596735ns          298347 1c008d5a 04f50863 beq              x10, x15, 80        x10:00000065 x15:00000025
16596755ns          298348 1c008d5e 01a005b3 add              x11, x0, x26        x11=00000002 x26:00000002
16596775ns          298349 1c008d60 000b00e7 jalr             x1, x22, 0           x1=1c008d62 x22:1c008c6c
16596815ns          298351 1c008c6c 000026b7 lui              x13, 0x2000         x13=00002000
16596835ns          298352 1c008c6e f14027f3 csrrs            x15, x0, 0xf14      x15=00000001
16596855ns          298353 1c008c72 f8068693 addi             x13, x13, -128      x13=00001f80 x13:00002000
16596875ns          298354 1c008c76 00379713 slli             x14, x15, 0x3       x14=00000008 x15:00000001
16596894ns          298355 1c008c7a 00279793 slli             x15, x15, 0x2       x15=00000004 x15:00000001
16596914ns          298356 1c008c7c 00d7f7b3 and              x15, x15, x13       x15=00000000 x15:00000004 x13:00001f80
16596934ns          298357 1c008c7e ee873733 p.bclr           x14, x14, 23, 8     x14=00000008 x14:00000008
16596954ns          298358 1c008c82 1a10f6b7 lui              x13, 0x1a10f000     x13=1a10f000
16596974ns          298359 1c008c86 0ff57513 andi             x10, x10, 255       x10=00000065 x10:00000065
16596994ns          298360 1c008c8a 00d70733 add              x14, x14, x13       x14=1a10f008 x14:00000008 x13:1a10f000
16597014ns          298361 1c008c8c 00a7e723 p.sw             x10, x0(x15)        x10:00000065 x15:00000000  PA:1a10f008
16597332ns          298377 1c008c90 00000513 addi             x10, x0, 0          x10=00000000
16597352ns          298378 1c008c92 00008067 jalr             x0, x1, 0            x1:1c008d62
16597412ns          298381 1c008d62 31f52563 p.beqimm         x10, 778            x10:00000000
16597431ns          298382 1c008d66 001d8d93 addi             x27, x27, 1         x27=00000005 x27:00000004
16597451ns          298383 1c008d68 00044503 lbu              x10, 0(x8)          x10=0000006c  x8:1c0000c1  PA:1c0000c1
16597750ns          298398 1c008d6c 00140413 addi             x8, x8, 1            x8=1c0000c2  x8:1c0000c1
16597770ns          298399 1c008d6e fe0514e3 bne              x10, x0, -24        x10:0000006c
16597849ns          298403 1c008d56 02500793 addi             x15, x0, 37         x15=00000025
16597869ns          298404 1c008d5a 04f50863 beq              x10, x15, 80        x10:0000006c x15:00000025
16597889ns          298405 1c008d5e 01a005b3 add              x11, x0, x26        x11=00000002 x26:00000002
16597909ns          298406 1c008d60 000b00e7 jalr             x1, x22, 0           x1=1c008d62 x22:1c008c6c
16597949ns          298408 1c008c6c 000026b7 lui              x13, 0x2000         x13=00002000
16597968ns          298409 1c008c6e f14027f3 csrrs            x15, x0, 0xf14      x15=00000001
16597988ns          298410 1c008c72 f8068693 addi             x13, x13, -128      x13=00001f80 x13:00002000
16598008ns          298411 1c008c76 00379713 slli             x14, x15, 0x3       x14=00000008 x15:00000001
16598028ns          298412 1c008c7a 00279793 slli             x15, x15, 0x2       x15=00000004 x15:00000001
16598048ns          298413 1c008c7c 00d7f7b3 and              x15, x15, x13       x15=00000000 x15:00000004 x13:00001f80
16598068ns          298414 1c008c7e ee873733 p.bclr           x14, x14, 23, 8     x14=00000008 x14:00000008
16598088ns          298415 1c008c82 1a10f6b7 lui              x13, 0x1a10f000     x13=1a10f000
16598108ns          298416 1c008c86 0ff57513 andi             x10, x10, 255       x10=0000006c x10:0000006c
16598128ns          298417 1c008c8a 00d70733 add              x14, x14, x13       x14=1a10f008 x14:00000008 x13:1a10f000
16598148ns          298418 1c008c8c 00a7e723 p.sw             x10, x0(x15)        x10:0000006c x15:00000000  PA:1a10f008
16598486ns          298435 1c008c90 00000513 addi             x10, x0, 0          x10=00000000
16598506ns          298436 1c008c92 00008067 jalr             x0, x1, 0            x1:1c008d62
16598565ns          298439 1c008d62 31f52563 p.beqimm         x10, 778            x10:00000000
16598585ns          298440 1c008d66 001d8d93 addi             x27, x27, 1         x27=00000006 x27:00000005
16598605ns          298441 1c008d68 00044503 lbu              x10, 0(x8)          x10=00000020  x8:1c0000c2  PA:1c0000c2
16598903ns          298456 1c008d6c 00140413 addi             x8, x8, 1            x8=1c0000c3  x8:1c0000c2
16598923ns          298457 1c008d6e fe0514e3 bne              x10, x0, -24        x10:00000020
16599003ns          298461 1c008d56 02500793 addi             x15, x0, 37         x15=00000025
16599023ns          298462 1c008d5a 04f50863 beq              x10, x15, 80        x10:00000020 x15:00000025
16599043ns          298463 1c008d5e 01a005b3 add              x11, x0, x26        x11=00000002 x26:00000002
16599062ns          298464 1c008d60 000b00e7 jalr             x1, x22, 0           x1=1c008d62 x22:1c008c6c
16599102ns          298466 1c008c6c 000026b7 lui              x13, 0x2000         x13=00002000
16599122ns          298467 1c008c6e f14027f3 csrrs            x15, x0, 0xf14      x15=00000001
16599142ns          298468 1c008c72 f8068693 addi             x13, x13, -128      x13=00001f80 x13:00002000
16599162ns          298469 1c008c76 00379713 slli             x14, x15, 0x3       x14=00000008 x15:00000001
16599182ns          298470 1c008c7a 00279793 slli             x15, x15, 0x2       x15=00000004 x15:00000001
16599202ns          298471 1c008c7c 00d7f7b3 and              x15, x15, x13       x15=00000000 x15:00000004 x13:00001f80
16599222ns          298472 1c008c7e ee873733 p.bclr           x14, x14, 23, 8     x14=00000008 x14:00000008
16599242ns          298473 1c008c82 1a10f6b7 lui              x13, 0x1a10f000     x13=1a10f000
16599261ns          298474 1c008c86 0ff57513 andi             x10, x10, 255       x10=00000020 x10:00000020
16599281ns          298475 1c008c8a 00d70733 add              x14, x14, x13       x14=1a10f008 x14:00000008 x13:1a10f000
16599301ns          298476 1c008c8c 00a7e723 p.sw             x10, x0(x15)        x10:00000020 x15:00000000  PA:1a10f008
16599619ns          298492 1c008c90 00000513 addi             x10, x0, 0          x10=00000000
16599639ns          298493 1c008c92 00008067 jalr             x0, x1, 0            x1:1c008d62
16599699ns          298496 1c008d62 31f52563 p.beqimm         x10, 778            x10:00000000
16599719ns          298497 1c008d66 001d8d93 addi             x27, x27, 1         x27=00000007 x27:00000006
16599739ns          298498 1c008d68 00044503 lbu              x10, 0(x8)          x10=00000070  x8:1c0000c3  PA:1c0000c3
16600037ns          298513 1c008d6c 00140413 addi             x8, x8, 1            x8=1c0000c4  x8:1c0000c3
16600057ns          298514 1c008d6e fe0514e3 bne              x10, x0, -24        x10:00000070
16600137ns          298518 1c008d56 02500793 addi             x15, x0, 37         x15=00000025
16600156ns          298519 1c008d5a 04f50863 beq              x10, x15, 80        x10:00000070 x15:00000025
16600176ns          298520 1c008d5e 01a005b3 add              x11, x0, x26        x11=00000002 x26:00000002
16600196ns          298521 1c008d60 000b00e7 jalr             x1, x22, 0           x1=1c008d62 x22:1c008c6c
16600236ns          298523 1c008c6c 000026b7 lui              x13, 0x2000         x13=00002000
16600256ns          298524 1c008c6e f14027f3 csrrs            x15, x0, 0xf14      x15=00000001
16600276ns          298525 1c008c72 f8068693 addi             x13, x13, -128      x13=00001f80 x13:00002000
16600296ns          298526 1c008c76 00379713 slli             x14, x15, 0x3       x14=00000008 x15:00000001
16600316ns          298527 1c008c7a 00279793 slli             x15, x15, 0x2       x15=00000004 x15:00000001
16600335ns          298528 1c008c7c 00d7f7b3 and              x15, x15, x13       x15=00000000 x15:00000004 x13:00001f80
16600355ns          298529 1c008c7e ee873733 p.bclr           x14, x14, 23, 8     x14=00000008 x14:00000008
16600375ns          298530 1c008c82 1a10f6b7 lui              x13, 0x1a10f000     x13=1a10f000
16600395ns          298531 1c008c86 0ff57513 andi             x10, x10, 255       x10=00000070 x10:00000070
16600415ns          298532 1c008c8a 00d70733 add              x14, x14, x13       x14=1a10f008 x14:00000008 x13:1a10f000
16600435ns          298533 1c008c8c 00a7e723 p.sw             x10, x0(x15)        x10:00000070 x15:00000000  PA:1a10f008
16600753ns          298549 1c008c90 00000513 addi             x10, x0, 0          x10=00000000
16600773ns          298550 1c008c92 00008067 jalr             x0, x1, 0            x1:1c008d62
16600833ns          298553 1c008d62 31f52563 p.beqimm         x10, 778            x10:00000000
16600853ns          298554 1c008d66 001d8d93 addi             x27, x27, 1         x27=00000008 x27:00000007
16600873ns          298555 1c008d68 00044503 lbu              x10, 0(x8)          x10=00000061  x8:1c0000c4  PA:1c0000c4
16601191ns          298571 1c008d6c 00140413 addi             x8, x8, 1            x8=1c0000c5  x8:1c0000c4
16601211ns          298572 1c008d6e fe0514e3 bne              x10, x0, -24        x10:00000061
16601290ns          298576 1c008d56 02500793 addi             x15, x0, 37         x15=00000025
16601310ns          298577 1c008d5a 04f50863 beq              x10, x15, 80        x10:00000061 x15:00000025
16601330ns          298578 1c008d5e 01a005b3 add              x11, x0, x26        x11=00000002 x26:00000002
16601350ns          298579 1c008d60 000b00e7 jalr             x1, x22, 0           x1=1c008d62 x22:1c008c6c
16601390ns          298581 1c008c6c 000026b7 lui              x13, 0x2000         x13=00002000
16601410ns          298582 1c008c6e f14027f3 csrrs            x15, x0, 0xf14      x15=00000001
16601429ns          298583 1c008c72 f8068693 addi             x13, x13, -128      x13=00001f80 x13:00002000
16601449ns          298584 1c008c76 00379713 slli             x14, x15, 0x3       x14=00000008 x15:00000001
16601469ns          298585 1c008c7a 00279793 slli             x15, x15, 0x2       x15=00000004 x15:00000001
16601489ns          298586 1c008c7c 00d7f7b3 and              x15, x15, x13       x15=00000000 x15:00000004 x13:00001f80
16601509ns          298587 1c008c7e ee873733 p.bclr           x14, x14, 23, 8     x14=00000008 x14:00000008
16601529ns          298588 1c008c82 1a10f6b7 lui              x13, 0x1a10f000     x13=1a10f000
16601549ns          298589 1c008c86 0ff57513 andi             x10, x10, 255       x10=00000061 x10:00000061
16601569ns          298590 1c008c8a 00d70733 add              x14, x14, x13       x14=1a10f008 x14:00000008 x13:1a10f000
16601589ns          298591 1c008c8c 00a7e723 p.sw             x10, x0(x15)        x10:00000061 x15:00000000  PA:1a10f008
16601907ns          298607 1c008c90 00000513 addi             x10, x0, 0          x10=00000000
16601927ns          298608 1c008c92 00008067 jalr             x0, x1, 0            x1:1c008d62
16601986ns          298611 1c008d62 31f52563 p.beqimm         x10, 778            x10:00000000
16602006ns          298612 1c008d66 001d8d93 addi             x27, x27, 1         x27=00000009 x27:00000008
16602026ns          298613 1c008d68 00044503 lbu              x10, 0(x8)          x10=00000073  x8:1c0000c5  PA:1c0000c5
16602325ns          298628 1c008d6c 00140413 addi             x8, x8, 1            x8=1c0000c6  x8:1c0000c5
16602344ns          298629 1c008d6e fe0514e3 bne              x10, x0, -24        x10:00000073
16602424ns          298633 1c008d56 02500793 addi             x15, x0, 37         x15=00000025
16602444ns          298634 1c008d5a 04f50863 beq              x10, x15, 80        x10:00000073 x15:00000025
16602464ns          298635 1c008d5e 01a005b3 add              x11, x0, x26        x11=00000002 x26:00000002
16602484ns          298636 1c008d60 000b00e7 jalr             x1, x22, 0           x1=1c008d62 x22:1c008c6c
16602523ns          298638 1c008c6c 000026b7 lui              x13, 0x2000         x13=00002000
16602543ns          298639 1c008c6e f14027f3 csrrs            x15, x0, 0xf14      x15=00000001
16602563ns          298640 1c008c72 f8068693 addi             x13, x13, -128      x13=00001f80 x13:00002000
16602583ns          298641 1c008c76 00379713 slli             x14, x15, 0x3       x14=00000008 x15:00000001
16602603ns          298642 1c008c7a 00279793 slli             x15, x15, 0x2       x15=00000004 x15:00000001
16602623ns          298643 1c008c7c 00d7f7b3 and              x15, x15, x13       x15=00000000 x15:00000004 x13:00001f80
16602643ns          298644 1c008c7e ee873733 p.bclr           x14, x14, 23, 8     x14=00000008 x14:00000008
16602663ns          298645 1c008c82 1a10f6b7 lui              x13, 0x1a10f000     x13=1a10f000
16602683ns          298646 1c008c86 0ff57513 andi             x10, x10, 255       x10=00000073 x10:00000073
16602702ns          298647 1c008c8a 00d70733 add              x14, x14, x13       x14=1a10f008 x14:00000008 x13:1a10f000
16602722ns          298648 1c008c8c 00a7e723 p.sw             x10, x0(x15)        x10:00000073 x15:00000000  PA:1a10f008
16603041ns          298664 1c008c90 00000513 addi             x10, x0, 0          x10=00000000
16603061ns          298665 1c008c92 00008067 jalr             x0, x1, 0            x1:1c008d62
16603120ns          298668 1c008d62 31f52563 p.beqimm         x10, 778            x10:00000000
16603140ns          298669 1c008d66 001d8d93 addi             x27, x27, 1         x27=0000000a x27:00000009
16603160ns          298670 1c008d68 00044503 lbu              x10, 0(x8)          x10=00000073  x8:1c0000c6  PA:1c0000c6
16603458ns          298685 1c008d6c 00140413 addi             x8, x8, 1            x8=1c0000c7  x8:1c0000c6
16603478ns          298686 1c008d6e fe0514e3 bne              x10, x0, -24        x10:00000073
16603558ns          298690 1c008d56 02500793 addi             x15, x0, 37         x15=00000025
16603578ns          298691 1c008d5a 04f50863 beq              x10, x15, 80        x10:00000073 x15:00000025
16603598ns          298692 1c008d5e 01a005b3 add              x11, x0, x26        x11=00000002 x26:00000002
16603617ns          298693 1c008d60 000b00e7 jalr             x1, x22, 0           x1=1c008d62 x22:1c008c6c
16603657ns          298695 1c008c6c 000026b7 lui              x13, 0x2000         x13=00002000
16603677ns          298696 1c008c6e f14027f3 csrrs            x15, x0, 0xf14      x15=00000001
16603697ns          298697 1c008c72 f8068693 addi             x13, x13, -128      x13=00001f80 x13:00002000
16603717ns          298698 1c008c76 00379713 slli             x14, x15, 0x3       x14=00000008 x15:00000001
16603737ns          298699 1c008c7a 00279793 slli             x15, x15, 0x2       x15=00000004 x15:00000001
16603757ns          298700 1c008c7c 00d7f7b3 and              x15, x15, x13       x15=00000000 x15:00000004 x13:00001f80
16603777ns          298701 1c008c7e ee873733 p.bclr           x14, x14, 23, 8     x14=00000008 x14:00000008
16603796ns          298702 1c008c82 1a10f6b7 lui              x13, 0x1a10f000     x13=1a10f000
16603816ns          298703 1c008c86 0ff57513 andi             x10, x10, 255       x10=00000073 x10:00000073
16603836ns          298704 1c008c8a 00d70733 add              x14, x14, x13       x14=1a10f008 x14:00000008 x13:1a10f000
16603856ns          298705 1c008c8c 00a7e723 p.sw             x10, x0(x15)        x10:00000073 x15:00000000  PA:1a10f008
16604194ns          298722 1c008c90 00000513 addi             x10, x0, 0          x10=00000000
16604214ns          298723 1c008c92 00008067 jalr             x0, x1, 0            x1:1c008d62
16604274ns          298726 1c008d62 31f52563 p.beqimm         x10, 778            x10:00000000
16604294ns          298727 1c008d66 001d8d93 addi             x27, x27, 1         x27=0000000b x27:0000000a
16604314ns          298728 1c008d68 00044503 lbu              x10, 0(x8)          x10=00000065  x8:1c0000c7  PA:1c0000c7
16604612ns          298743 1c008d6c 00140413 addi             x8, x8, 1            x8=1c0000c8  x8:1c0000c7
16604632ns          298744 1c008d6e fe0514e3 bne              x10, x0, -24        x10:00000065
16604711ns          298748 1c008d56 02500793 addi             x15, x0, 37         x15=00000025
16604731ns          298749 1c008d5a 04f50863 beq              x10, x15, 80        x10:00000065 x15:00000025
16604751ns          298750 1c008d5e 01a005b3 add              x11, x0, x26        x11=00000002 x26:00000002
16604771ns          298751 1c008d60 000b00e7 jalr             x1, x22, 0           x1=1c008d62 x22:1c008c6c
16604811ns          298753 1c008c6c 000026b7 lui              x13, 0x2000         x13=00002000
16604831ns          298754 1c008c6e f14027f3 csrrs            x15, x0, 0xf14      x15=00000001
16604851ns          298755 1c008c72 f8068693 addi             x13, x13, -128      x13=00001f80 x13:00002000
16604871ns          298756 1c008c76 00379713 slli             x14, x15, 0x3       x14=00000008 x15:00000001
16604890ns          298757 1c008c7a 00279793 slli             x15, x15, 0x2       x15=00000004 x15:00000001
16604910ns          298758 1c008c7c 00d7f7b3 and              x15, x15, x13       x15=00000000 x15:00000004 x13:00001f80
16604930ns          298759 1c008c7e ee873733 p.bclr           x14, x14, 23, 8     x14=00000008 x14:00000008
16604950ns          298760 1c008c82 1a10f6b7 lui              x13, 0x1a10f000     x13=1a10f000
16604970ns          298761 1c008c86 0ff57513 andi             x10, x10, 255       x10=00000065 x10:00000065
16604990ns          298762 1c008c8a 00d70733 add              x14, x14, x13       x14=1a10f008 x14:00000008 x13:1a10f000
16605010ns          298763 1c008c8c 00a7e723 p.sw             x10, x0(x15)        x10:00000065 x15:00000000  PA:1a10f008
16605328ns          298779 1c008c90 00000513 addi             x10, x0, 0          x10=00000000
16605348ns          298780 1c008c92 00008067 jalr             x0, x1, 0            x1:1c008d62
16605408ns          298783 1c008d62 31f52563 p.beqimm         x10, 778            x10:00000000
16605428ns          298784 1c008d66 001d8d93 addi             x27, x27, 1         x27=0000000c x27:0000000b
16605447ns          298785 1c008d68 00044503 lbu              x10, 0(x8)          x10=00000064  x8:1c0000c8  PA:1c0000c8
16605746ns          298800 1c008d6c 00140413 addi             x8, x8, 1            x8=1c0000c9  x8:1c0000c8
16605766ns          298801 1c008d6e fe0514e3 bne              x10, x0, -24        x10:00000064
16605845ns          298805 1c008d56 02500793 addi             x15, x0, 37         x15=00000025
16605865ns          298806 1c008d5a 04f50863 beq              x10, x15, 80        x10:00000064 x15:00000025
16605885ns          298807 1c008d5e 01a005b3 add              x11, x0, x26        x11=00000002 x26:00000002
16605905ns          298808 1c008d60 000b00e7 jalr             x1, x22, 0           x1=1c008d62 x22:1c008c6c
16605945ns          298810 1c008c6c 000026b7 lui              x13, 0x2000         x13=00002000
16605965ns          298811 1c008c6e f14027f3 csrrs            x15, x0, 0xf14      x15=00000001
16605984ns          298812 1c008c72 f8068693 addi             x13, x13, -128      x13=00001f80 x13:00002000
16606004ns          298813 1c008c76 00379713 slli             x14, x15, 0x3       x14=00000008 x15:00000001
16606024ns          298814 1c008c7a 00279793 slli             x15, x15, 0x2       x15=00000004 x15:00000001
16606044ns          298815 1c008c7c 00d7f7b3 and              x15, x15, x13       x15=00000000 x15:00000004 x13:00001f80
16606064ns          298816 1c008c7e ee873733 p.bclr           x14, x14, 23, 8     x14=00000008 x14:00000008
16606084ns          298817 1c008c82 1a10f6b7 lui              x13, 0x1a10f000     x13=1a10f000
16606104ns          298818 1c008c86 0ff57513 andi             x10, x10, 255       x10=00000064 x10:00000064
16606124ns          298819 1c008c8a 00d70733 add              x14, x14, x13       x14=1a10f008 x14:00000008 x13:1a10f000
16606144ns          298820 1c008c8c 00a7e723 p.sw             x10, x0(x15)        x10:00000064 x15:00000000  PA:1a10f008
16606482ns          298837 1c008c90 00000513 addi             x10, x0, 0          x10=00000000
16606502ns          298838 1c008c92 00008067 jalr             x0, x1, 0            x1:1c008d62
16606561ns          298841 1c008d62 31f52563 p.beqimm         x10, 778            x10:00000000
16606581ns          298842 1c008d66 001d8d93 addi             x27, x27, 1         x27=0000000d x27:0000000c
16606601ns          298843 1c008d68 00044503 lbu              x10, 0(x8)          x10=00000020  x8:1c0000c9  PA:1c0000c9
16606899ns          298858 1c008d6c 00140413 addi             x8, x8, 1            x8=1c0000ca  x8:1c0000c9
16606919ns          298859 1c008d6e fe0514e3 bne              x10, x0, -24        x10:00000020
16606999ns          298863 1c008d56 02500793 addi             x15, x0, 37         x15=00000025
16607019ns          298864 1c008d5a 04f50863 beq              x10, x15, 80        x10:00000020 x15:00000025
16607039ns          298865 1c008d5e 01a005b3 add              x11, x0, x26        x11=00000002 x26:00000002
16607059ns          298866 1c008d60 000b00e7 jalr             x1, x22, 0           x1=1c008d62 x22:1c008c6c
16607098ns          298868 1c008c6c 000026b7 lui              x13, 0x2000         x13=00002000
16607118ns          298869 1c008c6e f14027f3 csrrs            x15, x0, 0xf14      x15=00000001
16607138ns          298870 1c008c72 f8068693 addi             x13, x13, -128      x13=00001f80 x13:00002000
16607158ns          298871 1c008c76 00379713 slli             x14, x15, 0x3       x14=00000008 x15:00000001
16607178ns          298872 1c008c7a 00279793 slli             x15, x15, 0x2       x15=00000004 x15:00000001
16607198ns          298873 1c008c7c 00d7f7b3 and              x15, x15, x13       x15=00000000 x15:00000004 x13:00001f80
16607218ns          298874 1c008c7e ee873733 p.bclr           x14, x14, 23, 8     x14=00000008 x14:00000008
16607238ns          298875 1c008c82 1a10f6b7 lui              x13, 0x1a10f000     x13=1a10f000
16607257ns          298876 1c008c86 0ff57513 andi             x10, x10, 255       x10=00000020 x10:00000020
16607277ns          298877 1c008c8a 00d70733 add              x14, x14, x13       x14=1a10f008 x14:00000008 x13:1a10f000
16607297ns          298878 1c008c8c 00a7e723 p.sw             x10, x0(x15)        x10:00000020 x15:00000000  PA:1a10f008
16607616ns          298894 1c008c90 00000513 addi             x10, x0, 0          x10=00000000
16607635ns          298895 1c008c92 00008067 jalr             x0, x1, 0            x1:1c008d62
16607695ns          298898 1c008d62 31f52563 p.beqimm         x10, 778            x10:00000000
16607715ns          298899 1c008d66 001d8d93 addi             x27, x27, 1         x27=0000000e x27:0000000d
16607735ns          298900 1c008d68 00044503 lbu              x10, 0(x8)          x10=0000006f  x8:1c0000ca  PA:1c0000ca
16608033ns          298915 1c008d6c 00140413 addi             x8, x8, 1            x8=1c0000cb  x8:1c0000ca
16608053ns          298916 1c008d6e fe0514e3 bne              x10, x0, -24        x10:0000006f
16608133ns          298920 1c008d56 02500793 addi             x15, x0, 37         x15=00000025
16608153ns          298921 1c008d5a 04f50863 beq              x10, x15, 80        x10:0000006f x15:00000025
16608172ns          298922 1c008d5e 01a005b3 add              x11, x0, x26        x11=00000002 x26:00000002
16608192ns          298923 1c008d60 000b00e7 jalr             x1, x22, 0           x1=1c008d62 x22:1c008c6c
16608232ns          298925 1c008c6c 000026b7 lui              x13, 0x2000         x13=00002000
16608252ns          298926 1c008c6e f14027f3 csrrs            x15, x0, 0xf14      x15=00000001
16608272ns          298927 1c008c72 f8068693 addi             x13, x13, -128      x13=00001f80 x13:00002000
16608292ns          298928 1c008c76 00379713 slli             x14, x15, 0x3       x14=00000008 x15:00000001
16608312ns          298929 1c008c7a 00279793 slli             x15, x15, 0x2       x15=00000004 x15:00000001
16608332ns          298930 1c008c7c 00d7f7b3 and              x15, x15, x13       x15=00000000 x15:00000004 x13:00001f80
16608351ns          298931 1c008c7e ee873733 p.bclr           x14, x14, 23, 8     x14=00000008 x14:00000008
16608371ns          298932 1c008c82 1a10f6b7 lui              x13, 0x1a10f000     x13=1a10f000
16608391ns          298933 1c008c86 0ff57513 andi             x10, x10, 255       x10=0000006f x10:0000006f
16608411ns          298934 1c008c8a 00d70733 add              x14, x14, x13       x14=1a10f008 x14:00000008 x13:1a10f000
16608431ns          298935 1c008c8c 00a7e723 p.sw             x10, x0(x15)        x10:0000006f x15:00000000  PA:1a10f008
16608749ns          298951 1c008c90 00000513 addi             x10, x0, 0          x10=00000000
16608769ns          298952 1c008c92 00008067 jalr             x0, x1, 0            x1:1c008d62
16608829ns          298955 1c008d62 31f52563 p.beqimm         x10, 778            x10:00000000
16608849ns          298956 1c008d66 001d8d93 addi             x27, x27, 1         x27=0000000f x27:0000000e
16608869ns          298957 1c008d68 00044503 lbu              x10, 0(x8)          x10=0000006e  x8:1c0000cb  PA:1c0000cb
16609187ns          298973 1c008d6c 00140413 addi             x8, x8, 1            x8=1c0000cc  x8:1c0000cb
16609207ns          298974 1c008d6e fe0514e3 bne              x10, x0, -24        x10:0000006e
16609286ns          298978 1c008d56 02500793 addi             x15, x0, 37         x15=00000025
16609306ns          298979 1c008d5a 04f50863 beq              x10, x15, 80        x10:0000006e x15:00000025
16609326ns          298980 1c008d5e 01a005b3 add              x11, x0, x26        x11=00000002 x26:00000002
16609346ns          298981 1c008d60 000b00e7 jalr             x1, x22, 0           x1=1c008d62 x22:1c008c6c
16609386ns          298983 1c008c6c 000026b7 lui              x13, 0x2000         x13=00002000
16609406ns          298984 1c008c6e f14027f3 csrrs            x15, x0, 0xf14      x15=00000001
16609426ns          298985 1c008c72 f8068693 addi             x13, x13, -128      x13=00001f80 x13:00002000
16609445ns          298986 1c008c76 00379713 slli             x14, x15, 0x3       x14=00000008 x15:00000001
16609465ns          298987 1c008c7a 00279793 slli             x15, x15, 0x2       x15=00000004 x15:00000001
16609485ns          298988 1c008c7c 00d7f7b3 and              x15, x15, x13       x15=00000000 x15:00000004 x13:00001f80
16609505ns          298989 1c008c7e ee873733 p.bclr           x14, x14, 23, 8     x14=00000008 x14:00000008
16609525ns          298990 1c008c82 1a10f6b7 lui              x13, 0x1a10f000     x13=1a10f000
16609545ns          298991 1c008c86 0ff57513 andi             x10, x10, 255       x10=0000006e x10:0000006e
16609565ns          298992 1c008c8a 00d70733 add              x14, x14, x13       x14=1a10f008 x14:00000008 x13:1a10f000
16609585ns          298993 1c008c8c 00a7e723 p.sw             x10, x0(x15)        x10:0000006e x15:00000000  PA:1a10f008
16609903ns          299009 1c008c90 00000513 addi             x10, x0, 0          x10=00000000
16609923ns          299010 1c008c92 00008067 jalr             x0, x1, 0            x1:1c008d62
16609983ns          299013 1c008d62 31f52563 p.beqimm         x10, 778            x10:00000000
16610002ns          299014 1c008d66 001d8d93 addi             x27, x27, 1         x27=00000010 x27:0000000f
16610022ns          299015 1c008d68 00044503 lbu              x10, 0(x8)          x10=00000020  x8:1c0000cc  PA:1c0000cc
16610321ns          299030 1c008d6c 00140413 addi             x8, x8, 1            x8=1c0000cd  x8:1c0000cc
16610341ns          299031 1c008d6e fe0514e3 bne              x10, x0, -24        x10:00000020
16610420ns          299035 1c008d56 02500793 addi             x15, x0, 37         x15=00000025
16610440ns          299036 1c008d5a 04f50863 beq              x10, x15, 80        x10:00000020 x15:00000025
16610460ns          299037 1c008d5e 01a005b3 add              x11, x0, x26        x11=00000002 x26:00000002
16610480ns          299038 1c008d60 000b00e7 jalr             x1, x22, 0           x1=1c008d62 x22:1c008c6c
16610520ns          299040 1c008c6c 000026b7 lui              x13, 0x2000         x13=00002000
16610539ns          299041 1c008c6e f14027f3 csrrs            x15, x0, 0xf14      x15=00000001
16610559ns          299042 1c008c72 f8068693 addi             x13, x13, -128      x13=00001f80 x13:00002000
16610579ns          299043 1c008c76 00379713 slli             x14, x15, 0x3       x14=00000008 x15:00000001
16610599ns          299044 1c008c7a 00279793 slli             x15, x15, 0x2       x15=00000004 x15:00000001
16610619ns          299045 1c008c7c 00d7f7b3 and              x15, x15, x13       x15=00000000 x15:00000004 x13:00001f80
16610639ns          299046 1c008c7e ee873733 p.bclr           x14, x14, 23, 8     x14=00000008 x14:00000008
16610659ns          299047 1c008c82 1a10f6b7 lui              x13, 0x1a10f000     x13=1a10f000
16610679ns          299048 1c008c86 0ff57513 andi             x10, x10, 255       x10=00000020 x10:00000020
16610699ns          299049 1c008c8a 00d70733 add              x14, x14, x13       x14=1a10f008 x14:00000008 x13:1a10f000
16610718ns          299050 1c008c8c 00a7e723 p.sw             x10, x0(x15)        x10:00000020 x15:00000000  PA:1a10f008
16611037ns          299066 1c008c90 00000513 addi             x10, x0, 0          x10=00000000
16611057ns          299067 1c008c92 00008067 jalr             x0, x1, 0            x1:1c008d62
16611116ns          299070 1c008d62 31f52563 p.beqimm         x10, 778            x10:00000000
16611136ns          299071 1c008d66 001d8d93 addi             x27, x27, 1         x27=00000011 x27:00000010
16611156ns          299072 1c008d68 00044503 lbu              x10, 0(x8)          x10=00000063  x8:1c0000cd  PA:1c0000cd
16611454ns          299087 1c008d6c 00140413 addi             x8, x8, 1            x8=1c0000ce  x8:1c0000cd
16611474ns          299088 1c008d6e fe0514e3 bne              x10, x0, -24        x10:00000063
16611554ns          299092 1c008d56 02500793 addi             x15, x0, 37         x15=00000025
16611574ns          299093 1c008d5a 04f50863 beq              x10, x15, 80        x10:00000063 x15:00000025
16611594ns          299094 1c008d5e 01a005b3 add              x11, x0, x26        x11=00000002 x26:00000002
16611614ns          299095 1c008d60 000b00e7 jalr             x1, x22, 0           x1=1c008d62 x22:1c008c6c
16611653ns          299097 1c008c6c 000026b7 lui              x13, 0x2000         x13=00002000
16611673ns          299098 1c008c6e f14027f3 csrrs            x15, x0, 0xf14      x15=00000001
16611693ns          299099 1c008c72 f8068693 addi             x13, x13, -128      x13=00001f80 x13:00002000
16611713ns          299100 1c008c76 00379713 slli             x14, x15, 0x3       x14=00000008 x15:00000001
16611733ns          299101 1c008c7a 00279793 slli             x15, x15, 0x2       x15=00000004 x15:00000001
16611753ns          299102 1c008c7c 00d7f7b3 and              x15, x15, x13       x15=00000000 x15:00000004 x13:00001f80
16611773ns          299103 1c008c7e ee873733 p.bclr           x14, x14, 23, 8     x14=00000008 x14:00000008
16611793ns          299104 1c008c82 1a10f6b7 lui              x13, 0x1a10f000     x13=1a10f000
16611812ns          299105 1c008c86 0ff57513 andi             x10, x10, 255       x10=00000063 x10:00000063
16611832ns          299106 1c008c8a 00d70733 add              x14, x14, x13       x14=1a10f008 x14:00000008 x13:1a10f000
16611852ns          299107 1c008c8c 00a7e723 p.sw             x10, x0(x15)        x10:00000063 x15:00000000  PA:1a10f008
16612190ns          299124 1c008c90 00000513 addi             x10, x0, 0          x10=00000000
16612210ns          299125 1c008c92 00008067 jalr             x0, x1, 0            x1:1c008d62
16612270ns          299128 1c008d62 31f52563 p.beqimm         x10, 778            x10:00000000
16612290ns          299129 1c008d66 001d8d93 addi             x27, x27, 1         x27=00000012 x27:00000011
16612310ns          299130 1c008d68 00044503 lbu              x10, 0(x8)          x10=0000006f  x8:1c0000ce  PA:1c0000ce
16612608ns          299145 1c008d6c 00140413 addi             x8, x8, 1            x8=1c0000cf  x8:1c0000ce
16612628ns          299146 1c008d6e fe0514e3 bne              x10, x0, -24        x10:0000006f
16612708ns          299150 1c008d56 02500793 addi             x15, x0, 37         x15=00000025
16612727ns          299151 1c008d5a 04f50863 beq              x10, x15, 80        x10:0000006f x15:00000025
16612747ns          299152 1c008d5e 01a005b3 add              x11, x0, x26        x11=00000002 x26:00000002
16612767ns          299153 1c008d60 000b00e7 jalr             x1, x22, 0           x1=1c008d62 x22:1c008c6c
16612807ns          299155 1c008c6c 000026b7 lui              x13, 0x2000         x13=00002000
16612827ns          299156 1c008c6e f14027f3 csrrs            x15, x0, 0xf14      x15=00000001
16612847ns          299157 1c008c72 f8068693 addi             x13, x13, -128      x13=00001f80 x13:00002000
16612867ns          299158 1c008c76 00379713 slli             x14, x15, 0x3       x14=00000008 x15:00000001
16612887ns          299159 1c008c7a 00279793 slli             x15, x15, 0x2       x15=00000004 x15:00000001
16612906ns          299160 1c008c7c 00d7f7b3 and              x15, x15, x13       x15=00000000 x15:00000004 x13:00001f80
16612926ns          299161 1c008c7e ee873733 p.bclr           x14, x14, 23, 8     x14=00000008 x14:00000008
16612946ns          299162 1c008c82 1a10f6b7 lui              x13, 0x1a10f000     x13=1a10f000
16612966ns          299163 1c008c86 0ff57513 andi             x10, x10, 255       x10=0000006f x10:0000006f
16612986ns          299164 1c008c8a 00d70733 add              x14, x14, x13       x14=1a10f008 x14:00000008 x13:1a10f000
16613006ns          299165 1c008c8c 00a7e723 p.sw             x10, x0(x15)        x10:0000006f x15:00000000  PA:1a10f008
16613324ns          299181 1c008c90 00000513 addi             x10, x0, 0          x10=00000000
16613344ns          299182 1c008c92 00008067 jalr             x0, x1, 0            x1:1c008d62
16613404ns          299185 1c008d62 31f52563 p.beqimm         x10, 778            x10:00000000
16613424ns          299186 1c008d66 001d8d93 addi             x27, x27, 1         x27=00000013 x27:00000012
16613444ns          299187 1c008d68 00044503 lbu              x10, 0(x8)          x10=00000072  x8:1c0000cf  PA:1c0000cf
16613742ns          299202 1c008d6c 00140413 addi             x8, x8, 1            x8=1c0000d0  x8:1c0000cf
16613762ns          299203 1c008d6e fe0514e3 bne              x10, x0, -24        x10:00000072
16613841ns          299207 1c008d56 02500793 addi             x15, x0, 37         x15=00000025
16613861ns          299208 1c008d5a 04f50863 beq              x10, x15, 80        x10:00000072 x15:00000025
16613881ns          299209 1c008d5e 01a005b3 add              x11, x0, x26        x11=00000002 x26:00000002
16613901ns          299210 1c008d60 000b00e7 jalr             x1, x22, 0           x1=1c008d62 x22:1c008c6c
16613941ns          299212 1c008c6c 000026b7 lui              x13, 0x2000         x13=00002000
16613961ns          299213 1c008c6e f14027f3 csrrs            x15, x0, 0xf14      x15=00000001
16613981ns          299214 1c008c72 f8068693 addi             x13, x13, -128      x13=00001f80 x13:00002000
16614000ns          299215 1c008c76 00379713 slli             x14, x15, 0x3       x14=00000008 x15:00000001
16614020ns          299216 1c008c7a 00279793 slli             x15, x15, 0x2       x15=00000004 x15:00000001
16614040ns          299217 1c008c7c 00d7f7b3 and              x15, x15, x13       x15=00000000 x15:00000004 x13:00001f80
16614060ns          299218 1c008c7e ee873733 p.bclr           x14, x14, 23, 8     x14=00000008 x14:00000008
16614080ns          299219 1c008c82 1a10f6b7 lui              x13, 0x1a10f000     x13=1a10f000
16614100ns          299220 1c008c86 0ff57513 andi             x10, x10, 255       x10=00000072 x10:00000072
16614120ns          299221 1c008c8a 00d70733 add              x14, x14, x13       x14=1a10f008 x14:00000008 x13:1a10f000
16614140ns          299222 1c008c8c 00a7e723 p.sw             x10, x0(x15)        x10:00000072 x15:00000000  PA:1a10f008
16614478ns          299239 1c008c90 00000513 addi             x10, x0, 0          x10=00000000
16614498ns          299240 1c008c92 00008067 jalr             x0, x1, 0            x1:1c008d62
16614557ns          299243 1c008d62 31f52563 p.beqimm         x10, 778            x10:00000000
16614577ns          299244 1c008d66 001d8d93 addi             x27, x27, 1         x27=00000014 x27:00000013
16614597ns          299245 1c008d68 00044503 lbu              x10, 0(x8)          x10=00000065  x8:1c0000d0  PA:1c0000d0
16614896ns          299260 1c008d6c 00140413 addi             x8, x8, 1            x8=1c0000d1  x8:1c0000d0
16614915ns          299261 1c008d6e fe0514e3 bne              x10, x0, -24        x10:00000065
16614995ns          299265 1c008d56 02500793 addi             x15, x0, 37         x15=00000025
16615015ns          299266 1c008d5a 04f50863 beq              x10, x15, 80        x10:00000065 x15:00000025
16615035ns          299267 1c008d5e 01a005b3 add              x11, x0, x26        x11=00000002 x26:00000002
16615055ns          299268 1c008d60 000b00e7 jalr             x1, x22, 0           x1=1c008d62 x22:1c008c6c
16615094ns          299270 1c008c6c 000026b7 lui              x13, 0x2000         x13=00002000
16615114ns          299271 1c008c6e f14027f3 csrrs            x15, x0, 0xf14      x15=00000001
16615134ns          299272 1c008c72 f8068693 addi             x13, x13, -128      x13=00001f80 x13:00002000
16615154ns          299273 1c008c76 00379713 slli             x14, x15, 0x3       x14=00000008 x15:00000001
16615174ns          299274 1c008c7a 00279793 slli             x15, x15, 0x2       x15=00000004 x15:00000001
16615194ns          299275 1c008c7c 00d7f7b3 and              x15, x15, x13       x15=00000000 x15:00000004 x13:00001f80
16615214ns          299276 1c008c7e ee873733 p.bclr           x14, x14, 23, 8     x14=00000008 x14:00000008
16615234ns          299277 1c008c82 1a10f6b7 lui              x13, 0x1a10f000     x13=1a10f000
16615254ns          299278 1c008c86 0ff57513 andi             x10, x10, 255       x10=00000065 x10:00000065
16615273ns          299279 1c008c8a 00d70733 add              x14, x14, x13       x14=1a10f008 x14:00000008 x13:1a10f000
16615293ns          299280 1c008c8c 00a7e723 p.sw             x10, x0(x15)        x10:00000065 x15:00000000  PA:1a10f008
16615612ns          299296 1c008c90 00000513 addi             x10, x0, 0          x10=00000000
16615631ns          299297 1c008c92 00008067 jalr             x0, x1, 0            x1:1c008d62
16615691ns          299300 1c008d62 31f52563 p.beqimm         x10, 778            x10:00000000
16615711ns          299301 1c008d66 001d8d93 addi             x27, x27, 1         x27=00000015 x27:00000014
16615731ns          299302 1c008d68 00044503 lbu              x10, 0(x8)          x10=00000020  x8:1c0000d1  PA:1c0000d1
16616029ns          299317 1c008d6c 00140413 addi             x8, x8, 1            x8=1c0000d2  x8:1c0000d1
16616049ns          299318 1c008d6e fe0514e3 bne              x10, x0, -24        x10:00000020
16616129ns          299322 1c008d56 02500793 addi             x15, x0, 37         x15=00000025
16616149ns          299323 1c008d5a 04f50863 beq              x10, x15, 80        x10:00000020 x15:00000025
16616169ns          299324 1c008d5e 01a005b3 add              x11, x0, x26        x11=00000002 x26:00000002
16616188ns          299325 1c008d60 000b00e7 jalr             x1, x22, 0           x1=1c008d62 x22:1c008c6c
16616228ns          299327 1c008c6c 000026b7 lui              x13, 0x2000         x13=00002000
16616248ns          299328 1c008c6e f14027f3 csrrs            x15, x0, 0xf14      x15=00000001
16616268ns          299329 1c008c72 f8068693 addi             x13, x13, -128      x13=00001f80 x13:00002000
16616288ns          299330 1c008c76 00379713 slli             x14, x15, 0x3       x14=00000008 x15:00000001
16616308ns          299331 1c008c7a 00279793 slli             x15, x15, 0x2       x15=00000004 x15:00000001
16616328ns          299332 1c008c7c 00d7f7b3 and              x15, x15, x13       x15=00000000 x15:00000004 x13:00001f80
16616348ns          299333 1c008c7e ee873733 p.bclr           x14, x14, 23, 8     x14=00000008 x14:00000008
16616367ns          299334 1c008c82 1a10f6b7 lui              x13, 0x1a10f000     x13=1a10f000
16616387ns          299335 1c008c86 0ff57513 andi             x10, x10, 255       x10=00000020 x10:00000020
16616407ns          299336 1c008c8a 00d70733 add              x14, x14, x13       x14=1a10f008 x14:00000008 x13:1a10f000
16616427ns          299337 1c008c8c 00a7e723 p.sw             x10, x0(x15)        x10:00000020 x15:00000000  PA:1a10f008
16616745ns          299353 1c008c90 00000513 addi             x10, x0, 0          x10=00000000
16616765ns          299354 1c008c92 00008067 jalr             x0, x1, 0            x1:1c008d62
16616825ns          299357 1c008d62 31f52563 p.beqimm         x10, 778            x10:00000000
16616845ns          299358 1c008d66 001d8d93 addi             x27, x27, 1         x27=00000016 x27:00000015
16616865ns          299359 1c008d68 00044503 lbu              x10, 0(x8)          x10=00000020  x8:1c0000d2  PA:1c0000d2
16617183ns          299375 1c008d6c 00140413 addi             x8, x8, 1            x8=1c0000d3  x8:1c0000d2
16617203ns          299376 1c008d6e fe0514e3 bne              x10, x0, -24        x10:00000020
16617282ns          299380 1c008d56 02500793 addi             x15, x0, 37         x15=00000025
16617302ns          299381 1c008d5a 04f50863 beq              x10, x15, 80        x10:00000020 x15:00000025
16617322ns          299382 1c008d5e 01a005b3 add              x11, x0, x26        x11=00000002 x26:00000002
16617342ns          299383 1c008d60 000b00e7 jalr             x1, x22, 0           x1=1c008d62 x22:1c008c6c
16617382ns          299385 1c008c6c 000026b7 lui              x13, 0x2000         x13=00002000
16617402ns          299386 1c008c6e f14027f3 csrrs            x15, x0, 0xf14      x15=00000001
16617422ns          299387 1c008c72 f8068693 addi             x13, x13, -128      x13=00001f80 x13:00002000
16617442ns          299388 1c008c76 00379713 slli             x14, x15, 0x3       x14=00000008 x15:00000001
16617461ns          299389 1c008c7a 00279793 slli             x15, x15, 0x2       x15=00000004 x15:00000001
16617481ns          299390 1c008c7c 00d7f7b3 and              x15, x15, x13       x15=00000000 x15:00000004 x13:00001f80
16617501ns          299391 1c008c7e ee873733 p.bclr           x14, x14, 23, 8     x14=00000008 x14:00000008
16617521ns          299392 1c008c82 1a10f6b7 lui              x13, 0x1a10f000     x13=1a10f000
16617541ns          299393 1c008c86 0ff57513 andi             x10, x10, 255       x10=00000020 x10:00000020
16617561ns          299394 1c008c8a 00d70733 add              x14, x14, x13       x14=1a10f008 x14:00000008 x13:1a10f000
16617581ns          299395 1c008c8c 00a7e723 p.sw             x10, x0(x15)        x10:00000020 x15:00000000  PA:1a10f008
16617899ns          299411 1c008c90 00000513 addi             x10, x0, 0          x10=00000000
16617919ns          299412 1c008c92 00008067 jalr             x0, x1, 0            x1:1c008d62
16617979ns          299415 1c008d62 31f52563 p.beqimm         x10, 778            x10:00000000
16617998ns          299416 1c008d66 001d8d93 addi             x27, x27, 1         x27=00000017 x27:00000016
16618018ns          299417 1c008d68 00044503 lbu              x10, 0(x8)          x10=00000025  x8:1c0000d3  PA:1c0000d3
16618317ns          299432 1c008d6c 00140413 addi             x8, x8, 1            x8=1c0000d4  x8:1c0000d3
16618337ns          299433 1c008d6e fe0514e3 bne              x10, x0, -24        x10:00000025
16618416ns          299437 1c008d56 02500793 addi             x15, x0, 37         x15=00000025
16618436ns          299438 1c008d5a 04f50863 beq              x10, x15, 80        x10:00000025 x15:00000025
16618575ns          299445 1c008daa 00044483 lbu              x9, 0(x8)            x9=00000064  x8:1c0000d4  PA:1c0000d4
16618894ns          299461 1c008dae 02000693 addi             x13, x0, 32         x13=00000020
16618913ns          299462 1c008db2 00140a93 addi             x21, x8, 1          x21=1c0000d5  x8:1c0000d4
16618933ns          299463 1c008db6 009005b3 add              x11, x0, x9         x11=00000064  x9:00000064
16618953ns          299464 1c008db8 0fcb8513 addi             x10, x23, 252       x10=1c0000fc x23:1c000000
16618973ns          299465 1c008dbc 00d12823 sw               x13, 16(x2)         x13:00000020  x2:10000cd8  PA:10000ce8
16618993ns          299466 1c008dbe 00012c23 sw               x0, 24(x2)           x2:10000cd8  PA:10000cf0
16619013ns          299467 1c008dc0 00012a23 sw               x0, 20(x2)           x2:10000cd8  PA:10000cec
16619033ns          299468 1c008dc2 00012e23 sw               x0, 28(x2)           x2:10000cd8  PA:10000cf4
16619053ns          299469 1c008dc4 00012623 sw               x0, 12(x2)           x2:10000cd8  PA:10000ce4
16619073ns          299470 1c008dc6 02300913 addi             x18, x0, 35         x18=00000023
16619092ns          299471 1c008dca 02d00a13 addi             x20, x0, 45         x20=0000002d
16619112ns          299472 1c008dce 015009b3 add              x19, x0, x21        x19=1c0000d5 x21:1c0000d5
16619152ns          299474 1c008dd0 e1dff0ef jal              x1, -484             x1=1c008dd2
16619232ns          299478 1c008bec 00054783 lbu              x15, 0(x10)         x15=0000002d x10:1c0000fc  PA:1c0000fc
16619550ns          299494 1c008bf0 0ff5f593 andi             x11, x11, 255       x11=00000064 x11:00000064
16619570ns          299495 1c008bf4 00b78c63 beq              x15, x11, 24        x15:0000002d x11:00000064
16619590ns          299496 1c008bf8 00078b63 beq              x15, x0, 22         x15:0000002d
16619610ns          299497 1c008bfa 00150793 addi             x15, x10, 1         x15=1c0000fd x10:1c0000fc
16619630ns          299498 1c008bfe 0040006f jal              x0, 4              
16619689ns          299501 1c008c02 00f00533 add              x10, x0, x15        x10=1c0000fd x15:1c0000fd
16619709ns          299502 1c008c04 0017c70b p.lbu            x14, 1(x15!)        x14=0000002b x15=1c0000fe x15:1c0000fd  PA:1c0000fd
16620027ns          299518 1c008c08 feb71ce3 bne              x14, x11, -8        x14:0000002b x11:00000064
16620087ns          299521 1c008c00 00070763 beq              x14, x0, 14         x14:0000002b
16620107ns          299522 1c008c02 00f00533 add              x10, x0, x15        x10=1c0000fe x15:1c0000fe
16620127ns          299523 1c008c04 0017c70b p.lbu            x14, 1(x15!)        x14=00000020 x15=1c0000ff x15:1c0000fe  PA:1c0000fe
16620445ns          299539 1c008c08 feb71ce3 bne              x14, x11, -8        x14:00000020 x11:00000064
16620505ns          299542 1c008c00 00070763 beq              x14, x0, 14         x14:00000020
16620525ns          299543 1c008c02 00f00533 add              x10, x0, x15        x10=1c0000ff x15:1c0000ff
16620544ns          299544 1c008c04 0017c70b p.lbu            x14, 1(x15!)        x14=00000023 x15=1c000100 x15:1c0000ff  PA:1c0000ff
16620863ns          299560 1c008c08 feb71ce3 bne              x14, x11, -8        x14:00000023 x11:00000064
16620922ns          299563 1c008c00 00070763 beq              x14, x0, 14         x14:00000023
16620942ns          299564 1c008c02 00f00533 add              x10, x0, x15        x10=1c000100 x15:1c000100
16620962ns          299565 1c008c04 0017c70b p.lbu            x14, 1(x15!)        x14=00000030 x15=1c000101 x15:1c000100  PA:1c000100
16621280ns          299581 1c008c08 feb71ce3 bne              x14, x11, -8        x14:00000030 x11:00000064
16621340ns          299584 1c008c00 00070763 beq              x14, x0, 14         x14:00000030
16621360ns          299585 1c008c02 00f00533 add              x10, x0, x15        x10=1c000101 x15:1c000101
16621380ns          299586 1c008c04 0017c70b p.lbu            x14, 1(x15!)        x14=00000000 x15=1c000102 x15:1c000101  PA:1c000101
16621698ns          299602 1c008c08 feb71ce3 bne              x14, x11, -8        x14:00000000 x11:00000064
16621758ns          299605 1c008c00 00070763 beq              x14, x0, 14         x14:00000000
16621837ns          299609 1c008c0e 0015b593 sltiu            x11, x11, 1         x11=00000000 x11:00000064
16621857ns          299610 1c008c12 40b005b3 sub              x11, x0, x11        x11=00000000 x11:00000000
16621877ns          299611 1c008c16 00b57533 and              x10, x10, x11       x10=00000000 x10:1c000101 x11:00000000
16621897ns          299612 1c008c18 00008067 jalr             x0, x1, 0            x1:1c008dd2
16621997ns          299617 1c008dd2 02050a63 beq              x10, x0, 52         x10:00000000
16622136ns          299624 1c008e06 02a00613 addi             x12, x0, 42         x12=0000002a
16622156ns          299625 1c008e0a 2ac48663 beq              x9, x12, 684         x9:00000064 x12:0000002a
16622215ns          299628 1c008e0e fd048613 addi             x12, x9, -48        x12=00000034  x9:00000064
16622235ns          299629 1c008e12 00900593 addi             x11, x0, 9          x11=00000009
16622255ns          299630 1c008e14 00000913 addi             x18, x0, 0          x18=00000000
16622275ns          299631 1c008e16 28c5f063 bgeu             x11, x12, 640       x11:00000009 x12:00000034
16622295ns          299632 1c008e1a 02e00693 addi             x13, x0, 46         x13=0000002e
16622315ns          299633 1c008e1e fff00a13 addi             x20, x0, -1         x20=ffffffff
16622355ns          299635 1c008e20 2ed48363 beq              x9, x13, 742         x9:00000064 x13:0000002e
16622394ns          299637 1c008e24 1c0007b7 lui              x15, 0x1c000000     x15=1c000000
16622414ns          299638 1c008e28 009005b3 add              x11, x0, x9         x11=00000064  x9:00000064
16622434ns          299639 1c008e2a 10478513 addi             x10, x15, 260       x10=1c000104 x15:1c000000
16622454ns          299640 1c008e2e dbfff0ef jal              x1, -578             x1=1c008e30
16622534ns          299644 1c008bec 00054783 lbu              x15, 0(x10)         x15=00000068 x10:1c000104  PA:1c000104
16622832ns          299659 1c008bf0 0ff5f593 andi             x11, x11, 255       x11=00000064 x11:00000064
16622852ns          299660 1c008bf4 00b78c63 beq              x15, x11, 24        x15:00000068 x11:00000064
16622872ns          299661 1c008bf8 00078b63 beq              x15, x0, 22         x15:00000068
16622892ns          299662 1c008bfa 00150793 addi             x15, x10, 1         x15=1c000105 x10:1c000104
16622911ns          299663 1c008bfe 0040006f jal              x0, 4              
16622951ns          299665 1c008c02 00f00533 add              x10, x0, x15        x10=1c000105 x15:1c000105
16622971ns          299666 1c008c04 0017c70b p.lbu            x14, 1(x15!)        x14=0000006c x15=1c000106 x15:1c000105  PA:1c000105
16623289ns          299682 1c008c08 feb71ce3 bne              x14, x11, -8        x14:0000006c x11:00000064
16623349ns          299685 1c008c00 00070763 beq              x14, x0, 14         x14:0000006c
16623369ns          299686 1c008c02 00f00533 add              x10, x0, x15        x10=1c000106 x15:1c000106
16623389ns          299687 1c008c04 0017c70b p.lbu            x14, 1(x15!)        x14=0000004c x15=1c000107 x15:1c000106  PA:1c000106
16623707ns          299703 1c008c08 feb71ce3 bne              x14, x11, -8        x14:0000004c x11:00000064
16623767ns          299706 1c008c00 00070763 beq              x14, x0, 14         x14:0000004c
16623787ns          299707 1c008c02 00f00533 add              x10, x0, x15        x10=1c000107 x15:1c000107
16623807ns          299708 1c008c04 0017c70b p.lbu            x14, 1(x15!)        x14=0000007a x15=1c000108 x15:1c000107  PA:1c000107
16624125ns          299724 1c008c08 feb71ce3 bne              x14, x11, -8        x14:0000007a x11:00000064
16624185ns          299727 1c008c00 00070763 beq              x14, x0, 14         x14:0000007a
16624204ns          299728 1c008c02 00f00533 add              x10, x0, x15        x10=1c000108 x15:1c000108
16624224ns          299729 1c008c04 0017c70b p.lbu            x14, 1(x15!)        x14=00000000 x15=1c000109 x15:1c000108  PA:1c000108
16624543ns          299745 1c008c08 feb71ce3 bne              x14, x11, -8        x14:00000000 x11:00000064
16624602ns          299748 1c008c00 00070763 beq              x14, x0, 14         x14:00000000
16624682ns          299752 1c008c0e 0015b593 sltiu            x11, x11, 1         x11=00000000 x11:00000064
16624702ns          299753 1c008c12 40b005b3 sub              x11, x0, x11        x11=00000000 x11:00000000
16624722ns          299754 1c008c16 00b57533 and              x10, x10, x11       x10=00000000 x10:1c000108 x11:00000000
16624741ns          299755 1c008c18 00008067 jalr             x0, x1, 0            x1:1c008e30
16624841ns          299760 1c008e30 01300433 add              x8, x0, x19          x8=1c0000d5 x19:1c0000d5
16624861ns          299761 1c008e32 00050563 beq              x10, x0, 10         x10:00000000
16624920ns          299764 1c008e3c 06700693 addi             x13, x0, 103        x13=00000067
16625060ns          299771 1c008e40 2896d963 bge              x13, x9, 658        x13:00000067  x9:00000064
16625199ns          299778 1c0090d2 06500693 addi             x13, x0, 101        x13=00000065
16625219ns          299779 1c0090d6 12d4d563 bge              x9, x13, 298         x9:00000064 x13:00000065
16625239ns          299780 1c0090da 04700693 addi             x13, x0, 71         x13=00000047
16625298ns          299783 1c0090de dc96cbe3 blt              x13, x9, -554       x13:00000047  x9:00000064
16625398ns          299788 1c008eb4 06300693 addi             x13, x0, 99         x13=00000063
16625438ns          299790 1c008eb8 0ad488e3 beq              x9, x13, 2224        x9:00000064 x13:00000063
16625458ns          299791 1c008ebc 0096c9e3 blt              x13, x9, 2066       x13:00000063  x9:00000064
16625676ns          299802 1c0096ce 000c2583 lw               x11, 0(x24)         x11=00000001 x24:10000e2c  PA:10000e2c
16625696ns          299803 1c0096d2 004c0c13 addi             x24, x24, 4         x24=10000e30 x24:10000e2c
16625716ns          299804 1c0096d4 3405cc63 blt              x11, x0, 856        x11:00000001
16625736ns          299805 1c0096d8 01412603 lw               x12, 20(x2)         x12=00000000  x2:10000cd8  PA:10000cec
16625756ns          299806 1c0096da 00b006b3 add              x13, x0, x11        x13=00000001 x11:00000001
16625776ns          299807 1c0096dc 2e061863 bne              x12, x0, 752        x12:00000000
16625816ns          299809 1c0096e0 01812703 lw               x14, 24(x2)         x14=00000000  x2:10000cd8  PA:10000cf0
16625835ns          299810 1c0096e2 019007b3 add              x15, x0, x25        x15=10000cfc x25:10000cfc
16625855ns          299811 1c0096e4 00070763 beq              x14, x0, 14         x14:00000000
16625955ns          299816 1c0096f2 00f00733 add              x14, x0, x15        x14=10000cfc x15:10000cfc
16625995ns          299818 1c0096f4 00a00513 addi             x10, x0, 10         x10=0000000a
16626014ns          299819 1c0096f6 02a6f633 remu             x12, x13, x10       x12=00000001 x13:00000001 x10:0000000a
16626631ns          299850 1c0096fa 02a6d6b3 divu             x13, x13, x10       x13=00000000 x13:00000001 x10:0000000a
16627248ns          299881 1c0096fe 03060613 addi             x12, x12, 48        x12=00000031 x12:00000001
16627268ns          299882 1c009702 00c700ab p.sb             x12, 1(x14!)        x14=10000cfd x12:00000031 x14:10000cfc  PA:10000cfc
16627287ns          299883 1c009706 fe0698e3 bne              x13, x0, -16        x13:00000000
16627307ns          299884 1c009708 40f706b3 sub              x13, x14, x15       x13=00000001 x14:10000cfd x15:10000cfc
16627327ns          299885 1c00970c 0146dc63 bge              x13, x20, 24        x13:00000001 x20:ffffffff
16627447ns          299891 1c009724 00e006b3 add              x13, x0, x14        x13=10000cfd x14:10000cfd
16627486ns          299893 1c009726 fe068fab p.sb             x0, -1(x13!)        x13=10000cfc x13:10000cfd  PA:10000cfd
16627506ns          299894 1c00972a 00d7fc63 bgeu             x15, x13, 24        x15:10000cfc x13:10000cfc
16627645ns          299901 1c009742 01412783 lw               x15, 20(x2)         x15=00000000  x2:10000cd8  PA:10000cec
16627685ns          299903 1c009744 01812603 lw               x12, 24(x2)         x12=00000000  x2:10000cd8  PA:10000cf0
16627705ns          299904 1c009746 419704b3 sub              x9, x14, x25         x9=00000001 x14:10000cfd x25:10000cfc
16627725ns          299905 1c00974a 00c7e7b3 or               x15, x15, x12       x15=00000000 x15:00000000 x12:00000000
16627745ns          299906 1c00974c 00f12623 sw               x15, 12(x2)         x15:00000000  x2:10000cd8  PA:10000ce4
16627785ns          299908 1c00974e 00079363 bne              x15, x0, 6          x15:00000000
16627805ns          299909 1c009750 01f5d593 srli             x11, x11, 0x1f      x11=00000000 x11:00000001
16627825ns          299910 1c009752 00b12623 sw               x11, 12(x2)         x11:00000000  x2:10000cd8  PA:10000ce4
16627844ns          299911 1c009754 e3fa28e3 p.beqimm         x20, -464           x20:ffffffff
16628004ns          299919 1c009584 0c800793 addi             x15, x0, 200        x15=000000c8
16628043ns          299921 1c009588 9e97d0e3 bge              x15, x9, -1568      x15:000000c8  x9:00000001
16628202ns          299929 1c008f68 0f24d163 bge              x9, x18, 226         x9:00000001 x18:00000000
16628342ns          299936 1c00904a d00482e3 beq              x9, x0, -764         x9:00000001
16628362ns          299937 1c00904e 01900933 add              x18, x0, x25        x18=10000cfc x25:10000cfc
16628401ns          299939 1c009050 419d8db3 sub              x27, x27, x25       x27=effff31b x27:00000017 x25:10000cfc
16628441ns          299941 1c009054 00a0006f jal              x0, 10             
16628541ns          299946 1c00905e 0019450b p.lbu            x10, 1(x18!)        x10=00000031 x18=10000cfd x18:10000cfc  PA:10000cfc
16628560ns          299947 1c009062 01a005b3 add              x11, x0, x26        x11=00000002 x26:00000002
16628580ns          299948 1c009064 000b00e7 jalr             x1, x22, 0           x1=1c009066 x22:1c008c6c
16628660ns          299952 1c008c6c 000026b7 lui              x13, 0x2000         x13=00002000
16628739ns          299956 1c008c6e f14027f3 csrrs            x15, x0, 0xf14      x15=00000001
16628779ns          299958 1c008c72 f8068693 addi             x13, x13, -128      x13=00001f80 x13:00002000
16628799ns          299959 1c008c76 00379713 slli             x14, x15, 0x3       x14=00000008 x15:00000001
16628819ns          299960 1c008c7a 00279793 slli             x15, x15, 0x2       x15=00000004 x15:00000001
16628839ns          299961 1c008c7c 00d7f7b3 and              x15, x15, x13       x15=00000000 x15:00000004 x13:00001f80
16628879ns          299963 1c008c7e ee873733 p.bclr           x14, x14, 23, 8     x14=00000008 x14:00000008
16628919ns          299965 1c008c82 1a10f6b7 lui              x13, 0x1a10f000     x13=1a10f000
16628938ns          299966 1c008c86 0ff57513 andi             x10, x10, 255       x10=00000031 x10:00000031
16628958ns          299967 1c008c8a 00d70733 add              x14, x14, x13       x14=1a10f008 x14:00000008 x13:1a10f000
16628978ns          299968 1c008c8c 00a7e723 p.sw             x10, x0(x15)        x10:00000031 x15:00000000  PA:1a10f008
16629376ns          299988 1c008c90 00000513 addi             x10, x0, 0          x10=00000000
16629396ns          299989 1c008c92 00008067 jalr             x0, x1, 0            x1:1c009066
16629436ns          299991 1c009066 fff48493 addi             x9, x9, -1           x9=00000000  x9:00000001
16629456ns          299992 1c009068 fff537e3 p.bneimm         x10, -18            x10:00000000
16629595ns          299999 1c009056 012d8733 add              x14, x27, x18       x14=00000018 x27:effff31b x18:10000cfd
16629615ns          300000 1c00905a 5a048b63 beq              x9, x0, 1462         x9:00000000
16629714ns          300005 1c009610 00e00db3 add              x27, x0, x14        x27=00000018 x14:00000018
16629754ns          300007 1c009612 f3cff06f jal              x0, -2244          
16629873ns          300013 1c008d4e 00044503 lbu              x10, 0(x8)          x10=0000000a  x8:1c0000d5  PA:1c0000d5
16630172ns          300028 1c008d52 00140413 addi             x8, x8, 1            x8=1c0000d6  x8:1c0000d5
16630192ns          300029 1c008d54 00050e63 beq              x10, x0, 28         x10:0000000a
16630211ns          300030 1c008d56 02500793 addi             x15, x0, 37         x15=00000025
16630231ns          300031 1c008d5a 04f50863 beq              x10, x15, 80        x10:0000000a x15:00000025
16630251ns          300032 1c008d5e 01a005b3 add              x11, x0, x26        x11=00000002 x26:00000002
16630271ns          300033 1c008d60 000b00e7 jalr             x1, x22, 0           x1=1c008d62 x22:1c008c6c
16630311ns          300035 1c008c6c 000026b7 lui              x13, 0x2000         x13=00002000
16630331ns          300036 1c008c6e f14027f3 csrrs            x15, x0, 0xf14      x15=00000001
16630351ns          300037 1c008c72 f8068693 addi             x13, x13, -128      x13=00001f80 x13:00002000
16630371ns          300038 1c008c76 00379713 slli             x14, x15, 0x3       x14=00000008 x15:00000001
16630390ns          300039 1c008c7a 00279793 slli             x15, x15, 0x2       x15=00000004 x15:00000001
16630410ns          300040 1c008c7c 00d7f7b3 and              x15, x15, x13       x15=00000000 x15:00000004 x13:00001f80
16630430ns          300041 1c008c7e ee873733 p.bclr           x14, x14, 23, 8     x14=00000008 x14:00000008
16630450ns          300042 1c008c82 1a10f6b7 lui              x13, 0x1a10f000     x13=1a10f000
16630470ns          300043 1c008c86 0ff57513 andi             x10, x10, 255       x10=0000000a x10:0000000a
16630490ns          300044 1c008c8a 00d70733 add              x14, x14, x13       x14=1a10f008 x14:00000008 x13:1a10f000
16630510ns          300045 1c008c8c 00a7e723 p.sw             x10, x0(x15)        x10:0000000a x15:00000000  PA:1a10f008
16630868ns          300063 1c008c90 00000513 addi             x10, x0, 0          x10=00000000
16630888ns          300064 1c008c92 00008067 jalr             x0, x1, 0            x1:1c008d62
16630947ns          300067 1c008d62 31f52563 p.beqimm         x10, 778            x10:00000000
16630967ns          300068 1c008d66 001d8d93 addi             x27, x27, 1         x27=00000019 x27:00000018
16630987ns          300069 1c008d68 00044503 lbu              x10, 0(x8)          x10=00000000  x8:1c0000d6  PA:1c0000d6
16631286ns          300084 1c008d6c 00140413 addi             x8, x8, 1            x8=1c0000d7  x8:1c0000d6
16631305ns          300085 1c008d6e fe0514e3 bne              x10, x0, -24        x10:00000000
16631325ns          300086 1c008d70 01b00433 add              x8, x0, x27          x8=00000019 x27:00000019
16631345ns          300087 1c008d72 00800533 add              x10, x0, x8         x10=00000019  x8:00000019
16631365ns          300088 1c008d74 12c12083 lw               x1, 300(x2)          x1=1c008d00  x2:10000cd8  PA:10000e04
16631385ns          300089 1c008d78 12812403 lw               x8, 296(x2)          x8=487b48cf  x2:10000cd8  PA:10000e00
16631405ns          300090 1c008d7c 12412483 lw               x9, 292(x2)          x9=487b4971  x2:10000cd8  PA:10000dfc
16631445ns          300092 1c008d80 12012903 lw               x18, 288(x2)        x18=487b4827  x2:10000cd8  PA:10000df8
16631484ns          300094 1c008d84 11c12983 lw               x19, 284(x2)        x19=47a99428  x2:10000cd8  PA:10000df4
16631504ns          300095 1c008d88 11812a03 lw               x20, 280(x2)        x20=1c011000  x2:10000cd8  PA:10000df0
16631524ns          300096 1c008d8c 11412a83 lw               x21, 276(x2)        x21=47a993b9  x2:10000cd8  PA:10000dec
16631584ns          300099 1c008d90 11012b03 lw               x22, 272(x2)        x22=xxxxxxxx  x2:10000cd8  PA:10000de8
16631624ns          300101 1c008d94 10c12b83 lw               x23, 268(x2)        x23=xxxxxxxx  x2:10000cd8  PA:10000de4
16631644ns          300102 1c008d98 10812c03 lw               x24, 264(x2)        x24=xxxxxxxx  x2:10000cd8  PA:10000de0
16631663ns          300103 1c008d9c 10412c83 lw               x25, 260(x2)        x25=xxxxxxxx  x2:10000cd8  PA:10000ddc
16631723ns          300106 1c008da0 10012d03 lw               x26, 256(x2)        x26=xxxxxxxx  x2:10000cd8  PA:10000dd8
16631763ns          300108 1c008da4 0fc12d83 lw               x27, 252(x2)        x27=xxxxxxxx  x2:10000cd8  PA:10000dd4
16631783ns          300109 1c008da6 13010113 addi             x2, x2, 304          x2=10000e08  x2:10000cd8
16631803ns          300110 1c008da8 00008067 jalr             x0, x1, 0            x1:1c008d00
16631882ns          300114 1c008d00 01c12083 lw               x1, 28(x2)           x1=1c0083f0  x2:10000e08  PA:10000e24
16631902ns          300115 1c008d02 04010113 addi             x2, x2, 64           x2=10000e48  x2:10000e08
16631942ns          300117 1c008d04 00008067 jalr             x0, x1, 0            x1:1c0083f0
16632021ns          300121 1c0083f0 00100513 addi             x10, x0, 1          x10=00000001
16632061ns          300123 1c0083f2 1ac12083 lw               x1, 428(x2)          x1=1c009f9e  x2:10000e48  PA:10000ff4
16632081ns          300124 1c0083f6 1a812403 lw               x8, 424(x2)          x8=xxxxxxxx  x2:10000e48  PA:10000ff0
16632101ns          300125 1c0083fa 1a412483 lw               x9, 420(x2)          x9=xxxxxxxx  x2:10000e48  PA:10000fec
16632379ns          300139 1c0083fe 1a012903 lw               x18, 416(x2)        x18=xxxxxxxx  x2:10000e48  PA:10000fe8
16632419ns          300141 1c008402 19c12983 lw               x19, 412(x2)        x19=xxxxxxxx  x2:10000e48  PA:10000fe4
16632439ns          300142 1c008406 19812a03 lw               x20, 408(x2)        x20=xxxxxxxx  x2:10000e48  PA:10000fe0
16632459ns          300143 1c00840a 19412a83 lw               x21, 404(x2)        x21=xxxxxxxx  x2:10000e48  PA:10000fdc
16632519ns          300146 1c00840e 00154513 xori             x10, x10, 1         x10=00000000 x10:00000001
16632539ns          300147 1c008412 1b010113 addi             x2, x2, 432          x2=10000ff8  x2:10000e48
16632559ns          300148 1c008414 00008067 jalr             x0, x1, 0            x1:1c009f9e
16632718ns          300156 1c009f9e f14027f3 csrrs            x15, x0, 0xf14      x15=00000001
16632757ns          300158 1c009fa2 f457b7b3 p.bclr           x15, x15, 26, 5     x15=00000001 x15:00000001
16632777ns          300159 1c009fa6 00079963 bne              x15, x0, 18         x15:00000001
16633314ns          300186 1c009fb8 002047b7 lui              x15, 0x204000       x15=00204000
16633334ns          300187 1c009fbc fff00713 addi             x14, x0, -1         x14=ffffffff
16633354ns          300188 1c009fbe 00e7a223 sw               x14, 4(x15)         x14:ffffffff x15:00204000  PA:00204004
