                Time          Cycles PC       Instr    Mnemonic
15783860ns          257480 1c008080 0640006f jal              x0, 100            
15784317ns          257503 1c0080e4 f1402573 csrrs            x10, x0, 0xf14      x10=00000002
15784357ns          257505 1c0080e8 01f57593 andi             x11, x10, 31        x11=00000002 x10:00000002
15784377ns          257506 1c0080ec 00555513 srli             x10, x10, 0x5       x10=00000000 x10:00000002
15784397ns          257507 1c0080ee 01f00613 addi             x12, x0, 31         x12=0000001f
15784815ns          257528 1c0080f0 00c50463 beq              x10, x12, 8         x10:00000000 x12:0000001f
15784854ns          257530 1c0080f4 fa1ff06f jal              x0, -96            
15785312ns          257553 1c008094 f3ff8117 auipc            x2, 0xf3ff8000       x2=10000094
15785352ns          257555 1c008098 f7010113 addi             x2, x2, -144         x2=10000004  x2:10000094
15785372ns          257556 1c00809c 00012103 lw               x2, 0(x2)            x2=10000008  x2:10000004  PA:10000004
15785809ns          257578 1c0080a0 000011b7 lui              x3, 0x1000           x3=00001000
15785849ns          257580 1c0080a4 80018193 addi             x3, x3, -2048        x3=00000800  x3:00001000
15785869ns          257581 1c0080a8 00158593 addi             x11, x11, 1         x11=00000003 x11:00000002
15785889ns          257582 1c0080ac 02b180b3 mul              x1, x3, x11          x1=00001800  x3:00000800 x11:00000003
15786326ns          257604 1c0080b0 00110133 add              x2, x2, x1           x2=10001808  x2:10000008  x1:00001800
15786366ns          257606 1c0080b4 6c50106f jal              x0, 7876           
15786824ns          257629 1c009f78 ff010113 addi             x2, x2, -16          x2=100017f8  x2:10001808
15786844ns          257630 1c009f7a 00112623 sw               x1, 12(x2)           x1:00001800  x2:100017f8  PA:10001804
15786863ns          257631 1c009f7c 002047b7 lui              x15, 0x204000       x15=00204000
15787301ns          257653 1c009f80 00070737 lui              x14, 0x70000        x14=00070000
15787341ns          257655 1c009f84 00e7a423 sw               x14, 8(x15)         x14:00070000 x15:00204000  PA:00204008
15787361ns          257656 1c009f86 00f00713 addi             x14, x0, 15         x14=0000000f
15787381ns          257657 1c009f88 20078793 addi             x15, x15, 512       x15=00204200 x15:00204000
15787400ns          257658 1c009f8c 00e7a023 sw               x14, 0(x15)         x14:0000000f x15:00204200  PA:00204200
15787838ns          257680 1c009f90 00e7a623 sw               x14, 12(x15)        x14:0000000f x15:00204200  PA:0020420c
15787878ns          257682 1c009f94 1c0017b7 lui              x15, 0x1c001000     x15=1c001000
15787898ns          257683 1c009f98 a947a783 lw               x15, -1388(x15)     x15=1c00813e x15:1c001000  PA:1c000a94
15788335ns          257705 1c009f9c 000780e7 jalr             x1, x15, 0           x1=1c009f9e x15:1c00813e
15788813ns          257729 1c00813e e5010113 addi             x2, x2, -432         x2=10001648  x2:100017f8
15789290ns          257753 1c008140 1a912223 sw               x9, 420(x2)          x9:xxxxxxxx  x2:10001648  PA:100017ec
15789330ns          257755 1c008144 1a112623 sw               x1, 428(x2)          x1:1c009f9e  x2:10001648  PA:100017f4
15789350ns          257756 1c008148 f14024f3 csrrs            x9, x0, 0xf14        x9=00000002
15789370ns          257757 1c00814c 1a812423 sw               x8, 424(x2)          x8:xxxxxxxx  x2:10001648  PA:100017f0
15789807ns          257779 1c008150 1b212023 sw               x18, 416(x2)        x18:xxxxxxxx  x2:10001648  PA:100017e8
15789847ns          257781 1c008154 19312e23 sw               x19, 412(x2)        x19:xxxxxxxx  x2:10001648  PA:100017e4
15789867ns          257782 1c008158 19412c23 sw               x20, 408(x2)        x20:xxxxxxxx  x2:10001648  PA:100017e0
15789887ns          257783 1c00815c 19512a23 sw               x21, 404(x2)        x21:xxxxxxxx  x2:10001648  PA:100017dc
15790324ns          257805 1c008160 ca5497b3 p.extractu       x15, x9, 5, 5       x15=00000000  x9:00000002
15790364ns          257807 1c008164 44079d63 bne              x15, x0, 1114       x15:00000000
15790384ns          257808 1c008168 f454b4b3 p.bclr           x9, x9, 26, 5        x9=00000002  x9:00000002
15790404ns          257809 1c00816c 1c000537 lui              x10, 0x1c000000     x10=1c000000
15790842ns          257831 1c008170 00900633 add              x12, x0, x9         x12=00000002  x9:00000002
15790861ns          257832 1c008172 00100593 addi             x11, x0, 1          x11=00000001
15790881ns          257833 1c008174 02450513 addi             x10, x10, 36        x10=1c000024 x10:1c000000
15790901ns          257834 1c008178 361000ef jal              x1, 2912             x1=1c00817c
15791359ns          257857 1c008cd8 fc010113 addi             x2, x2, -64          x2=10001608  x2:10001648
15791399ns          257859 1c008cda 02410313 addi             x6, x2, 36           x6=1000162c  x2:10001608
15791418ns          257860 1c008cde 02c12423 sw               x12, 40(x2)         x12:00000002  x2:10001608  PA:10001630
15791856ns          257882 1c008ce0 00a00633 add              x12, x0, x10        x12=1c000024 x10:1c000024
15791896ns          257884 1c008ce2 1c009537 lui              x10, 0x1c009000     x10=1c009000
15791916ns          257885 1c008ce6 02b12223 sw               x11, 36(x2)         x11:00000001  x2:10001608  PA:1000162c
15791936ns          257886 1c008ce8 02d12623 sw               x13, 44(x2)         x13:xxxxxxxx  x2:10001608  PA:10001634
15791955ns          257887 1c008cea 00200593 addi             x11, x0, 2          x11=00000002
15791975ns          257888 1c008cec 006006b3 add              x13, x0, x6         x13=1000162c  x6:1000162c
15792373ns          257908 1c008cee c6c50513 addi             x10, x10, -916      x10=1c008c6c x10:1c009000
15792393ns          257909 1c008cf2 00112e23 sw               x1, 28(x2)           x1:1c00817c  x2:10001608  PA:10001624
15792413ns          257910 1c008cf4 02e12823 sw               x14, 48(x2)         x14:0000000f  x2:10001608  PA:10001638
15792433ns          257911 1c008cf6 02f12a23 sw               x15, 52(x2)         x15:00000000  x2:10001608  PA:1000163c
15792453ns          257912 1c008cf8 03012c23 sw               x16, 56(x2)         x16:xxxxxxxx  x2:10001608  PA:10001640
15792473ns          257913 1c008cfa 03112e23 sw               x17, 60(x2)         x17:xxxxxxxx  x2:10001608  PA:10001644
15792492ns          257914 1c008cfc 00612623 sw               x6, 12(x2)           x6:1000162c  x2:10001608  PA:10001614
15792512ns          257915 1c008cfe fbfff0ef jal              x1, -66              x1=1c008d00
15793348ns          257957 1c008cbc 04a0006f jal              x0, 74             
15793388ns          257959 1c008d06 ed010113 addi             x2, x2, -304         x2=100014d8  x2:10001608
15793407ns          257960 1c008d08 12812423 sw               x8, 296(x2)          x8:xxxxxxxx  x2:100014d8  PA:10001600
15793427ns          257961 1c008d0c 00000413 addi             x8, x0, 0            x8=00000000
15793865ns          257983 1c008d0e 11612823 sw               x22, 272(x2)        x22:xxxxxxxx  x2:100014d8  PA:100015e8
15793905ns          257985 1c008d12 11712623 sw               x23, 268(x2)        x23:xxxxxxxx  x2:100014d8  PA:100015e4
15793925ns          257986 1c008d16 11812423 sw               x24, 264(x2)        x24:xxxxxxxx  x2:100014d8  PA:100015e0
15793945ns          257987 1c008d1a 11912223 sw               x25, 260(x2)        x25:xxxxxxxx  x2:100014d8  PA:100015dc
15794402ns          258010 1c008d1e 11a12023 sw               x26, 256(x2)        x26:xxxxxxxx  x2:100014d8  PA:100015d8
15794422ns          258011 1c008d22 0fb12e23 sw               x27, 252(x2)        x27:xxxxxxxx  x2:100014d8  PA:100015d4
15794442ns          258012 1c008d24 12112623 sw               x1, 300(x2)          x1:1c008d00  x2:100014d8  PA:10001604
15794462ns          258013 1c008d28 00800db3 add              x27, x0, x8         x27=00000000  x8:00000000
15794482ns          258014 1c008d2a 12912223 sw               x9, 292(x2)          x9:00000002  x2:100014d8  PA:100015fc
15794919ns          258036 1c008d2e 13212023 sw               x18, 288(x2)        x18:xxxxxxxx  x2:100014d8  PA:100015f8
15794959ns          258038 1c008d32 11312e23 sw               x19, 284(x2)        x19:xxxxxxxx  x2:100014d8  PA:100015f4
15794979ns          258039 1c008d36 11412c23 sw               x20, 280(x2)        x20:xxxxxxxx  x2:100014d8  PA:100015f0
15794999ns          258040 1c008d3a 11512a23 sw               x21, 276(x2)        x21:xxxxxxxx  x2:100014d8  PA:100015ec
15795019ns          258041 1c008d3e 00a00b33 add              x22, x0, x10        x22=1c008c6c x10:1c008c6c
15795436ns          258062 1c008d40 00b00d33 add              x26, x0, x11        x26=00000002 x11:00000002
15795456ns          258063 1c008d42 00d00c33 add              x24, x0, x13        x24=1000162c x13:1000162c
15795476ns          258064 1c008d44 1c000bb7 lui              x23, 0x1c000000     x23=1c000000
15795496ns          258065 1c008d48 02410c93 addi             x25, x2, 36         x25=100014fc  x2:100014d8
15795516ns          258066 1c008d4c 00c00433 add              x8, x0, x12          x8=1c000024 x12:1c000024
15795953ns          258088 1c008d4e 00044503 lbu              x10, 0(x8)          x10=00000073  x8:1c000024  PA:1c000024
15796252ns          258103 1c008d52 00140413 addi             x8, x8, 1            x8=1c000025  x8:1c000024
15796272ns          258104 1c008d54 00050e63 beq              x10, x0, 28         x10:00000073
15796292ns          258105 1c008d56 02500793 addi             x15, x0, 37         x15=00000025
15796312ns          258106 1c008d5a 04f50863 beq              x10, x15, 80        x10:00000073 x15:00000025
15796331ns          258107 1c008d5e 01a005b3 add              x11, x0, x26        x11=00000002 x26:00000002
15796491ns          258115 1c008d60 000b00e7 jalr             x1, x22, 0           x1=1c008d62 x22:1c008c6c
15796988ns          258140 1c008c6c 000026b7 lui              x13, 0x2000         x13=00002000
15797445ns          258163 1c008c6e f14027f3 csrrs            x15, x0, 0xf14      x15=00000002
15797485ns          258165 1c008c72 f8068693 addi             x13, x13, -128      x13=00001f80 x13:00002000
15797505ns          258166 1c008c76 00379713 slli             x14, x15, 0x3       x14=00000010 x15:00000002
15797525ns          258167 1c008c7a 00279793 slli             x15, x15, 0x2       x15=00000008 x15:00000002
15797545ns          258168 1c008c7c 00d7f7b3 and              x15, x15, x13       x15=00000000 x15:00000008 x13:00001f80
15797962ns          258189 1c008c7e ee873733 p.bclr           x14, x14, 23, 8     x14=00000010 x14:00000010
15798002ns          258191 1c008c82 1a10f6b7 lui              x13, 0x1a10f000     x13=1a10f000
15798022ns          258192 1c008c86 0ff57513 andi             x10, x10, 255       x10=00000073 x10:00000073
15798042ns          258193 1c008c8a 00d70733 add              x14, x14, x13       x14=1a10f010 x14:00000010 x13:1a10f000
15798062ns          258194 1c008c8c 00a7e723 p.sw             x10, x0(x15)        x10:00000073 x15:00000000  PA:1a10f010
15798500ns          258216 1c008c90 00000513 addi             x10, x0, 0          x10=00000000
15798519ns          258217 1c008c92 00008067 jalr             x0, x1, 0            x1:1c008d62
15798639ns          258223 1c008d62 31f52563 p.beqimm         x10, 778            x10:00000000
15798659ns          258224 1c008d66 001d8d93 addi             x27, x27, 1         x27=00000001 x27:00000000
15798679ns          258225 1c008d68 00044503 lbu              x10, 0(x8)          x10=00000074  x8:1c000025  PA:1c000025
15799076ns          258245 1c008d6c 00140413 addi             x8, x8, 1            x8=1c000026  x8:1c000025
15799096ns          258246 1c008d6e fe0514e3 bne              x10, x0, -24        x10:00000074
15799176ns          258250 1c008d56 02500793 addi             x15, x0, 37         x15=00000025
15799196ns          258251 1c008d5a 04f50863 beq              x10, x15, 80        x10:00000074 x15:00000025
15799216ns          258252 1c008d5e 01a005b3 add              x11, x0, x26        x11=00000002 x26:00000002
15799235ns          258253 1c008d60 000b00e7 jalr             x1, x22, 0           x1=1c008d62 x22:1c008c6c
15799275ns          258255 1c008c6c 000026b7 lui              x13, 0x2000         x13=00002000
15799295ns          258256 1c008c6e f14027f3 csrrs            x15, x0, 0xf14      x15=00000002
15799315ns          258257 1c008c72 f8068693 addi             x13, x13, -128      x13=00001f80 x13:00002000
15799335ns          258258 1c008c76 00379713 slli             x14, x15, 0x3       x14=00000010 x15:00000002
15799355ns          258259 1c008c7a 00279793 slli             x15, x15, 0x2       x15=00000008 x15:00000002
15799375ns          258260 1c008c7c 00d7f7b3 and              x15, x15, x13       x15=00000000 x15:00000008 x13:00001f80
15799395ns          258261 1c008c7e ee873733 p.bclr           x14, x14, 23, 8     x14=00000010 x14:00000010
15799414ns          258262 1c008c82 1a10f6b7 lui              x13, 0x1a10f000     x13=1a10f000
15799434ns          258263 1c008c86 0ff57513 andi             x10, x10, 255       x10=00000074 x10:00000074
15799454ns          258264 1c008c8a 00d70733 add              x14, x14, x13       x14=1a10f010 x14:00000010 x13:1a10f000
15799474ns          258265 1c008c8c 00a7e723 p.sw             x10, x0(x15)        x10:00000074 x15:00000000  PA:1a10f010
15799912ns          258287 1c008c90 00000513 addi             x10, x0, 0          x10=00000000
15799932ns          258288 1c008c92 00008067 jalr             x0, x1, 0            x1:1c008d62
15799991ns          258291 1c008d62 31f52563 p.beqimm         x10, 778            x10:00000000
15800011ns          258292 1c008d66 001d8d93 addi             x27, x27, 1         x27=00000002 x27:00000001
15800031ns          258293 1c008d68 00044503 lbu              x10, 0(x8)          x10=00000061  x8:1c000026  PA:1c000026
15800329ns          258308 1c008d6c 00140413 addi             x8, x8, 1            x8=1c000027  x8:1c000026
15800349ns          258309 1c008d6e fe0514e3 bne              x10, x0, -24        x10:00000061
15800429ns          258313 1c008d56 02500793 addi             x15, x0, 37         x15=00000025
15800449ns          258314 1c008d5a 04f50863 beq              x10, x15, 80        x10:00000061 x15:00000025
15800469ns          258315 1c008d5e 01a005b3 add              x11, x0, x26        x11=00000002 x26:00000002
15800489ns          258316 1c008d60 000b00e7 jalr             x1, x22, 0           x1=1c008d62 x22:1c008c6c
15800528ns          258318 1c008c6c 000026b7 lui              x13, 0x2000         x13=00002000
15800548ns          258319 1c008c6e f14027f3 csrrs            x15, x0, 0xf14      x15=00000002
15800568ns          258320 1c008c72 f8068693 addi             x13, x13, -128      x13=00001f80 x13:00002000
15800588ns          258321 1c008c76 00379713 slli             x14, x15, 0x3       x14=00000010 x15:00000002
15800608ns          258322 1c008c7a 00279793 slli             x15, x15, 0x2       x15=00000008 x15:00000002
15800628ns          258323 1c008c7c 00d7f7b3 and              x15, x15, x13       x15=00000000 x15:00000008 x13:00001f80
15800648ns          258324 1c008c7e ee873733 p.bclr           x14, x14, 23, 8     x14=00000010 x14:00000010
15800668ns          258325 1c008c82 1a10f6b7 lui              x13, 0x1a10f000     x13=1a10f000
15800687ns          258326 1c008c86 0ff57513 andi             x10, x10, 255       x10=00000061 x10:00000061
15800707ns          258327 1c008c8a 00d70733 add              x14, x14, x13       x14=1a10f010 x14:00000010 x13:1a10f000
15800727ns          258328 1c008c8c 00a7e723 p.sw             x10, x0(x15)        x10:00000061 x15:00000000  PA:1a10f010
15801065ns          258345 1c008c90 00000513 addi             x10, x0, 0          x10=00000000
15801085ns          258346 1c008c92 00008067 jalr             x0, x1, 0            x1:1c008d62
15801145ns          258349 1c008d62 31f52563 p.beqimm         x10, 778            x10:00000000
15801165ns          258350 1c008d66 001d8d93 addi             x27, x27, 1         x27=00000003 x27:00000002
15801185ns          258351 1c008d68 00044503 lbu              x10, 0(x8)          x10=00000072  x8:1c000027  PA:1c000027
15801483ns          258366 1c008d6c 00140413 addi             x8, x8, 1            x8=1c000028  x8:1c000027
15801503ns          258367 1c008d6e fe0514e3 bne              x10, x0, -24        x10:00000072
15801583ns          258371 1c008d56 02500793 addi             x15, x0, 37         x15=00000025
15801602ns          258372 1c008d5a 04f50863 beq              x10, x15, 80        x10:00000072 x15:00000025
15801622ns          258373 1c008d5e 01a005b3 add              x11, x0, x26        x11=00000002 x26:00000002
15801642ns          258374 1c008d60 000b00e7 jalr             x1, x22, 0           x1=1c008d62 x22:1c008c6c
15801682ns          258376 1c008c6c 000026b7 lui              x13, 0x2000         x13=00002000
15801702ns          258377 1c008c6e f14027f3 csrrs            x15, x0, 0xf14      x15=00000002
15801722ns          258378 1c008c72 f8068693 addi             x13, x13, -128      x13=00001f80 x13:00002000
15801742ns          258379 1c008c76 00379713 slli             x14, x15, 0x3       x14=00000010 x15:00000002
15801762ns          258380 1c008c7a 00279793 slli             x15, x15, 0x2       x15=00000008 x15:00000002
15801781ns          258381 1c008c7c 00d7f7b3 and              x15, x15, x13       x15=00000000 x15:00000008 x13:00001f80
15801801ns          258382 1c008c7e ee873733 p.bclr           x14, x14, 23, 8     x14=00000010 x14:00000010
15801821ns          258383 1c008c82 1a10f6b7 lui              x13, 0x1a10f000     x13=1a10f000
15801841ns          258384 1c008c86 0ff57513 andi             x10, x10, 255       x10=00000072 x10:00000072
15801861ns          258385 1c008c8a 00d70733 add              x14, x14, x13       x14=1a10f010 x14:00000010 x13:1a10f000
15801881ns          258386 1c008c8c 00a7e723 p.sw             x10, x0(x15)        x10:00000072 x15:00000000  PA:1a10f010
15802199ns          258402 1c008c90 00000513 addi             x10, x0, 0          x10=00000000
15802219ns          258403 1c008c92 00008067 jalr             x0, x1, 0            x1:1c008d62
15802279ns          258406 1c008d62 31f52563 p.beqimm         x10, 778            x10:00000000
15802299ns          258407 1c008d66 001d8d93 addi             x27, x27, 1         x27=00000004 x27:00000003
15802319ns          258408 1c008d68 00044503 lbu              x10, 0(x8)          x10=00000074  x8:1c000028  PA:1c000028
15802617ns          258423 1c008d6c 00140413 addi             x8, x8, 1            x8=1c000029  x8:1c000028
15802637ns          258424 1c008d6e fe0514e3 bne              x10, x0, -24        x10:00000074
15802716ns          258428 1c008d56 02500793 addi             x15, x0, 37         x15=00000025
15802736ns          258429 1c008d5a 04f50863 beq              x10, x15, 80        x10:00000074 x15:00000025
15802756ns          258430 1c008d5e 01a005b3 add              x11, x0, x26        x11=00000002 x26:00000002
15802776ns          258431 1c008d60 000b00e7 jalr             x1, x22, 0           x1=1c008d62 x22:1c008c6c
15802816ns          258433 1c008c6c 000026b7 lui              x13, 0x2000         x13=00002000
15802836ns          258434 1c008c6e f14027f3 csrrs            x15, x0, 0xf14      x15=00000002
15802856ns          258435 1c008c72 f8068693 addi             x13, x13, -128      x13=00001f80 x13:00002000
15802875ns          258436 1c008c76 00379713 slli             x14, x15, 0x3       x14=00000010 x15:00000002
15802895ns          258437 1c008c7a 00279793 slli             x15, x15, 0x2       x15=00000008 x15:00000002
15802915ns          258438 1c008c7c 00d7f7b3 and              x15, x15, x13       x15=00000000 x15:00000008 x13:00001f80
15802935ns          258439 1c008c7e ee873733 p.bclr           x14, x14, 23, 8     x14=00000010 x14:00000010
15802955ns          258440 1c008c82 1a10f6b7 lui              x13, 0x1a10f000     x13=1a10f000
15802975ns          258441 1c008c86 0ff57513 andi             x10, x10, 255       x10=00000074 x10:00000074
15802995ns          258442 1c008c8a 00d70733 add              x14, x14, x13       x14=1a10f010 x14:00000010 x13:1a10f000
15803015ns          258443 1c008c8c 00a7e723 p.sw             x10, x0(x15)        x10:00000074 x15:00000000  PA:1a10f010
15803333ns          258459 1c008c90 00000513 addi             x10, x0, 0          x10=00000000
15803353ns          258460 1c008c92 00008067 jalr             x0, x1, 0            x1:1c008d62
15803413ns          258463 1c008d62 31f52563 p.beqimm         x10, 778            x10:00000000
15803432ns          258464 1c008d66 001d8d93 addi             x27, x27, 1         x27=00000005 x27:00000004
15803452ns          258465 1c008d68 00044503 lbu              x10, 0(x8)          x10=00000069  x8:1c000029  PA:1c000029
15803751ns          258480 1c008d6c 00140413 addi             x8, x8, 1            x8=1c00002a  x8:1c000029
15803771ns          258481 1c008d6e fe0514e3 bne              x10, x0, -24        x10:00000069
15803850ns          258485 1c008d56 02500793 addi             x15, x0, 37         x15=00000025
15803870ns          258486 1c008d5a 04f50863 beq              x10, x15, 80        x10:00000069 x15:00000025
15803890ns          258487 1c008d5e 01a005b3 add              x11, x0, x26        x11=00000002 x26:00000002
15803910ns          258488 1c008d60 000b00e7 jalr             x1, x22, 0           x1=1c008d62 x22:1c008c6c
15803950ns          258490 1c008c6c 000026b7 lui              x13, 0x2000         x13=00002000
15803969ns          258491 1c008c6e f14027f3 csrrs            x15, x0, 0xf14      x15=00000002
15803989ns          258492 1c008c72 f8068693 addi             x13, x13, -128      x13=00001f80 x13:00002000
15804009ns          258493 1c008c76 00379713 slli             x14, x15, 0x3       x14=00000010 x15:00000002
15804029ns          258494 1c008c7a 00279793 slli             x15, x15, 0x2       x15=00000008 x15:00000002
15804049ns          258495 1c008c7c 00d7f7b3 and              x15, x15, x13       x15=00000000 x15:00000008 x13:00001f80
15804069ns          258496 1c008c7e ee873733 p.bclr           x14, x14, 23, 8     x14=00000010 x14:00000010
15804089ns          258497 1c008c82 1a10f6b7 lui              x13, 0x1a10f000     x13=1a10f000
15804109ns          258498 1c008c86 0ff57513 andi             x10, x10, 255       x10=00000069 x10:00000069
15804129ns          258499 1c008c8a 00d70733 add              x14, x14, x13       x14=1a10f010 x14:00000010 x13:1a10f000
15804148ns          258500 1c008c8c 00a7e723 p.sw             x10, x0(x15)        x10:00000069 x15:00000000  PA:1a10f010
15804487ns          258517 1c008c90 00000513 addi             x10, x0, 0          x10=00000000
15804507ns          258518 1c008c92 00008067 jalr             x0, x1, 0            x1:1c008d62
15804566ns          258521 1c008d62 31f52563 p.beqimm         x10, 778            x10:00000000
15804586ns          258522 1c008d66 001d8d93 addi             x27, x27, 1         x27=00000006 x27:00000005
15804606ns          258523 1c008d68 00044503 lbu              x10, 0(x8)          x10=0000006e  x8:1c00002a  PA:1c00002a
15804924ns          258539 1c008d6c 00140413 addi             x8, x8, 1            x8=1c00002b  x8:1c00002a
15804944ns          258540 1c008d6e fe0514e3 bne              x10, x0, -24        x10:0000006e
15805024ns          258544 1c008d56 02500793 addi             x15, x0, 37         x15=00000025
15805044ns          258545 1c008d5a 04f50863 beq              x10, x15, 80        x10:0000006e x15:00000025
15805063ns          258546 1c008d5e 01a005b3 add              x11, x0, x26        x11=00000002 x26:00000002
15805083ns          258547 1c008d60 000b00e7 jalr             x1, x22, 0           x1=1c008d62 x22:1c008c6c
15805123ns          258549 1c008c6c 000026b7 lui              x13, 0x2000         x13=00002000
15805143ns          258550 1c008c6e f14027f3 csrrs            x15, x0, 0xf14      x15=00000002
15805163ns          258551 1c008c72 f8068693 addi             x13, x13, -128      x13=00001f80 x13:00002000
15805183ns          258552 1c008c76 00379713 slli             x14, x15, 0x3       x14=00000010 x15:00000002
15805203ns          258553 1c008c7a 00279793 slli             x15, x15, 0x2       x15=00000008 x15:00000002
15805223ns          258554 1c008c7c 00d7f7b3 and              x15, x15, x13       x15=00000000 x15:00000008 x13:00001f80
15805242ns          258555 1c008c7e ee873733 p.bclr           x14, x14, 23, 8     x14=00000010 x14:00000010
15805262ns          258556 1c008c82 1a10f6b7 lui              x13, 0x1a10f000     x13=1a10f000
15805282ns          258557 1c008c86 0ff57513 andi             x10, x10, 255       x10=0000006e x10:0000006e
15805302ns          258558 1c008c8a 00d70733 add              x14, x14, x13       x14=1a10f010 x14:00000010 x13:1a10f000
15805322ns          258559 1c008c8c 00a7e723 p.sw             x10, x0(x15)        x10:0000006e x15:00000000  PA:1a10f010
15805640ns          258575 1c008c90 00000513 addi             x10, x0, 0          x10=00000000
15805660ns          258576 1c008c92 00008067 jalr             x0, x1, 0            x1:1c008d62
15805720ns          258579 1c008d62 31f52563 p.beqimm         x10, 778            x10:00000000
15805740ns          258580 1c008d66 001d8d93 addi             x27, x27, 1         x27=00000007 x27:00000006
15805760ns          258581 1c008d68 00044503 lbu              x10, 0(x8)          x10=00000067  x8:1c00002b  PA:1c00002b
15806058ns          258596 1c008d6c 00140413 addi             x8, x8, 1            x8=1c00002c  x8:1c00002b
15806078ns          258597 1c008d6e fe0514e3 bne              x10, x0, -24        x10:00000067
15806157ns          258601 1c008d56 02500793 addi             x15, x0, 37         x15=00000025
15806177ns          258602 1c008d5a 04f50863 beq              x10, x15, 80        x10:00000067 x15:00000025
15806197ns          258603 1c008d5e 01a005b3 add              x11, x0, x26        x11=00000002 x26:00000002
15806217ns          258604 1c008d60 000b00e7 jalr             x1, x22, 0           x1=1c008d62 x22:1c008c6c
15806257ns          258606 1c008c6c 000026b7 lui              x13, 0x2000         x13=00002000
15806277ns          258607 1c008c6e f14027f3 csrrs            x15, x0, 0xf14      x15=00000002
15806297ns          258608 1c008c72 f8068693 addi             x13, x13, -128      x13=00001f80 x13:00002000
15806317ns          258609 1c008c76 00379713 slli             x14, x15, 0x3       x14=00000010 x15:00000002
15806336ns          258610 1c008c7a 00279793 slli             x15, x15, 0x2       x15=00000008 x15:00000002
15806356ns          258611 1c008c7c 00d7f7b3 and              x15, x15, x13       x15=00000000 x15:00000008 x13:00001f80
15806376ns          258612 1c008c7e ee873733 p.bclr           x14, x14, 23, 8     x14=00000010 x14:00000010
15806396ns          258613 1c008c82 1a10f6b7 lui              x13, 0x1a10f000     x13=1a10f000
15806416ns          258614 1c008c86 0ff57513 andi             x10, x10, 255       x10=00000067 x10:00000067
15806436ns          258615 1c008c8a 00d70733 add              x14, x14, x13       x14=1a10f010 x14:00000010 x13:1a10f000
15806456ns          258616 1c008c8c 00a7e723 p.sw             x10, x0(x15)        x10:00000067 x15:00000000  PA:1a10f010
15806774ns          258632 1c008c90 00000513 addi             x10, x0, 0          x10=00000000
15806794ns          258633 1c008c92 00008067 jalr             x0, x1, 0            x1:1c008d62
15806854ns          258636 1c008d62 31f52563 p.beqimm         x10, 778            x10:00000000
15806874ns          258637 1c008d66 001d8d93 addi             x27, x27, 1         x27=00000008 x27:00000007
15806893ns          258638 1c008d68 00044503 lbu              x10, 0(x8)          x10=00000020  x8:1c00002c  PA:1c00002c
15807192ns          258653 1c008d6c 00140413 addi             x8, x8, 1            x8=1c00002d  x8:1c00002c
15807212ns          258654 1c008d6e fe0514e3 bne              x10, x0, -24        x10:00000020
15807291ns          258658 1c008d56 02500793 addi             x15, x0, 37         x15=00000025
15807311ns          258659 1c008d5a 04f50863 beq              x10, x15, 80        x10:00000020 x15:00000025
15807331ns          258660 1c008d5e 01a005b3 add              x11, x0, x26        x11=00000002 x26:00000002
15807351ns          258661 1c008d60 000b00e7 jalr             x1, x22, 0           x1=1c008d62 x22:1c008c6c
15807391ns          258663 1c008c6c 000026b7 lui              x13, 0x2000         x13=00002000
15807411ns          258664 1c008c6e f14027f3 csrrs            x15, x0, 0xf14      x15=00000002
15807430ns          258665 1c008c72 f8068693 addi             x13, x13, -128      x13=00001f80 x13:00002000
15807450ns          258666 1c008c76 00379713 slli             x14, x15, 0x3       x14=00000010 x15:00000002
15807470ns          258667 1c008c7a 00279793 slli             x15, x15, 0x2       x15=00000008 x15:00000002
15807490ns          258668 1c008c7c 00d7f7b3 and              x15, x15, x13       x15=00000000 x15:00000008 x13:00001f80
15807510ns          258669 1c008c7e ee873733 p.bclr           x14, x14, 23, 8     x14=00000010 x14:00000010
15807530ns          258670 1c008c82 1a10f6b7 lui              x13, 0x1a10f000     x13=1a10f000
15807550ns          258671 1c008c86 0ff57513 andi             x10, x10, 255       x10=00000020 x10:00000020
15807570ns          258672 1c008c8a 00d70733 add              x14, x14, x13       x14=1a10f010 x14:00000010 x13:1a10f000
15807590ns          258673 1c008c8c 00a7e723 p.sw             x10, x0(x15)        x10:00000020 x15:00000000  PA:1a10f010
15807908ns          258689 1c008c90 00000513 addi             x10, x0, 0          x10=00000000
15807928ns          258690 1c008c92 00008067 jalr             x0, x1, 0            x1:1c008d62
15807987ns          258693 1c008d62 31f52563 p.beqimm         x10, 778            x10:00000000
15808007ns          258694 1c008d66 001d8d93 addi             x27, x27, 1         x27=00000009 x27:00000008
15808027ns          258695 1c008d68 00044503 lbu              x10, 0(x8)          x10=00000025  x8:1c00002d  PA:1c00002d
15808326ns          258710 1c008d6c 00140413 addi             x8, x8, 1            x8=1c00002e  x8:1c00002d
15808345ns          258711 1c008d6e fe0514e3 bne              x10, x0, -24        x10:00000025
15808425ns          258715 1c008d56 02500793 addi             x15, x0, 37         x15=00000025
15808445ns          258716 1c008d5a 04f50863 beq              x10, x15, 80        x10:00000025 x15:00000025
15808843ns          258736 1c008daa 00044483 lbu              x9, 0(x8)            x9=00000064  x8:1c00002e  PA:1c00002e
15809280ns          258758 1c008dae 02000693 addi             x13, x0, 32         x13=00000020
15809320ns          258760 1c008db2 00140a93 addi             x21, x8, 1          x21=1c00002f  x8:1c00002e
15809340ns          258761 1c008db6 009005b3 add              x11, x0, x9         x11=00000064  x9:00000064
15809360ns          258762 1c008db8 0fcb8513 addi             x10, x23, 252       x10=1c0000fc x23:1c000000
15809380ns          258763 1c008dbc 00d12823 sw               x13, 16(x2)         x13:00000020  x2:100014d8  PA:100014e8
15809400ns          258764 1c008dbe 00012c23 sw               x0, 24(x2)           x2:100014d8  PA:100014f0
15809797ns          258784 1c008dc0 00012a23 sw               x0, 20(x2)           x2:100014d8  PA:100014ec
15809817ns          258785 1c008dc2 00012e23 sw               x0, 28(x2)           x2:100014d8  PA:100014f4
15809837ns          258786 1c008dc4 00012623 sw               x0, 12(x2)           x2:100014d8  PA:100014e4
15809857ns          258787 1c008dc6 02300913 addi             x18, x0, 35         x18=00000023
15809877ns          258788 1c008dca 02d00a13 addi             x20, x0, 45         x20=0000002d
15809897ns          258789 1c008dce 015009b3 add              x19, x0, x21        x19=1c00002f x21:1c00002f
15810315ns          258810 1c008dd0 e1dff0ef jal              x1, -484             x1=1c008dd2
15810772ns          258833 1c008bec 00054783 lbu              x15, 0(x10)         x15=0000002d x10:1c0000fc  PA:1c0000fc
15811230ns          258856 1c008bf0 0ff5f593 andi             x11, x11, 255       x11=00000064 x11:00000064
15811269ns          258858 1c008bf4 00b78c63 beq              x15, x11, 24        x15:0000002d x11:00000064
15811289ns          258859 1c008bf8 00078b63 beq              x15, x0, 22         x15:0000002d
15811309ns          258860 1c008bfa 00150793 addi             x15, x10, 1         x15=1c0000fd x10:1c0000fc
15811329ns          258861 1c008bfe 0040006f jal              x0, 4              
15811806ns          258885 1c008c02 00f00533 add              x10, x0, x15        x10=1c0000fd x15:1c0000fd
15811826ns          258886 1c008c04 0017c70b p.lbu            x14, 1(x15!)        x14=0000002b x15=1c0000fe x15:1c0000fd  PA:1c0000fd
15812264ns          258908 1c008c08 feb71ce3 bne              x14, x11, -8        x14:0000002b x11:00000064
15812363ns          258913 1c008c00 00070763 beq              x14, x0, 14         x14:0000002b
15812383ns          258914 1c008c02 00f00533 add              x10, x0, x15        x10=1c0000fe x15:1c0000fe
15812403ns          258915 1c008c04 0017c70b p.lbu            x14, 1(x15!)        x14=00000020 x15=1c0000ff x15:1c0000fe  PA:1c0000fe
15812761ns          258933 1c008c08 feb71ce3 bne              x14, x11, -8        x14:00000020 x11:00000064
15812821ns          258936 1c008c00 00070763 beq              x14, x0, 14         x14:00000020
15812841ns          258937 1c008c02 00f00533 add              x10, x0, x15        x10=1c0000ff x15:1c0000ff
15812861ns          258938 1c008c04 0017c70b p.lbu            x14, 1(x15!)        x14=00000023 x15=1c000100 x15:1c0000ff  PA:1c0000ff
15813179ns          258954 1c008c08 feb71ce3 bne              x14, x11, -8        x14:00000023 x11:00000064
15813239ns          258957 1c008c00 00070763 beq              x14, x0, 14         x14:00000023
15813258ns          258958 1c008c02 00f00533 add              x10, x0, x15        x10=1c000100 x15:1c000100
15813278ns          258959 1c008c04 0017c70b p.lbu            x14, 1(x15!)        x14=00000030 x15=1c000101 x15:1c000100  PA:1c000100
15813597ns          258975 1c008c08 feb71ce3 bne              x14, x11, -8        x14:00000030 x11:00000064
15813656ns          258978 1c008c00 00070763 beq              x14, x0, 14         x14:00000030
15813676ns          258979 1c008c02 00f00533 add              x10, x0, x15        x10=1c000101 x15:1c000101
15813696ns          258980 1c008c04 0017c70b p.lbu            x14, 1(x15!)        x14=00000000 x15=1c000102 x15:1c000101  PA:1c000101
15814014ns          258996 1c008c08 feb71ce3 bne              x14, x11, -8        x14:00000000 x11:00000064
15814074ns          258999 1c008c00 00070763 beq              x14, x0, 14         x14:00000000
15814154ns          259003 1c008c0e 0015b593 sltiu            x11, x11, 1         x11=00000000 x11:00000064
15814173ns          259004 1c008c12 40b005b3 sub              x11, x0, x11        x11=00000000 x11:00000000
15814193ns          259005 1c008c16 00b57533 and              x10, x10, x11       x10=00000000 x10:1c000101 x11:00000000
15814213ns          259006 1c008c18 00008067 jalr             x0, x1, 0            x1:1c008dd2
15814671ns          259029 1c008dd2 02050a63 beq              x10, x0, 52         x10:00000000
15815188ns          259055 1c008e06 02a00613 addi             x12, x0, 42         x12=0000002a
15815208ns          259056 1c008e0a 2ac48663 beq              x9, x12, 684         x9:00000064 x12:0000002a
15815645ns          259078 1c008e0e fd048613 addi             x12, x9, -48        x12=00000034  x9:00000064
15815665ns          259079 1c008e12 00900593 addi             x11, x0, 9          x11=00000009
15815685ns          259080 1c008e14 00000913 addi             x18, x0, 0          x18=00000000
15815705ns          259081 1c008e16 28c5f063 bgeu             x11, x12, 640       x11:00000009 x12:00000034
15815725ns          259082 1c008e1a 02e00693 addi             x13, x0, 46         x13=0000002e
15815745ns          259083 1c008e1e fff00a13 addi             x20, x0, -1         x20=ffffffff
15816162ns          259104 1c008e20 2ed48363 beq              x9, x13, 742         x9:00000064 x13:0000002e
15816202ns          259106 1c008e24 1c0007b7 lui              x15, 0x1c000000     x15=1c000000
15816222ns          259107 1c008e28 009005b3 add              x11, x0, x9         x11=00000064  x9:00000064
15816242ns          259108 1c008e2a 10478513 addi             x10, x15, 260       x10=1c000104 x15:1c000000
15816262ns          259109 1c008e2e dbfff0ef jal              x1, -578             x1=1c008e30
15816719ns          259132 1c008bec 00054783 lbu              x15, 0(x10)         x15=00000068 x10:1c000104  PA:1c000104
15817038ns          259148 1c008bf0 0ff5f593 andi             x11, x11, 255       x11=00000064 x11:00000064
15817058ns          259149 1c008bf4 00b78c63 beq              x15, x11, 24        x15:00000068 x11:00000064
15817077ns          259150 1c008bf8 00078b63 beq              x15, x0, 22         x15:00000068
15817097ns          259151 1c008bfa 00150793 addi             x15, x10, 1         x15=1c000105 x10:1c000104
15817117ns          259152 1c008bfe 0040006f jal              x0, 4              
15817157ns          259154 1c008c02 00f00533 add              x10, x0, x15        x10=1c000105 x15:1c000105
15817177ns          259155 1c008c04 0017c70b p.lbu            x14, 1(x15!)        x14=0000006c x15=1c000106 x15:1c000105  PA:1c000105
15817495ns          259171 1c008c08 feb71ce3 bne              x14, x11, -8        x14:0000006c x11:00000064
15817555ns          259174 1c008c00 00070763 beq              x14, x0, 14         x14:0000006c
15817575ns          259175 1c008c02 00f00533 add              x10, x0, x15        x10=1c000106 x15:1c000106
15817595ns          259176 1c008c04 0017c70b p.lbu            x14, 1(x15!)        x14=0000004c x15=1c000107 x15:1c000106  PA:1c000106
15817913ns          259192 1c008c08 feb71ce3 bne              x14, x11, -8        x14:0000004c x11:00000064
15817973ns          259195 1c008c00 00070763 beq              x14, x0, 14         x14:0000004c
15817992ns          259196 1c008c02 00f00533 add              x10, x0, x15        x10=1c000107 x15:1c000107
15818012ns          259197 1c008c04 0017c70b p.lbu            x14, 1(x15!)        x14=0000007a x15=1c000108 x15:1c000107  PA:1c000107
15818350ns          259214 1c008c08 feb71ce3 bne              x14, x11, -8        x14:0000007a x11:00000064
15818410ns          259217 1c008c00 00070763 beq              x14, x0, 14         x14:0000007a
15818430ns          259218 1c008c02 00f00533 add              x10, x0, x15        x10=1c000108 x15:1c000108
15818450ns          259219 1c008c04 0017c70b p.lbu            x14, 1(x15!)        x14=00000000 x15=1c000109 x15:1c000108  PA:1c000108
15818808ns          259237 1c008c08 feb71ce3 bne              x14, x11, -8        x14:00000000 x11:00000064
15818868ns          259240 1c008c00 00070763 beq              x14, x0, 14         x14:00000000
15818947ns          259244 1c008c0e 0015b593 sltiu            x11, x11, 1         x11=00000000 x11:00000064
15818967ns          259245 1c008c12 40b005b3 sub              x11, x0, x11        x11=00000000 x11:00000000
15818987ns          259246 1c008c16 00b57533 and              x10, x10, x11       x10=00000000 x10:1c000108 x11:00000000
15819007ns          259247 1c008c18 00008067 jalr             x0, x1, 0            x1:1c008e30
15819047ns          259249 1c008e30 01300433 add              x8, x0, x19          x8=1c00002f x19:1c00002f
15819067ns          259250 1c008e32 00050563 beq              x10, x0, 10         x10:00000000
15819126ns          259253 1c008e3c 06700693 addi             x13, x0, 103        x13=00000067
15819544ns          259274 1c008e40 2896d963 bge              x13, x9, 658        x13:00000067  x9:00000064
15820061ns          259300 1c0090d2 06500693 addi             x13, x0, 101        x13=00000065
15820081ns          259301 1c0090d6 12d4d563 bge              x9, x13, 298         x9:00000064 x13:00000065
15820101ns          259302 1c0090da 04700693 addi             x13, x0, 71         x13=00000047
15820538ns          259324 1c0090de dc96cbe3 blt              x13, x9, -554       x13:00000047  x9:00000064
15821036ns          259349 1c008eb4 06300693 addi             x13, x0, 99         x13=00000063
15821076ns          259351 1c008eb8 0ad488e3 beq              x9, x13, 2224        x9:00000064 x13:00000063
15821095ns          259352 1c008ebc 0096c9e3 blt              x13, x9, 2066       x13:00000063  x9:00000064
15822508ns          259423 1c0096ce 000c2583 lw               x11, 0(x24)         x11=00000001 x24:1000162c  PA:1000162c
15822528ns          259424 1c0096d2 004c0c13 addi             x24, x24, 4         x24=10001630 x24:1000162c
15822547ns          259425 1c0096d4 3405cc63 blt              x11, x0, 856        x11:00000001
15822567ns          259426 1c0096d8 01412603 lw               x12, 20(x2)         x12=00000000  x2:100014d8  PA:100014ec
15822587ns          259427 1c0096da 00b006b3 add              x13, x0, x11        x13=00000001 x11:00000001
15822607ns          259428 1c0096dc 2e061863 bne              x12, x0, 752        x12:00000000
15823025ns          259449 1c0096e0 01812703 lw               x14, 24(x2)         x14=00000000  x2:100014d8  PA:100014f0
15823045ns          259450 1c0096e2 019007b3 add              x15, x0, x25        x15=100014fc x25:100014fc
15823065ns          259451 1c0096e4 00070763 beq              x14, x0, 14         x14:00000000
15823542ns          259475 1c0096f2 00f00733 add              x14, x0, x15        x14=100014fc x15:100014fc
15823582ns          259477 1c0096f4 00a00513 addi             x10, x0, 10         x10=0000000a
15823602ns          259478 1c0096f6 02a6f633 remu             x12, x13, x10       x12=00000001 x13:00000001 x10:0000000a
15824218ns          259509 1c0096fa 02a6d6b3 divu             x13, x13, x10       x13=00000000 x13:00000001 x10:0000000a
15824835ns          259540 1c0096fe 03060613 addi             x12, x12, 48        x12=00000031 x12:00000001
15824855ns          259541 1c009702 00c700ab p.sb             x12, 1(x14!)        x14=100014fd x12:00000031 x14:100014fc  PA:100014fc
15824875ns          259542 1c009706 fe0698e3 bne              x13, x0, -16        x13:00000000
15824895ns          259543 1c009708 40f706b3 sub              x13, x14, x15       x13=00000001 x14:100014fd x15:100014fc
15824914ns          259544 1c00970c 0146dc63 bge              x13, x20, 24        x13:00000001 x20:ffffffff
15825790ns          259588 1c009724 00e006b3 add              x13, x0, x14        x13=100014fd x14:100014fd
15825829ns          259590 1c009726 fe068fab p.sb             x0, -1(x13!)        x13=100014fc x13:100014fd  PA:100014fd
15825849ns          259591 1c00972a 00d7fc63 bgeu             x15, x13, 24        x15:100014fc x13:100014fc
15826744ns          259636 1c009742 01412783 lw               x15, 20(x2)         x15=00000000  x2:100014d8  PA:100014ec
15826784ns          259638 1c009744 01812603 lw               x12, 24(x2)         x12=00000000  x2:100014d8  PA:100014f0
15826804ns          259639 1c009746 419704b3 sub              x9, x14, x25         x9=00000001 x14:100014fd x25:100014fc
15826824ns          259640 1c00974a 00c7e7b3 or               x15, x15, x12       x15=00000000 x15:00000000 x12:00000000
15826844ns          259641 1c00974c 00f12623 sw               x15, 12(x2)         x15:00000000  x2:100014d8  PA:100014e4
15826864ns          259642 1c00974e 00079363 bne              x15, x0, 6          x15:00000000
15827262ns          259662 1c009750 01f5d593 srli             x11, x11, 0x1f      x11=00000000 x11:00000001
15827281ns          259663 1c009752 00b12623 sw               x11, 12(x2)         x11:00000000  x2:100014d8  PA:100014e4
15827301ns          259664 1c009754 e3fa28e3 p.beqimm         x20, -464           x20:ffffffff
15827799ns          259689 1c009584 0c800793 addi             x15, x0, 200        x15=000000c8
15827838ns          259691 1c009588 9e97d0e3 bge              x15, x9, -1568      x15:000000c8  x9:00000001
15828753ns          259737 1c008f68 0f24d163 bge              x9, x18, 226         x9:00000001 x18:00000000
15829270ns          259763 1c00904a d00482e3 beq              x9, x0, -764         x9:00000001
15829290ns          259764 1c00904e 01900933 add              x18, x0, x25        x18=100014fc x25:100014fc
15829708ns          259785 1c009050 419d8db3 sub              x27, x27, x25       x27=efffeb0d x27:00000009 x25:100014fc
15829748ns          259787 1c009054 00a0006f jal              x0, 10             
15830225ns          259811 1c00905e 0019450b p.lbu            x10, 1(x18!)        x10=00000031 x18=100014fd x18:100014fc  PA:100014fc
15830245ns          259812 1c009062 01a005b3 add              x11, x0, x26        x11=00000002 x26:00000002
15830265ns          259813 1c009064 000b00e7 jalr             x1, x22, 0           x1=1c009066 x22:1c008c6c
15830345ns          259817 1c008c6c 000026b7 lui              x13, 0x2000         x13=00002000
15830384ns          259819 1c008c6e f14027f3 csrrs            x15, x0, 0xf14      x15=00000002
15830404ns          259820 1c008c72 f8068693 addi             x13, x13, -128      x13=00001f80 x13:00002000
15830424ns          259821 1c008c76 00379713 slli             x14, x15, 0x3       x14=00000010 x15:00000002
15830444ns          259822 1c008c7a 00279793 slli             x15, x15, 0x2       x15=00000008 x15:00000002
15830464ns          259823 1c008c7c 00d7f7b3 and              x15, x15, x13       x15=00000000 x15:00000008 x13:00001f80
15830484ns          259824 1c008c7e ee873733 p.bclr           x14, x14, 23, 8     x14=00000010 x14:00000010
15830504ns          259825 1c008c82 1a10f6b7 lui              x13, 0x1a10f000     x13=1a10f000
15830524ns          259826 1c008c86 0ff57513 andi             x10, x10, 255       x10=00000031 x10:00000031
15830544ns          259827 1c008c8a 00d70733 add              x14, x14, x13       x14=1a10f010 x14:00000010 x13:1a10f000
15830563ns          259828 1c008c8c 00a7e723 p.sw             x10, x0(x15)        x10:00000031 x15:00000000  PA:1a10f010
15830961ns          259848 1c008c90 00000513 addi             x10, x0, 0          x10=00000000
15830981ns          259849 1c008c92 00008067 jalr             x0, x1, 0            x1:1c009066
15831021ns          259851 1c009066 fff48493 addi             x9, x9, -1           x9=00000000  x9:00000001
15831041ns          259852 1c009068 fff537e3 p.bneimm         x10, -18            x10:00000000
15831478ns          259874 1c009056 012d8733 add              x14, x27, x18       x14=0000000a x27:efffeb0d x18:100014fd
15831498ns          259875 1c00905a 5a048b63 beq              x9, x0, 1462         x9:00000000
15831976ns          259899 1c009610 00e00db3 add              x27, x0, x14        x27=0000000a x14:0000000a
15832015ns          259901 1c009612 f3cff06f jal              x0, -2244          
15832075ns          259904 1c008d4e 00044503 lbu              x10, 0(x8)          x10=00000020  x8:1c00002f  PA:1c00002f
15832373ns          259919 1c008d52 00140413 addi             x8, x8, 1            x8=1c000030  x8:1c00002f
15832393ns          259920 1c008d54 00050e63 beq              x10, x0, 28         x10:00000020
15832413ns          259921 1c008d56 02500793 addi             x15, x0, 37         x15=00000025
15832433ns          259922 1c008d5a 04f50863 beq              x10, x15, 80        x10:00000020 x15:00000025
15832453ns          259923 1c008d5e 01a005b3 add              x11, x0, x26        x11=00000002 x26:00000002
15832473ns          259924 1c008d60 000b00e7 jalr             x1, x22, 0           x1=1c008d62 x22:1c008c6c
15832513ns          259926 1c008c6c 000026b7 lui              x13, 0x2000         x13=00002000
15832572ns          259929 1c008c6e f14027f3 csrrs            x15, x0, 0xf14      x15=00000002
15832612ns          259931 1c008c72 f8068693 addi             x13, x13, -128      x13=00001f80 x13:00002000
15832632ns          259932 1c008c76 00379713 slli             x14, x15, 0x3       x14=00000010 x15:00000002
15832652ns          259933 1c008c7a 00279793 slli             x15, x15, 0x2       x15=00000008 x15:00000002
15832672ns          259934 1c008c7c 00d7f7b3 and              x15, x15, x13       x15=00000000 x15:00000008 x13:00001f80
15832692ns          259935 1c008c7e ee873733 p.bclr           x14, x14, 23, 8     x14=00000010 x14:00000010
15832712ns          259936 1c008c82 1a10f6b7 lui              x13, 0x1a10f000     x13=1a10f000
15832731ns          259937 1c008c86 0ff57513 andi             x10, x10, 255       x10=00000020 x10:00000020
15832751ns          259938 1c008c8a 00d70733 add              x14, x14, x13       x14=1a10f010 x14:00000010 x13:1a10f000
15832771ns          259939 1c008c8c 00a7e723 p.sw             x10, x0(x15)        x10:00000020 x15:00000000  PA:1a10f010
15833169ns          259959 1c008c90 00000513 addi             x10, x0, 0          x10=00000000
15833189ns          259960 1c008c92 00008067 jalr             x0, x1, 0            x1:1c008d62
15833249ns          259963 1c008d62 31f52563 p.beqimm         x10, 778            x10:00000000
15833269ns          259964 1c008d66 001d8d93 addi             x27, x27, 1         x27=0000000b x27:0000000a
15833288ns          259965 1c008d68 00044503 lbu              x10, 0(x8)          x10=0000006b  x8:1c000030  PA:1c000030
15833587ns          259980 1c008d6c 00140413 addi             x8, x8, 1            x8=1c000031  x8:1c000030
15833607ns          259981 1c008d6e fe0514e3 bne              x10, x0, -24        x10:0000006b
15833686ns          259985 1c008d56 02500793 addi             x15, x0, 37         x15=00000025
15833706ns          259986 1c008d5a 04f50863 beq              x10, x15, 80        x10:0000006b x15:00000025
15833726ns          259987 1c008d5e 01a005b3 add              x11, x0, x26        x11=00000002 x26:00000002
15833746ns          259988 1c008d60 000b00e7 jalr             x1, x22, 0           x1=1c008d62 x22:1c008c6c
15833786ns          259990 1c008c6c 000026b7 lui              x13, 0x2000         x13=00002000
15833806ns          259991 1c008c6e f14027f3 csrrs            x15, x0, 0xf14      x15=00000002
15833825ns          259992 1c008c72 f8068693 addi             x13, x13, -128      x13=00001f80 x13:00002000
15833845ns          259993 1c008c76 00379713 slli             x14, x15, 0x3       x14=00000010 x15:00000002
15833865ns          259994 1c008c7a 00279793 slli             x15, x15, 0x2       x15=00000008 x15:00000002
15833885ns          259995 1c008c7c 00d7f7b3 and              x15, x15, x13       x15=00000000 x15:00000008 x13:00001f80
15833905ns          259996 1c008c7e ee873733 p.bclr           x14, x14, 23, 8     x14=00000010 x14:00000010
15833925ns          259997 1c008c82 1a10f6b7 lui              x13, 0x1a10f000     x13=1a10f000
15833945ns          259998 1c008c86 0ff57513 andi             x10, x10, 255       x10=0000006b x10:0000006b
15833965ns          259999 1c008c8a 00d70733 add              x14, x14, x13       x14=1a10f010 x14:00000010 x13:1a10f000
15833985ns          260000 1c008c8c 00a7e723 p.sw             x10, x0(x15)        x10:0000006b x15:00000000  PA:1a10f010
15834323ns          260017 1c008c90 00000513 addi             x10, x0, 0          x10=00000000
15834343ns          260018 1c008c92 00008067 jalr             x0, x1, 0            x1:1c008d62
15834402ns          260021 1c008d62 31f52563 p.beqimm         x10, 778            x10:00000000
15834422ns          260022 1c008d66 001d8d93 addi             x27, x27, 1         x27=0000000c x27:0000000b
15834442ns          260023 1c008d68 00044503 lbu              x10, 0(x8)          x10=00000065  x8:1c000031  PA:1c000031
15834740ns          260038 1c008d6c 00140413 addi             x8, x8, 1            x8=1c000032  x8:1c000031
15834760ns          260039 1c008d6e fe0514e3 bne              x10, x0, -24        x10:00000065
15834840ns          260043 1c008d56 02500793 addi             x15, x0, 37         x15=00000025
15834860ns          260044 1c008d5a 04f50863 beq              x10, x15, 80        x10:00000065 x15:00000025
15834880ns          260045 1c008d5e 01a005b3 add              x11, x0, x26        x11=00000002 x26:00000002
15834900ns          260046 1c008d60 000b00e7 jalr             x1, x22, 0           x1=1c008d62 x22:1c008c6c
15834939ns          260048 1c008c6c 000026b7 lui              x13, 0x2000         x13=00002000
15834959ns          260049 1c008c6e f14027f3 csrrs            x15, x0, 0xf14      x15=00000002
15834979ns          260050 1c008c72 f8068693 addi             x13, x13, -128      x13=00001f80 x13:00002000
15834999ns          260051 1c008c76 00379713 slli             x14, x15, 0x3       x14=00000010 x15:00000002
15835019ns          260052 1c008c7a 00279793 slli             x15, x15, 0x2       x15=00000008 x15:00000002
15835039ns          260053 1c008c7c 00d7f7b3 and              x15, x15, x13       x15=00000000 x15:00000008 x13:00001f80
15835059ns          260054 1c008c7e ee873733 p.bclr           x14, x14, 23, 8     x14=00000010 x14:00000010
15835079ns          260055 1c008c82 1a10f6b7 lui              x13, 0x1a10f000     x13=1a10f000
15835098ns          260056 1c008c86 0ff57513 andi             x10, x10, 255       x10=00000065 x10:00000065
15835118ns          260057 1c008c8a 00d70733 add              x14, x14, x13       x14=1a10f010 x14:00000010 x13:1a10f000
15835138ns          260058 1c008c8c 00a7e723 p.sw             x10, x0(x15)        x10:00000065 x15:00000000  PA:1a10f010
15835457ns          260074 1c008c90 00000513 addi             x10, x0, 0          x10=00000000
15835476ns          260075 1c008c92 00008067 jalr             x0, x1, 0            x1:1c008d62
15835536ns          260078 1c008d62 31f52563 p.beqimm         x10, 778            x10:00000000
15835556ns          260079 1c008d66 001d8d93 addi             x27, x27, 1         x27=0000000d x27:0000000c
15835576ns          260080 1c008d68 00044503 lbu              x10, 0(x8)          x10=00000072  x8:1c000032  PA:1c000032
15835874ns          260095 1c008d6c 00140413 addi             x8, x8, 1            x8=1c000033  x8:1c000032
15835894ns          260096 1c008d6e fe0514e3 bne              x10, x0, -24        x10:00000072
15835974ns          260100 1c008d56 02500793 addi             x15, x0, 37         x15=00000025
15835994ns          260101 1c008d5a 04f50863 beq              x10, x15, 80        x10:00000072 x15:00000025
15836013ns          260102 1c008d5e 01a005b3 add              x11, x0, x26        x11=00000002 x26:00000002
15836033ns          260103 1c008d60 000b00e7 jalr             x1, x22, 0           x1=1c008d62 x22:1c008c6c
15836073ns          260105 1c008c6c 000026b7 lui              x13, 0x2000         x13=00002000
15836093ns          260106 1c008c6e f14027f3 csrrs            x15, x0, 0xf14      x15=00000002
15836113ns          260107 1c008c72 f8068693 addi             x13, x13, -128      x13=00001f80 x13:00002000
15836133ns          260108 1c008c76 00379713 slli             x14, x15, 0x3       x14=00000010 x15:00000002
15836153ns          260109 1c008c7a 00279793 slli             x15, x15, 0x2       x15=00000008 x15:00000002
15836173ns          260110 1c008c7c 00d7f7b3 and              x15, x15, x13       x15=00000000 x15:00000008 x13:00001f80
15836192ns          260111 1c008c7e ee873733 p.bclr           x14, x14, 23, 8     x14=00000010 x14:00000010
15836212ns          260112 1c008c82 1a10f6b7 lui              x13, 0x1a10f000     x13=1a10f000
15836232ns          260113 1c008c86 0ff57513 andi             x10, x10, 255       x10=00000072 x10:00000072
15836252ns          260114 1c008c8a 00d70733 add              x14, x14, x13       x14=1a10f010 x14:00000010 x13:1a10f000
15836272ns          260115 1c008c8c 00a7e723 p.sw             x10, x0(x15)        x10:00000072 x15:00000000  PA:1a10f010
15836590ns          260131 1c008c90 00000513 addi             x10, x0, 0          x10=00000000
15836610ns          260132 1c008c92 00008067 jalr             x0, x1, 0            x1:1c008d62
15836670ns          260135 1c008d62 31f52563 p.beqimm         x10, 778            x10:00000000
15836690ns          260136 1c008d66 001d8d93 addi             x27, x27, 1         x27=0000000e x27:0000000d
15836710ns          260137 1c008d68 00044503 lbu              x10, 0(x8)          x10=0000006e  x8:1c000033  PA:1c000033
15837008ns          260152 1c008d6c 00140413 addi             x8, x8, 1            x8=1c000034  x8:1c000033
15837028ns          260153 1c008d6e fe0514e3 bne              x10, x0, -24        x10:0000006e
15837107ns          260157 1c008d56 02500793 addi             x15, x0, 37         x15=00000025
15837127ns          260158 1c008d5a 04f50863 beq              x10, x15, 80        x10:0000006e x15:00000025
15837147ns          260159 1c008d5e 01a005b3 add              x11, x0, x26        x11=00000002 x26:00000002
15837167ns          260160 1c008d60 000b00e7 jalr             x1, x22, 0           x1=1c008d62 x22:1c008c6c
15837207ns          260162 1c008c6c 000026b7 lui              x13, 0x2000         x13=00002000
15837227ns          260163 1c008c6e f14027f3 csrrs            x15, x0, 0xf14      x15=00000002
15837247ns          260164 1c008c72 f8068693 addi             x13, x13, -128      x13=00001f80 x13:00002000
15837267ns          260165 1c008c76 00379713 slli             x14, x15, 0x3       x14=00000010 x15:00000002
15837286ns          260166 1c008c7a 00279793 slli             x15, x15, 0x2       x15=00000008 x15:00000002
15837306ns          260167 1c008c7c 00d7f7b3 and              x15, x15, x13       x15=00000000 x15:00000008 x13:00001f80
15837326ns          260168 1c008c7e ee873733 p.bclr           x14, x14, 23, 8     x14=00000010 x14:00000010
15837346ns          260169 1c008c82 1a10f6b7 lui              x13, 0x1a10f000     x13=1a10f000
15837366ns          260170 1c008c86 0ff57513 andi             x10, x10, 255       x10=0000006e x10:0000006e
15837386ns          260171 1c008c8a 00d70733 add              x14, x14, x13       x14=1a10f010 x14:00000010 x13:1a10f000
15837406ns          260172 1c008c8c 00a7e723 p.sw             x10, x0(x15)        x10:0000006e x15:00000000  PA:1a10f010
15837744ns          260189 1c008c90 00000513 addi             x10, x0, 0          x10=00000000
15837764ns          260190 1c008c92 00008067 jalr             x0, x1, 0            x1:1c008d62
15837824ns          260193 1c008d62 31f52563 p.beqimm         x10, 778            x10:00000000
15837843ns          260194 1c008d66 001d8d93 addi             x27, x27, 1         x27=0000000f x27:0000000e
15837863ns          260195 1c008d68 00044503 lbu              x10, 0(x8)          x10=00000065  x8:1c000034  PA:1c000034
15838162ns          260210 1c008d6c 00140413 addi             x8, x8, 1            x8=1c000035  x8:1c000034
15838182ns          260211 1c008d6e fe0514e3 bne              x10, x0, -24        x10:00000065
15838261ns          260215 1c008d56 02500793 addi             x15, x0, 37         x15=00000025
15838281ns          260216 1c008d5a 04f50863 beq              x10, x15, 80        x10:00000065 x15:00000025
15838301ns          260217 1c008d5e 01a005b3 add              x11, x0, x26        x11=00000002 x26:00000002
15838321ns          260218 1c008d60 000b00e7 jalr             x1, x22, 0           x1=1c008d62 x22:1c008c6c
15838361ns          260220 1c008c6c 000026b7 lui              x13, 0x2000         x13=00002000
15838380ns          260221 1c008c6e f14027f3 csrrs            x15, x0, 0xf14      x15=00000002
15838400ns          260222 1c008c72 f8068693 addi             x13, x13, -128      x13=00001f80 x13:00002000
15838420ns          260223 1c008c76 00379713 slli             x14, x15, 0x3       x14=00000010 x15:00000002
15838440ns          260224 1c008c7a 00279793 slli             x15, x15, 0x2       x15=00000008 x15:00000002
15838460ns          260225 1c008c7c 00d7f7b3 and              x15, x15, x13       x15=00000000 x15:00000008 x13:00001f80
15838480ns          260226 1c008c7e ee873733 p.bclr           x14, x14, 23, 8     x14=00000010 x14:00000010
15838500ns          260227 1c008c82 1a10f6b7 lui              x13, 0x1a10f000     x13=1a10f000
15838520ns          260228 1c008c86 0ff57513 andi             x10, x10, 255       x10=00000065 x10:00000065
15838540ns          260229 1c008c8a 00d70733 add              x14, x14, x13       x14=1a10f010 x14:00000010 x13:1a10f000
15838559ns          260230 1c008c8c 00a7e723 p.sw             x10, x0(x15)        x10:00000065 x15:00000000  PA:1a10f010
15838878ns          260246 1c008c90 00000513 addi             x10, x0, 0          x10=00000000
15838898ns          260247 1c008c92 00008067 jalr             x0, x1, 0            x1:1c008d62
15838957ns          260250 1c008d62 31f52563 p.beqimm         x10, 778            x10:00000000
15838977ns          260251 1c008d66 001d8d93 addi             x27, x27, 1         x27=00000010 x27:0000000f
15838997ns          260252 1c008d68 00044503 lbu              x10, 0(x8)          x10=0000006c  x8:1c000035  PA:1c000035
15839295ns          260267 1c008d6c 00140413 addi             x8, x8, 1            x8=1c000036  x8:1c000035
15839315ns          260268 1c008d6e fe0514e3 bne              x10, x0, -24        x10:0000006c
15839395ns          260272 1c008d56 02500793 addi             x15, x0, 37         x15=00000025
15839415ns          260273 1c008d5a 04f50863 beq              x10, x15, 80        x10:0000006c x15:00000025
15839435ns          260274 1c008d5e 01a005b3 add              x11, x0, x26        x11=00000002 x26:00000002
15839455ns          260275 1c008d60 000b00e7 jalr             x1, x22, 0           x1=1c008d62 x22:1c008c6c
15839494ns          260277 1c008c6c 000026b7 lui              x13, 0x2000         x13=00002000
15839514ns          260278 1c008c6e f14027f3 csrrs            x15, x0, 0xf14      x15=00000002
15839534ns          260279 1c008c72 f8068693 addi             x13, x13, -128      x13=00001f80 x13:00002000
15839554ns          260280 1c008c76 00379713 slli             x14, x15, 0x3       x14=00000010 x15:00000002
15839574ns          260281 1c008c7a 00279793 slli             x15, x15, 0x2       x15=00000008 x15:00000002
15839594ns          260282 1c008c7c 00d7f7b3 and              x15, x15, x13       x15=00000000 x15:00000008 x13:00001f80
15839614ns          260283 1c008c7e ee873733 p.bclr           x14, x14, 23, 8     x14=00000010 x14:00000010
15839634ns          260284 1c008c82 1a10f6b7 lui              x13, 0x1a10f000     x13=1a10f000
15839653ns          260285 1c008c86 0ff57513 andi             x10, x10, 255       x10=0000006c x10:0000006c
15839673ns          260286 1c008c8a 00d70733 add              x14, x14, x13       x14=1a10f010 x14:00000010 x13:1a10f000
15839693ns          260287 1c008c8c 00a7e723 p.sw             x10, x0(x15)        x10:0000006c x15:00000000  PA:1a10f010
15840012ns          260303 1c008c90 00000513 addi             x10, x0, 0          x10=00000000
15840031ns          260304 1c008c92 00008067 jalr             x0, x1, 0            x1:1c008d62
15840091ns          260307 1c008d62 31f52563 p.beqimm         x10, 778            x10:00000000
15840111ns          260308 1c008d66 001d8d93 addi             x27, x27, 1         x27=00000011 x27:00000010
15840131ns          260309 1c008d68 00044503 lbu              x10, 0(x8)          x10=00000020  x8:1c000036  PA:1c000036
15840429ns          260324 1c008d6c 00140413 addi             x8, x8, 1            x8=1c000037  x8:1c000036
15840449ns          260325 1c008d6e fe0514e3 bne              x10, x0, -24        x10:00000020
15840529ns          260329 1c008d56 02500793 addi             x15, x0, 37         x15=00000025
15840549ns          260330 1c008d5a 04f50863 beq              x10, x15, 80        x10:00000020 x15:00000025
15840568ns          260331 1c008d5e 01a005b3 add              x11, x0, x26        x11=00000002 x26:00000002
15840588ns          260332 1c008d60 000b00e7 jalr             x1, x22, 0           x1=1c008d62 x22:1c008c6c
15840628ns          260334 1c008c6c 000026b7 lui              x13, 0x2000         x13=00002000
15840648ns          260335 1c008c6e f14027f3 csrrs            x15, x0, 0xf14      x15=00000002
15840668ns          260336 1c008c72 f8068693 addi             x13, x13, -128      x13=00001f80 x13:00002000
15840688ns          260337 1c008c76 00379713 slli             x14, x15, 0x3       x14=00000010 x15:00000002
15840708ns          260338 1c008c7a 00279793 slli             x15, x15, 0x2       x15=00000008 x15:00000002
15840728ns          260339 1c008c7c 00d7f7b3 and              x15, x15, x13       x15=00000000 x15:00000008 x13:00001f80
15840747ns          260340 1c008c7e ee873733 p.bclr           x14, x14, 23, 8     x14=00000010 x14:00000010
15840767ns          260341 1c008c82 1a10f6b7 lui              x13, 0x1a10f000     x13=1a10f000
15840787ns          260342 1c008c86 0ff57513 andi             x10, x10, 255       x10=00000020 x10:00000020
15840807ns          260343 1c008c8a 00d70733 add              x14, x14, x13       x14=1a10f010 x14:00000010 x13:1a10f000
15840827ns          260344 1c008c8c 00a7e723 p.sw             x10, x0(x15)        x10:00000020 x15:00000000  PA:1a10f010
15841165ns          260361 1c008c90 00000513 addi             x10, x0, 0          x10=00000000
15841185ns          260362 1c008c92 00008067 jalr             x0, x1, 0            x1:1c008d62
15841245ns          260365 1c008d62 31f52563 p.beqimm         x10, 778            x10:00000000
15841265ns          260366 1c008d66 001d8d93 addi             x27, x27, 1         x27=00000012 x27:00000011
15841285ns          260367 1c008d68 00044503 lbu              x10, 0(x8)          x10=00000069  x8:1c000037  PA:1c000037
15841583ns          260382 1c008d6c 00140413 addi             x8, x8, 1            x8=1c000038  x8:1c000037
15841603ns          260383 1c008d6e fe0514e3 bne              x10, x0, -24        x10:00000069
15841682ns          260387 1c008d56 02500793 addi             x15, x0, 37         x15=00000025
15841702ns          260388 1c008d5a 04f50863 beq              x10, x15, 80        x10:00000069 x15:00000025
15841722ns          260389 1c008d5e 01a005b3 add              x11, x0, x26        x11=00000002 x26:00000002
15841742ns          260390 1c008d60 000b00e7 jalr             x1, x22, 0           x1=1c008d62 x22:1c008c6c
15841782ns          260392 1c008c6c 000026b7 lui              x13, 0x2000         x13=00002000
15841802ns          260393 1c008c6e f14027f3 csrrs            x15, x0, 0xf14      x15=00000002
15841822ns          260394 1c008c72 f8068693 addi             x13, x13, -128      x13=00001f80 x13:00002000
15841841ns          260395 1c008c76 00379713 slli             x14, x15, 0x3       x14=00000010 x15:00000002
15841861ns          260396 1c008c7a 00279793 slli             x15, x15, 0x2       x15=00000008 x15:00000002
15841881ns          260397 1c008c7c 00d7f7b3 and              x15, x15, x13       x15=00000000 x15:00000008 x13:00001f80
15841901ns          260398 1c008c7e ee873733 p.bclr           x14, x14, 23, 8     x14=00000010 x14:00000010
15841921ns          260399 1c008c82 1a10f6b7 lui              x13, 0x1a10f000     x13=1a10f000
15841941ns          260400 1c008c86 0ff57513 andi             x10, x10, 255       x10=00000069 x10:00000069
15841961ns          260401 1c008c8a 00d70733 add              x14, x14, x13       x14=1a10f010 x14:00000010 x13:1a10f000
15841981ns          260402 1c008c8c 00a7e723 p.sw             x10, x0(x15)        x10:00000069 x15:00000000  PA:1a10f010
15842319ns          260419 1c008c90 00000513 addi             x10, x0, 0          x10=00000000
15842339ns          260420 1c008c92 00008067 jalr             x0, x1, 0            x1:1c008d62
15842398ns          260423 1c008d62 31f52563 p.beqimm         x10, 778            x10:00000000
15842418ns          260424 1c008d66 001d8d93 addi             x27, x27, 1         x27=00000013 x27:00000012
15842438ns          260425 1c008d68 00044503 lbu              x10, 0(x8)          x10=00000074  x8:1c000038  PA:1c000038
15842737ns          260440 1c008d6c 00140413 addi             x8, x8, 1            x8=1c000039  x8:1c000038
15842756ns          260441 1c008d6e fe0514e3 bne              x10, x0, -24        x10:00000074
15842836ns          260445 1c008d56 02500793 addi             x15, x0, 37         x15=00000025
15842856ns          260446 1c008d5a 04f50863 beq              x10, x15, 80        x10:00000074 x15:00000025
15842876ns          260447 1c008d5e 01a005b3 add              x11, x0, x26        x11=00000002 x26:00000002
15842896ns          260448 1c008d60 000b00e7 jalr             x1, x22, 0           x1=1c008d62 x22:1c008c6c
15842935ns          260450 1c008c6c 000026b7 lui              x13, 0x2000         x13=00002000
15842955ns          260451 1c008c6e f14027f3 csrrs            x15, x0, 0xf14      x15=00000002
15842975ns          260452 1c008c72 f8068693 addi             x13, x13, -128      x13=00001f80 x13:00002000
15842995ns          260453 1c008c76 00379713 slli             x14, x15, 0x3       x14=00000010 x15:00000002
15843015ns          260454 1c008c7a 00279793 slli             x15, x15, 0x2       x15=00000008 x15:00000002
15843035ns          260455 1c008c7c 00d7f7b3 and              x15, x15, x13       x15=00000000 x15:00000008 x13:00001f80
15843055ns          260456 1c008c7e ee873733 p.bclr           x14, x14, 23, 8     x14=00000010 x14:00000010
15843075ns          260457 1c008c82 1a10f6b7 lui              x13, 0x1a10f000     x13=1a10f000
15843095ns          260458 1c008c86 0ff57513 andi             x10, x10, 255       x10=00000074 x10:00000074
15843114ns          260459 1c008c8a 00d70733 add              x14, x14, x13       x14=1a10f010 x14:00000010 x13:1a10f000
15843134ns          260460 1c008c8c 00a7e723 p.sw             x10, x0(x15)        x10:00000074 x15:00000000  PA:1a10f010
15843453ns          260476 1c008c90 00000513 addi             x10, x0, 0          x10=00000000
15843472ns          260477 1c008c92 00008067 jalr             x0, x1, 0            x1:1c008d62
15843532ns          260480 1c008d62 31f52563 p.beqimm         x10, 778            x10:00000000
15843552ns          260481 1c008d66 001d8d93 addi             x27, x27, 1         x27=00000014 x27:00000013
15843572ns          260482 1c008d68 00044503 lbu              x10, 0(x8)          x10=00000065  x8:1c000039  PA:1c000039
15843870ns          260497 1c008d6c 00140413 addi             x8, x8, 1            x8=1c00003a  x8:1c000039
15843890ns          260498 1c008d6e fe0514e3 bne              x10, x0, -24        x10:00000065
15843970ns          260502 1c008d56 02500793 addi             x15, x0, 37         x15=00000025
15843990ns          260503 1c008d5a 04f50863 beq              x10, x15, 80        x10:00000065 x15:00000025
15844010ns          260504 1c008d5e 01a005b3 add              x11, x0, x26        x11=00000002 x26:00000002
15844029ns          260505 1c008d60 000b00e7 jalr             x1, x22, 0           x1=1c008d62 x22:1c008c6c
15844069ns          260507 1c008c6c 000026b7 lui              x13, 0x2000         x13=00002000
15844089ns          260508 1c008c6e f14027f3 csrrs            x15, x0, 0xf14      x15=00000002
15844109ns          260509 1c008c72 f8068693 addi             x13, x13, -128      x13=00001f80 x13:00002000
15844129ns          260510 1c008c76 00379713 slli             x14, x15, 0x3       x14=00000010 x15:00000002
15844149ns          260511 1c008c7a 00279793 slli             x15, x15, 0x2       x15=00000008 x15:00000002
15844169ns          260512 1c008c7c 00d7f7b3 and              x15, x15, x13       x15=00000000 x15:00000008 x13:00001f80
15844189ns          260513 1c008c7e ee873733 p.bclr           x14, x14, 23, 8     x14=00000010 x14:00000010
15844208ns          260514 1c008c82 1a10f6b7 lui              x13, 0x1a10f000     x13=1a10f000
15844228ns          260515 1c008c86 0ff57513 andi             x10, x10, 255       x10=00000065 x10:00000065
15844248ns          260516 1c008c8a 00d70733 add              x14, x14, x13       x14=1a10f010 x14:00000010 x13:1a10f000
15844268ns          260517 1c008c8c 00a7e723 p.sw             x10, x0(x15)        x10:00000065 x15:00000000  PA:1a10f010
15844586ns          260533 1c008c90 00000513 addi             x10, x0, 0          x10=00000000
15844606ns          260534 1c008c92 00008067 jalr             x0, x1, 0            x1:1c008d62
15844666ns          260537 1c008d62 31f52563 p.beqimm         x10, 778            x10:00000000
15844686ns          260538 1c008d66 001d8d93 addi             x27, x27, 1         x27=00000015 x27:00000014
15844706ns          260539 1c008d68 00044503 lbu              x10, 0(x8)          x10=00000072  x8:1c00003a  PA:1c00003a
15845004ns          260554 1c008d6c 00140413 addi             x8, x8, 1            x8=1c00003b  x8:1c00003a
15845024ns          260555 1c008d6e fe0514e3 bne              x10, x0, -24        x10:00000072
15845104ns          260559 1c008d56 02500793 addi             x15, x0, 37         x15=00000025
15845123ns          260560 1c008d5a 04f50863 beq              x10, x15, 80        x10:00000072 x15:00000025
15845143ns          260561 1c008d5e 01a005b3 add              x11, x0, x26        x11=00000002 x26:00000002
15845163ns          260562 1c008d60 000b00e7 jalr             x1, x22, 0           x1=1c008d62 x22:1c008c6c
15845203ns          260564 1c008c6c 000026b7 lui              x13, 0x2000         x13=00002000
15845223ns          260565 1c008c6e f14027f3 csrrs            x15, x0, 0xf14      x15=00000002
15845243ns          260566 1c008c72 f8068693 addi             x13, x13, -128      x13=00001f80 x13:00002000
15845263ns          260567 1c008c76 00379713 slli             x14, x15, 0x3       x14=00000010 x15:00000002
15845283ns          260568 1c008c7a 00279793 slli             x15, x15, 0x2       x15=00000008 x15:00000002
15845302ns          260569 1c008c7c 00d7f7b3 and              x15, x15, x13       x15=00000000 x15:00000008 x13:00001f80
15845322ns          260570 1c008c7e ee873733 p.bclr           x14, x14, 23, 8     x14=00000010 x14:00000010
15845342ns          260571 1c008c82 1a10f6b7 lui              x13, 0x1a10f000     x13=1a10f000
15845362ns          260572 1c008c86 0ff57513 andi             x10, x10, 255       x10=00000072 x10:00000072
15845382ns          260573 1c008c8a 00d70733 add              x14, x14, x13       x14=1a10f010 x14:00000010 x13:1a10f000
15845402ns          260574 1c008c8c 00a7e723 p.sw             x10, x0(x15)        x10:00000072 x15:00000000  PA:1a10f010
15845740ns          260591 1c008c90 00000513 addi             x10, x0, 0          x10=00000000
15845760ns          260592 1c008c92 00008067 jalr             x0, x1, 0            x1:1c008d62
15845820ns          260595 1c008d62 31f52563 p.beqimm         x10, 778            x10:00000000
15845839ns          260596 1c008d66 001d8d93 addi             x27, x27, 1         x27=00000016 x27:00000015
15845859ns          260597 1c008d68 00044503 lbu              x10, 0(x8)          x10=00000061  x8:1c00003b  PA:1c00003b
15846158ns          260612 1c008d6c 00140413 addi             x8, x8, 1            x8=1c00003c  x8:1c00003b
15846178ns          260613 1c008d6e fe0514e3 bne              x10, x0, -24        x10:00000061
15846257ns          260617 1c008d56 02500793 addi             x15, x0, 37         x15=00000025
15846277ns          260618 1c008d5a 04f50863 beq              x10, x15, 80        x10:00000061 x15:00000025
15846297ns          260619 1c008d5e 01a005b3 add              x11, x0, x26        x11=00000002 x26:00000002
15846317ns          260620 1c008d60 000b00e7 jalr             x1, x22, 0           x1=1c008d62 x22:1c008c6c
15846357ns          260622 1c008c6c 000026b7 lui              x13, 0x2000         x13=00002000
15846377ns          260623 1c008c6e f14027f3 csrrs            x15, x0, 0xf14      x15=00000002
15846396ns          260624 1c008c72 f8068693 addi             x13, x13, -128      x13=00001f80 x13:00002000
15846416ns          260625 1c008c76 00379713 slli             x14, x15, 0x3       x14=00000010 x15:00000002
15846436ns          260626 1c008c7a 00279793 slli             x15, x15, 0x2       x15=00000008 x15:00000002
15846456ns          260627 1c008c7c 00d7f7b3 and              x15, x15, x13       x15=00000000 x15:00000008 x13:00001f80
15846476ns          260628 1c008c7e ee873733 p.bclr           x14, x14, 23, 8     x14=00000010 x14:00000010
15846496ns          260629 1c008c82 1a10f6b7 lui              x13, 0x1a10f000     x13=1a10f000
15846516ns          260630 1c008c86 0ff57513 andi             x10, x10, 255       x10=00000061 x10:00000061
15846536ns          260631 1c008c8a 00d70733 add              x14, x14, x13       x14=1a10f010 x14:00000010 x13:1a10f000
15846556ns          260632 1c008c8c 00a7e723 p.sw             x10, x0(x15)        x10:00000061 x15:00000000  PA:1a10f010
15846874ns          260648 1c008c90 00000513 addi             x10, x0, 0          x10=00000000
15846894ns          260649 1c008c92 00008067 jalr             x0, x1, 0            x1:1c008d62
15846953ns          260652 1c008d62 31f52563 p.beqimm         x10, 778            x10:00000000
15846973ns          260653 1c008d66 001d8d93 addi             x27, x27, 1         x27=00000017 x27:00000016
15846993ns          260654 1c008d68 00044503 lbu              x10, 0(x8)          x10=00000074  x8:1c00003c  PA:1c00003c
15847292ns          260669 1c008d6c 00140413 addi             x8, x8, 1            x8=1c00003d  x8:1c00003c
15847311ns          260670 1c008d6e fe0514e3 bne              x10, x0, -24        x10:00000074
15847391ns          260674 1c008d56 02500793 addi             x15, x0, 37         x15=00000025
15847411ns          260675 1c008d5a 04f50863 beq              x10, x15, 80        x10:00000074 x15:00000025
15847431ns          260676 1c008d5e 01a005b3 add              x11, x0, x26        x11=00000002 x26:00000002
15847451ns          260677 1c008d60 000b00e7 jalr             x1, x22, 0           x1=1c008d62 x22:1c008c6c
15847490ns          260679 1c008c6c 000026b7 lui              x13, 0x2000         x13=00002000
15847510ns          260680 1c008c6e f14027f3 csrrs            x15, x0, 0xf14      x15=00000002
15847530ns          260681 1c008c72 f8068693 addi             x13, x13, -128      x13=00001f80 x13:00002000
15847550ns          260682 1c008c76 00379713 slli             x14, x15, 0x3       x14=00000010 x15:00000002
15847570ns          260683 1c008c7a 00279793 slli             x15, x15, 0x2       x15=00000008 x15:00000002
15847590ns          260684 1c008c7c 00d7f7b3 and              x15, x15, x13       x15=00000000 x15:00000008 x13:00001f80
15847610ns          260685 1c008c7e ee873733 p.bclr           x14, x14, 23, 8     x14=00000010 x14:00000010
15847630ns          260686 1c008c82 1a10f6b7 lui              x13, 0x1a10f000     x13=1a10f000
15847650ns          260687 1c008c86 0ff57513 andi             x10, x10, 255       x10=00000074 x10:00000074
15847669ns          260688 1c008c8a 00d70733 add              x14, x14, x13       x14=1a10f010 x14:00000010 x13:1a10f000
15847689ns          260689 1c008c8c 00a7e723 p.sw             x10, x0(x15)        x10:00000074 x15:00000000  PA:1a10f010
15848008ns          260705 1c008c90 00000513 addi             x10, x0, 0          x10=00000000
15848027ns          260706 1c008c92 00008067 jalr             x0, x1, 0            x1:1c008d62
15848087ns          260709 1c008d62 31f52563 p.beqimm         x10, 778            x10:00000000
15848107ns          260710 1c008d66 001d8d93 addi             x27, x27, 1         x27=00000018 x27:00000017
15848127ns          260711 1c008d68 00044503 lbu              x10, 0(x8)          x10=00000069  x8:1c00003d  PA:1c00003d
15848425ns          260726 1c008d6c 00140413 addi             x8, x8, 1            x8=1c00003e  x8:1c00003d
15848445ns          260727 1c008d6e fe0514e3 bne              x10, x0, -24        x10:00000069
15848525ns          260731 1c008d56 02500793 addi             x15, x0, 37         x15=00000025
15848545ns          260732 1c008d5a 04f50863 beq              x10, x15, 80        x10:00000069 x15:00000025
15848565ns          260733 1c008d5e 01a005b3 add              x11, x0, x26        x11=00000002 x26:00000002
15848584ns          260734 1c008d60 000b00e7 jalr             x1, x22, 0           x1=1c008d62 x22:1c008c6c
15848624ns          260736 1c008c6c 000026b7 lui              x13, 0x2000         x13=00002000
15848644ns          260737 1c008c6e f14027f3 csrrs            x15, x0, 0xf14      x15=00000002
15848664ns          260738 1c008c72 f8068693 addi             x13, x13, -128      x13=00001f80 x13:00002000
15848684ns          260739 1c008c76 00379713 slli             x14, x15, 0x3       x14=00000010 x15:00000002
15848704ns          260740 1c008c7a 00279793 slli             x15, x15, 0x2       x15=00000008 x15:00000002
15848724ns          260741 1c008c7c 00d7f7b3 and              x15, x15, x13       x15=00000000 x15:00000008 x13:00001f80
15848744ns          260742 1c008c7e ee873733 p.bclr           x14, x14, 23, 8     x14=00000010 x14:00000010
15848763ns          260743 1c008c82 1a10f6b7 lui              x13, 0x1a10f000     x13=1a10f000
15848783ns          260744 1c008c86 0ff57513 andi             x10, x10, 255       x10=00000069 x10:00000069
15848803ns          260745 1c008c8a 00d70733 add              x14, x14, x13       x14=1a10f010 x14:00000010 x13:1a10f000
15848823ns          260746 1c008c8c 00a7e723 p.sw             x10, x0(x15)        x10:00000069 x15:00000000  PA:1a10f010
15849161ns          260763 1c008c90 00000513 addi             x10, x0, 0          x10=00000000
15849181ns          260764 1c008c92 00008067 jalr             x0, x1, 0            x1:1c008d62
15849241ns          260767 1c008d62 31f52563 p.beqimm         x10, 778            x10:00000000
15849261ns          260768 1c008d66 001d8d93 addi             x27, x27, 1         x27=00000019 x27:00000018
15849281ns          260769 1c008d68 00044503 lbu              x10, 0(x8)          x10=0000006f  x8:1c00003e  PA:1c00003e
15849579ns          260784 1c008d6c 00140413 addi             x8, x8, 1            x8=1c00003f  x8:1c00003e
15849599ns          260785 1c008d6e fe0514e3 bne              x10, x0, -24        x10:0000006f
15849678ns          260789 1c008d56 02500793 addi             x15, x0, 37         x15=00000025
15849698ns          260790 1c008d5a 04f50863 beq              x10, x15, 80        x10:0000006f x15:00000025
15849718ns          260791 1c008d5e 01a005b3 add              x11, x0, x26        x11=00000002 x26:00000002
15849738ns          260792 1c008d60 000b00e7 jalr             x1, x22, 0           x1=1c008d62 x22:1c008c6c
15849778ns          260794 1c008c6c 000026b7 lui              x13, 0x2000         x13=00002000
15849798ns          260795 1c008c6e f14027f3 csrrs            x15, x0, 0xf14      x15=00000002
15849818ns          260796 1c008c72 f8068693 addi             x13, x13, -128      x13=00001f80 x13:00002000
15849838ns          260797 1c008c76 00379713 slli             x14, x15, 0x3       x14=00000010 x15:00000002
15849857ns          260798 1c008c7a 00279793 slli             x15, x15, 0x2       x15=00000008 x15:00000002
15849877ns          260799 1c008c7c 00d7f7b3 and              x15, x15, x13       x15=00000000 x15:00000008 x13:00001f80
15849897ns          260800 1c008c7e ee873733 p.bclr           x14, x14, 23, 8     x14=00000010 x14:00000010
15849917ns          260801 1c008c82 1a10f6b7 lui              x13, 0x1a10f000     x13=1a10f000
15849937ns          260802 1c008c86 0ff57513 andi             x10, x10, 255       x10=0000006f x10:0000006f
15849957ns          260803 1c008c8a 00d70733 add              x14, x14, x13       x14=1a10f010 x14:00000010 x13:1a10f000
15849977ns          260804 1c008c8c 00a7e723 p.sw             x10, x0(x15)        x10:0000006f x15:00000000  PA:1a10f010
15850315ns          260821 1c008c90 00000513 addi             x10, x0, 0          x10=00000000
15850335ns          260822 1c008c92 00008067 jalr             x0, x1, 0            x1:1c008d62
15850394ns          260825 1c008d62 31f52563 p.beqimm         x10, 778            x10:00000000
15850414ns          260826 1c008d66 001d8d93 addi             x27, x27, 1         x27=0000001a x27:00000019
15850434ns          260827 1c008d68 00044503 lbu              x10, 0(x8)          x10=0000006e  x8:1c00003f  PA:1c00003f
15850733ns          260842 1c008d6c 00140413 addi             x8, x8, 1            x8=1c000040  x8:1c00003f
15850753ns          260843 1c008d6e fe0514e3 bne              x10, x0, -24        x10:0000006e
15850832ns          260847 1c008d56 02500793 addi             x15, x0, 37         x15=00000025
15850852ns          260848 1c008d5a 04f50863 beq              x10, x15, 80        x10:0000006e x15:00000025
15850872ns          260849 1c008d5e 01a005b3 add              x11, x0, x26        x11=00000002 x26:00000002
15850892ns          260850 1c008d60 000b00e7 jalr             x1, x22, 0           x1=1c008d62 x22:1c008c6c
15850932ns          260852 1c008c6c 000026b7 lui              x13, 0x2000         x13=00002000
15850951ns          260853 1c008c6e f14027f3 csrrs            x15, x0, 0xf14      x15=00000002
15850971ns          260854 1c008c72 f8068693 addi             x13, x13, -128      x13=00001f80 x13:00002000
15850991ns          260855 1c008c76 00379713 slli             x14, x15, 0x3       x14=00000010 x15:00000002
15851011ns          260856 1c008c7a 00279793 slli             x15, x15, 0x2       x15=00000008 x15:00000002
15851031ns          260857 1c008c7c 00d7f7b3 and              x15, x15, x13       x15=00000000 x15:00000008 x13:00001f80
15851051ns          260858 1c008c7e ee873733 p.bclr           x14, x14, 23, 8     x14=00000010 x14:00000010
15851071ns          260859 1c008c82 1a10f6b7 lui              x13, 0x1a10f000     x13=1a10f000
15851091ns          260860 1c008c86 0ff57513 andi             x10, x10, 255       x10=0000006e x10:0000006e
15851111ns          260861 1c008c8a 00d70733 add              x14, x14, x13       x14=1a10f010 x14:00000010 x13:1a10f000
15851130ns          260862 1c008c8c 00a7e723 p.sw             x10, x0(x15)        x10:0000006e x15:00000000  PA:1a10f010
15851449ns          260878 1c008c90 00000513 addi             x10, x0, 0          x10=00000000
15851469ns          260879 1c008c92 00008067 jalr             x0, x1, 0            x1:1c008d62
15851528ns          260882 1c008d62 31f52563 p.beqimm         x10, 778            x10:00000000
15851548ns          260883 1c008d66 001d8d93 addi             x27, x27, 1         x27=0000001b x27:0000001a
15851568ns          260884 1c008d68 00044503 lbu              x10, 0(x8)          x10=00000073  x8:1c000040  PA:1c000040
15851866ns          260899 1c008d6c 00140413 addi             x8, x8, 1            x8=1c000041  x8:1c000040
15851886ns          260900 1c008d6e fe0514e3 bne              x10, x0, -24        x10:00000073
15851966ns          260904 1c008d56 02500793 addi             x15, x0, 37         x15=00000025
15851986ns          260905 1c008d5a 04f50863 beq              x10, x15, 80        x10:00000073 x15:00000025
15852006ns          260906 1c008d5e 01a005b3 add              x11, x0, x26        x11=00000002 x26:00000002
15852026ns          260907 1c008d60 000b00e7 jalr             x1, x22, 0           x1=1c008d62 x22:1c008c6c
15852065ns          260909 1c008c6c 000026b7 lui              x13, 0x2000         x13=00002000
15852085ns          260910 1c008c6e f14027f3 csrrs            x15, x0, 0xf14      x15=00000002
15852105ns          260911 1c008c72 f8068693 addi             x13, x13, -128      x13=00001f80 x13:00002000
15852125ns          260912 1c008c76 00379713 slli             x14, x15, 0x3       x14=00000010 x15:00000002
15852145ns          260913 1c008c7a 00279793 slli             x15, x15, 0x2       x15=00000008 x15:00000002
15852165ns          260914 1c008c7c 00d7f7b3 and              x15, x15, x13       x15=00000000 x15:00000008 x13:00001f80
15852185ns          260915 1c008c7e ee873733 p.bclr           x14, x14, 23, 8     x14=00000010 x14:00000010
15852205ns          260916 1c008c82 1a10f6b7 lui              x13, 0x1a10f000     x13=1a10f000
15852224ns          260917 1c008c86 0ff57513 andi             x10, x10, 255       x10=00000073 x10:00000073
15852244ns          260918 1c008c8a 00d70733 add              x14, x14, x13       x14=1a10f010 x14:00000010 x13:1a10f000
15852264ns          260919 1c008c8c 00a7e723 p.sw             x10, x0(x15)        x10:00000073 x15:00000000  PA:1a10f010
15852582ns          260935 1c008c90 00000513 addi             x10, x0, 0          x10=00000000
15852602ns          260936 1c008c92 00008067 jalr             x0, x1, 0            x1:1c008d62
15852662ns          260939 1c008d62 31f52563 p.beqimm         x10, 778            x10:00000000
15852682ns          260940 1c008d66 001d8d93 addi             x27, x27, 1         x27=0000001c x27:0000001b
15852702ns          260941 1c008d68 00044503 lbu              x10, 0(x8)          x10=0000002e  x8:1c000041  PA:1c000041
15853000ns          260956 1c008d6c 00140413 addi             x8, x8, 1            x8=1c000042  x8:1c000041
15853020ns          260957 1c008d6e fe0514e3 bne              x10, x0, -24        x10:0000002e
15853100ns          260961 1c008d56 02500793 addi             x15, x0, 37         x15=00000025
15853120ns          260962 1c008d5a 04f50863 beq              x10, x15, 80        x10:0000002e x15:00000025
15853139ns          260963 1c008d5e 01a005b3 add              x11, x0, x26        x11=00000002 x26:00000002
15853159ns          260964 1c008d60 000b00e7 jalr             x1, x22, 0           x1=1c008d62 x22:1c008c6c
15853199ns          260966 1c008c6c 000026b7 lui              x13, 0x2000         x13=00002000
15853219ns          260967 1c008c6e f14027f3 csrrs            x15, x0, 0xf14      x15=00000002
15853239ns          260968 1c008c72 f8068693 addi             x13, x13, -128      x13=00001f80 x13:00002000
15853259ns          260969 1c008c76 00379713 slli             x14, x15, 0x3       x14=00000010 x15:00000002
15853279ns          260970 1c008c7a 00279793 slli             x15, x15, 0x2       x15=00000008 x15:00000002
15853299ns          260971 1c008c7c 00d7f7b3 and              x15, x15, x13       x15=00000000 x15:00000008 x13:00001f80
15853318ns          260972 1c008c7e ee873733 p.bclr           x14, x14, 23, 8     x14=00000010 x14:00000010
15853338ns          260973 1c008c82 1a10f6b7 lui              x13, 0x1a10f000     x13=1a10f000
15853358ns          260974 1c008c86 0ff57513 andi             x10, x10, 255       x10=0000002e x10:0000002e
15853378ns          260975 1c008c8a 00d70733 add              x14, x14, x13       x14=1a10f010 x14:00000010 x13:1a10f000
15853398ns          260976 1c008c8c 00a7e723 p.sw             x10, x0(x15)        x10:0000002e x15:00000000  PA:1a10f010
15853736ns          260993 1c008c90 00000513 addi             x10, x0, 0          x10=00000000
15853756ns          260994 1c008c92 00008067 jalr             x0, x1, 0            x1:1c008d62
15853816ns          260997 1c008d62 31f52563 p.beqimm         x10, 778            x10:00000000
15853836ns          260998 1c008d66 001d8d93 addi             x27, x27, 1         x27=0000001d x27:0000001c
15853855ns          260999 1c008d68 00044503 lbu              x10, 0(x8)          x10=0000002e  x8:1c000042  PA:1c000042
15854154ns          261014 1c008d6c 00140413 addi             x8, x8, 1            x8=1c000043  x8:1c000042
15854174ns          261015 1c008d6e fe0514e3 bne              x10, x0, -24        x10:0000002e
15854253ns          261019 1c008d56 02500793 addi             x15, x0, 37         x15=00000025
15854273ns          261020 1c008d5a 04f50863 beq              x10, x15, 80        x10:0000002e x15:00000025
15854293ns          261021 1c008d5e 01a005b3 add              x11, x0, x26        x11=00000002 x26:00000002
15854313ns          261022 1c008d60 000b00e7 jalr             x1, x22, 0           x1=1c008d62 x22:1c008c6c
15854353ns          261024 1c008c6c 000026b7 lui              x13, 0x2000         x13=00002000
15854373ns          261025 1c008c6e f14027f3 csrrs            x15, x0, 0xf14      x15=00000002
15854393ns          261026 1c008c72 f8068693 addi             x13, x13, -128      x13=00001f80 x13:00002000
15854412ns          261027 1c008c76 00379713 slli             x14, x15, 0x3       x14=00000010 x15:00000002
15854432ns          261028 1c008c7a 00279793 slli             x15, x15, 0x2       x15=00000008 x15:00000002
15854452ns          261029 1c008c7c 00d7f7b3 and              x15, x15, x13       x15=00000000 x15:00000008 x13:00001f80
15854472ns          261030 1c008c7e ee873733 p.bclr           x14, x14, 23, 8     x14=00000010 x14:00000010
15854492ns          261031 1c008c82 1a10f6b7 lui              x13, 0x1a10f000     x13=1a10f000
15854512ns          261032 1c008c86 0ff57513 andi             x10, x10, 255       x10=0000002e x10:0000002e
15854532ns          261033 1c008c8a 00d70733 add              x14, x14, x13       x14=1a10f010 x14:00000010 x13:1a10f000
15854552ns          261034 1c008c8c 00a7e723 p.sw             x10, x0(x15)        x10:0000002e x15:00000000  PA:1a10f010
15854870ns          261050 1c008c90 00000513 addi             x10, x0, 0          x10=00000000
15854890ns          261051 1c008c92 00008067 jalr             x0, x1, 0            x1:1c008d62
15854949ns          261054 1c008d62 31f52563 p.beqimm         x10, 778            x10:00000000
15854969ns          261055 1c008d66 001d8d93 addi             x27, x27, 1         x27=0000001e x27:0000001d
15854989ns          261056 1c008d68 00044503 lbu              x10, 0(x8)          x10=0000002e  x8:1c000043  PA:1c000043
15855288ns          261071 1c008d6c 00140413 addi             x8, x8, 1            x8=1c000044  x8:1c000043
15855307ns          261072 1c008d6e fe0514e3 bne              x10, x0, -24        x10:0000002e
15855387ns          261076 1c008d56 02500793 addi             x15, x0, 37         x15=00000025
15855407ns          261077 1c008d5a 04f50863 beq              x10, x15, 80        x10:0000002e x15:00000025
15855427ns          261078 1c008d5e 01a005b3 add              x11, x0, x26        x11=00000002 x26:00000002
15855447ns          261079 1c008d60 000b00e7 jalr             x1, x22, 0           x1=1c008d62 x22:1c008c6c
15855487ns          261081 1c008c6c 000026b7 lui              x13, 0x2000         x13=00002000
15855506ns          261082 1c008c6e f14027f3 csrrs            x15, x0, 0xf14      x15=00000002
15855526ns          261083 1c008c72 f8068693 addi             x13, x13, -128      x13=00001f80 x13:00002000
15855546ns          261084 1c008c76 00379713 slli             x14, x15, 0x3       x14=00000010 x15:00000002
15855566ns          261085 1c008c7a 00279793 slli             x15, x15, 0x2       x15=00000008 x15:00000002
15855586ns          261086 1c008c7c 00d7f7b3 and              x15, x15, x13       x15=00000000 x15:00000008 x13:00001f80
15855606ns          261087 1c008c7e ee873733 p.bclr           x14, x14, 23, 8     x14=00000010 x14:00000010
15855626ns          261088 1c008c82 1a10f6b7 lui              x13, 0x1a10f000     x13=1a10f000
15855646ns          261089 1c008c86 0ff57513 andi             x10, x10, 255       x10=0000002e x10:0000002e
15855666ns          261090 1c008c8a 00d70733 add              x14, x14, x13       x14=1a10f010 x14:00000010 x13:1a10f000
15855685ns          261091 1c008c8c 00a7e723 p.sw             x10, x0(x15)        x10:0000002e x15:00000000  PA:1a10f010
15856004ns          261107 1c008c90 00000513 addi             x10, x0, 0          x10=00000000
15856024ns          261108 1c008c92 00008067 jalr             x0, x1, 0            x1:1c008d62
15856083ns          261111 1c008d62 31f52563 p.beqimm         x10, 778            x10:00000000
15856103ns          261112 1c008d66 001d8d93 addi             x27, x27, 1         x27=0000001f x27:0000001e
15856123ns          261113 1c008d68 00044503 lbu              x10, 0(x8)          x10=00000020  x8:1c000044  PA:1c000044
15856421ns          261128 1c008d6c 00140413 addi             x8, x8, 1            x8=1c000045  x8:1c000044
15856441ns          261129 1c008d6e fe0514e3 bne              x10, x0, -24        x10:00000020
15856521ns          261133 1c008d56 02500793 addi             x15, x0, 37         x15=00000025
15856541ns          261134 1c008d5a 04f50863 beq              x10, x15, 80        x10:00000020 x15:00000025
15856561ns          261135 1c008d5e 01a005b3 add              x11, x0, x26        x11=00000002 x26:00000002
15856580ns          261136 1c008d60 000b00e7 jalr             x1, x22, 0           x1=1c008d62 x22:1c008c6c
15856620ns          261138 1c008c6c 000026b7 lui              x13, 0x2000         x13=00002000
15856640ns          261139 1c008c6e f14027f3 csrrs            x15, x0, 0xf14      x15=00000002
15856660ns          261140 1c008c72 f8068693 addi             x13, x13, -128      x13=00001f80 x13:00002000
15856680ns          261141 1c008c76 00379713 slli             x14, x15, 0x3       x14=00000010 x15:00000002
15856700ns          261142 1c008c7a 00279793 slli             x15, x15, 0x2       x15=00000008 x15:00000002
15856720ns          261143 1c008c7c 00d7f7b3 and              x15, x15, x13       x15=00000000 x15:00000008 x13:00001f80
15856740ns          261144 1c008c7e ee873733 p.bclr           x14, x14, 23, 8     x14=00000010 x14:00000010
15856760ns          261145 1c008c82 1a10f6b7 lui              x13, 0x1a10f000     x13=1a10f000
15856779ns          261146 1c008c86 0ff57513 andi             x10, x10, 255       x10=00000020 x10:00000020
15856799ns          261147 1c008c8a 00d70733 add              x14, x14, x13       x14=1a10f010 x14:00000010 x13:1a10f000
15856819ns          261148 1c008c8c 00a7e723 p.sw             x10, x0(x15)        x10:00000020 x15:00000000  PA:1a10f010
15857157ns          261165 1c008c90 00000513 addi             x10, x0, 0          x10=00000000
15857177ns          261166 1c008c92 00008067 jalr             x0, x1, 0            x1:1c008d62
15857237ns          261169 1c008d62 31f52563 p.beqimm         x10, 778            x10:00000000
15857257ns          261170 1c008d66 001d8d93 addi             x27, x27, 1         x27=00000020 x27:0000001f
15857277ns          261171 1c008d68 00044503 lbu              x10, 0(x8)          x10=00000028  x8:1c000045  PA:1c000045
15857575ns          261186 1c008d6c 00140413 addi             x8, x8, 1            x8=1c000046  x8:1c000045
15857595ns          261187 1c008d6e fe0514e3 bne              x10, x0, -24        x10:00000028
15857674ns          261191 1c008d56 02500793 addi             x15, x0, 37         x15=00000025
15857694ns          261192 1c008d5a 04f50863 beq              x10, x15, 80        x10:00000028 x15:00000025
15857714ns          261193 1c008d5e 01a005b3 add              x11, x0, x26        x11=00000002 x26:00000002
15857734ns          261194 1c008d60 000b00e7 jalr             x1, x22, 0           x1=1c008d62 x22:1c008c6c
15857774ns          261196 1c008c6c 000026b7 lui              x13, 0x2000         x13=00002000
15857794ns          261197 1c008c6e f14027f3 csrrs            x15, x0, 0xf14      x15=00000002
15857814ns          261198 1c008c72 f8068693 addi             x13, x13, -128      x13=00001f80 x13:00002000
15857834ns          261199 1c008c76 00379713 slli             x14, x15, 0x3       x14=00000010 x15:00000002
15857854ns          261200 1c008c7a 00279793 slli             x15, x15, 0x2       x15=00000008 x15:00000002
15857873ns          261201 1c008c7c 00d7f7b3 and              x15, x15, x13       x15=00000000 x15:00000008 x13:00001f80
15857893ns          261202 1c008c7e ee873733 p.bclr           x14, x14, 23, 8     x14=00000010 x14:00000010
15857913ns          261203 1c008c82 1a10f6b7 lui              x13, 0x1a10f000     x13=1a10f000
15857933ns          261204 1c008c86 0ff57513 andi             x10, x10, 255       x10=00000028 x10:00000028
15857953ns          261205 1c008c8a 00d70733 add              x14, x14, x13       x14=1a10f010 x14:00000010 x13:1a10f000
15857973ns          261206 1c008c8c 00a7e723 p.sw             x10, x0(x15)        x10:00000028 x15:00000000  PA:1a10f010
15858311ns          261223 1c008c90 00000513 addi             x10, x0, 0          x10=00000000
15858331ns          261224 1c008c92 00008067 jalr             x0, x1, 0            x1:1c008d62
15858391ns          261227 1c008d62 31f52563 p.beqimm         x10, 778            x10:00000000
15858410ns          261228 1c008d66 001d8d93 addi             x27, x27, 1         x27=00000021 x27:00000020
15858430ns          261229 1c008d68 00044503 lbu              x10, 0(x8)          x10=00000063  x8:1c000046  PA:1c000046
15858729ns          261244 1c008d6c 00140413 addi             x8, x8, 1            x8=1c000047  x8:1c000046
15858749ns          261245 1c008d6e fe0514e3 bne              x10, x0, -24        x10:00000063
15858828ns          261249 1c008d56 02500793 addi             x15, x0, 37         x15=00000025
15858848ns          261250 1c008d5a 04f50863 beq              x10, x15, 80        x10:00000063 x15:00000025
15858868ns          261251 1c008d5e 01a005b3 add              x11, x0, x26        x11=00000002 x26:00000002
15858888ns          261252 1c008d60 000b00e7 jalr             x1, x22, 0           x1=1c008d62 x22:1c008c6c
15858928ns          261254 1c008c6c 000026b7 lui              x13, 0x2000         x13=00002000
15858947ns          261255 1c008c6e f14027f3 csrrs            x15, x0, 0xf14      x15=00000002
15858967ns          261256 1c008c72 f8068693 addi             x13, x13, -128      x13=00001f80 x13:00002000
15858987ns          261257 1c008c76 00379713 slli             x14, x15, 0x3       x14=00000010 x15:00000002
15859007ns          261258 1c008c7a 00279793 slli             x15, x15, 0x2       x15=00000008 x15:00000002
15859027ns          261259 1c008c7c 00d7f7b3 and              x15, x15, x13       x15=00000000 x15:00000008 x13:00001f80
15859047ns          261260 1c008c7e ee873733 p.bclr           x14, x14, 23, 8     x14=00000010 x14:00000010
15859067ns          261261 1c008c82 1a10f6b7 lui              x13, 0x1a10f000     x13=1a10f000
15859087ns          261262 1c008c86 0ff57513 andi             x10, x10, 255       x10=00000063 x10:00000063
15859107ns          261263 1c008c8a 00d70733 add              x14, x14, x13       x14=1a10f010 x14:00000010 x13:1a10f000
15859127ns          261264 1c008c8c 00a7e723 p.sw             x10, x0(x15)        x10:00000063 x15:00000000  PA:1a10f010
15859445ns          261280 1c008c90 00000513 addi             x10, x0, 0          x10=00000000
15859465ns          261281 1c008c92 00008067 jalr             x0, x1, 0            x1:1c008d62
15859524ns          261284 1c008d62 31f52563 p.beqimm         x10, 778            x10:00000000
15859544ns          261285 1c008d66 001d8d93 addi             x27, x27, 1         x27=00000022 x27:00000021
15859564ns          261286 1c008d68 00044503 lbu              x10, 0(x8)          x10=0000006f  x8:1c000047  PA:1c000047
15859862ns          261301 1c008d6c 00140413 addi             x8, x8, 1            x8=1c000048  x8:1c000047
15859882ns          261302 1c008d6e fe0514e3 bne              x10, x0, -24        x10:0000006f
15859962ns          261306 1c008d56 02500793 addi             x15, x0, 37         x15=00000025
15859982ns          261307 1c008d5a 04f50863 beq              x10, x15, 80        x10:0000006f x15:00000025
15860002ns          261308 1c008d5e 01a005b3 add              x11, x0, x26        x11=00000002 x26:00000002
15860022ns          261309 1c008d60 000b00e7 jalr             x1, x22, 0           x1=1c008d62 x22:1c008c6c
15860061ns          261311 1c008c6c 000026b7 lui              x13, 0x2000         x13=00002000
15860081ns          261312 1c008c6e f14027f3 csrrs            x15, x0, 0xf14      x15=00000002
15860101ns          261313 1c008c72 f8068693 addi             x13, x13, -128      x13=00001f80 x13:00002000
15860121ns          261314 1c008c76 00379713 slli             x14, x15, 0x3       x14=00000010 x15:00000002
15860141ns          261315 1c008c7a 00279793 slli             x15, x15, 0x2       x15=00000008 x15:00000002
15860161ns          261316 1c008c7c 00d7f7b3 and              x15, x15, x13       x15=00000000 x15:00000008 x13:00001f80
15860181ns          261317 1c008c7e ee873733 p.bclr           x14, x14, 23, 8     x14=00000010 x14:00000010
15860201ns          261318 1c008c82 1a10f6b7 lui              x13, 0x1a10f000     x13=1a10f000
15860221ns          261319 1c008c86 0ff57513 andi             x10, x10, 255       x10=0000006f x10:0000006f
15860240ns          261320 1c008c8a 00d70733 add              x14, x14, x13       x14=1a10f010 x14:00000010 x13:1a10f000
15860260ns          261321 1c008c8c 00a7e723 p.sw             x10, x0(x15)        x10:0000006f x15:00000000  PA:1a10f010
15860579ns          261337 1c008c90 00000513 addi             x10, x0, 0          x10=00000000
15860598ns          261338 1c008c92 00008067 jalr             x0, x1, 0            x1:1c008d62
15860658ns          261341 1c008d62 31f52563 p.beqimm         x10, 778            x10:00000000
15860678ns          261342 1c008d66 001d8d93 addi             x27, x27, 1         x27=00000023 x27:00000022
15860698ns          261343 1c008d68 00044503 lbu              x10, 0(x8)          x10=00000072  x8:1c000048  PA:1c000048
15860996ns          261358 1c008d6c 00140413 addi             x8, x8, 1            x8=1c000049  x8:1c000048
15861016ns          261359 1c008d6e fe0514e3 bne              x10, x0, -24        x10:00000072
15861096ns          261363 1c008d56 02500793 addi             x15, x0, 37         x15=00000025
15861116ns          261364 1c008d5a 04f50863 beq              x10, x15, 80        x10:00000072 x15:00000025
15861135ns          261365 1c008d5e 01a005b3 add              x11, x0, x26        x11=00000002 x26:00000002
15861155ns          261366 1c008d60 000b00e7 jalr             x1, x22, 0           x1=1c008d62 x22:1c008c6c
15861195ns          261368 1c008c6c 000026b7 lui              x13, 0x2000         x13=00002000
15861215ns          261369 1c008c6e f14027f3 csrrs            x15, x0, 0xf14      x15=00000002
15861235ns          261370 1c008c72 f8068693 addi             x13, x13, -128      x13=00001f80 x13:00002000
15861255ns          261371 1c008c76 00379713 slli             x14, x15, 0x3       x14=00000010 x15:00000002
15861275ns          261372 1c008c7a 00279793 slli             x15, x15, 0x2       x15=00000008 x15:00000002
15861295ns          261373 1c008c7c 00d7f7b3 and              x15, x15, x13       x15=00000000 x15:00000008 x13:00001f80
15861314ns          261374 1c008c7e ee873733 p.bclr           x14, x14, 23, 8     x14=00000010 x14:00000010
15861334ns          261375 1c008c82 1a10f6b7 lui              x13, 0x1a10f000     x13=1a10f000
15861354ns          261376 1c008c86 0ff57513 andi             x10, x10, 255       x10=00000072 x10:00000072
15861374ns          261377 1c008c8a 00d70733 add              x14, x14, x13       x14=1a10f010 x14:00000010 x13:1a10f000
15861394ns          261378 1c008c8c 00a7e723 p.sw             x10, x0(x15)        x10:00000072 x15:00000000  PA:1a10f010
15861732ns          261395 1c008c90 00000513 addi             x10, x0, 0          x10=00000000
15861752ns          261396 1c008c92 00008067 jalr             x0, x1, 0            x1:1c008d62
15861812ns          261399 1c008d62 31f52563 p.beqimm         x10, 778            x10:00000000
15861832ns          261400 1c008d66 001d8d93 addi             x27, x27, 1         x27=00000024 x27:00000023
15861852ns          261401 1c008d68 00044503 lbu              x10, 0(x8)          x10=00000065  x8:1c000049  PA:1c000049
15862170ns          261417 1c008d6c 00140413 addi             x8, x8, 1            x8=1c00004a  x8:1c000049
15862190ns          261418 1c008d6e fe0514e3 bne              x10, x0, -24        x10:00000065
15862269ns          261422 1c008d56 02500793 addi             x15, x0, 37         x15=00000025
15862289ns          261423 1c008d5a 04f50863 beq              x10, x15, 80        x10:00000065 x15:00000025
15862309ns          261424 1c008d5e 01a005b3 add              x11, x0, x26        x11=00000002 x26:00000002
15862329ns          261425 1c008d60 000b00e7 jalr             x1, x22, 0           x1=1c008d62 x22:1c008c6c
15862369ns          261427 1c008c6c 000026b7 lui              x13, 0x2000         x13=00002000
15862389ns          261428 1c008c6e f14027f3 csrrs            x15, x0, 0xf14      x15=00000002
15862408ns          261429 1c008c72 f8068693 addi             x13, x13, -128      x13=00001f80 x13:00002000
15862428ns          261430 1c008c76 00379713 slli             x14, x15, 0x3       x14=00000010 x15:00000002
15862448ns          261431 1c008c7a 00279793 slli             x15, x15, 0x2       x15=00000008 x15:00000002
15862468ns          261432 1c008c7c 00d7f7b3 and              x15, x15, x13       x15=00000000 x15:00000008 x13:00001f80
15862488ns          261433 1c008c7e ee873733 p.bclr           x14, x14, 23, 8     x14=00000010 x14:00000010
15862508ns          261434 1c008c82 1a10f6b7 lui              x13, 0x1a10f000     x13=1a10f000
15862528ns          261435 1c008c86 0ff57513 andi             x10, x10, 255       x10=00000065 x10:00000065
15862548ns          261436 1c008c8a 00d70733 add              x14, x14, x13       x14=1a10f010 x14:00000010 x13:1a10f000
15862568ns          261437 1c008c8c 00a7e723 p.sw             x10, x0(x15)        x10:00000065 x15:00000000  PA:1a10f010
15862886ns          261453 1c008c90 00000513 addi             x10, x0, 0          x10=00000000
15862906ns          261454 1c008c92 00008067 jalr             x0, x1, 0            x1:1c008d62
15862965ns          261457 1c008d62 31f52563 p.beqimm         x10, 778            x10:00000000
15862985ns          261458 1c008d66 001d8d93 addi             x27, x27, 1         x27=00000025 x27:00000024
15863005ns          261459 1c008d68 00044503 lbu              x10, 0(x8)          x10=00000069  x8:1c00004a  PA:1c00004a
15863304ns          261474 1c008d6c 00140413 addi             x8, x8, 1            x8=1c00004b  x8:1c00004a
15863323ns          261475 1c008d6e fe0514e3 bne              x10, x0, -24        x10:00000069
15863403ns          261479 1c008d56 02500793 addi             x15, x0, 37         x15=00000025
15863423ns          261480 1c008d5a 04f50863 beq              x10, x15, 80        x10:00000069 x15:00000025
15863443ns          261481 1c008d5e 01a005b3 add              x11, x0, x26        x11=00000002 x26:00000002
15863463ns          261482 1c008d60 000b00e7 jalr             x1, x22, 0           x1=1c008d62 x22:1c008c6c
15863502ns          261484 1c008c6c 000026b7 lui              x13, 0x2000         x13=00002000
15863522ns          261485 1c008c6e f14027f3 csrrs            x15, x0, 0xf14      x15=00000002
15863542ns          261486 1c008c72 f8068693 addi             x13, x13, -128      x13=00001f80 x13:00002000
15863562ns          261487 1c008c76 00379713 slli             x14, x15, 0x3       x14=00000010 x15:00000002
15863582ns          261488 1c008c7a 00279793 slli             x15, x15, 0x2       x15=00000008 x15:00000002
15863602ns          261489 1c008c7c 00d7f7b3 and              x15, x15, x13       x15=00000000 x15:00000008 x13:00001f80
15863622ns          261490 1c008c7e ee873733 p.bclr           x14, x14, 23, 8     x14=00000010 x14:00000010
15863642ns          261491 1c008c82 1a10f6b7 lui              x13, 0x1a10f000     x13=1a10f000
15863662ns          261492 1c008c86 0ff57513 andi             x10, x10, 255       x10=00000069 x10:00000069
15863681ns          261493 1c008c8a 00d70733 add              x14, x14, x13       x14=1a10f010 x14:00000010 x13:1a10f000
15863701ns          261494 1c008c8c 00a7e723 p.sw             x10, x0(x15)        x10:00000069 x15:00000000  PA:1a10f010
15864020ns          261510 1c008c90 00000513 addi             x10, x0, 0          x10=00000000
15864040ns          261511 1c008c92 00008067 jalr             x0, x1, 0            x1:1c008d62
15864099ns          261514 1c008d62 31f52563 p.beqimm         x10, 778            x10:00000000
15864119ns          261515 1c008d66 001d8d93 addi             x27, x27, 1         x27=00000026 x27:00000025
15864139ns          261516 1c008d68 00044503 lbu              x10, 0(x8)          x10=00000064  x8:1c00004b  PA:1c00004b
15864437ns          261531 1c008d6c 00140413 addi             x8, x8, 1            x8=1c00004c  x8:1c00004b
15864457ns          261532 1c008d6e fe0514e3 bne              x10, x0, -24        x10:00000064
15864537ns          261536 1c008d56 02500793 addi             x15, x0, 37         x15=00000025
15864557ns          261537 1c008d5a 04f50863 beq              x10, x15, 80        x10:00000064 x15:00000025
15864577ns          261538 1c008d5e 01a005b3 add              x11, x0, x26        x11=00000002 x26:00000002
15864596ns          261539 1c008d60 000b00e7 jalr             x1, x22, 0           x1=1c008d62 x22:1c008c6c
15864636ns          261541 1c008c6c 000026b7 lui              x13, 0x2000         x13=00002000
15864656ns          261542 1c008c6e f14027f3 csrrs            x15, x0, 0xf14      x15=00000002
15864676ns          261543 1c008c72 f8068693 addi             x13, x13, -128      x13=00001f80 x13:00002000
15864696ns          261544 1c008c76 00379713 slli             x14, x15, 0x3       x14=00000010 x15:00000002
15864716ns          261545 1c008c7a 00279793 slli             x15, x15, 0x2       x15=00000008 x15:00000002
15864736ns          261546 1c008c7c 00d7f7b3 and              x15, x15, x13       x15=00000000 x15:00000008 x13:00001f80
15864756ns          261547 1c008c7e ee873733 p.bclr           x14, x14, 23, 8     x14=00000010 x14:00000010
15864775ns          261548 1c008c82 1a10f6b7 lui              x13, 0x1a10f000     x13=1a10f000
15864795ns          261549 1c008c86 0ff57513 andi             x10, x10, 255       x10=00000064 x10:00000064
15864815ns          261550 1c008c8a 00d70733 add              x14, x14, x13       x14=1a10f010 x14:00000010 x13:1a10f000
15864835ns          261551 1c008c8c 00a7e723 p.sw             x10, x0(x15)        x10:00000064 x15:00000000  PA:1a10f010
15865153ns          261567 1c008c90 00000513 addi             x10, x0, 0          x10=00000000
15865173ns          261568 1c008c92 00008067 jalr             x0, x1, 0            x1:1c008d62
15865233ns          261571 1c008d62 31f52563 p.beqimm         x10, 778            x10:00000000
15865253ns          261572 1c008d66 001d8d93 addi             x27, x27, 1         x27=00000027 x27:00000026
15865273ns          261573 1c008d68 00044503 lbu              x10, 0(x8)          x10=00000020  x8:1c00004c  PA:1c00004c
15865571ns          261588 1c008d6c 00140413 addi             x8, x8, 1            x8=1c00004d  x8:1c00004c
15865591ns          261589 1c008d6e fe0514e3 bne              x10, x0, -24        x10:00000020
15865671ns          261593 1c008d56 02500793 addi             x15, x0, 37         x15=00000025
15865690ns          261594 1c008d5a 04f50863 beq              x10, x15, 80        x10:00000020 x15:00000025
15865710ns          261595 1c008d5e 01a005b3 add              x11, x0, x26        x11=00000002 x26:00000002
15865730ns          261596 1c008d60 000b00e7 jalr             x1, x22, 0           x1=1c008d62 x22:1c008c6c
15865770ns          261598 1c008c6c 000026b7 lui              x13, 0x2000         x13=00002000
15865790ns          261599 1c008c6e f14027f3 csrrs            x15, x0, 0xf14      x15=00000002
15865810ns          261600 1c008c72 f8068693 addi             x13, x13, -128      x13=00001f80 x13:00002000
15865830ns          261601 1c008c76 00379713 slli             x14, x15, 0x3       x14=00000010 x15:00000002
15865850ns          261602 1c008c7a 00279793 slli             x15, x15, 0x2       x15=00000008 x15:00000002
15865869ns          261603 1c008c7c 00d7f7b3 and              x15, x15, x13       x15=00000000 x15:00000008 x13:00001f80
15865889ns          261604 1c008c7e ee873733 p.bclr           x14, x14, 23, 8     x14=00000010 x14:00000010
15865909ns          261605 1c008c82 1a10f6b7 lui              x13, 0x1a10f000     x13=1a10f000
15865929ns          261606 1c008c86 0ff57513 andi             x10, x10, 255       x10=00000020 x10:00000020
15865949ns          261607 1c008c8a 00d70733 add              x14, x14, x13       x14=1a10f010 x14:00000010 x13:1a10f000
15865969ns          261608 1c008c8c 00a7e723 p.sw             x10, x0(x15)        x10:00000020 x15:00000000  PA:1a10f010
15866307ns          261625 1c008c90 00000513 addi             x10, x0, 0          x10=00000000
15866327ns          261626 1c008c92 00008067 jalr             x0, x1, 0            x1:1c008d62
15866387ns          261629 1c008d62 31f52563 p.beqimm         x10, 778            x10:00000000
15866407ns          261630 1c008d66 001d8d93 addi             x27, x27, 1         x27=00000028 x27:00000027
15866426ns          261631 1c008d68 00044503 lbu              x10, 0(x8)          x10=0000003d  x8:1c00004d  PA:1c00004d
15866725ns          261646 1c008d6c 00140413 addi             x8, x8, 1            x8=1c00004e  x8:1c00004d
15866745ns          261647 1c008d6e fe0514e3 bne              x10, x0, -24        x10:0000003d
15866824ns          261651 1c008d56 02500793 addi             x15, x0, 37         x15=00000025
15866844ns          261652 1c008d5a 04f50863 beq              x10, x15, 80        x10:0000003d x15:00000025
15866864ns          261653 1c008d5e 01a005b3 add              x11, x0, x26        x11=00000002 x26:00000002
15866884ns          261654 1c008d60 000b00e7 jalr             x1, x22, 0           x1=1c008d62 x22:1c008c6c
15866924ns          261656 1c008c6c 000026b7 lui              x13, 0x2000         x13=00002000
15866944ns          261657 1c008c6e f14027f3 csrrs            x15, x0, 0xf14      x15=00000002
15866963ns          261658 1c008c72 f8068693 addi             x13, x13, -128      x13=00001f80 x13:00002000
15866983ns          261659 1c008c76 00379713 slli             x14, x15, 0x3       x14=00000010 x15:00000002
15867003ns          261660 1c008c7a 00279793 slli             x15, x15, 0x2       x15=00000008 x15:00000002
15867023ns          261661 1c008c7c 00d7f7b3 and              x15, x15, x13       x15=00000000 x15:00000008 x13:00001f80
15867043ns          261662 1c008c7e ee873733 p.bclr           x14, x14, 23, 8     x14=00000010 x14:00000010
15867063ns          261663 1c008c82 1a10f6b7 lui              x13, 0x1a10f000     x13=1a10f000
15867083ns          261664 1c008c86 0ff57513 andi             x10, x10, 255       x10=0000003d x10:0000003d
15867103ns          261665 1c008c8a 00d70733 add              x14, x14, x13       x14=1a10f010 x14:00000010 x13:1a10f000
15867123ns          261666 1c008c8c 00a7e723 p.sw             x10, x0(x15)        x10:0000003d x15:00000000  PA:1a10f010
15867441ns          261682 1c008c90 00000513 addi             x10, x0, 0          x10=00000000
15867461ns          261683 1c008c92 00008067 jalr             x0, x1, 0            x1:1c008d62
15867520ns          261686 1c008d62 31f52563 p.beqimm         x10, 778            x10:00000000
15867540ns          261687 1c008d66 001d8d93 addi             x27, x27, 1         x27=00000029 x27:00000028
15867560ns          261688 1c008d68 00044503 lbu              x10, 0(x8)          x10=00000020  x8:1c00004e  PA:1c00004e
15867859ns          261703 1c008d6c 00140413 addi             x8, x8, 1            x8=1c00004f  x8:1c00004e
15867878ns          261704 1c008d6e fe0514e3 bne              x10, x0, -24        x10:00000020
15867958ns          261708 1c008d56 02500793 addi             x15, x0, 37         x15=00000025
15867978ns          261709 1c008d5a 04f50863 beq              x10, x15, 80        x10:00000020 x15:00000025
15867998ns          261710 1c008d5e 01a005b3 add              x11, x0, x26        x11=00000002 x26:00000002
15868018ns          261711 1c008d60 000b00e7 jalr             x1, x22, 0           x1=1c008d62 x22:1c008c6c
15868057ns          261713 1c008c6c 000026b7 lui              x13, 0x2000         x13=00002000
15868077ns          261714 1c008c6e f14027f3 csrrs            x15, x0, 0xf14      x15=00000002
15868097ns          261715 1c008c72 f8068693 addi             x13, x13, -128      x13=00001f80 x13:00002000
15868117ns          261716 1c008c76 00379713 slli             x14, x15, 0x3       x14=00000010 x15:00000002
15868137ns          261717 1c008c7a 00279793 slli             x15, x15, 0x2       x15=00000008 x15:00000002
15868157ns          261718 1c008c7c 00d7f7b3 and              x15, x15, x13       x15=00000000 x15:00000008 x13:00001f80
15868177ns          261719 1c008c7e ee873733 p.bclr           x14, x14, 23, 8     x14=00000010 x14:00000010
15868197ns          261720 1c008c82 1a10f6b7 lui              x13, 0x1a10f000     x13=1a10f000
15868217ns          261721 1c008c86 0ff57513 andi             x10, x10, 255       x10=00000020 x10:00000020
15868236ns          261722 1c008c8a 00d70733 add              x14, x14, x13       x14=1a10f010 x14:00000010 x13:1a10f000
15868256ns          261723 1c008c8c 00a7e723 p.sw             x10, x0(x15)        x10:00000020 x15:00000000  PA:1a10f010
15868575ns          261739 1c008c90 00000513 addi             x10, x0, 0          x10=00000000
15868595ns          261740 1c008c92 00008067 jalr             x0, x1, 0            x1:1c008d62
15868654ns          261743 1c008d62 31f52563 p.beqimm         x10, 778            x10:00000000
15868674ns          261744 1c008d66 001d8d93 addi             x27, x27, 1         x27=0000002a x27:00000029
15868694ns          261745 1c008d68 00044503 lbu              x10, 0(x8)          x10=00000025  x8:1c00004f  PA:1c00004f
15868992ns          261760 1c008d6c 00140413 addi             x8, x8, 1            x8=1c000050  x8:1c00004f
15869012ns          261761 1c008d6e fe0514e3 bne              x10, x0, -24        x10:00000025
15869092ns          261765 1c008d56 02500793 addi             x15, x0, 37         x15=00000025
15869112ns          261766 1c008d5a 04f50863 beq              x10, x15, 80        x10:00000025 x15:00000025
15869191ns          261770 1c008daa 00044483 lbu              x9, 0(x8)            x9=00000064  x8:1c000050  PA:1c000050
15869490ns          261785 1c008dae 02000693 addi             x13, x0, 32         x13=00000020
15869509ns          261786 1c008db2 00140a93 addi             x21, x8, 1          x21=1c000051  x8:1c000050
15869529ns          261787 1c008db6 009005b3 add              x11, x0, x9         x11=00000064  x9:00000064
15869549ns          261788 1c008db8 0fcb8513 addi             x10, x23, 252       x10=1c0000fc x23:1c000000
15869569ns          261789 1c008dbc 00d12823 sw               x13, 16(x2)         x13:00000020  x2:100014d8  PA:100014e8
15869589ns          261790 1c008dbe 00012c23 sw               x0, 24(x2)           x2:100014d8  PA:100014f0
15869609ns          261791 1c008dc0 00012a23 sw               x0, 20(x2)           x2:100014d8  PA:100014ec
15869629ns          261792 1c008dc2 00012e23 sw               x0, 28(x2)           x2:100014d8  PA:100014f4
15869649ns          261793 1c008dc4 00012623 sw               x0, 12(x2)           x2:100014d8  PA:100014e4
15869669ns          261794 1c008dc6 02300913 addi             x18, x0, 35         x18=00000023
15869689ns          261795 1c008dca 02d00a13 addi             x20, x0, 45         x20=0000002d
15869708ns          261796 1c008dce 015009b3 add              x19, x0, x21        x19=1c000051 x21:1c000051
15869748ns          261798 1c008dd0 e1dff0ef jal              x1, -484             x1=1c008dd2
15869828ns          261802 1c008bec 00054783 lbu              x15, 0(x10)         x15=0000002d x10:1c0000fc  PA:1c0000fc
15870146ns          261818 1c008bf0 0ff5f593 andi             x11, x11, 255       x11=00000064 x11:00000064
15870166ns          261819 1c008bf4 00b78c63 beq              x15, x11, 24        x15:0000002d x11:00000064
15870186ns          261820 1c008bf8 00078b63 beq              x15, x0, 22         x15:0000002d
15870206ns          261821 1c008bfa 00150793 addi             x15, x10, 1         x15=1c0000fd x10:1c0000fc
15870226ns          261822 1c008bfe 0040006f jal              x0, 4              
15870265ns          261824 1c008c02 00f00533 add              x10, x0, x15        x10=1c0000fd x15:1c0000fd
15870285ns          261825 1c008c04 0017c70b p.lbu            x14, 1(x15!)        x14=0000002b x15=1c0000fe x15:1c0000fd  PA:1c0000fd
15870603ns          261841 1c008c08 feb71ce3 bne              x14, x11, -8        x14:0000002b x11:00000064
15870663ns          261844 1c008c00 00070763 beq              x14, x0, 14         x14:0000002b
15870683ns          261845 1c008c02 00f00533 add              x10, x0, x15        x10=1c0000fe x15:1c0000fe
15870703ns          261846 1c008c04 0017c70b p.lbu            x14, 1(x15!)        x14=00000020 x15=1c0000ff x15:1c0000fe  PA:1c0000fe
15871021ns          261862 1c008c08 feb71ce3 bne              x14, x11, -8        x14:00000020 x11:00000064
15871081ns          261865 1c008c00 00070763 beq              x14, x0, 14         x14:00000020
15871101ns          261866 1c008c02 00f00533 add              x10, x0, x15        x10=1c0000ff x15:1c0000ff
15871121ns          261867 1c008c04 0017c70b p.lbu            x14, 1(x15!)        x14=00000023 x15=1c000100 x15:1c0000ff  PA:1c0000ff
15871439ns          261883 1c008c08 feb71ce3 bne              x14, x11, -8        x14:00000023 x11:00000064
15871499ns          261886 1c008c00 00070763 beq              x14, x0, 14         x14:00000023
15871518ns          261887 1c008c02 00f00533 add              x10, x0, x15        x10=1c000100 x15:1c000100
15871538ns          261888 1c008c04 0017c70b p.lbu            x14, 1(x15!)        x14=00000030 x15=1c000101 x15:1c000100  PA:1c000100
15871857ns          261904 1c008c08 feb71ce3 bne              x14, x11, -8        x14:00000030 x11:00000064
15871916ns          261907 1c008c00 00070763 beq              x14, x0, 14         x14:00000030
15871936ns          261908 1c008c02 00f00533 add              x10, x0, x15        x10=1c000101 x15:1c000101
15871956ns          261909 1c008c04 0017c70b p.lbu            x14, 1(x15!)        x14=00000000 x15=1c000102 x15:1c000101  PA:1c000101
15872274ns          261925 1c008c08 feb71ce3 bne              x14, x11, -8        x14:00000000 x11:00000064
15872334ns          261928 1c008c00 00070763 beq              x14, x0, 14         x14:00000000
15872414ns          261932 1c008c0e 0015b593 sltiu            x11, x11, 1         x11=00000000 x11:00000064
15872433ns          261933 1c008c12 40b005b3 sub              x11, x0, x11        x11=00000000 x11:00000000
15872453ns          261934 1c008c16 00b57533 and              x10, x10, x11       x10=00000000 x10:1c000101 x11:00000000
15872473ns          261935 1c008c18 00008067 jalr             x0, x1, 0            x1:1c008dd2
15872573ns          261940 1c008dd2 02050a63 beq              x10, x0, 52         x10:00000000
15872652ns          261944 1c008e06 02a00613 addi             x12, x0, 42         x12=0000002a
15872672ns          261945 1c008e0a 2ac48663 beq              x9, x12, 684         x9:00000064 x12:0000002a
15872692ns          261946 1c008e0e fd048613 addi             x12, x9, -48        x12=00000034  x9:00000064
15872712ns          261947 1c008e12 00900593 addi             x11, x0, 9          x11=00000009
15872732ns          261948 1c008e14 00000913 addi             x18, x0, 0          x18=00000000
15872752ns          261949 1c008e16 28c5f063 bgeu             x11, x12, 640       x11:00000009 x12:00000034
15872772ns          261950 1c008e1a 02e00693 addi             x13, x0, 46         x13=0000002e
15872791ns          261951 1c008e1e fff00a13 addi             x20, x0, -1         x20=ffffffff
15872811ns          261952 1c008e20 2ed48363 beq              x9, x13, 742         x9:00000064 x13:0000002e
15872831ns          261953 1c008e24 1c0007b7 lui              x15, 0x1c000000     x15=1c000000
15872851ns          261954 1c008e28 009005b3 add              x11, x0, x9         x11=00000064  x9:00000064
15872871ns          261955 1c008e2a 10478513 addi             x10, x15, 260       x10=1c000104 x15:1c000000
15872891ns          261956 1c008e2e dbfff0ef jal              x1, -578             x1=1c008e30
15872931ns          261958 1c008bec 00054783 lbu              x15, 0(x10)         x15=00000068 x10:1c000104  PA:1c000104
15873249ns          261974 1c008bf0 0ff5f593 andi             x11, x11, 255       x11=00000064 x11:00000064
15873269ns          261975 1c008bf4 00b78c63 beq              x15, x11, 24        x15:00000068 x11:00000064
15873289ns          261976 1c008bf8 00078b63 beq              x15, x0, 22         x15:00000068
15873309ns          261977 1c008bfa 00150793 addi             x15, x10, 1         x15=1c000105 x10:1c000104
15873329ns          261978 1c008bfe 0040006f jal              x0, 4              
15873368ns          261980 1c008c02 00f00533 add              x10, x0, x15        x10=1c000105 x15:1c000105
15873388ns          261981 1c008c04 0017c70b p.lbu            x14, 1(x15!)        x14=0000006c x15=1c000106 x15:1c000105  PA:1c000105
15873706ns          261997 1c008c08 feb71ce3 bne              x14, x11, -8        x14:0000006c x11:00000064
15873766ns          262000 1c008c00 00070763 beq              x14, x0, 14         x14:0000006c
15873786ns          262001 1c008c02 00f00533 add              x10, x0, x15        x10=1c000106 x15:1c000106
15873806ns          262002 1c008c04 0017c70b p.lbu            x14, 1(x15!)        x14=0000004c x15=1c000107 x15:1c000106  PA:1c000106
15874124ns          262018 1c008c08 feb71ce3 bne              x14, x11, -8        x14:0000004c x11:00000064
15874184ns          262021 1c008c00 00070763 beq              x14, x0, 14         x14:0000004c
15874204ns          262022 1c008c02 00f00533 add              x10, x0, x15        x10=1c000107 x15:1c000107
15874224ns          262023 1c008c04 0017c70b p.lbu            x14, 1(x15!)        x14=0000007a x15=1c000108 x15:1c000107  PA:1c000107
15874542ns          262039 1c008c08 feb71ce3 bne              x14, x11, -8        x14:0000007a x11:00000064
15874602ns          262042 1c008c00 00070763 beq              x14, x0, 14         x14:0000007a
15874621ns          262043 1c008c02 00f00533 add              x10, x0, x15        x10=1c000108 x15:1c000108
15874641ns          262044 1c008c04 0017c70b p.lbu            x14, 1(x15!)        x14=00000000 x15=1c000109 x15:1c000108  PA:1c000108
15874960ns          262060 1c008c08 feb71ce3 bne              x14, x11, -8        x14:00000000 x11:00000064
15875019ns          262063 1c008c00 00070763 beq              x14, x0, 14         x14:00000000
15875099ns          262067 1c008c0e 0015b593 sltiu            x11, x11, 1         x11=00000000 x11:00000064
15875119ns          262068 1c008c12 40b005b3 sub              x11, x0, x11        x11=00000000 x11:00000000
15875139ns          262069 1c008c16 00b57533 and              x10, x10, x11       x10=00000000 x10:1c000108 x11:00000000
15875158ns          262070 1c008c18 00008067 jalr             x0, x1, 0            x1:1c008e30
15875198ns          262072 1c008e30 01300433 add              x8, x0, x19          x8=1c000051 x19:1c000051
15875218ns          262073 1c008e32 00050563 beq              x10, x0, 10         x10:00000000
15875278ns          262076 1c008e3c 06700693 addi             x13, x0, 103        x13=00000067
15875337ns          262079 1c008e40 2896d963 bge              x13, x9, 658        x13:00000067  x9:00000064
15875477ns          262086 1c0090d2 06500693 addi             x13, x0, 101        x13=00000065
15875497ns          262087 1c0090d6 12d4d563 bge              x9, x13, 298         x9:00000064 x13:00000065
15875516ns          262088 1c0090da 04700693 addi             x13, x0, 71         x13=00000047
15875576ns          262091 1c0090de dc96cbe3 blt              x13, x9, -554       x13:00000047  x9:00000064
15875636ns          262094 1c008eb4 06300693 addi             x13, x0, 99         x13=00000063
15875656ns          262095 1c008eb8 0ad488e3 beq              x9, x13, 2224        x9:00000064 x13:00000063
15875676ns          262096 1c008ebc 0096c9e3 blt              x13, x9, 2066       x13:00000063  x9:00000064
15875795ns          262102 1c0096ce 000c2583 lw               x11, 0(x24)         x11=00000002 x24:10001630  PA:10001630
15875815ns          262103 1c0096d2 004c0c13 addi             x24, x24, 4         x24=10001634 x24:10001630
15875835ns          262104 1c0096d4 3405cc63 blt              x11, x0, 856        x11:00000002
15875855ns          262105 1c0096d8 01412603 lw               x12, 20(x2)         x12=00000000  x2:100014d8  PA:100014ec
15875875ns          262106 1c0096da 00b006b3 add              x13, x0, x11        x13=00000002 x11:00000002
15875894ns          262107 1c0096dc 2e061863 bne              x12, x0, 752        x12:00000000
15875914ns          262108 1c0096e0 01812703 lw               x14, 24(x2)         x14=00000000  x2:100014d8  PA:100014f0
15875934ns          262109 1c0096e2 019007b3 add              x15, x0, x25        x15=100014fc x25:100014fc
15875954ns          262110 1c0096e4 00070763 beq              x14, x0, 14         x14:00000000
15876054ns          262115 1c0096f2 00f00733 add              x14, x0, x15        x14=100014fc x15:100014fc
15876093ns          262117 1c0096f4 00a00513 addi             x10, x0, 10         x10=0000000a
15876113ns          262118 1c0096f6 02a6f633 remu             x12, x13, x10       x12=00000002 x13:00000002 x10:0000000a
15876730ns          262149 1c0096fa 02a6d6b3 divu             x13, x13, x10       x13=00000000 x13:00000002 x10:0000000a
15877346ns          262180 1c0096fe 03060613 addi             x12, x12, 48        x12=00000032 x12:00000002
15877366ns          262181 1c009702 00c700ab p.sb             x12, 1(x14!)        x14=100014fd x12:00000032 x14:100014fc  PA:100014fc
15877406ns          262183 1c009706 fe0698e3 bne              x13, x0, -16        x13:00000000
15877426ns          262184 1c009708 40f706b3 sub              x13, x14, x15       x13=00000001 x14:100014fd x15:100014fc
15877446ns          262185 1c00970c 0146dc63 bge              x13, x20, 24        x13:00000001 x20:ffffffff
15877545ns          262190 1c009724 00e006b3 add              x13, x0, x14        x13=100014fd x14:100014fd
15877585ns          262192 1c009726 fe068fab p.sb             x0, -1(x13!)        x13=100014fc x13:100014fd  PA:100014fd
15877605ns          262193 1c00972a 00d7fc63 bgeu             x15, x13, 24        x15:100014fc x13:100014fc
15877665ns          262196 1c009742 01412783 lw               x15, 20(x2)         x15=00000000  x2:100014d8  PA:100014ec
15877685ns          262197 1c009744 01812603 lw               x12, 24(x2)         x12=00000000  x2:100014d8  PA:100014f0
15877704ns          262198 1c009746 419704b3 sub              x9, x14, x25         x9=00000001 x14:100014fd x25:100014fc
15877724ns          262199 1c00974a 00c7e7b3 or               x15, x15, x12       x15=00000000 x15:00000000 x12:00000000
15877744ns          262200 1c00974c 00f12623 sw               x15, 12(x2)         x15:00000000  x2:100014d8  PA:100014e4
15877784ns          262202 1c00974e 00079363 bne              x15, x0, 6          x15:00000000
15877804ns          262203 1c009750 01f5d593 srli             x11, x11, 0x1f      x11=00000000 x11:00000002
15877824ns          262204 1c009752 00b12623 sw               x11, 12(x2)         x11:00000000  x2:100014d8  PA:100014e4
15877844ns          262205 1c009754 e3fa28e3 p.beqimm         x20, -464           x20:ffffffff
15878361ns          262231 1c009584 0c800793 addi             x15, x0, 200        x15=000000c8
15878381ns          262232 1c009588 9e97d0e3 bge              x15, x9, -1568      x15:000000c8  x9:00000001
15878918ns          262259 1c008f68 0f24d163 bge              x9, x18, 226         x9:00000001 x18:00000000
15879057ns          262266 1c00904a d00482e3 beq              x9, x0, -764         x9:00000001
15879077ns          262267 1c00904e 01900933 add              x18, x0, x25        x18=100014fc x25:100014fc
15879097ns          262268 1c009050 419d8db3 sub              x27, x27, x25       x27=efffeb2e x27:0000002a x25:100014fc
15879117ns          262269 1c009054 00a0006f jal              x0, 10             
15879216ns          262274 1c00905e 0019450b p.lbu            x10, 1(x18!)        x10=00000032 x18=100014fd x18:100014fc  PA:100014fc
15879236ns          262275 1c009062 01a005b3 add              x11, x0, x26        x11=00000002 x26:00000002
15879256ns          262276 1c009064 000b00e7 jalr             x1, x22, 0           x1=1c009066 x22:1c008c6c
15879336ns          262280 1c008c6c 000026b7 lui              x13, 0x2000         x13=00002000
15879375ns          262282 1c008c6e f14027f3 csrrs            x15, x0, 0xf14      x15=00000002
15879395ns          262283 1c008c72 f8068693 addi             x13, x13, -128      x13=00001f80 x13:00002000
15879415ns          262284 1c008c76 00379713 slli             x14, x15, 0x3       x14=00000010 x15:00000002
15879435ns          262285 1c008c7a 00279793 slli             x15, x15, 0x2       x15=00000008 x15:00000002
15879455ns          262286 1c008c7c 00d7f7b3 and              x15, x15, x13       x15=00000000 x15:00000008 x13:00001f80
15879475ns          262287 1c008c7e ee873733 p.bclr           x14, x14, 23, 8     x14=00000010 x14:00000010
15879495ns          262288 1c008c82 1a10f6b7 lui              x13, 0x1a10f000     x13=1a10f000
15879515ns          262289 1c008c86 0ff57513 andi             x10, x10, 255       x10=00000032 x10:00000032
15879534ns          262290 1c008c8a 00d70733 add              x14, x14, x13       x14=1a10f010 x14:00000010 x13:1a10f000
15879554ns          262291 1c008c8c 00a7e723 p.sw             x10, x0(x15)        x10:00000032 x15:00000000  PA:1a10f010
15879873ns          262307 1c008c90 00000513 addi             x10, x0, 0          x10=00000000
15879892ns          262308 1c008c92 00008067 jalr             x0, x1, 0            x1:1c009066
15879932ns          262310 1c009066 fff48493 addi             x9, x9, -1           x9=00000000  x9:00000001
15879952ns          262311 1c009068 fff537e3 p.bneimm         x10, -18            x10:00000000
15880091ns          262318 1c009056 012d8733 add              x14, x27, x18       x14=0000002b x27:efffeb2e x18:100014fd
15880111ns          262319 1c00905a 5a048b63 beq              x9, x0, 1462         x9:00000000
15880171ns          262322 1c009610 00e00db3 add              x27, x0, x14        x27=0000002b x14:0000002b
15880191ns          262323 1c009612 f3cff06f jal              x0, -2244          
15880350ns          262331 1c008d4e 00044503 lbu              x10, 0(x8)          x10=00000029  x8:1c000051  PA:1c000051
15880648ns          262346 1c008d52 00140413 addi             x8, x8, 1            x8=1c000052  x8:1c000051
15880668ns          262347 1c008d54 00050e63 beq              x10, x0, 28         x10:00000029
15880688ns          262348 1c008d56 02500793 addi             x15, x0, 37         x15=00000025
15880708ns          262349 1c008d5a 04f50863 beq              x10, x15, 80        x10:00000029 x15:00000025
15880728ns          262350 1c008d5e 01a005b3 add              x11, x0, x26        x11=00000002 x26:00000002
15880748ns          262351 1c008d60 000b00e7 jalr             x1, x22, 0           x1=1c008d62 x22:1c008c6c
15880788ns          262353 1c008c6c 000026b7 lui              x13, 0x2000         x13=00002000
15880807ns          262354 1c008c6e f14027f3 csrrs            x15, x0, 0xf14      x15=00000002
15880827ns          262355 1c008c72 f8068693 addi             x13, x13, -128      x13=00001f80 x13:00002000
15880847ns          262356 1c008c76 00379713 slli             x14, x15, 0x3       x14=00000010 x15:00000002
15880867ns          262357 1c008c7a 00279793 slli             x15, x15, 0x2       x15=00000008 x15:00000002
15880887ns          262358 1c008c7c 00d7f7b3 and              x15, x15, x13       x15=00000000 x15:00000008 x13:00001f80
15880907ns          262359 1c008c7e ee873733 p.bclr           x14, x14, 23, 8     x14=00000010 x14:00000010
15880927ns          262360 1c008c82 1a10f6b7 lui              x13, 0x1a10f000     x13=1a10f000
15880947ns          262361 1c008c86 0ff57513 andi             x10, x10, 255       x10=00000029 x10:00000029
15880967ns          262362 1c008c8a 00d70733 add              x14, x14, x13       x14=1a10f010 x14:00000010 x13:1a10f000
15880986ns          262363 1c008c8c 00a7e723 p.sw             x10, x0(x15)        x10:00000029 x15:00000000  PA:1a10f010
15881305ns          262379 1c008c90 00000513 addi             x10, x0, 0          x10=00000000
15881325ns          262380 1c008c92 00008067 jalr             x0, x1, 0            x1:1c008d62
15881384ns          262383 1c008d62 31f52563 p.beqimm         x10, 778            x10:00000000
15881404ns          262384 1c008d66 001d8d93 addi             x27, x27, 1         x27=0000002c x27:0000002b
15881424ns          262385 1c008d68 00044503 lbu              x10, 0(x8)          x10=0000000a  x8:1c000052  PA:1c000052
15881742ns          262401 1c008d6c 00140413 addi             x8, x8, 1            x8=1c000053  x8:1c000052
15881762ns          262402 1c008d6e fe0514e3 bne              x10, x0, -24        x10:0000000a
15881842ns          262406 1c008d56 02500793 addi             x15, x0, 37         x15=00000025
15881862ns          262407 1c008d5a 04f50863 beq              x10, x15, 80        x10:0000000a x15:00000025
15881882ns          262408 1c008d5e 01a005b3 add              x11, x0, x26        x11=00000002 x26:00000002
15881901ns          262409 1c008d60 000b00e7 jalr             x1, x22, 0           x1=1c008d62 x22:1c008c6c
15881941ns          262411 1c008c6c 000026b7 lui              x13, 0x2000         x13=00002000
15882001ns          262414 1c008c6e f14027f3 csrrs            x15, x0, 0xf14      x15=00000002
15882041ns          262416 1c008c72 f8068693 addi             x13, x13, -128      x13=00001f80 x13:00002000
15882061ns          262417 1c008c76 00379713 slli             x14, x15, 0x3       x14=00000010 x15:00000002
15882080ns          262418 1c008c7a 00279793 slli             x15, x15, 0x2       x15=00000008 x15:00000002
15882100ns          262419 1c008c7c 00d7f7b3 and              x15, x15, x13       x15=00000000 x15:00000008 x13:00001f80
15882120ns          262420 1c008c7e ee873733 p.bclr           x14, x14, 23, 8     x14=00000010 x14:00000010
15882140ns          262421 1c008c82 1a10f6b7 lui              x13, 0x1a10f000     x13=1a10f000
15882160ns          262422 1c008c86 0ff57513 andi             x10, x10, 255       x10=0000000a x10:0000000a
15882180ns          262423 1c008c8a 00d70733 add              x14, x14, x13       x14=1a10f010 x14:00000010 x13:1a10f000
15882200ns          262424 1c008c8c 00a7e723 p.sw             x10, x0(x15)        x10:0000000a x15:00000000  PA:1a10f010
15882518ns          262440 1c008c90 00000513 addi             x10, x0, 0          x10=00000000
15882538ns          262441 1c008c92 00008067 jalr             x0, x1, 0            x1:1c008d62
15882598ns          262444 1c008d62 31f52563 p.beqimm         x10, 778            x10:00000000
15882617ns          262445 1c008d66 001d8d93 addi             x27, x27, 1         x27=0000002d x27:0000002c
15882637ns          262446 1c008d68 00044503 lbu              x10, 0(x8)          x10=00000000  x8:1c000053  PA:1c000053
15882936ns          262461 1c008d6c 00140413 addi             x8, x8, 1            x8=1c000054  x8:1c000053
15882956ns          262462 1c008d6e fe0514e3 bne              x10, x0, -24        x10:00000000
15882976ns          262463 1c008d70 01b00433 add              x8, x0, x27          x8=0000002d x27:0000002d
15882995ns          262464 1c008d72 00800533 add              x10, x0, x8         x10=0000002d  x8:0000002d
15883015ns          262465 1c008d74 12c12083 lw               x1, 300(x2)          x1=1c008d00  x2:100014d8  PA:10001604
15883035ns          262466 1c008d78 12812403 lw               x8, 296(x2)          x8=xxxxxxxx  x2:100014d8  PA:10001600
15883055ns          262467 1c008d7c 12412483 lw               x9, 292(x2)          x9=00000002  x2:100014d8  PA:100015fc
15883095ns          262469 1c008d80 12012903 lw               x18, 288(x2)        x18=xxxxxxxx  x2:100014d8  PA:100015f8
15883135ns          262471 1c008d84 11c12983 lw               x19, 284(x2)        x19=xxxxxxxx  x2:100014d8  PA:100015f4
15883155ns          262472 1c008d88 11812a03 lw               x20, 280(x2)        x20=xxxxxxxx  x2:100014d8  PA:100015f0
15883174ns          262473 1c008d8c 11412a83 lw               x21, 276(x2)        x21=xxxxxxxx  x2:100014d8  PA:100015ec
15883234ns          262476 1c008d90 11012b03 lw               x22, 272(x2)        x22=xxxxxxxx  x2:100014d8  PA:100015e8
15883274ns          262478 1c008d94 10c12b83 lw               x23, 268(x2)        x23=xxxxxxxx  x2:100014d8  PA:100015e4
15883294ns          262479 1c008d98 10812c03 lw               x24, 264(x2)        x24=xxxxxxxx  x2:100014d8  PA:100015e0
15883314ns          262480 1c008d9c 10412c83 lw               x25, 260(x2)        x25=xxxxxxxx  x2:100014d8  PA:100015dc
15883373ns          262483 1c008da0 10012d03 lw               x26, 256(x2)        x26=xxxxxxxx  x2:100014d8  PA:100015d8
15883413ns          262485 1c008da4 0fc12d83 lw               x27, 252(x2)        x27=xxxxxxxx  x2:100014d8  PA:100015d4
15883433ns          262486 1c008da6 13010113 addi             x2, x2, 304          x2=10001608  x2:100014d8
15883453ns          262487 1c008da8 00008067 jalr             x0, x1, 0            x1:1c008d00
15883532ns          262491 1c008d00 01c12083 lw               x1, 28(x2)           x1=1c00817c  x2:10001608  PA:10001624
15883552ns          262492 1c008d02 04010113 addi             x2, x2, 64           x2=10001648  x2:10001608
15883592ns          262494 1c008d04 00008067 jalr             x0, x1, 0            x1:1c00817c
15883811ns          262505 1c00817c 00300793 addi             x15, x0, 3          x15=00000003
15884249ns          262527 1c00817e 0097f463 bgeu             x15, x9, 8          x15:00000003  x9:00000002
15884328ns          262531 1c008186 709010ef jal              x1, 7944             x1=1c00818a
15885243ns          262577 1c00a08e f14027f3 csrrs            x15, x0, 0xf14      x15=00000002
15885263ns          262578 1c00a092 01f00713 addi             x14, x0, 31         x14=0000001f
15885283ns          262579 1c00a094 ca5797b3 p.extractu       x15, x15, 5, 5      x15=00000000 x15:00000002
15885303ns          262580 1c00a098 00e78863 beq              x15, x14, 16        x15:00000000 x14:0000001f
15885323ns          262581 1c00a09c 002047b7 lui              x15, 0x204000       x15=00204000
15885780ns          262604 1c00a0a0 20078793 addi             x15, x15, 512       x15=00204200 x15:00204000
15885820ns          262606 1c00a0a4 01c7e703 p.elw            x14, 28(x15)        x14=00010000 x15:00204200  PA:0020421c
15885939ns          262612 1c00a0a8 00008067 jalr             x0, x1, 0            x1:1c00818a
15886377ns          262634 1c00818a f14027f3 csrrs            x15, x0, 0xf14      x15=00000002
15886795ns          262655 1c00818e f457b7b3 p.bclr           x15, x15, 26, 5     x15=00000002 x15:00000002
15886834ns          262657 1c008192 28078863 beq              x15, x0, 656        x15:00000002
15886854ns          262658 1c008196 1c010537 lui              x10, 0x1c010000     x10=1c010000
15886874ns          262659 1c00819a 06400793 addi             x15, x0, 100        x15=00000064
15887431ns          262687 1c00819e 00050513 addi             x10, x10, 0         x10=1c010000 x10:1c010000
15887471ns          262689 1c0081a2 00249913 slli             x18, x9, 0x2        x18=00000008  x9:00000002
15887491ns          262690 1c0081a6 02f487b3 mul              x15, x9, x15        x15=000000c8  x9:00000002 x15:00000064
15887511ns          262691 1c0081aa 00279793 slli             x15, x15, 0x2       x15=00000320 x15:000000c8
15887531ns          262692 1c0081ac 01050613 addi             x12, x10, 16        x12=1c010010 x10:1c010000
15887948ns          262713 1c0081b0 65050693 addi             x13, x10, 1616      x13=1c010650 x10:1c010000
15887988ns          262715 1c0081b4 21257503 lw               x10, x18(x10)       x10=42281bb7 x18:00000008 x10:1c010000  PA:1c010008
15888465ns          262739 1c0081b8 00f60633 add              x12, x12, x15       x12=1c010330 x12:1c010010 x15:00000320
15888485ns          262740 1c0081ba 00f686b3 add              x13, x13, x15       x13=1c010970 x13:1c010650 x15:00000320
15888505ns          262741 1c0081bc 00200433 add              x8, x0, x2           x8=10001648  x2:10001648
15888545ns          262743 1c0081be 064450fb lp.setupi        0x1, 0x64, 0x8     
15888585ns          262745 1c0081c2 0046278b p.lw             x15, 4(x12!)        x15=41848ac0 x12=1c010334 x12:1c010330  PA:1c010330
15889022ns          262767 1c0081c6 0046a58b p.lw             x11, 4(x13!)        x11=42b8b6b1 x13=1c010974 x13:1c010970  PA:1c010970
15889341ns          262783 1c0081ca 58f577c3 fmadd.s          f15, f10, f15, f11  f15=xxxxxxxx f10:42281bb7 f15:41848ac0 f11:42b8b6b1
15889360ns          262784 1c0081ce 00f4222b p.sw             x15, 4(x8!)          x8=1000164c x15:444529a5  x8:10001648  PA:10001648
15889380ns          262785 1c0081c2 0046278b p.lw             x15, 4(x12!)        x15=42a91b73 x12=1c010338 x12:1c010334  PA:1c010334
15889679ns          262800 1c0081c6 0046a58b p.lw             x11, 4(x13!)        x11=41b221d5 x13=1c010978 x13:1c010974  PA:1c010974
15889997ns          262816 1c0081ca 58f577c3 fmadd.s          f15, f10, f15, f11  f15=xxxxxxxx f10:42281bb7 f15:42a91b73 f11:41b221d5
15890017ns          262817 1c0081ce 00f4222b p.sw             x15, 4(x8!)          x8=10001650 x15:455f7ce8  x8:1000164c  PA:1000164c
15890037ns          262818 1c0081c2 0046278b p.lw             x15, 4(x12!)        x15=41c26b27 x12=1c01033c x12:1c010338  PA:1c010338
15890335ns          262833 1c0081c6 0046a58b p.lw             x11, 4(x13!)        x11=4285cc6e x13=1c01097c x13:1c010978  PA:1c010978
15890653ns          262849 1c0081ca 58f577c3 fmadd.s          f15, f10, f15, f11  f15=xxxxxxxx f10:42281bb7 f15:41c26b27 f11:4285cc6e
15890673ns          262850 1c0081ce 00f4222b p.sw             x15, 4(x8!)          x8=10001654 x15:44880825  x8:10001650  PA:10001650
15890693ns          262851 1c0081c2 0046278b p.lw             x15, 4(x12!)        x15=4218ccce x12=1c010340 x12:1c01033c  PA:1c01033c
15890991ns          262866 1c0081c6 0046a58b p.lw             x11, 4(x13!)        x11=404eeed0 x13=1c010980 x13:1c01097c  PA:1c01097c
15891310ns          262882 1c0081ca 58f577c3 fmadd.s          f15, f10, f15, f11  f15=xxxxxxxx f10:42281bb7 f15:4218ccce f11:404eeed0
15891330ns          262883 1c0081ce 00f4222b p.sw             x15, 4(x8!)          x8=10001658 x15:44c9155b  x8:10001654  PA:10001654
15891350ns          262884 1c0081c2 0046278b p.lw             x15, 4(x12!)        x15=42c5881a x12=1c010344 x12:1c010340  PA:1c010340
15891648ns          262899 1c0081c6 0046a58b p.lw             x11, 4(x13!)        x11=422509d1 x13=1c010984 x13:1c010980  PA:1c010980
15891966ns          262915 1c0081ca 58f577c3 fmadd.s          f15, f10, f15, f11  f15=xxxxxxxx f10:42281bb7 f15:42c5881a f11:422509d1
15891986ns          262916 1c0081ce 00f4222b p.sw             x15, 4(x8!)          x8=1000165c x15:458300c7  x8:10001658  PA:10001658
15892006ns          262917 1c0081c2 0046278b p.lw             x15, 4(x12!)        x15=42ac7661 x12=1c010348 x12:1c010344  PA:1c010344
15892304ns          262932 1c0081c6 0046a58b p.lw             x11, 4(x13!)        x11=420c44f8 x13=1c010988 x13:1c010984  PA:1c010984
15892623ns          262948 1c0081ca 58f577c3 fmadd.s          f15, f10, f15, f11  f15=xxxxxxxx f10:42281bb7 f15:42ac7661 f11:420c44f8
15892642ns          262949 1c0081ce 00f4222b p.sw             x15, 4(x8!)          x8=10001660 x15:4564b1cb  x8:1000165c  PA:1000165c
15892662ns          262950 1c0081c2 0046278b p.lw             x15, 4(x12!)        x15=41d2dda0 x12=1c01034c x12:1c010348  PA:1c010348
15892961ns          262965 1c0081c6 0046a58b p.lw             x11, 4(x13!)        x11=411f6a11 x13=1c01098c x13:1c010988  PA:1c010988
15893279ns          262981 1c0081ca 58f577c3 fmadd.s          f15, f10, f15, f11  f15=xxxxxxxx f10:42281bb7 f15:41d2dda0 f11:411f6a11
15893299ns          262982 1c0081ce 00f4222b p.sw             x15, 4(x8!)          x8=10001664 x15:448bb719  x8:10001660  PA:10001660
15893319ns          262983 1c0081c2 0046278b p.lw             x15, 4(x12!)        x15=4299af3e x12=1c010350 x12:1c01034c  PA:1c01034c
15893617ns          262998 1c0081c6 0046a58b p.lw             x11, 4(x13!)        x11=426e82d6 x13=1c010990 x13:1c01098c  PA:1c01098c
15893935ns          263014 1c0081ca 58f577c3 fmadd.s          f15, f10, f15, f11  f15=xxxxxxxx f10:42281bb7 f15:4299af3e f11:426e82d6
15893955ns          263015 1c0081ce 00f4222b p.sw             x15, 4(x8!)          x8=10001668 x15:454d9153  x8:10001664  PA:10001664
15893975ns          263016 1c0081c2 0046278b p.lw             x15, 4(x12!)        x15=4239ef17 x12=1c010354 x12:1c010350  PA:1c010350
15894273ns          263031 1c0081c6 0046a58b p.lw             x11, 4(x13!)        x11=4214a861 x13=1c010994 x13:1c010990  PA:1c010990
15894592ns          263047 1c0081ca 58f577c3 fmadd.s          f15, f10, f15, f11  f15=xxxxxxxx f10:42281bb7 f15:4239ef17 f11:4214a861
15894612ns          263048 1c0081ce 00f4222b p.sw             x15, 4(x8!)          x8=1000166c x15:44f8d753  x8:10001668  PA:10001668
15894632ns          263049 1c0081c2 0046278b p.lw             x15, 4(x12!)        x15=423f0e14 x12=1c010358 x12:1c010354  PA:1c010354
15894930ns          263064 1c0081c6 0046a58b p.lw             x11, 4(x13!)        x11=4222c852 x13=1c010998 x13:1c010994  PA:1c010994
15895248ns          263080 1c0081ca 58f577c3 fmadd.s          f15, f10, f15, f11  f15=xxxxxxxx f10:42281bb7 f15:423f0e14 f11:4222c852
15895268ns          263081 1c0081ce 00f4222b p.sw             x15, 4(x8!)          x8=10001670 x15:4500010d  x8:1000166c  PA:1000166c
15895288ns          263082 1c0081c2 0046278b p.lw             x15, 4(x12!)        x15=425f2892 x12=1c01035c x12:1c010358  PA:1c010358
15895586ns          263097 1c0081c6 0046a58b p.lw             x11, 4(x13!)        x11=4229885f x13=1c01099c x13:1c010998  PA:1c010998
15895905ns          263113 1c0081ca 58f577c3 fmadd.s          f15, f10, f15, f11  f15=xxxxxxxx f10:42281bb7 f15:425f2892 f11:4229885f
15895924ns          263114 1c0081ce 00f4222b p.sw             x15, 4(x8!)          x8=10001674 x15:451530ea  x8:10001670  PA:10001670
15895944ns          263115 1c0081c2 0046278b p.lw             x15, 4(x12!)        x15=425a617c x12=1c010360 x12:1c01035c  PA:1c01035c
15896243ns          263130 1c0081c6 0046a58b p.lw             x11, 4(x13!)        x11=42bcc397 x13=1c0109a0 x13:1c01099c  PA:1c01099c
15896561ns          263146 1c0081ca 58f577c3 fmadd.s          f15, f10, f15, f11  f15=xxxxxxxx f10:42281bb7 f15:425a617c f11:42bcc397
15896581ns          263147 1c0081ce 00f4222b p.sw             x15, 4(x8!)          x8=10001678 x15:45154dba  x8:10001674  PA:10001674
15896601ns          263148 1c0081c2 0046278b p.lw             x15, 4(x12!)        x15=418416da x12=1c010364 x12:1c010360  PA:1c010360
15896899ns          263163 1c0081c6 0046a58b p.lw             x11, 4(x13!)        x11=42a3cb3f x13=1c0109a4 x13:1c0109a0  PA:1c0109a0
15897217ns          263179 1c0081ca 58f577c3 fmadd.s          f15, f10, f15, f11  f15=xxxxxxxx f10:42281bb7 f15:418416da f11:42a3cb3f
15897237ns          263180 1c0081ce 00f4222b p.sw             x15, 4(x8!)          x8=1000167c x15:4441f400  x8:10001678  PA:10001678
15897257ns          263181 1c0081c2 0046278b p.lw             x15, 4(x12!)        x15=42a9b529 x12=1c010368 x12:1c010364  PA:1c010364
15897555ns          263196 1c0081c6 0046a58b p.lw             x11, 4(x13!)        x11=4202bba9 x13=1c0109a8 x13:1c0109a4  PA:1c0109a4
15897874ns          263212 1c0081ca 58f577c3 fmadd.s          f15, f10, f15, f11  f15=xxxxxxxx f10:42281bb7 f15:42a9b529 f11:4202bba9
15897894ns          263213 1c0081ce 00f4222b p.sw             x15, 4(x8!)          x8=10001680 x15:4560ed73  x8:1000167c  PA:1000167c
15897913ns          263214 1c0081c2 0046278b p.lw             x15, 4(x12!)        x15=42b90634 x12=1c01036c x12:1c010368  PA:1c010368
15898232ns          263230 1c0081c6 0046a58b p.lw             x11, 4(x13!)        x11=411e98ad x13=1c0109ac x13:1c0109a8  PA:1c0109a8
15898550ns          263246 1c0081ca 58f577c3 fmadd.s          f15, f10, f15, f11  f15=xxxxxxxx f10:42281bb7 f15:42b90634 f11:411e98ad
15898570ns          263247 1c0081ce 00f4222b p.sw             x15, 4(x8!)          x8=10001684 x15:45739ecd  x8:10001680  PA:10001680
15898590ns          263248 1c0081c2 0046278b p.lw             x15, 4(x12!)        x15=429a73dd x12=1c010370 x12:1c01036c  PA:1c01036c
15898888ns          263263 1c0081c6 0046a58b p.lw             x11, 4(x13!)        x11=4187068e x13=1c0109b0 x13:1c0109ac  PA:1c0109ac
15899206ns          263279 1c0081ca 58f577c3 fmadd.s          f15, f10, f15, f11  f15=xxxxxxxx f10:42281bb7 f15:429a73dd f11:4187068e
15899226ns          263280 1c0081ce 00f4222b p.sw             x15, 4(x8!)          x8=10001688 x15:454be790  x8:10001684  PA:10001684
15899246ns          263281 1c0081c2 0046278b p.lw             x15, 4(x12!)        x15=3fbc01d7 x12=1c010374 x12:1c010370  PA:1c010370
15899564ns          263297 1c0081c6 0046a58b p.lw             x11, 4(x13!)        x11=4276f9ca x13=1c0109b4 x13:1c0109b0  PA:1c0109b0
15899883ns          263313 1c0081ca 58f577c3 fmadd.s          f15, f10, f15, f11  f15=xxxxxxxx f10:42281bb7 f15:3fbc01d7 f11:4276f9ca
15899903ns          263314 1c0081ce 00f4222b p.sw             x15, 4(x8!)          x8=1000168c x15:42f6f275  x8:10001688  PA:10001688
15899922ns          263315 1c0081c2 0046278b p.lw             x15, 4(x12!)        x15=429cdc1b x12=1c010378 x12:1c010374  PA:1c010374
15900221ns          263330 1c0081c6 0046a58b p.lw             x11, 4(x13!)        x11=42a6d389 x13=1c0109b8 x13:1c0109b4  PA:1c0109b4
15900539ns          263346 1c0081ca 58f577c3 fmadd.s          f15, f10, f15, f11  f15=xxxxxxxx f10:42281bb7 f15:429cdc1b f11:42a6d389
15900559ns          263347 1c0081ce 00f4222b p.sw             x15, 4(x8!)          x8=10001690 x15:45533976  x8:1000168c  PA:1000168c
15900579ns          263348 1c0081c2 0046278b p.lw             x15, 4(x12!)        x15=42047ef0 x12=1c01037c x12:1c010378  PA:1c010378
15900897ns          263364 1c0081c6 0046a58b p.lw             x11, 4(x13!)        x11=429c27b4 x13=1c0109bc x13:1c0109b8  PA:1c0109b8
15901215ns          263380 1c0081ca 58f577c3 fmadd.s          f15, f10, f15, f11  f15=xxxxxxxx f10:42281bb7 f15:42047ef0 f11:429c27b4
15901235ns          263381 1c0081ce 00f4222b p.sw             x15, 4(x8!)          x8=10001694 x15:44b7c5c6  x8:10001690  PA:10001690
15901255ns          263382 1c0081c2 0046278b p.lw             x15, 4(x12!)        x15=42155e9e x12=1c010380 x12:1c01037c  PA:1c01037c
15901553ns          263397 1c0081c6 0046a58b p.lw             x11, 4(x13!)        x11=4215e21f x13=1c0109c0 x13:1c0109bc  PA:1c0109bc
15901872ns          263413 1c0081ca 58f577c3 fmadd.s          f15, f10, f15, f11  f15=xxxxxxxx f10:42281bb7 f15:42155e9e f11:4215e21f
15901892ns          263414 1c0081ce 00f4222b p.sw             x15, 4(x8!)          x8=10001698 x15:44c8db98  x8:10001694  PA:10001694
15901912ns          263415 1c0081c2 0046278b p.lw             x15, 4(x12!)        x15=40ab62ea x12=1c010384 x12:1c010380  PA:1c010380
15902230ns          263431 1c0081c6 0046a58b p.lw             x11, 4(x13!)        x11=4184194b x13=1c0109c4 x13:1c0109c0  PA:1c0109c0
15902548ns          263447 1c0081ca 58f577c3 fmadd.s          f15, f10, f15, f11  f15=xxxxxxxx f10:42281bb7 f15:40ab62ea f11:4184194b
15902568ns          263448 1c0081ce 00f4222b p.sw             x15, 4(x8!)          x8=1000169c x15:43719a18  x8:10001698  PA:10001698
15902588ns          263449 1c0081c2 0046278b p.lw             x15, 4(x12!)        x15=422ccd3a x12=1c010388 x12:1c010384  PA:1c010384
15902886ns          263464 1c0081c6 0046a58b p.lw             x11, 4(x13!)        x11=42aff8cf x13=1c0109c8 x13:1c0109c4  PA:1c0109c4
15903204ns          263480 1c0081ca 58f577c3 fmadd.s          f15, f10, f15, f11  f15=xxxxxxxx f10:42281bb7 f15:422ccd3a f11:42aff8cf
15903224ns          263481 1c0081ce 00f4222b p.sw             x15, 4(x8!)          x8=100016a0 x15:44edf253  x8:1000169c  PA:1000169c
15903244ns          263482 1c0081c2 0046278b p.lw             x15, 4(x12!)        x15=42372667 x12=1c01038c x12:1c010388  PA:1c010388
15903562ns          263498 1c0081c6 0046a58b p.lw             x11, 4(x13!)        x11=40edece1 x13=1c0109cc x13:1c0109c8  PA:1c0109c8
15903881ns          263514 1c0081ca 58f577c3 fmadd.s          f15, f10, f15, f11  f15=xxxxxxxx f10:42281bb7 f15:42372667 f11:40edece1
15903901ns          263515 1c0081ce 00f4222b p.sw             x15, 4(x8!)          x8=100016a4 x15:44f177fc  x8:100016a0  PA:100016a0
15903920ns          263516 1c0081c2 0046278b p.lw             x15, 4(x12!)        x15=41c3cd0f x12=1c010390 x12:1c01038c  PA:1c01038c
15904219ns          263531 1c0081c6 0046a58b p.lw             x11, 4(x13!)        x11=4044aff9 x13=1c0109d0 x13:1c0109cc  PA:1c0109cc
15904537ns          263547 1c0081ca 58f577c3 fmadd.s          f15, f10, f15, f11  f15=xxxxxxxx f10:42281bb7 f15:41c3cd0f f11:4044aff9
15904557ns          263548 1c0081ce 00f4222b p.sw             x15, 4(x8!)          x8=100016a8 x15:4480f61c  x8:100016a4  PA:100016a4
15904577ns          263549 1c0081c2 0046278b p.lw             x15, 4(x12!)        x15=42b53e66 x12=1c010394 x12:1c010390  PA:1c010390
15904895ns          263565 1c0081c6 0046a58b p.lw             x11, 4(x13!)        x11=4257e89e x13=1c0109d4 x13:1c0109d0  PA:1c0109d0
15905213ns          263581 1c0081ca 58f577c3 fmadd.s          f15, f10, f15, f11  f15=xxxxxxxx f10:42281bb7 f15:42b53e66 f11:4257e89e
15905233ns          263582 1c0081ce 00f4222b p.sw             x15, 4(x8!)          x8=100016ac x15:457168c7  x8:100016a8  PA:100016a8
15905253ns          263583 1c0081c2 0046278b p.lw             x15, 4(x12!)        x15=421a433d x12=1c010398 x12:1c010394  PA:1c010394
15905552ns          263598 1c0081c6 0046a58b p.lw             x11, 4(x13!)        x11=428ca28a x13=1c0109d8 x13:1c0109d4  PA:1c0109d4
15905870ns          263614 1c0081ca 58f577c3 fmadd.s          f15, f10, f15, f11  f15=xxxxxxxx f10:42281bb7 f15:421a433d f11:428ca28a
15905890ns          263615 1c0081ce 00f4222b p.sw             x15, 4(x8!)          x8=100016b0 x15:44d363cf  x8:100016ac  PA:100016ac
15905910ns          263616 1c0081c2 0046278b p.lw             x15, 4(x12!)        x15=413307a9 x12=1c01039c x12:1c010398  PA:1c010398
15906228ns          263632 1c0081c6 0046a58b p.lw             x11, 4(x13!)        x11=425da08c x13=1c0109dc x13:1c0109d8  PA:1c0109d8
15906546ns          263648 1c0081ca 58f577c3 fmadd.s          f15, f10, f15, f11  f15=xxxxxxxx f10:42281bb7 f15:413307a9 f11:425da08c
15906566ns          263649 1c0081ce 00f4222b p.sw             x15, 4(x8!)          x8=100016b4 x15:44036a71  x8:100016b0  PA:100016b0
15906586ns          263650 1c0081c2 0046278b p.lw             x15, 4(x12!)        x15=429e51a8 x12=1c0103a0 x12:1c01039c  PA:1c01039c
15906884ns          263665 1c0081c6 0046a58b p.lw             x11, 4(x13!)        x11=41962258 x13=1c0109e0 x13:1c0109dc  PA:1c0109dc
15907202ns          263681 1c0081ca 58f577c3 fmadd.s          f15, f10, f15, f11  f15=xxxxxxxx f10:42281bb7 f15:429e51a8 f11:41962258
15907222ns          263682 1c0081ce 00f4222b p.sw             x15, 4(x8!)          x8=100016b8 x15:455119b9  x8:100016b4  PA:100016b4
15907242ns          263683 1c0081c2 0046278b p.lw             x15, 4(x12!)        x15=416a9c1d x12=1c0103a4 x12:1c0103a0  PA:1c0103a0
15907560ns          263699 1c0081c6 0046a58b p.lw             x11, 4(x13!)        x11=4294ed47 x13=1c0109e4 x13:1c0109e0  PA:1c0109e0
15907879ns          263715 1c0081ca 58f577c3 fmadd.s          f15, f10, f15, f11  f15=xxxxxxxx f10:42281bb7 f15:416a9c1d f11:4294ed47
15907899ns          263716 1c0081ce 00f4222b p.sw             x15, 4(x8!)          x8=100016bc x15:442cad82  x8:100016b8  PA:100016b8
15907919ns          263717 1c0081c2 0046278b p.lw             x15, 4(x12!)        x15=422a11aa x12=1c0103a8 x12:1c0103a4  PA:1c0103a4
15908217ns          263732 1c0081c6 0046a58b p.lw             x11, 4(x13!)        x11=419a5721 x13=1c0109e8 x13:1c0109e4  PA:1c0109e4
15908535ns          263748 1c0081ca 58f577c3 fmadd.s          f15, f10, f15, f11  f15=xxxxxxxx f10:42281bb7 f15:422a11aa f11:419a5721
15908555ns          263749 1c0081ce 00f4222b p.sw             x15, 4(x8!)          x8=100016c0 x15:44e1c55f  x8:100016bc  PA:100016bc
15908575ns          263750 1c0081c2 0046278b p.lw             x15, 4(x12!)        x15=426d294b x12=1c0103ac x12:1c0103a8  PA:1c0103a8
15908893ns          263766 1c0081c6 0046a58b p.lw             x11, 4(x13!)        x11=421e79be x13=1c0109ec x13:1c0109e8  PA:1c0109e8
15909211ns          263782 1c0081ca 58f577c3 fmadd.s          f15, f10, f15, f11  f15=xxxxxxxx f10:42281bb7 f15:426d294b f11:421e79be
15909231ns          263783 1c0081ce 00f4222b p.sw             x15, 4(x8!)          x8=100016c4 x15:451e36ad  x8:100016c0  PA:100016c0
15909251ns          263784 1c0081c2 0046278b p.lw             x15, 4(x12!)        x15=3efeeafb x12=1c0103b0 x12:1c0103ac  PA:1c0103ac
15909550ns          263799 1c0081c6 0046a58b p.lw             x11, 4(x13!)        x11=42b57a91 x13=1c0109f0 x13:1c0109ec  PA:1c0109ec
15909868ns          263815 1c0081ca 58f577c3 fmadd.s          f15, f10, f15, f11  f15=xxxxxxxx f10:42281bb7 f15:3efeeafb f11:42b57a91
15909888ns          263816 1c0081ce 00f4222b p.sw             x15, 4(x8!)          x8=100016c8 x15:42df5404  x8:100016c4  PA:100016c4
15909908ns          263817 1c0081c2 0046278b p.lw             x15, 4(x12!)        x15=42615fbf x12=1c0103b4 x12:1c0103b0  PA:1c0103b0
15910226ns          263833 1c0081c6 0046a58b p.lw             x11, 4(x13!)        x11=42a1be90 x13=1c0109f4 x13:1c0109f0  PA:1c0109f0
15910544ns          263849 1c0081ca 58f577c3 fmadd.s          f15, f10, f15, f11  f15=xxxxxxxx f10:42281bb7 f15:42615fbf f11:42a1be90
15910564ns          263850 1c0081ce 00f4222b p.sw             x15, 4(x8!)          x8=100016cc x15:45190d30  x8:100016c8  PA:100016c8
15910584ns          263851 1c0081c2 0046278b p.lw             x15, 4(x12!)        x15=41f0631d x12=1c0103b8 x12:1c0103b4  PA:1c0103b4
15910882ns          263866 1c0081c6 0046a58b p.lw             x11, 4(x13!)        x11=423e72f0 x13=1c0109f8 x13:1c0109f4  PA:1c0109f4
15911201ns          263882 1c0081ca 58f577c3 fmadd.s          f15, f10, f15, f11  f15=xxxxxxxx f10:42281bb7 f15:41f0631d f11:423e72f0
15911220ns          263883 1c0081ce 00f4222b p.sw             x15, 4(x8!)          x8=100016d0 x15:44a3cea9  x8:100016cc  PA:100016cc
15911240ns          263884 1c0081c2 0046278b p.lw             x15, 4(x12!)        x15=420dbb54 x12=1c0103bc x12:1c0103b8  PA:1c0103b8
15911559ns          263900 1c0081c6 0046a58b p.lw             x11, 4(x13!)        x11=41790296 x13=1c0109fc x13:1c0109f8  PA:1c0109f8
15911877ns          263916 1c0081ca 58f577c3 fmadd.s          f15, f10, f15, f11  f15=xxxxxxxx f10:42281bb7 f15:420dbb54 f11:41790296
15911897ns          263917 1c0081ce 00f4222b p.sw             x15, 4(x8!)          x8=100016d4 x15:44bc1694  x8:100016d0  PA:100016d0
15911917ns          263918 1c0081c2 0046278b p.lw             x15, 4(x12!)        x15=42241586 x12=1c0103c0 x12:1c0103bc  PA:1c0103bc
15912215ns          263933 1c0081c6 0046a58b p.lw             x11, 4(x13!)        x11=420fe18a x13=1c010a00 x13:1c0109fc  PA:1c0109fc
15912533ns          263949 1c0081ca 58f577c3 fmadd.s          f15, f10, f15, f11  f15=xxxxxxxx f10:42281bb7 f15:42241586 f11:420fe18a
15912553ns          263950 1c0081ce 00f4222b p.sw             x15, 4(x8!)          x8=100016d8 x15:44dbfed3  x8:100016d4  PA:100016d4
15912573ns          263951 1c0081c2 0046278b p.lw             x15, 4(x12!)        x15=4275dc74 x12=1c0103c4 x12:1c0103c0  PA:1c0103c0
15912891ns          263967 1c0081c6 0046a58b p.lw             x11, 4(x13!)        x11=42a574d0 x13=1c010a04 x13:1c010a00  PA:1c010a00
15913209ns          263983 1c0081ca 58f577c3 fmadd.s          f15, f10, f15, f11  f15=xxxxxxxx f10:42281bb7 f15:4275dc74 f11:42a574d0
15913229ns          263984 1c0081ce 00f4222b p.sw             x15, 4(x8!)          x8=100016dc x15:45269ef1  x8:100016d8  PA:100016d8
15913249ns          263985 1c0081c2 0046278b p.lw             x15, 4(x12!)        x15=421c8cde x12=1c0103c8 x12:1c0103c4  PA:1c0103c4
15913548ns          264000 1c0081c6 0046a58b p.lw             x11, 4(x13!)        x11=42bc6471 x13=1c010a08 x13:1c010a04  PA:1c010a04
15913866ns          264016 1c0081ca 58f577c3 fmadd.s          f15, f10, f15, f11  f15=xxxxxxxx f10:42281bb7 f15:421c8cde f11:42bc6471
15913886ns          264017 1c0081ce 00f4222b p.sw             x15, 4(x8!)          x8=100016e0 x15:44d96110  x8:100016dc  PA:100016dc
15913906ns          264018 1c0081c2 0046278b p.lw             x15, 4(x12!)        x15=41906bbf x12=1c0103cc x12:1c0103c8  PA:1c0103c8
15914224ns          264034 1c0081c6 0046a58b p.lw             x11, 4(x13!)        x11=428983ec x13=1c010a0c x13:1c010a08  PA:1c010a08
15914542ns          264050 1c0081ca 58f577c3 fmadd.s          f15, f10, f15, f11  f15=xxxxxxxx f10:42281bb7 f15:41906bbf f11:428983ec
15914562ns          264051 1c0081ce 00f4222b p.sw             x15, 4(x8!)          x8=100016e4 x15:444edd2d  x8:100016e0  PA:100016e0
15914582ns          264052 1c0081c2 0046278b p.lw             x15, 4(x12!)        x15=42af5aa9 x12=1c0103d0 x12:1c0103cc  PA:1c0103cc
15914880ns          264067 1c0081c6 0046a58b p.lw             x11, 4(x13!)        x11=42c40f07 x13=1c010a10 x13:1c010a0c  PA:1c010a0c
15915199ns          264083 1c0081ca 58f577c3 fmadd.s          f15, f10, f15, f11  f15=xxxxxxxx f10:42281bb7 f15:42af5aa9 f11:42c40f07
15915218ns          264084 1c0081ce 00f4222b p.sw             x15, 4(x8!)          x8=100016e8 x15:456c6d6e  x8:100016e4  PA:100016e4
15915238ns          264085 1c0081c2 0046278b p.lw             x15, 4(x12!)        x15=418ccfc7 x12=1c0103d4 x12:1c0103d0  PA:1c0103d0
15915557ns          264101 1c0081c6 0046a58b p.lw             x11, 4(x13!)        x11=42997d85 x13=1c010a14 x13:1c010a10  PA:1c010a10
15915875ns          264117 1c0081ca 58f577c3 fmadd.s          f15, f10, f15, f11  f15=xxxxxxxx f10:42281bb7 f15:418ccfc7 f11:42997d85
15915895ns          264118 1c0081ce 00f4222b p.sw             x15, 4(x8!)          x8=100016ec x15:444c1ee3  x8:100016e8  PA:100016e8
15915915ns          264119 1c0081c2 0046278b p.lw             x15, 4(x12!)        x15=419fbf55 x12=1c0103d8 x12:1c0103d4  PA:1c0103d4
15916213ns          264134 1c0081c6 0046a58b p.lw             x11, 4(x13!)        x11=4288cf75 x13=1c010a18 x13:1c010a14  PA:1c010a14
15916531ns          264150 1c0081ca 58f577c3 fmadd.s          f15, f10, f15, f11  f15=xxxxxxxx f10:42281bb7 f15:419fbf55 f11:4288cf75
15916551ns          264151 1c0081ce 00f4222b p.sw             x15, 4(x8!)          x8=100016f0 x15:4462e7a5  x8:100016ec  PA:100016ec
15916571ns          264152 1c0081c2 0046278b p.lw             x15, 4(x12!)        x15=423b801c x12=1c0103dc x12:1c0103d8  PA:1c0103d8
15916889ns          264168 1c0081c6 0046a58b p.lw             x11, 4(x13!)        x11=42077e34 x13=1c010a1c x13:1c010a18  PA:1c010a18
15917208ns          264184 1c0081ca 58f577c3 fmadd.s          f15, f10, f15, f11  f15=xxxxxxxx f10:42281bb7 f15:423b801c f11:42077e34
15917227ns          264185 1c0081ce 00f4222b p.sw             x15, 4(x8!)          x8=100016f4 x15:44fa7caf  x8:100016f0  PA:100016f0
15917247ns          264186 1c0081c2 0046278b p.lw             x15, 4(x12!)        x15=405d6a3a x12=1c0103e0 x12:1c0103dc  PA:1c0103dc
15917546ns          264201 1c0081c6 0046a58b p.lw             x11, 4(x13!)        x11=42008a24 x13=1c010a20 x13:1c010a1c  PA:1c010a1c
15917864ns          264217 1c0081ca 58f577c3 fmadd.s          f15, f10, f15, f11  f15=xxxxxxxx f10:42281bb7 f15:405d6a3a f11:42008a24
15917884ns          264218 1c0081ce 00f4222b p.sw             x15, 4(x8!)          x8=100016f8 x15:43318838  x8:100016f4  PA:100016f4
15917904ns          264219 1c0081c2 0046278b p.lw             x15, 4(x12!)        x15=428b366e x12=1c0103e4 x12:1c0103e0  PA:1c0103e0
15918202ns          264234 1c0081c6 0046a58b p.lw             x11, 4(x13!)        x11=423d7c00 x13=1c010a24 x13:1c010a20  PA:1c010a20
15918520ns          264250 1c0081ca 58f577c3 fmadd.s          f15, f10, f15, f11  f15=xxxxxxxx f10:42281bb7 f15:428b366e f11:423d7c00
15918540ns          264251 1c0081ce 00f4222b p.sw             x15, 4(x8!)          x8=100016fc x15:4539cb85  x8:100016f8  PA:100016f8
15918560ns          264252 1c0081c2 0046278b p.lw             x15, 4(x12!)        x15=419c84f9 x12=1c0103e8 x12:1c0103e4  PA:1c0103e4
15918858ns          264267 1c0081c6 0046a58b p.lw             x11, 4(x13!)        x11=425357bb x13=1c010a28 x13:1c010a24  PA:1c010a24
15919177ns          264283 1c0081ca 58f577c3 fmadd.s          f15, f10, f15, f11  f15=xxxxxxxx f10:42281bb7 f15:419c84f9 f11:425357bb
15919197ns          264284 1c0081ce 00f4222b p.sw             x15, 4(x8!)          x8=10001700 x15:445ac5e6  x8:100016fc  PA:100016fc
15919216ns          264285 1c0081c2 0046278b p.lw             x15, 4(x12!)        x15=41c32dd9 x12=1c0103ec x12:1c0103e8  PA:1c0103e8
15919535ns          264301 1c0081c6 0046a58b p.lw             x11, 4(x13!)        x11=429a5379 x13=1c010a2c x13:1c010a28  PA:1c010a28
15919853ns          264317 1c0081ca 58f577c3 fmadd.s          f15, f10, f15, f11  f15=xxxxxxxx f10:42281bb7 f15:41c32dd9 f11:429a5379
15919873ns          264318 1c0081ce 00f4222b p.sw             x15, 4(x8!)          x8=10001704 x15:4489d06f  x8:10001700  PA:10001700
15919893ns          264319 1c0081c2 0046278b p.lw             x15, 4(x12!)        x15=428c8b0e x12=1c0103f0 x12:1c0103ec  PA:1c0103ec
15920191ns          264334 1c0081c6 0046a58b p.lw             x11, 4(x13!)        x11=41006504 x13=1c010a30 x13:1c010a2c  PA:1c010a2c
15920509ns          264350 1c0081ca 58f577c3 fmadd.s          f15, f10, f15, f11  f15=xxxxxxxx f10:42281bb7 f15:428c8b0e f11:41006504
15920529ns          264351 1c0081ce 00f4222b p.sw             x15, 4(x8!)          x8=10001708 x15:45391556  x8:10001704  PA:10001704
15920549ns          264352 1c0081c2 0046278b p.lw             x15, 4(x12!)        x15=421ed045 x12=1c0103f4 x12:1c0103f0  PA:1c0103f0
15920867ns          264368 1c0081c6 0046a58b p.lw             x11, 4(x13!)        x11=41b81b1b x13=1c010a34 x13:1c010a30  PA:1c010a30
15921186ns          264384 1c0081ca 58f577c3 fmadd.s          f15, f10, f15, f11  f15=xxxxxxxx f10:42281bb7 f15:421ed045 f11:41b81b1b
15921206ns          264385 1c0081ce 00f4222b p.sw             x15, 4(x8!)          x8=1000170c x15:44d3742a  x8:10001708  PA:10001708
15921225ns          264386 1c0081c2 0046278b p.lw             x15, 4(x12!)        x15=41dcd40e x12=1c0103f8 x12:1c0103f4  PA:1c0103f4
15921524ns          264401 1c0081c6 0046a58b p.lw             x11, 4(x13!)        x11=4283b27c x13=1c010a38 x13:1c010a34  PA:1c010a34
15921842ns          264417 1c0081ca 58f577c3 fmadd.s          f15, f10, f15, f11  f15=xxxxxxxx f10:42281bb7 f15:41dcd40e f11:4283b27c
15921862ns          264418 1c0081ce 00f4222b p.sw             x15, 4(x8!)          x8=10001710 x15:44993e39  x8:1000170c  PA:1000170c
15921882ns          264419 1c0081c2 0046278b p.lw             x15, 4(x12!)        x15=42a2357b x12=1c0103fc x12:1c0103f8  PA:1c0103f8
15922200ns          264435 1c0081c6 0046a58b p.lw             x11, 4(x13!)        x11=40c23375 x13=1c010a3c x13:1c010a38  PA:1c010a38
15922518ns          264451 1c0081ca 58f577c3 fmadd.s          f15, f10, f15, f11  f15=xxxxxxxx f10:42281bb7 f15:42a2357b f11:40c23375
15922538ns          264452 1c0081ce 00f4222b p.sw             x15, 4(x8!)          x8=10001714 x15:45556a6a  x8:10001710  PA:10001710
15922558ns          264453 1c0081c2 0046278b p.lw             x15, 4(x12!)        x15=42741c95 x12=1c010400 x12:1c0103fc  PA:1c0103fc
15922856ns          264468 1c0081c6 0046a58b p.lw             x11, 4(x13!)        x11=428d505d x13=1c010a40 x13:1c010a3c  PA:1c010a3c
15923175ns          264484 1c0081ca 58f577c3 fmadd.s          f15, f10, f15, f11  f15=xxxxxxxx f10:42281bb7 f15:42741c95 f11:428d505d
15923195ns          264485 1c0081ce 00f4222b p.sw             x15, 4(x8!)          x8=10001718 x15:4524b7b2  x8:10001714  PA:10001714
15923215ns          264486 1c0081c2 0046278b p.lw             x15, 4(x12!)        x15=42709351 x12=1c010404 x12:1c010400  PA:1c010400
15923533ns          264502 1c0081c6 0046a58b p.lw             x11, 4(x13!)        x11=42a48057 x13=1c010a44 x13:1c010a40  PA:1c010a40
15923851ns          264518 1c0081ca 58f577c3 fmadd.s          f15, f10, f15, f11  f15=xxxxxxxx f10:42281bb7 f15:42709351 f11:42a48057
15923871ns          264519 1c0081ce 00f4222b p.sw             x15, 4(x8!)          x8=1000171c x15:45231ebb  x8:10001718  PA:10001718
15923891ns          264520 1c0081c2 0046278b p.lw             x15, 4(x12!)        x15=42186fb0 x12=1c010408 x12:1c010404  PA:1c010404
15924189ns          264535 1c0081c6 0046a58b p.lw             x11, 4(x13!)        x11=42c1c941 x13=1c010a48 x13:1c010a44  PA:1c010a44
15924507ns          264551 1c0081ca 58f577c3 fmadd.s          f15, f10, f15, f11  f15=xxxxxxxx f10:42281bb7 f15:42186fb0 f11:42c1c941
15924527ns          264552 1c0081ce 00f4222b p.sw             x15, 4(x8!)          x8=10001720 x15:44d4502d  x8:1000171c  PA:1000171c
15924547ns          264553 1c0081c2 0046278b p.lw             x15, 4(x12!)        x15=41762631 x12=1c01040c x12:1c010408  PA:1c010408
15924865ns          264569 1c0081c6 0046a58b p.lw             x11, 4(x13!)        x11=4244d6ac x13=1c010a4c x13:1c010a48  PA:1c010a48
15925184ns          264585 1c0081ca 58f577c3 fmadd.s          f15, f10, f15, f11  f15=xxxxxxxx f10:42281bb7 f15:41762631 f11:4244d6ac
15925204ns          264586 1c0081ce 00f4222b p.sw             x15, 4(x8!)          x8=10001724 x15:442df121  x8:10001720  PA:10001720
15925223ns          264587 1c0081c2 0046278b p.lw             x15, 4(x12!)        x15=41809210 x12=1c010410 x12:1c01040c  PA:1c01040c
15925522ns          264602 1c0081c6 0046a58b p.lw             x11, 4(x13!)        x11=42b578de x13=1c010a50 x13:1c010a4c  PA:1c010a4c
15925840ns          264618 1c0081ca 58f577c3 fmadd.s          f15, f10, f15, f11  f15=xxxxxxxx f10:42281bb7 f15:41809210 f11:42b578de
15925860ns          264619 1c0081ce 00f4222b p.sw             x15, 4(x8!)          x8=10001728 x15:443f8aa7  x8:10001724  PA:10001724
15925880ns          264620 1c0081c2 0046278b p.lw             x15, 4(x12!)        x15=41c97574 x12=1c010414 x12:1c010410  PA:1c010410
15926198ns          264636 1c0081c6 0046a58b p.lw             x11, 4(x13!)        x11=41b26028 x13=1c010a54 x13:1c010a50  PA:1c010a50
15926516ns          264652 1c0081ca 58f577c3 fmadd.s          f15, f10, f15, f11  f15=xxxxxxxx f10:42281bb7 f15:41c97574 f11:41b26028
15926536ns          264653 1c0081ce 00f4222b p.sw             x15, 4(x8!)          x8=1000172c x15:44871464  x8:10001728  PA:10001728
15926556ns          264654 1c0081c2 0046278b p.lw             x15, 4(x12!)        x15=425a29b8 x12=1c010418 x12:1c010414  PA:1c010414
15926855ns          264669 1c0081c6 0046a58b p.lw             x11, 4(x13!)        x11=4102922d x13=1c010a58 x13:1c010a54  PA:1c010a54
15927173ns          264685 1c0081ca 58f577c3 fmadd.s          f15, f10, f15, f11  f15=xxxxxxxx f10:42281bb7 f15:425a29b8 f11:4102922d
15927193ns          264686 1c0081ce 00f4222b p.sw             x15, 4(x8!)          x8=10001730 x15:450fc591  x8:1000172c  PA:1000172c
15927213ns          264687 1c0081c2 0046278b p.lw             x15, 4(x12!)        x15=427c05e3 x12=1c01041c x12:1c010418  PA:1c010418
15927531ns          264703 1c0081c6 0046a58b p.lw             x11, 4(x13!)        x11=4285c84c x13=1c010a5c x13:1c010a58  PA:1c010a58
15927849ns          264719 1c0081ca 58f577c3 fmadd.s          f15, f10, f15, f11  f15=xxxxxxxx f10:42281bb7 f15:427c05e3 f11:4285c84c
15927869ns          264720 1c0081ce 00f4222b p.sw             x15, 4(x8!)          x8=10001734 x15:4529ad68  x8:10001730  PA:10001730
15927889ns          264721 1c0081c2 0046278b p.lw             x15, 4(x12!)        x15=411f1a69 x12=1c010420 x12:1c01041c  PA:1c01041c
15928187ns          264736 1c0081c6 0046a58b p.lw             x11, 4(x13!)        x11=418d7e4a x13=1c010a60 x13:1c010a5c  PA:1c010a5c
15928505ns          264752 1c0081ca 58f577c3 fmadd.s          f15, f10, f15, f11  f15=xxxxxxxx f10:42281bb7 f15:411f1a69 f11:418d7e4a
15928525ns          264753 1c0081ce 00f4222b p.sw             x15, 4(x8!)          x8=10001738 x15:43d9cd01  x8:10001734  PA:10001734
15928545ns          264754 1c0081c2 0046278b p.lw             x15, 4(x12!)        x15=42504353 x12=1c010424 x12:1c010420  PA:1c010420
15928863ns          264770 1c0081c6 0046a58b p.lw             x11, 4(x13!)        x11=42b1957d x13=1c010a64 x13:1c010a60  PA:1c010a60
15929182ns          264786 1c0081ca 58f577c3 fmadd.s          f15, f10, f15, f11  f15=xxxxxxxx f10:42281bb7 f15:42504353 f11:42b1957d
15929202ns          264787 1c0081ce 00f4222b p.sw             x15, 4(x8!)          x8=1000173c x15:450e4f66  x8:10001738  PA:10001738
15929222ns          264788 1c0081c2 0046278b p.lw             x15, 4(x12!)        x15=4260d121 x12=1c010428 x12:1c010424  PA:1c010424
15929520ns          264803 1c0081c6 0046a58b p.lw             x11, 4(x13!)        x11=41a9f83b x13=1c010a68 x13:1c010a64  PA:1c010a64
15929838ns          264819 1c0081ca 58f577c3 fmadd.s          f15, f10, f15, f11  f15=xxxxxxxx f10:42281bb7 f15:4260d121 f11:41a9f83b
15929858ns          264820 1c0081ce 00f4222b p.sw             x15, 4(x8!)          x8=10001740 x15:4514f585  x8:1000173c  PA:1000173c
15929878ns          264821 1c0081c2 0046278b p.lw             x15, 4(x12!)        x15=42b7bcb1 x12=1c01042c x12:1c010428  PA:1c010428
15930196ns          264837 1c0081c6 0046a58b p.lw             x11, 4(x13!)        x11=42964166 x13=1c010a6c x13:1c010a68  PA:1c010a68
15930514ns          264853 1c0081ca 58f577c3 fmadd.s          f15, f10, f15, f11  f15=xxxxxxxx f10:42281bb7 f15:42b7bcb1 f11:42964166
15930534ns          264854 1c0081ce 00f4222b p.sw             x15, 4(x8!)          x8=10001744 x15:4576017c  x8:10001740  PA:10001740
15930554ns          264855 1c0081c2 0046278b p.lw             x15, 4(x12!)        x15=418dd3e5 x12=1c010430 x12:1c01042c  PA:1c01042c
15930853ns          264870 1c0081c6 0046a58b p.lw             x11, 4(x13!)        x11=421c22e3 x13=1c010a70 x13:1c010a6c  PA:1c010a6c
15931171ns          264886 1c0081ca 58f577c3 fmadd.s          f15, f10, f15, f11  f15=xxxxxxxx f10:42281bb7 f15:418dd3e5 f11:421c22e3
15931191ns          264887 1c0081ce 00f4222b p.sw             x15, 4(x8!)          x8=10001748 x15:44440700  x8:10001744  PA:10001744
15931211ns          264888 1c0081c2 0046278b p.lw             x15, 4(x12!)        x15=420fd787 x12=1c010434 x12:1c010430  PA:1c010430
15931529ns          264904 1c0081c6 0046a58b p.lw             x11, 4(x13!)        x11=42ae848f x13=1c010a74 x13:1c010a70  PA:1c010a70
15931847ns          264920 1c0081ca 58f577c3 fmadd.s          f15, f10, f15, f11  f15=xxxxxxxx f10:42281bb7 f15:420fd787 f11:42ae848f
15931867ns          264921 1c0081ce 00f4222b p.sw             x15, 4(x8!)          x8=1000174c x15:44c7d24f  x8:10001748  PA:10001748
15931887ns          264922 1c0081c2 0046278b p.lw             x15, 4(x12!)        x15=4263b3f8 x12=1c010438 x12:1c010434  PA:1c010434
15932185ns          264937 1c0081c6 0046a58b p.lw             x11, 4(x13!)        x11=42b362e0 x13=1c010a78 x13:1c010a74  PA:1c010a74
15932503ns          264953 1c0081ca 58f577c3 fmadd.s          f15, f10, f15, f11  f15=xxxxxxxx f10:42281bb7 f15:4263b3f8 f11:42b362e0
15932523ns          264954 1c0081ce 00f4222b p.sw             x15, 4(x8!)          x8=10001750 x15:451b21d9  x8:1000174c  PA:1000174c
15932543ns          264955 1c0081c2 0046278b p.lw             x15, 4(x12!)        x15=420730c7 x12=1c01043c x12:1c010438  PA:1c010438
15932862ns          264971 1c0081c6 0046a58b p.lw             x11, 4(x13!)        x11=42bd2ca2 x13=1c010a7c x13:1c010a78  PA:1c010a78
15933180ns          264987 1c0081ca 58f577c3 fmadd.s          f15, f10, f15, f11  f15=xxxxxxxx f10:42281bb7 f15:420730c7 f11:42bd2ca2
15933200ns          264988 1c0081ce 00f4222b p.sw             x15, 4(x8!)          x8=10001754 x15:44bd6015  x8:10001750  PA:10001750
15933220ns          264989 1c0081c2 0046278b p.lw             x15, 4(x12!)        x15=427b6868 x12=1c010440 x12:1c01043c  PA:1c01043c
15933518ns          265004 1c0081c6 0046a58b p.lw             x11, 4(x13!)        x11=4295f53d x13=1c010a80 x13:1c010a7c  PA:1c010a7c
15933836ns          265020 1c0081ca 58f577c3 fmadd.s          f15, f10, f15, f11  f15=xxxxxxxx f10:42281bb7 f15:427b6868 f11:4295f53d
15933856ns          265021 1c0081ce 00f4222b p.sw             x15, 4(x8!)          x8=10001758 x15:4529c766  x8:10001754  PA:10001754
15933876ns          265022 1c0081c2 0046278b p.lw             x15, 4(x12!)        x15=425b5dc6 x12=1c010444 x12:1c010440  PA:1c010440
15934194ns          265038 1c0081c6 0046a58b p.lw             x11, 4(x13!)        x11=42be1648 x13=1c010a84 x13:1c010a80  PA:1c010a80
15934512ns          265054 1c0081ca 58f577c3 fmadd.s          f15, f10, f15, f11  f15=xxxxxxxx f10:42281bb7 f15:425b5dc6 f11:42be1648
15934532ns          265055 1c0081ce 00f4222b p.sw             x15, 4(x8!)          x8=1000175c x15:4515fdfc  x8:10001758  PA:10001758
15934552ns          265056 1c0081c2 0046278b p.lw             x15, 4(x12!)        x15=422da699 x12=1c010448 x12:1c010444  PA:1c010444
15934851ns          265071 1c0081c6 0046a58b p.lw             x11, 4(x13!)        x11=425b9ae3 x13=1c010a88 x13:1c010a84  PA:1c010a84
15935169ns          265087 1c0081ca 58f577c3 fmadd.s          f15, f10, f15, f11  f15=xxxxxxxx f10:42281bb7 f15:422da699 f11:425b9ae3
15935189ns          265088 1c0081ce 00f4222b p.sw             x15, 4(x8!)          x8=10001760 x15:44eaed19  x8:1000175c  PA:1000175c
15935209ns          265089 1c0081c2 0046278b p.lw             x15, 4(x12!)        x15=42c59023 x12=1c01044c x12:1c010448  PA:1c010448
15935527ns          265105 1c0081c6 0046a58b p.lw             x11, 4(x13!)        x11=4137e21f x13=1c010a8c x13:1c010a88  PA:1c010a88
15935845ns          265121 1c0081ca 58f577c3 fmadd.s          f15, f10, f15, f11  f15=xxxxxxxx f10:42281bb7 f15:42c59023 f11:4137e21f
15935865ns          265122 1c0081ce 00f4222b p.sw             x15, 4(x8!)          x8=10001764 x15:458217eb  x8:10001760  PA:10001760
15935885ns          265123 1c0081c2 0046278b p.lw             x15, 4(x12!)        x15=420a676d x12=1c010450 x12:1c01044c  PA:1c01044c
15936183ns          265138 1c0081c6 0046a58b p.lw             x11, 4(x13!)        x11=413060c9 x13=1c010a90 x13:1c010a8c  PA:1c010a8c
15936502ns          265154 1c0081ca 58f577c3 fmadd.s          f15, f10, f15, f11  f15=xxxxxxxx f10:42281bb7 f15:420a676d f11:413060c9
15936521ns          265155 1c0081ce 00f4222b p.sw             x15, 4(x8!)          x8=10001768 x15:44b72678  x8:10001764  PA:10001764
15936541ns          265156 1c0081c2 0046278b p.lw             x15, 4(x12!)        x15=425f97c3 x12=1c010454 x12:1c010450  PA:1c010450
15936860ns          265172 1c0081c6 0046a58b p.lw             x11, 4(x13!)        x11=421630a5 x13=1c010a94 x13:1c010a90  PA:1c010a90
15937178ns          265188 1c0081ca 58f577c3 fmadd.s          f15, f10, f15, f11  f15=xxxxxxxx f10:42281bb7 f15:425f97c3 f11:421630a5
15937198ns          265189 1c0081ce 00f4222b p.sw             x15, 4(x8!)          x8=1000176c x15:45152c8f  x8:10001768  PA:10001768
15937218ns          265190 1c0081c2 0046278b p.lw             x15, 4(x12!)        x15=42c2030c x12=1c010458 x12:1c010454  PA:1c010454
15937516ns          265205 1c0081c6 0046a58b p.lw             x11, 4(x13!)        x11=41ed6652 x13=1c010a98 x13:1c010a94  PA:1c010a94
15937834ns          265221 1c0081ca 58f577c3 fmadd.s          f15, f10, f15, f11  f15=xxxxxxxx f10:42281bb7 f15:42c2030c f11:41ed6652
15937854ns          265222 1c0081ce 00f4222b p.sw             x15, 4(x8!)          x8=10001770 x15:45805467  x8:1000176c  PA:1000176c
15937874ns          265223 1c0081c2 0046278b p.lw             x15, 4(x12!)        x15=41470a56 x12=1c01045c x12:1c010458  PA:1c010458
15938192ns          265239 1c0081c6 0046a58b p.lw             x11, 4(x13!)        x11=40c0a6aa x13=1c010a9c x13:1c010a98  PA:1c010a98
15938511ns          265255 1c0081ca 58f577c3 fmadd.s          f15, f10, f15, f11  f15=xxxxxxxx f10:42281bb7 f15:41470a56 f11:40c0a6aa
15938530ns          265256 1c0081ce 00f4222b p.sw             x15, 4(x8!)          x8=10001774 x15:440435a2  x8:10001770  PA:10001770
15938550ns          265257 1c0081c2 0046278b p.lw             x15, 4(x12!)        x15=429014af x12=1c010460 x12:1c01045c  PA:1c01045c
15938849ns          265272 1c0081c6 0046a58b p.lw             x11, 4(x13!)        x11=41fddf6a x13=1c010aa0 x13:1c010a9c  PA:1c010a9c
15939167ns          265288 1c0081ca 58f577c3 fmadd.s          f15, f10, f15, f11  f15=xxxxxxxx f10:42281bb7 f15:429014af f11:41fddf6a
15939187ns          265289 1c0081ce 00f4222b p.sw             x15, 4(x8!)          x8=10001778 x15:453f3617  x8:10001774  PA:10001774
15939207ns          265290 1c0081c2 0046278b p.lw             x15, 4(x12!)        x15=4237f9fc x12=1c010464 x12:1c010460  PA:1c010460
15939525ns          265306 1c0081c6 0046a58b p.lw             x11, 4(x13!)        x11=42a24b47 x13=1c010aa4 x13:1c010aa0  PA:1c010aa0
15939843ns          265322 1c0081ca 58f577c3 fmadd.s          f15, f10, f15, f11  f15=xxxxxxxx f10:42281bb7 f15:4237f9fc f11:42a24b47
15939863ns          265323 1c0081ce 00f4222b p.sw             x15, 4(x8!)          x8=1000177c x15:44fbc4a5  x8:10001778  PA:10001778
15939883ns          265324 1c0081c2 0046278b p.lw             x15, 4(x12!)        x15=42032b70 x12=1c010468 x12:1c010464  PA:1c010464
15940181ns          265339 1c0081c6 0046a58b p.lw             x11, 4(x13!)        x11=3f0870ca x13=1c010aa8 x13:1c010aa4  PA:1c010aa4
15940500ns          265355 1c0081ca 58f577c3 fmadd.s          f15, f10, f15, f11  f15=xxxxxxxx f10:42281bb7 f15:42032b70 f11:3f0870ca
15940519ns          265356 1c0081ce 00f4222b p.sw             x15, 4(x8!)          x8=10001780 x15:44ac5678  x8:1000177c  PA:1000177c
15940539ns          265357 1c0081c2 0046278b p.lw             x15, 4(x12!)        x15=428708e8 x12=1c01046c x12:1c010468  PA:1c010468
15940858ns          265373 1c0081c6 0046a58b p.lw             x11, 4(x13!)        x11=41b2b281 x13=1c010aac x13:1c010aa8  PA:1c010aa8
15941176ns          265389 1c0081ca 58f577c3 fmadd.s          f15, f10, f15, f11  f15=xxxxxxxx f10:42281bb7 f15:428708e8 f11:41b2b281
15941196ns          265390 1c0081ce 00f4222b p.sw             x15, 4(x8!)          x8=10001784 x15:4532be52  x8:10001780  PA:10001780
15941216ns          265391 1c0081c2 0046278b p.lw             x15, 4(x12!)        x15=424f9ad8 x12=1c010470 x12:1c01046c  PA:1c01046c
15941514ns          265406 1c0081c6 0046a58b p.lw             x11, 4(x13!)        x11=4254e81c x13=1c010ab0 x13:1c010aac  PA:1c010aac
15941832ns          265422 1c0081ca 58f577c3 fmadd.s          f15, f10, f15, f11  f15=xxxxxxxx f10:42281bb7 f15:424f9ad8 f11:4254e81c
15941852ns          265423 1c0081ce 00f4222b p.sw             x15, 4(x8!)          x8=10001788 x15:450ba7b8  x8:10001784  PA:10001784
15941872ns          265424 1c0081c2 0046278b p.lw             x15, 4(x12!)        x15=41843028 x12=1c010474 x12:1c010470  PA:1c010470
15942190ns          265440 1c0081c6 0046a58b p.lw             x11, 4(x13!)        x11=42bf56bb x13=1c010ab4 x13:1c010ab0  PA:1c010ab0
15942509ns          265456 1c0081ca 58f577c3 fmadd.s          f15, f10, f15, f11  f15=xxxxxxxx f10:42281bb7 f15:41843028 f11:42bf56bb
15942528ns          265457 1c0081ce 00f4222b p.sw             x15, 4(x8!)          x8=1000178c x15:444586ab  x8:10001788  PA:10001788
15942548ns          265458 1c0081c2 0046278b p.lw             x15, 4(x12!)        x15=42b2f1a8 x12=1c010478 x12:1c010474  PA:1c010474
15942847ns          265473 1c0081c6 0046a58b p.lw             x11, 4(x13!)        x11=41bf8fc6 x13=1c010ab8 x13:1c010ab4  PA:1c010ab4
15943165ns          265489 1c0081ca 58f577c3 fmadd.s          f15, f10, f15, f11  f15=xxxxxxxx f10:42281bb7 f15:42b2f1a8 f11:41bf8fc6
15943185ns          265490 1c0081ce 00f4222b p.sw             x15, 4(x8!)          x8=10001790 x15:456c830b  x8:1000178c  PA:1000178c
15943205ns          265491 1c0081c2 0046278b p.lw             x15, 4(x12!)        x15=4294f1a3 x12=1c01047c x12:1c010478  PA:1c010478
15943523ns          265507 1c0081c6 0046a58b p.lw             x11, 4(x13!)        x11=42a3ead4 x13=1c010abc x13:1c010ab8  PA:1c010ab8
15943841ns          265523 1c0081ca 58f577c3 fmadd.s          f15, f10, f15, f11  f15=xxxxxxxx f10:42281bb7 f15:4294f1a3 f11:42a3ead4
15943861ns          265524 1c0081ce 00f4222b p.sw             x15, 4(x8!)          x8=10001794 x15:4548bcbc  x8:10001790  PA:10001790
15943881ns          265525 1c0081c2 0046278b p.lw             x15, 4(x12!)        x15=419b7b44 x12=1c010480 x12:1c01047c  PA:1c01047c
15944179ns          265540 1c0081c6 0046a58b p.lw             x11, 4(x13!)        x11=42c79ce5 x13=1c010ac0 x13:1c010abc  PA:1c010abc
15944498ns          265556 1c0081ca 58f577c3 fmadd.s          f15, f10, f15, f11  f15=xxxxxxxx f10:42281bb7 f15:419b7b44 f11:42c79ce5
15944518ns          265557 1c0081ce 00f4222b p.sw             x15, 4(x8!)          x8=10001798 x15:44652710  x8:10001794  PA:10001794
15944537ns          265558 1c0081c2 0046278b p.lw             x15, 4(x12!)        x15=42acba51 x12=1c010484 x12:1c010480  PA:1c010480
15944856ns          265574 1c0081c6 0046a58b p.lw             x11, 4(x13!)        x11=426eb348 x13=1c010ac4 x13:1c010ac0  PA:1c010ac0
15945174ns          265590 1c0081ca 58f577c3 fmadd.s          f15, f10, f15, f11  f15=xxxxxxxx f10:42281bb7 f15:42acba51 f11:426eb348
15945194ns          265591 1c0081ce 00f4222b p.sw             x15, 4(x8!)          x8=1000179c x15:456694be  x8:10001798  PA:10001798
15945214ns          265592 1c0081c2 0046278b p.lw             x15, 4(x12!)        x15=42624acf x12=1c010488 x12:1c010484  PA:1c010484
15945512ns          265607 1c0081c6 0046a58b p.lw             x11, 4(x13!)        x11=429bf1ff x13=1c010ac8 x13:1c010ac4  PA:1c010ac4
15945830ns          265623 1c0081ca 58f577c3 fmadd.s          f15, f10, f15, f11  f15=xxxxxxxx f10:42281bb7 f15:42624acf f11:429bf1ff
15945850ns          265624 1c0081ce 00f4222b p.sw             x15, 4(x8!)          x8=100017a0 x15:45197927  x8:1000179c  PA:1000179c
15945870ns          265625 1c0081c2 0046278b p.lw             x15, 4(x12!)        x15=4236438f x12=1c01048c x12:1c010488  PA:1c010488
15946188ns          265641 1c0081c6 0046a58b p.lw             x11, 4(x13!)        x11=42679a4b x13=1c010acc x13:1c010ac8  PA:1c010ac8
15946507ns          265657 1c0081ca 58f577c3 fmadd.s          f15, f10, f15, f11  f15=xxxxxxxx f10:42281bb7 f15:4236438f f11:42679a4b
15946526ns          265658 1c0081ce 00f4222b p.sw             x15, 4(x8!)          x8=100017a4 x15:44f69cf5  x8:100017a0  PA:100017a0
15946546ns          265659 1c0081c2 0046278b p.lw             x15, 4(x12!)        x15=41f9618a x12=1c010490 x12:1c01048c  PA:1c01048c
15946845ns          265674 1c0081c6 0046a58b p.lw             x11, 4(x13!)        x11=4138bf44 x13=1c010ad0 x13:1c010acc  PA:1c010acc
15947163ns          265690 1c0081ca 58f577c3 fmadd.s          f15, f10, f15, f11  f15=xxxxxxxx f10:42281bb7 f15:41f9618a f11:4138bf44
15947183ns          265691 1c0081ce 00f4222b p.sw             x15, 4(x8!)          x8=100017a8 x15:44a53481  x8:100017a4  PA:100017a4
15947203ns          265692 1c0081c2 0046278b p.lw             x15, 4(x12!)        x15=428dc786 x12=1c010494 x12:1c010490  PA:1c010490
15947521ns          265708 1c0081c6 0046a58b p.lw             x11, 4(x13!)        x11=427bc612 x13=1c010ad4 x13:1c010ad0  PA:1c010ad0
15947839ns          265724 1c0081ca 58f577c3 fmadd.s          f15, f10, f15, f11  f15=xxxxxxxx f10:42281bb7 f15:428dc786 f11:427bc612
15947859ns          265725 1c0081ce 00f4222b p.sw             x15, 4(x8!)          x8=100017ac x15:453e23ab  x8:100017a8  PA:100017a8
15947879ns          265726 1c0081c2 0046278b p.lw             x15, 4(x12!)        x15=4216c024 x12=1c010498 x12:1c010494  PA:1c010494
15948177ns          265741 1c0081c6 0046a58b p.lw             x11, 4(x13!)        x11=420784fa x13=1c010ad8 x13:1c010ad4  PA:1c010ad4
15948496ns          265757 1c0081ca 58f577c3 fmadd.s          f15, f10, f15, f11  f15=xxxxxxxx f10:42281bb7 f15:4216c024 f11:420784fa
15948516ns          265758 1c0081ce 00f4222b p.sw             x15, 4(x8!)          x8=100017b0 x15:44ca38fb  x8:100017ac  PA:100017ac
15948535ns          265759 1c0081c2 0046278b p.lw             x15, 4(x12!)        x15=4260a961 x12=1c01049c x12:1c010498  PA:1c010498
15948854ns          265775 1c0081c6 0046a58b p.lw             x11, 4(x13!)        x11=41e55730 x13=1c010adc x13:1c010ad8  PA:1c010ad8
15949172ns          265791 1c0081ca 58f577c3 fmadd.s          f15, f10, f15, f11  f15=xxxxxxxx f10:42281bb7 f15:4260a961 f11:41e55730
15949192ns          265792 1c0081ce 00f4222b p.sw             x15, 4(x8!)          x8=100017b4 x15:45155228  x8:100017b0  PA:100017b0
15949212ns          265793 1c0081c2 0046278b p.lw             x15, 4(x12!)        x15=412f3f6e x12=1c0104a0 x12:1c01049c  PA:1c01049c
15949510ns          265808 1c0081c6 0046a58b p.lw             x11, 4(x13!)        x11=4250f22e x13=1c010ae0 x13:1c010adc  PA:1c010adc
15949828ns          265824 1c0081ca 58f577c3 fmadd.s          f15, f10, f15, f11  f15=xxxxxxxx f10:42281bb7 f15:412f3f6e f11:4250f22e
15949848ns          265825 1c0081ce 00f4222b p.sw             x15, 4(x8!)          x8=100017b8 x15:440023bc  x8:100017b4  PA:100017b4
15949868ns          265826 1c0081c2 0046278b p.lw             x15, 4(x12!)        x15=42b18723 x12=1c0104a4 x12:1c0104a0  PA:1c0104a0
15950186ns          265842 1c0081c6 0046a58b p.lw             x11, 4(x13!)        x11=422917c4 x13=1c010ae4 x13:1c010ae0  PA:1c010ae0
15950505ns          265858 1c0081ca 58f577c3 fmadd.s          f15, f10, f15, f11  f15=xxxxxxxx f10:42281bb7 f15:42b18723 f11:422917c4
15950525ns          265859 1c0081ce 00f4222b p.sw             x15, 4(x8!)          x8=100017bc x15:456bcc2d  x8:100017b8  PA:100017b8
15950544ns          265860 1c0081c2 0046278b p.lw             x15, 4(x12!)        x15=42a5a104 x12=1c0104a8 x12:1c0104a4  PA:1c0104a4
15950843ns          265875 1c0081c6 0046a58b p.lw             x11, 4(x13!)        x11=42153b11 x13=1c010ae8 x13:1c010ae4  PA:1c010ae4
15951161ns          265891 1c0081ca 58f577c3 fmadd.s          f15, f10, f15, f11  f15=xxxxxxxx f10:42281bb7 f15:42a5a104 f11:42153b11
15951181ns          265892 1c0081ce 00f4222b p.sw             x15, 4(x8!)          x8=100017c0 x15:455bdc1e  x8:100017bc  PA:100017bc
15951201ns          265893 1c0081c2 0046278b p.lw             x15, 4(x12!)        x15=42c6285d x12=1c0104ac x12:1c0104a8  PA:1c0104a8
15951519ns          265909 1c0081c6 0046a58b p.lw             x11, 4(x13!)        x11=40d1cc6b x13=1c010aec x13:1c010ae8  PA:1c010ae8
15951837ns          265925 1c0081ca 58f577c3 fmadd.s          f15, f10, f15, f11  f15=xxxxxxxx f10:42281bb7 f15:42c6285d f11:40d1cc6b
15951857ns          265926 1c0081ce 00f4222b p.sw             x15, 4(x8!)          x8=100017c4 x15:45825464  x8:100017c0  PA:100017c0
15951877ns          265927 1c0081c2 0046278b p.lw             x15, 4(x12!)        x15=4226b80e x12=1c0104b0 x12:1c0104ac  PA:1c0104ac
15952175ns          265942 1c0081c6 0046a58b p.lw             x11, 4(x13!)        x11=40ace43f x13=1c010af0 x13:1c010aec  PA:1c010aec
15952494ns          265958 1c0081ca 58f577c3 fmadd.s          f15, f10, f15, f11  f15=xxxxxxxx f10:42281bb7 f15:4226b80e f11:40ace43f
15952514ns          265959 1c0081ce 00f4222b p.sw             x15, 4(x8!)          x8=100017c8 x15:44dba290  x8:100017c4  PA:100017c4
15952533ns          265960 1c0081c2 0046278b p.lw             x15, 4(x12!)        x15=4176caed x12=1c0104b4 x12:1c0104b0  PA:1c0104b0
15952852ns          265976 1c0081c6 0046a58b p.lw             x11, 4(x13!)        x11=41b88b1c x13=1c010af4 x13:1c010af0  PA:1c010af0
15953170ns          265992 1c0081ca 58f577c3 fmadd.s          f15, f10, f15, f11  f15=xxxxxxxx f10:42281bb7 f15:4176caed f11:41b88b1c
15953190ns          265993 1c0081ce 00f4222b p.sw             x15, 4(x8!)          x8=100017cc x15:4427d43c  x8:100017c8  PA:100017c8
15953210ns          265994 1c0081c2 0046278b p.lw             x15, 4(x12!)        x15=42a3822d x12=1c0104b8 x12:1c0104b4  PA:1c0104b4
15953508ns          266009 1c0081c6 0046a58b p.lw             x11, 4(x13!)        x11=41ad17a1 x13=1c010af8 x13:1c010af4  PA:1c010af4
15953826ns          266025 1c0081ca 58f577c3 fmadd.s          f15, f10, f15, f11  f15=xxxxxxxx f10:42281bb7 f15:42a3822d f11:41ad17a1
15953846ns          266026 1c0081ce 00f4222b p.sw             x15, 4(x8!)          x8=100017d0 x15:45581872  x8:100017cc  PA:100017cc
15953866ns          266027 1c0081c2 0046278b p.lw             x15, 4(x12!)        x15=41776dfa x12=1c0104bc x12:1c0104b8  PA:1c0104b8
15954184ns          266043 1c0081c6 0046a58b p.lw             x11, 4(x13!)        x11=413d9834 x13=1c010afc x13:1c010af8  PA:1c010af8
15954503ns          266059 1c0081ca 58f577c3 fmadd.s          f15, f10, f15, f11  f15=xxxxxxxx f10:42281bb7 f15:41776dfa f11:413d9834
15954523ns          266060 1c0081ce 00f4222b p.sw             x15, 4(x8!)          x8=100017d4 x15:44257156  x8:100017d0  PA:100017d0
15954542ns          266061 1c0081c2 0046278b p.lw             x15, 4(x12!)        x15=41331483 x12=1c0104c0 x12:1c0104bc  PA:1c0104bc
15954841ns          266076 1c0081c6 0046a58b p.lw             x11, 4(x13!)        x11=42837dc5 x13=1c010b00 x13:1c010afc  PA:1c010afc
15955159ns          266092 1c0081ca 58f577c3 fmadd.s          f15, f10, f15, f11  f15=xxxxxxxx f10:42281bb7 f15:41331483 f11:42837dc5
15955179ns          266093 1c0081ce 00f4222b p.sw             x15, 4(x8!)          x8=100017d8 x15:44060892  x8:100017d4  PA:100017d4
15955199ns          266094 1c0081d2 6bd010ef jal              x1, 7868             x1=1c0081d6
15955259ns          266097 1c00a08e f14027f3 csrrs            x15, x0, 0xf14      x15=00000002
15955278ns          266098 1c00a092 01f00713 addi             x14, x0, 31         x14=0000001f
15955298ns          266099 1c00a094 ca5797b3 p.extractu       x15, x15, 5, 5      x15=00000000 x15:00000002
15955318ns          266100 1c00a098 00e78863 beq              x15, x14, 16        x15:00000000 x14:0000001f
15955338ns          266101 1c00a09c 002047b7 lui              x15, 0x204000       x15=00204000
15955378ns          266103 1c00a0a0 20078793 addi             x15, x15, 512       x15=00204200 x15:00204000
15955418ns          266105 1c00a0a4 01c7e703 p.elw            x14, 28(x15)        x14=00010000 x15:00204200  PA:0020421c
15955875ns          266128 1c00a0a8 00008067 jalr             x0, x1, 0            x1:1c0081d6
15955935ns          266131 1c0081d6 f14027f3 csrrs            x15, x0, 0xf14      x15=00000002
15955955ns          266132 1c0081da f457b7b3 p.bclr           x15, x15, 26, 5     x15=00000002 x15:00000002
15956492ns          266159 1c0081de 26078263 beq              x15, x0, 612        x15:00000002
15956512ns          266160 1c0081e2 00410693 addi             x13, x2, 4          x13=1000164c  x2:10001648
15956532ns          266161 1c0081e4 40d407b3 sub              x15, x8, x13        x15=0000018c  x8:100017d8 x13:1000164c
15956551ns          266162 1c0081e8 ffc78793 addi             x15, x15, -4        x15=00000188 x15:0000018c
15956571ns          266163 1c0081ea 00012403 lw               x8, 0(x2)            x8=444529a5  x2:10001648  PA:10001648
15956591ns          266164 1c0081ec 0027d793 srli             x15, x15, 0x2       x15=00000062 x15:00000188
15956611ns          266165 1c0081ee 00d00733 add              x14, x0, x13        x14=1000164c x13:1000164c
15957009ns          266185 1c0081f0 008009b3 add              x19, x0, x8         x19=444529a5  x8:444529a5
15957029ns          266186 1c0081f2 00178793 addi             x15, x15, 1         x15=00000063 x15:00000062
15957049ns          266187 1c0081f4 0047c0fb lp.setup         0x1, x15, 0x4       x15:00000063
15957069ns          266188 1c0081f8 0047260b p.lw             x12, 4(x14!)        x12=455f7ce8 x14=10001650 x14:1000164c  PA:1000164c
15957108ns          266190 1c0081fc 00c9f9d3 fadd.s           f19, f19, f12       f19=xxxxxxxx f19:444529a5 f12:455f7ce8
15957128ns          266191 1c0081f8 0047260b p.lw             x12, 4(x14!)        x12=44880825 x14=10001654 x14:10001650  PA:10001650
15957168ns          266193 1c0081fc 00c9f9d3 fadd.s           f19, f19, f12       f19=xxxxxxxx f19:458863a9 f12:44880825
15957606ns          266215 1c0081f8 0047260b p.lw             x12, 4(x14!)        x12=44c9155b x14=10001658 x14:10001654  PA:10001654
15957645ns          266217 1c0081fc 00c9f9d3 fadd.s           f19, f19, f12       f19=xxxxxxxx f19:45aa65b2 f12:44c9155b
15957665ns          266218 1c0081f8 0047260b p.lw             x12, 4(x14!)        x12=458300c7 x14=1000165c x14:10001658  PA:10001658
15957705ns          266220 1c0081fc 00c9f9d3 fadd.s           f19, f19, f12       f19=xxxxxxxx f19:45dcab09 f12:458300c7
15957725ns          266221 1c0081f8 0047260b p.lw             x12, 4(x14!)        x12=4564b1cb x14=10001660 x14:1000165c  PA:1000165c
15957765ns          266223 1c0081fc 00c9f9d3 fadd.s           f19, f19, f12       f19=xxxxxxxx f19:462fd5e8 f12:4564b1cb
15957785ns          266224 1c0081f8 0047260b p.lw             x12, 4(x14!)        x12=448bb719 x14=10001664 x14:10001660  PA:10001660
15957824ns          266226 1c0081fc 00c9f9d3 fadd.s           f19, f19, f12       f19=xxxxxxxx f19:4669025b f12:448bb719
15957844ns          266227 1c0081f8 0047260b p.lw             x12, 4(x14!)        x12=454d9153 x14=10001668 x14:10001664  PA:10001664
15957884ns          266229 1c0081fc 00c9f9d3 fadd.s           f19, f19, f12       f19=xxxxxxxx f19:467a793e f12:454d9153
15957904ns          266230 1c0081f8 0047260b p.lw             x12, 4(x14!)        x12=44f8d753 x14=1000166c x14:10001668  PA:10001668
15957944ns          266232 1c0081fc 00c9f9d3 fadd.s           f19, f19, f12       f19=xxxxxxxx f19:4696eec9 f12:44f8d753
15957964ns          266233 1c0081f8 0047260b p.lw             x12, 4(x14!)        x12=4500010d x14=10001670 x14:1000166c  PA:1000166c
15958003ns          266235 1c0081fc 00c9f9d3 fadd.s           f19, f19, f12       f19=xxxxxxxx f19:46a67c3e f12:4500010d
15958023ns          266236 1c0081f8 0047260b p.lw             x12, 4(x14!)        x12=451530ea x14=10001674 x14:10001670  PA:10001670
15958063ns          266238 1c0081fc 00c9f9d3 fadd.s           f19, f19, f12       f19=xxxxxxxx f19:46b67c60 f12:451530ea
15958083ns          266239 1c0081f8 0047260b p.lw             x12, 4(x14!)        x12=45154dba x14=10001678 x14:10001674  PA:10001674
15958123ns          266241 1c0081fc 00c9f9d3 fadd.s           f19, f19, f12       f19=xxxxxxxx f19:46c9227d f12:45154dba
15958143ns          266242 1c0081f8 0047260b p.lw             x12, 4(x14!)        x12=4441f400 x14=1000167c x14:10001678  PA:10001678
15958182ns          266244 1c0081fc 00c9f9d3 fadd.s           f19, f19, f12       f19=xxxxxxxx f19:46dbcc34 f12:4441f400
15958202ns          266245 1c0081f8 0047260b p.lw             x12, 4(x14!)        x12=4560ed73 x14=10001680 x14:1000167c  PA:1000167c
15958242ns          266247 1c0081fc 00c9f9d3 fadd.s           f19, f19, f12       f19=xxxxxxxx f19:46e1dbd4 f12:4560ed73
15958262ns          266248 1c0081f8 0047260b p.lw             x12, 4(x14!)        x12=45739ecd x14=10001684 x14:10001680  PA:10001680
15958302ns          266250 1c0081fc 00c9f9d3 fadd.s           f19, f19, f12       f19=xxxxxxxx f19:46fdf982 f12:45739ecd
15958322ns          266251 1c0081f8 0047260b p.lw             x12, 4(x14!)        x12=454be790 x14=10001688 x14:10001684  PA:10001684
15958361ns          266253 1c0081fc 00c9f9d3 fadd.s           f19, f19, f12       f19=xxxxxxxx f19:470e36ae f12:454be790
15958381ns          266254 1c0081f8 0047260b p.lw             x12, 4(x14!)        x12=42f6f275 x14=1000168c x14:10001688  PA:10001688
15958421ns          266256 1c0081fc 00c9f9d3 fadd.s           f19, f19, f12       f19=xxxxxxxx f19:471af527 f12:42f6f275
15958441ns          266257 1c0081f8 0047260b p.lw             x12, 4(x14!)        x12=45533976 x14=10001690 x14:1000168c  PA:1000168c
15958481ns          266259 1c0081fc 00c9f9d3 fadd.s           f19, f19, f12       f19=xxxxxxxx f19:471b70a0 f12:45533976
15958501ns          266260 1c0081f8 0047260b p.lw             x12, 4(x14!)        x12=44b7c5c6 x14=10001694 x14:10001690  PA:10001690
15958540ns          266262 1c0081fc 00c9f9d3 fadd.s           f19, f19, f12       f19=xxxxxxxx f19:4728a437 f12:44b7c5c6
15958560ns          266263 1c0081f8 0047260b p.lw             x12, 4(x14!)        x12=44c8db98 x14=10001698 x14:10001694  PA:10001694
15958600ns          266265 1c0081fc 00c9f9d3 fadd.s           f19, f19, f12       f19=xxxxxxxx f19:472e6265 f12:44c8db98
15958620ns          266266 1c0081f8 0047260b p.lw             x12, 4(x14!)        x12=43719a18 x14=1000169c x14:10001698  PA:10001698
15958660ns          266268 1c0081fc 00c9f9d3 fadd.s           f19, f19, f12       f19=xxxxxxxx f19:4734a942 f12:43719a18
15958680ns          266269 1c0081f8 0047260b p.lw             x12, 4(x14!)        x12=44edf253 x14=100016a0 x14:1000169c  PA:1000169c
15958720ns          266271 1c0081fc 00c9f9d3 fadd.s           f19, f19, f12       f19=xxxxxxxx f19:47359adc f12:44edf253
15958739ns          266272 1c0081f8 0047260b p.lw             x12, 4(x14!)        x12=44f177fc x14=100016a4 x14:100016a0  PA:100016a0
15958779ns          266274 1c0081fc 00c9f9d3 fadd.s           f19, f19, f12       f19=xxxxxxxx f19:473d0a6f f12:44f177fc
15958799ns          266275 1c0081f8 0047260b p.lw             x12, 4(x14!)        x12=4480f61c x14=100016a8 x14:100016a4  PA:100016a4
15958839ns          266277 1c0081fc 00c9f9d3 fadd.s           f19, f19, f12       f19=xxxxxxxx f19:4744962f f12:4480f61c
15958859ns          266278 1c0081f8 0047260b p.lw             x12, 4(x14!)        x12=457168c7 x14=100016ac x14:100016a8  PA:100016a8
15958899ns          266280 1c0081fc 00c9f9d3 fadd.s           f19, f19, f12       f19=xxxxxxxx f19:47489de0 f12:457168c7
15958918ns          266281 1c0081f8 0047260b p.lw             x12, 4(x14!)        x12=44d363cf x14=100016b0 x14:100016ac  PA:100016ac
15958958ns          266283 1c0081fc 00c9f9d3 fadd.s           f19, f19, f12       f19=xxxxxxxx f19:4757b46c f12:44d363cf
15958978ns          266284 1c0081f8 0047260b p.lw             x12, 4(x14!)        x12=44036a71 x14=100016b4 x14:100016b0  PA:100016b0
15959018ns          266286 1c0081fc 00c9f9d3 fadd.s           f19, f19, f12       f19=xxxxxxxx f19:475e4f8a f12:44036a71
15959038ns          266287 1c0081f8 0047260b p.lw             x12, 4(x14!)        x12=455119b9 x14=100016b8 x14:100016b4  PA:100016b4
15959078ns          266289 1c0081fc 00c9f9d3 fadd.s           f19, f19, f12       f19=xxxxxxxx f19:47605d34 f12:455119b9
15959097ns          266290 1c0081f8 0047260b p.lw             x12, 4(x14!)        x12=442cad82 x14=100016bc x14:100016b8  PA:100016b8
15959137ns          266292 1c0081fc 00c9f9d3 fadd.s           f19, f19, f12       f19=xxxxxxxx f19:476d6ed0 f12:442cad82
15959157ns          266293 1c0081f8 0047260b p.lw             x12, 4(x14!)        x12=44e1c55f x14=100016c0 x14:100016bc  PA:100016bc
15959197ns          266295 1c0081fc 00c9f9d3 fadd.s           f19, f19, f12       f19=xxxxxxxx f19:47702186 f12:44e1c55f
15959217ns          266296 1c0081f8 0047260b p.lw             x12, 4(x14!)        x12=451e36ad x14=100016c4 x14:100016c0  PA:100016c0
15959257ns          266298 1c0081fc 00c9f9d3 fadd.s           f19, f19, f12       f19=xxxxxxxx f19:47772fb1 f12:451e36ad
15959276ns          266299 1c0081f8 0047260b p.lw             x12, 4(x14!)        x12=42df5404 x14=100016c8 x14:100016c4  PA:100016c4
15959316ns          266301 1c0081fc 00c9f9d3 fadd.s           f19, f19, f12       f19=xxxxxxxx f19:4780898e f12:42df5404
15959336ns          266302 1c0081f8 0047260b p.lw             x12, 4(x14!)        x12=45190d30 x14=100016cc x14:100016c8  PA:100016c8
15959376ns          266304 1c0081fc 00c9f9d3 fadd.s           f19, f19, f12       f19=xxxxxxxx f19:4780c163 f12:45190d30
15959396ns          266305 1c0081f8 0047260b p.lw             x12, 4(x14!)        x12=44a3cea9 x14=100016d0 x14:100016cc  PA:100016cc
15959436ns          266307 1c0081fc 00c9f9d3 fadd.s           f19, f19, f12       f19=xxxxxxxx f19:478589cc f12:44a3cea9
15959455ns          266308 1c0081f8 0047260b p.lw             x12, 4(x14!)        x12=44bc1694 x14=100016d4 x14:100016d0  PA:100016d0
15959495ns          266310 1c0081fc 00c9f9d3 fadd.s           f19, f19, f12       f19=xxxxxxxx f19:47881907 f12:44bc1694
15959515ns          266311 1c0081f8 0047260b p.lw             x12, 4(x14!)        x12=44dbfed3 x14=100016d8 x14:100016d4  PA:100016d4
15959555ns          266313 1c0081fc 00c9f9d3 fadd.s           f19, f19, f12       f19=xxxxxxxx f19:478b0961 f12:44dbfed3
15959575ns          266314 1c0081f8 0047260b p.lw             x12, 4(x14!)        x12=45269ef1 x14=100016dc x14:100016d8  PA:100016d8
15959615ns          266316 1c0081fc 00c9f9d3 fadd.s           f19, f19, f12       f19=xxxxxxxx f19:478e795c f12:45269ef1
15959634ns          266317 1c0081f8 0047260b p.lw             x12, 4(x14!)        x12=44d96110 x14=100016e0 x14:100016dc  PA:100016dc
15959674ns          266319 1c0081fc 00c9f9d3 fadd.s           f19, f19, f12       f19=xxxxxxxx f19:4793ae54 f12:44d96110
15959694ns          266320 1c0081f8 0047260b p.lw             x12, 4(x14!)        x12=444edd2d x14=100016e4 x14:100016e0  PA:100016e0
15959734ns          266322 1c0081fc 00c9f9d3 fadd.s           f19, f19, f12       f19=xxxxxxxx f19:479713d8 f12:444edd2d
15959754ns          266323 1c0081f8 0047260b p.lw             x12, 4(x14!)        x12=456c6d6e x14=100016e8 x14:100016e4  PA:100016e4
15959794ns          266325 1c0081fc 00c9f9d3 fadd.s           f19, f19, f12       f19=xxxxxxxx f19:4798b192 f12:456c6d6e
15959813ns          266326 1c0081f8 0047260b p.lw             x12, 4(x14!)        x12=444c1ee3 x14=100016ec x14:100016e8  PA:100016e8
15959853ns          266328 1c0081fc 00c9f9d3 fadd.s           f19, f19, f12       f19=xxxxxxxx f19:47a014fd f12:444c1ee3
15959873ns          266329 1c0081f8 0047260b p.lw             x12, 4(x14!)        x12=4462e7a5 x14=100016f0 x14:100016ec  PA:100016ec
15959913ns          266331 1c0081fc 00c9f9d3 fadd.s           f19, f19, f12       f19=xxxxxxxx f19:47a1ad3b f12:4462e7a5
15959933ns          266332 1c0081f8 0047260b p.lw             x12, 4(x14!)        x12=44fa7caf x14=100016f4 x14:100016f0  PA:100016f0
15959973ns          266334 1c0081fc 00c9f9d3 fadd.s           f19, f19, f12       f19=xxxxxxxx f19:47a3730a f12:44fa7caf
15959993ns          266335 1c0081f8 0047260b p.lw             x12, 4(x14!)        x12=43318838 x14=100016f8 x14:100016f4  PA:100016f4
15960032ns          266337 1c0081fc 00c9f9d3 fadd.s           f19, f19, f12       f19=xxxxxxxx f19:47a75cfd f12:43318838
15960052ns          266338 1c0081f8 0047260b p.lw             x12, 4(x14!)        x12=4539cb85 x14=100016fc x14:100016f8  PA:100016f8
15960092ns          266340 1c0081fc 00c9f9d3 fadd.s           f19, f19, f12       f19=xxxxxxxx f19:47a7b5c1 f12:4539cb85
15960112ns          266341 1c0081f8 0047260b p.lw             x12, 4(x14!)        x12=445ac5e6 x14=10001700 x14:100016fc  PA:100016fc
15960152ns          266343 1c0081fc 00c9f9d3 fadd.s           f19, f19, f12       f19=xxxxxxxx f19:47ad841d f12:445ac5e6
15960172ns          266344 1c0081f8 0047260b p.lw             x12, 4(x14!)        x12=4489d06f x14=10001704 x14:10001700  PA:10001700
15960211ns          266346 1c0081fc 00c9f9d3 fadd.s           f19, f19, f12       f19=xxxxxxxx f19:47af39a9 f12:4489d06f
15960231ns          266347 1c0081f8 0047260b p.lw             x12, 4(x14!)        x12=45391556 x14=10001708 x14:10001704  PA:10001704
15960271ns          266349 1c0081fc 00c9f9d3 fadd.s           f19, f19, f12       f19=xxxxxxxx f19:47b160eb f12:45391556
15960291ns          266350 1c0081f8 0047260b p.lw             x12, 4(x14!)        x12=44d3742a x14=1000170c x14:10001708  PA:10001708
15960331ns          266352 1c0081fc 00c9f9d3 fadd.s           f19, f19, f12       f19=xxxxxxxx f19:47b72996 f12:44d3742a
15960351ns          266353 1c0081f8 0047260b p.lw             x12, 4(x14!)        x12=44993e39 x14=10001710 x14:1000170c  PA:1000170c
15960390ns          266355 1c0081fc 00c9f9d3 fadd.s           f19, f19, f12       f19=xxxxxxxx f19:47ba7767 f12:44993e39
15960410ns          266356 1c0081f8 0047260b p.lw             x12, 4(x14!)        x12=45556a6a x14=10001714 x14:10001710  PA:10001710
15960450ns          266358 1c0081fc 00c9f9d3 fadd.s           f19, f19, f12       f19=xxxxxxxx f19:47bcdc60 f12:45556a6a
15960470ns          266359 1c0081f8 0047260b p.lw             x12, 4(x14!)        x12=4524b7b2 x14=10001718 x14:10001714  PA:10001714
15960510ns          266361 1c0081fc 00c9f9d3 fadd.s           f19, f19, f12       f19=xxxxxxxx f19:47c387b3 f12:4524b7b2
15960530ns          266362 1c0081f8 0047260b p.lw             x12, 4(x14!)        x12=45231ebb x14=1000171c x14:10001718  PA:10001718
15960569ns          266364 1c0081fc 00c9f9d3 fadd.s           f19, f19, f12       f19=xxxxxxxx f19:47c8ad71 f12:45231ebb
15960589ns          266365 1c0081f8 0047260b p.lw             x12, 4(x14!)        x12=44d4502d x14=10001720 x14:1000171c  PA:1000171c
15960629ns          266367 1c0081fc 00c9f9d3 fadd.s           f19, f19, f12       f19=xxxxxxxx f19:47cdc667 f12:44d4502d
15960649ns          266368 1c0081f8 0047260b p.lw             x12, 4(x14!)        x12=442df121 x14=10001724 x14:10001720  PA:10001720
15960689ns          266370 1c0081fc 00c9f9d3 fadd.s           f19, f19, f12       f19=xxxxxxxx f19:47d117a8 f12:442df121
15960709ns          266371 1c0081f8 0047260b p.lw             x12, 4(x14!)        x12=443f8aa7 x14=10001728 x14:10001724  PA:10001724
15960748ns          266373 1c0081fc 00c9f9d3 fadd.s           f19, f19, f12       f19=xxxxxxxx f19:47d2738a f12:443f8aa7
15960768ns          266374 1c0081f8 0047260b p.lw             x12, 4(x14!)        x12=44871464 x14=1000172c x14:10001728  PA:10001728
15960808ns          266376 1c0081fc 00c9f9d3 fadd.s           f19, f19, f12       f19=xxxxxxxx f19:47d3f29f f12:44871464
15960828ns          266377 1c0081f8 0047260b p.lw             x12, 4(x14!)        x12=450fc591 x14=10001730 x14:1000172c  PA:1000172c
15960868ns          266379 1c0081fc 00c9f9d3 fadd.s           f19, f19, f12       f19=xxxxxxxx f19:47d60ef1 f12:450fc591
15960888ns          266380 1c0081f8 0047260b p.lw             x12, 4(x14!)        x12=4529ad68 x14=10001734 x14:10001730  PA:10001730
15960927ns          266382 1c0081fc 00c9f9d3 fadd.s           f19, f19, f12       f19=xxxxxxxx f19:47da8d1e f12:4529ad68
15960947ns          266383 1c0081f8 0047260b p.lw             x12, 4(x14!)        x12=43d9cd01 x14=10001738 x14:10001734  PA:10001734
15960987ns          266385 1c0081fc 00c9f9d3 fadd.s           f19, f19, f12       f19=xxxxxxxx f19:47dfda89 f12:43d9cd01
15961007ns          266386 1c0081f8 0047260b p.lw             x12, 4(x14!)        x12=450e4f66 x14=1000173c x14:10001738  PA:10001738
15961047ns          266388 1c0081fc 00c9f9d3 fadd.s           f19, f19, f12       f19=xxxxxxxx f19:47e0b456 f12:450e4f66
15961067ns          266389 1c0081f8 0047260b p.lw             x12, 4(x14!)        x12=4514f585 x14=10001740 x14:1000173c  PA:1000173c
15961106ns          266391 1c0081fc 00c9f9d3 fadd.s           f19, f19, f12       f19=xxxxxxxx f19:47e526d1 f12:4514f585
15961126ns          266392 1c0081f8 0047260b p.lw             x12, 4(x14!)        x12=4576017c x14=10001744 x14:10001740  PA:10001740
15961166ns          266394 1c0081fc 00c9f9d3 fadd.s           f19, f19, f12       f19=xxxxxxxx f19:47e9ce7d f12:4576017c
15961186ns          266395 1c0081f8 0047260b p.lw             x12, 4(x14!)        x12=44440700 x14=10001748 x14:10001744  PA:10001744
15961226ns          266397 1c0081fc 00c9f9d3 fadd.s           f19, f19, f12       f19=xxxxxxxx f19:47f17e89 f12:44440700
15961246ns          266398 1c0081f8 0047260b p.lw             x12, 4(x14!)        x12=44c7d24f x14=1000174c x14:10001748  PA:10001748
15961285ns          266400 1c0081fc 00c9f9d3 fadd.s           f19, f19, f12       f19=xxxxxxxx f19:47f30697 f12:44c7d24f
15961305ns          266401 1c0081f8 0047260b p.lw             x12, 4(x14!)        x12=451b21d9 x14=10001750 x14:1000174c  PA:1000174c
15961345ns          266403 1c0081fc 00c9f9d3 fadd.s           f19, f19, f12       f19=xxxxxxxx f19:47f625e0 f12:451b21d9
15961365ns          266404 1c0081f8 0047260b p.lw             x12, 4(x14!)        x12=44bd6015 x14=10001754 x14:10001750  PA:10001750
15961405ns          266406 1c0081fc 00c9f9d3 fadd.s           f19, f19, f12       f19=xxxxxxxx f19:47fafeef f12:44bd6015
15961425ns          266407 1c0081f8 0047260b p.lw             x12, 4(x14!)        x12=4529c766 x14=10001758 x14:10001754  PA:10001754
15961464ns          266409 1c0081fc 00c9f9d3 fadd.s           f19, f19, f12       f19=xxxxxxxx f19:47fdf46f f12:4529c766
15961484ns          266410 1c0081f8 0047260b p.lw             x12, 4(x14!)        x12=4515fdfc x14=1000175c x14:10001758  PA:10001758
15961524ns          266412 1c0081fc 00c9f9d3 fadd.s           f19, f19, f12       f19=xxxxxxxx f19:4801a155 f12:4515fdfc
15961544ns          266413 1c0081f8 0047260b p.lw             x12, 4(x14!)        x12=44eaed19 x14=10001760 x14:1000175c  PA:1000175c
15961584ns          266415 1c0081fc 00c9f9d3 fadd.s           f19, f19, f12       f19=xxxxxxxx f19:4803f94d f12:44eaed19
15961604ns          266416 1c0081f8 0047260b p.lw             x12, 4(x14!)        x12=458217eb x14=10001764 x14:10001760  PA:10001760
15961643ns          266418 1c0081fc 00c9f9d3 fadd.s           f19, f19, f12       f19=xxxxxxxx f19:4805cf27 f12:458217eb
15961663ns          266419 1c0081f8 0047260b p.lw             x12, 4(x14!)        x12=44b72678 x14=10001768 x14:10001764  PA:10001764
15961703ns          266421 1c0081fc 00c9f9d3 fadd.s           f19, f19, f12       f19=xxxxxxxx f19:4809dfe6 f12:44b72678
15961723ns          266422 1c0081f8 0047260b p.lw             x12, 4(x14!)        x12=45152c8f x14=1000176c x14:10001768  PA:10001768
15961763ns          266424 1c0081fc 00c9f9d3 fadd.s           f19, f19, f12       f19=xxxxxxxx f19:480b4e33 f12:45152c8f
15961783ns          266425 1c0081f8 0047260b p.lw             x12, 4(x14!)        x12=45805467 x14=10001770 x14:1000176c  PA:1000176c
15961822ns          266427 1c0081fc 00c9f9d3 fadd.s           f19, f19, f12       f19=xxxxxxxx f19:480da2e5 f12:45805467
15961842ns          266428 1c0081f8 0047260b p.lw             x12, 4(x14!)        x12=440435a2 x14=10001774 x14:10001770  PA:10001770
15961882ns          266430 1c0081fc 00c9f9d3 fadd.s           f19, f19, f12       f19=xxxxxxxx f19:4811a588 f12:440435a2
15961902ns          266431 1c0081f8 0047260b p.lw             x12, 4(x14!)        x12=453f3617 x14=10001778 x14:10001774  PA:10001774
15961942ns          266433 1c0081fc 00c9f9d3 fadd.s           f19, f19, f12       f19=xxxxxxxx f19:481229be f12:453f3617
15961962ns          266434 1c0081f8 0047260b p.lw             x12, 4(x14!)        x12=44fbc4a5 x14=1000177c x14:10001778  PA:10001778
15962001ns          266436 1c0081fc 00c9f9d3 fadd.s           f19, f19, f12       f19=xxxxxxxx f19:48152696 f12:44fbc4a5
15962021ns          266437 1c0081f8 0047260b p.lw             x12, 4(x14!)        x12=44ac5678 x14=10001780 x14:1000177c  PA:1000177c
15962061ns          266439 1c0081fc 00c9f9d3 fadd.s           f19, f19, f12       f19=xxxxxxxx f19:48171e1f f12:44ac5678
15962081ns          266440 1c0081f8 0047260b p.lw             x12, 4(x14!)        x12=4532be52 x14=10001784 x14:10001780  PA:10001780
15962121ns          266442 1c0081fc 00c9f9d3 fadd.s           f19, f19, f12       f19=xxxxxxxx f19:481876cc f12:4532be52
15962141ns          266443 1c0081f8 0047260b p.lw             x12, 4(x14!)        x12=450ba7b8 x14=10001788 x14:10001784  PA:10001784
15962180ns          266445 1c0081fc 00c9f9d3 fadd.s           f19, f19, f12       f19=xxxxxxxx f19:481b41c5 f12:450ba7b8
15962200ns          266446 1c0081f8 0047260b p.lw             x12, 4(x14!)        x12=444586ab x14=1000178c x14:10001788  PA:10001788
15962240ns          266448 1c0081fc 00c9f9d3 fadd.s           f19, f19, f12       f19=xxxxxxxx f19:481d7064 f12:444586ab
15962260ns          266449 1c0081f8 0047260b p.lw             x12, 4(x14!)        x12=456c830b x14=10001790 x14:1000178c  PA:1000178c
15962300ns          266451 1c0081fc 00c9f9d3 fadd.s           f19, f19, f12       f19=xxxxxxxx f19:481e35eb f12:456c830b
15962320ns          266452 1c0081f8 0047260b p.lw             x12, 4(x14!)        x12=4548bcbc x14=10001794 x14:10001790  PA:10001790
15962360ns          266454 1c0081fc 00c9f9d3 fadd.s           f19, f19, f12       f19=xxxxxxxx f19:4821e7f7 f12:4548bcbc
15962379ns          266455 1c0081f8 0047260b p.lw             x12, 4(x14!)        x12=44652710 x14=10001798 x14:10001794  PA:10001794
15962419ns          266457 1c0081fc 00c9f9d3 fadd.s           f19, f19, f12       f19=xxxxxxxx f19:48250aea f12:44652710
15962439ns          266458 1c0081f8 0047260b p.lw             x12, 4(x14!)        x12=456694be x14=1000179c x14:10001798  PA:10001798
15962479ns          266460 1c0081fc 00c9f9d3 fadd.s           f19, f19, f12       f19=xxxxxxxx f19:4825f011 f12:456694be
15962499ns          266461 1c0081f8 0047260b p.lw             x12, 4(x14!)        x12=45197927 x14=100017a0 x14:1000179c  PA:1000179c
15962539ns          266463 1c0081fc 00c9f9d3 fadd.s           f19, f19, f12       f19=xxxxxxxx f19:48298a64 f12:45197927
15962558ns          266464 1c0081f8 0047260b p.lw             x12, 4(x14!)        x12=44f69cf5 x14=100017a4 x14:100017a0  PA:100017a0
15962598ns          266466 1c0081fc 00c9f9d3 fadd.s           f19, f19, f12       f19=xxxxxxxx f19:482bf049 f12:44f69cf5
15962618ns          266467 1c0081f8 0047260b p.lw             x12, 4(x14!)        x12=44a53481 x14=100017a8 x14:100017a4  PA:100017a4
15962658ns          266469 1c0081fc 00c9f9d3 fadd.s           f19, f19, f12       f19=xxxxxxxx f19:482ddd83 f12:44a53481
15962678ns          266470 1c0081f8 0047260b p.lw             x12, 4(x14!)        x12=453e23ab x14=100017ac x14:100017a8  PA:100017a8
15962718ns          266472 1c0081fc 00c9f9d3 fadd.s           f19, f19, f12       f19=xxxxxxxx f19:482f27ec f12:453e23ab
15962737ns          266473 1c0081f8 0047260b p.lw             x12, 4(x14!)        x12=44ca38fb x14=100017b0 x14:100017ac  PA:100017ac
15962777ns          266475 1c0081fc 00c9f9d3 fadd.s           f19, f19, f12       f19=xxxxxxxx f19:4832207b f12:44ca38fb
15962797ns          266476 1c0081f8 0047260b p.lw             x12, 4(x14!)        x12=45155228 x14=100017b4 x14:100017b0  PA:100017b0
15962837ns          266478 1c0081fc 00c9f9d3 fadd.s           f19, f19, f12       f19=xxxxxxxx f19:4833b4ed f12:45155228
15962857ns          266479 1c0081f8 0047260b p.lw             x12, 4(x14!)        x12=440023bc x14=100017b8 x14:100017b4  PA:100017b4
15962897ns          266481 1c0081fc 00c9f9d3 fadd.s           f19, f19, f12       f19=xxxxxxxx f19:48360a36 f12:440023bc
15962916ns          266482 1c0081f8 0047260b p.lw             x12, 4(x14!)        x12=456bcc2d x14=100017bc x14:100017b8  PA:100017b8
15962956ns          266484 1c0081fc 00c9f9d3 fadd.s           f19, f19, f12       f19=xxxxxxxx f19:48368a5a f12:456bcc2d
15962976ns          266485 1c0081f8 0047260b p.lw             x12, 4(x14!)        x12=455bdc1e x14=100017c0 x14:100017bc  PA:100017bc
15963016ns          266487 1c0081fc 00c9f9d3 fadd.s           f19, f19, f12       f19=xxxxxxxx f19:483a398b f12:455bdc1e
15963036ns          266488 1c0081f8 0047260b p.lw             x12, 4(x14!)        x12=45825464 x14=100017c4 x14:100017c0  PA:100017c0
15963076ns          266490 1c0081fc 00c9f9d3 fadd.s           f19, f19, f12       f19=xxxxxxxx f19:483da8fb f12:45825464
15963095ns          266491 1c0081f8 0047260b p.lw             x12, 4(x14!)        x12=44dba290 x14=100017c8 x14:100017c4  PA:100017c4
15963135ns          266493 1c0081fc 00c9f9d3 fadd.s           f19, f19, f12       f19=xxxxxxxx f19:4841bb9e f12:44dba290
15963155ns          266494 1c0081f8 0047260b p.lw             x12, 4(x14!)        x12=4427d43c x14=100017cc x14:100017c8  PA:100017c8
15963195ns          266496 1c0081fc 00c9f9d3 fadd.s           f19, f19, f12       f19=xxxxxxxx f19:484372e3 f12:4427d43c
15963215ns          266497 1c0081f8 0047260b p.lw             x12, 4(x14!)        x12=45581872 x14=100017d0 x14:100017cc  PA:100017cc
15963255ns          266499 1c0081fc 00c9f9d3 fadd.s           f19, f19, f12       f19=xxxxxxxx f19:48441ab7 f12:45581872
15963274ns          266500 1c0081f8 0047260b p.lw             x12, 4(x14!)        x12=44257156 x14=100017d4 x14:100017d0  PA:100017d0
15963314ns          266502 1c0081fc 00c9f9d3 fadd.s           f19, f19, f12       f19=xxxxxxxx f19:48477b19 f12:44257156
15963334ns          266503 1c0081f8 0047260b p.lw             x12, 4(x14!)        x12=44060892 x14=100017d8 x14:100017d4  PA:100017d4
15963374ns          266505 1c0081fc 00c9f9d3 fadd.s           f19, f19, f12       f19=xxxxxxxx f19:4848208a f12:44060892
15963394ns          266506 1c008200 40d707b3 sub              x15, x14, x13       x15=0000018c x14:100017d8 x13:1000164c
15963414ns          266507 1c008204 1c000737 lui              x14, 0x1c000000     x14=1c000000
15963434ns          266508 1c008208 01c72603 lw               x12, 28(x14)        x12=3c23d70a x14:1c000000  PA:1c00001c
15963831ns          266528 1c00820c ffc78793 addi             x15, x15, -4        x15=00000188 x15:0000018c
15963851ns          266529 1c00820e 10c9f653 fmul.s           f12, f19, f12       f12=xxxxxxxx f19:4848a693 f12:3c23d70a
15963871ns          266530 1c008212 0027d793 srli             x15, x15, 0x2       x15=00000062 x15:00000188
15963891ns          266531 1c008214 00178793 addi             x15, x15, 1         x15=00000063 x15:00000062
15963911ns          266532 1c008216 08c47453 fsub.s           f8, f8, f12          f8=xxxxxxxx  f8:444529a5 f12:45006a9b
15963931ns          266533 1c00821a 10847453 fmul.s           f8, f8, f8           f8=xxxxxxxx  f8:c49e4064  f8:c49e4064
15964368ns          266555 1c00821e 0067c0fb lp.setup         0x1, x15, 0x6       x15:00000063
15964408ns          266557 1c008222 0046a70b p.lw             x14, 4(x13!)        x14=455f7ce8 x13=10001650 x13:1000164c  PA:1000164c
15964448ns          266559 1c008226 08c77753 fsub.s           f14, f14, f12       f14=xxxxxxxx f14:455f7ce8 f12:45006a9b
15964468ns          266560 1c00822a 40e77443 fmadd.s          f8, f14, f14, f8     f8=xxxxxxxx f14:44be249a f14:44be249a  f8:49c3a717
15964488ns          266561 1c008222 0046a70b p.lw             x14, 4(x13!)        x14=44880825 x13=10001654 x13:10001650  PA:10001650
15964528ns          266563 1c008226 08c77753 fsub.s           f14, f14, f12       f14=xxxxxxxx f14:44880825 f12:45006a9b
15964547ns          266564 1c00822a 40e77443 fmadd.s          f8, f14, f14, f8     f8=xxxxxxxx f14:c4719a22 f14:c4719a22  f8:4a6f0de5
15964567ns          266565 1c008222 0046a70b p.lw             x14, 4(x13!)        x14=44c9155b x13=10001658 x13:10001654  PA:10001654
15964607ns          266567 1c008226 08c77753 fsub.s           f14, f14, f12       f14=xxxxxxxx f14:44c9155b f12:45006a9b
15964627ns          266568 1c00822a 40e77443 fmadd.s          f8, f14, f14, f8     f8=xxxxxxxx f14:c3deff6c f14:c3deff6c  f8:4a940765
15964647ns          266569 1c008222 0046a70b p.lw             x14, 4(x13!)        x14=458300c7 x13=1000165c x13:10001658  PA:10001658
15964687ns          266571 1c008226 08c77753 fsub.s           f14, f14, f12       f14=xxxxxxxx f14:458300c7 f12:45006a9b
15964707ns          266572 1c00822a 40e77443 fmadd.s          f8, f14, f14, f8     f8=xxxxxxxx f14:450596f3 f14:450596f3  f8:4a9a1965
15964727ns          266573 1c008222 0046a70b p.lw             x14, 4(x13!)        x14=4564b1cb x13=10001660 x13:1000165c  PA:1000165c
15964766ns          266575 1c008226 08c77753 fsub.s           f14, f14, f12       f14=xxxxxxxx f14:4564b1cb f12:45006a9b
15964786ns          266576 1c00822a 40e77443 fmadd.s          f8, f14, f14, f8     f8=xxxxxxxx f14:44c88e60 f14:44c88e60  f8:4b12c2e4
15964806ns          266577 1c008222 0046a70b p.lw             x14, 4(x13!)        x14=448bb719 x13=10001664 x13:10001660  PA:10001660
15964846ns          266579 1c008226 08c77753 fsub.s           f14, f14, f12       f14=xxxxxxxx f14:448bb719 f12:45006a9b
15964866ns          266580 1c00822a 40e77443 fmadd.s          f8, f14, f14, f8     f8=xxxxxxxx f14:c46a3c3a f14:c46a3c3a  f8:4b3a0a95
15964886ns          266581 1c008222 0046a70b p.lw             x14, 4(x13!)        x14=454d9153 x13=10001668 x13:10001664  PA:10001664
15964925ns          266583 1c008226 08c77753 fsub.s           f14, f14, f12       f14=xxxxxxxx f14:454d9153 f12:45006a9b
15964945ns          266584 1c00822a 40e77443 fmadd.s          f8, f14, f14, f8     f8=xxxxxxxx f14:449a4d70 f14:449a4d70  f8:4b476fb8
15964965ns          266585 1c008222 0046a70b p.lw             x14, 4(x13!)        x14=44f8d753 x13=1000166c x13:10001668  PA:10001668
15965005ns          266587 1c008226 08c77753 fsub.s           f14, f14, f12       f14=xxxxxxxx f14:44f8d753 f12:45006a9b
15965025ns          266588 1c00822a 40e77443 fmadd.s          f8, f14, f14, f8     f8=xxxxxxxx f14:c27fbc60 f14:c27fbc60  f8:4b5eb009
15965045ns          266589 1c008222 0046a70b p.lw             x14, 4(x13!)        x14=4500010d x13=10001670 x13:1000166c  PA:1000166c
15965085ns          266591 1c008226 08c77753 fsub.s           f14, f14, f12       f14=xxxxxxxx f14:4500010d f12:45006a9b
15965104ns          266592 1c00822a 40e77443 fmadd.s          f8, f14, f14, f8     f8=xxxxxxxx f14:c0d31c00 f14:c0d31c00  f8:4b5ec001
15965124ns          266593 1c008222 0046a70b p.lw             x14, 4(x13!)        x14=451530ea x13=10001674 x13:10001670  PA:10001670
15965164ns          266595 1c008226 08c77753 fsub.s           f14, f14, f12       f14=xxxxxxxx f14:451530ea f12:45006a9b
15965184ns          266596 1c00822a 40e77443 fmadd.s          f8, f14, f14, f8     f8=xxxxxxxx f14:43a63278 f14:43a63278  f8:4b5ec02d
15965204ns          266597 1c008222 0046a70b p.lw             x14, 4(x13!)        x14=45154dba x13=10001678 x13:10001674  PA:10001674
15965244ns          266599 1c008226 08c77753 fsub.s           f14, f14, f12       f14=xxxxxxxx f14:45154dba f12:45006a9b
15965264ns          266600 1c00822a 40e77443 fmadd.s          f8, f14, f14, f8     f8=xxxxxxxx f14:43a718f8 f14:43a718f8  f8:4b606fc3
15965283ns          266601 1c008222 0046a70b p.lw             x14, 4(x13!)        x14=4441f400 x13=1000167c x13:10001678  PA:10001678
15965323ns          266603 1c008226 08c77753 fsub.s           f14, f14, f12       f14=xxxxxxxx f14:4441f400 f12:45006a9b
15965343ns          266604 1c00822a 40e77443 fmadd.s          f8, f14, f14, f8     f8=xxxxxxxx f14:c49fdb36 f14:c49fdb36  f8:4b622409
15965363ns          266605 1c008222 0046a70b p.lw             x14, 4(x13!)        x14=4560ed73 x13=10001680 x13:1000167c  PA:1000167c
15965403ns          266607 1c008226 08c77753 fsub.s           f14, f14, f12       f14=xxxxxxxx f14:4560ed73 f12:45006a9b
15965423ns          266608 1c00822a 40e77443 fmadd.s          f8, f14, f14, f8     f8=xxxxxxxx f14:44c105b0 f14:44c105b0  f8:4b7b188b
15965443ns          266609 1c008222 0046a70b p.lw             x14, 4(x13!)        x14=45739ecd x13=10001684 x13:10001680  PA:10001680
15965482ns          266611 1c008226 08c77753 fsub.s           f14, f14, f12       f14=xxxxxxxx f14:45739ecd f12:45006a9b
15965502ns          266612 1c00822a 40e77443 fmadd.s          f8, f14, f14, f8     f8=xxxxxxxx f14:44e66864 f14:44e66864  f8:4b8fbd78
15965522ns          266613 1c008222 0046a70b p.lw             x14, 4(x13!)        x14=454be790 x13=10001688 x13:10001684  PA:10001684
15965562ns          266615 1c008226 08c77753 fsub.s           f14, f14, f12       f14=xxxxxxxx f14:454be790 f12:45006a9b
15965582ns          266616 1c00822a 40e77443 fmadd.s          f8, f14, f14, f8     f8=xxxxxxxx f14:4496f9ea f14:4496f9ea  f8:4ba9a970
15965602ns          266617 1c008222 0046a70b p.lw             x14, 4(x13!)        x14=42f6f275 x13=1000168c x13:10001688  PA:10001688
15965641ns          266619 1c008226 08c77753 fsub.s           f14, f14, f12       f14=xxxxxxxx f14:42f6f275 f12:45006a9b
15965661ns          266620 1c00822a 40e77443 fmadd.s          f8, f14, f14, f8     f8=xxxxxxxx f14:c4f1660f f14:c4f1660f  f8:4bb4caaa
15965681ns          266621 1c008222 0046a70b p.lw             x14, 4(x13!)        x14=45533976 x13=10001690 x13:1000168c  PA:1000168c
15965721ns          266623 1c008226 08c77753 fsub.s           f14, f14, f12       f14=xxxxxxxx f14:45533976 f12:45006a9b
15965741ns          266624 1c00822a 40e77443 fmadd.s          f8, f14, f14, f8     f8=xxxxxxxx f14:44a59db6 f14:44a59db6  f8:4bd13ed4
15965761ns          266625 1c008222 0046a70b p.lw             x14, 4(x13!)        x14=44b7c5c6 x13=10001694 x13:10001690  PA:10001690
15965801ns          266627 1c008226 08c77753 fsub.s           f14, f14, f12       f14=xxxxxxxx f14:44b7c5c6 f12:45006a9b
15965821ns          266628 1c00822a 40e77443 fmadd.s          f8, f14, f14, f8     f8=xxxxxxxx f14:c4121ee0 f14:c4121ee0  f8:4bdea36a
15965840ns          266629 1c008222 0046a70b p.lw             x14, 4(x13!)        x14=44c8db98 x13=10001698 x13:10001694  PA:10001694
15965880ns          266631 1c008226 08c77753 fsub.s           f14, f14, f12       f14=xxxxxxxx f14:44c8db98 f12:45006a9b
15965900ns          266632 1c00822a 40e77443 fmadd.s          f8, f14, f14, f8     f8=xxxxxxxx f14:c3dfe678 f14:c3dfe678  f8:4be13ea4
15965920ns          266633 1c008222 0046a70b p.lw             x14, 4(x13!)        x14=43719a18 x13=1000169c x13:10001698  PA:10001698
15965960ns          266635 1c008226 08c77753 fsub.s           f14, f14, f12       f14=xxxxxxxx f14:43719a18 f12:45006a9b
15965980ns          266636 1c00822a 40e77443 fmadd.s          f8, f14, f14, f8     f8=xxxxxxxx f14:c4e2a1f3 f14:c4e2a1f3  f8:4be2c64b
15966000ns          266637 1c008222 0046a70b p.lw             x14, 4(x13!)        x14=44edf253 x13=100016a0 x13:1000169c  PA:1000169c
15966039ns          266639 1c008226 08c77753 fsub.s           f14, f14, f12       f14=xxxxxxxx f14:44edf253 f12:45006a9b
15966059ns          266640 1c00822a 40e77443 fmadd.s          f8, f14, f14, f8     f8=xxxxxxxx f14:c3171718 f14:c3171718  f8:4bfbda96
15966079ns          266641 1c008222 0046a70b p.lw             x14, 4(x13!)        x14=44f177fc x13=100016a4 x13:100016a0  PA:100016a0
15966119ns          266643 1c008226 08c77753 fsub.s           f14, f14, f12       f14=xxxxxxxx f14:44f177fc f12:45006a9b
15966139ns          266644 1c00822a 40e77443 fmadd.s          f8, f14, f14, f8     f8=xxxxxxxx f14:c2f5d3a0 f14:c2f5d3a0  f8:4bfc072c
15966159ns          266645 1c008222 0046a70b p.lw             x14, 4(x13!)        x14=4480f61c x13=100016a8 x13:100016a4  PA:100016a4
15966198ns          266647 1c008226 08c77753 fsub.s           f14, f14, f12       f14=xxxxxxxx f14:4480f61c f12:45006a9b
15966218ns          266648 1c00822a 40e77443 fmadd.s          f8, f14, f14, f8     f8=xxxxxxxx f14:c47fbe34 f14:c47fbe34  f8:4bfc24ae
15966238ns          266649 1c008222 0046a70b p.lw             x14, 4(x13!)        x14=457168c7 x13=100016ac x13:100016a8  PA:100016a8
15966278ns          266651 1c008226 08c77753 fsub.s           f14, f14, f12       f14=xxxxxxxx f14:457168c7 f12:45006a9b
15966298ns          266652 1c00822a 40e77443 fmadd.s          f8, f14, f14, f8     f8=xxxxxxxx f14:44e1fc58 f14:44e1fc58  f8:4c021049
15966318ns          266653 1c008222 0046a70b p.lw             x14, 4(x13!)        x14=44d363cf x13=100016b0 x13:100016ac  PA:100016ac
15966358ns          266655 1c008226 08c77753 fsub.s           f14, f14, f12       f14=xxxxxxxx f14:44d363cf f12:45006a9b
15966377ns          266656 1c00822a 40e77443 fmadd.s          f8, f14, f14, f8     f8=xxxxxxxx f14:c3b5c59c f14:c3b5c59c  f8:4c0e8822
15966397ns          266657 1c008222 0046a70b p.lw             x14, 4(x13!)        x14=44036a71 x13=100016b4 x13:100016b0  PA:100016b0
15966437ns          266659 1c008226 08c77753 fsub.s           f14, f14, f12       f14=xxxxxxxx f14:44036a71 f12:45006a9b
15966457ns          266660 1c00822a 40e77443 fmadd.s          f8, f14, f14, f8     f8=xxxxxxxx f14:c4bf1ffe f14:c4bf1ffe  f8:4c0f0933
15966477ns          266661 1c008222 0046a70b p.lw             x14, 4(x13!)        x14=455119b9 x13=100016b8 x13:100016b4  PA:100016b4
15966517ns          266663 1c008226 08c77753 fsub.s           f14, f14, f12       f14=xxxxxxxx f14:455119b9 f12:45006a9b
15966537ns          266664 1c00822a 40e77443 fmadd.s          f8, f14, f14, f8     f8=xxxxxxxx f14:44a15e3c f14:44a15e3c  f8:4c17f43f
15966556ns          266665 1c008222 0046a70b p.lw             x14, 4(x13!)        x14=442cad82 x13=100016bc x13:100016b8  PA:100016b8
15966596ns          266667 1c008226 08c77753 fsub.s           f14, f14, f12       f14=xxxxxxxx f14:442cad82 f12:45006a9b
15966616ns          266668 1c00822a 40e77443 fmadd.s          f8, f14, f14, f8     f8=xxxxxxxx f14:c4aa7e75 f14:c4aa7e75  f8:4c1e4fba
15966636ns          266669 1c008222 0046a70b p.lw             x14, 4(x13!)        x14=44e1c55f x13=100016c0 x13:100016bc  PA:100016bc
15966676ns          266671 1c008226 08c77753 fsub.s           f14, f14, f12       f14=xxxxxxxx f14:44e1c55f f12:45006a9b
15966696ns          266672 1c00822a 40e77443 fmadd.s          f8, f14, f14, f8     f8=xxxxxxxx f14:c3787eb8 f14:c3787eb8  f8:4c25687d
15966716ns          266673 1c008222 0046a70b p.lw             x14, 4(x13!)        x14=451e36ad x13=100016c4 x13:100016c0  PA:100016c0
15966755ns          266675 1c008226 08c77753 fsub.s           f14, f14, f12       f14=xxxxxxxx f14:451e36ad f12:45006a9b
15966775ns          266676 1c00822a 40e77443 fmadd.s          f8, f14, f14, f8     f8=xxxxxxxx f14:43ee6090 f14:43ee6090  f8:4c25a4ca
15966795ns          266677 1c008222 0046a70b p.lw             x14, 4(x13!)        x14=42df5404 x13=100016c8 x13:100016c4  PA:100016c4
15966835ns          266679 1c008226 08c77753 fsub.s           f14, f14, f12       f14=xxxxxxxx f14:42df5404 f12:45006a9b
15966855ns          266680 1c00822a 40e77443 fmadd.s          f8, f14, f14, f8     f8=xxxxxxxx f14:c4f2dff6 f14:c4f2dff6  f8:4c2682c2
15966875ns          266681 1c008222 0046a70b p.lw             x14, 4(x13!)        x14=45190d30 x13=100016cc x13:100016c8  PA:100016c8
15966914ns          266683 1c008226 08c77753 fsub.s           f14, f14, f12       f14=xxxxxxxx f14:45190d30 f12:45006a9b
15966934ns          266684 1c00822a 40e77443 fmadd.s          f8, f14, f14, f8     f8=xxxxxxxx f14:43c514a8 f14:43c514a8  f8:4c34e985
15966954ns          266685 1c008222 0046a70b p.lw             x14, 4(x13!)        x14=44a3cea9 x13=100016d0 x13:100016cc  PA:100016cc
15966994ns          266687 1c008226 08c77753 fsub.s           f14, f14, f12       f14=xxxxxxxx f14:44a3cea9 f12:45006a9b
15967014ns          266688 1c00822a 40e77443 fmadd.s          f8, f14, f14, f8     f8=xxxxxxxx f14:c43a0d1a f14:c43a0d1a  f8:4c35813e
15967034ns          266689 1c008222 0046a70b p.lw             x14, 4(x13!)        x14=44bc1694 x13=100016d4 x13:100016d0  PA:100016d0
15967074ns          266691 1c008226 08c77753 fsub.s           f14, f14, f12       f14=xxxxxxxx f14:44bc1694 f12:45006a9b
15967094ns          266692 1c00822a 40e77443 fmadd.s          f8, f14, f14, f8     f8=xxxxxxxx f14:c4097d44 f14:c4097d44  f8:4c379e1a
15967113ns          266693 1c008222 0046a70b p.lw             x14, 4(x13!)        x14=44dbfed3 x13=100016d8 x13:100016d4  PA:100016d4
15967153ns          266695 1c008226 08c77753 fsub.s           f14, f14, f12       f14=xxxxxxxx f14:44dbfed3 f12:45006a9b
15967173ns          266696 1c00822a 40e77443 fmadd.s          f8, f14, f14, f8     f8=xxxxxxxx f14:c393598c f14:c393598c  f8:4c38c577
15967193ns          266697 1c008222 0046a70b p.lw             x14, 4(x13!)        x14=45269ef1 x13=100016dc x13:100016d8  PA:100016d8
15967233ns          266699 1c008226 08c77753 fsub.s           f14, f14, f12       f14=xxxxxxxx f14:45269ef1 f12:45006a9b
15967253ns          266700 1c00822a 40e77443 fmadd.s          f8, f14, f14, f8     f8=xxxxxxxx f14:4418d158 f14:4418d158  f8:4c391a47
15967273ns          266701 1c008222 0046a70b p.lw             x14, 4(x13!)        x14=44d96110 x13=100016e0 x13:100016dc  PA:100016dc
15967312ns          266703 1c008226 08c77753 fsub.s           f14, f14, f12       f14=xxxxxxxx f14:44d96110 f12:45006a9b
15967332ns          266704 1c00822a 40e77443 fmadd.s          f8, f14, f14, f8     f8=xxxxxxxx f14:c39dd098 f14:c39dd098  f8:4c3a872c
15967352ns          266705 1c008222 0046a70b p.lw             x14, 4(x13!)        x14=444edd2d x13=100016e4 x13:100016e0  PA:100016e0
15967392ns          266707 1c008226 08c77753 fsub.s           f14, f14, f12       f14=xxxxxxxx f14:444edd2d f12:45006a9b
15967412ns          266708 1c00822a 40e77443 fmadd.s          f8, f14, f14, f8     f8=xxxxxxxx f14:c49966a0 f14:c49966a0  f8:4c3ae876
15967432ns          266709 1c008222 0046a70b p.lw             x14, 4(x13!)        x14=456c6d6e x13=100016e8 x13:100016e4  PA:100016e4
15967471ns          266711 1c008226 08c77753 fsub.s           f14, f14, f12       f14=xxxxxxxx f14:456c6d6e f12:45006a9b
15967491ns          266712 1c00822a 40e77443 fmadd.s          f8, f14, f14, f8     f8=xxxxxxxx f14:44d805a6 f14:44d805a6  f8:4c40a733
15967511ns          266713 1c008222 0046a70b p.lw             x14, 4(x13!)        x14=444c1ee3 x13=100016ec x13:100016e8  PA:100016e8
15967551ns          266715 1c008226 08c77753 fsub.s           f14, f14, f12       f14=xxxxxxxx f14:444c1ee3 f12:45006a9b
15967571ns          266716 1c00822a 40e77443 fmadd.s          f8, f14, f14, f8     f8=xxxxxxxx f14:c49ac5c4 f14:c49ac5c4  f8:4c4c0bcc
15967591ns          266717 1c008222 0046a70b p.lw             x14, 4(x13!)        x14=4462e7a5 x13=100016f0 x13:100016ec  PA:100016ec
15967631ns          266719 1c008226 08c77753 fsub.s           f14, f14, f12       f14=xxxxxxxx f14:4462e7a5 f12:45006a9b
15967650ns          266720 1c00822a 40e77443 fmadd.s          f8, f14, f14, f8     f8=xxxxxxxx f14:c48f6164 f14:c48f6164  f8:4c51e4f5
15967670ns          266721 1c008222 0046a70b p.lw             x14, 4(x13!)        x14=44fa7caf x13=100016f4 x13:100016f0  PA:100016f0
15967710ns          266723 1c008226 08c77753 fsub.s           f14, f14, f12       f14=xxxxxxxx f14:44fa7caf f12:45006a9b
15967730ns          266724 1c00822a 40e77443 fmadd.s          f8, f14, f14, f8     f8=xxxxxxxx f14:c24b10e0 f14:c24b10e0  f8:4c56e9d4
15967750ns          266725 1c008222 0046a70b p.lw             x14, 4(x13!)        x14=43318838 x13=100016f8 x13:100016f4  PA:100016f4
15967790ns          266727 1c008226 08c77753 fsub.s           f14, f14, f12       f14=xxxxxxxx f14:43318838 f12:45006a9b
15967810ns          266728 1c00822a 40e77443 fmadd.s          f8, f14, f14, f8     f8=xxxxxxxx f14:c4eaa42f f14:c4eaa42f  f8:4c56ec58
15967829ns          266729 1c008222 0046a70b p.lw             x14, 4(x13!)        x14=4539cb85 x13=100016fc x13:100016f8  PA:100016f8
15967869ns          266731 1c008226 08c77753 fsub.s           f14, f14, f12       f14=xxxxxxxx f14:4539cb85 f12:45006a9b
15967889ns          266732 1c00822a 40e77443 fmadd.s          f8, f14, f14, f8     f8=xxxxxxxx f14:446583a8 f14:446583a8  f8:4c645d61
15967909ns          266733 1c008222 0046a70b p.lw             x14, 4(x13!)        x14=445ac5e6 x13=10001700 x13:100016fc  PA:100016fc
15967949ns          266735 1c008226 08c77753 fsub.s           f14, f14, f12       f14=xxxxxxxx f14:445ac5e6 f12:45006a9b
15967969ns          266736 1c00822a 40e77443 fmadd.s          f8, f14, f14, f8     f8=xxxxxxxx f14:c4937243 f14:c4937243  f8:4c679474
15967989ns          266737 1c008222 0046a70b p.lw             x14, 4(x13!)        x14=4489d06f x13=10001704 x13:10001700  PA:10001700
15968028ns          266739 1c008226 08c77753 fsub.s           f14, f14, f12       f14=xxxxxxxx f14:4489d06f f12:45006a9b
15968048ns          266740 1c00822a 40e77443 fmadd.s          f8, f14, f14, f8     f8=xxxxxxxx f14:c46e098e f14:c46e098e  f8:4c6ce33b
15968068ns          266741 1c008222 0046a70b p.lw             x14, 4(x13!)        x14=45391556 x13=10001708 x13:10001704  PA:10001704
15968108ns          266743 1c008226 08c77753 fsub.s           f14, f14, f12       f14=xxxxxxxx f14:45391556 f12:45006a9b
15968128ns          266744 1c00822a 40e77443 fmadd.s          f8, f14, f14, f8     f8=xxxxxxxx f14:4462aaec f14:4462aaec  f8:4c705892
15968148ns          266745 1c008222 0046a70b p.lw             x14, 4(x13!)        x14=44d3742a x13=1000170c x13:10001708  PA:10001708
15968188ns          266747 1c008226 08c77753 fsub.s           f14, f14, f12       f14=xxxxxxxx f14:44d3742a f12:45006a9b
15968207ns          266748 1c00822a 40e77443 fmadd.s          f8, f14, f14, f8     f8=xxxxxxxx f14:c3b58430 f14:c3b58430  f8:4c737b5b
15968227ns          266749 1c008222 0046a70b p.lw             x14, 4(x13!)        x14=44993e39 x13=10001710 x13:1000170c  PA:1000170c
15968267ns          266751 1c008226 08c77753 fsub.s           f14, f14, f12       f14=xxxxxxxx f14:44993e39 f12:45006a9b
15968287ns          266752 1c00822a 40e77443 fmadd.s          f8, f14, f14, f8     f8=xxxxxxxx f14:c44f2dfa f14:c44f2dfa  f8:4c73fc0f
15968307ns          266753 1c008222 0046a70b p.lw             x14, 4(x13!)        x14=45556a6a x13=10001714 x13:10001710  PA:10001710
15968347ns          266755 1c008226 08c77753 fsub.s           f14, f14, f12       f14=xxxxxxxx f14:45556a6a f12:45006a9b
15968367ns          266756 1c00822a 40e77443 fmadd.s          f8, f14, f14, f8     f8=xxxxxxxx f14:44a9ff9e f14:44a9ff9e  f8:4c769abd
15968386ns          266757 1c008222 0046a70b p.lw             x14, 4(x13!)        x14=4524b7b2 x13=10001718 x13:10001714  PA:10001714
15968426ns          266759 1c008226 08c77753 fsub.s           f14, f14, f12       f14=xxxxxxxx f14:4524b7b2 f12:45006a9b
15968446ns          266760 1c00822a 40e77443 fmadd.s          f8, f14, f14, f8     f8=xxxxxxxx f14:4411345c f14:4411345c  f8:4c7da8f5
15968466ns          266761 1c008222 0046a70b p.lw             x14, 4(x13!)        x14=45231ebb x13=1000171c x13:10001718  PA:10001718
15968506ns          266763 1c008226 08c77753 fsub.s           f14, f14, f12       f14=xxxxxxxx f14:45231ebb f12:45006a9b
15968526ns          266764 1c00822a 40e77443 fmadd.s          f8, f14, f14, f8     f8=xxxxxxxx f14:440ad080 f14:440ad080  f8:4c7ef266
15968546ns          266765 1c008222 0046a70b p.lw             x14, 4(x13!)        x14=44d4502d x13=10001720 x13:1000171c  PA:1000171c
15968585ns          266767 1c008226 08c77753 fsub.s           f14, f14, f12       f14=xxxxxxxx f14:44d4502d f12:45006a9b
15968605ns          266768 1c00822a 40e77443 fmadd.s          f8, f14, f14, f8     f8=xxxxxxxx f14:c3b21424 f14:c3b21424  f8:4c800fbe
15968625ns          266769 1c008222 0046a70b p.lw             x14, 4(x13!)        x14=442df121 x13=10001724 x13:10001720  PA:10001720
15968665ns          266771 1c008226 08c77753 fsub.s           f14, f14, f12       f14=xxxxxxxx f14:442df121 f12:45006a9b
15968685ns          266772 1c00822a 40e77443 fmadd.s          f8, f14, f14, f8     f8=xxxxxxxx f14:c4a9dca6 f14:c4a9dca6  f8:4c804dae
15968705ns          266773 1c008222 0046a70b p.lw             x14, 4(x13!)        x14=443f8aa7 x13=10001728 x13:10001724  PA:10001724
15968744ns          266775 1c008226 08c77753 fsub.s           f14, f14, f12       f14=xxxxxxxx f14:443f8aa7 f12:45006a9b
15968764ns          266776 1c00822a 40e77443 fmadd.s          f8, f14, f14, f8     f8=xxxxxxxx f14:c4a10fe2 f14:c4a10fe2  f8:4c83d357
15968784ns          266777 1c008222 0046a70b p.lw             x14, 4(x13!)        x14=44871464 x13=1000172c x13:10001728  PA:10001728
15968824ns          266779 1c008226 08c77753 fsub.s           f14, f14, f12       f14=xxxxxxxx f14:44871464 f12:45006a9b
15968844ns          266780 1c00822a 40e77443 fmadd.s          f8, f14, f14, f8     f8=xxxxxxxx f14:c47381a4 f14:c47381a4  f8:4c86fdff
15968864ns          266781 1c008222 0046a70b p.lw             x14, 4(x13!)        x14=450fc591 x13=10001730 x13:1000172c  PA:1000172c
15968904ns          266783 1c008226 08c77753 fsub.s           f14, f14, f12       f14=xxxxxxxx f14:450fc591 f12:45006a9b
15968923ns          266784 1c00822a 40e77443 fmadd.s          f8, f14, f14, f8     f8=xxxxxxxx f14:4375af60 f14:4375af60  f8:4c88cd3e
15968943ns          266785 1c008222 0046a70b p.lw             x14, 4(x13!)        x14=4529ad68 x13=10001734 x13:10001730  PA:10001730
15968983ns          266787 1c008226 08c77753 fsub.s           f14, f14, f12       f14=xxxxxxxx f14:4529ad68 f12:45006a9b
15969003ns          266788 1c00822a 40e77443 fmadd.s          f8, f14, f14, f8     f8=xxxxxxxx f14:44250b34 f14:44250b34  f8:4c88eab7
15969023ns          266789 1c008222 0046a70b p.lw             x14, 4(x13!)        x14=43d9cd01 x13=10001738 x13:10001734  PA:10001734
15969063ns          266791 1c008226 08c77753 fsub.s           f14, f14, f12       f14=xxxxxxxx f14:43d9cd01 f12:45006a9b
15969083ns          266792 1c00822a 40e77443 fmadd.s          f8, f14, f14, f8     f8=xxxxxxxx f14:c4ca61f6 f14:c4ca61f6  f8:4c89bf86
15969102ns          266793 1c008222 0046a70b p.lw             x14, 4(x13!)        x14=450e4f66 x13=1000173c x13:10001738  PA:10001738
15969142ns          266795 1c008226 08c77753 fsub.s           f14, f14, f12       f14=xxxxxxxx f14:450e4f66 f12:45006a9b
15969162ns          266796 1c00822a 40e77443 fmadd.s          f8, f14, f14, f8     f8=xxxxxxxx f14:435e4cb0 f14:435e4cb0  f8:4c8ebf7c
15969182ns          266797 1c008222 0046a70b p.lw             x14, 4(x13!)        x14=4514f585 x13=10001740 x13:1000173c  PA:1000173c
15969222ns          266799 1c008226 08c77753 fsub.s           f14, f14, f12       f14=xxxxxxxx f14:4514f585 f12:45006a9b
15969242ns          266800 1c00822a 40e77443 fmadd.s          f8, f14, f14, f8     f8=xxxxxxxx f14:43a45750 f14:43a45750  f8:4c8ed79d
15969262ns          266801 1c008222 0046a70b p.lw             x14, 4(x13!)        x14=4576017c x13=10001744 x13:10001740  PA:10001740
15969301ns          266803 1c008226 08c77753 fsub.s           f14, f14, f12       f14=xxxxxxxx f14:4576017c f12:45006a9b
15969321ns          266804 1c00822a 40e77443 fmadd.s          f8, f14, f14, f8     f8=xxxxxxxx f14:44eb2dc2 f14:44eb2dc2  f8:4c8f0c5d
15969341ns          266805 1c008222 0046a70b p.lw             x14, 4(x13!)        x14=44440700 x13=10001748 x13:10001744  PA:10001744
15969381ns          266807 1c008226 08c77753 fsub.s           f14, f14, f12       f14=xxxxxxxx f14:44440700 f12:45006a9b
15969401ns          266808 1c00822a 40e77443 fmadd.s          f8, f14, f14, f8     f8=xxxxxxxx f14:c49ed1b6 f14:c49ed1b6  f8:4c95ccc5
15969421ns          266809 1c008222 0046a70b p.lw             x14, 4(x13!)        x14=44c7d24f x13=1000174c x13:10001748  PA:10001748
15969461ns          266811 1c008226 08c77753 fsub.s           f14, f14, f12       f14=xxxxxxxx f14:44c7d24f f12:45006a9b
15969480ns          266812 1c00822a 40e77443 fmadd.s          f8, f14, f14, f8     f8=xxxxxxxx f14:c3e40b9c f14:c3e40b9c  f8:4c98e101
15969500ns          266813 1c008222 0046a70b p.lw             x14, 4(x13!)        x14=451b21d9 x13=10001750 x13:1000174c  PA:1000174c
15969540ns          266815 1c008226 08c77753 fsub.s           f14, f14, f12       f14=xxxxxxxx f14:451b21d9 f12:45006a9b
15969560ns          266816 1c00822a 40e77443 fmadd.s          f8, f14, f14, f8     f8=xxxxxxxx f14:43d5b9f0 f14:43d5b9f0  f8:4c994693
15969580ns          266817 1c008222 0046a70b p.lw             x14, 4(x13!)        x14=44bd6015 x13=10001754 x13:10001750  PA:10001750
15969620ns          266819 1c008226 08c77753 fsub.s           f14, f14, f12       f14=xxxxxxxx f14:44bd6015 f12:45006a9b
15969640ns          266820 1c00822a 40e77443 fmadd.s          f8, f14, f14, f8     f8=xxxxxxxx f14:c406ea42 f14:c406ea42  f8:4c999fca
15969659ns          266821 1c008222 0046a70b p.lw             x14, 4(x13!)        x14=4529c766 x13=10001758 x13:10001754  PA:10001754
15969699ns          266823 1c008226 08c77753 fsub.s           f14, f14, f12       f14=xxxxxxxx f14:4529c766 f12:45006a9b
15969719ns          266824 1c00822a 40e77443 fmadd.s          f8, f14, f14, f8     f8=xxxxxxxx f14:4425732c f14:4425732c  f8:4c9a2dfe
15969739ns          266825 1c008222 0046a70b p.lw             x14, 4(x13!)        x14=4515fdfc x13=1000175c x13:10001758  PA:10001758
15969779ns          266827 1c008226 08c77753 fsub.s           f14, f14, f12       f14=xxxxxxxx f14:4515fdfc f12:45006a9b
15969799ns          266828 1c00822a 40e77443 fmadd.s          f8, f14, f14, f8     f8=xxxxxxxx f14:43ac9b08 f14:43ac9b08  f8:4c9b03d9
15969819ns          266829 1c008222 0046a70b p.lw             x14, 4(x13!)        x14=44eaed19 x13=10001760 x13:1000175c  PA:1000175c
15969858ns          266831 1c008226 08c77753 fsub.s           f14, f14, f12       f14=xxxxxxxx f14:44eaed19 f12:45006a9b
15969878ns          266832 1c00822a 40e77443 fmadd.s          f8, f14, f14, f8     f8=xxxxxxxx f14:c32f40e8 f14:c32f40e8  f8:4c9b3e09
15969898ns          266833 1c008222 0046a70b p.lw             x14, 4(x13!)        x14=458217eb x13=10001764 x13:10001760  PA:10001760
15969938ns          266835 1c008226 08c77753 fsub.s           f14, f14, f12       f14=xxxxxxxx f14:458217eb f12:45006a9b
15969958ns          266836 1c00822a 40e77443 fmadd.s          f8, f14, f14, f8     f8=xxxxxxxx f14:4503c53b f14:4503c53b  f8:4c9b4d08
15969978ns          266837 1c008222 0046a70b p.lw             x14, 4(x13!)        x14=44b72678 x13=10001768 x13:10001764  PA:10001764
15970017ns          266839 1c008226 08c77753 fsub.s           f14, f14, f12       f14=xxxxxxxx f14:44b72678 f12:45006a9b
15970037ns          266840 1c00822a 40e77443 fmadd.s          f8, f14, f14, f8     f8=xxxxxxxx f14:c4135d7c f14:c4135d7c  f8:4ca3c776
15970057ns          266841 1c008222 0046a70b p.lw             x14, 4(x13!)        x14=45152c8f x13=1000176c x13:10001768  PA:10001768
15970097ns          266843 1c008226 08c77753 fsub.s           f14, f14, f12       f14=xxxxxxxx f14:45152c8f f12:45006a9b
15970117ns          266844 1c00822a 40e77443 fmadd.s          f8, f14, f14, f8     f8=xxxxxxxx f14:43a60fa0 f14:43a60fa0  f8:4ca4711f
15970137ns          266845 1c008222 0046a70b p.lw             x14, 4(x13!)        x14=45805467 x13=10001770 x13:1000176c  PA:1000176c
15970177ns          266847 1c008226 08c77753 fsub.s           f14, f14, f12       f14=xxxxxxxx f14:45805467 f12:45006a9b
15970196ns          266848 1c00822a 40e77443 fmadd.s          f8, f14, f14, f8     f8=xxxxxxxx f14:45003e33 f14:45003e33  f8:4ca4a6fb
15970216ns          266849 1c008222 0046a70b p.lw             x14, 4(x13!)        x14=440435a2 x13=10001774 x13:10001770  PA:10001770
15970256ns          266851 1c008226 08c77753 fsub.s           f14, f14, f12       f14=xxxxxxxx f14:440435a2 f12:45006a9b
15970276ns          266852 1c00822a 40e77443 fmadd.s          f8, f14, f14, f8     f8=xxxxxxxx f14:c4beba65 f14:c4beba65  f8:4cacaec3
15970296ns          266853 1c008222 0046a70b p.lw             x14, 4(x13!)        x14=453f3617 x13=10001778 x13:10001774  PA:10001774
15970336ns          266855 1c008226 08c77753 fsub.s           f14, f14, f12       f14=xxxxxxxx f14:453f3617 f12:45006a9b
15970356ns          266856 1c00822a 40e77443 fmadd.s          f8, f14, f14, f8     f8=xxxxxxxx f14:447b2df0 f14:447b2df0  f8:4cb11f8d
15970375ns          266857 1c008222 0046a70b p.lw             x14, 4(x13!)        x14=44fbc4a5 x13=1000177c x13:10001778  PA:10001778
15970415ns          266859 1c008226 08c77753 fsub.s           f14, f14, f12       f14=xxxxxxxx f14:44fbc4a5 f12:45006a9b
15970435ns          266860 1c00822a 40e77443 fmadd.s          f8, f14, f14, f8     f8=xxxxxxxx f14:c2221220 f14:c2221220  f8:4cb30c73
15970455ns          266861 1c008222 0046a70b p.lw             x14, 4(x13!)        x14=44ac5678 x13=10001780 x13:1000177c  PA:1000177c
15970495ns          266863 1c008226 08c77753 fsub.s           f14, f14, f12       f14=xxxxxxxx f14:44ac5678 f12:45006a9b
15970515ns          266864 1c00822a 40e77443 fmadd.s          f8, f14, f14, f8     f8=xxxxxxxx f14:c428fd7c f14:c428fd7c  f8:4cb30d40
15970535ns          266865 1c008222 0046a70b p.lw             x14, 4(x13!)        x14=4532be52 x13=10001784 x13:10001780  PA:10001780
15970574ns          266867 1c008226 08c77753 fsub.s           f14, f14, f12       f14=xxxxxxxx f14:4532be52 f12:45006a9b
15970594ns          266868 1c00822a 40e77443 fmadd.s          f8, f14, f14, f8     f8=xxxxxxxx f14:44494edc f14:44494edc  f8:4cb3ec5b
15970614ns          266869 1c008222 0046a70b p.lw             x14, 4(x13!)        x14=450ba7b8 x13=10001788 x13:10001784  PA:10001784
15970654ns          266871 1c008226 08c77753 fsub.s           f14, f14, f12       f14=xxxxxxxx f14:450ba7b8 f12:45006a9b
15970674ns          266872 1c00822a 40e77443 fmadd.s          f8, f14, f14, f8     f8=xxxxxxxx f14:4333d1d0 f14:4333d1d0  f8:4cb528f5
15970694ns          266873 1c008222 0046a70b p.lw             x14, 4(x13!)        x14=444586ab x13=1000178c x13:10001788  PA:10001788
15970734ns          266875 1c008226 08c77753 fsub.s           f14, f14, f12       f14=xxxxxxxx f14:444586ab f12:45006a9b
15970753ns          266876 1c00822a 40e77443 fmadd.s          f8, f14, f14, f8     f8=xxxxxxxx f14:c49e11e0 f14:c49e11e0  f8:4cb538bf
15970773ns          266877 1c008222 0046a70b p.lw             x14, 4(x13!)        x14=456c830b x13=10001790 x13:1000178c  PA:1000178c
15970813ns          266879 1c008226 08c77753 fsub.s           f14, f14, f12       f14=xxxxxxxx f14:456c830b f12:45006a9b
15970833ns          266880 1c00822a 40e77443 fmadd.s          f8, f14, f14, f8     f8=xxxxxxxx f14:44d830e0 f14:44d830e0  f8:4cb84590
15970853ns          266881 1c008222 0046a70b p.lw             x14, 4(x13!)        x14=4548bcbc x13=10001794 x13:10001790  PA:10001790
15970893ns          266883 1c008226 08c77753 fsub.s           f14, f14, f12       f14=xxxxxxxx f14:4548bcbc f12:45006a9b
15970913ns          266884 1c00822a 40e77443 fmadd.s          f8, f14, f14, f8     f8=xxxxxxxx f14:4490a442 f14:4490a442  f8:4cbdfa24
15970932ns          266885 1c008222 0046a70b p.lw             x14, 4(x13!)        x14=44652710 x13=10001798 x13:10001794  PA:10001794
15970972ns          266887 1c008226 08c77753 fsub.s           f14, f14, f12       f14=xxxxxxxx f14:44652710 f12:45006a9b
15970992ns          266888 1c00822a 40e77443 fmadd.s          f8, f14, f14, f8     f8=xxxxxxxx f14:c48e41ae f14:c48e41ae  f8:4cc087ee
15971012ns          266889 1c008222 0046a70b p.lw             x14, 4(x13!)        x14=456694be x13=1000179c x13:10001798  PA:10001798
15971052ns          266891 1c008226 08c77753 fsub.s           f14, f14, f12       f14=xxxxxxxx f14:456694be f12:45006a9b
15971072ns          266892 1c00822a 40e77443 fmadd.s          f8, f14, f14, f8     f8=xxxxxxxx f14:44cc5446 f14:44cc5446  f8:4cc30055
15971092ns          266893 1c008222 0046a70b p.lw             x14, 4(x13!)        x14=45197927 x13=100017a0 x13:1000179c  PA:1000179c
15971131ns          266895 1c008226 08c77753 fsub.s           f14, f14, f12       f14=xxxxxxxx f14:45197927 f12:45006a9b
15971151ns          266896 1c00822a 40e77443 fmadd.s          f8, f14, f14, f8     f8=xxxxxxxx f14:43c87460 f14:43c87460  f8:4cc81908
15971171ns          266897 1c008222 0046a70b p.lw             x14, 4(x13!)        x14=44f69cf5 x13=100017a4 x13:100017a0  PA:100017a0
15971211ns          266899 1c008226 08c77753 fsub.s           f14, f14, f12       f14=xxxxxxxx f14:44f69cf5 f12:45006a9b
15971231ns          266900 1c00822a 40e77443 fmadd.s          f8, f14, f14, f8     f8=xxxxxxxx f14:c2a38410 f14:c2a38410  f8:4cc86783
15971251ns          266901 1c008222 0046a70b p.lw             x14, 4(x13!)        x14=44a53481 x13=100017a8 x13:100017a4  PA:100017a4
15971290ns          266903 1c008226 08c77753 fsub.s           f14, f14, f12       f14=xxxxxxxx f14:44a53481 f12:45006a9b
15971310ns          266904 1c00822a 40e77443 fmadd.s          f8, f14, f14, f8     f8=xxxxxxxx f14:c437416a f14:c437416a  f8:4cc86ac7
15971330ns          266905 1c008222 0046a70b p.lw             x14, 4(x13!)        x14=453e23ab x13=100017ac x13:100017a8  PA:100017a8
15971370ns          266907 1c008226 08c77753 fsub.s           f14, f14, f12       f14=xxxxxxxx f14:453e23ab f12:45006a9b
15971390ns          266908 1c00822a 40e77443 fmadd.s          f8, f14, f14, f8     f8=xxxxxxxx f14:4476e440 f14:4476e440  f8:4cc97124
15971410ns          266909 1c008222 0046a70b p.lw             x14, 4(x13!)        x14=44ca38fb x13=100017b0 x13:100017ac  PA:100017ac
15971450ns          266911 1c008226 08c77753 fsub.s           f14, f14, f12       f14=xxxxxxxx f14:44ca38fb f12:45006a9b
15971469ns          266912 1c00822a 40e77443 fmadd.s          f8, f14, f14, f8     f8=xxxxxxxx f14:c3da70ec f14:c3da70ec  f8:4ccb4d5b
15971489ns          266913 1c008222 0046a70b p.lw             x14, 4(x13!)        x14=45155228 x13=100017b4 x13:100017b0  PA:100017b0
15971529ns          266915 1c008226 08c77753 fsub.s           f14, f14, f12       f14=xxxxxxxx f14:45155228 f12:45006a9b
15971549ns          266916 1c00822a 40e77443 fmadd.s          f8, f14, f14, f8     f8=xxxxxxxx f14:43a73c68 f14:43a73c68  f8:4ccbaa8d
15971569ns          266917 1c008222 0046a70b p.lw             x14, 4(x13!)        x14=440023bc x13=100017b8 x13:100017b4  PA:100017b4
15971609ns          266919 1c008226 08c77753 fsub.s           f14, f14, f12       f14=xxxxxxxx f14:440023bc f12:45006a9b
15971629ns          266920 1c00822a 40e77443 fmadd.s          f8, f14, f14, f8     f8=xxxxxxxx f14:c4c0c358 f14:c4c0c358  f8:4ccbe12d
15971648ns          266921 1c008222 0046a70b p.lw             x14, 4(x13!)        x14=456bcc2d x13=100017bc x13:100017b8  PA:100017b8
15971688ns          266923 1c008226 08c77753 fsub.s           f14, f14, f12       f14=xxxxxxxx f14:456bcc2d f12:45006a9b
15971708ns          266924 1c00822a 40e77443 fmadd.s          f8, f14, f14, f8     f8=xxxxxxxx f14:44d6c324 f14:44d6c324  f8:4cd06a5a
15971728ns          266925 1c008222 0046a70b p.lw             x14, 4(x13!)        x14=455bdc1e x13=100017c0 x13:100017bc  PA:100017bc
15971768ns          266927 1c008226 08c77753 fsub.s           f14, f14, f12       f14=xxxxxxxx f14:455bdc1e f12:45006a9b
15971788ns          266928 1c00822a 40e77443 fmadd.s          f8, f14, f14, f8     f8=xxxxxxxx f14:44b6e306 f14:44b6e306  f8:4cd60bb1
15971808ns          266929 1c008222 0046a70b p.lw             x14, 4(x13!)        x14=45825464 x13=100017c4 x13:100017c0  PA:100017c0
15971847ns          266931 1c008226 08c77753 fsub.s           f14, f14, f12       f14=xxxxxxxx f14:45825464 f12:45006a9b
15971867ns          266932 1c00822a 40e77443 fmadd.s          f8, f14, f14, f8     f8=xxxxxxxx f14:45043e2d f14:45043e2d  f8:4cda20ee
15971887ns          266933 1c008222 0046a70b p.lw             x14, 4(x13!)        x14=44dba290 x13=100017c8 x13:100017c4  PA:100017c4
15971927ns          266935 1c008226 08c77753 fsub.s           f14, f14, f12       f14=xxxxxxxx f14:44dba290 f12:45006a9b
15971947ns          266936 1c00822a 40e77443 fmadd.s          f8, f14, f14, f8     f8=xxxxxxxx f14:c394ca98 f14:c394ca98  f8:4ce2aaf4
15971967ns          266937 1c008222 0046a70b p.lw             x14, 4(x13!)        x14=4427d43c x13=100017cc x13:100017c8  PA:100017c8
15972007ns          266939 1c008226 08c77753 fsub.s           f14, f14, f12       f14=xxxxxxxx f14:4427d43c f12:45006a9b
15972026ns          266940 1c00822a 40e77443 fmadd.s          f8, f14, f14, f8     f8=xxxxxxxx f14:c4aceb18 f14:c4aceb18  f8:4ce2d631
15972046ns          266941 1c008222 0046a70b p.lw             x14, 4(x13!)        x14=45581872 x13=100017d0 x13:100017cc  PA:100017cc
15972086ns          266943 1c008226 08c77753 fsub.s           f14, f14, f12       f14=xxxxxxxx f14:45581872 f12:45006a9b
15972106ns          266944 1c00822a 40e77443 fmadd.s          f8, f14, f14, f8     f8=xxxxxxxx f14:44af5bae f14:44af5bae  f8:4ce67c97
15972126ns          266945 1c008222 0046a70b p.lw             x14, 4(x13!)        x14=44257156 x13=100017d4 x13:100017d0  PA:100017d0
15972166ns          266947 1c008226 08c77753 fsub.s           f14, f14, f12       f14=xxxxxxxx f14:44257156 f12:45006a9b
15972186ns          266948 1c00822a 40e77443 fmadd.s          f8, f14, f14, f8     f8=xxxxxxxx f14:c4ae1c8b f14:c4ae1c8b  f8:4cea3d8b
15972205ns          266949 1c008222 0046a70b p.lw             x14, 4(x13!)        x14=44060892 x13=100017d8 x13:100017d4  PA:100017d4
15972245ns          266951 1c008226 08c77753 fsub.s           f14, f14, f12       f14=xxxxxxxx f14:44060892 f12:45006a9b
15972265ns          266952 1c00822a 40e77443 fmadd.s          f8, f14, f14, f8     f8=xxxxxxxx f14:c4bdd0ed f14:c4bdd0ed  f8:4cedf0e2
15972683ns          266973 1c00822e 661010ef jal              x1, 7776             x1=1c008232
15972742ns          266976 1c00a08e f14027f3 csrrs            x15, x0, 0xf14      x15=00000002
15972762ns          266977 1c00a092 01f00713 addi             x14, x0, 31         x14=0000001f
15972782ns          266978 1c00a094 ca5797b3 p.extractu       x15, x15, 5, 5      x15=00000000 x15:00000002
15972802ns          266979 1c00a098 00e78863 beq              x15, x14, 16        x15:00000000 x14:0000001f
15972822ns          266980 1c00a09c 002047b7 lui              x15, 0x204000       x15=00204000
15972862ns          266982 1c00a0a0 20078793 addi             x15, x15, 512       x15=00204200 x15:00204000
15972902ns          266984 1c00a0a4 01c7e703 p.elw            x14, 28(x15)        x14=00010000 x15:00204200  PA:0020421c
16585219ns          297768 1c00a0a8 00008067 jalr             x0, x1, 0            x1:1c008232
16585278ns          297771 1c008232 1c011a37 lui              x20, 0x1c011000     x20=1c011000
16585298ns          297772 1c008236 000a0a13 addi             x20, x20, 0         x20=1c011000 x20:1c011000
16585318ns          297773 1c00823a 00449793 slli             x15, x9, 0x4        x15=00000020  x9:00000002
16585338ns          297774 1c00823e 014787b3 add              x15, x15, x20       x15=1c011020 x15:00000020 x20:1c011000
16585855ns          297800 1c008240 c907a483 lw               x9, -880(x15)        x9=4848a716 x15:1c011020  PA:1c010cb0
16586313ns          297823 1c008244 1c0006b7 lui              x13, 0x1c000000     x13=1c000000
16586332ns          297824 1c008248 00190793 addi             x15, x18, 1         x15=00000009 x18:00000008
16586352ns          297825 1c00824c a0998753 fle.s            x14, f19, f9        x14=00000001 f19:4848a693  f9:4848a716
16586392ns          297827 1c008250 00279793 slli             x15, x15, 0x2       x15=00000024 x15:00000009
16586432ns          297829 1c008252 0206a683 lw               x13, 32(x13)        x13=3c257eb5 x13:1c000000  PA:1c000020
16586889ns          297852 1c008256 014787b3 add              x15, x15, x20       x15=1c011024 x15:00000024 x20:1c011000
16586909ns          297853 1c008258 10d47453 fmul.s           f8, f8, f13          f8=xxxxxxxx  f8:4cf256d3 f13:3c257eb5
16586929ns          297854 1c00825c c907aa83 lw               x21, -880(x15)      x21=4848a610 x15:1c011024  PA:1c010cb4
16587227ns          297869 1c008260 1a071b63 bne              x14, x0, 438        x14:00000001
16587705ns          297893 1c008416 a13a87d3 fle.s            x15, f21, f19       x15=00000001 f21:4848a610 f19:4848a693
16587725ns          297894 1c00841a 00100693 addi             x13, x0, 1          x13=00000001
16587745ns          297895 1c00841c e40784e3 beq              x15, x0, -440       x15:00000001
16587784ns          297897 1c008420 f95ff06f jal              x0, -108           
16588222ns          297919 1c0083b4 00290793 addi             x15, x18, 2         x15=0000000a x18:00000008
16588262ns          297921 1c0083b8 00279793 slli             x15, x15, 0x2       x15=00000028 x15:0000000a
16588282ns          297922 1c0083ba 014787b3 add              x15, x15, x20       x15=1c011028 x15:00000028 x20:1c011000
16588302ns          297923 1c0083bc c907a483 lw               x9, -880(x15)        x9=499caa4e x15:1c011028  PA:1c010cb8
16588739ns          297945 1c0083c0 00390793 addi             x15, x18, 3         x15=0000000b x18:00000008
16588779ns          297947 1c0083c4 a0940753 fle.s            x14, f8, f9         x14=00000001  f8:499ca9e8  f9:499caa4e
16588799ns          297948 1c0083c8 00279793 slli             x15, x15, 0x2       x15=0000002c x15:0000000b
16588819ns          297949 1c0083ca 014787b3 add              x15, x15, x20       x15=1c01102c x15:0000002c x20:1c011000
16588839ns          297950 1c0083cc c907a903 lw               x18, -880(x15)      x18=499ca980 x15:1c01102c  PA:1c010cbc
16589276ns          297972 1c0083d0 08070663 beq              x14, x0, 140        x14:00000001
16589316ns          297974 1c0083d2 a08907d3 fle.s            x15, f18, f8        x15=00000001 f18:499ca980  f8:499ca9e8
16589336ns          297975 1c0083d6 08078363 beq              x15, x0, 134        x15:00000001
16589356ns          297976 1c0083d8 f14025f3 csrrs            x11, x0, 0xf14      x11=00000002
16589376ns          297977 1c0083dc f455b5b3 p.bclr           x11, x11, 26, 5     x11=00000002 x11:00000002
16589793ns          297998 1c0083e0 1c068863 beq              x13, x0, 464        x13:00000001
16589833ns          298000 1c0083e4 1c000537 lui              x10, 0x1c000000     x10=1c000000
16589853ns          298001 1c0083e8 0bc50513 addi             x10, x10, 188       x10=1c0000bc x10:1c000000
16589873ns          298002 1c0083ec 0ed000ef jal              x1, 2284             x1=1c0083f0
16590370ns          298027 1c008cd8 fc010113 addi             x2, x2, -64          x2=10001608  x2:10001648
16590410ns          298029 1c008cda 02410313 addi             x6, x2, 36           x6=1000162c  x2:10001608
16590430ns          298030 1c008cde 02c12423 sw               x12, 40(x2)         x12:45006a9b  x2:10001608  PA:10001630
16590470ns          298032 1c008ce0 00a00633 add              x12, x0, x10        x12=1c0000bc x10:1c0000bc
16590509ns          298034 1c008ce2 1c009537 lui              x10, 0x1c009000     x10=1c009000
16590529ns          298035 1c008ce6 02b12223 sw               x11, 36(x2)         x11:00000002  x2:10001608  PA:1000162c
16590549ns          298036 1c008ce8 02d12623 sw               x13, 44(x2)         x13:00000001  x2:10001608  PA:10001634
16590569ns          298037 1c008cea 00200593 addi             x11, x0, 2          x11=00000002
16590589ns          298038 1c008cec 006006b3 add              x13, x0, x6         x13=1000162c  x6:1000162c
16590609ns          298039 1c008cee c6c50513 addi             x10, x10, -916      x10=1c008c6c x10:1c009000
16590629ns          298040 1c008cf2 00112e23 sw               x1, 28(x2)           x1:1c0083f0  x2:10001608  PA:10001624
16590649ns          298041 1c008cf4 02e12823 sw               x14, 48(x2)         x14:00000001  x2:10001608  PA:10001638
16590669ns          298042 1c008cf6 02f12a23 sw               x15, 52(x2)         x15:00000001  x2:10001608  PA:1000163c
16590688ns          298043 1c008cf8 03012c23 sw               x16, 56(x2)         x16:xxxxxxxx  x2:10001608  PA:10001640
16590708ns          298044 1c008cfa 03112e23 sw               x17, 60(x2)         x17:xxxxxxxx  x2:10001608  PA:10001644
16590728ns          298045 1c008cfc 00612623 sw               x6, 12(x2)           x6:1000162c  x2:10001608  PA:10001614
16590748ns          298046 1c008cfe fbfff0ef jal              x1, -66              x1=1c008d00
16590828ns          298050 1c008cbc 04a0006f jal              x0, 74             
16590867ns          298052 1c008d06 ed010113 addi             x2, x2, -304         x2=100014d8  x2:10001608
16590887ns          298053 1c008d08 12812423 sw               x8, 296(x2)          x8:499ca9e8  x2:100014d8  PA:10001600
16590907ns          298054 1c008d0c 00000413 addi             x8, x0, 0            x8=00000000
16590967ns          298057 1c008d0e 11612823 sw               x22, 272(x2)        x22:xxxxxxxx  x2:100014d8  PA:100015e8
16591007ns          298059 1c008d12 11712623 sw               x23, 268(x2)        x23:xxxxxxxx  x2:100014d8  PA:100015e4
16591027ns          298060 1c008d16 11812423 sw               x24, 264(x2)        x24:xxxxxxxx  x2:100014d8  PA:100015e0
16591047ns          298061 1c008d1a 11912223 sw               x25, 260(x2)        x25:xxxxxxxx  x2:100014d8  PA:100015dc
16591106ns          298064 1c008d1e 11a12023 sw               x26, 256(x2)        x26:xxxxxxxx  x2:100014d8  PA:100015d8
16591126ns          298065 1c008d22 0fb12e23 sw               x27, 252(x2)        x27:xxxxxxxx  x2:100014d8  PA:100015d4
16591146ns          298066 1c008d24 12112623 sw               x1, 300(x2)          x1:1c008d00  x2:100014d8  PA:10001604
16591166ns          298067 1c008d28 00800db3 add              x27, x0, x8         x27=00000000  x8:00000000
16591186ns          298068 1c008d2a 12912223 sw               x9, 292(x2)          x9:499caa4e  x2:100014d8  PA:100015fc
16591245ns          298071 1c008d2e 13212023 sw               x18, 288(x2)        x18:499ca980  x2:100014d8  PA:100015f8
16591285ns          298073 1c008d32 11312e23 sw               x19, 284(x2)        x19:4848a693  x2:100014d8  PA:100015f4
16591305ns          298074 1c008d36 11412c23 sw               x20, 280(x2)        x20:1c011000  x2:100014d8  PA:100015f0
16591325ns          298075 1c008d3a 11512a23 sw               x21, 276(x2)        x21:4848a610  x2:100014d8  PA:100015ec
16591345ns          298076 1c008d3e 00a00b33 add              x22, x0, x10        x22=1c008c6c x10:1c008c6c
16591385ns          298078 1c008d40 00b00d33 add              x26, x0, x11        x26=00000002 x11:00000002
16591405ns          298079 1c008d42 00d00c33 add              x24, x0, x13        x24=1000162c x13:1000162c
16591424ns          298080 1c008d44 1c000bb7 lui              x23, 0x1c000000     x23=1c000000
16591444ns          298081 1c008d48 02410c93 addi             x25, x2, 36         x25=100014fc  x2:100014d8
16591464ns          298082 1c008d4c 00c00433 add              x8, x0, x12          x8=1c0000bc x12:1c0000bc
16591524ns          298085 1c008d4e 00044503 lbu              x10, 0(x8)          x10=0000006b  x8:1c0000bc  PA:1c0000bc
16591842ns          298101 1c008d52 00140413 addi             x8, x8, 1            x8=1c0000bd  x8:1c0000bc
16591862ns          298102 1c008d54 00050e63 beq              x10, x0, 28         x10:0000006b
16591882ns          298103 1c008d56 02500793 addi             x15, x0, 37         x15=00000025
16591902ns          298104 1c008d5a 04f50863 beq              x10, x15, 80        x10:0000006b x15:00000025
16591922ns          298105 1c008d5e 01a005b3 add              x11, x0, x26        x11=00000002 x26:00000002
16591942ns          298106 1c008d60 000b00e7 jalr             x1, x22, 0           x1=1c008d62 x22:1c008c6c
16592021ns          298110 1c008c6c 000026b7 lui              x13, 0x2000         x13=00002000
16592061ns          298112 1c008c6e f14027f3 csrrs            x15, x0, 0xf14      x15=00000002
16592081ns          298113 1c008c72 f8068693 addi             x13, x13, -128      x13=00001f80 x13:00002000
16592101ns          298114 1c008c76 00379713 slli             x14, x15, 0x3       x14=00000010 x15:00000002
16592121ns          298115 1c008c7a 00279793 slli             x15, x15, 0x2       x15=00000008 x15:00000002
16592141ns          298116 1c008c7c 00d7f7b3 and              x15, x15, x13       x15=00000000 x15:00000008 x13:00001f80
16592180ns          298118 1c008c7e ee873733 p.bclr           x14, x14, 23, 8     x14=00000010 x14:00000010
16592220ns          298120 1c008c82 1a10f6b7 lui              x13, 0x1a10f000     x13=1a10f000
16592240ns          298121 1c008c86 0ff57513 andi             x10, x10, 255       x10=0000006b x10:0000006b
16592260ns          298122 1c008c8a 00d70733 add              x14, x14, x13       x14=1a10f010 x14:00000010 x13:1a10f000
16592280ns          298123 1c008c8c 00a7e723 p.sw             x10, x0(x15)        x10:0000006b x15:00000000  PA:1a10f010
16592618ns          298140 1c008c90 00000513 addi             x10, x0, 0          x10=00000000
16592638ns          298141 1c008c92 00008067 jalr             x0, x1, 0            x1:1c008d62
16592757ns          298147 1c008d62 31f52563 p.beqimm         x10, 778            x10:00000000
16592777ns          298148 1c008d66 001d8d93 addi             x27, x27, 1         x27=00000001 x27:00000000
16592797ns          298149 1c008d68 00044503 lbu              x10, 0(x8)          x10=00000065  x8:1c0000bd  PA:1c0000bd
16593115ns          298165 1c008d6c 00140413 addi             x8, x8, 1            x8=1c0000be  x8:1c0000bd
16593135ns          298166 1c008d6e fe0514e3 bne              x10, x0, -24        x10:00000065
16593215ns          298170 1c008d56 02500793 addi             x15, x0, 37         x15=00000025
16593234ns          298171 1c008d5a 04f50863 beq              x10, x15, 80        x10:00000065 x15:00000025
16593254ns          298172 1c008d5e 01a005b3 add              x11, x0, x26        x11=00000002 x26:00000002
16593274ns          298173 1c008d60 000b00e7 jalr             x1, x22, 0           x1=1c008d62 x22:1c008c6c
16593314ns          298175 1c008c6c 000026b7 lui              x13, 0x2000         x13=00002000
16593334ns          298176 1c008c6e f14027f3 csrrs            x15, x0, 0xf14      x15=00000002
16593354ns          298177 1c008c72 f8068693 addi             x13, x13, -128      x13=00001f80 x13:00002000
16593374ns          298178 1c008c76 00379713 slli             x14, x15, 0x3       x14=00000010 x15:00000002
16593394ns          298179 1c008c7a 00279793 slli             x15, x15, 0x2       x15=00000008 x15:00000002
16593414ns          298180 1c008c7c 00d7f7b3 and              x15, x15, x13       x15=00000000 x15:00000008 x13:00001f80
16593433ns          298181 1c008c7e ee873733 p.bclr           x14, x14, 23, 8     x14=00000010 x14:00000010
16593453ns          298182 1c008c82 1a10f6b7 lui              x13, 0x1a10f000     x13=1a10f000
16593473ns          298183 1c008c86 0ff57513 andi             x10, x10, 255       x10=00000065 x10:00000065
16593493ns          298184 1c008c8a 00d70733 add              x14, x14, x13       x14=1a10f010 x14:00000010 x13:1a10f000
16593513ns          298185 1c008c8c 00a7e723 p.sw             x10, x0(x15)        x10:00000065 x15:00000000  PA:1a10f010
16593831ns          298201 1c008c90 00000513 addi             x10, x0, 0          x10=00000000
16593851ns          298202 1c008c92 00008067 jalr             x0, x1, 0            x1:1c008d62
16593911ns          298205 1c008d62 31f52563 p.beqimm         x10, 778            x10:00000000
16593931ns          298206 1c008d66 001d8d93 addi             x27, x27, 1         x27=00000002 x27:00000001
16593951ns          298207 1c008d68 00044503 lbu              x10, 0(x8)          x10=00000072  x8:1c0000be  PA:1c0000be
16594269ns          298223 1c008d6c 00140413 addi             x8, x8, 1            x8=1c0000bf  x8:1c0000be
16594289ns          298224 1c008d6e fe0514e3 bne              x10, x0, -24        x10:00000072
16594368ns          298228 1c008d56 02500793 addi             x15, x0, 37         x15=00000025
16594388ns          298229 1c008d5a 04f50863 beq              x10, x15, 80        x10:00000072 x15:00000025
16594408ns          298230 1c008d5e 01a005b3 add              x11, x0, x26        x11=00000002 x26:00000002
16594428ns          298231 1c008d60 000b00e7 jalr             x1, x22, 0           x1=1c008d62 x22:1c008c6c
16594468ns          298233 1c008c6c 000026b7 lui              x13, 0x2000         x13=00002000
16594488ns          298234 1c008c6e f14027f3 csrrs            x15, x0, 0xf14      x15=00000002
16594508ns          298235 1c008c72 f8068693 addi             x13, x13, -128      x13=00001f80 x13:00002000
16594527ns          298236 1c008c76 00379713 slli             x14, x15, 0x3       x14=00000010 x15:00000002
16594547ns          298237 1c008c7a 00279793 slli             x15, x15, 0x2       x15=00000008 x15:00000002
16594567ns          298238 1c008c7c 00d7f7b3 and              x15, x15, x13       x15=00000000 x15:00000008 x13:00001f80
16594587ns          298239 1c008c7e ee873733 p.bclr           x14, x14, 23, 8     x14=00000010 x14:00000010
16594607ns          298240 1c008c82 1a10f6b7 lui              x13, 0x1a10f000     x13=1a10f000
16594627ns          298241 1c008c86 0ff57513 andi             x10, x10, 255       x10=00000072 x10:00000072
16594647ns          298242 1c008c8a 00d70733 add              x14, x14, x13       x14=1a10f010 x14:00000010 x13:1a10f000
16594667ns          298243 1c008c8c 00a7e723 p.sw             x10, x0(x15)        x10:00000072 x15:00000000  PA:1a10f010
16594985ns          298259 1c008c90 00000513 addi             x10, x0, 0          x10=00000000
16595005ns          298260 1c008c92 00008067 jalr             x0, x1, 0            x1:1c008d62
16595064ns          298263 1c008d62 31f52563 p.beqimm         x10, 778            x10:00000000
16595084ns          298264 1c008d66 001d8d93 addi             x27, x27, 1         x27=00000003 x27:00000002
16595104ns          298265 1c008d68 00044503 lbu              x10, 0(x8)          x10=0000006e  x8:1c0000bf  PA:1c0000bf
16595403ns          298280 1c008d6c 00140413 addi             x8, x8, 1            x8=1c0000c0  x8:1c0000bf
16595422ns          298281 1c008d6e fe0514e3 bne              x10, x0, -24        x10:0000006e
16595502ns          298285 1c008d56 02500793 addi             x15, x0, 37         x15=00000025
16595522ns          298286 1c008d5a 04f50863 beq              x10, x15, 80        x10:0000006e x15:00000025
16595542ns          298287 1c008d5e 01a005b3 add              x11, x0, x26        x11=00000002 x26:00000002
16595562ns          298288 1c008d60 000b00e7 jalr             x1, x22, 0           x1=1c008d62 x22:1c008c6c
16595601ns          298290 1c008c6c 000026b7 lui              x13, 0x2000         x13=00002000
16595621ns          298291 1c008c6e f14027f3 csrrs            x15, x0, 0xf14      x15=00000002
16595641ns          298292 1c008c72 f8068693 addi             x13, x13, -128      x13=00001f80 x13:00002000
16595661ns          298293 1c008c76 00379713 slli             x14, x15, 0x3       x14=00000010 x15:00000002
16595681ns          298294 1c008c7a 00279793 slli             x15, x15, 0x2       x15=00000008 x15:00000002
16595701ns          298295 1c008c7c 00d7f7b3 and              x15, x15, x13       x15=00000000 x15:00000008 x13:00001f80
16595721ns          298296 1c008c7e ee873733 p.bclr           x14, x14, 23, 8     x14=00000010 x14:00000010
16595741ns          298297 1c008c82 1a10f6b7 lui              x13, 0x1a10f000     x13=1a10f000
16595761ns          298298 1c008c86 0ff57513 andi             x10, x10, 255       x10=0000006e x10:0000006e
16595781ns          298299 1c008c8a 00d70733 add              x14, x14, x13       x14=1a10f010 x14:00000010 x13:1a10f000
16595800ns          298300 1c008c8c 00a7e723 p.sw             x10, x0(x15)        x10:0000006e x15:00000000  PA:1a10f010
16596119ns          298316 1c008c90 00000513 addi             x10, x0, 0          x10=00000000
16596139ns          298317 1c008c92 00008067 jalr             x0, x1, 0            x1:1c008d62
16596198ns          298320 1c008d62 31f52563 p.beqimm         x10, 778            x10:00000000
16596218ns          298321 1c008d66 001d8d93 addi             x27, x27, 1         x27=00000004 x27:00000003
16596238ns          298322 1c008d68 00044503 lbu              x10, 0(x8)          x10=00000065  x8:1c0000c0  PA:1c0000c0
16596536ns          298337 1c008d6c 00140413 addi             x8, x8, 1            x8=1c0000c1  x8:1c0000c0
16596556ns          298338 1c008d6e fe0514e3 bne              x10, x0, -24        x10:00000065
16596636ns          298342 1c008d56 02500793 addi             x15, x0, 37         x15=00000025
16596656ns          298343 1c008d5a 04f50863 beq              x10, x15, 80        x10:00000065 x15:00000025
16596676ns          298344 1c008d5e 01a005b3 add              x11, x0, x26        x11=00000002 x26:00000002
16596695ns          298345 1c008d60 000b00e7 jalr             x1, x22, 0           x1=1c008d62 x22:1c008c6c
16596735ns          298347 1c008c6c 000026b7 lui              x13, 0x2000         x13=00002000
16596755ns          298348 1c008c6e f14027f3 csrrs            x15, x0, 0xf14      x15=00000002
16596775ns          298349 1c008c72 f8068693 addi             x13, x13, -128      x13=00001f80 x13:00002000
16596795ns          298350 1c008c76 00379713 slli             x14, x15, 0x3       x14=00000010 x15:00000002
16596815ns          298351 1c008c7a 00279793 slli             x15, x15, 0x2       x15=00000008 x15:00000002
16596835ns          298352 1c008c7c 00d7f7b3 and              x15, x15, x13       x15=00000000 x15:00000008 x13:00001f80
16596855ns          298353 1c008c7e ee873733 p.bclr           x14, x14, 23, 8     x14=00000010 x14:00000010
16596875ns          298354 1c008c82 1a10f6b7 lui              x13, 0x1a10f000     x13=1a10f000
16596894ns          298355 1c008c86 0ff57513 andi             x10, x10, 255       x10=00000065 x10:00000065
16596914ns          298356 1c008c8a 00d70733 add              x14, x14, x13       x14=1a10f010 x14:00000010 x13:1a10f000
16596934ns          298357 1c008c8c 00a7e723 p.sw             x10, x0(x15)        x10:00000065 x15:00000000  PA:1a10f010
16597252ns          298373 1c008c90 00000513 addi             x10, x0, 0          x10=00000000
16597272ns          298374 1c008c92 00008067 jalr             x0, x1, 0            x1:1c008d62
16597332ns          298377 1c008d62 31f52563 p.beqimm         x10, 778            x10:00000000
16597352ns          298378 1c008d66 001d8d93 addi             x27, x27, 1         x27=00000005 x27:00000004
16597372ns          298379 1c008d68 00044503 lbu              x10, 0(x8)          x10=0000006c  x8:1c0000c1  PA:1c0000c1
16597670ns          298394 1c008d6c 00140413 addi             x8, x8, 1            x8=1c0000c2  x8:1c0000c1
16597690ns          298395 1c008d6e fe0514e3 bne              x10, x0, -24        x10:0000006c
16597770ns          298399 1c008d56 02500793 addi             x15, x0, 37         x15=00000025
16597789ns          298400 1c008d5a 04f50863 beq              x10, x15, 80        x10:0000006c x15:00000025
16597809ns          298401 1c008d5e 01a005b3 add              x11, x0, x26        x11=00000002 x26:00000002
16597829ns          298402 1c008d60 000b00e7 jalr             x1, x22, 0           x1=1c008d62 x22:1c008c6c
16597869ns          298404 1c008c6c 000026b7 lui              x13, 0x2000         x13=00002000
16597889ns          298405 1c008c6e f14027f3 csrrs            x15, x0, 0xf14      x15=00000002
16597909ns          298406 1c008c72 f8068693 addi             x13, x13, -128      x13=00001f80 x13:00002000
16597929ns          298407 1c008c76 00379713 slli             x14, x15, 0x3       x14=00000010 x15:00000002
16597949ns          298408 1c008c7a 00279793 slli             x15, x15, 0x2       x15=00000008 x15:00000002
16597968ns          298409 1c008c7c 00d7f7b3 and              x15, x15, x13       x15=00000000 x15:00000008 x13:00001f80
16597988ns          298410 1c008c7e ee873733 p.bclr           x14, x14, 23, 8     x14=00000010 x14:00000010
16598008ns          298411 1c008c82 1a10f6b7 lui              x13, 0x1a10f000     x13=1a10f000
16598028ns          298412 1c008c86 0ff57513 andi             x10, x10, 255       x10=0000006c x10:0000006c
16598048ns          298413 1c008c8a 00d70733 add              x14, x14, x13       x14=1a10f010 x14:00000010 x13:1a10f000
16598068ns          298414 1c008c8c 00a7e723 p.sw             x10, x0(x15)        x10:0000006c x15:00000000  PA:1a10f010
16598386ns          298430 1c008c90 00000513 addi             x10, x0, 0          x10=00000000
16598406ns          298431 1c008c92 00008067 jalr             x0, x1, 0            x1:1c008d62
16598466ns          298434 1c008d62 31f52563 p.beqimm         x10, 778            x10:00000000
16598486ns          298435 1c008d66 001d8d93 addi             x27, x27, 1         x27=00000006 x27:00000005
16598506ns          298436 1c008d68 00044503 lbu              x10, 0(x8)          x10=00000020  x8:1c0000c2  PA:1c0000c2
16598824ns          298452 1c008d6c 00140413 addi             x8, x8, 1            x8=1c0000c3  x8:1c0000c2
16598844ns          298453 1c008d6e fe0514e3 bne              x10, x0, -24        x10:00000020
16598923ns          298457 1c008d56 02500793 addi             x15, x0, 37         x15=00000025
16598943ns          298458 1c008d5a 04f50863 beq              x10, x15, 80        x10:00000020 x15:00000025
16598963ns          298459 1c008d5e 01a005b3 add              x11, x0, x26        x11=00000002 x26:00000002
16598983ns          298460 1c008d60 000b00e7 jalr             x1, x22, 0           x1=1c008d62 x22:1c008c6c
16599023ns          298462 1c008c6c 000026b7 lui              x13, 0x2000         x13=00002000
16599043ns          298463 1c008c6e f14027f3 csrrs            x15, x0, 0xf14      x15=00000002
16599062ns          298464 1c008c72 f8068693 addi             x13, x13, -128      x13=00001f80 x13:00002000
16599082ns          298465 1c008c76 00379713 slli             x14, x15, 0x3       x14=00000010 x15:00000002
16599102ns          298466 1c008c7a 00279793 slli             x15, x15, 0x2       x15=00000008 x15:00000002
16599122ns          298467 1c008c7c 00d7f7b3 and              x15, x15, x13       x15=00000000 x15:00000008 x13:00001f80
16599142ns          298468 1c008c7e ee873733 p.bclr           x14, x14, 23, 8     x14=00000010 x14:00000010
16599162ns          298469 1c008c82 1a10f6b7 lui              x13, 0x1a10f000     x13=1a10f000
16599182ns          298470 1c008c86 0ff57513 andi             x10, x10, 255       x10=00000020 x10:00000020
16599202ns          298471 1c008c8a 00d70733 add              x14, x14, x13       x14=1a10f010 x14:00000010 x13:1a10f000
16599222ns          298472 1c008c8c 00a7e723 p.sw             x10, x0(x15)        x10:00000020 x15:00000000  PA:1a10f010
16599540ns          298488 1c008c90 00000513 addi             x10, x0, 0          x10=00000000
16599560ns          298489 1c008c92 00008067 jalr             x0, x1, 0            x1:1c008d62
16599619ns          298492 1c008d62 31f52563 p.beqimm         x10, 778            x10:00000000
16599639ns          298493 1c008d66 001d8d93 addi             x27, x27, 1         x27=00000007 x27:00000006
16599659ns          298494 1c008d68 00044503 lbu              x10, 0(x8)          x10=00000070  x8:1c0000c3  PA:1c0000c3
16599958ns          298509 1c008d6c 00140413 addi             x8, x8, 1            x8=1c0000c4  x8:1c0000c3
16599977ns          298510 1c008d6e fe0514e3 bne              x10, x0, -24        x10:00000070
16600057ns          298514 1c008d56 02500793 addi             x15, x0, 37         x15=00000025
16600077ns          298515 1c008d5a 04f50863 beq              x10, x15, 80        x10:00000070 x15:00000025
16600097ns          298516 1c008d5e 01a005b3 add              x11, x0, x26        x11=00000002 x26:00000002
16600117ns          298517 1c008d60 000b00e7 jalr             x1, x22, 0           x1=1c008d62 x22:1c008c6c
16600156ns          298519 1c008c6c 000026b7 lui              x13, 0x2000         x13=00002000
16600176ns          298520 1c008c6e f14027f3 csrrs            x15, x0, 0xf14      x15=00000002
16600196ns          298521 1c008c72 f8068693 addi             x13, x13, -128      x13=00001f80 x13:00002000
16600216ns          298522 1c008c76 00379713 slli             x14, x15, 0x3       x14=00000010 x15:00000002
16600236ns          298523 1c008c7a 00279793 slli             x15, x15, 0x2       x15=00000008 x15:00000002
16600256ns          298524 1c008c7c 00d7f7b3 and              x15, x15, x13       x15=00000000 x15:00000008 x13:00001f80
16600276ns          298525 1c008c7e ee873733 p.bclr           x14, x14, 23, 8     x14=00000010 x14:00000010
16600296ns          298526 1c008c82 1a10f6b7 lui              x13, 0x1a10f000     x13=1a10f000
16600316ns          298527 1c008c86 0ff57513 andi             x10, x10, 255       x10=00000070 x10:00000070
16600335ns          298528 1c008c8a 00d70733 add              x14, x14, x13       x14=1a10f010 x14:00000010 x13:1a10f000
16600355ns          298529 1c008c8c 00a7e723 p.sw             x10, x0(x15)        x10:00000070 x15:00000000  PA:1a10f010
16600674ns          298545 1c008c90 00000513 addi             x10, x0, 0          x10=00000000
16600694ns          298546 1c008c92 00008067 jalr             x0, x1, 0            x1:1c008d62
16600753ns          298549 1c008d62 31f52563 p.beqimm         x10, 778            x10:00000000
16600773ns          298550 1c008d66 001d8d93 addi             x27, x27, 1         x27=00000008 x27:00000007
16600793ns          298551 1c008d68 00044503 lbu              x10, 0(x8)          x10=00000061  x8:1c0000c4  PA:1c0000c4
16601111ns          298567 1c008d6c 00140413 addi             x8, x8, 1            x8=1c0000c5  x8:1c0000c4
16601131ns          298568 1c008d6e fe0514e3 bne              x10, x0, -24        x10:00000061
16601211ns          298572 1c008d56 02500793 addi             x15, x0, 37         x15=00000025
16601231ns          298573 1c008d5a 04f50863 beq              x10, x15, 80        x10:00000061 x15:00000025
16601250ns          298574 1c008d5e 01a005b3 add              x11, x0, x26        x11=00000002 x26:00000002
16601270ns          298575 1c008d60 000b00e7 jalr             x1, x22, 0           x1=1c008d62 x22:1c008c6c
16601310ns          298577 1c008c6c 000026b7 lui              x13, 0x2000         x13=00002000
16601330ns          298578 1c008c6e f14027f3 csrrs            x15, x0, 0xf14      x15=00000002
16601350ns          298579 1c008c72 f8068693 addi             x13, x13, -128      x13=00001f80 x13:00002000
16601370ns          298580 1c008c76 00379713 slli             x14, x15, 0x3       x14=00000010 x15:00000002
16601390ns          298581 1c008c7a 00279793 slli             x15, x15, 0x2       x15=00000008 x15:00000002
16601410ns          298582 1c008c7c 00d7f7b3 and              x15, x15, x13       x15=00000000 x15:00000008 x13:00001f80
16601429ns          298583 1c008c7e ee873733 p.bclr           x14, x14, 23, 8     x14=00000010 x14:00000010
16601449ns          298584 1c008c82 1a10f6b7 lui              x13, 0x1a10f000     x13=1a10f000
16601469ns          298585 1c008c86 0ff57513 andi             x10, x10, 255       x10=00000061 x10:00000061
16601489ns          298586 1c008c8a 00d70733 add              x14, x14, x13       x14=1a10f010 x14:00000010 x13:1a10f000
16601509ns          298587 1c008c8c 00a7e723 p.sw             x10, x0(x15)        x10:00000061 x15:00000000  PA:1a10f010
16601827ns          298603 1c008c90 00000513 addi             x10, x0, 0          x10=00000000
16601847ns          298604 1c008c92 00008067 jalr             x0, x1, 0            x1:1c008d62
16601907ns          298607 1c008d62 31f52563 p.beqimm         x10, 778            x10:00000000
16601927ns          298608 1c008d66 001d8d93 addi             x27, x27, 1         x27=00000009 x27:00000008
16601947ns          298609 1c008d68 00044503 lbu              x10, 0(x8)          x10=00000073  x8:1c0000c5  PA:1c0000c5
16602245ns          298624 1c008d6c 00140413 addi             x8, x8, 1            x8=1c0000c6  x8:1c0000c5
16602265ns          298625 1c008d6e fe0514e3 bne              x10, x0, -24        x10:00000073
16602344ns          298629 1c008d56 02500793 addi             x15, x0, 37         x15=00000025
16602364ns          298630 1c008d5a 04f50863 beq              x10, x15, 80        x10:00000073 x15:00000025
16602384ns          298631 1c008d5e 01a005b3 add              x11, x0, x26        x11=00000002 x26:00000002
16602404ns          298632 1c008d60 000b00e7 jalr             x1, x22, 0           x1=1c008d62 x22:1c008c6c
16602444ns          298634 1c008c6c 000026b7 lui              x13, 0x2000         x13=00002000
16602464ns          298635 1c008c6e f14027f3 csrrs            x15, x0, 0xf14      x15=00000002
16602484ns          298636 1c008c72 f8068693 addi             x13, x13, -128      x13=00001f80 x13:00002000
16602504ns          298637 1c008c76 00379713 slli             x14, x15, 0x3       x14=00000010 x15:00000002
16602523ns          298638 1c008c7a 00279793 slli             x15, x15, 0x2       x15=00000008 x15:00000002
16602543ns          298639 1c008c7c 00d7f7b3 and              x15, x15, x13       x15=00000000 x15:00000008 x13:00001f80
16602563ns          298640 1c008c7e ee873733 p.bclr           x14, x14, 23, 8     x14=00000010 x14:00000010
16602583ns          298641 1c008c82 1a10f6b7 lui              x13, 0x1a10f000     x13=1a10f000
16602603ns          298642 1c008c86 0ff57513 andi             x10, x10, 255       x10=00000073 x10:00000073
16602623ns          298643 1c008c8a 00d70733 add              x14, x14, x13       x14=1a10f010 x14:00000010 x13:1a10f000
16602643ns          298644 1c008c8c 00a7e723 p.sw             x10, x0(x15)        x10:00000073 x15:00000000  PA:1a10f010
16602961ns          298660 1c008c90 00000513 addi             x10, x0, 0          x10=00000000
16602981ns          298661 1c008c92 00008067 jalr             x0, x1, 0            x1:1c008d62
16603041ns          298664 1c008d62 31f52563 p.beqimm         x10, 778            x10:00000000
16603061ns          298665 1c008d66 001d8d93 addi             x27, x27, 1         x27=0000000a x27:00000009
16603080ns          298666 1c008d68 00044503 lbu              x10, 0(x8)          x10=00000073  x8:1c0000c6  PA:1c0000c6
16603399ns          298682 1c008d6c 00140413 addi             x8, x8, 1            x8=1c0000c7  x8:1c0000c6
16603419ns          298683 1c008d6e fe0514e3 bne              x10, x0, -24        x10:00000073
16603498ns          298687 1c008d56 02500793 addi             x15, x0, 37         x15=00000025
16603518ns          298688 1c008d5a 04f50863 beq              x10, x15, 80        x10:00000073 x15:00000025
16603538ns          298689 1c008d5e 01a005b3 add              x11, x0, x26        x11=00000002 x26:00000002
16603558ns          298690 1c008d60 000b00e7 jalr             x1, x22, 0           x1=1c008d62 x22:1c008c6c
16603598ns          298692 1c008c6c 000026b7 lui              x13, 0x2000         x13=00002000
16603617ns          298693 1c008c6e f14027f3 csrrs            x15, x0, 0xf14      x15=00000002
16603637ns          298694 1c008c72 f8068693 addi             x13, x13, -128      x13=00001f80 x13:00002000
16603657ns          298695 1c008c76 00379713 slli             x14, x15, 0x3       x14=00000010 x15:00000002
16603677ns          298696 1c008c7a 00279793 slli             x15, x15, 0x2       x15=00000008 x15:00000002
16603697ns          298697 1c008c7c 00d7f7b3 and              x15, x15, x13       x15=00000000 x15:00000008 x13:00001f80
16603717ns          298698 1c008c7e ee873733 p.bclr           x14, x14, 23, 8     x14=00000010 x14:00000010
16603737ns          298699 1c008c82 1a10f6b7 lui              x13, 0x1a10f000     x13=1a10f000
16603757ns          298700 1c008c86 0ff57513 andi             x10, x10, 255       x10=00000073 x10:00000073
16603777ns          298701 1c008c8a 00d70733 add              x14, x14, x13       x14=1a10f010 x14:00000010 x13:1a10f000
16603796ns          298702 1c008c8c 00a7e723 p.sw             x10, x0(x15)        x10:00000073 x15:00000000  PA:1a10f010
16604115ns          298718 1c008c90 00000513 addi             x10, x0, 0          x10=00000000
16604135ns          298719 1c008c92 00008067 jalr             x0, x1, 0            x1:1c008d62
16604194ns          298722 1c008d62 31f52563 p.beqimm         x10, 778            x10:00000000
16604214ns          298723 1c008d66 001d8d93 addi             x27, x27, 1         x27=0000000b x27:0000000a
16604234ns          298724 1c008d68 00044503 lbu              x10, 0(x8)          x10=00000065  x8:1c0000c7  PA:1c0000c7
16604532ns          298739 1c008d6c 00140413 addi             x8, x8, 1            x8=1c0000c8  x8:1c0000c7
16604552ns          298740 1c008d6e fe0514e3 bne              x10, x0, -24        x10:00000065
16604632ns          298744 1c008d56 02500793 addi             x15, x0, 37         x15=00000025
16604652ns          298745 1c008d5a 04f50863 beq              x10, x15, 80        x10:00000065 x15:00000025
16604672ns          298746 1c008d5e 01a005b3 add              x11, x0, x26        x11=00000002 x26:00000002
16604692ns          298747 1c008d60 000b00e7 jalr             x1, x22, 0           x1=1c008d62 x22:1c008c6c
16604731ns          298749 1c008c6c 000026b7 lui              x13, 0x2000         x13=00002000
16604751ns          298750 1c008c6e f14027f3 csrrs            x15, x0, 0xf14      x15=00000002
16604771ns          298751 1c008c72 f8068693 addi             x13, x13, -128      x13=00001f80 x13:00002000
16604791ns          298752 1c008c76 00379713 slli             x14, x15, 0x3       x14=00000010 x15:00000002
16604811ns          298753 1c008c7a 00279793 slli             x15, x15, 0x2       x15=00000008 x15:00000002
16604831ns          298754 1c008c7c 00d7f7b3 and              x15, x15, x13       x15=00000000 x15:00000008 x13:00001f80
16604851ns          298755 1c008c7e ee873733 p.bclr           x14, x14, 23, 8     x14=00000010 x14:00000010
16604871ns          298756 1c008c82 1a10f6b7 lui              x13, 0x1a10f000     x13=1a10f000
16604890ns          298757 1c008c86 0ff57513 andi             x10, x10, 255       x10=00000065 x10:00000065
16604910ns          298758 1c008c8a 00d70733 add              x14, x14, x13       x14=1a10f010 x14:00000010 x13:1a10f000
16604930ns          298759 1c008c8c 00a7e723 p.sw             x10, x0(x15)        x10:00000065 x15:00000000  PA:1a10f010
16605249ns          298775 1c008c90 00000513 addi             x10, x0, 0          x10=00000000
16605268ns          298776 1c008c92 00008067 jalr             x0, x1, 0            x1:1c008d62
16605328ns          298779 1c008d62 31f52563 p.beqimm         x10, 778            x10:00000000
16605348ns          298780 1c008d66 001d8d93 addi             x27, x27, 1         x27=0000000c x27:0000000b
16605368ns          298781 1c008d68 00044503 lbu              x10, 0(x8)          x10=00000064  x8:1c0000c8  PA:1c0000c8
16605666ns          298796 1c008d6c 00140413 addi             x8, x8, 1            x8=1c0000c9  x8:1c0000c8
16605686ns          298797 1c008d6e fe0514e3 bne              x10, x0, -24        x10:00000064
16605766ns          298801 1c008d56 02500793 addi             x15, x0, 37         x15=00000025
16605786ns          298802 1c008d5a 04f50863 beq              x10, x15, 80        x10:00000064 x15:00000025
16605805ns          298803 1c008d5e 01a005b3 add              x11, x0, x26        x11=00000002 x26:00000002
16605825ns          298804 1c008d60 000b00e7 jalr             x1, x22, 0           x1=1c008d62 x22:1c008c6c
16605865ns          298806 1c008c6c 000026b7 lui              x13, 0x2000         x13=00002000
16605885ns          298807 1c008c6e f14027f3 csrrs            x15, x0, 0xf14      x15=00000002
16605905ns          298808 1c008c72 f8068693 addi             x13, x13, -128      x13=00001f80 x13:00002000
16605925ns          298809 1c008c76 00379713 slli             x14, x15, 0x3       x14=00000010 x15:00000002
16605945ns          298810 1c008c7a 00279793 slli             x15, x15, 0x2       x15=00000008 x15:00000002
16605965ns          298811 1c008c7c 00d7f7b3 and              x15, x15, x13       x15=00000000 x15:00000008 x13:00001f80
16605984ns          298812 1c008c7e ee873733 p.bclr           x14, x14, 23, 8     x14=00000010 x14:00000010
16606004ns          298813 1c008c82 1a10f6b7 lui              x13, 0x1a10f000     x13=1a10f000
16606024ns          298814 1c008c86 0ff57513 andi             x10, x10, 255       x10=00000064 x10:00000064
16606044ns          298815 1c008c8a 00d70733 add              x14, x14, x13       x14=1a10f010 x14:00000010 x13:1a10f000
16606064ns          298816 1c008c8c 00a7e723 p.sw             x10, x0(x15)        x10:00000064 x15:00000000  PA:1a10f010
16606382ns          298832 1c008c90 00000513 addi             x10, x0, 0          x10=00000000
16606402ns          298833 1c008c92 00008067 jalr             x0, x1, 0            x1:1c008d62
16606462ns          298836 1c008d62 31f52563 p.beqimm         x10, 778            x10:00000000
16606482ns          298837 1c008d66 001d8d93 addi             x27, x27, 1         x27=0000000d x27:0000000c
16606502ns          298838 1c008d68 00044503 lbu              x10, 0(x8)          x10=00000020  x8:1c0000c9  PA:1c0000c9
16606800ns          298853 1c008d6c 00140413 addi             x8, x8, 1            x8=1c0000ca  x8:1c0000c9
16606820ns          298854 1c008d6e fe0514e3 bne              x10, x0, -24        x10:00000020
16606899ns          298858 1c008d56 02500793 addi             x15, x0, 37         x15=00000025
16606919ns          298859 1c008d5a 04f50863 beq              x10, x15, 80        x10:00000020 x15:00000025
16606939ns          298860 1c008d5e 01a005b3 add              x11, x0, x26        x11=00000002 x26:00000002
16606959ns          298861 1c008d60 000b00e7 jalr             x1, x22, 0           x1=1c008d62 x22:1c008c6c
16606999ns          298863 1c008c6c 000026b7 lui              x13, 0x2000         x13=00002000
16607019ns          298864 1c008c6e f14027f3 csrrs            x15, x0, 0xf14      x15=00000002
16607039ns          298865 1c008c72 f8068693 addi             x13, x13, -128      x13=00001f80 x13:00002000
16607059ns          298866 1c008c76 00379713 slli             x14, x15, 0x3       x14=00000010 x15:00000002
16607078ns          298867 1c008c7a 00279793 slli             x15, x15, 0x2       x15=00000008 x15:00000002
16607098ns          298868 1c008c7c 00d7f7b3 and              x15, x15, x13       x15=00000000 x15:00000008 x13:00001f80
16607118ns          298869 1c008c7e ee873733 p.bclr           x14, x14, 23, 8     x14=00000010 x14:00000010
16607138ns          298870 1c008c82 1a10f6b7 lui              x13, 0x1a10f000     x13=1a10f000
16607158ns          298871 1c008c86 0ff57513 andi             x10, x10, 255       x10=00000020 x10:00000020
16607178ns          298872 1c008c8a 00d70733 add              x14, x14, x13       x14=1a10f010 x14:00000010 x13:1a10f000
16607198ns          298873 1c008c8c 00a7e723 p.sw             x10, x0(x15)        x10:00000020 x15:00000000  PA:1a10f010
16607516ns          298889 1c008c90 00000513 addi             x10, x0, 0          x10=00000000
16607536ns          298890 1c008c92 00008067 jalr             x0, x1, 0            x1:1c008d62
16607596ns          298893 1c008d62 31f52563 p.beqimm         x10, 778            x10:00000000
16607616ns          298894 1c008d66 001d8d93 addi             x27, x27, 1         x27=0000000e x27:0000000d
16607635ns          298895 1c008d68 00044503 lbu              x10, 0(x8)          x10=0000006f  x8:1c0000ca  PA:1c0000ca
16607954ns          298911 1c008d6c 00140413 addi             x8, x8, 1            x8=1c0000cb  x8:1c0000ca
16607974ns          298912 1c008d6e fe0514e3 bne              x10, x0, -24        x10:0000006f
16608053ns          298916 1c008d56 02500793 addi             x15, x0, 37         x15=00000025
16608073ns          298917 1c008d5a 04f50863 beq              x10, x15, 80        x10:0000006f x15:00000025
16608093ns          298918 1c008d5e 01a005b3 add              x11, x0, x26        x11=00000002 x26:00000002
16608113ns          298919 1c008d60 000b00e7 jalr             x1, x22, 0           x1=1c008d62 x22:1c008c6c
16608153ns          298921 1c008c6c 000026b7 lui              x13, 0x2000         x13=00002000
16608172ns          298922 1c008c6e f14027f3 csrrs            x15, x0, 0xf14      x15=00000002
16608192ns          298923 1c008c72 f8068693 addi             x13, x13, -128      x13=00001f80 x13:00002000
16608212ns          298924 1c008c76 00379713 slli             x14, x15, 0x3       x14=00000010 x15:00000002
16608232ns          298925 1c008c7a 00279793 slli             x15, x15, 0x2       x15=00000008 x15:00000002
16608252ns          298926 1c008c7c 00d7f7b3 and              x15, x15, x13       x15=00000000 x15:00000008 x13:00001f80
16608272ns          298927 1c008c7e ee873733 p.bclr           x14, x14, 23, 8     x14=00000010 x14:00000010
16608292ns          298928 1c008c82 1a10f6b7 lui              x13, 0x1a10f000     x13=1a10f000
16608312ns          298929 1c008c86 0ff57513 andi             x10, x10, 255       x10=0000006f x10:0000006f
16608332ns          298930 1c008c8a 00d70733 add              x14, x14, x13       x14=1a10f010 x14:00000010 x13:1a10f000
16608351ns          298931 1c008c8c 00a7e723 p.sw             x10, x0(x15)        x10:0000006f x15:00000000  PA:1a10f010
16608670ns          298947 1c008c90 00000513 addi             x10, x0, 0          x10=00000000
16608690ns          298948 1c008c92 00008067 jalr             x0, x1, 0            x1:1c008d62
16608749ns          298951 1c008d62 31f52563 p.beqimm         x10, 778            x10:00000000
16608769ns          298952 1c008d66 001d8d93 addi             x27, x27, 1         x27=0000000f x27:0000000e
16608789ns          298953 1c008d68 00044503 lbu              x10, 0(x8)          x10=0000006e  x8:1c0000cb  PA:1c0000cb
16609107ns          298969 1c008d6c 00140413 addi             x8, x8, 1            x8=1c0000cc  x8:1c0000cb
16609127ns          298970 1c008d6e fe0514e3 bne              x10, x0, -24        x10:0000006e
16609207ns          298974 1c008d56 02500793 addi             x15, x0, 37         x15=00000025
16609227ns          298975 1c008d5a 04f50863 beq              x10, x15, 80        x10:0000006e x15:00000025
16609247ns          298976 1c008d5e 01a005b3 add              x11, x0, x26        x11=00000002 x26:00000002
16609266ns          298977 1c008d60 000b00e7 jalr             x1, x22, 0           x1=1c008d62 x22:1c008c6c
16609306ns          298979 1c008c6c 000026b7 lui              x13, 0x2000         x13=00002000
16609326ns          298980 1c008c6e f14027f3 csrrs            x15, x0, 0xf14      x15=00000002
16609346ns          298981 1c008c72 f8068693 addi             x13, x13, -128      x13=00001f80 x13:00002000
16609366ns          298982 1c008c76 00379713 slli             x14, x15, 0x3       x14=00000010 x15:00000002
16609386ns          298983 1c008c7a 00279793 slli             x15, x15, 0x2       x15=00000008 x15:00000002
16609406ns          298984 1c008c7c 00d7f7b3 and              x15, x15, x13       x15=00000000 x15:00000008 x13:00001f80
16609426ns          298985 1c008c7e ee873733 p.bclr           x14, x14, 23, 8     x14=00000010 x14:00000010
16609445ns          298986 1c008c82 1a10f6b7 lui              x13, 0x1a10f000     x13=1a10f000
16609465ns          298987 1c008c86 0ff57513 andi             x10, x10, 255       x10=0000006e x10:0000006e
16609485ns          298988 1c008c8a 00d70733 add              x14, x14, x13       x14=1a10f010 x14:00000010 x13:1a10f000
16609505ns          298989 1c008c8c 00a7e723 p.sw             x10, x0(x15)        x10:0000006e x15:00000000  PA:1a10f010
16609823ns          299005 1c008c90 00000513 addi             x10, x0, 0          x10=00000000
16609843ns          299006 1c008c92 00008067 jalr             x0, x1, 0            x1:1c008d62
16609903ns          299009 1c008d62 31f52563 p.beqimm         x10, 778            x10:00000000
16609923ns          299010 1c008d66 001d8d93 addi             x27, x27, 1         x27=00000010 x27:0000000f
16609943ns          299011 1c008d68 00044503 lbu              x10, 0(x8)          x10=00000020  x8:1c0000cc  PA:1c0000cc
16610241ns          299026 1c008d6c 00140413 addi             x8, x8, 1            x8=1c0000cd  x8:1c0000cc
16610261ns          299027 1c008d6e fe0514e3 bne              x10, x0, -24        x10:00000020
16610341ns          299031 1c008d56 02500793 addi             x15, x0, 37         x15=00000025
16610360ns          299032 1c008d5a 04f50863 beq              x10, x15, 80        x10:00000020 x15:00000025
16610380ns          299033 1c008d5e 01a005b3 add              x11, x0, x26        x11=00000002 x26:00000002
16610400ns          299034 1c008d60 000b00e7 jalr             x1, x22, 0           x1=1c008d62 x22:1c008c6c
16610440ns          299036 1c008c6c 000026b7 lui              x13, 0x2000         x13=00002000
16610460ns          299037 1c008c6e f14027f3 csrrs            x15, x0, 0xf14      x15=00000002
16610480ns          299038 1c008c72 f8068693 addi             x13, x13, -128      x13=00001f80 x13:00002000
16610500ns          299039 1c008c76 00379713 slli             x14, x15, 0x3       x14=00000010 x15:00000002
16610520ns          299040 1c008c7a 00279793 slli             x15, x15, 0x2       x15=00000008 x15:00000002
16610539ns          299041 1c008c7c 00d7f7b3 and              x15, x15, x13       x15=00000000 x15:00000008 x13:00001f80
16610559ns          299042 1c008c7e ee873733 p.bclr           x14, x14, 23, 8     x14=00000010 x14:00000010
16610579ns          299043 1c008c82 1a10f6b7 lui              x13, 0x1a10f000     x13=1a10f000
16610599ns          299044 1c008c86 0ff57513 andi             x10, x10, 255       x10=00000020 x10:00000020
16610619ns          299045 1c008c8a 00d70733 add              x14, x14, x13       x14=1a10f010 x14:00000010 x13:1a10f000
16610639ns          299046 1c008c8c 00a7e723 p.sw             x10, x0(x15)        x10:00000020 x15:00000000  PA:1a10f010
16610957ns          299062 1c008c90 00000513 addi             x10, x0, 0          x10=00000000
16610977ns          299063 1c008c92 00008067 jalr             x0, x1, 0            x1:1c008d62
16611037ns          299066 1c008d62 31f52563 p.beqimm         x10, 778            x10:00000000
16611057ns          299067 1c008d66 001d8d93 addi             x27, x27, 1         x27=00000011 x27:00000010
16611077ns          299068 1c008d68 00044503 lbu              x10, 0(x8)          x10=00000063  x8:1c0000cd  PA:1c0000cd
16611395ns          299084 1c008d6c 00140413 addi             x8, x8, 1            x8=1c0000ce  x8:1c0000cd
16611415ns          299085 1c008d6e fe0514e3 bne              x10, x0, -24        x10:00000063
16611494ns          299089 1c008d56 02500793 addi             x15, x0, 37         x15=00000025
16611514ns          299090 1c008d5a 04f50863 beq              x10, x15, 80        x10:00000063 x15:00000025
16611534ns          299091 1c008d5e 01a005b3 add              x11, x0, x26        x11=00000002 x26:00000002
16611554ns          299092 1c008d60 000b00e7 jalr             x1, x22, 0           x1=1c008d62 x22:1c008c6c
16611594ns          299094 1c008c6c 000026b7 lui              x13, 0x2000         x13=00002000
16611614ns          299095 1c008c6e f14027f3 csrrs            x15, x0, 0xf14      x15=00000002
16611633ns          299096 1c008c72 f8068693 addi             x13, x13, -128      x13=00001f80 x13:00002000
16611653ns          299097 1c008c76 00379713 slli             x14, x15, 0x3       x14=00000010 x15:00000002
16611673ns          299098 1c008c7a 00279793 slli             x15, x15, 0x2       x15=00000008 x15:00000002
16611693ns          299099 1c008c7c 00d7f7b3 and              x15, x15, x13       x15=00000000 x15:00000008 x13:00001f80
16611713ns          299100 1c008c7e ee873733 p.bclr           x14, x14, 23, 8     x14=00000010 x14:00000010
16611733ns          299101 1c008c82 1a10f6b7 lui              x13, 0x1a10f000     x13=1a10f000
16611753ns          299102 1c008c86 0ff57513 andi             x10, x10, 255       x10=00000063 x10:00000063
16611773ns          299103 1c008c8a 00d70733 add              x14, x14, x13       x14=1a10f010 x14:00000010 x13:1a10f000
16611793ns          299104 1c008c8c 00a7e723 p.sw             x10, x0(x15)        x10:00000063 x15:00000000  PA:1a10f010
16612111ns          299120 1c008c90 00000513 addi             x10, x0, 0          x10=00000000
16612131ns          299121 1c008c92 00008067 jalr             x0, x1, 0            x1:1c008d62
16612190ns          299124 1c008d62 31f52563 p.beqimm         x10, 778            x10:00000000
16612210ns          299125 1c008d66 001d8d93 addi             x27, x27, 1         x27=00000012 x27:00000011
16612230ns          299126 1c008d68 00044503 lbu              x10, 0(x8)          x10=0000006f  x8:1c0000ce  PA:1c0000ce
16612529ns          299141 1c008d6c 00140413 addi             x8, x8, 1            x8=1c0000cf  x8:1c0000ce
16612548ns          299142 1c008d6e fe0514e3 bne              x10, x0, -24        x10:0000006f
16612628ns          299146 1c008d56 02500793 addi             x15, x0, 37         x15=00000025
16612648ns          299147 1c008d5a 04f50863 beq              x10, x15, 80        x10:0000006f x15:00000025
16612668ns          299148 1c008d5e 01a005b3 add              x11, x0, x26        x11=00000002 x26:00000002
16612688ns          299149 1c008d60 000b00e7 jalr             x1, x22, 0           x1=1c008d62 x22:1c008c6c
16612727ns          299151 1c008c6c 000026b7 lui              x13, 0x2000         x13=00002000
16612747ns          299152 1c008c6e f14027f3 csrrs            x15, x0, 0xf14      x15=00000002
16612767ns          299153 1c008c72 f8068693 addi             x13, x13, -128      x13=00001f80 x13:00002000
16612787ns          299154 1c008c76 00379713 slli             x14, x15, 0x3       x14=00000010 x15:00000002
16612807ns          299155 1c008c7a 00279793 slli             x15, x15, 0x2       x15=00000008 x15:00000002
16612827ns          299156 1c008c7c 00d7f7b3 and              x15, x15, x13       x15=00000000 x15:00000008 x13:00001f80
16612847ns          299157 1c008c7e ee873733 p.bclr           x14, x14, 23, 8     x14=00000010 x14:00000010
16612867ns          299158 1c008c82 1a10f6b7 lui              x13, 0x1a10f000     x13=1a10f000
16612887ns          299159 1c008c86 0ff57513 andi             x10, x10, 255       x10=0000006f x10:0000006f
16612906ns          299160 1c008c8a 00d70733 add              x14, x14, x13       x14=1a10f010 x14:00000010 x13:1a10f000
16612926ns          299161 1c008c8c 00a7e723 p.sw             x10, x0(x15)        x10:0000006f x15:00000000  PA:1a10f010
16613245ns          299177 1c008c90 00000513 addi             x10, x0, 0          x10=00000000
16613264ns          299178 1c008c92 00008067 jalr             x0, x1, 0            x1:1c008d62
16613324ns          299181 1c008d62 31f52563 p.beqimm         x10, 778            x10:00000000
16613344ns          299182 1c008d66 001d8d93 addi             x27, x27, 1         x27=00000013 x27:00000012
16613364ns          299183 1c008d68 00044503 lbu              x10, 0(x8)          x10=00000072  x8:1c0000cf  PA:1c0000cf
16613662ns          299198 1c008d6c 00140413 addi             x8, x8, 1            x8=1c0000d0  x8:1c0000cf
16613682ns          299199 1c008d6e fe0514e3 bne              x10, x0, -24        x10:00000072
16613762ns          299203 1c008d56 02500793 addi             x15, x0, 37         x15=00000025
16613782ns          299204 1c008d5a 04f50863 beq              x10, x15, 80        x10:00000072 x15:00000025
16613802ns          299205 1c008d5e 01a005b3 add              x11, x0, x26        x11=00000002 x26:00000002
16613821ns          299206 1c008d60 000b00e7 jalr             x1, x22, 0           x1=1c008d62 x22:1c008c6c
16613861ns          299208 1c008c6c 000026b7 lui              x13, 0x2000         x13=00002000
16613881ns          299209 1c008c6e f14027f3 csrrs            x15, x0, 0xf14      x15=00000002
16613901ns          299210 1c008c72 f8068693 addi             x13, x13, -128      x13=00001f80 x13:00002000
16613921ns          299211 1c008c76 00379713 slli             x14, x15, 0x3       x14=00000010 x15:00000002
16613941ns          299212 1c008c7a 00279793 slli             x15, x15, 0x2       x15=00000008 x15:00000002
16613961ns          299213 1c008c7c 00d7f7b3 and              x15, x15, x13       x15=00000000 x15:00000008 x13:00001f80
16613981ns          299214 1c008c7e ee873733 p.bclr           x14, x14, 23, 8     x14=00000010 x14:00000010
16614000ns          299215 1c008c82 1a10f6b7 lui              x13, 0x1a10f000     x13=1a10f000
16614020ns          299216 1c008c86 0ff57513 andi             x10, x10, 255       x10=00000072 x10:00000072
16614040ns          299217 1c008c8a 00d70733 add              x14, x14, x13       x14=1a10f010 x14:00000010 x13:1a10f000
16614060ns          299218 1c008c8c 00a7e723 p.sw             x10, x0(x15)        x10:00000072 x15:00000000  PA:1a10f010
16614378ns          299234 1c008c90 00000513 addi             x10, x0, 0          x10=00000000
16614398ns          299235 1c008c92 00008067 jalr             x0, x1, 0            x1:1c008d62
16614458ns          299238 1c008d62 31f52563 p.beqimm         x10, 778            x10:00000000
16614478ns          299239 1c008d66 001d8d93 addi             x27, x27, 1         x27=00000014 x27:00000013
16614498ns          299240 1c008d68 00044503 lbu              x10, 0(x8)          x10=00000065  x8:1c0000d0  PA:1c0000d0
16614796ns          299255 1c008d6c 00140413 addi             x8, x8, 1            x8=1c0000d1  x8:1c0000d0
16614816ns          299256 1c008d6e fe0514e3 bne              x10, x0, -24        x10:00000065
16614896ns          299260 1c008d56 02500793 addi             x15, x0, 37         x15=00000025
16614915ns          299261 1c008d5a 04f50863 beq              x10, x15, 80        x10:00000065 x15:00000025
16614935ns          299262 1c008d5e 01a005b3 add              x11, x0, x26        x11=00000002 x26:00000002
16614955ns          299263 1c008d60 000b00e7 jalr             x1, x22, 0           x1=1c008d62 x22:1c008c6c
16614995ns          299265 1c008c6c 000026b7 lui              x13, 0x2000         x13=00002000
16615015ns          299266 1c008c6e f14027f3 csrrs            x15, x0, 0xf14      x15=00000002
16615035ns          299267 1c008c72 f8068693 addi             x13, x13, -128      x13=00001f80 x13:00002000
16615055ns          299268 1c008c76 00379713 slli             x14, x15, 0x3       x14=00000010 x15:00000002
16615075ns          299269 1c008c7a 00279793 slli             x15, x15, 0x2       x15=00000008 x15:00000002
16615094ns          299270 1c008c7c 00d7f7b3 and              x15, x15, x13       x15=00000000 x15:00000008 x13:00001f80
16615114ns          299271 1c008c7e ee873733 p.bclr           x14, x14, 23, 8     x14=00000010 x14:00000010
16615134ns          299272 1c008c82 1a10f6b7 lui              x13, 0x1a10f000     x13=1a10f000
16615154ns          299273 1c008c86 0ff57513 andi             x10, x10, 255       x10=00000065 x10:00000065
16615174ns          299274 1c008c8a 00d70733 add              x14, x14, x13       x14=1a10f010 x14:00000010 x13:1a10f000
16615194ns          299275 1c008c8c 00a7e723 p.sw             x10, x0(x15)        x10:00000065 x15:00000000  PA:1a10f010
16615512ns          299291 1c008c90 00000513 addi             x10, x0, 0          x10=00000000
16615532ns          299292 1c008c92 00008067 jalr             x0, x1, 0            x1:1c008d62
16615592ns          299295 1c008d62 31f52563 p.beqimm         x10, 778            x10:00000000
16615612ns          299296 1c008d66 001d8d93 addi             x27, x27, 1         x27=00000015 x27:00000014
16615631ns          299297 1c008d68 00044503 lbu              x10, 0(x8)          x10=00000020  x8:1c0000d1  PA:1c0000d1
16615950ns          299313 1c008d6c 00140413 addi             x8, x8, 1            x8=1c0000d2  x8:1c0000d1
16615970ns          299314 1c008d6e fe0514e3 bne              x10, x0, -24        x10:00000020
16616049ns          299318 1c008d56 02500793 addi             x15, x0, 37         x15=00000025
16616069ns          299319 1c008d5a 04f50863 beq              x10, x15, 80        x10:00000020 x15:00000025
16616089ns          299320 1c008d5e 01a005b3 add              x11, x0, x26        x11=00000002 x26:00000002
16616109ns          299321 1c008d60 000b00e7 jalr             x1, x22, 0           x1=1c008d62 x22:1c008c6c
16616149ns          299323 1c008c6c 000026b7 lui              x13, 0x2000         x13=00002000
16616169ns          299324 1c008c6e f14027f3 csrrs            x15, x0, 0xf14      x15=00000002
16616188ns          299325 1c008c72 f8068693 addi             x13, x13, -128      x13=00001f80 x13:00002000
16616208ns          299326 1c008c76 00379713 slli             x14, x15, 0x3       x14=00000010 x15:00000002
16616228ns          299327 1c008c7a 00279793 slli             x15, x15, 0x2       x15=00000008 x15:00000002
16616248ns          299328 1c008c7c 00d7f7b3 and              x15, x15, x13       x15=00000000 x15:00000008 x13:00001f80
16616268ns          299329 1c008c7e ee873733 p.bclr           x14, x14, 23, 8     x14=00000010 x14:00000010
16616288ns          299330 1c008c82 1a10f6b7 lui              x13, 0x1a10f000     x13=1a10f000
16616308ns          299331 1c008c86 0ff57513 andi             x10, x10, 255       x10=00000020 x10:00000020
16616328ns          299332 1c008c8a 00d70733 add              x14, x14, x13       x14=1a10f010 x14:00000010 x13:1a10f000
16616348ns          299333 1c008c8c 00a7e723 p.sw             x10, x0(x15)        x10:00000020 x15:00000000  PA:1a10f010
16616666ns          299349 1c008c90 00000513 addi             x10, x0, 0          x10=00000000
16616686ns          299350 1c008c92 00008067 jalr             x0, x1, 0            x1:1c008d62
16616745ns          299353 1c008d62 31f52563 p.beqimm         x10, 778            x10:00000000
16616765ns          299354 1c008d66 001d8d93 addi             x27, x27, 1         x27=00000016 x27:00000015
16616785ns          299355 1c008d68 00044503 lbu              x10, 0(x8)          x10=00000020  x8:1c0000d2  PA:1c0000d2
16617103ns          299371 1c008d6c 00140413 addi             x8, x8, 1            x8=1c0000d3  x8:1c0000d2
16617123ns          299372 1c008d6e fe0514e3 bne              x10, x0, -24        x10:00000020
16617203ns          299376 1c008d56 02500793 addi             x15, x0, 37         x15=00000025
16617223ns          299377 1c008d5a 04f50863 beq              x10, x15, 80        x10:00000020 x15:00000025
16617243ns          299378 1c008d5e 01a005b3 add              x11, x0, x26        x11=00000002 x26:00000002
16617263ns          299379 1c008d60 000b00e7 jalr             x1, x22, 0           x1=1c008d62 x22:1c008c6c
16617302ns          299381 1c008c6c 000026b7 lui              x13, 0x2000         x13=00002000
16617322ns          299382 1c008c6e f14027f3 csrrs            x15, x0, 0xf14      x15=00000002
16617342ns          299383 1c008c72 f8068693 addi             x13, x13, -128      x13=00001f80 x13:00002000
16617362ns          299384 1c008c76 00379713 slli             x14, x15, 0x3       x14=00000010 x15:00000002
16617382ns          299385 1c008c7a 00279793 slli             x15, x15, 0x2       x15=00000008 x15:00000002
16617402ns          299386 1c008c7c 00d7f7b3 and              x15, x15, x13       x15=00000000 x15:00000008 x13:00001f80
16617422ns          299387 1c008c7e ee873733 p.bclr           x14, x14, 23, 8     x14=00000010 x14:00000010
16617442ns          299388 1c008c82 1a10f6b7 lui              x13, 0x1a10f000     x13=1a10f000
16617461ns          299389 1c008c86 0ff57513 andi             x10, x10, 255       x10=00000020 x10:00000020
16617481ns          299390 1c008c8a 00d70733 add              x14, x14, x13       x14=1a10f010 x14:00000010 x13:1a10f000
16617501ns          299391 1c008c8c 00a7e723 p.sw             x10, x0(x15)        x10:00000020 x15:00000000  PA:1a10f010
16617819ns          299407 1c008c90 00000513 addi             x10, x0, 0          x10=00000000
16617839ns          299408 1c008c92 00008067 jalr             x0, x1, 0            x1:1c008d62
16617899ns          299411 1c008d62 31f52563 p.beqimm         x10, 778            x10:00000000
16617919ns          299412 1c008d66 001d8d93 addi             x27, x27, 1         x27=00000017 x27:00000016
16617939ns          299413 1c008d68 00044503 lbu              x10, 0(x8)          x10=00000025  x8:1c0000d3  PA:1c0000d3
16618237ns          299428 1c008d6c 00140413 addi             x8, x8, 1            x8=1c0000d4  x8:1c0000d3
16618257ns          299429 1c008d6e fe0514e3 bne              x10, x0, -24        x10:00000025
16618337ns          299433 1c008d56 02500793 addi             x15, x0, 37         x15=00000025
16618357ns          299434 1c008d5a 04f50863 beq              x10, x15, 80        x10:00000025 x15:00000025
16618496ns          299441 1c008daa 00044483 lbu              x9, 0(x8)            x9=00000064  x8:1c0000d4  PA:1c0000d4
16618814ns          299457 1c008dae 02000693 addi             x13, x0, 32         x13=00000020
16618834ns          299458 1c008db2 00140a93 addi             x21, x8, 1          x21=1c0000d5  x8:1c0000d4
16618854ns          299459 1c008db6 009005b3 add              x11, x0, x9         x11=00000064  x9:00000064
16618874ns          299460 1c008db8 0fcb8513 addi             x10, x23, 252       x10=1c0000fc x23:1c000000
16618894ns          299461 1c008dbc 00d12823 sw               x13, 16(x2)         x13:00000020  x2:100014d8  PA:100014e8
16618913ns          299462 1c008dbe 00012c23 sw               x0, 24(x2)           x2:100014d8  PA:100014f0
16618933ns          299463 1c008dc0 00012a23 sw               x0, 20(x2)           x2:100014d8  PA:100014ec
16618953ns          299464 1c008dc2 00012e23 sw               x0, 28(x2)           x2:100014d8  PA:100014f4
16618973ns          299465 1c008dc4 00012623 sw               x0, 12(x2)           x2:100014d8  PA:100014e4
16618993ns          299466 1c008dc6 02300913 addi             x18, x0, 35         x18=00000023
16619013ns          299467 1c008dca 02d00a13 addi             x20, x0, 45         x20=0000002d
16619033ns          299468 1c008dce 015009b3 add              x19, x0, x21        x19=1c0000d5 x21:1c0000d5
16619073ns          299470 1c008dd0 e1dff0ef jal              x1, -484             x1=1c008dd2
16619152ns          299474 1c008bec 00054783 lbu              x15, 0(x10)         x15=0000002d x10:1c0000fc  PA:1c0000fc
16619470ns          299490 1c008bf0 0ff5f593 andi             x11, x11, 255       x11=00000064 x11:00000064
16619490ns          299491 1c008bf4 00b78c63 beq              x15, x11, 24        x15:0000002d x11:00000064
16619510ns          299492 1c008bf8 00078b63 beq              x15, x0, 22         x15:0000002d
16619530ns          299493 1c008bfa 00150793 addi             x15, x10, 1         x15=1c0000fd x10:1c0000fc
16619550ns          299494 1c008bfe 0040006f jal              x0, 4              
16619610ns          299497 1c008c02 00f00533 add              x10, x0, x15        x10=1c0000fd x15:1c0000fd
16619630ns          299498 1c008c04 0017c70b p.lbu            x14, 1(x15!)        x14=0000002b x15=1c0000fe x15:1c0000fd  PA:1c0000fd
16619948ns          299514 1c008c08 feb71ce3 bne              x14, x11, -8        x14:0000002b x11:00000064
16620007ns          299517 1c008c00 00070763 beq              x14, x0, 14         x14:0000002b
16620027ns          299518 1c008c02 00f00533 add              x10, x0, x15        x10=1c0000fe x15:1c0000fe
16620047ns          299519 1c008c04 0017c70b p.lbu            x14, 1(x15!)        x14=00000020 x15=1c0000ff x15:1c0000fe  PA:1c0000fe
16620365ns          299535 1c008c08 feb71ce3 bne              x14, x11, -8        x14:00000020 x11:00000064
16620425ns          299538 1c008c00 00070763 beq              x14, x0, 14         x14:00000020
16620445ns          299539 1c008c02 00f00533 add              x10, x0, x15        x10=1c0000ff x15:1c0000ff
16620465ns          299540 1c008c04 0017c70b p.lbu            x14, 1(x15!)        x14=00000023 x15=1c000100 x15:1c0000ff  PA:1c0000ff
16620783ns          299556 1c008c08 feb71ce3 bne              x14, x11, -8        x14:00000023 x11:00000064
16620843ns          299559 1c008c00 00070763 beq              x14, x0, 14         x14:00000023
16620863ns          299560 1c008c02 00f00533 add              x10, x0, x15        x10=1c000100 x15:1c000100
16620883ns          299561 1c008c04 0017c70b p.lbu            x14, 1(x15!)        x14=00000030 x15=1c000101 x15:1c000100  PA:1c000100
16621221ns          299578 1c008c08 feb71ce3 bne              x14, x11, -8        x14:00000030 x11:00000064
16621280ns          299581 1c008c00 00070763 beq              x14, x0, 14         x14:00000030
16621300ns          299582 1c008c02 00f00533 add              x10, x0, x15        x10=1c000101 x15:1c000101
16621320ns          299583 1c008c04 0017c70b p.lbu            x14, 1(x15!)        x14=00000000 x15=1c000102 x15:1c000101  PA:1c000101
16621638ns          299599 1c008c08 feb71ce3 bne              x14, x11, -8        x14:00000000 x11:00000064
16621698ns          299602 1c008c00 00070763 beq              x14, x0, 14         x14:00000000
16621778ns          299606 1c008c0e 0015b593 sltiu            x11, x11, 1         x11=00000000 x11:00000064
16621798ns          299607 1c008c12 40b005b3 sub              x11, x0, x11        x11=00000000 x11:00000000
16621818ns          299608 1c008c16 00b57533 and              x10, x10, x11       x10=00000000 x10:1c000101 x11:00000000
16621837ns          299609 1c008c18 00008067 jalr             x0, x1, 0            x1:1c008dd2
16621937ns          299614 1c008dd2 02050a63 beq              x10, x0, 52         x10:00000000
16622076ns          299621 1c008e06 02a00613 addi             x12, x0, 42         x12=0000002a
16622096ns          299622 1c008e0a 2ac48663 beq              x9, x12, 684         x9:00000064 x12:0000002a
16622156ns          299625 1c008e0e fd048613 addi             x12, x9, -48        x12=00000034  x9:00000064
16622176ns          299626 1c008e12 00900593 addi             x11, x0, 9          x11=00000009
16622195ns          299627 1c008e14 00000913 addi             x18, x0, 0          x18=00000000
16622215ns          299628 1c008e16 28c5f063 bgeu             x11, x12, 640       x11:00000009 x12:00000034
16622235ns          299629 1c008e1a 02e00693 addi             x13, x0, 46         x13=0000002e
16622255ns          299630 1c008e1e fff00a13 addi             x20, x0, -1         x20=ffffffff
16622295ns          299632 1c008e20 2ed48363 beq              x9, x13, 742         x9:00000064 x13:0000002e
16622335ns          299634 1c008e24 1c0007b7 lui              x15, 0x1c000000     x15=1c000000
16622355ns          299635 1c008e28 009005b3 add              x11, x0, x9         x11=00000064  x9:00000064
16622374ns          299636 1c008e2a 10478513 addi             x10, x15, 260       x10=1c000104 x15:1c000000
16622394ns          299637 1c008e2e dbfff0ef jal              x1, -578             x1=1c008e30
16622474ns          299641 1c008bec 00054783 lbu              x15, 0(x10)         x15=00000068 x10:1c000104  PA:1c000104
16622772ns          299656 1c008bf0 0ff5f593 andi             x11, x11, 255       x11=00000064 x11:00000064
16622792ns          299657 1c008bf4 00b78c63 beq              x15, x11, 24        x15:00000068 x11:00000064
16622812ns          299658 1c008bf8 00078b63 beq              x15, x0, 22         x15:00000068
16622832ns          299659 1c008bfa 00150793 addi             x15, x10, 1         x15=1c000105 x10:1c000104
16622852ns          299660 1c008bfe 0040006f jal              x0, 4              
16622892ns          299662 1c008c02 00f00533 add              x10, x0, x15        x10=1c000105 x15:1c000105
16622911ns          299663 1c008c04 0017c70b p.lbu            x14, 1(x15!)        x14=0000006c x15=1c000106 x15:1c000105  PA:1c000105
16623230ns          299679 1c008c08 feb71ce3 bne              x14, x11, -8        x14:0000006c x11:00000064
16623289ns          299682 1c008c00 00070763 beq              x14, x0, 14         x14:0000006c
16623309ns          299683 1c008c02 00f00533 add              x10, x0, x15        x10=1c000106 x15:1c000106
16623329ns          299684 1c008c04 0017c70b p.lbu            x14, 1(x15!)        x14=0000004c x15=1c000107 x15:1c000106  PA:1c000106
16623647ns          299700 1c008c08 feb71ce3 bne              x14, x11, -8        x14:0000004c x11:00000064
16623707ns          299703 1c008c00 00070763 beq              x14, x0, 14         x14:0000004c
16623727ns          299704 1c008c02 00f00533 add              x10, x0, x15        x10=1c000107 x15:1c000107
16623747ns          299705 1c008c04 0017c70b p.lbu            x14, 1(x15!)        x14=0000007a x15=1c000108 x15:1c000107  PA:1c000107
16624065ns          299721 1c008c08 feb71ce3 bne              x14, x11, -8        x14:0000007a x11:00000064
16624125ns          299724 1c008c00 00070763 beq              x14, x0, 14         x14:0000007a
16624145ns          299725 1c008c02 00f00533 add              x10, x0, x15        x10=1c000108 x15:1c000108
16624165ns          299726 1c008c04 0017c70b p.lbu            x14, 1(x15!)        x14=00000000 x15=1c000109 x15:1c000108  PA:1c000108
16624483ns          299742 1c008c08 feb71ce3 bne              x14, x11, -8        x14:00000000 x11:00000064
16624543ns          299745 1c008c00 00070763 beq              x14, x0, 14         x14:00000000
16624622ns          299749 1c008c0e 0015b593 sltiu            x11, x11, 1         x11=00000000 x11:00000064
16624642ns          299750 1c008c12 40b005b3 sub              x11, x0, x11        x11=00000000 x11:00000000
16624662ns          299751 1c008c16 00b57533 and              x10, x10, x11       x10=00000000 x10:1c000108 x11:00000000
16624682ns          299752 1c008c18 00008067 jalr             x0, x1, 0            x1:1c008e30
16624781ns          299757 1c008e30 01300433 add              x8, x0, x19          x8=1c0000d5 x19:1c0000d5
16624801ns          299758 1c008e32 00050563 beq              x10, x0, 10         x10:00000000
16624861ns          299761 1c008e3c 06700693 addi             x13, x0, 103        x13=00000067
16625040ns          299770 1c008e40 2896d963 bge              x13, x9, 658        x13:00000067  x9:00000064
16625179ns          299777 1c0090d2 06500693 addi             x13, x0, 101        x13=00000065
16625199ns          299778 1c0090d6 12d4d563 bge              x9, x13, 298         x9:00000064 x13:00000065
16625219ns          299779 1c0090da 04700693 addi             x13, x0, 71         x13=00000047
16625239ns          299780 1c0090de dc96cbe3 blt              x13, x9, -554       x13:00000047  x9:00000064
16625338ns          299785 1c008eb4 06300693 addi             x13, x0, 99         x13=00000063
16625378ns          299787 1c008eb8 0ad488e3 beq              x9, x13, 2224        x9:00000064 x13:00000063
16625398ns          299788 1c008ebc 0096c9e3 blt              x13, x9, 2066       x13:00000063  x9:00000064
16625617ns          299799 1c0096ce 000c2583 lw               x11, 0(x24)         x11=00000002 x24:1000162c  PA:1000162c
16625637ns          299800 1c0096d2 004c0c13 addi             x24, x24, 4         x24=10001630 x24:1000162c
16625656ns          299801 1c0096d4 3405cc63 blt              x11, x0, 856        x11:00000002
16625676ns          299802 1c0096d8 01412603 lw               x12, 20(x2)         x12=00000000  x2:100014d8  PA:100014ec
16625736ns          299805 1c0096da 00b006b3 add              x13, x0, x11        x13=00000002 x11:00000002
16625756ns          299806 1c0096dc 2e061863 bne              x12, x0, 752        x12:00000000
16625776ns          299807 1c0096e0 01812703 lw               x14, 24(x2)         x14=00000000  x2:100014d8  PA:100014f0
16625796ns          299808 1c0096e2 019007b3 add              x15, x0, x25        x15=100014fc x25:100014fc
16625816ns          299809 1c0096e4 00070763 beq              x14, x0, 14         x14:00000000
16625935ns          299815 1c0096f2 00f00733 add              x14, x0, x15        x14=100014fc x15:100014fc
16625955ns          299816 1c0096f4 00a00513 addi             x10, x0, 10         x10=0000000a
16625975ns          299817 1c0096f6 02a6f633 remu             x12, x13, x10       x12=00000002 x13:00000002 x10:0000000a
16626591ns          299848 1c0096fa 02a6d6b3 divu             x13, x13, x10       x13=00000000 x13:00000002 x10:0000000a
16627208ns          299879 1c0096fe 03060613 addi             x12, x12, 48        x12=00000032 x12:00000002
16627228ns          299880 1c009702 00c700ab p.sb             x12, 1(x14!)        x14=100014fd x12:00000032 x14:100014fc  PA:100014fc
16627248ns          299881 1c009706 fe0698e3 bne              x13, x0, -16        x13:00000000
16627268ns          299882 1c009708 40f706b3 sub              x13, x14, x15       x13=00000001 x14:100014fd x15:100014fc
16627287ns          299883 1c00970c 0146dc63 bge              x13, x20, 24        x13:00000001 x20:ffffffff
16627407ns          299889 1c009724 00e006b3 add              x13, x0, x14        x13=100014fd x14:100014fd
16627447ns          299891 1c009726 fe068fab p.sb             x0, -1(x13!)        x13=100014fc x13:100014fd  PA:100014fd
16627466ns          299892 1c00972a 00d7fc63 bgeu             x15, x13, 24        x15:100014fc x13:100014fc
16627606ns          299899 1c009742 01412783 lw               x15, 20(x2)         x15=00000000  x2:100014d8  PA:100014ec
16627645ns          299901 1c009744 01812603 lw               x12, 24(x2)         x12=00000000  x2:100014d8  PA:100014f0
16627665ns          299902 1c009746 419704b3 sub              x9, x14, x25         x9=00000001 x14:100014fd x25:100014fc
16627685ns          299903 1c00974a 00c7e7b3 or               x15, x15, x12       x15=00000000 x15:00000000 x12:00000000
16627705ns          299904 1c00974c 00f12623 sw               x15, 12(x2)         x15:00000000  x2:100014d8  PA:100014e4
16627745ns          299906 1c00974e 00079363 bne              x15, x0, 6          x15:00000000
16627765ns          299907 1c009750 01f5d593 srli             x11, x11, 0x1f      x11=00000000 x11:00000002
16627785ns          299908 1c009752 00b12623 sw               x11, 12(x2)         x11:00000000  x2:100014d8  PA:100014e4
16627805ns          299909 1c009754 e3fa28e3 p.beqimm         x20, -464           x20:ffffffff
16627964ns          299917 1c009584 0c800793 addi             x15, x0, 200        x15=000000c8
16628004ns          299919 1c009588 9e97d0e3 bge              x15, x9, -1568      x15:000000c8  x9:00000001
16628163ns          299927 1c008f68 0f24d163 bge              x9, x18, 226         x9:00000001 x18:00000000
16628302ns          299934 1c00904a d00482e3 beq              x9, x0, -764         x9:00000001
16628322ns          299935 1c00904e 01900933 add              x18, x0, x25        x18=100014fc x25:100014fc
16628362ns          299937 1c009050 419d8db3 sub              x27, x27, x25       x27=efffeb1b x27:00000017 x25:100014fc
16628401ns          299939 1c009054 00a0006f jal              x0, 10             
16628501ns          299944 1c00905e 0019450b p.lbu            x10, 1(x18!)        x10=00000032 x18=100014fd x18:100014fc  PA:100014fc
16628521ns          299945 1c009062 01a005b3 add              x11, x0, x26        x11=00000002 x26:00000002
16628541ns          299946 1c009064 000b00e7 jalr             x1, x22, 0           x1=1c009066 x22:1c008c6c
16628620ns          299950 1c008c6c 000026b7 lui              x13, 0x2000         x13=00002000
16628660ns          299952 1c008c6e f14027f3 csrrs            x15, x0, 0xf14      x15=00000002
16628680ns          299953 1c008c72 f8068693 addi             x13, x13, -128      x13=00001f80 x13:00002000
16628700ns          299954 1c008c76 00379713 slli             x14, x15, 0x3       x14=00000010 x15:00000002
16628720ns          299955 1c008c7a 00279793 slli             x15, x15, 0x2       x15=00000008 x15:00000002
16628739ns          299956 1c008c7c 00d7f7b3 and              x15, x15, x13       x15=00000000 x15:00000008 x13:00001f80
16628779ns          299958 1c008c7e ee873733 p.bclr           x14, x14, 23, 8     x14=00000010 x14:00000010
16628819ns          299960 1c008c82 1a10f6b7 lui              x13, 0x1a10f000     x13=1a10f000
16628839ns          299961 1c008c86 0ff57513 andi             x10, x10, 255       x10=00000032 x10:00000032
16628859ns          299962 1c008c8a 00d70733 add              x14, x14, x13       x14=1a10f010 x14:00000010 x13:1a10f000
16628879ns          299963 1c008c8c 00a7e723 p.sw             x10, x0(x15)        x10:00000032 x15:00000000  PA:1a10f010
16629217ns          299980 1c008c90 00000513 addi             x10, x0, 0          x10=00000000
16629237ns          299981 1c008c92 00008067 jalr             x0, x1, 0            x1:1c009066
16629277ns          299983 1c009066 fff48493 addi             x9, x9, -1           x9=00000000  x9:00000001
16629296ns          299984 1c009068 fff537e3 p.bneimm         x10, -18            x10:00000000
16629436ns          299991 1c009056 012d8733 add              x14, x27, x18       x14=00000018 x27:efffeb1b x18:100014fd
16629456ns          299992 1c00905a 5a048b63 beq              x9, x0, 1462         x9:00000000
16629555ns          299997 1c009610 00e00db3 add              x27, x0, x14        x27=00000018 x14:00000018
16629595ns          299999 1c009612 f3cff06f jal              x0, -2244          
16629694ns          300004 1c008d4e 00044503 lbu              x10, 0(x8)          x10=0000000a  x8:1c0000d5  PA:1c0000d5
16630012ns          300020 1c008d52 00140413 addi             x8, x8, 1            x8=1c0000d6  x8:1c0000d5
16630032ns          300021 1c008d54 00050e63 beq              x10, x0, 28         x10:0000000a
16630052ns          300022 1c008d56 02500793 addi             x15, x0, 37         x15=00000025
16630072ns          300023 1c008d5a 04f50863 beq              x10, x15, 80        x10:0000000a x15:00000025
16630092ns          300024 1c008d5e 01a005b3 add              x11, x0, x26        x11=00000002 x26:00000002
16630112ns          300025 1c008d60 000b00e7 jalr             x1, x22, 0           x1=1c008d62 x22:1c008c6c
16630152ns          300027 1c008c6c 000026b7 lui              x13, 0x2000         x13=00002000
16630172ns          300028 1c008c6e f14027f3 csrrs            x15, x0, 0xf14      x15=00000002
16630192ns          300029 1c008c72 f8068693 addi             x13, x13, -128      x13=00001f80 x13:00002000
16630211ns          300030 1c008c76 00379713 slli             x14, x15, 0x3       x14=00000010 x15:00000002
16630231ns          300031 1c008c7a 00279793 slli             x15, x15, 0x2       x15=00000008 x15:00000002
16630251ns          300032 1c008c7c 00d7f7b3 and              x15, x15, x13       x15=00000000 x15:00000008 x13:00001f80
16630271ns          300033 1c008c7e ee873733 p.bclr           x14, x14, 23, 8     x14=00000010 x14:00000010
16630291ns          300034 1c008c82 1a10f6b7 lui              x13, 0x1a10f000     x13=1a10f000
16630311ns          300035 1c008c86 0ff57513 andi             x10, x10, 255       x10=0000000a x10:0000000a
16630331ns          300036 1c008c8a 00d70733 add              x14, x14, x13       x14=1a10f010 x14:00000010 x13:1a10f000
16630351ns          300037 1c008c8c 00a7e723 p.sw             x10, x0(x15)        x10:0000000a x15:00000000  PA:1a10f010
16630709ns          300055 1c008c90 00000513 addi             x10, x0, 0          x10=00000000
16630729ns          300056 1c008c92 00008067 jalr             x0, x1, 0            x1:1c008d62
16630788ns          300059 1c008d62 31f52563 p.beqimm         x10, 778            x10:00000000
16630808ns          300060 1c008d66 001d8d93 addi             x27, x27, 1         x27=00000019 x27:00000018
16630828ns          300061 1c008d68 00044503 lbu              x10, 0(x8)          x10=00000000  x8:1c0000d6  PA:1c0000d6
16631126ns          300076 1c008d6c 00140413 addi             x8, x8, 1            x8=1c0000d7  x8:1c0000d6
16631146ns          300077 1c008d6e fe0514e3 bne              x10, x0, -24        x10:00000000
16631166ns          300078 1c008d70 01b00433 add              x8, x0, x27          x8=00000019 x27:00000019
16631186ns          300079 1c008d72 00800533 add              x10, x0, x8         x10=00000019  x8:00000019
16631206ns          300080 1c008d74 12c12083 lw               x1, 300(x2)          x1=1c008d00  x2:100014d8  PA:10001604
16631226ns          300081 1c008d78 12812403 lw               x8, 296(x2)          x8=499ca9e8  x2:100014d8  PA:10001600
16631246ns          300082 1c008d7c 12412483 lw               x9, 292(x2)          x9=499caa4e  x2:100014d8  PA:100015fc
16631286ns          300084 1c008d80 12012903 lw               x18, 288(x2)        x18=499ca980  x2:100014d8  PA:100015f8
16631325ns          300086 1c008d84 11c12983 lw               x19, 284(x2)        x19=4848a693  x2:100014d8  PA:100015f4
16631345ns          300087 1c008d88 11812a03 lw               x20, 280(x2)        x20=1c011000  x2:100014d8  PA:100015f0
16631365ns          300088 1c008d8c 11412a83 lw               x21, 276(x2)        x21=4848a610  x2:100014d8  PA:100015ec
16631425ns          300091 1c008d90 11012b03 lw               x22, 272(x2)        x22=xxxxxxxx  x2:100014d8  PA:100015e8
16631465ns          300093 1c008d94 10c12b83 lw               x23, 268(x2)        x23=xxxxxxxx  x2:100014d8  PA:100015e4
16631484ns          300094 1c008d98 10812c03 lw               x24, 264(x2)        x24=xxxxxxxx  x2:100014d8  PA:100015e0
16631504ns          300095 1c008d9c 10412c83 lw               x25, 260(x2)        x25=xxxxxxxx  x2:100014d8  PA:100015dc
16631564ns          300098 1c008da0 10012d03 lw               x26, 256(x2)        x26=xxxxxxxx  x2:100014d8  PA:100015d8
16631604ns          300100 1c008da4 0fc12d83 lw               x27, 252(x2)        x27=xxxxxxxx  x2:100014d8  PA:100015d4
16631624ns          300101 1c008da6 13010113 addi             x2, x2, 304          x2=10001608  x2:100014d8
16631644ns          300102 1c008da8 00008067 jalr             x0, x1, 0            x1:1c008d00
16631783ns          300109 1c008d00 01c12083 lw               x1, 28(x2)           x1=1c0083f0  x2:10001608  PA:10001624
16631803ns          300110 1c008d02 04010113 addi             x2, x2, 64           x2=10001648  x2:10001608
16631842ns          300112 1c008d04 00008067 jalr             x0, x1, 0            x1:1c0083f0
16631922ns          300116 1c0083f0 00100513 addi             x10, x0, 1          x10=00000001
16631962ns          300118 1c0083f2 1ac12083 lw               x1, 428(x2)          x1=1c009f9e  x2:10001648  PA:100017f4
16631982ns          300119 1c0083f6 1a812403 lw               x8, 424(x2)          x8=xxxxxxxx  x2:10001648  PA:100017f0
16632002ns          300120 1c0083fa 1a412483 lw               x9, 420(x2)          x9=xxxxxxxx  x2:10001648  PA:100017ec
16632340ns          300137 1c0083fe 1a012903 lw               x18, 416(x2)        x18=xxxxxxxx  x2:10001648  PA:100017e8
16632379ns          300139 1c008402 19c12983 lw               x19, 412(x2)        x19=xxxxxxxx  x2:10001648  PA:100017e4
16632399ns          300140 1c008406 19812a03 lw               x20, 408(x2)        x20=xxxxxxxx  x2:10001648  PA:100017e0
16632419ns          300141 1c00840a 19412a83 lw               x21, 404(x2)        x21=xxxxxxxx  x2:10001648  PA:100017dc
16632479ns          300144 1c00840e 00154513 xori             x10, x10, 1         x10=00000000 x10:00000001
16632499ns          300145 1c008412 1b010113 addi             x2, x2, 432          x2=100017f8  x2:10001648
16632519ns          300146 1c008414 00008067 jalr             x0, x1, 0            x1:1c009f9e
16632678ns          300154 1c009f9e f14027f3 csrrs            x15, x0, 0xf14      x15=00000002
16632718ns          300156 1c009fa2 f457b7b3 p.bclr           x15, x15, 26, 5     x15=00000002 x15:00000002
16632738ns          300157 1c009fa6 00079963 bne              x15, x0, 18         x15:00000002
16633255ns          300183 1c009fb8 002047b7 lui              x15, 0x204000       x15=00204000
16633275ns          300184 1c009fbc fff00713 addi             x14, x0, -1         x14=ffffffff
16633294ns          300185 1c009fbe 00e7a223 sw               x14, 4(x15)         x14:ffffffff x15:00204000  PA:00204004
