                Time          Cycles PC       Instr    Mnemonic
14044370ns          226872 1c008080 0640006f jal              x0, 100            
14044828ns          226895 1c0080e4 f1402573 csrrs            x10, x0, 0xf14      x10=00000003
14044868ns          226897 1c0080e8 01f57593 andi             x11, x10, 31        x11=00000003 x10:00000003
14044888ns          226898 1c0080ec 00555513 srli             x10, x10, 0x5       x10=00000000 x10:00000003
14044907ns          226899 1c0080ee 01f00613 addi             x12, x0, 31         x12=0000001f
14045325ns          226920 1c0080f0 00c50463 beq              x10, x12, 8         x10:00000000 x12:0000001f
14045365ns          226922 1c0080f4 fa1ff06f jal              x0, -96            
14045822ns          226945 1c008094 f3ff8117 auipc            x2, 0xf3ff8000       x2=10000094
14045862ns          226947 1c008098 f7010113 addi             x2, x2, -144         x2=10000004  x2:10000094
14045882ns          226948 1c00809c 00012103 lw               x2, 0(x2)            x2=10000008  x2:10000004  PA:10000004
14046320ns          226970 1c0080a0 000011b7 lui              x3, 0x1000           x3=00001000
14046359ns          226972 1c0080a4 80018193 addi             x3, x3, -2048        x3=00000800  x3:00001000
14046379ns          226973 1c0080a8 00158593 addi             x11, x11, 1         x11=00000004 x11:00000003
14046399ns          226974 1c0080ac 02b180b3 mul              x1, x3, x11          x1=00002000  x3:00000800 x11:00000004
14046837ns          226996 1c0080b0 00110133 add              x2, x2, x1           x2=10002008  x2:10000008  x1:00002000
14046877ns          226998 1c0080b4 3af0106f jal              x0, 7086           
14047334ns          227021 1c009c62 ff010113 addi             x2, x2, -16          x2=10001ff8  x2:10002008
14047374ns          227023 1c009c64 00112623 sw               x1, 12(x2)           x1:00002000  x2:10001ff8  PA:10002004
14047394ns          227024 1c009c66 002047b7 lui              x15, 0x204000       x15=00204000
14047414ns          227025 1c009c6a 00070737 lui              x14, 0x70000        x14=00070000
14047434ns          227026 1c009c6e 00e7a423 sw               x14, 8(x15)         x14:00070000 x15:00204000  PA:00204008
14047871ns          227048 1c009c70 00f00713 addi             x14, x0, 15         x14=0000000f
14047911ns          227050 1c009c72 20078793 addi             x15, x15, 512       x15=00204200 x15:00204000
14047931ns          227051 1c009c76 00e7a023 sw               x14, 0(x15)         x14:0000000f x15:00204200  PA:00204200
14047971ns          227053 1c009c7a 00e7a623 sw               x14, 12(x15)        x14:0000000f x15:00204200  PA:0020420c
14048388ns          227074 1c009c7e 1c0017b7 lui              x15, 0x1c001000     x15=1c001000
14048428ns          227076 1c009c82 a847a783 lw               x15, -1404(x15)     x15=1c0081c4 x15:1c001000  PA:1c000a84
14048905ns          227100 1c009c86 000780e7 jalr             x1, x15, 0           x1=1c009c88 x15:1c0081c4
14049403ns          227125 1c0081c4 fd010113 addi             x2, x2, -48          x2=10001fc8  x2:10001ff8
14049423ns          227126 1c0081c6 03212023 sw               x18, 32(x2)         x18:xxxxxxxx  x2:10001fc8  PA:10001fe8
14049443ns          227127 1c0081c8 02112623 sw               x1, 44(x2)           x1:1c009c88  x2:10001fc8  PA:10001ff4
14049462ns          227128 1c0081ca f1402973 csrrs            x18, x0, 0xf14      x18=00000003
14049482ns          227129 1c0081ce 02812423 sw               x8, 40(x2)           x8:xxxxxxxx  x2:10001fc8  PA:10001ff0
14049900ns          227150 1c0081d0 02912223 sw               x9, 36(x2)           x9:xxxxxxxx  x2:10001fc8  PA:10001fec
14049920ns          227151 1c0081d2 01312e23 sw               x19, 28(x2)         x19:xxxxxxxx  x2:10001fc8  PA:10001fe4
14049940ns          227152 1c0081d4 01412c23 sw               x20, 24(x2)         x20:xxxxxxxx  x2:10001fc8  PA:10001fe0
14049960ns          227153 1c0081d6 01512a23 sw               x21, 20(x2)         x21:xxxxxxxx  x2:10001fc8  PA:10001fdc
14049980ns          227154 1c0081d8 01612823 sw               x22, 16(x2)         x22:xxxxxxxx  x2:10001fc8  PA:10001fd8
14049999ns          227155 1c0081da 01712623 sw               x23, 12(x2)         x23:xxxxxxxx  x2:10001fc8  PA:10001fd4
14050019ns          227156 1c0081dc ca5917b3 p.extractu       x15, x18, 5, 5      x15=00000000 x18:00000003
14050437ns          227177 1c0081e0 1e079a63 bne              x15, x0, 500        x15:00000000
14050477ns          227179 1c0081e4 f4593933 p.bclr           x18, x18, 26, 5     x18=00000003 x18:00000003
14050497ns          227180 1c0081e8 1c000537 lui              x10, 0x1c000000     x10=1c000000
14050517ns          227181 1c0081ec 01200633 add              x12, x0, x18        x12=00000003 x18:00000003
14050537ns          227182 1c0081ee 00100593 addi             x11, x0, 1          x11=00000001
14050954ns          227203 1c0081f0 01c50513 addi             x10, x10, 28        x10=1c00001c x10:1c000000
14050994ns          227205 1c0081f4 7ce000ef jal              x1, 1998             x1=1c0081f8
14051452ns          227228 1c0089c2 fc010113 addi             x2, x2, -64          x2=10001f88  x2:10001fc8
14051491ns          227230 1c0089c4 02410313 addi             x6, x2, 36           x6=10001fac  x2:10001f88
14051511ns          227231 1c0089c8 02c12423 sw               x12, 40(x2)         x12:00000003  x2:10001f88  PA:10001fb0
14051531ns          227232 1c0089ca 00a00633 add              x12, x0, x10        x12=1c00001c x10:1c00001c
14051551ns          227233 1c0089cc 1c009537 lui              x10, 0x1c009000     x10=1c009000
14051969ns          227254 1c0089d0 02b12223 sw               x11, 36(x2)         x11:00000001  x2:10001f88  PA:10001fac
14051989ns          227255 1c0089d2 02d12623 sw               x13, 44(x2)         x13:xxxxxxxx  x2:10001f88  PA:10001fb4
14052008ns          227256 1c0089d4 00200593 addi             x11, x0, 2          x11=00000002
14052028ns          227257 1c0089d6 006006b3 add              x13, x0, x6         x13=10001fac  x6:10001fac
14052048ns          227258 1c0089d8 95650513 addi             x10, x10, -1706     x10=1c008956 x10:1c009000
14052068ns          227259 1c0089dc 00112e23 sw               x1, 28(x2)           x1:1c0081f8  x2:10001f88  PA:10001fa4
14052088ns          227260 1c0089de 02e12823 sw               x14, 48(x2)         x14:0000000f  x2:10001f88  PA:10001fb8
14052486ns          227280 1c0089e0 02f12a23 sw               x15, 52(x2)         x15:00000000  x2:10001f88  PA:10001fbc
14052506ns          227281 1c0089e2 03012c23 sw               x16, 56(x2)         x16:xxxxxxxx  x2:10001f88  PA:10001fc0
14052526ns          227282 1c0089e4 03112e23 sw               x17, 60(x2)         x17:xxxxxxxx  x2:10001f88  PA:10001fc4
14052546ns          227283 1c0089e6 00612623 sw               x6, 12(x2)           x6:10001fac  x2:10001f88  PA:10001f94
14052565ns          227284 1c0089e8 fbfff0ef jal              x1, -66              x1=1c0089ea
14053460ns          227329 1c0089a6 04a0006f jal              x0, 74             
14053500ns          227331 1c0089f0 ed010113 addi             x2, x2, -304         x2=10001e58  x2:10001f88
14053520ns          227332 1c0089f2 12812423 sw               x8, 296(x2)          x8:xxxxxxxx  x2:10001e58  PA:10001f80
14053540ns          227333 1c0089f6 00000413 addi             x8, x0, 0            x8=00000000
14053560ns          227334 1c0089f8 11612823 sw               x22, 272(x2)        x22:xxxxxxxx  x2:10001e58  PA:10001f68
14053580ns          227335 1c0089fc 11712623 sw               x23, 268(x2)        x23:xxxxxxxx  x2:10001e58  PA:10001f64
14053998ns          227356 1c008a00 11812423 sw               x24, 264(x2)        x24:xxxxxxxx  x2:10001e58  PA:10001f60
14054037ns          227358 1c008a04 11912223 sw               x25, 260(x2)        x25:xxxxxxxx  x2:10001e58  PA:10001f5c
14054057ns          227359 1c008a08 11a12023 sw               x26, 256(x2)        x26:xxxxxxxx  x2:10001e58  PA:10001f58
14054077ns          227360 1c008a0c 0fb12e23 sw               x27, 252(x2)        x27:xxxxxxxx  x2:10001e58  PA:10001f54
14054535ns          227383 1c008a0e 12112623 sw               x1, 300(x2)          x1:1c0089ea  x2:10001e58  PA:10001f84
14054554ns          227384 1c008a12 00800db3 add              x27, x0, x8         x27=00000000  x8:00000000
14054574ns          227385 1c008a14 12912223 sw               x9, 292(x2)          x9:xxxxxxxx  x2:10001e58  PA:10001f7c
14054594ns          227386 1c008a18 13212023 sw               x18, 288(x2)        x18:00000003  x2:10001e58  PA:10001f78
14054614ns          227387 1c008a1c 11312e23 sw               x19, 284(x2)        x19:xxxxxxxx  x2:10001e58  PA:10001f74
14055052ns          227409 1c008a20 11412c23 sw               x20, 280(x2)        x20:xxxxxxxx  x2:10001e58  PA:10001f70
14055092ns          227411 1c008a24 11512a23 sw               x21, 276(x2)        x21:xxxxxxxx  x2:10001e58  PA:10001f6c
14055111ns          227412 1c008a28 00a00b33 add              x22, x0, x10        x22=1c008956 x10:1c008956
14055131ns          227413 1c008a2a 00b00d33 add              x26, x0, x11        x26=00000002 x11:00000002
14055151ns          227414 1c008a2c 00d00c33 add              x24, x0, x13        x24=10001fac x13:10001fac
14055569ns          227435 1c008a2e 1c000bb7 lui              x23, 0x1c000000     x23=1c000000
14055609ns          227437 1c008a32 02410c93 addi             x25, x2, 36         x25=10001e7c  x2:10001e58
14055629ns          227438 1c008a36 00c00433 add              x8, x0, x12          x8=1c00001c x12:1c00001c
14055648ns          227439 1c008a38 00044503 lbu              x10, 0(x8)          x10=00000073  x8:1c00001c  PA:1c00001c
14056046ns          227459 1c008a3c 00140413 addi             x8, x8, 1            x8=1c00001d  x8:1c00001c
14056066ns          227460 1c008a3e 00050e63 beq              x10, x0, 28         x10:00000073
14056086ns          227461 1c008a40 02500793 addi             x15, x0, 37         x15=00000025
14056126ns          227463 1c008a44 04f50863 beq              x10, x15, 80        x10:00000073 x15:00000025
14056146ns          227464 1c008a48 01a005b3 add              x11, x0, x26        x11=00000002 x26:00000002
14056166ns          227465 1c008a4a 000b00e7 jalr             x1, x22, 0           x1=1c008a4c x22:1c008956
14057120ns          227513 1c008956 000026b7 lui              x13, 0x2000         x13=00002000
14057160ns          227515 1c008958 f14027f3 csrrs            x15, x0, 0xf14      x15=00000003
14057180ns          227516 1c00895c f8068693 addi             x13, x13, -128      x13=00001f80 x13:00002000
14057618ns          227538 1c008960 00379713 slli             x14, x15, 0x3       x14=00000018 x15:00000003
14057657ns          227540 1c008964 00279793 slli             x15, x15, 0x2       x15=0000000c x15:00000003
14057677ns          227541 1c008966 00d7f7b3 and              x15, x15, x13       x15=00000000 x15:0000000c x13:00001f80
14057697ns          227542 1c008968 ee873733 p.bclr           x14, x14, 23, 8     x14=00000018 x14:00000018
14057717ns          227543 1c00896c 1a10f6b7 lui              x13, 0x1a10f000     x13=1a10f000
14058135ns          227564 1c008970 0ff57513 andi             x10, x10, 255       x10=00000073 x10:00000073
14058175ns          227566 1c008974 00d70733 add              x14, x14, x13       x14=1a10f018 x14:00000018 x13:1a10f000
14058194ns          227567 1c008976 00a7e723 p.sw             x10, x0(x15)        x10:00000073 x15:00000000  PA:1a10f018
14058652ns          227590 1c00897a 00000513 addi             x10, x0, 0          x10=00000000
14058672ns          227591 1c00897c 00008067 jalr             x0, x1, 0            x1:1c008a4c
14058712ns          227593 1c008a4c 31f52563 p.beqimm         x10, 778            x10:00000000
14058732ns          227594 1c008a50 001d8d93 addi             x27, x27, 1         x27=00000001 x27:00000000
14058751ns          227595 1c008a52 00044503 lbu              x10, 0(x8)          x10=00000074  x8:1c00001d  PA:1c00001d
14059149ns          227615 1c008a56 00140413 addi             x8, x8, 1            x8=1c00001e  x8:1c00001d
14059169ns          227616 1c008a58 fe0514e3 bne              x10, x0, -24        x10:00000074
14059269ns          227621 1c008a40 02500793 addi             x15, x0, 37         x15=00000025
14059288ns          227622 1c008a44 04f50863 beq              x10, x15, 80        x10:00000074 x15:00000025
14059308ns          227623 1c008a48 01a005b3 add              x11, x0, x26        x11=00000002 x26:00000002
14059328ns          227624 1c008a4a 000b00e7 jalr             x1, x22, 0           x1=1c008a4c x22:1c008956
14059368ns          227626 1c008956 000026b7 lui              x13, 0x2000         x13=00002000
14059388ns          227627 1c008958 f14027f3 csrrs            x15, x0, 0xf14      x15=00000003
14059408ns          227628 1c00895c f8068693 addi             x13, x13, -128      x13=00001f80 x13:00002000
14059428ns          227629 1c008960 00379713 slli             x14, x15, 0x3       x14=00000018 x15:00000003
14059448ns          227630 1c008964 00279793 slli             x15, x15, 0x2       x15=0000000c x15:00000003
14059467ns          227631 1c008966 00d7f7b3 and              x15, x15, x13       x15=00000000 x15:0000000c x13:00001f80
14059487ns          227632 1c008968 ee873733 p.bclr           x14, x14, 23, 8     x14=00000018 x14:00000018
14059507ns          227633 1c00896c 1a10f6b7 lui              x13, 0x1a10f000     x13=1a10f000
14059527ns          227634 1c008970 0ff57513 andi             x10, x10, 255       x10=00000074 x10:00000074
14059547ns          227635 1c008974 00d70733 add              x14, x14, x13       x14=1a10f018 x14:00000018 x13:1a10f000
14059567ns          227636 1c008976 00a7e723 p.sw             x10, x0(x15)        x10:00000074 x15:00000000  PA:1a10f018
14060024ns          227659 1c00897a 00000513 addi             x10, x0, 0          x10=00000000
14060044ns          227660 1c00897c 00008067 jalr             x0, x1, 0            x1:1c008a4c
14060084ns          227662 1c008a4c 31f52563 p.beqimm         x10, 778            x10:00000000
14060104ns          227663 1c008a50 001d8d93 addi             x27, x27, 1         x27=00000002 x27:00000001
14060124ns          227664 1c008a52 00044503 lbu              x10, 0(x8)          x10=00000061  x8:1c00001e  PA:1c00001e
14060422ns          227679 1c008a56 00140413 addi             x8, x8, 1            x8=1c00001f  x8:1c00001e
14060442ns          227680 1c008a58 fe0514e3 bne              x10, x0, -24        x10:00000061
14060502ns          227683 1c008a40 02500793 addi             x15, x0, 37         x15=00000025
14060522ns          227684 1c008a44 04f50863 beq              x10, x15, 80        x10:00000061 x15:00000025
14060542ns          227685 1c008a48 01a005b3 add              x11, x0, x26        x11=00000002 x26:00000002
14060561ns          227686 1c008a4a 000b00e7 jalr             x1, x22, 0           x1=1c008a4c x22:1c008956
14060601ns          227688 1c008956 000026b7 lui              x13, 0x2000         x13=00002000
14060621ns          227689 1c008958 f14027f3 csrrs            x15, x0, 0xf14      x15=00000003
14060641ns          227690 1c00895c f8068693 addi             x13, x13, -128      x13=00001f80 x13:00002000
14060661ns          227691 1c008960 00379713 slli             x14, x15, 0x3       x14=00000018 x15:00000003
14060681ns          227692 1c008964 00279793 slli             x15, x15, 0x2       x15=0000000c x15:00000003
14060701ns          227693 1c008966 00d7f7b3 and              x15, x15, x13       x15=00000000 x15:0000000c x13:00001f80
14060721ns          227694 1c008968 ee873733 p.bclr           x14, x14, 23, 8     x14=00000018 x14:00000018
14060740ns          227695 1c00896c 1a10f6b7 lui              x13, 0x1a10f000     x13=1a10f000
14060760ns          227696 1c008970 0ff57513 andi             x10, x10, 255       x10=00000061 x10:00000061
14060780ns          227697 1c008974 00d70733 add              x14, x14, x13       x14=1a10f018 x14:00000018 x13:1a10f000
14060800ns          227698 1c008976 00a7e723 p.sw             x10, x0(x15)        x10:00000061 x15:00000000  PA:1a10f018
14061138ns          227715 1c00897a 00000513 addi             x10, x0, 0          x10=00000000
14061158ns          227716 1c00897c 00008067 jalr             x0, x1, 0            x1:1c008a4c
14061198ns          227718 1c008a4c 31f52563 p.beqimm         x10, 778            x10:00000000
14061218ns          227719 1c008a50 001d8d93 addi             x27, x27, 1         x27=00000003 x27:00000002
14061238ns          227720 1c008a52 00044503 lbu              x10, 0(x8)          x10=00000072  x8:1c00001f  PA:1c00001f
14061536ns          227735 1c008a56 00140413 addi             x8, x8, 1            x8=1c000020  x8:1c00001f
14061556ns          227736 1c008a58 fe0514e3 bne              x10, x0, -24        x10:00000072
14061616ns          227739 1c008a40 02500793 addi             x15, x0, 37         x15=00000025
14061636ns          227740 1c008a44 04f50863 beq              x10, x15, 80        x10:00000072 x15:00000025
14061655ns          227741 1c008a48 01a005b3 add              x11, x0, x26        x11=00000002 x26:00000002
14061675ns          227742 1c008a4a 000b00e7 jalr             x1, x22, 0           x1=1c008a4c x22:1c008956
14061715ns          227744 1c008956 000026b7 lui              x13, 0x2000         x13=00002000
14061735ns          227745 1c008958 f14027f3 csrrs            x15, x0, 0xf14      x15=00000003
14061755ns          227746 1c00895c f8068693 addi             x13, x13, -128      x13=00001f80 x13:00002000
14061775ns          227747 1c008960 00379713 slli             x14, x15, 0x3       x14=00000018 x15:00000003
14061795ns          227748 1c008964 00279793 slli             x15, x15, 0x2       x15=0000000c x15:00000003
14061815ns          227749 1c008966 00d7f7b3 and              x15, x15, x13       x15=00000000 x15:0000000c x13:00001f80
14061834ns          227750 1c008968 ee873733 p.bclr           x14, x14, 23, 8     x14=00000018 x14:00000018
14061854ns          227751 1c00896c 1a10f6b7 lui              x13, 0x1a10f000     x13=1a10f000
14061874ns          227752 1c008970 0ff57513 andi             x10, x10, 255       x10=00000072 x10:00000072
14061894ns          227753 1c008974 00d70733 add              x14, x14, x13       x14=1a10f018 x14:00000018 x13:1a10f000
14061914ns          227754 1c008976 00a7e723 p.sw             x10, x0(x15)        x10:00000072 x15:00000000  PA:1a10f018
14062232ns          227770 1c00897a 00000513 addi             x10, x0, 0          x10=00000000
14062252ns          227771 1c00897c 00008067 jalr             x0, x1, 0            x1:1c008a4c
14062292ns          227773 1c008a4c 31f52563 p.beqimm         x10, 778            x10:00000000
14062312ns          227774 1c008a50 001d8d93 addi             x27, x27, 1         x27=00000004 x27:00000003
14062332ns          227775 1c008a52 00044503 lbu              x10, 0(x8)          x10=00000074  x8:1c000020  PA:1c000020
14062630ns          227790 1c008a56 00140413 addi             x8, x8, 1            x8=1c000021  x8:1c000020
14062650ns          227791 1c008a58 fe0514e3 bne              x10, x0, -24        x10:00000074
14062710ns          227794 1c008a40 02500793 addi             x15, x0, 37         x15=00000025
14062730ns          227795 1c008a44 04f50863 beq              x10, x15, 80        x10:00000074 x15:00000025
14062749ns          227796 1c008a48 01a005b3 add              x11, x0, x26        x11=00000002 x26:00000002
14062769ns          227797 1c008a4a 000b00e7 jalr             x1, x22, 0           x1=1c008a4c x22:1c008956
14062809ns          227799 1c008956 000026b7 lui              x13, 0x2000         x13=00002000
14062829ns          227800 1c008958 f14027f3 csrrs            x15, x0, 0xf14      x15=00000003
14062849ns          227801 1c00895c f8068693 addi             x13, x13, -128      x13=00001f80 x13:00002000
14062869ns          227802 1c008960 00379713 slli             x14, x15, 0x3       x14=00000018 x15:00000003
14062889ns          227803 1c008964 00279793 slli             x15, x15, 0x2       x15=0000000c x15:00000003
14062909ns          227804 1c008966 00d7f7b3 and              x15, x15, x13       x15=00000000 x15:0000000c x13:00001f80
14062928ns          227805 1c008968 ee873733 p.bclr           x14, x14, 23, 8     x14=00000018 x14:00000018
14062948ns          227806 1c00896c 1a10f6b7 lui              x13, 0x1a10f000     x13=1a10f000
14062968ns          227807 1c008970 0ff57513 andi             x10, x10, 255       x10=00000074 x10:00000074
14062988ns          227808 1c008974 00d70733 add              x14, x14, x13       x14=1a10f018 x14:00000018 x13:1a10f000
14063008ns          227809 1c008976 00a7e723 p.sw             x10, x0(x15)        x10:00000074 x15:00000000  PA:1a10f018
14063326ns          227825 1c00897a 00000513 addi             x10, x0, 0          x10=00000000
14063346ns          227826 1c00897c 00008067 jalr             x0, x1, 0            x1:1c008a4c
14063386ns          227828 1c008a4c 31f52563 p.beqimm         x10, 778            x10:00000000
14063406ns          227829 1c008a50 001d8d93 addi             x27, x27, 1         x27=00000005 x27:00000004
14063426ns          227830 1c008a52 00044503 lbu              x10, 0(x8)          x10=00000069  x8:1c000021  PA:1c000021
14063724ns          227845 1c008a56 00140413 addi             x8, x8, 1            x8=1c000022  x8:1c000021
14063744ns          227846 1c008a58 fe0514e3 bne              x10, x0, -24        x10:00000069
14063804ns          227849 1c008a40 02500793 addi             x15, x0, 37         x15=00000025
14063824ns          227850 1c008a44 04f50863 beq              x10, x15, 80        x10:00000069 x15:00000025
14063843ns          227851 1c008a48 01a005b3 add              x11, x0, x26        x11=00000002 x26:00000002
14063863ns          227852 1c008a4a 000b00e7 jalr             x1, x22, 0           x1=1c008a4c x22:1c008956
14063903ns          227854 1c008956 000026b7 lui              x13, 0x2000         x13=00002000
14063923ns          227855 1c008958 f14027f3 csrrs            x15, x0, 0xf14      x15=00000003
14063943ns          227856 1c00895c f8068693 addi             x13, x13, -128      x13=00001f80 x13:00002000
14063963ns          227857 1c008960 00379713 slli             x14, x15, 0x3       x14=00000018 x15:00000003
14063983ns          227858 1c008964 00279793 slli             x15, x15, 0x2       x15=0000000c x15:00000003
14064003ns          227859 1c008966 00d7f7b3 and              x15, x15, x13       x15=00000000 x15:0000000c x13:00001f80
14064022ns          227860 1c008968 ee873733 p.bclr           x14, x14, 23, 8     x14=00000018 x14:00000018
14064042ns          227861 1c00896c 1a10f6b7 lui              x13, 0x1a10f000     x13=1a10f000
14064062ns          227862 1c008970 0ff57513 andi             x10, x10, 255       x10=00000069 x10:00000069
14064082ns          227863 1c008974 00d70733 add              x14, x14, x13       x14=1a10f018 x14:00000018 x13:1a10f000
14064102ns          227864 1c008976 00a7e723 p.sw             x10, x0(x15)        x10:00000069 x15:00000000  PA:1a10f018
14064440ns          227881 1c00897a 00000513 addi             x10, x0, 0          x10=00000000
14064460ns          227882 1c00897c 00008067 jalr             x0, x1, 0            x1:1c008a4c
14064500ns          227884 1c008a4c 31f52563 p.beqimm         x10, 778            x10:00000000
14064520ns          227885 1c008a50 001d8d93 addi             x27, x27, 1         x27=00000006 x27:00000005
14064540ns          227886 1c008a52 00044503 lbu              x10, 0(x8)          x10=0000006e  x8:1c000022  PA:1c000022
14064838ns          227901 1c008a56 00140413 addi             x8, x8, 1            x8=1c000023  x8:1c000022
14064858ns          227902 1c008a58 fe0514e3 bne              x10, x0, -24        x10:0000006e
14064918ns          227905 1c008a40 02500793 addi             x15, x0, 37         x15=00000025
14064937ns          227906 1c008a44 04f50863 beq              x10, x15, 80        x10:0000006e x15:00000025
14064957ns          227907 1c008a48 01a005b3 add              x11, x0, x26        x11=00000002 x26:00000002
14064977ns          227908 1c008a4a 000b00e7 jalr             x1, x22, 0           x1=1c008a4c x22:1c008956
14065017ns          227910 1c008956 000026b7 lui              x13, 0x2000         x13=00002000
14065037ns          227911 1c008958 f14027f3 csrrs            x15, x0, 0xf14      x15=00000003
14065057ns          227912 1c00895c f8068693 addi             x13, x13, -128      x13=00001f80 x13:00002000
14065077ns          227913 1c008960 00379713 slli             x14, x15, 0x3       x14=00000018 x15:00000003
14065097ns          227914 1c008964 00279793 slli             x15, x15, 0x2       x15=0000000c x15:00000003
14065116ns          227915 1c008966 00d7f7b3 and              x15, x15, x13       x15=00000000 x15:0000000c x13:00001f80
14065136ns          227916 1c008968 ee873733 p.bclr           x14, x14, 23, 8     x14=00000018 x14:00000018
14065156ns          227917 1c00896c 1a10f6b7 lui              x13, 0x1a10f000     x13=1a10f000
14065176ns          227918 1c008970 0ff57513 andi             x10, x10, 255       x10=0000006e x10:0000006e
14065196ns          227919 1c008974 00d70733 add              x14, x14, x13       x14=1a10f018 x14:00000018 x13:1a10f000
14065216ns          227920 1c008976 00a7e723 p.sw             x10, x0(x15)        x10:0000006e x15:00000000  PA:1a10f018
14065534ns          227936 1c00897a 00000513 addi             x10, x0, 0          x10=00000000
14065554ns          227937 1c00897c 00008067 jalr             x0, x1, 0            x1:1c008a4c
14065594ns          227939 1c008a4c 31f52563 p.beqimm         x10, 778            x10:00000000
14065614ns          227940 1c008a50 001d8d93 addi             x27, x27, 1         x27=00000007 x27:00000006
14065634ns          227941 1c008a52 00044503 lbu              x10, 0(x8)          x10=00000067  x8:1c000023  PA:1c000023
14065932ns          227956 1c008a56 00140413 addi             x8, x8, 1            x8=1c000024  x8:1c000023
14065952ns          227957 1c008a58 fe0514e3 bne              x10, x0, -24        x10:00000067
14066012ns          227960 1c008a40 02500793 addi             x15, x0, 37         x15=00000025
14066031ns          227961 1c008a44 04f50863 beq              x10, x15, 80        x10:00000067 x15:00000025
14066051ns          227962 1c008a48 01a005b3 add              x11, x0, x26        x11=00000002 x26:00000002
14066071ns          227963 1c008a4a 000b00e7 jalr             x1, x22, 0           x1=1c008a4c x22:1c008956
14066111ns          227965 1c008956 000026b7 lui              x13, 0x2000         x13=00002000
14066131ns          227966 1c008958 f14027f3 csrrs            x15, x0, 0xf14      x15=00000003
14066151ns          227967 1c00895c f8068693 addi             x13, x13, -128      x13=00001f80 x13:00002000
14066171ns          227968 1c008960 00379713 slli             x14, x15, 0x3       x14=00000018 x15:00000003
14066191ns          227969 1c008964 00279793 slli             x15, x15, 0x2       x15=0000000c x15:00000003
14066210ns          227970 1c008966 00d7f7b3 and              x15, x15, x13       x15=00000000 x15:0000000c x13:00001f80
14066230ns          227971 1c008968 ee873733 p.bclr           x14, x14, 23, 8     x14=00000018 x14:00000018
14066250ns          227972 1c00896c 1a10f6b7 lui              x13, 0x1a10f000     x13=1a10f000
14066270ns          227973 1c008970 0ff57513 andi             x10, x10, 255       x10=00000067 x10:00000067
14066290ns          227974 1c008974 00d70733 add              x14, x14, x13       x14=1a10f018 x14:00000018 x13:1a10f000
14066310ns          227975 1c008976 00a7e723 p.sw             x10, x0(x15)        x10:00000067 x15:00000000  PA:1a10f018
14066628ns          227991 1c00897a 00000513 addi             x10, x0, 0          x10=00000000
14066648ns          227992 1c00897c 00008067 jalr             x0, x1, 0            x1:1c008a4c
14066688ns          227994 1c008a4c 31f52563 p.beqimm         x10, 778            x10:00000000
14066708ns          227995 1c008a50 001d8d93 addi             x27, x27, 1         x27=00000008 x27:00000007
14066728ns          227996 1c008a52 00044503 lbu              x10, 0(x8)          x10=00000020  x8:1c000024  PA:1c000024
14067026ns          228011 1c008a56 00140413 addi             x8, x8, 1            x8=1c000025  x8:1c000024
14067046ns          228012 1c008a58 fe0514e3 bne              x10, x0, -24        x10:00000020
14067106ns          228015 1c008a40 02500793 addi             x15, x0, 37         x15=00000025
14067125ns          228016 1c008a44 04f50863 beq              x10, x15, 80        x10:00000020 x15:00000025
14067145ns          228017 1c008a48 01a005b3 add              x11, x0, x26        x11=00000002 x26:00000002
14067165ns          228018 1c008a4a 000b00e7 jalr             x1, x22, 0           x1=1c008a4c x22:1c008956
14067205ns          228020 1c008956 000026b7 lui              x13, 0x2000         x13=00002000
14067225ns          228021 1c008958 f14027f3 csrrs            x15, x0, 0xf14      x15=00000003
14067245ns          228022 1c00895c f8068693 addi             x13, x13, -128      x13=00001f80 x13:00002000
14067265ns          228023 1c008960 00379713 slli             x14, x15, 0x3       x14=00000018 x15:00000003
14067285ns          228024 1c008964 00279793 slli             x15, x15, 0x2       x15=0000000c x15:00000003
14067304ns          228025 1c008966 00d7f7b3 and              x15, x15, x13       x15=00000000 x15:0000000c x13:00001f80
14067324ns          228026 1c008968 ee873733 p.bclr           x14, x14, 23, 8     x14=00000018 x14:00000018
14067344ns          228027 1c00896c 1a10f6b7 lui              x13, 0x1a10f000     x13=1a10f000
14067364ns          228028 1c008970 0ff57513 andi             x10, x10, 255       x10=00000020 x10:00000020
14067384ns          228029 1c008974 00d70733 add              x14, x14, x13       x14=1a10f018 x14:00000018 x13:1a10f000
14067404ns          228030 1c008976 00a7e723 p.sw             x10, x0(x15)        x10:00000020 x15:00000000  PA:1a10f018
14067742ns          228047 1c00897a 00000513 addi             x10, x0, 0          x10=00000000
14067762ns          228048 1c00897c 00008067 jalr             x0, x1, 0            x1:1c008a4c
14067802ns          228050 1c008a4c 31f52563 p.beqimm         x10, 778            x10:00000000
14067822ns          228051 1c008a50 001d8d93 addi             x27, x27, 1         x27=00000009 x27:00000008
14067841ns          228052 1c008a52 00044503 lbu              x10, 0(x8)          x10=00000025  x8:1c000025  PA:1c000025
14068140ns          228067 1c008a56 00140413 addi             x8, x8, 1            x8=1c000026  x8:1c000025
14068160ns          228068 1c008a58 fe0514e3 bne              x10, x0, -24        x10:00000025
14068219ns          228071 1c008a40 02500793 addi             x15, x0, 37         x15=00000025
14068239ns          228072 1c008a44 04f50863 beq              x10, x15, 80        x10:00000025 x15:00000025
14068558ns          228088 1c008a94 00044483 lbu              x9, 0(x8)            x9=00000064  x8:1c000026  PA:1c000026
14069035ns          228112 1c008a98 02000693 addi             x13, x0, 32         x13=00000020
14069055ns          228113 1c008a9c 00140a93 addi             x21, x8, 1          x21=1c000027  x8:1c000026
14069095ns          228115 1c008aa0 009005b3 add              x11, x0, x9         x11=00000064  x9:00000064
14069134ns          228117 1c008aa2 0f4b8513 addi             x10, x23, 244       x10=1c0000f4 x23:1c000000
14069154ns          228118 1c008aa6 00d12823 sw               x13, 16(x2)         x13:00000020  x2:10001e58  PA:10001e68
14069174ns          228119 1c008aa8 00012c23 sw               x0, 24(x2)           x2:10001e58  PA:10001e70
14069194ns          228120 1c008aaa 00012a23 sw               x0, 20(x2)           x2:10001e58  PA:10001e6c
14069214ns          228121 1c008aac 00012e23 sw               x0, 28(x2)           x2:10001e58  PA:10001e74
14069234ns          228122 1c008aae 00012623 sw               x0, 12(x2)           x2:10001e58  PA:10001e64
14069612ns          228141 1c008ab0 02300913 addi             x18, x0, 35         x18=00000023
14069652ns          228143 1c008ab4 02d00a13 addi             x20, x0, 45         x20=0000002d
14069671ns          228144 1c008ab8 015009b3 add              x19, x0, x21        x19=1c000027 x21:1c000027
14069691ns          228145 1c008aba e1dff0ef jal              x1, -484             x1=1c008abc
14070646ns          228193 1c0088d6 00054783 lbu              x15, 0(x10)         x15=0000002d x10:1c0000f4  PA:1c0000f4
14071104ns          228216 1c0088da 0ff5f593 andi             x11, x11, 255       x11=00000064 x11:00000064
14071123ns          228217 1c0088de 00b78c63 beq              x15, x11, 24        x15:0000002d x11:00000064
14071143ns          228218 1c0088e2 00078b63 beq              x15, x0, 22         x15:0000002d
14071163ns          228219 1c0088e4 00150793 addi             x15, x10, 1         x15=1c0000f5 x10:1c0000f4
14071183ns          228220 1c0088e8 0040006f jal              x0, 4              
14071680ns          228245 1c0088ec 00f00533 add              x10, x0, x15        x10=1c0000f5 x15:1c0000f5
14071700ns          228246 1c0088ee 0017c70b p.lbu            x14, 1(x15!)        x14=0000002b x15=1c0000f6 x15:1c0000f5  PA:1c0000f5
14072019ns          228262 1c0088f2 feb71ce3 bne              x14, x11, -8        x14:0000002b x11:00000064
14072237ns          228273 1c0088ea 00070763 beq              x14, x0, 14         x14:0000002b
14072257ns          228274 1c0088ec 00f00533 add              x10, x0, x15        x10=1c0000f6 x15:1c0000f6
14072277ns          228275 1c0088ee 0017c70b p.lbu            x14, 1(x15!)        x14=00000020 x15=1c0000f7 x15:1c0000f6  PA:1c0000f6
14072595ns          228291 1c0088f2 feb71ce3 bne              x14, x11, -8        x14:00000020 x11:00000064
14072655ns          228294 1c0088ea 00070763 beq              x14, x0, 14         x14:00000020
14072675ns          228295 1c0088ec 00f00533 add              x10, x0, x15        x10=1c0000f7 x15:1c0000f7
14072695ns          228296 1c0088ee 0017c70b p.lbu            x14, 1(x15!)        x14=00000023 x15=1c0000f8 x15:1c0000f7  PA:1c0000f7
14073033ns          228313 1c0088f2 feb71ce3 bne              x14, x11, -8        x14:00000023 x11:00000064
14073093ns          228316 1c0088ea 00070763 beq              x14, x0, 14         x14:00000023
14073113ns          228317 1c0088ec 00f00533 add              x10, x0, x15        x10=1c0000f8 x15:1c0000f8
14073132ns          228318 1c0088ee 0017c70b p.lbu            x14, 1(x15!)        x14=00000030 x15=1c0000f9 x15:1c0000f8  PA:1c0000f8
14073451ns          228334 1c0088f2 feb71ce3 bne              x14, x11, -8        x14:00000030 x11:00000064
14073510ns          228337 1c0088ea 00070763 beq              x14, x0, 14         x14:00000030
14073530ns          228338 1c0088ec 00f00533 add              x10, x0, x15        x10=1c0000f9 x15:1c0000f9
14073550ns          228339 1c0088ee 0017c70b p.lbu            x14, 1(x15!)        x14=00000000 x15=1c0000fa x15:1c0000f9  PA:1c0000f9
14073868ns          228355 1c0088f2 feb71ce3 bne              x14, x11, -8        x14:00000000 x11:00000064
14073928ns          228358 1c0088ea 00070763 beq              x14, x0, 14         x14:00000000
14073988ns          228361 1c0088f8 0015b593 sltiu            x11, x11, 1         x11=00000000 x11:00000064
14074008ns          228362 1c0088fc 40b005b3 sub              x11, x0, x11        x11=00000000 x11:00000000
14074028ns          228363 1c008900 00b57533 and              x10, x10, x11       x10=00000000 x10:1c0000f9 x11:00000000
14074047ns          228364 1c008902 00008067 jalr             x0, x1, 0            x1:1c008abc
14074087ns          228366 1c008abc 02050a63 beq              x10, x0, 52         x10:00000000
14074346ns          228379 1c008af0 02a00613 addi             x12, x0, 42         x12=0000002a
14074386ns          228381 1c008af4 2ac48663 beq              x9, x12, 684         x9:00000064 x12:0000002a
14074405ns          228382 1c008af8 fd048613 addi             x12, x9, -48        x12=00000034  x9:00000064
14074425ns          228383 1c008afc 00900593 addi             x11, x0, 9          x11=00000009
14074445ns          228384 1c008afe 00000913 addi             x18, x0, 0          x18=00000000
14074863ns          228405 1c008b00 28c5f063 bgeu             x11, x12, 640       x11:00000009 x12:00000034
14074903ns          228407 1c008b04 02e00693 addi             x13, x0, 46         x13=0000002e
14074923ns          228408 1c008b08 fff00a13 addi             x20, x0, -1         x20=ffffffff
14074942ns          228409 1c008b0a 2ed48363 beq              x9, x13, 742         x9:00000064 x13:0000002e
14075380ns          228431 1c008b0e 1c0007b7 lui              x15, 0x1c000000     x15=1c000000
14075400ns          228432 1c008b12 009005b3 add              x11, x0, x9         x11=00000064  x9:00000064
14075420ns          228433 1c008b14 0fc78513 addi             x10, x15, 252       x10=1c0000fc x15:1c000000
14075440ns          228434 1c008b18 dbfff0ef jal              x1, -578             x1=1c008b1a
14075499ns          228437 1c0088d6 00054783 lbu              x15, 0(x10)         x15=00000068 x10:1c0000fc  PA:1c0000fc
14075798ns          228452 1c0088da 0ff5f593 andi             x11, x11, 255       x11=00000064 x11:00000064
14075818ns          228453 1c0088de 00b78c63 beq              x15, x11, 24        x15:00000068 x11:00000064
14075838ns          228454 1c0088e2 00078b63 beq              x15, x0, 22         x15:00000068
14075857ns          228455 1c0088e4 00150793 addi             x15, x10, 1         x15=1c0000fd x10:1c0000fc
14075877ns          228456 1c0088e8 0040006f jal              x0, 4              
14075977ns          228461 1c0088ec 00f00533 add              x10, x0, x15        x10=1c0000fd x15:1c0000fd
14075997ns          228462 1c0088ee 0017c70b p.lbu            x14, 1(x15!)        x14=0000006c x15=1c0000fe x15:1c0000fd  PA:1c0000fd
14076315ns          228478 1c0088f2 feb71ce3 bne              x14, x11, -8        x14:0000006c x11:00000064
14076375ns          228481 1c0088ea 00070763 beq              x14, x0, 14         x14:0000006c
14076395ns          228482 1c0088ec 00f00533 add              x10, x0, x15        x10=1c0000fe x15:1c0000fe
14076414ns          228483 1c0088ee 0017c70b p.lbu            x14, 1(x15!)        x14=0000004c x15=1c0000ff x15:1c0000fe  PA:1c0000fe
14076733ns          228499 1c0088f2 feb71ce3 bne              x14, x11, -8        x14:0000004c x11:00000064
14076792ns          228502 1c0088ea 00070763 beq              x14, x0, 14         x14:0000004c
14076812ns          228503 1c0088ec 00f00533 add              x10, x0, x15        x10=1c0000ff x15:1c0000ff
14076832ns          228504 1c0088ee 0017c70b p.lbu            x14, 1(x15!)        x14=0000007a x15=1c000100 x15:1c0000ff  PA:1c0000ff
14077150ns          228520 1c0088f2 feb71ce3 bne              x14, x11, -8        x14:0000007a x11:00000064
14077210ns          228523 1c0088ea 00070763 beq              x14, x0, 14         x14:0000007a
14077230ns          228524 1c0088ec 00f00533 add              x10, x0, x15        x10=1c000100 x15:1c000100
14077250ns          228525 1c0088ee 0017c70b p.lbu            x14, 1(x15!)        x14=00000000 x15=1c000101 x15:1c000100  PA:1c000100
14077568ns          228541 1c0088f2 feb71ce3 bne              x14, x11, -8        x14:00000000 x11:00000064
14077628ns          228544 1c0088ea 00070763 beq              x14, x0, 14         x14:00000000
14077687ns          228547 1c0088f8 0015b593 sltiu            x11, x11, 1         x11=00000000 x11:00000064
14077707ns          228548 1c0088fc 40b005b3 sub              x11, x0, x11        x11=00000000 x11:00000000
14077727ns          228549 1c008900 00b57533 and              x10, x10, x11       x10=00000000 x10:1c000100 x11:00000000
14077747ns          228550 1c008902 00008067 jalr             x0, x1, 0            x1:1c008b1a
14077787ns          228552 1c008b1a 01300433 add              x8, x0, x19          x8=1c000027 x19:1c000027
14077807ns          228553 1c008b1c 00050563 beq              x10, x0, 10         x10:00000000
14078304ns          228578 1c008b26 06700693 addi             x13, x0, 103        x13=00000067
14078324ns          228579 1c008b2a 2896d963 bge              x13, x9, 658        x13:00000067  x9:00000064
14079259ns          228626 1c008dbc 06500693 addi             x13, x0, 101        x13=00000065
14079736ns          228650 1c008dc0 12d4d563 bge              x9, x13, 298         x9:00000064 x13:00000065
14079776ns          228652 1c008dc4 04700693 addi             x13, x0, 71         x13=00000047
14079796ns          228653 1c008dc8 dc96cbe3 blt              x13, x9, -554       x13:00000047  x9:00000064
14081228ns          228725 1c008b9e 06300693 addi             x13, x0, 99         x13=00000063
14081268ns          228727 1c008ba2 0ad488e3 beq              x9, x13, 2224        x9:00000064 x13:00000063
14081288ns          228728 1c008ba6 0096c9e3 blt              x13, x9, 2066       x13:00000063  x9:00000064
14082242ns          228776 1c0093b8 000c2583 lw               x11, 0(x24)         x11=00000001 x24:10001fac  PA:10001fac
14082282ns          228778 1c0093bc 004c0c13 addi             x24, x24, 4         x24=10001fb0 x24:10001fac
14082720ns          228800 1c0093be 3405cc63 blt              x11, x0, 856        x11:00000001
14082740ns          228801 1c0093c2 01412603 lw               x12, 20(x2)         x12=00000000  x2:10001e58  PA:10001e6c
14082760ns          228802 1c0093c4 00b006b3 add              x13, x0, x11        x13=00000001 x11:00000001
14082779ns          228803 1c0093c6 2e061863 bne              x12, x0, 752        x12:00000000
14082799ns          228804 1c0093ca 01812703 lw               x14, 24(x2)         x14=00000000  x2:10001e58  PA:10001e70
14082819ns          228805 1c0093cc 019007b3 add              x15, x0, x25        x15=10001e7c x25:10001e7c
14082839ns          228806 1c0093ce 00070763 beq              x14, x0, 14         x14:00000000
14083277ns          228828 1c0093dc 00f00733 add              x14, x0, x15        x14=10001e7c x15:10001e7c
14083297ns          228829 1c0093de 00a00513 addi             x10, x0, 10         x10=0000000a
14083734ns          228851 1c0093e0 02a6f633 remu             x12, x13, x10       x12=00000001 x13:00000001 x10:0000000a
14084371ns          228883 1c0093e4 02a6d6b3 divu             x13, x13, x10       x13=00000000 x13:00000001 x10:0000000a
14084987ns          228914 1c0093e8 03060613 addi             x12, x12, 48        x12=00000031 x12:00000001
14085007ns          228915 1c0093ec 00c700ab p.sb             x12, 1(x14!)        x14=10001e7d x12:00000031 x14:10001e7c  PA:10001e7c
14085027ns          228916 1c0093f0 fe0698e3 bne              x13, x0, -16        x13:00000000
14085047ns          228917 1c0093f2 40f706b3 sub              x13, x14, x15       x13=00000001 x14:10001e7d x15:10001e7c
14085067ns          228918 1c0093f6 0146dc63 bge              x13, x20, 24        x13:00000001 x20:ffffffff
14085564ns          228943 1c00940e 00e006b3 add              x13, x0, x14        x13=10001e7d x14:10001e7d
14086002ns          228965 1c009410 fe068fab p.sb             x0, -1(x13!)        x13=10001e7c x13:10001e7d  PA:10001e7d
14086042ns          228967 1c009414 00d7fc63 bgeu             x15, x13, 24        x15:10001e7c x13:10001e7c
14086539ns          228992 1c00942c 01412783 lw               x15, 20(x2)         x15=00000000  x2:10001e58  PA:10001e6c
14086559ns          228993 1c00942e 01812603 lw               x12, 24(x2)         x12=00000000  x2:10001e58  PA:10001e70
14086996ns          229015 1c009430 419704b3 sub              x9, x14, x25         x9=00000001 x14:10001e7d x25:10001e7c
14087036ns          229017 1c009434 00c7e7b3 or               x15, x15, x12       x15=00000000 x15:00000000 x12:00000000
14087056ns          229018 1c009436 00f12623 sw               x15, 12(x2)         x15:00000000  x2:10001e58  PA:10001e64
14087076ns          229019 1c009438 00079363 bne              x15, x0, 6          x15:00000000
14087096ns          229020 1c00943a 01f5d593 srli             x11, x11, 0x1f      x11=00000000 x11:00000001
14087116ns          229021 1c00943c 00b12623 sw               x11, 12(x2)         x11:00000000  x2:10001e58  PA:10001e64
14087513ns          229041 1c00943e e3fa28e3 p.beqimm         x20, -464           x20:ffffffff
14088448ns          229088 1c00926e 0c800793 addi             x15, x0, 200        x15=000000c8
14088488ns          229090 1c009272 9e97d0e3 bge              x15, x9, -1568      x15:000000c8  x9:00000001
14089005ns          229116 1c008c52 0f24d163 bge              x9, x18, 226         x9:00000001 x18:00000000
14089483ns          229140 1c008d34 d00482e3 beq              x9, x0, -764         x9:00000001
14089522ns          229142 1c008d38 01900933 add              x18, x0, x25        x18=10001e7c x25:10001e7c
14089542ns          229143 1c008d3a 419d8db3 sub              x27, x27, x25       x27=efffe18d x27:00000009 x25:10001e7c
14089562ns          229144 1c008d3e 00a0006f jal              x0, 10             
14090020ns          229167 1c008d48 0019450b p.lbu            x10, 1(x18!)        x10=00000031 x18=10001e7d x18:10001e7c  PA:10001e7c
14090040ns          229168 1c008d4c 01a005b3 add              x11, x0, x26        x11=00000002 x26:00000002
14090059ns          229169 1c008d4e 000b00e7 jalr             x1, x22, 0           x1=1c008d50 x22:1c008956
14090577ns          229195 1c008956 000026b7 lui              x13, 0x2000         x13=00002000
14090616ns          229197 1c008958 f14027f3 csrrs            x15, x0, 0xf14      x15=00000003
14090636ns          229198 1c00895c f8068693 addi             x13, x13, -128      x13=00001f80 x13:00002000
14090656ns          229199 1c008960 00379713 slli             x14, x15, 0x3       x14=00000018 x15:00000003
14090676ns          229200 1c008964 00279793 slli             x15, x15, 0x2       x15=0000000c x15:00000003
14090696ns          229201 1c008966 00d7f7b3 and              x15, x15, x13       x15=00000000 x15:0000000c x13:00001f80
14090716ns          229202 1c008968 ee873733 p.bclr           x14, x14, 23, 8     x14=00000018 x14:00000018
14090736ns          229203 1c00896c 1a10f6b7 lui              x13, 0x1a10f000     x13=1a10f000
14090776ns          229205 1c008970 0ff57513 andi             x10, x10, 255       x10=00000031 x10:00000031
14090815ns          229207 1c008974 00d70733 add              x14, x14, x13       x14=1a10f018 x14:00000018 x13:1a10f000
14090835ns          229208 1c008976 00a7e723 p.sw             x10, x0(x15)        x10:00000031 x15:00000000  PA:1a10f018
14091332ns          229233 1c00897a 00000513 addi             x10, x0, 0          x10=00000000
14091352ns          229234 1c00897c 00008067 jalr             x0, x1, 0            x1:1c008d50
14091392ns          229236 1c008d50 fff48493 addi             x9, x9, -1           x9=00000000  x9:00000001
14091412ns          229237 1c008d52 fff537e3 p.bneimm         x10, -18            x10:00000000
14091472ns          229240 1c008d40 012d8733 add              x14, x27, x18       x14=0000000a x27:efffe18d x18:10001e7d
14091492ns          229241 1c008d44 5a048b63 beq              x9, x0, 1462         x9:00000000
14091850ns          229259 1c0092fa 00e00db3 add              x27, x0, x14        x27=0000000a x14:0000000a
14091889ns          229261 1c0092fc f3cff06f jal              x0, -2244          
14092367ns          229285 1c008a38 00044503 lbu              x10, 0(x8)          x10=00000020  x8:1c000027  PA:1c000027
14092665ns          229300 1c008a3c 00140413 addi             x8, x8, 1            x8=1c000028  x8:1c000027
14092685ns          229301 1c008a3e 00050e63 beq              x10, x0, 28         x10:00000020
14092705ns          229302 1c008a40 02500793 addi             x15, x0, 37         x15=00000025
14092725ns          229303 1c008a44 04f50863 beq              x10, x15, 80        x10:00000020 x15:00000025
14092745ns          229304 1c008a48 01a005b3 add              x11, x0, x26        x11=00000002 x26:00000002
14092765ns          229305 1c008a4a 000b00e7 jalr             x1, x22, 0           x1=1c008a4c x22:1c008956
14092844ns          229309 1c008956 000026b7 lui              x13, 0x2000         x13=00002000
14092864ns          229310 1c008958 f14027f3 csrrs            x15, x0, 0xf14      x15=00000003
14092884ns          229311 1c00895c f8068693 addi             x13, x13, -128      x13=00001f80 x13:00002000
14092904ns          229312 1c008960 00379713 slli             x14, x15, 0x3       x14=00000018 x15:00000003
14092924ns          229313 1c008964 00279793 slli             x15, x15, 0x2       x15=0000000c x15:00000003
14092944ns          229314 1c008966 00d7f7b3 and              x15, x15, x13       x15=00000000 x15:0000000c x13:00001f80
14092964ns          229315 1c008968 ee873733 p.bclr           x14, x14, 23, 8     x14=00000018 x14:00000018
14092983ns          229316 1c00896c 1a10f6b7 lui              x13, 0x1a10f000     x13=1a10f000
14093003ns          229317 1c008970 0ff57513 andi             x10, x10, 255       x10=00000020 x10:00000020
14093023ns          229318 1c008974 00d70733 add              x14, x14, x13       x14=1a10f018 x14:00000018 x13:1a10f000
14093043ns          229319 1c008976 00a7e723 p.sw             x10, x0(x15)        x10:00000020 x15:00000000  PA:1a10f018
14093501ns          229342 1c00897a 00000513 addi             x10, x0, 0          x10=00000000
14093520ns          229343 1c00897c 00008067 jalr             x0, x1, 0            x1:1c008a4c
14093560ns          229345 1c008a4c 31f52563 p.beqimm         x10, 778            x10:00000000
14093580ns          229346 1c008a50 001d8d93 addi             x27, x27, 1         x27=0000000b x27:0000000a
14093600ns          229347 1c008a52 00044503 lbu              x10, 0(x8)          x10=0000006b  x8:1c000028  PA:1c000028
14093898ns          229362 1c008a56 00140413 addi             x8, x8, 1            x8=1c000029  x8:1c000028
14093918ns          229363 1c008a58 fe0514e3 bne              x10, x0, -24        x10:0000006b
14093978ns          229366 1c008a40 02500793 addi             x15, x0, 37         x15=00000025
14093998ns          229367 1c008a44 04f50863 beq              x10, x15, 80        x10:0000006b x15:00000025
14094018ns          229368 1c008a48 01a005b3 add              x11, x0, x26        x11=00000002 x26:00000002
14094038ns          229369 1c008a4a 000b00e7 jalr             x1, x22, 0           x1=1c008a4c x22:1c008956
14094077ns          229371 1c008956 000026b7 lui              x13, 0x2000         x13=00002000
14094097ns          229372 1c008958 f14027f3 csrrs            x15, x0, 0xf14      x15=00000003
14094117ns          229373 1c00895c f8068693 addi             x13, x13, -128      x13=00001f80 x13:00002000
14094137ns          229374 1c008960 00379713 slli             x14, x15, 0x3       x14=00000018 x15:00000003
14094157ns          229375 1c008964 00279793 slli             x15, x15, 0x2       x15=0000000c x15:00000003
14094177ns          229376 1c008966 00d7f7b3 and              x15, x15, x13       x15=00000000 x15:0000000c x13:00001f80
14094197ns          229377 1c008968 ee873733 p.bclr           x14, x14, 23, 8     x14=00000018 x14:00000018
14094217ns          229378 1c00896c 1a10f6b7 lui              x13, 0x1a10f000     x13=1a10f000
14094237ns          229379 1c008970 0ff57513 andi             x10, x10, 255       x10=0000006b x10:0000006b
14094256ns          229380 1c008974 00d70733 add              x14, x14, x13       x14=1a10f018 x14:00000018 x13:1a10f000
14094276ns          229381 1c008976 00a7e723 p.sw             x10, x0(x15)        x10:0000006b x15:00000000  PA:1a10f018
14094595ns          229397 1c00897a 00000513 addi             x10, x0, 0          x10=00000000
14094614ns          229398 1c00897c 00008067 jalr             x0, x1, 0            x1:1c008a4c
14094654ns          229400 1c008a4c 31f52563 p.beqimm         x10, 778            x10:00000000
14094674ns          229401 1c008a50 001d8d93 addi             x27, x27, 1         x27=0000000c x27:0000000b
14094694ns          229402 1c008a52 00044503 lbu              x10, 0(x8)          x10=00000065  x8:1c000029  PA:1c000029
14094992ns          229417 1c008a56 00140413 addi             x8, x8, 1            x8=1c00002a  x8:1c000029
14095012ns          229418 1c008a58 fe0514e3 bne              x10, x0, -24        x10:00000065
14095072ns          229421 1c008a40 02500793 addi             x15, x0, 37         x15=00000025
14095092ns          229422 1c008a44 04f50863 beq              x10, x15, 80        x10:00000065 x15:00000025
14095112ns          229423 1c008a48 01a005b3 add              x11, x0, x26        x11=00000002 x26:00000002
14095132ns          229424 1c008a4a 000b00e7 jalr             x1, x22, 0           x1=1c008a4c x22:1c008956
14095171ns          229426 1c008956 000026b7 lui              x13, 0x2000         x13=00002000
14095191ns          229427 1c008958 f14027f3 csrrs            x15, x0, 0xf14      x15=00000003
14095211ns          229428 1c00895c f8068693 addi             x13, x13, -128      x13=00001f80 x13:00002000
14095231ns          229429 1c008960 00379713 slli             x14, x15, 0x3       x14=00000018 x15:00000003
14095251ns          229430 1c008964 00279793 slli             x15, x15, 0x2       x15=0000000c x15:00000003
14095271ns          229431 1c008966 00d7f7b3 and              x15, x15, x13       x15=00000000 x15:0000000c x13:00001f80
14095291ns          229432 1c008968 ee873733 p.bclr           x14, x14, 23, 8     x14=00000018 x14:00000018
14095311ns          229433 1c00896c 1a10f6b7 lui              x13, 0x1a10f000     x13=1a10f000
14095331ns          229434 1c008970 0ff57513 andi             x10, x10, 255       x10=00000065 x10:00000065
14095350ns          229435 1c008974 00d70733 add              x14, x14, x13       x14=1a10f018 x14:00000018 x13:1a10f000
14095370ns          229436 1c008976 00a7e723 p.sw             x10, x0(x15)        x10:00000065 x15:00000000  PA:1a10f018
14095708ns          229453 1c00897a 00000513 addi             x10, x0, 0          x10=00000000
14095728ns          229454 1c00897c 00008067 jalr             x0, x1, 0            x1:1c008a4c
14095768ns          229456 1c008a4c 31f52563 p.beqimm         x10, 778            x10:00000000
14095788ns          229457 1c008a50 001d8d93 addi             x27, x27, 1         x27=0000000d x27:0000000c
14095808ns          229458 1c008a52 00044503 lbu              x10, 0(x8)          x10=00000072  x8:1c00002a  PA:1c00002a
14096106ns          229473 1c008a56 00140413 addi             x8, x8, 1            x8=1c00002b  x8:1c00002a
14096126ns          229474 1c008a58 fe0514e3 bne              x10, x0, -24        x10:00000072
14096186ns          229477 1c008a40 02500793 addi             x15, x0, 37         x15=00000025
14096206ns          229478 1c008a44 04f50863 beq              x10, x15, 80        x10:00000072 x15:00000025
14096226ns          229479 1c008a48 01a005b3 add              x11, x0, x26        x11=00000002 x26:00000002
14096245ns          229480 1c008a4a 000b00e7 jalr             x1, x22, 0           x1=1c008a4c x22:1c008956
14096285ns          229482 1c008956 000026b7 lui              x13, 0x2000         x13=00002000
14096305ns          229483 1c008958 f14027f3 csrrs            x15, x0, 0xf14      x15=00000003
14096325ns          229484 1c00895c f8068693 addi             x13, x13, -128      x13=00001f80 x13:00002000
14096345ns          229485 1c008960 00379713 slli             x14, x15, 0x3       x14=00000018 x15:00000003
14096365ns          229486 1c008964 00279793 slli             x15, x15, 0x2       x15=0000000c x15:00000003
14096385ns          229487 1c008966 00d7f7b3 and              x15, x15, x13       x15=00000000 x15:0000000c x13:00001f80
14096405ns          229488 1c008968 ee873733 p.bclr           x14, x14, 23, 8     x14=00000018 x14:00000018
14096425ns          229489 1c00896c 1a10f6b7 lui              x13, 0x1a10f000     x13=1a10f000
14096444ns          229490 1c008970 0ff57513 andi             x10, x10, 255       x10=00000072 x10:00000072
14096464ns          229491 1c008974 00d70733 add              x14, x14, x13       x14=1a10f018 x14:00000018 x13:1a10f000
14096484ns          229492 1c008976 00a7e723 p.sw             x10, x0(x15)        x10:00000072 x15:00000000  PA:1a10f018
14096802ns          229508 1c00897a 00000513 addi             x10, x0, 0          x10=00000000
14096822ns          229509 1c00897c 00008067 jalr             x0, x1, 0            x1:1c008a4c
14096862ns          229511 1c008a4c 31f52563 p.beqimm         x10, 778            x10:00000000
14096882ns          229512 1c008a50 001d8d93 addi             x27, x27, 1         x27=0000000e x27:0000000d
14096902ns          229513 1c008a52 00044503 lbu              x10, 0(x8)          x10=0000006e  x8:1c00002b  PA:1c00002b
14097200ns          229528 1c008a56 00140413 addi             x8, x8, 1            x8=1c00002c  x8:1c00002b
14097220ns          229529 1c008a58 fe0514e3 bne              x10, x0, -24        x10:0000006e
14097280ns          229532 1c008a40 02500793 addi             x15, x0, 37         x15=00000025
14097300ns          229533 1c008a44 04f50863 beq              x10, x15, 80        x10:0000006e x15:00000025
14097320ns          229534 1c008a48 01a005b3 add              x11, x0, x26        x11=00000002 x26:00000002
14097339ns          229535 1c008a4a 000b00e7 jalr             x1, x22, 0           x1=1c008a4c x22:1c008956
14097379ns          229537 1c008956 000026b7 lui              x13, 0x2000         x13=00002000
14097399ns          229538 1c008958 f14027f3 csrrs            x15, x0, 0xf14      x15=00000003
14097419ns          229539 1c00895c f8068693 addi             x13, x13, -128      x13=00001f80 x13:00002000
14097439ns          229540 1c008960 00379713 slli             x14, x15, 0x3       x14=00000018 x15:00000003
14097459ns          229541 1c008964 00279793 slli             x15, x15, 0x2       x15=0000000c x15:00000003
14097479ns          229542 1c008966 00d7f7b3 and              x15, x15, x13       x15=00000000 x15:0000000c x13:00001f80
14097499ns          229543 1c008968 ee873733 p.bclr           x14, x14, 23, 8     x14=00000018 x14:00000018
14097518ns          229544 1c00896c 1a10f6b7 lui              x13, 0x1a10f000     x13=1a10f000
14097538ns          229545 1c008970 0ff57513 andi             x10, x10, 255       x10=0000006e x10:0000006e
14097558ns          229546 1c008974 00d70733 add              x14, x14, x13       x14=1a10f018 x14:00000018 x13:1a10f000
14097578ns          229547 1c008976 00a7e723 p.sw             x10, x0(x15)        x10:0000006e x15:00000000  PA:1a10f018
14097896ns          229563 1c00897a 00000513 addi             x10, x0, 0          x10=00000000
14097916ns          229564 1c00897c 00008067 jalr             x0, x1, 0            x1:1c008a4c
14097956ns          229566 1c008a4c 31f52563 p.beqimm         x10, 778            x10:00000000
14097976ns          229567 1c008a50 001d8d93 addi             x27, x27, 1         x27=0000000f x27:0000000e
14097996ns          229568 1c008a52 00044503 lbu              x10, 0(x8)          x10=00000065  x8:1c00002c  PA:1c00002c
14098314ns          229584 1c008a56 00140413 addi             x8, x8, 1            x8=1c00002d  x8:1c00002c
14098334ns          229585 1c008a58 fe0514e3 bne              x10, x0, -24        x10:00000065
14098394ns          229588 1c008a40 02500793 addi             x15, x0, 37         x15=00000025
14098414ns          229589 1c008a44 04f50863 beq              x10, x15, 80        x10:00000065 x15:00000025
14098433ns          229590 1c008a48 01a005b3 add              x11, x0, x26        x11=00000002 x26:00000002
14098453ns          229591 1c008a4a 000b00e7 jalr             x1, x22, 0           x1=1c008a4c x22:1c008956
14098493ns          229593 1c008956 000026b7 lui              x13, 0x2000         x13=00002000
14098513ns          229594 1c008958 f14027f3 csrrs            x15, x0, 0xf14      x15=00000003
14098533ns          229595 1c00895c f8068693 addi             x13, x13, -128      x13=00001f80 x13:00002000
14098553ns          229596 1c008960 00379713 slli             x14, x15, 0x3       x14=00000018 x15:00000003
14098573ns          229597 1c008964 00279793 slli             x15, x15, 0x2       x15=0000000c x15:00000003
14098593ns          229598 1c008966 00d7f7b3 and              x15, x15, x13       x15=00000000 x15:0000000c x13:00001f80
14098612ns          229599 1c008968 ee873733 p.bclr           x14, x14, 23, 8     x14=00000018 x14:00000018
14098632ns          229600 1c00896c 1a10f6b7 lui              x13, 0x1a10f000     x13=1a10f000
14098652ns          229601 1c008970 0ff57513 andi             x10, x10, 255       x10=00000065 x10:00000065
14098672ns          229602 1c008974 00d70733 add              x14, x14, x13       x14=1a10f018 x14:00000018 x13:1a10f000
14098692ns          229603 1c008976 00a7e723 p.sw             x10, x0(x15)        x10:00000065 x15:00000000  PA:1a10f018
14099010ns          229619 1c00897a 00000513 addi             x10, x0, 0          x10=00000000
14099030ns          229620 1c00897c 00008067 jalr             x0, x1, 0            x1:1c008a4c
14099070ns          229622 1c008a4c 31f52563 p.beqimm         x10, 778            x10:00000000
14099090ns          229623 1c008a50 001d8d93 addi             x27, x27, 1         x27=00000010 x27:0000000f
14099110ns          229624 1c008a52 00044503 lbu              x10, 0(x8)          x10=0000006c  x8:1c00002d  PA:1c00002d
14099408ns          229639 1c008a56 00140413 addi             x8, x8, 1            x8=1c00002e  x8:1c00002d
14099428ns          229640 1c008a58 fe0514e3 bne              x10, x0, -24        x10:0000006c
14099488ns          229643 1c008a40 02500793 addi             x15, x0, 37         x15=00000025
14099508ns          229644 1c008a44 04f50863 beq              x10, x15, 80        x10:0000006c x15:00000025
14099527ns          229645 1c008a48 01a005b3 add              x11, x0, x26        x11=00000002 x26:00000002
14099547ns          229646 1c008a4a 000b00e7 jalr             x1, x22, 0           x1=1c008a4c x22:1c008956
14099587ns          229648 1c008956 000026b7 lui              x13, 0x2000         x13=00002000
14099607ns          229649 1c008958 f14027f3 csrrs            x15, x0, 0xf14      x15=00000003
14099627ns          229650 1c00895c f8068693 addi             x13, x13, -128      x13=00001f80 x13:00002000
14099647ns          229651 1c008960 00379713 slli             x14, x15, 0x3       x14=00000018 x15:00000003
14099667ns          229652 1c008964 00279793 slli             x15, x15, 0x2       x15=0000000c x15:00000003
14099687ns          229653 1c008966 00d7f7b3 and              x15, x15, x13       x15=00000000 x15:0000000c x13:00001f80
14099706ns          229654 1c008968 ee873733 p.bclr           x14, x14, 23, 8     x14=00000018 x14:00000018
14099726ns          229655 1c00896c 1a10f6b7 lui              x13, 0x1a10f000     x13=1a10f000
14099746ns          229656 1c008970 0ff57513 andi             x10, x10, 255       x10=0000006c x10:0000006c
14099766ns          229657 1c008974 00d70733 add              x14, x14, x13       x14=1a10f018 x14:00000018 x13:1a10f000
14099786ns          229658 1c008976 00a7e723 p.sw             x10, x0(x15)        x10:0000006c x15:00000000  PA:1a10f018
14100104ns          229674 1c00897a 00000513 addi             x10, x0, 0          x10=00000000
14100124ns          229675 1c00897c 00008067 jalr             x0, x1, 0            x1:1c008a4c
14100164ns          229677 1c008a4c 31f52563 p.beqimm         x10, 778            x10:00000000
14100184ns          229678 1c008a50 001d8d93 addi             x27, x27, 1         x27=00000011 x27:00000010
14100204ns          229679 1c008a52 00044503 lbu              x10, 0(x8)          x10=00000020  x8:1c00002e  PA:1c00002e
14100502ns          229694 1c008a56 00140413 addi             x8, x8, 1            x8=1c00002f  x8:1c00002e
14100522ns          229695 1c008a58 fe0514e3 bne              x10, x0, -24        x10:00000020
14100582ns          229698 1c008a40 02500793 addi             x15, x0, 37         x15=00000025
14100602ns          229699 1c008a44 04f50863 beq              x10, x15, 80        x10:00000020 x15:00000025
14100621ns          229700 1c008a48 01a005b3 add              x11, x0, x26        x11=00000002 x26:00000002
14100641ns          229701 1c008a4a 000b00e7 jalr             x1, x22, 0           x1=1c008a4c x22:1c008956
14100681ns          229703 1c008956 000026b7 lui              x13, 0x2000         x13=00002000
14100701ns          229704 1c008958 f14027f3 csrrs            x15, x0, 0xf14      x15=00000003
14100721ns          229705 1c00895c f8068693 addi             x13, x13, -128      x13=00001f80 x13:00002000
14100741ns          229706 1c008960 00379713 slli             x14, x15, 0x3       x14=00000018 x15:00000003
14100761ns          229707 1c008964 00279793 slli             x15, x15, 0x2       x15=0000000c x15:00000003
14100781ns          229708 1c008966 00d7f7b3 and              x15, x15, x13       x15=00000000 x15:0000000c x13:00001f80
14100800ns          229709 1c008968 ee873733 p.bclr           x14, x14, 23, 8     x14=00000018 x14:00000018
14100820ns          229710 1c00896c 1a10f6b7 lui              x13, 0x1a10f000     x13=1a10f000
14100840ns          229711 1c008970 0ff57513 andi             x10, x10, 255       x10=00000020 x10:00000020
14100860ns          229712 1c008974 00d70733 add              x14, x14, x13       x14=1a10f018 x14:00000018 x13:1a10f000
14100880ns          229713 1c008976 00a7e723 p.sw             x10, x0(x15)        x10:00000020 x15:00000000  PA:1a10f018
14101238ns          229731 1c00897a 00000513 addi             x10, x0, 0          x10=00000000
14101258ns          229732 1c00897c 00008067 jalr             x0, x1, 0            x1:1c008a4c
14101298ns          229734 1c008a4c 31f52563 p.beqimm         x10, 778            x10:00000000
14101318ns          229735 1c008a50 001d8d93 addi             x27, x27, 1         x27=00000012 x27:00000011
14101338ns          229736 1c008a52 00044503 lbu              x10, 0(x8)          x10=00000069  x8:1c00002f  PA:1c00002f
14101636ns          229751 1c008a56 00140413 addi             x8, x8, 1            x8=1c000030  x8:1c00002f
14101656ns          229752 1c008a58 fe0514e3 bne              x10, x0, -24        x10:00000069
14101715ns          229755 1c008a40 02500793 addi             x15, x0, 37         x15=00000025
14101735ns          229756 1c008a44 04f50863 beq              x10, x15, 80        x10:00000069 x15:00000025
14101755ns          229757 1c008a48 01a005b3 add              x11, x0, x26        x11=00000002 x26:00000002
14101775ns          229758 1c008a4a 000b00e7 jalr             x1, x22, 0           x1=1c008a4c x22:1c008956
14101815ns          229760 1c008956 000026b7 lui              x13, 0x2000         x13=00002000
14101835ns          229761 1c008958 f14027f3 csrrs            x15, x0, 0xf14      x15=00000003
14101855ns          229762 1c00895c f8068693 addi             x13, x13, -128      x13=00001f80 x13:00002000
14101875ns          229763 1c008960 00379713 slli             x14, x15, 0x3       x14=00000018 x15:00000003
14101894ns          229764 1c008964 00279793 slli             x15, x15, 0x2       x15=0000000c x15:00000003
14101914ns          229765 1c008966 00d7f7b3 and              x15, x15, x13       x15=00000000 x15:0000000c x13:00001f80
14101934ns          229766 1c008968 ee873733 p.bclr           x14, x14, 23, 8     x14=00000018 x14:00000018
14101954ns          229767 1c00896c 1a10f6b7 lui              x13, 0x1a10f000     x13=1a10f000
14101974ns          229768 1c008970 0ff57513 andi             x10, x10, 255       x10=00000069 x10:00000069
14101994ns          229769 1c008974 00d70733 add              x14, x14, x13       x14=1a10f018 x14:00000018 x13:1a10f000
14102014ns          229770 1c008976 00a7e723 p.sw             x10, x0(x15)        x10:00000069 x15:00000000  PA:1a10f018
14102352ns          229787 1c00897a 00000513 addi             x10, x0, 0          x10=00000000
14102372ns          229788 1c00897c 00008067 jalr             x0, x1, 0            x1:1c008a4c
14102412ns          229790 1c008a4c 31f52563 p.beqimm         x10, 778            x10:00000000
14102432ns          229791 1c008a50 001d8d93 addi             x27, x27, 1         x27=00000013 x27:00000012
14102451ns          229792 1c008a52 00044503 lbu              x10, 0(x8)          x10=00000074  x8:1c000030  PA:1c000030
14102750ns          229807 1c008a56 00140413 addi             x8, x8, 1            x8=1c000031  x8:1c000030
14102770ns          229808 1c008a58 fe0514e3 bne              x10, x0, -24        x10:00000074
14102829ns          229811 1c008a40 02500793 addi             x15, x0, 37         x15=00000025
14102849ns          229812 1c008a44 04f50863 beq              x10, x15, 80        x10:00000074 x15:00000025
14102869ns          229813 1c008a48 01a005b3 add              x11, x0, x26        x11=00000002 x26:00000002
14102889ns          229814 1c008a4a 000b00e7 jalr             x1, x22, 0           x1=1c008a4c x22:1c008956
14102929ns          229816 1c008956 000026b7 lui              x13, 0x2000         x13=00002000
14102949ns          229817 1c008958 f14027f3 csrrs            x15, x0, 0xf14      x15=00000003
14102969ns          229818 1c00895c f8068693 addi             x13, x13, -128      x13=00001f80 x13:00002000
14102988ns          229819 1c008960 00379713 slli             x14, x15, 0x3       x14=00000018 x15:00000003
14103008ns          229820 1c008964 00279793 slli             x15, x15, 0x2       x15=0000000c x15:00000003
14103028ns          229821 1c008966 00d7f7b3 and              x15, x15, x13       x15=00000000 x15:0000000c x13:00001f80
14103048ns          229822 1c008968 ee873733 p.bclr           x14, x14, 23, 8     x14=00000018 x14:00000018
14103068ns          229823 1c00896c 1a10f6b7 lui              x13, 0x1a10f000     x13=1a10f000
14103088ns          229824 1c008970 0ff57513 andi             x10, x10, 255       x10=00000074 x10:00000074
14103108ns          229825 1c008974 00d70733 add              x14, x14, x13       x14=1a10f018 x14:00000018 x13:1a10f000
14103128ns          229826 1c008976 00a7e723 p.sw             x10, x0(x15)        x10:00000074 x15:00000000  PA:1a10f018
14103446ns          229842 1c00897a 00000513 addi             x10, x0, 0          x10=00000000
14103466ns          229843 1c00897c 00008067 jalr             x0, x1, 0            x1:1c008a4c
14103506ns          229845 1c008a4c 31f52563 p.beqimm         x10, 778            x10:00000000
14103526ns          229846 1c008a50 001d8d93 addi             x27, x27, 1         x27=00000014 x27:00000013
14103545ns          229847 1c008a52 00044503 lbu              x10, 0(x8)          x10=00000065  x8:1c000031  PA:1c000031
14103844ns          229862 1c008a56 00140413 addi             x8, x8, 1            x8=1c000032  x8:1c000031
14103864ns          229863 1c008a58 fe0514e3 bne              x10, x0, -24        x10:00000065
14103923ns          229866 1c008a40 02500793 addi             x15, x0, 37         x15=00000025
14103943ns          229867 1c008a44 04f50863 beq              x10, x15, 80        x10:00000065 x15:00000025
14103963ns          229868 1c008a48 01a005b3 add              x11, x0, x26        x11=00000002 x26:00000002
14103983ns          229869 1c008a4a 000b00e7 jalr             x1, x22, 0           x1=1c008a4c x22:1c008956
14104023ns          229871 1c008956 000026b7 lui              x13, 0x2000         x13=00002000
14104043ns          229872 1c008958 f14027f3 csrrs            x15, x0, 0xf14      x15=00000003
14104063ns          229873 1c00895c f8068693 addi             x13, x13, -128      x13=00001f80 x13:00002000
14104082ns          229874 1c008960 00379713 slli             x14, x15, 0x3       x14=00000018 x15:00000003
14104102ns          229875 1c008964 00279793 slli             x15, x15, 0x2       x15=0000000c x15:00000003
14104122ns          229876 1c008966 00d7f7b3 and              x15, x15, x13       x15=00000000 x15:0000000c x13:00001f80
14104142ns          229877 1c008968 ee873733 p.bclr           x14, x14, 23, 8     x14=00000018 x14:00000018
14104162ns          229878 1c00896c 1a10f6b7 lui              x13, 0x1a10f000     x13=1a10f000
14104182ns          229879 1c008970 0ff57513 andi             x10, x10, 255       x10=00000065 x10:00000065
14104202ns          229880 1c008974 00d70733 add              x14, x14, x13       x14=1a10f018 x14:00000018 x13:1a10f000
14104222ns          229881 1c008976 00a7e723 p.sw             x10, x0(x15)        x10:00000065 x15:00000000  PA:1a10f018
14104540ns          229897 1c00897a 00000513 addi             x10, x0, 0          x10=00000000
14104560ns          229898 1c00897c 00008067 jalr             x0, x1, 0            x1:1c008a4c
14104600ns          229900 1c008a4c 31f52563 p.beqimm         x10, 778            x10:00000000
14104619ns          229901 1c008a50 001d8d93 addi             x27, x27, 1         x27=00000015 x27:00000014
14104639ns          229902 1c008a52 00044503 lbu              x10, 0(x8)          x10=00000072  x8:1c000032  PA:1c000032
14104958ns          229918 1c008a56 00140413 addi             x8, x8, 1            x8=1c000033  x8:1c000032
14104978ns          229919 1c008a58 fe0514e3 bne              x10, x0, -24        x10:00000072
14105037ns          229922 1c008a40 02500793 addi             x15, x0, 37         x15=00000025
14105057ns          229923 1c008a44 04f50863 beq              x10, x15, 80        x10:00000072 x15:00000025
14105077ns          229924 1c008a48 01a005b3 add              x11, x0, x26        x11=00000002 x26:00000002
14105097ns          229925 1c008a4a 000b00e7 jalr             x1, x22, 0           x1=1c008a4c x22:1c008956
14105137ns          229927 1c008956 000026b7 lui              x13, 0x2000         x13=00002000
14105157ns          229928 1c008958 f14027f3 csrrs            x15, x0, 0xf14      x15=00000003
14105176ns          229929 1c00895c f8068693 addi             x13, x13, -128      x13=00001f80 x13:00002000
14105196ns          229930 1c008960 00379713 slli             x14, x15, 0x3       x14=00000018 x15:00000003
14105216ns          229931 1c008964 00279793 slli             x15, x15, 0x2       x15=0000000c x15:00000003
14105236ns          229932 1c008966 00d7f7b3 and              x15, x15, x13       x15=00000000 x15:0000000c x13:00001f80
14105256ns          229933 1c008968 ee873733 p.bclr           x14, x14, 23, 8     x14=00000018 x14:00000018
14105276ns          229934 1c00896c 1a10f6b7 lui              x13, 0x1a10f000     x13=1a10f000
14105296ns          229935 1c008970 0ff57513 andi             x10, x10, 255       x10=00000072 x10:00000072
14105316ns          229936 1c008974 00d70733 add              x14, x14, x13       x14=1a10f018 x14:00000018 x13:1a10f000
14105336ns          229937 1c008976 00a7e723 p.sw             x10, x0(x15)        x10:00000072 x15:00000000  PA:1a10f018
14105654ns          229953 1c00897a 00000513 addi             x10, x0, 0          x10=00000000
14105674ns          229954 1c00897c 00008067 jalr             x0, x1, 0            x1:1c008a4c
14105713ns          229956 1c008a4c 31f52563 p.beqimm         x10, 778            x10:00000000
14105733ns          229957 1c008a50 001d8d93 addi             x27, x27, 1         x27=00000016 x27:00000015
14105753ns          229958 1c008a52 00044503 lbu              x10, 0(x8)          x10=00000061  x8:1c000033  PA:1c000033
14106052ns          229973 1c008a56 00140413 addi             x8, x8, 1            x8=1c000034  x8:1c000033
14106072ns          229974 1c008a58 fe0514e3 bne              x10, x0, -24        x10:00000061
14106131ns          229977 1c008a40 02500793 addi             x15, x0, 37         x15=00000025
14106151ns          229978 1c008a44 04f50863 beq              x10, x15, 80        x10:00000061 x15:00000025
14106171ns          229979 1c008a48 01a005b3 add              x11, x0, x26        x11=00000002 x26:00000002
14106191ns          229980 1c008a4a 000b00e7 jalr             x1, x22, 0           x1=1c008a4c x22:1c008956
14106231ns          229982 1c008956 000026b7 lui              x13, 0x2000         x13=00002000
14106251ns          229983 1c008958 f14027f3 csrrs            x15, x0, 0xf14      x15=00000003
14106270ns          229984 1c00895c f8068693 addi             x13, x13, -128      x13=00001f80 x13:00002000
14106290ns          229985 1c008960 00379713 slli             x14, x15, 0x3       x14=00000018 x15:00000003
14106310ns          229986 1c008964 00279793 slli             x15, x15, 0x2       x15=0000000c x15:00000003
14106330ns          229987 1c008966 00d7f7b3 and              x15, x15, x13       x15=00000000 x15:0000000c x13:00001f80
14106350ns          229988 1c008968 ee873733 p.bclr           x14, x14, 23, 8     x14=00000018 x14:00000018
14106370ns          229989 1c00896c 1a10f6b7 lui              x13, 0x1a10f000     x13=1a10f000
14106390ns          229990 1c008970 0ff57513 andi             x10, x10, 255       x10=00000061 x10:00000061
14106410ns          229991 1c008974 00d70733 add              x14, x14, x13       x14=1a10f018 x14:00000018 x13:1a10f000
14106430ns          229992 1c008976 00a7e723 p.sw             x10, x0(x15)        x10:00000061 x15:00000000  PA:1a10f018
14106748ns          230008 1c00897a 00000513 addi             x10, x0, 0          x10=00000000
14106768ns          230009 1c00897c 00008067 jalr             x0, x1, 0            x1:1c008a4c
14106807ns          230011 1c008a4c 31f52563 p.beqimm         x10, 778            x10:00000000
14106827ns          230012 1c008a50 001d8d93 addi             x27, x27, 1         x27=00000017 x27:00000016
14106847ns          230013 1c008a52 00044503 lbu              x10, 0(x8)          x10=00000074  x8:1c000034  PA:1c000034
14107146ns          230028 1c008a56 00140413 addi             x8, x8, 1            x8=1c000035  x8:1c000034
14107166ns          230029 1c008a58 fe0514e3 bne              x10, x0, -24        x10:00000074
14107225ns          230032 1c008a40 02500793 addi             x15, x0, 37         x15=00000025
14107245ns          230033 1c008a44 04f50863 beq              x10, x15, 80        x10:00000074 x15:00000025
14107265ns          230034 1c008a48 01a005b3 add              x11, x0, x26        x11=00000002 x26:00000002
14107285ns          230035 1c008a4a 000b00e7 jalr             x1, x22, 0           x1=1c008a4c x22:1c008956
14107325ns          230037 1c008956 000026b7 lui              x13, 0x2000         x13=00002000
14107345ns          230038 1c008958 f14027f3 csrrs            x15, x0, 0xf14      x15=00000003
14107364ns          230039 1c00895c f8068693 addi             x13, x13, -128      x13=00001f80 x13:00002000
14107384ns          230040 1c008960 00379713 slli             x14, x15, 0x3       x14=00000018 x15:00000003
14107404ns          230041 1c008964 00279793 slli             x15, x15, 0x2       x15=0000000c x15:00000003
14107424ns          230042 1c008966 00d7f7b3 and              x15, x15, x13       x15=00000000 x15:0000000c x13:00001f80
14107444ns          230043 1c008968 ee873733 p.bclr           x14, x14, 23, 8     x14=00000018 x14:00000018
14107464ns          230044 1c00896c 1a10f6b7 lui              x13, 0x1a10f000     x13=1a10f000
14107484ns          230045 1c008970 0ff57513 andi             x10, x10, 255       x10=00000074 x10:00000074
14107504ns          230046 1c008974 00d70733 add              x14, x14, x13       x14=1a10f018 x14:00000018 x13:1a10f000
14107524ns          230047 1c008976 00a7e723 p.sw             x10, x0(x15)        x10:00000074 x15:00000000  PA:1a10f018
14107842ns          230063 1c00897a 00000513 addi             x10, x0, 0          x10=00000000
14107862ns          230064 1c00897c 00008067 jalr             x0, x1, 0            x1:1c008a4c
14107901ns          230066 1c008a4c 31f52563 p.beqimm         x10, 778            x10:00000000
14107921ns          230067 1c008a50 001d8d93 addi             x27, x27, 1         x27=00000018 x27:00000017
14107941ns          230068 1c008a52 00044503 lbu              x10, 0(x8)          x10=00000069  x8:1c000035  PA:1c000035
14108240ns          230083 1c008a56 00140413 addi             x8, x8, 1            x8=1c000036  x8:1c000035
14108260ns          230084 1c008a58 fe0514e3 bne              x10, x0, -24        x10:00000069
14108319ns          230087 1c008a40 02500793 addi             x15, x0, 37         x15=00000025
14108339ns          230088 1c008a44 04f50863 beq              x10, x15, 80        x10:00000069 x15:00000025
14108359ns          230089 1c008a48 01a005b3 add              x11, x0, x26        x11=00000002 x26:00000002
14108379ns          230090 1c008a4a 000b00e7 jalr             x1, x22, 0           x1=1c008a4c x22:1c008956
14108419ns          230092 1c008956 000026b7 lui              x13, 0x2000         x13=00002000
14108439ns          230093 1c008958 f14027f3 csrrs            x15, x0, 0xf14      x15=00000003
14108458ns          230094 1c00895c f8068693 addi             x13, x13, -128      x13=00001f80 x13:00002000
14108478ns          230095 1c008960 00379713 slli             x14, x15, 0x3       x14=00000018 x15:00000003
14108498ns          230096 1c008964 00279793 slli             x15, x15, 0x2       x15=0000000c x15:00000003
14108518ns          230097 1c008966 00d7f7b3 and              x15, x15, x13       x15=00000000 x15:0000000c x13:00001f80
14108538ns          230098 1c008968 ee873733 p.bclr           x14, x14, 23, 8     x14=00000018 x14:00000018
14108558ns          230099 1c00896c 1a10f6b7 lui              x13, 0x1a10f000     x13=1a10f000
14108578ns          230100 1c008970 0ff57513 andi             x10, x10, 255       x10=00000069 x10:00000069
14108598ns          230101 1c008974 00d70733 add              x14, x14, x13       x14=1a10f018 x14:00000018 x13:1a10f000
14108618ns          230102 1c008976 00a7e723 p.sw             x10, x0(x15)        x10:00000069 x15:00000000  PA:1a10f018
14108956ns          230119 1c00897a 00000513 addi             x10, x0, 0          x10=00000000
14108976ns          230120 1c00897c 00008067 jalr             x0, x1, 0            x1:1c008a4c
14109015ns          230122 1c008a4c 31f52563 p.beqimm         x10, 778            x10:00000000
14109035ns          230123 1c008a50 001d8d93 addi             x27, x27, 1         x27=00000019 x27:00000018
14109055ns          230124 1c008a52 00044503 lbu              x10, 0(x8)          x10=0000006f  x8:1c000036  PA:1c000036
14109353ns          230139 1c008a56 00140413 addi             x8, x8, 1            x8=1c000037  x8:1c000036
14109373ns          230140 1c008a58 fe0514e3 bne              x10, x0, -24        x10:0000006f
14109433ns          230143 1c008a40 02500793 addi             x15, x0, 37         x15=00000025
14109453ns          230144 1c008a44 04f50863 beq              x10, x15, 80        x10:0000006f x15:00000025
14109473ns          230145 1c008a48 01a005b3 add              x11, x0, x26        x11=00000002 x26:00000002
14109493ns          230146 1c008a4a 000b00e7 jalr             x1, x22, 0           x1=1c008a4c x22:1c008956
14109533ns          230148 1c008956 000026b7 lui              x13, 0x2000         x13=00002000
14109552ns          230149 1c008958 f14027f3 csrrs            x15, x0, 0xf14      x15=00000003
14109572ns          230150 1c00895c f8068693 addi             x13, x13, -128      x13=00001f80 x13:00002000
14109592ns          230151 1c008960 00379713 slli             x14, x15, 0x3       x14=00000018 x15:00000003
14109612ns          230152 1c008964 00279793 slli             x15, x15, 0x2       x15=0000000c x15:00000003
14109632ns          230153 1c008966 00d7f7b3 and              x15, x15, x13       x15=00000000 x15:0000000c x13:00001f80
14109652ns          230154 1c008968 ee873733 p.bclr           x14, x14, 23, 8     x14=00000018 x14:00000018
14109672ns          230155 1c00896c 1a10f6b7 lui              x13, 0x1a10f000     x13=1a10f000
14109692ns          230156 1c008970 0ff57513 andi             x10, x10, 255       x10=0000006f x10:0000006f
14109712ns          230157 1c008974 00d70733 add              x14, x14, x13       x14=1a10f018 x14:00000018 x13:1a10f000
14109731ns          230158 1c008976 00a7e723 p.sw             x10, x0(x15)        x10:0000006f x15:00000000  PA:1a10f018
14110050ns          230174 1c00897a 00000513 addi             x10, x0, 0          x10=00000000
14110070ns          230175 1c00897c 00008067 jalr             x0, x1, 0            x1:1c008a4c
14110109ns          230177 1c008a4c 31f52563 p.beqimm         x10, 778            x10:00000000
14110129ns          230178 1c008a50 001d8d93 addi             x27, x27, 1         x27=0000001a x27:00000019
14110149ns          230179 1c008a52 00044503 lbu              x10, 0(x8)          x10=0000006e  x8:1c000037  PA:1c000037
14110447ns          230194 1c008a56 00140413 addi             x8, x8, 1            x8=1c000038  x8:1c000037
14110467ns          230195 1c008a58 fe0514e3 bne              x10, x0, -24        x10:0000006e
14110527ns          230198 1c008a40 02500793 addi             x15, x0, 37         x15=00000025
14110547ns          230199 1c008a44 04f50863 beq              x10, x15, 80        x10:0000006e x15:00000025
14110567ns          230200 1c008a48 01a005b3 add              x11, x0, x26        x11=00000002 x26:00000002
14110587ns          230201 1c008a4a 000b00e7 jalr             x1, x22, 0           x1=1c008a4c x22:1c008956
14110627ns          230203 1c008956 000026b7 lui              x13, 0x2000         x13=00002000
14110646ns          230204 1c008958 f14027f3 csrrs            x15, x0, 0xf14      x15=00000003
14110666ns          230205 1c00895c f8068693 addi             x13, x13, -128      x13=00001f80 x13:00002000
14110686ns          230206 1c008960 00379713 slli             x14, x15, 0x3       x14=00000018 x15:00000003
14110706ns          230207 1c008964 00279793 slli             x15, x15, 0x2       x15=0000000c x15:00000003
14110726ns          230208 1c008966 00d7f7b3 and              x15, x15, x13       x15=00000000 x15:0000000c x13:00001f80
14110746ns          230209 1c008968 ee873733 p.bclr           x14, x14, 23, 8     x14=00000018 x14:00000018
14110766ns          230210 1c00896c 1a10f6b7 lui              x13, 0x1a10f000     x13=1a10f000
14110786ns          230211 1c008970 0ff57513 andi             x10, x10, 255       x10=0000006e x10:0000006e
14110806ns          230212 1c008974 00d70733 add              x14, x14, x13       x14=1a10f018 x14:00000018 x13:1a10f000
14110825ns          230213 1c008976 00a7e723 p.sw             x10, x0(x15)        x10:0000006e x15:00000000  PA:1a10f018
14111144ns          230229 1c00897a 00000513 addi             x10, x0, 0          x10=00000000
14111164ns          230230 1c00897c 00008067 jalr             x0, x1, 0            x1:1c008a4c
14111203ns          230232 1c008a4c 31f52563 p.beqimm         x10, 778            x10:00000000
14111223ns          230233 1c008a50 001d8d93 addi             x27, x27, 1         x27=0000001b x27:0000001a
14111243ns          230234 1c008a52 00044503 lbu              x10, 0(x8)          x10=00000073  x8:1c000038  PA:1c000038
14111561ns          230250 1c008a56 00140413 addi             x8, x8, 1            x8=1c000039  x8:1c000038
14111581ns          230251 1c008a58 fe0514e3 bne              x10, x0, -24        x10:00000073
14111641ns          230254 1c008a40 02500793 addi             x15, x0, 37         x15=00000025
14111661ns          230255 1c008a44 04f50863 beq              x10, x15, 80        x10:00000073 x15:00000025
14111681ns          230256 1c008a48 01a005b3 add              x11, x0, x26        x11=00000002 x26:00000002
14111701ns          230257 1c008a4a 000b00e7 jalr             x1, x22, 0           x1=1c008a4c x22:1c008956
14111740ns          230259 1c008956 000026b7 lui              x13, 0x2000         x13=00002000
14111760ns          230260 1c008958 f14027f3 csrrs            x15, x0, 0xf14      x15=00000003
14111780ns          230261 1c00895c f8068693 addi             x13, x13, -128      x13=00001f80 x13:00002000
14111800ns          230262 1c008960 00379713 slli             x14, x15, 0x3       x14=00000018 x15:00000003
14111820ns          230263 1c008964 00279793 slli             x15, x15, 0x2       x15=0000000c x15:00000003
14111840ns          230264 1c008966 00d7f7b3 and              x15, x15, x13       x15=00000000 x15:0000000c x13:00001f80
14111860ns          230265 1c008968 ee873733 p.bclr           x14, x14, 23, 8     x14=00000018 x14:00000018
14111880ns          230266 1c00896c 1a10f6b7 lui              x13, 0x1a10f000     x13=1a10f000
14111900ns          230267 1c008970 0ff57513 andi             x10, x10, 255       x10=00000073 x10:00000073
14111919ns          230268 1c008974 00d70733 add              x14, x14, x13       x14=1a10f018 x14:00000018 x13:1a10f000
14111939ns          230269 1c008976 00a7e723 p.sw             x10, x0(x15)        x10:00000073 x15:00000000  PA:1a10f018
14112258ns          230285 1c00897a 00000513 addi             x10, x0, 0          x10=00000000
14112277ns          230286 1c00897c 00008067 jalr             x0, x1, 0            x1:1c008a4c
14112317ns          230288 1c008a4c 31f52563 p.beqimm         x10, 778            x10:00000000
14112337ns          230289 1c008a50 001d8d93 addi             x27, x27, 1         x27=0000001c x27:0000001b
14112357ns          230290 1c008a52 00044503 lbu              x10, 0(x8)          x10=0000002e  x8:1c000039  PA:1c000039
14112655ns          230305 1c008a56 00140413 addi             x8, x8, 1            x8=1c00003a  x8:1c000039
14112675ns          230306 1c008a58 fe0514e3 bne              x10, x0, -24        x10:0000002e
14112735ns          230309 1c008a40 02500793 addi             x15, x0, 37         x15=00000025
14112755ns          230310 1c008a44 04f50863 beq              x10, x15, 80        x10:0000002e x15:00000025
14112775ns          230311 1c008a48 01a005b3 add              x11, x0, x26        x11=00000002 x26:00000002
14112795ns          230312 1c008a4a 000b00e7 jalr             x1, x22, 0           x1=1c008a4c x22:1c008956
14112834ns          230314 1c008956 000026b7 lui              x13, 0x2000         x13=00002000
14112854ns          230315 1c008958 f14027f3 csrrs            x15, x0, 0xf14      x15=00000003
14112874ns          230316 1c00895c f8068693 addi             x13, x13, -128      x13=00001f80 x13:00002000
14112894ns          230317 1c008960 00379713 slli             x14, x15, 0x3       x14=00000018 x15:00000003
14112914ns          230318 1c008964 00279793 slli             x15, x15, 0x2       x15=0000000c x15:00000003
14112934ns          230319 1c008966 00d7f7b3 and              x15, x15, x13       x15=00000000 x15:0000000c x13:00001f80
14112954ns          230320 1c008968 ee873733 p.bclr           x14, x14, 23, 8     x14=00000018 x14:00000018
14112974ns          230321 1c00896c 1a10f6b7 lui              x13, 0x1a10f000     x13=1a10f000
14112994ns          230322 1c008970 0ff57513 andi             x10, x10, 255       x10=0000002e x10:0000002e
14113013ns          230323 1c008974 00d70733 add              x14, x14, x13       x14=1a10f018 x14:00000018 x13:1a10f000
14113033ns          230324 1c008976 00a7e723 p.sw             x10, x0(x15)        x10:0000002e x15:00000000  PA:1a10f018
14113352ns          230340 1c00897a 00000513 addi             x10, x0, 0          x10=00000000
14113371ns          230341 1c00897c 00008067 jalr             x0, x1, 0            x1:1c008a4c
14113411ns          230343 1c008a4c 31f52563 p.beqimm         x10, 778            x10:00000000
14113431ns          230344 1c008a50 001d8d93 addi             x27, x27, 1         x27=0000001d x27:0000001c
14113451ns          230345 1c008a52 00044503 lbu              x10, 0(x8)          x10=0000002e  x8:1c00003a  PA:1c00003a
14113749ns          230360 1c008a56 00140413 addi             x8, x8, 1            x8=1c00003b  x8:1c00003a
14113769ns          230361 1c008a58 fe0514e3 bne              x10, x0, -24        x10:0000002e
14113829ns          230364 1c008a40 02500793 addi             x15, x0, 37         x15=00000025
14113849ns          230365 1c008a44 04f50863 beq              x10, x15, 80        x10:0000002e x15:00000025
14113869ns          230366 1c008a48 01a005b3 add              x11, x0, x26        x11=00000002 x26:00000002
14113889ns          230367 1c008a4a 000b00e7 jalr             x1, x22, 0           x1=1c008a4c x22:1c008956
14113928ns          230369 1c008956 000026b7 lui              x13, 0x2000         x13=00002000
14113948ns          230370 1c008958 f14027f3 csrrs            x15, x0, 0xf14      x15=00000003
14113968ns          230371 1c00895c f8068693 addi             x13, x13, -128      x13=00001f80 x13:00002000
14113988ns          230372 1c008960 00379713 slli             x14, x15, 0x3       x14=00000018 x15:00000003
14114008ns          230373 1c008964 00279793 slli             x15, x15, 0x2       x15=0000000c x15:00000003
14114028ns          230374 1c008966 00d7f7b3 and              x15, x15, x13       x15=00000000 x15:0000000c x13:00001f80
14114048ns          230375 1c008968 ee873733 p.bclr           x14, x14, 23, 8     x14=00000018 x14:00000018
14114068ns          230376 1c00896c 1a10f6b7 lui              x13, 0x1a10f000     x13=1a10f000
14114087ns          230377 1c008970 0ff57513 andi             x10, x10, 255       x10=0000002e x10:0000002e
14114107ns          230378 1c008974 00d70733 add              x14, x14, x13       x14=1a10f018 x14:00000018 x13:1a10f000
14114127ns          230379 1c008976 00a7e723 p.sw             x10, x0(x15)        x10:0000002e x15:00000000  PA:1a10f018
14114446ns          230395 1c00897a 00000513 addi             x10, x0, 0          x10=00000000
14114465ns          230396 1c00897c 00008067 jalr             x0, x1, 0            x1:1c008a4c
14114505ns          230398 1c008a4c 31f52563 p.beqimm         x10, 778            x10:00000000
14114525ns          230399 1c008a50 001d8d93 addi             x27, x27, 1         x27=0000001e x27:0000001d
14114545ns          230400 1c008a52 00044503 lbu              x10, 0(x8)          x10=0000002e  x8:1c00003b  PA:1c00003b
14114843ns          230415 1c008a56 00140413 addi             x8, x8, 1            x8=1c00003c  x8:1c00003b
14114863ns          230416 1c008a58 fe0514e3 bne              x10, x0, -24        x10:0000002e
14114923ns          230419 1c008a40 02500793 addi             x15, x0, 37         x15=00000025
14114943ns          230420 1c008a44 04f50863 beq              x10, x15, 80        x10:0000002e x15:00000025
14114963ns          230421 1c008a48 01a005b3 add              x11, x0, x26        x11=00000002 x26:00000002
14114983ns          230422 1c008a4a 000b00e7 jalr             x1, x22, 0           x1=1c008a4c x22:1c008956
14115022ns          230424 1c008956 000026b7 lui              x13, 0x2000         x13=00002000
14115042ns          230425 1c008958 f14027f3 csrrs            x15, x0, 0xf14      x15=00000003
14115062ns          230426 1c00895c f8068693 addi             x13, x13, -128      x13=00001f80 x13:00002000
14115082ns          230427 1c008960 00379713 slli             x14, x15, 0x3       x14=00000018 x15:00000003
14115102ns          230428 1c008964 00279793 slli             x15, x15, 0x2       x15=0000000c x15:00000003
14115122ns          230429 1c008966 00d7f7b3 and              x15, x15, x13       x15=00000000 x15:0000000c x13:00001f80
14115142ns          230430 1c008968 ee873733 p.bclr           x14, x14, 23, 8     x14=00000018 x14:00000018
14115162ns          230431 1c00896c 1a10f6b7 lui              x13, 0x1a10f000     x13=1a10f000
14115181ns          230432 1c008970 0ff57513 andi             x10, x10, 255       x10=0000002e x10:0000002e
14115201ns          230433 1c008974 00d70733 add              x14, x14, x13       x14=1a10f018 x14:00000018 x13:1a10f000
14115221ns          230434 1c008976 00a7e723 p.sw             x10, x0(x15)        x10:0000002e x15:00000000  PA:1a10f018
14115559ns          230451 1c00897a 00000513 addi             x10, x0, 0          x10=00000000
14115579ns          230452 1c00897c 00008067 jalr             x0, x1, 0            x1:1c008a4c
14115619ns          230454 1c008a4c 31f52563 p.beqimm         x10, 778            x10:00000000
14115639ns          230455 1c008a50 001d8d93 addi             x27, x27, 1         x27=0000001f x27:0000001e
14115659ns          230456 1c008a52 00044503 lbu              x10, 0(x8)          x10=00000020  x8:1c00003c  PA:1c00003c
14115957ns          230471 1c008a56 00140413 addi             x8, x8, 1            x8=1c00003d  x8:1c00003c
14115977ns          230472 1c008a58 fe0514e3 bne              x10, x0, -24        x10:00000020
14116037ns          230475 1c008a40 02500793 addi             x15, x0, 37         x15=00000025
14116057ns          230476 1c008a44 04f50863 beq              x10, x15, 80        x10:00000020 x15:00000025
14116077ns          230477 1c008a48 01a005b3 add              x11, x0, x26        x11=00000002 x26:00000002
14116096ns          230478 1c008a4a 000b00e7 jalr             x1, x22, 0           x1=1c008a4c x22:1c008956
14116136ns          230480 1c008956 000026b7 lui              x13, 0x2000         x13=00002000
14116156ns          230481 1c008958 f14027f3 csrrs            x15, x0, 0xf14      x15=00000003
14116176ns          230482 1c00895c f8068693 addi             x13, x13, -128      x13=00001f80 x13:00002000
14116196ns          230483 1c008960 00379713 slli             x14, x15, 0x3       x14=00000018 x15:00000003
14116216ns          230484 1c008964 00279793 slli             x15, x15, 0x2       x15=0000000c x15:00000003
14116236ns          230485 1c008966 00d7f7b3 and              x15, x15, x13       x15=00000000 x15:0000000c x13:00001f80
14116256ns          230486 1c008968 ee873733 p.bclr           x14, x14, 23, 8     x14=00000018 x14:00000018
14116275ns          230487 1c00896c 1a10f6b7 lui              x13, 0x1a10f000     x13=1a10f000
14116295ns          230488 1c008970 0ff57513 andi             x10, x10, 255       x10=00000020 x10:00000020
14116315ns          230489 1c008974 00d70733 add              x14, x14, x13       x14=1a10f018 x14:00000018 x13:1a10f000
14116335ns          230490 1c008976 00a7e723 p.sw             x10, x0(x15)        x10:00000020 x15:00000000  PA:1a10f018
14116653ns          230506 1c00897a 00000513 addi             x10, x0, 0          x10=00000000
14116673ns          230507 1c00897c 00008067 jalr             x0, x1, 0            x1:1c008a4c
14116713ns          230509 1c008a4c 31f52563 p.beqimm         x10, 778            x10:00000000
14116733ns          230510 1c008a50 001d8d93 addi             x27, x27, 1         x27=00000020 x27:0000001f
14116753ns          230511 1c008a52 00044503 lbu              x10, 0(x8)          x10=00000028  x8:1c00003d  PA:1c00003d
14117051ns          230526 1c008a56 00140413 addi             x8, x8, 1            x8=1c00003e  x8:1c00003d
14117071ns          230527 1c008a58 fe0514e3 bne              x10, x0, -24        x10:00000028
14117131ns          230530 1c008a40 02500793 addi             x15, x0, 37         x15=00000025
14117151ns          230531 1c008a44 04f50863 beq              x10, x15, 80        x10:00000028 x15:00000025
14117171ns          230532 1c008a48 01a005b3 add              x11, x0, x26        x11=00000002 x26:00000002
14117190ns          230533 1c008a4a 000b00e7 jalr             x1, x22, 0           x1=1c008a4c x22:1c008956
14117230ns          230535 1c008956 000026b7 lui              x13, 0x2000         x13=00002000
14117250ns          230536 1c008958 f14027f3 csrrs            x15, x0, 0xf14      x15=00000003
14117270ns          230537 1c00895c f8068693 addi             x13, x13, -128      x13=00001f80 x13:00002000
14117290ns          230538 1c008960 00379713 slli             x14, x15, 0x3       x14=00000018 x15:00000003
14117310ns          230539 1c008964 00279793 slli             x15, x15, 0x2       x15=0000000c x15:00000003
14117330ns          230540 1c008966 00d7f7b3 and              x15, x15, x13       x15=00000000 x15:0000000c x13:00001f80
14117350ns          230541 1c008968 ee873733 p.bclr           x14, x14, 23, 8     x14=00000018 x14:00000018
14117369ns          230542 1c00896c 1a10f6b7 lui              x13, 0x1a10f000     x13=1a10f000
14117389ns          230543 1c008970 0ff57513 andi             x10, x10, 255       x10=00000028 x10:00000028
14117409ns          230544 1c008974 00d70733 add              x14, x14, x13       x14=1a10f018 x14:00000018 x13:1a10f000
14117429ns          230545 1c008976 00a7e723 p.sw             x10, x0(x15)        x10:00000028 x15:00000000  PA:1a10f018
14117747ns          230561 1c00897a 00000513 addi             x10, x0, 0          x10=00000000
14117767ns          230562 1c00897c 00008067 jalr             x0, x1, 0            x1:1c008a4c
14117807ns          230564 1c008a4c 31f52563 p.beqimm         x10, 778            x10:00000000
14117827ns          230565 1c008a50 001d8d93 addi             x27, x27, 1         x27=00000021 x27:00000020
14117847ns          230566 1c008a52 00044503 lbu              x10, 0(x8)          x10=00000063  x8:1c00003e  PA:1c00003e
14118145ns          230581 1c008a56 00140413 addi             x8, x8, 1            x8=1c00003f  x8:1c00003e
14118165ns          230582 1c008a58 fe0514e3 bne              x10, x0, -24        x10:00000063
14118225ns          230585 1c008a40 02500793 addi             x15, x0, 37         x15=00000025
14118245ns          230586 1c008a44 04f50863 beq              x10, x15, 80        x10:00000063 x15:00000025
14118265ns          230587 1c008a48 01a005b3 add              x11, x0, x26        x11=00000002 x26:00000002
14118284ns          230588 1c008a4a 000b00e7 jalr             x1, x22, 0           x1=1c008a4c x22:1c008956
14118324ns          230590 1c008956 000026b7 lui              x13, 0x2000         x13=00002000
14118344ns          230591 1c008958 f14027f3 csrrs            x15, x0, 0xf14      x15=00000003
14118364ns          230592 1c00895c f8068693 addi             x13, x13, -128      x13=00001f80 x13:00002000
14118384ns          230593 1c008960 00379713 slli             x14, x15, 0x3       x14=00000018 x15:00000003
14118404ns          230594 1c008964 00279793 slli             x15, x15, 0x2       x15=0000000c x15:00000003
14118424ns          230595 1c008966 00d7f7b3 and              x15, x15, x13       x15=00000000 x15:0000000c x13:00001f80
14118444ns          230596 1c008968 ee873733 p.bclr           x14, x14, 23, 8     x14=00000018 x14:00000018
14118463ns          230597 1c00896c 1a10f6b7 lui              x13, 0x1a10f000     x13=1a10f000
14118483ns          230598 1c008970 0ff57513 andi             x10, x10, 255       x10=00000063 x10:00000063
14118503ns          230599 1c008974 00d70733 add              x14, x14, x13       x14=1a10f018 x14:00000018 x13:1a10f000
14118523ns          230600 1c008976 00a7e723 p.sw             x10, x0(x15)        x10:00000063 x15:00000000  PA:1a10f018
14118841ns          230616 1c00897a 00000513 addi             x10, x0, 0          x10=00000000
14118861ns          230617 1c00897c 00008067 jalr             x0, x1, 0            x1:1c008a4c
14118901ns          230619 1c008a4c 31f52563 p.beqimm         x10, 778            x10:00000000
14118921ns          230620 1c008a50 001d8d93 addi             x27, x27, 1         x27=00000022 x27:00000021
14118941ns          230621 1c008a52 00044503 lbu              x10, 0(x8)          x10=0000006f  x8:1c00003f  PA:1c00003f
14119239ns          230636 1c008a56 00140413 addi             x8, x8, 1            x8=1c000040  x8:1c00003f
14119259ns          230637 1c008a58 fe0514e3 bne              x10, x0, -24        x10:0000006f
14119319ns          230640 1c008a40 02500793 addi             x15, x0, 37         x15=00000025
14119339ns          230641 1c008a44 04f50863 beq              x10, x15, 80        x10:0000006f x15:00000025
14119359ns          230642 1c008a48 01a005b3 add              x11, x0, x26        x11=00000002 x26:00000002
14119378ns          230643 1c008a4a 000b00e7 jalr             x1, x22, 0           x1=1c008a4c x22:1c008956
14119418ns          230645 1c008956 000026b7 lui              x13, 0x2000         x13=00002000
14119438ns          230646 1c008958 f14027f3 csrrs            x15, x0, 0xf14      x15=00000003
14119458ns          230647 1c00895c f8068693 addi             x13, x13, -128      x13=00001f80 x13:00002000
14119478ns          230648 1c008960 00379713 slli             x14, x15, 0x3       x14=00000018 x15:00000003
14119498ns          230649 1c008964 00279793 slli             x15, x15, 0x2       x15=0000000c x15:00000003
14119518ns          230650 1c008966 00d7f7b3 and              x15, x15, x13       x15=00000000 x15:0000000c x13:00001f80
14119538ns          230651 1c008968 ee873733 p.bclr           x14, x14, 23, 8     x14=00000018 x14:00000018
14119557ns          230652 1c00896c 1a10f6b7 lui              x13, 0x1a10f000     x13=1a10f000
14119577ns          230653 1c008970 0ff57513 andi             x10, x10, 255       x10=0000006f x10:0000006f
14119597ns          230654 1c008974 00d70733 add              x14, x14, x13       x14=1a10f018 x14:00000018 x13:1a10f000
14119617ns          230655 1c008976 00a7e723 p.sw             x10, x0(x15)        x10:0000006f x15:00000000  PA:1a10f018
14119935ns          230671 1c00897a 00000513 addi             x10, x0, 0          x10=00000000
14119955ns          230672 1c00897c 00008067 jalr             x0, x1, 0            x1:1c008a4c
14119995ns          230674 1c008a4c 31f52563 p.beqimm         x10, 778            x10:00000000
14120015ns          230675 1c008a50 001d8d93 addi             x27, x27, 1         x27=00000023 x27:00000022
14120035ns          230676 1c008a52 00044503 lbu              x10, 0(x8)          x10=00000072  x8:1c000040  PA:1c000040
14120333ns          230691 1c008a56 00140413 addi             x8, x8, 1            x8=1c000041  x8:1c000040
14120353ns          230692 1c008a58 fe0514e3 bne              x10, x0, -24        x10:00000072
14120413ns          230695 1c008a40 02500793 addi             x15, x0, 37         x15=00000025
14120433ns          230696 1c008a44 04f50863 beq              x10, x15, 80        x10:00000072 x15:00000025
14120453ns          230697 1c008a48 01a005b3 add              x11, x0, x26        x11=00000002 x26:00000002
14120472ns          230698 1c008a4a 000b00e7 jalr             x1, x22, 0           x1=1c008a4c x22:1c008956
14120512ns          230700 1c008956 000026b7 lui              x13, 0x2000         x13=00002000
14120532ns          230701 1c008958 f14027f3 csrrs            x15, x0, 0xf14      x15=00000003
14120552ns          230702 1c00895c f8068693 addi             x13, x13, -128      x13=00001f80 x13:00002000
14120572ns          230703 1c008960 00379713 slli             x14, x15, 0x3       x14=00000018 x15:00000003
14120592ns          230704 1c008964 00279793 slli             x15, x15, 0x2       x15=0000000c x15:00000003
14120612ns          230705 1c008966 00d7f7b3 and              x15, x15, x13       x15=00000000 x15:0000000c x13:00001f80
14120632ns          230706 1c008968 ee873733 p.bclr           x14, x14, 23, 8     x14=00000018 x14:00000018
14120651ns          230707 1c00896c 1a10f6b7 lui              x13, 0x1a10f000     x13=1a10f000
14120671ns          230708 1c008970 0ff57513 andi             x10, x10, 255       x10=00000072 x10:00000072
14120691ns          230709 1c008974 00d70733 add              x14, x14, x13       x14=1a10f018 x14:00000018 x13:1a10f000
14120711ns          230710 1c008976 00a7e723 p.sw             x10, x0(x15)        x10:00000072 x15:00000000  PA:1a10f018
14121049ns          230727 1c00897a 00000513 addi             x10, x0, 0          x10=00000000
14121069ns          230728 1c00897c 00008067 jalr             x0, x1, 0            x1:1c008a4c
14121109ns          230730 1c008a4c 31f52563 p.beqimm         x10, 778            x10:00000000
14121129ns          230731 1c008a50 001d8d93 addi             x27, x27, 1         x27=00000024 x27:00000023
14121149ns          230732 1c008a52 00044503 lbu              x10, 0(x8)          x10=00000065  x8:1c000041  PA:1c000041
14121447ns          230747 1c008a56 00140413 addi             x8, x8, 1            x8=1c000042  x8:1c000041
14121467ns          230748 1c008a58 fe0514e3 bne              x10, x0, -24        x10:00000065
14121527ns          230751 1c008a40 02500793 addi             x15, x0, 37         x15=00000025
14121547ns          230752 1c008a44 04f50863 beq              x10, x15, 80        x10:00000065 x15:00000025
14121566ns          230753 1c008a48 01a005b3 add              x11, x0, x26        x11=00000002 x26:00000002
14121586ns          230754 1c008a4a 000b00e7 jalr             x1, x22, 0           x1=1c008a4c x22:1c008956
14121626ns          230756 1c008956 000026b7 lui              x13, 0x2000         x13=00002000
14121646ns          230757 1c008958 f14027f3 csrrs            x15, x0, 0xf14      x15=00000003
14121666ns          230758 1c00895c f8068693 addi             x13, x13, -128      x13=00001f80 x13:00002000
14121686ns          230759 1c008960 00379713 slli             x14, x15, 0x3       x14=00000018 x15:00000003
14121706ns          230760 1c008964 00279793 slli             x15, x15, 0x2       x15=0000000c x15:00000003
14121726ns          230761 1c008966 00d7f7b3 and              x15, x15, x13       x15=00000000 x15:0000000c x13:00001f80
14121745ns          230762 1c008968 ee873733 p.bclr           x14, x14, 23, 8     x14=00000018 x14:00000018
14121765ns          230763 1c00896c 1a10f6b7 lui              x13, 0x1a10f000     x13=1a10f000
14121785ns          230764 1c008970 0ff57513 andi             x10, x10, 255       x10=00000065 x10:00000065
14121805ns          230765 1c008974 00d70733 add              x14, x14, x13       x14=1a10f018 x14:00000018 x13:1a10f000
14121825ns          230766 1c008976 00a7e723 p.sw             x10, x0(x15)        x10:00000065 x15:00000000  PA:1a10f018
14122143ns          230782 1c00897a 00000513 addi             x10, x0, 0          x10=00000000
14122163ns          230783 1c00897c 00008067 jalr             x0, x1, 0            x1:1c008a4c
14122203ns          230785 1c008a4c 31f52563 p.beqimm         x10, 778            x10:00000000
14122223ns          230786 1c008a50 001d8d93 addi             x27, x27, 1         x27=00000025 x27:00000024
14122243ns          230787 1c008a52 00044503 lbu              x10, 0(x8)          x10=00000069  x8:1c000042  PA:1c000042
14122541ns          230802 1c008a56 00140413 addi             x8, x8, 1            x8=1c000043  x8:1c000042
14122561ns          230803 1c008a58 fe0514e3 bne              x10, x0, -24        x10:00000069
14122621ns          230806 1c008a40 02500793 addi             x15, x0, 37         x15=00000025
14122641ns          230807 1c008a44 04f50863 beq              x10, x15, 80        x10:00000069 x15:00000025
14122660ns          230808 1c008a48 01a005b3 add              x11, x0, x26        x11=00000002 x26:00000002
14122680ns          230809 1c008a4a 000b00e7 jalr             x1, x22, 0           x1=1c008a4c x22:1c008956
14122720ns          230811 1c008956 000026b7 lui              x13, 0x2000         x13=00002000
14122740ns          230812 1c008958 f14027f3 csrrs            x15, x0, 0xf14      x15=00000003
14122760ns          230813 1c00895c f8068693 addi             x13, x13, -128      x13=00001f80 x13:00002000
14122780ns          230814 1c008960 00379713 slli             x14, x15, 0x3       x14=00000018 x15:00000003
14122800ns          230815 1c008964 00279793 slli             x15, x15, 0x2       x15=0000000c x15:00000003
14122820ns          230816 1c008966 00d7f7b3 and              x15, x15, x13       x15=00000000 x15:0000000c x13:00001f80
14122839ns          230817 1c008968 ee873733 p.bclr           x14, x14, 23, 8     x14=00000018 x14:00000018
14122859ns          230818 1c00896c 1a10f6b7 lui              x13, 0x1a10f000     x13=1a10f000
14122879ns          230819 1c008970 0ff57513 andi             x10, x10, 255       x10=00000069 x10:00000069
14122899ns          230820 1c008974 00d70733 add              x14, x14, x13       x14=1a10f018 x14:00000018 x13:1a10f000
14122919ns          230821 1c008976 00a7e723 p.sw             x10, x0(x15)        x10:00000069 x15:00000000  PA:1a10f018
14123237ns          230837 1c00897a 00000513 addi             x10, x0, 0          x10=00000000
14123257ns          230838 1c00897c 00008067 jalr             x0, x1, 0            x1:1c008a4c
14123297ns          230840 1c008a4c 31f52563 p.beqimm         x10, 778            x10:00000000
14123317ns          230841 1c008a50 001d8d93 addi             x27, x27, 1         x27=00000026 x27:00000025
14123337ns          230842 1c008a52 00044503 lbu              x10, 0(x8)          x10=00000064  x8:1c000043  PA:1c000043
14123635ns          230857 1c008a56 00140413 addi             x8, x8, 1            x8=1c000044  x8:1c000043
14123655ns          230858 1c008a58 fe0514e3 bne              x10, x0, -24        x10:00000064
14123715ns          230861 1c008a40 02500793 addi             x15, x0, 37         x15=00000025
14123735ns          230862 1c008a44 04f50863 beq              x10, x15, 80        x10:00000064 x15:00000025
14123754ns          230863 1c008a48 01a005b3 add              x11, x0, x26        x11=00000002 x26:00000002
14123774ns          230864 1c008a4a 000b00e7 jalr             x1, x22, 0           x1=1c008a4c x22:1c008956
14123814ns          230866 1c008956 000026b7 lui              x13, 0x2000         x13=00002000
14123834ns          230867 1c008958 f14027f3 csrrs            x15, x0, 0xf14      x15=00000003
14123854ns          230868 1c00895c f8068693 addi             x13, x13, -128      x13=00001f80 x13:00002000
14123874ns          230869 1c008960 00379713 slli             x14, x15, 0x3       x14=00000018 x15:00000003
14123894ns          230870 1c008964 00279793 slli             x15, x15, 0x2       x15=0000000c x15:00000003
14123914ns          230871 1c008966 00d7f7b3 and              x15, x15, x13       x15=00000000 x15:0000000c x13:00001f80
14123933ns          230872 1c008968 ee873733 p.bclr           x14, x14, 23, 8     x14=00000018 x14:00000018
14123953ns          230873 1c00896c 1a10f6b7 lui              x13, 0x1a10f000     x13=1a10f000
14123973ns          230874 1c008970 0ff57513 andi             x10, x10, 255       x10=00000064 x10:00000064
14123993ns          230875 1c008974 00d70733 add              x14, x14, x13       x14=1a10f018 x14:00000018 x13:1a10f000
14124013ns          230876 1c008976 00a7e723 p.sw             x10, x0(x15)        x10:00000064 x15:00000000  PA:1a10f018
14124351ns          230893 1c00897a 00000513 addi             x10, x0, 0          x10=00000000
14124371ns          230894 1c00897c 00008067 jalr             x0, x1, 0            x1:1c008a4c
14124411ns          230896 1c008a4c 31f52563 p.beqimm         x10, 778            x10:00000000
14124431ns          230897 1c008a50 001d8d93 addi             x27, x27, 1         x27=00000027 x27:00000026
14124451ns          230898 1c008a52 00044503 lbu              x10, 0(x8)          x10=00000020  x8:1c000044  PA:1c000044
14124749ns          230913 1c008a56 00140413 addi             x8, x8, 1            x8=1c000045  x8:1c000044
14124769ns          230914 1c008a58 fe0514e3 bne              x10, x0, -24        x10:00000020
14124828ns          230917 1c008a40 02500793 addi             x15, x0, 37         x15=00000025
14124848ns          230918 1c008a44 04f50863 beq              x10, x15, 80        x10:00000020 x15:00000025
14124868ns          230919 1c008a48 01a005b3 add              x11, x0, x26        x11=00000002 x26:00000002
14124888ns          230920 1c008a4a 000b00e7 jalr             x1, x22, 0           x1=1c008a4c x22:1c008956
14124928ns          230922 1c008956 000026b7 lui              x13, 0x2000         x13=00002000
14124948ns          230923 1c008958 f14027f3 csrrs            x15, x0, 0xf14      x15=00000003
14124968ns          230924 1c00895c f8068693 addi             x13, x13, -128      x13=00001f80 x13:00002000
14124988ns          230925 1c008960 00379713 slli             x14, x15, 0x3       x14=00000018 x15:00000003
14125008ns          230926 1c008964 00279793 slli             x15, x15, 0x2       x15=0000000c x15:00000003
14125027ns          230927 1c008966 00d7f7b3 and              x15, x15, x13       x15=00000000 x15:0000000c x13:00001f80
14125047ns          230928 1c008968 ee873733 p.bclr           x14, x14, 23, 8     x14=00000018 x14:00000018
14125067ns          230929 1c00896c 1a10f6b7 lui              x13, 0x1a10f000     x13=1a10f000
14125087ns          230930 1c008970 0ff57513 andi             x10, x10, 255       x10=00000020 x10:00000020
14125107ns          230931 1c008974 00d70733 add              x14, x14, x13       x14=1a10f018 x14:00000018 x13:1a10f000
14125127ns          230932 1c008976 00a7e723 p.sw             x10, x0(x15)        x10:00000020 x15:00000000  PA:1a10f018
14125445ns          230948 1c00897a 00000513 addi             x10, x0, 0          x10=00000000
14125465ns          230949 1c00897c 00008067 jalr             x0, x1, 0            x1:1c008a4c
14125505ns          230951 1c008a4c 31f52563 p.beqimm         x10, 778            x10:00000000
14125525ns          230952 1c008a50 001d8d93 addi             x27, x27, 1         x27=00000028 x27:00000027
14125545ns          230953 1c008a52 00044503 lbu              x10, 0(x8)          x10=0000003d  x8:1c000045  PA:1c000045
14125843ns          230968 1c008a56 00140413 addi             x8, x8, 1            x8=1c000046  x8:1c000045
14125863ns          230969 1c008a58 fe0514e3 bne              x10, x0, -24        x10:0000003d
14125922ns          230972 1c008a40 02500793 addi             x15, x0, 37         x15=00000025
14125942ns          230973 1c008a44 04f50863 beq              x10, x15, 80        x10:0000003d x15:00000025
14125962ns          230974 1c008a48 01a005b3 add              x11, x0, x26        x11=00000002 x26:00000002
14125982ns          230975 1c008a4a 000b00e7 jalr             x1, x22, 0           x1=1c008a4c x22:1c008956
14126022ns          230977 1c008956 000026b7 lui              x13, 0x2000         x13=00002000
14126042ns          230978 1c008958 f14027f3 csrrs            x15, x0, 0xf14      x15=00000003
14126062ns          230979 1c00895c f8068693 addi             x13, x13, -128      x13=00001f80 x13:00002000
14126082ns          230980 1c008960 00379713 slli             x14, x15, 0x3       x14=00000018 x15:00000003
14126102ns          230981 1c008964 00279793 slli             x15, x15, 0x2       x15=0000000c x15:00000003
14126121ns          230982 1c008966 00d7f7b3 and              x15, x15, x13       x15=00000000 x15:0000000c x13:00001f80
14126141ns          230983 1c008968 ee873733 p.bclr           x14, x14, 23, 8     x14=00000018 x14:00000018
14126161ns          230984 1c00896c 1a10f6b7 lui              x13, 0x1a10f000     x13=1a10f000
14126181ns          230985 1c008970 0ff57513 andi             x10, x10, 255       x10=0000003d x10:0000003d
14126201ns          230986 1c008974 00d70733 add              x14, x14, x13       x14=1a10f018 x14:00000018 x13:1a10f000
14126221ns          230987 1c008976 00a7e723 p.sw             x10, x0(x15)        x10:0000003d x15:00000000  PA:1a10f018
14126539ns          231003 1c00897a 00000513 addi             x10, x0, 0          x10=00000000
14126559ns          231004 1c00897c 00008067 jalr             x0, x1, 0            x1:1c008a4c
14126599ns          231006 1c008a4c 31f52563 p.beqimm         x10, 778            x10:00000000
14126619ns          231007 1c008a50 001d8d93 addi             x27, x27, 1         x27=00000029 x27:00000028
14126639ns          231008 1c008a52 00044503 lbu              x10, 0(x8)          x10=00000020  x8:1c000046  PA:1c000046
14126937ns          231023 1c008a56 00140413 addi             x8, x8, 1            x8=1c000047  x8:1c000046
14126957ns          231024 1c008a58 fe0514e3 bne              x10, x0, -24        x10:00000020
14127016ns          231027 1c008a40 02500793 addi             x15, x0, 37         x15=00000025
14127036ns          231028 1c008a44 04f50863 beq              x10, x15, 80        x10:00000020 x15:00000025
14127056ns          231029 1c008a48 01a005b3 add              x11, x0, x26        x11=00000002 x26:00000002
14127076ns          231030 1c008a4a 000b00e7 jalr             x1, x22, 0           x1=1c008a4c x22:1c008956
14127116ns          231032 1c008956 000026b7 lui              x13, 0x2000         x13=00002000
14127136ns          231033 1c008958 f14027f3 csrrs            x15, x0, 0xf14      x15=00000003
14127156ns          231034 1c00895c f8068693 addi             x13, x13, -128      x13=00001f80 x13:00002000
14127176ns          231035 1c008960 00379713 slli             x14, x15, 0x3       x14=00000018 x15:00000003
14127195ns          231036 1c008964 00279793 slli             x15, x15, 0x2       x15=0000000c x15:00000003
14127215ns          231037 1c008966 00d7f7b3 and              x15, x15, x13       x15=00000000 x15:0000000c x13:00001f80
14127235ns          231038 1c008968 ee873733 p.bclr           x14, x14, 23, 8     x14=00000018 x14:00000018
14127255ns          231039 1c00896c 1a10f6b7 lui              x13, 0x1a10f000     x13=1a10f000
14127275ns          231040 1c008970 0ff57513 andi             x10, x10, 255       x10=00000020 x10:00000020
14127295ns          231041 1c008974 00d70733 add              x14, x14, x13       x14=1a10f018 x14:00000018 x13:1a10f000
14127315ns          231042 1c008976 00a7e723 p.sw             x10, x0(x15)        x10:00000020 x15:00000000  PA:1a10f018
14127673ns          231060 1c00897a 00000513 addi             x10, x0, 0          x10=00000000
14127693ns          231061 1c00897c 00008067 jalr             x0, x1, 0            x1:1c008a4c
14127733ns          231063 1c008a4c 31f52563 p.beqimm         x10, 778            x10:00000000
14127752ns          231064 1c008a50 001d8d93 addi             x27, x27, 1         x27=0000002a x27:00000029
14127772ns          231065 1c008a52 00044503 lbu              x10, 0(x8)          x10=00000025  x8:1c000047  PA:1c000047
14128071ns          231080 1c008a56 00140413 addi             x8, x8, 1            x8=1c000048  x8:1c000047
14128091ns          231081 1c008a58 fe0514e3 bne              x10, x0, -24        x10:00000025
14128150ns          231084 1c008a40 02500793 addi             x15, x0, 37         x15=00000025
14128170ns          231085 1c008a44 04f50863 beq              x10, x15, 80        x10:00000025 x15:00000025
14128270ns          231090 1c008a94 00044483 lbu              x9, 0(x8)            x9=00000064  x8:1c000048  PA:1c000048
14128588ns          231106 1c008a98 02000693 addi             x13, x0, 32         x13=00000020
14128608ns          231107 1c008a9c 00140a93 addi             x21, x8, 1          x21=1c000049  x8:1c000048
14128628ns          231108 1c008aa0 009005b3 add              x11, x0, x9         x11=00000064  x9:00000064
14128648ns          231109 1c008aa2 0f4b8513 addi             x10, x23, 244       x10=1c0000f4 x23:1c000000
14128667ns          231110 1c008aa6 00d12823 sw               x13, 16(x2)         x13:00000020  x2:10001e58  PA:10001e68
14128687ns          231111 1c008aa8 00012c23 sw               x0, 24(x2)           x2:10001e58  PA:10001e70
14128707ns          231112 1c008aaa 00012a23 sw               x0, 20(x2)           x2:10001e58  PA:10001e6c
14128727ns          231113 1c008aac 00012e23 sw               x0, 28(x2)           x2:10001e58  PA:10001e74
14128747ns          231114 1c008aae 00012623 sw               x0, 12(x2)           x2:10001e58  PA:10001e64
14128767ns          231115 1c008ab0 02300913 addi             x18, x0, 35         x18=00000023
14128787ns          231116 1c008ab4 02d00a13 addi             x20, x0, 45         x20=0000002d
14128807ns          231117 1c008ab8 015009b3 add              x19, x0, x21        x19=1c000049 x21:1c000049
14128827ns          231118 1c008aba e1dff0ef jal              x1, -484             x1=1c008abc
14128986ns          231126 1c0088d6 00054783 lbu              x15, 0(x10)         x15=0000002d x10:1c0000f4  PA:1c0000f4
14129284ns          231141 1c0088da 0ff5f593 andi             x11, x11, 255       x11=00000064 x11:00000064
14129304ns          231142 1c0088de 00b78c63 beq              x15, x11, 24        x15:0000002d x11:00000064
14129324ns          231143 1c0088e2 00078b63 beq              x15, x0, 22         x15:0000002d
14129344ns          231144 1c0088e4 00150793 addi             x15, x10, 1         x15=1c0000f5 x10:1c0000f4
14129364ns          231145 1c0088e8 0040006f jal              x0, 4              
14129403ns          231147 1c0088ec 00f00533 add              x10, x0, x15        x10=1c0000f5 x15:1c0000f5
14129423ns          231148 1c0088ee 0017c70b p.lbu            x14, 1(x15!)        x14=0000002b x15=1c0000f6 x15:1c0000f5  PA:1c0000f5
14129742ns          231164 1c0088f2 feb71ce3 bne              x14, x11, -8        x14:0000002b x11:00000064
14129801ns          231167 1c0088ea 00070763 beq              x14, x0, 14         x14:0000002b
14129821ns          231168 1c0088ec 00f00533 add              x10, x0, x15        x10=1c0000f6 x15:1c0000f6
14129841ns          231169 1c0088ee 0017c70b p.lbu            x14, 1(x15!)        x14=00000020 x15=1c0000f7 x15:1c0000f6  PA:1c0000f6
14130179ns          231186 1c0088f2 feb71ce3 bne              x14, x11, -8        x14:00000020 x11:00000064
14130239ns          231189 1c0088ea 00070763 beq              x14, x0, 14         x14:00000020
14130259ns          231190 1c0088ec 00f00533 add              x10, x0, x15        x10=1c0000f7 x15:1c0000f7
14130279ns          231191 1c0088ee 0017c70b p.lbu            x14, 1(x15!)        x14=00000023 x15=1c0000f8 x15:1c0000f7  PA:1c0000f7
14130597ns          231207 1c0088f2 feb71ce3 bne              x14, x11, -8        x14:00000023 x11:00000064
14130656ns          231210 1c0088ea 00070763 beq              x14, x0, 14         x14:00000023
14130676ns          231211 1c0088ec 00f00533 add              x10, x0, x15        x10=1c0000f8 x15:1c0000f8
14130696ns          231212 1c0088ee 0017c70b p.lbu            x14, 1(x15!)        x14=00000030 x15=1c0000f9 x15:1c0000f8  PA:1c0000f8
14131015ns          231228 1c0088f2 feb71ce3 bne              x14, x11, -8        x14:00000030 x11:00000064
14131074ns          231231 1c0088ea 00070763 beq              x14, x0, 14         x14:00000030
14131094ns          231232 1c0088ec 00f00533 add              x10, x0, x15        x10=1c0000f9 x15:1c0000f9
14131114ns          231233 1c0088ee 0017c70b p.lbu            x14, 1(x15!)        x14=00000000 x15=1c0000fa x15:1c0000f9  PA:1c0000f9
14131432ns          231249 1c0088f2 feb71ce3 bne              x14, x11, -8        x14:00000000 x11:00000064
14131492ns          231252 1c0088ea 00070763 beq              x14, x0, 14         x14:00000000
14131552ns          231255 1c0088f8 0015b593 sltiu            x11, x11, 1         x11=00000000 x11:00000064
14131571ns          231256 1c0088fc 40b005b3 sub              x11, x0, x11        x11=00000000 x11:00000000
14131591ns          231257 1c008900 00b57533 and              x10, x10, x11       x10=00000000 x10:1c0000f9 x11:00000000
14131611ns          231258 1c008902 00008067 jalr             x0, x1, 0            x1:1c008abc
14131651ns          231260 1c008abc 02050a63 beq              x10, x0, 52         x10:00000000
14131989ns          231277 1c008af0 02a00613 addi             x12, x0, 42         x12=0000002a
14132029ns          231279 1c008af4 2ac48663 beq              x9, x12, 684         x9:00000064 x12:0000002a
14132049ns          231280 1c008af8 fd048613 addi             x12, x9, -48        x12=00000034  x9:00000064
14132069ns          231281 1c008afc 00900593 addi             x11, x0, 9          x11=00000009
14132089ns          231282 1c008afe 00000913 addi             x18, x0, 0          x18=00000000
14132128ns          231284 1c008b00 28c5f063 bgeu             x11, x12, 640       x11:00000009 x12:00000034
14132168ns          231286 1c008b04 02e00693 addi             x13, x0, 46         x13=0000002e
14132188ns          231287 1c008b08 fff00a13 addi             x20, x0, -1         x20=ffffffff
14132208ns          231288 1c008b0a 2ed48363 beq              x9, x13, 742         x9:00000064 x13:0000002e
14132268ns          231291 1c008b0e 1c0007b7 lui              x15, 0x1c000000     x15=1c000000
14132288ns          231292 1c008b12 009005b3 add              x11, x0, x9         x11=00000064  x9:00000064
14132307ns          231293 1c008b14 0fc78513 addi             x10, x15, 252       x10=1c0000fc x15:1c000000
14132327ns          231294 1c008b18 dbfff0ef jal              x1, -578             x1=1c008b1a
14132387ns          231297 1c0088d6 00054783 lbu              x15, 0(x10)         x15=00000068 x10:1c0000fc  PA:1c0000fc
14132745ns          231315 1c0088da 0ff5f593 andi             x11, x11, 255       x11=00000064 x11:00000064
14132765ns          231316 1c0088de 00b78c63 beq              x15, x11, 24        x15:00000068 x11:00000064
14132785ns          231317 1c0088e2 00078b63 beq              x15, x0, 22         x15:00000068
14132805ns          231318 1c0088e4 00150793 addi             x15, x10, 1         x15=1c0000fd x10:1c0000fc
14132825ns          231319 1c0088e8 0040006f jal              x0, 4              
14132924ns          231324 1c0088ec 00f00533 add              x10, x0, x15        x10=1c0000fd x15:1c0000fd
14132944ns          231325 1c0088ee 0017c70b p.lbu            x14, 1(x15!)        x14=0000006c x15=1c0000fe x15:1c0000fd  PA:1c0000fd
14133282ns          231342 1c0088f2 feb71ce3 bne              x14, x11, -8        x14:0000006c x11:00000064
14133342ns          231345 1c0088ea 00070763 beq              x14, x0, 14         x14:0000006c
14133362ns          231346 1c0088ec 00f00533 add              x10, x0, x15        x10=1c0000fe x15:1c0000fe
14133382ns          231347 1c0088ee 0017c70b p.lbu            x14, 1(x15!)        x14=0000004c x15=1c0000ff x15:1c0000fe  PA:1c0000fe
14133700ns          231363 1c0088f2 feb71ce3 bne              x14, x11, -8        x14:0000004c x11:00000064
14133759ns          231366 1c0088ea 00070763 beq              x14, x0, 14         x14:0000004c
14133779ns          231367 1c0088ec 00f00533 add              x10, x0, x15        x10=1c0000ff x15:1c0000ff
14133799ns          231368 1c0088ee 0017c70b p.lbu            x14, 1(x15!)        x14=0000007a x15=1c000100 x15:1c0000ff  PA:1c0000ff
14134117ns          231384 1c0088f2 feb71ce3 bne              x14, x11, -8        x14:0000007a x11:00000064
14134177ns          231387 1c0088ea 00070763 beq              x14, x0, 14         x14:0000007a
14134197ns          231388 1c0088ec 00f00533 add              x10, x0, x15        x10=1c000100 x15:1c000100
14134217ns          231389 1c0088ee 0017c70b p.lbu            x14, 1(x15!)        x14=00000000 x15=1c000101 x15:1c000100  PA:1c000100
14134535ns          231405 1c0088f2 feb71ce3 bne              x14, x11, -8        x14:00000000 x11:00000064
14134595ns          231408 1c0088ea 00070763 beq              x14, x0, 14         x14:00000000
14134655ns          231411 1c0088f8 0015b593 sltiu            x11, x11, 1         x11=00000000 x11:00000064
14134674ns          231412 1c0088fc 40b005b3 sub              x11, x0, x11        x11=00000000 x11:00000000
14134694ns          231413 1c008900 00b57533 and              x10, x10, x11       x10=00000000 x10:1c000100 x11:00000000
14134714ns          231414 1c008902 00008067 jalr             x0, x1, 0            x1:1c008b1a
14134754ns          231416 1c008b1a 01300433 add              x8, x0, x19          x8=1c000049 x19:1c000049
14134774ns          231417 1c008b1c 00050563 beq              x10, x0, 10         x10:00000000
14134853ns          231421 1c008b26 06700693 addi             x13, x0, 103        x13=00000067
14134873ns          231422 1c008b2a 2896d963 bge              x13, x9, 658        x13:00000067  x9:00000064
14135013ns          231429 1c008dbc 06500693 addi             x13, x0, 101        x13=00000065
14135092ns          231433 1c008dc0 12d4d563 bge              x9, x13, 298         x9:00000064 x13:00000065
14135132ns          231435 1c008dc4 04700693 addi             x13, x0, 71         x13=00000047
14135152ns          231436 1c008dc8 dc96cbe3 blt              x13, x9, -554       x13:00000047  x9:00000064
14135291ns          231443 1c008b9e 06300693 addi             x13, x0, 99         x13=00000063
14135311ns          231444 1c008ba2 0ad488e3 beq              x9, x13, 2224        x9:00000064 x13:00000063
14135331ns          231445 1c008ba6 0096c9e3 blt              x13, x9, 2066       x13:00000063  x9:00000064
14135490ns          231453 1c0093b8 000c2583 lw               x11, 0(x24)         x11=00000003 x24:10001fb0  PA:10001fb0
14135530ns          231455 1c0093bc 004c0c13 addi             x24, x24, 4         x24=10001fb4 x24:10001fb0
14135589ns          231458 1c0093be 3405cc63 blt              x11, x0, 856        x11:00000003
14135609ns          231459 1c0093c2 01412603 lw               x12, 20(x2)         x12=00000000  x2:10001e58  PA:10001e6c
14135629ns          231460 1c0093c4 00b006b3 add              x13, x0, x11        x13=00000003 x11:00000003
14135649ns          231461 1c0093c6 2e061863 bne              x12, x0, 752        x12:00000000
14135669ns          231462 1c0093ca 01812703 lw               x14, 24(x2)         x14=00000000  x2:10001e58  PA:10001e70
14135689ns          231463 1c0093cc 019007b3 add              x15, x0, x25        x15=10001e7c x25:10001e7c
14135709ns          231464 1c0093ce 00070763 beq              x14, x0, 14         x14:00000000
14135768ns          231467 1c0093dc 00f00733 add              x14, x0, x15        x14=10001e7c x15:10001e7c
14135788ns          231468 1c0093de 00a00513 addi             x10, x0, 10         x10=0000000a
14135808ns          231469 1c0093e0 02a6f633 remu             x12, x13, x10       x12=00000003 x13:00000003 x10:0000000a
14136425ns          231500 1c0093e4 02a6d6b3 divu             x13, x13, x10       x13=00000000 x13:00000003 x10:0000000a
14137041ns          231531 1c0093e8 03060613 addi             x12, x12, 48        x12=00000033 x12:00000003
14137061ns          231532 1c0093ec 00c700ab p.sb             x12, 1(x14!)        x14=10001e7d x12:00000033 x14:10001e7c  PA:10001e7c
14137081ns          231533 1c0093f0 fe0698e3 bne              x13, x0, -16        x13:00000000
14137101ns          231534 1c0093f2 40f706b3 sub              x13, x14, x15       x13=00000001 x14:10001e7d x15:10001e7c
14137121ns          231535 1c0093f6 0146dc63 bge              x13, x20, 24        x13:00000001 x20:ffffffff
14137181ns          231538 1c00940e 00e006b3 add              x13, x0, x14        x13=10001e7d x14:10001e7d
14137240ns          231541 1c009410 fe068fab p.sb             x0, -1(x13!)        x13=10001e7c x13:10001e7d  PA:10001e7d
14137280ns          231543 1c009414 00d7fc63 bgeu             x15, x13, 24        x15:10001e7c x13:10001e7c
14137380ns          231548 1c00942c 01412783 lw               x15, 20(x2)         x15=00000000  x2:10001e58  PA:10001e6c
14137399ns          231549 1c00942e 01812603 lw               x12, 24(x2)         x12=00000000  x2:10001e58  PA:10001e70
14137459ns          231552 1c009430 419704b3 sub              x9, x14, x25         x9=00000001 x14:10001e7d x25:10001e7c
14137499ns          231554 1c009434 00c7e7b3 or               x15, x15, x12       x15=00000000 x15:00000000 x12:00000000
14137519ns          231555 1c009436 00f12623 sw               x15, 12(x2)         x15:00000000  x2:10001e58  PA:10001e64
14137539ns          231556 1c009438 00079363 bne              x15, x0, 6          x15:00000000
14137559ns          231557 1c00943a 01f5d593 srli             x11, x11, 0x1f      x11=00000000 x11:00000003
14137578ns          231558 1c00943c 00b12623 sw               x11, 12(x2)         x11:00000000  x2:10001e58  PA:10001e64
14137598ns          231559 1c00943e e3fa28e3 p.beqimm         x20, -464           x20:ffffffff
14137777ns          231568 1c00926e 0c800793 addi             x15, x0, 200        x15=000000c8
14137817ns          231570 1c009272 9e97d0e3 bge              x15, x9, -1568      x15:000000c8  x9:00000001
14137897ns          231574 1c008c52 0f24d163 bge              x9, x18, 226         x9:00000001 x18:00000000
14137956ns          231577 1c008d34 d00482e3 beq              x9, x0, -764         x9:00000001
14137976ns          231578 1c008d38 01900933 add              x18, x0, x25        x18=10001e7c x25:10001e7c
14137996ns          231579 1c008d3a 419d8db3 sub              x27, x27, x25       x27=efffe1ae x27:0000002a x25:10001e7c
14138016ns          231580 1c008d3e 00a0006f jal              x0, 10             
14138056ns          231582 1c008d48 0019450b p.lbu            x10, 1(x18!)        x10=00000033 x18=10001e7d x18:10001e7c  PA:10001e7c
14138076ns          231583 1c008d4c 01a005b3 add              x11, x0, x26        x11=00000002 x26:00000002
14138096ns          231584 1c008d4e 000b00e7 jalr             x1, x22, 0           x1=1c008d50 x22:1c008956
14138235ns          231591 1c008956 000026b7 lui              x13, 0x2000         x13=00002000
14138275ns          231593 1c008958 f14027f3 csrrs            x15, x0, 0xf14      x15=00000003
14138295ns          231594 1c00895c f8068693 addi             x13, x13, -128      x13=00001f80 x13:00002000
14138354ns          231597 1c008960 00379713 slli             x14, x15, 0x3       x14=00000018 x15:00000003
14138394ns          231599 1c008964 00279793 slli             x15, x15, 0x2       x15=0000000c x15:00000003
14138414ns          231600 1c008966 00d7f7b3 and              x15, x15, x13       x15=00000000 x15:0000000c x13:00001f80
14138434ns          231601 1c008968 ee873733 p.bclr           x14, x14, 23, 8     x14=00000018 x14:00000018
14138454ns          231602 1c00896c 1a10f6b7 lui              x13, 0x1a10f000     x13=1a10f000
14138493ns          231604 1c008970 0ff57513 andi             x10, x10, 255       x10=00000033 x10:00000033
14138533ns          231606 1c008974 00d70733 add              x14, x14, x13       x14=1a10f018 x14:00000018 x13:1a10f000
14138553ns          231607 1c008976 00a7e723 p.sw             x10, x0(x15)        x10:00000033 x15:00000000  PA:1a10f018
14138951ns          231627 1c00897a 00000513 addi             x10, x0, 0          x10=00000000
14138971ns          231628 1c00897c 00008067 jalr             x0, x1, 0            x1:1c008d50
14139011ns          231630 1c008d50 fff48493 addi             x9, x9, -1           x9=00000000  x9:00000001
14139030ns          231631 1c008d52 fff537e3 p.bneimm         x10, -18            x10:00000000
14139090ns          231634 1c008d40 012d8733 add              x14, x27, x18       x14=0000002b x27:efffe1ae x18:10001e7d
14139110ns          231635 1c008d44 5a048b63 beq              x9, x0, 1462         x9:00000000
14139210ns          231640 1c0092fa 00e00db3 add              x27, x0, x14        x27=0000002b x14:0000002b
14139249ns          231642 1c0092fc f3cff06f jal              x0, -2244          
14139389ns          231649 1c008a38 00044503 lbu              x10, 0(x8)          x10=00000029  x8:1c000049  PA:1c000049
14139707ns          231665 1c008a3c 00140413 addi             x8, x8, 1            x8=1c00004a  x8:1c000049
14139727ns          231666 1c008a3e 00050e63 beq              x10, x0, 28         x10:00000029
14139747ns          231667 1c008a40 02500793 addi             x15, x0, 37         x15=00000025
14139766ns          231668 1c008a44 04f50863 beq              x10, x15, 80        x10:00000029 x15:00000025
14139786ns          231669 1c008a48 01a005b3 add              x11, x0, x26        x11=00000002 x26:00000002
14139806ns          231670 1c008a4a 000b00e7 jalr             x1, x22, 0           x1=1c008a4c x22:1c008956
14139926ns          231676 1c008956 000026b7 lui              x13, 0x2000         x13=00002000
14139965ns          231678 1c008958 f14027f3 csrrs            x15, x0, 0xf14      x15=00000003
14139985ns          231679 1c00895c f8068693 addi             x13, x13, -128      x13=00001f80 x13:00002000
14140005ns          231680 1c008960 00379713 slli             x14, x15, 0x3       x14=00000018 x15:00000003
14140025ns          231681 1c008964 00279793 slli             x15, x15, 0x2       x15=0000000c x15:00000003
14140045ns          231682 1c008966 00d7f7b3 and              x15, x15, x13       x15=00000000 x15:0000000c x13:00001f80
14140065ns          231683 1c008968 ee873733 p.bclr           x14, x14, 23, 8     x14=00000018 x14:00000018
14140085ns          231684 1c00896c 1a10f6b7 lui              x13, 0x1a10f000     x13=1a10f000
14140105ns          231685 1c008970 0ff57513 andi             x10, x10, 255       x10=00000029 x10:00000029
14140124ns          231686 1c008974 00d70733 add              x14, x14, x13       x14=1a10f018 x14:00000018 x13:1a10f000
14140144ns          231687 1c008976 00a7e723 p.sw             x10, x0(x15)        x10:00000029 x15:00000000  PA:1a10f018
14140483ns          231704 1c00897a 00000513 addi             x10, x0, 0          x10=00000000
14140502ns          231705 1c00897c 00008067 jalr             x0, x1, 0            x1:1c008a4c
14140542ns          231707 1c008a4c 31f52563 p.beqimm         x10, 778            x10:00000000
14140562ns          231708 1c008a50 001d8d93 addi             x27, x27, 1         x27=0000002c x27:0000002b
14140582ns          231709 1c008a52 00044503 lbu              x10, 0(x8)          x10=0000000a  x8:1c00004a  PA:1c00004a
14140900ns          231725 1c008a56 00140413 addi             x8, x8, 1            x8=1c00004b  x8:1c00004a
14140920ns          231726 1c008a58 fe0514e3 bne              x10, x0, -24        x10:0000000a
14140980ns          231729 1c008a40 02500793 addi             x15, x0, 37         x15=00000025
14141000ns          231730 1c008a44 04f50863 beq              x10, x15, 80        x10:0000000a x15:00000025
14141020ns          231731 1c008a48 01a005b3 add              x11, x0, x26        x11=00000002 x26:00000002
14141039ns          231732 1c008a4a 000b00e7 jalr             x1, x22, 0           x1=1c008a4c x22:1c008956
14141079ns          231734 1c008956 000026b7 lui              x13, 0x2000         x13=00002000
14141099ns          231735 1c008958 f14027f3 csrrs            x15, x0, 0xf14      x15=00000003
14141119ns          231736 1c00895c f8068693 addi             x13, x13, -128      x13=00001f80 x13:00002000
14141139ns          231737 1c008960 00379713 slli             x14, x15, 0x3       x14=00000018 x15:00000003
14141159ns          231738 1c008964 00279793 slli             x15, x15, 0x2       x15=0000000c x15:00000003
14141179ns          231739 1c008966 00d7f7b3 and              x15, x15, x13       x15=00000000 x15:0000000c x13:00001f80
14141199ns          231740 1c008968 ee873733 p.bclr           x14, x14, 23, 8     x14=00000018 x14:00000018
14141218ns          231741 1c00896c 1a10f6b7 lui              x13, 0x1a10f000     x13=1a10f000
14141238ns          231742 1c008970 0ff57513 andi             x10, x10, 255       x10=0000000a x10:0000000a
14141258ns          231743 1c008974 00d70733 add              x14, x14, x13       x14=1a10f018 x14:00000018 x13:1a10f000
14141278ns          231744 1c008976 00a7e723 p.sw             x10, x0(x15)        x10:0000000a x15:00000000  PA:1a10f018
14141596ns          231760 1c00897a 00000513 addi             x10, x0, 0          x10=00000000
14141616ns          231761 1c00897c 00008067 jalr             x0, x1, 0            x1:1c008a4c
14141656ns          231763 1c008a4c 31f52563 p.beqimm         x10, 778            x10:00000000
14141676ns          231764 1c008a50 001d8d93 addi             x27, x27, 1         x27=0000002d x27:0000002c
14141696ns          231765 1c008a52 00044503 lbu              x10, 0(x8)          x10=00000000  x8:1c00004b  PA:1c00004b
14141994ns          231780 1c008a56 00140413 addi             x8, x8, 1            x8=1c00004c  x8:1c00004b
14142014ns          231781 1c008a58 fe0514e3 bne              x10, x0, -24        x10:00000000
14142034ns          231782 1c008a5a 01b00433 add              x8, x0, x27          x8=0000002d x27:0000002d
14142054ns          231783 1c008a5c 00800533 add              x10, x0, x8         x10=0000002d  x8:0000002d
14142074ns          231784 1c008a5e 12c12083 lw               x1, 300(x2)          x1=1c0089ea  x2:10001e58  PA:10001f84
14142094ns          231785 1c008a62 12812403 lw               x8, 296(x2)          x8=xxxxxxxx  x2:10001e58  PA:10001f80
14142114ns          231786 1c008a66 12412483 lw               x9, 292(x2)          x9=xxxxxxxx  x2:10001e58  PA:10001f7c
14142133ns          231787 1c008a6a 12012903 lw               x18, 288(x2)        x18=00000003  x2:10001e58  PA:10001f78
14142412ns          231801 1c008a6e 11c12983 lw               x19, 284(x2)        x19=xxxxxxxx  x2:10001e58  PA:10001f74
14142452ns          231803 1c008a72 11812a03 lw               x20, 280(x2)        x20=xxxxxxxx  x2:10001e58  PA:10001f70
14142472ns          231804 1c008a76 11412a83 lw               x21, 276(x2)        x21=xxxxxxxx  x2:10001e58  PA:10001f6c
14142491ns          231805 1c008a7a 11012b03 lw               x22, 272(x2)        x22=xxxxxxxx  x2:10001e58  PA:10001f68
14142929ns          231827 1c008a7e 10c12b83 lw               x23, 268(x2)        x23=xxxxxxxx  x2:10001e58  PA:10001f64
14142969ns          231829 1c008a82 10812c03 lw               x24, 264(x2)        x24=xxxxxxxx  x2:10001e58  PA:10001f60
14142989ns          231830 1c008a86 10412c83 lw               x25, 260(x2)        x25=xxxxxxxx  x2:10001e58  PA:10001f5c
14143009ns          231831 1c008a8a 10012d03 lw               x26, 256(x2)        x26=xxxxxxxx  x2:10001e58  PA:10001f58
14143029ns          231832 1c008a8e 0fc12d83 lw               x27, 252(x2)        x27=xxxxxxxx  x2:10001e58  PA:10001f54
14143068ns          231834 1c008a90 13010113 addi             x2, x2, 304          x2=10001f88  x2:10001e58
14143088ns          231835 1c008a92 00008067 jalr             x0, x1, 0            x1:1c0089ea
14143168ns          231839 1c0089ea 01c12083 lw               x1, 28(x2)           x1=1c0081f8  x2:10001f88  PA:10001fa4
14143208ns          231841 1c0089ec 04010113 addi             x2, x2, 64           x2=10001fc8  x2:10001f88
14143227ns          231842 1c0089ee 00008067 jalr             x0, x1, 0            x1:1c0081f8
14143347ns          231848 1c0081f8 00300793 addi             x15, x0, 3          x15=00000003
14143387ns          231850 1c0081fa 0127f463 bgeu             x15, x18, 8         x15:00000003 x18:00000003
14143924ns          231877 1c008202 377010ef jal              x1, 7030             x1=1c008206
14144381ns          231900 1c009d78 f14027f3 csrrs            x15, x0, 0xf14      x15=00000003
14144421ns          231902 1c009d7c 01f00713 addi             x14, x0, 31         x14=0000001f
14144858ns          231924 1c009d7e ca5797b3 p.extractu       x15, x15, 5, 5      x15=00000000 x15:00000003
14144898ns          231926 1c009d82 00e78863 beq              x15, x14, 16        x15:00000000 x14:0000001f
14144918ns          231927 1c009d86 002047b7 lui              x15, 0x204000       x15=00204000
14144938ns          231928 1c009d8a 20078793 addi             x15, x15, 512       x15=00204200 x15:00204000
14145376ns          231950 1c009d8e 01c7e703 p.elw            x14, 28(x15)        x14=00010000 x15:00204200  PA:0020421c
14145495ns          231956 1c009d92 00008067 jalr             x0, x1, 0            x1:1c008206
14145674ns          231965 1c008206 f14027f3 csrrs            x15, x0, 0xf14      x15=00000003
14145694ns          231966 1c00820a f457b7b3 p.bclr           x15, x15, 26, 5     x15=00000003 x15:00000003
14146171ns          231990 1c00820e 18078763 beq              x15, x0, 398        x15:00000003
14146191ns          231991 1c008212 00a00793 addi             x15, x0, 10         x15=0000000a
14146211ns          231992 1c008214 02f907b3 mul              x15, x18, x15       x15=0000001e x18:00000003 x15:0000000a
14146231ns          231993 1c008218 00279713 slli             x14, x15, 0x2       x14=00000078 x15:0000001e
14146251ns          231994 1c00821c 00178a13 addi             x20, x15, 1         x20=0000001f x15:0000001e
14146728ns          232018 1c008220 00278993 addi             x19, x15, 2         x19=00000020 x15:0000001e
14146768ns          232020 1c008224 00378093 addi             x1, x15, 3           x1=00000021 x15:0000001e
14146788ns          232021 1c008228 00478393 addi             x7, x15, 4           x7=00000022 x15:0000001e
14146808ns          232022 1c00822c 00578293 addi             x5, x15, 5           x5=00000023 x15:0000001e
14147325ns          232048 1c008230 00678f93 addi             x31, x15, 6         x31=00000024 x15:0000001e
14147365ns          232050 1c008234 00778f13 addi             x30, x15, 7         x30=00000025 x15:0000001e
14147385ns          232051 1c008238 00878e93 addi             x29, x15, 8         x29=00000026 x15:0000001e
14147405ns          232052 1c00823c 00978e13 addi             x28, x15, 9         x28=00000027 x15:0000001e
14147922ns          232078 1c008240 1c0104b7 lui              x9, 0x1c010000       x9=1c010000
14147961ns          232080 1c008244 06400793 addi             x15, x0, 100        x15=00000064
14147981ns          232081 1c008248 00048493 addi             x9, x9, 0            x9=1c010000  x9:1c010000
14148001ns          232082 1c00824c 002a1a13 slli             x20, x20, 0x2       x20=0000007c x20:0000001f
14148021ns          232083 1c00824e 00299993 slli             x19, x19, 0x2       x19=00000080 x19:00000020
14148518ns          232108 1c008250 00209093 slli             x1, x1, 0x2          x1=00000084  x1:00000021
14148538ns          232109 1c008252 00239393 slli             x7, x7, 0x2          x7=00000088  x7:00000022
14148558ns          232110 1c008254 00229293 slli             x5, x5, 0x2          x5=0000008c  x5:00000023
14148578ns          232111 1c008256 002f9f93 slli             x31, x31, 0x2       x31=00000090 x31:00000024
14148598ns          232112 1c008258 002f1f13 slli             x30, x30, 0x2       x30=00000094 x30:00000025
14148618ns          232113 1c00825a 002e9e93 slli             x29, x29, 0x2       x29=00000098 x29:00000026
14148638ns          232114 1c00825c 002e1e13 slli             x28, x28, 0x2       x28=0000009c x28:00000027
14149055ns          232135 1c00825e 02f907b3 mul              x15, x18, x15       x15=0000012c x18:00000003 x15:00000064
14149075ns          232136 1c008262 00279793 slli             x15, x15, 0x2       x15=000004b0 x15:0000012c
14149095ns          232137 1c008264 0a048693 addi             x13, x9, 160        x13=1c0100a0  x9:1c010000
14149115ns          232138 1c008268 6e048893 addi             x17, x9, 1760       x17=1c0106e0  x9:1c010000
14149135ns          232139 1c00826c 00000413 addi             x8, x0, 0            x8=00000000
14149573ns          232161 1c008270 20e4fb03 lw               x22, x14(x9)        x22=403f25f6 x14:00000078  x9:1c010000  PA:1c010078
14149891ns          232177 1c008274 2144fa03 lw               x20, x20(x9)        x20=41038465 x20:0000007c  x9:1c010000  PA:1c01007c
14150209ns          232193 1c008278 2134f983 lw               x19, x19(x9)        x19=3fc6fdc0 x19:00000080  x9:1c010000  PA:1c010080
14150507ns          232208 1c00827c 2014f083 lw               x1, x1(x9)           x1=40ebbbef  x1:00000084  x9:1c010000  PA:1c010084
14150806ns          232223 1c008280 2074f383 lw               x7, x7(x9)           x7=3ff4f96d  x7:00000088  x9:1c010000  PA:1c010088
14151104ns          232238 1c008284 2054f283 lw               x5, x5(x9)           x5=41144434  x5:0000008c  x9:1c010000  PA:1c01008c
14151403ns          232253 1c008288 21f4ff83 lw               x31, x31(x9)        x31=409f4312 x31:00000090  x9:1c010000  PA:1c010090
14151701ns          232268 1c00828c 21e4ff03 lw               x30, x30(x9)        x30=400b408d x30:00000094  x9:1c010000  PA:1c010094
14151999ns          232283 1c008290 21d4fe83 lw               x29, x29(x9)        x29=3f70ca8b x29:00000098  x9:1c010000  PA:1c010098
14152298ns          232298 1c008294 21c4fe03 lw               x28, x28(x9)        x28=4100d6eb x28:0000009c  x9:1c010000  PA:1c01009c
14152596ns          232313 1c008298 00d787b3 add              x15, x15, x13       x15=1c010550 x15:000004b0 x13:1c0100a0
14152616ns          232314 1c00829a 00e888b3 add              x17, x17, x14       x17=1c010758 x17:1c0106e0 x14:00000078
14152636ns          232315 1c00829c 00800ab3 add              x21, x0, x8         x21=00000000  x8:00000000
14152656ns          232316 1c00829e 00a00813 addi             x16, x0, 10         x16=0000000a
14152676ns          232317 1c0082a0 027840fb lp.setup         0x1, x16, 0x27      x16:0000000a
14152695ns          232318 1c0082a4 0007ab83 lw               x23, 0(x15)         x23=410f9f12 x15:1c010550  PA:1c010550
14153113ns          232339 1c0082a8 0047a683 lw               x13, 4(x15)         x13=4111f6da x15:1c010550  PA:1c010554
14153412ns          232354 1c0082aa a96bfbc3 fmadd.s          f23, f23, f22, f21  f23=xxxxxxxx f23:410f9f12 f22:403f25f6 f21:00000000
14153431ns          232355 1c0082ae 0087a703 lw               x14, 8(x15)         x14=410b32ef x15:1c010550  PA:1c010558
14153770ns          232372 1c0082b0 00c7a303 lw               x6, 12(x15)          x6=40d91dda x15:1c010550  PA:1c01055c
14154068ns          232387 1c0082b4 b8da76c3 fmadd.s          f13, f20, f13, f23  f13=xxxxxxxx f20:41038465 f13:4111f6da f23:41d679f5
14154088ns          232388 1c0082b8 0107ab83 lw               x23, 16(x15)        x23=40d2f79c x15:1c010550  PA:1c010560
14154386ns          232403 1c0082bc 0147a503 lw               x10, 20(x15)        x10=406f452c x15:1c010550  PA:1c010564
14154685ns          232418 1c0082be 68e9f743 fmadd.s          f14, f19, f14, f13  f14=xxxxxxxx f19:3fc6fdc0 f14:410b32ef f13:42cb981a
14154704ns          232419 1c0082c2 0187a583 lw               x11, 24(x15)        x11=3fe126b9 x15:1c010550  PA:1c010568
14155003ns          232434 1c0082c4 01c7a603 lw               x12, 28(x15)        x12=3fd07a84 x15:1c010550  PA:1c01056c
14155301ns          232449 1c0082c6 7060f343 fmadd.s          f6, f1, f6, f14      f6=xxxxxxxx  f1:40ebbbef  f6:40d91dda f14:42e6a4f2
14155321ns          232450 1c0082ca 0207a683 lw               x13, 32(x15)        x13=40661626 x15:1c010550  PA:1c010570
14155619ns          232465 1c0082cc 0247a703 lw               x14, 36(x15)        x14=411c93b7 x15:1c010550  PA:1c010574
14155918ns          232480 1c0082ce 3173fbc3 fmadd.s          f23, f7, f23, f6    f23=xxxxxxxx  f7:3ff4f96d f23:40d2f79c  f6:43254dec
14155938ns          232481 1c0082d2 0048a30b p.lw             x6, 4(x17!)          x6=40d37fbf x17=1c01075c x17:1c010758  PA:1c010758
14156256ns          232497 1c0082d6 02878793 addi             x15, x15, 40        x15=1c010578 x15:1c010550
14156276ns          232498 1c0082da b8a2f543 fmadd.s          f10, f5, f10, f23   f10=xxxxxxxx  f5:41144434 f10:406f452c f23:4331ec05
14156296ns          232499 1c0082de 50bff5c3 fmadd.s          f11, f31, f11, f10  f11=xxxxxxxx f31:409f4312 f11:3fe126b9 f10:435490f4
14156335ns          232501 1c0082e2 58cf7643 fmadd.s          f12, f30, f12, f11  f12=xxxxxxxx f30:400b408d f12:3fd07a84 f11:435d5215
14156355ns          232502 1c0082e6 60def6c3 fmadd.s          f13, f29, f13, f12  f13=xxxxxxxx f29:3f70ca8b f13:40661626 f12:4360dd4e
14156375ns          232503 1c0082ea 68ee7743 fmadd.s          f14, f28, f14, f13  f14=xxxxxxxx f28:4100d6eb f14:411c93b7 f13:43643ef9
14156813ns          232525 1c0082ee 40e37443 fmadd.s          f8, f6, f14, f8      f8=xxxxxxxx  f6:40d37fbf f14:43998624  f8:00000000
14156853ns          232527 1c0082a4 0007ab83 lw               x23, 0(x15)         x23=3f6db603 x15:1c010578  PA:1c010578
14157151ns          232542 1c0082a8 0047a683 lw               x13, 4(x15)         x13=408d7252 x15:1c010578  PA:1c01057c
14157449ns          232557 1c0082aa a96bfbc3 fmadd.s          f23, f23, f22, f21  f23=xxxxxxxx f23:3f6db603 f22:403f25f6 f21:00000000
14157469ns          232558 1c0082ae 0087a703 lw               x14, 8(x15)         x14=40e39bb2 x15:1c010578  PA:1c010580
14157768ns          232573 1c0082b0 00c7a303 lw               x6, 12(x15)          x6=3fe47194 x15:1c010578  PA:1c010584
14158066ns          232588 1c0082b4 b8da76c3 fmadd.s          f13, f20, f13, f23  f13=xxxxxxxx f20:41038465 f13:408d7252 f23:40317e0c
14158086ns          232589 1c0082b8 0107ab83 lw               x23, 16(x15)        x23=408489bf x15:1c010578  PA:1c010588
14158384ns          232604 1c0082bc 0147a503 lw               x10, 20(x15)        x10=3f850cb6 x15:1c010578  PA:1c01058c
14158683ns          232619 1c0082be 68e9f743 fmadd.s          f14, f19, f14, f13  f14=xxxxxxxx f19:3fc6fdc0 f14:40e39bb2 f13:421c6d2e
14158702ns          232620 1c0082c2 0187a583 lw               x11, 24(x15)        x11=3fa3b561 x15:1c010578  PA:1c010590
14159001ns          232635 1c0082c4 01c7a603 lw               x12, 28(x15)        x12=3ff6afbc x15:1c010578  PA:1c010594
14159299ns          232650 1c0082c6 7060f343 fmadd.s          f6, f1, f6, f14      f6=xxxxxxxx  f1:40ebbbef  f6:3fe47194 f14:4248a830
14159319ns          232651 1c0082ca 0207a683 lw               x13, 32(x15)        x13=40ee1d5c x15:1c010578  PA:1c010598
14159617ns          232666 1c0082cc 0247a703 lw               x14, 36(x15)        x14=40d9a269 x15:1c010578  PA:1c01059c
14159916ns          232681 1c0082ce 3173fbc3 fmadd.s          f23, f7, f23, f6    f23=xxxxxxxx  f7:3ff4f96d f23:408489bf  f6:427d3f2e
14159936ns          232682 1c0082d2 0048a30b p.lw             x6, 4(x17!)          x6=40a9a928 x17=1c010760 x17:1c01075c  PA:1c01075c
14160234ns          232697 1c0082d6 02878793 addi             x15, x15, 40        x15=1c0105a0 x15:1c010578
14160254ns          232698 1c0082da b8a2f543 fmadd.s          f10, f5, f10, f23   f10=xxxxxxxx  f5:41144434 f10:3f850cb6 f23:428e7a25
14160274ns          232699 1c0082de 50bff5c3 fmadd.s          f11, f31, f11, f10  f11=xxxxxxxx f31:409f4312 f11:3fa3b561 f10:42a1bdd8
14160294ns          232700 1c0082e2 58cf7643 fmadd.s          f12, f30, f12, f11  f12=xxxxxxxx f30:400b408d f12:3ff6afbc f11:42ae78e9
14160314ns          232701 1c0082e6 60def6c3 fmadd.s          f13, f29, f13, f12  f13=xxxxxxxx f29:3f70ca8b f13:40ee1d5c f12:42b6dbe3
14160333ns          232702 1c0082ea 68ee7743 fmadd.s          f14, f28, f14, f13  f14=xxxxxxxx f28:4100d6eb f14:40d9a269 f13:42c4db62
14160353ns          232703 1c0082ee 40e37443 fmadd.s          f8, f6, f14, f8      f8=xxxxxxxx  f6:40a9a928 f14:431931a6  f8:44fdac58
14160373ns          232704 1c0082a4 0007ab83 lw               x23, 0(x15)         x23=40e0611a x15:1c0105a0  PA:1c0105a0
14160672ns          232719 1c0082a8 0047a683 lw               x13, 4(x15)         x13=40c3c264 x15:1c0105a0  PA:1c0105a4
14160970ns          232734 1c0082aa a96bfbc3 fmadd.s          f23, f23, f22, f21  f23=xxxxxxxx f23:40e0611a f22:403f25f6 f21:00000000
14160990ns          232735 1c0082ae 0087a703 lw               x14, 8(x15)         x14=41145a46 x15:1c0105a0  PA:1c0105a8
14161288ns          232750 1c0082b0 00c7a303 lw               x6, 12(x15)          x6=3f67bfc1 x15:1c0105a0  PA:1c0105ac
14161587ns          232765 1c0082b4 b8da76c3 fmadd.s          f13, f20, f13, f23  f13=xxxxxxxx f20:41038465 f13:40c3c264 f23:41a789b8
14161606ns          232766 1c0082b8 0107ab83 lw               x23, 16(x15)        x23=41072c8e x15:1c0105a0  PA:1c0105b0
14161905ns          232781 1c0082bc 0147a503 lw               x10, 20(x15)        x10=40b76c4d x15:1c0105a0  PA:1c0105b4
14162223ns          232797 1c0082be 68e9f743 fmadd.s          f14, f19, f14, f13  f14=xxxxxxxx f19:3fc6fdc0 f14:41145a46 f13:428e7425
14162243ns          232798 1c0082c2 0187a583 lw               x11, 24(x15)        x11=4103b4c8 x15:1c0105a0  PA:1c0105b8
14162541ns          232813 1c0082c4 01c7a603 lw               x12, 28(x15)        x12=41120544 x15:1c0105a0  PA:1c0105bc
14162840ns          232828 1c0082c6 7060f343 fmadd.s          f6, f1, f6, f14      f6=xxxxxxxx  f1:40ebbbef  f6:3f67bfc1 f14:42ab485d
14162860ns          232829 1c0082ca 0207a683 lw               x13, 32(x15)        x13=3e8f59dd x15:1c0105a0  PA:1c0105c0
14163158ns          232844 1c0082cc 0247a703 lw               x14, 36(x15)        x14=411780c4 x15:1c0105a0  PA:1c0105c4
14163476ns          232860 1c0082ce 3173fbc3 fmadd.s          f23, f7, f23, f6    f23=xxxxxxxx  f7:3ff4f96d f23:41072c8e  f6:42b89ecf
14163496ns          232861 1c0082d2 0048a30b p.lw             x6, 4(x17!)          x6=40ee0f7d x17=1c010764 x17:1c010760  PA:1c010760
14163794ns          232876 1c0082d6 02878793 addi             x15, x15, 40        x15=1c0105c8 x15:1c0105a0
14163814ns          232877 1c0082da b8a2f543 fmadd.s          f10, f5, f10, f23   f10=xxxxxxxx  f5:41144434 f10:40b76c4d f23:42d8f55a
14163834ns          232878 1c0082de 50bff5c3 fmadd.s          f11, f31, f11, f10  f11=xxxxxxxx f31:409f4312 f11:4103b4c8 f10:4321986a
14163854ns          232879 1c0082e2 58cf7643 fmadd.s          f12, f30, f12, f11  f12=xxxxxxxx f30:400b408d f12:41120544 f11:434a904f
14163874ns          232880 1c0082e6 60def6c3 fmadd.s          f13, f29, f13, f12  f13=xxxxxxxx f29:3f70ca8b f13:3e8f59dd f12:435e6bba
14163894ns          232881 1c0082ea 68ee7743 fmadd.s          f14, f28, f14, f13  f14=xxxxxxxx f28:4100d6eb f14:411780c4 f13:435eaf25
14163914ns          232882 1c0082ee 40e37443 fmadd.s          f8, f6, f14, f8      f8=xxxxxxxx  f6:40ee0f7d f14:4395775c  f8:453199ac
14163934ns          232883 1c0082a4 0007ab83 lw               x23, 0(x15)         x23=40028cc6 x15:1c0105c8  PA:1c0105c8
14164232ns          232898 1c0082a8 0047a683 lw               x13, 4(x15)         x13=400ff1ed x15:1c0105c8  PA:1c0105cc
14164530ns          232913 1c0082aa a96bfbc3 fmadd.s          f23, f23, f22, f21  f23=xxxxxxxx f23:40028cc6 f22:403f25f6 f21:00000000
14164550ns          232914 1c0082ae 0087a703 lw               x14, 8(x15)         x14=3fca7a33 x15:1c0105c8  PA:1c0105d0
14164869ns          232930 1c0082b0 00c7a303 lw               x6, 12(x15)          x6=40848900 x15:1c0105c8  PA:1c0105d4
14165167ns          232945 1c0082b4 b8da76c3 fmadd.s          f13, f20, f13, f23  f13=xxxxxxxx f20:41038465 f13:400ff1ed f23:40c2f4c7
14165187ns          232946 1c0082b8 0107ab83 lw               x23, 16(x15)        x23=40d9d118 x15:1c0105c8  PA:1c0105d8
14165485ns          232961 1c0082bc 0147a503 lw               x10, 20(x15)        x10=4009a793 x15:1c0105c8  PA:1c0105dc
14165784ns          232976 1c0082be 68e9f743 fmadd.s          f14, f19, f14, f13  f14=xxxxxxxx f19:3fc6fdc0 f14:3fca7a33 f13:41c4a3ad
14165803ns          232977 1c0082c2 0187a583 lw               x11, 24(x15)        x11=402d4263 x15:1c0105c8  PA:1c0105e0
14166122ns          232993 1c0082c4 01c7a603 lw               x12, 28(x15)        x12=4116902b x15:1c0105c8  PA:1c0105e4
14166420ns          233008 1c0082c6 7060f343 fmadd.s          f6, f1, f6, f14      f6=xxxxxxxx  f1:40ebbbef  f6:40848900 f14:41d85014
14166440ns          233009 1c0082ca 0207a683 lw               x13, 32(x15)        x13=3f078197 x15:1c0105c8  PA:1c0105e8
14166738ns          233024 1c0082cc 0247a703 lw               x14, 36(x15)        x14=4051a94a x15:1c0105c8  PA:1c0105ec
14167037ns          233039 1c0082ce 3173fbc3 fmadd.s          f23, f7, f23, f6    f23=xxxxxxxx  f7:3ff4f96d f23:40d9d118  f6:42663319
14167057ns          233040 1c0082d2 0048a30b p.lw             x6, 4(x17!)          x6=40ebee87 x17=1c010768 x17:1c010764  PA:1c010764
14167355ns          233055 1c0082d6 02878793 addi             x15, x15, 40        x15=1c0105f0 x15:1c0105c8
14167375ns          233056 1c0082da b8a2f543 fmadd.s          f10, f5, f10, f23   f10=xxxxxxxx  f5:41144434 f10:4009a793 f23:428d277d
14167395ns          233057 1c0082de 50bff5c3 fmadd.s          f11, f31, f11, f10  f11=xxxxxxxx f31:409f4312 f11:402d4263 f10:42b50444
14167415ns          233058 1c0082e2 58cf7643 fmadd.s          f12, f30, f12, f11  f12=xxxxxxxx f30:400b408d f12:4116902b f11:42cff6ac
14167434ns          233059 1c0082e6 60def6c3 fmadd.s          f13, f29, f13, f12  f13=xxxxxxxx f29:3f70ca8b f13:3f078197 f12:42f8e9cb
14167454ns          233060 1c0082ea 68ee7743 fmadd.s          f14, f28, f14, f13  f14=xxxxxxxx f28:4100d6eb f14:4051a94a f13:42f9e8b4
14167474ns          233061 1c0082ee 40e37443 fmadd.s          f8, f6, f14, f8      f8=xxxxxxxx  f6:40ebee87 f14:43175584  f8:459e4bd7
14167494ns          233062 1c0082a4 0007ab83 lw               x23, 0(x15)         x23=40de5e55 x15:1c0105f0  PA:1c0105f0
14167793ns          233077 1c0082a8 0047a683 lw               x13, 4(x15)         x13=40c765fe x15:1c0105f0  PA:1c0105f4
14168091ns          233092 1c0082aa a96bfbc3 fmadd.s          f23, f23, f22, f21  f23=xxxxxxxx f23:40de5e55 f22:403f25f6 f21:00000000
14168111ns          233093 1c0082ae 0087a703 lw               x14, 8(x15)         x14=4117dbfb x15:1c0105f0  PA:1c0105f8
14168409ns          233108 1c0082b0 00c7a303 lw               x6, 12(x15)          x6=40e32e23 x15:1c0105f0  PA:1c0105fc
14168707ns          233123 1c0082b4 b8da76c3 fmadd.s          f13, f20, f13, f23  f13=xxxxxxxx f20:41038465 f13:40c765fe f23:41a6095b
14168727ns          233124 1c0082b8 0107ab83 lw               x23, 16(x15)        x23=40ff1847 x15:1c0105f0  PA:1c010600
14169026ns          233139 1c0082bc 0147a503 lw               x10, 20(x15)        x10=3f8657a0 x15:1c0105f0  PA:1c010604
14169324ns          233154 1c0082be 68e9f743 fmadd.s          f14, f19, f14, f13  f14=xxxxxxxx f19:3fc6fdc0 f14:4117dbfb f13:428ff2a7
14169344ns          233155 1c0082c2 0187a583 lw               x11, 24(x15)        x11=3ff4bda8 x15:1c0105f0  PA:1c010608
14169642ns          233170 1c0082c4 01c7a603 lw               x12, 28(x15)        x12=407a2c41 x15:1c0105f0  PA:1c01060c
14169941ns          233185 1c0082c6 7060f343 fmadd.s          f6, f1, f6, f14      f6=xxxxxxxx  f1:40ebbbef  f6:40e32e23 f14:42ad7552
14169961ns          233186 1c0082ca 0207a683 lw               x13, 32(x15)        x13=41054d2a x15:1c0105f0  PA:1c010610
14170259ns          233201 1c0082cc 0247a703 lw               x14, 36(x15)        x14=404720de x15:1c0105f0  PA:1c010614
14170557ns          233216 1c0082ce 3173fbc3 fmadd.s          f23, f7, f23, f6    f23=xxxxxxxx  f7:3ff4f96d f23:40ff1847  f6:430b0731
14170577ns          233217 1c0082d2 0048a30b p.lw             x6, 4(x17!)          x6=406fcace x17=1c01076c x17:1c010768  PA:1c010768
14170876ns          233232 1c0082d6 02878793 addi             x15, x15, 40        x15=1c010618 x15:1c0105f0
14170895ns          233233 1c0082da b8a2f543 fmadd.s          f10, f5, f10, f23   f10=xxxxxxxx  f5:41144434 f10:3f8657a0 f23:431a48ec
14170915ns          233234 1c0082de 50bff5c3 fmadd.s          f11, f31, f11, f10  f11=xxxxxxxx f31:409f4312 f11:3ff4bda8 f10:432402ba
14170935ns          233235 1c0082e2 58cf7643 fmadd.s          f12, f30, f12, f11  f12=xxxxxxxx f30:400b408d f12:407a2c41 f11:432d86d9
14170955ns          233236 1c0082e6 60def6c3 fmadd.s          f13, f29, f13, f12  f13=xxxxxxxx f29:3f70ca8b f13:41054d2a f12:4336082b
14170975ns          233237 1c0082ea 68ee7743 fmadd.s          f14, f28, f14, f13  f14=xxxxxxxx f28:4100d6eb f14:404720de f13:433dde48
14170995ns          233238 1c0082ee 40e37443 fmadd.s          f8, f6, f14, f8      f8=xxxxxxxx  f6:406fcace f14:4356ec2f  f8:45c129f7
14171015ns          233239 1c0082a4 0007ab83 lw               x23, 0(x15)         x23=40ff437f x15:1c010618  PA:1c010618
14171313ns          233254 1c0082a8 0047a683 lw               x13, 4(x15)         x13=3f3e4c5a x15:1c010618  PA:1c01061c
14171612ns          233269 1c0082aa a96bfbc3 fmadd.s          f23, f23, f22, f21  f23=xxxxxxxx f23:40ff437f f22:403f25f6 f21:00000000
14171631ns          233270 1c0082ae 0087a703 lw               x14, 8(x15)         x14=401e5573 x15:1c010618  PA:1c010620
14171930ns          233285 1c0082b0 00c7a303 lw               x6, 12(x15)          x6=40be62ac x15:1c010618  PA:1c010624
14172228ns          233300 1c0082b4 b8da76c3 fmadd.s          f13, f20, f13, f23  f13=xxxxxxxx f20:41038465 f13:3f3e4c5a f23:41be9936
14172248ns          233301 1c0082b8 0107ab83 lw               x23, 16(x15)        x23=3fb96c20 x15:1c010618  PA:1c010628
14172546ns          233316 1c0082bc 0147a503 lw               x10, 20(x15)        x10=40a0a90c x15:1c010618  PA:1c01062c
14172865ns          233332 1c0082be 68e9f743 fmadd.s          f14, f19, f14, f13  f14=xxxxxxxx f19:3fc6fdc0 f14:401e5573 f13:41ef7af4
14172885ns          233333 1c0082c2 0187a583 lw               x11, 24(x15)        x11=40e64666 x15:1c010618  PA:1c010630
14173183ns          233348 1c0082c4 01c7a603 lw               x12, 28(x15)        x12=411283da x15:1c010618  PA:1c010634
14173481ns          233363 1c0082c6 7060f343 fmadd.s          f6, f1, f6, f14      f6=xxxxxxxx  f1:40ebbbef  f6:40be62ac f14:42071fdb
14173501ns          233364 1c0082ca 0207a683 lw               x13, 32(x15)        x13=401f9558 x15:1c010618  PA:1c010638
14173800ns          233379 1c0082cc 0247a703 lw               x14, 36(x15)        x14=40b3fadd x15:1c010618  PA:1c01063c
14174118ns          233395 1c0082ce 3173fbc3 fmadd.s          f23, f7, f23, f6    f23=xxxxxxxx  f7:3ff4f96d f23:3fb96c20  f6:429b3819
14174138ns          233396 1c0082d2 0048a30b p.lw             x6, 4(x17!)          x6=40bbb290 x17=1c010770 x17:1c01076c  PA:1c01076c
14174436ns          233411 1c0082d6 02878793 addi             x15, x15, 40        x15=1c010640 x15:1c010618
14174456ns          233412 1c0082da b8a2f543 fmadd.s          f10, f5, f10, f23   f10=xxxxxxxx  f5:41144434 f10:40a0a90c f23:42a0c397
14174476ns          233413 1c0082de 50bff5c3 fmadd.s          f11, f31, f11, f10  f11=xxxxxxxx f31:409f4312 f11:40e64666 f10:42fdd01f
14174496ns          233414 1c0082e2 58cf7643 fmadd.s          f12, f30, f12, f11  f12=xxxxxxxx f30:400b408d f12:411283da f11:4322b893
14174516ns          233415 1c0082e6 60def6c3 fmadd.s          f13, f29, f13, f12  f13=xxxxxxxx f29:3f70ca8b f13:401f9558 f12:4336a535
14174535ns          233416 1c0082ea 68ee7743 fmadd.s          f14, f28, f14, f13  f14=xxxxxxxx f28:4100d6eb f14:40b3fadd f13:4338fd9e
14174555ns          233417 1c0082ee 40e37443 fmadd.s          f8, f6, f14, f8      f8=xxxxxxxx  f6:40bbb290 f14:436647e2  f8:45da540f
14174575ns          233418 1c0082a4 0007ab83 lw               x23, 0(x15)         x23=40febd02 x15:1c010640  PA:1c010640
14174874ns          233433 1c0082a8 0047a683 lw               x13, 4(x15)         x13=40e2f8e8 x15:1c010640  PA:1c010644
14175172ns          233448 1c0082aa a96bfbc3 fmadd.s          f23, f23, f22, f21  f23=xxxxxxxx f23:40febd02 f22:403f25f6 f21:00000000
14175192ns          233449 1c0082ae 0087a703 lw               x14, 8(x15)         x14=408bbc5c x15:1c010640  PA:1c010648
14175510ns          233465 1c0082b0 00c7a303 lw               x6, 12(x15)          x6=40fbdd0f x15:1c010640  PA:1c01064c
14175808ns          233480 1c0082b4 b8da76c3 fmadd.s          f13, f20, f13, f23  f13=xxxxxxxx f20:41038465 f13:40e2f8e8 f23:41be34cb
14175828ns          233481 1c0082b8 0107ab83 lw               x23, 16(x15)        x23=3ff71021 x15:1c010640  PA:1c010650
14176127ns          233496 1c0082bc 0147a503 lw               x10, 20(x15)        x10=40cb3b93 x15:1c010640  PA:1c010654
14176425ns          233511 1c0082be 68e9f743 fmadd.s          f14, f19, f14, f13  f14=xxxxxxxx f19:3fc6fdc0 f14:408bbc5c f13:42a427f3
14176445ns          233512 1c0082c2 0187a583 lw               x11, 24(x15)        x11=3f8601b0 x15:1c010640  PA:1c010658
14176763ns          233528 1c0082c4 01c7a603 lw               x12, 28(x15)        x12=40f27e4b x15:1c010640  PA:1c01065c
14177062ns          233543 1c0082c6 7060f343 fmadd.s          f6, f1, f6, f14      f6=xxxxxxxx  f1:40ebbbef  f6:40fbdd0f f14:42b1bbb9
14177082ns          233544 1c0082ca 0207a683 lw               x13, 32(x15)        x13=40bc2fd0 x15:1c010640  PA:1c010660
14177380ns          233559 1c0082cc 0247a703 lw               x14, 36(x15)        x14=403649b1 x15:1c010640  PA:1c010664
14177678ns          233574 1c0082ce 3173fbc3 fmadd.s          f23, f7, f23, f6    f23=xxxxxxxx  f7:3ff4f96d f23:3ff71021  f6:4312d911
14177698ns          233575 1c0082d2 0048a30b p.lw             x6, 4(x17!)          x6=40a52553 x17=1c010774 x17:1c010770  PA:1c010770
14177996ns          233590 1c0082d6 02878793 addi             x15, x15, 40        x15=1c010668 x15:1c010640
14178016ns          233591 1c0082da b8a2f543 fmadd.s          f10, f5, f10, f23   f10=xxxxxxxx  f5:41144434 f10:40cb3b93 f23:43168ac1
14178036ns          233592 1c0082de 50bff5c3 fmadd.s          f11, f31, f11, f10  f11=xxxxxxxx f31:409f4312 f11:3f8601b0 f10:4351650c
14178056ns          233593 1c0082e2 58cf7643 fmadd.s          f12, f30, f12, f11  f12=xxxxxxxx f30:400b408d f12:40f27e4b f11:43569aef
14178076ns          233594 1c0082e6 60def6c3 fmadd.s          f13, f29, f13, f12  f13=xxxxxxxx f29:3f70ca8b f13:40bc2fd0 f12:436717e6
14178096ns          233595 1c0082ea 68ee7743 fmadd.s          f14, f28, f14, f13  f14=xxxxxxxx f28:4100d6eb f14:403649b1 f13:436c9ff4
14178116ns          233596 1c0082ee 40e37443 fmadd.s          f8, f6, f14, f8      f8=xxxxxxxx  f6:40a52553 f14:4381c7b6  f8:460244ec
14178136ns          233597 1c0082a4 0007ab83 lw               x23, 0(x15)         x23=3f6e7272 x15:1c010668  PA:1c010668
14178434ns          233612 1c0082a8 0047a683 lw               x13, 4(x15)         x13=41057397 x15:1c010668  PA:1c01066c
14178732ns          233627 1c0082aa a96bfbc3 fmadd.s          f23, f23, f22, f21  f23=xxxxxxxx f23:3f6e7272 f22:403f25f6 f21:00000000
14178752ns          233628 1c0082ae 0087a703 lw               x14, 8(x15)         x14=4118aab4 x15:1c010668  PA:1c010670
14179051ns          233643 1c0082b0 00c7a303 lw               x6, 12(x15)          x6=3d7a0ef9 x15:1c010668  PA:1c010674
14179349ns          233658 1c0082b4 b8da76c3 fmadd.s          f13, f20, f13, f23  f13=xxxxxxxx f20:41038465 f13:41057397 f23:40320abf
14179369ns          233659 1c0082b8 0107ab83 lw               x23, 16(x15)        x23=407e59d6 x15:1c010668  PA:1c010678
14179667ns          233674 1c0082bc 0147a503 lw               x10, 20(x15)        x10=402393ff x15:1c010668  PA:1c01067c
14179966ns          233689 1c0082be 68e9f743 fmadd.s          f14, f19, f14, f13  f14=xxxxxxxx f19:3fc6fdc0 f14:4118aab4 f13:428eaeab
14179986ns          233690 1c0082c2 0187a583 lw               x11, 24(x15)        x11=407d7e26 x15:1c010668  PA:1c010680
14180284ns          233705 1c0082c4 01c7a603 lw               x12, 28(x15)        x12=41088995 x15:1c010668  PA:1c010684
14180582ns          233720 1c0082c6 7060f343 fmadd.s          f6, f1, f6, f14      f6=xxxxxxxx  f1:40ebbbef  f6:3d7a0ef9 f14:42ac5982
14180602ns          233721 1c0082ca 0207a683 lw               x13, 32(x15)        x13=40d72796 x15:1c010668  PA:1c010688
14180901ns          233736 1c0082cc 0247a703 lw               x14, 36(x15)        x14=40de19af x15:1c010668  PA:1c01068c
14181199ns          233751 1c0082ce 3173fbc3 fmadd.s          f23, f7, f23, f6    f23=xxxxxxxx  f7:3ff4f96d f23:407e59d6  f6:42ad3fc5
14181219ns          233752 1c0082d2 0048a30b p.lw             x6, 4(x17!)          x6=41157ccd x17=1c010778 x17:1c010774  PA:1c010774
14181517ns          233767 1c0082d6 02878793 addi             x15, x15, 40        x15=1c010690 x15:1c010668
14181537ns          233768 1c0082da b8a2f543 fmadd.s          f10, f5, f10, f23   f10=xxxxxxxx  f5:41144434 f10:402393ff f23:42bc761c
14181557ns          233769 1c0082de 50bff5c3 fmadd.s          f11, f31, f11, f10  f11=xxxxxxxx f31:409f4312 f11:407d7e26 f10:42ebd4ae
14181577ns          233770 1c0082e2 58cf7643 fmadd.s          f12, f30, f12, f11  f12=xxxxxxxx f30:400b408d f12:41088995 f11:4309a0cf
14181597ns          233771 1c0082e6 60def6c3 fmadd.s          f13, f29, f13, f12  f13=xxxxxxxx f29:3f70ca8b f13:40d72796 f12:431c3217
14181617ns          233772 1c0082ea 68ee7743 fmadd.s          f14, f28, f14, f13  f14=xxxxxxxx f28:4100d6eb f14:40de19af f13:43228512
14181636ns          233773 1c0082ee 40e37443 fmadd.s          f8, f6, f14, f8      f8=xxxxxxxx  f6:41157ccd f14:435a68b8  f8:46173315
14181656ns          233774 1c0082a4 0007ab83 lw               x23, 0(x15)         x23=4111e8a7 x15:1c010690  PA:1c010690
14181955ns          233789 1c0082a8 0047a683 lw               x13, 4(x15)         x13=40afc987 x15:1c010690  PA:1c010694
14182253ns          233804 1c0082aa a96bfbc3 fmadd.s          f23, f23, f22, f21  f23=xxxxxxxx f23:4111e8a7 f22:403f25f6 f21:00000000
14182273ns          233805 1c0082ae 0087a703 lw               x14, 8(x15)         x14=4038c891 x15:1c010690  PA:1c010698
14182571ns          233820 1c0082b0 00c7a303 lw               x6, 12(x15)          x6=403c2f8e x15:1c010690  PA:1c01069c
14182870ns          233835 1c0082b4 b8da76c3 fmadd.s          f13, f20, f13, f23  f13=xxxxxxxx f20:41038465 f13:40afc987 f23:41d9e46f
14182890ns          233836 1c0082b8 0107ab83 lw               x23, 16(x15)        x23=40c99b68 x15:1c010690  PA:1c0106a0
14183188ns          233851 1c0082bc 0147a503 lw               x10, 20(x15)        x10=3f315ecd x15:1c010690  PA:1c0106a4
14183506ns          233867 1c0082be 68e9f743 fmadd.s          f14, f19, f14, f13  f14=xxxxxxxx f19:3fc6fdc0 f14:4038c891 f13:4290c825
14183526ns          233868 1c0082c2 0187a583 lw               x11, 24(x15)        x11=40fa6662 x15:1c010690  PA:1c0106a8
14183824ns          233883 1c0082c4 01c7a603 lw               x12, 28(x15)        x12=3f5bb9db x15:1c010690  PA:1c0106ac
14184123ns          233898 1c0082c6 7060f343 fmadd.s          f6, f1, f6, f14      f6=xxxxxxxx  f1:40ebbbef  f6:403c2f8e f14:4299c24a
14184143ns          233899 1c0082ca 0207a683 lw               x13, 32(x15)        x13=411c041a x15:1c010690  PA:1c0106b0
14184441ns          233914 1c0082cc 0247a703 lw               x14, 36(x15)        x14=411946c5 x15:1c010690  PA:1c0106b4
14184759ns          233930 1c0082ce 3173fbc3 fmadd.s          f23, f7, f23, f6    f23=xxxxxxxx  f7:3ff4f96d f23:40c99b68  f6:42c514bd
14184779ns          233931 1c0082d2 0048a30b p.lw             x6, 4(x17!)          x6=40c536f2 x17=1c01077c x17:1c010778  PA:1c010778
14185078ns          233946 1c0082d6 02878793 addi             x15, x15, 40        x15=1c0106b8 x15:1c010690
14185097ns          233947 1c0082da b8a2f543 fmadd.s          f10, f5, f10, f23   f10=xxxxxxxx  f5:41144434 f10:3f315ecd f23:42dd324f
14185117ns          233948 1c0082de 50bff5c3 fmadd.s          f11, f31, f11, f10  f11=xxxxxxxx f31:409f4312 f11:40fa6662 f10:42ea0991
14185137ns          233949 1c0082e2 58cf7643 fmadd.s          f12, f30, f12, f11  f12=xxxxxxxx f30:400b408d f12:3f5bb9db f11:431bf695
14185157ns          233950 1c0082e6 60def6c3 fmadd.s          f13, f29, f13, f12  f13=xxxxxxxx f29:3f70ca8b f13:411c041a f12:431dd4aa
14185177ns          233951 1c0082ea 68ee7743 fmadd.s          f14, f28, f14, f13  f14=xxxxxxxx f28:4100d6eb f14:411946c5 f13:4327009f
14185197ns          233952 1c0082ee 40e37443 fmadd.s          f8, f6, f14, f8      f8=xxxxxxxx  f6:40c536f2 f14:437424af  f8:46371570
14185217ns          233953 1c0082a4 0007ab83 lw               x23, 0(x15)         x23=408bed92 x15:1c0106b8  PA:1c0106b8
14185515ns          233968 1c0082a8 0047a683 lw               x13, 4(x15)         x13=40c96b7a x15:1c0106b8  PA:1c0106bc
14185814ns          233983 1c0082aa a96bfbc3 fmadd.s          f23, f23, f22, f21  f23=xxxxxxxx f23:408bed92 f22:403f25f6 f21:00000000
14185833ns          233984 1c0082ae 0087a703 lw               x14, 8(x15)         x14=410dcc49 x15:1c0106b8  PA:1c0106c0
14186152ns          234000 1c0082b0 00c7a303 lw               x6, 12(x15)          x6=40bb7745 x15:1c0106b8  PA:1c0106c4
14186450ns          234015 1c0082b4 b8da76c3 fmadd.s          f13, f20, f13, f23  f13=xxxxxxxx f20:41038465 f13:40c96b7a f23:4150f5ff
14186470ns          234016 1c0082b8 0107ab83 lw               x23, 16(x15)        x23=409c11c4 x15:1c0106b8  PA:1c0106c8
14186768ns          234031 1c0082bc 0147a503 lw               x10, 20(x15)        x10=40b176c8 x15:1c0106b8  PA:1c0106cc
14187067ns          234046 1c0082be 68e9f743 fmadd.s          f14, f19, f14, f13  f14=xxxxxxxx f19:3fc6fdc0 f14:410dcc49 f13:428198ea
14187087ns          234047 1c0082c2 0187a583 lw               x11, 24(x15)        x11=405f6bcc x15:1c0106b8  PA:1c0106d0
14187385ns          234062 1c0082c4 01c7a603 lw               x12, 28(x15)        x12=40d6a557 x15:1c0106b8  PA:1c0106d4
14187683ns          234077 1c0082c6 7060f343 fmadd.s          f6, f1, f6, f14      f6=xxxxxxxx  f1:40ebbbef  f6:40bb7745 f14:429d270d
14187703ns          234078 1c0082ca 0207a683 lw               x13, 32(x15)        x13=4108d851 x15:1c0106b8  PA:1c0106d8
14188002ns          234093 1c0082cc 0247a703 lw               x14, 36(x15)        x14=40ea4c46 x15:1c0106b8  PA:1c0106dc
14188300ns          234108 1c0082ce 3173fbc3 fmadd.s          f23, f7, f23, f6    f23=xxxxxxxx  f7:3ff4f96d f23:409c11c4  f6:42f3771b
14188320ns          234109 1c0082d2 0048a30b p.lw             x6, 4(x17!)          x6=40a6e7d8 x17=1c010780 x17:1c01077c  PA:1c01077c
14188618ns          234124 1c0082d6 02878793 addi             x15, x15, 40        x15=1c0106e0 x15:1c0106b8
14188638ns          234125 1c0082da b8a2f543 fmadd.s          f10, f5, f10, f23   f10=xxxxxxxx  f5:41144434 f10:40b176c8 f23:4303111d
14188658ns          234126 1c0082de 50bff5c3 fmadd.s          f11, f31, f11, f10  f11=xxxxxxxx f31:409f4312 f11:405f6bcc f10:43367517
14188678ns          234127 1c0082e2 58cf7643 fmadd.s          f12, f30, f12, f11  f12=xxxxxxxx f30:400b408d f12:40d6a557 f11:4347d4e7
14188698ns          234128 1c0082e6 60def6c3 fmadd.s          f13, f29, f13, f12  f13=xxxxxxxx f29:3f70ca8b f13:4108d851 f12:43566d24
14188718ns          234129 1c0082ea 68ee7743 fmadd.s          f14, f28, f14, f13  f14=xxxxxxxx f28:4100d6eb f14:40ea4c46 f13:435e7895
14188737ns          234130 1c0082ee 40e37443 fmadd.s          f8, f6, f14, f8      f8=xxxxxxxx  f6:40a6e7d8 f14:438cb700  f8:464e9804
14188757ns          234131 1c0082f2 287010ef jal              x1, 6790             x1=1c0082f6
14188797ns          234133 1c009d78 f14027f3 csrrs            x15, x0, 0xf14      x15=00000003
14188817ns          234134 1c009d7c 01f00713 addi             x14, x0, 31         x14=0000001f
14188837ns          234135 1c009d7e ca5797b3 p.extractu       x15, x15, 5, 5      x15=00000000 x15:00000003
14188857ns          234136 1c009d82 00e78863 beq              x15, x14, 16        x15:00000000 x14:0000001f
14188877ns          234137 1c009d86 002047b7 lui              x15, 0x204000       x15=00204000
14188897ns          234138 1c009d8a 20078793 addi             x15, x15, 512       x15=00204200 x15:00204000
14188917ns          234139 1c009d8e 01c7e703 p.elw            x14, 28(x15)        x14=00010000 x15:00204200  PA:0020421c
14189235ns          234155 1c009d92 00008067 jalr             x0, x1, 0            x1:1c0082f6
14189294ns          234158 1c0082f6 f14027f3 csrrs            x15, x0, 0xf14      x15=00000003
14189314ns          234159 1c0082fa f457b7b3 p.bclr           x15, x15, 26, 5     x15=00000003 x15:00000003
14189334ns          234160 1c0082fe 0a078f63 beq              x15, x0, 190        x15:00000003
14189831ns          234185 1c008300 00391793 slli             x15, x18, 0x3       x15=00000018 x18:00000003
14189871ns          234187 1c008304 009787b3 add              x15, x15, x9        x15=1c010018 x15:00000018  x9:1c010000
14189891ns          234188 1c008306 7807a983 lw               x19, 1920(x15)      x19=46658820 x15:1c010018  PA:1c010798
14190329ns          234210 1c00830a 00391913 slli             x18, x18, 0x3       x18=00000018 x18:00000003
14190349ns          234211 1c00830c a13407d3 fle.s            x15, f8, f19        x15=00000001  f8:4665878a f19:46658820
14190369ns          234212 1c008310 012484b3 add              x9, x9, x18          x9=1c010018  x9:1c010000 x18:00000018
14190408ns          234214 1c008312 7844a903 lw               x18, 1924(x9)       x18=466586f4  x9:1c010018  PA:1c01079c
14190945ns          234241 1c008316 06079563 bne              x15, x0, 106        x15:00000001
14191443ns          234266 1c008380 a08907d3 fle.s            x15, f18, f8        x15=00000001 f18:466586f4  f8:4665878a
14191482ns          234268 1c008384 f8078ae3 beq              x15, x0, -108       x15:00000001
14191502ns          234269 1c008386 1c000537 lui              x10, 0x1c000000     x10=1c000000
14191522ns          234270 1c00838a f14025f3 csrrs            x11, x0, 0xf14      x11=00000003
14191582ns          234273 1c00838e 0b450513 addi             x10, x10, 180       x10=1c0000b4 x10:1c000000
14191622ns          234275 1c008392 f455b5b3 p.bclr           x11, x11, 26, 5     x11=00000003 x11:00000003
14191642ns          234276 1c008396 62c000ef jal              x1, 1580             x1=1c008398
14191721ns          234280 1c0089c2 fc010113 addi             x2, x2, -64          x2=10001f88  x2:10001fc8
14191761ns          234282 1c0089c4 02410313 addi             x6, x2, 36           x6=10001fac  x2:10001f88
14191781ns          234283 1c0089c8 02c12423 sw               x12, 40(x2)         x12:43566d24  x2:10001f88  PA:10001fb0
14191801ns          234284 1c0089ca 00a00633 add              x12, x0, x10        x12=1c0000b4 x10:1c0000b4
14191821ns          234285 1c0089cc 1c009537 lui              x10, 0x1c009000     x10=1c009000
14191860ns          234287 1c0089d0 02b12223 sw               x11, 36(x2)         x11:00000003  x2:10001f88  PA:10001fac
14191880ns          234288 1c0089d2 02d12623 sw               x13, 44(x2)         x13:435e7895  x2:10001f88  PA:10001fb4
14191900ns          234289 1c0089d4 00200593 addi             x11, x0, 2          x11=00000002
14191920ns          234290 1c0089d6 006006b3 add              x13, x0, x6         x13=10001fac  x6:10001fac
14191940ns          234291 1c0089d8 95650513 addi             x10, x10, -1706     x10=1c008956 x10:1c009000
14191960ns          234292 1c0089dc 00112e23 sw               x1, 28(x2)           x1:1c008398  x2:10001f88  PA:10001fa4
14191980ns          234293 1c0089de 02e12823 sw               x14, 48(x2)         x14:00010000  x2:10001f88  PA:10001fb8
14192000ns          234294 1c0089e0 02f12a23 sw               x15, 52(x2)         x15:00000001  x2:10001f88  PA:10001fbc
14192019ns          234295 1c0089e2 03012c23 sw               x16, 56(x2)         x16:0000000a  x2:10001f88  PA:10001fc0
14192039ns          234296 1c0089e4 03112e23 sw               x17, 60(x2)         x17:1c010780  x2:10001f88  PA:10001fc4
14192059ns          234297 1c0089e6 00612623 sw               x6, 12(x2)           x6:10001fac  x2:10001f88  PA:10001f94
14192079ns          234298 1c0089e8 fbfff0ef jal              x1, -66              x1=1c0089ea
14192218ns          234305 1c0089a6 04a0006f jal              x0, 74             
14192258ns          234307 1c0089f0 ed010113 addi             x2, x2, -304         x2=10001e58  x2:10001f88
14192278ns          234308 1c0089f2 12812423 sw               x8, 296(x2)          x8:4665878a  x2:10001e58  PA:10001f80
14192298ns          234309 1c0089f6 00000413 addi             x8, x0, 0            x8=00000000
14192318ns          234310 1c0089f8 11612823 sw               x22, 272(x2)        x22:403f25f6  x2:10001e58  PA:10001f68
14192338ns          234311 1c0089fc 11712623 sw               x23, 268(x2)        x23:4303111d  x2:10001e58  PA:10001f64
14192377ns          234313 1c008a00 11812423 sw               x24, 264(x2)        x24:xxxxxxxx  x2:10001e58  PA:10001f60
14192417ns          234315 1c008a04 11912223 sw               x25, 260(x2)        x25:xxxxxxxx  x2:10001e58  PA:10001f5c
14192437ns          234316 1c008a08 11a12023 sw               x26, 256(x2)        x26:xxxxxxxx  x2:10001e58  PA:10001f58
14192457ns          234317 1c008a0c 0fb12e23 sw               x27, 252(x2)        x27:xxxxxxxx  x2:10001e58  PA:10001f54
14192517ns          234320 1c008a0e 12112623 sw               x1, 300(x2)          x1:1c0089ea  x2:10001e58  PA:10001f84
14192537ns          234321 1c008a12 00800db3 add              x27, x0, x8         x27=00000000  x8:00000000
14192557ns          234322 1c008a14 12912223 sw               x9, 292(x2)          x9:1c010018  x2:10001e58  PA:10001f7c
14192576ns          234323 1c008a18 13212023 sw               x18, 288(x2)        x18:466586f4  x2:10001e58  PA:10001f78
14192596ns          234324 1c008a1c 11312e23 sw               x19, 284(x2)        x19:46658820  x2:10001e58  PA:10001f74
14192656ns          234327 1c008a20 11412c23 sw               x20, 280(x2)        x20:41038465  x2:10001e58  PA:10001f70
14192696ns          234329 1c008a24 11512a23 sw               x21, 276(x2)        x21:00000000  x2:10001e58  PA:10001f6c
14192716ns          234330 1c008a28 00a00b33 add              x22, x0, x10        x22=1c008956 x10:1c008956
14192736ns          234331 1c008a2a 00b00d33 add              x26, x0, x11        x26=00000002 x11:00000002
14192755ns          234332 1c008a2c 00d00c33 add              x24, x0, x13        x24=10001fac x13:10001fac
14192795ns          234334 1c008a2e 1c000bb7 lui              x23, 0x1c000000     x23=1c000000
14192835ns          234336 1c008a32 02410c93 addi             x25, x2, 36         x25=10001e7c  x2:10001e58
14192855ns          234337 1c008a36 00c00433 add              x8, x0, x12          x8=1c0000b4 x12:1c0000b4
14192875ns          234338 1c008a38 00044503 lbu              x10, 0(x8)          x10=0000006b  x8:1c0000b4  PA:1c0000b4
14193233ns          234356 1c008a3c 00140413 addi             x8, x8, 1            x8=1c0000b5  x8:1c0000b4
14193253ns          234357 1c008a3e 00050e63 beq              x10, x0, 28         x10:0000006b
14193273ns          234358 1c008a40 02500793 addi             x15, x0, 37         x15=00000025
14193292ns          234359 1c008a44 04f50863 beq              x10, x15, 80        x10:0000006b x15:00000025
14193312ns          234360 1c008a48 01a005b3 add              x11, x0, x26        x11=00000002 x26:00000002
14193332ns          234361 1c008a4a 000b00e7 jalr             x1, x22, 0           x1=1c008a4c x22:1c008956
14193452ns          234367 1c008956 000026b7 lui              x13, 0x2000         x13=00002000
14193491ns          234369 1c008958 f14027f3 csrrs            x15, x0, 0xf14      x15=00000003
14193511ns          234370 1c00895c f8068693 addi             x13, x13, -128      x13=00001f80 x13:00002000
14193571ns          234373 1c008960 00379713 slli             x14, x15, 0x3       x14=00000018 x15:00000003
14193611ns          234375 1c008964 00279793 slli             x15, x15, 0x2       x15=0000000c x15:00000003
14193631ns          234376 1c008966 00d7f7b3 and              x15, x15, x13       x15=00000000 x15:0000000c x13:00001f80
14193650ns          234377 1c008968 ee873733 p.bclr           x14, x14, 23, 8     x14=00000018 x14:00000018
14193670ns          234378 1c00896c 1a10f6b7 lui              x13, 0x1a10f000     x13=1a10f000
14193710ns          234380 1c008970 0ff57513 andi             x10, x10, 255       x10=0000006b x10:0000006b
14193750ns          234382 1c008974 00d70733 add              x14, x14, x13       x14=1a10f018 x14:00000018 x13:1a10f000
14193770ns          234383 1c008976 00a7e723 p.sw             x10, x0(x15)        x10:0000006b x15:00000000  PA:1a10f018
14194168ns          234403 1c00897a 00000513 addi             x10, x0, 0          x10=00000000
14194188ns          234404 1c00897c 00008067 jalr             x0, x1, 0            x1:1c008a4c
14194227ns          234406 1c008a4c 31f52563 p.beqimm         x10, 778            x10:00000000
14194247ns          234407 1c008a50 001d8d93 addi             x27, x27, 1         x27=00000001 x27:00000000
14194267ns          234408 1c008a52 00044503 lbu              x10, 0(x8)          x10=00000065  x8:1c0000b5  PA:1c0000b5
14194565ns          234423 1c008a56 00140413 addi             x8, x8, 1            x8=1c0000b6  x8:1c0000b5
14194585ns          234424 1c008a58 fe0514e3 bne              x10, x0, -24        x10:00000065
14194645ns          234427 1c008a40 02500793 addi             x15, x0, 37         x15=00000025
14194665ns          234428 1c008a44 04f50863 beq              x10, x15, 80        x10:00000065 x15:00000025
14194685ns          234429 1c008a48 01a005b3 add              x11, x0, x26        x11=00000002 x26:00000002
14194705ns          234430 1c008a4a 000b00e7 jalr             x1, x22, 0           x1=1c008a4c x22:1c008956
14194744ns          234432 1c008956 000026b7 lui              x13, 0x2000         x13=00002000
14194764ns          234433 1c008958 f14027f3 csrrs            x15, x0, 0xf14      x15=00000003
14194784ns          234434 1c00895c f8068693 addi             x13, x13, -128      x13=00001f80 x13:00002000
14194804ns          234435 1c008960 00379713 slli             x14, x15, 0x3       x14=00000018 x15:00000003
14194824ns          234436 1c008964 00279793 slli             x15, x15, 0x2       x15=0000000c x15:00000003
14194844ns          234437 1c008966 00d7f7b3 and              x15, x15, x13       x15=00000000 x15:0000000c x13:00001f80
14194864ns          234438 1c008968 ee873733 p.bclr           x14, x14, 23, 8     x14=00000018 x14:00000018
14194884ns          234439 1c00896c 1a10f6b7 lui              x13, 0x1a10f000     x13=1a10f000
14194904ns          234440 1c008970 0ff57513 andi             x10, x10, 255       x10=00000065 x10:00000065
14194924ns          234441 1c008974 00d70733 add              x14, x14, x13       x14=1a10f018 x14:00000018 x13:1a10f000
14194943ns          234442 1c008976 00a7e723 p.sw             x10, x0(x15)        x10:00000065 x15:00000000  PA:1a10f018
14195262ns          234458 1c00897a 00000513 addi             x10, x0, 0          x10=00000000
14195282ns          234459 1c00897c 00008067 jalr             x0, x1, 0            x1:1c008a4c
14195321ns          234461 1c008a4c 31f52563 p.beqimm         x10, 778            x10:00000000
14195341ns          234462 1c008a50 001d8d93 addi             x27, x27, 1         x27=00000002 x27:00000001
14195361ns          234463 1c008a52 00044503 lbu              x10, 0(x8)          x10=00000072  x8:1c0000b6  PA:1c0000b6
14195659ns          234478 1c008a56 00140413 addi             x8, x8, 1            x8=1c0000b7  x8:1c0000b6
14195679ns          234479 1c008a58 fe0514e3 bne              x10, x0, -24        x10:00000072
14195739ns          234482 1c008a40 02500793 addi             x15, x0, 37         x15=00000025
14195759ns          234483 1c008a44 04f50863 beq              x10, x15, 80        x10:00000072 x15:00000025
14195779ns          234484 1c008a48 01a005b3 add              x11, x0, x26        x11=00000002 x26:00000002
14195799ns          234485 1c008a4a 000b00e7 jalr             x1, x22, 0           x1=1c008a4c x22:1c008956
14195838ns          234487 1c008956 000026b7 lui              x13, 0x2000         x13=00002000
14195858ns          234488 1c008958 f14027f3 csrrs            x15, x0, 0xf14      x15=00000003
14195878ns          234489 1c00895c f8068693 addi             x13, x13, -128      x13=00001f80 x13:00002000
14195898ns          234490 1c008960 00379713 slli             x14, x15, 0x3       x14=00000018 x15:00000003
14195918ns          234491 1c008964 00279793 slli             x15, x15, 0x2       x15=0000000c x15:00000003
14195938ns          234492 1c008966 00d7f7b3 and              x15, x15, x13       x15=00000000 x15:0000000c x13:00001f80
14195958ns          234493 1c008968 ee873733 p.bclr           x14, x14, 23, 8     x14=00000018 x14:00000018
14195978ns          234494 1c00896c 1a10f6b7 lui              x13, 0x1a10f000     x13=1a10f000
14195998ns          234495 1c008970 0ff57513 andi             x10, x10, 255       x10=00000072 x10:00000072
14196017ns          234496 1c008974 00d70733 add              x14, x14, x13       x14=1a10f018 x14:00000018 x13:1a10f000
14196037ns          234497 1c008976 00a7e723 p.sw             x10, x0(x15)        x10:00000072 x15:00000000  PA:1a10f018
14196376ns          234514 1c00897a 00000513 addi             x10, x0, 0          x10=00000000
14196395ns          234515 1c00897c 00008067 jalr             x0, x1, 0            x1:1c008a4c
14196435ns          234517 1c008a4c 31f52563 p.beqimm         x10, 778            x10:00000000
14196455ns          234518 1c008a50 001d8d93 addi             x27, x27, 1         x27=00000003 x27:00000002
14196475ns          234519 1c008a52 00044503 lbu              x10, 0(x8)          x10=0000006e  x8:1c0000b7  PA:1c0000b7
14196793ns          234535 1c008a56 00140413 addi             x8, x8, 1            x8=1c0000b8  x8:1c0000b7
14196813ns          234536 1c008a58 fe0514e3 bne              x10, x0, -24        x10:0000006e
14196873ns          234539 1c008a40 02500793 addi             x15, x0, 37         x15=00000025
14196893ns          234540 1c008a44 04f50863 beq              x10, x15, 80        x10:0000006e x15:00000025
14196913ns          234541 1c008a48 01a005b3 add              x11, x0, x26        x11=00000002 x26:00000002
14196932ns          234542 1c008a4a 000b00e7 jalr             x1, x22, 0           x1=1c008a4c x22:1c008956
14196972ns          234544 1c008956 000026b7 lui              x13, 0x2000         x13=00002000
14196992ns          234545 1c008958 f14027f3 csrrs            x15, x0, 0xf14      x15=00000003
14197012ns          234546 1c00895c f8068693 addi             x13, x13, -128      x13=00001f80 x13:00002000
14197032ns          234547 1c008960 00379713 slli             x14, x15, 0x3       x14=00000018 x15:00000003
14197052ns          234548 1c008964 00279793 slli             x15, x15, 0x2       x15=0000000c x15:00000003
14197072ns          234549 1c008966 00d7f7b3 and              x15, x15, x13       x15=00000000 x15:0000000c x13:00001f80
14197092ns          234550 1c008968 ee873733 p.bclr           x14, x14, 23, 8     x14=00000018 x14:00000018
14197111ns          234551 1c00896c 1a10f6b7 lui              x13, 0x1a10f000     x13=1a10f000
14197131ns          234552 1c008970 0ff57513 andi             x10, x10, 255       x10=0000006e x10:0000006e
14197151ns          234553 1c008974 00d70733 add              x14, x14, x13       x14=1a10f018 x14:00000018 x13:1a10f000
14197171ns          234554 1c008976 00a7e723 p.sw             x10, x0(x15)        x10:0000006e x15:00000000  PA:1a10f018
14197489ns          234570 1c00897a 00000513 addi             x10, x0, 0          x10=00000000
14197509ns          234571 1c00897c 00008067 jalr             x0, x1, 0            x1:1c008a4c
14197549ns          234573 1c008a4c 31f52563 p.beqimm         x10, 778            x10:00000000
14197569ns          234574 1c008a50 001d8d93 addi             x27, x27, 1         x27=00000004 x27:00000003
14197589ns          234575 1c008a52 00044503 lbu              x10, 0(x8)          x10=00000065  x8:1c0000b8  PA:1c0000b8
14197887ns          234590 1c008a56 00140413 addi             x8, x8, 1            x8=1c0000b9  x8:1c0000b8
14197907ns          234591 1c008a58 fe0514e3 bne              x10, x0, -24        x10:00000065
14197967ns          234594 1c008a40 02500793 addi             x15, x0, 37         x15=00000025
14197987ns          234595 1c008a44 04f50863 beq              x10, x15, 80        x10:00000065 x15:00000025
14198007ns          234596 1c008a48 01a005b3 add              x11, x0, x26        x11=00000002 x26:00000002
14198026ns          234597 1c008a4a 000b00e7 jalr             x1, x22, 0           x1=1c008a4c x22:1c008956
14198066ns          234599 1c008956 000026b7 lui              x13, 0x2000         x13=00002000
14198086ns          234600 1c008958 f14027f3 csrrs            x15, x0, 0xf14      x15=00000003
14198106ns          234601 1c00895c f8068693 addi             x13, x13, -128      x13=00001f80 x13:00002000
14198126ns          234602 1c008960 00379713 slli             x14, x15, 0x3       x14=00000018 x15:00000003
14198146ns          234603 1c008964 00279793 slli             x15, x15, 0x2       x15=0000000c x15:00000003
14198166ns          234604 1c008966 00d7f7b3 and              x15, x15, x13       x15=00000000 x15:0000000c x13:00001f80
14198186ns          234605 1c008968 ee873733 p.bclr           x14, x14, 23, 8     x14=00000018 x14:00000018
14198205ns          234606 1c00896c 1a10f6b7 lui              x13, 0x1a10f000     x13=1a10f000
14198225ns          234607 1c008970 0ff57513 andi             x10, x10, 255       x10=00000065 x10:00000065
14198245ns          234608 1c008974 00d70733 add              x14, x14, x13       x14=1a10f018 x14:00000018 x13:1a10f000
14198265ns          234609 1c008976 00a7e723 p.sw             x10, x0(x15)        x10:00000065 x15:00000000  PA:1a10f018
14198583ns          234625 1c00897a 00000513 addi             x10, x0, 0          x10=00000000
14198603ns          234626 1c00897c 00008067 jalr             x0, x1, 0            x1:1c008a4c
14198643ns          234628 1c008a4c 31f52563 p.beqimm         x10, 778            x10:00000000
14198663ns          234629 1c008a50 001d8d93 addi             x27, x27, 1         x27=00000005 x27:00000004
14198683ns          234630 1c008a52 00044503 lbu              x10, 0(x8)          x10=0000006c  x8:1c0000b9  PA:1c0000b9
14198981ns          234645 1c008a56 00140413 addi             x8, x8, 1            x8=1c0000ba  x8:1c0000b9
14199001ns          234646 1c008a58 fe0514e3 bne              x10, x0, -24        x10:0000006c
14199061ns          234649 1c008a40 02500793 addi             x15, x0, 37         x15=00000025
14199081ns          234650 1c008a44 04f50863 beq              x10, x15, 80        x10:0000006c x15:00000025
14199101ns          234651 1c008a48 01a005b3 add              x11, x0, x26        x11=00000002 x26:00000002
14199120ns          234652 1c008a4a 000b00e7 jalr             x1, x22, 0           x1=1c008a4c x22:1c008956
14199160ns          234654 1c008956 000026b7 lui              x13, 0x2000         x13=00002000
14199180ns          234655 1c008958 f14027f3 csrrs            x15, x0, 0xf14      x15=00000003
14199200ns          234656 1c00895c f8068693 addi             x13, x13, -128      x13=00001f80 x13:00002000
14199220ns          234657 1c008960 00379713 slli             x14, x15, 0x3       x14=00000018 x15:00000003
14199240ns          234658 1c008964 00279793 slli             x15, x15, 0x2       x15=0000000c x15:00000003
14199260ns          234659 1c008966 00d7f7b3 and              x15, x15, x13       x15=00000000 x15:0000000c x13:00001f80
14199280ns          234660 1c008968 ee873733 p.bclr           x14, x14, 23, 8     x14=00000018 x14:00000018
14199299ns          234661 1c00896c 1a10f6b7 lui              x13, 0x1a10f000     x13=1a10f000
14199319ns          234662 1c008970 0ff57513 andi             x10, x10, 255       x10=0000006c x10:0000006c
14199339ns          234663 1c008974 00d70733 add              x14, x14, x13       x14=1a10f018 x14:00000018 x13:1a10f000
14199359ns          234664 1c008976 00a7e723 p.sw             x10, x0(x15)        x10:0000006c x15:00000000  PA:1a10f018
14199677ns          234680 1c00897a 00000513 addi             x10, x0, 0          x10=00000000
14199697ns          234681 1c00897c 00008067 jalr             x0, x1, 0            x1:1c008a4c
14199737ns          234683 1c008a4c 31f52563 p.beqimm         x10, 778            x10:00000000
14199757ns          234684 1c008a50 001d8d93 addi             x27, x27, 1         x27=00000006 x27:00000005
14199777ns          234685 1c008a52 00044503 lbu              x10, 0(x8)          x10=00000020  x8:1c0000ba  PA:1c0000ba
14200075ns          234700 1c008a56 00140413 addi             x8, x8, 1            x8=1c0000bb  x8:1c0000ba
14200095ns          234701 1c008a58 fe0514e3 bne              x10, x0, -24        x10:00000020
14200155ns          234704 1c008a40 02500793 addi             x15, x0, 37         x15=00000025
14200175ns          234705 1c008a44 04f50863 beq              x10, x15, 80        x10:00000020 x15:00000025
14200195ns          234706 1c008a48 01a005b3 add              x11, x0, x26        x11=00000002 x26:00000002
14200214ns          234707 1c008a4a 000b00e7 jalr             x1, x22, 0           x1=1c008a4c x22:1c008956
14200254ns          234709 1c008956 000026b7 lui              x13, 0x2000         x13=00002000
14200274ns          234710 1c008958 f14027f3 csrrs            x15, x0, 0xf14      x15=00000003
14200294ns          234711 1c00895c f8068693 addi             x13, x13, -128      x13=00001f80 x13:00002000
14200314ns          234712 1c008960 00379713 slli             x14, x15, 0x3       x14=00000018 x15:00000003
14200334ns          234713 1c008964 00279793 slli             x15, x15, 0x2       x15=0000000c x15:00000003
14200354ns          234714 1c008966 00d7f7b3 and              x15, x15, x13       x15=00000000 x15:0000000c x13:00001f80
14200374ns          234715 1c008968 ee873733 p.bclr           x14, x14, 23, 8     x14=00000018 x14:00000018
14200393ns          234716 1c00896c 1a10f6b7 lui              x13, 0x1a10f000     x13=1a10f000
14200413ns          234717 1c008970 0ff57513 andi             x10, x10, 255       x10=00000020 x10:00000020
14200433ns          234718 1c008974 00d70733 add              x14, x14, x13       x14=1a10f018 x14:00000018 x13:1a10f000
14200453ns          234719 1c008976 00a7e723 p.sw             x10, x0(x15)        x10:00000020 x15:00000000  PA:1a10f018
14200791ns          234736 1c00897a 00000513 addi             x10, x0, 0          x10=00000000
14200811ns          234737 1c00897c 00008067 jalr             x0, x1, 0            x1:1c008a4c
14200851ns          234739 1c008a4c 31f52563 p.beqimm         x10, 778            x10:00000000
14200871ns          234740 1c008a50 001d8d93 addi             x27, x27, 1         x27=00000007 x27:00000006
14200891ns          234741 1c008a52 00044503 lbu              x10, 0(x8)          x10=00000070  x8:1c0000bb  PA:1c0000bb
14201189ns          234756 1c008a56 00140413 addi             x8, x8, 1            x8=1c0000bc  x8:1c0000bb
14201209ns          234757 1c008a58 fe0514e3 bne              x10, x0, -24        x10:00000070
14201269ns          234760 1c008a40 02500793 addi             x15, x0, 37         x15=00000025
14201289ns          234761 1c008a44 04f50863 beq              x10, x15, 80        x10:00000070 x15:00000025
14201308ns          234762 1c008a48 01a005b3 add              x11, x0, x26        x11=00000002 x26:00000002
14201328ns          234763 1c008a4a 000b00e7 jalr             x1, x22, 0           x1=1c008a4c x22:1c008956
14201368ns          234765 1c008956 000026b7 lui              x13, 0x2000         x13=00002000
14201388ns          234766 1c008958 f14027f3 csrrs            x15, x0, 0xf14      x15=00000003
14201408ns          234767 1c00895c f8068693 addi             x13, x13, -128      x13=00001f80 x13:00002000
14201428ns          234768 1c008960 00379713 slli             x14, x15, 0x3       x14=00000018 x15:00000003
14201448ns          234769 1c008964 00279793 slli             x15, x15, 0x2       x15=0000000c x15:00000003
14201468ns          234770 1c008966 00d7f7b3 and              x15, x15, x13       x15=00000000 x15:0000000c x13:00001f80
14201487ns          234771 1c008968 ee873733 p.bclr           x14, x14, 23, 8     x14=00000018 x14:00000018
14201507ns          234772 1c00896c 1a10f6b7 lui              x13, 0x1a10f000     x13=1a10f000
14201527ns          234773 1c008970 0ff57513 andi             x10, x10, 255       x10=00000070 x10:00000070
14201547ns          234774 1c008974 00d70733 add              x14, x14, x13       x14=1a10f018 x14:00000018 x13:1a10f000
14201567ns          234775 1c008976 00a7e723 p.sw             x10, x0(x15)        x10:00000070 x15:00000000  PA:1a10f018
14201885ns          234791 1c00897a 00000513 addi             x10, x0, 0          x10=00000000
14201905ns          234792 1c00897c 00008067 jalr             x0, x1, 0            x1:1c008a4c
14201945ns          234794 1c008a4c 31f52563 p.beqimm         x10, 778            x10:00000000
14201965ns          234795 1c008a50 001d8d93 addi             x27, x27, 1         x27=00000008 x27:00000007
14201985ns          234796 1c008a52 00044503 lbu              x10, 0(x8)          x10=00000061  x8:1c0000bc  PA:1c0000bc
14202283ns          234811 1c008a56 00140413 addi             x8, x8, 1            x8=1c0000bd  x8:1c0000bc
14202303ns          234812 1c008a58 fe0514e3 bne              x10, x0, -24        x10:00000061
14202363ns          234815 1c008a40 02500793 addi             x15, x0, 37         x15=00000025
14202383ns          234816 1c008a44 04f50863 beq              x10, x15, 80        x10:00000061 x15:00000025
14202402ns          234817 1c008a48 01a005b3 add              x11, x0, x26        x11=00000002 x26:00000002
14202422ns          234818 1c008a4a 000b00e7 jalr             x1, x22, 0           x1=1c008a4c x22:1c008956
14202462ns          234820 1c008956 000026b7 lui              x13, 0x2000         x13=00002000
14202482ns          234821 1c008958 f14027f3 csrrs            x15, x0, 0xf14      x15=00000003
14202502ns          234822 1c00895c f8068693 addi             x13, x13, -128      x13=00001f80 x13:00002000
14202522ns          234823 1c008960 00379713 slli             x14, x15, 0x3       x14=00000018 x15:00000003
14202542ns          234824 1c008964 00279793 slli             x15, x15, 0x2       x15=0000000c x15:00000003
14202562ns          234825 1c008966 00d7f7b3 and              x15, x15, x13       x15=00000000 x15:0000000c x13:00001f80
14202581ns          234826 1c008968 ee873733 p.bclr           x14, x14, 23, 8     x14=00000018 x14:00000018
14202601ns          234827 1c00896c 1a10f6b7 lui              x13, 0x1a10f000     x13=1a10f000
14202621ns          234828 1c008970 0ff57513 andi             x10, x10, 255       x10=00000061 x10:00000061
14202641ns          234829 1c008974 00d70733 add              x14, x14, x13       x14=1a10f018 x14:00000018 x13:1a10f000
14202661ns          234830 1c008976 00a7e723 p.sw             x10, x0(x15)        x10:00000061 x15:00000000  PA:1a10f018
14202999ns          234847 1c00897a 00000513 addi             x10, x0, 0          x10=00000000
14203019ns          234848 1c00897c 00008067 jalr             x0, x1, 0            x1:1c008a4c
14203059ns          234850 1c008a4c 31f52563 p.beqimm         x10, 778            x10:00000000
14203079ns          234851 1c008a50 001d8d93 addi             x27, x27, 1         x27=00000009 x27:00000008
14203099ns          234852 1c008a52 00044503 lbu              x10, 0(x8)          x10=00000073  x8:1c0000bd  PA:1c0000bd
14203417ns          234868 1c008a56 00140413 addi             x8, x8, 1            x8=1c0000be  x8:1c0000bd
14203437ns          234869 1c008a58 fe0514e3 bne              x10, x0, -24        x10:00000073
14203496ns          234872 1c008a40 02500793 addi             x15, x0, 37         x15=00000025
14203516ns          234873 1c008a44 04f50863 beq              x10, x15, 80        x10:00000073 x15:00000025
14203536ns          234874 1c008a48 01a005b3 add              x11, x0, x26        x11=00000002 x26:00000002
14203556ns          234875 1c008a4a 000b00e7 jalr             x1, x22, 0           x1=1c008a4c x22:1c008956
14203596ns          234877 1c008956 000026b7 lui              x13, 0x2000         x13=00002000
14203616ns          234878 1c008958 f14027f3 csrrs            x15, x0, 0xf14      x15=00000003
14203636ns          234879 1c00895c f8068693 addi             x13, x13, -128      x13=00001f80 x13:00002000
14203656ns          234880 1c008960 00379713 slli             x14, x15, 0x3       x14=00000018 x15:00000003
14203675ns          234881 1c008964 00279793 slli             x15, x15, 0x2       x15=0000000c x15:00000003
14203695ns          234882 1c008966 00d7f7b3 and              x15, x15, x13       x15=00000000 x15:0000000c x13:00001f80
14203715ns          234883 1c008968 ee873733 p.bclr           x14, x14, 23, 8     x14=00000018 x14:00000018
14203735ns          234884 1c00896c 1a10f6b7 lui              x13, 0x1a10f000     x13=1a10f000
14203755ns          234885 1c008970 0ff57513 andi             x10, x10, 255       x10=00000073 x10:00000073
14203775ns          234886 1c008974 00d70733 add              x14, x14, x13       x14=1a10f018 x14:00000018 x13:1a10f000
14203795ns          234887 1c008976 00a7e723 p.sw             x10, x0(x15)        x10:00000073 x15:00000000  PA:1a10f018
14204113ns          234903 1c00897a 00000513 addi             x10, x0, 0          x10=00000000
14204133ns          234904 1c00897c 00008067 jalr             x0, x1, 0            x1:1c008a4c
14204173ns          234906 1c008a4c 31f52563 p.beqimm         x10, 778            x10:00000000
14204193ns          234907 1c008a50 001d8d93 addi             x27, x27, 1         x27=0000000a x27:00000009
14204212ns          234908 1c008a52 00044503 lbu              x10, 0(x8)          x10=00000073  x8:1c0000be  PA:1c0000be
14204511ns          234923 1c008a56 00140413 addi             x8, x8, 1            x8=1c0000bf  x8:1c0000be
14204531ns          234924 1c008a58 fe0514e3 bne              x10, x0, -24        x10:00000073
14204590ns          234927 1c008a40 02500793 addi             x15, x0, 37         x15=00000025
14204610ns          234928 1c008a44 04f50863 beq              x10, x15, 80        x10:00000073 x15:00000025
14204630ns          234929 1c008a48 01a005b3 add              x11, x0, x26        x11=00000002 x26:00000002
14204650ns          234930 1c008a4a 000b00e7 jalr             x1, x22, 0           x1=1c008a4c x22:1c008956
14204690ns          234932 1c008956 000026b7 lui              x13, 0x2000         x13=00002000
14204710ns          234933 1c008958 f14027f3 csrrs            x15, x0, 0xf14      x15=00000003
14204730ns          234934 1c00895c f8068693 addi             x13, x13, -128      x13=00001f80 x13:00002000
14204750ns          234935 1c008960 00379713 slli             x14, x15, 0x3       x14=00000018 x15:00000003
14204769ns          234936 1c008964 00279793 slli             x15, x15, 0x2       x15=0000000c x15:00000003
14204789ns          234937 1c008966 00d7f7b3 and              x15, x15, x13       x15=00000000 x15:0000000c x13:00001f80
14204809ns          234938 1c008968 ee873733 p.bclr           x14, x14, 23, 8     x14=00000018 x14:00000018
14204829ns          234939 1c00896c 1a10f6b7 lui              x13, 0x1a10f000     x13=1a10f000
14204849ns          234940 1c008970 0ff57513 andi             x10, x10, 255       x10=00000073 x10:00000073
14204869ns          234941 1c008974 00d70733 add              x14, x14, x13       x14=1a10f018 x14:00000018 x13:1a10f000
14204889ns          234942 1c008976 00a7e723 p.sw             x10, x0(x15)        x10:00000073 x15:00000000  PA:1a10f018
14205207ns          234958 1c00897a 00000513 addi             x10, x0, 0          x10=00000000
14205227ns          234959 1c00897c 00008067 jalr             x0, x1, 0            x1:1c008a4c
14205267ns          234961 1c008a4c 31f52563 p.beqimm         x10, 778            x10:00000000
14205287ns          234962 1c008a50 001d8d93 addi             x27, x27, 1         x27=0000000b x27:0000000a
14205306ns          234963 1c008a52 00044503 lbu              x10, 0(x8)          x10=00000065  x8:1c0000bf  PA:1c0000bf
14205605ns          234978 1c008a56 00140413 addi             x8, x8, 1            x8=1c0000c0  x8:1c0000bf
14205625ns          234979 1c008a58 fe0514e3 bne              x10, x0, -24        x10:00000065
14205684ns          234982 1c008a40 02500793 addi             x15, x0, 37         x15=00000025
14205704ns          234983 1c008a44 04f50863 beq              x10, x15, 80        x10:00000065 x15:00000025
14205724ns          234984 1c008a48 01a005b3 add              x11, x0, x26        x11=00000002 x26:00000002
14205744ns          234985 1c008a4a 000b00e7 jalr             x1, x22, 0           x1=1c008a4c x22:1c008956
14205784ns          234987 1c008956 000026b7 lui              x13, 0x2000         x13=00002000
14205804ns          234988 1c008958 f14027f3 csrrs            x15, x0, 0xf14      x15=00000003
14205824ns          234989 1c00895c f8068693 addi             x13, x13, -128      x13=00001f80 x13:00002000
14205844ns          234990 1c008960 00379713 slli             x14, x15, 0x3       x14=00000018 x15:00000003
14205863ns          234991 1c008964 00279793 slli             x15, x15, 0x2       x15=0000000c x15:00000003
14205883ns          234992 1c008966 00d7f7b3 and              x15, x15, x13       x15=00000000 x15:0000000c x13:00001f80
14205903ns          234993 1c008968 ee873733 p.bclr           x14, x14, 23, 8     x14=00000018 x14:00000018
14205923ns          234994 1c00896c 1a10f6b7 lui              x13, 0x1a10f000     x13=1a10f000
14205943ns          234995 1c008970 0ff57513 andi             x10, x10, 255       x10=00000065 x10:00000065
14205963ns          234996 1c008974 00d70733 add              x14, x14, x13       x14=1a10f018 x14:00000018 x13:1a10f000
14205983ns          234997 1c008976 00a7e723 p.sw             x10, x0(x15)        x10:00000065 x15:00000000  PA:1a10f018
14206301ns          235013 1c00897a 00000513 addi             x10, x0, 0          x10=00000000
14206321ns          235014 1c00897c 00008067 jalr             x0, x1, 0            x1:1c008a4c
14206361ns          235016 1c008a4c 31f52563 p.beqimm         x10, 778            x10:00000000
14206381ns          235017 1c008a50 001d8d93 addi             x27, x27, 1         x27=0000000c x27:0000000b
14206400ns          235018 1c008a52 00044503 lbu              x10, 0(x8)          x10=00000064  x8:1c0000c0  PA:1c0000c0
14206699ns          235033 1c008a56 00140413 addi             x8, x8, 1            x8=1c0000c1  x8:1c0000c0
14206719ns          235034 1c008a58 fe0514e3 bne              x10, x0, -24        x10:00000064
14206778ns          235037 1c008a40 02500793 addi             x15, x0, 37         x15=00000025
14206798ns          235038 1c008a44 04f50863 beq              x10, x15, 80        x10:00000064 x15:00000025
14206818ns          235039 1c008a48 01a005b3 add              x11, x0, x26        x11=00000002 x26:00000002
14206838ns          235040 1c008a4a 000b00e7 jalr             x1, x22, 0           x1=1c008a4c x22:1c008956
14206878ns          235042 1c008956 000026b7 lui              x13, 0x2000         x13=00002000
14206898ns          235043 1c008958 f14027f3 csrrs            x15, x0, 0xf14      x15=00000003
14206918ns          235044 1c00895c f8068693 addi             x13, x13, -128      x13=00001f80 x13:00002000
14206938ns          235045 1c008960 00379713 slli             x14, x15, 0x3       x14=00000018 x15:00000003
14206957ns          235046 1c008964 00279793 slli             x15, x15, 0x2       x15=0000000c x15:00000003
14206977ns          235047 1c008966 00d7f7b3 and              x15, x15, x13       x15=00000000 x15:0000000c x13:00001f80
14206997ns          235048 1c008968 ee873733 p.bclr           x14, x14, 23, 8     x14=00000018 x14:00000018
14207017ns          235049 1c00896c 1a10f6b7 lui              x13, 0x1a10f000     x13=1a10f000
14207037ns          235050 1c008970 0ff57513 andi             x10, x10, 255       x10=00000064 x10:00000064
14207057ns          235051 1c008974 00d70733 add              x14, x14, x13       x14=1a10f018 x14:00000018 x13:1a10f000
14207077ns          235052 1c008976 00a7e723 p.sw             x10, x0(x15)        x10:00000064 x15:00000000  PA:1a10f018
14207415ns          235069 1c00897a 00000513 addi             x10, x0, 0          x10=00000000
14207435ns          235070 1c00897c 00008067 jalr             x0, x1, 0            x1:1c008a4c
14207475ns          235072 1c008a4c 31f52563 p.beqimm         x10, 778            x10:00000000
14207494ns          235073 1c008a50 001d8d93 addi             x27, x27, 1         x27=0000000d x27:0000000c
14207514ns          235074 1c008a52 00044503 lbu              x10, 0(x8)          x10=00000020  x8:1c0000c1  PA:1c0000c1
14207813ns          235089 1c008a56 00140413 addi             x8, x8, 1            x8=1c0000c2  x8:1c0000c1
14207833ns          235090 1c008a58 fe0514e3 bne              x10, x0, -24        x10:00000020
14207892ns          235093 1c008a40 02500793 addi             x15, x0, 37         x15=00000025
14207912ns          235094 1c008a44 04f50863 beq              x10, x15, 80        x10:00000020 x15:00000025
14207932ns          235095 1c008a48 01a005b3 add              x11, x0, x26        x11=00000002 x26:00000002
14207952ns          235096 1c008a4a 000b00e7 jalr             x1, x22, 0           x1=1c008a4c x22:1c008956
14207992ns          235098 1c008956 000026b7 lui              x13, 0x2000         x13=00002000
14208012ns          235099 1c008958 f14027f3 csrrs            x15, x0, 0xf14      x15=00000003
14208032ns          235100 1c00895c f8068693 addi             x13, x13, -128      x13=00001f80 x13:00002000
14208051ns          235101 1c008960 00379713 slli             x14, x15, 0x3       x14=00000018 x15:00000003
14208071ns          235102 1c008964 00279793 slli             x15, x15, 0x2       x15=0000000c x15:00000003
14208091ns          235103 1c008966 00d7f7b3 and              x15, x15, x13       x15=00000000 x15:0000000c x13:00001f80
14208111ns          235104 1c008968 ee873733 p.bclr           x14, x14, 23, 8     x14=00000018 x14:00000018
14208131ns          235105 1c00896c 1a10f6b7 lui              x13, 0x1a10f000     x13=1a10f000
14208151ns          235106 1c008970 0ff57513 andi             x10, x10, 255       x10=00000020 x10:00000020
14208171ns          235107 1c008974 00d70733 add              x14, x14, x13       x14=1a10f018 x14:00000018 x13:1a10f000
14208191ns          235108 1c008976 00a7e723 p.sw             x10, x0(x15)        x10:00000020 x15:00000000  PA:1a10f018
14208509ns          235124 1c00897a 00000513 addi             x10, x0, 0          x10=00000000
14208529ns          235125 1c00897c 00008067 jalr             x0, x1, 0            x1:1c008a4c
14208569ns          235127 1c008a4c 31f52563 p.beqimm         x10, 778            x10:00000000
14208588ns          235128 1c008a50 001d8d93 addi             x27, x27, 1         x27=0000000e x27:0000000d
14208608ns          235129 1c008a52 00044503 lbu              x10, 0(x8)          x10=0000006f  x8:1c0000c2  PA:1c0000c2
14208907ns          235144 1c008a56 00140413 addi             x8, x8, 1            x8=1c0000c3  x8:1c0000c2
14208927ns          235145 1c008a58 fe0514e3 bne              x10, x0, -24        x10:0000006f
14208986ns          235148 1c008a40 02500793 addi             x15, x0, 37         x15=00000025
14209006ns          235149 1c008a44 04f50863 beq              x10, x15, 80        x10:0000006f x15:00000025
14209026ns          235150 1c008a48 01a005b3 add              x11, x0, x26        x11=00000002 x26:00000002
14209046ns          235151 1c008a4a 000b00e7 jalr             x1, x22, 0           x1=1c008a4c x22:1c008956
14209086ns          235153 1c008956 000026b7 lui              x13, 0x2000         x13=00002000
14209106ns          235154 1c008958 f14027f3 csrrs            x15, x0, 0xf14      x15=00000003
14209126ns          235155 1c00895c f8068693 addi             x13, x13, -128      x13=00001f80 x13:00002000
14209145ns          235156 1c008960 00379713 slli             x14, x15, 0x3       x14=00000018 x15:00000003
14209165ns          235157 1c008964 00279793 slli             x15, x15, 0x2       x15=0000000c x15:00000003
14209185ns          235158 1c008966 00d7f7b3 and              x15, x15, x13       x15=00000000 x15:0000000c x13:00001f80
14209205ns          235159 1c008968 ee873733 p.bclr           x14, x14, 23, 8     x14=00000018 x14:00000018
14209225ns          235160 1c00896c 1a10f6b7 lui              x13, 0x1a10f000     x13=1a10f000
14209245ns          235161 1c008970 0ff57513 andi             x10, x10, 255       x10=0000006f x10:0000006f
14209265ns          235162 1c008974 00d70733 add              x14, x14, x13       x14=1a10f018 x14:00000018 x13:1a10f000
14209285ns          235163 1c008976 00a7e723 p.sw             x10, x0(x15)        x10:0000006f x15:00000000  PA:1a10f018
14209603ns          235179 1c00897a 00000513 addi             x10, x0, 0          x10=00000000
14209623ns          235180 1c00897c 00008067 jalr             x0, x1, 0            x1:1c008a4c
14209663ns          235182 1c008a4c 31f52563 p.beqimm         x10, 778            x10:00000000
14209682ns          235183 1c008a50 001d8d93 addi             x27, x27, 1         x27=0000000f x27:0000000e
14209702ns          235184 1c008a52 00044503 lbu              x10, 0(x8)          x10=0000006e  x8:1c0000c3  PA:1c0000c3
14210001ns          235199 1c008a56 00140413 addi             x8, x8, 1            x8=1c0000c4  x8:1c0000c3
14210021ns          235200 1c008a58 fe0514e3 bne              x10, x0, -24        x10:0000006e
14210080ns          235203 1c008a40 02500793 addi             x15, x0, 37         x15=00000025
14210100ns          235204 1c008a44 04f50863 beq              x10, x15, 80        x10:0000006e x15:00000025
14210120ns          235205 1c008a48 01a005b3 add              x11, x0, x26        x11=00000002 x26:00000002
14210140ns          235206 1c008a4a 000b00e7 jalr             x1, x22, 0           x1=1c008a4c x22:1c008956
14210180ns          235208 1c008956 000026b7 lui              x13, 0x2000         x13=00002000
14210200ns          235209 1c008958 f14027f3 csrrs            x15, x0, 0xf14      x15=00000003
14210219ns          235210 1c00895c f8068693 addi             x13, x13, -128      x13=00001f80 x13:00002000
14210239ns          235211 1c008960 00379713 slli             x14, x15, 0x3       x14=00000018 x15:00000003
14210259ns          235212 1c008964 00279793 slli             x15, x15, 0x2       x15=0000000c x15:00000003
14210279ns          235213 1c008966 00d7f7b3 and              x15, x15, x13       x15=00000000 x15:0000000c x13:00001f80
14210299ns          235214 1c008968 ee873733 p.bclr           x14, x14, 23, 8     x14=00000018 x14:00000018
14210319ns          235215 1c00896c 1a10f6b7 lui              x13, 0x1a10f000     x13=1a10f000
14210339ns          235216 1c008970 0ff57513 andi             x10, x10, 255       x10=0000006e x10:0000006e
14210359ns          235217 1c008974 00d70733 add              x14, x14, x13       x14=1a10f018 x14:00000018 x13:1a10f000
14210379ns          235218 1c008976 00a7e723 p.sw             x10, x0(x15)        x10:0000006e x15:00000000  PA:1a10f018
14210717ns          235235 1c00897a 00000513 addi             x10, x0, 0          x10=00000000
14210737ns          235236 1c00897c 00008067 jalr             x0, x1, 0            x1:1c008a4c
14210776ns          235238 1c008a4c 31f52563 p.beqimm         x10, 778            x10:00000000
14210796ns          235239 1c008a50 001d8d93 addi             x27, x27, 1         x27=00000010 x27:0000000f
14210816ns          235240 1c008a52 00044503 lbu              x10, 0(x8)          x10=00000020  x8:1c0000c4  PA:1c0000c4
14211115ns          235255 1c008a56 00140413 addi             x8, x8, 1            x8=1c0000c5  x8:1c0000c4
14211134ns          235256 1c008a58 fe0514e3 bne              x10, x0, -24        x10:00000020
14211194ns          235259 1c008a40 02500793 addi             x15, x0, 37         x15=00000025
14211214ns          235260 1c008a44 04f50863 beq              x10, x15, 80        x10:00000020 x15:00000025
14211234ns          235261 1c008a48 01a005b3 add              x11, x0, x26        x11=00000002 x26:00000002
14211254ns          235262 1c008a4a 000b00e7 jalr             x1, x22, 0           x1=1c008a4c x22:1c008956
14211294ns          235264 1c008956 000026b7 lui              x13, 0x2000         x13=00002000
14211313ns          235265 1c008958 f14027f3 csrrs            x15, x0, 0xf14      x15=00000003
14211333ns          235266 1c00895c f8068693 addi             x13, x13, -128      x13=00001f80 x13:00002000
14211353ns          235267 1c008960 00379713 slli             x14, x15, 0x3       x14=00000018 x15:00000003
14211373ns          235268 1c008964 00279793 slli             x15, x15, 0x2       x15=0000000c x15:00000003
14211393ns          235269 1c008966 00d7f7b3 and              x15, x15, x13       x15=00000000 x15:0000000c x13:00001f80
14211413ns          235270 1c008968 ee873733 p.bclr           x14, x14, 23, 8     x14=00000018 x14:00000018
14211433ns          235271 1c00896c 1a10f6b7 lui              x13, 0x1a10f000     x13=1a10f000
14211453ns          235272 1c008970 0ff57513 andi             x10, x10, 255       x10=00000020 x10:00000020
14211473ns          235273 1c008974 00d70733 add              x14, x14, x13       x14=1a10f018 x14:00000018 x13:1a10f000
14211493ns          235274 1c008976 00a7e723 p.sw             x10, x0(x15)        x10:00000020 x15:00000000  PA:1a10f018
14211831ns          235291 1c00897a 00000513 addi             x10, x0, 0          x10=00000000
14211851ns          235292 1c00897c 00008067 jalr             x0, x1, 0            x1:1c008a4c
14211890ns          235294 1c008a4c 31f52563 p.beqimm         x10, 778            x10:00000000
14211910ns          235295 1c008a50 001d8d93 addi             x27, x27, 1         x27=00000011 x27:00000010
14211930ns          235296 1c008a52 00044503 lbu              x10, 0(x8)          x10=00000063  x8:1c0000c5  PA:1c0000c5
14212228ns          235311 1c008a56 00140413 addi             x8, x8, 1            x8=1c0000c6  x8:1c0000c5
14212248ns          235312 1c008a58 fe0514e3 bne              x10, x0, -24        x10:00000063
14212308ns          235315 1c008a40 02500793 addi             x15, x0, 37         x15=00000025
14212328ns          235316 1c008a44 04f50863 beq              x10, x15, 80        x10:00000063 x15:00000025
14212348ns          235317 1c008a48 01a005b3 add              x11, x0, x26        x11=00000002 x26:00000002
14212368ns          235318 1c008a4a 000b00e7 jalr             x1, x22, 0           x1=1c008a4c x22:1c008956
14212407ns          235320 1c008956 000026b7 lui              x13, 0x2000         x13=00002000
14212427ns          235321 1c008958 f14027f3 csrrs            x15, x0, 0xf14      x15=00000003
14212447ns          235322 1c00895c f8068693 addi             x13, x13, -128      x13=00001f80 x13:00002000
14212467ns          235323 1c008960 00379713 slli             x14, x15, 0x3       x14=00000018 x15:00000003
14212487ns          235324 1c008964 00279793 slli             x15, x15, 0x2       x15=0000000c x15:00000003
14212507ns          235325 1c008966 00d7f7b3 and              x15, x15, x13       x15=00000000 x15:0000000c x13:00001f80
14212527ns          235326 1c008968 ee873733 p.bclr           x14, x14, 23, 8     x14=00000018 x14:00000018
14212547ns          235327 1c00896c 1a10f6b7 lui              x13, 0x1a10f000     x13=1a10f000
14212567ns          235328 1c008970 0ff57513 andi             x10, x10, 255       x10=00000063 x10:00000063
14212586ns          235329 1c008974 00d70733 add              x14, x14, x13       x14=1a10f018 x14:00000018 x13:1a10f000
14212606ns          235330 1c008976 00a7e723 p.sw             x10, x0(x15)        x10:00000063 x15:00000000  PA:1a10f018
14212964ns          235348 1c00897a 00000513 addi             x10, x0, 0          x10=00000000
14212984ns          235349 1c00897c 00008067 jalr             x0, x1, 0            x1:1c008a4c
14213024ns          235351 1c008a4c 31f52563 p.beqimm         x10, 778            x10:00000000
14213044ns          235352 1c008a50 001d8d93 addi             x27, x27, 1         x27=00000012 x27:00000011
14213064ns          235353 1c008a52 00044503 lbu              x10, 0(x8)          x10=0000006f  x8:1c0000c6  PA:1c0000c6
14213362ns          235368 1c008a56 00140413 addi             x8, x8, 1            x8=1c0000c7  x8:1c0000c6
14213382ns          235369 1c008a58 fe0514e3 bne              x10, x0, -24        x10:0000006f
14213442ns          235372 1c008a40 02500793 addi             x15, x0, 37         x15=00000025
14213462ns          235373 1c008a44 04f50863 beq              x10, x15, 80        x10:0000006f x15:00000025
14213482ns          235374 1c008a48 01a005b3 add              x11, x0, x26        x11=00000002 x26:00000002
14213501ns          235375 1c008a4a 000b00e7 jalr             x1, x22, 0           x1=1c008a4c x22:1c008956
14213541ns          235377 1c008956 000026b7 lui              x13, 0x2000         x13=00002000
14213561ns          235378 1c008958 f14027f3 csrrs            x15, x0, 0xf14      x15=00000003
14213581ns          235379 1c00895c f8068693 addi             x13, x13, -128      x13=00001f80 x13:00002000
14213601ns          235380 1c008960 00379713 slli             x14, x15, 0x3       x14=00000018 x15:00000003
14213621ns          235381 1c008964 00279793 slli             x15, x15, 0x2       x15=0000000c x15:00000003
14213641ns          235382 1c008966 00d7f7b3 and              x15, x15, x13       x15=00000000 x15:0000000c x13:00001f80
14213661ns          235383 1c008968 ee873733 p.bclr           x14, x14, 23, 8     x14=00000018 x14:00000018
14213680ns          235384 1c00896c 1a10f6b7 lui              x13, 0x1a10f000     x13=1a10f000
14213700ns          235385 1c008970 0ff57513 andi             x10, x10, 255       x10=0000006f x10:0000006f
14213720ns          235386 1c008974 00d70733 add              x14, x14, x13       x14=1a10f018 x14:00000018 x13:1a10f000
14213740ns          235387 1c008976 00a7e723 p.sw             x10, x0(x15)        x10:0000006f x15:00000000  PA:1a10f018
14214078ns          235404 1c00897a 00000513 addi             x10, x0, 0          x10=00000000
14214098ns          235405 1c00897c 00008067 jalr             x0, x1, 0            x1:1c008a4c
14214138ns          235407 1c008a4c 31f52563 p.beqimm         x10, 778            x10:00000000
14214158ns          235408 1c008a50 001d8d93 addi             x27, x27, 1         x27=00000013 x27:00000012
14214178ns          235409 1c008a52 00044503 lbu              x10, 0(x8)          x10=00000072  x8:1c0000c7  PA:1c0000c7
14214476ns          235424 1c008a56 00140413 addi             x8, x8, 1            x8=1c0000c8  x8:1c0000c7
14214496ns          235425 1c008a58 fe0514e3 bne              x10, x0, -24        x10:00000072
14214556ns          235428 1c008a40 02500793 addi             x15, x0, 37         x15=00000025
14214576ns          235429 1c008a44 04f50863 beq              x10, x15, 80        x10:00000072 x15:00000025
14214595ns          235430 1c008a48 01a005b3 add              x11, x0, x26        x11=00000002 x26:00000002
14214615ns          235431 1c008a4a 000b00e7 jalr             x1, x22, 0           x1=1c008a4c x22:1c008956
14214655ns          235433 1c008956 000026b7 lui              x13, 0x2000         x13=00002000
14214675ns          235434 1c008958 f14027f3 csrrs            x15, x0, 0xf14      x15=00000003
14214695ns          235435 1c00895c f8068693 addi             x13, x13, -128      x13=00001f80 x13:00002000
14214715ns          235436 1c008960 00379713 slli             x14, x15, 0x3       x14=00000018 x15:00000003
14214735ns          235437 1c008964 00279793 slli             x15, x15, 0x2       x15=0000000c x15:00000003
14214755ns          235438 1c008966 00d7f7b3 and              x15, x15, x13       x15=00000000 x15:0000000c x13:00001f80
14214774ns          235439 1c008968 ee873733 p.bclr           x14, x14, 23, 8     x14=00000018 x14:00000018
14214794ns          235440 1c00896c 1a10f6b7 lui              x13, 0x1a10f000     x13=1a10f000
14214814ns          235441 1c008970 0ff57513 andi             x10, x10, 255       x10=00000072 x10:00000072
14214834ns          235442 1c008974 00d70733 add              x14, x14, x13       x14=1a10f018 x14:00000018 x13:1a10f000
14214854ns          235443 1c008976 00a7e723 p.sw             x10, x0(x15)        x10:00000072 x15:00000000  PA:1a10f018
14215172ns          235459 1c00897a 00000513 addi             x10, x0, 0          x10=00000000
14215192ns          235460 1c00897c 00008067 jalr             x0, x1, 0            x1:1c008a4c
14215232ns          235462 1c008a4c 31f52563 p.beqimm         x10, 778            x10:00000000
14215252ns          235463 1c008a50 001d8d93 addi             x27, x27, 1         x27=00000014 x27:00000013
14215272ns          235464 1c008a52 00044503 lbu              x10, 0(x8)          x10=00000065  x8:1c0000c8  PA:1c0000c8
14215570ns          235479 1c008a56 00140413 addi             x8, x8, 1            x8=1c0000c9  x8:1c0000c8
14215590ns          235480 1c008a58 fe0514e3 bne              x10, x0, -24        x10:00000065
14215650ns          235483 1c008a40 02500793 addi             x15, x0, 37         x15=00000025
14215670ns          235484 1c008a44 04f50863 beq              x10, x15, 80        x10:00000065 x15:00000025
14215689ns          235485 1c008a48 01a005b3 add              x11, x0, x26        x11=00000002 x26:00000002
14215709ns          235486 1c008a4a 000b00e7 jalr             x1, x22, 0           x1=1c008a4c x22:1c008956
14215749ns          235488 1c008956 000026b7 lui              x13, 0x2000         x13=00002000
14215769ns          235489 1c008958 f14027f3 csrrs            x15, x0, 0xf14      x15=00000003
14215789ns          235490 1c00895c f8068693 addi             x13, x13, -128      x13=00001f80 x13:00002000
14215809ns          235491 1c008960 00379713 slli             x14, x15, 0x3       x14=00000018 x15:00000003
14215829ns          235492 1c008964 00279793 slli             x15, x15, 0x2       x15=0000000c x15:00000003
14215849ns          235493 1c008966 00d7f7b3 and              x15, x15, x13       x15=00000000 x15:0000000c x13:00001f80
14215868ns          235494 1c008968 ee873733 p.bclr           x14, x14, 23, 8     x14=00000018 x14:00000018
14215888ns          235495 1c00896c 1a10f6b7 lui              x13, 0x1a10f000     x13=1a10f000
14215908ns          235496 1c008970 0ff57513 andi             x10, x10, 255       x10=00000065 x10:00000065
14215928ns          235497 1c008974 00d70733 add              x14, x14, x13       x14=1a10f018 x14:00000018 x13:1a10f000
14215948ns          235498 1c008976 00a7e723 p.sw             x10, x0(x15)        x10:00000065 x15:00000000  PA:1a10f018
14216266ns          235514 1c00897a 00000513 addi             x10, x0, 0          x10=00000000
14216286ns          235515 1c00897c 00008067 jalr             x0, x1, 0            x1:1c008a4c
14216326ns          235517 1c008a4c 31f52563 p.beqimm         x10, 778            x10:00000000
14216346ns          235518 1c008a50 001d8d93 addi             x27, x27, 1         x27=00000015 x27:00000014
14216366ns          235519 1c008a52 00044503 lbu              x10, 0(x8)          x10=00000020  x8:1c0000c9  PA:1c0000c9
14216664ns          235534 1c008a56 00140413 addi             x8, x8, 1            x8=1c0000ca  x8:1c0000c9
14216684ns          235535 1c008a58 fe0514e3 bne              x10, x0, -24        x10:00000020
14216744ns          235538 1c008a40 02500793 addi             x15, x0, 37         x15=00000025
14216764ns          235539 1c008a44 04f50863 beq              x10, x15, 80        x10:00000020 x15:00000025
14216783ns          235540 1c008a48 01a005b3 add              x11, x0, x26        x11=00000002 x26:00000002
14216803ns          235541 1c008a4a 000b00e7 jalr             x1, x22, 0           x1=1c008a4c x22:1c008956
14216843ns          235543 1c008956 000026b7 lui              x13, 0x2000         x13=00002000
14216863ns          235544 1c008958 f14027f3 csrrs            x15, x0, 0xf14      x15=00000003
14216883ns          235545 1c00895c f8068693 addi             x13, x13, -128      x13=00001f80 x13:00002000
14216903ns          235546 1c008960 00379713 slli             x14, x15, 0x3       x14=00000018 x15:00000003
14216923ns          235547 1c008964 00279793 slli             x15, x15, 0x2       x15=0000000c x15:00000003
14216943ns          235548 1c008966 00d7f7b3 and              x15, x15, x13       x15=00000000 x15:0000000c x13:00001f80
14216962ns          235549 1c008968 ee873733 p.bclr           x14, x14, 23, 8     x14=00000018 x14:00000018
14216982ns          235550 1c00896c 1a10f6b7 lui              x13, 0x1a10f000     x13=1a10f000
14217002ns          235551 1c008970 0ff57513 andi             x10, x10, 255       x10=00000020 x10:00000020
14217022ns          235552 1c008974 00d70733 add              x14, x14, x13       x14=1a10f018 x14:00000018 x13:1a10f000
14217042ns          235553 1c008976 00a7e723 p.sw             x10, x0(x15)        x10:00000020 x15:00000000  PA:1a10f018
14217360ns          235569 1c00897a 00000513 addi             x10, x0, 0          x10=00000000
14217380ns          235570 1c00897c 00008067 jalr             x0, x1, 0            x1:1c008a4c
14217420ns          235572 1c008a4c 31f52563 p.beqimm         x10, 778            x10:00000000
14217440ns          235573 1c008a50 001d8d93 addi             x27, x27, 1         x27=00000016 x27:00000015
14217460ns          235574 1c008a52 00044503 lbu              x10, 0(x8)          x10=00000020  x8:1c0000ca  PA:1c0000ca
14217758ns          235589 1c008a56 00140413 addi             x8, x8, 1            x8=1c0000cb  x8:1c0000ca
14217778ns          235590 1c008a58 fe0514e3 bne              x10, x0, -24        x10:00000020
14217838ns          235593 1c008a40 02500793 addi             x15, x0, 37         x15=00000025
14217858ns          235594 1c008a44 04f50863 beq              x10, x15, 80        x10:00000020 x15:00000025
14217877ns          235595 1c008a48 01a005b3 add              x11, x0, x26        x11=00000002 x26:00000002
14217897ns          235596 1c008a4a 000b00e7 jalr             x1, x22, 0           x1=1c008a4c x22:1c008956
14217937ns          235598 1c008956 000026b7 lui              x13, 0x2000         x13=00002000
14217957ns          235599 1c008958 f14027f3 csrrs            x15, x0, 0xf14      x15=00000003
14217977ns          235600 1c00895c f8068693 addi             x13, x13, -128      x13=00001f80 x13:00002000
14217997ns          235601 1c008960 00379713 slli             x14, x15, 0x3       x14=00000018 x15:00000003
14218017ns          235602 1c008964 00279793 slli             x15, x15, 0x2       x15=0000000c x15:00000003
14218037ns          235603 1c008966 00d7f7b3 and              x15, x15, x13       x15=00000000 x15:0000000c x13:00001f80
14218056ns          235604 1c008968 ee873733 p.bclr           x14, x14, 23, 8     x14=00000018 x14:00000018
14218076ns          235605 1c00896c 1a10f6b7 lui              x13, 0x1a10f000     x13=1a10f000
14218096ns          235606 1c008970 0ff57513 andi             x10, x10, 255       x10=00000020 x10:00000020
14218116ns          235607 1c008974 00d70733 add              x14, x14, x13       x14=1a10f018 x14:00000018 x13:1a10f000
14218136ns          235608 1c008976 00a7e723 p.sw             x10, x0(x15)        x10:00000020 x15:00000000  PA:1a10f018
14218454ns          235624 1c00897a 00000513 addi             x10, x0, 0          x10=00000000
14218474ns          235625 1c00897c 00008067 jalr             x0, x1, 0            x1:1c008a4c
14218514ns          235627 1c008a4c 31f52563 p.beqimm         x10, 778            x10:00000000
14218534ns          235628 1c008a50 001d8d93 addi             x27, x27, 1         x27=00000017 x27:00000016
14218554ns          235629 1c008a52 00044503 lbu              x10, 0(x8)          x10=00000025  x8:1c0000cb  PA:1c0000cb
14218852ns          235644 1c008a56 00140413 addi             x8, x8, 1            x8=1c0000cc  x8:1c0000cb
14218872ns          235645 1c008a58 fe0514e3 bne              x10, x0, -24        x10:00000025
14218932ns          235648 1c008a40 02500793 addi             x15, x0, 37         x15=00000025
14218952ns          235649 1c008a44 04f50863 beq              x10, x15, 80        x10:00000025 x15:00000025
14219051ns          235654 1c008a94 00044483 lbu              x9, 0(x8)            x9=00000064  x8:1c0000cc  PA:1c0000cc
14219389ns          235671 1c008a98 02000693 addi             x13, x0, 32         x13=00000020
14219409ns          235672 1c008a9c 00140a93 addi             x21, x8, 1          x21=1c0000cd  x8:1c0000cc
14219429ns          235673 1c008aa0 009005b3 add              x11, x0, x9         x11=00000064  x9:00000064
14219449ns          235674 1c008aa2 0f4b8513 addi             x10, x23, 244       x10=1c0000f4 x23:1c000000
14219469ns          235675 1c008aa6 00d12823 sw               x13, 16(x2)         x13:00000020  x2:10001e58  PA:10001e68
14219489ns          235676 1c008aa8 00012c23 sw               x0, 24(x2)           x2:10001e58  PA:10001e70
14219508ns          235677 1c008aaa 00012a23 sw               x0, 20(x2)           x2:10001e58  PA:10001e6c
14219528ns          235678 1c008aac 00012e23 sw               x0, 28(x2)           x2:10001e58  PA:10001e74
14219548ns          235679 1c008aae 00012623 sw               x0, 12(x2)           x2:10001e58  PA:10001e64
14219568ns          235680 1c008ab0 02300913 addi             x18, x0, 35         x18=00000023
14219588ns          235681 1c008ab4 02d00a13 addi             x20, x0, 45         x20=0000002d
14219608ns          235682 1c008ab8 015009b3 add              x19, x0, x21        x19=1c0000cd x21:1c0000cd
14219628ns          235683 1c008aba e1dff0ef jal              x1, -484             x1=1c008abc
14219787ns          235691 1c0088d6 00054783 lbu              x15, 0(x10)         x15=0000002d x10:1c0000f4  PA:1c0000f4
14220085ns          235706 1c0088da 0ff5f593 andi             x11, x11, 255       x11=00000064 x11:00000064
14220105ns          235707 1c0088de 00b78c63 beq              x15, x11, 24        x15:0000002d x11:00000064
14220125ns          235708 1c0088e2 00078b63 beq              x15, x0, 22         x15:0000002d
14220145ns          235709 1c0088e4 00150793 addi             x15, x10, 1         x15=1c0000f5 x10:1c0000f4
14220165ns          235710 1c0088e8 0040006f jal              x0, 4              
14220264ns          235715 1c0088ec 00f00533 add              x10, x0, x15        x10=1c0000f5 x15:1c0000f5
14220284ns          235716 1c0088ee 0017c70b p.lbu            x14, 1(x15!)        x14=0000002b x15=1c0000f6 x15:1c0000f5  PA:1c0000f5
14220602ns          235732 1c0088f2 feb71ce3 bne              x14, x11, -8        x14:0000002b x11:00000064
14220662ns          235735 1c0088ea 00070763 beq              x14, x0, 14         x14:0000002b
14220682ns          235736 1c0088ec 00f00533 add              x10, x0, x15        x10=1c0000f6 x15:1c0000f6
14220702ns          235737 1c0088ee 0017c70b p.lbu            x14, 1(x15!)        x14=00000020 x15=1c0000f7 x15:1c0000f6  PA:1c0000f6
14221020ns          235753 1c0088f2 feb71ce3 bne              x14, x11, -8        x14:00000020 x11:00000064
14221080ns          235756 1c0088ea 00070763 beq              x14, x0, 14         x14:00000020
14221100ns          235757 1c0088ec 00f00533 add              x10, x0, x15        x10=1c0000f7 x15:1c0000f7
14221120ns          235758 1c0088ee 0017c70b p.lbu            x14, 1(x15!)        x14=00000023 x15=1c0000f8 x15:1c0000f7  PA:1c0000f7
14221498ns          235777 1c0088f2 feb71ce3 bne              x14, x11, -8        x14:00000023 x11:00000064
14221557ns          235780 1c0088ea 00070763 beq              x14, x0, 14         x14:00000023
14221577ns          235781 1c0088ec 00f00533 add              x10, x0, x15        x10=1c0000f8 x15:1c0000f8
14221597ns          235782 1c0088ee 0017c70b p.lbu            x14, 1(x15!)        x14=00000030 x15=1c0000f9 x15:1c0000f8  PA:1c0000f8
14221915ns          235798 1c0088f2 feb71ce3 bne              x14, x11, -8        x14:00000030 x11:00000064
14221975ns          235801 1c0088ea 00070763 beq              x14, x0, 14         x14:00000030
14221995ns          235802 1c0088ec 00f00533 add              x10, x0, x15        x10=1c0000f9 x15:1c0000f9
14222015ns          235803 1c0088ee 0017c70b p.lbu            x14, 1(x15!)        x14=00000000 x15=1c0000fa x15:1c0000f9  PA:1c0000f9
14222333ns          235819 1c0088f2 feb71ce3 bne              x14, x11, -8        x14:00000000 x11:00000064
14222393ns          235822 1c0088ea 00070763 beq              x14, x0, 14         x14:00000000
14222452ns          235825 1c0088f8 0015b593 sltiu            x11, x11, 1         x11=00000000 x11:00000064
14222472ns          235826 1c0088fc 40b005b3 sub              x11, x0, x11        x11=00000000 x11:00000000
14222492ns          235827 1c008900 00b57533 and              x10, x10, x11       x10=00000000 x10:1c0000f9 x11:00000000
14222512ns          235828 1c008902 00008067 jalr             x0, x1, 0            x1:1c008abc
14222552ns          235830 1c008abc 02050a63 beq              x10, x0, 52         x10:00000000
14222651ns          235835 1c008af0 02a00613 addi             x12, x0, 42         x12=0000002a
14222691ns          235837 1c008af4 2ac48663 beq              x9, x12, 684         x9:00000064 x12:0000002a
14222711ns          235838 1c008af8 fd048613 addi             x12, x9, -48        x12=00000034  x9:00000064
14222731ns          235839 1c008afc 00900593 addi             x11, x0, 9          x11=00000009
14222751ns          235840 1c008afe 00000913 addi             x18, x0, 0          x18=00000000
14222790ns          235842 1c008b00 28c5f063 bgeu             x11, x12, 640       x11:00000009 x12:00000034
14222830ns          235844 1c008b04 02e00693 addi             x13, x0, 46         x13=0000002e
14222850ns          235845 1c008b08 fff00a13 addi             x20, x0, -1         x20=ffffffff
14222870ns          235846 1c008b0a 2ed48363 beq              x9, x13, 742         x9:00000064 x13:0000002e
14222930ns          235849 1c008b0e 1c0007b7 lui              x15, 0x1c000000     x15=1c000000
14222950ns          235850 1c008b12 009005b3 add              x11, x0, x9         x11=00000064  x9:00000064
14222969ns          235851 1c008b14 0fc78513 addi             x10, x15, 252       x10=1c0000fc x15:1c000000
14222989ns          235852 1c008b18 dbfff0ef jal              x1, -578             x1=1c008b1a
14223049ns          235855 1c0088d6 00054783 lbu              x15, 0(x10)         x15=00000068 x10:1c0000fc  PA:1c0000fc
14223367ns          235871 1c0088da 0ff5f593 andi             x11, x11, 255       x11=00000064 x11:00000064
14223387ns          235872 1c0088de 00b78c63 beq              x15, x11, 24        x15:00000068 x11:00000064
14223407ns          235873 1c0088e2 00078b63 beq              x15, x0, 22         x15:00000068
14223427ns          235874 1c0088e4 00150793 addi             x15, x10, 1         x15=1c0000fd x10:1c0000fc
14223447ns          235875 1c0088e8 0040006f jal              x0, 4              
14223487ns          235877 1c0088ec 00f00533 add              x10, x0, x15        x10=1c0000fd x15:1c0000fd
14223507ns          235878 1c0088ee 0017c70b p.lbu            x14, 1(x15!)        x14=0000006c x15=1c0000fe x15:1c0000fd  PA:1c0000fd
14223825ns          235894 1c0088f2 feb71ce3 bne              x14, x11, -8        x14:0000006c x11:00000064
14223884ns          235897 1c0088ea 00070763 beq              x14, x0, 14         x14:0000006c
14223904ns          235898 1c0088ec 00f00533 add              x10, x0, x15        x10=1c0000fe x15:1c0000fe
14223924ns          235899 1c0088ee 0017c70b p.lbu            x14, 1(x15!)        x14=0000004c x15=1c0000ff x15:1c0000fe  PA:1c0000fe
14224282ns          235917 1c0088f2 feb71ce3 bne              x14, x11, -8        x14:0000004c x11:00000064
14224342ns          235920 1c0088ea 00070763 beq              x14, x0, 14         x14:0000004c
14224362ns          235921 1c0088ec 00f00533 add              x10, x0, x15        x10=1c0000ff x15:1c0000ff
14224382ns          235922 1c0088ee 0017c70b p.lbu            x14, 1(x15!)        x14=0000007a x15=1c000100 x15:1c0000ff  PA:1c0000ff
14224720ns          235939 1c0088f2 feb71ce3 bne              x14, x11, -8        x14:0000007a x11:00000064
14224780ns          235942 1c0088ea 00070763 beq              x14, x0, 14         x14:0000007a
14224799ns          235943 1c0088ec 00f00533 add              x10, x0, x15        x10=1c000100 x15:1c000100
14224819ns          235944 1c0088ee 0017c70b p.lbu            x14, 1(x15!)        x14=00000000 x15=1c000101 x15:1c000100  PA:1c000100
14225138ns          235960 1c0088f2 feb71ce3 bne              x14, x11, -8        x14:00000000 x11:00000064
14225197ns          235963 1c0088ea 00070763 beq              x14, x0, 14         x14:00000000
14225257ns          235966 1c0088f8 0015b593 sltiu            x11, x11, 1         x11=00000000 x11:00000064
14225277ns          235967 1c0088fc 40b005b3 sub              x11, x0, x11        x11=00000000 x11:00000000
14225297ns          235968 1c008900 00b57533 and              x10, x10, x11       x10=00000000 x10:1c000100 x11:00000000
14225317ns          235969 1c008902 00008067 jalr             x0, x1, 0            x1:1c008b1a
14225356ns          235971 1c008b1a 01300433 add              x8, x0, x19          x8=1c0000cd x19:1c0000cd
14225376ns          235972 1c008b1c 00050563 beq              x10, x0, 10         x10:00000000
14225496ns          235978 1c008b26 06700693 addi             x13, x0, 103        x13=00000067
14225515ns          235979 1c008b2a 2896d963 bge              x13, x9, 658        x13:00000067  x9:00000064
14225655ns          235986 1c008dbc 06500693 addi             x13, x0, 101        x13=00000065
14225695ns          235988 1c008dc0 12d4d563 bge              x9, x13, 298         x9:00000064 x13:00000065
14225714ns          235989 1c008dc4 04700693 addi             x13, x0, 71         x13=00000047
14225734ns          235990 1c008dc8 dc96cbe3 blt              x13, x9, -554       x13:00000047  x9:00000064
14225913ns          235999 1c008b9e 06300693 addi             x13, x0, 99         x13=00000063
14225953ns          236001 1c008ba2 0ad488e3 beq              x9, x13, 2224        x9:00000064 x13:00000063
14225973ns          236002 1c008ba6 0096c9e3 blt              x13, x9, 2066       x13:00000063  x9:00000064
14226132ns          236010 1c0093b8 000c2583 lw               x11, 0(x24)         x11=00000003 x24:10001fac  PA:10001fac
14226172ns          236012 1c0093bc 004c0c13 addi             x24, x24, 4         x24=10001fb0 x24:10001fac
14226232ns          236015 1c0093be 3405cc63 blt              x11, x0, 856        x11:00000003
14226251ns          236016 1c0093c2 01412603 lw               x12, 20(x2)         x12=00000000  x2:10001e58  PA:10001e6c
14226271ns          236017 1c0093c4 00b006b3 add              x13, x0, x11        x13=00000003 x11:00000003
14226291ns          236018 1c0093c6 2e061863 bne              x12, x0, 752        x12:00000000
14226311ns          236019 1c0093ca 01812703 lw               x14, 24(x2)         x14=00000000  x2:10001e58  PA:10001e70
14226331ns          236020 1c0093cc 019007b3 add              x15, x0, x25        x15=10001e7c x25:10001e7c
14226351ns          236021 1c0093ce 00070763 beq              x14, x0, 14         x14:00000000
14226411ns          236024 1c0093dc 00f00733 add              x14, x0, x15        x14=10001e7c x15:10001e7c
14226430ns          236025 1c0093de 00a00513 addi             x10, x0, 10         x10=0000000a
14226470ns          236027 1c0093e0 02a6f633 remu             x12, x13, x10       x12=00000003 x13:00000003 x10:0000000a
14227107ns          236059 1c0093e4 02a6d6b3 divu             x13, x13, x10       x13=00000000 x13:00000003 x10:0000000a
14227723ns          236090 1c0093e8 03060613 addi             x12, x12, 48        x12=00000033 x12:00000003
14227743ns          236091 1c0093ec 00c700ab p.sb             x12, 1(x14!)        x14=10001e7d x12:00000033 x14:10001e7c  PA:10001e7c
14227763ns          236092 1c0093f0 fe0698e3 bne              x13, x0, -16        x13:00000000
14227783ns          236093 1c0093f2 40f706b3 sub              x13, x14, x15       x13=00000001 x14:10001e7d x15:10001e7c
14227803ns          236094 1c0093f6 0146dc63 bge              x13, x20, 24        x13:00000001 x20:ffffffff
14227922ns          236100 1c00940e 00e006b3 add              x13, x0, x14        x13=10001e7d x14:10001e7d
14227982ns          236103 1c009410 fe068fab p.sb             x0, -1(x13!)        x13=10001e7c x13:10001e7d  PA:10001e7d
14228022ns          236105 1c009414 00d7fc63 bgeu             x15, x13, 24        x15:10001e7c x13:10001e7c
14228121ns          236110 1c00942c 01412783 lw               x15, 20(x2)         x15=00000000  x2:10001e58  PA:10001e6c
14228141ns          236111 1c00942e 01812603 lw               x12, 24(x2)         x12=00000000  x2:10001e58  PA:10001e70
14228201ns          236114 1c009430 419704b3 sub              x9, x14, x25         x9=00000001 x14:10001e7d x25:10001e7c
14228241ns          236116 1c009434 00c7e7b3 or               x15, x15, x12       x15=00000000 x15:00000000 x12:00000000
14228260ns          236117 1c009436 00f12623 sw               x15, 12(x2)         x15:00000000  x2:10001e58  PA:10001e64
14228280ns          236118 1c009438 00079363 bne              x15, x0, 6          x15:00000000
14228300ns          236119 1c00943a 01f5d593 srli             x11, x11, 0x1f      x11=00000000 x11:00000003
14228320ns          236120 1c00943c 00b12623 sw               x11, 12(x2)         x11:00000000  x2:10001e58  PA:10001e64
14228340ns          236121 1c00943e e3fa28e3 p.beqimm         x20, -464           x20:ffffffff
14228519ns          236130 1c00926e 0c800793 addi             x15, x0, 200        x15=000000c8
14228559ns          236132 1c009272 9e97d0e3 bge              x15, x9, -1568      x15:000000c8  x9:00000001
14228698ns          236139 1c008c52 0f24d163 bge              x9, x18, 226         x9:00000001 x18:00000000
14228758ns          236142 1c008d34 d00482e3 beq              x9, x0, -764         x9:00000001
14228778ns          236143 1c008d38 01900933 add              x18, x0, x25        x18=10001e7c x25:10001e7c
14228797ns          236144 1c008d3a 419d8db3 sub              x27, x27, x25       x27=efffe19b x27:00000017 x25:10001e7c
14228817ns          236145 1c008d3e 00a0006f jal              x0, 10             
14228897ns          236149 1c008d48 0019450b p.lbu            x10, 1(x18!)        x10=00000033 x18=10001e7d x18:10001e7c  PA:10001e7c
14228917ns          236150 1c008d4c 01a005b3 add              x11, x0, x26        x11=00000002 x26:00000002
14228937ns          236151 1c008d4e 000b00e7 jalr             x1, x22, 0           x1=1c008d50 x22:1c008956
14229056ns          236157 1c008956 000026b7 lui              x13, 0x2000         x13=00002000
14229096ns          236159 1c008958 f14027f3 csrrs            x15, x0, 0xf14      x15=00000003
14229116ns          236160 1c00895c f8068693 addi             x13, x13, -128      x13=00001f80 x13:00002000
14229136ns          236161 1c008960 00379713 slli             x14, x15, 0x3       x14=00000018 x15:00000003
14229155ns          236162 1c008964 00279793 slli             x15, x15, 0x2       x15=0000000c x15:00000003
14229175ns          236163 1c008966 00d7f7b3 and              x15, x15, x13       x15=00000000 x15:0000000c x13:00001f80
14229195ns          236164 1c008968 ee873733 p.bclr           x14, x14, 23, 8     x14=00000018 x14:00000018
14229215ns          236165 1c00896c 1a10f6b7 lui              x13, 0x1a10f000     x13=1a10f000
14229255ns          236167 1c008970 0ff57513 andi             x10, x10, 255       x10=00000033 x10:00000033
14229295ns          236169 1c008974 00d70733 add              x14, x14, x13       x14=1a10f018 x14:00000018 x13:1a10f000
14229315ns          236170 1c008976 00a7e723 p.sw             x10, x0(x15)        x10:00000033 x15:00000000  PA:1a10f018
14229693ns          236189 1c00897a 00000513 addi             x10, x0, 0          x10=00000000
14229712ns          236190 1c00897c 00008067 jalr             x0, x1, 0            x1:1c008d50
14229792ns          236194 1c008d50 fff48493 addi             x9, x9, -1           x9=00000000  x9:00000001
14229832ns          236196 1c008d52 fff537e3 p.bneimm         x10, -18            x10:00000000
14229891ns          236199 1c008d40 012d8733 add              x14, x27, x18       x14=00000018 x27:efffe19b x18:10001e7d
14229911ns          236200 1c008d44 5a048b63 beq              x9, x0, 1462         x9:00000000
14230011ns          236205 1c0092fa 00e00db3 add              x27, x0, x14        x27=00000018 x14:00000018
14230051ns          236207 1c0092fc f3cff06f jal              x0, -2244          
14230190ns          236214 1c008a38 00044503 lbu              x10, 0(x8)          x10=0000000a  x8:1c0000cd  PA:1c0000cd
14230508ns          236230 1c008a3c 00140413 addi             x8, x8, 1            x8=1c0000ce  x8:1c0000cd
14230528ns          236231 1c008a3e 00050e63 beq              x10, x0, 28         x10:0000000a
14230548ns          236232 1c008a40 02500793 addi             x15, x0, 37         x15=00000025
14230568ns          236233 1c008a44 04f50863 beq              x10, x15, 80        x10:0000000a x15:00000025
14230588ns          236234 1c008a48 01a005b3 add              x11, x0, x26        x11=00000002 x26:00000002
14230608ns          236235 1c008a4a 000b00e7 jalr             x1, x22, 0           x1=1c008a4c x22:1c008956
14230687ns          236239 1c008956 000026b7 lui              x13, 0x2000         x13=00002000
14230707ns          236240 1c008958 f14027f3 csrrs            x15, x0, 0xf14      x15=00000003
14230727ns          236241 1c00895c f8068693 addi             x13, x13, -128      x13=00001f80 x13:00002000
14230747ns          236242 1c008960 00379713 slli             x14, x15, 0x3       x14=00000018 x15:00000003
14230767ns          236243 1c008964 00279793 slli             x15, x15, 0x2       x15=0000000c x15:00000003
14230787ns          236244 1c008966 00d7f7b3 and              x15, x15, x13       x15=00000000 x15:0000000c x13:00001f80
14230806ns          236245 1c008968 ee873733 p.bclr           x14, x14, 23, 8     x14=00000018 x14:00000018
14230826ns          236246 1c00896c 1a10f6b7 lui              x13, 0x1a10f000     x13=1a10f000
14230846ns          236247 1c008970 0ff57513 andi             x10, x10, 255       x10=0000000a x10:0000000a
14230866ns          236248 1c008974 00d70733 add              x14, x14, x13       x14=1a10f018 x14:00000018 x13:1a10f000
14230886ns          236249 1c008976 00a7e723 p.sw             x10, x0(x15)        x10:0000000a x15:00000000  PA:1a10f018
14231204ns          236265 1c00897a 00000513 addi             x10, x0, 0          x10=00000000
14231224ns          236266 1c00897c 00008067 jalr             x0, x1, 0            x1:1c008a4c
14231264ns          236268 1c008a4c 31f52563 p.beqimm         x10, 778            x10:00000000
14231284ns          236269 1c008a50 001d8d93 addi             x27, x27, 1         x27=00000019 x27:00000018
14231304ns          236270 1c008a52 00044503 lbu              x10, 0(x8)          x10=00000000  x8:1c0000ce  PA:1c0000ce
14231602ns          236285 1c008a56 00140413 addi             x8, x8, 1            x8=1c0000cf  x8:1c0000ce
14231622ns          236286 1c008a58 fe0514e3 bne              x10, x0, -24        x10:00000000
14231642ns          236287 1c008a5a 01b00433 add              x8, x0, x27          x8=00000019 x27:00000019
14231662ns          236288 1c008a5c 00800533 add              x10, x0, x8         x10=00000019  x8:00000019
14231682ns          236289 1c008a5e 12c12083 lw               x1, 300(x2)          x1=1c0089ea  x2:10001e58  PA:10001f84
14231702ns          236290 1c008a62 12812403 lw               x8, 296(x2)          x8=4665878a  x2:10001e58  PA:10001f80
14231721ns          236291 1c008a66 12412483 lw               x9, 292(x2)          x9=1c010018  x2:10001e58  PA:10001f7c
14231741ns          236292 1c008a6a 12012903 lw               x18, 288(x2)        x18=466586f4  x2:10001e58  PA:10001f78
14232119ns          236311 1c008a6e 11c12983 lw               x19, 284(x2)        x19=46658820  x2:10001e58  PA:10001f74
14232159ns          236313 1c008a72 11812a03 lw               x20, 280(x2)        x20=41038465  x2:10001e58  PA:10001f70
14232179ns          236314 1c008a76 11412a83 lw               x21, 276(x2)        x21=00000000  x2:10001e58  PA:10001f6c
14232199ns          236315 1c008a7a 11012b03 lw               x22, 272(x2)        x22=403f25f6  x2:10001e58  PA:10001f68
14232258ns          236318 1c008a7e 10c12b83 lw               x23, 268(x2)        x23=4303111d  x2:10001e58  PA:10001f64
14232298ns          236320 1c008a82 10812c03 lw               x24, 264(x2)        x24=xxxxxxxx  x2:10001e58  PA:10001f60
14232318ns          236321 1c008a86 10412c83 lw               x25, 260(x2)        x25=xxxxxxxx  x2:10001e58  PA:10001f5c
14232338ns          236322 1c008a8a 10012d03 lw               x26, 256(x2)        x26=xxxxxxxx  x2:10001e58  PA:10001f58
14232358ns          236323 1c008a8e 0fc12d83 lw               x27, 252(x2)        x27=xxxxxxxx  x2:10001e58  PA:10001f54
14232378ns          236324 1c008a90 13010113 addi             x2, x2, 304          x2=10001f88  x2:10001e58
14232398ns          236325 1c008a92 00008067 jalr             x0, x1, 0            x1:1c0089ea
14232477ns          236329 1c0089ea 01c12083 lw               x1, 28(x2)           x1=1c008398  x2:10001f88  PA:10001fa4
14232517ns          236331 1c0089ec 04010113 addi             x2, x2, 64           x2=10001fc8  x2:10001f88
14232537ns          236332 1c0089ee 00008067 jalr             x0, x1, 0            x1:1c008398
14232656ns          236338 1c008398 00000413 addi             x8, x0, 0            x8=00000000
14232676ns          236339 1c00839a fcbff06f jal              x0, -54            
14233134ns          236362 1c008364 215010ef jal              x1, 6676             x1=1c008368
14233213ns          236366 1c009d78 f14027f3 csrrs            x15, x0, 0xf14      x15=00000003
14233253ns          236368 1c009d7c 01f00713 addi             x14, x0, 31         x14=0000001f
14233313ns          236371 1c009d7e ca5797b3 p.extractu       x15, x15, 5, 5      x15=00000000 x15:00000003
14233352ns          236373 1c009d82 00e78863 beq              x15, x14, 16        x15:00000000 x14:0000001f
14233372ns          236374 1c009d86 002047b7 lui              x15, 0x204000       x15=00204000
14233392ns          236375 1c009d8a 20078793 addi             x15, x15, 512       x15=00204200 x15:00204000
14233452ns          236378 1c009d8e 01c7e703 p.elw            x14, 28(x15)        x14=00010000 x15:00204200  PA:0020421c
14831945ns          266467 1c009d92 00008067 jalr             x0, x1, 0            x1:1c008368
14831985ns          266469 1c008368 00800533 add              x10, x0, x8         x10=00000000  x8:00000000
14832004ns          266470 1c00836a 02c12083 lw               x1, 44(x2)           x1=1c009c88  x2:10001fc8  PA:10001ff4
14832084ns          266474 1c00836c 02812403 lw               x8, 40(x2)           x8=xxxxxxxx  x2:10001fc8  PA:10001ff0
14832104ns          266475 1c00836e 02412483 lw               x9, 36(x2)           x9=xxxxxxxx  x2:10001fc8  PA:10001fec
14832541ns          266497 1c008370 02012903 lw               x18, 32(x2)         x18=xxxxxxxx  x2:10001fc8  PA:10001fe8
14832561ns          266498 1c008372 01c12983 lw               x19, 28(x2)         x19=xxxxxxxx  x2:10001fc8  PA:10001fe4
14832581ns          266499 1c008374 01812a03 lw               x20, 24(x2)         x20=xxxxxxxx  x2:10001fc8  PA:10001fe0
14832601ns          266500 1c008376 01412a83 lw               x21, 20(x2)         x21=xxxxxxxx  x2:10001fc8  PA:10001fdc
14832621ns          266501 1c008378 01012b03 lw               x22, 16(x2)         x22=xxxxxxxx  x2:10001fc8  PA:10001fd8
14832641ns          266502 1c00837a 00c12b83 lw               x23, 12(x2)         x23=xxxxxxxx  x2:10001fc8  PA:10001fd4
14832661ns          266503 1c00837c 03010113 addi             x2, x2, 48           x2=10001ff8  x2:10001fc8
14832681ns          266504 1c00837e 00008067 jalr             x0, x1, 0            x1:1c009c88
14832760ns          266508 1c009c88 f14027f3 csrrs            x15, x0, 0xf14      x15=00000003
14832800ns          266510 1c009c8c f457b7b3 p.bclr           x15, x15, 26, 5     x15=00000003 x15:00000003
14832860ns          266513 1c009c90 00079963 bne              x15, x0, 18         x15:00000003
14833456ns          266543 1c009ca2 002047b7 lui              x15, 0x204000       x15=00204000
14833476ns          266544 1c009ca6 fff00713 addi             x14, x0, -1         x14=ffffffff
14833496ns          266545 1c009ca8 00e7a223 sw               x14, 4(x15)         x14:ffffffff x15:00204000  PA:00204004
