                Time          Cycles PC       Instr    Mnemonic
14044311ns          226869 1c008080 0640006f jal              x0, 100            
14044768ns          226892 1c0080e4 f1402573 csrrs            x10, x0, 0xf14      x10=00000001
14044808ns          226894 1c0080e8 01f57593 andi             x11, x10, 31        x11=00000001 x10:00000001
14044828ns          226895 1c0080ec 00555513 srli             x10, x10, 0x5       x10=00000000 x10:00000001
14044848ns          226896 1c0080ee 01f00613 addi             x12, x0, 31         x12=0000001f
14045265ns          226917 1c0080f0 00c50463 beq              x10, x12, 8         x10:00000000 x12:0000001f
14045305ns          226919 1c0080f4 fa1ff06f jal              x0, -96            
14045763ns          226942 1c008094 f3ff8117 auipc            x2, 0xf3ff8000       x2=10000094
14045803ns          226944 1c008098 f7010113 addi             x2, x2, -144         x2=10000004  x2:10000094
14045822ns          226945 1c00809c 00012103 lw               x2, 0(x2)            x2=10000008  x2:10000004  PA:10000004
14046260ns          226967 1c0080a0 000011b7 lui              x3, 0x1000           x3=00001000
14046300ns          226969 1c0080a4 80018193 addi             x3, x3, -2048        x3=00000800  x3:00001000
14046320ns          226970 1c0080a8 00158593 addi             x11, x11, 1         x11=00000002 x11:00000001
14046340ns          226971 1c0080ac 02b180b3 mul              x1, x3, x11          x1=00001000  x3:00000800 x11:00000002
14046777ns          226993 1c0080b0 00110133 add              x2, x2, x1           x2=10001008  x2:10000008  x1:00001000
14046817ns          226995 1c0080b4 3af0106f jal              x0, 7086           
14047274ns          227018 1c009c62 ff010113 addi             x2, x2, -16          x2=10000ff8  x2:10001008
14047314ns          227020 1c009c64 00112623 sw               x1, 12(x2)           x1:00001000  x2:10000ff8  PA:10001004
14047334ns          227021 1c009c66 002047b7 lui              x15, 0x204000       x15=00204000
14047354ns          227022 1c009c6a 00070737 lui              x14, 0x70000        x14=00070000
14047374ns          227023 1c009c6e 00e7a423 sw               x14, 8(x15)         x14:00070000 x15:00204000  PA:00204008
14047812ns          227045 1c009c70 00f00713 addi             x14, x0, 15         x14=0000000f
14047851ns          227047 1c009c72 20078793 addi             x15, x15, 512       x15=00204200 x15:00204000
14047871ns          227048 1c009c76 00e7a023 sw               x14, 0(x15)         x14:0000000f x15:00204200  PA:00204200
14047891ns          227049 1c009c7a 00e7a623 sw               x14, 12(x15)        x14:0000000f x15:00204200  PA:0020420c
14048329ns          227071 1c009c7e 1c0017b7 lui              x15, 0x1c001000     x15=1c001000
14048368ns          227073 1c009c82 a847a783 lw               x15, -1404(x15)     x15=1c0081c4 x15:1c001000  PA:1c000a84
14048726ns          227091 1c009c86 000780e7 jalr             x1, x15, 0           x1=1c009c88 x15:1c0081c4
14049343ns          227122 1c0081c4 fd010113 addi             x2, x2, -48          x2=10000fc8  x2:10000ff8
14049363ns          227123 1c0081c6 03212023 sw               x18, 32(x2)         x18:xxxxxxxx  x2:10000fc8  PA:10000fe8
14049383ns          227124 1c0081c8 02112623 sw               x1, 44(x2)           x1:1c009c88  x2:10000fc8  PA:10000ff4
14049403ns          227125 1c0081ca f1402973 csrrs            x18, x0, 0xf14      x18=00000001
14049423ns          227126 1c0081ce 02812423 sw               x8, 40(x2)           x8:xxxxxxxx  x2:10000fc8  PA:10000ff0
14049840ns          227147 1c0081d0 02912223 sw               x9, 36(x2)           x9:xxxxxxxx  x2:10000fc8  PA:10000fec
14049860ns          227148 1c0081d2 01312e23 sw               x19, 28(x2)         x19:xxxxxxxx  x2:10000fc8  PA:10000fe4
14049880ns          227149 1c0081d4 01412c23 sw               x20, 24(x2)         x20:xxxxxxxx  x2:10000fc8  PA:10000fe0
14049900ns          227150 1c0081d6 01512a23 sw               x21, 20(x2)         x21:xxxxxxxx  x2:10000fc8  PA:10000fdc
14049920ns          227151 1c0081d8 01612823 sw               x22, 16(x2)         x22:xxxxxxxx  x2:10000fc8  PA:10000fd8
14049940ns          227152 1c0081da 01712623 sw               x23, 12(x2)         x23:xxxxxxxx  x2:10000fc8  PA:10000fd4
14049960ns          227153 1c0081dc ca5917b3 p.extractu       x15, x18, 5, 5      x15=00000000 x18:00000001
14050377ns          227174 1c0081e0 1e079a63 bne              x15, x0, 500        x15:00000000
14050417ns          227176 1c0081e4 f4593933 p.bclr           x18, x18, 26, 5     x18=00000001 x18:00000001
14050437ns          227177 1c0081e8 1c000537 lui              x10, 0x1c000000     x10=1c000000
14050457ns          227178 1c0081ec 01200633 add              x12, x0, x18        x12=00000001 x18:00000001
14050477ns          227179 1c0081ee 00100593 addi             x11, x0, 1          x11=00000001
14050895ns          227200 1c0081f0 01c50513 addi             x10, x10, 28        x10=1c00001c x10:1c000000
14050934ns          227202 1c0081f4 7ce000ef jal              x1, 1998             x1=1c0081f8
14051392ns          227225 1c0089c2 fc010113 addi             x2, x2, -64          x2=10000f88  x2:10000fc8
14051432ns          227227 1c0089c4 02410313 addi             x6, x2, 36           x6=10000fac  x2:10000f88
14051452ns          227228 1c0089c8 02c12423 sw               x12, 40(x2)         x12:00000001  x2:10000f88  PA:10000fb0
14051471ns          227229 1c0089ca 00a00633 add              x12, x0, x10        x12=1c00001c x10:1c00001c
14051491ns          227230 1c0089cc 1c009537 lui              x10, 0x1c009000     x10=1c009000
14051909ns          227251 1c0089d0 02b12223 sw               x11, 36(x2)         x11:00000001  x2:10000f88  PA:10000fac
14051929ns          227252 1c0089d2 02d12623 sw               x13, 44(x2)         x13:xxxxxxxx  x2:10000f88  PA:10000fb4
14051949ns          227253 1c0089d4 00200593 addi             x11, x0, 2          x11=00000002
14051969ns          227254 1c0089d6 006006b3 add              x13, x0, x6         x13=10000fac  x6:10000fac
14051989ns          227255 1c0089d8 95650513 addi             x10, x10, -1706     x10=1c008956 x10:1c009000
14052008ns          227256 1c0089dc 00112e23 sw               x1, 28(x2)           x1:1c0081f8  x2:10000f88  PA:10000fa4
14052028ns          227257 1c0089de 02e12823 sw               x14, 48(x2)         x14:0000000f  x2:10000f88  PA:10000fb8
14052426ns          227277 1c0089e0 02f12a23 sw               x15, 52(x2)         x15:00000000  x2:10000f88  PA:10000fbc
14052446ns          227278 1c0089e2 03012c23 sw               x16, 56(x2)         x16:xxxxxxxx  x2:10000f88  PA:10000fc0
14052466ns          227279 1c0089e4 03112e23 sw               x17, 60(x2)         x17:xxxxxxxx  x2:10000f88  PA:10000fc4
14052486ns          227280 1c0089e6 00612623 sw               x6, 12(x2)           x6:10000fac  x2:10000f88  PA:10000f94
14052506ns          227281 1c0089e8 fbfff0ef jal              x1, -66              x1=1c0089ea
14053401ns          227326 1c0089a6 04a0006f jal              x0, 74             
14053441ns          227328 1c0089f0 ed010113 addi             x2, x2, -304         x2=10000e58  x2:10000f88
14053460ns          227329 1c0089f2 12812423 sw               x8, 296(x2)          x8:xxxxxxxx  x2:10000e58  PA:10000f80
14053480ns          227330 1c0089f6 00000413 addi             x8, x0, 0            x8=00000000
14053500ns          227331 1c0089f8 11612823 sw               x22, 272(x2)        x22:xxxxxxxx  x2:10000e58  PA:10000f68
14053520ns          227332 1c0089fc 11712623 sw               x23, 268(x2)        x23:xxxxxxxx  x2:10000e58  PA:10000f64
14053938ns          227353 1c008a00 11812423 sw               x24, 264(x2)        x24:xxxxxxxx  x2:10000e58  PA:10000f60
14053978ns          227355 1c008a04 11912223 sw               x25, 260(x2)        x25:xxxxxxxx  x2:10000e58  PA:10000f5c
14053998ns          227356 1c008a08 11a12023 sw               x26, 256(x2)        x26:xxxxxxxx  x2:10000e58  PA:10000f58
14054017ns          227357 1c008a0c 0fb12e23 sw               x27, 252(x2)        x27:xxxxxxxx  x2:10000e58  PA:10000f54
14054475ns          227380 1c008a0e 12112623 sw               x1, 300(x2)          x1:1c0089ea  x2:10000e58  PA:10000f84
14054495ns          227381 1c008a12 00800db3 add              x27, x0, x8         x27=00000000  x8:00000000
14054515ns          227382 1c008a14 12912223 sw               x9, 292(x2)          x9:xxxxxxxx  x2:10000e58  PA:10000f7c
14054535ns          227383 1c008a18 13212023 sw               x18, 288(x2)        x18:00000001  x2:10000e58  PA:10000f78
14054554ns          227384 1c008a1c 11312e23 sw               x19, 284(x2)        x19:xxxxxxxx  x2:10000e58  PA:10000f74
14054992ns          227406 1c008a20 11412c23 sw               x20, 280(x2)        x20:xxxxxxxx  x2:10000e58  PA:10000f70
14055032ns          227408 1c008a24 11512a23 sw               x21, 276(x2)        x21:xxxxxxxx  x2:10000e58  PA:10000f6c
14055052ns          227409 1c008a28 00a00b33 add              x22, x0, x10        x22=1c008956 x10:1c008956
14055072ns          227410 1c008a2a 00b00d33 add              x26, x0, x11        x26=00000002 x11:00000002
14055092ns          227411 1c008a2c 00d00c33 add              x24, x0, x13        x24=10000fac x13:10000fac
14055509ns          227432 1c008a2e 1c000bb7 lui              x23, 0x1c000000     x23=1c000000
14055549ns          227434 1c008a32 02410c93 addi             x25, x2, 36         x25=10000e7c  x2:10000e58
14055569ns          227435 1c008a36 00c00433 add              x8, x0, x12          x8=1c00001c x12:1c00001c
14055589ns          227436 1c008a38 00044503 lbu              x10, 0(x8)          x10=00000073  x8:1c00001c  PA:1c00001c
14056006ns          227457 1c008a3c 00140413 addi             x8, x8, 1            x8=1c00001d  x8:1c00001c
14056026ns          227458 1c008a3e 00050e63 beq              x10, x0, 28         x10:00000073
14056046ns          227459 1c008a40 02500793 addi             x15, x0, 37         x15=00000025
14056066ns          227460 1c008a44 04f50863 beq              x10, x15, 80        x10:00000073 x15:00000025
14056086ns          227461 1c008a48 01a005b3 add              x11, x0, x26        x11=00000002 x26:00000002
14056106ns          227462 1c008a4a 000b00e7 jalr             x1, x22, 0           x1=1c008a4c x22:1c008956
14057061ns          227510 1c008956 000026b7 lui              x13, 0x2000         x13=00002000
14057100ns          227512 1c008958 f14027f3 csrrs            x15, x0, 0xf14      x15=00000001
14057120ns          227513 1c00895c f8068693 addi             x13, x13, -128      x13=00001f80 x13:00002000
14057558ns          227535 1c008960 00379713 slli             x14, x15, 0x3       x14=00000008 x15:00000001
14057598ns          227537 1c008964 00279793 slli             x15, x15, 0x2       x15=00000004 x15:00000001
14057618ns          227538 1c008966 00d7f7b3 and              x15, x15, x13       x15=00000000 x15:00000004 x13:00001f80
14057638ns          227539 1c008968 ee873733 p.bclr           x14, x14, 23, 8     x14=00000008 x14:00000008
14057657ns          227540 1c00896c 1a10f6b7 lui              x13, 0x1a10f000     x13=1a10f000
14058075ns          227561 1c008970 0ff57513 andi             x10, x10, 255       x10=00000073 x10:00000073
14058115ns          227563 1c008974 00d70733 add              x14, x14, x13       x14=1a10f008 x14:00000008 x13:1a10f000
14058135ns          227564 1c008976 00a7e723 p.sw             x10, x0(x15)        x10:00000073 x15:00000000  PA:1a10f008
14058493ns          227582 1c00897a 00000513 addi             x10, x0, 0          x10=00000000
14058513ns          227583 1c00897c 00008067 jalr             x0, x1, 0            x1:1c008a4c
14058632ns          227589 1c008a4c 31f52563 p.beqimm         x10, 778            x10:00000000
14058652ns          227590 1c008a50 001d8d93 addi             x27, x27, 1         x27=00000001 x27:00000000
14058672ns          227591 1c008a52 00044503 lbu              x10, 0(x8)          x10=00000074  x8:1c00001d  PA:1c00001d
14058970ns          227606 1c008a56 00140413 addi             x8, x8, 1            x8=1c00001e  x8:1c00001d
14058990ns          227607 1c008a58 fe0514e3 bne              x10, x0, -24        x10:00000074
14059209ns          227618 1c008a40 02500793 addi             x15, x0, 37         x15=00000025
14059229ns          227619 1c008a44 04f50863 beq              x10, x15, 80        x10:00000074 x15:00000025
14059249ns          227620 1c008a48 01a005b3 add              x11, x0, x26        x11=00000002 x26:00000002
14059269ns          227621 1c008a4a 000b00e7 jalr             x1, x22, 0           x1=1c008a4c x22:1c008956
14059308ns          227623 1c008956 000026b7 lui              x13, 0x2000         x13=00002000
14059328ns          227624 1c008958 f14027f3 csrrs            x15, x0, 0xf14      x15=00000001
14059348ns          227625 1c00895c f8068693 addi             x13, x13, -128      x13=00001f80 x13:00002000
14059368ns          227626 1c008960 00379713 slli             x14, x15, 0x3       x14=00000008 x15:00000001
14059388ns          227627 1c008964 00279793 slli             x15, x15, 0x2       x15=00000004 x15:00000001
14059408ns          227628 1c008966 00d7f7b3 and              x15, x15, x13       x15=00000000 x15:00000004 x13:00001f80
14059428ns          227629 1c008968 ee873733 p.bclr           x14, x14, 23, 8     x14=00000008 x14:00000008
14059448ns          227630 1c00896c 1a10f6b7 lui              x13, 0x1a10f000     x13=1a10f000
14059467ns          227631 1c008970 0ff57513 andi             x10, x10, 255       x10=00000074 x10:00000074
14059487ns          227632 1c008974 00d70733 add              x14, x14, x13       x14=1a10f008 x14:00000008 x13:1a10f000
14059507ns          227633 1c008976 00a7e723 p.sw             x10, x0(x15)        x10:00000074 x15:00000000  PA:1a10f008
14059865ns          227651 1c00897a 00000513 addi             x10, x0, 0          x10=00000000
14059885ns          227652 1c00897c 00008067 jalr             x0, x1, 0            x1:1c008a4c
14059925ns          227654 1c008a4c 31f52563 p.beqimm         x10, 778            x10:00000000
14059945ns          227655 1c008a50 001d8d93 addi             x27, x27, 1         x27=00000002 x27:00000001
14059965ns          227656 1c008a52 00044503 lbu              x10, 0(x8)          x10=00000061  x8:1c00001e  PA:1c00001e
14060263ns          227671 1c008a56 00140413 addi             x8, x8, 1            x8=1c00001f  x8:1c00001e
14060283ns          227672 1c008a58 fe0514e3 bne              x10, x0, -24        x10:00000061
14060343ns          227675 1c008a40 02500793 addi             x15, x0, 37         x15=00000025
14060363ns          227676 1c008a44 04f50863 beq              x10, x15, 80        x10:00000061 x15:00000025
14060382ns          227677 1c008a48 01a005b3 add              x11, x0, x26        x11=00000002 x26:00000002
14060402ns          227678 1c008a4a 000b00e7 jalr             x1, x22, 0           x1=1c008a4c x22:1c008956
14060442ns          227680 1c008956 000026b7 lui              x13, 0x2000         x13=00002000
14060462ns          227681 1c008958 f14027f3 csrrs            x15, x0, 0xf14      x15=00000001
14060482ns          227682 1c00895c f8068693 addi             x13, x13, -128      x13=00001f80 x13:00002000
14060502ns          227683 1c008960 00379713 slli             x14, x15, 0x3       x14=00000008 x15:00000001
14060522ns          227684 1c008964 00279793 slli             x15, x15, 0x2       x15=00000004 x15:00000001
14060542ns          227685 1c008966 00d7f7b3 and              x15, x15, x13       x15=00000000 x15:00000004 x13:00001f80
14060561ns          227686 1c008968 ee873733 p.bclr           x14, x14, 23, 8     x14=00000008 x14:00000008
14060581ns          227687 1c00896c 1a10f6b7 lui              x13, 0x1a10f000     x13=1a10f000
14060601ns          227688 1c008970 0ff57513 andi             x10, x10, 255       x10=00000061 x10:00000061
14060621ns          227689 1c008974 00d70733 add              x14, x14, x13       x14=1a10f008 x14:00000008 x13:1a10f000
14060641ns          227690 1c008976 00a7e723 p.sw             x10, x0(x15)        x10:00000061 x15:00000000  PA:1a10f008
14060979ns          227707 1c00897a 00000513 addi             x10, x0, 0          x10=00000000
14060999ns          227708 1c00897c 00008067 jalr             x0, x1, 0            x1:1c008a4c
14061039ns          227710 1c008a4c 31f52563 p.beqimm         x10, 778            x10:00000000
14061059ns          227711 1c008a50 001d8d93 addi             x27, x27, 1         x27=00000003 x27:00000002
14061079ns          227712 1c008a52 00044503 lbu              x10, 0(x8)          x10=00000072  x8:1c00001f  PA:1c00001f
14061377ns          227727 1c008a56 00140413 addi             x8, x8, 1            x8=1c000020  x8:1c00001f
14061397ns          227728 1c008a58 fe0514e3 bne              x10, x0, -24        x10:00000072
14061457ns          227731 1c008a40 02500793 addi             x15, x0, 37         x15=00000025
14061476ns          227732 1c008a44 04f50863 beq              x10, x15, 80        x10:00000072 x15:00000025
14061496ns          227733 1c008a48 01a005b3 add              x11, x0, x26        x11=00000002 x26:00000002
14061516ns          227734 1c008a4a 000b00e7 jalr             x1, x22, 0           x1=1c008a4c x22:1c008956
14061556ns          227736 1c008956 000026b7 lui              x13, 0x2000         x13=00002000
14061576ns          227737 1c008958 f14027f3 csrrs            x15, x0, 0xf14      x15=00000001
14061596ns          227738 1c00895c f8068693 addi             x13, x13, -128      x13=00001f80 x13:00002000
14061616ns          227739 1c008960 00379713 slli             x14, x15, 0x3       x14=00000008 x15:00000001
14061636ns          227740 1c008964 00279793 slli             x15, x15, 0x2       x15=00000004 x15:00000001
14061655ns          227741 1c008966 00d7f7b3 and              x15, x15, x13       x15=00000000 x15:00000004 x13:00001f80
14061675ns          227742 1c008968 ee873733 p.bclr           x14, x14, 23, 8     x14=00000008 x14:00000008
14061695ns          227743 1c00896c 1a10f6b7 lui              x13, 0x1a10f000     x13=1a10f000
14061715ns          227744 1c008970 0ff57513 andi             x10, x10, 255       x10=00000072 x10:00000072
14061735ns          227745 1c008974 00d70733 add              x14, x14, x13       x14=1a10f008 x14:00000008 x13:1a10f000
14061755ns          227746 1c008976 00a7e723 p.sw             x10, x0(x15)        x10:00000072 x15:00000000  PA:1a10f008
14062073ns          227762 1c00897a 00000513 addi             x10, x0, 0          x10=00000000
14062093ns          227763 1c00897c 00008067 jalr             x0, x1, 0            x1:1c008a4c
14062133ns          227765 1c008a4c 31f52563 p.beqimm         x10, 778            x10:00000000
14062153ns          227766 1c008a50 001d8d93 addi             x27, x27, 1         x27=00000004 x27:00000003
14062173ns          227767 1c008a52 00044503 lbu              x10, 0(x8)          x10=00000074  x8:1c000020  PA:1c000020
14062471ns          227782 1c008a56 00140413 addi             x8, x8, 1            x8=1c000021  x8:1c000020
14062491ns          227783 1c008a58 fe0514e3 bne              x10, x0, -24        x10:00000074
14062551ns          227786 1c008a40 02500793 addi             x15, x0, 37         x15=00000025
14062570ns          227787 1c008a44 04f50863 beq              x10, x15, 80        x10:00000074 x15:00000025
14062590ns          227788 1c008a48 01a005b3 add              x11, x0, x26        x11=00000002 x26:00000002
14062610ns          227789 1c008a4a 000b00e7 jalr             x1, x22, 0           x1=1c008a4c x22:1c008956
14062650ns          227791 1c008956 000026b7 lui              x13, 0x2000         x13=00002000
14062670ns          227792 1c008958 f14027f3 csrrs            x15, x0, 0xf14      x15=00000001
14062690ns          227793 1c00895c f8068693 addi             x13, x13, -128      x13=00001f80 x13:00002000
14062710ns          227794 1c008960 00379713 slli             x14, x15, 0x3       x14=00000008 x15:00000001
14062730ns          227795 1c008964 00279793 slli             x15, x15, 0x2       x15=00000004 x15:00000001
14062749ns          227796 1c008966 00d7f7b3 and              x15, x15, x13       x15=00000000 x15:00000004 x13:00001f80
14062769ns          227797 1c008968 ee873733 p.bclr           x14, x14, 23, 8     x14=00000008 x14:00000008
14062789ns          227798 1c00896c 1a10f6b7 lui              x13, 0x1a10f000     x13=1a10f000
14062809ns          227799 1c008970 0ff57513 andi             x10, x10, 255       x10=00000074 x10:00000074
14062829ns          227800 1c008974 00d70733 add              x14, x14, x13       x14=1a10f008 x14:00000008 x13:1a10f000
14062849ns          227801 1c008976 00a7e723 p.sw             x10, x0(x15)        x10:00000074 x15:00000000  PA:1a10f008
14063167ns          227817 1c00897a 00000513 addi             x10, x0, 0          x10=00000000
14063187ns          227818 1c00897c 00008067 jalr             x0, x1, 0            x1:1c008a4c
14063227ns          227820 1c008a4c 31f52563 p.beqimm         x10, 778            x10:00000000
14063247ns          227821 1c008a50 001d8d93 addi             x27, x27, 1         x27=00000005 x27:00000004
14063267ns          227822 1c008a52 00044503 lbu              x10, 0(x8)          x10=00000069  x8:1c000021  PA:1c000021
14063585ns          227838 1c008a56 00140413 addi             x8, x8, 1            x8=1c000022  x8:1c000021
14063605ns          227839 1c008a58 fe0514e3 bne              x10, x0, -24        x10:00000069
14063664ns          227842 1c008a40 02500793 addi             x15, x0, 37         x15=00000025
14063684ns          227843 1c008a44 04f50863 beq              x10, x15, 80        x10:00000069 x15:00000025
14063704ns          227844 1c008a48 01a005b3 add              x11, x0, x26        x11=00000002 x26:00000002
14063724ns          227845 1c008a4a 000b00e7 jalr             x1, x22, 0           x1=1c008a4c x22:1c008956
14063764ns          227847 1c008956 000026b7 lui              x13, 0x2000         x13=00002000
14063784ns          227848 1c008958 f14027f3 csrrs            x15, x0, 0xf14      x15=00000001
14063804ns          227849 1c00895c f8068693 addi             x13, x13, -128      x13=00001f80 x13:00002000
14063824ns          227850 1c008960 00379713 slli             x14, x15, 0x3       x14=00000008 x15:00000001
14063843ns          227851 1c008964 00279793 slli             x15, x15, 0x2       x15=00000004 x15:00000001
14063863ns          227852 1c008966 00d7f7b3 and              x15, x15, x13       x15=00000000 x15:00000004 x13:00001f80
14063883ns          227853 1c008968 ee873733 p.bclr           x14, x14, 23, 8     x14=00000008 x14:00000008
14063903ns          227854 1c00896c 1a10f6b7 lui              x13, 0x1a10f000     x13=1a10f000
14063923ns          227855 1c008970 0ff57513 andi             x10, x10, 255       x10=00000069 x10:00000069
14063943ns          227856 1c008974 00d70733 add              x14, x14, x13       x14=1a10f008 x14:00000008 x13:1a10f000
14063963ns          227857 1c008976 00a7e723 p.sw             x10, x0(x15)        x10:00000069 x15:00000000  PA:1a10f008
14064281ns          227873 1c00897a 00000513 addi             x10, x0, 0          x10=00000000
14064301ns          227874 1c00897c 00008067 jalr             x0, x1, 0            x1:1c008a4c
14064341ns          227876 1c008a4c 31f52563 p.beqimm         x10, 778            x10:00000000
14064361ns          227877 1c008a50 001d8d93 addi             x27, x27, 1         x27=00000006 x27:00000005
14064381ns          227878 1c008a52 00044503 lbu              x10, 0(x8)          x10=0000006e  x8:1c000022  PA:1c000022
14064679ns          227893 1c008a56 00140413 addi             x8, x8, 1            x8=1c000023  x8:1c000022
14064699ns          227894 1c008a58 fe0514e3 bne              x10, x0, -24        x10:0000006e
14064758ns          227897 1c008a40 02500793 addi             x15, x0, 37         x15=00000025
14064778ns          227898 1c008a44 04f50863 beq              x10, x15, 80        x10:0000006e x15:00000025
14064798ns          227899 1c008a48 01a005b3 add              x11, x0, x26        x11=00000002 x26:00000002
14064818ns          227900 1c008a4a 000b00e7 jalr             x1, x22, 0           x1=1c008a4c x22:1c008956
14064858ns          227902 1c008956 000026b7 lui              x13, 0x2000         x13=00002000
14064878ns          227903 1c008958 f14027f3 csrrs            x15, x0, 0xf14      x15=00000001
14064898ns          227904 1c00895c f8068693 addi             x13, x13, -128      x13=00001f80 x13:00002000
14064918ns          227905 1c008960 00379713 slli             x14, x15, 0x3       x14=00000008 x15:00000001
14064937ns          227906 1c008964 00279793 slli             x15, x15, 0x2       x15=00000004 x15:00000001
14064957ns          227907 1c008966 00d7f7b3 and              x15, x15, x13       x15=00000000 x15:00000004 x13:00001f80
14064977ns          227908 1c008968 ee873733 p.bclr           x14, x14, 23, 8     x14=00000008 x14:00000008
14064997ns          227909 1c00896c 1a10f6b7 lui              x13, 0x1a10f000     x13=1a10f000
14065017ns          227910 1c008970 0ff57513 andi             x10, x10, 255       x10=0000006e x10:0000006e
14065037ns          227911 1c008974 00d70733 add              x14, x14, x13       x14=1a10f008 x14:00000008 x13:1a10f000
14065057ns          227912 1c008976 00a7e723 p.sw             x10, x0(x15)        x10:0000006e x15:00000000  PA:1a10f008
14065375ns          227928 1c00897a 00000513 addi             x10, x0, 0          x10=00000000
14065395ns          227929 1c00897c 00008067 jalr             x0, x1, 0            x1:1c008a4c
14065435ns          227931 1c008a4c 31f52563 p.beqimm         x10, 778            x10:00000000
14065455ns          227932 1c008a50 001d8d93 addi             x27, x27, 1         x27=00000007 x27:00000006
14065474ns          227933 1c008a52 00044503 lbu              x10, 0(x8)          x10=00000067  x8:1c000023  PA:1c000023
14065773ns          227948 1c008a56 00140413 addi             x8, x8, 1            x8=1c000024  x8:1c000023
14065793ns          227949 1c008a58 fe0514e3 bne              x10, x0, -24        x10:00000067
14065852ns          227952 1c008a40 02500793 addi             x15, x0, 37         x15=00000025
14065872ns          227953 1c008a44 04f50863 beq              x10, x15, 80        x10:00000067 x15:00000025
14065892ns          227954 1c008a48 01a005b3 add              x11, x0, x26        x11=00000002 x26:00000002
14065912ns          227955 1c008a4a 000b00e7 jalr             x1, x22, 0           x1=1c008a4c x22:1c008956
14065952ns          227957 1c008956 000026b7 lui              x13, 0x2000         x13=00002000
14065972ns          227958 1c008958 f14027f3 csrrs            x15, x0, 0xf14      x15=00000001
14065992ns          227959 1c00895c f8068693 addi             x13, x13, -128      x13=00001f80 x13:00002000
14066012ns          227960 1c008960 00379713 slli             x14, x15, 0x3       x14=00000008 x15:00000001
14066031ns          227961 1c008964 00279793 slli             x15, x15, 0x2       x15=00000004 x15:00000001
14066051ns          227962 1c008966 00d7f7b3 and              x15, x15, x13       x15=00000000 x15:00000004 x13:00001f80
14066071ns          227963 1c008968 ee873733 p.bclr           x14, x14, 23, 8     x14=00000008 x14:00000008
14066091ns          227964 1c00896c 1a10f6b7 lui              x13, 0x1a10f000     x13=1a10f000
14066111ns          227965 1c008970 0ff57513 andi             x10, x10, 255       x10=00000067 x10:00000067
14066131ns          227966 1c008974 00d70733 add              x14, x14, x13       x14=1a10f008 x14:00000008 x13:1a10f000
14066151ns          227967 1c008976 00a7e723 p.sw             x10, x0(x15)        x10:00000067 x15:00000000  PA:1a10f008
14066469ns          227983 1c00897a 00000513 addi             x10, x0, 0          x10=00000000
14066489ns          227984 1c00897c 00008067 jalr             x0, x1, 0            x1:1c008a4c
14066529ns          227986 1c008a4c 31f52563 p.beqimm         x10, 778            x10:00000000
14066549ns          227987 1c008a50 001d8d93 addi             x27, x27, 1         x27=00000008 x27:00000007
14066568ns          227988 1c008a52 00044503 lbu              x10, 0(x8)          x10=00000020  x8:1c000024  PA:1c000024
14066867ns          228003 1c008a56 00140413 addi             x8, x8, 1            x8=1c000025  x8:1c000024
14066887ns          228004 1c008a58 fe0514e3 bne              x10, x0, -24        x10:00000020
14066946ns          228007 1c008a40 02500793 addi             x15, x0, 37         x15=00000025
14066966ns          228008 1c008a44 04f50863 beq              x10, x15, 80        x10:00000020 x15:00000025
14066986ns          228009 1c008a48 01a005b3 add              x11, x0, x26        x11=00000002 x26:00000002
14067006ns          228010 1c008a4a 000b00e7 jalr             x1, x22, 0           x1=1c008a4c x22:1c008956
14067046ns          228012 1c008956 000026b7 lui              x13, 0x2000         x13=00002000
14067066ns          228013 1c008958 f14027f3 csrrs            x15, x0, 0xf14      x15=00000001
14067086ns          228014 1c00895c f8068693 addi             x13, x13, -128      x13=00001f80 x13:00002000
14067106ns          228015 1c008960 00379713 slli             x14, x15, 0x3       x14=00000008 x15:00000001
14067125ns          228016 1c008964 00279793 slli             x15, x15, 0x2       x15=00000004 x15:00000001
14067145ns          228017 1c008966 00d7f7b3 and              x15, x15, x13       x15=00000000 x15:00000004 x13:00001f80
14067165ns          228018 1c008968 ee873733 p.bclr           x14, x14, 23, 8     x14=00000008 x14:00000008
14067185ns          228019 1c00896c 1a10f6b7 lui              x13, 0x1a10f000     x13=1a10f000
14067205ns          228020 1c008970 0ff57513 andi             x10, x10, 255       x10=00000020 x10:00000020
14067225ns          228021 1c008974 00d70733 add              x14, x14, x13       x14=1a10f008 x14:00000008 x13:1a10f000
14067245ns          228022 1c008976 00a7e723 p.sw             x10, x0(x15)        x10:00000020 x15:00000000  PA:1a10f008
14067583ns          228039 1c00897a 00000513 addi             x10, x0, 0          x10=00000000
14067603ns          228040 1c00897c 00008067 jalr             x0, x1, 0            x1:1c008a4c
14067643ns          228042 1c008a4c 31f52563 p.beqimm         x10, 778            x10:00000000
14067662ns          228043 1c008a50 001d8d93 addi             x27, x27, 1         x27=00000009 x27:00000008
14067682ns          228044 1c008a52 00044503 lbu              x10, 0(x8)          x10=00000025  x8:1c000025  PA:1c000025
14067981ns          228059 1c008a56 00140413 addi             x8, x8, 1            x8=1c000026  x8:1c000025
14068001ns          228060 1c008a58 fe0514e3 bne              x10, x0, -24        x10:00000025
14068060ns          228063 1c008a40 02500793 addi             x15, x0, 37         x15=00000025
14068080ns          228064 1c008a44 04f50863 beq              x10, x15, 80        x10:00000025 x15:00000025
14068498ns          228085 1c008a94 00044483 lbu              x9, 0(x8)            x9=00000064  x8:1c000026  PA:1c000026
14068836ns          228102 1c008a98 02000693 addi             x13, x0, 32         x13=00000020
14068856ns          228103 1c008a9c 00140a93 addi             x21, x8, 1          x21=1c000027  x8:1c000026
14069035ns          228112 1c008aa0 009005b3 add              x11, x0, x9         x11=00000064  x9:00000064
14069075ns          228114 1c008aa2 0f4b8513 addi             x10, x23, 244       x10=1c0000f4 x23:1c000000
14069095ns          228115 1c008aa6 00d12823 sw               x13, 16(x2)         x13:00000020  x2:10000e58  PA:10000e68
14069115ns          228116 1c008aa8 00012c23 sw               x0, 24(x2)           x2:10000e58  PA:10000e70
14069134ns          228117 1c008aaa 00012a23 sw               x0, 20(x2)           x2:10000e58  PA:10000e6c
14069154ns          228118 1c008aac 00012e23 sw               x0, 28(x2)           x2:10000e58  PA:10000e74
14069174ns          228119 1c008aae 00012623 sw               x0, 12(x2)           x2:10000e58  PA:10000e64
14069552ns          228138 1c008ab0 02300913 addi             x18, x0, 35         x18=00000023
14069592ns          228140 1c008ab4 02d00a13 addi             x20, x0, 45         x20=0000002d
14069612ns          228141 1c008ab8 015009b3 add              x19, x0, x21        x19=1c000027 x21:1c000027
14069632ns          228142 1c008aba e1dff0ef jal              x1, -484             x1=1c008abc
14070586ns          228190 1c0088d6 00054783 lbu              x15, 0(x10)         x15=0000002d x10:1c0000f4  PA:1c0000f4
14071004ns          228211 1c0088da 0ff5f593 andi             x11, x11, 255       x11=00000064 x11:00000064
14071044ns          228213 1c0088de 00b78c63 beq              x15, x11, 24        x15:0000002d x11:00000064
14071064ns          228214 1c0088e2 00078b63 beq              x15, x0, 22         x15:0000002d
14071084ns          228215 1c0088e4 00150793 addi             x15, x10, 1         x15=1c0000f5 x10:1c0000f4
14071104ns          228216 1c0088e8 0040006f jal              x0, 4              
14071143ns          228218 1c0088ec 00f00533 add              x10, x0, x15        x10=1c0000f5 x15:1c0000f5
14071581ns          228240 1c0088ee 0017c70b p.lbu            x14, 1(x15!)        x14=0000002b x15=1c0000f6 x15:1c0000f5  PA:1c0000f5
14071899ns          228256 1c0088f2 feb71ce3 bne              x14, x11, -8        x14:0000002b x11:00000064
14071959ns          228259 1c0088ea 00070763 beq              x14, x0, 14         x14:0000002b
14071979ns          228260 1c0088ec 00f00533 add              x10, x0, x15        x10=1c0000f6 x15:1c0000f6
14071999ns          228261 1c0088ee 0017c70b p.lbu            x14, 1(x15!)        x14=00000020 x15=1c0000f7 x15:1c0000f6  PA:1c0000f6
14072317ns          228277 1c0088f2 feb71ce3 bne              x14, x11, -8        x14:00000020 x11:00000064
14072377ns          228280 1c0088ea 00070763 beq              x14, x0, 14         x14:00000020
14072396ns          228281 1c0088ec 00f00533 add              x10, x0, x15        x10=1c0000f7 x15:1c0000f7
14072416ns          228282 1c0088ee 0017c70b p.lbu            x14, 1(x15!)        x14=00000023 x15=1c0000f8 x15:1c0000f7  PA:1c0000f7
14072735ns          228298 1c0088f2 feb71ce3 bne              x14, x11, -8        x14:00000023 x11:00000064
14072794ns          228301 1c0088ea 00070763 beq              x14, x0, 14         x14:00000023
14072814ns          228302 1c0088ec 00f00533 add              x10, x0, x15        x10=1c0000f8 x15:1c0000f8
14072834ns          228303 1c0088ee 0017c70b p.lbu            x14, 1(x15!)        x14=00000030 x15=1c0000f9 x15:1c0000f8  PA:1c0000f8
14073172ns          228320 1c0088f2 feb71ce3 bne              x14, x11, -8        x14:00000030 x11:00000064
14073232ns          228323 1c0088ea 00070763 beq              x14, x0, 14         x14:00000030
14073252ns          228324 1c0088ec 00f00533 add              x10, x0, x15        x10=1c0000f9 x15:1c0000f9
14073272ns          228325 1c0088ee 0017c70b p.lbu            x14, 1(x15!)        x14=00000000 x15=1c0000fa x15:1c0000f9  PA:1c0000f9
14073590ns          228341 1c0088f2 feb71ce3 bne              x14, x11, -8        x14:00000000 x11:00000064
14073650ns          228344 1c0088ea 00070763 beq              x14, x0, 14         x14:00000000
14073709ns          228347 1c0088f8 0015b593 sltiu            x11, x11, 1         x11=00000000 x11:00000064
14073729ns          228348 1c0088fc 40b005b3 sub              x11, x0, x11        x11=00000000 x11:00000000
14073749ns          228349 1c008900 00b57533 and              x10, x10, x11       x10=00000000 x10:1c0000f9 x11:00000000
14073769ns          228350 1c008902 00008067 jalr             x0, x1, 0            x1:1c008abc
14073809ns          228352 1c008abc 02050a63 beq              x10, x0, 52         x10:00000000
14074286ns          228376 1c008af0 02a00613 addi             x12, x0, 42         x12=0000002a
14074326ns          228378 1c008af4 2ac48663 beq              x9, x12, 684         x9:00000064 x12:0000002a
14074346ns          228379 1c008af8 fd048613 addi             x12, x9, -48        x12=00000034  x9:00000064
14074366ns          228380 1c008afc 00900593 addi             x11, x0, 9          x11=00000009
14074386ns          228381 1c008afe 00000913 addi             x18, x0, 0          x18=00000000
14074803ns          228402 1c008b00 28c5f063 bgeu             x11, x12, 640       x11:00000009 x12:00000034
14074843ns          228404 1c008b04 02e00693 addi             x13, x0, 46         x13=0000002e
14074863ns          228405 1c008b08 fff00a13 addi             x20, x0, -1         x20=ffffffff
14074883ns          228406 1c008b0a 2ed48363 beq              x9, x13, 742         x9:00000064 x13:0000002e
14075320ns          228428 1c008b0e 1c0007b7 lui              x15, 0x1c000000     x15=1c000000
14075340ns          228429 1c008b12 009005b3 add              x11, x0, x9         x11=00000064  x9:00000064
14075360ns          228430 1c008b14 0fc78513 addi             x10, x15, 252       x10=1c0000fc x15:1c000000
14075380ns          228431 1c008b18 dbfff0ef jal              x1, -578             x1=1c008b1a
14075440ns          228434 1c0088d6 00054783 lbu              x15, 0(x10)         x15=00000068 x10:1c0000fc  PA:1c0000fc
14075738ns          228449 1c0088da 0ff5f593 andi             x11, x11, 255       x11=00000064 x11:00000064
14075758ns          228450 1c0088de 00b78c63 beq              x15, x11, 24        x15:00000068 x11:00000064
14075778ns          228451 1c0088e2 00078b63 beq              x15, x0, 22         x15:00000068
14075798ns          228452 1c0088e4 00150793 addi             x15, x10, 1         x15=1c0000fd x10:1c0000fc
14075818ns          228453 1c0088e8 0040006f jal              x0, 4              
14075917ns          228458 1c0088ec 00f00533 add              x10, x0, x15        x10=1c0000fd x15:1c0000fd
14075937ns          228459 1c0088ee 0017c70b p.lbu            x14, 1(x15!)        x14=0000006c x15=1c0000fe x15:1c0000fd  PA:1c0000fd
14076255ns          228475 1c0088f2 feb71ce3 bne              x14, x11, -8        x14:0000006c x11:00000064
14076315ns          228478 1c0088ea 00070763 beq              x14, x0, 14         x14:0000006c
14076335ns          228479 1c0088ec 00f00533 add              x10, x0, x15        x10=1c0000fe x15:1c0000fe
14076355ns          228480 1c0088ee 0017c70b p.lbu            x14, 1(x15!)        x14=0000004c x15=1c0000ff x15:1c0000fe  PA:1c0000fe
14076673ns          228496 1c0088f2 feb71ce3 bne              x14, x11, -8        x14:0000004c x11:00000064
14076733ns          228499 1c0088ea 00070763 beq              x14, x0, 14         x14:0000004c
14076753ns          228500 1c0088ec 00f00533 add              x10, x0, x15        x10=1c0000ff x15:1c0000ff
14076772ns          228501 1c0088ee 0017c70b p.lbu            x14, 1(x15!)        x14=0000007a x15=1c000100 x15:1c0000ff  PA:1c0000ff
14077091ns          228517 1c0088f2 feb71ce3 bne              x14, x11, -8        x14:0000007a x11:00000064
14077150ns          228520 1c0088ea 00070763 beq              x14, x0, 14         x14:0000007a
14077170ns          228521 1c0088ec 00f00533 add              x10, x0, x15        x10=1c000100 x15:1c000100
14077190ns          228522 1c0088ee 0017c70b p.lbu            x14, 1(x15!)        x14=00000000 x15=1c000101 x15:1c000100  PA:1c000100
14077508ns          228538 1c0088f2 feb71ce3 bne              x14, x11, -8        x14:00000000 x11:00000064
14077568ns          228541 1c0088ea 00070763 beq              x14, x0, 14         x14:00000000
14077628ns          228544 1c0088f8 0015b593 sltiu            x11, x11, 1         x11=00000000 x11:00000064
14077648ns          228545 1c0088fc 40b005b3 sub              x11, x0, x11        x11=00000000 x11:00000000
14077668ns          228546 1c008900 00b57533 and              x10, x10, x11       x10=00000000 x10:1c000100 x11:00000000
14077687ns          228547 1c008902 00008067 jalr             x0, x1, 0            x1:1c008b1a
14077727ns          228549 1c008b1a 01300433 add              x8, x0, x19          x8=1c000027 x19:1c000027
14077747ns          228550 1c008b1c 00050563 beq              x10, x0, 10         x10:00000000
14078244ns          228575 1c008b26 06700693 addi             x13, x0, 103        x13=00000067
14078264ns          228576 1c008b2a 2896d963 bge              x13, x9, 658        x13:00000067  x9:00000064
14079199ns          228623 1c008dbc 06500693 addi             x13, x0, 101        x13=00000065
14079676ns          228647 1c008dc0 12d4d563 bge              x9, x13, 298         x9:00000064 x13:00000065
14079716ns          228649 1c008dc4 04700693 addi             x13, x0, 71         x13=00000047
14079736ns          228650 1c008dc8 dc96cbe3 blt              x13, x9, -554       x13:00000047  x9:00000064
14081168ns          228722 1c008b9e 06300693 addi             x13, x0, 99         x13=00000063
14081208ns          228724 1c008ba2 0ad488e3 beq              x9, x13, 2224        x9:00000064 x13:00000063
14081228ns          228725 1c008ba6 0096c9e3 blt              x13, x9, 2066       x13:00000063  x9:00000064
14082183ns          228773 1c0093b8 000c2583 lw               x11, 0(x24)         x11=00000001 x24:10000fac  PA:10000fac
14082223ns          228775 1c0093bc 004c0c13 addi             x24, x24, 4         x24=10000fb0 x24:10000fac
14082660ns          228797 1c0093be 3405cc63 blt              x11, x0, 856        x11:00000001
14082680ns          228798 1c0093c2 01412603 lw               x12, 20(x2)         x12=00000000  x2:10000e58  PA:10000e6c
14082700ns          228799 1c0093c4 00b006b3 add              x13, x0, x11        x13=00000001 x11:00000001
14082720ns          228800 1c0093c6 2e061863 bne              x12, x0, 752        x12:00000000
14082740ns          228801 1c0093ca 01812703 lw               x14, 24(x2)         x14=00000000  x2:10000e58  PA:10000e70
14082760ns          228802 1c0093cc 019007b3 add              x15, x0, x25        x15=10000e7c x25:10000e7c
14082779ns          228803 1c0093ce 00070763 beq              x14, x0, 14         x14:00000000
14083217ns          228825 1c0093dc 00f00733 add              x14, x0, x15        x14=10000e7c x15:10000e7c
14083237ns          228826 1c0093de 00a00513 addi             x10, x0, 10         x10=0000000a
14083675ns          228848 1c0093e0 02a6f633 remu             x12, x13, x10       x12=00000001 x13:00000001 x10:0000000a
14084311ns          228880 1c0093e4 02a6d6b3 divu             x13, x13, x10       x13=00000000 x13:00000001 x10:0000000a
14084928ns          228911 1c0093e8 03060613 addi             x12, x12, 48        x12=00000031 x12:00000001
14084948ns          228912 1c0093ec 00c700ab p.sb             x12, 1(x14!)        x14=10000e7d x12:00000031 x14:10000e7c  PA:10000e7c
14084967ns          228913 1c0093f0 fe0698e3 bne              x13, x0, -16        x13:00000000
14084987ns          228914 1c0093f2 40f706b3 sub              x13, x14, x15       x13=00000001 x14:10000e7d x15:10000e7c
14085007ns          228915 1c0093f6 0146dc63 bge              x13, x20, 24        x13:00000001 x20:ffffffff
14085504ns          228940 1c00940e 00e006b3 add              x13, x0, x14        x13=10000e7d x14:10000e7d
14085942ns          228962 1c009410 fe068fab p.sb             x0, -1(x13!)        x13=10000e7c x13:10000e7d  PA:10000e7d
14085982ns          228964 1c009414 00d7fc63 bgeu             x15, x13, 24        x15:10000e7c x13:10000e7c
14086479ns          228989 1c00942c 01412783 lw               x15, 20(x2)         x15=00000000  x2:10000e58  PA:10000e6c
14086499ns          228990 1c00942e 01812603 lw               x12, 24(x2)         x12=00000000  x2:10000e58  PA:10000e70
14086937ns          229012 1c009430 419704b3 sub              x9, x14, x25         x9=00000001 x14:10000e7d x25:10000e7c
14086976ns          229014 1c009434 00c7e7b3 or               x15, x15, x12       x15=00000000 x15:00000000 x12:00000000
14086996ns          229015 1c009436 00f12623 sw               x15, 12(x2)         x15:00000000  x2:10000e58  PA:10000e64
14087016ns          229016 1c009438 00079363 bne              x15, x0, 6          x15:00000000
14087036ns          229017 1c00943a 01f5d593 srli             x11, x11, 0x1f      x11=00000000 x11:00000001
14087056ns          229018 1c00943c 00b12623 sw               x11, 12(x2)         x11:00000000  x2:10000e58  PA:10000e64
14087454ns          229038 1c00943e e3fa28e3 p.beqimm         x20, -464           x20:ffffffff
14088389ns          229085 1c00926e 0c800793 addi             x15, x0, 200        x15=000000c8
14088428ns          229087 1c009272 9e97d0e3 bge              x15, x9, -1568      x15:000000c8  x9:00000001
14088946ns          229113 1c008c52 0f24d163 bge              x9, x18, 226         x9:00000001 x18:00000000
14089423ns          229137 1c008d34 d00482e3 beq              x9, x0, -764         x9:00000001
14089463ns          229139 1c008d38 01900933 add              x18, x0, x25        x18=10000e7c x25:10000e7c
14089483ns          229140 1c008d3a 419d8db3 sub              x27, x27, x25       x27=effff18d x27:00000009 x25:10000e7c
14089503ns          229141 1c008d3e 00a0006f jal              x0, 10             
14089960ns          229164 1c008d48 0019450b p.lbu            x10, 1(x18!)        x10=00000031 x18=10000e7d x18:10000e7c  PA:10000e7c
14089980ns          229165 1c008d4c 01a005b3 add              x11, x0, x26        x11=00000002 x26:00000002
14090000ns          229166 1c008d4e 000b00e7 jalr             x1, x22, 0           x1=1c008d50 x22:1c008956
14090537ns          229193 1c008956 000026b7 lui              x13, 0x2000         x13=00002000
14090577ns          229195 1c008958 f14027f3 csrrs            x15, x0, 0xf14      x15=00000001
14090597ns          229196 1c00895c f8068693 addi             x13, x13, -128      x13=00001f80 x13:00002000
14090616ns          229197 1c008960 00379713 slli             x14, x15, 0x3       x14=00000008 x15:00000001
14090636ns          229198 1c008964 00279793 slli             x15, x15, 0x2       x15=00000004 x15:00000001
14090656ns          229199 1c008966 00d7f7b3 and              x15, x15, x13       x15=00000000 x15:00000004 x13:00001f80
14090676ns          229200 1c008968 ee873733 p.bclr           x14, x14, 23, 8     x14=00000008 x14:00000008
14090696ns          229201 1c00896c 1a10f6b7 lui              x13, 0x1a10f000     x13=1a10f000
14090736ns          229203 1c008970 0ff57513 andi             x10, x10, 255       x10=00000031 x10:00000031
14090776ns          229205 1c008974 00d70733 add              x14, x14, x13       x14=1a10f008 x14:00000008 x13:1a10f000
14090795ns          229206 1c008976 00a7e723 p.sw             x10, x0(x15)        x10:00000031 x15:00000000  PA:1a10f008
14091173ns          229225 1c00897a 00000513 addi             x10, x0, 0          x10=00000000
14091193ns          229226 1c00897c 00008067 jalr             x0, x1, 0            x1:1c008d50
14091233ns          229228 1c008d50 fff48493 addi             x9, x9, -1           x9=00000000  x9:00000001
14091253ns          229229 1c008d52 fff537e3 p.bneimm         x10, -18            x10:00000000
14091313ns          229232 1c008d40 012d8733 add              x14, x27, x18       x14=0000000a x27:effff18d x18:10000e7d
14091332ns          229233 1c008d44 5a048b63 beq              x9, x0, 1462         x9:00000000
14091790ns          229256 1c0092fa 00e00db3 add              x27, x0, x14        x27=0000000a x14:0000000a
14091830ns          229258 1c0092fc f3cff06f jal              x0, -2244          
14092307ns          229282 1c008a38 00044503 lbu              x10, 0(x8)          x10=00000020  x8:1c000027  PA:1c000027
14092605ns          229297 1c008a3c 00140413 addi             x8, x8, 1            x8=1c000028  x8:1c000027
14092625ns          229298 1c008a3e 00050e63 beq              x10, x0, 28         x10:00000020
14092645ns          229299 1c008a40 02500793 addi             x15, x0, 37         x15=00000025
14092665ns          229300 1c008a44 04f50863 beq              x10, x15, 80        x10:00000020 x15:00000025
14092685ns          229301 1c008a48 01a005b3 add              x11, x0, x26        x11=00000002 x26:00000002
14092705ns          229302 1c008a4a 000b00e7 jalr             x1, x22, 0           x1=1c008a4c x22:1c008956
14092784ns          229306 1c008956 000026b7 lui              x13, 0x2000         x13=00002000
14092804ns          229307 1c008958 f14027f3 csrrs            x15, x0, 0xf14      x15=00000001
14092824ns          229308 1c00895c f8068693 addi             x13, x13, -128      x13=00001f80 x13:00002000
14092844ns          229309 1c008960 00379713 slli             x14, x15, 0x3       x14=00000008 x15:00000001
14092864ns          229310 1c008964 00279793 slli             x15, x15, 0x2       x15=00000004 x15:00000001
14092884ns          229311 1c008966 00d7f7b3 and              x15, x15, x13       x15=00000000 x15:00000004 x13:00001f80
14092904ns          229312 1c008968 ee873733 p.bclr           x14, x14, 23, 8     x14=00000008 x14:00000008
14092924ns          229313 1c00896c 1a10f6b7 lui              x13, 0x1a10f000     x13=1a10f000
14092944ns          229314 1c008970 0ff57513 andi             x10, x10, 255       x10=00000020 x10:00000020
14092964ns          229315 1c008974 00d70733 add              x14, x14, x13       x14=1a10f008 x14:00000008 x13:1a10f000
14092983ns          229316 1c008976 00a7e723 p.sw             x10, x0(x15)        x10:00000020 x15:00000000  PA:1a10f008
14093341ns          229334 1c00897a 00000513 addi             x10, x0, 0          x10=00000000
14093361ns          229335 1c00897c 00008067 jalr             x0, x1, 0            x1:1c008a4c
14093401ns          229337 1c008a4c 31f52563 p.beqimm         x10, 778            x10:00000000
14093421ns          229338 1c008a50 001d8d93 addi             x27, x27, 1         x27=0000000b x27:0000000a
14093441ns          229339 1c008a52 00044503 lbu              x10, 0(x8)          x10=0000006b  x8:1c000028  PA:1c000028
14093739ns          229354 1c008a56 00140413 addi             x8, x8, 1            x8=1c000029  x8:1c000028
14093759ns          229355 1c008a58 fe0514e3 bne              x10, x0, -24        x10:0000006b
14093819ns          229358 1c008a40 02500793 addi             x15, x0, 37         x15=00000025
14093839ns          229359 1c008a44 04f50863 beq              x10, x15, 80        x10:0000006b x15:00000025
14093859ns          229360 1c008a48 01a005b3 add              x11, x0, x26        x11=00000002 x26:00000002
14093878ns          229361 1c008a4a 000b00e7 jalr             x1, x22, 0           x1=1c008a4c x22:1c008956
14093918ns          229363 1c008956 000026b7 lui              x13, 0x2000         x13=00002000
14093938ns          229364 1c008958 f14027f3 csrrs            x15, x0, 0xf14      x15=00000001
14093958ns          229365 1c00895c f8068693 addi             x13, x13, -128      x13=00001f80 x13:00002000
14093978ns          229366 1c008960 00379713 slli             x14, x15, 0x3       x14=00000008 x15:00000001
14093998ns          229367 1c008964 00279793 slli             x15, x15, 0x2       x15=00000004 x15:00000001
14094018ns          229368 1c008966 00d7f7b3 and              x15, x15, x13       x15=00000000 x15:00000004 x13:00001f80
14094038ns          229369 1c008968 ee873733 p.bclr           x14, x14, 23, 8     x14=00000008 x14:00000008
14094058ns          229370 1c00896c 1a10f6b7 lui              x13, 0x1a10f000     x13=1a10f000
14094077ns          229371 1c008970 0ff57513 andi             x10, x10, 255       x10=0000006b x10:0000006b
14094097ns          229372 1c008974 00d70733 add              x14, x14, x13       x14=1a10f008 x14:00000008 x13:1a10f000
14094117ns          229373 1c008976 00a7e723 p.sw             x10, x0(x15)        x10:0000006b x15:00000000  PA:1a10f008
14094435ns          229389 1c00897a 00000513 addi             x10, x0, 0          x10=00000000
14094455ns          229390 1c00897c 00008067 jalr             x0, x1, 0            x1:1c008a4c
14094495ns          229392 1c008a4c 31f52563 p.beqimm         x10, 778            x10:00000000
14094515ns          229393 1c008a50 001d8d93 addi             x27, x27, 1         x27=0000000c x27:0000000b
14094535ns          229394 1c008a52 00044503 lbu              x10, 0(x8)          x10=00000065  x8:1c000029  PA:1c000029
14094833ns          229409 1c008a56 00140413 addi             x8, x8, 1            x8=1c00002a  x8:1c000029
14094853ns          229410 1c008a58 fe0514e3 bne              x10, x0, -24        x10:00000065
14094913ns          229413 1c008a40 02500793 addi             x15, x0, 37         x15=00000025
14094933ns          229414 1c008a44 04f50863 beq              x10, x15, 80        x10:00000065 x15:00000025
14094953ns          229415 1c008a48 01a005b3 add              x11, x0, x26        x11=00000002 x26:00000002
14094972ns          229416 1c008a4a 000b00e7 jalr             x1, x22, 0           x1=1c008a4c x22:1c008956
14095012ns          229418 1c008956 000026b7 lui              x13, 0x2000         x13=00002000
14095032ns          229419 1c008958 f14027f3 csrrs            x15, x0, 0xf14      x15=00000001
14095052ns          229420 1c00895c f8068693 addi             x13, x13, -128      x13=00001f80 x13:00002000
14095072ns          229421 1c008960 00379713 slli             x14, x15, 0x3       x14=00000008 x15:00000001
14095092ns          229422 1c008964 00279793 slli             x15, x15, 0x2       x15=00000004 x15:00000001
14095112ns          229423 1c008966 00d7f7b3 and              x15, x15, x13       x15=00000000 x15:00000004 x13:00001f80
14095132ns          229424 1c008968 ee873733 p.bclr           x14, x14, 23, 8     x14=00000008 x14:00000008
14095151ns          229425 1c00896c 1a10f6b7 lui              x13, 0x1a10f000     x13=1a10f000
14095171ns          229426 1c008970 0ff57513 andi             x10, x10, 255       x10=00000065 x10:00000065
14095191ns          229427 1c008974 00d70733 add              x14, x14, x13       x14=1a10f008 x14:00000008 x13:1a10f000
14095211ns          229428 1c008976 00a7e723 p.sw             x10, x0(x15)        x10:00000065 x15:00000000  PA:1a10f008
14095549ns          229445 1c00897a 00000513 addi             x10, x0, 0          x10=00000000
14095569ns          229446 1c00897c 00008067 jalr             x0, x1, 0            x1:1c008a4c
14095609ns          229448 1c008a4c 31f52563 p.beqimm         x10, 778            x10:00000000
14095629ns          229449 1c008a50 001d8d93 addi             x27, x27, 1         x27=0000000d x27:0000000c
14095649ns          229450 1c008a52 00044503 lbu              x10, 0(x8)          x10=00000072  x8:1c00002a  PA:1c00002a
14095947ns          229465 1c008a56 00140413 addi             x8, x8, 1            x8=1c00002b  x8:1c00002a
14095967ns          229466 1c008a58 fe0514e3 bne              x10, x0, -24        x10:00000072
14096027ns          229469 1c008a40 02500793 addi             x15, x0, 37         x15=00000025
14096047ns          229470 1c008a44 04f50863 beq              x10, x15, 80        x10:00000072 x15:00000025
14096066ns          229471 1c008a48 01a005b3 add              x11, x0, x26        x11=00000002 x26:00000002
14096086ns          229472 1c008a4a 000b00e7 jalr             x1, x22, 0           x1=1c008a4c x22:1c008956
14096126ns          229474 1c008956 000026b7 lui              x13, 0x2000         x13=00002000
14096146ns          229475 1c008958 f14027f3 csrrs            x15, x0, 0xf14      x15=00000001
14096166ns          229476 1c00895c f8068693 addi             x13, x13, -128      x13=00001f80 x13:00002000
14096186ns          229477 1c008960 00379713 slli             x14, x15, 0x3       x14=00000008 x15:00000001
14096206ns          229478 1c008964 00279793 slli             x15, x15, 0x2       x15=00000004 x15:00000001
14096226ns          229479 1c008966 00d7f7b3 and              x15, x15, x13       x15=00000000 x15:00000004 x13:00001f80
14096245ns          229480 1c008968 ee873733 p.bclr           x14, x14, 23, 8     x14=00000008 x14:00000008
14096265ns          229481 1c00896c 1a10f6b7 lui              x13, 0x1a10f000     x13=1a10f000
14096285ns          229482 1c008970 0ff57513 andi             x10, x10, 255       x10=00000072 x10:00000072
14096305ns          229483 1c008974 00d70733 add              x14, x14, x13       x14=1a10f008 x14:00000008 x13:1a10f000
14096325ns          229484 1c008976 00a7e723 p.sw             x10, x0(x15)        x10:00000072 x15:00000000  PA:1a10f008
14096643ns          229500 1c00897a 00000513 addi             x10, x0, 0          x10=00000000
14096663ns          229501 1c00897c 00008067 jalr             x0, x1, 0            x1:1c008a4c
14096703ns          229503 1c008a4c 31f52563 p.beqimm         x10, 778            x10:00000000
14096723ns          229504 1c008a50 001d8d93 addi             x27, x27, 1         x27=0000000e x27:0000000d
14096743ns          229505 1c008a52 00044503 lbu              x10, 0(x8)          x10=0000006e  x8:1c00002b  PA:1c00002b
14097041ns          229520 1c008a56 00140413 addi             x8, x8, 1            x8=1c00002c  x8:1c00002b
14097061ns          229521 1c008a58 fe0514e3 bne              x10, x0, -24        x10:0000006e
14097121ns          229524 1c008a40 02500793 addi             x15, x0, 37         x15=00000025
14097141ns          229525 1c008a44 04f50863 beq              x10, x15, 80        x10:0000006e x15:00000025
14097160ns          229526 1c008a48 01a005b3 add              x11, x0, x26        x11=00000002 x26:00000002
14097180ns          229527 1c008a4a 000b00e7 jalr             x1, x22, 0           x1=1c008a4c x22:1c008956
14097220ns          229529 1c008956 000026b7 lui              x13, 0x2000         x13=00002000
14097240ns          229530 1c008958 f14027f3 csrrs            x15, x0, 0xf14      x15=00000001
14097260ns          229531 1c00895c f8068693 addi             x13, x13, -128      x13=00001f80 x13:00002000
14097280ns          229532 1c008960 00379713 slli             x14, x15, 0x3       x14=00000008 x15:00000001
14097300ns          229533 1c008964 00279793 slli             x15, x15, 0x2       x15=00000004 x15:00000001
14097320ns          229534 1c008966 00d7f7b3 and              x15, x15, x13       x15=00000000 x15:00000004 x13:00001f80
14097339ns          229535 1c008968 ee873733 p.bclr           x14, x14, 23, 8     x14=00000008 x14:00000008
14097359ns          229536 1c00896c 1a10f6b7 lui              x13, 0x1a10f000     x13=1a10f000
14097379ns          229537 1c008970 0ff57513 andi             x10, x10, 255       x10=0000006e x10:0000006e
14097399ns          229538 1c008974 00d70733 add              x14, x14, x13       x14=1a10f008 x14:00000008 x13:1a10f000
14097419ns          229539 1c008976 00a7e723 p.sw             x10, x0(x15)        x10:0000006e x15:00000000  PA:1a10f008
14097737ns          229555 1c00897a 00000513 addi             x10, x0, 0          x10=00000000
14097757ns          229556 1c00897c 00008067 jalr             x0, x1, 0            x1:1c008a4c
14097797ns          229558 1c008a4c 31f52563 p.beqimm         x10, 778            x10:00000000
14097817ns          229559 1c008a50 001d8d93 addi             x27, x27, 1         x27=0000000f x27:0000000e
14097837ns          229560 1c008a52 00044503 lbu              x10, 0(x8)          x10=00000065  x8:1c00002c  PA:1c00002c
14098135ns          229575 1c008a56 00140413 addi             x8, x8, 1            x8=1c00002d  x8:1c00002c
14098155ns          229576 1c008a58 fe0514e3 bne              x10, x0, -24        x10:00000065
14098215ns          229579 1c008a40 02500793 addi             x15, x0, 37         x15=00000025
14098235ns          229580 1c008a44 04f50863 beq              x10, x15, 80        x10:00000065 x15:00000025
14098254ns          229581 1c008a48 01a005b3 add              x11, x0, x26        x11=00000002 x26:00000002
14098274ns          229582 1c008a4a 000b00e7 jalr             x1, x22, 0           x1=1c008a4c x22:1c008956
14098314ns          229584 1c008956 000026b7 lui              x13, 0x2000         x13=00002000
14098334ns          229585 1c008958 f14027f3 csrrs            x15, x0, 0xf14      x15=00000001
14098354ns          229586 1c00895c f8068693 addi             x13, x13, -128      x13=00001f80 x13:00002000
14098374ns          229587 1c008960 00379713 slli             x14, x15, 0x3       x14=00000008 x15:00000001
14098394ns          229588 1c008964 00279793 slli             x15, x15, 0x2       x15=00000004 x15:00000001
14098414ns          229589 1c008966 00d7f7b3 and              x15, x15, x13       x15=00000000 x15:00000004 x13:00001f80
14098433ns          229590 1c008968 ee873733 p.bclr           x14, x14, 23, 8     x14=00000008 x14:00000008
14098453ns          229591 1c00896c 1a10f6b7 lui              x13, 0x1a10f000     x13=1a10f000
14098473ns          229592 1c008970 0ff57513 andi             x10, x10, 255       x10=00000065 x10:00000065
14098493ns          229593 1c008974 00d70733 add              x14, x14, x13       x14=1a10f008 x14:00000008 x13:1a10f000
14098513ns          229594 1c008976 00a7e723 p.sw             x10, x0(x15)        x10:00000065 x15:00000000  PA:1a10f008
14098831ns          229610 1c00897a 00000513 addi             x10, x0, 0          x10=00000000
14098851ns          229611 1c00897c 00008067 jalr             x0, x1, 0            x1:1c008a4c
14098891ns          229613 1c008a4c 31f52563 p.beqimm         x10, 778            x10:00000000
14098911ns          229614 1c008a50 001d8d93 addi             x27, x27, 1         x27=00000010 x27:0000000f
14098931ns          229615 1c008a52 00044503 lbu              x10, 0(x8)          x10=0000006c  x8:1c00002d  PA:1c00002d
14099229ns          229630 1c008a56 00140413 addi             x8, x8, 1            x8=1c00002e  x8:1c00002d
14099249ns          229631 1c008a58 fe0514e3 bne              x10, x0, -24        x10:0000006c
14099309ns          229634 1c008a40 02500793 addi             x15, x0, 37         x15=00000025
14099329ns          229635 1c008a44 04f50863 beq              x10, x15, 80        x10:0000006c x15:00000025
14099348ns          229636 1c008a48 01a005b3 add              x11, x0, x26        x11=00000002 x26:00000002
14099368ns          229637 1c008a4a 000b00e7 jalr             x1, x22, 0           x1=1c008a4c x22:1c008956
14099408ns          229639 1c008956 000026b7 lui              x13, 0x2000         x13=00002000
14099428ns          229640 1c008958 f14027f3 csrrs            x15, x0, 0xf14      x15=00000001
14099448ns          229641 1c00895c f8068693 addi             x13, x13, -128      x13=00001f80 x13:00002000
14099468ns          229642 1c008960 00379713 slli             x14, x15, 0x3       x14=00000008 x15:00000001
14099488ns          229643 1c008964 00279793 slli             x15, x15, 0x2       x15=00000004 x15:00000001
14099508ns          229644 1c008966 00d7f7b3 and              x15, x15, x13       x15=00000000 x15:00000004 x13:00001f80
14099527ns          229645 1c008968 ee873733 p.bclr           x14, x14, 23, 8     x14=00000008 x14:00000008
14099547ns          229646 1c00896c 1a10f6b7 lui              x13, 0x1a10f000     x13=1a10f000
14099567ns          229647 1c008970 0ff57513 andi             x10, x10, 255       x10=0000006c x10:0000006c
14099587ns          229648 1c008974 00d70733 add              x14, x14, x13       x14=1a10f008 x14:00000008 x13:1a10f000
14099607ns          229649 1c008976 00a7e723 p.sw             x10, x0(x15)        x10:0000006c x15:00000000  PA:1a10f008
14099945ns          229666 1c00897a 00000513 addi             x10, x0, 0          x10=00000000
14099965ns          229667 1c00897c 00008067 jalr             x0, x1, 0            x1:1c008a4c
14100005ns          229669 1c008a4c 31f52563 p.beqimm         x10, 778            x10:00000000
14100025ns          229670 1c008a50 001d8d93 addi             x27, x27, 1         x27=00000011 x27:00000010
14100045ns          229671 1c008a52 00044503 lbu              x10, 0(x8)          x10=00000020  x8:1c00002e  PA:1c00002e
14100343ns          229686 1c008a56 00140413 addi             x8, x8, 1            x8=1c00002f  x8:1c00002e
14100363ns          229687 1c008a58 fe0514e3 bne              x10, x0, -24        x10:00000020
14100423ns          229690 1c008a40 02500793 addi             x15, x0, 37         x15=00000025
14100442ns          229691 1c008a44 04f50863 beq              x10, x15, 80        x10:00000020 x15:00000025
14100462ns          229692 1c008a48 01a005b3 add              x11, x0, x26        x11=00000002 x26:00000002
14100482ns          229693 1c008a4a 000b00e7 jalr             x1, x22, 0           x1=1c008a4c x22:1c008956
14100522ns          229695 1c008956 000026b7 lui              x13, 0x2000         x13=00002000
14100542ns          229696 1c008958 f14027f3 csrrs            x15, x0, 0xf14      x15=00000001
14100562ns          229697 1c00895c f8068693 addi             x13, x13, -128      x13=00001f80 x13:00002000
14100582ns          229698 1c008960 00379713 slli             x14, x15, 0x3       x14=00000008 x15:00000001
14100602ns          229699 1c008964 00279793 slli             x15, x15, 0x2       x15=00000004 x15:00000001
14100621ns          229700 1c008966 00d7f7b3 and              x15, x15, x13       x15=00000000 x15:00000004 x13:00001f80
14100641ns          229701 1c008968 ee873733 p.bclr           x14, x14, 23, 8     x14=00000008 x14:00000008
14100661ns          229702 1c00896c 1a10f6b7 lui              x13, 0x1a10f000     x13=1a10f000
14100681ns          229703 1c008970 0ff57513 andi             x10, x10, 255       x10=00000020 x10:00000020
14100701ns          229704 1c008974 00d70733 add              x14, x14, x13       x14=1a10f008 x14:00000008 x13:1a10f000
14100721ns          229705 1c008976 00a7e723 p.sw             x10, x0(x15)        x10:00000020 x15:00000000  PA:1a10f008
14101079ns          229723 1c00897a 00000513 addi             x10, x0, 0          x10=00000000
14101099ns          229724 1c00897c 00008067 jalr             x0, x1, 0            x1:1c008a4c
14101139ns          229726 1c008a4c 31f52563 p.beqimm         x10, 778            x10:00000000
14101159ns          229727 1c008a50 001d8d93 addi             x27, x27, 1         x27=00000012 x27:00000011
14101178ns          229728 1c008a52 00044503 lbu              x10, 0(x8)          x10=00000069  x8:1c00002f  PA:1c00002f
14101477ns          229743 1c008a56 00140413 addi             x8, x8, 1            x8=1c000030  x8:1c00002f
14101497ns          229744 1c008a58 fe0514e3 bne              x10, x0, -24        x10:00000069
14101556ns          229747 1c008a40 02500793 addi             x15, x0, 37         x15=00000025
14101576ns          229748 1c008a44 04f50863 beq              x10, x15, 80        x10:00000069 x15:00000025
14101596ns          229749 1c008a48 01a005b3 add              x11, x0, x26        x11=00000002 x26:00000002
14101616ns          229750 1c008a4a 000b00e7 jalr             x1, x22, 0           x1=1c008a4c x22:1c008956
14101656ns          229752 1c008956 000026b7 lui              x13, 0x2000         x13=00002000
14101676ns          229753 1c008958 f14027f3 csrrs            x15, x0, 0xf14      x15=00000001
14101696ns          229754 1c00895c f8068693 addi             x13, x13, -128      x13=00001f80 x13:00002000
14101715ns          229755 1c008960 00379713 slli             x14, x15, 0x3       x14=00000008 x15:00000001
14101735ns          229756 1c008964 00279793 slli             x15, x15, 0x2       x15=00000004 x15:00000001
14101755ns          229757 1c008966 00d7f7b3 and              x15, x15, x13       x15=00000000 x15:00000004 x13:00001f80
14101775ns          229758 1c008968 ee873733 p.bclr           x14, x14, 23, 8     x14=00000008 x14:00000008
14101795ns          229759 1c00896c 1a10f6b7 lui              x13, 0x1a10f000     x13=1a10f000
14101815ns          229760 1c008970 0ff57513 andi             x10, x10, 255       x10=00000069 x10:00000069
14101835ns          229761 1c008974 00d70733 add              x14, x14, x13       x14=1a10f008 x14:00000008 x13:1a10f000
14101855ns          229762 1c008976 00a7e723 p.sw             x10, x0(x15)        x10:00000069 x15:00000000  PA:1a10f008
14102173ns          229778 1c00897a 00000513 addi             x10, x0, 0          x10=00000000
14102193ns          229779 1c00897c 00008067 jalr             x0, x1, 0            x1:1c008a4c
14102233ns          229781 1c008a4c 31f52563 p.beqimm         x10, 778            x10:00000000
14102252ns          229782 1c008a50 001d8d93 addi             x27, x27, 1         x27=00000013 x27:00000012
14102272ns          229783 1c008a52 00044503 lbu              x10, 0(x8)          x10=00000074  x8:1c000030  PA:1c000030
14102571ns          229798 1c008a56 00140413 addi             x8, x8, 1            x8=1c000031  x8:1c000030
14102591ns          229799 1c008a58 fe0514e3 bne              x10, x0, -24        x10:00000074
14102650ns          229802 1c008a40 02500793 addi             x15, x0, 37         x15=00000025
14102670ns          229803 1c008a44 04f50863 beq              x10, x15, 80        x10:00000074 x15:00000025
14102690ns          229804 1c008a48 01a005b3 add              x11, x0, x26        x11=00000002 x26:00000002
14102710ns          229805 1c008a4a 000b00e7 jalr             x1, x22, 0           x1=1c008a4c x22:1c008956
14102750ns          229807 1c008956 000026b7 lui              x13, 0x2000         x13=00002000
14102770ns          229808 1c008958 f14027f3 csrrs            x15, x0, 0xf14      x15=00000001
14102790ns          229809 1c00895c f8068693 addi             x13, x13, -128      x13=00001f80 x13:00002000
14102809ns          229810 1c008960 00379713 slli             x14, x15, 0x3       x14=00000008 x15:00000001
14102829ns          229811 1c008964 00279793 slli             x15, x15, 0x2       x15=00000004 x15:00000001
14102849ns          229812 1c008966 00d7f7b3 and              x15, x15, x13       x15=00000000 x15:00000004 x13:00001f80
14102869ns          229813 1c008968 ee873733 p.bclr           x14, x14, 23, 8     x14=00000008 x14:00000008
14102889ns          229814 1c00896c 1a10f6b7 lui              x13, 0x1a10f000     x13=1a10f000
14102909ns          229815 1c008970 0ff57513 andi             x10, x10, 255       x10=00000074 x10:00000074
14102929ns          229816 1c008974 00d70733 add              x14, x14, x13       x14=1a10f008 x14:00000008 x13:1a10f000
14102949ns          229817 1c008976 00a7e723 p.sw             x10, x0(x15)        x10:00000074 x15:00000000  PA:1a10f008
14103267ns          229833 1c00897a 00000513 addi             x10, x0, 0          x10=00000000
14103287ns          229834 1c00897c 00008067 jalr             x0, x1, 0            x1:1c008a4c
14103327ns          229836 1c008a4c 31f52563 p.beqimm         x10, 778            x10:00000000
14103346ns          229837 1c008a50 001d8d93 addi             x27, x27, 1         x27=00000014 x27:00000013
14103366ns          229838 1c008a52 00044503 lbu              x10, 0(x8)          x10=00000065  x8:1c000031  PA:1c000031
14103665ns          229853 1c008a56 00140413 addi             x8, x8, 1            x8=1c000032  x8:1c000031
14103685ns          229854 1c008a58 fe0514e3 bne              x10, x0, -24        x10:00000065
14103744ns          229857 1c008a40 02500793 addi             x15, x0, 37         x15=00000025
14103764ns          229858 1c008a44 04f50863 beq              x10, x15, 80        x10:00000065 x15:00000025
14103784ns          229859 1c008a48 01a005b3 add              x11, x0, x26        x11=00000002 x26:00000002
14103804ns          229860 1c008a4a 000b00e7 jalr             x1, x22, 0           x1=1c008a4c x22:1c008956
14103844ns          229862 1c008956 000026b7 lui              x13, 0x2000         x13=00002000
14103864ns          229863 1c008958 f14027f3 csrrs            x15, x0, 0xf14      x15=00000001
14103884ns          229864 1c00895c f8068693 addi             x13, x13, -128      x13=00001f80 x13:00002000
14103903ns          229865 1c008960 00379713 slli             x14, x15, 0x3       x14=00000008 x15:00000001
14103923ns          229866 1c008964 00279793 slli             x15, x15, 0x2       x15=00000004 x15:00000001
14103943ns          229867 1c008966 00d7f7b3 and              x15, x15, x13       x15=00000000 x15:00000004 x13:00001f80
14103963ns          229868 1c008968 ee873733 p.bclr           x14, x14, 23, 8     x14=00000008 x14:00000008
14103983ns          229869 1c00896c 1a10f6b7 lui              x13, 0x1a10f000     x13=1a10f000
14104003ns          229870 1c008970 0ff57513 andi             x10, x10, 255       x10=00000065 x10:00000065
14104023ns          229871 1c008974 00d70733 add              x14, x14, x13       x14=1a10f008 x14:00000008 x13:1a10f000
14104043ns          229872 1c008976 00a7e723 p.sw             x10, x0(x15)        x10:00000065 x15:00000000  PA:1a10f008
14104381ns          229889 1c00897a 00000513 addi             x10, x0, 0          x10=00000000
14104401ns          229890 1c00897c 00008067 jalr             x0, x1, 0            x1:1c008a4c
14104440ns          229892 1c008a4c 31f52563 p.beqimm         x10, 778            x10:00000000
14104460ns          229893 1c008a50 001d8d93 addi             x27, x27, 1         x27=00000015 x27:00000014
14104480ns          229894 1c008a52 00044503 lbu              x10, 0(x8)          x10=00000072  x8:1c000032  PA:1c000032
14104779ns          229909 1c008a56 00140413 addi             x8, x8, 1            x8=1c000033  x8:1c000032
14104799ns          229910 1c008a58 fe0514e3 bne              x10, x0, -24        x10:00000072
14104858ns          229913 1c008a40 02500793 addi             x15, x0, 37         x15=00000025
14104878ns          229914 1c008a44 04f50863 beq              x10, x15, 80        x10:00000072 x15:00000025
14104898ns          229915 1c008a48 01a005b3 add              x11, x0, x26        x11=00000002 x26:00000002
14104918ns          229916 1c008a4a 000b00e7 jalr             x1, x22, 0           x1=1c008a4c x22:1c008956
14104958ns          229918 1c008956 000026b7 lui              x13, 0x2000         x13=00002000
14104978ns          229919 1c008958 f14027f3 csrrs            x15, x0, 0xf14      x15=00000001
14104997ns          229920 1c00895c f8068693 addi             x13, x13, -128      x13=00001f80 x13:00002000
14105017ns          229921 1c008960 00379713 slli             x14, x15, 0x3       x14=00000008 x15:00000001
14105037ns          229922 1c008964 00279793 slli             x15, x15, 0x2       x15=00000004 x15:00000001
14105057ns          229923 1c008966 00d7f7b3 and              x15, x15, x13       x15=00000000 x15:00000004 x13:00001f80
14105077ns          229924 1c008968 ee873733 p.bclr           x14, x14, 23, 8     x14=00000008 x14:00000008
14105097ns          229925 1c00896c 1a10f6b7 lui              x13, 0x1a10f000     x13=1a10f000
14105117ns          229926 1c008970 0ff57513 andi             x10, x10, 255       x10=00000072 x10:00000072
14105137ns          229927 1c008974 00d70733 add              x14, x14, x13       x14=1a10f008 x14:00000008 x13:1a10f000
14105157ns          229928 1c008976 00a7e723 p.sw             x10, x0(x15)        x10:00000072 x15:00000000  PA:1a10f008
14105475ns          229944 1c00897a 00000513 addi             x10, x0, 0          x10=00000000
14105495ns          229945 1c00897c 00008067 jalr             x0, x1, 0            x1:1c008a4c
14105534ns          229947 1c008a4c 31f52563 p.beqimm         x10, 778            x10:00000000
14105554ns          229948 1c008a50 001d8d93 addi             x27, x27, 1         x27=00000016 x27:00000015
14105574ns          229949 1c008a52 00044503 lbu              x10, 0(x8)          x10=00000061  x8:1c000033  PA:1c000033
14105873ns          229964 1c008a56 00140413 addi             x8, x8, 1            x8=1c000034  x8:1c000033
14105893ns          229965 1c008a58 fe0514e3 bne              x10, x0, -24        x10:00000061
14105952ns          229968 1c008a40 02500793 addi             x15, x0, 37         x15=00000025
14105972ns          229969 1c008a44 04f50863 beq              x10, x15, 80        x10:00000061 x15:00000025
14105992ns          229970 1c008a48 01a005b3 add              x11, x0, x26        x11=00000002 x26:00000002
14106012ns          229971 1c008a4a 000b00e7 jalr             x1, x22, 0           x1=1c008a4c x22:1c008956
14106052ns          229973 1c008956 000026b7 lui              x13, 0x2000         x13=00002000
14106072ns          229974 1c008958 f14027f3 csrrs            x15, x0, 0xf14      x15=00000001
14106091ns          229975 1c00895c f8068693 addi             x13, x13, -128      x13=00001f80 x13:00002000
14106111ns          229976 1c008960 00379713 slli             x14, x15, 0x3       x14=00000008 x15:00000001
14106131ns          229977 1c008964 00279793 slli             x15, x15, 0x2       x15=00000004 x15:00000001
14106151ns          229978 1c008966 00d7f7b3 and              x15, x15, x13       x15=00000000 x15:00000004 x13:00001f80
14106171ns          229979 1c008968 ee873733 p.bclr           x14, x14, 23, 8     x14=00000008 x14:00000008
14106191ns          229980 1c00896c 1a10f6b7 lui              x13, 0x1a10f000     x13=1a10f000
14106211ns          229981 1c008970 0ff57513 andi             x10, x10, 255       x10=00000061 x10:00000061
14106231ns          229982 1c008974 00d70733 add              x14, x14, x13       x14=1a10f008 x14:00000008 x13:1a10f000
14106251ns          229983 1c008976 00a7e723 p.sw             x10, x0(x15)        x10:00000061 x15:00000000  PA:1a10f008
14106569ns          229999 1c00897a 00000513 addi             x10, x0, 0          x10=00000000
14106589ns          230000 1c00897c 00008067 jalr             x0, x1, 0            x1:1c008a4c
14106628ns          230002 1c008a4c 31f52563 p.beqimm         x10, 778            x10:00000000
14106648ns          230003 1c008a50 001d8d93 addi             x27, x27, 1         x27=00000017 x27:00000016
14106668ns          230004 1c008a52 00044503 lbu              x10, 0(x8)          x10=00000074  x8:1c000034  PA:1c000034
14106967ns          230019 1c008a56 00140413 addi             x8, x8, 1            x8=1c000035  x8:1c000034
14106986ns          230020 1c008a58 fe0514e3 bne              x10, x0, -24        x10:00000074
14107046ns          230023 1c008a40 02500793 addi             x15, x0, 37         x15=00000025
14107066ns          230024 1c008a44 04f50863 beq              x10, x15, 80        x10:00000074 x15:00000025
14107086ns          230025 1c008a48 01a005b3 add              x11, x0, x26        x11=00000002 x26:00000002
14107106ns          230026 1c008a4a 000b00e7 jalr             x1, x22, 0           x1=1c008a4c x22:1c008956
14107146ns          230028 1c008956 000026b7 lui              x13, 0x2000         x13=00002000
14107166ns          230029 1c008958 f14027f3 csrrs            x15, x0, 0xf14      x15=00000001
14107185ns          230030 1c00895c f8068693 addi             x13, x13, -128      x13=00001f80 x13:00002000
14107205ns          230031 1c008960 00379713 slli             x14, x15, 0x3       x14=00000008 x15:00000001
14107225ns          230032 1c008964 00279793 slli             x15, x15, 0x2       x15=00000004 x15:00000001
14107245ns          230033 1c008966 00d7f7b3 and              x15, x15, x13       x15=00000000 x15:00000004 x13:00001f80
14107265ns          230034 1c008968 ee873733 p.bclr           x14, x14, 23, 8     x14=00000008 x14:00000008
14107285ns          230035 1c00896c 1a10f6b7 lui              x13, 0x1a10f000     x13=1a10f000
14107305ns          230036 1c008970 0ff57513 andi             x10, x10, 255       x10=00000074 x10:00000074
14107325ns          230037 1c008974 00d70733 add              x14, x14, x13       x14=1a10f008 x14:00000008 x13:1a10f000
14107345ns          230038 1c008976 00a7e723 p.sw             x10, x0(x15)        x10:00000074 x15:00000000  PA:1a10f008
14107683ns          230055 1c00897a 00000513 addi             x10, x0, 0          x10=00000000
14107703ns          230056 1c00897c 00008067 jalr             x0, x1, 0            x1:1c008a4c
14107742ns          230058 1c008a4c 31f52563 p.beqimm         x10, 778            x10:00000000
14107762ns          230059 1c008a50 001d8d93 addi             x27, x27, 1         x27=00000018 x27:00000017
14107782ns          230060 1c008a52 00044503 lbu              x10, 0(x8)          x10=00000069  x8:1c000035  PA:1c000035
14108080ns          230075 1c008a56 00140413 addi             x8, x8, 1            x8=1c000036  x8:1c000035
14108100ns          230076 1c008a58 fe0514e3 bne              x10, x0, -24        x10:00000069
14108160ns          230079 1c008a40 02500793 addi             x15, x0, 37         x15=00000025
14108180ns          230080 1c008a44 04f50863 beq              x10, x15, 80        x10:00000069 x15:00000025
14108200ns          230081 1c008a48 01a005b3 add              x11, x0, x26        x11=00000002 x26:00000002
14108220ns          230082 1c008a4a 000b00e7 jalr             x1, x22, 0           x1=1c008a4c x22:1c008956
14108260ns          230084 1c008956 000026b7 lui              x13, 0x2000         x13=00002000
14108279ns          230085 1c008958 f14027f3 csrrs            x15, x0, 0xf14      x15=00000001
14108299ns          230086 1c00895c f8068693 addi             x13, x13, -128      x13=00001f80 x13:00002000
14108319ns          230087 1c008960 00379713 slli             x14, x15, 0x3       x14=00000008 x15:00000001
14108339ns          230088 1c008964 00279793 slli             x15, x15, 0x2       x15=00000004 x15:00000001
14108359ns          230089 1c008966 00d7f7b3 and              x15, x15, x13       x15=00000000 x15:00000004 x13:00001f80
14108379ns          230090 1c008968 ee873733 p.bclr           x14, x14, 23, 8     x14=00000008 x14:00000008
14108399ns          230091 1c00896c 1a10f6b7 lui              x13, 0x1a10f000     x13=1a10f000
14108419ns          230092 1c008970 0ff57513 andi             x10, x10, 255       x10=00000069 x10:00000069
14108439ns          230093 1c008974 00d70733 add              x14, x14, x13       x14=1a10f008 x14:00000008 x13:1a10f000
14108458ns          230094 1c008976 00a7e723 p.sw             x10, x0(x15)        x10:00000069 x15:00000000  PA:1a10f008
14108777ns          230110 1c00897a 00000513 addi             x10, x0, 0          x10=00000000
14108797ns          230111 1c00897c 00008067 jalr             x0, x1, 0            x1:1c008a4c
14108836ns          230113 1c008a4c 31f52563 p.beqimm         x10, 778            x10:00000000
14108856ns          230114 1c008a50 001d8d93 addi             x27, x27, 1         x27=00000019 x27:00000018
14108876ns          230115 1c008a52 00044503 lbu              x10, 0(x8)          x10=0000006f  x8:1c000036  PA:1c000036
14109174ns          230130 1c008a56 00140413 addi             x8, x8, 1            x8=1c000037  x8:1c000036
14109194ns          230131 1c008a58 fe0514e3 bne              x10, x0, -24        x10:0000006f
14109254ns          230134 1c008a40 02500793 addi             x15, x0, 37         x15=00000025
14109274ns          230135 1c008a44 04f50863 beq              x10, x15, 80        x10:0000006f x15:00000025
14109294ns          230136 1c008a48 01a005b3 add              x11, x0, x26        x11=00000002 x26:00000002
14109314ns          230137 1c008a4a 000b00e7 jalr             x1, x22, 0           x1=1c008a4c x22:1c008956
14109353ns          230139 1c008956 000026b7 lui              x13, 0x2000         x13=00002000
14109373ns          230140 1c008958 f14027f3 csrrs            x15, x0, 0xf14      x15=00000001
14109393ns          230141 1c00895c f8068693 addi             x13, x13, -128      x13=00001f80 x13:00002000
14109413ns          230142 1c008960 00379713 slli             x14, x15, 0x3       x14=00000008 x15:00000001
14109433ns          230143 1c008964 00279793 slli             x15, x15, 0x2       x15=00000004 x15:00000001
14109453ns          230144 1c008966 00d7f7b3 and              x15, x15, x13       x15=00000000 x15:00000004 x13:00001f80
14109473ns          230145 1c008968 ee873733 p.bclr           x14, x14, 23, 8     x14=00000008 x14:00000008
14109493ns          230146 1c00896c 1a10f6b7 lui              x13, 0x1a10f000     x13=1a10f000
14109513ns          230147 1c008970 0ff57513 andi             x10, x10, 255       x10=0000006f x10:0000006f
14109533ns          230148 1c008974 00d70733 add              x14, x14, x13       x14=1a10f008 x14:00000008 x13:1a10f000
14109552ns          230149 1c008976 00a7e723 p.sw             x10, x0(x15)        x10:0000006f x15:00000000  PA:1a10f008
14109871ns          230165 1c00897a 00000513 addi             x10, x0, 0          x10=00000000
14109891ns          230166 1c00897c 00008067 jalr             x0, x1, 0            x1:1c008a4c
14109930ns          230168 1c008a4c 31f52563 p.beqimm         x10, 778            x10:00000000
14109950ns          230169 1c008a50 001d8d93 addi             x27, x27, 1         x27=0000001a x27:00000019
14109970ns          230170 1c008a52 00044503 lbu              x10, 0(x8)          x10=0000006e  x8:1c000037  PA:1c000037
14110288ns          230186 1c008a56 00140413 addi             x8, x8, 1            x8=1c000038  x8:1c000037
14110308ns          230187 1c008a58 fe0514e3 bne              x10, x0, -24        x10:0000006e
14110368ns          230190 1c008a40 02500793 addi             x15, x0, 37         x15=00000025
14110388ns          230191 1c008a44 04f50863 beq              x10, x15, 80        x10:0000006e x15:00000025
14110408ns          230192 1c008a48 01a005b3 add              x11, x0, x26        x11=00000002 x26:00000002
14110428ns          230193 1c008a4a 000b00e7 jalr             x1, x22, 0           x1=1c008a4c x22:1c008956
14110467ns          230195 1c008956 000026b7 lui              x13, 0x2000         x13=00002000
14110487ns          230196 1c008958 f14027f3 csrrs            x15, x0, 0xf14      x15=00000001
14110507ns          230197 1c00895c f8068693 addi             x13, x13, -128      x13=00001f80 x13:00002000
14110527ns          230198 1c008960 00379713 slli             x14, x15, 0x3       x14=00000008 x15:00000001
14110547ns          230199 1c008964 00279793 slli             x15, x15, 0x2       x15=00000004 x15:00000001
14110567ns          230200 1c008966 00d7f7b3 and              x15, x15, x13       x15=00000000 x15:00000004 x13:00001f80
14110587ns          230201 1c008968 ee873733 p.bclr           x14, x14, 23, 8     x14=00000008 x14:00000008
14110607ns          230202 1c00896c 1a10f6b7 lui              x13, 0x1a10f000     x13=1a10f000
14110627ns          230203 1c008970 0ff57513 andi             x10, x10, 255       x10=0000006e x10:0000006e
14110646ns          230204 1c008974 00d70733 add              x14, x14, x13       x14=1a10f008 x14:00000008 x13:1a10f000
14110666ns          230205 1c008976 00a7e723 p.sw             x10, x0(x15)        x10:0000006e x15:00000000  PA:1a10f008
14110985ns          230221 1c00897a 00000513 addi             x10, x0, 0          x10=00000000
14111004ns          230222 1c00897c 00008067 jalr             x0, x1, 0            x1:1c008a4c
14111044ns          230224 1c008a4c 31f52563 p.beqimm         x10, 778            x10:00000000
14111064ns          230225 1c008a50 001d8d93 addi             x27, x27, 1         x27=0000001b x27:0000001a
14111084ns          230226 1c008a52 00044503 lbu              x10, 0(x8)          x10=00000073  x8:1c000038  PA:1c000038
14111382ns          230241 1c008a56 00140413 addi             x8, x8, 1            x8=1c000039  x8:1c000038
14111402ns          230242 1c008a58 fe0514e3 bne              x10, x0, -24        x10:00000073
14111462ns          230245 1c008a40 02500793 addi             x15, x0, 37         x15=00000025
14111482ns          230246 1c008a44 04f50863 beq              x10, x15, 80        x10:00000073 x15:00000025
14111502ns          230247 1c008a48 01a005b3 add              x11, x0, x26        x11=00000002 x26:00000002
14111522ns          230248 1c008a4a 000b00e7 jalr             x1, x22, 0           x1=1c008a4c x22:1c008956
14111561ns          230250 1c008956 000026b7 lui              x13, 0x2000         x13=00002000
14111581ns          230251 1c008958 f14027f3 csrrs            x15, x0, 0xf14      x15=00000001
14111601ns          230252 1c00895c f8068693 addi             x13, x13, -128      x13=00001f80 x13:00002000
14111621ns          230253 1c008960 00379713 slli             x14, x15, 0x3       x14=00000008 x15:00000001
14111641ns          230254 1c008964 00279793 slli             x15, x15, 0x2       x15=00000004 x15:00000001
14111661ns          230255 1c008966 00d7f7b3 and              x15, x15, x13       x15=00000000 x15:00000004 x13:00001f80
14111681ns          230256 1c008968 ee873733 p.bclr           x14, x14, 23, 8     x14=00000008 x14:00000008
14111701ns          230257 1c00896c 1a10f6b7 lui              x13, 0x1a10f000     x13=1a10f000
14111720ns          230258 1c008970 0ff57513 andi             x10, x10, 255       x10=00000073 x10:00000073
14111740ns          230259 1c008974 00d70733 add              x14, x14, x13       x14=1a10f008 x14:00000008 x13:1a10f000
14111760ns          230260 1c008976 00a7e723 p.sw             x10, x0(x15)        x10:00000073 x15:00000000  PA:1a10f008
14112079ns          230276 1c00897a 00000513 addi             x10, x0, 0          x10=00000000
14112098ns          230277 1c00897c 00008067 jalr             x0, x1, 0            x1:1c008a4c
14112138ns          230279 1c008a4c 31f52563 p.beqimm         x10, 778            x10:00000000
14112158ns          230280 1c008a50 001d8d93 addi             x27, x27, 1         x27=0000001c x27:0000001b
14112178ns          230281 1c008a52 00044503 lbu              x10, 0(x8)          x10=0000002e  x8:1c000039  PA:1c000039
14112476ns          230296 1c008a56 00140413 addi             x8, x8, 1            x8=1c00003a  x8:1c000039
14112496ns          230297 1c008a58 fe0514e3 bne              x10, x0, -24        x10:0000002e
14112556ns          230300 1c008a40 02500793 addi             x15, x0, 37         x15=00000025
14112576ns          230301 1c008a44 04f50863 beq              x10, x15, 80        x10:0000002e x15:00000025
14112596ns          230302 1c008a48 01a005b3 add              x11, x0, x26        x11=00000002 x26:00000002
14112616ns          230303 1c008a4a 000b00e7 jalr             x1, x22, 0           x1=1c008a4c x22:1c008956
14112655ns          230305 1c008956 000026b7 lui              x13, 0x2000         x13=00002000
14112675ns          230306 1c008958 f14027f3 csrrs            x15, x0, 0xf14      x15=00000001
14112695ns          230307 1c00895c f8068693 addi             x13, x13, -128      x13=00001f80 x13:00002000
14112715ns          230308 1c008960 00379713 slli             x14, x15, 0x3       x14=00000008 x15:00000001
14112735ns          230309 1c008964 00279793 slli             x15, x15, 0x2       x15=00000004 x15:00000001
14112755ns          230310 1c008966 00d7f7b3 and              x15, x15, x13       x15=00000000 x15:00000004 x13:00001f80
14112775ns          230311 1c008968 ee873733 p.bclr           x14, x14, 23, 8     x14=00000008 x14:00000008
14112795ns          230312 1c00896c 1a10f6b7 lui              x13, 0x1a10f000     x13=1a10f000
14112814ns          230313 1c008970 0ff57513 andi             x10, x10, 255       x10=0000002e x10:0000002e
14112834ns          230314 1c008974 00d70733 add              x14, x14, x13       x14=1a10f008 x14:00000008 x13:1a10f000
14112854ns          230315 1c008976 00a7e723 p.sw             x10, x0(x15)        x10:0000002e x15:00000000  PA:1a10f008
14113173ns          230331 1c00897a 00000513 addi             x10, x0, 0          x10=00000000
14113192ns          230332 1c00897c 00008067 jalr             x0, x1, 0            x1:1c008a4c
14113232ns          230334 1c008a4c 31f52563 p.beqimm         x10, 778            x10:00000000
14113252ns          230335 1c008a50 001d8d93 addi             x27, x27, 1         x27=0000001d x27:0000001c
14113272ns          230336 1c008a52 00044503 lbu              x10, 0(x8)          x10=0000002e  x8:1c00003a  PA:1c00003a
14113570ns          230351 1c008a56 00140413 addi             x8, x8, 1            x8=1c00003b  x8:1c00003a
14113590ns          230352 1c008a58 fe0514e3 bne              x10, x0, -24        x10:0000002e
14113650ns          230355 1c008a40 02500793 addi             x15, x0, 37         x15=00000025
14113670ns          230356 1c008a44 04f50863 beq              x10, x15, 80        x10:0000002e x15:00000025
14113690ns          230357 1c008a48 01a005b3 add              x11, x0, x26        x11=00000002 x26:00000002
14113710ns          230358 1c008a4a 000b00e7 jalr             x1, x22, 0           x1=1c008a4c x22:1c008956
14113749ns          230360 1c008956 000026b7 lui              x13, 0x2000         x13=00002000
14113769ns          230361 1c008958 f14027f3 csrrs            x15, x0, 0xf14      x15=00000001
14113789ns          230362 1c00895c f8068693 addi             x13, x13, -128      x13=00001f80 x13:00002000
14113809ns          230363 1c008960 00379713 slli             x14, x15, 0x3       x14=00000008 x15:00000001
14113829ns          230364 1c008964 00279793 slli             x15, x15, 0x2       x15=00000004 x15:00000001
14113849ns          230365 1c008966 00d7f7b3 and              x15, x15, x13       x15=00000000 x15:00000004 x13:00001f80
14113869ns          230366 1c008968 ee873733 p.bclr           x14, x14, 23, 8     x14=00000008 x14:00000008
14113889ns          230367 1c00896c 1a10f6b7 lui              x13, 0x1a10f000     x13=1a10f000
14113908ns          230368 1c008970 0ff57513 andi             x10, x10, 255       x10=0000002e x10:0000002e
14113928ns          230369 1c008974 00d70733 add              x14, x14, x13       x14=1a10f008 x14:00000008 x13:1a10f000
14113948ns          230370 1c008976 00a7e723 p.sw             x10, x0(x15)        x10:0000002e x15:00000000  PA:1a10f008
14114286ns          230387 1c00897a 00000513 addi             x10, x0, 0          x10=00000000
14114306ns          230388 1c00897c 00008067 jalr             x0, x1, 0            x1:1c008a4c
14114346ns          230390 1c008a4c 31f52563 p.beqimm         x10, 778            x10:00000000
14114366ns          230391 1c008a50 001d8d93 addi             x27, x27, 1         x27=0000001e x27:0000001d
14114386ns          230392 1c008a52 00044503 lbu              x10, 0(x8)          x10=0000002e  x8:1c00003b  PA:1c00003b
14114684ns          230407 1c008a56 00140413 addi             x8, x8, 1            x8=1c00003c  x8:1c00003b
14114704ns          230408 1c008a58 fe0514e3 bne              x10, x0, -24        x10:0000002e
14114764ns          230411 1c008a40 02500793 addi             x15, x0, 37         x15=00000025
14114784ns          230412 1c008a44 04f50863 beq              x10, x15, 80        x10:0000002e x15:00000025
14114804ns          230413 1c008a48 01a005b3 add              x11, x0, x26        x11=00000002 x26:00000002
14114823ns          230414 1c008a4a 000b00e7 jalr             x1, x22, 0           x1=1c008a4c x22:1c008956
14114863ns          230416 1c008956 000026b7 lui              x13, 0x2000         x13=00002000
14114883ns          230417 1c008958 f14027f3 csrrs            x15, x0, 0xf14      x15=00000001
14114903ns          230418 1c00895c f8068693 addi             x13, x13, -128      x13=00001f80 x13:00002000
14114923ns          230419 1c008960 00379713 slli             x14, x15, 0x3       x14=00000008 x15:00000001
14114943ns          230420 1c008964 00279793 slli             x15, x15, 0x2       x15=00000004 x15:00000001
14114963ns          230421 1c008966 00d7f7b3 and              x15, x15, x13       x15=00000000 x15:00000004 x13:00001f80
14114983ns          230422 1c008968 ee873733 p.bclr           x14, x14, 23, 8     x14=00000008 x14:00000008
14115002ns          230423 1c00896c 1a10f6b7 lui              x13, 0x1a10f000     x13=1a10f000
14115022ns          230424 1c008970 0ff57513 andi             x10, x10, 255       x10=0000002e x10:0000002e
14115042ns          230425 1c008974 00d70733 add              x14, x14, x13       x14=1a10f008 x14:00000008 x13:1a10f000
14115062ns          230426 1c008976 00a7e723 p.sw             x10, x0(x15)        x10:0000002e x15:00000000  PA:1a10f008
14115380ns          230442 1c00897a 00000513 addi             x10, x0, 0          x10=00000000
14115400ns          230443 1c00897c 00008067 jalr             x0, x1, 0            x1:1c008a4c
14115440ns          230445 1c008a4c 31f52563 p.beqimm         x10, 778            x10:00000000
14115460ns          230446 1c008a50 001d8d93 addi             x27, x27, 1         x27=0000001f x27:0000001e
14115480ns          230447 1c008a52 00044503 lbu              x10, 0(x8)          x10=00000020  x8:1c00003c  PA:1c00003c
14115778ns          230462 1c008a56 00140413 addi             x8, x8, 1            x8=1c00003d  x8:1c00003c
14115798ns          230463 1c008a58 fe0514e3 bne              x10, x0, -24        x10:00000020
14115858ns          230466 1c008a40 02500793 addi             x15, x0, 37         x15=00000025
14115878ns          230467 1c008a44 04f50863 beq              x10, x15, 80        x10:00000020 x15:00000025
14115898ns          230468 1c008a48 01a005b3 add              x11, x0, x26        x11=00000002 x26:00000002
14115917ns          230469 1c008a4a 000b00e7 jalr             x1, x22, 0           x1=1c008a4c x22:1c008956
14115957ns          230471 1c008956 000026b7 lui              x13, 0x2000         x13=00002000
14115977ns          230472 1c008958 f14027f3 csrrs            x15, x0, 0xf14      x15=00000001
14115997ns          230473 1c00895c f8068693 addi             x13, x13, -128      x13=00001f80 x13:00002000
14116017ns          230474 1c008960 00379713 slli             x14, x15, 0x3       x14=00000008 x15:00000001
14116037ns          230475 1c008964 00279793 slli             x15, x15, 0x2       x15=00000004 x15:00000001
14116057ns          230476 1c008966 00d7f7b3 and              x15, x15, x13       x15=00000000 x15:00000004 x13:00001f80
14116077ns          230477 1c008968 ee873733 p.bclr           x14, x14, 23, 8     x14=00000008 x14:00000008
14116096ns          230478 1c00896c 1a10f6b7 lui              x13, 0x1a10f000     x13=1a10f000
14116116ns          230479 1c008970 0ff57513 andi             x10, x10, 255       x10=00000020 x10:00000020
14116136ns          230480 1c008974 00d70733 add              x14, x14, x13       x14=1a10f008 x14:00000008 x13:1a10f000
14116156ns          230481 1c008976 00a7e723 p.sw             x10, x0(x15)        x10:00000020 x15:00000000  PA:1a10f008
14116474ns          230497 1c00897a 00000513 addi             x10, x0, 0          x10=00000000
14116494ns          230498 1c00897c 00008067 jalr             x0, x1, 0            x1:1c008a4c
14116534ns          230500 1c008a4c 31f52563 p.beqimm         x10, 778            x10:00000000
14116554ns          230501 1c008a50 001d8d93 addi             x27, x27, 1         x27=00000020 x27:0000001f
14116574ns          230502 1c008a52 00044503 lbu              x10, 0(x8)          x10=00000028  x8:1c00003d  PA:1c00003d
14116892ns          230518 1c008a56 00140413 addi             x8, x8, 1            x8=1c00003e  x8:1c00003d
14116912ns          230519 1c008a58 fe0514e3 bne              x10, x0, -24        x10:00000028
14116972ns          230522 1c008a40 02500793 addi             x15, x0, 37         x15=00000025
14116992ns          230523 1c008a44 04f50863 beq              x10, x15, 80        x10:00000028 x15:00000025
14117011ns          230524 1c008a48 01a005b3 add              x11, x0, x26        x11=00000002 x26:00000002
14117031ns          230525 1c008a4a 000b00e7 jalr             x1, x22, 0           x1=1c008a4c x22:1c008956
14117071ns          230527 1c008956 000026b7 lui              x13, 0x2000         x13=00002000
14117091ns          230528 1c008958 f14027f3 csrrs            x15, x0, 0xf14      x15=00000001
14117111ns          230529 1c00895c f8068693 addi             x13, x13, -128      x13=00001f80 x13:00002000
14117131ns          230530 1c008960 00379713 slli             x14, x15, 0x3       x14=00000008 x15:00000001
14117151ns          230531 1c008964 00279793 slli             x15, x15, 0x2       x15=00000004 x15:00000001
14117171ns          230532 1c008966 00d7f7b3 and              x15, x15, x13       x15=00000000 x15:00000004 x13:00001f80
14117190ns          230533 1c008968 ee873733 p.bclr           x14, x14, 23, 8     x14=00000008 x14:00000008
14117210ns          230534 1c00896c 1a10f6b7 lui              x13, 0x1a10f000     x13=1a10f000
14117230ns          230535 1c008970 0ff57513 andi             x10, x10, 255       x10=00000028 x10:00000028
14117250ns          230536 1c008974 00d70733 add              x14, x14, x13       x14=1a10f008 x14:00000008 x13:1a10f000
14117270ns          230537 1c008976 00a7e723 p.sw             x10, x0(x15)        x10:00000028 x15:00000000  PA:1a10f008
14117588ns          230553 1c00897a 00000513 addi             x10, x0, 0          x10=00000000
14117608ns          230554 1c00897c 00008067 jalr             x0, x1, 0            x1:1c008a4c
14117648ns          230556 1c008a4c 31f52563 p.beqimm         x10, 778            x10:00000000
14117668ns          230557 1c008a50 001d8d93 addi             x27, x27, 1         x27=00000021 x27:00000020
14117688ns          230558 1c008a52 00044503 lbu              x10, 0(x8)          x10=00000063  x8:1c00003e  PA:1c00003e
14117986ns          230573 1c008a56 00140413 addi             x8, x8, 1            x8=1c00003f  x8:1c00003e
14118006ns          230574 1c008a58 fe0514e3 bne              x10, x0, -24        x10:00000063
14118066ns          230577 1c008a40 02500793 addi             x15, x0, 37         x15=00000025
14118086ns          230578 1c008a44 04f50863 beq              x10, x15, 80        x10:00000063 x15:00000025
14118105ns          230579 1c008a48 01a005b3 add              x11, x0, x26        x11=00000002 x26:00000002
14118125ns          230580 1c008a4a 000b00e7 jalr             x1, x22, 0           x1=1c008a4c x22:1c008956
14118165ns          230582 1c008956 000026b7 lui              x13, 0x2000         x13=00002000
14118185ns          230583 1c008958 f14027f3 csrrs            x15, x0, 0xf14      x15=00000001
14118205ns          230584 1c00895c f8068693 addi             x13, x13, -128      x13=00001f80 x13:00002000
14118225ns          230585 1c008960 00379713 slli             x14, x15, 0x3       x14=00000008 x15:00000001
14118245ns          230586 1c008964 00279793 slli             x15, x15, 0x2       x15=00000004 x15:00000001
14118265ns          230587 1c008966 00d7f7b3 and              x15, x15, x13       x15=00000000 x15:00000004 x13:00001f80
14118284ns          230588 1c008968 ee873733 p.bclr           x14, x14, 23, 8     x14=00000008 x14:00000008
14118304ns          230589 1c00896c 1a10f6b7 lui              x13, 0x1a10f000     x13=1a10f000
14118324ns          230590 1c008970 0ff57513 andi             x10, x10, 255       x10=00000063 x10:00000063
14118344ns          230591 1c008974 00d70733 add              x14, x14, x13       x14=1a10f008 x14:00000008 x13:1a10f000
14118364ns          230592 1c008976 00a7e723 p.sw             x10, x0(x15)        x10:00000063 x15:00000000  PA:1a10f008
14118682ns          230608 1c00897a 00000513 addi             x10, x0, 0          x10=00000000
14118702ns          230609 1c00897c 00008067 jalr             x0, x1, 0            x1:1c008a4c
14118742ns          230611 1c008a4c 31f52563 p.beqimm         x10, 778            x10:00000000
14118762ns          230612 1c008a50 001d8d93 addi             x27, x27, 1         x27=00000022 x27:00000021
14118782ns          230613 1c008a52 00044503 lbu              x10, 0(x8)          x10=0000006f  x8:1c00003f  PA:1c00003f
14119080ns          230628 1c008a56 00140413 addi             x8, x8, 1            x8=1c000040  x8:1c00003f
14119100ns          230629 1c008a58 fe0514e3 bne              x10, x0, -24        x10:0000006f
14119160ns          230632 1c008a40 02500793 addi             x15, x0, 37         x15=00000025
14119180ns          230633 1c008a44 04f50863 beq              x10, x15, 80        x10:0000006f x15:00000025
14119199ns          230634 1c008a48 01a005b3 add              x11, x0, x26        x11=00000002 x26:00000002
14119219ns          230635 1c008a4a 000b00e7 jalr             x1, x22, 0           x1=1c008a4c x22:1c008956
14119259ns          230637 1c008956 000026b7 lui              x13, 0x2000         x13=00002000
14119279ns          230638 1c008958 f14027f3 csrrs            x15, x0, 0xf14      x15=00000001
14119299ns          230639 1c00895c f8068693 addi             x13, x13, -128      x13=00001f80 x13:00002000
14119319ns          230640 1c008960 00379713 slli             x14, x15, 0x3       x14=00000008 x15:00000001
14119339ns          230641 1c008964 00279793 slli             x15, x15, 0x2       x15=00000004 x15:00000001
14119359ns          230642 1c008966 00d7f7b3 and              x15, x15, x13       x15=00000000 x15:00000004 x13:00001f80
14119378ns          230643 1c008968 ee873733 p.bclr           x14, x14, 23, 8     x14=00000008 x14:00000008
14119398ns          230644 1c00896c 1a10f6b7 lui              x13, 0x1a10f000     x13=1a10f000
14119418ns          230645 1c008970 0ff57513 andi             x10, x10, 255       x10=0000006f x10:0000006f
14119438ns          230646 1c008974 00d70733 add              x14, x14, x13       x14=1a10f008 x14:00000008 x13:1a10f000
14119458ns          230647 1c008976 00a7e723 p.sw             x10, x0(x15)        x10:0000006f x15:00000000  PA:1a10f008
14119776ns          230663 1c00897a 00000513 addi             x10, x0, 0          x10=00000000
14119796ns          230664 1c00897c 00008067 jalr             x0, x1, 0            x1:1c008a4c
14119836ns          230666 1c008a4c 31f52563 p.beqimm         x10, 778            x10:00000000
14119856ns          230667 1c008a50 001d8d93 addi             x27, x27, 1         x27=00000023 x27:00000022
14119876ns          230668 1c008a52 00044503 lbu              x10, 0(x8)          x10=00000072  x8:1c000040  PA:1c000040
14120174ns          230683 1c008a56 00140413 addi             x8, x8, 1            x8=1c000041  x8:1c000040
14120194ns          230684 1c008a58 fe0514e3 bne              x10, x0, -24        x10:00000072
14120254ns          230687 1c008a40 02500793 addi             x15, x0, 37         x15=00000025
14120274ns          230688 1c008a44 04f50863 beq              x10, x15, 80        x10:00000072 x15:00000025
14120293ns          230689 1c008a48 01a005b3 add              x11, x0, x26        x11=00000002 x26:00000002
14120313ns          230690 1c008a4a 000b00e7 jalr             x1, x22, 0           x1=1c008a4c x22:1c008956
14120353ns          230692 1c008956 000026b7 lui              x13, 0x2000         x13=00002000
14120373ns          230693 1c008958 f14027f3 csrrs            x15, x0, 0xf14      x15=00000001
14120393ns          230694 1c00895c f8068693 addi             x13, x13, -128      x13=00001f80 x13:00002000
14120413ns          230695 1c008960 00379713 slli             x14, x15, 0x3       x14=00000008 x15:00000001
14120433ns          230696 1c008964 00279793 slli             x15, x15, 0x2       x15=00000004 x15:00000001
14120453ns          230697 1c008966 00d7f7b3 and              x15, x15, x13       x15=00000000 x15:00000004 x13:00001f80
14120472ns          230698 1c008968 ee873733 p.bclr           x14, x14, 23, 8     x14=00000008 x14:00000008
14120492ns          230699 1c00896c 1a10f6b7 lui              x13, 0x1a10f000     x13=1a10f000
14120512ns          230700 1c008970 0ff57513 andi             x10, x10, 255       x10=00000072 x10:00000072
14120532ns          230701 1c008974 00d70733 add              x14, x14, x13       x14=1a10f008 x14:00000008 x13:1a10f000
14120552ns          230702 1c008976 00a7e723 p.sw             x10, x0(x15)        x10:00000072 x15:00000000  PA:1a10f008
14120890ns          230719 1c00897a 00000513 addi             x10, x0, 0          x10=00000000
14120910ns          230720 1c00897c 00008067 jalr             x0, x1, 0            x1:1c008a4c
14120950ns          230722 1c008a4c 31f52563 p.beqimm         x10, 778            x10:00000000
14120970ns          230723 1c008a50 001d8d93 addi             x27, x27, 1         x27=00000024 x27:00000023
14120990ns          230724 1c008a52 00044503 lbu              x10, 0(x8)          x10=00000065  x8:1c000041  PA:1c000041
14121288ns          230739 1c008a56 00140413 addi             x8, x8, 1            x8=1c000042  x8:1c000041
14121308ns          230740 1c008a58 fe0514e3 bne              x10, x0, -24        x10:00000065
14121368ns          230743 1c008a40 02500793 addi             x15, x0, 37         x15=00000025
14121387ns          230744 1c008a44 04f50863 beq              x10, x15, 80        x10:00000065 x15:00000025
14121407ns          230745 1c008a48 01a005b3 add              x11, x0, x26        x11=00000002 x26:00000002
14121427ns          230746 1c008a4a 000b00e7 jalr             x1, x22, 0           x1=1c008a4c x22:1c008956
14121467ns          230748 1c008956 000026b7 lui              x13, 0x2000         x13=00002000
14121487ns          230749 1c008958 f14027f3 csrrs            x15, x0, 0xf14      x15=00000001
14121507ns          230750 1c00895c f8068693 addi             x13, x13, -128      x13=00001f80 x13:00002000
14121527ns          230751 1c008960 00379713 slli             x14, x15, 0x3       x14=00000008 x15:00000001
14121547ns          230752 1c008964 00279793 slli             x15, x15, 0x2       x15=00000004 x15:00000001
14121566ns          230753 1c008966 00d7f7b3 and              x15, x15, x13       x15=00000000 x15:00000004 x13:00001f80
14121586ns          230754 1c008968 ee873733 p.bclr           x14, x14, 23, 8     x14=00000008 x14:00000008
14121606ns          230755 1c00896c 1a10f6b7 lui              x13, 0x1a10f000     x13=1a10f000
14121626ns          230756 1c008970 0ff57513 andi             x10, x10, 255       x10=00000065 x10:00000065
14121646ns          230757 1c008974 00d70733 add              x14, x14, x13       x14=1a10f008 x14:00000008 x13:1a10f000
14121666ns          230758 1c008976 00a7e723 p.sw             x10, x0(x15)        x10:00000065 x15:00000000  PA:1a10f008
14121984ns          230774 1c00897a 00000513 addi             x10, x0, 0          x10=00000000
14122004ns          230775 1c00897c 00008067 jalr             x0, x1, 0            x1:1c008a4c
14122044ns          230777 1c008a4c 31f52563 p.beqimm         x10, 778            x10:00000000
14122064ns          230778 1c008a50 001d8d93 addi             x27, x27, 1         x27=00000025 x27:00000024
14122084ns          230779 1c008a52 00044503 lbu              x10, 0(x8)          x10=00000069  x8:1c000042  PA:1c000042
14122382ns          230794 1c008a56 00140413 addi             x8, x8, 1            x8=1c000043  x8:1c000042
14122402ns          230795 1c008a58 fe0514e3 bne              x10, x0, -24        x10:00000069
14122461ns          230798 1c008a40 02500793 addi             x15, x0, 37         x15=00000025
14122481ns          230799 1c008a44 04f50863 beq              x10, x15, 80        x10:00000069 x15:00000025
14122501ns          230800 1c008a48 01a005b3 add              x11, x0, x26        x11=00000002 x26:00000002
14122521ns          230801 1c008a4a 000b00e7 jalr             x1, x22, 0           x1=1c008a4c x22:1c008956
14122561ns          230803 1c008956 000026b7 lui              x13, 0x2000         x13=00002000
14122581ns          230804 1c008958 f14027f3 csrrs            x15, x0, 0xf14      x15=00000001
14122601ns          230805 1c00895c f8068693 addi             x13, x13, -128      x13=00001f80 x13:00002000
14122621ns          230806 1c008960 00379713 slli             x14, x15, 0x3       x14=00000008 x15:00000001
14122641ns          230807 1c008964 00279793 slli             x15, x15, 0x2       x15=00000004 x15:00000001
14122660ns          230808 1c008966 00d7f7b3 and              x15, x15, x13       x15=00000000 x15:00000004 x13:00001f80
14122680ns          230809 1c008968 ee873733 p.bclr           x14, x14, 23, 8     x14=00000008 x14:00000008
14122700ns          230810 1c00896c 1a10f6b7 lui              x13, 0x1a10f000     x13=1a10f000
14122720ns          230811 1c008970 0ff57513 andi             x10, x10, 255       x10=00000069 x10:00000069
14122740ns          230812 1c008974 00d70733 add              x14, x14, x13       x14=1a10f008 x14:00000008 x13:1a10f000
14122760ns          230813 1c008976 00a7e723 p.sw             x10, x0(x15)        x10:00000069 x15:00000000  PA:1a10f008
14123078ns          230829 1c00897a 00000513 addi             x10, x0, 0          x10=00000000
14123098ns          230830 1c00897c 00008067 jalr             x0, x1, 0            x1:1c008a4c
14123138ns          230832 1c008a4c 31f52563 p.beqimm         x10, 778            x10:00000000
14123158ns          230833 1c008a50 001d8d93 addi             x27, x27, 1         x27=00000026 x27:00000025
14123178ns          230834 1c008a52 00044503 lbu              x10, 0(x8)          x10=00000064  x8:1c000043  PA:1c000043
14123476ns          230849 1c008a56 00140413 addi             x8, x8, 1            x8=1c000044  x8:1c000043
14123496ns          230850 1c008a58 fe0514e3 bne              x10, x0, -24        x10:00000064
14123555ns          230853 1c008a40 02500793 addi             x15, x0, 37         x15=00000025
14123575ns          230854 1c008a44 04f50863 beq              x10, x15, 80        x10:00000064 x15:00000025
14123595ns          230855 1c008a48 01a005b3 add              x11, x0, x26        x11=00000002 x26:00000002
14123615ns          230856 1c008a4a 000b00e7 jalr             x1, x22, 0           x1=1c008a4c x22:1c008956
14123655ns          230858 1c008956 000026b7 lui              x13, 0x2000         x13=00002000
14123675ns          230859 1c008958 f14027f3 csrrs            x15, x0, 0xf14      x15=00000001
14123695ns          230860 1c00895c f8068693 addi             x13, x13, -128      x13=00001f80 x13:00002000
14123715ns          230861 1c008960 00379713 slli             x14, x15, 0x3       x14=00000008 x15:00000001
14123735ns          230862 1c008964 00279793 slli             x15, x15, 0x2       x15=00000004 x15:00000001
14123754ns          230863 1c008966 00d7f7b3 and              x15, x15, x13       x15=00000000 x15:00000004 x13:00001f80
14123774ns          230864 1c008968 ee873733 p.bclr           x14, x14, 23, 8     x14=00000008 x14:00000008
14123794ns          230865 1c00896c 1a10f6b7 lui              x13, 0x1a10f000     x13=1a10f000
14123814ns          230866 1c008970 0ff57513 andi             x10, x10, 255       x10=00000064 x10:00000064
14123834ns          230867 1c008974 00d70733 add              x14, x14, x13       x14=1a10f008 x14:00000008 x13:1a10f000
14123854ns          230868 1c008976 00a7e723 p.sw             x10, x0(x15)        x10:00000064 x15:00000000  PA:1a10f008
14124172ns          230884 1c00897a 00000513 addi             x10, x0, 0          x10=00000000
14124192ns          230885 1c00897c 00008067 jalr             x0, x1, 0            x1:1c008a4c
14124232ns          230887 1c008a4c 31f52563 p.beqimm         x10, 778            x10:00000000
14124252ns          230888 1c008a50 001d8d93 addi             x27, x27, 1         x27=00000027 x27:00000026
14124272ns          230889 1c008a52 00044503 lbu              x10, 0(x8)          x10=00000020  x8:1c000044  PA:1c000044
14124570ns          230904 1c008a56 00140413 addi             x8, x8, 1            x8=1c000045  x8:1c000044
14124590ns          230905 1c008a58 fe0514e3 bne              x10, x0, -24        x10:00000020
14124649ns          230908 1c008a40 02500793 addi             x15, x0, 37         x15=00000025
14124669ns          230909 1c008a44 04f50863 beq              x10, x15, 80        x10:00000020 x15:00000025
14124689ns          230910 1c008a48 01a005b3 add              x11, x0, x26        x11=00000002 x26:00000002
14124709ns          230911 1c008a4a 000b00e7 jalr             x1, x22, 0           x1=1c008a4c x22:1c008956
14124749ns          230913 1c008956 000026b7 lui              x13, 0x2000         x13=00002000
14124769ns          230914 1c008958 f14027f3 csrrs            x15, x0, 0xf14      x15=00000001
14124789ns          230915 1c00895c f8068693 addi             x13, x13, -128      x13=00001f80 x13:00002000
14124809ns          230916 1c008960 00379713 slli             x14, x15, 0x3       x14=00000008 x15:00000001
14124828ns          230917 1c008964 00279793 slli             x15, x15, 0x2       x15=00000004 x15:00000001
14124848ns          230918 1c008966 00d7f7b3 and              x15, x15, x13       x15=00000000 x15:00000004 x13:00001f80
14124868ns          230919 1c008968 ee873733 p.bclr           x14, x14, 23, 8     x14=00000008 x14:00000008
14124888ns          230920 1c00896c 1a10f6b7 lui              x13, 0x1a10f000     x13=1a10f000
14124908ns          230921 1c008970 0ff57513 andi             x10, x10, 255       x10=00000020 x10:00000020
14124928ns          230922 1c008974 00d70733 add              x14, x14, x13       x14=1a10f008 x14:00000008 x13:1a10f000
14124948ns          230923 1c008976 00a7e723 p.sw             x10, x0(x15)        x10:00000020 x15:00000000  PA:1a10f008
14125266ns          230939 1c00897a 00000513 addi             x10, x0, 0          x10=00000000
14125286ns          230940 1c00897c 00008067 jalr             x0, x1, 0            x1:1c008a4c
14125326ns          230942 1c008a4c 31f52563 p.beqimm         x10, 778            x10:00000000
14125346ns          230943 1c008a50 001d8d93 addi             x27, x27, 1         x27=00000028 x27:00000027
14125366ns          230944 1c008a52 00044503 lbu              x10, 0(x8)          x10=0000003d  x8:1c000045  PA:1c000045
14125664ns          230959 1c008a56 00140413 addi             x8, x8, 1            x8=1c000046  x8:1c000045
14125684ns          230960 1c008a58 fe0514e3 bne              x10, x0, -24        x10:0000003d
14125743ns          230963 1c008a40 02500793 addi             x15, x0, 37         x15=00000025
14125763ns          230964 1c008a44 04f50863 beq              x10, x15, 80        x10:0000003d x15:00000025
14125783ns          230965 1c008a48 01a005b3 add              x11, x0, x26        x11=00000002 x26:00000002
14125803ns          230966 1c008a4a 000b00e7 jalr             x1, x22, 0           x1=1c008a4c x22:1c008956
14125843ns          230968 1c008956 000026b7 lui              x13, 0x2000         x13=00002000
14125863ns          230969 1c008958 f14027f3 csrrs            x15, x0, 0xf14      x15=00000001
14125883ns          230970 1c00895c f8068693 addi             x13, x13, -128      x13=00001f80 x13:00002000
14125903ns          230971 1c008960 00379713 slli             x14, x15, 0x3       x14=00000008 x15:00000001
14125922ns          230972 1c008964 00279793 slli             x15, x15, 0x2       x15=00000004 x15:00000001
14125942ns          230973 1c008966 00d7f7b3 and              x15, x15, x13       x15=00000000 x15:00000004 x13:00001f80
14125962ns          230974 1c008968 ee873733 p.bclr           x14, x14, 23, 8     x14=00000008 x14:00000008
14125982ns          230975 1c00896c 1a10f6b7 lui              x13, 0x1a10f000     x13=1a10f000
14126002ns          230976 1c008970 0ff57513 andi             x10, x10, 255       x10=0000003d x10:0000003d
14126022ns          230977 1c008974 00d70733 add              x14, x14, x13       x14=1a10f008 x14:00000008 x13:1a10f000
14126042ns          230978 1c008976 00a7e723 p.sw             x10, x0(x15)        x10:0000003d x15:00000000  PA:1a10f008
14126380ns          230995 1c00897a 00000513 addi             x10, x0, 0          x10=00000000
14126400ns          230996 1c00897c 00008067 jalr             x0, x1, 0            x1:1c008a4c
14126440ns          230998 1c008a4c 31f52563 p.beqimm         x10, 778            x10:00000000
14126460ns          230999 1c008a50 001d8d93 addi             x27, x27, 1         x27=00000029 x27:00000028
14126479ns          231000 1c008a52 00044503 lbu              x10, 0(x8)          x10=00000020  x8:1c000046  PA:1c000046
14126778ns          231015 1c008a56 00140413 addi             x8, x8, 1            x8=1c000047  x8:1c000046
14126798ns          231016 1c008a58 fe0514e3 bne              x10, x0, -24        x10:00000020
14126857ns          231019 1c008a40 02500793 addi             x15, x0, 37         x15=00000025
14126877ns          231020 1c008a44 04f50863 beq              x10, x15, 80        x10:00000020 x15:00000025
14126897ns          231021 1c008a48 01a005b3 add              x11, x0, x26        x11=00000002 x26:00000002
14126917ns          231022 1c008a4a 000b00e7 jalr             x1, x22, 0           x1=1c008a4c x22:1c008956
14126957ns          231024 1c008956 000026b7 lui              x13, 0x2000         x13=00002000
14126977ns          231025 1c008958 f14027f3 csrrs            x15, x0, 0xf14      x15=00000001
14126997ns          231026 1c00895c f8068693 addi             x13, x13, -128      x13=00001f80 x13:00002000
14127016ns          231027 1c008960 00379713 slli             x14, x15, 0x3       x14=00000008 x15:00000001
14127036ns          231028 1c008964 00279793 slli             x15, x15, 0x2       x15=00000004 x15:00000001
14127056ns          231029 1c008966 00d7f7b3 and              x15, x15, x13       x15=00000000 x15:00000004 x13:00001f80
14127076ns          231030 1c008968 ee873733 p.bclr           x14, x14, 23, 8     x14=00000008 x14:00000008
14127096ns          231031 1c00896c 1a10f6b7 lui              x13, 0x1a10f000     x13=1a10f000
14127116ns          231032 1c008970 0ff57513 andi             x10, x10, 255       x10=00000020 x10:00000020
14127136ns          231033 1c008974 00d70733 add              x14, x14, x13       x14=1a10f008 x14:00000008 x13:1a10f000
14127156ns          231034 1c008976 00a7e723 p.sw             x10, x0(x15)        x10:00000020 x15:00000000  PA:1a10f008
14127514ns          231052 1c00897a 00000513 addi             x10, x0, 0          x10=00000000
14127534ns          231053 1c00897c 00008067 jalr             x0, x1, 0            x1:1c008a4c
14127573ns          231055 1c008a4c 31f52563 p.beqimm         x10, 778            x10:00000000
14127593ns          231056 1c008a50 001d8d93 addi             x27, x27, 1         x27=0000002a x27:00000029
14127613ns          231057 1c008a52 00044503 lbu              x10, 0(x8)          x10=00000025  x8:1c000047  PA:1c000047
14127912ns          231072 1c008a56 00140413 addi             x8, x8, 1            x8=1c000048  x8:1c000047
14127931ns          231073 1c008a58 fe0514e3 bne              x10, x0, -24        x10:00000025
14127991ns          231076 1c008a40 02500793 addi             x15, x0, 37         x15=00000025
14128011ns          231077 1c008a44 04f50863 beq              x10, x15, 80        x10:00000025 x15:00000025
14128110ns          231082 1c008a94 00044483 lbu              x9, 0(x8)            x9=00000064  x8:1c000048  PA:1c000048
14128429ns          231098 1c008a98 02000693 addi             x13, x0, 32         x13=00000020
14128449ns          231099 1c008a9c 00140a93 addi             x21, x8, 1          x21=1c000049  x8:1c000048
14128469ns          231100 1c008aa0 009005b3 add              x11, x0, x9         x11=00000064  x9:00000064
14128488ns          231101 1c008aa2 0f4b8513 addi             x10, x23, 244       x10=1c0000f4 x23:1c000000
14128508ns          231102 1c008aa6 00d12823 sw               x13, 16(x2)         x13:00000020  x2:10000e58  PA:10000e68
14128528ns          231103 1c008aa8 00012c23 sw               x0, 24(x2)           x2:10000e58  PA:10000e70
14128548ns          231104 1c008aaa 00012a23 sw               x0, 20(x2)           x2:10000e58  PA:10000e6c
14128568ns          231105 1c008aac 00012e23 sw               x0, 28(x2)           x2:10000e58  PA:10000e74
14128588ns          231106 1c008aae 00012623 sw               x0, 12(x2)           x2:10000e58  PA:10000e64
14128608ns          231107 1c008ab0 02300913 addi             x18, x0, 35         x18=00000023
14128628ns          231108 1c008ab4 02d00a13 addi             x20, x0, 45         x20=0000002d
14128648ns          231109 1c008ab8 015009b3 add              x19, x0, x21        x19=1c000049 x21:1c000049
14128667ns          231110 1c008aba e1dff0ef jal              x1, -484             x1=1c008abc
14128827ns          231118 1c0088d6 00054783 lbu              x15, 0(x10)         x15=0000002d x10:1c0000f4  PA:1c0000f4
14129125ns          231133 1c0088da 0ff5f593 andi             x11, x11, 255       x11=00000064 x11:00000064
14129145ns          231134 1c0088de 00b78c63 beq              x15, x11, 24        x15:0000002d x11:00000064
14129165ns          231135 1c0088e2 00078b63 beq              x15, x0, 22         x15:0000002d
14129185ns          231136 1c0088e4 00150793 addi             x15, x10, 1         x15=1c0000f5 x10:1c0000f4
14129204ns          231137 1c0088e8 0040006f jal              x0, 4              
14129244ns          231139 1c0088ec 00f00533 add              x10, x0, x15        x10=1c0000f5 x15:1c0000f5
14129264ns          231140 1c0088ee 0017c70b p.lbu            x14, 1(x15!)        x14=0000002b x15=1c0000f6 x15:1c0000f5  PA:1c0000f5
14129582ns          231156 1c0088f2 feb71ce3 bne              x14, x11, -8        x14:0000002b x11:00000064
14129642ns          231159 1c0088ea 00070763 beq              x14, x0, 14         x14:0000002b
14129662ns          231160 1c0088ec 00f00533 add              x10, x0, x15        x10=1c0000f6 x15:1c0000f6
14129682ns          231161 1c0088ee 0017c70b p.lbu            x14, 1(x15!)        x14=00000020 x15=1c0000f7 x15:1c0000f6  PA:1c0000f6
14130000ns          231177 1c0088f2 feb71ce3 bne              x14, x11, -8        x14:00000020 x11:00000064
14130060ns          231180 1c0088ea 00070763 beq              x14, x0, 14         x14:00000020
14130080ns          231181 1c0088ec 00f00533 add              x10, x0, x15        x10=1c0000f7 x15:1c0000f7
14130100ns          231182 1c0088ee 0017c70b p.lbu            x14, 1(x15!)        x14=00000023 x15=1c0000f8 x15:1c0000f7  PA:1c0000f7
14130418ns          231198 1c0088f2 feb71ce3 bne              x14, x11, -8        x14:00000023 x11:00000064
14130477ns          231201 1c0088ea 00070763 beq              x14, x0, 14         x14:00000023
14130497ns          231202 1c0088ec 00f00533 add              x10, x0, x15        x10=1c0000f8 x15:1c0000f8
14130517ns          231203 1c0088ee 0017c70b p.lbu            x14, 1(x15!)        x14=00000030 x15=1c0000f9 x15:1c0000f8  PA:1c0000f8
14130836ns          231219 1c0088f2 feb71ce3 bne              x14, x11, -8        x14:00000030 x11:00000064
14130895ns          231222 1c0088ea 00070763 beq              x14, x0, 14         x14:00000030
14130915ns          231223 1c0088ec 00f00533 add              x10, x0, x15        x10=1c0000f9 x15:1c0000f9
14130935ns          231224 1c0088ee 0017c70b p.lbu            x14, 1(x15!)        x14=00000000 x15=1c0000fa x15:1c0000f9  PA:1c0000f9
14131253ns          231240 1c0088f2 feb71ce3 bne              x14, x11, -8        x14:00000000 x11:00000064
14131313ns          231243 1c0088ea 00070763 beq              x14, x0, 14         x14:00000000
14131373ns          231246 1c0088f8 0015b593 sltiu            x11, x11, 1         x11=00000000 x11:00000064
14131392ns          231247 1c0088fc 40b005b3 sub              x11, x0, x11        x11=00000000 x11:00000000
14131412ns          231248 1c008900 00b57533 and              x10, x10, x11       x10=00000000 x10:1c0000f9 x11:00000000
14131432ns          231249 1c008902 00008067 jalr             x0, x1, 0            x1:1c008abc
14131472ns          231251 1c008abc 02050a63 beq              x10, x0, 52         x10:00000000
14131929ns          231274 1c008af0 02a00613 addi             x12, x0, 42         x12=0000002a
14131969ns          231276 1c008af4 2ac48663 beq              x9, x12, 684         x9:00000064 x12:0000002a
14131989ns          231277 1c008af8 fd048613 addi             x12, x9, -48        x12=00000034  x9:00000064
14132009ns          231278 1c008afc 00900593 addi             x11, x0, 9          x11=00000009
14132029ns          231279 1c008afe 00000913 addi             x18, x0, 0          x18=00000000
14132069ns          231281 1c008b00 28c5f063 bgeu             x11, x12, 640       x11:00000009 x12:00000034
14132109ns          231283 1c008b04 02e00693 addi             x13, x0, 46         x13=0000002e
14132128ns          231284 1c008b08 fff00a13 addi             x20, x0, -1         x20=ffffffff
14132148ns          231285 1c008b0a 2ed48363 beq              x9, x13, 742         x9:00000064 x13:0000002e
14132208ns          231288 1c008b0e 1c0007b7 lui              x15, 0x1c000000     x15=1c000000
14132228ns          231289 1c008b12 009005b3 add              x11, x0, x9         x11=00000064  x9:00000064
14132248ns          231290 1c008b14 0fc78513 addi             x10, x15, 252       x10=1c0000fc x15:1c000000
14132268ns          231291 1c008b18 dbfff0ef jal              x1, -578             x1=1c008b1a
14132327ns          231294 1c0088d6 00054783 lbu              x15, 0(x10)         x15=00000068 x10:1c0000fc  PA:1c0000fc
14132646ns          231310 1c0088da 0ff5f593 andi             x11, x11, 255       x11=00000064 x11:00000064
14132665ns          231311 1c0088de 00b78c63 beq              x15, x11, 24        x15:00000068 x11:00000064
14132685ns          231312 1c0088e2 00078b63 beq              x15, x0, 22         x15:00000068
14132705ns          231313 1c0088e4 00150793 addi             x15, x10, 1         x15=1c0000fd x10:1c0000fc
14132725ns          231314 1c0088e8 0040006f jal              x0, 4              
14132825ns          231319 1c0088ec 00f00533 add              x10, x0, x15        x10=1c0000fd x15:1c0000fd
14132844ns          231320 1c0088ee 0017c70b p.lbu            x14, 1(x15!)        x14=0000006c x15=1c0000fe x15:1c0000fd  PA:1c0000fd
14133183ns          231337 1c0088f2 feb71ce3 bne              x14, x11, -8        x14:0000006c x11:00000064
14133242ns          231340 1c0088ea 00070763 beq              x14, x0, 14         x14:0000006c
14133262ns          231341 1c0088ec 00f00533 add              x10, x0, x15        x10=1c0000fe x15:1c0000fe
14133282ns          231342 1c0088ee 0017c70b p.lbu            x14, 1(x15!)        x14=0000004c x15=1c0000ff x15:1c0000fe  PA:1c0000fe
14133600ns          231358 1c0088f2 feb71ce3 bne              x14, x11, -8        x14:0000004c x11:00000064
14133660ns          231361 1c0088ea 00070763 beq              x14, x0, 14         x14:0000004c
14133680ns          231362 1c0088ec 00f00533 add              x10, x0, x15        x10=1c0000ff x15:1c0000ff
14133700ns          231363 1c0088ee 0017c70b p.lbu            x14, 1(x15!)        x14=0000007a x15=1c000100 x15:1c0000ff  PA:1c0000ff
14134018ns          231379 1c0088f2 feb71ce3 bne              x14, x11, -8        x14:0000007a x11:00000064
14134078ns          231382 1c0088ea 00070763 beq              x14, x0, 14         x14:0000007a
14134098ns          231383 1c0088ec 00f00533 add              x10, x0, x15        x10=1c000100 x15:1c000100
14134117ns          231384 1c0088ee 0017c70b p.lbu            x14, 1(x15!)        x14=00000000 x15=1c000101 x15:1c000100  PA:1c000100
14134436ns          231400 1c0088f2 feb71ce3 bne              x14, x11, -8        x14:00000000 x11:00000064
14134495ns          231403 1c0088ea 00070763 beq              x14, x0, 14         x14:00000000
14134555ns          231406 1c0088f8 0015b593 sltiu            x11, x11, 1         x11=00000000 x11:00000064
14134575ns          231407 1c0088fc 40b005b3 sub              x11, x0, x11        x11=00000000 x11:00000000
14134595ns          231408 1c008900 00b57533 and              x10, x10, x11       x10=00000000 x10:1c000100 x11:00000000
14134615ns          231409 1c008902 00008067 jalr             x0, x1, 0            x1:1c008b1a
14134655ns          231411 1c008b1a 01300433 add              x8, x0, x19          x8=1c000049 x19:1c000049
14134674ns          231412 1c008b1c 00050563 beq              x10, x0, 10         x10:00000000
14134754ns          231416 1c008b26 06700693 addi             x13, x0, 103        x13=00000067
14134774ns          231417 1c008b2a 2896d963 bge              x13, x9, 658        x13:00000067  x9:00000064
14134913ns          231424 1c008dbc 06500693 addi             x13, x0, 101        x13=00000065
14134993ns          231428 1c008dc0 12d4d563 bge              x9, x13, 298         x9:00000064 x13:00000065
14135032ns          231430 1c008dc4 04700693 addi             x13, x0, 71         x13=00000047
14135052ns          231431 1c008dc8 dc96cbe3 blt              x13, x9, -554       x13:00000047  x9:00000064
14135192ns          231438 1c008b9e 06300693 addi             x13, x0, 99         x13=00000063
14135211ns          231439 1c008ba2 0ad488e3 beq              x9, x13, 2224        x9:00000064 x13:00000063
14135231ns          231440 1c008ba6 0096c9e3 blt              x13, x9, 2066       x13:00000063  x9:00000064
14135390ns          231448 1c0093b8 000c2583 lw               x11, 0(x24)         x11=00000001 x24:10000fb0  PA:10000fb0
14135430ns          231450 1c0093bc 004c0c13 addi             x24, x24, 4         x24=10000fb4 x24:10000fb0
14135490ns          231453 1c0093be 3405cc63 blt              x11, x0, 856        x11:00000001
14135510ns          231454 1c0093c2 01412603 lw               x12, 20(x2)         x12=00000000  x2:10000e58  PA:10000e6c
14135530ns          231455 1c0093c4 00b006b3 add              x13, x0, x11        x13=00000001 x11:00000001
14135550ns          231456 1c0093c6 2e061863 bne              x12, x0, 752        x12:00000000
14135570ns          231457 1c0093ca 01812703 lw               x14, 24(x2)         x14=00000000  x2:10000e58  PA:10000e70
14135589ns          231458 1c0093cc 019007b3 add              x15, x0, x25        x15=10000e7c x25:10000e7c
14135609ns          231459 1c0093ce 00070763 beq              x14, x0, 14         x14:00000000
14135669ns          231462 1c0093dc 00f00733 add              x14, x0, x15        x14=10000e7c x15:10000e7c
14135689ns          231463 1c0093de 00a00513 addi             x10, x0, 10         x10=0000000a
14135709ns          231464 1c0093e0 02a6f633 remu             x12, x13, x10       x12=00000001 x13:00000001 x10:0000000a
14136325ns          231495 1c0093e4 02a6d6b3 divu             x13, x13, x10       x13=00000000 x13:00000001 x10:0000000a
14136942ns          231526 1c0093e8 03060613 addi             x12, x12, 48        x12=00000031 x12:00000001
14136962ns          231527 1c0093ec 00c700ab p.sb             x12, 1(x14!)        x14=10000e7d x12:00000031 x14:10000e7c  PA:10000e7c
14136982ns          231528 1c0093f0 fe0698e3 bne              x13, x0, -16        x13:00000000
14137002ns          231529 1c0093f2 40f706b3 sub              x13, x14, x15       x13=00000001 x14:10000e7d x15:10000e7c
14137022ns          231530 1c0093f6 0146dc63 bge              x13, x20, 24        x13:00000001 x20:ffffffff
14137081ns          231533 1c00940e 00e006b3 add              x13, x0, x14        x13=10000e7d x14:10000e7d
14137141ns          231536 1c009410 fe068fab p.sb             x0, -1(x13!)        x13=10000e7c x13:10000e7d  PA:10000e7d
14137181ns          231538 1c009414 00d7fc63 bgeu             x15, x13, 24        x15:10000e7c x13:10000e7c
14137280ns          231543 1c00942c 01412783 lw               x15, 20(x2)         x15=00000000  x2:10000e58  PA:10000e6c
14137300ns          231544 1c00942e 01812603 lw               x12, 24(x2)         x12=00000000  x2:10000e58  PA:10000e70
14137360ns          231547 1c009430 419704b3 sub              x9, x14, x25         x9=00000001 x14:10000e7d x25:10000e7c
14137399ns          231549 1c009434 00c7e7b3 or               x15, x15, x12       x15=00000000 x15:00000000 x12:00000000
14137419ns          231550 1c009436 00f12623 sw               x15, 12(x2)         x15:00000000  x2:10000e58  PA:10000e64
14137439ns          231551 1c009438 00079363 bne              x15, x0, 6          x15:00000000
14137459ns          231552 1c00943a 01f5d593 srli             x11, x11, 0x1f      x11=00000000 x11:00000001
14137479ns          231553 1c00943c 00b12623 sw               x11, 12(x2)         x11:00000000  x2:10000e58  PA:10000e64
14137499ns          231554 1c00943e e3fa28e3 p.beqimm         x20, -464           x20:ffffffff
14137678ns          231563 1c00926e 0c800793 addi             x15, x0, 200        x15=000000c8
14137718ns          231565 1c009272 9e97d0e3 bge              x15, x9, -1568      x15:000000c8  x9:00000001
14137797ns          231569 1c008c52 0f24d163 bge              x9, x18, 226         x9:00000001 x18:00000000
14137857ns          231572 1c008d34 d00482e3 beq              x9, x0, -764         x9:00000001
14137877ns          231573 1c008d38 01900933 add              x18, x0, x25        x18=10000e7c x25:10000e7c
14137897ns          231574 1c008d3a 419d8db3 sub              x27, x27, x25       x27=effff1ae x27:0000002a x25:10000e7c
14137917ns          231575 1c008d3e 00a0006f jal              x0, 10             
14137956ns          231577 1c008d48 0019450b p.lbu            x10, 1(x18!)        x10=00000031 x18=10000e7d x18:10000e7c  PA:10000e7c
14137976ns          231578 1c008d4c 01a005b3 add              x11, x0, x26        x11=00000002 x26:00000002
14137996ns          231579 1c008d4e 000b00e7 jalr             x1, x22, 0           x1=1c008d50 x22:1c008956
14138135ns          231586 1c008956 000026b7 lui              x13, 0x2000         x13=00002000
14138175ns          231588 1c008958 f14027f3 csrrs            x15, x0, 0xf14      x15=00000001
14138195ns          231589 1c00895c f8068693 addi             x13, x13, -128      x13=00001f80 x13:00002000
14138255ns          231592 1c008960 00379713 slli             x14, x15, 0x3       x14=00000008 x15:00000001
14138295ns          231594 1c008964 00279793 slli             x15, x15, 0x2       x15=00000004 x15:00000001
14138314ns          231595 1c008966 00d7f7b3 and              x15, x15, x13       x15=00000000 x15:00000004 x13:00001f80
14138334ns          231596 1c008968 ee873733 p.bclr           x14, x14, 23, 8     x14=00000008 x14:00000008
14138354ns          231597 1c00896c 1a10f6b7 lui              x13, 0x1a10f000     x13=1a10f000
14138394ns          231599 1c008970 0ff57513 andi             x10, x10, 255       x10=00000031 x10:00000031
14138434ns          231601 1c008974 00d70733 add              x14, x14, x13       x14=1a10f008 x14:00000008 x13:1a10f000
14138454ns          231602 1c008976 00a7e723 p.sw             x10, x0(x15)        x10:00000031 x15:00000000  PA:1a10f008
14138792ns          231619 1c00897a 00000513 addi             x10, x0, 0          x10=00000000
14138812ns          231620 1c00897c 00008067 jalr             x0, x1, 0            x1:1c008d50
14138851ns          231622 1c008d50 fff48493 addi             x9, x9, -1           x9=00000000  x9:00000001
14138871ns          231623 1c008d52 fff537e3 p.bneimm         x10, -18            x10:00000000
14138931ns          231626 1c008d40 012d8733 add              x14, x27, x18       x14=0000002b x27:effff1ae x18:10000e7d
14138951ns          231627 1c008d44 5a048b63 beq              x9, x0, 1462         x9:00000000
14139050ns          231632 1c0092fa 00e00db3 add              x27, x0, x14        x27=0000002b x14:0000002b
14139090ns          231634 1c0092fc f3cff06f jal              x0, -2244          
14139229ns          231641 1c008a38 00044503 lbu              x10, 0(x8)          x10=00000029  x8:1c000049  PA:1c000049
14139568ns          231658 1c008a3c 00140413 addi             x8, x8, 1            x8=1c00004a  x8:1c000049
14139587ns          231659 1c008a3e 00050e63 beq              x10, x0, 28         x10:00000029
14139607ns          231660 1c008a40 02500793 addi             x15, x0, 37         x15=00000025
14139627ns          231661 1c008a44 04f50863 beq              x10, x15, 80        x10:00000029 x15:00000025
14139647ns          231662 1c008a48 01a005b3 add              x11, x0, x26        x11=00000002 x26:00000002
14139667ns          231663 1c008a4a 000b00e7 jalr             x1, x22, 0           x1=1c008a4c x22:1c008956
14139786ns          231669 1c008956 000026b7 lui              x13, 0x2000         x13=00002000
14139826ns          231671 1c008958 f14027f3 csrrs            x15, x0, 0xf14      x15=00000001
14139846ns          231672 1c00895c f8068693 addi             x13, x13, -128      x13=00001f80 x13:00002000
14139866ns          231673 1c008960 00379713 slli             x14, x15, 0x3       x14=00000008 x15:00000001
14139886ns          231674 1c008964 00279793 slli             x15, x15, 0x2       x15=00000004 x15:00000001
14139906ns          231675 1c008966 00d7f7b3 and              x15, x15, x13       x15=00000000 x15:00000004 x13:00001f80
14139926ns          231676 1c008968 ee873733 p.bclr           x14, x14, 23, 8     x14=00000008 x14:00000008
14139945ns          231677 1c00896c 1a10f6b7 lui              x13, 0x1a10f000     x13=1a10f000
14139965ns          231678 1c008970 0ff57513 andi             x10, x10, 255       x10=00000029 x10:00000029
14139985ns          231679 1c008974 00d70733 add              x14, x14, x13       x14=1a10f008 x14:00000008 x13:1a10f000
14140005ns          231680 1c008976 00a7e723 p.sw             x10, x0(x15)        x10:00000029 x15:00000000  PA:1a10f008
14140323ns          231696 1c00897a 00000513 addi             x10, x0, 0          x10=00000000
14140343ns          231697 1c00897c 00008067 jalr             x0, x1, 0            x1:1c008a4c
14140383ns          231699 1c008a4c 31f52563 p.beqimm         x10, 778            x10:00000000
14140403ns          231700 1c008a50 001d8d93 addi             x27, x27, 1         x27=0000002c x27:0000002b
14140423ns          231701 1c008a52 00044503 lbu              x10, 0(x8)          x10=0000000a  x8:1c00004a  PA:1c00004a
14140721ns          231716 1c008a56 00140413 addi             x8, x8, 1            x8=1c00004b  x8:1c00004a
14140741ns          231717 1c008a58 fe0514e3 bne              x10, x0, -24        x10:0000000a
14140801ns          231720 1c008a40 02500793 addi             x15, x0, 37         x15=00000025
14140821ns          231721 1c008a44 04f50863 beq              x10, x15, 80        x10:0000000a x15:00000025
14140841ns          231722 1c008a48 01a005b3 add              x11, x0, x26        x11=00000002 x26:00000002
14140860ns          231723 1c008a4a 000b00e7 jalr             x1, x22, 0           x1=1c008a4c x22:1c008956
14140900ns          231725 1c008956 000026b7 lui              x13, 0x2000         x13=00002000
14140920ns          231726 1c008958 f14027f3 csrrs            x15, x0, 0xf14      x15=00000001
14140940ns          231727 1c00895c f8068693 addi             x13, x13, -128      x13=00001f80 x13:00002000
14140960ns          231728 1c008960 00379713 slli             x14, x15, 0x3       x14=00000008 x15:00000001
14140980ns          231729 1c008964 00279793 slli             x15, x15, 0x2       x15=00000004 x15:00000001
14141000ns          231730 1c008966 00d7f7b3 and              x15, x15, x13       x15=00000000 x15:00000004 x13:00001f80
14141020ns          231731 1c008968 ee873733 p.bclr           x14, x14, 23, 8     x14=00000008 x14:00000008
14141039ns          231732 1c00896c 1a10f6b7 lui              x13, 0x1a10f000     x13=1a10f000
14141059ns          231733 1c008970 0ff57513 andi             x10, x10, 255       x10=0000000a x10:0000000a
14141079ns          231734 1c008974 00d70733 add              x14, x14, x13       x14=1a10f008 x14:00000008 x13:1a10f000
14141099ns          231735 1c008976 00a7e723 p.sw             x10, x0(x15)        x10:0000000a x15:00000000  PA:1a10f008
14141417ns          231751 1c00897a 00000513 addi             x10, x0, 0          x10=00000000
14141437ns          231752 1c00897c 00008067 jalr             x0, x1, 0            x1:1c008a4c
14141477ns          231754 1c008a4c 31f52563 p.beqimm         x10, 778            x10:00000000
14141497ns          231755 1c008a50 001d8d93 addi             x27, x27, 1         x27=0000002d x27:0000002c
14141517ns          231756 1c008a52 00044503 lbu              x10, 0(x8)          x10=00000000  x8:1c00004b  PA:1c00004b
14141815ns          231771 1c008a56 00140413 addi             x8, x8, 1            x8=1c00004c  x8:1c00004b
14141835ns          231772 1c008a58 fe0514e3 bne              x10, x0, -24        x10:00000000
14141855ns          231773 1c008a5a 01b00433 add              x8, x0, x27          x8=0000002d x27:0000002d
14141875ns          231774 1c008a5c 00800533 add              x10, x0, x8         x10=0000002d  x8:0000002d
14141895ns          231775 1c008a5e 12c12083 lw               x1, 300(x2)          x1=1c0089ea  x2:10000e58  PA:10000f84
14141915ns          231776 1c008a62 12812403 lw               x8, 296(x2)          x8=xxxxxxxx  x2:10000e58  PA:10000f80
14141935ns          231777 1c008a66 12412483 lw               x9, 292(x2)          x9=xxxxxxxx  x2:10000e58  PA:10000f7c
14141954ns          231778 1c008a6a 12012903 lw               x18, 288(x2)        x18=00000001  x2:10000e58  PA:10000f78
14142352ns          231798 1c008a6e 11c12983 lw               x19, 284(x2)        x19=xxxxxxxx  x2:10000e58  PA:10000f74
14142392ns          231800 1c008a72 11812a03 lw               x20, 280(x2)        x20=xxxxxxxx  x2:10000e58  PA:10000f70
14142412ns          231801 1c008a76 11412a83 lw               x21, 276(x2)        x21=xxxxxxxx  x2:10000e58  PA:10000f6c
14142432ns          231802 1c008a7a 11012b03 lw               x22, 272(x2)        x22=xxxxxxxx  x2:10000e58  PA:10000f68
14142869ns          231824 1c008a7e 10c12b83 lw               x23, 268(x2)        x23=xxxxxxxx  x2:10000e58  PA:10000f64
14142909ns          231826 1c008a82 10812c03 lw               x24, 264(x2)        x24=xxxxxxxx  x2:10000e58  PA:10000f60
14142929ns          231827 1c008a86 10412c83 lw               x25, 260(x2)        x25=xxxxxxxx  x2:10000e58  PA:10000f5c
14142949ns          231828 1c008a8a 10012d03 lw               x26, 256(x2)        x26=xxxxxxxx  x2:10000e58  PA:10000f58
14142969ns          231829 1c008a8e 0fc12d83 lw               x27, 252(x2)        x27=xxxxxxxx  x2:10000e58  PA:10000f54
14143009ns          231831 1c008a90 13010113 addi             x2, x2, 304          x2=10000f88  x2:10000e58
14143029ns          231832 1c008a92 00008067 jalr             x0, x1, 0            x1:1c0089ea
14143108ns          231836 1c0089ea 01c12083 lw               x1, 28(x2)           x1=1c0081f8  x2:10000f88  PA:10000fa4
14143148ns          231838 1c0089ec 04010113 addi             x2, x2, 64           x2=10000fc8  x2:10000f88
14143168ns          231839 1c0089ee 00008067 jalr             x0, x1, 0            x1:1c0081f8
14143307ns          231846 1c0081f8 00300793 addi             x15, x0, 3          x15=00000003
14143347ns          231848 1c0081fa 0127f463 bgeu             x15, x18, 8         x15:00000003 x18:00000001
14143864ns          231874 1c008202 377010ef jal              x1, 7030             x1=1c008206
14144321ns          231897 1c009d78 f14027f3 csrrs            x15, x0, 0xf14      x15=00000001
14144361ns          231899 1c009d7c 01f00713 addi             x14, x0, 31         x14=0000001f
14144799ns          231921 1c009d7e ca5797b3 p.extractu       x15, x15, 5, 5      x15=00000000 x15:00000001
14144839ns          231923 1c009d82 00e78863 beq              x15, x14, 16        x15:00000000 x14:0000001f
14144858ns          231924 1c009d86 002047b7 lui              x15, 0x204000       x15=00204000
14144878ns          231925 1c009d8a 20078793 addi             x15, x15, 512       x15=00204200 x15:00204000
14145316ns          231947 1c009d8e 01c7e703 p.elw            x14, 28(x15)        x14=00010000 x15:00204200  PA:0020421c
14145495ns          231956 1c009d92 00008067 jalr             x0, x1, 0            x1:1c008206
14145634ns          231963 1c008206 f14027f3 csrrs            x15, x0, 0xf14      x15=00000001
14145654ns          231964 1c00820a f457b7b3 p.bclr           x15, x15, 26, 5     x15=00000001 x15:00000001
14146112ns          231987 1c00820e 18078763 beq              x15, x0, 398        x15:00000001
14146131ns          231988 1c008212 00a00793 addi             x15, x0, 10         x15=0000000a
14146151ns          231989 1c008214 02f907b3 mul              x15, x18, x15       x15=0000000a x18:00000001 x15:0000000a
14146171ns          231990 1c008218 00279713 slli             x14, x15, 0x2       x14=00000028 x15:0000000a
14146191ns          231991 1c00821c 00178a13 addi             x20, x15, 1         x20=0000000b x15:0000000a
14146688ns          232016 1c008220 00278993 addi             x19, x15, 2         x19=0000000c x15:0000000a
14146728ns          232018 1c008224 00378093 addi             x1, x15, 3           x1=0000000d x15:0000000a
14146748ns          232019 1c008228 00478393 addi             x7, x15, 4           x7=0000000e x15:0000000a
14146768ns          232020 1c00822c 00578293 addi             x5, x15, 5           x5=0000000f x15:0000000a
14147285ns          232046 1c008230 00678f93 addi             x31, x15, 6         x31=00000010 x15:0000000a
14147325ns          232048 1c008234 00778f13 addi             x30, x15, 7         x30=00000011 x15:0000000a
14147345ns          232049 1c008238 00878e93 addi             x29, x15, 8         x29=00000012 x15:0000000a
14147365ns          232050 1c00823c 00978e13 addi             x28, x15, 9         x28=00000013 x15:0000000a
14147882ns          232076 1c008240 1c0104b7 lui              x9, 0x1c010000       x9=1c010000
14147922ns          232078 1c008244 06400793 addi             x15, x0, 100        x15=00000064
14147942ns          232079 1c008248 00048493 addi             x9, x9, 0            x9=1c010000  x9:1c010000
14147961ns          232080 1c00824c 002a1a13 slli             x20, x20, 0x2       x20=0000002c x20:0000000b
14147981ns          232081 1c00824e 00299993 slli             x19, x19, 0x2       x19=00000030 x19:0000000c
14148479ns          232106 1c008250 00209093 slli             x1, x1, 0x2          x1=00000034  x1:0000000d
14148498ns          232107 1c008252 00239393 slli             x7, x7, 0x2          x7=00000038  x7:0000000e
14148518ns          232108 1c008254 00229293 slli             x5, x5, 0x2          x5=0000003c  x5:0000000f
14148538ns          232109 1c008256 002f9f93 slli             x31, x31, 0x2       x31=00000040 x31:00000010
14148558ns          232110 1c008258 002f1f13 slli             x30, x30, 0x2       x30=00000044 x30:00000011
14148578ns          232111 1c00825a 002e9e93 slli             x29, x29, 0x2       x29=00000048 x29:00000012
14148598ns          232112 1c00825c 002e1e13 slli             x28, x28, 0x2       x28=0000004c x28:00000013
14149016ns          232133 1c00825e 02f907b3 mul              x15, x18, x15       x15=00000064 x18:00000001 x15:00000064
14149036ns          232134 1c008262 00279793 slli             x15, x15, 0x2       x15=00000190 x15:00000064
14149055ns          232135 1c008264 0a048693 addi             x13, x9, 160        x13=1c0100a0  x9:1c010000
14149075ns          232136 1c008268 6e048893 addi             x17, x9, 1760       x17=1c0106e0  x9:1c010000
14149095ns          232137 1c00826c 00000413 addi             x8, x0, 0            x8=00000000
14149533ns          232159 1c008270 20e4fb03 lw               x22, x14(x9)        x22=3ec30f3a x14:00000028  x9:1c010000  PA:1c010028
14149851ns          232175 1c008274 2144fa03 lw               x20, x20(x9)        x20=40d573bc x20:0000002c  x9:1c010000  PA:1c01002c
14150169ns          232191 1c008278 2134f983 lw               x19, x19(x9)        x19=3f5d05b8 x19:00000030  x9:1c010000  PA:1c010030
14150468ns          232206 1c00827c 2014f083 lw               x1, x1(x9)           x1=411dbadb  x1:00000034  x9:1c010000  PA:1c010034
14150766ns          232221 1c008280 2074f383 lw               x7, x7(x9)           x7=40cd90a3  x7:00000038  x9:1c010000  PA:1c010038
14151064ns          232236 1c008284 2054f283 lw               x5, x5(x9)           x5=40475956  x5:0000003c  x9:1c010000  PA:1c01003c
14151363ns          232251 1c008288 21f4ff83 lw               x31, x31(x9)        x31=411235bb x31:00000040  x9:1c010000  PA:1c010040
14151661ns          232266 1c00828c 21e4ff03 lw               x30, x30(x9)        x30=3f720ce0 x30:00000044  x9:1c010000  PA:1c010044
14151959ns          232281 1c008290 21d4fe83 lw               x29, x29(x9)        x29=40b95213 x29:00000048  x9:1c010000  PA:1c010048
14152258ns          232296 1c008294 21c4fe03 lw               x28, x28(x9)        x28=3fa9c7f7 x28:0000004c  x9:1c010000  PA:1c01004c
14152556ns          232311 1c008298 00d787b3 add              x15, x15, x13       x15=1c010230 x15:00000190 x13:1c0100a0
14152576ns          232312 1c00829a 00e888b3 add              x17, x17, x14       x17=1c010708 x17:1c0106e0 x14:00000028
14152596ns          232313 1c00829c 00800ab3 add              x21, x0, x8         x21=00000000  x8:00000000
14152616ns          232314 1c00829e 00a00813 addi             x16, x0, 10         x16=0000000a
14152636ns          232315 1c0082a0 027840fb lp.setup         0x1, x16, 0x27      x16:0000000a
14152656ns          232316 1c0082a4 0007ab83 lw               x23, 0(x15)         x23=40ff5e04 x15:1c010230  PA:1c010230
14152954ns          232331 1c0082a8 0047a683 lw               x13, 4(x15)         x13=40cb2d7f x15:1c010230  PA:1c010234
14153252ns          232346 1c0082aa a96bfbc3 fmadd.s          f23, f23, f22, f21  f23=xxxxxxxx f23:40ff5e04 f22:3ec30f3a f21:00000000
14153272ns          232347 1c0082ae 0087a703 lw               x14, 8(x15)         x14=411769fd x15:1c010230  PA:1c010238
14153571ns          232362 1c0082b0 00c7a303 lw               x6, 12(x15)          x6=410a57c3 x15:1c010230  PA:1c01023c
14153869ns          232377 1c0082b4 b8da76c3 fmadd.s          f13, f20, f13, f23  f13=xxxxxxxx f20:40d573bc f13:40cb2d7f f23:404293cd
14153889ns          232378 1c0082b8 0107ab83 lw               x23, 16(x15)        x23=3f8e3df8 x15:1c010230  PA:1c010240
14154207ns          232394 1c0082bc 0147a503 lw               x10, 20(x15)        x10=3fc25e4f x15:1c010230  PA:1c010244
14154505ns          232409 1c0082be 68e9f743 fmadd.s          f14, f19, f14, f13  f14=xxxxxxxx f19:3f5d05b8 f14:411769fd f13:423591f2
14154525ns          232410 1c0082c2 0187a583 lw               x11, 24(x15)        x11=409dec6f x15:1c010230  PA:1c010248
14154824ns          232425 1c0082c4 01c7a603 lw               x12, 28(x15)        x12=409cfb86 x15:1c010230  PA:1c01024c
14155122ns          232440 1c0082c6 7060f343 fmadd.s          f6, f1, f6, f14      f6=xxxxxxxx  f1:411dbadb  f6:410a57c3 f14:4256406a
14155142ns          232441 1c0082ca 0207a683 lw               x13, 32(x15)        x13=40faa84f x15:1c010230  PA:1c010250
14155460ns          232457 1c0082cc 0247a703 lw               x14, 36(x15)        x14=4092e56e x15:1c010230  PA:1c010254
14155759ns          232472 1c0082ce 3173fbc3 fmadd.s          f23, f7, f23, f6    f23=xxxxxxxx  f7:40cd90a3 f23:3f8e3df8  f6:430acce7
14155779ns          232473 1c0082d2 0048a30b p.lw             x6, 4(x17!)          x6=40fd1da4 x17=1c01070c x17:1c010708  PA:1c010708
14156077ns          232488 1c0082d6 02878793 addi             x15, x15, 40        x15=1c010258 x15:1c010230
14156097ns          232489 1c0082da b8a2f543 fmadd.s          f10, f5, f10, f23   f10=xxxxxxxx  f5:40475956 f10:3fc25e4f f23:4311f067
14156256ns          232497 1c0082de 50bff5c3 fmadd.s          f11, f31, f11, f10  f11=xxxxxxxx f31:411235bb f11:409dec6f f10:4316ab40
14156296ns          232499 1c0082e2 58cf7643 fmadd.s          f12, f30, f12, f11  f12=xxxxxxxx f30:3f720ce0 f12:409cfb86 f11:4343c43e
14156316ns          232500 1c0082e6 60def6c3 fmadd.s          f13, f29, f13, f12  f13=xxxxxxxx f29:40b95213 f13:40faa84f f12:434867ab
14156335ns          232501 1c0082ea 68ee7743 fmadd.s          f14, f28, f14, f13  f14=xxxxxxxx f28:3fa9c7f7 f14:4092e56e f13:4375c4aa
14156773ns          232523 1c0082ee 40e37443 fmadd.s          f8, f6, f14, f8      f8=xxxxxxxx  f6:40fd1da4 f14:437bdb6d  f8:00000000
14156813ns          232525 1c0082a4 0007ab83 lw               x23, 0(x15)         x23=40c5aa80 x15:1c010258  PA:1c010258
14157111ns          232540 1c0082a8 0047a683 lw               x13, 4(x15)         x13=40763321 x15:1c010258  PA:1c01025c
14157410ns          232555 1c0082aa a96bfbc3 fmadd.s          f23, f23, f22, f21  f23=xxxxxxxx f23:40c5aa80 f22:3ec30f3a f21:00000000
14157429ns          232556 1c0082ae 0087a703 lw               x14, 8(x15)         x14=40d44b1f x15:1c010258  PA:1c010260
14157728ns          232571 1c0082b0 00c7a303 lw               x6, 12(x15)          x6=400b3a02 x15:1c010258  PA:1c010264
14158026ns          232586 1c0082b4 b8da76c3 fmadd.s          f13, f20, f13, f23  f13=xxxxxxxx f20:40d573bc f13:40763321 f23:40169ca1
14158046ns          232587 1c0082b8 0107ab83 lw               x23, 16(x15)        x23=4105eddb x15:1c010258  PA:1c010268
14158344ns          232602 1c0082bc 0147a503 lw               x10, 20(x15)        x10=411169b0 x15:1c010258  PA:1c01026c
14158643ns          232617 1c0082be 68e9f743 fmadd.s          f14, f19, f14, f13  f14=xxxxxxxx f19:3f5d05b8 f14:40d44b1f f13:41e01b6c
14158663ns          232618 1c0082c2 0187a583 lw               x11, 24(x15)        x11=411ea1ba x15:1c010258  PA:1c010270
14158961ns          232633 1c0082c4 01c7a603 lw               x12, 28(x15)        x12=407aa322 x15:1c010258  PA:1c010274
14159259ns          232648 1c0082c6 7060f343 fmadd.s          f6, f1, f6, f14      f6=xxxxxxxx  f1:411dbadb  f6:400b3a02 f14:4206f6e9
14159279ns          232649 1c0082ca 0207a683 lw               x13, 32(x15)        x13=3fe3b1f0 x15:1c010258  PA:1c010278
14159578ns          232664 1c0082cc 0247a703 lw               x14, 36(x15)        x14=409f4f4e x15:1c010258  PA:1c01027c
14159876ns          232679 1c0082ce 3173fbc3 fmadd.s          f23, f7, f23, f6    f23=xxxxxxxx  f7:40cd90a3 f23:4105eddb  f6:425cbf1b
14159896ns          232680 1c0082d2 0048a30b p.lw             x6, 4(x17!)          x6=40313173 x17=1c010710 x17:1c01070c  PA:1c01070c
14160194ns          232695 1c0082d6 02878793 addi             x15, x15, 40        x15=1c010280 x15:1c010258
14160214ns          232696 1c0082da b8a2f543 fmadd.s          f10, f5, f10, f23   f10=xxxxxxxx  f5:40475956 f10:411169b0 f23:42d9eab1
14160234ns          232697 1c0082de 50bff5c3 fmadd.s          f11, f31, f11, f10  f11=xxxxxxxx f31:411235bb f11:411ea1ba f10:43094452
14160254ns          232698 1c0082e2 58cf7643 fmadd.s          f12, f30, f12, f11  f12=xxxxxxxx f30:3f720ce0 f12:407aa322 f11:4363ddd9
14160274ns          232699 1c0082e6 60def6c3 fmadd.s          f13, f29, f13, f12  f13=xxxxxxxx f29:40b95213 f13:3fe3b1f0 f12:436791c4
14160294ns          232700 1c0082ea 68ee7743 fmadd.s          f14, f28, f14, f13  f14=xxxxxxxx f28:3fa9c7f7 f14:409f4f4e f13:4371df0d
14160314ns          232701 1c0082ee 40e37443 fmadd.s          f8, f6, f14, f8      f8=xxxxxxxx  f6:40313173 f14:4378798a  f8:44f90504
14160333ns          232702 1c0082a4 0007ab83 lw               x23, 0(x15)         x23=40d78fff x15:1c010280  PA:1c010280
14160632ns          232717 1c0082a8 0047a683 lw               x13, 4(x15)         x13=3f5590b6 x15:1c010280  PA:1c010284
14160930ns          232732 1c0082aa a96bfbc3 fmadd.s          f23, f23, f22, f21  f23=xxxxxxxx f23:40d78fff f22:3ec30f3a f21:00000000
14160950ns          232733 1c0082ae 0087a703 lw               x14, 8(x15)         x14=406b91c8 x15:1c010280  PA:1c010288
14161248ns          232748 1c0082b0 00c7a303 lw               x6, 12(x15)          x6=40ff61ff x15:1c010280  PA:1c01028c
14161547ns          232763 1c0082b4 b8da76c3 fmadd.s          f13, f20, f13, f23  f13=xxxxxxxx f20:40d573bc f13:3f5590b6 f23:40243f82
14161567ns          232764 1c0082b8 0107ab83 lw               x23, 16(x15)        x23=40cb81f2 x15:1c010280  PA:1c010290
14161865ns          232779 1c0082bc 0147a503 lw               x10, 20(x15)        x10=40fe1dbb x15:1c010280  PA:1c010294
14162183ns          232795 1c0082be 68e9f743 fmadd.s          f14, f19, f14, f13  f14=xxxxxxxx f19:3f5d05b8 f14:406b91c8 f13:410218db
14162203ns          232796 1c0082c2 0187a583 lw               x11, 24(x15)        x11=40e26f4e x15:1c010280  PA:1c010298
14162502ns          232811 1c0082c4 01c7a603 lw               x12, 28(x15)        x12=41038513 x15:1c010280  PA:1c01029c
14162800ns          232826 1c0082c6 7060f343 fmadd.s          f6, f1, f6, f14      f6=xxxxxxxx  f1:411dbadb  f6:40ff61ff f14:4134f162
14162820ns          232827 1c0082ca 0207a683 lw               x13, 32(x15)        x13=40703e12 x15:1c010280  PA:1c0102a0
14163118ns          232842 1c0082cc 0247a703 lw               x14, 36(x15)        x14=407255fe x15:1c010280  PA:1c0102a4
14163417ns          232857 1c0082ce 3173fbc3 fmadd.s          f23, f7, f23, f6    f23=xxxxxxxx  f7:40cd90a3 f23:40cb81f2  f6:42b3f7ad
14163436ns          232858 1c0082d2 0048a30b p.lw             x6, 4(x17!)          x6=409f32cb x17=1c010714 x17:1c010710  PA:1c010710
14163735ns          232873 1c0082d6 02878793 addi             x15, x15, 40        x15=1c0102a8 x15:1c010280
14163755ns          232874 1c0082da b8a2f543 fmadd.s          f10, f5, f10, f23   f10=xxxxxxxx  f5:40475956 f10:40fe1dbb f23:4302d659
14163775ns          232875 1c0082de 50bff5c3 fmadd.s          f11, f31, f11, f10  f11=xxxxxxxx f31:411235bb f11:40e26f4e f10:431b9292
14163794ns          232876 1c0082e2 58cf7643 fmadd.s          f12, f30, f12, f11  f12=xxxxxxxx f30:3f720ce0 f12:41038513 f11:435c3c12
14163814ns          232877 1c0082e6 60def6c3 fmadd.s          f13, f29, f13, f12  f13=xxxxxxxx f29:40b95213 f13:40703e12 f12:436401b9
14163834ns          232878 1c0082ea 68ee7743 fmadd.s          f14, f28, f14, f13  f14=xxxxxxxx f28:3fa9c7f7 f14:407255fe f13:4379bef5
14163854ns          232879 1c0082ee 40e37443 fmadd.s          f8, f6, f14, f8      f8=xxxxxxxx  f6:409f32cb f14:437ec4b5  f8:45278184
14163874ns          232880 1c0082a4 0007ab83 lw               x23, 0(x15)         x23=40f1343f x15:1c0102a8  PA:1c0102a8
14164172ns          232895 1c0082a8 0047a683 lw               x13, 4(x15)         x13=3f9d7395 x15:1c0102a8  PA:1c0102ac
14164471ns          232910 1c0082aa a96bfbc3 fmadd.s          f23, f23, f22, f21  f23=xxxxxxxx f23:40f1343f f22:3ec30f3a f21:00000000
14164491ns          232911 1c0082ae 0087a703 lw               x14, 8(x15)         x14=40abb643 x15:1c0102a8  PA:1c0102b0
14164809ns          232927 1c0082b0 00c7a303 lw               x6, 12(x15)          x6=41002ab1 x15:1c0102a8  PA:1c0102b4
14165107ns          232942 1c0082b4 b8da76c3 fmadd.s          f13, f20, f13, f23  f13=xxxxxxxx f20:40d573bc f13:3f9d7395 f23:4037c925
14165127ns          232943 1c0082b8 0107ab83 lw               x23, 16(x15)        x23=4047ba6f x15:1c0102a8  PA:1c0102b8
14165426ns          232958 1c0082bc 0147a503 lw               x10, 20(x15)        x10=3ec32581 x15:1c0102a8  PA:1c0102bc
14165724ns          232973 1c0082be 68e9f743 fmadd.s          f14, f19, f14, f13  f14=xxxxxxxx f19:3f5d05b8 f14:40abb643 f13:41313aa3
14165744ns          232974 1c0082c2 0187a583 lw               x11, 24(x15)        x11=40d0fb41 x15:1c0102a8  PA:1c0102c0
14166042ns          232989 1c0082c4 01c7a603 lw               x12, 28(x15)        x12=3febf4ed x15:1c0102a8  PA:1c0102c4
14166340ns          233004 1c0082c6 7060f343 fmadd.s          f6, f1, f6, f14      f6=xxxxxxxx  f1:411dbadb  f6:41002ab1 f14:417b5aba
14166360ns          233005 1c0082ca 0207a683 lw               x13, 32(x15)        x13=40c67287 x15:1c0102a8  PA:1c0102c8
14166659ns          233020 1c0082cc 0247a703 lw               x14, 36(x15)        x14=40b9dcb6 x15:1c0102a8  PA:1c0102cc
14166957ns          233035 1c0082ce 3173fbc3 fmadd.s          f23, f7, f23, f6    f23=xxxxxxxx  f7:40cd90a3 f23:4047ba6f  f6:42bd5ace
14166977ns          233036 1c0082d2 0048a30b p.lw             x6, 4(x17!)          x6=40813758 x17=1c010718 x17:1c010714  PA:1c010714
14167275ns          233051 1c0082d6 02878793 addi             x15, x15, 40        x15=1c0102d0 x15:1c0102a8
14167295ns          233052 1c0082da b8a2f543 fmadd.s          f10, f5, f10, f23   f10=xxxxxxxx  f5:40475956 f10:3ec32581 f23:42e57317
14167315ns          233053 1c0082de 50bff5c3 fmadd.s          f11, f31, f11, f10  f11=xxxxxxxx f31:411235bb f11:40d0fb41 f10:42e7d2f0
14167335ns          233054 1c0082e2 58cf7643 fmadd.s          f12, f30, f12, f11  f12=xxxxxxxx f30:3f720ce0 f12:3febf4ed f11:432f970c
14167355ns          233055 1c0082e6 60def6c3 fmadd.s          f13, f29, f13, f12  f13=xxxxxxxx f29:40b95213 f13:40c67287 f12:4331553f
14167375ns          233056 1c0082ea 68ee7743 fmadd.s          f14, f28, f14, f13  f14=xxxxxxxx f28:3fa9c7f7 f14:40b9dcb6 f13:43553f58
14167395ns          233057 1c0082ee 40e37443 fmadd.s          f8, f6, f14, f8      f8=xxxxxxxx  f6:40813758 f14:435cf396  f8:4576b8e0
14167415ns          233058 1c0082a4 0007ab83 lw               x23, 0(x15)         x23=400e5562 x15:1c0102d0  PA:1c0102d0
14167713ns          233073 1c0082a8 0047a683 lw               x13, 4(x15)         x13=40d444af x15:1c0102d0  PA:1c0102d4
14168011ns          233088 1c0082aa a96bfbc3 fmadd.s          f23, f23, f22, f21  f23=xxxxxxxx f23:400e5562 f22:3ec30f3a f21:00000000
14168031ns          233089 1c0082ae 0087a703 lw               x14, 8(x15)         x14=411b4e13 x15:1c0102d0  PA:1c0102d8
14168330ns          233104 1c0082b0 00c7a303 lw               x6, 12(x15)          x6=411a1bae x15:1c0102d0  PA:1c0102dc
14168628ns          233119 1c0082b4 b8da76c3 fmadd.s          f13, f20, f13, f23  f13=xxxxxxxx f20:40d573bc f13:40d444af f23:3f58e702
14168648ns          233120 1c0082b8 0107ab83 lw               x23, 16(x15)        x23=40f0ace4 x15:1c0102d0  PA:1c0102e0
14168946ns          233135 1c0082bc 0147a503 lw               x10, 20(x15)        x10=4044af37 x15:1c0102d0  PA:1c0102e4
14169245ns          233150 1c0082be 68e9f743 fmadd.s          f14, f19, f14, f13  f14=xxxxxxxx f19:3f5d05b8 f14:411b4e13 f13:423460b8
14169264ns          233151 1c0082c2 0187a583 lw               x11, 24(x15)        x11=3f8e3e78 x15:1c0102d0  PA:1c0102e8
14169563ns          233166 1c0082c4 01c7a603 lw               x12, 28(x15)        x12=4042ee66 x15:1c0102d0  PA:1c0102ec
14169861ns          233181 1c0082c6 7060f343 fmadd.s          f6, f1, f6, f14      f6=xxxxxxxx  f1:411dbadb  f6:411a1bae f14:4255e630
14169881ns          233182 1c0082ca 0207a683 lw               x13, 32(x15)        x13=40fff796 x15:1c0102d0  PA:1c0102f0
14170199ns          233198 1c0082cc 0247a703 lw               x14, 36(x15)        x14=40ec7330 x15:1c0102d0  PA:1c0102f4
14170498ns          233213 1c0082ce 3173fbc3 fmadd.s          f23, f7, f23, f6    f23=xxxxxxxx  f7:40cd90a3 f23:40f0ace4  f6:43146d02
14170518ns          233214 1c0082d2 0048a30b p.lw             x6, 4(x17!)          x6=3edadacd x17=1c01071c x17:1c010718  PA:1c010718
14170816ns          233229 1c0082d6 02878793 addi             x15, x15, 40        x15=1c0102f8 x15:1c0102d0
14170836ns          233230 1c0082da b8a2f543 fmadd.s          f10, f5, f10, f23   f10=xxxxxxxx  f5:40475956 f10:4044af37 f23:4344bd9d
14170856ns          233231 1c0082de 50bff5c3 fmadd.s          f11, f31, f11, f10  f11=xxxxxxxx f31:411235bb f11:3f8e3e78 f10:434e502a
14170876ns          233232 1c0082e2 58cf7643 fmadd.s          f12, f30, f12, f11  f12=xxxxxxxx f30:3f720ce0 f12:4042ee66 f11:435877d9
14170895ns          233233 1c0082e6 60def6c3 fmadd.s          f13, f29, f13, f12  f13=xxxxxxxx f29:40b95213 f13:40fff796 f12:435b5916
14170915ns          233234 1c0082ea 68ee7743 fmadd.s          f14, f28, f14, f13  f14=xxxxxxxx f28:3fa9c7f7 f14:40ec7330 f13:4384d60a
14170935ns          233235 1c0082ee 40e37443 fmadd.s          f8, f6, f14, f8      f8=xxxxxxxx  f6:3edadacd f14:4389bc90  f8:45973e11
14170955ns          233236 1c0082a4 0007ab83 lw               x23, 0(x15)         x23=410996a6 x15:1c0102f8  PA:1c0102f8
14171254ns          233251 1c0082a8 0047a683 lw               x13, 4(x15)         x13=40af247f x15:1c0102f8  PA:1c0102fc
14171552ns          233266 1c0082aa a96bfbc3 fmadd.s          f23, f23, f22, f21  f23=xxxxxxxx f23:410996a6 f22:3ec30f3a f21:00000000
14171572ns          233267 1c0082ae 0087a703 lw               x14, 8(x15)         x14=40ee80c2 x15:1c0102f8  PA:1c010300
14171870ns          233282 1c0082b0 00c7a303 lw               x6, 12(x15)          x6=4049081b x15:1c0102f8  PA:1c010304
14172168ns          233297 1c0082b4 b8da76c3 fmadd.s          f13, f20, f13, f23  f13=xxxxxxxx f20:40d573bc f13:40af247f f23:4051abdf
14172188ns          233298 1c0082b8 0107ab83 lw               x23, 16(x15)        x23=400014d1 x15:1c0102f8  PA:1c010308
14172487ns          233313 1c0082bc 0147a503 lw               x10, 20(x15)        x10=40e3e3a7 x15:1c0102f8  PA:1c01030c
14172805ns          233329 1c0082be 68e9f743 fmadd.s          f14, f19, f14, f13  f14=xxxxxxxx f19:3f5d05b8 f14:40ee80c2 f13:421f234a
14172825ns          233330 1c0082c2 0187a583 lw               x11, 24(x15)        x11=3f2eca12 x15:1c0102f8  PA:1c010310
14173123ns          233345 1c0082c4 01c7a603 lw               x12, 28(x15)        x12=405931e2 x15:1c0102f8  PA:1c010314
14173422ns          233360 1c0082c6 7060f343 fmadd.s          f6, f1, f6, f14      f6=xxxxxxxx  f1:411dbadb  f6:4049081b f14:4238e099
14173441ns          233361 1c0082ca 0207a683 lw               x13, 32(x15)        x13=40dd80cb x15:1c0102f8  PA:1c010318
14173740ns          233376 1c0082cc 0247a703 lw               x14, 36(x15)        x14=409cdd74 x15:1c0102f8  PA:1c01031c
14174038ns          233391 1c0082ce 3173fbc3 fmadd.s          f23, f7, f23, f6    f23=xxxxxxxx  f7:40cd90a3 f23:400014d1  f6:429a5ea7
14174058ns          233392 1c0082d2 0048a30b p.lw             x6, 4(x17!)          x6=4006553e x17=1c010720 x17:1c01071c  PA:1c01071c
14174356ns          233407 1c0082d6 02878793 addi             x15, x15, 40        x15=1c010320 x15:1c0102f8
14174376ns          233408 1c0082da b8a2f543 fmadd.s          f10, f5, f10, f23   f10=xxxxxxxx  f5:40475956 f10:40e3e3a7 f23:42b414e9
14174396ns          233409 1c0082de 50bff5c3 fmadd.s          f11, f31, f11, f10  f11=xxxxxxxx f31:411235bb f11:3f2eca12 f10:42e07248
14174416ns          233410 1c0082e2 58cf7643 fmadd.s          f12, f30, f12, f11  f12=xxxxxxxx f30:3f720ce0 f12:405931e2 f11:42ececc6
14174436ns          233411 1c0082e6 60def6c3 fmadd.s          f13, f29, f13, f12  f13=xxxxxxxx f29:40b95213 f13:40dd80cb f12:42f357a7
14174456ns          233412 1c0082ea 68ee7743 fmadd.s          f14, f28, f14, f13  f14=xxxxxxxx f28:3fa9c7f7 f14:409cdd74 f13:4321c219
14174476ns          233413 1c0082ee 40e37443 fmadd.s          f8, f6, f14, f8      f8=xxxxxxxx  f6:4006553e f14:432842a5  f8:459aec13
14174496ns          233414 1c0082a4 0007ab83 lw               x23, 0(x15)         x23=4109caec x15:1c010320  PA:1c010320
14174794ns          233429 1c0082a8 0047a683 lw               x13, 4(x15)         x13=41036d4e x15:1c010320  PA:1c010324
14175092ns          233444 1c0082aa a96bfbc3 fmadd.s          f23, f23, f22, f21  f23=xxxxxxxx f23:4109caec f22:3ec30f3a f21:00000000
14175112ns          233445 1c0082ae 0087a703 lw               x14, 8(x15)         x14=40f4beba x15:1c010320  PA:1c010328
14175431ns          233461 1c0082b0 00c7a303 lw               x6, 12(x15)          x6=40916c6b x15:1c010320  PA:1c01032c
14175729ns          233476 1c0082b4 b8da76c3 fmadd.s          f13, f20, f13, f23  f13=xxxxxxxx f20:40d573bc f13:41036d4e f23:4051fb88
14175749ns          233477 1c0082b8 0107ab83 lw               x23, 16(x15)        x23=40473805 x15:1c010320  PA:1c010330
14176047ns          233492 1c0082bc 0147a503 lw               x10, 20(x15)        x10=400311e3 x15:1c010320  PA:1c010334
14176346ns          233507 1c0082be 68e9f743 fmadd.s          f14, f19, f14, f13  f14=xxxxxxxx f19:3f5d05b8 f14:40f4beba f13:42684a72
14176365ns          233508 1c0082c2 0187a583 lw               x11, 24(x15)        x11=4090b280 x15:1c010320  PA:1c010338
14176664ns          233523 1c0082c4 01c7a603 lw               x12, 28(x15)        x12=409a850a x15:1c010320  PA:1c01033c
14176962ns          233538 1c0082c6 7060f343 fmadd.s          f6, f1, f6, f14      f6=xxxxxxxx  f1:411dbadb  f6:40916c6b f14:42815a1b
14176982ns          233539 1c0082ca 0207a683 lw               x13, 32(x15)        x13=3fc49e49 x15:1c010320  PA:1c010340
14177280ns          233554 1c0082cc 0247a703 lw               x14, 36(x15)        x14=41181eff x15:1c010320  PA:1c010344
14177579ns          233569 1c0082ce 3173fbc3 fmadd.s          f23, f7, f23, f6    f23=xxxxxxxx  f7:40cd90a3 f23:40473805  f6:42daf3be
14177599ns          233570 1c0082d2 0048a30b p.lw             x6, 4(x17!)          x6=40cce315 x17=1c010724 x17:1c010720  PA:1c010720
14177897ns          233585 1c0082d6 02878793 addi             x15, x15, 40        x15=1c010348 x15:1c010320
14177917ns          233586 1c0082da b8a2f543 fmadd.s          f10, f5, f10, f23   f10=xxxxxxxx  f5:40475956 f10:400311e3 f23:430178ec
14177937ns          233587 1c0082de 50bff5c3 fmadd.s          f11, f31, f11, f10  f11=xxxxxxxx f31:411235bb f11:4090b280 f10:4307d9f6
14177957ns          233588 1c0082e2 58cf7643 fmadd.s          f12, f30, f12, f11  f12=xxxxxxxx f30:3f720ce0 f12:409a850a f11:43312c0c
14177977ns          233589 1c0082e6 60def6c3 fmadd.s          f13, f29, f13, f12  f13=xxxxxxxx f29:40b95213 f13:3fc49e49 f12:4335bcd8
14177996ns          233590 1c0082ea 68ee7743 fmadd.s          f14, f28, f14, f13  f14=xxxxxxxx f28:3fa9c7f7 f14:41181eff f13:433ea22f
14178016ns          233591 1c0082ee 40e37443 fmadd.s          f8, f6, f14, f8      f8=xxxxxxxx  f6:40cce315 f14:434b3e98  f8:45a5f570
14178036ns          233592 1c0082a4 0007ab83 lw               x23, 0(x15)         x23=402930eb x15:1c010348  PA:1c010348
14178335ns          233607 1c0082a8 0047a683 lw               x13, 4(x15)         x13=3d7993f6 x15:1c010348  PA:1c01034c
14178633ns          233622 1c0082aa a96bfbc3 fmadd.s          f23, f23, f22, f21  f23=xxxxxxxx f23:402930eb f22:3ec30f3a f21:00000000
14178653ns          233623 1c0082ae 0087a703 lw               x14, 8(x15)         x14=3fba05c4 x15:1c010348  PA:1c010350
14178951ns          233638 1c0082b0 00c7a303 lw               x6, 12(x15)          x6=411e058d x15:1c010348  PA:1c010354
14179250ns          233653 1c0082b4 b8da76c3 fmadd.s          f13, f20, f13, f23  f13=xxxxxxxx f20:40d573bc f13:3d7993f6 f23:3f80ea53
14179269ns          233654 1c0082b8 0107ab83 lw               x23, 16(x15)        x23=409c76fa x15:1c010348  PA:1c010358
14179568ns          233669 1c0082bc 0147a503 lw               x10, 20(x15)        x10=4042fe77 x15:1c010348  PA:1c01035c
14179866ns          233684 1c0082be 68e9f743 fmadd.s          f14, f19, f14, f13  f14=xxxxxxxx f19:3f5d05b8 f14:3fba05c4 f13:3fb4f08f
14179886ns          233685 1c0082c2 0187a583 lw               x11, 24(x15)        x11=403f38f6 x15:1c010348  PA:1c010360
14180184ns          233700 1c0082c4 01c7a603 lw               x12, 28(x15)        x12=3fdadcbe x15:1c010348  PA:1c010364
14180483ns          233715 1c0082c6 7060f343 fmadd.s          f6, f1, f6, f14      f6=xxxxxxxx  f1:411dbadb  f6:411e058d f14:402ac5d9
14180503ns          233716 1c0082ca 0207a683 lw               x13, 32(x15)        x13=40a12a80 x15:1c010348  PA:1c010368
14180821ns          233732 1c0082cc 0247a703 lw               x14, 36(x15)        x14=41181c75 x15:1c010348  PA:1c01036c
14181119ns          233747 1c0082ce 3173fbc3 fmadd.s          f23, f7, f23, f6    f23=xxxxxxxx  f7:40cd90a3 f23:409c76fa  f6:42c80fac
14181139ns          233748 1c0082d2 0048a30b p.lw             x6, 4(x17!)          x6=3f080220 x17=1c010728 x17:1c010724  PA:1c010724
14181438ns          233763 1c0082d6 02878793 addi             x15, x15, 40        x15=1c010370 x15:1c010348
14181457ns          233764 1c0082da b8a2f543 fmadd.s          f10, f5, f10, f23   f10=xxxxxxxx  f5:40475956 f10:4042fe77 f23:430370c1
14181477ns          233765 1c0082de 50bff5c3 fmadd.s          f11, f31, f11, f10  f11=xxxxxxxx f31:411235bb f11:403f38f6 f10:430cee3f
14181497ns          233766 1c0082e2 58cf7643 fmadd.s          f12, f30, f12, f11  f12=xxxxxxxx f30:3f720ce0 f12:3fdadcbe f11:43283be7
14181517ns          233767 1c0082e6 60def6c3 fmadd.s          f13, f29, f13, f12  f13=xxxxxxxx f29:40b95213 f13:40a12a80 f12:4329d9c6
14181537ns          233768 1c0082ea 68ee7743 fmadd.s          f14, f28, f14, f13  f14=xxxxxxxx f28:3fa9c7f7 f14:41181c75 f13:4347049f
14181557ns          233769 1c0082ee 40e37443 fmadd.s          f8, f6, f14, f8      f8=xxxxxxxx  f6:3f080220 f14:4353a0d2  f8:45ce9ffb
14181577ns          233770 1c0082a4 0007ab83 lw               x23, 0(x15)         x23=402f8ef5 x15:1c010370  PA:1c010370
14181875ns          233785 1c0082a8 0047a683 lw               x13, 4(x15)         x13=4079a41c x15:1c010370  PA:1c010374
14182193ns          233801 1c0082aa a96bfbc3 fmadd.s          f23, f23, f22, f21  f23=xxxxxxxx f23:402f8ef5 f22:3ec30f3a f21:00000000
14182213ns          233802 1c0082ae 0087a703 lw               x14, 8(x15)         x14=40e9612c x15:1c010370  PA:1c010378
14182512ns          233817 1c0082b0 00c7a303 lw               x6, 12(x15)          x6=3fccf40f x15:1c010370  PA:1c01037c
14182810ns          233832 1c0082b4 b8da76c3 fmadd.s          f13, f20, f13, f23  f13=xxxxxxxx f20:40d573bc f13:4079a41c f23:3f85c456
14182830ns          233833 1c0082b8 0107ab83 lw               x23, 16(x15)        x23=4019ee5e x15:1c010370  PA:1c010380
14183128ns          233848 1c0082bc 0147a503 lw               x10, 20(x15)        x10=40d27eac x15:1c010370  PA:1c010384
14183447ns          233864 1c0082be 68e9f743 fmadd.s          f14, f19, f14, f13  f14=xxxxxxxx f19:3f5d05b8 f14:40e9612c f13:41d882ad
14183466ns          233865 1c0082c2 0187a583 lw               x11, 24(x15)        x11=411e9cd1 x15:1c010370  PA:1c010388
14183765ns          233880 1c0082c4 01c7a603 lw               x12, 28(x15)        x12=3d5a134a x15:1c010370  PA:1c01038c
14184063ns          233895 1c0082c6 7060f343 fmadd.s          f6, f1, f6, f14      f6=xxxxxxxx  f1:411dbadb  f6:3fccf40f f14:4205711a
14184083ns          233896 1c0082ca 0207a683 lw               x13, 32(x15)        x13=4104115c x15:1c010370  PA:1c010390
14184381ns          233911 1c0082cc 0247a703 lw               x14, 36(x15)        x14=40c00a96 x15:1c010370  PA:1c010394
14184680ns          233926 1c0082ce 3173fbc3 fmadd.s          f23, f7, f23, f6    f23=xxxxxxxx  f7:40cd90a3 f23:4019ee5e  f6:424494bd
14184700ns          233927 1c0082d2 0048a30b p.lw             x6, 4(x17!)          x6=40378e19 x17=1c01072c x17:1c010728  PA:1c010728
14184998ns          233942 1c0082d6 02878793 addi             x15, x15, 40        x15=1c010398 x15:1c010370
14185018ns          233943 1c0082da b8a2f543 fmadd.s          f10, f5, f10, f23   f10=xxxxxxxx  f5:40475956 f10:40d27eac f23:42813115
14185038ns          233944 1c0082de 50bff5c3 fmadd.s          f11, f31, f11, f10  f11=xxxxxxxx f31:411235bb f11:411e9cd1 f10:42aa2b90
14185058ns          233945 1c0082e2 58cf7643 fmadd.s          f12, f30, f12, f11  f12=xxxxxxxx f30:3f720ce0 f12:3d5a134a f11:432fac82
14185078ns          233946 1c0082e6 60def6c3 fmadd.s          f13, f29, f13, f12  f13=xxxxxxxx f29:40b95213 f13:4104115c f12:432fb965
14185097ns          233947 1c0082ea 68ee7743 fmadd.s          f14, f28, f14, f13  f14=xxxxxxxx f28:3fa9c7f7 f14:40c00a96 f13:435f86d6
14185117ns          233948 1c0082ee 40e37443 fmadd.s          f8, f6, f14, f8      f8=xxxxxxxx  f6:40378e19 f14:43677ca6  f8:45d22375
14185137ns          233949 1c0082a4 0007ab83 lw               x23, 0(x15)         x23=3fac0e3b x15:1c010398  PA:1c010398
14185436ns          233964 1c0082a8 0047a683 lw               x13, 4(x15)         x13=3d9c1156 x15:1c010398  PA:1c01039c
14185734ns          233979 1c0082aa a96bfbc3 fmadd.s          f23, f23, f22, f21  f23=xxxxxxxx f23:3fac0e3b f22:3ec30f3a f21:00000000
14185754ns          233980 1c0082ae 0087a703 lw               x14, 8(x15)         x14=40f5ad86 x15:1c010398  PA:1c0103a0
14186052ns          233995 1c0082b0 00c7a303 lw               x6, 12(x15)          x6=40afea3c x15:1c010398  PA:1c0103a4
14186351ns          234010 1c0082b4 b8da76c3 fmadd.s          f13, f20, f13, f23  f13=xxxxxxxx f20:40d573bc f13:3d9c1156 f23:3f031913
14186370ns          234011 1c0082b8 0107ab83 lw               x23, 16(x15)        x23=3faf56dc x15:1c010398  PA:1c0103a8
14186669ns          234026 1c0082bc 0147a503 lw               x10, 20(x15)        x10=4100765c x15:1c010398  PA:1c0103ac
14186967ns          234041 1c0082be 68e9f743 fmadd.s          f14, f19, f14, f13  f14=xxxxxxxx f19:3f5d05b8 f14:40f5ad86 f13:3f829d07
14186987ns          234042 1c0082c2 0187a583 lw               x11, 24(x15)        x11=4067304d x15:1c010398  PA:1c0103b0
14187285ns          234057 1c0082c4 01c7a603 lw               x12, 28(x15)        x12=40e73798 x15:1c010398  PA:1c0103b4
14187584ns          234072 1c0082c6 7060f343 fmadd.s          f6, f1, f6, f14      f6=xxxxxxxx  f1:411dbadb  f6:40afea3c f14:40f4c38b
14187604ns          234073 1c0082ca 0207a683 lw               x13, 32(x15)        x13=3e7dd443 x15:1c010398  PA:1c0103b8
14187902ns          234088 1c0082cc 0247a703 lw               x14, 36(x15)        x14=3fd60047 x15:1c010398  PA:1c0103bc
14188200ns          234103 1c0082ce 3173fbc3 fmadd.s          f23, f7, f23, f6    f23=xxxxxxxx  f7:40cd90a3 f23:3faf56dc  f6:42775e8c
14188220ns          234104 1c0082d2 0048a30b p.lw             x6, 4(x17!)          x6=3fc3445a x17=1c010730 x17:1c01072c  PA:1c01072c
14188519ns          234119 1c0082d6 02878793 addi             x15, x15, 40        x15=1c0103c0 x15:1c010398
14188539ns          234120 1c0082da b8a2f543 fmadd.s          f10, f5, f10, f23   f10=xxxxxxxx  f5:40475956 f10:4100765c f23:428d48ba
14188558ns          234121 1c0082de 50bff5c3 fmadd.s          f11, f31, f11, f10  f11=xxxxxxxx f31:411235bb f11:4067304d f10:42bf4d25
14188578ns          234122 1c0082e2 58cf7643 fmadd.s          f12, f30, f12, f11  f12=xxxxxxxx f30:3f720ce0 f12:40e73798 f11:4300a917
14188598ns          234123 1c0082e6 60def6c3 fmadd.s          f13, f29, f13, f12  f13=xxxxxxxx f29:40b95213 f13:3e7dd443 f12:43077e08
14188618ns          234124 1c0082ea 68ee7743 fmadd.s          f14, f28, f14, f13  f14=xxxxxxxx f28:3fa9c7f7 f14:3fd60047 f13:4308ed88
14188638ns          234125 1c0082ee 40e37443 fmadd.s          f8, f6, f14, f8      f8=xxxxxxxx  f6:3fc3445a f14:430b253d  f8:45e6e2c8
14188658ns          234126 1c0082f2 287010ef jal              x1, 6790             x1=1c0082f6
14188698ns          234128 1c009d78 f14027f3 csrrs            x15, x0, 0xf14      x15=00000001
14188718ns          234129 1c009d7c 01f00713 addi             x14, x0, 31         x14=0000001f
14188737ns          234130 1c009d7e ca5797b3 p.extractu       x15, x15, 5, 5      x15=00000000 x15:00000001
14188757ns          234131 1c009d82 00e78863 beq              x15, x14, 16        x15:00000000 x14:0000001f
14188777ns          234132 1c009d86 002047b7 lui              x15, 0x204000       x15=00204000
14188797ns          234133 1c009d8a 20078793 addi             x15, x15, 512       x15=00204200 x15:00204000
14188817ns          234134 1c009d8e 01c7e703 p.elw            x14, 28(x15)        x14=00010000 x15:00204200  PA:0020421c
14189235ns          234155 1c009d92 00008067 jalr             x0, x1, 0            x1:1c0082f6
14189294ns          234158 1c0082f6 f14027f3 csrrs            x15, x0, 0xf14      x15=00000001
14189314ns          234159 1c0082fa f457b7b3 p.bclr           x15, x15, 26, 5     x15=00000001 x15:00000001
14189334ns          234160 1c0082fe 0a078f63 beq              x15, x0, 190        x15:00000001
14189752ns          234181 1c008300 00391793 slli             x15, x18, 0x3       x15=00000008 x18:00000001
14189792ns          234183 1c008304 009787b3 add              x15, x15, x9        x15=1c010008 x15:00000008  x9:1c010000
14189812ns          234184 1c008306 7807a983 lw               x19, 1920(x15)      x19=45ed858c x15:1c010008  PA:1c010788
14190130ns          234200 1c00830a 00391913 slli             x18, x18, 0x3       x18=00000008 x18:00000001
14190150ns          234201 1c00830c a13407d3 fle.s            x15, f8, f19        x15=00000001  f8:45ed84f0 f19:45ed858c
14190289ns          234208 1c008310 012484b3 add              x9, x9, x18          x9=1c010008  x9:1c010000 x18:00000008
14190329ns          234210 1c008312 7844a903 lw               x18, 1924(x9)       x18=45ed8454  x9:1c010008  PA:1c01078c
14190627ns          234225 1c008316 06079563 bne              x15, x0, 106        x15:00000001
14191363ns          234262 1c008380 a08907d3 fle.s            x15, f18, f8        x15=00000001 f18:45ed8454  f8:45ed84f0
14191403ns          234264 1c008384 f8078ae3 beq              x15, x0, -108       x15:00000001
14191423ns          234265 1c008386 1c000537 lui              x10, 0x1c000000     x10=1c000000
14191443ns          234266 1c00838a f14025f3 csrrs            x11, x0, 0xf14      x11=00000001
14191502ns          234269 1c00838e 0b450513 addi             x10, x10, 180       x10=1c0000b4 x10:1c000000
14191542ns          234271 1c008392 f455b5b3 p.bclr           x11, x11, 26, 5     x11=00000001 x11:00000001
14191562ns          234272 1c008396 62c000ef jal              x1, 1580             x1=1c008398
14191642ns          234276 1c0089c2 fc010113 addi             x2, x2, -64          x2=10000f88  x2:10000fc8
14191681ns          234278 1c0089c4 02410313 addi             x6, x2, 36           x6=10000fac  x2:10000f88
14191701ns          234279 1c0089c8 02c12423 sw               x12, 40(x2)         x12:43077e08  x2:10000f88  PA:10000fb0
14191721ns          234280 1c0089ca 00a00633 add              x12, x0, x10        x12=1c0000b4 x10:1c0000b4
14191741ns          234281 1c0089cc 1c009537 lui              x10, 0x1c009000     x10=1c009000
14191801ns          234284 1c0089d0 02b12223 sw               x11, 36(x2)         x11:00000001  x2:10000f88  PA:10000fac
14191821ns          234285 1c0089d2 02d12623 sw               x13, 44(x2)         x13:4308ed88  x2:10000f88  PA:10000fb4
14191840ns          234286 1c0089d4 00200593 addi             x11, x0, 2          x11=00000002
14191860ns          234287 1c0089d6 006006b3 add              x13, x0, x6         x13=10000fac  x6:10000fac
14191880ns          234288 1c0089d8 95650513 addi             x10, x10, -1706     x10=1c008956 x10:1c009000
14191900ns          234289 1c0089dc 00112e23 sw               x1, 28(x2)           x1:1c008398  x2:10000f88  PA:10000fa4
14191920ns          234290 1c0089de 02e12823 sw               x14, 48(x2)         x14:00010000  x2:10000f88  PA:10000fb8
14191940ns          234291 1c0089e0 02f12a23 sw               x15, 52(x2)         x15:00000001  x2:10000f88  PA:10000fbc
14191960ns          234292 1c0089e2 03012c23 sw               x16, 56(x2)         x16:0000000a  x2:10000f88  PA:10000fc0
14191980ns          234293 1c0089e4 03112e23 sw               x17, 60(x2)         x17:1c010730  x2:10000f88  PA:10000fc4
14192000ns          234294 1c0089e6 00612623 sw               x6, 12(x2)           x6:10000fac  x2:10000f88  PA:10000f94
14192019ns          234295 1c0089e8 fbfff0ef jal              x1, -66              x1=1c0089ea
14192159ns          234302 1c0089a6 04a0006f jal              x0, 74             
14192198ns          234304 1c0089f0 ed010113 addi             x2, x2, -304         x2=10000e58  x2:10000f88
14192218ns          234305 1c0089f2 12812423 sw               x8, 296(x2)          x8:45ed84f0  x2:10000e58  PA:10000f80
14192238ns          234306 1c0089f6 00000413 addi             x8, x0, 0            x8=00000000
14192258ns          234307 1c0089f8 11612823 sw               x22, 272(x2)        x22:3ec30f3a  x2:10000e58  PA:10000f68
14192278ns          234308 1c0089fc 11712623 sw               x23, 268(x2)        x23:428d48ba  x2:10000e58  PA:10000f64
14192318ns          234310 1c008a00 11812423 sw               x24, 264(x2)        x24:xxxxxxxx  x2:10000e58  PA:10000f60
14192358ns          234312 1c008a04 11912223 sw               x25, 260(x2)        x25:xxxxxxxx  x2:10000e58  PA:10000f5c
14192377ns          234313 1c008a08 11a12023 sw               x26, 256(x2)        x26:xxxxxxxx  x2:10000e58  PA:10000f58
14192397ns          234314 1c008a0c 0fb12e23 sw               x27, 252(x2)        x27:xxxxxxxx  x2:10000e58  PA:10000f54
14192457ns          234317 1c008a0e 12112623 sw               x1, 300(x2)          x1:1c0089ea  x2:10000e58  PA:10000f84
14192477ns          234318 1c008a12 00800db3 add              x27, x0, x8         x27=00000000  x8:00000000
14192497ns          234319 1c008a14 12912223 sw               x9, 292(x2)          x9:1c010008  x2:10000e58  PA:10000f7c
14192517ns          234320 1c008a18 13212023 sw               x18, 288(x2)        x18:45ed8454  x2:10000e58  PA:10000f78
14192537ns          234321 1c008a1c 11312e23 sw               x19, 284(x2)        x19:45ed858c  x2:10000e58  PA:10000f74
14192596ns          234324 1c008a20 11412c23 sw               x20, 280(x2)        x20:40d573bc  x2:10000e58  PA:10000f70
14192636ns          234326 1c008a24 11512a23 sw               x21, 276(x2)        x21:00000000  x2:10000e58  PA:10000f6c
14192656ns          234327 1c008a28 00a00b33 add              x22, x0, x10        x22=1c008956 x10:1c008956
14192676ns          234328 1c008a2a 00b00d33 add              x26, x0, x11        x26=00000002 x11:00000002
14192696ns          234329 1c008a2c 00d00c33 add              x24, x0, x13        x24=10000fac x13:10000fac
14192736ns          234331 1c008a2e 1c000bb7 lui              x23, 0x1c000000     x23=1c000000
14192775ns          234333 1c008a32 02410c93 addi             x25, x2, 36         x25=10000e7c  x2:10000e58
14192795ns          234334 1c008a36 00c00433 add              x8, x0, x12          x8=1c0000b4 x12:1c0000b4
14192815ns          234335 1c008a38 00044503 lbu              x10, 0(x8)          x10=0000006b  x8:1c0000b4  PA:1c0000b4
14193133ns          234351 1c008a3c 00140413 addi             x8, x8, 1            x8=1c0000b5  x8:1c0000b4
14193153ns          234352 1c008a3e 00050e63 beq              x10, x0, 28         x10:0000006b
14193173ns          234353 1c008a40 02500793 addi             x15, x0, 37         x15=00000025
14193193ns          234354 1c008a44 04f50863 beq              x10, x15, 80        x10:0000006b x15:00000025
14193213ns          234355 1c008a48 01a005b3 add              x11, x0, x26        x11=00000002 x26:00000002
14193233ns          234356 1c008a4a 000b00e7 jalr             x1, x22, 0           x1=1c008a4c x22:1c008956
14193352ns          234362 1c008956 000026b7 lui              x13, 0x2000         x13=00002000
14193392ns          234364 1c008958 f14027f3 csrrs            x15, x0, 0xf14      x15=00000001
14193412ns          234365 1c00895c f8068693 addi             x13, x13, -128      x13=00001f80 x13:00002000
14193471ns          234368 1c008960 00379713 slli             x14, x15, 0x3       x14=00000008 x15:00000001
14193511ns          234370 1c008964 00279793 slli             x15, x15, 0x2       x15=00000004 x15:00000001
14193531ns          234371 1c008966 00d7f7b3 and              x15, x15, x13       x15=00000000 x15:00000004 x13:00001f80
14193551ns          234372 1c008968 ee873733 p.bclr           x14, x14, 23, 8     x14=00000008 x14:00000008
14193571ns          234373 1c00896c 1a10f6b7 lui              x13, 0x1a10f000     x13=1a10f000
14193611ns          234375 1c008970 0ff57513 andi             x10, x10, 255       x10=0000006b x10:0000006b
14193650ns          234377 1c008974 00d70733 add              x14, x14, x13       x14=1a10f008 x14:00000008 x13:1a10f000
14193670ns          234378 1c008976 00a7e723 p.sw             x10, x0(x15)        x10:0000006b x15:00000000  PA:1a10f008
14193989ns          234394 1c00897a 00000513 addi             x10, x0, 0          x10=00000000
14194009ns          234395 1c00897c 00008067 jalr             x0, x1, 0            x1:1c008a4c
14194048ns          234397 1c008a4c 31f52563 p.beqimm         x10, 778            x10:00000000
14194068ns          234398 1c008a50 001d8d93 addi             x27, x27, 1         x27=00000001 x27:00000000
14194088ns          234399 1c008a52 00044503 lbu              x10, 0(x8)          x10=00000065  x8:1c0000b5  PA:1c0000b5
14194386ns          234414 1c008a56 00140413 addi             x8, x8, 1            x8=1c0000b6  x8:1c0000b5
14194406ns          234415 1c008a58 fe0514e3 bne              x10, x0, -24        x10:00000065
14194466ns          234418 1c008a40 02500793 addi             x15, x0, 37         x15=00000025
14194486ns          234419 1c008a44 04f50863 beq              x10, x15, 80        x10:00000065 x15:00000025
14194506ns          234420 1c008a48 01a005b3 add              x11, x0, x26        x11=00000002 x26:00000002
14194526ns          234421 1c008a4a 000b00e7 jalr             x1, x22, 0           x1=1c008a4c x22:1c008956
14194565ns          234423 1c008956 000026b7 lui              x13, 0x2000         x13=00002000
14194585ns          234424 1c008958 f14027f3 csrrs            x15, x0, 0xf14      x15=00000001
14194605ns          234425 1c00895c f8068693 addi             x13, x13, -128      x13=00001f80 x13:00002000
14194625ns          234426 1c008960 00379713 slli             x14, x15, 0x3       x14=00000008 x15:00000001
14194645ns          234427 1c008964 00279793 slli             x15, x15, 0x2       x15=00000004 x15:00000001
14194665ns          234428 1c008966 00d7f7b3 and              x15, x15, x13       x15=00000000 x15:00000004 x13:00001f80
14194685ns          234429 1c008968 ee873733 p.bclr           x14, x14, 23, 8     x14=00000008 x14:00000008
14194705ns          234430 1c00896c 1a10f6b7 lui              x13, 0x1a10f000     x13=1a10f000
14194725ns          234431 1c008970 0ff57513 andi             x10, x10, 255       x10=00000065 x10:00000065
14194744ns          234432 1c008974 00d70733 add              x14, x14, x13       x14=1a10f008 x14:00000008 x13:1a10f000
14194764ns          234433 1c008976 00a7e723 p.sw             x10, x0(x15)        x10:00000065 x15:00000000  PA:1a10f008
14195083ns          234449 1c00897a 00000513 addi             x10, x0, 0          x10=00000000
14195103ns          234450 1c00897c 00008067 jalr             x0, x1, 0            x1:1c008a4c
14195142ns          234452 1c008a4c 31f52563 p.beqimm         x10, 778            x10:00000000
14195162ns          234453 1c008a50 001d8d93 addi             x27, x27, 1         x27=00000002 x27:00000001
14195182ns          234454 1c008a52 00044503 lbu              x10, 0(x8)          x10=00000072  x8:1c0000b6  PA:1c0000b6
14195500ns          234470 1c008a56 00140413 addi             x8, x8, 1            x8=1c0000b7  x8:1c0000b6
14195520ns          234471 1c008a58 fe0514e3 bne              x10, x0, -24        x10:00000072
14195580ns          234474 1c008a40 02500793 addi             x15, x0, 37         x15=00000025
14195600ns          234475 1c008a44 04f50863 beq              x10, x15, 80        x10:00000072 x15:00000025
14195620ns          234476 1c008a48 01a005b3 add              x11, x0, x26        x11=00000002 x26:00000002
14195640ns          234477 1c008a4a 000b00e7 jalr             x1, x22, 0           x1=1c008a4c x22:1c008956
14195679ns          234479 1c008956 000026b7 lui              x13, 0x2000         x13=00002000
14195699ns          234480 1c008958 f14027f3 csrrs            x15, x0, 0xf14      x15=00000001
14195719ns          234481 1c00895c f8068693 addi             x13, x13, -128      x13=00001f80 x13:00002000
14195739ns          234482 1c008960 00379713 slli             x14, x15, 0x3       x14=00000008 x15:00000001
14195759ns          234483 1c008964 00279793 slli             x15, x15, 0x2       x15=00000004 x15:00000001
14195779ns          234484 1c008966 00d7f7b3 and              x15, x15, x13       x15=00000000 x15:00000004 x13:00001f80
14195799ns          234485 1c008968 ee873733 p.bclr           x14, x14, 23, 8     x14=00000008 x14:00000008
14195819ns          234486 1c00896c 1a10f6b7 lui              x13, 0x1a10f000     x13=1a10f000
14195838ns          234487 1c008970 0ff57513 andi             x10, x10, 255       x10=00000072 x10:00000072
14195858ns          234488 1c008974 00d70733 add              x14, x14, x13       x14=1a10f008 x14:00000008 x13:1a10f000
14195878ns          234489 1c008976 00a7e723 p.sw             x10, x0(x15)        x10:00000072 x15:00000000  PA:1a10f008
14196216ns          234506 1c00897a 00000513 addi             x10, x0, 0          x10=00000000
14196236ns          234507 1c00897c 00008067 jalr             x0, x1, 0            x1:1c008a4c
14196276ns          234509 1c008a4c 31f52563 p.beqimm         x10, 778            x10:00000000
14196296ns          234510 1c008a50 001d8d93 addi             x27, x27, 1         x27=00000003 x27:00000002
14196316ns          234511 1c008a52 00044503 lbu              x10, 0(x8)          x10=0000006e  x8:1c0000b7  PA:1c0000b7
14196614ns          234526 1c008a56 00140413 addi             x8, x8, 1            x8=1c0000b8  x8:1c0000b7
14196634ns          234527 1c008a58 fe0514e3 bne              x10, x0, -24        x10:0000006e
14196694ns          234530 1c008a40 02500793 addi             x15, x0, 37         x15=00000025
14196714ns          234531 1c008a44 04f50863 beq              x10, x15, 80        x10:0000006e x15:00000025
14196734ns          234532 1c008a48 01a005b3 add              x11, x0, x26        x11=00000002 x26:00000002
14196753ns          234533 1c008a4a 000b00e7 jalr             x1, x22, 0           x1=1c008a4c x22:1c008956
14196793ns          234535 1c008956 000026b7 lui              x13, 0x2000         x13=00002000
14196813ns          234536 1c008958 f14027f3 csrrs            x15, x0, 0xf14      x15=00000001
14196833ns          234537 1c00895c f8068693 addi             x13, x13, -128      x13=00001f80 x13:00002000
14196853ns          234538 1c008960 00379713 slli             x14, x15, 0x3       x14=00000008 x15:00000001
14196873ns          234539 1c008964 00279793 slli             x15, x15, 0x2       x15=00000004 x15:00000001
14196893ns          234540 1c008966 00d7f7b3 and              x15, x15, x13       x15=00000000 x15:00000004 x13:00001f80
14196913ns          234541 1c008968 ee873733 p.bclr           x14, x14, 23, 8     x14=00000008 x14:00000008
14196932ns          234542 1c00896c 1a10f6b7 lui              x13, 0x1a10f000     x13=1a10f000
14196952ns          234543 1c008970 0ff57513 andi             x10, x10, 255       x10=0000006e x10:0000006e
14196972ns          234544 1c008974 00d70733 add              x14, x14, x13       x14=1a10f008 x14:00000008 x13:1a10f000
14196992ns          234545 1c008976 00a7e723 p.sw             x10, x0(x15)        x10:0000006e x15:00000000  PA:1a10f008
14197310ns          234561 1c00897a 00000513 addi             x10, x0, 0          x10=00000000
14197330ns          234562 1c00897c 00008067 jalr             x0, x1, 0            x1:1c008a4c
14197370ns          234564 1c008a4c 31f52563 p.beqimm         x10, 778            x10:00000000
14197390ns          234565 1c008a50 001d8d93 addi             x27, x27, 1         x27=00000004 x27:00000003
14197410ns          234566 1c008a52 00044503 lbu              x10, 0(x8)          x10=00000065  x8:1c0000b8  PA:1c0000b8
14197708ns          234581 1c008a56 00140413 addi             x8, x8, 1            x8=1c0000b9  x8:1c0000b8
14197728ns          234582 1c008a58 fe0514e3 bne              x10, x0, -24        x10:00000065
14197788ns          234585 1c008a40 02500793 addi             x15, x0, 37         x15=00000025
14197808ns          234586 1c008a44 04f50863 beq              x10, x15, 80        x10:00000065 x15:00000025
14197828ns          234587 1c008a48 01a005b3 add              x11, x0, x26        x11=00000002 x26:00000002
14197847ns          234588 1c008a4a 000b00e7 jalr             x1, x22, 0           x1=1c008a4c x22:1c008956
14197887ns          234590 1c008956 000026b7 lui              x13, 0x2000         x13=00002000
14197907ns          234591 1c008958 f14027f3 csrrs            x15, x0, 0xf14      x15=00000001
14197927ns          234592 1c00895c f8068693 addi             x13, x13, -128      x13=00001f80 x13:00002000
14197947ns          234593 1c008960 00379713 slli             x14, x15, 0x3       x14=00000008 x15:00000001
14197967ns          234594 1c008964 00279793 slli             x15, x15, 0x2       x15=00000004 x15:00000001
14197987ns          234595 1c008966 00d7f7b3 and              x15, x15, x13       x15=00000000 x15:00000004 x13:00001f80
14198007ns          234596 1c008968 ee873733 p.bclr           x14, x14, 23, 8     x14=00000008 x14:00000008
14198026ns          234597 1c00896c 1a10f6b7 lui              x13, 0x1a10f000     x13=1a10f000
14198046ns          234598 1c008970 0ff57513 andi             x10, x10, 255       x10=00000065 x10:00000065
14198066ns          234599 1c008974 00d70733 add              x14, x14, x13       x14=1a10f008 x14:00000008 x13:1a10f000
14198086ns          234600 1c008976 00a7e723 p.sw             x10, x0(x15)        x10:00000065 x15:00000000  PA:1a10f008
14198404ns          234616 1c00897a 00000513 addi             x10, x0, 0          x10=00000000
14198424ns          234617 1c00897c 00008067 jalr             x0, x1, 0            x1:1c008a4c
14198464ns          234619 1c008a4c 31f52563 p.beqimm         x10, 778            x10:00000000
14198484ns          234620 1c008a50 001d8d93 addi             x27, x27, 1         x27=00000005 x27:00000004
14198504ns          234621 1c008a52 00044503 lbu              x10, 0(x8)          x10=0000006c  x8:1c0000b9  PA:1c0000b9
14198802ns          234636 1c008a56 00140413 addi             x8, x8, 1            x8=1c0000ba  x8:1c0000b9
14198822ns          234637 1c008a58 fe0514e3 bne              x10, x0, -24        x10:0000006c
14198882ns          234640 1c008a40 02500793 addi             x15, x0, 37         x15=00000025
14198902ns          234641 1c008a44 04f50863 beq              x10, x15, 80        x10:0000006c x15:00000025
14198922ns          234642 1c008a48 01a005b3 add              x11, x0, x26        x11=00000002 x26:00000002
14198941ns          234643 1c008a4a 000b00e7 jalr             x1, x22, 0           x1=1c008a4c x22:1c008956
14198981ns          234645 1c008956 000026b7 lui              x13, 0x2000         x13=00002000
14199001ns          234646 1c008958 f14027f3 csrrs            x15, x0, 0xf14      x15=00000001
14199021ns          234647 1c00895c f8068693 addi             x13, x13, -128      x13=00001f80 x13:00002000
14199041ns          234648 1c008960 00379713 slli             x14, x15, 0x3       x14=00000008 x15:00000001
14199061ns          234649 1c008964 00279793 slli             x15, x15, 0x2       x15=00000004 x15:00000001
14199081ns          234650 1c008966 00d7f7b3 and              x15, x15, x13       x15=00000000 x15:00000004 x13:00001f80
14199101ns          234651 1c008968 ee873733 p.bclr           x14, x14, 23, 8     x14=00000008 x14:00000008
14199120ns          234652 1c00896c 1a10f6b7 lui              x13, 0x1a10f000     x13=1a10f000
14199140ns          234653 1c008970 0ff57513 andi             x10, x10, 255       x10=0000006c x10:0000006c
14199160ns          234654 1c008974 00d70733 add              x14, x14, x13       x14=1a10f008 x14:00000008 x13:1a10f000
14199180ns          234655 1c008976 00a7e723 p.sw             x10, x0(x15)        x10:0000006c x15:00000000  PA:1a10f008
14199518ns          234672 1c00897a 00000513 addi             x10, x0, 0          x10=00000000
14199538ns          234673 1c00897c 00008067 jalr             x0, x1, 0            x1:1c008a4c
14199578ns          234675 1c008a4c 31f52563 p.beqimm         x10, 778            x10:00000000
14199598ns          234676 1c008a50 001d8d93 addi             x27, x27, 1         x27=00000006 x27:00000005
14199618ns          234677 1c008a52 00044503 lbu              x10, 0(x8)          x10=00000020  x8:1c0000ba  PA:1c0000ba
14199916ns          234692 1c008a56 00140413 addi             x8, x8, 1            x8=1c0000bb  x8:1c0000ba
14199936ns          234693 1c008a58 fe0514e3 bne              x10, x0, -24        x10:00000020
14199996ns          234696 1c008a40 02500793 addi             x15, x0, 37         x15=00000025
14200016ns          234697 1c008a44 04f50863 beq              x10, x15, 80        x10:00000020 x15:00000025
14200035ns          234698 1c008a48 01a005b3 add              x11, x0, x26        x11=00000002 x26:00000002
14200055ns          234699 1c008a4a 000b00e7 jalr             x1, x22, 0           x1=1c008a4c x22:1c008956
14200095ns          234701 1c008956 000026b7 lui              x13, 0x2000         x13=00002000
14200115ns          234702 1c008958 f14027f3 csrrs            x15, x0, 0xf14      x15=00000001
14200135ns          234703 1c00895c f8068693 addi             x13, x13, -128      x13=00001f80 x13:00002000
14200155ns          234704 1c008960 00379713 slli             x14, x15, 0x3       x14=00000008 x15:00000001
14200175ns          234705 1c008964 00279793 slli             x15, x15, 0x2       x15=00000004 x15:00000001
14200195ns          234706 1c008966 00d7f7b3 and              x15, x15, x13       x15=00000000 x15:00000004 x13:00001f80
14200214ns          234707 1c008968 ee873733 p.bclr           x14, x14, 23, 8     x14=00000008 x14:00000008
14200234ns          234708 1c00896c 1a10f6b7 lui              x13, 0x1a10f000     x13=1a10f000
14200254ns          234709 1c008970 0ff57513 andi             x10, x10, 255       x10=00000020 x10:00000020
14200274ns          234710 1c008974 00d70733 add              x14, x14, x13       x14=1a10f008 x14:00000008 x13:1a10f000
14200294ns          234711 1c008976 00a7e723 p.sw             x10, x0(x15)        x10:00000020 x15:00000000  PA:1a10f008
14200612ns          234727 1c00897a 00000513 addi             x10, x0, 0          x10=00000000
14200632ns          234728 1c00897c 00008067 jalr             x0, x1, 0            x1:1c008a4c
14200672ns          234730 1c008a4c 31f52563 p.beqimm         x10, 778            x10:00000000
14200692ns          234731 1c008a50 001d8d93 addi             x27, x27, 1         x27=00000007 x27:00000006
14200712ns          234732 1c008a52 00044503 lbu              x10, 0(x8)          x10=00000070  x8:1c0000bb  PA:1c0000bb
14201010ns          234747 1c008a56 00140413 addi             x8, x8, 1            x8=1c0000bc  x8:1c0000bb
14201030ns          234748 1c008a58 fe0514e3 bne              x10, x0, -24        x10:00000070
14201090ns          234751 1c008a40 02500793 addi             x15, x0, 37         x15=00000025
14201110ns          234752 1c008a44 04f50863 beq              x10, x15, 80        x10:00000070 x15:00000025
14201129ns          234753 1c008a48 01a005b3 add              x11, x0, x26        x11=00000002 x26:00000002
14201149ns          234754 1c008a4a 000b00e7 jalr             x1, x22, 0           x1=1c008a4c x22:1c008956
14201189ns          234756 1c008956 000026b7 lui              x13, 0x2000         x13=00002000
14201209ns          234757 1c008958 f14027f3 csrrs            x15, x0, 0xf14      x15=00000001
14201229ns          234758 1c00895c f8068693 addi             x13, x13, -128      x13=00001f80 x13:00002000
14201249ns          234759 1c008960 00379713 slli             x14, x15, 0x3       x14=00000008 x15:00000001
14201269ns          234760 1c008964 00279793 slli             x15, x15, 0x2       x15=00000004 x15:00000001
14201289ns          234761 1c008966 00d7f7b3 and              x15, x15, x13       x15=00000000 x15:00000004 x13:00001f80
14201308ns          234762 1c008968 ee873733 p.bclr           x14, x14, 23, 8     x14=00000008 x14:00000008
14201328ns          234763 1c00896c 1a10f6b7 lui              x13, 0x1a10f000     x13=1a10f000
14201348ns          234764 1c008970 0ff57513 andi             x10, x10, 255       x10=00000070 x10:00000070
14201368ns          234765 1c008974 00d70733 add              x14, x14, x13       x14=1a10f008 x14:00000008 x13:1a10f000
14201388ns          234766 1c008976 00a7e723 p.sw             x10, x0(x15)        x10:00000070 x15:00000000  PA:1a10f008
14201706ns          234782 1c00897a 00000513 addi             x10, x0, 0          x10=00000000
14201726ns          234783 1c00897c 00008067 jalr             x0, x1, 0            x1:1c008a4c
14201766ns          234785 1c008a4c 31f52563 p.beqimm         x10, 778            x10:00000000
14201786ns          234786 1c008a50 001d8d93 addi             x27, x27, 1         x27=00000008 x27:00000007
14201806ns          234787 1c008a52 00044503 lbu              x10, 0(x8)          x10=00000061  x8:1c0000bc  PA:1c0000bc
14202124ns          234803 1c008a56 00140413 addi             x8, x8, 1            x8=1c0000bd  x8:1c0000bc
14202144ns          234804 1c008a58 fe0514e3 bne              x10, x0, -24        x10:00000061
14202204ns          234807 1c008a40 02500793 addi             x15, x0, 37         x15=00000025
14202223ns          234808 1c008a44 04f50863 beq              x10, x15, 80        x10:00000061 x15:00000025
14202243ns          234809 1c008a48 01a005b3 add              x11, x0, x26        x11=00000002 x26:00000002
14202263ns          234810 1c008a4a 000b00e7 jalr             x1, x22, 0           x1=1c008a4c x22:1c008956
14202303ns          234812 1c008956 000026b7 lui              x13, 0x2000         x13=00002000
14202323ns          234813 1c008958 f14027f3 csrrs            x15, x0, 0xf14      x15=00000001
14202343ns          234814 1c00895c f8068693 addi             x13, x13, -128      x13=00001f80 x13:00002000
14202363ns          234815 1c008960 00379713 slli             x14, x15, 0x3       x14=00000008 x15:00000001
14202383ns          234816 1c008964 00279793 slli             x15, x15, 0x2       x15=00000004 x15:00000001
14202402ns          234817 1c008966 00d7f7b3 and              x15, x15, x13       x15=00000000 x15:00000004 x13:00001f80
14202422ns          234818 1c008968 ee873733 p.bclr           x14, x14, 23, 8     x14=00000008 x14:00000008
14202442ns          234819 1c00896c 1a10f6b7 lui              x13, 0x1a10f000     x13=1a10f000
14202462ns          234820 1c008970 0ff57513 andi             x10, x10, 255       x10=00000061 x10:00000061
14202482ns          234821 1c008974 00d70733 add              x14, x14, x13       x14=1a10f008 x14:00000008 x13:1a10f000
14202502ns          234822 1c008976 00a7e723 p.sw             x10, x0(x15)        x10:00000061 x15:00000000  PA:1a10f008
14202840ns          234839 1c00897a 00000513 addi             x10, x0, 0          x10=00000000
14202860ns          234840 1c00897c 00008067 jalr             x0, x1, 0            x1:1c008a4c
14202900ns          234842 1c008a4c 31f52563 p.beqimm         x10, 778            x10:00000000
14202920ns          234843 1c008a50 001d8d93 addi             x27, x27, 1         x27=00000009 x27:00000008
14202939ns          234844 1c008a52 00044503 lbu              x10, 0(x8)          x10=00000073  x8:1c0000bd  PA:1c0000bd
14203238ns          234859 1c008a56 00140413 addi             x8, x8, 1            x8=1c0000be  x8:1c0000bd
14203258ns          234860 1c008a58 fe0514e3 bne              x10, x0, -24        x10:00000073
14203317ns          234863 1c008a40 02500793 addi             x15, x0, 37         x15=00000025
14203337ns          234864 1c008a44 04f50863 beq              x10, x15, 80        x10:00000073 x15:00000025
14203357ns          234865 1c008a48 01a005b3 add              x11, x0, x26        x11=00000002 x26:00000002
14203377ns          234866 1c008a4a 000b00e7 jalr             x1, x22, 0           x1=1c008a4c x22:1c008956
14203417ns          234868 1c008956 000026b7 lui              x13, 0x2000         x13=00002000
14203437ns          234869 1c008958 f14027f3 csrrs            x15, x0, 0xf14      x15=00000001
14203457ns          234870 1c00895c f8068693 addi             x13, x13, -128      x13=00001f80 x13:00002000
14203477ns          234871 1c008960 00379713 slli             x14, x15, 0x3       x14=00000008 x15:00000001
14203496ns          234872 1c008964 00279793 slli             x15, x15, 0x2       x15=00000004 x15:00000001
14203516ns          234873 1c008966 00d7f7b3 and              x15, x15, x13       x15=00000000 x15:00000004 x13:00001f80
14203536ns          234874 1c008968 ee873733 p.bclr           x14, x14, 23, 8     x14=00000008 x14:00000008
14203556ns          234875 1c00896c 1a10f6b7 lui              x13, 0x1a10f000     x13=1a10f000
14203576ns          234876 1c008970 0ff57513 andi             x10, x10, 255       x10=00000073 x10:00000073
14203596ns          234877 1c008974 00d70733 add              x14, x14, x13       x14=1a10f008 x14:00000008 x13:1a10f000
14203616ns          234878 1c008976 00a7e723 p.sw             x10, x0(x15)        x10:00000073 x15:00000000  PA:1a10f008
14203934ns          234894 1c00897a 00000513 addi             x10, x0, 0          x10=00000000
14203954ns          234895 1c00897c 00008067 jalr             x0, x1, 0            x1:1c008a4c
14203994ns          234897 1c008a4c 31f52563 p.beqimm         x10, 778            x10:00000000
14204014ns          234898 1c008a50 001d8d93 addi             x27, x27, 1         x27=0000000a x27:00000009
14204033ns          234899 1c008a52 00044503 lbu              x10, 0(x8)          x10=00000073  x8:1c0000be  PA:1c0000be
14204332ns          234914 1c008a56 00140413 addi             x8, x8, 1            x8=1c0000bf  x8:1c0000be
14204352ns          234915 1c008a58 fe0514e3 bne              x10, x0, -24        x10:00000073
14204411ns          234918 1c008a40 02500793 addi             x15, x0, 37         x15=00000025
14204431ns          234919 1c008a44 04f50863 beq              x10, x15, 80        x10:00000073 x15:00000025
14204451ns          234920 1c008a48 01a005b3 add              x11, x0, x26        x11=00000002 x26:00000002
14204471ns          234921 1c008a4a 000b00e7 jalr             x1, x22, 0           x1=1c008a4c x22:1c008956
14204511ns          234923 1c008956 000026b7 lui              x13, 0x2000         x13=00002000
14204531ns          234924 1c008958 f14027f3 csrrs            x15, x0, 0xf14      x15=00000001
14204551ns          234925 1c00895c f8068693 addi             x13, x13, -128      x13=00001f80 x13:00002000
14204571ns          234926 1c008960 00379713 slli             x14, x15, 0x3       x14=00000008 x15:00000001
14204590ns          234927 1c008964 00279793 slli             x15, x15, 0x2       x15=00000004 x15:00000001
14204610ns          234928 1c008966 00d7f7b3 and              x15, x15, x13       x15=00000000 x15:00000004 x13:00001f80
14204630ns          234929 1c008968 ee873733 p.bclr           x14, x14, 23, 8     x14=00000008 x14:00000008
14204650ns          234930 1c00896c 1a10f6b7 lui              x13, 0x1a10f000     x13=1a10f000
14204670ns          234931 1c008970 0ff57513 andi             x10, x10, 255       x10=00000073 x10:00000073
14204690ns          234932 1c008974 00d70733 add              x14, x14, x13       x14=1a10f008 x14:00000008 x13:1a10f000
14204710ns          234933 1c008976 00a7e723 p.sw             x10, x0(x15)        x10:00000073 x15:00000000  PA:1a10f008
14205028ns          234949 1c00897a 00000513 addi             x10, x0, 0          x10=00000000
14205048ns          234950 1c00897c 00008067 jalr             x0, x1, 0            x1:1c008a4c
14205088ns          234952 1c008a4c 31f52563 p.beqimm         x10, 778            x10:00000000
14205108ns          234953 1c008a50 001d8d93 addi             x27, x27, 1         x27=0000000b x27:0000000a
14205127ns          234954 1c008a52 00044503 lbu              x10, 0(x8)          x10=00000065  x8:1c0000bf  PA:1c0000bf
14205426ns          234969 1c008a56 00140413 addi             x8, x8, 1            x8=1c0000c0  x8:1c0000bf
14205446ns          234970 1c008a58 fe0514e3 bne              x10, x0, -24        x10:00000065
14205505ns          234973 1c008a40 02500793 addi             x15, x0, 37         x15=00000025
14205525ns          234974 1c008a44 04f50863 beq              x10, x15, 80        x10:00000065 x15:00000025
14205545ns          234975 1c008a48 01a005b3 add              x11, x0, x26        x11=00000002 x26:00000002
14205565ns          234976 1c008a4a 000b00e7 jalr             x1, x22, 0           x1=1c008a4c x22:1c008956
14205605ns          234978 1c008956 000026b7 lui              x13, 0x2000         x13=00002000
14205625ns          234979 1c008958 f14027f3 csrrs            x15, x0, 0xf14      x15=00000001
14205645ns          234980 1c00895c f8068693 addi             x13, x13, -128      x13=00001f80 x13:00002000
14205665ns          234981 1c008960 00379713 slli             x14, x15, 0x3       x14=00000008 x15:00000001
14205684ns          234982 1c008964 00279793 slli             x15, x15, 0x2       x15=00000004 x15:00000001
14205704ns          234983 1c008966 00d7f7b3 and              x15, x15, x13       x15=00000000 x15:00000004 x13:00001f80
14205724ns          234984 1c008968 ee873733 p.bclr           x14, x14, 23, 8     x14=00000008 x14:00000008
14205744ns          234985 1c00896c 1a10f6b7 lui              x13, 0x1a10f000     x13=1a10f000
14205764ns          234986 1c008970 0ff57513 andi             x10, x10, 255       x10=00000065 x10:00000065
14205784ns          234987 1c008974 00d70733 add              x14, x14, x13       x14=1a10f008 x14:00000008 x13:1a10f000
14205804ns          234988 1c008976 00a7e723 p.sw             x10, x0(x15)        x10:00000065 x15:00000000  PA:1a10f008
14206142ns          235005 1c00897a 00000513 addi             x10, x0, 0          x10=00000000
14206162ns          235006 1c00897c 00008067 jalr             x0, x1, 0            x1:1c008a4c
14206202ns          235008 1c008a4c 31f52563 p.beqimm         x10, 778            x10:00000000
14206221ns          235009 1c008a50 001d8d93 addi             x27, x27, 1         x27=0000000c x27:0000000b
14206241ns          235010 1c008a52 00044503 lbu              x10, 0(x8)          x10=00000064  x8:1c0000c0  PA:1c0000c0
14206540ns          235025 1c008a56 00140413 addi             x8, x8, 1            x8=1c0000c1  x8:1c0000c0
14206560ns          235026 1c008a58 fe0514e3 bne              x10, x0, -24        x10:00000064
14206619ns          235029 1c008a40 02500793 addi             x15, x0, 37         x15=00000025
14206639ns          235030 1c008a44 04f50863 beq              x10, x15, 80        x10:00000064 x15:00000025
14206659ns          235031 1c008a48 01a005b3 add              x11, x0, x26        x11=00000002 x26:00000002
14206679ns          235032 1c008a4a 000b00e7 jalr             x1, x22, 0           x1=1c008a4c x22:1c008956
14206719ns          235034 1c008956 000026b7 lui              x13, 0x2000         x13=00002000
14206739ns          235035 1c008958 f14027f3 csrrs            x15, x0, 0xf14      x15=00000001
14206759ns          235036 1c00895c f8068693 addi             x13, x13, -128      x13=00001f80 x13:00002000
14206778ns          235037 1c008960 00379713 slli             x14, x15, 0x3       x14=00000008 x15:00000001
14206798ns          235038 1c008964 00279793 slli             x15, x15, 0x2       x15=00000004 x15:00000001
14206818ns          235039 1c008966 00d7f7b3 and              x15, x15, x13       x15=00000000 x15:00000004 x13:00001f80
14206838ns          235040 1c008968 ee873733 p.bclr           x14, x14, 23, 8     x14=00000008 x14:00000008
14206858ns          235041 1c00896c 1a10f6b7 lui              x13, 0x1a10f000     x13=1a10f000
14206878ns          235042 1c008970 0ff57513 andi             x10, x10, 255       x10=00000064 x10:00000064
14206898ns          235043 1c008974 00d70733 add              x14, x14, x13       x14=1a10f008 x14:00000008 x13:1a10f000
14206918ns          235044 1c008976 00a7e723 p.sw             x10, x0(x15)        x10:00000064 x15:00000000  PA:1a10f008
14207236ns          235060 1c00897a 00000513 addi             x10, x0, 0          x10=00000000
14207256ns          235061 1c00897c 00008067 jalr             x0, x1, 0            x1:1c008a4c
14207296ns          235063 1c008a4c 31f52563 p.beqimm         x10, 778            x10:00000000
14207315ns          235064 1c008a50 001d8d93 addi             x27, x27, 1         x27=0000000d x27:0000000c
14207335ns          235065 1c008a52 00044503 lbu              x10, 0(x8)          x10=00000020  x8:1c0000c1  PA:1c0000c1
14207634ns          235080 1c008a56 00140413 addi             x8, x8, 1            x8=1c0000c2  x8:1c0000c1
14207654ns          235081 1c008a58 fe0514e3 bne              x10, x0, -24        x10:00000020
14207713ns          235084 1c008a40 02500793 addi             x15, x0, 37         x15=00000025
14207733ns          235085 1c008a44 04f50863 beq              x10, x15, 80        x10:00000020 x15:00000025
14207753ns          235086 1c008a48 01a005b3 add              x11, x0, x26        x11=00000002 x26:00000002
14207773ns          235087 1c008a4a 000b00e7 jalr             x1, x22, 0           x1=1c008a4c x22:1c008956
14207813ns          235089 1c008956 000026b7 lui              x13, 0x2000         x13=00002000
14207833ns          235090 1c008958 f14027f3 csrrs            x15, x0, 0xf14      x15=00000001
14207852ns          235091 1c00895c f8068693 addi             x13, x13, -128      x13=00001f80 x13:00002000
14207872ns          235092 1c008960 00379713 slli             x14, x15, 0x3       x14=00000008 x15:00000001
14207892ns          235093 1c008964 00279793 slli             x15, x15, 0x2       x15=00000004 x15:00000001
14207912ns          235094 1c008966 00d7f7b3 and              x15, x15, x13       x15=00000000 x15:00000004 x13:00001f80
14207932ns          235095 1c008968 ee873733 p.bclr           x14, x14, 23, 8     x14=00000008 x14:00000008
14207952ns          235096 1c00896c 1a10f6b7 lui              x13, 0x1a10f000     x13=1a10f000
14207972ns          235097 1c008970 0ff57513 andi             x10, x10, 255       x10=00000020 x10:00000020
14207992ns          235098 1c008974 00d70733 add              x14, x14, x13       x14=1a10f008 x14:00000008 x13:1a10f000
14208012ns          235099 1c008976 00a7e723 p.sw             x10, x0(x15)        x10:00000020 x15:00000000  PA:1a10f008
14208330ns          235115 1c00897a 00000513 addi             x10, x0, 0          x10=00000000
14208350ns          235116 1c00897c 00008067 jalr             x0, x1, 0            x1:1c008a4c
14208390ns          235118 1c008a4c 31f52563 p.beqimm         x10, 778            x10:00000000
14208409ns          235119 1c008a50 001d8d93 addi             x27, x27, 1         x27=0000000e x27:0000000d
14208429ns          235120 1c008a52 00044503 lbu              x10, 0(x8)          x10=0000006f  x8:1c0000c2  PA:1c0000c2
14208748ns          235136 1c008a56 00140413 addi             x8, x8, 1            x8=1c0000c3  x8:1c0000c2
14208767ns          235137 1c008a58 fe0514e3 bne              x10, x0, -24        x10:0000006f
14208827ns          235140 1c008a40 02500793 addi             x15, x0, 37         x15=00000025
14208847ns          235141 1c008a44 04f50863 beq              x10, x15, 80        x10:0000006f x15:00000025
14208867ns          235142 1c008a48 01a005b3 add              x11, x0, x26        x11=00000002 x26:00000002
14208887ns          235143 1c008a4a 000b00e7 jalr             x1, x22, 0           x1=1c008a4c x22:1c008956
14208927ns          235145 1c008956 000026b7 lui              x13, 0x2000         x13=00002000
14208946ns          235146 1c008958 f14027f3 csrrs            x15, x0, 0xf14      x15=00000001
14208966ns          235147 1c00895c f8068693 addi             x13, x13, -128      x13=00001f80 x13:00002000
14208986ns          235148 1c008960 00379713 slli             x14, x15, 0x3       x14=00000008 x15:00000001
14209006ns          235149 1c008964 00279793 slli             x15, x15, 0x2       x15=00000004 x15:00000001
14209026ns          235150 1c008966 00d7f7b3 and              x15, x15, x13       x15=00000000 x15:00000004 x13:00001f80
14209046ns          235151 1c008968 ee873733 p.bclr           x14, x14, 23, 8     x14=00000008 x14:00000008
14209066ns          235152 1c00896c 1a10f6b7 lui              x13, 0x1a10f000     x13=1a10f000
14209086ns          235153 1c008970 0ff57513 andi             x10, x10, 255       x10=0000006f x10:0000006f
14209106ns          235154 1c008974 00d70733 add              x14, x14, x13       x14=1a10f008 x14:00000008 x13:1a10f000
14209126ns          235155 1c008976 00a7e723 p.sw             x10, x0(x15)        x10:0000006f x15:00000000  PA:1a10f008
14209444ns          235171 1c00897a 00000513 addi             x10, x0, 0          x10=00000000
14209464ns          235172 1c00897c 00008067 jalr             x0, x1, 0            x1:1c008a4c
14209503ns          235174 1c008a4c 31f52563 p.beqimm         x10, 778            x10:00000000
14209523ns          235175 1c008a50 001d8d93 addi             x27, x27, 1         x27=0000000f x27:0000000e
14209543ns          235176 1c008a52 00044503 lbu              x10, 0(x8)          x10=0000006e  x8:1c0000c3  PA:1c0000c3
14209842ns          235191 1c008a56 00140413 addi             x8, x8, 1            x8=1c0000c4  x8:1c0000c3
14209861ns          235192 1c008a58 fe0514e3 bne              x10, x0, -24        x10:0000006e
14209921ns          235195 1c008a40 02500793 addi             x15, x0, 37         x15=00000025
14209941ns          235196 1c008a44 04f50863 beq              x10, x15, 80        x10:0000006e x15:00000025
14209961ns          235197 1c008a48 01a005b3 add              x11, x0, x26        x11=00000002 x26:00000002
14209981ns          235198 1c008a4a 000b00e7 jalr             x1, x22, 0           x1=1c008a4c x22:1c008956
14210021ns          235200 1c008956 000026b7 lui              x13, 0x2000         x13=00002000
14210040ns          235201 1c008958 f14027f3 csrrs            x15, x0, 0xf14      x15=00000001
14210060ns          235202 1c00895c f8068693 addi             x13, x13, -128      x13=00001f80 x13:00002000
14210080ns          235203 1c008960 00379713 slli             x14, x15, 0x3       x14=00000008 x15:00000001
14210100ns          235204 1c008964 00279793 slli             x15, x15, 0x2       x15=00000004 x15:00000001
14210120ns          235205 1c008966 00d7f7b3 and              x15, x15, x13       x15=00000000 x15:00000004 x13:00001f80
14210140ns          235206 1c008968 ee873733 p.bclr           x14, x14, 23, 8     x14=00000008 x14:00000008
14210160ns          235207 1c00896c 1a10f6b7 lui              x13, 0x1a10f000     x13=1a10f000
14210180ns          235208 1c008970 0ff57513 andi             x10, x10, 255       x10=0000006e x10:0000006e
14210200ns          235209 1c008974 00d70733 add              x14, x14, x13       x14=1a10f008 x14:00000008 x13:1a10f000
14210219ns          235210 1c008976 00a7e723 p.sw             x10, x0(x15)        x10:0000006e x15:00000000  PA:1a10f008
14210558ns          235227 1c00897a 00000513 addi             x10, x0, 0          x10=00000000
14210578ns          235228 1c00897c 00008067 jalr             x0, x1, 0            x1:1c008a4c
14210617ns          235230 1c008a4c 31f52563 p.beqimm         x10, 778            x10:00000000
14210637ns          235231 1c008a50 001d8d93 addi             x27, x27, 1         x27=00000010 x27:0000000f
14210657ns          235232 1c008a52 00044503 lbu              x10, 0(x8)          x10=00000020  x8:1c0000c4  PA:1c0000c4
14210955ns          235247 1c008a56 00140413 addi             x8, x8, 1            x8=1c0000c5  x8:1c0000c4
14210975ns          235248 1c008a58 fe0514e3 bne              x10, x0, -24        x10:00000020
14211035ns          235251 1c008a40 02500793 addi             x15, x0, 37         x15=00000025
14211055ns          235252 1c008a44 04f50863 beq              x10, x15, 80        x10:00000020 x15:00000025
14211075ns          235253 1c008a48 01a005b3 add              x11, x0, x26        x11=00000002 x26:00000002
14211095ns          235254 1c008a4a 000b00e7 jalr             x1, x22, 0           x1=1c008a4c x22:1c008956
14211134ns          235256 1c008956 000026b7 lui              x13, 0x2000         x13=00002000
14211154ns          235257 1c008958 f14027f3 csrrs            x15, x0, 0xf14      x15=00000001
14211174ns          235258 1c00895c f8068693 addi             x13, x13, -128      x13=00001f80 x13:00002000
14211194ns          235259 1c008960 00379713 slli             x14, x15, 0x3       x14=00000008 x15:00000001
14211214ns          235260 1c008964 00279793 slli             x15, x15, 0x2       x15=00000004 x15:00000001
14211234ns          235261 1c008966 00d7f7b3 and              x15, x15, x13       x15=00000000 x15:00000004 x13:00001f80
14211254ns          235262 1c008968 ee873733 p.bclr           x14, x14, 23, 8     x14=00000008 x14:00000008
14211274ns          235263 1c00896c 1a10f6b7 lui              x13, 0x1a10f000     x13=1a10f000
14211294ns          235264 1c008970 0ff57513 andi             x10, x10, 255       x10=00000020 x10:00000020
14211313ns          235265 1c008974 00d70733 add              x14, x14, x13       x14=1a10f008 x14:00000008 x13:1a10f000
14211333ns          235266 1c008976 00a7e723 p.sw             x10, x0(x15)        x10:00000020 x15:00000000  PA:1a10f008
14211672ns          235283 1c00897a 00000513 addi             x10, x0, 0          x10=00000000
14211691ns          235284 1c00897c 00008067 jalr             x0, x1, 0            x1:1c008a4c
14211731ns          235286 1c008a4c 31f52563 p.beqimm         x10, 778            x10:00000000
14211751ns          235287 1c008a50 001d8d93 addi             x27, x27, 1         x27=00000011 x27:00000010
14211771ns          235288 1c008a52 00044503 lbu              x10, 0(x8)          x10=00000063  x8:1c0000c5  PA:1c0000c5
14212069ns          235303 1c008a56 00140413 addi             x8, x8, 1            x8=1c0000c6  x8:1c0000c5
14212089ns          235304 1c008a58 fe0514e3 bne              x10, x0, -24        x10:00000063
14212149ns          235307 1c008a40 02500793 addi             x15, x0, 37         x15=00000025
14212169ns          235308 1c008a44 04f50863 beq              x10, x15, 80        x10:00000063 x15:00000025
14212189ns          235309 1c008a48 01a005b3 add              x11, x0, x26        x11=00000002 x26:00000002
14212209ns          235310 1c008a4a 000b00e7 jalr             x1, x22, 0           x1=1c008a4c x22:1c008956
14212248ns          235312 1c008956 000026b7 lui              x13, 0x2000         x13=00002000
14212268ns          235313 1c008958 f14027f3 csrrs            x15, x0, 0xf14      x15=00000001
14212288ns          235314 1c00895c f8068693 addi             x13, x13, -128      x13=00001f80 x13:00002000
14212308ns          235315 1c008960 00379713 slli             x14, x15, 0x3       x14=00000008 x15:00000001
14212328ns          235316 1c008964 00279793 slli             x15, x15, 0x2       x15=00000004 x15:00000001
14212348ns          235317 1c008966 00d7f7b3 and              x15, x15, x13       x15=00000000 x15:00000004 x13:00001f80
14212368ns          235318 1c008968 ee873733 p.bclr           x14, x14, 23, 8     x14=00000008 x14:00000008
14212388ns          235319 1c00896c 1a10f6b7 lui              x13, 0x1a10f000     x13=1a10f000
14212407ns          235320 1c008970 0ff57513 andi             x10, x10, 255       x10=00000063 x10:00000063
14212427ns          235321 1c008974 00d70733 add              x14, x14, x13       x14=1a10f008 x14:00000008 x13:1a10f000
14212447ns          235322 1c008976 00a7e723 p.sw             x10, x0(x15)        x10:00000063 x15:00000000  PA:1a10f008
14212805ns          235340 1c00897a 00000513 addi             x10, x0, 0          x10=00000000
14212825ns          235341 1c00897c 00008067 jalr             x0, x1, 0            x1:1c008a4c
14212865ns          235343 1c008a4c 31f52563 p.beqimm         x10, 778            x10:00000000
14212885ns          235344 1c008a50 001d8d93 addi             x27, x27, 1         x27=00000012 x27:00000011
14212905ns          235345 1c008a52 00044503 lbu              x10, 0(x8)          x10=0000006f  x8:1c0000c6  PA:1c0000c6
14213203ns          235360 1c008a56 00140413 addi             x8, x8, 1            x8=1c0000c7  x8:1c0000c6
14213223ns          235361 1c008a58 fe0514e3 bne              x10, x0, -24        x10:0000006f
14213283ns          235364 1c008a40 02500793 addi             x15, x0, 37         x15=00000025
14213303ns          235365 1c008a44 04f50863 beq              x10, x15, 80        x10:0000006f x15:00000025
14213322ns          235366 1c008a48 01a005b3 add              x11, x0, x26        x11=00000002 x26:00000002
14213342ns          235367 1c008a4a 000b00e7 jalr             x1, x22, 0           x1=1c008a4c x22:1c008956
14213382ns          235369 1c008956 000026b7 lui              x13, 0x2000         x13=00002000
14213402ns          235370 1c008958 f14027f3 csrrs            x15, x0, 0xf14      x15=00000001
14213422ns          235371 1c00895c f8068693 addi             x13, x13, -128      x13=00001f80 x13:00002000
14213442ns          235372 1c008960 00379713 slli             x14, x15, 0x3       x14=00000008 x15:00000001
14213462ns          235373 1c008964 00279793 slli             x15, x15, 0x2       x15=00000004 x15:00000001
14213482ns          235374 1c008966 00d7f7b3 and              x15, x15, x13       x15=00000000 x15:00000004 x13:00001f80
14213501ns          235375 1c008968 ee873733 p.bclr           x14, x14, 23, 8     x14=00000008 x14:00000008
14213521ns          235376 1c00896c 1a10f6b7 lui              x13, 0x1a10f000     x13=1a10f000
14213541ns          235377 1c008970 0ff57513 andi             x10, x10, 255       x10=0000006f x10:0000006f
14213561ns          235378 1c008974 00d70733 add              x14, x14, x13       x14=1a10f008 x14:00000008 x13:1a10f000
14213581ns          235379 1c008976 00a7e723 p.sw             x10, x0(x15)        x10:0000006f x15:00000000  PA:1a10f008
14213899ns          235395 1c00897a 00000513 addi             x10, x0, 0          x10=00000000
14213919ns          235396 1c00897c 00008067 jalr             x0, x1, 0            x1:1c008a4c
14213959ns          235398 1c008a4c 31f52563 p.beqimm         x10, 778            x10:00000000
14213979ns          235399 1c008a50 001d8d93 addi             x27, x27, 1         x27=00000013 x27:00000012
14213999ns          235400 1c008a52 00044503 lbu              x10, 0(x8)          x10=00000072  x8:1c0000c7  PA:1c0000c7
14214297ns          235415 1c008a56 00140413 addi             x8, x8, 1            x8=1c0000c8  x8:1c0000c7
14214317ns          235416 1c008a58 fe0514e3 bne              x10, x0, -24        x10:00000072
14214377ns          235419 1c008a40 02500793 addi             x15, x0, 37         x15=00000025
14214397ns          235420 1c008a44 04f50863 beq              x10, x15, 80        x10:00000072 x15:00000025
14214416ns          235421 1c008a48 01a005b3 add              x11, x0, x26        x11=00000002 x26:00000002
14214436ns          235422 1c008a4a 000b00e7 jalr             x1, x22, 0           x1=1c008a4c x22:1c008956
14214476ns          235424 1c008956 000026b7 lui              x13, 0x2000         x13=00002000
14214496ns          235425 1c008958 f14027f3 csrrs            x15, x0, 0xf14      x15=00000001
14214516ns          235426 1c00895c f8068693 addi             x13, x13, -128      x13=00001f80 x13:00002000
14214536ns          235427 1c008960 00379713 slli             x14, x15, 0x3       x14=00000008 x15:00000001
14214556ns          235428 1c008964 00279793 slli             x15, x15, 0x2       x15=00000004 x15:00000001
14214576ns          235429 1c008966 00d7f7b3 and              x15, x15, x13       x15=00000000 x15:00000004 x13:00001f80
14214595ns          235430 1c008968 ee873733 p.bclr           x14, x14, 23, 8     x14=00000008 x14:00000008
14214615ns          235431 1c00896c 1a10f6b7 lui              x13, 0x1a10f000     x13=1a10f000
14214635ns          235432 1c008970 0ff57513 andi             x10, x10, 255       x10=00000072 x10:00000072
14214655ns          235433 1c008974 00d70733 add              x14, x14, x13       x14=1a10f008 x14:00000008 x13:1a10f000
14214675ns          235434 1c008976 00a7e723 p.sw             x10, x0(x15)        x10:00000072 x15:00000000  PA:1a10f008
14214993ns          235450 1c00897a 00000513 addi             x10, x0, 0          x10=00000000
14215013ns          235451 1c00897c 00008067 jalr             x0, x1, 0            x1:1c008a4c
14215053ns          235453 1c008a4c 31f52563 p.beqimm         x10, 778            x10:00000000
14215073ns          235454 1c008a50 001d8d93 addi             x27, x27, 1         x27=00000014 x27:00000013
14215093ns          235455 1c008a52 00044503 lbu              x10, 0(x8)          x10=00000065  x8:1c0000c8  PA:1c0000c8
14215411ns          235471 1c008a56 00140413 addi             x8, x8, 1            x8=1c0000c9  x8:1c0000c8
14215431ns          235472 1c008a58 fe0514e3 bne              x10, x0, -24        x10:00000065
14215491ns          235475 1c008a40 02500793 addi             x15, x0, 37         x15=00000025
14215510ns          235476 1c008a44 04f50863 beq              x10, x15, 80        x10:00000065 x15:00000025
14215530ns          235477 1c008a48 01a005b3 add              x11, x0, x26        x11=00000002 x26:00000002
14215550ns          235478 1c008a4a 000b00e7 jalr             x1, x22, 0           x1=1c008a4c x22:1c008956
14215590ns          235480 1c008956 000026b7 lui              x13, 0x2000         x13=00002000
14215610ns          235481 1c008958 f14027f3 csrrs            x15, x0, 0xf14      x15=00000001
14215630ns          235482 1c00895c f8068693 addi             x13, x13, -128      x13=00001f80 x13:00002000
14215650ns          235483 1c008960 00379713 slli             x14, x15, 0x3       x14=00000008 x15:00000001
14215670ns          235484 1c008964 00279793 slli             x15, x15, 0x2       x15=00000004 x15:00000001
14215689ns          235485 1c008966 00d7f7b3 and              x15, x15, x13       x15=00000000 x15:00000004 x13:00001f80
14215709ns          235486 1c008968 ee873733 p.bclr           x14, x14, 23, 8     x14=00000008 x14:00000008
14215729ns          235487 1c00896c 1a10f6b7 lui              x13, 0x1a10f000     x13=1a10f000
14215749ns          235488 1c008970 0ff57513 andi             x10, x10, 255       x10=00000065 x10:00000065
14215769ns          235489 1c008974 00d70733 add              x14, x14, x13       x14=1a10f008 x14:00000008 x13:1a10f000
14215789ns          235490 1c008976 00a7e723 p.sw             x10, x0(x15)        x10:00000065 x15:00000000  PA:1a10f008
14216107ns          235506 1c00897a 00000513 addi             x10, x0, 0          x10=00000000
14216127ns          235507 1c00897c 00008067 jalr             x0, x1, 0            x1:1c008a4c
14216167ns          235509 1c008a4c 31f52563 p.beqimm         x10, 778            x10:00000000
14216187ns          235510 1c008a50 001d8d93 addi             x27, x27, 1         x27=00000015 x27:00000014
14216207ns          235511 1c008a52 00044503 lbu              x10, 0(x8)          x10=00000020  x8:1c0000c9  PA:1c0000c9
14216505ns          235526 1c008a56 00140413 addi             x8, x8, 1            x8=1c0000ca  x8:1c0000c9
14216525ns          235527 1c008a58 fe0514e3 bne              x10, x0, -24        x10:00000020
14216585ns          235530 1c008a40 02500793 addi             x15, x0, 37         x15=00000025
14216604ns          235531 1c008a44 04f50863 beq              x10, x15, 80        x10:00000020 x15:00000025
14216624ns          235532 1c008a48 01a005b3 add              x11, x0, x26        x11=00000002 x26:00000002
14216644ns          235533 1c008a4a 000b00e7 jalr             x1, x22, 0           x1=1c008a4c x22:1c008956
14216684ns          235535 1c008956 000026b7 lui              x13, 0x2000         x13=00002000
14216704ns          235536 1c008958 f14027f3 csrrs            x15, x0, 0xf14      x15=00000001
14216724ns          235537 1c00895c f8068693 addi             x13, x13, -128      x13=00001f80 x13:00002000
14216744ns          235538 1c008960 00379713 slli             x14, x15, 0x3       x14=00000008 x15:00000001
14216764ns          235539 1c008964 00279793 slli             x15, x15, 0x2       x15=00000004 x15:00000001
14216783ns          235540 1c008966 00d7f7b3 and              x15, x15, x13       x15=00000000 x15:00000004 x13:00001f80
14216803ns          235541 1c008968 ee873733 p.bclr           x14, x14, 23, 8     x14=00000008 x14:00000008
14216823ns          235542 1c00896c 1a10f6b7 lui              x13, 0x1a10f000     x13=1a10f000
14216843ns          235543 1c008970 0ff57513 andi             x10, x10, 255       x10=00000020 x10:00000020
14216863ns          235544 1c008974 00d70733 add              x14, x14, x13       x14=1a10f008 x14:00000008 x13:1a10f000
14216883ns          235545 1c008976 00a7e723 p.sw             x10, x0(x15)        x10:00000020 x15:00000000  PA:1a10f008
14217201ns          235561 1c00897a 00000513 addi             x10, x0, 0          x10=00000000
14217221ns          235562 1c00897c 00008067 jalr             x0, x1, 0            x1:1c008a4c
14217261ns          235564 1c008a4c 31f52563 p.beqimm         x10, 778            x10:00000000
14217281ns          235565 1c008a50 001d8d93 addi             x27, x27, 1         x27=00000016 x27:00000015
14217301ns          235566 1c008a52 00044503 lbu              x10, 0(x8)          x10=00000020  x8:1c0000ca  PA:1c0000ca
14217599ns          235581 1c008a56 00140413 addi             x8, x8, 1            x8=1c0000cb  x8:1c0000ca
14217619ns          235582 1c008a58 fe0514e3 bne              x10, x0, -24        x10:00000020
14217679ns          235585 1c008a40 02500793 addi             x15, x0, 37         x15=00000025
14217698ns          235586 1c008a44 04f50863 beq              x10, x15, 80        x10:00000020 x15:00000025
14217718ns          235587 1c008a48 01a005b3 add              x11, x0, x26        x11=00000002 x26:00000002
14217738ns          235588 1c008a4a 000b00e7 jalr             x1, x22, 0           x1=1c008a4c x22:1c008956
14217778ns          235590 1c008956 000026b7 lui              x13, 0x2000         x13=00002000
14217798ns          235591 1c008958 f14027f3 csrrs            x15, x0, 0xf14      x15=00000001
14217818ns          235592 1c00895c f8068693 addi             x13, x13, -128      x13=00001f80 x13:00002000
14217838ns          235593 1c008960 00379713 slli             x14, x15, 0x3       x14=00000008 x15:00000001
14217858ns          235594 1c008964 00279793 slli             x15, x15, 0x2       x15=00000004 x15:00000001
14217877ns          235595 1c008966 00d7f7b3 and              x15, x15, x13       x15=00000000 x15:00000004 x13:00001f80
14217897ns          235596 1c008968 ee873733 p.bclr           x14, x14, 23, 8     x14=00000008 x14:00000008
14217917ns          235597 1c00896c 1a10f6b7 lui              x13, 0x1a10f000     x13=1a10f000
14217937ns          235598 1c008970 0ff57513 andi             x10, x10, 255       x10=00000020 x10:00000020
14217957ns          235599 1c008974 00d70733 add              x14, x14, x13       x14=1a10f008 x14:00000008 x13:1a10f000
14217977ns          235600 1c008976 00a7e723 p.sw             x10, x0(x15)        x10:00000020 x15:00000000  PA:1a10f008
14218295ns          235616 1c00897a 00000513 addi             x10, x0, 0          x10=00000000
14218315ns          235617 1c00897c 00008067 jalr             x0, x1, 0            x1:1c008a4c
14218355ns          235619 1c008a4c 31f52563 p.beqimm         x10, 778            x10:00000000
14218375ns          235620 1c008a50 001d8d93 addi             x27, x27, 1         x27=00000017 x27:00000016
14218395ns          235621 1c008a52 00044503 lbu              x10, 0(x8)          x10=00000025  x8:1c0000cb  PA:1c0000cb
14218693ns          235636 1c008a56 00140413 addi             x8, x8, 1            x8=1c0000cc  x8:1c0000cb
14218713ns          235637 1c008a58 fe0514e3 bne              x10, x0, -24        x10:00000025
14218773ns          235640 1c008a40 02500793 addi             x15, x0, 37         x15=00000025
14218792ns          235641 1c008a44 04f50863 beq              x10, x15, 80        x10:00000025 x15:00000025
14218892ns          235646 1c008a94 00044483 lbu              x9, 0(x8)            x9=00000064  x8:1c0000cc  PA:1c0000cc
14219210ns          235662 1c008a98 02000693 addi             x13, x0, 32         x13=00000020
14219230ns          235663 1c008a9c 00140a93 addi             x21, x8, 1          x21=1c0000cd  x8:1c0000cc
14219250ns          235664 1c008aa0 009005b3 add              x11, x0, x9         x11=00000064  x9:00000064
14219270ns          235665 1c008aa2 0f4b8513 addi             x10, x23, 244       x10=1c0000f4 x23:1c000000
14219290ns          235666 1c008aa6 00d12823 sw               x13, 16(x2)         x13:00000020  x2:10000e58  PA:10000e68
14219310ns          235667 1c008aa8 00012c23 sw               x0, 24(x2)           x2:10000e58  PA:10000e70
14219329ns          235668 1c008aaa 00012a23 sw               x0, 20(x2)           x2:10000e58  PA:10000e6c
14219349ns          235669 1c008aac 00012e23 sw               x0, 28(x2)           x2:10000e58  PA:10000e74
14219369ns          235670 1c008aae 00012623 sw               x0, 12(x2)           x2:10000e58  PA:10000e64
14219389ns          235671 1c008ab0 02300913 addi             x18, x0, 35         x18=00000023
14219409ns          235672 1c008ab4 02d00a13 addi             x20, x0, 45         x20=0000002d
14219429ns          235673 1c008ab8 015009b3 add              x19, x0, x21        x19=1c0000cd x21:1c0000cd
14219449ns          235674 1c008aba e1dff0ef jal              x1, -484             x1=1c008abc
14219608ns          235682 1c0088d6 00054783 lbu              x15, 0(x10)         x15=0000002d x10:1c0000f4  PA:1c0000f4
14219906ns          235697 1c0088da 0ff5f593 andi             x11, x11, 255       x11=00000064 x11:00000064
14219926ns          235698 1c0088de 00b78c63 beq              x15, x11, 24        x15:0000002d x11:00000064
14219946ns          235699 1c0088e2 00078b63 beq              x15, x0, 22         x15:0000002d
14219966ns          235700 1c0088e4 00150793 addi             x15, x10, 1         x15=1c0000f5 x10:1c0000f4
14219986ns          235701 1c0088e8 0040006f jal              x0, 4              
14220085ns          235706 1c0088ec 00f00533 add              x10, x0, x15        x10=1c0000f5 x15:1c0000f5
14220105ns          235707 1c0088ee 0017c70b p.lbu            x14, 1(x15!)        x14=0000002b x15=1c0000f6 x15:1c0000f5  PA:1c0000f5
14220423ns          235723 1c0088f2 feb71ce3 bne              x14, x11, -8        x14:0000002b x11:00000064
14220483ns          235726 1c0088ea 00070763 beq              x14, x0, 14         x14:0000002b
14220503ns          235727 1c0088ec 00f00533 add              x10, x0, x15        x10=1c0000f6 x15:1c0000f6
14220523ns          235728 1c0088ee 0017c70b p.lbu            x14, 1(x15!)        x14=00000020 x15=1c0000f7 x15:1c0000f6  PA:1c0000f6
14220841ns          235744 1c0088f2 feb71ce3 bne              x14, x11, -8        x14:00000020 x11:00000064
14220901ns          235747 1c0088ea 00070763 beq              x14, x0, 14         x14:00000020
14220921ns          235748 1c0088ec 00f00533 add              x10, x0, x15        x10=1c0000f7 x15:1c0000f7
14220941ns          235749 1c0088ee 0017c70b p.lbu            x14, 1(x15!)        x14=00000023 x15=1c0000f8 x15:1c0000f7  PA:1c0000f7
14221259ns          235765 1c0088f2 feb71ce3 bne              x14, x11, -8        x14:00000023 x11:00000064
14221319ns          235768 1c0088ea 00070763 beq              x14, x0, 14         x14:00000023
14221338ns          235769 1c0088ec 00f00533 add              x10, x0, x15        x10=1c0000f8 x15:1c0000f8
14221358ns          235770 1c0088ee 0017c70b p.lbu            x14, 1(x15!)        x14=00000030 x15=1c0000f9 x15:1c0000f8  PA:1c0000f8
14221696ns          235787 1c0088f2 feb71ce3 bne              x14, x11, -8        x14:00000030 x11:00000064
14221756ns          235790 1c0088ea 00070763 beq              x14, x0, 14         x14:00000030
14221776ns          235791 1c0088ec 00f00533 add              x10, x0, x15        x10=1c0000f9 x15:1c0000f9
14221796ns          235792 1c0088ee 0017c70b p.lbu            x14, 1(x15!)        x14=00000000 x15=1c0000fa x15:1c0000f9  PA:1c0000f9
14222134ns          235809 1c0088f2 feb71ce3 bne              x14, x11, -8        x14:00000000 x11:00000064
14222194ns          235812 1c0088ea 00070763 beq              x14, x0, 14         x14:00000000
14222253ns          235815 1c0088f8 0015b593 sltiu            x11, x11, 1         x11=00000000 x11:00000064
14222273ns          235816 1c0088fc 40b005b3 sub              x11, x0, x11        x11=00000000 x11:00000000
14222293ns          235817 1c008900 00b57533 and              x10, x10, x11       x10=00000000 x10:1c0000f9 x11:00000000
14222313ns          235818 1c008902 00008067 jalr             x0, x1, 0            x1:1c008abc
14222353ns          235820 1c008abc 02050a63 beq              x10, x0, 52         x10:00000000
14222452ns          235825 1c008af0 02a00613 addi             x12, x0, 42         x12=0000002a
14222492ns          235827 1c008af4 2ac48663 beq              x9, x12, 684         x9:00000064 x12:0000002a
14222512ns          235828 1c008af8 fd048613 addi             x12, x9, -48        x12=00000034  x9:00000064
14222532ns          235829 1c008afc 00900593 addi             x11, x0, 9          x11=00000009
14222552ns          235830 1c008afe 00000913 addi             x18, x0, 0          x18=00000000
14222592ns          235832 1c008b00 28c5f063 bgeu             x11, x12, 640       x11:00000009 x12:00000034
14222631ns          235834 1c008b04 02e00693 addi             x13, x0, 46         x13=0000002e
14222651ns          235835 1c008b08 fff00a13 addi             x20, x0, -1         x20=ffffffff
14222671ns          235836 1c008b0a 2ed48363 beq              x9, x13, 742         x9:00000064 x13:0000002e
14222731ns          235839 1c008b0e 1c0007b7 lui              x15, 0x1c000000     x15=1c000000
14222751ns          235840 1c008b12 009005b3 add              x11, x0, x9         x11=00000064  x9:00000064
14222771ns          235841 1c008b14 0fc78513 addi             x10, x15, 252       x10=1c0000fc x15:1c000000
14222790ns          235842 1c008b18 dbfff0ef jal              x1, -578             x1=1c008b1a
14222850ns          235845 1c0088d6 00054783 lbu              x15, 0(x10)         x15=00000068 x10:1c0000fc  PA:1c0000fc
14223148ns          235860 1c0088da 0ff5f593 andi             x11, x11, 255       x11=00000064 x11:00000064
14223168ns          235861 1c0088de 00b78c63 beq              x15, x11, 24        x15:00000068 x11:00000064
14223188ns          235862 1c0088e2 00078b63 beq              x15, x0, 22         x15:00000068
14223208ns          235863 1c0088e4 00150793 addi             x15, x10, 1         x15=1c0000fd x10:1c0000fc
14223228ns          235864 1c0088e8 0040006f jal              x0, 4              
14223268ns          235866 1c0088ec 00f00533 add              x10, x0, x15        x10=1c0000fd x15:1c0000fd
14223288ns          235867 1c0088ee 0017c70b p.lbu            x14, 1(x15!)        x14=0000006c x15=1c0000fe x15:1c0000fd  PA:1c0000fd
14223705ns          235888 1c0088f2 feb71ce3 bne              x14, x11, -8        x14:0000006c x11:00000064
14223765ns          235891 1c0088ea 00070763 beq              x14, x0, 14         x14:0000006c
14223785ns          235892 1c0088ec 00f00533 add              x10, x0, x15        x10=1c0000fe x15:1c0000fe
14223805ns          235893 1c0088ee 0017c70b p.lbu            x14, 1(x15!)        x14=0000004c x15=1c0000ff x15:1c0000fe  PA:1c0000fe
14224183ns          235912 1c0088f2 feb71ce3 bne              x14, x11, -8        x14:0000004c x11:00000064
14224242ns          235915 1c0088ea 00070763 beq              x14, x0, 14         x14:0000004c
14224262ns          235916 1c0088ec 00f00533 add              x10, x0, x15        x10=1c0000ff x15:1c0000ff
14224282ns          235917 1c0088ee 0017c70b p.lbu            x14, 1(x15!)        x14=0000007a x15=1c000100 x15:1c0000ff  PA:1c0000ff
14224601ns          235933 1c0088f2 feb71ce3 bne              x14, x11, -8        x14:0000007a x11:00000064
14224660ns          235936 1c0088ea 00070763 beq              x14, x0, 14         x14:0000007a
14224680ns          235937 1c0088ec 00f00533 add              x10, x0, x15        x10=1c000100 x15:1c000100
14224700ns          235938 1c0088ee 0017c70b p.lbu            x14, 1(x15!)        x14=00000000 x15=1c000101 x15:1c000100  PA:1c000100
14225018ns          235954 1c0088f2 feb71ce3 bne              x14, x11, -8        x14:00000000 x11:00000064
14225078ns          235957 1c0088ea 00070763 beq              x14, x0, 14         x14:00000000
14225138ns          235960 1c0088f8 0015b593 sltiu            x11, x11, 1         x11=00000000 x11:00000064
14225157ns          235961 1c0088fc 40b005b3 sub              x11, x0, x11        x11=00000000 x11:00000000
14225177ns          235962 1c008900 00b57533 and              x10, x10, x11       x10=00000000 x10:1c000100 x11:00000000
14225197ns          235963 1c008902 00008067 jalr             x0, x1, 0            x1:1c008b1a
14225237ns          235965 1c008b1a 01300433 add              x8, x0, x19          x8=1c0000cd x19:1c0000cd
14225257ns          235966 1c008b1c 00050563 beq              x10, x0, 10         x10:00000000
14225376ns          235972 1c008b26 06700693 addi             x13, x0, 103        x13=00000067
14225396ns          235973 1c008b2a 2896d963 bge              x13, x9, 658        x13:00000067  x9:00000064
14225535ns          235980 1c008dbc 06500693 addi             x13, x0, 101        x13=00000065
14225575ns          235982 1c008dc0 12d4d563 bge              x9, x13, 298         x9:00000064 x13:00000065
14225595ns          235983 1c008dc4 04700693 addi             x13, x0, 71         x13=00000047
14225615ns          235984 1c008dc8 dc96cbe3 blt              x13, x9, -554       x13:00000047  x9:00000064
14225794ns          235993 1c008b9e 06300693 addi             x13, x0, 99         x13=00000063
14225834ns          235995 1c008ba2 0ad488e3 beq              x9, x13, 2224        x9:00000064 x13:00000063
14225854ns          235996 1c008ba6 0096c9e3 blt              x13, x9, 2066       x13:00000063  x9:00000064
14226013ns          236004 1c0093b8 000c2583 lw               x11, 0(x24)         x11=00000001 x24:10000fac  PA:10000fac
14226053ns          236006 1c0093bc 004c0c13 addi             x24, x24, 4         x24=10000fb0 x24:10000fac
14226112ns          236009 1c0093be 3405cc63 blt              x11, x0, 856        x11:00000001
14226132ns          236010 1c0093c2 01412603 lw               x12, 20(x2)         x12=00000000  x2:10000e58  PA:10000e6c
14226172ns          236012 1c0093c4 00b006b3 add              x13, x0, x11        x13=00000001 x11:00000001
14226192ns          236013 1c0093c6 2e061863 bne              x12, x0, 752        x12:00000000
14226212ns          236014 1c0093ca 01812703 lw               x14, 24(x2)         x14=00000000  x2:10000e58  PA:10000e70
14226232ns          236015 1c0093cc 019007b3 add              x15, x0, x25        x15=10000e7c x25:10000e7c
14226251ns          236016 1c0093ce 00070763 beq              x14, x0, 14         x14:00000000
14226311ns          236019 1c0093dc 00f00733 add              x14, x0, x15        x14=10000e7c x15:10000e7c
14226331ns          236020 1c0093de 00a00513 addi             x10, x0, 10         x10=0000000a
14226371ns          236022 1c0093e0 02a6f633 remu             x12, x13, x10       x12=00000001 x13:00000001 x10:0000000a
14227007ns          236054 1c0093e4 02a6d6b3 divu             x13, x13, x10       x13=00000000 x13:00000001 x10:0000000a
14227624ns          236085 1c0093e8 03060613 addi             x12, x12, 48        x12=00000031 x12:00000001
14227644ns          236086 1c0093ec 00c700ab p.sb             x12, 1(x14!)        x14=10000e7d x12:00000031 x14:10000e7c  PA:10000e7c
14227664ns          236087 1c0093f0 fe0698e3 bne              x13, x0, -16        x13:00000000
14227684ns          236088 1c0093f2 40f706b3 sub              x13, x14, x15       x13=00000001 x14:10000e7d x15:10000e7c
14227703ns          236089 1c0093f6 0146dc63 bge              x13, x20, 24        x13:00000001 x20:ffffffff
14227823ns          236095 1c00940e 00e006b3 add              x13, x0, x14        x13=10000e7d x14:10000e7d
14227882ns          236098 1c009410 fe068fab p.sb             x0, -1(x13!)        x13=10000e7c x13:10000e7d  PA:10000e7d
14227922ns          236100 1c009414 00d7fc63 bgeu             x15, x13, 24        x15:10000e7c x13:10000e7c
14228022ns          236105 1c00942c 01412783 lw               x15, 20(x2)         x15=00000000  x2:10000e58  PA:10000e6c
14228042ns          236106 1c00942e 01812603 lw               x12, 24(x2)         x12=00000000  x2:10000e58  PA:10000e70
14228101ns          236109 1c009430 419704b3 sub              x9, x14, x25         x9=00000001 x14:10000e7d x25:10000e7c
14228141ns          236111 1c009434 00c7e7b3 or               x15, x15, x12       x15=00000000 x15:00000000 x12:00000000
14228161ns          236112 1c009436 00f12623 sw               x15, 12(x2)         x15:00000000  x2:10000e58  PA:10000e64
14228181ns          236113 1c009438 00079363 bne              x15, x0, 6          x15:00000000
14228201ns          236114 1c00943a 01f5d593 srli             x11, x11, 0x1f      x11=00000000 x11:00000001
14228221ns          236115 1c00943c 00b12623 sw               x11, 12(x2)         x11:00000000  x2:10000e58  PA:10000e64
14228241ns          236116 1c00943e e3fa28e3 p.beqimm         x20, -464           x20:ffffffff
14228420ns          236125 1c00926e 0c800793 addi             x15, x0, 200        x15=000000c8
14228459ns          236127 1c009272 9e97d0e3 bge              x15, x9, -1568      x15:000000c8  x9:00000001
14228599ns          236134 1c008c52 0f24d163 bge              x9, x18, 226         x9:00000001 x18:00000000
14228658ns          236137 1c008d34 d00482e3 beq              x9, x0, -764         x9:00000001
14228678ns          236138 1c008d38 01900933 add              x18, x0, x25        x18=10000e7c x25:10000e7c
14228698ns          236139 1c008d3a 419d8db3 sub              x27, x27, x25       x27=effff19b x27:00000017 x25:10000e7c
14228718ns          236140 1c008d3e 00a0006f jal              x0, 10             
14228797ns          236144 1c008d48 0019450b p.lbu            x10, 1(x18!)        x10=00000031 x18=10000e7d x18:10000e7c  PA:10000e7c
14228817ns          236145 1c008d4c 01a005b3 add              x11, x0, x26        x11=00000002 x26:00000002
14228837ns          236146 1c008d4e 000b00e7 jalr             x1, x22, 0           x1=1c008d50 x22:1c008956
14228957ns          236152 1c008956 000026b7 lui              x13, 0x2000         x13=00002000
14228996ns          236154 1c008958 f14027f3 csrrs            x15, x0, 0xf14      x15=00000001
14229016ns          236155 1c00895c f8068693 addi             x13, x13, -128      x13=00001f80 x13:00002000
14229036ns          236156 1c008960 00379713 slli             x14, x15, 0x3       x14=00000008 x15:00000001
14229056ns          236157 1c008964 00279793 slli             x15, x15, 0x2       x15=00000004 x15:00000001
14229076ns          236158 1c008966 00d7f7b3 and              x15, x15, x13       x15=00000000 x15:00000004 x13:00001f80
14229096ns          236159 1c008968 ee873733 p.bclr           x14, x14, 23, 8     x14=00000008 x14:00000008
14229116ns          236160 1c00896c 1a10f6b7 lui              x13, 0x1a10f000     x13=1a10f000
14229155ns          236162 1c008970 0ff57513 andi             x10, x10, 255       x10=00000031 x10:00000031
14229195ns          236164 1c008974 00d70733 add              x14, x14, x13       x14=1a10f008 x14:00000008 x13:1a10f000
14229215ns          236165 1c008976 00a7e723 p.sw             x10, x0(x15)        x10:00000031 x15:00000000  PA:1a10f008
14229533ns          236181 1c00897a 00000513 addi             x10, x0, 0          x10=00000000
14229553ns          236182 1c00897c 00008067 jalr             x0, x1, 0            x1:1c008d50
14229633ns          236186 1c008d50 fff48493 addi             x9, x9, -1           x9=00000000  x9:00000001
14229673ns          236188 1c008d52 fff537e3 p.bneimm         x10, -18            x10:00000000
14229732ns          236191 1c008d40 012d8733 add              x14, x27, x18       x14=00000018 x27:effff19b x18:10000e7d
14229752ns          236192 1c008d44 5a048b63 beq              x9, x0, 1462         x9:00000000
14229852ns          236197 1c0092fa 00e00db3 add              x27, x0, x14        x27=00000018 x14:00000018
14229891ns          236199 1c0092fc f3cff06f jal              x0, -2244          
14230031ns          236206 1c008a38 00044503 lbu              x10, 0(x8)          x10=0000000a  x8:1c0000cd  PA:1c0000cd
14230349ns          236222 1c008a3c 00140413 addi             x8, x8, 1            x8=1c0000ce  x8:1c0000cd
14230369ns          236223 1c008a3e 00050e63 beq              x10, x0, 28         x10:0000000a
14230389ns          236224 1c008a40 02500793 addi             x15, x0, 37         x15=00000025
14230409ns          236225 1c008a44 04f50863 beq              x10, x15, 80        x10:0000000a x15:00000025
14230429ns          236226 1c008a48 01a005b3 add              x11, x0, x26        x11=00000002 x26:00000002
14230448ns          236227 1c008a4a 000b00e7 jalr             x1, x22, 0           x1=1c008a4c x22:1c008956
14230528ns          236231 1c008956 000026b7 lui              x13, 0x2000         x13=00002000
14230548ns          236232 1c008958 f14027f3 csrrs            x15, x0, 0xf14      x15=00000001
14230568ns          236233 1c00895c f8068693 addi             x13, x13, -128      x13=00001f80 x13:00002000
14230588ns          236234 1c008960 00379713 slli             x14, x15, 0x3       x14=00000008 x15:00000001
14230608ns          236235 1c008964 00279793 slli             x15, x15, 0x2       x15=00000004 x15:00000001
14230627ns          236236 1c008966 00d7f7b3 and              x15, x15, x13       x15=00000000 x15:00000004 x13:00001f80
14230647ns          236237 1c008968 ee873733 p.bclr           x14, x14, 23, 8     x14=00000008 x14:00000008
14230667ns          236238 1c00896c 1a10f6b7 lui              x13, 0x1a10f000     x13=1a10f000
14230687ns          236239 1c008970 0ff57513 andi             x10, x10, 255       x10=0000000a x10:0000000a
14230707ns          236240 1c008974 00d70733 add              x14, x14, x13       x14=1a10f008 x14:00000008 x13:1a10f000
14230727ns          236241 1c008976 00a7e723 p.sw             x10, x0(x15)        x10:0000000a x15:00000000  PA:1a10f008
14231045ns          236257 1c00897a 00000513 addi             x10, x0, 0          x10=00000000
14231065ns          236258 1c00897c 00008067 jalr             x0, x1, 0            x1:1c008a4c
14231105ns          236260 1c008a4c 31f52563 p.beqimm         x10, 778            x10:00000000
14231125ns          236261 1c008a50 001d8d93 addi             x27, x27, 1         x27=00000019 x27:00000018
14231145ns          236262 1c008a52 00044503 lbu              x10, 0(x8)          x10=00000000  x8:1c0000ce  PA:1c0000ce
14231463ns          236278 1c008a56 00140413 addi             x8, x8, 1            x8=1c0000cf  x8:1c0000ce
14231483ns          236279 1c008a58 fe0514e3 bne              x10, x0, -24        x10:00000000
14231503ns          236280 1c008a5a 01b00433 add              x8, x0, x27          x8=00000019 x27:00000019
14231522ns          236281 1c008a5c 00800533 add              x10, x0, x8         x10=00000019  x8:00000019
14231542ns          236282 1c008a5e 12c12083 lw               x1, 300(x2)          x1=1c0089ea  x2:10000e58  PA:10000f84
14231562ns          236283 1c008a62 12812403 lw               x8, 296(x2)          x8=45ed84f0  x2:10000e58  PA:10000f80
14231582ns          236284 1c008a66 12412483 lw               x9, 292(x2)          x9=1c010008  x2:10000e58  PA:10000f7c
14231602ns          236285 1c008a6a 12012903 lw               x18, 288(x2)        x18=45ed8454  x2:10000e58  PA:10000f78
14232040ns          236307 1c008a6e 11c12983 lw               x19, 284(x2)        x19=45ed858c  x2:10000e58  PA:10000f74
14232079ns          236309 1c008a72 11812a03 lw               x20, 280(x2)        x20=40d573bc  x2:10000e58  PA:10000f70
14232099ns          236310 1c008a76 11412a83 lw               x21, 276(x2)        x21=00000000  x2:10000e58  PA:10000f6c
14232119ns          236311 1c008a7a 11012b03 lw               x22, 272(x2)        x22=3ec30f3a  x2:10000e58  PA:10000f68
14232179ns          236314 1c008a7e 10c12b83 lw               x23, 268(x2)        x23=428d48ba  x2:10000e58  PA:10000f64
14232219ns          236316 1c008a82 10812c03 lw               x24, 264(x2)        x24=xxxxxxxx  x2:10000e58  PA:10000f60
14232239ns          236317 1c008a86 10412c83 lw               x25, 260(x2)        x25=xxxxxxxx  x2:10000e58  PA:10000f5c
14232258ns          236318 1c008a8a 10012d03 lw               x26, 256(x2)        x26=xxxxxxxx  x2:10000e58  PA:10000f58
14232278ns          236319 1c008a8e 0fc12d83 lw               x27, 252(x2)        x27=xxxxxxxx  x2:10000e58  PA:10000f54
14232298ns          236320 1c008a90 13010113 addi             x2, x2, 304          x2=10000f88  x2:10000e58
14232318ns          236321 1c008a92 00008067 jalr             x0, x1, 0            x1:1c0089ea
14232398ns          236325 1c0089ea 01c12083 lw               x1, 28(x2)           x1=1c008398  x2:10000f88  PA:10000fa4
14232437ns          236327 1c0089ec 04010113 addi             x2, x2, 64           x2=10000fc8  x2:10000f88
14232457ns          236328 1c0089ee 00008067 jalr             x0, x1, 0            x1:1c008398
14232577ns          236334 1c008398 00000413 addi             x8, x0, 0            x8=00000000
14232597ns          236335 1c00839a fcbff06f jal              x0, -54            
14233054ns          236358 1c008364 215010ef jal              x1, 6676             x1=1c008368
14233134ns          236362 1c009d78 f14027f3 csrrs            x15, x0, 0xf14      x15=00000001
14233173ns          236364 1c009d7c 01f00713 addi             x14, x0, 31         x14=0000001f
14233233ns          236367 1c009d7e ca5797b3 p.extractu       x15, x15, 5, 5      x15=00000000 x15:00000001
14233273ns          236369 1c009d82 00e78863 beq              x15, x14, 16        x15:00000000 x14:0000001f
14233293ns          236370 1c009d86 002047b7 lui              x15, 0x204000       x15=00204000
14233313ns          236371 1c009d8a 20078793 addi             x15, x15, 512       x15=00204200 x15:00204000
14233372ns          236374 1c009d8e 01c7e703 p.elw            x14, 28(x15)        x14=00010000 x15:00204200  PA:0020421c
14831945ns          266467 1c009d92 00008067 jalr             x0, x1, 0            x1:1c008368
14831985ns          266469 1c008368 00800533 add              x10, x0, x8         x10=00000000  x8:00000000
14832004ns          266470 1c00836a 02c12083 lw               x1, 44(x2)           x1=1c009c88  x2:10000fc8  PA:10000ff4
14832044ns          266472 1c00836c 02812403 lw               x8, 40(x2)           x8=xxxxxxxx  x2:10000fc8  PA:10000ff0
14832064ns          266473 1c00836e 02412483 lw               x9, 36(x2)           x9=xxxxxxxx  x2:10000fc8  PA:10000fec
14832482ns          266494 1c008370 02012903 lw               x18, 32(x2)         x18=xxxxxxxx  x2:10000fc8  PA:10000fe8
14832502ns          266495 1c008372 01c12983 lw               x19, 28(x2)         x19=xxxxxxxx  x2:10000fc8  PA:10000fe4
14832522ns          266496 1c008374 01812a03 lw               x20, 24(x2)         x20=xxxxxxxx  x2:10000fc8  PA:10000fe0
14832541ns          266497 1c008376 01412a83 lw               x21, 20(x2)         x21=xxxxxxxx  x2:10000fc8  PA:10000fdc
14832561ns          266498 1c008378 01012b03 lw               x22, 16(x2)         x22=xxxxxxxx  x2:10000fc8  PA:10000fd8
14832581ns          266499 1c00837a 00c12b83 lw               x23, 12(x2)         x23=xxxxxxxx  x2:10000fc8  PA:10000fd4
14832601ns          266500 1c00837c 03010113 addi             x2, x2, 48           x2=10000ff8  x2:10000fc8
14832621ns          266501 1c00837e 00008067 jalr             x0, x1, 0            x1:1c009c88
14832720ns          266506 1c009c88 f14027f3 csrrs            x15, x0, 0xf14      x15=00000001
14832760ns          266508 1c009c8c f457b7b3 p.bclr           x15, x15, 26, 5     x15=00000001 x15:00000001
14832820ns          266511 1c009c90 00079963 bne              x15, x0, 18         x15:00000001
14833357ns          266538 1c009ca2 002047b7 lui              x15, 0x204000       x15=00204000
14833377ns          266539 1c009ca6 fff00713 addi             x14, x0, -1         x14=ffffffff
14833397ns          266540 1c009ca8 00e7a223 sw               x14, 4(x15)         x14:ffffffff x15:00204000  PA:00204004
