                Time          Cycles PC       Instr    Mnemonic
14044351ns          226871 1c008080 0640006f jal              x0, 100            
14044808ns          226894 1c0080e4 f1402573 csrrs            x10, x0, 0xf14      x10=00000002
14044848ns          226896 1c0080e8 01f57593 andi             x11, x10, 31        x11=00000002 x10:00000002
14044868ns          226897 1c0080ec 00555513 srli             x10, x10, 0x5       x10=00000000 x10:00000002
14044888ns          226898 1c0080ee 01f00613 addi             x12, x0, 31         x12=0000001f
14045305ns          226919 1c0080f0 00c50463 beq              x10, x12, 8         x10:00000000 x12:0000001f
14045345ns          226921 1c0080f4 fa1ff06f jal              x0, -96            
14045803ns          226944 1c008094 f3ff8117 auipc            x2, 0xf3ff8000       x2=10000094
14045842ns          226946 1c008098 f7010113 addi             x2, x2, -144         x2=10000004  x2:10000094
14045862ns          226947 1c00809c 00012103 lw               x2, 0(x2)            x2=10000008  x2:10000004  PA:10000004
14046300ns          226969 1c0080a0 000011b7 lui              x3, 0x1000           x3=00001000
14046340ns          226971 1c0080a4 80018193 addi             x3, x3, -2048        x3=00000800  x3:00001000
14046359ns          226972 1c0080a8 00158593 addi             x11, x11, 1         x11=00000003 x11:00000002
14046379ns          226973 1c0080ac 02b180b3 mul              x1, x3, x11          x1=00001800  x3:00000800 x11:00000003
14046817ns          226995 1c0080b0 00110133 add              x2, x2, x1           x2=10001808  x2:10000008  x1:00001800
14046857ns          226997 1c0080b4 3af0106f jal              x0, 7086           
14047314ns          227020 1c009c62 ff010113 addi             x2, x2, -16          x2=100017f8  x2:10001808
14047354ns          227022 1c009c64 00112623 sw               x1, 12(x2)           x1:00001800  x2:100017f8  PA:10001804
14047374ns          227023 1c009c66 002047b7 lui              x15, 0x204000       x15=00204000
14047394ns          227024 1c009c6a 00070737 lui              x14, 0x70000        x14=00070000
14047414ns          227025 1c009c6e 00e7a423 sw               x14, 8(x15)         x14:00070000 x15:00204000  PA:00204008
14047851ns          227047 1c009c70 00f00713 addi             x14, x0, 15         x14=0000000f
14047891ns          227049 1c009c72 20078793 addi             x15, x15, 512       x15=00204200 x15:00204000
14047911ns          227050 1c009c76 00e7a023 sw               x14, 0(x15)         x14:0000000f x15:00204200  PA:00204200
14047931ns          227051 1c009c7a 00e7a623 sw               x14, 12(x15)        x14:0000000f x15:00204200  PA:0020420c
14048368ns          227073 1c009c7e 1c0017b7 lui              x15, 0x1c001000     x15=1c001000
14048408ns          227075 1c009c82 a847a783 lw               x15, -1404(x15)     x15=1c0081c4 x15:1c001000  PA:1c000a84
14048886ns          227099 1c009c86 000780e7 jalr             x1, x15, 0           x1=1c009c88 x15:1c0081c4
14049383ns          227124 1c0081c4 fd010113 addi             x2, x2, -48          x2=100017c8  x2:100017f8
14049403ns          227125 1c0081c6 03212023 sw               x18, 32(x2)         x18:xxxxxxxx  x2:100017c8  PA:100017e8
14049423ns          227126 1c0081c8 02112623 sw               x1, 44(x2)           x1:1c009c88  x2:100017c8  PA:100017f4
14049443ns          227127 1c0081ca f1402973 csrrs            x18, x0, 0xf14      x18=00000002
14049462ns          227128 1c0081ce 02812423 sw               x8, 40(x2)           x8:xxxxxxxx  x2:100017c8  PA:100017f0
14049880ns          227149 1c0081d0 02912223 sw               x9, 36(x2)           x9:xxxxxxxx  x2:100017c8  PA:100017ec
14049900ns          227150 1c0081d2 01312e23 sw               x19, 28(x2)         x19:xxxxxxxx  x2:100017c8  PA:100017e4
14049920ns          227151 1c0081d4 01412c23 sw               x20, 24(x2)         x20:xxxxxxxx  x2:100017c8  PA:100017e0
14049940ns          227152 1c0081d6 01512a23 sw               x21, 20(x2)         x21:xxxxxxxx  x2:100017c8  PA:100017dc
14049960ns          227153 1c0081d8 01612823 sw               x22, 16(x2)         x22:xxxxxxxx  x2:100017c8  PA:100017d8
14049980ns          227154 1c0081da 01712623 sw               x23, 12(x2)         x23:xxxxxxxx  x2:100017c8  PA:100017d4
14049999ns          227155 1c0081dc ca5917b3 p.extractu       x15, x18, 5, 5      x15=00000000 x18:00000002
14050417ns          227176 1c0081e0 1e079a63 bne              x15, x0, 500        x15:00000000
14050457ns          227178 1c0081e4 f4593933 p.bclr           x18, x18, 26, 5     x18=00000002 x18:00000002
14050477ns          227179 1c0081e8 1c000537 lui              x10, 0x1c000000     x10=1c000000
14050497ns          227180 1c0081ec 01200633 add              x12, x0, x18        x12=00000002 x18:00000002
14050517ns          227181 1c0081ee 00100593 addi             x11, x0, 1          x11=00000001
14050934ns          227202 1c0081f0 01c50513 addi             x10, x10, 28        x10=1c00001c x10:1c000000
14050974ns          227204 1c0081f4 7ce000ef jal              x1, 1998             x1=1c0081f8
14051432ns          227227 1c0089c2 fc010113 addi             x2, x2, -64          x2=10001788  x2:100017c8
14051471ns          227229 1c0089c4 02410313 addi             x6, x2, 36           x6=100017ac  x2:10001788
14051491ns          227230 1c0089c8 02c12423 sw               x12, 40(x2)         x12:00000002  x2:10001788  PA:100017b0
14051511ns          227231 1c0089ca 00a00633 add              x12, x0, x10        x12=1c00001c x10:1c00001c
14051531ns          227232 1c0089cc 1c009537 lui              x10, 0x1c009000     x10=1c009000
14051949ns          227253 1c0089d0 02b12223 sw               x11, 36(x2)         x11:00000001  x2:10001788  PA:100017ac
14051969ns          227254 1c0089d2 02d12623 sw               x13, 44(x2)         x13:xxxxxxxx  x2:10001788  PA:100017b4
14051989ns          227255 1c0089d4 00200593 addi             x11, x0, 2          x11=00000002
14052008ns          227256 1c0089d6 006006b3 add              x13, x0, x6         x13=100017ac  x6:100017ac
14052028ns          227257 1c0089d8 95650513 addi             x10, x10, -1706     x10=1c008956 x10:1c009000
14052048ns          227258 1c0089dc 00112e23 sw               x1, 28(x2)           x1:1c0081f8  x2:10001788  PA:100017a4
14052068ns          227259 1c0089de 02e12823 sw               x14, 48(x2)         x14:0000000f  x2:10001788  PA:100017b8
14052466ns          227279 1c0089e0 02f12a23 sw               x15, 52(x2)         x15:00000000  x2:10001788  PA:100017bc
14052486ns          227280 1c0089e2 03012c23 sw               x16, 56(x2)         x16:xxxxxxxx  x2:10001788  PA:100017c0
14052506ns          227281 1c0089e4 03112e23 sw               x17, 60(x2)         x17:xxxxxxxx  x2:10001788  PA:100017c4
14052526ns          227282 1c0089e6 00612623 sw               x6, 12(x2)           x6:100017ac  x2:10001788  PA:10001794
14052546ns          227283 1c0089e8 fbfff0ef jal              x1, -66              x1=1c0089ea
14053441ns          227328 1c0089a6 04a0006f jal              x0, 74             
14053480ns          227330 1c0089f0 ed010113 addi             x2, x2, -304         x2=10001658  x2:10001788
14053500ns          227331 1c0089f2 12812423 sw               x8, 296(x2)          x8:xxxxxxxx  x2:10001658  PA:10001780
14053520ns          227332 1c0089f6 00000413 addi             x8, x0, 0            x8=00000000
14053540ns          227333 1c0089f8 11612823 sw               x22, 272(x2)        x22:xxxxxxxx  x2:10001658  PA:10001768
14053560ns          227334 1c0089fc 11712623 sw               x23, 268(x2)        x23:xxxxxxxx  x2:10001658  PA:10001764
14053978ns          227355 1c008a00 11812423 sw               x24, 264(x2)        x24:xxxxxxxx  x2:10001658  PA:10001760
14054017ns          227357 1c008a04 11912223 sw               x25, 260(x2)        x25:xxxxxxxx  x2:10001658  PA:1000175c
14054037ns          227358 1c008a08 11a12023 sw               x26, 256(x2)        x26:xxxxxxxx  x2:10001658  PA:10001758
14054057ns          227359 1c008a0c 0fb12e23 sw               x27, 252(x2)        x27:xxxxxxxx  x2:10001658  PA:10001754
14054515ns          227382 1c008a0e 12112623 sw               x1, 300(x2)          x1:1c0089ea  x2:10001658  PA:10001784
14054535ns          227383 1c008a12 00800db3 add              x27, x0, x8         x27=00000000  x8:00000000
14054554ns          227384 1c008a14 12912223 sw               x9, 292(x2)          x9:xxxxxxxx  x2:10001658  PA:1000177c
14054574ns          227385 1c008a18 13212023 sw               x18, 288(x2)        x18:00000002  x2:10001658  PA:10001778
14054594ns          227386 1c008a1c 11312e23 sw               x19, 284(x2)        x19:xxxxxxxx  x2:10001658  PA:10001774
14055032ns          227408 1c008a20 11412c23 sw               x20, 280(x2)        x20:xxxxxxxx  x2:10001658  PA:10001770
14055072ns          227410 1c008a24 11512a23 sw               x21, 276(x2)        x21:xxxxxxxx  x2:10001658  PA:1000176c
14055092ns          227411 1c008a28 00a00b33 add              x22, x0, x10        x22=1c008956 x10:1c008956
14055111ns          227412 1c008a2a 00b00d33 add              x26, x0, x11        x26=00000002 x11:00000002
14055131ns          227413 1c008a2c 00d00c33 add              x24, x0, x13        x24=100017ac x13:100017ac
14055549ns          227434 1c008a2e 1c000bb7 lui              x23, 0x1c000000     x23=1c000000
14055589ns          227436 1c008a32 02410c93 addi             x25, x2, 36         x25=1000167c  x2:10001658
14055609ns          227437 1c008a36 00c00433 add              x8, x0, x12          x8=1c00001c x12:1c00001c
14055629ns          227438 1c008a38 00044503 lbu              x10, 0(x8)          x10=00000073  x8:1c00001c  PA:1c00001c
14056026ns          227458 1c008a3c 00140413 addi             x8, x8, 1            x8=1c00001d  x8:1c00001c
14056046ns          227459 1c008a3e 00050e63 beq              x10, x0, 28         x10:00000073
14056066ns          227460 1c008a40 02500793 addi             x15, x0, 37         x15=00000025
14056106ns          227462 1c008a44 04f50863 beq              x10, x15, 80        x10:00000073 x15:00000025
14056126ns          227463 1c008a48 01a005b3 add              x11, x0, x26        x11=00000002 x26:00000002
14056146ns          227464 1c008a4a 000b00e7 jalr             x1, x22, 0           x1=1c008a4c x22:1c008956
14057100ns          227512 1c008956 000026b7 lui              x13, 0x2000         x13=00002000
14057140ns          227514 1c008958 f14027f3 csrrs            x15, x0, 0xf14      x15=00000002
14057160ns          227515 1c00895c f8068693 addi             x13, x13, -128      x13=00001f80 x13:00002000
14057598ns          227537 1c008960 00379713 slli             x14, x15, 0x3       x14=00000010 x15:00000002
14057638ns          227539 1c008964 00279793 slli             x15, x15, 0x2       x15=00000008 x15:00000002
14057657ns          227540 1c008966 00d7f7b3 and              x15, x15, x13       x15=00000000 x15:00000008 x13:00001f80
14057677ns          227541 1c008968 ee873733 p.bclr           x14, x14, 23, 8     x14=00000010 x14:00000010
14057697ns          227542 1c00896c 1a10f6b7 lui              x13, 0x1a10f000     x13=1a10f000
14058115ns          227563 1c008970 0ff57513 andi             x10, x10, 255       x10=00000073 x10:00000073
14058155ns          227565 1c008974 00d70733 add              x14, x14, x13       x14=1a10f010 x14:00000010 x13:1a10f000
14058175ns          227566 1c008976 00a7e723 p.sw             x10, x0(x15)        x10:00000073 x15:00000000  PA:1a10f010
14058572ns          227586 1c00897a 00000513 addi             x10, x0, 0          x10=00000000
14058592ns          227587 1c00897c 00008067 jalr             x0, x1, 0            x1:1c008a4c
14058672ns          227591 1c008a4c 31f52563 p.beqimm         x10, 778            x10:00000000
14058692ns          227592 1c008a50 001d8d93 addi             x27, x27, 1         x27=00000001 x27:00000000
14058712ns          227593 1c008a52 00044503 lbu              x10, 0(x8)          x10=00000074  x8:1c00001d  PA:1c00001d
14059129ns          227614 1c008a56 00140413 addi             x8, x8, 1            x8=1c00001e  x8:1c00001d
14059149ns          227615 1c008a58 fe0514e3 bne              x10, x0, -24        x10:00000074
14059249ns          227620 1c008a40 02500793 addi             x15, x0, 37         x15=00000025
14059269ns          227621 1c008a44 04f50863 beq              x10, x15, 80        x10:00000074 x15:00000025
14059288ns          227622 1c008a48 01a005b3 add              x11, x0, x26        x11=00000002 x26:00000002
14059308ns          227623 1c008a4a 000b00e7 jalr             x1, x22, 0           x1=1c008a4c x22:1c008956
14059348ns          227625 1c008956 000026b7 lui              x13, 0x2000         x13=00002000
14059368ns          227626 1c008958 f14027f3 csrrs            x15, x0, 0xf14      x15=00000002
14059388ns          227627 1c00895c f8068693 addi             x13, x13, -128      x13=00001f80 x13:00002000
14059408ns          227628 1c008960 00379713 slli             x14, x15, 0x3       x14=00000010 x15:00000002
14059428ns          227629 1c008964 00279793 slli             x15, x15, 0x2       x15=00000008 x15:00000002
14059448ns          227630 1c008966 00d7f7b3 and              x15, x15, x13       x15=00000000 x15:00000008 x13:00001f80
14059467ns          227631 1c008968 ee873733 p.bclr           x14, x14, 23, 8     x14=00000010 x14:00000010
14059487ns          227632 1c00896c 1a10f6b7 lui              x13, 0x1a10f000     x13=1a10f000
14059507ns          227633 1c008970 0ff57513 andi             x10, x10, 255       x10=00000074 x10:00000074
14059527ns          227634 1c008974 00d70733 add              x14, x14, x13       x14=1a10f010 x14:00000010 x13:1a10f000
14059547ns          227635 1c008976 00a7e723 p.sw             x10, x0(x15)        x10:00000074 x15:00000000  PA:1a10f010
14059945ns          227655 1c00897a 00000513 addi             x10, x0, 0          x10=00000000
14059965ns          227656 1c00897c 00008067 jalr             x0, x1, 0            x1:1c008a4c
14060005ns          227658 1c008a4c 31f52563 p.beqimm         x10, 778            x10:00000000
14060024ns          227659 1c008a50 001d8d93 addi             x27, x27, 1         x27=00000002 x27:00000001
14060044ns          227660 1c008a52 00044503 lbu              x10, 0(x8)          x10=00000061  x8:1c00001e  PA:1c00001e
14060343ns          227675 1c008a56 00140413 addi             x8, x8, 1            x8=1c00001f  x8:1c00001e
14060363ns          227676 1c008a58 fe0514e3 bne              x10, x0, -24        x10:00000061
14060422ns          227679 1c008a40 02500793 addi             x15, x0, 37         x15=00000025
14060442ns          227680 1c008a44 04f50863 beq              x10, x15, 80        x10:00000061 x15:00000025
14060462ns          227681 1c008a48 01a005b3 add              x11, x0, x26        x11=00000002 x26:00000002
14060482ns          227682 1c008a4a 000b00e7 jalr             x1, x22, 0           x1=1c008a4c x22:1c008956
14060522ns          227684 1c008956 000026b7 lui              x13, 0x2000         x13=00002000
14060542ns          227685 1c008958 f14027f3 csrrs            x15, x0, 0xf14      x15=00000002
14060561ns          227686 1c00895c f8068693 addi             x13, x13, -128      x13=00001f80 x13:00002000
14060581ns          227687 1c008960 00379713 slli             x14, x15, 0x3       x14=00000010 x15:00000002
14060601ns          227688 1c008964 00279793 slli             x15, x15, 0x2       x15=00000008 x15:00000002
14060621ns          227689 1c008966 00d7f7b3 and              x15, x15, x13       x15=00000000 x15:00000008 x13:00001f80
14060641ns          227690 1c008968 ee873733 p.bclr           x14, x14, 23, 8     x14=00000010 x14:00000010
14060661ns          227691 1c00896c 1a10f6b7 lui              x13, 0x1a10f000     x13=1a10f000
14060681ns          227692 1c008970 0ff57513 andi             x10, x10, 255       x10=00000061 x10:00000061
14060701ns          227693 1c008974 00d70733 add              x14, x14, x13       x14=1a10f010 x14:00000010 x13:1a10f000
14060721ns          227694 1c008976 00a7e723 p.sw             x10, x0(x15)        x10:00000061 x15:00000000  PA:1a10f010
14061059ns          227711 1c00897a 00000513 addi             x10, x0, 0          x10=00000000
14061079ns          227712 1c00897c 00008067 jalr             x0, x1, 0            x1:1c008a4c
14061118ns          227714 1c008a4c 31f52563 p.beqimm         x10, 778            x10:00000000
14061138ns          227715 1c008a50 001d8d93 addi             x27, x27, 1         x27=00000003 x27:00000002
14061158ns          227716 1c008a52 00044503 lbu              x10, 0(x8)          x10=00000072  x8:1c00001f  PA:1c00001f
14061457ns          227731 1c008a56 00140413 addi             x8, x8, 1            x8=1c000020  x8:1c00001f
14061476ns          227732 1c008a58 fe0514e3 bne              x10, x0, -24        x10:00000072
14061536ns          227735 1c008a40 02500793 addi             x15, x0, 37         x15=00000025
14061556ns          227736 1c008a44 04f50863 beq              x10, x15, 80        x10:00000072 x15:00000025
14061576ns          227737 1c008a48 01a005b3 add              x11, x0, x26        x11=00000002 x26:00000002
14061596ns          227738 1c008a4a 000b00e7 jalr             x1, x22, 0           x1=1c008a4c x22:1c008956
14061636ns          227740 1c008956 000026b7 lui              x13, 0x2000         x13=00002000
14061655ns          227741 1c008958 f14027f3 csrrs            x15, x0, 0xf14      x15=00000002
14061675ns          227742 1c00895c f8068693 addi             x13, x13, -128      x13=00001f80 x13:00002000
14061695ns          227743 1c008960 00379713 slli             x14, x15, 0x3       x14=00000010 x15:00000002
14061715ns          227744 1c008964 00279793 slli             x15, x15, 0x2       x15=00000008 x15:00000002
14061735ns          227745 1c008966 00d7f7b3 and              x15, x15, x13       x15=00000000 x15:00000008 x13:00001f80
14061755ns          227746 1c008968 ee873733 p.bclr           x14, x14, 23, 8     x14=00000010 x14:00000010
14061775ns          227747 1c00896c 1a10f6b7 lui              x13, 0x1a10f000     x13=1a10f000
14061795ns          227748 1c008970 0ff57513 andi             x10, x10, 255       x10=00000072 x10:00000072
14061815ns          227749 1c008974 00d70733 add              x14, x14, x13       x14=1a10f010 x14:00000010 x13:1a10f000
14061834ns          227750 1c008976 00a7e723 p.sw             x10, x0(x15)        x10:00000072 x15:00000000  PA:1a10f010
14062153ns          227766 1c00897a 00000513 addi             x10, x0, 0          x10=00000000
14062173ns          227767 1c00897c 00008067 jalr             x0, x1, 0            x1:1c008a4c
14062212ns          227769 1c008a4c 31f52563 p.beqimm         x10, 778            x10:00000000
14062232ns          227770 1c008a50 001d8d93 addi             x27, x27, 1         x27=00000004 x27:00000003
14062252ns          227771 1c008a52 00044503 lbu              x10, 0(x8)          x10=00000074  x8:1c000020  PA:1c000020
14062551ns          227786 1c008a56 00140413 addi             x8, x8, 1            x8=1c000021  x8:1c000020
14062570ns          227787 1c008a58 fe0514e3 bne              x10, x0, -24        x10:00000074
14062630ns          227790 1c008a40 02500793 addi             x15, x0, 37         x15=00000025
14062650ns          227791 1c008a44 04f50863 beq              x10, x15, 80        x10:00000074 x15:00000025
14062670ns          227792 1c008a48 01a005b3 add              x11, x0, x26        x11=00000002 x26:00000002
14062690ns          227793 1c008a4a 000b00e7 jalr             x1, x22, 0           x1=1c008a4c x22:1c008956
14062730ns          227795 1c008956 000026b7 lui              x13, 0x2000         x13=00002000
14062749ns          227796 1c008958 f14027f3 csrrs            x15, x0, 0xf14      x15=00000002
14062769ns          227797 1c00895c f8068693 addi             x13, x13, -128      x13=00001f80 x13:00002000
14062789ns          227798 1c008960 00379713 slli             x14, x15, 0x3       x14=00000010 x15:00000002
14062809ns          227799 1c008964 00279793 slli             x15, x15, 0x2       x15=00000008 x15:00000002
14062829ns          227800 1c008966 00d7f7b3 and              x15, x15, x13       x15=00000000 x15:00000008 x13:00001f80
14062849ns          227801 1c008968 ee873733 p.bclr           x14, x14, 23, 8     x14=00000010 x14:00000010
14062869ns          227802 1c00896c 1a10f6b7 lui              x13, 0x1a10f000     x13=1a10f000
14062889ns          227803 1c008970 0ff57513 andi             x10, x10, 255       x10=00000074 x10:00000074
14062909ns          227804 1c008974 00d70733 add              x14, x14, x13       x14=1a10f010 x14:00000010 x13:1a10f000
14062928ns          227805 1c008976 00a7e723 p.sw             x10, x0(x15)        x10:00000074 x15:00000000  PA:1a10f010
14063247ns          227821 1c00897a 00000513 addi             x10, x0, 0          x10=00000000
14063267ns          227822 1c00897c 00008067 jalr             x0, x1, 0            x1:1c008a4c
14063306ns          227824 1c008a4c 31f52563 p.beqimm         x10, 778            x10:00000000
14063326ns          227825 1c008a50 001d8d93 addi             x27, x27, 1         x27=00000005 x27:00000004
14063346ns          227826 1c008a52 00044503 lbu              x10, 0(x8)          x10=00000069  x8:1c000021  PA:1c000021
14063664ns          227842 1c008a56 00140413 addi             x8, x8, 1            x8=1c000022  x8:1c000021
14063684ns          227843 1c008a58 fe0514e3 bne              x10, x0, -24        x10:00000069
14063744ns          227846 1c008a40 02500793 addi             x15, x0, 37         x15=00000025
14063764ns          227847 1c008a44 04f50863 beq              x10, x15, 80        x10:00000069 x15:00000025
14063784ns          227848 1c008a48 01a005b3 add              x11, x0, x26        x11=00000002 x26:00000002
14063804ns          227849 1c008a4a 000b00e7 jalr             x1, x22, 0           x1=1c008a4c x22:1c008956
14063843ns          227851 1c008956 000026b7 lui              x13, 0x2000         x13=00002000
14063863ns          227852 1c008958 f14027f3 csrrs            x15, x0, 0xf14      x15=00000002
14063883ns          227853 1c00895c f8068693 addi             x13, x13, -128      x13=00001f80 x13:00002000
14063903ns          227854 1c008960 00379713 slli             x14, x15, 0x3       x14=00000010 x15:00000002
14063923ns          227855 1c008964 00279793 slli             x15, x15, 0x2       x15=00000008 x15:00000002
14063943ns          227856 1c008966 00d7f7b3 and              x15, x15, x13       x15=00000000 x15:00000008 x13:00001f80
14063963ns          227857 1c008968 ee873733 p.bclr           x14, x14, 23, 8     x14=00000010 x14:00000010
14063983ns          227858 1c00896c 1a10f6b7 lui              x13, 0x1a10f000     x13=1a10f000
14064003ns          227859 1c008970 0ff57513 andi             x10, x10, 255       x10=00000069 x10:00000069
14064022ns          227860 1c008974 00d70733 add              x14, x14, x13       x14=1a10f010 x14:00000010 x13:1a10f000
14064042ns          227861 1c008976 00a7e723 p.sw             x10, x0(x15)        x10:00000069 x15:00000000  PA:1a10f010
14064361ns          227877 1c00897a 00000513 addi             x10, x0, 0          x10=00000000
14064381ns          227878 1c00897c 00008067 jalr             x0, x1, 0            x1:1c008a4c
14064420ns          227880 1c008a4c 31f52563 p.beqimm         x10, 778            x10:00000000
14064440ns          227881 1c008a50 001d8d93 addi             x27, x27, 1         x27=00000006 x27:00000005
14064460ns          227882 1c008a52 00044503 lbu              x10, 0(x8)          x10=0000006e  x8:1c000022  PA:1c000022
14064758ns          227897 1c008a56 00140413 addi             x8, x8, 1            x8=1c000023  x8:1c000022
14064778ns          227898 1c008a58 fe0514e3 bne              x10, x0, -24        x10:0000006e
14064838ns          227901 1c008a40 02500793 addi             x15, x0, 37         x15=00000025
14064858ns          227902 1c008a44 04f50863 beq              x10, x15, 80        x10:0000006e x15:00000025
14064878ns          227903 1c008a48 01a005b3 add              x11, x0, x26        x11=00000002 x26:00000002
14064898ns          227904 1c008a4a 000b00e7 jalr             x1, x22, 0           x1=1c008a4c x22:1c008956
14064937ns          227906 1c008956 000026b7 lui              x13, 0x2000         x13=00002000
14064957ns          227907 1c008958 f14027f3 csrrs            x15, x0, 0xf14      x15=00000002
14064977ns          227908 1c00895c f8068693 addi             x13, x13, -128      x13=00001f80 x13:00002000
14064997ns          227909 1c008960 00379713 slli             x14, x15, 0x3       x14=00000010 x15:00000002
14065017ns          227910 1c008964 00279793 slli             x15, x15, 0x2       x15=00000008 x15:00000002
14065037ns          227911 1c008966 00d7f7b3 and              x15, x15, x13       x15=00000000 x15:00000008 x13:00001f80
14065057ns          227912 1c008968 ee873733 p.bclr           x14, x14, 23, 8     x14=00000010 x14:00000010
14065077ns          227913 1c00896c 1a10f6b7 lui              x13, 0x1a10f000     x13=1a10f000
14065097ns          227914 1c008970 0ff57513 andi             x10, x10, 255       x10=0000006e x10:0000006e
14065116ns          227915 1c008974 00d70733 add              x14, x14, x13       x14=1a10f010 x14:00000010 x13:1a10f000
14065136ns          227916 1c008976 00a7e723 p.sw             x10, x0(x15)        x10:0000006e x15:00000000  PA:1a10f010
14065455ns          227932 1c00897a 00000513 addi             x10, x0, 0          x10=00000000
14065474ns          227933 1c00897c 00008067 jalr             x0, x1, 0            x1:1c008a4c
14065514ns          227935 1c008a4c 31f52563 p.beqimm         x10, 778            x10:00000000
14065534ns          227936 1c008a50 001d8d93 addi             x27, x27, 1         x27=00000007 x27:00000006
14065554ns          227937 1c008a52 00044503 lbu              x10, 0(x8)          x10=00000067  x8:1c000023  PA:1c000023
14065852ns          227952 1c008a56 00140413 addi             x8, x8, 1            x8=1c000024  x8:1c000023
14065872ns          227953 1c008a58 fe0514e3 bne              x10, x0, -24        x10:00000067
14065932ns          227956 1c008a40 02500793 addi             x15, x0, 37         x15=00000025
14065952ns          227957 1c008a44 04f50863 beq              x10, x15, 80        x10:00000067 x15:00000025
14065972ns          227958 1c008a48 01a005b3 add              x11, x0, x26        x11=00000002 x26:00000002
14065992ns          227959 1c008a4a 000b00e7 jalr             x1, x22, 0           x1=1c008a4c x22:1c008956
14066031ns          227961 1c008956 000026b7 lui              x13, 0x2000         x13=00002000
14066051ns          227962 1c008958 f14027f3 csrrs            x15, x0, 0xf14      x15=00000002
14066071ns          227963 1c00895c f8068693 addi             x13, x13, -128      x13=00001f80 x13:00002000
14066091ns          227964 1c008960 00379713 slli             x14, x15, 0x3       x14=00000010 x15:00000002
14066111ns          227965 1c008964 00279793 slli             x15, x15, 0x2       x15=00000008 x15:00000002
14066131ns          227966 1c008966 00d7f7b3 and              x15, x15, x13       x15=00000000 x15:00000008 x13:00001f80
14066151ns          227967 1c008968 ee873733 p.bclr           x14, x14, 23, 8     x14=00000010 x14:00000010
14066171ns          227968 1c00896c 1a10f6b7 lui              x13, 0x1a10f000     x13=1a10f000
14066191ns          227969 1c008970 0ff57513 andi             x10, x10, 255       x10=00000067 x10:00000067
14066210ns          227970 1c008974 00d70733 add              x14, x14, x13       x14=1a10f010 x14:00000010 x13:1a10f000
14066230ns          227971 1c008976 00a7e723 p.sw             x10, x0(x15)        x10:00000067 x15:00000000  PA:1a10f010
14066549ns          227987 1c00897a 00000513 addi             x10, x0, 0          x10=00000000
14066568ns          227988 1c00897c 00008067 jalr             x0, x1, 0            x1:1c008a4c
14066608ns          227990 1c008a4c 31f52563 p.beqimm         x10, 778            x10:00000000
14066628ns          227991 1c008a50 001d8d93 addi             x27, x27, 1         x27=00000008 x27:00000007
14066648ns          227992 1c008a52 00044503 lbu              x10, 0(x8)          x10=00000020  x8:1c000024  PA:1c000024
14066946ns          228007 1c008a56 00140413 addi             x8, x8, 1            x8=1c000025  x8:1c000024
14066966ns          228008 1c008a58 fe0514e3 bne              x10, x0, -24        x10:00000020
14067026ns          228011 1c008a40 02500793 addi             x15, x0, 37         x15=00000025
14067046ns          228012 1c008a44 04f50863 beq              x10, x15, 80        x10:00000020 x15:00000025
14067066ns          228013 1c008a48 01a005b3 add              x11, x0, x26        x11=00000002 x26:00000002
14067086ns          228014 1c008a4a 000b00e7 jalr             x1, x22, 0           x1=1c008a4c x22:1c008956
14067125ns          228016 1c008956 000026b7 lui              x13, 0x2000         x13=00002000
14067145ns          228017 1c008958 f14027f3 csrrs            x15, x0, 0xf14      x15=00000002
14067165ns          228018 1c00895c f8068693 addi             x13, x13, -128      x13=00001f80 x13:00002000
14067185ns          228019 1c008960 00379713 slli             x14, x15, 0x3       x14=00000010 x15:00000002
14067205ns          228020 1c008964 00279793 slli             x15, x15, 0x2       x15=00000008 x15:00000002
14067225ns          228021 1c008966 00d7f7b3 and              x15, x15, x13       x15=00000000 x15:00000008 x13:00001f80
14067245ns          228022 1c008968 ee873733 p.bclr           x14, x14, 23, 8     x14=00000010 x14:00000010
14067265ns          228023 1c00896c 1a10f6b7 lui              x13, 0x1a10f000     x13=1a10f000
14067285ns          228024 1c008970 0ff57513 andi             x10, x10, 255       x10=00000020 x10:00000020
14067304ns          228025 1c008974 00d70733 add              x14, x14, x13       x14=1a10f010 x14:00000010 x13:1a10f000
14067324ns          228026 1c008976 00a7e723 p.sw             x10, x0(x15)        x10:00000020 x15:00000000  PA:1a10f010
14067662ns          228043 1c00897a 00000513 addi             x10, x0, 0          x10=00000000
14067682ns          228044 1c00897c 00008067 jalr             x0, x1, 0            x1:1c008a4c
14067722ns          228046 1c008a4c 31f52563 p.beqimm         x10, 778            x10:00000000
14067742ns          228047 1c008a50 001d8d93 addi             x27, x27, 1         x27=00000009 x27:00000008
14067762ns          228048 1c008a52 00044503 lbu              x10, 0(x8)          x10=00000025  x8:1c000025  PA:1c000025
14068060ns          228063 1c008a56 00140413 addi             x8, x8, 1            x8=1c000026  x8:1c000025
14068080ns          228064 1c008a58 fe0514e3 bne              x10, x0, -24        x10:00000025
14068140ns          228067 1c008a40 02500793 addi             x15, x0, 37         x15=00000025
14068160ns          228068 1c008a44 04f50863 beq              x10, x15, 80        x10:00000025 x15:00000025
14068538ns          228087 1c008a94 00044483 lbu              x9, 0(x8)            x9=00000064  x8:1c000026  PA:1c000026
14069015ns          228111 1c008a98 02000693 addi             x13, x0, 32         x13=00000020
14069035ns          228112 1c008a9c 00140a93 addi             x21, x8, 1          x21=1c000027  x8:1c000026
14069075ns          228114 1c008aa0 009005b3 add              x11, x0, x9         x11=00000064  x9:00000064
14069115ns          228116 1c008aa2 0f4b8513 addi             x10, x23, 244       x10=1c0000f4 x23:1c000000
14069134ns          228117 1c008aa6 00d12823 sw               x13, 16(x2)         x13:00000020  x2:10001658  PA:10001668
14069154ns          228118 1c008aa8 00012c23 sw               x0, 24(x2)           x2:10001658  PA:10001670
14069174ns          228119 1c008aaa 00012a23 sw               x0, 20(x2)           x2:10001658  PA:1000166c
14069194ns          228120 1c008aac 00012e23 sw               x0, 28(x2)           x2:10001658  PA:10001674
14069214ns          228121 1c008aae 00012623 sw               x0, 12(x2)           x2:10001658  PA:10001664
14069592ns          228140 1c008ab0 02300913 addi             x18, x0, 35         x18=00000023
14069632ns          228142 1c008ab4 02d00a13 addi             x20, x0, 45         x20=0000002d
14069652ns          228143 1c008ab8 015009b3 add              x19, x0, x21        x19=1c000027 x21:1c000027
14069671ns          228144 1c008aba e1dff0ef jal              x1, -484             x1=1c008abc
14070626ns          228192 1c0088d6 00054783 lbu              x15, 0(x10)         x15=0000002d x10:1c0000f4  PA:1c0000f4
14071064ns          228214 1c0088da 0ff5f593 andi             x11, x11, 255       x11=00000064 x11:00000064
14071084ns          228215 1c0088de 00b78c63 beq              x15, x11, 24        x15:0000002d x11:00000064
14071104ns          228216 1c0088e2 00078b63 beq              x15, x0, 22         x15:0000002d
14071123ns          228217 1c0088e4 00150793 addi             x15, x10, 1         x15=1c0000f5 x10:1c0000f4
14071143ns          228218 1c0088e8 0040006f jal              x0, 4              
14071183ns          228220 1c0088ec 00f00533 add              x10, x0, x15        x10=1c0000f5 x15:1c0000f5
14071621ns          228242 1c0088ee 0017c70b p.lbu            x14, 1(x15!)        x14=0000002b x15=1c0000f6 x15:1c0000f5  PA:1c0000f5
14071939ns          228258 1c0088f2 feb71ce3 bne              x14, x11, -8        x14:0000002b x11:00000064
14071999ns          228261 1c0088ea 00070763 beq              x14, x0, 14         x14:0000002b
14072019ns          228262 1c0088ec 00f00533 add              x10, x0, x15        x10=1c0000f6 x15:1c0000f6
14072038ns          228263 1c0088ee 0017c70b p.lbu            x14, 1(x15!)        x14=00000020 x15=1c0000f7 x15:1c0000f6  PA:1c0000f6
14072357ns          228279 1c0088f2 feb71ce3 bne              x14, x11, -8        x14:00000020 x11:00000064
14072416ns          228282 1c0088ea 00070763 beq              x14, x0, 14         x14:00000020
14072436ns          228283 1c0088ec 00f00533 add              x10, x0, x15        x10=1c0000f7 x15:1c0000f7
14072456ns          228284 1c0088ee 0017c70b p.lbu            x14, 1(x15!)        x14=00000023 x15=1c0000f8 x15:1c0000f7  PA:1c0000f7
14072774ns          228300 1c0088f2 feb71ce3 bne              x14, x11, -8        x14:00000023 x11:00000064
14072834ns          228303 1c0088ea 00070763 beq              x14, x0, 14         x14:00000023
14072854ns          228304 1c0088ec 00f00533 add              x10, x0, x15        x10=1c0000f8 x15:1c0000f8
14072874ns          228305 1c0088ee 0017c70b p.lbu            x14, 1(x15!)        x14=00000030 x15=1c0000f9 x15:1c0000f8  PA:1c0000f8
14073232ns          228323 1c0088f2 feb71ce3 bne              x14, x11, -8        x14:00000030 x11:00000064
14073292ns          228326 1c0088ea 00070763 beq              x14, x0, 14         x14:00000030
14073311ns          228327 1c0088ec 00f00533 add              x10, x0, x15        x10=1c0000f9 x15:1c0000f9
14073331ns          228328 1c0088ee 0017c70b p.lbu            x14, 1(x15!)        x14=00000000 x15=1c0000fa x15:1c0000f9  PA:1c0000f9
14073650ns          228344 1c0088f2 feb71ce3 bne              x14, x11, -8        x14:00000000 x11:00000064
14073709ns          228347 1c0088ea 00070763 beq              x14, x0, 14         x14:00000000
14073769ns          228350 1c0088f8 0015b593 sltiu            x11, x11, 1         x11=00000000 x11:00000064
14073789ns          228351 1c0088fc 40b005b3 sub              x11, x0, x11        x11=00000000 x11:00000000
14073809ns          228352 1c008900 00b57533 and              x10, x10, x11       x10=00000000 x10:1c0000f9 x11:00000000
14073829ns          228353 1c008902 00008067 jalr             x0, x1, 0            x1:1c008abc
14073868ns          228355 1c008abc 02050a63 beq              x10, x0, 52         x10:00000000
14074326ns          228378 1c008af0 02a00613 addi             x12, x0, 42         x12=0000002a
14074366ns          228380 1c008af4 2ac48663 beq              x9, x12, 684         x9:00000064 x12:0000002a
14074386ns          228381 1c008af8 fd048613 addi             x12, x9, -48        x12=00000034  x9:00000064
14074405ns          228382 1c008afc 00900593 addi             x11, x0, 9          x11=00000009
14074425ns          228383 1c008afe 00000913 addi             x18, x0, 0          x18=00000000
14074843ns          228404 1c008b00 28c5f063 bgeu             x11, x12, 640       x11:00000009 x12:00000034
14074883ns          228406 1c008b04 02e00693 addi             x13, x0, 46         x13=0000002e
14074903ns          228407 1c008b08 fff00a13 addi             x20, x0, -1         x20=ffffffff
14074923ns          228408 1c008b0a 2ed48363 beq              x9, x13, 742         x9:00000064 x13:0000002e
14075360ns          228430 1c008b0e 1c0007b7 lui              x15, 0x1c000000     x15=1c000000
14075380ns          228431 1c008b12 009005b3 add              x11, x0, x9         x11=00000064  x9:00000064
14075400ns          228432 1c008b14 0fc78513 addi             x10, x15, 252       x10=1c0000fc x15:1c000000
14075420ns          228433 1c008b18 dbfff0ef jal              x1, -578             x1=1c008b1a
14075480ns          228436 1c0088d6 00054783 lbu              x15, 0(x10)         x15=00000068 x10:1c0000fc  PA:1c0000fc
14075778ns          228451 1c0088da 0ff5f593 andi             x11, x11, 255       x11=00000064 x11:00000064
14075798ns          228452 1c0088de 00b78c63 beq              x15, x11, 24        x15:00000068 x11:00000064
14075818ns          228453 1c0088e2 00078b63 beq              x15, x0, 22         x15:00000068
14075838ns          228454 1c0088e4 00150793 addi             x15, x10, 1         x15=1c0000fd x10:1c0000fc
14075857ns          228455 1c0088e8 0040006f jal              x0, 4              
14075957ns          228460 1c0088ec 00f00533 add              x10, x0, x15        x10=1c0000fd x15:1c0000fd
14075977ns          228461 1c0088ee 0017c70b p.lbu            x14, 1(x15!)        x14=0000006c x15=1c0000fe x15:1c0000fd  PA:1c0000fd
14076295ns          228477 1c0088f2 feb71ce3 bne              x14, x11, -8        x14:0000006c x11:00000064
14076355ns          228480 1c0088ea 00070763 beq              x14, x0, 14         x14:0000006c
14076375ns          228481 1c0088ec 00f00533 add              x10, x0, x15        x10=1c0000fe x15:1c0000fe
14076395ns          228482 1c0088ee 0017c70b p.lbu            x14, 1(x15!)        x14=0000004c x15=1c0000ff x15:1c0000fe  PA:1c0000fe
14076713ns          228498 1c0088f2 feb71ce3 bne              x14, x11, -8        x14:0000004c x11:00000064
14076772ns          228501 1c0088ea 00070763 beq              x14, x0, 14         x14:0000004c
14076792ns          228502 1c0088ec 00f00533 add              x10, x0, x15        x10=1c0000ff x15:1c0000ff
14076812ns          228503 1c0088ee 0017c70b p.lbu            x14, 1(x15!)        x14=0000007a x15=1c000100 x15:1c0000ff  PA:1c0000ff
14077130ns          228519 1c0088f2 feb71ce3 bne              x14, x11, -8        x14:0000007a x11:00000064
14077190ns          228522 1c0088ea 00070763 beq              x14, x0, 14         x14:0000007a
14077210ns          228523 1c0088ec 00f00533 add              x10, x0, x15        x10=1c000100 x15:1c000100
14077230ns          228524 1c0088ee 0017c70b p.lbu            x14, 1(x15!)        x14=00000000 x15=1c000101 x15:1c000100  PA:1c000100
14077548ns          228540 1c0088f2 feb71ce3 bne              x14, x11, -8        x14:00000000 x11:00000064
14077608ns          228543 1c0088ea 00070763 beq              x14, x0, 14         x14:00000000
14077668ns          228546 1c0088f8 0015b593 sltiu            x11, x11, 1         x11=00000000 x11:00000064
14077687ns          228547 1c0088fc 40b005b3 sub              x11, x0, x11        x11=00000000 x11:00000000
14077707ns          228548 1c008900 00b57533 and              x10, x10, x11       x10=00000000 x10:1c000100 x11:00000000
14077727ns          228549 1c008902 00008067 jalr             x0, x1, 0            x1:1c008b1a
14077767ns          228551 1c008b1a 01300433 add              x8, x0, x19          x8=1c000027 x19:1c000027
14077787ns          228552 1c008b1c 00050563 beq              x10, x0, 10         x10:00000000
14078284ns          228577 1c008b26 06700693 addi             x13, x0, 103        x13=00000067
14078304ns          228578 1c008b2a 2896d963 bge              x13, x9, 658        x13:00000067  x9:00000064
14079239ns          228625 1c008dbc 06500693 addi             x13, x0, 101        x13=00000065
14079716ns          228649 1c008dc0 12d4d563 bge              x9, x13, 298         x9:00000064 x13:00000065
14079756ns          228651 1c008dc4 04700693 addi             x13, x0, 71         x13=00000047
14079776ns          228652 1c008dc8 dc96cbe3 blt              x13, x9, -554       x13:00000047  x9:00000064
14081208ns          228724 1c008b9e 06300693 addi             x13, x0, 99         x13=00000063
14081248ns          228726 1c008ba2 0ad488e3 beq              x9, x13, 2224        x9:00000064 x13:00000063
14081268ns          228727 1c008ba6 0096c9e3 blt              x13, x9, 2066       x13:00000063  x9:00000064
14082223ns          228775 1c0093b8 000c2583 lw               x11, 0(x24)         x11=00000001 x24:100017ac  PA:100017ac
14082262ns          228777 1c0093bc 004c0c13 addi             x24, x24, 4         x24=100017b0 x24:100017ac
14082700ns          228799 1c0093be 3405cc63 blt              x11, x0, 856        x11:00000001
14082720ns          228800 1c0093c2 01412603 lw               x12, 20(x2)         x12=00000000  x2:10001658  PA:1000166c
14082740ns          228801 1c0093c4 00b006b3 add              x13, x0, x11        x13=00000001 x11:00000001
14082760ns          228802 1c0093c6 2e061863 bne              x12, x0, 752        x12:00000000
14082779ns          228803 1c0093ca 01812703 lw               x14, 24(x2)         x14=00000000  x2:10001658  PA:10001670
14082799ns          228804 1c0093cc 019007b3 add              x15, x0, x25        x15=1000167c x25:1000167c
14082819ns          228805 1c0093ce 00070763 beq              x14, x0, 14         x14:00000000
14083257ns          228827 1c0093dc 00f00733 add              x14, x0, x15        x14=1000167c x15:1000167c
14083277ns          228828 1c0093de 00a00513 addi             x10, x0, 10         x10=0000000a
14083714ns          228850 1c0093e0 02a6f633 remu             x12, x13, x10       x12=00000001 x13:00000001 x10:0000000a
14084351ns          228882 1c0093e4 02a6d6b3 divu             x13, x13, x10       x13=00000000 x13:00000001 x10:0000000a
14084967ns          228913 1c0093e8 03060613 addi             x12, x12, 48        x12=00000031 x12:00000001
14084987ns          228914 1c0093ec 00c700ab p.sb             x12, 1(x14!)        x14=1000167d x12:00000031 x14:1000167c  PA:1000167c
14085007ns          228915 1c0093f0 fe0698e3 bne              x13, x0, -16        x13:00000000
14085027ns          228916 1c0093f2 40f706b3 sub              x13, x14, x15       x13=00000001 x14:1000167d x15:1000167c
14085047ns          228917 1c0093f6 0146dc63 bge              x13, x20, 24        x13:00000001 x20:ffffffff
14085544ns          228942 1c00940e 00e006b3 add              x13, x0, x14        x13=1000167d x14:1000167d
14085982ns          228964 1c009410 fe068fab p.sb             x0, -1(x13!)        x13=1000167c x13:1000167d  PA:1000167d
14086022ns          228966 1c009414 00d7fc63 bgeu             x15, x13, 24        x15:1000167c x13:1000167c
14086519ns          228991 1c00942c 01412783 lw               x15, 20(x2)         x15=00000000  x2:10001658  PA:1000166c
14086539ns          228992 1c00942e 01812603 lw               x12, 24(x2)         x12=00000000  x2:10001658  PA:10001670
14086976ns          229014 1c009430 419704b3 sub              x9, x14, x25         x9=00000001 x14:1000167d x25:1000167c
14087016ns          229016 1c009434 00c7e7b3 or               x15, x15, x12       x15=00000000 x15:00000000 x12:00000000
14087036ns          229017 1c009436 00f12623 sw               x15, 12(x2)         x15:00000000  x2:10001658  PA:10001664
14087056ns          229018 1c009438 00079363 bne              x15, x0, 6          x15:00000000
14087076ns          229019 1c00943a 01f5d593 srli             x11, x11, 0x1f      x11=00000000 x11:00000001
14087096ns          229020 1c00943c 00b12623 sw               x11, 12(x2)         x11:00000000  x2:10001658  PA:10001664
14087494ns          229040 1c00943e e3fa28e3 p.beqimm         x20, -464           x20:ffffffff
14088428ns          229087 1c00926e 0c800793 addi             x15, x0, 200        x15=000000c8
14088468ns          229089 1c009272 9e97d0e3 bge              x15, x9, -1568      x15:000000c8  x9:00000001
14088985ns          229115 1c008c52 0f24d163 bge              x9, x18, 226         x9:00000001 x18:00000000
14089463ns          229139 1c008d34 d00482e3 beq              x9, x0, -764         x9:00000001
14089503ns          229141 1c008d38 01900933 add              x18, x0, x25        x18=1000167c x25:1000167c
14089522ns          229142 1c008d3a 419d8db3 sub              x27, x27, x25       x27=efffe98d x27:00000009 x25:1000167c
14089542ns          229143 1c008d3e 00a0006f jal              x0, 10             
14090000ns          229166 1c008d48 0019450b p.lbu            x10, 1(x18!)        x10=00000031 x18=1000167d x18:1000167c  PA:1000167c
14090020ns          229167 1c008d4c 01a005b3 add              x11, x0, x26        x11=00000002 x26:00000002
14090040ns          229168 1c008d4e 000b00e7 jalr             x1, x22, 0           x1=1c008d50 x22:1c008956
14090557ns          229194 1c008956 000026b7 lui              x13, 0x2000         x13=00002000
14090597ns          229196 1c008958 f14027f3 csrrs            x15, x0, 0xf14      x15=00000002
14090616ns          229197 1c00895c f8068693 addi             x13, x13, -128      x13=00001f80 x13:00002000
14090636ns          229198 1c008960 00379713 slli             x14, x15, 0x3       x14=00000010 x15:00000002
14090656ns          229199 1c008964 00279793 slli             x15, x15, 0x2       x15=00000008 x15:00000002
14090676ns          229200 1c008966 00d7f7b3 and              x15, x15, x13       x15=00000000 x15:00000008 x13:00001f80
14090696ns          229201 1c008968 ee873733 p.bclr           x14, x14, 23, 8     x14=00000010 x14:00000010
14090716ns          229202 1c00896c 1a10f6b7 lui              x13, 0x1a10f000     x13=1a10f000
14090756ns          229204 1c008970 0ff57513 andi             x10, x10, 255       x10=00000031 x10:00000031
14090795ns          229206 1c008974 00d70733 add              x14, x14, x13       x14=1a10f010 x14:00000010 x13:1a10f000
14090815ns          229207 1c008976 00a7e723 p.sw             x10, x0(x15)        x10:00000031 x15:00000000  PA:1a10f010
14091253ns          229229 1c00897a 00000513 addi             x10, x0, 0          x10=00000000
14091273ns          229230 1c00897c 00008067 jalr             x0, x1, 0            x1:1c008d50
14091313ns          229232 1c008d50 fff48493 addi             x9, x9, -1           x9=00000000  x9:00000001
14091332ns          229233 1c008d52 fff537e3 p.bneimm         x10, -18            x10:00000000
14091392ns          229236 1c008d40 012d8733 add              x14, x27, x18       x14=0000000a x27:efffe98d x18:1000167d
14091412ns          229237 1c008d44 5a048b63 beq              x9, x0, 1462         x9:00000000
14091830ns          229258 1c0092fa 00e00db3 add              x27, x0, x14        x27=0000000a x14:0000000a
14091870ns          229260 1c0092fc f3cff06f jal              x0, -2244          
14092347ns          229284 1c008a38 00044503 lbu              x10, 0(x8)          x10=00000020  x8:1c000027  PA:1c000027
14092645ns          229299 1c008a3c 00140413 addi             x8, x8, 1            x8=1c000028  x8:1c000027
14092665ns          229300 1c008a3e 00050e63 beq              x10, x0, 28         x10:00000020
14092685ns          229301 1c008a40 02500793 addi             x15, x0, 37         x15=00000025
14092705ns          229302 1c008a44 04f50863 beq              x10, x15, 80        x10:00000020 x15:00000025
14092725ns          229303 1c008a48 01a005b3 add              x11, x0, x26        x11=00000002 x26:00000002
14092745ns          229304 1c008a4a 000b00e7 jalr             x1, x22, 0           x1=1c008a4c x22:1c008956
14092824ns          229308 1c008956 000026b7 lui              x13, 0x2000         x13=00002000
14092844ns          229309 1c008958 f14027f3 csrrs            x15, x0, 0xf14      x15=00000002
14092864ns          229310 1c00895c f8068693 addi             x13, x13, -128      x13=00001f80 x13:00002000
14092884ns          229311 1c008960 00379713 slli             x14, x15, 0x3       x14=00000010 x15:00000002
14092904ns          229312 1c008964 00279793 slli             x15, x15, 0x2       x15=00000008 x15:00000002
14092924ns          229313 1c008966 00d7f7b3 and              x15, x15, x13       x15=00000000 x15:00000008 x13:00001f80
14092944ns          229314 1c008968 ee873733 p.bclr           x14, x14, 23, 8     x14=00000010 x14:00000010
14092964ns          229315 1c00896c 1a10f6b7 lui              x13, 0x1a10f000     x13=1a10f000
14092983ns          229316 1c008970 0ff57513 andi             x10, x10, 255       x10=00000020 x10:00000020
14093003ns          229317 1c008974 00d70733 add              x14, x14, x13       x14=1a10f010 x14:00000010 x13:1a10f000
14093023ns          229318 1c008976 00a7e723 p.sw             x10, x0(x15)        x10:00000020 x15:00000000  PA:1a10f010
14093421ns          229338 1c00897a 00000513 addi             x10, x0, 0          x10=00000000
14093441ns          229339 1c00897c 00008067 jalr             x0, x1, 0            x1:1c008a4c
14093481ns          229341 1c008a4c 31f52563 p.beqimm         x10, 778            x10:00000000
14093501ns          229342 1c008a50 001d8d93 addi             x27, x27, 1         x27=0000000b x27:0000000a
14093520ns          229343 1c008a52 00044503 lbu              x10, 0(x8)          x10=0000006b  x8:1c000028  PA:1c000028
14093819ns          229358 1c008a56 00140413 addi             x8, x8, 1            x8=1c000029  x8:1c000028
14093839ns          229359 1c008a58 fe0514e3 bne              x10, x0, -24        x10:0000006b
14093898ns          229362 1c008a40 02500793 addi             x15, x0, 37         x15=00000025
14093918ns          229363 1c008a44 04f50863 beq              x10, x15, 80        x10:0000006b x15:00000025
14093938ns          229364 1c008a48 01a005b3 add              x11, x0, x26        x11=00000002 x26:00000002
14093958ns          229365 1c008a4a 000b00e7 jalr             x1, x22, 0           x1=1c008a4c x22:1c008956
14093998ns          229367 1c008956 000026b7 lui              x13, 0x2000         x13=00002000
14094018ns          229368 1c008958 f14027f3 csrrs            x15, x0, 0xf14      x15=00000002
14094038ns          229369 1c00895c f8068693 addi             x13, x13, -128      x13=00001f80 x13:00002000
14094058ns          229370 1c008960 00379713 slli             x14, x15, 0x3       x14=00000010 x15:00000002
14094077ns          229371 1c008964 00279793 slli             x15, x15, 0x2       x15=00000008 x15:00000002
14094097ns          229372 1c008966 00d7f7b3 and              x15, x15, x13       x15=00000000 x15:00000008 x13:00001f80
14094117ns          229373 1c008968 ee873733 p.bclr           x14, x14, 23, 8     x14=00000010 x14:00000010
14094137ns          229374 1c00896c 1a10f6b7 lui              x13, 0x1a10f000     x13=1a10f000
14094157ns          229375 1c008970 0ff57513 andi             x10, x10, 255       x10=0000006b x10:0000006b
14094177ns          229376 1c008974 00d70733 add              x14, x14, x13       x14=1a10f010 x14:00000010 x13:1a10f000
14094197ns          229377 1c008976 00a7e723 p.sw             x10, x0(x15)        x10:0000006b x15:00000000  PA:1a10f010
14094515ns          229393 1c00897a 00000513 addi             x10, x0, 0          x10=00000000
14094535ns          229394 1c00897c 00008067 jalr             x0, x1, 0            x1:1c008a4c
14094575ns          229396 1c008a4c 31f52563 p.beqimm         x10, 778            x10:00000000
14094595ns          229397 1c008a50 001d8d93 addi             x27, x27, 1         x27=0000000c x27:0000000b
14094614ns          229398 1c008a52 00044503 lbu              x10, 0(x8)          x10=00000065  x8:1c000029  PA:1c000029
14094913ns          229413 1c008a56 00140413 addi             x8, x8, 1            x8=1c00002a  x8:1c000029
14094933ns          229414 1c008a58 fe0514e3 bne              x10, x0, -24        x10:00000065
14094992ns          229417 1c008a40 02500793 addi             x15, x0, 37         x15=00000025
14095012ns          229418 1c008a44 04f50863 beq              x10, x15, 80        x10:00000065 x15:00000025
14095032ns          229419 1c008a48 01a005b3 add              x11, x0, x26        x11=00000002 x26:00000002
14095052ns          229420 1c008a4a 000b00e7 jalr             x1, x22, 0           x1=1c008a4c x22:1c008956
14095092ns          229422 1c008956 000026b7 lui              x13, 0x2000         x13=00002000
14095112ns          229423 1c008958 f14027f3 csrrs            x15, x0, 0xf14      x15=00000002
14095132ns          229424 1c00895c f8068693 addi             x13, x13, -128      x13=00001f80 x13:00002000
14095151ns          229425 1c008960 00379713 slli             x14, x15, 0x3       x14=00000010 x15:00000002
14095171ns          229426 1c008964 00279793 slli             x15, x15, 0x2       x15=00000008 x15:00000002
14095191ns          229427 1c008966 00d7f7b3 and              x15, x15, x13       x15=00000000 x15:00000008 x13:00001f80
14095211ns          229428 1c008968 ee873733 p.bclr           x14, x14, 23, 8     x14=00000010 x14:00000010
14095231ns          229429 1c00896c 1a10f6b7 lui              x13, 0x1a10f000     x13=1a10f000
14095251ns          229430 1c008970 0ff57513 andi             x10, x10, 255       x10=00000065 x10:00000065
14095271ns          229431 1c008974 00d70733 add              x14, x14, x13       x14=1a10f010 x14:00000010 x13:1a10f000
14095291ns          229432 1c008976 00a7e723 p.sw             x10, x0(x15)        x10:00000065 x15:00000000  PA:1a10f010
14095629ns          229449 1c00897a 00000513 addi             x10, x0, 0          x10=00000000
14095649ns          229450 1c00897c 00008067 jalr             x0, x1, 0            x1:1c008a4c
14095689ns          229452 1c008a4c 31f52563 p.beqimm         x10, 778            x10:00000000
14095708ns          229453 1c008a50 001d8d93 addi             x27, x27, 1         x27=0000000d x27:0000000c
14095728ns          229454 1c008a52 00044503 lbu              x10, 0(x8)          x10=00000072  x8:1c00002a  PA:1c00002a
14096027ns          229469 1c008a56 00140413 addi             x8, x8, 1            x8=1c00002b  x8:1c00002a
14096047ns          229470 1c008a58 fe0514e3 bne              x10, x0, -24        x10:00000072
14096106ns          229473 1c008a40 02500793 addi             x15, x0, 37         x15=00000025
14096126ns          229474 1c008a44 04f50863 beq              x10, x15, 80        x10:00000072 x15:00000025
14096146ns          229475 1c008a48 01a005b3 add              x11, x0, x26        x11=00000002 x26:00000002
14096166ns          229476 1c008a4a 000b00e7 jalr             x1, x22, 0           x1=1c008a4c x22:1c008956
14096206ns          229478 1c008956 000026b7 lui              x13, 0x2000         x13=00002000
14096226ns          229479 1c008958 f14027f3 csrrs            x15, x0, 0xf14      x15=00000002
14096245ns          229480 1c00895c f8068693 addi             x13, x13, -128      x13=00001f80 x13:00002000
14096265ns          229481 1c008960 00379713 slli             x14, x15, 0x3       x14=00000010 x15:00000002
14096285ns          229482 1c008964 00279793 slli             x15, x15, 0x2       x15=00000008 x15:00000002
14096305ns          229483 1c008966 00d7f7b3 and              x15, x15, x13       x15=00000000 x15:00000008 x13:00001f80
14096325ns          229484 1c008968 ee873733 p.bclr           x14, x14, 23, 8     x14=00000010 x14:00000010
14096345ns          229485 1c00896c 1a10f6b7 lui              x13, 0x1a10f000     x13=1a10f000
14096365ns          229486 1c008970 0ff57513 andi             x10, x10, 255       x10=00000072 x10:00000072
14096385ns          229487 1c008974 00d70733 add              x14, x14, x13       x14=1a10f010 x14:00000010 x13:1a10f000
14096405ns          229488 1c008976 00a7e723 p.sw             x10, x0(x15)        x10:00000072 x15:00000000  PA:1a10f010
14096723ns          229504 1c00897a 00000513 addi             x10, x0, 0          x10=00000000
14096743ns          229505 1c00897c 00008067 jalr             x0, x1, 0            x1:1c008a4c
14096783ns          229507 1c008a4c 31f52563 p.beqimm         x10, 778            x10:00000000
14096802ns          229508 1c008a50 001d8d93 addi             x27, x27, 1         x27=0000000e x27:0000000d
14096822ns          229509 1c008a52 00044503 lbu              x10, 0(x8)          x10=0000006e  x8:1c00002b  PA:1c00002b
14097121ns          229524 1c008a56 00140413 addi             x8, x8, 1            x8=1c00002c  x8:1c00002b
14097141ns          229525 1c008a58 fe0514e3 bne              x10, x0, -24        x10:0000006e
14097200ns          229528 1c008a40 02500793 addi             x15, x0, 37         x15=00000025
14097220ns          229529 1c008a44 04f50863 beq              x10, x15, 80        x10:0000006e x15:00000025
14097240ns          229530 1c008a48 01a005b3 add              x11, x0, x26        x11=00000002 x26:00000002
14097260ns          229531 1c008a4a 000b00e7 jalr             x1, x22, 0           x1=1c008a4c x22:1c008956
14097300ns          229533 1c008956 000026b7 lui              x13, 0x2000         x13=00002000
14097320ns          229534 1c008958 f14027f3 csrrs            x15, x0, 0xf14      x15=00000002
14097339ns          229535 1c00895c f8068693 addi             x13, x13, -128      x13=00001f80 x13:00002000
14097359ns          229536 1c008960 00379713 slli             x14, x15, 0x3       x14=00000010 x15:00000002
14097379ns          229537 1c008964 00279793 slli             x15, x15, 0x2       x15=00000008 x15:00000002
14097399ns          229538 1c008966 00d7f7b3 and              x15, x15, x13       x15=00000000 x15:00000008 x13:00001f80
14097419ns          229539 1c008968 ee873733 p.bclr           x14, x14, 23, 8     x14=00000010 x14:00000010
14097439ns          229540 1c00896c 1a10f6b7 lui              x13, 0x1a10f000     x13=1a10f000
14097459ns          229541 1c008970 0ff57513 andi             x10, x10, 255       x10=0000006e x10:0000006e
14097479ns          229542 1c008974 00d70733 add              x14, x14, x13       x14=1a10f010 x14:00000010 x13:1a10f000
14097499ns          229543 1c008976 00a7e723 p.sw             x10, x0(x15)        x10:0000006e x15:00000000  PA:1a10f010
14097817ns          229559 1c00897a 00000513 addi             x10, x0, 0          x10=00000000
14097837ns          229560 1c00897c 00008067 jalr             x0, x1, 0            x1:1c008a4c
14097877ns          229562 1c008a4c 31f52563 p.beqimm         x10, 778            x10:00000000
14097896ns          229563 1c008a50 001d8d93 addi             x27, x27, 1         x27=0000000f x27:0000000e
14097916ns          229564 1c008a52 00044503 lbu              x10, 0(x8)          x10=00000065  x8:1c00002c  PA:1c00002c
14098235ns          229580 1c008a56 00140413 addi             x8, x8, 1            x8=1c00002d  x8:1c00002c
14098254ns          229581 1c008a58 fe0514e3 bne              x10, x0, -24        x10:00000065
14098314ns          229584 1c008a40 02500793 addi             x15, x0, 37         x15=00000025
14098334ns          229585 1c008a44 04f50863 beq              x10, x15, 80        x10:00000065 x15:00000025
14098354ns          229586 1c008a48 01a005b3 add              x11, x0, x26        x11=00000002 x26:00000002
14098374ns          229587 1c008a4a 000b00e7 jalr             x1, x22, 0           x1=1c008a4c x22:1c008956
14098414ns          229589 1c008956 000026b7 lui              x13, 0x2000         x13=00002000
14098433ns          229590 1c008958 f14027f3 csrrs            x15, x0, 0xf14      x15=00000002
14098453ns          229591 1c00895c f8068693 addi             x13, x13, -128      x13=00001f80 x13:00002000
14098473ns          229592 1c008960 00379713 slli             x14, x15, 0x3       x14=00000010 x15:00000002
14098493ns          229593 1c008964 00279793 slli             x15, x15, 0x2       x15=00000008 x15:00000002
14098513ns          229594 1c008966 00d7f7b3 and              x15, x15, x13       x15=00000000 x15:00000008 x13:00001f80
14098533ns          229595 1c008968 ee873733 p.bclr           x14, x14, 23, 8     x14=00000010 x14:00000010
14098553ns          229596 1c00896c 1a10f6b7 lui              x13, 0x1a10f000     x13=1a10f000
14098573ns          229597 1c008970 0ff57513 andi             x10, x10, 255       x10=00000065 x10:00000065
14098593ns          229598 1c008974 00d70733 add              x14, x14, x13       x14=1a10f010 x14:00000010 x13:1a10f000
14098612ns          229599 1c008976 00a7e723 p.sw             x10, x0(x15)        x10:00000065 x15:00000000  PA:1a10f010
14098931ns          229615 1c00897a 00000513 addi             x10, x0, 0          x10=00000000
14098951ns          229616 1c00897c 00008067 jalr             x0, x1, 0            x1:1c008a4c
14098990ns          229618 1c008a4c 31f52563 p.beqimm         x10, 778            x10:00000000
14099010ns          229619 1c008a50 001d8d93 addi             x27, x27, 1         x27=00000010 x27:0000000f
14099030ns          229620 1c008a52 00044503 lbu              x10, 0(x8)          x10=0000006c  x8:1c00002d  PA:1c00002d
14099329ns          229635 1c008a56 00140413 addi             x8, x8, 1            x8=1c00002e  x8:1c00002d
14099348ns          229636 1c008a58 fe0514e3 bne              x10, x0, -24        x10:0000006c
14099408ns          229639 1c008a40 02500793 addi             x15, x0, 37         x15=00000025
14099428ns          229640 1c008a44 04f50863 beq              x10, x15, 80        x10:0000006c x15:00000025
14099448ns          229641 1c008a48 01a005b3 add              x11, x0, x26        x11=00000002 x26:00000002
14099468ns          229642 1c008a4a 000b00e7 jalr             x1, x22, 0           x1=1c008a4c x22:1c008956
14099508ns          229644 1c008956 000026b7 lui              x13, 0x2000         x13=00002000
14099527ns          229645 1c008958 f14027f3 csrrs            x15, x0, 0xf14      x15=00000002
14099547ns          229646 1c00895c f8068693 addi             x13, x13, -128      x13=00001f80 x13:00002000
14099567ns          229647 1c008960 00379713 slli             x14, x15, 0x3       x14=00000010 x15:00000002
14099587ns          229648 1c008964 00279793 slli             x15, x15, 0x2       x15=00000008 x15:00000002
14099607ns          229649 1c008966 00d7f7b3 and              x15, x15, x13       x15=00000000 x15:00000008 x13:00001f80
14099627ns          229650 1c008968 ee873733 p.bclr           x14, x14, 23, 8     x14=00000010 x14:00000010
14099647ns          229651 1c00896c 1a10f6b7 lui              x13, 0x1a10f000     x13=1a10f000
14099667ns          229652 1c008970 0ff57513 andi             x10, x10, 255       x10=0000006c x10:0000006c
14099687ns          229653 1c008974 00d70733 add              x14, x14, x13       x14=1a10f010 x14:00000010 x13:1a10f000
14099706ns          229654 1c008976 00a7e723 p.sw             x10, x0(x15)        x10:0000006c x15:00000000  PA:1a10f010
14100025ns          229670 1c00897a 00000513 addi             x10, x0, 0          x10=00000000
14100045ns          229671 1c00897c 00008067 jalr             x0, x1, 0            x1:1c008a4c
14100084ns          229673 1c008a4c 31f52563 p.beqimm         x10, 778            x10:00000000
14100104ns          229674 1c008a50 001d8d93 addi             x27, x27, 1         x27=00000011 x27:00000010
14100124ns          229675 1c008a52 00044503 lbu              x10, 0(x8)          x10=00000020  x8:1c00002e  PA:1c00002e
14100423ns          229690 1c008a56 00140413 addi             x8, x8, 1            x8=1c00002f  x8:1c00002e
14100442ns          229691 1c008a58 fe0514e3 bne              x10, x0, -24        x10:00000020
14100502ns          229694 1c008a40 02500793 addi             x15, x0, 37         x15=00000025
14100522ns          229695 1c008a44 04f50863 beq              x10, x15, 80        x10:00000020 x15:00000025
14100542ns          229696 1c008a48 01a005b3 add              x11, x0, x26        x11=00000002 x26:00000002
14100562ns          229697 1c008a4a 000b00e7 jalr             x1, x22, 0           x1=1c008a4c x22:1c008956
14100602ns          229699 1c008956 000026b7 lui              x13, 0x2000         x13=00002000
14100621ns          229700 1c008958 f14027f3 csrrs            x15, x0, 0xf14      x15=00000002
14100641ns          229701 1c00895c f8068693 addi             x13, x13, -128      x13=00001f80 x13:00002000
14100661ns          229702 1c008960 00379713 slli             x14, x15, 0x3       x14=00000010 x15:00000002
14100681ns          229703 1c008964 00279793 slli             x15, x15, 0x2       x15=00000008 x15:00000002
14100701ns          229704 1c008966 00d7f7b3 and              x15, x15, x13       x15=00000000 x15:00000008 x13:00001f80
14100721ns          229705 1c008968 ee873733 p.bclr           x14, x14, 23, 8     x14=00000010 x14:00000010
14100741ns          229706 1c00896c 1a10f6b7 lui              x13, 0x1a10f000     x13=1a10f000
14100761ns          229707 1c008970 0ff57513 andi             x10, x10, 255       x10=00000020 x10:00000020
14100781ns          229708 1c008974 00d70733 add              x14, x14, x13       x14=1a10f010 x14:00000010 x13:1a10f000
14100800ns          229709 1c008976 00a7e723 p.sw             x10, x0(x15)        x10:00000020 x15:00000000  PA:1a10f010
14101159ns          229727 1c00897a 00000513 addi             x10, x0, 0          x10=00000000
14101178ns          229728 1c00897c 00008067 jalr             x0, x1, 0            x1:1c008a4c
14101218ns          229730 1c008a4c 31f52563 p.beqimm         x10, 778            x10:00000000
14101238ns          229731 1c008a50 001d8d93 addi             x27, x27, 1         x27=00000012 x27:00000011
14101258ns          229732 1c008a52 00044503 lbu              x10, 0(x8)          x10=00000069  x8:1c00002f  PA:1c00002f
14101556ns          229747 1c008a56 00140413 addi             x8, x8, 1            x8=1c000030  x8:1c00002f
14101576ns          229748 1c008a58 fe0514e3 bne              x10, x0, -24        x10:00000069
14101636ns          229751 1c008a40 02500793 addi             x15, x0, 37         x15=00000025
14101656ns          229752 1c008a44 04f50863 beq              x10, x15, 80        x10:00000069 x15:00000025
14101676ns          229753 1c008a48 01a005b3 add              x11, x0, x26        x11=00000002 x26:00000002
14101696ns          229754 1c008a4a 000b00e7 jalr             x1, x22, 0           x1=1c008a4c x22:1c008956
14101735ns          229756 1c008956 000026b7 lui              x13, 0x2000         x13=00002000
14101755ns          229757 1c008958 f14027f3 csrrs            x15, x0, 0xf14      x15=00000002
14101775ns          229758 1c00895c f8068693 addi             x13, x13, -128      x13=00001f80 x13:00002000
14101795ns          229759 1c008960 00379713 slli             x14, x15, 0x3       x14=00000010 x15:00000002
14101815ns          229760 1c008964 00279793 slli             x15, x15, 0x2       x15=00000008 x15:00000002
14101835ns          229761 1c008966 00d7f7b3 and              x15, x15, x13       x15=00000000 x15:00000008 x13:00001f80
14101855ns          229762 1c008968 ee873733 p.bclr           x14, x14, 23, 8     x14=00000010 x14:00000010
14101875ns          229763 1c00896c 1a10f6b7 lui              x13, 0x1a10f000     x13=1a10f000
14101894ns          229764 1c008970 0ff57513 andi             x10, x10, 255       x10=00000069 x10:00000069
14101914ns          229765 1c008974 00d70733 add              x14, x14, x13       x14=1a10f010 x14:00000010 x13:1a10f000
14101934ns          229766 1c008976 00a7e723 p.sw             x10, x0(x15)        x10:00000069 x15:00000000  PA:1a10f010
14102272ns          229783 1c00897a 00000513 addi             x10, x0, 0          x10=00000000
14102292ns          229784 1c00897c 00008067 jalr             x0, x1, 0            x1:1c008a4c
14102332ns          229786 1c008a4c 31f52563 p.beqimm         x10, 778            x10:00000000
14102352ns          229787 1c008a50 001d8d93 addi             x27, x27, 1         x27=00000013 x27:00000012
14102372ns          229788 1c008a52 00044503 lbu              x10, 0(x8)          x10=00000074  x8:1c000030  PA:1c000030
14102670ns          229803 1c008a56 00140413 addi             x8, x8, 1            x8=1c000031  x8:1c000030
14102690ns          229804 1c008a58 fe0514e3 bne              x10, x0, -24        x10:00000074
14102750ns          229807 1c008a40 02500793 addi             x15, x0, 37         x15=00000025
14102770ns          229808 1c008a44 04f50863 beq              x10, x15, 80        x10:00000074 x15:00000025
14102790ns          229809 1c008a48 01a005b3 add              x11, x0, x26        x11=00000002 x26:00000002
14102809ns          229810 1c008a4a 000b00e7 jalr             x1, x22, 0           x1=1c008a4c x22:1c008956
14102849ns          229812 1c008956 000026b7 lui              x13, 0x2000         x13=00002000
14102869ns          229813 1c008958 f14027f3 csrrs            x15, x0, 0xf14      x15=00000002
14102889ns          229814 1c00895c f8068693 addi             x13, x13, -128      x13=00001f80 x13:00002000
14102909ns          229815 1c008960 00379713 slli             x14, x15, 0x3       x14=00000010 x15:00000002
14102929ns          229816 1c008964 00279793 slli             x15, x15, 0x2       x15=00000008 x15:00000002
14102949ns          229817 1c008966 00d7f7b3 and              x15, x15, x13       x15=00000000 x15:00000008 x13:00001f80
14102969ns          229818 1c008968 ee873733 p.bclr           x14, x14, 23, 8     x14=00000010 x14:00000010
14102988ns          229819 1c00896c 1a10f6b7 lui              x13, 0x1a10f000     x13=1a10f000
14103008ns          229820 1c008970 0ff57513 andi             x10, x10, 255       x10=00000074 x10:00000074
14103028ns          229821 1c008974 00d70733 add              x14, x14, x13       x14=1a10f010 x14:00000010 x13:1a10f000
14103048ns          229822 1c008976 00a7e723 p.sw             x10, x0(x15)        x10:00000074 x15:00000000  PA:1a10f010
14103366ns          229838 1c00897a 00000513 addi             x10, x0, 0          x10=00000000
14103386ns          229839 1c00897c 00008067 jalr             x0, x1, 0            x1:1c008a4c
14103426ns          229841 1c008a4c 31f52563 p.beqimm         x10, 778            x10:00000000
14103446ns          229842 1c008a50 001d8d93 addi             x27, x27, 1         x27=00000014 x27:00000013
14103466ns          229843 1c008a52 00044503 lbu              x10, 0(x8)          x10=00000065  x8:1c000031  PA:1c000031
14103764ns          229858 1c008a56 00140413 addi             x8, x8, 1            x8=1c000032  x8:1c000031
14103784ns          229859 1c008a58 fe0514e3 bne              x10, x0, -24        x10:00000065
14103844ns          229862 1c008a40 02500793 addi             x15, x0, 37         x15=00000025
14103864ns          229863 1c008a44 04f50863 beq              x10, x15, 80        x10:00000065 x15:00000025
14103884ns          229864 1c008a48 01a005b3 add              x11, x0, x26        x11=00000002 x26:00000002
14103903ns          229865 1c008a4a 000b00e7 jalr             x1, x22, 0           x1=1c008a4c x22:1c008956
14103943ns          229867 1c008956 000026b7 lui              x13, 0x2000         x13=00002000
14103963ns          229868 1c008958 f14027f3 csrrs            x15, x0, 0xf14      x15=00000002
14103983ns          229869 1c00895c f8068693 addi             x13, x13, -128      x13=00001f80 x13:00002000
14104003ns          229870 1c008960 00379713 slli             x14, x15, 0x3       x14=00000010 x15:00000002
14104023ns          229871 1c008964 00279793 slli             x15, x15, 0x2       x15=00000008 x15:00000002
14104043ns          229872 1c008966 00d7f7b3 and              x15, x15, x13       x15=00000000 x15:00000008 x13:00001f80
14104063ns          229873 1c008968 ee873733 p.bclr           x14, x14, 23, 8     x14=00000010 x14:00000010
14104082ns          229874 1c00896c 1a10f6b7 lui              x13, 0x1a10f000     x13=1a10f000
14104102ns          229875 1c008970 0ff57513 andi             x10, x10, 255       x10=00000065 x10:00000065
14104122ns          229876 1c008974 00d70733 add              x14, x14, x13       x14=1a10f010 x14:00000010 x13:1a10f000
14104142ns          229877 1c008976 00a7e723 p.sw             x10, x0(x15)        x10:00000065 x15:00000000  PA:1a10f010
14104460ns          229893 1c00897a 00000513 addi             x10, x0, 0          x10=00000000
14104480ns          229894 1c00897c 00008067 jalr             x0, x1, 0            x1:1c008a4c
14104520ns          229896 1c008a4c 31f52563 p.beqimm         x10, 778            x10:00000000
14104540ns          229897 1c008a50 001d8d93 addi             x27, x27, 1         x27=00000015 x27:00000014
14104560ns          229898 1c008a52 00044503 lbu              x10, 0(x8)          x10=00000072  x8:1c000032  PA:1c000032
14104878ns          229914 1c008a56 00140413 addi             x8, x8, 1            x8=1c000033  x8:1c000032
14104898ns          229915 1c008a58 fe0514e3 bne              x10, x0, -24        x10:00000072
14104958ns          229918 1c008a40 02500793 addi             x15, x0, 37         x15=00000025
14104978ns          229919 1c008a44 04f50863 beq              x10, x15, 80        x10:00000072 x15:00000025
14104997ns          229920 1c008a48 01a005b3 add              x11, x0, x26        x11=00000002 x26:00000002
14105017ns          229921 1c008a4a 000b00e7 jalr             x1, x22, 0           x1=1c008a4c x22:1c008956
14105057ns          229923 1c008956 000026b7 lui              x13, 0x2000         x13=00002000
14105077ns          229924 1c008958 f14027f3 csrrs            x15, x0, 0xf14      x15=00000002
14105097ns          229925 1c00895c f8068693 addi             x13, x13, -128      x13=00001f80 x13:00002000
14105117ns          229926 1c008960 00379713 slli             x14, x15, 0x3       x14=00000010 x15:00000002
14105137ns          229927 1c008964 00279793 slli             x15, x15, 0x2       x15=00000008 x15:00000002
14105157ns          229928 1c008966 00d7f7b3 and              x15, x15, x13       x15=00000000 x15:00000008 x13:00001f80
14105176ns          229929 1c008968 ee873733 p.bclr           x14, x14, 23, 8     x14=00000010 x14:00000010
14105196ns          229930 1c00896c 1a10f6b7 lui              x13, 0x1a10f000     x13=1a10f000
14105216ns          229931 1c008970 0ff57513 andi             x10, x10, 255       x10=00000072 x10:00000072
14105236ns          229932 1c008974 00d70733 add              x14, x14, x13       x14=1a10f010 x14:00000010 x13:1a10f000
14105256ns          229933 1c008976 00a7e723 p.sw             x10, x0(x15)        x10:00000072 x15:00000000  PA:1a10f010
14105574ns          229949 1c00897a 00000513 addi             x10, x0, 0          x10=00000000
14105594ns          229950 1c00897c 00008067 jalr             x0, x1, 0            x1:1c008a4c
14105634ns          229952 1c008a4c 31f52563 p.beqimm         x10, 778            x10:00000000
14105654ns          229953 1c008a50 001d8d93 addi             x27, x27, 1         x27=00000016 x27:00000015
14105674ns          229954 1c008a52 00044503 lbu              x10, 0(x8)          x10=00000061  x8:1c000033  PA:1c000033
14105972ns          229969 1c008a56 00140413 addi             x8, x8, 1            x8=1c000034  x8:1c000033
14105992ns          229970 1c008a58 fe0514e3 bne              x10, x0, -24        x10:00000061
14106052ns          229973 1c008a40 02500793 addi             x15, x0, 37         x15=00000025
14106072ns          229974 1c008a44 04f50863 beq              x10, x15, 80        x10:00000061 x15:00000025
14106091ns          229975 1c008a48 01a005b3 add              x11, x0, x26        x11=00000002 x26:00000002
14106111ns          229976 1c008a4a 000b00e7 jalr             x1, x22, 0           x1=1c008a4c x22:1c008956
14106151ns          229978 1c008956 000026b7 lui              x13, 0x2000         x13=00002000
14106171ns          229979 1c008958 f14027f3 csrrs            x15, x0, 0xf14      x15=00000002
14106191ns          229980 1c00895c f8068693 addi             x13, x13, -128      x13=00001f80 x13:00002000
14106211ns          229981 1c008960 00379713 slli             x14, x15, 0x3       x14=00000010 x15:00000002
14106231ns          229982 1c008964 00279793 slli             x15, x15, 0x2       x15=00000008 x15:00000002
14106251ns          229983 1c008966 00d7f7b3 and              x15, x15, x13       x15=00000000 x15:00000008 x13:00001f80
14106270ns          229984 1c008968 ee873733 p.bclr           x14, x14, 23, 8     x14=00000010 x14:00000010
14106290ns          229985 1c00896c 1a10f6b7 lui              x13, 0x1a10f000     x13=1a10f000
14106310ns          229986 1c008970 0ff57513 andi             x10, x10, 255       x10=00000061 x10:00000061
14106330ns          229987 1c008974 00d70733 add              x14, x14, x13       x14=1a10f010 x14:00000010 x13:1a10f000
14106350ns          229988 1c008976 00a7e723 p.sw             x10, x0(x15)        x10:00000061 x15:00000000  PA:1a10f010
14106668ns          230004 1c00897a 00000513 addi             x10, x0, 0          x10=00000000
14106688ns          230005 1c00897c 00008067 jalr             x0, x1, 0            x1:1c008a4c
14106728ns          230007 1c008a4c 31f52563 p.beqimm         x10, 778            x10:00000000
14106748ns          230008 1c008a50 001d8d93 addi             x27, x27, 1         x27=00000017 x27:00000016
14106768ns          230009 1c008a52 00044503 lbu              x10, 0(x8)          x10=00000074  x8:1c000034  PA:1c000034
14107066ns          230024 1c008a56 00140413 addi             x8, x8, 1            x8=1c000035  x8:1c000034
14107086ns          230025 1c008a58 fe0514e3 bne              x10, x0, -24        x10:00000074
14107146ns          230028 1c008a40 02500793 addi             x15, x0, 37         x15=00000025
14107166ns          230029 1c008a44 04f50863 beq              x10, x15, 80        x10:00000074 x15:00000025
14107185ns          230030 1c008a48 01a005b3 add              x11, x0, x26        x11=00000002 x26:00000002
14107205ns          230031 1c008a4a 000b00e7 jalr             x1, x22, 0           x1=1c008a4c x22:1c008956
14107245ns          230033 1c008956 000026b7 lui              x13, 0x2000         x13=00002000
14107265ns          230034 1c008958 f14027f3 csrrs            x15, x0, 0xf14      x15=00000002
14107285ns          230035 1c00895c f8068693 addi             x13, x13, -128      x13=00001f80 x13:00002000
14107305ns          230036 1c008960 00379713 slli             x14, x15, 0x3       x14=00000010 x15:00000002
14107325ns          230037 1c008964 00279793 slli             x15, x15, 0x2       x15=00000008 x15:00000002
14107345ns          230038 1c008966 00d7f7b3 and              x15, x15, x13       x15=00000000 x15:00000008 x13:00001f80
14107364ns          230039 1c008968 ee873733 p.bclr           x14, x14, 23, 8     x14=00000010 x14:00000010
14107384ns          230040 1c00896c 1a10f6b7 lui              x13, 0x1a10f000     x13=1a10f000
14107404ns          230041 1c008970 0ff57513 andi             x10, x10, 255       x10=00000074 x10:00000074
14107424ns          230042 1c008974 00d70733 add              x14, x14, x13       x14=1a10f010 x14:00000010 x13:1a10f000
14107444ns          230043 1c008976 00a7e723 p.sw             x10, x0(x15)        x10:00000074 x15:00000000  PA:1a10f010
14107762ns          230059 1c00897a 00000513 addi             x10, x0, 0          x10=00000000
14107782ns          230060 1c00897c 00008067 jalr             x0, x1, 0            x1:1c008a4c
14107822ns          230062 1c008a4c 31f52563 p.beqimm         x10, 778            x10:00000000
14107842ns          230063 1c008a50 001d8d93 addi             x27, x27, 1         x27=00000018 x27:00000017
14107862ns          230064 1c008a52 00044503 lbu              x10, 0(x8)          x10=00000069  x8:1c000035  PA:1c000035
14108160ns          230079 1c008a56 00140413 addi             x8, x8, 1            x8=1c000036  x8:1c000035
14108180ns          230080 1c008a58 fe0514e3 bne              x10, x0, -24        x10:00000069
14108240ns          230083 1c008a40 02500793 addi             x15, x0, 37         x15=00000025
14108260ns          230084 1c008a44 04f50863 beq              x10, x15, 80        x10:00000069 x15:00000025
14108279ns          230085 1c008a48 01a005b3 add              x11, x0, x26        x11=00000002 x26:00000002
14108299ns          230086 1c008a4a 000b00e7 jalr             x1, x22, 0           x1=1c008a4c x22:1c008956
14108339ns          230088 1c008956 000026b7 lui              x13, 0x2000         x13=00002000
14108359ns          230089 1c008958 f14027f3 csrrs            x15, x0, 0xf14      x15=00000002
14108379ns          230090 1c00895c f8068693 addi             x13, x13, -128      x13=00001f80 x13:00002000
14108399ns          230091 1c008960 00379713 slli             x14, x15, 0x3       x14=00000010 x15:00000002
14108419ns          230092 1c008964 00279793 slli             x15, x15, 0x2       x15=00000008 x15:00000002
14108439ns          230093 1c008966 00d7f7b3 and              x15, x15, x13       x15=00000000 x15:00000008 x13:00001f80
14108458ns          230094 1c008968 ee873733 p.bclr           x14, x14, 23, 8     x14=00000010 x14:00000010
14108478ns          230095 1c00896c 1a10f6b7 lui              x13, 0x1a10f000     x13=1a10f000
14108498ns          230096 1c008970 0ff57513 andi             x10, x10, 255       x10=00000069 x10:00000069
14108518ns          230097 1c008974 00d70733 add              x14, x14, x13       x14=1a10f010 x14:00000010 x13:1a10f000
14108538ns          230098 1c008976 00a7e723 p.sw             x10, x0(x15)        x10:00000069 x15:00000000  PA:1a10f010
14108876ns          230115 1c00897a 00000513 addi             x10, x0, 0          x10=00000000
14108896ns          230116 1c00897c 00008067 jalr             x0, x1, 0            x1:1c008a4c
14108936ns          230118 1c008a4c 31f52563 p.beqimm         x10, 778            x10:00000000
14108956ns          230119 1c008a50 001d8d93 addi             x27, x27, 1         x27=00000019 x27:00000018
14108976ns          230120 1c008a52 00044503 lbu              x10, 0(x8)          x10=0000006f  x8:1c000036  PA:1c000036
14109274ns          230135 1c008a56 00140413 addi             x8, x8, 1            x8=1c000037  x8:1c000036
14109294ns          230136 1c008a58 fe0514e3 bne              x10, x0, -24        x10:0000006f
14109353ns          230139 1c008a40 02500793 addi             x15, x0, 37         x15=00000025
14109373ns          230140 1c008a44 04f50863 beq              x10, x15, 80        x10:0000006f x15:00000025
14109393ns          230141 1c008a48 01a005b3 add              x11, x0, x26        x11=00000002 x26:00000002
14109413ns          230142 1c008a4a 000b00e7 jalr             x1, x22, 0           x1=1c008a4c x22:1c008956
14109453ns          230144 1c008956 000026b7 lui              x13, 0x2000         x13=00002000
14109473ns          230145 1c008958 f14027f3 csrrs            x15, x0, 0xf14      x15=00000002
14109493ns          230146 1c00895c f8068693 addi             x13, x13, -128      x13=00001f80 x13:00002000
14109513ns          230147 1c008960 00379713 slli             x14, x15, 0x3       x14=00000010 x15:00000002
14109533ns          230148 1c008964 00279793 slli             x15, x15, 0x2       x15=00000008 x15:00000002
14109552ns          230149 1c008966 00d7f7b3 and              x15, x15, x13       x15=00000000 x15:00000008 x13:00001f80
14109572ns          230150 1c008968 ee873733 p.bclr           x14, x14, 23, 8     x14=00000010 x14:00000010
14109592ns          230151 1c00896c 1a10f6b7 lui              x13, 0x1a10f000     x13=1a10f000
14109612ns          230152 1c008970 0ff57513 andi             x10, x10, 255       x10=0000006f x10:0000006f
14109632ns          230153 1c008974 00d70733 add              x14, x14, x13       x14=1a10f010 x14:00000010 x13:1a10f000
14109652ns          230154 1c008976 00a7e723 p.sw             x10, x0(x15)        x10:0000006f x15:00000000  PA:1a10f010
14109970ns          230170 1c00897a 00000513 addi             x10, x0, 0          x10=00000000
14109990ns          230171 1c00897c 00008067 jalr             x0, x1, 0            x1:1c008a4c
14110030ns          230173 1c008a4c 31f52563 p.beqimm         x10, 778            x10:00000000
14110050ns          230174 1c008a50 001d8d93 addi             x27, x27, 1         x27=0000001a x27:00000019
14110070ns          230175 1c008a52 00044503 lbu              x10, 0(x8)          x10=0000006e  x8:1c000037  PA:1c000037
14110368ns          230190 1c008a56 00140413 addi             x8, x8, 1            x8=1c000038  x8:1c000037
14110388ns          230191 1c008a58 fe0514e3 bne              x10, x0, -24        x10:0000006e
14110447ns          230194 1c008a40 02500793 addi             x15, x0, 37         x15=00000025
14110467ns          230195 1c008a44 04f50863 beq              x10, x15, 80        x10:0000006e x15:00000025
14110487ns          230196 1c008a48 01a005b3 add              x11, x0, x26        x11=00000002 x26:00000002
14110507ns          230197 1c008a4a 000b00e7 jalr             x1, x22, 0           x1=1c008a4c x22:1c008956
14110547ns          230199 1c008956 000026b7 lui              x13, 0x2000         x13=00002000
14110567ns          230200 1c008958 f14027f3 csrrs            x15, x0, 0xf14      x15=00000002
14110587ns          230201 1c00895c f8068693 addi             x13, x13, -128      x13=00001f80 x13:00002000
14110607ns          230202 1c008960 00379713 slli             x14, x15, 0x3       x14=00000010 x15:00000002
14110627ns          230203 1c008964 00279793 slli             x15, x15, 0x2       x15=00000008 x15:00000002
14110646ns          230204 1c008966 00d7f7b3 and              x15, x15, x13       x15=00000000 x15:00000008 x13:00001f80
14110666ns          230205 1c008968 ee873733 p.bclr           x14, x14, 23, 8     x14=00000010 x14:00000010
14110686ns          230206 1c00896c 1a10f6b7 lui              x13, 0x1a10f000     x13=1a10f000
14110706ns          230207 1c008970 0ff57513 andi             x10, x10, 255       x10=0000006e x10:0000006e
14110726ns          230208 1c008974 00d70733 add              x14, x14, x13       x14=1a10f010 x14:00000010 x13:1a10f000
14110746ns          230209 1c008976 00a7e723 p.sw             x10, x0(x15)        x10:0000006e x15:00000000  PA:1a10f010
14111064ns          230225 1c00897a 00000513 addi             x10, x0, 0          x10=00000000
14111084ns          230226 1c00897c 00008067 jalr             x0, x1, 0            x1:1c008a4c
14111124ns          230228 1c008a4c 31f52563 p.beqimm         x10, 778            x10:00000000
14111144ns          230229 1c008a50 001d8d93 addi             x27, x27, 1         x27=0000001b x27:0000001a
14111164ns          230230 1c008a52 00044503 lbu              x10, 0(x8)          x10=00000073  x8:1c000038  PA:1c000038
14111462ns          230245 1c008a56 00140413 addi             x8, x8, 1            x8=1c000039  x8:1c000038
14111482ns          230246 1c008a58 fe0514e3 bne              x10, x0, -24        x10:00000073
14111541ns          230249 1c008a40 02500793 addi             x15, x0, 37         x15=00000025
14111561ns          230250 1c008a44 04f50863 beq              x10, x15, 80        x10:00000073 x15:00000025
14111581ns          230251 1c008a48 01a005b3 add              x11, x0, x26        x11=00000002 x26:00000002
14111601ns          230252 1c008a4a 000b00e7 jalr             x1, x22, 0           x1=1c008a4c x22:1c008956
14111641ns          230254 1c008956 000026b7 lui              x13, 0x2000         x13=00002000
14111661ns          230255 1c008958 f14027f3 csrrs            x15, x0, 0xf14      x15=00000002
14111681ns          230256 1c00895c f8068693 addi             x13, x13, -128      x13=00001f80 x13:00002000
14111701ns          230257 1c008960 00379713 slli             x14, x15, 0x3       x14=00000010 x15:00000002
14111720ns          230258 1c008964 00279793 slli             x15, x15, 0x2       x15=00000008 x15:00000002
14111740ns          230259 1c008966 00d7f7b3 and              x15, x15, x13       x15=00000000 x15:00000008 x13:00001f80
14111760ns          230260 1c008968 ee873733 p.bclr           x14, x14, 23, 8     x14=00000010 x14:00000010
14111780ns          230261 1c00896c 1a10f6b7 lui              x13, 0x1a10f000     x13=1a10f000
14111800ns          230262 1c008970 0ff57513 andi             x10, x10, 255       x10=00000073 x10:00000073
14111820ns          230263 1c008974 00d70733 add              x14, x14, x13       x14=1a10f010 x14:00000010 x13:1a10f000
14111840ns          230264 1c008976 00a7e723 p.sw             x10, x0(x15)        x10:00000073 x15:00000000  PA:1a10f010
14112158ns          230280 1c00897a 00000513 addi             x10, x0, 0          x10=00000000
14112178ns          230281 1c00897c 00008067 jalr             x0, x1, 0            x1:1c008a4c
14112218ns          230283 1c008a4c 31f52563 p.beqimm         x10, 778            x10:00000000
14112238ns          230284 1c008a50 001d8d93 addi             x27, x27, 1         x27=0000001c x27:0000001b
14112258ns          230285 1c008a52 00044503 lbu              x10, 0(x8)          x10=0000002e  x8:1c000039  PA:1c000039
14112556ns          230300 1c008a56 00140413 addi             x8, x8, 1            x8=1c00003a  x8:1c000039
14112576ns          230301 1c008a58 fe0514e3 bne              x10, x0, -24        x10:0000002e
14112635ns          230304 1c008a40 02500793 addi             x15, x0, 37         x15=00000025
14112655ns          230305 1c008a44 04f50863 beq              x10, x15, 80        x10:0000002e x15:00000025
14112675ns          230306 1c008a48 01a005b3 add              x11, x0, x26        x11=00000002 x26:00000002
14112695ns          230307 1c008a4a 000b00e7 jalr             x1, x22, 0           x1=1c008a4c x22:1c008956
14112735ns          230309 1c008956 000026b7 lui              x13, 0x2000         x13=00002000
14112755ns          230310 1c008958 f14027f3 csrrs            x15, x0, 0xf14      x15=00000002
14112775ns          230311 1c00895c f8068693 addi             x13, x13, -128      x13=00001f80 x13:00002000
14112795ns          230312 1c008960 00379713 slli             x14, x15, 0x3       x14=00000010 x15:00000002
14112814ns          230313 1c008964 00279793 slli             x15, x15, 0x2       x15=00000008 x15:00000002
14112834ns          230314 1c008966 00d7f7b3 and              x15, x15, x13       x15=00000000 x15:00000008 x13:00001f80
14112854ns          230315 1c008968 ee873733 p.bclr           x14, x14, 23, 8     x14=00000010 x14:00000010
14112874ns          230316 1c00896c 1a10f6b7 lui              x13, 0x1a10f000     x13=1a10f000
14112894ns          230317 1c008970 0ff57513 andi             x10, x10, 255       x10=0000002e x10:0000002e
14112914ns          230318 1c008974 00d70733 add              x14, x14, x13       x14=1a10f010 x14:00000010 x13:1a10f000
14112934ns          230319 1c008976 00a7e723 p.sw             x10, x0(x15)        x10:0000002e x15:00000000  PA:1a10f010
14113252ns          230335 1c00897a 00000513 addi             x10, x0, 0          x10=00000000
14113272ns          230336 1c00897c 00008067 jalr             x0, x1, 0            x1:1c008a4c
14113312ns          230338 1c008a4c 31f52563 p.beqimm         x10, 778            x10:00000000
14113332ns          230339 1c008a50 001d8d93 addi             x27, x27, 1         x27=0000001d x27:0000001c
14113352ns          230340 1c008a52 00044503 lbu              x10, 0(x8)          x10=0000002e  x8:1c00003a  PA:1c00003a
14113650ns          230355 1c008a56 00140413 addi             x8, x8, 1            x8=1c00003b  x8:1c00003a
14113670ns          230356 1c008a58 fe0514e3 bne              x10, x0, -24        x10:0000002e
14113729ns          230359 1c008a40 02500793 addi             x15, x0, 37         x15=00000025
14113749ns          230360 1c008a44 04f50863 beq              x10, x15, 80        x10:0000002e x15:00000025
14113769ns          230361 1c008a48 01a005b3 add              x11, x0, x26        x11=00000002 x26:00000002
14113789ns          230362 1c008a4a 000b00e7 jalr             x1, x22, 0           x1=1c008a4c x22:1c008956
14113829ns          230364 1c008956 000026b7 lui              x13, 0x2000         x13=00002000
14113849ns          230365 1c008958 f14027f3 csrrs            x15, x0, 0xf14      x15=00000002
14113869ns          230366 1c00895c f8068693 addi             x13, x13, -128      x13=00001f80 x13:00002000
14113889ns          230367 1c008960 00379713 slli             x14, x15, 0x3       x14=00000010 x15:00000002
14113908ns          230368 1c008964 00279793 slli             x15, x15, 0x2       x15=00000008 x15:00000002
14113928ns          230369 1c008966 00d7f7b3 and              x15, x15, x13       x15=00000000 x15:00000008 x13:00001f80
14113948ns          230370 1c008968 ee873733 p.bclr           x14, x14, 23, 8     x14=00000010 x14:00000010
14113968ns          230371 1c00896c 1a10f6b7 lui              x13, 0x1a10f000     x13=1a10f000
14113988ns          230372 1c008970 0ff57513 andi             x10, x10, 255       x10=0000002e x10:0000002e
14114008ns          230373 1c008974 00d70733 add              x14, x14, x13       x14=1a10f010 x14:00000010 x13:1a10f000
14114028ns          230374 1c008976 00a7e723 p.sw             x10, x0(x15)        x10:0000002e x15:00000000  PA:1a10f010
14114366ns          230391 1c00897a 00000513 addi             x10, x0, 0          x10=00000000
14114386ns          230392 1c00897c 00008067 jalr             x0, x1, 0            x1:1c008a4c
14114426ns          230394 1c008a4c 31f52563 p.beqimm         x10, 778            x10:00000000
14114446ns          230395 1c008a50 001d8d93 addi             x27, x27, 1         x27=0000001e x27:0000001d
14114465ns          230396 1c008a52 00044503 lbu              x10, 0(x8)          x10=0000002e  x8:1c00003b  PA:1c00003b
14114764ns          230411 1c008a56 00140413 addi             x8, x8, 1            x8=1c00003c  x8:1c00003b
14114784ns          230412 1c008a58 fe0514e3 bne              x10, x0, -24        x10:0000002e
14114843ns          230415 1c008a40 02500793 addi             x15, x0, 37         x15=00000025
14114863ns          230416 1c008a44 04f50863 beq              x10, x15, 80        x10:0000002e x15:00000025
14114883ns          230417 1c008a48 01a005b3 add              x11, x0, x26        x11=00000002 x26:00000002
14114903ns          230418 1c008a4a 000b00e7 jalr             x1, x22, 0           x1=1c008a4c x22:1c008956
14114943ns          230420 1c008956 000026b7 lui              x13, 0x2000         x13=00002000
14114963ns          230421 1c008958 f14027f3 csrrs            x15, x0, 0xf14      x15=00000002
14114983ns          230422 1c00895c f8068693 addi             x13, x13, -128      x13=00001f80 x13:00002000
14115002ns          230423 1c008960 00379713 slli             x14, x15, 0x3       x14=00000010 x15:00000002
14115022ns          230424 1c008964 00279793 slli             x15, x15, 0x2       x15=00000008 x15:00000002
14115042ns          230425 1c008966 00d7f7b3 and              x15, x15, x13       x15=00000000 x15:00000008 x13:00001f80
14115062ns          230426 1c008968 ee873733 p.bclr           x14, x14, 23, 8     x14=00000010 x14:00000010
14115082ns          230427 1c00896c 1a10f6b7 lui              x13, 0x1a10f000     x13=1a10f000
14115102ns          230428 1c008970 0ff57513 andi             x10, x10, 255       x10=0000002e x10:0000002e
14115122ns          230429 1c008974 00d70733 add              x14, x14, x13       x14=1a10f010 x14:00000010 x13:1a10f000
14115142ns          230430 1c008976 00a7e723 p.sw             x10, x0(x15)        x10:0000002e x15:00000000  PA:1a10f010
14115460ns          230446 1c00897a 00000513 addi             x10, x0, 0          x10=00000000
14115480ns          230447 1c00897c 00008067 jalr             x0, x1, 0            x1:1c008a4c
14115520ns          230449 1c008a4c 31f52563 p.beqimm         x10, 778            x10:00000000
14115540ns          230450 1c008a50 001d8d93 addi             x27, x27, 1         x27=0000001f x27:0000001e
14115559ns          230451 1c008a52 00044503 lbu              x10, 0(x8)          x10=00000020  x8:1c00003c  PA:1c00003c
14115858ns          230466 1c008a56 00140413 addi             x8, x8, 1            x8=1c00003d  x8:1c00003c
14115878ns          230467 1c008a58 fe0514e3 bne              x10, x0, -24        x10:00000020
14115937ns          230470 1c008a40 02500793 addi             x15, x0, 37         x15=00000025
14115957ns          230471 1c008a44 04f50863 beq              x10, x15, 80        x10:00000020 x15:00000025
14115977ns          230472 1c008a48 01a005b3 add              x11, x0, x26        x11=00000002 x26:00000002
14115997ns          230473 1c008a4a 000b00e7 jalr             x1, x22, 0           x1=1c008a4c x22:1c008956
14116037ns          230475 1c008956 000026b7 lui              x13, 0x2000         x13=00002000
14116057ns          230476 1c008958 f14027f3 csrrs            x15, x0, 0xf14      x15=00000002
14116077ns          230477 1c00895c f8068693 addi             x13, x13, -128      x13=00001f80 x13:00002000
14116096ns          230478 1c008960 00379713 slli             x14, x15, 0x3       x14=00000010 x15:00000002
14116116ns          230479 1c008964 00279793 slli             x15, x15, 0x2       x15=00000008 x15:00000002
14116136ns          230480 1c008966 00d7f7b3 and              x15, x15, x13       x15=00000000 x15:00000008 x13:00001f80
14116156ns          230481 1c008968 ee873733 p.bclr           x14, x14, 23, 8     x14=00000010 x14:00000010
14116176ns          230482 1c00896c 1a10f6b7 lui              x13, 0x1a10f000     x13=1a10f000
14116196ns          230483 1c008970 0ff57513 andi             x10, x10, 255       x10=00000020 x10:00000020
14116216ns          230484 1c008974 00d70733 add              x14, x14, x13       x14=1a10f010 x14:00000010 x13:1a10f000
14116236ns          230485 1c008976 00a7e723 p.sw             x10, x0(x15)        x10:00000020 x15:00000000  PA:1a10f010
14116554ns          230501 1c00897a 00000513 addi             x10, x0, 0          x10=00000000
14116574ns          230502 1c00897c 00008067 jalr             x0, x1, 0            x1:1c008a4c
14116614ns          230504 1c008a4c 31f52563 p.beqimm         x10, 778            x10:00000000
14116634ns          230505 1c008a50 001d8d93 addi             x27, x27, 1         x27=00000020 x27:0000001f
14116653ns          230506 1c008a52 00044503 lbu              x10, 0(x8)          x10=00000028  x8:1c00003d  PA:1c00003d
14116972ns          230522 1c008a56 00140413 addi             x8, x8, 1            x8=1c00003e  x8:1c00003d
14116992ns          230523 1c008a58 fe0514e3 bne              x10, x0, -24        x10:00000028
14117051ns          230526 1c008a40 02500793 addi             x15, x0, 37         x15=00000025
14117071ns          230527 1c008a44 04f50863 beq              x10, x15, 80        x10:00000028 x15:00000025
14117091ns          230528 1c008a48 01a005b3 add              x11, x0, x26        x11=00000002 x26:00000002
14117111ns          230529 1c008a4a 000b00e7 jalr             x1, x22, 0           x1=1c008a4c x22:1c008956
14117151ns          230531 1c008956 000026b7 lui              x13, 0x2000         x13=00002000
14117171ns          230532 1c008958 f14027f3 csrrs            x15, x0, 0xf14      x15=00000002
14117190ns          230533 1c00895c f8068693 addi             x13, x13, -128      x13=00001f80 x13:00002000
14117210ns          230534 1c008960 00379713 slli             x14, x15, 0x3       x14=00000010 x15:00000002
14117230ns          230535 1c008964 00279793 slli             x15, x15, 0x2       x15=00000008 x15:00000002
14117250ns          230536 1c008966 00d7f7b3 and              x15, x15, x13       x15=00000000 x15:00000008 x13:00001f80
14117270ns          230537 1c008968 ee873733 p.bclr           x14, x14, 23, 8     x14=00000010 x14:00000010
14117290ns          230538 1c00896c 1a10f6b7 lui              x13, 0x1a10f000     x13=1a10f000
14117310ns          230539 1c008970 0ff57513 andi             x10, x10, 255       x10=00000028 x10:00000028
14117330ns          230540 1c008974 00d70733 add              x14, x14, x13       x14=1a10f010 x14:00000010 x13:1a10f000
14117350ns          230541 1c008976 00a7e723 p.sw             x10, x0(x15)        x10:00000028 x15:00000000  PA:1a10f010
14117668ns          230557 1c00897a 00000513 addi             x10, x0, 0          x10=00000000
14117688ns          230558 1c00897c 00008067 jalr             x0, x1, 0            x1:1c008a4c
14117727ns          230560 1c008a4c 31f52563 p.beqimm         x10, 778            x10:00000000
14117747ns          230561 1c008a50 001d8d93 addi             x27, x27, 1         x27=00000021 x27:00000020
14117767ns          230562 1c008a52 00044503 lbu              x10, 0(x8)          x10=00000063  x8:1c00003e  PA:1c00003e
14118066ns          230577 1c008a56 00140413 addi             x8, x8, 1            x8=1c00003f  x8:1c00003e
14118086ns          230578 1c008a58 fe0514e3 bne              x10, x0, -24        x10:00000063
14118145ns          230581 1c008a40 02500793 addi             x15, x0, 37         x15=00000025
14118165ns          230582 1c008a44 04f50863 beq              x10, x15, 80        x10:00000063 x15:00000025
14118185ns          230583 1c008a48 01a005b3 add              x11, x0, x26        x11=00000002 x26:00000002
14118205ns          230584 1c008a4a 000b00e7 jalr             x1, x22, 0           x1=1c008a4c x22:1c008956
14118245ns          230586 1c008956 000026b7 lui              x13, 0x2000         x13=00002000
14118265ns          230587 1c008958 f14027f3 csrrs            x15, x0, 0xf14      x15=00000002
14118284ns          230588 1c00895c f8068693 addi             x13, x13, -128      x13=00001f80 x13:00002000
14118304ns          230589 1c008960 00379713 slli             x14, x15, 0x3       x14=00000010 x15:00000002
14118324ns          230590 1c008964 00279793 slli             x15, x15, 0x2       x15=00000008 x15:00000002
14118344ns          230591 1c008966 00d7f7b3 and              x15, x15, x13       x15=00000000 x15:00000008 x13:00001f80
14118364ns          230592 1c008968 ee873733 p.bclr           x14, x14, 23, 8     x14=00000010 x14:00000010
14118384ns          230593 1c00896c 1a10f6b7 lui              x13, 0x1a10f000     x13=1a10f000
14118404ns          230594 1c008970 0ff57513 andi             x10, x10, 255       x10=00000063 x10:00000063
14118424ns          230595 1c008974 00d70733 add              x14, x14, x13       x14=1a10f010 x14:00000010 x13:1a10f000
14118444ns          230596 1c008976 00a7e723 p.sw             x10, x0(x15)        x10:00000063 x15:00000000  PA:1a10f010
14118762ns          230612 1c00897a 00000513 addi             x10, x0, 0          x10=00000000
14118782ns          230613 1c00897c 00008067 jalr             x0, x1, 0            x1:1c008a4c
14118821ns          230615 1c008a4c 31f52563 p.beqimm         x10, 778            x10:00000000
14118841ns          230616 1c008a50 001d8d93 addi             x27, x27, 1         x27=00000022 x27:00000021
14118861ns          230617 1c008a52 00044503 lbu              x10, 0(x8)          x10=0000006f  x8:1c00003f  PA:1c00003f
14119160ns          230632 1c008a56 00140413 addi             x8, x8, 1            x8=1c000040  x8:1c00003f
14119180ns          230633 1c008a58 fe0514e3 bne              x10, x0, -24        x10:0000006f
14119239ns          230636 1c008a40 02500793 addi             x15, x0, 37         x15=00000025
14119259ns          230637 1c008a44 04f50863 beq              x10, x15, 80        x10:0000006f x15:00000025
14119279ns          230638 1c008a48 01a005b3 add              x11, x0, x26        x11=00000002 x26:00000002
14119299ns          230639 1c008a4a 000b00e7 jalr             x1, x22, 0           x1=1c008a4c x22:1c008956
14119339ns          230641 1c008956 000026b7 lui              x13, 0x2000         x13=00002000
14119359ns          230642 1c008958 f14027f3 csrrs            x15, x0, 0xf14      x15=00000002
14119378ns          230643 1c00895c f8068693 addi             x13, x13, -128      x13=00001f80 x13:00002000
14119398ns          230644 1c008960 00379713 slli             x14, x15, 0x3       x14=00000010 x15:00000002
14119418ns          230645 1c008964 00279793 slli             x15, x15, 0x2       x15=00000008 x15:00000002
14119438ns          230646 1c008966 00d7f7b3 and              x15, x15, x13       x15=00000000 x15:00000008 x13:00001f80
14119458ns          230647 1c008968 ee873733 p.bclr           x14, x14, 23, 8     x14=00000010 x14:00000010
14119478ns          230648 1c00896c 1a10f6b7 lui              x13, 0x1a10f000     x13=1a10f000
14119498ns          230649 1c008970 0ff57513 andi             x10, x10, 255       x10=0000006f x10:0000006f
14119518ns          230650 1c008974 00d70733 add              x14, x14, x13       x14=1a10f010 x14:00000010 x13:1a10f000
14119538ns          230651 1c008976 00a7e723 p.sw             x10, x0(x15)        x10:0000006f x15:00000000  PA:1a10f010
14119856ns          230667 1c00897a 00000513 addi             x10, x0, 0          x10=00000000
14119876ns          230668 1c00897c 00008067 jalr             x0, x1, 0            x1:1c008a4c
14119915ns          230670 1c008a4c 31f52563 p.beqimm         x10, 778            x10:00000000
14119935ns          230671 1c008a50 001d8d93 addi             x27, x27, 1         x27=00000023 x27:00000022
14119955ns          230672 1c008a52 00044503 lbu              x10, 0(x8)          x10=00000072  x8:1c000040  PA:1c000040
14120254ns          230687 1c008a56 00140413 addi             x8, x8, 1            x8=1c000041  x8:1c000040
14120274ns          230688 1c008a58 fe0514e3 bne              x10, x0, -24        x10:00000072
14120333ns          230691 1c008a40 02500793 addi             x15, x0, 37         x15=00000025
14120353ns          230692 1c008a44 04f50863 beq              x10, x15, 80        x10:00000072 x15:00000025
14120373ns          230693 1c008a48 01a005b3 add              x11, x0, x26        x11=00000002 x26:00000002
14120393ns          230694 1c008a4a 000b00e7 jalr             x1, x22, 0           x1=1c008a4c x22:1c008956
14120433ns          230696 1c008956 000026b7 lui              x13, 0x2000         x13=00002000
14120453ns          230697 1c008958 f14027f3 csrrs            x15, x0, 0xf14      x15=00000002
14120472ns          230698 1c00895c f8068693 addi             x13, x13, -128      x13=00001f80 x13:00002000
14120492ns          230699 1c008960 00379713 slli             x14, x15, 0x3       x14=00000010 x15:00000002
14120512ns          230700 1c008964 00279793 slli             x15, x15, 0x2       x15=00000008 x15:00000002
14120532ns          230701 1c008966 00d7f7b3 and              x15, x15, x13       x15=00000000 x15:00000008 x13:00001f80
14120552ns          230702 1c008968 ee873733 p.bclr           x14, x14, 23, 8     x14=00000010 x14:00000010
14120572ns          230703 1c00896c 1a10f6b7 lui              x13, 0x1a10f000     x13=1a10f000
14120592ns          230704 1c008970 0ff57513 andi             x10, x10, 255       x10=00000072 x10:00000072
14120612ns          230705 1c008974 00d70733 add              x14, x14, x13       x14=1a10f010 x14:00000010 x13:1a10f000
14120632ns          230706 1c008976 00a7e723 p.sw             x10, x0(x15)        x10:00000072 x15:00000000  PA:1a10f010
14120970ns          230723 1c00897a 00000513 addi             x10, x0, 0          x10=00000000
14120990ns          230724 1c00897c 00008067 jalr             x0, x1, 0            x1:1c008a4c
14121029ns          230726 1c008a4c 31f52563 p.beqimm         x10, 778            x10:00000000
14121049ns          230727 1c008a50 001d8d93 addi             x27, x27, 1         x27=00000024 x27:00000023
14121069ns          230728 1c008a52 00044503 lbu              x10, 0(x8)          x10=00000065  x8:1c000041  PA:1c000041
14121368ns          230743 1c008a56 00140413 addi             x8, x8, 1            x8=1c000042  x8:1c000041
14121387ns          230744 1c008a58 fe0514e3 bne              x10, x0, -24        x10:00000065
14121447ns          230747 1c008a40 02500793 addi             x15, x0, 37         x15=00000025
14121467ns          230748 1c008a44 04f50863 beq              x10, x15, 80        x10:00000065 x15:00000025
14121487ns          230749 1c008a48 01a005b3 add              x11, x0, x26        x11=00000002 x26:00000002
14121507ns          230750 1c008a4a 000b00e7 jalr             x1, x22, 0           x1=1c008a4c x22:1c008956
14121547ns          230752 1c008956 000026b7 lui              x13, 0x2000         x13=00002000
14121566ns          230753 1c008958 f14027f3 csrrs            x15, x0, 0xf14      x15=00000002
14121586ns          230754 1c00895c f8068693 addi             x13, x13, -128      x13=00001f80 x13:00002000
14121606ns          230755 1c008960 00379713 slli             x14, x15, 0x3       x14=00000010 x15:00000002
14121626ns          230756 1c008964 00279793 slli             x15, x15, 0x2       x15=00000008 x15:00000002
14121646ns          230757 1c008966 00d7f7b3 and              x15, x15, x13       x15=00000000 x15:00000008 x13:00001f80
14121666ns          230758 1c008968 ee873733 p.bclr           x14, x14, 23, 8     x14=00000010 x14:00000010
14121686ns          230759 1c00896c 1a10f6b7 lui              x13, 0x1a10f000     x13=1a10f000
14121706ns          230760 1c008970 0ff57513 andi             x10, x10, 255       x10=00000065 x10:00000065
14121726ns          230761 1c008974 00d70733 add              x14, x14, x13       x14=1a10f010 x14:00000010 x13:1a10f000
14121745ns          230762 1c008976 00a7e723 p.sw             x10, x0(x15)        x10:00000065 x15:00000000  PA:1a10f010
14122064ns          230778 1c00897a 00000513 addi             x10, x0, 0          x10=00000000
14122084ns          230779 1c00897c 00008067 jalr             x0, x1, 0            x1:1c008a4c
14122123ns          230781 1c008a4c 31f52563 p.beqimm         x10, 778            x10:00000000
14122143ns          230782 1c008a50 001d8d93 addi             x27, x27, 1         x27=00000025 x27:00000024
14122163ns          230783 1c008a52 00044503 lbu              x10, 0(x8)          x10=00000069  x8:1c000042  PA:1c000042
14122461ns          230798 1c008a56 00140413 addi             x8, x8, 1            x8=1c000043  x8:1c000042
14122481ns          230799 1c008a58 fe0514e3 bne              x10, x0, -24        x10:00000069
14122541ns          230802 1c008a40 02500793 addi             x15, x0, 37         x15=00000025
14122561ns          230803 1c008a44 04f50863 beq              x10, x15, 80        x10:00000069 x15:00000025
14122581ns          230804 1c008a48 01a005b3 add              x11, x0, x26        x11=00000002 x26:00000002
14122601ns          230805 1c008a4a 000b00e7 jalr             x1, x22, 0           x1=1c008a4c x22:1c008956
14122641ns          230807 1c008956 000026b7 lui              x13, 0x2000         x13=00002000
14122660ns          230808 1c008958 f14027f3 csrrs            x15, x0, 0xf14      x15=00000002
14122680ns          230809 1c00895c f8068693 addi             x13, x13, -128      x13=00001f80 x13:00002000
14122700ns          230810 1c008960 00379713 slli             x14, x15, 0x3       x14=00000010 x15:00000002
14122720ns          230811 1c008964 00279793 slli             x15, x15, 0x2       x15=00000008 x15:00000002
14122740ns          230812 1c008966 00d7f7b3 and              x15, x15, x13       x15=00000000 x15:00000008 x13:00001f80
14122760ns          230813 1c008968 ee873733 p.bclr           x14, x14, 23, 8     x14=00000010 x14:00000010
14122780ns          230814 1c00896c 1a10f6b7 lui              x13, 0x1a10f000     x13=1a10f000
14122800ns          230815 1c008970 0ff57513 andi             x10, x10, 255       x10=00000069 x10:00000069
14122820ns          230816 1c008974 00d70733 add              x14, x14, x13       x14=1a10f010 x14:00000010 x13:1a10f000
14122839ns          230817 1c008976 00a7e723 p.sw             x10, x0(x15)        x10:00000069 x15:00000000  PA:1a10f010
14123158ns          230833 1c00897a 00000513 addi             x10, x0, 0          x10=00000000
14123178ns          230834 1c00897c 00008067 jalr             x0, x1, 0            x1:1c008a4c
14123217ns          230836 1c008a4c 31f52563 p.beqimm         x10, 778            x10:00000000
14123237ns          230837 1c008a50 001d8d93 addi             x27, x27, 1         x27=00000026 x27:00000025
14123257ns          230838 1c008a52 00044503 lbu              x10, 0(x8)          x10=00000064  x8:1c000043  PA:1c000043
14123575ns          230854 1c008a56 00140413 addi             x8, x8, 1            x8=1c000044  x8:1c000043
14123595ns          230855 1c008a58 fe0514e3 bne              x10, x0, -24        x10:00000064
14123655ns          230858 1c008a40 02500793 addi             x15, x0, 37         x15=00000025
14123675ns          230859 1c008a44 04f50863 beq              x10, x15, 80        x10:00000064 x15:00000025
14123695ns          230860 1c008a48 01a005b3 add              x11, x0, x26        x11=00000002 x26:00000002
14123715ns          230861 1c008a4a 000b00e7 jalr             x1, x22, 0           x1=1c008a4c x22:1c008956
14123754ns          230863 1c008956 000026b7 lui              x13, 0x2000         x13=00002000
14123774ns          230864 1c008958 f14027f3 csrrs            x15, x0, 0xf14      x15=00000002
14123794ns          230865 1c00895c f8068693 addi             x13, x13, -128      x13=00001f80 x13:00002000
14123814ns          230866 1c008960 00379713 slli             x14, x15, 0x3       x14=00000010 x15:00000002
14123834ns          230867 1c008964 00279793 slli             x15, x15, 0x2       x15=00000008 x15:00000002
14123854ns          230868 1c008966 00d7f7b3 and              x15, x15, x13       x15=00000000 x15:00000008 x13:00001f80
14123874ns          230869 1c008968 ee873733 p.bclr           x14, x14, 23, 8     x14=00000010 x14:00000010
14123894ns          230870 1c00896c 1a10f6b7 lui              x13, 0x1a10f000     x13=1a10f000
14123914ns          230871 1c008970 0ff57513 andi             x10, x10, 255       x10=00000064 x10:00000064
14123933ns          230872 1c008974 00d70733 add              x14, x14, x13       x14=1a10f010 x14:00000010 x13:1a10f000
14123953ns          230873 1c008976 00a7e723 p.sw             x10, x0(x15)        x10:00000064 x15:00000000  PA:1a10f010
14124272ns          230889 1c00897a 00000513 addi             x10, x0, 0          x10=00000000
14124291ns          230890 1c00897c 00008067 jalr             x0, x1, 0            x1:1c008a4c
14124331ns          230892 1c008a4c 31f52563 p.beqimm         x10, 778            x10:00000000
14124351ns          230893 1c008a50 001d8d93 addi             x27, x27, 1         x27=00000027 x27:00000026
14124371ns          230894 1c008a52 00044503 lbu              x10, 0(x8)          x10=00000020  x8:1c000044  PA:1c000044
14124669ns          230909 1c008a56 00140413 addi             x8, x8, 1            x8=1c000045  x8:1c000044
14124689ns          230910 1c008a58 fe0514e3 bne              x10, x0, -24        x10:00000020
14124749ns          230913 1c008a40 02500793 addi             x15, x0, 37         x15=00000025
14124769ns          230914 1c008a44 04f50863 beq              x10, x15, 80        x10:00000020 x15:00000025
14124789ns          230915 1c008a48 01a005b3 add              x11, x0, x26        x11=00000002 x26:00000002
14124809ns          230916 1c008a4a 000b00e7 jalr             x1, x22, 0           x1=1c008a4c x22:1c008956
14124848ns          230918 1c008956 000026b7 lui              x13, 0x2000         x13=00002000
14124868ns          230919 1c008958 f14027f3 csrrs            x15, x0, 0xf14      x15=00000002
14124888ns          230920 1c00895c f8068693 addi             x13, x13, -128      x13=00001f80 x13:00002000
14124908ns          230921 1c008960 00379713 slli             x14, x15, 0x3       x14=00000010 x15:00000002
14124928ns          230922 1c008964 00279793 slli             x15, x15, 0x2       x15=00000008 x15:00000002
14124948ns          230923 1c008966 00d7f7b3 and              x15, x15, x13       x15=00000000 x15:00000008 x13:00001f80
14124968ns          230924 1c008968 ee873733 p.bclr           x14, x14, 23, 8     x14=00000010 x14:00000010
14124988ns          230925 1c00896c 1a10f6b7 lui              x13, 0x1a10f000     x13=1a10f000
14125008ns          230926 1c008970 0ff57513 andi             x10, x10, 255       x10=00000020 x10:00000020
14125027ns          230927 1c008974 00d70733 add              x14, x14, x13       x14=1a10f010 x14:00000010 x13:1a10f000
14125047ns          230928 1c008976 00a7e723 p.sw             x10, x0(x15)        x10:00000020 x15:00000000  PA:1a10f010
14125366ns          230944 1c00897a 00000513 addi             x10, x0, 0          x10=00000000
14125385ns          230945 1c00897c 00008067 jalr             x0, x1, 0            x1:1c008a4c
14125425ns          230947 1c008a4c 31f52563 p.beqimm         x10, 778            x10:00000000
14125445ns          230948 1c008a50 001d8d93 addi             x27, x27, 1         x27=00000028 x27:00000027
14125465ns          230949 1c008a52 00044503 lbu              x10, 0(x8)          x10=0000003d  x8:1c000045  PA:1c000045
14125763ns          230964 1c008a56 00140413 addi             x8, x8, 1            x8=1c000046  x8:1c000045
14125783ns          230965 1c008a58 fe0514e3 bne              x10, x0, -24        x10:0000003d
14125843ns          230968 1c008a40 02500793 addi             x15, x0, 37         x15=00000025
14125863ns          230969 1c008a44 04f50863 beq              x10, x15, 80        x10:0000003d x15:00000025
14125883ns          230970 1c008a48 01a005b3 add              x11, x0, x26        x11=00000002 x26:00000002
14125903ns          230971 1c008a4a 000b00e7 jalr             x1, x22, 0           x1=1c008a4c x22:1c008956
14125942ns          230973 1c008956 000026b7 lui              x13, 0x2000         x13=00002000
14125962ns          230974 1c008958 f14027f3 csrrs            x15, x0, 0xf14      x15=00000002
14125982ns          230975 1c00895c f8068693 addi             x13, x13, -128      x13=00001f80 x13:00002000
14126002ns          230976 1c008960 00379713 slli             x14, x15, 0x3       x14=00000010 x15:00000002
14126022ns          230977 1c008964 00279793 slli             x15, x15, 0x2       x15=00000008 x15:00000002
14126042ns          230978 1c008966 00d7f7b3 and              x15, x15, x13       x15=00000000 x15:00000008 x13:00001f80
14126062ns          230979 1c008968 ee873733 p.bclr           x14, x14, 23, 8     x14=00000010 x14:00000010
14126082ns          230980 1c00896c 1a10f6b7 lui              x13, 0x1a10f000     x13=1a10f000
14126102ns          230981 1c008970 0ff57513 andi             x10, x10, 255       x10=0000003d x10:0000003d
14126121ns          230982 1c008974 00d70733 add              x14, x14, x13       x14=1a10f010 x14:00000010 x13:1a10f000
14126141ns          230983 1c008976 00a7e723 p.sw             x10, x0(x15)        x10:0000003d x15:00000000  PA:1a10f010
14126460ns          230999 1c00897a 00000513 addi             x10, x0, 0          x10=00000000
14126479ns          231000 1c00897c 00008067 jalr             x0, x1, 0            x1:1c008a4c
14126519ns          231002 1c008a4c 31f52563 p.beqimm         x10, 778            x10:00000000
14126539ns          231003 1c008a50 001d8d93 addi             x27, x27, 1         x27=00000029 x27:00000028
14126559ns          231004 1c008a52 00044503 lbu              x10, 0(x8)          x10=00000020  x8:1c000046  PA:1c000046
14126857ns          231019 1c008a56 00140413 addi             x8, x8, 1            x8=1c000047  x8:1c000046
14126877ns          231020 1c008a58 fe0514e3 bne              x10, x0, -24        x10:00000020
14126937ns          231023 1c008a40 02500793 addi             x15, x0, 37         x15=00000025
14126957ns          231024 1c008a44 04f50863 beq              x10, x15, 80        x10:00000020 x15:00000025
14126977ns          231025 1c008a48 01a005b3 add              x11, x0, x26        x11=00000002 x26:00000002
14126997ns          231026 1c008a4a 000b00e7 jalr             x1, x22, 0           x1=1c008a4c x22:1c008956
14127036ns          231028 1c008956 000026b7 lui              x13, 0x2000         x13=00002000
14127056ns          231029 1c008958 f14027f3 csrrs            x15, x0, 0xf14      x15=00000002
14127076ns          231030 1c00895c f8068693 addi             x13, x13, -128      x13=00001f80 x13:00002000
14127096ns          231031 1c008960 00379713 slli             x14, x15, 0x3       x14=00000010 x15:00000002
14127116ns          231032 1c008964 00279793 slli             x15, x15, 0x2       x15=00000008 x15:00000002
14127136ns          231033 1c008966 00d7f7b3 and              x15, x15, x13       x15=00000000 x15:00000008 x13:00001f80
14127156ns          231034 1c008968 ee873733 p.bclr           x14, x14, 23, 8     x14=00000010 x14:00000010
14127176ns          231035 1c00896c 1a10f6b7 lui              x13, 0x1a10f000     x13=1a10f000
14127195ns          231036 1c008970 0ff57513 andi             x10, x10, 255       x10=00000020 x10:00000020
14127215ns          231037 1c008974 00d70733 add              x14, x14, x13       x14=1a10f010 x14:00000010 x13:1a10f000
14127235ns          231038 1c008976 00a7e723 p.sw             x10, x0(x15)        x10:00000020 x15:00000000  PA:1a10f010
14127593ns          231056 1c00897a 00000513 addi             x10, x0, 0          x10=00000000
14127613ns          231057 1c00897c 00008067 jalr             x0, x1, 0            x1:1c008a4c
14127653ns          231059 1c008a4c 31f52563 p.beqimm         x10, 778            x10:00000000
14127673ns          231060 1c008a50 001d8d93 addi             x27, x27, 1         x27=0000002a x27:00000029
14127693ns          231061 1c008a52 00044503 lbu              x10, 0(x8)          x10=00000025  x8:1c000047  PA:1c000047
14127991ns          231076 1c008a56 00140413 addi             x8, x8, 1            x8=1c000048  x8:1c000047
14128011ns          231077 1c008a58 fe0514e3 bne              x10, x0, -24        x10:00000025
14128071ns          231080 1c008a40 02500793 addi             x15, x0, 37         x15=00000025
14128091ns          231081 1c008a44 04f50863 beq              x10, x15, 80        x10:00000025 x15:00000025
14128190ns          231086 1c008a94 00044483 lbu              x9, 0(x8)            x9=00000064  x8:1c000048  PA:1c000048
14128508ns          231102 1c008a98 02000693 addi             x13, x0, 32         x13=00000020
14128528ns          231103 1c008a9c 00140a93 addi             x21, x8, 1          x21=1c000049  x8:1c000048
14128548ns          231104 1c008aa0 009005b3 add              x11, x0, x9         x11=00000064  x9:00000064
14128568ns          231105 1c008aa2 0f4b8513 addi             x10, x23, 244       x10=1c0000f4 x23:1c000000
14128588ns          231106 1c008aa6 00d12823 sw               x13, 16(x2)         x13:00000020  x2:10001658  PA:10001668
14128608ns          231107 1c008aa8 00012c23 sw               x0, 24(x2)           x2:10001658  PA:10001670
14128628ns          231108 1c008aaa 00012a23 sw               x0, 20(x2)           x2:10001658  PA:1000166c
14128648ns          231109 1c008aac 00012e23 sw               x0, 28(x2)           x2:10001658  PA:10001674
14128667ns          231110 1c008aae 00012623 sw               x0, 12(x2)           x2:10001658  PA:10001664
14128687ns          231111 1c008ab0 02300913 addi             x18, x0, 35         x18=00000023
14128707ns          231112 1c008ab4 02d00a13 addi             x20, x0, 45         x20=0000002d
14128727ns          231113 1c008ab8 015009b3 add              x19, x0, x21        x19=1c000049 x21:1c000049
14128747ns          231114 1c008aba e1dff0ef jal              x1, -484             x1=1c008abc
14128906ns          231122 1c0088d6 00054783 lbu              x15, 0(x10)         x15=0000002d x10:1c0000f4  PA:1c0000f4
14129204ns          231137 1c0088da 0ff5f593 andi             x11, x11, 255       x11=00000064 x11:00000064
14129224ns          231138 1c0088de 00b78c63 beq              x15, x11, 24        x15:0000002d x11:00000064
14129244ns          231139 1c0088e2 00078b63 beq              x15, x0, 22         x15:0000002d
14129264ns          231140 1c0088e4 00150793 addi             x15, x10, 1         x15=1c0000f5 x10:1c0000f4
14129284ns          231141 1c0088e8 0040006f jal              x0, 4              
14129324ns          231143 1c0088ec 00f00533 add              x10, x0, x15        x10=1c0000f5 x15:1c0000f5
14129344ns          231144 1c0088ee 0017c70b p.lbu            x14, 1(x15!)        x14=0000002b x15=1c0000f6 x15:1c0000f5  PA:1c0000f5
14129662ns          231160 1c0088f2 feb71ce3 bne              x14, x11, -8        x14:0000002b x11:00000064
14129722ns          231163 1c0088ea 00070763 beq              x14, x0, 14         x14:0000002b
14129742ns          231164 1c0088ec 00f00533 add              x10, x0, x15        x10=1c0000f6 x15:1c0000f6
14129761ns          231165 1c0088ee 0017c70b p.lbu            x14, 1(x15!)        x14=00000020 x15=1c0000f7 x15:1c0000f6  PA:1c0000f6
14130080ns          231181 1c0088f2 feb71ce3 bne              x14, x11, -8        x14:00000020 x11:00000064
14130139ns          231184 1c0088ea 00070763 beq              x14, x0, 14         x14:00000020
14130159ns          231185 1c0088ec 00f00533 add              x10, x0, x15        x10=1c0000f7 x15:1c0000f7
14130179ns          231186 1c0088ee 0017c70b p.lbu            x14, 1(x15!)        x14=00000023 x15=1c0000f8 x15:1c0000f7  PA:1c0000f7
14130497ns          231202 1c0088f2 feb71ce3 bne              x14, x11, -8        x14:00000023 x11:00000064
14130557ns          231205 1c0088ea 00070763 beq              x14, x0, 14         x14:00000023
14130577ns          231206 1c0088ec 00f00533 add              x10, x0, x15        x10=1c0000f8 x15:1c0000f8
14130597ns          231207 1c0088ee 0017c70b p.lbu            x14, 1(x15!)        x14=00000030 x15=1c0000f9 x15:1c0000f8  PA:1c0000f8
14130915ns          231223 1c0088f2 feb71ce3 bne              x14, x11, -8        x14:00000030 x11:00000064
14130975ns          231226 1c0088ea 00070763 beq              x14, x0, 14         x14:00000030
14130995ns          231227 1c0088ec 00f00533 add              x10, x0, x15        x10=1c0000f9 x15:1c0000f9
14131015ns          231228 1c0088ee 0017c70b p.lbu            x14, 1(x15!)        x14=00000000 x15=1c0000fa x15:1c0000f9  PA:1c0000f9
14131333ns          231244 1c0088f2 feb71ce3 bne              x14, x11, -8        x14:00000000 x11:00000064
14131392ns          231247 1c0088ea 00070763 beq              x14, x0, 14         x14:00000000
14131452ns          231250 1c0088f8 0015b593 sltiu            x11, x11, 1         x11=00000000 x11:00000064
14131472ns          231251 1c0088fc 40b005b3 sub              x11, x0, x11        x11=00000000 x11:00000000
14131492ns          231252 1c008900 00b57533 and              x10, x10, x11       x10=00000000 x10:1c0000f9 x11:00000000
14131512ns          231253 1c008902 00008067 jalr             x0, x1, 0            x1:1c008abc
14131552ns          231255 1c008abc 02050a63 beq              x10, x0, 52         x10:00000000
14131969ns          231276 1c008af0 02a00613 addi             x12, x0, 42         x12=0000002a
14132009ns          231278 1c008af4 2ac48663 beq              x9, x12, 684         x9:00000064 x12:0000002a
14132029ns          231279 1c008af8 fd048613 addi             x12, x9, -48        x12=00000034  x9:00000064
14132049ns          231280 1c008afc 00900593 addi             x11, x0, 9          x11=00000009
14132069ns          231281 1c008afe 00000913 addi             x18, x0, 0          x18=00000000
14132109ns          231283 1c008b00 28c5f063 bgeu             x11, x12, 640       x11:00000009 x12:00000034
14132148ns          231285 1c008b04 02e00693 addi             x13, x0, 46         x13=0000002e
14132168ns          231286 1c008b08 fff00a13 addi             x20, x0, -1         x20=ffffffff
14132188ns          231287 1c008b0a 2ed48363 beq              x9, x13, 742         x9:00000064 x13:0000002e
14132248ns          231290 1c008b0e 1c0007b7 lui              x15, 0x1c000000     x15=1c000000
14132268ns          231291 1c008b12 009005b3 add              x11, x0, x9         x11=00000064  x9:00000064
14132288ns          231292 1c008b14 0fc78513 addi             x10, x15, 252       x10=1c0000fc x15:1c000000
14132307ns          231293 1c008b18 dbfff0ef jal              x1, -578             x1=1c008b1a
14132367ns          231296 1c0088d6 00054783 lbu              x15, 0(x10)         x15=00000068 x10:1c0000fc  PA:1c0000fc
14132705ns          231313 1c0088da 0ff5f593 andi             x11, x11, 255       x11=00000064 x11:00000064
14132725ns          231314 1c0088de 00b78c63 beq              x15, x11, 24        x15:00000068 x11:00000064
14132745ns          231315 1c0088e2 00078b63 beq              x15, x0, 22         x15:00000068
14132765ns          231316 1c0088e4 00150793 addi             x15, x10, 1         x15=1c0000fd x10:1c0000fc
14132785ns          231317 1c0088e8 0040006f jal              x0, 4              
14132884ns          231322 1c0088ec 00f00533 add              x10, x0, x15        x10=1c0000fd x15:1c0000fd
14132904ns          231323 1c0088ee 0017c70b p.lbu            x14, 1(x15!)        x14=0000006c x15=1c0000fe x15:1c0000fd  PA:1c0000fd
14133242ns          231340 1c0088f2 feb71ce3 bne              x14, x11, -8        x14:0000006c x11:00000064
14133302ns          231343 1c0088ea 00070763 beq              x14, x0, 14         x14:0000006c
14133322ns          231344 1c0088ec 00f00533 add              x10, x0, x15        x10=1c0000fe x15:1c0000fe
14133342ns          231345 1c0088ee 0017c70b p.lbu            x14, 1(x15!)        x14=0000004c x15=1c0000ff x15:1c0000fe  PA:1c0000fe
14133660ns          231361 1c0088f2 feb71ce3 bne              x14, x11, -8        x14:0000004c x11:00000064
14133720ns          231364 1c0088ea 00070763 beq              x14, x0, 14         x14:0000004c
14133740ns          231365 1c0088ec 00f00533 add              x10, x0, x15        x10=1c0000ff x15:1c0000ff
14133759ns          231366 1c0088ee 0017c70b p.lbu            x14, 1(x15!)        x14=0000007a x15=1c000100 x15:1c0000ff  PA:1c0000ff
14134078ns          231382 1c0088f2 feb71ce3 bne              x14, x11, -8        x14:0000007a x11:00000064
14134137ns          231385 1c0088ea 00070763 beq              x14, x0, 14         x14:0000007a
14134157ns          231386 1c0088ec 00f00533 add              x10, x0, x15        x10=1c000100 x15:1c000100
14134177ns          231387 1c0088ee 0017c70b p.lbu            x14, 1(x15!)        x14=00000000 x15=1c000101 x15:1c000100  PA:1c000100
14134495ns          231403 1c0088f2 feb71ce3 bne              x14, x11, -8        x14:00000000 x11:00000064
14134555ns          231406 1c0088ea 00070763 beq              x14, x0, 14         x14:00000000
14134615ns          231409 1c0088f8 0015b593 sltiu            x11, x11, 1         x11=00000000 x11:00000064
14134635ns          231410 1c0088fc 40b005b3 sub              x11, x0, x11        x11=00000000 x11:00000000
14134655ns          231411 1c008900 00b57533 and              x10, x10, x11       x10=00000000 x10:1c000100 x11:00000000
14134674ns          231412 1c008902 00008067 jalr             x0, x1, 0            x1:1c008b1a
14134714ns          231414 1c008b1a 01300433 add              x8, x0, x19          x8=1c000049 x19:1c000049
14134734ns          231415 1c008b1c 00050563 beq              x10, x0, 10         x10:00000000
14134814ns          231419 1c008b26 06700693 addi             x13, x0, 103        x13=00000067
14134834ns          231420 1c008b2a 2896d963 bge              x13, x9, 658        x13:00000067  x9:00000064
14134973ns          231427 1c008dbc 06500693 addi             x13, x0, 101        x13=00000065
14135052ns          231431 1c008dc0 12d4d563 bge              x9, x13, 298         x9:00000064 x13:00000065
14135092ns          231433 1c008dc4 04700693 addi             x13, x0, 71         x13=00000047
14135112ns          231434 1c008dc8 dc96cbe3 blt              x13, x9, -554       x13:00000047  x9:00000064
14135251ns          231441 1c008b9e 06300693 addi             x13, x0, 99         x13=00000063
14135271ns          231442 1c008ba2 0ad488e3 beq              x9, x13, 2224        x9:00000064 x13:00000063
14135291ns          231443 1c008ba6 0096c9e3 blt              x13, x9, 2066       x13:00000063  x9:00000064
14135450ns          231451 1c0093b8 000c2583 lw               x11, 0(x24)         x11=00000002 x24:100017b0  PA:100017b0
14135490ns          231453 1c0093bc 004c0c13 addi             x24, x24, 4         x24=100017b4 x24:100017b0
14135550ns          231456 1c0093be 3405cc63 blt              x11, x0, 856        x11:00000002
14135570ns          231457 1c0093c2 01412603 lw               x12, 20(x2)         x12=00000000  x2:10001658  PA:1000166c
14135589ns          231458 1c0093c4 00b006b3 add              x13, x0, x11        x13=00000002 x11:00000002
14135609ns          231459 1c0093c6 2e061863 bne              x12, x0, 752        x12:00000000
14135629ns          231460 1c0093ca 01812703 lw               x14, 24(x2)         x14=00000000  x2:10001658  PA:10001670
14135649ns          231461 1c0093cc 019007b3 add              x15, x0, x25        x15=1000167c x25:1000167c
14135669ns          231462 1c0093ce 00070763 beq              x14, x0, 14         x14:00000000
14135729ns          231465 1c0093dc 00f00733 add              x14, x0, x15        x14=1000167c x15:1000167c
14135749ns          231466 1c0093de 00a00513 addi             x10, x0, 10         x10=0000000a
14135768ns          231467 1c0093e0 02a6f633 remu             x12, x13, x10       x12=00000002 x13:00000002 x10:0000000a
14136385ns          231498 1c0093e4 02a6d6b3 divu             x13, x13, x10       x13=00000000 x13:00000002 x10:0000000a
14137002ns          231529 1c0093e8 03060613 addi             x12, x12, 48        x12=00000032 x12:00000002
14137022ns          231530 1c0093ec 00c700ab p.sb             x12, 1(x14!)        x14=1000167d x12:00000032 x14:1000167c  PA:1000167c
14137041ns          231531 1c0093f0 fe0698e3 bne              x13, x0, -16        x13:00000000
14137061ns          231532 1c0093f2 40f706b3 sub              x13, x14, x15       x13=00000001 x14:1000167d x15:1000167c
14137081ns          231533 1c0093f6 0146dc63 bge              x13, x20, 24        x13:00000001 x20:ffffffff
14137141ns          231536 1c00940e 00e006b3 add              x13, x0, x14        x13=1000167d x14:1000167d
14137201ns          231539 1c009410 fe068fab p.sb             x0, -1(x13!)        x13=1000167c x13:1000167d  PA:1000167d
14137240ns          231541 1c009414 00d7fc63 bgeu             x15, x13, 24        x15:1000167c x13:1000167c
14137340ns          231546 1c00942c 01412783 lw               x15, 20(x2)         x15=00000000  x2:10001658  PA:1000166c
14137360ns          231547 1c00942e 01812603 lw               x12, 24(x2)         x12=00000000  x2:10001658  PA:10001670
14137419ns          231550 1c009430 419704b3 sub              x9, x14, x25         x9=00000001 x14:1000167d x25:1000167c
14137459ns          231552 1c009434 00c7e7b3 or               x15, x15, x12       x15=00000000 x15:00000000 x12:00000000
14137479ns          231553 1c009436 00f12623 sw               x15, 12(x2)         x15:00000000  x2:10001658  PA:10001664
14137519ns          231555 1c009438 00079363 bne              x15, x0, 6          x15:00000000
14137539ns          231556 1c00943a 01f5d593 srli             x11, x11, 0x1f      x11=00000000 x11:00000002
14137559ns          231557 1c00943c 00b12623 sw               x11, 12(x2)         x11:00000000  x2:10001658  PA:10001664
14137578ns          231558 1c00943e e3fa28e3 p.beqimm         x20, -464           x20:ffffffff
14137757ns          231567 1c00926e 0c800793 addi             x15, x0, 200        x15=000000c8
14137797ns          231569 1c009272 9e97d0e3 bge              x15, x9, -1568      x15:000000c8  x9:00000001
14137877ns          231573 1c008c52 0f24d163 bge              x9, x18, 226         x9:00000001 x18:00000000
14137937ns          231576 1c008d34 d00482e3 beq              x9, x0, -764         x9:00000001
14137956ns          231577 1c008d38 01900933 add              x18, x0, x25        x18=1000167c x25:1000167c
14137976ns          231578 1c008d3a 419d8db3 sub              x27, x27, x25       x27=efffe9ae x27:0000002a x25:1000167c
14137996ns          231579 1c008d3e 00a0006f jal              x0, 10             
14138036ns          231581 1c008d48 0019450b p.lbu            x10, 1(x18!)        x10=00000032 x18=1000167d x18:1000167c  PA:1000167c
14138056ns          231582 1c008d4c 01a005b3 add              x11, x0, x26        x11=00000002 x26:00000002
14138076ns          231583 1c008d4e 000b00e7 jalr             x1, x22, 0           x1=1c008d50 x22:1c008956
14138195ns          231589 1c008956 000026b7 lui              x13, 0x2000         x13=00002000
14138235ns          231591 1c008958 f14027f3 csrrs            x15, x0, 0xf14      x15=00000002
14138255ns          231592 1c00895c f8068693 addi             x13, x13, -128      x13=00001f80 x13:00002000
14138314ns          231595 1c008960 00379713 slli             x14, x15, 0x3       x14=00000010 x15:00000002
14138354ns          231597 1c008964 00279793 slli             x15, x15, 0x2       x15=00000008 x15:00000002
14138374ns          231598 1c008966 00d7f7b3 and              x15, x15, x13       x15=00000000 x15:00000008 x13:00001f80
14138394ns          231599 1c008968 ee873733 p.bclr           x14, x14, 23, 8     x14=00000010 x14:00000010
14138414ns          231600 1c00896c 1a10f6b7 lui              x13, 0x1a10f000     x13=1a10f000
14138454ns          231602 1c008970 0ff57513 andi             x10, x10, 255       x10=00000032 x10:00000032
14138493ns          231604 1c008974 00d70733 add              x14, x14, x13       x14=1a10f010 x14:00000010 x13:1a10f000
14138513ns          231605 1c008976 00a7e723 p.sw             x10, x0(x15)        x10:00000032 x15:00000000  PA:1a10f010
14138871ns          231623 1c00897a 00000513 addi             x10, x0, 0          x10=00000000
14138891ns          231624 1c00897c 00008067 jalr             x0, x1, 0            x1:1c008d50
14138931ns          231626 1c008d50 fff48493 addi             x9, x9, -1           x9=00000000  x9:00000001
14138951ns          231627 1c008d52 fff537e3 p.bneimm         x10, -18            x10:00000000
14139011ns          231630 1c008d40 012d8733 add              x14, x27, x18       x14=0000002b x27:efffe9ae x18:1000167d
14139030ns          231631 1c008d44 5a048b63 beq              x9, x0, 1462         x9:00000000
14139130ns          231636 1c0092fa 00e00db3 add              x27, x0, x14        x27=0000002b x14:0000002b
14139170ns          231638 1c0092fc f3cff06f jal              x0, -2244          
14139309ns          231645 1c008a38 00044503 lbu              x10, 0(x8)          x10=00000029  x8:1c000049  PA:1c000049
14139627ns          231661 1c008a3c 00140413 addi             x8, x8, 1            x8=1c00004a  x8:1c000049
14139647ns          231662 1c008a3e 00050e63 beq              x10, x0, 28         x10:00000029
14139667ns          231663 1c008a40 02500793 addi             x15, x0, 37         x15=00000025
14139687ns          231664 1c008a44 04f50863 beq              x10, x15, 80        x10:00000029 x15:00000025
14139707ns          231665 1c008a48 01a005b3 add              x11, x0, x26        x11=00000002 x26:00000002
14139727ns          231666 1c008a4a 000b00e7 jalr             x1, x22, 0           x1=1c008a4c x22:1c008956
14139866ns          231673 1c008956 000026b7 lui              x13, 0x2000         x13=00002000
14139906ns          231675 1c008958 f14027f3 csrrs            x15, x0, 0xf14      x15=00000002
14139926ns          231676 1c00895c f8068693 addi             x13, x13, -128      x13=00001f80 x13:00002000
14139945ns          231677 1c008960 00379713 slli             x14, x15, 0x3       x14=00000010 x15:00000002
14139965ns          231678 1c008964 00279793 slli             x15, x15, 0x2       x15=00000008 x15:00000002
14139985ns          231679 1c008966 00d7f7b3 and              x15, x15, x13       x15=00000000 x15:00000008 x13:00001f80
14140005ns          231680 1c008968 ee873733 p.bclr           x14, x14, 23, 8     x14=00000010 x14:00000010
14140025ns          231681 1c00896c 1a10f6b7 lui              x13, 0x1a10f000     x13=1a10f000
14140045ns          231682 1c008970 0ff57513 andi             x10, x10, 255       x10=00000029 x10:00000029
14140065ns          231683 1c008974 00d70733 add              x14, x14, x13       x14=1a10f010 x14:00000010 x13:1a10f000
14140085ns          231684 1c008976 00a7e723 p.sw             x10, x0(x15)        x10:00000029 x15:00000000  PA:1a10f010
14140403ns          231700 1c00897a 00000513 addi             x10, x0, 0          x10=00000000
14140423ns          231701 1c00897c 00008067 jalr             x0, x1, 0            x1:1c008a4c
14140463ns          231703 1c008a4c 31f52563 p.beqimm         x10, 778            x10:00000000
14140483ns          231704 1c008a50 001d8d93 addi             x27, x27, 1         x27=0000002c x27:0000002b
14140502ns          231705 1c008a52 00044503 lbu              x10, 0(x8)          x10=0000000a  x8:1c00004a  PA:1c00004a
14140821ns          231721 1c008a56 00140413 addi             x8, x8, 1            x8=1c00004b  x8:1c00004a
14140841ns          231722 1c008a58 fe0514e3 bne              x10, x0, -24        x10:0000000a
14140900ns          231725 1c008a40 02500793 addi             x15, x0, 37         x15=00000025
14140920ns          231726 1c008a44 04f50863 beq              x10, x15, 80        x10:0000000a x15:00000025
14140940ns          231727 1c008a48 01a005b3 add              x11, x0, x26        x11=00000002 x26:00000002
14140960ns          231728 1c008a4a 000b00e7 jalr             x1, x22, 0           x1=1c008a4c x22:1c008956
14141000ns          231730 1c008956 000026b7 lui              x13, 0x2000         x13=00002000
14141020ns          231731 1c008958 f14027f3 csrrs            x15, x0, 0xf14      x15=00000002
14141039ns          231732 1c00895c f8068693 addi             x13, x13, -128      x13=00001f80 x13:00002000
14141059ns          231733 1c008960 00379713 slli             x14, x15, 0x3       x14=00000010 x15:00000002
14141079ns          231734 1c008964 00279793 slli             x15, x15, 0x2       x15=00000008 x15:00000002
14141099ns          231735 1c008966 00d7f7b3 and              x15, x15, x13       x15=00000000 x15:00000008 x13:00001f80
14141119ns          231736 1c008968 ee873733 p.bclr           x14, x14, 23, 8     x14=00000010 x14:00000010
14141139ns          231737 1c00896c 1a10f6b7 lui              x13, 0x1a10f000     x13=1a10f000
14141159ns          231738 1c008970 0ff57513 andi             x10, x10, 255       x10=0000000a x10:0000000a
14141179ns          231739 1c008974 00d70733 add              x14, x14, x13       x14=1a10f010 x14:00000010 x13:1a10f000
14141199ns          231740 1c008976 00a7e723 p.sw             x10, x0(x15)        x10:0000000a x15:00000000  PA:1a10f010
14141517ns          231756 1c00897a 00000513 addi             x10, x0, 0          x10=00000000
14141537ns          231757 1c00897c 00008067 jalr             x0, x1, 0            x1:1c008a4c
14141577ns          231759 1c008a4c 31f52563 p.beqimm         x10, 778            x10:00000000
14141596ns          231760 1c008a50 001d8d93 addi             x27, x27, 1         x27=0000002d x27:0000002c
14141616ns          231761 1c008a52 00044503 lbu              x10, 0(x8)          x10=00000000  x8:1c00004b  PA:1c00004b
14141915ns          231776 1c008a56 00140413 addi             x8, x8, 1            x8=1c00004c  x8:1c00004b
14141935ns          231777 1c008a58 fe0514e3 bne              x10, x0, -24        x10:00000000
14141954ns          231778 1c008a5a 01b00433 add              x8, x0, x27          x8=0000002d x27:0000002d
14141974ns          231779 1c008a5c 00800533 add              x10, x0, x8         x10=0000002d  x8:0000002d
14141994ns          231780 1c008a5e 12c12083 lw               x1, 300(x2)          x1=1c0089ea  x2:10001658  PA:10001784
14142014ns          231781 1c008a62 12812403 lw               x8, 296(x2)          x8=xxxxxxxx  x2:10001658  PA:10001780
14142034ns          231782 1c008a66 12412483 lw               x9, 292(x2)          x9=xxxxxxxx  x2:10001658  PA:1000177c
14142054ns          231783 1c008a6a 12012903 lw               x18, 288(x2)        x18=00000002  x2:10001658  PA:10001778
14142392ns          231800 1c008a6e 11c12983 lw               x19, 284(x2)        x19=xxxxxxxx  x2:10001658  PA:10001774
14142432ns          231802 1c008a72 11812a03 lw               x20, 280(x2)        x20=xxxxxxxx  x2:10001658  PA:10001770
14142452ns          231803 1c008a76 11412a83 lw               x21, 276(x2)        x21=xxxxxxxx  x2:10001658  PA:1000176c
14142472ns          231804 1c008a7a 11012b03 lw               x22, 272(x2)        x22=xxxxxxxx  x2:10001658  PA:10001768
14142909ns          231826 1c008a7e 10c12b83 lw               x23, 268(x2)        x23=xxxxxxxx  x2:10001658  PA:10001764
14142949ns          231828 1c008a82 10812c03 lw               x24, 264(x2)        x24=xxxxxxxx  x2:10001658  PA:10001760
14142969ns          231829 1c008a86 10412c83 lw               x25, 260(x2)        x25=xxxxxxxx  x2:10001658  PA:1000175c
14142989ns          231830 1c008a8a 10012d03 lw               x26, 256(x2)        x26=xxxxxxxx  x2:10001658  PA:10001758
14143009ns          231831 1c008a8e 0fc12d83 lw               x27, 252(x2)        x27=xxxxxxxx  x2:10001658  PA:10001754
14143048ns          231833 1c008a90 13010113 addi             x2, x2, 304          x2=10001788  x2:10001658
14143068ns          231834 1c008a92 00008067 jalr             x0, x1, 0            x1:1c0089ea
14143148ns          231838 1c0089ea 01c12083 lw               x1, 28(x2)           x1=1c0081f8  x2:10001788  PA:100017a4
14143188ns          231840 1c0089ec 04010113 addi             x2, x2, 64           x2=100017c8  x2:10001788
14143208ns          231841 1c0089ee 00008067 jalr             x0, x1, 0            x1:1c0081f8
14143327ns          231847 1c0081f8 00300793 addi             x15, x0, 3          x15=00000003
14143367ns          231849 1c0081fa 0127f463 bgeu             x15, x18, 8         x15:00000003 x18:00000002
14143904ns          231876 1c008202 377010ef jal              x1, 7030             x1=1c008206
14144361ns          231899 1c009d78 f14027f3 csrrs            x15, x0, 0xf14      x15=00000002
14144401ns          231901 1c009d7c 01f00713 addi             x14, x0, 31         x14=0000001f
14144839ns          231923 1c009d7e ca5797b3 p.extractu       x15, x15, 5, 5      x15=00000000 x15:00000002
14144878ns          231925 1c009d82 00e78863 beq              x15, x14, 16        x15:00000000 x14:0000001f
14144898ns          231926 1c009d86 002047b7 lui              x15, 0x204000       x15=00204000
14144918ns          231927 1c009d8a 20078793 addi             x15, x15, 512       x15=00204200 x15:00204000
14145356ns          231949 1c009d8e 01c7e703 p.elw            x14, 28(x15)        x14=00010000 x15:00204200  PA:0020421c
14145495ns          231956 1c009d92 00008067 jalr             x0, x1, 0            x1:1c008206
14145654ns          231964 1c008206 f14027f3 csrrs            x15, x0, 0xf14      x15=00000002
14145674ns          231965 1c00820a f457b7b3 p.bclr           x15, x15, 26, 5     x15=00000002 x15:00000002
14146151ns          231989 1c00820e 18078763 beq              x15, x0, 398        x15:00000002
14146171ns          231990 1c008212 00a00793 addi             x15, x0, 10         x15=0000000a
14146191ns          231991 1c008214 02f907b3 mul              x15, x18, x15       x15=00000014 x18:00000002 x15:0000000a
14146211ns          231992 1c008218 00279713 slli             x14, x15, 0x2       x14=00000050 x15:00000014
14146231ns          231993 1c00821c 00178a13 addi             x20, x15, 1         x20=00000015 x15:00000014
14146768ns          232020 1c008220 00278993 addi             x19, x15, 2         x19=00000016 x15:00000014
14146808ns          232022 1c008224 00378093 addi             x1, x15, 3           x1=00000017 x15:00000014
14146828ns          232023 1c008228 00478393 addi             x7, x15, 4           x7=00000018 x15:00000014
14146848ns          232024 1c00822c 00578293 addi             x5, x15, 5           x5=00000019 x15:00000014
14147365ns          232050 1c008230 00678f93 addi             x31, x15, 6         x31=0000001a x15:00000014
14147405ns          232052 1c008234 00778f13 addi             x30, x15, 7         x30=0000001b x15:00000014
14147424ns          232053 1c008238 00878e93 addi             x29, x15, 8         x29=0000001c x15:00000014
14147444ns          232054 1c00823c 00978e13 addi             x28, x15, 9         x28=0000001d x15:00000014
14147961ns          232080 1c008240 1c0104b7 lui              x9, 0x1c010000       x9=1c010000
14148001ns          232082 1c008244 06400793 addi             x15, x0, 100        x15=00000064
14148021ns          232083 1c008248 00048493 addi             x9, x9, 0            x9=1c010000  x9:1c010000
14148041ns          232084 1c00824c 002a1a13 slli             x20, x20, 0x2       x20=00000054 x20:00000015
14148061ns          232085 1c00824e 00299993 slli             x19, x19, 0x2       x19=00000058 x19:00000016
14148558ns          232110 1c008250 00209093 slli             x1, x1, 0x2          x1=0000005c  x1:00000017
14148578ns          232111 1c008252 00239393 slli             x7, x7, 0x2          x7=00000060  x7:00000018
14148598ns          232112 1c008254 00229293 slli             x5, x5, 0x2          x5=00000064  x5:00000019
14148618ns          232113 1c008256 002f9f93 slli             x31, x31, 0x2       x31=00000068 x31:0000001a
14148638ns          232114 1c008258 002f1f13 slli             x30, x30, 0x2       x30=0000006c x30:0000001b
14148658ns          232115 1c00825a 002e9e93 slli             x29, x29, 0x2       x29=00000070 x29:0000001c
14148678ns          232116 1c00825c 002e1e13 slli             x28, x28, 0x2       x28=00000074 x28:0000001d
14149095ns          232137 1c00825e 02f907b3 mul              x15, x18, x15       x15=000000c8 x18:00000002 x15:00000064
14149115ns          232138 1c008262 00279793 slli             x15, x15, 0x2       x15=00000320 x15:000000c8
14149135ns          232139 1c008264 0a048693 addi             x13, x9, 160        x13=1c0100a0  x9:1c010000
14149155ns          232140 1c008268 6e048893 addi             x17, x9, 1760       x17=1c0106e0  x9:1c010000
14149175ns          232141 1c00826c 00000413 addi             x8, x0, 0            x8=00000000
14149612ns          232163 1c008270 20e4fb03 lw               x22, x14(x9)        x22=3f24f8e2 x14:00000050  x9:1c010000  PA:1c010050
14149931ns          232179 1c008274 2144fa03 lw               x20, x20(x9)        x20=3f82685d x20:00000054  x9:1c010000  PA:1c010054
14150249ns          232195 1c008278 2134f983 lw               x19, x19(x9)        x19=410c0ef1 x19:00000058  x9:1c010000  PA:1c010058
14150547ns          232210 1c00827c 2014f083 lw               x1, x1(x9)           x1=409cc8fc  x1:0000005c  x9:1c010000  PA:1c01005c
14150965ns          232231 1c008280 2074f383 lw               x7, x7(x9)           x7=40967084  x7:00000060  x9:1c010000  PA:1c010060
14151263ns          232246 1c008284 2054f283 lw               x5, x5(x9)           x5=3d1bb44d  x5:00000064  x9:1c010000  PA:1c010064
14151582ns          232262 1c008288 21f4ff83 lw               x31, x31(x9)        x31=3ce6aa46 x31:00000068  x9:1c010000  PA:1c010068
14151880ns          232277 1c00828c 21e4ff03 lw               x30, x30(x9)        x30=4044704b x30:0000006c  x9:1c010000  PA:1c01006c
14152178ns          232292 1c008290 21d4fe83 lw               x29, x29(x9)        x29=40c6a7d3 x29:00000070  x9:1c010000  PA:1c010070
14152477ns          232307 1c008294 21c4fe03 lw               x28, x28(x9)        x28=40a1866a x28:00000074  x9:1c010000  PA:1c010074
14152795ns          232323 1c008298 00d787b3 add              x15, x15, x13       x15=1c0103c0 x15:00000320 x13:1c0100a0
14152815ns          232324 1c00829a 00e888b3 add              x17, x17, x14       x17=1c010730 x17:1c0106e0 x14:00000050
14152835ns          232325 1c00829c 00800ab3 add              x21, x0, x8         x21=00000000  x8:00000000
14152855ns          232326 1c00829e 00a00813 addi             x16, x0, 10         x16=0000000a
14152874ns          232327 1c0082a0 027840fb lp.setup         0x1, x16, 0x27      x16:0000000a
14152894ns          232328 1c0082a4 0007ab83 lw               x23, 0(x15)         x23=4049e4e9 x15:1c0103c0  PA:1c0103c0
14153193ns          232343 1c0082a8 0047a683 lw               x13, 4(x15)         x13=40fbce3d x15:1c0103c0  PA:1c0103c4
14153491ns          232358 1c0082aa a96bfbc3 fmadd.s          f23, f23, f22, f21  f23=xxxxxxxx f23:4049e4e9 f22:3f24f8e2 f21:00000000
14153511ns          232359 1c0082ae 0087a703 lw               x14, 8(x15)         x14=40f5488f x15:1c0103c0  PA:1c0103c8
14153809ns          232374 1c0082b0 00c7a303 lw               x6, 12(x15)          x6=4103be0f x15:1c0103c0  PA:1c0103cc
14154128ns          232390 1c0082b4 b8da76c3 fmadd.s          f13, f20, f13, f23  f13=xxxxxxxx f20:3f82685d f13:40fbce3d f23:40021aed
14154147ns          232391 1c0082b8 0107ab83 lw               x23, 16(x15)        x23=40d87b76 x15:1c0103c0  PA:1c0103d0
14154446ns          232406 1c0082bc 0147a503 lw               x10, 20(x15)        x10=4039a7e6 x15:1c0103c0  PA:1c0103d4
14154744ns          232421 1c0082be 68e9f743 fmadd.s          f14, f19, f14, f13  f14=xxxxxxxx f19:410c0ef1 f14:40f5488f f13:4120cc1d
14154764ns          232422 1c0082c2 0187a583 lw               x11, 24(x15)        x11=41126c87 x15:1c0103c0  PA:1c0103d8
14155062ns          232437 1c0082c4 01c7a603 lw               x12, 28(x15)        x12=40b513e7 x15:1c0103c0  PA:1c0103dc
14155361ns          232452 1c0082c6 7060f343 fmadd.s          f6, f1, f6, f14      f6=xxxxxxxx  f1:409cc8fc  f6:4103be0f f14:429a4b83
14155381ns          232453 1c0082ca 0207a683 lw               x13, 32(x15)        x13=40823c24 x15:1c0103c0  PA:1c0103e0
14155679ns          232468 1c0082cc 0247a703 lw               x14, 36(x15)        x14=40b19319 x15:1c0103c0  PA:1c0103e4
14155977ns          232483 1c0082ce 3173fbc3 fmadd.s          f23, f7, f23, f6    f23=xxxxxxxx  f7:40967084 f23:40d87b76  f6:42eafac2
14155997ns          232484 1c0082d2 0048a30b p.lw             x6, 4(x17!)          x6=4090948c x17=1c010734 x17:1c010730  PA:1c010730
14156296ns          232499 1c0082d6 02878793 addi             x15, x15, 40        x15=1c0103e8 x15:1c0103c0
14156316ns          232500 1c0082da b8a2f543 fmadd.s          f10, f5, f10, f23   f10=xxxxxxxx  f5:3d1bb44d f10:4039a7e6 f23:43154b40
14156335ns          232501 1c0082de 50bff5c3 fmadd.s          f11, f31, f11, f10  f11=xxxxxxxx f31:3ce6aa46 f11:41126c87 f10:4315677b
14156375ns          232503 1c0082e2 58cf7643 fmadd.s          f12, f30, f12, f11  f12=xxxxxxxx f30:4044704b f12:40b513e7 f11:4315a972
14156395ns          232504 1c0082e6 60def6c3 fmadd.s          f13, f29, f13, f12  f13=xxxxxxxx f29:40c6a7d3 f13:40823c24 f12:432707c7
14156415ns          232505 1c0082ea 68ee7743 fmadd.s          f14, f28, f14, f13  f14=xxxxxxxx f28:40a1866a f14:40b19319 f13:43404bc0
14156853ns          232527 1c0082ee 40e37443 fmadd.s          f8, f6, f14, f8      f8=xxxxxxxx  f6:4090948c f14:435c4e70  f8:00000000
14156892ns          232529 1c0082a4 0007ab83 lw               x23, 0(x15)         x23=40f138ae x15:1c0103e8  PA:1c0103e8
14157191ns          232544 1c0082a8 0047a683 lw               x13, 4(x15)         x13=3fc95f2a x15:1c0103e8  PA:1c0103ec
14157489ns          232559 1c0082aa a96bfbc3 fmadd.s          f23, f23, f22, f21  f23=xxxxxxxx f23:40f138ae f22:3f24f8e2 f21:00000000
14157509ns          232560 1c0082ae 0087a703 lw               x14, 8(x15)         x14=3e0eefca x15:1c0103e8  PA:1c0103f0
14157807ns          232575 1c0082b0 00c7a303 lw               x6, 12(x15)          x6=40d145ec x15:1c0103e8  PA:1c0103f4
14158126ns          232591 1c0082b4 b8da76c3 fmadd.s          f13, f20, f13, f23  f13=xxxxxxxx f20:3f82685d f13:3fc95f2a f23:409b72d3
14158146ns          232592 1c0082b8 0107ab83 lw               x23, 16(x15)        x23=4100e900 x15:1c0103e8  PA:1c0103f8
14158444ns          232607 1c0082bc 0147a503 lw               x10, 20(x15)        x10=3f76271e x15:1c0103e8  PA:1c0103fc
14158742ns          232622 1c0082be 68e9f743 fmadd.s          f14, f19, f14, f13  f14=xxxxxxxx f19:410c0ef1 f14:3e0eefca f13:40cebd09
14158762ns          232623 1c0082c2 0187a583 lw               x11, 24(x15)        x11=409f7b60 x15:1c0103e8  PA:1c010400
14159060ns          232638 1c0082c4 01c7a603 lw               x12, 28(x15)        x12=40bced14 x15:1c0103e8  PA:1c010404
14159359ns          232653 1c0082c6 7060f343 fmadd.s          f6, f1, f6, f14      f6=xxxxxxxx  f1:409cc8fc  f6:40d145ec f14:40f5d6c6
14159379ns          232654 1c0082ca 0207a683 lw               x13, 32(x15)        x13=40ab49ff x15:1c0103e8  PA:1c010408
14159677ns          232669 1c0082cc 0247a703 lw               x14, 36(x15)        x14=400b749a x15:1c0103e8  PA:1c01040c
14159975ns          232684 1c0082ce 3173fbc3 fmadd.s          f23, f7, f23, f6    f23=xxxxxxxx  f7:40967084 f23:4100e900  f6:421ee5c1
14159995ns          232685 1c0082d2 0048a30b p.lw             x6, 4(x17!)          x6=3f285222 x17=1c010738 x17:1c010734  PA:1c010734
14160294ns          232700 1c0082d6 02878793 addi             x15, x15, 40        x15=1c010410 x15:1c0103e8
14160314ns          232701 1c0082da b8a2f543 fmadd.s          f10, f5, f10, f23   f10=xxxxxxxx  f5:3d1bb44d f10:3f76271e f23:429b340f
14160333ns          232702 1c0082de 50bff5c3 fmadd.s          f11, f31, f11, f10  f11=xxxxxxxx f31:3ce6aa46 f11:409f7b60 f10:429b46c6
14160353ns          232703 1c0082e2 58cf7643 fmadd.s          f12, f30, f12, f11  f12=xxxxxxxx f30:4044704b f12:40bced14 f11:429b8e9f
14160373ns          232704 1c0082e6 60def6c3 fmadd.s          f13, f29, f13, f12  f13=xxxxxxxx f29:40c6a7d3 f13:40ab49ff f12:42bfccb8
14160393ns          232705 1c0082ea 68ee7743 fmadd.s          f14, f28, f14, f13  f14=xxxxxxxx f28:40a1866a f14:400b749a f13:4301213d
14160413ns          232706 1c0082ee 40e37443 fmadd.s          f8, f6, f14, f8      f8=xxxxxxxx  f6:3f285222 f14:430c20ef  f8:4478d7ea
14160433ns          232707 1c0082a4 0007ab83 lw               x23, 0(x15)         x23=4086a5d5 x15:1c010410  PA:1c010410
14160731ns          232722 1c0082a8 0047a683 lw               x13, 4(x15)         x13=40dd6bb7 x15:1c010410  PA:1c010414
14161030ns          232737 1c0082aa a96bfbc3 fmadd.s          f23, f23, f22, f21  f23=xxxxxxxx f23:4086a5d5 f22:3f24f8e2 f21:00000000
14161050ns          232738 1c0082ae 0087a703 lw               x14, 8(x15)         x14=3fa9f164 x15:1c010410  PA:1c010418
14161348ns          232753 1c0082b0 00c7a303 lw               x6, 12(x15)          x6=40d675f0 x15:1c010410  PA:1c01041c
14161646ns          232768 1c0082b4 b8da76c3 fmadd.s          f13, f20, f13, f23  f13=xxxxxxxx f20:3f82685d f13:40dd6bb7 f23:402d8a48
14161666ns          232769 1c0082b8 0107ab83 lw               x23, 16(x15)        x23=4118d5d8 x15:1c010410  PA:1c010420
14161965ns          232784 1c0082bc 0147a503 lw               x10, 20(x15)        x10=410f811c x15:1c010410  PA:1c010424
14162263ns          232799 1c0082be 68e9f743 fmadd.s          f14, f19, f14, f13  f14=xxxxxxxx f19:410c0ef1 f14:3fa9f164 f13:411c2d89
14162283ns          232800 1c0082c2 0187a583 lw               x11, 24(x15)        x11=3f3e8303 x15:1c010410  PA:1c010428
14162581ns          232815 1c0082c4 01c7a603 lw               x12, 28(x15)        x12=40dc5d97 x15:1c010410  PA:1c01042c
14162880ns          232830 1c0082c6 7060f343 fmadd.s          f6, f1, f6, f14      f6=xxxxxxxx  f1:409cc8fc  f6:40d675f0 f14:41ab10b2
14162899ns          232831 1c0082ca 0207a683 lw               x13, 32(x15)        x13=41103c87 x15:1c010410  PA:1c010430
14163198ns          232846 1c0082cc 0247a703 lw               x14, 36(x15)        x14=40c7d3c1 x15:1c010410  PA:1c010434
14163516ns          232862 1c0082ce 3173fbc3 fmadd.s          f23, f7, f23, f6    f23=xxxxxxxx  f7:40967084 f23:4118d5d8  f6:4258e096
14163536ns          232863 1c0082d2 0048a30b p.lw             x6, 4(x17!)          x6=40da752f x17=1c01073c x17:1c010738  PA:1c010738
14163834ns          232878 1c0082d6 02878793 addi             x15, x15, 40        x15=1c010438 x15:1c010410
14163854ns          232879 1c0082da b8a2f543 fmadd.s          f10, f5, f10, f23   f10=xxxxxxxx  f5:3d1bb44d f10:410f811c f23:42c640c4
14163874ns          232880 1c0082de 50bff5c3 fmadd.s          f11, f31, f11, f10  f11=xxxxxxxx f31:3ce6aa46 f11:3f3e8303 f10:42c6ef54
14163894ns          232881 1c0082e2 58cf7643 fmadd.s          f12, f30, f12, f11  f12=xxxxxxxx f30:4044704b f12:40dc5d97 f11:42c6fa0f
14163914ns          232882 1c0082e6 60def6c3 fmadd.s          f13, f29, f13, f12  f13=xxxxxxxx f29:40c6a7d3 f13:41103c87 f12:42f14023
14163934ns          232883 1c0082ea 68ee7743 fmadd.s          f14, f28, f14, f13  f14=xxxxxxxx f28:40a1866a f14:40c7d3c1 f13:433096c1
14163954ns          232884 1c0082ee 40e37443 fmadd.s          f8, f6, f14, f8      f8=xxxxxxxx  f6:40da752f f14:43501c07  f8:4487f047
14163973ns          232885 1c0082a4 0007ab83 lw               x23, 0(x15)         x23=411092b2 x15:1c010438  PA:1c010438
14164272ns          232900 1c0082a8 0047a683 lw               x13, 4(x15)         x13=402ceb91 x15:1c010438  PA:1c01043c
14164570ns          232915 1c0082aa a96bfbc3 fmadd.s          f23, f23, f22, f21  f23=xxxxxxxx f23:411092b2 f22:3f24f8e2 f21:00000000
14164590ns          232916 1c0082ae 0087a703 lw               x14, 8(x15)         x14=40032794 x15:1c010438  PA:1c010440
14164908ns          232932 1c0082b0 00c7a303 lw               x6, 12(x15)          x6=3fd99115 x15:1c010438  PA:1c010444
14165207ns          232947 1c0082b4 b8da76c3 fmadd.s          f13, f20, f13, f23  f13=xxxxxxxx f20:3f82685d f13:402ceb91 f23:40ba5510
14165227ns          232948 1c0082b8 0107ab83 lw               x23, 16(x15)        x23=40d9d532 x15:1c010438  PA:1c010448
14165525ns          232963 1c0082bc 0147a503 lw               x10, 20(x15)        x10=402daa72 x15:1c010438  PA:1c01044c
14165823ns          232978 1c0082be 68e9f743 fmadd.s          f14, f19, f14, f13  f14=xxxxxxxx f19:410c0ef1 f14:40032794 f13:41093597
14165843ns          232979 1c0082c2 0187a583 lw               x11, 24(x15)        x11=4082bd0f x15:1c010438  PA:1c010450
14166161ns          232995 1c0082c4 01c7a603 lw               x12, 28(x15)        x12=408e3618 x15:1c010438  PA:1c010454
14166460ns          233010 1c0082c6 7060f343 fmadd.s          f6, f1, f6, f14      f6=xxxxxxxx  f1:409cc8fc  f6:3fd99115 f14:41d41d65
14166480ns          233011 1c0082ca 0207a683 lw               x13, 32(x15)        x13=4118e085 x15:1c010438  PA:1c010458
14166778ns          233026 1c0082cc 0247a703 lw               x14, 36(x15)        x14=40df80ca x15:1c010438  PA:1c01045c
14167076ns          233041 1c0082ce 3173fbc3 fmadd.s          f23, f7, f23, f6    f23=xxxxxxxx  f7:40967084 f23:40d9d532  f6:420b5e81
14167096ns          233042 1c0082d2 0048a30b p.lw             x6, 4(x17!)          x6=40b7eb35 x17=1c010740 x17:1c01073c  PA:1c01073c
14167395ns          233057 1c0082d6 02878793 addi             x15, x15, 40        x15=1c010460 x15:1c010438
14167415ns          233058 1c0082da b8a2f543 fmadd.s          f10, f5, f10, f23   f10=xxxxxxxx  f5:3d1bb44d f10:402daa72 f23:4285b095
14167434ns          233059 1c0082de 50bff5c3 fmadd.s          f11, f31, f11, f10  f11=xxxxxxxx f31:3ce6aa46 f11:4082bd0f f10:4285e565
14167454ns          233060 1c0082e2 58cf7643 fmadd.s          f12, f30, f12, f11  f12=xxxxxxxx f30:4044704b f12:408e3618 f11:4286204b
14167474ns          233061 1c0082e6 60def6c3 fmadd.s          f13, f29, f13, f12  f13=xxxxxxxx f29:40c6a7d3 f13:4118e085 f12:42a1683e
14167494ns          233062 1c0082ea 68ee7743 fmadd.s          f14, f28, f14, f13  f14=xxxxxxxx f28:40a1866a f14:40df80ca f13:430c050f
14167514ns          233063 1c0082ee 40e37443 fmadd.s          f8, f6, f14, f8      f8=xxxxxxxx  f6:40b7eb35 f14:432f4665  f8:451cc3b4
14167534ns          233064 1c0082a4 0007ab83 lw               x23, 0(x15)         x23=411f2bef x15:1c010460  PA:1c010460
14167832ns          233079 1c0082a8 0047a683 lw               x13, 4(x15)         x13=40d9e902 x15:1c010460  PA:1c010464
14168131ns          233094 1c0082aa a96bfbc3 fmadd.s          f23, f23, f22, f21  f23=xxxxxxxx f23:411f2bef f22:3f24f8e2 f21:00000000
14168151ns          233095 1c0082ae 0087a703 lw               x14, 8(x15)         x14=408bdff7 x15:1c010460  PA:1c010468
14168449ns          233110 1c0082b0 00c7a303 lw               x6, 12(x15)          x6=3e86c41e x15:1c010460  PA:1c01046c
14168767ns          233126 1c0082b4 b8da76c3 fmadd.s          f13, f20, f13, f23  f13=xxxxxxxx f20:3f82685d f13:40d9e902 f23:40cd25c8
14168787ns          233127 1c0082b8 0107ab83 lw               x23, 16(x15)        x23=40f99c84 x15:1c010460  PA:1c010470
14169085ns          233142 1c0082bc 0147a503 lw               x10, 20(x15)        x10=41190169 x15:1c010460  PA:1c010474
14169384ns          233157 1c0082be 68e9f743 fmadd.s          f14, f19, f14, f13  f14=xxxxxxxx f19:410c0ef1 f14:408bdff7 f13:4155940d
14169404ns          233158 1c0082c2 0187a583 lw               x11, 24(x15)        x11=3d6740d5 x15:1c010460  PA:1c010478
14169702ns          233173 1c0082c4 01c7a603 lw               x12, 28(x15)        x12=4107f4b8 x15:1c010460  PA:1c01047c
14170000ns          233188 1c0082c6 7060f343 fmadd.s          f6, f1, f6, f14      f6=xxxxxxxx  f1:409cc8fc  f6:3e86c41e f14:424e724d
14170020ns          233189 1c0082ca 0207a683 lw               x13, 32(x15)        x13=404188bc x15:1c010460  PA:1c010480
14170319ns          233204 1c0082cc 0247a703 lw               x14, 36(x15)        x14=410aedd1 x15:1c010460  PA:1c010484
14170617ns          233219 1c0082ce 3173fbc3 fmadd.s          f23, f7, f23, f6    f23=xxxxxxxx  f7:40967084 f23:40f99c84  f6:42539ae2
14170637ns          233220 1c0082d2 0048a30b p.lw             x6, 4(x17!)          x6=4113b468 x17=1c010744 x17:1c010740  PA:1c010740
14170935ns          233235 1c0082d6 02878793 addi             x15, x15, 40        x15=1c010488 x15:1c010460
14170955ns          233236 1c0082da b8a2f543 fmadd.s          f10, f5, f10, f23   f10=xxxxxxxx  f5:3d1bb44d f10:41190169 f23:42b32526
14170975ns          233237 1c0082de 50bff5c3 fmadd.s          f11, f31, f11, f10  f11=xxxxxxxx f31:3ce6aa46 f11:3d6740d5 f10:42b3df45
14170995ns          233238 1c0082e2 58cf7643 fmadd.s          f12, f30, f12, f11  f12=xxxxxxxx f30:4044704b f12:4107f4b8 f11:42b3e015
14171015ns          233239 1c0082e6 60def6c3 fmadd.s          f13, f29, f13, f12  f13=xxxxxxxx f29:40c6a7d3 f13:404188bc f12:42e80995
14171035ns          233240 1c0082ea 68ee7743 fmadd.s          f14, f28, f14, f13  f14=xxxxxxxx f28:40a1866a f14:410aedd1 f13:4306ca9f
14171055ns          233241 1c0082ee 40e37443 fmadd.s          f8, f6, f14, f8      f8=xxxxxxxx  f6:4113b468 f14:43329ee0  f8:455bb9e2
14171074ns          233242 1c0082a4 0007ab83 lw               x23, 0(x15)         x23=405391f9 x15:1c010488  PA:1c010488
14171373ns          233257 1c0082a8 0047a683 lw               x13, 4(x15)         x13=40d94534 x15:1c010488  PA:1c01048c
14171671ns          233272 1c0082aa a96bfbc3 fmadd.s          f23, f23, f22, f21  f23=xxxxxxxx f23:405391f9 f22:3f24f8e2 f21:00000000
14171691ns          233273 1c0082ae 0087a703 lw               x14, 8(x15)         x14=40c9f433 x15:1c010488  PA:1c010490
14171989ns          233288 1c0082b0 00c7a303 lw               x6, 12(x15)          x6=410c5d7c x15:1c010488  PA:1c010494
14172288ns          233303 1c0082b4 b8da76c3 fmadd.s          f13, f20, f13, f23  f13=xxxxxxxx f20:3f82685d f13:40d94534 f23:40085734
14172308ns          233304 1c0082b8 0107ab83 lw               x23, 16(x15)        x23=3e510f0e x15:1c010488  PA:1c010498
14172606ns          233319 1c0082bc 0147a503 lw               x10, 20(x15)        x10=403f1e8c x15:1c010488  PA:1c01049c
14172904ns          233334 1c0082be 68e9f743 fmadd.s          f14, f19, f14, f13  f14=xxxxxxxx f19:410c0ef1 f14:40c9f433 f13:4110c384
14172924ns          233335 1c0082c2 0187a583 lw               x11, 24(x15)        x11=40898101 x15:1c010488  PA:1c0104a0
14173223ns          233350 1c0082c4 01c7a603 lw               x12, 28(x15)        x12=40e404e6 x15:1c010488  PA:1c0104a4
14173521ns          233365 1c0082c6 7060f343 fmadd.s          f6, f1, f6, f14      f6=xxxxxxxx  f1:409cc8fc  f6:410c5d7c f14:428095c6
14173541ns          233366 1c0082ca 0207a683 lw               x13, 32(x15)        x13=40c2f719 x15:1c010488  PA:1c0104a8
14173839ns          233381 1c0082cc 0247a703 lw               x14, 36(x15)        x14=3f2f3033 x15:1c010488  PA:1c0104ac
14174158ns          233397 1c0082ce 3173fbc3 fmadd.s          f23, f7, f23, f6    f23=xxxxxxxx  f7:40967084 f23:3e510f0e  f6:42d68cf1
14174177ns          233398 1c0082d2 0048a30b p.lw             x6, 4(x17!)          x6=40f9a88c x17=1c010748 x17:1c010744  PA:1c010744
14174476ns          233413 1c0082d6 02878793 addi             x15, x15, 40        x15=1c0104b0 x15:1c010488
14174496ns          233414 1c0082da b8a2f543 fmadd.s          f10, f5, f10, f23   f10=xxxxxxxx  f5:3d1bb44d f10:403f1e8c f23:42d8785c
14174516ns          233415 1c0082de 50bff5c3 fmadd.s          f11, f31, f11, f10  f11=xxxxxxxx f31:3ce6aa46 f11:40898101 f10:42d8b27b
14174535ns          233416 1c0082e2 58cf7643 fmadd.s          f12, f30, f12, f11  f12=xxxxxxxx f30:4044704b f12:40e404e6 f11:42d8f06e
14174555ns          233417 1c0082e6 60def6c3 fmadd.s          f13, f29, f13, f12  f13=xxxxxxxx f29:40c6a7d3 f13:40c2f719 f12:43025730
14174575ns          233418 1c0082ea 68ee7743 fmadd.s          f14, f28, f14, f13  f14=xxxxxxxx f28:40a1866a f14:3f2f3033 f13:432829eb
14174595ns          233419 1c0082ee 40e37443 fmadd.s          f8, f6, f14, f8      f8=xxxxxxxx  f6:40f9a88c f14:432b9e35  f8:45a1647e
14174615ns          233420 1c0082a4 0007ab83 lw               x23, 0(x15)         x23=410cb86d x15:1c0104b0  PA:1c0104b0
14174913ns          233435 1c0082a8 0047a683 lw               x13, 4(x15)         x13=40054cfb x15:1c0104b0  PA:1c0104b4
14175212ns          233450 1c0082aa a96bfbc3 fmadd.s          f23, f23, f22, f21  f23=xxxxxxxx f23:410cb86d f22:3f24f8e2 f21:00000000
14175232ns          233451 1c0082ae 0087a703 lw               x14, 8(x15)         x14=40b22419 x15:1c0104b0  PA:1c0104b8
14175550ns          233467 1c0082b0 00c7a303 lw               x6, 12(x15)          x6=40ed702a x15:1c0104b0  PA:1c0104bc
14175848ns          233482 1c0082b4 b8da76c3 fmadd.s          f13, f20, f13, f23  f13=xxxxxxxx f20:3f82685d f13:40054cfb f23:40b55de9
14175868ns          233483 1c0082b8 0107ab83 lw               x23, 16(x15)        x23=4109ff52 x15:1c0104b0  PA:1c0104c0
14176167ns          233498 1c0082bc 0147a503 lw               x10, 20(x15)        x10=40e98720 x15:1c0104b0  PA:1c0104c4
14176465ns          233513 1c0082be 68e9f743 fmadd.s          f14, f19, f14, f13  f14=xxxxxxxx f19:410c0ef1 f14:40b22419 f13:40f94558
14176485ns          233514 1c0082c2 0187a583 lw               x11, 24(x15)        x11=40b7fe07 x15:1c0104b0  PA:1c0104c8
14176803ns          233530 1c0082c4 01c7a603 lw               x12, 28(x15)        x12=406d792d x15:1c0104b0  PA:1c0104cc
14177101ns          233545 1c0082c6 7060f343 fmadd.s          f6, f1, f6, f14      f6=xxxxxxxx  f1:409cc8fc  f6:40ed702a f14:426214f2
14177121ns          233546 1c0082ca 0207a683 lw               x13, 32(x15)        x13=3fe63366 x15:1c0104b0  PA:1c0104d0
14177420ns          233561 1c0082cc 0247a703 lw               x14, 36(x15)        x14=40b056b8 x15:1c0104b0  PA:1c0104d4
14177718ns          233576 1c0082ce 3173fbc3 fmadd.s          f23, f7, f23, f6    f23=xxxxxxxx  f7:40967084 f23:4109ff52  f6:42b9bfda
14177738ns          233577 1c0082d2 0048a30b p.lw             x6, 4(x17!)          x6=4080ce57 x17=1c01074c x17:1c010748  PA:1c010748
14178036ns          233592 1c0082d6 02878793 addi             x15, x15, 40        x15=1c0104d8 x15:1c0104b0
14178056ns          233593 1c0082da b8a2f543 fmadd.s          f10, f5, f10, f23   f10=xxxxxxxx  f5:3d1bb44d f10:40e98720 f23:43056c0d
14178076ns          233594 1c0082de 50bff5c3 fmadd.s          f11, f31, f11, f10  f11=xxxxxxxx f31:3ce6aa46 f11:40b7fe07 f10:4305b312
14178096ns          233595 1c0082e2 58cf7643 fmadd.s          f12, f30, f12, f11  f12=xxxxxxxx f30:4044704b f12:406d792d f11:4305dc84
14178116ns          233596 1c0082e6 60def6c3 fmadd.s          f13, f29, f13, f12  f13=xxxxxxxx f29:40c6a7d3 f13:3fe63366 f12:43114013
14178136ns          233597 1c0082ea 68ee7743 fmadd.s          f14, f28, f14, f13  f14=xxxxxxxx f28:40a1866a f14:40b056b8 f13:431c6a3e
14178156ns          233598 1c0082ee 40e37443 fmadd.s          f8, f6, f14, f8      f8=xxxxxxxx  f6:4080ce57 f14:43383b06  f8:45cb3bf6
14178175ns          233599 1c0082a4 0007ab83 lw               x23, 0(x15)         x23=3d17c446 x15:1c0104d8  PA:1c0104d8
14178474ns          233614 1c0082a8 0047a683 lw               x13, 4(x15)         x13=3fa979a8 x15:1c0104d8  PA:1c0104dc
14178772ns          233629 1c0082aa a96bfbc3 fmadd.s          f23, f23, f22, f21  f23=xxxxxxxx f23:3d17c446 f22:3f24f8e2 f21:00000000
14178792ns          233630 1c0082ae 0087a703 lw               x14, 8(x15)         x14=3f5fe07e x15:1c0104d8  PA:1c0104e0
14179090ns          233645 1c0082b0 00c7a303 lw               x6, 12(x15)          x6=40947a70 x15:1c0104d8  PA:1c0104e4
14179389ns          233660 1c0082b4 b8da76c3 fmadd.s          f13, f20, f13, f23  f13=xxxxxxxx f20:3f82685d f13:3fa979a8 f23:3cc39a92
14179409ns          233661 1c0082b8 0107ab83 lw               x23, 16(x15)        x23=3f65d96e x15:1c0104d8  PA:1c0104e8
14179707ns          233676 1c0082bc 0147a503 lw               x10, 20(x15)        x10=401b0b85 x15:1c0104d8  PA:1c0104ec
14180005ns          233691 1c0082be 68e9f743 fmadd.s          f14, f19, f14, f13  f14=xxxxxxxx f19:410c0ef1 f14:3f5fe07e f13:3fafb827
14180025ns          233692 1c0082c2 0187a583 lw               x11, 24(x15)        x11=4115c818 x15:1c0104d8  PA:1c0104f0
14180324ns          233707 1c0082c4 01c7a603 lw               x12, 28(x15)        x12=40847940 x15:1c0104d8  PA:1c0104f4
14180622ns          233722 1c0082c6 7060f343 fmadd.s          f6, f1, f6, f14      f6=xxxxxxxx  f1:409cc8fc  f6:40947a70 f14:411072db
14180642ns          233723 1c0082ca 0207a683 lw               x13, 32(x15)        x13=40c689c2 x15:1c0104d8  PA:1c0104f8
14180940ns          233738 1c0082cc 0247a703 lw               x14, 36(x15)        x14=404e73d6 x15:1c0104d8  PA:1c0104fc
14181239ns          233753 1c0082ce 3173fbc3 fmadd.s          f23, f7, f23, f6    f23=xxxxxxxx  f7:40967084 f23:3f65d96e  f6:41fe17ca
14181259ns          233754 1c0082d2 0048a30b p.lw             x6, 4(x17!)          x6=3f4e6c82 x17=1c010750 x17:1c01074c  PA:1c01074c
14181557ns          233769 1c0082d6 02878793 addi             x15, x15, 40        x15=1c010500 x15:1c0104d8
14181577ns          233770 1c0082da b8a2f543 fmadd.s          f10, f5, f10, f23   f10=xxxxxxxx  f5:3d1bb44d f10:401b0b85 f23:420fee33
14181597ns          233771 1c0082de 50bff5c3 fmadd.s          f11, f31, f11, f10  f11=xxxxxxxx f31:3ce6aa46 f11:4115c818 f10:42104c80
14181617ns          233772 1c0082e2 58cf7643 fmadd.s          f12, f30, f12, f11  f12=xxxxxxxx f30:4044704b f12:40847940 f11:42115a6b
14181636ns          233773 1c0082e6 60def6c3 fmadd.s          f13, f29, f13, f12  f13=xxxxxxxx f29:40c6a7d3 f13:40c689c2 f12:42442de3
14181656ns          233774 1c0082ea 68ee7743 fmadd.s          f14, f28, f14, f13  f14=xxxxxxxx f28:40a1866a f14:404e73d6 f13:42af1f4b
14181676ns          233775 1c0082ee 40e37443 fmadd.s          f8, f6, f14, f8      f8=xxxxxxxx  f6:3f4e6c82 f14:42cfb01b  f8:45e26876
14181696ns          233776 1c0082a4 0007ab83 lw               x23, 0(x15)         x23=411bbb93 x15:1c010500  PA:1c010500
14181995ns          233791 1c0082a8 0047a683 lw               x13, 4(x15)         x13=4003c085 x15:1c010500  PA:1c010504
14182293ns          233806 1c0082aa a96bfbc3 fmadd.s          f23, f23, f22, f21  f23=xxxxxxxx f23:411bbb93 f22:3f24f8e2 f21:00000000
14182313ns          233807 1c0082ae 0087a703 lw               x14, 8(x15)         x14=411a68c1 x15:1c010500  PA:1c010508
14182611ns          233822 1c0082b0 00c7a303 lw               x6, 12(x15)          x6=41086a50 x15:1c010500  PA:1c01050c
14182909ns          233837 1c0082b4 b8da76c3 fmadd.s          f13, f20, f13, f23  f13=xxxxxxxx f20:3f82685d f13:4003c085 f23:40c8b723
14182929ns          233838 1c0082b8 0107ab83 lw               x23, 16(x15)        x23=410f88c9 x15:1c010500  PA:1c010510
14183228ns          233853 1c0082bc 0147a503 lw               x10, 20(x15)        x10=3f2f1bd5 x15:1c010500  PA:1c010514
14183546ns          233869 1c0082be 68e9f743 fmadd.s          f14, f19, f14, f13  f14=xxxxxxxx f19:410c0ef1 f14:411a68c1 f13:4105ea4e
14183566ns          233870 1c0082c2 0187a583 lw               x11, 24(x15)        x11=40f19dc6 x15:1c010500  PA:1c010518
14183864ns          233885 1c0082c4 01c7a603 lw               x12, 28(x15)        x12=410bf308 x15:1c010500  PA:1c01051c
14184163ns          233900 1c0082c6 7060f343 fmadd.s          f6, f1, f6, f14      f6=xxxxxxxx  f1:409cc8fc  f6:41086a50 f14:42b9b1e3
14184183ns          233901 1c0082ca 0207a683 lw               x13, 32(x15)        x13=40f4dc21 x15:1c010500  PA:1c010520
14184481ns          233916 1c0082cc 0247a703 lw               x14, 36(x15)        x14=408d2c4c x15:1c010500  PA:1c010524
14184799ns          233932 1c0082ce 3173fbc3 fmadd.s          f23, f7, f23, f6    f23=xxxxxxxx  f7:40967084 f23:410f88c9  f6:43069ee3
14184819ns          233933 1c0082d2 0048a30b p.lw             x6, 4(x17!)          x6=40dc7319 x17=1c010754 x17:1c010750  PA:1c010750
14185117ns          233948 1c0082d6 02878793 addi             x15, x15, 40        x15=1c010528 x15:1c010500
14185137ns          233949 1c0082da b8a2f543 fmadd.s          f10, f5, f10, f23   f10=xxxxxxxx  f5:3d1bb44d f10:3f2f1bd5 f23:4330cb81
14185157ns          233950 1c0082de 50bff5c3 fmadd.s          f11, f31, f11, f10  f11=xxxxxxxx f31:3ce6aa46 f11:40f19dc6 f10:4330d229
14185177ns          233951 1c0082e2 58cf7643 fmadd.s          f12, f30, f12, f11  f12=xxxxxxxx f30:4044704b f12:410bf308 f11:43310896
14185197ns          233952 1c0082e6 60def6c3 fmadd.s          f13, f29, f13, f12  f13=xxxxxxxx f29:40c6a7d3 f13:40f4dc21 f12:434be173
14185217ns          233953 1c0082ea 68ee7743 fmadd.s          f14, f28, f14, f13  f14=xxxxxxxx f28:40a1866a f14:408d2c4c f13:437b6225
14185237ns          233954 1c0082ee 40e37443 fmadd.s          f8, f6, f14, f8      f8=xxxxxxxx  f6:40dc7319 f14:4388d372  f8:45e50655
14185257ns          233955 1c0082a4 0007ab83 lw               x23, 0(x15)         x23=40ca7802 x15:1c010528  PA:1c010528
14185555ns          233970 1c0082a8 0047a683 lw               x13, 4(x15)         x13=40ddba76 x15:1c010528  PA:1c01052c
14185853ns          233985 1c0082aa a96bfbc3 fmadd.s          f23, f23, f22, f21  f23=xxxxxxxx f23:40ca7802 f22:3f24f8e2 f21:00000000
14185873ns          233986 1c0082ae 0087a703 lw               x14, 8(x15)         x14=3f8f60d0 x15:1c010528  PA:1c010530
14186191ns          234002 1c0082b0 00c7a303 lw               x6, 12(x15)          x6=3fb5d733 x15:1c010528  PA:1c010534
14186490ns          234017 1c0082b4 b8da76c3 fmadd.s          f13, f20, f13, f23  f13=xxxxxxxx f20:3f82685d f13:40ddba76 f23:408279b8
14186510ns          234018 1c0082b8 0107ab83 lw               x23, 16(x15)        x23=4103119a x15:1c010528  PA:1c010538
14186808ns          234033 1c0082bc 0147a503 lw               x10, 20(x15)        x10=410c5663 x15:1c010528  PA:1c01053c
14187106ns          234048 1c0082be 68e9f743 fmadd.s          f14, f19, f14, f13  f14=xxxxxxxx f19:410c0ef1 f14:3f8f60d0 f13:41322ff0
14187126ns          234049 1c0082c2 0187a583 lw               x11, 24(x15)        x11=410093e5 x15:1c010528  PA:1c010540
14187445ns          234065 1c0082c4 01c7a603 lw               x12, 28(x15)        x12=40900ae7 x15:1c010528  PA:1c010544
14187743ns          234080 1c0082c6 7060f343 fmadd.s          f6, f1, f6, f14      f6=xxxxxxxx  f1:409cc8fc  f6:3fb5d733 f14:41a78948
14187763ns          234081 1c0082ca 0207a683 lw               x13, 32(x15)        x13=40602235 x15:1c010528  PA:1c010548
14188061ns          234096 1c0082cc 0247a703 lw               x14, 36(x15)        x14=4005af34 x15:1c010528  PA:1c01054c
14188360ns          234111 1c0082ce 3173fbc3 fmadd.s          f23, f7, f23, f6    f23=xxxxxxxx  f7:40967084 f23:4103119a  f6:41df383b
14188379ns          234112 1c0082d2 0048a30b p.lw             x6, 4(x17!)          x6=40a820db x17=1c010758 x17:1c010754  PA:1c010754
14188678ns          234127 1c0082d6 02878793 addi             x15, x15, 40        x15=1c010550 x15:1c010528
14188698ns          234128 1c0082da b8a2f543 fmadd.s          f10, f5, f10, f23   f10=xxxxxxxx  f5:3d1bb44d f10:410c5663 f23:4284d3fa
14188718ns          234129 1c0082de 50bff5c3 fmadd.s          f11, f31, f11, f10  f11=xxxxxxxx f31:3ce6aa46 f11:410093e5 f10:42857eb0
14188737ns          234130 1c0082e2 58cf7643 fmadd.s          f12, f30, f12, f11  f12=xxxxxxxx f30:4044704b f12:40900ae7 f11:4285f28a
14188757ns          234131 1c0082e6 60def6c3 fmadd.s          f13, f29, f13, f12  f13=xxxxxxxx f29:40c6a7d3 f13:40602235 f12:42a1946c
14188777ns          234132 1c0082ea 68ee7743 fmadd.s          f14, f28, f14, f13  f14=xxxxxxxx f28:40a1866a f14:4005af34 f13:42cd0fc5
14188797ns          234133 1c0082ee 40e37443 fmadd.s          f8, f6, f14, f8      f8=xxxxxxxx  f6:40a820db f14:42e2261d  f8:460ff7f9
14188817ns          234134 1c0082f2 287010ef jal              x1, 6790             x1=1c0082f6
14188857ns          234136 1c009d78 f14027f3 csrrs            x15, x0, 0xf14      x15=00000002
14188877ns          234137 1c009d7c 01f00713 addi             x14, x0, 31         x14=0000001f
14188897ns          234138 1c009d7e ca5797b3 p.extractu       x15, x15, 5, 5      x15=00000000 x15:00000002
14188917ns          234139 1c009d82 00e78863 beq              x15, x14, 16        x15:00000000 x14:0000001f
14188936ns          234140 1c009d86 002047b7 lui              x15, 0x204000       x15=00204000
14188956ns          234141 1c009d8a 20078793 addi             x15, x15, 512       x15=00204200 x15:00204000
14188976ns          234142 1c009d8e 01c7e703 p.elw            x14, 28(x15)        x14=00010000 x15:00204200  PA:0020421c
14189235ns          234155 1c009d92 00008067 jalr             x0, x1, 0            x1:1c0082f6
14189294ns          234158 1c0082f6 f14027f3 csrrs            x15, x0, 0xf14      x15=00000002
14189314ns          234159 1c0082fa f457b7b3 p.bclr           x15, x15, 26, 5     x15=00000002 x15:00000002
14189334ns          234160 1c0082fe 0a078f63 beq              x15, x0, 190        x15:00000002
14189792ns          234183 1c008300 00391793 slli             x15, x18, 0x3       x15=00000010 x18:00000002
14189831ns          234185 1c008304 009787b3 add              x15, x15, x9        x15=1c010010 x15:00000010  x9:1c010000
14189851ns          234186 1c008306 7807a983 lw               x19, 1920(x15)      x19=461940be x15:1c010010  PA:1c010790
14190289ns          234208 1c00830a 00391913 slli             x18, x18, 0x3       x18=00000010 x18:00000002
14190309ns          234209 1c00830c a13407d3 fle.s            x15, f8, f19        x15=00000001  f8:4619405a f19:461940be
14190329ns          234210 1c008310 012484b3 add              x9, x9, x18          x9=1c010010  x9:1c010000 x18:00000010
14190369ns          234212 1c008312 7844a903 lw               x18, 1924(x9)       x18=46193ff6  x9:1c010010  PA:1c010794
14190906ns          234239 1c008316 06079563 bne              x15, x0, 106        x15:00000001
14191403ns          234264 1c008380 a08907d3 fle.s            x15, f18, f8        x15=00000001 f18:46193ff6  f8:4619405a
14191443ns          234266 1c008384 f8078ae3 beq              x15, x0, -108       x15:00000001
14191463ns          234267 1c008386 1c000537 lui              x10, 0x1c000000     x10=1c000000
14191482ns          234268 1c00838a f14025f3 csrrs            x11, x0, 0xf14      x11=00000002
14191542ns          234271 1c00838e 0b450513 addi             x10, x10, 180       x10=1c0000b4 x10:1c000000
14191582ns          234273 1c008392 f455b5b3 p.bclr           x11, x11, 26, 5     x11=00000002 x11:00000002
14191602ns          234274 1c008396 62c000ef jal              x1, 1580             x1=1c008398
14191681ns          234278 1c0089c2 fc010113 addi             x2, x2, -64          x2=10001788  x2:100017c8
14191721ns          234280 1c0089c4 02410313 addi             x6, x2, 36           x6=100017ac  x2:10001788
14191741ns          234281 1c0089c8 02c12423 sw               x12, 40(x2)         x12:42a1946c  x2:10001788  PA:100017b0
14191761ns          234282 1c0089ca 00a00633 add              x12, x0, x10        x12=1c0000b4 x10:1c0000b4
14191781ns          234283 1c0089cc 1c009537 lui              x10, 0x1c009000     x10=1c009000
14191821ns          234285 1c0089d0 02b12223 sw               x11, 36(x2)         x11:00000002  x2:10001788  PA:100017ac
14191840ns          234286 1c0089d2 02d12623 sw               x13, 44(x2)         x13:42cd0fc5  x2:10001788  PA:100017b4
14191860ns          234287 1c0089d4 00200593 addi             x11, x0, 2          x11=00000002
14191880ns          234288 1c0089d6 006006b3 add              x13, x0, x6         x13=100017ac  x6:100017ac
14191900ns          234289 1c0089d8 95650513 addi             x10, x10, -1706     x10=1c008956 x10:1c009000
14191920ns          234290 1c0089dc 00112e23 sw               x1, 28(x2)           x1:1c008398  x2:10001788  PA:100017a4
14191940ns          234291 1c0089de 02e12823 sw               x14, 48(x2)         x14:00010000  x2:10001788  PA:100017b8
14191960ns          234292 1c0089e0 02f12a23 sw               x15, 52(x2)         x15:00000001  x2:10001788  PA:100017bc
14191980ns          234293 1c0089e2 03012c23 sw               x16, 56(x2)         x16:0000000a  x2:10001788  PA:100017c0
14192000ns          234294 1c0089e4 03112e23 sw               x17, 60(x2)         x17:1c010758  x2:10001788  PA:100017c4
14192019ns          234295 1c0089e6 00612623 sw               x6, 12(x2)           x6:100017ac  x2:10001788  PA:10001794
14192039ns          234296 1c0089e8 fbfff0ef jal              x1, -66              x1=1c0089ea
14192179ns          234303 1c0089a6 04a0006f jal              x0, 74             
14192218ns          234305 1c0089f0 ed010113 addi             x2, x2, -304         x2=10001658  x2:10001788
14192238ns          234306 1c0089f2 12812423 sw               x8, 296(x2)          x8:4619405a  x2:10001658  PA:10001780
14192258ns          234307 1c0089f6 00000413 addi             x8, x0, 0            x8=00000000
14192278ns          234308 1c0089f8 11612823 sw               x22, 272(x2)        x22:3f24f8e2  x2:10001658  PA:10001768
14192298ns          234309 1c0089fc 11712623 sw               x23, 268(x2)        x23:4284d3fa  x2:10001658  PA:10001764
14192338ns          234311 1c008a00 11812423 sw               x24, 264(x2)        x24:xxxxxxxx  x2:10001658  PA:10001760
14192377ns          234313 1c008a04 11912223 sw               x25, 260(x2)        x25:xxxxxxxx  x2:10001658  PA:1000175c
14192397ns          234314 1c008a08 11a12023 sw               x26, 256(x2)        x26:xxxxxxxx  x2:10001658  PA:10001758
14192417ns          234315 1c008a0c 0fb12e23 sw               x27, 252(x2)        x27:xxxxxxxx  x2:10001658  PA:10001754
14192477ns          234318 1c008a0e 12112623 sw               x1, 300(x2)          x1:1c0089ea  x2:10001658  PA:10001784
14192497ns          234319 1c008a12 00800db3 add              x27, x0, x8         x27=00000000  x8:00000000
14192517ns          234320 1c008a14 12912223 sw               x9, 292(x2)          x9:1c010010  x2:10001658  PA:1000177c
14192537ns          234321 1c008a18 13212023 sw               x18, 288(x2)        x18:46193ff6  x2:10001658  PA:10001778
14192557ns          234322 1c008a1c 11312e23 sw               x19, 284(x2)        x19:461940be  x2:10001658  PA:10001774
14192616ns          234325 1c008a20 11412c23 sw               x20, 280(x2)        x20:3f82685d  x2:10001658  PA:10001770
14192656ns          234327 1c008a24 11512a23 sw               x21, 276(x2)        x21:00000000  x2:10001658  PA:1000176c
14192676ns          234328 1c008a28 00a00b33 add              x22, x0, x10        x22=1c008956 x10:1c008956
14192696ns          234329 1c008a2a 00b00d33 add              x26, x0, x11        x26=00000002 x11:00000002
14192716ns          234330 1c008a2c 00d00c33 add              x24, x0, x13        x24=100017ac x13:100017ac
14192755ns          234332 1c008a2e 1c000bb7 lui              x23, 0x1c000000     x23=1c000000
14192795ns          234334 1c008a32 02410c93 addi             x25, x2, 36         x25=1000167c  x2:10001658
14192815ns          234335 1c008a36 00c00433 add              x8, x0, x12          x8=1c0000b4 x12:1c0000b4
14192835ns          234336 1c008a38 00044503 lbu              x10, 0(x8)          x10=0000006b  x8:1c0000b4  PA:1c0000b4
14193193ns          234354 1c008a3c 00140413 addi             x8, x8, 1            x8=1c0000b5  x8:1c0000b4
14193213ns          234355 1c008a3e 00050e63 beq              x10, x0, 28         x10:0000006b
14193233ns          234356 1c008a40 02500793 addi             x15, x0, 37         x15=00000025
14193253ns          234357 1c008a44 04f50863 beq              x10, x15, 80        x10:0000006b x15:00000025
14193273ns          234358 1c008a48 01a005b3 add              x11, x0, x26        x11=00000002 x26:00000002
14193292ns          234359 1c008a4a 000b00e7 jalr             x1, x22, 0           x1=1c008a4c x22:1c008956
14193412ns          234365 1c008956 000026b7 lui              x13, 0x2000         x13=00002000
14193452ns          234367 1c008958 f14027f3 csrrs            x15, x0, 0xf14      x15=00000002
14193471ns          234368 1c00895c f8068693 addi             x13, x13, -128      x13=00001f80 x13:00002000
14193531ns          234371 1c008960 00379713 slli             x14, x15, 0x3       x14=00000010 x15:00000002
14193571ns          234373 1c008964 00279793 slli             x15, x15, 0x2       x15=00000008 x15:00000002
14193591ns          234374 1c008966 00d7f7b3 and              x15, x15, x13       x15=00000000 x15:00000008 x13:00001f80
14193611ns          234375 1c008968 ee873733 p.bclr           x14, x14, 23, 8     x14=00000010 x14:00000010
14193631ns          234376 1c00896c 1a10f6b7 lui              x13, 0x1a10f000     x13=1a10f000
14193670ns          234378 1c008970 0ff57513 andi             x10, x10, 255       x10=0000006b x10:0000006b
14193710ns          234380 1c008974 00d70733 add              x14, x14, x13       x14=1a10f010 x14:00000010 x13:1a10f000
14193730ns          234381 1c008976 00a7e723 p.sw             x10, x0(x15)        x10:0000006b x15:00000000  PA:1a10f010
14194088ns          234399 1c00897a 00000513 addi             x10, x0, 0          x10=00000000
14194108ns          234400 1c00897c 00008067 jalr             x0, x1, 0            x1:1c008a4c
14194148ns          234402 1c008a4c 31f52563 p.beqimm         x10, 778            x10:00000000
14194168ns          234403 1c008a50 001d8d93 addi             x27, x27, 1         x27=00000001 x27:00000000
14194188ns          234404 1c008a52 00044503 lbu              x10, 0(x8)          x10=00000065  x8:1c0000b5  PA:1c0000b5
14194486ns          234419 1c008a56 00140413 addi             x8, x8, 1            x8=1c0000b6  x8:1c0000b5
14194506ns          234420 1c008a58 fe0514e3 bne              x10, x0, -24        x10:00000065
14194565ns          234423 1c008a40 02500793 addi             x15, x0, 37         x15=00000025
14194585ns          234424 1c008a44 04f50863 beq              x10, x15, 80        x10:00000065 x15:00000025
14194605ns          234425 1c008a48 01a005b3 add              x11, x0, x26        x11=00000002 x26:00000002
14194625ns          234426 1c008a4a 000b00e7 jalr             x1, x22, 0           x1=1c008a4c x22:1c008956
14194665ns          234428 1c008956 000026b7 lui              x13, 0x2000         x13=00002000
14194685ns          234429 1c008958 f14027f3 csrrs            x15, x0, 0xf14      x15=00000002
14194705ns          234430 1c00895c f8068693 addi             x13, x13, -128      x13=00001f80 x13:00002000
14194725ns          234431 1c008960 00379713 slli             x14, x15, 0x3       x14=00000010 x15:00000002
14194744ns          234432 1c008964 00279793 slli             x15, x15, 0x2       x15=00000008 x15:00000002
14194764ns          234433 1c008966 00d7f7b3 and              x15, x15, x13       x15=00000000 x15:00000008 x13:00001f80
14194784ns          234434 1c008968 ee873733 p.bclr           x14, x14, 23, 8     x14=00000010 x14:00000010
14194804ns          234435 1c00896c 1a10f6b7 lui              x13, 0x1a10f000     x13=1a10f000
14194824ns          234436 1c008970 0ff57513 andi             x10, x10, 255       x10=00000065 x10:00000065
14194844ns          234437 1c008974 00d70733 add              x14, x14, x13       x14=1a10f010 x14:00000010 x13:1a10f000
14194864ns          234438 1c008976 00a7e723 p.sw             x10, x0(x15)        x10:00000065 x15:00000000  PA:1a10f010
14195182ns          234454 1c00897a 00000513 addi             x10, x0, 0          x10=00000000
14195202ns          234455 1c00897c 00008067 jalr             x0, x1, 0            x1:1c008a4c
14195242ns          234457 1c008a4c 31f52563 p.beqimm         x10, 778            x10:00000000
14195262ns          234458 1c008a50 001d8d93 addi             x27, x27, 1         x27=00000002 x27:00000001
14195282ns          234459 1c008a52 00044503 lbu              x10, 0(x8)          x10=00000072  x8:1c0000b6  PA:1c0000b6
14195580ns          234474 1c008a56 00140413 addi             x8, x8, 1            x8=1c0000b7  x8:1c0000b6
14195600ns          234475 1c008a58 fe0514e3 bne              x10, x0, -24        x10:00000072
14195659ns          234478 1c008a40 02500793 addi             x15, x0, 37         x15=00000025
14195679ns          234479 1c008a44 04f50863 beq              x10, x15, 80        x10:00000072 x15:00000025
14195699ns          234480 1c008a48 01a005b3 add              x11, x0, x26        x11=00000002 x26:00000002
14195719ns          234481 1c008a4a 000b00e7 jalr             x1, x22, 0           x1=1c008a4c x22:1c008956
14195759ns          234483 1c008956 000026b7 lui              x13, 0x2000         x13=00002000
14195779ns          234484 1c008958 f14027f3 csrrs            x15, x0, 0xf14      x15=00000002
14195799ns          234485 1c00895c f8068693 addi             x13, x13, -128      x13=00001f80 x13:00002000
14195819ns          234486 1c008960 00379713 slli             x14, x15, 0x3       x14=00000010 x15:00000002
14195838ns          234487 1c008964 00279793 slli             x15, x15, 0x2       x15=00000008 x15:00000002
14195858ns          234488 1c008966 00d7f7b3 and              x15, x15, x13       x15=00000000 x15:00000008 x13:00001f80
14195878ns          234489 1c008968 ee873733 p.bclr           x14, x14, 23, 8     x14=00000010 x14:00000010
14195898ns          234490 1c00896c 1a10f6b7 lui              x13, 0x1a10f000     x13=1a10f000
14195918ns          234491 1c008970 0ff57513 andi             x10, x10, 255       x10=00000072 x10:00000072
14195938ns          234492 1c008974 00d70733 add              x14, x14, x13       x14=1a10f010 x14:00000010 x13:1a10f000
14195958ns          234493 1c008976 00a7e723 p.sw             x10, x0(x15)        x10:00000072 x15:00000000  PA:1a10f010
14196296ns          234510 1c00897a 00000513 addi             x10, x0, 0          x10=00000000
14196316ns          234511 1c00897c 00008067 jalr             x0, x1, 0            x1:1c008a4c
14196356ns          234513 1c008a4c 31f52563 p.beqimm         x10, 778            x10:00000000
14196376ns          234514 1c008a50 001d8d93 addi             x27, x27, 1         x27=00000003 x27:00000002
14196395ns          234515 1c008a52 00044503 lbu              x10, 0(x8)          x10=0000006e  x8:1c0000b7  PA:1c0000b7
14196694ns          234530 1c008a56 00140413 addi             x8, x8, 1            x8=1c0000b8  x8:1c0000b7
14196714ns          234531 1c008a58 fe0514e3 bne              x10, x0, -24        x10:0000006e
14196773ns          234534 1c008a40 02500793 addi             x15, x0, 37         x15=00000025
14196793ns          234535 1c008a44 04f50863 beq              x10, x15, 80        x10:0000006e x15:00000025
14196813ns          234536 1c008a48 01a005b3 add              x11, x0, x26        x11=00000002 x26:00000002
14196833ns          234537 1c008a4a 000b00e7 jalr             x1, x22, 0           x1=1c008a4c x22:1c008956
14196873ns          234539 1c008956 000026b7 lui              x13, 0x2000         x13=00002000
14196893ns          234540 1c008958 f14027f3 csrrs            x15, x0, 0xf14      x15=00000002
14196913ns          234541 1c00895c f8068693 addi             x13, x13, -128      x13=00001f80 x13:00002000
14196932ns          234542 1c008960 00379713 slli             x14, x15, 0x3       x14=00000010 x15:00000002
14196952ns          234543 1c008964 00279793 slli             x15, x15, 0x2       x15=00000008 x15:00000002
14196972ns          234544 1c008966 00d7f7b3 and              x15, x15, x13       x15=00000000 x15:00000008 x13:00001f80
14196992ns          234545 1c008968 ee873733 p.bclr           x14, x14, 23, 8     x14=00000010 x14:00000010
14197012ns          234546 1c00896c 1a10f6b7 lui              x13, 0x1a10f000     x13=1a10f000
14197032ns          234547 1c008970 0ff57513 andi             x10, x10, 255       x10=0000006e x10:0000006e
14197052ns          234548 1c008974 00d70733 add              x14, x14, x13       x14=1a10f010 x14:00000010 x13:1a10f000
14197072ns          234549 1c008976 00a7e723 p.sw             x10, x0(x15)        x10:0000006e x15:00000000  PA:1a10f010
14197390ns          234565 1c00897a 00000513 addi             x10, x0, 0          x10=00000000
14197410ns          234566 1c00897c 00008067 jalr             x0, x1, 0            x1:1c008a4c
14197450ns          234568 1c008a4c 31f52563 p.beqimm         x10, 778            x10:00000000
14197470ns          234569 1c008a50 001d8d93 addi             x27, x27, 1         x27=00000004 x27:00000003
14197489ns          234570 1c008a52 00044503 lbu              x10, 0(x8)          x10=00000065  x8:1c0000b8  PA:1c0000b8
14197788ns          234585 1c008a56 00140413 addi             x8, x8, 1            x8=1c0000b9  x8:1c0000b8
14197808ns          234586 1c008a58 fe0514e3 bne              x10, x0, -24        x10:00000065
14197867ns          234589 1c008a40 02500793 addi             x15, x0, 37         x15=00000025
14197887ns          234590 1c008a44 04f50863 beq              x10, x15, 80        x10:00000065 x15:00000025
14197907ns          234591 1c008a48 01a005b3 add              x11, x0, x26        x11=00000002 x26:00000002
14197927ns          234592 1c008a4a 000b00e7 jalr             x1, x22, 0           x1=1c008a4c x22:1c008956
14197967ns          234594 1c008956 000026b7 lui              x13, 0x2000         x13=00002000
14197987ns          234595 1c008958 f14027f3 csrrs            x15, x0, 0xf14      x15=00000002
14198007ns          234596 1c00895c f8068693 addi             x13, x13, -128      x13=00001f80 x13:00002000
14198026ns          234597 1c008960 00379713 slli             x14, x15, 0x3       x14=00000010 x15:00000002
14198046ns          234598 1c008964 00279793 slli             x15, x15, 0x2       x15=00000008 x15:00000002
14198066ns          234599 1c008966 00d7f7b3 and              x15, x15, x13       x15=00000000 x15:00000008 x13:00001f80
14198086ns          234600 1c008968 ee873733 p.bclr           x14, x14, 23, 8     x14=00000010 x14:00000010
14198106ns          234601 1c00896c 1a10f6b7 lui              x13, 0x1a10f000     x13=1a10f000
14198126ns          234602 1c008970 0ff57513 andi             x10, x10, 255       x10=00000065 x10:00000065
14198146ns          234603 1c008974 00d70733 add              x14, x14, x13       x14=1a10f010 x14:00000010 x13:1a10f000
14198166ns          234604 1c008976 00a7e723 p.sw             x10, x0(x15)        x10:00000065 x15:00000000  PA:1a10f010
14198484ns          234620 1c00897a 00000513 addi             x10, x0, 0          x10=00000000
14198504ns          234621 1c00897c 00008067 jalr             x0, x1, 0            x1:1c008a4c
14198544ns          234623 1c008a4c 31f52563 p.beqimm         x10, 778            x10:00000000
14198564ns          234624 1c008a50 001d8d93 addi             x27, x27, 1         x27=00000005 x27:00000004
14198583ns          234625 1c008a52 00044503 lbu              x10, 0(x8)          x10=0000006c  x8:1c0000b9  PA:1c0000b9
14198882ns          234640 1c008a56 00140413 addi             x8, x8, 1            x8=1c0000ba  x8:1c0000b9
14198902ns          234641 1c008a58 fe0514e3 bne              x10, x0, -24        x10:0000006c
14198961ns          234644 1c008a40 02500793 addi             x15, x0, 37         x15=00000025
14198981ns          234645 1c008a44 04f50863 beq              x10, x15, 80        x10:0000006c x15:00000025
14199001ns          234646 1c008a48 01a005b3 add              x11, x0, x26        x11=00000002 x26:00000002
14199021ns          234647 1c008a4a 000b00e7 jalr             x1, x22, 0           x1=1c008a4c x22:1c008956
14199061ns          234649 1c008956 000026b7 lui              x13, 0x2000         x13=00002000
14199081ns          234650 1c008958 f14027f3 csrrs            x15, x0, 0xf14      x15=00000002
14199101ns          234651 1c00895c f8068693 addi             x13, x13, -128      x13=00001f80 x13:00002000
14199120ns          234652 1c008960 00379713 slli             x14, x15, 0x3       x14=00000010 x15:00000002
14199140ns          234653 1c008964 00279793 slli             x15, x15, 0x2       x15=00000008 x15:00000002
14199160ns          234654 1c008966 00d7f7b3 and              x15, x15, x13       x15=00000000 x15:00000008 x13:00001f80
14199180ns          234655 1c008968 ee873733 p.bclr           x14, x14, 23, 8     x14=00000010 x14:00000010
14199200ns          234656 1c00896c 1a10f6b7 lui              x13, 0x1a10f000     x13=1a10f000
14199220ns          234657 1c008970 0ff57513 andi             x10, x10, 255       x10=0000006c x10:0000006c
14199240ns          234658 1c008974 00d70733 add              x14, x14, x13       x14=1a10f010 x14:00000010 x13:1a10f000
14199260ns          234659 1c008976 00a7e723 p.sw             x10, x0(x15)        x10:0000006c x15:00000000  PA:1a10f010
14199598ns          234676 1c00897a 00000513 addi             x10, x0, 0          x10=00000000
14199618ns          234677 1c00897c 00008067 jalr             x0, x1, 0            x1:1c008a4c
14199658ns          234679 1c008a4c 31f52563 p.beqimm         x10, 778            x10:00000000
14199677ns          234680 1c008a50 001d8d93 addi             x27, x27, 1         x27=00000006 x27:00000005
14199697ns          234681 1c008a52 00044503 lbu              x10, 0(x8)          x10=00000020  x8:1c0000ba  PA:1c0000ba
14199996ns          234696 1c008a56 00140413 addi             x8, x8, 1            x8=1c0000bb  x8:1c0000ba
14200016ns          234697 1c008a58 fe0514e3 bne              x10, x0, -24        x10:00000020
14200075ns          234700 1c008a40 02500793 addi             x15, x0, 37         x15=00000025
14200095ns          234701 1c008a44 04f50863 beq              x10, x15, 80        x10:00000020 x15:00000025
14200115ns          234702 1c008a48 01a005b3 add              x11, x0, x26        x11=00000002 x26:00000002
14200135ns          234703 1c008a4a 000b00e7 jalr             x1, x22, 0           x1=1c008a4c x22:1c008956
14200175ns          234705 1c008956 000026b7 lui              x13, 0x2000         x13=00002000
14200195ns          234706 1c008958 f14027f3 csrrs            x15, x0, 0xf14      x15=00000002
14200214ns          234707 1c00895c f8068693 addi             x13, x13, -128      x13=00001f80 x13:00002000
14200234ns          234708 1c008960 00379713 slli             x14, x15, 0x3       x14=00000010 x15:00000002
14200254ns          234709 1c008964 00279793 slli             x15, x15, 0x2       x15=00000008 x15:00000002
14200274ns          234710 1c008966 00d7f7b3 and              x15, x15, x13       x15=00000000 x15:00000008 x13:00001f80
14200294ns          234711 1c008968 ee873733 p.bclr           x14, x14, 23, 8     x14=00000010 x14:00000010
14200314ns          234712 1c00896c 1a10f6b7 lui              x13, 0x1a10f000     x13=1a10f000
14200334ns          234713 1c008970 0ff57513 andi             x10, x10, 255       x10=00000020 x10:00000020
14200354ns          234714 1c008974 00d70733 add              x14, x14, x13       x14=1a10f010 x14:00000010 x13:1a10f000
14200374ns          234715 1c008976 00a7e723 p.sw             x10, x0(x15)        x10:00000020 x15:00000000  PA:1a10f010
14200692ns          234731 1c00897a 00000513 addi             x10, x0, 0          x10=00000000
14200712ns          234732 1c00897c 00008067 jalr             x0, x1, 0            x1:1c008a4c
14200751ns          234734 1c008a4c 31f52563 p.beqimm         x10, 778            x10:00000000
14200771ns          234735 1c008a50 001d8d93 addi             x27, x27, 1         x27=00000007 x27:00000006
14200791ns          234736 1c008a52 00044503 lbu              x10, 0(x8)          x10=00000070  x8:1c0000bb  PA:1c0000bb
14201090ns          234751 1c008a56 00140413 addi             x8, x8, 1            x8=1c0000bc  x8:1c0000bb
14201110ns          234752 1c008a58 fe0514e3 bne              x10, x0, -24        x10:00000070
14201169ns          234755 1c008a40 02500793 addi             x15, x0, 37         x15=00000025
14201189ns          234756 1c008a44 04f50863 beq              x10, x15, 80        x10:00000070 x15:00000025
14201209ns          234757 1c008a48 01a005b3 add              x11, x0, x26        x11=00000002 x26:00000002
14201229ns          234758 1c008a4a 000b00e7 jalr             x1, x22, 0           x1=1c008a4c x22:1c008956
14201269ns          234760 1c008956 000026b7 lui              x13, 0x2000         x13=00002000
14201289ns          234761 1c008958 f14027f3 csrrs            x15, x0, 0xf14      x15=00000002
14201308ns          234762 1c00895c f8068693 addi             x13, x13, -128      x13=00001f80 x13:00002000
14201328ns          234763 1c008960 00379713 slli             x14, x15, 0x3       x14=00000010 x15:00000002
14201348ns          234764 1c008964 00279793 slli             x15, x15, 0x2       x15=00000008 x15:00000002
14201368ns          234765 1c008966 00d7f7b3 and              x15, x15, x13       x15=00000000 x15:00000008 x13:00001f80
14201388ns          234766 1c008968 ee873733 p.bclr           x14, x14, 23, 8     x14=00000010 x14:00000010
14201408ns          234767 1c00896c 1a10f6b7 lui              x13, 0x1a10f000     x13=1a10f000
14201428ns          234768 1c008970 0ff57513 andi             x10, x10, 255       x10=00000070 x10:00000070
14201448ns          234769 1c008974 00d70733 add              x14, x14, x13       x14=1a10f010 x14:00000010 x13:1a10f000
14201468ns          234770 1c008976 00a7e723 p.sw             x10, x0(x15)        x10:00000070 x15:00000000  PA:1a10f010
14201786ns          234786 1c00897a 00000513 addi             x10, x0, 0          x10=00000000
14201806ns          234787 1c00897c 00008067 jalr             x0, x1, 0            x1:1c008a4c
14201845ns          234789 1c008a4c 31f52563 p.beqimm         x10, 778            x10:00000000
14201865ns          234790 1c008a50 001d8d93 addi             x27, x27, 1         x27=00000008 x27:00000007
14201885ns          234791 1c008a52 00044503 lbu              x10, 0(x8)          x10=00000061  x8:1c0000bc  PA:1c0000bc
14202184ns          234806 1c008a56 00140413 addi             x8, x8, 1            x8=1c0000bd  x8:1c0000bc
14202204ns          234807 1c008a58 fe0514e3 bne              x10, x0, -24        x10:00000061
14202263ns          234810 1c008a40 02500793 addi             x15, x0, 37         x15=00000025
14202283ns          234811 1c008a44 04f50863 beq              x10, x15, 80        x10:00000061 x15:00000025
14202303ns          234812 1c008a48 01a005b3 add              x11, x0, x26        x11=00000002 x26:00000002
14202323ns          234813 1c008a4a 000b00e7 jalr             x1, x22, 0           x1=1c008a4c x22:1c008956
14202363ns          234815 1c008956 000026b7 lui              x13, 0x2000         x13=00002000
14202383ns          234816 1c008958 f14027f3 csrrs            x15, x0, 0xf14      x15=00000002
14202402ns          234817 1c00895c f8068693 addi             x13, x13, -128      x13=00001f80 x13:00002000
14202422ns          234818 1c008960 00379713 slli             x14, x15, 0x3       x14=00000010 x15:00000002
14202442ns          234819 1c008964 00279793 slli             x15, x15, 0x2       x15=00000008 x15:00000002
14202462ns          234820 1c008966 00d7f7b3 and              x15, x15, x13       x15=00000000 x15:00000008 x13:00001f80
14202482ns          234821 1c008968 ee873733 p.bclr           x14, x14, 23, 8     x14=00000010 x14:00000010
14202502ns          234822 1c00896c 1a10f6b7 lui              x13, 0x1a10f000     x13=1a10f000
14202522ns          234823 1c008970 0ff57513 andi             x10, x10, 255       x10=00000061 x10:00000061
14202542ns          234824 1c008974 00d70733 add              x14, x14, x13       x14=1a10f010 x14:00000010 x13:1a10f000
14202562ns          234825 1c008976 00a7e723 p.sw             x10, x0(x15)        x10:00000061 x15:00000000  PA:1a10f010
14202920ns          234843 1c00897a 00000513 addi             x10, x0, 0          x10=00000000
14202939ns          234844 1c00897c 00008067 jalr             x0, x1, 0            x1:1c008a4c
14202979ns          234846 1c008a4c 31f52563 p.beqimm         x10, 778            x10:00000000
14202999ns          234847 1c008a50 001d8d93 addi             x27, x27, 1         x27=00000009 x27:00000008
14203019ns          234848 1c008a52 00044503 lbu              x10, 0(x8)          x10=00000073  x8:1c0000bd  PA:1c0000bd
14203317ns          234863 1c008a56 00140413 addi             x8, x8, 1            x8=1c0000be  x8:1c0000bd
14203337ns          234864 1c008a58 fe0514e3 bne              x10, x0, -24        x10:00000073
14203397ns          234867 1c008a40 02500793 addi             x15, x0, 37         x15=00000025
14203417ns          234868 1c008a44 04f50863 beq              x10, x15, 80        x10:00000073 x15:00000025
14203437ns          234869 1c008a48 01a005b3 add              x11, x0, x26        x11=00000002 x26:00000002
14203457ns          234870 1c008a4a 000b00e7 jalr             x1, x22, 0           x1=1c008a4c x22:1c008956
14203496ns          234872 1c008956 000026b7 lui              x13, 0x2000         x13=00002000
14203516ns          234873 1c008958 f14027f3 csrrs            x15, x0, 0xf14      x15=00000002
14203536ns          234874 1c00895c f8068693 addi             x13, x13, -128      x13=00001f80 x13:00002000
14203556ns          234875 1c008960 00379713 slli             x14, x15, 0x3       x14=00000010 x15:00000002
14203576ns          234876 1c008964 00279793 slli             x15, x15, 0x2       x15=00000008 x15:00000002
14203596ns          234877 1c008966 00d7f7b3 and              x15, x15, x13       x15=00000000 x15:00000008 x13:00001f80
14203616ns          234878 1c008968 ee873733 p.bclr           x14, x14, 23, 8     x14=00000010 x14:00000010
14203636ns          234879 1c00896c 1a10f6b7 lui              x13, 0x1a10f000     x13=1a10f000
14203656ns          234880 1c008970 0ff57513 andi             x10, x10, 255       x10=00000073 x10:00000073
14203675ns          234881 1c008974 00d70733 add              x14, x14, x13       x14=1a10f010 x14:00000010 x13:1a10f000
14203695ns          234882 1c008976 00a7e723 p.sw             x10, x0(x15)        x10:00000073 x15:00000000  PA:1a10f010
14204014ns          234898 1c00897a 00000513 addi             x10, x0, 0          x10=00000000
14204033ns          234899 1c00897c 00008067 jalr             x0, x1, 0            x1:1c008a4c
14204073ns          234901 1c008a4c 31f52563 p.beqimm         x10, 778            x10:00000000
14204093ns          234902 1c008a50 001d8d93 addi             x27, x27, 1         x27=0000000a x27:00000009
14204113ns          234903 1c008a52 00044503 lbu              x10, 0(x8)          x10=00000073  x8:1c0000be  PA:1c0000be
14204411ns          234918 1c008a56 00140413 addi             x8, x8, 1            x8=1c0000bf  x8:1c0000be
14204431ns          234919 1c008a58 fe0514e3 bne              x10, x0, -24        x10:00000073
14204491ns          234922 1c008a40 02500793 addi             x15, x0, 37         x15=00000025
14204511ns          234923 1c008a44 04f50863 beq              x10, x15, 80        x10:00000073 x15:00000025
14204531ns          234924 1c008a48 01a005b3 add              x11, x0, x26        x11=00000002 x26:00000002
14204551ns          234925 1c008a4a 000b00e7 jalr             x1, x22, 0           x1=1c008a4c x22:1c008956
14204590ns          234927 1c008956 000026b7 lui              x13, 0x2000         x13=00002000
14204610ns          234928 1c008958 f14027f3 csrrs            x15, x0, 0xf14      x15=00000002
14204630ns          234929 1c00895c f8068693 addi             x13, x13, -128      x13=00001f80 x13:00002000
14204650ns          234930 1c008960 00379713 slli             x14, x15, 0x3       x14=00000010 x15:00000002
14204670ns          234931 1c008964 00279793 slli             x15, x15, 0x2       x15=00000008 x15:00000002
14204690ns          234932 1c008966 00d7f7b3 and              x15, x15, x13       x15=00000000 x15:00000008 x13:00001f80
14204710ns          234933 1c008968 ee873733 p.bclr           x14, x14, 23, 8     x14=00000010 x14:00000010
14204730ns          234934 1c00896c 1a10f6b7 lui              x13, 0x1a10f000     x13=1a10f000
14204750ns          234935 1c008970 0ff57513 andi             x10, x10, 255       x10=00000073 x10:00000073
14204769ns          234936 1c008974 00d70733 add              x14, x14, x13       x14=1a10f010 x14:00000010 x13:1a10f000
14204789ns          234937 1c008976 00a7e723 p.sw             x10, x0(x15)        x10:00000073 x15:00000000  PA:1a10f010
14205108ns          234953 1c00897a 00000513 addi             x10, x0, 0          x10=00000000
14205127ns          234954 1c00897c 00008067 jalr             x0, x1, 0            x1:1c008a4c
14205167ns          234956 1c008a4c 31f52563 p.beqimm         x10, 778            x10:00000000
14205187ns          234957 1c008a50 001d8d93 addi             x27, x27, 1         x27=0000000b x27:0000000a
14205207ns          234958 1c008a52 00044503 lbu              x10, 0(x8)          x10=00000065  x8:1c0000bf  PA:1c0000bf
14205505ns          234973 1c008a56 00140413 addi             x8, x8, 1            x8=1c0000c0  x8:1c0000bf
14205525ns          234974 1c008a58 fe0514e3 bne              x10, x0, -24        x10:00000065
14205585ns          234977 1c008a40 02500793 addi             x15, x0, 37         x15=00000025
14205605ns          234978 1c008a44 04f50863 beq              x10, x15, 80        x10:00000065 x15:00000025
14205625ns          234979 1c008a48 01a005b3 add              x11, x0, x26        x11=00000002 x26:00000002
14205645ns          234980 1c008a4a 000b00e7 jalr             x1, x22, 0           x1=1c008a4c x22:1c008956
14205684ns          234982 1c008956 000026b7 lui              x13, 0x2000         x13=00002000
14205704ns          234983 1c008958 f14027f3 csrrs            x15, x0, 0xf14      x15=00000002
14205724ns          234984 1c00895c f8068693 addi             x13, x13, -128      x13=00001f80 x13:00002000
14205744ns          234985 1c008960 00379713 slli             x14, x15, 0x3       x14=00000010 x15:00000002
14205764ns          234986 1c008964 00279793 slli             x15, x15, 0x2       x15=00000008 x15:00000002
14205784ns          234987 1c008966 00d7f7b3 and              x15, x15, x13       x15=00000000 x15:00000008 x13:00001f80
14205804ns          234988 1c008968 ee873733 p.bclr           x14, x14, 23, 8     x14=00000010 x14:00000010
14205824ns          234989 1c00896c 1a10f6b7 lui              x13, 0x1a10f000     x13=1a10f000
14205844ns          234990 1c008970 0ff57513 andi             x10, x10, 255       x10=00000065 x10:00000065
14205863ns          234991 1c008974 00d70733 add              x14, x14, x13       x14=1a10f010 x14:00000010 x13:1a10f000
14205883ns          234992 1c008976 00a7e723 p.sw             x10, x0(x15)        x10:00000065 x15:00000000  PA:1a10f010
14206221ns          235009 1c00897a 00000513 addi             x10, x0, 0          x10=00000000
14206241ns          235010 1c00897c 00008067 jalr             x0, x1, 0            x1:1c008a4c
14206281ns          235012 1c008a4c 31f52563 p.beqimm         x10, 778            x10:00000000
14206301ns          235013 1c008a50 001d8d93 addi             x27, x27, 1         x27=0000000c x27:0000000b
14206321ns          235014 1c008a52 00044503 lbu              x10, 0(x8)          x10=00000064  x8:1c0000c0  PA:1c0000c0
14206619ns          235029 1c008a56 00140413 addi             x8, x8, 1            x8=1c0000c1  x8:1c0000c0
14206639ns          235030 1c008a58 fe0514e3 bne              x10, x0, -24        x10:00000064
14206699ns          235033 1c008a40 02500793 addi             x15, x0, 37         x15=00000025
14206719ns          235034 1c008a44 04f50863 beq              x10, x15, 80        x10:00000064 x15:00000025
14206739ns          235035 1c008a48 01a005b3 add              x11, x0, x26        x11=00000002 x26:00000002
14206759ns          235036 1c008a4a 000b00e7 jalr             x1, x22, 0           x1=1c008a4c x22:1c008956
14206798ns          235038 1c008956 000026b7 lui              x13, 0x2000         x13=00002000
14206818ns          235039 1c008958 f14027f3 csrrs            x15, x0, 0xf14      x15=00000002
14206838ns          235040 1c00895c f8068693 addi             x13, x13, -128      x13=00001f80 x13:00002000
14206858ns          235041 1c008960 00379713 slli             x14, x15, 0x3       x14=00000010 x15:00000002
14206878ns          235042 1c008964 00279793 slli             x15, x15, 0x2       x15=00000008 x15:00000002
14206898ns          235043 1c008966 00d7f7b3 and              x15, x15, x13       x15=00000000 x15:00000008 x13:00001f80
14206918ns          235044 1c008968 ee873733 p.bclr           x14, x14, 23, 8     x14=00000010 x14:00000010
14206938ns          235045 1c00896c 1a10f6b7 lui              x13, 0x1a10f000     x13=1a10f000
14206957ns          235046 1c008970 0ff57513 andi             x10, x10, 255       x10=00000064 x10:00000064
14206977ns          235047 1c008974 00d70733 add              x14, x14, x13       x14=1a10f010 x14:00000010 x13:1a10f000
14206997ns          235048 1c008976 00a7e723 p.sw             x10, x0(x15)        x10:00000064 x15:00000000  PA:1a10f010
14207315ns          235064 1c00897a 00000513 addi             x10, x0, 0          x10=00000000
14207335ns          235065 1c00897c 00008067 jalr             x0, x1, 0            x1:1c008a4c
14207375ns          235067 1c008a4c 31f52563 p.beqimm         x10, 778            x10:00000000
14207395ns          235068 1c008a50 001d8d93 addi             x27, x27, 1         x27=0000000d x27:0000000c
14207415ns          235069 1c008a52 00044503 lbu              x10, 0(x8)          x10=00000020  x8:1c0000c1  PA:1c0000c1
14207713ns          235084 1c008a56 00140413 addi             x8, x8, 1            x8=1c0000c2  x8:1c0000c1
14207733ns          235085 1c008a58 fe0514e3 bne              x10, x0, -24        x10:00000020
14207793ns          235088 1c008a40 02500793 addi             x15, x0, 37         x15=00000025
14207813ns          235089 1c008a44 04f50863 beq              x10, x15, 80        x10:00000020 x15:00000025
14207833ns          235090 1c008a48 01a005b3 add              x11, x0, x26        x11=00000002 x26:00000002
14207852ns          235091 1c008a4a 000b00e7 jalr             x1, x22, 0           x1=1c008a4c x22:1c008956
14207892ns          235093 1c008956 000026b7 lui              x13, 0x2000         x13=00002000
14207912ns          235094 1c008958 f14027f3 csrrs            x15, x0, 0xf14      x15=00000002
14207932ns          235095 1c00895c f8068693 addi             x13, x13, -128      x13=00001f80 x13:00002000
14207952ns          235096 1c008960 00379713 slli             x14, x15, 0x3       x14=00000010 x15:00000002
14207972ns          235097 1c008964 00279793 slli             x15, x15, 0x2       x15=00000008 x15:00000002
14207992ns          235098 1c008966 00d7f7b3 and              x15, x15, x13       x15=00000000 x15:00000008 x13:00001f80
14208012ns          235099 1c008968 ee873733 p.bclr           x14, x14, 23, 8     x14=00000010 x14:00000010
14208032ns          235100 1c00896c 1a10f6b7 lui              x13, 0x1a10f000     x13=1a10f000
14208051ns          235101 1c008970 0ff57513 andi             x10, x10, 255       x10=00000020 x10:00000020
14208071ns          235102 1c008974 00d70733 add              x14, x14, x13       x14=1a10f010 x14:00000010 x13:1a10f000
14208091ns          235103 1c008976 00a7e723 p.sw             x10, x0(x15)        x10:00000020 x15:00000000  PA:1a10f010
14208409ns          235119 1c00897a 00000513 addi             x10, x0, 0          x10=00000000
14208429ns          235120 1c00897c 00008067 jalr             x0, x1, 0            x1:1c008a4c
14208469ns          235122 1c008a4c 31f52563 p.beqimm         x10, 778            x10:00000000
14208489ns          235123 1c008a50 001d8d93 addi             x27, x27, 1         x27=0000000e x27:0000000d
14208509ns          235124 1c008a52 00044503 lbu              x10, 0(x8)          x10=0000006f  x8:1c0000c2  PA:1c0000c2
14208827ns          235140 1c008a56 00140413 addi             x8, x8, 1            x8=1c0000c3  x8:1c0000c2
14208847ns          235141 1c008a58 fe0514e3 bne              x10, x0, -24        x10:0000006f
14208907ns          235144 1c008a40 02500793 addi             x15, x0, 37         x15=00000025
14208927ns          235145 1c008a44 04f50863 beq              x10, x15, 80        x10:0000006f x15:00000025
14208946ns          235146 1c008a48 01a005b3 add              x11, x0, x26        x11=00000002 x26:00000002
14208966ns          235147 1c008a4a 000b00e7 jalr             x1, x22, 0           x1=1c008a4c x22:1c008956
14209006ns          235149 1c008956 000026b7 lui              x13, 0x2000         x13=00002000
14209026ns          235150 1c008958 f14027f3 csrrs            x15, x0, 0xf14      x15=00000002
14209046ns          235151 1c00895c f8068693 addi             x13, x13, -128      x13=00001f80 x13:00002000
14209066ns          235152 1c008960 00379713 slli             x14, x15, 0x3       x14=00000010 x15:00000002
14209086ns          235153 1c008964 00279793 slli             x15, x15, 0x2       x15=00000008 x15:00000002
14209106ns          235154 1c008966 00d7f7b3 and              x15, x15, x13       x15=00000000 x15:00000008 x13:00001f80
14209126ns          235155 1c008968 ee873733 p.bclr           x14, x14, 23, 8     x14=00000010 x14:00000010
14209145ns          235156 1c00896c 1a10f6b7 lui              x13, 0x1a10f000     x13=1a10f000
14209165ns          235157 1c008970 0ff57513 andi             x10, x10, 255       x10=0000006f x10:0000006f
14209185ns          235158 1c008974 00d70733 add              x14, x14, x13       x14=1a10f010 x14:00000010 x13:1a10f000
14209205ns          235159 1c008976 00a7e723 p.sw             x10, x0(x15)        x10:0000006f x15:00000000  PA:1a10f010
14209523ns          235175 1c00897a 00000513 addi             x10, x0, 0          x10=00000000
14209543ns          235176 1c00897c 00008067 jalr             x0, x1, 0            x1:1c008a4c
14209583ns          235178 1c008a4c 31f52563 p.beqimm         x10, 778            x10:00000000
14209603ns          235179 1c008a50 001d8d93 addi             x27, x27, 1         x27=0000000f x27:0000000e
14209623ns          235180 1c008a52 00044503 lbu              x10, 0(x8)          x10=0000006e  x8:1c0000c3  PA:1c0000c3
14209921ns          235195 1c008a56 00140413 addi             x8, x8, 1            x8=1c0000c4  x8:1c0000c3
14209941ns          235196 1c008a58 fe0514e3 bne              x10, x0, -24        x10:0000006e
14210001ns          235199 1c008a40 02500793 addi             x15, x0, 37         x15=00000025
14210021ns          235200 1c008a44 04f50863 beq              x10, x15, 80        x10:0000006e x15:00000025
14210040ns          235201 1c008a48 01a005b3 add              x11, x0, x26        x11=00000002 x26:00000002
14210060ns          235202 1c008a4a 000b00e7 jalr             x1, x22, 0           x1=1c008a4c x22:1c008956
14210100ns          235204 1c008956 000026b7 lui              x13, 0x2000         x13=00002000
14210120ns          235205 1c008958 f14027f3 csrrs            x15, x0, 0xf14      x15=00000002
14210140ns          235206 1c00895c f8068693 addi             x13, x13, -128      x13=00001f80 x13:00002000
14210160ns          235207 1c008960 00379713 slli             x14, x15, 0x3       x14=00000010 x15:00000002
14210180ns          235208 1c008964 00279793 slli             x15, x15, 0x2       x15=00000008 x15:00000002
14210200ns          235209 1c008966 00d7f7b3 and              x15, x15, x13       x15=00000000 x15:00000008 x13:00001f80
14210219ns          235210 1c008968 ee873733 p.bclr           x14, x14, 23, 8     x14=00000010 x14:00000010
14210239ns          235211 1c00896c 1a10f6b7 lui              x13, 0x1a10f000     x13=1a10f000
14210259ns          235212 1c008970 0ff57513 andi             x10, x10, 255       x10=0000006e x10:0000006e
14210279ns          235213 1c008974 00d70733 add              x14, x14, x13       x14=1a10f010 x14:00000010 x13:1a10f000
14210299ns          235214 1c008976 00a7e723 p.sw             x10, x0(x15)        x10:0000006e x15:00000000  PA:1a10f010
14210637ns          235231 1c00897a 00000513 addi             x10, x0, 0          x10=00000000
14210657ns          235232 1c00897c 00008067 jalr             x0, x1, 0            x1:1c008a4c
14210697ns          235234 1c008a4c 31f52563 p.beqimm         x10, 778            x10:00000000
14210717ns          235235 1c008a50 001d8d93 addi             x27, x27, 1         x27=00000010 x27:0000000f
14210737ns          235236 1c008a52 00044503 lbu              x10, 0(x8)          x10=00000020  x8:1c0000c4  PA:1c0000c4
14211035ns          235251 1c008a56 00140413 addi             x8, x8, 1            x8=1c0000c5  x8:1c0000c4
14211055ns          235252 1c008a58 fe0514e3 bne              x10, x0, -24        x10:00000020
14211115ns          235255 1c008a40 02500793 addi             x15, x0, 37         x15=00000025
14211134ns          235256 1c008a44 04f50863 beq              x10, x15, 80        x10:00000020 x15:00000025
14211154ns          235257 1c008a48 01a005b3 add              x11, x0, x26        x11=00000002 x26:00000002
14211174ns          235258 1c008a4a 000b00e7 jalr             x1, x22, 0           x1=1c008a4c x22:1c008956
14211214ns          235260 1c008956 000026b7 lui              x13, 0x2000         x13=00002000
14211234ns          235261 1c008958 f14027f3 csrrs            x15, x0, 0xf14      x15=00000002
14211254ns          235262 1c00895c f8068693 addi             x13, x13, -128      x13=00001f80 x13:00002000
14211274ns          235263 1c008960 00379713 slli             x14, x15, 0x3       x14=00000010 x15:00000002
14211294ns          235264 1c008964 00279793 slli             x15, x15, 0x2       x15=00000008 x15:00000002
14211313ns          235265 1c008966 00d7f7b3 and              x15, x15, x13       x15=00000000 x15:00000008 x13:00001f80
14211333ns          235266 1c008968 ee873733 p.bclr           x14, x14, 23, 8     x14=00000010 x14:00000010
14211353ns          235267 1c00896c 1a10f6b7 lui              x13, 0x1a10f000     x13=1a10f000
14211373ns          235268 1c008970 0ff57513 andi             x10, x10, 255       x10=00000020 x10:00000020
14211393ns          235269 1c008974 00d70733 add              x14, x14, x13       x14=1a10f010 x14:00000010 x13:1a10f000
14211413ns          235270 1c008976 00a7e723 p.sw             x10, x0(x15)        x10:00000020 x15:00000000  PA:1a10f010
14211751ns          235287 1c00897a 00000513 addi             x10, x0, 0          x10=00000000
14211771ns          235288 1c00897c 00008067 jalr             x0, x1, 0            x1:1c008a4c
14211811ns          235290 1c008a4c 31f52563 p.beqimm         x10, 778            x10:00000000
14211831ns          235291 1c008a50 001d8d93 addi             x27, x27, 1         x27=00000011 x27:00000010
14211851ns          235292 1c008a52 00044503 lbu              x10, 0(x8)          x10=00000063  x8:1c0000c5  PA:1c0000c5
14212149ns          235307 1c008a56 00140413 addi             x8, x8, 1            x8=1c0000c6  x8:1c0000c5
14212169ns          235308 1c008a58 fe0514e3 bne              x10, x0, -24        x10:00000063
14212228ns          235311 1c008a40 02500793 addi             x15, x0, 37         x15=00000025
14212248ns          235312 1c008a44 04f50863 beq              x10, x15, 80        x10:00000063 x15:00000025
14212268ns          235313 1c008a48 01a005b3 add              x11, x0, x26        x11=00000002 x26:00000002
14212288ns          235314 1c008a4a 000b00e7 jalr             x1, x22, 0           x1=1c008a4c x22:1c008956
14212328ns          235316 1c008956 000026b7 lui              x13, 0x2000         x13=00002000
14212348ns          235317 1c008958 f14027f3 csrrs            x15, x0, 0xf14      x15=00000002
14212368ns          235318 1c00895c f8068693 addi             x13, x13, -128      x13=00001f80 x13:00002000
14212388ns          235319 1c008960 00379713 slli             x14, x15, 0x3       x14=00000010 x15:00000002
14212407ns          235320 1c008964 00279793 slli             x15, x15, 0x2       x15=00000008 x15:00000002
14212427ns          235321 1c008966 00d7f7b3 and              x15, x15, x13       x15=00000000 x15:00000008 x13:00001f80
14212447ns          235322 1c008968 ee873733 p.bclr           x14, x14, 23, 8     x14=00000010 x14:00000010
14212467ns          235323 1c00896c 1a10f6b7 lui              x13, 0x1a10f000     x13=1a10f000
14212487ns          235324 1c008970 0ff57513 andi             x10, x10, 255       x10=00000063 x10:00000063
14212507ns          235325 1c008974 00d70733 add              x14, x14, x13       x14=1a10f010 x14:00000010 x13:1a10f000
14212527ns          235326 1c008976 00a7e723 p.sw             x10, x0(x15)        x10:00000063 x15:00000000  PA:1a10f010
14212885ns          235344 1c00897a 00000513 addi             x10, x0, 0          x10=00000000
14212905ns          235345 1c00897c 00008067 jalr             x0, x1, 0            x1:1c008a4c
14212945ns          235347 1c008a4c 31f52563 p.beqimm         x10, 778            x10:00000000
14212964ns          235348 1c008a50 001d8d93 addi             x27, x27, 1         x27=00000012 x27:00000011
14212984ns          235349 1c008a52 00044503 lbu              x10, 0(x8)          x10=0000006f  x8:1c0000c6  PA:1c0000c6
14213283ns          235364 1c008a56 00140413 addi             x8, x8, 1            x8=1c0000c7  x8:1c0000c6
14213303ns          235365 1c008a58 fe0514e3 bne              x10, x0, -24        x10:0000006f
14213362ns          235368 1c008a40 02500793 addi             x15, x0, 37         x15=00000025
14213382ns          235369 1c008a44 04f50863 beq              x10, x15, 80        x10:0000006f x15:00000025
14213402ns          235370 1c008a48 01a005b3 add              x11, x0, x26        x11=00000002 x26:00000002
14213422ns          235371 1c008a4a 000b00e7 jalr             x1, x22, 0           x1=1c008a4c x22:1c008956
14213462ns          235373 1c008956 000026b7 lui              x13, 0x2000         x13=00002000
14213482ns          235374 1c008958 f14027f3 csrrs            x15, x0, 0xf14      x15=00000002
14213501ns          235375 1c00895c f8068693 addi             x13, x13, -128      x13=00001f80 x13:00002000
14213521ns          235376 1c008960 00379713 slli             x14, x15, 0x3       x14=00000010 x15:00000002
14213541ns          235377 1c008964 00279793 slli             x15, x15, 0x2       x15=00000008 x15:00000002
14213561ns          235378 1c008966 00d7f7b3 and              x15, x15, x13       x15=00000000 x15:00000008 x13:00001f80
14213581ns          235379 1c008968 ee873733 p.bclr           x14, x14, 23, 8     x14=00000010 x14:00000010
14213601ns          235380 1c00896c 1a10f6b7 lui              x13, 0x1a10f000     x13=1a10f000
14213621ns          235381 1c008970 0ff57513 andi             x10, x10, 255       x10=0000006f x10:0000006f
14213641ns          235382 1c008974 00d70733 add              x14, x14, x13       x14=1a10f010 x14:00000010 x13:1a10f000
14213661ns          235383 1c008976 00a7e723 p.sw             x10, x0(x15)        x10:0000006f x15:00000000  PA:1a10f010
14213979ns          235399 1c00897a 00000513 addi             x10, x0, 0          x10=00000000
14213999ns          235400 1c00897c 00008067 jalr             x0, x1, 0            x1:1c008a4c
14214039ns          235402 1c008a4c 31f52563 p.beqimm         x10, 778            x10:00000000
14214058ns          235403 1c008a50 001d8d93 addi             x27, x27, 1         x27=00000013 x27:00000012
14214078ns          235404 1c008a52 00044503 lbu              x10, 0(x8)          x10=00000072  x8:1c0000c7  PA:1c0000c7
14214377ns          235419 1c008a56 00140413 addi             x8, x8, 1            x8=1c0000c8  x8:1c0000c7
14214397ns          235420 1c008a58 fe0514e3 bne              x10, x0, -24        x10:00000072
14214456ns          235423 1c008a40 02500793 addi             x15, x0, 37         x15=00000025
14214476ns          235424 1c008a44 04f50863 beq              x10, x15, 80        x10:00000072 x15:00000025
14214496ns          235425 1c008a48 01a005b3 add              x11, x0, x26        x11=00000002 x26:00000002
14214516ns          235426 1c008a4a 000b00e7 jalr             x1, x22, 0           x1=1c008a4c x22:1c008956
14214556ns          235428 1c008956 000026b7 lui              x13, 0x2000         x13=00002000
14214576ns          235429 1c008958 f14027f3 csrrs            x15, x0, 0xf14      x15=00000002
14214595ns          235430 1c00895c f8068693 addi             x13, x13, -128      x13=00001f80 x13:00002000
14214615ns          235431 1c008960 00379713 slli             x14, x15, 0x3       x14=00000010 x15:00000002
14214635ns          235432 1c008964 00279793 slli             x15, x15, 0x2       x15=00000008 x15:00000002
14214655ns          235433 1c008966 00d7f7b3 and              x15, x15, x13       x15=00000000 x15:00000008 x13:00001f80
14214675ns          235434 1c008968 ee873733 p.bclr           x14, x14, 23, 8     x14=00000010 x14:00000010
14214695ns          235435 1c00896c 1a10f6b7 lui              x13, 0x1a10f000     x13=1a10f000
14214715ns          235436 1c008970 0ff57513 andi             x10, x10, 255       x10=00000072 x10:00000072
14214735ns          235437 1c008974 00d70733 add              x14, x14, x13       x14=1a10f010 x14:00000010 x13:1a10f000
14214755ns          235438 1c008976 00a7e723 p.sw             x10, x0(x15)        x10:00000072 x15:00000000  PA:1a10f010
14215073ns          235454 1c00897a 00000513 addi             x10, x0, 0          x10=00000000
14215093ns          235455 1c00897c 00008067 jalr             x0, x1, 0            x1:1c008a4c
14215133ns          235457 1c008a4c 31f52563 p.beqimm         x10, 778            x10:00000000
14215152ns          235458 1c008a50 001d8d93 addi             x27, x27, 1         x27=00000014 x27:00000013
14215172ns          235459 1c008a52 00044503 lbu              x10, 0(x8)          x10=00000065  x8:1c0000c8  PA:1c0000c8
14215491ns          235475 1c008a56 00140413 addi             x8, x8, 1            x8=1c0000c9  x8:1c0000c8
14215510ns          235476 1c008a58 fe0514e3 bne              x10, x0, -24        x10:00000065
14215570ns          235479 1c008a40 02500793 addi             x15, x0, 37         x15=00000025
14215590ns          235480 1c008a44 04f50863 beq              x10, x15, 80        x10:00000065 x15:00000025
14215610ns          235481 1c008a48 01a005b3 add              x11, x0, x26        x11=00000002 x26:00000002
14215630ns          235482 1c008a4a 000b00e7 jalr             x1, x22, 0           x1=1c008a4c x22:1c008956
14215670ns          235484 1c008956 000026b7 lui              x13, 0x2000         x13=00002000
14215689ns          235485 1c008958 f14027f3 csrrs            x15, x0, 0xf14      x15=00000002
14215709ns          235486 1c00895c f8068693 addi             x13, x13, -128      x13=00001f80 x13:00002000
14215729ns          235487 1c008960 00379713 slli             x14, x15, 0x3       x14=00000010 x15:00000002
14215749ns          235488 1c008964 00279793 slli             x15, x15, 0x2       x15=00000008 x15:00000002
14215769ns          235489 1c008966 00d7f7b3 and              x15, x15, x13       x15=00000000 x15:00000008 x13:00001f80
14215789ns          235490 1c008968 ee873733 p.bclr           x14, x14, 23, 8     x14=00000010 x14:00000010
14215809ns          235491 1c00896c 1a10f6b7 lui              x13, 0x1a10f000     x13=1a10f000
14215829ns          235492 1c008970 0ff57513 andi             x10, x10, 255       x10=00000065 x10:00000065
14215849ns          235493 1c008974 00d70733 add              x14, x14, x13       x14=1a10f010 x14:00000010 x13:1a10f000
14215868ns          235494 1c008976 00a7e723 p.sw             x10, x0(x15)        x10:00000065 x15:00000000  PA:1a10f010
14216187ns          235510 1c00897a 00000513 addi             x10, x0, 0          x10=00000000
14216207ns          235511 1c00897c 00008067 jalr             x0, x1, 0            x1:1c008a4c
14216246ns          235513 1c008a4c 31f52563 p.beqimm         x10, 778            x10:00000000
14216266ns          235514 1c008a50 001d8d93 addi             x27, x27, 1         x27=00000015 x27:00000014
14216286ns          235515 1c008a52 00044503 lbu              x10, 0(x8)          x10=00000020  x8:1c0000c9  PA:1c0000c9
14216585ns          235530 1c008a56 00140413 addi             x8, x8, 1            x8=1c0000ca  x8:1c0000c9
14216604ns          235531 1c008a58 fe0514e3 bne              x10, x0, -24        x10:00000020
14216664ns          235534 1c008a40 02500793 addi             x15, x0, 37         x15=00000025
14216684ns          235535 1c008a44 04f50863 beq              x10, x15, 80        x10:00000020 x15:00000025
14216704ns          235536 1c008a48 01a005b3 add              x11, x0, x26        x11=00000002 x26:00000002
14216724ns          235537 1c008a4a 000b00e7 jalr             x1, x22, 0           x1=1c008a4c x22:1c008956
14216764ns          235539 1c008956 000026b7 lui              x13, 0x2000         x13=00002000
14216783ns          235540 1c008958 f14027f3 csrrs            x15, x0, 0xf14      x15=00000002
14216803ns          235541 1c00895c f8068693 addi             x13, x13, -128      x13=00001f80 x13:00002000
14216823ns          235542 1c008960 00379713 slli             x14, x15, 0x3       x14=00000010 x15:00000002
14216843ns          235543 1c008964 00279793 slli             x15, x15, 0x2       x15=00000008 x15:00000002
14216863ns          235544 1c008966 00d7f7b3 and              x15, x15, x13       x15=00000000 x15:00000008 x13:00001f80
14216883ns          235545 1c008968 ee873733 p.bclr           x14, x14, 23, 8     x14=00000010 x14:00000010
14216903ns          235546 1c00896c 1a10f6b7 lui              x13, 0x1a10f000     x13=1a10f000
14216923ns          235547 1c008970 0ff57513 andi             x10, x10, 255       x10=00000020 x10:00000020
14216943ns          235548 1c008974 00d70733 add              x14, x14, x13       x14=1a10f010 x14:00000010 x13:1a10f000
14216962ns          235549 1c008976 00a7e723 p.sw             x10, x0(x15)        x10:00000020 x15:00000000  PA:1a10f010
14217281ns          235565 1c00897a 00000513 addi             x10, x0, 0          x10=00000000
14217301ns          235566 1c00897c 00008067 jalr             x0, x1, 0            x1:1c008a4c
14217340ns          235568 1c008a4c 31f52563 p.beqimm         x10, 778            x10:00000000
14217360ns          235569 1c008a50 001d8d93 addi             x27, x27, 1         x27=00000016 x27:00000015
14217380ns          235570 1c008a52 00044503 lbu              x10, 0(x8)          x10=00000020  x8:1c0000ca  PA:1c0000ca
14217679ns          235585 1c008a56 00140413 addi             x8, x8, 1            x8=1c0000cb  x8:1c0000ca
14217698ns          235586 1c008a58 fe0514e3 bne              x10, x0, -24        x10:00000020
14217758ns          235589 1c008a40 02500793 addi             x15, x0, 37         x15=00000025
14217778ns          235590 1c008a44 04f50863 beq              x10, x15, 80        x10:00000020 x15:00000025
14217798ns          235591 1c008a48 01a005b3 add              x11, x0, x26        x11=00000002 x26:00000002
14217818ns          235592 1c008a4a 000b00e7 jalr             x1, x22, 0           x1=1c008a4c x22:1c008956
14217858ns          235594 1c008956 000026b7 lui              x13, 0x2000         x13=00002000
14217877ns          235595 1c008958 f14027f3 csrrs            x15, x0, 0xf14      x15=00000002
14217897ns          235596 1c00895c f8068693 addi             x13, x13, -128      x13=00001f80 x13:00002000
14217917ns          235597 1c008960 00379713 slli             x14, x15, 0x3       x14=00000010 x15:00000002
14217937ns          235598 1c008964 00279793 slli             x15, x15, 0x2       x15=00000008 x15:00000002
14217957ns          235599 1c008966 00d7f7b3 and              x15, x15, x13       x15=00000000 x15:00000008 x13:00001f80
14217977ns          235600 1c008968 ee873733 p.bclr           x14, x14, 23, 8     x14=00000010 x14:00000010
14217997ns          235601 1c00896c 1a10f6b7 lui              x13, 0x1a10f000     x13=1a10f000
14218017ns          235602 1c008970 0ff57513 andi             x10, x10, 255       x10=00000020 x10:00000020
14218037ns          235603 1c008974 00d70733 add              x14, x14, x13       x14=1a10f010 x14:00000010 x13:1a10f000
14218056ns          235604 1c008976 00a7e723 p.sw             x10, x0(x15)        x10:00000020 x15:00000000  PA:1a10f010
14218375ns          235620 1c00897a 00000513 addi             x10, x0, 0          x10=00000000
14218395ns          235621 1c00897c 00008067 jalr             x0, x1, 0            x1:1c008a4c
14218434ns          235623 1c008a4c 31f52563 p.beqimm         x10, 778            x10:00000000
14218454ns          235624 1c008a50 001d8d93 addi             x27, x27, 1         x27=00000017 x27:00000016
14218474ns          235625 1c008a52 00044503 lbu              x10, 0(x8)          x10=00000025  x8:1c0000cb  PA:1c0000cb
14218773ns          235640 1c008a56 00140413 addi             x8, x8, 1            x8=1c0000cc  x8:1c0000cb
14218792ns          235641 1c008a58 fe0514e3 bne              x10, x0, -24        x10:00000025
14218852ns          235644 1c008a40 02500793 addi             x15, x0, 37         x15=00000025
14218872ns          235645 1c008a44 04f50863 beq              x10, x15, 80        x10:00000025 x15:00000025
14218971ns          235650 1c008a94 00044483 lbu              x9, 0(x8)            x9=00000064  x8:1c0000cc  PA:1c0000cc
14219290ns          235666 1c008a98 02000693 addi             x13, x0, 32         x13=00000020
14219310ns          235667 1c008a9c 00140a93 addi             x21, x8, 1          x21=1c0000cd  x8:1c0000cc
14219329ns          235668 1c008aa0 009005b3 add              x11, x0, x9         x11=00000064  x9:00000064
14219349ns          235669 1c008aa2 0f4b8513 addi             x10, x23, 244       x10=1c0000f4 x23:1c000000
14219369ns          235670 1c008aa6 00d12823 sw               x13, 16(x2)         x13:00000020  x2:10001658  PA:10001668
14219389ns          235671 1c008aa8 00012c23 sw               x0, 24(x2)           x2:10001658  PA:10001670
14219409ns          235672 1c008aaa 00012a23 sw               x0, 20(x2)           x2:10001658  PA:1000166c
14219429ns          235673 1c008aac 00012e23 sw               x0, 28(x2)           x2:10001658  PA:10001674
14219449ns          235674 1c008aae 00012623 sw               x0, 12(x2)           x2:10001658  PA:10001664
14219469ns          235675 1c008ab0 02300913 addi             x18, x0, 35         x18=00000023
14219489ns          235676 1c008ab4 02d00a13 addi             x20, x0, 45         x20=0000002d
14219508ns          235677 1c008ab8 015009b3 add              x19, x0, x21        x19=1c0000cd x21:1c0000cd
14219528ns          235678 1c008aba e1dff0ef jal              x1, -484             x1=1c008abc
14219727ns          235688 1c0088d6 00054783 lbu              x15, 0(x10)         x15=0000002d x10:1c0000f4  PA:1c0000f4
14220026ns          235703 1c0088da 0ff5f593 andi             x11, x11, 255       x11=00000064 x11:00000064
14220046ns          235704 1c0088de 00b78c63 beq              x15, x11, 24        x15:0000002d x11:00000064
14220065ns          235705 1c0088e2 00078b63 beq              x15, x0, 22         x15:0000002d
14220085ns          235706 1c0088e4 00150793 addi             x15, x10, 1         x15=1c0000f5 x10:1c0000f4
14220105ns          235707 1c0088e8 0040006f jal              x0, 4              
14220205ns          235712 1c0088ec 00f00533 add              x10, x0, x15        x10=1c0000f5 x15:1c0000f5
14220225ns          235713 1c0088ee 0017c70b p.lbu            x14, 1(x15!)        x14=0000002b x15=1c0000f6 x15:1c0000f5  PA:1c0000f5
14220543ns          235729 1c0088f2 feb71ce3 bne              x14, x11, -8        x14:0000002b x11:00000064
14220602ns          235732 1c0088ea 00070763 beq              x14, x0, 14         x14:0000002b
14220622ns          235733 1c0088ec 00f00533 add              x10, x0, x15        x10=1c0000f6 x15:1c0000f6
14220642ns          235734 1c0088ee 0017c70b p.lbu            x14, 1(x15!)        x14=00000020 x15=1c0000f7 x15:1c0000f6  PA:1c0000f6
14220961ns          235750 1c0088f2 feb71ce3 bne              x14, x11, -8        x14:00000020 x11:00000064
14221020ns          235753 1c0088ea 00070763 beq              x14, x0, 14         x14:00000020
14221040ns          235754 1c0088ec 00f00533 add              x10, x0, x15        x10=1c0000f7 x15:1c0000f7
14221060ns          235755 1c0088ee 0017c70b p.lbu            x14, 1(x15!)        x14=00000023 x15=1c0000f8 x15:1c0000f7  PA:1c0000f7
14221398ns          235772 1c0088f2 feb71ce3 bne              x14, x11, -8        x14:00000023 x11:00000064
14221458ns          235775 1c0088ea 00070763 beq              x14, x0, 14         x14:00000023
14221478ns          235776 1c0088ec 00f00533 add              x10, x0, x15        x10=1c0000f8 x15:1c0000f8
14221498ns          235777 1c0088ee 0017c70b p.lbu            x14, 1(x15!)        x14=00000030 x15=1c0000f9 x15:1c0000f8  PA:1c0000f8
14221816ns          235793 1c0088f2 feb71ce3 bne              x14, x11, -8        x14:00000030 x11:00000064
14221875ns          235796 1c0088ea 00070763 beq              x14, x0, 14         x14:00000030
14221895ns          235797 1c0088ec 00f00533 add              x10, x0, x15        x10=1c0000f9 x15:1c0000f9
14221915ns          235798 1c0088ee 0017c70b p.lbu            x14, 1(x15!)        x14=00000000 x15=1c0000fa x15:1c0000f9  PA:1c0000f9
14222234ns          235814 1c0088f2 feb71ce3 bne              x14, x11, -8        x14:00000000 x11:00000064
14222293ns          235817 1c0088ea 00070763 beq              x14, x0, 14         x14:00000000
14222353ns          235820 1c0088f8 0015b593 sltiu            x11, x11, 1         x11=00000000 x11:00000064
14222373ns          235821 1c0088fc 40b005b3 sub              x11, x0, x11        x11=00000000 x11:00000000
14222393ns          235822 1c008900 00b57533 and              x10, x10, x11       x10=00000000 x10:1c0000f9 x11:00000000
14222413ns          235823 1c008902 00008067 jalr             x0, x1, 0            x1:1c008abc
14222452ns          235825 1c008abc 02050a63 beq              x10, x0, 52         x10:00000000
14222552ns          235830 1c008af0 02a00613 addi             x12, x0, 42         x12=0000002a
14222592ns          235832 1c008af4 2ac48663 beq              x9, x12, 684         x9:00000064 x12:0000002a
14222611ns          235833 1c008af8 fd048613 addi             x12, x9, -48        x12=00000034  x9:00000064
14222631ns          235834 1c008afc 00900593 addi             x11, x0, 9          x11=00000009
14222651ns          235835 1c008afe 00000913 addi             x18, x0, 0          x18=00000000
14222691ns          235837 1c008b00 28c5f063 bgeu             x11, x12, 640       x11:00000009 x12:00000034
14222731ns          235839 1c008b04 02e00693 addi             x13, x0, 46         x13=0000002e
14222751ns          235840 1c008b08 fff00a13 addi             x20, x0, -1         x20=ffffffff
14222771ns          235841 1c008b0a 2ed48363 beq              x9, x13, 742         x9:00000064 x13:0000002e
14222830ns          235844 1c008b0e 1c0007b7 lui              x15, 0x1c000000     x15=1c000000
14222850ns          235845 1c008b12 009005b3 add              x11, x0, x9         x11=00000064  x9:00000064
14222870ns          235846 1c008b14 0fc78513 addi             x10, x15, 252       x10=1c0000fc x15:1c000000
14222890ns          235847 1c008b18 dbfff0ef jal              x1, -578             x1=1c008b1a
14222950ns          235850 1c0088d6 00054783 lbu              x15, 0(x10)         x15=00000068 x10:1c0000fc  PA:1c0000fc
14223248ns          235865 1c0088da 0ff5f593 andi             x11, x11, 255       x11=00000064 x11:00000064
14223268ns          235866 1c0088de 00b78c63 beq              x15, x11, 24        x15:00000068 x11:00000064
14223288ns          235867 1c0088e2 00078b63 beq              x15, x0, 22         x15:00000068
14223308ns          235868 1c0088e4 00150793 addi             x15, x10, 1         x15=1c0000fd x10:1c0000fc
14223328ns          235869 1c0088e8 0040006f jal              x0, 4              
14223367ns          235871 1c0088ec 00f00533 add              x10, x0, x15        x10=1c0000fd x15:1c0000fd
14223387ns          235872 1c0088ee 0017c70b p.lbu            x14, 1(x15!)        x14=0000006c x15=1c0000fe x15:1c0000fd  PA:1c0000fd
14223725ns          235889 1c0088f2 feb71ce3 bne              x14, x11, -8        x14:0000006c x11:00000064
14223785ns          235892 1c0088ea 00070763 beq              x14, x0, 14         x14:0000006c
14223805ns          235893 1c0088ec 00f00533 add              x10, x0, x15        x10=1c0000fe x15:1c0000fe
14223825ns          235894 1c0088ee 0017c70b p.lbu            x14, 1(x15!)        x14=0000004c x15=1c0000ff x15:1c0000fe  PA:1c0000fe
14224242ns          235915 1c0088f2 feb71ce3 bne              x14, x11, -8        x14:0000004c x11:00000064
14224302ns          235918 1c0088ea 00070763 beq              x14, x0, 14         x14:0000004c
14224322ns          235919 1c0088ec 00f00533 add              x10, x0, x15        x10=1c0000ff x15:1c0000ff
14224342ns          235920 1c0088ee 0017c70b p.lbu            x14, 1(x15!)        x14=0000007a x15=1c000100 x15:1c0000ff  PA:1c0000ff
14224660ns          235936 1c0088f2 feb71ce3 bne              x14, x11, -8        x14:0000007a x11:00000064
14224720ns          235939 1c0088ea 00070763 beq              x14, x0, 14         x14:0000007a
14224740ns          235940 1c0088ec 00f00533 add              x10, x0, x15        x10=1c000100 x15:1c000100
14224760ns          235941 1c0088ee 0017c70b p.lbu            x14, 1(x15!)        x14=00000000 x15=1c000101 x15:1c000100  PA:1c000100
14225078ns          235957 1c0088f2 feb71ce3 bne              x14, x11, -8        x14:00000000 x11:00000064
14225138ns          235960 1c0088ea 00070763 beq              x14, x0, 14         x14:00000000
14225197ns          235963 1c0088f8 0015b593 sltiu            x11, x11, 1         x11=00000000 x11:00000064
14225217ns          235964 1c0088fc 40b005b3 sub              x11, x0, x11        x11=00000000 x11:00000000
14225237ns          235965 1c008900 00b57533 and              x10, x10, x11       x10=00000000 x10:1c000100 x11:00000000
14225257ns          235966 1c008902 00008067 jalr             x0, x1, 0            x1:1c008b1a
14225297ns          235968 1c008b1a 01300433 add              x8, x0, x19          x8=1c0000cd x19:1c0000cd
14225317ns          235969 1c008b1c 00050563 beq              x10, x0, 10         x10:00000000
14225436ns          235975 1c008b26 06700693 addi             x13, x0, 103        x13=00000067
14225456ns          235976 1c008b2a 2896d963 bge              x13, x9, 658        x13:00000067  x9:00000064
14225595ns          235983 1c008dbc 06500693 addi             x13, x0, 101        x13=00000065
14225635ns          235985 1c008dc0 12d4d563 bge              x9, x13, 298         x9:00000064 x13:00000065
14225655ns          235986 1c008dc4 04700693 addi             x13, x0, 71         x13=00000047
14225675ns          235987 1c008dc8 dc96cbe3 blt              x13, x9, -554       x13:00000047  x9:00000064
14225854ns          235996 1c008b9e 06300693 addi             x13, x0, 99         x13=00000063
14225893ns          235998 1c008ba2 0ad488e3 beq              x9, x13, 2224        x9:00000064 x13:00000063
14225913ns          235999 1c008ba6 0096c9e3 blt              x13, x9, 2066       x13:00000063  x9:00000064
14226072ns          236007 1c0093b8 000c2583 lw               x11, 0(x24)         x11=00000002 x24:100017ac  PA:100017ac
14226112ns          236009 1c0093bc 004c0c13 addi             x24, x24, 4         x24=100017b0 x24:100017ac
14226172ns          236012 1c0093be 3405cc63 blt              x11, x0, 856        x11:00000002
14226192ns          236013 1c0093c2 01412603 lw               x12, 20(x2)         x12=00000000  x2:10001658  PA:1000166c
14226212ns          236014 1c0093c4 00b006b3 add              x13, x0, x11        x13=00000002 x11:00000002
14226232ns          236015 1c0093c6 2e061863 bne              x12, x0, 752        x12:00000000
14226251ns          236016 1c0093ca 01812703 lw               x14, 24(x2)         x14=00000000  x2:10001658  PA:10001670
14226271ns          236017 1c0093cc 019007b3 add              x15, x0, x25        x15=1000167c x25:1000167c
14226291ns          236018 1c0093ce 00070763 beq              x14, x0, 14         x14:00000000
14226351ns          236021 1c0093dc 00f00733 add              x14, x0, x15        x14=1000167c x15:1000167c
14226371ns          236022 1c0093de 00a00513 addi             x10, x0, 10         x10=0000000a
14226411ns          236024 1c0093e0 02a6f633 remu             x12, x13, x10       x12=00000002 x13:00000002 x10:0000000a
14227047ns          236056 1c0093e4 02a6d6b3 divu             x13, x13, x10       x13=00000000 x13:00000002 x10:0000000a
14227664ns          236087 1c0093e8 03060613 addi             x12, x12, 48        x12=00000032 x12:00000002
14227684ns          236088 1c0093ec 00c700ab p.sb             x12, 1(x14!)        x14=1000167d x12:00000032 x14:1000167c  PA:1000167c
14227703ns          236089 1c0093f0 fe0698e3 bne              x13, x0, -16        x13:00000000
14227723ns          236090 1c0093f2 40f706b3 sub              x13, x14, x15       x13=00000001 x14:1000167d x15:1000167c
14227743ns          236091 1c0093f6 0146dc63 bge              x13, x20, 24        x13:00000001 x20:ffffffff
14227863ns          236097 1c00940e 00e006b3 add              x13, x0, x14        x13=1000167d x14:1000167d
14227922ns          236100 1c009410 fe068fab p.sb             x0, -1(x13!)        x13=1000167c x13:1000167d  PA:1000167d
14227962ns          236102 1c009414 00d7fc63 bgeu             x15, x13, 24        x15:1000167c x13:1000167c
14228062ns          236107 1c00942c 01412783 lw               x15, 20(x2)         x15=00000000  x2:10001658  PA:1000166c
14228081ns          236108 1c00942e 01812603 lw               x12, 24(x2)         x12=00000000  x2:10001658  PA:10001670
14228141ns          236111 1c009430 419704b3 sub              x9, x14, x25         x9=00000001 x14:1000167d x25:1000167c
14228181ns          236113 1c009434 00c7e7b3 or               x15, x15, x12       x15=00000000 x15:00000000 x12:00000000
14228201ns          236114 1c009436 00f12623 sw               x15, 12(x2)         x15:00000000  x2:10001658  PA:10001664
14228221ns          236115 1c009438 00079363 bne              x15, x0, 6          x15:00000000
14228241ns          236116 1c00943a 01f5d593 srli             x11, x11, 0x1f      x11=00000000 x11:00000002
14228260ns          236117 1c00943c 00b12623 sw               x11, 12(x2)         x11:00000000  x2:10001658  PA:10001664
14228300ns          236119 1c00943e e3fa28e3 p.beqimm         x20, -464           x20:ffffffff
14228479ns          236128 1c00926e 0c800793 addi             x15, x0, 200        x15=000000c8
14228519ns          236130 1c009272 9e97d0e3 bge              x15, x9, -1568      x15:000000c8  x9:00000001
14228658ns          236137 1c008c52 0f24d163 bge              x9, x18, 226         x9:00000001 x18:00000000
14228718ns          236140 1c008d34 d00482e3 beq              x9, x0, -764         x9:00000001
14228738ns          236141 1c008d38 01900933 add              x18, x0, x25        x18=1000167c x25:1000167c
14228758ns          236142 1c008d3a 419d8db3 sub              x27, x27, x25       x27=efffe99b x27:00000017 x25:1000167c
14228778ns          236143 1c008d3e 00a0006f jal              x0, 10             
14228857ns          236147 1c008d48 0019450b p.lbu            x10, 1(x18!)        x10=00000032 x18=1000167d x18:1000167c  PA:1000167c
14228877ns          236148 1c008d4c 01a005b3 add              x11, x0, x26        x11=00000002 x26:00000002
14228897ns          236149 1c008d4e 000b00e7 jalr             x1, x22, 0           x1=1c008d50 x22:1c008956
14229016ns          236155 1c008956 000026b7 lui              x13, 0x2000         x13=00002000
14229056ns          236157 1c008958 f14027f3 csrrs            x15, x0, 0xf14      x15=00000002
14229076ns          236158 1c00895c f8068693 addi             x13, x13, -128      x13=00001f80 x13:00002000
14229096ns          236159 1c008960 00379713 slli             x14, x15, 0x3       x14=00000010 x15:00000002
14229116ns          236160 1c008964 00279793 slli             x15, x15, 0x2       x15=00000008 x15:00000002
14229136ns          236161 1c008966 00d7f7b3 and              x15, x15, x13       x15=00000000 x15:00000008 x13:00001f80
14229155ns          236162 1c008968 ee873733 p.bclr           x14, x14, 23, 8     x14=00000010 x14:00000010
14229175ns          236163 1c00896c 1a10f6b7 lui              x13, 0x1a10f000     x13=1a10f000
14229215ns          236165 1c008970 0ff57513 andi             x10, x10, 255       x10=00000032 x10:00000032
14229255ns          236167 1c008974 00d70733 add              x14, x14, x13       x14=1a10f010 x14:00000010 x13:1a10f000
14229275ns          236168 1c008976 00a7e723 p.sw             x10, x0(x15)        x10:00000032 x15:00000000  PA:1a10f010
14229613ns          236185 1c00897a 00000513 addi             x10, x0, 0          x10=00000000
14229633ns          236186 1c00897c 00008067 jalr             x0, x1, 0            x1:1c008d50
14229712ns          236190 1c008d50 fff48493 addi             x9, x9, -1           x9=00000000  x9:00000001
14229752ns          236192 1c008d52 fff537e3 p.bneimm         x10, -18            x10:00000000
14229812ns          236195 1c008d40 012d8733 add              x14, x27, x18       x14=00000018 x27:efffe99b x18:1000167d
14229832ns          236196 1c008d44 5a048b63 beq              x9, x0, 1462         x9:00000000
14229931ns          236201 1c0092fa 00e00db3 add              x27, x0, x14        x27=00000018 x14:00000018
14229971ns          236203 1c0092fc f3cff06f jal              x0, -2244          
14230110ns          236210 1c008a38 00044503 lbu              x10, 0(x8)          x10=0000000a  x8:1c0000cd  PA:1c0000cd
14230429ns          236226 1c008a3c 00140413 addi             x8, x8, 1            x8=1c0000ce  x8:1c0000cd
14230448ns          236227 1c008a3e 00050e63 beq              x10, x0, 28         x10:0000000a
14230468ns          236228 1c008a40 02500793 addi             x15, x0, 37         x15=00000025
14230488ns          236229 1c008a44 04f50863 beq              x10, x15, 80        x10:0000000a x15:00000025
14230508ns          236230 1c008a48 01a005b3 add              x11, x0, x26        x11=00000002 x26:00000002
14230528ns          236231 1c008a4a 000b00e7 jalr             x1, x22, 0           x1=1c008a4c x22:1c008956
14230608ns          236235 1c008956 000026b7 lui              x13, 0x2000         x13=00002000
14230627ns          236236 1c008958 f14027f3 csrrs            x15, x0, 0xf14      x15=00000002
14230647ns          236237 1c00895c f8068693 addi             x13, x13, -128      x13=00001f80 x13:00002000
14230667ns          236238 1c008960 00379713 slli             x14, x15, 0x3       x14=00000010 x15:00000002
14230687ns          236239 1c008964 00279793 slli             x15, x15, 0x2       x15=00000008 x15:00000002
14230707ns          236240 1c008966 00d7f7b3 and              x15, x15, x13       x15=00000000 x15:00000008 x13:00001f80
14230727ns          236241 1c008968 ee873733 p.bclr           x14, x14, 23, 8     x14=00000010 x14:00000010
14230747ns          236242 1c00896c 1a10f6b7 lui              x13, 0x1a10f000     x13=1a10f000
14230767ns          236243 1c008970 0ff57513 andi             x10, x10, 255       x10=0000000a x10:0000000a
14230787ns          236244 1c008974 00d70733 add              x14, x14, x13       x14=1a10f010 x14:00000010 x13:1a10f000
14230806ns          236245 1c008976 00a7e723 p.sw             x10, x0(x15)        x10:0000000a x15:00000000  PA:1a10f010
14231125ns          236261 1c00897a 00000513 addi             x10, x0, 0          x10=00000000
14231145ns          236262 1c00897c 00008067 jalr             x0, x1, 0            x1:1c008a4c
14231184ns          236264 1c008a4c 31f52563 p.beqimm         x10, 778            x10:00000000
14231204ns          236265 1c008a50 001d8d93 addi             x27, x27, 1         x27=00000019 x27:00000018
14231224ns          236266 1c008a52 00044503 lbu              x10, 0(x8)          x10=00000000  x8:1c0000ce  PA:1c0000ce
14231522ns          236281 1c008a56 00140413 addi             x8, x8, 1            x8=1c0000cf  x8:1c0000ce
14231542ns          236282 1c008a58 fe0514e3 bne              x10, x0, -24        x10:00000000
14231562ns          236283 1c008a5a 01b00433 add              x8, x0, x27          x8=00000019 x27:00000019
14231582ns          236284 1c008a5c 00800533 add              x10, x0, x8         x10=00000019  x8:00000019
14231602ns          236285 1c008a5e 12c12083 lw               x1, 300(x2)          x1=1c0089ea  x2:10001658  PA:10001784
14231622ns          236286 1c008a62 12812403 lw               x8, 296(x2)          x8=4619405a  x2:10001658  PA:10001780
14231642ns          236287 1c008a66 12412483 lw               x9, 292(x2)          x9=1c010010  x2:10001658  PA:1000177c
14231662ns          236288 1c008a6a 12012903 lw               x18, 288(x2)        x18=46193ff6  x2:10001658  PA:10001778
14232079ns          236309 1c008a6e 11c12983 lw               x19, 284(x2)        x19=461940be  x2:10001658  PA:10001774
14232119ns          236311 1c008a72 11812a03 lw               x20, 280(x2)        x20=3f82685d  x2:10001658  PA:10001770
14232139ns          236312 1c008a76 11412a83 lw               x21, 276(x2)        x21=00000000  x2:10001658  PA:1000176c
14232159ns          236313 1c008a7a 11012b03 lw               x22, 272(x2)        x22=3f24f8e2  x2:10001658  PA:10001768
14232219ns          236316 1c008a7e 10c12b83 lw               x23, 268(x2)        x23=4284d3fa  x2:10001658  PA:10001764
14232258ns          236318 1c008a82 10812c03 lw               x24, 264(x2)        x24=xxxxxxxx  x2:10001658  PA:10001760
14232278ns          236319 1c008a86 10412c83 lw               x25, 260(x2)        x25=xxxxxxxx  x2:10001658  PA:1000175c
14232298ns          236320 1c008a8a 10012d03 lw               x26, 256(x2)        x26=xxxxxxxx  x2:10001658  PA:10001758
14232318ns          236321 1c008a8e 0fc12d83 lw               x27, 252(x2)        x27=xxxxxxxx  x2:10001658  PA:10001754
14232338ns          236322 1c008a90 13010113 addi             x2, x2, 304          x2=10001788  x2:10001658
14232358ns          236323 1c008a92 00008067 jalr             x0, x1, 0            x1:1c0089ea
14232437ns          236327 1c0089ea 01c12083 lw               x1, 28(x2)           x1=1c008398  x2:10001788  PA:100017a4
14232477ns          236329 1c0089ec 04010113 addi             x2, x2, 64           x2=100017c8  x2:10001788
14232497ns          236330 1c0089ee 00008067 jalr             x0, x1, 0            x1:1c008398
14232616ns          236336 1c008398 00000413 addi             x8, x0, 0            x8=00000000
14232636ns          236337 1c00839a fcbff06f jal              x0, -54            
14233094ns          236360 1c008364 215010ef jal              x1, 6676             x1=1c008368
14233173ns          236364 1c009d78 f14027f3 csrrs            x15, x0, 0xf14      x15=00000002
14233213ns          236366 1c009d7c 01f00713 addi             x14, x0, 31         x14=0000001f
14233273ns          236369 1c009d7e ca5797b3 p.extractu       x15, x15, 5, 5      x15=00000000 x15:00000002
14233313ns          236371 1c009d82 00e78863 beq              x15, x14, 16        x15:00000000 x14:0000001f
14233333ns          236372 1c009d86 002047b7 lui              x15, 0x204000       x15=00204000
14233352ns          236373 1c009d8a 20078793 addi             x15, x15, 512       x15=00204200 x15:00204000
14233412ns          236376 1c009d8e 01c7e703 p.elw            x14, 28(x15)        x14=00010000 x15:00204200  PA:0020421c
14831945ns          266467 1c009d92 00008067 jalr             x0, x1, 0            x1:1c008368
14831985ns          266469 1c008368 00800533 add              x10, x0, x8         x10=00000000  x8:00000000
14832004ns          266470 1c00836a 02c12083 lw               x1, 44(x2)           x1=1c009c88  x2:100017c8  PA:100017f4
14832064ns          266473 1c00836c 02812403 lw               x8, 40(x2)           x8=xxxxxxxx  x2:100017c8  PA:100017f0
14832084ns          266474 1c00836e 02412483 lw               x9, 36(x2)           x9=xxxxxxxx  x2:100017c8  PA:100017ec
14832522ns          266496 1c008370 02012903 lw               x18, 32(x2)         x18=xxxxxxxx  x2:100017c8  PA:100017e8
14832541ns          266497 1c008372 01c12983 lw               x19, 28(x2)         x19=xxxxxxxx  x2:100017c8  PA:100017e4
14832561ns          266498 1c008374 01812a03 lw               x20, 24(x2)         x20=xxxxxxxx  x2:100017c8  PA:100017e0
14832581ns          266499 1c008376 01412a83 lw               x21, 20(x2)         x21=xxxxxxxx  x2:100017c8  PA:100017dc
14832601ns          266500 1c008378 01012b03 lw               x22, 16(x2)         x22=xxxxxxxx  x2:100017c8  PA:100017d8
14832621ns          266501 1c00837a 00c12b83 lw               x23, 12(x2)         x23=xxxxxxxx  x2:100017c8  PA:100017d4
14832641ns          266502 1c00837c 03010113 addi             x2, x2, 48           x2=100017f8  x2:100017c8
14832661ns          266503 1c00837e 00008067 jalr             x0, x1, 0            x1:1c009c88
14832740ns          266507 1c009c88 f14027f3 csrrs            x15, x0, 0xf14      x15=00000002
14832780ns          266509 1c009c8c f457b7b3 p.bclr           x15, x15, 26, 5     x15=00000002 x15:00000002
14832840ns          266512 1c009c90 00079963 bne              x15, x0, 18         x15:00000002
14833437ns          266542 1c009ca2 002047b7 lui              x15, 0x204000       x15=00204000
14833456ns          266543 1c009ca6 fff00713 addi             x14, x0, -1         x14=ffffffff
14833476ns          266544 1c009ca8 00e7a223 sw               x14, 4(x15)         x14:ffffffff x15:00204000  PA:00204004
