                Time          Cycles PC       Instr    Mnemonic
14929404ns          242446 1c008080 0640006f jal              x0, 100            
14929861ns          242469 1c0080e4 f1402573 csrrs            x10, x0, 0xf14      x10=00000003
14929901ns          242471 1c0080e8 01f57593 andi             x11, x10, 31        x11=00000003 x10:00000003
14929921ns          242472 1c0080ec 00555513 srli             x10, x10, 0x5       x10=00000000 x10:00000003
14929941ns          242473 1c0080ee 01f00613 addi             x12, x0, 31         x12=0000001f
14930379ns          242495 1c0080f0 00c50463 beq              x10, x12, 8         x10:00000000 x12:0000001f
14930418ns          242497 1c0080f4 fa1ff06f jal              x0, -96            
14930876ns          242520 1c008094 f3ff8117 auipc            x2, 0xf3ff8000       x2=10000094
14930916ns          242522 1c008098 f7010113 addi             x2, x2, -144         x2=10000004  x2:10000094
14930936ns          242523 1c00809c 00012103 lw               x2, 0(x2)            x2=10000008  x2:10000004  PA:10000004
14931373ns          242545 1c0080a0 000011b7 lui              x3, 0x1000           x3=00001000
14931413ns          242547 1c0080a4 80018193 addi             x3, x3, -2048        x3=00000800  x3:00001000
14931433ns          242548 1c0080a8 00158593 addi             x11, x11, 1         x11=00000004 x11:00000003
14931453ns          242549 1c0080ac 02b180b3 mul              x1, x3, x11          x1=00002000  x3:00000800 x11:00000004
14931890ns          242571 1c0080b0 00110133 add              x2, x2, x1           x2=10002008  x2:10000008  x1:00002000
14931930ns          242573 1c0080b4 7b50106f jal              x0, 8116           
14932388ns          242596 1c00a068 ff010113 addi             x2, x2, -16          x2=10001ff8  x2:10002008
14932407ns          242597 1c00a06a 00112623 sw               x1, 12(x2)           x1:00002000  x2:10001ff8  PA:10002004
14932427ns          242598 1c00a06c 002047b7 lui              x15, 0x204000       x15=00204000
14932885ns          242621 1c00a070 00070737 lui              x14, 0x70000        x14=00070000
14932925ns          242623 1c00a074 00e7a423 sw               x14, 8(x15)         x14:00070000 x15:00204000  PA:00204008
14932944ns          242624 1c00a076 00f00713 addi             x14, x0, 15         x14=0000000f
14932964ns          242625 1c00a078 20078793 addi             x15, x15, 512       x15=00204200 x15:00204000
14932984ns          242626 1c00a07c 00e7a023 sw               x14, 0(x15)         x14:0000000f x15:00204200  PA:00204200
14933402ns          242647 1c00a080 00e7a623 sw               x14, 12(x15)        x14:0000000f x15:00204200  PA:0020420c
14933442ns          242649 1c00a084 1c0017b7 lui              x15, 0x1c001000     x15=1c001000
14933462ns          242650 1c00a088 a947a783 lw               x15, -1388(x15)     x15=1c00813e x15:1c001000  PA:1c000a94
14933959ns          242675 1c00a08c 000780e7 jalr             x1, x15, 0           x1=1c00a08e x15:1c00813e
14934397ns          242697 1c00813e fa010113 addi             x2, x2, -96          x2=10001f98  x2:10001ff8
14934854ns          242720 1c008140 04812c23 sw               x8, 88(x2)           x8:xxxxxxxx  x2:10001f98  PA:10001ff0
14934874ns          242721 1c008142 04112e23 sw               x1, 92(x2)           x1:1c00a08e  x2:10001f98  PA:10001ff4
14934894ns          242722 1c008144 f1402473 csrrs            x8, x0, 0xf14        x8=00000003
14934914ns          242723 1c008148 04912a23 sw               x9, 84(x2)           x9:xxxxxxxx  x2:10001f98  PA:10001fec
14934934ns          242724 1c00814a 05212823 sw               x18, 80(x2)         x18:xxxxxxxx  x2:10001f98  PA:10001fe8
14934953ns          242725 1c00814c 05312623 sw               x19, 76(x2)         x19:xxxxxxxx  x2:10001f98  PA:10001fe4
14934973ns          242726 1c00814e 05412423 sw               x20, 72(x2)         x20:xxxxxxxx  x2:10001f98  PA:10001fe0
14935371ns          242746 1c008150 05512223 sw               x21, 68(x2)         x21:xxxxxxxx  x2:10001f98  PA:10001fdc
14935391ns          242747 1c008152 05612023 sw               x22, 64(x2)         x22:xxxxxxxx  x2:10001f98  PA:10001fd8
14935411ns          242748 1c008154 03712e23 sw               x23, 60(x2)         x23:xxxxxxxx  x2:10001f98  PA:10001fd4
14935431ns          242749 1c008156 03812c23 sw               x24, 56(x2)         x24:xxxxxxxx  x2:10001f98  PA:10001fd0
14935451ns          242750 1c008158 03912a23 sw               x25, 52(x2)         x25:xxxxxxxx  x2:10001f98  PA:10001fcc
14935471ns          242751 1c00815a ca5417b3 p.extractu       x15, x8, 5, 5       x15=00000000  x8:00000003
14935888ns          242772 1c00815e 54079b63 bne              x15, x0, 1366       x15:00000000
14935928ns          242774 1c008162 f4543433 p.bclr           x8, x8, 26, 5        x8=00000003  x8:00000003
14935948ns          242775 1c008166 1c000537 lui              x10, 0x1c000000     x10=1c000000
14935968ns          242776 1c00816a 00800633 add              x12, x0, x8         x12=00000003  x8:00000003
14935988ns          242777 1c00816c 00100593 addi             x11, x0, 1          x11=00000001
14936405ns          242798 1c00816e 02450513 addi             x10, x10, 36        x10=1c000024 x10:1c000000
14936445ns          242800 1c008172 457000ef jal              x1, 3158             x1=1c008176
14936923ns          242824 1c008dc8 fc010113 addi             x2, x2, -64          x2=10001f58  x2:10001f98
14936962ns          242826 1c008dca 02410313 addi             x6, x2, 36           x6=10001f7c  x2:10001f58
14936982ns          242827 1c008dce 02c12423 sw               x12, 40(x2)         x12:00000003  x2:10001f58  PA:10001f80
14937400ns          242848 1c008dd0 00a00633 add              x12, x0, x10        x12=1c000024 x10:1c000024
14937440ns          242850 1c008dd2 1c009537 lui              x10, 0x1c009000     x10=1c009000
14937460ns          242851 1c008dd6 02b12223 sw               x11, 36(x2)         x11:00000001  x2:10001f58  PA:10001f7c
14937480ns          242852 1c008dd8 02d12623 sw               x13, 44(x2)         x13:xxxxxxxx  x2:10001f58  PA:10001f84
14937499ns          242853 1c008dda 00200593 addi             x11, x0, 2          x11=00000002
14937519ns          242854 1c008ddc 006006b3 add              x13, x0, x6         x13=10001f7c  x6:10001f7c
14937917ns          242874 1c008dde d5c50513 addi             x10, x10, -676      x10=1c008d5c x10:1c009000
14937937ns          242875 1c008de2 00112e23 sw               x1, 28(x2)           x1:1c008176  x2:10001f58  PA:10001f74
14937957ns          242876 1c008de4 02e12823 sw               x14, 48(x2)         x14:0000000f  x2:10001f58  PA:10001f88
14937977ns          242877 1c008de6 02f12a23 sw               x15, 52(x2)         x15:00000000  x2:10001f58  PA:10001f8c
14937997ns          242878 1c008de8 03012c23 sw               x16, 56(x2)         x16:xxxxxxxx  x2:10001f58  PA:10001f90
14938017ns          242879 1c008dea 03112e23 sw               x17, 60(x2)         x17:xxxxxxxx  x2:10001f58  PA:10001f94
14938037ns          242880 1c008dec 00612623 sw               x6, 12(x2)           x6:10001f7c  x2:10001f58  PA:10001f64
14938056ns          242881 1c008dee fbfff0ef jal              x1, -66              x1=1c008df0
14938892ns          242923 1c008dac 04a0006f jal              x0, 74             
14938932ns          242925 1c008df6 ed010113 addi             x2, x2, -304         x2=10001e28  x2:10001f58
14938951ns          242926 1c008df8 12812423 sw               x8, 296(x2)          x8:00000003  x2:10001e28  PA:10001f50
14938971ns          242927 1c008dfc 00000413 addi             x8, x0, 0            x8=00000000
14939409ns          242949 1c008dfe 11612823 sw               x22, 272(x2)        x22:xxxxxxxx  x2:10001e28  PA:10001f38
14939449ns          242951 1c008e02 11712623 sw               x23, 268(x2)        x23:xxxxxxxx  x2:10001e28  PA:10001f34
14939469ns          242952 1c008e06 11812423 sw               x24, 264(x2)        x24:xxxxxxxx  x2:10001e28  PA:10001f30
14939489ns          242953 1c008e0a 11912223 sw               x25, 260(x2)        x25:xxxxxxxx  x2:10001e28  PA:10001f2c
14939926ns          242975 1c008e0e 11a12023 sw               x26, 256(x2)        x26:xxxxxxxx  x2:10001e28  PA:10001f28
14939946ns          242976 1c008e12 0fb12e23 sw               x27, 252(x2)        x27:xxxxxxxx  x2:10001e28  PA:10001f24
14939966ns          242977 1c008e14 12112623 sw               x1, 300(x2)          x1:1c008df0  x2:10001e28  PA:10001f54
14939986ns          242978 1c008e18 00800db3 add              x27, x0, x8         x27=00000000  x8:00000000
14940006ns          242979 1c008e1a 12912223 sw               x9, 292(x2)          x9:xxxxxxxx  x2:10001e28  PA:10001f4c
14940443ns          243001 1c008e1e 13212023 sw               x18, 288(x2)        x18:xxxxxxxx  x2:10001e28  PA:10001f48
14940483ns          243003 1c008e22 11312e23 sw               x19, 284(x2)        x19:xxxxxxxx  x2:10001e28  PA:10001f44
14940503ns          243004 1c008e26 11412c23 sw               x20, 280(x2)        x20:xxxxxxxx  x2:10001e28  PA:10001f40
14940523ns          243005 1c008e2a 11512a23 sw               x21, 276(x2)        x21:xxxxxxxx  x2:10001e28  PA:10001f3c
14940543ns          243006 1c008e2e 00a00b33 add              x22, x0, x10        x22=1c008d5c x10:1c008d5c
14940980ns          243028 1c008e30 00b00d33 add              x26, x0, x11        x26=00000002 x11:00000002
14941000ns          243029 1c008e32 00d00c33 add              x24, x0, x13        x24=10001f7c x13:10001f7c
14941020ns          243030 1c008e34 1c000bb7 lui              x23, 0x1c000000     x23=1c000000
14941040ns          243031 1c008e38 02410c93 addi             x25, x2, 36         x25=10001e4c  x2:10001e28
14941060ns          243032 1c008e3c 00c00433 add              x8, x0, x12          x8=1c000024 x12:1c000024
14941498ns          243054 1c008e3e 00044503 lbu              x10, 0(x8)          x10=00000073  x8:1c000024  PA:1c000024
14941935ns          243076 1c008e42 00140413 addi             x8, x8, 1            x8=1c000025  x8:1c000024
14941955ns          243077 1c008e44 00050e63 beq              x10, x0, 28         x10:00000073
14941975ns          243078 1c008e46 02500793 addi             x15, x0, 37         x15=00000025
14941995ns          243079 1c008e4a 04f50863 beq              x10, x15, 80        x10:00000073 x15:00000025
14942015ns          243080 1c008e4e 01a005b3 add              x11, x0, x26        x11=00000002 x26:00000002
14942035ns          243081 1c008e50 000b00e7 jalr             x1, x22, 0           x1=1c008e52 x22:1c008d5c
14942532ns          243106 1c008d5c 000026b7 lui              x13, 0x2000         x13=00002000
14942989ns          243129 1c008d5e f14027f3 csrrs            x15, x0, 0xf14      x15=00000003
14943029ns          243131 1c008d62 f8068693 addi             x13, x13, -128      x13=00001f80 x13:00002000
14943049ns          243132 1c008d66 00379713 slli             x14, x15, 0x3       x14=00000018 x15:00000003
14943069ns          243133 1c008d6a 00279793 slli             x15, x15, 0x2       x15=0000000c x15:00000003
14943089ns          243134 1c008d6c 00d7f7b3 and              x15, x15, x13       x15=00000000 x15:0000000c x13:00001f80
14943526ns          243156 1c008d6e ee873733 p.bclr           x14, x14, 23, 8     x14=00000018 x14:00000018
14943566ns          243158 1c008d72 1a10f6b7 lui              x13, 0x1a10f000     x13=1a10f000
14943586ns          243159 1c008d76 0ff57513 andi             x10, x10, 255       x10=00000073 x10:00000073
14943606ns          243160 1c008d7a 00d70733 add              x14, x14, x13       x14=1a10f018 x14:00000018 x13:1a10f000
14943626ns          243161 1c008d7c 00a7e723 p.sw             x10, x0(x15)        x10:00000073 x15:00000000  PA:1a10f018
14944103ns          243185 1c008d80 00000513 addi             x10, x0, 0          x10=00000000
14944123ns          243186 1c008d82 00008067 jalr             x0, x1, 0            x1:1c008e52
14944183ns          243189 1c008e52 31f52563 p.beqimm         x10, 778            x10:00000000
14944203ns          243190 1c008e56 001d8d93 addi             x27, x27, 1         x27=00000001 x27:00000000
14944223ns          243191 1c008e58 00044503 lbu              x10, 0(x8)          x10=00000074  x8:1c000025  PA:1c000025
14944680ns          243214 1c008e5c 00140413 addi             x8, x8, 1            x8=1c000026  x8:1c000025
14944700ns          243215 1c008e5e fe0514e3 bne              x10, x0, -24        x10:00000074
14944779ns          243219 1c008e46 02500793 addi             x15, x0, 37         x15=00000025
14944799ns          243220 1c008e4a 04f50863 beq              x10, x15, 80        x10:00000074 x15:00000025
14944819ns          243221 1c008e4e 01a005b3 add              x11, x0, x26        x11=00000002 x26:00000002
14944839ns          243222 1c008e50 000b00e7 jalr             x1, x22, 0           x1=1c008e52 x22:1c008d5c
14944879ns          243224 1c008d5c 000026b7 lui              x13, 0x2000         x13=00002000
14944899ns          243225 1c008d5e f14027f3 csrrs            x15, x0, 0xf14      x15=00000003
14944919ns          243226 1c008d62 f8068693 addi             x13, x13, -128      x13=00001f80 x13:00002000
14944939ns          243227 1c008d66 00379713 slli             x14, x15, 0x3       x14=00000018 x15:00000003
14944958ns          243228 1c008d6a 00279793 slli             x15, x15, 0x2       x15=0000000c x15:00000003
14944978ns          243229 1c008d6c 00d7f7b3 and              x15, x15, x13       x15=00000000 x15:0000000c x13:00001f80
14944998ns          243230 1c008d6e ee873733 p.bclr           x14, x14, 23, 8     x14=00000018 x14:00000018
14945018ns          243231 1c008d72 1a10f6b7 lui              x13, 0x1a10f000     x13=1a10f000
14945038ns          243232 1c008d76 0ff57513 andi             x10, x10, 255       x10=00000074 x10:00000074
14945058ns          243233 1c008d7a 00d70733 add              x14, x14, x13       x14=1a10f018 x14:00000018 x13:1a10f000
14945078ns          243234 1c008d7c 00a7e723 p.sw             x10, x0(x15)        x10:00000074 x15:00000000  PA:1a10f018
14945456ns          243253 1c008d80 00000513 addi             x10, x0, 0          x10=00000000
14945476ns          243254 1c008d82 00008067 jalr             x0, x1, 0            x1:1c008e52
14945535ns          243257 1c008e52 31f52563 p.beqimm         x10, 778            x10:00000000
14945555ns          243258 1c008e56 001d8d93 addi             x27, x27, 1         x27=00000002 x27:00000001
14945575ns          243259 1c008e58 00044503 lbu              x10, 0(x8)          x10=00000061  x8:1c000026  PA:1c000026
14945873ns          243274 1c008e5c 00140413 addi             x8, x8, 1            x8=1c000027  x8:1c000026
14945893ns          243275 1c008e5e fe0514e3 bne              x10, x0, -24        x10:00000061
14945973ns          243279 1c008e46 02500793 addi             x15, x0, 37         x15=00000025
14945993ns          243280 1c008e4a 04f50863 beq              x10, x15, 80        x10:00000061 x15:00000025
14946013ns          243281 1c008e4e 01a005b3 add              x11, x0, x26        x11=00000002 x26:00000002
14946033ns          243282 1c008e50 000b00e7 jalr             x1, x22, 0           x1=1c008e52 x22:1c008d5c
14946072ns          243284 1c008d5c 000026b7 lui              x13, 0x2000         x13=00002000
14946092ns          243285 1c008d5e f14027f3 csrrs            x15, x0, 0xf14      x15=00000003
14946112ns          243286 1c008d62 f8068693 addi             x13, x13, -128      x13=00001f80 x13:00002000
14946132ns          243287 1c008d66 00379713 slli             x14, x15, 0x3       x14=00000018 x15:00000003
14946152ns          243288 1c008d6a 00279793 slli             x15, x15, 0x2       x15=0000000c x15:00000003
14946172ns          243289 1c008d6c 00d7f7b3 and              x15, x15, x13       x15=00000000 x15:0000000c x13:00001f80
14946192ns          243290 1c008d6e ee873733 p.bclr           x14, x14, 23, 8     x14=00000018 x14:00000018
14946212ns          243291 1c008d72 1a10f6b7 lui              x13, 0x1a10f000     x13=1a10f000
14946232ns          243292 1c008d76 0ff57513 andi             x10, x10, 255       x10=00000061 x10:00000061
14946251ns          243293 1c008d7a 00d70733 add              x14, x14, x13       x14=1a10f018 x14:00000018 x13:1a10f000
14946271ns          243294 1c008d7c 00a7e723 p.sw             x10, x0(x15)        x10:00000061 x15:00000000  PA:1a10f018
14946590ns          243310 1c008d80 00000513 addi             x10, x0, 0          x10=00000000
14946609ns          243311 1c008d82 00008067 jalr             x0, x1, 0            x1:1c008e52
14946669ns          243314 1c008e52 31f52563 p.beqimm         x10, 778            x10:00000000
14946689ns          243315 1c008e56 001d8d93 addi             x27, x27, 1         x27=00000003 x27:00000002
14946709ns          243316 1c008e58 00044503 lbu              x10, 0(x8)          x10=00000072  x8:1c000027  PA:1c000027
14947007ns          243331 1c008e5c 00140413 addi             x8, x8, 1            x8=1c000028  x8:1c000027
14947027ns          243332 1c008e5e fe0514e3 bne              x10, x0, -24        x10:00000072
14947107ns          243336 1c008e46 02500793 addi             x15, x0, 37         x15=00000025
14947127ns          243337 1c008e4a 04f50863 beq              x10, x15, 80        x10:00000072 x15:00000025
14947146ns          243338 1c008e4e 01a005b3 add              x11, x0, x26        x11=00000002 x26:00000002
14947166ns          243339 1c008e50 000b00e7 jalr             x1, x22, 0           x1=1c008e52 x22:1c008d5c
14947206ns          243341 1c008d5c 000026b7 lui              x13, 0x2000         x13=00002000
14947226ns          243342 1c008d5e f14027f3 csrrs            x15, x0, 0xf14      x15=00000003
14947246ns          243343 1c008d62 f8068693 addi             x13, x13, -128      x13=00001f80 x13:00002000
14947266ns          243344 1c008d66 00379713 slli             x14, x15, 0x3       x14=00000018 x15:00000003
14947286ns          243345 1c008d6a 00279793 slli             x15, x15, 0x2       x15=0000000c x15:00000003
14947306ns          243346 1c008d6c 00d7f7b3 and              x15, x15, x13       x15=00000000 x15:0000000c x13:00001f80
14947325ns          243347 1c008d6e ee873733 p.bclr           x14, x14, 23, 8     x14=00000018 x14:00000018
14947345ns          243348 1c008d72 1a10f6b7 lui              x13, 0x1a10f000     x13=1a10f000
14947365ns          243349 1c008d76 0ff57513 andi             x10, x10, 255       x10=00000072 x10:00000072
14947385ns          243350 1c008d7a 00d70733 add              x14, x14, x13       x14=1a10f018 x14:00000018 x13:1a10f000
14947405ns          243351 1c008d7c 00a7e723 p.sw             x10, x0(x15)        x10:00000072 x15:00000000  PA:1a10f018
14947743ns          243368 1c008d80 00000513 addi             x10, x0, 0          x10=00000000
14947763ns          243369 1c008d82 00008067 jalr             x0, x1, 0            x1:1c008e52
14947823ns          243372 1c008e52 31f52563 p.beqimm         x10, 778            x10:00000000
14947843ns          243373 1c008e56 001d8d93 addi             x27, x27, 1         x27=00000004 x27:00000003
14947863ns          243374 1c008e58 00044503 lbu              x10, 0(x8)          x10=00000074  x8:1c000028  PA:1c000028
14948161ns          243389 1c008e5c 00140413 addi             x8, x8, 1            x8=1c000029  x8:1c000028
14948181ns          243390 1c008e5e fe0514e3 bne              x10, x0, -24        x10:00000074
14948260ns          243394 1c008e46 02500793 addi             x15, x0, 37         x15=00000025
14948280ns          243395 1c008e4a 04f50863 beq              x10, x15, 80        x10:00000074 x15:00000025
14948300ns          243396 1c008e4e 01a005b3 add              x11, x0, x26        x11=00000002 x26:00000002
14948320ns          243397 1c008e50 000b00e7 jalr             x1, x22, 0           x1=1c008e52 x22:1c008d5c
14948360ns          243399 1c008d5c 000026b7 lui              x13, 0x2000         x13=00002000
14948380ns          243400 1c008d5e f14027f3 csrrs            x15, x0, 0xf14      x15=00000003
14948400ns          243401 1c008d62 f8068693 addi             x13, x13, -128      x13=00001f80 x13:00002000
14948419ns          243402 1c008d66 00379713 slli             x14, x15, 0x3       x14=00000018 x15:00000003
14948439ns          243403 1c008d6a 00279793 slli             x15, x15, 0x2       x15=0000000c x15:00000003
14948459ns          243404 1c008d6c 00d7f7b3 and              x15, x15, x13       x15=00000000 x15:0000000c x13:00001f80
14948479ns          243405 1c008d6e ee873733 p.bclr           x14, x14, 23, 8     x14=00000018 x14:00000018
14948499ns          243406 1c008d72 1a10f6b7 lui              x13, 0x1a10f000     x13=1a10f000
14948519ns          243407 1c008d76 0ff57513 andi             x10, x10, 255       x10=00000074 x10:00000074
14948539ns          243408 1c008d7a 00d70733 add              x14, x14, x13       x14=1a10f018 x14:00000018 x13:1a10f000
14948559ns          243409 1c008d7c 00a7e723 p.sw             x10, x0(x15)        x10:00000074 x15:00000000  PA:1a10f018
14948897ns          243426 1c008d80 00000513 addi             x10, x0, 0          x10=00000000
14948917ns          243427 1c008d82 00008067 jalr             x0, x1, 0            x1:1c008e52
14948976ns          243430 1c008e52 31f52563 p.beqimm         x10, 778            x10:00000000
14948996ns          243431 1c008e56 001d8d93 addi             x27, x27, 1         x27=00000005 x27:00000004
14949016ns          243432 1c008e58 00044503 lbu              x10, 0(x8)          x10=00000069  x8:1c000029  PA:1c000029
14949315ns          243447 1c008e5c 00140413 addi             x8, x8, 1            x8=1c00002a  x8:1c000029
14949334ns          243448 1c008e5e fe0514e3 bne              x10, x0, -24        x10:00000069
14949414ns          243452 1c008e46 02500793 addi             x15, x0, 37         x15=00000025
14949434ns          243453 1c008e4a 04f50863 beq              x10, x15, 80        x10:00000069 x15:00000025
14949454ns          243454 1c008e4e 01a005b3 add              x11, x0, x26        x11=00000002 x26:00000002
14949474ns          243455 1c008e50 000b00e7 jalr             x1, x22, 0           x1=1c008e52 x22:1c008d5c
14949513ns          243457 1c008d5c 000026b7 lui              x13, 0x2000         x13=00002000
14949533ns          243458 1c008d5e f14027f3 csrrs            x15, x0, 0xf14      x15=00000003
14949553ns          243459 1c008d62 f8068693 addi             x13, x13, -128      x13=00001f80 x13:00002000
14949573ns          243460 1c008d66 00379713 slli             x14, x15, 0x3       x14=00000018 x15:00000003
14949593ns          243461 1c008d6a 00279793 slli             x15, x15, 0x2       x15=0000000c x15:00000003
14949613ns          243462 1c008d6c 00d7f7b3 and              x15, x15, x13       x15=00000000 x15:0000000c x13:00001f80
14949633ns          243463 1c008d6e ee873733 p.bclr           x14, x14, 23, 8     x14=00000018 x14:00000018
14949653ns          243464 1c008d72 1a10f6b7 lui              x13, 0x1a10f000     x13=1a10f000
14949673ns          243465 1c008d76 0ff57513 andi             x10, x10, 255       x10=00000069 x10:00000069
14949692ns          243466 1c008d7a 00d70733 add              x14, x14, x13       x14=1a10f018 x14:00000018 x13:1a10f000
14949712ns          243467 1c008d7c 00a7e723 p.sw             x10, x0(x15)        x10:00000069 x15:00000000  PA:1a10f018
14950051ns          243484 1c008d80 00000513 addi             x10, x0, 0          x10=00000000
14950070ns          243485 1c008d82 00008067 jalr             x0, x1, 0            x1:1c008e52
14950130ns          243488 1c008e52 31f52563 p.beqimm         x10, 778            x10:00000000
14950150ns          243489 1c008e56 001d8d93 addi             x27, x27, 1         x27=00000006 x27:00000005
14950170ns          243490 1c008e58 00044503 lbu              x10, 0(x8)          x10=0000006e  x8:1c00002a  PA:1c00002a
14950468ns          243505 1c008e5c 00140413 addi             x8, x8, 1            x8=1c00002b  x8:1c00002a
14950488ns          243506 1c008e5e fe0514e3 bne              x10, x0, -24        x10:0000006e
14950568ns          243510 1c008e46 02500793 addi             x15, x0, 37         x15=00000025
14950588ns          243511 1c008e4a 04f50863 beq              x10, x15, 80        x10:0000006e x15:00000025
14950607ns          243512 1c008e4e 01a005b3 add              x11, x0, x26        x11=00000002 x26:00000002
14950627ns          243513 1c008e50 000b00e7 jalr             x1, x22, 0           x1=1c008e52 x22:1c008d5c
14950667ns          243515 1c008d5c 000026b7 lui              x13, 0x2000         x13=00002000
14950687ns          243516 1c008d5e f14027f3 csrrs            x15, x0, 0xf14      x15=00000003
14950707ns          243517 1c008d62 f8068693 addi             x13, x13, -128      x13=00001f80 x13:00002000
14950727ns          243518 1c008d66 00379713 slli             x14, x15, 0x3       x14=00000018 x15:00000003
14950747ns          243519 1c008d6a 00279793 slli             x15, x15, 0x2       x15=0000000c x15:00000003
14950767ns          243520 1c008d6c 00d7f7b3 and              x15, x15, x13       x15=00000000 x15:0000000c x13:00001f80
14950786ns          243521 1c008d6e ee873733 p.bclr           x14, x14, 23, 8     x14=00000018 x14:00000018
14950806ns          243522 1c008d72 1a10f6b7 lui              x13, 0x1a10f000     x13=1a10f000
14950826ns          243523 1c008d76 0ff57513 andi             x10, x10, 255       x10=0000006e x10:0000006e
14950846ns          243524 1c008d7a 00d70733 add              x14, x14, x13       x14=1a10f018 x14:00000018 x13:1a10f000
14950866ns          243525 1c008d7c 00a7e723 p.sw             x10, x0(x15)        x10:0000006e x15:00000000  PA:1a10f018
14951184ns          243541 1c008d80 00000513 addi             x10, x0, 0          x10=00000000
14951204ns          243542 1c008d82 00008067 jalr             x0, x1, 0            x1:1c008e52
14951264ns          243545 1c008e52 31f52563 p.beqimm         x10, 778            x10:00000000
14951284ns          243546 1c008e56 001d8d93 addi             x27, x27, 1         x27=00000007 x27:00000006
14951304ns          243547 1c008e58 00044503 lbu              x10, 0(x8)          x10=00000067  x8:1c00002b  PA:1c00002b
14951602ns          243562 1c008e5c 00140413 addi             x8, x8, 1            x8=1c00002c  x8:1c00002b
14951622ns          243563 1c008e5e fe0514e3 bne              x10, x0, -24        x10:00000067
14951701ns          243567 1c008e46 02500793 addi             x15, x0, 37         x15=00000025
14951721ns          243568 1c008e4a 04f50863 beq              x10, x15, 80        x10:00000067 x15:00000025
14951741ns          243569 1c008e4e 01a005b3 add              x11, x0, x26        x11=00000002 x26:00000002
14951761ns          243570 1c008e50 000b00e7 jalr             x1, x22, 0           x1=1c008e52 x22:1c008d5c
14951801ns          243572 1c008d5c 000026b7 lui              x13, 0x2000         x13=00002000
14951821ns          243573 1c008d5e f14027f3 csrrs            x15, x0, 0xf14      x15=00000003
14951841ns          243574 1c008d62 f8068693 addi             x13, x13, -128      x13=00001f80 x13:00002000
14951861ns          243575 1c008d66 00379713 slli             x14, x15, 0x3       x14=00000018 x15:00000003
14951880ns          243576 1c008d6a 00279793 slli             x15, x15, 0x2       x15=0000000c x15:00000003
14951900ns          243577 1c008d6c 00d7f7b3 and              x15, x15, x13       x15=00000000 x15:0000000c x13:00001f80
14951920ns          243578 1c008d6e ee873733 p.bclr           x14, x14, 23, 8     x14=00000018 x14:00000018
14951940ns          243579 1c008d72 1a10f6b7 lui              x13, 0x1a10f000     x13=1a10f000
14951960ns          243580 1c008d76 0ff57513 andi             x10, x10, 255       x10=00000067 x10:00000067
14951980ns          243581 1c008d7a 00d70733 add              x14, x14, x13       x14=1a10f018 x14:00000018 x13:1a10f000
14952000ns          243582 1c008d7c 00a7e723 p.sw             x10, x0(x15)        x10:00000067 x15:00000000  PA:1a10f018
14952318ns          243598 1c008d80 00000513 addi             x10, x0, 0          x10=00000000
14952338ns          243599 1c008d82 00008067 jalr             x0, x1, 0            x1:1c008e52
14952398ns          243602 1c008e52 31f52563 p.beqimm         x10, 778            x10:00000000
14952418ns          243603 1c008e56 001d8d93 addi             x27, x27, 1         x27=00000008 x27:00000007
14952437ns          243604 1c008e58 00044503 lbu              x10, 0(x8)          x10=00000020  x8:1c00002c  PA:1c00002c
14952756ns          243620 1c008e5c 00140413 addi             x8, x8, 1            x8=1c00002d  x8:1c00002c
14952776ns          243621 1c008e5e fe0514e3 bne              x10, x0, -24        x10:00000020
14952855ns          243625 1c008e46 02500793 addi             x15, x0, 37         x15=00000025
14952875ns          243626 1c008e4a 04f50863 beq              x10, x15, 80        x10:00000020 x15:00000025
14952895ns          243627 1c008e4e 01a005b3 add              x11, x0, x26        x11=00000002 x26:00000002
14952915ns          243628 1c008e50 000b00e7 jalr             x1, x22, 0           x1=1c008e52 x22:1c008d5c
14952955ns          243630 1c008d5c 000026b7 lui              x13, 0x2000         x13=00002000
14952974ns          243631 1c008d5e f14027f3 csrrs            x15, x0, 0xf14      x15=00000003
14952994ns          243632 1c008d62 f8068693 addi             x13, x13, -128      x13=00001f80 x13:00002000
14953014ns          243633 1c008d66 00379713 slli             x14, x15, 0x3       x14=00000018 x15:00000003
14953034ns          243634 1c008d6a 00279793 slli             x15, x15, 0x2       x15=0000000c x15:00000003
14953054ns          243635 1c008d6c 00d7f7b3 and              x15, x15, x13       x15=00000000 x15:0000000c x13:00001f80
14953074ns          243636 1c008d6e ee873733 p.bclr           x14, x14, 23, 8     x14=00000018 x14:00000018
14953094ns          243637 1c008d72 1a10f6b7 lui              x13, 0x1a10f000     x13=1a10f000
14953114ns          243638 1c008d76 0ff57513 andi             x10, x10, 255       x10=00000020 x10:00000020
14953134ns          243639 1c008d7a 00d70733 add              x14, x14, x13       x14=1a10f018 x14:00000018 x13:1a10f000
14953153ns          243640 1c008d7c 00a7e723 p.sw             x10, x0(x15)        x10:00000020 x15:00000000  PA:1a10f018
14953472ns          243656 1c008d80 00000513 addi             x10, x0, 0          x10=00000000
14953492ns          243657 1c008d82 00008067 jalr             x0, x1, 0            x1:1c008e52
14953551ns          243660 1c008e52 31f52563 p.beqimm         x10, 778            x10:00000000
14953571ns          243661 1c008e56 001d8d93 addi             x27, x27, 1         x27=00000009 x27:00000008
14953591ns          243662 1c008e58 00044503 lbu              x10, 0(x8)          x10=00000025  x8:1c00002d  PA:1c00002d
14953889ns          243677 1c008e5c 00140413 addi             x8, x8, 1            x8=1c00002e  x8:1c00002d
14953909ns          243678 1c008e5e fe0514e3 bne              x10, x0, -24        x10:00000025
14953989ns          243682 1c008e46 02500793 addi             x15, x0, 37         x15=00000025
14954009ns          243683 1c008e4a 04f50863 beq              x10, x15, 80        x10:00000025 x15:00000025
14954367ns          243701 1c008e9a 00044483 lbu              x9, 0(x8)            x9=00000064  x8:1c00002e  PA:1c00002e
14954804ns          243723 1c008e9e 02000693 addi             x13, x0, 32         x13=00000020
14954844ns          243725 1c008ea2 00140a93 addi             x21, x8, 1          x21=1c00002f  x8:1c00002e
14954864ns          243726 1c008ea6 009005b3 add              x11, x0, x9         x11=00000064  x9:00000064
14954884ns          243727 1c008ea8 0fcb8513 addi             x10, x23, 252       x10=1c0000fc x23:1c000000
14954904ns          243728 1c008eac 00d12823 sw               x13, 16(x2)         x13:00000020  x2:10001e28  PA:10001e38
14954924ns          243729 1c008eae 00012c23 sw               x0, 24(x2)           x2:10001e28  PA:10001e40
14955322ns          243749 1c008eb0 00012a23 sw               x0, 20(x2)           x2:10001e28  PA:10001e3c
14955341ns          243750 1c008eb2 00012e23 sw               x0, 28(x2)           x2:10001e28  PA:10001e44
14955361ns          243751 1c008eb4 00012623 sw               x0, 12(x2)           x2:10001e28  PA:10001e34
14955381ns          243752 1c008eb6 02300913 addi             x18, x0, 35         x18=00000023
14955401ns          243753 1c008eba 02d00a13 addi             x20, x0, 45         x20=0000002d
14955421ns          243754 1c008ebe 015009b3 add              x19, x0, x21        x19=1c00002f x21:1c00002f
14955839ns          243775 1c008ec0 e1dff0ef jal              x1, -484             x1=1c008ec2
14956296ns          243798 1c008cdc 00054783 lbu              x15, 0(x10)         x15=0000002d x10:1c0000fc  PA:1c0000fc
14956754ns          243821 1c008ce0 0ff5f593 andi             x11, x11, 255       x11=00000064 x11:00000064
14956793ns          243823 1c008ce4 00b78c63 beq              x15, x11, 24        x15:0000002d x11:00000064
14956813ns          243824 1c008ce8 00078b63 beq              x15, x0, 22         x15:0000002d
14956833ns          243825 1c008cea 00150793 addi             x15, x10, 1         x15=1c0000fd x10:1c0000fc
14956853ns          243826 1c008cee 0040006f jal              x0, 4              
14957311ns          243849 1c008cf2 00f00533 add              x10, x0, x15        x10=1c0000fd x15:1c0000fd
14957331ns          243850 1c008cf4 0017c70b p.lbu            x14, 1(x15!)        x14=0000002b x15=1c0000fe x15:1c0000fd  PA:1c0000fd
14957808ns          243874 1c008cf8 feb71ce3 bne              x14, x11, -8        x14:0000002b x11:00000064
14957868ns          243877 1c008cf0 00070763 beq              x14, x0, 14         x14:0000002b
14957887ns          243878 1c008cf2 00f00533 add              x10, x0, x15        x10=1c0000fe x15:1c0000fe
14957907ns          243879 1c008cf4 0017c70b p.lbu            x14, 1(x15!)        x14=00000020 x15=1c0000ff x15:1c0000fe  PA:1c0000fe
14958246ns          243896 1c008cf8 feb71ce3 bne              x14, x11, -8        x14:00000020 x11:00000064
14958305ns          243899 1c008cf0 00070763 beq              x14, x0, 14         x14:00000020
14958325ns          243900 1c008cf2 00f00533 add              x10, x0, x15        x10=1c0000ff x15:1c0000ff
14958345ns          243901 1c008cf4 0017c70b p.lbu            x14, 1(x15!)        x14=00000023 x15=1c000100 x15:1c0000ff  PA:1c0000ff
14958663ns          243917 1c008cf8 feb71ce3 bne              x14, x11, -8        x14:00000023 x11:00000064
14958723ns          243920 1c008cf0 00070763 beq              x14, x0, 14         x14:00000023
14958743ns          243921 1c008cf2 00f00533 add              x10, x0, x15        x10=1c000100 x15:1c000100
14958763ns          243922 1c008cf4 0017c70b p.lbu            x14, 1(x15!)        x14=00000030 x15=1c000101 x15:1c000100  PA:1c000100
14959081ns          243938 1c008cf8 feb71ce3 bne              x14, x11, -8        x14:00000030 x11:00000064
14959141ns          243941 1c008cf0 00070763 beq              x14, x0, 14         x14:00000030
14959160ns          243942 1c008cf2 00f00533 add              x10, x0, x15        x10=1c000101 x15:1c000101
14959180ns          243943 1c008cf4 0017c70b p.lbu            x14, 1(x15!)        x14=00000000 x15=1c000102 x15:1c000101  PA:1c000101
14959519ns          243960 1c008cf8 feb71ce3 bne              x14, x11, -8        x14:00000000 x11:00000064
14959578ns          243963 1c008cf0 00070763 beq              x14, x0, 14         x14:00000000
14959658ns          243967 1c008cfe 0015b593 sltiu            x11, x11, 1         x11=00000000 x11:00000064
14959678ns          243968 1c008d02 40b005b3 sub              x11, x0, x11        x11=00000000 x11:00000000
14959698ns          243969 1c008d06 00b57533 and              x10, x10, x11       x10=00000000 x10:1c000101 x11:00000000
14959717ns          243970 1c008d08 00008067 jalr             x0, x1, 0            x1:1c008ec2
14960195ns          243994 1c008ec2 02050a63 beq              x10, x0, 52         x10:00000000
14960712ns          244020 1c008ef6 02a00613 addi             x12, x0, 42         x12=0000002a
14960732ns          244021 1c008efa 2ac48663 beq              x9, x12, 684         x9:00000064 x12:0000002a
14961169ns          244043 1c008efe fd048613 addi             x12, x9, -48        x12=00000034  x9:00000064
14961189ns          244044 1c008f02 00900593 addi             x11, x0, 9          x11=00000009
14961209ns          244045 1c008f04 00000913 addi             x18, x0, 0          x18=00000000
14961229ns          244046 1c008f06 28c5f063 bgeu             x11, x12, 640       x11:00000009 x12:00000034
14961249ns          244047 1c008f0a 02e00693 addi             x13, x0, 46         x13=0000002e
14961269ns          244048 1c008f0e fff00a13 addi             x20, x0, -1         x20=ffffffff
14961687ns          244069 1c008f10 2ed48363 beq              x9, x13, 742         x9:00000064 x13:0000002e
14961726ns          244071 1c008f14 1c0007b7 lui              x15, 0x1c000000     x15=1c000000
14961746ns          244072 1c008f18 009005b3 add              x11, x0, x9         x11=00000064  x9:00000064
14961766ns          244073 1c008f1a 10478513 addi             x10, x15, 260       x10=1c000104 x15:1c000000
14961786ns          244074 1c008f1e dbfff0ef jal              x1, -578             x1=1c008f20
14962263ns          244098 1c008cdc 00054783 lbu              x15, 0(x10)         x15=00000068 x10:1c000104  PA:1c000104
14962562ns          244113 1c008ce0 0ff5f593 andi             x11, x11, 255       x11=00000064 x11:00000064
14962582ns          244114 1c008ce4 00b78c63 beq              x15, x11, 24        x15:00000068 x11:00000064
14962602ns          244115 1c008ce8 00078b63 beq              x15, x0, 22         x15:00000068
14962621ns          244116 1c008cea 00150793 addi             x15, x10, 1         x15=1c000105 x10:1c000104
14962641ns          244117 1c008cee 0040006f jal              x0, 4              
14962681ns          244119 1c008cf2 00f00533 add              x10, x0, x15        x10=1c000105 x15:1c000105
14962701ns          244120 1c008cf4 0017c70b p.lbu            x14, 1(x15!)        x14=0000006c x15=1c000106 x15:1c000105  PA:1c000105
14963019ns          244136 1c008cf8 feb71ce3 bne              x14, x11, -8        x14:0000006c x11:00000064
14963079ns          244139 1c008cf0 00070763 beq              x14, x0, 14         x14:0000006c
14963099ns          244140 1c008cf2 00f00533 add              x10, x0, x15        x10=1c000106 x15:1c000106
14963119ns          244141 1c008cf4 0017c70b p.lbu            x14, 1(x15!)        x14=0000004c x15=1c000107 x15:1c000106  PA:1c000106
14963517ns          244161 1c008cf8 feb71ce3 bne              x14, x11, -8        x14:0000004c x11:00000064
14963576ns          244164 1c008cf0 00070763 beq              x14, x0, 14         x14:0000004c
14963596ns          244165 1c008cf2 00f00533 add              x10, x0, x15        x10=1c000107 x15:1c000107
14963616ns          244166 1c008cf4 0017c70b p.lbu            x14, 1(x15!)        x14=0000007a x15=1c000108 x15:1c000107  PA:1c000107
14963934ns          244182 1c008cf8 feb71ce3 bne              x14, x11, -8        x14:0000007a x11:00000064
14963994ns          244185 1c008cf0 00070763 beq              x14, x0, 14         x14:0000007a
14964014ns          244186 1c008cf2 00f00533 add              x10, x0, x15        x10=1c000108 x15:1c000108
14964034ns          244187 1c008cf4 0017c70b p.lbu            x14, 1(x15!)        x14=00000000 x15=1c000109 x15:1c000108  PA:1c000108
14964352ns          244203 1c008cf8 feb71ce3 bne              x14, x11, -8        x14:00000000 x11:00000064
14964412ns          244206 1c008cf0 00070763 beq              x14, x0, 14         x14:00000000
14964491ns          244210 1c008cfe 0015b593 sltiu            x11, x11, 1         x11=00000000 x11:00000064
14964511ns          244211 1c008d02 40b005b3 sub              x11, x0, x11        x11=00000000 x11:00000000
14964531ns          244212 1c008d06 00b57533 and              x10, x10, x11       x10=00000000 x10:1c000108 x11:00000000
14964551ns          244213 1c008d08 00008067 jalr             x0, x1, 0            x1:1c008f20
14964591ns          244215 1c008f20 01300433 add              x8, x0, x19          x8=1c00002f x19:1c00002f
14964611ns          244216 1c008f22 00050563 beq              x10, x0, 10         x10:00000000
14964670ns          244219 1c008f2c 06700693 addi             x13, x0, 103        x13=00000067
14965068ns          244239 1c008f30 2896d963 bge              x13, x9, 658        x13:00000067  x9:00000064
14965585ns          244265 1c0091c2 06500693 addi             x13, x0, 101        x13=00000065
14965605ns          244266 1c0091c6 12d4d563 bge              x9, x13, 298         x9:00000064 x13:00000065
14965625ns          244267 1c0091ca 04700693 addi             x13, x0, 71         x13=00000047
14966063ns          244289 1c0091ce dc96cbe3 blt              x13, x9, -554       x13:00000047  x9:00000064
14966540ns          244313 1c008fa4 06300693 addi             x13, x0, 99         x13=00000063
14966580ns          244315 1c008fa8 0ad488e3 beq              x9, x13, 2224        x9:00000064 x13:00000063
14966600ns          244316 1c008fac 0096c9e3 blt              x13, x9, 2066       x13:00000063  x9:00000064
14968012ns          244387 1c0097be 000c2583 lw               x11, 0(x24)         x11=00000001 x24:10001f7c  PA:10001f7c
14968032ns          244388 1c0097c2 004c0c13 addi             x24, x24, 4         x24=10001f80 x24:10001f7c
14968052ns          244389 1c0097c4 3405cc63 blt              x11, x0, 856        x11:00000001
14968072ns          244390 1c0097c8 01412603 lw               x12, 20(x2)         x12=00000000  x2:10001e28  PA:10001e3c
14968091ns          244391 1c0097ca 00b006b3 add              x13, x0, x11        x13=00000001 x11:00000001
14968111ns          244392 1c0097cc 2e061863 bne              x12, x0, 752        x12:00000000
14968529ns          244413 1c0097d0 01812703 lw               x14, 24(x2)         x14=00000000  x2:10001e28  PA:10001e40
14968549ns          244414 1c0097d2 019007b3 add              x15, x0, x25        x15=10001e4c x25:10001e4c
14968569ns          244415 1c0097d4 00070763 beq              x14, x0, 14         x14:00000000
14969046ns          244439 1c0097e2 00f00733 add              x14, x0, x15        x14=10001e4c x15:10001e4c
14969086ns          244441 1c0097e4 00a00513 addi             x10, x0, 10         x10=0000000a
14969106ns          244442 1c0097e6 02a6f633 remu             x12, x13, x10       x12=00000001 x13:00000001 x10:0000000a
14969722ns          244473 1c0097ea 02a6d6b3 divu             x13, x13, x10       x13=00000000 x13:00000001 x10:0000000a
14970339ns          244504 1c0097ee 03060613 addi             x12, x12, 48        x12=00000031 x12:00000001
14970359ns          244505 1c0097f2 00c700ab p.sb             x12, 1(x14!)        x14=10001e4d x12:00000031 x14:10001e4c  PA:10001e4c
14970379ns          244506 1c0097f6 fe0698e3 bne              x13, x0, -16        x13:00000000
14970399ns          244507 1c0097f8 40f706b3 sub              x13, x14, x15       x13=00000001 x14:10001e4d x15:10001e4c
14970419ns          244508 1c0097fc 0146dc63 bge              x13, x20, 24        x13:00000001 x20:ffffffff
14971294ns          244552 1c009814 00e006b3 add              x13, x0, x14        x13=10001e4d x14:10001e4d
14971334ns          244554 1c009816 fe068fab p.sb             x0, -1(x13!)        x13=10001e4c x13:10001e4d  PA:10001e4d
14971354ns          244555 1c00981a 00d7fc63 bgeu             x15, x13, 24        x15:10001e4c x13:10001e4c
14972249ns          244600 1c009832 01412783 lw               x15, 20(x2)         x15=00000000  x2:10001e28  PA:10001e3c
14972288ns          244602 1c009834 01812603 lw               x12, 24(x2)         x12=00000000  x2:10001e28  PA:10001e40
14972308ns          244603 1c009836 419704b3 sub              x9, x14, x25         x9=00000001 x14:10001e4d x25:10001e4c
14972328ns          244604 1c00983a 00c7e7b3 or               x15, x15, x12       x15=00000000 x15:00000000 x12:00000000
14972348ns          244605 1c00983c 00f12623 sw               x15, 12(x2)         x15:00000000  x2:10001e28  PA:10001e34
14972368ns          244606 1c00983e 00079363 bne              x15, x0, 6          x15:00000000
14972786ns          244627 1c009840 01f5d593 srli             x11, x11, 0x1f      x11=00000000 x11:00000001
14972806ns          244628 1c009842 00b12623 sw               x11, 12(x2)         x11:00000000  x2:10001e28  PA:10001e34
14972825ns          244629 1c009844 e3fa28e3 p.beqimm         x20, -464           x20:ffffffff
14973303ns          244653 1c009674 0c800793 addi             x15, x0, 200        x15=000000c8
14973343ns          244655 1c009678 9e97d0e3 bge              x15, x9, -1568      x15:000000c8  x9:00000001
14974277ns          244702 1c009058 0f24d163 bge              x9, x18, 226         x9:00000001 x18:00000000
14974795ns          244728 1c00913a d00482e3 beq              x9, x0, -764         x9:00000001
14974815ns          244729 1c00913e 01900933 add              x18, x0, x25        x18=10001e4c x25:10001e4c
14975232ns          244750 1c009140 419d8db3 sub              x27, x27, x25       x27=efffe1bd x27:00000009 x25:10001e4c
14975272ns          244752 1c009144 00a0006f jal              x0, 10             
14975749ns          244776 1c00914e 0019450b p.lbu            x10, 1(x18!)        x10=00000031 x18=10001e4d x18:10001e4c  PA:10001e4c
14975769ns          244777 1c009152 01a005b3 add              x11, x0, x26        x11=00000002 x26:00000002
14975789ns          244778 1c009154 000b00e7 jalr             x1, x22, 0           x1=1c009156 x22:1c008d5c
14975869ns          244782 1c008d5c 000026b7 lui              x13, 0x2000         x13=00002000
14975909ns          244784 1c008d5e f14027f3 csrrs            x15, x0, 0xf14      x15=00000003
14975928ns          244785 1c008d62 f8068693 addi             x13, x13, -128      x13=00001f80 x13:00002000
14975948ns          244786 1c008d66 00379713 slli             x14, x15, 0x3       x14=00000018 x15:00000003
14975968ns          244787 1c008d6a 00279793 slli             x15, x15, 0x2       x15=0000000c x15:00000003
14975988ns          244788 1c008d6c 00d7f7b3 and              x15, x15, x13       x15=00000000 x15:0000000c x13:00001f80
14976008ns          244789 1c008d6e ee873733 p.bclr           x14, x14, 23, 8     x14=00000018 x14:00000018
14976028ns          244790 1c008d72 1a10f6b7 lui              x13, 0x1a10f000     x13=1a10f000
14976048ns          244791 1c008d76 0ff57513 andi             x10, x10, 255       x10=00000031 x10:00000031
14976068ns          244792 1c008d7a 00d70733 add              x14, x14, x13       x14=1a10f018 x14:00000018 x13:1a10f000
14976088ns          244793 1c008d7c 00a7e723 p.sw             x10, x0(x15)        x10:00000031 x15:00000000  PA:1a10f018
14976545ns          244816 1c008d80 00000513 addi             x10, x0, 0          x10=00000000
14976565ns          244817 1c008d82 00008067 jalr             x0, x1, 0            x1:1c009156
14976605ns          244819 1c009156 fff48493 addi             x9, x9, -1           x9=00000000  x9:00000001
14976625ns          244820 1c009158 fff537e3 p.bneimm         x10, -18            x10:00000000
14977022ns          244840 1c009146 012d8733 add              x14, x27, x18       x14=0000000a x27:efffe1bd x18:10001e4d
14977042ns          244841 1c00914a 5a048b63 beq              x9, x0, 1462         x9:00000000
14977520ns          244865 1c009700 00e00db3 add              x27, x0, x14        x27=0000000a x14:0000000a
14977559ns          244867 1c009702 f3cff06f jal              x0, -2244          
14977659ns          244872 1c008e3e 00044503 lbu              x10, 0(x8)          x10=00000020  x8:1c00002f  PA:1c00002f
14978037ns          244891 1c008e42 00140413 addi             x8, x8, 1            x8=1c000030  x8:1c00002f
14978057ns          244892 1c008e44 00050e63 beq              x10, x0, 28         x10:00000020
14978077ns          244893 1c008e46 02500793 addi             x15, x0, 37         x15=00000025
14978096ns          244894 1c008e4a 04f50863 beq              x10, x15, 80        x10:00000020 x15:00000025
14978116ns          244895 1c008e4e 01a005b3 add              x11, x0, x26        x11=00000002 x26:00000002
14978136ns          244896 1c008e50 000b00e7 jalr             x1, x22, 0           x1=1c008e52 x22:1c008d5c
14978176ns          244898 1c008d5c 000026b7 lui              x13, 0x2000         x13=00002000
14978236ns          244901 1c008d5e f14027f3 csrrs            x15, x0, 0xf14      x15=00000003
14978276ns          244903 1c008d62 f8068693 addi             x13, x13, -128      x13=00001f80 x13:00002000
14978295ns          244904 1c008d66 00379713 slli             x14, x15, 0x3       x14=00000018 x15:00000003
14978315ns          244905 1c008d6a 00279793 slli             x15, x15, 0x2       x15=0000000c x15:00000003
14978335ns          244906 1c008d6c 00d7f7b3 and              x15, x15, x13       x15=00000000 x15:0000000c x13:00001f80
14978355ns          244907 1c008d6e ee873733 p.bclr           x14, x14, 23, 8     x14=00000018 x14:00000018
14978375ns          244908 1c008d72 1a10f6b7 lui              x13, 0x1a10f000     x13=1a10f000
14978395ns          244909 1c008d76 0ff57513 andi             x10, x10, 255       x10=00000020 x10:00000020
14978415ns          244910 1c008d7a 00d70733 add              x14, x14, x13       x14=1a10f018 x14:00000018 x13:1a10f000
14978435ns          244911 1c008d7c 00a7e723 p.sw             x10, x0(x15)        x10:00000020 x15:00000000  PA:1a10f018
14978832ns          244931 1c008d80 00000513 addi             x10, x0, 0          x10=00000000
14978852ns          244932 1c008d82 00008067 jalr             x0, x1, 0            x1:1c008e52
14978912ns          244935 1c008e52 31f52563 p.beqimm         x10, 778            x10:00000000
14978932ns          244936 1c008e56 001d8d93 addi             x27, x27, 1         x27=0000000b x27:0000000a
14978952ns          244937 1c008e58 00044503 lbu              x10, 0(x8)          x10=0000006b  x8:1c000030  PA:1c000030
14979250ns          244952 1c008e5c 00140413 addi             x8, x8, 1            x8=1c000031  x8:1c000030
14979270ns          244953 1c008e5e fe0514e3 bne              x10, x0, -24        x10:0000006b
14979350ns          244957 1c008e46 02500793 addi             x15, x0, 37         x15=00000025
14979369ns          244958 1c008e4a 04f50863 beq              x10, x15, 80        x10:0000006b x15:00000025
14979389ns          244959 1c008e4e 01a005b3 add              x11, x0, x26        x11=00000002 x26:00000002
14979409ns          244960 1c008e50 000b00e7 jalr             x1, x22, 0           x1=1c008e52 x22:1c008d5c
14979449ns          244962 1c008d5c 000026b7 lui              x13, 0x2000         x13=00002000
14979469ns          244963 1c008d5e f14027f3 csrrs            x15, x0, 0xf14      x15=00000003
14979489ns          244964 1c008d62 f8068693 addi             x13, x13, -128      x13=00001f80 x13:00002000
14979509ns          244965 1c008d66 00379713 slli             x14, x15, 0x3       x14=00000018 x15:00000003
14979529ns          244966 1c008d6a 00279793 slli             x15, x15, 0x2       x15=0000000c x15:00000003
14979549ns          244967 1c008d6c 00d7f7b3 and              x15, x15, x13       x15=00000000 x15:0000000c x13:00001f80
14979568ns          244968 1c008d6e ee873733 p.bclr           x14, x14, 23, 8     x14=00000018 x14:00000018
14979588ns          244969 1c008d72 1a10f6b7 lui              x13, 0x1a10f000     x13=1a10f000
14979608ns          244970 1c008d76 0ff57513 andi             x10, x10, 255       x10=0000006b x10:0000006b
14979628ns          244971 1c008d7a 00d70733 add              x14, x14, x13       x14=1a10f018 x14:00000018 x13:1a10f000
14979648ns          244972 1c008d7c 00a7e723 p.sw             x10, x0(x15)        x10:0000006b x15:00000000  PA:1a10f018
14979966ns          244988 1c008d80 00000513 addi             x10, x0, 0          x10=00000000
14979986ns          244989 1c008d82 00008067 jalr             x0, x1, 0            x1:1c008e52
14980046ns          244992 1c008e52 31f52563 p.beqimm         x10, 778            x10:00000000
14980066ns          244993 1c008e56 001d8d93 addi             x27, x27, 1         x27=0000000c x27:0000000b
14980086ns          244994 1c008e58 00044503 lbu              x10, 0(x8)          x10=00000065  x8:1c000031  PA:1c000031
14980384ns          245009 1c008e5c 00140413 addi             x8, x8, 1            x8=1c000032  x8:1c000031
14980404ns          245010 1c008e5e fe0514e3 bne              x10, x0, -24        x10:00000065
14980483ns          245014 1c008e46 02500793 addi             x15, x0, 37         x15=00000025
14980503ns          245015 1c008e4a 04f50863 beq              x10, x15, 80        x10:00000065 x15:00000025
14980523ns          245016 1c008e4e 01a005b3 add              x11, x0, x26        x11=00000002 x26:00000002
14980543ns          245017 1c008e50 000b00e7 jalr             x1, x22, 0           x1=1c008e52 x22:1c008d5c
14980583ns          245019 1c008d5c 000026b7 lui              x13, 0x2000         x13=00002000
14980603ns          245020 1c008d5e f14027f3 csrrs            x15, x0, 0xf14      x15=00000003
14980623ns          245021 1c008d62 f8068693 addi             x13, x13, -128      x13=00001f80 x13:00002000
14980643ns          245022 1c008d66 00379713 slli             x14, x15, 0x3       x14=00000018 x15:00000003
14980662ns          245023 1c008d6a 00279793 slli             x15, x15, 0x2       x15=0000000c x15:00000003
14980682ns          245024 1c008d6c 00d7f7b3 and              x15, x15, x13       x15=00000000 x15:0000000c x13:00001f80
14980702ns          245025 1c008d6e ee873733 p.bclr           x14, x14, 23, 8     x14=00000018 x14:00000018
14980722ns          245026 1c008d72 1a10f6b7 lui              x13, 0x1a10f000     x13=1a10f000
14980742ns          245027 1c008d76 0ff57513 andi             x10, x10, 255       x10=00000065 x10:00000065
14980762ns          245028 1c008d7a 00d70733 add              x14, x14, x13       x14=1a10f018 x14:00000018 x13:1a10f000
14980782ns          245029 1c008d7c 00a7e723 p.sw             x10, x0(x15)        x10:00000065 x15:00000000  PA:1a10f018
14981100ns          245045 1c008d80 00000513 addi             x10, x0, 0          x10=00000000
14981120ns          245046 1c008d82 00008067 jalr             x0, x1, 0            x1:1c008e52
14981180ns          245049 1c008e52 31f52563 p.beqimm         x10, 778            x10:00000000
14981199ns          245050 1c008e56 001d8d93 addi             x27, x27, 1         x27=0000000d x27:0000000c
14981219ns          245051 1c008e58 00044503 lbu              x10, 0(x8)          x10=00000072  x8:1c000032  PA:1c000032
14981518ns          245066 1c008e5c 00140413 addi             x8, x8, 1            x8=1c000033  x8:1c000032
14981538ns          245067 1c008e5e fe0514e3 bne              x10, x0, -24        x10:00000072
14981617ns          245071 1c008e46 02500793 addi             x15, x0, 37         x15=00000025
14981637ns          245072 1c008e4a 04f50863 beq              x10, x15, 80        x10:00000072 x15:00000025
14981657ns          245073 1c008e4e 01a005b3 add              x11, x0, x26        x11=00000002 x26:00000002
14981677ns          245074 1c008e50 000b00e7 jalr             x1, x22, 0           x1=1c008e52 x22:1c008d5c
14981717ns          245076 1c008d5c 000026b7 lui              x13, 0x2000         x13=00002000
14981736ns          245077 1c008d5e f14027f3 csrrs            x15, x0, 0xf14      x15=00000003
14981756ns          245078 1c008d62 f8068693 addi             x13, x13, -128      x13=00001f80 x13:00002000
14981776ns          245079 1c008d66 00379713 slli             x14, x15, 0x3       x14=00000018 x15:00000003
14981796ns          245080 1c008d6a 00279793 slli             x15, x15, 0x2       x15=0000000c x15:00000003
14981816ns          245081 1c008d6c 00d7f7b3 and              x15, x15, x13       x15=00000000 x15:0000000c x13:00001f80
14981836ns          245082 1c008d6e ee873733 p.bclr           x14, x14, 23, 8     x14=00000018 x14:00000018
14981856ns          245083 1c008d72 1a10f6b7 lui              x13, 0x1a10f000     x13=1a10f000
14981876ns          245084 1c008d76 0ff57513 andi             x10, x10, 255       x10=00000072 x10:00000072
14981896ns          245085 1c008d7a 00d70733 add              x14, x14, x13       x14=1a10f018 x14:00000018 x13:1a10f000
14981916ns          245086 1c008d7c 00a7e723 p.sw             x10, x0(x15)        x10:00000072 x15:00000000  PA:1a10f018
14982254ns          245103 1c008d80 00000513 addi             x10, x0, 0          x10=00000000
14982274ns          245104 1c008d82 00008067 jalr             x0, x1, 0            x1:1c008e52
14982333ns          245107 1c008e52 31f52563 p.beqimm         x10, 778            x10:00000000
14982353ns          245108 1c008e56 001d8d93 addi             x27, x27, 1         x27=0000000e x27:0000000d
14982373ns          245109 1c008e58 00044503 lbu              x10, 0(x8)          x10=0000006e  x8:1c000033  PA:1c000033
14982671ns          245124 1c008e5c 00140413 addi             x8, x8, 1            x8=1c000034  x8:1c000033
14982691ns          245125 1c008e5e fe0514e3 bne              x10, x0, -24        x10:0000006e
14982771ns          245129 1c008e46 02500793 addi             x15, x0, 37         x15=00000025
14982791ns          245130 1c008e4a 04f50863 beq              x10, x15, 80        x10:0000006e x15:00000025
14982811ns          245131 1c008e4e 01a005b3 add              x11, x0, x26        x11=00000002 x26:00000002
14982830ns          245132 1c008e50 000b00e7 jalr             x1, x22, 0           x1=1c008e52 x22:1c008d5c
14982870ns          245134 1c008d5c 000026b7 lui              x13, 0x2000         x13=00002000
14982890ns          245135 1c008d5e f14027f3 csrrs            x15, x0, 0xf14      x15=00000003
14982910ns          245136 1c008d62 f8068693 addi             x13, x13, -128      x13=00001f80 x13:00002000
14982930ns          245137 1c008d66 00379713 slli             x14, x15, 0x3       x14=00000018 x15:00000003
14982950ns          245138 1c008d6a 00279793 slli             x15, x15, 0x2       x15=0000000c x15:00000003
14982970ns          245139 1c008d6c 00d7f7b3 and              x15, x15, x13       x15=00000000 x15:0000000c x13:00001f80
14982990ns          245140 1c008d6e ee873733 p.bclr           x14, x14, 23, 8     x14=00000018 x14:00000018
14983010ns          245141 1c008d72 1a10f6b7 lui              x13, 0x1a10f000     x13=1a10f000
14983029ns          245142 1c008d76 0ff57513 andi             x10, x10, 255       x10=0000006e x10:0000006e
14983049ns          245143 1c008d7a 00d70733 add              x14, x14, x13       x14=1a10f018 x14:00000018 x13:1a10f000
14983069ns          245144 1c008d7c 00a7e723 p.sw             x10, x0(x15)        x10:0000006e x15:00000000  PA:1a10f018
14983407ns          245161 1c008d80 00000513 addi             x10, x0, 0          x10=00000000
14983427ns          245162 1c008d82 00008067 jalr             x0, x1, 0            x1:1c008e52
14983487ns          245165 1c008e52 31f52563 p.beqimm         x10, 778            x10:00000000
14983507ns          245166 1c008e56 001d8d93 addi             x27, x27, 1         x27=0000000f x27:0000000e
14983527ns          245167 1c008e58 00044503 lbu              x10, 0(x8)          x10=00000065  x8:1c000034  PA:1c000034
14983825ns          245182 1c008e5c 00140413 addi             x8, x8, 1            x8=1c000035  x8:1c000034
14983845ns          245183 1c008e5e fe0514e3 bne              x10, x0, -24        x10:00000065
14983924ns          245187 1c008e46 02500793 addi             x15, x0, 37         x15=00000025
14983944ns          245188 1c008e4a 04f50863 beq              x10, x15, 80        x10:00000065 x15:00000025
14983964ns          245189 1c008e4e 01a005b3 add              x11, x0, x26        x11=00000002 x26:00000002
14983984ns          245190 1c008e50 000b00e7 jalr             x1, x22, 0           x1=1c008e52 x22:1c008d5c
14984024ns          245192 1c008d5c 000026b7 lui              x13, 0x2000         x13=00002000
14984044ns          245193 1c008d5e f14027f3 csrrs            x15, x0, 0xf14      x15=00000003
14984064ns          245194 1c008d62 f8068693 addi             x13, x13, -128      x13=00001f80 x13:00002000
14984084ns          245195 1c008d66 00379713 slli             x14, x15, 0x3       x14=00000018 x15:00000003
14984103ns          245196 1c008d6a 00279793 slli             x15, x15, 0x2       x15=0000000c x15:00000003
14984123ns          245197 1c008d6c 00d7f7b3 and              x15, x15, x13       x15=00000000 x15:0000000c x13:00001f80
14984143ns          245198 1c008d6e ee873733 p.bclr           x14, x14, 23, 8     x14=00000018 x14:00000018
14984163ns          245199 1c008d72 1a10f6b7 lui              x13, 0x1a10f000     x13=1a10f000
14984183ns          245200 1c008d76 0ff57513 andi             x10, x10, 255       x10=00000065 x10:00000065
14984203ns          245201 1c008d7a 00d70733 add              x14, x14, x13       x14=1a10f018 x14:00000018 x13:1a10f000
14984223ns          245202 1c008d7c 00a7e723 p.sw             x10, x0(x15)        x10:00000065 x15:00000000  PA:1a10f018
14984541ns          245218 1c008d80 00000513 addi             x10, x0, 0          x10=00000000
14984561ns          245219 1c008d82 00008067 jalr             x0, x1, 0            x1:1c008e52
14984621ns          245222 1c008e52 31f52563 p.beqimm         x10, 778            x10:00000000
14984641ns          245223 1c008e56 001d8d93 addi             x27, x27, 1         x27=00000010 x27:0000000f
14984660ns          245224 1c008e58 00044503 lbu              x10, 0(x8)          x10=0000006c  x8:1c000035  PA:1c000035
14984959ns          245239 1c008e5c 00140413 addi             x8, x8, 1            x8=1c000036  x8:1c000035
14984979ns          245240 1c008e5e fe0514e3 bne              x10, x0, -24        x10:0000006c
14985058ns          245244 1c008e46 02500793 addi             x15, x0, 37         x15=00000025
14985078ns          245245 1c008e4a 04f50863 beq              x10, x15, 80        x10:0000006c x15:00000025
14985098ns          245246 1c008e4e 01a005b3 add              x11, x0, x26        x11=00000002 x26:00000002
14985118ns          245247 1c008e50 000b00e7 jalr             x1, x22, 0           x1=1c008e52 x22:1c008d5c
14985158ns          245249 1c008d5c 000026b7 lui              x13, 0x2000         x13=00002000
14985178ns          245250 1c008d5e f14027f3 csrrs            x15, x0, 0xf14      x15=00000003
14985197ns          245251 1c008d62 f8068693 addi             x13, x13, -128      x13=00001f80 x13:00002000
14985217ns          245252 1c008d66 00379713 slli             x14, x15, 0x3       x14=00000018 x15:00000003
14985237ns          245253 1c008d6a 00279793 slli             x15, x15, 0x2       x15=0000000c x15:00000003
14985257ns          245254 1c008d6c 00d7f7b3 and              x15, x15, x13       x15=00000000 x15:0000000c x13:00001f80
14985277ns          245255 1c008d6e ee873733 p.bclr           x14, x14, 23, 8     x14=00000018 x14:00000018
14985297ns          245256 1c008d72 1a10f6b7 lui              x13, 0x1a10f000     x13=1a10f000
14985317ns          245257 1c008d76 0ff57513 andi             x10, x10, 255       x10=0000006c x10:0000006c
14985337ns          245258 1c008d7a 00d70733 add              x14, x14, x13       x14=1a10f018 x14:00000018 x13:1a10f000
14985357ns          245259 1c008d7c 00a7e723 p.sw             x10, x0(x15)        x10:0000006c x15:00000000  PA:1a10f018
14985695ns          245276 1c008d80 00000513 addi             x10, x0, 0          x10=00000000
14985715ns          245277 1c008d82 00008067 jalr             x0, x1, 0            x1:1c008e52
14985774ns          245280 1c008e52 31f52563 p.beqimm         x10, 778            x10:00000000
14985794ns          245281 1c008e56 001d8d93 addi             x27, x27, 1         x27=00000011 x27:00000010
14985814ns          245282 1c008e58 00044503 lbu              x10, 0(x8)          x10=00000020  x8:1c000036  PA:1c000036
14986112ns          245297 1c008e5c 00140413 addi             x8, x8, 1            x8=1c000037  x8:1c000036
14986132ns          245298 1c008e5e fe0514e3 bne              x10, x0, -24        x10:00000020
14986212ns          245302 1c008e46 02500793 addi             x15, x0, 37         x15=00000025
14986232ns          245303 1c008e4a 04f50863 beq              x10, x15, 80        x10:00000020 x15:00000025
14986252ns          245304 1c008e4e 01a005b3 add              x11, x0, x26        x11=00000002 x26:00000002
14986272ns          245305 1c008e50 000b00e7 jalr             x1, x22, 0           x1=1c008e52 x22:1c008d5c
14986311ns          245307 1c008d5c 000026b7 lui              x13, 0x2000         x13=00002000
14986331ns          245308 1c008d5e f14027f3 csrrs            x15, x0, 0xf14      x15=00000003
14986351ns          245309 1c008d62 f8068693 addi             x13, x13, -128      x13=00001f80 x13:00002000
14986371ns          245310 1c008d66 00379713 slli             x14, x15, 0x3       x14=00000018 x15:00000003
14986391ns          245311 1c008d6a 00279793 slli             x15, x15, 0x2       x15=0000000c x15:00000003
14986411ns          245312 1c008d6c 00d7f7b3 and              x15, x15, x13       x15=00000000 x15:0000000c x13:00001f80
14986431ns          245313 1c008d6e ee873733 p.bclr           x14, x14, 23, 8     x14=00000018 x14:00000018
14986451ns          245314 1c008d72 1a10f6b7 lui              x13, 0x1a10f000     x13=1a10f000
14986470ns          245315 1c008d76 0ff57513 andi             x10, x10, 255       x10=00000020 x10:00000020
14986490ns          245316 1c008d7a 00d70733 add              x14, x14, x13       x14=1a10f018 x14:00000018 x13:1a10f000
14986510ns          245317 1c008d7c 00a7e723 p.sw             x10, x0(x15)        x10:00000020 x15:00000000  PA:1a10f018
14986848ns          245334 1c008d80 00000513 addi             x10, x0, 0          x10=00000000
14986868ns          245335 1c008d82 00008067 jalr             x0, x1, 0            x1:1c008e52
14986928ns          245338 1c008e52 31f52563 p.beqimm         x10, 778            x10:00000000
14986948ns          245339 1c008e56 001d8d93 addi             x27, x27, 1         x27=00000012 x27:00000011
14986968ns          245340 1c008e58 00044503 lbu              x10, 0(x8)          x10=00000069  x8:1c000037  PA:1c000037
14987286ns          245356 1c008e5c 00140413 addi             x8, x8, 1            x8=1c000038  x8:1c000037
14987306ns          245357 1c008e5e fe0514e3 bne              x10, x0, -24        x10:00000069
14987385ns          245361 1c008e46 02500793 addi             x15, x0, 37         x15=00000025
14987405ns          245362 1c008e4a 04f50863 beq              x10, x15, 80        x10:00000069 x15:00000025
14987425ns          245363 1c008e4e 01a005b3 add              x11, x0, x26        x11=00000002 x26:00000002
14987445ns          245364 1c008e50 000b00e7 jalr             x1, x22, 0           x1=1c008e52 x22:1c008d5c
14987485ns          245366 1c008d5c 000026b7 lui              x13, 0x2000         x13=00002000
14987505ns          245367 1c008d5e f14027f3 csrrs            x15, x0, 0xf14      x15=00000003
14987525ns          245368 1c008d62 f8068693 addi             x13, x13, -128      x13=00001f80 x13:00002000
14987545ns          245369 1c008d66 00379713 slli             x14, x15, 0x3       x14=00000018 x15:00000003
14987564ns          245370 1c008d6a 00279793 slli             x15, x15, 0x2       x15=0000000c x15:00000003
14987584ns          245371 1c008d6c 00d7f7b3 and              x15, x15, x13       x15=00000000 x15:0000000c x13:00001f80
14987604ns          245372 1c008d6e ee873733 p.bclr           x14, x14, 23, 8     x14=00000018 x14:00000018
14987624ns          245373 1c008d72 1a10f6b7 lui              x13, 0x1a10f000     x13=1a10f000
14987644ns          245374 1c008d76 0ff57513 andi             x10, x10, 255       x10=00000069 x10:00000069
14987664ns          245375 1c008d7a 00d70733 add              x14, x14, x13       x14=1a10f018 x14:00000018 x13:1a10f000
14987684ns          245376 1c008d7c 00a7e723 p.sw             x10, x0(x15)        x10:00000069 x15:00000000  PA:1a10f018
14988002ns          245392 1c008d80 00000513 addi             x10, x0, 0          x10=00000000
14988022ns          245393 1c008d82 00008067 jalr             x0, x1, 0            x1:1c008e52
14988082ns          245396 1c008e52 31f52563 p.beqimm         x10, 778            x10:00000000
14988102ns          245397 1c008e56 001d8d93 addi             x27, x27, 1         x27=00000013 x27:00000012
14988121ns          245398 1c008e58 00044503 lbu              x10, 0(x8)          x10=00000074  x8:1c000038  PA:1c000038
14988420ns          245413 1c008e5c 00140413 addi             x8, x8, 1            x8=1c000039  x8:1c000038
14988440ns          245414 1c008e5e fe0514e3 bne              x10, x0, -24        x10:00000074
14988519ns          245418 1c008e46 02500793 addi             x15, x0, 37         x15=00000025
14988539ns          245419 1c008e4a 04f50863 beq              x10, x15, 80        x10:00000074 x15:00000025
14988559ns          245420 1c008e4e 01a005b3 add              x11, x0, x26        x11=00000002 x26:00000002
14988579ns          245421 1c008e50 000b00e7 jalr             x1, x22, 0           x1=1c008e52 x22:1c008d5c
14988619ns          245423 1c008d5c 000026b7 lui              x13, 0x2000         x13=00002000
14988639ns          245424 1c008d5e f14027f3 csrrs            x15, x0, 0xf14      x15=00000003
14988658ns          245425 1c008d62 f8068693 addi             x13, x13, -128      x13=00001f80 x13:00002000
14988678ns          245426 1c008d66 00379713 slli             x14, x15, 0x3       x14=00000018 x15:00000003
14988698ns          245427 1c008d6a 00279793 slli             x15, x15, 0x2       x15=0000000c x15:00000003
14988718ns          245428 1c008d6c 00d7f7b3 and              x15, x15, x13       x15=00000000 x15:0000000c x13:00001f80
14988738ns          245429 1c008d6e ee873733 p.bclr           x14, x14, 23, 8     x14=00000018 x14:00000018
14988758ns          245430 1c008d72 1a10f6b7 lui              x13, 0x1a10f000     x13=1a10f000
14988778ns          245431 1c008d76 0ff57513 andi             x10, x10, 255       x10=00000074 x10:00000074
14988798ns          245432 1c008d7a 00d70733 add              x14, x14, x13       x14=1a10f018 x14:00000018 x13:1a10f000
14988818ns          245433 1c008d7c 00a7e723 p.sw             x10, x0(x15)        x10:00000074 x15:00000000  PA:1a10f018
14989136ns          245449 1c008d80 00000513 addi             x10, x0, 0          x10=00000000
14989156ns          245450 1c008d82 00008067 jalr             x0, x1, 0            x1:1c008e52
14989215ns          245453 1c008e52 31f52563 p.beqimm         x10, 778            x10:00000000
14989235ns          245454 1c008e56 001d8d93 addi             x27, x27, 1         x27=00000014 x27:00000013
14989255ns          245455 1c008e58 00044503 lbu              x10, 0(x8)          x10=00000065  x8:1c000039  PA:1c000039
14989554ns          245470 1c008e5c 00140413 addi             x8, x8, 1            x8=1c00003a  x8:1c000039
14989573ns          245471 1c008e5e fe0514e3 bne              x10, x0, -24        x10:00000065
14989653ns          245475 1c008e46 02500793 addi             x15, x0, 37         x15=00000025
14989673ns          245476 1c008e4a 04f50863 beq              x10, x15, 80        x10:00000065 x15:00000025
14989693ns          245477 1c008e4e 01a005b3 add              x11, x0, x26        x11=00000002 x26:00000002
14989713ns          245478 1c008e50 000b00e7 jalr             x1, x22, 0           x1=1c008e52 x22:1c008d5c
14989752ns          245480 1c008d5c 000026b7 lui              x13, 0x2000         x13=00002000
14989772ns          245481 1c008d5e f14027f3 csrrs            x15, x0, 0xf14      x15=00000003
14989792ns          245482 1c008d62 f8068693 addi             x13, x13, -128      x13=00001f80 x13:00002000
14989812ns          245483 1c008d66 00379713 slli             x14, x15, 0x3       x14=00000018 x15:00000003
14989832ns          245484 1c008d6a 00279793 slli             x15, x15, 0x2       x15=0000000c x15:00000003
14989852ns          245485 1c008d6c 00d7f7b3 and              x15, x15, x13       x15=00000000 x15:0000000c x13:00001f80
14989872ns          245486 1c008d6e ee873733 p.bclr           x14, x14, 23, 8     x14=00000018 x14:00000018
14989892ns          245487 1c008d72 1a10f6b7 lui              x13, 0x1a10f000     x13=1a10f000
14989912ns          245488 1c008d76 0ff57513 andi             x10, x10, 255       x10=00000065 x10:00000065
14989931ns          245489 1c008d7a 00d70733 add              x14, x14, x13       x14=1a10f018 x14:00000018 x13:1a10f000
14989951ns          245490 1c008d7c 00a7e723 p.sw             x10, x0(x15)        x10:00000065 x15:00000000  PA:1a10f018
14990270ns          245506 1c008d80 00000513 addi             x10, x0, 0          x10=00000000
14990290ns          245507 1c008d82 00008067 jalr             x0, x1, 0            x1:1c008e52
14990349ns          245510 1c008e52 31f52563 p.beqimm         x10, 778            x10:00000000
14990369ns          245511 1c008e56 001d8d93 addi             x27, x27, 1         x27=00000015 x27:00000014
14990389ns          245512 1c008e58 00044503 lbu              x10, 0(x8)          x10=00000072  x8:1c00003a  PA:1c00003a
14990687ns          245527 1c008e5c 00140413 addi             x8, x8, 1            x8=1c00003b  x8:1c00003a
14990707ns          245528 1c008e5e fe0514e3 bne              x10, x0, -24        x10:00000072
14990787ns          245532 1c008e46 02500793 addi             x15, x0, 37         x15=00000025
14990807ns          245533 1c008e4a 04f50863 beq              x10, x15, 80        x10:00000072 x15:00000025
14990827ns          245534 1c008e4e 01a005b3 add              x11, x0, x26        x11=00000002 x26:00000002
14990846ns          245535 1c008e50 000b00e7 jalr             x1, x22, 0           x1=1c008e52 x22:1c008d5c
14990886ns          245537 1c008d5c 000026b7 lui              x13, 0x2000         x13=00002000
14990906ns          245538 1c008d5e f14027f3 csrrs            x15, x0, 0xf14      x15=00000003
14990926ns          245539 1c008d62 f8068693 addi             x13, x13, -128      x13=00001f80 x13:00002000
14990946ns          245540 1c008d66 00379713 slli             x14, x15, 0x3       x14=00000018 x15:00000003
14990966ns          245541 1c008d6a 00279793 slli             x15, x15, 0x2       x15=0000000c x15:00000003
14990986ns          245542 1c008d6c 00d7f7b3 and              x15, x15, x13       x15=00000000 x15:0000000c x13:00001f80
14991006ns          245543 1c008d6e ee873733 p.bclr           x14, x14, 23, 8     x14=00000018 x14:00000018
14991025ns          245544 1c008d72 1a10f6b7 lui              x13, 0x1a10f000     x13=1a10f000
14991045ns          245545 1c008d76 0ff57513 andi             x10, x10, 255       x10=00000072 x10:00000072
14991065ns          245546 1c008d7a 00d70733 add              x14, x14, x13       x14=1a10f018 x14:00000018 x13:1a10f000
14991085ns          245547 1c008d7c 00a7e723 p.sw             x10, x0(x15)        x10:00000072 x15:00000000  PA:1a10f018
14991423ns          245564 1c008d80 00000513 addi             x10, x0, 0          x10=00000000
14991443ns          245565 1c008d82 00008067 jalr             x0, x1, 0            x1:1c008e52
14991503ns          245568 1c008e52 31f52563 p.beqimm         x10, 778            x10:00000000
14991523ns          245569 1c008e56 001d8d93 addi             x27, x27, 1         x27=00000016 x27:00000015
14991543ns          245570 1c008e58 00044503 lbu              x10, 0(x8)          x10=00000061  x8:1c00003b  PA:1c00003b
14991841ns          245585 1c008e5c 00140413 addi             x8, x8, 1            x8=1c00003c  x8:1c00003b
14991861ns          245586 1c008e5e fe0514e3 bne              x10, x0, -24        x10:00000061
14991940ns          245590 1c008e46 02500793 addi             x15, x0, 37         x15=00000025
14991960ns          245591 1c008e4a 04f50863 beq              x10, x15, 80        x10:00000061 x15:00000025
14991980ns          245592 1c008e4e 01a005b3 add              x11, x0, x26        x11=00000002 x26:00000002
14992000ns          245593 1c008e50 000b00e7 jalr             x1, x22, 0           x1=1c008e52 x22:1c008d5c
14992040ns          245595 1c008d5c 000026b7 lui              x13, 0x2000         x13=00002000
14992060ns          245596 1c008d5e f14027f3 csrrs            x15, x0, 0xf14      x15=00000003
14992080ns          245597 1c008d62 f8068693 addi             x13, x13, -128      x13=00001f80 x13:00002000
14992100ns          245598 1c008d66 00379713 slli             x14, x15, 0x3       x14=00000018 x15:00000003
14992119ns          245599 1c008d6a 00279793 slli             x15, x15, 0x2       x15=0000000c x15:00000003
14992139ns          245600 1c008d6c 00d7f7b3 and              x15, x15, x13       x15=00000000 x15:0000000c x13:00001f80
14992159ns          245601 1c008d6e ee873733 p.bclr           x14, x14, 23, 8     x14=00000018 x14:00000018
14992179ns          245602 1c008d72 1a10f6b7 lui              x13, 0x1a10f000     x13=1a10f000
14992199ns          245603 1c008d76 0ff57513 andi             x10, x10, 255       x10=00000061 x10:00000061
14992219ns          245604 1c008d7a 00d70733 add              x14, x14, x13       x14=1a10f018 x14:00000018 x13:1a10f000
14992239ns          245605 1c008d7c 00a7e723 p.sw             x10, x0(x15)        x10:00000061 x15:00000000  PA:1a10f018
14992557ns          245621 1c008d80 00000513 addi             x10, x0, 0          x10=00000000
14992577ns          245622 1c008d82 00008067 jalr             x0, x1, 0            x1:1c008e52
14992637ns          245625 1c008e52 31f52563 p.beqimm         x10, 778            x10:00000000
14992657ns          245626 1c008e56 001d8d93 addi             x27, x27, 1         x27=00000017 x27:00000016
14992676ns          245627 1c008e58 00044503 lbu              x10, 0(x8)          x10=00000074  x8:1c00003c  PA:1c00003c
14992975ns          245642 1c008e5c 00140413 addi             x8, x8, 1            x8=1c00003d  x8:1c00003c
14992995ns          245643 1c008e5e fe0514e3 bne              x10, x0, -24        x10:00000074
14993074ns          245647 1c008e46 02500793 addi             x15, x0, 37         x15=00000025
14993094ns          245648 1c008e4a 04f50863 beq              x10, x15, 80        x10:00000074 x15:00000025
14993114ns          245649 1c008e4e 01a005b3 add              x11, x0, x26        x11=00000002 x26:00000002
14993134ns          245650 1c008e50 000b00e7 jalr             x1, x22, 0           x1=1c008e52 x22:1c008d5c
14993174ns          245652 1c008d5c 000026b7 lui              x13, 0x2000         x13=00002000
14993194ns          245653 1c008d5e f14027f3 csrrs            x15, x0, 0xf14      x15=00000003
14993213ns          245654 1c008d62 f8068693 addi             x13, x13, -128      x13=00001f80 x13:00002000
14993233ns          245655 1c008d66 00379713 slli             x14, x15, 0x3       x14=00000018 x15:00000003
14993253ns          245656 1c008d6a 00279793 slli             x15, x15, 0x2       x15=0000000c x15:00000003
14993273ns          245657 1c008d6c 00d7f7b3 and              x15, x15, x13       x15=00000000 x15:0000000c x13:00001f80
14993293ns          245658 1c008d6e ee873733 p.bclr           x14, x14, 23, 8     x14=00000018 x14:00000018
14993313ns          245659 1c008d72 1a10f6b7 lui              x13, 0x1a10f000     x13=1a10f000
14993333ns          245660 1c008d76 0ff57513 andi             x10, x10, 255       x10=00000074 x10:00000074
14993353ns          245661 1c008d7a 00d70733 add              x14, x14, x13       x14=1a10f018 x14:00000018 x13:1a10f000
14993373ns          245662 1c008d7c 00a7e723 p.sw             x10, x0(x15)        x10:00000074 x15:00000000  PA:1a10f018
14993691ns          245678 1c008d80 00000513 addi             x10, x0, 0          x10=00000000
14993711ns          245679 1c008d82 00008067 jalr             x0, x1, 0            x1:1c008e52
14993770ns          245682 1c008e52 31f52563 p.beqimm         x10, 778            x10:00000000
14993790ns          245683 1c008e56 001d8d93 addi             x27, x27, 1         x27=00000018 x27:00000017
14993810ns          245684 1c008e58 00044503 lbu              x10, 0(x8)          x10=00000069  x8:1c00003d  PA:1c00003d
14994109ns          245699 1c008e5c 00140413 addi             x8, x8, 1            x8=1c00003e  x8:1c00003d
14994128ns          245700 1c008e5e fe0514e3 bne              x10, x0, -24        x10:00000069
14994208ns          245704 1c008e46 02500793 addi             x15, x0, 37         x15=00000025
14994228ns          245705 1c008e4a 04f50863 beq              x10, x15, 80        x10:00000069 x15:00000025
14994248ns          245706 1c008e4e 01a005b3 add              x11, x0, x26        x11=00000002 x26:00000002
14994268ns          245707 1c008e50 000b00e7 jalr             x1, x22, 0           x1=1c008e52 x22:1c008d5c
14994307ns          245709 1c008d5c 000026b7 lui              x13, 0x2000         x13=00002000
14994327ns          245710 1c008d5e f14027f3 csrrs            x15, x0, 0xf14      x15=00000003
14994347ns          245711 1c008d62 f8068693 addi             x13, x13, -128      x13=00001f80 x13:00002000
14994367ns          245712 1c008d66 00379713 slli             x14, x15, 0x3       x14=00000018 x15:00000003
14994387ns          245713 1c008d6a 00279793 slli             x15, x15, 0x2       x15=0000000c x15:00000003
14994407ns          245714 1c008d6c 00d7f7b3 and              x15, x15, x13       x15=00000000 x15:0000000c x13:00001f80
14994427ns          245715 1c008d6e ee873733 p.bclr           x14, x14, 23, 8     x14=00000018 x14:00000018
14994447ns          245716 1c008d72 1a10f6b7 lui              x13, 0x1a10f000     x13=1a10f000
14994467ns          245717 1c008d76 0ff57513 andi             x10, x10, 255       x10=00000069 x10:00000069
14994486ns          245718 1c008d7a 00d70733 add              x14, x14, x13       x14=1a10f018 x14:00000018 x13:1a10f000
14994506ns          245719 1c008d7c 00a7e723 p.sw             x10, x0(x15)        x10:00000069 x15:00000000  PA:1a10f018
14994845ns          245736 1c008d80 00000513 addi             x10, x0, 0          x10=00000000
14994864ns          245737 1c008d82 00008067 jalr             x0, x1, 0            x1:1c008e52
14994924ns          245740 1c008e52 31f52563 p.beqimm         x10, 778            x10:00000000
14994944ns          245741 1c008e56 001d8d93 addi             x27, x27, 1         x27=00000019 x27:00000018
14994964ns          245742 1c008e58 00044503 lbu              x10, 0(x8)          x10=0000006f  x8:1c00003e  PA:1c00003e
14995282ns          245758 1c008e5c 00140413 addi             x8, x8, 1            x8=1c00003f  x8:1c00003e
14995302ns          245759 1c008e5e fe0514e3 bne              x10, x0, -24        x10:0000006f
14995382ns          245763 1c008e46 02500793 addi             x15, x0, 37         x15=00000025
14995401ns          245764 1c008e4a 04f50863 beq              x10, x15, 80        x10:0000006f x15:00000025
14995421ns          245765 1c008e4e 01a005b3 add              x11, x0, x26        x11=00000002 x26:00000002
14995441ns          245766 1c008e50 000b00e7 jalr             x1, x22, 0           x1=1c008e52 x22:1c008d5c
14995481ns          245768 1c008d5c 000026b7 lui              x13, 0x2000         x13=00002000
14995501ns          245769 1c008d5e f14027f3 csrrs            x15, x0, 0xf14      x15=00000003
14995521ns          245770 1c008d62 f8068693 addi             x13, x13, -128      x13=00001f80 x13:00002000
14995541ns          245771 1c008d66 00379713 slli             x14, x15, 0x3       x14=00000018 x15:00000003
14995561ns          245772 1c008d6a 00279793 slli             x15, x15, 0x2       x15=0000000c x15:00000003
14995580ns          245773 1c008d6c 00d7f7b3 and              x15, x15, x13       x15=00000000 x15:0000000c x13:00001f80
14995600ns          245774 1c008d6e ee873733 p.bclr           x14, x14, 23, 8     x14=00000018 x14:00000018
14995620ns          245775 1c008d72 1a10f6b7 lui              x13, 0x1a10f000     x13=1a10f000
14995640ns          245776 1c008d76 0ff57513 andi             x10, x10, 255       x10=0000006f x10:0000006f
14995660ns          245777 1c008d7a 00d70733 add              x14, x14, x13       x14=1a10f018 x14:00000018 x13:1a10f000
14995680ns          245778 1c008d7c 00a7e723 p.sw             x10, x0(x15)        x10:0000006f x15:00000000  PA:1a10f018
14995998ns          245794 1c008d80 00000513 addi             x10, x0, 0          x10=00000000
14996018ns          245795 1c008d82 00008067 jalr             x0, x1, 0            x1:1c008e52
14996078ns          245798 1c008e52 31f52563 p.beqimm         x10, 778            x10:00000000
14996098ns          245799 1c008e56 001d8d93 addi             x27, x27, 1         x27=0000001a x27:00000019
14996118ns          245800 1c008e58 00044503 lbu              x10, 0(x8)          x10=0000006e  x8:1c00003f  PA:1c00003f
14996416ns          245815 1c008e5c 00140413 addi             x8, x8, 1            x8=1c000040  x8:1c00003f
14996436ns          245816 1c008e5e fe0514e3 bne              x10, x0, -24        x10:0000006e
14996515ns          245820 1c008e46 02500793 addi             x15, x0, 37         x15=00000025
14996535ns          245821 1c008e4a 04f50863 beq              x10, x15, 80        x10:0000006e x15:00000025
14996555ns          245822 1c008e4e 01a005b3 add              x11, x0, x26        x11=00000002 x26:00000002
14996575ns          245823 1c008e50 000b00e7 jalr             x1, x22, 0           x1=1c008e52 x22:1c008d5c
14996615ns          245825 1c008d5c 000026b7 lui              x13, 0x2000         x13=00002000
14996635ns          245826 1c008d5e f14027f3 csrrs            x15, x0, 0xf14      x15=00000003
14996655ns          245827 1c008d62 f8068693 addi             x13, x13, -128      x13=00001f80 x13:00002000
14996674ns          245828 1c008d66 00379713 slli             x14, x15, 0x3       x14=00000018 x15:00000003
14996694ns          245829 1c008d6a 00279793 slli             x15, x15, 0x2       x15=0000000c x15:00000003
14996714ns          245830 1c008d6c 00d7f7b3 and              x15, x15, x13       x15=00000000 x15:0000000c x13:00001f80
14996734ns          245831 1c008d6e ee873733 p.bclr           x14, x14, 23, 8     x14=00000018 x14:00000018
14996754ns          245832 1c008d72 1a10f6b7 lui              x13, 0x1a10f000     x13=1a10f000
14996774ns          245833 1c008d76 0ff57513 andi             x10, x10, 255       x10=0000006e x10:0000006e
14996794ns          245834 1c008d7a 00d70733 add              x14, x14, x13       x14=1a10f018 x14:00000018 x13:1a10f000
14996814ns          245835 1c008d7c 00a7e723 p.sw             x10, x0(x15)        x10:0000006e x15:00000000  PA:1a10f018
14997132ns          245851 1c008d80 00000513 addi             x10, x0, 0          x10=00000000
14997152ns          245852 1c008d82 00008067 jalr             x0, x1, 0            x1:1c008e52
14997211ns          245855 1c008e52 31f52563 p.beqimm         x10, 778            x10:00000000
14997231ns          245856 1c008e56 001d8d93 addi             x27, x27, 1         x27=0000001b x27:0000001a
14997251ns          245857 1c008e58 00044503 lbu              x10, 0(x8)          x10=00000073  x8:1c000040  PA:1c000040
14997550ns          245872 1c008e5c 00140413 addi             x8, x8, 1            x8=1c000041  x8:1c000040
14997570ns          245873 1c008e5e fe0514e3 bne              x10, x0, -24        x10:00000073
14997649ns          245877 1c008e46 02500793 addi             x15, x0, 37         x15=00000025
14997669ns          245878 1c008e4a 04f50863 beq              x10, x15, 80        x10:00000073 x15:00000025
14997689ns          245879 1c008e4e 01a005b3 add              x11, x0, x26        x11=00000002 x26:00000002
14997709ns          245880 1c008e50 000b00e7 jalr             x1, x22, 0           x1=1c008e52 x22:1c008d5c
14997749ns          245882 1c008d5c 000026b7 lui              x13, 0x2000         x13=00002000
14997768ns          245883 1c008d5e f14027f3 csrrs            x15, x0, 0xf14      x15=00000003
14997788ns          245884 1c008d62 f8068693 addi             x13, x13, -128      x13=00001f80 x13:00002000
14997808ns          245885 1c008d66 00379713 slli             x14, x15, 0x3       x14=00000018 x15:00000003
14997828ns          245886 1c008d6a 00279793 slli             x15, x15, 0x2       x15=0000000c x15:00000003
14997848ns          245887 1c008d6c 00d7f7b3 and              x15, x15, x13       x15=00000000 x15:0000000c x13:00001f80
14997868ns          245888 1c008d6e ee873733 p.bclr           x14, x14, 23, 8     x14=00000018 x14:00000018
14997888ns          245889 1c008d72 1a10f6b7 lui              x13, 0x1a10f000     x13=1a10f000
14997908ns          245890 1c008d76 0ff57513 andi             x10, x10, 255       x10=00000073 x10:00000073
14997928ns          245891 1c008d7a 00d70733 add              x14, x14, x13       x14=1a10f018 x14:00000018 x13:1a10f000
14997947ns          245892 1c008d7c 00a7e723 p.sw             x10, x0(x15)        x10:00000073 x15:00000000  PA:1a10f018
14998266ns          245908 1c008d80 00000513 addi             x10, x0, 0          x10=00000000
14998286ns          245909 1c008d82 00008067 jalr             x0, x1, 0            x1:1c008e52
14998345ns          245912 1c008e52 31f52563 p.beqimm         x10, 778            x10:00000000
14998365ns          245913 1c008e56 001d8d93 addi             x27, x27, 1         x27=0000001c x27:0000001b
14998385ns          245914 1c008e58 00044503 lbu              x10, 0(x8)          x10=0000002e  x8:1c000041  PA:1c000041
14998683ns          245929 1c008e5c 00140413 addi             x8, x8, 1            x8=1c000042  x8:1c000041
14998703ns          245930 1c008e5e fe0514e3 bne              x10, x0, -24        x10:0000002e
14998783ns          245934 1c008e46 02500793 addi             x15, x0, 37         x15=00000025
14998803ns          245935 1c008e4a 04f50863 beq              x10, x15, 80        x10:0000002e x15:00000025
14998823ns          245936 1c008e4e 01a005b3 add              x11, x0, x26        x11=00000002 x26:00000002
14998843ns          245937 1c008e50 000b00e7 jalr             x1, x22, 0           x1=1c008e52 x22:1c008d5c
14998882ns          245939 1c008d5c 000026b7 lui              x13, 0x2000         x13=00002000
14998902ns          245940 1c008d5e f14027f3 csrrs            x15, x0, 0xf14      x15=00000003
14998922ns          245941 1c008d62 f8068693 addi             x13, x13, -128      x13=00001f80 x13:00002000
14998942ns          245942 1c008d66 00379713 slli             x14, x15, 0x3       x14=00000018 x15:00000003
14998962ns          245943 1c008d6a 00279793 slli             x15, x15, 0x2       x15=0000000c x15:00000003
14998982ns          245944 1c008d6c 00d7f7b3 and              x15, x15, x13       x15=00000000 x15:0000000c x13:00001f80
14999002ns          245945 1c008d6e ee873733 p.bclr           x14, x14, 23, 8     x14=00000018 x14:00000018
14999022ns          245946 1c008d72 1a10f6b7 lui              x13, 0x1a10f000     x13=1a10f000
14999041ns          245947 1c008d76 0ff57513 andi             x10, x10, 255       x10=0000002e x10:0000002e
14999061ns          245948 1c008d7a 00d70733 add              x14, x14, x13       x14=1a10f018 x14:00000018 x13:1a10f000
14999081ns          245949 1c008d7c 00a7e723 p.sw             x10, x0(x15)        x10:0000002e x15:00000000  PA:1a10f018
14999419ns          245966 1c008d80 00000513 addi             x10, x0, 0          x10=00000000
14999439ns          245967 1c008d82 00008067 jalr             x0, x1, 0            x1:1c008e52
14999499ns          245970 1c008e52 31f52563 p.beqimm         x10, 778            x10:00000000
14999519ns          245971 1c008e56 001d8d93 addi             x27, x27, 1         x27=0000001d x27:0000001c
14999539ns          245972 1c008e58 00044503 lbu              x10, 0(x8)          x10=0000002e  x8:1c000042  PA:1c000042
14999837ns          245987 1c008e5c 00140413 addi             x8, x8, 1            x8=1c000043  x8:1c000042
14999857ns          245988 1c008e5e fe0514e3 bne              x10, x0, -24        x10:0000002e
14999937ns          245992 1c008e46 02500793 addi             x15, x0, 37         x15=00000025
14999956ns          245993 1c008e4a 04f50863 beq              x10, x15, 80        x10:0000002e x15:00000025
14999976ns          245994 1c008e4e 01a005b3 add              x11, x0, x26        x11=00000002 x26:00000002
14999996ns          245995 1c008e50 000b00e7 jalr             x1, x22, 0           x1=1c008e52 x22:1c008d5c
15000036ns          245997 1c008d5c 000026b7 lui              x13, 0x2000         x13=00002000
15000056ns          245998 1c008d5e f14027f3 csrrs            x15, x0, 0xf14      x15=00000003
15000076ns          245999 1c008d62 f8068693 addi             x13, x13, -128      x13=00001f80 x13:00002000
15000096ns          246000 1c008d66 00379713 slli             x14, x15, 0x3       x14=00000018 x15:00000003
15000116ns          246001 1c008d6a 00279793 slli             x15, x15, 0x2       x15=0000000c x15:00000003
15000135ns          246002 1c008d6c 00d7f7b3 and              x15, x15, x13       x15=00000000 x15:0000000c x13:00001f80
15000155ns          246003 1c008d6e ee873733 p.bclr           x14, x14, 23, 8     x14=00000018 x14:00000018
15000175ns          246004 1c008d72 1a10f6b7 lui              x13, 0x1a10f000     x13=1a10f000
15000195ns          246005 1c008d76 0ff57513 andi             x10, x10, 255       x10=0000002e x10:0000002e
15000215ns          246006 1c008d7a 00d70733 add              x14, x14, x13       x14=1a10f018 x14:00000018 x13:1a10f000
15000235ns          246007 1c008d7c 00a7e723 p.sw             x10, x0(x15)        x10:0000002e x15:00000000  PA:1a10f018
15000553ns          246023 1c008d80 00000513 addi             x10, x0, 0          x10=00000000
15000573ns          246024 1c008d82 00008067 jalr             x0, x1, 0            x1:1c008e52
15000633ns          246027 1c008e52 31f52563 p.beqimm         x10, 778            x10:00000000
15000653ns          246028 1c008e56 001d8d93 addi             x27, x27, 1         x27=0000001e x27:0000001d
15000672ns          246029 1c008e58 00044503 lbu              x10, 0(x8)          x10=0000002e  x8:1c000043  PA:1c000043
15000971ns          246044 1c008e5c 00140413 addi             x8, x8, 1            x8=1c000044  x8:1c000043
15000991ns          246045 1c008e5e fe0514e3 bne              x10, x0, -24        x10:0000002e
15001070ns          246049 1c008e46 02500793 addi             x15, x0, 37         x15=00000025
15001090ns          246050 1c008e4a 04f50863 beq              x10, x15, 80        x10:0000002e x15:00000025
15001110ns          246051 1c008e4e 01a005b3 add              x11, x0, x26        x11=00000002 x26:00000002
15001130ns          246052 1c008e50 000b00e7 jalr             x1, x22, 0           x1=1c008e52 x22:1c008d5c
15001170ns          246054 1c008d5c 000026b7 lui              x13, 0x2000         x13=00002000
15001190ns          246055 1c008d5e f14027f3 csrrs            x15, x0, 0xf14      x15=00000003
15001210ns          246056 1c008d62 f8068693 addi             x13, x13, -128      x13=00001f80 x13:00002000
15001229ns          246057 1c008d66 00379713 slli             x14, x15, 0x3       x14=00000018 x15:00000003
15001249ns          246058 1c008d6a 00279793 slli             x15, x15, 0x2       x15=0000000c x15:00000003
15001269ns          246059 1c008d6c 00d7f7b3 and              x15, x15, x13       x15=00000000 x15:0000000c x13:00001f80
15001289ns          246060 1c008d6e ee873733 p.bclr           x14, x14, 23, 8     x14=00000018 x14:00000018
15001309ns          246061 1c008d72 1a10f6b7 lui              x13, 0x1a10f000     x13=1a10f000
15001329ns          246062 1c008d76 0ff57513 andi             x10, x10, 255       x10=0000002e x10:0000002e
15001349ns          246063 1c008d7a 00d70733 add              x14, x14, x13       x14=1a10f018 x14:00000018 x13:1a10f000
15001369ns          246064 1c008d7c 00a7e723 p.sw             x10, x0(x15)        x10:0000002e x15:00000000  PA:1a10f018
15001687ns          246080 1c008d80 00000513 addi             x10, x0, 0          x10=00000000
15001707ns          246081 1c008d82 00008067 jalr             x0, x1, 0            x1:1c008e52
15001766ns          246084 1c008e52 31f52563 p.beqimm         x10, 778            x10:00000000
15001786ns          246085 1c008e56 001d8d93 addi             x27, x27, 1         x27=0000001f x27:0000001e
15001806ns          246086 1c008e58 00044503 lbu              x10, 0(x8)          x10=00000020  x8:1c000044  PA:1c000044
15002105ns          246101 1c008e5c 00140413 addi             x8, x8, 1            x8=1c000045  x8:1c000044
15002125ns          246102 1c008e5e fe0514e3 bne              x10, x0, -24        x10:00000020
15002204ns          246106 1c008e46 02500793 addi             x15, x0, 37         x15=00000025
15002224ns          246107 1c008e4a 04f50863 beq              x10, x15, 80        x10:00000020 x15:00000025
15002244ns          246108 1c008e4e 01a005b3 add              x11, x0, x26        x11=00000002 x26:00000002
15002264ns          246109 1c008e50 000b00e7 jalr             x1, x22, 0           x1=1c008e52 x22:1c008d5c
15002304ns          246111 1c008d5c 000026b7 lui              x13, 0x2000         x13=00002000
15002323ns          246112 1c008d5e f14027f3 csrrs            x15, x0, 0xf14      x15=00000003
15002343ns          246113 1c008d62 f8068693 addi             x13, x13, -128      x13=00001f80 x13:00002000
15002363ns          246114 1c008d66 00379713 slli             x14, x15, 0x3       x14=00000018 x15:00000003
15002383ns          246115 1c008d6a 00279793 slli             x15, x15, 0x2       x15=0000000c x15:00000003
15002403ns          246116 1c008d6c 00d7f7b3 and              x15, x15, x13       x15=00000000 x15:0000000c x13:00001f80
15002423ns          246117 1c008d6e ee873733 p.bclr           x14, x14, 23, 8     x14=00000018 x14:00000018
15002443ns          246118 1c008d72 1a10f6b7 lui              x13, 0x1a10f000     x13=1a10f000
15002463ns          246119 1c008d76 0ff57513 andi             x10, x10, 255       x10=00000020 x10:00000020
15002483ns          246120 1c008d7a 00d70733 add              x14, x14, x13       x14=1a10f018 x14:00000018 x13:1a10f000
15002502ns          246121 1c008d7c 00a7e723 p.sw             x10, x0(x15)        x10:00000020 x15:00000000  PA:1a10f018
15002841ns          246138 1c008d80 00000513 addi             x10, x0, 0          x10=00000000
15002860ns          246139 1c008d82 00008067 jalr             x0, x1, 0            x1:1c008e52
15002920ns          246142 1c008e52 31f52563 p.beqimm         x10, 778            x10:00000000
15002940ns          246143 1c008e56 001d8d93 addi             x27, x27, 1         x27=00000020 x27:0000001f
15002960ns          246144 1c008e58 00044503 lbu              x10, 0(x8)          x10=00000028  x8:1c000045  PA:1c000045
15003278ns          246160 1c008e5c 00140413 addi             x8, x8, 1            x8=1c000046  x8:1c000045
15003298ns          246161 1c008e5e fe0514e3 bne              x10, x0, -24        x10:00000028
15003378ns          246165 1c008e46 02500793 addi             x15, x0, 37         x15=00000025
15003398ns          246166 1c008e4a 04f50863 beq              x10, x15, 80        x10:00000028 x15:00000025
15003417ns          246167 1c008e4e 01a005b3 add              x11, x0, x26        x11=00000002 x26:00000002
15003437ns          246168 1c008e50 000b00e7 jalr             x1, x22, 0           x1=1c008e52 x22:1c008d5c
15003477ns          246170 1c008d5c 000026b7 lui              x13, 0x2000         x13=00002000
15003497ns          246171 1c008d5e f14027f3 csrrs            x15, x0, 0xf14      x15=00000003
15003517ns          246172 1c008d62 f8068693 addi             x13, x13, -128      x13=00001f80 x13:00002000
15003537ns          246173 1c008d66 00379713 slli             x14, x15, 0x3       x14=00000018 x15:00000003
15003557ns          246174 1c008d6a 00279793 slli             x15, x15, 0x2       x15=0000000c x15:00000003
15003577ns          246175 1c008d6c 00d7f7b3 and              x15, x15, x13       x15=00000000 x15:0000000c x13:00001f80
15003596ns          246176 1c008d6e ee873733 p.bclr           x14, x14, 23, 8     x14=00000018 x14:00000018
15003616ns          246177 1c008d72 1a10f6b7 lui              x13, 0x1a10f000     x13=1a10f000
15003636ns          246178 1c008d76 0ff57513 andi             x10, x10, 255       x10=00000028 x10:00000028
15003656ns          246179 1c008d7a 00d70733 add              x14, x14, x13       x14=1a10f018 x14:00000018 x13:1a10f000
15003676ns          246180 1c008d7c 00a7e723 p.sw             x10, x0(x15)        x10:00000028 x15:00000000  PA:1a10f018
15003994ns          246196 1c008d80 00000513 addi             x10, x0, 0          x10=00000000
15004014ns          246197 1c008d82 00008067 jalr             x0, x1, 0            x1:1c008e52
15004074ns          246200 1c008e52 31f52563 p.beqimm         x10, 778            x10:00000000
15004094ns          246201 1c008e56 001d8d93 addi             x27, x27, 1         x27=00000021 x27:00000020
15004114ns          246202 1c008e58 00044503 lbu              x10, 0(x8)          x10=00000063  x8:1c000046  PA:1c000046
15004412ns          246217 1c008e5c 00140413 addi             x8, x8, 1            x8=1c000047  x8:1c000046
15004432ns          246218 1c008e5e fe0514e3 bne              x10, x0, -24        x10:00000063
15004511ns          246222 1c008e46 02500793 addi             x15, x0, 37         x15=00000025
15004531ns          246223 1c008e4a 04f50863 beq              x10, x15, 80        x10:00000063 x15:00000025
15004551ns          246224 1c008e4e 01a005b3 add              x11, x0, x26        x11=00000002 x26:00000002
15004571ns          246225 1c008e50 000b00e7 jalr             x1, x22, 0           x1=1c008e52 x22:1c008d5c
15004611ns          246227 1c008d5c 000026b7 lui              x13, 0x2000         x13=00002000
15004631ns          246228 1c008d5e f14027f3 csrrs            x15, x0, 0xf14      x15=00000003
15004651ns          246229 1c008d62 f8068693 addi             x13, x13, -128      x13=00001f80 x13:00002000
15004671ns          246230 1c008d66 00379713 slli             x14, x15, 0x3       x14=00000018 x15:00000003
15004690ns          246231 1c008d6a 00279793 slli             x15, x15, 0x2       x15=0000000c x15:00000003
15004710ns          246232 1c008d6c 00d7f7b3 and              x15, x15, x13       x15=00000000 x15:0000000c x13:00001f80
15004730ns          246233 1c008d6e ee873733 p.bclr           x14, x14, 23, 8     x14=00000018 x14:00000018
15004750ns          246234 1c008d72 1a10f6b7 lui              x13, 0x1a10f000     x13=1a10f000
15004770ns          246235 1c008d76 0ff57513 andi             x10, x10, 255       x10=00000063 x10:00000063
15004790ns          246236 1c008d7a 00d70733 add              x14, x14, x13       x14=1a10f018 x14:00000018 x13:1a10f000
15004810ns          246237 1c008d7c 00a7e723 p.sw             x10, x0(x15)        x10:00000063 x15:00000000  PA:1a10f018
15005128ns          246253 1c008d80 00000513 addi             x10, x0, 0          x10=00000000
15005148ns          246254 1c008d82 00008067 jalr             x0, x1, 0            x1:1c008e52
15005208ns          246257 1c008e52 31f52563 p.beqimm         x10, 778            x10:00000000
15005227ns          246258 1c008e56 001d8d93 addi             x27, x27, 1         x27=00000022 x27:00000021
15005247ns          246259 1c008e58 00044503 lbu              x10, 0(x8)          x10=0000006f  x8:1c000047  PA:1c000047
15005546ns          246274 1c008e5c 00140413 addi             x8, x8, 1            x8=1c000048  x8:1c000047
15005566ns          246275 1c008e5e fe0514e3 bne              x10, x0, -24        x10:0000006f
15005645ns          246279 1c008e46 02500793 addi             x15, x0, 37         x15=00000025
15005665ns          246280 1c008e4a 04f50863 beq              x10, x15, 80        x10:0000006f x15:00000025
15005685ns          246281 1c008e4e 01a005b3 add              x11, x0, x26        x11=00000002 x26:00000002
15005705ns          246282 1c008e50 000b00e7 jalr             x1, x22, 0           x1=1c008e52 x22:1c008d5c
15005745ns          246284 1c008d5c 000026b7 lui              x13, 0x2000         x13=00002000
15005765ns          246285 1c008d5e f14027f3 csrrs            x15, x0, 0xf14      x15=00000003
15005784ns          246286 1c008d62 f8068693 addi             x13, x13, -128      x13=00001f80 x13:00002000
15005804ns          246287 1c008d66 00379713 slli             x14, x15, 0x3       x14=00000018 x15:00000003
15005824ns          246288 1c008d6a 00279793 slli             x15, x15, 0x2       x15=0000000c x15:00000003
15005844ns          246289 1c008d6c 00d7f7b3 and              x15, x15, x13       x15=00000000 x15:0000000c x13:00001f80
15005864ns          246290 1c008d6e ee873733 p.bclr           x14, x14, 23, 8     x14=00000018 x14:00000018
15005884ns          246291 1c008d72 1a10f6b7 lui              x13, 0x1a10f000     x13=1a10f000
15005904ns          246292 1c008d76 0ff57513 andi             x10, x10, 255       x10=0000006f x10:0000006f
15005924ns          246293 1c008d7a 00d70733 add              x14, x14, x13       x14=1a10f018 x14:00000018 x13:1a10f000
15005944ns          246294 1c008d7c 00a7e723 p.sw             x10, x0(x15)        x10:0000006f x15:00000000  PA:1a10f018
15006262ns          246310 1c008d80 00000513 addi             x10, x0, 0          x10=00000000
15006282ns          246311 1c008d82 00008067 jalr             x0, x1, 0            x1:1c008e52
15006341ns          246314 1c008e52 31f52563 p.beqimm         x10, 778            x10:00000000
15006361ns          246315 1c008e56 001d8d93 addi             x27, x27, 1         x27=00000023 x27:00000022
15006381ns          246316 1c008e58 00044503 lbu              x10, 0(x8)          x10=00000072  x8:1c000048  PA:1c000048
15006679ns          246331 1c008e5c 00140413 addi             x8, x8, 1            x8=1c000049  x8:1c000048
15006699ns          246332 1c008e5e fe0514e3 bne              x10, x0, -24        x10:00000072
15006779ns          246336 1c008e46 02500793 addi             x15, x0, 37         x15=00000025
15006799ns          246337 1c008e4a 04f50863 beq              x10, x15, 80        x10:00000072 x15:00000025
15006819ns          246338 1c008e4e 01a005b3 add              x11, x0, x26        x11=00000002 x26:00000002
15006839ns          246339 1c008e50 000b00e7 jalr             x1, x22, 0           x1=1c008e52 x22:1c008d5c
15006878ns          246341 1c008d5c 000026b7 lui              x13, 0x2000         x13=00002000
15006898ns          246342 1c008d5e f14027f3 csrrs            x15, x0, 0xf14      x15=00000003
15006918ns          246343 1c008d62 f8068693 addi             x13, x13, -128      x13=00001f80 x13:00002000
15006938ns          246344 1c008d66 00379713 slli             x14, x15, 0x3       x14=00000018 x15:00000003
15006958ns          246345 1c008d6a 00279793 slli             x15, x15, 0x2       x15=0000000c x15:00000003
15006978ns          246346 1c008d6c 00d7f7b3 and              x15, x15, x13       x15=00000000 x15:0000000c x13:00001f80
15006998ns          246347 1c008d6e ee873733 p.bclr           x14, x14, 23, 8     x14=00000018 x14:00000018
15007018ns          246348 1c008d72 1a10f6b7 lui              x13, 0x1a10f000     x13=1a10f000
15007038ns          246349 1c008d76 0ff57513 andi             x10, x10, 255       x10=00000072 x10:00000072
15007057ns          246350 1c008d7a 00d70733 add              x14, x14, x13       x14=1a10f018 x14:00000018 x13:1a10f000
15007077ns          246351 1c008d7c 00a7e723 p.sw             x10, x0(x15)        x10:00000072 x15:00000000  PA:1a10f018
15007415ns          246368 1c008d80 00000513 addi             x10, x0, 0          x10=00000000
15007435ns          246369 1c008d82 00008067 jalr             x0, x1, 0            x1:1c008e52
15007495ns          246372 1c008e52 31f52563 p.beqimm         x10, 778            x10:00000000
15007515ns          246373 1c008e56 001d8d93 addi             x27, x27, 1         x27=00000024 x27:00000023
15007535ns          246374 1c008e58 00044503 lbu              x10, 0(x8)          x10=00000065  x8:1c000049  PA:1c000049
15007833ns          246389 1c008e5c 00140413 addi             x8, x8, 1            x8=1c00004a  x8:1c000049
15007853ns          246390 1c008e5e fe0514e3 bne              x10, x0, -24        x10:00000065
15007933ns          246394 1c008e46 02500793 addi             x15, x0, 37         x15=00000025
15007953ns          246395 1c008e4a 04f50863 beq              x10, x15, 80        x10:00000065 x15:00000025
15007972ns          246396 1c008e4e 01a005b3 add              x11, x0, x26        x11=00000002 x26:00000002
15007992ns          246397 1c008e50 000b00e7 jalr             x1, x22, 0           x1=1c008e52 x22:1c008d5c
15008032ns          246399 1c008d5c 000026b7 lui              x13, 0x2000         x13=00002000
15008052ns          246400 1c008d5e f14027f3 csrrs            x15, x0, 0xf14      x15=00000003
15008072ns          246401 1c008d62 f8068693 addi             x13, x13, -128      x13=00001f80 x13:00002000
15008092ns          246402 1c008d66 00379713 slli             x14, x15, 0x3       x14=00000018 x15:00000003
15008112ns          246403 1c008d6a 00279793 slli             x15, x15, 0x2       x15=0000000c x15:00000003
15008132ns          246404 1c008d6c 00d7f7b3 and              x15, x15, x13       x15=00000000 x15:0000000c x13:00001f80
15008151ns          246405 1c008d6e ee873733 p.bclr           x14, x14, 23, 8     x14=00000018 x14:00000018
15008171ns          246406 1c008d72 1a10f6b7 lui              x13, 0x1a10f000     x13=1a10f000
15008191ns          246407 1c008d76 0ff57513 andi             x10, x10, 255       x10=00000065 x10:00000065
15008211ns          246408 1c008d7a 00d70733 add              x14, x14, x13       x14=1a10f018 x14:00000018 x13:1a10f000
15008231ns          246409 1c008d7c 00a7e723 p.sw             x10, x0(x15)        x10:00000065 x15:00000000  PA:1a10f018
15008549ns          246425 1c008d80 00000513 addi             x10, x0, 0          x10=00000000
15008569ns          246426 1c008d82 00008067 jalr             x0, x1, 0            x1:1c008e52
15008629ns          246429 1c008e52 31f52563 p.beqimm         x10, 778            x10:00000000
15008649ns          246430 1c008e56 001d8d93 addi             x27, x27, 1         x27=00000025 x27:00000024
15008669ns          246431 1c008e58 00044503 lbu              x10, 0(x8)          x10=00000069  x8:1c00004a  PA:1c00004a
15008967ns          246446 1c008e5c 00140413 addi             x8, x8, 1            x8=1c00004b  x8:1c00004a
15008987ns          246447 1c008e5e fe0514e3 bne              x10, x0, -24        x10:00000069
15009066ns          246451 1c008e46 02500793 addi             x15, x0, 37         x15=00000025
15009086ns          246452 1c008e4a 04f50863 beq              x10, x15, 80        x10:00000069 x15:00000025
15009106ns          246453 1c008e4e 01a005b3 add              x11, x0, x26        x11=00000002 x26:00000002
15009126ns          246454 1c008e50 000b00e7 jalr             x1, x22, 0           x1=1c008e52 x22:1c008d5c
15009166ns          246456 1c008d5c 000026b7 lui              x13, 0x2000         x13=00002000
15009186ns          246457 1c008d5e f14027f3 csrrs            x15, x0, 0xf14      x15=00000003
15009206ns          246458 1c008d62 f8068693 addi             x13, x13, -128      x13=00001f80 x13:00002000
15009226ns          246459 1c008d66 00379713 slli             x14, x15, 0x3       x14=00000018 x15:00000003
15009245ns          246460 1c008d6a 00279793 slli             x15, x15, 0x2       x15=0000000c x15:00000003
15009265ns          246461 1c008d6c 00d7f7b3 and              x15, x15, x13       x15=00000000 x15:0000000c x13:00001f80
15009285ns          246462 1c008d6e ee873733 p.bclr           x14, x14, 23, 8     x14=00000018 x14:00000018
15009305ns          246463 1c008d72 1a10f6b7 lui              x13, 0x1a10f000     x13=1a10f000
15009325ns          246464 1c008d76 0ff57513 andi             x10, x10, 255       x10=00000069 x10:00000069
15009345ns          246465 1c008d7a 00d70733 add              x14, x14, x13       x14=1a10f018 x14:00000018 x13:1a10f000
15009365ns          246466 1c008d7c 00a7e723 p.sw             x10, x0(x15)        x10:00000069 x15:00000000  PA:1a10f018
15009683ns          246482 1c008d80 00000513 addi             x10, x0, 0          x10=00000000
15009703ns          246483 1c008d82 00008067 jalr             x0, x1, 0            x1:1c008e52
15009763ns          246486 1c008e52 31f52563 p.beqimm         x10, 778            x10:00000000
15009782ns          246487 1c008e56 001d8d93 addi             x27, x27, 1         x27=00000026 x27:00000025
15009802ns          246488 1c008e58 00044503 lbu              x10, 0(x8)          x10=00000064  x8:1c00004b  PA:1c00004b
15010101ns          246503 1c008e5c 00140413 addi             x8, x8, 1            x8=1c00004c  x8:1c00004b
15010121ns          246504 1c008e5e fe0514e3 bne              x10, x0, -24        x10:00000064
15010200ns          246508 1c008e46 02500793 addi             x15, x0, 37         x15=00000025
15010220ns          246509 1c008e4a 04f50863 beq              x10, x15, 80        x10:00000064 x15:00000025
15010240ns          246510 1c008e4e 01a005b3 add              x11, x0, x26        x11=00000002 x26:00000002
15010260ns          246511 1c008e50 000b00e7 jalr             x1, x22, 0           x1=1c008e52 x22:1c008d5c
15010300ns          246513 1c008d5c 000026b7 lui              x13, 0x2000         x13=00002000
15010320ns          246514 1c008d5e f14027f3 csrrs            x15, x0, 0xf14      x15=00000003
15010339ns          246515 1c008d62 f8068693 addi             x13, x13, -128      x13=00001f80 x13:00002000
15010359ns          246516 1c008d66 00379713 slli             x14, x15, 0x3       x14=00000018 x15:00000003
15010379ns          246517 1c008d6a 00279793 slli             x15, x15, 0x2       x15=0000000c x15:00000003
15010399ns          246518 1c008d6c 00d7f7b3 and              x15, x15, x13       x15=00000000 x15:0000000c x13:00001f80
15010419ns          246519 1c008d6e ee873733 p.bclr           x14, x14, 23, 8     x14=00000018 x14:00000018
15010439ns          246520 1c008d72 1a10f6b7 lui              x13, 0x1a10f000     x13=1a10f000
15010459ns          246521 1c008d76 0ff57513 andi             x10, x10, 255       x10=00000064 x10:00000064
15010479ns          246522 1c008d7a 00d70733 add              x14, x14, x13       x14=1a10f018 x14:00000018 x13:1a10f000
15010499ns          246523 1c008d7c 00a7e723 p.sw             x10, x0(x15)        x10:00000064 x15:00000000  PA:1a10f018
15010837ns          246540 1c008d80 00000513 addi             x10, x0, 0          x10=00000000
15010857ns          246541 1c008d82 00008067 jalr             x0, x1, 0            x1:1c008e52
15010916ns          246544 1c008e52 31f52563 p.beqimm         x10, 778            x10:00000000
15010936ns          246545 1c008e56 001d8d93 addi             x27, x27, 1         x27=00000027 x27:00000026
15010956ns          246546 1c008e58 00044503 lbu              x10, 0(x8)          x10=00000020  x8:1c00004c  PA:1c00004c
15011274ns          246562 1c008e5c 00140413 addi             x8, x8, 1            x8=1c00004d  x8:1c00004c
15011294ns          246563 1c008e5e fe0514e3 bne              x10, x0, -24        x10:00000020
15011374ns          246567 1c008e46 02500793 addi             x15, x0, 37         x15=00000025
15011394ns          246568 1c008e4a 04f50863 beq              x10, x15, 80        x10:00000020 x15:00000025
15011413ns          246569 1c008e4e 01a005b3 add              x11, x0, x26        x11=00000002 x26:00000002
15011433ns          246570 1c008e50 000b00e7 jalr             x1, x22, 0           x1=1c008e52 x22:1c008d5c
15011473ns          246572 1c008d5c 000026b7 lui              x13, 0x2000         x13=00002000
15011493ns          246573 1c008d5e f14027f3 csrrs            x15, x0, 0xf14      x15=00000003
15011513ns          246574 1c008d62 f8068693 addi             x13, x13, -128      x13=00001f80 x13:00002000
15011533ns          246575 1c008d66 00379713 slli             x14, x15, 0x3       x14=00000018 x15:00000003
15011553ns          246576 1c008d6a 00279793 slli             x15, x15, 0x2       x15=0000000c x15:00000003
15011573ns          246577 1c008d6c 00d7f7b3 and              x15, x15, x13       x15=00000000 x15:0000000c x13:00001f80
15011593ns          246578 1c008d6e ee873733 p.bclr           x14, x14, 23, 8     x14=00000018 x14:00000018
15011612ns          246579 1c008d72 1a10f6b7 lui              x13, 0x1a10f000     x13=1a10f000
15011632ns          246580 1c008d76 0ff57513 andi             x10, x10, 255       x10=00000020 x10:00000020
15011652ns          246581 1c008d7a 00d70733 add              x14, x14, x13       x14=1a10f018 x14:00000018 x13:1a10f000
15011672ns          246582 1c008d7c 00a7e723 p.sw             x10, x0(x15)        x10:00000020 x15:00000000  PA:1a10f018
15011990ns          246598 1c008d80 00000513 addi             x10, x0, 0          x10=00000000
15012010ns          246599 1c008d82 00008067 jalr             x0, x1, 0            x1:1c008e52
15012070ns          246602 1c008e52 31f52563 p.beqimm         x10, 778            x10:00000000
15012090ns          246603 1c008e56 001d8d93 addi             x27, x27, 1         x27=00000028 x27:00000027
15012110ns          246604 1c008e58 00044503 lbu              x10, 0(x8)          x10=0000003d  x8:1c00004d  PA:1c00004d
15012408ns          246619 1c008e5c 00140413 addi             x8, x8, 1            x8=1c00004e  x8:1c00004d
15012428ns          246620 1c008e5e fe0514e3 bne              x10, x0, -24        x10:0000003d
15012507ns          246624 1c008e46 02500793 addi             x15, x0, 37         x15=00000025
15012527ns          246625 1c008e4a 04f50863 beq              x10, x15, 80        x10:0000003d x15:00000025
15012547ns          246626 1c008e4e 01a005b3 add              x11, x0, x26        x11=00000002 x26:00000002
15012567ns          246627 1c008e50 000b00e7 jalr             x1, x22, 0           x1=1c008e52 x22:1c008d5c
15012607ns          246629 1c008d5c 000026b7 lui              x13, 0x2000         x13=00002000
15012627ns          246630 1c008d5e f14027f3 csrrs            x15, x0, 0xf14      x15=00000003
15012647ns          246631 1c008d62 f8068693 addi             x13, x13, -128      x13=00001f80 x13:00002000
15012667ns          246632 1c008d66 00379713 slli             x14, x15, 0x3       x14=00000018 x15:00000003
15012687ns          246633 1c008d6a 00279793 slli             x15, x15, 0x2       x15=0000000c x15:00000003
15012706ns          246634 1c008d6c 00d7f7b3 and              x15, x15, x13       x15=00000000 x15:0000000c x13:00001f80
15012726ns          246635 1c008d6e ee873733 p.bclr           x14, x14, 23, 8     x14=00000018 x14:00000018
15012746ns          246636 1c008d72 1a10f6b7 lui              x13, 0x1a10f000     x13=1a10f000
15012766ns          246637 1c008d76 0ff57513 andi             x10, x10, 255       x10=0000003d x10:0000003d
15012786ns          246638 1c008d7a 00d70733 add              x14, x14, x13       x14=1a10f018 x14:00000018 x13:1a10f000
15012806ns          246639 1c008d7c 00a7e723 p.sw             x10, x0(x15)        x10:0000003d x15:00000000  PA:1a10f018
15013124ns          246655 1c008d80 00000513 addi             x10, x0, 0          x10=00000000
15013144ns          246656 1c008d82 00008067 jalr             x0, x1, 0            x1:1c008e52
15013204ns          246659 1c008e52 31f52563 p.beqimm         x10, 778            x10:00000000
15013224ns          246660 1c008e56 001d8d93 addi             x27, x27, 1         x27=00000029 x27:00000028
15013243ns          246661 1c008e58 00044503 lbu              x10, 0(x8)          x10=00000020  x8:1c00004e  PA:1c00004e
15013542ns          246676 1c008e5c 00140413 addi             x8, x8, 1            x8=1c00004f  x8:1c00004e
15013562ns          246677 1c008e5e fe0514e3 bne              x10, x0, -24        x10:00000020
15013641ns          246681 1c008e46 02500793 addi             x15, x0, 37         x15=00000025
15013661ns          246682 1c008e4a 04f50863 beq              x10, x15, 80        x10:00000020 x15:00000025
15013681ns          246683 1c008e4e 01a005b3 add              x11, x0, x26        x11=00000002 x26:00000002
15013701ns          246684 1c008e50 000b00e7 jalr             x1, x22, 0           x1=1c008e52 x22:1c008d5c
15013741ns          246686 1c008d5c 000026b7 lui              x13, 0x2000         x13=00002000
15013761ns          246687 1c008d5e f14027f3 csrrs            x15, x0, 0xf14      x15=00000003
15013780ns          246688 1c008d62 f8068693 addi             x13, x13, -128      x13=00001f80 x13:00002000
15013800ns          246689 1c008d66 00379713 slli             x14, x15, 0x3       x14=00000018 x15:00000003
15013820ns          246690 1c008d6a 00279793 slli             x15, x15, 0x2       x15=0000000c x15:00000003
15013840ns          246691 1c008d6c 00d7f7b3 and              x15, x15, x13       x15=00000000 x15:0000000c x13:00001f80
15013860ns          246692 1c008d6e ee873733 p.bclr           x14, x14, 23, 8     x14=00000018 x14:00000018
15013880ns          246693 1c008d72 1a10f6b7 lui              x13, 0x1a10f000     x13=1a10f000
15013900ns          246694 1c008d76 0ff57513 andi             x10, x10, 255       x10=00000020 x10:00000020
15013920ns          246695 1c008d7a 00d70733 add              x14, x14, x13       x14=1a10f018 x14:00000018 x13:1a10f000
15013940ns          246696 1c008d7c 00a7e723 p.sw             x10, x0(x15)        x10:00000020 x15:00000000  PA:1a10f018
15014258ns          246712 1c008d80 00000513 addi             x10, x0, 0          x10=00000000
15014278ns          246713 1c008d82 00008067 jalr             x0, x1, 0            x1:1c008e52
15014337ns          246716 1c008e52 31f52563 p.beqimm         x10, 778            x10:00000000
15014357ns          246717 1c008e56 001d8d93 addi             x27, x27, 1         x27=0000002a x27:00000029
15014377ns          246718 1c008e58 00044503 lbu              x10, 0(x8)          x10=00000025  x8:1c00004f  PA:1c00004f
15014676ns          246733 1c008e5c 00140413 addi             x8, x8, 1            x8=1c000050  x8:1c00004f
15014695ns          246734 1c008e5e fe0514e3 bne              x10, x0, -24        x10:00000025
15014775ns          246738 1c008e46 02500793 addi             x15, x0, 37         x15=00000025
15014795ns          246739 1c008e4a 04f50863 beq              x10, x15, 80        x10:00000025 x15:00000025
15014874ns          246743 1c008e9a 00044483 lbu              x9, 0(x8)            x9=00000064  x8:1c000050  PA:1c000050
15015193ns          246759 1c008e9e 02000693 addi             x13, x0, 32         x13=00000020
15015213ns          246760 1c008ea2 00140a93 addi             x21, x8, 1          x21=1c000051  x8:1c000050
15015233ns          246761 1c008ea6 009005b3 add              x11, x0, x9         x11=00000064  x9:00000064
15015252ns          246762 1c008ea8 0fcb8513 addi             x10, x23, 252       x10=1c0000fc x23:1c000000
15015272ns          246763 1c008eac 00d12823 sw               x13, 16(x2)         x13:00000020  x2:10001e28  PA:10001e38
15015292ns          246764 1c008eae 00012c23 sw               x0, 24(x2)           x2:10001e28  PA:10001e40
15015312ns          246765 1c008eb0 00012a23 sw               x0, 20(x2)           x2:10001e28  PA:10001e3c
15015332ns          246766 1c008eb2 00012e23 sw               x0, 28(x2)           x2:10001e28  PA:10001e44
15015352ns          246767 1c008eb4 00012623 sw               x0, 12(x2)           x2:10001e28  PA:10001e34
15015372ns          246768 1c008eb6 02300913 addi             x18, x0, 35         x18=00000023
15015392ns          246769 1c008eba 02d00a13 addi             x20, x0, 45         x20=0000002d
15015412ns          246770 1c008ebe 015009b3 add              x19, x0, x21        x19=1c000051 x21:1c000051
15015451ns          246772 1c008ec0 e1dff0ef jal              x1, -484             x1=1c008ec2
15015531ns          246776 1c008cdc 00054783 lbu              x15, 0(x10)         x15=0000002d x10:1c0000fc  PA:1c0000fc
15015849ns          246792 1c008ce0 0ff5f593 andi             x11, x11, 255       x11=00000064 x11:00000064
15015869ns          246793 1c008ce4 00b78c63 beq              x15, x11, 24        x15:0000002d x11:00000064
15015889ns          246794 1c008ce8 00078b63 beq              x15, x0, 22         x15:0000002d
15015909ns          246795 1c008cea 00150793 addi             x15, x10, 1         x15=1c0000fd x10:1c0000fc
15015929ns          246796 1c008cee 0040006f jal              x0, 4              
15015968ns          246798 1c008cf2 00f00533 add              x10, x0, x15        x10=1c0000fd x15:1c0000fd
15015988ns          246799 1c008cf4 0017c70b p.lbu            x14, 1(x15!)        x14=0000002b x15=1c0000fe x15:1c0000fd  PA:1c0000fd
15016307ns          246815 1c008cf8 feb71ce3 bne              x14, x11, -8        x14:0000002b x11:00000064
15016366ns          246818 1c008cf0 00070763 beq              x14, x0, 14         x14:0000002b
15016386ns          246819 1c008cf2 00f00533 add              x10, x0, x15        x10=1c0000fe x15:1c0000fe
15016406ns          246820 1c008cf4 0017c70b p.lbu            x14, 1(x15!)        x14=00000020 x15=1c0000ff x15:1c0000fe  PA:1c0000fe
15016724ns          246836 1c008cf8 feb71ce3 bne              x14, x11, -8        x14:00000020 x11:00000064
15016784ns          246839 1c008cf0 00070763 beq              x14, x0, 14         x14:00000020
15016804ns          246840 1c008cf2 00f00533 add              x10, x0, x15        x10=1c0000ff x15:1c0000ff
15016824ns          246841 1c008cf4 0017c70b p.lbu            x14, 1(x15!)        x14=00000023 x15=1c000100 x15:1c0000ff  PA:1c0000ff
15017142ns          246857 1c008cf8 feb71ce3 bne              x14, x11, -8        x14:00000023 x11:00000064
15017202ns          246860 1c008cf0 00070763 beq              x14, x0, 14         x14:00000023
15017222ns          246861 1c008cf2 00f00533 add              x10, x0, x15        x10=1c000100 x15:1c000100
15017241ns          246862 1c008cf4 0017c70b p.lbu            x14, 1(x15!)        x14=00000030 x15=1c000101 x15:1c000100  PA:1c000100
15017560ns          246878 1c008cf8 feb71ce3 bne              x14, x11, -8        x14:00000030 x11:00000064
15017619ns          246881 1c008cf0 00070763 beq              x14, x0, 14         x14:00000030
15017639ns          246882 1c008cf2 00f00533 add              x10, x0, x15        x10=1c000101 x15:1c000101
15017659ns          246883 1c008cf4 0017c70b p.lbu            x14, 1(x15!)        x14=00000000 x15=1c000102 x15:1c000101  PA:1c000101
15017997ns          246900 1c008cf8 feb71ce3 bne              x14, x11, -8        x14:00000000 x11:00000064
15018057ns          246903 1c008cf0 00070763 beq              x14, x0, 14         x14:00000000
15018137ns          246907 1c008cfe 0015b593 sltiu            x11, x11, 1         x11=00000000 x11:00000064
15018156ns          246908 1c008d02 40b005b3 sub              x11, x0, x11        x11=00000000 x11:00000000
15018176ns          246909 1c008d06 00b57533 and              x10, x10, x11       x10=00000000 x10:1c000101 x11:00000000
15018196ns          246910 1c008d08 00008067 jalr             x0, x1, 0            x1:1c008ec2
15018236ns          246912 1c008ec2 02050a63 beq              x10, x0, 52         x10:00000000
15018375ns          246919 1c008ef6 02a00613 addi             x12, x0, 42         x12=0000002a
15018395ns          246920 1c008efa 2ac48663 beq              x9, x12, 684         x9:00000064 x12:0000002a
15018455ns          246923 1c008efe fd048613 addi             x12, x9, -48        x12=00000034  x9:00000064
15018475ns          246924 1c008f02 00900593 addi             x11, x0, 9          x11=00000009
15018495ns          246925 1c008f04 00000913 addi             x18, x0, 0          x18=00000000
15018514ns          246926 1c008f06 28c5f063 bgeu             x11, x12, 640       x11:00000009 x12:00000034
15018534ns          246927 1c008f0a 02e00693 addi             x13, x0, 46         x13=0000002e
15018554ns          246928 1c008f0e fff00a13 addi             x20, x0, -1         x20=ffffffff
15018594ns          246930 1c008f10 2ed48363 beq              x9, x13, 742         x9:00000064 x13:0000002e
15018634ns          246932 1c008f14 1c0007b7 lui              x15, 0x1c000000     x15=1c000000
15018654ns          246933 1c008f18 009005b3 add              x11, x0, x9         x11=00000064  x9:00000064
15018674ns          246934 1c008f1a 10478513 addi             x10, x15, 260       x10=1c000104 x15:1c000000
15018694ns          246935 1c008f1e dbfff0ef jal              x1, -578             x1=1c008f20
15018773ns          246939 1c008cdc 00054783 lbu              x15, 0(x10)         x15=00000068 x10:1c000104  PA:1c000104
15019071ns          246954 1c008ce0 0ff5f593 andi             x11, x11, 255       x11=00000064 x11:00000064
15019091ns          246955 1c008ce4 00b78c63 beq              x15, x11, 24        x15:00000068 x11:00000064
15019111ns          246956 1c008ce8 00078b63 beq              x15, x0, 22         x15:00000068
15019131ns          246957 1c008cea 00150793 addi             x15, x10, 1         x15=1c000105 x10:1c000104
15019151ns          246958 1c008cee 0040006f jal              x0, 4              
15019191ns          246960 1c008cf2 00f00533 add              x10, x0, x15        x10=1c000105 x15:1c000105
15019211ns          246961 1c008cf4 0017c70b p.lbu            x14, 1(x15!)        x14=0000006c x15=1c000106 x15:1c000105  PA:1c000105
15019529ns          246977 1c008cf8 feb71ce3 bne              x14, x11, -8        x14:0000006c x11:00000064
15019589ns          246980 1c008cf0 00070763 beq              x14, x0, 14         x14:0000006c
15019608ns          246981 1c008cf2 00f00533 add              x10, x0, x15        x10=1c000106 x15:1c000106
15019628ns          246982 1c008cf4 0017c70b p.lbu            x14, 1(x15!)        x14=0000004c x15=1c000107 x15:1c000106  PA:1c000106
15019947ns          246998 1c008cf8 feb71ce3 bne              x14, x11, -8        x14:0000004c x11:00000064
15020006ns          247001 1c008cf0 00070763 beq              x14, x0, 14         x14:0000004c
15020026ns          247002 1c008cf2 00f00533 add              x10, x0, x15        x10=1c000107 x15:1c000107
15020046ns          247003 1c008cf4 0017c70b p.lbu            x14, 1(x15!)        x14=0000007a x15=1c000108 x15:1c000107  PA:1c000107
15020364ns          247019 1c008cf8 feb71ce3 bne              x14, x11, -8        x14:0000007a x11:00000064
15020424ns          247022 1c008cf0 00070763 beq              x14, x0, 14         x14:0000007a
15020444ns          247023 1c008cf2 00f00533 add              x10, x0, x15        x10=1c000108 x15:1c000108
15020464ns          247024 1c008cf4 0017c70b p.lbu            x14, 1(x15!)        x14=00000000 x15=1c000109 x15:1c000108  PA:1c000108
15020782ns          247040 1c008cf8 feb71ce3 bne              x14, x11, -8        x14:00000000 x11:00000064
15020842ns          247043 1c008cf0 00070763 beq              x14, x0, 14         x14:00000000
15020921ns          247047 1c008cfe 0015b593 sltiu            x11, x11, 1         x11=00000000 x11:00000064
15020941ns          247048 1c008d02 40b005b3 sub              x11, x0, x11        x11=00000000 x11:00000000
15020961ns          247049 1c008d06 00b57533 and              x10, x10, x11       x10=00000000 x10:1c000108 x11:00000000
15020981ns          247050 1c008d08 00008067 jalr             x0, x1, 0            x1:1c008f20
15021021ns          247052 1c008f20 01300433 add              x8, x0, x19          x8=1c000051 x19:1c000051
15021041ns          247053 1c008f22 00050563 beq              x10, x0, 10         x10:00000000
15021100ns          247056 1c008f2c 06700693 addi             x13, x0, 103        x13=00000067
15021160ns          247059 1c008f30 2896d963 bge              x13, x9, 658        x13:00000067  x9:00000064
15021240ns          247063 1c0091c2 06500693 addi             x13, x0, 101        x13=00000065
15021259ns          247064 1c0091c6 12d4d563 bge              x9, x13, 298         x9:00000064 x13:00000065
15021279ns          247065 1c0091ca 04700693 addi             x13, x0, 71         x13=00000047
15021299ns          247066 1c0091ce dc96cbe3 blt              x13, x9, -554       x13:00000047  x9:00000064
15021399ns          247071 1c008fa4 06300693 addi             x13, x0, 99         x13=00000063
15021438ns          247073 1c008fa8 0ad488e3 beq              x9, x13, 2224        x9:00000064 x13:00000063
15021458ns          247074 1c008fac 0096c9e3 blt              x13, x9, 2066       x13:00000063  x9:00000064
15021617ns          247082 1c0097be 000c2583 lw               x11, 0(x24)         x11=00000003 x24:10001f80  PA:10001f80
15021657ns          247084 1c0097c2 004c0c13 addi             x24, x24, 4         x24=10001f84 x24:10001f80
15021677ns          247085 1c0097c4 3405cc63 blt              x11, x0, 856        x11:00000003
15021697ns          247086 1c0097c8 01412603 lw               x12, 20(x2)         x12=00000000  x2:10001e28  PA:10001e3c
15021717ns          247087 1c0097ca 00b006b3 add              x13, x0, x11        x13=00000003 x11:00000003
15021737ns          247088 1c0097cc 2e061863 bne              x12, x0, 752        x12:00000000
15021757ns          247089 1c0097d0 01812703 lw               x14, 24(x2)         x14=00000000  x2:10001e28  PA:10001e40
15021777ns          247090 1c0097d2 019007b3 add              x15, x0, x25        x15=10001e4c x25:10001e4c
15021796ns          247091 1c0097d4 00070763 beq              x14, x0, 14         x14:00000000
15021856ns          247094 1c0097e2 00f00733 add              x14, x0, x15        x14=10001e4c x15:10001e4c
15021876ns          247095 1c0097e4 00a00513 addi             x10, x0, 10         x10=0000000a
15021896ns          247096 1c0097e6 02a6f633 remu             x12, x13, x10       x12=00000003 x13:00000003 x10:0000000a
15022513ns          247127 1c0097ea 02a6d6b3 divu             x13, x13, x10       x13=00000000 x13:00000003 x10:0000000a
15023129ns          247158 1c0097ee 03060613 addi             x12, x12, 48        x12=00000033 x12:00000003
15023149ns          247159 1c0097f2 00c700ab p.sb             x12, 1(x14!)        x14=10001e4d x12:00000033 x14:10001e4c  PA:10001e4c
15023169ns          247160 1c0097f6 fe0698e3 bne              x13, x0, -16        x13:00000000
15023189ns          247161 1c0097f8 40f706b3 sub              x13, x14, x15       x13=00000001 x14:10001e4d x15:10001e4c
15023209ns          247162 1c0097fc 0146dc63 bge              x13, x20, 24        x13:00000001 x20:ffffffff
15023328ns          247168 1c009814 00e006b3 add              x13, x0, x14        x13=10001e4d x14:10001e4d
15023368ns          247170 1c009816 fe068fab p.sb             x0, -1(x13!)        x13=10001e4c x13:10001e4d  PA:10001e4d
15023388ns          247171 1c00981a 00d7fc63 bgeu             x15, x13, 24        x15:10001e4c x13:10001e4c
15023527ns          247178 1c009832 01412783 lw               x15, 20(x2)         x15=00000000  x2:10001e28  PA:10001e3c
15023567ns          247180 1c009834 01812603 lw               x12, 24(x2)         x12=00000000  x2:10001e28  PA:10001e40
15023587ns          247181 1c009836 419704b3 sub              x9, x14, x25         x9=00000001 x14:10001e4d x25:10001e4c
15023607ns          247182 1c00983a 00c7e7b3 or               x15, x15, x12       x15=00000000 x15:00000000 x12:00000000
15023626ns          247183 1c00983c 00f12623 sw               x15, 12(x2)         x15:00000000  x2:10001e28  PA:10001e34
15023666ns          247185 1c00983e 00079363 bne              x15, x0, 6          x15:00000000
15023686ns          247186 1c009840 01f5d593 srli             x11, x11, 0x1f      x11=00000000 x11:00000003
15023706ns          247187 1c009842 00b12623 sw               x11, 12(x2)         x11:00000000  x2:10001e28  PA:10001e34
15023726ns          247188 1c009844 e3fa28e3 p.beqimm         x20, -464           x20:ffffffff
15024124ns          247208 1c009674 0c800793 addi             x15, x0, 200        x15=000000c8
15024144ns          247209 1c009678 9e97d0e3 bge              x15, x9, -1568      x15:000000c8  x9:00000001
15024701ns          247237 1c009058 0f24d163 bge              x9, x18, 226         x9:00000001 x18:00000000
15024840ns          247244 1c00913a d00482e3 beq              x9, x0, -764         x9:00000001
15024860ns          247245 1c00913e 01900933 add              x18, x0, x25        x18=10001e4c x25:10001e4c
15024899ns          247247 1c009140 419d8db3 sub              x27, x27, x25       x27=efffe1de x27:0000002a x25:10001e4c
15024939ns          247249 1c009144 00a0006f jal              x0, 10             
15024999ns          247252 1c00914e 0019450b p.lbu            x10, 1(x18!)        x10=00000033 x18=10001e4d x18:10001e4c  PA:10001e4c
15025019ns          247253 1c009152 01a005b3 add              x11, x0, x26        x11=00000002 x26:00000002
15025039ns          247254 1c009154 000b00e7 jalr             x1, x22, 0           x1=1c009156 x22:1c008d5c
15025118ns          247258 1c008d5c 000026b7 lui              x13, 0x2000         x13=00002000
15025158ns          247260 1c008d5e f14027f3 csrrs            x15, x0, 0xf14      x15=00000003
15025178ns          247261 1c008d62 f8068693 addi             x13, x13, -128      x13=00001f80 x13:00002000
15025198ns          247262 1c008d66 00379713 slli             x14, x15, 0x3       x14=00000018 x15:00000003
15025218ns          247263 1c008d6a 00279793 slli             x15, x15, 0x2       x15=0000000c x15:00000003
15025238ns          247264 1c008d6c 00d7f7b3 and              x15, x15, x13       x15=00000000 x15:0000000c x13:00001f80
15025277ns          247266 1c008d6e ee873733 p.bclr           x14, x14, 23, 8     x14=00000018 x14:00000018
15025317ns          247268 1c008d72 1a10f6b7 lui              x13, 0x1a10f000     x13=1a10f000
15025337ns          247269 1c008d76 0ff57513 andi             x10, x10, 255       x10=00000033 x10:00000033
15025357ns          247270 1c008d7a 00d70733 add              x14, x14, x13       x14=1a10f018 x14:00000018 x13:1a10f000
15025377ns          247271 1c008d7c 00a7e723 p.sw             x10, x0(x15)        x10:00000033 x15:00000000  PA:1a10f018
15025854ns          247295 1c008d80 00000513 addi             x10, x0, 0          x10=00000000
15025874ns          247296 1c008d82 00008067 jalr             x0, x1, 0            x1:1c009156
15025914ns          247298 1c009156 fff48493 addi             x9, x9, -1           x9=00000000  x9:00000001
15025934ns          247299 1c009158 fff537e3 p.bneimm         x10, -18            x10:00000000
15026073ns          247306 1c009146 012d8733 add              x14, x27, x18       x14=0000002b x27:efffe1de x18:10001e4d
15026093ns          247307 1c00914a 5a048b63 beq              x9, x0, 1462         x9:00000000
15026192ns          247312 1c009700 00e00db3 add              x27, x0, x14        x27=0000002b x14:0000002b
15026232ns          247314 1c009702 f3cff06f jal              x0, -2244          
15026351ns          247320 1c008e3e 00044503 lbu              x10, 0(x8)          x10=00000029  x8:1c000051  PA:1c000051
15026650ns          247335 1c008e42 00140413 addi             x8, x8, 1            x8=1c000052  x8:1c000051
15026670ns          247336 1c008e44 00050e63 beq              x10, x0, 28         x10:00000029
15026690ns          247337 1c008e46 02500793 addi             x15, x0, 37         x15=00000025
15026709ns          247338 1c008e4a 04f50863 beq              x10, x15, 80        x10:00000029 x15:00000025
15026729ns          247339 1c008e4e 01a005b3 add              x11, x0, x26        x11=00000002 x26:00000002
15026749ns          247340 1c008e50 000b00e7 jalr             x1, x22, 0           x1=1c008e52 x22:1c008d5c
15026789ns          247342 1c008d5c 000026b7 lui              x13, 0x2000         x13=00002000
15026809ns          247343 1c008d5e f14027f3 csrrs            x15, x0, 0xf14      x15=00000003
15026829ns          247344 1c008d62 f8068693 addi             x13, x13, -128      x13=00001f80 x13:00002000
15026849ns          247345 1c008d66 00379713 slli             x14, x15, 0x3       x14=00000018 x15:00000003
15026869ns          247346 1c008d6a 00279793 slli             x15, x15, 0x2       x15=0000000c x15:00000003
15026889ns          247347 1c008d6c 00d7f7b3 and              x15, x15, x13       x15=00000000 x15:0000000c x13:00001f80
15026908ns          247348 1c008d6e ee873733 p.bclr           x14, x14, 23, 8     x14=00000018 x14:00000018
15026928ns          247349 1c008d72 1a10f6b7 lui              x13, 0x1a10f000     x13=1a10f000
15026948ns          247350 1c008d76 0ff57513 andi             x10, x10, 255       x10=00000029 x10:00000029
15026968ns          247351 1c008d7a 00d70733 add              x14, x14, x13       x14=1a10f018 x14:00000018 x13:1a10f000
15026988ns          247352 1c008d7c 00a7e723 p.sw             x10, x0(x15)        x10:00000029 x15:00000000  PA:1a10f018
15027326ns          247369 1c008d80 00000513 addi             x10, x0, 0          x10=00000000
15027346ns          247370 1c008d82 00008067 jalr             x0, x1, 0            x1:1c008e52
15027406ns          247373 1c008e52 31f52563 p.beqimm         x10, 778            x10:00000000
15027426ns          247374 1c008e56 001d8d93 addi             x27, x27, 1         x27=0000002c x27:0000002b
15027445ns          247375 1c008e58 00044503 lbu              x10, 0(x8)          x10=0000000a  x8:1c000052  PA:1c000052
15027744ns          247390 1c008e5c 00140413 addi             x8, x8, 1            x8=1c000053  x8:1c000052
15027764ns          247391 1c008e5e fe0514e3 bne              x10, x0, -24        x10:0000000a
15027843ns          247395 1c008e46 02500793 addi             x15, x0, 37         x15=00000025
15027863ns          247396 1c008e4a 04f50863 beq              x10, x15, 80        x10:0000000a x15:00000025
15027883ns          247397 1c008e4e 01a005b3 add              x11, x0, x26        x11=00000002 x26:00000002
15027903ns          247398 1c008e50 000b00e7 jalr             x1, x22, 0           x1=1c008e52 x22:1c008d5c
15027943ns          247400 1c008d5c 000026b7 lui              x13, 0x2000         x13=00002000
15027963ns          247401 1c008d5e f14027f3 csrrs            x15, x0, 0xf14      x15=00000003
15027982ns          247402 1c008d62 f8068693 addi             x13, x13, -128      x13=00001f80 x13:00002000
15028002ns          247403 1c008d66 00379713 slli             x14, x15, 0x3       x14=00000018 x15:00000003
15028022ns          247404 1c008d6a 00279793 slli             x15, x15, 0x2       x15=0000000c x15:00000003
15028042ns          247405 1c008d6c 00d7f7b3 and              x15, x15, x13       x15=00000000 x15:0000000c x13:00001f80
15028062ns          247406 1c008d6e ee873733 p.bclr           x14, x14, 23, 8     x14=00000018 x14:00000018
15028082ns          247407 1c008d72 1a10f6b7 lui              x13, 0x1a10f000     x13=1a10f000
15028102ns          247408 1c008d76 0ff57513 andi             x10, x10, 255       x10=0000000a x10:0000000a
15028122ns          247409 1c008d7a 00d70733 add              x14, x14, x13       x14=1a10f018 x14:00000018 x13:1a10f000
15028142ns          247410 1c008d7c 00a7e723 p.sw             x10, x0(x15)        x10:0000000a x15:00000000  PA:1a10f018
15028460ns          247426 1c008d80 00000513 addi             x10, x0, 0          x10=00000000
15028480ns          247427 1c008d82 00008067 jalr             x0, x1, 0            x1:1c008e52
15028539ns          247430 1c008e52 31f52563 p.beqimm         x10, 778            x10:00000000
15028559ns          247431 1c008e56 001d8d93 addi             x27, x27, 1         x27=0000002d x27:0000002c
15028579ns          247432 1c008e58 00044503 lbu              x10, 0(x8)          x10=00000000  x8:1c000053  PA:1c000053
15028878ns          247447 1c008e5c 00140413 addi             x8, x8, 1            x8=1c000054  x8:1c000053
15028897ns          247448 1c008e5e fe0514e3 bne              x10, x0, -24        x10:00000000
15028917ns          247449 1c008e60 01b00433 add              x8, x0, x27          x8=0000002d x27:0000002d
15028937ns          247450 1c008e62 00800533 add              x10, x0, x8         x10=0000002d  x8:0000002d
15028957ns          247451 1c008e64 12c12083 lw               x1, 300(x2)          x1=1c008df0  x2:10001e28  PA:10001f54
15028977ns          247452 1c008e68 12812403 lw               x8, 296(x2)          x8=00000003  x2:10001e28  PA:10001f50
15028997ns          247453 1c008e6c 12412483 lw               x9, 292(x2)          x9=xxxxxxxx  x2:10001e28  PA:10001f4c
15029295ns          247468 1c008e70 12012903 lw               x18, 288(x2)        x18=xxxxxxxx  x2:10001e28  PA:10001f48
15029335ns          247470 1c008e74 11c12983 lw               x19, 284(x2)        x19=xxxxxxxx  x2:10001e28  PA:10001f44
15029355ns          247471 1c008e78 11812a03 lw               x20, 280(x2)        x20=xxxxxxxx  x2:10001e28  PA:10001f40
15029375ns          247472 1c008e7c 11412a83 lw               x21, 276(x2)        x21=xxxxxxxx  x2:10001e28  PA:10001f3c
15029812ns          247494 1c008e80 11012b03 lw               x22, 272(x2)        x22=xxxxxxxx  x2:10001e28  PA:10001f38
15029852ns          247496 1c008e84 10c12b83 lw               x23, 268(x2)        x23=xxxxxxxx  x2:10001e28  PA:10001f34
15029872ns          247497 1c008e88 10812c03 lw               x24, 264(x2)        x24=xxxxxxxx  x2:10001e28  PA:10001f30
15029892ns          247498 1c008e8c 10412c83 lw               x25, 260(x2)        x25=xxxxxxxx  x2:10001e28  PA:10001f2c
15029952ns          247501 1c008e90 10012d03 lw               x26, 256(x2)        x26=xxxxxxxx  x2:10001e28  PA:10001f28
15029991ns          247503 1c008e94 0fc12d83 lw               x27, 252(x2)        x27=xxxxxxxx  x2:10001e28  PA:10001f24
15030011ns          247504 1c008e96 13010113 addi             x2, x2, 304          x2=10001f58  x2:10001e28
15030031ns          247505 1c008e98 00008067 jalr             x0, x1, 0            x1:1c008df0
15030111ns          247509 1c008df0 01c12083 lw               x1, 28(x2)           x1=1c008176  x2:10001f58  PA:10001f74
15030131ns          247510 1c008df2 04010113 addi             x2, x2, 64           x2=10001f98  x2:10001f58
15030170ns          247512 1c008df4 00008067 jalr             x0, x1, 0            x1:1c008176
15030250ns          247516 1c008176 00300793 addi             x15, x0, 3          x15=00000003
15030290ns          247518 1c008178 0087f463 bgeu             x15, x8, 8          x15:00000003  x8:00000003
15030787ns          247543 1c008180 7ff010ef jal              x1, 8190             x1=1c008184
15031702ns          247589 1c00a17e f14027f3 csrrs            x15, x0, 0xf14      x15=00000003
15031722ns          247590 1c00a182 01f00713 addi             x14, x0, 31         x14=0000001f
15031742ns          247591 1c00a184 ca5797b3 p.extractu       x15, x15, 5, 5      x15=00000000 x15:00000003
15031762ns          247592 1c00a188 00e78863 beq              x15, x14, 16        x15:00000000 x14:0000001f
15031782ns          247593 1c00a18c 002047b7 lui              x15, 0x204000       x15=00204000
15032219ns          247615 1c00a190 20078793 addi             x15, x15, 512       x15=00204200 x15:00204000
15032259ns          247617 1c00a194 01c7e703 p.elw            x14, 28(x15)        x14=00010000 x15:00204200  PA:0020421c
15032378ns          247623 1c00a198 00008067 jalr             x0, x1, 0            x1:1c008184
15032796ns          247644 1c008184 f14027f3 csrrs            x15, x0, 0xf14      x15=00000003
15032816ns          247645 1c008188 f457b7b3 p.bclr           x15, x15, 26, 5     x15=00000003 x15:00000003
15032836ns          247646 1c00818c 4a078d63 beq              x15, x0, 1210       x15:00000003
15033273ns          247668 1c008190 00a00793 addi             x15, x0, 10         x15=0000000a
15033313ns          247670 1c008192 02f407b3 mul              x15, x8, x15        x15=0000001e  x8:00000003 x15:0000000a
15033333ns          247671 1c008196 1c010937 lui              x18, 0x1c010000     x18=1c010000
15033353ns          247672 1c00819a 00090913 addi             x18, x18, 0         x18=1c010000 x18:1c010000
15033791ns          247694 1c00819e 00279713 slli             x14, x15, 0x2       x14=00000078 x15:0000001e
15033830ns          247696 1c0081a2 00178a13 addi             x20, x15, 1         x20=0000001f x15:0000001e
15033850ns          247697 1c0081a6 00278993 addi             x19, x15, 2         x19=00000020 x15:0000001e
15033870ns          247698 1c0081aa 00378093 addi             x1, x15, 3           x1=00000021 x15:0000001e
15034308ns          247720 1c0081ae 00478393 addi             x7, x15, 4           x7=00000022 x15:0000001e
15034348ns          247722 1c0081b2 00578293 addi             x5, x15, 5           x5=00000023 x15:0000001e
15034367ns          247723 1c0081b6 00678f93 addi             x31, x15, 6         x31=00000024 x15:0000001e
15034387ns          247724 1c0081ba 00778f13 addi             x30, x15, 7         x30=00000025 x15:0000001e
15034825ns          247746 1c0081be 00878e93 addi             x29, x15, 8         x29=00000026 x15:0000001e
15034865ns          247748 1c0081c2 00978e13 addi             x28, x15, 9         x28=00000027 x15:0000001e
15034885ns          247749 1c0081c6 00241493 slli             x9, x8, 0x2          x9=0000000c  x8:00000003
15034904ns          247750 1c0081ca 06400793 addi             x15, x0, 100        x15=00000064
15034924ns          247751 1c0081ce 002a1a13 slli             x20, x20, 0x2       x20=0000007c x20:0000001f
15035362ns          247773 1c0081d0 00299993 slli             x19, x19, 0x2       x19=00000080 x19:00000020
15035382ns          247774 1c0081d2 00209093 slli             x1, x1, 0x2          x1=00000084  x1:00000021
15035402ns          247775 1c0081d4 00239393 slli             x7, x7, 0x2          x7=00000088  x7:00000022
15035422ns          247776 1c0081d6 00229293 slli             x5, x5, 0x2          x5=0000008c  x5:00000023
15035442ns          247777 1c0081d8 002f9f93 slli             x31, x31, 0x2       x31=00000090 x31:00000024
15035461ns          247778 1c0081da 002f1f13 slli             x30, x30, 0x2       x30=00000094 x30:00000025
15035481ns          247779 1c0081dc 002e9e93 slli             x29, x29, 0x2       x29=00000098 x29:00000026
15035501ns          247780 1c0081de 002e1e13 slli             x28, x28, 0x2       x28=0000009c x28:00000027
15035879ns          247799 1c0081e0 00990633 add              x12, x18, x9        x12=1c01000c x18:1c010000  x9:0000000c
15035919ns          247801 1c0081e4 02f407b3 mul              x15, x8, x15        x15=0000012c  x8:00000003 x15:00000064
15035939ns          247802 1c0081e8 0b090693 addi             x13, x18, 176       x13=1c0100b0 x18:1c010000
15035959ns          247803 1c0081ec 00279793 slli             x15, x15, 0x2       x15=000004b0 x15:0000012c
15036396ns          247825 1c0081ee 6f090893 addi             x17, x18, 1776      x17=1c0106f0 x18:1c010000
15036436ns          247827 1c0081f2 20e97b83 lw               x23, x14(x18)       x23=40241ce6 x14:00000078 x18:1c010000  PA:1c010078
15036734ns          247842 1c0081f6 21497a03 lw               x20, x20(x18)       x20=4100e73b x20:0000007c x18:1c010000  PA:1c01007c
15037033ns          247857 1c0081fa 21397983 lw               x19, x19(x18)       x19=400ac953 x19:00000080 x18:1c010000  PA:1c010080
15037331ns          247872 1c0081fe 20197083 lw               x1, x1(x18)          x1=40762808  x1:00000084 x18:1c010000  PA:1c010084
15037630ns          247887 1c008202 20797383 lw               x7, x7(x18)          x7=3fb2a6a6  x7:00000088 x18:1c010000  PA:1c010088
15037948ns          247903 1c008206 20597283 lw               x5, x5(x18)          x5=3f13cc0b  x5:0000008c x18:1c010000  PA:1c01008c
15038246ns          247918 1c00820a 21f97f83 lw               x31, x31(x18)       x31=40b9630b x31:00000090 x18:1c010000  PA:1c010090
15038544ns          247933 1c00820e 21e97f03 lw               x30, x30(x18)       x30=41151f0b x30:00000094 x18:1c010000  PA:1c010094
15038843ns          247948 1c008212 21d97e83 lw               x29, x29(x18)       x29=40fb04ba x29:00000098 x18:1c010000  PA:1c010098
15039141ns          247963 1c008216 21c97e03 lw               x28, x28(x18)       x28=40b3e0fc x28:0000009c x18:1c010000  PA:1c01009c
15039440ns          247978 1c00821a 0a062b03 lw               x22, 160(x12)       x22=408c686f x12:1c01000c  PA:1c0100ac
15039738ns          247993 1c00821e 00d787b3 add              x15, x15, x13       x15=1c010560 x15:000004b0 x13:1c0100b0
15039758ns          247994 1c008220 00e888b3 add              x17, x17, x14       x17=1c010768 x17:1c0106f0 x14:00000078
15039778ns          247995 1c008222 00810313 addi             x6, x2, 8            x6=10001fa0  x2:10001f98
15039798ns          247996 1c008226 00000a93 addi             x21, x0, 0          x21=00000000
15039817ns          247997 1c00822a 00a00813 addi             x16, x0, 10         x16=0000000a
15039837ns          247998 1c00822c 02c840fb lp.setup         0x1, x16, 0x2c      x16:0000000a
15040255ns          248019 1c008230 0047ac0b p.lw             x24, 4(x15!)        x24=3fb18288 x15=1c010564 x15:1c010560  PA:1c010560
15040593ns          248036 1c008234 0048a70b p.lw             x14, 4(x17!)        x14=40d8f36b x17=1c01076c x17:1c010768  PA:1c010768
15040892ns          248051 1c008238 a97c76c3 fmadd.s          f13, f24, f23, f21  f13=xxxxxxxx f24:3fb18288 f23:40241ce6 f21:00000000
15040911ns          248052 1c00823c 0247ac03 lw               x24, 36(x15)        x24=3fc9f02f x15:1c010564  PA:1c010588
15041210ns          248067 1c008240 04c7a603 lw               x12, 76(x15)        x12=410ea2f2 x15:1c010564  PA:1c0105b0
15041508ns          248082 1c008242 694c7c43 fmadd.s          f24, f24, f20, f13  f24=xxxxxxxx f24:3fc9f02f f20:4100e73b f13:40639752
15041528ns          248083 1c008246 0747a683 lw               x13, 116(x15)       x13=4024be0c x15:1c010564  PA:1c0105d8
15041826ns          248098 1c008248 09c7ac83 lw               x25, 156(x15)       x25=40270eb4 x15:1c010564  PA:1c010600
15042125ns          248113 1c00824c c1367643 fmadd.s          f12, f12, f19, f24  f12=xxxxxxxx f12:410ea2f2 f19:400ac953 f24:41822168
15042145ns          248114 1c008250 0c47ac03 lw               x24, 196(x15)       x24=400007ea x15:1c010564  PA:1c010628
15042562ns          248135 1c008254 0ec7a503 lw               x10, 236(x15)       x10=40c070ab x15:1c010564  PA:1c010650
15042861ns          248150 1c008258 6016f6c3 fmadd.s          f13, f13, f1, f12   f13=xxxxxxxx f13:4024be0c  f1:40762808 f12:420e64b7
15042881ns          248151 1c00825c 1147a583 lw               x11, 276(x15)       x11=401de6b8 x15:1c010564  PA:1c010678
15043219ns          248168 1c008260 13c7a603 lw               x12, 316(x15)       x12=4093f83b x15:1c010564  PA:1c0106a0
15043517ns          248183 1c008264 687cfcc3 fmadd.s          f25, f25, f7, f13   f25=xxxxxxxx f25:40270eb4  f7:3fb2a6a6 f13:4235fed0
15043537ns          248184 1c008268 1647a683 lw               x13, 356(x15)       x13=40cb14e5 x15:1c010564  PA:1c0106c8
15043835ns          248199 1c00826c c85c7c43 fmadd.s          f24, f24, f5, f25   f24=xxxxxxxx f24:400007ea  f5:3f13cc0b f25:4244916f
15043855ns          248200 1c008270 c1f57543 fmadd.s          f10, f10, f31, f24  f10=xxxxxxxx f10:40c070ab f31:40b9630b f24:42493018
15043875ns          248201 1c008274 51e5f5c3 fmadd.s          f11, f11, f30, f10  f11=xxxxxxxx f11:401de6b8 f30:41151f0b f10:42aa45fc
15043895ns          248202 1c008278 59d67643 fmadd.s          f12, f12, f29, f11  f12=xxxxxxxx f12:4093f83b f29:40fb04ba f11:42d84333
15043915ns          248203 1c00827c 61c6f6c3 fmadd.s          f13, f13, f28, f12  f13=xxxxxxxx f13:40cb14e5 f28:40b3e0fc f12:43106761
15044174ns          248216 1c008280 68eb7743 fmadd.s          f14, f22, f14, f13  f14=xxxxxxxx f22:408c686f f14:40d8f36b f13:433413e7
15044213ns          248218 1c008284 00e3222b p.sw             x14, 4(x6!)          x6=10001fa4 x14:4351d34f  x6:10001fa0  PA:10001fa0
15044233ns          248219 1c008230 0047ac0b p.lw             x24, 4(x15!)        x24=3fe9f66f x15=1c010568 x15:1c010564  PA:1c010564
15044551ns          248235 1c008234 0048a70b p.lw             x14, 4(x17!)        x14=40dc012e x17=1c010770 x17:1c01076c  PA:1c01076c
15044850ns          248250 1c008238 a97c76c3 fmadd.s          f13, f24, f23, f21  f13=xxxxxxxx f24:3fe9f66f f23:40241ce6 f21:00000000
15044870ns          248251 1c00823c 0247ac03 lw               x24, 36(x15)        x24=4002db60 x15:1c010568  PA:1c01058c
15045168ns          248266 1c008240 04c7a603 lw               x12, 76(x15)        x12=402cd288 x15:1c010568  PA:1c0105b4
15045466ns          248281 1c008242 694c7c43 fmadd.s          f24, f24, f20, f13  f24=xxxxxxxx f24:4002db60 f20:4100e73b f13:4095fc48
15045486ns          248282 1c008246 0747a683 lw               x13, 116(x15)       x13=4045312c x15:1c010568  PA:1c0105dc
15045785ns          248297 1c008248 09c7ac83 lw               x25, 156(x15)       x25=404f04ff x15:1c010568  PA:1c010604
15046083ns          248312 1c00824c c1367643 fmadd.s          f12, f12, f19, f24  f12=xxxxxxxx f12:402cd288 f19:400ac953 f24:41a946d6
15046103ns          248313 1c008250 0c47ac03 lw               x24, 196(x15)       x24=41150823 x15:1c010568  PA:1c01062c
15046401ns          248328 1c008254 0ec7a503 lw               x10, 236(x15)       x10=3fef61d1 x15:1c010568  PA:1c010654
15046700ns          248343 1c008258 6016f6c3 fmadd.s          f13, f13, f1, f12   f13=xxxxxxxx f13:4045312c  f1:40762808 f12:41d81f89
15046720ns          248344 1c00825c 1147a583 lw               x11, 276(x15)       x11=3fd3abfe x15:1c010568  PA:1c01067c
15047018ns          248359 1c008260 13c7a603 lw               x12, 316(x15)       x12=4038c415 x15:1c010568  PA:1c0106a4
15047316ns          248374 1c008264 687cfcc3 fmadd.s          f25, f25, f7, f13   f25=xxxxxxxx f25:404f04ff  f7:3fb2a6a6 f13:421b76ca
15047336ns          248375 1c008268 1647a683 lw               x13, 356(x15)       x13=401a6804 x15:1c010568  PA:1c0106cc
15047635ns          248390 1c00826c c85c7c43 fmadd.s          f24, f24, f5, f25   f24=xxxxxxxx f24:41150823  f5:3f13cc0b f25:422d85d2
15047654ns          248391 1c008270 c1f57543 fmadd.s          f10, f10, f31, f24  f10=xxxxxxxx f10:3fef61d1 f31:40b9630b f24:4243086f
15047674ns          248392 1c008274 51e5f5c3 fmadd.s          f11, f11, f30, f10  f11=xxxxxxxx f11:3fd3abfe f30:41151f0b f10:426e5f02
15047694ns          248393 1c008278 59d67643 fmadd.s          f12, f12, f29, f11  f12=xxxxxxxx f12:4038c415 f29:40fb04ba f11:429602b2
15047714ns          248394 1c00827c 61c6f6c3 fmadd.s          f13, f13, f28, f12  f13=xxxxxxxx f13:401a6804 f28:40b3e0fc f12:42c34d9c
15047734ns          248395 1c008280 68eb7743 fmadd.s          f14, f22, f14, f13  f14=xxxxxxxx f22:408c686f f14:40dc012e f13:42de6d37
15047754ns          248396 1c008284 00e3222b p.sw             x14, 4(x6!)          x6=10001fa8 x14:430d6135  x6:10001fa4  PA:10001fa4
15047774ns          248397 1c008230 0047ac0b p.lw             x24, 4(x15!)        x24=411240c4 x15=1c01056c x15:1c010568  PA:1c010568
15048072ns          248412 1c008234 0048a70b p.lw             x14, 4(x17!)        x14=407d3d67 x17=1c010774 x17:1c010770  PA:1c010770
15048371ns          248427 1c008238 a97c76c3 fmadd.s          f13, f24, f23, f21  f13=xxxxxxxx f24:411240c4 f23:40241ce6 f21:00000000
15048390ns          248428 1c00823c 0247ac03 lw               x24, 36(x15)        x24=40e4b105 x15:1c01056c  PA:1c010590
15048689ns          248443 1c008240 04c7a603 lw               x12, 76(x15)        x12=40d8320f x15:1c01056c  PA:1c0105b8
15048987ns          248458 1c008242 694c7c43 fmadd.s          f24, f24, f20, f13  f24=xxxxxxxx f24:40e4b105 f20:4100e73b f13:41bb8400
15049007ns          248459 1c008246 0747a683 lw               x13, 116(x15)       x13=40b93a18 x15:1c01056c  PA:1c0105e0
15049305ns          248474 1c008248 09c7ac83 lw               x25, 156(x15)       x25=3fdc9bd4 x15:1c01056c  PA:1c010608
15049604ns          248489 1c00824c c1367643 fmadd.s          f12, f12, f19, f24  f12=xxxxxxxx f12:40d8320f f19:400ac953 f24:42a20813
15049624ns          248490 1c008250 0c47ac03 lw               x24, 196(x15)       x24=4095b6f0 x15:1c01056c  PA:1c010630
15049942ns          248506 1c008254 0ec7a503 lw               x10, 236(x15)       x10=3ed276a3 x15:1c01056c  PA:1c010658
15050240ns          248521 1c008258 6016f6c3 fmadd.s          f13, f13, f1, f12   f13=xxxxxxxx f13:40b93a18  f1:40762808 f12:42bf5553
15050260ns          248522 1c00825c 1147a583 lw               x11, 276(x15)       x11=4115e244 x15:1c01056c  PA:1c010680
15050558ns          248537 1c008260 13c7a603 lw               x12, 316(x15)       x12=40c1899b x15:1c01056c  PA:1c0106a8
15050857ns          248552 1c008264 687cfcc3 fmadd.s          f25, f25, f7, f13   f25=xxxxxxxx f25:3fdc9bd4  f7:3fb2a6a6 f13:42ebdc05
15050877ns          248553 1c008268 1647a683 lw               x13, 356(x15)       x13=3eda2ad5 x15:1c01056c  PA:1c0106d0
15051195ns          248569 1c00826c c85c7c43 fmadd.s          f24, f24, f5, f25   f24=xxxxxxxx f24:4095b6f0  f5:3f13cc0b f25:42f0aba5
15051215ns          248570 1c008270 c1f57543 fmadd.s          f10, f10, f31, f24  f10=xxxxxxxx f10:3ed276a3 f31:40b9630b f24:42f6129b
15051235ns          248571 1c008274 51e5f5c3 fmadd.s          f11, f11, f30, f10  f11=xxxxxxxx f11:4115e244 f30:41151f0b f10:42fad5e4
15051255ns          248572 1c008278 59d67643 fmadd.s          f12, f12, f29, f11  f12=xxxxxxxx f12:40c1899b f29:40fb04ba f11:4354b9d0
15051275ns          248573 1c00827c 61c6f6c3 fmadd.s          f13, f13, f28, f12  f13=xxxxxxxx f13:3eda2ad5 f28:40b3e0fc f12:43821598
15051294ns          248574 1c008280 68eb7743 fmadd.s          f14, f22, f14, f13  f14=xxxxxxxx f22:408c686f f14:407d3d67 f13:4383482f
15051314ns          248575 1c008284 00e3222b p.sw             x14, 4(x6!)          x6=10001fac x14:438bf67d  x6:10001fa8  PA:10001fa8
15051334ns          248576 1c008230 0047ac0b p.lw             x24, 4(x15!)        x24=40f9eb48 x15=1c010570 x15:1c01056c  PA:1c01056c
15051633ns          248591 1c008234 0048a70b p.lw             x14, 4(x17!)        x14=4081f3e1 x17=1c010778 x17:1c010774  PA:1c010774
15051931ns          248606 1c008238 a97c76c3 fmadd.s          f13, f24, f23, f21  f13=xxxxxxxx f24:40f9eb48 f23:40241ce6 f21:00000000
15051951ns          248607 1c00823c 0247ac03 lw               x24, 36(x15)        x24=3fcd792a x15:1c010570  PA:1c010594
15052249ns          248622 1c008240 04c7a603 lw               x12, 76(x15)        x12=40e89946 x15:1c010570  PA:1c0105bc
15052567ns          248638 1c008242 694c7c43 fmadd.s          f24, f24, f20, f13  f24=xxxxxxxx f24:3fcd792a f20:4100e73b f13:41a036f0
15052587ns          248639 1c008246 0747a683 lw               x13, 116(x15)       x13=41038a92 x15:1c010570  PA:1c0105e4
15052886ns          248654 1c008248 09c7ac83 lw               x25, 156(x15)       x25=40be920c x15:1c010570  PA:1c01060c
15053184ns          248669 1c00824c c1367643 fmadd.s          f12, f12, f19, f24  f12=xxxxxxxx f12:40e89946 f19:400ac953 f24:4203d68e
15053204ns          248670 1c008250 0c47ac03 lw               x24, 196(x15)       x24=409c8703 x15:1c010570  PA:1c010634
15053502ns          248685 1c008254 0ec7a503 lw               x10, 236(x15)       x10=407061b2 x15:1c010570  PA:1c01065c
15053801ns          248700 1c008258 6016f6c3 fmadd.s          f13, f13, f1, f12   f13=xxxxxxxx f13:41038a92  f1:40762808 f12:4242e354
15053821ns          248701 1c00825c 1147a583 lw               x11, 276(x15)       x11=41023daa x15:1c010570  PA:1c010684
15054119ns          248716 1c008260 13c7a603 lw               x12, 316(x15)       x12=40d6926a x15:1c010570  PA:1c0106ac
15054417ns          248731 1c008264 687cfcc3 fmadd.s          f25, f25, f7, f13   f25=xxxxxxxx f25:40be920c  f7:3fb2a6a6 f13:42a0af87
15054437ns          248732 1c008268 1647a683 lw               x13, 356(x15)       x13=3fb5934c x15:1c010570  PA:1c0106d4
15054736ns          248747 1c00826c c85c7c43 fmadd.s          f24, f24, f5, f25   f24=xxxxxxxx f24:409c8703  f5:3f13cc0b f25:42b14f3a
15054755ns          248748 1c008270 c1f57543 fmadd.s          f10, f10, f31, f24  f10=xxxxxxxx f10:407061b2 f31:40b9630b f24:42b6f51f
15054775ns          248749 1c008274 51e5f5c3 fmadd.s          f11, f11, f30, f10  f11=xxxxxxxx f11:41023daa f30:41151f0b f10:42e27a05
15054795ns          248750 1c008278 59d67643 fmadd.s          f12, f12, f29, f11  f12=xxxxxxxx f12:40d6926a f29:40fb04ba f11:433d1ab2
15054815ns          248751 1c00827c 61c6f6c3 fmadd.s          f13, f13, f28, f12  f13=xxxxxxxx f13:3fb5934c f28:40b3e0fc f12:4371b413
15054835ns          248752 1c008280 68eb7743 fmadd.s          f14, f22, f14, f13  f14=xxxxxxxx f22:408c686f f14:4081f3e1 f13:4379ad6c
15054855ns          248753 1c008284 00e3222b p.sw             x14, 4(x6!)          x6=10001fb0 x14:4385bf82  x6:10001fac  PA:10001fac
15054875ns          248754 1c008230 0047ac0b p.lw             x24, 4(x15!)        x24=4095d861 x15=1c010574 x15:1c010570  PA:1c010570
15055193ns          248770 1c008234 0048a70b p.lw             x14, 4(x17!)        x14=40fc9b83 x17=1c01077c x17:1c010778  PA:1c010778
15055491ns          248785 1c008238 a97c76c3 fmadd.s          f13, f24, f23, f21  f13=xxxxxxxx f24:4095d861 f23:40241ce6 f21:00000000
15055511ns          248786 1c00823c 0247ac03 lw               x24, 36(x15)        x24=4053d6e7 x15:1c010574  PA:1c010598
15055810ns          248801 1c008240 04c7a603 lw               x12, 76(x15)        x12=40c1af63 x15:1c010574  PA:1c0105c0
15056108ns          248816 1c008242 694c7c43 fmadd.s          f24, f24, f20, f13  f24=xxxxxxxx f24:4053d6e7 f20:4100e73b f13:41401f11
15056128ns          248817 1c008246 0747a683 lw               x13, 116(x15)       x13=409d2afa x15:1c010574  PA:1c0105e8
15056426ns          248832 1c008248 09c7ac83 lw               x25, 156(x15)       x25=404a9972 x15:1c010574  PA:1c010610
15056725ns          248847 1c00824c c1367643 fmadd.s          f12, f12, f19, f24  f12=xxxxxxxx f12:40c1af63 f19:400ac953 f24:421ab28f
15056745ns          248848 1c008250 0c47ac03 lw               x24, 196(x15)       x24=4112f119 x15:1c010574  PA:1c010638
15057043ns          248863 1c008254 0ec7a503 lw               x10, 236(x15)       x10=406e2ea9 x15:1c010574  PA:1c010660
15057341ns          248878 1c008258 6016f6c3 fmadd.s          f13, f13, f1, f12   f13=xxxxxxxx f13:409d2afa  f1:40762808 f12:424f32fd
15057361ns          248879 1c00825c 1147a583 lw               x11, 276(x15)       x11=409d30b0 x15:1c010574  PA:1c010688
15057659ns          248894 1c008260 13c7a603 lw               x12, 316(x15)       x12=40b2c283 x15:1c010574  PA:1c0106b0
15057978ns          248910 1c008264 687cfcc3 fmadd.s          f25, f25, f7, f13   f25=xxxxxxxx f25:404a9972  f7:3fb2a6a6 f13:428d6176
15057998ns          248911 1c008268 1647a683 lw               x13, 356(x15)       x13=40ba09c0 x15:1c010574  PA:1c0106d8
15058296ns          248926 1c00826c c85c7c43 fmadd.s          f24, f24, f5, f25   f24=xxxxxxxx f24:4112f119  f5:3f13cc0b f25:4296379f
15058316ns          248927 1c008270 c1f57543 fmadd.s          f10, f10, f31, f24  f10=xxxxxxxx f10:406e2ea9 f31:40b9630b f24:42a0d251
15058336ns          248928 1c008274 51e5f5c3 fmadd.s          f11, f11, f30, f10  f11=xxxxxxxx f11:409d30b0 f30:41151f0b f10:42cbf149
15058356ns          248929 1c008278 59d67643 fmadd.s          f12, f12, f29, f11  f12=xxxxxxxx f12:40b2c283 f29:40fb04ba f11:4313c0d8
15058376ns          248930 1c00827c 61c6f6c3 fmadd.s          f13, f13, f28, f12  f13=xxxxxxxx f13:40ba09c0 f28:40b3e0fc f12:433f92d9
15058395ns          248931 1c008280 68eb7743 fmadd.s          f14, f22, f14, f13  f14=xxxxxxxx f22:408c686f f14:40fc9b83 f13:436040ed
15058415ns          248932 1c008284 00e3222b p.sw             x14, 4(x6!)          x6=10001fb4 x14:438171fa  x6:10001fb0  PA:10001fb0
15058435ns          248933 1c008230 0047ac0b p.lw             x24, 4(x15!)        x24=40068df4 x15=1c010578 x15:1c010574  PA:1c010574
15058734ns          248948 1c008234 0048a70b p.lw             x14, 4(x17!)        x14=41146874 x17=1c010780 x17:1c01077c  PA:1c01077c
15059032ns          248963 1c008238 a97c76c3 fmadd.s          f13, f24, f23, f21  f13=xxxxxxxx f24:40068df4 f23:40241ce6 f21:00000000
15059052ns          248964 1c00823c 0247ac03 lw               x24, 36(x15)        x24=40c412fa x15:1c010578  PA:1c01059c
15059350ns          248979 1c008240 04c7a603 lw               x12, 76(x15)        x12=3fcffa49 x15:1c010578  PA:1c0105c4
15059649ns          248994 1c008242 694c7c43 fmadd.s          f24, f24, f20, f13  f24=xxxxxxxx f24:40c412fa f20:4100e73b f13:40ac8441
15059668ns          248995 1c008246 0747a683 lw               x13, 116(x15)       x13=4099c0cb x15:1c010578  PA:1c0105ec
15059967ns          249010 1c008248 09c7ac83 lw               x25, 156(x15)       x25=40e57ca1 x15:1c010578  PA:1c010614
15060265ns          249025 1c00824c c1367643 fmadd.s          f12, f12, f19, f24  f12=xxxxxxxx f12:3fcffa49 f19:400ac953 f24:425b05b7
15060285ns          249026 1c008250 0c47ac03 lw               x24, 196(x15)       x24=41118d03 x15:1c010578  PA:1c01063c
15060603ns          249042 1c008254 0ec7a503 lw               x10, 236(x15)       x10=40fa7647 x15:1c010578  PA:1c010664
15060902ns          249057 1c008258 6016f6c3 fmadd.s          f13, f13, f1, f12   f13=xxxxxxxx f13:4099c0cb  f1:40762808 f12:42691dc6
15060922ns          249058 1c00825c 1147a583 lw               x11, 276(x15)       x11=411fb881 x15:1c010578  PA:1c01068c
15061220ns          249073 1c008260 13c7a603 lw               x12, 316(x15)       x12=40654f5e x15:1c010578  PA:1c0106b4
15061518ns          249088 1c008264 687cfcc3 fmadd.s          f25, f25, f7, f13   f25=xxxxxxxx f25:40e57ca1  f7:3fb2a6a6 f13:429984b6
15061538ns          249089 1c008268 1647a683 lw               x13, 356(x15)       x13=40015aec x15:1c010578  PA:1c0106dc
15061856ns          249105 1c00826c c85c7c43 fmadd.s          f24, f24, f5, f25   f24=xxxxxxxx f24:41118d03  f5:3f13cc0b f25:42ad8977
15061876ns          249106 1c008270 c1f57543 fmadd.s          f10, f10, f31, f24  f10=xxxxxxxx f10:40fa7647 f31:40b9630b f24:42b80a76
15061896ns          249107 1c008274 51e5f5c3 fmadd.s          f11, f11, f30, f10  f11=xxxxxxxx f11:411fb881 f30:41151f0b f10:43095d53
15061916ns          249108 1c008278 59d67643 fmadd.s          f12, f12, f29, f11  f12=xxxxxxxx f12:40654f5e f29:40fb04ba f11:43666714
15061936ns          249109 1c00827c 61c6f6c3 fmadd.s          f13, f13, f28, f12  f13=xxxxxxxx f13:40015aec f28:40b3e0fc f12:4381411b
15061956ns          249110 1c008280 68eb7743 fmadd.s          f14, f22, f14, f13  f14=xxxxxxxx f22:408c686f f14:41146874 f13:4386ef5f
15061976ns          249111 1c008284 00e3222b p.sw             x14, 4(x6!)          x6=10001fb8 x14:439b48ca  x6:10001fb4  PA:10001fb4
15061996ns          249112 1c008230 0047ac0b p.lw             x24, 4(x15!)        x24=40b790e2 x15=1c01057c x15:1c010578  PA:1c010578
15062294ns          249127 1c008234 0048a70b p.lw             x14, 4(x17!)        x14=411db40e x17=1c010784 x17:1c010780  PA:1c010780
15062592ns          249142 1c008238 a97c76c3 fmadd.s          f13, f24, f23, f21  f13=xxxxxxxx f24:40b790e2 f23:40241ce6 f21:00000000
15062612ns          249143 1c00823c 0247ac03 lw               x24, 36(x15)        x24=3ff71b6e x15:1c01057c  PA:1c0105a0
15062911ns          249158 1c008240 04c7a603 lw               x12, 76(x15)        x12=4094db01 x15:1c01057c  PA:1c0105c8
15063229ns          249174 1c008242 694c7c43 fmadd.s          f24, f24, f20, f13  f24=xxxxxxxx f24:3ff71b6e f20:4100e73b f13:416b5b13
15063249ns          249175 1c008246 0747a683 lw               x13, 116(x15)       x13=4059d725 x15:1c01057c  PA:1c0105f0
15063547ns          249190 1c008248 09c7ac83 lw               x25, 156(x15)       x25=3fbdff98 x15:1c01057c  PA:1c010618
15063846ns          249205 1c00824c c1367643 fmadd.s          f12, f12, f19, f24  f12=xxxxxxxx f12:4094db01 f19:400ac953 f24:41f21a73
15063865ns          249206 1c008250 0c47ac03 lw               x24, 196(x15)       x24=4100665a x15:1c01057c  PA:1c010640
15064164ns          249221 1c008254 0ec7a503 lw               x10, 236(x15)       x10=40bd9ed8 x15:1c01057c  PA:1c010668
15064462ns          249236 1c008258 6016f6c3 fmadd.s          f13, f13, f1, f12   f13=xxxxxxxx f13:4059d725  f1:40762808 f12:422166c9
15064482ns          249237 1c00825c 1147a583 lw               x11, 276(x15)       x11=4015682d x15:1c01057c  PA:1c010690
15064780ns          249252 1c008260 13c7a603 lw               x12, 316(x15)       x12=3dd2e667 x15:1c01057c  PA:1c0106b8
15065079ns          249267 1c008264 687cfcc3 fmadd.s          f25, f25, f7, f13   f25=xxxxxxxx f25:3fbdff98  f7:3fb2a6a6 f13:4255c47c
15065099ns          249268 1c008268 1647a683 lw               x13, 356(x15)       x13=40d18ed5 x15:1c01057c  PA:1c0106e0
15065397ns          249283 1c00826c c85c7c43 fmadd.s          f24, f24, f5, f25   f24=xxxxxxxx f24:4100665a  f5:3f13cc0b f25:425e0df2
15065417ns          249284 1c008270 c1f57543 fmadd.s          f10, f10, f31, f24  f10=xxxxxxxx f10:40bd9ed8 f31:40b9630b f24:42709639
15065437ns          249285 1c008274 51e5f5c3 fmadd.s          f11, f11, f30, f10  f11=xxxxxxxx f11:4015682d f30:41151f0b f10:42bcf3b0
15065457ns          249286 1c008278 59d67643 fmadd.s          f12, f12, f29, f11  f12=xxxxxxxx f12:3dd2e667 f29:40fb04ba f11:42e87790
15065477ns          249287 1c00827c 61c6f6c3 fmadd.s          f13, f13, f28, f12  f13=xxxxxxxx f13:40d18ed5 f28:40b3e0fc f12:42ea1528
15065496ns          249288 1c008280 68eb7743 fmadd.s          f14, f22, f14, f13  f14=xxxxxxxx f22:408c686f f14:411db40e f13:4319da57
15065516ns          249289 1c008284 00e3222b p.sw             x14, 4(x6!)          x6=10001fbc x14:434519be  x6:10001fb8  PA:10001fb8
15065536ns          249290 1c008230 0047ac0b p.lw             x24, 4(x15!)        x24=41061541 x15=1c010580 x15:1c01057c  PA:1c01057c
15065854ns          249306 1c008234 0048a70b p.lw             x14, 4(x17!)        x14=4046d034 x17=1c010788 x17:1c010784  PA:1c010784
15066153ns          249321 1c008238 a97c76c3 fmadd.s          f13, f24, f23, f21  f13=xxxxxxxx f24:41061541 f23:40241ce6 f21:00000000
15066173ns          249322 1c00823c 0247ac03 lw               x24, 36(x15)        x24=40948ebf x15:1c010580  PA:1c0105a4
15066471ns          249337 1c008240 04c7a603 lw               x12, 76(x15)        x12=4049a5b3 x15:1c010580  PA:1c0105cc
15066769ns          249352 1c008242 694c7c43 fmadd.s          f24, f24, f20, f13  f24=xxxxxxxx f24:40948ebf f20:4100e73b f13:41abe981
15066789ns          249353 1c008246 0747a683 lw               x13, 116(x15)       x13=40a36816 x15:1c010580  PA:1c0105f4
15067088ns          249368 1c008248 09c7ac83 lw               x25, 156(x15)       x25=40b7a8c6 x15:1c010580  PA:1c01061c
15067386ns          249383 1c00824c c1367643 fmadd.s          f12, f12, f19, f24  f12=xxxxxxxx f12:4049a5b3 f19:400ac953 f24:426b8fde
15067406ns          249384 1c008250 0c47ac03 lw               x24, 196(x15)       x24=3fc09bd4 x15:1c010580  PA:1c010644
15067704ns          249399 1c008254 0ec7a503 lw               x10, 236(x15)       x10=3fbe8c68 x15:1c010580  PA:1c01066c
15068003ns          249414 1c008258 6016f6c3 fmadd.s          f13, f13, f1, f12   f13=xxxxxxxx f13:40a36816  f1:40762808 f12:4283722c
15068023ns          249415 1c00825c 1147a583 lw               x11, 276(x15)       x11=40cfcb58 x15:1c010580  PA:1c010694
15068321ns          249430 1c008260 13c7a603 lw               x12, 316(x15)       x12=3fb06815 x15:1c010580  PA:1c0106bc
15068619ns          249445 1c008264 687cfcc3 fmadd.s          f25, f25, f7, f13   f25=xxxxxxxx f25:40b7a8c6  f7:3fb2a6a6 f13:42aaba11
15068639ns          249446 1c008268 1647a683 lw               x13, 356(x15)       x13=40e8ef49 x15:1c010580  PA:1c0106e4
15068938ns          249461 1c00826c c85c7c43 fmadd.s          f24, f24, f5, f25   f24=xxxxxxxx f24:3fc09bd4  f5:3f13cc0b f25:42babf6e
15068957ns          249462 1c008270 c1f57543 fmadd.s          f10, f10, f31, f24  f10=xxxxxxxx f10:3fbe8c68 f31:40b9630b f24:42bc7c3a
15068977ns          249463 1c008274 51e5f5c3 fmadd.s          f11, f11, f30, f10  f11=xxxxxxxx f11:40cfcb58 f30:41151f0b f10:42cdbbe0
15068997ns          249464 1c008278 59d67643 fmadd.s          f12, f12, f29, f11  f12=xxxxxxxx f12:3fb06815 f29:40fb04ba f11:43236336
15069017ns          249465 1c00827c 61c6f6c3 fmadd.s          f13, f13, f28, f12  f13=xxxxxxxx f13:40e8ef49 f28:40b3e0fc f12:432e32cb
15069037ns          249466 1c008280 68eb7743 fmadd.s          f14, f22, f14, f13  f14=xxxxxxxx f22:408c686f f14:4046d034 f13:43571dcd
15069057ns          249467 1c008284 00e3222b p.sw             x14, 4(x6!)          x6=10001fc0 x14:4364bf2c  x6:10001fbc  PA:10001fbc
15069077ns          249468 1c008230 0047ac0b p.lw             x24, 4(x15!)        x24=4109a628 x15=1c010584 x15:1c010580  PA:1c010580
15069375ns          249483 1c008234 0048a70b p.lw             x14, 4(x17!)        x14=402c5015 x17=1c01078c x17:1c010788  PA:1c010788
15069674ns          249498 1c008238 a97c76c3 fmadd.s          f13, f24, f23, f21  f13=xxxxxxxx f24:4109a628 f23:40241ce6 f21:00000000
15069693ns          249499 1c00823c 0247ac03 lw               x24, 36(x15)        x24=40a87e82 x15:1c010584  PA:1c0105a8
15069992ns          249514 1c008240 04c7a603 lw               x12, 76(x15)        x12=40a1cdee x15:1c010584  PA:1c0105d0
15070290ns          249529 1c008242 694c7c43 fmadd.s          f24, f24, f20, f13  f24=xxxxxxxx f24:40a87e82 f20:4100e73b f13:41b07bf7
15070310ns          249530 1c008246 0747a683 lw               x13, 116(x15)       x13=4017e26e x15:1c010584  PA:1c0105f8
15070608ns          249545 1c008248 09c7ac83 lw               x25, 156(x15)       x25=3de1133d x15:1c010584  PA:1c010620
15070907ns          249560 1c00824c c1367643 fmadd.s          f12, f12, f19, f24  f12=xxxxxxxx f12:40a1cdee f19:400ac953 f24:4280f670
15070927ns          249561 1c008250 0c47ac03 lw               x24, 196(x15)       x24=4088e964 x15:1c010584  PA:1c010648
15071245ns          249577 1c008254 0ec7a503 lw               x10, 236(x15)       x10=3fe41dc2 x15:1c010584  PA:1c010670
15071543ns          249592 1c008258 6016f6c3 fmadd.s          f13, f13, f1, f12   f13=xxxxxxxx f13:4017e26e  f1:40762808 f12:4296e480
15071563ns          249593 1c00825c 1147a583 lw               x11, 276(x15)       x11=41184fe2 x15:1c010584  PA:1c010698
15071861ns          249608 1c008260 13c7a603 lw               x12, 316(x15)       x12=40bd6587 x15:1c010584  PA:1c0106c0
15072160ns          249623 1c008264 687cfcc3 fmadd.s          f25, f25, f7, f13   f25=xxxxxxxx f25:3de1133d  f7:3fb2a6a6 f13:42a925eb
15072180ns          249624 1c008268 1647a683 lw               x13, 356(x15)       x13=3ded0aab x15:1c010584  PA:1c0106e8
15072498ns          249640 1c00826c c85c7c43 fmadd.s          f24, f24, f5, f25   f24=xxxxxxxx f24:4088e964  f5:3f13cc0b f25:42a97474
15072518ns          249641 1c008270 c1f57543 fmadd.s          f10, f10, f31, f24  f10=xxxxxxxx f10:3fe41dc2 f31:40b9630b f24:42ae6526
15072538ns          249642 1c008274 51e5f5c3 fmadd.s          f11, f11, f30, f10  f11=xxxxxxxx f11:41184fe2 f30:41151f0b f10:42c30b5e
15072558ns          249643 1c008278 59d67643 fmadd.s          f12, f12, f29, f11  f12=xxxxxxxx f12:40bd6587 f29:40fb04ba f11:433a3ea6
15072578ns          249644 1c00827c 61c6f6c3 fmadd.s          f13, f13, f28, f12  f13=xxxxxxxx f13:3ded0aab f28:40b3e0fc f12:4368ac29
15072597ns          249645 1c008280 68eb7743 fmadd.s          f14, f22, f14, f13  f14=xxxxxxxx f22:408c686f f14:402c5015 f13:436952b8
15072617ns          249646 1c008284 00e3222b p.sw             x14, 4(x6!)          x6=10001fc4 x14:437522fb  x6:10001fc0  PA:10001fc0
15072637ns          249647 1c008230 0047ac0b p.lw             x24, 4(x15!)        x24=3ff2a66c x15=1c010588 x15:1c010584  PA:1c010584
15072936ns          249662 1c008234 0048a70b p.lw             x14, 4(x17!)        x14=3ff1e09c x17=1c010790 x17:1c01078c  PA:1c01078c
15073234ns          249677 1c008238 a97c76c3 fmadd.s          f13, f24, f23, f21  f13=xxxxxxxx f24:3ff2a66c f23:40241ce6 f21:00000000
15073254ns          249678 1c00823c 0247ac03 lw               x24, 36(x15)        x24=41104d67 x15:1c010588  PA:1c0105ac
15073552ns          249693 1c008240 04c7a603 lw               x12, 76(x15)        x12=41169c83 x15:1c010588  PA:1c0105d4
15073870ns          249709 1c008242 694c7c43 fmadd.s          f24, f24, f20, f13  f24=xxxxxxxx f24:41104d67 f20:4100e73b f13:409b8e01
15073890ns          249710 1c008246 0747a683 lw               x13, 116(x15)       x13=40b76815 x15:1c010588  PA:1c0105fc
15074189ns          249725 1c008248 09c7ac83 lw               x25, 156(x15)       x25=4081d1da x15:1c010588  PA:1c010624
15074487ns          249740 1c00824c c1367643 fmadd.s          f12, f12, f19, f24  f12=xxxxxxxx f12:41169c83 f19:400ac953 f24:429b0af5
15074507ns          249741 1c008250 0c47ac03 lw               x24, 196(x15)       x24=411255bd x15:1c010588  PA:1c01064c
15074805ns          249756 1c008254 0ec7a503 lw               x10, 236(x15)       x10=3f9d412f x15:1c010588  PA:1c010674
15075104ns          249771 1c008258 6016f6c3 fmadd.s          f13, f13, f1, f12   f13=xxxxxxxx f13:40b76815  f1:40762808 f12:42c3de5d
15075124ns          249772 1c00825c 1147a583 lw               x11, 276(x15)       x11=40f31443 x15:1c010588  PA:1c01069c
15075422ns          249787 1c008260 13c7a603 lw               x12, 316(x15)       x12=40c65503 x15:1c010588  PA:1c0106c4
15075720ns          249802 1c008264 687cfcc3 fmadd.s          f25, f25, f7, f13   f25=xxxxxxxx f25:4081d1da  f7:3fb2a6a6 f13:42eff50a
15075740ns          249803 1c008268 1647a683 lw               x13, 356(x15)       x13=4109733c x15:1c010588  PA:1c0106ec
15076039ns          249818 1c00826c c85c7c43 fmadd.s          f24, f24, f5, f25   f24=xxxxxxxx f24:411255bd  f5:3f13cc0b f25:42fb4817
15076058ns          249819 1c008270 c1f57543 fmadd.s          f10, f10, f31, f24  f10=xxxxxxxx f10:3f9d412f f31:40b9630b f24:4302ebc9
15076078ns          249820 1c008274 51e5f5c3 fmadd.s          f11, f11, f30, f10  f11=xxxxxxxx f11:40f31443 f30:41151f0b f10:430a09d8
15076098ns          249821 1c008278 59d67643 fmadd.s          f12, f12, f29, f11  f12=xxxxxxxx f12:40c65503 f29:40fb04ba f11:4350d5fa
15076118ns          249822 1c00827c 61c6f6c3 fmadd.s          f13, f13, f28, f12  f13=xxxxxxxx f13:4109733c f28:40b3e0fc f12:4380ba1d
15076138ns          249823 1c008280 68eb7743 fmadd.s          f14, f22, f14, f13  f14=xxxxxxxx f22:408c686f f14:3ff1e09c f13:4398df35
15076158ns          249824 1c008284 00e3222b p.sw             x14, 4(x6!)          x6=10001fc8 x14:439d0481  x6:10001fc4  PA:10001fc4
15076178ns          249825 1c008288 6f7010ef jal              x1, 7926             x1=1c00828c
15076675ns          249850 1c00a17e f14027f3 csrrs            x15, x0, 0xf14      x15=00000003
15076695ns          249851 1c00a182 01f00713 addi             x14, x0, 31         x14=0000001f
15076715ns          249852 1c00a184 ca5797b3 p.extractu       x15, x15, 5, 5      x15=00000000 x15:00000003
15076735ns          249853 1c00a188 00e78863 beq              x15, x14, 16        x15:00000000 x14:0000001f
15076755ns          249854 1c00a18c 002047b7 lui              x15, 0x204000       x15=00204000
15076814ns          249857 1c00a190 20078793 addi             x15, x15, 512       x15=00204200 x15:00204000
15076854ns          249859 1c00a194 01c7e703 p.elw            x14, 28(x15)        x14=00010000 x15:00204200  PA:0020421c
15077093ns          249871 1c00a198 00008067 jalr             x0, x1, 0            x1:1c00828c
15077371ns          249885 1c00828c f14027f3 csrrs            x15, x0, 0xf14      x15=00000003
15077391ns          249886 1c008290 f457b7b3 p.bclr           x15, x15, 26, 5     x15=00000003 x15:00000003
15077411ns          249887 1c008294 3c078963 beq              x15, x0, 978        x15:00000003
15077431ns          249888 1c008298 6e7010ef jal              x1, 7910             x1=1c00829c
15077491ns          249891 1c00a17e f14027f3 csrrs            x15, x0, 0xf14      x15=00000003
15077510ns          249892 1c00a182 01f00713 addi             x14, x0, 31         x14=0000001f
15077530ns          249893 1c00a184 ca5797b3 p.extractu       x15, x15, 5, 5      x15=00000000 x15:00000003
15077550ns          249894 1c00a188 00e78863 beq              x15, x14, 16        x15:00000000 x14:0000001f
15077570ns          249895 1c00a18c 002047b7 lui              x15, 0x204000       x15=00204000
15077590ns          249896 1c00a190 20078793 addi             x15, x15, 512       x15=00204200 x15:00204000
15077610ns          249897 1c00a194 01c7e703 p.elw            x14, 28(x15)        x14=00010000 x15:00204200  PA:0020421c
15693368ns          280854 1c00a198 00008067 jalr             x0, x1, 0            x1:1c00829c
15693408ns          280856 1c00829c 00812e83 lw               x29, 8(x2)          x29=4351d34f  x2:10001f98  PA:10001fa0
15693487ns          280860 1c00829e 00c12f03 lw               x30, 12(x2)         x30=430d6135  x2:10001f98  PA:10001fa4
15693945ns          280883 1c0082a0 01012e03 lw               x28, 16(x2)         x28=438bf67d  x2:10001f98  PA:10001fa8
15693985ns          280885 1c0082a2 01eef9d3 fadd.s           f19, f29, f30       f19=xxxxxxxx f29:4351d34f f30:430d6135
15694004ns          280886 1c0082a6 01412883 lw               x17, 20(x2)         x17=4385bf82  x2:10001f98  PA:10001fac
15694024ns          280887 1c0082a8 01812803 lw               x16, 24(x2)         x16=438171fa  x2:10001f98  PA:10001fb0
15694044ns          280888 1c0082aa 013e79d3 fadd.s           f19, f28, f19       f19=xxxxxxxx f28:438bf67d f19:43af9a42
15694064ns          280889 1c0082ae 01c12503 lw               x10, 28(x2)         x10=439b48ca  x2:10001f98  PA:10001fb4
15694482ns          280910 1c0082b0 02012583 lw               x11, 32(x2)         x11=434519be  x2:10001f98  PA:10001fb8
15694522ns          280912 1c0082b2 0138f9d3 fadd.s           f19, f17, f19       f19=xxxxxxxx f17:4385bf82 f19:441dc860
15694541ns          280913 1c0082b6 02412603 lw               x12, 36(x2)         x12=4364bf2c  x2:10001f98  PA:10001fbc
15694561ns          280914 1c0082b8 02812683 lw               x13, 40(x2)         x13=437522fb  x2:10001f98  PA:10001fc0
15694581ns          280915 1c0082ba 013879d3 fadd.s           f19, f16, f19       f19=xxxxxxxx f16:438171fa f19:4460a821
15694601ns          280916 1c0082be 02c12303 lw               x6, 44(x2)           x6=439d0481  x2:10001f98  PA:10001fc4
15694979ns          280935 1c0082c0 1c0007b7 lui              x15, 0x1c000000     x15=1c000000
15695019ns          280937 1c0082c4 013579d3 fadd.s           f19, f10, f19       f19=xxxxxxxx f10:439b48ca f19:4490b08f
15695039ns          280938 1c0082c8 01c7a783 lw               x15, 28(x15)        x15=3dcccccd x15:1c000000  PA:1c00001c
15695437ns          280958 1c0082cc 00148713 addi             x14, x9, 1          x14=0000000d  x9:0000000c
15695516ns          280962 1c0082d0 0135f9d3 fadd.s           f19, f11, f19       f19=xxxxxxxx f11:434519be f19:44b782c2
15695556ns          280964 1c0082d4 00271713 slli             x14, x14, 0x2       x14=00000034 x14:0000000d
15695576ns          280965 1c0082d6 01270733 add              x14, x14, x18       x14=1c010034 x14:00000034 x18:1c010000
15695596ns          280966 1c0082d8 013679d3 fadd.s           f19, f12, f19       f19=xxxxxxxx f12:4364bf2c f19:44d025fa
15695616ns          280967 1c0082dc 79072a83 lw               x21, 1936(x14)      x21=4519514c x14:1c010034  PA:1c0107c4
15696073ns          280990 1c0082e0 00441713 slli             x14, x8, 0x4        x14=00000030  x8:00000003
15696093ns          280991 1c0082e4 0136f9d3 fadd.s           f19, f13, f19       f19=xxxxxxxx f13:437522fb f19:44ecbde0
15696113ns          280992 1c0082e8 01270733 add              x14, x14, x18       x14=1c010030 x14:00000030 x18:1c010000
15696133ns          280993 1c0082ea 79072a03 lw               x20, 1936(x14)      x20=45195214 x14:1c010030  PA:1c0107c0
15696570ns          281015 1c0082ee 013379d3 fadd.s           f19, f6, f19        f19=xxxxxxxx  f6:439d0481 f19:4505b120
15696610ns          281017 1c0082f2 f0f9ff4b fnmsub.s         f30, f19, f15, f30  f30=xxxxxxxx f19:451951b0 f15:3dcccccd f30:430d6135
15696630ns          281018 1c0082f6 e8f9fecb fnmsub.s         f29, f19, f15, f29  f29=xxxxxxxx f19:451951b0 f15:3dcccccd f29:4351d34f
15696650ns          281019 1c0082fa e0f9f74b fnmsub.s         f14, f19, f15, f28  f14=xxxxxxxx f19:451951b0 f15:3dcccccd f28:438bf67d
15697087ns          281041 1c0082fe 11ef7f53 fmul.s           f30, f30, f30       f30=xxxxxxxx f30:c2cfdc96 f30:c2cfdc96
15697127ns          281043 1c008302 88f9f8cb fnmsub.s         f17, f19, f15, f17  f17=xxxxxxxx f19:451951b0 f15:3dcccccd f17:4385bf82
15697147ns          281044 1c008306 80f9f84b fnmsub.s         f16, f19, f15, f16  f16=xxxxxxxx f19:451951b0 f15:3dcccccd f16:438171fa
15697167ns          281045 1c00830a f1defec3 fmadd.s          f29, f29, f29, f30  f29=xxxxxxxx f29:c20df0c5 f29:c20df0c5 f30:4628c679
15697625ns          281068 1c00830e 50f9f54b fnmsub.s         f10, f19, f15, f10  f10=xxxxxxxx f19:451951b0 f15:3dcccccd f10:439b48ca
15697664ns          281070 1c008312 58f9f5cb fnmsub.s         f11, f19, f15, f11  f11=xxxxxxxx f19:451951b0 f15:3dcccccd f11:434519be
15697684ns          281071 1c008316 e8e77e43 fmadd.s          f28, f14, f14, f29  f28=xxxxxxxx f14:420a75e7 f14:420a75e7 f29:463c7340
15697704ns          281072 1c00831a 60f9f64b fnmsub.s         f12, f19, f15, f12  f12=xxxxxxxx f19:451951b0 f15:3dcccccd f12:4364bf2c
15698142ns          281094 1c00831e 68f9f74b fnmsub.s         f14, f19, f15, f13  f14=xxxxxxxx f19:451951b0 f15:3dcccccd f13:437522fb
15698181ns          281096 1c008322 e118f8c3 fmadd.s          f17, f17, f17, f28  f17=xxxxxxxx f17:41b17c1e f17:41b17c1e f28:464f2c15
15698201ns          281097 1c008326 30f9f7cb fnmsub.s         f15, f19, f15, f6   f15=xxxxxxxx f19:451951b0 f15:3dcccccd  f6:439d0481
15698221ns          281098 1c00832a a13a86d3 fle.s            x13, f21, f19       x13=00000001 f21:4519514c f19:451951b0
15698659ns          281120 1c00832e 89087843 fmadd.s          f16, f16, f16, f17  f16=xxxxxxxx f16:4159473c f16:4159473c f17:4656dce3
15698699ns          281122 1c008332 80a57543 fmadd.s          f10, f10, f10, f16  f10=xxxxxxxx f10:42828428 f10:42828428 f16:4659be8a
15698719ns          281123 1c008336 50b5f5c3 fmadd.s          f11, f11, f11, f10  f11=xxxxxxxx f11:c240d709 f11:c240d709 f10:468e2483
15698738ns          281124 1c00833a 58c67643 fmadd.s          f12, f12, f12, f11  f12=xxxxxxxx f12:c18482a2 f12:c18482a2 f11:46a04ceb
15699156ns          281145 1c00833e 60e77743 fmadd.s          f14, f14, f14, f12  f14=xxxxxxxx f14:be3214f5 f14:be3214f5 f12:46a271a3
15699196ns          281147 1c008342 70f7f7c3 fmadd.s          f15, f15, f15, f14  f15=xxxxxxxx f15:42897304 f15:42897304 f14:46a271b2
15699216ns          281148 1c008346 1c000737 lui              x14, 0x1c000000     x14=1c000000
15699236ns          281149 1c00834a 02072403 lw               x8, 32(x14)          x8=3de38e39 x14:1c000000  PA:1c000020
15699693ns          281172 1c00834e 1087f453 fmul.s           f8, f15, f8          f8=xxxxxxxx f15:46c757d9  f8:3de38e39
15699733ns          281174 1c008352 16069663 bne              x13, x0, 364        x13:00000001
15700728ns          281224 1c0084be 00348793 addi             x15, x9, 3          x15=0000000f  x9:0000000c
15700747ns          281225 1c0084c2 00279793 slli             x15, x15, 0x2       x15=0000003c x15:0000000f
15700767ns          281226 1c0084c4 012787b3 add              x15, x15, x18       x15=1c01003c x15:0000003c x18:1c010000
15700787ns          281227 1c0084c6 7907a983 lw               x19, 1936(x15)      x19=45313135 x15:1c01003c  PA:1c0107cc
15701205ns          281248 1c0084ca 00248793 addi             x15, x9, 2          x15=0000000e  x9:0000000c
15701245ns          281250 1c0084ce a0898753 fle.s            x14, f19, f8        x14=00000001 f19:45313135  f8:453131a5
15701265ns          281251 1c0084d2 00279793 slli             x15, x15, 0x2       x15=00000038 x15:0000000e
15701284ns          281252 1c0084d4 00f90933 add              x18, x18, x15       x18=1c010038 x18:1c010000 x15:00000038
15701304ns          281253 1c0084d6 79092483 lw               x9, 1936(x18)        x9=4531321d x18:1c010038  PA:1c0107c8
15701722ns          281274 1c0084da 1a071363 bne              x14, x0, 422        x14:00000001
15701841ns          281280 1c008680 1c000537 lui              x10, 0x1c000000     x10=1c000000
15701881ns          281282 1c008684 f14025f3 csrrs            x11, x0, 0xf14      x11=00000003
15701901ns          281283 1c008688 0bc50513 addi             x10, x10, 188       x10=1c0000bc x10:1c000000
15701921ns          281284 1c00868c f455b5b3 p.bclr           x11, x11, 26, 5     x11=00000003 x11:00000003
15702378ns          281307 1c008690 738000ef jal              x1, 1848             x1=1c008694
15702458ns          281311 1c008dc8 fc010113 addi             x2, x2, -64          x2=10001f58  x2:10001f98
15702498ns          281313 1c008dca 02410313 addi             x6, x2, 36           x6=10001f7c  x2:10001f58
15702518ns          281314 1c008dce 02c12423 sw               x12, 40(x2)         x12:46a271a3  x2:10001f58  PA:10001f80
15702557ns          281316 1c008dd0 00a00633 add              x12, x0, x10        x12=1c0000bc x10:1c0000bc
15702597ns          281318 1c008dd2 1c009537 lui              x10, 0x1c009000     x10=1c009000
15702617ns          281319 1c008dd6 02b12223 sw               x11, 36(x2)         x11:00000003  x2:10001f58  PA:10001f7c
15702637ns          281320 1c008dd8 02d12623 sw               x13, 44(x2)         x13:00000001  x2:10001f58  PA:10001f84
15702657ns          281321 1c008dda 00200593 addi             x11, x0, 2          x11=00000002
15702677ns          281322 1c008ddc 006006b3 add              x13, x0, x6         x13=10001f7c  x6:10001f7c
15702697ns          281323 1c008dde d5c50513 addi             x10, x10, -676      x10=1c008d5c x10:1c009000
15702717ns          281324 1c008de2 00112e23 sw               x1, 28(x2)           x1:1c008694  x2:10001f58  PA:10001f74
15702736ns          281325 1c008de4 02e12823 sw               x14, 48(x2)         x14:00000001  x2:10001f58  PA:10001f88
15702756ns          281326 1c008de6 02f12a23 sw               x15, 52(x2)         x15:00000038  x2:10001f58  PA:10001f8c
15702776ns          281327 1c008de8 03012c23 sw               x16, 56(x2)         x16:4659be8a  x2:10001f58  PA:10001f90
15702796ns          281328 1c008dea 03112e23 sw               x17, 60(x2)         x17:4656dce3  x2:10001f58  PA:10001f94
15702816ns          281329 1c008dec 00612623 sw               x6, 12(x2)           x6:10001f7c  x2:10001f58  PA:10001f64
15702836ns          281330 1c008dee fbfff0ef jal              x1, -66              x1=1c008df0
15702915ns          281334 1c008dac 04a0006f jal              x0, 74             
15702955ns          281336 1c008df6 ed010113 addi             x2, x2, -304         x2=10001e28  x2:10001f58
15702975ns          281337 1c008df8 12812423 sw               x8, 296(x2)          x8:453131a5  x2:10001e28  PA:10001f50
15702995ns          281338 1c008dfc 00000413 addi             x8, x0, 0            x8=00000000
15703055ns          281341 1c008dfe 11612823 sw               x22, 272(x2)        x22:408c686f  x2:10001e28  PA:10001f38
15703095ns          281343 1c008e02 11712623 sw               x23, 268(x2)        x23:40241ce6  x2:10001e28  PA:10001f34
15703114ns          281344 1c008e06 11812423 sw               x24, 264(x2)        x24:4302ebc9  x2:10001e28  PA:10001f30
15703134ns          281345 1c008e0a 11912223 sw               x25, 260(x2)        x25:42fb4817  x2:10001e28  PA:10001f2c
15703194ns          281348 1c008e0e 11a12023 sw               x26, 256(x2)        x26:xxxxxxxx  x2:10001e28  PA:10001f28
15703214ns          281349 1c008e12 0fb12e23 sw               x27, 252(x2)        x27:xxxxxxxx  x2:10001e28  PA:10001f24
15703234ns          281350 1c008e14 12112623 sw               x1, 300(x2)          x1:1c008df0  x2:10001e28  PA:10001f54
15703254ns          281351 1c008e18 00800db3 add              x27, x0, x8         x27=00000000  x8:00000000
15703274ns          281352 1c008e1a 12912223 sw               x9, 292(x2)          x9:4531321d  x2:10001e28  PA:10001f4c
15703333ns          281355 1c008e1e 13212023 sw               x18, 288(x2)        x18:1c010038  x2:10001e28  PA:10001f48
15703373ns          281357 1c008e22 11312e23 sw               x19, 284(x2)        x19:45313135  x2:10001e28  PA:10001f44
15703393ns          281358 1c008e26 11412c23 sw               x20, 280(x2)        x20:45195214  x2:10001e28  PA:10001f40
15703413ns          281359 1c008e2a 11512a23 sw               x21, 276(x2)        x21:4519514c  x2:10001e28  PA:10001f3c
15703433ns          281360 1c008e2e 00a00b33 add              x22, x0, x10        x22=1c008d5c x10:1c008d5c
15703472ns          281362 1c008e30 00b00d33 add              x26, x0, x11        x26=00000002 x11:00000002
15703492ns          281363 1c008e32 00d00c33 add              x24, x0, x13        x24=10001f7c x13:10001f7c
15703512ns          281364 1c008e34 1c000bb7 lui              x23, 0x1c000000     x23=1c000000
15703532ns          281365 1c008e38 02410c93 addi             x25, x2, 36         x25=10001e4c  x2:10001e28
15703552ns          281366 1c008e3c 00c00433 add              x8, x0, x12          x8=1c0000bc x12:1c0000bc
15703612ns          281369 1c008e3e 00044503 lbu              x10, 0(x8)          x10=0000006b  x8:1c0000bc  PA:1c0000bc
15703930ns          281385 1c008e42 00140413 addi             x8, x8, 1            x8=1c0000bd  x8:1c0000bc
15703950ns          281386 1c008e44 00050e63 beq              x10, x0, 28         x10:0000006b
15703970ns          281387 1c008e46 02500793 addi             x15, x0, 37         x15=00000025
15703990ns          281388 1c008e4a 04f50863 beq              x10, x15, 80        x10:0000006b x15:00000025
15704009ns          281389 1c008e4e 01a005b3 add              x11, x0, x26        x11=00000002 x26:00000002
15704029ns          281390 1c008e50 000b00e7 jalr             x1, x22, 0           x1=1c008e52 x22:1c008d5c
15704109ns          281394 1c008d5c 000026b7 lui              x13, 0x2000         x13=00002000
15704149ns          281396 1c008d5e f14027f3 csrrs            x15, x0, 0xf14      x15=00000003
15704169ns          281397 1c008d62 f8068693 addi             x13, x13, -128      x13=00001f80 x13:00002000
15704188ns          281398 1c008d66 00379713 slli             x14, x15, 0x3       x14=00000018 x15:00000003
15704208ns          281399 1c008d6a 00279793 slli             x15, x15, 0x2       x15=0000000c x15:00000003
15704228ns          281400 1c008d6c 00d7f7b3 and              x15, x15, x13       x15=00000000 x15:0000000c x13:00001f80
15704268ns          281402 1c008d6e ee873733 p.bclr           x14, x14, 23, 8     x14=00000018 x14:00000018
15704308ns          281404 1c008d72 1a10f6b7 lui              x13, 0x1a10f000     x13=1a10f000
15704328ns          281405 1c008d76 0ff57513 andi             x10, x10, 255       x10=0000006b x10:0000006b
15704348ns          281406 1c008d7a 00d70733 add              x14, x14, x13       x14=1a10f018 x14:00000018 x13:1a10f000
15704368ns          281407 1c008d7c 00a7e723 p.sw             x10, x0(x15)        x10:0000006b x15:00000000  PA:1a10f018
15704805ns          281429 1c008d80 00000513 addi             x10, x0, 0          x10=00000000
15704825ns          281430 1c008d82 00008067 jalr             x0, x1, 0            x1:1c008e52
15704885ns          281433 1c008e52 31f52563 p.beqimm         x10, 778            x10:00000000
15704905ns          281434 1c008e56 001d8d93 addi             x27, x27, 1         x27=00000001 x27:00000000
15704924ns          281435 1c008e58 00044503 lbu              x10, 0(x8)          x10=00000065  x8:1c0000bd  PA:1c0000bd
15705223ns          281450 1c008e5c 00140413 addi             x8, x8, 1            x8=1c0000be  x8:1c0000bd
15705243ns          281451 1c008e5e fe0514e3 bne              x10, x0, -24        x10:00000065
15705322ns          281455 1c008e46 02500793 addi             x15, x0, 37         x15=00000025
15705342ns          281456 1c008e4a 04f50863 beq              x10, x15, 80        x10:00000065 x15:00000025
15705362ns          281457 1c008e4e 01a005b3 add              x11, x0, x26        x11=00000002 x26:00000002
15705382ns          281458 1c008e50 000b00e7 jalr             x1, x22, 0           x1=1c008e52 x22:1c008d5c
15705422ns          281460 1c008d5c 000026b7 lui              x13, 0x2000         x13=00002000
15705442ns          281461 1c008d5e f14027f3 csrrs            x15, x0, 0xf14      x15=00000003
15705462ns          281462 1c008d62 f8068693 addi             x13, x13, -128      x13=00001f80 x13:00002000
15705481ns          281463 1c008d66 00379713 slli             x14, x15, 0x3       x14=00000018 x15:00000003
15705501ns          281464 1c008d6a 00279793 slli             x15, x15, 0x2       x15=0000000c x15:00000003
15705521ns          281465 1c008d6c 00d7f7b3 and              x15, x15, x13       x15=00000000 x15:0000000c x13:00001f80
15705541ns          281466 1c008d6e ee873733 p.bclr           x14, x14, 23, 8     x14=00000018 x14:00000018
15705561ns          281467 1c008d72 1a10f6b7 lui              x13, 0x1a10f000     x13=1a10f000
15705581ns          281468 1c008d76 0ff57513 andi             x10, x10, 255       x10=00000065 x10:00000065
15705601ns          281469 1c008d7a 00d70733 add              x14, x14, x13       x14=1a10f018 x14:00000018 x13:1a10f000
15705621ns          281470 1c008d7c 00a7e723 p.sw             x10, x0(x15)        x10:00000065 x15:00000000  PA:1a10f018
15705959ns          281487 1c008d80 00000513 addi             x10, x0, 0          x10=00000000
15705979ns          281488 1c008d82 00008067 jalr             x0, x1, 0            x1:1c008e52
15706038ns          281491 1c008e52 31f52563 p.beqimm         x10, 778            x10:00000000
15706058ns          281492 1c008e56 001d8d93 addi             x27, x27, 1         x27=00000002 x27:00000001
15706078ns          281493 1c008e58 00044503 lbu              x10, 0(x8)          x10=00000072  x8:1c0000be  PA:1c0000be
15706376ns          281508 1c008e5c 00140413 addi             x8, x8, 1            x8=1c0000bf  x8:1c0000be
15706396ns          281509 1c008e5e fe0514e3 bne              x10, x0, -24        x10:00000072
15706476ns          281513 1c008e46 02500793 addi             x15, x0, 37         x15=00000025
15706496ns          281514 1c008e4a 04f50863 beq              x10, x15, 80        x10:00000072 x15:00000025
15706516ns          281515 1c008e4e 01a005b3 add              x11, x0, x26        x11=00000002 x26:00000002
15706536ns          281516 1c008e50 000b00e7 jalr             x1, x22, 0           x1=1c008e52 x22:1c008d5c
15706575ns          281518 1c008d5c 000026b7 lui              x13, 0x2000         x13=00002000
15706595ns          281519 1c008d5e f14027f3 csrrs            x15, x0, 0xf14      x15=00000003
15706615ns          281520 1c008d62 f8068693 addi             x13, x13, -128      x13=00001f80 x13:00002000
15706635ns          281521 1c008d66 00379713 slli             x14, x15, 0x3       x14=00000018 x15:00000003
15706655ns          281522 1c008d6a 00279793 slli             x15, x15, 0x2       x15=0000000c x15:00000003
15706675ns          281523 1c008d6c 00d7f7b3 and              x15, x15, x13       x15=00000000 x15:0000000c x13:00001f80
15706695ns          281524 1c008d6e ee873733 p.bclr           x14, x14, 23, 8     x14=00000018 x14:00000018
15706715ns          281525 1c008d72 1a10f6b7 lui              x13, 0x1a10f000     x13=1a10f000
15706735ns          281526 1c008d76 0ff57513 andi             x10, x10, 255       x10=00000072 x10:00000072
15706754ns          281527 1c008d7a 00d70733 add              x14, x14, x13       x14=1a10f018 x14:00000018 x13:1a10f000
15706774ns          281528 1c008d7c 00a7e723 p.sw             x10, x0(x15)        x10:00000072 x15:00000000  PA:1a10f018
15707112ns          281545 1c008d80 00000513 addi             x10, x0, 0          x10=00000000
15707132ns          281546 1c008d82 00008067 jalr             x0, x1, 0            x1:1c008e52
15707192ns          281549 1c008e52 31f52563 p.beqimm         x10, 778            x10:00000000
15707212ns          281550 1c008e56 001d8d93 addi             x27, x27, 1         x27=00000003 x27:00000002
15707232ns          281551 1c008e58 00044503 lbu              x10, 0(x8)          x10=0000006e  x8:1c0000bf  PA:1c0000bf
15707530ns          281566 1c008e5c 00140413 addi             x8, x8, 1            x8=1c0000c0  x8:1c0000bf
15707550ns          281567 1c008e5e fe0514e3 bne              x10, x0, -24        x10:0000006e
15707630ns          281571 1c008e46 02500793 addi             x15, x0, 37         x15=00000025
15707649ns          281572 1c008e4a 04f50863 beq              x10, x15, 80        x10:0000006e x15:00000025
15707669ns          281573 1c008e4e 01a005b3 add              x11, x0, x26        x11=00000002 x26:00000002
15707689ns          281574 1c008e50 000b00e7 jalr             x1, x22, 0           x1=1c008e52 x22:1c008d5c
15707729ns          281576 1c008d5c 000026b7 lui              x13, 0x2000         x13=00002000
15707749ns          281577 1c008d5e f14027f3 csrrs            x15, x0, 0xf14      x15=00000003
15707769ns          281578 1c008d62 f8068693 addi             x13, x13, -128      x13=00001f80 x13:00002000
15707789ns          281579 1c008d66 00379713 slli             x14, x15, 0x3       x14=00000018 x15:00000003
15707809ns          281580 1c008d6a 00279793 slli             x15, x15, 0x2       x15=0000000c x15:00000003
15707829ns          281581 1c008d6c 00d7f7b3 and              x15, x15, x13       x15=00000000 x15:0000000c x13:00001f80
15707848ns          281582 1c008d6e ee873733 p.bclr           x14, x14, 23, 8     x14=00000018 x14:00000018
15707868ns          281583 1c008d72 1a10f6b7 lui              x13, 0x1a10f000     x13=1a10f000
15707888ns          281584 1c008d76 0ff57513 andi             x10, x10, 255       x10=0000006e x10:0000006e
15707908ns          281585 1c008d7a 00d70733 add              x14, x14, x13       x14=1a10f018 x14:00000018 x13:1a10f000
15707928ns          281586 1c008d7c 00a7e723 p.sw             x10, x0(x15)        x10:0000006e x15:00000000  PA:1a10f018
15708246ns          281602 1c008d80 00000513 addi             x10, x0, 0          x10=00000000
15708266ns          281603 1c008d82 00008067 jalr             x0, x1, 0            x1:1c008e52
15708326ns          281606 1c008e52 31f52563 p.beqimm         x10, 778            x10:00000000
15708346ns          281607 1c008e56 001d8d93 addi             x27, x27, 1         x27=00000004 x27:00000003
15708366ns          281608 1c008e58 00044503 lbu              x10, 0(x8)          x10=00000065  x8:1c0000c0  PA:1c0000c0
15708664ns          281623 1c008e5c 00140413 addi             x8, x8, 1            x8=1c0000c1  x8:1c0000c0
15708684ns          281624 1c008e5e fe0514e3 bne              x10, x0, -24        x10:00000065
15708763ns          281628 1c008e46 02500793 addi             x15, x0, 37         x15=00000025
15708783ns          281629 1c008e4a 04f50863 beq              x10, x15, 80        x10:00000065 x15:00000025
15708803ns          281630 1c008e4e 01a005b3 add              x11, x0, x26        x11=00000002 x26:00000002
15708823ns          281631 1c008e50 000b00e7 jalr             x1, x22, 0           x1=1c008e52 x22:1c008d5c
15708863ns          281633 1c008d5c 000026b7 lui              x13, 0x2000         x13=00002000
15708883ns          281634 1c008d5e f14027f3 csrrs            x15, x0, 0xf14      x15=00000003
15708903ns          281635 1c008d62 f8068693 addi             x13, x13, -128      x13=00001f80 x13:00002000
15708922ns          281636 1c008d66 00379713 slli             x14, x15, 0x3       x14=00000018 x15:00000003
15708942ns          281637 1c008d6a 00279793 slli             x15, x15, 0x2       x15=0000000c x15:00000003
15708962ns          281638 1c008d6c 00d7f7b3 and              x15, x15, x13       x15=00000000 x15:0000000c x13:00001f80
15708982ns          281639 1c008d6e ee873733 p.bclr           x14, x14, 23, 8     x14=00000018 x14:00000018
15709002ns          281640 1c008d72 1a10f6b7 lui              x13, 0x1a10f000     x13=1a10f000
15709022ns          281641 1c008d76 0ff57513 andi             x10, x10, 255       x10=00000065 x10:00000065
15709042ns          281642 1c008d7a 00d70733 add              x14, x14, x13       x14=1a10f018 x14:00000018 x13:1a10f000
15709062ns          281643 1c008d7c 00a7e723 p.sw             x10, x0(x15)        x10:00000065 x15:00000000  PA:1a10f018
15709380ns          281659 1c008d80 00000513 addi             x10, x0, 0          x10=00000000
15709400ns          281660 1c008d82 00008067 jalr             x0, x1, 0            x1:1c008e52
15709460ns          281663 1c008e52 31f52563 p.beqimm         x10, 778            x10:00000000
15709479ns          281664 1c008e56 001d8d93 addi             x27, x27, 1         x27=00000005 x27:00000004
15709499ns          281665 1c008e58 00044503 lbu              x10, 0(x8)          x10=0000006c  x8:1c0000c1  PA:1c0000c1
15709798ns          281680 1c008e5c 00140413 addi             x8, x8, 1            x8=1c0000c2  x8:1c0000c1
15709818ns          281681 1c008e5e fe0514e3 bne              x10, x0, -24        x10:0000006c
15709897ns          281685 1c008e46 02500793 addi             x15, x0, 37         x15=00000025
15709917ns          281686 1c008e4a 04f50863 beq              x10, x15, 80        x10:0000006c x15:00000025
15709937ns          281687 1c008e4e 01a005b3 add              x11, x0, x26        x11=00000002 x26:00000002
15709957ns          281688 1c008e50 000b00e7 jalr             x1, x22, 0           x1=1c008e52 x22:1c008d5c
15709997ns          281690 1c008d5c 000026b7 lui              x13, 0x2000         x13=00002000
15710016ns          281691 1c008d5e f14027f3 csrrs            x15, x0, 0xf14      x15=00000003
15710036ns          281692 1c008d62 f8068693 addi             x13, x13, -128      x13=00001f80 x13:00002000
15710056ns          281693 1c008d66 00379713 slli             x14, x15, 0x3       x14=00000018 x15:00000003
15710076ns          281694 1c008d6a 00279793 slli             x15, x15, 0x2       x15=0000000c x15:00000003
15710096ns          281695 1c008d6c 00d7f7b3 and              x15, x15, x13       x15=00000000 x15:0000000c x13:00001f80
15710116ns          281696 1c008d6e ee873733 p.bclr           x14, x14, 23, 8     x14=00000018 x14:00000018
15710136ns          281697 1c008d72 1a10f6b7 lui              x13, 0x1a10f000     x13=1a10f000
15710156ns          281698 1c008d76 0ff57513 andi             x10, x10, 255       x10=0000006c x10:0000006c
15710176ns          281699 1c008d7a 00d70733 add              x14, x14, x13       x14=1a10f018 x14:00000018 x13:1a10f000
15710196ns          281700 1c008d7c 00a7e723 p.sw             x10, x0(x15)        x10:0000006c x15:00000000  PA:1a10f018
15710514ns          281716 1c008d80 00000513 addi             x10, x0, 0          x10=00000000
15710534ns          281717 1c008d82 00008067 jalr             x0, x1, 0            x1:1c008e52
15710593ns          281720 1c008e52 31f52563 p.beqimm         x10, 778            x10:00000000
15710613ns          281721 1c008e56 001d8d93 addi             x27, x27, 1         x27=00000006 x27:00000005
15710633ns          281722 1c008e58 00044503 lbu              x10, 0(x8)          x10=00000020  x8:1c0000c2  PA:1c0000c2
15710931ns          281737 1c008e5c 00140413 addi             x8, x8, 1            x8=1c0000c3  x8:1c0000c2
15710951ns          281738 1c008e5e fe0514e3 bne              x10, x0, -24        x10:00000020
15711031ns          281742 1c008e46 02500793 addi             x15, x0, 37         x15=00000025
15711051ns          281743 1c008e4a 04f50863 beq              x10, x15, 80        x10:00000020 x15:00000025
15711071ns          281744 1c008e4e 01a005b3 add              x11, x0, x26        x11=00000002 x26:00000002
15711091ns          281745 1c008e50 000b00e7 jalr             x1, x22, 0           x1=1c008e52 x22:1c008d5c
15711130ns          281747 1c008d5c 000026b7 lui              x13, 0x2000         x13=00002000
15711150ns          281748 1c008d5e f14027f3 csrrs            x15, x0, 0xf14      x15=00000003
15711170ns          281749 1c008d62 f8068693 addi             x13, x13, -128      x13=00001f80 x13:00002000
15711190ns          281750 1c008d66 00379713 slli             x14, x15, 0x3       x14=00000018 x15:00000003
15711210ns          281751 1c008d6a 00279793 slli             x15, x15, 0x2       x15=0000000c x15:00000003
15711230ns          281752 1c008d6c 00d7f7b3 and              x15, x15, x13       x15=00000000 x15:0000000c x13:00001f80
15711250ns          281753 1c008d6e ee873733 p.bclr           x14, x14, 23, 8     x14=00000018 x14:00000018
15711270ns          281754 1c008d72 1a10f6b7 lui              x13, 0x1a10f000     x13=1a10f000
15711289ns          281755 1c008d76 0ff57513 andi             x10, x10, 255       x10=00000020 x10:00000020
15711309ns          281756 1c008d7a 00d70733 add              x14, x14, x13       x14=1a10f018 x14:00000018 x13:1a10f000
15711329ns          281757 1c008d7c 00a7e723 p.sw             x10, x0(x15)        x10:00000020 x15:00000000  PA:1a10f018
15711667ns          281774 1c008d80 00000513 addi             x10, x0, 0          x10=00000000
15711687ns          281775 1c008d82 00008067 jalr             x0, x1, 0            x1:1c008e52
15711747ns          281778 1c008e52 31f52563 p.beqimm         x10, 778            x10:00000000
15711767ns          281779 1c008e56 001d8d93 addi             x27, x27, 1         x27=00000007 x27:00000006
15711787ns          281780 1c008e58 00044503 lbu              x10, 0(x8)          x10=00000070  x8:1c0000c3  PA:1c0000c3
15712085ns          281795 1c008e5c 00140413 addi             x8, x8, 1            x8=1c0000c4  x8:1c0000c3
15712105ns          281796 1c008e5e fe0514e3 bne              x10, x0, -24        x10:00000070
15712185ns          281800 1c008e46 02500793 addi             x15, x0, 37         x15=00000025
15712204ns          281801 1c008e4a 04f50863 beq              x10, x15, 80        x10:00000070 x15:00000025
15712224ns          281802 1c008e4e 01a005b3 add              x11, x0, x26        x11=00000002 x26:00000002
15712244ns          281803 1c008e50 000b00e7 jalr             x1, x22, 0           x1=1c008e52 x22:1c008d5c
15712284ns          281805 1c008d5c 000026b7 lui              x13, 0x2000         x13=00002000
15712304ns          281806 1c008d5e f14027f3 csrrs            x15, x0, 0xf14      x15=00000003
15712324ns          281807 1c008d62 f8068693 addi             x13, x13, -128      x13=00001f80 x13:00002000
15712344ns          281808 1c008d66 00379713 slli             x14, x15, 0x3       x14=00000018 x15:00000003
15712364ns          281809 1c008d6a 00279793 slli             x15, x15, 0x2       x15=0000000c x15:00000003
15712383ns          281810 1c008d6c 00d7f7b3 and              x15, x15, x13       x15=00000000 x15:0000000c x13:00001f80
15712403ns          281811 1c008d6e ee873733 p.bclr           x14, x14, 23, 8     x14=00000018 x14:00000018
15712423ns          281812 1c008d72 1a10f6b7 lui              x13, 0x1a10f000     x13=1a10f000
15712443ns          281813 1c008d76 0ff57513 andi             x10, x10, 255       x10=00000070 x10:00000070
15712463ns          281814 1c008d7a 00d70733 add              x14, x14, x13       x14=1a10f018 x14:00000018 x13:1a10f000
15712483ns          281815 1c008d7c 00a7e723 p.sw             x10, x0(x15)        x10:00000070 x15:00000000  PA:1a10f018
15712801ns          281831 1c008d80 00000513 addi             x10, x0, 0          x10=00000000
15712821ns          281832 1c008d82 00008067 jalr             x0, x1, 0            x1:1c008e52
15712881ns          281835 1c008e52 31f52563 p.beqimm         x10, 778            x10:00000000
15712901ns          281836 1c008e56 001d8d93 addi             x27, x27, 1         x27=00000008 x27:00000007
15712921ns          281837 1c008e58 00044503 lbu              x10, 0(x8)          x10=00000061  x8:1c0000c4  PA:1c0000c4
15713219ns          281852 1c008e5c 00140413 addi             x8, x8, 1            x8=1c0000c5  x8:1c0000c4
15713239ns          281853 1c008e5e fe0514e3 bne              x10, x0, -24        x10:00000061
15713318ns          281857 1c008e46 02500793 addi             x15, x0, 37         x15=00000025
15713338ns          281858 1c008e4a 04f50863 beq              x10, x15, 80        x10:00000061 x15:00000025
15713358ns          281859 1c008e4e 01a005b3 add              x11, x0, x26        x11=00000002 x26:00000002
15713378ns          281860 1c008e50 000b00e7 jalr             x1, x22, 0           x1=1c008e52 x22:1c008d5c
15713418ns          281862 1c008d5c 000026b7 lui              x13, 0x2000         x13=00002000
15713438ns          281863 1c008d5e f14027f3 csrrs            x15, x0, 0xf14      x15=00000003
15713458ns          281864 1c008d62 f8068693 addi             x13, x13, -128      x13=00001f80 x13:00002000
15713477ns          281865 1c008d66 00379713 slli             x14, x15, 0x3       x14=00000018 x15:00000003
15713497ns          281866 1c008d6a 00279793 slli             x15, x15, 0x2       x15=0000000c x15:00000003
15713517ns          281867 1c008d6c 00d7f7b3 and              x15, x15, x13       x15=00000000 x15:0000000c x13:00001f80
15713537ns          281868 1c008d6e ee873733 p.bclr           x14, x14, 23, 8     x14=00000018 x14:00000018
15713557ns          281869 1c008d72 1a10f6b7 lui              x13, 0x1a10f000     x13=1a10f000
15713577ns          281870 1c008d76 0ff57513 andi             x10, x10, 255       x10=00000061 x10:00000061
15713597ns          281871 1c008d7a 00d70733 add              x14, x14, x13       x14=1a10f018 x14:00000018 x13:1a10f000
15713617ns          281872 1c008d7c 00a7e723 p.sw             x10, x0(x15)        x10:00000061 x15:00000000  PA:1a10f018
15713935ns          281888 1c008d80 00000513 addi             x10, x0, 0          x10=00000000
15713955ns          281889 1c008d82 00008067 jalr             x0, x1, 0            x1:1c008e52
15714015ns          281892 1c008e52 31f52563 p.beqimm         x10, 778            x10:00000000
15714034ns          281893 1c008e56 001d8d93 addi             x27, x27, 1         x27=00000009 x27:00000008
15714054ns          281894 1c008e58 00044503 lbu              x10, 0(x8)          x10=00000073  x8:1c0000c5  PA:1c0000c5
15714353ns          281909 1c008e5c 00140413 addi             x8, x8, 1            x8=1c0000c6  x8:1c0000c5
15714373ns          281910 1c008e5e fe0514e3 bne              x10, x0, -24        x10:00000073
15714452ns          281914 1c008e46 02500793 addi             x15, x0, 37         x15=00000025
15714472ns          281915 1c008e4a 04f50863 beq              x10, x15, 80        x10:00000073 x15:00000025
15714492ns          281916 1c008e4e 01a005b3 add              x11, x0, x26        x11=00000002 x26:00000002
15714512ns          281917 1c008e50 000b00e7 jalr             x1, x22, 0           x1=1c008e52 x22:1c008d5c
15714552ns          281919 1c008d5c 000026b7 lui              x13, 0x2000         x13=00002000
15714571ns          281920 1c008d5e f14027f3 csrrs            x15, x0, 0xf14      x15=00000003
15714591ns          281921 1c008d62 f8068693 addi             x13, x13, -128      x13=00001f80 x13:00002000
15714611ns          281922 1c008d66 00379713 slli             x14, x15, 0x3       x14=00000018 x15:00000003
15714631ns          281923 1c008d6a 00279793 slli             x15, x15, 0x2       x15=0000000c x15:00000003
15714651ns          281924 1c008d6c 00d7f7b3 and              x15, x15, x13       x15=00000000 x15:0000000c x13:00001f80
15714671ns          281925 1c008d6e ee873733 p.bclr           x14, x14, 23, 8     x14=00000018 x14:00000018
15714691ns          281926 1c008d72 1a10f6b7 lui              x13, 0x1a10f000     x13=1a10f000
15714711ns          281927 1c008d76 0ff57513 andi             x10, x10, 255       x10=00000073 x10:00000073
15714731ns          281928 1c008d7a 00d70733 add              x14, x14, x13       x14=1a10f018 x14:00000018 x13:1a10f000
15714750ns          281929 1c008d7c 00a7e723 p.sw             x10, x0(x15)        x10:00000073 x15:00000000  PA:1a10f018
15715089ns          281946 1c008d80 00000513 addi             x10, x0, 0          x10=00000000
15715109ns          281947 1c008d82 00008067 jalr             x0, x1, 0            x1:1c008e52
15715168ns          281950 1c008e52 31f52563 p.beqimm         x10, 778            x10:00000000
15715188ns          281951 1c008e56 001d8d93 addi             x27, x27, 1         x27=0000000a x27:00000009
15715208ns          281952 1c008e58 00044503 lbu              x10, 0(x8)          x10=00000073  x8:1c0000c6  PA:1c0000c6
15715506ns          281967 1c008e5c 00140413 addi             x8, x8, 1            x8=1c0000c7  x8:1c0000c6
15715526ns          281968 1c008e5e fe0514e3 bne              x10, x0, -24        x10:00000073
15715606ns          281972 1c008e46 02500793 addi             x15, x0, 37         x15=00000025
15715626ns          281973 1c008e4a 04f50863 beq              x10, x15, 80        x10:00000073 x15:00000025
15715646ns          281974 1c008e4e 01a005b3 add              x11, x0, x26        x11=00000002 x26:00000002
15715665ns          281975 1c008e50 000b00e7 jalr             x1, x22, 0           x1=1c008e52 x22:1c008d5c
15715705ns          281977 1c008d5c 000026b7 lui              x13, 0x2000         x13=00002000
15715725ns          281978 1c008d5e f14027f3 csrrs            x15, x0, 0xf14      x15=00000003
15715745ns          281979 1c008d62 f8068693 addi             x13, x13, -128      x13=00001f80 x13:00002000
15715765ns          281980 1c008d66 00379713 slli             x14, x15, 0x3       x14=00000018 x15:00000003
15715785ns          281981 1c008d6a 00279793 slli             x15, x15, 0x2       x15=0000000c x15:00000003
15715805ns          281982 1c008d6c 00d7f7b3 and              x15, x15, x13       x15=00000000 x15:0000000c x13:00001f80
15715825ns          281983 1c008d6e ee873733 p.bclr           x14, x14, 23, 8     x14=00000018 x14:00000018
15715844ns          281984 1c008d72 1a10f6b7 lui              x13, 0x1a10f000     x13=1a10f000
15715864ns          281985 1c008d76 0ff57513 andi             x10, x10, 255       x10=00000073 x10:00000073
15715884ns          281986 1c008d7a 00d70733 add              x14, x14, x13       x14=1a10f018 x14:00000018 x13:1a10f000
15715904ns          281987 1c008d7c 00a7e723 p.sw             x10, x0(x15)        x10:00000073 x15:00000000  PA:1a10f018
15716222ns          282003 1c008d80 00000513 addi             x10, x0, 0          x10=00000000
15716242ns          282004 1c008d82 00008067 jalr             x0, x1, 0            x1:1c008e52
15716302ns          282007 1c008e52 31f52563 p.beqimm         x10, 778            x10:00000000
15716322ns          282008 1c008e56 001d8d93 addi             x27, x27, 1         x27=0000000b x27:0000000a
15716342ns          282009 1c008e58 00044503 lbu              x10, 0(x8)          x10=00000065  x8:1c0000c7  PA:1c0000c7
15716640ns          282024 1c008e5c 00140413 addi             x8, x8, 1            x8=1c0000c8  x8:1c0000c7
15716660ns          282025 1c008e5e fe0514e3 bne              x10, x0, -24        x10:00000065
15716740ns          282029 1c008e46 02500793 addi             x15, x0, 37         x15=00000025
15716759ns          282030 1c008e4a 04f50863 beq              x10, x15, 80        x10:00000065 x15:00000025
15716779ns          282031 1c008e4e 01a005b3 add              x11, x0, x26        x11=00000002 x26:00000002
15716799ns          282032 1c008e50 000b00e7 jalr             x1, x22, 0           x1=1c008e52 x22:1c008d5c
15716839ns          282034 1c008d5c 000026b7 lui              x13, 0x2000         x13=00002000
15716859ns          282035 1c008d5e f14027f3 csrrs            x15, x0, 0xf14      x15=00000003
15716879ns          282036 1c008d62 f8068693 addi             x13, x13, -128      x13=00001f80 x13:00002000
15716899ns          282037 1c008d66 00379713 slli             x14, x15, 0x3       x14=00000018 x15:00000003
15716919ns          282038 1c008d6a 00279793 slli             x15, x15, 0x2       x15=0000000c x15:00000003
15716938ns          282039 1c008d6c 00d7f7b3 and              x15, x15, x13       x15=00000000 x15:0000000c x13:00001f80
15716958ns          282040 1c008d6e ee873733 p.bclr           x14, x14, 23, 8     x14=00000018 x14:00000018
15716978ns          282041 1c008d72 1a10f6b7 lui              x13, 0x1a10f000     x13=1a10f000
15716998ns          282042 1c008d76 0ff57513 andi             x10, x10, 255       x10=00000065 x10:00000065
15717018ns          282043 1c008d7a 00d70733 add              x14, x14, x13       x14=1a10f018 x14:00000018 x13:1a10f000
15717038ns          282044 1c008d7c 00a7e723 p.sw             x10, x0(x15)        x10:00000065 x15:00000000  PA:1a10f018
15717356ns          282060 1c008d80 00000513 addi             x10, x0, 0          x10=00000000
15717376ns          282061 1c008d82 00008067 jalr             x0, x1, 0            x1:1c008e52
15717436ns          282064 1c008e52 31f52563 p.beqimm         x10, 778            x10:00000000
15717456ns          282065 1c008e56 001d8d93 addi             x27, x27, 1         x27=0000000c x27:0000000b
15717476ns          282066 1c008e58 00044503 lbu              x10, 0(x8)          x10=00000064  x8:1c0000c8  PA:1c0000c8
15717774ns          282081 1c008e5c 00140413 addi             x8, x8, 1            x8=1c0000c9  x8:1c0000c8
15717794ns          282082 1c008e5e fe0514e3 bne              x10, x0, -24        x10:00000064
15717873ns          282086 1c008e46 02500793 addi             x15, x0, 37         x15=00000025
15717893ns          282087 1c008e4a 04f50863 beq              x10, x15, 80        x10:00000064 x15:00000025
15717913ns          282088 1c008e4e 01a005b3 add              x11, x0, x26        x11=00000002 x26:00000002
15717933ns          282089 1c008e50 000b00e7 jalr             x1, x22, 0           x1=1c008e52 x22:1c008d5c
15717973ns          282091 1c008d5c 000026b7 lui              x13, 0x2000         x13=00002000
15717993ns          282092 1c008d5e f14027f3 csrrs            x15, x0, 0xf14      x15=00000003
15718013ns          282093 1c008d62 f8068693 addi             x13, x13, -128      x13=00001f80 x13:00002000
15718032ns          282094 1c008d66 00379713 slli             x14, x15, 0x3       x14=00000018 x15:00000003
15718052ns          282095 1c008d6a 00279793 slli             x15, x15, 0x2       x15=0000000c x15:00000003
15718072ns          282096 1c008d6c 00d7f7b3 and              x15, x15, x13       x15=00000000 x15:0000000c x13:00001f80
15718092ns          282097 1c008d6e ee873733 p.bclr           x14, x14, 23, 8     x14=00000018 x14:00000018
15718112ns          282098 1c008d72 1a10f6b7 lui              x13, 0x1a10f000     x13=1a10f000
15718132ns          282099 1c008d76 0ff57513 andi             x10, x10, 255       x10=00000064 x10:00000064
15718152ns          282100 1c008d7a 00d70733 add              x14, x14, x13       x14=1a10f018 x14:00000018 x13:1a10f000
15718172ns          282101 1c008d7c 00a7e723 p.sw             x10, x0(x15)        x10:00000064 x15:00000000  PA:1a10f018
15718510ns          282118 1c008d80 00000513 addi             x10, x0, 0          x10=00000000
15718530ns          282119 1c008d82 00008067 jalr             x0, x1, 0            x1:1c008e52
15718589ns          282122 1c008e52 31f52563 p.beqimm         x10, 778            x10:00000000
15718609ns          282123 1c008e56 001d8d93 addi             x27, x27, 1         x27=0000000d x27:0000000c
15718629ns          282124 1c008e58 00044503 lbu              x10, 0(x8)          x10=00000020  x8:1c0000c9  PA:1c0000c9
15718928ns          282139 1c008e5c 00140413 addi             x8, x8, 1            x8=1c0000ca  x8:1c0000c9
15718947ns          282140 1c008e5e fe0514e3 bne              x10, x0, -24        x10:00000020
15719027ns          282144 1c008e46 02500793 addi             x15, x0, 37         x15=00000025
15719047ns          282145 1c008e4a 04f50863 beq              x10, x15, 80        x10:00000020 x15:00000025
15719067ns          282146 1c008e4e 01a005b3 add              x11, x0, x26        x11=00000002 x26:00000002
15719087ns          282147 1c008e50 000b00e7 jalr             x1, x22, 0           x1=1c008e52 x22:1c008d5c
15719126ns          282149 1c008d5c 000026b7 lui              x13, 0x2000         x13=00002000
15719146ns          282150 1c008d5e f14027f3 csrrs            x15, x0, 0xf14      x15=00000003
15719166ns          282151 1c008d62 f8068693 addi             x13, x13, -128      x13=00001f80 x13:00002000
15719186ns          282152 1c008d66 00379713 slli             x14, x15, 0x3       x14=00000018 x15:00000003
15719206ns          282153 1c008d6a 00279793 slli             x15, x15, 0x2       x15=0000000c x15:00000003
15719226ns          282154 1c008d6c 00d7f7b3 and              x15, x15, x13       x15=00000000 x15:0000000c x13:00001f80
15719246ns          282155 1c008d6e ee873733 p.bclr           x14, x14, 23, 8     x14=00000018 x14:00000018
15719266ns          282156 1c008d72 1a10f6b7 lui              x13, 0x1a10f000     x13=1a10f000
15719286ns          282157 1c008d76 0ff57513 andi             x10, x10, 255       x10=00000020 x10:00000020
15719305ns          282158 1c008d7a 00d70733 add              x14, x14, x13       x14=1a10f018 x14:00000018 x13:1a10f000
15719325ns          282159 1c008d7c 00a7e723 p.sw             x10, x0(x15)        x10:00000020 x15:00000000  PA:1a10f018
15719664ns          282176 1c008d80 00000513 addi             x10, x0, 0          x10=00000000
15719683ns          282177 1c008d82 00008067 jalr             x0, x1, 0            x1:1c008e52
15719743ns          282180 1c008e52 31f52563 p.beqimm         x10, 778            x10:00000000
15719763ns          282181 1c008e56 001d8d93 addi             x27, x27, 1         x27=0000000e x27:0000000d
15719783ns          282182 1c008e58 00044503 lbu              x10, 0(x8)          x10=0000006f  x8:1c0000ca  PA:1c0000ca
15720081ns          282197 1c008e5c 00140413 addi             x8, x8, 1            x8=1c0000cb  x8:1c0000ca
15720101ns          282198 1c008e5e fe0514e3 bne              x10, x0, -24        x10:0000006f
15720181ns          282202 1c008e46 02500793 addi             x15, x0, 37         x15=00000025
15720201ns          282203 1c008e4a 04f50863 beq              x10, x15, 80        x10:0000006f x15:00000025
15720220ns          282204 1c008e4e 01a005b3 add              x11, x0, x26        x11=00000002 x26:00000002
15720240ns          282205 1c008e50 000b00e7 jalr             x1, x22, 0           x1=1c008e52 x22:1c008d5c
15720280ns          282207 1c008d5c 000026b7 lui              x13, 0x2000         x13=00002000
15720300ns          282208 1c008d5e f14027f3 csrrs            x15, x0, 0xf14      x15=00000003
15720320ns          282209 1c008d62 f8068693 addi             x13, x13, -128      x13=00001f80 x13:00002000
15720340ns          282210 1c008d66 00379713 slli             x14, x15, 0x3       x14=00000018 x15:00000003
15720360ns          282211 1c008d6a 00279793 slli             x15, x15, 0x2       x15=0000000c x15:00000003
15720380ns          282212 1c008d6c 00d7f7b3 and              x15, x15, x13       x15=00000000 x15:0000000c x13:00001f80
15720399ns          282213 1c008d6e ee873733 p.bclr           x14, x14, 23, 8     x14=00000018 x14:00000018
15720419ns          282214 1c008d72 1a10f6b7 lui              x13, 0x1a10f000     x13=1a10f000
15720439ns          282215 1c008d76 0ff57513 andi             x10, x10, 255       x10=0000006f x10:0000006f
15720459ns          282216 1c008d7a 00d70733 add              x14, x14, x13       x14=1a10f018 x14:00000018 x13:1a10f000
15720479ns          282217 1c008d7c 00a7e723 p.sw             x10, x0(x15)        x10:0000006f x15:00000000  PA:1a10f018
15720797ns          282233 1c008d80 00000513 addi             x10, x0, 0          x10=00000000
15720817ns          282234 1c008d82 00008067 jalr             x0, x1, 0            x1:1c008e52
15720877ns          282237 1c008e52 31f52563 p.beqimm         x10, 778            x10:00000000
15720897ns          282238 1c008e56 001d8d93 addi             x27, x27, 1         x27=0000000f x27:0000000e
15720917ns          282239 1c008e58 00044503 lbu              x10, 0(x8)          x10=0000006e  x8:1c0000cb  PA:1c0000cb
15721215ns          282254 1c008e5c 00140413 addi             x8, x8, 1            x8=1c0000cc  x8:1c0000cb
15721235ns          282255 1c008e5e fe0514e3 bne              x10, x0, -24        x10:0000006e
15721314ns          282259 1c008e46 02500793 addi             x15, x0, 37         x15=00000025
15721334ns          282260 1c008e4a 04f50863 beq              x10, x15, 80        x10:0000006e x15:00000025
15721354ns          282261 1c008e4e 01a005b3 add              x11, x0, x26        x11=00000002 x26:00000002
15721374ns          282262 1c008e50 000b00e7 jalr             x1, x22, 0           x1=1c008e52 x22:1c008d5c
15721414ns          282264 1c008d5c 000026b7 lui              x13, 0x2000         x13=00002000
15721434ns          282265 1c008d5e f14027f3 csrrs            x15, x0, 0xf14      x15=00000003
15721454ns          282266 1c008d62 f8068693 addi             x13, x13, -128      x13=00001f80 x13:00002000
15721474ns          282267 1c008d66 00379713 slli             x14, x15, 0x3       x14=00000018 x15:00000003
15721493ns          282268 1c008d6a 00279793 slli             x15, x15, 0x2       x15=0000000c x15:00000003
15721513ns          282269 1c008d6c 00d7f7b3 and              x15, x15, x13       x15=00000000 x15:0000000c x13:00001f80
15721533ns          282270 1c008d6e ee873733 p.bclr           x14, x14, 23, 8     x14=00000018 x14:00000018
15721553ns          282271 1c008d72 1a10f6b7 lui              x13, 0x1a10f000     x13=1a10f000
15721573ns          282272 1c008d76 0ff57513 andi             x10, x10, 255       x10=0000006e x10:0000006e
15721593ns          282273 1c008d7a 00d70733 add              x14, x14, x13       x14=1a10f018 x14:00000018 x13:1a10f000
15721613ns          282274 1c008d7c 00a7e723 p.sw             x10, x0(x15)        x10:0000006e x15:00000000  PA:1a10f018
15721931ns          282290 1c008d80 00000513 addi             x10, x0, 0          x10=00000000
15721951ns          282291 1c008d82 00008067 jalr             x0, x1, 0            x1:1c008e52
15722011ns          282294 1c008e52 31f52563 p.beqimm         x10, 778            x10:00000000
15722031ns          282295 1c008e56 001d8d93 addi             x27, x27, 1         x27=00000010 x27:0000000f
15722050ns          282296 1c008e58 00044503 lbu              x10, 0(x8)          x10=00000020  x8:1c0000cc  PA:1c0000cc
15722349ns          282311 1c008e5c 00140413 addi             x8, x8, 1            x8=1c0000cd  x8:1c0000cc
15722369ns          282312 1c008e5e fe0514e3 bne              x10, x0, -24        x10:00000020
15722448ns          282316 1c008e46 02500793 addi             x15, x0, 37         x15=00000025
15722468ns          282317 1c008e4a 04f50863 beq              x10, x15, 80        x10:00000020 x15:00000025
15722488ns          282318 1c008e4e 01a005b3 add              x11, x0, x26        x11=00000002 x26:00000002
15722508ns          282319 1c008e50 000b00e7 jalr             x1, x22, 0           x1=1c008e52 x22:1c008d5c
15722548ns          282321 1c008d5c 000026b7 lui              x13, 0x2000         x13=00002000
15722568ns          282322 1c008d5e f14027f3 csrrs            x15, x0, 0xf14      x15=00000003
15722587ns          282323 1c008d62 f8068693 addi             x13, x13, -128      x13=00001f80 x13:00002000
15722607ns          282324 1c008d66 00379713 slli             x14, x15, 0x3       x14=00000018 x15:00000003
15722627ns          282325 1c008d6a 00279793 slli             x15, x15, 0x2       x15=0000000c x15:00000003
15722647ns          282326 1c008d6c 00d7f7b3 and              x15, x15, x13       x15=00000000 x15:0000000c x13:00001f80
15722667ns          282327 1c008d6e ee873733 p.bclr           x14, x14, 23, 8     x14=00000018 x14:00000018
15722687ns          282328 1c008d72 1a10f6b7 lui              x13, 0x1a10f000     x13=1a10f000
15722707ns          282329 1c008d76 0ff57513 andi             x10, x10, 255       x10=00000020 x10:00000020
15722727ns          282330 1c008d7a 00d70733 add              x14, x14, x13       x14=1a10f018 x14:00000018 x13:1a10f000
15722747ns          282331 1c008d7c 00a7e723 p.sw             x10, x0(x15)        x10:00000020 x15:00000000  PA:1a10f018
15723085ns          282348 1c008d80 00000513 addi             x10, x0, 0          x10=00000000
15723105ns          282349 1c008d82 00008067 jalr             x0, x1, 0            x1:1c008e52
15723164ns          282352 1c008e52 31f52563 p.beqimm         x10, 778            x10:00000000
15723184ns          282353 1c008e56 001d8d93 addi             x27, x27, 1         x27=00000011 x27:00000010
15723204ns          282354 1c008e58 00044503 lbu              x10, 0(x8)          x10=00000063  x8:1c0000cd  PA:1c0000cd
15723502ns          282369 1c008e5c 00140413 addi             x8, x8, 1            x8=1c0000ce  x8:1c0000cd
15723522ns          282370 1c008e5e fe0514e3 bne              x10, x0, -24        x10:00000063
15723602ns          282374 1c008e46 02500793 addi             x15, x0, 37         x15=00000025
15723622ns          282375 1c008e4a 04f50863 beq              x10, x15, 80        x10:00000063 x15:00000025
15723642ns          282376 1c008e4e 01a005b3 add              x11, x0, x26        x11=00000002 x26:00000002
15723662ns          282377 1c008e50 000b00e7 jalr             x1, x22, 0           x1=1c008e52 x22:1c008d5c
15723701ns          282379 1c008d5c 000026b7 lui              x13, 0x2000         x13=00002000
15723721ns          282380 1c008d5e f14027f3 csrrs            x15, x0, 0xf14      x15=00000003
15723741ns          282381 1c008d62 f8068693 addi             x13, x13, -128      x13=00001f80 x13:00002000
15723761ns          282382 1c008d66 00379713 slli             x14, x15, 0x3       x14=00000018 x15:00000003
15723781ns          282383 1c008d6a 00279793 slli             x15, x15, 0x2       x15=0000000c x15:00000003
15723801ns          282384 1c008d6c 00d7f7b3 and              x15, x15, x13       x15=00000000 x15:0000000c x13:00001f80
15723821ns          282385 1c008d6e ee873733 p.bclr           x14, x14, 23, 8     x14=00000018 x14:00000018
15723841ns          282386 1c008d72 1a10f6b7 lui              x13, 0x1a10f000     x13=1a10f000
15723860ns          282387 1c008d76 0ff57513 andi             x10, x10, 255       x10=00000063 x10:00000063
15723880ns          282388 1c008d7a 00d70733 add              x14, x14, x13       x14=1a10f018 x14:00000018 x13:1a10f000
15723900ns          282389 1c008d7c 00a7e723 p.sw             x10, x0(x15)        x10:00000063 x15:00000000  PA:1a10f018
15724218ns          282405 1c008d80 00000513 addi             x10, x0, 0          x10=00000000
15724238ns          282406 1c008d82 00008067 jalr             x0, x1, 0            x1:1c008e52
15724298ns          282409 1c008e52 31f52563 p.beqimm         x10, 778            x10:00000000
15724318ns          282410 1c008e56 001d8d93 addi             x27, x27, 1         x27=00000012 x27:00000011
15724338ns          282411 1c008e58 00044503 lbu              x10, 0(x8)          x10=0000006f  x8:1c0000ce  PA:1c0000ce
15724636ns          282426 1c008e5c 00140413 addi             x8, x8, 1            x8=1c0000cf  x8:1c0000ce
15724656ns          282427 1c008e5e fe0514e3 bne              x10, x0, -24        x10:0000006f
15724736ns          282431 1c008e46 02500793 addi             x15, x0, 37         x15=00000025
15724756ns          282432 1c008e4a 04f50863 beq              x10, x15, 80        x10:0000006f x15:00000025
15724775ns          282433 1c008e4e 01a005b3 add              x11, x0, x26        x11=00000002 x26:00000002
15724795ns          282434 1c008e50 000b00e7 jalr             x1, x22, 0           x1=1c008e52 x22:1c008d5c
15724835ns          282436 1c008d5c 000026b7 lui              x13, 0x2000         x13=00002000
15724855ns          282437 1c008d5e f14027f3 csrrs            x15, x0, 0xf14      x15=00000003
15724875ns          282438 1c008d62 f8068693 addi             x13, x13, -128      x13=00001f80 x13:00002000
15724895ns          282439 1c008d66 00379713 slli             x14, x15, 0x3       x14=00000018 x15:00000003
15724915ns          282440 1c008d6a 00279793 slli             x15, x15, 0x2       x15=0000000c x15:00000003
15724935ns          282441 1c008d6c 00d7f7b3 and              x15, x15, x13       x15=00000000 x15:0000000c x13:00001f80
15724954ns          282442 1c008d6e ee873733 p.bclr           x14, x14, 23, 8     x14=00000018 x14:00000018
15724974ns          282443 1c008d72 1a10f6b7 lui              x13, 0x1a10f000     x13=1a10f000
15724994ns          282444 1c008d76 0ff57513 andi             x10, x10, 255       x10=0000006f x10:0000006f
15725014ns          282445 1c008d7a 00d70733 add              x14, x14, x13       x14=1a10f018 x14:00000018 x13:1a10f000
15725034ns          282446 1c008d7c 00a7e723 p.sw             x10, x0(x15)        x10:0000006f x15:00000000  PA:1a10f018
15725352ns          282462 1c008d80 00000513 addi             x10, x0, 0          x10=00000000
15725372ns          282463 1c008d82 00008067 jalr             x0, x1, 0            x1:1c008e52
15725432ns          282466 1c008e52 31f52563 p.beqimm         x10, 778            x10:00000000
15725452ns          282467 1c008e56 001d8d93 addi             x27, x27, 1         x27=00000013 x27:00000012
15725472ns          282468 1c008e58 00044503 lbu              x10, 0(x8)          x10=00000072  x8:1c0000cf  PA:1c0000cf
15725770ns          282483 1c008e5c 00140413 addi             x8, x8, 1            x8=1c0000d0  x8:1c0000cf
15725790ns          282484 1c008e5e fe0514e3 bne              x10, x0, -24        x10:00000072
15725869ns          282488 1c008e46 02500793 addi             x15, x0, 37         x15=00000025
15725889ns          282489 1c008e4a 04f50863 beq              x10, x15, 80        x10:00000072 x15:00000025
15725909ns          282490 1c008e4e 01a005b3 add              x11, x0, x26        x11=00000002 x26:00000002
15725929ns          282491 1c008e50 000b00e7 jalr             x1, x22, 0           x1=1c008e52 x22:1c008d5c
15725969ns          282493 1c008d5c 000026b7 lui              x13, 0x2000         x13=00002000
15725989ns          282494 1c008d5e f14027f3 csrrs            x15, x0, 0xf14      x15=00000003
15726009ns          282495 1c008d62 f8068693 addi             x13, x13, -128      x13=00001f80 x13:00002000
15726029ns          282496 1c008d66 00379713 slli             x14, x15, 0x3       x14=00000018 x15:00000003
15726048ns          282497 1c008d6a 00279793 slli             x15, x15, 0x2       x15=0000000c x15:00000003
15726068ns          282498 1c008d6c 00d7f7b3 and              x15, x15, x13       x15=00000000 x15:0000000c x13:00001f80
15726088ns          282499 1c008d6e ee873733 p.bclr           x14, x14, 23, 8     x14=00000018 x14:00000018
15726108ns          282500 1c008d72 1a10f6b7 lui              x13, 0x1a10f000     x13=1a10f000
15726128ns          282501 1c008d76 0ff57513 andi             x10, x10, 255       x10=00000072 x10:00000072
15726148ns          282502 1c008d7a 00d70733 add              x14, x14, x13       x14=1a10f018 x14:00000018 x13:1a10f000
15726168ns          282503 1c008d7c 00a7e723 p.sw             x10, x0(x15)        x10:00000072 x15:00000000  PA:1a10f018
15726506ns          282520 1c008d80 00000513 addi             x10, x0, 0          x10=00000000
15726526ns          282521 1c008d82 00008067 jalr             x0, x1, 0            x1:1c008e52
15726585ns          282524 1c008e52 31f52563 p.beqimm         x10, 778            x10:00000000
15726605ns          282525 1c008e56 001d8d93 addi             x27, x27, 1         x27=00000014 x27:00000013
15726625ns          282526 1c008e58 00044503 lbu              x10, 0(x8)          x10=00000065  x8:1c0000d0  PA:1c0000d0
15726924ns          282541 1c008e5c 00140413 addi             x8, x8, 1            x8=1c0000d1  x8:1c0000d0
15726944ns          282542 1c008e5e fe0514e3 bne              x10, x0, -24        x10:00000065
15727023ns          282546 1c008e46 02500793 addi             x15, x0, 37         x15=00000025
15727043ns          282547 1c008e4a 04f50863 beq              x10, x15, 80        x10:00000065 x15:00000025
15727063ns          282548 1c008e4e 01a005b3 add              x11, x0, x26        x11=00000002 x26:00000002
15727083ns          282549 1c008e50 000b00e7 jalr             x1, x22, 0           x1=1c008e52 x22:1c008d5c
15727123ns          282551 1c008d5c 000026b7 lui              x13, 0x2000         x13=00002000
15727142ns          282552 1c008d5e f14027f3 csrrs            x15, x0, 0xf14      x15=00000003
15727162ns          282553 1c008d62 f8068693 addi             x13, x13, -128      x13=00001f80 x13:00002000
15727182ns          282554 1c008d66 00379713 slli             x14, x15, 0x3       x14=00000018 x15:00000003
15727202ns          282555 1c008d6a 00279793 slli             x15, x15, 0x2       x15=0000000c x15:00000003
15727222ns          282556 1c008d6c 00d7f7b3 and              x15, x15, x13       x15=00000000 x15:0000000c x13:00001f80
15727242ns          282557 1c008d6e ee873733 p.bclr           x14, x14, 23, 8     x14=00000018 x14:00000018
15727262ns          282558 1c008d72 1a10f6b7 lui              x13, 0x1a10f000     x13=1a10f000
15727282ns          282559 1c008d76 0ff57513 andi             x10, x10, 255       x10=00000065 x10:00000065
15727302ns          282560 1c008d7a 00d70733 add              x14, x14, x13       x14=1a10f018 x14:00000018 x13:1a10f000
15727321ns          282561 1c008d7c 00a7e723 p.sw             x10, x0(x15)        x10:00000065 x15:00000000  PA:1a10f018
15727660ns          282578 1c008d80 00000513 addi             x10, x0, 0          x10=00000000
15727679ns          282579 1c008d82 00008067 jalr             x0, x1, 0            x1:1c008e52
15727739ns          282582 1c008e52 31f52563 p.beqimm         x10, 778            x10:00000000
15727759ns          282583 1c008e56 001d8d93 addi             x27, x27, 1         x27=00000015 x27:00000014
15727779ns          282584 1c008e58 00044503 lbu              x10, 0(x8)          x10=00000020  x8:1c0000d1  PA:1c0000d1
15728077ns          282599 1c008e5c 00140413 addi             x8, x8, 1            x8=1c0000d2  x8:1c0000d1
15728097ns          282600 1c008e5e fe0514e3 bne              x10, x0, -24        x10:00000020
15728177ns          282604 1c008e46 02500793 addi             x15, x0, 37         x15=00000025
15728197ns          282605 1c008e4a 04f50863 beq              x10, x15, 80        x10:00000020 x15:00000025
15728217ns          282606 1c008e4e 01a005b3 add              x11, x0, x26        x11=00000002 x26:00000002
15728236ns          282607 1c008e50 000b00e7 jalr             x1, x22, 0           x1=1c008e52 x22:1c008d5c
15728276ns          282609 1c008d5c 000026b7 lui              x13, 0x2000         x13=00002000
15728296ns          282610 1c008d5e f14027f3 csrrs            x15, x0, 0xf14      x15=00000003
15728316ns          282611 1c008d62 f8068693 addi             x13, x13, -128      x13=00001f80 x13:00002000
15728336ns          282612 1c008d66 00379713 slli             x14, x15, 0x3       x14=00000018 x15:00000003
15728356ns          282613 1c008d6a 00279793 slli             x15, x15, 0x2       x15=0000000c x15:00000003
15728376ns          282614 1c008d6c 00d7f7b3 and              x15, x15, x13       x15=00000000 x15:0000000c x13:00001f80
15728396ns          282615 1c008d6e ee873733 p.bclr           x14, x14, 23, 8     x14=00000018 x14:00000018
15728415ns          282616 1c008d72 1a10f6b7 lui              x13, 0x1a10f000     x13=1a10f000
15728435ns          282617 1c008d76 0ff57513 andi             x10, x10, 255       x10=00000020 x10:00000020
15728455ns          282618 1c008d7a 00d70733 add              x14, x14, x13       x14=1a10f018 x14:00000018 x13:1a10f000
15728475ns          282619 1c008d7c 00a7e723 p.sw             x10, x0(x15)        x10:00000020 x15:00000000  PA:1a10f018
15728793ns          282635 1c008d80 00000513 addi             x10, x0, 0          x10=00000000
15728813ns          282636 1c008d82 00008067 jalr             x0, x1, 0            x1:1c008e52
15728873ns          282639 1c008e52 31f52563 p.beqimm         x10, 778            x10:00000000
15728893ns          282640 1c008e56 001d8d93 addi             x27, x27, 1         x27=00000016 x27:00000015
15728913ns          282641 1c008e58 00044503 lbu              x10, 0(x8)          x10=00000020  x8:1c0000d2  PA:1c0000d2
15729211ns          282656 1c008e5c 00140413 addi             x8, x8, 1            x8=1c0000d3  x8:1c0000d2
15729231ns          282657 1c008e5e fe0514e3 bne              x10, x0, -24        x10:00000020
15729311ns          282661 1c008e46 02500793 addi             x15, x0, 37         x15=00000025
15729330ns          282662 1c008e4a 04f50863 beq              x10, x15, 80        x10:00000020 x15:00000025
15729350ns          282663 1c008e4e 01a005b3 add              x11, x0, x26        x11=00000002 x26:00000002
15729370ns          282664 1c008e50 000b00e7 jalr             x1, x22, 0           x1=1c008e52 x22:1c008d5c
15729410ns          282666 1c008d5c 000026b7 lui              x13, 0x2000         x13=00002000
15729430ns          282667 1c008d5e f14027f3 csrrs            x15, x0, 0xf14      x15=00000003
15729450ns          282668 1c008d62 f8068693 addi             x13, x13, -128      x13=00001f80 x13:00002000
15729470ns          282669 1c008d66 00379713 slli             x14, x15, 0x3       x14=00000018 x15:00000003
15729490ns          282670 1c008d6a 00279793 slli             x15, x15, 0x2       x15=0000000c x15:00000003
15729509ns          282671 1c008d6c 00d7f7b3 and              x15, x15, x13       x15=00000000 x15:0000000c x13:00001f80
15729529ns          282672 1c008d6e ee873733 p.bclr           x14, x14, 23, 8     x14=00000018 x14:00000018
15729549ns          282673 1c008d72 1a10f6b7 lui              x13, 0x1a10f000     x13=1a10f000
15729569ns          282674 1c008d76 0ff57513 andi             x10, x10, 255       x10=00000020 x10:00000020
15729589ns          282675 1c008d7a 00d70733 add              x14, x14, x13       x14=1a10f018 x14:00000018 x13:1a10f000
15729609ns          282676 1c008d7c 00a7e723 p.sw             x10, x0(x15)        x10:00000020 x15:00000000  PA:1a10f018
15729927ns          282692 1c008d80 00000513 addi             x10, x0, 0          x10=00000000
15729947ns          282693 1c008d82 00008067 jalr             x0, x1, 0            x1:1c008e52
15730007ns          282696 1c008e52 31f52563 p.beqimm         x10, 778            x10:00000000
15730027ns          282697 1c008e56 001d8d93 addi             x27, x27, 1         x27=00000017 x27:00000016
15730046ns          282698 1c008e58 00044503 lbu              x10, 0(x8)          x10=00000025  x8:1c0000d3  PA:1c0000d3
15730345ns          282713 1c008e5c 00140413 addi             x8, x8, 1            x8=1c0000d4  x8:1c0000d3
15730365ns          282714 1c008e5e fe0514e3 bne              x10, x0, -24        x10:00000025
15730444ns          282718 1c008e46 02500793 addi             x15, x0, 37         x15=00000025
15730464ns          282719 1c008e4a 04f50863 beq              x10, x15, 80        x10:00000025 x15:00000025
15730603ns          282726 1c008e9a 00044483 lbu              x9, 0(x8)            x9=00000064  x8:1c0000d4  PA:1c0000d4
15730922ns          282742 1c008e9e 02000693 addi             x13, x0, 32         x13=00000020
15730942ns          282743 1c008ea2 00140a93 addi             x21, x8, 1          x21=1c0000d5  x8:1c0000d4
15730961ns          282744 1c008ea6 009005b3 add              x11, x0, x9         x11=00000064  x9:00000064
15730981ns          282745 1c008ea8 0fcb8513 addi             x10, x23, 252       x10=1c0000fc x23:1c000000
15731001ns          282746 1c008eac 00d12823 sw               x13, 16(x2)         x13:00000020  x2:10001e28  PA:10001e38
15731021ns          282747 1c008eae 00012c23 sw               x0, 24(x2)           x2:10001e28  PA:10001e40
15731041ns          282748 1c008eb0 00012a23 sw               x0, 20(x2)           x2:10001e28  PA:10001e3c
15731061ns          282749 1c008eb2 00012e23 sw               x0, 28(x2)           x2:10001e28  PA:10001e44
15731081ns          282750 1c008eb4 00012623 sw               x0, 12(x2)           x2:10001e28  PA:10001e34
15731101ns          282751 1c008eb6 02300913 addi             x18, x0, 35         x18=00000023
15731121ns          282752 1c008eba 02d00a13 addi             x20, x0, 45         x20=0000002d
15731140ns          282753 1c008ebe 015009b3 add              x19, x0, x21        x19=1c0000d5 x21:1c0000d5
15731180ns          282755 1c008ec0 e1dff0ef jal              x1, -484             x1=1c008ec2
15731499ns          282771 1c008cdc 00054783 lbu              x15, 0(x10)         x15=0000002d x10:1c0000fc  PA:1c0000fc
15731857ns          282789 1c008ce0 0ff5f593 andi             x11, x11, 255       x11=00000064 x11:00000064
15731876ns          282790 1c008ce4 00b78c63 beq              x15, x11, 24        x15:0000002d x11:00000064
15731896ns          282791 1c008ce8 00078b63 beq              x15, x0, 22         x15:0000002d
15731916ns          282792 1c008cea 00150793 addi             x15, x10, 1         x15=1c0000fd x10:1c0000fc
15731936ns          282793 1c008cee 0040006f jal              x0, 4              
15731996ns          282796 1c008cf2 00f00533 add              x10, x0, x15        x10=1c0000fd x15:1c0000fd
15732016ns          282797 1c008cf4 0017c70b p.lbu            x14, 1(x15!)        x14=0000002b x15=1c0000fe x15:1c0000fd  PA:1c0000fd
15732354ns          282814 1c008cf8 feb71ce3 bne              x14, x11, -8        x14:0000002b x11:00000064
15732413ns          282817 1c008cf0 00070763 beq              x14, x0, 14         x14:0000002b
15732433ns          282818 1c008cf2 00f00533 add              x10, x0, x15        x10=1c0000fe x15:1c0000fe
15732453ns          282819 1c008cf4 0017c70b p.lbu            x14, 1(x15!)        x14=00000020 x15=1c0000ff x15:1c0000fe  PA:1c0000fe
15732772ns          282835 1c008cf8 feb71ce3 bne              x14, x11, -8        x14:00000020 x11:00000064
15732831ns          282838 1c008cf0 00070763 beq              x14, x0, 14         x14:00000020
15732851ns          282839 1c008cf2 00f00533 add              x10, x0, x15        x10=1c0000ff x15:1c0000ff
15732871ns          282840 1c008cf4 0017c70b p.lbu            x14, 1(x15!)        x14=00000023 x15=1c000100 x15:1c0000ff  PA:1c0000ff
15733189ns          282856 1c008cf8 feb71ce3 bne              x14, x11, -8        x14:00000023 x11:00000064
15733249ns          282859 1c008cf0 00070763 beq              x14, x0, 14         x14:00000023
15733269ns          282860 1c008cf2 00f00533 add              x10, x0, x15        x10=1c000100 x15:1c000100
15733289ns          282861 1c008cf4 0017c70b p.lbu            x14, 1(x15!)        x14=00000030 x15=1c000101 x15:1c000100  PA:1c000100
15733607ns          282877 1c008cf8 feb71ce3 bne              x14, x11, -8        x14:00000030 x11:00000064
15733667ns          282880 1c008cf0 00070763 beq              x14, x0, 14         x14:00000030
15733686ns          282881 1c008cf2 00f00533 add              x10, x0, x15        x10=1c000101 x15:1c000101
15733706ns          282882 1c008cf4 0017c70b p.lbu            x14, 1(x15!)        x14=00000000 x15=1c000102 x15:1c000101  PA:1c000101
15734025ns          282898 1c008cf8 feb71ce3 bne              x14, x11, -8        x14:00000000 x11:00000064
15734084ns          282901 1c008cf0 00070763 beq              x14, x0, 14         x14:00000000
15734164ns          282905 1c008cfe 0015b593 sltiu            x11, x11, 1         x11=00000000 x11:00000064
15734184ns          282906 1c008d02 40b005b3 sub              x11, x0, x11        x11=00000000 x11:00000000
15734204ns          282907 1c008d06 00b57533 and              x10, x10, x11       x10=00000000 x10:1c000101 x11:00000000
15734224ns          282908 1c008d08 00008067 jalr             x0, x1, 0            x1:1c008ec2
15734323ns          282913 1c008ec2 02050a63 beq              x10, x0, 52         x10:00000000
15734462ns          282920 1c008ef6 02a00613 addi             x12, x0, 42         x12=0000002a
15734482ns          282921 1c008efa 2ac48663 beq              x9, x12, 684         x9:00000064 x12:0000002a
15734542ns          282924 1c008efe fd048613 addi             x12, x9, -48        x12=00000034  x9:00000064
15734562ns          282925 1c008f02 00900593 addi             x11, x0, 9          x11=00000009
15734582ns          282926 1c008f04 00000913 addi             x18, x0, 0          x18=00000000
15734601ns          282927 1c008f06 28c5f063 bgeu             x11, x12, 640       x11:00000009 x12:00000034
15734621ns          282928 1c008f0a 02e00693 addi             x13, x0, 46         x13=0000002e
15734641ns          282929 1c008f0e fff00a13 addi             x20, x0, -1         x20=ffffffff
15734681ns          282931 1c008f10 2ed48363 beq              x9, x13, 742         x9:00000064 x13:0000002e
15734721ns          282933 1c008f14 1c0007b7 lui              x15, 0x1c000000     x15=1c000000
15734741ns          282934 1c008f18 009005b3 add              x11, x0, x9         x11=00000064  x9:00000064
15734761ns          282935 1c008f1a 10478513 addi             x10, x15, 260       x10=1c000104 x15:1c000000
15734780ns          282936 1c008f1e dbfff0ef jal              x1, -578             x1=1c008f20
15735218ns          282958 1c008cdc 00054783 lbu              x15, 0(x10)         x15=00000068 x10:1c000104  PA:1c000104
15735596ns          282977 1c008ce0 0ff5f593 andi             x11, x11, 255       x11=00000064 x11:00000064
15735616ns          282978 1c008ce4 00b78c63 beq              x15, x11, 24        x15:00000068 x11:00000064
15735636ns          282979 1c008ce8 00078b63 beq              x15, x0, 22         x15:00000068
15735656ns          282980 1c008cea 00150793 addi             x15, x10, 1         x15=1c000105 x10:1c000104
15735676ns          282981 1c008cee 0040006f jal              x0, 4              
15735715ns          282983 1c008cf2 00f00533 add              x10, x0, x15        x10=1c000105 x15:1c000105
15735735ns          282984 1c008cf4 0017c70b p.lbu            x14, 1(x15!)        x14=0000006c x15=1c000106 x15:1c000105  PA:1c000105
15736053ns          283000 1c008cf8 feb71ce3 bne              x14, x11, -8        x14:0000006c x11:00000064
15736113ns          283003 1c008cf0 00070763 beq              x14, x0, 14         x14:0000006c
15736133ns          283004 1c008cf2 00f00533 add              x10, x0, x15        x10=1c000106 x15:1c000106
15736153ns          283005 1c008cf4 0017c70b p.lbu            x14, 1(x15!)        x14=0000004c x15=1c000107 x15:1c000106  PA:1c000106
15736471ns          283021 1c008cf8 feb71ce3 bne              x14, x11, -8        x14:0000004c x11:00000064
15736531ns          283024 1c008cf0 00070763 beq              x14, x0, 14         x14:0000004c
15736551ns          283025 1c008cf2 00f00533 add              x10, x0, x15        x10=1c000107 x15:1c000107
15736571ns          283026 1c008cf4 0017c70b p.lbu            x14, 1(x15!)        x14=0000007a x15=1c000108 x15:1c000107  PA:1c000107
15736909ns          283043 1c008cf8 feb71ce3 bne              x14, x11, -8        x14:0000007a x11:00000064
15736968ns          283046 1c008cf0 00070763 beq              x14, x0, 14         x14:0000007a
15736988ns          283047 1c008cf2 00f00533 add              x10, x0, x15        x10=1c000108 x15:1c000108
15737008ns          283048 1c008cf4 0017c70b p.lbu            x14, 1(x15!)        x14=00000000 x15=1c000109 x15:1c000108  PA:1c000108
15737326ns          283064 1c008cf8 feb71ce3 bne              x14, x11, -8        x14:00000000 x11:00000064
15737386ns          283067 1c008cf0 00070763 beq              x14, x0, 14         x14:00000000
15737466ns          283071 1c008cfe 0015b593 sltiu            x11, x11, 1         x11=00000000 x11:00000064
15737486ns          283072 1c008d02 40b005b3 sub              x11, x0, x11        x11=00000000 x11:00000000
15737506ns          283073 1c008d06 00b57533 and              x10, x10, x11       x10=00000000 x10:1c000108 x11:00000000
15737525ns          283074 1c008d08 00008067 jalr             x0, x1, 0            x1:1c008f20
15737565ns          283076 1c008f20 01300433 add              x8, x0, x19          x8=1c0000d5 x19:1c0000d5
15737585ns          283077 1c008f22 00050563 beq              x10, x0, 10         x10:00000000
15737645ns          283080 1c008f2c 06700693 addi             x13, x0, 103        x13=00000067
15737704ns          283083 1c008f30 2896d963 bge              x13, x9, 658        x13:00000067  x9:00000064
15737844ns          283090 1c0091c2 06500693 addi             x13, x0, 101        x13=00000065
15737864ns          283091 1c0091c6 12d4d563 bge              x9, x13, 298         x9:00000064 x13:00000065
15737883ns          283092 1c0091ca 04700693 addi             x13, x0, 71         x13=00000047
15737943ns          283095 1c0091ce dc96cbe3 blt              x13, x9, -554       x13:00000047  x9:00000064
15738043ns          283100 1c008fa4 06300693 addi             x13, x0, 99         x13=00000063
15738082ns          283102 1c008fa8 0ad488e3 beq              x9, x13, 2224        x9:00000064 x13:00000063
15738102ns          283103 1c008fac 0096c9e3 blt              x13, x9, 2066       x13:00000063  x9:00000064
15738321ns          283114 1c0097be 000c2583 lw               x11, 0(x24)         x11=00000003 x24:10001f7c  PA:10001f7c
15738341ns          283115 1c0097c2 004c0c13 addi             x24, x24, 4         x24=10001f80 x24:10001f7c
15738361ns          283116 1c0097c4 3405cc63 blt              x11, x0, 856        x11:00000003
15738381ns          283117 1c0097c8 01412603 lw               x12, 20(x2)         x12=00000000  x2:10001e28  PA:10001e3c
15738401ns          283118 1c0097ca 00b006b3 add              x13, x0, x11        x13=00000003 x11:00000003
15738420ns          283119 1c0097cc 2e061863 bne              x12, x0, 752        x12:00000000
15738460ns          283121 1c0097d0 01812703 lw               x14, 24(x2)         x14=00000000  x2:10001e28  PA:10001e40
15738480ns          283122 1c0097d2 019007b3 add              x15, x0, x25        x15=10001e4c x25:10001e4c
15738500ns          283123 1c0097d4 00070763 beq              x14, x0, 14         x14:00000000
15738599ns          283128 1c0097e2 00f00733 add              x14, x0, x15        x14=10001e4c x15:10001e4c
15738639ns          283130 1c0097e4 00a00513 addi             x10, x0, 10         x10=0000000a
15738659ns          283131 1c0097e6 02a6f633 remu             x12, x13, x10       x12=00000003 x13:00000003 x10:0000000a
15739276ns          283162 1c0097ea 02a6d6b3 divu             x13, x13, x10       x13=00000000 x13:00000003 x10:0000000a
15739892ns          283193 1c0097ee 03060613 addi             x12, x12, 48        x12=00000033 x12:00000003
15739912ns          283194 1c0097f2 00c700ab p.sb             x12, 1(x14!)        x14=10001e4d x12:00000033 x14:10001e4c  PA:10001e4c
15739932ns          283195 1c0097f6 fe0698e3 bne              x13, x0, -16        x13:00000000
15739952ns          283196 1c0097f8 40f706b3 sub              x13, x14, x15       x13=00000001 x14:10001e4d x15:10001e4c
15739972ns          283197 1c0097fc 0146dc63 bge              x13, x20, 24        x13:00000001 x20:ffffffff
15740091ns          283203 1c009814 00e006b3 add              x13, x0, x14        x13=10001e4d x14:10001e4d
15740131ns          283205 1c009816 fe068fab p.sb             x0, -1(x13!)        x13=10001e4c x13:10001e4d  PA:10001e4d
15740151ns          283206 1c00981a 00d7fc63 bgeu             x15, x13, 24        x15:10001e4c x13:10001e4c
15740290ns          283213 1c009832 01412783 lw               x15, 20(x2)         x15=00000000  x2:10001e28  PA:10001e3c
15740330ns          283215 1c009834 01812603 lw               x12, 24(x2)         x12=00000000  x2:10001e28  PA:10001e40
15740350ns          283216 1c009836 419704b3 sub              x9, x14, x25         x9=00000001 x14:10001e4d x25:10001e4c
15740370ns          283217 1c00983a 00c7e7b3 or               x15, x15, x12       x15=00000000 x15:00000000 x12:00000000
15740390ns          283218 1c00983c 00f12623 sw               x15, 12(x2)         x15:00000000  x2:10001e28  PA:10001e34
15740410ns          283219 1c00983e 00079363 bne              x15, x0, 6          x15:00000000
15740429ns          283220 1c009840 01f5d593 srli             x11, x11, 0x1f      x11=00000000 x11:00000003
15740449ns          283221 1c009842 00b12623 sw               x11, 12(x2)         x11:00000000  x2:10001e28  PA:10001e34
15740469ns          283222 1c009844 e3fa28e3 p.beqimm         x20, -464           x20:ffffffff
15740569ns          283227 1c009674 0c800793 addi             x15, x0, 200        x15=000000c8
15740608ns          283229 1c009678 9e97d0e3 bge              x15, x9, -1568      x15:000000c8  x9:00000001
15740768ns          283237 1c009058 0f24d163 bge              x9, x18, 226         x9:00000001 x18:00000000
15740907ns          283244 1c00913a d00482e3 beq              x9, x0, -764         x9:00000001
15740927ns          283245 1c00913e 01900933 add              x18, x0, x25        x18=10001e4c x25:10001e4c
15740966ns          283247 1c009140 419d8db3 sub              x27, x27, x25       x27=efffe1cb x27:00000017 x25:10001e4c
15741006ns          283249 1c009144 00a0006f jal              x0, 10             
15741106ns          283254 1c00914e 0019450b p.lbu            x10, 1(x18!)        x10=00000033 x18=10001e4d x18:10001e4c  PA:10001e4c
15741126ns          283255 1c009152 01a005b3 add              x11, x0, x26        x11=00000002 x26:00000002
15741146ns          283256 1c009154 000b00e7 jalr             x1, x22, 0           x1=1c009156 x22:1c008d5c
15741225ns          283260 1c008d5c 000026b7 lui              x13, 0x2000         x13=00002000
15741305ns          283264 1c008d5e f14027f3 csrrs            x15, x0, 0xf14      x15=00000003
15741344ns          283266 1c008d62 f8068693 addi             x13, x13, -128      x13=00001f80 x13:00002000
15741364ns          283267 1c008d66 00379713 slli             x14, x15, 0x3       x14=00000018 x15:00000003
15741384ns          283268 1c008d6a 00279793 slli             x15, x15, 0x2       x15=0000000c x15:00000003
15741404ns          283269 1c008d6c 00d7f7b3 and              x15, x15, x13       x15=00000000 x15:0000000c x13:00001f80
15741444ns          283271 1c008d6e ee873733 p.bclr           x14, x14, 23, 8     x14=00000018 x14:00000018
15741484ns          283273 1c008d72 1a10f6b7 lui              x13, 0x1a10f000     x13=1a10f000
15741504ns          283274 1c008d76 0ff57513 andi             x10, x10, 255       x10=00000033 x10:00000033
15741523ns          283275 1c008d7a 00d70733 add              x14, x14, x13       x14=1a10f018 x14:00000018 x13:1a10f000
15741543ns          283276 1c008d7c 00a7e723 p.sw             x10, x0(x15)        x10:00000033 x15:00000000  PA:1a10f018
15741921ns          283295 1c008d80 00000513 addi             x10, x0, 0          x10=00000000
15741941ns          283296 1c008d82 00008067 jalr             x0, x1, 0            x1:1c009156
15741981ns          283298 1c009156 fff48493 addi             x9, x9, -1           x9=00000000  x9:00000001
15742001ns          283299 1c009158 fff537e3 p.bneimm         x10, -18            x10:00000000
15742140ns          283306 1c009146 012d8733 add              x14, x27, x18       x14=00000018 x27:efffe1cb x18:10001e4d
15742160ns          283307 1c00914a 5a048b63 beq              x9, x0, 1462         x9:00000000
15742259ns          283312 1c009700 00e00db3 add              x27, x0, x14        x27=00000018 x14:00000018
15742299ns          283314 1c009702 f3cff06f jal              x0, -2244          
15742399ns          283319 1c008e3e 00044503 lbu              x10, 0(x8)          x10=0000000a  x8:1c0000d5  PA:1c0000d5
15742697ns          283334 1c008e42 00140413 addi             x8, x8, 1            x8=1c0000d6  x8:1c0000d5
15742717ns          283335 1c008e44 00050e63 beq              x10, x0, 28         x10:0000000a
15742737ns          283336 1c008e46 02500793 addi             x15, x0, 37         x15=00000025
15742757ns          283337 1c008e4a 04f50863 beq              x10, x15, 80        x10:0000000a x15:00000025
15742777ns          283338 1c008e4e 01a005b3 add              x11, x0, x26        x11=00000002 x26:00000002
15742796ns          283339 1c008e50 000b00e7 jalr             x1, x22, 0           x1=1c008e52 x22:1c008d5c
15742836ns          283341 1c008d5c 000026b7 lui              x13, 0x2000         x13=00002000
15742896ns          283344 1c008d5e f14027f3 csrrs            x15, x0, 0xf14      x15=00000003
15742936ns          283346 1c008d62 f8068693 addi             x13, x13, -128      x13=00001f80 x13:00002000
15742956ns          283347 1c008d66 00379713 slli             x14, x15, 0x3       x14=00000018 x15:00000003
15742975ns          283348 1c008d6a 00279793 slli             x15, x15, 0x2       x15=0000000c x15:00000003
15742995ns          283349 1c008d6c 00d7f7b3 and              x15, x15, x13       x15=00000000 x15:0000000c x13:00001f80
15743015ns          283350 1c008d6e ee873733 p.bclr           x14, x14, 23, 8     x14=00000018 x14:00000018
15743035ns          283351 1c008d72 1a10f6b7 lui              x13, 0x1a10f000     x13=1a10f000
15743055ns          283352 1c008d76 0ff57513 andi             x10, x10, 255       x10=0000000a x10:0000000a
15743075ns          283353 1c008d7a 00d70733 add              x14, x14, x13       x14=1a10f018 x14:00000018 x13:1a10f000
15743095ns          283354 1c008d7c 00a7e723 p.sw             x10, x0(x15)        x10:0000000a x15:00000000  PA:1a10f018
15743413ns          283370 1c008d80 00000513 addi             x10, x0, 0          x10=00000000
15743433ns          283371 1c008d82 00008067 jalr             x0, x1, 0            x1:1c008e52
15743493ns          283374 1c008e52 31f52563 p.beqimm         x10, 778            x10:00000000
15743513ns          283375 1c008e56 001d8d93 addi             x27, x27, 1         x27=00000019 x27:00000018
15743532ns          283376 1c008e58 00044503 lbu              x10, 0(x8)          x10=00000000  x8:1c0000d6  PA:1c0000d6
15743831ns          283391 1c008e5c 00140413 addi             x8, x8, 1            x8=1c0000d7  x8:1c0000d6
15743851ns          283392 1c008e5e fe0514e3 bne              x10, x0, -24        x10:00000000
15743871ns          283393 1c008e60 01b00433 add              x8, x0, x27          x8=00000019 x27:00000019
15743890ns          283394 1c008e62 00800533 add              x10, x0, x8         x10=00000019  x8:00000019
15743910ns          283395 1c008e64 12c12083 lw               x1, 300(x2)          x1=1c008df0  x2:10001e28  PA:10001f54
15743930ns          283396 1c008e68 12812403 lw               x8, 296(x2)          x8=453131a5  x2:10001e28  PA:10001f50
15743950ns          283397 1c008e6c 12412483 lw               x9, 292(x2)          x9=4531321d  x2:10001e28  PA:10001f4c
15743990ns          283399 1c008e70 12012903 lw               x18, 288(x2)        x18=1c010038  x2:10001e28  PA:10001f48
15744030ns          283401 1c008e74 11c12983 lw               x19, 284(x2)        x19=45313135  x2:10001e28  PA:10001f44
15744050ns          283402 1c008e78 11812a03 lw               x20, 280(x2)        x20=45195214  x2:10001e28  PA:10001f40
15744069ns          283403 1c008e7c 11412a83 lw               x21, 276(x2)        x21=4519514c  x2:10001e28  PA:10001f3c
15744129ns          283406 1c008e80 11012b03 lw               x22, 272(x2)        x22=408c686f  x2:10001e28  PA:10001f38
15744169ns          283408 1c008e84 10c12b83 lw               x23, 268(x2)        x23=40241ce6  x2:10001e28  PA:10001f34
15744189ns          283409 1c008e88 10812c03 lw               x24, 264(x2)        x24=4302ebc9  x2:10001e28  PA:10001f30
15744209ns          283410 1c008e8c 10412c83 lw               x25, 260(x2)        x25=42fb4817  x2:10001e28  PA:10001f2c
15744268ns          283413 1c008e90 10012d03 lw               x26, 256(x2)        x26=xxxxxxxx  x2:10001e28  PA:10001f28
15744308ns          283415 1c008e94 0fc12d83 lw               x27, 252(x2)        x27=xxxxxxxx  x2:10001e28  PA:10001f24
15744328ns          283416 1c008e96 13010113 addi             x2, x2, 304          x2=10001f58  x2:10001e28
15744348ns          283417 1c008e98 00008067 jalr             x0, x1, 0            x1:1c008df0
15744487ns          283424 1c008df0 01c12083 lw               x1, 28(x2)           x1=1c008694  x2:10001f58  PA:10001f74
15744507ns          283425 1c008df2 04010113 addi             x2, x2, 64           x2=10001f98  x2:10001f58
15744547ns          283427 1c008df4 00008067 jalr             x0, x1, 0            x1:1c008694
15744626ns          283431 1c008694 00100513 addi             x10, x0, 1          x10=00000001
15744646ns          283432 1c008696 05c12083 lw               x1, 92(x2)           x1=1c00a08e  x2:10001f98  PA:10001ff4
15744666ns          283433 1c008698 05812403 lw               x8, 88(x2)           x8=xxxxxxxx  x2:10001f98  PA:10001ff0
15744686ns          283434 1c00869a 05412483 lw               x9, 84(x2)           x9=xxxxxxxx  x2:10001f98  PA:10001fec
15744706ns          283435 1c00869c 05012903 lw               x18, 80(x2)         x18=xxxxxxxx  x2:10001f98  PA:10001fe8
15744726ns          283436 1c00869e 04c12983 lw               x19, 76(x2)         x19=xxxxxxxx  x2:10001f98  PA:10001fe4
15744825ns          283441 1c0086a0 04812a03 lw               x20, 72(x2)         x20=xxxxxxxx  x2:10001f98  PA:10001fe0
15744845ns          283442 1c0086a2 04412a83 lw               x21, 68(x2)         x21=xxxxxxxx  x2:10001f98  PA:10001fdc
15744865ns          283443 1c0086a4 04012b03 lw               x22, 64(x2)         x22=xxxxxxxx  x2:10001f98  PA:10001fd8
15744885ns          283444 1c0086a6 03c12b83 lw               x23, 60(x2)         x23=xxxxxxxx  x2:10001f98  PA:10001fd4
15744905ns          283445 1c0086a8 03812c03 lw               x24, 56(x2)         x24=xxxxxxxx  x2:10001f98  PA:10001fd0
15744925ns          283446 1c0086aa 03412c83 lw               x25, 52(x2)         x25=xxxxxxxx  x2:10001f98  PA:10001fcc
15744945ns          283447 1c0086ac 00154513 xori             x10, x10, 1         x10=00000000 x10:00000001
15745323ns          283466 1c0086b0 06010113 addi             x2, x2, 96           x2=10001ff8  x2:10001f98
15745342ns          283467 1c0086b2 00008067 jalr             x0, x1, 0            x1:1c00a08e
15745502ns          283475 1c00a08e f14027f3 csrrs            x15, x0, 0xf14      x15=00000003
15745541ns          283477 1c00a092 f457b7b3 p.bclr           x15, x15, 26, 5     x15=00000003 x15:00000003
15745561ns          283478 1c00a096 00079963 bne              x15, x0, 18         x15:00000003
15746078ns          283504 1c00a0a8 002047b7 lui              x15, 0x204000       x15=00204000
15746098ns          283505 1c00a0ac fff00713 addi             x14, x0, -1         x14=ffffffff
15746118ns          283506 1c00a0ae 00e7a223 sw               x14, 4(x15)         x14:ffffffff x15:00204000  PA:00204004
