                Time          Cycles PC       Instr    Mnemonic
14929384ns          242445 1c008080 0640006f jal              x0, 100            
14929842ns          242468 1c0080e4 f1402573 csrrs            x10, x0, 0xf14      x10=00000002
14929881ns          242470 1c0080e8 01f57593 andi             x11, x10, 31        x11=00000002 x10:00000002
14929901ns          242471 1c0080ec 00555513 srli             x10, x10, 0x5       x10=00000000 x10:00000002
14929921ns          242472 1c0080ee 01f00613 addi             x12, x0, 31         x12=0000001f
14930359ns          242494 1c0080f0 00c50463 beq              x10, x12, 8         x10:00000000 x12:0000001f
14930398ns          242496 1c0080f4 fa1ff06f jal              x0, -96            
14930856ns          242519 1c008094 f3ff8117 auipc            x2, 0xf3ff8000       x2=10000094
14930896ns          242521 1c008098 f7010113 addi             x2, x2, -144         x2=10000004  x2:10000094
14930916ns          242522 1c00809c 00012103 lw               x2, 0(x2)            x2=10000008  x2:10000004  PA:10000004
14931353ns          242544 1c0080a0 000011b7 lui              x3, 0x1000           x3=00001000
14931393ns          242546 1c0080a4 80018193 addi             x3, x3, -2048        x3=00000800  x3:00001000
14931413ns          242547 1c0080a8 00158593 addi             x11, x11, 1         x11=00000003 x11:00000002
14931433ns          242548 1c0080ac 02b180b3 mul              x1, x3, x11          x1=00001800  x3:00000800 x11:00000003
14931870ns          242570 1c0080b0 00110133 add              x2, x2, x1           x2=10001808  x2:10000008  x1:00001800
14931910ns          242572 1c0080b4 7b50106f jal              x0, 8116           
14932368ns          242595 1c00a068 ff010113 addi             x2, x2, -16          x2=100017f8  x2:10001808
14932388ns          242596 1c00a06a 00112623 sw               x1, 12(x2)           x1:00001800  x2:100017f8  PA:10001804
14932407ns          242597 1c00a06c 002047b7 lui              x15, 0x204000       x15=00204000
14932865ns          242620 1c00a070 00070737 lui              x14, 0x70000        x14=00070000
14932905ns          242622 1c00a074 00e7a423 sw               x14, 8(x15)         x14:00070000 x15:00204000  PA:00204008
14932925ns          242623 1c00a076 00f00713 addi             x14, x0, 15         x14=0000000f
14932944ns          242624 1c00a078 20078793 addi             x15, x15, 512       x15=00204200 x15:00204000
14932964ns          242625 1c00a07c 00e7a023 sw               x14, 0(x15)         x14:0000000f x15:00204200  PA:00204200
14933382ns          242646 1c00a080 00e7a623 sw               x14, 12(x15)        x14:0000000f x15:00204200  PA:0020420c
14933422ns          242648 1c00a084 1c0017b7 lui              x15, 0x1c001000     x15=1c001000
14933442ns          242649 1c00a088 a947a783 lw               x15, -1388(x15)     x15=1c00813e x15:1c001000  PA:1c000a94
14933919ns          242673 1c00a08c 000780e7 jalr             x1, x15, 0           x1=1c00a08e x15:1c00813e
14934377ns          242696 1c00813e fa010113 addi             x2, x2, -96          x2=10001798  x2:100017f8
14934834ns          242719 1c008140 04812c23 sw               x8, 88(x2)           x8:xxxxxxxx  x2:10001798  PA:100017f0
14934854ns          242720 1c008142 04112e23 sw               x1, 92(x2)           x1:1c00a08e  x2:10001798  PA:100017f4
14934874ns          242721 1c008144 f1402473 csrrs            x8, x0, 0xf14        x8=00000002
14934894ns          242722 1c008148 04912a23 sw               x9, 84(x2)           x9:xxxxxxxx  x2:10001798  PA:100017ec
14934914ns          242723 1c00814a 05212823 sw               x18, 80(x2)         x18:xxxxxxxx  x2:10001798  PA:100017e8
14934934ns          242724 1c00814c 05312623 sw               x19, 76(x2)         x19:xxxxxxxx  x2:10001798  PA:100017e4
14934953ns          242725 1c00814e 05412423 sw               x20, 72(x2)         x20:xxxxxxxx  x2:10001798  PA:100017e0
14935351ns          242745 1c008150 05512223 sw               x21, 68(x2)         x21:xxxxxxxx  x2:10001798  PA:100017dc
14935371ns          242746 1c008152 05612023 sw               x22, 64(x2)         x22:xxxxxxxx  x2:10001798  PA:100017d8
14935391ns          242747 1c008154 03712e23 sw               x23, 60(x2)         x23:xxxxxxxx  x2:10001798  PA:100017d4
14935411ns          242748 1c008156 03812c23 sw               x24, 56(x2)         x24:xxxxxxxx  x2:10001798  PA:100017d0
14935431ns          242749 1c008158 03912a23 sw               x25, 52(x2)         x25:xxxxxxxx  x2:10001798  PA:100017cc
14935451ns          242750 1c00815a ca5417b3 p.extractu       x15, x8, 5, 5       x15=00000000  x8:00000002
14935868ns          242771 1c00815e 54079b63 bne              x15, x0, 1366       x15:00000000
14935908ns          242773 1c008162 f4543433 p.bclr           x8, x8, 26, 5        x8=00000002  x8:00000002
14935928ns          242774 1c008166 1c000537 lui              x10, 0x1c000000     x10=1c000000
14935948ns          242775 1c00816a 00800633 add              x12, x0, x8         x12=00000002  x8:00000002
14935968ns          242776 1c00816c 00100593 addi             x11, x0, 1          x11=00000001
14936386ns          242797 1c00816e 02450513 addi             x10, x10, 36        x10=1c000024 x10:1c000000
14936425ns          242799 1c008172 457000ef jal              x1, 3158             x1=1c008176
14936903ns          242823 1c008dc8 fc010113 addi             x2, x2, -64          x2=10001758  x2:10001798
14936943ns          242825 1c008dca 02410313 addi             x6, x2, 36           x6=1000177c  x2:10001758
14936962ns          242826 1c008dce 02c12423 sw               x12, 40(x2)         x12:00000002  x2:10001758  PA:10001780
14937380ns          242847 1c008dd0 00a00633 add              x12, x0, x10        x12=1c000024 x10:1c000024
14937420ns          242849 1c008dd2 1c009537 lui              x10, 0x1c009000     x10=1c009000
14937440ns          242850 1c008dd6 02b12223 sw               x11, 36(x2)         x11:00000001  x2:10001758  PA:1000177c
14937460ns          242851 1c008dd8 02d12623 sw               x13, 44(x2)         x13:xxxxxxxx  x2:10001758  PA:10001784
14937480ns          242852 1c008dda 00200593 addi             x11, x0, 2          x11=00000002
14937499ns          242853 1c008ddc 006006b3 add              x13, x0, x6         x13=1000177c  x6:1000177c
14937897ns          242873 1c008dde d5c50513 addi             x10, x10, -676      x10=1c008d5c x10:1c009000
14937917ns          242874 1c008de2 00112e23 sw               x1, 28(x2)           x1:1c008176  x2:10001758  PA:10001774
14937937ns          242875 1c008de4 02e12823 sw               x14, 48(x2)         x14:0000000f  x2:10001758  PA:10001788
14937957ns          242876 1c008de6 02f12a23 sw               x15, 52(x2)         x15:00000000  x2:10001758  PA:1000178c
14937977ns          242877 1c008de8 03012c23 sw               x16, 56(x2)         x16:xxxxxxxx  x2:10001758  PA:10001790
14937997ns          242878 1c008dea 03112e23 sw               x17, 60(x2)         x17:xxxxxxxx  x2:10001758  PA:10001794
14938017ns          242879 1c008dec 00612623 sw               x6, 12(x2)           x6:1000177c  x2:10001758  PA:10001764
14938037ns          242880 1c008dee fbfff0ef jal              x1, -66              x1=1c008df0
14938872ns          242922 1c008dac 04a0006f jal              x0, 74             
14938912ns          242924 1c008df6 ed010113 addi             x2, x2, -304         x2=10001628  x2:10001758
14938932ns          242925 1c008df8 12812423 sw               x8, 296(x2)          x8:00000002  x2:10001628  PA:10001750
14938951ns          242926 1c008dfc 00000413 addi             x8, x0, 0            x8=00000000
14939389ns          242948 1c008dfe 11612823 sw               x22, 272(x2)        x22:xxxxxxxx  x2:10001628  PA:10001738
14939429ns          242950 1c008e02 11712623 sw               x23, 268(x2)        x23:xxxxxxxx  x2:10001628  PA:10001734
14939449ns          242951 1c008e06 11812423 sw               x24, 264(x2)        x24:xxxxxxxx  x2:10001628  PA:10001730
14939469ns          242952 1c008e0a 11912223 sw               x25, 260(x2)        x25:xxxxxxxx  x2:10001628  PA:1000172c
14939906ns          242974 1c008e0e 11a12023 sw               x26, 256(x2)        x26:xxxxxxxx  x2:10001628  PA:10001728
14939926ns          242975 1c008e12 0fb12e23 sw               x27, 252(x2)        x27:xxxxxxxx  x2:10001628  PA:10001724
14939946ns          242976 1c008e14 12112623 sw               x1, 300(x2)          x1:1c008df0  x2:10001628  PA:10001754
14939966ns          242977 1c008e18 00800db3 add              x27, x0, x8         x27=00000000  x8:00000000
14939986ns          242978 1c008e1a 12912223 sw               x9, 292(x2)          x9:xxxxxxxx  x2:10001628  PA:1000174c
14940423ns          243000 1c008e1e 13212023 sw               x18, 288(x2)        x18:xxxxxxxx  x2:10001628  PA:10001748
14940463ns          243002 1c008e22 11312e23 sw               x19, 284(x2)        x19:xxxxxxxx  x2:10001628  PA:10001744
14940483ns          243003 1c008e26 11412c23 sw               x20, 280(x2)        x20:xxxxxxxx  x2:10001628  PA:10001740
14940503ns          243004 1c008e2a 11512a23 sw               x21, 276(x2)        x21:xxxxxxxx  x2:10001628  PA:1000173c
14940523ns          243005 1c008e2e 00a00b33 add              x22, x0, x10        x22=1c008d5c x10:1c008d5c
14940960ns          243027 1c008e30 00b00d33 add              x26, x0, x11        x26=00000002 x11:00000002
14940980ns          243028 1c008e32 00d00c33 add              x24, x0, x13        x24=1000177c x13:1000177c
14941000ns          243029 1c008e34 1c000bb7 lui              x23, 0x1c000000     x23=1c000000
14941020ns          243030 1c008e38 02410c93 addi             x25, x2, 36         x25=1000164c  x2:10001628
14941040ns          243031 1c008e3c 00c00433 add              x8, x0, x12          x8=1c000024 x12:1c000024
14941478ns          243053 1c008e3e 00044503 lbu              x10, 0(x8)          x10=00000073  x8:1c000024  PA:1c000024
14941776ns          243068 1c008e42 00140413 addi             x8, x8, 1            x8=1c000025  x8:1c000024
14941796ns          243069 1c008e44 00050e63 beq              x10, x0, 28         x10:00000073
14941816ns          243070 1c008e46 02500793 addi             x15, x0, 37         x15=00000025
14941836ns          243071 1c008e4a 04f50863 beq              x10, x15, 80        x10:00000073 x15:00000025
14941856ns          243072 1c008e4e 01a005b3 add              x11, x0, x26        x11=00000002 x26:00000002
14942015ns          243080 1c008e50 000b00e7 jalr             x1, x22, 0           x1=1c008e52 x22:1c008d5c
14942512ns          243105 1c008d5c 000026b7 lui              x13, 0x2000         x13=00002000
14942969ns          243128 1c008d5e f14027f3 csrrs            x15, x0, 0xf14      x15=00000002
14943009ns          243130 1c008d62 f8068693 addi             x13, x13, -128      x13=00001f80 x13:00002000
14943029ns          243131 1c008d66 00379713 slli             x14, x15, 0x3       x14=00000010 x15:00000002
14943049ns          243132 1c008d6a 00279793 slli             x15, x15, 0x2       x15=00000008 x15:00000002
14943069ns          243133 1c008d6c 00d7f7b3 and              x15, x15, x13       x15=00000000 x15:00000008 x13:00001f80
14943506ns          243155 1c008d6e ee873733 p.bclr           x14, x14, 23, 8     x14=00000010 x14:00000010
14943546ns          243157 1c008d72 1a10f6b7 lui              x13, 0x1a10f000     x13=1a10f000
14943566ns          243158 1c008d76 0ff57513 andi             x10, x10, 255       x10=00000073 x10:00000073
14943586ns          243159 1c008d7a 00d70733 add              x14, x14, x13       x14=1a10f010 x14:00000010 x13:1a10f000
14943606ns          243160 1c008d7c 00a7e723 p.sw             x10, x0(x15)        x10:00000073 x15:00000000  PA:1a10f010
14944024ns          243181 1c008d80 00000513 addi             x10, x0, 0          x10=00000000
14944044ns          243182 1c008d82 00008067 jalr             x0, x1, 0            x1:1c008e52
14944103ns          243185 1c008e52 31f52563 p.beqimm         x10, 778            x10:00000000
14944123ns          243186 1c008e56 001d8d93 addi             x27, x27, 1         x27=00000001 x27:00000000
14944143ns          243187 1c008e58 00044503 lbu              x10, 0(x8)          x10=00000074  x8:1c000025  PA:1c000025
14944600ns          243210 1c008e5c 00140413 addi             x8, x8, 1            x8=1c000026  x8:1c000025
14944620ns          243211 1c008e5e fe0514e3 bne              x10, x0, -24        x10:00000074
14944700ns          243215 1c008e46 02500793 addi             x15, x0, 37         x15=00000025
14944720ns          243216 1c008e4a 04f50863 beq              x10, x15, 80        x10:00000074 x15:00000025
14944740ns          243217 1c008e4e 01a005b3 add              x11, x0, x26        x11=00000002 x26:00000002
14944760ns          243218 1c008e50 000b00e7 jalr             x1, x22, 0           x1=1c008e52 x22:1c008d5c
14944799ns          243220 1c008d5c 000026b7 lui              x13, 0x2000         x13=00002000
14944819ns          243221 1c008d5e f14027f3 csrrs            x15, x0, 0xf14      x15=00000002
14944839ns          243222 1c008d62 f8068693 addi             x13, x13, -128      x13=00001f80 x13:00002000
14944859ns          243223 1c008d66 00379713 slli             x14, x15, 0x3       x14=00000010 x15:00000002
14944879ns          243224 1c008d6a 00279793 slli             x15, x15, 0x2       x15=00000008 x15:00000002
14944899ns          243225 1c008d6c 00d7f7b3 and              x15, x15, x13       x15=00000000 x15:00000008 x13:00001f80
14944919ns          243226 1c008d6e ee873733 p.bclr           x14, x14, 23, 8     x14=00000010 x14:00000010
14944939ns          243227 1c008d72 1a10f6b7 lui              x13, 0x1a10f000     x13=1a10f000
14944958ns          243228 1c008d76 0ff57513 andi             x10, x10, 255       x10=00000074 x10:00000074
14944978ns          243229 1c008d7a 00d70733 add              x14, x14, x13       x14=1a10f010 x14:00000010 x13:1a10f000
14944998ns          243230 1c008d7c 00a7e723 p.sw             x10, x0(x15)        x10:00000074 x15:00000000  PA:1a10f010
14945376ns          243249 1c008d80 00000513 addi             x10, x0, 0          x10=00000000
14945396ns          243250 1c008d82 00008067 jalr             x0, x1, 0            x1:1c008e52
14945456ns          243253 1c008e52 31f52563 p.beqimm         x10, 778            x10:00000000
14945476ns          243254 1c008e56 001d8d93 addi             x27, x27, 1         x27=00000002 x27:00000001
14945496ns          243255 1c008e58 00044503 lbu              x10, 0(x8)          x10=00000061  x8:1c000026  PA:1c000026
14945794ns          243270 1c008e5c 00140413 addi             x8, x8, 1            x8=1c000027  x8:1c000026
14945814ns          243271 1c008e5e fe0514e3 bne              x10, x0, -24        x10:00000061
14945893ns          243275 1c008e46 02500793 addi             x15, x0, 37         x15=00000025
14945913ns          243276 1c008e4a 04f50863 beq              x10, x15, 80        x10:00000061 x15:00000025
14945933ns          243277 1c008e4e 01a005b3 add              x11, x0, x26        x11=00000002 x26:00000002
14945953ns          243278 1c008e50 000b00e7 jalr             x1, x22, 0           x1=1c008e52 x22:1c008d5c
14945993ns          243280 1c008d5c 000026b7 lui              x13, 0x2000         x13=00002000
14946013ns          243281 1c008d5e f14027f3 csrrs            x15, x0, 0xf14      x15=00000002
14946033ns          243282 1c008d62 f8068693 addi             x13, x13, -128      x13=00001f80 x13:00002000
14946052ns          243283 1c008d66 00379713 slli             x14, x15, 0x3       x14=00000010 x15:00000002
14946072ns          243284 1c008d6a 00279793 slli             x15, x15, 0x2       x15=00000008 x15:00000002
14946092ns          243285 1c008d6c 00d7f7b3 and              x15, x15, x13       x15=00000000 x15:00000008 x13:00001f80
14946112ns          243286 1c008d6e ee873733 p.bclr           x14, x14, 23, 8     x14=00000010 x14:00000010
14946132ns          243287 1c008d72 1a10f6b7 lui              x13, 0x1a10f000     x13=1a10f000
14946152ns          243288 1c008d76 0ff57513 andi             x10, x10, 255       x10=00000061 x10:00000061
14946172ns          243289 1c008d7a 00d70733 add              x14, x14, x13       x14=1a10f010 x14:00000010 x13:1a10f000
14946192ns          243290 1c008d7c 00a7e723 p.sw             x10, x0(x15)        x10:00000061 x15:00000000  PA:1a10f010
14946510ns          243306 1c008d80 00000513 addi             x10, x0, 0          x10=00000000
14946530ns          243307 1c008d82 00008067 jalr             x0, x1, 0            x1:1c008e52
14946590ns          243310 1c008e52 31f52563 p.beqimm         x10, 778            x10:00000000
14946609ns          243311 1c008e56 001d8d93 addi             x27, x27, 1         x27=00000003 x27:00000002
14946629ns          243312 1c008e58 00044503 lbu              x10, 0(x8)          x10=00000072  x8:1c000027  PA:1c000027
14946928ns          243327 1c008e5c 00140413 addi             x8, x8, 1            x8=1c000028  x8:1c000027
14946948ns          243328 1c008e5e fe0514e3 bne              x10, x0, -24        x10:00000072
14947027ns          243332 1c008e46 02500793 addi             x15, x0, 37         x15=00000025
14947047ns          243333 1c008e4a 04f50863 beq              x10, x15, 80        x10:00000072 x15:00000025
14947067ns          243334 1c008e4e 01a005b3 add              x11, x0, x26        x11=00000002 x26:00000002
14947087ns          243335 1c008e50 000b00e7 jalr             x1, x22, 0           x1=1c008e52 x22:1c008d5c
14947127ns          243337 1c008d5c 000026b7 lui              x13, 0x2000         x13=00002000
14947146ns          243338 1c008d5e f14027f3 csrrs            x15, x0, 0xf14      x15=00000002
14947166ns          243339 1c008d62 f8068693 addi             x13, x13, -128      x13=00001f80 x13:00002000
14947186ns          243340 1c008d66 00379713 slli             x14, x15, 0x3       x14=00000010 x15:00000002
14947206ns          243341 1c008d6a 00279793 slli             x15, x15, 0x2       x15=00000008 x15:00000002
14947226ns          243342 1c008d6c 00d7f7b3 and              x15, x15, x13       x15=00000000 x15:00000008 x13:00001f80
14947246ns          243343 1c008d6e ee873733 p.bclr           x14, x14, 23, 8     x14=00000010 x14:00000010
14947266ns          243344 1c008d72 1a10f6b7 lui              x13, 0x1a10f000     x13=1a10f000
14947286ns          243345 1c008d76 0ff57513 andi             x10, x10, 255       x10=00000072 x10:00000072
14947306ns          243346 1c008d7a 00d70733 add              x14, x14, x13       x14=1a10f010 x14:00000010 x13:1a10f000
14947325ns          243347 1c008d7c 00a7e723 p.sw             x10, x0(x15)        x10:00000072 x15:00000000  PA:1a10f010
14947664ns          243364 1c008d80 00000513 addi             x10, x0, 0          x10=00000000
14947684ns          243365 1c008d82 00008067 jalr             x0, x1, 0            x1:1c008e52
14947743ns          243368 1c008e52 31f52563 p.beqimm         x10, 778            x10:00000000
14947763ns          243369 1c008e56 001d8d93 addi             x27, x27, 1         x27=00000004 x27:00000003
14947783ns          243370 1c008e58 00044503 lbu              x10, 0(x8)          x10=00000074  x8:1c000028  PA:1c000028
14948081ns          243385 1c008e5c 00140413 addi             x8, x8, 1            x8=1c000029  x8:1c000028
14948101ns          243386 1c008e5e fe0514e3 bne              x10, x0, -24        x10:00000074
14948181ns          243390 1c008e46 02500793 addi             x15, x0, 37         x15=00000025
14948201ns          243391 1c008e4a 04f50863 beq              x10, x15, 80        x10:00000074 x15:00000025
14948221ns          243392 1c008e4e 01a005b3 add              x11, x0, x26        x11=00000002 x26:00000002
14948240ns          243393 1c008e50 000b00e7 jalr             x1, x22, 0           x1=1c008e52 x22:1c008d5c
14948280ns          243395 1c008d5c 000026b7 lui              x13, 0x2000         x13=00002000
14948300ns          243396 1c008d5e f14027f3 csrrs            x15, x0, 0xf14      x15=00000002
14948320ns          243397 1c008d62 f8068693 addi             x13, x13, -128      x13=00001f80 x13:00002000
14948340ns          243398 1c008d66 00379713 slli             x14, x15, 0x3       x14=00000010 x15:00000002
14948360ns          243399 1c008d6a 00279793 slli             x15, x15, 0x2       x15=00000008 x15:00000002
14948380ns          243400 1c008d6c 00d7f7b3 and              x15, x15, x13       x15=00000000 x15:00000008 x13:00001f80
14948400ns          243401 1c008d6e ee873733 p.bclr           x14, x14, 23, 8     x14=00000010 x14:00000010
14948419ns          243402 1c008d72 1a10f6b7 lui              x13, 0x1a10f000     x13=1a10f000
14948439ns          243403 1c008d76 0ff57513 andi             x10, x10, 255       x10=00000074 x10:00000074
14948459ns          243404 1c008d7a 00d70733 add              x14, x14, x13       x14=1a10f010 x14:00000010 x13:1a10f000
14948479ns          243405 1c008d7c 00a7e723 p.sw             x10, x0(x15)        x10:00000074 x15:00000000  PA:1a10f010
14948817ns          243422 1c008d80 00000513 addi             x10, x0, 0          x10=00000000
14948837ns          243423 1c008d82 00008067 jalr             x0, x1, 0            x1:1c008e52
14948897ns          243426 1c008e52 31f52563 p.beqimm         x10, 778            x10:00000000
14948917ns          243427 1c008e56 001d8d93 addi             x27, x27, 1         x27=00000005 x27:00000004
14948937ns          243428 1c008e58 00044503 lbu              x10, 0(x8)          x10=00000069  x8:1c000029  PA:1c000029
14949235ns          243443 1c008e5c 00140413 addi             x8, x8, 1            x8=1c00002a  x8:1c000029
14949255ns          243444 1c008e5e fe0514e3 bne              x10, x0, -24        x10:00000069
14949334ns          243448 1c008e46 02500793 addi             x15, x0, 37         x15=00000025
14949354ns          243449 1c008e4a 04f50863 beq              x10, x15, 80        x10:00000069 x15:00000025
14949374ns          243450 1c008e4e 01a005b3 add              x11, x0, x26        x11=00000002 x26:00000002
14949394ns          243451 1c008e50 000b00e7 jalr             x1, x22, 0           x1=1c008e52 x22:1c008d5c
14949434ns          243453 1c008d5c 000026b7 lui              x13, 0x2000         x13=00002000
14949454ns          243454 1c008d5e f14027f3 csrrs            x15, x0, 0xf14      x15=00000002
14949474ns          243455 1c008d62 f8068693 addi             x13, x13, -128      x13=00001f80 x13:00002000
14949494ns          243456 1c008d66 00379713 slli             x14, x15, 0x3       x14=00000010 x15:00000002
14949513ns          243457 1c008d6a 00279793 slli             x15, x15, 0x2       x15=00000008 x15:00000002
14949533ns          243458 1c008d6c 00d7f7b3 and              x15, x15, x13       x15=00000000 x15:00000008 x13:00001f80
14949553ns          243459 1c008d6e ee873733 p.bclr           x14, x14, 23, 8     x14=00000010 x14:00000010
14949573ns          243460 1c008d72 1a10f6b7 lui              x13, 0x1a10f000     x13=1a10f000
14949593ns          243461 1c008d76 0ff57513 andi             x10, x10, 255       x10=00000069 x10:00000069
14949613ns          243462 1c008d7a 00d70733 add              x14, x14, x13       x14=1a10f010 x14:00000010 x13:1a10f000
14949633ns          243463 1c008d7c 00a7e723 p.sw             x10, x0(x15)        x10:00000069 x15:00000000  PA:1a10f010
14949951ns          243479 1c008d80 00000513 addi             x10, x0, 0          x10=00000000
14949971ns          243480 1c008d82 00008067 jalr             x0, x1, 0            x1:1c008e52
14950031ns          243483 1c008e52 31f52563 p.beqimm         x10, 778            x10:00000000
14950051ns          243484 1c008e56 001d8d93 addi             x27, x27, 1         x27=00000006 x27:00000005
14950070ns          243485 1c008e58 00044503 lbu              x10, 0(x8)          x10=0000006e  x8:1c00002a  PA:1c00002a
14950369ns          243500 1c008e5c 00140413 addi             x8, x8, 1            x8=1c00002b  x8:1c00002a
14950389ns          243501 1c008e5e fe0514e3 bne              x10, x0, -24        x10:0000006e
14950468ns          243505 1c008e46 02500793 addi             x15, x0, 37         x15=00000025
14950488ns          243506 1c008e4a 04f50863 beq              x10, x15, 80        x10:0000006e x15:00000025
14950508ns          243507 1c008e4e 01a005b3 add              x11, x0, x26        x11=00000002 x26:00000002
14950528ns          243508 1c008e50 000b00e7 jalr             x1, x22, 0           x1=1c008e52 x22:1c008d5c
14950568ns          243510 1c008d5c 000026b7 lui              x13, 0x2000         x13=00002000
14950588ns          243511 1c008d5e f14027f3 csrrs            x15, x0, 0xf14      x15=00000002
14950607ns          243512 1c008d62 f8068693 addi             x13, x13, -128      x13=00001f80 x13:00002000
14950627ns          243513 1c008d66 00379713 slli             x14, x15, 0x3       x14=00000010 x15:00000002
14950647ns          243514 1c008d6a 00279793 slli             x15, x15, 0x2       x15=00000008 x15:00000002
14950667ns          243515 1c008d6c 00d7f7b3 and              x15, x15, x13       x15=00000000 x15:00000008 x13:00001f80
14950687ns          243516 1c008d6e ee873733 p.bclr           x14, x14, 23, 8     x14=00000010 x14:00000010
14950707ns          243517 1c008d72 1a10f6b7 lui              x13, 0x1a10f000     x13=1a10f000
14950727ns          243518 1c008d76 0ff57513 andi             x10, x10, 255       x10=0000006e x10:0000006e
14950747ns          243519 1c008d7a 00d70733 add              x14, x14, x13       x14=1a10f010 x14:00000010 x13:1a10f000
14950767ns          243520 1c008d7c 00a7e723 p.sw             x10, x0(x15)        x10:0000006e x15:00000000  PA:1a10f010
14951085ns          243536 1c008d80 00000513 addi             x10, x0, 0          x10=00000000
14951105ns          243537 1c008d82 00008067 jalr             x0, x1, 0            x1:1c008e52
14951164ns          243540 1c008e52 31f52563 p.beqimm         x10, 778            x10:00000000
14951184ns          243541 1c008e56 001d8d93 addi             x27, x27, 1         x27=00000007 x27:00000006
14951204ns          243542 1c008e58 00044503 lbu              x10, 0(x8)          x10=00000067  x8:1c00002b  PA:1c00002b
14951503ns          243557 1c008e5c 00140413 addi             x8, x8, 1            x8=1c00002c  x8:1c00002b
14951522ns          243558 1c008e5e fe0514e3 bne              x10, x0, -24        x10:00000067
14951602ns          243562 1c008e46 02500793 addi             x15, x0, 37         x15=00000025
14951622ns          243563 1c008e4a 04f50863 beq              x10, x15, 80        x10:00000067 x15:00000025
14951642ns          243564 1c008e4e 01a005b3 add              x11, x0, x26        x11=00000002 x26:00000002
14951662ns          243565 1c008e50 000b00e7 jalr             x1, x22, 0           x1=1c008e52 x22:1c008d5c
14951701ns          243567 1c008d5c 000026b7 lui              x13, 0x2000         x13=00002000
14951721ns          243568 1c008d5e f14027f3 csrrs            x15, x0, 0xf14      x15=00000002
14951741ns          243569 1c008d62 f8068693 addi             x13, x13, -128      x13=00001f80 x13:00002000
14951761ns          243570 1c008d66 00379713 slli             x14, x15, 0x3       x14=00000010 x15:00000002
14951781ns          243571 1c008d6a 00279793 slli             x15, x15, 0x2       x15=00000008 x15:00000002
14951801ns          243572 1c008d6c 00d7f7b3 and              x15, x15, x13       x15=00000000 x15:00000008 x13:00001f80
14951821ns          243573 1c008d6e ee873733 p.bclr           x14, x14, 23, 8     x14=00000010 x14:00000010
14951841ns          243574 1c008d72 1a10f6b7 lui              x13, 0x1a10f000     x13=1a10f000
14951861ns          243575 1c008d76 0ff57513 andi             x10, x10, 255       x10=00000067 x10:00000067
14951880ns          243576 1c008d7a 00d70733 add              x14, x14, x13       x14=1a10f010 x14:00000010 x13:1a10f000
14951900ns          243577 1c008d7c 00a7e723 p.sw             x10, x0(x15)        x10:00000067 x15:00000000  PA:1a10f010
14952239ns          243594 1c008d80 00000513 addi             x10, x0, 0          x10=00000000
14952258ns          243595 1c008d82 00008067 jalr             x0, x1, 0            x1:1c008e52
14952318ns          243598 1c008e52 31f52563 p.beqimm         x10, 778            x10:00000000
14952338ns          243599 1c008e56 001d8d93 addi             x27, x27, 1         x27=00000008 x27:00000007
14952358ns          243600 1c008e58 00044503 lbu              x10, 0(x8)          x10=00000020  x8:1c00002c  PA:1c00002c
14952676ns          243616 1c008e5c 00140413 addi             x8, x8, 1            x8=1c00002d  x8:1c00002c
14952696ns          243617 1c008e5e fe0514e3 bne              x10, x0, -24        x10:00000020
14952776ns          243621 1c008e46 02500793 addi             x15, x0, 37         x15=00000025
14952795ns          243622 1c008e4a 04f50863 beq              x10, x15, 80        x10:00000020 x15:00000025
14952815ns          243623 1c008e4e 01a005b3 add              x11, x0, x26        x11=00000002 x26:00000002
14952835ns          243624 1c008e50 000b00e7 jalr             x1, x22, 0           x1=1c008e52 x22:1c008d5c
14952875ns          243626 1c008d5c 000026b7 lui              x13, 0x2000         x13=00002000
14952895ns          243627 1c008d5e f14027f3 csrrs            x15, x0, 0xf14      x15=00000002
14952915ns          243628 1c008d62 f8068693 addi             x13, x13, -128      x13=00001f80 x13:00002000
14952935ns          243629 1c008d66 00379713 slli             x14, x15, 0x3       x14=00000010 x15:00000002
14952955ns          243630 1c008d6a 00279793 slli             x15, x15, 0x2       x15=00000008 x15:00000002
14952974ns          243631 1c008d6c 00d7f7b3 and              x15, x15, x13       x15=00000000 x15:00000008 x13:00001f80
14952994ns          243632 1c008d6e ee873733 p.bclr           x14, x14, 23, 8     x14=00000010 x14:00000010
14953014ns          243633 1c008d72 1a10f6b7 lui              x13, 0x1a10f000     x13=1a10f000
14953034ns          243634 1c008d76 0ff57513 andi             x10, x10, 255       x10=00000020 x10:00000020
14953054ns          243635 1c008d7a 00d70733 add              x14, x14, x13       x14=1a10f010 x14:00000010 x13:1a10f000
14953074ns          243636 1c008d7c 00a7e723 p.sw             x10, x0(x15)        x10:00000020 x15:00000000  PA:1a10f010
14953392ns          243652 1c008d80 00000513 addi             x10, x0, 0          x10=00000000
14953412ns          243653 1c008d82 00008067 jalr             x0, x1, 0            x1:1c008e52
14953472ns          243656 1c008e52 31f52563 p.beqimm         x10, 778            x10:00000000
14953492ns          243657 1c008e56 001d8d93 addi             x27, x27, 1         x27=00000009 x27:00000008
14953512ns          243658 1c008e58 00044503 lbu              x10, 0(x8)          x10=00000025  x8:1c00002d  PA:1c00002d
14953810ns          243673 1c008e5c 00140413 addi             x8, x8, 1            x8=1c00002e  x8:1c00002d
14953830ns          243674 1c008e5e fe0514e3 bne              x10, x0, -24        x10:00000025
14953909ns          243678 1c008e46 02500793 addi             x15, x0, 37         x15=00000025
14953929ns          243679 1c008e4a 04f50863 beq              x10, x15, 80        x10:00000025 x15:00000025
14954347ns          243700 1c008e9a 00044483 lbu              x9, 0(x8)            x9=00000064  x8:1c00002e  PA:1c00002e
14954785ns          243722 1c008e9e 02000693 addi             x13, x0, 32         x13=00000020
14954824ns          243724 1c008ea2 00140a93 addi             x21, x8, 1          x21=1c00002f  x8:1c00002e
14954844ns          243725 1c008ea6 009005b3 add              x11, x0, x9         x11=00000064  x9:00000064
14954864ns          243726 1c008ea8 0fcb8513 addi             x10, x23, 252       x10=1c0000fc x23:1c000000
14954884ns          243727 1c008eac 00d12823 sw               x13, 16(x2)         x13:00000020  x2:10001628  PA:10001638
14954904ns          243728 1c008eae 00012c23 sw               x0, 24(x2)           x2:10001628  PA:10001640
14955302ns          243748 1c008eb0 00012a23 sw               x0, 20(x2)           x2:10001628  PA:1000163c
14955322ns          243749 1c008eb2 00012e23 sw               x0, 28(x2)           x2:10001628  PA:10001644
14955341ns          243750 1c008eb4 00012623 sw               x0, 12(x2)           x2:10001628  PA:10001634
14955361ns          243751 1c008eb6 02300913 addi             x18, x0, 35         x18=00000023
14955381ns          243752 1c008eba 02d00a13 addi             x20, x0, 45         x20=0000002d
14955401ns          243753 1c008ebe 015009b3 add              x19, x0, x21        x19=1c00002f x21:1c00002f
14955819ns          243774 1c008ec0 e1dff0ef jal              x1, -484             x1=1c008ec2
14956276ns          243797 1c008cdc 00054783 lbu              x15, 0(x10)         x15=0000002d x10:1c0000fc  PA:1c0000fc
14956734ns          243820 1c008ce0 0ff5f593 andi             x11, x11, 255       x11=00000064 x11:00000064
14956774ns          243822 1c008ce4 00b78c63 beq              x15, x11, 24        x15:0000002d x11:00000064
14956793ns          243823 1c008ce8 00078b63 beq              x15, x0, 22         x15:0000002d
14956813ns          243824 1c008cea 00150793 addi             x15, x10, 1         x15=1c0000fd x10:1c0000fc
14956833ns          243825 1c008cee 0040006f jal              x0, 4              
14957291ns          243848 1c008cf2 00f00533 add              x10, x0, x15        x10=1c0000fd x15:1c0000fd
14957311ns          243849 1c008cf4 0017c70b p.lbu            x14, 1(x15!)        x14=0000002b x15=1c0000fe x15:1c0000fd  PA:1c0000fd
14957748ns          243871 1c008cf8 feb71ce3 bne              x14, x11, -8        x14:0000002b x11:00000064
14957848ns          243876 1c008cf0 00070763 beq              x14, x0, 14         x14:0000002b
14957868ns          243877 1c008cf2 00f00533 add              x10, x0, x15        x10=1c0000fe x15:1c0000fe
14957887ns          243878 1c008cf4 0017c70b p.lbu            x14, 1(x15!)        x14=00000020 x15=1c0000ff x15:1c0000fe  PA:1c0000fe
14958206ns          243894 1c008cf8 feb71ce3 bne              x14, x11, -8        x14:00000020 x11:00000064
14958265ns          243897 1c008cf0 00070763 beq              x14, x0, 14         x14:00000020
14958285ns          243898 1c008cf2 00f00533 add              x10, x0, x15        x10=1c0000ff x15:1c0000ff
14958305ns          243899 1c008cf4 0017c70b p.lbu            x14, 1(x15!)        x14=00000023 x15=1c000100 x15:1c0000ff  PA:1c0000ff
14958623ns          243915 1c008cf8 feb71ce3 bne              x14, x11, -8        x14:00000023 x11:00000064
14958683ns          243918 1c008cf0 00070763 beq              x14, x0, 14         x14:00000023
14958703ns          243919 1c008cf2 00f00533 add              x10, x0, x15        x10=1c000100 x15:1c000100
14958723ns          243920 1c008cf4 0017c70b p.lbu            x14, 1(x15!)        x14=00000030 x15=1c000101 x15:1c000100  PA:1c000100
14959041ns          243936 1c008cf8 feb71ce3 bne              x14, x11, -8        x14:00000030 x11:00000064
14959101ns          243939 1c008cf0 00070763 beq              x14, x0, 14         x14:00000030
14959121ns          243940 1c008cf2 00f00533 add              x10, x0, x15        x10=1c000101 x15:1c000101
14959141ns          243941 1c008cf4 0017c70b p.lbu            x14, 1(x15!)        x14=00000000 x15=1c000102 x15:1c000101  PA:1c000101
14959479ns          243958 1c008cf8 feb71ce3 bne              x14, x11, -8        x14:00000000 x11:00000064
14959538ns          243961 1c008cf0 00070763 beq              x14, x0, 14         x14:00000000
14959618ns          243965 1c008cfe 0015b593 sltiu            x11, x11, 1         x11=00000000 x11:00000064
14959638ns          243966 1c008d02 40b005b3 sub              x11, x0, x11        x11=00000000 x11:00000000
14959658ns          243967 1c008d06 00b57533 and              x10, x10, x11       x10=00000000 x10:1c000101 x11:00000000
14959678ns          243968 1c008d08 00008067 jalr             x0, x1, 0            x1:1c008ec2
14960175ns          243993 1c008ec2 02050a63 beq              x10, x0, 52         x10:00000000
14960692ns          244019 1c008ef6 02a00613 addi             x12, x0, 42         x12=0000002a
14960712ns          244020 1c008efa 2ac48663 beq              x9, x12, 684         x9:00000064 x12:0000002a
14961150ns          244042 1c008efe fd048613 addi             x12, x9, -48        x12=00000034  x9:00000064
14961169ns          244043 1c008f02 00900593 addi             x11, x0, 9          x11=00000009
14961189ns          244044 1c008f04 00000913 addi             x18, x0, 0          x18=00000000
14961209ns          244045 1c008f06 28c5f063 bgeu             x11, x12, 640       x11:00000009 x12:00000034
14961229ns          244046 1c008f0a 02e00693 addi             x13, x0, 46         x13=0000002e
14961249ns          244047 1c008f0e fff00a13 addi             x20, x0, -1         x20=ffffffff
14961667ns          244068 1c008f10 2ed48363 beq              x9, x13, 742         x9:00000064 x13:0000002e
14961707ns          244070 1c008f14 1c0007b7 lui              x15, 0x1c000000     x15=1c000000
14961726ns          244071 1c008f18 009005b3 add              x11, x0, x9         x11=00000064  x9:00000064
14961746ns          244072 1c008f1a 10478513 addi             x10, x15, 260       x10=1c000104 x15:1c000000
14961766ns          244073 1c008f1e dbfff0ef jal              x1, -578             x1=1c008f20
14962244ns          244097 1c008cdc 00054783 lbu              x15, 0(x10)         x15=00000068 x10:1c000104  PA:1c000104
14962542ns          244112 1c008ce0 0ff5f593 andi             x11, x11, 255       x11=00000064 x11:00000064
14962562ns          244113 1c008ce4 00b78c63 beq              x15, x11, 24        x15:00000068 x11:00000064
14962582ns          244114 1c008ce8 00078b63 beq              x15, x0, 22         x15:00000068
14962602ns          244115 1c008cea 00150793 addi             x15, x10, 1         x15=1c000105 x10:1c000104
14962621ns          244116 1c008cee 0040006f jal              x0, 4              
14962661ns          244118 1c008cf2 00f00533 add              x10, x0, x15        x10=1c000105 x15:1c000105
14962681ns          244119 1c008cf4 0017c70b p.lbu            x14, 1(x15!)        x14=0000006c x15=1c000106 x15:1c000105  PA:1c000105
14962999ns          244135 1c008cf8 feb71ce3 bne              x14, x11, -8        x14:0000006c x11:00000064
14963059ns          244138 1c008cf0 00070763 beq              x14, x0, 14         x14:0000006c
14963079ns          244139 1c008cf2 00f00533 add              x10, x0, x15        x10=1c000106 x15:1c000106
14963099ns          244140 1c008cf4 0017c70b p.lbu            x14, 1(x15!)        x14=0000004c x15=1c000107 x15:1c000106  PA:1c000106
14963477ns          244159 1c008cf8 feb71ce3 bne              x14, x11, -8        x14:0000004c x11:00000064
14963536ns          244162 1c008cf0 00070763 beq              x14, x0, 14         x14:0000004c
14963556ns          244163 1c008cf2 00f00533 add              x10, x0, x15        x10=1c000107 x15:1c000107
14963576ns          244164 1c008cf4 0017c70b p.lbu            x14, 1(x15!)        x14=0000007a x15=1c000108 x15:1c000107  PA:1c000107
14963894ns          244180 1c008cf8 feb71ce3 bne              x14, x11, -8        x14:0000007a x11:00000064
14963954ns          244183 1c008cf0 00070763 beq              x14, x0, 14         x14:0000007a
14963974ns          244184 1c008cf2 00f00533 add              x10, x0, x15        x10=1c000108 x15:1c000108
14963994ns          244185 1c008cf4 0017c70b p.lbu            x14, 1(x15!)        x14=00000000 x15=1c000109 x15:1c000108  PA:1c000108
14964312ns          244201 1c008cf8 feb71ce3 bne              x14, x11, -8        x14:00000000 x11:00000064
14964372ns          244204 1c008cf0 00070763 beq              x14, x0, 14         x14:00000000
14964451ns          244208 1c008cfe 0015b593 sltiu            x11, x11, 1         x11=00000000 x11:00000064
14964471ns          244209 1c008d02 40b005b3 sub              x11, x0, x11        x11=00000000 x11:00000000
14964491ns          244210 1c008d06 00b57533 and              x10, x10, x11       x10=00000000 x10:1c000108 x11:00000000
14964511ns          244211 1c008d08 00008067 jalr             x0, x1, 0            x1:1c008f20
14964551ns          244213 1c008f20 01300433 add              x8, x0, x19          x8=1c00002f x19:1c00002f
14964571ns          244214 1c008f22 00050563 beq              x10, x0, 10         x10:00000000
14964630ns          244217 1c008f2c 06700693 addi             x13, x0, 103        x13=00000067
14965048ns          244238 1c008f30 2896d963 bge              x13, x9, 658        x13:00000067  x9:00000064
14965565ns          244264 1c0091c2 06500693 addi             x13, x0, 101        x13=00000065
14965585ns          244265 1c0091c6 12d4d563 bge              x9, x13, 298         x9:00000064 x13:00000065
14965605ns          244266 1c0091ca 04700693 addi             x13, x0, 71         x13=00000047
14966043ns          244288 1c0091ce dc96cbe3 blt              x13, x9, -554       x13:00000047  x9:00000064
14966520ns          244312 1c008fa4 06300693 addi             x13, x0, 99         x13=00000063
14966560ns          244314 1c008fa8 0ad488e3 beq              x9, x13, 2224        x9:00000064 x13:00000063
14966580ns          244315 1c008fac 0096c9e3 blt              x13, x9, 2066       x13:00000063  x9:00000064
14967992ns          244386 1c0097be 000c2583 lw               x11, 0(x24)         x11=00000001 x24:1000177c  PA:1000177c
14968012ns          244387 1c0097c2 004c0c13 addi             x24, x24, 4         x24=10001780 x24:1000177c
14968032ns          244388 1c0097c4 3405cc63 blt              x11, x0, 856        x11:00000001
14968052ns          244389 1c0097c8 01412603 lw               x12, 20(x2)         x12=00000000  x2:10001628  PA:1000163c
14968072ns          244390 1c0097ca 00b006b3 add              x13, x0, x11        x13=00000001 x11:00000001
14968091ns          244391 1c0097cc 2e061863 bne              x12, x0, 752        x12:00000000
14968509ns          244412 1c0097d0 01812703 lw               x14, 24(x2)         x14=00000000  x2:10001628  PA:10001640
14968529ns          244413 1c0097d2 019007b3 add              x15, x0, x25        x15=1000164c x25:1000164c
14968549ns          244414 1c0097d4 00070763 beq              x14, x0, 14         x14:00000000
14969026ns          244438 1c0097e2 00f00733 add              x14, x0, x15        x14=1000164c x15:1000164c
14969066ns          244440 1c0097e4 00a00513 addi             x10, x0, 10         x10=0000000a
14969086ns          244441 1c0097e6 02a6f633 remu             x12, x13, x10       x12=00000001 x13:00000001 x10:0000000a
14969703ns          244472 1c0097ea 02a6d6b3 divu             x13, x13, x10       x13=00000000 x13:00000001 x10:0000000a
14970319ns          244503 1c0097ee 03060613 addi             x12, x12, 48        x12=00000031 x12:00000001
14970339ns          244504 1c0097f2 00c700ab p.sb             x12, 1(x14!)        x14=1000164d x12:00000031 x14:1000164c  PA:1000164c
14970359ns          244505 1c0097f6 fe0698e3 bne              x13, x0, -16        x13:00000000
14970379ns          244506 1c0097f8 40f706b3 sub              x13, x14, x15       x13=00000001 x14:1000164d x15:1000164c
14970399ns          244507 1c0097fc 0146dc63 bge              x13, x20, 24        x13:00000001 x20:ffffffff
14971274ns          244551 1c009814 00e006b3 add              x13, x0, x14        x13=1000164d x14:1000164d
14971314ns          244553 1c009816 fe068fab p.sb             x0, -1(x13!)        x13=1000164c x13:1000164d  PA:1000164d
14971334ns          244554 1c00981a 00d7fc63 bgeu             x15, x13, 24        x15:1000164c x13:1000164c
14972229ns          244599 1c009832 01412783 lw               x15, 20(x2)         x15=00000000  x2:10001628  PA:1000163c
14972268ns          244601 1c009834 01812603 lw               x12, 24(x2)         x12=00000000  x2:10001628  PA:10001640
14972288ns          244602 1c009836 419704b3 sub              x9, x14, x25         x9=00000001 x14:1000164d x25:1000164c
14972308ns          244603 1c00983a 00c7e7b3 or               x15, x15, x12       x15=00000000 x15:00000000 x12:00000000
14972328ns          244604 1c00983c 00f12623 sw               x15, 12(x2)         x15:00000000  x2:10001628  PA:10001634
14972348ns          244605 1c00983e 00079363 bne              x15, x0, 6          x15:00000000
14972766ns          244626 1c009840 01f5d593 srli             x11, x11, 0x1f      x11=00000000 x11:00000001
14972786ns          244627 1c009842 00b12623 sw               x11, 12(x2)         x11:00000000  x2:10001628  PA:10001634
14972806ns          244628 1c009844 e3fa28e3 p.beqimm         x20, -464           x20:ffffffff
14973283ns          244652 1c009674 0c800793 addi             x15, x0, 200        x15=000000c8
14973323ns          244654 1c009678 9e97d0e3 bge              x15, x9, -1568      x15:000000c8  x9:00000001
14974258ns          244701 1c009058 0f24d163 bge              x9, x18, 226         x9:00000001 x18:00000000
14974775ns          244727 1c00913a d00482e3 beq              x9, x0, -764         x9:00000001
14974795ns          244728 1c00913e 01900933 add              x18, x0, x25        x18=1000164c x25:1000164c
14975212ns          244749 1c009140 419d8db3 sub              x27, x27, x25       x27=efffe9bd x27:00000009 x25:1000164c
14975252ns          244751 1c009144 00a0006f jal              x0, 10             
14975729ns          244775 1c00914e 0019450b p.lbu            x10, 1(x18!)        x10=00000031 x18=1000164d x18:1000164c  PA:1000164c
14975749ns          244776 1c009152 01a005b3 add              x11, x0, x26        x11=00000002 x26:00000002
14975769ns          244777 1c009154 000b00e7 jalr             x1, x22, 0           x1=1c009156 x22:1c008d5c
14975849ns          244781 1c008d5c 000026b7 lui              x13, 0x2000         x13=00002000
14975889ns          244783 1c008d5e f14027f3 csrrs            x15, x0, 0xf14      x15=00000002
14975909ns          244784 1c008d62 f8068693 addi             x13, x13, -128      x13=00001f80 x13:00002000
14975928ns          244785 1c008d66 00379713 slli             x14, x15, 0x3       x14=00000010 x15:00000002
14975948ns          244786 1c008d6a 00279793 slli             x15, x15, 0x2       x15=00000008 x15:00000002
14975968ns          244787 1c008d6c 00d7f7b3 and              x15, x15, x13       x15=00000000 x15:00000008 x13:00001f80
14975988ns          244788 1c008d6e ee873733 p.bclr           x14, x14, 23, 8     x14=00000010 x14:00000010
14976008ns          244789 1c008d72 1a10f6b7 lui              x13, 0x1a10f000     x13=1a10f000
14976028ns          244790 1c008d76 0ff57513 andi             x10, x10, 255       x10=00000031 x10:00000031
14976048ns          244791 1c008d7a 00d70733 add              x14, x14, x13       x14=1a10f010 x14:00000010 x13:1a10f000
14976068ns          244792 1c008d7c 00a7e723 p.sw             x10, x0(x15)        x10:00000031 x15:00000000  PA:1a10f010
14976465ns          244812 1c008d80 00000513 addi             x10, x0, 0          x10=00000000
14976485ns          244813 1c008d82 00008067 jalr             x0, x1, 0            x1:1c009156
14976525ns          244815 1c009156 fff48493 addi             x9, x9, -1           x9=00000000  x9:00000001
14976545ns          244816 1c009158 fff537e3 p.bneimm         x10, -18            x10:00000000
14977002ns          244839 1c009146 012d8733 add              x14, x27, x18       x14=0000000a x27:efffe9bd x18:1000164d
14977022ns          244840 1c00914a 5a048b63 beq              x9, x0, 1462         x9:00000000
14977500ns          244864 1c009700 00e00db3 add              x27, x0, x14        x27=0000000a x14:0000000a
14977540ns          244866 1c009702 f3cff06f jal              x0, -2244          
14977639ns          244871 1c008e3e 00044503 lbu              x10, 0(x8)          x10=00000020  x8:1c00002f  PA:1c00002f
14977997ns          244889 1c008e42 00140413 addi             x8, x8, 1            x8=1c000030  x8:1c00002f
14978017ns          244890 1c008e44 00050e63 beq              x10, x0, 28         x10:00000020
14978037ns          244891 1c008e46 02500793 addi             x15, x0, 37         x15=00000025
14978057ns          244892 1c008e4a 04f50863 beq              x10, x15, 80        x10:00000020 x15:00000025
14978077ns          244893 1c008e4e 01a005b3 add              x11, x0, x26        x11=00000002 x26:00000002
14978096ns          244894 1c008e50 000b00e7 jalr             x1, x22, 0           x1=1c008e52 x22:1c008d5c
14978136ns          244896 1c008d5c 000026b7 lui              x13, 0x2000         x13=00002000
14978196ns          244899 1c008d5e f14027f3 csrrs            x15, x0, 0xf14      x15=00000002
14978236ns          244901 1c008d62 f8068693 addi             x13, x13, -128      x13=00001f80 x13:00002000
14978256ns          244902 1c008d66 00379713 slli             x14, x15, 0x3       x14=00000010 x15:00000002
14978276ns          244903 1c008d6a 00279793 slli             x15, x15, 0x2       x15=00000008 x15:00000002
14978295ns          244904 1c008d6c 00d7f7b3 and              x15, x15, x13       x15=00000000 x15:00000008 x13:00001f80
14978315ns          244905 1c008d6e ee873733 p.bclr           x14, x14, 23, 8     x14=00000010 x14:00000010
14978335ns          244906 1c008d72 1a10f6b7 lui              x13, 0x1a10f000     x13=1a10f000
14978355ns          244907 1c008d76 0ff57513 andi             x10, x10, 255       x10=00000020 x10:00000020
14978375ns          244908 1c008d7a 00d70733 add              x14, x14, x13       x14=1a10f010 x14:00000010 x13:1a10f000
14978395ns          244909 1c008d7c 00a7e723 p.sw             x10, x0(x15)        x10:00000020 x15:00000000  PA:1a10f010
14978753ns          244927 1c008d80 00000513 addi             x10, x0, 0          x10=00000000
14978773ns          244928 1c008d82 00008067 jalr             x0, x1, 0            x1:1c008e52
14978832ns          244931 1c008e52 31f52563 p.beqimm         x10, 778            x10:00000000
14978852ns          244932 1c008e56 001d8d93 addi             x27, x27, 1         x27=0000000b x27:0000000a
14978872ns          244933 1c008e58 00044503 lbu              x10, 0(x8)          x10=0000006b  x8:1c000030  PA:1c000030
14979171ns          244948 1c008e5c 00140413 addi             x8, x8, 1            x8=1c000031  x8:1c000030
14979190ns          244949 1c008e5e fe0514e3 bne              x10, x0, -24        x10:0000006b
14979270ns          244953 1c008e46 02500793 addi             x15, x0, 37         x15=00000025
14979290ns          244954 1c008e4a 04f50863 beq              x10, x15, 80        x10:0000006b x15:00000025
14979310ns          244955 1c008e4e 01a005b3 add              x11, x0, x26        x11=00000002 x26:00000002
14979330ns          244956 1c008e50 000b00e7 jalr             x1, x22, 0           x1=1c008e52 x22:1c008d5c
14979369ns          244958 1c008d5c 000026b7 lui              x13, 0x2000         x13=00002000
14979389ns          244959 1c008d5e f14027f3 csrrs            x15, x0, 0xf14      x15=00000002
14979409ns          244960 1c008d62 f8068693 addi             x13, x13, -128      x13=00001f80 x13:00002000
14979429ns          244961 1c008d66 00379713 slli             x14, x15, 0x3       x14=00000010 x15:00000002
14979449ns          244962 1c008d6a 00279793 slli             x15, x15, 0x2       x15=00000008 x15:00000002
14979469ns          244963 1c008d6c 00d7f7b3 and              x15, x15, x13       x15=00000000 x15:00000008 x13:00001f80
14979489ns          244964 1c008d6e ee873733 p.bclr           x14, x14, 23, 8     x14=00000010 x14:00000010
14979509ns          244965 1c008d72 1a10f6b7 lui              x13, 0x1a10f000     x13=1a10f000
14979529ns          244966 1c008d76 0ff57513 andi             x10, x10, 255       x10=0000006b x10:0000006b
14979549ns          244967 1c008d7a 00d70733 add              x14, x14, x13       x14=1a10f010 x14:00000010 x13:1a10f000
14979568ns          244968 1c008d7c 00a7e723 p.sw             x10, x0(x15)        x10:0000006b x15:00000000  PA:1a10f010
14979887ns          244984 1c008d80 00000513 addi             x10, x0, 0          x10=00000000
14979907ns          244985 1c008d82 00008067 jalr             x0, x1, 0            x1:1c008e52
14979966ns          244988 1c008e52 31f52563 p.beqimm         x10, 778            x10:00000000
14979986ns          244989 1c008e56 001d8d93 addi             x27, x27, 1         x27=0000000c x27:0000000b
14980006ns          244990 1c008e58 00044503 lbu              x10, 0(x8)          x10=00000065  x8:1c000031  PA:1c000031
14980304ns          245005 1c008e5c 00140413 addi             x8, x8, 1            x8=1c000032  x8:1c000031
14980324ns          245006 1c008e5e fe0514e3 bne              x10, x0, -24        x10:00000065
14980404ns          245010 1c008e46 02500793 addi             x15, x0, 37         x15=00000025
14980424ns          245011 1c008e4a 04f50863 beq              x10, x15, 80        x10:00000065 x15:00000025
14980444ns          245012 1c008e4e 01a005b3 add              x11, x0, x26        x11=00000002 x26:00000002
14980463ns          245013 1c008e50 000b00e7 jalr             x1, x22, 0           x1=1c008e52 x22:1c008d5c
14980503ns          245015 1c008d5c 000026b7 lui              x13, 0x2000         x13=00002000
14980523ns          245016 1c008d5e f14027f3 csrrs            x15, x0, 0xf14      x15=00000002
14980543ns          245017 1c008d62 f8068693 addi             x13, x13, -128      x13=00001f80 x13:00002000
14980563ns          245018 1c008d66 00379713 slli             x14, x15, 0x3       x14=00000010 x15:00000002
14980583ns          245019 1c008d6a 00279793 slli             x15, x15, 0x2       x15=00000008 x15:00000002
14980603ns          245020 1c008d6c 00d7f7b3 and              x15, x15, x13       x15=00000000 x15:00000008 x13:00001f80
14980623ns          245021 1c008d6e ee873733 p.bclr           x14, x14, 23, 8     x14=00000010 x14:00000010
14980643ns          245022 1c008d72 1a10f6b7 lui              x13, 0x1a10f000     x13=1a10f000
14980662ns          245023 1c008d76 0ff57513 andi             x10, x10, 255       x10=00000065 x10:00000065
14980682ns          245024 1c008d7a 00d70733 add              x14, x14, x13       x14=1a10f010 x14:00000010 x13:1a10f000
14980702ns          245025 1c008d7c 00a7e723 p.sw             x10, x0(x15)        x10:00000065 x15:00000000  PA:1a10f010
14981020ns          245041 1c008d80 00000513 addi             x10, x0, 0          x10=00000000
14981040ns          245042 1c008d82 00008067 jalr             x0, x1, 0            x1:1c008e52
14981100ns          245045 1c008e52 31f52563 p.beqimm         x10, 778            x10:00000000
14981120ns          245046 1c008e56 001d8d93 addi             x27, x27, 1         x27=0000000d x27:0000000c
14981140ns          245047 1c008e58 00044503 lbu              x10, 0(x8)          x10=00000072  x8:1c000032  PA:1c000032
14981438ns          245062 1c008e5c 00140413 addi             x8, x8, 1            x8=1c000033  x8:1c000032
14981458ns          245063 1c008e5e fe0514e3 bne              x10, x0, -24        x10:00000072
14981538ns          245067 1c008e46 02500793 addi             x15, x0, 37         x15=00000025
14981557ns          245068 1c008e4a 04f50863 beq              x10, x15, 80        x10:00000072 x15:00000025
14981577ns          245069 1c008e4e 01a005b3 add              x11, x0, x26        x11=00000002 x26:00000002
14981597ns          245070 1c008e50 000b00e7 jalr             x1, x22, 0           x1=1c008e52 x22:1c008d5c
14981637ns          245072 1c008d5c 000026b7 lui              x13, 0x2000         x13=00002000
14981657ns          245073 1c008d5e f14027f3 csrrs            x15, x0, 0xf14      x15=00000002
14981677ns          245074 1c008d62 f8068693 addi             x13, x13, -128      x13=00001f80 x13:00002000
14981697ns          245075 1c008d66 00379713 slli             x14, x15, 0x3       x14=00000010 x15:00000002
14981717ns          245076 1c008d6a 00279793 slli             x15, x15, 0x2       x15=00000008 x15:00000002
14981736ns          245077 1c008d6c 00d7f7b3 and              x15, x15, x13       x15=00000000 x15:00000008 x13:00001f80
14981756ns          245078 1c008d6e ee873733 p.bclr           x14, x14, 23, 8     x14=00000010 x14:00000010
14981776ns          245079 1c008d72 1a10f6b7 lui              x13, 0x1a10f000     x13=1a10f000
14981796ns          245080 1c008d76 0ff57513 andi             x10, x10, 255       x10=00000072 x10:00000072
14981816ns          245081 1c008d7a 00d70733 add              x14, x14, x13       x14=1a10f010 x14:00000010 x13:1a10f000
14981836ns          245082 1c008d7c 00a7e723 p.sw             x10, x0(x15)        x10:00000072 x15:00000000  PA:1a10f010
14982174ns          245099 1c008d80 00000513 addi             x10, x0, 0          x10=00000000
14982194ns          245100 1c008d82 00008067 jalr             x0, x1, 0            x1:1c008e52
14982254ns          245103 1c008e52 31f52563 p.beqimm         x10, 778            x10:00000000
14982274ns          245104 1c008e56 001d8d93 addi             x27, x27, 1         x27=0000000e x27:0000000d
14982293ns          245105 1c008e58 00044503 lbu              x10, 0(x8)          x10=0000006e  x8:1c000033  PA:1c000033
14982592ns          245120 1c008e5c 00140413 addi             x8, x8, 1            x8=1c000034  x8:1c000033
14982612ns          245121 1c008e5e fe0514e3 bne              x10, x0, -24        x10:0000006e
14982691ns          245125 1c008e46 02500793 addi             x15, x0, 37         x15=00000025
14982711ns          245126 1c008e4a 04f50863 beq              x10, x15, 80        x10:0000006e x15:00000025
14982731ns          245127 1c008e4e 01a005b3 add              x11, x0, x26        x11=00000002 x26:00000002
14982751ns          245128 1c008e50 000b00e7 jalr             x1, x22, 0           x1=1c008e52 x22:1c008d5c
14982791ns          245130 1c008d5c 000026b7 lui              x13, 0x2000         x13=00002000
14982811ns          245131 1c008d5e f14027f3 csrrs            x15, x0, 0xf14      x15=00000002
14982830ns          245132 1c008d62 f8068693 addi             x13, x13, -128      x13=00001f80 x13:00002000
14982850ns          245133 1c008d66 00379713 slli             x14, x15, 0x3       x14=00000010 x15:00000002
14982870ns          245134 1c008d6a 00279793 slli             x15, x15, 0x2       x15=00000008 x15:00000002
14982890ns          245135 1c008d6c 00d7f7b3 and              x15, x15, x13       x15=00000000 x15:00000008 x13:00001f80
14982910ns          245136 1c008d6e ee873733 p.bclr           x14, x14, 23, 8     x14=00000010 x14:00000010
14982930ns          245137 1c008d72 1a10f6b7 lui              x13, 0x1a10f000     x13=1a10f000
14982950ns          245138 1c008d76 0ff57513 andi             x10, x10, 255       x10=0000006e x10:0000006e
14982970ns          245139 1c008d7a 00d70733 add              x14, x14, x13       x14=1a10f010 x14:00000010 x13:1a10f000
14982990ns          245140 1c008d7c 00a7e723 p.sw             x10, x0(x15)        x10:0000006e x15:00000000  PA:1a10f010
14983328ns          245157 1c008d80 00000513 addi             x10, x0, 0          x10=00000000
14983348ns          245158 1c008d82 00008067 jalr             x0, x1, 0            x1:1c008e52
14983407ns          245161 1c008e52 31f52563 p.beqimm         x10, 778            x10:00000000
14983427ns          245162 1c008e56 001d8d93 addi             x27, x27, 1         x27=0000000f x27:0000000e
14983447ns          245163 1c008e58 00044503 lbu              x10, 0(x8)          x10=00000065  x8:1c000034  PA:1c000034
14983745ns          245178 1c008e5c 00140413 addi             x8, x8, 1            x8=1c000035  x8:1c000034
14983765ns          245179 1c008e5e fe0514e3 bne              x10, x0, -24        x10:00000065
14983845ns          245183 1c008e46 02500793 addi             x15, x0, 37         x15=00000025
14983865ns          245184 1c008e4a 04f50863 beq              x10, x15, 80        x10:00000065 x15:00000025
14983885ns          245185 1c008e4e 01a005b3 add              x11, x0, x26        x11=00000002 x26:00000002
14983905ns          245186 1c008e50 000b00e7 jalr             x1, x22, 0           x1=1c008e52 x22:1c008d5c
14983944ns          245188 1c008d5c 000026b7 lui              x13, 0x2000         x13=00002000
14983964ns          245189 1c008d5e f14027f3 csrrs            x15, x0, 0xf14      x15=00000002
14983984ns          245190 1c008d62 f8068693 addi             x13, x13, -128      x13=00001f80 x13:00002000
14984004ns          245191 1c008d66 00379713 slli             x14, x15, 0x3       x14=00000010 x15:00000002
14984024ns          245192 1c008d6a 00279793 slli             x15, x15, 0x2       x15=00000008 x15:00000002
14984044ns          245193 1c008d6c 00d7f7b3 and              x15, x15, x13       x15=00000000 x15:00000008 x13:00001f80
14984064ns          245194 1c008d6e ee873733 p.bclr           x14, x14, 23, 8     x14=00000010 x14:00000010
14984084ns          245195 1c008d72 1a10f6b7 lui              x13, 0x1a10f000     x13=1a10f000
14984103ns          245196 1c008d76 0ff57513 andi             x10, x10, 255       x10=00000065 x10:00000065
14984123ns          245197 1c008d7a 00d70733 add              x14, x14, x13       x14=1a10f010 x14:00000010 x13:1a10f000
14984143ns          245198 1c008d7c 00a7e723 p.sw             x10, x0(x15)        x10:00000065 x15:00000000  PA:1a10f010
14984462ns          245214 1c008d80 00000513 addi             x10, x0, 0          x10=00000000
14984481ns          245215 1c008d82 00008067 jalr             x0, x1, 0            x1:1c008e52
14984541ns          245218 1c008e52 31f52563 p.beqimm         x10, 778            x10:00000000
14984561ns          245219 1c008e56 001d8d93 addi             x27, x27, 1         x27=00000010 x27:0000000f
14984581ns          245220 1c008e58 00044503 lbu              x10, 0(x8)          x10=0000006c  x8:1c000035  PA:1c000035
14984879ns          245235 1c008e5c 00140413 addi             x8, x8, 1            x8=1c000036  x8:1c000035
14984899ns          245236 1c008e5e fe0514e3 bne              x10, x0, -24        x10:0000006c
14984979ns          245240 1c008e46 02500793 addi             x15, x0, 37         x15=00000025
14984999ns          245241 1c008e4a 04f50863 beq              x10, x15, 80        x10:0000006c x15:00000025
14985018ns          245242 1c008e4e 01a005b3 add              x11, x0, x26        x11=00000002 x26:00000002
14985038ns          245243 1c008e50 000b00e7 jalr             x1, x22, 0           x1=1c008e52 x22:1c008d5c
14985078ns          245245 1c008d5c 000026b7 lui              x13, 0x2000         x13=00002000
14985098ns          245246 1c008d5e f14027f3 csrrs            x15, x0, 0xf14      x15=00000002
14985118ns          245247 1c008d62 f8068693 addi             x13, x13, -128      x13=00001f80 x13:00002000
14985138ns          245248 1c008d66 00379713 slli             x14, x15, 0x3       x14=00000010 x15:00000002
14985158ns          245249 1c008d6a 00279793 slli             x15, x15, 0x2       x15=00000008 x15:00000002
14985178ns          245250 1c008d6c 00d7f7b3 and              x15, x15, x13       x15=00000000 x15:00000008 x13:00001f80
14985197ns          245251 1c008d6e ee873733 p.bclr           x14, x14, 23, 8     x14=00000010 x14:00000010
14985217ns          245252 1c008d72 1a10f6b7 lui              x13, 0x1a10f000     x13=1a10f000
14985237ns          245253 1c008d76 0ff57513 andi             x10, x10, 255       x10=0000006c x10:0000006c
14985257ns          245254 1c008d7a 00d70733 add              x14, x14, x13       x14=1a10f010 x14:00000010 x13:1a10f000
14985277ns          245255 1c008d7c 00a7e723 p.sw             x10, x0(x15)        x10:0000006c x15:00000000  PA:1a10f010
14985615ns          245272 1c008d80 00000513 addi             x10, x0, 0          x10=00000000
14985635ns          245273 1c008d82 00008067 jalr             x0, x1, 0            x1:1c008e52
14985695ns          245276 1c008e52 31f52563 p.beqimm         x10, 778            x10:00000000
14985715ns          245277 1c008e56 001d8d93 addi             x27, x27, 1         x27=00000011 x27:00000010
14985735ns          245278 1c008e58 00044503 lbu              x10, 0(x8)          x10=00000020  x8:1c000036  PA:1c000036
14986053ns          245294 1c008e5c 00140413 addi             x8, x8, 1            x8=1c000037  x8:1c000036
14986073ns          245295 1c008e5e fe0514e3 bne              x10, x0, -24        x10:00000020
14986152ns          245299 1c008e46 02500793 addi             x15, x0, 37         x15=00000025
14986172ns          245300 1c008e4a 04f50863 beq              x10, x15, 80        x10:00000020 x15:00000025
14986192ns          245301 1c008e4e 01a005b3 add              x11, x0, x26        x11=00000002 x26:00000002
14986212ns          245302 1c008e50 000b00e7 jalr             x1, x22, 0           x1=1c008e52 x22:1c008d5c
14986252ns          245304 1c008d5c 000026b7 lui              x13, 0x2000         x13=00002000
14986272ns          245305 1c008d5e f14027f3 csrrs            x15, x0, 0xf14      x15=00000002
14986291ns          245306 1c008d62 f8068693 addi             x13, x13, -128      x13=00001f80 x13:00002000
14986311ns          245307 1c008d66 00379713 slli             x14, x15, 0x3       x14=00000010 x15:00000002
14986331ns          245308 1c008d6a 00279793 slli             x15, x15, 0x2       x15=00000008 x15:00000002
14986351ns          245309 1c008d6c 00d7f7b3 and              x15, x15, x13       x15=00000000 x15:00000008 x13:00001f80
14986371ns          245310 1c008d6e ee873733 p.bclr           x14, x14, 23, 8     x14=00000010 x14:00000010
14986391ns          245311 1c008d72 1a10f6b7 lui              x13, 0x1a10f000     x13=1a10f000
14986411ns          245312 1c008d76 0ff57513 andi             x10, x10, 255       x10=00000020 x10:00000020
14986431ns          245313 1c008d7a 00d70733 add              x14, x14, x13       x14=1a10f010 x14:00000010 x13:1a10f000
14986451ns          245314 1c008d7c 00a7e723 p.sw             x10, x0(x15)        x10:00000020 x15:00000000  PA:1a10f010
14986769ns          245330 1c008d80 00000513 addi             x10, x0, 0          x10=00000000
14986789ns          245331 1c008d82 00008067 jalr             x0, x1, 0            x1:1c008e52
14986848ns          245334 1c008e52 31f52563 p.beqimm         x10, 778            x10:00000000
14986868ns          245335 1c008e56 001d8d93 addi             x27, x27, 1         x27=00000012 x27:00000011
14986888ns          245336 1c008e58 00044503 lbu              x10, 0(x8)          x10=00000069  x8:1c000037  PA:1c000037
14987187ns          245351 1c008e5c 00140413 addi             x8, x8, 1            x8=1c000038  x8:1c000037
14987206ns          245352 1c008e5e fe0514e3 bne              x10, x0, -24        x10:00000069
14987286ns          245356 1c008e46 02500793 addi             x15, x0, 37         x15=00000025
14987306ns          245357 1c008e4a 04f50863 beq              x10, x15, 80        x10:00000069 x15:00000025
14987326ns          245358 1c008e4e 01a005b3 add              x11, x0, x26        x11=00000002 x26:00000002
14987346ns          245359 1c008e50 000b00e7 jalr             x1, x22, 0           x1=1c008e52 x22:1c008d5c
14987385ns          245361 1c008d5c 000026b7 lui              x13, 0x2000         x13=00002000
14987405ns          245362 1c008d5e f14027f3 csrrs            x15, x0, 0xf14      x15=00000002
14987425ns          245363 1c008d62 f8068693 addi             x13, x13, -128      x13=00001f80 x13:00002000
14987445ns          245364 1c008d66 00379713 slli             x14, x15, 0x3       x14=00000010 x15:00000002
14987465ns          245365 1c008d6a 00279793 slli             x15, x15, 0x2       x15=00000008 x15:00000002
14987485ns          245366 1c008d6c 00d7f7b3 and              x15, x15, x13       x15=00000000 x15:00000008 x13:00001f80
14987505ns          245367 1c008d6e ee873733 p.bclr           x14, x14, 23, 8     x14=00000010 x14:00000010
14987525ns          245368 1c008d72 1a10f6b7 lui              x13, 0x1a10f000     x13=1a10f000
14987545ns          245369 1c008d76 0ff57513 andi             x10, x10, 255       x10=00000069 x10:00000069
14987564ns          245370 1c008d7a 00d70733 add              x14, x14, x13       x14=1a10f010 x14:00000010 x13:1a10f000
14987584ns          245371 1c008d7c 00a7e723 p.sw             x10, x0(x15)        x10:00000069 x15:00000000  PA:1a10f010
14987903ns          245387 1c008d80 00000513 addi             x10, x0, 0          x10=00000000
14987923ns          245388 1c008d82 00008067 jalr             x0, x1, 0            x1:1c008e52
14987982ns          245391 1c008e52 31f52563 p.beqimm         x10, 778            x10:00000000
14988002ns          245392 1c008e56 001d8d93 addi             x27, x27, 1         x27=00000013 x27:00000012
14988022ns          245393 1c008e58 00044503 lbu              x10, 0(x8)          x10=00000074  x8:1c000038  PA:1c000038
14988320ns          245408 1c008e5c 00140413 addi             x8, x8, 1            x8=1c000039  x8:1c000038
14988340ns          245409 1c008e5e fe0514e3 bne              x10, x0, -24        x10:00000074
14988420ns          245413 1c008e46 02500793 addi             x15, x0, 37         x15=00000025
14988440ns          245414 1c008e4a 04f50863 beq              x10, x15, 80        x10:00000074 x15:00000025
14988460ns          245415 1c008e4e 01a005b3 add              x11, x0, x26        x11=00000002 x26:00000002
14988479ns          245416 1c008e50 000b00e7 jalr             x1, x22, 0           x1=1c008e52 x22:1c008d5c
14988519ns          245418 1c008d5c 000026b7 lui              x13, 0x2000         x13=00002000
14988539ns          245419 1c008d5e f14027f3 csrrs            x15, x0, 0xf14      x15=00000002
14988559ns          245420 1c008d62 f8068693 addi             x13, x13, -128      x13=00001f80 x13:00002000
14988579ns          245421 1c008d66 00379713 slli             x14, x15, 0x3       x14=00000010 x15:00000002
14988599ns          245422 1c008d6a 00279793 slli             x15, x15, 0x2       x15=00000008 x15:00000002
14988619ns          245423 1c008d6c 00d7f7b3 and              x15, x15, x13       x15=00000000 x15:00000008 x13:00001f80
14988639ns          245424 1c008d6e ee873733 p.bclr           x14, x14, 23, 8     x14=00000010 x14:00000010
14988658ns          245425 1c008d72 1a10f6b7 lui              x13, 0x1a10f000     x13=1a10f000
14988678ns          245426 1c008d76 0ff57513 andi             x10, x10, 255       x10=00000074 x10:00000074
14988698ns          245427 1c008d7a 00d70733 add              x14, x14, x13       x14=1a10f010 x14:00000010 x13:1a10f000
14988718ns          245428 1c008d7c 00a7e723 p.sw             x10, x0(x15)        x10:00000074 x15:00000000  PA:1a10f010
14989036ns          245444 1c008d80 00000513 addi             x10, x0, 0          x10=00000000
14989056ns          245445 1c008d82 00008067 jalr             x0, x1, 0            x1:1c008e52
14989116ns          245448 1c008e52 31f52563 p.beqimm         x10, 778            x10:00000000
14989136ns          245449 1c008e56 001d8d93 addi             x27, x27, 1         x27=00000014 x27:00000013
14989156ns          245450 1c008e58 00044503 lbu              x10, 0(x8)          x10=00000065  x8:1c000039  PA:1c000039
14989454ns          245465 1c008e5c 00140413 addi             x8, x8, 1            x8=1c00003a  x8:1c000039
14989474ns          245466 1c008e5e fe0514e3 bne              x10, x0, -24        x10:00000065
14989554ns          245470 1c008e46 02500793 addi             x15, x0, 37         x15=00000025
14989573ns          245471 1c008e4a 04f50863 beq              x10, x15, 80        x10:00000065 x15:00000025
14989593ns          245472 1c008e4e 01a005b3 add              x11, x0, x26        x11=00000002 x26:00000002
14989613ns          245473 1c008e50 000b00e7 jalr             x1, x22, 0           x1=1c008e52 x22:1c008d5c
14989653ns          245475 1c008d5c 000026b7 lui              x13, 0x2000         x13=00002000
14989673ns          245476 1c008d5e f14027f3 csrrs            x15, x0, 0xf14      x15=00000002
14989693ns          245477 1c008d62 f8068693 addi             x13, x13, -128      x13=00001f80 x13:00002000
14989713ns          245478 1c008d66 00379713 slli             x14, x15, 0x3       x14=00000010 x15:00000002
14989733ns          245479 1c008d6a 00279793 slli             x15, x15, 0x2       x15=00000008 x15:00000002
14989752ns          245480 1c008d6c 00d7f7b3 and              x15, x15, x13       x15=00000000 x15:00000008 x13:00001f80
14989772ns          245481 1c008d6e ee873733 p.bclr           x14, x14, 23, 8     x14=00000010 x14:00000010
14989792ns          245482 1c008d72 1a10f6b7 lui              x13, 0x1a10f000     x13=1a10f000
14989812ns          245483 1c008d76 0ff57513 andi             x10, x10, 255       x10=00000065 x10:00000065
14989832ns          245484 1c008d7a 00d70733 add              x14, x14, x13       x14=1a10f010 x14:00000010 x13:1a10f000
14989852ns          245485 1c008d7c 00a7e723 p.sw             x10, x0(x15)        x10:00000065 x15:00000000  PA:1a10f010
14990190ns          245502 1c008d80 00000513 addi             x10, x0, 0          x10=00000000
14990210ns          245503 1c008d82 00008067 jalr             x0, x1, 0            x1:1c008e52
14990270ns          245506 1c008e52 31f52563 p.beqimm         x10, 778            x10:00000000
14990290ns          245507 1c008e56 001d8d93 addi             x27, x27, 1         x27=00000015 x27:00000014
14990309ns          245508 1c008e58 00044503 lbu              x10, 0(x8)          x10=00000072  x8:1c00003a  PA:1c00003a
14990608ns          245523 1c008e5c 00140413 addi             x8, x8, 1            x8=1c00003b  x8:1c00003a
14990628ns          245524 1c008e5e fe0514e3 bne              x10, x0, -24        x10:00000072
14990707ns          245528 1c008e46 02500793 addi             x15, x0, 37         x15=00000025
14990727ns          245529 1c008e4a 04f50863 beq              x10, x15, 80        x10:00000072 x15:00000025
14990747ns          245530 1c008e4e 01a005b3 add              x11, x0, x26        x11=00000002 x26:00000002
14990767ns          245531 1c008e50 000b00e7 jalr             x1, x22, 0           x1=1c008e52 x22:1c008d5c
14990807ns          245533 1c008d5c 000026b7 lui              x13, 0x2000         x13=00002000
14990827ns          245534 1c008d5e f14027f3 csrrs            x15, x0, 0xf14      x15=00000002
14990846ns          245535 1c008d62 f8068693 addi             x13, x13, -128      x13=00001f80 x13:00002000
14990866ns          245536 1c008d66 00379713 slli             x14, x15, 0x3       x14=00000010 x15:00000002
14990886ns          245537 1c008d6a 00279793 slli             x15, x15, 0x2       x15=00000008 x15:00000002
14990906ns          245538 1c008d6c 00d7f7b3 and              x15, x15, x13       x15=00000000 x15:00000008 x13:00001f80
14990926ns          245539 1c008d6e ee873733 p.bclr           x14, x14, 23, 8     x14=00000010 x14:00000010
14990946ns          245540 1c008d72 1a10f6b7 lui              x13, 0x1a10f000     x13=1a10f000
14990966ns          245541 1c008d76 0ff57513 andi             x10, x10, 255       x10=00000072 x10:00000072
14990986ns          245542 1c008d7a 00d70733 add              x14, x14, x13       x14=1a10f010 x14:00000010 x13:1a10f000
14991006ns          245543 1c008d7c 00a7e723 p.sw             x10, x0(x15)        x10:00000072 x15:00000000  PA:1a10f010
14991344ns          245560 1c008d80 00000513 addi             x10, x0, 0          x10=00000000
14991364ns          245561 1c008d82 00008067 jalr             x0, x1, 0            x1:1c008e52
14991423ns          245564 1c008e52 31f52563 p.beqimm         x10, 778            x10:00000000
14991443ns          245565 1c008e56 001d8d93 addi             x27, x27, 1         x27=00000016 x27:00000015
14991463ns          245566 1c008e58 00044503 lbu              x10, 0(x8)          x10=00000061  x8:1c00003b  PA:1c00003b
14991761ns          245581 1c008e5c 00140413 addi             x8, x8, 1            x8=1c00003c  x8:1c00003b
14991781ns          245582 1c008e5e fe0514e3 bne              x10, x0, -24        x10:00000061
14991861ns          245586 1c008e46 02500793 addi             x15, x0, 37         x15=00000025
14991881ns          245587 1c008e4a 04f50863 beq              x10, x15, 80        x10:00000061 x15:00000025
14991901ns          245588 1c008e4e 01a005b3 add              x11, x0, x26        x11=00000002 x26:00000002
14991921ns          245589 1c008e50 000b00e7 jalr             x1, x22, 0           x1=1c008e52 x22:1c008d5c
14991960ns          245591 1c008d5c 000026b7 lui              x13, 0x2000         x13=00002000
14991980ns          245592 1c008d5e f14027f3 csrrs            x15, x0, 0xf14      x15=00000002
14992000ns          245593 1c008d62 f8068693 addi             x13, x13, -128      x13=00001f80 x13:00002000
14992020ns          245594 1c008d66 00379713 slli             x14, x15, 0x3       x14=00000010 x15:00000002
14992040ns          245595 1c008d6a 00279793 slli             x15, x15, 0x2       x15=00000008 x15:00000002
14992060ns          245596 1c008d6c 00d7f7b3 and              x15, x15, x13       x15=00000000 x15:00000008 x13:00001f80
14992080ns          245597 1c008d6e ee873733 p.bclr           x14, x14, 23, 8     x14=00000010 x14:00000010
14992100ns          245598 1c008d72 1a10f6b7 lui              x13, 0x1a10f000     x13=1a10f000
14992119ns          245599 1c008d76 0ff57513 andi             x10, x10, 255       x10=00000061 x10:00000061
14992139ns          245600 1c008d7a 00d70733 add              x14, x14, x13       x14=1a10f010 x14:00000010 x13:1a10f000
14992159ns          245601 1c008d7c 00a7e723 p.sw             x10, x0(x15)        x10:00000061 x15:00000000  PA:1a10f010
14992478ns          245617 1c008d80 00000513 addi             x10, x0, 0          x10=00000000
14992497ns          245618 1c008d82 00008067 jalr             x0, x1, 0            x1:1c008e52
14992557ns          245621 1c008e52 31f52563 p.beqimm         x10, 778            x10:00000000
14992577ns          245622 1c008e56 001d8d93 addi             x27, x27, 1         x27=00000017 x27:00000016
14992597ns          245623 1c008e58 00044503 lbu              x10, 0(x8)          x10=00000074  x8:1c00003c  PA:1c00003c
14992895ns          245638 1c008e5c 00140413 addi             x8, x8, 1            x8=1c00003d  x8:1c00003c
14992915ns          245639 1c008e5e fe0514e3 bne              x10, x0, -24        x10:00000074
14992995ns          245643 1c008e46 02500793 addi             x15, x0, 37         x15=00000025
14993015ns          245644 1c008e4a 04f50863 beq              x10, x15, 80        x10:00000074 x15:00000025
14993034ns          245645 1c008e4e 01a005b3 add              x11, x0, x26        x11=00000002 x26:00000002
14993054ns          245646 1c008e50 000b00e7 jalr             x1, x22, 0           x1=1c008e52 x22:1c008d5c
14993094ns          245648 1c008d5c 000026b7 lui              x13, 0x2000         x13=00002000
14993114ns          245649 1c008d5e f14027f3 csrrs            x15, x0, 0xf14      x15=00000002
14993134ns          245650 1c008d62 f8068693 addi             x13, x13, -128      x13=00001f80 x13:00002000
14993154ns          245651 1c008d66 00379713 slli             x14, x15, 0x3       x14=00000010 x15:00000002
14993174ns          245652 1c008d6a 00279793 slli             x15, x15, 0x2       x15=00000008 x15:00000002
14993194ns          245653 1c008d6c 00d7f7b3 and              x15, x15, x13       x15=00000000 x15:00000008 x13:00001f80
14993213ns          245654 1c008d6e ee873733 p.bclr           x14, x14, 23, 8     x14=00000010 x14:00000010
14993233ns          245655 1c008d72 1a10f6b7 lui              x13, 0x1a10f000     x13=1a10f000
14993253ns          245656 1c008d76 0ff57513 andi             x10, x10, 255       x10=00000074 x10:00000074
14993273ns          245657 1c008d7a 00d70733 add              x14, x14, x13       x14=1a10f010 x14:00000010 x13:1a10f000
14993293ns          245658 1c008d7c 00a7e723 p.sw             x10, x0(x15)        x10:00000074 x15:00000000  PA:1a10f010
14993611ns          245674 1c008d80 00000513 addi             x10, x0, 0          x10=00000000
14993631ns          245675 1c008d82 00008067 jalr             x0, x1, 0            x1:1c008e52
14993691ns          245678 1c008e52 31f52563 p.beqimm         x10, 778            x10:00000000
14993711ns          245679 1c008e56 001d8d93 addi             x27, x27, 1         x27=00000018 x27:00000017
14993731ns          245680 1c008e58 00044503 lbu              x10, 0(x8)          x10=00000069  x8:1c00003d  PA:1c00003d
14994049ns          245696 1c008e5c 00140413 addi             x8, x8, 1            x8=1c00003e  x8:1c00003d
14994069ns          245697 1c008e5e fe0514e3 bne              x10, x0, -24        x10:00000069
14994148ns          245701 1c008e46 02500793 addi             x15, x0, 37         x15=00000025
14994168ns          245702 1c008e4a 04f50863 beq              x10, x15, 80        x10:00000069 x15:00000025
14994188ns          245703 1c008e4e 01a005b3 add              x11, x0, x26        x11=00000002 x26:00000002
14994208ns          245704 1c008e50 000b00e7 jalr             x1, x22, 0           x1=1c008e52 x22:1c008d5c
14994248ns          245706 1c008d5c 000026b7 lui              x13, 0x2000         x13=00002000
14994268ns          245707 1c008d5e f14027f3 csrrs            x15, x0, 0xf14      x15=00000002
14994288ns          245708 1c008d62 f8068693 addi             x13, x13, -128      x13=00001f80 x13:00002000
14994307ns          245709 1c008d66 00379713 slli             x14, x15, 0x3       x14=00000010 x15:00000002
14994327ns          245710 1c008d6a 00279793 slli             x15, x15, 0x2       x15=00000008 x15:00000002
14994347ns          245711 1c008d6c 00d7f7b3 and              x15, x15, x13       x15=00000000 x15:00000008 x13:00001f80
14994367ns          245712 1c008d6e ee873733 p.bclr           x14, x14, 23, 8     x14=00000010 x14:00000010
14994387ns          245713 1c008d72 1a10f6b7 lui              x13, 0x1a10f000     x13=1a10f000
14994407ns          245714 1c008d76 0ff57513 andi             x10, x10, 255       x10=00000069 x10:00000069
14994427ns          245715 1c008d7a 00d70733 add              x14, x14, x13       x14=1a10f010 x14:00000010 x13:1a10f000
14994447ns          245716 1c008d7c 00a7e723 p.sw             x10, x0(x15)        x10:00000069 x15:00000000  PA:1a10f010
14994765ns          245732 1c008d80 00000513 addi             x10, x0, 0          x10=00000000
14994785ns          245733 1c008d82 00008067 jalr             x0, x1, 0            x1:1c008e52
14994845ns          245736 1c008e52 31f52563 p.beqimm         x10, 778            x10:00000000
14994864ns          245737 1c008e56 001d8d93 addi             x27, x27, 1         x27=00000019 x27:00000018
14994884ns          245738 1c008e58 00044503 lbu              x10, 0(x8)          x10=0000006f  x8:1c00003e  PA:1c00003e
14995183ns          245753 1c008e5c 00140413 addi             x8, x8, 1            x8=1c00003f  x8:1c00003e
14995203ns          245754 1c008e5e fe0514e3 bne              x10, x0, -24        x10:0000006f
14995282ns          245758 1c008e46 02500793 addi             x15, x0, 37         x15=00000025
14995302ns          245759 1c008e4a 04f50863 beq              x10, x15, 80        x10:0000006f x15:00000025
14995322ns          245760 1c008e4e 01a005b3 add              x11, x0, x26        x11=00000002 x26:00000002
14995342ns          245761 1c008e50 000b00e7 jalr             x1, x22, 0           x1=1c008e52 x22:1c008d5c
14995382ns          245763 1c008d5c 000026b7 lui              x13, 0x2000         x13=00002000
14995401ns          245764 1c008d5e f14027f3 csrrs            x15, x0, 0xf14      x15=00000002
14995421ns          245765 1c008d62 f8068693 addi             x13, x13, -128      x13=00001f80 x13:00002000
14995441ns          245766 1c008d66 00379713 slli             x14, x15, 0x3       x14=00000010 x15:00000002
14995461ns          245767 1c008d6a 00279793 slli             x15, x15, 0x2       x15=00000008 x15:00000002
14995481ns          245768 1c008d6c 00d7f7b3 and              x15, x15, x13       x15=00000000 x15:00000008 x13:00001f80
14995501ns          245769 1c008d6e ee873733 p.bclr           x14, x14, 23, 8     x14=00000010 x14:00000010
14995521ns          245770 1c008d72 1a10f6b7 lui              x13, 0x1a10f000     x13=1a10f000
14995541ns          245771 1c008d76 0ff57513 andi             x10, x10, 255       x10=0000006f x10:0000006f
14995561ns          245772 1c008d7a 00d70733 add              x14, x14, x13       x14=1a10f010 x14:00000010 x13:1a10f000
14995580ns          245773 1c008d7c 00a7e723 p.sw             x10, x0(x15)        x10:0000006f x15:00000000  PA:1a10f010
14995899ns          245789 1c008d80 00000513 addi             x10, x0, 0          x10=00000000
14995919ns          245790 1c008d82 00008067 jalr             x0, x1, 0            x1:1c008e52
14995978ns          245793 1c008e52 31f52563 p.beqimm         x10, 778            x10:00000000
14995998ns          245794 1c008e56 001d8d93 addi             x27, x27, 1         x27=0000001a x27:00000019
14996018ns          245795 1c008e58 00044503 lbu              x10, 0(x8)          x10=0000006e  x8:1c00003f  PA:1c00003f
14996316ns          245810 1c008e5c 00140413 addi             x8, x8, 1            x8=1c000040  x8:1c00003f
14996336ns          245811 1c008e5e fe0514e3 bne              x10, x0, -24        x10:0000006e
14996416ns          245815 1c008e46 02500793 addi             x15, x0, 37         x15=00000025
14996436ns          245816 1c008e4a 04f50863 beq              x10, x15, 80        x10:0000006e x15:00000025
14996456ns          245817 1c008e4e 01a005b3 add              x11, x0, x26        x11=00000002 x26:00000002
14996476ns          245818 1c008e50 000b00e7 jalr             x1, x22, 0           x1=1c008e52 x22:1c008d5c
14996515ns          245820 1c008d5c 000026b7 lui              x13, 0x2000         x13=00002000
14996535ns          245821 1c008d5e f14027f3 csrrs            x15, x0, 0xf14      x15=00000002
14996555ns          245822 1c008d62 f8068693 addi             x13, x13, -128      x13=00001f80 x13:00002000
14996575ns          245823 1c008d66 00379713 slli             x14, x15, 0x3       x14=00000010 x15:00000002
14996595ns          245824 1c008d6a 00279793 slli             x15, x15, 0x2       x15=00000008 x15:00000002
14996615ns          245825 1c008d6c 00d7f7b3 and              x15, x15, x13       x15=00000000 x15:00000008 x13:00001f80
14996635ns          245826 1c008d6e ee873733 p.bclr           x14, x14, 23, 8     x14=00000010 x14:00000010
14996655ns          245827 1c008d72 1a10f6b7 lui              x13, 0x1a10f000     x13=1a10f000
14996674ns          245828 1c008d76 0ff57513 andi             x10, x10, 255       x10=0000006e x10:0000006e
14996694ns          245829 1c008d7a 00d70733 add              x14, x14, x13       x14=1a10f010 x14:00000010 x13:1a10f000
14996714ns          245830 1c008d7c 00a7e723 p.sw             x10, x0(x15)        x10:0000006e x15:00000000  PA:1a10f010
14997032ns          245846 1c008d80 00000513 addi             x10, x0, 0          x10=00000000
14997052ns          245847 1c008d82 00008067 jalr             x0, x1, 0            x1:1c008e52
14997112ns          245850 1c008e52 31f52563 p.beqimm         x10, 778            x10:00000000
14997132ns          245851 1c008e56 001d8d93 addi             x27, x27, 1         x27=0000001b x27:0000001a
14997152ns          245852 1c008e58 00044503 lbu              x10, 0(x8)          x10=00000073  x8:1c000040  PA:1c000040
14997450ns          245867 1c008e5c 00140413 addi             x8, x8, 1            x8=1c000041  x8:1c000040
14997470ns          245868 1c008e5e fe0514e3 bne              x10, x0, -24        x10:00000073
14997550ns          245872 1c008e46 02500793 addi             x15, x0, 37         x15=00000025
14997570ns          245873 1c008e4a 04f50863 beq              x10, x15, 80        x10:00000073 x15:00000025
14997589ns          245874 1c008e4e 01a005b3 add              x11, x0, x26        x11=00000002 x26:00000002
14997609ns          245875 1c008e50 000b00e7 jalr             x1, x22, 0           x1=1c008e52 x22:1c008d5c
14997649ns          245877 1c008d5c 000026b7 lui              x13, 0x2000         x13=00002000
14997669ns          245878 1c008d5e f14027f3 csrrs            x15, x0, 0xf14      x15=00000002
14997689ns          245879 1c008d62 f8068693 addi             x13, x13, -128      x13=00001f80 x13:00002000
14997709ns          245880 1c008d66 00379713 slli             x14, x15, 0x3       x14=00000010 x15:00000002
14997729ns          245881 1c008d6a 00279793 slli             x15, x15, 0x2       x15=00000008 x15:00000002
14997749ns          245882 1c008d6c 00d7f7b3 and              x15, x15, x13       x15=00000000 x15:00000008 x13:00001f80
14997768ns          245883 1c008d6e ee873733 p.bclr           x14, x14, 23, 8     x14=00000010 x14:00000010
14997788ns          245884 1c008d72 1a10f6b7 lui              x13, 0x1a10f000     x13=1a10f000
14997808ns          245885 1c008d76 0ff57513 andi             x10, x10, 255       x10=00000073 x10:00000073
14997828ns          245886 1c008d7a 00d70733 add              x14, x14, x13       x14=1a10f010 x14:00000010 x13:1a10f000
14997848ns          245887 1c008d7c 00a7e723 p.sw             x10, x0(x15)        x10:00000073 x15:00000000  PA:1a10f010
14998186ns          245904 1c008d80 00000513 addi             x10, x0, 0          x10=00000000
14998206ns          245905 1c008d82 00008067 jalr             x0, x1, 0            x1:1c008e52
14998266ns          245908 1c008e52 31f52563 p.beqimm         x10, 778            x10:00000000
14998286ns          245909 1c008e56 001d8d93 addi             x27, x27, 1         x27=0000001c x27:0000001b
14998305ns          245910 1c008e58 00044503 lbu              x10, 0(x8)          x10=0000002e  x8:1c000041  PA:1c000041
14998604ns          245925 1c008e5c 00140413 addi             x8, x8, 1            x8=1c000042  x8:1c000041
14998624ns          245926 1c008e5e fe0514e3 bne              x10, x0, -24        x10:0000002e
14998703ns          245930 1c008e46 02500793 addi             x15, x0, 37         x15=00000025
14998723ns          245931 1c008e4a 04f50863 beq              x10, x15, 80        x10:0000002e x15:00000025
14998743ns          245932 1c008e4e 01a005b3 add              x11, x0, x26        x11=00000002 x26:00000002
14998763ns          245933 1c008e50 000b00e7 jalr             x1, x22, 0           x1=1c008e52 x22:1c008d5c
14998803ns          245935 1c008d5c 000026b7 lui              x13, 0x2000         x13=00002000
14998823ns          245936 1c008d5e f14027f3 csrrs            x15, x0, 0xf14      x15=00000002
14998843ns          245937 1c008d62 f8068693 addi             x13, x13, -128      x13=00001f80 x13:00002000
14998862ns          245938 1c008d66 00379713 slli             x14, x15, 0x3       x14=00000010 x15:00000002
14998882ns          245939 1c008d6a 00279793 slli             x15, x15, 0x2       x15=00000008 x15:00000002
14998902ns          245940 1c008d6c 00d7f7b3 and              x15, x15, x13       x15=00000000 x15:00000008 x13:00001f80
14998922ns          245941 1c008d6e ee873733 p.bclr           x14, x14, 23, 8     x14=00000010 x14:00000010
14998942ns          245942 1c008d72 1a10f6b7 lui              x13, 0x1a10f000     x13=1a10f000
14998962ns          245943 1c008d76 0ff57513 andi             x10, x10, 255       x10=0000002e x10:0000002e
14998982ns          245944 1c008d7a 00d70733 add              x14, x14, x13       x14=1a10f010 x14:00000010 x13:1a10f000
14999002ns          245945 1c008d7c 00a7e723 p.sw             x10, x0(x15)        x10:0000002e x15:00000000  PA:1a10f010
14999340ns          245962 1c008d80 00000513 addi             x10, x0, 0          x10=00000000
14999360ns          245963 1c008d82 00008067 jalr             x0, x1, 0            x1:1c008e52
14999419ns          245966 1c008e52 31f52563 p.beqimm         x10, 778            x10:00000000
14999439ns          245967 1c008e56 001d8d93 addi             x27, x27, 1         x27=0000001d x27:0000001c
14999459ns          245968 1c008e58 00044503 lbu              x10, 0(x8)          x10=0000002e  x8:1c000042  PA:1c000042
14999758ns          245983 1c008e5c 00140413 addi             x8, x8, 1            x8=1c000043  x8:1c000042
14999777ns          245984 1c008e5e fe0514e3 bne              x10, x0, -24        x10:0000002e
14999857ns          245988 1c008e46 02500793 addi             x15, x0, 37         x15=00000025
14999877ns          245989 1c008e4a 04f50863 beq              x10, x15, 80        x10:0000002e x15:00000025
14999897ns          245990 1c008e4e 01a005b3 add              x11, x0, x26        x11=00000002 x26:00000002
14999917ns          245991 1c008e50 000b00e7 jalr             x1, x22, 0           x1=1c008e52 x22:1c008d5c
14999956ns          245993 1c008d5c 000026b7 lui              x13, 0x2000         x13=00002000
14999976ns          245994 1c008d5e f14027f3 csrrs            x15, x0, 0xf14      x15=00000002
14999996ns          245995 1c008d62 f8068693 addi             x13, x13, -128      x13=00001f80 x13:00002000
15000016ns          245996 1c008d66 00379713 slli             x14, x15, 0x3       x14=00000010 x15:00000002
15000036ns          245997 1c008d6a 00279793 slli             x15, x15, 0x2       x15=00000008 x15:00000002
15000056ns          245998 1c008d6c 00d7f7b3 and              x15, x15, x13       x15=00000000 x15:00000008 x13:00001f80
15000076ns          245999 1c008d6e ee873733 p.bclr           x14, x14, 23, 8     x14=00000010 x14:00000010
15000096ns          246000 1c008d72 1a10f6b7 lui              x13, 0x1a10f000     x13=1a10f000
15000116ns          246001 1c008d76 0ff57513 andi             x10, x10, 255       x10=0000002e x10:0000002e
15000135ns          246002 1c008d7a 00d70733 add              x14, x14, x13       x14=1a10f010 x14:00000010 x13:1a10f000
15000155ns          246003 1c008d7c 00a7e723 p.sw             x10, x0(x15)        x10:0000002e x15:00000000  PA:1a10f010
15000474ns          246019 1c008d80 00000513 addi             x10, x0, 0          x10=00000000
15000493ns          246020 1c008d82 00008067 jalr             x0, x1, 0            x1:1c008e52
15000553ns          246023 1c008e52 31f52563 p.beqimm         x10, 778            x10:00000000
15000573ns          246024 1c008e56 001d8d93 addi             x27, x27, 1         x27=0000001e x27:0000001d
15000593ns          246025 1c008e58 00044503 lbu              x10, 0(x8)          x10=0000002e  x8:1c000043  PA:1c000043
15000891ns          246040 1c008e5c 00140413 addi             x8, x8, 1            x8=1c000044  x8:1c000043
15000911ns          246041 1c008e5e fe0514e3 bne              x10, x0, -24        x10:0000002e
15000991ns          246045 1c008e46 02500793 addi             x15, x0, 37         x15=00000025
15001011ns          246046 1c008e4a 04f50863 beq              x10, x15, 80        x10:0000002e x15:00000025
15001031ns          246047 1c008e4e 01a005b3 add              x11, x0, x26        x11=00000002 x26:00000002
15001050ns          246048 1c008e50 000b00e7 jalr             x1, x22, 0           x1=1c008e52 x22:1c008d5c
15001090ns          246050 1c008d5c 000026b7 lui              x13, 0x2000         x13=00002000
15001110ns          246051 1c008d5e f14027f3 csrrs            x15, x0, 0xf14      x15=00000002
15001130ns          246052 1c008d62 f8068693 addi             x13, x13, -128      x13=00001f80 x13:00002000
15001150ns          246053 1c008d66 00379713 slli             x14, x15, 0x3       x14=00000010 x15:00000002
15001170ns          246054 1c008d6a 00279793 slli             x15, x15, 0x2       x15=00000008 x15:00000002
15001190ns          246055 1c008d6c 00d7f7b3 and              x15, x15, x13       x15=00000000 x15:00000008 x13:00001f80
15001210ns          246056 1c008d6e ee873733 p.bclr           x14, x14, 23, 8     x14=00000010 x14:00000010
15001229ns          246057 1c008d72 1a10f6b7 lui              x13, 0x1a10f000     x13=1a10f000
15001249ns          246058 1c008d76 0ff57513 andi             x10, x10, 255       x10=0000002e x10:0000002e
15001269ns          246059 1c008d7a 00d70733 add              x14, x14, x13       x14=1a10f010 x14:00000010 x13:1a10f000
15001289ns          246060 1c008d7c 00a7e723 p.sw             x10, x0(x15)        x10:0000002e x15:00000000  PA:1a10f010
15001607ns          246076 1c008d80 00000513 addi             x10, x0, 0          x10=00000000
15001627ns          246077 1c008d82 00008067 jalr             x0, x1, 0            x1:1c008e52
15001687ns          246080 1c008e52 31f52563 p.beqimm         x10, 778            x10:00000000
15001707ns          246081 1c008e56 001d8d93 addi             x27, x27, 1         x27=0000001f x27:0000001e
15001727ns          246082 1c008e58 00044503 lbu              x10, 0(x8)          x10=00000020  x8:1c000044  PA:1c000044
15002045ns          246098 1c008e5c 00140413 addi             x8, x8, 1            x8=1c000045  x8:1c000044
15002065ns          246099 1c008e5e fe0514e3 bne              x10, x0, -24        x10:00000020
15002144ns          246103 1c008e46 02500793 addi             x15, x0, 37         x15=00000025
15002164ns          246104 1c008e4a 04f50863 beq              x10, x15, 80        x10:00000020 x15:00000025
15002184ns          246105 1c008e4e 01a005b3 add              x11, x0, x26        x11=00000002 x26:00000002
15002204ns          246106 1c008e50 000b00e7 jalr             x1, x22, 0           x1=1c008e52 x22:1c008d5c
15002244ns          246108 1c008d5c 000026b7 lui              x13, 0x2000         x13=00002000
15002264ns          246109 1c008d5e f14027f3 csrrs            x15, x0, 0xf14      x15=00000002
15002284ns          246110 1c008d62 f8068693 addi             x13, x13, -128      x13=00001f80 x13:00002000
15002304ns          246111 1c008d66 00379713 slli             x14, x15, 0x3       x14=00000010 x15:00000002
15002323ns          246112 1c008d6a 00279793 slli             x15, x15, 0x2       x15=00000008 x15:00000002
15002343ns          246113 1c008d6c 00d7f7b3 and              x15, x15, x13       x15=00000000 x15:00000008 x13:00001f80
15002363ns          246114 1c008d6e ee873733 p.bclr           x14, x14, 23, 8     x14=00000010 x14:00000010
15002383ns          246115 1c008d72 1a10f6b7 lui              x13, 0x1a10f000     x13=1a10f000
15002403ns          246116 1c008d76 0ff57513 andi             x10, x10, 255       x10=00000020 x10:00000020
15002423ns          246117 1c008d7a 00d70733 add              x14, x14, x13       x14=1a10f010 x14:00000010 x13:1a10f000
15002443ns          246118 1c008d7c 00a7e723 p.sw             x10, x0(x15)        x10:00000020 x15:00000000  PA:1a10f010
15002761ns          246134 1c008d80 00000513 addi             x10, x0, 0          x10=00000000
15002781ns          246135 1c008d82 00008067 jalr             x0, x1, 0            x1:1c008e52
15002841ns          246138 1c008e52 31f52563 p.beqimm         x10, 778            x10:00000000
15002860ns          246139 1c008e56 001d8d93 addi             x27, x27, 1         x27=00000020 x27:0000001f
15002880ns          246140 1c008e58 00044503 lbu              x10, 0(x8)          x10=00000028  x8:1c000045  PA:1c000045
15003179ns          246155 1c008e5c 00140413 addi             x8, x8, 1            x8=1c000046  x8:1c000045
15003199ns          246156 1c008e5e fe0514e3 bne              x10, x0, -24        x10:00000028
15003278ns          246160 1c008e46 02500793 addi             x15, x0, 37         x15=00000025
15003298ns          246161 1c008e4a 04f50863 beq              x10, x15, 80        x10:00000028 x15:00000025
15003318ns          246162 1c008e4e 01a005b3 add              x11, x0, x26        x11=00000002 x26:00000002
15003338ns          246163 1c008e50 000b00e7 jalr             x1, x22, 0           x1=1c008e52 x22:1c008d5c
15003378ns          246165 1c008d5c 000026b7 lui              x13, 0x2000         x13=00002000
15003398ns          246166 1c008d5e f14027f3 csrrs            x15, x0, 0xf14      x15=00000002
15003417ns          246167 1c008d62 f8068693 addi             x13, x13, -128      x13=00001f80 x13:00002000
15003437ns          246168 1c008d66 00379713 slli             x14, x15, 0x3       x14=00000010 x15:00000002
15003457ns          246169 1c008d6a 00279793 slli             x15, x15, 0x2       x15=00000008 x15:00000002
15003477ns          246170 1c008d6c 00d7f7b3 and              x15, x15, x13       x15=00000000 x15:00000008 x13:00001f80
15003497ns          246171 1c008d6e ee873733 p.bclr           x14, x14, 23, 8     x14=00000010 x14:00000010
15003517ns          246172 1c008d72 1a10f6b7 lui              x13, 0x1a10f000     x13=1a10f000
15003537ns          246173 1c008d76 0ff57513 andi             x10, x10, 255       x10=00000028 x10:00000028
15003557ns          246174 1c008d7a 00d70733 add              x14, x14, x13       x14=1a10f010 x14:00000010 x13:1a10f000
15003577ns          246175 1c008d7c 00a7e723 p.sw             x10, x0(x15)        x10:00000028 x15:00000000  PA:1a10f010
15003895ns          246191 1c008d80 00000513 addi             x10, x0, 0          x10=00000000
15003915ns          246192 1c008d82 00008067 jalr             x0, x1, 0            x1:1c008e52
15003974ns          246195 1c008e52 31f52563 p.beqimm         x10, 778            x10:00000000
15003994ns          246196 1c008e56 001d8d93 addi             x27, x27, 1         x27=00000021 x27:00000020
15004014ns          246197 1c008e58 00044503 lbu              x10, 0(x8)          x10=00000063  x8:1c000046  PA:1c000046
15004312ns          246212 1c008e5c 00140413 addi             x8, x8, 1            x8=1c000047  x8:1c000046
15004332ns          246213 1c008e5e fe0514e3 bne              x10, x0, -24        x10:00000063
15004412ns          246217 1c008e46 02500793 addi             x15, x0, 37         x15=00000025
15004432ns          246218 1c008e4a 04f50863 beq              x10, x15, 80        x10:00000063 x15:00000025
15004452ns          246219 1c008e4e 01a005b3 add              x11, x0, x26        x11=00000002 x26:00000002
15004472ns          246220 1c008e50 000b00e7 jalr             x1, x22, 0           x1=1c008e52 x22:1c008d5c
15004511ns          246222 1c008d5c 000026b7 lui              x13, 0x2000         x13=00002000
15004531ns          246223 1c008d5e f14027f3 csrrs            x15, x0, 0xf14      x15=00000002
15004551ns          246224 1c008d62 f8068693 addi             x13, x13, -128      x13=00001f80 x13:00002000
15004571ns          246225 1c008d66 00379713 slli             x14, x15, 0x3       x14=00000010 x15:00000002
15004591ns          246226 1c008d6a 00279793 slli             x15, x15, 0x2       x15=00000008 x15:00000002
15004611ns          246227 1c008d6c 00d7f7b3 and              x15, x15, x13       x15=00000000 x15:00000008 x13:00001f80
15004631ns          246228 1c008d6e ee873733 p.bclr           x14, x14, 23, 8     x14=00000010 x14:00000010
15004651ns          246229 1c008d72 1a10f6b7 lui              x13, 0x1a10f000     x13=1a10f000
15004671ns          246230 1c008d76 0ff57513 andi             x10, x10, 255       x10=00000063 x10:00000063
15004690ns          246231 1c008d7a 00d70733 add              x14, x14, x13       x14=1a10f010 x14:00000010 x13:1a10f000
15004710ns          246232 1c008d7c 00a7e723 p.sw             x10, x0(x15)        x10:00000063 x15:00000000  PA:1a10f010
15005029ns          246248 1c008d80 00000513 addi             x10, x0, 0          x10=00000000
15005048ns          246249 1c008d82 00008067 jalr             x0, x1, 0            x1:1c008e52
15005108ns          246252 1c008e52 31f52563 p.beqimm         x10, 778            x10:00000000
15005128ns          246253 1c008e56 001d8d93 addi             x27, x27, 1         x27=00000022 x27:00000021
15005148ns          246254 1c008e58 00044503 lbu              x10, 0(x8)          x10=0000006f  x8:1c000047  PA:1c000047
15005446ns          246269 1c008e5c 00140413 addi             x8, x8, 1            x8=1c000048  x8:1c000047
15005466ns          246270 1c008e5e fe0514e3 bne              x10, x0, -24        x10:0000006f
15005546ns          246274 1c008e46 02500793 addi             x15, x0, 37         x15=00000025
15005566ns          246275 1c008e4a 04f50863 beq              x10, x15, 80        x10:0000006f x15:00000025
15005586ns          246276 1c008e4e 01a005b3 add              x11, x0, x26        x11=00000002 x26:00000002
15005605ns          246277 1c008e50 000b00e7 jalr             x1, x22, 0           x1=1c008e52 x22:1c008d5c
15005645ns          246279 1c008d5c 000026b7 lui              x13, 0x2000         x13=00002000
15005665ns          246280 1c008d5e f14027f3 csrrs            x15, x0, 0xf14      x15=00000002
15005685ns          246281 1c008d62 f8068693 addi             x13, x13, -128      x13=00001f80 x13:00002000
15005705ns          246282 1c008d66 00379713 slli             x14, x15, 0x3       x14=00000010 x15:00000002
15005725ns          246283 1c008d6a 00279793 slli             x15, x15, 0x2       x15=00000008 x15:00000002
15005745ns          246284 1c008d6c 00d7f7b3 and              x15, x15, x13       x15=00000000 x15:00000008 x13:00001f80
15005765ns          246285 1c008d6e ee873733 p.bclr           x14, x14, 23, 8     x14=00000010 x14:00000010
15005784ns          246286 1c008d72 1a10f6b7 lui              x13, 0x1a10f000     x13=1a10f000
15005804ns          246287 1c008d76 0ff57513 andi             x10, x10, 255       x10=0000006f x10:0000006f
15005824ns          246288 1c008d7a 00d70733 add              x14, x14, x13       x14=1a10f010 x14:00000010 x13:1a10f000
15005844ns          246289 1c008d7c 00a7e723 p.sw             x10, x0(x15)        x10:0000006f x15:00000000  PA:1a10f010
15006182ns          246306 1c008d80 00000513 addi             x10, x0, 0          x10=00000000
15006202ns          246307 1c008d82 00008067 jalr             x0, x1, 0            x1:1c008e52
15006262ns          246310 1c008e52 31f52563 p.beqimm         x10, 778            x10:00000000
15006282ns          246311 1c008e56 001d8d93 addi             x27, x27, 1         x27=00000023 x27:00000022
15006302ns          246312 1c008e58 00044503 lbu              x10, 0(x8)          x10=00000072  x8:1c000048  PA:1c000048
15006600ns          246327 1c008e5c 00140413 addi             x8, x8, 1            x8=1c000049  x8:1c000048
15006620ns          246328 1c008e5e fe0514e3 bne              x10, x0, -24        x10:00000072
15006699ns          246332 1c008e46 02500793 addi             x15, x0, 37         x15=00000025
15006719ns          246333 1c008e4a 04f50863 beq              x10, x15, 80        x10:00000072 x15:00000025
15006739ns          246334 1c008e4e 01a005b3 add              x11, x0, x26        x11=00000002 x26:00000002
15006759ns          246335 1c008e50 000b00e7 jalr             x1, x22, 0           x1=1c008e52 x22:1c008d5c
15006799ns          246337 1c008d5c 000026b7 lui              x13, 0x2000         x13=00002000
15006819ns          246338 1c008d5e f14027f3 csrrs            x15, x0, 0xf14      x15=00000002
15006839ns          246339 1c008d62 f8068693 addi             x13, x13, -128      x13=00001f80 x13:00002000
15006859ns          246340 1c008d66 00379713 slli             x14, x15, 0x3       x14=00000010 x15:00000002
15006878ns          246341 1c008d6a 00279793 slli             x15, x15, 0x2       x15=00000008 x15:00000002
15006898ns          246342 1c008d6c 00d7f7b3 and              x15, x15, x13       x15=00000000 x15:00000008 x13:00001f80
15006918ns          246343 1c008d6e ee873733 p.bclr           x14, x14, 23, 8     x14=00000010 x14:00000010
15006938ns          246344 1c008d72 1a10f6b7 lui              x13, 0x1a10f000     x13=1a10f000
15006958ns          246345 1c008d76 0ff57513 andi             x10, x10, 255       x10=00000072 x10:00000072
15006978ns          246346 1c008d7a 00d70733 add              x14, x14, x13       x14=1a10f010 x14:00000010 x13:1a10f000
15006998ns          246347 1c008d7c 00a7e723 p.sw             x10, x0(x15)        x10:00000072 x15:00000000  PA:1a10f010
15007336ns          246364 1c008d80 00000513 addi             x10, x0, 0          x10=00000000
15007356ns          246365 1c008d82 00008067 jalr             x0, x1, 0            x1:1c008e52
15007415ns          246368 1c008e52 31f52563 p.beqimm         x10, 778            x10:00000000
15007435ns          246369 1c008e56 001d8d93 addi             x27, x27, 1         x27=00000024 x27:00000023
15007455ns          246370 1c008e58 00044503 lbu              x10, 0(x8)          x10=00000065  x8:1c000049  PA:1c000049
15007754ns          246385 1c008e5c 00140413 addi             x8, x8, 1            x8=1c00004a  x8:1c000049
15007773ns          246386 1c008e5e fe0514e3 bne              x10, x0, -24        x10:00000065
15007853ns          246390 1c008e46 02500793 addi             x15, x0, 37         x15=00000025
15007873ns          246391 1c008e4a 04f50863 beq              x10, x15, 80        x10:00000065 x15:00000025
15007893ns          246392 1c008e4e 01a005b3 add              x11, x0, x26        x11=00000002 x26:00000002
15007913ns          246393 1c008e50 000b00e7 jalr             x1, x22, 0           x1=1c008e52 x22:1c008d5c
15007953ns          246395 1c008d5c 000026b7 lui              x13, 0x2000         x13=00002000
15007972ns          246396 1c008d5e f14027f3 csrrs            x15, x0, 0xf14      x15=00000002
15007992ns          246397 1c008d62 f8068693 addi             x13, x13, -128      x13=00001f80 x13:00002000
15008012ns          246398 1c008d66 00379713 slli             x14, x15, 0x3       x14=00000010 x15:00000002
15008032ns          246399 1c008d6a 00279793 slli             x15, x15, 0x2       x15=00000008 x15:00000002
15008052ns          246400 1c008d6c 00d7f7b3 and              x15, x15, x13       x15=00000000 x15:00000008 x13:00001f80
15008072ns          246401 1c008d6e ee873733 p.bclr           x14, x14, 23, 8     x14=00000010 x14:00000010
15008092ns          246402 1c008d72 1a10f6b7 lui              x13, 0x1a10f000     x13=1a10f000
15008112ns          246403 1c008d76 0ff57513 andi             x10, x10, 255       x10=00000065 x10:00000065
15008132ns          246404 1c008d7a 00d70733 add              x14, x14, x13       x14=1a10f010 x14:00000010 x13:1a10f000
15008151ns          246405 1c008d7c 00a7e723 p.sw             x10, x0(x15)        x10:00000065 x15:00000000  PA:1a10f010
15008470ns          246421 1c008d80 00000513 addi             x10, x0, 0          x10=00000000
15008490ns          246422 1c008d82 00008067 jalr             x0, x1, 0            x1:1c008e52
15008549ns          246425 1c008e52 31f52563 p.beqimm         x10, 778            x10:00000000
15008569ns          246426 1c008e56 001d8d93 addi             x27, x27, 1         x27=00000025 x27:00000024
15008589ns          246427 1c008e58 00044503 lbu              x10, 0(x8)          x10=00000069  x8:1c00004a  PA:1c00004a
15008887ns          246442 1c008e5c 00140413 addi             x8, x8, 1            x8=1c00004b  x8:1c00004a
15008907ns          246443 1c008e5e fe0514e3 bne              x10, x0, -24        x10:00000069
15008987ns          246447 1c008e46 02500793 addi             x15, x0, 37         x15=00000025
15009007ns          246448 1c008e4a 04f50863 beq              x10, x15, 80        x10:00000069 x15:00000025
15009027ns          246449 1c008e4e 01a005b3 add              x11, x0, x26        x11=00000002 x26:00000002
15009046ns          246450 1c008e50 000b00e7 jalr             x1, x22, 0           x1=1c008e52 x22:1c008d5c
15009086ns          246452 1c008d5c 000026b7 lui              x13, 0x2000         x13=00002000
15009106ns          246453 1c008d5e f14027f3 csrrs            x15, x0, 0xf14      x15=00000002
15009126ns          246454 1c008d62 f8068693 addi             x13, x13, -128      x13=00001f80 x13:00002000
15009146ns          246455 1c008d66 00379713 slli             x14, x15, 0x3       x14=00000010 x15:00000002
15009166ns          246456 1c008d6a 00279793 slli             x15, x15, 0x2       x15=00000008 x15:00000002
15009186ns          246457 1c008d6c 00d7f7b3 and              x15, x15, x13       x15=00000000 x15:00000008 x13:00001f80
15009206ns          246458 1c008d6e ee873733 p.bclr           x14, x14, 23, 8     x14=00000010 x14:00000010
15009226ns          246459 1c008d72 1a10f6b7 lui              x13, 0x1a10f000     x13=1a10f000
15009245ns          246460 1c008d76 0ff57513 andi             x10, x10, 255       x10=00000069 x10:00000069
15009265ns          246461 1c008d7a 00d70733 add              x14, x14, x13       x14=1a10f010 x14:00000010 x13:1a10f000
15009285ns          246462 1c008d7c 00a7e723 p.sw             x10, x0(x15)        x10:00000069 x15:00000000  PA:1a10f010
15009603ns          246478 1c008d80 00000513 addi             x10, x0, 0          x10=00000000
15009623ns          246479 1c008d82 00008067 jalr             x0, x1, 0            x1:1c008e52
15009683ns          246482 1c008e52 31f52563 p.beqimm         x10, 778            x10:00000000
15009703ns          246483 1c008e56 001d8d93 addi             x27, x27, 1         x27=00000026 x27:00000025
15009723ns          246484 1c008e58 00044503 lbu              x10, 0(x8)          x10=00000064  x8:1c00004b  PA:1c00004b
15010041ns          246500 1c008e5c 00140413 addi             x8, x8, 1            x8=1c00004c  x8:1c00004b
15010061ns          246501 1c008e5e fe0514e3 bne              x10, x0, -24        x10:00000064
15010140ns          246505 1c008e46 02500793 addi             x15, x0, 37         x15=00000025
15010160ns          246506 1c008e4a 04f50863 beq              x10, x15, 80        x10:00000064 x15:00000025
15010180ns          246507 1c008e4e 01a005b3 add              x11, x0, x26        x11=00000002 x26:00000002
15010200ns          246508 1c008e50 000b00e7 jalr             x1, x22, 0           x1=1c008e52 x22:1c008d5c
15010240ns          246510 1c008d5c 000026b7 lui              x13, 0x2000         x13=00002000
15010260ns          246511 1c008d5e f14027f3 csrrs            x15, x0, 0xf14      x15=00000002
15010280ns          246512 1c008d62 f8068693 addi             x13, x13, -128      x13=00001f80 x13:00002000
15010300ns          246513 1c008d66 00379713 slli             x14, x15, 0x3       x14=00000010 x15:00000002
15010320ns          246514 1c008d6a 00279793 slli             x15, x15, 0x2       x15=00000008 x15:00000002
15010339ns          246515 1c008d6c 00d7f7b3 and              x15, x15, x13       x15=00000000 x15:00000008 x13:00001f80
15010359ns          246516 1c008d6e ee873733 p.bclr           x14, x14, 23, 8     x14=00000010 x14:00000010
15010379ns          246517 1c008d72 1a10f6b7 lui              x13, 0x1a10f000     x13=1a10f000
15010399ns          246518 1c008d76 0ff57513 andi             x10, x10, 255       x10=00000064 x10:00000064
15010419ns          246519 1c008d7a 00d70733 add              x14, x14, x13       x14=1a10f010 x14:00000010 x13:1a10f000
15010439ns          246520 1c008d7c 00a7e723 p.sw             x10, x0(x15)        x10:00000064 x15:00000000  PA:1a10f010
15010757ns          246536 1c008d80 00000513 addi             x10, x0, 0          x10=00000000
15010777ns          246537 1c008d82 00008067 jalr             x0, x1, 0            x1:1c008e52
15010837ns          246540 1c008e52 31f52563 p.beqimm         x10, 778            x10:00000000
15010857ns          246541 1c008e56 001d8d93 addi             x27, x27, 1         x27=00000027 x27:00000026
15010876ns          246542 1c008e58 00044503 lbu              x10, 0(x8)          x10=00000020  x8:1c00004c  PA:1c00004c
15011175ns          246557 1c008e5c 00140413 addi             x8, x8, 1            x8=1c00004d  x8:1c00004c
15011195ns          246558 1c008e5e fe0514e3 bne              x10, x0, -24        x10:00000020
15011274ns          246562 1c008e46 02500793 addi             x15, x0, 37         x15=00000025
15011294ns          246563 1c008e4a 04f50863 beq              x10, x15, 80        x10:00000020 x15:00000025
15011314ns          246564 1c008e4e 01a005b3 add              x11, x0, x26        x11=00000002 x26:00000002
15011334ns          246565 1c008e50 000b00e7 jalr             x1, x22, 0           x1=1c008e52 x22:1c008d5c
15011374ns          246567 1c008d5c 000026b7 lui              x13, 0x2000         x13=00002000
15011394ns          246568 1c008d5e f14027f3 csrrs            x15, x0, 0xf14      x15=00000002
15011413ns          246569 1c008d62 f8068693 addi             x13, x13, -128      x13=00001f80 x13:00002000
15011433ns          246570 1c008d66 00379713 slli             x14, x15, 0x3       x14=00000010 x15:00000002
15011453ns          246571 1c008d6a 00279793 slli             x15, x15, 0x2       x15=00000008 x15:00000002
15011473ns          246572 1c008d6c 00d7f7b3 and              x15, x15, x13       x15=00000000 x15:00000008 x13:00001f80
15011493ns          246573 1c008d6e ee873733 p.bclr           x14, x14, 23, 8     x14=00000010 x14:00000010
15011513ns          246574 1c008d72 1a10f6b7 lui              x13, 0x1a10f000     x13=1a10f000
15011533ns          246575 1c008d76 0ff57513 andi             x10, x10, 255       x10=00000020 x10:00000020
15011553ns          246576 1c008d7a 00d70733 add              x14, x14, x13       x14=1a10f010 x14:00000010 x13:1a10f000
15011573ns          246577 1c008d7c 00a7e723 p.sw             x10, x0(x15)        x10:00000020 x15:00000000  PA:1a10f010
15011891ns          246593 1c008d80 00000513 addi             x10, x0, 0          x10=00000000
15011911ns          246594 1c008d82 00008067 jalr             x0, x1, 0            x1:1c008e52
15011970ns          246597 1c008e52 31f52563 p.beqimm         x10, 778            x10:00000000
15011990ns          246598 1c008e56 001d8d93 addi             x27, x27, 1         x27=00000028 x27:00000027
15012010ns          246599 1c008e58 00044503 lbu              x10, 0(x8)          x10=0000003d  x8:1c00004d  PA:1c00004d
15012309ns          246614 1c008e5c 00140413 addi             x8, x8, 1            x8=1c00004e  x8:1c00004d
15012328ns          246615 1c008e5e fe0514e3 bne              x10, x0, -24        x10:0000003d
15012408ns          246619 1c008e46 02500793 addi             x15, x0, 37         x15=00000025
15012428ns          246620 1c008e4a 04f50863 beq              x10, x15, 80        x10:0000003d x15:00000025
15012448ns          246621 1c008e4e 01a005b3 add              x11, x0, x26        x11=00000002 x26:00000002
15012468ns          246622 1c008e50 000b00e7 jalr             x1, x22, 0           x1=1c008e52 x22:1c008d5c
15012507ns          246624 1c008d5c 000026b7 lui              x13, 0x2000         x13=00002000
15012527ns          246625 1c008d5e f14027f3 csrrs            x15, x0, 0xf14      x15=00000002
15012547ns          246626 1c008d62 f8068693 addi             x13, x13, -128      x13=00001f80 x13:00002000
15012567ns          246627 1c008d66 00379713 slli             x14, x15, 0x3       x14=00000010 x15:00000002
15012587ns          246628 1c008d6a 00279793 slli             x15, x15, 0x2       x15=00000008 x15:00000002
15012607ns          246629 1c008d6c 00d7f7b3 and              x15, x15, x13       x15=00000000 x15:00000008 x13:00001f80
15012627ns          246630 1c008d6e ee873733 p.bclr           x14, x14, 23, 8     x14=00000010 x14:00000010
15012647ns          246631 1c008d72 1a10f6b7 lui              x13, 0x1a10f000     x13=1a10f000
15012667ns          246632 1c008d76 0ff57513 andi             x10, x10, 255       x10=0000003d x10:0000003d
15012687ns          246633 1c008d7a 00d70733 add              x14, x14, x13       x14=1a10f010 x14:00000010 x13:1a10f000
15012706ns          246634 1c008d7c 00a7e723 p.sw             x10, x0(x15)        x10:0000003d x15:00000000  PA:1a10f010
15013045ns          246651 1c008d80 00000513 addi             x10, x0, 0          x10=00000000
15013064ns          246652 1c008d82 00008067 jalr             x0, x1, 0            x1:1c008e52
15013124ns          246655 1c008e52 31f52563 p.beqimm         x10, 778            x10:00000000
15013144ns          246656 1c008e56 001d8d93 addi             x27, x27, 1         x27=00000029 x27:00000028
15013164ns          246657 1c008e58 00044503 lbu              x10, 0(x8)          x10=00000020  x8:1c00004e  PA:1c00004e
15013462ns          246672 1c008e5c 00140413 addi             x8, x8, 1            x8=1c00004f  x8:1c00004e
15013482ns          246673 1c008e5e fe0514e3 bne              x10, x0, -24        x10:00000020
15013562ns          246677 1c008e46 02500793 addi             x15, x0, 37         x15=00000025
15013582ns          246678 1c008e4a 04f50863 beq              x10, x15, 80        x10:00000020 x15:00000025
15013601ns          246679 1c008e4e 01a005b3 add              x11, x0, x26        x11=00000002 x26:00000002
15013621ns          246680 1c008e50 000b00e7 jalr             x1, x22, 0           x1=1c008e52 x22:1c008d5c
15013661ns          246682 1c008d5c 000026b7 lui              x13, 0x2000         x13=00002000
15013681ns          246683 1c008d5e f14027f3 csrrs            x15, x0, 0xf14      x15=00000002
15013701ns          246684 1c008d62 f8068693 addi             x13, x13, -128      x13=00001f80 x13:00002000
15013721ns          246685 1c008d66 00379713 slli             x14, x15, 0x3       x14=00000010 x15:00000002
15013741ns          246686 1c008d6a 00279793 slli             x15, x15, 0x2       x15=00000008 x15:00000002
15013761ns          246687 1c008d6c 00d7f7b3 and              x15, x15, x13       x15=00000000 x15:00000008 x13:00001f80
15013780ns          246688 1c008d6e ee873733 p.bclr           x14, x14, 23, 8     x14=00000010 x14:00000010
15013800ns          246689 1c008d72 1a10f6b7 lui              x13, 0x1a10f000     x13=1a10f000
15013820ns          246690 1c008d76 0ff57513 andi             x10, x10, 255       x10=00000020 x10:00000020
15013840ns          246691 1c008d7a 00d70733 add              x14, x14, x13       x14=1a10f010 x14:00000010 x13:1a10f000
15013860ns          246692 1c008d7c 00a7e723 p.sw             x10, x0(x15)        x10:00000020 x15:00000000  PA:1a10f010
15014178ns          246708 1c008d80 00000513 addi             x10, x0, 0          x10=00000000
15014198ns          246709 1c008d82 00008067 jalr             x0, x1, 0            x1:1c008e52
15014258ns          246712 1c008e52 31f52563 p.beqimm         x10, 778            x10:00000000
15014278ns          246713 1c008e56 001d8d93 addi             x27, x27, 1         x27=0000002a x27:00000029
15014298ns          246714 1c008e58 00044503 lbu              x10, 0(x8)          x10=00000025  x8:1c00004f  PA:1c00004f
15014596ns          246729 1c008e5c 00140413 addi             x8, x8, 1            x8=1c000050  x8:1c00004f
15014616ns          246730 1c008e5e fe0514e3 bne              x10, x0, -24        x10:00000025
15014695ns          246734 1c008e46 02500793 addi             x15, x0, 37         x15=00000025
15014715ns          246735 1c008e4a 04f50863 beq              x10, x15, 80        x10:00000025 x15:00000025
15014795ns          246739 1c008e9a 00044483 lbu              x9, 0(x8)            x9=00000064  x8:1c000050  PA:1c000050
15015113ns          246755 1c008e9e 02000693 addi             x13, x0, 32         x13=00000020
15015133ns          246756 1c008ea2 00140a93 addi             x21, x8, 1          x21=1c000051  x8:1c000050
15015153ns          246757 1c008ea6 009005b3 add              x11, x0, x9         x11=00000064  x9:00000064
15015173ns          246758 1c008ea8 0fcb8513 addi             x10, x23, 252       x10=1c0000fc x23:1c000000
15015193ns          246759 1c008eac 00d12823 sw               x13, 16(x2)         x13:00000020  x2:10001628  PA:10001638
15015213ns          246760 1c008eae 00012c23 sw               x0, 24(x2)           x2:10001628  PA:10001640
15015233ns          246761 1c008eb0 00012a23 sw               x0, 20(x2)           x2:10001628  PA:1000163c
15015252ns          246762 1c008eb2 00012e23 sw               x0, 28(x2)           x2:10001628  PA:10001644
15015272ns          246763 1c008eb4 00012623 sw               x0, 12(x2)           x2:10001628  PA:10001634
15015292ns          246764 1c008eb6 02300913 addi             x18, x0, 35         x18=00000023
15015312ns          246765 1c008eba 02d00a13 addi             x20, x0, 45         x20=0000002d
15015332ns          246766 1c008ebe 015009b3 add              x19, x0, x21        x19=1c000051 x21:1c000051
15015372ns          246768 1c008ec0 e1dff0ef jal              x1, -484             x1=1c008ec2
15015451ns          246772 1c008cdc 00054783 lbu              x15, 0(x10)         x15=0000002d x10:1c0000fc  PA:1c0000fc
15015770ns          246788 1c008ce0 0ff5f593 andi             x11, x11, 255       x11=00000064 x11:00000064
15015789ns          246789 1c008ce4 00b78c63 beq              x15, x11, 24        x15:0000002d x11:00000064
15015809ns          246790 1c008ce8 00078b63 beq              x15, x0, 22         x15:0000002d
15015829ns          246791 1c008cea 00150793 addi             x15, x10, 1         x15=1c0000fd x10:1c0000fc
15015849ns          246792 1c008cee 0040006f jal              x0, 4              
15015889ns          246794 1c008cf2 00f00533 add              x10, x0, x15        x10=1c0000fd x15:1c0000fd
15015909ns          246795 1c008cf4 0017c70b p.lbu            x14, 1(x15!)        x14=0000002b x15=1c0000fe x15:1c0000fd  PA:1c0000fd
15016227ns          246811 1c008cf8 feb71ce3 bne              x14, x11, -8        x14:0000002b x11:00000064
15016287ns          246814 1c008cf0 00070763 beq              x14, x0, 14         x14:0000002b
15016307ns          246815 1c008cf2 00f00533 add              x10, x0, x15        x10=1c0000fe x15:1c0000fe
15016327ns          246816 1c008cf4 0017c70b p.lbu            x14, 1(x15!)        x14=00000020 x15=1c0000ff x15:1c0000fe  PA:1c0000fe
15016665ns          246833 1c008cf8 feb71ce3 bne              x14, x11, -8        x14:00000020 x11:00000064
15016724ns          246836 1c008cf0 00070763 beq              x14, x0, 14         x14:00000020
15016744ns          246837 1c008cf2 00f00533 add              x10, x0, x15        x10=1c0000ff x15:1c0000ff
15016764ns          246838 1c008cf4 0017c70b p.lbu            x14, 1(x15!)        x14=00000023 x15=1c000100 x15:1c0000ff  PA:1c0000ff
15017082ns          246854 1c008cf8 feb71ce3 bne              x14, x11, -8        x14:00000023 x11:00000064
15017142ns          246857 1c008cf0 00070763 beq              x14, x0, 14         x14:00000023
15017162ns          246858 1c008cf2 00f00533 add              x10, x0, x15        x10=1c000100 x15:1c000100
15017182ns          246859 1c008cf4 0017c70b p.lbu            x14, 1(x15!)        x14=00000030 x15=1c000101 x15:1c000100  PA:1c000100
15017500ns          246875 1c008cf8 feb71ce3 bne              x14, x11, -8        x14:00000030 x11:00000064
15017560ns          246878 1c008cf0 00070763 beq              x14, x0, 14         x14:00000030
15017580ns          246879 1c008cf2 00f00533 add              x10, x0, x15        x10=1c000101 x15:1c000101
15017600ns          246880 1c008cf4 0017c70b p.lbu            x14, 1(x15!)        x14=00000000 x15=1c000102 x15:1c000101  PA:1c000101
15017938ns          246897 1c008cf8 feb71ce3 bne              x14, x11, -8        x14:00000000 x11:00000064
15017997ns          246900 1c008cf0 00070763 beq              x14, x0, 14         x14:00000000
15018077ns          246904 1c008cfe 0015b593 sltiu            x11, x11, 1         x11=00000000 x11:00000064
15018097ns          246905 1c008d02 40b005b3 sub              x11, x0, x11        x11=00000000 x11:00000000
15018117ns          246906 1c008d06 00b57533 and              x10, x10, x11       x10=00000000 x10:1c000101 x11:00000000
15018137ns          246907 1c008d08 00008067 jalr             x0, x1, 0            x1:1c008ec2
15018176ns          246909 1c008ec2 02050a63 beq              x10, x0, 52         x10:00000000
15018316ns          246916 1c008ef6 02a00613 addi             x12, x0, 42         x12=0000002a
15018335ns          246917 1c008efa 2ac48663 beq              x9, x12, 684         x9:00000064 x12:0000002a
15018395ns          246920 1c008efe fd048613 addi             x12, x9, -48        x12=00000034  x9:00000064
15018415ns          246921 1c008f02 00900593 addi             x11, x0, 9          x11=00000009
15018435ns          246922 1c008f04 00000913 addi             x18, x0, 0          x18=00000000
15018455ns          246923 1c008f06 28c5f063 bgeu             x11, x12, 640       x11:00000009 x12:00000034
15018475ns          246924 1c008f0a 02e00693 addi             x13, x0, 46         x13=0000002e
15018495ns          246925 1c008f0e fff00a13 addi             x20, x0, -1         x20=ffffffff
15018534ns          246927 1c008f10 2ed48363 beq              x9, x13, 742         x9:00000064 x13:0000002e
15018574ns          246929 1c008f14 1c0007b7 lui              x15, 0x1c000000     x15=1c000000
15018594ns          246930 1c008f18 009005b3 add              x11, x0, x9         x11=00000064  x9:00000064
15018614ns          246931 1c008f1a 10478513 addi             x10, x15, 260       x10=1c000104 x15:1c000000
15018634ns          246932 1c008f1e dbfff0ef jal              x1, -578             x1=1c008f20
15018713ns          246936 1c008cdc 00054783 lbu              x15, 0(x10)         x15=00000068 x10:1c000104  PA:1c000104
15019012ns          246951 1c008ce0 0ff5f593 andi             x11, x11, 255       x11=00000064 x11:00000064
15019032ns          246952 1c008ce4 00b78c63 beq              x15, x11, 24        x15:00000068 x11:00000064
15019052ns          246953 1c008ce8 00078b63 beq              x15, x0, 22         x15:00000068
15019071ns          246954 1c008cea 00150793 addi             x15, x10, 1         x15=1c000105 x10:1c000104
15019091ns          246955 1c008cee 0040006f jal              x0, 4              
15019131ns          246957 1c008cf2 00f00533 add              x10, x0, x15        x10=1c000105 x15:1c000105
15019151ns          246958 1c008cf4 0017c70b p.lbu            x14, 1(x15!)        x14=0000006c x15=1c000106 x15:1c000105  PA:1c000105
15019469ns          246974 1c008cf8 feb71ce3 bne              x14, x11, -8        x14:0000006c x11:00000064
15019529ns          246977 1c008cf0 00070763 beq              x14, x0, 14         x14:0000006c
15019549ns          246978 1c008cf2 00f00533 add              x10, x0, x15        x10=1c000106 x15:1c000106
15019569ns          246979 1c008cf4 0017c70b p.lbu            x14, 1(x15!)        x14=0000004c x15=1c000107 x15:1c000106  PA:1c000106
15019887ns          246995 1c008cf8 feb71ce3 bne              x14, x11, -8        x14:0000004c x11:00000064
15019947ns          246998 1c008cf0 00070763 beq              x14, x0, 14         x14:0000004c
15019967ns          246999 1c008cf2 00f00533 add              x10, x0, x15        x10=1c000107 x15:1c000107
15019986ns          247000 1c008cf4 0017c70b p.lbu            x14, 1(x15!)        x14=0000007a x15=1c000108 x15:1c000107  PA:1c000107
15020305ns          247016 1c008cf8 feb71ce3 bne              x14, x11, -8        x14:0000007a x11:00000064
15020364ns          247019 1c008cf0 00070763 beq              x14, x0, 14         x14:0000007a
15020384ns          247020 1c008cf2 00f00533 add              x10, x0, x15        x10=1c000108 x15:1c000108
15020404ns          247021 1c008cf4 0017c70b p.lbu            x14, 1(x15!)        x14=00000000 x15=1c000109 x15:1c000108  PA:1c000108
15020722ns          247037 1c008cf8 feb71ce3 bne              x14, x11, -8        x14:00000000 x11:00000064
15020782ns          247040 1c008cf0 00070763 beq              x14, x0, 14         x14:00000000
15020862ns          247044 1c008cfe 0015b593 sltiu            x11, x11, 1         x11=00000000 x11:00000064
15020881ns          247045 1c008d02 40b005b3 sub              x11, x0, x11        x11=00000000 x11:00000000
15020901ns          247046 1c008d06 00b57533 and              x10, x10, x11       x10=00000000 x10:1c000108 x11:00000000
15020921ns          247047 1c008d08 00008067 jalr             x0, x1, 0            x1:1c008f20
15020961ns          247049 1c008f20 01300433 add              x8, x0, x19          x8=1c000051 x19:1c000051
15020981ns          247050 1c008f22 00050563 beq              x10, x0, 10         x10:00000000
15021041ns          247053 1c008f2c 06700693 addi             x13, x0, 103        x13=00000067
15021100ns          247056 1c008f30 2896d963 bge              x13, x9, 658        x13:00000067  x9:00000064
15021180ns          247060 1c0091c2 06500693 addi             x13, x0, 101        x13=00000065
15021200ns          247061 1c0091c6 12d4d563 bge              x9, x13, 298         x9:00000064 x13:00000065
15021220ns          247062 1c0091ca 04700693 addi             x13, x0, 71         x13=00000047
15021240ns          247063 1c0091ce dc96cbe3 blt              x13, x9, -554       x13:00000047  x9:00000064
15021339ns          247068 1c008fa4 06300693 addi             x13, x0, 99         x13=00000063
15021379ns          247070 1c008fa8 0ad488e3 beq              x9, x13, 2224        x9:00000064 x13:00000063
15021399ns          247071 1c008fac 0096c9e3 blt              x13, x9, 2066       x13:00000063  x9:00000064
15021558ns          247079 1c0097be 000c2583 lw               x11, 0(x24)         x11=00000002 x24:10001780  PA:10001780
15021578ns          247080 1c0097c2 004c0c13 addi             x24, x24, 4         x24=10001784 x24:10001780
15021598ns          247081 1c0097c4 3405cc63 blt              x11, x0, 856        x11:00000002
15021617ns          247082 1c0097c8 01412603 lw               x12, 20(x2)         x12=00000000  x2:10001628  PA:1000163c
15021637ns          247083 1c0097ca 00b006b3 add              x13, x0, x11        x13=00000002 x11:00000002
15021657ns          247084 1c0097cc 2e061863 bne              x12, x0, 752        x12:00000000
15021697ns          247086 1c0097d0 01812703 lw               x14, 24(x2)         x14=00000000  x2:10001628  PA:10001640
15021717ns          247087 1c0097d2 019007b3 add              x15, x0, x25        x15=1000164c x25:1000164c
15021737ns          247088 1c0097d4 00070763 beq              x14, x0, 14         x14:00000000
15021796ns          247091 1c0097e2 00f00733 add              x14, x0, x15        x14=1000164c x15:1000164c
15021816ns          247092 1c0097e4 00a00513 addi             x10, x0, 10         x10=0000000a
15021836ns          247093 1c0097e6 02a6f633 remu             x12, x13, x10       x12=00000002 x13:00000002 x10:0000000a
15022453ns          247124 1c0097ea 02a6d6b3 divu             x13, x13, x10       x13=00000000 x13:00000002 x10:0000000a
15023069ns          247155 1c0097ee 03060613 addi             x12, x12, 48        x12=00000032 x12:00000002
15023089ns          247156 1c0097f2 00c700ab p.sb             x12, 1(x14!)        x14=1000164d x12:00000032 x14:1000164c  PA:1000164c
15023109ns          247157 1c0097f6 fe0698e3 bne              x13, x0, -16        x13:00000000
15023129ns          247158 1c0097f8 40f706b3 sub              x13, x14, x15       x13=00000001 x14:1000164d x15:1000164c
15023149ns          247159 1c0097fc 0146dc63 bge              x13, x20, 24        x13:00000001 x20:ffffffff
15023268ns          247165 1c009814 00e006b3 add              x13, x0, x14        x13=1000164d x14:1000164d
15023308ns          247167 1c009816 fe068fab p.sb             x0, -1(x13!)        x13=1000164c x13:1000164d  PA:1000164d
15023328ns          247168 1c00981a 00d7fc63 bgeu             x15, x13, 24        x15:1000164c x13:1000164c
15023467ns          247175 1c009832 01412783 lw               x15, 20(x2)         x15=00000000  x2:10001628  PA:1000163c
15023507ns          247177 1c009834 01812603 lw               x12, 24(x2)         x12=00000000  x2:10001628  PA:10001640
15023527ns          247178 1c009836 419704b3 sub              x9, x14, x25         x9=00000001 x14:1000164d x25:1000164c
15023547ns          247179 1c00983a 00c7e7b3 or               x15, x15, x12       x15=00000000 x15:00000000 x12:00000000
15023567ns          247180 1c00983c 00f12623 sw               x15, 12(x2)         x15:00000000  x2:10001628  PA:10001634
15023587ns          247181 1c00983e 00079363 bne              x15, x0, 6          x15:00000000
15023607ns          247182 1c009840 01f5d593 srli             x11, x11, 0x1f      x11=00000000 x11:00000002
15023626ns          247183 1c009842 00b12623 sw               x11, 12(x2)         x11:00000000  x2:10001628  PA:10001634
15023646ns          247184 1c009844 e3fa28e3 p.beqimm         x20, -464           x20:ffffffff
15024104ns          247207 1c009674 0c800793 addi             x15, x0, 200        x15=000000c8
15024124ns          247208 1c009678 9e97d0e3 bge              x15, x9, -1568      x15:000000c8  x9:00000001
15024681ns          247236 1c009058 0f24d163 bge              x9, x18, 226         x9:00000001 x18:00000000
15024820ns          247243 1c00913a d00482e3 beq              x9, x0, -764         x9:00000001
15024840ns          247244 1c00913e 01900933 add              x18, x0, x25        x18=1000164c x25:1000164c
15024880ns          247246 1c009140 419d8db3 sub              x27, x27, x25       x27=efffe9de x27:0000002a x25:1000164c
15024919ns          247248 1c009144 00a0006f jal              x0, 10             
15024979ns          247251 1c00914e 0019450b p.lbu            x10, 1(x18!)        x10=00000032 x18=1000164d x18:1000164c  PA:1000164c
15024999ns          247252 1c009152 01a005b3 add              x11, x0, x26        x11=00000002 x26:00000002
15025019ns          247253 1c009154 000b00e7 jalr             x1, x22, 0           x1=1c009156 x22:1c008d5c
15025098ns          247257 1c008d5c 000026b7 lui              x13, 0x2000         x13=00002000
15025138ns          247259 1c008d5e f14027f3 csrrs            x15, x0, 0xf14      x15=00000002
15025158ns          247260 1c008d62 f8068693 addi             x13, x13, -128      x13=00001f80 x13:00002000
15025178ns          247261 1c008d66 00379713 slli             x14, x15, 0x3       x14=00000010 x15:00000002
15025198ns          247262 1c008d6a 00279793 slli             x15, x15, 0x2       x15=00000008 x15:00000002
15025218ns          247263 1c008d6c 00d7f7b3 and              x15, x15, x13       x15=00000000 x15:00000008 x13:00001f80
15025257ns          247265 1c008d6e ee873733 p.bclr           x14, x14, 23, 8     x14=00000010 x14:00000010
15025297ns          247267 1c008d72 1a10f6b7 lui              x13, 0x1a10f000     x13=1a10f000
15025317ns          247268 1c008d76 0ff57513 andi             x10, x10, 255       x10=00000032 x10:00000032
15025337ns          247269 1c008d7a 00d70733 add              x14, x14, x13       x14=1a10f010 x14:00000010 x13:1a10f000
15025357ns          247270 1c008d7c 00a7e723 p.sw             x10, x0(x15)        x10:00000032 x15:00000000  PA:1a10f010
15025775ns          247291 1c008d80 00000513 addi             x10, x0, 0          x10=00000000
15025795ns          247292 1c008d82 00008067 jalr             x0, x1, 0            x1:1c009156
15025834ns          247294 1c009156 fff48493 addi             x9, x9, -1           x9=00000000  x9:00000001
15025854ns          247295 1c009158 fff537e3 p.bneimm         x10, -18            x10:00000000
15025993ns          247302 1c009146 012d8733 add              x14, x27, x18       x14=0000002b x27:efffe9de x18:1000164d
15026013ns          247303 1c00914a 5a048b63 beq              x9, x0, 1462         x9:00000000
15026113ns          247308 1c009700 00e00db3 add              x27, x0, x14        x27=0000002b x14:0000002b
15026153ns          247310 1c009702 f3cff06f jal              x0, -2244          
15026272ns          247316 1c008e3e 00044503 lbu              x10, 0(x8)          x10=00000029  x8:1c000051  PA:1c000051
15026570ns          247331 1c008e42 00140413 addi             x8, x8, 1            x8=1c000052  x8:1c000051
15026590ns          247332 1c008e44 00050e63 beq              x10, x0, 28         x10:00000029
15026610ns          247333 1c008e46 02500793 addi             x15, x0, 37         x15=00000025
15026630ns          247334 1c008e4a 04f50863 beq              x10, x15, 80        x10:00000029 x15:00000025
15026650ns          247335 1c008e4e 01a005b3 add              x11, x0, x26        x11=00000002 x26:00000002
15026670ns          247336 1c008e50 000b00e7 jalr             x1, x22, 0           x1=1c008e52 x22:1c008d5c
15026709ns          247338 1c008d5c 000026b7 lui              x13, 0x2000         x13=00002000
15026729ns          247339 1c008d5e f14027f3 csrrs            x15, x0, 0xf14      x15=00000002
15026749ns          247340 1c008d62 f8068693 addi             x13, x13, -128      x13=00001f80 x13:00002000
15026769ns          247341 1c008d66 00379713 slli             x14, x15, 0x3       x14=00000010 x15:00000002
15026789ns          247342 1c008d6a 00279793 slli             x15, x15, 0x2       x15=00000008 x15:00000002
15026809ns          247343 1c008d6c 00d7f7b3 and              x15, x15, x13       x15=00000000 x15:00000008 x13:00001f80
15026829ns          247344 1c008d6e ee873733 p.bclr           x14, x14, 23, 8     x14=00000010 x14:00000010
15026849ns          247345 1c008d72 1a10f6b7 lui              x13, 0x1a10f000     x13=1a10f000
15026869ns          247346 1c008d76 0ff57513 andi             x10, x10, 255       x10=00000029 x10:00000029
15026889ns          247347 1c008d7a 00d70733 add              x14, x14, x13       x14=1a10f010 x14:00000010 x13:1a10f000
15026908ns          247348 1c008d7c 00a7e723 p.sw             x10, x0(x15)        x10:00000029 x15:00000000  PA:1a10f010
15027247ns          247365 1c008d80 00000513 addi             x10, x0, 0          x10=00000000
15027266ns          247366 1c008d82 00008067 jalr             x0, x1, 0            x1:1c008e52
15027326ns          247369 1c008e52 31f52563 p.beqimm         x10, 778            x10:00000000
15027346ns          247370 1c008e56 001d8d93 addi             x27, x27, 1         x27=0000002c x27:0000002b
15027366ns          247371 1c008e58 00044503 lbu              x10, 0(x8)          x10=0000000a  x8:1c000052  PA:1c000052
15027664ns          247386 1c008e5c 00140413 addi             x8, x8, 1            x8=1c000053  x8:1c000052
15027684ns          247387 1c008e5e fe0514e3 bne              x10, x0, -24        x10:0000000a
15027764ns          247391 1c008e46 02500793 addi             x15, x0, 37         x15=00000025
15027784ns          247392 1c008e4a 04f50863 beq              x10, x15, 80        x10:0000000a x15:00000025
15027803ns          247393 1c008e4e 01a005b3 add              x11, x0, x26        x11=00000002 x26:00000002
15027823ns          247394 1c008e50 000b00e7 jalr             x1, x22, 0           x1=1c008e52 x22:1c008d5c
15027863ns          247396 1c008d5c 000026b7 lui              x13, 0x2000         x13=00002000
15027883ns          247397 1c008d5e f14027f3 csrrs            x15, x0, 0xf14      x15=00000002
15027903ns          247398 1c008d62 f8068693 addi             x13, x13, -128      x13=00001f80 x13:00002000
15027923ns          247399 1c008d66 00379713 slli             x14, x15, 0x3       x14=00000010 x15:00000002
15027943ns          247400 1c008d6a 00279793 slli             x15, x15, 0x2       x15=00000008 x15:00000002
15027963ns          247401 1c008d6c 00d7f7b3 and              x15, x15, x13       x15=00000000 x15:00000008 x13:00001f80
15027982ns          247402 1c008d6e ee873733 p.bclr           x14, x14, 23, 8     x14=00000010 x14:00000010
15028002ns          247403 1c008d72 1a10f6b7 lui              x13, 0x1a10f000     x13=1a10f000
15028022ns          247404 1c008d76 0ff57513 andi             x10, x10, 255       x10=0000000a x10:0000000a
15028042ns          247405 1c008d7a 00d70733 add              x14, x14, x13       x14=1a10f010 x14:00000010 x13:1a10f000
15028062ns          247406 1c008d7c 00a7e723 p.sw             x10, x0(x15)        x10:0000000a x15:00000000  PA:1a10f010
15028380ns          247422 1c008d80 00000513 addi             x10, x0, 0          x10=00000000
15028400ns          247423 1c008d82 00008067 jalr             x0, x1, 0            x1:1c008e52
15028460ns          247426 1c008e52 31f52563 p.beqimm         x10, 778            x10:00000000
15028480ns          247427 1c008e56 001d8d93 addi             x27, x27, 1         x27=0000002d x27:0000002c
15028500ns          247428 1c008e58 00044503 lbu              x10, 0(x8)          x10=00000000  x8:1c000053  PA:1c000053
15028798ns          247443 1c008e5c 00140413 addi             x8, x8, 1            x8=1c000054  x8:1c000053
15028818ns          247444 1c008e5e fe0514e3 bne              x10, x0, -24        x10:00000000
15028838ns          247445 1c008e60 01b00433 add              x8, x0, x27          x8=0000002d x27:0000002d
15028858ns          247446 1c008e62 00800533 add              x10, x0, x8         x10=0000002d  x8:0000002d
15028878ns          247447 1c008e64 12c12083 lw               x1, 300(x2)          x1=1c008df0  x2:10001628  PA:10001754
15028897ns          247448 1c008e68 12812403 lw               x8, 296(x2)          x8=00000002  x2:10001628  PA:10001750
15028917ns          247449 1c008e6c 12412483 lw               x9, 292(x2)          x9=xxxxxxxx  x2:10001628  PA:1000174c
15029275ns          247467 1c008e70 12012903 lw               x18, 288(x2)        x18=xxxxxxxx  x2:10001628  PA:10001748
15029315ns          247469 1c008e74 11c12983 lw               x19, 284(x2)        x19=xxxxxxxx  x2:10001628  PA:10001744
15029335ns          247470 1c008e78 11812a03 lw               x20, 280(x2)        x20=xxxxxxxx  x2:10001628  PA:10001740
15029355ns          247471 1c008e7c 11412a83 lw               x21, 276(x2)        x21=xxxxxxxx  x2:10001628  PA:1000173c
15029793ns          247493 1c008e80 11012b03 lw               x22, 272(x2)        x22=xxxxxxxx  x2:10001628  PA:10001738
15029832ns          247495 1c008e84 10c12b83 lw               x23, 268(x2)        x23=xxxxxxxx  x2:10001628  PA:10001734
15029852ns          247496 1c008e88 10812c03 lw               x24, 264(x2)        x24=xxxxxxxx  x2:10001628  PA:10001730
15029872ns          247497 1c008e8c 10412c83 lw               x25, 260(x2)        x25=xxxxxxxx  x2:10001628  PA:1000172c
15029932ns          247500 1c008e90 10012d03 lw               x26, 256(x2)        x26=xxxxxxxx  x2:10001628  PA:10001728
15029972ns          247502 1c008e94 0fc12d83 lw               x27, 252(x2)        x27=xxxxxxxx  x2:10001628  PA:10001724
15029991ns          247503 1c008e96 13010113 addi             x2, x2, 304          x2=10001758  x2:10001628
15030011ns          247504 1c008e98 00008067 jalr             x0, x1, 0            x1:1c008df0
15030091ns          247508 1c008df0 01c12083 lw               x1, 28(x2)           x1=1c008176  x2:10001758  PA:10001774
15030111ns          247509 1c008df2 04010113 addi             x2, x2, 64           x2=10001798  x2:10001758
15030151ns          247511 1c008df4 00008067 jalr             x0, x1, 0            x1:1c008176
15030230ns          247515 1c008176 00300793 addi             x15, x0, 3          x15=00000003
15030270ns          247517 1c008178 0087f463 bgeu             x15, x8, 8          x15:00000003  x8:00000002
15030767ns          247542 1c008180 7ff010ef jal              x1, 8190             x1=1c008184
15031682ns          247588 1c00a17e f14027f3 csrrs            x15, x0, 0xf14      x15=00000002
15031702ns          247589 1c00a182 01f00713 addi             x14, x0, 31         x14=0000001f
15031722ns          247590 1c00a184 ca5797b3 p.extractu       x15, x15, 5, 5      x15=00000000 x15:00000002
15031742ns          247591 1c00a188 00e78863 beq              x15, x14, 16        x15:00000000 x14:0000001f
15031762ns          247592 1c00a18c 002047b7 lui              x15, 0x204000       x15=00204000
15032199ns          247614 1c00a190 20078793 addi             x15, x15, 512       x15=00204200 x15:00204000
15032239ns          247616 1c00a194 01c7e703 p.elw            x14, 28(x15)        x14=00010000 x15:00204200  PA:0020421c
15032378ns          247623 1c00a198 00008067 jalr             x0, x1, 0            x1:1c008184
15032776ns          247643 1c008184 f14027f3 csrrs            x15, x0, 0xf14      x15=00000002
15032796ns          247644 1c008188 f457b7b3 p.bclr           x15, x15, 26, 5     x15=00000002 x15:00000002
15032816ns          247645 1c00818c 4a078d63 beq              x15, x0, 1210       x15:00000002
15033254ns          247667 1c008190 00a00793 addi             x15, x0, 10         x15=0000000a
15033293ns          247669 1c008192 02f407b3 mul              x15, x8, x15        x15=00000014  x8:00000002 x15:0000000a
15033313ns          247670 1c008196 1c010937 lui              x18, 0x1c010000     x18=1c010000
15033333ns          247671 1c00819a 00090913 addi             x18, x18, 0         x18=1c010000 x18:1c010000
15033830ns          247696 1c00819e 00279713 slli             x14, x15, 0x2       x14=00000050 x15:00000014
15033870ns          247698 1c0081a2 00178a13 addi             x20, x15, 1         x20=00000015 x15:00000014
15033890ns          247699 1c0081a6 00278993 addi             x19, x15, 2         x19=00000016 x15:00000014
15033910ns          247700 1c0081aa 00378093 addi             x1, x15, 3           x1=00000017 x15:00000014
15034348ns          247722 1c0081ae 00478393 addi             x7, x15, 4           x7=00000018 x15:00000014
15034387ns          247724 1c0081b2 00578293 addi             x5, x15, 5           x5=00000019 x15:00000014
15034407ns          247725 1c0081b6 00678f93 addi             x31, x15, 6         x31=0000001a x15:00000014
15034427ns          247726 1c0081ba 00778f13 addi             x30, x15, 7         x30=0000001b x15:00000014
15034865ns          247748 1c0081be 00878e93 addi             x29, x15, 8         x29=0000001c x15:00000014
15034904ns          247750 1c0081c2 00978e13 addi             x28, x15, 9         x28=0000001d x15:00000014
15034924ns          247751 1c0081c6 00241493 slli             x9, x8, 0x2          x9=00000008  x8:00000002
15034944ns          247752 1c0081ca 06400793 addi             x15, x0, 100        x15=00000064
15034964ns          247753 1c0081ce 002a1a13 slli             x20, x20, 0x2       x20=00000054 x20:00000015
15035402ns          247775 1c0081d0 00299993 slli             x19, x19, 0x2       x19=00000058 x19:00000016
15035422ns          247776 1c0081d2 00209093 slli             x1, x1, 0x2          x1=0000005c  x1:00000017
15035442ns          247777 1c0081d4 00239393 slli             x7, x7, 0x2          x7=00000060  x7:00000018
15035461ns          247778 1c0081d6 00229293 slli             x5, x5, 0x2          x5=00000064  x5:00000019
15035481ns          247779 1c0081d8 002f9f93 slli             x31, x31, 0x2       x31=00000068 x31:0000001a
15035501ns          247780 1c0081da 002f1f13 slli             x30, x30, 0x2       x30=0000006c x30:0000001b
15035521ns          247781 1c0081dc 002e9e93 slli             x29, x29, 0x2       x29=00000070 x29:0000001c
15035541ns          247782 1c0081de 002e1e13 slli             x28, x28, 0x2       x28=00000074 x28:0000001d
15035919ns          247801 1c0081e0 00990633 add              x12, x18, x9        x12=1c010008 x18:1c010000  x9:00000008
15035959ns          247803 1c0081e4 02f407b3 mul              x15, x8, x15        x15=000000c8  x8:00000002 x15:00000064
15035979ns          247804 1c0081e8 0b090693 addi             x13, x18, 176       x13=1c0100b0 x18:1c010000
15035998ns          247805 1c0081ec 00279793 slli             x15, x15, 0x2       x15=00000320 x15:000000c8
15036436ns          247827 1c0081ee 6f090893 addi             x17, x18, 1776      x17=1c0106f0 x18:1c010000
15036476ns          247829 1c0081f2 20e97b83 lw               x23, x14(x18)       x23=411c621a x14:00000050 x18:1c010000  PA:1c010050
15036894ns          247850 1c0081f6 21497a03 lw               x20, x20(x18)       x20=40b787e7 x20:00000054 x18:1c010000  PA:1c010054
15037192ns          247865 1c0081fa 21397983 lw               x19, x19(x18)       x19=406c94d5 x19:00000058 x18:1c010000  PA:1c010058
15037490ns          247880 1c0081fe 20197083 lw               x1, x1(x18)          x1=40ab7fcc  x1:0000005c x18:1c010000  PA:1c01005c
15037789ns          247895 1c008202 20797383 lw               x7, x7(x18)          x7=4098b86b  x7:00000060 x18:1c010000  PA:1c010060
15038087ns          247910 1c008206 20597283 lw               x5, x5(x18)          x5=40df7f94  x5:00000064 x18:1c010000  PA:1c010064
15038385ns          247925 1c00820a 21f97f83 lw               x31, x31(x18)       x31=40a5165d x31:00000068 x18:1c010000  PA:1c010068
15038684ns          247940 1c00820e 21e97f03 lw               x30, x30(x18)       x30=4114b5f1 x30:0000006c x18:1c010000  PA:1c01006c
15038982ns          247955 1c008212 21d97e83 lw               x29, x29(x18)       x29=40b03b37 x29:00000070 x18:1c010000  PA:1c010070
15039320ns          247972 1c008216 21c97e03 lw               x28, x28(x18)       x28=4002fa41 x28:00000074 x18:1c010000  PA:1c010074
15039619ns          247987 1c00821a 0a062b03 lw               x22, 160(x12)       x22=410b8e90 x12:1c010008  PA:1c0100a8
15039917ns          248002 1c00821e 00d787b3 add              x15, x15, x13       x15=1c0103d0 x15:00000320 x13:1c0100b0
15039937ns          248003 1c008220 00e888b3 add              x17, x17, x14       x17=1c010740 x17:1c0106f0 x14:00000050
15039957ns          248004 1c008222 00810313 addi             x6, x2, 8            x6=100017a0  x2:10001798
15039977ns          248005 1c008226 00000a93 addi             x21, x0, 0          x21=00000000
15039997ns          248006 1c00822a 00a00813 addi             x16, x0, 10         x16=0000000a
15040016ns          248007 1c00822c 02c840fb lp.setup         0x1, x16, 0x2c      x16:0000000a
15040295ns          248021 1c008230 0047ac0b p.lw             x24, 4(x15!)        x24=409b5037 x15=1c0103d4 x15:1c0103d0  PA:1c0103d0
15040633ns          248038 1c008234 0048a70b p.lw             x14, 4(x17!)        x14=40aafd69 x17=1c010744 x17:1c010740  PA:1c010740
15040931ns          248053 1c008238 a97c76c3 fmadd.s          f13, f24, f23, f21  f13=xxxxxxxx f24:409b5037 f23:411c621a f21:00000000
15040951ns          248054 1c00823c 0247ac03 lw               x24, 36(x15)        x24=40e20982 x15:1c0103d4  PA:1c0103f8
15041250ns          248069 1c008240 04c7a603 lw               x12, 76(x15)        x12=3ffea121 x15:1c0103d4  PA:1c010420
15041667ns          248090 1c008242 694c7c43 fmadd.s          f24, f24, f20, f13  f24=xxxxxxxx f24:40e20982 f20:40b787e7 f13:423dc0cc
15041687ns          248091 1c008246 0747a683 lw               x13, 116(x15)       x13=41116ddd x15:1c0103d4  PA:1c010448
15042005ns          248107 1c008248 09c7ac83 lw               x25, 156(x15)       x25=3e074c25 x15:1c0103d4  PA:1c010470
15042304ns          248122 1c00824c c1367643 fmadd.s          f12, f12, f19, f24  f12=xxxxxxxx f12:3ffea121 f19:406c94d5 f24:42afe6cb
15042324ns          248123 1c008250 0c47ac03 lw               x24, 196(x15)       x24=400e7040 x15:1c0103d4  PA:1c010498
15042622ns          248138 1c008254 0ec7a503 lw               x10, 236(x15)       x10=3e38b0e4 x15:1c0103d4  PA:1c0104c0
15042920ns          248153 1c008258 6016f6c3 fmadd.s          f13, f13, f1, f12   f13=xxxxxxxx f13:41116ddd  f1:40ab7fcc f12:42be9bd4
15042940ns          248154 1c00825c 1147a583 lw               x11, 276(x15)       x11=4118bac7 x15:1c0103d4  PA:1c0104e8
15043259ns          248170 1c008260 13c7a603 lw               x12, 316(x15)       x12=3fb9c831 x15:1c0103d4  PA:1c010510
15043557ns          248185 1c008264 687cfcc3 fmadd.s          f25, f25, f7, f13   f25=xxxxxxxx f25:3e074c25  f7:4098b86b f13:43100468
15043577ns          248186 1c008268 1647a683 lw               x13, 356(x15)       x13=401c579a x15:1c0103d4  PA:1c010538
15043875ns          248201 1c00826c c85c7c43 fmadd.s          f24, f24, f5, f25   f24=xxxxxxxx f24:400e7040  f5:40df7f94 f25:4310a5d5
15043895ns          248202 1c008270 c1f57543 fmadd.s          f10, f10, f31, f24  f10=xxxxxxxx f10:3e38b0e4 f31:40a5165d f24:4320312d
15043915ns          248203 1c008274 51e5f5c3 fmadd.s          f11, f11, f30, f10  f11=xxxxxxxx f11:4118bac7 f30:4114b5f1 f10:43211f61
15043935ns          248204 1c008278 59d67643 fmadd.s          f12, f12, f29, f11  f12=xxxxxxxx f12:3fb9c831 f29:40b03b37 f11:4379d7e8
15043955ns          248205 1c00827c 61c6f6c3 fmadd.s          f13, f13, f28, f12  f13=xxxxxxxx f13:401c579a f28:4002fa41 f12:4380eb19
15044213ns          248218 1c008280 68eb7743 fmadd.s          f14, f22, f14, f13  f14=xxxxxxxx f22:410b8e90 f14:40aafd69 f13:43836b04
15044253ns          248220 1c008284 00e3222b p.sw             x14, 4(x6!)          x6=100017a4 x14:439ab8b8  x6:100017a0  PA:100017a0
15044273ns          248221 1c008230 0047ac0b p.lw             x24, 4(x15!)        x24=3f51e991 x15=1c0103d8 x15:1c0103d4  PA:1c0103d4
15044591ns          248237 1c008234 0048a70b p.lw             x14, 4(x17!)        x14=4071bfe7 x17=1c010748 x17:1c010744  PA:1c010744
15044890ns          248252 1c008238 a97c76c3 fmadd.s          f13, f24, f23, f21  f13=xxxxxxxx f24:3f51e991 f23:411c621a f21:00000000
15044910ns          248253 1c00823c 0247ac03 lw               x24, 36(x15)        x24=411714cf x15:1c0103d8  PA:1c0103fc
15045208ns          248268 1c008240 04c7a603 lw               x12, 76(x15)        x12=40aa4baa x15:1c0103d8  PA:1c010424
15045506ns          248283 1c008242 694c7c43 fmadd.s          f24, f24, f20, f13  f24=xxxxxxxx f24:411714cf f20:40b787e7 f13:41003ac5
15045526ns          248284 1c008246 0747a683 lw               x13, 116(x15)       x13=40bb8872 x15:1c0103d8  PA:1c01044c
15045824ns          248299 1c008248 09c7ac83 lw               x25, 156(x15)       x25=3f822a6b x15:1c0103d8  PA:1c010474
15046123ns          248314 1c00824c c1367643 fmadd.s          f12, f12, f19, f24  f12=xxxxxxxx f12:40aa4baa f19:406c94d5 f24:4278aeda
15046143ns          248315 1c008250 0c47ac03 lw               x24, 196(x15)       x24=4082e33f x15:1c0103d8  PA:1c01049c
15046441ns          248330 1c008254 0ec7a503 lw               x10, 236(x15)       x10=410fd3bd x15:1c0103d8  PA:1c0104c4
15046739ns          248345 1c008258 6016f6c3 fmadd.s          f13, f13, f1, f12   f13=xxxxxxxx f13:40bb8872  f1:40ab7fcc f12:42a3af9e
15046759ns          248346 1c00825c 1147a583 lw               x11, 276(x15)       x11=3f5e97b1 x15:1c0103d8  PA:1c0104ec
15047058ns          248361 1c008260 13c7a603 lw               x12, 316(x15)       x12=408a8a23 x15:1c0103d8  PA:1c010514
15047356ns          248376 1c008264 687cfcc3 fmadd.s          f25, f25, f7, f13   f25=xxxxxxxx f25:3f822a6b  f7:4098b86b f13:42e2807f
15047376ns          248377 1c008268 1647a683 lw               x13, 356(x15)       x13=401e3304 x15:1c0103d8  PA:1c01053c
15047674ns          248392 1c00826c c85c7c43 fmadd.s          f24, f24, f5, f25   f24=xxxxxxxx f24:4082e33f  f5:40df7f94 f25:42ec355e
15047694ns          248393 1c008270 c1f57543 fmadd.s          f10, f10, f31, f24  f10=xxxxxxxx f10:410fd3bd f31:40a5165d f24:4312abfb
15047714ns          248394 1c008274 51e5f5c3 fmadd.s          f11, f11, f30, f10  f11=xxxxxxxx f11:3f5e97b1 f30:4114b5f1 f10:43410c00
15047734ns          248395 1c008278 59d67643 fmadd.s          f12, f12, f29, f11  f12=xxxxxxxx f12:408a8a23 f29:40b03b37 f11:434920de
15047754ns          248396 1c00827c 61c6f6c3 fmadd.s          f13, f13, f28, f12  f13=xxxxxxxx f13:401e3304 f28:4002fa41 f12:4360f89f
15047774ns          248397 1c008280 68eb7743 fmadd.s          f14, f22, f14, f13  f14=xxxxxxxx f22:410b8e90 f14:4071bfe7 f13:436607a8
15047794ns          248398 1c008284 00e3222b p.sw             x14, 4(x6!)          x6=100017a8 x14:43837d0e  x6:100017a4  PA:100017a4
15047814ns          248399 1c008230 0047ac0b p.lw             x24, 4(x15!)        x24=41148500 x15=1c0103dc x15:1c0103d8  PA:1c0103d8
15048112ns          248414 1c008234 0048a70b p.lw             x14, 4(x17!)        x14=40b4f690 x17=1c01074c x17:1c010748  PA:1c010748
15048410ns          248429 1c008238 a97c76c3 fmadd.s          f13, f24, f23, f21  f13=xxxxxxxx f24:41148500 f23:411c621a f21:00000000
15048430ns          248430 1c00823c 0247ac03 lw               x24, 36(x15)        x24=40c404a6 x15:1c0103dc  PA:1c010400
15048729ns          248445 1c008240 04c7a603 lw               x12, 76(x15)        x12=41052052 x15:1c0103dc  PA:1c010428
15049027ns          248460 1c008242 694c7c43 fmadd.s          f24, f24, f20, f13  f24=xxxxxxxx f24:40c404a6 f20:40b787e7 f13:42b573ec
15049047ns          248461 1c008246 0747a683 lw               x13, 116(x15)       x13=40d39f87 x15:1c0103dc  PA:1c010450
15049345ns          248476 1c008248 09c7ac83 lw               x25, 156(x15)       x25=40abecc6 x15:1c0103dc  PA:1c010478
15049644ns          248491 1c00824c c1367643 fmadd.s          f12, f12, f19, f24  f12=xxxxxxxx f12:41052052 f19:406c94d5 f24:42fbb79d
15049663ns          248492 1c008250 0c47ac03 lw               x24, 196(x15)       x24=410a37a6 x15:1c0103dc  PA:1c0104a0
15049982ns          248508 1c008254 0ec7a503 lw               x10, 236(x15)       x10=40575bc3 x15:1c0103dc  PA:1c0104c8
15050280ns          248523 1c008258 6016f6c3 fmadd.s          f13, f13, f1, f12   f13=xxxxxxxx f13:40d39f87  f1:40ab7fcc f12:431c9d9b
15050300ns          248524 1c00825c 1147a583 lw               x11, 276(x15)       x11=40962df6 x15:1c0103dc  PA:1c0104f0
15050598ns          248539 1c008260 13c7a603 lw               x12, 316(x15)       x12=3fa1b8e6 x15:1c0103dc  PA:1c010518
15050897ns          248554 1c008264 687cfcc3 fmadd.s          f25, f25, f7, f13   f25=xxxxxxxx f25:40abecc6  f7:4098b86b f13:43400ee8
15050917ns          248555 1c008268 1647a683 lw               x13, 356(x15)       x13=40c674cc x15:1c0103dc  PA:1c010540
15051235ns          248571 1c00826c c85c7c43 fmadd.s          f24, f24, f5, f25   f24=xxxxxxxx f24:410a37a6  f5:40df7f94 f25:4359b304
15051255ns          248572 1c008270 c1f57543 fmadd.s          f10, f10, f31, f24  f10=xxxxxxxx f10:40575bc3 f31:40a5165d f24:438b0459
15051275ns          248573 1c008274 51e5f5c3 fmadd.s          f11, f11, f30, f10  f11=xxxxxxxx f11:40962df6 f30:4114b5f1 f10:4393b268
15051294ns          248574 1c008278 59d67643 fmadd.s          f12, f12, f29, f11  f12=xxxxxxxx f12:3fa1b8e6 f29:40b03b37 f11:43a981bc
15051314ns          248575 1c00827c 61c6f6c3 fmadd.s          f13, f13, f28, f12  f13=xxxxxxxx f13:40c674cc f28:4002fa41 f12:43acfc60
15051334ns          248576 1c008280 68eb7743 fmadd.s          f14, f22, f14, f13  f14=xxxxxxxx f22:410b8e90 f14:40b4f690 f13:43b354f5
15051354ns          248577 1c008284 00e3222b p.sw             x14, 4(x6!)          x6=100017ac x14:43cbfe9f  x6:100017a8  PA:100017a8
15051374ns          248578 1c008230 0047ac0b p.lw             x24, 4(x15!)        x24=410e4b21 x15=1c0103e0 x15:1c0103dc  PA:1c0103dc
15051672ns          248593 1c008234 0048a70b p.lw             x14, 4(x17!)        x14=410f27ae x17=1c010750 x17:1c01074c  PA:1c01074c
15051971ns          248608 1c008238 a97c76c3 fmadd.s          f13, f24, f23, f21  f13=xxxxxxxx f24:410e4b21 f23:411c621a f21:00000000
15051991ns          248609 1c00823c 0247ac03 lw               x24, 36(x15)        x24=40f3d58f x15:1c0103e0  PA:1c010404
15052289ns          248624 1c008240 04c7a603 lw               x12, 76(x15)        x12=4117099c x15:1c0103e0  PA:1c01042c
15052607ns          248640 1c008242 694c7c43 fmadd.s          f24, f24, f20, f13  f24=xxxxxxxx f24:40f3d58f f20:40b787e7 f13:42add89f
15052627ns          248641 1c008246 0747a683 lw               x13, 116(x15)       x13=3f88e9a9 x15:1c0103e0  PA:1c010454
15052925ns          248656 1c008248 09c7ac83 lw               x25, 156(x15)       x25=40b3b3e7 x15:1c0103e0  PA:1c01047c
15053224ns          248671 1c00824c c1367643 fmadd.s          f12, f12, f19, f24  f12=xxxxxxxx f12:4117099c f19:406c94d5 f24:4302a016
15053244ns          248672 1c008250 0c47ac03 lw               x24, 196(x15)       x24=3d913884 x15:1c0103e0  PA:1c0104a4
15053542ns          248687 1c008254 0ec7a503 lw               x10, 236(x15)       x10=411e96c0 x15:1c0103e0  PA:1c0104cc
15053860ns          248703 1c008258 6016f6c3 fmadd.s          f13, f13, f1, f12   f13=xxxxxxxx f13:3f88e9a9  f1:40ab7fcc f12:43258541
15053880ns          248704 1c00825c 1147a583 lw               x11, 276(x15)       x11=40a8fcd2 x15:1c0103e0  PA:1c0104f4
15054179ns          248719 1c008260 13c7a603 lw               x12, 316(x15)       x12=41088b15 x15:1c0103e0  PA:1c01051c
15054477ns          248734 1c008264 687cfcc3 fmadd.s          f25, f25, f7, f13   f25=xxxxxxxx f25:40b3b3e7  f7:4098b86b f13:432b40c8
15054497ns          248735 1c008268 1647a683 lw               x13, 356(x15)       x13=4036830c x15:1c0103e0  PA:1c010544
15054795ns          248750 1c00826c c85c7c43 fmadd.s          f24, f24, f5, f25   f24=xxxxxxxx f24:3d913884  f5:40df7f94 f25:43460dd9
15054815ns          248751 1c008270 c1f57543 fmadd.s          f10, f10, f31, f24  f10=xxxxxxxx f10:411e96c0 f31:40a5165d f24:43468ca2
15054835ns          248752 1c008274 51e5f5c3 fmadd.s          f11, f11, f30, f10  f11=xxxxxxxx f11:40a8fcd2 f30:4114b5f1 f10:4379af24
15054855ns          248753 1c008278 59d67643 fmadd.s          f12, f12, f29, f11  f12=xxxxxxxx f12:41088b15 f29:40b03b37 f11:43956223
15054875ns          248754 1c00827c 61c6f6c3 fmadd.s          f13, f13, f28, f12  f13=xxxxxxxx f13:4036830c f28:4002fa41 f12:43ace1f0
15054895ns          248755 1c008280 68eb7743 fmadd.s          f14, f22, f14, f13  f14=xxxxxxxx f22:410b8e90 f14:410f27ae f13:43afccf8
15054915ns          248756 1c008284 00e3222b p.sw             x14, 4(x6!)          x6=100017b0 x14:43d6d21a  x6:100017ac  PA:100017ac
15054934ns          248757 1c008230 0047ac0b p.lw             x24, 4(x15!)        x24=407dec27 x15=1c0103e4 x15:1c0103e0  PA:1c0103e0
15055253ns          248773 1c008234 0048a70b p.lw             x14, 4(x17!)        x14=410f7286 x17=1c010754 x17:1c010750  PA:1c010750
15055551ns          248788 1c008238 a97c76c3 fmadd.s          f13, f24, f23, f21  f13=xxxxxxxx f24:407dec27 f23:411c621a f21:00000000
15055571ns          248789 1c00823c 0247ac03 lw               x24, 36(x15)        x24=400535b1 x15:1c0103e4  PA:1c010408
15055869ns          248804 1c008240 04c7a603 lw               x12, 76(x15)        x12=410e9fe8 x15:1c0103e4  PA:1c010430
15056168ns          248819 1c008242 694c7c43 fmadd.s          f24, f24, f20, f13  f24=xxxxxxxx f24:400535b1 f20:40b787e7 f13:421b1d36
15056188ns          248820 1c008246 0747a683 lw               x13, 116(x15)       x13=401a13cc x15:1c0103e4  PA:1c010458
15056486ns          248835 1c008248 09c7ac83 lw               x25, 156(x15)       x25=411bc71b x15:1c0103e4  PA:1c010480
15056784ns          248850 1c00824c c1367643 fmadd.s          f12, f12, f19, f24  f12=xxxxxxxx f12:410e9fe8 f19:406c94d5 f24:424add43
15056804ns          248851 1c008250 0c47ac03 lw               x24, 196(x15)       x24=4104decc x15:1c0103e4  PA:1c0104a8
15057103ns          248866 1c008254 0ec7a503 lw               x10, 236(x15)       x10=403f97e5 x15:1c0103e4  PA:1c0104d0
15057401ns          248881 1c008258 6016f6c3 fmadd.s          f13, f13, f1, f12   f13=xxxxxxxx f13:401a13cc  f1:40ab7fcc f12:42a755cc
15057421ns          248882 1c00825c 1147a583 lw               x11, 276(x15)       x11=4119d78c x15:1c0103e4  PA:1c0104f8
15057719ns          248897 1c008260 13c7a603 lw               x12, 316(x15)       x12=4016aa44 x15:1c0103e4  PA:1c010520
15058018ns          248912 1c008264 687cfcc3 fmadd.s          f25, f25, f7, f13   f25=xxxxxxxx f25:411bc71b  f7:4098b86b f13:42c123d5
15058037ns          248913 1c008268 1647a683 lw               x13, 356(x15)       x13=404c4a0c x15:1c0103e4  PA:1c010548
15058336ns          248928 1c00826c c85c7c43 fmadd.s          f24, f24, f5, f25   f24=xxxxxxxx f24:4104decc  f5:40df7f94 f25:430f0923
15058356ns          248929 1c008270 c1f57543 fmadd.s          f10, f10, f31, f24  f10=xxxxxxxx f10:403f97e5 f31:40a5165d f24:43490949
15058376ns          248930 1c008274 51e5f5c3 fmadd.s          f11, f11, f30, f10  f11=xxxxxxxx f11:4119d78c f30:4114b5f1 f10:43587afd
15058395ns          248931 1c008278 59d67643 fmadd.s          f12, f12, f29, f11  f12=xxxxxxxx f12:4016aa44 f29:40b03b37 f11:4398ec78
15058415ns          248932 1c00827c 61c6f6c3 fmadd.s          f13, f13, f28, f12  f13=xxxxxxxx f13:404c4a0c f28:4002fa41 f12:439f67f7
15058435ns          248933 1c008280 68eb7743 fmadd.s          f14, f22, f14, f13  f14=xxxxxxxx f22:410b8e90 f14:410f7286 f13:43a2ac21
15058455ns          248934 1c008284 00e3222b p.sw             x14, 4(x6!)          x6=100017b4 x14:43c9c5a9  x6:100017b0  PA:100017b0
15058475ns          248935 1c008230 0047ac0b p.lw             x24, 4(x15!)        x24=410b6190 x15=1c0103e8 x15:1c0103e4  PA:1c0103e4
15058773ns          248950 1c008234 0048a70b p.lw             x14, 4(x17!)        x14=40ed283d x17=1c010758 x17:1c010754  PA:1c010754
15059072ns          248965 1c008238 a97c76c3 fmadd.s          f13, f24, f23, f21  f13=xxxxxxxx f24:410b6190 f23:411c621a f21:00000000
15059092ns          248966 1c00823c 0247ac03 lw               x24, 36(x15)        x24=3f2cf9cd x15:1c0103e8  PA:1c01040c
15059390ns          248981 1c008240 04c7a603 lw               x12, 76(x15)        x12=400e5135 x15:1c0103e8  PA:1c010434
15059688ns          248996 1c008242 694c7c43 fmadd.s          f24, f24, f20, f13  f24=xxxxxxxx f24:3f2cf9cd f20:40b787e7 f13:42aa49bb
15059708ns          248997 1c008246 0747a683 lw               x13, 116(x15)       x13=3f1f213c x15:1c0103e8  PA:1c01045c
15060007ns          249012 1c008248 09c7ac83 lw               x25, 156(x15)       x25=411d6011 x15:1c0103e8  PA:1c010484
15060305ns          249027 1c00824c c1367643 fmadd.s          f12, f12, f19, f24  f12=xxxxxxxx f12:400e5135 f19:406c94d5 f24:42b209e1
15060325ns          249028 1c008250 0c47ac03 lw               x24, 196(x15)       x24=401a58e3 x15:1c0103e8  PA:1c0104ac
15060643ns          249044 1c008254 0ec7a503 lw               x10, 236(x15)       x10=40ece15c x15:1c0103e8  PA:1c0104d4
15060941ns          249059 1c008258 6016f6c3 fmadd.s          f13, f13, f1, f12   f13=xxxxxxxx f13:3f1f213c  f1:40ab7fcc f12:42c27a94
15060961ns          249060 1c00825c 1147a583 lw               x11, 276(x15)       x11=41014085 x15:1c0103e8  PA:1c0104fc
15061260ns          249075 1c008260 13c7a603 lw               x12, 316(x15)       x12=40bdbcbc x15:1c0103e8  PA:1c010524
15061558ns          249090 1c008264 687cfcc3 fmadd.s          f25, f25, f7, f13   f25=xxxxxxxx f25:411d6011  f7:4098b86b f13:42c9243e
15061578ns          249091 1c008268 1647a683 lw               x13, 356(x15)       x13=408af2a2 x15:1c0103e8  PA:1c01054c
15061896ns          249107 1c00826c c85c7c43 fmadd.s          f24, f24, f5, f25   f24=xxxxxxxx f24:401a58e3  f5:40df7f94 f25:43138353
15061916ns          249108 1c008270 c1f57543 fmadd.s          f10, f10, f31, f24  f10=xxxxxxxx f10:40ece15c f31:40a5165d f24:43245b5e
15061936ns          249109 1c008274 51e5f5c3 fmadd.s          f11, f11, f30, f10  f11=xxxxxxxx f11:41014085 f30:4114b5f1 f10:434a8bda
15061956ns          249110 1c008278 59d67643 fmadd.s          f12, f12, f29, f11  f12=xxxxxxxx f12:40bdbcbc f29:40b03b37 f11:438ad082
15061976ns          249111 1c00827c 61c6f6c3 fmadd.s          f13, f13, f28, f12  f13=xxxxxxxx f13:408af2a2 f28:4002fa41 f12:439b2437
15061996ns          249112 1c008280 68eb7743 fmadd.s          f14, f22, f14, f13  f14=xxxxxxxx f22:410b8e90 f14:40ed283d f13:439f95a8
15062016ns          249113 1c008284 00e3222b p.sw             x14, 4(x6!)          x6=100017b8 x14:43bfe7e3  x6:100017b4  PA:100017b4
15062035ns          249114 1c008230 0047ac0b p.lw             x24, 4(x15!)        x24=3fa90d7c x15=1c0103ec x15:1c0103e8  PA:1c0103e8
15062334ns          249129 1c008234 0048a70b p.lw             x14, 4(x17!)        x14=40bb6f46 x17=1c01075c x17:1c010758  PA:1c010758
15062632ns          249144 1c008238 a97c76c3 fmadd.s          f13, f24, f23, f21  f13=xxxxxxxx f24:3fa90d7c f23:411c621a f21:00000000
15062652ns          249145 1c00823c 0247ac03 lw               x24, 36(x15)        x24=3f051cf4 x15:1c0103ec  PA:1c010410
15062950ns          249160 1c008240 04c7a603 lw               x12, 76(x15)        x12=4119ce48 x15:1c0103ec  PA:1c010438
15063269ns          249176 1c008242 694c7c43 fmadd.s          f24, f24, f20, f13  f24=xxxxxxxx f24:3f051cf4 f20:40b787e7 f13:414e8a00
15063289ns          249177 1c008246 0747a683 lw               x13, 116(x15)       x13=40ab90b9 x15:1c0103ec  PA:1c010460
15063587ns          249192 1c008248 09c7ac83 lw               x25, 156(x15)       x25=405ddd79 x15:1c0103ec  PA:1c010488
15063885ns          249207 1c00824c c1367643 fmadd.s          f12, f12, f19, f24  f12=xxxxxxxx f12:4119ce48 f19:406c94d5 f24:417e412e
15063905ns          249208 1c008250 0c47ac03 lw               x24, 196(x15)       x24=41137d0e x15:1c0103ec  PA:1c0104b0
15064204ns          249223 1c008254 0ec7a503 lw               x10, 236(x15)       x10=41172b86 x15:1c0103ec  PA:1c0104d8
15064522ns          249239 1c008258 6016f6c3 fmadd.s          f13, f13, f1, f12   f13=xxxxxxxx f13:40ab90b9  f1:40ab7fcc f12:424db3e1
15064542ns          249240 1c00825c 1147a583 lw               x11, 276(x15)       x11=40e6837e x15:1c0103ec  PA:1c010500
15064840ns          249255 1c008260 13c7a603 lw               x12, 316(x15)       x12=40d3093b x15:1c0103ec  PA:1c010528
15065138ns          249270 1c008264 687cfcc3 fmadd.s          f25, f25, f7, f13   f25=xxxxxxxx f25:405ddd79  f7:4098b86b f13:42a05199
15065158ns          249271 1c008268 1647a683 lw               x13, 356(x15)       x13=40a14e64 x15:1c0103ec  PA:1c010550
15065457ns          249286 1c00826c c85c7c43 fmadd.s          f24, f24, f5, f25   f24=xxxxxxxx f24:41137d0e  f5:40df7f94 f25:42c1686e
15065477ns          249287 1c008270 c1f57543 fmadd.s          f10, f10, f31, f24  f10=xxxxxxxx f10:41172b86 f31:40a5165d f24:432115ef
15065496ns          249288 1c008274 51e5f5c3 fmadd.s          f11, f11, f30, f10  f11=xxxxxxxx f11:40e6837e f30:4114b5f1 f10:4351d410
15065516ns          249289 1c008278 59d67643 fmadd.s          f12, f12, f29, f11  f12=xxxxxxxx f12:40d3093b f29:40b03b37 f11:438a63fe
15065536ns          249290 1c00827c 61c6f6c3 fmadd.s          f13, f13, f28, f12  f13=xxxxxxxx f13:40a14e64 f28:4002fa41 f12:439c8ce3
15065556ns          249291 1c008280 68eb7743 fmadd.s          f14, f22, f14, f13  f14=xxxxxxxx f22:410b8e90 f14:40bb6f46 f13:43a1b55b
15065576ns          249292 1c008284 00e3222b p.sw             x14, 4(x6!)          x6=100017bc x14:43bb40ce  x6:100017b8  PA:100017b8
15065596ns          249293 1c008230 0047ac0b p.lw             x24, 4(x15!)        x24=4007cc5d x15=1c0103f0 x15:1c0103ec  PA:1c0103ec
15065914ns          249309 1c008234 0048a70b p.lw             x14, 4(x17!)        x14=40a026e6 x17=1c010760 x17:1c01075c  PA:1c01075c
15066213ns          249324 1c008238 a97c76c3 fmadd.s          f13, f24, f23, f21  f13=xxxxxxxx f24:4007cc5d f23:411c621a f21:00000000
15066232ns          249325 1c00823c 0247ac03 lw               x24, 36(x15)        x24=40ae3d5a x15:1c0103f0  PA:1c010414
15066531ns          249340 1c008240 04c7a603 lw               x12, 76(x15)        x12=3fec33ab x15:1c0103f0  PA:1c01043c
15066829ns          249355 1c008242 694c7c43 fmadd.s          f24, f24, f20, f13  f24=xxxxxxxx f24:40ae3d5a f20:40b787e7 f13:41a5e925
15066849ns          249356 1c008246 0747a683 lw               x13, 116(x15)       x13=40ec450d x15:1c0103f0  PA:1c010464
15067167ns          249372 1c008248 09c7ac83 lw               x25, 156(x15)       x25=3f9259a3 x15:1c0103f0  PA:1c01048c
15067466ns          249387 1c00824c c1367643 fmadd.s          f12, f12, f19, f24  f12=xxxxxxxx f12:3fec33ab f19:406c94d5 f24:424fdeed
15067486ns          249388 1c008250 0c47ac03 lw               x24, 196(x15)       x24=3f8467b2 x15:1c0103f0  PA:1c0104b4
15067784ns          249403 1c008254 0ec7a503 lw               x10, 236(x15)       x10=40be27d9 x15:1c0103f0  PA:1c0104dc
15068082ns          249418 1c008258 6016f6c3 fmadd.s          f13, f13, f1, f12   f13=xxxxxxxx f13:40ec450d  f1:40ab7fcc f12:426b280c
15068102ns          249419 1c00825c 1147a583 lw               x11, 276(x15)       x11=40a6fccf x15:1c0103f0  PA:1c010504
15068401ns          249434 1c008260 13c7a603 lw               x12, 316(x15)       x12=4117bba7 x15:1c0103f0  PA:1c01052c
15068699ns          249449 1c008264 687cfcc3 fmadd.s          f25, f25, f7, f13   f25=xxxxxxxx f25:3f9259a3  f7:4098b86b f13:42c4b80f
15068719ns          249450 1c008268 1647a683 lw               x13, 356(x15)       x13=40e942b8 x15:1c0103f0  PA:1c010554
15069017ns          249465 1c00826c c85c7c43 fmadd.s          f24, f24, f5, f25   f24=xxxxxxxx f24:3f8467b2  f5:40df7f94 f25:42cfa1e4
15069037ns          249466 1c008270 c1f57543 fmadd.s          f10, f10, f31, f24  f10=xxxxxxxx f10:40be27d9 f31:40a5165d f24:42de14ee
15069057ns          249467 1c008274 51e5f5c3 fmadd.s          f11, f11, f30, f10  f11=xxxxxxxx f11:40a6fccf f30:4114b5f1 f10:430db28a
15069077ns          249468 1c008278 59d67643 fmadd.s          f12, f12, f29, f11  f12=xxxxxxxx f12:4117bba7 f29:40b03b37 f11:433e32f5
15069097ns          249469 1c00827c 61c6f6c3 fmadd.s          f13, f13, f28, f12  f13=xxxxxxxx f13:40e942b8 f28:4002fa41 f12:43726d03
15069117ns          249470 1c008280 68eb7743 fmadd.s          f14, f22, f14, f13  f14=xxxxxxxx f22:410b8e90 f14:40a026e6 f13:4380ac00
15069136ns          249471 1c008284 00e3222b p.sw             x14, 4(x6!)          x6=100017c0 x14:43967f94  x6:100017bc  PA:100017bc
15069156ns          249472 1c008230 0047ac0b p.lw             x24, 4(x15!)        x24=4015b61e x15=1c0103f4 x15:1c0103f0  PA:1c0103f0
15069455ns          249487 1c008234 0048a70b p.lw             x14, 4(x17!)        x14=40adbd17 x17=1c010764 x17:1c010760  PA:1c010760
15069753ns          249502 1c008238 a97c76c3 fmadd.s          f13, f24, f23, f21  f13=xxxxxxxx f24:4015b61e f23:411c621a f21:00000000
15069773ns          249503 1c00823c 0247ac03 lw               x24, 36(x15)        x24=407338cb x15:1c0103f4  PA:1c010418
15070071ns          249518 1c008240 04c7a603 lw               x12, 76(x15)        x12=411c521c x15:1c0103f4  PA:1c010440
15070370ns          249533 1c008242 694c7c43 fmadd.s          f24, f24, f20, f13  f24=xxxxxxxx f24:407338cb f20:40b787e7 f13:41b6e8b2
15070390ns          249534 1c008246 0747a683 lw               x13, 116(x15)       x13=3e3cb62e x15:1c0103f4  PA:1c010468
15070688ns          249549 1c008248 09c7ac83 lw               x25, 156(x15)       x25=3fb6b151 x15:1c0103f4  PA:1c010490
15070986ns          249564 1c00824c c1367643 fmadd.s          f12, f12, f19, f24  f12=xxxxxxxx f12:411c521c f19:406c94d5 f24:4232a3b5
15071006ns          249565 1c008250 0c47ac03 lw               x24, 196(x15)       x24=406a49ef x15:1c0103f4  PA:1c0104b8
15071305ns          249580 1c008254 0ec7a503 lw               x10, 236(x15)       x10=40e43a61 x15:1c0103f4  PA:1c0104e0
15071603ns          249595 1c008258 6016f6c3 fmadd.s          f13, f13, f1, f12   f13=xxxxxxxx f13:3e3cb62e  f1:40ab7fcc f12:42a18d24
15071623ns          249596 1c00825c 1147a583 lw               x11, 276(x15)       x11=40c0150e x15:1c0103f4  PA:1c010508
15071921ns          249611 1c008260 13c7a603 lw               x12, 316(x15)       x12=3d0f01af x15:1c0103f4  PA:1c010530
15072220ns          249626 1c008264 687cfcc3 fmadd.s          f25, f25, f7, f13   f25=xxxxxxxx f25:3fb6b151  f7:4098b86b f13:42a386d4
15072239ns          249627 1c008268 1647a683 lw               x13, 356(x15)       x13=4108e5dc x15:1c0103f4  PA:1c010558
15072558ns          249643 1c00826c c85c7c43 fmadd.s          f24, f24, f5, f25   f24=xxxxxxxx f24:406a49ef  f5:40df7f94 f25:42b12670
15072578ns          249644 1c008270 c1f57543 fmadd.s          f10, f10, f31, f24  f10=xxxxxxxx f10:40e43a61 f31:40a5165d f24:42e4493a
15072597ns          249645 1c008274 51e5f5c3 fmadd.s          f11, f11, f30, f10  f11=xxxxxxxx f11:40c0150e f30:4114b5f1 f10:4316f001
15072617ns          249646 1c008278 59d67643 fmadd.s          f12, f12, f29, f11  f12=xxxxxxxx f12:3d0f01af f29:40b03b37 f11:434eba59
15072637ns          249647 1c00827c 61c6f6c3 fmadd.s          f13, f13, f28, f12  f13=xxxxxxxx f13:4108e5dc f28:4002fa41 f12:434eeb92
15072657ns          249648 1c008280 68eb7743 fmadd.s          f14, f22, f14, f13  f14=xxxxxxxx f22:410b8e90 f14:40adbd17 f13:43606e35
15072677ns          249649 1c008284 00e3222b p.sw             x14, 4(x6!)          x6=100017c4 x14:4387e4b6  x6:100017c0  PA:100017c0
15072697ns          249650 1c008230 0047ac0b p.lw             x24, 4(x15!)        x24=411f721c x15=1c0103f8 x15:1c0103f4  PA:1c0103f4
15072995ns          249665 1c008234 0048a70b p.lw             x14, 4(x17!)        x14=401c9418 x17=1c010768 x17:1c010764  PA:1c010764
15073294ns          249680 1c008238 a97c76c3 fmadd.s          f13, f24, f23, f21  f13=xxxxxxxx f24:411f721c f23:411c621a f21:00000000
15073314ns          249681 1c00823c 0247ac03 lw               x24, 36(x15)        x24=4091d290 x15:1c0103f8  PA:1c01041c
15073612ns          249696 1c008240 04c7a603 lw               x12, 76(x15)        x12=40f8717d x15:1c0103f8  PA:1c010444
15073930ns          249712 1c008242 694c7c43 fmadd.s          f24, f24, f20, f13  f24=xxxxxxxx f24:4091d290 f20:40b787e7 f13:42c2cd46
15073950ns          249713 1c008246 0747a683 lw               x13, 116(x15)       x13=40921b8e x15:1c0103f8  PA:1c01046c
15074248ns          249728 1c008248 09c7ac83 lw               x25, 156(x15)       x25=40723a9e x15:1c0103f8  PA:1c010494
15074547ns          249743 1c00824c c1367643 fmadd.s          f12, f12, f19, f24  f12=xxxxxxxx f12:40f8717d f19:406c94d5 f24:42f712bd
15074567ns          249744 1c008250 0c47ac03 lw               x24, 196(x15)       x24=407dba38 x15:1c0103f8  PA:1c0104bc
15074865ns          249759 1c008254 0ec7a503 lw               x10, 236(x15)       x10=40605e9c x15:1c0103f8  PA:1c0104e4
15075183ns          249775 1c008258 6016f6c3 fmadd.s          f13, f13, f1, f12   f13=xxxxxxxx f13:40921b8e  f1:40ab7fcc f12:43183c80
15075203ns          249776 1c00825c 1147a583 lw               x11, 276(x15)       x11=3f183cec x15:1c0103f8  PA:1c01050c
15075501ns          249791 1c008260 13c7a603 lw               x12, 316(x15)       x12=40023c8c x15:1c0103f8  PA:1c010534
15075800ns          249806 1c008264 687cfcc3 fmadd.s          f25, f25, f7, f13   f25=xxxxxxxx f25:40723a9e  f7:4098b86b f13:4330b4d6
15075820ns          249807 1c008268 1647a683 lw               x13, 356(x15)       x13=3fbfcca4 x15:1c0103f8  PA:1c01055c
15076118ns          249822 1c00826c c85c7c43 fmadd.s          f24, f24, f5, f25   f24=xxxxxxxx f24:407dba38  f5:40df7f94 f25:4342c500
15076138ns          249823 1c008270 c1f57543 fmadd.s          f10, f10, f31, f24  f10=xxxxxxxx f10:40605e9c f31:40a5165d f24:435e7575
15076158ns          249824 1c008274 51e5f5c3 fmadd.s          f11, f11, f30, f10  f11=xxxxxxxx f11:3f183cec f30:4114b5f1 f10:43708b88
15076178ns          249825 1c008278 59d67643 fmadd.s          f12, f12, f29, f11  f12=xxxxxxxx f12:40023c8c f29:40b03b37 f11:4376127f
15076198ns          249826 1c00827c 61c6f6c3 fmadd.s          f13, f13, f28, f12  f13=xxxxxxxx f13:3fbfcca4 f28:4002fa41 f12:4380a3bc
15076218ns          249827 1c008280 68eb7743 fmadd.s          f14, f22, f14, f13  f14=xxxxxxxx f22:410b8e90 f14:401c9418 f13:43822c42
15076237ns          249828 1c008284 00e3222b p.sw             x14, 4(x6!)          x6=100017c8 x14:438cd7b5  x6:100017c4  PA:100017c4
15076257ns          249829 1c008288 6f7010ef jal              x1, 7926             x1=1c00828c
15076715ns          249852 1c00a17e f14027f3 csrrs            x15, x0, 0xf14      x15=00000002
15076735ns          249853 1c00a182 01f00713 addi             x14, x0, 31         x14=0000001f
15076755ns          249854 1c00a184 ca5797b3 p.extractu       x15, x15, 5, 5      x15=00000000 x15:00000002
15076775ns          249855 1c00a188 00e78863 beq              x15, x14, 16        x15:00000000 x14:0000001f
15076794ns          249856 1c00a18c 002047b7 lui              x15, 0x204000       x15=00204000
15076854ns          249859 1c00a190 20078793 addi             x15, x15, 512       x15=00204200 x15:00204000
15076894ns          249861 1c00a194 01c7e703 p.elw            x14, 28(x15)        x14=00010000 x15:00204200  PA:0020421c
15077093ns          249871 1c00a198 00008067 jalr             x0, x1, 0            x1:1c00828c
15077411ns          249887 1c00828c f14027f3 csrrs            x15, x0, 0xf14      x15=00000002
15077431ns          249888 1c008290 f457b7b3 p.bclr           x15, x15, 26, 5     x15=00000002 x15:00000002
15077451ns          249889 1c008294 3c078963 beq              x15, x0, 978        x15:00000002
15077471ns          249890 1c008298 6e7010ef jal              x1, 7910             x1=1c00829c
15077530ns          249893 1c00a17e f14027f3 csrrs            x15, x0, 0xf14      x15=00000002
15077550ns          249894 1c00a182 01f00713 addi             x14, x0, 31         x14=0000001f
15077570ns          249895 1c00a184 ca5797b3 p.extractu       x15, x15, 5, 5      x15=00000000 x15:00000002
15077590ns          249896 1c00a188 00e78863 beq              x15, x14, 16        x15:00000000 x14:0000001f
15077610ns          249897 1c00a18c 002047b7 lui              x15, 0x204000       x15=00204000
15077630ns          249898 1c00a190 20078793 addi             x15, x15, 512       x15=00204200 x15:00204000
15077650ns          249899 1c00a194 01c7e703 p.elw            x14, 28(x15)        x14=00010000 x15:00204200  PA:0020421c
15693368ns          280854 1c00a198 00008067 jalr             x0, x1, 0            x1:1c00829c
15693408ns          280856 1c00829c 00812e83 lw               x29, 8(x2)          x29=439ab8b8  x2:10001798  PA:100017a0
15693467ns          280859 1c00829e 00c12f03 lw               x30, 12(x2)         x30=43837d0e  x2:10001798  PA:100017a4
15693925ns          280882 1c0082a0 01012e03 lw               x28, 16(x2)         x28=43cbfe9f  x2:10001798  PA:100017a8
15693965ns          280884 1c0082a2 01eef9d3 fadd.s           f19, f29, f30       f19=xxxxxxxx f29:439ab8b8 f30:43837d0e
15693985ns          280885 1c0082a6 01412883 lw               x17, 20(x2)         x17=43d6d21a  x2:10001798  PA:100017ac
15694004ns          280886 1c0082a8 01812803 lw               x16, 24(x2)         x16=43c9c5a9  x2:10001798  PA:100017b0
15694024ns          280887 1c0082aa 013e79d3 fadd.s           f19, f28, f19       f19=xxxxxxxx f28:43cbfe9f f19:440f1ae3
15694044ns          280888 1c0082ae 01c12503 lw               x10, 28(x2)         x10=43bfe7e3  x2:10001798  PA:100017b4
15694462ns          280909 1c0082b0 02012583 lw               x11, 32(x2)         x11=43bb40ce  x2:10001798  PA:100017b8
15694502ns          280911 1c0082b2 0138f9d3 fadd.s           f19, f17, f19       f19=xxxxxxxx f17:43d6d21a f19:44751a32
15694522ns          280912 1c0082b6 02412603 lw               x12, 36(x2)         x12=43967f94  x2:10001798  PA:100017bc
15694541ns          280913 1c0082b8 02812683 lw               x13, 40(x2)         x13=4387e4b6  x2:10001798  PA:100017c0
15694561ns          280914 1c0082ba 013879d3 fadd.s           f19, f16, f19       f19=xxxxxxxx f16:43c9c5a9 f19:44b041a0
15694581ns          280915 1c0082be 02c12303 lw               x6, 44(x2)           x6=438cd7b5  x2:10001798  PA:100017c4
15694999ns          280936 1c0082c0 1c0007b7 lui              x15, 0x1c000000     x15=1c000000
15695039ns          280938 1c0082c4 013579d3 fadd.s           f19, f10, f19       f19=xxxxxxxx f10:43bfe7e3 f19:44e2b30a
15695059ns          280939 1c0082c8 01c7a783 lw               x15, 28(x15)        x15=3dcccccd x15:1c000000  PA:1c00001c
15695456ns          280959 1c0082cc 00148713 addi             x14, x9, 1          x14=00000009  x9:00000008
15695496ns          280961 1c0082d0 0135f9d3 fadd.s           f19, f11, f19       f19=xxxxxxxx f11:43bb40ce f19:45095681
15695536ns          280963 1c0082d4 00271713 slli             x14, x14, 0x2       x14=00000024 x14:00000009
15695556ns          280964 1c0082d6 01270733 add              x14, x14, x18       x14=1c010024 x14:00000024 x18:1c010000
15695576ns          280965 1c0082d8 013679d3 fadd.s           f19, f12, f19       f19=xxxxxxxx f12:43967f94 f19:4520be9b
15695596ns          280966 1c0082dc 79072a83 lw               x21, 1936(x14)      x21=45562590 x14:1c010024  PA:1c0107b4
15696033ns          280988 1c0082e0 00441713 slli             x14, x8, 0x4        x14=00000020  x8:00000002
15696053ns          280989 1c0082e4 0136f9d3 fadd.s           f19, f13, f19       f19=xxxxxxxx f13:4387e4b6 f19:45338e8e
15696073ns          280990 1c0082e8 01270733 add              x14, x14, x18       x14=1c010020 x14:00000020 x18:1c010000
15696093ns          280991 1c0082ea 79072a03 lw               x20, 1936(x14)      x20=455626a8 x14:1c010020  PA:1c0107b0
15696550ns          281014 1c0082ee 013379d3 fadd.s           f19, f6, f19        f19=xxxxxxxx  f6:438cd7b5 f19:45448b25
15696590ns          281016 1c0082f2 f0f9ff4b fnmsub.s         f30, f19, f15, f30  f30=xxxxxxxx f19:4556261c f15:3dcccccd f30:43837d0e
15696610ns          281017 1c0082f6 e8f9fecb fnmsub.s         f29, f19, f15, f29  f29=xxxxxxxx f19:4556261c f15:3dcccccd f29:439ab8b8
15696630ns          281018 1c0082fa e0f9f74b fnmsub.s         f14, f19, f15, f28  f14=xxxxxxxx f19:4556261c f15:3dcccccd f28:43cbfe9f
15697107ns          281042 1c0082fe 11ef7f53 fmul.s           f30, f30, f30       f30=xxxxxxxx f30:c29f5289 f30:c29f5289
15697147ns          281044 1c008302 88f9f8cb fnmsub.s         f17, f19, f15, f17  f17=xxxxxxxx f19:4556261c f15:3dcccccd f17:43d6d21a
15697167ns          281045 1c008306 80f9f84b fnmsub.s         f16, f19, f15, f16  f16=xxxxxxxx f19:4556261c f15:3dcccccd f16:43c9c5a9
15697187ns          281046 1c00830a f1defec3 fmadd.s          f29, f29, f29, f30  f29=xxxxxxxx f29:c204c7c1 f29:c204c7c1 f30:45c64f42
15697605ns          281067 1c00830e 50f9f54b fnmsub.s         f10, f19, f15, f10  f10=xxxxxxxx f19:4556261c f15:3dcccccd f10:43bfe7e3
15697644ns          281069 1c008312 58f9f5cb fnmsub.s         f11, f19, f15, f11  f11=xxxxxxxx f19:4556261c f15:3dcccccd f11:43bb40ce
15697664ns          281070 1c008316 e8e77e43 fmadd.s          f28, f14, f14, f29  f28=xxxxxxxx f14:4282b3bb f14:4282b3bb f29:45e8be8f
15697684ns          281071 1c00831a 60f9f64b fnmsub.s         f12, f19, f15, f12  f12=xxxxxxxx f19:4556261c f15:3dcccccd f12:43967f94
15698122ns          281093 1c00831e 68f9f74b fnmsub.s         f14, f19, f15, f13  f14=xxxxxxxx f19:4556261c f15:3dcccccd f13:4387e4b6
15698162ns          281095 1c008322 e118f8c3 fmadd.s          f17, f17, f17, f28  f17=xxxxxxxx f17:42ae01a7 f17:42ae01a7 f28:46371a50
15698181ns          281096 1c008326 30f9f7cb fnmsub.s         f15, f19, f15, f6   f15=xxxxxxxx f19:4556261c f15:3dcccccd  f6:438cd7b5
15698201ns          281097 1c00832a a13a86d3 fle.s            x13, f21, f19       x13=00000001 f21:45562590 f19:4556261c
15698639ns          281119 1c00832e 89087843 fmadd.s          f16, f16, f16, f17  f16=xxxxxxxx f16:42739fc7 f16:42739fc7 f17:4696b048
15698679ns          281121 1c008332 80a57543 fmadd.s          f10, f10, f10, f16  f10=xxxxxxxx f10:4224b197 f10:4224b197 f16:46b3ab5f
15698699ns          281122 1c008336 50b5f5c3 fmadd.s          f11, f11, f11, f10  f11=xxxxxxxx f11:41fef1dd f11:41fef1dd f10:46c0e9e0
15698719ns          281123 1c00833a 58c67643 fmadd.s          f12, f12, f12, f11  f12=xxxxxxxx f12:c22690e1 f12:c22690e1 f11:46c8d907
15699176ns          281146 1c00833e 60e77743 fmadd.s          f14, f14, f14, f12  f14=xxxxxxxx f14:c28db3e9 f14:c28db3e9 f12:46d6650e
15699216ns          281148 1c008342 70f7f7c3 fmadd.s          f15, f15, f15, f14  f15=xxxxxxxx f15:c273cfd9 f15:c273cfd9 f14:46fd9ce5
15699236ns          281149 1c008346 1c000737 lui              x14, 0x1c000000     x14=1c000000
15699256ns          281150 1c00834a 02072403 lw               x8, 32(x14)          x8=3de38e39 x14:1c000000  PA:1c000020
15699693ns          281172 1c00834e 1087f453 fmul.s           f8, f15, f8          f8=xxxxxxxx f15:470d51b6  f8:3de38e39
15699713ns          281173 1c008352 16069663 bne              x13, x0, 364        x13:00000001
15700787ns          281227 1c0084be 00348793 addi             x15, x9, 3          x15=0000000b  x9:00000008
15700807ns          281228 1c0084c2 00279793 slli             x15, x15, 0x2       x15=0000002c x15:0000000b
15700827ns          281229 1c0084c4 012787b3 add              x15, x15, x18       x15=1c01002c x15:0000002c x18:1c010000
15700847ns          281230 1c0084c6 7907a983 lw               x19, 1936(x15)      x19=457b3b4b x15:1c01002c  PA:1c0107bc
15701284ns          281252 1c0084ca 00248793 addi             x15, x9, 2          x15=0000000a  x9:00000008
15701304ns          281253 1c0084ce a0898753 fle.s            x14, f19, f8        x14=00000001 f19:457b3b4b  f8:457b3bee
15701324ns          281254 1c0084d2 00279793 slli             x15, x15, 0x2       x15=00000028 x15:0000000a
15701344ns          281255 1c0084d4 00f90933 add              x18, x18, x15       x18=1c010028 x18:1c010000 x15:00000028
15701364ns          281256 1c0084d6 79092483 lw               x9, 1936(x18)        x9=457b3c95 x18:1c010028  PA:1c0107b8
15701802ns          281278 1c0084da 1a071363 bne              x14, x0, 422        x14:00000001
15701921ns          281284 1c008680 1c000537 lui              x10, 0x1c000000     x10=1c000000
15701961ns          281286 1c008684 f14025f3 csrrs            x11, x0, 0xf14      x11=00000002
15701981ns          281287 1c008688 0bc50513 addi             x10, x10, 188       x10=1c0000bc x10:1c000000
15702001ns          281288 1c00868c f455b5b3 p.bclr           x11, x11, 26, 5     x11=00000002 x11:00000002
15702438ns          281310 1c008690 738000ef jal              x1, 1848             x1=1c008694
15702518ns          281314 1c008dc8 fc010113 addi             x2, x2, -64          x2=10001758  x2:10001798
15702557ns          281316 1c008dca 02410313 addi             x6, x2, 36           x6=1000177c  x2:10001758
15702577ns          281317 1c008dce 02c12423 sw               x12, 40(x2)         x12:46d6650e  x2:10001758  PA:10001780
15702617ns          281319 1c008dd0 00a00633 add              x12, x0, x10        x12=1c0000bc x10:1c0000bc
15702657ns          281321 1c008dd2 1c009537 lui              x10, 0x1c009000     x10=1c009000
15702677ns          281322 1c008dd6 02b12223 sw               x11, 36(x2)         x11:00000002  x2:10001758  PA:1000177c
15702697ns          281323 1c008dd8 02d12623 sw               x13, 44(x2)         x13:00000001  x2:10001758  PA:10001784
15702717ns          281324 1c008dda 00200593 addi             x11, x0, 2          x11=00000002
15702736ns          281325 1c008ddc 006006b3 add              x13, x0, x6         x13=1000177c  x6:1000177c
15702756ns          281326 1c008dde d5c50513 addi             x10, x10, -676      x10=1c008d5c x10:1c009000
15702776ns          281327 1c008de2 00112e23 sw               x1, 28(x2)           x1:1c008694  x2:10001758  PA:10001774
15702796ns          281328 1c008de4 02e12823 sw               x14, 48(x2)         x14:00000001  x2:10001758  PA:10001788
15702816ns          281329 1c008de6 02f12a23 sw               x15, 52(x2)         x15:00000028  x2:10001758  PA:1000178c
15702836ns          281330 1c008de8 03012c23 sw               x16, 56(x2)         x16:46b3ab5f  x2:10001758  PA:10001790
15702856ns          281331 1c008dea 03112e23 sw               x17, 60(x2)         x17:4696b048  x2:10001758  PA:10001794
15702876ns          281332 1c008dec 00612623 sw               x6, 12(x2)           x6:1000177c  x2:10001758  PA:10001764
15702896ns          281333 1c008dee fbfff0ef jal              x1, -66              x1=1c008df0
15702975ns          281337 1c008dac 04a0006f jal              x0, 74             
15703015ns          281339 1c008df6 ed010113 addi             x2, x2, -304         x2=10001628  x2:10001758
15703035ns          281340 1c008df8 12812423 sw               x8, 296(x2)          x8:457b3bee  x2:10001628  PA:10001750
15703055ns          281341 1c008dfc 00000413 addi             x8, x0, 0            x8=00000000
15703114ns          281344 1c008dfe 11612823 sw               x22, 272(x2)        x22:410b8e90  x2:10001628  PA:10001738
15703154ns          281346 1c008e02 11712623 sw               x23, 268(x2)        x23:411c621a  x2:10001628  PA:10001734
15703174ns          281347 1c008e06 11812423 sw               x24, 264(x2)        x24:435e7575  x2:10001628  PA:10001730
15703194ns          281348 1c008e0a 11912223 sw               x25, 260(x2)        x25:4342c500  x2:10001628  PA:1000172c
15703254ns          281351 1c008e0e 11a12023 sw               x26, 256(x2)        x26:xxxxxxxx  x2:10001628  PA:10001728
15703274ns          281352 1c008e12 0fb12e23 sw               x27, 252(x2)        x27:xxxxxxxx  x2:10001628  PA:10001724
15703293ns          281353 1c008e14 12112623 sw               x1, 300(x2)          x1:1c008df0  x2:10001628  PA:10001754
15703313ns          281354 1c008e18 00800db3 add              x27, x0, x8         x27=00000000  x8:00000000
15703333ns          281355 1c008e1a 12912223 sw               x9, 292(x2)          x9:457b3c95  x2:10001628  PA:1000174c
15703393ns          281358 1c008e1e 13212023 sw               x18, 288(x2)        x18:1c010028  x2:10001628  PA:10001748
15703433ns          281360 1c008e22 11312e23 sw               x19, 284(x2)        x19:457b3b4b  x2:10001628  PA:10001744
15703453ns          281361 1c008e26 11412c23 sw               x20, 280(x2)        x20:455626a8  x2:10001628  PA:10001740
15703472ns          281362 1c008e2a 11512a23 sw               x21, 276(x2)        x21:45562590  x2:10001628  PA:1000173c
15703492ns          281363 1c008e2e 00a00b33 add              x22, x0, x10        x22=1c008d5c x10:1c008d5c
15703532ns          281365 1c008e30 00b00d33 add              x26, x0, x11        x26=00000002 x11:00000002
15703552ns          281366 1c008e32 00d00c33 add              x24, x0, x13        x24=1000177c x13:1000177c
15703572ns          281367 1c008e34 1c000bb7 lui              x23, 0x1c000000     x23=1c000000
15703592ns          281368 1c008e38 02410c93 addi             x25, x2, 36         x25=1000164c  x2:10001628
15703612ns          281369 1c008e3c 00c00433 add              x8, x0, x12          x8=1c0000bc x12:1c0000bc
15703671ns          281372 1c008e3e 00044503 lbu              x10, 0(x8)          x10=0000006b  x8:1c0000bc  PA:1c0000bc
15703970ns          281387 1c008e42 00140413 addi             x8, x8, 1            x8=1c0000bd  x8:1c0000bc
15703990ns          281388 1c008e44 00050e63 beq              x10, x0, 28         x10:0000006b
15704009ns          281389 1c008e46 02500793 addi             x15, x0, 37         x15=00000025
15704029ns          281390 1c008e4a 04f50863 beq              x10, x15, 80        x10:0000006b x15:00000025
15704049ns          281391 1c008e4e 01a005b3 add              x11, x0, x26        x11=00000002 x26:00000002
15704069ns          281392 1c008e50 000b00e7 jalr             x1, x22, 0           x1=1c008e52 x22:1c008d5c
15704149ns          281396 1c008d5c 000026b7 lui              x13, 0x2000         x13=00002000
15704188ns          281398 1c008d5e f14027f3 csrrs            x15, x0, 0xf14      x15=00000002
15704208ns          281399 1c008d62 f8068693 addi             x13, x13, -128      x13=00001f80 x13:00002000
15704228ns          281400 1c008d66 00379713 slli             x14, x15, 0x3       x14=00000010 x15:00000002
15704248ns          281401 1c008d6a 00279793 slli             x15, x15, 0x2       x15=00000008 x15:00000002
15704268ns          281402 1c008d6c 00d7f7b3 and              x15, x15, x13       x15=00000000 x15:00000008 x13:00001f80
15704308ns          281404 1c008d6e ee873733 p.bclr           x14, x14, 23, 8     x14=00000010 x14:00000010
15704348ns          281406 1c008d72 1a10f6b7 lui              x13, 0x1a10f000     x13=1a10f000
15704368ns          281407 1c008d76 0ff57513 andi             x10, x10, 255       x10=0000006b x10:0000006b
15704387ns          281408 1c008d7a 00d70733 add              x14, x14, x13       x14=1a10f010 x14:00000010 x13:1a10f000
15704407ns          281409 1c008d7c 00a7e723 p.sw             x10, x0(x15)        x10:0000006b x15:00000000  PA:1a10f010
15704885ns          281433 1c008d80 00000513 addi             x10, x0, 0          x10=00000000
15704905ns          281434 1c008d82 00008067 jalr             x0, x1, 0            x1:1c008e52
15704964ns          281437 1c008e52 31f52563 p.beqimm         x10, 778            x10:00000000
15704984ns          281438 1c008e56 001d8d93 addi             x27, x27, 1         x27=00000001 x27:00000000
15705004ns          281439 1c008e58 00044503 lbu              x10, 0(x8)          x10=00000065  x8:1c0000bd  PA:1c0000bd
15705302ns          281454 1c008e5c 00140413 addi             x8, x8, 1            x8=1c0000be  x8:1c0000bd
15705322ns          281455 1c008e5e fe0514e3 bne              x10, x0, -24        x10:00000065
15705402ns          281459 1c008e46 02500793 addi             x15, x0, 37         x15=00000025
15705422ns          281460 1c008e4a 04f50863 beq              x10, x15, 80        x10:00000065 x15:00000025
15705442ns          281461 1c008e4e 01a005b3 add              x11, x0, x26        x11=00000002 x26:00000002
15705462ns          281462 1c008e50 000b00e7 jalr             x1, x22, 0           x1=1c008e52 x22:1c008d5c
15705501ns          281464 1c008d5c 000026b7 lui              x13, 0x2000         x13=00002000
15705521ns          281465 1c008d5e f14027f3 csrrs            x15, x0, 0xf14      x15=00000002
15705541ns          281466 1c008d62 f8068693 addi             x13, x13, -128      x13=00001f80 x13:00002000
15705561ns          281467 1c008d66 00379713 slli             x14, x15, 0x3       x14=00000010 x15:00000002
15705581ns          281468 1c008d6a 00279793 slli             x15, x15, 0x2       x15=00000008 x15:00000002
15705601ns          281469 1c008d6c 00d7f7b3 and              x15, x15, x13       x15=00000000 x15:00000008 x13:00001f80
15705621ns          281470 1c008d6e ee873733 p.bclr           x14, x14, 23, 8     x14=00000010 x14:00000010
15705641ns          281471 1c008d72 1a10f6b7 lui              x13, 0x1a10f000     x13=1a10f000
15705660ns          281472 1c008d76 0ff57513 andi             x10, x10, 255       x10=00000065 x10:00000065
15705680ns          281473 1c008d7a 00d70733 add              x14, x14, x13       x14=1a10f010 x14:00000010 x13:1a10f000
15705700ns          281474 1c008d7c 00a7e723 p.sw             x10, x0(x15)        x10:00000065 x15:00000000  PA:1a10f010
15706038ns          281491 1c008d80 00000513 addi             x10, x0, 0          x10=00000000
15706058ns          281492 1c008d82 00008067 jalr             x0, x1, 0            x1:1c008e52
15706118ns          281495 1c008e52 31f52563 p.beqimm         x10, 778            x10:00000000
15706138ns          281496 1c008e56 001d8d93 addi             x27, x27, 1         x27=00000002 x27:00000001
15706158ns          281497 1c008e58 00044503 lbu              x10, 0(x8)          x10=00000072  x8:1c0000be  PA:1c0000be
15706456ns          281512 1c008e5c 00140413 addi             x8, x8, 1            x8=1c0000bf  x8:1c0000be
15706476ns          281513 1c008e5e fe0514e3 bne              x10, x0, -24        x10:00000072
15706555ns          281517 1c008e46 02500793 addi             x15, x0, 37         x15=00000025
15706575ns          281518 1c008e4a 04f50863 beq              x10, x15, 80        x10:00000072 x15:00000025
15706595ns          281519 1c008e4e 01a005b3 add              x11, x0, x26        x11=00000002 x26:00000002
15706615ns          281520 1c008e50 000b00e7 jalr             x1, x22, 0           x1=1c008e52 x22:1c008d5c
15706655ns          281522 1c008d5c 000026b7 lui              x13, 0x2000         x13=00002000
15706675ns          281523 1c008d5e f14027f3 csrrs            x15, x0, 0xf14      x15=00000002
15706695ns          281524 1c008d62 f8068693 addi             x13, x13, -128      x13=00001f80 x13:00002000
15706715ns          281525 1c008d66 00379713 slli             x14, x15, 0x3       x14=00000010 x15:00000002
15706735ns          281526 1c008d6a 00279793 slli             x15, x15, 0x2       x15=00000008 x15:00000002
15706754ns          281527 1c008d6c 00d7f7b3 and              x15, x15, x13       x15=00000000 x15:00000008 x13:00001f80
15706774ns          281528 1c008d6e ee873733 p.bclr           x14, x14, 23, 8     x14=00000010 x14:00000010
15706794ns          281529 1c008d72 1a10f6b7 lui              x13, 0x1a10f000     x13=1a10f000
15706814ns          281530 1c008d76 0ff57513 andi             x10, x10, 255       x10=00000072 x10:00000072
15706834ns          281531 1c008d7a 00d70733 add              x14, x14, x13       x14=1a10f010 x14:00000010 x13:1a10f000
15706854ns          281532 1c008d7c 00a7e723 p.sw             x10, x0(x15)        x10:00000072 x15:00000000  PA:1a10f010
15707192ns          281549 1c008d80 00000513 addi             x10, x0, 0          x10=00000000
15707212ns          281550 1c008d82 00008067 jalr             x0, x1, 0            x1:1c008e52
15707272ns          281553 1c008e52 31f52563 p.beqimm         x10, 778            x10:00000000
15707291ns          281554 1c008e56 001d8d93 addi             x27, x27, 1         x27=00000003 x27:00000002
15707311ns          281555 1c008e58 00044503 lbu              x10, 0(x8)          x10=0000006e  x8:1c0000bf  PA:1c0000bf
15707630ns          281571 1c008e5c 00140413 addi             x8, x8, 1            x8=1c0000c0  x8:1c0000bf
15707649ns          281572 1c008e5e fe0514e3 bne              x10, x0, -24        x10:0000006e
15707729ns          281576 1c008e46 02500793 addi             x15, x0, 37         x15=00000025
15707749ns          281577 1c008e4a 04f50863 beq              x10, x15, 80        x10:0000006e x15:00000025
15707769ns          281578 1c008e4e 01a005b3 add              x11, x0, x26        x11=00000002 x26:00000002
15707789ns          281579 1c008e50 000b00e7 jalr             x1, x22, 0           x1=1c008e52 x22:1c008d5c
15707829ns          281581 1c008d5c 000026b7 lui              x13, 0x2000         x13=00002000
15707848ns          281582 1c008d5e f14027f3 csrrs            x15, x0, 0xf14      x15=00000002
15707868ns          281583 1c008d62 f8068693 addi             x13, x13, -128      x13=00001f80 x13:00002000
15707888ns          281584 1c008d66 00379713 slli             x14, x15, 0x3       x14=00000010 x15:00000002
15707908ns          281585 1c008d6a 00279793 slli             x15, x15, 0x2       x15=00000008 x15:00000002
15707928ns          281586 1c008d6c 00d7f7b3 and              x15, x15, x13       x15=00000000 x15:00000008 x13:00001f80
15707948ns          281587 1c008d6e ee873733 p.bclr           x14, x14, 23, 8     x14=00000010 x14:00000010
15707968ns          281588 1c008d72 1a10f6b7 lui              x13, 0x1a10f000     x13=1a10f000
15707988ns          281589 1c008d76 0ff57513 andi             x10, x10, 255       x10=0000006e x10:0000006e
15708008ns          281590 1c008d7a 00d70733 add              x14, x14, x13       x14=1a10f010 x14:00000010 x13:1a10f000
15708027ns          281591 1c008d7c 00a7e723 p.sw             x10, x0(x15)        x10:0000006e x15:00000000  PA:1a10f010
15708346ns          281607 1c008d80 00000513 addi             x10, x0, 0          x10=00000000
15708366ns          281608 1c008d82 00008067 jalr             x0, x1, 0            x1:1c008e52
15708425ns          281611 1c008e52 31f52563 p.beqimm         x10, 778            x10:00000000
15708445ns          281612 1c008e56 001d8d93 addi             x27, x27, 1         x27=00000004 x27:00000003
15708465ns          281613 1c008e58 00044503 lbu              x10, 0(x8)          x10=00000065  x8:1c0000c0  PA:1c0000c0
15708763ns          281628 1c008e5c 00140413 addi             x8, x8, 1            x8=1c0000c1  x8:1c0000c0
15708783ns          281629 1c008e5e fe0514e3 bne              x10, x0, -24        x10:00000065
15708863ns          281633 1c008e46 02500793 addi             x15, x0, 37         x15=00000025
15708883ns          281634 1c008e4a 04f50863 beq              x10, x15, 80        x10:00000065 x15:00000025
15708903ns          281635 1c008e4e 01a005b3 add              x11, x0, x26        x11=00000002 x26:00000002
15708922ns          281636 1c008e50 000b00e7 jalr             x1, x22, 0           x1=1c008e52 x22:1c008d5c
15708962ns          281638 1c008d5c 000026b7 lui              x13, 0x2000         x13=00002000
15708982ns          281639 1c008d5e f14027f3 csrrs            x15, x0, 0xf14      x15=00000002
15709002ns          281640 1c008d62 f8068693 addi             x13, x13, -128      x13=00001f80 x13:00002000
15709022ns          281641 1c008d66 00379713 slli             x14, x15, 0x3       x14=00000010 x15:00000002
15709042ns          281642 1c008d6a 00279793 slli             x15, x15, 0x2       x15=00000008 x15:00000002
15709062ns          281643 1c008d6c 00d7f7b3 and              x15, x15, x13       x15=00000000 x15:00000008 x13:00001f80
15709082ns          281644 1c008d6e ee873733 p.bclr           x14, x14, 23, 8     x14=00000010 x14:00000010
15709102ns          281645 1c008d72 1a10f6b7 lui              x13, 0x1a10f000     x13=1a10f000
15709121ns          281646 1c008d76 0ff57513 andi             x10, x10, 255       x10=00000065 x10:00000065
15709141ns          281647 1c008d7a 00d70733 add              x14, x14, x13       x14=1a10f010 x14:00000010 x13:1a10f000
15709161ns          281648 1c008d7c 00a7e723 p.sw             x10, x0(x15)        x10:00000065 x15:00000000  PA:1a10f010
15709479ns          281664 1c008d80 00000513 addi             x10, x0, 0          x10=00000000
15709499ns          281665 1c008d82 00008067 jalr             x0, x1, 0            x1:1c008e52
15709559ns          281668 1c008e52 31f52563 p.beqimm         x10, 778            x10:00000000
15709579ns          281669 1c008e56 001d8d93 addi             x27, x27, 1         x27=00000005 x27:00000004
15709599ns          281670 1c008e58 00044503 lbu              x10, 0(x8)          x10=0000006c  x8:1c0000c1  PA:1c0000c1
15709897ns          281685 1c008e5c 00140413 addi             x8, x8, 1            x8=1c0000c2  x8:1c0000c1
15709917ns          281686 1c008e5e fe0514e3 bne              x10, x0, -24        x10:0000006c
15709997ns          281690 1c008e46 02500793 addi             x15, x0, 37         x15=00000025
15710016ns          281691 1c008e4a 04f50863 beq              x10, x15, 80        x10:0000006c x15:00000025
15710036ns          281692 1c008e4e 01a005b3 add              x11, x0, x26        x11=00000002 x26:00000002
15710056ns          281693 1c008e50 000b00e7 jalr             x1, x22, 0           x1=1c008e52 x22:1c008d5c
15710096ns          281695 1c008d5c 000026b7 lui              x13, 0x2000         x13=00002000
15710116ns          281696 1c008d5e f14027f3 csrrs            x15, x0, 0xf14      x15=00000002
15710136ns          281697 1c008d62 f8068693 addi             x13, x13, -128      x13=00001f80 x13:00002000
15710156ns          281698 1c008d66 00379713 slli             x14, x15, 0x3       x14=00000010 x15:00000002
15710176ns          281699 1c008d6a 00279793 slli             x15, x15, 0x2       x15=00000008 x15:00000002
15710196ns          281700 1c008d6c 00d7f7b3 and              x15, x15, x13       x15=00000000 x15:00000008 x13:00001f80
15710215ns          281701 1c008d6e ee873733 p.bclr           x14, x14, 23, 8     x14=00000010 x14:00000010
15710235ns          281702 1c008d72 1a10f6b7 lui              x13, 0x1a10f000     x13=1a10f000
15710255ns          281703 1c008d76 0ff57513 andi             x10, x10, 255       x10=0000006c x10:0000006c
15710275ns          281704 1c008d7a 00d70733 add              x14, x14, x13       x14=1a10f010 x14:00000010 x13:1a10f000
15710295ns          281705 1c008d7c 00a7e723 p.sw             x10, x0(x15)        x10:0000006c x15:00000000  PA:1a10f010
15710613ns          281721 1c008d80 00000513 addi             x10, x0, 0          x10=00000000
15710633ns          281722 1c008d82 00008067 jalr             x0, x1, 0            x1:1c008e52
15710693ns          281725 1c008e52 31f52563 p.beqimm         x10, 778            x10:00000000
15710713ns          281726 1c008e56 001d8d93 addi             x27, x27, 1         x27=00000006 x27:00000005
15710733ns          281727 1c008e58 00044503 lbu              x10, 0(x8)          x10=00000020  x8:1c0000c2  PA:1c0000c2
15711031ns          281742 1c008e5c 00140413 addi             x8, x8, 1            x8=1c0000c3  x8:1c0000c2
15711051ns          281743 1c008e5e fe0514e3 bne              x10, x0, -24        x10:00000020
15711130ns          281747 1c008e46 02500793 addi             x15, x0, 37         x15=00000025
15711150ns          281748 1c008e4a 04f50863 beq              x10, x15, 80        x10:00000020 x15:00000025
15711170ns          281749 1c008e4e 01a005b3 add              x11, x0, x26        x11=00000002 x26:00000002
15711190ns          281750 1c008e50 000b00e7 jalr             x1, x22, 0           x1=1c008e52 x22:1c008d5c
15711230ns          281752 1c008d5c 000026b7 lui              x13, 0x2000         x13=00002000
15711250ns          281753 1c008d5e f14027f3 csrrs            x15, x0, 0xf14      x15=00000002
15711270ns          281754 1c008d62 f8068693 addi             x13, x13, -128      x13=00001f80 x13:00002000
15711289ns          281755 1c008d66 00379713 slli             x14, x15, 0x3       x14=00000010 x15:00000002
15711309ns          281756 1c008d6a 00279793 slli             x15, x15, 0x2       x15=00000008 x15:00000002
15711329ns          281757 1c008d6c 00d7f7b3 and              x15, x15, x13       x15=00000000 x15:00000008 x13:00001f80
15711349ns          281758 1c008d6e ee873733 p.bclr           x14, x14, 23, 8     x14=00000010 x14:00000010
15711369ns          281759 1c008d72 1a10f6b7 lui              x13, 0x1a10f000     x13=1a10f000
15711389ns          281760 1c008d76 0ff57513 andi             x10, x10, 255       x10=00000020 x10:00000020
15711409ns          281761 1c008d7a 00d70733 add              x14, x14, x13       x14=1a10f010 x14:00000010 x13:1a10f000
15711429ns          281762 1c008d7c 00a7e723 p.sw             x10, x0(x15)        x10:00000020 x15:00000000  PA:1a10f010
15711747ns          281778 1c008d80 00000513 addi             x10, x0, 0          x10=00000000
15711767ns          281779 1c008d82 00008067 jalr             x0, x1, 0            x1:1c008e52
15711827ns          281782 1c008e52 31f52563 p.beqimm         x10, 778            x10:00000000
15711846ns          281783 1c008e56 001d8d93 addi             x27, x27, 1         x27=00000007 x27:00000006
15711866ns          281784 1c008e58 00044503 lbu              x10, 0(x8)          x10=00000070  x8:1c0000c3  PA:1c0000c3
15712165ns          281799 1c008e5c 00140413 addi             x8, x8, 1            x8=1c0000c4  x8:1c0000c3
15712185ns          281800 1c008e5e fe0514e3 bne              x10, x0, -24        x10:00000070
15712264ns          281804 1c008e46 02500793 addi             x15, x0, 37         x15=00000025
15712284ns          281805 1c008e4a 04f50863 beq              x10, x15, 80        x10:00000070 x15:00000025
15712304ns          281806 1c008e4e 01a005b3 add              x11, x0, x26        x11=00000002 x26:00000002
15712324ns          281807 1c008e50 000b00e7 jalr             x1, x22, 0           x1=1c008e52 x22:1c008d5c
15712364ns          281809 1c008d5c 000026b7 lui              x13, 0x2000         x13=00002000
15712383ns          281810 1c008d5e f14027f3 csrrs            x15, x0, 0xf14      x15=00000002
15712403ns          281811 1c008d62 f8068693 addi             x13, x13, -128      x13=00001f80 x13:00002000
15712423ns          281812 1c008d66 00379713 slli             x14, x15, 0x3       x14=00000010 x15:00000002
15712443ns          281813 1c008d6a 00279793 slli             x15, x15, 0x2       x15=00000008 x15:00000002
15712463ns          281814 1c008d6c 00d7f7b3 and              x15, x15, x13       x15=00000000 x15:00000008 x13:00001f80
15712483ns          281815 1c008d6e ee873733 p.bclr           x14, x14, 23, 8     x14=00000010 x14:00000010
15712503ns          281816 1c008d72 1a10f6b7 lui              x13, 0x1a10f000     x13=1a10f000
15712523ns          281817 1c008d76 0ff57513 andi             x10, x10, 255       x10=00000070 x10:00000070
15712543ns          281818 1c008d7a 00d70733 add              x14, x14, x13       x14=1a10f010 x14:00000010 x13:1a10f000
15712563ns          281819 1c008d7c 00a7e723 p.sw             x10, x0(x15)        x10:00000070 x15:00000000  PA:1a10f010
15712901ns          281836 1c008d80 00000513 addi             x10, x0, 0          x10=00000000
15712921ns          281837 1c008d82 00008067 jalr             x0, x1, 0            x1:1c008e52
15712980ns          281840 1c008e52 31f52563 p.beqimm         x10, 778            x10:00000000
15713000ns          281841 1c008e56 001d8d93 addi             x27, x27, 1         x27=00000008 x27:00000007
15713020ns          281842 1c008e58 00044503 lbu              x10, 0(x8)          x10=00000061  x8:1c0000c4  PA:1c0000c4
15713318ns          281857 1c008e5c 00140413 addi             x8, x8, 1            x8=1c0000c5  x8:1c0000c4
15713338ns          281858 1c008e5e fe0514e3 bne              x10, x0, -24        x10:00000061
15713418ns          281862 1c008e46 02500793 addi             x15, x0, 37         x15=00000025
15713438ns          281863 1c008e4a 04f50863 beq              x10, x15, 80        x10:00000061 x15:00000025
15713458ns          281864 1c008e4e 01a005b3 add              x11, x0, x26        x11=00000002 x26:00000002
15713477ns          281865 1c008e50 000b00e7 jalr             x1, x22, 0           x1=1c008e52 x22:1c008d5c
15713517ns          281867 1c008d5c 000026b7 lui              x13, 0x2000         x13=00002000
15713537ns          281868 1c008d5e f14027f3 csrrs            x15, x0, 0xf14      x15=00000002
15713557ns          281869 1c008d62 f8068693 addi             x13, x13, -128      x13=00001f80 x13:00002000
15713577ns          281870 1c008d66 00379713 slli             x14, x15, 0x3       x14=00000010 x15:00000002
15713597ns          281871 1c008d6a 00279793 slli             x15, x15, 0x2       x15=00000008 x15:00000002
15713617ns          281872 1c008d6c 00d7f7b3 and              x15, x15, x13       x15=00000000 x15:00000008 x13:00001f80
15713637ns          281873 1c008d6e ee873733 p.bclr           x14, x14, 23, 8     x14=00000010 x14:00000010
15713656ns          281874 1c008d72 1a10f6b7 lui              x13, 0x1a10f000     x13=1a10f000
15713676ns          281875 1c008d76 0ff57513 andi             x10, x10, 255       x10=00000061 x10:00000061
15713696ns          281876 1c008d7a 00d70733 add              x14, x14, x13       x14=1a10f010 x14:00000010 x13:1a10f000
15713716ns          281877 1c008d7c 00a7e723 p.sw             x10, x0(x15)        x10:00000061 x15:00000000  PA:1a10f010
15714034ns          281893 1c008d80 00000513 addi             x10, x0, 0          x10=00000000
15714054ns          281894 1c008d82 00008067 jalr             x0, x1, 0            x1:1c008e52
15714114ns          281897 1c008e52 31f52563 p.beqimm         x10, 778            x10:00000000
15714134ns          281898 1c008e56 001d8d93 addi             x27, x27, 1         x27=00000009 x27:00000008
15714154ns          281899 1c008e58 00044503 lbu              x10, 0(x8)          x10=00000073  x8:1c0000c5  PA:1c0000c5
15714452ns          281914 1c008e5c 00140413 addi             x8, x8, 1            x8=1c0000c6  x8:1c0000c5
15714472ns          281915 1c008e5e fe0514e3 bne              x10, x0, -24        x10:00000073
15714552ns          281919 1c008e46 02500793 addi             x15, x0, 37         x15=00000025
15714571ns          281920 1c008e4a 04f50863 beq              x10, x15, 80        x10:00000073 x15:00000025
15714591ns          281921 1c008e4e 01a005b3 add              x11, x0, x26        x11=00000002 x26:00000002
15714611ns          281922 1c008e50 000b00e7 jalr             x1, x22, 0           x1=1c008e52 x22:1c008d5c
15714651ns          281924 1c008d5c 000026b7 lui              x13, 0x2000         x13=00002000
15714671ns          281925 1c008d5e f14027f3 csrrs            x15, x0, 0xf14      x15=00000002
15714691ns          281926 1c008d62 f8068693 addi             x13, x13, -128      x13=00001f80 x13:00002000
15714711ns          281927 1c008d66 00379713 slli             x14, x15, 0x3       x14=00000010 x15:00000002
15714731ns          281928 1c008d6a 00279793 slli             x15, x15, 0x2       x15=00000008 x15:00000002
15714750ns          281929 1c008d6c 00d7f7b3 and              x15, x15, x13       x15=00000000 x15:00000008 x13:00001f80
15714770ns          281930 1c008d6e ee873733 p.bclr           x14, x14, 23, 8     x14=00000010 x14:00000010
15714790ns          281931 1c008d72 1a10f6b7 lui              x13, 0x1a10f000     x13=1a10f000
15714810ns          281932 1c008d76 0ff57513 andi             x10, x10, 255       x10=00000073 x10:00000073
15714830ns          281933 1c008d7a 00d70733 add              x14, x14, x13       x14=1a10f010 x14:00000010 x13:1a10f000
15714850ns          281934 1c008d7c 00a7e723 p.sw             x10, x0(x15)        x10:00000073 x15:00000000  PA:1a10f010
15715168ns          281950 1c008d80 00000513 addi             x10, x0, 0          x10=00000000
15715188ns          281951 1c008d82 00008067 jalr             x0, x1, 0            x1:1c008e52
15715248ns          281954 1c008e52 31f52563 p.beqimm         x10, 778            x10:00000000
15715268ns          281955 1c008e56 001d8d93 addi             x27, x27, 1         x27=0000000a x27:00000009
15715288ns          281956 1c008e58 00044503 lbu              x10, 0(x8)          x10=00000073  x8:1c0000c6  PA:1c0000c6
15715606ns          281972 1c008e5c 00140413 addi             x8, x8, 1            x8=1c0000c7  x8:1c0000c6
15715626ns          281973 1c008e5e fe0514e3 bne              x10, x0, -24        x10:00000073
15715705ns          281977 1c008e46 02500793 addi             x15, x0, 37         x15=00000025
15715725ns          281978 1c008e4a 04f50863 beq              x10, x15, 80        x10:00000073 x15:00000025
15715745ns          281979 1c008e4e 01a005b3 add              x11, x0, x26        x11=00000002 x26:00000002
15715765ns          281980 1c008e50 000b00e7 jalr             x1, x22, 0           x1=1c008e52 x22:1c008d5c
15715805ns          281982 1c008d5c 000026b7 lui              x13, 0x2000         x13=00002000
15715825ns          281983 1c008d5e f14027f3 csrrs            x15, x0, 0xf14      x15=00000002
15715844ns          281984 1c008d62 f8068693 addi             x13, x13, -128      x13=00001f80 x13:00002000
15715864ns          281985 1c008d66 00379713 slli             x14, x15, 0x3       x14=00000010 x15:00000002
15715884ns          281986 1c008d6a 00279793 slli             x15, x15, 0x2       x15=00000008 x15:00000002
15715904ns          281987 1c008d6c 00d7f7b3 and              x15, x15, x13       x15=00000000 x15:00000008 x13:00001f80
15715924ns          281988 1c008d6e ee873733 p.bclr           x14, x14, 23, 8     x14=00000010 x14:00000010
15715944ns          281989 1c008d72 1a10f6b7 lui              x13, 0x1a10f000     x13=1a10f000
15715964ns          281990 1c008d76 0ff57513 andi             x10, x10, 255       x10=00000073 x10:00000073
15715984ns          281991 1c008d7a 00d70733 add              x14, x14, x13       x14=1a10f010 x14:00000010 x13:1a10f000
15716004ns          281992 1c008d7c 00a7e723 p.sw             x10, x0(x15)        x10:00000073 x15:00000000  PA:1a10f010
15716322ns          282008 1c008d80 00000513 addi             x10, x0, 0          x10=00000000
15716342ns          282009 1c008d82 00008067 jalr             x0, x1, 0            x1:1c008e52
15716401ns          282012 1c008e52 31f52563 p.beqimm         x10, 778            x10:00000000
15716421ns          282013 1c008e56 001d8d93 addi             x27, x27, 1         x27=0000000b x27:0000000a
15716441ns          282014 1c008e58 00044503 lbu              x10, 0(x8)          x10=00000065  x8:1c0000c7  PA:1c0000c7
15716740ns          282029 1c008e5c 00140413 addi             x8, x8, 1            x8=1c0000c8  x8:1c0000c7
15716759ns          282030 1c008e5e fe0514e3 bne              x10, x0, -24        x10:00000065
15716839ns          282034 1c008e46 02500793 addi             x15, x0, 37         x15=00000025
15716859ns          282035 1c008e4a 04f50863 beq              x10, x15, 80        x10:00000065 x15:00000025
15716879ns          282036 1c008e4e 01a005b3 add              x11, x0, x26        x11=00000002 x26:00000002
15716899ns          282037 1c008e50 000b00e7 jalr             x1, x22, 0           x1=1c008e52 x22:1c008d5c
15716938ns          282039 1c008d5c 000026b7 lui              x13, 0x2000         x13=00002000
15716958ns          282040 1c008d5e f14027f3 csrrs            x15, x0, 0xf14      x15=00000002
15716978ns          282041 1c008d62 f8068693 addi             x13, x13, -128      x13=00001f80 x13:00002000
15716998ns          282042 1c008d66 00379713 slli             x14, x15, 0x3       x14=00000010 x15:00000002
15717018ns          282043 1c008d6a 00279793 slli             x15, x15, 0x2       x15=00000008 x15:00000002
15717038ns          282044 1c008d6c 00d7f7b3 and              x15, x15, x13       x15=00000000 x15:00000008 x13:00001f80
15717058ns          282045 1c008d6e ee873733 p.bclr           x14, x14, 23, 8     x14=00000010 x14:00000010
15717078ns          282046 1c008d72 1a10f6b7 lui              x13, 0x1a10f000     x13=1a10f000
15717098ns          282047 1c008d76 0ff57513 andi             x10, x10, 255       x10=00000065 x10:00000065
15717117ns          282048 1c008d7a 00d70733 add              x14, x14, x13       x14=1a10f010 x14:00000010 x13:1a10f000
15717137ns          282049 1c008d7c 00a7e723 p.sw             x10, x0(x15)        x10:00000065 x15:00000000  PA:1a10f010
15717456ns          282065 1c008d80 00000513 addi             x10, x0, 0          x10=00000000
15717476ns          282066 1c008d82 00008067 jalr             x0, x1, 0            x1:1c008e52
15717535ns          282069 1c008e52 31f52563 p.beqimm         x10, 778            x10:00000000
15717555ns          282070 1c008e56 001d8d93 addi             x27, x27, 1         x27=0000000c x27:0000000b
15717575ns          282071 1c008e58 00044503 lbu              x10, 0(x8)          x10=00000064  x8:1c0000c8  PA:1c0000c8
15717873ns          282086 1c008e5c 00140413 addi             x8, x8, 1            x8=1c0000c9  x8:1c0000c8
15717893ns          282087 1c008e5e fe0514e3 bne              x10, x0, -24        x10:00000064
15717973ns          282091 1c008e46 02500793 addi             x15, x0, 37         x15=00000025
15717993ns          282092 1c008e4a 04f50863 beq              x10, x15, 80        x10:00000064 x15:00000025
15718013ns          282093 1c008e4e 01a005b3 add              x11, x0, x26        x11=00000002 x26:00000002
15718032ns          282094 1c008e50 000b00e7 jalr             x1, x22, 0           x1=1c008e52 x22:1c008d5c
15718072ns          282096 1c008d5c 000026b7 lui              x13, 0x2000         x13=00002000
15718092ns          282097 1c008d5e f14027f3 csrrs            x15, x0, 0xf14      x15=00000002
15718112ns          282098 1c008d62 f8068693 addi             x13, x13, -128      x13=00001f80 x13:00002000
15718132ns          282099 1c008d66 00379713 slli             x14, x15, 0x3       x14=00000010 x15:00000002
15718152ns          282100 1c008d6a 00279793 slli             x15, x15, 0x2       x15=00000008 x15:00000002
15718172ns          282101 1c008d6c 00d7f7b3 and              x15, x15, x13       x15=00000000 x15:00000008 x13:00001f80
15718192ns          282102 1c008d6e ee873733 p.bclr           x14, x14, 23, 8     x14=00000010 x14:00000010
15718211ns          282103 1c008d72 1a10f6b7 lui              x13, 0x1a10f000     x13=1a10f000
15718231ns          282104 1c008d76 0ff57513 andi             x10, x10, 255       x10=00000064 x10:00000064
15718251ns          282105 1c008d7a 00d70733 add              x14, x14, x13       x14=1a10f010 x14:00000010 x13:1a10f000
15718271ns          282106 1c008d7c 00a7e723 p.sw             x10, x0(x15)        x10:00000064 x15:00000000  PA:1a10f010
15718589ns          282122 1c008d80 00000513 addi             x10, x0, 0          x10=00000000
15718609ns          282123 1c008d82 00008067 jalr             x0, x1, 0            x1:1c008e52
15718669ns          282126 1c008e52 31f52563 p.beqimm         x10, 778            x10:00000000
15718689ns          282127 1c008e56 001d8d93 addi             x27, x27, 1         x27=0000000d x27:0000000c
15718709ns          282128 1c008e58 00044503 lbu              x10, 0(x8)          x10=00000020  x8:1c0000c9  PA:1c0000c9
15719007ns          282143 1c008e5c 00140413 addi             x8, x8, 1            x8=1c0000ca  x8:1c0000c9
15719027ns          282144 1c008e5e fe0514e3 bne              x10, x0, -24        x10:00000020
15719107ns          282148 1c008e46 02500793 addi             x15, x0, 37         x15=00000025
15719126ns          282149 1c008e4a 04f50863 beq              x10, x15, 80        x10:00000020 x15:00000025
15719146ns          282150 1c008e4e 01a005b3 add              x11, x0, x26        x11=00000002 x26:00000002
15719166ns          282151 1c008e50 000b00e7 jalr             x1, x22, 0           x1=1c008e52 x22:1c008d5c
15719206ns          282153 1c008d5c 000026b7 lui              x13, 0x2000         x13=00002000
15719226ns          282154 1c008d5e f14027f3 csrrs            x15, x0, 0xf14      x15=00000002
15719246ns          282155 1c008d62 f8068693 addi             x13, x13, -128      x13=00001f80 x13:00002000
15719266ns          282156 1c008d66 00379713 slli             x14, x15, 0x3       x14=00000010 x15:00000002
15719286ns          282157 1c008d6a 00279793 slli             x15, x15, 0x2       x15=00000008 x15:00000002
15719305ns          282158 1c008d6c 00d7f7b3 and              x15, x15, x13       x15=00000000 x15:00000008 x13:00001f80
15719325ns          282159 1c008d6e ee873733 p.bclr           x14, x14, 23, 8     x14=00000010 x14:00000010
15719345ns          282160 1c008d72 1a10f6b7 lui              x13, 0x1a10f000     x13=1a10f000
15719365ns          282161 1c008d76 0ff57513 andi             x10, x10, 255       x10=00000020 x10:00000020
15719385ns          282162 1c008d7a 00d70733 add              x14, x14, x13       x14=1a10f010 x14:00000010 x13:1a10f000
15719405ns          282163 1c008d7c 00a7e723 p.sw             x10, x0(x15)        x10:00000020 x15:00000000  PA:1a10f010
15719743ns          282180 1c008d80 00000513 addi             x10, x0, 0          x10=00000000
15719763ns          282181 1c008d82 00008067 jalr             x0, x1, 0            x1:1c008e52
15719823ns          282184 1c008e52 31f52563 p.beqimm         x10, 778            x10:00000000
15719843ns          282185 1c008e56 001d8d93 addi             x27, x27, 1         x27=0000000e x27:0000000d
15719862ns          282186 1c008e58 00044503 lbu              x10, 0(x8)          x10=0000006f  x8:1c0000ca  PA:1c0000ca
15720161ns          282201 1c008e5c 00140413 addi             x8, x8, 1            x8=1c0000cb  x8:1c0000ca
15720181ns          282202 1c008e5e fe0514e3 bne              x10, x0, -24        x10:0000006f
15720260ns          282206 1c008e46 02500793 addi             x15, x0, 37         x15=00000025
15720280ns          282207 1c008e4a 04f50863 beq              x10, x15, 80        x10:0000006f x15:00000025
15720300ns          282208 1c008e4e 01a005b3 add              x11, x0, x26        x11=00000002 x26:00000002
15720320ns          282209 1c008e50 000b00e7 jalr             x1, x22, 0           x1=1c008e52 x22:1c008d5c
15720360ns          282211 1c008d5c 000026b7 lui              x13, 0x2000         x13=00002000
15720380ns          282212 1c008d5e f14027f3 csrrs            x15, x0, 0xf14      x15=00000002
15720399ns          282213 1c008d62 f8068693 addi             x13, x13, -128      x13=00001f80 x13:00002000
15720419ns          282214 1c008d66 00379713 slli             x14, x15, 0x3       x14=00000010 x15:00000002
15720439ns          282215 1c008d6a 00279793 slli             x15, x15, 0x2       x15=00000008 x15:00000002
15720459ns          282216 1c008d6c 00d7f7b3 and              x15, x15, x13       x15=00000000 x15:00000008 x13:00001f80
15720479ns          282217 1c008d6e ee873733 p.bclr           x14, x14, 23, 8     x14=00000010 x14:00000010
15720499ns          282218 1c008d72 1a10f6b7 lui              x13, 0x1a10f000     x13=1a10f000
15720519ns          282219 1c008d76 0ff57513 andi             x10, x10, 255       x10=0000006f x10:0000006f
15720539ns          282220 1c008d7a 00d70733 add              x14, x14, x13       x14=1a10f010 x14:00000010 x13:1a10f000
15720559ns          282221 1c008d7c 00a7e723 p.sw             x10, x0(x15)        x10:0000006f x15:00000000  PA:1a10f010
15720897ns          282238 1c008d80 00000513 addi             x10, x0, 0          x10=00000000
15720917ns          282239 1c008d82 00008067 jalr             x0, x1, 0            x1:1c008e52
15720976ns          282242 1c008e52 31f52563 p.beqimm         x10, 778            x10:00000000
15720996ns          282243 1c008e56 001d8d93 addi             x27, x27, 1         x27=0000000f x27:0000000e
15721016ns          282244 1c008e58 00044503 lbu              x10, 0(x8)          x10=0000006e  x8:1c0000cb  PA:1c0000cb
15721314ns          282259 1c008e5c 00140413 addi             x8, x8, 1            x8=1c0000cc  x8:1c0000cb
15721334ns          282260 1c008e5e fe0514e3 bne              x10, x0, -24        x10:0000006e
15721414ns          282264 1c008e46 02500793 addi             x15, x0, 37         x15=00000025
15721434ns          282265 1c008e4a 04f50863 beq              x10, x15, 80        x10:0000006e x15:00000025
15721454ns          282266 1c008e4e 01a005b3 add              x11, x0, x26        x11=00000002 x26:00000002
15721474ns          282267 1c008e50 000b00e7 jalr             x1, x22, 0           x1=1c008e52 x22:1c008d5c
15721513ns          282269 1c008d5c 000026b7 lui              x13, 0x2000         x13=00002000
15721533ns          282270 1c008d5e f14027f3 csrrs            x15, x0, 0xf14      x15=00000002
15721553ns          282271 1c008d62 f8068693 addi             x13, x13, -128      x13=00001f80 x13:00002000
15721573ns          282272 1c008d66 00379713 slli             x14, x15, 0x3       x14=00000010 x15:00000002
15721593ns          282273 1c008d6a 00279793 slli             x15, x15, 0x2       x15=00000008 x15:00000002
15721613ns          282274 1c008d6c 00d7f7b3 and              x15, x15, x13       x15=00000000 x15:00000008 x13:00001f80
15721633ns          282275 1c008d6e ee873733 p.bclr           x14, x14, 23, 8     x14=00000010 x14:00000010
15721653ns          282276 1c008d72 1a10f6b7 lui              x13, 0x1a10f000     x13=1a10f000
15721672ns          282277 1c008d76 0ff57513 andi             x10, x10, 255       x10=0000006e x10:0000006e
15721692ns          282278 1c008d7a 00d70733 add              x14, x14, x13       x14=1a10f010 x14:00000010 x13:1a10f000
15721712ns          282279 1c008d7c 00a7e723 p.sw             x10, x0(x15)        x10:0000006e x15:00000000  PA:1a10f010
15722031ns          282295 1c008d80 00000513 addi             x10, x0, 0          x10=00000000
15722050ns          282296 1c008d82 00008067 jalr             x0, x1, 0            x1:1c008e52
15722110ns          282299 1c008e52 31f52563 p.beqimm         x10, 778            x10:00000000
15722130ns          282300 1c008e56 001d8d93 addi             x27, x27, 1         x27=00000010 x27:0000000f
15722150ns          282301 1c008e58 00044503 lbu              x10, 0(x8)          x10=00000020  x8:1c0000cc  PA:1c0000cc
15722448ns          282316 1c008e5c 00140413 addi             x8, x8, 1            x8=1c0000cd  x8:1c0000cc
15722468ns          282317 1c008e5e fe0514e3 bne              x10, x0, -24        x10:00000020
15722548ns          282321 1c008e46 02500793 addi             x15, x0, 37         x15=00000025
15722568ns          282322 1c008e4a 04f50863 beq              x10, x15, 80        x10:00000020 x15:00000025
15722587ns          282323 1c008e4e 01a005b3 add              x11, x0, x26        x11=00000002 x26:00000002
15722607ns          282324 1c008e50 000b00e7 jalr             x1, x22, 0           x1=1c008e52 x22:1c008d5c
15722647ns          282326 1c008d5c 000026b7 lui              x13, 0x2000         x13=00002000
15722667ns          282327 1c008d5e f14027f3 csrrs            x15, x0, 0xf14      x15=00000002
15722687ns          282328 1c008d62 f8068693 addi             x13, x13, -128      x13=00001f80 x13:00002000
15722707ns          282329 1c008d66 00379713 slli             x14, x15, 0x3       x14=00000010 x15:00000002
15722727ns          282330 1c008d6a 00279793 slli             x15, x15, 0x2       x15=00000008 x15:00000002
15722747ns          282331 1c008d6c 00d7f7b3 and              x15, x15, x13       x15=00000000 x15:00000008 x13:00001f80
15722766ns          282332 1c008d6e ee873733 p.bclr           x14, x14, 23, 8     x14=00000010 x14:00000010
15722786ns          282333 1c008d72 1a10f6b7 lui              x13, 0x1a10f000     x13=1a10f000
15722806ns          282334 1c008d76 0ff57513 andi             x10, x10, 255       x10=00000020 x10:00000020
15722826ns          282335 1c008d7a 00d70733 add              x14, x14, x13       x14=1a10f010 x14:00000010 x13:1a10f000
15722846ns          282336 1c008d7c 00a7e723 p.sw             x10, x0(x15)        x10:00000020 x15:00000000  PA:1a10f010
15723164ns          282352 1c008d80 00000513 addi             x10, x0, 0          x10=00000000
15723184ns          282353 1c008d82 00008067 jalr             x0, x1, 0            x1:1c008e52
15723244ns          282356 1c008e52 31f52563 p.beqimm         x10, 778            x10:00000000
15723264ns          282357 1c008e56 001d8d93 addi             x27, x27, 1         x27=00000011 x27:00000010
15723284ns          282358 1c008e58 00044503 lbu              x10, 0(x8)          x10=00000063  x8:1c0000cd  PA:1c0000cd
15723602ns          282374 1c008e5c 00140413 addi             x8, x8, 1            x8=1c0000ce  x8:1c0000cd
15723622ns          282375 1c008e5e fe0514e3 bne              x10, x0, -24        x10:00000063
15723701ns          282379 1c008e46 02500793 addi             x15, x0, 37         x15=00000025
15723721ns          282380 1c008e4a 04f50863 beq              x10, x15, 80        x10:00000063 x15:00000025
15723741ns          282381 1c008e4e 01a005b3 add              x11, x0, x26        x11=00000002 x26:00000002
15723761ns          282382 1c008e50 000b00e7 jalr             x1, x22, 0           x1=1c008e52 x22:1c008d5c
15723801ns          282384 1c008d5c 000026b7 lui              x13, 0x2000         x13=00002000
15723821ns          282385 1c008d5e f14027f3 csrrs            x15, x0, 0xf14      x15=00000002
15723841ns          282386 1c008d62 f8068693 addi             x13, x13, -128      x13=00001f80 x13:00002000
15723860ns          282387 1c008d66 00379713 slli             x14, x15, 0x3       x14=00000010 x15:00000002
15723880ns          282388 1c008d6a 00279793 slli             x15, x15, 0x2       x15=00000008 x15:00000002
15723900ns          282389 1c008d6c 00d7f7b3 and              x15, x15, x13       x15=00000000 x15:00000008 x13:00001f80
15723920ns          282390 1c008d6e ee873733 p.bclr           x14, x14, 23, 8     x14=00000010 x14:00000010
15723940ns          282391 1c008d72 1a10f6b7 lui              x13, 0x1a10f000     x13=1a10f000
15723960ns          282392 1c008d76 0ff57513 andi             x10, x10, 255       x10=00000063 x10:00000063
15723980ns          282393 1c008d7a 00d70733 add              x14, x14, x13       x14=1a10f010 x14:00000010 x13:1a10f000
15724000ns          282394 1c008d7c 00a7e723 p.sw             x10, x0(x15)        x10:00000063 x15:00000000  PA:1a10f010
15724318ns          282410 1c008d80 00000513 addi             x10, x0, 0          x10=00000000
15724338ns          282411 1c008d82 00008067 jalr             x0, x1, 0            x1:1c008e52
15724398ns          282414 1c008e52 31f52563 p.beqimm         x10, 778            x10:00000000
15724417ns          282415 1c008e56 001d8d93 addi             x27, x27, 1         x27=00000012 x27:00000011
15724437ns          282416 1c008e58 00044503 lbu              x10, 0(x8)          x10=0000006f  x8:1c0000ce  PA:1c0000ce
15724736ns          282431 1c008e5c 00140413 addi             x8, x8, 1            x8=1c0000cf  x8:1c0000ce
15724756ns          282432 1c008e5e fe0514e3 bne              x10, x0, -24        x10:0000006f
15724835ns          282436 1c008e46 02500793 addi             x15, x0, 37         x15=00000025
15724855ns          282437 1c008e4a 04f50863 beq              x10, x15, 80        x10:0000006f x15:00000025
15724875ns          282438 1c008e4e 01a005b3 add              x11, x0, x26        x11=00000002 x26:00000002
15724895ns          282439 1c008e50 000b00e7 jalr             x1, x22, 0           x1=1c008e52 x22:1c008d5c
15724935ns          282441 1c008d5c 000026b7 lui              x13, 0x2000         x13=00002000
15724954ns          282442 1c008d5e f14027f3 csrrs            x15, x0, 0xf14      x15=00000002
15724974ns          282443 1c008d62 f8068693 addi             x13, x13, -128      x13=00001f80 x13:00002000
15724994ns          282444 1c008d66 00379713 slli             x14, x15, 0x3       x14=00000010 x15:00000002
15725014ns          282445 1c008d6a 00279793 slli             x15, x15, 0x2       x15=00000008 x15:00000002
15725034ns          282446 1c008d6c 00d7f7b3 and              x15, x15, x13       x15=00000000 x15:00000008 x13:00001f80
15725054ns          282447 1c008d6e ee873733 p.bclr           x14, x14, 23, 8     x14=00000010 x14:00000010
15725074ns          282448 1c008d72 1a10f6b7 lui              x13, 0x1a10f000     x13=1a10f000
15725094ns          282449 1c008d76 0ff57513 andi             x10, x10, 255       x10=0000006f x10:0000006f
15725114ns          282450 1c008d7a 00d70733 add              x14, x14, x13       x14=1a10f010 x14:00000010 x13:1a10f000
15725133ns          282451 1c008d7c 00a7e723 p.sw             x10, x0(x15)        x10:0000006f x15:00000000  PA:1a10f010
15725452ns          282467 1c008d80 00000513 addi             x10, x0, 0          x10=00000000
15725472ns          282468 1c008d82 00008067 jalr             x0, x1, 0            x1:1c008e52
15725531ns          282471 1c008e52 31f52563 p.beqimm         x10, 778            x10:00000000
15725551ns          282472 1c008e56 001d8d93 addi             x27, x27, 1         x27=00000013 x27:00000012
15725571ns          282473 1c008e58 00044503 lbu              x10, 0(x8)          x10=00000072  x8:1c0000cf  PA:1c0000cf
15725869ns          282488 1c008e5c 00140413 addi             x8, x8, 1            x8=1c0000d0  x8:1c0000cf
15725889ns          282489 1c008e5e fe0514e3 bne              x10, x0, -24        x10:00000072
15725969ns          282493 1c008e46 02500793 addi             x15, x0, 37         x15=00000025
15725989ns          282494 1c008e4a 04f50863 beq              x10, x15, 80        x10:00000072 x15:00000025
15726009ns          282495 1c008e4e 01a005b3 add              x11, x0, x26        x11=00000002 x26:00000002
15726029ns          282496 1c008e50 000b00e7 jalr             x1, x22, 0           x1=1c008e52 x22:1c008d5c
15726068ns          282498 1c008d5c 000026b7 lui              x13, 0x2000         x13=00002000
15726088ns          282499 1c008d5e f14027f3 csrrs            x15, x0, 0xf14      x15=00000002
15726108ns          282500 1c008d62 f8068693 addi             x13, x13, -128      x13=00001f80 x13:00002000
15726128ns          282501 1c008d66 00379713 slli             x14, x15, 0x3       x14=00000010 x15:00000002
15726148ns          282502 1c008d6a 00279793 slli             x15, x15, 0x2       x15=00000008 x15:00000002
15726168ns          282503 1c008d6c 00d7f7b3 and              x15, x15, x13       x15=00000000 x15:00000008 x13:00001f80
15726188ns          282504 1c008d6e ee873733 p.bclr           x14, x14, 23, 8     x14=00000010 x14:00000010
15726208ns          282505 1c008d72 1a10f6b7 lui              x13, 0x1a10f000     x13=1a10f000
15726227ns          282506 1c008d76 0ff57513 andi             x10, x10, 255       x10=00000072 x10:00000072
15726247ns          282507 1c008d7a 00d70733 add              x14, x14, x13       x14=1a10f010 x14:00000010 x13:1a10f000
15726267ns          282508 1c008d7c 00a7e723 p.sw             x10, x0(x15)        x10:00000072 x15:00000000  PA:1a10f010
15726585ns          282524 1c008d80 00000513 addi             x10, x0, 0          x10=00000000
15726605ns          282525 1c008d82 00008067 jalr             x0, x1, 0            x1:1c008e52
15726665ns          282528 1c008e52 31f52563 p.beqimm         x10, 778            x10:00000000
15726685ns          282529 1c008e56 001d8d93 addi             x27, x27, 1         x27=00000014 x27:00000013
15726705ns          282530 1c008e58 00044503 lbu              x10, 0(x8)          x10=00000065  x8:1c0000d0  PA:1c0000d0
15727003ns          282545 1c008e5c 00140413 addi             x8, x8, 1            x8=1c0000d1  x8:1c0000d0
15727023ns          282546 1c008e5e fe0514e3 bne              x10, x0, -24        x10:00000065
15727103ns          282550 1c008e46 02500793 addi             x15, x0, 37         x15=00000025
15727123ns          282551 1c008e4a 04f50863 beq              x10, x15, 80        x10:00000065 x15:00000025
15727142ns          282552 1c008e4e 01a005b3 add              x11, x0, x26        x11=00000002 x26:00000002
15727162ns          282553 1c008e50 000b00e7 jalr             x1, x22, 0           x1=1c008e52 x22:1c008d5c
15727202ns          282555 1c008d5c 000026b7 lui              x13, 0x2000         x13=00002000
15727222ns          282556 1c008d5e f14027f3 csrrs            x15, x0, 0xf14      x15=00000002
15727242ns          282557 1c008d62 f8068693 addi             x13, x13, -128      x13=00001f80 x13:00002000
15727262ns          282558 1c008d66 00379713 slli             x14, x15, 0x3       x14=00000010 x15:00000002
15727282ns          282559 1c008d6a 00279793 slli             x15, x15, 0x2       x15=00000008 x15:00000002
15727302ns          282560 1c008d6c 00d7f7b3 and              x15, x15, x13       x15=00000000 x15:00000008 x13:00001f80
15727321ns          282561 1c008d6e ee873733 p.bclr           x14, x14, 23, 8     x14=00000010 x14:00000010
15727341ns          282562 1c008d72 1a10f6b7 lui              x13, 0x1a10f000     x13=1a10f000
15727361ns          282563 1c008d76 0ff57513 andi             x10, x10, 255       x10=00000065 x10:00000065
15727381ns          282564 1c008d7a 00d70733 add              x14, x14, x13       x14=1a10f010 x14:00000010 x13:1a10f000
15727401ns          282565 1c008d7c 00a7e723 p.sw             x10, x0(x15)        x10:00000065 x15:00000000  PA:1a10f010
15727739ns          282582 1c008d80 00000513 addi             x10, x0, 0          x10=00000000
15727759ns          282583 1c008d82 00008067 jalr             x0, x1, 0            x1:1c008e52
15727819ns          282586 1c008e52 31f52563 p.beqimm         x10, 778            x10:00000000
15727839ns          282587 1c008e56 001d8d93 addi             x27, x27, 1         x27=00000015 x27:00000014
15727858ns          282588 1c008e58 00044503 lbu              x10, 0(x8)          x10=00000020  x8:1c0000d1  PA:1c0000d1
15728157ns          282603 1c008e5c 00140413 addi             x8, x8, 1            x8=1c0000d2  x8:1c0000d1
15728177ns          282604 1c008e5e fe0514e3 bne              x10, x0, -24        x10:00000020
15728256ns          282608 1c008e46 02500793 addi             x15, x0, 37         x15=00000025
15728276ns          282609 1c008e4a 04f50863 beq              x10, x15, 80        x10:00000020 x15:00000025
15728296ns          282610 1c008e4e 01a005b3 add              x11, x0, x26        x11=00000002 x26:00000002
15728316ns          282611 1c008e50 000b00e7 jalr             x1, x22, 0           x1=1c008e52 x22:1c008d5c
15728356ns          282613 1c008d5c 000026b7 lui              x13, 0x2000         x13=00002000
15728376ns          282614 1c008d5e f14027f3 csrrs            x15, x0, 0xf14      x15=00000002
15728396ns          282615 1c008d62 f8068693 addi             x13, x13, -128      x13=00001f80 x13:00002000
15728415ns          282616 1c008d66 00379713 slli             x14, x15, 0x3       x14=00000010 x15:00000002
15728435ns          282617 1c008d6a 00279793 slli             x15, x15, 0x2       x15=00000008 x15:00000002
15728455ns          282618 1c008d6c 00d7f7b3 and              x15, x15, x13       x15=00000000 x15:00000008 x13:00001f80
15728475ns          282619 1c008d6e ee873733 p.bclr           x14, x14, 23, 8     x14=00000010 x14:00000010
15728495ns          282620 1c008d72 1a10f6b7 lui              x13, 0x1a10f000     x13=1a10f000
15728515ns          282621 1c008d76 0ff57513 andi             x10, x10, 255       x10=00000020 x10:00000020
15728535ns          282622 1c008d7a 00d70733 add              x14, x14, x13       x14=1a10f010 x14:00000010 x13:1a10f000
15728555ns          282623 1c008d7c 00a7e723 p.sw             x10, x0(x15)        x10:00000020 x15:00000000  PA:1a10f010
15728893ns          282640 1c008d80 00000513 addi             x10, x0, 0          x10=00000000
15728913ns          282641 1c008d82 00008067 jalr             x0, x1, 0            x1:1c008e52
15728972ns          282644 1c008e52 31f52563 p.beqimm         x10, 778            x10:00000000
15728992ns          282645 1c008e56 001d8d93 addi             x27, x27, 1         x27=00000016 x27:00000015
15729012ns          282646 1c008e58 00044503 lbu              x10, 0(x8)          x10=00000020  x8:1c0000d2  PA:1c0000d2
15729311ns          282661 1c008e5c 00140413 addi             x8, x8, 1            x8=1c0000d3  x8:1c0000d2
15729330ns          282662 1c008e5e fe0514e3 bne              x10, x0, -24        x10:00000020
15729410ns          282666 1c008e46 02500793 addi             x15, x0, 37         x15=00000025
15729430ns          282667 1c008e4a 04f50863 beq              x10, x15, 80        x10:00000020 x15:00000025
15729450ns          282668 1c008e4e 01a005b3 add              x11, x0, x26        x11=00000002 x26:00000002
15729470ns          282669 1c008e50 000b00e7 jalr             x1, x22, 0           x1=1c008e52 x22:1c008d5c
15729509ns          282671 1c008d5c 000026b7 lui              x13, 0x2000         x13=00002000
15729529ns          282672 1c008d5e f14027f3 csrrs            x15, x0, 0xf14      x15=00000002
15729549ns          282673 1c008d62 f8068693 addi             x13, x13, -128      x13=00001f80 x13:00002000
15729569ns          282674 1c008d66 00379713 slli             x14, x15, 0x3       x14=00000010 x15:00000002
15729589ns          282675 1c008d6a 00279793 slli             x15, x15, 0x2       x15=00000008 x15:00000002
15729609ns          282676 1c008d6c 00d7f7b3 and              x15, x15, x13       x15=00000000 x15:00000008 x13:00001f80
15729629ns          282677 1c008d6e ee873733 p.bclr           x14, x14, 23, 8     x14=00000010 x14:00000010
15729649ns          282678 1c008d72 1a10f6b7 lui              x13, 0x1a10f000     x13=1a10f000
15729669ns          282679 1c008d76 0ff57513 andi             x10, x10, 255       x10=00000020 x10:00000020
15729688ns          282680 1c008d7a 00d70733 add              x14, x14, x13       x14=1a10f010 x14:00000010 x13:1a10f000
15729708ns          282681 1c008d7c 00a7e723 p.sw             x10, x0(x15)        x10:00000020 x15:00000000  PA:1a10f010
15730027ns          282697 1c008d80 00000513 addi             x10, x0, 0          x10=00000000
15730046ns          282698 1c008d82 00008067 jalr             x0, x1, 0            x1:1c008e52
15730106ns          282701 1c008e52 31f52563 p.beqimm         x10, 778            x10:00000000
15730126ns          282702 1c008e56 001d8d93 addi             x27, x27, 1         x27=00000017 x27:00000016
15730146ns          282703 1c008e58 00044503 lbu              x10, 0(x8)          x10=00000025  x8:1c0000d3  PA:1c0000d3
15730444ns          282718 1c008e5c 00140413 addi             x8, x8, 1            x8=1c0000d4  x8:1c0000d3
15730464ns          282719 1c008e5e fe0514e3 bne              x10, x0, -24        x10:00000025
15730544ns          282723 1c008e46 02500793 addi             x15, x0, 37         x15=00000025
15730564ns          282724 1c008e4a 04f50863 beq              x10, x15, 80        x10:00000025 x15:00000025
15730703ns          282731 1c008e9a 00044483 lbu              x9, 0(x8)            x9=00000064  x8:1c0000d4  PA:1c0000d4
15731021ns          282747 1c008e9e 02000693 addi             x13, x0, 32         x13=00000020
15731041ns          282748 1c008ea2 00140a93 addi             x21, x8, 1          x21=1c0000d5  x8:1c0000d4
15731061ns          282749 1c008ea6 009005b3 add              x11, x0, x9         x11=00000064  x9:00000064
15731081ns          282750 1c008ea8 0fcb8513 addi             x10, x23, 252       x10=1c0000fc x23:1c000000
15731101ns          282751 1c008eac 00d12823 sw               x13, 16(x2)         x13:00000020  x2:10001628  PA:10001638
15731121ns          282752 1c008eae 00012c23 sw               x0, 24(x2)           x2:10001628  PA:10001640
15731140ns          282753 1c008eb0 00012a23 sw               x0, 20(x2)           x2:10001628  PA:1000163c
15731160ns          282754 1c008eb2 00012e23 sw               x0, 28(x2)           x2:10001628  PA:10001644
15731180ns          282755 1c008eb4 00012623 sw               x0, 12(x2)           x2:10001628  PA:10001634
15731200ns          282756 1c008eb6 02300913 addi             x18, x0, 35         x18=00000023
15731220ns          282757 1c008eba 02d00a13 addi             x20, x0, 45         x20=0000002d
15731240ns          282758 1c008ebe 015009b3 add              x19, x0, x21        x19=1c0000d5 x21:1c0000d5
15731280ns          282760 1c008ec0 e1dff0ef jal              x1, -484             x1=1c008ec2
15731518ns          282772 1c008cdc 00054783 lbu              x15, 0(x10)         x15=0000002d x10:1c0000fc  PA:1c0000fc
15731896ns          282791 1c008ce0 0ff5f593 andi             x11, x11, 255       x11=00000064 x11:00000064
15731916ns          282792 1c008ce4 00b78c63 beq              x15, x11, 24        x15:0000002d x11:00000064
15731936ns          282793 1c008ce8 00078b63 beq              x15, x0, 22         x15:0000002d
15731956ns          282794 1c008cea 00150793 addi             x15, x10, 1         x15=1c0000fd x10:1c0000fc
15731976ns          282795 1c008cee 0040006f jal              x0, 4              
15732036ns          282798 1c008cf2 00f00533 add              x10, x0, x15        x10=1c0000fd x15:1c0000fd
15732055ns          282799 1c008cf4 0017c70b p.lbu            x14, 1(x15!)        x14=0000002b x15=1c0000fe x15:1c0000fd  PA:1c0000fd
15732394ns          282816 1c008cf8 feb71ce3 bne              x14, x11, -8        x14:0000002b x11:00000064
15732453ns          282819 1c008cf0 00070763 beq              x14, x0, 14         x14:0000002b
15732473ns          282820 1c008cf2 00f00533 add              x10, x0, x15        x10=1c0000fe x15:1c0000fe
15732493ns          282821 1c008cf4 0017c70b p.lbu            x14, 1(x15!)        x14=00000020 x15=1c0000ff x15:1c0000fe  PA:1c0000fe
15732811ns          282837 1c008cf8 feb71ce3 bne              x14, x11, -8        x14:00000020 x11:00000064
15732871ns          282840 1c008cf0 00070763 beq              x14, x0, 14         x14:00000020
15732891ns          282841 1c008cf2 00f00533 add              x10, x0, x15        x10=1c0000ff x15:1c0000ff
15732911ns          282842 1c008cf4 0017c70b p.lbu            x14, 1(x15!)        x14=00000023 x15=1c000100 x15:1c0000ff  PA:1c0000ff
15733229ns          282858 1c008cf8 feb71ce3 bne              x14, x11, -8        x14:00000023 x11:00000064
15733289ns          282861 1c008cf0 00070763 beq              x14, x0, 14         x14:00000023
15733309ns          282862 1c008cf2 00f00533 add              x10, x0, x15        x10=1c000100 x15:1c000100
15733328ns          282863 1c008cf4 0017c70b p.lbu            x14, 1(x15!)        x14=00000030 x15=1c000101 x15:1c000100  PA:1c000100
15733647ns          282879 1c008cf8 feb71ce3 bne              x14, x11, -8        x14:00000030 x11:00000064
15733706ns          282882 1c008cf0 00070763 beq              x14, x0, 14         x14:00000030
15733726ns          282883 1c008cf2 00f00533 add              x10, x0, x15        x10=1c000101 x15:1c000101
15733746ns          282884 1c008cf4 0017c70b p.lbu            x14, 1(x15!)        x14=00000000 x15=1c000102 x15:1c000101  PA:1c000101
15734064ns          282900 1c008cf8 feb71ce3 bne              x14, x11, -8        x14:00000000 x11:00000064
15734124ns          282903 1c008cf0 00070763 beq              x14, x0, 14         x14:00000000
15734204ns          282907 1c008cfe 0015b593 sltiu            x11, x11, 1         x11=00000000 x11:00000064
15734224ns          282908 1c008d02 40b005b3 sub              x11, x0, x11        x11=00000000 x11:00000000
15734243ns          282909 1c008d06 00b57533 and              x10, x10, x11       x10=00000000 x10:1c000101 x11:00000000
15734263ns          282910 1c008d08 00008067 jalr             x0, x1, 0            x1:1c008ec2
15734363ns          282915 1c008ec2 02050a63 beq              x10, x0, 52         x10:00000000
15734502ns          282922 1c008ef6 02a00613 addi             x12, x0, 42         x12=0000002a
15734522ns          282923 1c008efa 2ac48663 beq              x9, x12, 684         x9:00000064 x12:0000002a
15734582ns          282926 1c008efe fd048613 addi             x12, x9, -48        x12=00000034  x9:00000064
15734601ns          282927 1c008f02 00900593 addi             x11, x0, 9          x11=00000009
15734621ns          282928 1c008f04 00000913 addi             x18, x0, 0          x18=00000000
15734641ns          282929 1c008f06 28c5f063 bgeu             x11, x12, 640       x11:00000009 x12:00000034
15734661ns          282930 1c008f0a 02e00693 addi             x13, x0, 46         x13=0000002e
15734681ns          282931 1c008f0e fff00a13 addi             x20, x0, -1         x20=ffffffff
15734721ns          282933 1c008f10 2ed48363 beq              x9, x13, 742         x9:00000064 x13:0000002e
15734761ns          282935 1c008f14 1c0007b7 lui              x15, 0x1c000000     x15=1c000000
15734780ns          282936 1c008f18 009005b3 add              x11, x0, x9         x11=00000064  x9:00000064
15734800ns          282937 1c008f1a 10478513 addi             x10, x15, 260       x10=1c000104 x15:1c000000
15734820ns          282938 1c008f1e dbfff0ef jal              x1, -578             x1=1c008f20
15735198ns          282957 1c008cdc 00054783 lbu              x15, 0(x10)         x15=00000068 x10:1c000104  PA:1c000104
15735556ns          282975 1c008ce0 0ff5f593 andi             x11, x11, 255       x11=00000064 x11:00000064
15735576ns          282976 1c008ce4 00b78c63 beq              x15, x11, 24        x15:00000068 x11:00000064
15735596ns          282977 1c008ce8 00078b63 beq              x15, x0, 22         x15:00000068
15735616ns          282978 1c008cea 00150793 addi             x15, x10, 1         x15=1c000105 x10:1c000104
15735636ns          282979 1c008cee 0040006f jal              x0, 4              
15735676ns          282981 1c008cf2 00f00533 add              x10, x0, x15        x10=1c000105 x15:1c000105
15735695ns          282982 1c008cf4 0017c70b p.lbu            x14, 1(x15!)        x14=0000006c x15=1c000106 x15:1c000105  PA:1c000105
15736014ns          282998 1c008cf8 feb71ce3 bne              x14, x11, -8        x14:0000006c x11:00000064
15736073ns          283001 1c008cf0 00070763 beq              x14, x0, 14         x14:0000006c
15736093ns          283002 1c008cf2 00f00533 add              x10, x0, x15        x10=1c000106 x15:1c000106
15736113ns          283003 1c008cf4 0017c70b p.lbu            x14, 1(x15!)        x14=0000004c x15=1c000107 x15:1c000106  PA:1c000106
15736431ns          283019 1c008cf8 feb71ce3 bne              x14, x11, -8        x14:0000004c x11:00000064
15736491ns          283022 1c008cf0 00070763 beq              x14, x0, 14         x14:0000004c
15736511ns          283023 1c008cf2 00f00533 add              x10, x0, x15        x10=1c000107 x15:1c000107
15736531ns          283024 1c008cf4 0017c70b p.lbu            x14, 1(x15!)        x14=0000007a x15=1c000108 x15:1c000107  PA:1c000107
15736849ns          283040 1c008cf8 feb71ce3 bne              x14, x11, -8        x14:0000007a x11:00000064
15736909ns          283043 1c008cf0 00070763 beq              x14, x0, 14         x14:0000007a
15736929ns          283044 1c008cf2 00f00533 add              x10, x0, x15        x10=1c000108 x15:1c000108
15736949ns          283045 1c008cf4 0017c70b p.lbu            x14, 1(x15!)        x14=00000000 x15=1c000109 x15:1c000108  PA:1c000108
15737267ns          283061 1c008cf8 feb71ce3 bne              x14, x11, -8        x14:00000000 x11:00000064
15737326ns          283064 1c008cf0 00070763 beq              x14, x0, 14         x14:00000000
15737406ns          283068 1c008cfe 0015b593 sltiu            x11, x11, 1         x11=00000000 x11:00000064
15737426ns          283069 1c008d02 40b005b3 sub              x11, x0, x11        x11=00000000 x11:00000000
15737446ns          283070 1c008d06 00b57533 and              x10, x10, x11       x10=00000000 x10:1c000108 x11:00000000
15737466ns          283071 1c008d08 00008067 jalr             x0, x1, 0            x1:1c008f20
15737506ns          283073 1c008f20 01300433 add              x8, x0, x19          x8=1c0000d5 x19:1c0000d5
15737525ns          283074 1c008f22 00050563 beq              x10, x0, 10         x10:00000000
15737585ns          283077 1c008f2c 06700693 addi             x13, x0, 103        x13=00000067
15737645ns          283080 1c008f30 2896d963 bge              x13, x9, 658        x13:00000067  x9:00000064
15737784ns          283087 1c0091c2 06500693 addi             x13, x0, 101        x13=00000065
15737804ns          283088 1c0091c6 12d4d563 bge              x9, x13, 298         x9:00000064 x13:00000065
15737824ns          283089 1c0091ca 04700693 addi             x13, x0, 71         x13=00000047
15737883ns          283092 1c0091ce dc96cbe3 blt              x13, x9, -554       x13:00000047  x9:00000064
15737983ns          283097 1c008fa4 06300693 addi             x13, x0, 99         x13=00000063
15738023ns          283099 1c008fa8 0ad488e3 beq              x9, x13, 2224        x9:00000064 x13:00000063
15738043ns          283100 1c008fac 0096c9e3 blt              x13, x9, 2066       x13:00000063  x9:00000064
15738281ns          283112 1c0097be 000c2583 lw               x11, 0(x24)         x11=00000002 x24:1000177c  PA:1000177c
15738301ns          283113 1c0097c2 004c0c13 addi             x24, x24, 4         x24=10001780 x24:1000177c
15738321ns          283114 1c0097c4 3405cc63 blt              x11, x0, 856        x11:00000002
15738341ns          283115 1c0097c8 01412603 lw               x12, 20(x2)         x12=00000000  x2:10001628  PA:1000163c
15738361ns          283116 1c0097ca 00b006b3 add              x13, x0, x11        x13=00000002 x11:00000002
15738381ns          283117 1c0097cc 2e061863 bne              x12, x0, 752        x12:00000000
15738420ns          283119 1c0097d0 01812703 lw               x14, 24(x2)         x14=00000000  x2:10001628  PA:10001640
15738440ns          283120 1c0097d2 019007b3 add              x15, x0, x25        x15=1000164c x25:1000164c
15738460ns          283121 1c0097d4 00070763 beq              x14, x0, 14         x14:00000000
15738560ns          283126 1c0097e2 00f00733 add              x14, x0, x15        x14=1000164c x15:1000164c
15738599ns          283128 1c0097e4 00a00513 addi             x10, x0, 10         x10=0000000a
15738619ns          283129 1c0097e6 02a6f633 remu             x12, x13, x10       x12=00000002 x13:00000002 x10:0000000a
15739236ns          283160 1c0097ea 02a6d6b3 divu             x13, x13, x10       x13=00000000 x13:00000002 x10:0000000a
15739853ns          283191 1c0097ee 03060613 addi             x12, x12, 48        x12=00000032 x12:00000002
15739873ns          283192 1c0097f2 00c700ab p.sb             x12, 1(x14!)        x14=1000164d x12:00000032 x14:1000164c  PA:1000164c
15739892ns          283193 1c0097f6 fe0698e3 bne              x13, x0, -16        x13:00000000
15739912ns          283194 1c0097f8 40f706b3 sub              x13, x14, x15       x13=00000001 x14:1000164d x15:1000164c
15739932ns          283195 1c0097fc 0146dc63 bge              x13, x20, 24        x13:00000001 x20:ffffffff
15740052ns          283201 1c009814 00e006b3 add              x13, x0, x14        x13=1000164d x14:1000164d
15740091ns          283203 1c009816 fe068fab p.sb             x0, -1(x13!)        x13=1000164c x13:1000164d  PA:1000164d
15740111ns          283204 1c00981a 00d7fc63 bgeu             x15, x13, 24        x15:1000164c x13:1000164c
15740250ns          283211 1c009832 01412783 lw               x15, 20(x2)         x15=00000000  x2:10001628  PA:1000163c
15740290ns          283213 1c009834 01812603 lw               x12, 24(x2)         x12=00000000  x2:10001628  PA:10001640
15740310ns          283214 1c009836 419704b3 sub              x9, x14, x25         x9=00000001 x14:1000164d x25:1000164c
15740330ns          283215 1c00983a 00c7e7b3 or               x15, x15, x12       x15=00000000 x15:00000000 x12:00000000
15740350ns          283216 1c00983c 00f12623 sw               x15, 12(x2)         x15:00000000  x2:10001628  PA:10001634
15740370ns          283217 1c00983e 00079363 bne              x15, x0, 6          x15:00000000
15740390ns          283218 1c009840 01f5d593 srli             x11, x11, 0x1f      x11=00000000 x11:00000002
15740410ns          283219 1c009842 00b12623 sw               x11, 12(x2)         x11:00000000  x2:10001628  PA:10001634
15740429ns          283220 1c009844 e3fa28e3 p.beqimm         x20, -464           x20:ffffffff
15740529ns          283225 1c009674 0c800793 addi             x15, x0, 200        x15=000000c8
15740569ns          283227 1c009678 9e97d0e3 bge              x15, x9, -1568      x15:000000c8  x9:00000001
15740728ns          283235 1c009058 0f24d163 bge              x9, x18, 226         x9:00000001 x18:00000000
15740867ns          283242 1c00913a d00482e3 beq              x9, x0, -764         x9:00000001
15740887ns          283243 1c00913e 01900933 add              x18, x0, x25        x18=1000164c x25:1000164c
15740927ns          283245 1c009140 419d8db3 sub              x27, x27, x25       x27=efffe9cb x27:00000017 x25:1000164c
15740966ns          283247 1c009144 00a0006f jal              x0, 10             
15741066ns          283252 1c00914e 0019450b p.lbu            x10, 1(x18!)        x10=00000032 x18=1000164d x18:1000164c  PA:1000164c
15741086ns          283253 1c009152 01a005b3 add              x11, x0, x26        x11=00000002 x26:00000002
15741106ns          283254 1c009154 000b00e7 jalr             x1, x22, 0           x1=1c009156 x22:1c008d5c
15741185ns          283258 1c008d5c 000026b7 lui              x13, 0x2000         x13=00002000
15741265ns          283262 1c008d5e f14027f3 csrrs            x15, x0, 0xf14      x15=00000002
15741305ns          283264 1c008d62 f8068693 addi             x13, x13, -128      x13=00001f80 x13:00002000
15741325ns          283265 1c008d66 00379713 slli             x14, x15, 0x3       x14=00000010 x15:00000002
15741344ns          283266 1c008d6a 00279793 slli             x15, x15, 0x2       x15=00000008 x15:00000002
15741364ns          283267 1c008d6c 00d7f7b3 and              x15, x15, x13       x15=00000000 x15:00000008 x13:00001f80
15741404ns          283269 1c008d6e ee873733 p.bclr           x14, x14, 23, 8     x14=00000010 x14:00000010
15741444ns          283271 1c008d72 1a10f6b7 lui              x13, 0x1a10f000     x13=1a10f000
15741464ns          283272 1c008d76 0ff57513 andi             x10, x10, 255       x10=00000032 x10:00000032
15741484ns          283273 1c008d7a 00d70733 add              x14, x14, x13       x14=1a10f010 x14:00000010 x13:1a10f000
15741504ns          283274 1c008d7c 00a7e723 p.sw             x10, x0(x15)        x10:00000032 x15:00000000  PA:1a10f010
15741842ns          283291 1c008d80 00000513 addi             x10, x0, 0          x10=00000000
15741862ns          283292 1c008d82 00008067 jalr             x0, x1, 0            x1:1c009156
15741901ns          283294 1c009156 fff48493 addi             x9, x9, -1           x9=00000000  x9:00000001
15741921ns          283295 1c009158 fff537e3 p.bneimm         x10, -18            x10:00000000
15742060ns          283302 1c009146 012d8733 add              x14, x27, x18       x14=00000018 x27:efffe9cb x18:1000164d
15742080ns          283303 1c00914a 5a048b63 beq              x9, x0, 1462         x9:00000000
15742180ns          283308 1c009700 00e00db3 add              x27, x0, x14        x27=00000018 x14:00000018
15742220ns          283310 1c009702 f3cff06f jal              x0, -2244          
15742319ns          283315 1c008e3e 00044503 lbu              x10, 0(x8)          x10=0000000a  x8:1c0000d5  PA:1c0000d5
15742617ns          283330 1c008e42 00140413 addi             x8, x8, 1            x8=1c0000d6  x8:1c0000d5
15742637ns          283331 1c008e44 00050e63 beq              x10, x0, 28         x10:0000000a
15742657ns          283332 1c008e46 02500793 addi             x15, x0, 37         x15=00000025
15742677ns          283333 1c008e4a 04f50863 beq              x10, x15, 80        x10:0000000a x15:00000025
15742697ns          283334 1c008e4e 01a005b3 add              x11, x0, x26        x11=00000002 x26:00000002
15742717ns          283335 1c008e50 000b00e7 jalr             x1, x22, 0           x1=1c008e52 x22:1c008d5c
15742757ns          283337 1c008d5c 000026b7 lui              x13, 0x2000         x13=00002000
15742816ns          283340 1c008d5e f14027f3 csrrs            x15, x0, 0xf14      x15=00000002
15742856ns          283342 1c008d62 f8068693 addi             x13, x13, -128      x13=00001f80 x13:00002000
15742876ns          283343 1c008d66 00379713 slli             x14, x15, 0x3       x14=00000010 x15:00000002
15742896ns          283344 1c008d6a 00279793 slli             x15, x15, 0x2       x15=00000008 x15:00000002
15742916ns          283345 1c008d6c 00d7f7b3 and              x15, x15, x13       x15=00000000 x15:00000008 x13:00001f80
15742936ns          283346 1c008d6e ee873733 p.bclr           x14, x14, 23, 8     x14=00000010 x14:00000010
15742956ns          283347 1c008d72 1a10f6b7 lui              x13, 0x1a10f000     x13=1a10f000
15742975ns          283348 1c008d76 0ff57513 andi             x10, x10, 255       x10=0000000a x10:0000000a
15742995ns          283349 1c008d7a 00d70733 add              x14, x14, x13       x14=1a10f010 x14:00000010 x13:1a10f000
15743015ns          283350 1c008d7c 00a7e723 p.sw             x10, x0(x15)        x10:0000000a x15:00000000  PA:1a10f010
15743333ns          283366 1c008d80 00000513 addi             x10, x0, 0          x10=00000000
15743353ns          283367 1c008d82 00008067 jalr             x0, x1, 0            x1:1c008e52
15743413ns          283370 1c008e52 31f52563 p.beqimm         x10, 778            x10:00000000
15743433ns          283371 1c008e56 001d8d93 addi             x27, x27, 1         x27=00000019 x27:00000018
15743453ns          283372 1c008e58 00044503 lbu              x10, 0(x8)          x10=00000000  x8:1c0000d6  PA:1c0000d6
15743751ns          283387 1c008e5c 00140413 addi             x8, x8, 1            x8=1c0000d7  x8:1c0000d6
15743771ns          283388 1c008e5e fe0514e3 bne              x10, x0, -24        x10:00000000
15743791ns          283389 1c008e60 01b00433 add              x8, x0, x27          x8=00000019 x27:00000019
15743811ns          283390 1c008e62 00800533 add              x10, x0, x8         x10=00000019  x8:00000019
15743831ns          283391 1c008e64 12c12083 lw               x1, 300(x2)          x1=1c008df0  x2:10001628  PA:10001754
15743851ns          283392 1c008e68 12812403 lw               x8, 296(x2)          x8=457b3bee  x2:10001628  PA:10001750
15743871ns          283393 1c008e6c 12412483 lw               x9, 292(x2)          x9=457b3c95  x2:10001628  PA:1000174c
15743910ns          283395 1c008e70 12012903 lw               x18, 288(x2)        x18=1c010028  x2:10001628  PA:10001748
15743950ns          283397 1c008e74 11c12983 lw               x19, 284(x2)        x19=457b3b4b  x2:10001628  PA:10001744
15743970ns          283398 1c008e78 11812a03 lw               x20, 280(x2)        x20=455626a8  x2:10001628  PA:10001740
15743990ns          283399 1c008e7c 11412a83 lw               x21, 276(x2)        x21=45562590  x2:10001628  PA:1000173c
15744050ns          283402 1c008e80 11012b03 lw               x22, 272(x2)        x22=410b8e90  x2:10001628  PA:10001738
15744089ns          283404 1c008e84 10c12b83 lw               x23, 268(x2)        x23=411c621a  x2:10001628  PA:10001734
15744129ns          283406 1c008e88 10812c03 lw               x24, 264(x2)        x24=435e7575  x2:10001628  PA:10001730
15744149ns          283407 1c008e8c 10412c83 lw               x25, 260(x2)        x25=4342c500  x2:10001628  PA:1000172c
15744189ns          283409 1c008e90 10012d03 lw               x26, 256(x2)        x26=xxxxxxxx  x2:10001628  PA:10001728
15744229ns          283411 1c008e94 0fc12d83 lw               x27, 252(x2)        x27=xxxxxxxx  x2:10001628  PA:10001724
15744248ns          283412 1c008e96 13010113 addi             x2, x2, 304          x2=10001758  x2:10001628
15744268ns          283413 1c008e98 00008067 jalr             x0, x1, 0            x1:1c008df0
15744408ns          283420 1c008df0 01c12083 lw               x1, 28(x2)           x1=1c008694  x2:10001758  PA:10001774
15744427ns          283421 1c008df2 04010113 addi             x2, x2, 64           x2=10001798  x2:10001758
15744467ns          283423 1c008df4 00008067 jalr             x0, x1, 0            x1:1c008694
15744547ns          283427 1c008694 00100513 addi             x10, x0, 1          x10=00000001
15744567ns          283428 1c008696 05c12083 lw               x1, 92(x2)           x1=1c00a08e  x2:10001798  PA:100017f4
15744587ns          283429 1c008698 05812403 lw               x8, 88(x2)           x8=xxxxxxxx  x2:10001798  PA:100017f0
15744607ns          283430 1c00869a 05412483 lw               x9, 84(x2)           x9=xxxxxxxx  x2:10001798  PA:100017ec
15744626ns          283431 1c00869c 05012903 lw               x18, 80(x2)         x18=xxxxxxxx  x2:10001798  PA:100017e8
15744646ns          283432 1c00869e 04c12983 lw               x19, 76(x2)         x19=xxxxxxxx  x2:10001798  PA:100017e4
15744805ns          283440 1c0086a0 04812a03 lw               x20, 72(x2)         x20=xxxxxxxx  x2:10001798  PA:100017e0
15744825ns          283441 1c0086a2 04412a83 lw               x21, 68(x2)         x21=xxxxxxxx  x2:10001798  PA:100017dc
15744845ns          283442 1c0086a4 04012b03 lw               x22, 64(x2)         x22=xxxxxxxx  x2:10001798  PA:100017d8
15744865ns          283443 1c0086a6 03c12b83 lw               x23, 60(x2)         x23=xxxxxxxx  x2:10001798  PA:100017d4
15744885ns          283444 1c0086a8 03812c03 lw               x24, 56(x2)         x24=xxxxxxxx  x2:10001798  PA:100017d0
15744905ns          283445 1c0086aa 03412c83 lw               x25, 52(x2)         x25=xxxxxxxx  x2:10001798  PA:100017cc
15744925ns          283446 1c0086ac 00154513 xori             x10, x10, 1         x10=00000000 x10:00000001
15745342ns          283467 1c0086b0 06010113 addi             x2, x2, 96           x2=100017f8  x2:10001798
15745362ns          283468 1c0086b2 00008067 jalr             x0, x1, 0            x1:1c00a08e
15745521ns          283476 1c00a08e f14027f3 csrrs            x15, x0, 0xf14      x15=00000002
15745561ns          283478 1c00a092 f457b7b3 p.bclr           x15, x15, 26, 5     x15=00000002 x15:00000002
15745581ns          283479 1c00a096 00079963 bne              x15, x0, 18         x15:00000002
15746059ns          283503 1c00a0a8 002047b7 lui              x15, 0x204000       x15=00204000
15746078ns          283504 1c00a0ac fff00713 addi             x14, x0, -1         x14=ffffffff
15746098ns          283505 1c00a0ae 00e7a223 sw               x14, 4(x15)         x14:ffffffff x15:00204000  PA:00204004
