                Time          Cycles PC       Instr    Mnemonic
14929344ns          242443 1c008080 0640006f jal              x0, 100            
14929802ns          242466 1c0080e4 f1402573 csrrs            x10, x0, 0xf14      x10=00000001
14929842ns          242468 1c0080e8 01f57593 andi             x11, x10, 31        x11=00000001 x10:00000001
14929861ns          242469 1c0080ec 00555513 srli             x10, x10, 0x5       x10=00000000 x10:00000001
14929881ns          242470 1c0080ee 01f00613 addi             x12, x0, 31         x12=0000001f
14930319ns          242492 1c0080f0 00c50463 beq              x10, x12, 8         x10:00000000 x12:0000001f
14930359ns          242494 1c0080f4 fa1ff06f jal              x0, -96            
14930816ns          242517 1c008094 f3ff8117 auipc            x2, 0xf3ff8000       x2=10000094
14930856ns          242519 1c008098 f7010113 addi             x2, x2, -144         x2=10000004  x2:10000094
14930876ns          242520 1c00809c 00012103 lw               x2, 0(x2)            x2=10000008  x2:10000004  PA:10000004
14931313ns          242542 1c0080a0 000011b7 lui              x3, 0x1000           x3=00001000
14931353ns          242544 1c0080a4 80018193 addi             x3, x3, -2048        x3=00000800  x3:00001000
14931373ns          242545 1c0080a8 00158593 addi             x11, x11, 1         x11=00000002 x11:00000001
14931393ns          242546 1c0080ac 02b180b3 mul              x1, x3, x11          x1=00001000  x3:00000800 x11:00000002
14931831ns          242568 1c0080b0 00110133 add              x2, x2, x1           x2=10001008  x2:10000008  x1:00001000
14931870ns          242570 1c0080b4 7b50106f jal              x0, 8116           
14932328ns          242593 1c00a068 ff010113 addi             x2, x2, -16          x2=10000ff8  x2:10001008
14932348ns          242594 1c00a06a 00112623 sw               x1, 12(x2)           x1:00001000  x2:10000ff8  PA:10001004
14932368ns          242595 1c00a06c 002047b7 lui              x15, 0x204000       x15=00204000
14932825ns          242618 1c00a070 00070737 lui              x14, 0x70000        x14=00070000
14932865ns          242620 1c00a074 00e7a423 sw               x14, 8(x15)         x14:00070000 x15:00204000  PA:00204008
14932885ns          242621 1c00a076 00f00713 addi             x14, x0, 15         x14=0000000f
14932905ns          242622 1c00a078 20078793 addi             x15, x15, 512       x15=00204200 x15:00204000
14932925ns          242623 1c00a07c 00e7a023 sw               x14, 0(x15)         x14:0000000f x15:00204200  PA:00204200
14933342ns          242644 1c00a080 00e7a623 sw               x14, 12(x15)        x14:0000000f x15:00204200  PA:0020420c
14933382ns          242646 1c00a084 1c0017b7 lui              x15, 0x1c001000     x15=1c001000
14933402ns          242647 1c00a088 a947a783 lw               x15, -1388(x15)     x15=1c00813e x15:1c001000  PA:1c000a94
14933859ns          242670 1c00a08c 000780e7 jalr             x1, x15, 0           x1=1c00a08e x15:1c00813e
14934337ns          242694 1c00813e fa010113 addi             x2, x2, -96          x2=10000f98  x2:10000ff8
14934794ns          242717 1c008140 04812c23 sw               x8, 88(x2)           x8:xxxxxxxx  x2:10000f98  PA:10000ff0
14934814ns          242718 1c008142 04112e23 sw               x1, 92(x2)           x1:1c00a08e  x2:10000f98  PA:10000ff4
14934834ns          242719 1c008144 f1402473 csrrs            x8, x0, 0xf14        x8=00000001
14934854ns          242720 1c008148 04912a23 sw               x9, 84(x2)           x9:xxxxxxxx  x2:10000f98  PA:10000fec
14934874ns          242721 1c00814a 05212823 sw               x18, 80(x2)         x18:xxxxxxxx  x2:10000f98  PA:10000fe8
14934894ns          242722 1c00814c 05312623 sw               x19, 76(x2)         x19:xxxxxxxx  x2:10000f98  PA:10000fe4
14934914ns          242723 1c00814e 05412423 sw               x20, 72(x2)         x20:xxxxxxxx  x2:10000f98  PA:10000fe0
14935311ns          242743 1c008150 05512223 sw               x21, 68(x2)         x21:xxxxxxxx  x2:10000f98  PA:10000fdc
14935331ns          242744 1c008152 05612023 sw               x22, 64(x2)         x22:xxxxxxxx  x2:10000f98  PA:10000fd8
14935351ns          242745 1c008154 03712e23 sw               x23, 60(x2)         x23:xxxxxxxx  x2:10000f98  PA:10000fd4
14935371ns          242746 1c008156 03812c23 sw               x24, 56(x2)         x24:xxxxxxxx  x2:10000f98  PA:10000fd0
14935391ns          242747 1c008158 03912a23 sw               x25, 52(x2)         x25:xxxxxxxx  x2:10000f98  PA:10000fcc
14935411ns          242748 1c00815a ca5417b3 p.extractu       x15, x8, 5, 5       x15=00000000  x8:00000001
14935829ns          242769 1c00815e 54079b63 bne              x15, x0, 1366       x15:00000000
14935868ns          242771 1c008162 f4543433 p.bclr           x8, x8, 26, 5        x8=00000001  x8:00000001
14935888ns          242772 1c008166 1c000537 lui              x10, 0x1c000000     x10=1c000000
14935908ns          242773 1c00816a 00800633 add              x12, x0, x8         x12=00000001  x8:00000001
14935928ns          242774 1c00816c 00100593 addi             x11, x0, 1          x11=00000001
14936346ns          242795 1c00816e 02450513 addi             x10, x10, 36        x10=1c000024 x10:1c000000
14936386ns          242797 1c008172 457000ef jal              x1, 3158             x1=1c008176
14936863ns          242821 1c008dc8 fc010113 addi             x2, x2, -64          x2=10000f58  x2:10000f98
14936903ns          242823 1c008dca 02410313 addi             x6, x2, 36           x6=10000f7c  x2:10000f58
14936923ns          242824 1c008dce 02c12423 sw               x12, 40(x2)         x12:00000001  x2:10000f58  PA:10000f80
14937340ns          242845 1c008dd0 00a00633 add              x12, x0, x10        x12=1c000024 x10:1c000024
14937380ns          242847 1c008dd2 1c009537 lui              x10, 0x1c009000     x10=1c009000
14937400ns          242848 1c008dd6 02b12223 sw               x11, 36(x2)         x11:00000001  x2:10000f58  PA:10000f7c
14937420ns          242849 1c008dd8 02d12623 sw               x13, 44(x2)         x13:xxxxxxxx  x2:10000f58  PA:10000f84
14937440ns          242850 1c008dda 00200593 addi             x11, x0, 2          x11=00000002
14937460ns          242851 1c008ddc 006006b3 add              x13, x0, x6         x13=10000f7c  x6:10000f7c
14937857ns          242871 1c008dde d5c50513 addi             x10, x10, -676      x10=1c008d5c x10:1c009000
14937877ns          242872 1c008de2 00112e23 sw               x1, 28(x2)           x1:1c008176  x2:10000f58  PA:10000f74
14937897ns          242873 1c008de4 02e12823 sw               x14, 48(x2)         x14:0000000f  x2:10000f58  PA:10000f88
14937917ns          242874 1c008de6 02f12a23 sw               x15, 52(x2)         x15:00000000  x2:10000f58  PA:10000f8c
14937937ns          242875 1c008de8 03012c23 sw               x16, 56(x2)         x16:xxxxxxxx  x2:10000f58  PA:10000f90
14937957ns          242876 1c008dea 03112e23 sw               x17, 60(x2)         x17:xxxxxxxx  x2:10000f58  PA:10000f94
14937977ns          242877 1c008dec 00612623 sw               x6, 12(x2)           x6:10000f7c  x2:10000f58  PA:10000f64
14937997ns          242878 1c008dee fbfff0ef jal              x1, -66              x1=1c008df0
14938832ns          242920 1c008dac 04a0006f jal              x0, 74             
14938872ns          242922 1c008df6 ed010113 addi             x2, x2, -304         x2=10000e28  x2:10000f58
14938892ns          242923 1c008df8 12812423 sw               x8, 296(x2)          x8:00000001  x2:10000e28  PA:10000f50
14938912ns          242924 1c008dfc 00000413 addi             x8, x0, 0            x8=00000000
14939349ns          242946 1c008dfe 11612823 sw               x22, 272(x2)        x22:xxxxxxxx  x2:10000e28  PA:10000f38
14939389ns          242948 1c008e02 11712623 sw               x23, 268(x2)        x23:xxxxxxxx  x2:10000e28  PA:10000f34
14939409ns          242949 1c008e06 11812423 sw               x24, 264(x2)        x24:xxxxxxxx  x2:10000e28  PA:10000f30
14939429ns          242950 1c008e0a 11912223 sw               x25, 260(x2)        x25:xxxxxxxx  x2:10000e28  PA:10000f2c
14939866ns          242972 1c008e0e 11a12023 sw               x26, 256(x2)        x26:xxxxxxxx  x2:10000e28  PA:10000f28
14939886ns          242973 1c008e12 0fb12e23 sw               x27, 252(x2)        x27:xxxxxxxx  x2:10000e28  PA:10000f24
14939906ns          242974 1c008e14 12112623 sw               x1, 300(x2)          x1:1c008df0  x2:10000e28  PA:10000f54
14939926ns          242975 1c008e18 00800db3 add              x27, x0, x8         x27=00000000  x8:00000000
14939946ns          242976 1c008e1a 12912223 sw               x9, 292(x2)          x9:xxxxxxxx  x2:10000e28  PA:10000f4c
14940384ns          242998 1c008e1e 13212023 sw               x18, 288(x2)        x18:xxxxxxxx  x2:10000e28  PA:10000f48
14940423ns          243000 1c008e22 11312e23 sw               x19, 284(x2)        x19:xxxxxxxx  x2:10000e28  PA:10000f44
14940443ns          243001 1c008e26 11412c23 sw               x20, 280(x2)        x20:xxxxxxxx  x2:10000e28  PA:10000f40
14940463ns          243002 1c008e2a 11512a23 sw               x21, 276(x2)        x21:xxxxxxxx  x2:10000e28  PA:10000f3c
14940483ns          243003 1c008e2e 00a00b33 add              x22, x0, x10        x22=1c008d5c x10:1c008d5c
14940921ns          243025 1c008e30 00b00d33 add              x26, x0, x11        x26=00000002 x11:00000002
14940941ns          243026 1c008e32 00d00c33 add              x24, x0, x13        x24=10000f7c x13:10000f7c
14940960ns          243027 1c008e34 1c000bb7 lui              x23, 0x1c000000     x23=1c000000
14940980ns          243028 1c008e38 02410c93 addi             x25, x2, 36         x25=10000e4c  x2:10000e28
14941000ns          243029 1c008e3c 00c00433 add              x8, x0, x12          x8=1c000024 x12:1c000024
14941438ns          243051 1c008e3e 00044503 lbu              x10, 0(x8)          x10=00000073  x8:1c000024  PA:1c000024
14941736ns          243066 1c008e42 00140413 addi             x8, x8, 1            x8=1c000025  x8:1c000024
14941756ns          243067 1c008e44 00050e63 beq              x10, x0, 28         x10:00000073
14941776ns          243068 1c008e46 02500793 addi             x15, x0, 37         x15=00000025
14941796ns          243069 1c008e4a 04f50863 beq              x10, x15, 80        x10:00000073 x15:00000025
14941816ns          243070 1c008e4e 01a005b3 add              x11, x0, x26        x11=00000002 x26:00000002
14941975ns          243078 1c008e50 000b00e7 jalr             x1, x22, 0           x1=1c008e52 x22:1c008d5c
14942472ns          243103 1c008d5c 000026b7 lui              x13, 0x2000         x13=00002000
14942930ns          243126 1c008d5e f14027f3 csrrs            x15, x0, 0xf14      x15=00000001
14942969ns          243128 1c008d62 f8068693 addi             x13, x13, -128      x13=00001f80 x13:00002000
14942989ns          243129 1c008d66 00379713 slli             x14, x15, 0x3       x14=00000008 x15:00000001
14943009ns          243130 1c008d6a 00279793 slli             x15, x15, 0x2       x15=00000004 x15:00000001
14943029ns          243131 1c008d6c 00d7f7b3 and              x15, x15, x13       x15=00000000 x15:00000004 x13:00001f80
14943467ns          243153 1c008d6e ee873733 p.bclr           x14, x14, 23, 8     x14=00000008 x14:00000008
14943506ns          243155 1c008d72 1a10f6b7 lui              x13, 0x1a10f000     x13=1a10f000
14943526ns          243156 1c008d76 0ff57513 andi             x10, x10, 255       x10=00000073 x10:00000073
14943546ns          243157 1c008d7a 00d70733 add              x14, x14, x13       x14=1a10f008 x14:00000008 x13:1a10f000
14943566ns          243158 1c008d7c 00a7e723 p.sw             x10, x0(x15)        x10:00000073 x15:00000000  PA:1a10f008
14943984ns          243179 1c008d80 00000513 addi             x10, x0, 0          x10=00000000
14944004ns          243180 1c008d82 00008067 jalr             x0, x1, 0            x1:1c008e52
14944063ns          243183 1c008e52 31f52563 p.beqimm         x10, 778            x10:00000000
14944083ns          243184 1c008e56 001d8d93 addi             x27, x27, 1         x27=00000001 x27:00000000
14944103ns          243185 1c008e58 00044503 lbu              x10, 0(x8)          x10=00000074  x8:1c000025  PA:1c000025
14944561ns          243208 1c008e5c 00140413 addi             x8, x8, 1            x8=1c000026  x8:1c000025
14944581ns          243209 1c008e5e fe0514e3 bne              x10, x0, -24        x10:00000074
14944660ns          243213 1c008e46 02500793 addi             x15, x0, 37         x15=00000025
14944680ns          243214 1c008e4a 04f50863 beq              x10, x15, 80        x10:00000074 x15:00000025
14944700ns          243215 1c008e4e 01a005b3 add              x11, x0, x26        x11=00000002 x26:00000002
14944720ns          243216 1c008e50 000b00e7 jalr             x1, x22, 0           x1=1c008e52 x22:1c008d5c
14944760ns          243218 1c008d5c 000026b7 lui              x13, 0x2000         x13=00002000
14944779ns          243219 1c008d5e f14027f3 csrrs            x15, x0, 0xf14      x15=00000001
14944799ns          243220 1c008d62 f8068693 addi             x13, x13, -128      x13=00001f80 x13:00002000
14944819ns          243221 1c008d66 00379713 slli             x14, x15, 0x3       x14=00000008 x15:00000001
14944839ns          243222 1c008d6a 00279793 slli             x15, x15, 0x2       x15=00000004 x15:00000001
14944859ns          243223 1c008d6c 00d7f7b3 and              x15, x15, x13       x15=00000000 x15:00000004 x13:00001f80
14944879ns          243224 1c008d6e ee873733 p.bclr           x14, x14, 23, 8     x14=00000008 x14:00000008
14944899ns          243225 1c008d72 1a10f6b7 lui              x13, 0x1a10f000     x13=1a10f000
14944919ns          243226 1c008d76 0ff57513 andi             x10, x10, 255       x10=00000074 x10:00000074
14944939ns          243227 1c008d7a 00d70733 add              x14, x14, x13       x14=1a10f008 x14:00000008 x13:1a10f000
14944958ns          243228 1c008d7c 00a7e723 p.sw             x10, x0(x15)        x10:00000074 x15:00000000  PA:1a10f008
14945297ns          243245 1c008d80 00000513 addi             x10, x0, 0          x10=00000000
14945317ns          243246 1c008d82 00008067 jalr             x0, x1, 0            x1:1c008e52
14945376ns          243249 1c008e52 31f52563 p.beqimm         x10, 778            x10:00000000
14945396ns          243250 1c008e56 001d8d93 addi             x27, x27, 1         x27=00000002 x27:00000001
14945416ns          243251 1c008e58 00044503 lbu              x10, 0(x8)          x10=00000061  x8:1c000026  PA:1c000026
14945714ns          243266 1c008e5c 00140413 addi             x8, x8, 1            x8=1c000027  x8:1c000026
14945734ns          243267 1c008e5e fe0514e3 bne              x10, x0, -24        x10:00000061
14945814ns          243271 1c008e46 02500793 addi             x15, x0, 37         x15=00000025
14945834ns          243272 1c008e4a 04f50863 beq              x10, x15, 80        x10:00000061 x15:00000025
14945854ns          243273 1c008e4e 01a005b3 add              x11, x0, x26        x11=00000002 x26:00000002
14945873ns          243274 1c008e50 000b00e7 jalr             x1, x22, 0           x1=1c008e52 x22:1c008d5c
14945913ns          243276 1c008d5c 000026b7 lui              x13, 0x2000         x13=00002000
14945933ns          243277 1c008d5e f14027f3 csrrs            x15, x0, 0xf14      x15=00000001
14945953ns          243278 1c008d62 f8068693 addi             x13, x13, -128      x13=00001f80 x13:00002000
14945973ns          243279 1c008d66 00379713 slli             x14, x15, 0x3       x14=00000008 x15:00000001
14945993ns          243280 1c008d6a 00279793 slli             x15, x15, 0x2       x15=00000004 x15:00000001
14946013ns          243281 1c008d6c 00d7f7b3 and              x15, x15, x13       x15=00000000 x15:00000004 x13:00001f80
14946033ns          243282 1c008d6e ee873733 p.bclr           x14, x14, 23, 8     x14=00000008 x14:00000008
14946052ns          243283 1c008d72 1a10f6b7 lui              x13, 0x1a10f000     x13=1a10f000
14946072ns          243284 1c008d76 0ff57513 andi             x10, x10, 255       x10=00000061 x10:00000061
14946092ns          243285 1c008d7a 00d70733 add              x14, x14, x13       x14=1a10f008 x14:00000008 x13:1a10f000
14946112ns          243286 1c008d7c 00a7e723 p.sw             x10, x0(x15)        x10:00000061 x15:00000000  PA:1a10f008
14946430ns          243302 1c008d80 00000513 addi             x10, x0, 0          x10=00000000
14946450ns          243303 1c008d82 00008067 jalr             x0, x1, 0            x1:1c008e52
14946510ns          243306 1c008e52 31f52563 p.beqimm         x10, 778            x10:00000000
14946530ns          243307 1c008e56 001d8d93 addi             x27, x27, 1         x27=00000003 x27:00000002
14946550ns          243308 1c008e58 00044503 lbu              x10, 0(x8)          x10=00000072  x8:1c000027  PA:1c000027
14946848ns          243323 1c008e5c 00140413 addi             x8, x8, 1            x8=1c000028  x8:1c000027
14946868ns          243324 1c008e5e fe0514e3 bne              x10, x0, -24        x10:00000072
14946948ns          243328 1c008e46 02500793 addi             x15, x0, 37         x15=00000025
14946967ns          243329 1c008e4a 04f50863 beq              x10, x15, 80        x10:00000072 x15:00000025
14946987ns          243330 1c008e4e 01a005b3 add              x11, x0, x26        x11=00000002 x26:00000002
14947007ns          243331 1c008e50 000b00e7 jalr             x1, x22, 0           x1=1c008e52 x22:1c008d5c
14947047ns          243333 1c008d5c 000026b7 lui              x13, 0x2000         x13=00002000
14947067ns          243334 1c008d5e f14027f3 csrrs            x15, x0, 0xf14      x15=00000001
14947087ns          243335 1c008d62 f8068693 addi             x13, x13, -128      x13=00001f80 x13:00002000
14947107ns          243336 1c008d66 00379713 slli             x14, x15, 0x3       x14=00000008 x15:00000001
14947127ns          243337 1c008d6a 00279793 slli             x15, x15, 0x2       x15=00000004 x15:00000001
14947146ns          243338 1c008d6c 00d7f7b3 and              x15, x15, x13       x15=00000000 x15:00000004 x13:00001f80
14947166ns          243339 1c008d6e ee873733 p.bclr           x14, x14, 23, 8     x14=00000008 x14:00000008
14947186ns          243340 1c008d72 1a10f6b7 lui              x13, 0x1a10f000     x13=1a10f000
14947206ns          243341 1c008d76 0ff57513 andi             x10, x10, 255       x10=00000072 x10:00000072
14947226ns          243342 1c008d7a 00d70733 add              x14, x14, x13       x14=1a10f008 x14:00000008 x13:1a10f000
14947246ns          243343 1c008d7c 00a7e723 p.sw             x10, x0(x15)        x10:00000072 x15:00000000  PA:1a10f008
14947584ns          243360 1c008d80 00000513 addi             x10, x0, 0          x10=00000000
14947604ns          243361 1c008d82 00008067 jalr             x0, x1, 0            x1:1c008e52
14947664ns          243364 1c008e52 31f52563 p.beqimm         x10, 778            x10:00000000
14947684ns          243365 1c008e56 001d8d93 addi             x27, x27, 1         x27=00000004 x27:00000003
14947703ns          243366 1c008e58 00044503 lbu              x10, 0(x8)          x10=00000074  x8:1c000028  PA:1c000028
14948002ns          243381 1c008e5c 00140413 addi             x8, x8, 1            x8=1c000029  x8:1c000028
14948022ns          243382 1c008e5e fe0514e3 bne              x10, x0, -24        x10:00000074
14948101ns          243386 1c008e46 02500793 addi             x15, x0, 37         x15=00000025
14948121ns          243387 1c008e4a 04f50863 beq              x10, x15, 80        x10:00000074 x15:00000025
14948141ns          243388 1c008e4e 01a005b3 add              x11, x0, x26        x11=00000002 x26:00000002
14948161ns          243389 1c008e50 000b00e7 jalr             x1, x22, 0           x1=1c008e52 x22:1c008d5c
14948201ns          243391 1c008d5c 000026b7 lui              x13, 0x2000         x13=00002000
14948221ns          243392 1c008d5e f14027f3 csrrs            x15, x0, 0xf14      x15=00000001
14948240ns          243393 1c008d62 f8068693 addi             x13, x13, -128      x13=00001f80 x13:00002000
14948260ns          243394 1c008d66 00379713 slli             x14, x15, 0x3       x14=00000008 x15:00000001
14948280ns          243395 1c008d6a 00279793 slli             x15, x15, 0x2       x15=00000004 x15:00000001
14948300ns          243396 1c008d6c 00d7f7b3 and              x15, x15, x13       x15=00000000 x15:00000004 x13:00001f80
14948320ns          243397 1c008d6e ee873733 p.bclr           x14, x14, 23, 8     x14=00000008 x14:00000008
14948340ns          243398 1c008d72 1a10f6b7 lui              x13, 0x1a10f000     x13=1a10f000
14948360ns          243399 1c008d76 0ff57513 andi             x10, x10, 255       x10=00000074 x10:00000074
14948380ns          243400 1c008d7a 00d70733 add              x14, x14, x13       x14=1a10f008 x14:00000008 x13:1a10f000
14948400ns          243401 1c008d7c 00a7e723 p.sw             x10, x0(x15)        x10:00000074 x15:00000000  PA:1a10f008
14948738ns          243418 1c008d80 00000513 addi             x10, x0, 0          x10=00000000
14948758ns          243419 1c008d82 00008067 jalr             x0, x1, 0            x1:1c008e52
14948817ns          243422 1c008e52 31f52563 p.beqimm         x10, 778            x10:00000000
14948837ns          243423 1c008e56 001d8d93 addi             x27, x27, 1         x27=00000005 x27:00000004
14948857ns          243424 1c008e58 00044503 lbu              x10, 0(x8)          x10=00000069  x8:1c000029  PA:1c000029
14949155ns          243439 1c008e5c 00140413 addi             x8, x8, 1            x8=1c00002a  x8:1c000029
14949175ns          243440 1c008e5e fe0514e3 bne              x10, x0, -24        x10:00000069
14949255ns          243444 1c008e46 02500793 addi             x15, x0, 37         x15=00000025
14949275ns          243445 1c008e4a 04f50863 beq              x10, x15, 80        x10:00000069 x15:00000025
14949295ns          243446 1c008e4e 01a005b3 add              x11, x0, x26        x11=00000002 x26:00000002
14949315ns          243447 1c008e50 000b00e7 jalr             x1, x22, 0           x1=1c008e52 x22:1c008d5c
14949354ns          243449 1c008d5c 000026b7 lui              x13, 0x2000         x13=00002000
14949374ns          243450 1c008d5e f14027f3 csrrs            x15, x0, 0xf14      x15=00000001
14949394ns          243451 1c008d62 f8068693 addi             x13, x13, -128      x13=00001f80 x13:00002000
14949414ns          243452 1c008d66 00379713 slli             x14, x15, 0x3       x14=00000008 x15:00000001
14949434ns          243453 1c008d6a 00279793 slli             x15, x15, 0x2       x15=00000004 x15:00000001
14949454ns          243454 1c008d6c 00d7f7b3 and              x15, x15, x13       x15=00000000 x15:00000004 x13:00001f80
14949474ns          243455 1c008d6e ee873733 p.bclr           x14, x14, 23, 8     x14=00000008 x14:00000008
14949494ns          243456 1c008d72 1a10f6b7 lui              x13, 0x1a10f000     x13=1a10f000
14949513ns          243457 1c008d76 0ff57513 andi             x10, x10, 255       x10=00000069 x10:00000069
14949533ns          243458 1c008d7a 00d70733 add              x14, x14, x13       x14=1a10f008 x14:00000008 x13:1a10f000
14949553ns          243459 1c008d7c 00a7e723 p.sw             x10, x0(x15)        x10:00000069 x15:00000000  PA:1a10f008
14949872ns          243475 1c008d80 00000513 addi             x10, x0, 0          x10=00000000
14949891ns          243476 1c008d82 00008067 jalr             x0, x1, 0            x1:1c008e52
14949951ns          243479 1c008e52 31f52563 p.beqimm         x10, 778            x10:00000000
14949971ns          243480 1c008e56 001d8d93 addi             x27, x27, 1         x27=00000006 x27:00000005
14949991ns          243481 1c008e58 00044503 lbu              x10, 0(x8)          x10=0000006e  x8:1c00002a  PA:1c00002a
14950289ns          243496 1c008e5c 00140413 addi             x8, x8, 1            x8=1c00002b  x8:1c00002a
14950309ns          243497 1c008e5e fe0514e3 bne              x10, x0, -24        x10:0000006e
14950389ns          243501 1c008e46 02500793 addi             x15, x0, 37         x15=00000025
14950409ns          243502 1c008e4a 04f50863 beq              x10, x15, 80        x10:0000006e x15:00000025
14950428ns          243503 1c008e4e 01a005b3 add              x11, x0, x26        x11=00000002 x26:00000002
14950448ns          243504 1c008e50 000b00e7 jalr             x1, x22, 0           x1=1c008e52 x22:1c008d5c
14950488ns          243506 1c008d5c 000026b7 lui              x13, 0x2000         x13=00002000
14950508ns          243507 1c008d5e f14027f3 csrrs            x15, x0, 0xf14      x15=00000001
14950528ns          243508 1c008d62 f8068693 addi             x13, x13, -128      x13=00001f80 x13:00002000
14950548ns          243509 1c008d66 00379713 slli             x14, x15, 0x3       x14=00000008 x15:00000001
14950568ns          243510 1c008d6a 00279793 slli             x15, x15, 0x2       x15=00000004 x15:00000001
14950588ns          243511 1c008d6c 00d7f7b3 and              x15, x15, x13       x15=00000000 x15:00000004 x13:00001f80
14950607ns          243512 1c008d6e ee873733 p.bclr           x14, x14, 23, 8     x14=00000008 x14:00000008
14950627ns          243513 1c008d72 1a10f6b7 lui              x13, 0x1a10f000     x13=1a10f000
14950647ns          243514 1c008d76 0ff57513 andi             x10, x10, 255       x10=0000006e x10:0000006e
14950667ns          243515 1c008d7a 00d70733 add              x14, x14, x13       x14=1a10f008 x14:00000008 x13:1a10f000
14950687ns          243516 1c008d7c 00a7e723 p.sw             x10, x0(x15)        x10:0000006e x15:00000000  PA:1a10f008
14951005ns          243532 1c008d80 00000513 addi             x10, x0, 0          x10=00000000
14951025ns          243533 1c008d82 00008067 jalr             x0, x1, 0            x1:1c008e52
14951085ns          243536 1c008e52 31f52563 p.beqimm         x10, 778            x10:00000000
14951105ns          243537 1c008e56 001d8d93 addi             x27, x27, 1         x27=00000007 x27:00000006
14951125ns          243538 1c008e58 00044503 lbu              x10, 0(x8)          x10=00000067  x8:1c00002b  PA:1c00002b
14951443ns          243554 1c008e5c 00140413 addi             x8, x8, 1            x8=1c00002c  x8:1c00002b
14951463ns          243555 1c008e5e fe0514e3 bne              x10, x0, -24        x10:00000067
14951542ns          243559 1c008e46 02500793 addi             x15, x0, 37         x15=00000025
14951562ns          243560 1c008e4a 04f50863 beq              x10, x15, 80        x10:00000067 x15:00000025
14951582ns          243561 1c008e4e 01a005b3 add              x11, x0, x26        x11=00000002 x26:00000002
14951602ns          243562 1c008e50 000b00e7 jalr             x1, x22, 0           x1=1c008e52 x22:1c008d5c
14951642ns          243564 1c008d5c 000026b7 lui              x13, 0x2000         x13=00002000
14951662ns          243565 1c008d5e f14027f3 csrrs            x15, x0, 0xf14      x15=00000001
14951682ns          243566 1c008d62 f8068693 addi             x13, x13, -128      x13=00001f80 x13:00002000
14951701ns          243567 1c008d66 00379713 slli             x14, x15, 0x3       x14=00000008 x15:00000001
14951721ns          243568 1c008d6a 00279793 slli             x15, x15, 0x2       x15=00000004 x15:00000001
14951741ns          243569 1c008d6c 00d7f7b3 and              x15, x15, x13       x15=00000000 x15:00000004 x13:00001f80
14951761ns          243570 1c008d6e ee873733 p.bclr           x14, x14, 23, 8     x14=00000008 x14:00000008
14951781ns          243571 1c008d72 1a10f6b7 lui              x13, 0x1a10f000     x13=1a10f000
14951801ns          243572 1c008d76 0ff57513 andi             x10, x10, 255       x10=00000067 x10:00000067
14951821ns          243573 1c008d7a 00d70733 add              x14, x14, x13       x14=1a10f008 x14:00000008 x13:1a10f000
14951841ns          243574 1c008d7c 00a7e723 p.sw             x10, x0(x15)        x10:00000067 x15:00000000  PA:1a10f008
14952159ns          243590 1c008d80 00000513 addi             x10, x0, 0          x10=00000000
14952179ns          243591 1c008d82 00008067 jalr             x0, x1, 0            x1:1c008e52
14952239ns          243594 1c008e52 31f52563 p.beqimm         x10, 778            x10:00000000
14952258ns          243595 1c008e56 001d8d93 addi             x27, x27, 1         x27=00000008 x27:00000007
14952278ns          243596 1c008e58 00044503 lbu              x10, 0(x8)          x10=00000020  x8:1c00002c  PA:1c00002c
14952577ns          243611 1c008e5c 00140413 addi             x8, x8, 1            x8=1c00002d  x8:1c00002c
14952597ns          243612 1c008e5e fe0514e3 bne              x10, x0, -24        x10:00000020
14952676ns          243616 1c008e46 02500793 addi             x15, x0, 37         x15=00000025
14952696ns          243617 1c008e4a 04f50863 beq              x10, x15, 80        x10:00000020 x15:00000025
14952716ns          243618 1c008e4e 01a005b3 add              x11, x0, x26        x11=00000002 x26:00000002
14952736ns          243619 1c008e50 000b00e7 jalr             x1, x22, 0           x1=1c008e52 x22:1c008d5c
14952776ns          243621 1c008d5c 000026b7 lui              x13, 0x2000         x13=00002000
14952795ns          243622 1c008d5e f14027f3 csrrs            x15, x0, 0xf14      x15=00000001
14952815ns          243623 1c008d62 f8068693 addi             x13, x13, -128      x13=00001f80 x13:00002000
14952835ns          243624 1c008d66 00379713 slli             x14, x15, 0x3       x14=00000008 x15:00000001
14952855ns          243625 1c008d6a 00279793 slli             x15, x15, 0x2       x15=00000004 x15:00000001
14952875ns          243626 1c008d6c 00d7f7b3 and              x15, x15, x13       x15=00000000 x15:00000004 x13:00001f80
14952895ns          243627 1c008d6e ee873733 p.bclr           x14, x14, 23, 8     x14=00000008 x14:00000008
14952915ns          243628 1c008d72 1a10f6b7 lui              x13, 0x1a10f000     x13=1a10f000
14952935ns          243629 1c008d76 0ff57513 andi             x10, x10, 255       x10=00000020 x10:00000020
14952955ns          243630 1c008d7a 00d70733 add              x14, x14, x13       x14=1a10f008 x14:00000008 x13:1a10f000
14952974ns          243631 1c008d7c 00a7e723 p.sw             x10, x0(x15)        x10:00000020 x15:00000000  PA:1a10f008
14953293ns          243647 1c008d80 00000513 addi             x10, x0, 0          x10=00000000
14953313ns          243648 1c008d82 00008067 jalr             x0, x1, 0            x1:1c008e52
14953372ns          243651 1c008e52 31f52563 p.beqimm         x10, 778            x10:00000000
14953392ns          243652 1c008e56 001d8d93 addi             x27, x27, 1         x27=00000009 x27:00000008
14953412ns          243653 1c008e58 00044503 lbu              x10, 0(x8)          x10=00000025  x8:1c00002d  PA:1c00002d
14953710ns          243668 1c008e5c 00140413 addi             x8, x8, 1            x8=1c00002e  x8:1c00002d
14953730ns          243669 1c008e5e fe0514e3 bne              x10, x0, -24        x10:00000025
14953810ns          243673 1c008e46 02500793 addi             x15, x0, 37         x15=00000025
14953830ns          243674 1c008e4a 04f50863 beq              x10, x15, 80        x10:00000025 x15:00000025
14954307ns          243698 1c008e9a 00044483 lbu              x9, 0(x8)            x9=00000064  x8:1c00002e  PA:1c00002e
14954745ns          243720 1c008e9e 02000693 addi             x13, x0, 32         x13=00000020
14954785ns          243722 1c008ea2 00140a93 addi             x21, x8, 1          x21=1c00002f  x8:1c00002e
14954804ns          243723 1c008ea6 009005b3 add              x11, x0, x9         x11=00000064  x9:00000064
14954824ns          243724 1c008ea8 0fcb8513 addi             x10, x23, 252       x10=1c0000fc x23:1c000000
14954844ns          243725 1c008eac 00d12823 sw               x13, 16(x2)         x13:00000020  x2:10000e28  PA:10000e38
14954864ns          243726 1c008eae 00012c23 sw               x0, 24(x2)           x2:10000e28  PA:10000e40
14955262ns          243746 1c008eb0 00012a23 sw               x0, 20(x2)           x2:10000e28  PA:10000e3c
14955282ns          243747 1c008eb2 00012e23 sw               x0, 28(x2)           x2:10000e28  PA:10000e44
14955302ns          243748 1c008eb4 00012623 sw               x0, 12(x2)           x2:10000e28  PA:10000e34
14955322ns          243749 1c008eb6 02300913 addi             x18, x0, 35         x18=00000023
14955341ns          243750 1c008eba 02d00a13 addi             x20, x0, 45         x20=0000002d
14955361ns          243751 1c008ebe 015009b3 add              x19, x0, x21        x19=1c00002f x21:1c00002f
14955779ns          243772 1c008ec0 e1dff0ef jal              x1, -484             x1=1c008ec2
14956237ns          243795 1c008cdc 00054783 lbu              x15, 0(x10)         x15=0000002d x10:1c0000fc  PA:1c0000fc
14956694ns          243818 1c008ce0 0ff5f593 andi             x11, x11, 255       x11=00000064 x11:00000064
14956734ns          243820 1c008ce4 00b78c63 beq              x15, x11, 24        x15:0000002d x11:00000064
14956754ns          243821 1c008ce8 00078b63 beq              x15, x0, 22         x15:0000002d
14956774ns          243822 1c008cea 00150793 addi             x15, x10, 1         x15=1c0000fd x10:1c0000fc
14956793ns          243823 1c008cee 0040006f jal              x0, 4              
14957251ns          243846 1c008cf2 00f00533 add              x10, x0, x15        x10=1c0000fd x15:1c0000fd
14957271ns          243847 1c008cf4 0017c70b p.lbu            x14, 1(x15!)        x14=0000002b x15=1c0000fe x15:1c0000fd  PA:1c0000fd
14957589ns          243863 1c008cf8 feb71ce3 bne              x14, x11, -8        x14:0000002b x11:00000064
14957808ns          243874 1c008cf0 00070763 beq              x14, x0, 14         x14:0000002b
14957828ns          243875 1c008cf2 00f00533 add              x10, x0, x15        x10=1c0000fe x15:1c0000fe
14957848ns          243876 1c008cf4 0017c70b p.lbu            x14, 1(x15!)        x14=00000020 x15=1c0000ff x15:1c0000fe  PA:1c0000fe
14958166ns          243892 1c008cf8 feb71ce3 bne              x14, x11, -8        x14:00000020 x11:00000064
14958226ns          243895 1c008cf0 00070763 beq              x14, x0, 14         x14:00000020
14958246ns          243896 1c008cf2 00f00533 add              x10, x0, x15        x10=1c0000ff x15:1c0000ff
14958265ns          243897 1c008cf4 0017c70b p.lbu            x14, 1(x15!)        x14=00000023 x15=1c000100 x15:1c0000ff  PA:1c0000ff
14958584ns          243913 1c008cf8 feb71ce3 bne              x14, x11, -8        x14:00000023 x11:00000064
14958643ns          243916 1c008cf0 00070763 beq              x14, x0, 14         x14:00000023
14958663ns          243917 1c008cf2 00f00533 add              x10, x0, x15        x10=1c000100 x15:1c000100
14958683ns          243918 1c008cf4 0017c70b p.lbu            x14, 1(x15!)        x14=00000030 x15=1c000101 x15:1c000100  PA:1c000100
14959001ns          243934 1c008cf8 feb71ce3 bne              x14, x11, -8        x14:00000030 x11:00000064
14959061ns          243937 1c008cf0 00070763 beq              x14, x0, 14         x14:00000030
14959081ns          243938 1c008cf2 00f00533 add              x10, x0, x15        x10=1c000101 x15:1c000101
14959101ns          243939 1c008cf4 0017c70b p.lbu            x14, 1(x15!)        x14=00000000 x15=1c000102 x15:1c000101  PA:1c000101
14959439ns          243956 1c008cf8 feb71ce3 bne              x14, x11, -8        x14:00000000 x11:00000064
14959499ns          243959 1c008cf0 00070763 beq              x14, x0, 14         x14:00000000
14959578ns          243963 1c008cfe 0015b593 sltiu            x11, x11, 1         x11=00000000 x11:00000064
14959598ns          243964 1c008d02 40b005b3 sub              x11, x0, x11        x11=00000000 x11:00000000
14959618ns          243965 1c008d06 00b57533 and              x10, x10, x11       x10=00000000 x10:1c000101 x11:00000000
14959638ns          243966 1c008d08 00008067 jalr             x0, x1, 0            x1:1c008ec2
14960135ns          243991 1c008ec2 02050a63 beq              x10, x0, 52         x10:00000000
14960652ns          244017 1c008ef6 02a00613 addi             x12, x0, 42         x12=0000002a
14960672ns          244018 1c008efa 2ac48663 beq              x9, x12, 684         x9:00000064 x12:0000002a
14961110ns          244040 1c008efe fd048613 addi             x12, x9, -48        x12=00000034  x9:00000064
14961130ns          244041 1c008f02 00900593 addi             x11, x0, 9          x11=00000009
14961150ns          244042 1c008f04 00000913 addi             x18, x0, 0          x18=00000000
14961169ns          244043 1c008f06 28c5f063 bgeu             x11, x12, 640       x11:00000009 x12:00000034
14961189ns          244044 1c008f0a 02e00693 addi             x13, x0, 46         x13=0000002e
14961209ns          244045 1c008f0e fff00a13 addi             x20, x0, -1         x20=ffffffff
14961627ns          244066 1c008f10 2ed48363 beq              x9, x13, 742         x9:00000064 x13:0000002e
14961667ns          244068 1c008f14 1c0007b7 lui              x15, 0x1c000000     x15=1c000000
14961687ns          244069 1c008f18 009005b3 add              x11, x0, x9         x11=00000064  x9:00000064
14961707ns          244070 1c008f1a 10478513 addi             x10, x15, 260       x10=1c000104 x15:1c000000
14961726ns          244071 1c008f1e dbfff0ef jal              x1, -578             x1=1c008f20
14962204ns          244095 1c008cdc 00054783 lbu              x15, 0(x10)         x15=00000068 x10:1c000104  PA:1c000104
14962502ns          244110 1c008ce0 0ff5f593 andi             x11, x11, 255       x11=00000064 x11:00000064
14962522ns          244111 1c008ce4 00b78c63 beq              x15, x11, 24        x15:00000068 x11:00000064
14962542ns          244112 1c008ce8 00078b63 beq              x15, x0, 22         x15:00000068
14962562ns          244113 1c008cea 00150793 addi             x15, x10, 1         x15=1c000105 x10:1c000104
14962582ns          244114 1c008cee 0040006f jal              x0, 4              
14962621ns          244116 1c008cf2 00f00533 add              x10, x0, x15        x10=1c000105 x15:1c000105
14962641ns          244117 1c008cf4 0017c70b p.lbu            x14, 1(x15!)        x14=0000006c x15=1c000106 x15:1c000105  PA:1c000105
14962960ns          244133 1c008cf8 feb71ce3 bne              x14, x11, -8        x14:0000006c x11:00000064
14963019ns          244136 1c008cf0 00070763 beq              x14, x0, 14         x14:0000006c
14963039ns          244137 1c008cf2 00f00533 add              x10, x0, x15        x10=1c000106 x15:1c000106
14963059ns          244138 1c008cf4 0017c70b p.lbu            x14, 1(x15!)        x14=0000004c x15=1c000107 x15:1c000106  PA:1c000106
14963417ns          244156 1c008cf8 feb71ce3 bne              x14, x11, -8        x14:0000004c x11:00000064
14963477ns          244159 1c008cf0 00070763 beq              x14, x0, 14         x14:0000004c
14963497ns          244160 1c008cf2 00f00533 add              x10, x0, x15        x10=1c000107 x15:1c000107
14963517ns          244161 1c008cf4 0017c70b p.lbu            x14, 1(x15!)        x14=0000007a x15=1c000108 x15:1c000107  PA:1c000107
14963835ns          244177 1c008cf8 feb71ce3 bne              x14, x11, -8        x14:0000007a x11:00000064
14963894ns          244180 1c008cf0 00070763 beq              x14, x0, 14         x14:0000007a
14963914ns          244181 1c008cf2 00f00533 add              x10, x0, x15        x10=1c000108 x15:1c000108
14963934ns          244182 1c008cf4 0017c70b p.lbu            x14, 1(x15!)        x14=00000000 x15=1c000109 x15:1c000108  PA:1c000108
14964253ns          244198 1c008cf8 feb71ce3 bne              x14, x11, -8        x14:00000000 x11:00000064
14964312ns          244201 1c008cf0 00070763 beq              x14, x0, 14         x14:00000000
14964392ns          244205 1c008cfe 0015b593 sltiu            x11, x11, 1         x11=00000000 x11:00000064
14964412ns          244206 1c008d02 40b005b3 sub              x11, x0, x11        x11=00000000 x11:00000000
14964432ns          244207 1c008d06 00b57533 and              x10, x10, x11       x10=00000000 x10:1c000108 x11:00000000
14964451ns          244208 1c008d08 00008067 jalr             x0, x1, 0            x1:1c008f20
14964491ns          244210 1c008f20 01300433 add              x8, x0, x19          x8=1c00002f x19:1c00002f
14964511ns          244211 1c008f22 00050563 beq              x10, x0, 10         x10:00000000
14964571ns          244214 1c008f2c 06700693 addi             x13, x0, 103        x13=00000067
14965008ns          244236 1c008f30 2896d963 bge              x13, x9, 658        x13:00000067  x9:00000064
14965526ns          244262 1c0091c2 06500693 addi             x13, x0, 101        x13=00000065
14965545ns          244263 1c0091c6 12d4d563 bge              x9, x13, 298         x9:00000064 x13:00000065
14965565ns          244264 1c0091ca 04700693 addi             x13, x0, 71         x13=00000047
14966003ns          244286 1c0091ce dc96cbe3 blt              x13, x9, -554       x13:00000047  x9:00000064
14966480ns          244310 1c008fa4 06300693 addi             x13, x0, 99         x13=00000063
14966520ns          244312 1c008fa8 0ad488e3 beq              x9, x13, 2224        x9:00000064 x13:00000063
14966540ns          244313 1c008fac 0096c9e3 blt              x13, x9, 2066       x13:00000063  x9:00000064
14967952ns          244384 1c0097be 000c2583 lw               x11, 0(x24)         x11=00000001 x24:10000f7c  PA:10000f7c
14967972ns          244385 1c0097c2 004c0c13 addi             x24, x24, 4         x24=10000f80 x24:10000f7c
14967992ns          244386 1c0097c4 3405cc63 blt              x11, x0, 856        x11:00000001
14968012ns          244387 1c0097c8 01412603 lw               x12, 20(x2)         x12=00000000  x2:10000e28  PA:10000e3c
14968052ns          244389 1c0097ca 00b006b3 add              x13, x0, x11        x13=00000001 x11:00000001
14968072ns          244390 1c0097cc 2e061863 bne              x12, x0, 752        x12:00000000
14968469ns          244410 1c0097d0 01812703 lw               x14, 24(x2)         x14=00000000  x2:10000e28  PA:10000e40
14968489ns          244411 1c0097d2 019007b3 add              x15, x0, x25        x15=10000e4c x25:10000e4c
14968509ns          244412 1c0097d4 00070763 beq              x14, x0, 14         x14:00000000
14968987ns          244436 1c0097e2 00f00733 add              x14, x0, x15        x14=10000e4c x15:10000e4c
14969026ns          244438 1c0097e4 00a00513 addi             x10, x0, 10         x10=0000000a
14969046ns          244439 1c0097e6 02a6f633 remu             x12, x13, x10       x12=00000001 x13:00000001 x10:0000000a
14969663ns          244470 1c0097ea 02a6d6b3 divu             x13, x13, x10       x13=00000000 x13:00000001 x10:0000000a
14970279ns          244501 1c0097ee 03060613 addi             x12, x12, 48        x12=00000031 x12:00000001
14970299ns          244502 1c0097f2 00c700ab p.sb             x12, 1(x14!)        x14=10000e4d x12:00000031 x14:10000e4c  PA:10000e4c
14970319ns          244503 1c0097f6 fe0698e3 bne              x13, x0, -16        x13:00000000
14970339ns          244504 1c0097f8 40f706b3 sub              x13, x14, x15       x13=00000001 x14:10000e4d x15:10000e4c
14970359ns          244505 1c0097fc 0146dc63 bge              x13, x20, 24        x13:00000001 x20:ffffffff
14971234ns          244549 1c009814 00e006b3 add              x13, x0, x14        x13=10000e4d x14:10000e4d
14971274ns          244551 1c009816 fe068fab p.sb             x0, -1(x13!)        x13=10000e4c x13:10000e4d  PA:10000e4d
14971294ns          244552 1c00981a 00d7fc63 bgeu             x15, x13, 24        x15:10000e4c x13:10000e4c
14972189ns          244597 1c009832 01412783 lw               x15, 20(x2)         x15=00000000  x2:10000e28  PA:10000e3c
14972229ns          244599 1c009834 01812603 lw               x12, 24(x2)         x12=00000000  x2:10000e28  PA:10000e40
14972249ns          244600 1c009836 419704b3 sub              x9, x14, x25         x9=00000001 x14:10000e4d x25:10000e4c
14972268ns          244601 1c00983a 00c7e7b3 or               x15, x15, x12       x15=00000000 x15:00000000 x12:00000000
14972288ns          244602 1c00983c 00f12623 sw               x15, 12(x2)         x15:00000000  x2:10000e28  PA:10000e34
14972308ns          244603 1c00983e 00079363 bne              x15, x0, 6          x15:00000000
14972726ns          244624 1c009840 01f5d593 srli             x11, x11, 0x1f      x11=00000000 x11:00000001
14972746ns          244625 1c009842 00b12623 sw               x11, 12(x2)         x11:00000000  x2:10000e28  PA:10000e34
14972766ns          244626 1c009844 e3fa28e3 p.beqimm         x20, -464           x20:ffffffff
14973243ns          244650 1c009674 0c800793 addi             x15, x0, 200        x15=000000c8
14973283ns          244652 1c009678 9e97d0e3 bge              x15, x9, -1568      x15:000000c8  x9:00000001
14974218ns          244699 1c009058 0f24d163 bge              x9, x18, 226         x9:00000001 x18:00000000
14974735ns          244725 1c00913a d00482e3 beq              x9, x0, -764         x9:00000001
14974755ns          244726 1c00913e 01900933 add              x18, x0, x25        x18=10000e4c x25:10000e4c
14975173ns          244747 1c009140 419d8db3 sub              x27, x27, x25       x27=effff1bd x27:00000009 x25:10000e4c
14975212ns          244749 1c009144 00a0006f jal              x0, 10             
14975690ns          244773 1c00914e 0019450b p.lbu            x10, 1(x18!)        x10=00000031 x18=10000e4d x18:10000e4c  PA:10000e4c
14975710ns          244774 1c009152 01a005b3 add              x11, x0, x26        x11=00000002 x26:00000002
14975729ns          244775 1c009154 000b00e7 jalr             x1, x22, 0           x1=1c009156 x22:1c008d5c
14975809ns          244779 1c008d5c 000026b7 lui              x13, 0x2000         x13=00002000
14975849ns          244781 1c008d5e f14027f3 csrrs            x15, x0, 0xf14      x15=00000001
14975869ns          244782 1c008d62 f8068693 addi             x13, x13, -128      x13=00001f80 x13:00002000
14975889ns          244783 1c008d66 00379713 slli             x14, x15, 0x3       x14=00000008 x15:00000001
14975909ns          244784 1c008d6a 00279793 slli             x15, x15, 0x2       x15=00000004 x15:00000001
14975928ns          244785 1c008d6c 00d7f7b3 and              x15, x15, x13       x15=00000000 x15:00000004 x13:00001f80
14975948ns          244786 1c008d6e ee873733 p.bclr           x14, x14, 23, 8     x14=00000008 x14:00000008
14975968ns          244787 1c008d72 1a10f6b7 lui              x13, 0x1a10f000     x13=1a10f000
14975988ns          244788 1c008d76 0ff57513 andi             x10, x10, 255       x10=00000031 x10:00000031
14976008ns          244789 1c008d7a 00d70733 add              x14, x14, x13       x14=1a10f008 x14:00000008 x13:1a10f000
14976028ns          244790 1c008d7c 00a7e723 p.sw             x10, x0(x15)        x10:00000031 x15:00000000  PA:1a10f008
14976386ns          244808 1c008d80 00000513 addi             x10, x0, 0          x10=00000000
14976406ns          244809 1c008d82 00008067 jalr             x0, x1, 0            x1:1c009156
14976446ns          244811 1c009156 fff48493 addi             x9, x9, -1           x9=00000000  x9:00000001
14976465ns          244812 1c009158 fff537e3 p.bneimm         x10, -18            x10:00000000
14976963ns          244837 1c009146 012d8733 add              x14, x27, x18       x14=0000000a x27:effff1bd x18:10000e4d
14976983ns          244838 1c00914a 5a048b63 beq              x9, x0, 1462         x9:00000000
14977460ns          244862 1c009700 00e00db3 add              x27, x0, x14        x27=0000000a x14:0000000a
14977500ns          244864 1c009702 f3cff06f jal              x0, -2244          
14977599ns          244869 1c008e3e 00044503 lbu              x10, 0(x8)          x10=00000020  x8:1c00002f  PA:1c00002f
14977917ns          244885 1c008e42 00140413 addi             x8, x8, 1            x8=1c000030  x8:1c00002f
14977937ns          244886 1c008e44 00050e63 beq              x10, x0, 28         x10:00000020
14977957ns          244887 1c008e46 02500793 addi             x15, x0, 37         x15=00000025
14977977ns          244888 1c008e4a 04f50863 beq              x10, x15, 80        x10:00000020 x15:00000025
14977997ns          244889 1c008e4e 01a005b3 add              x11, x0, x26        x11=00000002 x26:00000002
14978017ns          244890 1c008e50 000b00e7 jalr             x1, x22, 0           x1=1c008e52 x22:1c008d5c
14978057ns          244892 1c008d5c 000026b7 lui              x13, 0x2000         x13=00002000
14978116ns          244895 1c008d5e f14027f3 csrrs            x15, x0, 0xf14      x15=00000001
14978156ns          244897 1c008d62 f8068693 addi             x13, x13, -128      x13=00001f80 x13:00002000
14978176ns          244898 1c008d66 00379713 slli             x14, x15, 0x3       x14=00000008 x15:00000001
14978196ns          244899 1c008d6a 00279793 slli             x15, x15, 0x2       x15=00000004 x15:00000001
14978216ns          244900 1c008d6c 00d7f7b3 and              x15, x15, x13       x15=00000000 x15:00000004 x13:00001f80
14978236ns          244901 1c008d6e ee873733 p.bclr           x14, x14, 23, 8     x14=00000008 x14:00000008
14978256ns          244902 1c008d72 1a10f6b7 lui              x13, 0x1a10f000     x13=1a10f000
14978276ns          244903 1c008d76 0ff57513 andi             x10, x10, 255       x10=00000020 x10:00000020
14978295ns          244904 1c008d7a 00d70733 add              x14, x14, x13       x14=1a10f008 x14:00000008 x13:1a10f000
14978315ns          244905 1c008d7c 00a7e723 p.sw             x10, x0(x15)        x10:00000020 x15:00000000  PA:1a10f008
14978673ns          244923 1c008d80 00000513 addi             x10, x0, 0          x10=00000000
14978693ns          244924 1c008d82 00008067 jalr             x0, x1, 0            x1:1c008e52
14978753ns          244927 1c008e52 31f52563 p.beqimm         x10, 778            x10:00000000
14978773ns          244928 1c008e56 001d8d93 addi             x27, x27, 1         x27=0000000b x27:0000000a
14978793ns          244929 1c008e58 00044503 lbu              x10, 0(x8)          x10=0000006b  x8:1c000030  PA:1c000030
14979091ns          244944 1c008e5c 00140413 addi             x8, x8, 1            x8=1c000031  x8:1c000030
14979111ns          244945 1c008e5e fe0514e3 bne              x10, x0, -24        x10:0000006b
14979190ns          244949 1c008e46 02500793 addi             x15, x0, 37         x15=00000025
14979210ns          244950 1c008e4a 04f50863 beq              x10, x15, 80        x10:0000006b x15:00000025
14979230ns          244951 1c008e4e 01a005b3 add              x11, x0, x26        x11=00000002 x26:00000002
14979250ns          244952 1c008e50 000b00e7 jalr             x1, x22, 0           x1=1c008e52 x22:1c008d5c
14979290ns          244954 1c008d5c 000026b7 lui              x13, 0x2000         x13=00002000
14979310ns          244955 1c008d5e f14027f3 csrrs            x15, x0, 0xf14      x15=00000001
14979330ns          244956 1c008d62 f8068693 addi             x13, x13, -128      x13=00001f80 x13:00002000
14979350ns          244957 1c008d66 00379713 slli             x14, x15, 0x3       x14=00000008 x15:00000001
14979369ns          244958 1c008d6a 00279793 slli             x15, x15, 0x2       x15=00000004 x15:00000001
14979389ns          244959 1c008d6c 00d7f7b3 and              x15, x15, x13       x15=00000000 x15:00000004 x13:00001f80
14979409ns          244960 1c008d6e ee873733 p.bclr           x14, x14, 23, 8     x14=00000008 x14:00000008
14979429ns          244961 1c008d72 1a10f6b7 lui              x13, 0x1a10f000     x13=1a10f000
14979449ns          244962 1c008d76 0ff57513 andi             x10, x10, 255       x10=0000006b x10:0000006b
14979469ns          244963 1c008d7a 00d70733 add              x14, x14, x13       x14=1a10f008 x14:00000008 x13:1a10f000
14979489ns          244964 1c008d7c 00a7e723 p.sw             x10, x0(x15)        x10:0000006b x15:00000000  PA:1a10f008
14979807ns          244980 1c008d80 00000513 addi             x10, x0, 0          x10=00000000
14979827ns          244981 1c008d82 00008067 jalr             x0, x1, 0            x1:1c008e52
14979887ns          244984 1c008e52 31f52563 p.beqimm         x10, 778            x10:00000000
14979907ns          244985 1c008e56 001d8d93 addi             x27, x27, 1         x27=0000000c x27:0000000b
14979926ns          244986 1c008e58 00044503 lbu              x10, 0(x8)          x10=00000065  x8:1c000031  PA:1c000031
14980225ns          245001 1c008e5c 00140413 addi             x8, x8, 1            x8=1c000032  x8:1c000031
14980245ns          245002 1c008e5e fe0514e3 bne              x10, x0, -24        x10:00000065
14980324ns          245006 1c008e46 02500793 addi             x15, x0, 37         x15=00000025
14980344ns          245007 1c008e4a 04f50863 beq              x10, x15, 80        x10:00000065 x15:00000025
14980364ns          245008 1c008e4e 01a005b3 add              x11, x0, x26        x11=00000002 x26:00000002
14980384ns          245009 1c008e50 000b00e7 jalr             x1, x22, 0           x1=1c008e52 x22:1c008d5c
14980424ns          245011 1c008d5c 000026b7 lui              x13, 0x2000         x13=00002000
14980444ns          245012 1c008d5e f14027f3 csrrs            x15, x0, 0xf14      x15=00000001
14980463ns          245013 1c008d62 f8068693 addi             x13, x13, -128      x13=00001f80 x13:00002000
14980483ns          245014 1c008d66 00379713 slli             x14, x15, 0x3       x14=00000008 x15:00000001
14980503ns          245015 1c008d6a 00279793 slli             x15, x15, 0x2       x15=00000004 x15:00000001
14980523ns          245016 1c008d6c 00d7f7b3 and              x15, x15, x13       x15=00000000 x15:00000004 x13:00001f80
14980543ns          245017 1c008d6e ee873733 p.bclr           x14, x14, 23, 8     x14=00000008 x14:00000008
14980563ns          245018 1c008d72 1a10f6b7 lui              x13, 0x1a10f000     x13=1a10f000
14980583ns          245019 1c008d76 0ff57513 andi             x10, x10, 255       x10=00000065 x10:00000065
14980603ns          245020 1c008d7a 00d70733 add              x14, x14, x13       x14=1a10f008 x14:00000008 x13:1a10f000
14980623ns          245021 1c008d7c 00a7e723 p.sw             x10, x0(x15)        x10:00000065 x15:00000000  PA:1a10f008
14980941ns          245037 1c008d80 00000513 addi             x10, x0, 0          x10=00000000
14980961ns          245038 1c008d82 00008067 jalr             x0, x1, 0            x1:1c008e52
14981020ns          245041 1c008e52 31f52563 p.beqimm         x10, 778            x10:00000000
14981040ns          245042 1c008e56 001d8d93 addi             x27, x27, 1         x27=0000000d x27:0000000c
14981060ns          245043 1c008e58 00044503 lbu              x10, 0(x8)          x10=00000072  x8:1c000032  PA:1c000032
14981359ns          245058 1c008e5c 00140413 addi             x8, x8, 1            x8=1c000033  x8:1c000032
14981378ns          245059 1c008e5e fe0514e3 bne              x10, x0, -24        x10:00000072
14981458ns          245063 1c008e46 02500793 addi             x15, x0, 37         x15=00000025
14981478ns          245064 1c008e4a 04f50863 beq              x10, x15, 80        x10:00000072 x15:00000025
14981498ns          245065 1c008e4e 01a005b3 add              x11, x0, x26        x11=00000002 x26:00000002
14981518ns          245066 1c008e50 000b00e7 jalr             x1, x22, 0           x1=1c008e52 x22:1c008d5c
14981557ns          245068 1c008d5c 000026b7 lui              x13, 0x2000         x13=00002000
14981577ns          245069 1c008d5e f14027f3 csrrs            x15, x0, 0xf14      x15=00000001
14981597ns          245070 1c008d62 f8068693 addi             x13, x13, -128      x13=00001f80 x13:00002000
14981617ns          245071 1c008d66 00379713 slli             x14, x15, 0x3       x14=00000008 x15:00000001
14981637ns          245072 1c008d6a 00279793 slli             x15, x15, 0x2       x15=00000004 x15:00000001
14981657ns          245073 1c008d6c 00d7f7b3 and              x15, x15, x13       x15=00000000 x15:00000004 x13:00001f80
14981677ns          245074 1c008d6e ee873733 p.bclr           x14, x14, 23, 8     x14=00000008 x14:00000008
14981697ns          245075 1c008d72 1a10f6b7 lui              x13, 0x1a10f000     x13=1a10f000
14981717ns          245076 1c008d76 0ff57513 andi             x10, x10, 255       x10=00000072 x10:00000072
14981736ns          245077 1c008d7a 00d70733 add              x14, x14, x13       x14=1a10f008 x14:00000008 x13:1a10f000
14981756ns          245078 1c008d7c 00a7e723 p.sw             x10, x0(x15)        x10:00000072 x15:00000000  PA:1a10f008
14982095ns          245095 1c008d80 00000513 addi             x10, x0, 0          x10=00000000
14982114ns          245096 1c008d82 00008067 jalr             x0, x1, 0            x1:1c008e52
14982174ns          245099 1c008e52 31f52563 p.beqimm         x10, 778            x10:00000000
14982194ns          245100 1c008e56 001d8d93 addi             x27, x27, 1         x27=0000000e x27:0000000d
14982214ns          245101 1c008e58 00044503 lbu              x10, 0(x8)          x10=0000006e  x8:1c000033  PA:1c000033
14982512ns          245116 1c008e5c 00140413 addi             x8, x8, 1            x8=1c000034  x8:1c000033
14982532ns          245117 1c008e5e fe0514e3 bne              x10, x0, -24        x10:0000006e
14982612ns          245121 1c008e46 02500793 addi             x15, x0, 37         x15=00000025
14982632ns          245122 1c008e4a 04f50863 beq              x10, x15, 80        x10:0000006e x15:00000025
14982651ns          245123 1c008e4e 01a005b3 add              x11, x0, x26        x11=00000002 x26:00000002
14982671ns          245124 1c008e50 000b00e7 jalr             x1, x22, 0           x1=1c008e52 x22:1c008d5c
14982711ns          245126 1c008d5c 000026b7 lui              x13, 0x2000         x13=00002000
14982731ns          245127 1c008d5e f14027f3 csrrs            x15, x0, 0xf14      x15=00000001
14982751ns          245128 1c008d62 f8068693 addi             x13, x13, -128      x13=00001f80 x13:00002000
14982771ns          245129 1c008d66 00379713 slli             x14, x15, 0x3       x14=00000008 x15:00000001
14982791ns          245130 1c008d6a 00279793 slli             x15, x15, 0x2       x15=00000004 x15:00000001
14982811ns          245131 1c008d6c 00d7f7b3 and              x15, x15, x13       x15=00000000 x15:00000004 x13:00001f80
14982830ns          245132 1c008d6e ee873733 p.bclr           x14, x14, 23, 8     x14=00000008 x14:00000008
14982850ns          245133 1c008d72 1a10f6b7 lui              x13, 0x1a10f000     x13=1a10f000
14982870ns          245134 1c008d76 0ff57513 andi             x10, x10, 255       x10=0000006e x10:0000006e
14982890ns          245135 1c008d7a 00d70733 add              x14, x14, x13       x14=1a10f008 x14:00000008 x13:1a10f000
14982910ns          245136 1c008d7c 00a7e723 p.sw             x10, x0(x15)        x10:0000006e x15:00000000  PA:1a10f008
14983228ns          245152 1c008d80 00000513 addi             x10, x0, 0          x10=00000000
14983248ns          245153 1c008d82 00008067 jalr             x0, x1, 0            x1:1c008e52
14983308ns          245156 1c008e52 31f52563 p.beqimm         x10, 778            x10:00000000
14983328ns          245157 1c008e56 001d8d93 addi             x27, x27, 1         x27=0000000f x27:0000000e
14983348ns          245158 1c008e58 00044503 lbu              x10, 0(x8)          x10=00000065  x8:1c000034  PA:1c000034
14983646ns          245173 1c008e5c 00140413 addi             x8, x8, 1            x8=1c000035  x8:1c000034
14983666ns          245174 1c008e5e fe0514e3 bne              x10, x0, -24        x10:00000065
14983745ns          245178 1c008e46 02500793 addi             x15, x0, 37         x15=00000025
14983765ns          245179 1c008e4a 04f50863 beq              x10, x15, 80        x10:00000065 x15:00000025
14983785ns          245180 1c008e4e 01a005b3 add              x11, x0, x26        x11=00000002 x26:00000002
14983805ns          245181 1c008e50 000b00e7 jalr             x1, x22, 0           x1=1c008e52 x22:1c008d5c
14983845ns          245183 1c008d5c 000026b7 lui              x13, 0x2000         x13=00002000
14983865ns          245184 1c008d5e f14027f3 csrrs            x15, x0, 0xf14      x15=00000001
14983885ns          245185 1c008d62 f8068693 addi             x13, x13, -128      x13=00001f80 x13:00002000
14983905ns          245186 1c008d66 00379713 slli             x14, x15, 0x3       x14=00000008 x15:00000001
14983924ns          245187 1c008d6a 00279793 slli             x15, x15, 0x2       x15=00000004 x15:00000001
14983944ns          245188 1c008d6c 00d7f7b3 and              x15, x15, x13       x15=00000000 x15:00000004 x13:00001f80
14983964ns          245189 1c008d6e ee873733 p.bclr           x14, x14, 23, 8     x14=00000008 x14:00000008
14983984ns          245190 1c008d72 1a10f6b7 lui              x13, 0x1a10f000     x13=1a10f000
14984004ns          245191 1c008d76 0ff57513 andi             x10, x10, 255       x10=00000065 x10:00000065
14984024ns          245192 1c008d7a 00d70733 add              x14, x14, x13       x14=1a10f008 x14:00000008 x13:1a10f000
14984044ns          245193 1c008d7c 00a7e723 p.sw             x10, x0(x15)        x10:00000065 x15:00000000  PA:1a10f008
14984362ns          245209 1c008d80 00000513 addi             x10, x0, 0          x10=00000000
14984382ns          245210 1c008d82 00008067 jalr             x0, x1, 0            x1:1c008e52
14984442ns          245213 1c008e52 31f52563 p.beqimm         x10, 778            x10:00000000
14984462ns          245214 1c008e56 001d8d93 addi             x27, x27, 1         x27=00000010 x27:0000000f
14984481ns          245215 1c008e58 00044503 lbu              x10, 0(x8)          x10=0000006c  x8:1c000035  PA:1c000035
14984780ns          245230 1c008e5c 00140413 addi             x8, x8, 1            x8=1c000036  x8:1c000035
14984800ns          245231 1c008e5e fe0514e3 bne              x10, x0, -24        x10:0000006c
14984879ns          245235 1c008e46 02500793 addi             x15, x0, 37         x15=00000025
14984899ns          245236 1c008e4a 04f50863 beq              x10, x15, 80        x10:0000006c x15:00000025
14984919ns          245237 1c008e4e 01a005b3 add              x11, x0, x26        x11=00000002 x26:00000002
14984939ns          245238 1c008e50 000b00e7 jalr             x1, x22, 0           x1=1c008e52 x22:1c008d5c
14984979ns          245240 1c008d5c 000026b7 lui              x13, 0x2000         x13=00002000
14984999ns          245241 1c008d5e f14027f3 csrrs            x15, x0, 0xf14      x15=00000001
14985018ns          245242 1c008d62 f8068693 addi             x13, x13, -128      x13=00001f80 x13:00002000
14985038ns          245243 1c008d66 00379713 slli             x14, x15, 0x3       x14=00000008 x15:00000001
14985058ns          245244 1c008d6a 00279793 slli             x15, x15, 0x2       x15=00000004 x15:00000001
14985078ns          245245 1c008d6c 00d7f7b3 and              x15, x15, x13       x15=00000000 x15:00000004 x13:00001f80
14985098ns          245246 1c008d6e ee873733 p.bclr           x14, x14, 23, 8     x14=00000008 x14:00000008
14985118ns          245247 1c008d72 1a10f6b7 lui              x13, 0x1a10f000     x13=1a10f000
14985138ns          245248 1c008d76 0ff57513 andi             x10, x10, 255       x10=0000006c x10:0000006c
14985158ns          245249 1c008d7a 00d70733 add              x14, x14, x13       x14=1a10f008 x14:00000008 x13:1a10f000
14985178ns          245250 1c008d7c 00a7e723 p.sw             x10, x0(x15)        x10:0000006c x15:00000000  PA:1a10f008
14985536ns          245268 1c008d80 00000513 addi             x10, x0, 0          x10=00000000
14985556ns          245269 1c008d82 00008067 jalr             x0, x1, 0            x1:1c008e52
14985615ns          245272 1c008e52 31f52563 p.beqimm         x10, 778            x10:00000000
14985635ns          245273 1c008e56 001d8d93 addi             x27, x27, 1         x27=00000011 x27:00000010
14985655ns          245274 1c008e58 00044503 lbu              x10, 0(x8)          x10=00000020  x8:1c000036  PA:1c000036
14985973ns          245290 1c008e5c 00140413 addi             x8, x8, 1            x8=1c000037  x8:1c000036
14985993ns          245291 1c008e5e fe0514e3 bne              x10, x0, -24        x10:00000020
14986073ns          245295 1c008e46 02500793 addi             x15, x0, 37         x15=00000025
14986093ns          245296 1c008e4a 04f50863 beq              x10, x15, 80        x10:00000020 x15:00000025
14986112ns          245297 1c008e4e 01a005b3 add              x11, x0, x26        x11=00000002 x26:00000002
14986132ns          245298 1c008e50 000b00e7 jalr             x1, x22, 0           x1=1c008e52 x22:1c008d5c
14986172ns          245300 1c008d5c 000026b7 lui              x13, 0x2000         x13=00002000
14986192ns          245301 1c008d5e f14027f3 csrrs            x15, x0, 0xf14      x15=00000001
14986212ns          245302 1c008d62 f8068693 addi             x13, x13, -128      x13=00001f80 x13:00002000
14986232ns          245303 1c008d66 00379713 slli             x14, x15, 0x3       x14=00000008 x15:00000001
14986252ns          245304 1c008d6a 00279793 slli             x15, x15, 0x2       x15=00000004 x15:00000001
14986272ns          245305 1c008d6c 00d7f7b3 and              x15, x15, x13       x15=00000000 x15:00000004 x13:00001f80
14986291ns          245306 1c008d6e ee873733 p.bclr           x14, x14, 23, 8     x14=00000008 x14:00000008
14986311ns          245307 1c008d72 1a10f6b7 lui              x13, 0x1a10f000     x13=1a10f000
14986331ns          245308 1c008d76 0ff57513 andi             x10, x10, 255       x10=00000020 x10:00000020
14986351ns          245309 1c008d7a 00d70733 add              x14, x14, x13       x14=1a10f008 x14:00000008 x13:1a10f000
14986371ns          245310 1c008d7c 00a7e723 p.sw             x10, x0(x15)        x10:00000020 x15:00000000  PA:1a10f008
14986689ns          245326 1c008d80 00000513 addi             x10, x0, 0          x10=00000000
14986709ns          245327 1c008d82 00008067 jalr             x0, x1, 0            x1:1c008e52
14986769ns          245330 1c008e52 31f52563 p.beqimm         x10, 778            x10:00000000
14986789ns          245331 1c008e56 001d8d93 addi             x27, x27, 1         x27=00000012 x27:00000011
14986809ns          245332 1c008e58 00044503 lbu              x10, 0(x8)          x10=00000069  x8:1c000037  PA:1c000037
14987107ns          245347 1c008e5c 00140413 addi             x8, x8, 1            x8=1c000038  x8:1c000037
14987127ns          245348 1c008e5e fe0514e3 bne              x10, x0, -24        x10:00000069
14987206ns          245352 1c008e46 02500793 addi             x15, x0, 37         x15=00000025
14987226ns          245353 1c008e4a 04f50863 beq              x10, x15, 80        x10:00000069 x15:00000025
14987246ns          245354 1c008e4e 01a005b3 add              x11, x0, x26        x11=00000002 x26:00000002
14987266ns          245355 1c008e50 000b00e7 jalr             x1, x22, 0           x1=1c008e52 x22:1c008d5c
14987306ns          245357 1c008d5c 000026b7 lui              x13, 0x2000         x13=00002000
14987326ns          245358 1c008d5e f14027f3 csrrs            x15, x0, 0xf14      x15=00000001
14987346ns          245359 1c008d62 f8068693 addi             x13, x13, -128      x13=00001f80 x13:00002000
14987366ns          245360 1c008d66 00379713 slli             x14, x15, 0x3       x14=00000008 x15:00000001
14987385ns          245361 1c008d6a 00279793 slli             x15, x15, 0x2       x15=00000004 x15:00000001
14987405ns          245362 1c008d6c 00d7f7b3 and              x15, x15, x13       x15=00000000 x15:00000004 x13:00001f80
14987425ns          245363 1c008d6e ee873733 p.bclr           x14, x14, 23, 8     x14=00000008 x14:00000008
14987445ns          245364 1c008d72 1a10f6b7 lui              x13, 0x1a10f000     x13=1a10f000
14987465ns          245365 1c008d76 0ff57513 andi             x10, x10, 255       x10=00000069 x10:00000069
14987485ns          245366 1c008d7a 00d70733 add              x14, x14, x13       x14=1a10f008 x14:00000008 x13:1a10f000
14987505ns          245367 1c008d7c 00a7e723 p.sw             x10, x0(x15)        x10:00000069 x15:00000000  PA:1a10f008
14987823ns          245383 1c008d80 00000513 addi             x10, x0, 0          x10=00000000
14987843ns          245384 1c008d82 00008067 jalr             x0, x1, 0            x1:1c008e52
14987903ns          245387 1c008e52 31f52563 p.beqimm         x10, 778            x10:00000000
14987923ns          245388 1c008e56 001d8d93 addi             x27, x27, 1         x27=00000013 x27:00000012
14987942ns          245389 1c008e58 00044503 lbu              x10, 0(x8)          x10=00000074  x8:1c000038  PA:1c000038
14988241ns          245404 1c008e5c 00140413 addi             x8, x8, 1            x8=1c000039  x8:1c000038
14988261ns          245405 1c008e5e fe0514e3 bne              x10, x0, -24        x10:00000074
14988340ns          245409 1c008e46 02500793 addi             x15, x0, 37         x15=00000025
14988360ns          245410 1c008e4a 04f50863 beq              x10, x15, 80        x10:00000074 x15:00000025
14988380ns          245411 1c008e4e 01a005b3 add              x11, x0, x26        x11=00000002 x26:00000002
14988400ns          245412 1c008e50 000b00e7 jalr             x1, x22, 0           x1=1c008e52 x22:1c008d5c
14988440ns          245414 1c008d5c 000026b7 lui              x13, 0x2000         x13=00002000
14988460ns          245415 1c008d5e f14027f3 csrrs            x15, x0, 0xf14      x15=00000001
14988479ns          245416 1c008d62 f8068693 addi             x13, x13, -128      x13=00001f80 x13:00002000
14988499ns          245417 1c008d66 00379713 slli             x14, x15, 0x3       x14=00000008 x15:00000001
14988519ns          245418 1c008d6a 00279793 slli             x15, x15, 0x2       x15=00000004 x15:00000001
14988539ns          245419 1c008d6c 00d7f7b3 and              x15, x15, x13       x15=00000000 x15:00000004 x13:00001f80
14988559ns          245420 1c008d6e ee873733 p.bclr           x14, x14, 23, 8     x14=00000008 x14:00000008
14988579ns          245421 1c008d72 1a10f6b7 lui              x13, 0x1a10f000     x13=1a10f000
14988599ns          245422 1c008d76 0ff57513 andi             x10, x10, 255       x10=00000074 x10:00000074
14988619ns          245423 1c008d7a 00d70733 add              x14, x14, x13       x14=1a10f008 x14:00000008 x13:1a10f000
14988639ns          245424 1c008d7c 00a7e723 p.sw             x10, x0(x15)        x10:00000074 x15:00000000  PA:1a10f008
14988957ns          245440 1c008d80 00000513 addi             x10, x0, 0          x10=00000000
14988977ns          245441 1c008d82 00008067 jalr             x0, x1, 0            x1:1c008e52
14989036ns          245444 1c008e52 31f52563 p.beqimm         x10, 778            x10:00000000
14989056ns          245445 1c008e56 001d8d93 addi             x27, x27, 1         x27=00000014 x27:00000013
14989076ns          245446 1c008e58 00044503 lbu              x10, 0(x8)          x10=00000065  x8:1c000039  PA:1c000039
14989375ns          245461 1c008e5c 00140413 addi             x8, x8, 1            x8=1c00003a  x8:1c000039
14989394ns          245462 1c008e5e fe0514e3 bne              x10, x0, -24        x10:00000065
14989474ns          245466 1c008e46 02500793 addi             x15, x0, 37         x15=00000025
14989494ns          245467 1c008e4a 04f50863 beq              x10, x15, 80        x10:00000065 x15:00000025
14989514ns          245468 1c008e4e 01a005b3 add              x11, x0, x26        x11=00000002 x26:00000002
14989534ns          245469 1c008e50 000b00e7 jalr             x1, x22, 0           x1=1c008e52 x22:1c008d5c
14989573ns          245471 1c008d5c 000026b7 lui              x13, 0x2000         x13=00002000
14989593ns          245472 1c008d5e f14027f3 csrrs            x15, x0, 0xf14      x15=00000001
14989613ns          245473 1c008d62 f8068693 addi             x13, x13, -128      x13=00001f80 x13:00002000
14989633ns          245474 1c008d66 00379713 slli             x14, x15, 0x3       x14=00000008 x15:00000001
14989653ns          245475 1c008d6a 00279793 slli             x15, x15, 0x2       x15=00000004 x15:00000001
14989673ns          245476 1c008d6c 00d7f7b3 and              x15, x15, x13       x15=00000000 x15:00000004 x13:00001f80
14989693ns          245477 1c008d6e ee873733 p.bclr           x14, x14, 23, 8     x14=00000008 x14:00000008
14989713ns          245478 1c008d72 1a10f6b7 lui              x13, 0x1a10f000     x13=1a10f000
14989733ns          245479 1c008d76 0ff57513 andi             x10, x10, 255       x10=00000065 x10:00000065
14989752ns          245480 1c008d7a 00d70733 add              x14, x14, x13       x14=1a10f008 x14:00000008 x13:1a10f000
14989772ns          245481 1c008d7c 00a7e723 p.sw             x10, x0(x15)        x10:00000065 x15:00000000  PA:1a10f008
14990111ns          245498 1c008d80 00000513 addi             x10, x0, 0          x10=00000000
14990130ns          245499 1c008d82 00008067 jalr             x0, x1, 0            x1:1c008e52
14990190ns          245502 1c008e52 31f52563 p.beqimm         x10, 778            x10:00000000
14990210ns          245503 1c008e56 001d8d93 addi             x27, x27, 1         x27=00000015 x27:00000014
14990230ns          245504 1c008e58 00044503 lbu              x10, 0(x8)          x10=00000072  x8:1c00003a  PA:1c00003a
14990528ns          245519 1c008e5c 00140413 addi             x8, x8, 1            x8=1c00003b  x8:1c00003a
14990548ns          245520 1c008e5e fe0514e3 bne              x10, x0, -24        x10:00000072
14990628ns          245524 1c008e46 02500793 addi             x15, x0, 37         x15=00000025
14990648ns          245525 1c008e4a 04f50863 beq              x10, x15, 80        x10:00000072 x15:00000025
14990667ns          245526 1c008e4e 01a005b3 add              x11, x0, x26        x11=00000002 x26:00000002
14990687ns          245527 1c008e50 000b00e7 jalr             x1, x22, 0           x1=1c008e52 x22:1c008d5c
14990727ns          245529 1c008d5c 000026b7 lui              x13, 0x2000         x13=00002000
14990747ns          245530 1c008d5e f14027f3 csrrs            x15, x0, 0xf14      x15=00000001
14990767ns          245531 1c008d62 f8068693 addi             x13, x13, -128      x13=00001f80 x13:00002000
14990787ns          245532 1c008d66 00379713 slli             x14, x15, 0x3       x14=00000008 x15:00000001
14990807ns          245533 1c008d6a 00279793 slli             x15, x15, 0x2       x15=00000004 x15:00000001
14990827ns          245534 1c008d6c 00d7f7b3 and              x15, x15, x13       x15=00000000 x15:00000004 x13:00001f80
14990846ns          245535 1c008d6e ee873733 p.bclr           x14, x14, 23, 8     x14=00000008 x14:00000008
14990866ns          245536 1c008d72 1a10f6b7 lui              x13, 0x1a10f000     x13=1a10f000
14990886ns          245537 1c008d76 0ff57513 andi             x10, x10, 255       x10=00000072 x10:00000072
14990906ns          245538 1c008d7a 00d70733 add              x14, x14, x13       x14=1a10f008 x14:00000008 x13:1a10f000
14990926ns          245539 1c008d7c 00a7e723 p.sw             x10, x0(x15)        x10:00000072 x15:00000000  PA:1a10f008
14991244ns          245555 1c008d80 00000513 addi             x10, x0, 0          x10=00000000
14991264ns          245556 1c008d82 00008067 jalr             x0, x1, 0            x1:1c008e52
14991324ns          245559 1c008e52 31f52563 p.beqimm         x10, 778            x10:00000000
14991344ns          245560 1c008e56 001d8d93 addi             x27, x27, 1         x27=00000016 x27:00000015
14991364ns          245561 1c008e58 00044503 lbu              x10, 0(x8)          x10=00000061  x8:1c00003b  PA:1c00003b
14991662ns          245576 1c008e5c 00140413 addi             x8, x8, 1            x8=1c00003c  x8:1c00003b
14991682ns          245577 1c008e5e fe0514e3 bne              x10, x0, -24        x10:00000061
14991761ns          245581 1c008e46 02500793 addi             x15, x0, 37         x15=00000025
14991781ns          245582 1c008e4a 04f50863 beq              x10, x15, 80        x10:00000061 x15:00000025
14991801ns          245583 1c008e4e 01a005b3 add              x11, x0, x26        x11=00000002 x26:00000002
14991821ns          245584 1c008e50 000b00e7 jalr             x1, x22, 0           x1=1c008e52 x22:1c008d5c
14991861ns          245586 1c008d5c 000026b7 lui              x13, 0x2000         x13=00002000
14991881ns          245587 1c008d5e f14027f3 csrrs            x15, x0, 0xf14      x15=00000001
14991901ns          245588 1c008d62 f8068693 addi             x13, x13, -128      x13=00001f80 x13:00002000
14991921ns          245589 1c008d66 00379713 slli             x14, x15, 0x3       x14=00000008 x15:00000001
14991940ns          245590 1c008d6a 00279793 slli             x15, x15, 0x2       x15=00000004 x15:00000001
14991960ns          245591 1c008d6c 00d7f7b3 and              x15, x15, x13       x15=00000000 x15:00000004 x13:00001f80
14991980ns          245592 1c008d6e ee873733 p.bclr           x14, x14, 23, 8     x14=00000008 x14:00000008
14992000ns          245593 1c008d72 1a10f6b7 lui              x13, 0x1a10f000     x13=1a10f000
14992020ns          245594 1c008d76 0ff57513 andi             x10, x10, 255       x10=00000061 x10:00000061
14992040ns          245595 1c008d7a 00d70733 add              x14, x14, x13       x14=1a10f008 x14:00000008 x13:1a10f000
14992060ns          245596 1c008d7c 00a7e723 p.sw             x10, x0(x15)        x10:00000061 x15:00000000  PA:1a10f008
14992378ns          245612 1c008d80 00000513 addi             x10, x0, 0          x10=00000000
14992398ns          245613 1c008d82 00008067 jalr             x0, x1, 0            x1:1c008e52
14992458ns          245616 1c008e52 31f52563 p.beqimm         x10, 778            x10:00000000
14992478ns          245617 1c008e56 001d8d93 addi             x27, x27, 1         x27=00000017 x27:00000016
14992497ns          245618 1c008e58 00044503 lbu              x10, 0(x8)          x10=00000074  x8:1c00003c  PA:1c00003c
14992796ns          245633 1c008e5c 00140413 addi             x8, x8, 1            x8=1c00003d  x8:1c00003c
14992816ns          245634 1c008e5e fe0514e3 bne              x10, x0, -24        x10:00000074
14992895ns          245638 1c008e46 02500793 addi             x15, x0, 37         x15=00000025
14992915ns          245639 1c008e4a 04f50863 beq              x10, x15, 80        x10:00000074 x15:00000025
14992935ns          245640 1c008e4e 01a005b3 add              x11, x0, x26        x11=00000002 x26:00000002
14992955ns          245641 1c008e50 000b00e7 jalr             x1, x22, 0           x1=1c008e52 x22:1c008d5c
14992995ns          245643 1c008d5c 000026b7 lui              x13, 0x2000         x13=00002000
14993015ns          245644 1c008d5e f14027f3 csrrs            x15, x0, 0xf14      x15=00000001
14993034ns          245645 1c008d62 f8068693 addi             x13, x13, -128      x13=00001f80 x13:00002000
14993054ns          245646 1c008d66 00379713 slli             x14, x15, 0x3       x14=00000008 x15:00000001
14993074ns          245647 1c008d6a 00279793 slli             x15, x15, 0x2       x15=00000004 x15:00000001
14993094ns          245648 1c008d6c 00d7f7b3 and              x15, x15, x13       x15=00000000 x15:00000004 x13:00001f80
14993114ns          245649 1c008d6e ee873733 p.bclr           x14, x14, 23, 8     x14=00000008 x14:00000008
14993134ns          245650 1c008d72 1a10f6b7 lui              x13, 0x1a10f000     x13=1a10f000
14993154ns          245651 1c008d76 0ff57513 andi             x10, x10, 255       x10=00000074 x10:00000074
14993174ns          245652 1c008d7a 00d70733 add              x14, x14, x13       x14=1a10f008 x14:00000008 x13:1a10f000
14993194ns          245653 1c008d7c 00a7e723 p.sw             x10, x0(x15)        x10:00000074 x15:00000000  PA:1a10f008
14993532ns          245670 1c008d80 00000513 addi             x10, x0, 0          x10=00000000
14993552ns          245671 1c008d82 00008067 jalr             x0, x1, 0            x1:1c008e52
14993611ns          245674 1c008e52 31f52563 p.beqimm         x10, 778            x10:00000000
14993631ns          245675 1c008e56 001d8d93 addi             x27, x27, 1         x27=00000018 x27:00000017
14993651ns          245676 1c008e58 00044503 lbu              x10, 0(x8)          x10=00000069  x8:1c00003d  PA:1c00003d
14993969ns          245692 1c008e5c 00140413 addi             x8, x8, 1            x8=1c00003e  x8:1c00003d
14993989ns          245693 1c008e5e fe0514e3 bne              x10, x0, -24        x10:00000069
14994069ns          245697 1c008e46 02500793 addi             x15, x0, 37         x15=00000025
14994089ns          245698 1c008e4a 04f50863 beq              x10, x15, 80        x10:00000069 x15:00000025
14994109ns          245699 1c008e4e 01a005b3 add              x11, x0, x26        x11=00000002 x26:00000002
14994128ns          245700 1c008e50 000b00e7 jalr             x1, x22, 0           x1=1c008e52 x22:1c008d5c
14994168ns          245702 1c008d5c 000026b7 lui              x13, 0x2000         x13=00002000
14994188ns          245703 1c008d5e f14027f3 csrrs            x15, x0, 0xf14      x15=00000001
14994208ns          245704 1c008d62 f8068693 addi             x13, x13, -128      x13=00001f80 x13:00002000
14994228ns          245705 1c008d66 00379713 slli             x14, x15, 0x3       x14=00000008 x15:00000001
14994248ns          245706 1c008d6a 00279793 slli             x15, x15, 0x2       x15=00000004 x15:00000001
14994268ns          245707 1c008d6c 00d7f7b3 and              x15, x15, x13       x15=00000000 x15:00000004 x13:00001f80
14994288ns          245708 1c008d6e ee873733 p.bclr           x14, x14, 23, 8     x14=00000008 x14:00000008
14994307ns          245709 1c008d72 1a10f6b7 lui              x13, 0x1a10f000     x13=1a10f000
14994327ns          245710 1c008d76 0ff57513 andi             x10, x10, 255       x10=00000069 x10:00000069
14994347ns          245711 1c008d7a 00d70733 add              x14, x14, x13       x14=1a10f008 x14:00000008 x13:1a10f000
14994367ns          245712 1c008d7c 00a7e723 p.sw             x10, x0(x15)        x10:00000069 x15:00000000  PA:1a10f008
14994685ns          245728 1c008d80 00000513 addi             x10, x0, 0          x10=00000000
14994705ns          245729 1c008d82 00008067 jalr             x0, x1, 0            x1:1c008e52
14994765ns          245732 1c008e52 31f52563 p.beqimm         x10, 778            x10:00000000
14994785ns          245733 1c008e56 001d8d93 addi             x27, x27, 1         x27=00000019 x27:00000018
14994805ns          245734 1c008e58 00044503 lbu              x10, 0(x8)          x10=0000006f  x8:1c00003e  PA:1c00003e
14995103ns          245749 1c008e5c 00140413 addi             x8, x8, 1            x8=1c00003f  x8:1c00003e
14995123ns          245750 1c008e5e fe0514e3 bne              x10, x0, -24        x10:0000006f
14995203ns          245754 1c008e46 02500793 addi             x15, x0, 37         x15=00000025
14995222ns          245755 1c008e4a 04f50863 beq              x10, x15, 80        x10:0000006f x15:00000025
14995242ns          245756 1c008e4e 01a005b3 add              x11, x0, x26        x11=00000002 x26:00000002
14995262ns          245757 1c008e50 000b00e7 jalr             x1, x22, 0           x1=1c008e52 x22:1c008d5c
14995302ns          245759 1c008d5c 000026b7 lui              x13, 0x2000         x13=00002000
14995322ns          245760 1c008d5e f14027f3 csrrs            x15, x0, 0xf14      x15=00000001
14995342ns          245761 1c008d62 f8068693 addi             x13, x13, -128      x13=00001f80 x13:00002000
14995362ns          245762 1c008d66 00379713 slli             x14, x15, 0x3       x14=00000008 x15:00000001
14995382ns          245763 1c008d6a 00279793 slli             x15, x15, 0x2       x15=00000004 x15:00000001
14995401ns          245764 1c008d6c 00d7f7b3 and              x15, x15, x13       x15=00000000 x15:00000004 x13:00001f80
14995421ns          245765 1c008d6e ee873733 p.bclr           x14, x14, 23, 8     x14=00000008 x14:00000008
14995441ns          245766 1c008d72 1a10f6b7 lui              x13, 0x1a10f000     x13=1a10f000
14995461ns          245767 1c008d76 0ff57513 andi             x10, x10, 255       x10=0000006f x10:0000006f
14995481ns          245768 1c008d7a 00d70733 add              x14, x14, x13       x14=1a10f008 x14:00000008 x13:1a10f000
14995501ns          245769 1c008d7c 00a7e723 p.sw             x10, x0(x15)        x10:0000006f x15:00000000  PA:1a10f008
14995819ns          245785 1c008d80 00000513 addi             x10, x0, 0          x10=00000000
14995839ns          245786 1c008d82 00008067 jalr             x0, x1, 0            x1:1c008e52
14995899ns          245789 1c008e52 31f52563 p.beqimm         x10, 778            x10:00000000
14995919ns          245790 1c008e56 001d8d93 addi             x27, x27, 1         x27=0000001a x27:00000019
14995938ns          245791 1c008e58 00044503 lbu              x10, 0(x8)          x10=0000006e  x8:1c00003f  PA:1c00003f
14996237ns          245806 1c008e5c 00140413 addi             x8, x8, 1            x8=1c000040  x8:1c00003f
14996257ns          245807 1c008e5e fe0514e3 bne              x10, x0, -24        x10:0000006e
14996336ns          245811 1c008e46 02500793 addi             x15, x0, 37         x15=00000025
14996356ns          245812 1c008e4a 04f50863 beq              x10, x15, 80        x10:0000006e x15:00000025
14996376ns          245813 1c008e4e 01a005b3 add              x11, x0, x26        x11=00000002 x26:00000002
14996396ns          245814 1c008e50 000b00e7 jalr             x1, x22, 0           x1=1c008e52 x22:1c008d5c
14996436ns          245816 1c008d5c 000026b7 lui              x13, 0x2000         x13=00002000
14996456ns          245817 1c008d5e f14027f3 csrrs            x15, x0, 0xf14      x15=00000001
14996476ns          245818 1c008d62 f8068693 addi             x13, x13, -128      x13=00001f80 x13:00002000
14996495ns          245819 1c008d66 00379713 slli             x14, x15, 0x3       x14=00000008 x15:00000001
14996515ns          245820 1c008d6a 00279793 slli             x15, x15, 0x2       x15=00000004 x15:00000001
14996535ns          245821 1c008d6c 00d7f7b3 and              x15, x15, x13       x15=00000000 x15:00000004 x13:00001f80
14996555ns          245822 1c008d6e ee873733 p.bclr           x14, x14, 23, 8     x14=00000008 x14:00000008
14996575ns          245823 1c008d72 1a10f6b7 lui              x13, 0x1a10f000     x13=1a10f000
14996595ns          245824 1c008d76 0ff57513 andi             x10, x10, 255       x10=0000006e x10:0000006e
14996615ns          245825 1c008d7a 00d70733 add              x14, x14, x13       x14=1a10f008 x14:00000008 x13:1a10f000
14996635ns          245826 1c008d7c 00a7e723 p.sw             x10, x0(x15)        x10:0000006e x15:00000000  PA:1a10f008
14996953ns          245842 1c008d80 00000513 addi             x10, x0, 0          x10=00000000
14996973ns          245843 1c008d82 00008067 jalr             x0, x1, 0            x1:1c008e52
14997032ns          245846 1c008e52 31f52563 p.beqimm         x10, 778            x10:00000000
14997052ns          245847 1c008e56 001d8d93 addi             x27, x27, 1         x27=0000001b x27:0000001a
14997072ns          245848 1c008e58 00044503 lbu              x10, 0(x8)          x10=00000073  x8:1c000040  PA:1c000040
14997371ns          245863 1c008e5c 00140413 addi             x8, x8, 1            x8=1c000041  x8:1c000040
14997391ns          245864 1c008e5e fe0514e3 bne              x10, x0, -24        x10:00000073
14997470ns          245868 1c008e46 02500793 addi             x15, x0, 37         x15=00000025
14997490ns          245869 1c008e4a 04f50863 beq              x10, x15, 80        x10:00000073 x15:00000025
14997510ns          245870 1c008e4e 01a005b3 add              x11, x0, x26        x11=00000002 x26:00000002
14997530ns          245871 1c008e50 000b00e7 jalr             x1, x22, 0           x1=1c008e52 x22:1c008d5c
14997570ns          245873 1c008d5c 000026b7 lui              x13, 0x2000         x13=00002000
14997589ns          245874 1c008d5e f14027f3 csrrs            x15, x0, 0xf14      x15=00000001
14997609ns          245875 1c008d62 f8068693 addi             x13, x13, -128      x13=00001f80 x13:00002000
14997629ns          245876 1c008d66 00379713 slli             x14, x15, 0x3       x14=00000008 x15:00000001
14997649ns          245877 1c008d6a 00279793 slli             x15, x15, 0x2       x15=00000004 x15:00000001
14997669ns          245878 1c008d6c 00d7f7b3 and              x15, x15, x13       x15=00000000 x15:00000004 x13:00001f80
14997689ns          245879 1c008d6e ee873733 p.bclr           x14, x14, 23, 8     x14=00000008 x14:00000008
14997709ns          245880 1c008d72 1a10f6b7 lui              x13, 0x1a10f000     x13=1a10f000
14997729ns          245881 1c008d76 0ff57513 andi             x10, x10, 255       x10=00000073 x10:00000073
14997749ns          245882 1c008d7a 00d70733 add              x14, x14, x13       x14=1a10f008 x14:00000008 x13:1a10f000
14997768ns          245883 1c008d7c 00a7e723 p.sw             x10, x0(x15)        x10:00000073 x15:00000000  PA:1a10f008
14998107ns          245900 1c008d80 00000513 addi             x10, x0, 0          x10=00000000
14998126ns          245901 1c008d82 00008067 jalr             x0, x1, 0            x1:1c008e52
14998186ns          245904 1c008e52 31f52563 p.beqimm         x10, 778            x10:00000000
14998206ns          245905 1c008e56 001d8d93 addi             x27, x27, 1         x27=0000001c x27:0000001b
14998226ns          245906 1c008e58 00044503 lbu              x10, 0(x8)          x10=0000002e  x8:1c000041  PA:1c000041
14998524ns          245921 1c008e5c 00140413 addi             x8, x8, 1            x8=1c000042  x8:1c000041
14998544ns          245922 1c008e5e fe0514e3 bne              x10, x0, -24        x10:0000002e
14998624ns          245926 1c008e46 02500793 addi             x15, x0, 37         x15=00000025
14998644ns          245927 1c008e4a 04f50863 beq              x10, x15, 80        x10:0000002e x15:00000025
14998664ns          245928 1c008e4e 01a005b3 add              x11, x0, x26        x11=00000002 x26:00000002
14998683ns          245929 1c008e50 000b00e7 jalr             x1, x22, 0           x1=1c008e52 x22:1c008d5c
14998723ns          245931 1c008d5c 000026b7 lui              x13, 0x2000         x13=00002000
14998743ns          245932 1c008d5e f14027f3 csrrs            x15, x0, 0xf14      x15=00000001
14998763ns          245933 1c008d62 f8068693 addi             x13, x13, -128      x13=00001f80 x13:00002000
14998783ns          245934 1c008d66 00379713 slli             x14, x15, 0x3       x14=00000008 x15:00000001
14998803ns          245935 1c008d6a 00279793 slli             x15, x15, 0x2       x15=00000004 x15:00000001
14998823ns          245936 1c008d6c 00d7f7b3 and              x15, x15, x13       x15=00000000 x15:00000004 x13:00001f80
14998843ns          245937 1c008d6e ee873733 p.bclr           x14, x14, 23, 8     x14=00000008 x14:00000008
14998862ns          245938 1c008d72 1a10f6b7 lui              x13, 0x1a10f000     x13=1a10f000
14998882ns          245939 1c008d76 0ff57513 andi             x10, x10, 255       x10=0000002e x10:0000002e
14998902ns          245940 1c008d7a 00d70733 add              x14, x14, x13       x14=1a10f008 x14:00000008 x13:1a10f000
14998922ns          245941 1c008d7c 00a7e723 p.sw             x10, x0(x15)        x10:0000002e x15:00000000  PA:1a10f008
14999240ns          245957 1c008d80 00000513 addi             x10, x0, 0          x10=00000000
14999260ns          245958 1c008d82 00008067 jalr             x0, x1, 0            x1:1c008e52
14999320ns          245961 1c008e52 31f52563 p.beqimm         x10, 778            x10:00000000
14999340ns          245962 1c008e56 001d8d93 addi             x27, x27, 1         x27=0000001d x27:0000001c
14999360ns          245963 1c008e58 00044503 lbu              x10, 0(x8)          x10=0000002e  x8:1c000042  PA:1c000042
14999658ns          245978 1c008e5c 00140413 addi             x8, x8, 1            x8=1c000043  x8:1c000042
14999678ns          245979 1c008e5e fe0514e3 bne              x10, x0, -24        x10:0000002e
14999758ns          245983 1c008e46 02500793 addi             x15, x0, 37         x15=00000025
14999777ns          245984 1c008e4a 04f50863 beq              x10, x15, 80        x10:0000002e x15:00000025
14999797ns          245985 1c008e4e 01a005b3 add              x11, x0, x26        x11=00000002 x26:00000002
14999817ns          245986 1c008e50 000b00e7 jalr             x1, x22, 0           x1=1c008e52 x22:1c008d5c
14999857ns          245988 1c008d5c 000026b7 lui              x13, 0x2000         x13=00002000
14999877ns          245989 1c008d5e f14027f3 csrrs            x15, x0, 0xf14      x15=00000001
14999897ns          245990 1c008d62 f8068693 addi             x13, x13, -128      x13=00001f80 x13:00002000
14999917ns          245991 1c008d66 00379713 slli             x14, x15, 0x3       x14=00000008 x15:00000001
14999937ns          245992 1c008d6a 00279793 slli             x15, x15, 0x2       x15=00000004 x15:00000001
14999956ns          245993 1c008d6c 00d7f7b3 and              x15, x15, x13       x15=00000000 x15:00000004 x13:00001f80
14999976ns          245994 1c008d6e ee873733 p.bclr           x14, x14, 23, 8     x14=00000008 x14:00000008
14999996ns          245995 1c008d72 1a10f6b7 lui              x13, 0x1a10f000     x13=1a10f000
15000016ns          245996 1c008d76 0ff57513 andi             x10, x10, 255       x10=0000002e x10:0000002e
15000036ns          245997 1c008d7a 00d70733 add              x14, x14, x13       x14=1a10f008 x14:00000008 x13:1a10f000
15000056ns          245998 1c008d7c 00a7e723 p.sw             x10, x0(x15)        x10:0000002e x15:00000000  PA:1a10f008
15000374ns          246014 1c008d80 00000513 addi             x10, x0, 0          x10=00000000
15000394ns          246015 1c008d82 00008067 jalr             x0, x1, 0            x1:1c008e52
15000454ns          246018 1c008e52 31f52563 p.beqimm         x10, 778            x10:00000000
15000474ns          246019 1c008e56 001d8d93 addi             x27, x27, 1         x27=0000001e x27:0000001d
15000493ns          246020 1c008e58 00044503 lbu              x10, 0(x8)          x10=0000002e  x8:1c000043  PA:1c000043
15000792ns          246035 1c008e5c 00140413 addi             x8, x8, 1            x8=1c000044  x8:1c000043
15000812ns          246036 1c008e5e fe0514e3 bne              x10, x0, -24        x10:0000002e
15000891ns          246040 1c008e46 02500793 addi             x15, x0, 37         x15=00000025
15000911ns          246041 1c008e4a 04f50863 beq              x10, x15, 80        x10:0000002e x15:00000025
15000931ns          246042 1c008e4e 01a005b3 add              x11, x0, x26        x11=00000002 x26:00000002
15000951ns          246043 1c008e50 000b00e7 jalr             x1, x22, 0           x1=1c008e52 x22:1c008d5c
15000991ns          246045 1c008d5c 000026b7 lui              x13, 0x2000         x13=00002000
15001011ns          246046 1c008d5e f14027f3 csrrs            x15, x0, 0xf14      x15=00000001
15001031ns          246047 1c008d62 f8068693 addi             x13, x13, -128      x13=00001f80 x13:00002000
15001050ns          246048 1c008d66 00379713 slli             x14, x15, 0x3       x14=00000008 x15:00000001
15001070ns          246049 1c008d6a 00279793 slli             x15, x15, 0x2       x15=00000004 x15:00000001
15001090ns          246050 1c008d6c 00d7f7b3 and              x15, x15, x13       x15=00000000 x15:00000004 x13:00001f80
15001110ns          246051 1c008d6e ee873733 p.bclr           x14, x14, 23, 8     x14=00000008 x14:00000008
15001130ns          246052 1c008d72 1a10f6b7 lui              x13, 0x1a10f000     x13=1a10f000
15001150ns          246053 1c008d76 0ff57513 andi             x10, x10, 255       x10=0000002e x10:0000002e
15001170ns          246054 1c008d7a 00d70733 add              x14, x14, x13       x14=1a10f008 x14:00000008 x13:1a10f000
15001190ns          246055 1c008d7c 00a7e723 p.sw             x10, x0(x15)        x10:0000002e x15:00000000  PA:1a10f008
15001528ns          246072 1c008d80 00000513 addi             x10, x0, 0          x10=00000000
15001548ns          246073 1c008d82 00008067 jalr             x0, x1, 0            x1:1c008e52
15001607ns          246076 1c008e52 31f52563 p.beqimm         x10, 778            x10:00000000
15001627ns          246077 1c008e56 001d8d93 addi             x27, x27, 1         x27=0000001f x27:0000001e
15001647ns          246078 1c008e58 00044503 lbu              x10, 0(x8)          x10=00000020  x8:1c000044  PA:1c000044
15001965ns          246094 1c008e5c 00140413 addi             x8, x8, 1            x8=1c000045  x8:1c000044
15001985ns          246095 1c008e5e fe0514e3 bne              x10, x0, -24        x10:00000020
15002065ns          246099 1c008e46 02500793 addi             x15, x0, 37         x15=00000025
15002085ns          246100 1c008e4a 04f50863 beq              x10, x15, 80        x10:00000020 x15:00000025
15002105ns          246101 1c008e4e 01a005b3 add              x11, x0, x26        x11=00000002 x26:00000002
15002125ns          246102 1c008e50 000b00e7 jalr             x1, x22, 0           x1=1c008e52 x22:1c008d5c
15002164ns          246104 1c008d5c 000026b7 lui              x13, 0x2000         x13=00002000
15002184ns          246105 1c008d5e f14027f3 csrrs            x15, x0, 0xf14      x15=00000001
15002204ns          246106 1c008d62 f8068693 addi             x13, x13, -128      x13=00001f80 x13:00002000
15002224ns          246107 1c008d66 00379713 slli             x14, x15, 0x3       x14=00000008 x15:00000001
15002244ns          246108 1c008d6a 00279793 slli             x15, x15, 0x2       x15=00000004 x15:00000001
15002264ns          246109 1c008d6c 00d7f7b3 and              x15, x15, x13       x15=00000000 x15:00000004 x13:00001f80
15002284ns          246110 1c008d6e ee873733 p.bclr           x14, x14, 23, 8     x14=00000008 x14:00000008
15002304ns          246111 1c008d72 1a10f6b7 lui              x13, 0x1a10f000     x13=1a10f000
15002323ns          246112 1c008d76 0ff57513 andi             x10, x10, 255       x10=00000020 x10:00000020
15002343ns          246113 1c008d7a 00d70733 add              x14, x14, x13       x14=1a10f008 x14:00000008 x13:1a10f000
15002363ns          246114 1c008d7c 00a7e723 p.sw             x10, x0(x15)        x10:00000020 x15:00000000  PA:1a10f008
15002681ns          246130 1c008d80 00000513 addi             x10, x0, 0          x10=00000000
15002701ns          246131 1c008d82 00008067 jalr             x0, x1, 0            x1:1c008e52
15002761ns          246134 1c008e52 31f52563 p.beqimm         x10, 778            x10:00000000
15002781ns          246135 1c008e56 001d8d93 addi             x27, x27, 1         x27=00000020 x27:0000001f
15002801ns          246136 1c008e58 00044503 lbu              x10, 0(x8)          x10=00000028  x8:1c000045  PA:1c000045
15003099ns          246151 1c008e5c 00140413 addi             x8, x8, 1            x8=1c000046  x8:1c000045
15003119ns          246152 1c008e5e fe0514e3 bne              x10, x0, -24        x10:00000028
15003199ns          246156 1c008e46 02500793 addi             x15, x0, 37         x15=00000025
15003219ns          246157 1c008e4a 04f50863 beq              x10, x15, 80        x10:00000028 x15:00000025
15003238ns          246158 1c008e4e 01a005b3 add              x11, x0, x26        x11=00000002 x26:00000002
15003258ns          246159 1c008e50 000b00e7 jalr             x1, x22, 0           x1=1c008e52 x22:1c008d5c
15003298ns          246161 1c008d5c 000026b7 lui              x13, 0x2000         x13=00002000
15003318ns          246162 1c008d5e f14027f3 csrrs            x15, x0, 0xf14      x15=00000001
15003338ns          246163 1c008d62 f8068693 addi             x13, x13, -128      x13=00001f80 x13:00002000
15003358ns          246164 1c008d66 00379713 slli             x14, x15, 0x3       x14=00000008 x15:00000001
15003378ns          246165 1c008d6a 00279793 slli             x15, x15, 0x2       x15=00000004 x15:00000001
15003398ns          246166 1c008d6c 00d7f7b3 and              x15, x15, x13       x15=00000000 x15:00000004 x13:00001f80
15003417ns          246167 1c008d6e ee873733 p.bclr           x14, x14, 23, 8     x14=00000008 x14:00000008
15003437ns          246168 1c008d72 1a10f6b7 lui              x13, 0x1a10f000     x13=1a10f000
15003457ns          246169 1c008d76 0ff57513 andi             x10, x10, 255       x10=00000028 x10:00000028
15003477ns          246170 1c008d7a 00d70733 add              x14, x14, x13       x14=1a10f008 x14:00000008 x13:1a10f000
15003497ns          246171 1c008d7c 00a7e723 p.sw             x10, x0(x15)        x10:00000028 x15:00000000  PA:1a10f008
15003815ns          246187 1c008d80 00000513 addi             x10, x0, 0          x10=00000000
15003835ns          246188 1c008d82 00008067 jalr             x0, x1, 0            x1:1c008e52
15003895ns          246191 1c008e52 31f52563 p.beqimm         x10, 778            x10:00000000
15003915ns          246192 1c008e56 001d8d93 addi             x27, x27, 1         x27=00000021 x27:00000020
15003935ns          246193 1c008e58 00044503 lbu              x10, 0(x8)          x10=00000063  x8:1c000046  PA:1c000046
15004233ns          246208 1c008e5c 00140413 addi             x8, x8, 1            x8=1c000047  x8:1c000046
15004253ns          246209 1c008e5e fe0514e3 bne              x10, x0, -24        x10:00000063
15004332ns          246213 1c008e46 02500793 addi             x15, x0, 37         x15=00000025
15004352ns          246214 1c008e4a 04f50863 beq              x10, x15, 80        x10:00000063 x15:00000025
15004372ns          246215 1c008e4e 01a005b3 add              x11, x0, x26        x11=00000002 x26:00000002
15004392ns          246216 1c008e50 000b00e7 jalr             x1, x22, 0           x1=1c008e52 x22:1c008d5c
15004432ns          246218 1c008d5c 000026b7 lui              x13, 0x2000         x13=00002000
15004452ns          246219 1c008d5e f14027f3 csrrs            x15, x0, 0xf14      x15=00000001
15004472ns          246220 1c008d62 f8068693 addi             x13, x13, -128      x13=00001f80 x13:00002000
15004492ns          246221 1c008d66 00379713 slli             x14, x15, 0x3       x14=00000008 x15:00000001
15004511ns          246222 1c008d6a 00279793 slli             x15, x15, 0x2       x15=00000004 x15:00000001
15004531ns          246223 1c008d6c 00d7f7b3 and              x15, x15, x13       x15=00000000 x15:00000004 x13:00001f80
15004551ns          246224 1c008d6e ee873733 p.bclr           x14, x14, 23, 8     x14=00000008 x14:00000008
15004571ns          246225 1c008d72 1a10f6b7 lui              x13, 0x1a10f000     x13=1a10f000
15004591ns          246226 1c008d76 0ff57513 andi             x10, x10, 255       x10=00000063 x10:00000063
15004611ns          246227 1c008d7a 00d70733 add              x14, x14, x13       x14=1a10f008 x14:00000008 x13:1a10f000
15004631ns          246228 1c008d7c 00a7e723 p.sw             x10, x0(x15)        x10:00000063 x15:00000000  PA:1a10f008
15004949ns          246244 1c008d80 00000513 addi             x10, x0, 0          x10=00000000
15004969ns          246245 1c008d82 00008067 jalr             x0, x1, 0            x1:1c008e52
15005029ns          246248 1c008e52 31f52563 p.beqimm         x10, 778            x10:00000000
15005048ns          246249 1c008e56 001d8d93 addi             x27, x27, 1         x27=00000022 x27:00000021
15005068ns          246250 1c008e58 00044503 lbu              x10, 0(x8)          x10=0000006f  x8:1c000047  PA:1c000047
15005367ns          246265 1c008e5c 00140413 addi             x8, x8, 1            x8=1c000048  x8:1c000047
15005387ns          246266 1c008e5e fe0514e3 bne              x10, x0, -24        x10:0000006f
15005466ns          246270 1c008e46 02500793 addi             x15, x0, 37         x15=00000025
15005486ns          246271 1c008e4a 04f50863 beq              x10, x15, 80        x10:0000006f x15:00000025
15005506ns          246272 1c008e4e 01a005b3 add              x11, x0, x26        x11=00000002 x26:00000002
15005526ns          246273 1c008e50 000b00e7 jalr             x1, x22, 0           x1=1c008e52 x22:1c008d5c
15005566ns          246275 1c008d5c 000026b7 lui              x13, 0x2000         x13=00002000
15005586ns          246276 1c008d5e f14027f3 csrrs            x15, x0, 0xf14      x15=00000001
15005605ns          246277 1c008d62 f8068693 addi             x13, x13, -128      x13=00001f80 x13:00002000
15005625ns          246278 1c008d66 00379713 slli             x14, x15, 0x3       x14=00000008 x15:00000001
15005645ns          246279 1c008d6a 00279793 slli             x15, x15, 0x2       x15=00000004 x15:00000001
15005665ns          246280 1c008d6c 00d7f7b3 and              x15, x15, x13       x15=00000000 x15:00000004 x13:00001f80
15005685ns          246281 1c008d6e ee873733 p.bclr           x14, x14, 23, 8     x14=00000008 x14:00000008
15005705ns          246282 1c008d72 1a10f6b7 lui              x13, 0x1a10f000     x13=1a10f000
15005725ns          246283 1c008d76 0ff57513 andi             x10, x10, 255       x10=0000006f x10:0000006f
15005745ns          246284 1c008d7a 00d70733 add              x14, x14, x13       x14=1a10f008 x14:00000008 x13:1a10f000
15005765ns          246285 1c008d7c 00a7e723 p.sw             x10, x0(x15)        x10:0000006f x15:00000000  PA:1a10f008
15006103ns          246302 1c008d80 00000513 addi             x10, x0, 0          x10=00000000
15006123ns          246303 1c008d82 00008067 jalr             x0, x1, 0            x1:1c008e52
15006182ns          246306 1c008e52 31f52563 p.beqimm         x10, 778            x10:00000000
15006202ns          246307 1c008e56 001d8d93 addi             x27, x27, 1         x27=00000023 x27:00000022
15006222ns          246308 1c008e58 00044503 lbu              x10, 0(x8)          x10=00000072  x8:1c000048  PA:1c000048
15006520ns          246323 1c008e5c 00140413 addi             x8, x8, 1            x8=1c000049  x8:1c000048
15006540ns          246324 1c008e5e fe0514e3 bne              x10, x0, -24        x10:00000072
15006620ns          246328 1c008e46 02500793 addi             x15, x0, 37         x15=00000025
15006640ns          246329 1c008e4a 04f50863 beq              x10, x15, 80        x10:00000072 x15:00000025
15006660ns          246330 1c008e4e 01a005b3 add              x11, x0, x26        x11=00000002 x26:00000002
15006679ns          246331 1c008e50 000b00e7 jalr             x1, x22, 0           x1=1c008e52 x22:1c008d5c
15006719ns          246333 1c008d5c 000026b7 lui              x13, 0x2000         x13=00002000
15006739ns          246334 1c008d5e f14027f3 csrrs            x15, x0, 0xf14      x15=00000001
15006759ns          246335 1c008d62 f8068693 addi             x13, x13, -128      x13=00001f80 x13:00002000
15006779ns          246336 1c008d66 00379713 slli             x14, x15, 0x3       x14=00000008 x15:00000001
15006799ns          246337 1c008d6a 00279793 slli             x15, x15, 0x2       x15=00000004 x15:00000001
15006819ns          246338 1c008d6c 00d7f7b3 and              x15, x15, x13       x15=00000000 x15:00000004 x13:00001f80
15006839ns          246339 1c008d6e ee873733 p.bclr           x14, x14, 23, 8     x14=00000008 x14:00000008
15006859ns          246340 1c008d72 1a10f6b7 lui              x13, 0x1a10f000     x13=1a10f000
15006878ns          246341 1c008d76 0ff57513 andi             x10, x10, 255       x10=00000072 x10:00000072
15006898ns          246342 1c008d7a 00d70733 add              x14, x14, x13       x14=1a10f008 x14:00000008 x13:1a10f000
15006918ns          246343 1c008d7c 00a7e723 p.sw             x10, x0(x15)        x10:00000072 x15:00000000  PA:1a10f008
15007256ns          246360 1c008d80 00000513 addi             x10, x0, 0          x10=00000000
15007276ns          246361 1c008d82 00008067 jalr             x0, x1, 0            x1:1c008e52
15007336ns          246364 1c008e52 31f52563 p.beqimm         x10, 778            x10:00000000
15007356ns          246365 1c008e56 001d8d93 addi             x27, x27, 1         x27=00000024 x27:00000023
15007376ns          246366 1c008e58 00044503 lbu              x10, 0(x8)          x10=00000065  x8:1c000049  PA:1c000049
15007674ns          246381 1c008e5c 00140413 addi             x8, x8, 1            x8=1c00004a  x8:1c000049
15007694ns          246382 1c008e5e fe0514e3 bne              x10, x0, -24        x10:00000065
15007773ns          246386 1c008e46 02500793 addi             x15, x0, 37         x15=00000025
15007793ns          246387 1c008e4a 04f50863 beq              x10, x15, 80        x10:00000065 x15:00000025
15007813ns          246388 1c008e4e 01a005b3 add              x11, x0, x26        x11=00000002 x26:00000002
15007833ns          246389 1c008e50 000b00e7 jalr             x1, x22, 0           x1=1c008e52 x22:1c008d5c
15007873ns          246391 1c008d5c 000026b7 lui              x13, 0x2000         x13=00002000
15007893ns          246392 1c008d5e f14027f3 csrrs            x15, x0, 0xf14      x15=00000001
15007913ns          246393 1c008d62 f8068693 addi             x13, x13, -128      x13=00001f80 x13:00002000
15007933ns          246394 1c008d66 00379713 slli             x14, x15, 0x3       x14=00000008 x15:00000001
15007953ns          246395 1c008d6a 00279793 slli             x15, x15, 0x2       x15=00000004 x15:00000001
15007972ns          246396 1c008d6c 00d7f7b3 and              x15, x15, x13       x15=00000000 x15:00000004 x13:00001f80
15007992ns          246397 1c008d6e ee873733 p.bclr           x14, x14, 23, 8     x14=00000008 x14:00000008
15008012ns          246398 1c008d72 1a10f6b7 lui              x13, 0x1a10f000     x13=1a10f000
15008032ns          246399 1c008d76 0ff57513 andi             x10, x10, 255       x10=00000065 x10:00000065
15008052ns          246400 1c008d7a 00d70733 add              x14, x14, x13       x14=1a10f008 x14:00000008 x13:1a10f000
15008072ns          246401 1c008d7c 00a7e723 p.sw             x10, x0(x15)        x10:00000065 x15:00000000  PA:1a10f008
15008390ns          246417 1c008d80 00000513 addi             x10, x0, 0          x10=00000000
15008410ns          246418 1c008d82 00008067 jalr             x0, x1, 0            x1:1c008e52
15008470ns          246421 1c008e52 31f52563 p.beqimm         x10, 778            x10:00000000
15008490ns          246422 1c008e56 001d8d93 addi             x27, x27, 1         x27=00000025 x27:00000024
15008509ns          246423 1c008e58 00044503 lbu              x10, 0(x8)          x10=00000069  x8:1c00004a  PA:1c00004a
15008808ns          246438 1c008e5c 00140413 addi             x8, x8, 1            x8=1c00004b  x8:1c00004a
15008828ns          246439 1c008e5e fe0514e3 bne              x10, x0, -24        x10:00000069
15008907ns          246443 1c008e46 02500793 addi             x15, x0, 37         x15=00000025
15008927ns          246444 1c008e4a 04f50863 beq              x10, x15, 80        x10:00000069 x15:00000025
15008947ns          246445 1c008e4e 01a005b3 add              x11, x0, x26        x11=00000002 x26:00000002
15008967ns          246446 1c008e50 000b00e7 jalr             x1, x22, 0           x1=1c008e52 x22:1c008d5c
15009007ns          246448 1c008d5c 000026b7 lui              x13, 0x2000         x13=00002000
15009027ns          246449 1c008d5e f14027f3 csrrs            x15, x0, 0xf14      x15=00000001
15009046ns          246450 1c008d62 f8068693 addi             x13, x13, -128      x13=00001f80 x13:00002000
15009066ns          246451 1c008d66 00379713 slli             x14, x15, 0x3       x14=00000008 x15:00000001
15009086ns          246452 1c008d6a 00279793 slli             x15, x15, 0x2       x15=00000004 x15:00000001
15009106ns          246453 1c008d6c 00d7f7b3 and              x15, x15, x13       x15=00000000 x15:00000004 x13:00001f80
15009126ns          246454 1c008d6e ee873733 p.bclr           x14, x14, 23, 8     x14=00000008 x14:00000008
15009146ns          246455 1c008d72 1a10f6b7 lui              x13, 0x1a10f000     x13=1a10f000
15009166ns          246456 1c008d76 0ff57513 andi             x10, x10, 255       x10=00000069 x10:00000069
15009186ns          246457 1c008d7a 00d70733 add              x14, x14, x13       x14=1a10f008 x14:00000008 x13:1a10f000
15009206ns          246458 1c008d7c 00a7e723 p.sw             x10, x0(x15)        x10:00000069 x15:00000000  PA:1a10f008
15009524ns          246474 1c008d80 00000513 addi             x10, x0, 0          x10=00000000
15009544ns          246475 1c008d82 00008067 jalr             x0, x1, 0            x1:1c008e52
15009603ns          246478 1c008e52 31f52563 p.beqimm         x10, 778            x10:00000000
15009623ns          246479 1c008e56 001d8d93 addi             x27, x27, 1         x27=00000026 x27:00000025
15009643ns          246480 1c008e58 00044503 lbu              x10, 0(x8)          x10=00000064  x8:1c00004b  PA:1c00004b
15009961ns          246496 1c008e5c 00140413 addi             x8, x8, 1            x8=1c00004c  x8:1c00004b
15009981ns          246497 1c008e5e fe0514e3 bne              x10, x0, -24        x10:00000064
15010061ns          246501 1c008e46 02500793 addi             x15, x0, 37         x15=00000025
15010081ns          246502 1c008e4a 04f50863 beq              x10, x15, 80        x10:00000064 x15:00000025
15010101ns          246503 1c008e4e 01a005b3 add              x11, x0, x26        x11=00000002 x26:00000002
15010121ns          246504 1c008e50 000b00e7 jalr             x1, x22, 0           x1=1c008e52 x22:1c008d5c
15010160ns          246506 1c008d5c 000026b7 lui              x13, 0x2000         x13=00002000
15010180ns          246507 1c008d5e f14027f3 csrrs            x15, x0, 0xf14      x15=00000001
15010200ns          246508 1c008d62 f8068693 addi             x13, x13, -128      x13=00001f80 x13:00002000
15010220ns          246509 1c008d66 00379713 slli             x14, x15, 0x3       x14=00000008 x15:00000001
15010240ns          246510 1c008d6a 00279793 slli             x15, x15, 0x2       x15=00000004 x15:00000001
15010260ns          246511 1c008d6c 00d7f7b3 and              x15, x15, x13       x15=00000000 x15:00000004 x13:00001f80
15010280ns          246512 1c008d6e ee873733 p.bclr           x14, x14, 23, 8     x14=00000008 x14:00000008
15010300ns          246513 1c008d72 1a10f6b7 lui              x13, 0x1a10f000     x13=1a10f000
15010320ns          246514 1c008d76 0ff57513 andi             x10, x10, 255       x10=00000064 x10:00000064
15010339ns          246515 1c008d7a 00d70733 add              x14, x14, x13       x14=1a10f008 x14:00000008 x13:1a10f000
15010359ns          246516 1c008d7c 00a7e723 p.sw             x10, x0(x15)        x10:00000064 x15:00000000  PA:1a10f008
15010678ns          246532 1c008d80 00000513 addi             x10, x0, 0          x10=00000000
15010697ns          246533 1c008d82 00008067 jalr             x0, x1, 0            x1:1c008e52
15010757ns          246536 1c008e52 31f52563 p.beqimm         x10, 778            x10:00000000
15010777ns          246537 1c008e56 001d8d93 addi             x27, x27, 1         x27=00000027 x27:00000026
15010797ns          246538 1c008e58 00044503 lbu              x10, 0(x8)          x10=00000020  x8:1c00004c  PA:1c00004c
15011095ns          246553 1c008e5c 00140413 addi             x8, x8, 1            x8=1c00004d  x8:1c00004c
15011115ns          246554 1c008e5e fe0514e3 bne              x10, x0, -24        x10:00000020
15011195ns          246558 1c008e46 02500793 addi             x15, x0, 37         x15=00000025
15011215ns          246559 1c008e4a 04f50863 beq              x10, x15, 80        x10:00000020 x15:00000025
15011234ns          246560 1c008e4e 01a005b3 add              x11, x0, x26        x11=00000002 x26:00000002
15011254ns          246561 1c008e50 000b00e7 jalr             x1, x22, 0           x1=1c008e52 x22:1c008d5c
15011294ns          246563 1c008d5c 000026b7 lui              x13, 0x2000         x13=00002000
15011314ns          246564 1c008d5e f14027f3 csrrs            x15, x0, 0xf14      x15=00000001
15011334ns          246565 1c008d62 f8068693 addi             x13, x13, -128      x13=00001f80 x13:00002000
15011354ns          246566 1c008d66 00379713 slli             x14, x15, 0x3       x14=00000008 x15:00000001
15011374ns          246567 1c008d6a 00279793 slli             x15, x15, 0x2       x15=00000004 x15:00000001
15011394ns          246568 1c008d6c 00d7f7b3 and              x15, x15, x13       x15=00000000 x15:00000004 x13:00001f80
15011413ns          246569 1c008d6e ee873733 p.bclr           x14, x14, 23, 8     x14=00000008 x14:00000008
15011433ns          246570 1c008d72 1a10f6b7 lui              x13, 0x1a10f000     x13=1a10f000
15011453ns          246571 1c008d76 0ff57513 andi             x10, x10, 255       x10=00000020 x10:00000020
15011473ns          246572 1c008d7a 00d70733 add              x14, x14, x13       x14=1a10f008 x14:00000008 x13:1a10f000
15011493ns          246573 1c008d7c 00a7e723 p.sw             x10, x0(x15)        x10:00000020 x15:00000000  PA:1a10f008
15011811ns          246589 1c008d80 00000513 addi             x10, x0, 0          x10=00000000
15011831ns          246590 1c008d82 00008067 jalr             x0, x1, 0            x1:1c008e52
15011891ns          246593 1c008e52 31f52563 p.beqimm         x10, 778            x10:00000000
15011911ns          246594 1c008e56 001d8d93 addi             x27, x27, 1         x27=00000028 x27:00000027
15011931ns          246595 1c008e58 00044503 lbu              x10, 0(x8)          x10=0000003d  x8:1c00004d  PA:1c00004d
15012249ns          246611 1c008e5c 00140413 addi             x8, x8, 1            x8=1c00004e  x8:1c00004d
15012269ns          246612 1c008e5e fe0514e3 bne              x10, x0, -24        x10:0000003d
15012348ns          246616 1c008e46 02500793 addi             x15, x0, 37         x15=00000025
15012368ns          246617 1c008e4a 04f50863 beq              x10, x15, 80        x10:0000003d x15:00000025
15012388ns          246618 1c008e4e 01a005b3 add              x11, x0, x26        x11=00000002 x26:00000002
15012408ns          246619 1c008e50 000b00e7 jalr             x1, x22, 0           x1=1c008e52 x22:1c008d5c
15012448ns          246621 1c008d5c 000026b7 lui              x13, 0x2000         x13=00002000
15012468ns          246622 1c008d5e f14027f3 csrrs            x15, x0, 0xf14      x15=00000001
15012488ns          246623 1c008d62 f8068693 addi             x13, x13, -128      x13=00001f80 x13:00002000
15012507ns          246624 1c008d66 00379713 slli             x14, x15, 0x3       x14=00000008 x15:00000001
15012527ns          246625 1c008d6a 00279793 slli             x15, x15, 0x2       x15=00000004 x15:00000001
15012547ns          246626 1c008d6c 00d7f7b3 and              x15, x15, x13       x15=00000000 x15:00000004 x13:00001f80
15012567ns          246627 1c008d6e ee873733 p.bclr           x14, x14, 23, 8     x14=00000008 x14:00000008
15012587ns          246628 1c008d72 1a10f6b7 lui              x13, 0x1a10f000     x13=1a10f000
15012607ns          246629 1c008d76 0ff57513 andi             x10, x10, 255       x10=0000003d x10:0000003d
15012627ns          246630 1c008d7a 00d70733 add              x14, x14, x13       x14=1a10f008 x14:00000008 x13:1a10f000
15012647ns          246631 1c008d7c 00a7e723 p.sw             x10, x0(x15)        x10:0000003d x15:00000000  PA:1a10f008
15012965ns          246647 1c008d80 00000513 addi             x10, x0, 0          x10=00000000
15012985ns          246648 1c008d82 00008067 jalr             x0, x1, 0            x1:1c008e52
15013045ns          246651 1c008e52 31f52563 p.beqimm         x10, 778            x10:00000000
15013064ns          246652 1c008e56 001d8d93 addi             x27, x27, 1         x27=00000029 x27:00000028
15013084ns          246653 1c008e58 00044503 lbu              x10, 0(x8)          x10=00000020  x8:1c00004e  PA:1c00004e
15013383ns          246668 1c008e5c 00140413 addi             x8, x8, 1            x8=1c00004f  x8:1c00004e
15013403ns          246669 1c008e5e fe0514e3 bne              x10, x0, -24        x10:00000020
15013482ns          246673 1c008e46 02500793 addi             x15, x0, 37         x15=00000025
15013502ns          246674 1c008e4a 04f50863 beq              x10, x15, 80        x10:00000020 x15:00000025
15013522ns          246675 1c008e4e 01a005b3 add              x11, x0, x26        x11=00000002 x26:00000002
15013542ns          246676 1c008e50 000b00e7 jalr             x1, x22, 0           x1=1c008e52 x22:1c008d5c
15013582ns          246678 1c008d5c 000026b7 lui              x13, 0x2000         x13=00002000
15013601ns          246679 1c008d5e f14027f3 csrrs            x15, x0, 0xf14      x15=00000001
15013621ns          246680 1c008d62 f8068693 addi             x13, x13, -128      x13=00001f80 x13:00002000
15013641ns          246681 1c008d66 00379713 slli             x14, x15, 0x3       x14=00000008 x15:00000001
15013661ns          246682 1c008d6a 00279793 slli             x15, x15, 0x2       x15=00000004 x15:00000001
15013681ns          246683 1c008d6c 00d7f7b3 and              x15, x15, x13       x15=00000000 x15:00000004 x13:00001f80
15013701ns          246684 1c008d6e ee873733 p.bclr           x14, x14, 23, 8     x14=00000008 x14:00000008
15013721ns          246685 1c008d72 1a10f6b7 lui              x13, 0x1a10f000     x13=1a10f000
15013741ns          246686 1c008d76 0ff57513 andi             x10, x10, 255       x10=00000020 x10:00000020
15013761ns          246687 1c008d7a 00d70733 add              x14, x14, x13       x14=1a10f008 x14:00000008 x13:1a10f000
15013780ns          246688 1c008d7c 00a7e723 p.sw             x10, x0(x15)        x10:00000020 x15:00000000  PA:1a10f008
15014099ns          246704 1c008d80 00000513 addi             x10, x0, 0          x10=00000000
15014119ns          246705 1c008d82 00008067 jalr             x0, x1, 0            x1:1c008e52
15014178ns          246708 1c008e52 31f52563 p.beqimm         x10, 778            x10:00000000
15014198ns          246709 1c008e56 001d8d93 addi             x27, x27, 1         x27=0000002a x27:00000029
15014218ns          246710 1c008e58 00044503 lbu              x10, 0(x8)          x10=00000025  x8:1c00004f  PA:1c00004f
15014516ns          246725 1c008e5c 00140413 addi             x8, x8, 1            x8=1c000050  x8:1c00004f
15014536ns          246726 1c008e5e fe0514e3 bne              x10, x0, -24        x10:00000025
15014616ns          246730 1c008e46 02500793 addi             x15, x0, 37         x15=00000025
15014636ns          246731 1c008e4a 04f50863 beq              x10, x15, 80        x10:00000025 x15:00000025
15014715ns          246735 1c008e9a 00044483 lbu              x9, 0(x8)            x9=00000064  x8:1c000050  PA:1c000050
15015034ns          246751 1c008e9e 02000693 addi             x13, x0, 32         x13=00000020
15015054ns          246752 1c008ea2 00140a93 addi             x21, x8, 1          x21=1c000051  x8:1c000050
15015073ns          246753 1c008ea6 009005b3 add              x11, x0, x9         x11=00000064  x9:00000064
15015093ns          246754 1c008ea8 0fcb8513 addi             x10, x23, 252       x10=1c0000fc x23:1c000000
15015113ns          246755 1c008eac 00d12823 sw               x13, 16(x2)         x13:00000020  x2:10000e28  PA:10000e38
15015133ns          246756 1c008eae 00012c23 sw               x0, 24(x2)           x2:10000e28  PA:10000e40
15015153ns          246757 1c008eb0 00012a23 sw               x0, 20(x2)           x2:10000e28  PA:10000e3c
15015173ns          246758 1c008eb2 00012e23 sw               x0, 28(x2)           x2:10000e28  PA:10000e44
15015193ns          246759 1c008eb4 00012623 sw               x0, 12(x2)           x2:10000e28  PA:10000e34
15015213ns          246760 1c008eb6 02300913 addi             x18, x0, 35         x18=00000023
15015233ns          246761 1c008eba 02d00a13 addi             x20, x0, 45         x20=0000002d
15015252ns          246762 1c008ebe 015009b3 add              x19, x0, x21        x19=1c000051 x21:1c000051
15015292ns          246764 1c008ec0 e1dff0ef jal              x1, -484             x1=1c008ec2
15015372ns          246768 1c008cdc 00054783 lbu              x15, 0(x10)         x15=0000002d x10:1c0000fc  PA:1c0000fc
15015690ns          246784 1c008ce0 0ff5f593 andi             x11, x11, 255       x11=00000064 x11:00000064
15015710ns          246785 1c008ce4 00b78c63 beq              x15, x11, 24        x15:0000002d x11:00000064
15015730ns          246786 1c008ce8 00078b63 beq              x15, x0, 22         x15:0000002d
15015750ns          246787 1c008cea 00150793 addi             x15, x10, 1         x15=1c0000fd x10:1c0000fc
15015770ns          246788 1c008cee 0040006f jal              x0, 4              
15015809ns          246790 1c008cf2 00f00533 add              x10, x0, x15        x10=1c0000fd x15:1c0000fd
15015829ns          246791 1c008cf4 0017c70b p.lbu            x14, 1(x15!)        x14=0000002b x15=1c0000fe x15:1c0000fd  PA:1c0000fd
15016147ns          246807 1c008cf8 feb71ce3 bne              x14, x11, -8        x14:0000002b x11:00000064
15016207ns          246810 1c008cf0 00070763 beq              x14, x0, 14         x14:0000002b
15016227ns          246811 1c008cf2 00f00533 add              x10, x0, x15        x10=1c0000fe x15:1c0000fe
15016247ns          246812 1c008cf4 0017c70b p.lbu            x14, 1(x15!)        x14=00000020 x15=1c0000ff x15:1c0000fe  PA:1c0000fe
15016565ns          246828 1c008cf8 feb71ce3 bne              x14, x11, -8        x14:00000020 x11:00000064
15016625ns          246831 1c008cf0 00070763 beq              x14, x0, 14         x14:00000020
15016645ns          246832 1c008cf2 00f00533 add              x10, x0, x15        x10=1c0000ff x15:1c0000ff
15016665ns          246833 1c008cf4 0017c70b p.lbu            x14, 1(x15!)        x14=00000023 x15=1c000100 x15:1c0000ff  PA:1c0000ff
15016983ns          246849 1c008cf8 feb71ce3 bne              x14, x11, -8        x14:00000023 x11:00000064
15017043ns          246852 1c008cf0 00070763 beq              x14, x0, 14         x14:00000023
15017062ns          246853 1c008cf2 00f00533 add              x10, x0, x15        x10=1c000100 x15:1c000100
15017082ns          246854 1c008cf4 0017c70b p.lbu            x14, 1(x15!)        x14=00000030 x15=1c000101 x15:1c000100  PA:1c000100
15017401ns          246870 1c008cf8 feb71ce3 bne              x14, x11, -8        x14:00000030 x11:00000064
15017460ns          246873 1c008cf0 00070763 beq              x14, x0, 14         x14:00000030
15017480ns          246874 1c008cf2 00f00533 add              x10, x0, x15        x10=1c000101 x15:1c000101
15017500ns          246875 1c008cf4 0017c70b p.lbu            x14, 1(x15!)        x14=00000000 x15=1c000102 x15:1c000101  PA:1c000101
15017818ns          246891 1c008cf8 feb71ce3 bne              x14, x11, -8        x14:00000000 x11:00000064
15017878ns          246894 1c008cf0 00070763 beq              x14, x0, 14         x14:00000000
15017958ns          246898 1c008cfe 0015b593 sltiu            x11, x11, 1         x11=00000000 x11:00000064
15017977ns          246899 1c008d02 40b005b3 sub              x11, x0, x11        x11=00000000 x11:00000000
15017997ns          246900 1c008d06 00b57533 and              x10, x10, x11       x10=00000000 x10:1c000101 x11:00000000
15018017ns          246901 1c008d08 00008067 jalr             x0, x1, 0            x1:1c008ec2
15018057ns          246903 1c008ec2 02050a63 beq              x10, x0, 52         x10:00000000
15018196ns          246910 1c008ef6 02a00613 addi             x12, x0, 42         x12=0000002a
15018216ns          246911 1c008efa 2ac48663 beq              x9, x12, 684         x9:00000064 x12:0000002a
15018276ns          246914 1c008efe fd048613 addi             x12, x9, -48        x12=00000034  x9:00000064
15018296ns          246915 1c008f02 00900593 addi             x11, x0, 9          x11=00000009
15018316ns          246916 1c008f04 00000913 addi             x18, x0, 0          x18=00000000
15018335ns          246917 1c008f06 28c5f063 bgeu             x11, x12, 640       x11:00000009 x12:00000034
15018355ns          246918 1c008f0a 02e00693 addi             x13, x0, 46         x13=0000002e
15018375ns          246919 1c008f0e fff00a13 addi             x20, x0, -1         x20=ffffffff
15018415ns          246921 1c008f10 2ed48363 beq              x9, x13, 742         x9:00000064 x13:0000002e
15018455ns          246923 1c008f14 1c0007b7 lui              x15, 0x1c000000     x15=1c000000
15018475ns          246924 1c008f18 009005b3 add              x11, x0, x9         x11=00000064  x9:00000064
15018495ns          246925 1c008f1a 10478513 addi             x10, x15, 260       x10=1c000104 x15:1c000000
15018514ns          246926 1c008f1e dbfff0ef jal              x1, -578             x1=1c008f20
15018594ns          246930 1c008cdc 00054783 lbu              x15, 0(x10)         x15=00000068 x10:1c000104  PA:1c000104
15018892ns          246945 1c008ce0 0ff5f593 andi             x11, x11, 255       x11=00000064 x11:00000064
15018912ns          246946 1c008ce4 00b78c63 beq              x15, x11, 24        x15:00000068 x11:00000064
15018932ns          246947 1c008ce8 00078b63 beq              x15, x0, 22         x15:00000068
15018952ns          246948 1c008cea 00150793 addi             x15, x10, 1         x15=1c000105 x10:1c000104
15018972ns          246949 1c008cee 0040006f jal              x0, 4              
15019012ns          246951 1c008cf2 00f00533 add              x10, x0, x15        x10=1c000105 x15:1c000105
15019032ns          246952 1c008cf4 0017c70b p.lbu            x14, 1(x15!)        x14=0000006c x15=1c000106 x15:1c000105  PA:1c000105
15019370ns          246969 1c008cf8 feb71ce3 bne              x14, x11, -8        x14:0000006c x11:00000064
15019429ns          246972 1c008cf0 00070763 beq              x14, x0, 14         x14:0000006c
15019449ns          246973 1c008cf2 00f00533 add              x10, x0, x15        x10=1c000106 x15:1c000106
15019469ns          246974 1c008cf4 0017c70b p.lbu            x14, 1(x15!)        x14=0000004c x15=1c000107 x15:1c000106  PA:1c000106
15019788ns          246990 1c008cf8 feb71ce3 bne              x14, x11, -8        x14:0000004c x11:00000064
15019847ns          246993 1c008cf0 00070763 beq              x14, x0, 14         x14:0000004c
15019867ns          246994 1c008cf2 00f00533 add              x10, x0, x15        x10=1c000107 x15:1c000107
15019887ns          246995 1c008cf4 0017c70b p.lbu            x14, 1(x15!)        x14=0000007a x15=1c000108 x15:1c000107  PA:1c000107
15020205ns          247011 1c008cf8 feb71ce3 bne              x14, x11, -8        x14:0000007a x11:00000064
15020265ns          247014 1c008cf0 00070763 beq              x14, x0, 14         x14:0000007a
15020285ns          247015 1c008cf2 00f00533 add              x10, x0, x15        x10=1c000108 x15:1c000108
15020305ns          247016 1c008cf4 0017c70b p.lbu            x14, 1(x15!)        x14=00000000 x15=1c000109 x15:1c000108  PA:1c000108
15020643ns          247033 1c008cf8 feb71ce3 bne              x14, x11, -8        x14:00000000 x11:00000064
15020702ns          247036 1c008cf0 00070763 beq              x14, x0, 14         x14:00000000
15020782ns          247040 1c008cfe 0015b593 sltiu            x11, x11, 1         x11=00000000 x11:00000064
15020802ns          247041 1c008d02 40b005b3 sub              x11, x0, x11        x11=00000000 x11:00000000
15020822ns          247042 1c008d06 00b57533 and              x10, x10, x11       x10=00000000 x10:1c000108 x11:00000000
15020842ns          247043 1c008d08 00008067 jalr             x0, x1, 0            x1:1c008f20
15020881ns          247045 1c008f20 01300433 add              x8, x0, x19          x8=1c000051 x19:1c000051
15020901ns          247046 1c008f22 00050563 beq              x10, x0, 10         x10:00000000
15020961ns          247049 1c008f2c 06700693 addi             x13, x0, 103        x13=00000067
15021021ns          247052 1c008f30 2896d963 bge              x13, x9, 658        x13:00000067  x9:00000064
15021100ns          247056 1c0091c2 06500693 addi             x13, x0, 101        x13=00000065
15021120ns          247057 1c0091c6 12d4d563 bge              x9, x13, 298         x9:00000064 x13:00000065
15021140ns          247058 1c0091ca 04700693 addi             x13, x0, 71         x13=00000047
15021160ns          247059 1c0091ce dc96cbe3 blt              x13, x9, -554       x13:00000047  x9:00000064
15021259ns          247064 1c008fa4 06300693 addi             x13, x0, 99         x13=00000063
15021299ns          247066 1c008fa8 0ad488e3 beq              x9, x13, 2224        x9:00000064 x13:00000063
15021319ns          247067 1c008fac 0096c9e3 blt              x13, x9, 2066       x13:00000063  x9:00000064
15021478ns          247075 1c0097be 000c2583 lw               x11, 0(x24)         x11=00000001 x24:10000f80  PA:10000f80
15021498ns          247076 1c0097c2 004c0c13 addi             x24, x24, 4         x24=10000f84 x24:10000f80
15021518ns          247077 1c0097c4 3405cc63 blt              x11, x0, 856        x11:00000001
15021538ns          247078 1c0097c8 01412603 lw               x12, 20(x2)         x12=00000000  x2:10000e28  PA:10000e3c
15021558ns          247079 1c0097ca 00b006b3 add              x13, x0, x11        x13=00000001 x11:00000001
15021578ns          247080 1c0097cc 2e061863 bne              x12, x0, 752        x12:00000000
15021617ns          247082 1c0097d0 01812703 lw               x14, 24(x2)         x14=00000000  x2:10000e28  PA:10000e40
15021637ns          247083 1c0097d2 019007b3 add              x15, x0, x25        x15=10000e4c x25:10000e4c
15021657ns          247084 1c0097d4 00070763 beq              x14, x0, 14         x14:00000000
15021717ns          247087 1c0097e2 00f00733 add              x14, x0, x15        x14=10000e4c x15:10000e4c
15021737ns          247088 1c0097e4 00a00513 addi             x10, x0, 10         x10=0000000a
15021757ns          247089 1c0097e6 02a6f633 remu             x12, x13, x10       x12=00000001 x13:00000001 x10:0000000a
15022373ns          247120 1c0097ea 02a6d6b3 divu             x13, x13, x10       x13=00000000 x13:00000001 x10:0000000a
15022990ns          247151 1c0097ee 03060613 addi             x12, x12, 48        x12=00000031 x12:00000001
15023010ns          247152 1c0097f2 00c700ab p.sb             x12, 1(x14!)        x14=10000e4d x12:00000031 x14:10000e4c  PA:10000e4c
15023030ns          247153 1c0097f6 fe0698e3 bne              x13, x0, -16        x13:00000000
15023050ns          247154 1c0097f8 40f706b3 sub              x13, x14, x15       x13=00000001 x14:10000e4d x15:10000e4c
15023069ns          247155 1c0097fc 0146dc63 bge              x13, x20, 24        x13:00000001 x20:ffffffff
15023189ns          247161 1c009814 00e006b3 add              x13, x0, x14        x13=10000e4d x14:10000e4d
15023229ns          247163 1c009816 fe068fab p.sb             x0, -1(x13!)        x13=10000e4c x13:10000e4d  PA:10000e4d
15023248ns          247164 1c00981a 00d7fc63 bgeu             x15, x13, 24        x15:10000e4c x13:10000e4c
15023388ns          247171 1c009832 01412783 lw               x15, 20(x2)         x15=00000000  x2:10000e28  PA:10000e3c
15023428ns          247173 1c009834 01812603 lw               x12, 24(x2)         x12=00000000  x2:10000e28  PA:10000e40
15023447ns          247174 1c009836 419704b3 sub              x9, x14, x25         x9=00000001 x14:10000e4d x25:10000e4c
15023467ns          247175 1c00983a 00c7e7b3 or               x15, x15, x12       x15=00000000 x15:00000000 x12:00000000
15023487ns          247176 1c00983c 00f12623 sw               x15, 12(x2)         x15:00000000  x2:10000e28  PA:10000e34
15023507ns          247177 1c00983e 00079363 bne              x15, x0, 6          x15:00000000
15023527ns          247178 1c009840 01f5d593 srli             x11, x11, 0x1f      x11=00000000 x11:00000001
15023547ns          247179 1c009842 00b12623 sw               x11, 12(x2)         x11:00000000  x2:10000e28  PA:10000e34
15023567ns          247180 1c009844 e3fa28e3 p.beqimm         x20, -464           x20:ffffffff
15024064ns          247205 1c009674 0c800793 addi             x15, x0, 200        x15=000000c8
15024084ns          247206 1c009678 9e97d0e3 bge              x15, x9, -1568      x15:000000c8  x9:00000001
15024641ns          247234 1c009058 0f24d163 bge              x9, x18, 226         x9:00000001 x18:00000000
15024780ns          247241 1c00913a d00482e3 beq              x9, x0, -764         x9:00000001
15024800ns          247242 1c00913e 01900933 add              x18, x0, x25        x18=10000e4c x25:10000e4c
15024840ns          247244 1c009140 419d8db3 sub              x27, x27, x25       x27=effff1de x27:0000002a x25:10000e4c
15024880ns          247246 1c009144 00a0006f jal              x0, 10             
15024939ns          247249 1c00914e 0019450b p.lbu            x10, 1(x18!)        x10=00000031 x18=10000e4d x18:10000e4c  PA:10000e4c
15024959ns          247250 1c009152 01a005b3 add              x11, x0, x26        x11=00000002 x26:00000002
15024979ns          247251 1c009154 000b00e7 jalr             x1, x22, 0           x1=1c009156 x22:1c008d5c
15025059ns          247255 1c008d5c 000026b7 lui              x13, 0x2000         x13=00002000
15025098ns          247257 1c008d5e f14027f3 csrrs            x15, x0, 0xf14      x15=00000001
15025118ns          247258 1c008d62 f8068693 addi             x13, x13, -128      x13=00001f80 x13:00002000
15025138ns          247259 1c008d66 00379713 slli             x14, x15, 0x3       x14=00000008 x15:00000001
15025158ns          247260 1c008d6a 00279793 slli             x15, x15, 0x2       x15=00000004 x15:00000001
15025178ns          247261 1c008d6c 00d7f7b3 and              x15, x15, x13       x15=00000000 x15:00000004 x13:00001f80
15025218ns          247263 1c008d6e ee873733 p.bclr           x14, x14, 23, 8     x14=00000008 x14:00000008
15025257ns          247265 1c008d72 1a10f6b7 lui              x13, 0x1a10f000     x13=1a10f000
15025277ns          247266 1c008d76 0ff57513 andi             x10, x10, 255       x10=00000031 x10:00000031
15025297ns          247267 1c008d7a 00d70733 add              x14, x14, x13       x14=1a10f008 x14:00000008 x13:1a10f000
15025317ns          247268 1c008d7c 00a7e723 p.sw             x10, x0(x15)        x10:00000031 x15:00000000  PA:1a10f008
15025695ns          247287 1c008d80 00000513 addi             x10, x0, 0          x10=00000000
15025715ns          247288 1c008d82 00008067 jalr             x0, x1, 0            x1:1c009156
15025755ns          247290 1c009156 fff48493 addi             x9, x9, -1           x9=00000000  x9:00000001
15025775ns          247291 1c009158 fff537e3 p.bneimm         x10, -18            x10:00000000
15025914ns          247298 1c009146 012d8733 add              x14, x27, x18       x14=0000002b x27:effff1de x18:10000e4d
15025934ns          247299 1c00914a 5a048b63 beq              x9, x0, 1462         x9:00000000
15026033ns          247304 1c009700 00e00db3 add              x27, x0, x14        x27=0000002b x14:0000002b
15026073ns          247306 1c009702 f3cff06f jal              x0, -2244          
15026192ns          247312 1c008e3e 00044503 lbu              x10, 0(x8)          x10=00000029  x8:1c000051  PA:1c000051
15026491ns          247327 1c008e42 00140413 addi             x8, x8, 1            x8=1c000052  x8:1c000051
15026511ns          247328 1c008e44 00050e63 beq              x10, x0, 28         x10:00000029
15026530ns          247329 1c008e46 02500793 addi             x15, x0, 37         x15=00000025
15026550ns          247330 1c008e4a 04f50863 beq              x10, x15, 80        x10:00000029 x15:00000025
15026570ns          247331 1c008e4e 01a005b3 add              x11, x0, x26        x11=00000002 x26:00000002
15026590ns          247332 1c008e50 000b00e7 jalr             x1, x22, 0           x1=1c008e52 x22:1c008d5c
15026630ns          247334 1c008d5c 000026b7 lui              x13, 0x2000         x13=00002000
15026650ns          247335 1c008d5e f14027f3 csrrs            x15, x0, 0xf14      x15=00000001
15026670ns          247336 1c008d62 f8068693 addi             x13, x13, -128      x13=00001f80 x13:00002000
15026690ns          247337 1c008d66 00379713 slli             x14, x15, 0x3       x14=00000008 x15:00000001
15026709ns          247338 1c008d6a 00279793 slli             x15, x15, 0x2       x15=00000004 x15:00000001
15026729ns          247339 1c008d6c 00d7f7b3 and              x15, x15, x13       x15=00000000 x15:00000004 x13:00001f80
15026749ns          247340 1c008d6e ee873733 p.bclr           x14, x14, 23, 8     x14=00000008 x14:00000008
15026769ns          247341 1c008d72 1a10f6b7 lui              x13, 0x1a10f000     x13=1a10f000
15026789ns          247342 1c008d76 0ff57513 andi             x10, x10, 255       x10=00000029 x10:00000029
15026809ns          247343 1c008d7a 00d70733 add              x14, x14, x13       x14=1a10f008 x14:00000008 x13:1a10f000
15026829ns          247344 1c008d7c 00a7e723 p.sw             x10, x0(x15)        x10:00000029 x15:00000000  PA:1a10f008
15027147ns          247360 1c008d80 00000513 addi             x10, x0, 0          x10=00000000
15027167ns          247361 1c008d82 00008067 jalr             x0, x1, 0            x1:1c008e52
15027227ns          247364 1c008e52 31f52563 p.beqimm         x10, 778            x10:00000000
15027247ns          247365 1c008e56 001d8d93 addi             x27, x27, 1         x27=0000002c x27:0000002b
15027266ns          247366 1c008e58 00044503 lbu              x10, 0(x8)          x10=0000000a  x8:1c000052  PA:1c000052
15027565ns          247381 1c008e5c 00140413 addi             x8, x8, 1            x8=1c000053  x8:1c000052
15027585ns          247382 1c008e5e fe0514e3 bne              x10, x0, -24        x10:0000000a
15027664ns          247386 1c008e46 02500793 addi             x15, x0, 37         x15=00000025
15027684ns          247387 1c008e4a 04f50863 beq              x10, x15, 80        x10:0000000a x15:00000025
15027704ns          247388 1c008e4e 01a005b3 add              x11, x0, x26        x11=00000002 x26:00000002
15027724ns          247389 1c008e50 000b00e7 jalr             x1, x22, 0           x1=1c008e52 x22:1c008d5c
15027764ns          247391 1c008d5c 000026b7 lui              x13, 0x2000         x13=00002000
15027784ns          247392 1c008d5e f14027f3 csrrs            x15, x0, 0xf14      x15=00000001
15027803ns          247393 1c008d62 f8068693 addi             x13, x13, -128      x13=00001f80 x13:00002000
15027823ns          247394 1c008d66 00379713 slli             x14, x15, 0x3       x14=00000008 x15:00000001
15027843ns          247395 1c008d6a 00279793 slli             x15, x15, 0x2       x15=00000004 x15:00000001
15027863ns          247396 1c008d6c 00d7f7b3 and              x15, x15, x13       x15=00000000 x15:00000004 x13:00001f80
15027883ns          247397 1c008d6e ee873733 p.bclr           x14, x14, 23, 8     x14=00000008 x14:00000008
15027903ns          247398 1c008d72 1a10f6b7 lui              x13, 0x1a10f000     x13=1a10f000
15027923ns          247399 1c008d76 0ff57513 andi             x10, x10, 255       x10=0000000a x10:0000000a
15027943ns          247400 1c008d7a 00d70733 add              x14, x14, x13       x14=1a10f008 x14:00000008 x13:1a10f000
15027963ns          247401 1c008d7c 00a7e723 p.sw             x10, x0(x15)        x10:0000000a x15:00000000  PA:1a10f008
15028281ns          247417 1c008d80 00000513 addi             x10, x0, 0          x10=00000000
15028301ns          247418 1c008d82 00008067 jalr             x0, x1, 0            x1:1c008e52
15028360ns          247421 1c008e52 31f52563 p.beqimm         x10, 778            x10:00000000
15028380ns          247422 1c008e56 001d8d93 addi             x27, x27, 1         x27=0000002d x27:0000002c
15028400ns          247423 1c008e58 00044503 lbu              x10, 0(x8)          x10=00000000  x8:1c000053  PA:1c000053
15028699ns          247438 1c008e5c 00140413 addi             x8, x8, 1            x8=1c000054  x8:1c000053
15028718ns          247439 1c008e5e fe0514e3 bne              x10, x0, -24        x10:00000000
15028738ns          247440 1c008e60 01b00433 add              x8, x0, x27          x8=0000002d x27:0000002d
15028758ns          247441 1c008e62 00800533 add              x10, x0, x8         x10=0000002d  x8:0000002d
15028778ns          247442 1c008e64 12c12083 lw               x1, 300(x2)          x1=1c008df0  x2:10000e28  PA:10000f54
15028798ns          247443 1c008e68 12812403 lw               x8, 296(x2)          x8=00000001  x2:10000e28  PA:10000f50
15028818ns          247444 1c008e6c 12412483 lw               x9, 292(x2)          x9=xxxxxxxx  x2:10000e28  PA:10000f4c
15029236ns          247465 1c008e70 12012903 lw               x18, 288(x2)        x18=xxxxxxxx  x2:10000e28  PA:10000f48
15029275ns          247467 1c008e74 11c12983 lw               x19, 284(x2)        x19=xxxxxxxx  x2:10000e28  PA:10000f44
15029295ns          247468 1c008e78 11812a03 lw               x20, 280(x2)        x20=xxxxxxxx  x2:10000e28  PA:10000f40
15029315ns          247469 1c008e7c 11412a83 lw               x21, 276(x2)        x21=xxxxxxxx  x2:10000e28  PA:10000f3c
15029753ns          247491 1c008e80 11012b03 lw               x22, 272(x2)        x22=xxxxxxxx  x2:10000e28  PA:10000f38
15029793ns          247493 1c008e84 10c12b83 lw               x23, 268(x2)        x23=xxxxxxxx  x2:10000e28  PA:10000f34
15029812ns          247494 1c008e88 10812c03 lw               x24, 264(x2)        x24=xxxxxxxx  x2:10000e28  PA:10000f30
15029832ns          247495 1c008e8c 10412c83 lw               x25, 260(x2)        x25=xxxxxxxx  x2:10000e28  PA:10000f2c
15029892ns          247498 1c008e90 10012d03 lw               x26, 256(x2)        x26=xxxxxxxx  x2:10000e28  PA:10000f28
15029932ns          247500 1c008e94 0fc12d83 lw               x27, 252(x2)        x27=xxxxxxxx  x2:10000e28  PA:10000f24
15029952ns          247501 1c008e96 13010113 addi             x2, x2, 304          x2=10000f58  x2:10000e28
15029972ns          247502 1c008e98 00008067 jalr             x0, x1, 0            x1:1c008df0
15030051ns          247506 1c008df0 01c12083 lw               x1, 28(x2)           x1=1c008176  x2:10000f58  PA:10000f74
15030071ns          247507 1c008df2 04010113 addi             x2, x2, 64           x2=10000f98  x2:10000f58
15030111ns          247509 1c008df4 00008067 jalr             x0, x1, 0            x1:1c008176
15030190ns          247513 1c008176 00300793 addi             x15, x0, 3          x15=00000003
15030230ns          247515 1c008178 0087f463 bgeu             x15, x8, 8          x15:00000003  x8:00000001
15030727ns          247540 1c008180 7ff010ef jal              x1, 8190             x1=1c008184
15031642ns          247586 1c00a17e f14027f3 csrrs            x15, x0, 0xf14      x15=00000001
15031662ns          247587 1c00a182 01f00713 addi             x14, x0, 31         x14=0000001f
15031682ns          247588 1c00a184 ca5797b3 p.extractu       x15, x15, 5, 5      x15=00000000 x15:00000001
15031702ns          247589 1c00a188 00e78863 beq              x15, x14, 16        x15:00000000 x14:0000001f
15031722ns          247590 1c00a18c 002047b7 lui              x15, 0x204000       x15=00204000
15032160ns          247612 1c00a190 20078793 addi             x15, x15, 512       x15=00204200 x15:00204000
15032199ns          247614 1c00a194 01c7e703 p.elw            x14, 28(x15)        x14=00010000 x15:00204200  PA:0020421c
15032378ns          247623 1c00a198 00008067 jalr             x0, x1, 0            x1:1c008184
15032736ns          247641 1c008184 f14027f3 csrrs            x15, x0, 0xf14      x15=00000001
15032756ns          247642 1c008188 f457b7b3 p.bclr           x15, x15, 26, 5     x15=00000001 x15:00000001
15032776ns          247643 1c00818c 4a078d63 beq              x15, x0, 1210       x15:00000001
15033214ns          247665 1c008190 00a00793 addi             x15, x0, 10         x15=0000000a
15033254ns          247667 1c008192 02f407b3 mul              x15, x8, x15        x15=0000000a  x8:00000001 x15:0000000a
15033273ns          247668 1c008196 1c010937 lui              x18, 0x1c010000     x18=1c010000
15033293ns          247669 1c00819a 00090913 addi             x18, x18, 0         x18=1c010000 x18:1c010000
15033751ns          247692 1c00819e 00279713 slli             x14, x15, 0x2       x14=00000028 x15:0000000a
15033791ns          247694 1c0081a2 00178a13 addi             x20, x15, 1         x20=0000000b x15:0000000a
15033810ns          247695 1c0081a6 00278993 addi             x19, x15, 2         x19=0000000c x15:0000000a
15033830ns          247696 1c0081aa 00378093 addi             x1, x15, 3           x1=0000000d x15:0000000a
15034268ns          247718 1c0081ae 00478393 addi             x7, x15, 4           x7=0000000e x15:0000000a
15034308ns          247720 1c0081b2 00578293 addi             x5, x15, 5           x5=0000000f x15:0000000a
15034328ns          247721 1c0081b6 00678f93 addi             x31, x15, 6         x31=00000010 x15:0000000a
15034348ns          247722 1c0081ba 00778f13 addi             x30, x15, 7         x30=00000011 x15:0000000a
15034785ns          247744 1c0081be 00878e93 addi             x29, x15, 8         x29=00000012 x15:0000000a
15034825ns          247746 1c0081c2 00978e13 addi             x28, x15, 9         x28=00000013 x15:0000000a
15034845ns          247747 1c0081c6 00241493 slli             x9, x8, 0x2          x9=00000004  x8:00000001
15034865ns          247748 1c0081ca 06400793 addi             x15, x0, 100        x15=00000064
15034885ns          247749 1c0081ce 002a1a13 slli             x20, x20, 0x2       x20=0000002c x20:0000000b
15035322ns          247771 1c0081d0 00299993 slli             x19, x19, 0x2       x19=00000030 x19:0000000c
15035342ns          247772 1c0081d2 00209093 slli             x1, x1, 0x2          x1=00000034  x1:0000000d
15035362ns          247773 1c0081d4 00239393 slli             x7, x7, 0x2          x7=00000038  x7:0000000e
15035382ns          247774 1c0081d6 00229293 slli             x5, x5, 0x2          x5=0000003c  x5:0000000f
15035402ns          247775 1c0081d8 002f9f93 slli             x31, x31, 0x2       x31=00000040 x31:00000010
15035422ns          247776 1c0081da 002f1f13 slli             x30, x30, 0x2       x30=00000044 x30:00000011
15035442ns          247777 1c0081dc 002e9e93 slli             x29, x29, 0x2       x29=00000048 x29:00000012
15035461ns          247778 1c0081de 002e1e13 slli             x28, x28, 0x2       x28=0000004c x28:00000013
15035839ns          247797 1c0081e0 00990633 add              x12, x18, x9        x12=1c010004 x18:1c010000  x9:00000004
15035879ns          247799 1c0081e4 02f407b3 mul              x15, x8, x15        x15=00000064  x8:00000001 x15:00000064
15035899ns          247800 1c0081e8 0b090693 addi             x13, x18, 176       x13=1c0100b0 x18:1c010000
15035919ns          247801 1c0081ec 00279793 slli             x15, x15, 0x2       x15=00000190 x15:00000064
15036356ns          247823 1c0081ee 6f090893 addi             x17, x18, 1776      x17=1c0106f0 x18:1c010000
15036396ns          247825 1c0081f2 20e97b83 lw               x23, x14(x18)       x23=4112af5f x14:00000028 x18:1c010000  PA:1c010028
15036695ns          247840 1c0081f6 21497a03 lw               x20, x20(x18)       x20=3fac1002 x20:0000002c x18:1c010000  PA:1c01002c
15036993ns          247855 1c0081fa 21397983 lw               x19, x19(x18)       x19=40ca5d8a x19:00000030 x18:1c010000  PA:1c010030
15037291ns          247870 1c0081fe 20197083 lw               x1, x1(x18)          x1=40962974  x1:00000034 x18:1c010000  PA:1c010034
15037590ns          247885 1c008202 20797383 lw               x7, x7(x18)          x7=40d9f6a4  x7:00000038 x18:1c010000  PA:1c010038
15037908ns          247901 1c008206 20597283 lw               x5, x5(x18)          x5=3f2a92ad  x5:0000003c x18:1c010000  PA:1c01003c
15038206ns          247916 1c00820a 21f97f83 lw               x31, x31(x18)       x31=40298b74 x31:00000040 x18:1c010000  PA:1c010040
15038505ns          247931 1c00820e 21e97f03 lw               x30, x30(x18)       x30=41033afc x30:00000044 x18:1c010000  PA:1c010044
15038803ns          247946 1c008212 21d97e83 lw               x29, x29(x18)       x29=41019e89 x29:00000048 x18:1c010000  PA:1c010048
15039101ns          247961 1c008216 21c97e03 lw               x28, x28(x18)       x28=401e944f x28:0000004c x18:1c010000  PA:1c01004c
15039400ns          247976 1c00821a 0a062b03 lw               x22, 160(x12)       x22=406a5360 x12:1c010004  PA:1c0100a4
15039698ns          247991 1c00821e 00d787b3 add              x15, x15, x13       x15=1c010240 x15:00000190 x13:1c0100b0
15039718ns          247992 1c008220 00e888b3 add              x17, x17, x14       x17=1c010718 x17:1c0106f0 x14:00000028
15039738ns          247993 1c008222 00810313 addi             x6, x2, 8            x6=10000fa0  x2:10000f98
15039758ns          247994 1c008226 00000a93 addi             x21, x0, 0          x21=00000000
15039778ns          247995 1c00822a 00a00813 addi             x16, x0, 10         x16=0000000a
15039798ns          247996 1c00822c 02c840fb lp.setup         0x1, x16, 0x2c      x16:0000000a
15040215ns          248017 1c008230 0047ac0b p.lw             x24, 4(x15!)        x24=40ef67c1 x15=1c010244 x15:1c010240  PA:1c010240
15040534ns          248033 1c008234 0048a70b p.lw             x14, 4(x17!)        x14=411c48b7 x17=1c01071c x17:1c010718  PA:1c010718
15040832ns          248048 1c008238 a97c76c3 fmadd.s          f13, f24, f23, f21  f13=xxxxxxxx f24:40ef67c1 f23:4112af5f f21:00000000
15040852ns          248049 1c00823c 0247ac03 lw               x24, 36(x15)        x24=40da052d x15:1c010244  PA:1c010268
15041150ns          248064 1c008240 04c7a603 lw               x12, 76(x15)        x12=40a893e7 x15:1c010244  PA:1c010290
15041449ns          248079 1c008242 694c7c43 fmadd.s          f24, f24, f20, f13  f24=xxxxxxxx f24:40da052d f20:3fac1002 f13:42892d2d
15041468ns          248080 1c008246 0747a683 lw               x13, 116(x15)       x13=411447e6 x15:1c010244  PA:1c0102b8
15041767ns          248095 1c008248 09c7ac83 lw               x25, 156(x15)       x25=3fd53c7e x15:1c010244  PA:1c0102e0
15042065ns          248110 1c00824c c1367643 fmadd.s          f12, f12, f19, f24  f12=xxxxxxxx f12:40a893e7 f19:40ca5d8a f24:429b7e51
15042085ns          248111 1c008250 0c47ac03 lw               x24, 196(x15)       x24=41162735 x15:1c010244  PA:1c010308
15042383ns          248126 1c008254 0ec7a503 lw               x10, 236(x15)       x10=4057116a x15:1c010244  PA:1c010330
15042682ns          248141 1c008258 6016f6c3 fmadd.s          f13, f13, f1, f12   f13=xxxxxxxx f13:411447e6  f1:40962974 f12:42de1f77
15042702ns          248142 1c00825c 1147a583 lw               x11, 276(x15)       x11=4030fccd x15:1c010244  PA:1c010358
15043000ns          248157 1c008260 13c7a603 lw               x12, 316(x15)       x12=404c66ce x15:1c010244  PA:1c010380
15043318ns          248173 1c008264 687cfcc3 fmadd.s          f25, f25, f7, f13   f25=xxxxxxxx f25:3fd53c7e  f7:40d9f6a4 f13:431a8ccd
15043338ns          248174 1c008268 1647a683 lw               x13, 356(x15)       x13=3fd004d3 x15:1c010244  PA:1c0103a8
15043637ns          248189 1c00826c c85c7c43 fmadd.s          f24, f24, f5, f25   f24=xxxxxxxx f24:41162735  f5:3f2a92ad f25:4325e5a8
15043656ns          248190 1c008270 c1f57543 fmadd.s          f10, f10, f31, f24  f10=xxxxxxxx f10:4057116a f31:40298b74 f24:432c2669
15043676ns          248191 1c008274 51e5f5c3 fmadd.s          f11, f11, f30, f10  f11=xxxxxxxx f11:4030fccd f30:41033afc f10:43350d63
15043696ns          248192 1c008278 59d67643 fmadd.s          f12, f12, f29, f11  f12=xxxxxxxx f12:404c66ce f29:41019e89 f11:434bbbec
15043716ns          248193 1c00827c 61c6f6c3 fmadd.s          f13, f13, f28, f12  f13=xxxxxxxx f13:3fd004d3 f28:401e944f f12:43659b85
15044134ns          248214 1c008280 68eb7743 fmadd.s          f14, f22, f14, f13  f14=xxxxxxxx f22:406a5360 f14:411c48b7 f13:4369a261
15044174ns          248216 1c008284 00e3222b p.sw             x14, 4(x6!)          x6=10000fa4 x14:4386b2dc  x6:10000fa0  PA:10000fa0
15044193ns          248217 1c008230 0047ac0b p.lw             x24, 4(x15!)        x24=4094f6f6 x15=1c010248 x15:1c010244  PA:1c010244
15044492ns          248232 1c008234 0048a70b p.lw             x14, 4(x17!)        x14=40802c0b x17=1c010720 x17:1c01071c  PA:1c01071c
15044790ns          248247 1c008238 a97c76c3 fmadd.s          f13, f24, f23, f21  f13=xxxxxxxx f24:4094f6f6 f23:4112af5f f21:00000000
15044810ns          248248 1c00823c 0247ac03 lw               x24, 36(x15)        x24=411e9436 x15:1c010248  PA:1c01026c
15045108ns          248263 1c008240 04c7a603 lw               x12, 76(x15)        x12=3f21e7bb x15:1c010248  PA:1c010294
15045407ns          248278 1c008242 694c7c43 fmadd.s          f24, f24, f20, f13  f24=xxxxxxxx f24:411e9436 f20:3fac1002 f13:422ab5c9
15045427ns          248279 1c008246 0747a683 lw               x13, 116(x15)       x13=40ca0be4 x15:1c010248  PA:1c0102bc
15045725ns          248294 1c008248 09c7ac83 lw               x25, 156(x15)       x25=40821008 x15:1c010248  PA:1c0102e4
15046023ns          248309 1c00824c c1367643 fmadd.s          f12, f12, f19, f24  f12=xxxxxxxx f12:3f21e7bb f19:40ca5d8a f24:42600088
15046043ns          248310 1c008250 0c47ac03 lw               x24, 196(x15)       x24=40f69cdc x15:1c010248  PA:1c01030c
15046342ns          248325 1c008254 0ec7a503 lw               x10, 236(x15)       x10=40df012c x15:1c010248  PA:1c010334
15046640ns          248340 1c008258 6016f6c3 fmadd.s          f13, f13, f1, f12   f13=xxxxxxxx f13:40ca0be4  f1:40962974 f12:42700008
15046660ns          248341 1c00825c 1147a583 lw               x11, 276(x15)       x11=4119a056 x15:1c010248  PA:1c01035c
15046958ns          248356 1c008260 13c7a603 lw               x12, 316(x15)       x12=40504ac2 x15:1c010248  PA:1c010384
15047277ns          248372 1c008264 687cfcc3 fmadd.s          f25, f25, f7, f13   f25=xxxxxxxx f25:40821008  f7:40d9f6a4 f13:42b341dc
15047296ns          248373 1c008268 1647a683 lw               x13, 356(x15)       x13=410101e3 x15:1c010248  PA:1c0103ac
15047595ns          248388 1c00826c c85c7c43 fmadd.s          f24, f24, f5, f25   f24=xxxxxxxx f24:40f69cdc  f5:3f2a92ad f25:42eaa04f
15047615ns          248389 1c008270 c1f57543 fmadd.s          f10, f10, f31, f24  f10=xxxxxxxx f10:40df012c f31:40298b74 f24:42f4e566
15047635ns          248390 1c008274 51e5f5c3 fmadd.s          f11, f11, f30, f10  f11=xxxxxxxx f11:4119a056 f30:41033afc f10:430ce8db
15047654ns          248391 1c008278 59d67643 fmadd.s          f12, f12, f29, f11  f12=xxxxxxxx f12:40504ac2 f29:41019e89 f11:435ba94d
15047674ns          248392 1c00827c 61c6f6c3 fmadd.s          f13, f13, f28, f12  f13=xxxxxxxx f13:410101e3 f28:401e944f f12:437606f7
15047694ns          248393 1c008280 68eb7743 fmadd.s          f14, f22, f14, f13  f14=xxxxxxxx f22:406a5360 f14:40802c0b f13:438500b8
15047714ns          248394 1c008284 00e3222b p.sw             x14, 4(x6!)          x6=10000fa8 x14:438c55d8  x6:10000fa4  PA:10000fa4
15047734ns          248395 1c008230 0047ac0b p.lw             x24, 4(x15!)        x24=40a9261d x15=1c01024c x15:1c010248  PA:1c010248
15048032ns          248410 1c008234 0048a70b p.lw             x14, 4(x17!)        x14=40c2f257 x17=1c010724 x17:1c010720  PA:1c010720
15048331ns          248425 1c008238 a97c76c3 fmadd.s          f13, f24, f23, f21  f13=xxxxxxxx f24:40a9261d f23:4112af5f f21:00000000
15048351ns          248426 1c00823c 0247ac03 lw               x24, 36(x15)        x24=40c94f84 x15:1c01024c  PA:1c010270
15048649ns          248441 1c008240 04c7a603 lw               x12, 76(x15)        x12=40d19002 x15:1c01024c  PA:1c010298
15048947ns          248456 1c008242 694c7c43 fmadd.s          f24, f24, f20, f13  f24=xxxxxxxx f24:40c94f84 f20:3fac1002 f13:4241d739
15048967ns          248457 1c008246 0747a683 lw               x13, 116(x15)       x13=40dfd861 x15:1c01024c  PA:1c0102c0
15049266ns          248472 1c008248 09c7ac83 lw               x25, 156(x15)       x25=40bb4e67 x15:1c01024c  PA:1c0102e8
15049564ns          248487 1c00824c c1367643 fmadd.s          f12, f12, f19, f24  f12=xxxxxxxx f12:40d19002 f19:40ca5d8a f24:4263aaba
15049584ns          248488 1c008250 0c47ac03 lw               x24, 196(x15)       x24=40051a72 x15:1c01024c  PA:1c010310
15049902ns          248504 1c008254 0ec7a503 lw               x10, 236(x15)       x10=40356782 x15:1c01024c  PA:1c010338
15050200ns          248519 1c008258 6016f6c3 fmadd.s          f13, f13, f1, f12   f13=xxxxxxxx f13:40dfd861  f1:40962974 f12:42c4a977
15050220ns          248520 1c00825c 1147a583 lw               x11, 276(x15)       x11=402d981b x15:1c01024c  PA:1c010360
15050519ns          248535 1c008260 13c7a603 lw               x12, 316(x15)       x12=408dd1f0 x15:1c01024c  PA:1c010388
15050817ns          248550 1c008264 687cfcc3 fmadd.s          f25, f25, f7, f13   f25=xxxxxxxx f25:40bb4e67  f7:40d9f6a4 f13:430327fd
15050837ns          248551 1c008268 1647a683 lw               x13, 356(x15)       x13=3f8f204e x15:1c01024c  PA:1c0103b0
15051135ns          248566 1c00826c c85c7c43 fmadd.s          f24, f24, f5, f25   f24=xxxxxxxx f24:40051a72  f5:3f2a92ad f25:432b0678
15051155ns          248567 1c008270 c1f57543 fmadd.s          f10, f10, f31, f24  f10=xxxxxxxx f10:40356782 f31:40298b74 f24:432c6937
15051175ns          248568 1c008274 51e5f5c3 fmadd.s          f11, f11, f30, f10  f11=xxxxxxxx f11:402d981b f30:41033afc f10:4333eb79
15051195ns          248569 1c008278 59d67643 fmadd.s          f12, f12, f29, f11  f12=xxxxxxxx f12:408dd1f0 f29:41019e89 f11:434a2aae
15051215ns          248570 1c00827c 61c6f6c3 fmadd.s          f13, f13, f28, f12  f13=xxxxxxxx f13:3f8f204e f28:401e944f f12:436e11fd
15051235ns          248571 1c008280 68eb7743 fmadd.s          f14, f22, f14, f13  f14=xxxxxxxx f22:406a5360 f14:40c2f257 f13:4370d744
15051255ns          248572 1c008284 00e3222b p.sw             x14, 4(x6!)          x6=10000fac x14:438392b2  x6:10000fa8  PA:10000fa8
15051275ns          248573 1c008230 0047ac0b p.lw             x24, 4(x15!)        x24=411846dd x15=1c010250 x15:1c01024c  PA:1c01024c
15051573ns          248588 1c008234 0048a70b p.lw             x14, 4(x17!)        x14=4020b4b7 x17=1c010728 x17:1c010724  PA:1c010724
15051871ns          248603 1c008238 a97c76c3 fmadd.s          f13, f24, f23, f21  f13=xxxxxxxx f24:411846dd f23:4112af5f f21:00000000
15051891ns          248604 1c00823c 0247ac03 lw               x24, 36(x15)        x24=3fd0c4bf x15:1c010250  PA:1c010274
15052190ns          248619 1c008240 04c7a603 lw               x12, 76(x15)        x12=40f702a7 x15:1c010250  PA:1c01029c
15052488ns          248634 1c008242 694c7c43 fmadd.s          f24, f24, f20, f13  f24=xxxxxxxx f24:3fd0c4bf f20:3fac1002 f13:42ae8176
15052508ns          248635 1c008246 0747a683 lw               x13, 116(x15)       x13=400cd374 x15:1c010250  PA:1c0102c4
15052806ns          248650 1c008248 09c7ac83 lw               x25, 156(x15)       x25=3fcb72b2 x15:1c010250  PA:1c0102ec
15053105ns          248665 1c00824c c1367643 fmadd.s          f12, f12, f19, f24  f12=xxxxxxxx f12:40f702a7 f19:40ca5d8a f24:42b2e400
15053124ns          248666 1c008250 0c47ac03 lw               x24, 196(x15)       x24=40fe1de5 x15:1c010250  PA:1c010314
15053423ns          248681 1c008254 0ec7a503 lw               x10, 236(x15)       x10=405d25df x15:1c010250  PA:1c01033c
15053721ns          248696 1c008258 6016f6c3 fmadd.s          f13, f13, f1, f12   f13=xxxxxxxx f13:400cd374  f1:40962974 f12:430a4296
15053741ns          248697 1c00825c 1147a583 lw               x11, 276(x15)       x11=4103f697 x15:1c010250  PA:1c010364
15054039ns          248712 1c008260 13c7a603 lw               x12, 316(x15)       x12=3e6caeb3 x15:1c010250  PA:1c01038c
15054338ns          248727 1c008264 687cfcc3 fmadd.s          f25, f25, f7, f13   f25=xxxxxxxx f25:3fcb72b2  f7:40d9f6a4 f13:431495ec
15054358ns          248728 1c008268 1647a683 lw               x13, 356(x15)       x13=40c89cff x15:1c010250  PA:1c0103b4
15054656ns          248743 1c00826c c85c7c43 fmadd.s          f24, f24, f5, f25   f24=xxxxxxxx f24:40fe1de5  f5:3f2a92ad f25:431f6970
15054676ns          248744 1c008270 c1f57543 fmadd.s          f10, f10, f31, f24  f10=xxxxxxxx f10:405d25df f31:40298b74 f24:4324b3fc
15054696ns          248745 1c008274 51e5f5c3 fmadd.s          f11, f11, f30, f10  f11=xxxxxxxx f11:4103f697 f30:41033afc f10:432ddb63
15054716ns          248746 1c008278 59d67643 fmadd.s          f12, f12, f29, f11  f12=xxxxxxxx f12:3e6caeb3 f29:41019e89 f11:437180fa
15054736ns          248747 1c00827c 61c6f6c3 fmadd.s          f13, f13, f28, f12  f13=xxxxxxxx f13:40c89cff f28:401e944f f12:43736054
15054755ns          248748 1c008280 68eb7743 fmadd.s          f14, f22, f14, f13  f14=xxxxxxxx f22:406a5360 f14:4020b4b7 f13:4381747c
15054775ns          248749 1c008284 00e3222b p.sw             x14, 4(x6!)          x6=10000fb0 x14:43860d48  x6:10000fac  PA:10000fac
15054795ns          248750 1c008230 0047ac0b p.lw             x24, 4(x15!)        x24=411d0137 x15=1c010254 x15:1c010250  PA:1c010250
15055094ns          248765 1c008234 0048a70b p.lw             x14, 4(x17!)        x14=404c1a80 x17=1c01072c x17:1c010728  PA:1c010728
15055392ns          248780 1c008238 a97c76c3 fmadd.s          f13, f24, f23, f21  f13=xxxxxxxx f24:411d0137 f23:4112af5f f21:00000000
15055412ns          248781 1c00823c 0247ac03 lw               x24, 36(x15)        x24=40cb19a7 x15:1c010254  PA:1c010278
15055710ns          248796 1c008240 04c7a603 lw               x12, 76(x15)        x12=40a6b36a x15:1c010254  PA:1c0102a0
15056009ns          248811 1c008242 694c7c43 fmadd.s          f24, f24, f20, f13  f24=xxxxxxxx f24:40cb19a7 f20:3fac1002 f13:42b3ec7f
15056028ns          248812 1c008246 0747a683 lw               x13, 116(x15)       x13=404d37de x15:1c010254  PA:1c0102c8
15056327ns          248827 1c008248 09c7ac83 lw               x25, 156(x15)       x25=3f1cf0e8 x15:1c010254  PA:1c0102f0
15056645ns          248843 1c00824c c1367643 fmadd.s          f12, f12, f19, f24  f12=xxxxxxxx f12:40a6b36a f19:40ca5d8a f24:42c4fcbd
15056665ns          248844 1c008250 0c47ac03 lw               x24, 196(x15)       x24=411ed55f x15:1c010254  PA:1c010318
15056963ns          248859 1c008254 0ec7a503 lw               x10, 236(x15)       x10=400c9079 x15:1c010254  PA:1c010340
15057262ns          248874 1c008258 6016f6c3 fmadd.s          f13, f13, f1, f12   f13=xxxxxxxx f13:404d37de  f1:40962974 f12:43036ffd
15057282ns          248875 1c00825c 1147a583 lw               x11, 276(x15)       x11=40689cb2 x15:1c010254  PA:1c010368
15057580ns          248890 1c008260 13c7a603 lw               x12, 316(x15)       x12=4106ee7c x15:1c010254  PA:1c010390
15057898ns          248906 1c008264 687cfcc3 fmadd.s          f25, f25, f7, f13   f25=xxxxxxxx f25:3f1cf0e8  f7:40d9f6a4 f13:43127bfc
15057918ns          248907 1c008268 1647a683 lw               x13, 356(x15)       x13=40d80c68 x15:1c010254  PA:1c0103b8
15058216ns          248922 1c00826c c85c7c43 fmadd.s          f24, f24, f5, f25   f24=xxxxxxxx f24:411ed55f  f5:3f2a92ad f25:4316a8f7
15058236ns          248923 1c008270 c1f57543 fmadd.s          f10, f10, f31, f24  f10=xxxxxxxx f10:400c9079 f31:40298b74 f24:431d4642
15058256ns          248924 1c008274 51e5f5c3 fmadd.s          f11, f11, f30, f10  f11=xxxxxxxx f11:40689cb2 f30:41033afc f10:432317c1
15058276ns          248925 1c008278 59d67643 fmadd.s          f12, f12, f29, f11  f12=xxxxxxxx f12:4106ee7c f29:41019e89 f11:4340e733
15058296ns          248926 1c00827c 61c6f6c3 fmadd.s          f13, f13, f28, f12  f13=xxxxxxxx f13:40d80c68 f28:401e944f f12:43829c77
15058316ns          248927 1c008280 68eb7743 fmadd.s          f14, f22, f14, f13  f14=xxxxxxxx f22:406a5360 f14:404c1a80 f13:438af9c4
15058336ns          248928 1c008284 00e3222b p.sw             x14, 4(x6!)          x6=10000fb4 x14:4390d05a  x6:10000fb0  PA:10000fb0
15058356ns          248929 1c008230 0047ac0b p.lw             x24, 4(x15!)        x24=40b42208 x15=1c010258 x15:1c010254  PA:1c010254
15058654ns          248944 1c008234 0048a70b p.lw             x14, 4(x17!)        x14=409223d9 x17=1c010730 x17:1c01072c  PA:1c01072c
15058952ns          248959 1c008238 a97c76c3 fmadd.s          f13, f24, f23, f21  f13=xxxxxxxx f24:40b42208 f23:4112af5f f21:00000000
15058972ns          248960 1c00823c 0247ac03 lw               x24, 36(x15)        x24=4018b2fe x15:1c010258  PA:1c01027c
15059291ns          248976 1c008240 04c7a603 lw               x12, 76(x15)        x12=408230bf x15:1c010258  PA:1c0102a4
15059589ns          248991 1c008242 694c7c43 fmadd.s          f24, f24, f20, f13  f24=xxxxxxxx f24:4018b2fe f20:3fac1002 f13:424e6d9d
15059609ns          248992 1c008246 0747a683 lw               x13, 116(x15)       x13=40648e52 x15:1c010258  PA:1c0102cc
15059907ns          249007 1c008248 09c7ac83 lw               x25, 156(x15)       x25=40923897 x15:1c010258  PA:1c0102f4
15060206ns          249022 1c00824c c1367643 fmadd.s          f12, f12, f19, f24  f12=xxxxxxxx f12:408230bf f19:40ca5d8a f24:425b41d7
15060225ns          249023 1c008250 0c47ac03 lw               x24, 196(x15)       x24=3f0fa64b x15:1c010258  PA:1c01031c
15060544ns          249039 1c008254 0ec7a503 lw               x10, 236(x15)       x10=40ddbabc x15:1c010258  PA:1c010344
15060842ns          249054 1c008258 6016f6c3 fmadd.s          f13, f13, f1, f12   f13=xxxxxxxx f13:40648e52  f1:40962974 f12:42a115f0
15060862ns          249055 1c00825c 1147a583 lw               x11, 276(x15)       x11=406957bb x15:1c010258  PA:1c01036c
15061160ns          249070 1c008260 13c7a603 lw               x12, 316(x15)       x12=4099b639 x15:1c010258  PA:1c010394
15061459ns          249085 1c008264 687cfcc3 fmadd.s          f25, f25, f7, f13   f25=xxxxxxxx f25:40923897  f7:40d9f6a4 f13:42c29a0a
15061479ns          249086 1c008268 1647a683 lw               x13, 356(x15)       x13=3fd80923 x15:1c010258  PA:1c0103bc
15061777ns          249101 1c00826c c85c7c43 fmadd.s          f24, f24, f5, f25   f24=xxxxxxxx f24:3f0fa64b  f5:3f2a92ad f25:43006cbb
15061797ns          249102 1c008270 c1f57543 fmadd.s          f10, f10, f31, f24  f10=xxxxxxxx f10:40ddbabc f31:40298b74 f24:4300cc72
15061817ns          249103 1c008274 51e5f5c3 fmadd.s          f11, f11, f30, f10  f11=xxxxxxxx f11:406957bb f30:41033afc f10:43132794
15061837ns          249104 1c008278 59d67643 fmadd.s          f12, f12, f29, f11  f12=xxxxxxxx f12:4099b639 f29:41019e89 f11:43310efe
15061856ns          249105 1c00827c 61c6f6c3 fmadd.s          f13, f13, f28, f12  f13=xxxxxxxx f13:3fd80923 f28:401e944f f12:4357f900
15061876ns          249106 1c008280 68eb7743 fmadd.s          f14, f22, f14, f13  f14=xxxxxxxx f22:406a5360 f14:409223d9 f13:435c2796
15061896ns          249107 1c008284 00e3222b p.sw             x14, 4(x6!)          x6=10000fb8 x14:436ce022  x6:10000fb4  PA:10000fb4
15061916ns          249108 1c008230 0047ac0b p.lw             x24, 4(x15!)        x24=3faae4b9 x15=1c01025c x15:1c010258  PA:1c010258
15062214ns          249123 1c008234 0048a70b p.lw             x14, 4(x17!)        x14=40b35fae x17=1c010734 x17:1c010730  PA:1c010730
15062513ns          249138 1c008238 a97c76c3 fmadd.s          f13, f24, f23, f21  f13=xxxxxxxx f24:3faae4b9 f23:4112af5f f21:00000000
15062533ns          249139 1c00823c 0247ac03 lw               x24, 36(x15)        x24=40ff2a58 x15:1c01025c  PA:1c010280
15062831ns          249154 1c008240 04c7a603 lw               x12, 76(x15)        x12=40d75424 x15:1c01025c  PA:1c0102a8
15063129ns          249169 1c008242 694c7c43 fmadd.s          f24, f24, f20, f13  f24=xxxxxxxx f24:40ff2a58 f20:3fac1002 f13:4143d707
15063149ns          249170 1c008246 0747a683 lw               x13, 116(x15)       x13=40a639cf x15:1c01025c  PA:1c0102d0
15063448ns          249185 1c008248 09c7ac83 lw               x25, 156(x15)       x25=40fc3ca6 x15:1c01025c  PA:1c0102f8
15063746ns          249200 1c00824c c1367643 fmadd.s          f12, f12, f19, f24  f12=xxxxxxxx f12:40d75424 f19:40ca5d8a f24:41b7abb7
15063766ns          249201 1c008250 0c47ac03 lw               x24, 196(x15)       x24=3ff6a644 x15:1c01025c  PA:1c010320
15064064ns          249216 1c008254 0ec7a503 lw               x10, 236(x15)       x10=4111b5e9 x15:1c01025c  PA:1c010348
15064363ns          249231 1c008258 6016f6c3 fmadd.s          f13, f13, f1, f12   f13=xxxxxxxx f13:40a639cf  f1:40962974 f12:42830677
15064383ns          249232 1c00825c 1147a583 lw               x11, 276(x15)       x11=41112316 x15:1c01025c  PA:1c010370
15064681ns          249247 1c008260 13c7a603 lw               x12, 316(x15)       x12=4006800a x15:1c01025c  PA:1c010398
15064979ns          249262 1c008264 687cfcc3 fmadd.s          f25, f25, f7, f13   f25=xxxxxxxx f25:40fc3ca6  f7:40d9f6a4 f13:42b3c6dc
15064999ns          249263 1c008268 1647a683 lw               x13, 356(x15)       x13=3e8a3ba9 x15:1c01025c  PA:1c0103c0
15065298ns          249278 1c00826c c85c7c43 fmadd.s          f24, f24, f5, f25   f24=xxxxxxxx f24:3ff6a644  f5:3f2a92ad f25:430f9409
15065317ns          249279 1c008270 c1f57543 fmadd.s          f10, f10, f31, f24  f10=xxxxxxxx f10:4111b5e9 f31:40298b74 f24:4310dcb8
15065337ns          249280 1c008274 51e5f5c3 fmadd.s          f11, f11, f30, f10  f11=xxxxxxxx f11:41112316 f30:41033afc f10:4328fcd6
15065357ns          249281 1c008278 59d67643 fmadd.s          f12, f12, f29, f11  f12=xxxxxxxx f12:4006800a f29:41019e89 f11:4373633b
15065377ns          249282 1c00827c 61c6f6c3 fmadd.s          f13, f13, f28, f12  f13=xxxxxxxx f13:3e8a3ba9 f28:401e944f f12:438234d8
15065397ns          249283 1c008280 68eb7743 fmadd.s          f14, f22, f14, f13  f14=xxxxxxxx f22:406a5360 f14:40b35fae f13:43828a79
15065417ns          249284 1c008284 00e3222b p.sw             x14, 4(x6!)          x6=10000fbc x14:438ccd77  x6:10000fb8  PA:10000fb8
15065437ns          249285 1c008230 0047ac0b p.lw             x24, 4(x15!)        x24=3ef30f65 x15=1c010260 x15:1c01025c  PA:1c01025c
15065735ns          249300 1c008234 0048a70b p.lw             x14, 4(x17!)        x14=4014e890 x17=1c010738 x17:1c010734  PA:1c010734
15066034ns          249315 1c008238 a97c76c3 fmadd.s          f13, f24, f23, f21  f13=xxxxxxxx f24:3ef30f65 f23:4112af5f f21:00000000
15066053ns          249316 1c00823c 0247ac03 lw               x24, 36(x15)        x24=411aa195 x15:1c010260  PA:1c010284
15066352ns          249331 1c008240 04c7a603 lw               x12, 76(x15)        x12=40c67260 x15:1c010260  PA:1c0102ac
15066650ns          249346 1c008242 694c7c43 fmadd.s          f24, f24, f20, f13  f24=xxxxxxxx f24:411aa195 f20:3fac1002 f13:408b4549
15066670ns          249347 1c008246 0747a683 lw               x13, 116(x15)       x13=3ff92971 x15:1c010260  PA:1c0102d4
15066968ns          249362 1c008248 09c7ac83 lw               x25, 156(x15)       x25=4106bc2f x15:1c010260  PA:1c0102fc
15067287ns          249378 1c00824c c1367643 fmadd.s          f12, f12, f19, f24  f12=xxxxxxxx f12:40c67260 f19:40ca5d8a f24:418abf8e
15067307ns          249379 1c008250 0c47ac03 lw               x24, 196(x15)       x24=410a7e53 x15:1c010260  PA:1c010324
15067605ns          249394 1c008254 0ec7a503 lw               x10, 236(x15)       x10=40df4ce5 x15:1c010260  PA:1c01034c
15067903ns          249409 1c008258 6016f6c3 fmadd.s          f13, f13, f1, f12   f13=xxxxxxxx f13:3ff92971  f1:40962974 f12:42623e89
15067923ns          249410 1c00825c 1147a583 lw               x11, 276(x15)       x11=40f1ace2 x15:1c010260  PA:1c010374
15068221ns          249425 1c008260 13c7a603 lw               x12, 316(x15)       x12=3fc247b6 x15:1c010260  PA:1c01039c
15068540ns          249441 1c008264 687cfcc3 fmadd.s          f25, f25, f7, f13   f25=xxxxxxxx f25:4106bc2f  f7:40d9f6a4 f13:42836419
15068560ns          249442 1c008268 1647a683 lw               x13, 356(x15)       x13=40e02d90 x15:1c010260  PA:1c0103c4
15068858ns          249457 1c00826c c85c7c43 fmadd.s          f24, f24, f5, f25   f24=xxxxxxxx f24:410a7e53  f5:3f2a92ad f25:42f61b6c
15068878ns          249458 1c008270 c1f57543 fmadd.s          f10, f10, f31, f24  f10=xxxxxxxx f10:40df4ce5 f31:40298b74 f24:4300d22a
15068898ns          249459 1c008274 51e5f5c3 fmadd.s          f11, f11, f30, f10  f11=xxxxxxxx f11:40f1ace2 f30:41033afc f10:43134e97
15068918ns          249460 1c008278 59d67643 fmadd.s          f12, f12, f29, f11  f12=xxxxxxxx f12:3fc247b6 f29:41019e89 f11:4351402a
15068938ns          249461 1c00827c 61c6f6c3 fmadd.s          f13, f13, f28, f12  f13=xxxxxxxx f13:40e02d90 f28:401e944f f12:435d8bf8
15068957ns          249462 1c008280 68eb7743 fmadd.s          f14, f22, f14, f13  f14=xxxxxxxx f22:406a5360 f14:4014e890 f13:436ee7b8
15068977ns          249463 1c008284 00e3222b p.sw             x14, 4(x6!)          x6=10000fc0 x14:43776c89  x6:10000fbc  PA:10000fbc
15068997ns          249464 1c008230 0047ac0b p.lw             x24, 4(x15!)        x24=411bcddb x15=1c010264 x15:1c010260  PA:1c010260
15069296ns          249479 1c008234 0048a70b p.lw             x14, 4(x17!)        x14=40b14088 x17=1c01073c x17:1c010738  PA:1c010738
15069594ns          249494 1c008238 a97c76c3 fmadd.s          f13, f24, f23, f21  f13=xxxxxxxx f24:411bcddb f23:4112af5f f21:00000000
15069614ns          249495 1c00823c 0247ac03 lw               x24, 36(x15)        x24=40b09379 x15:1c010264  PA:1c010288
15069932ns          249511 1c008240 04c7a603 lw               x12, 76(x15)        x12=40c91869 x15:1c010264  PA:1c0102b0
15070230ns          249526 1c008242 694c7c43 fmadd.s          f24, f24, f20, f13  f24=xxxxxxxx f24:40b09379 f20:3fac1002 f13:42b28c45
15070250ns          249527 1c008246 0747a683 lw               x13, 116(x15)       x13=410599fc x15:1c010264  PA:1c0102d8
15070549ns          249542 1c008248 09c7ac83 lw               x25, 156(x15)       x25=40e19140 x15:1c010264  PA:1c010300
15070847ns          249557 1c00824c c1367643 fmadd.s          f12, f12, f19, f24  f12=xxxxxxxx f12:40c91869 f19:40ca5d8a f24:42c16209
15070867ns          249558 1c008250 0c47ac03 lw               x24, 196(x15)       x24=4042d0c9 x15:1c010264  PA:1c010328
15071185ns          249574 1c008254 0ec7a503 lw               x10, 236(x15)       x10=408c572a x15:1c010264  PA:1c010350
15071484ns          249589 1c008258 6016f6c3 fmadd.s          f13, f13, f1, f12   f13=xxxxxxxx f13:410599fc  f1:40962974 f12:43086eb4
15071503ns          249590 1c00825c 1147a583 lw               x11, 276(x15)       x11=40946b22 x15:1c010264  PA:1c010378
15071802ns          249605 1c008260 13c7a603 lw               x12, 316(x15)       x12=3fb7f52e x15:1c010264  PA:1c0103a0
15072100ns          249620 1c008264 687cfcc3 fmadd.s          f25, f25, f7, f13   f25=xxxxxxxx f25:40e19140  f7:40d9f6a4 f13:432f9da2
15072120ns          249621 1c008268 1647a683 lw               x13, 356(x15)       x13=3fb162c0 x15:1c010264  PA:1c0103c8
15072418ns          249636 1c00826c c85c7c43 fmadd.s          f24, f24, f5, f25   f24=xxxxxxxx f24:4042d0c9  f5:3f2a92ad f25:435fa0fe
15072438ns          249637 1c008270 c1f57543 fmadd.s          f10, f10, f31, f24  f10=xxxxxxxx f10:408c572a f31:40298b74 f24:4361a837
15072458ns          249638 1c008274 51e5f5c3 fmadd.s          f11, f11, f30, f10  f11=xxxxxxxx f11:40946b22 f30:41033afc f10:436d4677
15072478ns          249639 1c008278 59d67643 fmadd.s          f12, f12, f29, f11  f12=xxxxxxxx f12:3fb7f52e f29:41019e89 f11:4389a87d
15072498ns          249640 1c00827c 61c6f6c3 fmadd.s          f13, f13, f28, f12  f13=xxxxxxxx f13:3fb162c0 f28:401e944f f12:438f7ac4
15072518ns          249641 1c008280 68eb7743 fmadd.s          f14, f22, f14, f13  f14=xxxxxxxx f22:406a5360 f14:40b14088 f13:4391324b
15072538ns          249642 1c008284 00e3222b p.sw             x14, 4(x6!)          x6=10000fc4 x14:439b5636  x6:10000fc0  PA:10000fc0
15072558ns          249643 1c008230 0047ac0b p.lw             x24, 4(x15!)        x24=40511a44 x15=1c010268 x15:1c010264  PA:1c010264
15072856ns          249658 1c008234 0048a70b p.lw             x14, 4(x17!)        x14=410eacf8 x17=1c010740 x17:1c01073c  PA:1c01073c
15073154ns          249673 1c008238 a97c76c3 fmadd.s          f13, f24, f23, f21  f13=xxxxxxxx f24:40511a44 f23:4112af5f f21:00000000
15073174ns          249674 1c00823c 0247ac03 lw               x24, 36(x15)        x24=4100a158 x15:1c010268  PA:1c01028c
15073473ns          249689 1c008240 04c7a603 lw               x12, 76(x15)        x12=4110f7c8 x15:1c010268  PA:1c0102b4
15073771ns          249704 1c008242 694c7c43 fmadd.s          f24, f24, f20, f13  f24=xxxxxxxx f24:4100a158 f20:3fac1002 f13:41efa073
15073791ns          249705 1c008246 0747a683 lw               x13, 116(x15)       x13=4106fbe2 x15:1c010268  PA:1c0102dc
15074089ns          249720 1c008248 09c7ac83 lw               x25, 156(x15)       x25=3f2fed41 x15:1c010268  PA:1c010304
15074388ns          249735 1c00824c c1367643 fmadd.s          f12, f12, f19, f24  f12=xxxxxxxx f12:4110f7c8 f19:40ca5d8a f24:42230a73
15074408ns          249736 1c008250 0c47ac03 lw               x24, 196(x15)       x24=400569c2 x15:1c010268  PA:1c01032c
15074706ns          249751 1c008254 0ec7a503 lw               x10, 236(x15)       x10=3fdda479 x15:1c010268  PA:1c010354
15075004ns          249766 1c008258 6016f6c3 fmadd.s          f13, f13, f1, f12   f13=xxxxxxxx f13:4106fbe2  f1:40962974 f12:42c41db5
15075024ns          249767 1c00825c 1147a583 lw               x11, 276(x15)       x11=3fc39701 x15:1c010268  PA:1c01037c
15075322ns          249782 1c008260 13c7a603 lw               x12, 316(x15)       x12=40b75a12 x15:1c010268  PA:1c0103a4
15075621ns          249797 1c008264 687cfcc3 fmadd.s          f25, f25, f7, f13   f25=xxxxxxxx f25:3f2fed41  f7:40d9f6a4 f13:4309a593
15075641ns          249798 1c008268 1647a683 lw               x13, 356(x15)       x13=4115c2e0 x15:1c010268  PA:1c0103cc
15075939ns          249813 1c00826c c85c7c43 fmadd.s          f24, f24, f5, f25   f24=xxxxxxxx f24:400569c2  f5:3f2a92ad f25:430e53e0
15075959ns          249814 1c008270 c1f57543 fmadd.s          f10, f10, f31, f24  f10=xxxxxxxx f10:3fdda479 f31:40298b74 f24:430fb773
15075979ns          249815 1c008274 51e5f5c3 fmadd.s          f11, f11, f30, f10  f11=xxxxxxxx f11:3fc39701 f30:41033afc f10:43144dc6
15075999ns          249816 1c008278 59d67643 fmadd.s          f12, f12, f29, f11  f12=xxxxxxxx f12:40b75a12 f29:41019e89 f11:4320d631
15076019ns          249817 1c00827c 61c6f6c3 fmadd.s          f13, f13, f28, f12  f13=xxxxxxxx f13:4115c2e0 f28:401e944f f12:434f4128
15076039ns          249818 1c008280 68eb7743 fmadd.s          f14, f22, f14, f13  f14=xxxxxxxx f22:406a5360 f14:410eacf8 f13:4366726a
15076058ns          249819 1c008284 00e3222b p.sw             x14, 4(x6!)          x6=10000fc8 x14:43838c47  x6:10000fc4  PA:10000fc4
15076078ns          249820 1c008288 6f7010ef jal              x1, 7926             x1=1c00828c
15076635ns          249848 1c00a17e f14027f3 csrrs            x15, x0, 0xf14      x15=00000001
15076655ns          249849 1c00a182 01f00713 addi             x14, x0, 31         x14=0000001f
15076675ns          249850 1c00a184 ca5797b3 p.extractu       x15, x15, 5, 5      x15=00000000 x15:00000001
15076695ns          249851 1c00a188 00e78863 beq              x15, x14, 16        x15:00000000 x14:0000001f
15076715ns          249852 1c00a18c 002047b7 lui              x15, 0x204000       x15=00204000
15076775ns          249855 1c00a190 20078793 addi             x15, x15, 512       x15=00204200 x15:00204000
15076814ns          249857 1c00a194 01c7e703 p.elw            x14, 28(x15)        x14=00010000 x15:00204200  PA:0020421c
15077093ns          249871 1c00a198 00008067 jalr             x0, x1, 0            x1:1c00828c
15077331ns          249883 1c00828c f14027f3 csrrs            x15, x0, 0xf14      x15=00000001
15077351ns          249884 1c008290 f457b7b3 p.bclr           x15, x15, 26, 5     x15=00000001 x15:00000001
15077371ns          249885 1c008294 3c078963 beq              x15, x0, 978        x15:00000001
15077391ns          249886 1c008298 6e7010ef jal              x1, 7910             x1=1c00829c
15077451ns          249889 1c00a17e f14027f3 csrrs            x15, x0, 0xf14      x15=00000001
15077471ns          249890 1c00a182 01f00713 addi             x14, x0, 31         x14=0000001f
15077491ns          249891 1c00a184 ca5797b3 p.extractu       x15, x15, 5, 5      x15=00000000 x15:00000001
15077510ns          249892 1c00a188 00e78863 beq              x15, x14, 16        x15:00000000 x14:0000001f
15077530ns          249893 1c00a18c 002047b7 lui              x15, 0x204000       x15=00204000
15077550ns          249894 1c00a190 20078793 addi             x15, x15, 512       x15=00204200 x15:00204000
15077570ns          249895 1c00a194 01c7e703 p.elw            x14, 28(x15)        x14=00010000 x15:00204200  PA:0020421c
15693368ns          280854 1c00a198 00008067 jalr             x0, x1, 0            x1:1c00829c
15693408ns          280856 1c00829c 00812e83 lw               x29, 8(x2)          x29=4386b2dc  x2:10000f98  PA:10000fa0
15693447ns          280858 1c00829e 00c12f03 lw               x30, 12(x2)         x30=438c55d8  x2:10000f98  PA:10000fa4
15693885ns          280880 1c0082a0 01012e03 lw               x28, 16(x2)         x28=438392b2  x2:10000f98  PA:10000fa8
15693925ns          280882 1c0082a2 01eef9d3 fadd.s           f19, f29, f30       f19=xxxxxxxx f29:4386b2dc f30:438c55d8
15693945ns          280883 1c0082a6 01412883 lw               x17, 20(x2)         x17=43860d48  x2:10000f98  PA:10000fac
15693965ns          280884 1c0082a8 01812803 lw               x16, 24(x2)         x16=4390d05a  x2:10000f98  PA:10000fb0
15693985ns          280885 1c0082aa 013e79d3 fadd.s           f19, f28, f19       f19=xxxxxxxx f28:438392b2 f19:4409845a
15694004ns          280886 1c0082ae 01c12503 lw               x10, 28(x2)         x10=436ce022  x2:10000f98  PA:10000fb4
15694422ns          280907 1c0082b0 02012583 lw               x11, 32(x2)         x11=438ccd77  x2:10000f98  PA:10000fb8
15694462ns          280909 1c0082b2 0138f9d3 fadd.s           f19, f17, f19       f19=xxxxxxxx f17:43860d48 f19:444b4db3
15694482ns          280910 1c0082b6 02412603 lw               x12, 36(x2)         x12=43776c89  x2:10000f98  PA:10000fbc
15694502ns          280911 1c0082b8 02812683 lw               x13, 40(x2)         x13=439b5636  x2:10000f98  PA:10000fc0
15694522ns          280912 1c0082ba 013879d3 fadd.s           f19, f16, f19       f19=xxxxxxxx f16:4390d05a f19:44872a2c
15694541ns          280913 1c0082be 02c12303 lw               x6, 44(x2)           x6=43838c47  x2:10000f98  PA:10000fc4
15694939ns          280933 1c0082c0 1c0007b7 lui              x15, 0x1c000000     x15=1c000000
15694979ns          280935 1c0082c4 013579d3 fadd.s           f19, f10, f19       f19=xxxxxxxx f10:436ce022 f19:44ab5e42
15694999ns          280936 1c0082c8 01c7a783 lw               x15, 28(x15)        x15=3dcccccd x15:1c000000  PA:1c00001c
15695417ns          280957 1c0082cc 00148713 addi             x14, x9, 1          x14=00000005  x9:00000004
15695456ns          280959 1c0082d0 0135f9d3 fadd.s           f19, f11, f19       f19=xxxxxxxx f11:438ccd77 f19:44c8fa46
15695496ns          280961 1c0082d4 00271713 slli             x14, x14, 0x2       x14=00000014 x14:00000005
15695516ns          280962 1c0082d6 01270733 add              x14, x14, x18       x14=1c010014 x14:00000014 x18:1c010000
15695536ns          280963 1c0082d8 013679d3 fadd.s           f19, f12, f19       f19=xxxxxxxx f12:43776c89 f19:44ec2da4
15695556ns          280964 1c0082dc 79072a83 lw               x21, 1936(x14)      x21=4529697c x14:1c010014  PA:1c0107a4
15695994ns          280986 1c0082e0 00441713 slli             x14, x8, 0x4        x14=00000010  x8:00000001
15696013ns          280987 1c0082e4 0136f9d3 fadd.s           f19, f13, f19       f19=xxxxxxxx f13:439b5636 f19:45058d9b
15696033ns          280988 1c0082e8 01270733 add              x14, x14, x18       x14=1c010010 x14:00000010 x18:1c010000
15696053ns          280989 1c0082ea 79072a03 lw               x20, 1936(x14)      x20=45296a5a x14:1c010010  PA:1c0107a0
15696511ns          281012 1c0082ee 013379d3 fadd.s           f19, f6, f19        f19=xxxxxxxx  f6:43838c47 f19:4518f862
15696550ns          281014 1c0082f2 f0f9ff4b fnmsub.s         f30, f19, f15, f30  f30=xxxxxxxx f19:452969eb f15:3dcccccd f30:438c55d8
15696570ns          281015 1c0082f6 e8f9fecb fnmsub.s         f29, f19, f15, f29  f29=xxxxxxxx f19:452969eb f15:3dcccccd f29:4386b2dc
15696590ns          281016 1c0082fa e0f9f74b fnmsub.s         f14, f19, f15, f28  f14=xxxxxxxx f19:452969eb f15:3dcccccd f28:438392b2
15697048ns          281039 1c0082fe 11ef7f53 fmul.s           f30, f30, f30       f30=xxxxxxxx f30:4119bd15 f30:4119bd15
15697087ns          281041 1c008302 88f9f8cb fnmsub.s         f17, f19, f15, f17  f17=xxxxxxxx f19:452969eb f15:3dcccccd f17:43860d48
15697107ns          281042 1c008306 80f9f84b fnmsub.s         f16, f19, f15, f16  f16=xxxxxxxx f19:452969eb f15:3dcccccd f16:4390d05a
15697127ns          281043 1c00830a f1defec3 fmadd.s          f29, f29, f29, f30  f29=xxxxxxxx f29:bfd51355 f29:bfd51355 f30:42b8a71e
15697565ns          281065 1c00830e 50f9f54b fnmsub.s         f10, f19, f15, f10  f10=xxxxxxxx f19:452969eb f15:3dcccccd f10:436ce022
15697605ns          281067 1c008312 58f9f5cb fnmsub.s         f11, f19, f15, f11  f11=xxxxxxxx f19:452969eb f15:3dcccccd f11:438ccd77
15697625ns          281068 1c008316 e8e77e43 fmadd.s          f28, f14, f14, f29  f28=xxxxxxxx f14:c0fd4f55 f14:c0fd4f55 f29:42be31e7
15697644ns          281069 1c00831a 60f9f64b fnmsub.s         f12, f19, f15, f12  f12=xxxxxxxx f19:452969eb f15:3dcccccd f12:43776c89
15698082ns          281091 1c00831e 68f9f74b fnmsub.s         f14, f19, f15, f13  f14=xxxxxxxx f19:452969eb f15:3dcccccd f13:439b5636
15698122ns          281093 1c008322 e118f8c3 fmadd.s          f17, f17, f17, f28  f17=xxxxxxxx f17:c03d53ab f17:c03d53ab f28:431dc26d
15698142ns          281094 1c008326 30f9f7cb fnmsub.s         f15, f19, f15, f6   f15=xxxxxxxx f19:452969eb f15:3dcccccd  f6:43838c47
15698162ns          281095 1c00832a a13a86d3 fle.s            x13, f21, f19       x13=00000001 f21:4529697c f19:452969eb
15698599ns          281117 1c00832e 89087843 fmadd.s          f16, f16, f16, f17  f16=xxxxxxxx f16:419486ab f16:419486ab f17:432682b7
15698639ns          281119 1c008332 80a57543 fmadd.s          f10, f10, f10, f16  f10=xxxxxxxx f10:c208bef3 f10:c208bef3 f16:43ff9955
15698659ns          281120 1c008336 50b5f5c3 fmadd.s          f11, f11, f11, f10  f11=xxxxxxxx f11:4128b0f5 f11:4128b0f5 f10:44d1fd36
15698679ns          281121 1c00833a 58c67643 fmadd.s          f12, f12, f12, f11  f12=xxxxxxxx f12:c1bd1aad f12:c1bd1aad f11:44dfe24d
15699116ns          281143 1c00833e 60e77743 fmadd.s          f14, f14, f14, f12  f14=xxxxxxxx f14:421e7235 f14:421e7235 f12:4512dd40
15699156ns          281145 1c008342 70f7f7c3 fmadd.s          f15, f15, f15, f14  f15=xxxxxxxx f15:c0feea15 f15:c0feea15 f14:4574ee6c
15699176ns          281146 1c008346 1c000737 lui              x14, 0x1c000000     x14=1c000000
15699196ns          281147 1c00834a 02072403 lw               x8, 32(x14)          x8=3de38e39 x14:1c000000  PA:1c000020
15699653ns          281170 1c00834e 1087f453 fmul.s           f8, f15, f8          f8=xxxxxxxx f15:4578e5c1  f8:3de38e39
15699673ns          281171 1c008352 16069663 bne              x13, x0, 364        x13:00000001
15700688ns          281222 1c0084be 00348793 addi             x15, x9, 3          x15=00000007  x9:00000004
15700708ns          281223 1c0084c2 00279793 slli             x15, x15, 0x2       x15=0000001c x15:00000007
15700728ns          281224 1c0084c4 012787b3 add              x15, x15, x18       x15=1c01001c x15:0000001c x18:1c010000
15700747ns          281225 1c0084c6 7907a983 lw               x19, 1936(x15)      x19=43dd3d72 x15:1c01001c  PA:1c0107ac
15701046ns          281240 1c0084ca 00248793 addi             x15, x9, 2          x15=00000006  x9:00000004
15701205ns          281248 1c0084ce a0898753 fle.s            x14, f19, f8        x14=00000001 f19:43dd3d72  f8:43dd3e01
15701225ns          281249 1c0084d2 00279793 slli             x15, x15, 0x2       x15=00000018 x15:00000006
15701245ns          281250 1c0084d4 00f90933 add              x18, x18, x15       x18=1c010018 x18:1c010000 x15:00000018
15701265ns          281251 1c0084d6 79092483 lw               x9, 1936(x18)        x9=43dd3e94 x18:1c010018  PA:1c0107a8
15701563ns          281266 1c0084da 1a071363 bne              x14, x0, 422        x14:00000001
15701802ns          281278 1c008680 1c000537 lui              x10, 0x1c000000     x10=1c000000
15701841ns          281280 1c008684 f14025f3 csrrs            x11, x0, 0xf14      x11=00000001
15701861ns          281281 1c008688 0bc50513 addi             x10, x10, 188       x10=1c0000bc x10:1c000000
15701881ns          281282 1c00868c f455b5b3 p.bclr           x11, x11, 26, 5     x11=00000001 x11:00000001
15702339ns          281305 1c008690 738000ef jal              x1, 1848             x1=1c008694
15702418ns          281309 1c008dc8 fc010113 addi             x2, x2, -64          x2=10000f58  x2:10000f98
15702458ns          281311 1c008dca 02410313 addi             x6, x2, 36           x6=10000f7c  x2:10000f58
15702478ns          281312 1c008dce 02c12423 sw               x12, 40(x2)         x12:4512dd40  x2:10000f58  PA:10000f80
15702518ns          281314 1c008dd0 00a00633 add              x12, x0, x10        x12=1c0000bc x10:1c0000bc
15702557ns          281316 1c008dd2 1c009537 lui              x10, 0x1c009000     x10=1c009000
15702577ns          281317 1c008dd6 02b12223 sw               x11, 36(x2)         x11:00000001  x2:10000f58  PA:10000f7c
15702597ns          281318 1c008dd8 02d12623 sw               x13, 44(x2)         x13:00000001  x2:10000f58  PA:10000f84
15702617ns          281319 1c008dda 00200593 addi             x11, x0, 2          x11=00000002
15702637ns          281320 1c008ddc 006006b3 add              x13, x0, x6         x13=10000f7c  x6:10000f7c
15702657ns          281321 1c008dde d5c50513 addi             x10, x10, -676      x10=1c008d5c x10:1c009000
15702677ns          281322 1c008de2 00112e23 sw               x1, 28(x2)           x1:1c008694  x2:10000f58  PA:10000f74
15702697ns          281323 1c008de4 02e12823 sw               x14, 48(x2)         x14:00000001  x2:10000f58  PA:10000f88
15702717ns          281324 1c008de6 02f12a23 sw               x15, 52(x2)         x15:00000018  x2:10000f58  PA:10000f8c
15702736ns          281325 1c008de8 03012c23 sw               x16, 56(x2)         x16:43ff9955  x2:10000f58  PA:10000f90
15702756ns          281326 1c008dea 03112e23 sw               x17, 60(x2)         x17:432682b7  x2:10000f58  PA:10000f94
15702776ns          281327 1c008dec 00612623 sw               x6, 12(x2)           x6:10000f7c  x2:10000f58  PA:10000f64
15702796ns          281328 1c008dee fbfff0ef jal              x1, -66              x1=1c008df0
15702876ns          281332 1c008dac 04a0006f jal              x0, 74             
15702915ns          281334 1c008df6 ed010113 addi             x2, x2, -304         x2=10000e28  x2:10000f58
15702935ns          281335 1c008df8 12812423 sw               x8, 296(x2)          x8:43dd3e01  x2:10000e28  PA:10000f50
15702955ns          281336 1c008dfc 00000413 addi             x8, x0, 0            x8=00000000
15703015ns          281339 1c008dfe 11612823 sw               x22, 272(x2)        x22:406a5360  x2:10000e28  PA:10000f38
15703055ns          281341 1c008e02 11712623 sw               x23, 268(x2)        x23:4112af5f  x2:10000e28  PA:10000f34
15703075ns          281342 1c008e06 11812423 sw               x24, 264(x2)        x24:430fb773  x2:10000e28  PA:10000f30
15703095ns          281343 1c008e0a 11912223 sw               x25, 260(x2)        x25:430e53e0  x2:10000e28  PA:10000f2c
15703154ns          281346 1c008e0e 11a12023 sw               x26, 256(x2)        x26:xxxxxxxx  x2:10000e28  PA:10000f28
15703174ns          281347 1c008e12 0fb12e23 sw               x27, 252(x2)        x27:xxxxxxxx  x2:10000e28  PA:10000f24
15703194ns          281348 1c008e14 12112623 sw               x1, 300(x2)          x1:1c008df0  x2:10000e28  PA:10000f54
15703214ns          281349 1c008e18 00800db3 add              x27, x0, x8         x27=00000000  x8:00000000
15703234ns          281350 1c008e1a 12912223 sw               x9, 292(x2)          x9:43dd3e94  x2:10000e28  PA:10000f4c
15703293ns          281353 1c008e1e 13212023 sw               x18, 288(x2)        x18:1c010018  x2:10000e28  PA:10000f48
15703333ns          281355 1c008e22 11312e23 sw               x19, 284(x2)        x19:43dd3d72  x2:10000e28  PA:10000f44
15703353ns          281356 1c008e26 11412c23 sw               x20, 280(x2)        x20:45296a5a  x2:10000e28  PA:10000f40
15703373ns          281357 1c008e2a 11512a23 sw               x21, 276(x2)        x21:4529697c  x2:10000e28  PA:10000f3c
15703393ns          281358 1c008e2e 00a00b33 add              x22, x0, x10        x22=1c008d5c x10:1c008d5c
15703433ns          281360 1c008e30 00b00d33 add              x26, x0, x11        x26=00000002 x11:00000002
15703453ns          281361 1c008e32 00d00c33 add              x24, x0, x13        x24=10000f7c x13:10000f7c
15703472ns          281362 1c008e34 1c000bb7 lui              x23, 0x1c000000     x23=1c000000
15703492ns          281363 1c008e38 02410c93 addi             x25, x2, 36         x25=10000e4c  x2:10000e28
15703512ns          281364 1c008e3c 00c00433 add              x8, x0, x12          x8=1c0000bc x12:1c0000bc
15703572ns          281367 1c008e3e 00044503 lbu              x10, 0(x8)          x10=0000006b  x8:1c0000bc  PA:1c0000bc
15703870ns          281382 1c008e42 00140413 addi             x8, x8, 1            x8=1c0000bd  x8:1c0000bc
15703890ns          281383 1c008e44 00050e63 beq              x10, x0, 28         x10:0000006b
15703910ns          281384 1c008e46 02500793 addi             x15, x0, 37         x15=00000025
15703930ns          281385 1c008e4a 04f50863 beq              x10, x15, 80        x10:0000006b x15:00000025
15703950ns          281386 1c008e4e 01a005b3 add              x11, x0, x26        x11=00000002 x26:00000002
15703970ns          281387 1c008e50 000b00e7 jalr             x1, x22, 0           x1=1c008e52 x22:1c008d5c
15704049ns          281391 1c008d5c 000026b7 lui              x13, 0x2000         x13=00002000
15704089ns          281393 1c008d5e f14027f3 csrrs            x15, x0, 0xf14      x15=00000001
15704109ns          281394 1c008d62 f8068693 addi             x13, x13, -128      x13=00001f80 x13:00002000
15704129ns          281395 1c008d66 00379713 slli             x14, x15, 0x3       x14=00000008 x15:00000001
15704149ns          281396 1c008d6a 00279793 slli             x15, x15, 0x2       x15=00000004 x15:00000001
15704169ns          281397 1c008d6c 00d7f7b3 and              x15, x15, x13       x15=00000000 x15:00000004 x13:00001f80
15704208ns          281399 1c008d6e ee873733 p.bclr           x14, x14, 23, 8     x14=00000008 x14:00000008
15704248ns          281401 1c008d72 1a10f6b7 lui              x13, 0x1a10f000     x13=1a10f000
15704268ns          281402 1c008d76 0ff57513 andi             x10, x10, 255       x10=0000006b x10:0000006b
15704288ns          281403 1c008d7a 00d70733 add              x14, x14, x13       x14=1a10f008 x14:00000008 x13:1a10f000
15704308ns          281404 1c008d7c 00a7e723 p.sw             x10, x0(x15)        x10:0000006b x15:00000000  PA:1a10f008
15704646ns          281421 1c008d80 00000513 addi             x10, x0, 0          x10=00000000
15704666ns          281422 1c008d82 00008067 jalr             x0, x1, 0            x1:1c008e52
15704726ns          281425 1c008e52 31f52563 p.beqimm         x10, 778            x10:00000000
15704745ns          281426 1c008e56 001d8d93 addi             x27, x27, 1         x27=00000001 x27:00000000
15704765ns          281427 1c008e58 00044503 lbu              x10, 0(x8)          x10=00000065  x8:1c0000bd  PA:1c0000bd
15705084ns          281443 1c008e5c 00140413 addi             x8, x8, 1            x8=1c0000be  x8:1c0000bd
15705103ns          281444 1c008e5e fe0514e3 bne              x10, x0, -24        x10:00000065
15705183ns          281448 1c008e46 02500793 addi             x15, x0, 37         x15=00000025
15705203ns          281449 1c008e4a 04f50863 beq              x10, x15, 80        x10:00000065 x15:00000025
15705223ns          281450 1c008e4e 01a005b3 add              x11, x0, x26        x11=00000002 x26:00000002
15705243ns          281451 1c008e50 000b00e7 jalr             x1, x22, 0           x1=1c008e52 x22:1c008d5c
15705282ns          281453 1c008d5c 000026b7 lui              x13, 0x2000         x13=00002000
15705302ns          281454 1c008d5e f14027f3 csrrs            x15, x0, 0xf14      x15=00000001
15705322ns          281455 1c008d62 f8068693 addi             x13, x13, -128      x13=00001f80 x13:00002000
15705342ns          281456 1c008d66 00379713 slli             x14, x15, 0x3       x14=00000008 x15:00000001
15705362ns          281457 1c008d6a 00279793 slli             x15, x15, 0x2       x15=00000004 x15:00000001
15705382ns          281458 1c008d6c 00d7f7b3 and              x15, x15, x13       x15=00000000 x15:00000004 x13:00001f80
15705402ns          281459 1c008d6e ee873733 p.bclr           x14, x14, 23, 8     x14=00000008 x14:00000008
15705422ns          281460 1c008d72 1a10f6b7 lui              x13, 0x1a10f000     x13=1a10f000
15705442ns          281461 1c008d76 0ff57513 andi             x10, x10, 255       x10=00000065 x10:00000065
15705462ns          281462 1c008d7a 00d70733 add              x14, x14, x13       x14=1a10f008 x14:00000008 x13:1a10f000
15705481ns          281463 1c008d7c 00a7e723 p.sw             x10, x0(x15)        x10:00000065 x15:00000000  PA:1a10f008
15705800ns          281479 1c008d80 00000513 addi             x10, x0, 0          x10=00000000
15705820ns          281480 1c008d82 00008067 jalr             x0, x1, 0            x1:1c008e52
15705879ns          281483 1c008e52 31f52563 p.beqimm         x10, 778            x10:00000000
15705899ns          281484 1c008e56 001d8d93 addi             x27, x27, 1         x27=00000002 x27:00000001
15705919ns          281485 1c008e58 00044503 lbu              x10, 0(x8)          x10=00000072  x8:1c0000be  PA:1c0000be
15706217ns          281500 1c008e5c 00140413 addi             x8, x8, 1            x8=1c0000bf  x8:1c0000be
15706237ns          281501 1c008e5e fe0514e3 bne              x10, x0, -24        x10:00000072
15706317ns          281505 1c008e46 02500793 addi             x15, x0, 37         x15=00000025
15706337ns          281506 1c008e4a 04f50863 beq              x10, x15, 80        x10:00000072 x15:00000025
15706357ns          281507 1c008e4e 01a005b3 add              x11, x0, x26        x11=00000002 x26:00000002
15706376ns          281508 1c008e50 000b00e7 jalr             x1, x22, 0           x1=1c008e52 x22:1c008d5c
15706416ns          281510 1c008d5c 000026b7 lui              x13, 0x2000         x13=00002000
15706436ns          281511 1c008d5e f14027f3 csrrs            x15, x0, 0xf14      x15=00000001
15706456ns          281512 1c008d62 f8068693 addi             x13, x13, -128      x13=00001f80 x13:00002000
15706476ns          281513 1c008d66 00379713 slli             x14, x15, 0x3       x14=00000008 x15:00000001
15706496ns          281514 1c008d6a 00279793 slli             x15, x15, 0x2       x15=00000004 x15:00000001
15706516ns          281515 1c008d6c 00d7f7b3 and              x15, x15, x13       x15=00000000 x15:00000004 x13:00001f80
15706536ns          281516 1c008d6e ee873733 p.bclr           x14, x14, 23, 8     x14=00000008 x14:00000008
15706555ns          281517 1c008d72 1a10f6b7 lui              x13, 0x1a10f000     x13=1a10f000
15706575ns          281518 1c008d76 0ff57513 andi             x10, x10, 255       x10=00000072 x10:00000072
15706595ns          281519 1c008d7a 00d70733 add              x14, x14, x13       x14=1a10f008 x14:00000008 x13:1a10f000
15706615ns          281520 1c008d7c 00a7e723 p.sw             x10, x0(x15)        x10:00000072 x15:00000000  PA:1a10f008
15706933ns          281536 1c008d80 00000513 addi             x10, x0, 0          x10=00000000
15706953ns          281537 1c008d82 00008067 jalr             x0, x1, 0            x1:1c008e52
15707013ns          281540 1c008e52 31f52563 p.beqimm         x10, 778            x10:00000000
15707033ns          281541 1c008e56 001d8d93 addi             x27, x27, 1         x27=00000003 x27:00000002
15707053ns          281542 1c008e58 00044503 lbu              x10, 0(x8)          x10=0000006e  x8:1c0000bf  PA:1c0000bf
15707351ns          281557 1c008e5c 00140413 addi             x8, x8, 1            x8=1c0000c0  x8:1c0000bf
15707371ns          281558 1c008e5e fe0514e3 bne              x10, x0, -24        x10:0000006e
15707451ns          281562 1c008e46 02500793 addi             x15, x0, 37         x15=00000025
15707470ns          281563 1c008e4a 04f50863 beq              x10, x15, 80        x10:0000006e x15:00000025
15707490ns          281564 1c008e4e 01a005b3 add              x11, x0, x26        x11=00000002 x26:00000002
15707510ns          281565 1c008e50 000b00e7 jalr             x1, x22, 0           x1=1c008e52 x22:1c008d5c
15707550ns          281567 1c008d5c 000026b7 lui              x13, 0x2000         x13=00002000
15707570ns          281568 1c008d5e f14027f3 csrrs            x15, x0, 0xf14      x15=00000001
15707590ns          281569 1c008d62 f8068693 addi             x13, x13, -128      x13=00001f80 x13:00002000
15707610ns          281570 1c008d66 00379713 slli             x14, x15, 0x3       x14=00000008 x15:00000001
15707630ns          281571 1c008d6a 00279793 slli             x15, x15, 0x2       x15=00000004 x15:00000001
15707649ns          281572 1c008d6c 00d7f7b3 and              x15, x15, x13       x15=00000000 x15:00000004 x13:00001f80
15707669ns          281573 1c008d6e ee873733 p.bclr           x14, x14, 23, 8     x14=00000008 x14:00000008
15707689ns          281574 1c008d72 1a10f6b7 lui              x13, 0x1a10f000     x13=1a10f000
15707709ns          281575 1c008d76 0ff57513 andi             x10, x10, 255       x10=0000006e x10:0000006e
15707729ns          281576 1c008d7a 00d70733 add              x14, x14, x13       x14=1a10f008 x14:00000008 x13:1a10f000
15707749ns          281577 1c008d7c 00a7e723 p.sw             x10, x0(x15)        x10:0000006e x15:00000000  PA:1a10f008
15708067ns          281593 1c008d80 00000513 addi             x10, x0, 0          x10=00000000
15708087ns          281594 1c008d82 00008067 jalr             x0, x1, 0            x1:1c008e52
15708147ns          281597 1c008e52 31f52563 p.beqimm         x10, 778            x10:00000000
15708167ns          281598 1c008e56 001d8d93 addi             x27, x27, 1         x27=00000004 x27:00000003
15708187ns          281599 1c008e58 00044503 lbu              x10, 0(x8)          x10=00000065  x8:1c0000c0  PA:1c0000c0
15708485ns          281614 1c008e5c 00140413 addi             x8, x8, 1            x8=1c0000c1  x8:1c0000c0
15708505ns          281615 1c008e5e fe0514e3 bne              x10, x0, -24        x10:00000065
15708584ns          281619 1c008e46 02500793 addi             x15, x0, 37         x15=00000025
15708604ns          281620 1c008e4a 04f50863 beq              x10, x15, 80        x10:00000065 x15:00000025
15708624ns          281621 1c008e4e 01a005b3 add              x11, x0, x26        x11=00000002 x26:00000002
15708644ns          281622 1c008e50 000b00e7 jalr             x1, x22, 0           x1=1c008e52 x22:1c008d5c
15708684ns          281624 1c008d5c 000026b7 lui              x13, 0x2000         x13=00002000
15708704ns          281625 1c008d5e f14027f3 csrrs            x15, x0, 0xf14      x15=00000001
15708724ns          281626 1c008d62 f8068693 addi             x13, x13, -128      x13=00001f80 x13:00002000
15708743ns          281627 1c008d66 00379713 slli             x14, x15, 0x3       x14=00000008 x15:00000001
15708763ns          281628 1c008d6a 00279793 slli             x15, x15, 0x2       x15=00000004 x15:00000001
15708783ns          281629 1c008d6c 00d7f7b3 and              x15, x15, x13       x15=00000000 x15:00000004 x13:00001f80
15708803ns          281630 1c008d6e ee873733 p.bclr           x14, x14, 23, 8     x14=00000008 x14:00000008
15708823ns          281631 1c008d72 1a10f6b7 lui              x13, 0x1a10f000     x13=1a10f000
15708843ns          281632 1c008d76 0ff57513 andi             x10, x10, 255       x10=00000065 x10:00000065
15708863ns          281633 1c008d7a 00d70733 add              x14, x14, x13       x14=1a10f008 x14:00000008 x13:1a10f000
15708883ns          281634 1c008d7c 00a7e723 p.sw             x10, x0(x15)        x10:00000065 x15:00000000  PA:1a10f008
15709201ns          281650 1c008d80 00000513 addi             x10, x0, 0          x10=00000000
15709221ns          281651 1c008d82 00008067 jalr             x0, x1, 0            x1:1c008e52
15709281ns          281654 1c008e52 31f52563 p.beqimm         x10, 778            x10:00000000
15709300ns          281655 1c008e56 001d8d93 addi             x27, x27, 1         x27=00000005 x27:00000004
15709320ns          281656 1c008e58 00044503 lbu              x10, 0(x8)          x10=0000006c  x8:1c0000c1  PA:1c0000c1
15709639ns          281672 1c008e5c 00140413 addi             x8, x8, 1            x8=1c0000c2  x8:1c0000c1
15709658ns          281673 1c008e5e fe0514e3 bne              x10, x0, -24        x10:0000006c
15709738ns          281677 1c008e46 02500793 addi             x15, x0, 37         x15=00000025
15709758ns          281678 1c008e4a 04f50863 beq              x10, x15, 80        x10:0000006c x15:00000025
15709778ns          281679 1c008e4e 01a005b3 add              x11, x0, x26        x11=00000002 x26:00000002
15709798ns          281680 1c008e50 000b00e7 jalr             x1, x22, 0           x1=1c008e52 x22:1c008d5c
15709837ns          281682 1c008d5c 000026b7 lui              x13, 0x2000         x13=00002000
15709857ns          281683 1c008d5e f14027f3 csrrs            x15, x0, 0xf14      x15=00000001
15709877ns          281684 1c008d62 f8068693 addi             x13, x13, -128      x13=00001f80 x13:00002000
15709897ns          281685 1c008d66 00379713 slli             x14, x15, 0x3       x14=00000008 x15:00000001
15709917ns          281686 1c008d6a 00279793 slli             x15, x15, 0x2       x15=00000004 x15:00000001
15709937ns          281687 1c008d6c 00d7f7b3 and              x15, x15, x13       x15=00000000 x15:00000004 x13:00001f80
15709957ns          281688 1c008d6e ee873733 p.bclr           x14, x14, 23, 8     x14=00000008 x14:00000008
15709977ns          281689 1c008d72 1a10f6b7 lui              x13, 0x1a10f000     x13=1a10f000
15709997ns          281690 1c008d76 0ff57513 andi             x10, x10, 255       x10=0000006c x10:0000006c
15710016ns          281691 1c008d7a 00d70733 add              x14, x14, x13       x14=1a10f008 x14:00000008 x13:1a10f000
15710036ns          281692 1c008d7c 00a7e723 p.sw             x10, x0(x15)        x10:0000006c x15:00000000  PA:1a10f008
15710355ns          281708 1c008d80 00000513 addi             x10, x0, 0          x10=00000000
15710375ns          281709 1c008d82 00008067 jalr             x0, x1, 0            x1:1c008e52
15710434ns          281712 1c008e52 31f52563 p.beqimm         x10, 778            x10:00000000
15710454ns          281713 1c008e56 001d8d93 addi             x27, x27, 1         x27=00000006 x27:00000005
15710474ns          281714 1c008e58 00044503 lbu              x10, 0(x8)          x10=00000020  x8:1c0000c2  PA:1c0000c2
15710772ns          281729 1c008e5c 00140413 addi             x8, x8, 1            x8=1c0000c3  x8:1c0000c2
15710792ns          281730 1c008e5e fe0514e3 bne              x10, x0, -24        x10:00000020
15710872ns          281734 1c008e46 02500793 addi             x15, x0, 37         x15=00000025
15710892ns          281735 1c008e4a 04f50863 beq              x10, x15, 80        x10:00000020 x15:00000025
15710912ns          281736 1c008e4e 01a005b3 add              x11, x0, x26        x11=00000002 x26:00000002
15710931ns          281737 1c008e50 000b00e7 jalr             x1, x22, 0           x1=1c008e52 x22:1c008d5c
15710971ns          281739 1c008d5c 000026b7 lui              x13, 0x2000         x13=00002000
15710991ns          281740 1c008d5e f14027f3 csrrs            x15, x0, 0xf14      x15=00000001
15711011ns          281741 1c008d62 f8068693 addi             x13, x13, -128      x13=00001f80 x13:00002000
15711031ns          281742 1c008d66 00379713 slli             x14, x15, 0x3       x14=00000008 x15:00000001
15711051ns          281743 1c008d6a 00279793 slli             x15, x15, 0x2       x15=00000004 x15:00000001
15711071ns          281744 1c008d6c 00d7f7b3 and              x15, x15, x13       x15=00000000 x15:00000004 x13:00001f80
15711091ns          281745 1c008d6e ee873733 p.bclr           x14, x14, 23, 8     x14=00000008 x14:00000008
15711110ns          281746 1c008d72 1a10f6b7 lui              x13, 0x1a10f000     x13=1a10f000
15711130ns          281747 1c008d76 0ff57513 andi             x10, x10, 255       x10=00000020 x10:00000020
15711150ns          281748 1c008d7a 00d70733 add              x14, x14, x13       x14=1a10f008 x14:00000008 x13:1a10f000
15711170ns          281749 1c008d7c 00a7e723 p.sw             x10, x0(x15)        x10:00000020 x15:00000000  PA:1a10f008
15711488ns          281765 1c008d80 00000513 addi             x10, x0, 0          x10=00000000
15711508ns          281766 1c008d82 00008067 jalr             x0, x1, 0            x1:1c008e52
15711568ns          281769 1c008e52 31f52563 p.beqimm         x10, 778            x10:00000000
15711588ns          281770 1c008e56 001d8d93 addi             x27, x27, 1         x27=00000007 x27:00000006
15711608ns          281771 1c008e58 00044503 lbu              x10, 0(x8)          x10=00000070  x8:1c0000c3  PA:1c0000c3
15711906ns          281786 1c008e5c 00140413 addi             x8, x8, 1            x8=1c0000c4  x8:1c0000c3
15711926ns          281787 1c008e5e fe0514e3 bne              x10, x0, -24        x10:00000070
15712006ns          281791 1c008e46 02500793 addi             x15, x0, 37         x15=00000025
15712025ns          281792 1c008e4a 04f50863 beq              x10, x15, 80        x10:00000070 x15:00000025
15712045ns          281793 1c008e4e 01a005b3 add              x11, x0, x26        x11=00000002 x26:00000002
15712065ns          281794 1c008e50 000b00e7 jalr             x1, x22, 0           x1=1c008e52 x22:1c008d5c
15712105ns          281796 1c008d5c 000026b7 lui              x13, 0x2000         x13=00002000
15712125ns          281797 1c008d5e f14027f3 csrrs            x15, x0, 0xf14      x15=00000001
15712145ns          281798 1c008d62 f8068693 addi             x13, x13, -128      x13=00001f80 x13:00002000
15712165ns          281799 1c008d66 00379713 slli             x14, x15, 0x3       x14=00000008 x15:00000001
15712185ns          281800 1c008d6a 00279793 slli             x15, x15, 0x2       x15=00000004 x15:00000001
15712204ns          281801 1c008d6c 00d7f7b3 and              x15, x15, x13       x15=00000000 x15:00000004 x13:00001f80
15712224ns          281802 1c008d6e ee873733 p.bclr           x14, x14, 23, 8     x14=00000008 x14:00000008
15712244ns          281803 1c008d72 1a10f6b7 lui              x13, 0x1a10f000     x13=1a10f000
15712264ns          281804 1c008d76 0ff57513 andi             x10, x10, 255       x10=00000070 x10:00000070
15712284ns          281805 1c008d7a 00d70733 add              x14, x14, x13       x14=1a10f008 x14:00000008 x13:1a10f000
15712304ns          281806 1c008d7c 00a7e723 p.sw             x10, x0(x15)        x10:00000070 x15:00000000  PA:1a10f008
15712622ns          281822 1c008d80 00000513 addi             x10, x0, 0          x10=00000000
15712642ns          281823 1c008d82 00008067 jalr             x0, x1, 0            x1:1c008e52
15712702ns          281826 1c008e52 31f52563 p.beqimm         x10, 778            x10:00000000
15712722ns          281827 1c008e56 001d8d93 addi             x27, x27, 1         x27=00000008 x27:00000007
15712742ns          281828 1c008e58 00044503 lbu              x10, 0(x8)          x10=00000061  x8:1c0000c4  PA:1c0000c4
15713040ns          281843 1c008e5c 00140413 addi             x8, x8, 1            x8=1c0000c5  x8:1c0000c4
15713060ns          281844 1c008e5e fe0514e3 bne              x10, x0, -24        x10:00000061
15713139ns          281848 1c008e46 02500793 addi             x15, x0, 37         x15=00000025
15713159ns          281849 1c008e4a 04f50863 beq              x10, x15, 80        x10:00000061 x15:00000025
15713179ns          281850 1c008e4e 01a005b3 add              x11, x0, x26        x11=00000002 x26:00000002
15713199ns          281851 1c008e50 000b00e7 jalr             x1, x22, 0           x1=1c008e52 x22:1c008d5c
15713239ns          281853 1c008d5c 000026b7 lui              x13, 0x2000         x13=00002000
15713259ns          281854 1c008d5e f14027f3 csrrs            x15, x0, 0xf14      x15=00000001
15713279ns          281855 1c008d62 f8068693 addi             x13, x13, -128      x13=00001f80 x13:00002000
15713298ns          281856 1c008d66 00379713 slli             x14, x15, 0x3       x14=00000008 x15:00000001
15713318ns          281857 1c008d6a 00279793 slli             x15, x15, 0x2       x15=00000004 x15:00000001
15713338ns          281858 1c008d6c 00d7f7b3 and              x15, x15, x13       x15=00000000 x15:00000004 x13:00001f80
15713358ns          281859 1c008d6e ee873733 p.bclr           x14, x14, 23, 8     x14=00000008 x14:00000008
15713378ns          281860 1c008d72 1a10f6b7 lui              x13, 0x1a10f000     x13=1a10f000
15713398ns          281861 1c008d76 0ff57513 andi             x10, x10, 255       x10=00000061 x10:00000061
15713418ns          281862 1c008d7a 00d70733 add              x14, x14, x13       x14=1a10f008 x14:00000008 x13:1a10f000
15713438ns          281863 1c008d7c 00a7e723 p.sw             x10, x0(x15)        x10:00000061 x15:00000000  PA:1a10f008
15713756ns          281879 1c008d80 00000513 addi             x10, x0, 0          x10=00000000
15713776ns          281880 1c008d82 00008067 jalr             x0, x1, 0            x1:1c008e52
15713836ns          281883 1c008e52 31f52563 p.beqimm         x10, 778            x10:00000000
15713855ns          281884 1c008e56 001d8d93 addi             x27, x27, 1         x27=00000009 x27:00000008
15713875ns          281885 1c008e58 00044503 lbu              x10, 0(x8)          x10=00000073  x8:1c0000c5  PA:1c0000c5
15714174ns          281900 1c008e5c 00140413 addi             x8, x8, 1            x8=1c0000c6  x8:1c0000c5
15714194ns          281901 1c008e5e fe0514e3 bne              x10, x0, -24        x10:00000073
15714273ns          281905 1c008e46 02500793 addi             x15, x0, 37         x15=00000025
15714293ns          281906 1c008e4a 04f50863 beq              x10, x15, 80        x10:00000073 x15:00000025
15714313ns          281907 1c008e4e 01a005b3 add              x11, x0, x26        x11=00000002 x26:00000002
15714333ns          281908 1c008e50 000b00e7 jalr             x1, x22, 0           x1=1c008e52 x22:1c008d5c
15714373ns          281910 1c008d5c 000026b7 lui              x13, 0x2000         x13=00002000
15714392ns          281911 1c008d5e f14027f3 csrrs            x15, x0, 0xf14      x15=00000001
15714412ns          281912 1c008d62 f8068693 addi             x13, x13, -128      x13=00001f80 x13:00002000
15714432ns          281913 1c008d66 00379713 slli             x14, x15, 0x3       x14=00000008 x15:00000001
15714452ns          281914 1c008d6a 00279793 slli             x15, x15, 0x2       x15=00000004 x15:00000001
15714472ns          281915 1c008d6c 00d7f7b3 and              x15, x15, x13       x15=00000000 x15:00000004 x13:00001f80
15714492ns          281916 1c008d6e ee873733 p.bclr           x14, x14, 23, 8     x14=00000008 x14:00000008
15714512ns          281917 1c008d72 1a10f6b7 lui              x13, 0x1a10f000     x13=1a10f000
15714532ns          281918 1c008d76 0ff57513 andi             x10, x10, 255       x10=00000073 x10:00000073
15714552ns          281919 1c008d7a 00d70733 add              x14, x14, x13       x14=1a10f008 x14:00000008 x13:1a10f000
15714571ns          281920 1c008d7c 00a7e723 p.sw             x10, x0(x15)        x10:00000073 x15:00000000  PA:1a10f008
15714890ns          281936 1c008d80 00000513 addi             x10, x0, 0          x10=00000000
15714910ns          281937 1c008d82 00008067 jalr             x0, x1, 0            x1:1c008e52
15714969ns          281940 1c008e52 31f52563 p.beqimm         x10, 778            x10:00000000
15714989ns          281941 1c008e56 001d8d93 addi             x27, x27, 1         x27=0000000a x27:00000009
15715009ns          281942 1c008e58 00044503 lbu              x10, 0(x8)          x10=00000073  x8:1c0000c6  PA:1c0000c6
15715307ns          281957 1c008e5c 00140413 addi             x8, x8, 1            x8=1c0000c7  x8:1c0000c6
15715327ns          281958 1c008e5e fe0514e3 bne              x10, x0, -24        x10:00000073
15715407ns          281962 1c008e46 02500793 addi             x15, x0, 37         x15=00000025
15715427ns          281963 1c008e4a 04f50863 beq              x10, x15, 80        x10:00000073 x15:00000025
15715447ns          281964 1c008e4e 01a005b3 add              x11, x0, x26        x11=00000002 x26:00000002
15715467ns          281965 1c008e50 000b00e7 jalr             x1, x22, 0           x1=1c008e52 x22:1c008d5c
15715506ns          281967 1c008d5c 000026b7 lui              x13, 0x2000         x13=00002000
15715526ns          281968 1c008d5e f14027f3 csrrs            x15, x0, 0xf14      x15=00000001
15715546ns          281969 1c008d62 f8068693 addi             x13, x13, -128      x13=00001f80 x13:00002000
15715566ns          281970 1c008d66 00379713 slli             x14, x15, 0x3       x14=00000008 x15:00000001
15715586ns          281971 1c008d6a 00279793 slli             x15, x15, 0x2       x15=00000004 x15:00000001
15715606ns          281972 1c008d6c 00d7f7b3 and              x15, x15, x13       x15=00000000 x15:00000004 x13:00001f80
15715626ns          281973 1c008d6e ee873733 p.bclr           x14, x14, 23, 8     x14=00000008 x14:00000008
15715646ns          281974 1c008d72 1a10f6b7 lui              x13, 0x1a10f000     x13=1a10f000
15715665ns          281975 1c008d76 0ff57513 andi             x10, x10, 255       x10=00000073 x10:00000073
15715685ns          281976 1c008d7a 00d70733 add              x14, x14, x13       x14=1a10f008 x14:00000008 x13:1a10f000
15715705ns          281977 1c008d7c 00a7e723 p.sw             x10, x0(x15)        x10:00000073 x15:00000000  PA:1a10f008
15716023ns          281993 1c008d80 00000513 addi             x10, x0, 0          x10=00000000
15716043ns          281994 1c008d82 00008067 jalr             x0, x1, 0            x1:1c008e52
15716103ns          281997 1c008e52 31f52563 p.beqimm         x10, 778            x10:00000000
15716123ns          281998 1c008e56 001d8d93 addi             x27, x27, 1         x27=0000000b x27:0000000a
15716143ns          281999 1c008e58 00044503 lbu              x10, 0(x8)          x10=00000065  x8:1c0000c7  PA:1c0000c7
15716441ns          282014 1c008e5c 00140413 addi             x8, x8, 1            x8=1c0000c8  x8:1c0000c7
15716461ns          282015 1c008e5e fe0514e3 bne              x10, x0, -24        x10:00000065
15716541ns          282019 1c008e46 02500793 addi             x15, x0, 37         x15=00000025
15716561ns          282020 1c008e4a 04f50863 beq              x10, x15, 80        x10:00000065 x15:00000025
15716580ns          282021 1c008e4e 01a005b3 add              x11, x0, x26        x11=00000002 x26:00000002
15716600ns          282022 1c008e50 000b00e7 jalr             x1, x22, 0           x1=1c008e52 x22:1c008d5c
15716640ns          282024 1c008d5c 000026b7 lui              x13, 0x2000         x13=00002000
15716660ns          282025 1c008d5e f14027f3 csrrs            x15, x0, 0xf14      x15=00000001
15716680ns          282026 1c008d62 f8068693 addi             x13, x13, -128      x13=00001f80 x13:00002000
15716700ns          282027 1c008d66 00379713 slli             x14, x15, 0x3       x14=00000008 x15:00000001
15716720ns          282028 1c008d6a 00279793 slli             x15, x15, 0x2       x15=00000004 x15:00000001
15716740ns          282029 1c008d6c 00d7f7b3 and              x15, x15, x13       x15=00000000 x15:00000004 x13:00001f80
15716759ns          282030 1c008d6e ee873733 p.bclr           x14, x14, 23, 8     x14=00000008 x14:00000008
15716779ns          282031 1c008d72 1a10f6b7 lui              x13, 0x1a10f000     x13=1a10f000
15716799ns          282032 1c008d76 0ff57513 andi             x10, x10, 255       x10=00000065 x10:00000065
15716819ns          282033 1c008d7a 00d70733 add              x14, x14, x13       x14=1a10f008 x14:00000008 x13:1a10f000
15716839ns          282034 1c008d7c 00a7e723 p.sw             x10, x0(x15)        x10:00000065 x15:00000000  PA:1a10f008
15717157ns          282050 1c008d80 00000513 addi             x10, x0, 0          x10=00000000
15717177ns          282051 1c008d82 00008067 jalr             x0, x1, 0            x1:1c008e52
15717237ns          282054 1c008e52 31f52563 p.beqimm         x10, 778            x10:00000000
15717257ns          282055 1c008e56 001d8d93 addi             x27, x27, 1         x27=0000000c x27:0000000b
15717277ns          282056 1c008e58 00044503 lbu              x10, 0(x8)          x10=00000064  x8:1c0000c8  PA:1c0000c8
15717575ns          282071 1c008e5c 00140413 addi             x8, x8, 1            x8=1c0000c9  x8:1c0000c8
15717595ns          282072 1c008e5e fe0514e3 bne              x10, x0, -24        x10:00000064
15717674ns          282076 1c008e46 02500793 addi             x15, x0, 37         x15=00000025
15717694ns          282077 1c008e4a 04f50863 beq              x10, x15, 80        x10:00000064 x15:00000025
15717714ns          282078 1c008e4e 01a005b3 add              x11, x0, x26        x11=00000002 x26:00000002
15717734ns          282079 1c008e50 000b00e7 jalr             x1, x22, 0           x1=1c008e52 x22:1c008d5c
15717774ns          282081 1c008d5c 000026b7 lui              x13, 0x2000         x13=00002000
15717794ns          282082 1c008d5e f14027f3 csrrs            x15, x0, 0xf14      x15=00000001
15717814ns          282083 1c008d62 f8068693 addi             x13, x13, -128      x13=00001f80 x13:00002000
15717834ns          282084 1c008d66 00379713 slli             x14, x15, 0x3       x14=00000008 x15:00000001
15717853ns          282085 1c008d6a 00279793 slli             x15, x15, 0x2       x15=00000004 x15:00000001
15717873ns          282086 1c008d6c 00d7f7b3 and              x15, x15, x13       x15=00000000 x15:00000004 x13:00001f80
15717893ns          282087 1c008d6e ee873733 p.bclr           x14, x14, 23, 8     x14=00000008 x14:00000008
15717913ns          282088 1c008d72 1a10f6b7 lui              x13, 0x1a10f000     x13=1a10f000
15717933ns          282089 1c008d76 0ff57513 andi             x10, x10, 255       x10=00000064 x10:00000064
15717953ns          282090 1c008d7a 00d70733 add              x14, x14, x13       x14=1a10f008 x14:00000008 x13:1a10f000
15717973ns          282091 1c008d7c 00a7e723 p.sw             x10, x0(x15)        x10:00000064 x15:00000000  PA:1a10f008
15718311ns          282108 1c008d80 00000513 addi             x10, x0, 0          x10=00000000
15718331ns          282109 1c008d82 00008067 jalr             x0, x1, 0            x1:1c008e52
15718390ns          282112 1c008e52 31f52563 p.beqimm         x10, 778            x10:00000000
15718410ns          282113 1c008e56 001d8d93 addi             x27, x27, 1         x27=0000000d x27:0000000c
15718430ns          282114 1c008e58 00044503 lbu              x10, 0(x8)          x10=00000020  x8:1c0000c9  PA:1c0000c9
15718729ns          282129 1c008e5c 00140413 addi             x8, x8, 1            x8=1c0000ca  x8:1c0000c9
15718749ns          282130 1c008e5e fe0514e3 bne              x10, x0, -24        x10:00000020
15718828ns          282134 1c008e46 02500793 addi             x15, x0, 37         x15=00000025
15718848ns          282135 1c008e4a 04f50863 beq              x10, x15, 80        x10:00000020 x15:00000025
15718868ns          282136 1c008e4e 01a005b3 add              x11, x0, x26        x11=00000002 x26:00000002
15718888ns          282137 1c008e50 000b00e7 jalr             x1, x22, 0           x1=1c008e52 x22:1c008d5c
15718928ns          282139 1c008d5c 000026b7 lui              x13, 0x2000         x13=00002000
15718947ns          282140 1c008d5e f14027f3 csrrs            x15, x0, 0xf14      x15=00000001
15718967ns          282141 1c008d62 f8068693 addi             x13, x13, -128      x13=00001f80 x13:00002000
15718987ns          282142 1c008d66 00379713 slli             x14, x15, 0x3       x14=00000008 x15:00000001
15719007ns          282143 1c008d6a 00279793 slli             x15, x15, 0x2       x15=00000004 x15:00000001
15719027ns          282144 1c008d6c 00d7f7b3 and              x15, x15, x13       x15=00000000 x15:00000004 x13:00001f80
15719047ns          282145 1c008d6e ee873733 p.bclr           x14, x14, 23, 8     x14=00000008 x14:00000008
15719067ns          282146 1c008d72 1a10f6b7 lui              x13, 0x1a10f000     x13=1a10f000
15719087ns          282147 1c008d76 0ff57513 andi             x10, x10, 255       x10=00000020 x10:00000020
15719107ns          282148 1c008d7a 00d70733 add              x14, x14, x13       x14=1a10f008 x14:00000008 x13:1a10f000
15719126ns          282149 1c008d7c 00a7e723 p.sw             x10, x0(x15)        x10:00000020 x15:00000000  PA:1a10f008
15719445ns          282165 1c008d80 00000513 addi             x10, x0, 0          x10=00000000
15719465ns          282166 1c008d82 00008067 jalr             x0, x1, 0            x1:1c008e52
15719524ns          282169 1c008e52 31f52563 p.beqimm         x10, 778            x10:00000000
15719544ns          282170 1c008e56 001d8d93 addi             x27, x27, 1         x27=0000000e x27:0000000d
15719564ns          282171 1c008e58 00044503 lbu              x10, 0(x8)          x10=0000006f  x8:1c0000ca  PA:1c0000ca
15719862ns          282186 1c008e5c 00140413 addi             x8, x8, 1            x8=1c0000cb  x8:1c0000ca
15719882ns          282187 1c008e5e fe0514e3 bne              x10, x0, -24        x10:0000006f
15719962ns          282191 1c008e46 02500793 addi             x15, x0, 37         x15=00000025
15719982ns          282192 1c008e4a 04f50863 beq              x10, x15, 80        x10:0000006f x15:00000025
15720002ns          282193 1c008e4e 01a005b3 add              x11, x0, x26        x11=00000002 x26:00000002
15720022ns          282194 1c008e50 000b00e7 jalr             x1, x22, 0           x1=1c008e52 x22:1c008d5c
15720061ns          282196 1c008d5c 000026b7 lui              x13, 0x2000         x13=00002000
15720081ns          282197 1c008d5e f14027f3 csrrs            x15, x0, 0xf14      x15=00000001
15720101ns          282198 1c008d62 f8068693 addi             x13, x13, -128      x13=00001f80 x13:00002000
15720121ns          282199 1c008d66 00379713 slli             x14, x15, 0x3       x14=00000008 x15:00000001
15720141ns          282200 1c008d6a 00279793 slli             x15, x15, 0x2       x15=00000004 x15:00000001
15720161ns          282201 1c008d6c 00d7f7b3 and              x15, x15, x13       x15=00000000 x15:00000004 x13:00001f80
15720181ns          282202 1c008d6e ee873733 p.bclr           x14, x14, 23, 8     x14=00000008 x14:00000008
15720201ns          282203 1c008d72 1a10f6b7 lui              x13, 0x1a10f000     x13=1a10f000
15720220ns          282204 1c008d76 0ff57513 andi             x10, x10, 255       x10=0000006f x10:0000006f
15720240ns          282205 1c008d7a 00d70733 add              x14, x14, x13       x14=1a10f008 x14:00000008 x13:1a10f000
15720260ns          282206 1c008d7c 00a7e723 p.sw             x10, x0(x15)        x10:0000006f x15:00000000  PA:1a10f008
15720578ns          282222 1c008d80 00000513 addi             x10, x0, 0          x10=00000000
15720598ns          282223 1c008d82 00008067 jalr             x0, x1, 0            x1:1c008e52
15720658ns          282226 1c008e52 31f52563 p.beqimm         x10, 778            x10:00000000
15720678ns          282227 1c008e56 001d8d93 addi             x27, x27, 1         x27=0000000f x27:0000000e
15720698ns          282228 1c008e58 00044503 lbu              x10, 0(x8)          x10=0000006e  x8:1c0000cb  PA:1c0000cb
15721016ns          282244 1c008e5c 00140413 addi             x8, x8, 1            x8=1c0000cc  x8:1c0000cb
15721036ns          282245 1c008e5e fe0514e3 bne              x10, x0, -24        x10:0000006e
15721116ns          282249 1c008e46 02500793 addi             x15, x0, 37         x15=00000025
15721135ns          282250 1c008e4a 04f50863 beq              x10, x15, 80        x10:0000006e x15:00000025
15721155ns          282251 1c008e4e 01a005b3 add              x11, x0, x26        x11=00000002 x26:00000002
15721175ns          282252 1c008e50 000b00e7 jalr             x1, x22, 0           x1=1c008e52 x22:1c008d5c
15721215ns          282254 1c008d5c 000026b7 lui              x13, 0x2000         x13=00002000
15721235ns          282255 1c008d5e f14027f3 csrrs            x15, x0, 0xf14      x15=00000001
15721255ns          282256 1c008d62 f8068693 addi             x13, x13, -128      x13=00001f80 x13:00002000
15721275ns          282257 1c008d66 00379713 slli             x14, x15, 0x3       x14=00000008 x15:00000001
15721295ns          282258 1c008d6a 00279793 slli             x15, x15, 0x2       x15=00000004 x15:00000001
15721314ns          282259 1c008d6c 00d7f7b3 and              x15, x15, x13       x15=00000000 x15:00000004 x13:00001f80
15721334ns          282260 1c008d6e ee873733 p.bclr           x14, x14, 23, 8     x14=00000008 x14:00000008
15721354ns          282261 1c008d72 1a10f6b7 lui              x13, 0x1a10f000     x13=1a10f000
15721374ns          282262 1c008d76 0ff57513 andi             x10, x10, 255       x10=0000006e x10:0000006e
15721394ns          282263 1c008d7a 00d70733 add              x14, x14, x13       x14=1a10f008 x14:00000008 x13:1a10f000
15721414ns          282264 1c008d7c 00a7e723 p.sw             x10, x0(x15)        x10:0000006e x15:00000000  PA:1a10f008
15721732ns          282280 1c008d80 00000513 addi             x10, x0, 0          x10=00000000
15721752ns          282281 1c008d82 00008067 jalr             x0, x1, 0            x1:1c008e52
15721812ns          282284 1c008e52 31f52563 p.beqimm         x10, 778            x10:00000000
15721832ns          282285 1c008e56 001d8d93 addi             x27, x27, 1         x27=00000010 x27:0000000f
15721851ns          282286 1c008e58 00044503 lbu              x10, 0(x8)          x10=00000020  x8:1c0000cc  PA:1c0000cc
15722170ns          282302 1c008e5c 00140413 addi             x8, x8, 1            x8=1c0000cd  x8:1c0000cc
15722190ns          282303 1c008e5e fe0514e3 bne              x10, x0, -24        x10:00000020
15722269ns          282307 1c008e46 02500793 addi             x15, x0, 37         x15=00000025
15722289ns          282308 1c008e4a 04f50863 beq              x10, x15, 80        x10:00000020 x15:00000025
15722309ns          282309 1c008e4e 01a005b3 add              x11, x0, x26        x11=00000002 x26:00000002
15722329ns          282310 1c008e50 000b00e7 jalr             x1, x22, 0           x1=1c008e52 x22:1c008d5c
15722369ns          282312 1c008d5c 000026b7 lui              x13, 0x2000         x13=00002000
15722389ns          282313 1c008d5e f14027f3 csrrs            x15, x0, 0xf14      x15=00000001
15722408ns          282314 1c008d62 f8068693 addi             x13, x13, -128      x13=00001f80 x13:00002000
15722428ns          282315 1c008d66 00379713 slli             x14, x15, 0x3       x14=00000008 x15:00000001
15722448ns          282316 1c008d6a 00279793 slli             x15, x15, 0x2       x15=00000004 x15:00000001
15722468ns          282317 1c008d6c 00d7f7b3 and              x15, x15, x13       x15=00000000 x15:00000004 x13:00001f80
15722488ns          282318 1c008d6e ee873733 p.bclr           x14, x14, 23, 8     x14=00000008 x14:00000008
15722508ns          282319 1c008d72 1a10f6b7 lui              x13, 0x1a10f000     x13=1a10f000
15722528ns          282320 1c008d76 0ff57513 andi             x10, x10, 255       x10=00000020 x10:00000020
15722548ns          282321 1c008d7a 00d70733 add              x14, x14, x13       x14=1a10f008 x14:00000008 x13:1a10f000
15722568ns          282322 1c008d7c 00a7e723 p.sw             x10, x0(x15)        x10:00000020 x15:00000000  PA:1a10f008
15722886ns          282338 1c008d80 00000513 addi             x10, x0, 0          x10=00000000
15722906ns          282339 1c008d82 00008067 jalr             x0, x1, 0            x1:1c008e52
15722965ns          282342 1c008e52 31f52563 p.beqimm         x10, 778            x10:00000000
15722985ns          282343 1c008e56 001d8d93 addi             x27, x27, 1         x27=00000011 x27:00000010
15723005ns          282344 1c008e58 00044503 lbu              x10, 0(x8)          x10=00000063  x8:1c0000cd  PA:1c0000cd
15723304ns          282359 1c008e5c 00140413 addi             x8, x8, 1            x8=1c0000ce  x8:1c0000cd
15723323ns          282360 1c008e5e fe0514e3 bne              x10, x0, -24        x10:00000063
15723403ns          282364 1c008e46 02500793 addi             x15, x0, 37         x15=00000025
15723423ns          282365 1c008e4a 04f50863 beq              x10, x15, 80        x10:00000063 x15:00000025
15723443ns          282366 1c008e4e 01a005b3 add              x11, x0, x26        x11=00000002 x26:00000002
15723463ns          282367 1c008e50 000b00e7 jalr             x1, x22, 0           x1=1c008e52 x22:1c008d5c
15723502ns          282369 1c008d5c 000026b7 lui              x13, 0x2000         x13=00002000
15723522ns          282370 1c008d5e f14027f3 csrrs            x15, x0, 0xf14      x15=00000001
15723542ns          282371 1c008d62 f8068693 addi             x13, x13, -128      x13=00001f80 x13:00002000
15723562ns          282372 1c008d66 00379713 slli             x14, x15, 0x3       x14=00000008 x15:00000001
15723582ns          282373 1c008d6a 00279793 slli             x15, x15, 0x2       x15=00000004 x15:00000001
15723602ns          282374 1c008d6c 00d7f7b3 and              x15, x15, x13       x15=00000000 x15:00000004 x13:00001f80
15723622ns          282375 1c008d6e ee873733 p.bclr           x14, x14, 23, 8     x14=00000008 x14:00000008
15723642ns          282376 1c008d72 1a10f6b7 lui              x13, 0x1a10f000     x13=1a10f000
15723662ns          282377 1c008d76 0ff57513 andi             x10, x10, 255       x10=00000063 x10:00000063
15723681ns          282378 1c008d7a 00d70733 add              x14, x14, x13       x14=1a10f008 x14:00000008 x13:1a10f000
15723701ns          282379 1c008d7c 00a7e723 p.sw             x10, x0(x15)        x10:00000063 x15:00000000  PA:1a10f008
15724020ns          282395 1c008d80 00000513 addi             x10, x0, 0          x10=00000000
15724039ns          282396 1c008d82 00008067 jalr             x0, x1, 0            x1:1c008e52
15724099ns          282399 1c008e52 31f52563 p.beqimm         x10, 778            x10:00000000
15724119ns          282400 1c008e56 001d8d93 addi             x27, x27, 1         x27=00000012 x27:00000011
15724139ns          282401 1c008e58 00044503 lbu              x10, 0(x8)          x10=0000006f  x8:1c0000ce  PA:1c0000ce
15724437ns          282416 1c008e5c 00140413 addi             x8, x8, 1            x8=1c0000cf  x8:1c0000ce
15724457ns          282417 1c008e5e fe0514e3 bne              x10, x0, -24        x10:0000006f
15724537ns          282421 1c008e46 02500793 addi             x15, x0, 37         x15=00000025
15724557ns          282422 1c008e4a 04f50863 beq              x10, x15, 80        x10:0000006f x15:00000025
15724577ns          282423 1c008e4e 01a005b3 add              x11, x0, x26        x11=00000002 x26:00000002
15724596ns          282424 1c008e50 000b00e7 jalr             x1, x22, 0           x1=1c008e52 x22:1c008d5c
15724636ns          282426 1c008d5c 000026b7 lui              x13, 0x2000         x13=00002000
15724656ns          282427 1c008d5e f14027f3 csrrs            x15, x0, 0xf14      x15=00000001
15724676ns          282428 1c008d62 f8068693 addi             x13, x13, -128      x13=00001f80 x13:00002000
15724696ns          282429 1c008d66 00379713 slli             x14, x15, 0x3       x14=00000008 x15:00000001
15724716ns          282430 1c008d6a 00279793 slli             x15, x15, 0x2       x15=00000004 x15:00000001
15724736ns          282431 1c008d6c 00d7f7b3 and              x15, x15, x13       x15=00000000 x15:00000004 x13:00001f80
15724756ns          282432 1c008d6e ee873733 p.bclr           x14, x14, 23, 8     x14=00000008 x14:00000008
15724775ns          282433 1c008d72 1a10f6b7 lui              x13, 0x1a10f000     x13=1a10f000
15724795ns          282434 1c008d76 0ff57513 andi             x10, x10, 255       x10=0000006f x10:0000006f
15724815ns          282435 1c008d7a 00d70733 add              x14, x14, x13       x14=1a10f008 x14:00000008 x13:1a10f000
15724835ns          282436 1c008d7c 00a7e723 p.sw             x10, x0(x15)        x10:0000006f x15:00000000  PA:1a10f008
15725153ns          282452 1c008d80 00000513 addi             x10, x0, 0          x10=00000000
15725173ns          282453 1c008d82 00008067 jalr             x0, x1, 0            x1:1c008e52
15725233ns          282456 1c008e52 31f52563 p.beqimm         x10, 778            x10:00000000
15725253ns          282457 1c008e56 001d8d93 addi             x27, x27, 1         x27=00000013 x27:00000012
15725273ns          282458 1c008e58 00044503 lbu              x10, 0(x8)          x10=00000072  x8:1c0000cf  PA:1c0000cf
15725571ns          282473 1c008e5c 00140413 addi             x8, x8, 1            x8=1c0000d0  x8:1c0000cf
15725591ns          282474 1c008e5e fe0514e3 bne              x10, x0, -24        x10:00000072
15725671ns          282478 1c008e46 02500793 addi             x15, x0, 37         x15=00000025
15725690ns          282479 1c008e4a 04f50863 beq              x10, x15, 80        x10:00000072 x15:00000025
15725710ns          282480 1c008e4e 01a005b3 add              x11, x0, x26        x11=00000002 x26:00000002
15725730ns          282481 1c008e50 000b00e7 jalr             x1, x22, 0           x1=1c008e52 x22:1c008d5c
15725770ns          282483 1c008d5c 000026b7 lui              x13, 0x2000         x13=00002000
15725790ns          282484 1c008d5e f14027f3 csrrs            x15, x0, 0xf14      x15=00000001
15725810ns          282485 1c008d62 f8068693 addi             x13, x13, -128      x13=00001f80 x13:00002000
15725830ns          282486 1c008d66 00379713 slli             x14, x15, 0x3       x14=00000008 x15:00000001
15725850ns          282487 1c008d6a 00279793 slli             x15, x15, 0x2       x15=00000004 x15:00000001
15725869ns          282488 1c008d6c 00d7f7b3 and              x15, x15, x13       x15=00000000 x15:00000004 x13:00001f80
15725889ns          282489 1c008d6e ee873733 p.bclr           x14, x14, 23, 8     x14=00000008 x14:00000008
15725909ns          282490 1c008d72 1a10f6b7 lui              x13, 0x1a10f000     x13=1a10f000
15725929ns          282491 1c008d76 0ff57513 andi             x10, x10, 255       x10=00000072 x10:00000072
15725949ns          282492 1c008d7a 00d70733 add              x14, x14, x13       x14=1a10f008 x14:00000008 x13:1a10f000
15725969ns          282493 1c008d7c 00a7e723 p.sw             x10, x0(x15)        x10:00000072 x15:00000000  PA:1a10f008
15726307ns          282510 1c008d80 00000513 addi             x10, x0, 0          x10=00000000
15726327ns          282511 1c008d82 00008067 jalr             x0, x1, 0            x1:1c008e52
15726387ns          282514 1c008e52 31f52563 p.beqimm         x10, 778            x10:00000000
15726406ns          282515 1c008e56 001d8d93 addi             x27, x27, 1         x27=00000014 x27:00000013
15726426ns          282516 1c008e58 00044503 lbu              x10, 0(x8)          x10=00000065  x8:1c0000d0  PA:1c0000d0
15726725ns          282531 1c008e5c 00140413 addi             x8, x8, 1            x8=1c0000d1  x8:1c0000d0
15726745ns          282532 1c008e5e fe0514e3 bne              x10, x0, -24        x10:00000065
15726824ns          282536 1c008e46 02500793 addi             x15, x0, 37         x15=00000025
15726844ns          282537 1c008e4a 04f50863 beq              x10, x15, 80        x10:00000065 x15:00000025
15726864ns          282538 1c008e4e 01a005b3 add              x11, x0, x26        x11=00000002 x26:00000002
15726884ns          282539 1c008e50 000b00e7 jalr             x1, x22, 0           x1=1c008e52 x22:1c008d5c
15726924ns          282541 1c008d5c 000026b7 lui              x13, 0x2000         x13=00002000
15726944ns          282542 1c008d5e f14027f3 csrrs            x15, x0, 0xf14      x15=00000001
15726963ns          282543 1c008d62 f8068693 addi             x13, x13, -128      x13=00001f80 x13:00002000
15726983ns          282544 1c008d66 00379713 slli             x14, x15, 0x3       x14=00000008 x15:00000001
15727003ns          282545 1c008d6a 00279793 slli             x15, x15, 0x2       x15=00000004 x15:00000001
15727023ns          282546 1c008d6c 00d7f7b3 and              x15, x15, x13       x15=00000000 x15:00000004 x13:00001f80
15727043ns          282547 1c008d6e ee873733 p.bclr           x14, x14, 23, 8     x14=00000008 x14:00000008
15727063ns          282548 1c008d72 1a10f6b7 lui              x13, 0x1a10f000     x13=1a10f000
15727083ns          282549 1c008d76 0ff57513 andi             x10, x10, 255       x10=00000065 x10:00000065
15727103ns          282550 1c008d7a 00d70733 add              x14, x14, x13       x14=1a10f008 x14:00000008 x13:1a10f000
15727123ns          282551 1c008d7c 00a7e723 p.sw             x10, x0(x15)        x10:00000065 x15:00000000  PA:1a10f008
15727441ns          282567 1c008d80 00000513 addi             x10, x0, 0          x10=00000000
15727461ns          282568 1c008d82 00008067 jalr             x0, x1, 0            x1:1c008e52
15727520ns          282571 1c008e52 31f52563 p.beqimm         x10, 778            x10:00000000
15727540ns          282572 1c008e56 001d8d93 addi             x27, x27, 1         x27=00000015 x27:00000014
15727560ns          282573 1c008e58 00044503 lbu              x10, 0(x8)          x10=00000020  x8:1c0000d1  PA:1c0000d1
15727858ns          282588 1c008e5c 00140413 addi             x8, x8, 1            x8=1c0000d2  x8:1c0000d1
15727878ns          282589 1c008e5e fe0514e3 bne              x10, x0, -24        x10:00000020
15727958ns          282593 1c008e46 02500793 addi             x15, x0, 37         x15=00000025
15727978ns          282594 1c008e4a 04f50863 beq              x10, x15, 80        x10:00000020 x15:00000025
15727998ns          282595 1c008e4e 01a005b3 add              x11, x0, x26        x11=00000002 x26:00000002
15728018ns          282596 1c008e50 000b00e7 jalr             x1, x22, 0           x1=1c008e52 x22:1c008d5c
15728057ns          282598 1c008d5c 000026b7 lui              x13, 0x2000         x13=00002000
15728077ns          282599 1c008d5e f14027f3 csrrs            x15, x0, 0xf14      x15=00000001
15728097ns          282600 1c008d62 f8068693 addi             x13, x13, -128      x13=00001f80 x13:00002000
15728117ns          282601 1c008d66 00379713 slli             x14, x15, 0x3       x14=00000008 x15:00000001
15728137ns          282602 1c008d6a 00279793 slli             x15, x15, 0x2       x15=00000004 x15:00000001
15728157ns          282603 1c008d6c 00d7f7b3 and              x15, x15, x13       x15=00000000 x15:00000004 x13:00001f80
15728177ns          282604 1c008d6e ee873733 p.bclr           x14, x14, 23, 8     x14=00000008 x14:00000008
15728197ns          282605 1c008d72 1a10f6b7 lui              x13, 0x1a10f000     x13=1a10f000
15728217ns          282606 1c008d76 0ff57513 andi             x10, x10, 255       x10=00000020 x10:00000020
15728236ns          282607 1c008d7a 00d70733 add              x14, x14, x13       x14=1a10f008 x14:00000008 x13:1a10f000
15728256ns          282608 1c008d7c 00a7e723 p.sw             x10, x0(x15)        x10:00000020 x15:00000000  PA:1a10f008
15728575ns          282624 1c008d80 00000513 addi             x10, x0, 0          x10=00000000
15728594ns          282625 1c008d82 00008067 jalr             x0, x1, 0            x1:1c008e52
15728654ns          282628 1c008e52 31f52563 p.beqimm         x10, 778            x10:00000000
15728674ns          282629 1c008e56 001d8d93 addi             x27, x27, 1         x27=00000016 x27:00000015
15728694ns          282630 1c008e58 00044503 lbu              x10, 0(x8)          x10=00000020  x8:1c0000d2  PA:1c0000d2
15728992ns          282645 1c008e5c 00140413 addi             x8, x8, 1            x8=1c0000d3  x8:1c0000d2
15729012ns          282646 1c008e5e fe0514e3 bne              x10, x0, -24        x10:00000020
15729092ns          282650 1c008e46 02500793 addi             x15, x0, 37         x15=00000025
15729112ns          282651 1c008e4a 04f50863 beq              x10, x15, 80        x10:00000020 x15:00000025
15729132ns          282652 1c008e4e 01a005b3 add              x11, x0, x26        x11=00000002 x26:00000002
15729151ns          282653 1c008e50 000b00e7 jalr             x1, x22, 0           x1=1c008e52 x22:1c008d5c
15729191ns          282655 1c008d5c 000026b7 lui              x13, 0x2000         x13=00002000
15729211ns          282656 1c008d5e f14027f3 csrrs            x15, x0, 0xf14      x15=00000001
15729231ns          282657 1c008d62 f8068693 addi             x13, x13, -128      x13=00001f80 x13:00002000
15729251ns          282658 1c008d66 00379713 slli             x14, x15, 0x3       x14=00000008 x15:00000001
15729271ns          282659 1c008d6a 00279793 slli             x15, x15, 0x2       x15=00000004 x15:00000001
15729291ns          282660 1c008d6c 00d7f7b3 and              x15, x15, x13       x15=00000000 x15:00000004 x13:00001f80
15729311ns          282661 1c008d6e ee873733 p.bclr           x14, x14, 23, 8     x14=00000008 x14:00000008
15729330ns          282662 1c008d72 1a10f6b7 lui              x13, 0x1a10f000     x13=1a10f000
15729350ns          282663 1c008d76 0ff57513 andi             x10, x10, 255       x10=00000020 x10:00000020
15729370ns          282664 1c008d7a 00d70733 add              x14, x14, x13       x14=1a10f008 x14:00000008 x13:1a10f000
15729390ns          282665 1c008d7c 00a7e723 p.sw             x10, x0(x15)        x10:00000020 x15:00000000  PA:1a10f008
15729708ns          282681 1c008d80 00000513 addi             x10, x0, 0          x10=00000000
15729728ns          282682 1c008d82 00008067 jalr             x0, x1, 0            x1:1c008e52
15729788ns          282685 1c008e52 31f52563 p.beqimm         x10, 778            x10:00000000
15729808ns          282686 1c008e56 001d8d93 addi             x27, x27, 1         x27=00000017 x27:00000016
15729828ns          282687 1c008e58 00044503 lbu              x10, 0(x8)          x10=00000025  x8:1c0000d3  PA:1c0000d3
15730126ns          282702 1c008e5c 00140413 addi             x8, x8, 1            x8=1c0000d4  x8:1c0000d3
15730146ns          282703 1c008e5e fe0514e3 bne              x10, x0, -24        x10:00000025
15730225ns          282707 1c008e46 02500793 addi             x15, x0, 37         x15=00000025
15730245ns          282708 1c008e4a 04f50863 beq              x10, x15, 80        x10:00000025 x15:00000025
15730385ns          282715 1c008e9a 00044483 lbu              x9, 0(x8)            x9=00000064  x8:1c0000d4  PA:1c0000d4
15730703ns          282731 1c008e9e 02000693 addi             x13, x0, 32         x13=00000020
15730723ns          282732 1c008ea2 00140a93 addi             x21, x8, 1          x21=1c0000d5  x8:1c0000d4
15730743ns          282733 1c008ea6 009005b3 add              x11, x0, x9         x11=00000064  x9:00000064
15730763ns          282734 1c008ea8 0fcb8513 addi             x10, x23, 252       x10=1c0000fc x23:1c000000
15730782ns          282735 1c008eac 00d12823 sw               x13, 16(x2)         x13:00000020  x2:10000e28  PA:10000e38
15730802ns          282736 1c008eae 00012c23 sw               x0, 24(x2)           x2:10000e28  PA:10000e40
15730822ns          282737 1c008eb0 00012a23 sw               x0, 20(x2)           x2:10000e28  PA:10000e3c
15730842ns          282738 1c008eb2 00012e23 sw               x0, 28(x2)           x2:10000e28  PA:10000e44
15730862ns          282739 1c008eb4 00012623 sw               x0, 12(x2)           x2:10000e28  PA:10000e34
15730882ns          282740 1c008eb6 02300913 addi             x18, x0, 35         x18=00000023
15730902ns          282741 1c008eba 02d00a13 addi             x20, x0, 45         x20=0000002d
15730922ns          282742 1c008ebe 015009b3 add              x19, x0, x21        x19=1c0000d5 x21:1c0000d5
15730961ns          282744 1c008ec0 e1dff0ef jal              x1, -484             x1=1c008ec2
15731419ns          282767 1c008cdc 00054783 lbu              x15, 0(x10)         x15=0000002d x10:1c0000fc  PA:1c0000fc
15731757ns          282784 1c008ce0 0ff5f593 andi             x11, x11, 255       x11=00000064 x11:00000064
15731777ns          282785 1c008ce4 00b78c63 beq              x15, x11, 24        x15:0000002d x11:00000064
15731797ns          282786 1c008ce8 00078b63 beq              x15, x0, 22         x15:0000002d
15731817ns          282787 1c008cea 00150793 addi             x15, x10, 1         x15=1c0000fd x10:1c0000fc
15731837ns          282788 1c008cee 0040006f jal              x0, 4              
15731896ns          282791 1c008cf2 00f00533 add              x10, x0, x15        x10=1c0000fd x15:1c0000fd
15731916ns          282792 1c008cf4 0017c70b p.lbu            x14, 1(x15!)        x14=0000002b x15=1c0000fe x15:1c0000fd  PA:1c0000fd
15732254ns          282809 1c008cf8 feb71ce3 bne              x14, x11, -8        x14:0000002b x11:00000064
15732314ns          282812 1c008cf0 00070763 beq              x14, x0, 14         x14:0000002b
15732334ns          282813 1c008cf2 00f00533 add              x10, x0, x15        x10=1c0000fe x15:1c0000fe
15732354ns          282814 1c008cf4 0017c70b p.lbu            x14, 1(x15!)        x14=00000020 x15=1c0000ff x15:1c0000fe  PA:1c0000fe
15732672ns          282830 1c008cf8 feb71ce3 bne              x14, x11, -8        x14:00000020 x11:00000064
15732732ns          282833 1c008cf0 00070763 beq              x14, x0, 14         x14:00000020
15732752ns          282834 1c008cf2 00f00533 add              x10, x0, x15        x10=1c0000ff x15:1c0000ff
15732772ns          282835 1c008cf4 0017c70b p.lbu            x14, 1(x15!)        x14=00000023 x15=1c000100 x15:1c0000ff  PA:1c0000ff
15733090ns          282851 1c008cf8 feb71ce3 bne              x14, x11, -8        x14:00000023 x11:00000064
15733149ns          282854 1c008cf0 00070763 beq              x14, x0, 14         x14:00000023
15733169ns          282855 1c008cf2 00f00533 add              x10, x0, x15        x10=1c000100 x15:1c000100
15733189ns          282856 1c008cf4 0017c70b p.lbu            x14, 1(x15!)        x14=00000030 x15=1c000101 x15:1c000100  PA:1c000100
15733507ns          282872 1c008cf8 feb71ce3 bne              x14, x11, -8        x14:00000030 x11:00000064
15733567ns          282875 1c008cf0 00070763 beq              x14, x0, 14         x14:00000030
15733587ns          282876 1c008cf2 00f00533 add              x10, x0, x15        x10=1c000101 x15:1c000101
15733607ns          282877 1c008cf4 0017c70b p.lbu            x14, 1(x15!)        x14=00000000 x15=1c000102 x15:1c000101  PA:1c000101
15733925ns          282893 1c008cf8 feb71ce3 bne              x14, x11, -8        x14:00000000 x11:00000064
15733985ns          282896 1c008cf0 00070763 beq              x14, x0, 14         x14:00000000
15734064ns          282900 1c008cfe 0015b593 sltiu            x11, x11, 1         x11=00000000 x11:00000064
15734084ns          282901 1c008d02 40b005b3 sub              x11, x0, x11        x11=00000000 x11:00000000
15734104ns          282902 1c008d06 00b57533 and              x10, x10, x11       x10=00000000 x10:1c000101 x11:00000000
15734124ns          282903 1c008d08 00008067 jalr             x0, x1, 0            x1:1c008ec2
15734224ns          282908 1c008ec2 02050a63 beq              x10, x0, 52         x10:00000000
15734363ns          282915 1c008ef6 02a00613 addi             x12, x0, 42         x12=0000002a
15734383ns          282916 1c008efa 2ac48663 beq              x9, x12, 684         x9:00000064 x12:0000002a
15734442ns          282919 1c008efe fd048613 addi             x12, x9, -48        x12=00000034  x9:00000064
15734462ns          282920 1c008f02 00900593 addi             x11, x0, 9          x11=00000009
15734482ns          282921 1c008f04 00000913 addi             x18, x0, 0          x18=00000000
15734502ns          282922 1c008f06 28c5f063 bgeu             x11, x12, 640       x11:00000009 x12:00000034
15734522ns          282923 1c008f0a 02e00693 addi             x13, x0, 46         x13=0000002e
15734542ns          282924 1c008f0e fff00a13 addi             x20, x0, -1         x20=ffffffff
15734582ns          282926 1c008f10 2ed48363 beq              x9, x13, 742         x9:00000064 x13:0000002e
15734621ns          282928 1c008f14 1c0007b7 lui              x15, 0x1c000000     x15=1c000000
15734641ns          282929 1c008f18 009005b3 add              x11, x0, x9         x11=00000064  x9:00000064
15734661ns          282930 1c008f1a 10478513 addi             x10, x15, 260       x10=1c000104 x15:1c000000
15734681ns          282931 1c008f1e dbfff0ef jal              x1, -578             x1=1c008f20
15735158ns          282955 1c008cdc 00054783 lbu              x15, 0(x10)         x15=00000068 x10:1c000104  PA:1c000104
15735477ns          282971 1c008ce0 0ff5f593 andi             x11, x11, 255       x11=00000064 x11:00000064
15735497ns          282972 1c008ce4 00b78c63 beq              x15, x11, 24        x15:00000068 x11:00000064
15735516ns          282973 1c008ce8 00078b63 beq              x15, x0, 22         x15:00000068
15735536ns          282974 1c008cea 00150793 addi             x15, x10, 1         x15=1c000105 x10:1c000104
15735556ns          282975 1c008cee 0040006f jal              x0, 4              
15735596ns          282977 1c008cf2 00f00533 add              x10, x0, x15        x10=1c000105 x15:1c000105
15735616ns          282978 1c008cf4 0017c70b p.lbu            x14, 1(x15!)        x14=0000006c x15=1c000106 x15:1c000105  PA:1c000105
15735934ns          282994 1c008cf8 feb71ce3 bne              x14, x11, -8        x14:0000006c x11:00000064
15735994ns          282997 1c008cf0 00070763 beq              x14, x0, 14         x14:0000006c
15736014ns          282998 1c008cf2 00f00533 add              x10, x0, x15        x10=1c000106 x15:1c000106
15736034ns          282999 1c008cf4 0017c70b p.lbu            x14, 1(x15!)        x14=0000004c x15=1c000107 x15:1c000106  PA:1c000106
15736352ns          283015 1c008cf8 feb71ce3 bne              x14, x11, -8        x14:0000004c x11:00000064
15736412ns          283018 1c008cf0 00070763 beq              x14, x0, 14         x14:0000004c
15736431ns          283019 1c008cf2 00f00533 add              x10, x0, x15        x10=1c000107 x15:1c000107
15736451ns          283020 1c008cf4 0017c70b p.lbu            x14, 1(x15!)        x14=0000007a x15=1c000108 x15:1c000107  PA:1c000107
15736770ns          283036 1c008cf8 feb71ce3 bne              x14, x11, -8        x14:0000007a x11:00000064
15736829ns          283039 1c008cf0 00070763 beq              x14, x0, 14         x14:0000007a
15736849ns          283040 1c008cf2 00f00533 add              x10, x0, x15        x10=1c000108 x15:1c000108
15736869ns          283041 1c008cf4 0017c70b p.lbu            x14, 1(x15!)        x14=00000000 x15=1c000109 x15:1c000108  PA:1c000108
15737187ns          283057 1c008cf8 feb71ce3 bne              x14, x11, -8        x14:00000000 x11:00000064
15737247ns          283060 1c008cf0 00070763 beq              x14, x0, 14         x14:00000000
15737326ns          283064 1c008cfe 0015b593 sltiu            x11, x11, 1         x11=00000000 x11:00000064
15737346ns          283065 1c008d02 40b005b3 sub              x11, x0, x11        x11=00000000 x11:00000000
15737366ns          283066 1c008d06 00b57533 and              x10, x10, x11       x10=00000000 x10:1c000108 x11:00000000
15737386ns          283067 1c008d08 00008067 jalr             x0, x1, 0            x1:1c008f20
15737426ns          283069 1c008f20 01300433 add              x8, x0, x19          x8=1c0000d5 x19:1c0000d5
15737446ns          283070 1c008f22 00050563 beq              x10, x0, 10         x10:00000000
15737506ns          283073 1c008f2c 06700693 addi             x13, x0, 103        x13=00000067
15737565ns          283076 1c008f30 2896d963 bge              x13, x9, 658        x13:00000067  x9:00000064
15737704ns          283083 1c0091c2 06500693 addi             x13, x0, 101        x13=00000065
15737724ns          283084 1c0091c6 12d4d563 bge              x9, x13, 298         x9:00000064 x13:00000065
15737744ns          283085 1c0091ca 04700693 addi             x13, x0, 71         x13=00000047
15737804ns          283088 1c0091ce dc96cbe3 blt              x13, x9, -554       x13:00000047  x9:00000064
15737903ns          283093 1c008fa4 06300693 addi             x13, x0, 99         x13=00000063
15737943ns          283095 1c008fa8 0ad488e3 beq              x9, x13, 2224        x9:00000064 x13:00000063
15737963ns          283096 1c008fac 0096c9e3 blt              x13, x9, 2066       x13:00000063  x9:00000064
15738182ns          283107 1c0097be 000c2583 lw               x11, 0(x24)         x11=00000001 x24:10000f7c  PA:10000f7c
15738202ns          283108 1c0097c2 004c0c13 addi             x24, x24, 4         x24=10000f80 x24:10000f7c
15738222ns          283109 1c0097c4 3405cc63 blt              x11, x0, 856        x11:00000001
15738241ns          283110 1c0097c8 01412603 lw               x12, 20(x2)         x12=00000000  x2:10000e28  PA:10000e3c
15738261ns          283111 1c0097ca 00b006b3 add              x13, x0, x11        x13=00000001 x11:00000001
15738281ns          283112 1c0097cc 2e061863 bne              x12, x0, 752        x12:00000000
15738321ns          283114 1c0097d0 01812703 lw               x14, 24(x2)         x14=00000000  x2:10000e28  PA:10000e40
15738341ns          283115 1c0097d2 019007b3 add              x15, x0, x25        x15=10000e4c x25:10000e4c
15738361ns          283116 1c0097d4 00070763 beq              x14, x0, 14         x14:00000000
15738460ns          283121 1c0097e2 00f00733 add              x14, x0, x15        x14=10000e4c x15:10000e4c
15738500ns          283123 1c0097e4 00a00513 addi             x10, x0, 10         x10=0000000a
15738520ns          283124 1c0097e6 02a6f633 remu             x12, x13, x10       x12=00000001 x13:00000001 x10:0000000a
15739137ns          283155 1c0097ea 02a6d6b3 divu             x13, x13, x10       x13=00000000 x13:00000001 x10:0000000a
15739753ns          283186 1c0097ee 03060613 addi             x12, x12, 48        x12=00000031 x12:00000001
15739773ns          283187 1c0097f2 00c700ab p.sb             x12, 1(x14!)        x14=10000e4d x12:00000031 x14:10000e4c  PA:10000e4c
15739793ns          283188 1c0097f6 fe0698e3 bne              x13, x0, -16        x13:00000000
15739813ns          283189 1c0097f8 40f706b3 sub              x13, x14, x15       x13=00000001 x14:10000e4d x15:10000e4c
15739833ns          283190 1c0097fc 0146dc63 bge              x13, x20, 24        x13:00000001 x20:ffffffff
15739952ns          283196 1c009814 00e006b3 add              x13, x0, x14        x13=10000e4d x14:10000e4d
15739992ns          283198 1c009816 fe068fab p.sb             x0, -1(x13!)        x13=10000e4c x13:10000e4d  PA:10000e4d
15740012ns          283199 1c00981a 00d7fc63 bgeu             x15, x13, 24        x15:10000e4c x13:10000e4c
15740151ns          283206 1c009832 01412783 lw               x15, 20(x2)         x15=00000000  x2:10000e28  PA:10000e3c
15740191ns          283208 1c009834 01812603 lw               x12, 24(x2)         x12=00000000  x2:10000e28  PA:10000e40
15740211ns          283209 1c009836 419704b3 sub              x9, x14, x25         x9=00000001 x14:10000e4d x25:10000e4c
15740231ns          283210 1c00983a 00c7e7b3 or               x15, x15, x12       x15=00000000 x15:00000000 x12:00000000
15740250ns          283211 1c00983c 00f12623 sw               x15, 12(x2)         x15:00000000  x2:10000e28  PA:10000e34
15740270ns          283212 1c00983e 00079363 bne              x15, x0, 6          x15:00000000
15740290ns          283213 1c009840 01f5d593 srli             x11, x11, 0x1f      x11=00000000 x11:00000001
15740310ns          283214 1c009842 00b12623 sw               x11, 12(x2)         x11:00000000  x2:10000e28  PA:10000e34
15740330ns          283215 1c009844 e3fa28e3 p.beqimm         x20, -464           x20:ffffffff
15740429ns          283220 1c009674 0c800793 addi             x15, x0, 200        x15=000000c8
15740469ns          283222 1c009678 9e97d0e3 bge              x15, x9, -1568      x15:000000c8  x9:00000001
15740628ns          283230 1c009058 0f24d163 bge              x9, x18, 226         x9:00000001 x18:00000000
15740768ns          283237 1c00913a d00482e3 beq              x9, x0, -764         x9:00000001
15740787ns          283238 1c00913e 01900933 add              x18, x0, x25        x18=10000e4c x25:10000e4c
15740827ns          283240 1c009140 419d8db3 sub              x27, x27, x25       x27=effff1cb x27:00000017 x25:10000e4c
15740867ns          283242 1c009144 00a0006f jal              x0, 10             
15740966ns          283247 1c00914e 0019450b p.lbu            x10, 1(x18!)        x10=00000031 x18=10000e4d x18:10000e4c  PA:10000e4c
15740986ns          283248 1c009152 01a005b3 add              x11, x0, x26        x11=00000002 x26:00000002
15741006ns          283249 1c009154 000b00e7 jalr             x1, x22, 0           x1=1c009156 x22:1c008d5c
15741086ns          283253 1c008d5c 000026b7 lui              x13, 0x2000         x13=00002000
15741165ns          283257 1c008d5e f14027f3 csrrs            x15, x0, 0xf14      x15=00000001
15741205ns          283259 1c008d62 f8068693 addi             x13, x13, -128      x13=00001f80 x13:00002000
15741225ns          283260 1c008d66 00379713 slli             x14, x15, 0x3       x14=00000008 x15:00000001
15741245ns          283261 1c008d6a 00279793 slli             x15, x15, 0x2       x15=00000004 x15:00000001
15741265ns          283262 1c008d6c 00d7f7b3 and              x15, x15, x13       x15=00000000 x15:00000004 x13:00001f80
15741305ns          283264 1c008d6e ee873733 p.bclr           x14, x14, 23, 8     x14=00000008 x14:00000008
15741344ns          283266 1c008d72 1a10f6b7 lui              x13, 0x1a10f000     x13=1a10f000
15741364ns          283267 1c008d76 0ff57513 andi             x10, x10, 255       x10=00000031 x10:00000031
15741384ns          283268 1c008d7a 00d70733 add              x14, x14, x13       x14=1a10f008 x14:00000008 x13:1a10f000
15741404ns          283269 1c008d7c 00a7e723 p.sw             x10, x0(x15)        x10:00000031 x15:00000000  PA:1a10f008
15741742ns          283286 1c008d80 00000513 addi             x10, x0, 0          x10=00000000
15741762ns          283287 1c008d82 00008067 jalr             x0, x1, 0            x1:1c009156
15741802ns          283289 1c009156 fff48493 addi             x9, x9, -1           x9=00000000  x9:00000001
15741822ns          283290 1c009158 fff537e3 p.bneimm         x10, -18            x10:00000000
15741961ns          283297 1c009146 012d8733 add              x14, x27, x18       x14=00000018 x27:effff1cb x18:10000e4d
15741981ns          283298 1c00914a 5a048b63 beq              x9, x0, 1462         x9:00000000
15742080ns          283303 1c009700 00e00db3 add              x27, x0, x14        x27=00000018 x14:00000018
15742120ns          283305 1c009702 f3cff06f jal              x0, -2244          
15742220ns          283310 1c008e3e 00044503 lbu              x10, 0(x8)          x10=0000000a  x8:1c0000d5  PA:1c0000d5
15742518ns          283325 1c008e42 00140413 addi             x8, x8, 1            x8=1c0000d6  x8:1c0000d5
15742538ns          283326 1c008e44 00050e63 beq              x10, x0, 28         x10:0000000a
15742558ns          283327 1c008e46 02500793 addi             x15, x0, 37         x15=00000025
15742578ns          283328 1c008e4a 04f50863 beq              x10, x15, 80        x10:0000000a x15:00000025
15742598ns          283329 1c008e4e 01a005b3 add              x11, x0, x26        x11=00000002 x26:00000002
15742617ns          283330 1c008e50 000b00e7 jalr             x1, x22, 0           x1=1c008e52 x22:1c008d5c
15742657ns          283332 1c008d5c 000026b7 lui              x13, 0x2000         x13=00002000
15742717ns          283335 1c008d5e f14027f3 csrrs            x15, x0, 0xf14      x15=00000001
15742757ns          283337 1c008d62 f8068693 addi             x13, x13, -128      x13=00001f80 x13:00002000
15742777ns          283338 1c008d66 00379713 slli             x14, x15, 0x3       x14=00000008 x15:00000001
15742796ns          283339 1c008d6a 00279793 slli             x15, x15, 0x2       x15=00000004 x15:00000001
15742816ns          283340 1c008d6c 00d7f7b3 and              x15, x15, x13       x15=00000000 x15:00000004 x13:00001f80
15742836ns          283341 1c008d6e ee873733 p.bclr           x14, x14, 23, 8     x14=00000008 x14:00000008
15742856ns          283342 1c008d72 1a10f6b7 lui              x13, 0x1a10f000     x13=1a10f000
15742876ns          283343 1c008d76 0ff57513 andi             x10, x10, 255       x10=0000000a x10:0000000a
15742896ns          283344 1c008d7a 00d70733 add              x14, x14, x13       x14=1a10f008 x14:00000008 x13:1a10f000
15742916ns          283345 1c008d7c 00a7e723 p.sw             x10, x0(x15)        x10:0000000a x15:00000000  PA:1a10f008
15743234ns          283361 1c008d80 00000513 addi             x10, x0, 0          x10=00000000
15743254ns          283362 1c008d82 00008067 jalr             x0, x1, 0            x1:1c008e52
15743314ns          283365 1c008e52 31f52563 p.beqimm         x10, 778            x10:00000000
15743333ns          283366 1c008e56 001d8d93 addi             x27, x27, 1         x27=00000019 x27:00000018
15743353ns          283367 1c008e58 00044503 lbu              x10, 0(x8)          x10=00000000  x8:1c0000d6  PA:1c0000d6
15743652ns          283382 1c008e5c 00140413 addi             x8, x8, 1            x8=1c0000d7  x8:1c0000d6
15743672ns          283383 1c008e5e fe0514e3 bne              x10, x0, -24        x10:00000000
15743692ns          283384 1c008e60 01b00433 add              x8, x0, x27          x8=00000019 x27:00000019
15743711ns          283385 1c008e62 00800533 add              x10, x0, x8         x10=00000019  x8:00000019
15743731ns          283386 1c008e64 12c12083 lw               x1, 300(x2)          x1=1c008df0  x2:10000e28  PA:10000f54
15743751ns          283387 1c008e68 12812403 lw               x8, 296(x2)          x8=43dd3e01  x2:10000e28  PA:10000f50
15743771ns          283388 1c008e6c 12412483 lw               x9, 292(x2)          x9=43dd3e94  x2:10000e28  PA:10000f4c
15743811ns          283390 1c008e70 12012903 lw               x18, 288(x2)        x18=1c010018  x2:10000e28  PA:10000f48
15743851ns          283392 1c008e74 11c12983 lw               x19, 284(x2)        x19=43dd3d72  x2:10000e28  PA:10000f44
15743871ns          283393 1c008e78 11812a03 lw               x20, 280(x2)        x20=45296a5a  x2:10000e28  PA:10000f40
15743890ns          283394 1c008e7c 11412a83 lw               x21, 276(x2)        x21=4529697c  x2:10000e28  PA:10000f3c
15743950ns          283397 1c008e80 11012b03 lw               x22, 272(x2)        x22=406a5360  x2:10000e28  PA:10000f38
15743990ns          283399 1c008e84 10c12b83 lw               x23, 268(x2)        x23=4112af5f  x2:10000e28  PA:10000f34
15744010ns          283400 1c008e88 10812c03 lw               x24, 264(x2)        x24=430fb773  x2:10000e28  PA:10000f30
15744030ns          283401 1c008e8c 10412c83 lw               x25, 260(x2)        x25=430e53e0  x2:10000e28  PA:10000f2c
15744089ns          283404 1c008e90 10012d03 lw               x26, 256(x2)        x26=xxxxxxxx  x2:10000e28  PA:10000f28
15744129ns          283406 1c008e94 0fc12d83 lw               x27, 252(x2)        x27=xxxxxxxx  x2:10000e28  PA:10000f24
15744149ns          283407 1c008e96 13010113 addi             x2, x2, 304          x2=10000f58  x2:10000e28
15744169ns          283408 1c008e98 00008067 jalr             x0, x1, 0            x1:1c008df0
15744308ns          283415 1c008df0 01c12083 lw               x1, 28(x2)           x1=1c008694  x2:10000f58  PA:10000f74
15744328ns          283416 1c008df2 04010113 addi             x2, x2, 64           x2=10000f98  x2:10000f58
15744368ns          283418 1c008df4 00008067 jalr             x0, x1, 0            x1:1c008694
15744447ns          283422 1c008694 00100513 addi             x10, x0, 1          x10=00000001
15744467ns          283423 1c008696 05c12083 lw               x1, 92(x2)           x1=1c00a08e  x2:10000f98  PA:10000ff4
15744487ns          283424 1c008698 05812403 lw               x8, 88(x2)           x8=xxxxxxxx  x2:10000f98  PA:10000ff0
15744507ns          283425 1c00869a 05412483 lw               x9, 84(x2)           x9=xxxxxxxx  x2:10000f98  PA:10000fec
15744527ns          283426 1c00869c 05012903 lw               x18, 80(x2)         x18=xxxxxxxx  x2:10000f98  PA:10000fe8
15744547ns          283427 1c00869e 04c12983 lw               x19, 76(x2)         x19=xxxxxxxx  x2:10000f98  PA:10000fe4
15744766ns          283438 1c0086a0 04812a03 lw               x20, 72(x2)         x20=xxxxxxxx  x2:10000f98  PA:10000fe0
15744786ns          283439 1c0086a2 04412a83 lw               x21, 68(x2)         x21=xxxxxxxx  x2:10000f98  PA:10000fdc
15744805ns          283440 1c0086a4 04012b03 lw               x22, 64(x2)         x22=xxxxxxxx  x2:10000f98  PA:10000fd8
15744825ns          283441 1c0086a6 03c12b83 lw               x23, 60(x2)         x23=xxxxxxxx  x2:10000f98  PA:10000fd4
15744845ns          283442 1c0086a8 03812c03 lw               x24, 56(x2)         x24=xxxxxxxx  x2:10000f98  PA:10000fd0
15744865ns          283443 1c0086aa 03412c83 lw               x25, 52(x2)         x25=xxxxxxxx  x2:10000f98  PA:10000fcc
15744885ns          283444 1c0086ac 00154513 xori             x10, x10, 1         x10=00000000 x10:00000001
15745283ns          283464 1c0086b0 06010113 addi             x2, x2, 96           x2=10000ff8  x2:10000f98
15745303ns          283465 1c0086b2 00008067 jalr             x0, x1, 0            x1:1c00a08e
15745462ns          283473 1c00a08e f14027f3 csrrs            x15, x0, 0xf14      x15=00000001
15745502ns          283475 1c00a092 f457b7b3 p.bclr           x15, x15, 26, 5     x15=00000001 x15:00000001
15745521ns          283476 1c00a096 00079963 bne              x15, x0, 18         x15:00000001
15746019ns          283501 1c00a0a8 002047b7 lui              x15, 0x204000       x15=00204000
15746039ns          283502 1c00a0ac fff00713 addi             x14, x0, -1         x14=ffffffff
15746059ns          283503 1c00a0ae 00e7a223 sw               x14, 4(x15)         x14:ffffffff x15:00204000  PA:00204004
