                Time          Cycles PC       Instr    Mnemonic
11267348ns          178010 1c008080 0640006f jal              x0, 100            
11267805ns          178033 1c0080e4 f1402573 csrrs            x10, x0, 0xf14      x10=00000003
11267845ns          178035 1c0080e8 01f57593 andi             x11, x10, 31        x11=00000003 x10:00000003
11267865ns          178036 1c0080ec 00555513 srli             x10, x10, 0x5       x10=00000000 x10:00000003
11267885ns          178037 1c0080ee 01f00613 addi             x12, x0, 31         x12=0000001f
11268303ns          178058 1c0080f0 00c50463 beq              x10, x12, 8         x10:00000000 x12:0000001f
11268342ns          178060 1c0080f4 fa1ff06f jal              x0, -96            
11268800ns          178083 1c008094 f3ff8117 auipc            x2, 0xf3ff8000       x2=10000094
11268840ns          178085 1c008098 f7010113 addi             x2, x2, -144         x2=10000004  x2:10000094
11268859ns          178086 1c00809c 00012103 lw               x2, 0(x2)            x2=10000008  x2:10000004  PA:10000004
11269297ns          178108 1c0080a0 000011b7 lui              x3, 0x1000           x3=00001000
11269337ns          178110 1c0080a4 80018193 addi             x3, x3, -2048        x3=00000800  x3:00001000
11269357ns          178111 1c0080a8 00158593 addi             x11, x11, 1         x11=00000004 x11:00000003
11269377ns          178112 1c0080ac 02b180b3 mul              x1, x3, x11          x1=00002000  x3:00000800 x11:00000004
11269814ns          178134 1c0080b0 00110133 add              x2, x2, x1           x2=10002008  x2:10000008  x1:00002000
11269854ns          178136 1c0080b4 7cc0106f jal              x0, 6092           
11270331ns          178160 1c009880 ff010113 addi             x2, x2, -16          x2=10001ff8  x2:10002008
11270351ns          178161 1c009882 00112623 sw               x1, 12(x2)           x1:00002000  x2:10001ff8  PA:10002004
11270371ns          178162 1c009884 002047b7 lui              x15, 0x204000       x15=00204000
11270391ns          178163 1c009888 00070737 lui              x14, 0x70000        x14=00070000
11270411ns          178164 1c00988c 00e7a423 sw               x14, 8(x15)         x14:00070000 x15:00204000  PA:00204008
11270431ns          178165 1c00988e 00f00713 addi             x14, x0, 15         x14=0000000f
11270849ns          178186 1c009890 20078793 addi             x15, x15, 512       x15=00204200 x15:00204000
11270888ns          178188 1c009894 00e7a023 sw               x14, 0(x15)         x14:0000000f x15:00204200  PA:00204200
11270928ns          178190 1c009898 00e7a623 sw               x14, 12(x15)        x14:0000000f x15:00204200  PA:0020420c
11270948ns          178191 1c00989c 1c0017b7 lui              x15, 0x1c001000     x15=1c001000
11271366ns          178212 1c0098a0 8b47a783 lw               x15, -1868(x15)     x15=1c00813e x15:1c001000  PA:1c0008b4
11271883ns          178238 1c0098a4 000780e7 jalr             x1, x15, 0           x1=1c0098a6 x15:1c00813e
11272917ns          178290 1c00813e f14025f3 csrrs            x11, x0, 0xf14      x11=00000003
11272957ns          178292 1c008142 ca5597b3 p.extractu       x15, x11, 5, 5      x15=00000000 x11:00000003
11272977ns          178293 1c008146 04079963 bne              x15, x0, 82         x15:00000000
11272997ns          178294 1c008148 ff010113 addi             x2, x2, -16          x2=10001fe8  x2:10001ff8
11273017ns          178295 1c00814a 00812423 sw               x8, 8(x2)            x8:xxxxxxxx  x2:10001fe8  PA:10001ff0
11273037ns          178296 1c00814c 00112623 sw               x1, 12(x2)           x1:1c0098a6  x2:10001fe8  PA:10001ff4
11273434ns          178316 1c00814e f455b433 p.bclr           x8, x11, 26, 5       x8=00000003 x11:00000003
11273474ns          178318 1c008152 045010ef jal              x1, 6212             x1=1c008156
11273971ns          178343 1c009996 f14027f3 csrrs            x15, x0, 0xf14      x15=00000003
11273991ns          178344 1c00999a 01f00713 addi             x14, x0, 31         x14=0000001f
11274011ns          178345 1c00999c ca5797b3 p.extractu       x15, x15, 5, 5      x15=00000000 x15:00000003
11274449ns          178367 1c0099a0 00e78863 beq              x15, x14, 16        x15:00000000 x14:0000001f
11274489ns          178369 1c0099a4 002047b7 lui              x15, 0x204000       x15=00204000
11274508ns          178370 1c0099a8 20078793 addi             x15, x15, 512       x15=00204200 x15:00204000
11274528ns          178371 1c0099ac 01c7e703 p.elw            x14, 28(x15)        x14=00010000 x15:00204200  PA:0020421c
11274966ns          178393 1c0099b0 00008067 jalr             x0, x1, 0            x1:1c008156
11275026ns          178396 1c008156 c0002673 csrrs            x12, x0, 0xc00      x12=00000000
11275046ns          178397 1c00815a 001c0737 lui              x14, 0x1c0000       x14=001c0000
11275065ns          178398 1c00815e 00870733 add              x14, x14, x8        x14=001c0003 x14:001c0000  x8:00000003
11275483ns          178419 1c008160 00871713 slli             x14, x14, 0x8       x14=1c000300 x14:001c0003
11275523ns          178421 1c008162 032250fb lp.setupi        0x1, 0x32, 0x4     
11275543ns          178422 1c008166 0047268b p.lw             x13, 4(x14!)        x13=00000000 x14=1c000304 x14:1c000300  PA:1c000300
11275980ns          178444 1c00816a 00000013 nop                                 
11276000ns          178445 1c008166 0047268b p.lw             x13, 4(x14!)        x13=00000000 x14=1c000308 x14:1c000304  PA:1c000304
11276299ns          178460 1c00816a 00000013 nop                                 
11276319ns          178461 1c008166 0047268b p.lw             x13, 4(x14!)        x13=00000000 x14=1c00030c x14:1c000308  PA:1c000308
11276617ns          178476 1c00816a 00000013 nop                                 
11276637ns          178477 1c008166 0047268b p.lw             x13, 4(x14!)        x13=00000000 x14=1c000310 x14:1c00030c  PA:1c00030c
11276935ns          178492 1c00816a 00000013 nop                                 
11276955ns          178493 1c008166 0047268b p.lw             x13, 4(x14!)        x13=00000000 x14=1c000314 x14:1c000310  PA:1c000310
11277253ns          178508 1c00816a 00000013 nop                                 
11277273ns          178509 1c008166 0047268b p.lw             x13, 4(x14!)        x13=00000000 x14=1c000318 x14:1c000314  PA:1c000314
11277572ns          178524 1c00816a 00000013 nop                                 
11277592ns          178525 1c008166 0047268b p.lw             x13, 4(x14!)        x13=00000000 x14=1c00031c x14:1c000318  PA:1c000318
11277890ns          178540 1c00816a 00000013 nop                                 
11277910ns          178541 1c008166 0047268b p.lw             x13, 4(x14!)        x13=00000000 x14=1c000320 x14:1c00031c  PA:1c00031c
11278208ns          178556 1c00816a 00000013 nop                                 
11278228ns          178557 1c008166 0047268b p.lw             x13, 4(x14!)        x13=00000000 x14=1c000324 x14:1c000320  PA:1c000320
11278526ns          178572 1c00816a 00000013 nop                                 
11278546ns          178573 1c008166 0047268b p.lw             x13, 4(x14!)        x13=00000000 x14=1c000328 x14:1c000324  PA:1c000324
11278845ns          178588 1c00816a 00000013 nop                                 
11278865ns          178589 1c008166 0047268b p.lw             x13, 4(x14!)        x13=00000000 x14=1c00032c x14:1c000328  PA:1c000328
11279163ns          178604 1c00816a 00000013 nop                                 
11279183ns          178605 1c008166 0047268b p.lw             x13, 4(x14!)        x13=00000000 x14=1c000330 x14:1c00032c  PA:1c00032c
11279501ns          178621 1c00816a 00000013 nop                                 
11279521ns          178622 1c008166 0047268b p.lw             x13, 4(x14!)        x13=00000000 x14=1c000334 x14:1c000330  PA:1c000330
11279819ns          178637 1c00816a 00000013 nop                                 
11279839ns          178638 1c008166 0047268b p.lw             x13, 4(x14!)        x13=00000000 x14=1c000338 x14:1c000334  PA:1c000334
11280138ns          178653 1c00816a 00000013 nop                                 
11280157ns          178654 1c008166 0047268b p.lw             x13, 4(x14!)        x13=00000000 x14=1c00033c x14:1c000338  PA:1c000338
11280456ns          178669 1c00816a 00000013 nop                                 
11280476ns          178670 1c008166 0047268b p.lw             x13, 4(x14!)        x13=00000000 x14=1c000340 x14:1c00033c  PA:1c00033c
11280794ns          178686 1c00816a 00000013 nop                                 
11280814ns          178687 1c008166 0047268b p.lw             x13, 4(x14!)        x13=00000000 x14=1c000344 x14:1c000340  PA:1c000340
11281132ns          178703 1c00816a 00000013 nop                                 
11281152ns          178704 1c008166 0047268b p.lw             x13, 4(x14!)        x13=00000000 x14=1c000348 x14:1c000344  PA:1c000344
11281450ns          178719 1c00816a 00000013 nop                                 
11281470ns          178720 1c008166 0047268b p.lw             x13, 4(x14!)        x13=00000000 x14=1c00034c x14:1c000348  PA:1c000348
11281769ns          178735 1c00816a 00000013 nop                                 
11281788ns          178736 1c008166 0047268b p.lw             x13, 4(x14!)        x13=00000000 x14=1c000350 x14:1c00034c  PA:1c00034c
11282107ns          178752 1c00816a 00000013 nop                                 
11282127ns          178753 1c008166 0047268b p.lw             x13, 4(x14!)        x13=00000000 x14=1c000354 x14:1c000350  PA:1c000350
11282425ns          178768 1c00816a 00000013 nop                                 
11282445ns          178769 1c008166 0047268b p.lw             x13, 4(x14!)        x13=00000000 x14=1c000358 x14:1c000354  PA:1c000354
11282743ns          178784 1c00816a 00000013 nop                                 
11282763ns          178785 1c008166 0047268b p.lw             x13, 4(x14!)        x13=00000000 x14=1c00035c x14:1c000358  PA:1c000358
11283061ns          178800 1c00816a 00000013 nop                                 
11283081ns          178801 1c008166 0047268b p.lw             x13, 4(x14!)        x13=00000000 x14=1c000360 x14:1c00035c  PA:1c00035c
11283400ns          178817 1c00816a 00000013 nop                                 
11283420ns          178818 1c008166 0047268b p.lw             x13, 4(x14!)        x13=00000000 x14=1c000364 x14:1c000360  PA:1c000360
11283718ns          178833 1c00816a 00000013 nop                                 
11283738ns          178834 1c008166 0047268b p.lw             x13, 4(x14!)        x13=00000000 x14=1c000368 x14:1c000364  PA:1c000364
11284036ns          178849 1c00816a 00000013 nop                                 
11284056ns          178850 1c008166 0047268b p.lw             x13, 4(x14!)        x13=00000000 x14=1c00036c x14:1c000368  PA:1c000368
11284354ns          178865 1c00816a 00000013 nop                                 
11284374ns          178866 1c008166 0047268b p.lw             x13, 4(x14!)        x13=00000000 x14=1c000370 x14:1c00036c  PA:1c00036c
11284673ns          178881 1c00816a 00000013 nop                                 
11284693ns          178882 1c008166 0047268b p.lw             x13, 4(x14!)        x13=00000000 x14=1c000374 x14:1c000370  PA:1c000370
11285011ns          178898 1c00816a 00000013 nop                                 
11285031ns          178899 1c008166 0047268b p.lw             x13, 4(x14!)        x13=00000000 x14=1c000378 x14:1c000374  PA:1c000374
11285329ns          178914 1c00816a 00000013 nop                                 
11285349ns          178915 1c008166 0047268b p.lw             x13, 4(x14!)        x13=00000000 x14=1c00037c x14:1c000378  PA:1c000378
11285647ns          178930 1c00816a 00000013 nop                                 
11285667ns          178931 1c008166 0047268b p.lw             x13, 4(x14!)        x13=00000000 x14=1c000380 x14:1c00037c  PA:1c00037c
11285966ns          178946 1c00816a 00000013 nop                                 
11285985ns          178947 1c008166 0047268b p.lw             x13, 4(x14!)        x13=00000000 x14=1c000384 x14:1c000380  PA:1c000380
11286304ns          178963 1c00816a 00000013 nop                                 
11286324ns          178964 1c008166 0047268b p.lw             x13, 4(x14!)        x13=00000000 x14=1c000388 x14:1c000384  PA:1c000384
11286622ns          178979 1c00816a 00000013 nop                                 
11286642ns          178980 1c008166 0047268b p.lw             x13, 4(x14!)        x13=00000000 x14=1c00038c x14:1c000388  PA:1c000388
11286940ns          178995 1c00816a 00000013 nop                                 
11286960ns          178996 1c008166 0047268b p.lw             x13, 4(x14!)        x13=00000000 x14=1c000390 x14:1c00038c  PA:1c00038c
11287258ns          179011 1c00816a 00000013 nop                                 
11287278ns          179012 1c008166 0047268b p.lw             x13, 4(x14!)        x13=00000000 x14=1c000394 x14:1c000390  PA:1c000390
11287577ns          179027 1c00816a 00000013 nop                                 
11287597ns          179028 1c008166 0047268b p.lw             x13, 4(x14!)        x13=00000000 x14=1c000398 x14:1c000394  PA:1c000394
11287895ns          179043 1c00816a 00000013 nop                                 
11287915ns          179044 1c008166 0047268b p.lw             x13, 4(x14!)        x13=00000000 x14=1c00039c x14:1c000398  PA:1c000398
11288213ns          179059 1c00816a 00000013 nop                                 
11288233ns          179060 1c008166 0047268b p.lw             x13, 4(x14!)        x13=00000000 x14=1c0003a0 x14:1c00039c  PA:1c00039c
11288531ns          179075 1c00816a 00000013 nop                                 
11288551ns          179076 1c008166 0047268b p.lw             x13, 4(x14!)        x13=00000000 x14=1c0003a4 x14:1c0003a0  PA:1c0003a0
11288850ns          179091 1c00816a 00000013 nop                                 
11288870ns          179092 1c008166 0047268b p.lw             x13, 4(x14!)        x13=00000000 x14=1c0003a8 x14:1c0003a4  PA:1c0003a4
11289168ns          179107 1c00816a 00000013 nop                                 
11289188ns          179108 1c008166 0047268b p.lw             x13, 4(x14!)        x13=00000000 x14=1c0003ac x14:1c0003a8  PA:1c0003a8
11289486ns          179123 1c00816a 00000013 nop                                 
11289506ns          179124 1c008166 0047268b p.lw             x13, 4(x14!)        x13=00000000 x14=1c0003b0 x14:1c0003ac  PA:1c0003ac
11289804ns          179139 1c00816a 00000013 nop                                 
11289824ns          179140 1c008166 0047268b p.lw             x13, 4(x14!)        x13=00000000 x14=1c0003b4 x14:1c0003b0  PA:1c0003b0
11290143ns          179156 1c00816a 00000013 nop                                 
11290162ns          179157 1c008166 0047268b p.lw             x13, 4(x14!)        x13=00000000 x14=1c0003b8 x14:1c0003b4  PA:1c0003b4
11290481ns          179173 1c00816a 00000013 nop                                 
11290501ns          179174 1c008166 0047268b p.lw             x13, 4(x14!)        x13=00000000 x14=1c0003bc x14:1c0003b8  PA:1c0003b8
11290799ns          179189 1c00816a 00000013 nop                                 
11290819ns          179190 1c008166 0047268b p.lw             x13, 4(x14!)        x13=00000000 x14=1c0003c0 x14:1c0003bc  PA:1c0003bc
11291117ns          179205 1c00816a 00000013 nop                                 
11291137ns          179206 1c008166 0047268b p.lw             x13, 4(x14!)        x13=00000000 x14=1c0003c4 x14:1c0003c0  PA:1c0003c0
11291455ns          179222 1c00816a 00000013 nop                                 
11291475ns          179223 1c008166 0047268b p.lw             x13, 4(x14!)        x13=00000000 x14=1c0003c8 x14:1c0003c4  PA:1c0003c4
11291774ns          179238 1c00816a 00000013 nop                                 
11291794ns          179239 1c00816c c00026f3 csrrs            x13, x0, 0xc00      x13=00000000
11291813ns          179240 1c008170 03200713 addi             x14, x0, 50         x14=00000032
11291833ns          179241 1c008174 40c686b3 sub              x13, x13, x12       x13=00000000 x13:00000000 x12:00000000
11291853ns          179242 1c008176 02e6d733 divu             x14, x13, x14       x14=00000000 x13:00000000 x14:00000032
11292430ns          179271 1c00817a 1c000537 lui              x10, 0x1c000000     x10=1c000000
11292450ns          179272 1c00817e 008005b3 add              x11, x0, x8         x11=00000003  x8:00000003
11292470ns          179273 1c008180 03200613 addi             x12, x0, 50         x12=00000032
11292490ns          179274 1c008184 01c50513 addi             x10, x10, 28        x10=1c00001c x10:1c000000
11292510ns          179275 1c008188 570000ef jal              x1, 1392             x1=1c00818a
11293226ns          179311 1c0086f8 fc010113 addi             x2, x2, -64          x2=10001fa8  x2:10001fe8
11293265ns          179313 1c0086fa 02410313 addi             x6, x2, 36           x6=10001fcc  x2:10001fa8
11293285ns          179314 1c0086fe 02c12423 sw               x12, 40(x2)         x12:00000032  x2:10001fa8  PA:10001fd0
11293703ns          179335 1c008700 00a00633 add              x12, x0, x10        x12=1c00001c x10:1c00001c
11293743ns          179337 1c008702 1c008537 lui              x10, 0x1c008000     x10=1c008000
11293763ns          179338 1c008706 02b12223 sw               x11, 36(x2)         x11:00000003  x2:10001fa8  PA:10001fcc
11293783ns          179339 1c008708 02d12623 sw               x13, 44(x2)         x13:00000000  x2:10001fa8  PA:10001fd4
11293802ns          179340 1c00870a 00200593 addi             x11, x0, 2          x11=00000002
11293822ns          179341 1c00870c 006006b3 add              x13, x0, x6         x13=10001fcc  x6:10001fcc
11294240ns          179362 1c00870e 6b450513 addi             x10, x10, 1716      x10=1c0086b4 x10:1c008000
11294260ns          179363 1c008712 00112e23 sw               x1, 28(x2)           x1:1c00818a  x2:10001fa8  PA:10001fc4
11294280ns          179364 1c008714 02e12823 sw               x14, 48(x2)         x14:00000000  x2:10001fa8  PA:10001fd8
11294300ns          179365 1c008716 02f12a23 sw               x15, 52(x2)         x15:00204200  x2:10001fa8  PA:10001fdc
11294320ns          179366 1c008718 03012c23 sw               x16, 56(x2)         x16:xxxxxxxx  x2:10001fa8  PA:10001fe0
11294340ns          179367 1c00871a 03112e23 sw               x17, 60(x2)         x17:xxxxxxxx  x2:10001fa8  PA:10001fe4
11294359ns          179368 1c00871c 00612623 sw               x6, 12(x2)           x6:10001fcc  x2:10001fa8  PA:10001fb4
11294379ns          179369 1c00871e fbfff0ef jal              x1, -66              x1=1c008720
11295215ns          179411 1c0086dc 04a0006f jal              x0, 74             
11295255ns          179413 1c008726 ed010113 addi             x2, x2, -304         x2=10001e78  x2:10001fa8
11295274ns          179414 1c008728 12812423 sw               x8, 296(x2)          x8:00000003  x2:10001e78  PA:10001fa0
11295294ns          179415 1c00872c 00000413 addi             x8, x0, 0            x8=00000000
11295752ns          179438 1c00872e 11612823 sw               x22, 272(x2)        x22:xxxxxxxx  x2:10001e78  PA:10001f88
11295792ns          179440 1c008732 11712623 sw               x23, 268(x2)        x23:xxxxxxxx  x2:10001e78  PA:10001f84
11295811ns          179441 1c008736 11812423 sw               x24, 264(x2)        x24:xxxxxxxx  x2:10001e78  PA:10001f80
11295831ns          179442 1c00873a 11912223 sw               x25, 260(x2)        x25:xxxxxxxx  x2:10001e78  PA:10001f7c
11296269ns          179464 1c00873e 11a12023 sw               x26, 256(x2)        x26:xxxxxxxx  x2:10001e78  PA:10001f78
11296289ns          179465 1c008742 0fb12e23 sw               x27, 252(x2)        x27:xxxxxxxx  x2:10001e78  PA:10001f74
11296309ns          179466 1c008744 12112623 sw               x1, 300(x2)          x1:1c008720  x2:10001e78  PA:10001fa4
11296329ns          179467 1c008748 00800db3 add              x27, x0, x8         x27=00000000  x8:00000000
11296349ns          179468 1c00874a 12912223 sw               x9, 292(x2)          x9:xxxxxxxx  x2:10001e78  PA:10001f9c
11296786ns          179490 1c00874e 13212023 sw               x18, 288(x2)        x18:xxxxxxxx  x2:10001e78  PA:10001f98
11296826ns          179492 1c008752 11312e23 sw               x19, 284(x2)        x19:xxxxxxxx  x2:10001e78  PA:10001f94
11296846ns          179493 1c008756 11412c23 sw               x20, 280(x2)        x20:xxxxxxxx  x2:10001e78  PA:10001f90
11296866ns          179494 1c00875a 11512a23 sw               x21, 276(x2)        x21:xxxxxxxx  x2:10001e78  PA:10001f8c
11296886ns          179495 1c00875e 00a00b33 add              x22, x0, x10        x22=1c0086b4 x10:1c0086b4
11297303ns          179516 1c008760 00b00d33 add              x26, x0, x11        x26=00000002 x11:00000002
11297323ns          179517 1c008762 00d00c33 add              x24, x0, x13        x24=10001fcc x13:10001fcc
11297343ns          179518 1c008764 1c000bb7 lui              x23, 0x1c000000     x23=1c000000
11297363ns          179519 1c008768 02410c93 addi             x25, x2, 36         x25=10001e9c  x2:10001e78
11297383ns          179520 1c00876c 00c00433 add              x8, x0, x12          x8=1c00001c x12:1c00001c
11297820ns          179542 1c00876e 00044503 lbu              x10, 0(x8)          x10=00000043  x8:1c00001c  PA:1c00001c
11298278ns          179565 1c008772 00140413 addi             x8, x8, 1            x8=1c00001d  x8:1c00001c
11298298ns          179566 1c008774 00050e63 beq              x10, x0, 28         x10:00000043
11298318ns          179567 1c008776 02500793 addi             x15, x0, 37         x15=00000025
11298338ns          179568 1c00877a 04f50863 beq              x10, x15, 80        x10:00000043 x15:00000025
11298357ns          179569 1c00877e 01a005b3 add              x11, x0, x26        x11=00000002 x26:00000002
11298377ns          179570 1c008780 000b00e7 jalr             x1, x22, 0           x1=1c008782 x22:1c0086b4
11298835ns          179593 1c0086b4 000026b7 lui              x13, 0x2000         x13=00002000
11298875ns          179595 1c0086b6 f14027f3 csrrs            x15, x0, 0xf14      x15=00000003
11298895ns          179596 1c0086ba f8068693 addi             x13, x13, -128      x13=00001f80 x13:00002000
11299332ns          179618 1c0086be 00379713 slli             x14, x15, 0x3       x14=00000018 x15:00000003
11299352ns          179619 1c0086c2 00279793 slli             x15, x15, 0x2       x15=0000000c x15:00000003
11299372ns          179620 1c0086c4 00d7f7b3 and              x15, x15, x13       x15=00000000 x15:0000000c x13:00001f80
11299392ns          179621 1c0086c6 ee873733 p.bclr           x14, x14, 23, 8     x14=00000018 x14:00000018
11299412ns          179622 1c0086ca 1a10f6b7 lui              x13, 0x1a10f000     x13=1a10f000
11299432ns          179623 1c0086ce 0ff57513 andi             x10, x10, 255       x10=00000043 x10:00000043
11299451ns          179624 1c0086d2 00d70733 add              x14, x14, x13       x14=1a10f018 x14:00000018 x13:1a10f000
11299471ns          179625 1c0086d4 00a7e723 p.sw             x10, x0(x15)        x10:00000043 x15:00000000  PA:1a10f018
11299929ns          179648 1c0086d8 00000513 addi             x10, x0, 0          x10=00000000
11299949ns          179649 1c0086da 00008067 jalr             x0, x1, 0            x1:1c008782
11300008ns          179652 1c008782 31f52563 p.beqimm         x10, 778            x10:00000000
11300028ns          179653 1c008786 001d8d93 addi             x27, x27, 1         x27=00000001 x27:00000000
11300048ns          179654 1c008788 00044503 lbu              x10, 0(x8)          x10=0000006f  x8:1c00001d  PA:1c00001d
11300526ns          179678 1c00878c 00140413 addi             x8, x8, 1            x8=1c00001e  x8:1c00001d
11300545ns          179679 1c00878e fe0514e3 bne              x10, x0, -24        x10:0000006f
11300625ns          179683 1c008776 02500793 addi             x15, x0, 37         x15=00000025
11300645ns          179684 1c00877a 04f50863 beq              x10, x15, 80        x10:0000006f x15:00000025
11300665ns          179685 1c00877e 01a005b3 add              x11, x0, x26        x11=00000002 x26:00000002
11300685ns          179686 1c008780 000b00e7 jalr             x1, x22, 0           x1=1c008782 x22:1c0086b4
11300724ns          179688 1c0086b4 000026b7 lui              x13, 0x2000         x13=00002000
11300744ns          179689 1c0086b6 f14027f3 csrrs            x15, x0, 0xf14      x15=00000003
11300764ns          179690 1c0086ba f8068693 addi             x13, x13, -128      x13=00001f80 x13:00002000
11300784ns          179691 1c0086be 00379713 slli             x14, x15, 0x3       x14=00000018 x15:00000003
11300804ns          179692 1c0086c2 00279793 slli             x15, x15, 0x2       x15=0000000c x15:00000003
11300824ns          179693 1c0086c4 00d7f7b3 and              x15, x15, x13       x15=00000000 x15:0000000c x13:00001f80
11300844ns          179694 1c0086c6 ee873733 p.bclr           x14, x14, 23, 8     x14=00000018 x14:00000018
11300864ns          179695 1c0086ca 1a10f6b7 lui              x13, 0x1a10f000     x13=1a10f000
11300884ns          179696 1c0086ce 0ff57513 andi             x10, x10, 255       x10=0000006f x10:0000006f
11300903ns          179697 1c0086d2 00d70733 add              x14, x14, x13       x14=1a10f018 x14:00000018 x13:1a10f000
11300923ns          179698 1c0086d4 00a7e723 p.sw             x10, x0(x15)        x10:0000006f x15:00000000  PA:1a10f018
11301321ns          179718 1c0086d8 00000513 addi             x10, x0, 0          x10=00000000
11301341ns          179719 1c0086da 00008067 jalr             x0, x1, 0            x1:1c008782
11301401ns          179722 1c008782 31f52563 p.beqimm         x10, 778            x10:00000000
11301421ns          179723 1c008786 001d8d93 addi             x27, x27, 1         x27=00000002 x27:00000001
11301441ns          179724 1c008788 00044503 lbu              x10, 0(x8)          x10=00000072  x8:1c00001e  PA:1c00001e
11301739ns          179739 1c00878c 00140413 addi             x8, x8, 1            x8=1c00001f  x8:1c00001e
11301759ns          179740 1c00878e fe0514e3 bne              x10, x0, -24        x10:00000072
11301838ns          179744 1c008776 02500793 addi             x15, x0, 37         x15=00000025
11301858ns          179745 1c00877a 04f50863 beq              x10, x15, 80        x10:00000072 x15:00000025
11301878ns          179746 1c00877e 01a005b3 add              x11, x0, x26        x11=00000002 x26:00000002
11301898ns          179747 1c008780 000b00e7 jalr             x1, x22, 0           x1=1c008782 x22:1c0086b4
11301938ns          179749 1c0086b4 000026b7 lui              x13, 0x2000         x13=00002000
11301958ns          179750 1c0086b6 f14027f3 csrrs            x15, x0, 0xf14      x15=00000003
11301978ns          179751 1c0086ba f8068693 addi             x13, x13, -128      x13=00001f80 x13:00002000
11301997ns          179752 1c0086be 00379713 slli             x14, x15, 0x3       x14=00000018 x15:00000003
11302017ns          179753 1c0086c2 00279793 slli             x15, x15, 0x2       x15=0000000c x15:00000003
11302037ns          179754 1c0086c4 00d7f7b3 and              x15, x15, x13       x15=00000000 x15:0000000c x13:00001f80
11302057ns          179755 1c0086c6 ee873733 p.bclr           x14, x14, 23, 8     x14=00000018 x14:00000018
11302077ns          179756 1c0086ca 1a10f6b7 lui              x13, 0x1a10f000     x13=1a10f000
11302097ns          179757 1c0086ce 0ff57513 andi             x10, x10, 255       x10=00000072 x10:00000072
11302117ns          179758 1c0086d2 00d70733 add              x14, x14, x13       x14=1a10f018 x14:00000018 x13:1a10f000
11302137ns          179759 1c0086d4 00a7e723 p.sw             x10, x0(x15)        x10:00000072 x15:00000000  PA:1a10f018
11302455ns          179775 1c0086d8 00000513 addi             x10, x0, 0          x10=00000000
11302475ns          179776 1c0086da 00008067 jalr             x0, x1, 0            x1:1c008782
11302535ns          179779 1c008782 31f52563 p.beqimm         x10, 778            x10:00000000
11302554ns          179780 1c008786 001d8d93 addi             x27, x27, 1         x27=00000003 x27:00000002
11302574ns          179781 1c008788 00044503 lbu              x10, 0(x8)          x10=00000065  x8:1c00001f  PA:1c00001f
11302873ns          179796 1c00878c 00140413 addi             x8, x8, 1            x8=1c000020  x8:1c00001f
11302893ns          179797 1c00878e fe0514e3 bne              x10, x0, -24        x10:00000065
11302972ns          179801 1c008776 02500793 addi             x15, x0, 37         x15=00000025
11302992ns          179802 1c00877a 04f50863 beq              x10, x15, 80        x10:00000065 x15:00000025
11303012ns          179803 1c00877e 01a005b3 add              x11, x0, x26        x11=00000002 x26:00000002
11303032ns          179804 1c008780 000b00e7 jalr             x1, x22, 0           x1=1c008782 x22:1c0086b4
11303072ns          179806 1c0086b4 000026b7 lui              x13, 0x2000         x13=00002000
11303091ns          179807 1c0086b6 f14027f3 csrrs            x15, x0, 0xf14      x15=00000003
11303111ns          179808 1c0086ba f8068693 addi             x13, x13, -128      x13=00001f80 x13:00002000
11303131ns          179809 1c0086be 00379713 slli             x14, x15, 0x3       x14=00000018 x15:00000003
11303151ns          179810 1c0086c2 00279793 slli             x15, x15, 0x2       x15=0000000c x15:00000003
11303171ns          179811 1c0086c4 00d7f7b3 and              x15, x15, x13       x15=00000000 x15:0000000c x13:00001f80
11303191ns          179812 1c0086c6 ee873733 p.bclr           x14, x14, 23, 8     x14=00000018 x14:00000018
11303211ns          179813 1c0086ca 1a10f6b7 lui              x13, 0x1a10f000     x13=1a10f000
11303231ns          179814 1c0086ce 0ff57513 andi             x10, x10, 255       x10=00000065 x10:00000065
11303251ns          179815 1c0086d2 00d70733 add              x14, x14, x13       x14=1a10f018 x14:00000018 x13:1a10f000
11303270ns          179816 1c0086d4 00a7e723 p.sw             x10, x0(x15)        x10:00000065 x15:00000000  PA:1a10f018
11303629ns          179834 1c0086d8 00000513 addi             x10, x0, 0          x10=00000000
11303648ns          179835 1c0086da 00008067 jalr             x0, x1, 0            x1:1c008782
11303708ns          179838 1c008782 31f52563 p.beqimm         x10, 778            x10:00000000
11303728ns          179839 1c008786 001d8d93 addi             x27, x27, 1         x27=00000004 x27:00000003
11303748ns          179840 1c008788 00044503 lbu              x10, 0(x8)          x10=00000020  x8:1c000020  PA:1c000020
11304046ns          179855 1c00878c 00140413 addi             x8, x8, 1            x8=1c000021  x8:1c000020
11304066ns          179856 1c00878e fe0514e3 bne              x10, x0, -24        x10:00000020
11304146ns          179860 1c008776 02500793 addi             x15, x0, 37         x15=00000025
11304166ns          179861 1c00877a 04f50863 beq              x10, x15, 80        x10:00000020 x15:00000025
11304185ns          179862 1c00877e 01a005b3 add              x11, x0, x26        x11=00000002 x26:00000002
11304205ns          179863 1c008780 000b00e7 jalr             x1, x22, 0           x1=1c008782 x22:1c0086b4
11304245ns          179865 1c0086b4 000026b7 lui              x13, 0x2000         x13=00002000
11304265ns          179866 1c0086b6 f14027f3 csrrs            x15, x0, 0xf14      x15=00000003
11304285ns          179867 1c0086ba f8068693 addi             x13, x13, -128      x13=00001f80 x13:00002000
11304305ns          179868 1c0086be 00379713 slli             x14, x15, 0x3       x14=00000018 x15:00000003
11304325ns          179869 1c0086c2 00279793 slli             x15, x15, 0x2       x15=0000000c x15:00000003
11304345ns          179870 1c0086c4 00d7f7b3 and              x15, x15, x13       x15=00000000 x15:0000000c x13:00001f80
11304364ns          179871 1c0086c6 ee873733 p.bclr           x14, x14, 23, 8     x14=00000018 x14:00000018
11304384ns          179872 1c0086ca 1a10f6b7 lui              x13, 0x1a10f000     x13=1a10f000
11304404ns          179873 1c0086ce 0ff57513 andi             x10, x10, 255       x10=00000020 x10:00000020
11304424ns          179874 1c0086d2 00d70733 add              x14, x14, x13       x14=1a10f018 x14:00000018 x13:1a10f000
11304444ns          179875 1c0086d4 00a7e723 p.sw             x10, x0(x15)        x10:00000020 x15:00000000  PA:1a10f018
11304782ns          179892 1c0086d8 00000513 addi             x10, x0, 0          x10=00000000
11304802ns          179893 1c0086da 00008067 jalr             x0, x1, 0            x1:1c008782
11304862ns          179896 1c008782 31f52563 p.beqimm         x10, 778            x10:00000000
11304882ns          179897 1c008786 001d8d93 addi             x27, x27, 1         x27=00000005 x27:00000004
11304902ns          179898 1c008788 00044503 lbu              x10, 0(x8)          x10=00000025  x8:1c000021  PA:1c000021
11305200ns          179913 1c00878c 00140413 addi             x8, x8, 1            x8=1c000022  x8:1c000021
11305220ns          179914 1c00878e fe0514e3 bne              x10, x0, -24        x10:00000025
11305299ns          179918 1c008776 02500793 addi             x15, x0, 37         x15=00000025
11305319ns          179919 1c00877a 04f50863 beq              x10, x15, 80        x10:00000025 x15:00000025
11305677ns          179937 1c0087ca 00044483 lbu              x9, 0(x8)            x9=00000064  x8:1c000022  PA:1c000022
11306214ns          179964 1c0087ce 02000693 addi             x13, x0, 32         x13=00000020
11306234ns          179965 1c0087d2 00140a93 addi             x21, x8, 1          x21=1c000023  x8:1c000022
11306254ns          179966 1c0087d6 009005b3 add              x11, x0, x9         x11=00000064  x9:00000064
11306274ns          179967 1c0087d8 064b8513 addi             x10, x23, 100       x10=1c000064 x23:1c000000
11306294ns          179968 1c0087dc 00d12823 sw               x13, 16(x2)         x13:00000020  x2:10001e78  PA:10001e88
11306314ns          179969 1c0087de 00012c23 sw               x0, 24(x2)           x2:10001e78  PA:10001e90
11306632ns          179985 1c0087e0 00012a23 sw               x0, 20(x2)           x2:10001e78  PA:10001e8c
11306652ns          179986 1c0087e2 00012e23 sw               x0, 28(x2)           x2:10001e78  PA:10001e94
11306672ns          179987 1c0087e4 00012623 sw               x0, 12(x2)           x2:10001e78  PA:10001e84
11306692ns          179988 1c0087e6 02300913 addi             x18, x0, 35         x18=00000023
11306712ns          179989 1c0087ea 02d00a13 addi             x20, x0, 45         x20=0000002d
11306731ns          179990 1c0087ee 015009b3 add              x19, x0, x21        x19=1c000023 x21:1c000023
11307149ns          180011 1c0087f0 e97ff0ef jal              x1, -362             x1=1c0087f2
11307666ns          180037 1c008686 00054783 lbu              x15, 0(x10)         x15=0000002d x10:1c000064  PA:1c000064
11308144ns          180061 1c00868a 0ff5f593 andi             x11, x11, 255       x11=00000064 x11:00000064
11308164ns          180062 1c00868e 00b78c63 beq              x15, x11, 24        x15:0000002d x11:00000064
11308183ns          180063 1c008692 00078b63 beq              x15, x0, 22         x15:0000002d
11308203ns          180064 1c008694 00150793 addi             x15, x10, 1         x15=1c000065 x10:1c000064
11308223ns          180065 1c008698 0040006f jal              x0, 4              
11308721ns          180090 1c00869c 00f00533 add              x10, x0, x15        x10=1c000065 x15:1c000065
11308740ns          180091 1c00869e 0017c70b p.lbu            x14, 1(x15!)        x14=0000002b x15=1c000066 x15:1c000065  PA:1c000065
11309059ns          180107 1c0086a2 feb71ce3 bne              x14, x11, -8        x14:0000002b x11:00000064
11309118ns          180110 1c00869a 00070763 beq              x14, x0, 14         x14:0000002b
11309138ns          180111 1c00869c 00f00533 add              x10, x0, x15        x10=1c000066 x15:1c000066
11309158ns          180112 1c00869e 0017c70b p.lbu            x14, 1(x15!)        x14=00000020 x15=1c000067 x15:1c000066  PA:1c000066
11309476ns          180128 1c0086a2 feb71ce3 bne              x14, x11, -8        x14:00000020 x11:00000064
11309536ns          180131 1c00869a 00070763 beq              x14, x0, 14         x14:00000020
11309556ns          180132 1c00869c 00f00533 add              x10, x0, x15        x10=1c000067 x15:1c000067
11309576ns          180133 1c00869e 0017c70b p.lbu            x14, 1(x15!)        x14=00000023 x15=1c000068 x15:1c000067  PA:1c000067
11309894ns          180149 1c0086a2 feb71ce3 bne              x14, x11, -8        x14:00000023 x11:00000064
11309954ns          180152 1c00869a 00070763 beq              x14, x0, 14         x14:00000023
11309974ns          180153 1c00869c 00f00533 add              x10, x0, x15        x10=1c000068 x15:1c000068
11309994ns          180154 1c00869e 0017c70b p.lbu            x14, 1(x15!)        x14=00000030 x15=1c000069 x15:1c000068  PA:1c000068
11310312ns          180170 1c0086a2 feb71ce3 bne              x14, x11, -8        x14:00000030 x11:00000064
11310371ns          180173 1c00869a 00070763 beq              x14, x0, 14         x14:00000030
11310391ns          180174 1c00869c 00f00533 add              x10, x0, x15        x10=1c000069 x15:1c000069
11310411ns          180175 1c00869e 0017c70b p.lbu            x14, 1(x15!)        x14=00000000 x15=1c00006a x15:1c000069  PA:1c000069
11310730ns          180191 1c0086a2 feb71ce3 bne              x14, x11, -8        x14:00000000 x11:00000064
11310789ns          180194 1c00869a 00070763 beq              x14, x0, 14         x14:00000000
11310849ns          180197 1c0086a8 0015b593 sltiu            x11, x11, 1         x11=00000000 x11:00000064
11310869ns          180198 1c0086ac 40b005b3 sub              x11, x0, x11        x11=00000000 x11:00000000
11310889ns          180199 1c0086b0 00b57533 and              x10, x10, x11       x10=00000000 x10:1c000069 x11:00000000
11310909ns          180200 1c0086b2 00008067 jalr             x0, x1, 0            x1:1c0087f2
11310948ns          180202 1c0087f2 02050a63 beq              x10, x0, 52         x10:00000000
11311426ns          180226 1c008826 02a00613 addi             x12, x0, 42         x12=0000002a
11311446ns          180227 1c00882a 2ac48663 beq              x9, x12, 684         x9:00000064 x12:0000002a
11311883ns          180249 1c00882e fd048613 addi             x12, x9, -48        x12=00000034  x9:00000064
11311903ns          180250 1c008832 00900593 addi             x11, x0, 9          x11=00000009
11311923ns          180251 1c008834 00000913 addi             x18, x0, 0          x18=00000000
11311943ns          180252 1c008836 28c5f063 bgeu             x11, x12, 640       x11:00000009 x12:00000034
11311963ns          180253 1c00883a 02e00693 addi             x13, x0, 46         x13=0000002e
11311983ns          180254 1c00883e fff00a13 addi             x20, x0, -1         x20=ffffffff
11312400ns          180275 1c008840 2ed48363 beq              x9, x13, 742         x9:00000064 x13:0000002e
11312440ns          180277 1c008844 1c0007b7 lui              x15, 0x1c000000     x15=1c000000
11312460ns          180278 1c008848 009005b3 add              x11, x0, x9         x11=00000064  x9:00000064
11312480ns          180279 1c00884a 06c78513 addi             x10, x15, 108       x10=1c00006c x15:1c000000
11312500ns          180280 1c00884e e39ff0ef jal              x1, -456             x1=1c008850
11312997ns          180305 1c008686 00054783 lbu              x15, 0(x10)         x15=00000068 x10:1c00006c  PA:1c00006c
11313315ns          180321 1c00868a 0ff5f593 andi             x11, x11, 255       x11=00000064 x11:00000064
11313335ns          180322 1c00868e 00b78c63 beq              x15, x11, 24        x15:00000068 x11:00000064
11313355ns          180323 1c008692 00078b63 beq              x15, x0, 22         x15:00000068
11313375ns          180324 1c008694 00150793 addi             x15, x10, 1         x15=1c00006d x10:1c00006c
11313395ns          180325 1c008698 0040006f jal              x0, 4              
11313435ns          180327 1c00869c 00f00533 add              x10, x0, x15        x10=1c00006d x15:1c00006d
11313455ns          180328 1c00869e 0017c70b p.lbu            x14, 1(x15!)        x14=0000006c x15=1c00006e x15:1c00006d  PA:1c00006d
11313773ns          180344 1c0086a2 feb71ce3 bne              x14, x11, -8        x14:0000006c x11:00000064
11313832ns          180347 1c00869a 00070763 beq              x14, x0, 14         x14:0000006c
11313852ns          180348 1c00869c 00f00533 add              x10, x0, x15        x10=1c00006e x15:1c00006e
11313872ns          180349 1c00869e 0017c70b p.lbu            x14, 1(x15!)        x14=0000004c x15=1c00006f x15:1c00006e  PA:1c00006e
11314191ns          180365 1c0086a2 feb71ce3 bne              x14, x11, -8        x14:0000004c x11:00000064
11314250ns          180368 1c00869a 00070763 beq              x14, x0, 14         x14:0000004c
11314270ns          180369 1c00869c 00f00533 add              x10, x0, x15        x10=1c00006f x15:1c00006f
11314290ns          180370 1c00869e 0017c70b p.lbu            x14, 1(x15!)        x14=0000007a x15=1c000070 x15:1c00006f  PA:1c00006f
11314608ns          180386 1c0086a2 feb71ce3 bne              x14, x11, -8        x14:0000007a x11:00000064
11314668ns          180389 1c00869a 00070763 beq              x14, x0, 14         x14:0000007a
11314688ns          180390 1c00869c 00f00533 add              x10, x0, x15        x10=1c000070 x15:1c000070
11314708ns          180391 1c00869e 0017c70b p.lbu            x14, 1(x15!)        x14=00000000 x15=1c000071 x15:1c000070  PA:1c000070
11315026ns          180407 1c0086a2 feb71ce3 bne              x14, x11, -8        x14:00000000 x11:00000064
11315086ns          180410 1c00869a 00070763 beq              x14, x0, 14         x14:00000000
11315145ns          180413 1c0086a8 0015b593 sltiu            x11, x11, 1         x11=00000000 x11:00000064
11315165ns          180414 1c0086ac 40b005b3 sub              x11, x0, x11        x11=00000000 x11:00000000
11315185ns          180415 1c0086b0 00b57533 and              x10, x10, x11       x10=00000000 x10:1c000070 x11:00000000
11315205ns          180416 1c0086b2 00008067 jalr             x0, x1, 0            x1:1c008850
11315245ns          180418 1c008850 01300433 add              x8, x0, x19          x8=1c000023 x19:1c000023
11315265ns          180419 1c008852 00050563 beq              x10, x0, 10         x10:00000000
11315324ns          180422 1c00885c 06700693 addi             x13, x0, 103        x13=00000067
11315762ns          180444 1c008860 2896d963 bge              x13, x9, 658        x13:00000067  x9:00000064
11316279ns          180470 1c008af2 06500693 addi             x13, x0, 101        x13=00000065
11316299ns          180471 1c008af6 12d4d563 bge              x9, x13, 298         x9:00000064 x13:00000065
11316319ns          180472 1c008afa 04700693 addi             x13, x0, 71         x13=00000047
11316756ns          180494 1c008afe dc96cbe3 blt              x13, x9, -554       x13:00000047  x9:00000064
11317234ns          180518 1c0088d4 06300693 addi             x13, x0, 99         x13=00000063
11317274ns          180520 1c0088d8 0ad488e3 beq              x9, x13, 2224        x9:00000064 x13:00000063
11317293ns          180521 1c0088dc 0096c9e3 blt              x13, x9, 2066       x13:00000063  x9:00000064
11318706ns          180592 1c0090ee 000c2583 lw               x11, 0(x24)         x11=00000003 x24:10001fcc  PA:10001fcc
11318726ns          180593 1c0090f2 004c0c13 addi             x24, x24, 4         x24=10001fd0 x24:10001fcc
11318745ns          180594 1c0090f4 3405cc63 blt              x11, x0, 856        x11:00000003
11318765ns          180595 1c0090f8 01412603 lw               x12, 20(x2)         x12=00000000  x2:10001e78  PA:10001e8c
11318785ns          180596 1c0090fa 00b006b3 add              x13, x0, x11        x13=00000003 x11:00000003
11318805ns          180597 1c0090fc 2e061863 bne              x12, x0, 752        x12:00000000
11319223ns          180618 1c009100 01812703 lw               x14, 24(x2)         x14=00000000  x2:10001e78  PA:10001e90
11319243ns          180619 1c009102 019007b3 add              x15, x0, x25        x15=10001e9c x25:10001e9c
11319263ns          180620 1c009104 00070763 beq              x14, x0, 14         x14:00000000
11319740ns          180644 1c009112 00f00733 add              x14, x0, x15        x14=10001e9c x15:10001e9c
11319780ns          180646 1c009114 00a00513 addi             x10, x0, 10         x10=0000000a
11319800ns          180647 1c009116 02a6f633 remu             x12, x13, x10       x12=00000003 x13:00000003 x10:0000000a
11320416ns          180678 1c00911a 02a6d6b3 divu             x13, x13, x10       x13=00000000 x13:00000003 x10:0000000a
11321033ns          180709 1c00911e 03060613 addi             x12, x12, 48        x12=00000033 x12:00000003
11321053ns          180710 1c009122 00c700ab p.sb             x12, 1(x14!)        x14=10001e9d x12:00000033 x14:10001e9c  PA:10001e9c
11321073ns          180711 1c009126 fe0698e3 bne              x13, x0, -16        x13:00000000
11321093ns          180712 1c009128 40f706b3 sub              x13, x14, x15       x13=00000001 x14:10001e9d x15:10001e9c
11321112ns          180713 1c00912c 0146dc63 bge              x13, x20, 24        x13:00000001 x20:ffffffff
11321988ns          180757 1c009144 00e006b3 add              x13, x0, x14        x13=10001e9d x14:10001e9d
11322027ns          180759 1c009146 fe068fab p.sb             x0, -1(x13!)        x13=10001e9c x13:10001e9d  PA:10001e9d
11322047ns          180760 1c00914a 00d7fc63 bgeu             x15, x13, 24        x15:10001e9c x13:10001e9c
11322942ns          180805 1c009162 01412783 lw               x15, 20(x2)         x15=00000000  x2:10001e78  PA:10001e8c
11322982ns          180807 1c009164 01812603 lw               x12, 24(x2)         x12=00000000  x2:10001e78  PA:10001e90
11323002ns          180808 1c009166 419704b3 sub              x9, x14, x25         x9=00000001 x14:10001e9d x25:10001e9c
11323022ns          180809 1c00916a 00c7e7b3 or               x15, x15, x12       x15=00000000 x15:00000000 x12:00000000
11323042ns          180810 1c00916c 00f12623 sw               x15, 12(x2)         x15:00000000  x2:10001e78  PA:10001e84
11323062ns          180811 1c00916e 00079363 bne              x15, x0, 6          x15:00000000
11323479ns          180832 1c009170 01f5d593 srli             x11, x11, 0x1f      x11=00000000 x11:00000003
11323499ns          180833 1c009172 00b12623 sw               x11, 12(x2)         x11:00000000  x2:10001e78  PA:10001e84
11323519ns          180834 1c009174 e3fa28e3 p.beqimm         x20, -464           x20:ffffffff
11323997ns          180858 1c008fa4 0c800793 addi             x15, x0, 200        x15=000000c8
11324036ns          180860 1c008fa8 9e97d0e3 bge              x15, x9, -1568      x15:000000c8  x9:00000001
11324971ns          180907 1c008988 0f24d163 bge              x9, x18, 226         x9:00000001 x18:00000000
11325488ns          180933 1c008a6a d00482e3 beq              x9, x0, -764         x9:00000001
11325508ns          180934 1c008a6e 01900933 add              x18, x0, x25        x18=10001e9c x25:10001e9c
11325926ns          180955 1c008a70 419d8db3 sub              x27, x27, x25       x27=efffe169 x27:00000005 x25:10001e9c
11325966ns          180957 1c008a74 00a0006f jal              x0, 10             
11326443ns          180981 1c008a7e 0019450b p.lbu            x10, 1(x18!)        x10=00000033 x18=10001e9d x18:10001e9c  PA:10001e9c
11326463ns          180982 1c008a82 01a005b3 add              x11, x0, x26        x11=00000002 x26:00000002
11326483ns          180983 1c008a84 000b00e7 jalr             x1, x22, 0           x1=1c008a86 x22:1c0086b4
11326523ns          180985 1c0086b4 000026b7 lui              x13, 0x2000         x13=00002000
11326543ns          180986 1c0086b6 f14027f3 csrrs            x15, x0, 0xf14      x15=00000003
11326563ns          180987 1c0086ba f8068693 addi             x13, x13, -128      x13=00001f80 x13:00002000
11326582ns          180988 1c0086be 00379713 slli             x14, x15, 0x3       x14=00000018 x15:00000003
11326602ns          180989 1c0086c2 00279793 slli             x15, x15, 0x2       x15=0000000c x15:00000003
11326622ns          180990 1c0086c4 00d7f7b3 and              x15, x15, x13       x15=00000000 x15:0000000c x13:00001f80
11326642ns          180991 1c0086c6 ee873733 p.bclr           x14, x14, 23, 8     x14=00000018 x14:00000018
11326662ns          180992 1c0086ca 1a10f6b7 lui              x13, 0x1a10f000     x13=1a10f000
11326702ns          180994 1c0086ce 0ff57513 andi             x10, x10, 255       x10=00000033 x10:00000033
11326722ns          180995 1c0086d2 00d70733 add              x14, x14, x13       x14=1a10f018 x14:00000018 x13:1a10f000
11326742ns          180996 1c0086d4 00a7e723 p.sw             x10, x0(x15)        x10:00000033 x15:00000000  PA:1a10f018
11327199ns          181019 1c0086d8 00000513 addi             x10, x0, 0          x10=00000000
11327219ns          181020 1c0086da 00008067 jalr             x0, x1, 0            x1:1c008a86
11327259ns          181022 1c008a86 fff48493 addi             x9, x9, -1           x9=00000000  x9:00000001
11327279ns          181023 1c008a88 fff537e3 p.bneimm         x10, -18            x10:00000000
11327676ns          181043 1c008a76 012d8733 add              x14, x27, x18       x14=00000006 x27:efffe169 x18:10001e9d
11327696ns          181044 1c008a7a 5a048b63 beq              x9, x0, 1462         x9:00000000
11328174ns          181068 1c009030 00e00db3 add              x27, x0, x14        x27=00000006 x14:00000006
11328213ns          181070 1c009032 f3cff06f jal              x0, -2244          
11328373ns          181078 1c00876e 00044503 lbu              x10, 0(x8)          x10=0000003a  x8:1c000023  PA:1c000023
11328711ns          181095 1c008772 00140413 addi             x8, x8, 1            x8=1c000024  x8:1c000023
11328731ns          181096 1c008774 00050e63 beq              x10, x0, 28         x10:0000003a
11328751ns          181097 1c008776 02500793 addi             x15, x0, 37         x15=00000025
11328770ns          181098 1c00877a 04f50863 beq              x10, x15, 80        x10:0000003a x15:00000025
11328790ns          181099 1c00877e 01a005b3 add              x11, x0, x26        x11=00000002 x26:00000002
11328810ns          181100 1c008780 000b00e7 jalr             x1, x22, 0           x1=1c008782 x22:1c0086b4
11328890ns          181104 1c0086b4 000026b7 lui              x13, 0x2000         x13=00002000
11328930ns          181106 1c0086b6 f14027f3 csrrs            x15, x0, 0xf14      x15=00000003
11328949ns          181107 1c0086ba f8068693 addi             x13, x13, -128      x13=00001f80 x13:00002000
11328969ns          181108 1c0086be 00379713 slli             x14, x15, 0x3       x14=00000018 x15:00000003
11328989ns          181109 1c0086c2 00279793 slli             x15, x15, 0x2       x15=0000000c x15:00000003
11329009ns          181110 1c0086c4 00d7f7b3 and              x15, x15, x13       x15=00000000 x15:0000000c x13:00001f80
11329029ns          181111 1c0086c6 ee873733 p.bclr           x14, x14, 23, 8     x14=00000018 x14:00000018
11329049ns          181112 1c0086ca 1a10f6b7 lui              x13, 0x1a10f000     x13=1a10f000
11329069ns          181113 1c0086ce 0ff57513 andi             x10, x10, 255       x10=0000003a x10:0000003a
11329089ns          181114 1c0086d2 00d70733 add              x14, x14, x13       x14=1a10f018 x14:00000018 x13:1a10f000
11329109ns          181115 1c0086d4 00a7e723 p.sw             x10, x0(x15)        x10:0000003a x15:00000000  PA:1a10f018
11329526ns          181136 1c0086d8 00000513 addi             x10, x0, 0          x10=00000000
11329546ns          181137 1c0086da 00008067 jalr             x0, x1, 0            x1:1c008782
11329606ns          181140 1c008782 31f52563 p.beqimm         x10, 778            x10:00000000
11329626ns          181141 1c008786 001d8d93 addi             x27, x27, 1         x27=00000007 x27:00000006
11329646ns          181142 1c008788 00044503 lbu              x10, 0(x8)          x10=00000020  x8:1c000024  PA:1c000024
11329944ns          181157 1c00878c 00140413 addi             x8, x8, 1            x8=1c000025  x8:1c000024
11329964ns          181158 1c00878e fe0514e3 bne              x10, x0, -24        x10:00000020
11330043ns          181162 1c008776 02500793 addi             x15, x0, 37         x15=00000025
11330063ns          181163 1c00877a 04f50863 beq              x10, x15, 80        x10:00000020 x15:00000025
11330083ns          181164 1c00877e 01a005b3 add              x11, x0, x26        x11=00000002 x26:00000002
11330103ns          181165 1c008780 000b00e7 jalr             x1, x22, 0           x1=1c008782 x22:1c0086b4
11330143ns          181167 1c0086b4 000026b7 lui              x13, 0x2000         x13=00002000
11330163ns          181168 1c0086b6 f14027f3 csrrs            x15, x0, 0xf14      x15=00000003
11330183ns          181169 1c0086ba f8068693 addi             x13, x13, -128      x13=00001f80 x13:00002000
11330203ns          181170 1c0086be 00379713 slli             x14, x15, 0x3       x14=00000018 x15:00000003
11330222ns          181171 1c0086c2 00279793 slli             x15, x15, 0x2       x15=0000000c x15:00000003
11330242ns          181172 1c0086c4 00d7f7b3 and              x15, x15, x13       x15=00000000 x15:0000000c x13:00001f80
11330262ns          181173 1c0086c6 ee873733 p.bclr           x14, x14, 23, 8     x14=00000018 x14:00000018
11330282ns          181174 1c0086ca 1a10f6b7 lui              x13, 0x1a10f000     x13=1a10f000
11330302ns          181175 1c0086ce 0ff57513 andi             x10, x10, 255       x10=00000020 x10:00000020
11330322ns          181176 1c0086d2 00d70733 add              x14, x14, x13       x14=1a10f018 x14:00000018 x13:1a10f000
11330342ns          181177 1c0086d4 00a7e723 p.sw             x10, x0(x15)        x10:00000020 x15:00000000  PA:1a10f018
11330660ns          181193 1c0086d8 00000513 addi             x10, x0, 0          x10=00000000
11330680ns          181194 1c0086da 00008067 jalr             x0, x1, 0            x1:1c008782
11330740ns          181197 1c008782 31f52563 p.beqimm         x10, 778            x10:00000000
11330760ns          181198 1c008786 001d8d93 addi             x27, x27, 1         x27=00000008 x27:00000007
11330779ns          181199 1c008788 00044503 lbu              x10, 0(x8)          x10=0000004c  x8:1c000025  PA:1c000025
11331078ns          181214 1c00878c 00140413 addi             x8, x8, 1            x8=1c000026  x8:1c000025
11331098ns          181215 1c00878e fe0514e3 bne              x10, x0, -24        x10:0000004c
11331177ns          181219 1c008776 02500793 addi             x15, x0, 37         x15=00000025
11331197ns          181220 1c00877a 04f50863 beq              x10, x15, 80        x10:0000004c x15:00000025
11331217ns          181221 1c00877e 01a005b3 add              x11, x0, x26        x11=00000002 x26:00000002
11331237ns          181222 1c008780 000b00e7 jalr             x1, x22, 0           x1=1c008782 x22:1c0086b4
11331277ns          181224 1c0086b4 000026b7 lui              x13, 0x2000         x13=00002000
11331297ns          181225 1c0086b6 f14027f3 csrrs            x15, x0, 0xf14      x15=00000003
11331316ns          181226 1c0086ba f8068693 addi             x13, x13, -128      x13=00001f80 x13:00002000
11331336ns          181227 1c0086be 00379713 slli             x14, x15, 0x3       x14=00000018 x15:00000003
11331356ns          181228 1c0086c2 00279793 slli             x15, x15, 0x2       x15=0000000c x15:00000003
11331376ns          181229 1c0086c4 00d7f7b3 and              x15, x15, x13       x15=00000000 x15:0000000c x13:00001f80
11331396ns          181230 1c0086c6 ee873733 p.bclr           x14, x14, 23, 8     x14=00000018 x14:00000018
11331416ns          181231 1c0086ca 1a10f6b7 lui              x13, 0x1a10f000     x13=1a10f000
11331436ns          181232 1c0086ce 0ff57513 andi             x10, x10, 255       x10=0000004c x10:0000004c
11331456ns          181233 1c0086d2 00d70733 add              x14, x14, x13       x14=1a10f018 x14:00000018 x13:1a10f000
11331476ns          181234 1c0086d4 00a7e723 p.sw             x10, x0(x15)        x10:0000004c x15:00000000  PA:1a10f018
11331794ns          181250 1c0086d8 00000513 addi             x10, x0, 0          x10=00000000
11331814ns          181251 1c0086da 00008067 jalr             x0, x1, 0            x1:1c008782
11331873ns          181254 1c008782 31f52563 p.beqimm         x10, 778            x10:00000000
11331893ns          181255 1c008786 001d8d93 addi             x27, x27, 1         x27=00000009 x27:00000008
11331913ns          181256 1c008788 00044503 lbu              x10, 0(x8)          x10=00000032  x8:1c000026  PA:1c000026
11332212ns          181271 1c00878c 00140413 addi             x8, x8, 1            x8=1c000027  x8:1c000026
11332231ns          181272 1c00878e fe0514e3 bne              x10, x0, -24        x10:00000032
11332311ns          181276 1c008776 02500793 addi             x15, x0, 37         x15=00000025
11332331ns          181277 1c00877a 04f50863 beq              x10, x15, 80        x10:00000032 x15:00000025
11332351ns          181278 1c00877e 01a005b3 add              x11, x0, x26        x11=00000002 x26:00000002
11332371ns          181279 1c008780 000b00e7 jalr             x1, x22, 0           x1=1c008782 x22:1c0086b4
11332410ns          181281 1c0086b4 000026b7 lui              x13, 0x2000         x13=00002000
11332430ns          181282 1c0086b6 f14027f3 csrrs            x15, x0, 0xf14      x15=00000003
11332450ns          181283 1c0086ba f8068693 addi             x13, x13, -128      x13=00001f80 x13:00002000
11332470ns          181284 1c0086be 00379713 slli             x14, x15, 0x3       x14=00000018 x15:00000003
11332490ns          181285 1c0086c2 00279793 slli             x15, x15, 0x2       x15=0000000c x15:00000003
11332510ns          181286 1c0086c4 00d7f7b3 and              x15, x15, x13       x15=00000000 x15:0000000c x13:00001f80
11332530ns          181287 1c0086c6 ee873733 p.bclr           x14, x14, 23, 8     x14=00000018 x14:00000018
11332550ns          181288 1c0086ca 1a10f6b7 lui              x13, 0x1a10f000     x13=1a10f000
11332570ns          181289 1c0086ce 0ff57513 andi             x10, x10, 255       x10=00000032 x10:00000032
11332589ns          181290 1c0086d2 00d70733 add              x14, x14, x13       x14=1a10f018 x14:00000018 x13:1a10f000
11332609ns          181291 1c0086d4 00a7e723 p.sw             x10, x0(x15)        x10:00000032 x15:00000000  PA:1a10f018
11332947ns          181308 1c0086d8 00000513 addi             x10, x0, 0          x10=00000000
11332967ns          181309 1c0086da 00008067 jalr             x0, x1, 0            x1:1c008782
11333027ns          181312 1c008782 31f52563 p.beqimm         x10, 778            x10:00000000
11333047ns          181313 1c008786 001d8d93 addi             x27, x27, 1         x27=0000000a x27:00000009
11333067ns          181314 1c008788 00044503 lbu              x10, 0(x8)          x10=00000020  x8:1c000027  PA:1c000027
11333365ns          181329 1c00878c 00140413 addi             x8, x8, 1            x8=1c000028  x8:1c000027
11333385ns          181330 1c00878e fe0514e3 bne              x10, x0, -24        x10:00000020
11333465ns          181334 1c008776 02500793 addi             x15, x0, 37         x15=00000025
11333485ns          181335 1c00877a 04f50863 beq              x10, x15, 80        x10:00000020 x15:00000025
11333504ns          181336 1c00877e 01a005b3 add              x11, x0, x26        x11=00000002 x26:00000002
11333524ns          181337 1c008780 000b00e7 jalr             x1, x22, 0           x1=1c008782 x22:1c0086b4
11333564ns          181339 1c0086b4 000026b7 lui              x13, 0x2000         x13=00002000
11333584ns          181340 1c0086b6 f14027f3 csrrs            x15, x0, 0xf14      x15=00000003
11333604ns          181341 1c0086ba f8068693 addi             x13, x13, -128      x13=00001f80 x13:00002000
11333624ns          181342 1c0086be 00379713 slli             x14, x15, 0x3       x14=00000018 x15:00000003
11333644ns          181343 1c0086c2 00279793 slli             x15, x15, 0x2       x15=0000000c x15:00000003
11333664ns          181344 1c0086c4 00d7f7b3 and              x15, x15, x13       x15=00000000 x15:0000000c x13:00001f80
11333683ns          181345 1c0086c6 ee873733 p.bclr           x14, x14, 23, 8     x14=00000018 x14:00000018
11333703ns          181346 1c0086ca 1a10f6b7 lui              x13, 0x1a10f000     x13=1a10f000
11333723ns          181347 1c0086ce 0ff57513 andi             x10, x10, 255       x10=00000020 x10:00000020
11333743ns          181348 1c0086d2 00d70733 add              x14, x14, x13       x14=1a10f018 x14:00000018 x13:1a10f000
11333763ns          181349 1c0086d4 00a7e723 p.sw             x10, x0(x15)        x10:00000020 x15:00000000  PA:1a10f018
11334101ns          181366 1c0086d8 00000513 addi             x10, x0, 0          x10=00000000
11334121ns          181367 1c0086da 00008067 jalr             x0, x1, 0            x1:1c008782
11334181ns          181370 1c008782 31f52563 p.beqimm         x10, 778            x10:00000000
11334201ns          181371 1c008786 001d8d93 addi             x27, x27, 1         x27=0000000b x27:0000000a
11334220ns          181372 1c008788 00044503 lbu              x10, 0(x8)          x10=00000072  x8:1c000028  PA:1c000028
11334519ns          181387 1c00878c 00140413 addi             x8, x8, 1            x8=1c000029  x8:1c000028
11334539ns          181388 1c00878e fe0514e3 bne              x10, x0, -24        x10:00000072
11334618ns          181392 1c008776 02500793 addi             x15, x0, 37         x15=00000025
11334638ns          181393 1c00877a 04f50863 beq              x10, x15, 80        x10:00000072 x15:00000025
11334658ns          181394 1c00877e 01a005b3 add              x11, x0, x26        x11=00000002 x26:00000002
11334678ns          181395 1c008780 000b00e7 jalr             x1, x22, 0           x1=1c008782 x22:1c0086b4
11334718ns          181397 1c0086b4 000026b7 lui              x13, 0x2000         x13=00002000
11334738ns          181398 1c0086b6 f14027f3 csrrs            x15, x0, 0xf14      x15=00000003
11334758ns          181399 1c0086ba f8068693 addi             x13, x13, -128      x13=00001f80 x13:00002000
11334777ns          181400 1c0086be 00379713 slli             x14, x15, 0x3       x14=00000018 x15:00000003
11334797ns          181401 1c0086c2 00279793 slli             x15, x15, 0x2       x15=0000000c x15:00000003
11334817ns          181402 1c0086c4 00d7f7b3 and              x15, x15, x13       x15=00000000 x15:0000000c x13:00001f80
11334837ns          181403 1c0086c6 ee873733 p.bclr           x14, x14, 23, 8     x14=00000018 x14:00000018
11334857ns          181404 1c0086ca 1a10f6b7 lui              x13, 0x1a10f000     x13=1a10f000
11334877ns          181405 1c0086ce 0ff57513 andi             x10, x10, 255       x10=00000072 x10:00000072
11334897ns          181406 1c0086d2 00d70733 add              x14, x14, x13       x14=1a10f018 x14:00000018 x13:1a10f000
11334917ns          181407 1c0086d4 00a7e723 p.sw             x10, x0(x15)        x10:00000072 x15:00000000  PA:1a10f018
11335235ns          181423 1c0086d8 00000513 addi             x10, x0, 0          x10=00000000
11335255ns          181424 1c0086da 00008067 jalr             x0, x1, 0            x1:1c008782
11335314ns          181427 1c008782 31f52563 p.beqimm         x10, 778            x10:00000000
11335334ns          181428 1c008786 001d8d93 addi             x27, x27, 1         x27=0000000c x27:0000000b
11335354ns          181429 1c008788 00044503 lbu              x10, 0(x8)          x10=00000065  x8:1c000029  PA:1c000029
11335653ns          181444 1c00878c 00140413 addi             x8, x8, 1            x8=1c00002a  x8:1c000029
11335673ns          181445 1c00878e fe0514e3 bne              x10, x0, -24        x10:00000065
11335752ns          181449 1c008776 02500793 addi             x15, x0, 37         x15=00000025
11335772ns          181450 1c00877a 04f50863 beq              x10, x15, 80        x10:00000065 x15:00000025
11335792ns          181451 1c00877e 01a005b3 add              x11, x0, x26        x11=00000002 x26:00000002
11335812ns          181452 1c008780 000b00e7 jalr             x1, x22, 0           x1=1c008782 x22:1c0086b4
11335852ns          181454 1c0086b4 000026b7 lui              x13, 0x2000         x13=00002000
11335871ns          181455 1c0086b6 f14027f3 csrrs            x15, x0, 0xf14      x15=00000003
11335891ns          181456 1c0086ba f8068693 addi             x13, x13, -128      x13=00001f80 x13:00002000
11335911ns          181457 1c0086be 00379713 slli             x14, x15, 0x3       x14=00000018 x15:00000003
11335931ns          181458 1c0086c2 00279793 slli             x15, x15, 0x2       x15=0000000c x15:00000003
11335951ns          181459 1c0086c4 00d7f7b3 and              x15, x15, x13       x15=00000000 x15:0000000c x13:00001f80
11335971ns          181460 1c0086c6 ee873733 p.bclr           x14, x14, 23, 8     x14=00000018 x14:00000018
11335991ns          181461 1c0086ca 1a10f6b7 lui              x13, 0x1a10f000     x13=1a10f000
11336011ns          181462 1c0086ce 0ff57513 andi             x10, x10, 255       x10=00000065 x10:00000065
11336031ns          181463 1c0086d2 00d70733 add              x14, x14, x13       x14=1a10f018 x14:00000018 x13:1a10f000
11336050ns          181464 1c0086d4 00a7e723 p.sw             x10, x0(x15)        x10:00000065 x15:00000000  PA:1a10f018
11336369ns          181480 1c0086d8 00000513 addi             x10, x0, 0          x10=00000000
11336389ns          181481 1c0086da 00008067 jalr             x0, x1, 0            x1:1c008782
11336448ns          181484 1c008782 31f52563 p.beqimm         x10, 778            x10:00000000
11336468ns          181485 1c008786 001d8d93 addi             x27, x27, 1         x27=0000000d x27:0000000c
11336488ns          181486 1c008788 00044503 lbu              x10, 0(x8)          x10=00000061  x8:1c00002a  PA:1c00002a
11336786ns          181501 1c00878c 00140413 addi             x8, x8, 1            x8=1c00002b  x8:1c00002a
11336806ns          181502 1c00878e fe0514e3 bne              x10, x0, -24        x10:00000061
11336886ns          181506 1c008776 02500793 addi             x15, x0, 37         x15=00000025
11336906ns          181507 1c00877a 04f50863 beq              x10, x15, 80        x10:00000061 x15:00000025
11336926ns          181508 1c00877e 01a005b3 add              x11, x0, x26        x11=00000002 x26:00000002
11336946ns          181509 1c008780 000b00e7 jalr             x1, x22, 0           x1=1c008782 x22:1c0086b4
11336985ns          181511 1c0086b4 000026b7 lui              x13, 0x2000         x13=00002000
11337005ns          181512 1c0086b6 f14027f3 csrrs            x15, x0, 0xf14      x15=00000003
11337025ns          181513 1c0086ba f8068693 addi             x13, x13, -128      x13=00001f80 x13:00002000
11337045ns          181514 1c0086be 00379713 slli             x14, x15, 0x3       x14=00000018 x15:00000003
11337065ns          181515 1c0086c2 00279793 slli             x15, x15, 0x2       x15=0000000c x15:00000003
11337085ns          181516 1c0086c4 00d7f7b3 and              x15, x15, x13       x15=00000000 x15:0000000c x13:00001f80
11337105ns          181517 1c0086c6 ee873733 p.bclr           x14, x14, 23, 8     x14=00000018 x14:00000018
11337125ns          181518 1c0086ca 1a10f6b7 lui              x13, 0x1a10f000     x13=1a10f000
11337144ns          181519 1c0086ce 0ff57513 andi             x10, x10, 255       x10=00000061 x10:00000061
11337164ns          181520 1c0086d2 00d70733 add              x14, x14, x13       x14=1a10f018 x14:00000018 x13:1a10f000
11337184ns          181521 1c0086d4 00a7e723 p.sw             x10, x0(x15)        x10:00000061 x15:00000000  PA:1a10f018
11337522ns          181538 1c0086d8 00000513 addi             x10, x0, 0          x10=00000000
11337542ns          181539 1c0086da 00008067 jalr             x0, x1, 0            x1:1c008782
11337602ns          181542 1c008782 31f52563 p.beqimm         x10, 778            x10:00000000
11337622ns          181543 1c008786 001d8d93 addi             x27, x27, 1         x27=0000000e x27:0000000d
11337642ns          181544 1c008788 00044503 lbu              x10, 0(x8)          x10=00000064  x8:1c00002b  PA:1c00002b
11337940ns          181559 1c00878c 00140413 addi             x8, x8, 1            x8=1c00002c  x8:1c00002b
11337960ns          181560 1c00878e fe0514e3 bne              x10, x0, -24        x10:00000064
11338040ns          181564 1c008776 02500793 addi             x15, x0, 37         x15=00000025
11338059ns          181565 1c00877a 04f50863 beq              x10, x15, 80        x10:00000064 x15:00000025
11338079ns          181566 1c00877e 01a005b3 add              x11, x0, x26        x11=00000002 x26:00000002
11338099ns          181567 1c008780 000b00e7 jalr             x1, x22, 0           x1=1c008782 x22:1c0086b4
11338139ns          181569 1c0086b4 000026b7 lui              x13, 0x2000         x13=00002000
11338159ns          181570 1c0086b6 f14027f3 csrrs            x15, x0, 0xf14      x15=00000003
11338179ns          181571 1c0086ba f8068693 addi             x13, x13, -128      x13=00001f80 x13:00002000
11338199ns          181572 1c0086be 00379713 slli             x14, x15, 0x3       x14=00000018 x15:00000003
11338219ns          181573 1c0086c2 00279793 slli             x15, x15, 0x2       x15=0000000c x15:00000003
11338238ns          181574 1c0086c4 00d7f7b3 and              x15, x15, x13       x15=00000000 x15:0000000c x13:00001f80
11338258ns          181575 1c0086c6 ee873733 p.bclr           x14, x14, 23, 8     x14=00000018 x14:00000018
11338278ns          181576 1c0086ca 1a10f6b7 lui              x13, 0x1a10f000     x13=1a10f000
11338298ns          181577 1c0086ce 0ff57513 andi             x10, x10, 255       x10=00000064 x10:00000064
11338318ns          181578 1c0086d2 00d70733 add              x14, x14, x13       x14=1a10f018 x14:00000018 x13:1a10f000
11338338ns          181579 1c0086d4 00a7e723 p.sw             x10, x0(x15)        x10:00000064 x15:00000000  PA:1a10f018
11338656ns          181595 1c0086d8 00000513 addi             x10, x0, 0          x10=00000000
11338676ns          181596 1c0086da 00008067 jalr             x0, x1, 0            x1:1c008782
11338736ns          181599 1c008782 31f52563 p.beqimm         x10, 778            x10:00000000
11338756ns          181600 1c008786 001d8d93 addi             x27, x27, 1         x27=0000000f x27:0000000e
11338775ns          181601 1c008788 00044503 lbu              x10, 0(x8)          x10=00000020  x8:1c00002c  PA:1c00002c
11339074ns          181616 1c00878c 00140413 addi             x8, x8, 1            x8=1c00002d  x8:1c00002c
11339094ns          181617 1c00878e fe0514e3 bne              x10, x0, -24        x10:00000020
11339173ns          181621 1c008776 02500793 addi             x15, x0, 37         x15=00000025
11339193ns          181622 1c00877a 04f50863 beq              x10, x15, 80        x10:00000020 x15:00000025
11339213ns          181623 1c00877e 01a005b3 add              x11, x0, x26        x11=00000002 x26:00000002
11339233ns          181624 1c008780 000b00e7 jalr             x1, x22, 0           x1=1c008782 x22:1c0086b4
11339273ns          181626 1c0086b4 000026b7 lui              x13, 0x2000         x13=00002000
11339293ns          181627 1c0086b6 f14027f3 csrrs            x15, x0, 0xf14      x15=00000003
11339313ns          181628 1c0086ba f8068693 addi             x13, x13, -128      x13=00001f80 x13:00002000
11339332ns          181629 1c0086be 00379713 slli             x14, x15, 0x3       x14=00000018 x15:00000003
11339352ns          181630 1c0086c2 00279793 slli             x15, x15, 0x2       x15=0000000c x15:00000003
11339372ns          181631 1c0086c4 00d7f7b3 and              x15, x15, x13       x15=00000000 x15:0000000c x13:00001f80
11339392ns          181632 1c0086c6 ee873733 p.bclr           x14, x14, 23, 8     x14=00000018 x14:00000018
11339412ns          181633 1c0086ca 1a10f6b7 lui              x13, 0x1a10f000     x13=1a10f000
11339432ns          181634 1c0086ce 0ff57513 andi             x10, x10, 255       x10=00000020 x10:00000020
11339452ns          181635 1c0086d2 00d70733 add              x14, x14, x13       x14=1a10f018 x14:00000018 x13:1a10f000
11339472ns          181636 1c0086d4 00a7e723 p.sw             x10, x0(x15)        x10:00000020 x15:00000000  PA:1a10f018
11339790ns          181652 1c0086d8 00000513 addi             x10, x0, 0          x10=00000000
11339810ns          181653 1c0086da 00008067 jalr             x0, x1, 0            x1:1c008782
11339869ns          181656 1c008782 31f52563 p.beqimm         x10, 778            x10:00000000
11339889ns          181657 1c008786 001d8d93 addi             x27, x27, 1         x27=00000010 x27:0000000f
11339909ns          181658 1c008788 00044503 lbu              x10, 0(x8)          x10=0000006f  x8:1c00002d  PA:1c00002d
11340208ns          181673 1c00878c 00140413 addi             x8, x8, 1            x8=1c00002e  x8:1c00002d
11340227ns          181674 1c00878e fe0514e3 bne              x10, x0, -24        x10:0000006f
11340307ns          181678 1c008776 02500793 addi             x15, x0, 37         x15=00000025
11340327ns          181679 1c00877a 04f50863 beq              x10, x15, 80        x10:0000006f x15:00000025
11340347ns          181680 1c00877e 01a005b3 add              x11, x0, x26        x11=00000002 x26:00000002
11340367ns          181681 1c008780 000b00e7 jalr             x1, x22, 0           x1=1c008782 x22:1c0086b4
11340407ns          181683 1c0086b4 000026b7 lui              x13, 0x2000         x13=00002000
11340426ns          181684 1c0086b6 f14027f3 csrrs            x15, x0, 0xf14      x15=00000003
11340446ns          181685 1c0086ba f8068693 addi             x13, x13, -128      x13=00001f80 x13:00002000
11340466ns          181686 1c0086be 00379713 slli             x14, x15, 0x3       x14=00000018 x15:00000003
11340486ns          181687 1c0086c2 00279793 slli             x15, x15, 0x2       x15=0000000c x15:00000003
11340506ns          181688 1c0086c4 00d7f7b3 and              x15, x15, x13       x15=00000000 x15:0000000c x13:00001f80
11340526ns          181689 1c0086c6 ee873733 p.bclr           x14, x14, 23, 8     x14=00000018 x14:00000018
11340546ns          181690 1c0086ca 1a10f6b7 lui              x13, 0x1a10f000     x13=1a10f000
11340566ns          181691 1c0086ce 0ff57513 andi             x10, x10, 255       x10=0000006f x10:0000006f
11340586ns          181692 1c0086d2 00d70733 add              x14, x14, x13       x14=1a10f018 x14:00000018 x13:1a10f000
11340605ns          181693 1c0086d4 00a7e723 p.sw             x10, x0(x15)        x10:0000006f x15:00000000  PA:1a10f018
11340944ns          181710 1c0086d8 00000513 addi             x10, x0, 0          x10=00000000
11340963ns          181711 1c0086da 00008067 jalr             x0, x1, 0            x1:1c008782
11341023ns          181714 1c008782 31f52563 p.beqimm         x10, 778            x10:00000000
11341043ns          181715 1c008786 001d8d93 addi             x27, x27, 1         x27=00000011 x27:00000010
11341063ns          181716 1c008788 00044503 lbu              x10, 0(x8)          x10=00000066  x8:1c00002e  PA:1c00002e
11341361ns          181731 1c00878c 00140413 addi             x8, x8, 1            x8=1c00002f  x8:1c00002e
11341381ns          181732 1c00878e fe0514e3 bne              x10, x0, -24        x10:00000066
11341461ns          181736 1c008776 02500793 addi             x15, x0, 37         x15=00000025
11341481ns          181737 1c00877a 04f50863 beq              x10, x15, 80        x10:00000066 x15:00000025
11341501ns          181738 1c00877e 01a005b3 add              x11, x0, x26        x11=00000002 x26:00000002
11341520ns          181739 1c008780 000b00e7 jalr             x1, x22, 0           x1=1c008782 x22:1c0086b4
11341560ns          181741 1c0086b4 000026b7 lui              x13, 0x2000         x13=00002000
11341580ns          181742 1c0086b6 f14027f3 csrrs            x15, x0, 0xf14      x15=00000003
11341600ns          181743 1c0086ba f8068693 addi             x13, x13, -128      x13=00001f80 x13:00002000
11341620ns          181744 1c0086be 00379713 slli             x14, x15, 0x3       x14=00000018 x15:00000003
11341640ns          181745 1c0086c2 00279793 slli             x15, x15, 0x2       x15=0000000c x15:00000003
11341660ns          181746 1c0086c4 00d7f7b3 and              x15, x15, x13       x15=00000000 x15:0000000c x13:00001f80
11341680ns          181747 1c0086c6 ee873733 p.bclr           x14, x14, 23, 8     x14=00000018 x14:00000018
11341699ns          181748 1c0086ca 1a10f6b7 lui              x13, 0x1a10f000     x13=1a10f000
11341719ns          181749 1c0086ce 0ff57513 andi             x10, x10, 255       x10=00000066 x10:00000066
11341739ns          181750 1c0086d2 00d70733 add              x14, x14, x13       x14=1a10f018 x14:00000018 x13:1a10f000
11341759ns          181751 1c0086d4 00a7e723 p.sw             x10, x0(x15)        x10:00000066 x15:00000000  PA:1a10f018
11342097ns          181768 1c0086d8 00000513 addi             x10, x0, 0          x10=00000000
11342117ns          181769 1c0086da 00008067 jalr             x0, x1, 0            x1:1c008782
11342177ns          181772 1c008782 31f52563 p.beqimm         x10, 778            x10:00000000
11342197ns          181773 1c008786 001d8d93 addi             x27, x27, 1         x27=00000012 x27:00000011
11342217ns          181774 1c008788 00044503 lbu              x10, 0(x8)          x10=00000020  x8:1c00002f  PA:1c00002f
11342515ns          181789 1c00878c 00140413 addi             x8, x8, 1            x8=1c000030  x8:1c00002f
11342535ns          181790 1c00878e fe0514e3 bne              x10, x0, -24        x10:00000020
11342614ns          181794 1c008776 02500793 addi             x15, x0, 37         x15=00000025
11342634ns          181795 1c00877a 04f50863 beq              x10, x15, 80        x10:00000020 x15:00000025
11342654ns          181796 1c00877e 01a005b3 add              x11, x0, x26        x11=00000002 x26:00000002
11342674ns          181797 1c008780 000b00e7 jalr             x1, x22, 0           x1=1c008782 x22:1c0086b4
11342714ns          181799 1c0086b4 000026b7 lui              x13, 0x2000         x13=00002000
11342734ns          181800 1c0086b6 f14027f3 csrrs            x15, x0, 0xf14      x15=00000003
11342754ns          181801 1c0086ba f8068693 addi             x13, x13, -128      x13=00001f80 x13:00002000
11342774ns          181802 1c0086be 00379713 slli             x14, x15, 0x3       x14=00000018 x15:00000003
11342793ns          181803 1c0086c2 00279793 slli             x15, x15, 0x2       x15=0000000c x15:00000003
11342813ns          181804 1c0086c4 00d7f7b3 and              x15, x15, x13       x15=00000000 x15:0000000c x13:00001f80
11342833ns          181805 1c0086c6 ee873733 p.bclr           x14, x14, 23, 8     x14=00000018 x14:00000018
11342853ns          181806 1c0086ca 1a10f6b7 lui              x13, 0x1a10f000     x13=1a10f000
11342873ns          181807 1c0086ce 0ff57513 andi             x10, x10, 255       x10=00000020 x10:00000020
11342893ns          181808 1c0086d2 00d70733 add              x14, x14, x13       x14=1a10f018 x14:00000018 x13:1a10f000
11342913ns          181809 1c0086d4 00a7e723 p.sw             x10, x0(x15)        x10:00000020 x15:00000000  PA:1a10f018
11343231ns          181825 1c0086d8 00000513 addi             x10, x0, 0          x10=00000000
11343251ns          181826 1c0086da 00008067 jalr             x0, x1, 0            x1:1c008782
11343311ns          181829 1c008782 31f52563 p.beqimm         x10, 778            x10:00000000
11343330ns          181830 1c008786 001d8d93 addi             x27, x27, 1         x27=00000013 x27:00000012
11343350ns          181831 1c008788 00044503 lbu              x10, 0(x8)          x10=00000025  x8:1c000030  PA:1c000030
11343649ns          181846 1c00878c 00140413 addi             x8, x8, 1            x8=1c000031  x8:1c000030
11343669ns          181847 1c00878e fe0514e3 bne              x10, x0, -24        x10:00000025
11343748ns          181851 1c008776 02500793 addi             x15, x0, 37         x15=00000025
11343768ns          181852 1c00877a 04f50863 beq              x10, x15, 80        x10:00000025 x15:00000025
11343848ns          181856 1c0087ca 00044483 lbu              x9, 0(x8)            x9=00000064  x8:1c000031  PA:1c000031
11344166ns          181872 1c0087ce 02000693 addi             x13, x0, 32         x13=00000020
11344186ns          181873 1c0087d2 00140a93 addi             x21, x8, 1          x21=1c000032  x8:1c000031
11344206ns          181874 1c0087d6 009005b3 add              x11, x0, x9         x11=00000064  x9:00000064
11344226ns          181875 1c0087d8 064b8513 addi             x10, x23, 100       x10=1c000064 x23:1c000000
11344245ns          181876 1c0087dc 00d12823 sw               x13, 16(x2)         x13:00000020  x2:10001e78  PA:10001e88
11344265ns          181877 1c0087de 00012c23 sw               x0, 24(x2)           x2:10001e78  PA:10001e90
11344285ns          181878 1c0087e0 00012a23 sw               x0, 20(x2)           x2:10001e78  PA:10001e8c
11344305ns          181879 1c0087e2 00012e23 sw               x0, 28(x2)           x2:10001e78  PA:10001e94
11344325ns          181880 1c0087e4 00012623 sw               x0, 12(x2)           x2:10001e78  PA:10001e84
11344345ns          181881 1c0087e6 02300913 addi             x18, x0, 35         x18=00000023
11344365ns          181882 1c0087ea 02d00a13 addi             x20, x0, 45         x20=0000002d
11344385ns          181883 1c0087ee 015009b3 add              x19, x0, x21        x19=1c000032 x21:1c000032
11344405ns          181884 1c0087f0 e97ff0ef jal              x1, -362             x1=1c0087f2
11344524ns          181890 1c008686 00054783 lbu              x15, 0(x10)         x15=0000002d x10:1c000064  PA:1c000064
11344822ns          181905 1c00868a 0ff5f593 andi             x11, x11, 255       x11=00000064 x11:00000064
11344842ns          181906 1c00868e 00b78c63 beq              x15, x11, 24        x15:0000002d x11:00000064
11344862ns          181907 1c008692 00078b63 beq              x15, x0, 22         x15:0000002d
11344882ns          181908 1c008694 00150793 addi             x15, x10, 1         x15=1c000065 x10:1c000064
11344902ns          181909 1c008698 0040006f jal              x0, 4              
11344942ns          181911 1c00869c 00f00533 add              x10, x0, x15        x10=1c000065 x15:1c000065
11344961ns          181912 1c00869e 0017c70b p.lbu            x14, 1(x15!)        x14=0000002b x15=1c000066 x15:1c000065  PA:1c000065
11345280ns          181928 1c0086a2 feb71ce3 bne              x14, x11, -8        x14:0000002b x11:00000064
11345339ns          181931 1c00869a 00070763 beq              x14, x0, 14         x14:0000002b
11345359ns          181932 1c00869c 00f00533 add              x10, x0, x15        x10=1c000066 x15:1c000066
11345379ns          181933 1c00869e 0017c70b p.lbu            x14, 1(x15!)        x14=00000020 x15=1c000067 x15:1c000066  PA:1c000066
11345697ns          181949 1c0086a2 feb71ce3 bne              x14, x11, -8        x14:00000020 x11:00000064
11345757ns          181952 1c00869a 00070763 beq              x14, x0, 14         x14:00000020
11345777ns          181953 1c00869c 00f00533 add              x10, x0, x15        x10=1c000067 x15:1c000067
11345797ns          181954 1c00869e 0017c70b p.lbu            x14, 1(x15!)        x14=00000023 x15=1c000068 x15:1c000067  PA:1c000067
11346115ns          181970 1c0086a2 feb71ce3 bne              x14, x11, -8        x14:00000023 x11:00000064
11346175ns          181973 1c00869a 00070763 beq              x14, x0, 14         x14:00000023
11346195ns          181974 1c00869c 00f00533 add              x10, x0, x15        x10=1c000068 x15:1c000068
11346215ns          181975 1c00869e 0017c70b p.lbu            x14, 1(x15!)        x14=00000030 x15=1c000069 x15:1c000068  PA:1c000068
11346533ns          181991 1c0086a2 feb71ce3 bne              x14, x11, -8        x14:00000030 x11:00000064
11346593ns          181994 1c00869a 00070763 beq              x14, x0, 14         x14:00000030
11346612ns          181995 1c00869c 00f00533 add              x10, x0, x15        x10=1c000069 x15:1c000069
11346632ns          181996 1c00869e 0017c70b p.lbu            x14, 1(x15!)        x14=00000000 x15=1c00006a x15:1c000069  PA:1c000069
11346951ns          182012 1c0086a2 feb71ce3 bne              x14, x11, -8        x14:00000000 x11:00000064
11347010ns          182015 1c00869a 00070763 beq              x14, x0, 14         x14:00000000
11347070ns          182018 1c0086a8 0015b593 sltiu            x11, x11, 1         x11=00000000 x11:00000064
11347090ns          182019 1c0086ac 40b005b3 sub              x11, x0, x11        x11=00000000 x11:00000000
11347110ns          182020 1c0086b0 00b57533 and              x10, x10, x11       x10=00000000 x10:1c000069 x11:00000000
11347130ns          182021 1c0086b2 00008067 jalr             x0, x1, 0            x1:1c0087f2
11347169ns          182023 1c0087f2 02050a63 beq              x10, x0, 52         x10:00000000
11347309ns          182030 1c008826 02a00613 addi             x12, x0, 42         x12=0000002a
11347328ns          182031 1c00882a 2ac48663 beq              x9, x12, 684         x9:00000064 x12:0000002a
11347687ns          182049 1c00882e fd048613 addi             x12, x9, -48        x12=00000034  x9:00000064
11347706ns          182050 1c008832 00900593 addi             x11, x0, 9          x11=00000009
11347726ns          182051 1c008834 00000913 addi             x18, x0, 0          x18=00000000
11347746ns          182052 1c008836 28c5f063 bgeu             x11, x12, 640       x11:00000009 x12:00000034
11347766ns          182053 1c00883a 02e00693 addi             x13, x0, 46         x13=0000002e
11347786ns          182054 1c00883e fff00a13 addi             x20, x0, -1         x20=ffffffff
11347806ns          182055 1c008840 2ed48363 beq              x9, x13, 742         x9:00000064 x13:0000002e
11347826ns          182056 1c008844 1c0007b7 lui              x15, 0x1c000000     x15=1c000000
11347846ns          182057 1c008848 009005b3 add              x11, x0, x9         x11=00000064  x9:00000064
11347866ns          182058 1c00884a 06c78513 addi             x10, x15, 108       x10=1c00006c x15:1c000000
11347885ns          182059 1c00884e e39ff0ef jal              x1, -456             x1=1c008850
11347945ns          182062 1c008686 00054783 lbu              x15, 0(x10)         x15=00000068 x10:1c00006c  PA:1c00006c
11348243ns          182077 1c00868a 0ff5f593 andi             x11, x11, 255       x11=00000064 x11:00000064
11348263ns          182078 1c00868e 00b78c63 beq              x15, x11, 24        x15:00000068 x11:00000064
11348283ns          182079 1c008692 00078b63 beq              x15, x0, 22         x15:00000068
11348303ns          182080 1c008694 00150793 addi             x15, x10, 1         x15=1c00006d x10:1c00006c
11348323ns          182081 1c008698 0040006f jal              x0, 4              
11348363ns          182083 1c00869c 00f00533 add              x10, x0, x15        x10=1c00006d x15:1c00006d
11348383ns          182084 1c00869e 0017c70b p.lbu            x14, 1(x15!)        x14=0000006c x15=1c00006e x15:1c00006d  PA:1c00006d
11348741ns          182102 1c0086a2 feb71ce3 bne              x14, x11, -8        x14:0000006c x11:00000064
11348800ns          182105 1c00869a 00070763 beq              x14, x0, 14         x14:0000006c
11348820ns          182106 1c00869c 00f00533 add              x10, x0, x15        x10=1c00006e x15:1c00006e
11348840ns          182107 1c00869e 0017c70b p.lbu            x14, 1(x15!)        x14=0000004c x15=1c00006f x15:1c00006e  PA:1c00006e
11349158ns          182123 1c0086a2 feb71ce3 bne              x14, x11, -8        x14:0000004c x11:00000064
11349218ns          182126 1c00869a 00070763 beq              x14, x0, 14         x14:0000004c
11349238ns          182127 1c00869c 00f00533 add              x10, x0, x15        x10=1c00006f x15:1c00006f
11349258ns          182128 1c00869e 0017c70b p.lbu            x14, 1(x15!)        x14=0000007a x15=1c000070 x15:1c00006f  PA:1c00006f
11349576ns          182144 1c0086a2 feb71ce3 bne              x14, x11, -8        x14:0000007a x11:00000064
11349636ns          182147 1c00869a 00070763 beq              x14, x0, 14         x14:0000007a
11349656ns          182148 1c00869c 00f00533 add              x10, x0, x15        x10=1c000070 x15:1c000070
11349676ns          182149 1c00869e 0017c70b p.lbu            x14, 1(x15!)        x14=00000000 x15=1c000071 x15:1c000070  PA:1c000070
11350014ns          182166 1c0086a2 feb71ce3 bne              x14, x11, -8        x14:00000000 x11:00000064
11350073ns          182169 1c00869a 00070763 beq              x14, x0, 14         x14:00000000
11350133ns          182172 1c0086a8 0015b593 sltiu            x11, x11, 1         x11=00000000 x11:00000064
11350153ns          182173 1c0086ac 40b005b3 sub              x11, x0, x11        x11=00000000 x11:00000000
11350173ns          182174 1c0086b0 00b57533 and              x10, x10, x11       x10=00000000 x10:1c000070 x11:00000000
11350193ns          182175 1c0086b2 00008067 jalr             x0, x1, 0            x1:1c008850
11350233ns          182177 1c008850 01300433 add              x8, x0, x19          x8=1c000032 x19:1c000032
11350252ns          182178 1c008852 00050563 beq              x10, x0, 10         x10:00000000
11350312ns          182181 1c00885c 06700693 addi             x13, x0, 103        x13=00000067
11350372ns          182184 1c008860 2896d963 bge              x13, x9, 658        x13:00000067  x9:00000064
11350451ns          182188 1c008af2 06500693 addi             x13, x0, 101        x13=00000065
11350471ns          182189 1c008af6 12d4d563 bge              x9, x13, 298         x9:00000064 x13:00000065
11350491ns          182190 1c008afa 04700693 addi             x13, x0, 71         x13=00000047
11350551ns          182193 1c008afe dc96cbe3 blt              x13, x9, -554       x13:00000047  x9:00000064
11350650ns          182198 1c0088d4 06300693 addi             x13, x0, 99         x13=00000063
11350690ns          182200 1c0088d8 0ad488e3 beq              x9, x13, 2224        x9:00000064 x13:00000063
11350710ns          182201 1c0088dc 0096c9e3 blt              x13, x9, 2066       x13:00000063  x9:00000064
11350929ns          182212 1c0090ee 000c2583 lw               x11, 0(x24)         x11=00000032 x24:10001fd0  PA:10001fd0
11350949ns          182213 1c0090f2 004c0c13 addi             x24, x24, 4         x24=10001fd4 x24:10001fd0
11350969ns          182214 1c0090f4 3405cc63 blt              x11, x0, 856        x11:00000032
11350988ns          182215 1c0090f8 01412603 lw               x12, 20(x2)         x12=00000000  x2:10001e78  PA:10001e8c
11351008ns          182216 1c0090fa 00b006b3 add              x13, x0, x11        x13=00000032 x11:00000032
11351028ns          182217 1c0090fc 2e061863 bne              x12, x0, 752        x12:00000000
11351068ns          182219 1c009100 01812703 lw               x14, 24(x2)         x14=00000000  x2:10001e78  PA:10001e90
11351088ns          182220 1c009102 019007b3 add              x15, x0, x25        x15=10001e9c x25:10001e9c
11351108ns          182221 1c009104 00070763 beq              x14, x0, 14         x14:00000000
11351167ns          182224 1c009112 00f00733 add              x14, x0, x15        x14=10001e9c x15:10001e9c
11351187ns          182225 1c009114 00a00513 addi             x10, x0, 10         x10=0000000a
11351207ns          182226 1c009116 02a6f633 remu             x12, x13, x10       x12=00000000 x13:00000032 x10:0000000a
11351824ns          182257 1c00911a 02a6d6b3 divu             x13, x13, x10       x13=00000005 x13:00000032 x10:0000000a
11352440ns          182288 1c00911e 03060613 addi             x12, x12, 48        x12=00000030 x12:00000000
11352460ns          182289 1c009122 00c700ab p.sb             x12, 1(x14!)        x14=10001e9d x12:00000030 x14:10001e9c  PA:10001e9c
11352480ns          182290 1c009126 fe0698e3 bne              x13, x0, -16        x13:00000005
11352619ns          182297 1c009116 02a6f633 remu             x12, x13, x10       x12=00000005 x13:00000005 x10:0000000a
11353236ns          182328 1c00911a 02a6d6b3 divu             x13, x13, x10       x13=00000000 x13:00000005 x10:0000000a
11353853ns          182359 1c00911e 03060613 addi             x12, x12, 48        x12=00000035 x12:00000005
11353873ns          182360 1c009122 00c700ab p.sb             x12, 1(x14!)        x14=10001e9e x12:00000035 x14:10001e9d  PA:10001e9d
11353892ns          182361 1c009126 fe0698e3 bne              x13, x0, -16        x13:00000000
11353912ns          182362 1c009128 40f706b3 sub              x13, x14, x15       x13=00000002 x14:10001e9e x15:10001e9c
11353932ns          182363 1c00912c 0146dc63 bge              x13, x20, 24        x13:00000002 x20:ffffffff
11353992ns          182366 1c009144 00e006b3 add              x13, x0, x14        x13=10001e9e x14:10001e9e
11354012ns          182367 1c009146 fe068fab p.sb             x0, -1(x13!)        x13=10001e9d x13:10001e9e  PA:10001e9e
11354091ns          182371 1c00914a 00d7fc63 bgeu             x15, x13, 24        x15:10001e9c x13:10001e9d
11354111ns          182372 1c00914e 0007c503 lbu              x10, 0(x15)         x10=00000030 x15:10001e9c  PA:10001e9c
11354171ns          182375 1c009152 0006c603 lbu              x12, 0(x13)         x12=00000035 x13:10001e9d  PA:10001e9d
11354231ns          182378 1c009156 fea68fab p.sb             x10, -1(x13!)       x13=10001e9c x10:00000030 x13:10001e9d  PA:10001e9d
11354270ns          182380 1c00915a 00c780ab p.sb             x12, 1(x15!)        x15=10001e9d x12:00000035 x15:10001e9c  PA:10001e9c
11354290ns          182381 1c00915e fed7e8e3 bltu             x15, x13, -16       x15:10001e9d x13:10001e9c
11354310ns          182382 1c009162 01412783 lw               x15, 20(x2)         x15=00000000  x2:10001e78  PA:10001e8c
11354330ns          182383 1c009164 01812603 lw               x12, 24(x2)         x12=00000000  x2:10001e78  PA:10001e90
11354350ns          182384 1c009166 419704b3 sub              x9, x14, x25         x9=00000002 x14:10001e9e x25:10001e9c
11354370ns          182385 1c00916a 00c7e7b3 or               x15, x15, x12       x15=00000000 x15:00000000 x12:00000000
11354390ns          182386 1c00916c 00f12623 sw               x15, 12(x2)         x15:00000000  x2:10001e78  PA:10001e84
11354410ns          182387 1c00916e 00079363 bne              x15, x0, 6          x15:00000000
11354429ns          182388 1c009170 01f5d593 srli             x11, x11, 0x1f      x11=00000000 x11:00000032
11354449ns          182389 1c009172 00b12623 sw               x11, 12(x2)         x11:00000000  x2:10001e78  PA:10001e84
11354469ns          182390 1c009174 e3fa28e3 p.beqimm         x20, -464           x20:ffffffff
11354887ns          182411 1c008fa4 0c800793 addi             x15, x0, 200        x15=000000c8
11354907ns          182412 1c008fa8 9e97d0e3 bge              x15, x9, -1568      x15:000000c8  x9:00000002
11354967ns          182415 1c008988 0f24d163 bge              x9, x18, 226         x9:00000002 x18:00000000
11355563ns          182445 1c008a6a d00482e3 beq              x9, x0, -764         x9:00000002
11355583ns          182446 1c008a6e 01900933 add              x18, x0, x25        x18=10001e9c x25:10001e9c
11355623ns          182448 1c008a70 419d8db3 sub              x27, x27, x25       x27=efffe177 x27:00000013 x25:10001e9c
11355663ns          182450 1c008a74 00a0006f jal              x0, 10             
11355762ns          182455 1c008a7e 0019450b p.lbu            x10, 1(x18!)        x10=00000035 x18=10001e9d x18:10001e9c  PA:10001e9c
11355782ns          182456 1c008a82 01a005b3 add              x11, x0, x26        x11=00000002 x26:00000002
11355802ns          182457 1c008a84 000b00e7 jalr             x1, x22, 0           x1=1c008a86 x22:1c0086b4
11355842ns          182459 1c0086b4 000026b7 lui              x13, 0x2000         x13=00002000
11355862ns          182460 1c0086b6 f14027f3 csrrs            x15, x0, 0xf14      x15=00000003
11355882ns          182461 1c0086ba f8068693 addi             x13, x13, -128      x13=00001f80 x13:00002000
11355901ns          182462 1c0086be 00379713 slli             x14, x15, 0x3       x14=00000018 x15:00000003
11355921ns          182463 1c0086c2 00279793 slli             x15, x15, 0x2       x15=0000000c x15:00000003
11355941ns          182464 1c0086c4 00d7f7b3 and              x15, x15, x13       x15=00000000 x15:0000000c x13:00001f80
11355961ns          182465 1c0086c6 ee873733 p.bclr           x14, x14, 23, 8     x14=00000018 x14:00000018
11355981ns          182466 1c0086ca 1a10f6b7 lui              x13, 0x1a10f000     x13=1a10f000
11356021ns          182468 1c0086ce 0ff57513 andi             x10, x10, 255       x10=00000035 x10:00000035
11356041ns          182469 1c0086d2 00d70733 add              x14, x14, x13       x14=1a10f018 x14:00000018 x13:1a10f000
11356061ns          182470 1c0086d4 00a7e723 p.sw             x10, x0(x15)        x10:00000035 x15:00000000  PA:1a10f018
11356518ns          182493 1c0086d8 00000513 addi             x10, x0, 0          x10=00000000
11356538ns          182494 1c0086da 00008067 jalr             x0, x1, 0            x1:1c008a86
11356578ns          182496 1c008a86 fff48493 addi             x9, x9, -1           x9=00000001  x9:00000002
11356598ns          182497 1c008a88 fff537e3 p.bneimm         x10, -18            x10:00000000
11356677ns          182501 1c008a76 012d8733 add              x14, x27, x18       x14=00000014 x27:efffe177 x18:10001e9d
11356697ns          182502 1c008a7a 5a048b63 beq              x9, x0, 1462         x9:00000001
11356717ns          182503 1c008a7e 0019450b p.lbu            x10, 1(x18!)        x10=00000030 x18=10001e9e x18:10001e9d  PA:10001e9d
11356737ns          182504 1c008a82 01a005b3 add              x11, x0, x26        x11=00000002 x26:00000002
11356757ns          182505 1c008a84 000b00e7 jalr             x1, x22, 0           x1=1c008a86 x22:1c0086b4
11356796ns          182507 1c0086b4 000026b7 lui              x13, 0x2000         x13=00002000
11356816ns          182508 1c0086b6 f14027f3 csrrs            x15, x0, 0xf14      x15=00000003
11356836ns          182509 1c0086ba f8068693 addi             x13, x13, -128      x13=00001f80 x13:00002000
11356856ns          182510 1c0086be 00379713 slli             x14, x15, 0x3       x14=00000018 x15:00000003
11356876ns          182511 1c0086c2 00279793 slli             x15, x15, 0x2       x15=0000000c x15:00000003
11356896ns          182512 1c0086c4 00d7f7b3 and              x15, x15, x13       x15=00000000 x15:0000000c x13:00001f80
11356916ns          182513 1c0086c6 ee873733 p.bclr           x14, x14, 23, 8     x14=00000018 x14:00000018
11356936ns          182514 1c0086ca 1a10f6b7 lui              x13, 0x1a10f000     x13=1a10f000
11356956ns          182515 1c0086ce 0ff57513 andi             x10, x10, 255       x10=00000030 x10:00000030
11356976ns          182516 1c0086d2 00d70733 add              x14, x14, x13       x14=1a10f018 x14:00000018 x13:1a10f000
11356995ns          182517 1c0086d4 00a7e723 p.sw             x10, x0(x15)        x10:00000030 x15:00000000  PA:1a10f018
11357314ns          182533 1c0086d8 00000513 addi             x10, x0, 0          x10=00000000
11357334ns          182534 1c0086da 00008067 jalr             x0, x1, 0            x1:1c008a86
11357373ns          182536 1c008a86 fff48493 addi             x9, x9, -1           x9=00000000  x9:00000001
11357393ns          182537 1c008a88 fff537e3 p.bneimm         x10, -18            x10:00000000
11357473ns          182541 1c008a76 012d8733 add              x14, x27, x18       x14=00000015 x27:efffe177 x18:10001e9e
11357493ns          182542 1c008a7a 5a048b63 beq              x9, x0, 1462         x9:00000000
11357592ns          182547 1c009030 00e00db3 add              x27, x0, x14        x27=00000015 x14:00000015
11357632ns          182549 1c009032 f3cff06f jal              x0, -2244          
11357692ns          182552 1c00876e 00044503 lbu              x10, 0(x8)          x10=00000020  x8:1c000032  PA:1c000032
11358010ns          182568 1c008772 00140413 addi             x8, x8, 1            x8=1c000033  x8:1c000032
11358030ns          182569 1c008774 00050e63 beq              x10, x0, 28         x10:00000020
11358050ns          182570 1c008776 02500793 addi             x15, x0, 37         x15=00000025
11358070ns          182571 1c00877a 04f50863 beq              x10, x15, 80        x10:00000020 x15:00000025
11358089ns          182572 1c00877e 01a005b3 add              x11, x0, x26        x11=00000002 x26:00000002
11358109ns          182573 1c008780 000b00e7 jalr             x1, x22, 0           x1=1c008782 x22:1c0086b4
11358189ns          182577 1c0086b4 000026b7 lui              x13, 0x2000         x13=00002000
11358229ns          182579 1c0086b6 f14027f3 csrrs            x15, x0, 0xf14      x15=00000003
11358249ns          182580 1c0086ba f8068693 addi             x13, x13, -128      x13=00001f80 x13:00002000
11358268ns          182581 1c0086be 00379713 slli             x14, x15, 0x3       x14=00000018 x15:00000003
11358288ns          182582 1c0086c2 00279793 slli             x15, x15, 0x2       x15=0000000c x15:00000003
11358308ns          182583 1c0086c4 00d7f7b3 and              x15, x15, x13       x15=00000000 x15:0000000c x13:00001f80
11358328ns          182584 1c0086c6 ee873733 p.bclr           x14, x14, 23, 8     x14=00000018 x14:00000018
11358348ns          182585 1c0086ca 1a10f6b7 lui              x13, 0x1a10f000     x13=1a10f000
11358368ns          182586 1c0086ce 0ff57513 andi             x10, x10, 255       x10=00000020 x10:00000020
11358388ns          182587 1c0086d2 00d70733 add              x14, x14, x13       x14=1a10f018 x14:00000018 x13:1a10f000
11358408ns          182588 1c0086d4 00a7e723 p.sw             x10, x0(x15)        x10:00000020 x15:00000000  PA:1a10f018
11358726ns          182604 1c0086d8 00000513 addi             x10, x0, 0          x10=00000000
11358746ns          182605 1c0086da 00008067 jalr             x0, x1, 0            x1:1c008782
11358805ns          182608 1c008782 31f52563 p.beqimm         x10, 778            x10:00000000
11358825ns          182609 1c008786 001d8d93 addi             x27, x27, 1         x27=00000016 x27:00000015
11358845ns          182610 1c008788 00044503 lbu              x10, 0(x8)          x10=00000077  x8:1c000033  PA:1c000033
11359144ns          182625 1c00878c 00140413 addi             x8, x8, 1            x8=1c000034  x8:1c000033
11359163ns          182626 1c00878e fe0514e3 bne              x10, x0, -24        x10:00000077
11359243ns          182630 1c008776 02500793 addi             x15, x0, 37         x15=00000025
11359263ns          182631 1c00877a 04f50863 beq              x10, x15, 80        x10:00000077 x15:00000025
11359283ns          182632 1c00877e 01a005b3 add              x11, x0, x26        x11=00000002 x26:00000002
11359303ns          182633 1c008780 000b00e7 jalr             x1, x22, 0           x1=1c008782 x22:1c0086b4
11359343ns          182635 1c0086b4 000026b7 lui              x13, 0x2000         x13=00002000
11359362ns          182636 1c0086b6 f14027f3 csrrs            x15, x0, 0xf14      x15=00000003
11359382ns          182637 1c0086ba f8068693 addi             x13, x13, -128      x13=00001f80 x13:00002000
11359402ns          182638 1c0086be 00379713 slli             x14, x15, 0x3       x14=00000018 x15:00000003
11359422ns          182639 1c0086c2 00279793 slli             x15, x15, 0x2       x15=0000000c x15:00000003
11359442ns          182640 1c0086c4 00d7f7b3 and              x15, x15, x13       x15=00000000 x15:0000000c x13:00001f80
11359462ns          182641 1c0086c6 ee873733 p.bclr           x14, x14, 23, 8     x14=00000018 x14:00000018
11359482ns          182642 1c0086ca 1a10f6b7 lui              x13, 0x1a10f000     x13=1a10f000
11359502ns          182643 1c0086ce 0ff57513 andi             x10, x10, 255       x10=00000077 x10:00000077
11359522ns          182644 1c0086d2 00d70733 add              x14, x14, x13       x14=1a10f018 x14:00000018 x13:1a10f000
11359541ns          182645 1c0086d4 00a7e723 p.sw             x10, x0(x15)        x10:00000077 x15:00000000  PA:1a10f018
11359860ns          182661 1c0086d8 00000513 addi             x10, x0, 0          x10=00000000
11359880ns          182662 1c0086da 00008067 jalr             x0, x1, 0            x1:1c008782
11359939ns          182665 1c008782 31f52563 p.beqimm         x10, 778            x10:00000000
11359959ns          182666 1c008786 001d8d93 addi             x27, x27, 1         x27=00000017 x27:00000016
11359979ns          182667 1c008788 00044503 lbu              x10, 0(x8)          x10=0000006f  x8:1c000034  PA:1c000034
11360277ns          182682 1c00878c 00140413 addi             x8, x8, 1            x8=1c000035  x8:1c000034
11360297ns          182683 1c00878e fe0514e3 bne              x10, x0, -24        x10:0000006f
11360377ns          182687 1c008776 02500793 addi             x15, x0, 37         x15=00000025
11360397ns          182688 1c00877a 04f50863 beq              x10, x15, 80        x10:0000006f x15:00000025
11360417ns          182689 1c00877e 01a005b3 add              x11, x0, x26        x11=00000002 x26:00000002
11360437ns          182690 1c008780 000b00e7 jalr             x1, x22, 0           x1=1c008782 x22:1c0086b4
11360476ns          182692 1c0086b4 000026b7 lui              x13, 0x2000         x13=00002000
11360496ns          182693 1c0086b6 f14027f3 csrrs            x15, x0, 0xf14      x15=00000003
11360516ns          182694 1c0086ba f8068693 addi             x13, x13, -128      x13=00001f80 x13:00002000
11360536ns          182695 1c0086be 00379713 slli             x14, x15, 0x3       x14=00000018 x15:00000003
11360556ns          182696 1c0086c2 00279793 slli             x15, x15, 0x2       x15=0000000c x15:00000003
11360576ns          182697 1c0086c4 00d7f7b3 and              x15, x15, x13       x15=00000000 x15:0000000c x13:00001f80
11360596ns          182698 1c0086c6 ee873733 p.bclr           x14, x14, 23, 8     x14=00000018 x14:00000018
11360616ns          182699 1c0086ca 1a10f6b7 lui              x13, 0x1a10f000     x13=1a10f000
11360635ns          182700 1c0086ce 0ff57513 andi             x10, x10, 255       x10=0000006f x10:0000006f
11360655ns          182701 1c0086d2 00d70733 add              x14, x14, x13       x14=1a10f018 x14:00000018 x13:1a10f000
11360675ns          182702 1c0086d4 00a7e723 p.sw             x10, x0(x15)        x10:0000006f x15:00000000  PA:1a10f018
11360993ns          182718 1c0086d8 00000513 addi             x10, x0, 0          x10=00000000
11361013ns          182719 1c0086da 00008067 jalr             x0, x1, 0            x1:1c008782
11361073ns          182722 1c008782 31f52563 p.beqimm         x10, 778            x10:00000000
11361093ns          182723 1c008786 001d8d93 addi             x27, x27, 1         x27=00000018 x27:00000017
11361113ns          182724 1c008788 00044503 lbu              x10, 0(x8)          x10=00000072  x8:1c000035  PA:1c000035
11361411ns          182739 1c00878c 00140413 addi             x8, x8, 1            x8=1c000036  x8:1c000035
11361431ns          182740 1c00878e fe0514e3 bne              x10, x0, -24        x10:00000072
11361511ns          182744 1c008776 02500793 addi             x15, x0, 37         x15=00000025
11361530ns          182745 1c00877a 04f50863 beq              x10, x15, 80        x10:00000072 x15:00000025
11361550ns          182746 1c00877e 01a005b3 add              x11, x0, x26        x11=00000002 x26:00000002
11361570ns          182747 1c008780 000b00e7 jalr             x1, x22, 0           x1=1c008782 x22:1c0086b4
11361610ns          182749 1c0086b4 000026b7 lui              x13, 0x2000         x13=00002000
11361630ns          182750 1c0086b6 f14027f3 csrrs            x15, x0, 0xf14      x15=00000003
11361650ns          182751 1c0086ba f8068693 addi             x13, x13, -128      x13=00001f80 x13:00002000
11361670ns          182752 1c0086be 00379713 slli             x14, x15, 0x3       x14=00000018 x15:00000003
11361690ns          182753 1c0086c2 00279793 slli             x15, x15, 0x2       x15=0000000c x15:00000003
11361710ns          182754 1c0086c4 00d7f7b3 and              x15, x15, x13       x15=00000000 x15:0000000c x13:00001f80
11361729ns          182755 1c0086c6 ee873733 p.bclr           x14, x14, 23, 8     x14=00000018 x14:00000018
11361749ns          182756 1c0086ca 1a10f6b7 lui              x13, 0x1a10f000     x13=1a10f000
11361769ns          182757 1c0086ce 0ff57513 andi             x10, x10, 255       x10=00000072 x10:00000072
11361789ns          182758 1c0086d2 00d70733 add              x14, x14, x13       x14=1a10f018 x14:00000018 x13:1a10f000
11361809ns          182759 1c0086d4 00a7e723 p.sw             x10, x0(x15)        x10:00000072 x15:00000000  PA:1a10f018
11362147ns          182776 1c0086d8 00000513 addi             x10, x0, 0          x10=00000000
11362167ns          182777 1c0086da 00008067 jalr             x0, x1, 0            x1:1c008782
11362227ns          182780 1c008782 31f52563 p.beqimm         x10, 778            x10:00000000
11362247ns          182781 1c008786 001d8d93 addi             x27, x27, 1         x27=00000019 x27:00000018
11362266ns          182782 1c008788 00044503 lbu              x10, 0(x8)          x10=00000064  x8:1c000036  PA:1c000036
11362565ns          182797 1c00878c 00140413 addi             x8, x8, 1            x8=1c000037  x8:1c000036
11362585ns          182798 1c00878e fe0514e3 bne              x10, x0, -24        x10:00000064
11362664ns          182802 1c008776 02500793 addi             x15, x0, 37         x15=00000025
11362684ns          182803 1c00877a 04f50863 beq              x10, x15, 80        x10:00000064 x15:00000025
11362704ns          182804 1c00877e 01a005b3 add              x11, x0, x26        x11=00000002 x26:00000002
11362724ns          182805 1c008780 000b00e7 jalr             x1, x22, 0           x1=1c008782 x22:1c0086b4
11362764ns          182807 1c0086b4 000026b7 lui              x13, 0x2000         x13=00002000
11362784ns          182808 1c0086b6 f14027f3 csrrs            x15, x0, 0xf14      x15=00000003
11362804ns          182809 1c0086ba f8068693 addi             x13, x13, -128      x13=00001f80 x13:00002000
11362823ns          182810 1c0086be 00379713 slli             x14, x15, 0x3       x14=00000018 x15:00000003
11362843ns          182811 1c0086c2 00279793 slli             x15, x15, 0x2       x15=0000000c x15:00000003
11362863ns          182812 1c0086c4 00d7f7b3 and              x15, x15, x13       x15=00000000 x15:0000000c x13:00001f80
11362883ns          182813 1c0086c6 ee873733 p.bclr           x14, x14, 23, 8     x14=00000018 x14:00000018
11362903ns          182814 1c0086ca 1a10f6b7 lui              x13, 0x1a10f000     x13=1a10f000
11362923ns          182815 1c0086ce 0ff57513 andi             x10, x10, 255       x10=00000064 x10:00000064
11362943ns          182816 1c0086d2 00d70733 add              x14, x14, x13       x14=1a10f018 x14:00000018 x13:1a10f000
11362963ns          182817 1c0086d4 00a7e723 p.sw             x10, x0(x15)        x10:00000064 x15:00000000  PA:1a10f018
11363301ns          182834 1c0086d8 00000513 addi             x10, x0, 0          x10=00000000
11363321ns          182835 1c0086da 00008067 jalr             x0, x1, 0            x1:1c008782
11363380ns          182838 1c008782 31f52563 p.beqimm         x10, 778            x10:00000000
11363400ns          182839 1c008786 001d8d93 addi             x27, x27, 1         x27=0000001a x27:00000019
11363420ns          182840 1c008788 00044503 lbu              x10, 0(x8)          x10=00000073  x8:1c000037  PA:1c000037
11363718ns          182855 1c00878c 00140413 addi             x8, x8, 1            x8=1c000038  x8:1c000037
11363738ns          182856 1c00878e fe0514e3 bne              x10, x0, -24        x10:00000073
11363818ns          182860 1c008776 02500793 addi             x15, x0, 37         x15=00000025
11363838ns          182861 1c00877a 04f50863 beq              x10, x15, 80        x10:00000073 x15:00000025
11363858ns          182862 1c00877e 01a005b3 add              x11, x0, x26        x11=00000002 x26:00000002
11363878ns          182863 1c008780 000b00e7 jalr             x1, x22, 0           x1=1c008782 x22:1c0086b4
11363917ns          182865 1c0086b4 000026b7 lui              x13, 0x2000         x13=00002000
11363937ns          182866 1c0086b6 f14027f3 csrrs            x15, x0, 0xf14      x15=00000003
11363957ns          182867 1c0086ba f8068693 addi             x13, x13, -128      x13=00001f80 x13:00002000
11363977ns          182868 1c0086be 00379713 slli             x14, x15, 0x3       x14=00000018 x15:00000003
11363997ns          182869 1c0086c2 00279793 slli             x15, x15, 0x2       x15=0000000c x15:00000003
11364017ns          182870 1c0086c4 00d7f7b3 and              x15, x15, x13       x15=00000000 x15:0000000c x13:00001f80
11364037ns          182871 1c0086c6 ee873733 p.bclr           x14, x14, 23, 8     x14=00000018 x14:00000018
11364057ns          182872 1c0086ca 1a10f6b7 lui              x13, 0x1a10f000     x13=1a10f000
11364077ns          182873 1c0086ce 0ff57513 andi             x10, x10, 255       x10=00000073 x10:00000073
11364096ns          182874 1c0086d2 00d70733 add              x14, x14, x13       x14=1a10f018 x14:00000018 x13:1a10f000
11364116ns          182875 1c0086d4 00a7e723 p.sw             x10, x0(x15)        x10:00000073 x15:00000000  PA:1a10f018
11364435ns          182891 1c0086d8 00000513 addi             x10, x0, 0          x10=00000000
11364454ns          182892 1c0086da 00008067 jalr             x0, x1, 0            x1:1c008782
11364514ns          182895 1c008782 31f52563 p.beqimm         x10, 778            x10:00000000
11364534ns          182896 1c008786 001d8d93 addi             x27, x27, 1         x27=0000001b x27:0000001a
11364554ns          182897 1c008788 00044503 lbu              x10, 0(x8)          x10=00000020  x8:1c000038  PA:1c000038
11364852ns          182912 1c00878c 00140413 addi             x8, x8, 1            x8=1c000039  x8:1c000038
11364872ns          182913 1c00878e fe0514e3 bne              x10, x0, -24        x10:00000020
11364952ns          182917 1c008776 02500793 addi             x15, x0, 37         x15=00000025
11364972ns          182918 1c00877a 04f50863 beq              x10, x15, 80        x10:00000020 x15:00000025
11364991ns          182919 1c00877e 01a005b3 add              x11, x0, x26        x11=00000002 x26:00000002
11365011ns          182920 1c008780 000b00e7 jalr             x1, x22, 0           x1=1c008782 x22:1c0086b4
11365051ns          182922 1c0086b4 000026b7 lui              x13, 0x2000         x13=00002000
11365071ns          182923 1c0086b6 f14027f3 csrrs            x15, x0, 0xf14      x15=00000003
11365091ns          182924 1c0086ba f8068693 addi             x13, x13, -128      x13=00001f80 x13:00002000
11365111ns          182925 1c0086be 00379713 slli             x14, x15, 0x3       x14=00000018 x15:00000003
11365131ns          182926 1c0086c2 00279793 slli             x15, x15, 0x2       x15=0000000c x15:00000003
11365151ns          182927 1c0086c4 00d7f7b3 and              x15, x15, x13       x15=00000000 x15:0000000c x13:00001f80
11365171ns          182928 1c0086c6 ee873733 p.bclr           x14, x14, 23, 8     x14=00000018 x14:00000018
11365190ns          182929 1c0086ca 1a10f6b7 lui              x13, 0x1a10f000     x13=1a10f000
11365210ns          182930 1c0086ce 0ff57513 andi             x10, x10, 255       x10=00000020 x10:00000020
11365230ns          182931 1c0086d2 00d70733 add              x14, x14, x13       x14=1a10f018 x14:00000018 x13:1a10f000
11365250ns          182932 1c0086d4 00a7e723 p.sw             x10, x0(x15)        x10:00000020 x15:00000000  PA:1a10f018
11365568ns          182948 1c0086d8 00000513 addi             x10, x0, 0          x10=00000000
11365588ns          182949 1c0086da 00008067 jalr             x0, x1, 0            x1:1c008782
11365648ns          182952 1c008782 31f52563 p.beqimm         x10, 778            x10:00000000
11365668ns          182953 1c008786 001d8d93 addi             x27, x27, 1         x27=0000001c x27:0000001b
11365688ns          182954 1c008788 00044503 lbu              x10, 0(x8)          x10=00000074  x8:1c000039  PA:1c000039
11366006ns          182970 1c00878c 00140413 addi             x8, x8, 1            x8=1c00003a  x8:1c000039
11366026ns          182971 1c00878e fe0514e3 bne              x10, x0, -24        x10:00000074
11366105ns          182975 1c008776 02500793 addi             x15, x0, 37         x15=00000025
11366125ns          182976 1c00877a 04f50863 beq              x10, x15, 80        x10:00000074 x15:00000025
11366145ns          182977 1c00877e 01a005b3 add              x11, x0, x26        x11=00000002 x26:00000002
11366165ns          182978 1c008780 000b00e7 jalr             x1, x22, 0           x1=1c008782 x22:1c0086b4
11366205ns          182980 1c0086b4 000026b7 lui              x13, 0x2000         x13=00002000
11366225ns          182981 1c0086b6 f14027f3 csrrs            x15, x0, 0xf14      x15=00000003
11366245ns          182982 1c0086ba f8068693 addi             x13, x13, -128      x13=00001f80 x13:00002000
11366264ns          182983 1c0086be 00379713 slli             x14, x15, 0x3       x14=00000018 x15:00000003
11366284ns          182984 1c0086c2 00279793 slli             x15, x15, 0x2       x15=0000000c x15:00000003
11366304ns          182985 1c0086c4 00d7f7b3 and              x15, x15, x13       x15=00000000 x15:0000000c x13:00001f80
11366324ns          182986 1c0086c6 ee873733 p.bclr           x14, x14, 23, 8     x14=00000018 x14:00000018
11366344ns          182987 1c0086ca 1a10f6b7 lui              x13, 0x1a10f000     x13=1a10f000
11366364ns          182988 1c0086ce 0ff57513 andi             x10, x10, 255       x10=00000074 x10:00000074
11366384ns          182989 1c0086d2 00d70733 add              x14, x14, x13       x14=1a10f018 x14:00000018 x13:1a10f000
11366404ns          182990 1c0086d4 00a7e723 p.sw             x10, x0(x15)        x10:00000074 x15:00000000  PA:1a10f018
11366722ns          183006 1c0086d8 00000513 addi             x10, x0, 0          x10=00000000
11366742ns          183007 1c0086da 00008067 jalr             x0, x1, 0            x1:1c008782
11366802ns          183010 1c008782 31f52563 p.beqimm         x10, 778            x10:00000000
11366821ns          183011 1c008786 001d8d93 addi             x27, x27, 1         x27=0000001d x27:0000001c
11366841ns          183012 1c008788 00044503 lbu              x10, 0(x8)          x10=0000006f  x8:1c00003a  PA:1c00003a
11367140ns          183027 1c00878c 00140413 addi             x8, x8, 1            x8=1c00003b  x8:1c00003a
11367160ns          183028 1c00878e fe0514e3 bne              x10, x0, -24        x10:0000006f
11367239ns          183032 1c008776 02500793 addi             x15, x0, 37         x15=00000025
11367259ns          183033 1c00877a 04f50863 beq              x10, x15, 80        x10:0000006f x15:00000025
11367279ns          183034 1c00877e 01a005b3 add              x11, x0, x26        x11=00000002 x26:00000002
11367299ns          183035 1c008780 000b00e7 jalr             x1, x22, 0           x1=1c008782 x22:1c0086b4
11367339ns          183037 1c0086b4 000026b7 lui              x13, 0x2000         x13=00002000
11367358ns          183038 1c0086b6 f14027f3 csrrs            x15, x0, 0xf14      x15=00000003
11367378ns          183039 1c0086ba f8068693 addi             x13, x13, -128      x13=00001f80 x13:00002000
11367398ns          183040 1c0086be 00379713 slli             x14, x15, 0x3       x14=00000018 x15:00000003
11367418ns          183041 1c0086c2 00279793 slli             x15, x15, 0x2       x15=0000000c x15:00000003
11367438ns          183042 1c0086c4 00d7f7b3 and              x15, x15, x13       x15=00000000 x15:0000000c x13:00001f80
11367458ns          183043 1c0086c6 ee873733 p.bclr           x14, x14, 23, 8     x14=00000018 x14:00000018
11367478ns          183044 1c0086ca 1a10f6b7 lui              x13, 0x1a10f000     x13=1a10f000
11367498ns          183045 1c0086ce 0ff57513 andi             x10, x10, 255       x10=0000006f x10:0000006f
11367518ns          183046 1c0086d2 00d70733 add              x14, x14, x13       x14=1a10f018 x14:00000018 x13:1a10f000
11367538ns          183047 1c0086d4 00a7e723 p.sw             x10, x0(x15)        x10:0000006f x15:00000000  PA:1a10f018
11367856ns          183063 1c0086d8 00000513 addi             x10, x0, 0          x10=00000000
11367876ns          183064 1c0086da 00008067 jalr             x0, x1, 0            x1:1c008782
11367935ns          183067 1c008782 31f52563 p.beqimm         x10, 778            x10:00000000
11367955ns          183068 1c008786 001d8d93 addi             x27, x27, 1         x27=0000001e x27:0000001d
11367975ns          183069 1c008788 00044503 lbu              x10, 0(x8)          x10=0000006f  x8:1c00003b  PA:1c00003b
11368273ns          183084 1c00878c 00140413 addi             x8, x8, 1            x8=1c00003c  x8:1c00003b
11368293ns          183085 1c00878e fe0514e3 bne              x10, x0, -24        x10:0000006f
11368373ns          183089 1c008776 02500793 addi             x15, x0, 37         x15=00000025
11368393ns          183090 1c00877a 04f50863 beq              x10, x15, 80        x10:0000006f x15:00000025
11368413ns          183091 1c00877e 01a005b3 add              x11, x0, x26        x11=00000002 x26:00000002
11368433ns          183092 1c008780 000b00e7 jalr             x1, x22, 0           x1=1c008782 x22:1c0086b4
11368472ns          183094 1c0086b4 000026b7 lui              x13, 0x2000         x13=00002000
11368492ns          183095 1c0086b6 f14027f3 csrrs            x15, x0, 0xf14      x15=00000003
11368512ns          183096 1c0086ba f8068693 addi             x13, x13, -128      x13=00001f80 x13:00002000
11368532ns          183097 1c0086be 00379713 slli             x14, x15, 0x3       x14=00000018 x15:00000003
11368552ns          183098 1c0086c2 00279793 slli             x15, x15, 0x2       x15=0000000c x15:00000003
11368572ns          183099 1c0086c4 00d7f7b3 and              x15, x15, x13       x15=00000000 x15:0000000c x13:00001f80
11368592ns          183100 1c0086c6 ee873733 p.bclr           x14, x14, 23, 8     x14=00000018 x14:00000018
11368612ns          183101 1c0086ca 1a10f6b7 lui              x13, 0x1a10f000     x13=1a10f000
11368631ns          183102 1c0086ce 0ff57513 andi             x10, x10, 255       x10=0000006f x10:0000006f
11368651ns          183103 1c0086d2 00d70733 add              x14, x14, x13       x14=1a10f018 x14:00000018 x13:1a10f000
11368671ns          183104 1c0086d4 00a7e723 p.sw             x10, x0(x15)        x10:0000006f x15:00000000  PA:1a10f018
11368990ns          183120 1c0086d8 00000513 addi             x10, x0, 0          x10=00000000
11369009ns          183121 1c0086da 00008067 jalr             x0, x1, 0            x1:1c008782
11369069ns          183124 1c008782 31f52563 p.beqimm         x10, 778            x10:00000000
11369089ns          183125 1c008786 001d8d93 addi             x27, x27, 1         x27=0000001f x27:0000001e
11369109ns          183126 1c008788 00044503 lbu              x10, 0(x8)          x10=0000006b  x8:1c00003c  PA:1c00003c
11369407ns          183141 1c00878c 00140413 addi             x8, x8, 1            x8=1c00003d  x8:1c00003c
11369427ns          183142 1c00878e fe0514e3 bne              x10, x0, -24        x10:0000006b
11369507ns          183146 1c008776 02500793 addi             x15, x0, 37         x15=00000025
11369527ns          183147 1c00877a 04f50863 beq              x10, x15, 80        x10:0000006b x15:00000025
11369546ns          183148 1c00877e 01a005b3 add              x11, x0, x26        x11=00000002 x26:00000002
11369566ns          183149 1c008780 000b00e7 jalr             x1, x22, 0           x1=1c008782 x22:1c0086b4
11369606ns          183151 1c0086b4 000026b7 lui              x13, 0x2000         x13=00002000
11369626ns          183152 1c0086b6 f14027f3 csrrs            x15, x0, 0xf14      x15=00000003
11369646ns          183153 1c0086ba f8068693 addi             x13, x13, -128      x13=00001f80 x13:00002000
11369666ns          183154 1c0086be 00379713 slli             x14, x15, 0x3       x14=00000018 x15:00000003
11369686ns          183155 1c0086c2 00279793 slli             x15, x15, 0x2       x15=0000000c x15:00000003
11369706ns          183156 1c0086c4 00d7f7b3 and              x15, x15, x13       x15=00000000 x15:0000000c x13:00001f80
11369725ns          183157 1c0086c6 ee873733 p.bclr           x14, x14, 23, 8     x14=00000018 x14:00000018
11369745ns          183158 1c0086ca 1a10f6b7 lui              x13, 0x1a10f000     x13=1a10f000
11369765ns          183159 1c0086ce 0ff57513 andi             x10, x10, 255       x10=0000006b x10:0000006b
11369785ns          183160 1c0086d2 00d70733 add              x14, x14, x13       x14=1a10f018 x14:00000018 x13:1a10f000
11369805ns          183161 1c0086d4 00a7e723 p.sw             x10, x0(x15)        x10:0000006b x15:00000000  PA:1a10f018
11370123ns          183177 1c0086d8 00000513 addi             x10, x0, 0          x10=00000000
11370143ns          183178 1c0086da 00008067 jalr             x0, x1, 0            x1:1c008782
11370203ns          183181 1c008782 31f52563 p.beqimm         x10, 778            x10:00000000
11370223ns          183182 1c008786 001d8d93 addi             x27, x27, 1         x27=00000020 x27:0000001f
11370243ns          183183 1c008788 00044503 lbu              x10, 0(x8)          x10=00000020  x8:1c00003d  PA:1c00003d
11370541ns          183198 1c00878c 00140413 addi             x8, x8, 1            x8=1c00003e  x8:1c00003d
11370561ns          183199 1c00878e fe0514e3 bne              x10, x0, -24        x10:00000020
11370640ns          183203 1c008776 02500793 addi             x15, x0, 37         x15=00000025
11370660ns          183204 1c00877a 04f50863 beq              x10, x15, 80        x10:00000020 x15:00000025
11370680ns          183205 1c00877e 01a005b3 add              x11, x0, x26        x11=00000002 x26:00000002
11370700ns          183206 1c008780 000b00e7 jalr             x1, x22, 0           x1=1c008782 x22:1c0086b4
11370740ns          183208 1c0086b4 000026b7 lui              x13, 0x2000         x13=00002000
11370760ns          183209 1c0086b6 f14027f3 csrrs            x15, x0, 0xf14      x15=00000003
11370780ns          183210 1c0086ba f8068693 addi             x13, x13, -128      x13=00001f80 x13:00002000
11370800ns          183211 1c0086be 00379713 slli             x14, x15, 0x3       x14=00000018 x15:00000003
11370819ns          183212 1c0086c2 00279793 slli             x15, x15, 0x2       x15=0000000c x15:00000003
11370839ns          183213 1c0086c4 00d7f7b3 and              x15, x15, x13       x15=00000000 x15:0000000c x13:00001f80
11370859ns          183214 1c0086c6 ee873733 p.bclr           x14, x14, 23, 8     x14=00000018 x14:00000018
11370879ns          183215 1c0086ca 1a10f6b7 lui              x13, 0x1a10f000     x13=1a10f000
11370899ns          183216 1c0086ce 0ff57513 andi             x10, x10, 255       x10=00000020 x10:00000020
11370919ns          183217 1c0086d2 00d70733 add              x14, x14, x13       x14=1a10f018 x14:00000018 x13:1a10f000
11370939ns          183218 1c0086d4 00a7e723 p.sw             x10, x0(x15)        x10:00000020 x15:00000000  PA:1a10f018
11371277ns          183235 1c0086d8 00000513 addi             x10, x0, 0          x10=00000000
11371297ns          183236 1c0086da 00008067 jalr             x0, x1, 0            x1:1c008782
11371357ns          183239 1c008782 31f52563 p.beqimm         x10, 778            x10:00000000
11371376ns          183240 1c008786 001d8d93 addi             x27, x27, 1         x27=00000021 x27:00000020
11371396ns          183241 1c008788 00044503 lbu              x10, 0(x8)          x10=00000025  x8:1c00003e  PA:1c00003e
11371695ns          183256 1c00878c 00140413 addi             x8, x8, 1            x8=1c00003f  x8:1c00003e
11371715ns          183257 1c00878e fe0514e3 bne              x10, x0, -24        x10:00000025
11371794ns          183261 1c008776 02500793 addi             x15, x0, 37         x15=00000025
11371814ns          183262 1c00877a 04f50863 beq              x10, x15, 80        x10:00000025 x15:00000025
11371894ns          183266 1c0087ca 00044483 lbu              x9, 0(x8)            x9=00000075  x8:1c00003f  PA:1c00003f
11372212ns          183282 1c0087ce 02000693 addi             x13, x0, 32         x13=00000020
11372232ns          183283 1c0087d2 00140a93 addi             x21, x8, 1          x21=1c000040  x8:1c00003f
11372252ns          183284 1c0087d6 009005b3 add              x11, x0, x9         x11=00000075  x9:00000075
11372272ns          183285 1c0087d8 064b8513 addi             x10, x23, 100       x10=1c000064 x23:1c000000
11372291ns          183286 1c0087dc 00d12823 sw               x13, 16(x2)         x13:00000020  x2:10001e78  PA:10001e88
11372311ns          183287 1c0087de 00012c23 sw               x0, 24(x2)           x2:10001e78  PA:10001e90
11372331ns          183288 1c0087e0 00012a23 sw               x0, 20(x2)           x2:10001e78  PA:10001e8c
11372351ns          183289 1c0087e2 00012e23 sw               x0, 28(x2)           x2:10001e78  PA:10001e94
11372371ns          183290 1c0087e4 00012623 sw               x0, 12(x2)           x2:10001e78  PA:10001e84
11372391ns          183291 1c0087e6 02300913 addi             x18, x0, 35         x18=00000023
11372411ns          183292 1c0087ea 02d00a13 addi             x20, x0, 45         x20=0000002d
11372431ns          183293 1c0087ee 015009b3 add              x19, x0, x21        x19=1c000040 x21:1c000040
11372451ns          183294 1c0087f0 e97ff0ef jal              x1, -362             x1=1c0087f2
11372570ns          183300 1c008686 00054783 lbu              x15, 0(x10)         x15=0000002d x10:1c000064  PA:1c000064
11372868ns          183315 1c00868a 0ff5f593 andi             x11, x11, 255       x11=00000075 x11:00000075
11372888ns          183316 1c00868e 00b78c63 beq              x15, x11, 24        x15:0000002d x11:00000075
11372908ns          183317 1c008692 00078b63 beq              x15, x0, 22         x15:0000002d
11372928ns          183318 1c008694 00150793 addi             x15, x10, 1         x15=1c000065 x10:1c000064
11372948ns          183319 1c008698 0040006f jal              x0, 4              
11372988ns          183321 1c00869c 00f00533 add              x10, x0, x15        x10=1c000065 x15:1c000065
11373007ns          183322 1c00869e 0017c70b p.lbu            x14, 1(x15!)        x14=0000002b x15=1c000066 x15:1c000065  PA:1c000065
11373326ns          183338 1c0086a2 feb71ce3 bne              x14, x11, -8        x14:0000002b x11:00000075
11373385ns          183341 1c00869a 00070763 beq              x14, x0, 14         x14:0000002b
11373405ns          183342 1c00869c 00f00533 add              x10, x0, x15        x10=1c000066 x15:1c000066
11373425ns          183343 1c00869e 0017c70b p.lbu            x14, 1(x15!)        x14=00000020 x15=1c000067 x15:1c000066  PA:1c000066
11373743ns          183359 1c0086a2 feb71ce3 bne              x14, x11, -8        x14:00000020 x11:00000075
11373803ns          183362 1c00869a 00070763 beq              x14, x0, 14         x14:00000020
11373823ns          183363 1c00869c 00f00533 add              x10, x0, x15        x10=1c000067 x15:1c000067
11373843ns          183364 1c00869e 0017c70b p.lbu            x14, 1(x15!)        x14=00000023 x15=1c000068 x15:1c000067  PA:1c000067
11374161ns          183380 1c0086a2 feb71ce3 bne              x14, x11, -8        x14:00000023 x11:00000075
11374221ns          183383 1c00869a 00070763 beq              x14, x0, 14         x14:00000023
11374241ns          183384 1c00869c 00f00533 add              x10, x0, x15        x10=1c000068 x15:1c000068
11374261ns          183385 1c00869e 0017c70b p.lbu            x14, 1(x15!)        x14=00000030 x15=1c000069 x15:1c000068  PA:1c000068
11374579ns          183401 1c0086a2 feb71ce3 bne              x14, x11, -8        x14:00000030 x11:00000075
11374638ns          183404 1c00869a 00070763 beq              x14, x0, 14         x14:00000030
11374658ns          183405 1c00869c 00f00533 add              x10, x0, x15        x10=1c000069 x15:1c000069
11374678ns          183406 1c00869e 0017c70b p.lbu            x14, 1(x15!)        x14=00000000 x15=1c00006a x15:1c000069  PA:1c000069
11374997ns          183422 1c0086a2 feb71ce3 bne              x14, x11, -8        x14:00000000 x11:00000075
11375056ns          183425 1c00869a 00070763 beq              x14, x0, 14         x14:00000000
11375116ns          183428 1c0086a8 0015b593 sltiu            x11, x11, 1         x11=00000000 x11:00000075
11375136ns          183429 1c0086ac 40b005b3 sub              x11, x0, x11        x11=00000000 x11:00000000
11375156ns          183430 1c0086b0 00b57533 and              x10, x10, x11       x10=00000000 x10:1c000069 x11:00000000
11375176ns          183431 1c0086b2 00008067 jalr             x0, x1, 0            x1:1c0087f2
11375215ns          183433 1c0087f2 02050a63 beq              x10, x0, 52         x10:00000000
11375295ns          183437 1c008826 02a00613 addi             x12, x0, 42         x12=0000002a
11375315ns          183438 1c00882a 2ac48663 beq              x9, x12, 684         x9:00000075 x12:0000002a
11375374ns          183441 1c00882e fd048613 addi             x12, x9, -48        x12=00000045  x9:00000075
11375394ns          183442 1c008832 00900593 addi             x11, x0, 9          x11=00000009
11375414ns          183443 1c008834 00000913 addi             x18, x0, 0          x18=00000000
11375434ns          183444 1c008836 28c5f063 bgeu             x11, x12, 640       x11:00000009 x12:00000045
11375454ns          183445 1c00883a 02e00693 addi             x13, x0, 46         x13=0000002e
11375474ns          183446 1c00883e fff00a13 addi             x20, x0, -1         x20=ffffffff
11375494ns          183447 1c008840 2ed48363 beq              x9, x13, 742         x9:00000075 x13:0000002e
11375514ns          183448 1c008844 1c0007b7 lui              x15, 0x1c000000     x15=1c000000
11375534ns          183449 1c008848 009005b3 add              x11, x0, x9         x11=00000075  x9:00000075
11375553ns          183450 1c00884a 06c78513 addi             x10, x15, 108       x10=1c00006c x15:1c000000
11375573ns          183451 1c00884e e39ff0ef jal              x1, -456             x1=1c008850
11375653ns          183455 1c008686 00054783 lbu              x15, 0(x10)         x15=00000068 x10:1c00006c  PA:1c00006c
11375951ns          183470 1c00868a 0ff5f593 andi             x11, x11, 255       x11=00000075 x11:00000075
11375971ns          183471 1c00868e 00b78c63 beq              x15, x11, 24        x15:00000068 x11:00000075
11375991ns          183472 1c008692 00078b63 beq              x15, x0, 22         x15:00000068
11376011ns          183473 1c008694 00150793 addi             x15, x10, 1         x15=1c00006d x10:1c00006c
11376031ns          183474 1c008698 0040006f jal              x0, 4              
11376071ns          183476 1c00869c 00f00533 add              x10, x0, x15        x10=1c00006d x15:1c00006d
11376091ns          183477 1c00869e 0017c70b p.lbu            x14, 1(x15!)        x14=0000006c x15=1c00006e x15:1c00006d  PA:1c00006d
11376409ns          183493 1c0086a2 feb71ce3 bne              x14, x11, -8        x14:0000006c x11:00000075
11376468ns          183496 1c00869a 00070763 beq              x14, x0, 14         x14:0000006c
11376488ns          183497 1c00869c 00f00533 add              x10, x0, x15        x10=1c00006e x15:1c00006e
11376508ns          183498 1c00869e 0017c70b p.lbu            x14, 1(x15!)        x14=0000004c x15=1c00006f x15:1c00006e  PA:1c00006e
11376826ns          183514 1c0086a2 feb71ce3 bne              x14, x11, -8        x14:0000004c x11:00000075
11376886ns          183517 1c00869a 00070763 beq              x14, x0, 14         x14:0000004c
11376906ns          183518 1c00869c 00f00533 add              x10, x0, x15        x10=1c00006f x15:1c00006f
11376926ns          183519 1c00869e 0017c70b p.lbu            x14, 1(x15!)        x14=0000007a x15=1c000070 x15:1c00006f  PA:1c00006f
11377244ns          183535 1c0086a2 feb71ce3 bne              x14, x11, -8        x14:0000007a x11:00000075
11377304ns          183538 1c00869a 00070763 beq              x14, x0, 14         x14:0000007a
11377324ns          183539 1c00869c 00f00533 add              x10, x0, x15        x10=1c000070 x15:1c000070
11377344ns          183540 1c00869e 0017c70b p.lbu            x14, 1(x15!)        x14=00000000 x15=1c000071 x15:1c000070  PA:1c000070
11377662ns          183556 1c0086a2 feb71ce3 bne              x14, x11, -8        x14:00000000 x11:00000075
11377722ns          183559 1c00869a 00070763 beq              x14, x0, 14         x14:00000000
11377781ns          183562 1c0086a8 0015b593 sltiu            x11, x11, 1         x11=00000000 x11:00000075
11377801ns          183563 1c0086ac 40b005b3 sub              x11, x0, x11        x11=00000000 x11:00000000
11377821ns          183564 1c0086b0 00b57533 and              x10, x10, x11       x10=00000000 x10:1c000070 x11:00000000
11377841ns          183565 1c0086b2 00008067 jalr             x0, x1, 0            x1:1c008850
11377881ns          183567 1c008850 01300433 add              x8, x0, x19          x8=1c000040 x19:1c000040
11377901ns          183568 1c008852 00050563 beq              x10, x0, 10         x10:00000000
11377960ns          183571 1c00885c 06700693 addi             x13, x0, 103        x13=00000067
11378020ns          183574 1c008860 2896d963 bge              x13, x9, 658        x13:00000067  x9:00000075
11378060ns          183576 1c008864 07000693 addi             x13, x0, 112        x13=00000070
11378080ns          183577 1c008868 7cd48763 beq              x9, x13, 1998        x9:00000075 x13:00000070
11378099ns          183578 1c00886c 2e96d163 bge              x13, x9, 738        x13:00000070  x9:00000075
11378438ns          183595 1c008870 07500693 addi             x13, x0, 117        x13=00000075
11378477ns          183597 1c008874 12d484e3 beq              x9, x13, 2344        x9:00000075 x13:00000075
11378955ns          183621 1c00919c 000c2683 lw               x13, 0(x24)         x13=00000000 x24:10001fd4  PA:10001fd4
11379432ns          183645 1c0091a0 019007b3 add              x15, x0, x25        x15=10001e9c x25:10001e9c
11379452ns          183646 1c0091a2 004c0c13 addi             x24, x24, 4         x24=10001fd8 x24:10001fd4
11379472ns          183647 1c0091a4 00a00593 addi             x11, x0, 10         x11=0000000a
11379492ns          183648 1c0091a6 02b6f733 remu             x14, x13, x11       x14=00000000 x13:00000000 x11:0000000a
11380108ns          183679 1c0091aa 02b6d6b3 divu             x13, x13, x11       x13=00000000 x13:00000000 x11:0000000a
11380725ns          183710 1c0091ae 03070713 addi             x14, x14, 48        x14=00000030 x14:00000000
11380745ns          183711 1c0091b2 00e780ab p.sb             x14, 1(x15!)        x15=10001e9d x14:00000030 x15:10001e9c  PA:10001e9c
11380765ns          183712 1c0091b6 fe0698e3 bne              x13, x0, -16        x13:00000000
11380785ns          183713 1c0091b8 419784b3 sub              x9, x15, x25         x9=00000001 x15:10001e9d x25:10001e9c
11380805ns          183714 1c0091bc 0144dd63 bge              x9, x20, 26          x9:00000001 x20:ffffffff
11381720ns          183760 1c0091d6 fe078fab p.sb             x0, -1(x15!)        x15=10001e9c x15:10001e9d  PA:10001e9d
11381739ns          183761 1c0091da 00fcfd63 bgeu             x25, x15, 26        x25:10001e9c x15:10001e9c
11382654ns          183807 1c0091f4 0c800793 addi             x15, x0, 200        x15=000000c8
11382694ns          183809 1c0091f8 03fa2b63 p.beqimm         x20, 54             x20:ffffffff
11384067ns          183878 1c00922e 8497cfe3 blt              x15, x9, -1954      x15:000000c8  x9:00000001
11384087ns          183879 1c009232 00012623 sw               x0, 12(x2)           x2:10001e78  PA:10001e84
11384106ns          183880 1c009234 f54ff06f jal              x0, -2220          
11384564ns          183903 1c008988 0f24d163 bge              x9, x18, 226         x9:00000001 x18:00000000
11384703ns          183910 1c008a6a d00482e3 beq              x9, x0, -764         x9:00000001
11384723ns          183911 1c008a6e 01900933 add              x18, x0, x25        x18=10001e9c x25:10001e9c
11384743ns          183912 1c008a70 419d8db3 sub              x27, x27, x25       x27=efffe185 x27:00000021 x25:10001e9c
11384763ns          183913 1c008a74 00a0006f jal              x0, 10             
11384862ns          183918 1c008a7e 0019450b p.lbu            x10, 1(x18!)        x10=00000030 x18=10001e9d x18:10001e9c  PA:10001e9c
11384882ns          183919 1c008a82 01a005b3 add              x11, x0, x26        x11=00000002 x26:00000002
11384902ns          183920 1c008a84 000b00e7 jalr             x1, x22, 0           x1=1c008a86 x22:1c0086b4
11384982ns          183924 1c0086b4 000026b7 lui              x13, 0x2000         x13=00002000
11385021ns          183926 1c0086b6 f14027f3 csrrs            x15, x0, 0xf14      x15=00000003
11385041ns          183927 1c0086ba f8068693 addi             x13, x13, -128      x13=00001f80 x13:00002000
11385061ns          183928 1c0086be 00379713 slli             x14, x15, 0x3       x14=00000018 x15:00000003
11385081ns          183929 1c0086c2 00279793 slli             x15, x15, 0x2       x15=0000000c x15:00000003
11385101ns          183930 1c0086c4 00d7f7b3 and              x15, x15, x13       x15=00000000 x15:0000000c x13:00001f80
11385121ns          183931 1c0086c6 ee873733 p.bclr           x14, x14, 23, 8     x14=00000018 x14:00000018
11385141ns          183932 1c0086ca 1a10f6b7 lui              x13, 0x1a10f000     x13=1a10f000
11385181ns          183934 1c0086ce 0ff57513 andi             x10, x10, 255       x10=00000030 x10:00000030
11385200ns          183935 1c0086d2 00d70733 add              x14, x14, x13       x14=1a10f018 x14:00000018 x13:1a10f000
11385220ns          183936 1c0086d4 00a7e723 p.sw             x10, x0(x15)        x10:00000030 x15:00000000  PA:1a10f018
11385678ns          183959 1c0086d8 00000513 addi             x10, x0, 0          x10=00000000
11385698ns          183960 1c0086da 00008067 jalr             x0, x1, 0            x1:1c008a86
11385738ns          183962 1c008a86 fff48493 addi             x9, x9, -1           x9=00000000  x9:00000001
11385757ns          183963 1c008a88 fff537e3 p.bneimm         x10, -18            x10:00000000
11385897ns          183970 1c008a76 012d8733 add              x14, x27, x18       x14=00000022 x27:efffe185 x18:10001e9d
11385917ns          183971 1c008a7a 5a048b63 beq              x9, x0, 1462         x9:00000000
11386016ns          183976 1c009030 00e00db3 add              x27, x0, x14        x27=00000022 x14:00000022
11386056ns          183978 1c009032 f3cff06f jal              x0, -2244          
11386175ns          183984 1c00876e 00044503 lbu              x10, 0(x8)          x10=00000020  x8:1c000040  PA:1c000040
11386473ns          183999 1c008772 00140413 addi             x8, x8, 1            x8=1c000041  x8:1c000040
11386493ns          184000 1c008774 00050e63 beq              x10, x0, 28         x10:00000020
11386513ns          184001 1c008776 02500793 addi             x15, x0, 37         x15=00000025
11386533ns          184002 1c00877a 04f50863 beq              x10, x15, 80        x10:00000020 x15:00000025
11386553ns          184003 1c00877e 01a005b3 add              x11, x0, x26        x11=00000002 x26:00000002
11386573ns          184004 1c008780 000b00e7 jalr             x1, x22, 0           x1=1c008782 x22:1c0086b4
11386653ns          184008 1c0086b4 000026b7 lui              x13, 0x2000         x13=00002000
11386692ns          184010 1c0086b6 f14027f3 csrrs            x15, x0, 0xf14      x15=00000003
11386712ns          184011 1c0086ba f8068693 addi             x13, x13, -128      x13=00001f80 x13:00002000
11386732ns          184012 1c0086be 00379713 slli             x14, x15, 0x3       x14=00000018 x15:00000003
11386752ns          184013 1c0086c2 00279793 slli             x15, x15, 0x2       x15=0000000c x15:00000003
11386772ns          184014 1c0086c4 00d7f7b3 and              x15, x15, x13       x15=00000000 x15:0000000c x13:00001f80
11386792ns          184015 1c0086c6 ee873733 p.bclr           x14, x14, 23, 8     x14=00000018 x14:00000018
11386812ns          184016 1c0086ca 1a10f6b7 lui              x13, 0x1a10f000     x13=1a10f000
11386832ns          184017 1c0086ce 0ff57513 andi             x10, x10, 255       x10=00000020 x10:00000020
11386851ns          184018 1c0086d2 00d70733 add              x14, x14, x13       x14=1a10f018 x14:00000018 x13:1a10f000
11386871ns          184019 1c0086d4 00a7e723 p.sw             x10, x0(x15)        x10:00000020 x15:00000000  PA:1a10f018
11387190ns          184035 1c0086d8 00000513 addi             x10, x0, 0          x10=00000000
11387209ns          184036 1c0086da 00008067 jalr             x0, x1, 0            x1:1c008782
11387269ns          184039 1c008782 31f52563 p.beqimm         x10, 778            x10:00000000
11387289ns          184040 1c008786 001d8d93 addi             x27, x27, 1         x27=00000023 x27:00000022
11387309ns          184041 1c008788 00044503 lbu              x10, 0(x8)          x10=00000063  x8:1c000041  PA:1c000041
11387607ns          184056 1c00878c 00140413 addi             x8, x8, 1            x8=1c000042  x8:1c000041
11387627ns          184057 1c00878e fe0514e3 bne              x10, x0, -24        x10:00000063
11387707ns          184061 1c008776 02500793 addi             x15, x0, 37         x15=00000025
11387727ns          184062 1c00877a 04f50863 beq              x10, x15, 80        x10:00000063 x15:00000025
11387747ns          184063 1c00877e 01a005b3 add              x11, x0, x26        x11=00000002 x26:00000002
11387766ns          184064 1c008780 000b00e7 jalr             x1, x22, 0           x1=1c008782 x22:1c0086b4
11387806ns          184066 1c0086b4 000026b7 lui              x13, 0x2000         x13=00002000
11387826ns          184067 1c0086b6 f14027f3 csrrs            x15, x0, 0xf14      x15=00000003
11387846ns          184068 1c0086ba f8068693 addi             x13, x13, -128      x13=00001f80 x13:00002000
11387866ns          184069 1c0086be 00379713 slli             x14, x15, 0x3       x14=00000018 x15:00000003
11387886ns          184070 1c0086c2 00279793 slli             x15, x15, 0x2       x15=0000000c x15:00000003
11387906ns          184071 1c0086c4 00d7f7b3 and              x15, x15, x13       x15=00000000 x15:0000000c x13:00001f80
11387926ns          184072 1c0086c6 ee873733 p.bclr           x14, x14, 23, 8     x14=00000018 x14:00000018
11387945ns          184073 1c0086ca 1a10f6b7 lui              x13, 0x1a10f000     x13=1a10f000
11387965ns          184074 1c0086ce 0ff57513 andi             x10, x10, 255       x10=00000063 x10:00000063
11387985ns          184075 1c0086d2 00d70733 add              x14, x14, x13       x14=1a10f018 x14:00000018 x13:1a10f000
11388005ns          184076 1c0086d4 00a7e723 p.sw             x10, x0(x15)        x10:00000063 x15:00000000  PA:1a10f018
11388323ns          184092 1c0086d8 00000513 addi             x10, x0, 0          x10=00000000
11388343ns          184093 1c0086da 00008067 jalr             x0, x1, 0            x1:1c008782
11388403ns          184096 1c008782 31f52563 p.beqimm         x10, 778            x10:00000000
11388423ns          184097 1c008786 001d8d93 addi             x27, x27, 1         x27=00000024 x27:00000023
11388443ns          184098 1c008788 00044503 lbu              x10, 0(x8)          x10=00000079  x8:1c000042  PA:1c000042
11388741ns          184113 1c00878c 00140413 addi             x8, x8, 1            x8=1c000043  x8:1c000042
11388761ns          184114 1c00878e fe0514e3 bne              x10, x0, -24        x10:00000079
11388840ns          184118 1c008776 02500793 addi             x15, x0, 37         x15=00000025
11388860ns          184119 1c00877a 04f50863 beq              x10, x15, 80        x10:00000079 x15:00000025
11388880ns          184120 1c00877e 01a005b3 add              x11, x0, x26        x11=00000002 x26:00000002
11388900ns          184121 1c008780 000b00e7 jalr             x1, x22, 0           x1=1c008782 x22:1c0086b4
11388940ns          184123 1c0086b4 000026b7 lui              x13, 0x2000         x13=00002000
11388960ns          184124 1c0086b6 f14027f3 csrrs            x15, x0, 0xf14      x15=00000003
11388980ns          184125 1c0086ba f8068693 addi             x13, x13, -128      x13=00001f80 x13:00002000
11389000ns          184126 1c0086be 00379713 slli             x14, x15, 0x3       x14=00000018 x15:00000003
11389020ns          184127 1c0086c2 00279793 slli             x15, x15, 0x2       x15=0000000c x15:00000003
11389039ns          184128 1c0086c4 00d7f7b3 and              x15, x15, x13       x15=00000000 x15:0000000c x13:00001f80
11389059ns          184129 1c0086c6 ee873733 p.bclr           x14, x14, 23, 8     x14=00000018 x14:00000018
11389079ns          184130 1c0086ca 1a10f6b7 lui              x13, 0x1a10f000     x13=1a10f000
11389099ns          184131 1c0086ce 0ff57513 andi             x10, x10, 255       x10=00000079 x10:00000079
11389119ns          184132 1c0086d2 00d70733 add              x14, x14, x13       x14=1a10f018 x14:00000018 x13:1a10f000
11389139ns          184133 1c0086d4 00a7e723 p.sw             x10, x0(x15)        x10:00000079 x15:00000000  PA:1a10f018
11389477ns          184150 1c0086d8 00000513 addi             x10, x0, 0          x10=00000000
11389497ns          184151 1c0086da 00008067 jalr             x0, x1, 0            x1:1c008782
11389557ns          184154 1c008782 31f52563 p.beqimm         x10, 778            x10:00000000
11389576ns          184155 1c008786 001d8d93 addi             x27, x27, 1         x27=00000025 x27:00000024
11389596ns          184156 1c008788 00044503 lbu              x10, 0(x8)          x10=00000063  x8:1c000043  PA:1c000043
11389915ns          184172 1c00878c 00140413 addi             x8, x8, 1            x8=1c000044  x8:1c000043
11389934ns          184173 1c00878e fe0514e3 bne              x10, x0, -24        x10:00000063
11390014ns          184177 1c008776 02500793 addi             x15, x0, 37         x15=00000025
11390034ns          184178 1c00877a 04f50863 beq              x10, x15, 80        x10:00000063 x15:00000025
11390054ns          184179 1c00877e 01a005b3 add              x11, x0, x26        x11=00000002 x26:00000002
11390074ns          184180 1c008780 000b00e7 jalr             x1, x22, 0           x1=1c008782 x22:1c0086b4
11390114ns          184182 1c0086b4 000026b7 lui              x13, 0x2000         x13=00002000
11390133ns          184183 1c0086b6 f14027f3 csrrs            x15, x0, 0xf14      x15=00000003
11390153ns          184184 1c0086ba f8068693 addi             x13, x13, -128      x13=00001f80 x13:00002000
11390173ns          184185 1c0086be 00379713 slli             x14, x15, 0x3       x14=00000018 x15:00000003
11390193ns          184186 1c0086c2 00279793 slli             x15, x15, 0x2       x15=0000000c x15:00000003
11390213ns          184187 1c0086c4 00d7f7b3 and              x15, x15, x13       x15=00000000 x15:0000000c x13:00001f80
11390233ns          184188 1c0086c6 ee873733 p.bclr           x14, x14, 23, 8     x14=00000018 x14:00000018
11390253ns          184189 1c0086ca 1a10f6b7 lui              x13, 0x1a10f000     x13=1a10f000
11390273ns          184190 1c0086ce 0ff57513 andi             x10, x10, 255       x10=00000063 x10:00000063
11390293ns          184191 1c0086d2 00d70733 add              x14, x14, x13       x14=1a10f018 x14:00000018 x13:1a10f000
11390312ns          184192 1c0086d4 00a7e723 p.sw             x10, x0(x15)        x10:00000063 x15:00000000  PA:1a10f018
11390631ns          184208 1c0086d8 00000513 addi             x10, x0, 0          x10=00000000
11390651ns          184209 1c0086da 00008067 jalr             x0, x1, 0            x1:1c008782
11390710ns          184212 1c008782 31f52563 p.beqimm         x10, 778            x10:00000000
11390730ns          184213 1c008786 001d8d93 addi             x27, x27, 1         x27=00000026 x27:00000025
11390750ns          184214 1c008788 00044503 lbu              x10, 0(x8)          x10=0000006c  x8:1c000044  PA:1c000044
11391048ns          184229 1c00878c 00140413 addi             x8, x8, 1            x8=1c000045  x8:1c000044
11391068ns          184230 1c00878e fe0514e3 bne              x10, x0, -24        x10:0000006c
11391148ns          184234 1c008776 02500793 addi             x15, x0, 37         x15=00000025
11391168ns          184235 1c00877a 04f50863 beq              x10, x15, 80        x10:0000006c x15:00000025
11391188ns          184236 1c00877e 01a005b3 add              x11, x0, x26        x11=00000002 x26:00000002
11391207ns          184237 1c008780 000b00e7 jalr             x1, x22, 0           x1=1c008782 x22:1c0086b4
11391247ns          184239 1c0086b4 000026b7 lui              x13, 0x2000         x13=00002000
11391267ns          184240 1c0086b6 f14027f3 csrrs            x15, x0, 0xf14      x15=00000003
11391287ns          184241 1c0086ba f8068693 addi             x13, x13, -128      x13=00001f80 x13:00002000
11391307ns          184242 1c0086be 00379713 slli             x14, x15, 0x3       x14=00000018 x15:00000003
11391327ns          184243 1c0086c2 00279793 slli             x15, x15, 0x2       x15=0000000c x15:00000003
11391347ns          184244 1c0086c4 00d7f7b3 and              x15, x15, x13       x15=00000000 x15:0000000c x13:00001f80
11391367ns          184245 1c0086c6 ee873733 p.bclr           x14, x14, 23, 8     x14=00000018 x14:00000018
11391387ns          184246 1c0086ca 1a10f6b7 lui              x13, 0x1a10f000     x13=1a10f000
11391406ns          184247 1c0086ce 0ff57513 andi             x10, x10, 255       x10=0000006c x10:0000006c
11391426ns          184248 1c0086d2 00d70733 add              x14, x14, x13       x14=1a10f018 x14:00000018 x13:1a10f000
11391446ns          184249 1c0086d4 00a7e723 p.sw             x10, x0(x15)        x10:0000006c x15:00000000  PA:1a10f018
11391764ns          184265 1c0086d8 00000513 addi             x10, x0, 0          x10=00000000
11391784ns          184266 1c0086da 00008067 jalr             x0, x1, 0            x1:1c008782
11391844ns          184269 1c008782 31f52563 p.beqimm         x10, 778            x10:00000000
11391864ns          184270 1c008786 001d8d93 addi             x27, x27, 1         x27=00000027 x27:00000026
11391884ns          184271 1c008788 00044503 lbu              x10, 0(x8)          x10=00000065  x8:1c000045  PA:1c000045
11392182ns          184286 1c00878c 00140413 addi             x8, x8, 1            x8=1c000046  x8:1c000045
11392202ns          184287 1c00878e fe0514e3 bne              x10, x0, -24        x10:00000065
11392282ns          184291 1c008776 02500793 addi             x15, x0, 37         x15=00000025
11392301ns          184292 1c00877a 04f50863 beq              x10, x15, 80        x10:00000065 x15:00000025
11392321ns          184293 1c00877e 01a005b3 add              x11, x0, x26        x11=00000002 x26:00000002
11392341ns          184294 1c008780 000b00e7 jalr             x1, x22, 0           x1=1c008782 x22:1c0086b4
11392381ns          184296 1c0086b4 000026b7 lui              x13, 0x2000         x13=00002000
11392401ns          184297 1c0086b6 f14027f3 csrrs            x15, x0, 0xf14      x15=00000003
11392421ns          184298 1c0086ba f8068693 addi             x13, x13, -128      x13=00001f80 x13:00002000
11392441ns          184299 1c0086be 00379713 slli             x14, x15, 0x3       x14=00000018 x15:00000003
11392461ns          184300 1c0086c2 00279793 slli             x15, x15, 0x2       x15=0000000c x15:00000003
11392481ns          184301 1c0086c4 00d7f7b3 and              x15, x15, x13       x15=00000000 x15:0000000c x13:00001f80
11392500ns          184302 1c0086c6 ee873733 p.bclr           x14, x14, 23, 8     x14=00000018 x14:00000018
11392520ns          184303 1c0086ca 1a10f6b7 lui              x13, 0x1a10f000     x13=1a10f000
11392540ns          184304 1c0086ce 0ff57513 andi             x10, x10, 255       x10=00000065 x10:00000065
11392560ns          184305 1c0086d2 00d70733 add              x14, x14, x13       x14=1a10f018 x14:00000018 x13:1a10f000
11392580ns          184306 1c0086d4 00a7e723 p.sw             x10, x0(x15)        x10:00000065 x15:00000000  PA:1a10f018
11392898ns          184322 1c0086d8 00000513 addi             x10, x0, 0          x10=00000000
11392918ns          184323 1c0086da 00008067 jalr             x0, x1, 0            x1:1c008782
11392978ns          184326 1c008782 31f52563 p.beqimm         x10, 778            x10:00000000
11392998ns          184327 1c008786 001d8d93 addi             x27, x27, 1         x27=00000028 x27:00000027
11393018ns          184328 1c008788 00044503 lbu              x10, 0(x8)          x10=00000073  x8:1c000046  PA:1c000046
11393316ns          184343 1c00878c 00140413 addi             x8, x8, 1            x8=1c000047  x8:1c000046
11393336ns          184344 1c00878e fe0514e3 bne              x10, x0, -24        x10:00000073
11393415ns          184348 1c008776 02500793 addi             x15, x0, 37         x15=00000025
11393435ns          184349 1c00877a 04f50863 beq              x10, x15, 80        x10:00000073 x15:00000025
11393455ns          184350 1c00877e 01a005b3 add              x11, x0, x26        x11=00000002 x26:00000002
11393475ns          184351 1c008780 000b00e7 jalr             x1, x22, 0           x1=1c008782 x22:1c0086b4
11393515ns          184353 1c0086b4 000026b7 lui              x13, 0x2000         x13=00002000
11393535ns          184354 1c0086b6 f14027f3 csrrs            x15, x0, 0xf14      x15=00000003
11393555ns          184355 1c0086ba f8068693 addi             x13, x13, -128      x13=00001f80 x13:00002000
11393574ns          184356 1c0086be 00379713 slli             x14, x15, 0x3       x14=00000018 x15:00000003
11393594ns          184357 1c0086c2 00279793 slli             x15, x15, 0x2       x15=0000000c x15:00000003
11393614ns          184358 1c0086c4 00d7f7b3 and              x15, x15, x13       x15=00000000 x15:0000000c x13:00001f80
11393634ns          184359 1c0086c6 ee873733 p.bclr           x14, x14, 23, 8     x14=00000018 x14:00000018
11393654ns          184360 1c0086ca 1a10f6b7 lui              x13, 0x1a10f000     x13=1a10f000
11393674ns          184361 1c0086ce 0ff57513 andi             x10, x10, 255       x10=00000073 x10:00000073
11393694ns          184362 1c0086d2 00d70733 add              x14, x14, x13       x14=1a10f018 x14:00000018 x13:1a10f000
11393714ns          184363 1c0086d4 00a7e723 p.sw             x10, x0(x15)        x10:00000073 x15:00000000  PA:1a10f018
11394052ns          184380 1c0086d8 00000513 addi             x10, x0, 0          x10=00000000
11394072ns          184381 1c0086da 00008067 jalr             x0, x1, 0            x1:1c008782
11394131ns          184384 1c008782 31f52563 p.beqimm         x10, 778            x10:00000000
11394151ns          184385 1c008786 001d8d93 addi             x27, x27, 1         x27=00000029 x27:00000028
11394171ns          184386 1c008788 00044503 lbu              x10, 0(x8)          x10=00000020  x8:1c000047  PA:1c000047
11394470ns          184401 1c00878c 00140413 addi             x8, x8, 1            x8=1c000048  x8:1c000047
11394489ns          184402 1c00878e fe0514e3 bne              x10, x0, -24        x10:00000020
11394569ns          184406 1c008776 02500793 addi             x15, x0, 37         x15=00000025
11394589ns          184407 1c00877a 04f50863 beq              x10, x15, 80        x10:00000020 x15:00000025
11394609ns          184408 1c00877e 01a005b3 add              x11, x0, x26        x11=00000002 x26:00000002
11394629ns          184409 1c008780 000b00e7 jalr             x1, x22, 0           x1=1c008782 x22:1c0086b4
11394668ns          184411 1c0086b4 000026b7 lui              x13, 0x2000         x13=00002000
11394688ns          184412 1c0086b6 f14027f3 csrrs            x15, x0, 0xf14      x15=00000003
11394708ns          184413 1c0086ba f8068693 addi             x13, x13, -128      x13=00001f80 x13:00002000
11394728ns          184414 1c0086be 00379713 slli             x14, x15, 0x3       x14=00000018 x15:00000003
11394748ns          184415 1c0086c2 00279793 slli             x15, x15, 0x2       x15=0000000c x15:00000003
11394768ns          184416 1c0086c4 00d7f7b3 and              x15, x15, x13       x15=00000000 x15:0000000c x13:00001f80
11394788ns          184417 1c0086c6 ee873733 p.bclr           x14, x14, 23, 8     x14=00000018 x14:00000018
11394808ns          184418 1c0086ca 1a10f6b7 lui              x13, 0x1a10f000     x13=1a10f000
11394828ns          184419 1c0086ce 0ff57513 andi             x10, x10, 255       x10=00000020 x10:00000020
11394848ns          184420 1c0086d2 00d70733 add              x14, x14, x13       x14=1a10f018 x14:00000018 x13:1a10f000
11394867ns          184421 1c0086d4 00a7e723 p.sw             x10, x0(x15)        x10:00000020 x15:00000000  PA:1a10f018
11395186ns          184437 1c0086d8 00000513 addi             x10, x0, 0          x10=00000000
11395206ns          184438 1c0086da 00008067 jalr             x0, x1, 0            x1:1c008782
11395265ns          184441 1c008782 31f52563 p.beqimm         x10, 778            x10:00000000
11395285ns          184442 1c008786 001d8d93 addi             x27, x27, 1         x27=0000002a x27:00000029
11395305ns          184443 1c008788 00044503 lbu              x10, 0(x8)          x10=00000028  x8:1c000048  PA:1c000048
11395603ns          184458 1c00878c 00140413 addi             x8, x8, 1            x8=1c000049  x8:1c000048
11395623ns          184459 1c00878e fe0514e3 bne              x10, x0, -24        x10:00000028
11395703ns          184463 1c008776 02500793 addi             x15, x0, 37         x15=00000025
11395723ns          184464 1c00877a 04f50863 beq              x10, x15, 80        x10:00000028 x15:00000025
11395743ns          184465 1c00877e 01a005b3 add              x11, x0, x26        x11=00000002 x26:00000002
11395762ns          184466 1c008780 000b00e7 jalr             x1, x22, 0           x1=1c008782 x22:1c0086b4
11395802ns          184468 1c0086b4 000026b7 lui              x13, 0x2000         x13=00002000
11395822ns          184469 1c0086b6 f14027f3 csrrs            x15, x0, 0xf14      x15=00000003
11395842ns          184470 1c0086ba f8068693 addi             x13, x13, -128      x13=00001f80 x13:00002000
11395862ns          184471 1c0086be 00379713 slli             x14, x15, 0x3       x14=00000018 x15:00000003
11395882ns          184472 1c0086c2 00279793 slli             x15, x15, 0x2       x15=0000000c x15:00000003
11395902ns          184473 1c0086c4 00d7f7b3 and              x15, x15, x13       x15=00000000 x15:0000000c x13:00001f80
11395922ns          184474 1c0086c6 ee873733 p.bclr           x14, x14, 23, 8     x14=00000018 x14:00000018
11395941ns          184475 1c0086ca 1a10f6b7 lui              x13, 0x1a10f000     x13=1a10f000
11395961ns          184476 1c0086ce 0ff57513 andi             x10, x10, 255       x10=00000028 x10:00000028
11395981ns          184477 1c0086d2 00d70733 add              x14, x14, x13       x14=1a10f018 x14:00000018 x13:1a10f000
11396001ns          184478 1c0086d4 00a7e723 p.sw             x10, x0(x15)        x10:00000028 x15:00000000  PA:1a10f018
11396319ns          184494 1c0086d8 00000513 addi             x10, x0, 0          x10=00000000
11396339ns          184495 1c0086da 00008067 jalr             x0, x1, 0            x1:1c008782
11396399ns          184498 1c008782 31f52563 p.beqimm         x10, 778            x10:00000000
11396419ns          184499 1c008786 001d8d93 addi             x27, x27, 1         x27=0000002b x27:0000002a
11396439ns          184500 1c008788 00044503 lbu              x10, 0(x8)          x10=00000061  x8:1c000049  PA:1c000049
11396737ns          184515 1c00878c 00140413 addi             x8, x8, 1            x8=1c00004a  x8:1c000049
11396757ns          184516 1c00878e fe0514e3 bne              x10, x0, -24        x10:00000061
11396837ns          184520 1c008776 02500793 addi             x15, x0, 37         x15=00000025
11396856ns          184521 1c00877a 04f50863 beq              x10, x15, 80        x10:00000061 x15:00000025
11396876ns          184522 1c00877e 01a005b3 add              x11, x0, x26        x11=00000002 x26:00000002
11396896ns          184523 1c008780 000b00e7 jalr             x1, x22, 0           x1=1c008782 x22:1c0086b4
11396936ns          184525 1c0086b4 000026b7 lui              x13, 0x2000         x13=00002000
11396956ns          184526 1c0086b6 f14027f3 csrrs            x15, x0, 0xf14      x15=00000003
11396976ns          184527 1c0086ba f8068693 addi             x13, x13, -128      x13=00001f80 x13:00002000
11396996ns          184528 1c0086be 00379713 slli             x14, x15, 0x3       x14=00000018 x15:00000003
11397016ns          184529 1c0086c2 00279793 slli             x15, x15, 0x2       x15=0000000c x15:00000003
11397035ns          184530 1c0086c4 00d7f7b3 and              x15, x15, x13       x15=00000000 x15:0000000c x13:00001f80
11397055ns          184531 1c0086c6 ee873733 p.bclr           x14, x14, 23, 8     x14=00000018 x14:00000018
11397075ns          184532 1c0086ca 1a10f6b7 lui              x13, 0x1a10f000     x13=1a10f000
11397095ns          184533 1c0086ce 0ff57513 andi             x10, x10, 255       x10=00000061 x10:00000061
11397115ns          184534 1c0086d2 00d70733 add              x14, x14, x13       x14=1a10f018 x14:00000018 x13:1a10f000
11397135ns          184535 1c0086d4 00a7e723 p.sw             x10, x0(x15)        x10:00000061 x15:00000000  PA:1a10f018
11397473ns          184552 1c0086d8 00000513 addi             x10, x0, 0          x10=00000000
11397493ns          184553 1c0086da 00008067 jalr             x0, x1, 0            x1:1c008782
11397553ns          184556 1c008782 31f52563 p.beqimm         x10, 778            x10:00000000
11397573ns          184557 1c008786 001d8d93 addi             x27, x27, 1         x27=0000002c x27:0000002b
11397592ns          184558 1c008788 00044503 lbu              x10, 0(x8)          x10=00000076  x8:1c00004a  PA:1c00004a
11397911ns          184574 1c00878c 00140413 addi             x8, x8, 1            x8=1c00004b  x8:1c00004a
11397931ns          184575 1c00878e fe0514e3 bne              x10, x0, -24        x10:00000076
11398010ns          184579 1c008776 02500793 addi             x15, x0, 37         x15=00000025
11398030ns          184580 1c00877a 04f50863 beq              x10, x15, 80        x10:00000076 x15:00000025
11398050ns          184581 1c00877e 01a005b3 add              x11, x0, x26        x11=00000002 x26:00000002
11398070ns          184582 1c008780 000b00e7 jalr             x1, x22, 0           x1=1c008782 x22:1c0086b4
11398110ns          184584 1c0086b4 000026b7 lui              x13, 0x2000         x13=00002000
11398129ns          184585 1c0086b6 f14027f3 csrrs            x15, x0, 0xf14      x15=00000003
11398149ns          184586 1c0086ba f8068693 addi             x13, x13, -128      x13=00001f80 x13:00002000
11398169ns          184587 1c0086be 00379713 slli             x14, x15, 0x3       x14=00000018 x15:00000003
11398189ns          184588 1c0086c2 00279793 slli             x15, x15, 0x2       x15=0000000c x15:00000003
11398209ns          184589 1c0086c4 00d7f7b3 and              x15, x15, x13       x15=00000000 x15:0000000c x13:00001f80
11398229ns          184590 1c0086c6 ee873733 p.bclr           x14, x14, 23, 8     x14=00000018 x14:00000018
11398249ns          184591 1c0086ca 1a10f6b7 lui              x13, 0x1a10f000     x13=1a10f000
11398269ns          184592 1c0086ce 0ff57513 andi             x10, x10, 255       x10=00000076 x10:00000076
11398289ns          184593 1c0086d2 00d70733 add              x14, x14, x13       x14=1a10f018 x14:00000018 x13:1a10f000
11398308ns          184594 1c0086d4 00a7e723 p.sw             x10, x0(x15)        x10:00000076 x15:00000000  PA:1a10f018
11398627ns          184610 1c0086d8 00000513 addi             x10, x0, 0          x10=00000000
11398647ns          184611 1c0086da 00008067 jalr             x0, x1, 0            x1:1c008782
11398706ns          184614 1c008782 31f52563 p.beqimm         x10, 778            x10:00000000
11398726ns          184615 1c008786 001d8d93 addi             x27, x27, 1         x27=0000002d x27:0000002c
11398746ns          184616 1c008788 00044503 lbu              x10, 0(x8)          x10=00000067  x8:1c00004b  PA:1c00004b
11399044ns          184631 1c00878c 00140413 addi             x8, x8, 1            x8=1c00004c  x8:1c00004b
11399064ns          184632 1c00878e fe0514e3 bne              x10, x0, -24        x10:00000067
11399144ns          184636 1c008776 02500793 addi             x15, x0, 37         x15=00000025
11399164ns          184637 1c00877a 04f50863 beq              x10, x15, 80        x10:00000067 x15:00000025
11399184ns          184638 1c00877e 01a005b3 add              x11, x0, x26        x11=00000002 x26:00000002
11399204ns          184639 1c008780 000b00e7 jalr             x1, x22, 0           x1=1c008782 x22:1c0086b4
11399243ns          184641 1c0086b4 000026b7 lui              x13, 0x2000         x13=00002000
11399263ns          184642 1c0086b6 f14027f3 csrrs            x15, x0, 0xf14      x15=00000003
11399283ns          184643 1c0086ba f8068693 addi             x13, x13, -128      x13=00001f80 x13:00002000
11399303ns          184644 1c0086be 00379713 slli             x14, x15, 0x3       x14=00000018 x15:00000003
11399323ns          184645 1c0086c2 00279793 slli             x15, x15, 0x2       x15=0000000c x15:00000003
11399343ns          184646 1c0086c4 00d7f7b3 and              x15, x15, x13       x15=00000000 x15:0000000c x13:00001f80
11399363ns          184647 1c0086c6 ee873733 p.bclr           x14, x14, 23, 8     x14=00000018 x14:00000018
11399383ns          184648 1c0086ca 1a10f6b7 lui              x13, 0x1a10f000     x13=1a10f000
11399402ns          184649 1c0086ce 0ff57513 andi             x10, x10, 255       x10=00000067 x10:00000067
11399422ns          184650 1c0086d2 00d70733 add              x14, x14, x13       x14=1a10f018 x14:00000018 x13:1a10f000
11399442ns          184651 1c0086d4 00a7e723 p.sw             x10, x0(x15)        x10:00000067 x15:00000000  PA:1a10f018
11399761ns          184667 1c0086d8 00000513 addi             x10, x0, 0          x10=00000000
11399780ns          184668 1c0086da 00008067 jalr             x0, x1, 0            x1:1c008782
11399840ns          184671 1c008782 31f52563 p.beqimm         x10, 778            x10:00000000
11399860ns          184672 1c008786 001d8d93 addi             x27, x27, 1         x27=0000002e x27:0000002d
11399880ns          184673 1c008788 00044503 lbu              x10, 0(x8)          x10=00000020  x8:1c00004c  PA:1c00004c
11400178ns          184688 1c00878c 00140413 addi             x8, x8, 1            x8=1c00004d  x8:1c00004c
11400198ns          184689 1c00878e fe0514e3 bne              x10, x0, -24        x10:00000020
11400278ns          184693 1c008776 02500793 addi             x15, x0, 37         x15=00000025
11400298ns          184694 1c00877a 04f50863 beq              x10, x15, 80        x10:00000020 x15:00000025
11400317ns          184695 1c00877e 01a005b3 add              x11, x0, x26        x11=00000002 x26:00000002
11400337ns          184696 1c008780 000b00e7 jalr             x1, x22, 0           x1=1c008782 x22:1c0086b4
11400377ns          184698 1c0086b4 000026b7 lui              x13, 0x2000         x13=00002000
11400397ns          184699 1c0086b6 f14027f3 csrrs            x15, x0, 0xf14      x15=00000003
11400417ns          184700 1c0086ba f8068693 addi             x13, x13, -128      x13=00001f80 x13:00002000
11400437ns          184701 1c0086be 00379713 slli             x14, x15, 0x3       x14=00000018 x15:00000003
11400457ns          184702 1c0086c2 00279793 slli             x15, x15, 0x2       x15=0000000c x15:00000003
11400477ns          184703 1c0086c4 00d7f7b3 and              x15, x15, x13       x15=00000000 x15:0000000c x13:00001f80
11400496ns          184704 1c0086c6 ee873733 p.bclr           x14, x14, 23, 8     x14=00000018 x14:00000018
11400516ns          184705 1c0086ca 1a10f6b7 lui              x13, 0x1a10f000     x13=1a10f000
11400536ns          184706 1c0086ce 0ff57513 andi             x10, x10, 255       x10=00000020 x10:00000020
11400556ns          184707 1c0086d2 00d70733 add              x14, x14, x13       x14=1a10f018 x14:00000018 x13:1a10f000
11400576ns          184708 1c0086d4 00a7e723 p.sw             x10, x0(x15)        x10:00000020 x15:00000000  PA:1a10f018
11400894ns          184724 1c0086d8 00000513 addi             x10, x0, 0          x10=00000000
11400914ns          184725 1c0086da 00008067 jalr             x0, x1, 0            x1:1c008782
11400974ns          184728 1c008782 31f52563 p.beqimm         x10, 778            x10:00000000
11400994ns          184729 1c008786 001d8d93 addi             x27, x27, 1         x27=0000002f x27:0000002e
11401014ns          184730 1c008788 00044503 lbu              x10, 0(x8)          x10=00000025  x8:1c00004d  PA:1c00004d
11401312ns          184745 1c00878c 00140413 addi             x8, x8, 1            x8=1c00004e  x8:1c00004d
11401332ns          184746 1c00878e fe0514e3 bne              x10, x0, -24        x10:00000025
11401411ns          184750 1c008776 02500793 addi             x15, x0, 37         x15=00000025
11401431ns          184751 1c00877a 04f50863 beq              x10, x15, 80        x10:00000025 x15:00000025
11401511ns          184755 1c0087ca 00044483 lbu              x9, 0(x8)            x9=00000075  x8:1c00004e  PA:1c00004e
11401829ns          184771 1c0087ce 02000693 addi             x13, x0, 32         x13=00000020
11401849ns          184772 1c0087d2 00140a93 addi             x21, x8, 1          x21=1c00004f  x8:1c00004e
11401869ns          184773 1c0087d6 009005b3 add              x11, x0, x9         x11=00000075  x9:00000075
11401889ns          184774 1c0087d8 064b8513 addi             x10, x23, 100       x10=1c000064 x23:1c000000
11401909ns          184775 1c0087dc 00d12823 sw               x13, 16(x2)         x13:00000020  x2:10001e78  PA:10001e88
11401929ns          184776 1c0087de 00012c23 sw               x0, 24(x2)           x2:10001e78  PA:10001e90
11401949ns          184777 1c0087e0 00012a23 sw               x0, 20(x2)           x2:10001e78  PA:10001e8c
11401968ns          184778 1c0087e2 00012e23 sw               x0, 28(x2)           x2:10001e78  PA:10001e94
11401988ns          184779 1c0087e4 00012623 sw               x0, 12(x2)           x2:10001e78  PA:10001e84
11402008ns          184780 1c0087e6 02300913 addi             x18, x0, 35         x18=00000023
11402028ns          184781 1c0087ea 02d00a13 addi             x20, x0, 45         x20=0000002d
11402048ns          184782 1c0087ee 015009b3 add              x19, x0, x21        x19=1c00004f x21:1c00004f
11402068ns          184783 1c0087f0 e97ff0ef jal              x1, -362             x1=1c0087f2
11402128ns          184786 1c008686 00054783 lbu              x15, 0(x10)         x15=0000002d x10:1c000064  PA:1c000064
11402426ns          184801 1c00868a 0ff5f593 andi             x11, x11, 255       x11=00000075 x11:00000075
11402446ns          184802 1c00868e 00b78c63 beq              x15, x11, 24        x15:0000002d x11:00000075
11402466ns          184803 1c008692 00078b63 beq              x15, x0, 22         x15:0000002d
11402486ns          184804 1c008694 00150793 addi             x15, x10, 1         x15=1c000065 x10:1c000064
11402505ns          184805 1c008698 0040006f jal              x0, 4              
11402545ns          184807 1c00869c 00f00533 add              x10, x0, x15        x10=1c000065 x15:1c000065
11402565ns          184808 1c00869e 0017c70b p.lbu            x14, 1(x15!)        x14=0000002b x15=1c000066 x15:1c000065  PA:1c000065
11402883ns          184824 1c0086a2 feb71ce3 bne              x14, x11, -8        x14:0000002b x11:00000075
11402943ns          184827 1c00869a 00070763 beq              x14, x0, 14         x14:0000002b
11402963ns          184828 1c00869c 00f00533 add              x10, x0, x15        x10=1c000066 x15:1c000066
11402983ns          184829 1c00869e 0017c70b p.lbu            x14, 1(x15!)        x14=00000020 x15=1c000067 x15:1c000066  PA:1c000066
11403321ns          184846 1c0086a2 feb71ce3 bne              x14, x11, -8        x14:00000020 x11:00000075
11403381ns          184849 1c00869a 00070763 beq              x14, x0, 14         x14:00000020
11403401ns          184850 1c00869c 00f00533 add              x10, x0, x15        x10=1c000067 x15:1c000067
11403420ns          184851 1c00869e 0017c70b p.lbu            x14, 1(x15!)        x14=00000023 x15=1c000068 x15:1c000067  PA:1c000067
11403739ns          184867 1c0086a2 feb71ce3 bne              x14, x11, -8        x14:00000023 x11:00000075
11403798ns          184870 1c00869a 00070763 beq              x14, x0, 14         x14:00000023
11403818ns          184871 1c00869c 00f00533 add              x10, x0, x15        x10=1c000068 x15:1c000068
11403838ns          184872 1c00869e 0017c70b p.lbu            x14, 1(x15!)        x14=00000030 x15=1c000069 x15:1c000068  PA:1c000068
11404156ns          184888 1c0086a2 feb71ce3 bne              x14, x11, -8        x14:00000030 x11:00000075
11404216ns          184891 1c00869a 00070763 beq              x14, x0, 14         x14:00000030
11404236ns          184892 1c00869c 00f00533 add              x10, x0, x15        x10=1c000069 x15:1c000069
11404256ns          184893 1c00869e 0017c70b p.lbu            x14, 1(x15!)        x14=00000000 x15=1c00006a x15:1c000069  PA:1c000069
11404594ns          184910 1c0086a2 feb71ce3 bne              x14, x11, -8        x14:00000000 x11:00000075
11404654ns          184913 1c00869a 00070763 beq              x14, x0, 14         x14:00000000
11404713ns          184916 1c0086a8 0015b593 sltiu            x11, x11, 1         x11=00000000 x11:00000075
11404733ns          184917 1c0086ac 40b005b3 sub              x11, x0, x11        x11=00000000 x11:00000000
11404753ns          184918 1c0086b0 00b57533 and              x10, x10, x11       x10=00000000 x10:1c000069 x11:00000000
11404773ns          184919 1c0086b2 00008067 jalr             x0, x1, 0            x1:1c0087f2
11404813ns          184921 1c0087f2 02050a63 beq              x10, x0, 52         x10:00000000
11404892ns          184925 1c008826 02a00613 addi             x12, x0, 42         x12=0000002a
11404912ns          184926 1c00882a 2ac48663 beq              x9, x12, 684         x9:00000075 x12:0000002a
11404972ns          184929 1c00882e fd048613 addi             x12, x9, -48        x12=00000045  x9:00000075
11404992ns          184930 1c008832 00900593 addi             x11, x0, 9          x11=00000009
11405012ns          184931 1c008834 00000913 addi             x18, x0, 0          x18=00000000
11405032ns          184932 1c008836 28c5f063 bgeu             x11, x12, 640       x11:00000009 x12:00000045
11405051ns          184933 1c00883a 02e00693 addi             x13, x0, 46         x13=0000002e
11405071ns          184934 1c00883e fff00a13 addi             x20, x0, -1         x20=ffffffff
11405091ns          184935 1c008840 2ed48363 beq              x9, x13, 742         x9:00000075 x13:0000002e
11405111ns          184936 1c008844 1c0007b7 lui              x15, 0x1c000000     x15=1c000000
11405131ns          184937 1c008848 009005b3 add              x11, x0, x9         x11=00000075  x9:00000075
11405151ns          184938 1c00884a 06c78513 addi             x10, x15, 108       x10=1c00006c x15:1c000000
11405171ns          184939 1c00884e e39ff0ef jal              x1, -456             x1=1c008850
11405250ns          184943 1c008686 00054783 lbu              x15, 0(x10)         x15=00000068 x10:1c00006c  PA:1c00006c
11405549ns          184958 1c00868a 0ff5f593 andi             x11, x11, 255       x11=00000075 x11:00000075
11405569ns          184959 1c00868e 00b78c63 beq              x15, x11, 24        x15:00000068 x11:00000075
11405589ns          184960 1c008692 00078b63 beq              x15, x0, 22         x15:00000068
11405608ns          184961 1c008694 00150793 addi             x15, x10, 1         x15=1c00006d x10:1c00006c
11405628ns          184962 1c008698 0040006f jal              x0, 4              
11405668ns          184964 1c00869c 00f00533 add              x10, x0, x15        x10=1c00006d x15:1c00006d
11405688ns          184965 1c00869e 0017c70b p.lbu            x14, 1(x15!)        x14=0000006c x15=1c00006e x15:1c00006d  PA:1c00006d
11406026ns          184982 1c0086a2 feb71ce3 bne              x14, x11, -8        x14:0000006c x11:00000075
11406086ns          184985 1c00869a 00070763 beq              x14, x0, 14         x14:0000006c
11406106ns          184986 1c00869c 00f00533 add              x10, x0, x15        x10=1c00006e x15:1c00006e
11406126ns          184987 1c00869e 0017c70b p.lbu            x14, 1(x15!)        x14=0000004c x15=1c00006f x15:1c00006e  PA:1c00006e
11406444ns          185003 1c0086a2 feb71ce3 bne              x14, x11, -8        x14:0000004c x11:00000075
11406503ns          185006 1c00869a 00070763 beq              x14, x0, 14         x14:0000004c
11406523ns          185007 1c00869c 00f00533 add              x10, x0, x15        x10=1c00006f x15:1c00006f
11406543ns          185008 1c00869e 0017c70b p.lbu            x14, 1(x15!)        x14=0000007a x15=1c000070 x15:1c00006f  PA:1c00006f
11406862ns          185024 1c0086a2 feb71ce3 bne              x14, x11, -8        x14:0000007a x11:00000075
11406921ns          185027 1c00869a 00070763 beq              x14, x0, 14         x14:0000007a
11406941ns          185028 1c00869c 00f00533 add              x10, x0, x15        x10=1c000070 x15:1c000070
11406961ns          185029 1c00869e 0017c70b p.lbu            x14, 1(x15!)        x14=00000000 x15=1c000071 x15:1c000070  PA:1c000070
11407299ns          185046 1c0086a2 feb71ce3 bne              x14, x11, -8        x14:00000000 x11:00000075
11407359ns          185049 1c00869a 00070763 beq              x14, x0, 14         x14:00000000
11407418ns          185052 1c0086a8 0015b593 sltiu            x11, x11, 1         x11=00000000 x11:00000075
11407438ns          185053 1c0086ac 40b005b3 sub              x11, x0, x11        x11=00000000 x11:00000000
11407458ns          185054 1c0086b0 00b57533 and              x10, x10, x11       x10=00000000 x10:1c000070 x11:00000000
11407478ns          185055 1c0086b2 00008067 jalr             x0, x1, 0            x1:1c008850
11407518ns          185057 1c008850 01300433 add              x8, x0, x19          x8=1c00004f x19:1c00004f
11407538ns          185058 1c008852 00050563 beq              x10, x0, 10         x10:00000000
11407597ns          185061 1c00885c 06700693 addi             x13, x0, 103        x13=00000067
11407617ns          185062 1c008860 2896d963 bge              x13, x9, 658        x13:00000067  x9:00000075
11407637ns          185063 1c008864 07000693 addi             x13, x0, 112        x13=00000070
11407657ns          185064 1c008868 7cd48763 beq              x9, x13, 1998        x9:00000075 x13:00000070
11407677ns          185065 1c00886c 2e96d163 bge              x13, x9, 738        x13:00000070  x9:00000075
11407737ns          185068 1c008870 07500693 addi             x13, x0, 117        x13=00000075
11407776ns          185070 1c008874 12d484e3 beq              x9, x13, 2344        x9:00000075 x13:00000075
11407836ns          185073 1c00919c 000c2683 lw               x13, 0(x24)         x13=00000000 x24:10001fd8  PA:10001fd8
11407896ns          185076 1c0091a0 019007b3 add              x15, x0, x25        x15=10001e9c x25:10001e9c
11407916ns          185077 1c0091a2 004c0c13 addi             x24, x24, 4         x24=10001fdc x24:10001fd8
11407936ns          185078 1c0091a4 00a00593 addi             x11, x0, 10         x11=0000000a
11407956ns          185079 1c0091a6 02b6f733 remu             x14, x13, x11       x14=00000000 x13:00000000 x11:0000000a
11408572ns          185110 1c0091aa 02b6d6b3 divu             x13, x13, x11       x13=00000000 x13:00000000 x11:0000000a
11409189ns          185141 1c0091ae 03070713 addi             x14, x14, 48        x14=00000030 x14:00000000
11409209ns          185142 1c0091b2 00e780ab p.sb             x14, 1(x15!)        x15=10001e9d x14:00000030 x15:10001e9c  PA:10001e9c
11409229ns          185143 1c0091b6 fe0698e3 bne              x13, x0, -16        x13:00000000
11409248ns          185144 1c0091b8 419784b3 sub              x9, x15, x25         x9=00000001 x15:10001e9d x25:10001e9c
11409268ns          185145 1c0091bc 0144dd63 bge              x9, x20, 26          x9:00000001 x20:ffffffff
11409348ns          185149 1c0091d6 fe078fab p.sb             x0, -1(x15!)        x15=10001e9c x15:10001e9d  PA:10001e9d
11409368ns          185150 1c0091da 00fcfd63 bgeu             x25, x15, 26        x25:10001e9c x15:10001e9c
11409467ns          185155 1c0091f4 0c800793 addi             x15, x0, 200        x15=000000c8
11409487ns          185156 1c0091f8 03fa2b63 p.beqimm         x20, 54             x20:ffffffff
11409726ns          185168 1c00922e 8497cfe3 blt              x15, x9, -1954      x15:000000c8  x9:00000001
11409746ns          185169 1c009232 00012623 sw               x0, 12(x2)           x2:10001e78  PA:10001e84
11409766ns          185170 1c009234 f54ff06f jal              x0, -2220          
11409805ns          185172 1c008988 0f24d163 bge              x9, x18, 226         x9:00000001 x18:00000000
11410223ns          185193 1c008a6a d00482e3 beq              x9, x0, -764         x9:00000001
11410243ns          185194 1c008a6e 01900933 add              x18, x0, x25        x18=10001e9c x25:10001e9c
11410263ns          185195 1c008a70 419d8db3 sub              x27, x27, x25       x27=efffe193 x27:0000002f x25:10001e9c
11410283ns          185196 1c008a74 00a0006f jal              x0, 10             
11410382ns          185201 1c008a7e 0019450b p.lbu            x10, 1(x18!)        x10=00000030 x18=10001e9d x18:10001e9c  PA:10001e9c
11410402ns          185202 1c008a82 01a005b3 add              x11, x0, x26        x11=00000002 x26:00000002
11410422ns          185203 1c008a84 000b00e7 jalr             x1, x22, 0           x1=1c008a86 x22:1c0086b4
11410462ns          185205 1c0086b4 000026b7 lui              x13, 0x2000         x13=00002000
11410482ns          185206 1c0086b6 f14027f3 csrrs            x15, x0, 0xf14      x15=00000003
11410502ns          185207 1c0086ba f8068693 addi             x13, x13, -128      x13=00001f80 x13:00002000
11410521ns          185208 1c0086be 00379713 slli             x14, x15, 0x3       x14=00000018 x15:00000003
11410541ns          185209 1c0086c2 00279793 slli             x15, x15, 0x2       x15=0000000c x15:00000003
11410561ns          185210 1c0086c4 00d7f7b3 and              x15, x15, x13       x15=00000000 x15:0000000c x13:00001f80
11410581ns          185211 1c0086c6 ee873733 p.bclr           x14, x14, 23, 8     x14=00000018 x14:00000018
11410601ns          185212 1c0086ca 1a10f6b7 lui              x13, 0x1a10f000     x13=1a10f000
11410621ns          185213 1c0086ce 0ff57513 andi             x10, x10, 255       x10=00000030 x10:00000030
11410641ns          185214 1c0086d2 00d70733 add              x14, x14, x13       x14=1a10f018 x14:00000018 x13:1a10f000
11410661ns          185215 1c0086d4 00a7e723 p.sw             x10, x0(x15)        x10:00000030 x15:00000000  PA:1a10f018
11411118ns          185238 1c0086d8 00000513 addi             x10, x0, 0          x10=00000000
11411138ns          185239 1c0086da 00008067 jalr             x0, x1, 0            x1:1c008a86
11411178ns          185241 1c008a86 fff48493 addi             x9, x9, -1           x9=00000000  x9:00000001
11411198ns          185242 1c008a88 fff537e3 p.bneimm         x10, -18            x10:00000000
11411277ns          185246 1c008a76 012d8733 add              x14, x27, x18       x14=00000030 x27:efffe193 x18:10001e9d
11411297ns          185247 1c008a7a 5a048b63 beq              x9, x0, 1462         x9:00000000
11411357ns          185250 1c009030 00e00db3 add              x27, x0, x14        x27=00000030 x14:00000030
11411377ns          185251 1c009032 f3cff06f jal              x0, -2244          
11411436ns          185254 1c00876e 00044503 lbu              x10, 0(x8)          x10=00000020  x8:1c00004f  PA:1c00004f
11411735ns          185269 1c008772 00140413 addi             x8, x8, 1            x8=1c000050  x8:1c00004f
11411755ns          185270 1c008774 00050e63 beq              x10, x0, 28         x10:00000020
11411775ns          185271 1c008776 02500793 addi             x15, x0, 37         x15=00000025
11411794ns          185272 1c00877a 04f50863 beq              x10, x15, 80        x10:00000020 x15:00000025
11411814ns          185273 1c00877e 01a005b3 add              x11, x0, x26        x11=00000002 x26:00000002
11411834ns          185274 1c008780 000b00e7 jalr             x1, x22, 0           x1=1c008782 x22:1c0086b4
11411874ns          185276 1c0086b4 000026b7 lui              x13, 0x2000         x13=00002000
11411894ns          185277 1c0086b6 f14027f3 csrrs            x15, x0, 0xf14      x15=00000003
11411914ns          185278 1c0086ba f8068693 addi             x13, x13, -128      x13=00001f80 x13:00002000
11411934ns          185279 1c0086be 00379713 slli             x14, x15, 0x3       x14=00000018 x15:00000003
11411954ns          185280 1c0086c2 00279793 slli             x15, x15, 0x2       x15=0000000c x15:00000003
11411973ns          185281 1c0086c4 00d7f7b3 and              x15, x15, x13       x15=00000000 x15:0000000c x13:00001f80
11411993ns          185282 1c0086c6 ee873733 p.bclr           x14, x14, 23, 8     x14=00000018 x14:00000018
11412013ns          185283 1c0086ca 1a10f6b7 lui              x13, 0x1a10f000     x13=1a10f000
11412033ns          185284 1c0086ce 0ff57513 andi             x10, x10, 255       x10=00000020 x10:00000020
11412053ns          185285 1c0086d2 00d70733 add              x14, x14, x13       x14=1a10f018 x14:00000018 x13:1a10f000
11412073ns          185286 1c0086d4 00a7e723 p.sw             x10, x0(x15)        x10:00000020 x15:00000000  PA:1a10f018
11412391ns          185302 1c0086d8 00000513 addi             x10, x0, 0          x10=00000000
11412411ns          185303 1c0086da 00008067 jalr             x0, x1, 0            x1:1c008782
11412471ns          185306 1c008782 31f52563 p.beqimm         x10, 778            x10:00000000
11412491ns          185307 1c008786 001d8d93 addi             x27, x27, 1         x27=00000031 x27:00000030
11412510ns          185308 1c008788 00044503 lbu              x10, 0(x8)          x10=00000063  x8:1c000050  PA:1c000050
11412809ns          185323 1c00878c 00140413 addi             x8, x8, 1            x8=1c000051  x8:1c000050
11412829ns          185324 1c00878e fe0514e3 bne              x10, x0, -24        x10:00000063
11412908ns          185328 1c008776 02500793 addi             x15, x0, 37         x15=00000025
11412928ns          185329 1c00877a 04f50863 beq              x10, x15, 80        x10:00000063 x15:00000025
11412948ns          185330 1c00877e 01a005b3 add              x11, x0, x26        x11=00000002 x26:00000002
11412968ns          185331 1c008780 000b00e7 jalr             x1, x22, 0           x1=1c008782 x22:1c0086b4
11413008ns          185333 1c0086b4 000026b7 lui              x13, 0x2000         x13=00002000
11413028ns          185334 1c0086b6 f14027f3 csrrs            x15, x0, 0xf14      x15=00000003
11413048ns          185335 1c0086ba f8068693 addi             x13, x13, -128      x13=00001f80 x13:00002000
11413067ns          185336 1c0086be 00379713 slli             x14, x15, 0x3       x14=00000018 x15:00000003
11413087ns          185337 1c0086c2 00279793 slli             x15, x15, 0x2       x15=0000000c x15:00000003
11413107ns          185338 1c0086c4 00d7f7b3 and              x15, x15, x13       x15=00000000 x15:0000000c x13:00001f80
11413127ns          185339 1c0086c6 ee873733 p.bclr           x14, x14, 23, 8     x14=00000018 x14:00000018
11413147ns          185340 1c0086ca 1a10f6b7 lui              x13, 0x1a10f000     x13=1a10f000
11413167ns          185341 1c0086ce 0ff57513 andi             x10, x10, 255       x10=00000063 x10:00000063
11413187ns          185342 1c0086d2 00d70733 add              x14, x14, x13       x14=1a10f018 x14:00000018 x13:1a10f000
11413207ns          185343 1c0086d4 00a7e723 p.sw             x10, x0(x15)        x10:00000063 x15:00000000  PA:1a10f018
11413565ns          185361 1c0086d8 00000513 addi             x10, x0, 0          x10=00000000
11413585ns          185362 1c0086da 00008067 jalr             x0, x1, 0            x1:1c008782
11413644ns          185365 1c008782 31f52563 p.beqimm         x10, 778            x10:00000000
11413664ns          185366 1c008786 001d8d93 addi             x27, x27, 1         x27=00000032 x27:00000031
11413684ns          185367 1c008788 00044503 lbu              x10, 0(x8)          x10=00000079  x8:1c000051  PA:1c000051
11414002ns          185383 1c00878c 00140413 addi             x8, x8, 1            x8=1c000052  x8:1c000051
11414022ns          185384 1c00878e fe0514e3 bne              x10, x0, -24        x10:00000079
11414102ns          185388 1c008776 02500793 addi             x15, x0, 37         x15=00000025
11414122ns          185389 1c00877a 04f50863 beq              x10, x15, 80        x10:00000079 x15:00000025
11414142ns          185390 1c00877e 01a005b3 add              x11, x0, x26        x11=00000002 x26:00000002
11414161ns          185391 1c008780 000b00e7 jalr             x1, x22, 0           x1=1c008782 x22:1c0086b4
11414201ns          185393 1c0086b4 000026b7 lui              x13, 0x2000         x13=00002000
11414221ns          185394 1c0086b6 f14027f3 csrrs            x15, x0, 0xf14      x15=00000003
11414241ns          185395 1c0086ba f8068693 addi             x13, x13, -128      x13=00001f80 x13:00002000
11414261ns          185396 1c0086be 00379713 slli             x14, x15, 0x3       x14=00000018 x15:00000003
11414281ns          185397 1c0086c2 00279793 slli             x15, x15, 0x2       x15=0000000c x15:00000003
11414301ns          185398 1c0086c4 00d7f7b3 and              x15, x15, x13       x15=00000000 x15:0000000c x13:00001f80
11414321ns          185399 1c0086c6 ee873733 p.bclr           x14, x14, 23, 8     x14=00000018 x14:00000018
11414340ns          185400 1c0086ca 1a10f6b7 lui              x13, 0x1a10f000     x13=1a10f000
11414360ns          185401 1c0086ce 0ff57513 andi             x10, x10, 255       x10=00000079 x10:00000079
11414380ns          185402 1c0086d2 00d70733 add              x14, x14, x13       x14=1a10f018 x14:00000018 x13:1a10f000
11414400ns          185403 1c0086d4 00a7e723 p.sw             x10, x0(x15)        x10:00000079 x15:00000000  PA:1a10f018
11414718ns          185419 1c0086d8 00000513 addi             x10, x0, 0          x10=00000000
11414738ns          185420 1c0086da 00008067 jalr             x0, x1, 0            x1:1c008782
11414798ns          185423 1c008782 31f52563 p.beqimm         x10, 778            x10:00000000
11414818ns          185424 1c008786 001d8d93 addi             x27, x27, 1         x27=00000033 x27:00000032
11414838ns          185425 1c008788 00044503 lbu              x10, 0(x8)          x10=00000063  x8:1c000052  PA:1c000052
11415136ns          185440 1c00878c 00140413 addi             x8, x8, 1            x8=1c000053  x8:1c000052
11415156ns          185441 1c00878e fe0514e3 bne              x10, x0, -24        x10:00000063
11415236ns          185445 1c008776 02500793 addi             x15, x0, 37         x15=00000025
11415255ns          185446 1c00877a 04f50863 beq              x10, x15, 80        x10:00000063 x15:00000025
11415275ns          185447 1c00877e 01a005b3 add              x11, x0, x26        x11=00000002 x26:00000002
11415295ns          185448 1c008780 000b00e7 jalr             x1, x22, 0           x1=1c008782 x22:1c0086b4
11415335ns          185450 1c0086b4 000026b7 lui              x13, 0x2000         x13=00002000
11415355ns          185451 1c0086b6 f14027f3 csrrs            x15, x0, 0xf14      x15=00000003
11415375ns          185452 1c0086ba f8068693 addi             x13, x13, -128      x13=00001f80 x13:00002000
11415395ns          185453 1c0086be 00379713 slli             x14, x15, 0x3       x14=00000018 x15:00000003
11415415ns          185454 1c0086c2 00279793 slli             x15, x15, 0x2       x15=0000000c x15:00000003
11415434ns          185455 1c0086c4 00d7f7b3 and              x15, x15, x13       x15=00000000 x15:0000000c x13:00001f80
11415454ns          185456 1c0086c6 ee873733 p.bclr           x14, x14, 23, 8     x14=00000018 x14:00000018
11415474ns          185457 1c0086ca 1a10f6b7 lui              x13, 0x1a10f000     x13=1a10f000
11415494ns          185458 1c0086ce 0ff57513 andi             x10, x10, 255       x10=00000063 x10:00000063
11415514ns          185459 1c0086d2 00d70733 add              x14, x14, x13       x14=1a10f018 x14:00000018 x13:1a10f000
11415534ns          185460 1c0086d4 00a7e723 p.sw             x10, x0(x15)        x10:00000063 x15:00000000  PA:1a10f018
11415852ns          185476 1c0086d8 00000513 addi             x10, x0, 0          x10=00000000
11415872ns          185477 1c0086da 00008067 jalr             x0, x1, 0            x1:1c008782
11415932ns          185480 1c008782 31f52563 p.beqimm         x10, 778            x10:00000000
11415952ns          185481 1c008786 001d8d93 addi             x27, x27, 1         x27=00000034 x27:00000033
11415971ns          185482 1c008788 00044503 lbu              x10, 0(x8)          x10=0000006c  x8:1c000053  PA:1c000053
11416270ns          185497 1c00878c 00140413 addi             x8, x8, 1            x8=1c000054  x8:1c000053
11416290ns          185498 1c00878e fe0514e3 bne              x10, x0, -24        x10:0000006c
11416369ns          185502 1c008776 02500793 addi             x15, x0, 37         x15=00000025
11416389ns          185503 1c00877a 04f50863 beq              x10, x15, 80        x10:0000006c x15:00000025
11416409ns          185504 1c00877e 01a005b3 add              x11, x0, x26        x11=00000002 x26:00000002
11416429ns          185505 1c008780 000b00e7 jalr             x1, x22, 0           x1=1c008782 x22:1c0086b4
11416469ns          185507 1c0086b4 000026b7 lui              x13, 0x2000         x13=00002000
11416489ns          185508 1c0086b6 f14027f3 csrrs            x15, x0, 0xf14      x15=00000003
11416509ns          185509 1c0086ba f8068693 addi             x13, x13, -128      x13=00001f80 x13:00002000
11416528ns          185510 1c0086be 00379713 slli             x14, x15, 0x3       x14=00000018 x15:00000003
11416548ns          185511 1c0086c2 00279793 slli             x15, x15, 0x2       x15=0000000c x15:00000003
11416568ns          185512 1c0086c4 00d7f7b3 and              x15, x15, x13       x15=00000000 x15:0000000c x13:00001f80
11416588ns          185513 1c0086c6 ee873733 p.bclr           x14, x14, 23, 8     x14=00000018 x14:00000018
11416608ns          185514 1c0086ca 1a10f6b7 lui              x13, 0x1a10f000     x13=1a10f000
11416628ns          185515 1c0086ce 0ff57513 andi             x10, x10, 255       x10=0000006c x10:0000006c
11416648ns          185516 1c0086d2 00d70733 add              x14, x14, x13       x14=1a10f018 x14:00000018 x13:1a10f000
11416668ns          185517 1c0086d4 00a7e723 p.sw             x10, x0(x15)        x10:0000006c x15:00000000  PA:1a10f018
11416986ns          185533 1c0086d8 00000513 addi             x10, x0, 0          x10=00000000
11417006ns          185534 1c0086da 00008067 jalr             x0, x1, 0            x1:1c008782
11417065ns          185537 1c008782 31f52563 p.beqimm         x10, 778            x10:00000000
11417085ns          185538 1c008786 001d8d93 addi             x27, x27, 1         x27=00000035 x27:00000034
11417105ns          185539 1c008788 00044503 lbu              x10, 0(x8)          x10=00000065  x8:1c000054  PA:1c000054
11417404ns          185554 1c00878c 00140413 addi             x8, x8, 1            x8=1c000055  x8:1c000054
11417424ns          185555 1c00878e fe0514e3 bne              x10, x0, -24        x10:00000065
11417503ns          185559 1c008776 02500793 addi             x15, x0, 37         x15=00000025
11417523ns          185560 1c00877a 04f50863 beq              x10, x15, 80        x10:00000065 x15:00000025
11417543ns          185561 1c00877e 01a005b3 add              x11, x0, x26        x11=00000002 x26:00000002
11417563ns          185562 1c008780 000b00e7 jalr             x1, x22, 0           x1=1c008782 x22:1c0086b4
11417603ns          185564 1c0086b4 000026b7 lui              x13, 0x2000         x13=00002000
11417622ns          185565 1c0086b6 f14027f3 csrrs            x15, x0, 0xf14      x15=00000003
11417642ns          185566 1c0086ba f8068693 addi             x13, x13, -128      x13=00001f80 x13:00002000
11417662ns          185567 1c0086be 00379713 slli             x14, x15, 0x3       x14=00000018 x15:00000003
11417682ns          185568 1c0086c2 00279793 slli             x15, x15, 0x2       x15=0000000c x15:00000003
11417702ns          185569 1c0086c4 00d7f7b3 and              x15, x15, x13       x15=00000000 x15:0000000c x13:00001f80
11417722ns          185570 1c0086c6 ee873733 p.bclr           x14, x14, 23, 8     x14=00000018 x14:00000018
11417742ns          185571 1c0086ca 1a10f6b7 lui              x13, 0x1a10f000     x13=1a10f000
11417762ns          185572 1c0086ce 0ff57513 andi             x10, x10, 255       x10=00000065 x10:00000065
11417782ns          185573 1c0086d2 00d70733 add              x14, x14, x13       x14=1a10f018 x14:00000018 x13:1a10f000
11417801ns          185574 1c0086d4 00a7e723 p.sw             x10, x0(x15)        x10:00000065 x15:00000000  PA:1a10f018
11418140ns          185591 1c0086d8 00000513 addi             x10, x0, 0          x10=00000000
11418159ns          185592 1c0086da 00008067 jalr             x0, x1, 0            x1:1c008782
11418219ns          185595 1c008782 31f52563 p.beqimm         x10, 778            x10:00000000
11418239ns          185596 1c008786 001d8d93 addi             x27, x27, 1         x27=00000036 x27:00000035
11418259ns          185597 1c008788 00044503 lbu              x10, 0(x8)          x10=00000073  x8:1c000055  PA:1c000055
11418557ns          185612 1c00878c 00140413 addi             x8, x8, 1            x8=1c000056  x8:1c000055
11418577ns          185613 1c00878e fe0514e3 bne              x10, x0, -24        x10:00000073
11418657ns          185617 1c008776 02500793 addi             x15, x0, 37         x15=00000025
11418677ns          185618 1c00877a 04f50863 beq              x10, x15, 80        x10:00000073 x15:00000025
11418697ns          185619 1c00877e 01a005b3 add              x11, x0, x26        x11=00000002 x26:00000002
11418716ns          185620 1c008780 000b00e7 jalr             x1, x22, 0           x1=1c008782 x22:1c0086b4
11418756ns          185622 1c0086b4 000026b7 lui              x13, 0x2000         x13=00002000
11418776ns          185623 1c0086b6 f14027f3 csrrs            x15, x0, 0xf14      x15=00000003
11418796ns          185624 1c0086ba f8068693 addi             x13, x13, -128      x13=00001f80 x13:00002000
11418816ns          185625 1c0086be 00379713 slli             x14, x15, 0x3       x14=00000018 x15:00000003
11418836ns          185626 1c0086c2 00279793 slli             x15, x15, 0x2       x15=0000000c x15:00000003
11418856ns          185627 1c0086c4 00d7f7b3 and              x15, x15, x13       x15=00000000 x15:0000000c x13:00001f80
11418876ns          185628 1c0086c6 ee873733 p.bclr           x14, x14, 23, 8     x14=00000018 x14:00000018
11418895ns          185629 1c0086ca 1a10f6b7 lui              x13, 0x1a10f000     x13=1a10f000
11418915ns          185630 1c0086ce 0ff57513 andi             x10, x10, 255       x10=00000073 x10:00000073
11418935ns          185631 1c0086d2 00d70733 add              x14, x14, x13       x14=1a10f018 x14:00000018 x13:1a10f000
11418955ns          185632 1c0086d4 00a7e723 p.sw             x10, x0(x15)        x10:00000073 x15:00000000  PA:1a10f018
11419293ns          185649 1c0086d8 00000513 addi             x10, x0, 0          x10=00000000
11419313ns          185650 1c0086da 00008067 jalr             x0, x1, 0            x1:1c008782
11419373ns          185653 1c008782 31f52563 p.beqimm         x10, 778            x10:00000000
11419393ns          185654 1c008786 001d8d93 addi             x27, x27, 1         x27=00000037 x27:00000036
11419413ns          185655 1c008788 00044503 lbu              x10, 0(x8)          x10=0000002f  x8:1c000056  PA:1c000056
11419711ns          185670 1c00878c 00140413 addi             x8, x8, 1            x8=1c000057  x8:1c000056
11419731ns          185671 1c00878e fe0514e3 bne              x10, x0, -24        x10:0000002f
11419810ns          185675 1c008776 02500793 addi             x15, x0, 37         x15=00000025
11419830ns          185676 1c00877a 04f50863 beq              x10, x15, 80        x10:0000002f x15:00000025
11419850ns          185677 1c00877e 01a005b3 add              x11, x0, x26        x11=00000002 x26:00000002
11419870ns          185678 1c008780 000b00e7 jalr             x1, x22, 0           x1=1c008782 x22:1c0086b4
11419910ns          185680 1c0086b4 000026b7 lui              x13, 0x2000         x13=00002000
11419930ns          185681 1c0086b6 f14027f3 csrrs            x15, x0, 0xf14      x15=00000003
11419950ns          185682 1c0086ba f8068693 addi             x13, x13, -128      x13=00001f80 x13:00002000
11419970ns          185683 1c0086be 00379713 slli             x14, x15, 0x3       x14=00000018 x15:00000003
11419989ns          185684 1c0086c2 00279793 slli             x15, x15, 0x2       x15=0000000c x15:00000003
11420009ns          185685 1c0086c4 00d7f7b3 and              x15, x15, x13       x15=00000000 x15:0000000c x13:00001f80
11420029ns          185686 1c0086c6 ee873733 p.bclr           x14, x14, 23, 8     x14=00000018 x14:00000018
11420049ns          185687 1c0086ca 1a10f6b7 lui              x13, 0x1a10f000     x13=1a10f000
11420069ns          185688 1c0086ce 0ff57513 andi             x10, x10, 255       x10=0000002f x10:0000002f
11420089ns          185689 1c0086d2 00d70733 add              x14, x14, x13       x14=1a10f018 x14:00000018 x13:1a10f000
11420109ns          185690 1c0086d4 00a7e723 p.sw             x10, x0(x15)        x10:0000002f x15:00000000  PA:1a10f018
11420427ns          185706 1c0086d8 00000513 addi             x10, x0, 0          x10=00000000
11420447ns          185707 1c0086da 00008067 jalr             x0, x1, 0            x1:1c008782
11420507ns          185710 1c008782 31f52563 p.beqimm         x10, 778            x10:00000000
11420526ns          185711 1c008786 001d8d93 addi             x27, x27, 1         x27=00000038 x27:00000037
11420546ns          185712 1c008788 00044503 lbu              x10, 0(x8)          x10=00000077  x8:1c000057  PA:1c000057
11420845ns          185727 1c00878c 00140413 addi             x8, x8, 1            x8=1c000058  x8:1c000057
11420865ns          185728 1c00878e fe0514e3 bne              x10, x0, -24        x10:00000077
11420944ns          185732 1c008776 02500793 addi             x15, x0, 37         x15=00000025
11420964ns          185733 1c00877a 04f50863 beq              x10, x15, 80        x10:00000077 x15:00000025
11420984ns          185734 1c00877e 01a005b3 add              x11, x0, x26        x11=00000002 x26:00000002
11421004ns          185735 1c008780 000b00e7 jalr             x1, x22, 0           x1=1c008782 x22:1c0086b4
11421044ns          185737 1c0086b4 000026b7 lui              x13, 0x2000         x13=00002000
11421064ns          185738 1c0086b6 f14027f3 csrrs            x15, x0, 0xf14      x15=00000003
11421083ns          185739 1c0086ba f8068693 addi             x13, x13, -128      x13=00001f80 x13:00002000
11421103ns          185740 1c0086be 00379713 slli             x14, x15, 0x3       x14=00000018 x15:00000003
11421123ns          185741 1c0086c2 00279793 slli             x15, x15, 0x2       x15=0000000c x15:00000003
11421143ns          185742 1c0086c4 00d7f7b3 and              x15, x15, x13       x15=00000000 x15:0000000c x13:00001f80
11421163ns          185743 1c0086c6 ee873733 p.bclr           x14, x14, 23, 8     x14=00000018 x14:00000018
11421183ns          185744 1c0086ca 1a10f6b7 lui              x13, 0x1a10f000     x13=1a10f000
11421203ns          185745 1c0086ce 0ff57513 andi             x10, x10, 255       x10=00000077 x10:00000077
11421223ns          185746 1c0086d2 00d70733 add              x14, x14, x13       x14=1a10f018 x14:00000018 x13:1a10f000
11421243ns          185747 1c0086d4 00a7e723 p.sw             x10, x0(x15)        x10:00000077 x15:00000000  PA:1a10f018
11421581ns          185764 1c0086d8 00000513 addi             x10, x0, 0          x10=00000000
11421601ns          185765 1c0086da 00008067 jalr             x0, x1, 0            x1:1c008782
11421660ns          185768 1c008782 31f52563 p.beqimm         x10, 778            x10:00000000
11421680ns          185769 1c008786 001d8d93 addi             x27, x27, 1         x27=00000039 x27:00000038
11421700ns          185770 1c008788 00044503 lbu              x10, 0(x8)          x10=0000006f  x8:1c000058  PA:1c000058
11421998ns          185785 1c00878c 00140413 addi             x8, x8, 1            x8=1c000059  x8:1c000058
11422018ns          185786 1c00878e fe0514e3 bne              x10, x0, -24        x10:0000006f
11422098ns          185790 1c008776 02500793 addi             x15, x0, 37         x15=00000025
11422118ns          185791 1c00877a 04f50863 beq              x10, x15, 80        x10:0000006f x15:00000025
11422138ns          185792 1c00877e 01a005b3 add              x11, x0, x26        x11=00000002 x26:00000002
11422158ns          185793 1c008780 000b00e7 jalr             x1, x22, 0           x1=1c008782 x22:1c0086b4
11422197ns          185795 1c0086b4 000026b7 lui              x13, 0x2000         x13=00002000
11422217ns          185796 1c0086b6 f14027f3 csrrs            x15, x0, 0xf14      x15=00000003
11422237ns          185797 1c0086ba f8068693 addi             x13, x13, -128      x13=00001f80 x13:00002000
11422257ns          185798 1c0086be 00379713 slli             x14, x15, 0x3       x14=00000018 x15:00000003
11422277ns          185799 1c0086c2 00279793 slli             x15, x15, 0x2       x15=0000000c x15:00000003
11422297ns          185800 1c0086c4 00d7f7b3 and              x15, x15, x13       x15=00000000 x15:0000000c x13:00001f80
11422317ns          185801 1c0086c6 ee873733 p.bclr           x14, x14, 23, 8     x14=00000018 x14:00000018
11422337ns          185802 1c0086ca 1a10f6b7 lui              x13, 0x1a10f000     x13=1a10f000
11422356ns          185803 1c0086ce 0ff57513 andi             x10, x10, 255       x10=0000006f x10:0000006f
11422376ns          185804 1c0086d2 00d70733 add              x14, x14, x13       x14=1a10f018 x14:00000018 x13:1a10f000
11422396ns          185805 1c0086d4 00a7e723 p.sw             x10, x0(x15)        x10:0000006f x15:00000000  PA:1a10f018
11422734ns          185822 1c0086d8 00000513 addi             x10, x0, 0          x10=00000000
11422754ns          185823 1c0086da 00008067 jalr             x0, x1, 0            x1:1c008782
11422814ns          185826 1c008782 31f52563 p.beqimm         x10, 778            x10:00000000
11422834ns          185827 1c008786 001d8d93 addi             x27, x27, 1         x27=0000003a x27:00000039
11422854ns          185828 1c008788 00044503 lbu              x10, 0(x8)          x10=00000072  x8:1c000059  PA:1c000059
11423152ns          185843 1c00878c 00140413 addi             x8, x8, 1            x8=1c00005a  x8:1c000059
11423172ns          185844 1c00878e fe0514e3 bne              x10, x0, -24        x10:00000072
11423251ns          185848 1c008776 02500793 addi             x15, x0, 37         x15=00000025
11423271ns          185849 1c00877a 04f50863 beq              x10, x15, 80        x10:00000072 x15:00000025
11423291ns          185850 1c00877e 01a005b3 add              x11, x0, x26        x11=00000002 x26:00000002
11423311ns          185851 1c008780 000b00e7 jalr             x1, x22, 0           x1=1c008782 x22:1c0086b4
11423351ns          185853 1c0086b4 000026b7 lui              x13, 0x2000         x13=00002000
11423371ns          185854 1c0086b6 f14027f3 csrrs            x15, x0, 0xf14      x15=00000003
11423391ns          185855 1c0086ba f8068693 addi             x13, x13, -128      x13=00001f80 x13:00002000
11423411ns          185856 1c0086be 00379713 slli             x14, x15, 0x3       x14=00000018 x15:00000003
11423431ns          185857 1c0086c2 00279793 slli             x15, x15, 0x2       x15=0000000c x15:00000003
11423450ns          185858 1c0086c4 00d7f7b3 and              x15, x15, x13       x15=00000000 x15:0000000c x13:00001f80
11423470ns          185859 1c0086c6 ee873733 p.bclr           x14, x14, 23, 8     x14=00000018 x14:00000018
11423490ns          185860 1c0086ca 1a10f6b7 lui              x13, 0x1a10f000     x13=1a10f000
11423510ns          185861 1c0086ce 0ff57513 andi             x10, x10, 255       x10=00000072 x10:00000072
11423530ns          185862 1c0086d2 00d70733 add              x14, x14, x13       x14=1a10f018 x14:00000018 x13:1a10f000
11423550ns          185863 1c0086d4 00a7e723 p.sw             x10, x0(x15)        x10:00000072 x15:00000000  PA:1a10f018
11423868ns          185879 1c0086d8 00000513 addi             x10, x0, 0          x10=00000000
11423888ns          185880 1c0086da 00008067 jalr             x0, x1, 0            x1:1c008782
11423948ns          185883 1c008782 31f52563 p.beqimm         x10, 778            x10:00000000
11423968ns          185884 1c008786 001d8d93 addi             x27, x27, 1         x27=0000003b x27:0000003a
11423987ns          185885 1c008788 00044503 lbu              x10, 0(x8)          x10=00000064  x8:1c00005a  PA:1c00005a
11424286ns          185900 1c00878c 00140413 addi             x8, x8, 1            x8=1c00005b  x8:1c00005a
11424306ns          185901 1c00878e fe0514e3 bne              x10, x0, -24        x10:00000064
11424385ns          185905 1c008776 02500793 addi             x15, x0, 37         x15=00000025
11424405ns          185906 1c00877a 04f50863 beq              x10, x15, 80        x10:00000064 x15:00000025
11424425ns          185907 1c00877e 01a005b3 add              x11, x0, x26        x11=00000002 x26:00000002
11424445ns          185908 1c008780 000b00e7 jalr             x1, x22, 0           x1=1c008782 x22:1c0086b4
11424485ns          185910 1c0086b4 000026b7 lui              x13, 0x2000         x13=00002000
11424505ns          185911 1c0086b6 f14027f3 csrrs            x15, x0, 0xf14      x15=00000003
11424525ns          185912 1c0086ba f8068693 addi             x13, x13, -128      x13=00001f80 x13:00002000
11424544ns          185913 1c0086be 00379713 slli             x14, x15, 0x3       x14=00000018 x15:00000003
11424564ns          185914 1c0086c2 00279793 slli             x15, x15, 0x2       x15=0000000c x15:00000003
11424584ns          185915 1c0086c4 00d7f7b3 and              x15, x15, x13       x15=00000000 x15:0000000c x13:00001f80
11424604ns          185916 1c0086c6 ee873733 p.bclr           x14, x14, 23, 8     x14=00000018 x14:00000018
11424624ns          185917 1c0086ca 1a10f6b7 lui              x13, 0x1a10f000     x13=1a10f000
11424644ns          185918 1c0086ce 0ff57513 andi             x10, x10, 255       x10=00000064 x10:00000064
11424664ns          185919 1c0086d2 00d70733 add              x14, x14, x13       x14=1a10f018 x14:00000018 x13:1a10f000
11424684ns          185920 1c0086d4 00a7e723 p.sw             x10, x0(x15)        x10:00000064 x15:00000000  PA:1a10f018
11425002ns          185936 1c0086d8 00000513 addi             x10, x0, 0          x10=00000000
11425022ns          185937 1c0086da 00008067 jalr             x0, x1, 0            x1:1c008782
11425081ns          185940 1c008782 31f52563 p.beqimm         x10, 778            x10:00000000
11425101ns          185941 1c008786 001d8d93 addi             x27, x27, 1         x27=0000003c x27:0000003b
11425121ns          185942 1c008788 00044503 lbu              x10, 0(x8)          x10=00000029  x8:1c00005b  PA:1c00005b
11425420ns          185957 1c00878c 00140413 addi             x8, x8, 1            x8=1c00005c  x8:1c00005b
11425439ns          185958 1c00878e fe0514e3 bne              x10, x0, -24        x10:00000029
11425519ns          185962 1c008776 02500793 addi             x15, x0, 37         x15=00000025
11425539ns          185963 1c00877a 04f50863 beq              x10, x15, 80        x10:00000029 x15:00000025
11425559ns          185964 1c00877e 01a005b3 add              x11, x0, x26        x11=00000002 x26:00000002
11425579ns          185965 1c008780 000b00e7 jalr             x1, x22, 0           x1=1c008782 x22:1c0086b4
11425618ns          185967 1c0086b4 000026b7 lui              x13, 0x2000         x13=00002000
11425638ns          185968 1c0086b6 f14027f3 csrrs            x15, x0, 0xf14      x15=00000003
11425658ns          185969 1c0086ba f8068693 addi             x13, x13, -128      x13=00001f80 x13:00002000
11425678ns          185970 1c0086be 00379713 slli             x14, x15, 0x3       x14=00000018 x15:00000003
11425698ns          185971 1c0086c2 00279793 slli             x15, x15, 0x2       x15=0000000c x15:00000003
11425718ns          185972 1c0086c4 00d7f7b3 and              x15, x15, x13       x15=00000000 x15:0000000c x13:00001f80
11425738ns          185973 1c0086c6 ee873733 p.bclr           x14, x14, 23, 8     x14=00000018 x14:00000018
11425758ns          185974 1c0086ca 1a10f6b7 lui              x13, 0x1a10f000     x13=1a10f000
11425778ns          185975 1c0086ce 0ff57513 andi             x10, x10, 255       x10=00000029 x10:00000029
11425798ns          185976 1c0086d2 00d70733 add              x14, x14, x13       x14=1a10f018 x14:00000018 x13:1a10f000
11425817ns          185977 1c0086d4 00a7e723 p.sw             x10, x0(x15)        x10:00000029 x15:00000000  PA:1a10f018
11426156ns          185994 1c0086d8 00000513 addi             x10, x0, 0          x10=00000000
11426175ns          185995 1c0086da 00008067 jalr             x0, x1, 0            x1:1c008782
11426235ns          185998 1c008782 31f52563 p.beqimm         x10, 778            x10:00000000
11426255ns          185999 1c008786 001d8d93 addi             x27, x27, 1         x27=0000003d x27:0000003c
11426275ns          186000 1c008788 00044503 lbu              x10, 0(x8)          x10=0000000a  x8:1c00005c  PA:1c00005c
11426573ns          186015 1c00878c 00140413 addi             x8, x8, 1            x8=1c00005d  x8:1c00005c
11426593ns          186016 1c00878e fe0514e3 bne              x10, x0, -24        x10:0000000a
11426673ns          186020 1c008776 02500793 addi             x15, x0, 37         x15=00000025
11426693ns          186021 1c00877a 04f50863 beq              x10, x15, 80        x10:0000000a x15:00000025
11426712ns          186022 1c00877e 01a005b3 add              x11, x0, x26        x11=00000002 x26:00000002
11426732ns          186023 1c008780 000b00e7 jalr             x1, x22, 0           x1=1c008782 x22:1c0086b4
11426772ns          186025 1c0086b4 000026b7 lui              x13, 0x2000         x13=00002000
11426792ns          186026 1c0086b6 f14027f3 csrrs            x15, x0, 0xf14      x15=00000003
11426812ns          186027 1c0086ba f8068693 addi             x13, x13, -128      x13=00001f80 x13:00002000
11426832ns          186028 1c0086be 00379713 slli             x14, x15, 0x3       x14=00000018 x15:00000003
11426852ns          186029 1c0086c2 00279793 slli             x15, x15, 0x2       x15=0000000c x15:00000003
11426872ns          186030 1c0086c4 00d7f7b3 and              x15, x15, x13       x15=00000000 x15:0000000c x13:00001f80
11426892ns          186031 1c0086c6 ee873733 p.bclr           x14, x14, 23, 8     x14=00000018 x14:00000018
11426911ns          186032 1c0086ca 1a10f6b7 lui              x13, 0x1a10f000     x13=1a10f000
11426931ns          186033 1c0086ce 0ff57513 andi             x10, x10, 255       x10=0000000a x10:0000000a
11426951ns          186034 1c0086d2 00d70733 add              x14, x14, x13       x14=1a10f018 x14:00000018 x13:1a10f000
11426971ns          186035 1c0086d4 00a7e723 p.sw             x10, x0(x15)        x10:0000000a x15:00000000  PA:1a10f018
11427309ns          186052 1c0086d8 00000513 addi             x10, x0, 0          x10=00000000
11427329ns          186053 1c0086da 00008067 jalr             x0, x1, 0            x1:1c008782
11427389ns          186056 1c008782 31f52563 p.beqimm         x10, 778            x10:00000000
11427409ns          186057 1c008786 001d8d93 addi             x27, x27, 1         x27=0000003e x27:0000003d
11427429ns          186058 1c008788 00044503 lbu              x10, 0(x8)          x10=00000000  x8:1c00005d  PA:1c00005d
11427727ns          186073 1c00878c 00140413 addi             x8, x8, 1            x8=1c00005e  x8:1c00005d
11427747ns          186074 1c00878e fe0514e3 bne              x10, x0, -24        x10:00000000
11427767ns          186075 1c008790 01b00433 add              x8, x0, x27          x8=0000003e x27:0000003e
11427787ns          186076 1c008792 00800533 add              x10, x0, x8         x10=0000003e  x8:0000003e
11427806ns          186077 1c008794 12c12083 lw               x1, 300(x2)          x1=1c008720  x2:10001e78  PA:10001fa4
11427826ns          186078 1c008798 12812403 lw               x8, 296(x2)          x8=00000003  x2:10001e78  PA:10001fa0
11427846ns          186079 1c00879c 12412483 lw               x9, 292(x2)          x9=xxxxxxxx  x2:10001e78  PA:10001f9c
11428105ns          186092 1c0087a0 12012903 lw               x18, 288(x2)        x18=xxxxxxxx  x2:10001e78  PA:10001f98
11428145ns          186094 1c0087a4 11c12983 lw               x19, 284(x2)        x19=xxxxxxxx  x2:10001e78  PA:10001f94
11428165ns          186095 1c0087a8 11812a03 lw               x20, 280(x2)        x20=xxxxxxxx  x2:10001e78  PA:10001f90
11428184ns          186096 1c0087ac 11412a83 lw               x21, 276(x2)        x21=xxxxxxxx  x2:10001e78  PA:10001f8c
11428622ns          186118 1c0087b0 11012b03 lw               x22, 272(x2)        x22=xxxxxxxx  x2:10001e78  PA:10001f88
11428662ns          186120 1c0087b4 10c12b83 lw               x23, 268(x2)        x23=xxxxxxxx  x2:10001e78  PA:10001f84
11428682ns          186121 1c0087b8 10812c03 lw               x24, 264(x2)        x24=xxxxxxxx  x2:10001e78  PA:10001f80
11428702ns          186122 1c0087bc 10412c83 lw               x25, 260(x2)        x25=xxxxxxxx  x2:10001e78  PA:10001f7c
11428721ns          186123 1c0087c0 10012d03 lw               x26, 256(x2)        x26=xxxxxxxx  x2:10001e78  PA:10001f78
11428741ns          186124 1c0087c4 0fc12d83 lw               x27, 252(x2)        x27=xxxxxxxx  x2:10001e78  PA:10001f74
11428761ns          186125 1c0087c6 13010113 addi             x2, x2, 304          x2=10001fa8  x2:10001e78
11428781ns          186126 1c0087c8 00008067 jalr             x0, x1, 0            x1:1c008720
11428861ns          186130 1c008720 01c12083 lw               x1, 28(x2)           x1=1c00818a  x2:10001fa8  PA:10001fc4
11428881ns          186131 1c008722 04010113 addi             x2, x2, 64           x2=10001fe8  x2:10001fa8
11428920ns          186133 1c008724 00008067 jalr             x0, x1, 0            x1:1c00818a
11429418ns          186158 1c00818a 00d010ef jal              x1, 6156             x1=1c00818e
11430034ns          186189 1c009996 f14027f3 csrrs            x15, x0, 0xf14      x15=00000003
11430054ns          186190 1c00999a 01f00713 addi             x14, x0, 31         x14=0000001f
11430074ns          186191 1c00999c ca5797b3 p.extractu       x15, x15, 5, 5      x15=00000000 x15:00000003
11430114ns          186193 1c0099a0 00e78863 beq              x15, x14, 16        x15:00000000 x14:0000001f
11430154ns          186195 1c0099a4 002047b7 lui              x15, 0x204000       x15=00204000
11430173ns          186196 1c0099a8 20078793 addi             x15, x15, 512       x15=00204200 x15:00204000
11430193ns          186197 1c0099ac 01c7e703 p.elw            x14, 28(x15)        x14=00010000 x15:00204200  PA:0020421c
11430313ns          186203 1c0099b0 00008067 jalr             x0, x1, 0            x1:1c00818e
11430352ns          186205 1c00818e 00c12083 lw               x1, 12(x2)           x1=1c0098a6  x2:10001fe8  PA:10001ff4
11430890ns          186232 1c008190 00812403 lw               x8, 8(x2)            x8=xxxxxxxx  x2:10001fe8  PA:10001ff0
11430909ns          186233 1c008192 00000513 addi             x10, x0, 0          x10=00000000
11430929ns          186234 1c008194 01010113 addi             x2, x2, 16           x2=10001ff8  x2:10001fe8
11430949ns          186235 1c008196 00008067 jalr             x0, x1, 0            x1:1c0098a6
11431069ns          186241 1c0098a6 f14027f3 csrrs            x15, x0, 0xf14      x15=00000003
11431088ns          186242 1c0098aa f457b7b3 p.bclr           x15, x15, 26, 5     x15=00000003 x15:00000003
11431108ns          186243 1c0098ae 00079963 bne              x15, x0, 18         x15:00000003
11431645ns          186270 1c0098c0 002047b7 lui              x15, 0x204000       x15=00204000
11431685ns          186272 1c0098c4 fff00713 addi             x14, x0, -1         x14=ffffffff
11431705ns          186273 1c0098c6 00e7a223 sw               x14, 4(x15)         x14:ffffffff x15:00204000  PA:00204004
