                Time          Cycles PC       Instr    Mnemonic
11267248ns          178005 1c008080 0640006f jal              x0, 100            
11267706ns          178028 1c0080e4 f1402573 csrrs            x10, x0, 0xf14      x10=00000000
11267746ns          178030 1c0080e8 01f57593 andi             x11, x10, 31        x11=00000000 x10:00000000
11267765ns          178031 1c0080ec 00555513 srli             x10, x10, 0x5       x10=00000000 x10:00000000
11267785ns          178032 1c0080ee 01f00613 addi             x12, x0, 31         x12=0000001f
11268203ns          178053 1c0080f0 00c50463 beq              x10, x12, 8         x10:00000000 x12:0000001f
11268243ns          178055 1c0080f4 fa1ff06f jal              x0, -96            
11268700ns          178078 1c008094 f3ff8117 auipc            x2, 0xf3ff8000       x2=10000094
11268740ns          178080 1c008098 f7010113 addi             x2, x2, -144         x2=10000004  x2:10000094
11268760ns          178081 1c00809c 00012103 lw               x2, 0(x2)            x2=10000008  x2:10000004  PA:10000004
11269198ns          178103 1c0080a0 000011b7 lui              x3, 0x1000           x3=00001000
11269237ns          178105 1c0080a4 80018193 addi             x3, x3, -2048        x3=00000800  x3:00001000
11269257ns          178106 1c0080a8 00158593 addi             x11, x11, 1         x11=00000001 x11:00000000
11269277ns          178107 1c0080ac 02b180b3 mul              x1, x3, x11          x1=00000800  x3:00000800 x11:00000001
11269715ns          178129 1c0080b0 00110133 add              x2, x2, x1           x2=10000808  x2:10000008  x1:00000800
11269755ns          178131 1c0080b4 7cc0106f jal              x0, 6092           
11270232ns          178155 1c009880 ff010113 addi             x2, x2, -16          x2=100007f8  x2:10000808
11270252ns          178156 1c009882 00112623 sw               x1, 12(x2)           x1:00000800  x2:100007f8  PA:10000804
11270272ns          178157 1c009884 002047b7 lui              x15, 0x204000       x15=00204000
11270292ns          178158 1c009888 00070737 lui              x14, 0x70000        x14=00070000
11270312ns          178159 1c00988c 00e7a423 sw               x14, 8(x15)         x14:00070000 x15:00204000  PA:00204008
11270331ns          178160 1c00988e 00f00713 addi             x14, x0, 15         x14=0000000f
11270749ns          178181 1c009890 20078793 addi             x15, x15, 512       x15=00204200 x15:00204000
11270789ns          178183 1c009894 00e7a023 sw               x14, 0(x15)         x14:0000000f x15:00204200  PA:00204200
11270809ns          178184 1c009898 00e7a623 sw               x14, 12(x15)        x14:0000000f x15:00204200  PA:0020420c
11270829ns          178185 1c00989c 1c0017b7 lui              x15, 0x1c001000     x15=1c001000
11271266ns          178207 1c0098a0 8b47a783 lw               x15, -1868(x15)     x15=1c00813e x15:1c001000  PA:1c0008b4
11271624ns          178225 1c0098a4 000780e7 jalr             x1, x15, 0           x1=1c0098a6 x15:1c00813e
11272818ns          178285 1c00813e f14025f3 csrrs            x11, x0, 0xf14      x11=00000000
11272858ns          178287 1c008142 ca5597b3 p.extractu       x15, x11, 5, 5      x15=00000000 x11:00000000
11272877ns          178288 1c008146 04079963 bne              x15, x0, 82         x15:00000000
11272897ns          178289 1c008148 ff010113 addi             x2, x2, -16          x2=100007e8  x2:100007f8
11272917ns          178290 1c00814a 00812423 sw               x8, 8(x2)            x8:xxxxxxxx  x2:100007e8  PA:100007f0
11272937ns          178291 1c00814c 00112623 sw               x1, 12(x2)           x1:1c0098a6  x2:100007e8  PA:100007f4
11273335ns          178311 1c00814e f455b433 p.bclr           x8, x11, 26, 5       x8=00000000 x11:00000000
11273375ns          178313 1c008152 045010ef jal              x1, 6212             x1=1c008156
11273872ns          178338 1c009996 f14027f3 csrrs            x15, x0, 0xf14      x15=00000000
11273892ns          178339 1c00999a 01f00713 addi             x14, x0, 31         x14=0000001f
11273912ns          178340 1c00999c ca5797b3 p.extractu       x15, x15, 5, 5      x15=00000000 x15:00000000
11274349ns          178362 1c0099a0 00e78863 beq              x15, x14, 16        x15:00000000 x14:0000001f
11274389ns          178364 1c0099a4 002047b7 lui              x15, 0x204000       x15=00204000
11274409ns          178365 1c0099a8 20078793 addi             x15, x15, 512       x15=00204200 x15:00204000
11274429ns          178366 1c0099ac 01c7e703 p.elw            x14, 28(x15)        x14=00010000 x15:00204200  PA:0020421c
11274866ns          178388 1c0099b0 00008067 jalr             x0, x1, 0            x1:1c008156
11274926ns          178391 1c008156 c0002673 csrrs            x12, x0, 0xc00      x12=00000000
11274946ns          178392 1c00815a 001c0737 lui              x14, 0x1c0000       x14=001c0000
11274966ns          178393 1c00815e 00870733 add              x14, x14, x8        x14=001c0000 x14:001c0000  x8:00000000
11275384ns          178414 1c008160 00871713 slli             x14, x14, 0x8       x14=1c000000 x14:001c0000
11275423ns          178416 1c008162 032250fb lp.setupi        0x1, 0x32, 0x4     
11275443ns          178417 1c008166 0047268b p.lw             x13, 4(x14!)        x13=00000000 x14=1c000004 x14:1c000000  PA:1c000000
11275742ns          178432 1c00816a 00000013 nop                                 
11275762ns          178433 1c008166 0047268b p.lw             x13, 4(x14!)        x13=00000001 x14=1c000008 x14:1c000004  PA:1c000004
11276060ns          178448 1c00816a 00000013 nop                                 
11276080ns          178449 1c008166 0047268b p.lw             x13, 4(x14!)        x13=ffffffff x14=1c00000c x14:1c000008  PA:1c000008
11276378ns          178464 1c00816a 00000013 nop                                 
11276398ns          178465 1c008166 0047268b p.lw             x13, 4(x14!)        x13=00000000 x14=1c000010 x14:1c00000c  PA:1c00000c
11276696ns          178480 1c00816a 00000013 nop                                 
11276716ns          178481 1c008166 0047268b p.lw             x13, 4(x14!)        x13=00000001 x14=1c000014 x14:1c000010  PA:1c000010
11277015ns          178496 1c00816a 00000013 nop                                 
11277035ns          178497 1c008166 0047268b p.lw             x13, 4(x14!)        x13=ffffffff x14=1c000018 x14:1c000014  PA:1c000014
11277333ns          178512 1c00816a 00000013 nop                                 
11277353ns          178513 1c008166 0047268b p.lw             x13, 4(x14!)        x13=00000000 x14=1c00001c x14:1c000018  PA:1c000018
11277651ns          178528 1c00816a 00000013 nop                                 
11277671ns          178529 1c008166 0047268b p.lw             x13, 4(x14!)        x13=65726f43 x14=1c000020 x14:1c00001c  PA:1c00001c
11277969ns          178544 1c00816a 00000013 nop                                 
11277989ns          178545 1c008166 0047268b p.lw             x13, 4(x14!)        x13=3a642520 x14=1c000024 x14:1c000020  PA:1c000020
11278288ns          178560 1c00816a 00000013 nop                                 
11278308ns          178561 1c008166 0047268b p.lw             x13, 4(x14!)        x13=20324c20 x14=1c000028 x14:1c000024  PA:1c000024
11278606ns          178576 1c00816a 00000013 nop                                 
11278626ns          178577 1c008166 0047268b p.lw             x13, 4(x14!)        x13=64616572 x14=1c00002c x14:1c000028  PA:1c000028
11278924ns          178592 1c00816a 00000013 nop                                 
11278944ns          178593 1c008166 0047268b p.lw             x13, 4(x14!)        x13=20666f20 x14=1c000030 x14:1c00002c  PA:1c00002c
11279242ns          178608 1c00816a 00000013 nop                                 
11279262ns          178609 1c008166 0047268b p.lw             x13, 4(x14!)        x13=77206425 x14=1c000034 x14:1c000030  PA:1c000030
11279561ns          178624 1c00816a 00000013 nop                                 
11279581ns          178625 1c008166 0047268b p.lw             x13, 4(x14!)        x13=7364726f x14=1c000038 x14:1c000034  PA:1c000034
11279879ns          178640 1c00816a 00000013 nop                                 
11279899ns          178641 1c008166 0047268b p.lw             x13, 4(x14!)        x13=6f6f7420 x14=1c00003c x14:1c000038  PA:1c000038
11280197ns          178656 1c00816a 00000013 nop                                 
11280217ns          178657 1c008166 0047268b p.lw             x13, 4(x14!)        x13=7525206b x14=1c000040 x14:1c00003c  PA:1c00003c
11280515ns          178672 1c00816a 00000013 nop                                 
11280535ns          178673 1c008166 0047268b p.lw             x13, 4(x14!)        x13=63796320 x14=1c000044 x14:1c000040  PA:1c000040
11280854ns          178689 1c00816a 00000013 nop                                 
11280873ns          178690 1c008166 0047268b p.lw             x13, 4(x14!)        x13=2073656c x14=1c000048 x14:1c000044  PA:1c000044
11281172ns          178705 1c00816a 00000013 nop                                 
11281192ns          178706 1c008166 0047268b p.lw             x13, 4(x14!)        x13=67766128 x14=1c00004c x14:1c000048  PA:1c000048
11281490ns          178721 1c00816a 00000013 nop                                 
11281510ns          178722 1c008166 0047268b p.lw             x13, 4(x14!)        x13=20752520 x14=1c000050 x14:1c00004c  PA:1c00004c
11281808ns          178737 1c00816a 00000013 nop                                 
11281828ns          178738 1c008166 0047268b p.lw             x13, 4(x14!)        x13=6c637963 x14=1c000054 x14:1c000050  PA:1c000050
11282147ns          178754 1c00816a 00000013 nop                                 
11282166ns          178755 1c008166 0047268b p.lw             x13, 4(x14!)        x13=772f7365 x14=1c000058 x14:1c000054  PA:1c000054
11282465ns          178770 1c00816a 00000013 nop                                 
11282485ns          178771 1c008166 0047268b p.lw             x13, 4(x14!)        x13=2964726f x14=1c00005c x14:1c000058  PA:1c000058
11282783ns          178786 1c00816a 00000013 nop                                 
11282803ns          178787 1c008166 0047268b p.lw             x13, 4(x14!)        x13=0000000a x14=1c000060 x14:1c00005c  PA:1c00005c
11283101ns          178802 1c00816a 00000013 nop                                 
11283121ns          178803 1c008166 0047268b p.lw             x13, 4(x14!)        x13=20202020 x14=1c000064 x14:1c000060  PA:1c000060
11283439ns          178819 1c00816a 00000013 nop                                 
11283459ns          178820 1c008166 0047268b p.lw             x13, 4(x14!)        x13=23202b2d x14=1c000068 x14:1c000064  PA:1c000064
11283758ns          178835 1c00816a 00000013 nop                                 
11283778ns          178836 1c008166 0047268b p.lw             x13, 4(x14!)        x13=00000030 x14=1c00006c x14:1c000068  PA:1c000068
11284076ns          178851 1c00816a 00000013 nop                                 
11284096ns          178852 1c008166 0047268b p.lw             x13, 4(x14!)        x13=7a4c6c68 x14=1c000070 x14:1c00006c  PA:1c00006c
11284394ns          178867 1c00816a 00000013 nop                                 
11284414ns          178868 1c008166 0047268b p.lw             x13, 4(x14!)        x13=00000000 x14=1c000074 x14:1c000070  PA:1c000070
11284732ns          178884 1c00816a 00000013 nop                                 
11284752ns          178885 1c008166 0047268b p.lw             x13, 4(x14!)        x13=00000000 x14=1c000078 x14:1c000074  PA:1c000074
11285051ns          178900 1c00816a 00000013 nop                                 
11285070ns          178901 1c008166 0047268b p.lw             x13, 4(x14!)        x13=00000000 x14=1c00007c x14:1c000078  PA:1c000078
11285369ns          178916 1c00816a 00000013 nop                                 
11285389ns          178917 1c008166 0047268b p.lw             x13, 4(x14!)        x13=00000000 x14=1c000080 x14:1c00007c  PA:1c00007c
11285687ns          178932 1c00816a 00000013 nop                                 
11285707ns          178933 1c008166 0047268b p.lw             x13, 4(x14!)        x13=00000000 x14=1c000084 x14:1c000080  PA:1c000080
11286005ns          178948 1c00816a 00000013 nop                                 
11286025ns          178949 1c008166 0047268b p.lw             x13, 4(x14!)        x13=00000000 x14=1c000088 x14:1c000084  PA:1c000084
11286343ns          178965 1c00816a 00000013 nop                                 
11286363ns          178966 1c008166 0047268b p.lw             x13, 4(x14!)        x13=00000000 x14=1c00008c x14:1c000088  PA:1c000088
11286662ns          178981 1c00816a 00000013 nop                                 
11286682ns          178982 1c008166 0047268b p.lw             x13, 4(x14!)        x13=00000000 x14=1c000090 x14:1c00008c  PA:1c00008c
11287000ns          178998 1c00816a 00000013 nop                                 
11287020ns          178999 1c008166 0047268b p.lw             x13, 4(x14!)        x13=00000000 x14=1c000094 x14:1c000090  PA:1c000090
11287318ns          179014 1c00816a 00000013 nop                                 
11287338ns          179015 1c008166 0047268b p.lw             x13, 4(x14!)        x13=00000000 x14=1c000098 x14:1c000094  PA:1c000094
11287656ns          179031 1c00816a 00000013 nop                                 
11287676ns          179032 1c008166 0047268b p.lw             x13, 4(x14!)        x13=00000000 x14=1c00009c x14:1c000098  PA:1c000098
11287974ns          179047 1c00816a 00000013 nop                                 
11287994ns          179048 1c008166 0047268b p.lw             x13, 4(x14!)        x13=00000000 x14=1c0000a0 x14:1c00009c  PA:1c00009c
11288293ns          179063 1c00816a 00000013 nop                                 
11288313ns          179064 1c008166 0047268b p.lw             x13, 4(x14!)        x13=00000000 x14=1c0000a4 x14:1c0000a0  PA:1c0000a0
11288611ns          179079 1c00816a 00000013 nop                                 
11288631ns          179080 1c008166 0047268b p.lw             x13, 4(x14!)        x13=00000000 x14=1c0000a8 x14:1c0000a4  PA:1c0000a4
11288929ns          179095 1c00816a 00000013 nop                                 
11288949ns          179096 1c008166 0047268b p.lw             x13, 4(x14!)        x13=00000000 x14=1c0000ac x14:1c0000a8  PA:1c0000a8
11289248ns          179111 1c00816a 00000013 nop                                 
11289267ns          179112 1c008166 0047268b p.lw             x13, 4(x14!)        x13=00000000 x14=1c0000b0 x14:1c0000ac  PA:1c0000ac
11289566ns          179127 1c00816a 00000013 nop                                 
11289586ns          179128 1c008166 0047268b p.lw             x13, 4(x14!)        x13=00000000 x14=1c0000b4 x14:1c0000b0  PA:1c0000b0
11289884ns          179143 1c00816a 00000013 nop                                 
11289904ns          179144 1c008166 0047268b p.lw             x13, 4(x14!)        x13=00000000 x14=1c0000b8 x14:1c0000b4  PA:1c0000b4
11290202ns          179159 1c00816a 00000013 nop                                 
11290222ns          179160 1c008166 0047268b p.lw             x13, 4(x14!)        x13=00000000 x14=1c0000bc x14:1c0000b8  PA:1c0000b8
11290521ns          179175 1c00816a 00000013 nop                                 
11290540ns          179176 1c008166 0047268b p.lw             x13, 4(x14!)        x13=00000000 x14=1c0000c0 x14:1c0000bc  PA:1c0000bc
11290839ns          179191 1c00816a 00000013 nop                                 
11290859ns          179192 1c008166 0047268b p.lw             x13, 4(x14!)        x13=00000000 x14=1c0000c4 x14:1c0000c0  PA:1c0000c0
11291157ns          179207 1c00816a 00000013 nop                                 
11291177ns          179208 1c008166 0047268b p.lw             x13, 4(x14!)        x13=00000000 x14=1c0000c8 x14:1c0000c4  PA:1c0000c4
11291495ns          179224 1c00816a 00000013 nop                                 
11291515ns          179225 1c00816c c00026f3 csrrs            x13, x0, 0xc00      x13=00000000
11291535ns          179226 1c008170 03200713 addi             x14, x0, 50         x14=00000032
11291555ns          179227 1c008174 40c686b3 sub              x13, x13, x12       x13=00000000 x13:00000000 x12:00000000
11291575ns          179228 1c008176 02e6d733 divu             x14, x13, x14       x14=00000000 x13:00000000 x14:00000032
11292152ns          179257 1c00817a 1c000537 lui              x10, 0x1c000000     x10=1c000000
11292171ns          179258 1c00817e 008005b3 add              x11, x0, x8         x11=00000000  x8:00000000
11292191ns          179259 1c008180 03200613 addi             x12, x0, 50         x12=00000032
11292211ns          179260 1c008184 01c50513 addi             x10, x10, 28        x10=1c00001c x10:1c000000
11292231ns          179261 1c008188 570000ef jal              x1, 1392             x1=1c00818a
11293126ns          179306 1c0086f8 fc010113 addi             x2, x2, -64          x2=100007a8  x2:100007e8
11293166ns          179308 1c0086fa 02410313 addi             x6, x2, 36           x6=100007cc  x2:100007a8
11293186ns          179309 1c0086fe 02c12423 sw               x12, 40(x2)         x12:00000032  x2:100007a8  PA:100007d0
11293604ns          179330 1c008700 00a00633 add              x12, x0, x10        x12=1c00001c x10:1c00001c
11293643ns          179332 1c008702 1c008537 lui              x10, 0x1c008000     x10=1c008000
11293663ns          179333 1c008706 02b12223 sw               x11, 36(x2)         x11:00000000  x2:100007a8  PA:100007cc
11293683ns          179334 1c008708 02d12623 sw               x13, 44(x2)         x13:00000000  x2:100007a8  PA:100007d4
11293703ns          179335 1c00870a 00200593 addi             x11, x0, 2          x11=00000002
11293723ns          179336 1c00870c 006006b3 add              x13, x0, x6         x13=100007cc  x6:100007cc
11294141ns          179357 1c00870e 6b450513 addi             x10, x10, 1716      x10=1c0086b4 x10:1c008000
11294161ns          179358 1c008712 00112e23 sw               x1, 28(x2)           x1:1c00818a  x2:100007a8  PA:100007c4
11294180ns          179359 1c008714 02e12823 sw               x14, 48(x2)         x14:00000000  x2:100007a8  PA:100007d8
11294200ns          179360 1c008716 02f12a23 sw               x15, 52(x2)         x15:00204200  x2:100007a8  PA:100007dc
11294220ns          179361 1c008718 03012c23 sw               x16, 56(x2)         x16:xxxxxxxx  x2:100007a8  PA:100007e0
11294240ns          179362 1c00871a 03112e23 sw               x17, 60(x2)         x17:xxxxxxxx  x2:100007a8  PA:100007e4
11294260ns          179363 1c00871c 00612623 sw               x6, 12(x2)           x6:100007cc  x2:100007a8  PA:100007b4
11294280ns          179364 1c00871e fbfff0ef jal              x1, -66              x1=1c008720
11295115ns          179406 1c0086dc 04a0006f jal              x0, 74             
11295155ns          179408 1c008726 ed010113 addi             x2, x2, -304         x2=10000678  x2:100007a8
11295175ns          179409 1c008728 12812423 sw               x8, 296(x2)          x8:00000000  x2:10000678  PA:100007a0
11295195ns          179410 1c00872c 00000413 addi             x8, x0, 0            x8=00000000
11295652ns          179433 1c00872e 11612823 sw               x22, 272(x2)        x22:xxxxxxxx  x2:10000678  PA:10000788
11295692ns          179435 1c008732 11712623 sw               x23, 268(x2)        x23:xxxxxxxx  x2:10000678  PA:10000784
11295712ns          179436 1c008736 11812423 sw               x24, 264(x2)        x24:xxxxxxxx  x2:10000678  PA:10000780
11295732ns          179437 1c00873a 11912223 sw               x25, 260(x2)        x25:xxxxxxxx  x2:10000678  PA:1000077c
11296169ns          179459 1c00873e 11a12023 sw               x26, 256(x2)        x26:xxxxxxxx  x2:10000678  PA:10000778
11296189ns          179460 1c008742 0fb12e23 sw               x27, 252(x2)        x27:xxxxxxxx  x2:10000678  PA:10000774
11296209ns          179461 1c008744 12112623 sw               x1, 300(x2)          x1:1c008720  x2:10000678  PA:100007a4
11296229ns          179462 1c008748 00800db3 add              x27, x0, x8         x27=00000000  x8:00000000
11296249ns          179463 1c00874a 12912223 sw               x9, 292(x2)          x9:xxxxxxxx  x2:10000678  PA:1000079c
11296687ns          179485 1c00874e 13212023 sw               x18, 288(x2)        x18:xxxxxxxx  x2:10000678  PA:10000798
11296726ns          179487 1c008752 11312e23 sw               x19, 284(x2)        x19:xxxxxxxx  x2:10000678  PA:10000794
11296746ns          179488 1c008756 11412c23 sw               x20, 280(x2)        x20:xxxxxxxx  x2:10000678  PA:10000790
11296766ns          179489 1c00875a 11512a23 sw               x21, 276(x2)        x21:xxxxxxxx  x2:10000678  PA:1000078c
11296786ns          179490 1c00875e 00a00b33 add              x22, x0, x10        x22=1c0086b4 x10:1c0086b4
11297204ns          179511 1c008760 00b00d33 add              x26, x0, x11        x26=00000002 x11:00000002
11297224ns          179512 1c008762 00d00c33 add              x24, x0, x13        x24=100007cc x13:100007cc
11297244ns          179513 1c008764 1c000bb7 lui              x23, 0x1c000000     x23=1c000000
11297263ns          179514 1c008768 02410c93 addi             x25, x2, 36         x25=1000069c  x2:10000678
11297283ns          179515 1c00876c 00c00433 add              x8, x0, x12          x8=1c00001c x12:1c00001c
11297721ns          179537 1c00876e 00044503 lbu              x10, 0(x8)          x10=00000043  x8:1c00001c  PA:1c00001c
11298039ns          179553 1c008772 00140413 addi             x8, x8, 1            x8=1c00001d  x8:1c00001c
11298059ns          179554 1c008774 00050e63 beq              x10, x0, 28         x10:00000043
11298079ns          179555 1c008776 02500793 addi             x15, x0, 37         x15=00000025
11298099ns          179556 1c00877a 04f50863 beq              x10, x15, 80        x10:00000043 x15:00000025
11298119ns          179557 1c00877e 01a005b3 add              x11, x0, x26        x11=00000002 x26:00000002
11298278ns          179565 1c008780 000b00e7 jalr             x1, x22, 0           x1=1c008782 x22:1c0086b4
11298735ns          179588 1c0086b4 000026b7 lui              x13, 0x2000         x13=00002000
11298775ns          179590 1c0086b6 f14027f3 csrrs            x15, x0, 0xf14      x15=00000000
11298795ns          179591 1c0086ba f8068693 addi             x13, x13, -128      x13=00001f80 x13:00002000
11299233ns          179613 1c0086be 00379713 slli             x14, x15, 0x3       x14=00000000 x15:00000000
11299253ns          179614 1c0086c2 00279793 slli             x15, x15, 0x2       x15=00000000 x15:00000000
11299272ns          179615 1c0086c4 00d7f7b3 and              x15, x15, x13       x15=00000000 x15:00000000 x13:00001f80
11299292ns          179616 1c0086c6 ee873733 p.bclr           x14, x14, 23, 8     x14=00000000 x14:00000000
11299312ns          179617 1c0086ca 1a10f6b7 lui              x13, 0x1a10f000     x13=1a10f000
11299332ns          179618 1c0086ce 0ff57513 andi             x10, x10, 255       x10=00000043 x10:00000043
11299352ns          179619 1c0086d2 00d70733 add              x14, x14, x13       x14=1a10f000 x14:00000000 x13:1a10f000
11299372ns          179620 1c0086d4 00a7e723 p.sw             x10, x0(x15)        x10:00000043 x15:00000000  PA:1a10f000
11299690ns          179636 1c0086d8 00000513 addi             x10, x0, 0          x10=00000000
11299710ns          179637 1c0086da 00008067 jalr             x0, x1, 0            x1:1c008782
11299889ns          179646 1c008782 31f52563 p.beqimm         x10, 778            x10:00000000
11299909ns          179647 1c008786 001d8d93 addi             x27, x27, 1         x27=00000001 x27:00000000
11299929ns          179648 1c008788 00044503 lbu              x10, 0(x8)          x10=0000006f  x8:1c00001d  PA:1c00001d
11300366ns          179670 1c00878c 00140413 addi             x8, x8, 1            x8=1c00001e  x8:1c00001d
11300386ns          179671 1c00878e fe0514e3 bne              x10, x0, -24        x10:0000006f
11300466ns          179675 1c008776 02500793 addi             x15, x0, 37         x15=00000025
11300486ns          179676 1c00877a 04f50863 beq              x10, x15, 80        x10:0000006f x15:00000025
11300506ns          179677 1c00877e 01a005b3 add              x11, x0, x26        x11=00000002 x26:00000002
11300526ns          179678 1c008780 000b00e7 jalr             x1, x22, 0           x1=1c008782 x22:1c0086b4
11300565ns          179680 1c0086b4 000026b7 lui              x13, 0x2000         x13=00002000
11300585ns          179681 1c0086b6 f14027f3 csrrs            x15, x0, 0xf14      x15=00000000
11300605ns          179682 1c0086ba f8068693 addi             x13, x13, -128      x13=00001f80 x13:00002000
11300625ns          179683 1c0086be 00379713 slli             x14, x15, 0x3       x14=00000000 x15:00000000
11300645ns          179684 1c0086c2 00279793 slli             x15, x15, 0x2       x15=00000000 x15:00000000
11300665ns          179685 1c0086c4 00d7f7b3 and              x15, x15, x13       x15=00000000 x15:00000000 x13:00001f80
11300685ns          179686 1c0086c6 ee873733 p.bclr           x14, x14, 23, 8     x14=00000000 x14:00000000
11300705ns          179687 1c0086ca 1a10f6b7 lui              x13, 0x1a10f000     x13=1a10f000
11300724ns          179688 1c0086ce 0ff57513 andi             x10, x10, 255       x10=0000006f x10:0000006f
11300744ns          179689 1c0086d2 00d70733 add              x14, x14, x13       x14=1a10f000 x14:00000000 x13:1a10f000
11300764ns          179690 1c0086d4 00a7e723 p.sw             x10, x0(x15)        x10:0000006f x15:00000000  PA:1a10f000
11301082ns          179706 1c0086d8 00000513 addi             x10, x0, 0          x10=00000000
11301102ns          179707 1c0086da 00008067 jalr             x0, x1, 0            x1:1c008782
11301162ns          179710 1c008782 31f52563 p.beqimm         x10, 778            x10:00000000
11301182ns          179711 1c008786 001d8d93 addi             x27, x27, 1         x27=00000002 x27:00000001
11301202ns          179712 1c008788 00044503 lbu              x10, 0(x8)          x10=00000072  x8:1c00001e  PA:1c00001e
11301500ns          179727 1c00878c 00140413 addi             x8, x8, 1            x8=1c00001f  x8:1c00001e
11301520ns          179728 1c00878e fe0514e3 bne              x10, x0, -24        x10:00000072
11301600ns          179732 1c008776 02500793 addi             x15, x0, 37         x15=00000025
11301620ns          179733 1c00877a 04f50863 beq              x10, x15, 80        x10:00000072 x15:00000025
11301639ns          179734 1c00877e 01a005b3 add              x11, x0, x26        x11=00000002 x26:00000002
11301659ns          179735 1c008780 000b00e7 jalr             x1, x22, 0           x1=1c008782 x22:1c0086b4
11301699ns          179737 1c0086b4 000026b7 lui              x13, 0x2000         x13=00002000
11301719ns          179738 1c0086b6 f14027f3 csrrs            x15, x0, 0xf14      x15=00000000
11301739ns          179739 1c0086ba f8068693 addi             x13, x13, -128      x13=00001f80 x13:00002000
11301759ns          179740 1c0086be 00379713 slli             x14, x15, 0x3       x14=00000000 x15:00000000
11301779ns          179741 1c0086c2 00279793 slli             x15, x15, 0x2       x15=00000000 x15:00000000
11301799ns          179742 1c0086c4 00d7f7b3 and              x15, x15, x13       x15=00000000 x15:00000000 x13:00001f80
11301818ns          179743 1c0086c6 ee873733 p.bclr           x14, x14, 23, 8     x14=00000000 x14:00000000
11301838ns          179744 1c0086ca 1a10f6b7 lui              x13, 0x1a10f000     x13=1a10f000
11301858ns          179745 1c0086ce 0ff57513 andi             x10, x10, 255       x10=00000072 x10:00000072
11301878ns          179746 1c0086d2 00d70733 add              x14, x14, x13       x14=1a10f000 x14:00000000 x13:1a10f000
11301898ns          179747 1c0086d4 00a7e723 p.sw             x10, x0(x15)        x10:00000072 x15:00000000  PA:1a10f000
11302216ns          179763 1c0086d8 00000513 addi             x10, x0, 0          x10=00000000
11302236ns          179764 1c0086da 00008067 jalr             x0, x1, 0            x1:1c008782
11302296ns          179767 1c008782 31f52563 p.beqimm         x10, 778            x10:00000000
11302316ns          179768 1c008786 001d8d93 addi             x27, x27, 1         x27=00000003 x27:00000002
11302336ns          179769 1c008788 00044503 lbu              x10, 0(x8)          x10=00000065  x8:1c00001f  PA:1c00001f
11302654ns          179785 1c00878c 00140413 addi             x8, x8, 1            x8=1c000020  x8:1c00001f
11302674ns          179786 1c00878e fe0514e3 bne              x10, x0, -24        x10:00000065
11302753ns          179790 1c008776 02500793 addi             x15, x0, 37         x15=00000025
11302773ns          179791 1c00877a 04f50863 beq              x10, x15, 80        x10:00000065 x15:00000025
11302793ns          179792 1c00877e 01a005b3 add              x11, x0, x26        x11=00000002 x26:00000002
11302813ns          179793 1c008780 000b00e7 jalr             x1, x22, 0           x1=1c008782 x22:1c0086b4
11302853ns          179795 1c0086b4 000026b7 lui              x13, 0x2000         x13=00002000
11302873ns          179796 1c0086b6 f14027f3 csrrs            x15, x0, 0xf14      x15=00000000
11302893ns          179797 1c0086ba f8068693 addi             x13, x13, -128      x13=00001f80 x13:00002000
11302912ns          179798 1c0086be 00379713 slli             x14, x15, 0x3       x14=00000000 x15:00000000
11302932ns          179799 1c0086c2 00279793 slli             x15, x15, 0x2       x15=00000000 x15:00000000
11302952ns          179800 1c0086c4 00d7f7b3 and              x15, x15, x13       x15=00000000 x15:00000000 x13:00001f80
11302972ns          179801 1c0086c6 ee873733 p.bclr           x14, x14, 23, 8     x14=00000000 x14:00000000
11302992ns          179802 1c0086ca 1a10f6b7 lui              x13, 0x1a10f000     x13=1a10f000
11303012ns          179803 1c0086ce 0ff57513 andi             x10, x10, 255       x10=00000065 x10:00000065
11303032ns          179804 1c0086d2 00d70733 add              x14, x14, x13       x14=1a10f000 x14:00000000 x13:1a10f000
11303052ns          179805 1c0086d4 00a7e723 p.sw             x10, x0(x15)        x10:00000065 x15:00000000  PA:1a10f000
11303390ns          179822 1c0086d8 00000513 addi             x10, x0, 0          x10=00000000
11303410ns          179823 1c0086da 00008067 jalr             x0, x1, 0            x1:1c008782
11303469ns          179826 1c008782 31f52563 p.beqimm         x10, 778            x10:00000000
11303489ns          179827 1c008786 001d8d93 addi             x27, x27, 1         x27=00000004 x27:00000003
11303509ns          179828 1c008788 00044503 lbu              x10, 0(x8)          x10=00000020  x8:1c000020  PA:1c000020
11303808ns          179843 1c00878c 00140413 addi             x8, x8, 1            x8=1c000021  x8:1c000020
11303827ns          179844 1c00878e fe0514e3 bne              x10, x0, -24        x10:00000020
11303907ns          179848 1c008776 02500793 addi             x15, x0, 37         x15=00000025
11303927ns          179849 1c00877a 04f50863 beq              x10, x15, 80        x10:00000020 x15:00000025
11303947ns          179850 1c00877e 01a005b3 add              x11, x0, x26        x11=00000002 x26:00000002
11303967ns          179851 1c008780 000b00e7 jalr             x1, x22, 0           x1=1c008782 x22:1c0086b4
11304006ns          179853 1c0086b4 000026b7 lui              x13, 0x2000         x13=00002000
11304026ns          179854 1c0086b6 f14027f3 csrrs            x15, x0, 0xf14      x15=00000000
11304046ns          179855 1c0086ba f8068693 addi             x13, x13, -128      x13=00001f80 x13:00002000
11304066ns          179856 1c0086be 00379713 slli             x14, x15, 0x3       x14=00000000 x15:00000000
11304086ns          179857 1c0086c2 00279793 slli             x15, x15, 0x2       x15=00000000 x15:00000000
11304106ns          179858 1c0086c4 00d7f7b3 and              x15, x15, x13       x15=00000000 x15:00000000 x13:00001f80
11304126ns          179859 1c0086c6 ee873733 p.bclr           x14, x14, 23, 8     x14=00000000 x14:00000000
11304146ns          179860 1c0086ca 1a10f6b7 lui              x13, 0x1a10f000     x13=1a10f000
11304166ns          179861 1c0086ce 0ff57513 andi             x10, x10, 255       x10=00000020 x10:00000020
11304185ns          179862 1c0086d2 00d70733 add              x14, x14, x13       x14=1a10f000 x14:00000000 x13:1a10f000
11304205ns          179863 1c0086d4 00a7e723 p.sw             x10, x0(x15)        x10:00000020 x15:00000000  PA:1a10f000
11304524ns          179879 1c0086d8 00000513 addi             x10, x0, 0          x10=00000000
11304543ns          179880 1c0086da 00008067 jalr             x0, x1, 0            x1:1c008782
11304603ns          179883 1c008782 31f52563 p.beqimm         x10, 778            x10:00000000
11304623ns          179884 1c008786 001d8d93 addi             x27, x27, 1         x27=00000005 x27:00000004
11304643ns          179885 1c008788 00044503 lbu              x10, 0(x8)          x10=00000025  x8:1c000021  PA:1c000021
11304941ns          179900 1c00878c 00140413 addi             x8, x8, 1            x8=1c000022  x8:1c000021
11304961ns          179901 1c00878e fe0514e3 bne              x10, x0, -24        x10:00000025
11305041ns          179905 1c008776 02500793 addi             x15, x0, 37         x15=00000025
11305061ns          179906 1c00877a 04f50863 beq              x10, x15, 80        x10:00000025 x15:00000025
11305578ns          179932 1c0087ca 00044483 lbu              x9, 0(x8)            x9=00000064  x8:1c000022  PA:1c000022
11306055ns          179956 1c0087ce 02000693 addi             x13, x0, 32         x13=00000020
11306075ns          179957 1c0087d2 00140a93 addi             x21, x8, 1          x21=1c000023  x8:1c000022
11306095ns          179958 1c0087d6 009005b3 add              x11, x0, x9         x11=00000064  x9:00000064
11306115ns          179959 1c0087d8 064b8513 addi             x10, x23, 100       x10=1c000064 x23:1c000000
11306135ns          179960 1c0087dc 00d12823 sw               x13, 16(x2)         x13:00000020  x2:10000678  PA:10000688
11306155ns          179961 1c0087de 00012c23 sw               x0, 24(x2)           x2:10000678  PA:10000690
11306533ns          179980 1c0087e0 00012a23 sw               x0, 20(x2)           x2:10000678  PA:1000068c
11306552ns          179981 1c0087e2 00012e23 sw               x0, 28(x2)           x2:10000678  PA:10000694
11306572ns          179982 1c0087e4 00012623 sw               x0, 12(x2)           x2:10000678  PA:10000684
11306592ns          179983 1c0087e6 02300913 addi             x18, x0, 35         x18=00000023
11306612ns          179984 1c0087ea 02d00a13 addi             x20, x0, 45         x20=0000002d
11306632ns          179985 1c0087ee 015009b3 add              x19, x0, x21        x19=1c000023 x21:1c000023
11307050ns          180006 1c0087f0 e97ff0ef jal              x1, -362             x1=1c0087f2
11307567ns          180032 1c008686 00054783 lbu              x15, 0(x10)         x15=0000002d x10:1c000064  PA:1c000064
11307885ns          180048 1c00868a 0ff5f593 andi             x11, x11, 255       x11=00000064 x11:00000064
11308044ns          180056 1c00868e 00b78c63 beq              x15, x11, 24        x15:0000002d x11:00000064
11308064ns          180057 1c008692 00078b63 beq              x15, x0, 22         x15:0000002d
11308084ns          180058 1c008694 00150793 addi             x15, x10, 1         x15=1c000065 x10:1c000064
11308104ns          180059 1c008698 0040006f jal              x0, 4              
11308144ns          180061 1c00869c 00f00533 add              x10, x0, x15        x10=1c000065 x15:1c000065
11308581ns          180083 1c00869e 0017c70b p.lbu            x14, 1(x15!)        x14=0000002b x15=1c000066 x15:1c000065  PA:1c000065
11308900ns          180099 1c0086a2 feb71ce3 bne              x14, x11, -8        x14:0000002b x11:00000064
11308959ns          180102 1c00869a 00070763 beq              x14, x0, 14         x14:0000002b
11308979ns          180103 1c00869c 00f00533 add              x10, x0, x15        x10=1c000066 x15:1c000066
11308999ns          180104 1c00869e 0017c70b p.lbu            x14, 1(x15!)        x14=00000020 x15=1c000067 x15:1c000066  PA:1c000066
11309317ns          180120 1c0086a2 feb71ce3 bne              x14, x11, -8        x14:00000020 x11:00000064
11309377ns          180123 1c00869a 00070763 beq              x14, x0, 14         x14:00000020
11309397ns          180124 1c00869c 00f00533 add              x10, x0, x15        x10=1c000067 x15:1c000067
11309417ns          180125 1c00869e 0017c70b p.lbu            x14, 1(x15!)        x14=00000023 x15=1c000068 x15:1c000067  PA:1c000067
11309735ns          180141 1c0086a2 feb71ce3 bne              x14, x11, -8        x14:00000023 x11:00000064
11309795ns          180144 1c00869a 00070763 beq              x14, x0, 14         x14:00000023
11309815ns          180145 1c00869c 00f00533 add              x10, x0, x15        x10=1c000068 x15:1c000068
11309834ns          180146 1c00869e 0017c70b p.lbu            x14, 1(x15!)        x14=00000030 x15=1c000069 x15:1c000068  PA:1c000068
11310173ns          180163 1c0086a2 feb71ce3 bne              x14, x11, -8        x14:00000030 x11:00000064
11310232ns          180166 1c00869a 00070763 beq              x14, x0, 14         x14:00000030
11310252ns          180167 1c00869c 00f00533 add              x10, x0, x15        x10=1c000069 x15:1c000069
11310272ns          180168 1c00869e 0017c70b p.lbu            x14, 1(x15!)        x14=00000000 x15=1c00006a x15:1c000069  PA:1c000069
11310590ns          180184 1c0086a2 feb71ce3 bne              x14, x11, -8        x14:00000000 x11:00000064
11310650ns          180187 1c00869a 00070763 beq              x14, x0, 14         x14:00000000
11310710ns          180190 1c0086a8 0015b593 sltiu            x11, x11, 1         x11=00000000 x11:00000064
11310730ns          180191 1c0086ac 40b005b3 sub              x11, x0, x11        x11=00000000 x11:00000000
11310749ns          180192 1c0086b0 00b57533 and              x10, x10, x11       x10=00000000 x10:1c000069 x11:00000000
11310769ns          180193 1c0086b2 00008067 jalr             x0, x1, 0            x1:1c0087f2
11310809ns          180195 1c0087f2 02050a63 beq              x10, x0, 52         x10:00000000
11311326ns          180221 1c008826 02a00613 addi             x12, x0, 42         x12=0000002a
11311346ns          180222 1c00882a 2ac48663 beq              x9, x12, 684         x9:00000064 x12:0000002a
11311784ns          180244 1c00882e fd048613 addi             x12, x9, -48        x12=00000034  x9:00000064
11311804ns          180245 1c008832 00900593 addi             x11, x0, 9          x11=00000009
11311824ns          180246 1c008834 00000913 addi             x18, x0, 0          x18=00000000
11311843ns          180247 1c008836 28c5f063 bgeu             x11, x12, 640       x11:00000009 x12:00000034
11311863ns          180248 1c00883a 02e00693 addi             x13, x0, 46         x13=0000002e
11311883ns          180249 1c00883e fff00a13 addi             x20, x0, -1         x20=ffffffff
11312301ns          180270 1c008840 2ed48363 beq              x9, x13, 742         x9:00000064 x13:0000002e
11312341ns          180272 1c008844 1c0007b7 lui              x15, 0x1c000000     x15=1c000000
11312361ns          180273 1c008848 009005b3 add              x11, x0, x9         x11=00000064  x9:00000064
11312380ns          180274 1c00884a 06c78513 addi             x10, x15, 108       x10=1c00006c x15:1c000000
11312400ns          180275 1c00884e e39ff0ef jal              x1, -456             x1=1c008850
11312898ns          180300 1c008686 00054783 lbu              x15, 0(x10)         x15=00000068 x10:1c00006c  PA:1c00006c
11313196ns          180315 1c00868a 0ff5f593 andi             x11, x11, 255       x11=00000064 x11:00000064
11313216ns          180316 1c00868e 00b78c63 beq              x15, x11, 24        x15:00000068 x11:00000064
11313236ns          180317 1c008692 00078b63 beq              x15, x0, 22         x15:00000068
11313256ns          180318 1c008694 00150793 addi             x15, x10, 1         x15=1c00006d x10:1c00006c
11313276ns          180319 1c008698 0040006f jal              x0, 4              
11313315ns          180321 1c00869c 00f00533 add              x10, x0, x15        x10=1c00006d x15:1c00006d
11313335ns          180322 1c00869e 0017c70b p.lbu            x14, 1(x15!)        x14=0000006c x15=1c00006e x15:1c00006d  PA:1c00006d
11313653ns          180338 1c0086a2 feb71ce3 bne              x14, x11, -8        x14:0000006c x11:00000064
11313713ns          180341 1c00869a 00070763 beq              x14, x0, 14         x14:0000006c
11313733ns          180342 1c00869c 00f00533 add              x10, x0, x15        x10=1c00006e x15:1c00006e
11313753ns          180343 1c00869e 0017c70b p.lbu            x14, 1(x15!)        x14=0000004c x15=1c00006f x15:1c00006e  PA:1c00006e
11314091ns          180360 1c0086a2 feb71ce3 bne              x14, x11, -8        x14:0000004c x11:00000064
11314151ns          180363 1c00869a 00070763 beq              x14, x0, 14         x14:0000004c
11314171ns          180364 1c00869c 00f00533 add              x10, x0, x15        x10=1c00006f x15:1c00006f
11314191ns          180365 1c00869e 0017c70b p.lbu            x14, 1(x15!)        x14=0000007a x15=1c000070 x15:1c00006f  PA:1c00006f
11314509ns          180381 1c0086a2 feb71ce3 bne              x14, x11, -8        x14:0000007a x11:00000064
11314568ns          180384 1c00869a 00070763 beq              x14, x0, 14         x14:0000007a
11314588ns          180385 1c00869c 00f00533 add              x10, x0, x15        x10=1c000070 x15:1c000070
11314608ns          180386 1c00869e 0017c70b p.lbu            x14, 1(x15!)        x14=00000000 x15=1c000071 x15:1c000070  PA:1c000070
11314926ns          180402 1c0086a2 feb71ce3 bne              x14, x11, -8        x14:00000000 x11:00000064
11314986ns          180405 1c00869a 00070763 beq              x14, x0, 14         x14:00000000
11315046ns          180408 1c0086a8 0015b593 sltiu            x11, x11, 1         x11=00000000 x11:00000064
11315066ns          180409 1c0086ac 40b005b3 sub              x11, x0, x11        x11=00000000 x11:00000000
11315086ns          180410 1c0086b0 00b57533 and              x10, x10, x11       x10=00000000 x10:1c000070 x11:00000000
11315105ns          180411 1c0086b2 00008067 jalr             x0, x1, 0            x1:1c008850
11315145ns          180413 1c008850 01300433 add              x8, x0, x19          x8=1c000023 x19:1c000023
11315165ns          180414 1c008852 00050563 beq              x10, x0, 10         x10:00000000
11315225ns          180417 1c00885c 06700693 addi             x13, x0, 103        x13=00000067
11315662ns          180439 1c008860 2896d963 bge              x13, x9, 658        x13:00000067  x9:00000064
11316180ns          180465 1c008af2 06500693 addi             x13, x0, 101        x13=00000065
11316199ns          180466 1c008af6 12d4d563 bge              x9, x13, 298         x9:00000064 x13:00000065
11316219ns          180467 1c008afa 04700693 addi             x13, x0, 71         x13=00000047
11316657ns          180489 1c008afe dc96cbe3 blt              x13, x9, -554       x13:00000047  x9:00000064
11317134ns          180513 1c0088d4 06300693 addi             x13, x0, 99         x13=00000063
11317174ns          180515 1c0088d8 0ad488e3 beq              x9, x13, 2224        x9:00000064 x13:00000063
11317194ns          180516 1c0088dc 0096c9e3 blt              x13, x9, 2066       x13:00000063  x9:00000064
11318606ns          180587 1c0090ee 000c2583 lw               x11, 0(x24)         x11=00000000 x24:100007cc  PA:100007cc
11318626ns          180588 1c0090f2 004c0c13 addi             x24, x24, 4         x24=100007d0 x24:100007cc
11318646ns          180589 1c0090f4 3405cc63 blt              x11, x0, 856        x11:00000000
11318666ns          180590 1c0090f8 01412603 lw               x12, 20(x2)         x12=00000000  x2:10000678  PA:1000068c
11318686ns          180591 1c0090fa 00b006b3 add              x13, x0, x11        x13=00000000 x11:00000000
11318706ns          180592 1c0090fc 2e061863 bne              x12, x0, 752        x12:00000000
11319123ns          180613 1c009100 01812703 lw               x14, 24(x2)         x14=00000000  x2:10000678  PA:10000690
11319143ns          180614 1c009102 019007b3 add              x15, x0, x25        x15=1000069c x25:1000069c
11319163ns          180615 1c009104 00070763 beq              x14, x0, 14         x14:00000000
11319641ns          180639 1c009112 00f00733 add              x14, x0, x15        x14=1000069c x15:1000069c
11319680ns          180641 1c009114 00a00513 addi             x10, x0, 10         x10=0000000a
11319700ns          180642 1c009116 02a6f633 remu             x12, x13, x10       x12=00000000 x13:00000000 x10:0000000a
11320317ns          180673 1c00911a 02a6d6b3 divu             x13, x13, x10       x13=00000000 x13:00000000 x10:0000000a
11320933ns          180704 1c00911e 03060613 addi             x12, x12, 48        x12=00000030 x12:00000000
11320953ns          180705 1c009122 00c700ab p.sb             x12, 1(x14!)        x14=1000069d x12:00000030 x14:1000069c  PA:1000069c
11320973ns          180706 1c009126 fe0698e3 bne              x13, x0, -16        x13:00000000
11320993ns          180707 1c009128 40f706b3 sub              x13, x14, x15       x13=00000001 x14:1000069d x15:1000069c
11321013ns          180708 1c00912c 0146dc63 bge              x13, x20, 24        x13:00000001 x20:ffffffff
11321888ns          180752 1c009144 00e006b3 add              x13, x0, x14        x13=1000069d x14:1000069d
11321928ns          180754 1c009146 fe068fab p.sb             x0, -1(x13!)        x13=1000069c x13:1000069d  PA:1000069d
11321948ns          180755 1c00914a 00d7fc63 bgeu             x15, x13, 24        x15:1000069c x13:1000069c
11322843ns          180800 1c009162 01412783 lw               x15, 20(x2)         x15=00000000  x2:10000678  PA:1000068c
11322883ns          180802 1c009164 01812603 lw               x12, 24(x2)         x12=00000000  x2:10000678  PA:10000690
11322903ns          180803 1c009166 419704b3 sub              x9, x14, x25         x9=00000001 x14:1000069d x25:1000069c
11322923ns          180804 1c00916a 00c7e7b3 or               x15, x15, x12       x15=00000000 x15:00000000 x12:00000000
11322942ns          180805 1c00916c 00f12623 sw               x15, 12(x2)         x15:00000000  x2:10000678  PA:10000684
11322962ns          180806 1c00916e 00079363 bne              x15, x0, 6          x15:00000000
11323380ns          180827 1c009170 01f5d593 srli             x11, x11, 0x1f      x11=00000000 x11:00000000
11323400ns          180828 1c009172 00b12623 sw               x11, 12(x2)         x11:00000000  x2:10000678  PA:10000684
11323420ns          180829 1c009174 e3fa28e3 p.beqimm         x20, -464           x20:ffffffff
11323897ns          180853 1c008fa4 0c800793 addi             x15, x0, 200        x15=000000c8
11323937ns          180855 1c008fa8 9e97d0e3 bge              x15, x9, -1568      x15:000000c8  x9:00000001
11324872ns          180902 1c008988 0f24d163 bge              x9, x18, 226         x9:00000001 x18:00000000
11325389ns          180928 1c008a6a d00482e3 beq              x9, x0, -764         x9:00000001
11325409ns          180929 1c008a6e 01900933 add              x18, x0, x25        x18=1000069c x25:1000069c
11325827ns          180950 1c008a70 419d8db3 sub              x27, x27, x25       x27=effff969 x27:00000005 x25:1000069c
11325866ns          180952 1c008a74 00a0006f jal              x0, 10             
11326344ns          180976 1c008a7e 0019450b p.lbu            x10, 1(x18!)        x10=00000030 x18=1000069d x18:1000069c  PA:1000069c
11326364ns          180977 1c008a82 01a005b3 add              x11, x0, x26        x11=00000002 x26:00000002
11326384ns          180978 1c008a84 000b00e7 jalr             x1, x22, 0           x1=1c008a86 x22:1c0086b4
11326423ns          180980 1c0086b4 000026b7 lui              x13, 0x2000         x13=00002000
11326443ns          180981 1c0086b6 f14027f3 csrrs            x15, x0, 0xf14      x15=00000000
11326463ns          180982 1c0086ba f8068693 addi             x13, x13, -128      x13=00001f80 x13:00002000
11326483ns          180983 1c0086be 00379713 slli             x14, x15, 0x3       x14=00000000 x15:00000000
11326503ns          180984 1c0086c2 00279793 slli             x15, x15, 0x2       x15=00000000 x15:00000000
11326523ns          180985 1c0086c4 00d7f7b3 and              x15, x15, x13       x15=00000000 x15:00000000 x13:00001f80
11326543ns          180986 1c0086c6 ee873733 p.bclr           x14, x14, 23, 8     x14=00000000 x14:00000000
11326563ns          180987 1c0086ca 1a10f6b7 lui              x13, 0x1a10f000     x13=1a10f000
11326602ns          180989 1c0086ce 0ff57513 andi             x10, x10, 255       x10=00000030 x10:00000030
11326622ns          180990 1c0086d2 00d70733 add              x14, x14, x13       x14=1a10f000 x14:00000000 x13:1a10f000
11326642ns          180991 1c0086d4 00a7e723 p.sw             x10, x0(x15)        x10:00000030 x15:00000000  PA:1a10f000
11326960ns          181007 1c0086d8 00000513 addi             x10, x0, 0          x10=00000000
11326980ns          181008 1c0086da 00008067 jalr             x0, x1, 0            x1:1c008a86
11327020ns          181010 1c008a86 fff48493 addi             x9, x9, -1           x9=00000000  x9:00000001
11327040ns          181011 1c008a88 fff537e3 p.bneimm         x10, -18            x10:00000000
11327577ns          181038 1c008a76 012d8733 add              x14, x27, x18       x14=00000006 x27:effff969 x18:1000069d
11327597ns          181039 1c008a7a 5a048b63 beq              x9, x0, 1462         x9:00000000
11328074ns          181063 1c009030 00e00db3 add              x27, x0, x14        x27=00000006 x14:00000006
11328114ns          181065 1c009032 f3cff06f jal              x0, -2244          
11328273ns          181073 1c00876e 00044503 lbu              x10, 0(x8)          x10=0000003a  x8:1c000023  PA:1c000023
11328572ns          181088 1c008772 00140413 addi             x8, x8, 1            x8=1c000024  x8:1c000023
11328591ns          181089 1c008774 00050e63 beq              x10, x0, 28         x10:0000003a
11328611ns          181090 1c008776 02500793 addi             x15, x0, 37         x15=00000025
11328631ns          181091 1c00877a 04f50863 beq              x10, x15, 80        x10:0000003a x15:00000025
11328651ns          181092 1c00877e 01a005b3 add              x11, x0, x26        x11=00000002 x26:00000002
11328671ns          181093 1c008780 000b00e7 jalr             x1, x22, 0           x1=1c008782 x22:1c0086b4
11328751ns          181097 1c0086b4 000026b7 lui              x13, 0x2000         x13=00002000
11328790ns          181099 1c0086b6 f14027f3 csrrs            x15, x0, 0xf14      x15=00000000
11328810ns          181100 1c0086ba f8068693 addi             x13, x13, -128      x13=00001f80 x13:00002000
11328830ns          181101 1c0086be 00379713 slli             x14, x15, 0x3       x14=00000000 x15:00000000
11328850ns          181102 1c0086c2 00279793 slli             x15, x15, 0x2       x15=00000000 x15:00000000
11328870ns          181103 1c0086c4 00d7f7b3 and              x15, x15, x13       x15=00000000 x15:00000000 x13:00001f80
11328890ns          181104 1c0086c6 ee873733 p.bclr           x14, x14, 23, 8     x14=00000000 x14:00000000
11328910ns          181105 1c0086ca 1a10f6b7 lui              x13, 0x1a10f000     x13=1a10f000
11328930ns          181106 1c0086ce 0ff57513 andi             x10, x10, 255       x10=0000003a x10:0000003a
11328949ns          181107 1c0086d2 00d70733 add              x14, x14, x13       x14=1a10f000 x14:00000000 x13:1a10f000
11328969ns          181108 1c0086d4 00a7e723 p.sw             x10, x0(x15)        x10:0000003a x15:00000000  PA:1a10f000
11329288ns          181124 1c0086d8 00000513 addi             x10, x0, 0          x10=00000000
11329307ns          181125 1c0086da 00008067 jalr             x0, x1, 0            x1:1c008782
11329367ns          181128 1c008782 31f52563 p.beqimm         x10, 778            x10:00000000
11329387ns          181129 1c008786 001d8d93 addi             x27, x27, 1         x27=00000007 x27:00000006
11329407ns          181130 1c008788 00044503 lbu              x10, 0(x8)          x10=00000020  x8:1c000024  PA:1c000024
11329705ns          181145 1c00878c 00140413 addi             x8, x8, 1            x8=1c000025  x8:1c000024
11329725ns          181146 1c00878e fe0514e3 bne              x10, x0, -24        x10:00000020
11329805ns          181150 1c008776 02500793 addi             x15, x0, 37         x15=00000025
11329825ns          181151 1c00877a 04f50863 beq              x10, x15, 80        x10:00000020 x15:00000025
11329845ns          181152 1c00877e 01a005b3 add              x11, x0, x26        x11=00000002 x26:00000002
11329864ns          181153 1c008780 000b00e7 jalr             x1, x22, 0           x1=1c008782 x22:1c0086b4
11329904ns          181155 1c0086b4 000026b7 lui              x13, 0x2000         x13=00002000
11329924ns          181156 1c0086b6 f14027f3 csrrs            x15, x0, 0xf14      x15=00000000
11329944ns          181157 1c0086ba f8068693 addi             x13, x13, -128      x13=00001f80 x13:00002000
11329964ns          181158 1c0086be 00379713 slli             x14, x15, 0x3       x14=00000000 x15:00000000
11329984ns          181159 1c0086c2 00279793 slli             x15, x15, 0x2       x15=00000000 x15:00000000
11330004ns          181160 1c0086c4 00d7f7b3 and              x15, x15, x13       x15=00000000 x15:00000000 x13:00001f80
11330024ns          181161 1c0086c6 ee873733 p.bclr           x14, x14, 23, 8     x14=00000000 x14:00000000
11330043ns          181162 1c0086ca 1a10f6b7 lui              x13, 0x1a10f000     x13=1a10f000
11330063ns          181163 1c0086ce 0ff57513 andi             x10, x10, 255       x10=00000020 x10:00000020
11330083ns          181164 1c0086d2 00d70733 add              x14, x14, x13       x14=1a10f000 x14:00000000 x13:1a10f000
11330103ns          181165 1c0086d4 00a7e723 p.sw             x10, x0(x15)        x10:00000020 x15:00000000  PA:1a10f000
11330421ns          181181 1c0086d8 00000513 addi             x10, x0, 0          x10=00000000
11330441ns          181182 1c0086da 00008067 jalr             x0, x1, 0            x1:1c008782
11330501ns          181185 1c008782 31f52563 p.beqimm         x10, 778            x10:00000000
11330521ns          181186 1c008786 001d8d93 addi             x27, x27, 1         x27=00000008 x27:00000007
11330541ns          181187 1c008788 00044503 lbu              x10, 0(x8)          x10=0000004c  x8:1c000025  PA:1c000025
11330839ns          181202 1c00878c 00140413 addi             x8, x8, 1            x8=1c000026  x8:1c000025
11330859ns          181203 1c00878e fe0514e3 bne              x10, x0, -24        x10:0000004c
11330939ns          181207 1c008776 02500793 addi             x15, x0, 37         x15=00000025
11330958ns          181208 1c00877a 04f50863 beq              x10, x15, 80        x10:0000004c x15:00000025
11330978ns          181209 1c00877e 01a005b3 add              x11, x0, x26        x11=00000002 x26:00000002
11330998ns          181210 1c008780 000b00e7 jalr             x1, x22, 0           x1=1c008782 x22:1c0086b4
11331038ns          181212 1c0086b4 000026b7 lui              x13, 0x2000         x13=00002000
11331058ns          181213 1c0086b6 f14027f3 csrrs            x15, x0, 0xf14      x15=00000000
11331078ns          181214 1c0086ba f8068693 addi             x13, x13, -128      x13=00001f80 x13:00002000
11331098ns          181215 1c0086be 00379713 slli             x14, x15, 0x3       x14=00000000 x15:00000000
11331118ns          181216 1c0086c2 00279793 slli             x15, x15, 0x2       x15=00000000 x15:00000000
11331137ns          181217 1c0086c4 00d7f7b3 and              x15, x15, x13       x15=00000000 x15:00000000 x13:00001f80
11331157ns          181218 1c0086c6 ee873733 p.bclr           x14, x14, 23, 8     x14=00000000 x14:00000000
11331177ns          181219 1c0086ca 1a10f6b7 lui              x13, 0x1a10f000     x13=1a10f000
11331197ns          181220 1c0086ce 0ff57513 andi             x10, x10, 255       x10=0000004c x10:0000004c
11331217ns          181221 1c0086d2 00d70733 add              x14, x14, x13       x14=1a10f000 x14:00000000 x13:1a10f000
11331237ns          181222 1c0086d4 00a7e723 p.sw             x10, x0(x15)        x10:0000004c x15:00000000  PA:1a10f000
11331555ns          181238 1c0086d8 00000513 addi             x10, x0, 0          x10=00000000
11331575ns          181239 1c0086da 00008067 jalr             x0, x1, 0            x1:1c008782
11331635ns          181242 1c008782 31f52563 p.beqimm         x10, 778            x10:00000000
11331655ns          181243 1c008786 001d8d93 addi             x27, x27, 1         x27=00000009 x27:00000008
11331674ns          181244 1c008788 00044503 lbu              x10, 0(x8)          x10=00000032  x8:1c000026  PA:1c000026
11331973ns          181259 1c00878c 00140413 addi             x8, x8, 1            x8=1c000027  x8:1c000026
11331993ns          181260 1c00878e fe0514e3 bne              x10, x0, -24        x10:00000032
11332072ns          181264 1c008776 02500793 addi             x15, x0, 37         x15=00000025
11332092ns          181265 1c00877a 04f50863 beq              x10, x15, 80        x10:00000032 x15:00000025
11332112ns          181266 1c00877e 01a005b3 add              x11, x0, x26        x11=00000002 x26:00000002
11332132ns          181267 1c008780 000b00e7 jalr             x1, x22, 0           x1=1c008782 x22:1c0086b4
11332172ns          181269 1c0086b4 000026b7 lui              x13, 0x2000         x13=00002000
11332192ns          181270 1c0086b6 f14027f3 csrrs            x15, x0, 0xf14      x15=00000000
11332212ns          181271 1c0086ba f8068693 addi             x13, x13, -128      x13=00001f80 x13:00002000
11332231ns          181272 1c0086be 00379713 slli             x14, x15, 0x3       x14=00000000 x15:00000000
11332251ns          181273 1c0086c2 00279793 slli             x15, x15, 0x2       x15=00000000 x15:00000000
11332271ns          181274 1c0086c4 00d7f7b3 and              x15, x15, x13       x15=00000000 x15:00000000 x13:00001f80
11332291ns          181275 1c0086c6 ee873733 p.bclr           x14, x14, 23, 8     x14=00000000 x14:00000000
11332311ns          181276 1c0086ca 1a10f6b7 lui              x13, 0x1a10f000     x13=1a10f000
11332331ns          181277 1c0086ce 0ff57513 andi             x10, x10, 255       x10=00000032 x10:00000032
11332351ns          181278 1c0086d2 00d70733 add              x14, x14, x13       x14=1a10f000 x14:00000000 x13:1a10f000
11332371ns          181279 1c0086d4 00a7e723 p.sw             x10, x0(x15)        x10:00000032 x15:00000000  PA:1a10f000
11332709ns          181296 1c0086d8 00000513 addi             x10, x0, 0          x10=00000000
11332729ns          181297 1c0086da 00008067 jalr             x0, x1, 0            x1:1c008782
11332788ns          181300 1c008782 31f52563 p.beqimm         x10, 778            x10:00000000
11332808ns          181301 1c008786 001d8d93 addi             x27, x27, 1         x27=0000000a x27:00000009
11332828ns          181302 1c008788 00044503 lbu              x10, 0(x8)          x10=00000020  x8:1c000027  PA:1c000027
11333127ns          181317 1c00878c 00140413 addi             x8, x8, 1            x8=1c000028  x8:1c000027
11333146ns          181318 1c00878e fe0514e3 bne              x10, x0, -24        x10:00000020
11333226ns          181322 1c008776 02500793 addi             x15, x0, 37         x15=00000025
11333246ns          181323 1c00877a 04f50863 beq              x10, x15, 80        x10:00000020 x15:00000025
11333266ns          181324 1c00877e 01a005b3 add              x11, x0, x26        x11=00000002 x26:00000002
11333286ns          181325 1c008780 000b00e7 jalr             x1, x22, 0           x1=1c008782 x22:1c0086b4
11333325ns          181327 1c0086b4 000026b7 lui              x13, 0x2000         x13=00002000
11333345ns          181328 1c0086b6 f14027f3 csrrs            x15, x0, 0xf14      x15=00000000
11333365ns          181329 1c0086ba f8068693 addi             x13, x13, -128      x13=00001f80 x13:00002000
11333385ns          181330 1c0086be 00379713 slli             x14, x15, 0x3       x14=00000000 x15:00000000
11333405ns          181331 1c0086c2 00279793 slli             x15, x15, 0x2       x15=00000000 x15:00000000
11333425ns          181332 1c0086c4 00d7f7b3 and              x15, x15, x13       x15=00000000 x15:00000000 x13:00001f80
11333445ns          181333 1c0086c6 ee873733 p.bclr           x14, x14, 23, 8     x14=00000000 x14:00000000
11333465ns          181334 1c0086ca 1a10f6b7 lui              x13, 0x1a10f000     x13=1a10f000
11333485ns          181335 1c0086ce 0ff57513 andi             x10, x10, 255       x10=00000020 x10:00000020
11333504ns          181336 1c0086d2 00d70733 add              x14, x14, x13       x14=1a10f000 x14:00000000 x13:1a10f000
11333524ns          181337 1c0086d4 00a7e723 p.sw             x10, x0(x15)        x10:00000020 x15:00000000  PA:1a10f000
11333843ns          181353 1c0086d8 00000513 addi             x10, x0, 0          x10=00000000
11333862ns          181354 1c0086da 00008067 jalr             x0, x1, 0            x1:1c008782
11333922ns          181357 1c008782 31f52563 p.beqimm         x10, 778            x10:00000000
11333942ns          181358 1c008786 001d8d93 addi             x27, x27, 1         x27=0000000b x27:0000000a
11333962ns          181359 1c008788 00044503 lbu              x10, 0(x8)          x10=00000072  x8:1c000028  PA:1c000028
11334260ns          181374 1c00878c 00140413 addi             x8, x8, 1            x8=1c000029  x8:1c000028
11334280ns          181375 1c00878e fe0514e3 bne              x10, x0, -24        x10:00000072
11334360ns          181379 1c008776 02500793 addi             x15, x0, 37         x15=00000025
11334380ns          181380 1c00877a 04f50863 beq              x10, x15, 80        x10:00000072 x15:00000025
11334400ns          181381 1c00877e 01a005b3 add              x11, x0, x26        x11=00000002 x26:00000002
11334419ns          181382 1c008780 000b00e7 jalr             x1, x22, 0           x1=1c008782 x22:1c0086b4
11334459ns          181384 1c0086b4 000026b7 lui              x13, 0x2000         x13=00002000
11334479ns          181385 1c0086b6 f14027f3 csrrs            x15, x0, 0xf14      x15=00000000
11334499ns          181386 1c0086ba f8068693 addi             x13, x13, -128      x13=00001f80 x13:00002000
11334519ns          181387 1c0086be 00379713 slli             x14, x15, 0x3       x14=00000000 x15:00000000
11334539ns          181388 1c0086c2 00279793 slli             x15, x15, 0x2       x15=00000000 x15:00000000
11334559ns          181389 1c0086c4 00d7f7b3 and              x15, x15, x13       x15=00000000 x15:00000000 x13:00001f80
11334579ns          181390 1c0086c6 ee873733 p.bclr           x14, x14, 23, 8     x14=00000000 x14:00000000
11334598ns          181391 1c0086ca 1a10f6b7 lui              x13, 0x1a10f000     x13=1a10f000
11334618ns          181392 1c0086ce 0ff57513 andi             x10, x10, 255       x10=00000072 x10:00000072
11334638ns          181393 1c0086d2 00d70733 add              x14, x14, x13       x14=1a10f000 x14:00000000 x13:1a10f000
11334658ns          181394 1c0086d4 00a7e723 p.sw             x10, x0(x15)        x10:00000072 x15:00000000  PA:1a10f000
11334976ns          181410 1c0086d8 00000513 addi             x10, x0, 0          x10=00000000
11334996ns          181411 1c0086da 00008067 jalr             x0, x1, 0            x1:1c008782
11335056ns          181414 1c008782 31f52563 p.beqimm         x10, 778            x10:00000000
11335076ns          181415 1c008786 001d8d93 addi             x27, x27, 1         x27=0000000c x27:0000000b
11335096ns          181416 1c008788 00044503 lbu              x10, 0(x8)          x10=00000065  x8:1c000029  PA:1c000029
11335414ns          181432 1c00878c 00140413 addi             x8, x8, 1            x8=1c00002a  x8:1c000029
11335434ns          181433 1c00878e fe0514e3 bne              x10, x0, -24        x10:00000065
11335513ns          181437 1c008776 02500793 addi             x15, x0, 37         x15=00000025
11335533ns          181438 1c00877a 04f50863 beq              x10, x15, 80        x10:00000065 x15:00000025
11335553ns          181439 1c00877e 01a005b3 add              x11, x0, x26        x11=00000002 x26:00000002
11335573ns          181440 1c008780 000b00e7 jalr             x1, x22, 0           x1=1c008782 x22:1c0086b4
11335613ns          181442 1c0086b4 000026b7 lui              x13, 0x2000         x13=00002000
11335633ns          181443 1c0086b6 f14027f3 csrrs            x15, x0, 0xf14      x15=00000000
11335653ns          181444 1c0086ba f8068693 addi             x13, x13, -128      x13=00001f80 x13:00002000
11335673ns          181445 1c0086be 00379713 slli             x14, x15, 0x3       x14=00000000 x15:00000000
11335692ns          181446 1c0086c2 00279793 slli             x15, x15, 0x2       x15=00000000 x15:00000000
11335712ns          181447 1c0086c4 00d7f7b3 and              x15, x15, x13       x15=00000000 x15:00000000 x13:00001f80
11335732ns          181448 1c0086c6 ee873733 p.bclr           x14, x14, 23, 8     x14=00000000 x14:00000000
11335752ns          181449 1c0086ca 1a10f6b7 lui              x13, 0x1a10f000     x13=1a10f000
11335772ns          181450 1c0086ce 0ff57513 andi             x10, x10, 255       x10=00000065 x10:00000065
11335792ns          181451 1c0086d2 00d70733 add              x14, x14, x13       x14=1a10f000 x14:00000000 x13:1a10f000
11335812ns          181452 1c0086d4 00a7e723 p.sw             x10, x0(x15)        x10:00000065 x15:00000000  PA:1a10f000
11336130ns          181468 1c0086d8 00000513 addi             x10, x0, 0          x10=00000000
11336150ns          181469 1c0086da 00008067 jalr             x0, x1, 0            x1:1c008782
11336210ns          181472 1c008782 31f52563 p.beqimm         x10, 778            x10:00000000
11336229ns          181473 1c008786 001d8d93 addi             x27, x27, 1         x27=0000000d x27:0000000c
11336249ns          181474 1c008788 00044503 lbu              x10, 0(x8)          x10=00000061  x8:1c00002a  PA:1c00002a
11336548ns          181489 1c00878c 00140413 addi             x8, x8, 1            x8=1c00002b  x8:1c00002a
11336568ns          181490 1c00878e fe0514e3 bne              x10, x0, -24        x10:00000061
11336647ns          181494 1c008776 02500793 addi             x15, x0, 37         x15=00000025
11336667ns          181495 1c00877a 04f50863 beq              x10, x15, 80        x10:00000061 x15:00000025
11336687ns          181496 1c00877e 01a005b3 add              x11, x0, x26        x11=00000002 x26:00000002
11336707ns          181497 1c008780 000b00e7 jalr             x1, x22, 0           x1=1c008782 x22:1c0086b4
11336747ns          181499 1c0086b4 000026b7 lui              x13, 0x2000         x13=00002000
11336767ns          181500 1c0086b6 f14027f3 csrrs            x15, x0, 0xf14      x15=00000000
11336786ns          181501 1c0086ba f8068693 addi             x13, x13, -128      x13=00001f80 x13:00002000
11336806ns          181502 1c0086be 00379713 slli             x14, x15, 0x3       x14=00000000 x15:00000000
11336826ns          181503 1c0086c2 00279793 slli             x15, x15, 0x2       x15=00000000 x15:00000000
11336846ns          181504 1c0086c4 00d7f7b3 and              x15, x15, x13       x15=00000000 x15:00000000 x13:00001f80
11336866ns          181505 1c0086c6 ee873733 p.bclr           x14, x14, 23, 8     x14=00000000 x14:00000000
11336886ns          181506 1c0086ca 1a10f6b7 lui              x13, 0x1a10f000     x13=1a10f000
11336906ns          181507 1c0086ce 0ff57513 andi             x10, x10, 255       x10=00000061 x10:00000061
11336926ns          181508 1c0086d2 00d70733 add              x14, x14, x13       x14=1a10f000 x14:00000000 x13:1a10f000
11336946ns          181509 1c0086d4 00a7e723 p.sw             x10, x0(x15)        x10:00000061 x15:00000000  PA:1a10f000
11337264ns          181525 1c0086d8 00000513 addi             x10, x0, 0          x10=00000000
11337284ns          181526 1c0086da 00008067 jalr             x0, x1, 0            x1:1c008782
11337343ns          181529 1c008782 31f52563 p.beqimm         x10, 778            x10:00000000
11337363ns          181530 1c008786 001d8d93 addi             x27, x27, 1         x27=0000000e x27:0000000d
11337383ns          181531 1c008788 00044503 lbu              x10, 0(x8)          x10=00000064  x8:1c00002b  PA:1c00002b
11337681ns          181546 1c00878c 00140413 addi             x8, x8, 1            x8=1c00002c  x8:1c00002b
11337701ns          181547 1c00878e fe0514e3 bne              x10, x0, -24        x10:00000064
11337781ns          181551 1c008776 02500793 addi             x15, x0, 37         x15=00000025
11337801ns          181552 1c00877a 04f50863 beq              x10, x15, 80        x10:00000064 x15:00000025
11337821ns          181553 1c00877e 01a005b3 add              x11, x0, x26        x11=00000002 x26:00000002
11337841ns          181554 1c008780 000b00e7 jalr             x1, x22, 0           x1=1c008782 x22:1c0086b4
11337880ns          181556 1c0086b4 000026b7 lui              x13, 0x2000         x13=00002000
11337900ns          181557 1c0086b6 f14027f3 csrrs            x15, x0, 0xf14      x15=00000000
11337920ns          181558 1c0086ba f8068693 addi             x13, x13, -128      x13=00001f80 x13:00002000
11337940ns          181559 1c0086be 00379713 slli             x14, x15, 0x3       x14=00000000 x15:00000000
11337960ns          181560 1c0086c2 00279793 slli             x15, x15, 0x2       x15=00000000 x15:00000000
11337980ns          181561 1c0086c4 00d7f7b3 and              x15, x15, x13       x15=00000000 x15:00000000 x13:00001f80
11338000ns          181562 1c0086c6 ee873733 p.bclr           x14, x14, 23, 8     x14=00000000 x14:00000000
11338020ns          181563 1c0086ca 1a10f6b7 lui              x13, 0x1a10f000     x13=1a10f000
11338040ns          181564 1c0086ce 0ff57513 andi             x10, x10, 255       x10=00000064 x10:00000064
11338059ns          181565 1c0086d2 00d70733 add              x14, x14, x13       x14=1a10f000 x14:00000000 x13:1a10f000
11338079ns          181566 1c0086d4 00a7e723 p.sw             x10, x0(x15)        x10:00000064 x15:00000000  PA:1a10f000
11338398ns          181582 1c0086d8 00000513 addi             x10, x0, 0          x10=00000000
11338417ns          181583 1c0086da 00008067 jalr             x0, x1, 0            x1:1c008782
11338477ns          181586 1c008782 31f52563 p.beqimm         x10, 778            x10:00000000
11338497ns          181587 1c008786 001d8d93 addi             x27, x27, 1         x27=0000000f x27:0000000e
11338517ns          181588 1c008788 00044503 lbu              x10, 0(x8)          x10=00000020  x8:1c00002c  PA:1c00002c
11338835ns          181604 1c00878c 00140413 addi             x8, x8, 1            x8=1c00002d  x8:1c00002c
11338855ns          181605 1c00878e fe0514e3 bne              x10, x0, -24        x10:00000020
11338935ns          181609 1c008776 02500793 addi             x15, x0, 37         x15=00000025
11338954ns          181610 1c00877a 04f50863 beq              x10, x15, 80        x10:00000020 x15:00000025
11338974ns          181611 1c00877e 01a005b3 add              x11, x0, x26        x11=00000002 x26:00000002
11338994ns          181612 1c008780 000b00e7 jalr             x1, x22, 0           x1=1c008782 x22:1c0086b4
11339034ns          181614 1c0086b4 000026b7 lui              x13, 0x2000         x13=00002000
11339054ns          181615 1c0086b6 f14027f3 csrrs            x15, x0, 0xf14      x15=00000000
11339074ns          181616 1c0086ba f8068693 addi             x13, x13, -128      x13=00001f80 x13:00002000
11339094ns          181617 1c0086be 00379713 slli             x14, x15, 0x3       x14=00000000 x15:00000000
11339114ns          181618 1c0086c2 00279793 slli             x15, x15, 0x2       x15=00000000 x15:00000000
11339134ns          181619 1c0086c4 00d7f7b3 and              x15, x15, x13       x15=00000000 x15:00000000 x13:00001f80
11339153ns          181620 1c0086c6 ee873733 p.bclr           x14, x14, 23, 8     x14=00000000 x14:00000000
11339173ns          181621 1c0086ca 1a10f6b7 lui              x13, 0x1a10f000     x13=1a10f000
11339193ns          181622 1c0086ce 0ff57513 andi             x10, x10, 255       x10=00000020 x10:00000020
11339213ns          181623 1c0086d2 00d70733 add              x14, x14, x13       x14=1a10f000 x14:00000000 x13:1a10f000
11339233ns          181624 1c0086d4 00a7e723 p.sw             x10, x0(x15)        x10:00000020 x15:00000000  PA:1a10f000
11339551ns          181640 1c0086d8 00000513 addi             x10, x0, 0          x10=00000000
11339571ns          181641 1c0086da 00008067 jalr             x0, x1, 0            x1:1c008782
11339631ns          181644 1c008782 31f52563 p.beqimm         x10, 778            x10:00000000
11339651ns          181645 1c008786 001d8d93 addi             x27, x27, 1         x27=00000010 x27:0000000f
11339671ns          181646 1c008788 00044503 lbu              x10, 0(x8)          x10=0000006f  x8:1c00002d  PA:1c00002d
11339969ns          181661 1c00878c 00140413 addi             x8, x8, 1            x8=1c00002e  x8:1c00002d
11339989ns          181662 1c00878e fe0514e3 bne              x10, x0, -24        x10:0000006f
11340068ns          181666 1c008776 02500793 addi             x15, x0, 37         x15=00000025
11340088ns          181667 1c00877a 04f50863 beq              x10, x15, 80        x10:0000006f x15:00000025
11340108ns          181668 1c00877e 01a005b3 add              x11, x0, x26        x11=00000002 x26:00000002
11340128ns          181669 1c008780 000b00e7 jalr             x1, x22, 0           x1=1c008782 x22:1c0086b4
11340168ns          181671 1c0086b4 000026b7 lui              x13, 0x2000         x13=00002000
11340188ns          181672 1c0086b6 f14027f3 csrrs            x15, x0, 0xf14      x15=00000000
11340208ns          181673 1c0086ba f8068693 addi             x13, x13, -128      x13=00001f80 x13:00002000
11340227ns          181674 1c0086be 00379713 slli             x14, x15, 0x3       x14=00000000 x15:00000000
11340247ns          181675 1c0086c2 00279793 slli             x15, x15, 0x2       x15=00000000 x15:00000000
11340267ns          181676 1c0086c4 00d7f7b3 and              x15, x15, x13       x15=00000000 x15:00000000 x13:00001f80
11340287ns          181677 1c0086c6 ee873733 p.bclr           x14, x14, 23, 8     x14=00000000 x14:00000000
11340307ns          181678 1c0086ca 1a10f6b7 lui              x13, 0x1a10f000     x13=1a10f000
11340327ns          181679 1c0086ce 0ff57513 andi             x10, x10, 255       x10=0000006f x10:0000006f
11340347ns          181680 1c0086d2 00d70733 add              x14, x14, x13       x14=1a10f000 x14:00000000 x13:1a10f000
11340367ns          181681 1c0086d4 00a7e723 p.sw             x10, x0(x15)        x10:0000006f x15:00000000  PA:1a10f000
11340705ns          181698 1c0086d8 00000513 addi             x10, x0, 0          x10=00000000
11340725ns          181699 1c0086da 00008067 jalr             x0, x1, 0            x1:1c008782
11340784ns          181702 1c008782 31f52563 p.beqimm         x10, 778            x10:00000000
11340804ns          181703 1c008786 001d8d93 addi             x27, x27, 1         x27=00000011 x27:00000010
11340824ns          181704 1c008788 00044503 lbu              x10, 0(x8)          x10=00000066  x8:1c00002e  PA:1c00002e
11341123ns          181719 1c00878c 00140413 addi             x8, x8, 1            x8=1c00002f  x8:1c00002e
11341142ns          181720 1c00878e fe0514e3 bne              x10, x0, -24        x10:00000066
11341222ns          181724 1c008776 02500793 addi             x15, x0, 37         x15=00000025
11341242ns          181725 1c00877a 04f50863 beq              x10, x15, 80        x10:00000066 x15:00000025
11341262ns          181726 1c00877e 01a005b3 add              x11, x0, x26        x11=00000002 x26:00000002
11341282ns          181727 1c008780 000b00e7 jalr             x1, x22, 0           x1=1c008782 x22:1c0086b4
11341321ns          181729 1c0086b4 000026b7 lui              x13, 0x2000         x13=00002000
11341341ns          181730 1c0086b6 f14027f3 csrrs            x15, x0, 0xf14      x15=00000000
11341361ns          181731 1c0086ba f8068693 addi             x13, x13, -128      x13=00001f80 x13:00002000
11341381ns          181732 1c0086be 00379713 slli             x14, x15, 0x3       x14=00000000 x15:00000000
11341401ns          181733 1c0086c2 00279793 slli             x15, x15, 0x2       x15=00000000 x15:00000000
11341421ns          181734 1c0086c4 00d7f7b3 and              x15, x15, x13       x15=00000000 x15:00000000 x13:00001f80
11341441ns          181735 1c0086c6 ee873733 p.bclr           x14, x14, 23, 8     x14=00000000 x14:00000000
11341461ns          181736 1c0086ca 1a10f6b7 lui              x13, 0x1a10f000     x13=1a10f000
11341481ns          181737 1c0086ce 0ff57513 andi             x10, x10, 255       x10=00000066 x10:00000066
11341501ns          181738 1c0086d2 00d70733 add              x14, x14, x13       x14=1a10f000 x14:00000000 x13:1a10f000
11341520ns          181739 1c0086d4 00a7e723 p.sw             x10, x0(x15)        x10:00000066 x15:00000000  PA:1a10f000
11341839ns          181755 1c0086d8 00000513 addi             x10, x0, 0          x10=00000000
11341859ns          181756 1c0086da 00008067 jalr             x0, x1, 0            x1:1c008782
11341918ns          181759 1c008782 31f52563 p.beqimm         x10, 778            x10:00000000
11341938ns          181760 1c008786 001d8d93 addi             x27, x27, 1         x27=00000012 x27:00000011
11341958ns          181761 1c008788 00044503 lbu              x10, 0(x8)          x10=00000020  x8:1c00002f  PA:1c00002f
11342256ns          181776 1c00878c 00140413 addi             x8, x8, 1            x8=1c000030  x8:1c00002f
11342276ns          181777 1c00878e fe0514e3 bne              x10, x0, -24        x10:00000020
11342356ns          181781 1c008776 02500793 addi             x15, x0, 37         x15=00000025
11342376ns          181782 1c00877a 04f50863 beq              x10, x15, 80        x10:00000020 x15:00000025
11342396ns          181783 1c00877e 01a005b3 add              x11, x0, x26        x11=00000002 x26:00000002
11342415ns          181784 1c008780 000b00e7 jalr             x1, x22, 0           x1=1c008782 x22:1c0086b4
11342455ns          181786 1c0086b4 000026b7 lui              x13, 0x2000         x13=00002000
11342475ns          181787 1c0086b6 f14027f3 csrrs            x15, x0, 0xf14      x15=00000000
11342495ns          181788 1c0086ba f8068693 addi             x13, x13, -128      x13=00001f80 x13:00002000
11342515ns          181789 1c0086be 00379713 slli             x14, x15, 0x3       x14=00000000 x15:00000000
11342535ns          181790 1c0086c2 00279793 slli             x15, x15, 0x2       x15=00000000 x15:00000000
11342555ns          181791 1c0086c4 00d7f7b3 and              x15, x15, x13       x15=00000000 x15:00000000 x13:00001f80
11342575ns          181792 1c0086c6 ee873733 p.bclr           x14, x14, 23, 8     x14=00000000 x14:00000000
11342594ns          181793 1c0086ca 1a10f6b7 lui              x13, 0x1a10f000     x13=1a10f000
11342614ns          181794 1c0086ce 0ff57513 andi             x10, x10, 255       x10=00000020 x10:00000020
11342634ns          181795 1c0086d2 00d70733 add              x14, x14, x13       x14=1a10f000 x14:00000000 x13:1a10f000
11342654ns          181796 1c0086d4 00a7e723 p.sw             x10, x0(x15)        x10:00000020 x15:00000000  PA:1a10f000
11342972ns          181812 1c0086d8 00000513 addi             x10, x0, 0          x10=00000000
11342992ns          181813 1c0086da 00008067 jalr             x0, x1, 0            x1:1c008782
11343052ns          181816 1c008782 31f52563 p.beqimm         x10, 778            x10:00000000
11343072ns          181817 1c008786 001d8d93 addi             x27, x27, 1         x27=00000013 x27:00000012
11343092ns          181818 1c008788 00044503 lbu              x10, 0(x8)          x10=00000025  x8:1c000030  PA:1c000030
11343430ns          181835 1c00878c 00140413 addi             x8, x8, 1            x8=1c000031  x8:1c000030
11343450ns          181836 1c00878e fe0514e3 bne              x10, x0, -24        x10:00000025
11343529ns          181840 1c008776 02500793 addi             x15, x0, 37         x15=00000025
11343549ns          181841 1c00877a 04f50863 beq              x10, x15, 80        x10:00000025 x15:00000025
11343629ns          181845 1c0087ca 00044483 lbu              x9, 0(x8)            x9=00000064  x8:1c000031  PA:1c000031
11343947ns          181861 1c0087ce 02000693 addi             x13, x0, 32         x13=00000020
11343967ns          181862 1c0087d2 00140a93 addi             x21, x8, 1          x21=1c000032  x8:1c000031
11343987ns          181863 1c0087d6 009005b3 add              x11, x0, x9         x11=00000064  x9:00000064
11344007ns          181864 1c0087d8 064b8513 addi             x10, x23, 100       x10=1c000064 x23:1c000000
11344027ns          181865 1c0087dc 00d12823 sw               x13, 16(x2)         x13:00000020  x2:10000678  PA:10000688
11344047ns          181866 1c0087de 00012c23 sw               x0, 24(x2)           x2:10000678  PA:10000690
11344066ns          181867 1c0087e0 00012a23 sw               x0, 20(x2)           x2:10000678  PA:1000068c
11344086ns          181868 1c0087e2 00012e23 sw               x0, 28(x2)           x2:10000678  PA:10000694
11344106ns          181869 1c0087e4 00012623 sw               x0, 12(x2)           x2:10000678  PA:10000684
11344126ns          181870 1c0087e6 02300913 addi             x18, x0, 35         x18=00000023
11344146ns          181871 1c0087ea 02d00a13 addi             x20, x0, 45         x20=0000002d
11344166ns          181872 1c0087ee 015009b3 add              x19, x0, x21        x19=1c000032 x21:1c000032
11344186ns          181873 1c0087f0 e97ff0ef jal              x1, -362             x1=1c0087f2
11344305ns          181879 1c008686 00054783 lbu              x15, 0(x10)         x15=0000002d x10:1c000064  PA:1c000064
11344643ns          181896 1c00868a 0ff5f593 andi             x11, x11, 255       x11=00000064 x11:00000064
11344663ns          181897 1c00868e 00b78c63 beq              x15, x11, 24        x15:0000002d x11:00000064
11344683ns          181898 1c008692 00078b63 beq              x15, x0, 22         x15:0000002d
11344703ns          181899 1c008694 00150793 addi             x15, x10, 1         x15=1c000065 x10:1c000064
11344723ns          181900 1c008698 0040006f jal              x0, 4              
11344763ns          181902 1c00869c 00f00533 add              x10, x0, x15        x10=1c000065 x15:1c000065
11344782ns          181903 1c00869e 0017c70b p.lbu            x14, 1(x15!)        x14=0000002b x15=1c000066 x15:1c000065  PA:1c000065
11345101ns          181919 1c0086a2 feb71ce3 bne              x14, x11, -8        x14:0000002b x11:00000064
11345160ns          181922 1c00869a 00070763 beq              x14, x0, 14         x14:0000002b
11345180ns          181923 1c00869c 00f00533 add              x10, x0, x15        x10=1c000066 x15:1c000066
11345200ns          181924 1c00869e 0017c70b p.lbu            x14, 1(x15!)        x14=00000020 x15=1c000067 x15:1c000066  PA:1c000066
11345518ns          181940 1c0086a2 feb71ce3 bne              x14, x11, -8        x14:00000020 x11:00000064
11345578ns          181943 1c00869a 00070763 beq              x14, x0, 14         x14:00000020
11345598ns          181944 1c00869c 00f00533 add              x10, x0, x15        x10=1c000067 x15:1c000067
11345618ns          181945 1c00869e 0017c70b p.lbu            x14, 1(x15!)        x14=00000023 x15=1c000068 x15:1c000067  PA:1c000067
11345936ns          181961 1c0086a2 feb71ce3 bne              x14, x11, -8        x14:00000023 x11:00000064
11345996ns          181964 1c00869a 00070763 beq              x14, x0, 14         x14:00000023
11346016ns          181965 1c00869c 00f00533 add              x10, x0, x15        x10=1c000068 x15:1c000068
11346036ns          181966 1c00869e 0017c70b p.lbu            x14, 1(x15!)        x14=00000030 x15=1c000069 x15:1c000068  PA:1c000068
11346354ns          181982 1c0086a2 feb71ce3 bne              x14, x11, -8        x14:00000030 x11:00000064
11346414ns          181985 1c00869a 00070763 beq              x14, x0, 14         x14:00000030
11346433ns          181986 1c00869c 00f00533 add              x10, x0, x15        x10=1c000069 x15:1c000069
11346453ns          181987 1c00869e 0017c70b p.lbu            x14, 1(x15!)        x14=00000000 x15=1c00006a x15:1c000069  PA:1c000069
11346772ns          182003 1c0086a2 feb71ce3 bne              x14, x11, -8        x14:00000000 x11:00000064
11346831ns          182006 1c00869a 00070763 beq              x14, x0, 14         x14:00000000
11346891ns          182009 1c0086a8 0015b593 sltiu            x11, x11, 1         x11=00000000 x11:00000064
11346911ns          182010 1c0086ac 40b005b3 sub              x11, x0, x11        x11=00000000 x11:00000000
11346931ns          182011 1c0086b0 00b57533 and              x10, x10, x11       x10=00000000 x10:1c000069 x11:00000000
11346951ns          182012 1c0086b2 00008067 jalr             x0, x1, 0            x1:1c0087f2
11346990ns          182014 1c0087f2 02050a63 beq              x10, x0, 52         x10:00000000
11347130ns          182021 1c008826 02a00613 addi             x12, x0, 42         x12=0000002a
11347149ns          182022 1c00882a 2ac48663 beq              x9, x12, 684         x9:00000064 x12:0000002a
11347587ns          182044 1c00882e fd048613 addi             x12, x9, -48        x12=00000034  x9:00000064
11347607ns          182045 1c008832 00900593 addi             x11, x0, 9          x11=00000009
11347627ns          182046 1c008834 00000913 addi             x18, x0, 0          x18=00000000
11347647ns          182047 1c008836 28c5f063 bgeu             x11, x12, 640       x11:00000009 x12:00000034
11347667ns          182048 1c00883a 02e00693 addi             x13, x0, 46         x13=0000002e
11347687ns          182049 1c00883e fff00a13 addi             x20, x0, -1         x20=ffffffff
11347706ns          182050 1c008840 2ed48363 beq              x9, x13, 742         x9:00000064 x13:0000002e
11347726ns          182051 1c008844 1c0007b7 lui              x15, 0x1c000000     x15=1c000000
11347746ns          182052 1c008848 009005b3 add              x11, x0, x9         x11=00000064  x9:00000064
11347766ns          182053 1c00884a 06c78513 addi             x10, x15, 108       x10=1c00006c x15:1c000000
11347786ns          182054 1c00884e e39ff0ef jal              x1, -456             x1=1c008850
11347846ns          182057 1c008686 00054783 lbu              x15, 0(x10)         x15=00000068 x10:1c00006c  PA:1c00006c
11348144ns          182072 1c00868a 0ff5f593 andi             x11, x11, 255       x11=00000064 x11:00000064
11348164ns          182073 1c00868e 00b78c63 beq              x15, x11, 24        x15:00000068 x11:00000064
11348184ns          182074 1c008692 00078b63 beq              x15, x0, 22         x15:00000068
11348204ns          182075 1c008694 00150793 addi             x15, x10, 1         x15=1c00006d x10:1c00006c
11348224ns          182076 1c008698 0040006f jal              x0, 4              
11348263ns          182078 1c00869c 00f00533 add              x10, x0, x15        x10=1c00006d x15:1c00006d
11348283ns          182079 1c00869e 0017c70b p.lbu            x14, 1(x15!)        x14=0000006c x15=1c00006e x15:1c00006d  PA:1c00006d
11348602ns          182095 1c0086a2 feb71ce3 bne              x14, x11, -8        x14:0000006c x11:00000064
11348661ns          182098 1c00869a 00070763 beq              x14, x0, 14         x14:0000006c
11348681ns          182099 1c00869c 00f00533 add              x10, x0, x15        x10=1c00006e x15:1c00006e
11348701ns          182100 1c00869e 0017c70b p.lbu            x14, 1(x15!)        x14=0000004c x15=1c00006f x15:1c00006e  PA:1c00006e
11349039ns          182117 1c0086a2 feb71ce3 bne              x14, x11, -8        x14:0000004c x11:00000064
11349099ns          182120 1c00869a 00070763 beq              x14, x0, 14         x14:0000004c
11349119ns          182121 1c00869c 00f00533 add              x10, x0, x15        x10=1c00006f x15:1c00006f
11349139ns          182122 1c00869e 0017c70b p.lbu            x14, 1(x15!)        x14=0000007a x15=1c000070 x15:1c00006f  PA:1c00006f
11349457ns          182138 1c0086a2 feb71ce3 bne              x14, x11, -8        x14:0000007a x11:00000064
11349516ns          182141 1c00869a 00070763 beq              x14, x0, 14         x14:0000007a
11349536ns          182142 1c00869c 00f00533 add              x10, x0, x15        x10=1c000070 x15:1c000070
11349556ns          182143 1c00869e 0017c70b p.lbu            x14, 1(x15!)        x14=00000000 x15=1c000071 x15:1c000070  PA:1c000070
11349875ns          182159 1c0086a2 feb71ce3 bne              x14, x11, -8        x14:00000000 x11:00000064
11349934ns          182162 1c00869a 00070763 beq              x14, x0, 14         x14:00000000
11349994ns          182165 1c0086a8 0015b593 sltiu            x11, x11, 1         x11=00000000 x11:00000064
11350014ns          182166 1c0086ac 40b005b3 sub              x11, x0, x11        x11=00000000 x11:00000000
11350034ns          182167 1c0086b0 00b57533 and              x10, x10, x11       x10=00000000 x10:1c000070 x11:00000000
11350054ns          182168 1c0086b2 00008067 jalr             x0, x1, 0            x1:1c008850
11350093ns          182170 1c008850 01300433 add              x8, x0, x19          x8=1c000032 x19:1c000032
11350113ns          182171 1c008852 00050563 beq              x10, x0, 10         x10:00000000
11350173ns          182174 1c00885c 06700693 addi             x13, x0, 103        x13=00000067
11350233ns          182177 1c008860 2896d963 bge              x13, x9, 658        x13:00000067  x9:00000064
11350312ns          182181 1c008af2 06500693 addi             x13, x0, 101        x13=00000065
11350332ns          182182 1c008af6 12d4d563 bge              x9, x13, 298         x9:00000064 x13:00000065
11350352ns          182183 1c008afa 04700693 addi             x13, x0, 71         x13=00000047
11350412ns          182186 1c008afe dc96cbe3 blt              x13, x9, -554       x13:00000047  x9:00000064
11350511ns          182191 1c0088d4 06300693 addi             x13, x0, 99         x13=00000063
11350551ns          182193 1c0088d8 0ad488e3 beq              x9, x13, 2224        x9:00000064 x13:00000063
11350571ns          182194 1c0088dc 0096c9e3 blt              x13, x9, 2066       x13:00000063  x9:00000064
11350809ns          182206 1c0090ee 000c2583 lw               x11, 0(x24)         x11=00000032 x24:100007d0  PA:100007d0
11350829ns          182207 1c0090f2 004c0c13 addi             x24, x24, 4         x24=100007d4 x24:100007d0
11350849ns          182208 1c0090f4 3405cc63 blt              x11, x0, 856        x11:00000032
11350869ns          182209 1c0090f8 01412603 lw               x12, 20(x2)         x12=00000000  x2:10000678  PA:1000068c
11350889ns          182210 1c0090fa 00b006b3 add              x13, x0, x11        x13=00000032 x11:00000032
11350909ns          182211 1c0090fc 2e061863 bne              x12, x0, 752        x12:00000000
11350949ns          182213 1c009100 01812703 lw               x14, 24(x2)         x14=00000000  x2:10000678  PA:10000690
11350969ns          182214 1c009102 019007b3 add              x15, x0, x25        x15=1000069c x25:1000069c
11350988ns          182215 1c009104 00070763 beq              x14, x0, 14         x14:00000000
11351048ns          182218 1c009112 00f00733 add              x14, x0, x15        x14=1000069c x15:1000069c
11351068ns          182219 1c009114 00a00513 addi             x10, x0, 10         x10=0000000a
11351088ns          182220 1c009116 02a6f633 remu             x12, x13, x10       x12=00000000 x13:00000032 x10:0000000a
11351704ns          182251 1c00911a 02a6d6b3 divu             x13, x13, x10       x13=00000005 x13:00000032 x10:0000000a
11352321ns          182282 1c00911e 03060613 addi             x12, x12, 48        x12=00000030 x12:00000000
11352341ns          182283 1c009122 00c700ab p.sb             x12, 1(x14!)        x14=1000069d x12:00000030 x14:1000069c  PA:1000069c
11352361ns          182284 1c009126 fe0698e3 bne              x13, x0, -16        x13:00000005
11352500ns          182291 1c009116 02a6f633 remu             x12, x13, x10       x12=00000005 x13:00000005 x10:0000000a
11353117ns          182322 1c00911a 02a6d6b3 divu             x13, x13, x10       x13=00000000 x13:00000005 x10:0000000a
11353733ns          182353 1c00911e 03060613 addi             x12, x12, 48        x12=00000035 x12:00000005
11353753ns          182354 1c009122 00c700ab p.sb             x12, 1(x14!)        x14=1000069e x12:00000035 x14:1000069d  PA:1000069d
11353773ns          182355 1c009126 fe0698e3 bne              x13, x0, -16        x13:00000000
11353793ns          182356 1c009128 40f706b3 sub              x13, x14, x15       x13=00000002 x14:1000069e x15:1000069c
11353813ns          182357 1c00912c 0146dc63 bge              x13, x20, 24        x13:00000002 x20:ffffffff
11353873ns          182360 1c009144 00e006b3 add              x13, x0, x14        x13=1000069e x14:1000069e
11353892ns          182361 1c009146 fe068fab p.sb             x0, -1(x13!)        x13=1000069d x13:1000069e  PA:1000069e
11353912ns          182362 1c00914a 00d7fc63 bgeu             x15, x13, 24        x15:1000069c x13:1000069d
11353932ns          182363 1c00914e 0007c503 lbu              x10, 0(x15)         x10=00000030 x15:1000069c  PA:1000069c
11353952ns          182364 1c009152 0006c603 lbu              x12, 0(x13)         x12=00000035 x13:1000069d  PA:1000069d
11353972ns          182365 1c009156 fea68fab p.sb             x10, -1(x13!)       x13=1000069c x10:00000030 x13:1000069d  PA:1000069d
11354032ns          182368 1c00915a 00c780ab p.sb             x12, 1(x15!)        x15=1000069d x12:00000035 x15:1000069c  PA:1000069c
11354111ns          182372 1c00915e fed7e8e3 bltu             x15, x13, -16       x15:1000069d x13:1000069c
11354131ns          182373 1c009162 01412783 lw               x15, 20(x2)         x15=00000000  x2:10000678  PA:1000068c
11354151ns          182374 1c009164 01812603 lw               x12, 24(x2)         x12=00000000  x2:10000678  PA:10000690
11354171ns          182375 1c009166 419704b3 sub              x9, x14, x25         x9=00000002 x14:1000069e x25:1000069c
11354191ns          182376 1c00916a 00c7e7b3 or               x15, x15, x12       x15=00000000 x15:00000000 x12:00000000
11354211ns          182377 1c00916c 00f12623 sw               x15, 12(x2)         x15:00000000  x2:10000678  PA:10000684
11354231ns          182378 1c00916e 00079363 bne              x15, x0, 6          x15:00000000
11354250ns          182379 1c009170 01f5d593 srli             x11, x11, 0x1f      x11=00000000 x11:00000032
11354270ns          182380 1c009172 00b12623 sw               x11, 12(x2)         x11:00000000  x2:10000678  PA:10000684
11354290ns          182381 1c009174 e3fa28e3 p.beqimm         x20, -464           x20:ffffffff
11354788ns          182406 1c008fa4 0c800793 addi             x15, x0, 200        x15=000000c8
11354807ns          182407 1c008fa8 9e97d0e3 bge              x15, x9, -1568      x15:000000c8  x9:00000002
11354867ns          182410 1c008988 0f24d163 bge              x9, x18, 226         x9:00000002 x18:00000000
11355464ns          182440 1c008a6a d00482e3 beq              x9, x0, -764         x9:00000002
11355484ns          182441 1c008a6e 01900933 add              x18, x0, x25        x18=1000069c x25:1000069c
11355523ns          182443 1c008a70 419d8db3 sub              x27, x27, x25       x27=effff977 x27:00000013 x25:1000069c
11355563ns          182445 1c008a74 00a0006f jal              x0, 10             
11355663ns          182450 1c008a7e 0019450b p.lbu            x10, 1(x18!)        x10=00000035 x18=1000069d x18:1000069c  PA:1000069c
11355683ns          182451 1c008a82 01a005b3 add              x11, x0, x26        x11=00000002 x26:00000002
11355703ns          182452 1c008a84 000b00e7 jalr             x1, x22, 0           x1=1c008a86 x22:1c0086b4
11355742ns          182454 1c0086b4 000026b7 lui              x13, 0x2000         x13=00002000
11355762ns          182455 1c0086b6 f14027f3 csrrs            x15, x0, 0xf14      x15=00000000
11355782ns          182456 1c0086ba f8068693 addi             x13, x13, -128      x13=00001f80 x13:00002000
11355802ns          182457 1c0086be 00379713 slli             x14, x15, 0x3       x14=00000000 x15:00000000
11355822ns          182458 1c0086c2 00279793 slli             x15, x15, 0x2       x15=00000000 x15:00000000
11355842ns          182459 1c0086c4 00d7f7b3 and              x15, x15, x13       x15=00000000 x15:00000000 x13:00001f80
11355862ns          182460 1c0086c6 ee873733 p.bclr           x14, x14, 23, 8     x14=00000000 x14:00000000
11355882ns          182461 1c0086ca 1a10f6b7 lui              x13, 0x1a10f000     x13=1a10f000
11355921ns          182463 1c0086ce 0ff57513 andi             x10, x10, 255       x10=00000035 x10:00000035
11355941ns          182464 1c0086d2 00d70733 add              x14, x14, x13       x14=1a10f000 x14:00000000 x13:1a10f000
11355961ns          182465 1c0086d4 00a7e723 p.sw             x10, x0(x15)        x10:00000035 x15:00000000  PA:1a10f000
11356279ns          182481 1c0086d8 00000513 addi             x10, x0, 0          x10=00000000
11356299ns          182482 1c0086da 00008067 jalr             x0, x1, 0            x1:1c008a86
11356339ns          182484 1c008a86 fff48493 addi             x9, x9, -1           x9=00000001  x9:00000002
11356359ns          182485 1c008a88 fff537e3 p.bneimm         x10, -18            x10:00000000
11356438ns          182489 1c008a76 012d8733 add              x14, x27, x18       x14=00000014 x27:effff977 x18:1000069d
11356458ns          182490 1c008a7a 5a048b63 beq              x9, x0, 1462         x9:00000001
11356478ns          182491 1c008a7e 0019450b p.lbu            x10, 1(x18!)        x10=00000030 x18=1000069e x18:1000069d  PA:1000069d
11356498ns          182492 1c008a82 01a005b3 add              x11, x0, x26        x11=00000002 x26:00000002
11356518ns          182493 1c008a84 000b00e7 jalr             x1, x22, 0           x1=1c008a86 x22:1c0086b4
11356558ns          182495 1c0086b4 000026b7 lui              x13, 0x2000         x13=00002000
11356578ns          182496 1c0086b6 f14027f3 csrrs            x15, x0, 0xf14      x15=00000000
11356598ns          182497 1c0086ba f8068693 addi             x13, x13, -128      x13=00001f80 x13:00002000
11356617ns          182498 1c0086be 00379713 slli             x14, x15, 0x3       x14=00000000 x15:00000000
11356637ns          182499 1c0086c2 00279793 slli             x15, x15, 0x2       x15=00000000 x15:00000000
11356657ns          182500 1c0086c4 00d7f7b3 and              x15, x15, x13       x15=00000000 x15:00000000 x13:00001f80
11356677ns          182501 1c0086c6 ee873733 p.bclr           x14, x14, 23, 8     x14=00000000 x14:00000000
11356697ns          182502 1c0086ca 1a10f6b7 lui              x13, 0x1a10f000     x13=1a10f000
11356717ns          182503 1c0086ce 0ff57513 andi             x10, x10, 255       x10=00000030 x10:00000030
11356737ns          182504 1c0086d2 00d70733 add              x14, x14, x13       x14=1a10f000 x14:00000000 x13:1a10f000
11356757ns          182505 1c0086d4 00a7e723 p.sw             x10, x0(x15)        x10:00000030 x15:00000000  PA:1a10f000
11357075ns          182521 1c0086d8 00000513 addi             x10, x0, 0          x10=00000000
11357095ns          182522 1c0086da 00008067 jalr             x0, x1, 0            x1:1c008a86
11357135ns          182524 1c008a86 fff48493 addi             x9, x9, -1           x9=00000000  x9:00000001
11357155ns          182525 1c008a88 fff537e3 p.bneimm         x10, -18            x10:00000000
11357234ns          182529 1c008a76 012d8733 add              x14, x27, x18       x14=00000015 x27:effff977 x18:1000069e
11357254ns          182530 1c008a7a 5a048b63 beq              x9, x0, 1462         x9:00000000
11357353ns          182535 1c009030 00e00db3 add              x27, x0, x14        x27=00000015 x14:00000015
11357393ns          182537 1c009032 f3cff06f jal              x0, -2244          
11357453ns          182540 1c00876e 00044503 lbu              x10, 0(x8)          x10=00000020  x8:1c000032  PA:1c000032
11357751ns          182555 1c008772 00140413 addi             x8, x8, 1            x8=1c000033  x8:1c000032
11357771ns          182556 1c008774 00050e63 beq              x10, x0, 28         x10:00000020
11357791ns          182557 1c008776 02500793 addi             x15, x0, 37         x15=00000025
11357811ns          182558 1c00877a 04f50863 beq              x10, x15, 80        x10:00000020 x15:00000025
11357831ns          182559 1c00877e 01a005b3 add              x11, x0, x26        x11=00000002 x26:00000002
11357851ns          182560 1c008780 000b00e7 jalr             x1, x22, 0           x1=1c008782 x22:1c0086b4
11357930ns          182564 1c0086b4 000026b7 lui              x13, 0x2000         x13=00002000
11357970ns          182566 1c0086b6 f14027f3 csrrs            x15, x0, 0xf14      x15=00000000
11357990ns          182567 1c0086ba f8068693 addi             x13, x13, -128      x13=00001f80 x13:00002000
11358010ns          182568 1c0086be 00379713 slli             x14, x15, 0x3       x14=00000000 x15:00000000
11358030ns          182569 1c0086c2 00279793 slli             x15, x15, 0x2       x15=00000000 x15:00000000
11358050ns          182570 1c0086c4 00d7f7b3 and              x15, x15, x13       x15=00000000 x15:00000000 x13:00001f80
11358070ns          182571 1c0086c6 ee873733 p.bclr           x14, x14, 23, 8     x14=00000000 x14:00000000
11358089ns          182572 1c0086ca 1a10f6b7 lui              x13, 0x1a10f000     x13=1a10f000
11358109ns          182573 1c0086ce 0ff57513 andi             x10, x10, 255       x10=00000020 x10:00000020
11358129ns          182574 1c0086d2 00d70733 add              x14, x14, x13       x14=1a10f000 x14:00000000 x13:1a10f000
11358149ns          182575 1c0086d4 00a7e723 p.sw             x10, x0(x15)        x10:00000020 x15:00000000  PA:1a10f000
11358467ns          182591 1c0086d8 00000513 addi             x10, x0, 0          x10=00000000
11358487ns          182592 1c0086da 00008067 jalr             x0, x1, 0            x1:1c008782
11358547ns          182595 1c008782 31f52563 p.beqimm         x10, 778            x10:00000000
11358567ns          182596 1c008786 001d8d93 addi             x27, x27, 1         x27=00000016 x27:00000015
11358587ns          182597 1c008788 00044503 lbu              x10, 0(x8)          x10=00000077  x8:1c000033  PA:1c000033
11358885ns          182612 1c00878c 00140413 addi             x8, x8, 1            x8=1c000034  x8:1c000033
11358905ns          182613 1c00878e fe0514e3 bne              x10, x0, -24        x10:00000077
11358984ns          182617 1c008776 02500793 addi             x15, x0, 37         x15=00000025
11359004ns          182618 1c00877a 04f50863 beq              x10, x15, 80        x10:00000077 x15:00000025
11359024ns          182619 1c00877e 01a005b3 add              x11, x0, x26        x11=00000002 x26:00000002
11359044ns          182620 1c008780 000b00e7 jalr             x1, x22, 0           x1=1c008782 x22:1c0086b4
11359084ns          182622 1c0086b4 000026b7 lui              x13, 0x2000         x13=00002000
11359104ns          182623 1c0086b6 f14027f3 csrrs            x15, x0, 0xf14      x15=00000000
11359124ns          182624 1c0086ba f8068693 addi             x13, x13, -128      x13=00001f80 x13:00002000
11359144ns          182625 1c0086be 00379713 slli             x14, x15, 0x3       x14=00000000 x15:00000000
11359163ns          182626 1c0086c2 00279793 slli             x15, x15, 0x2       x15=00000000 x15:00000000
11359183ns          182627 1c0086c4 00d7f7b3 and              x15, x15, x13       x15=00000000 x15:00000000 x13:00001f80
11359203ns          182628 1c0086c6 ee873733 p.bclr           x14, x14, 23, 8     x14=00000000 x14:00000000
11359223ns          182629 1c0086ca 1a10f6b7 lui              x13, 0x1a10f000     x13=1a10f000
11359243ns          182630 1c0086ce 0ff57513 andi             x10, x10, 255       x10=00000077 x10:00000077
11359263ns          182631 1c0086d2 00d70733 add              x14, x14, x13       x14=1a10f000 x14:00000000 x13:1a10f000
11359283ns          182632 1c0086d4 00a7e723 p.sw             x10, x0(x15)        x10:00000077 x15:00000000  PA:1a10f000
11359601ns          182648 1c0086d8 00000513 addi             x10, x0, 0          x10=00000000
11359621ns          182649 1c0086da 00008067 jalr             x0, x1, 0            x1:1c008782
11359681ns          182652 1c008782 31f52563 p.beqimm         x10, 778            x10:00000000
11359701ns          182653 1c008786 001d8d93 addi             x27, x27, 1         x27=00000017 x27:00000016
11359720ns          182654 1c008788 00044503 lbu              x10, 0(x8)          x10=0000006f  x8:1c000034  PA:1c000034
11360019ns          182669 1c00878c 00140413 addi             x8, x8, 1            x8=1c000035  x8:1c000034
11360039ns          182670 1c00878e fe0514e3 bne              x10, x0, -24        x10:0000006f
11360118ns          182674 1c008776 02500793 addi             x15, x0, 37         x15=00000025
11360138ns          182675 1c00877a 04f50863 beq              x10, x15, 80        x10:0000006f x15:00000025
11360158ns          182676 1c00877e 01a005b3 add              x11, x0, x26        x11=00000002 x26:00000002
11360178ns          182677 1c008780 000b00e7 jalr             x1, x22, 0           x1=1c008782 x22:1c0086b4
11360218ns          182679 1c0086b4 000026b7 lui              x13, 0x2000         x13=00002000
11360238ns          182680 1c0086b6 f14027f3 csrrs            x15, x0, 0xf14      x15=00000000
11360257ns          182681 1c0086ba f8068693 addi             x13, x13, -128      x13=00001f80 x13:00002000
11360277ns          182682 1c0086be 00379713 slli             x14, x15, 0x3       x14=00000000 x15:00000000
11360297ns          182683 1c0086c2 00279793 slli             x15, x15, 0x2       x15=00000000 x15:00000000
11360317ns          182684 1c0086c4 00d7f7b3 and              x15, x15, x13       x15=00000000 x15:00000000 x13:00001f80
11360337ns          182685 1c0086c6 ee873733 p.bclr           x14, x14, 23, 8     x14=00000000 x14:00000000
11360357ns          182686 1c0086ca 1a10f6b7 lui              x13, 0x1a10f000     x13=1a10f000
11360377ns          182687 1c0086ce 0ff57513 andi             x10, x10, 255       x10=0000006f x10:0000006f
11360397ns          182688 1c0086d2 00d70733 add              x14, x14, x13       x14=1a10f000 x14:00000000 x13:1a10f000
11360417ns          182689 1c0086d4 00a7e723 p.sw             x10, x0(x15)        x10:0000006f x15:00000000  PA:1a10f000
11360735ns          182705 1c0086d8 00000513 addi             x10, x0, 0          x10=00000000
11360755ns          182706 1c0086da 00008067 jalr             x0, x1, 0            x1:1c008782
11360814ns          182709 1c008782 31f52563 p.beqimm         x10, 778            x10:00000000
11360834ns          182710 1c008786 001d8d93 addi             x27, x27, 1         x27=00000018 x27:00000017
11360854ns          182711 1c008788 00044503 lbu              x10, 0(x8)          x10=00000072  x8:1c000035  PA:1c000035
11361172ns          182727 1c00878c 00140413 addi             x8, x8, 1            x8=1c000036  x8:1c000035
11361192ns          182728 1c00878e fe0514e3 bne              x10, x0, -24        x10:00000072
11361272ns          182732 1c008776 02500793 addi             x15, x0, 37         x15=00000025
11361292ns          182733 1c00877a 04f50863 beq              x10, x15, 80        x10:00000072 x15:00000025
11361312ns          182734 1c00877e 01a005b3 add              x11, x0, x26        x11=00000002 x26:00000002
11361332ns          182735 1c008780 000b00e7 jalr             x1, x22, 0           x1=1c008782 x22:1c0086b4
11361371ns          182737 1c0086b4 000026b7 lui              x13, 0x2000         x13=00002000
11361391ns          182738 1c0086b6 f14027f3 csrrs            x15, x0, 0xf14      x15=00000000
11361411ns          182739 1c0086ba f8068693 addi             x13, x13, -128      x13=00001f80 x13:00002000
11361431ns          182740 1c0086be 00379713 slli             x14, x15, 0x3       x14=00000000 x15:00000000
11361451ns          182741 1c0086c2 00279793 slli             x15, x15, 0x2       x15=00000000 x15:00000000
11361471ns          182742 1c0086c4 00d7f7b3 and              x15, x15, x13       x15=00000000 x15:00000000 x13:00001f80
11361491ns          182743 1c0086c6 ee873733 p.bclr           x14, x14, 23, 8     x14=00000000 x14:00000000
11361511ns          182744 1c0086ca 1a10f6b7 lui              x13, 0x1a10f000     x13=1a10f000
11361530ns          182745 1c0086ce 0ff57513 andi             x10, x10, 255       x10=00000072 x10:00000072
11361550ns          182746 1c0086d2 00d70733 add              x14, x14, x13       x14=1a10f000 x14:00000000 x13:1a10f000
11361570ns          182747 1c0086d4 00a7e723 p.sw             x10, x0(x15)        x10:00000072 x15:00000000  PA:1a10f000
11361889ns          182763 1c0086d8 00000513 addi             x10, x0, 0          x10=00000000
11361908ns          182764 1c0086da 00008067 jalr             x0, x1, 0            x1:1c008782
11361968ns          182767 1c008782 31f52563 p.beqimm         x10, 778            x10:00000000
11361988ns          182768 1c008786 001d8d93 addi             x27, x27, 1         x27=00000019 x27:00000018
11362008ns          182769 1c008788 00044503 lbu              x10, 0(x8)          x10=00000064  x8:1c000036  PA:1c000036
11362306ns          182784 1c00878c 00140413 addi             x8, x8, 1            x8=1c000037  x8:1c000036
11362326ns          182785 1c00878e fe0514e3 bne              x10, x0, -24        x10:00000064
11362406ns          182789 1c008776 02500793 addi             x15, x0, 37         x15=00000025
11362426ns          182790 1c00877a 04f50863 beq              x10, x15, 80        x10:00000064 x15:00000025
11362445ns          182791 1c00877e 01a005b3 add              x11, x0, x26        x11=00000002 x26:00000002
11362465ns          182792 1c008780 000b00e7 jalr             x1, x22, 0           x1=1c008782 x22:1c0086b4
11362505ns          182794 1c0086b4 000026b7 lui              x13, 0x2000         x13=00002000
11362525ns          182795 1c0086b6 f14027f3 csrrs            x15, x0, 0xf14      x15=00000000
11362545ns          182796 1c0086ba f8068693 addi             x13, x13, -128      x13=00001f80 x13:00002000
11362565ns          182797 1c0086be 00379713 slli             x14, x15, 0x3       x14=00000000 x15:00000000
11362585ns          182798 1c0086c2 00279793 slli             x15, x15, 0x2       x15=00000000 x15:00000000
11362605ns          182799 1c0086c4 00d7f7b3 and              x15, x15, x13       x15=00000000 x15:00000000 x13:00001f80
11362624ns          182800 1c0086c6 ee873733 p.bclr           x14, x14, 23, 8     x14=00000000 x14:00000000
11362644ns          182801 1c0086ca 1a10f6b7 lui              x13, 0x1a10f000     x13=1a10f000
11362664ns          182802 1c0086ce 0ff57513 andi             x10, x10, 255       x10=00000064 x10:00000064
11362684ns          182803 1c0086d2 00d70733 add              x14, x14, x13       x14=1a10f000 x14:00000000 x13:1a10f000
11362704ns          182804 1c0086d4 00a7e723 p.sw             x10, x0(x15)        x10:00000064 x15:00000000  PA:1a10f000
11363022ns          182820 1c0086d8 00000513 addi             x10, x0, 0          x10=00000000
11363042ns          182821 1c0086da 00008067 jalr             x0, x1, 0            x1:1c008782
11363102ns          182824 1c008782 31f52563 p.beqimm         x10, 778            x10:00000000
11363122ns          182825 1c008786 001d8d93 addi             x27, x27, 1         x27=0000001a x27:00000019
11363142ns          182826 1c008788 00044503 lbu              x10, 0(x8)          x10=00000073  x8:1c000037  PA:1c000037
11363440ns          182841 1c00878c 00140413 addi             x8, x8, 1            x8=1c000038  x8:1c000037
11363460ns          182842 1c00878e fe0514e3 bne              x10, x0, -24        x10:00000073
11363539ns          182846 1c008776 02500793 addi             x15, x0, 37         x15=00000025
11363559ns          182847 1c00877a 04f50863 beq              x10, x15, 80        x10:00000073 x15:00000025
11363579ns          182848 1c00877e 01a005b3 add              x11, x0, x26        x11=00000002 x26:00000002
11363599ns          182849 1c008780 000b00e7 jalr             x1, x22, 0           x1=1c008782 x22:1c0086b4
11363639ns          182851 1c0086b4 000026b7 lui              x13, 0x2000         x13=00002000
11363659ns          182852 1c0086b6 f14027f3 csrrs            x15, x0, 0xf14      x15=00000000
11363679ns          182853 1c0086ba f8068693 addi             x13, x13, -128      x13=00001f80 x13:00002000
11363699ns          182854 1c0086be 00379713 slli             x14, x15, 0x3       x14=00000000 x15:00000000
11363718ns          182855 1c0086c2 00279793 slli             x15, x15, 0x2       x15=00000000 x15:00000000
11363738ns          182856 1c0086c4 00d7f7b3 and              x15, x15, x13       x15=00000000 x15:00000000 x13:00001f80
11363758ns          182857 1c0086c6 ee873733 p.bclr           x14, x14, 23, 8     x14=00000000 x14:00000000
11363778ns          182858 1c0086ca 1a10f6b7 lui              x13, 0x1a10f000     x13=1a10f000
11363798ns          182859 1c0086ce 0ff57513 andi             x10, x10, 255       x10=00000073 x10:00000073
11363818ns          182860 1c0086d2 00d70733 add              x14, x14, x13       x14=1a10f000 x14:00000000 x13:1a10f000
11363838ns          182861 1c0086d4 00a7e723 p.sw             x10, x0(x15)        x10:00000073 x15:00000000  PA:1a10f000
11364156ns          182877 1c0086d8 00000513 addi             x10, x0, 0          x10=00000000
11364176ns          182878 1c0086da 00008067 jalr             x0, x1, 0            x1:1c008782
11364236ns          182881 1c008782 31f52563 p.beqimm         x10, 778            x10:00000000
11364256ns          182882 1c008786 001d8d93 addi             x27, x27, 1         x27=0000001b x27:0000001a
11364275ns          182883 1c008788 00044503 lbu              x10, 0(x8)          x10=00000020  x8:1c000038  PA:1c000038
11364574ns          182898 1c00878c 00140413 addi             x8, x8, 1            x8=1c000039  x8:1c000038
11364594ns          182899 1c00878e fe0514e3 bne              x10, x0, -24        x10:00000020
11364673ns          182903 1c008776 02500793 addi             x15, x0, 37         x15=00000025
11364693ns          182904 1c00877a 04f50863 beq              x10, x15, 80        x10:00000020 x15:00000025
11364713ns          182905 1c00877e 01a005b3 add              x11, x0, x26        x11=00000002 x26:00000002
11364733ns          182906 1c008780 000b00e7 jalr             x1, x22, 0           x1=1c008782 x22:1c0086b4
11364773ns          182908 1c0086b4 000026b7 lui              x13, 0x2000         x13=00002000
11364793ns          182909 1c0086b6 f14027f3 csrrs            x15, x0, 0xf14      x15=00000000
11364812ns          182910 1c0086ba f8068693 addi             x13, x13, -128      x13=00001f80 x13:00002000
11364832ns          182911 1c0086be 00379713 slli             x14, x15, 0x3       x14=00000000 x15:00000000
11364852ns          182912 1c0086c2 00279793 slli             x15, x15, 0x2       x15=00000000 x15:00000000
11364872ns          182913 1c0086c4 00d7f7b3 and              x15, x15, x13       x15=00000000 x15:00000000 x13:00001f80
11364892ns          182914 1c0086c6 ee873733 p.bclr           x14, x14, 23, 8     x14=00000000 x14:00000000
11364912ns          182915 1c0086ca 1a10f6b7 lui              x13, 0x1a10f000     x13=1a10f000
11364932ns          182916 1c0086ce 0ff57513 andi             x10, x10, 255       x10=00000020 x10:00000020
11364952ns          182917 1c0086d2 00d70733 add              x14, x14, x13       x14=1a10f000 x14:00000000 x13:1a10f000
11364972ns          182918 1c0086d4 00a7e723 p.sw             x10, x0(x15)        x10:00000020 x15:00000000  PA:1a10f000
11365290ns          182934 1c0086d8 00000513 addi             x10, x0, 0          x10=00000000
11365310ns          182935 1c0086da 00008067 jalr             x0, x1, 0            x1:1c008782
11365369ns          182938 1c008782 31f52563 p.beqimm         x10, 778            x10:00000000
11365389ns          182939 1c008786 001d8d93 addi             x27, x27, 1         x27=0000001c x27:0000001b
11365409ns          182940 1c008788 00044503 lbu              x10, 0(x8)          x10=00000074  x8:1c000039  PA:1c000039
11365727ns          182956 1c00878c 00140413 addi             x8, x8, 1            x8=1c00003a  x8:1c000039
11365747ns          182957 1c00878e fe0514e3 bne              x10, x0, -24        x10:00000074
11365827ns          182961 1c008776 02500793 addi             x15, x0, 37         x15=00000025
11365847ns          182962 1c00877a 04f50863 beq              x10, x15, 80        x10:00000074 x15:00000025
11365867ns          182963 1c00877e 01a005b3 add              x11, x0, x26        x11=00000002 x26:00000002
11365887ns          182964 1c008780 000b00e7 jalr             x1, x22, 0           x1=1c008782 x22:1c0086b4
11365926ns          182966 1c0086b4 000026b7 lui              x13, 0x2000         x13=00002000
11365946ns          182967 1c0086b6 f14027f3 csrrs            x15, x0, 0xf14      x15=00000000
11365966ns          182968 1c0086ba f8068693 addi             x13, x13, -128      x13=00001f80 x13:00002000
11365986ns          182969 1c0086be 00379713 slli             x14, x15, 0x3       x14=00000000 x15:00000000
11366006ns          182970 1c0086c2 00279793 slli             x15, x15, 0x2       x15=00000000 x15:00000000
11366026ns          182971 1c0086c4 00d7f7b3 and              x15, x15, x13       x15=00000000 x15:00000000 x13:00001f80
11366046ns          182972 1c0086c6 ee873733 p.bclr           x14, x14, 23, 8     x14=00000000 x14:00000000
11366066ns          182973 1c0086ca 1a10f6b7 lui              x13, 0x1a10f000     x13=1a10f000
11366085ns          182974 1c0086ce 0ff57513 andi             x10, x10, 255       x10=00000074 x10:00000074
11366105ns          182975 1c0086d2 00d70733 add              x14, x14, x13       x14=1a10f000 x14:00000000 x13:1a10f000
11366125ns          182976 1c0086d4 00a7e723 p.sw             x10, x0(x15)        x10:00000074 x15:00000000  PA:1a10f000
11366444ns          182992 1c0086d8 00000513 addi             x10, x0, 0          x10=00000000
11366463ns          182993 1c0086da 00008067 jalr             x0, x1, 0            x1:1c008782
11366523ns          182996 1c008782 31f52563 p.beqimm         x10, 778            x10:00000000
11366543ns          182997 1c008786 001d8d93 addi             x27, x27, 1         x27=0000001d x27:0000001c
11366563ns          182998 1c008788 00044503 lbu              x10, 0(x8)          x10=0000006f  x8:1c00003a  PA:1c00003a
11366861ns          183013 1c00878c 00140413 addi             x8, x8, 1            x8=1c00003b  x8:1c00003a
11366881ns          183014 1c00878e fe0514e3 bne              x10, x0, -24        x10:0000006f
11366961ns          183018 1c008776 02500793 addi             x15, x0, 37         x15=00000025
11366981ns          183019 1c00877a 04f50863 beq              x10, x15, 80        x10:0000006f x15:00000025
11367000ns          183020 1c00877e 01a005b3 add              x11, x0, x26        x11=00000002 x26:00000002
11367020ns          183021 1c008780 000b00e7 jalr             x1, x22, 0           x1=1c008782 x22:1c0086b4
11367060ns          183023 1c0086b4 000026b7 lui              x13, 0x2000         x13=00002000
11367080ns          183024 1c0086b6 f14027f3 csrrs            x15, x0, 0xf14      x15=00000000
11367100ns          183025 1c0086ba f8068693 addi             x13, x13, -128      x13=00001f80 x13:00002000
11367120ns          183026 1c0086be 00379713 slli             x14, x15, 0x3       x14=00000000 x15:00000000
11367140ns          183027 1c0086c2 00279793 slli             x15, x15, 0x2       x15=00000000 x15:00000000
11367160ns          183028 1c0086c4 00d7f7b3 and              x15, x15, x13       x15=00000000 x15:00000000 x13:00001f80
11367179ns          183029 1c0086c6 ee873733 p.bclr           x14, x14, 23, 8     x14=00000000 x14:00000000
11367199ns          183030 1c0086ca 1a10f6b7 lui              x13, 0x1a10f000     x13=1a10f000
11367219ns          183031 1c0086ce 0ff57513 andi             x10, x10, 255       x10=0000006f x10:0000006f
11367239ns          183032 1c0086d2 00d70733 add              x14, x14, x13       x14=1a10f000 x14:00000000 x13:1a10f000
11367259ns          183033 1c0086d4 00a7e723 p.sw             x10, x0(x15)        x10:0000006f x15:00000000  PA:1a10f000
11367577ns          183049 1c0086d8 00000513 addi             x10, x0, 0          x10=00000000
11367597ns          183050 1c0086da 00008067 jalr             x0, x1, 0            x1:1c008782
11367657ns          183053 1c008782 31f52563 p.beqimm         x10, 778            x10:00000000
11367677ns          183054 1c008786 001d8d93 addi             x27, x27, 1         x27=0000001e x27:0000001d
11367697ns          183055 1c008788 00044503 lbu              x10, 0(x8)          x10=0000006f  x8:1c00003b  PA:1c00003b
11367995ns          183070 1c00878c 00140413 addi             x8, x8, 1            x8=1c00003c  x8:1c00003b
11368015ns          183071 1c00878e fe0514e3 bne              x10, x0, -24        x10:0000006f
11368094ns          183075 1c008776 02500793 addi             x15, x0, 37         x15=00000025
11368114ns          183076 1c00877a 04f50863 beq              x10, x15, 80        x10:0000006f x15:00000025
11368134ns          183077 1c00877e 01a005b3 add              x11, x0, x26        x11=00000002 x26:00000002
11368154ns          183078 1c008780 000b00e7 jalr             x1, x22, 0           x1=1c008782 x22:1c0086b4
11368194ns          183080 1c0086b4 000026b7 lui              x13, 0x2000         x13=00002000
11368214ns          183081 1c0086b6 f14027f3 csrrs            x15, x0, 0xf14      x15=00000000
11368234ns          183082 1c0086ba f8068693 addi             x13, x13, -128      x13=00001f80 x13:00002000
11368254ns          183083 1c0086be 00379713 slli             x14, x15, 0x3       x14=00000000 x15:00000000
11368273ns          183084 1c0086c2 00279793 slli             x15, x15, 0x2       x15=00000000 x15:00000000
11368293ns          183085 1c0086c4 00d7f7b3 and              x15, x15, x13       x15=00000000 x15:00000000 x13:00001f80
11368313ns          183086 1c0086c6 ee873733 p.bclr           x14, x14, 23, 8     x14=00000000 x14:00000000
11368333ns          183087 1c0086ca 1a10f6b7 lui              x13, 0x1a10f000     x13=1a10f000
11368353ns          183088 1c0086ce 0ff57513 andi             x10, x10, 255       x10=0000006f x10:0000006f
11368373ns          183089 1c0086d2 00d70733 add              x14, x14, x13       x14=1a10f000 x14:00000000 x13:1a10f000
11368393ns          183090 1c0086d4 00a7e723 p.sw             x10, x0(x15)        x10:0000006f x15:00000000  PA:1a10f000
11368731ns          183107 1c0086d8 00000513 addi             x10, x0, 0          x10=00000000
11368751ns          183108 1c0086da 00008067 jalr             x0, x1, 0            x1:1c008782
11368811ns          183111 1c008782 31f52563 p.beqimm         x10, 778            x10:00000000
11368830ns          183112 1c008786 001d8d93 addi             x27, x27, 1         x27=0000001f x27:0000001e
11368850ns          183113 1c008788 00044503 lbu              x10, 0(x8)          x10=0000006b  x8:1c00003c  PA:1c00003c
11369149ns          183128 1c00878c 00140413 addi             x8, x8, 1            x8=1c00003d  x8:1c00003c
11369169ns          183129 1c00878e fe0514e3 bne              x10, x0, -24        x10:0000006b
11369248ns          183133 1c008776 02500793 addi             x15, x0, 37         x15=00000025
11369268ns          183134 1c00877a 04f50863 beq              x10, x15, 80        x10:0000006b x15:00000025
11369288ns          183135 1c00877e 01a005b3 add              x11, x0, x26        x11=00000002 x26:00000002
11369308ns          183136 1c008780 000b00e7 jalr             x1, x22, 0           x1=1c008782 x22:1c0086b4
11369348ns          183138 1c0086b4 000026b7 lui              x13, 0x2000         x13=00002000
11369367ns          183139 1c0086b6 f14027f3 csrrs            x15, x0, 0xf14      x15=00000000
11369387ns          183140 1c0086ba f8068693 addi             x13, x13, -128      x13=00001f80 x13:00002000
11369407ns          183141 1c0086be 00379713 slli             x14, x15, 0x3       x14=00000000 x15:00000000
11369427ns          183142 1c0086c2 00279793 slli             x15, x15, 0x2       x15=00000000 x15:00000000
11369447ns          183143 1c0086c4 00d7f7b3 and              x15, x15, x13       x15=00000000 x15:00000000 x13:00001f80
11369467ns          183144 1c0086c6 ee873733 p.bclr           x14, x14, 23, 8     x14=00000000 x14:00000000
11369487ns          183145 1c0086ca 1a10f6b7 lui              x13, 0x1a10f000     x13=1a10f000
11369507ns          183146 1c0086ce 0ff57513 andi             x10, x10, 255       x10=0000006b x10:0000006b
11369527ns          183147 1c0086d2 00d70733 add              x14, x14, x13       x14=1a10f000 x14:00000000 x13:1a10f000
11369546ns          183148 1c0086d4 00a7e723 p.sw             x10, x0(x15)        x10:0000006b x15:00000000  PA:1a10f000
11369865ns          183164 1c0086d8 00000513 addi             x10, x0, 0          x10=00000000
11369885ns          183165 1c0086da 00008067 jalr             x0, x1, 0            x1:1c008782
11369944ns          183168 1c008782 31f52563 p.beqimm         x10, 778            x10:00000000
11369964ns          183169 1c008786 001d8d93 addi             x27, x27, 1         x27=00000020 x27:0000001f
11369984ns          183170 1c008788 00044503 lbu              x10, 0(x8)          x10=00000020  x8:1c00003d  PA:1c00003d
11370282ns          183185 1c00878c 00140413 addi             x8, x8, 1            x8=1c00003e  x8:1c00003d
11370302ns          183186 1c00878e fe0514e3 bne              x10, x0, -24        x10:00000020
11370382ns          183190 1c008776 02500793 addi             x15, x0, 37         x15=00000025
11370402ns          183191 1c00877a 04f50863 beq              x10, x15, 80        x10:00000020 x15:00000025
11370422ns          183192 1c00877e 01a005b3 add              x11, x0, x26        x11=00000002 x26:00000002
11370442ns          183193 1c008780 000b00e7 jalr             x1, x22, 0           x1=1c008782 x22:1c0086b4
11370481ns          183195 1c0086b4 000026b7 lui              x13, 0x2000         x13=00002000
11370501ns          183196 1c0086b6 f14027f3 csrrs            x15, x0, 0xf14      x15=00000000
11370521ns          183197 1c0086ba f8068693 addi             x13, x13, -128      x13=00001f80 x13:00002000
11370541ns          183198 1c0086be 00379713 slli             x14, x15, 0x3       x14=00000000 x15:00000000
11370561ns          183199 1c0086c2 00279793 slli             x15, x15, 0x2       x15=00000000 x15:00000000
11370581ns          183200 1c0086c4 00d7f7b3 and              x15, x15, x13       x15=00000000 x15:00000000 x13:00001f80
11370601ns          183201 1c0086c6 ee873733 p.bclr           x14, x14, 23, 8     x14=00000000 x14:00000000
11370621ns          183202 1c0086ca 1a10f6b7 lui              x13, 0x1a10f000     x13=1a10f000
11370640ns          183203 1c0086ce 0ff57513 andi             x10, x10, 255       x10=00000020 x10:00000020
11370660ns          183204 1c0086d2 00d70733 add              x14, x14, x13       x14=1a10f000 x14:00000000 x13:1a10f000
11370680ns          183205 1c0086d4 00a7e723 p.sw             x10, x0(x15)        x10:00000020 x15:00000000  PA:1a10f000
11370998ns          183221 1c0086d8 00000513 addi             x10, x0, 0          x10=00000000
11371018ns          183222 1c0086da 00008067 jalr             x0, x1, 0            x1:1c008782
11371078ns          183225 1c008782 31f52563 p.beqimm         x10, 778            x10:00000000
11371098ns          183226 1c008786 001d8d93 addi             x27, x27, 1         x27=00000021 x27:00000020
11371118ns          183227 1c008788 00044503 lbu              x10, 0(x8)          x10=00000025  x8:1c00003e  PA:1c00003e
11371416ns          183242 1c00878c 00140413 addi             x8, x8, 1            x8=1c00003f  x8:1c00003e
11371436ns          183243 1c00878e fe0514e3 bne              x10, x0, -24        x10:00000025
11371516ns          183247 1c008776 02500793 addi             x15, x0, 37         x15=00000025
11371536ns          183248 1c00877a 04f50863 beq              x10, x15, 80        x10:00000025 x15:00000025
11371615ns          183252 1c0087ca 00044483 lbu              x9, 0(x8)            x9=00000075  x8:1c00003f  PA:1c00003f
11371933ns          183268 1c0087ce 02000693 addi             x13, x0, 32         x13=00000020
11371953ns          183269 1c0087d2 00140a93 addi             x21, x8, 1          x21=1c000040  x8:1c00003f
11371973ns          183270 1c0087d6 009005b3 add              x11, x0, x9         x11=00000075  x9:00000075
11371993ns          183271 1c0087d8 064b8513 addi             x10, x23, 100       x10=1c000064 x23:1c000000
11372013ns          183272 1c0087dc 00d12823 sw               x13, 16(x2)         x13:00000020  x2:10000678  PA:10000688
11372033ns          183273 1c0087de 00012c23 sw               x0, 24(x2)           x2:10000678  PA:10000690
11372053ns          183274 1c0087e0 00012a23 sw               x0, 20(x2)           x2:10000678  PA:1000068c
11372073ns          183275 1c0087e2 00012e23 sw               x0, 28(x2)           x2:10000678  PA:10000694
11372092ns          183276 1c0087e4 00012623 sw               x0, 12(x2)           x2:10000678  PA:10000684
11372112ns          183277 1c0087e6 02300913 addi             x18, x0, 35         x18=00000023
11372132ns          183278 1c0087ea 02d00a13 addi             x20, x0, 45         x20=0000002d
11372152ns          183279 1c0087ee 015009b3 add              x19, x0, x21        x19=1c000040 x21:1c000040
11372172ns          183280 1c0087f0 e97ff0ef jal              x1, -362             x1=1c0087f2
11372291ns          183286 1c008686 00054783 lbu              x15, 0(x10)         x15=0000002d x10:1c000064  PA:1c000064
11372610ns          183302 1c00868a 0ff5f593 andi             x11, x11, 255       x11=00000075 x11:00000075
11372630ns          183303 1c00868e 00b78c63 beq              x15, x11, 24        x15:0000002d x11:00000075
11372649ns          183304 1c008692 00078b63 beq              x15, x0, 22         x15:0000002d
11372669ns          183305 1c008694 00150793 addi             x15, x10, 1         x15=1c000065 x10:1c000064
11372689ns          183306 1c008698 0040006f jal              x0, 4              
11372729ns          183308 1c00869c 00f00533 add              x10, x0, x15        x10=1c000065 x15:1c000065
11372749ns          183309 1c00869e 0017c70b p.lbu            x14, 1(x15!)        x14=0000002b x15=1c000066 x15:1c000065  PA:1c000065
11373067ns          183325 1c0086a2 feb71ce3 bne              x14, x11, -8        x14:0000002b x11:00000075
11373127ns          183328 1c00869a 00070763 beq              x14, x0, 14         x14:0000002b
11373147ns          183329 1c00869c 00f00533 add              x10, x0, x15        x10=1c000066 x15:1c000066
11373167ns          183330 1c00869e 0017c70b p.lbu            x14, 1(x15!)        x14=00000020 x15=1c000067 x15:1c000066  PA:1c000066
11373485ns          183346 1c0086a2 feb71ce3 bne              x14, x11, -8        x14:00000020 x11:00000075
11373545ns          183349 1c00869a 00070763 beq              x14, x0, 14         x14:00000020
11373564ns          183350 1c00869c 00f00533 add              x10, x0, x15        x10=1c000067 x15:1c000067
11373584ns          183351 1c00869e 0017c70b p.lbu            x14, 1(x15!)        x14=00000023 x15=1c000068 x15:1c000067  PA:1c000067
11373922ns          183368 1c0086a2 feb71ce3 bne              x14, x11, -8        x14:00000023 x11:00000075
11373982ns          183371 1c00869a 00070763 beq              x14, x0, 14         x14:00000023
11374002ns          183372 1c00869c 00f00533 add              x10, x0, x15        x10=1c000068 x15:1c000068
11374022ns          183373 1c00869e 0017c70b p.lbu            x14, 1(x15!)        x14=00000030 x15=1c000069 x15:1c000068  PA:1c000068
11374360ns          183390 1c0086a2 feb71ce3 bne              x14, x11, -8        x14:00000030 x11:00000075
11374420ns          183393 1c00869a 00070763 beq              x14, x0, 14         x14:00000030
11374440ns          183394 1c00869c 00f00533 add              x10, x0, x15        x10=1c000069 x15:1c000069
11374459ns          183395 1c00869e 0017c70b p.lbu            x14, 1(x15!)        x14=00000000 x15=1c00006a x15:1c000069  PA:1c000069
11374778ns          183411 1c0086a2 feb71ce3 bne              x14, x11, -8        x14:00000000 x11:00000075
11374837ns          183414 1c00869a 00070763 beq              x14, x0, 14         x14:00000000
11374897ns          183417 1c0086a8 0015b593 sltiu            x11, x11, 1         x11=00000000 x11:00000075
11374917ns          183418 1c0086ac 40b005b3 sub              x11, x0, x11        x11=00000000 x11:00000000
11374937ns          183419 1c0086b0 00b57533 and              x10, x10, x11       x10=00000000 x10:1c000069 x11:00000000
11374957ns          183420 1c0086b2 00008067 jalr             x0, x1, 0            x1:1c0087f2
11374997ns          183422 1c0087f2 02050a63 beq              x10, x0, 52         x10:00000000
11375076ns          183426 1c008826 02a00613 addi             x12, x0, 42         x12=0000002a
11375096ns          183427 1c00882a 2ac48663 beq              x9, x12, 684         x9:00000075 x12:0000002a
11375156ns          183430 1c00882e fd048613 addi             x12, x9, -48        x12=00000045  x9:00000075
11375176ns          183431 1c008832 00900593 addi             x11, x0, 9          x11=00000009
11375195ns          183432 1c008834 00000913 addi             x18, x0, 0          x18=00000000
11375215ns          183433 1c008836 28c5f063 bgeu             x11, x12, 640       x11:00000009 x12:00000045
11375235ns          183434 1c00883a 02e00693 addi             x13, x0, 46         x13=0000002e
11375255ns          183435 1c00883e fff00a13 addi             x20, x0, -1         x20=ffffffff
11375275ns          183436 1c008840 2ed48363 beq              x9, x13, 742         x9:00000075 x13:0000002e
11375295ns          183437 1c008844 1c0007b7 lui              x15, 0x1c000000     x15=1c000000
11375315ns          183438 1c008848 009005b3 add              x11, x0, x9         x11=00000075  x9:00000075
11375335ns          183439 1c00884a 06c78513 addi             x10, x15, 108       x10=1c00006c x15:1c000000
11375355ns          183440 1c00884e e39ff0ef jal              x1, -456             x1=1c008850
11375434ns          183444 1c008686 00054783 lbu              x15, 0(x10)         x15=00000068 x10:1c00006c  PA:1c00006c
11375732ns          183459 1c00868a 0ff5f593 andi             x11, x11, 255       x11=00000075 x11:00000075
11375752ns          183460 1c00868e 00b78c63 beq              x15, x11, 24        x15:00000068 x11:00000075
11375772ns          183461 1c008692 00078b63 beq              x15, x0, 22         x15:00000068
11375792ns          183462 1c008694 00150793 addi             x15, x10, 1         x15=1c00006d x10:1c00006c
11375812ns          183463 1c008698 0040006f jal              x0, 4              
11375852ns          183465 1c00869c 00f00533 add              x10, x0, x15        x10=1c00006d x15:1c00006d
11375872ns          183466 1c00869e 0017c70b p.lbu            x14, 1(x15!)        x14=0000006c x15=1c00006e x15:1c00006d  PA:1c00006d
11376190ns          183482 1c0086a2 feb71ce3 bne              x14, x11, -8        x14:0000006c x11:00000075
11376250ns          183485 1c00869a 00070763 beq              x14, x0, 14         x14:0000006c
11376270ns          183486 1c00869c 00f00533 add              x10, x0, x15        x10=1c00006e x15:1c00006e
11376289ns          183487 1c00869e 0017c70b p.lbu            x14, 1(x15!)        x14=0000004c x15=1c00006f x15:1c00006e  PA:1c00006e
11376628ns          183504 1c0086a2 feb71ce3 bne              x14, x11, -8        x14:0000004c x11:00000075
11376687ns          183507 1c00869a 00070763 beq              x14, x0, 14         x14:0000004c
11376707ns          183508 1c00869c 00f00533 add              x10, x0, x15        x10=1c00006f x15:1c00006f
11376727ns          183509 1c00869e 0017c70b p.lbu            x14, 1(x15!)        x14=0000007a x15=1c000070 x15:1c00006f  PA:1c00006f
11377045ns          183525 1c0086a2 feb71ce3 bne              x14, x11, -8        x14:0000007a x11:00000075
11377105ns          183528 1c00869a 00070763 beq              x14, x0, 14         x14:0000007a
11377125ns          183529 1c00869c 00f00533 add              x10, x0, x15        x10=1c000070 x15:1c000070
11377145ns          183530 1c00869e 0017c70b p.lbu            x14, 1(x15!)        x14=00000000 x15=1c000071 x15:1c000070  PA:1c000070
11377463ns          183546 1c0086a2 feb71ce3 bne              x14, x11, -8        x14:00000000 x11:00000075
11377523ns          183549 1c00869a 00070763 beq              x14, x0, 14         x14:00000000
11377582ns          183552 1c0086a8 0015b593 sltiu            x11, x11, 1         x11=00000000 x11:00000075
11377602ns          183553 1c0086ac 40b005b3 sub              x11, x0, x11        x11=00000000 x11:00000000
11377622ns          183554 1c0086b0 00b57533 and              x10, x10, x11       x10=00000000 x10:1c000070 x11:00000000
11377642ns          183555 1c0086b2 00008067 jalr             x0, x1, 0            x1:1c008850
11377682ns          183557 1c008850 01300433 add              x8, x0, x19          x8=1c000040 x19:1c000040
11377702ns          183558 1c008852 00050563 beq              x10, x0, 10         x10:00000000
11377761ns          183561 1c00885c 06700693 addi             x13, x0, 103        x13=00000067
11377821ns          183564 1c008860 2896d963 bge              x13, x9, 658        x13:00000067  x9:00000075
11377861ns          183566 1c008864 07000693 addi             x13, x0, 112        x13=00000070
11377881ns          183567 1c008868 7cd48763 beq              x9, x13, 1998        x9:00000075 x13:00000070
11377901ns          183568 1c00886c 2e96d163 bge              x13, x9, 738        x13:00000070  x9:00000075
11378338ns          183590 1c008870 07500693 addi             x13, x0, 117        x13=00000075
11378378ns          183592 1c008874 12d484e3 beq              x9, x13, 2344        x9:00000075 x13:00000075
11378855ns          183616 1c00919c 000c2683 lw               x13, 0(x24)         x13=00000000 x24:100007d4  PA:100007d4
11379333ns          183640 1c0091a0 019007b3 add              x15, x0, x25        x15=1000069c x25:1000069c
11379353ns          183641 1c0091a2 004c0c13 addi             x24, x24, 4         x24=100007d8 x24:100007d4
11379372ns          183642 1c0091a4 00a00593 addi             x11, x0, 10         x11=0000000a
11379392ns          183643 1c0091a6 02b6f733 remu             x14, x13, x11       x14=00000000 x13:00000000 x11:0000000a
11380009ns          183674 1c0091aa 02b6d6b3 divu             x13, x13, x11       x13=00000000 x13:00000000 x11:0000000a
11380626ns          183705 1c0091ae 03070713 addi             x14, x14, 48        x14=00000030 x14:00000000
11380646ns          183706 1c0091b2 00e780ab p.sb             x14, 1(x15!)        x15=1000069d x14:00000030 x15:1000069c  PA:1000069c
11380665ns          183707 1c0091b6 fe0698e3 bne              x13, x0, -16        x13:00000000
11380685ns          183708 1c0091b8 419784b3 sub              x9, x15, x25         x9=00000001 x15:1000069d x25:1000069c
11380705ns          183709 1c0091bc 0144dd63 bge              x9, x20, 26          x9:00000001 x20:ffffffff
11381620ns          183755 1c0091d6 fe078fab p.sb             x0, -1(x15!)        x15=1000069c x15:1000069d  PA:1000069d
11381640ns          183756 1c0091da 00fcfd63 bgeu             x25, x15, 26        x25:1000069c x15:1000069c
11382555ns          183802 1c0091f4 0c800793 addi             x15, x0, 200        x15=000000c8
11382595ns          183804 1c0091f8 03fa2b63 p.beqimm         x20, 54             x20:ffffffff
11383967ns          183873 1c00922e 8497cfe3 blt              x15, x9, -1954      x15:000000c8  x9:00000001
11383987ns          183874 1c009232 00012623 sw               x0, 12(x2)           x2:10000678  PA:10000684
11384007ns          183875 1c009234 f54ff06f jal              x0, -2220          
11384465ns          183898 1c008988 0f24d163 bge              x9, x18, 226         x9:00000001 x18:00000000
11384604ns          183905 1c008a6a d00482e3 beq              x9, x0, -764         x9:00000001
11384624ns          183906 1c008a6e 01900933 add              x18, x0, x25        x18=1000069c x25:1000069c
11384644ns          183907 1c008a70 419d8db3 sub              x27, x27, x25       x27=effff985 x27:00000021 x25:1000069c
11384663ns          183908 1c008a74 00a0006f jal              x0, 10             
11384763ns          183913 1c008a7e 0019450b p.lbu            x10, 1(x18!)        x10=00000030 x18=1000069d x18:1000069c  PA:1000069c
11384783ns          183914 1c008a82 01a005b3 add              x11, x0, x26        x11=00000002 x26:00000002
11384803ns          183915 1c008a84 000b00e7 jalr             x1, x22, 0           x1=1c008a86 x22:1c0086b4
11384882ns          183919 1c0086b4 000026b7 lui              x13, 0x2000         x13=00002000
11384922ns          183921 1c0086b6 f14027f3 csrrs            x15, x0, 0xf14      x15=00000000
11384942ns          183922 1c0086ba f8068693 addi             x13, x13, -128      x13=00001f80 x13:00002000
11384962ns          183923 1c0086be 00379713 slli             x14, x15, 0x3       x14=00000000 x15:00000000
11384982ns          183924 1c0086c2 00279793 slli             x15, x15, 0x2       x15=00000000 x15:00000000
11385002ns          183925 1c0086c4 00d7f7b3 and              x15, x15, x13       x15=00000000 x15:00000000 x13:00001f80
11385021ns          183926 1c0086c6 ee873733 p.bclr           x14, x14, 23, 8     x14=00000000 x14:00000000
11385041ns          183927 1c0086ca 1a10f6b7 lui              x13, 0x1a10f000     x13=1a10f000
11385081ns          183929 1c0086ce 0ff57513 andi             x10, x10, 255       x10=00000030 x10:00000030
11385101ns          183930 1c0086d2 00d70733 add              x14, x14, x13       x14=1a10f000 x14:00000000 x13:1a10f000
11385121ns          183931 1c0086d4 00a7e723 p.sw             x10, x0(x15)        x10:00000030 x15:00000000  PA:1a10f000
11385439ns          183947 1c0086d8 00000513 addi             x10, x0, 0          x10=00000000
11385459ns          183948 1c0086da 00008067 jalr             x0, x1, 0            x1:1c008a86
11385499ns          183950 1c008a86 fff48493 addi             x9, x9, -1           x9=00000000  x9:00000001
11385519ns          183951 1c008a88 fff537e3 p.bneimm         x10, -18            x10:00000000
11385658ns          183958 1c008a76 012d8733 add              x14, x27, x18       x14=00000022 x27:effff985 x18:1000069d
11385678ns          183959 1c008a7a 5a048b63 beq              x9, x0, 1462         x9:00000000
11385777ns          183964 1c009030 00e00db3 add              x27, x0, x14        x27=00000022 x14:00000022
11385817ns          183966 1c009032 f3cff06f jal              x0, -2244          
11385936ns          183972 1c00876e 00044503 lbu              x10, 0(x8)          x10=00000020  x8:1c000040  PA:1c000040
11386235ns          183987 1c008772 00140413 addi             x8, x8, 1            x8=1c000041  x8:1c000040
11386255ns          183988 1c008774 00050e63 beq              x10, x0, 28         x10:00000020
11386275ns          183989 1c008776 02500793 addi             x15, x0, 37         x15=00000025
11386294ns          183990 1c00877a 04f50863 beq              x10, x15, 80        x10:00000020 x15:00000025
11386314ns          183991 1c00877e 01a005b3 add              x11, x0, x26        x11=00000002 x26:00000002
11386334ns          183992 1c008780 000b00e7 jalr             x1, x22, 0           x1=1c008782 x22:1c0086b4
11386414ns          183996 1c0086b4 000026b7 lui              x13, 0x2000         x13=00002000
11386454ns          183998 1c0086b6 f14027f3 csrrs            x15, x0, 0xf14      x15=00000000
11386473ns          183999 1c0086ba f8068693 addi             x13, x13, -128      x13=00001f80 x13:00002000
11386493ns          184000 1c0086be 00379713 slli             x14, x15, 0x3       x14=00000000 x15:00000000
11386513ns          184001 1c0086c2 00279793 slli             x15, x15, 0x2       x15=00000000 x15:00000000
11386533ns          184002 1c0086c4 00d7f7b3 and              x15, x15, x13       x15=00000000 x15:00000000 x13:00001f80
11386553ns          184003 1c0086c6 ee873733 p.bclr           x14, x14, 23, 8     x14=00000000 x14:00000000
11386573ns          184004 1c0086ca 1a10f6b7 lui              x13, 0x1a10f000     x13=1a10f000
11386593ns          184005 1c0086ce 0ff57513 andi             x10, x10, 255       x10=00000020 x10:00000020
11386613ns          184006 1c0086d2 00d70733 add              x14, x14, x13       x14=1a10f000 x14:00000000 x13:1a10f000
11386633ns          184007 1c0086d4 00a7e723 p.sw             x10, x0(x15)        x10:00000020 x15:00000000  PA:1a10f000
11386951ns          184023 1c0086d8 00000513 addi             x10, x0, 0          x10=00000000
11386971ns          184024 1c0086da 00008067 jalr             x0, x1, 0            x1:1c008782
11387030ns          184027 1c008782 31f52563 p.beqimm         x10, 778            x10:00000000
11387050ns          184028 1c008786 001d8d93 addi             x27, x27, 1         x27=00000023 x27:00000022
11387070ns          184029 1c008788 00044503 lbu              x10, 0(x8)          x10=00000063  x8:1c000041  PA:1c000041
11387369ns          184044 1c00878c 00140413 addi             x8, x8, 1            x8=1c000042  x8:1c000041
11387388ns          184045 1c00878e fe0514e3 bne              x10, x0, -24        x10:00000063
11387468ns          184049 1c008776 02500793 addi             x15, x0, 37         x15=00000025
11387488ns          184050 1c00877a 04f50863 beq              x10, x15, 80        x10:00000063 x15:00000025
11387508ns          184051 1c00877e 01a005b3 add              x11, x0, x26        x11=00000002 x26:00000002
11387528ns          184052 1c008780 000b00e7 jalr             x1, x22, 0           x1=1c008782 x22:1c0086b4
11387567ns          184054 1c0086b4 000026b7 lui              x13, 0x2000         x13=00002000
11387587ns          184055 1c0086b6 f14027f3 csrrs            x15, x0, 0xf14      x15=00000000
11387607ns          184056 1c0086ba f8068693 addi             x13, x13, -128      x13=00001f80 x13:00002000
11387627ns          184057 1c0086be 00379713 slli             x14, x15, 0x3       x14=00000000 x15:00000000
11387647ns          184058 1c0086c2 00279793 slli             x15, x15, 0x2       x15=00000000 x15:00000000
11387667ns          184059 1c0086c4 00d7f7b3 and              x15, x15, x13       x15=00000000 x15:00000000 x13:00001f80
11387687ns          184060 1c0086c6 ee873733 p.bclr           x14, x14, 23, 8     x14=00000000 x14:00000000
11387707ns          184061 1c0086ca 1a10f6b7 lui              x13, 0x1a10f000     x13=1a10f000
11387727ns          184062 1c0086ce 0ff57513 andi             x10, x10, 255       x10=00000063 x10:00000063
11387747ns          184063 1c0086d2 00d70733 add              x14, x14, x13       x14=1a10f000 x14:00000000 x13:1a10f000
11387766ns          184064 1c0086d4 00a7e723 p.sw             x10, x0(x15)        x10:00000063 x15:00000000  PA:1a10f000
11388085ns          184080 1c0086d8 00000513 addi             x10, x0, 0          x10=00000000
11388105ns          184081 1c0086da 00008067 jalr             x0, x1, 0            x1:1c008782
11388164ns          184084 1c008782 31f52563 p.beqimm         x10, 778            x10:00000000
11388184ns          184085 1c008786 001d8d93 addi             x27, x27, 1         x27=00000024 x27:00000023
11388204ns          184086 1c008788 00044503 lbu              x10, 0(x8)          x10=00000079  x8:1c000042  PA:1c000042
11388502ns          184101 1c00878c 00140413 addi             x8, x8, 1            x8=1c000043  x8:1c000042
11388522ns          184102 1c00878e fe0514e3 bne              x10, x0, -24        x10:00000079
11388602ns          184106 1c008776 02500793 addi             x15, x0, 37         x15=00000025
11388622ns          184107 1c00877a 04f50863 beq              x10, x15, 80        x10:00000079 x15:00000025
11388642ns          184108 1c00877e 01a005b3 add              x11, x0, x26        x11=00000002 x26:00000002
11388661ns          184109 1c008780 000b00e7 jalr             x1, x22, 0           x1=1c008782 x22:1c0086b4
11388701ns          184111 1c0086b4 000026b7 lui              x13, 0x2000         x13=00002000
11388721ns          184112 1c0086b6 f14027f3 csrrs            x15, x0, 0xf14      x15=00000000
11388741ns          184113 1c0086ba f8068693 addi             x13, x13, -128      x13=00001f80 x13:00002000
11388761ns          184114 1c0086be 00379713 slli             x14, x15, 0x3       x14=00000000 x15:00000000
11388781ns          184115 1c0086c2 00279793 slli             x15, x15, 0x2       x15=00000000 x15:00000000
11388801ns          184116 1c0086c4 00d7f7b3 and              x15, x15, x13       x15=00000000 x15:00000000 x13:00001f80
11388821ns          184117 1c0086c6 ee873733 p.bclr           x14, x14, 23, 8     x14=00000000 x14:00000000
11388840ns          184118 1c0086ca 1a10f6b7 lui              x13, 0x1a10f000     x13=1a10f000
11388860ns          184119 1c0086ce 0ff57513 andi             x10, x10, 255       x10=00000079 x10:00000079
11388880ns          184120 1c0086d2 00d70733 add              x14, x14, x13       x14=1a10f000 x14:00000000 x13:1a10f000
11388900ns          184121 1c0086d4 00a7e723 p.sw             x10, x0(x15)        x10:00000079 x15:00000000  PA:1a10f000
11389218ns          184137 1c0086d8 00000513 addi             x10, x0, 0          x10=00000000
11389238ns          184138 1c0086da 00008067 jalr             x0, x1, 0            x1:1c008782
11389298ns          184141 1c008782 31f52563 p.beqimm         x10, 778            x10:00000000
11389318ns          184142 1c008786 001d8d93 addi             x27, x27, 1         x27=00000025 x27:00000024
11389338ns          184143 1c008788 00044503 lbu              x10, 0(x8)          x10=00000063  x8:1c000043  PA:1c000043
11389636ns          184158 1c00878c 00140413 addi             x8, x8, 1            x8=1c000044  x8:1c000043
11389656ns          184159 1c00878e fe0514e3 bne              x10, x0, -24        x10:00000063
11389736ns          184163 1c008776 02500793 addi             x15, x0, 37         x15=00000025
11389755ns          184164 1c00877a 04f50863 beq              x10, x15, 80        x10:00000063 x15:00000025
11389775ns          184165 1c00877e 01a005b3 add              x11, x0, x26        x11=00000002 x26:00000002
11389795ns          184166 1c008780 000b00e7 jalr             x1, x22, 0           x1=1c008782 x22:1c0086b4
11389835ns          184168 1c0086b4 000026b7 lui              x13, 0x2000         x13=00002000
11389855ns          184169 1c0086b6 f14027f3 csrrs            x15, x0, 0xf14      x15=00000000
11389875ns          184170 1c0086ba f8068693 addi             x13, x13, -128      x13=00001f80 x13:00002000
11389895ns          184171 1c0086be 00379713 slli             x14, x15, 0x3       x14=00000000 x15:00000000
11389915ns          184172 1c0086c2 00279793 slli             x15, x15, 0x2       x15=00000000 x15:00000000
11389934ns          184173 1c0086c4 00d7f7b3 and              x15, x15, x13       x15=00000000 x15:00000000 x13:00001f80
11389954ns          184174 1c0086c6 ee873733 p.bclr           x14, x14, 23, 8     x14=00000000 x14:00000000
11389974ns          184175 1c0086ca 1a10f6b7 lui              x13, 0x1a10f000     x13=1a10f000
11389994ns          184176 1c0086ce 0ff57513 andi             x10, x10, 255       x10=00000063 x10:00000063
11390014ns          184177 1c0086d2 00d70733 add              x14, x14, x13       x14=1a10f000 x14:00000000 x13:1a10f000
11390034ns          184178 1c0086d4 00a7e723 p.sw             x10, x0(x15)        x10:00000063 x15:00000000  PA:1a10f000
11390352ns          184194 1c0086d8 00000513 addi             x10, x0, 0          x10=00000000
11390372ns          184195 1c0086da 00008067 jalr             x0, x1, 0            x1:1c008782
11390432ns          184198 1c008782 31f52563 p.beqimm         x10, 778            x10:00000000
11390452ns          184199 1c008786 001d8d93 addi             x27, x27, 1         x27=00000026 x27:00000025
11390472ns          184200 1c008788 00044503 lbu              x10, 0(x8)          x10=0000006c  x8:1c000044  PA:1c000044
11390790ns          184216 1c00878c 00140413 addi             x8, x8, 1            x8=1c000045  x8:1c000044
11390810ns          184217 1c00878e fe0514e3 bne              x10, x0, -24        x10:0000006c
11390889ns          184221 1c008776 02500793 addi             x15, x0, 37         x15=00000025
11390909ns          184222 1c00877a 04f50863 beq              x10, x15, 80        x10:0000006c x15:00000025
11390929ns          184223 1c00877e 01a005b3 add              x11, x0, x26        x11=00000002 x26:00000002
11390949ns          184224 1c008780 000b00e7 jalr             x1, x22, 0           x1=1c008782 x22:1c0086b4
11390989ns          184226 1c0086b4 000026b7 lui              x13, 0x2000         x13=00002000
11391009ns          184227 1c0086b6 f14027f3 csrrs            x15, x0, 0xf14      x15=00000000
11391028ns          184228 1c0086ba f8068693 addi             x13, x13, -128      x13=00001f80 x13:00002000
11391048ns          184229 1c0086be 00379713 slli             x14, x15, 0x3       x14=00000000 x15:00000000
11391068ns          184230 1c0086c2 00279793 slli             x15, x15, 0x2       x15=00000000 x15:00000000
11391088ns          184231 1c0086c4 00d7f7b3 and              x15, x15, x13       x15=00000000 x15:00000000 x13:00001f80
11391108ns          184232 1c0086c6 ee873733 p.bclr           x14, x14, 23, 8     x14=00000000 x14:00000000
11391128ns          184233 1c0086ca 1a10f6b7 lui              x13, 0x1a10f000     x13=1a10f000
11391148ns          184234 1c0086ce 0ff57513 andi             x10, x10, 255       x10=0000006c x10:0000006c
11391168ns          184235 1c0086d2 00d70733 add              x14, x14, x13       x14=1a10f000 x14:00000000 x13:1a10f000
11391188ns          184236 1c0086d4 00a7e723 p.sw             x10, x0(x15)        x10:0000006c x15:00000000  PA:1a10f000
11391506ns          184252 1c0086d8 00000513 addi             x10, x0, 0          x10=00000000
11391526ns          184253 1c0086da 00008067 jalr             x0, x1, 0            x1:1c008782
11391585ns          184256 1c008782 31f52563 p.beqimm         x10, 778            x10:00000000
11391605ns          184257 1c008786 001d8d93 addi             x27, x27, 1         x27=00000027 x27:00000026
11391625ns          184258 1c008788 00044503 lbu              x10, 0(x8)          x10=00000065  x8:1c000045  PA:1c000045
11391924ns          184273 1c00878c 00140413 addi             x8, x8, 1            x8=1c000046  x8:1c000045
11391943ns          184274 1c00878e fe0514e3 bne              x10, x0, -24        x10:00000065
11392023ns          184278 1c008776 02500793 addi             x15, x0, 37         x15=00000025
11392043ns          184279 1c00877a 04f50863 beq              x10, x15, 80        x10:00000065 x15:00000025
11392063ns          184280 1c00877e 01a005b3 add              x11, x0, x26        x11=00000002 x26:00000002
11392083ns          184281 1c008780 000b00e7 jalr             x1, x22, 0           x1=1c008782 x22:1c0086b4
11392122ns          184283 1c0086b4 000026b7 lui              x13, 0x2000         x13=00002000
11392142ns          184284 1c0086b6 f14027f3 csrrs            x15, x0, 0xf14      x15=00000000
11392162ns          184285 1c0086ba f8068693 addi             x13, x13, -128      x13=00001f80 x13:00002000
11392182ns          184286 1c0086be 00379713 slli             x14, x15, 0x3       x14=00000000 x15:00000000
11392202ns          184287 1c0086c2 00279793 slli             x15, x15, 0x2       x15=00000000 x15:00000000
11392222ns          184288 1c0086c4 00d7f7b3 and              x15, x15, x13       x15=00000000 x15:00000000 x13:00001f80
11392242ns          184289 1c0086c6 ee873733 p.bclr           x14, x14, 23, 8     x14=00000000 x14:00000000
11392262ns          184290 1c0086ca 1a10f6b7 lui              x13, 0x1a10f000     x13=1a10f000
11392282ns          184291 1c0086ce 0ff57513 andi             x10, x10, 255       x10=00000065 x10:00000065
11392301ns          184292 1c0086d2 00d70733 add              x14, x14, x13       x14=1a10f000 x14:00000000 x13:1a10f000
11392321ns          184293 1c0086d4 00a7e723 p.sw             x10, x0(x15)        x10:00000065 x15:00000000  PA:1a10f000
11392660ns          184310 1c0086d8 00000513 addi             x10, x0, 0          x10=00000000
11392679ns          184311 1c0086da 00008067 jalr             x0, x1, 0            x1:1c008782
11392739ns          184314 1c008782 31f52563 p.beqimm         x10, 778            x10:00000000
11392759ns          184315 1c008786 001d8d93 addi             x27, x27, 1         x27=00000028 x27:00000027
11392779ns          184316 1c008788 00044503 lbu              x10, 0(x8)          x10=00000073  x8:1c000046  PA:1c000046
11393077ns          184331 1c00878c 00140413 addi             x8, x8, 1            x8=1c000047  x8:1c000046
11393097ns          184332 1c00878e fe0514e3 bne              x10, x0, -24        x10:00000073
11393177ns          184336 1c008776 02500793 addi             x15, x0, 37         x15=00000025
11393197ns          184337 1c00877a 04f50863 beq              x10, x15, 80        x10:00000073 x15:00000025
11393216ns          184338 1c00877e 01a005b3 add              x11, x0, x26        x11=00000002 x26:00000002
11393236ns          184339 1c008780 000b00e7 jalr             x1, x22, 0           x1=1c008782 x22:1c0086b4
11393276ns          184341 1c0086b4 000026b7 lui              x13, 0x2000         x13=00002000
11393296ns          184342 1c0086b6 f14027f3 csrrs            x15, x0, 0xf14      x15=00000000
11393316ns          184343 1c0086ba f8068693 addi             x13, x13, -128      x13=00001f80 x13:00002000
11393336ns          184344 1c0086be 00379713 slli             x14, x15, 0x3       x14=00000000 x15:00000000
11393356ns          184345 1c0086c2 00279793 slli             x15, x15, 0x2       x15=00000000 x15:00000000
11393376ns          184346 1c0086c4 00d7f7b3 and              x15, x15, x13       x15=00000000 x15:00000000 x13:00001f80
11393395ns          184347 1c0086c6 ee873733 p.bclr           x14, x14, 23, 8     x14=00000000 x14:00000000
11393415ns          184348 1c0086ca 1a10f6b7 lui              x13, 0x1a10f000     x13=1a10f000
11393435ns          184349 1c0086ce 0ff57513 andi             x10, x10, 255       x10=00000073 x10:00000073
11393455ns          184350 1c0086d2 00d70733 add              x14, x14, x13       x14=1a10f000 x14:00000000 x13:1a10f000
11393475ns          184351 1c0086d4 00a7e723 p.sw             x10, x0(x15)        x10:00000073 x15:00000000  PA:1a10f000
11393793ns          184367 1c0086d8 00000513 addi             x10, x0, 0          x10=00000000
11393813ns          184368 1c0086da 00008067 jalr             x0, x1, 0            x1:1c008782
11393873ns          184371 1c008782 31f52563 p.beqimm         x10, 778            x10:00000000
11393893ns          184372 1c008786 001d8d93 addi             x27, x27, 1         x27=00000029 x27:00000028
11393913ns          184373 1c008788 00044503 lbu              x10, 0(x8)          x10=00000020  x8:1c000047  PA:1c000047
11394211ns          184388 1c00878c 00140413 addi             x8, x8, 1            x8=1c000048  x8:1c000047
11394231ns          184389 1c00878e fe0514e3 bne              x10, x0, -24        x10:00000020
11394310ns          184393 1c008776 02500793 addi             x15, x0, 37         x15=00000025
11394330ns          184394 1c00877a 04f50863 beq              x10, x15, 80        x10:00000020 x15:00000025
11394350ns          184395 1c00877e 01a005b3 add              x11, x0, x26        x11=00000002 x26:00000002
11394370ns          184396 1c008780 000b00e7 jalr             x1, x22, 0           x1=1c008782 x22:1c0086b4
11394410ns          184398 1c0086b4 000026b7 lui              x13, 0x2000         x13=00002000
11394430ns          184399 1c0086b6 f14027f3 csrrs            x15, x0, 0xf14      x15=00000000
11394450ns          184400 1c0086ba f8068693 addi             x13, x13, -128      x13=00001f80 x13:00002000
11394470ns          184401 1c0086be 00379713 slli             x14, x15, 0x3       x14=00000000 x15:00000000
11394489ns          184402 1c0086c2 00279793 slli             x15, x15, 0x2       x15=00000000 x15:00000000
11394509ns          184403 1c0086c4 00d7f7b3 and              x15, x15, x13       x15=00000000 x15:00000000 x13:00001f80
11394529ns          184404 1c0086c6 ee873733 p.bclr           x14, x14, 23, 8     x14=00000000 x14:00000000
11394549ns          184405 1c0086ca 1a10f6b7 lui              x13, 0x1a10f000     x13=1a10f000
11394569ns          184406 1c0086ce 0ff57513 andi             x10, x10, 255       x10=00000020 x10:00000020
11394589ns          184407 1c0086d2 00d70733 add              x14, x14, x13       x14=1a10f000 x14:00000000 x13:1a10f000
11394609ns          184408 1c0086d4 00a7e723 p.sw             x10, x0(x15)        x10:00000020 x15:00000000  PA:1a10f000
11394927ns          184424 1c0086d8 00000513 addi             x10, x0, 0          x10=00000000
11394947ns          184425 1c0086da 00008067 jalr             x0, x1, 0            x1:1c008782
11395007ns          184428 1c008782 31f52563 p.beqimm         x10, 778            x10:00000000
11395027ns          184429 1c008786 001d8d93 addi             x27, x27, 1         x27=0000002a x27:00000029
11395046ns          184430 1c008788 00044503 lbu              x10, 0(x8)          x10=00000028  x8:1c000048  PA:1c000048
11395365ns          184446 1c00878c 00140413 addi             x8, x8, 1            x8=1c000049  x8:1c000048
11395385ns          184447 1c00878e fe0514e3 bne              x10, x0, -24        x10:00000028
11395464ns          184451 1c008776 02500793 addi             x15, x0, 37         x15=00000025
11395484ns          184452 1c00877a 04f50863 beq              x10, x15, 80        x10:00000028 x15:00000025
11395504ns          184453 1c00877e 01a005b3 add              x11, x0, x26        x11=00000002 x26:00000002
11395524ns          184454 1c008780 000b00e7 jalr             x1, x22, 0           x1=1c008782 x22:1c0086b4
11395564ns          184456 1c0086b4 000026b7 lui              x13, 0x2000         x13=00002000
11395583ns          184457 1c0086b6 f14027f3 csrrs            x15, x0, 0xf14      x15=00000000
11395603ns          184458 1c0086ba f8068693 addi             x13, x13, -128      x13=00001f80 x13:00002000
11395623ns          184459 1c0086be 00379713 slli             x14, x15, 0x3       x14=00000000 x15:00000000
11395643ns          184460 1c0086c2 00279793 slli             x15, x15, 0x2       x15=00000000 x15:00000000
11395663ns          184461 1c0086c4 00d7f7b3 and              x15, x15, x13       x15=00000000 x15:00000000 x13:00001f80
11395683ns          184462 1c0086c6 ee873733 p.bclr           x14, x14, 23, 8     x14=00000000 x14:00000000
11395703ns          184463 1c0086ca 1a10f6b7 lui              x13, 0x1a10f000     x13=1a10f000
11395723ns          184464 1c0086ce 0ff57513 andi             x10, x10, 255       x10=00000028 x10:00000028
11395743ns          184465 1c0086d2 00d70733 add              x14, x14, x13       x14=1a10f000 x14:00000000 x13:1a10f000
11395762ns          184466 1c0086d4 00a7e723 p.sw             x10, x0(x15)        x10:00000028 x15:00000000  PA:1a10f000
11396081ns          184482 1c0086d8 00000513 addi             x10, x0, 0          x10=00000000
11396101ns          184483 1c0086da 00008067 jalr             x0, x1, 0            x1:1c008782
11396160ns          184486 1c008782 31f52563 p.beqimm         x10, 778            x10:00000000
11396180ns          184487 1c008786 001d8d93 addi             x27, x27, 1         x27=0000002b x27:0000002a
11396200ns          184488 1c008788 00044503 lbu              x10, 0(x8)          x10=00000061  x8:1c000049  PA:1c000049
11396498ns          184503 1c00878c 00140413 addi             x8, x8, 1            x8=1c00004a  x8:1c000049
11396518ns          184504 1c00878e fe0514e3 bne              x10, x0, -24        x10:00000061
11396598ns          184508 1c008776 02500793 addi             x15, x0, 37         x15=00000025
11396618ns          184509 1c00877a 04f50863 beq              x10, x15, 80        x10:00000061 x15:00000025
11396638ns          184510 1c00877e 01a005b3 add              x11, x0, x26        x11=00000002 x26:00000002
11396658ns          184511 1c008780 000b00e7 jalr             x1, x22, 0           x1=1c008782 x22:1c0086b4
11396697ns          184513 1c0086b4 000026b7 lui              x13, 0x2000         x13=00002000
11396717ns          184514 1c0086b6 f14027f3 csrrs            x15, x0, 0xf14      x15=00000000
11396737ns          184515 1c0086ba f8068693 addi             x13, x13, -128      x13=00001f80 x13:00002000
11396757ns          184516 1c0086be 00379713 slli             x14, x15, 0x3       x14=00000000 x15:00000000
11396777ns          184517 1c0086c2 00279793 slli             x15, x15, 0x2       x15=00000000 x15:00000000
11396797ns          184518 1c0086c4 00d7f7b3 and              x15, x15, x13       x15=00000000 x15:00000000 x13:00001f80
11396817ns          184519 1c0086c6 ee873733 p.bclr           x14, x14, 23, 8     x14=00000000 x14:00000000
11396837ns          184520 1c0086ca 1a10f6b7 lui              x13, 0x1a10f000     x13=1a10f000
11396856ns          184521 1c0086ce 0ff57513 andi             x10, x10, 255       x10=00000061 x10:00000061
11396876ns          184522 1c0086d2 00d70733 add              x14, x14, x13       x14=1a10f000 x14:00000000 x13:1a10f000
11396896ns          184523 1c0086d4 00a7e723 p.sw             x10, x0(x15)        x10:00000061 x15:00000000  PA:1a10f000
11397215ns          184539 1c0086d8 00000513 addi             x10, x0, 0          x10=00000000
11397234ns          184540 1c0086da 00008067 jalr             x0, x1, 0            x1:1c008782
11397294ns          184543 1c008782 31f52563 p.beqimm         x10, 778            x10:00000000
11397314ns          184544 1c008786 001d8d93 addi             x27, x27, 1         x27=0000002c x27:0000002b
11397334ns          184545 1c008788 00044503 lbu              x10, 0(x8)          x10=00000076  x8:1c00004a  PA:1c00004a
11397632ns          184560 1c00878c 00140413 addi             x8, x8, 1            x8=1c00004b  x8:1c00004a
11397652ns          184561 1c00878e fe0514e3 bne              x10, x0, -24        x10:00000076
11397732ns          184565 1c008776 02500793 addi             x15, x0, 37         x15=00000025
11397752ns          184566 1c00877a 04f50863 beq              x10, x15, 80        x10:00000076 x15:00000025
11397771ns          184567 1c00877e 01a005b3 add              x11, x0, x26        x11=00000002 x26:00000002
11397791ns          184568 1c008780 000b00e7 jalr             x1, x22, 0           x1=1c008782 x22:1c0086b4
11397831ns          184570 1c0086b4 000026b7 lui              x13, 0x2000         x13=00002000
11397851ns          184571 1c0086b6 f14027f3 csrrs            x15, x0, 0xf14      x15=00000000
11397871ns          184572 1c0086ba f8068693 addi             x13, x13, -128      x13=00001f80 x13:00002000
11397891ns          184573 1c0086be 00379713 slli             x14, x15, 0x3       x14=00000000 x15:00000000
11397911ns          184574 1c0086c2 00279793 slli             x15, x15, 0x2       x15=00000000 x15:00000000
11397931ns          184575 1c0086c4 00d7f7b3 and              x15, x15, x13       x15=00000000 x15:00000000 x13:00001f80
11397950ns          184576 1c0086c6 ee873733 p.bclr           x14, x14, 23, 8     x14=00000000 x14:00000000
11397970ns          184577 1c0086ca 1a10f6b7 lui              x13, 0x1a10f000     x13=1a10f000
11397990ns          184578 1c0086ce 0ff57513 andi             x10, x10, 255       x10=00000076 x10:00000076
11398010ns          184579 1c0086d2 00d70733 add              x14, x14, x13       x14=1a10f000 x14:00000000 x13:1a10f000
11398030ns          184580 1c0086d4 00a7e723 p.sw             x10, x0(x15)        x10:00000076 x15:00000000  PA:1a10f000
11398348ns          184596 1c0086d8 00000513 addi             x10, x0, 0          x10=00000000
11398368ns          184597 1c0086da 00008067 jalr             x0, x1, 0            x1:1c008782
11398428ns          184600 1c008782 31f52563 p.beqimm         x10, 778            x10:00000000
11398448ns          184601 1c008786 001d8d93 addi             x27, x27, 1         x27=0000002d x27:0000002c
11398468ns          184602 1c008788 00044503 lbu              x10, 0(x8)          x10=00000067  x8:1c00004b  PA:1c00004b
11398786ns          184618 1c00878c 00140413 addi             x8, x8, 1            x8=1c00004c  x8:1c00004b
11398806ns          184619 1c00878e fe0514e3 bne              x10, x0, -24        x10:00000067
11398885ns          184623 1c008776 02500793 addi             x15, x0, 37         x15=00000025
11398905ns          184624 1c00877a 04f50863 beq              x10, x15, 80        x10:00000067 x15:00000025
11398925ns          184625 1c00877e 01a005b3 add              x11, x0, x26        x11=00000002 x26:00000002
11398945ns          184626 1c008780 000b00e7 jalr             x1, x22, 0           x1=1c008782 x22:1c0086b4
11398985ns          184628 1c0086b4 000026b7 lui              x13, 0x2000         x13=00002000
11399005ns          184629 1c0086b6 f14027f3 csrrs            x15, x0, 0xf14      x15=00000000
11399025ns          184630 1c0086ba f8068693 addi             x13, x13, -128      x13=00001f80 x13:00002000
11399044ns          184631 1c0086be 00379713 slli             x14, x15, 0x3       x14=00000000 x15:00000000
11399064ns          184632 1c0086c2 00279793 slli             x15, x15, 0x2       x15=00000000 x15:00000000
11399084ns          184633 1c0086c4 00d7f7b3 and              x15, x15, x13       x15=00000000 x15:00000000 x13:00001f80
11399104ns          184634 1c0086c6 ee873733 p.bclr           x14, x14, 23, 8     x14=00000000 x14:00000000
11399124ns          184635 1c0086ca 1a10f6b7 lui              x13, 0x1a10f000     x13=1a10f000
11399144ns          184636 1c0086ce 0ff57513 andi             x10, x10, 255       x10=00000067 x10:00000067
11399164ns          184637 1c0086d2 00d70733 add              x14, x14, x13       x14=1a10f000 x14:00000000 x13:1a10f000
11399184ns          184638 1c0086d4 00a7e723 p.sw             x10, x0(x15)        x10:00000067 x15:00000000  PA:1a10f000
11399502ns          184654 1c0086d8 00000513 addi             x10, x0, 0          x10=00000000
11399522ns          184655 1c0086da 00008067 jalr             x0, x1, 0            x1:1c008782
11399582ns          184658 1c008782 31f52563 p.beqimm         x10, 778            x10:00000000
11399601ns          184659 1c008786 001d8d93 addi             x27, x27, 1         x27=0000002e x27:0000002d
11399621ns          184660 1c008788 00044503 lbu              x10, 0(x8)          x10=00000020  x8:1c00004c  PA:1c00004c
11399920ns          184675 1c00878c 00140413 addi             x8, x8, 1            x8=1c00004d  x8:1c00004c
11399940ns          184676 1c00878e fe0514e3 bne              x10, x0, -24        x10:00000020
11400019ns          184680 1c008776 02500793 addi             x15, x0, 37         x15=00000025
11400039ns          184681 1c00877a 04f50863 beq              x10, x15, 80        x10:00000020 x15:00000025
11400059ns          184682 1c00877e 01a005b3 add              x11, x0, x26        x11=00000002 x26:00000002
11400079ns          184683 1c008780 000b00e7 jalr             x1, x22, 0           x1=1c008782 x22:1c0086b4
11400119ns          184685 1c0086b4 000026b7 lui              x13, 0x2000         x13=00002000
11400138ns          184686 1c0086b6 f14027f3 csrrs            x15, x0, 0xf14      x15=00000000
11400158ns          184687 1c0086ba f8068693 addi             x13, x13, -128      x13=00001f80 x13:00002000
11400178ns          184688 1c0086be 00379713 slli             x14, x15, 0x3       x14=00000000 x15:00000000
11400198ns          184689 1c0086c2 00279793 slli             x15, x15, 0x2       x15=00000000 x15:00000000
11400218ns          184690 1c0086c4 00d7f7b3 and              x15, x15, x13       x15=00000000 x15:00000000 x13:00001f80
11400238ns          184691 1c0086c6 ee873733 p.bclr           x14, x14, 23, 8     x14=00000000 x14:00000000
11400258ns          184692 1c0086ca 1a10f6b7 lui              x13, 0x1a10f000     x13=1a10f000
11400278ns          184693 1c0086ce 0ff57513 andi             x10, x10, 255       x10=00000020 x10:00000020
11400298ns          184694 1c0086d2 00d70733 add              x14, x14, x13       x14=1a10f000 x14:00000000 x13:1a10f000
11400317ns          184695 1c0086d4 00a7e723 p.sw             x10, x0(x15)        x10:00000020 x15:00000000  PA:1a10f000
11400656ns          184712 1c0086d8 00000513 addi             x10, x0, 0          x10=00000000
11400675ns          184713 1c0086da 00008067 jalr             x0, x1, 0            x1:1c008782
11400735ns          184716 1c008782 31f52563 p.beqimm         x10, 778            x10:00000000
11400755ns          184717 1c008786 001d8d93 addi             x27, x27, 1         x27=0000002f x27:0000002e
11400775ns          184718 1c008788 00044503 lbu              x10, 0(x8)          x10=00000025  x8:1c00004d  PA:1c00004d
11401073ns          184733 1c00878c 00140413 addi             x8, x8, 1            x8=1c00004e  x8:1c00004d
11401093ns          184734 1c00878e fe0514e3 bne              x10, x0, -24        x10:00000025
11401173ns          184738 1c008776 02500793 addi             x15, x0, 37         x15=00000025
11401193ns          184739 1c00877a 04f50863 beq              x10, x15, 80        x10:00000025 x15:00000025
11401272ns          184743 1c0087ca 00044483 lbu              x9, 0(x8)            x9=00000075  x8:1c00004e  PA:1c00004e
11401590ns          184759 1c0087ce 02000693 addi             x13, x0, 32         x13=00000020
11401610ns          184760 1c0087d2 00140a93 addi             x21, x8, 1          x21=1c00004f  x8:1c00004e
11401630ns          184761 1c0087d6 009005b3 add              x11, x0, x9         x11=00000075  x9:00000075
11401650ns          184762 1c0087d8 064b8513 addi             x10, x23, 100       x10=1c000064 x23:1c000000
11401670ns          184763 1c0087dc 00d12823 sw               x13, 16(x2)         x13:00000020  x2:10000678  PA:10000688
11401690ns          184764 1c0087de 00012c23 sw               x0, 24(x2)           x2:10000678  PA:10000690
11401710ns          184765 1c0087e0 00012a23 sw               x0, 20(x2)           x2:10000678  PA:1000068c
11401730ns          184766 1c0087e2 00012e23 sw               x0, 28(x2)           x2:10000678  PA:10000694
11401750ns          184767 1c0087e4 00012623 sw               x0, 12(x2)           x2:10000678  PA:10000684
11401769ns          184768 1c0087e6 02300913 addi             x18, x0, 35         x18=00000023
11401789ns          184769 1c0087ea 02d00a13 addi             x20, x0, 45         x20=0000002d
11401809ns          184770 1c0087ee 015009b3 add              x19, x0, x21        x19=1c00004f x21:1c00004f
11401829ns          184771 1c0087f0 e97ff0ef jal              x1, -362             x1=1c0087f2
11401889ns          184774 1c008686 00054783 lbu              x15, 0(x10)         x15=0000002d x10:1c000064  PA:1c000064
11402207ns          184790 1c00868a 0ff5f593 andi             x11, x11, 255       x11=00000075 x11:00000075
11402227ns          184791 1c00868e 00b78c63 beq              x15, x11, 24        x15:0000002d x11:00000075
11402247ns          184792 1c008692 00078b63 beq              x15, x0, 22         x15:0000002d
11402267ns          184793 1c008694 00150793 addi             x15, x10, 1         x15=1c000065 x10:1c000064
11402287ns          184794 1c008698 0040006f jal              x0, 4              
11402326ns          184796 1c00869c 00f00533 add              x10, x0, x15        x10=1c000065 x15:1c000065
11402346ns          184797 1c00869e 0017c70b p.lbu            x14, 1(x15!)        x14=0000002b x15=1c000066 x15:1c000065  PA:1c000065
11402665ns          184813 1c0086a2 feb71ce3 bne              x14, x11, -8        x14:0000002b x11:00000075
11402724ns          184816 1c00869a 00070763 beq              x14, x0, 14         x14:0000002b
11402744ns          184817 1c00869c 00f00533 add              x10, x0, x15        x10=1c000066 x15:1c000066
11402764ns          184818 1c00869e 0017c70b p.lbu            x14, 1(x15!)        x14=00000020 x15=1c000067 x15:1c000066  PA:1c000066
11403082ns          184834 1c0086a2 feb71ce3 bne              x14, x11, -8        x14:00000020 x11:00000075
11403142ns          184837 1c00869a 00070763 beq              x14, x0, 14         x14:00000020
11403162ns          184838 1c00869c 00f00533 add              x10, x0, x15        x10=1c000067 x15:1c000067
11403182ns          184839 1c00869e 0017c70b p.lbu            x14, 1(x15!)        x14=00000023 x15=1c000068 x15:1c000067  PA:1c000067
11403500ns          184855 1c0086a2 feb71ce3 bne              x14, x11, -8        x14:00000023 x11:00000075
11403560ns          184858 1c00869a 00070763 beq              x14, x0, 14         x14:00000023
11403580ns          184859 1c00869c 00f00533 add              x10, x0, x15        x10=1c000068 x15:1c000068
11403599ns          184860 1c00869e 0017c70b p.lbu            x14, 1(x15!)        x14=00000030 x15=1c000069 x15:1c000068  PA:1c000068
11403918ns          184876 1c0086a2 feb71ce3 bne              x14, x11, -8        x14:00000030 x11:00000075
11403977ns          184879 1c00869a 00070763 beq              x14, x0, 14         x14:00000030
11403997ns          184880 1c00869c 00f00533 add              x10, x0, x15        x10=1c000069 x15:1c000069
11404017ns          184881 1c00869e 0017c70b p.lbu            x14, 1(x15!)        x14=00000000 x15=1c00006a x15:1c000069  PA:1c000069
11404335ns          184897 1c0086a2 feb71ce3 bne              x14, x11, -8        x14:00000000 x11:00000075
11404395ns          184900 1c00869a 00070763 beq              x14, x0, 14         x14:00000000
11404455ns          184903 1c0086a8 0015b593 sltiu            x11, x11, 1         x11=00000000 x11:00000075
11404475ns          184904 1c0086ac 40b005b3 sub              x11, x0, x11        x11=00000000 x11:00000000
11404495ns          184905 1c0086b0 00b57533 and              x10, x10, x11       x10=00000000 x10:1c000069 x11:00000000
11404514ns          184906 1c0086b2 00008067 jalr             x0, x1, 0            x1:1c0087f2
11404554ns          184908 1c0087f2 02050a63 beq              x10, x0, 52         x10:00000000
11404634ns          184912 1c008826 02a00613 addi             x12, x0, 42         x12=0000002a
11404654ns          184913 1c00882a 2ac48663 beq              x9, x12, 684         x9:00000075 x12:0000002a
11404713ns          184916 1c00882e fd048613 addi             x12, x9, -48        x12=00000045  x9:00000075
11404733ns          184917 1c008832 00900593 addi             x11, x0, 9          x11=00000009
11404753ns          184918 1c008834 00000913 addi             x18, x0, 0          x18=00000000
11404773ns          184919 1c008836 28c5f063 bgeu             x11, x12, 640       x11:00000009 x12:00000045
11404793ns          184920 1c00883a 02e00693 addi             x13, x0, 46         x13=0000002e
11404813ns          184921 1c00883e fff00a13 addi             x20, x0, -1         x20=ffffffff
11404833ns          184922 1c008840 2ed48363 beq              x9, x13, 742         x9:00000075 x13:0000002e
11404853ns          184923 1c008844 1c0007b7 lui              x15, 0x1c000000     x15=1c000000
11404872ns          184924 1c008848 009005b3 add              x11, x0, x9         x11=00000075  x9:00000075
11404892ns          184925 1c00884a 06c78513 addi             x10, x15, 108       x10=1c00006c x15:1c000000
11404912ns          184926 1c00884e e39ff0ef jal              x1, -456             x1=1c008850
11404992ns          184930 1c008686 00054783 lbu              x15, 0(x10)         x15=00000068 x10:1c00006c  PA:1c00006c
11405290ns          184945 1c00868a 0ff5f593 andi             x11, x11, 255       x11=00000075 x11:00000075
11405310ns          184946 1c00868e 00b78c63 beq              x15, x11, 24        x15:00000068 x11:00000075
11405330ns          184947 1c008692 00078b63 beq              x15, x0, 22         x15:00000068
11405350ns          184948 1c008694 00150793 addi             x15, x10, 1         x15=1c00006d x10:1c00006c
11405370ns          184949 1c008698 0040006f jal              x0, 4              
11405409ns          184951 1c00869c 00f00533 add              x10, x0, x15        x10=1c00006d x15:1c00006d
11405429ns          184952 1c00869e 0017c70b p.lbu            x14, 1(x15!)        x14=0000006c x15=1c00006e x15:1c00006d  PA:1c00006d
11405748ns          184968 1c0086a2 feb71ce3 bne              x14, x11, -8        x14:0000006c x11:00000075
11405807ns          184971 1c00869a 00070763 beq              x14, x0, 14         x14:0000006c
11405827ns          184972 1c00869c 00f00533 add              x10, x0, x15        x10=1c00006e x15:1c00006e
11405847ns          184973 1c00869e 0017c70b p.lbu            x14, 1(x15!)        x14=0000004c x15=1c00006f x15:1c00006e  PA:1c00006e
11406165ns          184989 1c0086a2 feb71ce3 bne              x14, x11, -8        x14:0000004c x11:00000075
11406225ns          184992 1c00869a 00070763 beq              x14, x0, 14         x14:0000004c
11406245ns          184993 1c00869c 00f00533 add              x10, x0, x15        x10=1c00006f x15:1c00006f
11406265ns          184994 1c00869e 0017c70b p.lbu            x14, 1(x15!)        x14=0000007a x15=1c000070 x15:1c00006f  PA:1c00006f
11406583ns          185010 1c0086a2 feb71ce3 bne              x14, x11, -8        x14:0000007a x11:00000075
11406643ns          185013 1c00869a 00070763 beq              x14, x0, 14         x14:0000007a
11406663ns          185014 1c00869c 00f00533 add              x10, x0, x15        x10=1c000070 x15:1c000070
11406683ns          185015 1c00869e 0017c70b p.lbu            x14, 1(x15!)        x14=00000000 x15=1c000071 x15:1c000070  PA:1c000070
11407001ns          185031 1c0086a2 feb71ce3 bne              x14, x11, -8        x14:00000000 x11:00000075
11407060ns          185034 1c00869a 00070763 beq              x14, x0, 14         x14:00000000
11407120ns          185037 1c0086a8 0015b593 sltiu            x11, x11, 1         x11=00000000 x11:00000075
11407140ns          185038 1c0086ac 40b005b3 sub              x11, x0, x11        x11=00000000 x11:00000000
11407160ns          185039 1c0086b0 00b57533 and              x10, x10, x11       x10=00000000 x10:1c000070 x11:00000000
11407180ns          185040 1c0086b2 00008067 jalr             x0, x1, 0            x1:1c008850
11407220ns          185042 1c008850 01300433 add              x8, x0, x19          x8=1c00004f x19:1c00004f
11407239ns          185043 1c008852 00050563 beq              x10, x0, 10         x10:00000000
11407299ns          185046 1c00885c 06700693 addi             x13, x0, 103        x13=00000067
11407319ns          185047 1c008860 2896d963 bge              x13, x9, 658        x13:00000067  x9:00000075
11407339ns          185048 1c008864 07000693 addi             x13, x0, 112        x13=00000070
11407359ns          185049 1c008868 7cd48763 beq              x9, x13, 1998        x9:00000075 x13:00000070
11407379ns          185050 1c00886c 2e96d163 bge              x13, x9, 738        x13:00000070  x9:00000075
11407438ns          185053 1c008870 07500693 addi             x13, x0, 117        x13=00000075
11407478ns          185055 1c008874 12d484e3 beq              x9, x13, 2344        x9:00000075 x13:00000075
11407538ns          185058 1c00919c 000c2683 lw               x13, 0(x24)         x13=00000000 x24:100007d8  PA:100007d8
11407597ns          185061 1c0091a0 019007b3 add              x15, x0, x25        x15=1000069c x25:1000069c
11407617ns          185062 1c0091a2 004c0c13 addi             x24, x24, 4         x24=100007dc x24:100007d8
11407637ns          185063 1c0091a4 00a00593 addi             x11, x0, 10         x11=0000000a
11407657ns          185064 1c0091a6 02b6f733 remu             x14, x13, x11       x14=00000000 x13:00000000 x11:0000000a
11408274ns          185095 1c0091aa 02b6d6b3 divu             x13, x13, x11       x13=00000000 x13:00000000 x11:0000000a
11408890ns          185126 1c0091ae 03070713 addi             x14, x14, 48        x14=00000030 x14:00000000
11408910ns          185127 1c0091b2 00e780ab p.sb             x14, 1(x15!)        x15=1000069d x14:00000030 x15:1000069c  PA:1000069c
11408930ns          185128 1c0091b6 fe0698e3 bne              x13, x0, -16        x13:00000000
11408950ns          185129 1c0091b8 419784b3 sub              x9, x15, x25         x9=00000001 x15:1000069d x25:1000069c
11408970ns          185130 1c0091bc 0144dd63 bge              x9, x20, 26          x9:00000001 x20:ffffffff
11409050ns          185134 1c0091d6 fe078fab p.sb             x0, -1(x15!)        x15=1000069c x15:1000069d  PA:1000069d
11409069ns          185135 1c0091da 00fcfd63 bgeu             x25, x15, 26        x25:1000069c x15:1000069c
11409169ns          185140 1c0091f4 0c800793 addi             x15, x0, 200        x15=000000c8
11409189ns          185141 1c0091f8 03fa2b63 p.beqimm         x20, 54             x20:ffffffff
11409447ns          185154 1c00922e 8497cfe3 blt              x15, x9, -1954      x15:000000c8  x9:00000001
11409467ns          185155 1c009232 00012623 sw               x0, 12(x2)           x2:10000678  PA:10000684
11409487ns          185156 1c009234 f54ff06f jal              x0, -2220          
11409527ns          185158 1c008988 0f24d163 bge              x9, x18, 226         x9:00000001 x18:00000000
11410124ns          185188 1c008a6a d00482e3 beq              x9, x0, -764         x9:00000001
11410143ns          185189 1c008a6e 01900933 add              x18, x0, x25        x18=1000069c x25:1000069c
11410163ns          185190 1c008a70 419d8db3 sub              x27, x27, x25       x27=effff993 x27:0000002f x25:1000069c
11410183ns          185191 1c008a74 00a0006f jal              x0, 10             
11410283ns          185196 1c008a7e 0019450b p.lbu            x10, 1(x18!)        x10=00000030 x18=1000069d x18:1000069c  PA:1000069c
11410303ns          185197 1c008a82 01a005b3 add              x11, x0, x26        x11=00000002 x26:00000002
11410323ns          185198 1c008a84 000b00e7 jalr             x1, x22, 0           x1=1c008a86 x22:1c0086b4
11410362ns          185200 1c0086b4 000026b7 lui              x13, 0x2000         x13=00002000
11410382ns          185201 1c0086b6 f14027f3 csrrs            x15, x0, 0xf14      x15=00000000
11410402ns          185202 1c0086ba f8068693 addi             x13, x13, -128      x13=00001f80 x13:00002000
11410422ns          185203 1c0086be 00379713 slli             x14, x15, 0x3       x14=00000000 x15:00000000
11410442ns          185204 1c0086c2 00279793 slli             x15, x15, 0x2       x15=00000000 x15:00000000
11410462ns          185205 1c0086c4 00d7f7b3 and              x15, x15, x13       x15=00000000 x15:00000000 x13:00001f80
11410482ns          185206 1c0086c6 ee873733 p.bclr           x14, x14, 23, 8     x14=00000000 x14:00000000
11410502ns          185207 1c0086ca 1a10f6b7 lui              x13, 0x1a10f000     x13=1a10f000
11410521ns          185208 1c0086ce 0ff57513 andi             x10, x10, 255       x10=00000030 x10:00000030
11410541ns          185209 1c0086d2 00d70733 add              x14, x14, x13       x14=1a10f000 x14:00000000 x13:1a10f000
11410561ns          185210 1c0086d4 00a7e723 p.sw             x10, x0(x15)        x10:00000030 x15:00000000  PA:1a10f000
11410879ns          185226 1c0086d8 00000513 addi             x10, x0, 0          x10=00000000
11410899ns          185227 1c0086da 00008067 jalr             x0, x1, 0            x1:1c008a86
11410939ns          185229 1c008a86 fff48493 addi             x9, x9, -1           x9=00000000  x9:00000001
11410959ns          185230 1c008a88 fff537e3 p.bneimm         x10, -18            x10:00000000
11411039ns          185234 1c008a76 012d8733 add              x14, x27, x18       x14=00000030 x27:effff993 x18:1000069d
11411058ns          185235 1c008a7a 5a048b63 beq              x9, x0, 1462         x9:00000000
11411118ns          185238 1c009030 00e00db3 add              x27, x0, x14        x27=00000030 x14:00000030
11411138ns          185239 1c009032 f3cff06f jal              x0, -2244          
11411198ns          185242 1c00876e 00044503 lbu              x10, 0(x8)          x10=00000020  x8:1c00004f  PA:1c00004f
11411496ns          185257 1c008772 00140413 addi             x8, x8, 1            x8=1c000050  x8:1c00004f
11411516ns          185258 1c008774 00050e63 beq              x10, x0, 28         x10:00000020
11411536ns          185259 1c008776 02500793 addi             x15, x0, 37         x15=00000025
11411556ns          185260 1c00877a 04f50863 beq              x10, x15, 80        x10:00000020 x15:00000025
11411576ns          185261 1c00877e 01a005b3 add              x11, x0, x26        x11=00000002 x26:00000002
11411596ns          185262 1c008780 000b00e7 jalr             x1, x22, 0           x1=1c008782 x22:1c0086b4
11411635ns          185264 1c0086b4 000026b7 lui              x13, 0x2000         x13=00002000
11411655ns          185265 1c0086b6 f14027f3 csrrs            x15, x0, 0xf14      x15=00000000
11411675ns          185266 1c0086ba f8068693 addi             x13, x13, -128      x13=00001f80 x13:00002000
11411695ns          185267 1c0086be 00379713 slli             x14, x15, 0x3       x14=00000000 x15:00000000
11411715ns          185268 1c0086c2 00279793 slli             x15, x15, 0x2       x15=00000000 x15:00000000
11411735ns          185269 1c0086c4 00d7f7b3 and              x15, x15, x13       x15=00000000 x15:00000000 x13:00001f80
11411755ns          185270 1c0086c6 ee873733 p.bclr           x14, x14, 23, 8     x14=00000000 x14:00000000
11411775ns          185271 1c0086ca 1a10f6b7 lui              x13, 0x1a10f000     x13=1a10f000
11411794ns          185272 1c0086ce 0ff57513 andi             x10, x10, 255       x10=00000020 x10:00000020
11411814ns          185273 1c0086d2 00d70733 add              x14, x14, x13       x14=1a10f000 x14:00000000 x13:1a10f000
11411834ns          185274 1c0086d4 00a7e723 p.sw             x10, x0(x15)        x10:00000020 x15:00000000  PA:1a10f000
11412152ns          185290 1c0086d8 00000513 addi             x10, x0, 0          x10=00000000
11412172ns          185291 1c0086da 00008067 jalr             x0, x1, 0            x1:1c008782
11412232ns          185294 1c008782 31f52563 p.beqimm         x10, 778            x10:00000000
11412252ns          185295 1c008786 001d8d93 addi             x27, x27, 1         x27=00000031 x27:00000030
11412272ns          185296 1c008788 00044503 lbu              x10, 0(x8)          x10=00000063  x8:1c000050  PA:1c000050
11412610ns          185313 1c00878c 00140413 addi             x8, x8, 1            x8=1c000051  x8:1c000050
11412630ns          185314 1c00878e fe0514e3 bne              x10, x0, -24        x10:00000063
11412709ns          185318 1c008776 02500793 addi             x15, x0, 37         x15=00000025
11412729ns          185319 1c00877a 04f50863 beq              x10, x15, 80        x10:00000063 x15:00000025
11412749ns          185320 1c00877e 01a005b3 add              x11, x0, x26        x11=00000002 x26:00000002
11412769ns          185321 1c008780 000b00e7 jalr             x1, x22, 0           x1=1c008782 x22:1c0086b4
11412809ns          185323 1c0086b4 000026b7 lui              x13, 0x2000         x13=00002000
11412829ns          185324 1c0086b6 f14027f3 csrrs            x15, x0, 0xf14      x15=00000000
11412849ns          185325 1c0086ba f8068693 addi             x13, x13, -128      x13=00001f80 x13:00002000
11412869ns          185326 1c0086be 00379713 slli             x14, x15, 0x3       x14=00000000 x15:00000000
11412888ns          185327 1c0086c2 00279793 slli             x15, x15, 0x2       x15=00000000 x15:00000000
11412908ns          185328 1c0086c4 00d7f7b3 and              x15, x15, x13       x15=00000000 x15:00000000 x13:00001f80
11412928ns          185329 1c0086c6 ee873733 p.bclr           x14, x14, 23, 8     x14=00000000 x14:00000000
11412948ns          185330 1c0086ca 1a10f6b7 lui              x13, 0x1a10f000     x13=1a10f000
11412968ns          185331 1c0086ce 0ff57513 andi             x10, x10, 255       x10=00000063 x10:00000063
11412988ns          185332 1c0086d2 00d70733 add              x14, x14, x13       x14=1a10f000 x14:00000000 x13:1a10f000
11413008ns          185333 1c0086d4 00a7e723 p.sw             x10, x0(x15)        x10:00000063 x15:00000000  PA:1a10f000
11413326ns          185349 1c0086d8 00000513 addi             x10, x0, 0          x10=00000000
11413346ns          185350 1c0086da 00008067 jalr             x0, x1, 0            x1:1c008782
11413406ns          185353 1c008782 31f52563 p.beqimm         x10, 778            x10:00000000
11413425ns          185354 1c008786 001d8d93 addi             x27, x27, 1         x27=00000032 x27:00000031
11413445ns          185355 1c008788 00044503 lbu              x10, 0(x8)          x10=00000079  x8:1c000051  PA:1c000051
11413744ns          185370 1c00878c 00140413 addi             x8, x8, 1            x8=1c000052  x8:1c000051
11413764ns          185371 1c00878e fe0514e3 bne              x10, x0, -24        x10:00000079
11413843ns          185375 1c008776 02500793 addi             x15, x0, 37         x15=00000025
11413863ns          185376 1c00877a 04f50863 beq              x10, x15, 80        x10:00000079 x15:00000025
11413883ns          185377 1c00877e 01a005b3 add              x11, x0, x26        x11=00000002 x26:00000002
11413903ns          185378 1c008780 000b00e7 jalr             x1, x22, 0           x1=1c008782 x22:1c0086b4
11413943ns          185380 1c0086b4 000026b7 lui              x13, 0x2000         x13=00002000
11413963ns          185381 1c0086b6 f14027f3 csrrs            x15, x0, 0xf14      x15=00000000
11413982ns          185382 1c0086ba f8068693 addi             x13, x13, -128      x13=00001f80 x13:00002000
11414002ns          185383 1c0086be 00379713 slli             x14, x15, 0x3       x14=00000000 x15:00000000
11414022ns          185384 1c0086c2 00279793 slli             x15, x15, 0x2       x15=00000000 x15:00000000
11414042ns          185385 1c0086c4 00d7f7b3 and              x15, x15, x13       x15=00000000 x15:00000000 x13:00001f80
11414062ns          185386 1c0086c6 ee873733 p.bclr           x14, x14, 23, 8     x14=00000000 x14:00000000
11414082ns          185387 1c0086ca 1a10f6b7 lui              x13, 0x1a10f000     x13=1a10f000
11414102ns          185388 1c0086ce 0ff57513 andi             x10, x10, 255       x10=00000079 x10:00000079
11414122ns          185389 1c0086d2 00d70733 add              x14, x14, x13       x14=1a10f000 x14:00000000 x13:1a10f000
11414142ns          185390 1c0086d4 00a7e723 p.sw             x10, x0(x15)        x10:00000079 x15:00000000  PA:1a10f000
11414460ns          185406 1c0086d8 00000513 addi             x10, x0, 0          x10=00000000
11414480ns          185407 1c0086da 00008067 jalr             x0, x1, 0            x1:1c008782
11414539ns          185410 1c008782 31f52563 p.beqimm         x10, 778            x10:00000000
11414559ns          185411 1c008786 001d8d93 addi             x27, x27, 1         x27=00000033 x27:00000032
11414579ns          185412 1c008788 00044503 lbu              x10, 0(x8)          x10=00000063  x8:1c000052  PA:1c000052
11414877ns          185427 1c00878c 00140413 addi             x8, x8, 1            x8=1c000053  x8:1c000052
11414897ns          185428 1c00878e fe0514e3 bne              x10, x0, -24        x10:00000063
11414977ns          185432 1c008776 02500793 addi             x15, x0, 37         x15=00000025
11414997ns          185433 1c00877a 04f50863 beq              x10, x15, 80        x10:00000063 x15:00000025
11415017ns          185434 1c00877e 01a005b3 add              x11, x0, x26        x11=00000002 x26:00000002
11415037ns          185435 1c008780 000b00e7 jalr             x1, x22, 0           x1=1c008782 x22:1c0086b4
11415076ns          185437 1c0086b4 000026b7 lui              x13, 0x2000         x13=00002000
11415096ns          185438 1c0086b6 f14027f3 csrrs            x15, x0, 0xf14      x15=00000000
11415116ns          185439 1c0086ba f8068693 addi             x13, x13, -128      x13=00001f80 x13:00002000
11415136ns          185440 1c0086be 00379713 slli             x14, x15, 0x3       x14=00000000 x15:00000000
11415156ns          185441 1c0086c2 00279793 slli             x15, x15, 0x2       x15=00000000 x15:00000000
11415176ns          185442 1c0086c4 00d7f7b3 and              x15, x15, x13       x15=00000000 x15:00000000 x13:00001f80
11415196ns          185443 1c0086c6 ee873733 p.bclr           x14, x14, 23, 8     x14=00000000 x14:00000000
11415216ns          185444 1c0086ca 1a10f6b7 lui              x13, 0x1a10f000     x13=1a10f000
11415236ns          185445 1c0086ce 0ff57513 andi             x10, x10, 255       x10=00000063 x10:00000063
11415255ns          185446 1c0086d2 00d70733 add              x14, x14, x13       x14=1a10f000 x14:00000000 x13:1a10f000
11415275ns          185447 1c0086d4 00a7e723 p.sw             x10, x0(x15)        x10:00000063 x15:00000000  PA:1a10f000
11415594ns          185463 1c0086d8 00000513 addi             x10, x0, 0          x10=00000000
11415613ns          185464 1c0086da 00008067 jalr             x0, x1, 0            x1:1c008782
11415673ns          185467 1c008782 31f52563 p.beqimm         x10, 778            x10:00000000
11415693ns          185468 1c008786 001d8d93 addi             x27, x27, 1         x27=00000034 x27:00000033
11415713ns          185469 1c008788 00044503 lbu              x10, 0(x8)          x10=0000006c  x8:1c000053  PA:1c000053
11416011ns          185484 1c00878c 00140413 addi             x8, x8, 1            x8=1c000054  x8:1c000053
11416031ns          185485 1c00878e fe0514e3 bne              x10, x0, -24        x10:0000006c
11416111ns          185489 1c008776 02500793 addi             x15, x0, 37         x15=00000025
11416131ns          185490 1c00877a 04f50863 beq              x10, x15, 80        x10:0000006c x15:00000025
11416150ns          185491 1c00877e 01a005b3 add              x11, x0, x26        x11=00000002 x26:00000002
11416170ns          185492 1c008780 000b00e7 jalr             x1, x22, 0           x1=1c008782 x22:1c0086b4
11416210ns          185494 1c0086b4 000026b7 lui              x13, 0x2000         x13=00002000
11416230ns          185495 1c0086b6 f14027f3 csrrs            x15, x0, 0xf14      x15=00000000
11416250ns          185496 1c0086ba f8068693 addi             x13, x13, -128      x13=00001f80 x13:00002000
11416270ns          185497 1c0086be 00379713 slli             x14, x15, 0x3       x14=00000000 x15:00000000
11416290ns          185498 1c0086c2 00279793 slli             x15, x15, 0x2       x15=00000000 x15:00000000
11416310ns          185499 1c0086c4 00d7f7b3 and              x15, x15, x13       x15=00000000 x15:00000000 x13:00001f80
11416330ns          185500 1c0086c6 ee873733 p.bclr           x14, x14, 23, 8     x14=00000000 x14:00000000
11416349ns          185501 1c0086ca 1a10f6b7 lui              x13, 0x1a10f000     x13=1a10f000
11416369ns          185502 1c0086ce 0ff57513 andi             x10, x10, 255       x10=0000006c x10:0000006c
11416389ns          185503 1c0086d2 00d70733 add              x14, x14, x13       x14=1a10f000 x14:00000000 x13:1a10f000
11416409ns          185504 1c0086d4 00a7e723 p.sw             x10, x0(x15)        x10:0000006c x15:00000000  PA:1a10f000
11416727ns          185520 1c0086d8 00000513 addi             x10, x0, 0          x10=00000000
11416747ns          185521 1c0086da 00008067 jalr             x0, x1, 0            x1:1c008782
11416807ns          185524 1c008782 31f52563 p.beqimm         x10, 778            x10:00000000
11416827ns          185525 1c008786 001d8d93 addi             x27, x27, 1         x27=00000035 x27:00000034
11416847ns          185526 1c008788 00044503 lbu              x10, 0(x8)          x10=00000065  x8:1c000054  PA:1c000054
11417165ns          185542 1c00878c 00140413 addi             x8, x8, 1            x8=1c000055  x8:1c000054
11417185ns          185543 1c00878e fe0514e3 bne              x10, x0, -24        x10:00000065
11417264ns          185547 1c008776 02500793 addi             x15, x0, 37         x15=00000025
11417284ns          185548 1c00877a 04f50863 beq              x10, x15, 80        x10:00000065 x15:00000025
11417304ns          185549 1c00877e 01a005b3 add              x11, x0, x26        x11=00000002 x26:00000002
11417324ns          185550 1c008780 000b00e7 jalr             x1, x22, 0           x1=1c008782 x22:1c0086b4
11417364ns          185552 1c0086b4 000026b7 lui              x13, 0x2000         x13=00002000
11417384ns          185553 1c0086b6 f14027f3 csrrs            x15, x0, 0xf14      x15=00000000
11417404ns          185554 1c0086ba f8068693 addi             x13, x13, -128      x13=00001f80 x13:00002000
11417424ns          185555 1c0086be 00379713 slli             x14, x15, 0x3       x14=00000000 x15:00000000
11417443ns          185556 1c0086c2 00279793 slli             x15, x15, 0x2       x15=00000000 x15:00000000
11417463ns          185557 1c0086c4 00d7f7b3 and              x15, x15, x13       x15=00000000 x15:00000000 x13:00001f80
11417483ns          185558 1c0086c6 ee873733 p.bclr           x14, x14, 23, 8     x14=00000000 x14:00000000
11417503ns          185559 1c0086ca 1a10f6b7 lui              x13, 0x1a10f000     x13=1a10f000
11417523ns          185560 1c0086ce 0ff57513 andi             x10, x10, 255       x10=00000065 x10:00000065
11417543ns          185561 1c0086d2 00d70733 add              x14, x14, x13       x14=1a10f000 x14:00000000 x13:1a10f000
11417563ns          185562 1c0086d4 00a7e723 p.sw             x10, x0(x15)        x10:00000065 x15:00000000  PA:1a10f000
11417901ns          185579 1c0086d8 00000513 addi             x10, x0, 0          x10=00000000
11417921ns          185580 1c0086da 00008067 jalr             x0, x1, 0            x1:1c008782
11417980ns          185583 1c008782 31f52563 p.beqimm         x10, 778            x10:00000000
11418000ns          185584 1c008786 001d8d93 addi             x27, x27, 1         x27=00000036 x27:00000035
11418020ns          185585 1c008788 00044503 lbu              x10, 0(x8)          x10=00000073  x8:1c000055  PA:1c000055
11418319ns          185600 1c00878c 00140413 addi             x8, x8, 1            x8=1c000056  x8:1c000055
11418338ns          185601 1c00878e fe0514e3 bne              x10, x0, -24        x10:00000073
11418418ns          185605 1c008776 02500793 addi             x15, x0, 37         x15=00000025
11418438ns          185606 1c00877a 04f50863 beq              x10, x15, 80        x10:00000073 x15:00000025
11418458ns          185607 1c00877e 01a005b3 add              x11, x0, x26        x11=00000002 x26:00000002
11418478ns          185608 1c008780 000b00e7 jalr             x1, x22, 0           x1=1c008782 x22:1c0086b4
11418517ns          185610 1c0086b4 000026b7 lui              x13, 0x2000         x13=00002000
11418537ns          185611 1c0086b6 f14027f3 csrrs            x15, x0, 0xf14      x15=00000000
11418557ns          185612 1c0086ba f8068693 addi             x13, x13, -128      x13=00001f80 x13:00002000
11418577ns          185613 1c0086be 00379713 slli             x14, x15, 0x3       x14=00000000 x15:00000000
11418597ns          185614 1c0086c2 00279793 slli             x15, x15, 0x2       x15=00000000 x15:00000000
11418617ns          185615 1c0086c4 00d7f7b3 and              x15, x15, x13       x15=00000000 x15:00000000 x13:00001f80
11418637ns          185616 1c0086c6 ee873733 p.bclr           x14, x14, 23, 8     x14=00000000 x14:00000000
11418657ns          185617 1c0086ca 1a10f6b7 lui              x13, 0x1a10f000     x13=1a10f000
11418677ns          185618 1c0086ce 0ff57513 andi             x10, x10, 255       x10=00000073 x10:00000073
11418697ns          185619 1c0086d2 00d70733 add              x14, x14, x13       x14=1a10f000 x14:00000000 x13:1a10f000
11418716ns          185620 1c0086d4 00a7e723 p.sw             x10, x0(x15)        x10:00000073 x15:00000000  PA:1a10f000
11419035ns          185636 1c0086d8 00000513 addi             x10, x0, 0          x10=00000000
11419055ns          185637 1c0086da 00008067 jalr             x0, x1, 0            x1:1c008782
11419114ns          185640 1c008782 31f52563 p.beqimm         x10, 778            x10:00000000
11419134ns          185641 1c008786 001d8d93 addi             x27, x27, 1         x27=00000037 x27:00000036
11419154ns          185642 1c008788 00044503 lbu              x10, 0(x8)          x10=0000002f  x8:1c000056  PA:1c000056
11419452ns          185657 1c00878c 00140413 addi             x8, x8, 1            x8=1c000057  x8:1c000056
11419472ns          185658 1c00878e fe0514e3 bne              x10, x0, -24        x10:0000002f
11419552ns          185662 1c008776 02500793 addi             x15, x0, 37         x15=00000025
11419572ns          185663 1c00877a 04f50863 beq              x10, x15, 80        x10:0000002f x15:00000025
11419592ns          185664 1c00877e 01a005b3 add              x11, x0, x26        x11=00000002 x26:00000002
11419611ns          185665 1c008780 000b00e7 jalr             x1, x22, 0           x1=1c008782 x22:1c0086b4
11419651ns          185667 1c0086b4 000026b7 lui              x13, 0x2000         x13=00002000
11419671ns          185668 1c0086b6 f14027f3 csrrs            x15, x0, 0xf14      x15=00000000
11419691ns          185669 1c0086ba f8068693 addi             x13, x13, -128      x13=00001f80 x13:00002000
11419711ns          185670 1c0086be 00379713 slli             x14, x15, 0x3       x14=00000000 x15:00000000
11419731ns          185671 1c0086c2 00279793 slli             x15, x15, 0x2       x15=00000000 x15:00000000
11419751ns          185672 1c0086c4 00d7f7b3 and              x15, x15, x13       x15=00000000 x15:00000000 x13:00001f80
11419771ns          185673 1c0086c6 ee873733 p.bclr           x14, x14, 23, 8     x14=00000000 x14:00000000
11419791ns          185674 1c0086ca 1a10f6b7 lui              x13, 0x1a10f000     x13=1a10f000
11419810ns          185675 1c0086ce 0ff57513 andi             x10, x10, 255       x10=0000002f x10:0000002f
11419830ns          185676 1c0086d2 00d70733 add              x14, x14, x13       x14=1a10f000 x14:00000000 x13:1a10f000
11419850ns          185677 1c0086d4 00a7e723 p.sw             x10, x0(x15)        x10:0000002f x15:00000000  PA:1a10f000
11420168ns          185693 1c0086d8 00000513 addi             x10, x0, 0          x10=00000000
11420188ns          185694 1c0086da 00008067 jalr             x0, x1, 0            x1:1c008782
11420248ns          185697 1c008782 31f52563 p.beqimm         x10, 778            x10:00000000
11420268ns          185698 1c008786 001d8d93 addi             x27, x27, 1         x27=00000038 x27:00000037
11420288ns          185699 1c008788 00044503 lbu              x10, 0(x8)          x10=00000077  x8:1c000057  PA:1c000057
11420626ns          185716 1c00878c 00140413 addi             x8, x8, 1            x8=1c000058  x8:1c000057
11420646ns          185717 1c00878e fe0514e3 bne              x10, x0, -24        x10:00000077
11420725ns          185721 1c008776 02500793 addi             x15, x0, 37         x15=00000025
11420745ns          185722 1c00877a 04f50863 beq              x10, x15, 80        x10:00000077 x15:00000025
11420765ns          185723 1c00877e 01a005b3 add              x11, x0, x26        x11=00000002 x26:00000002
11420785ns          185724 1c008780 000b00e7 jalr             x1, x22, 0           x1=1c008782 x22:1c0086b4
11420825ns          185726 1c0086b4 000026b7 lui              x13, 0x2000         x13=00002000
11420845ns          185727 1c0086b6 f14027f3 csrrs            x15, x0, 0xf14      x15=00000000
11420865ns          185728 1c0086ba f8068693 addi             x13, x13, -128      x13=00001f80 x13:00002000
11420884ns          185729 1c0086be 00379713 slli             x14, x15, 0x3       x14=00000000 x15:00000000
11420904ns          185730 1c0086c2 00279793 slli             x15, x15, 0x2       x15=00000000 x15:00000000
11420924ns          185731 1c0086c4 00d7f7b3 and              x15, x15, x13       x15=00000000 x15:00000000 x13:00001f80
11420944ns          185732 1c0086c6 ee873733 p.bclr           x14, x14, 23, 8     x14=00000000 x14:00000000
11420964ns          185733 1c0086ca 1a10f6b7 lui              x13, 0x1a10f000     x13=1a10f000
11420984ns          185734 1c0086ce 0ff57513 andi             x10, x10, 255       x10=00000077 x10:00000077
11421004ns          185735 1c0086d2 00d70733 add              x14, x14, x13       x14=1a10f000 x14:00000000 x13:1a10f000
11421024ns          185736 1c0086d4 00a7e723 p.sw             x10, x0(x15)        x10:00000077 x15:00000000  PA:1a10f000
11421342ns          185752 1c0086d8 00000513 addi             x10, x0, 0          x10=00000000
11421362ns          185753 1c0086da 00008067 jalr             x0, x1, 0            x1:1c008782
11421422ns          185756 1c008782 31f52563 p.beqimm         x10, 778            x10:00000000
11421441ns          185757 1c008786 001d8d93 addi             x27, x27, 1         x27=00000039 x27:00000038
11421461ns          185758 1c008788 00044503 lbu              x10, 0(x8)          x10=0000006f  x8:1c000058  PA:1c000058
11421760ns          185773 1c00878c 00140413 addi             x8, x8, 1            x8=1c000059  x8:1c000058
11421780ns          185774 1c00878e fe0514e3 bne              x10, x0, -24        x10:0000006f
11421859ns          185778 1c008776 02500793 addi             x15, x0, 37         x15=00000025
11421879ns          185779 1c00877a 04f50863 beq              x10, x15, 80        x10:0000006f x15:00000025
11421899ns          185780 1c00877e 01a005b3 add              x11, x0, x26        x11=00000002 x26:00000002
11421919ns          185781 1c008780 000b00e7 jalr             x1, x22, 0           x1=1c008782 x22:1c0086b4
11421959ns          185783 1c0086b4 000026b7 lui              x13, 0x2000         x13=00002000
11421978ns          185784 1c0086b6 f14027f3 csrrs            x15, x0, 0xf14      x15=00000000
11421998ns          185785 1c0086ba f8068693 addi             x13, x13, -128      x13=00001f80 x13:00002000
11422018ns          185786 1c0086be 00379713 slli             x14, x15, 0x3       x14=00000000 x15:00000000
11422038ns          185787 1c0086c2 00279793 slli             x15, x15, 0x2       x15=00000000 x15:00000000
11422058ns          185788 1c0086c4 00d7f7b3 and              x15, x15, x13       x15=00000000 x15:00000000 x13:00001f80
11422078ns          185789 1c0086c6 ee873733 p.bclr           x14, x14, 23, 8     x14=00000000 x14:00000000
11422098ns          185790 1c0086ca 1a10f6b7 lui              x13, 0x1a10f000     x13=1a10f000
11422118ns          185791 1c0086ce 0ff57513 andi             x10, x10, 255       x10=0000006f x10:0000006f
11422138ns          185792 1c0086d2 00d70733 add              x14, x14, x13       x14=1a10f000 x14:00000000 x13:1a10f000
11422158ns          185793 1c0086d4 00a7e723 p.sw             x10, x0(x15)        x10:0000006f x15:00000000  PA:1a10f000
11422476ns          185809 1c0086d8 00000513 addi             x10, x0, 0          x10=00000000
11422496ns          185810 1c0086da 00008067 jalr             x0, x1, 0            x1:1c008782
11422555ns          185813 1c008782 31f52563 p.beqimm         x10, 778            x10:00000000
11422575ns          185814 1c008786 001d8d93 addi             x27, x27, 1         x27=0000003a x27:00000039
11422595ns          185815 1c008788 00044503 lbu              x10, 0(x8)          x10=00000072  x8:1c000059  PA:1c000059
11422893ns          185830 1c00878c 00140413 addi             x8, x8, 1            x8=1c00005a  x8:1c000059
11422913ns          185831 1c00878e fe0514e3 bne              x10, x0, -24        x10:00000072
11422993ns          185835 1c008776 02500793 addi             x15, x0, 37         x15=00000025
11423013ns          185836 1c00877a 04f50863 beq              x10, x15, 80        x10:00000072 x15:00000025
11423033ns          185837 1c00877e 01a005b3 add              x11, x0, x26        x11=00000002 x26:00000002
11423053ns          185838 1c008780 000b00e7 jalr             x1, x22, 0           x1=1c008782 x22:1c0086b4
11423092ns          185840 1c0086b4 000026b7 lui              x13, 0x2000         x13=00002000
11423112ns          185841 1c0086b6 f14027f3 csrrs            x15, x0, 0xf14      x15=00000000
11423132ns          185842 1c0086ba f8068693 addi             x13, x13, -128      x13=00001f80 x13:00002000
11423152ns          185843 1c0086be 00379713 slli             x14, x15, 0x3       x14=00000000 x15:00000000
11423172ns          185844 1c0086c2 00279793 slli             x15, x15, 0x2       x15=00000000 x15:00000000
11423192ns          185845 1c0086c4 00d7f7b3 and              x15, x15, x13       x15=00000000 x15:00000000 x13:00001f80
11423212ns          185846 1c0086c6 ee873733 p.bclr           x14, x14, 23, 8     x14=00000000 x14:00000000
11423232ns          185847 1c0086ca 1a10f6b7 lui              x13, 0x1a10f000     x13=1a10f000
11423251ns          185848 1c0086ce 0ff57513 andi             x10, x10, 255       x10=00000072 x10:00000072
11423271ns          185849 1c0086d2 00d70733 add              x14, x14, x13       x14=1a10f000 x14:00000000 x13:1a10f000
11423291ns          185850 1c0086d4 00a7e723 p.sw             x10, x0(x15)        x10:00000072 x15:00000000  PA:1a10f000
11423610ns          185866 1c0086d8 00000513 addi             x10, x0, 0          x10=00000000
11423629ns          185867 1c0086da 00008067 jalr             x0, x1, 0            x1:1c008782
11423689ns          185870 1c008782 31f52563 p.beqimm         x10, 778            x10:00000000
11423709ns          185871 1c008786 001d8d93 addi             x27, x27, 1         x27=0000003b x27:0000003a
11423729ns          185872 1c008788 00044503 lbu              x10, 0(x8)          x10=00000064  x8:1c00005a  PA:1c00005a
11424047ns          185888 1c00878c 00140413 addi             x8, x8, 1            x8=1c00005b  x8:1c00005a
11424067ns          185889 1c00878e fe0514e3 bne              x10, x0, -24        x10:00000064
11424147ns          185893 1c008776 02500793 addi             x15, x0, 37         x15=00000025
11424166ns          185894 1c00877a 04f50863 beq              x10, x15, 80        x10:00000064 x15:00000025
11424186ns          185895 1c00877e 01a005b3 add              x11, x0, x26        x11=00000002 x26:00000002
11424206ns          185896 1c008780 000b00e7 jalr             x1, x22, 0           x1=1c008782 x22:1c0086b4
11424246ns          185898 1c0086b4 000026b7 lui              x13, 0x2000         x13=00002000
11424266ns          185899 1c0086b6 f14027f3 csrrs            x15, x0, 0xf14      x15=00000000
11424286ns          185900 1c0086ba f8068693 addi             x13, x13, -128      x13=00001f80 x13:00002000
11424306ns          185901 1c0086be 00379713 slli             x14, x15, 0x3       x14=00000000 x15:00000000
11424326ns          185902 1c0086c2 00279793 slli             x15, x15, 0x2       x15=00000000 x15:00000000
11424345ns          185903 1c0086c4 00d7f7b3 and              x15, x15, x13       x15=00000000 x15:00000000 x13:00001f80
11424365ns          185904 1c0086c6 ee873733 p.bclr           x14, x14, 23, 8     x14=00000000 x14:00000000
11424385ns          185905 1c0086ca 1a10f6b7 lui              x13, 0x1a10f000     x13=1a10f000
11424405ns          185906 1c0086ce 0ff57513 andi             x10, x10, 255       x10=00000064 x10:00000064
11424425ns          185907 1c0086d2 00d70733 add              x14, x14, x13       x14=1a10f000 x14:00000000 x13:1a10f000
11424445ns          185908 1c0086d4 00a7e723 p.sw             x10, x0(x15)        x10:00000064 x15:00000000  PA:1a10f000
11424763ns          185924 1c0086d8 00000513 addi             x10, x0, 0          x10=00000000
11424783ns          185925 1c0086da 00008067 jalr             x0, x1, 0            x1:1c008782
11424843ns          185928 1c008782 31f52563 p.beqimm         x10, 778            x10:00000000
11424863ns          185929 1c008786 001d8d93 addi             x27, x27, 1         x27=0000003c x27:0000003b
11424883ns          185930 1c008788 00044503 lbu              x10, 0(x8)          x10=00000029  x8:1c00005b  PA:1c00005b
11425181ns          185945 1c00878c 00140413 addi             x8, x8, 1            x8=1c00005c  x8:1c00005b
11425201ns          185946 1c00878e fe0514e3 bne              x10, x0, -24        x10:00000029
11425280ns          185950 1c008776 02500793 addi             x15, x0, 37         x15=00000025
11425300ns          185951 1c00877a 04f50863 beq              x10, x15, 80        x10:00000029 x15:00000025
11425320ns          185952 1c00877e 01a005b3 add              x11, x0, x26        x11=00000002 x26:00000002
11425340ns          185953 1c008780 000b00e7 jalr             x1, x22, 0           x1=1c008782 x22:1c0086b4
11425380ns          185955 1c0086b4 000026b7 lui              x13, 0x2000         x13=00002000
11425400ns          185956 1c0086b6 f14027f3 csrrs            x15, x0, 0xf14      x15=00000000
11425420ns          185957 1c0086ba f8068693 addi             x13, x13, -128      x13=00001f80 x13:00002000
11425439ns          185958 1c0086be 00379713 slli             x14, x15, 0x3       x14=00000000 x15:00000000
11425459ns          185959 1c0086c2 00279793 slli             x15, x15, 0x2       x15=00000000 x15:00000000
11425479ns          185960 1c0086c4 00d7f7b3 and              x15, x15, x13       x15=00000000 x15:00000000 x13:00001f80
11425499ns          185961 1c0086c6 ee873733 p.bclr           x14, x14, 23, 8     x14=00000000 x14:00000000
11425519ns          185962 1c0086ca 1a10f6b7 lui              x13, 0x1a10f000     x13=1a10f000
11425539ns          185963 1c0086ce 0ff57513 andi             x10, x10, 255       x10=00000029 x10:00000029
11425559ns          185964 1c0086d2 00d70733 add              x14, x14, x13       x14=1a10f000 x14:00000000 x13:1a10f000
11425579ns          185965 1c0086d4 00a7e723 p.sw             x10, x0(x15)        x10:00000029 x15:00000000  PA:1a10f000
11425917ns          185982 1c0086d8 00000513 addi             x10, x0, 0          x10=00000000
11425937ns          185983 1c0086da 00008067 jalr             x0, x1, 0            x1:1c008782
11425996ns          185986 1c008782 31f52563 p.beqimm         x10, 778            x10:00000000
11426016ns          185987 1c008786 001d8d93 addi             x27, x27, 1         x27=0000003d x27:0000003c
11426036ns          185988 1c008788 00044503 lbu              x10, 0(x8)          x10=0000000a  x8:1c00005c  PA:1c00005c
11426335ns          186003 1c00878c 00140413 addi             x8, x8, 1            x8=1c00005d  x8:1c00005c
11426354ns          186004 1c00878e fe0514e3 bne              x10, x0, -24        x10:0000000a
11426434ns          186008 1c008776 02500793 addi             x15, x0, 37         x15=00000025
11426454ns          186009 1c00877a 04f50863 beq              x10, x15, 80        x10:0000000a x15:00000025
11426474ns          186010 1c00877e 01a005b3 add              x11, x0, x26        x11=00000002 x26:00000002
11426494ns          186011 1c008780 000b00e7 jalr             x1, x22, 0           x1=1c008782 x22:1c0086b4
11426533ns          186013 1c0086b4 000026b7 lui              x13, 0x2000         x13=00002000
11426553ns          186014 1c0086b6 f14027f3 csrrs            x15, x0, 0xf14      x15=00000000
11426573ns          186015 1c0086ba f8068693 addi             x13, x13, -128      x13=00001f80 x13:00002000
11426593ns          186016 1c0086be 00379713 slli             x14, x15, 0x3       x14=00000000 x15:00000000
11426613ns          186017 1c0086c2 00279793 slli             x15, x15, 0x2       x15=00000000 x15:00000000
11426633ns          186018 1c0086c4 00d7f7b3 and              x15, x15, x13       x15=00000000 x15:00000000 x13:00001f80
11426653ns          186019 1c0086c6 ee873733 p.bclr           x14, x14, 23, 8     x14=00000000 x14:00000000
11426673ns          186020 1c0086ca 1a10f6b7 lui              x13, 0x1a10f000     x13=1a10f000
11426693ns          186021 1c0086ce 0ff57513 andi             x10, x10, 255       x10=0000000a x10:0000000a
11426712ns          186022 1c0086d2 00d70733 add              x14, x14, x13       x14=1a10f000 x14:00000000 x13:1a10f000
11426732ns          186023 1c0086d4 00a7e723 p.sw             x10, x0(x15)        x10:0000000a x15:00000000  PA:1a10f000
11427051ns          186039 1c0086d8 00000513 addi             x10, x0, 0          x10=00000000
11427071ns          186040 1c0086da 00008067 jalr             x0, x1, 0            x1:1c008782
11427130ns          186043 1c008782 31f52563 p.beqimm         x10, 778            x10:00000000
11427150ns          186044 1c008786 001d8d93 addi             x27, x27, 1         x27=0000003e x27:0000003d
11427170ns          186045 1c008788 00044503 lbu              x10, 0(x8)          x10=00000000  x8:1c00005d  PA:1c00005d
11427468ns          186060 1c00878c 00140413 addi             x8, x8, 1            x8=1c00005e  x8:1c00005d
11427488ns          186061 1c00878e fe0514e3 bne              x10, x0, -24        x10:00000000
11427508ns          186062 1c008790 01b00433 add              x8, x0, x27          x8=0000003e x27:0000003e
11427528ns          186063 1c008792 00800533 add              x10, x0, x8         x10=0000003e  x8:0000003e
11427548ns          186064 1c008794 12c12083 lw               x1, 300(x2)          x1=1c008720  x2:10000678  PA:100007a4
11427568ns          186065 1c008798 12812403 lw               x8, 296(x2)          x8=00000000  x2:10000678  PA:100007a0
11427588ns          186066 1c00879c 12412483 lw               x9, 292(x2)          x9=xxxxxxxx  x2:10000678  PA:1000079c
11428005ns          186087 1c0087a0 12012903 lw               x18, 288(x2)        x18=xxxxxxxx  x2:10000678  PA:10000798
11428045ns          186089 1c0087a4 11c12983 lw               x19, 284(x2)        x19=xxxxxxxx  x2:10000678  PA:10000794
11428065ns          186090 1c0087a8 11812a03 lw               x20, 280(x2)        x20=xxxxxxxx  x2:10000678  PA:10000790
11428085ns          186091 1c0087ac 11412a83 lw               x21, 276(x2)        x21=xxxxxxxx  x2:10000678  PA:1000078c
11428523ns          186113 1c0087b0 11012b03 lw               x22, 272(x2)        x22=xxxxxxxx  x2:10000678  PA:10000788
11428562ns          186115 1c0087b4 10c12b83 lw               x23, 268(x2)        x23=xxxxxxxx  x2:10000678  PA:10000784
11428582ns          186116 1c0087b8 10812c03 lw               x24, 264(x2)        x24=xxxxxxxx  x2:10000678  PA:10000780
11428602ns          186117 1c0087bc 10412c83 lw               x25, 260(x2)        x25=xxxxxxxx  x2:10000678  PA:1000077c
11428622ns          186118 1c0087c0 10012d03 lw               x26, 256(x2)        x26=xxxxxxxx  x2:10000678  PA:10000778
11428642ns          186119 1c0087c4 0fc12d83 lw               x27, 252(x2)        x27=xxxxxxxx  x2:10000678  PA:10000774
11428662ns          186120 1c0087c6 13010113 addi             x2, x2, 304          x2=100007a8  x2:10000678
11428682ns          186121 1c0087c8 00008067 jalr             x0, x1, 0            x1:1c008720
11428761ns          186125 1c008720 01c12083 lw               x1, 28(x2)           x1=1c00818a  x2:100007a8  PA:100007c4
11428781ns          186126 1c008722 04010113 addi             x2, x2, 64           x2=100007e8  x2:100007a8
11428821ns          186128 1c008724 00008067 jalr             x0, x1, 0            x1:1c00818a
11429318ns          186153 1c00818a 00d010ef jal              x1, 6156             x1=1c00818e
11429935ns          186184 1c009996 f14027f3 csrrs            x15, x0, 0xf14      x15=00000000
11429955ns          186185 1c00999a 01f00713 addi             x14, x0, 31         x14=0000001f
11429975ns          186186 1c00999c ca5797b3 p.extractu       x15, x15, 5, 5      x15=00000000 x15:00000000
11430014ns          186188 1c0099a0 00e78863 beq              x15, x14, 16        x15:00000000 x14:0000001f
11430054ns          186190 1c0099a4 002047b7 lui              x15, 0x204000       x15=00204000
11430074ns          186191 1c0099a8 20078793 addi             x15, x15, 512       x15=00204200 x15:00204000
11430094ns          186192 1c0099ac 01c7e703 p.elw            x14, 28(x15)        x14=00010000 x15:00204200  PA:0020421c
11430313ns          186203 1c0099b0 00008067 jalr             x0, x1, 0            x1:1c00818e
11430352ns          186205 1c00818e 00c12083 lw               x1, 12(x2)           x1=1c0098a6  x2:100007e8  PA:100007f4
11430790ns          186227 1c008190 00812403 lw               x8, 8(x2)            x8=xxxxxxxx  x2:100007e8  PA:100007f0
11430810ns          186228 1c008192 00000513 addi             x10, x0, 0          x10=00000000
11430830ns          186229 1c008194 01010113 addi             x2, x2, 16           x2=100007f8  x2:100007e8
11430850ns          186230 1c008196 00008067 jalr             x0, x1, 0            x1:1c0098a6
11430969ns          186236 1c0098a6 f14027f3 csrrs            x15, x0, 0xf14      x15=00000000
11430989ns          186237 1c0098aa f457b7b3 p.bclr           x15, x15, 26, 5     x15=00000000 x15:00000000
11431009ns          186238 1c0098ae 00079963 bne              x15, x0, 18         x15:00000000
11431049ns          186240 1c0098b0 1c001737 lui              x14, 0x1c001000     x14=1c001000
11431088ns          186242 1c0098b4 1c0017b7 lui              x15, 0x1c001000     x15=1c001000
11431108ns          186243 1c0098b8 88a72223 sw               x10, -1916(x14)     x10:00000000 x14:1c001000  PA:1c000884
11431427ns          186259 1c0098bc 8807a423 sw               x0, -1912(x15)      x15:1c001000  PA:1c000888
11431765ns          186276 1c0098c0 002047b7 lui              x15, 0x204000       x15=00204000
11431785ns          186277 1c0098c4 fff00713 addi             x14, x0, -1         x14=ffffffff
11431805ns          186278 1c0098c6 00e7a223 sw               x14, 4(x15)         x14:ffffffff x15:00204000  PA:00204004
