                Time          Cycles PC       Instr    Mnemonic
11267328ns          178009 1c008080 0640006f jal              x0, 100            
11267785ns          178032 1c0080e4 f1402573 csrrs            x10, x0, 0xf14      x10=00000002
11267825ns          178034 1c0080e8 01f57593 andi             x11, x10, 31        x11=00000002 x10:00000002
11267845ns          178035 1c0080ec 00555513 srli             x10, x10, 0x5       x10=00000000 x10:00000002
11267865ns          178036 1c0080ee 01f00613 addi             x12, x0, 31         x12=0000001f
11268283ns          178057 1c0080f0 00c50463 beq              x10, x12, 8         x10:00000000 x12:0000001f
11268322ns          178059 1c0080f4 fa1ff06f jal              x0, -96            
11268780ns          178082 1c008094 f3ff8117 auipc            x2, 0xf3ff8000       x2=10000094
11268820ns          178084 1c008098 f7010113 addi             x2, x2, -144         x2=10000004  x2:10000094
11268840ns          178085 1c00809c 00012103 lw               x2, 0(x2)            x2=10000008  x2:10000004  PA:10000004
11269277ns          178107 1c0080a0 000011b7 lui              x3, 0x1000           x3=00001000
11269317ns          178109 1c0080a4 80018193 addi             x3, x3, -2048        x3=00000800  x3:00001000
11269337ns          178110 1c0080a8 00158593 addi             x11, x11, 1         x11=00000003 x11:00000002
11269357ns          178111 1c0080ac 02b180b3 mul              x1, x3, x11          x1=00001800  x3:00000800 x11:00000003
11269794ns          178133 1c0080b0 00110133 add              x2, x2, x1           x2=10001808  x2:10000008  x1:00001800
11269834ns          178135 1c0080b4 7cc0106f jal              x0, 6092           
11270312ns          178159 1c009880 ff010113 addi             x2, x2, -16          x2=100017f8  x2:10001808
11270331ns          178160 1c009882 00112623 sw               x1, 12(x2)           x1:00001800  x2:100017f8  PA:10001804
11270351ns          178161 1c009884 002047b7 lui              x15, 0x204000       x15=00204000
11270371ns          178162 1c009888 00070737 lui              x14, 0x70000        x14=00070000
11270391ns          178163 1c00988c 00e7a423 sw               x14, 8(x15)         x14:00070000 x15:00204000  PA:00204008
11270411ns          178164 1c00988e 00f00713 addi             x14, x0, 15         x14=0000000f
11270829ns          178185 1c009890 20078793 addi             x15, x15, 512       x15=00204200 x15:00204000
11270868ns          178187 1c009894 00e7a023 sw               x14, 0(x15)         x14:0000000f x15:00204200  PA:00204200
11270888ns          178188 1c009898 00e7a623 sw               x14, 12(x15)        x14:0000000f x15:00204200  PA:0020420c
11270908ns          178189 1c00989c 1c0017b7 lui              x15, 0x1c001000     x15=1c001000
11271346ns          178211 1c0098a0 8b47a783 lw               x15, -1868(x15)     x15=1c00813e x15:1c001000  PA:1c0008b4
11271724ns          178230 1c0098a4 000780e7 jalr             x1, x15, 0           x1=1c0098a6 x15:1c00813e
11272897ns          178289 1c00813e f14025f3 csrrs            x11, x0, 0xf14      x11=00000002
11272937ns          178291 1c008142 ca5597b3 p.extractu       x15, x11, 5, 5      x15=00000000 x11:00000002
11272957ns          178292 1c008146 04079963 bne              x15, x0, 82         x15:00000000
11272977ns          178293 1c008148 ff010113 addi             x2, x2, -16          x2=100017e8  x2:100017f8
11272997ns          178294 1c00814a 00812423 sw               x8, 8(x2)            x8:xxxxxxxx  x2:100017e8  PA:100017f0
11273017ns          178295 1c00814c 00112623 sw               x1, 12(x2)           x1:1c0098a6  x2:100017e8  PA:100017f4
11273414ns          178315 1c00814e f455b433 p.bclr           x8, x11, 26, 5       x8=00000002 x11:00000002
11273454ns          178317 1c008152 045010ef jal              x1, 6212             x1=1c008156
11273952ns          178342 1c009996 f14027f3 csrrs            x15, x0, 0xf14      x15=00000002
11273971ns          178343 1c00999a 01f00713 addi             x14, x0, 31         x14=0000001f
11273991ns          178344 1c00999c ca5797b3 p.extractu       x15, x15, 5, 5      x15=00000000 x15:00000002
11274429ns          178366 1c0099a0 00e78863 beq              x15, x14, 16        x15:00000000 x14:0000001f
11274469ns          178368 1c0099a4 002047b7 lui              x15, 0x204000       x15=00204000
11274489ns          178369 1c0099a8 20078793 addi             x15, x15, 512       x15=00204200 x15:00204000
11274508ns          178370 1c0099ac 01c7e703 p.elw            x14, 28(x15)        x14=00010000 x15:00204200  PA:0020421c
11274946ns          178392 1c0099b0 00008067 jalr             x0, x1, 0            x1:1c008156
11275006ns          178395 1c008156 c0002673 csrrs            x12, x0, 0xc00      x12=00000000
11275026ns          178396 1c00815a 001c0737 lui              x14, 0x1c0000       x14=001c0000
11275046ns          178397 1c00815e 00870733 add              x14, x14, x8        x14=001c0002 x14:001c0000  x8:00000002
11275463ns          178418 1c008160 00871713 slli             x14, x14, 0x8       x14=1c000200 x14:001c0002
11275503ns          178420 1c008162 032250fb lp.setupi        0x1, 0x32, 0x4     
11275523ns          178421 1c008166 0047268b p.lw             x13, 4(x14!)        x13=00000000 x14=1c000204 x14:1c000200  PA:1c000200
11275821ns          178436 1c00816a 00000013 nop                                 
11275841ns          178437 1c008166 0047268b p.lw             x13, 4(x14!)        x13=00000000 x14=1c000208 x14:1c000204  PA:1c000204
11276139ns          178452 1c00816a 00000013 nop                                 
11276159ns          178453 1c008166 0047268b p.lw             x13, 4(x14!)        x13=00000000 x14=1c00020c x14:1c000208  PA:1c000208
11276458ns          178468 1c00816a 00000013 nop                                 
11276478ns          178469 1c008166 0047268b p.lw             x13, 4(x14!)        x13=00000000 x14=1c000210 x14:1c00020c  PA:1c00020c
11276796ns          178485 1c00816a 00000013 nop                                 
11276816ns          178486 1c008166 0047268b p.lw             x13, 4(x14!)        x13=00000000 x14=1c000214 x14:1c000210  PA:1c000210
11277114ns          178501 1c00816a 00000013 nop                                 
11277134ns          178502 1c008166 0047268b p.lw             x13, 4(x14!)        x13=00000000 x14=1c000218 x14:1c000214  PA:1c000214
11277432ns          178517 1c00816a 00000013 nop                                 
11277452ns          178518 1c008166 0047268b p.lw             x13, 4(x14!)        x13=00000000 x14=1c00021c x14:1c000218  PA:1c000218
11277751ns          178533 1c00816a 00000013 nop                                 
11277771ns          178534 1c008166 0047268b p.lw             x13, 4(x14!)        x13=00000000 x14=1c000220 x14:1c00021c  PA:1c00021c
11278089ns          178550 1c00816a 00000013 nop                                 
11278109ns          178551 1c008166 0047268b p.lw             x13, 4(x14!)        x13=00000000 x14=1c000224 x14:1c000220  PA:1c000220
11278407ns          178566 1c00816a 00000013 nop                                 
11278427ns          178567 1c008166 0047268b p.lw             x13, 4(x14!)        x13=00000000 x14=1c000228 x14:1c000224  PA:1c000224
11278725ns          178582 1c00816a 00000013 nop                                 
11278745ns          178583 1c008166 0047268b p.lw             x13, 4(x14!)        x13=00000000 x14=1c00022c x14:1c000228  PA:1c000228
11279044ns          178598 1c00816a 00000013 nop                                 
11279063ns          178599 1c008166 0047268b p.lw             x13, 4(x14!)        x13=00000000 x14=1c000230 x14:1c00022c  PA:1c00022c
11279362ns          178614 1c00816a 00000013 nop                                 
11279382ns          178615 1c008166 0047268b p.lw             x13, 4(x14!)        x13=00000000 x14=1c000234 x14:1c000230  PA:1c000230
11279680ns          178630 1c00816a 00000013 nop                                 
11279700ns          178631 1c008166 0047268b p.lw             x13, 4(x14!)        x13=00000000 x14=1c000238 x14:1c000234  PA:1c000234
11279998ns          178646 1c00816a 00000013 nop                                 
11280018ns          178647 1c008166 0047268b p.lw             x13, 4(x14!)        x13=00000000 x14=1c00023c x14:1c000238  PA:1c000238
11280317ns          178662 1c00816a 00000013 nop                                 
11280336ns          178663 1c008166 0047268b p.lw             x13, 4(x14!)        x13=00000000 x14=1c000240 x14:1c00023c  PA:1c00023c
11280635ns          178678 1c00816a 00000013 nop                                 
11280655ns          178679 1c008166 0047268b p.lw             x13, 4(x14!)        x13=00000000 x14=1c000244 x14:1c000240  PA:1c000240
11280953ns          178694 1c00816a 00000013 nop                                 
11280973ns          178695 1c008166 0047268b p.lw             x13, 4(x14!)        x13=00000000 x14=1c000248 x14:1c000244  PA:1c000244
11281271ns          178710 1c00816a 00000013 nop                                 
11281291ns          178711 1c008166 0047268b p.lw             x13, 4(x14!)        x13=00000000 x14=1c00024c x14:1c000248  PA:1c000248
11281590ns          178726 1c00816a 00000013 nop                                 
11281609ns          178727 1c008166 0047268b p.lw             x13, 4(x14!)        x13=00000000 x14=1c000250 x14:1c00024c  PA:1c00024c
11281908ns          178742 1c00816a 00000013 nop                                 
11281928ns          178743 1c008166 0047268b p.lw             x13, 4(x14!)        x13=00000000 x14=1c000254 x14:1c000250  PA:1c000250
11282226ns          178758 1c00816a 00000013 nop                                 
11282246ns          178759 1c008166 0047268b p.lw             x13, 4(x14!)        x13=00000000 x14=1c000258 x14:1c000254  PA:1c000254
11282544ns          178774 1c00816a 00000013 nop                                 
11282564ns          178775 1c008166 0047268b p.lw             x13, 4(x14!)        x13=00000000 x14=1c00025c x14:1c000258  PA:1c000258
11282863ns          178790 1c00816a 00000013 nop                                 
11282882ns          178791 1c008166 0047268b p.lw             x13, 4(x14!)        x13=00000000 x14=1c000260 x14:1c00025c  PA:1c00025c
11283181ns          178806 1c00816a 00000013 nop                                 
11283201ns          178807 1c008166 0047268b p.lw             x13, 4(x14!)        x13=00000000 x14=1c000264 x14:1c000260  PA:1c000260
11283519ns          178823 1c00816a 00000013 nop                                 
11283539ns          178824 1c008166 0047268b p.lw             x13, 4(x14!)        x13=00000000 x14=1c000268 x14:1c000264  PA:1c000264
11283837ns          178839 1c00816a 00000013 nop                                 
11283857ns          178840 1c008166 0047268b p.lw             x13, 4(x14!)        x13=00000000 x14=1c00026c x14:1c000268  PA:1c000268
11284155ns          178855 1c00816a 00000013 nop                                 
11284175ns          178856 1c008166 0047268b p.lw             x13, 4(x14!)        x13=00000000 x14=1c000270 x14:1c00026c  PA:1c00026c
11284474ns          178871 1c00816a 00000013 nop                                 
11284494ns          178872 1c008166 0047268b p.lw             x13, 4(x14!)        x13=00000000 x14=1c000274 x14:1c000270  PA:1c000270
11284812ns          178888 1c00816a 00000013 nop                                 
11284832ns          178889 1c008166 0047268b p.lw             x13, 4(x14!)        x13=00000000 x14=1c000278 x14:1c000274  PA:1c000274
11285130ns          178904 1c00816a 00000013 nop                                 
11285150ns          178905 1c008166 0047268b p.lw             x13, 4(x14!)        x13=00000000 x14=1c00027c x14:1c000278  PA:1c000278
11285448ns          178920 1c00816a 00000013 nop                                 
11285468ns          178921 1c008166 0047268b p.lw             x13, 4(x14!)        x13=00000000 x14=1c000280 x14:1c00027c  PA:1c00027c
11285767ns          178936 1c00816a 00000013 nop                                 
11285787ns          178937 1c008166 0047268b p.lw             x13, 4(x14!)        x13=00000000 x14=1c000284 x14:1c000280  PA:1c000280
11286105ns          178953 1c00816a 00000013 nop                                 
11286125ns          178954 1c008166 0047268b p.lw             x13, 4(x14!)        x13=00000000 x14=1c000288 x14:1c000284  PA:1c000284
11286443ns          178970 1c00816a 00000013 nop                                 
11286463ns          178971 1c008166 0047268b p.lw             x13, 4(x14!)        x13=00000000 x14=1c00028c x14:1c000288  PA:1c000288
11286761ns          178986 1c00816a 00000013 nop                                 
11286781ns          178987 1c008166 0047268b p.lw             x13, 4(x14!)        x13=00000000 x14=1c000290 x14:1c00028c  PA:1c00028c
11287079ns          179002 1c00816a 00000013 nop                                 
11287099ns          179003 1c008166 0047268b p.lw             x13, 4(x14!)        x13=00000000 x14=1c000294 x14:1c000290  PA:1c000290
11287418ns          179019 1c00816a 00000013 nop                                 
11287437ns          179020 1c008166 0047268b p.lw             x13, 4(x14!)        x13=00000000 x14=1c000298 x14:1c000294  PA:1c000294
11287756ns          179036 1c00816a 00000013 nop                                 
11287776ns          179037 1c008166 0047268b p.lw             x13, 4(x14!)        x13=00000000 x14=1c00029c x14:1c000298  PA:1c000298
11288074ns          179052 1c00816a 00000013 nop                                 
11288094ns          179053 1c008166 0047268b p.lw             x13, 4(x14!)        x13=00000000 x14=1c0002a0 x14:1c00029c  PA:1c00029c
11288392ns          179068 1c00816a 00000013 nop                                 
11288412ns          179069 1c008166 0047268b p.lw             x13, 4(x14!)        x13=00000000 x14=1c0002a4 x14:1c0002a0  PA:1c0002a0
11288730ns          179085 1c00816a 00000013 nop                                 
11288750ns          179086 1c008166 0047268b p.lw             x13, 4(x14!)        x13=00000000 x14=1c0002a8 x14:1c0002a4  PA:1c0002a4
11289049ns          179101 1c00816a 00000013 nop                                 
11289068ns          179102 1c008166 0047268b p.lw             x13, 4(x14!)        x13=00000000 x14=1c0002ac x14:1c0002a8  PA:1c0002a8
11289367ns          179117 1c00816a 00000013 nop                                 
11289387ns          179118 1c008166 0047268b p.lw             x13, 4(x14!)        x13=00000000 x14=1c0002b0 x14:1c0002ac  PA:1c0002ac
11289685ns          179133 1c00816a 00000013 nop                                 
11289705ns          179134 1c008166 0047268b p.lw             x13, 4(x14!)        x13=00000000 x14=1c0002b4 x14:1c0002b0  PA:1c0002b0
11290003ns          179149 1c00816a 00000013 nop                                 
11290023ns          179150 1c008166 0047268b p.lw             x13, 4(x14!)        x13=00000000 x14=1c0002b8 x14:1c0002b4  PA:1c0002b4
11290322ns          179165 1c00816a 00000013 nop                                 
11290341ns          179166 1c008166 0047268b p.lw             x13, 4(x14!)        x13=00000000 x14=1c0002bc x14:1c0002b8  PA:1c0002b8
11290640ns          179181 1c00816a 00000013 nop                                 
11290660ns          179182 1c008166 0047268b p.lw             x13, 4(x14!)        x13=00000000 x14=1c0002c0 x14:1c0002bc  PA:1c0002bc
11290958ns          179197 1c00816a 00000013 nop                                 
11290978ns          179198 1c008166 0047268b p.lw             x13, 4(x14!)        x13=00000000 x14=1c0002c4 x14:1c0002c0  PA:1c0002c0
11291276ns          179213 1c00816a 00000013 nop                                 
11291296ns          179214 1c008166 0047268b p.lw             x13, 4(x14!)        x13=00000000 x14=1c0002c8 x14:1c0002c4  PA:1c0002c4
11291595ns          179229 1c00816a 00000013 nop                                 
11291615ns          179230 1c00816c c00026f3 csrrs            x13, x0, 0xc00      x13=00000000
11291634ns          179231 1c008170 03200713 addi             x14, x0, 50         x14=00000032
11291654ns          179232 1c008174 40c686b3 sub              x13, x13, x12       x13=00000000 x13:00000000 x12:00000000
11291674ns          179233 1c008176 02e6d733 divu             x14, x13, x14       x14=00000000 x13:00000000 x14:00000032
11292251ns          179262 1c00817a 1c000537 lui              x10, 0x1c000000     x10=1c000000
11292271ns          179263 1c00817e 008005b3 add              x11, x0, x8         x11=00000002  x8:00000002
11292291ns          179264 1c008180 03200613 addi             x12, x0, 50         x12=00000032
11292311ns          179265 1c008184 01c50513 addi             x10, x10, 28        x10=1c00001c x10:1c000000
11292331ns          179266 1c008188 570000ef jal              x1, 1392             x1=1c00818a
11293206ns          179310 1c0086f8 fc010113 addi             x2, x2, -64          x2=100017a8  x2:100017e8
11293246ns          179312 1c0086fa 02410313 addi             x6, x2, 36           x6=100017cc  x2:100017a8
11293265ns          179313 1c0086fe 02c12423 sw               x12, 40(x2)         x12:00000032  x2:100017a8  PA:100017d0
11293683ns          179334 1c008700 00a00633 add              x12, x0, x10        x12=1c00001c x10:1c00001c
11293723ns          179336 1c008702 1c008537 lui              x10, 0x1c008000     x10=1c008000
11293743ns          179337 1c008706 02b12223 sw               x11, 36(x2)         x11:00000002  x2:100017a8  PA:100017cc
11293763ns          179338 1c008708 02d12623 sw               x13, 44(x2)         x13:00000000  x2:100017a8  PA:100017d4
11293783ns          179339 1c00870a 00200593 addi             x11, x0, 2          x11=00000002
11293802ns          179340 1c00870c 006006b3 add              x13, x0, x6         x13=100017cc  x6:100017cc
11294220ns          179361 1c00870e 6b450513 addi             x10, x10, 1716      x10=1c0086b4 x10:1c008000
11294240ns          179362 1c008712 00112e23 sw               x1, 28(x2)           x1:1c00818a  x2:100017a8  PA:100017c4
11294260ns          179363 1c008714 02e12823 sw               x14, 48(x2)         x14:00000000  x2:100017a8  PA:100017d8
11294280ns          179364 1c008716 02f12a23 sw               x15, 52(x2)         x15:00204200  x2:100017a8  PA:100017dc
11294300ns          179365 1c008718 03012c23 sw               x16, 56(x2)         x16:xxxxxxxx  x2:100017a8  PA:100017e0
11294320ns          179366 1c00871a 03112e23 sw               x17, 60(x2)         x17:xxxxxxxx  x2:100017a8  PA:100017e4
11294340ns          179367 1c00871c 00612623 sw               x6, 12(x2)           x6:100017cc  x2:100017a8  PA:100017b4
11294359ns          179368 1c00871e fbfff0ef jal              x1, -66              x1=1c008720
11295195ns          179410 1c0086dc 04a0006f jal              x0, 74             
11295235ns          179412 1c008726 ed010113 addi             x2, x2, -304         x2=10001678  x2:100017a8
11295255ns          179413 1c008728 12812423 sw               x8, 296(x2)          x8:00000002  x2:10001678  PA:100017a0
11295274ns          179414 1c00872c 00000413 addi             x8, x0, 0            x8=00000000
11295732ns          179437 1c00872e 11612823 sw               x22, 272(x2)        x22:xxxxxxxx  x2:10001678  PA:10001788
11295772ns          179439 1c008732 11712623 sw               x23, 268(x2)        x23:xxxxxxxx  x2:10001678  PA:10001784
11295792ns          179440 1c008736 11812423 sw               x24, 264(x2)        x24:xxxxxxxx  x2:10001678  PA:10001780
11295811ns          179441 1c00873a 11912223 sw               x25, 260(x2)        x25:xxxxxxxx  x2:10001678  PA:1000177c
11296249ns          179463 1c00873e 11a12023 sw               x26, 256(x2)        x26:xxxxxxxx  x2:10001678  PA:10001778
11296269ns          179464 1c008742 0fb12e23 sw               x27, 252(x2)        x27:xxxxxxxx  x2:10001678  PA:10001774
11296289ns          179465 1c008744 12112623 sw               x1, 300(x2)          x1:1c008720  x2:10001678  PA:100017a4
11296309ns          179466 1c008748 00800db3 add              x27, x0, x8         x27=00000000  x8:00000000
11296329ns          179467 1c00874a 12912223 sw               x9, 292(x2)          x9:xxxxxxxx  x2:10001678  PA:1000179c
11296766ns          179489 1c00874e 13212023 sw               x18, 288(x2)        x18:xxxxxxxx  x2:10001678  PA:10001798
11296806ns          179491 1c008752 11312e23 sw               x19, 284(x2)        x19:xxxxxxxx  x2:10001678  PA:10001794
11296826ns          179492 1c008756 11412c23 sw               x20, 280(x2)        x20:xxxxxxxx  x2:10001678  PA:10001790
11296846ns          179493 1c00875a 11512a23 sw               x21, 276(x2)        x21:xxxxxxxx  x2:10001678  PA:1000178c
11296866ns          179494 1c00875e 00a00b33 add              x22, x0, x10        x22=1c0086b4 x10:1c0086b4
11297283ns          179515 1c008760 00b00d33 add              x26, x0, x11        x26=00000002 x11:00000002
11297303ns          179516 1c008762 00d00c33 add              x24, x0, x13        x24=100017cc x13:100017cc
11297323ns          179517 1c008764 1c000bb7 lui              x23, 0x1c000000     x23=1c000000
11297343ns          179518 1c008768 02410c93 addi             x25, x2, 36         x25=1000169c  x2:10001678
11297363ns          179519 1c00876c 00c00433 add              x8, x0, x12          x8=1c00001c x12:1c00001c
11297801ns          179541 1c00876e 00044503 lbu              x10, 0(x8)          x10=00000043  x8:1c00001c  PA:1c00001c
11298119ns          179557 1c008772 00140413 addi             x8, x8, 1            x8=1c00001d  x8:1c00001c
11298139ns          179558 1c008774 00050e63 beq              x10, x0, 28         x10:00000043
11298159ns          179559 1c008776 02500793 addi             x15, x0, 37         x15=00000025
11298178ns          179560 1c00877a 04f50863 beq              x10, x15, 80        x10:00000043 x15:00000025
11298198ns          179561 1c00877e 01a005b3 add              x11, x0, x26        x11=00000002 x26:00000002
11298357ns          179569 1c008780 000b00e7 jalr             x1, x22, 0           x1=1c008782 x22:1c0086b4
11298815ns          179592 1c0086b4 000026b7 lui              x13, 0x2000         x13=00002000
11298855ns          179594 1c0086b6 f14027f3 csrrs            x15, x0, 0xf14      x15=00000002
11298875ns          179595 1c0086ba f8068693 addi             x13, x13, -128      x13=00001f80 x13:00002000
11299312ns          179617 1c0086be 00379713 slli             x14, x15, 0x3       x14=00000010 x15:00000002
11299332ns          179618 1c0086c2 00279793 slli             x15, x15, 0x2       x15=00000008 x15:00000002
11299352ns          179619 1c0086c4 00d7f7b3 and              x15, x15, x13       x15=00000000 x15:00000008 x13:00001f80
11299372ns          179620 1c0086c6 ee873733 p.bclr           x14, x14, 23, 8     x14=00000010 x14:00000010
11299392ns          179621 1c0086ca 1a10f6b7 lui              x13, 0x1a10f000     x13=1a10f000
11299412ns          179622 1c0086ce 0ff57513 andi             x10, x10, 255       x10=00000043 x10:00000043
11299432ns          179623 1c0086d2 00d70733 add              x14, x14, x13       x14=1a10f010 x14:00000010 x13:1a10f000
11299451ns          179624 1c0086d4 00a7e723 p.sw             x10, x0(x15)        x10:00000043 x15:00000000  PA:1a10f010
11299849ns          179644 1c0086d8 00000513 addi             x10, x0, 0          x10=00000000
11299869ns          179645 1c0086da 00008067 jalr             x0, x1, 0            x1:1c008782
11299969ns          179650 1c008782 31f52563 p.beqimm         x10, 778            x10:00000000
11299989ns          179651 1c008786 001d8d93 addi             x27, x27, 1         x27=00000001 x27:00000000
11300008ns          179652 1c008788 00044503 lbu              x10, 0(x8)          x10=0000006f  x8:1c00001d  PA:1c00001d
11300466ns          179675 1c00878c 00140413 addi             x8, x8, 1            x8=1c00001e  x8:1c00001d
11300486ns          179676 1c00878e fe0514e3 bne              x10, x0, -24        x10:0000006f
11300565ns          179680 1c008776 02500793 addi             x15, x0, 37         x15=00000025
11300585ns          179681 1c00877a 04f50863 beq              x10, x15, 80        x10:0000006f x15:00000025
11300605ns          179682 1c00877e 01a005b3 add              x11, x0, x26        x11=00000002 x26:00000002
11300625ns          179683 1c008780 000b00e7 jalr             x1, x22, 0           x1=1c008782 x22:1c0086b4
11300665ns          179685 1c0086b4 000026b7 lui              x13, 0x2000         x13=00002000
11300685ns          179686 1c0086b6 f14027f3 csrrs            x15, x0, 0xf14      x15=00000002
11300705ns          179687 1c0086ba f8068693 addi             x13, x13, -128      x13=00001f80 x13:00002000
11300724ns          179688 1c0086be 00379713 slli             x14, x15, 0x3       x14=00000010 x15:00000002
11300744ns          179689 1c0086c2 00279793 slli             x15, x15, 0x2       x15=00000008 x15:00000002
11300764ns          179690 1c0086c4 00d7f7b3 and              x15, x15, x13       x15=00000000 x15:00000008 x13:00001f80
11300784ns          179691 1c0086c6 ee873733 p.bclr           x14, x14, 23, 8     x14=00000010 x14:00000010
11300804ns          179692 1c0086ca 1a10f6b7 lui              x13, 0x1a10f000     x13=1a10f000
11300824ns          179693 1c0086ce 0ff57513 andi             x10, x10, 255       x10=0000006f x10:0000006f
11300844ns          179694 1c0086d2 00d70733 add              x14, x14, x13       x14=1a10f010 x14:00000010 x13:1a10f000
11300864ns          179695 1c0086d4 00a7e723 p.sw             x10, x0(x15)        x10:0000006f x15:00000000  PA:1a10f010
11301242ns          179714 1c0086d8 00000513 addi             x10, x0, 0          x10=00000000
11301262ns          179715 1c0086da 00008067 jalr             x0, x1, 0            x1:1c008782
11301321ns          179718 1c008782 31f52563 p.beqimm         x10, 778            x10:00000000
11301341ns          179719 1c008786 001d8d93 addi             x27, x27, 1         x27=00000002 x27:00000001
11301361ns          179720 1c008788 00044503 lbu              x10, 0(x8)          x10=00000072  x8:1c00001e  PA:1c00001e
11301659ns          179735 1c00878c 00140413 addi             x8, x8, 1            x8=1c00001f  x8:1c00001e
11301679ns          179736 1c00878e fe0514e3 bne              x10, x0, -24        x10:00000072
11301759ns          179740 1c008776 02500793 addi             x15, x0, 37         x15=00000025
11301779ns          179741 1c00877a 04f50863 beq              x10, x15, 80        x10:00000072 x15:00000025
11301799ns          179742 1c00877e 01a005b3 add              x11, x0, x26        x11=00000002 x26:00000002
11301818ns          179743 1c008780 000b00e7 jalr             x1, x22, 0           x1=1c008782 x22:1c0086b4
11301858ns          179745 1c0086b4 000026b7 lui              x13, 0x2000         x13=00002000
11301878ns          179746 1c0086b6 f14027f3 csrrs            x15, x0, 0xf14      x15=00000002
11301898ns          179747 1c0086ba f8068693 addi             x13, x13, -128      x13=00001f80 x13:00002000
11301918ns          179748 1c0086be 00379713 slli             x14, x15, 0x3       x14=00000010 x15:00000002
11301938ns          179749 1c0086c2 00279793 slli             x15, x15, 0x2       x15=00000008 x15:00000002
11301958ns          179750 1c0086c4 00d7f7b3 and              x15, x15, x13       x15=00000000 x15:00000008 x13:00001f80
11301978ns          179751 1c0086c6 ee873733 p.bclr           x14, x14, 23, 8     x14=00000010 x14:00000010
11301997ns          179752 1c0086ca 1a10f6b7 lui              x13, 0x1a10f000     x13=1a10f000
11302017ns          179753 1c0086ce 0ff57513 andi             x10, x10, 255       x10=00000072 x10:00000072
11302037ns          179754 1c0086d2 00d70733 add              x14, x14, x13       x14=1a10f010 x14:00000010 x13:1a10f000
11302057ns          179755 1c0086d4 00a7e723 p.sw             x10, x0(x15)        x10:00000072 x15:00000000  PA:1a10f010
11302375ns          179771 1c0086d8 00000513 addi             x10, x0, 0          x10=00000000
11302395ns          179772 1c0086da 00008067 jalr             x0, x1, 0            x1:1c008782
11302455ns          179775 1c008782 31f52563 p.beqimm         x10, 778            x10:00000000
11302475ns          179776 1c008786 001d8d93 addi             x27, x27, 1         x27=00000003 x27:00000002
11302495ns          179777 1c008788 00044503 lbu              x10, 0(x8)          x10=00000065  x8:1c00001f  PA:1c00001f
11302793ns          179792 1c00878c 00140413 addi             x8, x8, 1            x8=1c000020  x8:1c00001f
11302813ns          179793 1c00878e fe0514e3 bne              x10, x0, -24        x10:00000065
11302893ns          179797 1c008776 02500793 addi             x15, x0, 37         x15=00000025
11302912ns          179798 1c00877a 04f50863 beq              x10, x15, 80        x10:00000065 x15:00000025
11302932ns          179799 1c00877e 01a005b3 add              x11, x0, x26        x11=00000002 x26:00000002
11302952ns          179800 1c008780 000b00e7 jalr             x1, x22, 0           x1=1c008782 x22:1c0086b4
11302992ns          179802 1c0086b4 000026b7 lui              x13, 0x2000         x13=00002000
11303012ns          179803 1c0086b6 f14027f3 csrrs            x15, x0, 0xf14      x15=00000002
11303032ns          179804 1c0086ba f8068693 addi             x13, x13, -128      x13=00001f80 x13:00002000
11303052ns          179805 1c0086be 00379713 slli             x14, x15, 0x3       x14=00000010 x15:00000002
11303072ns          179806 1c0086c2 00279793 slli             x15, x15, 0x2       x15=00000008 x15:00000002
11303091ns          179807 1c0086c4 00d7f7b3 and              x15, x15, x13       x15=00000000 x15:00000008 x13:00001f80
11303111ns          179808 1c0086c6 ee873733 p.bclr           x14, x14, 23, 8     x14=00000010 x14:00000010
11303131ns          179809 1c0086ca 1a10f6b7 lui              x13, 0x1a10f000     x13=1a10f000
11303151ns          179810 1c0086ce 0ff57513 andi             x10, x10, 255       x10=00000065 x10:00000065
11303171ns          179811 1c0086d2 00d70733 add              x14, x14, x13       x14=1a10f010 x14:00000010 x13:1a10f000
11303191ns          179812 1c0086d4 00a7e723 p.sw             x10, x0(x15)        x10:00000065 x15:00000000  PA:1a10f010
11303549ns          179830 1c0086d8 00000513 addi             x10, x0, 0          x10=00000000
11303569ns          179831 1c0086da 00008067 jalr             x0, x1, 0            x1:1c008782
11303629ns          179834 1c008782 31f52563 p.beqimm         x10, 778            x10:00000000
11303648ns          179835 1c008786 001d8d93 addi             x27, x27, 1         x27=00000004 x27:00000003
11303668ns          179836 1c008788 00044503 lbu              x10, 0(x8)          x10=00000020  x8:1c000020  PA:1c000020
11303967ns          179851 1c00878c 00140413 addi             x8, x8, 1            x8=1c000021  x8:1c000020
11303987ns          179852 1c00878e fe0514e3 bne              x10, x0, -24        x10:00000020
11304066ns          179856 1c008776 02500793 addi             x15, x0, 37         x15=00000025
11304086ns          179857 1c00877a 04f50863 beq              x10, x15, 80        x10:00000020 x15:00000025
11304106ns          179858 1c00877e 01a005b3 add              x11, x0, x26        x11=00000002 x26:00000002
11304126ns          179859 1c008780 000b00e7 jalr             x1, x22, 0           x1=1c008782 x22:1c0086b4
11304166ns          179861 1c0086b4 000026b7 lui              x13, 0x2000         x13=00002000
11304185ns          179862 1c0086b6 f14027f3 csrrs            x15, x0, 0xf14      x15=00000002
11304205ns          179863 1c0086ba f8068693 addi             x13, x13, -128      x13=00001f80 x13:00002000
11304225ns          179864 1c0086be 00379713 slli             x14, x15, 0x3       x14=00000010 x15:00000002
11304245ns          179865 1c0086c2 00279793 slli             x15, x15, 0x2       x15=00000008 x15:00000002
11304265ns          179866 1c0086c4 00d7f7b3 and              x15, x15, x13       x15=00000000 x15:00000008 x13:00001f80
11304285ns          179867 1c0086c6 ee873733 p.bclr           x14, x14, 23, 8     x14=00000010 x14:00000010
11304305ns          179868 1c0086ca 1a10f6b7 lui              x13, 0x1a10f000     x13=1a10f000
11304325ns          179869 1c0086ce 0ff57513 andi             x10, x10, 255       x10=00000020 x10:00000020
11304345ns          179870 1c0086d2 00d70733 add              x14, x14, x13       x14=1a10f010 x14:00000010 x13:1a10f000
11304364ns          179871 1c0086d4 00a7e723 p.sw             x10, x0(x15)        x10:00000020 x15:00000000  PA:1a10f010
11304703ns          179888 1c0086d8 00000513 addi             x10, x0, 0          x10=00000000
11304723ns          179889 1c0086da 00008067 jalr             x0, x1, 0            x1:1c008782
11304782ns          179892 1c008782 31f52563 p.beqimm         x10, 778            x10:00000000
11304802ns          179893 1c008786 001d8d93 addi             x27, x27, 1         x27=00000005 x27:00000004
11304822ns          179894 1c008788 00044503 lbu              x10, 0(x8)          x10=00000025  x8:1c000021  PA:1c000021
11305120ns          179909 1c00878c 00140413 addi             x8, x8, 1            x8=1c000022  x8:1c000021
11305140ns          179910 1c00878e fe0514e3 bne              x10, x0, -24        x10:00000025
11305220ns          179914 1c008776 02500793 addi             x15, x0, 37         x15=00000025
11305240ns          179915 1c00877a 04f50863 beq              x10, x15, 80        x10:00000025 x15:00000025
11305657ns          179936 1c0087ca 00044483 lbu              x9, 0(x8)            x9=00000064  x8:1c000022  PA:1c000022
11306155ns          179961 1c0087ce 02000693 addi             x13, x0, 32         x13=00000020
11306175ns          179962 1c0087d2 00140a93 addi             x21, x8, 1          x21=1c000023  x8:1c000022
11306194ns          179963 1c0087d6 009005b3 add              x11, x0, x9         x11=00000064  x9:00000064
11306214ns          179964 1c0087d8 064b8513 addi             x10, x23, 100       x10=1c000064 x23:1c000000
11306234ns          179965 1c0087dc 00d12823 sw               x13, 16(x2)         x13:00000020  x2:10001678  PA:10001688
11306254ns          179966 1c0087de 00012c23 sw               x0, 24(x2)           x2:10001678  PA:10001690
11306612ns          179984 1c0087e0 00012a23 sw               x0, 20(x2)           x2:10001678  PA:1000168c
11306632ns          179985 1c0087e2 00012e23 sw               x0, 28(x2)           x2:10001678  PA:10001694
11306652ns          179986 1c0087e4 00012623 sw               x0, 12(x2)           x2:10001678  PA:10001684
11306672ns          179987 1c0087e6 02300913 addi             x18, x0, 35         x18=00000023
11306692ns          179988 1c0087ea 02d00a13 addi             x20, x0, 45         x20=0000002d
11306712ns          179989 1c0087ee 015009b3 add              x19, x0, x21        x19=1c000023 x21:1c000023
11307129ns          180010 1c0087f0 e97ff0ef jal              x1, -362             x1=1c0087f2
11307646ns          180036 1c008686 00054783 lbu              x15, 0(x10)         x15=0000002d x10:1c000064  PA:1c000064
11308104ns          180059 1c00868a 0ff5f593 andi             x11, x11, 255       x11=00000064 x11:00000064
11308124ns          180060 1c00868e 00b78c63 beq              x15, x11, 24        x15:0000002d x11:00000064
11308144ns          180061 1c008692 00078b63 beq              x15, x0, 22         x15:0000002d
11308164ns          180062 1c008694 00150793 addi             x15, x10, 1         x15=1c000065 x10:1c000064
11308183ns          180063 1c008698 0040006f jal              x0, 4              
11308223ns          180065 1c00869c 00f00533 add              x10, x0, x15        x10=1c000065 x15:1c000065
11308661ns          180087 1c00869e 0017c70b p.lbu            x14, 1(x15!)        x14=0000002b x15=1c000066 x15:1c000065  PA:1c000065
11308979ns          180103 1c0086a2 feb71ce3 bne              x14, x11, -8        x14:0000002b x11:00000064
11309039ns          180106 1c00869a 00070763 beq              x14, x0, 14         x14:0000002b
11309059ns          180107 1c00869c 00f00533 add              x10, x0, x15        x10=1c000066 x15:1c000066
11309079ns          180108 1c00869e 0017c70b p.lbu            x14, 1(x15!)        x14=00000020 x15=1c000067 x15:1c000066  PA:1c000066
11309397ns          180124 1c0086a2 feb71ce3 bne              x14, x11, -8        x14:00000020 x11:00000064
11309457ns          180127 1c00869a 00070763 beq              x14, x0, 14         x14:00000020
11309476ns          180128 1c00869c 00f00533 add              x10, x0, x15        x10=1c000067 x15:1c000067
11309496ns          180129 1c00869e 0017c70b p.lbu            x14, 1(x15!)        x14=00000023 x15=1c000068 x15:1c000067  PA:1c000067
11309815ns          180145 1c0086a2 feb71ce3 bne              x14, x11, -8        x14:00000023 x11:00000064
11309874ns          180148 1c00869a 00070763 beq              x14, x0, 14         x14:00000023
11309894ns          180149 1c00869c 00f00533 add              x10, x0, x15        x10=1c000068 x15:1c000068
11309914ns          180150 1c00869e 0017c70b p.lbu            x14, 1(x15!)        x14=00000030 x15=1c000069 x15:1c000068  PA:1c000068
11310232ns          180166 1c0086a2 feb71ce3 bne              x14, x11, -8        x14:00000030 x11:00000064
11310292ns          180169 1c00869a 00070763 beq              x14, x0, 14         x14:00000030
11310312ns          180170 1c00869c 00f00533 add              x10, x0, x15        x10=1c000069 x15:1c000069
11310332ns          180171 1c00869e 0017c70b p.lbu            x14, 1(x15!)        x14=00000000 x15=1c00006a x15:1c000069  PA:1c000069
11310650ns          180187 1c0086a2 feb71ce3 bne              x14, x11, -8        x14:00000000 x11:00000064
11310710ns          180190 1c00869a 00070763 beq              x14, x0, 14         x14:00000000
11310769ns          180193 1c0086a8 0015b593 sltiu            x11, x11, 1         x11=00000000 x11:00000064
11310789ns          180194 1c0086ac 40b005b3 sub              x11, x0, x11        x11=00000000 x11:00000000
11310809ns          180195 1c0086b0 00b57533 and              x10, x10, x11       x10=00000000 x10:1c000069 x11:00000000
11310829ns          180196 1c0086b2 00008067 jalr             x0, x1, 0            x1:1c0087f2
11310869ns          180198 1c0087f2 02050a63 beq              x10, x0, 52         x10:00000000
11311406ns          180225 1c008826 02a00613 addi             x12, x0, 42         x12=0000002a
11311426ns          180226 1c00882a 2ac48663 beq              x9, x12, 684         x9:00000064 x12:0000002a
11311863ns          180248 1c00882e fd048613 addi             x12, x9, -48        x12=00000034  x9:00000064
11311883ns          180249 1c008832 00900593 addi             x11, x0, 9          x11=00000009
11311903ns          180250 1c008834 00000913 addi             x18, x0, 0          x18=00000000
11311923ns          180251 1c008836 28c5f063 bgeu             x11, x12, 640       x11:00000009 x12:00000034
11311943ns          180252 1c00883a 02e00693 addi             x13, x0, 46         x13=0000002e
11311963ns          180253 1c00883e fff00a13 addi             x20, x0, -1         x20=ffffffff
11312380ns          180274 1c008840 2ed48363 beq              x9, x13, 742         x9:00000064 x13:0000002e
11312420ns          180276 1c008844 1c0007b7 lui              x15, 0x1c000000     x15=1c000000
11312440ns          180277 1c008848 009005b3 add              x11, x0, x9         x11=00000064  x9:00000064
11312460ns          180278 1c00884a 06c78513 addi             x10, x15, 108       x10=1c00006c x15:1c000000
11312480ns          180279 1c00884e e39ff0ef jal              x1, -456             x1=1c008850
11312977ns          180304 1c008686 00054783 lbu              x15, 0(x10)         x15=00000068 x10:1c00006c  PA:1c00006c
11313276ns          180319 1c00868a 0ff5f593 andi             x11, x11, 255       x11=00000064 x11:00000064
11313295ns          180320 1c00868e 00b78c63 beq              x15, x11, 24        x15:00000068 x11:00000064
11313315ns          180321 1c008692 00078b63 beq              x15, x0, 22         x15:00000068
11313335ns          180322 1c008694 00150793 addi             x15, x10, 1         x15=1c00006d x10:1c00006c
11313355ns          180323 1c008698 0040006f jal              x0, 4              
11313395ns          180325 1c00869c 00f00533 add              x10, x0, x15        x10=1c00006d x15:1c00006d
11313415ns          180326 1c00869e 0017c70b p.lbu            x14, 1(x15!)        x14=0000006c x15=1c00006e x15:1c00006d  PA:1c00006d
11313733ns          180342 1c0086a2 feb71ce3 bne              x14, x11, -8        x14:0000006c x11:00000064
11313793ns          180345 1c00869a 00070763 beq              x14, x0, 14         x14:0000006c
11313813ns          180346 1c00869c 00f00533 add              x10, x0, x15        x10=1c00006e x15:1c00006e
11313832ns          180347 1c00869e 0017c70b p.lbu            x14, 1(x15!)        x14=0000004c x15=1c00006f x15:1c00006e  PA:1c00006e
11314171ns          180364 1c0086a2 feb71ce3 bne              x14, x11, -8        x14:0000004c x11:00000064
11314230ns          180367 1c00869a 00070763 beq              x14, x0, 14         x14:0000004c
11314250ns          180368 1c00869c 00f00533 add              x10, x0, x15        x10=1c00006f x15:1c00006f
11314270ns          180369 1c00869e 0017c70b p.lbu            x14, 1(x15!)        x14=0000007a x15=1c000070 x15:1c00006f  PA:1c00006f
11314588ns          180385 1c0086a2 feb71ce3 bne              x14, x11, -8        x14:0000007a x11:00000064
11314648ns          180388 1c00869a 00070763 beq              x14, x0, 14         x14:0000007a
11314668ns          180389 1c00869c 00f00533 add              x10, x0, x15        x10=1c000070 x15:1c000070
11314688ns          180390 1c00869e 0017c70b p.lbu            x14, 1(x15!)        x14=00000000 x15=1c000071 x15:1c000070  PA:1c000070
11315006ns          180406 1c0086a2 feb71ce3 bne              x14, x11, -8        x14:00000000 x11:00000064
11315066ns          180409 1c00869a 00070763 beq              x14, x0, 14         x14:00000000
11315125ns          180412 1c0086a8 0015b593 sltiu            x11, x11, 1         x11=00000000 x11:00000064
11315145ns          180413 1c0086ac 40b005b3 sub              x11, x0, x11        x11=00000000 x11:00000000
11315165ns          180414 1c0086b0 00b57533 and              x10, x10, x11       x10=00000000 x10:1c000070 x11:00000000
11315185ns          180415 1c0086b2 00008067 jalr             x0, x1, 0            x1:1c008850
11315225ns          180417 1c008850 01300433 add              x8, x0, x19          x8=1c000023 x19:1c000023
11315245ns          180418 1c008852 00050563 beq              x10, x0, 10         x10:00000000
11315304ns          180421 1c00885c 06700693 addi             x13, x0, 103        x13=00000067
11315742ns          180443 1c008860 2896d963 bge              x13, x9, 658        x13:00000067  x9:00000064
11316259ns          180469 1c008af2 06500693 addi             x13, x0, 101        x13=00000065
11316279ns          180470 1c008af6 12d4d563 bge              x9, x13, 298         x9:00000064 x13:00000065
11316299ns          180471 1c008afa 04700693 addi             x13, x0, 71         x13=00000047
11316737ns          180493 1c008afe dc96cbe3 blt              x13, x9, -554       x13:00000047  x9:00000064
11317214ns          180517 1c0088d4 06300693 addi             x13, x0, 99         x13=00000063
11317254ns          180519 1c0088d8 0ad488e3 beq              x9, x13, 2224        x9:00000064 x13:00000063
11317274ns          180520 1c0088dc 0096c9e3 blt              x13, x9, 2066       x13:00000063  x9:00000064
11318686ns          180591 1c0090ee 000c2583 lw               x11, 0(x24)         x11=00000002 x24:100017cc  PA:100017cc
11318706ns          180592 1c0090f2 004c0c13 addi             x24, x24, 4         x24=100017d0 x24:100017cc
11318726ns          180593 1c0090f4 3405cc63 blt              x11, x0, 856        x11:00000002
11318745ns          180594 1c0090f8 01412603 lw               x12, 20(x2)         x12=00000000  x2:10001678  PA:1000168c
11318765ns          180595 1c0090fa 00b006b3 add              x13, x0, x11        x13=00000002 x11:00000002
11318785ns          180596 1c0090fc 2e061863 bne              x12, x0, 752        x12:00000000
11319203ns          180617 1c009100 01812703 lw               x14, 24(x2)         x14=00000000  x2:10001678  PA:10001690
11319223ns          180618 1c009102 019007b3 add              x15, x0, x25        x15=1000169c x25:1000169c
11319243ns          180619 1c009104 00070763 beq              x14, x0, 14         x14:00000000
11319720ns          180643 1c009112 00f00733 add              x14, x0, x15        x14=1000169c x15:1000169c
11319760ns          180645 1c009114 00a00513 addi             x10, x0, 10         x10=0000000a
11319780ns          180646 1c009116 02a6f633 remu             x12, x13, x10       x12=00000002 x13:00000002 x10:0000000a
11320396ns          180677 1c00911a 02a6d6b3 divu             x13, x13, x10       x13=00000000 x13:00000002 x10:0000000a
11321013ns          180708 1c00911e 03060613 addi             x12, x12, 48        x12=00000032 x12:00000002
11321033ns          180709 1c009122 00c700ab p.sb             x12, 1(x14!)        x14=1000169d x12:00000032 x14:1000169c  PA:1000169c
11321053ns          180710 1c009126 fe0698e3 bne              x13, x0, -16        x13:00000000
11321073ns          180711 1c009128 40f706b3 sub              x13, x14, x15       x13=00000001 x14:1000169d x15:1000169c
11321093ns          180712 1c00912c 0146dc63 bge              x13, x20, 24        x13:00000001 x20:ffffffff
11321968ns          180756 1c009144 00e006b3 add              x13, x0, x14        x13=1000169d x14:1000169d
11322008ns          180758 1c009146 fe068fab p.sb             x0, -1(x13!)        x13=1000169c x13:1000169d  PA:1000169d
11322027ns          180759 1c00914a 00d7fc63 bgeu             x15, x13, 24        x15:1000169c x13:1000169c
11322923ns          180804 1c009162 01412783 lw               x15, 20(x2)         x15=00000000  x2:10001678  PA:1000168c
11322962ns          180806 1c009164 01812603 lw               x12, 24(x2)         x12=00000000  x2:10001678  PA:10001690
11322982ns          180807 1c009166 419704b3 sub              x9, x14, x25         x9=00000001 x14:1000169d x25:1000169c
11323002ns          180808 1c00916a 00c7e7b3 or               x15, x15, x12       x15=00000000 x15:00000000 x12:00000000
11323022ns          180809 1c00916c 00f12623 sw               x15, 12(x2)         x15:00000000  x2:10001678  PA:10001684
11323042ns          180810 1c00916e 00079363 bne              x15, x0, 6          x15:00000000
11323460ns          180831 1c009170 01f5d593 srli             x11, x11, 0x1f      x11=00000000 x11:00000002
11323479ns          180832 1c009172 00b12623 sw               x11, 12(x2)         x11:00000000  x2:10001678  PA:10001684
11323499ns          180833 1c009174 e3fa28e3 p.beqimm         x20, -464           x20:ffffffff
11323977ns          180857 1c008fa4 0c800793 addi             x15, x0, 200        x15=000000c8
11324017ns          180859 1c008fa8 9e97d0e3 bge              x15, x9, -1568      x15:000000c8  x9:00000001
11324951ns          180906 1c008988 0f24d163 bge              x9, x18, 226         x9:00000001 x18:00000000
11325469ns          180932 1c008a6a d00482e3 beq              x9, x0, -764         x9:00000001
11325488ns          180933 1c008a6e 01900933 add              x18, x0, x25        x18=1000169c x25:1000169c
11325906ns          180954 1c008a70 419d8db3 sub              x27, x27, x25       x27=efffe969 x27:00000005 x25:1000169c
11325946ns          180956 1c008a74 00a0006f jal              x0, 10             
11326423ns          180980 1c008a7e 0019450b p.lbu            x10, 1(x18!)        x10=00000032 x18=1000169d x18:1000169c  PA:1000169c
11326443ns          180981 1c008a82 01a005b3 add              x11, x0, x26        x11=00000002 x26:00000002
11326463ns          180982 1c008a84 000b00e7 jalr             x1, x22, 0           x1=1c008a86 x22:1c0086b4
11326503ns          180984 1c0086b4 000026b7 lui              x13, 0x2000         x13=00002000
11326523ns          180985 1c0086b6 f14027f3 csrrs            x15, x0, 0xf14      x15=00000002
11326543ns          180986 1c0086ba f8068693 addi             x13, x13, -128      x13=00001f80 x13:00002000
11326563ns          180987 1c0086be 00379713 slli             x14, x15, 0x3       x14=00000010 x15:00000002
11326582ns          180988 1c0086c2 00279793 slli             x15, x15, 0x2       x15=00000008 x15:00000002
11326602ns          180989 1c0086c4 00d7f7b3 and              x15, x15, x13       x15=00000000 x15:00000008 x13:00001f80
11326622ns          180990 1c0086c6 ee873733 p.bclr           x14, x14, 23, 8     x14=00000010 x14:00000010
11326642ns          180991 1c0086ca 1a10f6b7 lui              x13, 0x1a10f000     x13=1a10f000
11326682ns          180993 1c0086ce 0ff57513 andi             x10, x10, 255       x10=00000032 x10:00000032
11326702ns          180994 1c0086d2 00d70733 add              x14, x14, x13       x14=1a10f010 x14:00000010 x13:1a10f000
11326722ns          180995 1c0086d4 00a7e723 p.sw             x10, x0(x15)        x10:00000032 x15:00000000  PA:1a10f010
11327119ns          181015 1c0086d8 00000513 addi             x10, x0, 0          x10=00000000
11327139ns          181016 1c0086da 00008067 jalr             x0, x1, 0            x1:1c008a86
11327179ns          181018 1c008a86 fff48493 addi             x9, x9, -1           x9=00000000  x9:00000001
11327199ns          181019 1c008a88 fff537e3 p.bneimm         x10, -18            x10:00000000
11327657ns          181042 1c008a76 012d8733 add              x14, x27, x18       x14=00000006 x27:efffe969 x18:1000169d
11327676ns          181043 1c008a7a 5a048b63 beq              x9, x0, 1462         x9:00000000
11328154ns          181067 1c009030 00e00db3 add              x27, x0, x14        x27=00000006 x14:00000006
11328194ns          181069 1c009032 f3cff06f jal              x0, -2244          
11328353ns          181077 1c00876e 00044503 lbu              x10, 0(x8)          x10=0000003a  x8:1c000023  PA:1c000023
11328671ns          181093 1c008772 00140413 addi             x8, x8, 1            x8=1c000024  x8:1c000023
11328691ns          181094 1c008774 00050e63 beq              x10, x0, 28         x10:0000003a
11328711ns          181095 1c008776 02500793 addi             x15, x0, 37         x15=00000025
11328731ns          181096 1c00877a 04f50863 beq              x10, x15, 80        x10:0000003a x15:00000025
11328751ns          181097 1c00877e 01a005b3 add              x11, x0, x26        x11=00000002 x26:00000002
11328770ns          181098 1c008780 000b00e7 jalr             x1, x22, 0           x1=1c008782 x22:1c0086b4
11328850ns          181102 1c0086b4 000026b7 lui              x13, 0x2000         x13=00002000
11328890ns          181104 1c0086b6 f14027f3 csrrs            x15, x0, 0xf14      x15=00000002
11328910ns          181105 1c0086ba f8068693 addi             x13, x13, -128      x13=00001f80 x13:00002000
11328930ns          181106 1c0086be 00379713 slli             x14, x15, 0x3       x14=00000010 x15:00000002
11328949ns          181107 1c0086c2 00279793 slli             x15, x15, 0x2       x15=00000008 x15:00000002
11328969ns          181108 1c0086c4 00d7f7b3 and              x15, x15, x13       x15=00000000 x15:00000008 x13:00001f80
11328989ns          181109 1c0086c6 ee873733 p.bclr           x14, x14, 23, 8     x14=00000010 x14:00000010
11329009ns          181110 1c0086ca 1a10f6b7 lui              x13, 0x1a10f000     x13=1a10f000
11329029ns          181111 1c0086ce 0ff57513 andi             x10, x10, 255       x10=0000003a x10:0000003a
11329049ns          181112 1c0086d2 00d70733 add              x14, x14, x13       x14=1a10f010 x14:00000010 x13:1a10f000
11329069ns          181113 1c0086d4 00a7e723 p.sw             x10, x0(x15)        x10:0000003a x15:00000000  PA:1a10f010
11329447ns          181132 1c0086d8 00000513 addi             x10, x0, 0          x10=00000000
11329467ns          181133 1c0086da 00008067 jalr             x0, x1, 0            x1:1c008782
11329526ns          181136 1c008782 31f52563 p.beqimm         x10, 778            x10:00000000
11329546ns          181137 1c008786 001d8d93 addi             x27, x27, 1         x27=00000007 x27:00000006
11329566ns          181138 1c008788 00044503 lbu              x10, 0(x8)          x10=00000020  x8:1c000024  PA:1c000024
11329864ns          181153 1c00878c 00140413 addi             x8, x8, 1            x8=1c000025  x8:1c000024
11329884ns          181154 1c00878e fe0514e3 bne              x10, x0, -24        x10:00000020
11329964ns          181158 1c008776 02500793 addi             x15, x0, 37         x15=00000025
11329984ns          181159 1c00877a 04f50863 beq              x10, x15, 80        x10:00000020 x15:00000025
11330004ns          181160 1c00877e 01a005b3 add              x11, x0, x26        x11=00000002 x26:00000002
11330024ns          181161 1c008780 000b00e7 jalr             x1, x22, 0           x1=1c008782 x22:1c0086b4
11330063ns          181163 1c0086b4 000026b7 lui              x13, 0x2000         x13=00002000
11330083ns          181164 1c0086b6 f14027f3 csrrs            x15, x0, 0xf14      x15=00000002
11330103ns          181165 1c0086ba f8068693 addi             x13, x13, -128      x13=00001f80 x13:00002000
11330123ns          181166 1c0086be 00379713 slli             x14, x15, 0x3       x14=00000010 x15:00000002
11330143ns          181167 1c0086c2 00279793 slli             x15, x15, 0x2       x15=00000008 x15:00000002
11330163ns          181168 1c0086c4 00d7f7b3 and              x15, x15, x13       x15=00000000 x15:00000008 x13:00001f80
11330183ns          181169 1c0086c6 ee873733 p.bclr           x14, x14, 23, 8     x14=00000010 x14:00000010
11330203ns          181170 1c0086ca 1a10f6b7 lui              x13, 0x1a10f000     x13=1a10f000
11330222ns          181171 1c0086ce 0ff57513 andi             x10, x10, 255       x10=00000020 x10:00000020
11330242ns          181172 1c0086d2 00d70733 add              x14, x14, x13       x14=1a10f010 x14:00000010 x13:1a10f000
11330262ns          181173 1c0086d4 00a7e723 p.sw             x10, x0(x15)        x10:00000020 x15:00000000  PA:1a10f010
11330580ns          181189 1c0086d8 00000513 addi             x10, x0, 0          x10=00000000
11330600ns          181190 1c0086da 00008067 jalr             x0, x1, 0            x1:1c008782
11330660ns          181193 1c008782 31f52563 p.beqimm         x10, 778            x10:00000000
11330680ns          181194 1c008786 001d8d93 addi             x27, x27, 1         x27=00000008 x27:00000007
11330700ns          181195 1c008788 00044503 lbu              x10, 0(x8)          x10=0000004c  x8:1c000025  PA:1c000025
11330998ns          181210 1c00878c 00140413 addi             x8, x8, 1            x8=1c000026  x8:1c000025
11331018ns          181211 1c00878e fe0514e3 bne              x10, x0, -24        x10:0000004c
11331098ns          181215 1c008776 02500793 addi             x15, x0, 37         x15=00000025
11331118ns          181216 1c00877a 04f50863 beq              x10, x15, 80        x10:0000004c x15:00000025
11331137ns          181217 1c00877e 01a005b3 add              x11, x0, x26        x11=00000002 x26:00000002
11331157ns          181218 1c008780 000b00e7 jalr             x1, x22, 0           x1=1c008782 x22:1c0086b4
11331197ns          181220 1c0086b4 000026b7 lui              x13, 0x2000         x13=00002000
11331217ns          181221 1c0086b6 f14027f3 csrrs            x15, x0, 0xf14      x15=00000002
11331237ns          181222 1c0086ba f8068693 addi             x13, x13, -128      x13=00001f80 x13:00002000
11331257ns          181223 1c0086be 00379713 slli             x14, x15, 0x3       x14=00000010 x15:00000002
11331277ns          181224 1c0086c2 00279793 slli             x15, x15, 0x2       x15=00000008 x15:00000002
11331297ns          181225 1c0086c4 00d7f7b3 and              x15, x15, x13       x15=00000000 x15:00000008 x13:00001f80
11331316ns          181226 1c0086c6 ee873733 p.bclr           x14, x14, 23, 8     x14=00000010 x14:00000010
11331336ns          181227 1c0086ca 1a10f6b7 lui              x13, 0x1a10f000     x13=1a10f000
11331356ns          181228 1c0086ce 0ff57513 andi             x10, x10, 255       x10=0000004c x10:0000004c
11331376ns          181229 1c0086d2 00d70733 add              x14, x14, x13       x14=1a10f010 x14:00000010 x13:1a10f000
11331396ns          181230 1c0086d4 00a7e723 p.sw             x10, x0(x15)        x10:0000004c x15:00000000  PA:1a10f010
11331714ns          181246 1c0086d8 00000513 addi             x10, x0, 0          x10=00000000
11331734ns          181247 1c0086da 00008067 jalr             x0, x1, 0            x1:1c008782
11331794ns          181250 1c008782 31f52563 p.beqimm         x10, 778            x10:00000000
11331814ns          181251 1c008786 001d8d93 addi             x27, x27, 1         x27=00000009 x27:00000008
11331834ns          181252 1c008788 00044503 lbu              x10, 0(x8)          x10=00000032  x8:1c000026  PA:1c000026
11332132ns          181267 1c00878c 00140413 addi             x8, x8, 1            x8=1c000027  x8:1c000026
11332152ns          181268 1c00878e fe0514e3 bne              x10, x0, -24        x10:00000032
11332231ns          181272 1c008776 02500793 addi             x15, x0, 37         x15=00000025
11332251ns          181273 1c00877a 04f50863 beq              x10, x15, 80        x10:00000032 x15:00000025
11332271ns          181274 1c00877e 01a005b3 add              x11, x0, x26        x11=00000002 x26:00000002
11332291ns          181275 1c008780 000b00e7 jalr             x1, x22, 0           x1=1c008782 x22:1c0086b4
11332331ns          181277 1c0086b4 000026b7 lui              x13, 0x2000         x13=00002000
11332351ns          181278 1c0086b6 f14027f3 csrrs            x15, x0, 0xf14      x15=00000002
11332371ns          181279 1c0086ba f8068693 addi             x13, x13, -128      x13=00001f80 x13:00002000
11332391ns          181280 1c0086be 00379713 slli             x14, x15, 0x3       x14=00000010 x15:00000002
11332410ns          181281 1c0086c2 00279793 slli             x15, x15, 0x2       x15=00000008 x15:00000002
11332430ns          181282 1c0086c4 00d7f7b3 and              x15, x15, x13       x15=00000000 x15:00000008 x13:00001f80
11332450ns          181283 1c0086c6 ee873733 p.bclr           x14, x14, 23, 8     x14=00000010 x14:00000010
11332470ns          181284 1c0086ca 1a10f6b7 lui              x13, 0x1a10f000     x13=1a10f000
11332490ns          181285 1c0086ce 0ff57513 andi             x10, x10, 255       x10=00000032 x10:00000032
11332510ns          181286 1c0086d2 00d70733 add              x14, x14, x13       x14=1a10f010 x14:00000010 x13:1a10f000
11332530ns          181287 1c0086d4 00a7e723 p.sw             x10, x0(x15)        x10:00000032 x15:00000000  PA:1a10f010
11332868ns          181304 1c0086d8 00000513 addi             x10, x0, 0          x10=00000000
11332888ns          181305 1c0086da 00008067 jalr             x0, x1, 0            x1:1c008782
11332947ns          181308 1c008782 31f52563 p.beqimm         x10, 778            x10:00000000
11332967ns          181309 1c008786 001d8d93 addi             x27, x27, 1         x27=0000000a x27:00000009
11332987ns          181310 1c008788 00044503 lbu              x10, 0(x8)          x10=00000020  x8:1c000027  PA:1c000027
11333286ns          181325 1c00878c 00140413 addi             x8, x8, 1            x8=1c000028  x8:1c000027
11333306ns          181326 1c00878e fe0514e3 bne              x10, x0, -24        x10:00000020
11333385ns          181330 1c008776 02500793 addi             x15, x0, 37         x15=00000025
11333405ns          181331 1c00877a 04f50863 beq              x10, x15, 80        x10:00000020 x15:00000025
11333425ns          181332 1c00877e 01a005b3 add              x11, x0, x26        x11=00000002 x26:00000002
11333445ns          181333 1c008780 000b00e7 jalr             x1, x22, 0           x1=1c008782 x22:1c0086b4
11333485ns          181335 1c0086b4 000026b7 lui              x13, 0x2000         x13=00002000
11333504ns          181336 1c0086b6 f14027f3 csrrs            x15, x0, 0xf14      x15=00000002
11333524ns          181337 1c0086ba f8068693 addi             x13, x13, -128      x13=00001f80 x13:00002000
11333544ns          181338 1c0086be 00379713 slli             x14, x15, 0x3       x14=00000010 x15:00000002
11333564ns          181339 1c0086c2 00279793 slli             x15, x15, 0x2       x15=00000008 x15:00000002
11333584ns          181340 1c0086c4 00d7f7b3 and              x15, x15, x13       x15=00000000 x15:00000008 x13:00001f80
11333604ns          181341 1c0086c6 ee873733 p.bclr           x14, x14, 23, 8     x14=00000010 x14:00000010
11333624ns          181342 1c0086ca 1a10f6b7 lui              x13, 0x1a10f000     x13=1a10f000
11333644ns          181343 1c0086ce 0ff57513 andi             x10, x10, 255       x10=00000020 x10:00000020
11333664ns          181344 1c0086d2 00d70733 add              x14, x14, x13       x14=1a10f010 x14:00000010 x13:1a10f000
11333683ns          181345 1c0086d4 00a7e723 p.sw             x10, x0(x15)        x10:00000020 x15:00000000  PA:1a10f010
11334022ns          181362 1c0086d8 00000513 addi             x10, x0, 0          x10=00000000
11334041ns          181363 1c0086da 00008067 jalr             x0, x1, 0            x1:1c008782
11334101ns          181366 1c008782 31f52563 p.beqimm         x10, 778            x10:00000000
11334121ns          181367 1c008786 001d8d93 addi             x27, x27, 1         x27=0000000b x27:0000000a
11334141ns          181368 1c008788 00044503 lbu              x10, 0(x8)          x10=00000072  x8:1c000028  PA:1c000028
11334439ns          181383 1c00878c 00140413 addi             x8, x8, 1            x8=1c000029  x8:1c000028
11334459ns          181384 1c00878e fe0514e3 bne              x10, x0, -24        x10:00000072
11334539ns          181388 1c008776 02500793 addi             x15, x0, 37         x15=00000025
11334559ns          181389 1c00877a 04f50863 beq              x10, x15, 80        x10:00000072 x15:00000025
11334579ns          181390 1c00877e 01a005b3 add              x11, x0, x26        x11=00000002 x26:00000002
11334598ns          181391 1c008780 000b00e7 jalr             x1, x22, 0           x1=1c008782 x22:1c0086b4
11334638ns          181393 1c0086b4 000026b7 lui              x13, 0x2000         x13=00002000
11334658ns          181394 1c0086b6 f14027f3 csrrs            x15, x0, 0xf14      x15=00000002
11334678ns          181395 1c0086ba f8068693 addi             x13, x13, -128      x13=00001f80 x13:00002000
11334698ns          181396 1c0086be 00379713 slli             x14, x15, 0x3       x14=00000010 x15:00000002
11334718ns          181397 1c0086c2 00279793 slli             x15, x15, 0x2       x15=00000008 x15:00000002
11334738ns          181398 1c0086c4 00d7f7b3 and              x15, x15, x13       x15=00000000 x15:00000008 x13:00001f80
11334758ns          181399 1c0086c6 ee873733 p.bclr           x14, x14, 23, 8     x14=00000010 x14:00000010
11334777ns          181400 1c0086ca 1a10f6b7 lui              x13, 0x1a10f000     x13=1a10f000
11334797ns          181401 1c0086ce 0ff57513 andi             x10, x10, 255       x10=00000072 x10:00000072
11334817ns          181402 1c0086d2 00d70733 add              x14, x14, x13       x14=1a10f010 x14:00000010 x13:1a10f000
11334837ns          181403 1c0086d4 00a7e723 p.sw             x10, x0(x15)        x10:00000072 x15:00000000  PA:1a10f010
11335155ns          181419 1c0086d8 00000513 addi             x10, x0, 0          x10=00000000
11335175ns          181420 1c0086da 00008067 jalr             x0, x1, 0            x1:1c008782
11335235ns          181423 1c008782 31f52563 p.beqimm         x10, 778            x10:00000000
11335255ns          181424 1c008786 001d8d93 addi             x27, x27, 1         x27=0000000c x27:0000000b
11335275ns          181425 1c008788 00044503 lbu              x10, 0(x8)          x10=00000065  x8:1c000029  PA:1c000029
11335573ns          181440 1c00878c 00140413 addi             x8, x8, 1            x8=1c00002a  x8:1c000029
11335593ns          181441 1c00878e fe0514e3 bne              x10, x0, -24        x10:00000065
11335673ns          181445 1c008776 02500793 addi             x15, x0, 37         x15=00000025
11335692ns          181446 1c00877a 04f50863 beq              x10, x15, 80        x10:00000065 x15:00000025
11335712ns          181447 1c00877e 01a005b3 add              x11, x0, x26        x11=00000002 x26:00000002
11335732ns          181448 1c008780 000b00e7 jalr             x1, x22, 0           x1=1c008782 x22:1c0086b4
11335772ns          181450 1c0086b4 000026b7 lui              x13, 0x2000         x13=00002000
11335792ns          181451 1c0086b6 f14027f3 csrrs            x15, x0, 0xf14      x15=00000002
11335812ns          181452 1c0086ba f8068693 addi             x13, x13, -128      x13=00001f80 x13:00002000
11335832ns          181453 1c0086be 00379713 slli             x14, x15, 0x3       x14=00000010 x15:00000002
11335852ns          181454 1c0086c2 00279793 slli             x15, x15, 0x2       x15=00000008 x15:00000002
11335871ns          181455 1c0086c4 00d7f7b3 and              x15, x15, x13       x15=00000000 x15:00000008 x13:00001f80
11335891ns          181456 1c0086c6 ee873733 p.bclr           x14, x14, 23, 8     x14=00000010 x14:00000010
11335911ns          181457 1c0086ca 1a10f6b7 lui              x13, 0x1a10f000     x13=1a10f000
11335931ns          181458 1c0086ce 0ff57513 andi             x10, x10, 255       x10=00000065 x10:00000065
11335951ns          181459 1c0086d2 00d70733 add              x14, x14, x13       x14=1a10f010 x14:00000010 x13:1a10f000
11335971ns          181460 1c0086d4 00a7e723 p.sw             x10, x0(x15)        x10:00000065 x15:00000000  PA:1a10f010
11336289ns          181476 1c0086d8 00000513 addi             x10, x0, 0          x10=00000000
11336309ns          181477 1c0086da 00008067 jalr             x0, x1, 0            x1:1c008782
11336369ns          181480 1c008782 31f52563 p.beqimm         x10, 778            x10:00000000
11336389ns          181481 1c008786 001d8d93 addi             x27, x27, 1         x27=0000000d x27:0000000c
11336408ns          181482 1c008788 00044503 lbu              x10, 0(x8)          x10=00000061  x8:1c00002a  PA:1c00002a
11336727ns          181498 1c00878c 00140413 addi             x8, x8, 1            x8=1c00002b  x8:1c00002a
11336747ns          181499 1c00878e fe0514e3 bne              x10, x0, -24        x10:00000061
11336826ns          181503 1c008776 02500793 addi             x15, x0, 37         x15=00000025
11336846ns          181504 1c00877a 04f50863 beq              x10, x15, 80        x10:00000061 x15:00000025
11336866ns          181505 1c00877e 01a005b3 add              x11, x0, x26        x11=00000002 x26:00000002
11336886ns          181506 1c008780 000b00e7 jalr             x1, x22, 0           x1=1c008782 x22:1c0086b4
11336926ns          181508 1c0086b4 000026b7 lui              x13, 0x2000         x13=00002000
11336946ns          181509 1c0086b6 f14027f3 csrrs            x15, x0, 0xf14      x15=00000002
11336965ns          181510 1c0086ba f8068693 addi             x13, x13, -128      x13=00001f80 x13:00002000
11336985ns          181511 1c0086be 00379713 slli             x14, x15, 0x3       x14=00000010 x15:00000002
11337005ns          181512 1c0086c2 00279793 slli             x15, x15, 0x2       x15=00000008 x15:00000002
11337025ns          181513 1c0086c4 00d7f7b3 and              x15, x15, x13       x15=00000000 x15:00000008 x13:00001f80
11337045ns          181514 1c0086c6 ee873733 p.bclr           x14, x14, 23, 8     x14=00000010 x14:00000010
11337065ns          181515 1c0086ca 1a10f6b7 lui              x13, 0x1a10f000     x13=1a10f000
11337085ns          181516 1c0086ce 0ff57513 andi             x10, x10, 255       x10=00000061 x10:00000061
11337105ns          181517 1c0086d2 00d70733 add              x14, x14, x13       x14=1a10f010 x14:00000010 x13:1a10f000
11337125ns          181518 1c0086d4 00a7e723 p.sw             x10, x0(x15)        x10:00000061 x15:00000000  PA:1a10f010
11337443ns          181534 1c0086d8 00000513 addi             x10, x0, 0          x10=00000000
11337463ns          181535 1c0086da 00008067 jalr             x0, x1, 0            x1:1c008782
11337522ns          181538 1c008782 31f52563 p.beqimm         x10, 778            x10:00000000
11337542ns          181539 1c008786 001d8d93 addi             x27, x27, 1         x27=0000000e x27:0000000d
11337562ns          181540 1c008788 00044503 lbu              x10, 0(x8)          x10=00000064  x8:1c00002b  PA:1c00002b
11337860ns          181555 1c00878c 00140413 addi             x8, x8, 1            x8=1c00002c  x8:1c00002b
11337880ns          181556 1c00878e fe0514e3 bne              x10, x0, -24        x10:00000064
11337960ns          181560 1c008776 02500793 addi             x15, x0, 37         x15=00000025
11337980ns          181561 1c00877a 04f50863 beq              x10, x15, 80        x10:00000064 x15:00000025
11338000ns          181562 1c00877e 01a005b3 add              x11, x0, x26        x11=00000002 x26:00000002
11338020ns          181563 1c008780 000b00e7 jalr             x1, x22, 0           x1=1c008782 x22:1c0086b4
11338059ns          181565 1c0086b4 000026b7 lui              x13, 0x2000         x13=00002000
11338079ns          181566 1c0086b6 f14027f3 csrrs            x15, x0, 0xf14      x15=00000002
11338099ns          181567 1c0086ba f8068693 addi             x13, x13, -128      x13=00001f80 x13:00002000
11338119ns          181568 1c0086be 00379713 slli             x14, x15, 0x3       x14=00000010 x15:00000002
11338139ns          181569 1c0086c2 00279793 slli             x15, x15, 0x2       x15=00000008 x15:00000002
11338159ns          181570 1c0086c4 00d7f7b3 and              x15, x15, x13       x15=00000000 x15:00000008 x13:00001f80
11338179ns          181571 1c0086c6 ee873733 p.bclr           x14, x14, 23, 8     x14=00000010 x14:00000010
11338199ns          181572 1c0086ca 1a10f6b7 lui              x13, 0x1a10f000     x13=1a10f000
11338219ns          181573 1c0086ce 0ff57513 andi             x10, x10, 255       x10=00000064 x10:00000064
11338238ns          181574 1c0086d2 00d70733 add              x14, x14, x13       x14=1a10f010 x14:00000010 x13:1a10f000
11338258ns          181575 1c0086d4 00a7e723 p.sw             x10, x0(x15)        x10:00000064 x15:00000000  PA:1a10f010
11338577ns          181591 1c0086d8 00000513 addi             x10, x0, 0          x10=00000000
11338596ns          181592 1c0086da 00008067 jalr             x0, x1, 0            x1:1c008782
11338656ns          181595 1c008782 31f52563 p.beqimm         x10, 778            x10:00000000
11338676ns          181596 1c008786 001d8d93 addi             x27, x27, 1         x27=0000000f x27:0000000e
11338696ns          181597 1c008788 00044503 lbu              x10, 0(x8)          x10=00000020  x8:1c00002c  PA:1c00002c
11338994ns          181612 1c00878c 00140413 addi             x8, x8, 1            x8=1c00002d  x8:1c00002c
11339014ns          181613 1c00878e fe0514e3 bne              x10, x0, -24        x10:00000020
11339094ns          181617 1c008776 02500793 addi             x15, x0, 37         x15=00000025
11339114ns          181618 1c00877a 04f50863 beq              x10, x15, 80        x10:00000020 x15:00000025
11339134ns          181619 1c00877e 01a005b3 add              x11, x0, x26        x11=00000002 x26:00000002
11339153ns          181620 1c008780 000b00e7 jalr             x1, x22, 0           x1=1c008782 x22:1c0086b4
11339193ns          181622 1c0086b4 000026b7 lui              x13, 0x2000         x13=00002000
11339213ns          181623 1c0086b6 f14027f3 csrrs            x15, x0, 0xf14      x15=00000002
11339233ns          181624 1c0086ba f8068693 addi             x13, x13, -128      x13=00001f80 x13:00002000
11339253ns          181625 1c0086be 00379713 slli             x14, x15, 0x3       x14=00000010 x15:00000002
11339273ns          181626 1c0086c2 00279793 slli             x15, x15, 0x2       x15=00000008 x15:00000002
11339293ns          181627 1c0086c4 00d7f7b3 and              x15, x15, x13       x15=00000000 x15:00000008 x13:00001f80
11339313ns          181628 1c0086c6 ee873733 p.bclr           x14, x14, 23, 8     x14=00000010 x14:00000010
11339332ns          181629 1c0086ca 1a10f6b7 lui              x13, 0x1a10f000     x13=1a10f000
11339352ns          181630 1c0086ce 0ff57513 andi             x10, x10, 255       x10=00000020 x10:00000020
11339372ns          181631 1c0086d2 00d70733 add              x14, x14, x13       x14=1a10f010 x14:00000010 x13:1a10f000
11339392ns          181632 1c0086d4 00a7e723 p.sw             x10, x0(x15)        x10:00000020 x15:00000000  PA:1a10f010
11339710ns          181648 1c0086d8 00000513 addi             x10, x0, 0          x10=00000000
11339730ns          181649 1c0086da 00008067 jalr             x0, x1, 0            x1:1c008782
11339790ns          181652 1c008782 31f52563 p.beqimm         x10, 778            x10:00000000
11339810ns          181653 1c008786 001d8d93 addi             x27, x27, 1         x27=00000010 x27:0000000f
11339830ns          181654 1c008788 00044503 lbu              x10, 0(x8)          x10=0000006f  x8:1c00002d  PA:1c00002d
11340128ns          181669 1c00878c 00140413 addi             x8, x8, 1            x8=1c00002e  x8:1c00002d
11340148ns          181670 1c00878e fe0514e3 bne              x10, x0, -24        x10:0000006f
11340227ns          181674 1c008776 02500793 addi             x15, x0, 37         x15=00000025
11340247ns          181675 1c00877a 04f50863 beq              x10, x15, 80        x10:0000006f x15:00000025
11340267ns          181676 1c00877e 01a005b3 add              x11, x0, x26        x11=00000002 x26:00000002
11340287ns          181677 1c008780 000b00e7 jalr             x1, x22, 0           x1=1c008782 x22:1c0086b4
11340327ns          181679 1c0086b4 000026b7 lui              x13, 0x2000         x13=00002000
11340347ns          181680 1c0086b6 f14027f3 csrrs            x15, x0, 0xf14      x15=00000002
11340367ns          181681 1c0086ba f8068693 addi             x13, x13, -128      x13=00001f80 x13:00002000
11340387ns          181682 1c0086be 00379713 slli             x14, x15, 0x3       x14=00000010 x15:00000002
11340407ns          181683 1c0086c2 00279793 slli             x15, x15, 0x2       x15=00000008 x15:00000002
11340426ns          181684 1c0086c4 00d7f7b3 and              x15, x15, x13       x15=00000000 x15:00000008 x13:00001f80
11340446ns          181685 1c0086c6 ee873733 p.bclr           x14, x14, 23, 8     x14=00000010 x14:00000010
11340466ns          181686 1c0086ca 1a10f6b7 lui              x13, 0x1a10f000     x13=1a10f000
11340486ns          181687 1c0086ce 0ff57513 andi             x10, x10, 255       x10=0000006f x10:0000006f
11340506ns          181688 1c0086d2 00d70733 add              x14, x14, x13       x14=1a10f010 x14:00000010 x13:1a10f000
11340526ns          181689 1c0086d4 00a7e723 p.sw             x10, x0(x15)        x10:0000006f x15:00000000  PA:1a10f010
11340864ns          181706 1c0086d8 00000513 addi             x10, x0, 0          x10=00000000
11340884ns          181707 1c0086da 00008067 jalr             x0, x1, 0            x1:1c008782
11340944ns          181710 1c008782 31f52563 p.beqimm         x10, 778            x10:00000000
11340963ns          181711 1c008786 001d8d93 addi             x27, x27, 1         x27=00000011 x27:00000010
11340983ns          181712 1c008788 00044503 lbu              x10, 0(x8)          x10=00000066  x8:1c00002e  PA:1c00002e
11341282ns          181727 1c00878c 00140413 addi             x8, x8, 1            x8=1c00002f  x8:1c00002e
11341302ns          181728 1c00878e fe0514e3 bne              x10, x0, -24        x10:00000066
11341381ns          181732 1c008776 02500793 addi             x15, x0, 37         x15=00000025
11341401ns          181733 1c00877a 04f50863 beq              x10, x15, 80        x10:00000066 x15:00000025
11341421ns          181734 1c00877e 01a005b3 add              x11, x0, x26        x11=00000002 x26:00000002
11341441ns          181735 1c008780 000b00e7 jalr             x1, x22, 0           x1=1c008782 x22:1c0086b4
11341481ns          181737 1c0086b4 000026b7 lui              x13, 0x2000         x13=00002000
11341501ns          181738 1c0086b6 f14027f3 csrrs            x15, x0, 0xf14      x15=00000002
11341520ns          181739 1c0086ba f8068693 addi             x13, x13, -128      x13=00001f80 x13:00002000
11341540ns          181740 1c0086be 00379713 slli             x14, x15, 0x3       x14=00000010 x15:00000002
11341560ns          181741 1c0086c2 00279793 slli             x15, x15, 0x2       x15=00000008 x15:00000002
11341580ns          181742 1c0086c4 00d7f7b3 and              x15, x15, x13       x15=00000000 x15:00000008 x13:00001f80
11341600ns          181743 1c0086c6 ee873733 p.bclr           x14, x14, 23, 8     x14=00000010 x14:00000010
11341620ns          181744 1c0086ca 1a10f6b7 lui              x13, 0x1a10f000     x13=1a10f000
11341640ns          181745 1c0086ce 0ff57513 andi             x10, x10, 255       x10=00000066 x10:00000066
11341660ns          181746 1c0086d2 00d70733 add              x14, x14, x13       x14=1a10f010 x14:00000010 x13:1a10f000
11341680ns          181747 1c0086d4 00a7e723 p.sw             x10, x0(x15)        x10:00000066 x15:00000000  PA:1a10f010
11342018ns          181764 1c0086d8 00000513 addi             x10, x0, 0          x10=00000000
11342038ns          181765 1c0086da 00008067 jalr             x0, x1, 0            x1:1c008782
11342097ns          181768 1c008782 31f52563 p.beqimm         x10, 778            x10:00000000
11342117ns          181769 1c008786 001d8d93 addi             x27, x27, 1         x27=00000012 x27:00000011
11342137ns          181770 1c008788 00044503 lbu              x10, 0(x8)          x10=00000020  x8:1c00002f  PA:1c00002f
11342435ns          181785 1c00878c 00140413 addi             x8, x8, 1            x8=1c000030  x8:1c00002f
11342455ns          181786 1c00878e fe0514e3 bne              x10, x0, -24        x10:00000020
11342535ns          181790 1c008776 02500793 addi             x15, x0, 37         x15=00000025
11342555ns          181791 1c00877a 04f50863 beq              x10, x15, 80        x10:00000020 x15:00000025
11342575ns          181792 1c00877e 01a005b3 add              x11, x0, x26        x11=00000002 x26:00000002
11342594ns          181793 1c008780 000b00e7 jalr             x1, x22, 0           x1=1c008782 x22:1c0086b4
11342634ns          181795 1c0086b4 000026b7 lui              x13, 0x2000         x13=00002000
11342654ns          181796 1c0086b6 f14027f3 csrrs            x15, x0, 0xf14      x15=00000002
11342674ns          181797 1c0086ba f8068693 addi             x13, x13, -128      x13=00001f80 x13:00002000
11342694ns          181798 1c0086be 00379713 slli             x14, x15, 0x3       x14=00000010 x15:00000002
11342714ns          181799 1c0086c2 00279793 slli             x15, x15, 0x2       x15=00000008 x15:00000002
11342734ns          181800 1c0086c4 00d7f7b3 and              x15, x15, x13       x15=00000000 x15:00000008 x13:00001f80
11342754ns          181801 1c0086c6 ee873733 p.bclr           x14, x14, 23, 8     x14=00000010 x14:00000010
11342774ns          181802 1c0086ca 1a10f6b7 lui              x13, 0x1a10f000     x13=1a10f000
11342793ns          181803 1c0086ce 0ff57513 andi             x10, x10, 255       x10=00000020 x10:00000020
11342813ns          181804 1c0086d2 00d70733 add              x14, x14, x13       x14=1a10f010 x14:00000010 x13:1a10f000
11342833ns          181805 1c0086d4 00a7e723 p.sw             x10, x0(x15)        x10:00000020 x15:00000000  PA:1a10f010
11343151ns          181821 1c0086d8 00000513 addi             x10, x0, 0          x10=00000000
11343171ns          181822 1c0086da 00008067 jalr             x0, x1, 0            x1:1c008782
11343231ns          181825 1c008782 31f52563 p.beqimm         x10, 778            x10:00000000
11343251ns          181826 1c008786 001d8d93 addi             x27, x27, 1         x27=00000013 x27:00000012
11343271ns          181827 1c008788 00044503 lbu              x10, 0(x8)          x10=00000025  x8:1c000030  PA:1c000030
11343569ns          181842 1c00878c 00140413 addi             x8, x8, 1            x8=1c000031  x8:1c000030
11343589ns          181843 1c00878e fe0514e3 bne              x10, x0, -24        x10:00000025
11343669ns          181847 1c008776 02500793 addi             x15, x0, 37         x15=00000025
11343688ns          181848 1c00877a 04f50863 beq              x10, x15, 80        x10:00000025 x15:00000025
11343768ns          181852 1c0087ca 00044483 lbu              x9, 0(x8)            x9=00000064  x8:1c000031  PA:1c000031
11344086ns          181868 1c0087ce 02000693 addi             x13, x0, 32         x13=00000020
11344106ns          181869 1c0087d2 00140a93 addi             x21, x8, 1          x21=1c000032  x8:1c000031
11344126ns          181870 1c0087d6 009005b3 add              x11, x0, x9         x11=00000064  x9:00000064
11344146ns          181871 1c0087d8 064b8513 addi             x10, x23, 100       x10=1c000064 x23:1c000000
11344166ns          181872 1c0087dc 00d12823 sw               x13, 16(x2)         x13:00000020  x2:10001678  PA:10001688
11344186ns          181873 1c0087de 00012c23 sw               x0, 24(x2)           x2:10001678  PA:10001690
11344206ns          181874 1c0087e0 00012a23 sw               x0, 20(x2)           x2:10001678  PA:1000168c
11344226ns          181875 1c0087e2 00012e23 sw               x0, 28(x2)           x2:10001678  PA:10001694
11344245ns          181876 1c0087e4 00012623 sw               x0, 12(x2)           x2:10001678  PA:10001684
11344265ns          181877 1c0087e6 02300913 addi             x18, x0, 35         x18=00000023
11344285ns          181878 1c0087ea 02d00a13 addi             x20, x0, 45         x20=0000002d
11344305ns          181879 1c0087ee 015009b3 add              x19, x0, x21        x19=1c000032 x21:1c000032
11344325ns          181880 1c0087f0 e97ff0ef jal              x1, -362             x1=1c0087f2
11344444ns          181886 1c008686 00054783 lbu              x15, 0(x10)         x15=0000002d x10:1c000064  PA:1c000064
11344763ns          181902 1c00868a 0ff5f593 andi             x11, x11, 255       x11=00000064 x11:00000064
11344782ns          181903 1c00868e 00b78c63 beq              x15, x11, 24        x15:0000002d x11:00000064
11344802ns          181904 1c008692 00078b63 beq              x15, x0, 22         x15:0000002d
11344822ns          181905 1c008694 00150793 addi             x15, x10, 1         x15=1c000065 x10:1c000064
11344842ns          181906 1c008698 0040006f jal              x0, 4              
11344882ns          181908 1c00869c 00f00533 add              x10, x0, x15        x10=1c000065 x15:1c000065
11344902ns          181909 1c00869e 0017c70b p.lbu            x14, 1(x15!)        x14=0000002b x15=1c000066 x15:1c000065  PA:1c000065
11345220ns          181925 1c0086a2 feb71ce3 bne              x14, x11, -8        x14:0000002b x11:00000064
11345280ns          181928 1c00869a 00070763 beq              x14, x0, 14         x14:0000002b
11345300ns          181929 1c00869c 00f00533 add              x10, x0, x15        x10=1c000066 x15:1c000066
11345320ns          181930 1c00869e 0017c70b p.lbu            x14, 1(x15!)        x14=00000020 x15=1c000067 x15:1c000066  PA:1c000066
11345638ns          181946 1c0086a2 feb71ce3 bne              x14, x11, -8        x14:00000020 x11:00000064
11345697ns          181949 1c00869a 00070763 beq              x14, x0, 14         x14:00000020
11345717ns          181950 1c00869c 00f00533 add              x10, x0, x15        x10=1c000067 x15:1c000067
11345737ns          181951 1c00869e 0017c70b p.lbu            x14, 1(x15!)        x14=00000023 x15=1c000068 x15:1c000067  PA:1c000067
11346075ns          181968 1c0086a2 feb71ce3 bne              x14, x11, -8        x14:00000023 x11:00000064
11346135ns          181971 1c00869a 00070763 beq              x14, x0, 14         x14:00000023
11346155ns          181972 1c00869c 00f00533 add              x10, x0, x15        x10=1c000068 x15:1c000068
11346175ns          181973 1c00869e 0017c70b p.lbu            x14, 1(x15!)        x14=00000030 x15=1c000069 x15:1c000068  PA:1c000068
11346493ns          181989 1c0086a2 feb71ce3 bne              x14, x11, -8        x14:00000030 x11:00000064
11346553ns          181992 1c00869a 00070763 beq              x14, x0, 14         x14:00000030
11346573ns          181993 1c00869c 00f00533 add              x10, x0, x15        x10=1c000069 x15:1c000069
11346593ns          181994 1c00869e 0017c70b p.lbu            x14, 1(x15!)        x14=00000000 x15=1c00006a x15:1c000069  PA:1c000069
11346911ns          182010 1c0086a2 feb71ce3 bne              x14, x11, -8        x14:00000000 x11:00000064
11346970ns          182013 1c00869a 00070763 beq              x14, x0, 14         x14:00000000
11347030ns          182016 1c0086a8 0015b593 sltiu            x11, x11, 1         x11=00000000 x11:00000064
11347050ns          182017 1c0086ac 40b005b3 sub              x11, x0, x11        x11=00000000 x11:00000000
11347070ns          182018 1c0086b0 00b57533 and              x10, x10, x11       x10=00000000 x10:1c000069 x11:00000000
11347090ns          182019 1c0086b2 00008067 jalr             x0, x1, 0            x1:1c0087f2
11347130ns          182021 1c0087f2 02050a63 beq              x10, x0, 52         x10:00000000
11347269ns          182028 1c008826 02a00613 addi             x12, x0, 42         x12=0000002a
11347289ns          182029 1c00882a 2ac48663 beq              x9, x12, 684         x9:00000064 x12:0000002a
11347667ns          182048 1c00882e fd048613 addi             x12, x9, -48        x12=00000034  x9:00000064
11347687ns          182049 1c008832 00900593 addi             x11, x0, 9          x11=00000009
11347706ns          182050 1c008834 00000913 addi             x18, x0, 0          x18=00000000
11347726ns          182051 1c008836 28c5f063 bgeu             x11, x12, 640       x11:00000009 x12:00000034
11347746ns          182052 1c00883a 02e00693 addi             x13, x0, 46         x13=0000002e
11347766ns          182053 1c00883e fff00a13 addi             x20, x0, -1         x20=ffffffff
11347786ns          182054 1c008840 2ed48363 beq              x9, x13, 742         x9:00000064 x13:0000002e
11347806ns          182055 1c008844 1c0007b7 lui              x15, 0x1c000000     x15=1c000000
11347826ns          182056 1c008848 009005b3 add              x11, x0, x9         x11=00000064  x9:00000064
11347846ns          182057 1c00884a 06c78513 addi             x10, x15, 108       x10=1c00006c x15:1c000000
11347866ns          182058 1c00884e e39ff0ef jal              x1, -456             x1=1c008850
11347925ns          182061 1c008686 00054783 lbu              x15, 0(x10)         x15=00000068 x10:1c00006c  PA:1c00006c
11348224ns          182076 1c00868a 0ff5f593 andi             x11, x11, 255       x11=00000064 x11:00000064
11348243ns          182077 1c00868e 00b78c63 beq              x15, x11, 24        x15:00000068 x11:00000064
11348263ns          182078 1c008692 00078b63 beq              x15, x0, 22         x15:00000068
11348283ns          182079 1c008694 00150793 addi             x15, x10, 1         x15=1c00006d x10:1c00006c
11348303ns          182080 1c008698 0040006f jal              x0, 4              
11348343ns          182082 1c00869c 00f00533 add              x10, x0, x15        x10=1c00006d x15:1c00006d
11348363ns          182083 1c00869e 0017c70b p.lbu            x14, 1(x15!)        x14=0000006c x15=1c00006e x15:1c00006d  PA:1c00006d
11348701ns          182100 1c0086a2 feb71ce3 bne              x14, x11, -8        x14:0000006c x11:00000064
11348761ns          182103 1c00869a 00070763 beq              x14, x0, 14         x14:0000006c
11348781ns          182104 1c00869c 00f00533 add              x10, x0, x15        x10=1c00006e x15:1c00006e
11348800ns          182105 1c00869e 0017c70b p.lbu            x14, 1(x15!)        x14=0000004c x15=1c00006f x15:1c00006e  PA:1c00006e
11349119ns          182121 1c0086a2 feb71ce3 bne              x14, x11, -8        x14:0000004c x11:00000064
11349178ns          182124 1c00869a 00070763 beq              x14, x0, 14         x14:0000004c
11349198ns          182125 1c00869c 00f00533 add              x10, x0, x15        x10=1c00006f x15:1c00006f
11349218ns          182126 1c00869e 0017c70b p.lbu            x14, 1(x15!)        x14=0000007a x15=1c000070 x15:1c00006f  PA:1c00006f
11349536ns          182142 1c0086a2 feb71ce3 bne              x14, x11, -8        x14:0000007a x11:00000064
11349596ns          182145 1c00869a 00070763 beq              x14, x0, 14         x14:0000007a
11349616ns          182146 1c00869c 00f00533 add              x10, x0, x15        x10=1c000070 x15:1c000070
11349636ns          182147 1c00869e 0017c70b p.lbu            x14, 1(x15!)        x14=00000000 x15=1c000071 x15:1c000070  PA:1c000070
11349954ns          182163 1c0086a2 feb71ce3 bne              x14, x11, -8        x14:00000000 x11:00000064
11350014ns          182166 1c00869a 00070763 beq              x14, x0, 14         x14:00000000
11350073ns          182169 1c0086a8 0015b593 sltiu            x11, x11, 1         x11=00000000 x11:00000064
11350093ns          182170 1c0086ac 40b005b3 sub              x11, x0, x11        x11=00000000 x11:00000000
11350113ns          182171 1c0086b0 00b57533 and              x10, x10, x11       x10=00000000 x10:1c000070 x11:00000000
11350133ns          182172 1c0086b2 00008067 jalr             x0, x1, 0            x1:1c008850
11350173ns          182174 1c008850 01300433 add              x8, x0, x19          x8=1c000032 x19:1c000032
11350193ns          182175 1c008852 00050563 beq              x10, x0, 10         x10:00000000
11350252ns          182178 1c00885c 06700693 addi             x13, x0, 103        x13=00000067
11350312ns          182181 1c008860 2896d963 bge              x13, x9, 658        x13:00000067  x9:00000064
11350392ns          182185 1c008af2 06500693 addi             x13, x0, 101        x13=00000065
11350412ns          182186 1c008af6 12d4d563 bge              x9, x13, 298         x9:00000064 x13:00000065
11350431ns          182187 1c008afa 04700693 addi             x13, x0, 71         x13=00000047
11350491ns          182190 1c008afe dc96cbe3 blt              x13, x9, -554       x13:00000047  x9:00000064
11350591ns          182195 1c0088d4 06300693 addi             x13, x0, 99         x13=00000063
11350630ns          182197 1c0088d8 0ad488e3 beq              x9, x13, 2224        x9:00000064 x13:00000063
11350650ns          182198 1c0088dc 0096c9e3 blt              x13, x9, 2066       x13:00000063  x9:00000064
11350869ns          182209 1c0090ee 000c2583 lw               x11, 0(x24)         x11=00000032 x24:100017d0  PA:100017d0
11350889ns          182210 1c0090f2 004c0c13 addi             x24, x24, 4         x24=100017d4 x24:100017d0
11350909ns          182211 1c0090f4 3405cc63 blt              x11, x0, 856        x11:00000032
11350929ns          182212 1c0090f8 01412603 lw               x12, 20(x2)         x12=00000000  x2:10001678  PA:1000168c
11350949ns          182213 1c0090fa 00b006b3 add              x13, x0, x11        x13=00000032 x11:00000032
11350969ns          182214 1c0090fc 2e061863 bne              x12, x0, 752        x12:00000000
11351008ns          182216 1c009100 01812703 lw               x14, 24(x2)         x14=00000000  x2:10001678  PA:10001690
11351028ns          182217 1c009102 019007b3 add              x15, x0, x25        x15=1000169c x25:1000169c
11351048ns          182218 1c009104 00070763 beq              x14, x0, 14         x14:00000000
11351108ns          182221 1c009112 00f00733 add              x14, x0, x15        x14=1000169c x15:1000169c
11351128ns          182222 1c009114 00a00513 addi             x10, x0, 10         x10=0000000a
11351148ns          182223 1c009116 02a6f633 remu             x12, x13, x10       x12=00000000 x13:00000032 x10:0000000a
11351764ns          182254 1c00911a 02a6d6b3 divu             x13, x13, x10       x13=00000005 x13:00000032 x10:0000000a
11352381ns          182285 1c00911e 03060613 addi             x12, x12, 48        x12=00000030 x12:00000000
11352401ns          182286 1c009122 00c700ab p.sb             x12, 1(x14!)        x14=1000169d x12:00000030 x14:1000169c  PA:1000169c
11352421ns          182287 1c009126 fe0698e3 bne              x13, x0, -16        x13:00000005
11352560ns          182294 1c009116 02a6f633 remu             x12, x13, x10       x12=00000005 x13:00000005 x10:0000000a
11353176ns          182325 1c00911a 02a6d6b3 divu             x13, x13, x10       x13=00000000 x13:00000005 x10:0000000a
11353793ns          182356 1c00911e 03060613 addi             x12, x12, 48        x12=00000035 x12:00000005
11353813ns          182357 1c009122 00c700ab p.sb             x12, 1(x14!)        x14=1000169e x12:00000035 x14:1000169d  PA:1000169d
11353833ns          182358 1c009126 fe0698e3 bne              x13, x0, -16        x13:00000000
11353853ns          182359 1c009128 40f706b3 sub              x13, x14, x15       x13=00000002 x14:1000169e x15:1000169c
11353873ns          182360 1c00912c 0146dc63 bge              x13, x20, 24        x13:00000002 x20:ffffffff
11353932ns          182363 1c009144 00e006b3 add              x13, x0, x14        x13=1000169e x14:1000169e
11353952ns          182364 1c009146 fe068fab p.sb             x0, -1(x13!)        x13=1000169d x13:1000169e  PA:1000169e
11354012ns          182367 1c00914a 00d7fc63 bgeu             x15, x13, 24        x15:1000169c x13:1000169d
11354032ns          182368 1c00914e 0007c503 lbu              x10, 0(x15)         x10=00000030 x15:1000169c  PA:1000169c
11354071ns          182370 1c009152 0006c603 lbu              x12, 0(x13)         x12=00000035 x13:1000169d  PA:1000169d
11354151ns          182374 1c009156 fea68fab p.sb             x10, -1(x13!)       x13=1000169c x10:00000030 x13:1000169d  PA:1000169d
11354211ns          182377 1c00915a 00c780ab p.sb             x12, 1(x15!)        x15=1000169d x12:00000035 x15:1000169c  PA:1000169c
11354250ns          182379 1c00915e fed7e8e3 bltu             x15, x13, -16       x15:1000169d x13:1000169c
11354270ns          182380 1c009162 01412783 lw               x15, 20(x2)         x15=00000000  x2:10001678  PA:1000168c
11354290ns          182381 1c009164 01812603 lw               x12, 24(x2)         x12=00000000  x2:10001678  PA:10001690
11354310ns          182382 1c009166 419704b3 sub              x9, x14, x25         x9=00000002 x14:1000169e x25:1000169c
11354330ns          182383 1c00916a 00c7e7b3 or               x15, x15, x12       x15=00000000 x15:00000000 x12:00000000
11354350ns          182384 1c00916c 00f12623 sw               x15, 12(x2)         x15:00000000  x2:10001678  PA:10001684
11354390ns          182386 1c00916e 00079363 bne              x15, x0, 6          x15:00000000
11354410ns          182387 1c009170 01f5d593 srli             x11, x11, 0x1f      x11=00000000 x11:00000032
11354429ns          182388 1c009172 00b12623 sw               x11, 12(x2)         x11:00000000  x2:10001678  PA:10001684
11354449ns          182389 1c009174 e3fa28e3 p.beqimm         x20, -464           x20:ffffffff
11354867ns          182410 1c008fa4 0c800793 addi             x15, x0, 200        x15=000000c8
11354887ns          182411 1c008fa8 9e97d0e3 bge              x15, x9, -1568      x15:000000c8  x9:00000002
11354947ns          182414 1c008988 0f24d163 bge              x9, x18, 226         x9:00000002 x18:00000000
11355543ns          182444 1c008a6a d00482e3 beq              x9, x0, -764         x9:00000002
11355563ns          182445 1c008a6e 01900933 add              x18, x0, x25        x18=1000169c x25:1000169c
11355603ns          182447 1c008a70 419d8db3 sub              x27, x27, x25       x27=efffe977 x27:00000013 x25:1000169c
11355643ns          182449 1c008a74 00a0006f jal              x0, 10             
11355742ns          182454 1c008a7e 0019450b p.lbu            x10, 1(x18!)        x10=00000035 x18=1000169d x18:1000169c  PA:1000169c
11355762ns          182455 1c008a82 01a005b3 add              x11, x0, x26        x11=00000002 x26:00000002
11355782ns          182456 1c008a84 000b00e7 jalr             x1, x22, 0           x1=1c008a86 x22:1c0086b4
11355822ns          182458 1c0086b4 000026b7 lui              x13, 0x2000         x13=00002000
11355842ns          182459 1c0086b6 f14027f3 csrrs            x15, x0, 0xf14      x15=00000002
11355862ns          182460 1c0086ba f8068693 addi             x13, x13, -128      x13=00001f80 x13:00002000
11355882ns          182461 1c0086be 00379713 slli             x14, x15, 0x3       x14=00000010 x15:00000002
11355901ns          182462 1c0086c2 00279793 slli             x15, x15, 0x2       x15=00000008 x15:00000002
11355921ns          182463 1c0086c4 00d7f7b3 and              x15, x15, x13       x15=00000000 x15:00000008 x13:00001f80
11355941ns          182464 1c0086c6 ee873733 p.bclr           x14, x14, 23, 8     x14=00000010 x14:00000010
11355961ns          182465 1c0086ca 1a10f6b7 lui              x13, 0x1a10f000     x13=1a10f000
11356001ns          182467 1c0086ce 0ff57513 andi             x10, x10, 255       x10=00000035 x10:00000035
11356021ns          182468 1c0086d2 00d70733 add              x14, x14, x13       x14=1a10f010 x14:00000010 x13:1a10f000
11356041ns          182469 1c0086d4 00a7e723 p.sw             x10, x0(x15)        x10:00000035 x15:00000000  PA:1a10f010
11356438ns          182489 1c0086d8 00000513 addi             x10, x0, 0          x10=00000000
11356458ns          182490 1c0086da 00008067 jalr             x0, x1, 0            x1:1c008a86
11356498ns          182492 1c008a86 fff48493 addi             x9, x9, -1           x9=00000001  x9:00000002
11356518ns          182493 1c008a88 fff537e3 p.bneimm         x10, -18            x10:00000000
11356598ns          182497 1c008a76 012d8733 add              x14, x27, x18       x14=00000014 x27:efffe977 x18:1000169d
11356617ns          182498 1c008a7a 5a048b63 beq              x9, x0, 1462         x9:00000001
11356637ns          182499 1c008a7e 0019450b p.lbu            x10, 1(x18!)        x10=00000030 x18=1000169e x18:1000169d  PA:1000169d
11356657ns          182500 1c008a82 01a005b3 add              x11, x0, x26        x11=00000002 x26:00000002
11356677ns          182501 1c008a84 000b00e7 jalr             x1, x22, 0           x1=1c008a86 x22:1c0086b4
11356717ns          182503 1c0086b4 000026b7 lui              x13, 0x2000         x13=00002000
11356737ns          182504 1c0086b6 f14027f3 csrrs            x15, x0, 0xf14      x15=00000002
11356757ns          182505 1c0086ba f8068693 addi             x13, x13, -128      x13=00001f80 x13:00002000
11356777ns          182506 1c0086be 00379713 slli             x14, x15, 0x3       x14=00000010 x15:00000002
11356796ns          182507 1c0086c2 00279793 slli             x15, x15, 0x2       x15=00000008 x15:00000002
11356816ns          182508 1c0086c4 00d7f7b3 and              x15, x15, x13       x15=00000000 x15:00000008 x13:00001f80
11356836ns          182509 1c0086c6 ee873733 p.bclr           x14, x14, 23, 8     x14=00000010 x14:00000010
11356856ns          182510 1c0086ca 1a10f6b7 lui              x13, 0x1a10f000     x13=1a10f000
11356876ns          182511 1c0086ce 0ff57513 andi             x10, x10, 255       x10=00000030 x10:00000030
11356896ns          182512 1c0086d2 00d70733 add              x14, x14, x13       x14=1a10f010 x14:00000010 x13:1a10f000
11356916ns          182513 1c0086d4 00a7e723 p.sw             x10, x0(x15)        x10:00000030 x15:00000000  PA:1a10f010
11357234ns          182529 1c0086d8 00000513 addi             x10, x0, 0          x10=00000000
11357254ns          182530 1c0086da 00008067 jalr             x0, x1, 0            x1:1c008a86
11357294ns          182532 1c008a86 fff48493 addi             x9, x9, -1           x9=00000000  x9:00000001
11357314ns          182533 1c008a88 fff537e3 p.bneimm         x10, -18            x10:00000000
11357393ns          182537 1c008a76 012d8733 add              x14, x27, x18       x14=00000015 x27:efffe977 x18:1000169e
11357413ns          182538 1c008a7a 5a048b63 beq              x9, x0, 1462         x9:00000000
11357513ns          182543 1c009030 00e00db3 add              x27, x0, x14        x27=00000015 x14:00000015
11357552ns          182545 1c009032 f3cff06f jal              x0, -2244          
11357612ns          182548 1c00876e 00044503 lbu              x10, 0(x8)          x10=00000020  x8:1c000032  PA:1c000032
11357910ns          182563 1c008772 00140413 addi             x8, x8, 1            x8=1c000033  x8:1c000032
11357930ns          182564 1c008774 00050e63 beq              x10, x0, 28         x10:00000020
11357950ns          182565 1c008776 02500793 addi             x15, x0, 37         x15=00000025
11357970ns          182566 1c00877a 04f50863 beq              x10, x15, 80        x10:00000020 x15:00000025
11357990ns          182567 1c00877e 01a005b3 add              x11, x0, x26        x11=00000002 x26:00000002
11358010ns          182568 1c008780 000b00e7 jalr             x1, x22, 0           x1=1c008782 x22:1c0086b4
11358089ns          182572 1c0086b4 000026b7 lui              x13, 0x2000         x13=00002000
11358129ns          182574 1c0086b6 f14027f3 csrrs            x15, x0, 0xf14      x15=00000002
11358149ns          182575 1c0086ba f8068693 addi             x13, x13, -128      x13=00001f80 x13:00002000
11358169ns          182576 1c0086be 00379713 slli             x14, x15, 0x3       x14=00000010 x15:00000002
11358189ns          182577 1c0086c2 00279793 slli             x15, x15, 0x2       x15=00000008 x15:00000002
11358209ns          182578 1c0086c4 00d7f7b3 and              x15, x15, x13       x15=00000000 x15:00000008 x13:00001f80
11358229ns          182579 1c0086c6 ee873733 p.bclr           x14, x14, 23, 8     x14=00000010 x14:00000010
11358249ns          182580 1c0086ca 1a10f6b7 lui              x13, 0x1a10f000     x13=1a10f000
11358268ns          182581 1c0086ce 0ff57513 andi             x10, x10, 255       x10=00000020 x10:00000020
11358288ns          182582 1c0086d2 00d70733 add              x14, x14, x13       x14=1a10f010 x14:00000010 x13:1a10f000
11358308ns          182583 1c0086d4 00a7e723 p.sw             x10, x0(x15)        x10:00000020 x15:00000000  PA:1a10f010
11358626ns          182599 1c0086d8 00000513 addi             x10, x0, 0          x10=00000000
11358646ns          182600 1c0086da 00008067 jalr             x0, x1, 0            x1:1c008782
11358706ns          182603 1c008782 31f52563 p.beqimm         x10, 778            x10:00000000
11358726ns          182604 1c008786 001d8d93 addi             x27, x27, 1         x27=00000016 x27:00000015
11358746ns          182605 1c008788 00044503 lbu              x10, 0(x8)          x10=00000077  x8:1c000033  PA:1c000033
11359044ns          182620 1c00878c 00140413 addi             x8, x8, 1            x8=1c000034  x8:1c000033
11359064ns          182621 1c00878e fe0514e3 bne              x10, x0, -24        x10:00000077
11359144ns          182625 1c008776 02500793 addi             x15, x0, 37         x15=00000025
11359163ns          182626 1c00877a 04f50863 beq              x10, x15, 80        x10:00000077 x15:00000025
11359183ns          182627 1c00877e 01a005b3 add              x11, x0, x26        x11=00000002 x26:00000002
11359203ns          182628 1c008780 000b00e7 jalr             x1, x22, 0           x1=1c008782 x22:1c0086b4
11359243ns          182630 1c0086b4 000026b7 lui              x13, 0x2000         x13=00002000
11359263ns          182631 1c0086b6 f14027f3 csrrs            x15, x0, 0xf14      x15=00000002
11359283ns          182632 1c0086ba f8068693 addi             x13, x13, -128      x13=00001f80 x13:00002000
11359303ns          182633 1c0086be 00379713 slli             x14, x15, 0x3       x14=00000010 x15:00000002
11359323ns          182634 1c0086c2 00279793 slli             x15, x15, 0x2       x15=00000008 x15:00000002
11359343ns          182635 1c0086c4 00d7f7b3 and              x15, x15, x13       x15=00000000 x15:00000008 x13:00001f80
11359362ns          182636 1c0086c6 ee873733 p.bclr           x14, x14, 23, 8     x14=00000010 x14:00000010
11359382ns          182637 1c0086ca 1a10f6b7 lui              x13, 0x1a10f000     x13=1a10f000
11359402ns          182638 1c0086ce 0ff57513 andi             x10, x10, 255       x10=00000077 x10:00000077
11359422ns          182639 1c0086d2 00d70733 add              x14, x14, x13       x14=1a10f010 x14:00000010 x13:1a10f000
11359442ns          182640 1c0086d4 00a7e723 p.sw             x10, x0(x15)        x10:00000077 x15:00000000  PA:1a10f010
11359760ns          182656 1c0086d8 00000513 addi             x10, x0, 0          x10=00000000
11359780ns          182657 1c0086da 00008067 jalr             x0, x1, 0            x1:1c008782
11359840ns          182660 1c008782 31f52563 p.beqimm         x10, 778            x10:00000000
11359860ns          182661 1c008786 001d8d93 addi             x27, x27, 1         x27=00000017 x27:00000016
11359880ns          182662 1c008788 00044503 lbu              x10, 0(x8)          x10=0000006f  x8:1c000034  PA:1c000034
11360178ns          182677 1c00878c 00140413 addi             x8, x8, 1            x8=1c000035  x8:1c000034
11360198ns          182678 1c00878e fe0514e3 bne              x10, x0, -24        x10:0000006f
11360277ns          182682 1c008776 02500793 addi             x15, x0, 37         x15=00000025
11360297ns          182683 1c00877a 04f50863 beq              x10, x15, 80        x10:0000006f x15:00000025
11360317ns          182684 1c00877e 01a005b3 add              x11, x0, x26        x11=00000002 x26:00000002
11360337ns          182685 1c008780 000b00e7 jalr             x1, x22, 0           x1=1c008782 x22:1c0086b4
11360377ns          182687 1c0086b4 000026b7 lui              x13, 0x2000         x13=00002000
11360397ns          182688 1c0086b6 f14027f3 csrrs            x15, x0, 0xf14      x15=00000002
11360417ns          182689 1c0086ba f8068693 addi             x13, x13, -128      x13=00001f80 x13:00002000
11360437ns          182690 1c0086be 00379713 slli             x14, x15, 0x3       x14=00000010 x15:00000002
11360456ns          182691 1c0086c2 00279793 slli             x15, x15, 0x2       x15=00000008 x15:00000002
11360476ns          182692 1c0086c4 00d7f7b3 and              x15, x15, x13       x15=00000000 x15:00000008 x13:00001f80
11360496ns          182693 1c0086c6 ee873733 p.bclr           x14, x14, 23, 8     x14=00000010 x14:00000010
11360516ns          182694 1c0086ca 1a10f6b7 lui              x13, 0x1a10f000     x13=1a10f000
11360536ns          182695 1c0086ce 0ff57513 andi             x10, x10, 255       x10=0000006f x10:0000006f
11360556ns          182696 1c0086d2 00d70733 add              x14, x14, x13       x14=1a10f010 x14:00000010 x13:1a10f000
11360576ns          182697 1c0086d4 00a7e723 p.sw             x10, x0(x15)        x10:0000006f x15:00000000  PA:1a10f010
11360894ns          182713 1c0086d8 00000513 addi             x10, x0, 0          x10=00000000
11360914ns          182714 1c0086da 00008067 jalr             x0, x1, 0            x1:1c008782
11360974ns          182717 1c008782 31f52563 p.beqimm         x10, 778            x10:00000000
11360993ns          182718 1c008786 001d8d93 addi             x27, x27, 1         x27=00000018 x27:00000017
11361013ns          182719 1c008788 00044503 lbu              x10, 0(x8)          x10=00000072  x8:1c000035  PA:1c000035
11361312ns          182734 1c00878c 00140413 addi             x8, x8, 1            x8=1c000036  x8:1c000035
11361332ns          182735 1c00878e fe0514e3 bne              x10, x0, -24        x10:00000072
11361411ns          182739 1c008776 02500793 addi             x15, x0, 37         x15=00000025
11361431ns          182740 1c00877a 04f50863 beq              x10, x15, 80        x10:00000072 x15:00000025
11361451ns          182741 1c00877e 01a005b3 add              x11, x0, x26        x11=00000002 x26:00000002
11361471ns          182742 1c008780 000b00e7 jalr             x1, x22, 0           x1=1c008782 x22:1c0086b4
11361511ns          182744 1c0086b4 000026b7 lui              x13, 0x2000         x13=00002000
11361530ns          182745 1c0086b6 f14027f3 csrrs            x15, x0, 0xf14      x15=00000002
11361550ns          182746 1c0086ba f8068693 addi             x13, x13, -128      x13=00001f80 x13:00002000
11361570ns          182747 1c0086be 00379713 slli             x14, x15, 0x3       x14=00000010 x15:00000002
11361590ns          182748 1c0086c2 00279793 slli             x15, x15, 0x2       x15=00000008 x15:00000002
11361610ns          182749 1c0086c4 00d7f7b3 and              x15, x15, x13       x15=00000000 x15:00000008 x13:00001f80
11361630ns          182750 1c0086c6 ee873733 p.bclr           x14, x14, 23, 8     x14=00000010 x14:00000010
11361650ns          182751 1c0086ca 1a10f6b7 lui              x13, 0x1a10f000     x13=1a10f000
11361670ns          182752 1c0086ce 0ff57513 andi             x10, x10, 255       x10=00000072 x10:00000072
11361690ns          182753 1c0086d2 00d70733 add              x14, x14, x13       x14=1a10f010 x14:00000010 x13:1a10f000
11361710ns          182754 1c0086d4 00a7e723 p.sw             x10, x0(x15)        x10:00000072 x15:00000000  PA:1a10f010
11362068ns          182772 1c0086d8 00000513 addi             x10, x0, 0          x10=00000000
11362087ns          182773 1c0086da 00008067 jalr             x0, x1, 0            x1:1c008782
11362147ns          182776 1c008782 31f52563 p.beqimm         x10, 778            x10:00000000
11362167ns          182777 1c008786 001d8d93 addi             x27, x27, 1         x27=00000019 x27:00000018
11362187ns          182778 1c008788 00044503 lbu              x10, 0(x8)          x10=00000064  x8:1c000036  PA:1c000036
11362485ns          182793 1c00878c 00140413 addi             x8, x8, 1            x8=1c000037  x8:1c000036
11362505ns          182794 1c00878e fe0514e3 bne              x10, x0, -24        x10:00000064
11362585ns          182798 1c008776 02500793 addi             x15, x0, 37         x15=00000025
11362605ns          182799 1c00877a 04f50863 beq              x10, x15, 80        x10:00000064 x15:00000025
11362624ns          182800 1c00877e 01a005b3 add              x11, x0, x26        x11=00000002 x26:00000002
11362644ns          182801 1c008780 000b00e7 jalr             x1, x22, 0           x1=1c008782 x22:1c0086b4
11362684ns          182803 1c0086b4 000026b7 lui              x13, 0x2000         x13=00002000
11362704ns          182804 1c0086b6 f14027f3 csrrs            x15, x0, 0xf14      x15=00000002
11362724ns          182805 1c0086ba f8068693 addi             x13, x13, -128      x13=00001f80 x13:00002000
11362744ns          182806 1c0086be 00379713 slli             x14, x15, 0x3       x14=00000010 x15:00000002
11362764ns          182807 1c0086c2 00279793 slli             x15, x15, 0x2       x15=00000008 x15:00000002
11362784ns          182808 1c0086c4 00d7f7b3 and              x15, x15, x13       x15=00000000 x15:00000008 x13:00001f80
11362804ns          182809 1c0086c6 ee873733 p.bclr           x14, x14, 23, 8     x14=00000010 x14:00000010
11362823ns          182810 1c0086ca 1a10f6b7 lui              x13, 0x1a10f000     x13=1a10f000
11362843ns          182811 1c0086ce 0ff57513 andi             x10, x10, 255       x10=00000064 x10:00000064
11362863ns          182812 1c0086d2 00d70733 add              x14, x14, x13       x14=1a10f010 x14:00000010 x13:1a10f000
11362883ns          182813 1c0086d4 00a7e723 p.sw             x10, x0(x15)        x10:00000064 x15:00000000  PA:1a10f010
11363201ns          182829 1c0086d8 00000513 addi             x10, x0, 0          x10=00000000
11363221ns          182830 1c0086da 00008067 jalr             x0, x1, 0            x1:1c008782
11363281ns          182833 1c008782 31f52563 p.beqimm         x10, 778            x10:00000000
11363301ns          182834 1c008786 001d8d93 addi             x27, x27, 1         x27=0000001a x27:00000019
11363321ns          182835 1c008788 00044503 lbu              x10, 0(x8)          x10=00000073  x8:1c000037  PA:1c000037
11363619ns          182850 1c00878c 00140413 addi             x8, x8, 1            x8=1c000038  x8:1c000037
11363639ns          182851 1c00878e fe0514e3 bne              x10, x0, -24        x10:00000073
11363718ns          182855 1c008776 02500793 addi             x15, x0, 37         x15=00000025
11363738ns          182856 1c00877a 04f50863 beq              x10, x15, 80        x10:00000073 x15:00000025
11363758ns          182857 1c00877e 01a005b3 add              x11, x0, x26        x11=00000002 x26:00000002
11363778ns          182858 1c008780 000b00e7 jalr             x1, x22, 0           x1=1c008782 x22:1c0086b4
11363818ns          182860 1c0086b4 000026b7 lui              x13, 0x2000         x13=00002000
11363838ns          182861 1c0086b6 f14027f3 csrrs            x15, x0, 0xf14      x15=00000002
11363858ns          182862 1c0086ba f8068693 addi             x13, x13, -128      x13=00001f80 x13:00002000
11363878ns          182863 1c0086be 00379713 slli             x14, x15, 0x3       x14=00000010 x15:00000002
11363897ns          182864 1c0086c2 00279793 slli             x15, x15, 0x2       x15=00000008 x15:00000002
11363917ns          182865 1c0086c4 00d7f7b3 and              x15, x15, x13       x15=00000000 x15:00000008 x13:00001f80
11363937ns          182866 1c0086c6 ee873733 p.bclr           x14, x14, 23, 8     x14=00000010 x14:00000010
11363957ns          182867 1c0086ca 1a10f6b7 lui              x13, 0x1a10f000     x13=1a10f000
11363977ns          182868 1c0086ce 0ff57513 andi             x10, x10, 255       x10=00000073 x10:00000073
11363997ns          182869 1c0086d2 00d70733 add              x14, x14, x13       x14=1a10f010 x14:00000010 x13:1a10f000
11364017ns          182870 1c0086d4 00a7e723 p.sw             x10, x0(x15)        x10:00000073 x15:00000000  PA:1a10f010
11364335ns          182886 1c0086d8 00000513 addi             x10, x0, 0          x10=00000000
11364355ns          182887 1c0086da 00008067 jalr             x0, x1, 0            x1:1c008782
11364415ns          182890 1c008782 31f52563 p.beqimm         x10, 778            x10:00000000
11364435ns          182891 1c008786 001d8d93 addi             x27, x27, 1         x27=0000001b x27:0000001a
11364454ns          182892 1c008788 00044503 lbu              x10, 0(x8)          x10=00000020  x8:1c000038  PA:1c000038
11364753ns          182907 1c00878c 00140413 addi             x8, x8, 1            x8=1c000039  x8:1c000038
11364773ns          182908 1c00878e fe0514e3 bne              x10, x0, -24        x10:00000020
11364852ns          182912 1c008776 02500793 addi             x15, x0, 37         x15=00000025
11364872ns          182913 1c00877a 04f50863 beq              x10, x15, 80        x10:00000020 x15:00000025
11364892ns          182914 1c00877e 01a005b3 add              x11, x0, x26        x11=00000002 x26:00000002
11364912ns          182915 1c008780 000b00e7 jalr             x1, x22, 0           x1=1c008782 x22:1c0086b4
11364952ns          182917 1c0086b4 000026b7 lui              x13, 0x2000         x13=00002000
11364972ns          182918 1c0086b6 f14027f3 csrrs            x15, x0, 0xf14      x15=00000002
11364991ns          182919 1c0086ba f8068693 addi             x13, x13, -128      x13=00001f80 x13:00002000
11365011ns          182920 1c0086be 00379713 slli             x14, x15, 0x3       x14=00000010 x15:00000002
11365031ns          182921 1c0086c2 00279793 slli             x15, x15, 0x2       x15=00000008 x15:00000002
11365051ns          182922 1c0086c4 00d7f7b3 and              x15, x15, x13       x15=00000000 x15:00000008 x13:00001f80
11365071ns          182923 1c0086c6 ee873733 p.bclr           x14, x14, 23, 8     x14=00000010 x14:00000010
11365091ns          182924 1c0086ca 1a10f6b7 lui              x13, 0x1a10f000     x13=1a10f000
11365111ns          182925 1c0086ce 0ff57513 andi             x10, x10, 255       x10=00000020 x10:00000020
11365131ns          182926 1c0086d2 00d70733 add              x14, x14, x13       x14=1a10f010 x14:00000010 x13:1a10f000
11365151ns          182927 1c0086d4 00a7e723 p.sw             x10, x0(x15)        x10:00000020 x15:00000000  PA:1a10f010
11365489ns          182944 1c0086d8 00000513 addi             x10, x0, 0          x10=00000000
11365509ns          182945 1c0086da 00008067 jalr             x0, x1, 0            x1:1c008782
11365568ns          182948 1c008782 31f52563 p.beqimm         x10, 778            x10:00000000
11365588ns          182949 1c008786 001d8d93 addi             x27, x27, 1         x27=0000001c x27:0000001b
11365608ns          182950 1c008788 00044503 lbu              x10, 0(x8)          x10=00000074  x8:1c000039  PA:1c000039
11365906ns          182965 1c00878c 00140413 addi             x8, x8, 1            x8=1c00003a  x8:1c000039
11365926ns          182966 1c00878e fe0514e3 bne              x10, x0, -24        x10:00000074
11366006ns          182970 1c008776 02500793 addi             x15, x0, 37         x15=00000025
11366026ns          182971 1c00877a 04f50863 beq              x10, x15, 80        x10:00000074 x15:00000025
11366046ns          182972 1c00877e 01a005b3 add              x11, x0, x26        x11=00000002 x26:00000002
11366066ns          182973 1c008780 000b00e7 jalr             x1, x22, 0           x1=1c008782 x22:1c0086b4
11366105ns          182975 1c0086b4 000026b7 lui              x13, 0x2000         x13=00002000
11366125ns          182976 1c0086b6 f14027f3 csrrs            x15, x0, 0xf14      x15=00000002
11366145ns          182977 1c0086ba f8068693 addi             x13, x13, -128      x13=00001f80 x13:00002000
11366165ns          182978 1c0086be 00379713 slli             x14, x15, 0x3       x14=00000010 x15:00000002
11366185ns          182979 1c0086c2 00279793 slli             x15, x15, 0x2       x15=00000008 x15:00000002
11366205ns          182980 1c0086c4 00d7f7b3 and              x15, x15, x13       x15=00000000 x15:00000008 x13:00001f80
11366225ns          182981 1c0086c6 ee873733 p.bclr           x14, x14, 23, 8     x14=00000010 x14:00000010
11366245ns          182982 1c0086ca 1a10f6b7 lui              x13, 0x1a10f000     x13=1a10f000
11366264ns          182983 1c0086ce 0ff57513 andi             x10, x10, 255       x10=00000074 x10:00000074
11366284ns          182984 1c0086d2 00d70733 add              x14, x14, x13       x14=1a10f010 x14:00000010 x13:1a10f000
11366304ns          182985 1c0086d4 00a7e723 p.sw             x10, x0(x15)        x10:00000074 x15:00000000  PA:1a10f010
11366623ns          183001 1c0086d8 00000513 addi             x10, x0, 0          x10=00000000
11366642ns          183002 1c0086da 00008067 jalr             x0, x1, 0            x1:1c008782
11366702ns          183005 1c008782 31f52563 p.beqimm         x10, 778            x10:00000000
11366722ns          183006 1c008786 001d8d93 addi             x27, x27, 1         x27=0000001d x27:0000001c
11366742ns          183007 1c008788 00044503 lbu              x10, 0(x8)          x10=0000006f  x8:1c00003a  PA:1c00003a
11367040ns          183022 1c00878c 00140413 addi             x8, x8, 1            x8=1c00003b  x8:1c00003a
11367060ns          183023 1c00878e fe0514e3 bne              x10, x0, -24        x10:0000006f
11367140ns          183027 1c008776 02500793 addi             x15, x0, 37         x15=00000025
11367160ns          183028 1c00877a 04f50863 beq              x10, x15, 80        x10:0000006f x15:00000025
11367179ns          183029 1c00877e 01a005b3 add              x11, x0, x26        x11=00000002 x26:00000002
11367199ns          183030 1c008780 000b00e7 jalr             x1, x22, 0           x1=1c008782 x22:1c0086b4
11367239ns          183032 1c0086b4 000026b7 lui              x13, 0x2000         x13=00002000
11367259ns          183033 1c0086b6 f14027f3 csrrs            x15, x0, 0xf14      x15=00000002
11367279ns          183034 1c0086ba f8068693 addi             x13, x13, -128      x13=00001f80 x13:00002000
11367299ns          183035 1c0086be 00379713 slli             x14, x15, 0x3       x14=00000010 x15:00000002
11367319ns          183036 1c0086c2 00279793 slli             x15, x15, 0x2       x15=00000008 x15:00000002
11367339ns          183037 1c0086c4 00d7f7b3 and              x15, x15, x13       x15=00000000 x15:00000008 x13:00001f80
11367358ns          183038 1c0086c6 ee873733 p.bclr           x14, x14, 23, 8     x14=00000010 x14:00000010
11367378ns          183039 1c0086ca 1a10f6b7 lui              x13, 0x1a10f000     x13=1a10f000
11367398ns          183040 1c0086ce 0ff57513 andi             x10, x10, 255       x10=0000006f x10:0000006f
11367418ns          183041 1c0086d2 00d70733 add              x14, x14, x13       x14=1a10f010 x14:00000010 x13:1a10f000
11367438ns          183042 1c0086d4 00a7e723 p.sw             x10, x0(x15)        x10:0000006f x15:00000000  PA:1a10f010
11367756ns          183058 1c0086d8 00000513 addi             x10, x0, 0          x10=00000000
11367776ns          183059 1c0086da 00008067 jalr             x0, x1, 0            x1:1c008782
11367836ns          183062 1c008782 31f52563 p.beqimm         x10, 778            x10:00000000
11367856ns          183063 1c008786 001d8d93 addi             x27, x27, 1         x27=0000001e x27:0000001d
11367876ns          183064 1c008788 00044503 lbu              x10, 0(x8)          x10=0000006f  x8:1c00003b  PA:1c00003b
11368174ns          183079 1c00878c 00140413 addi             x8, x8, 1            x8=1c00003c  x8:1c00003b
11368194ns          183080 1c00878e fe0514e3 bne              x10, x0, -24        x10:0000006f
11368273ns          183084 1c008776 02500793 addi             x15, x0, 37         x15=00000025
11368293ns          183085 1c00877a 04f50863 beq              x10, x15, 80        x10:0000006f x15:00000025
11368313ns          183086 1c00877e 01a005b3 add              x11, x0, x26        x11=00000002 x26:00000002
11368333ns          183087 1c008780 000b00e7 jalr             x1, x22, 0           x1=1c008782 x22:1c0086b4
11368373ns          183089 1c0086b4 000026b7 lui              x13, 0x2000         x13=00002000
11368393ns          183090 1c0086b6 f14027f3 csrrs            x15, x0, 0xf14      x15=00000002
11368413ns          183091 1c0086ba f8068693 addi             x13, x13, -128      x13=00001f80 x13:00002000
11368433ns          183092 1c0086be 00379713 slli             x14, x15, 0x3       x14=00000010 x15:00000002
11368452ns          183093 1c0086c2 00279793 slli             x15, x15, 0x2       x15=00000008 x15:00000002
11368472ns          183094 1c0086c4 00d7f7b3 and              x15, x15, x13       x15=00000000 x15:00000008 x13:00001f80
11368492ns          183095 1c0086c6 ee873733 p.bclr           x14, x14, 23, 8     x14=00000010 x14:00000010
11368512ns          183096 1c0086ca 1a10f6b7 lui              x13, 0x1a10f000     x13=1a10f000
11368532ns          183097 1c0086ce 0ff57513 andi             x10, x10, 255       x10=0000006f x10:0000006f
11368552ns          183098 1c0086d2 00d70733 add              x14, x14, x13       x14=1a10f010 x14:00000010 x13:1a10f000
11368572ns          183099 1c0086d4 00a7e723 p.sw             x10, x0(x15)        x10:0000006f x15:00000000  PA:1a10f010
11368890ns          183115 1c0086d8 00000513 addi             x10, x0, 0          x10=00000000
11368910ns          183116 1c0086da 00008067 jalr             x0, x1, 0            x1:1c008782
11368970ns          183119 1c008782 31f52563 p.beqimm         x10, 778            x10:00000000
11368990ns          183120 1c008786 001d8d93 addi             x27, x27, 1         x27=0000001f x27:0000001e
11369009ns          183121 1c008788 00044503 lbu              x10, 0(x8)          x10=0000006b  x8:1c00003c  PA:1c00003c
11369308ns          183136 1c00878c 00140413 addi             x8, x8, 1            x8=1c00003d  x8:1c00003c
11369328ns          183137 1c00878e fe0514e3 bne              x10, x0, -24        x10:0000006b
11369407ns          183141 1c008776 02500793 addi             x15, x0, 37         x15=00000025
11369427ns          183142 1c00877a 04f50863 beq              x10, x15, 80        x10:0000006b x15:00000025
11369447ns          183143 1c00877e 01a005b3 add              x11, x0, x26        x11=00000002 x26:00000002
11369467ns          183144 1c008780 000b00e7 jalr             x1, x22, 0           x1=1c008782 x22:1c0086b4
11369507ns          183146 1c0086b4 000026b7 lui              x13, 0x2000         x13=00002000
11369527ns          183147 1c0086b6 f14027f3 csrrs            x15, x0, 0xf14      x15=00000002
11369546ns          183148 1c0086ba f8068693 addi             x13, x13, -128      x13=00001f80 x13:00002000
11369566ns          183149 1c0086be 00379713 slli             x14, x15, 0x3       x14=00000010 x15:00000002
11369586ns          183150 1c0086c2 00279793 slli             x15, x15, 0x2       x15=00000008 x15:00000002
11369606ns          183151 1c0086c4 00d7f7b3 and              x15, x15, x13       x15=00000000 x15:00000008 x13:00001f80
11369626ns          183152 1c0086c6 ee873733 p.bclr           x14, x14, 23, 8     x14=00000010 x14:00000010
11369646ns          183153 1c0086ca 1a10f6b7 lui              x13, 0x1a10f000     x13=1a10f000
11369666ns          183154 1c0086ce 0ff57513 andi             x10, x10, 255       x10=0000006b x10:0000006b
11369686ns          183155 1c0086d2 00d70733 add              x14, x14, x13       x14=1a10f010 x14:00000010 x13:1a10f000
11369706ns          183156 1c0086d4 00a7e723 p.sw             x10, x0(x15)        x10:0000006b x15:00000000  PA:1a10f010
11370044ns          183173 1c0086d8 00000513 addi             x10, x0, 0          x10=00000000
11370064ns          183174 1c0086da 00008067 jalr             x0, x1, 0            x1:1c008782
11370123ns          183177 1c008782 31f52563 p.beqimm         x10, 778            x10:00000000
11370143ns          183178 1c008786 001d8d93 addi             x27, x27, 1         x27=00000020 x27:0000001f
11370163ns          183179 1c008788 00044503 lbu              x10, 0(x8)          x10=00000020  x8:1c00003d  PA:1c00003d
11370461ns          183194 1c00878c 00140413 addi             x8, x8, 1            x8=1c00003e  x8:1c00003d
11370481ns          183195 1c00878e fe0514e3 bne              x10, x0, -24        x10:00000020
11370561ns          183199 1c008776 02500793 addi             x15, x0, 37         x15=00000025
11370581ns          183200 1c00877a 04f50863 beq              x10, x15, 80        x10:00000020 x15:00000025
11370601ns          183201 1c00877e 01a005b3 add              x11, x0, x26        x11=00000002 x26:00000002
11370621ns          183202 1c008780 000b00e7 jalr             x1, x22, 0           x1=1c008782 x22:1c0086b4
11370660ns          183204 1c0086b4 000026b7 lui              x13, 0x2000         x13=00002000
11370680ns          183205 1c0086b6 f14027f3 csrrs            x15, x0, 0xf14      x15=00000002
11370700ns          183206 1c0086ba f8068693 addi             x13, x13, -128      x13=00001f80 x13:00002000
11370720ns          183207 1c0086be 00379713 slli             x14, x15, 0x3       x14=00000010 x15:00000002
11370740ns          183208 1c0086c2 00279793 slli             x15, x15, 0x2       x15=00000008 x15:00000002
11370760ns          183209 1c0086c4 00d7f7b3 and              x15, x15, x13       x15=00000000 x15:00000008 x13:00001f80
11370780ns          183210 1c0086c6 ee873733 p.bclr           x14, x14, 23, 8     x14=00000010 x14:00000010
11370800ns          183211 1c0086ca 1a10f6b7 lui              x13, 0x1a10f000     x13=1a10f000
11370819ns          183212 1c0086ce 0ff57513 andi             x10, x10, 255       x10=00000020 x10:00000020
11370839ns          183213 1c0086d2 00d70733 add              x14, x14, x13       x14=1a10f010 x14:00000010 x13:1a10f000
11370859ns          183214 1c0086d4 00a7e723 p.sw             x10, x0(x15)        x10:00000020 x15:00000000  PA:1a10f010
11371178ns          183230 1c0086d8 00000513 addi             x10, x0, 0          x10=00000000
11371197ns          183231 1c0086da 00008067 jalr             x0, x1, 0            x1:1c008782
11371257ns          183234 1c008782 31f52563 p.beqimm         x10, 778            x10:00000000
11371277ns          183235 1c008786 001d8d93 addi             x27, x27, 1         x27=00000021 x27:00000020
11371297ns          183236 1c008788 00044503 lbu              x10, 0(x8)          x10=00000025  x8:1c00003e  PA:1c00003e
11371595ns          183251 1c00878c 00140413 addi             x8, x8, 1            x8=1c00003f  x8:1c00003e
11371615ns          183252 1c00878e fe0514e3 bne              x10, x0, -24        x10:00000025
11371695ns          183256 1c008776 02500793 addi             x15, x0, 37         x15=00000025
11371715ns          183257 1c00877a 04f50863 beq              x10, x15, 80        x10:00000025 x15:00000025
11371794ns          183261 1c0087ca 00044483 lbu              x9, 0(x8)            x9=00000075  x8:1c00003f  PA:1c00003f
11372112ns          183277 1c0087ce 02000693 addi             x13, x0, 32         x13=00000020
11372132ns          183278 1c0087d2 00140a93 addi             x21, x8, 1          x21=1c000040  x8:1c00003f
11372152ns          183279 1c0087d6 009005b3 add              x11, x0, x9         x11=00000075  x9:00000075
11372172ns          183280 1c0087d8 064b8513 addi             x10, x23, 100       x10=1c000064 x23:1c000000
11372192ns          183281 1c0087dc 00d12823 sw               x13, 16(x2)         x13:00000020  x2:10001678  PA:10001688
11372212ns          183282 1c0087de 00012c23 sw               x0, 24(x2)           x2:10001678  PA:10001690
11372232ns          183283 1c0087e0 00012a23 sw               x0, 20(x2)           x2:10001678  PA:1000168c
11372252ns          183284 1c0087e2 00012e23 sw               x0, 28(x2)           x2:10001678  PA:10001694
11372272ns          183285 1c0087e4 00012623 sw               x0, 12(x2)           x2:10001678  PA:10001684
11372291ns          183286 1c0087e6 02300913 addi             x18, x0, 35         x18=00000023
11372311ns          183287 1c0087ea 02d00a13 addi             x20, x0, 45         x20=0000002d
11372331ns          183288 1c0087ee 015009b3 add              x19, x0, x21        x19=1c000040 x21:1c000040
11372351ns          183289 1c0087f0 e97ff0ef jal              x1, -362             x1=1c0087f2
11372470ns          183295 1c008686 00054783 lbu              x15, 0(x10)         x15=0000002d x10:1c000064  PA:1c000064
11372769ns          183310 1c00868a 0ff5f593 andi             x11, x11, 255       x11=00000075 x11:00000075
11372789ns          183311 1c00868e 00b78c63 beq              x15, x11, 24        x15:0000002d x11:00000075
11372809ns          183312 1c008692 00078b63 beq              x15, x0, 22         x15:0000002d
11372828ns          183313 1c008694 00150793 addi             x15, x10, 1         x15=1c000065 x10:1c000064
11372848ns          183314 1c008698 0040006f jal              x0, 4              
11372888ns          183316 1c00869c 00f00533 add              x10, x0, x15        x10=1c000065 x15:1c000065
11372908ns          183317 1c00869e 0017c70b p.lbu            x14, 1(x15!)        x14=0000002b x15=1c000066 x15:1c000065  PA:1c000065
11373226ns          183333 1c0086a2 feb71ce3 bne              x14, x11, -8        x14:0000002b x11:00000075
11373286ns          183336 1c00869a 00070763 beq              x14, x0, 14         x14:0000002b
11373306ns          183337 1c00869c 00f00533 add              x10, x0, x15        x10=1c000066 x15:1c000066
11373326ns          183338 1c00869e 0017c70b p.lbu            x14, 1(x15!)        x14=00000020 x15=1c000067 x15:1c000066  PA:1c000066
11373644ns          183354 1c0086a2 feb71ce3 bne              x14, x11, -8        x14:00000020 x11:00000075
11373704ns          183357 1c00869a 00070763 beq              x14, x0, 14         x14:00000020
11373724ns          183358 1c00869c 00f00533 add              x10, x0, x15        x10=1c000067 x15:1c000067
11373743ns          183359 1c00869e 0017c70b p.lbu            x14, 1(x15!)        x14=00000023 x15=1c000068 x15:1c000067  PA:1c000067
11374082ns          183376 1c0086a2 feb71ce3 bne              x14, x11, -8        x14:00000023 x11:00000075
11374141ns          183379 1c00869a 00070763 beq              x14, x0, 14         x14:00000023
11374161ns          183380 1c00869c 00f00533 add              x10, x0, x15        x10=1c000068 x15:1c000068
11374181ns          183381 1c00869e 0017c70b p.lbu            x14, 1(x15!)        x14=00000030 x15=1c000069 x15:1c000068  PA:1c000068
11374499ns          183397 1c0086a2 feb71ce3 bne              x14, x11, -8        x14:00000030 x11:00000075
11374559ns          183400 1c00869a 00070763 beq              x14, x0, 14         x14:00000030
11374579ns          183401 1c00869c 00f00533 add              x10, x0, x15        x10=1c000069 x15:1c000069
11374599ns          183402 1c00869e 0017c70b p.lbu            x14, 1(x15!)        x14=00000000 x15=1c00006a x15:1c000069  PA:1c000069
11374917ns          183418 1c0086a2 feb71ce3 bne              x14, x11, -8        x14:00000000 x11:00000075
11374977ns          183421 1c00869a 00070763 beq              x14, x0, 14         x14:00000000
11375036ns          183424 1c0086a8 0015b593 sltiu            x11, x11, 1         x11=00000000 x11:00000075
11375056ns          183425 1c0086ac 40b005b3 sub              x11, x0, x11        x11=00000000 x11:00000000
11375076ns          183426 1c0086b0 00b57533 and              x10, x10, x11       x10=00000000 x10:1c000069 x11:00000000
11375096ns          183427 1c0086b2 00008067 jalr             x0, x1, 0            x1:1c0087f2
11375136ns          183429 1c0087f2 02050a63 beq              x10, x0, 52         x10:00000000
11375215ns          183433 1c008826 02a00613 addi             x12, x0, 42         x12=0000002a
11375235ns          183434 1c00882a 2ac48663 beq              x9, x12, 684         x9:00000075 x12:0000002a
11375295ns          183437 1c00882e fd048613 addi             x12, x9, -48        x12=00000045  x9:00000075
11375315ns          183438 1c008832 00900593 addi             x11, x0, 9          x11=00000009
11375335ns          183439 1c008834 00000913 addi             x18, x0, 0          x18=00000000
11375355ns          183440 1c008836 28c5f063 bgeu             x11, x12, 640       x11:00000009 x12:00000045
11375374ns          183441 1c00883a 02e00693 addi             x13, x0, 46         x13=0000002e
11375394ns          183442 1c00883e fff00a13 addi             x20, x0, -1         x20=ffffffff
11375414ns          183443 1c008840 2ed48363 beq              x9, x13, 742         x9:00000075 x13:0000002e
11375434ns          183444 1c008844 1c0007b7 lui              x15, 0x1c000000     x15=1c000000
11375454ns          183445 1c008848 009005b3 add              x11, x0, x9         x11=00000075  x9:00000075
11375474ns          183446 1c00884a 06c78513 addi             x10, x15, 108       x10=1c00006c x15:1c000000
11375494ns          183447 1c00884e e39ff0ef jal              x1, -456             x1=1c008850
11375573ns          183451 1c008686 00054783 lbu              x15, 0(x10)         x15=00000068 x10:1c00006c  PA:1c00006c
11375872ns          183466 1c00868a 0ff5f593 andi             x11, x11, 255       x11=00000075 x11:00000075
11375892ns          183467 1c00868e 00b78c63 beq              x15, x11, 24        x15:00000068 x11:00000075
11375912ns          183468 1c008692 00078b63 beq              x15, x0, 22         x15:00000068
11375931ns          183469 1c008694 00150793 addi             x15, x10, 1         x15=1c00006d x10:1c00006c
11375951ns          183470 1c008698 0040006f jal              x0, 4              
11375991ns          183472 1c00869c 00f00533 add              x10, x0, x15        x10=1c00006d x15:1c00006d
11376011ns          183473 1c00869e 0017c70b p.lbu            x14, 1(x15!)        x14=0000006c x15=1c00006e x15:1c00006d  PA:1c00006d
11376329ns          183489 1c0086a2 feb71ce3 bne              x14, x11, -8        x14:0000006c x11:00000075
11376389ns          183492 1c00869a 00070763 beq              x14, x0, 14         x14:0000006c
11376409ns          183493 1c00869c 00f00533 add              x10, x0, x15        x10=1c00006e x15:1c00006e
11376429ns          183494 1c00869e 0017c70b p.lbu            x14, 1(x15!)        x14=0000004c x15=1c00006f x15:1c00006e  PA:1c00006e
11376747ns          183510 1c0086a2 feb71ce3 bne              x14, x11, -8        x14:0000004c x11:00000075
11376807ns          183513 1c00869a 00070763 beq              x14, x0, 14         x14:0000004c
11376826ns          183514 1c00869c 00f00533 add              x10, x0, x15        x10=1c00006f x15:1c00006f
11376846ns          183515 1c00869e 0017c70b p.lbu            x14, 1(x15!)        x14=0000007a x15=1c000070 x15:1c00006f  PA:1c00006f
11377165ns          183531 1c0086a2 feb71ce3 bne              x14, x11, -8        x14:0000007a x11:00000075
11377224ns          183534 1c00869a 00070763 beq              x14, x0, 14         x14:0000007a
11377244ns          183535 1c00869c 00f00533 add              x10, x0, x15        x10=1c000070 x15:1c000070
11377264ns          183536 1c00869e 0017c70b p.lbu            x14, 1(x15!)        x14=00000000 x15=1c000071 x15:1c000070  PA:1c000070
11377582ns          183552 1c0086a2 feb71ce3 bne              x14, x11, -8        x14:00000000 x11:00000075
11377642ns          183555 1c00869a 00070763 beq              x14, x0, 14         x14:00000000
11377702ns          183558 1c0086a8 0015b593 sltiu            x11, x11, 1         x11=00000000 x11:00000075
11377722ns          183559 1c0086ac 40b005b3 sub              x11, x0, x11        x11=00000000 x11:00000000
11377741ns          183560 1c0086b0 00b57533 and              x10, x10, x11       x10=00000000 x10:1c000070 x11:00000000
11377761ns          183561 1c0086b2 00008067 jalr             x0, x1, 0            x1:1c008850
11377801ns          183563 1c008850 01300433 add              x8, x0, x19          x8=1c000040 x19:1c000040
11377821ns          183564 1c008852 00050563 beq              x10, x0, 10         x10:00000000
11377881ns          183567 1c00885c 06700693 addi             x13, x0, 103        x13=00000067
11377940ns          183570 1c008860 2896d963 bge              x13, x9, 658        x13:00000067  x9:00000075
11377980ns          183572 1c008864 07000693 addi             x13, x0, 112        x13=00000070
11378000ns          183573 1c008868 7cd48763 beq              x9, x13, 1998        x9:00000075 x13:00000070
11378020ns          183574 1c00886c 2e96d163 bge              x13, x9, 738        x13:00000070  x9:00000075
11378418ns          183594 1c008870 07500693 addi             x13, x0, 117        x13=00000075
11378458ns          183596 1c008874 12d484e3 beq              x9, x13, 2344        x9:00000075 x13:00000075
11378935ns          183620 1c00919c 000c2683 lw               x13, 0(x24)         x13=00000000 x24:100017d4  PA:100017d4
11379412ns          183644 1c0091a0 019007b3 add              x15, x0, x25        x15=1000169c x25:1000169c
11379432ns          183645 1c0091a2 004c0c13 addi             x24, x24, 4         x24=100017d8 x24:100017d4
11379452ns          183646 1c0091a4 00a00593 addi             x11, x0, 10         x11=0000000a
11379472ns          183647 1c0091a6 02b6f733 remu             x14, x13, x11       x14=00000000 x13:00000000 x11:0000000a
11380089ns          183678 1c0091aa 02b6d6b3 divu             x13, x13, x11       x13=00000000 x13:00000000 x11:0000000a
11380705ns          183709 1c0091ae 03070713 addi             x14, x14, 48        x14=00000030 x14:00000000
11380725ns          183710 1c0091b2 00e780ab p.sb             x14, 1(x15!)        x15=1000169d x14:00000030 x15:1000169c  PA:1000169c
11380745ns          183711 1c0091b6 fe0698e3 bne              x13, x0, -16        x13:00000000
11380765ns          183712 1c0091b8 419784b3 sub              x9, x15, x25         x9=00000001 x15:1000169d x25:1000169c
11380785ns          183713 1c0091bc 0144dd63 bge              x9, x20, 26          x9:00000001 x20:ffffffff
11381700ns          183759 1c0091d6 fe078fab p.sb             x0, -1(x15!)        x15=1000169c x15:1000169d  PA:1000169d
11381720ns          183760 1c0091da 00fcfd63 bgeu             x25, x15, 26        x25:1000169c x15:1000169c
11382635ns          183806 1c0091f4 0c800793 addi             x15, x0, 200        x15=000000c8
11382674ns          183808 1c0091f8 03fa2b63 p.beqimm         x20, 54             x20:ffffffff
11384047ns          183877 1c00922e 8497cfe3 blt              x15, x9, -1954      x15:000000c8  x9:00000001
11384067ns          183878 1c009232 00012623 sw               x0, 12(x2)           x2:10001678  PA:10001684
11384087ns          183879 1c009234 f54ff06f jal              x0, -2220          
11384544ns          183902 1c008988 0f24d163 bge              x9, x18, 226         x9:00000001 x18:00000000
11384683ns          183909 1c008a6a d00482e3 beq              x9, x0, -764         x9:00000001
11384703ns          183910 1c008a6e 01900933 add              x18, x0, x25        x18=1000169c x25:1000169c
11384723ns          183911 1c008a70 419d8db3 sub              x27, x27, x25       x27=efffe985 x27:00000021 x25:1000169c
11384743ns          183912 1c008a74 00a0006f jal              x0, 10             
11384842ns          183917 1c008a7e 0019450b p.lbu            x10, 1(x18!)        x10=00000030 x18=1000169d x18:1000169c  PA:1000169c
11384862ns          183918 1c008a82 01a005b3 add              x11, x0, x26        x11=00000002 x26:00000002
11384882ns          183919 1c008a84 000b00e7 jalr             x1, x22, 0           x1=1c008a86 x22:1c0086b4
11384962ns          183923 1c0086b4 000026b7 lui              x13, 0x2000         x13=00002000
11385002ns          183925 1c0086b6 f14027f3 csrrs            x15, x0, 0xf14      x15=00000002
11385021ns          183926 1c0086ba f8068693 addi             x13, x13, -128      x13=00001f80 x13:00002000
11385041ns          183927 1c0086be 00379713 slli             x14, x15, 0x3       x14=00000010 x15:00000002
11385061ns          183928 1c0086c2 00279793 slli             x15, x15, 0x2       x15=00000008 x15:00000002
11385081ns          183929 1c0086c4 00d7f7b3 and              x15, x15, x13       x15=00000000 x15:00000008 x13:00001f80
11385101ns          183930 1c0086c6 ee873733 p.bclr           x14, x14, 23, 8     x14=00000010 x14:00000010
11385121ns          183931 1c0086ca 1a10f6b7 lui              x13, 0x1a10f000     x13=1a10f000
11385161ns          183933 1c0086ce 0ff57513 andi             x10, x10, 255       x10=00000030 x10:00000030
11385181ns          183934 1c0086d2 00d70733 add              x14, x14, x13       x14=1a10f010 x14:00000010 x13:1a10f000
11385200ns          183935 1c0086d4 00a7e723 p.sw             x10, x0(x15)        x10:00000030 x15:00000000  PA:1a10f010
11385598ns          183955 1c0086d8 00000513 addi             x10, x0, 0          x10=00000000
11385618ns          183956 1c0086da 00008067 jalr             x0, x1, 0            x1:1c008a86
11385658ns          183958 1c008a86 fff48493 addi             x9, x9, -1           x9=00000000  x9:00000001
11385678ns          183959 1c008a88 fff537e3 p.bneimm         x10, -18            x10:00000000
11385817ns          183966 1c008a76 012d8733 add              x14, x27, x18       x14=00000022 x27:efffe985 x18:1000169d
11385837ns          183967 1c008a7a 5a048b63 beq              x9, x0, 1462         x9:00000000
11385936ns          183972 1c009030 00e00db3 add              x27, x0, x14        x27=00000022 x14:00000022
11385976ns          183974 1c009032 f3cff06f jal              x0, -2244          
11386096ns          183980 1c00876e 00044503 lbu              x10, 0(x8)          x10=00000020  x8:1c000040  PA:1c000040
11386394ns          183995 1c008772 00140413 addi             x8, x8, 1            x8=1c000041  x8:1c000040
11386414ns          183996 1c008774 00050e63 beq              x10, x0, 28         x10:00000020
11386434ns          183997 1c008776 02500793 addi             x15, x0, 37         x15=00000025
11386454ns          183998 1c00877a 04f50863 beq              x10, x15, 80        x10:00000020 x15:00000025
11386473ns          183999 1c00877e 01a005b3 add              x11, x0, x26        x11=00000002 x26:00000002
11386493ns          184000 1c008780 000b00e7 jalr             x1, x22, 0           x1=1c008782 x22:1c0086b4
11386573ns          184004 1c0086b4 000026b7 lui              x13, 0x2000         x13=00002000
11386613ns          184006 1c0086b6 f14027f3 csrrs            x15, x0, 0xf14      x15=00000002
11386633ns          184007 1c0086ba f8068693 addi             x13, x13, -128      x13=00001f80 x13:00002000
11386653ns          184008 1c0086be 00379713 slli             x14, x15, 0x3       x14=00000010 x15:00000002
11386672ns          184009 1c0086c2 00279793 slli             x15, x15, 0x2       x15=00000008 x15:00000002
11386692ns          184010 1c0086c4 00d7f7b3 and              x15, x15, x13       x15=00000000 x15:00000008 x13:00001f80
11386712ns          184011 1c0086c6 ee873733 p.bclr           x14, x14, 23, 8     x14=00000010 x14:00000010
11386732ns          184012 1c0086ca 1a10f6b7 lui              x13, 0x1a10f000     x13=1a10f000
11386752ns          184013 1c0086ce 0ff57513 andi             x10, x10, 255       x10=00000020 x10:00000020
11386772ns          184014 1c0086d2 00d70733 add              x14, x14, x13       x14=1a10f010 x14:00000010 x13:1a10f000
11386792ns          184015 1c0086d4 00a7e723 p.sw             x10, x0(x15)        x10:00000020 x15:00000000  PA:1a10f010
11387110ns          184031 1c0086d8 00000513 addi             x10, x0, 0          x10=00000000
11387130ns          184032 1c0086da 00008067 jalr             x0, x1, 0            x1:1c008782
11387190ns          184035 1c008782 31f52563 p.beqimm         x10, 778            x10:00000000
11387209ns          184036 1c008786 001d8d93 addi             x27, x27, 1         x27=00000023 x27:00000022
11387229ns          184037 1c008788 00044503 lbu              x10, 0(x8)          x10=00000063  x8:1c000041  PA:1c000041
11387528ns          184052 1c00878c 00140413 addi             x8, x8, 1            x8=1c000042  x8:1c000041
11387548ns          184053 1c00878e fe0514e3 bne              x10, x0, -24        x10:00000063
11387627ns          184057 1c008776 02500793 addi             x15, x0, 37         x15=00000025
11387647ns          184058 1c00877a 04f50863 beq              x10, x15, 80        x10:00000063 x15:00000025
11387667ns          184059 1c00877e 01a005b3 add              x11, x0, x26        x11=00000002 x26:00000002
11387687ns          184060 1c008780 000b00e7 jalr             x1, x22, 0           x1=1c008782 x22:1c0086b4
11387727ns          184062 1c0086b4 000026b7 lui              x13, 0x2000         x13=00002000
11387747ns          184063 1c0086b6 f14027f3 csrrs            x15, x0, 0xf14      x15=00000002
11387766ns          184064 1c0086ba f8068693 addi             x13, x13, -128      x13=00001f80 x13:00002000
11387786ns          184065 1c0086be 00379713 slli             x14, x15, 0x3       x14=00000010 x15:00000002
11387806ns          184066 1c0086c2 00279793 slli             x15, x15, 0x2       x15=00000008 x15:00000002
11387826ns          184067 1c0086c4 00d7f7b3 and              x15, x15, x13       x15=00000000 x15:00000008 x13:00001f80
11387846ns          184068 1c0086c6 ee873733 p.bclr           x14, x14, 23, 8     x14=00000010 x14:00000010
11387866ns          184069 1c0086ca 1a10f6b7 lui              x13, 0x1a10f000     x13=1a10f000
11387886ns          184070 1c0086ce 0ff57513 andi             x10, x10, 255       x10=00000063 x10:00000063
11387906ns          184071 1c0086d2 00d70733 add              x14, x14, x13       x14=1a10f010 x14:00000010 x13:1a10f000
11387926ns          184072 1c0086d4 00a7e723 p.sw             x10, x0(x15)        x10:00000063 x15:00000000  PA:1a10f010
11388244ns          184088 1c0086d8 00000513 addi             x10, x0, 0          x10=00000000
11388264ns          184089 1c0086da 00008067 jalr             x0, x1, 0            x1:1c008782
11388323ns          184092 1c008782 31f52563 p.beqimm         x10, 778            x10:00000000
11388343ns          184093 1c008786 001d8d93 addi             x27, x27, 1         x27=00000024 x27:00000023
11388363ns          184094 1c008788 00044503 lbu              x10, 0(x8)          x10=00000079  x8:1c000042  PA:1c000042
11388681ns          184110 1c00878c 00140413 addi             x8, x8, 1            x8=1c000043  x8:1c000042
11388701ns          184111 1c00878e fe0514e3 bne              x10, x0, -24        x10:00000079
11388781ns          184115 1c008776 02500793 addi             x15, x0, 37         x15=00000025
11388801ns          184116 1c00877a 04f50863 beq              x10, x15, 80        x10:00000079 x15:00000025
11388821ns          184117 1c00877e 01a005b3 add              x11, x0, x26        x11=00000002 x26:00000002
11388840ns          184118 1c008780 000b00e7 jalr             x1, x22, 0           x1=1c008782 x22:1c0086b4
11388880ns          184120 1c0086b4 000026b7 lui              x13, 0x2000         x13=00002000
11388900ns          184121 1c0086b6 f14027f3 csrrs            x15, x0, 0xf14      x15=00000002
11388920ns          184122 1c0086ba f8068693 addi             x13, x13, -128      x13=00001f80 x13:00002000
11388940ns          184123 1c0086be 00379713 slli             x14, x15, 0x3       x14=00000010 x15:00000002
11388960ns          184124 1c0086c2 00279793 slli             x15, x15, 0x2       x15=00000008 x15:00000002
11388980ns          184125 1c0086c4 00d7f7b3 and              x15, x15, x13       x15=00000000 x15:00000008 x13:00001f80
11389000ns          184126 1c0086c6 ee873733 p.bclr           x14, x14, 23, 8     x14=00000010 x14:00000010
11389020ns          184127 1c0086ca 1a10f6b7 lui              x13, 0x1a10f000     x13=1a10f000
11389039ns          184128 1c0086ce 0ff57513 andi             x10, x10, 255       x10=00000079 x10:00000079
11389059ns          184129 1c0086d2 00d70733 add              x14, x14, x13       x14=1a10f010 x14:00000010 x13:1a10f000
11389079ns          184130 1c0086d4 00a7e723 p.sw             x10, x0(x15)        x10:00000079 x15:00000000  PA:1a10f010
11389397ns          184146 1c0086d8 00000513 addi             x10, x0, 0          x10=00000000
11389417ns          184147 1c0086da 00008067 jalr             x0, x1, 0            x1:1c008782
11389477ns          184150 1c008782 31f52563 p.beqimm         x10, 778            x10:00000000
11389497ns          184151 1c008786 001d8d93 addi             x27, x27, 1         x27=00000025 x27:00000024
11389517ns          184152 1c008788 00044503 lbu              x10, 0(x8)          x10=00000063  x8:1c000043  PA:1c000043
11389815ns          184167 1c00878c 00140413 addi             x8, x8, 1            x8=1c000044  x8:1c000043
11389835ns          184168 1c00878e fe0514e3 bne              x10, x0, -24        x10:00000063
11389915ns          184172 1c008776 02500793 addi             x15, x0, 37         x15=00000025
11389934ns          184173 1c00877a 04f50863 beq              x10, x15, 80        x10:00000063 x15:00000025
11389954ns          184174 1c00877e 01a005b3 add              x11, x0, x26        x11=00000002 x26:00000002
11389974ns          184175 1c008780 000b00e7 jalr             x1, x22, 0           x1=1c008782 x22:1c0086b4
11390014ns          184177 1c0086b4 000026b7 lui              x13, 0x2000         x13=00002000
11390034ns          184178 1c0086b6 f14027f3 csrrs            x15, x0, 0xf14      x15=00000002
11390054ns          184179 1c0086ba f8068693 addi             x13, x13, -128      x13=00001f80 x13:00002000
11390074ns          184180 1c0086be 00379713 slli             x14, x15, 0x3       x14=00000010 x15:00000002
11390094ns          184181 1c0086c2 00279793 slli             x15, x15, 0x2       x15=00000008 x15:00000002
11390114ns          184182 1c0086c4 00d7f7b3 and              x15, x15, x13       x15=00000000 x15:00000008 x13:00001f80
11390133ns          184183 1c0086c6 ee873733 p.bclr           x14, x14, 23, 8     x14=00000010 x14:00000010
11390153ns          184184 1c0086ca 1a10f6b7 lui              x13, 0x1a10f000     x13=1a10f000
11390173ns          184185 1c0086ce 0ff57513 andi             x10, x10, 255       x10=00000063 x10:00000063
11390193ns          184186 1c0086d2 00d70733 add              x14, x14, x13       x14=1a10f010 x14:00000010 x13:1a10f000
11390213ns          184187 1c0086d4 00a7e723 p.sw             x10, x0(x15)        x10:00000063 x15:00000000  PA:1a10f010
11390531ns          184203 1c0086d8 00000513 addi             x10, x0, 0          x10=00000000
11390551ns          184204 1c0086da 00008067 jalr             x0, x1, 0            x1:1c008782
11390611ns          184207 1c008782 31f52563 p.beqimm         x10, 778            x10:00000000
11390631ns          184208 1c008786 001d8d93 addi             x27, x27, 1         x27=00000026 x27:00000025
11390651ns          184209 1c008788 00044503 lbu              x10, 0(x8)          x10=0000006c  x8:1c000044  PA:1c000044
11390949ns          184224 1c00878c 00140413 addi             x8, x8, 1            x8=1c000045  x8:1c000044
11390969ns          184225 1c00878e fe0514e3 bne              x10, x0, -24        x10:0000006c
11391048ns          184229 1c008776 02500793 addi             x15, x0, 37         x15=00000025
11391068ns          184230 1c00877a 04f50863 beq              x10, x15, 80        x10:0000006c x15:00000025
11391088ns          184231 1c00877e 01a005b3 add              x11, x0, x26        x11=00000002 x26:00000002
11391108ns          184232 1c008780 000b00e7 jalr             x1, x22, 0           x1=1c008782 x22:1c0086b4
11391148ns          184234 1c0086b4 000026b7 lui              x13, 0x2000         x13=00002000
11391168ns          184235 1c0086b6 f14027f3 csrrs            x15, x0, 0xf14      x15=00000002
11391188ns          184236 1c0086ba f8068693 addi             x13, x13, -128      x13=00001f80 x13:00002000
11391207ns          184237 1c0086be 00379713 slli             x14, x15, 0x3       x14=00000010 x15:00000002
11391227ns          184238 1c0086c2 00279793 slli             x15, x15, 0x2       x15=00000008 x15:00000002
11391247ns          184239 1c0086c4 00d7f7b3 and              x15, x15, x13       x15=00000000 x15:00000008 x13:00001f80
11391267ns          184240 1c0086c6 ee873733 p.bclr           x14, x14, 23, 8     x14=00000010 x14:00000010
11391287ns          184241 1c0086ca 1a10f6b7 lui              x13, 0x1a10f000     x13=1a10f000
11391307ns          184242 1c0086ce 0ff57513 andi             x10, x10, 255       x10=0000006c x10:0000006c
11391327ns          184243 1c0086d2 00d70733 add              x14, x14, x13       x14=1a10f010 x14:00000010 x13:1a10f000
11391347ns          184244 1c0086d4 00a7e723 p.sw             x10, x0(x15)        x10:0000006c x15:00000000  PA:1a10f010
11391665ns          184260 1c0086d8 00000513 addi             x10, x0, 0          x10=00000000
11391685ns          184261 1c0086da 00008067 jalr             x0, x1, 0            x1:1c008782
11391745ns          184264 1c008782 31f52563 p.beqimm         x10, 778            x10:00000000
11391764ns          184265 1c008786 001d8d93 addi             x27, x27, 1         x27=00000027 x27:00000026
11391784ns          184266 1c008788 00044503 lbu              x10, 0(x8)          x10=00000065  x8:1c000045  PA:1c000045
11392083ns          184281 1c00878c 00140413 addi             x8, x8, 1            x8=1c000046  x8:1c000045
11392103ns          184282 1c00878e fe0514e3 bne              x10, x0, -24        x10:00000065
11392182ns          184286 1c008776 02500793 addi             x15, x0, 37         x15=00000025
11392202ns          184287 1c00877a 04f50863 beq              x10, x15, 80        x10:00000065 x15:00000025
11392222ns          184288 1c00877e 01a005b3 add              x11, x0, x26        x11=00000002 x26:00000002
11392242ns          184289 1c008780 000b00e7 jalr             x1, x22, 0           x1=1c008782 x22:1c0086b4
11392282ns          184291 1c0086b4 000026b7 lui              x13, 0x2000         x13=00002000
11392301ns          184292 1c0086b6 f14027f3 csrrs            x15, x0, 0xf14      x15=00000002
11392321ns          184293 1c0086ba f8068693 addi             x13, x13, -128      x13=00001f80 x13:00002000
11392341ns          184294 1c0086be 00379713 slli             x14, x15, 0x3       x14=00000010 x15:00000002
11392361ns          184295 1c0086c2 00279793 slli             x15, x15, 0x2       x15=00000008 x15:00000002
11392381ns          184296 1c0086c4 00d7f7b3 and              x15, x15, x13       x15=00000000 x15:00000008 x13:00001f80
11392401ns          184297 1c0086c6 ee873733 p.bclr           x14, x14, 23, 8     x14=00000010 x14:00000010
11392421ns          184298 1c0086ca 1a10f6b7 lui              x13, 0x1a10f000     x13=1a10f000
11392441ns          184299 1c0086ce 0ff57513 andi             x10, x10, 255       x10=00000065 x10:00000065
11392461ns          184300 1c0086d2 00d70733 add              x14, x14, x13       x14=1a10f010 x14:00000010 x13:1a10f000
11392481ns          184301 1c0086d4 00a7e723 p.sw             x10, x0(x15)        x10:00000065 x15:00000000  PA:1a10f010
11392819ns          184318 1c0086d8 00000513 addi             x10, x0, 0          x10=00000000
11392839ns          184319 1c0086da 00008067 jalr             x0, x1, 0            x1:1c008782
11392898ns          184322 1c008782 31f52563 p.beqimm         x10, 778            x10:00000000
11392918ns          184323 1c008786 001d8d93 addi             x27, x27, 1         x27=00000028 x27:00000027
11392938ns          184324 1c008788 00044503 lbu              x10, 0(x8)          x10=00000073  x8:1c000046  PA:1c000046
11393236ns          184339 1c00878c 00140413 addi             x8, x8, 1            x8=1c000047  x8:1c000046
11393256ns          184340 1c00878e fe0514e3 bne              x10, x0, -24        x10:00000073
11393336ns          184344 1c008776 02500793 addi             x15, x0, 37         x15=00000025
11393356ns          184345 1c00877a 04f50863 beq              x10, x15, 80        x10:00000073 x15:00000025
11393376ns          184346 1c00877e 01a005b3 add              x11, x0, x26        x11=00000002 x26:00000002
11393395ns          184347 1c008780 000b00e7 jalr             x1, x22, 0           x1=1c008782 x22:1c0086b4
11393435ns          184349 1c0086b4 000026b7 lui              x13, 0x2000         x13=00002000
11393455ns          184350 1c0086b6 f14027f3 csrrs            x15, x0, 0xf14      x15=00000002
11393475ns          184351 1c0086ba f8068693 addi             x13, x13, -128      x13=00001f80 x13:00002000
11393495ns          184352 1c0086be 00379713 slli             x14, x15, 0x3       x14=00000010 x15:00000002
11393515ns          184353 1c0086c2 00279793 slli             x15, x15, 0x2       x15=00000008 x15:00000002
11393535ns          184354 1c0086c4 00d7f7b3 and              x15, x15, x13       x15=00000000 x15:00000008 x13:00001f80
11393555ns          184355 1c0086c6 ee873733 p.bclr           x14, x14, 23, 8     x14=00000010 x14:00000010
11393574ns          184356 1c0086ca 1a10f6b7 lui              x13, 0x1a10f000     x13=1a10f000
11393594ns          184357 1c0086ce 0ff57513 andi             x10, x10, 255       x10=00000073 x10:00000073
11393614ns          184358 1c0086d2 00d70733 add              x14, x14, x13       x14=1a10f010 x14:00000010 x13:1a10f000
11393634ns          184359 1c0086d4 00a7e723 p.sw             x10, x0(x15)        x10:00000073 x15:00000000  PA:1a10f010
11393972ns          184376 1c0086d8 00000513 addi             x10, x0, 0          x10=00000000
11393992ns          184377 1c0086da 00008067 jalr             x0, x1, 0            x1:1c008782
11394052ns          184380 1c008782 31f52563 p.beqimm         x10, 778            x10:00000000
11394072ns          184381 1c008786 001d8d93 addi             x27, x27, 1         x27=00000029 x27:00000028
11394092ns          184382 1c008788 00044503 lbu              x10, 0(x8)          x10=00000020  x8:1c000047  PA:1c000047
11394390ns          184397 1c00878c 00140413 addi             x8, x8, 1            x8=1c000048  x8:1c000047
11394410ns          184398 1c00878e fe0514e3 bne              x10, x0, -24        x10:00000020
11394489ns          184402 1c008776 02500793 addi             x15, x0, 37         x15=00000025
11394509ns          184403 1c00877a 04f50863 beq              x10, x15, 80        x10:00000020 x15:00000025
11394529ns          184404 1c00877e 01a005b3 add              x11, x0, x26        x11=00000002 x26:00000002
11394549ns          184405 1c008780 000b00e7 jalr             x1, x22, 0           x1=1c008782 x22:1c0086b4
11394589ns          184407 1c0086b4 000026b7 lui              x13, 0x2000         x13=00002000
11394609ns          184408 1c0086b6 f14027f3 csrrs            x15, x0, 0xf14      x15=00000002
11394629ns          184409 1c0086ba f8068693 addi             x13, x13, -128      x13=00001f80 x13:00002000
11394649ns          184410 1c0086be 00379713 slli             x14, x15, 0x3       x14=00000010 x15:00000002
11394668ns          184411 1c0086c2 00279793 slli             x15, x15, 0x2       x15=00000008 x15:00000002
11394688ns          184412 1c0086c4 00d7f7b3 and              x15, x15, x13       x15=00000000 x15:00000008 x13:00001f80
11394708ns          184413 1c0086c6 ee873733 p.bclr           x14, x14, 23, 8     x14=00000010 x14:00000010
11394728ns          184414 1c0086ca 1a10f6b7 lui              x13, 0x1a10f000     x13=1a10f000
11394748ns          184415 1c0086ce 0ff57513 andi             x10, x10, 255       x10=00000020 x10:00000020
11394768ns          184416 1c0086d2 00d70733 add              x14, x14, x13       x14=1a10f010 x14:00000010 x13:1a10f000
11394788ns          184417 1c0086d4 00a7e723 p.sw             x10, x0(x15)        x10:00000020 x15:00000000  PA:1a10f010
11395106ns          184433 1c0086d8 00000513 addi             x10, x0, 0          x10=00000000
11395126ns          184434 1c0086da 00008067 jalr             x0, x1, 0            x1:1c008782
11395186ns          184437 1c008782 31f52563 p.beqimm         x10, 778            x10:00000000
11395206ns          184438 1c008786 001d8d93 addi             x27, x27, 1         x27=0000002a x27:00000029
11395225ns          184439 1c008788 00044503 lbu              x10, 0(x8)          x10=00000028  x8:1c000048  PA:1c000048
11395524ns          184454 1c00878c 00140413 addi             x8, x8, 1            x8=1c000049  x8:1c000048
11395544ns          184455 1c00878e fe0514e3 bne              x10, x0, -24        x10:00000028
11395623ns          184459 1c008776 02500793 addi             x15, x0, 37         x15=00000025
11395643ns          184460 1c00877a 04f50863 beq              x10, x15, 80        x10:00000028 x15:00000025
11395663ns          184461 1c00877e 01a005b3 add              x11, x0, x26        x11=00000002 x26:00000002
11395683ns          184462 1c008780 000b00e7 jalr             x1, x22, 0           x1=1c008782 x22:1c0086b4
11395723ns          184464 1c0086b4 000026b7 lui              x13, 0x2000         x13=00002000
11395743ns          184465 1c0086b6 f14027f3 csrrs            x15, x0, 0xf14      x15=00000002
11395762ns          184466 1c0086ba f8068693 addi             x13, x13, -128      x13=00001f80 x13:00002000
11395782ns          184467 1c0086be 00379713 slli             x14, x15, 0x3       x14=00000010 x15:00000002
11395802ns          184468 1c0086c2 00279793 slli             x15, x15, 0x2       x15=00000008 x15:00000002
11395822ns          184469 1c0086c4 00d7f7b3 and              x15, x15, x13       x15=00000000 x15:00000008 x13:00001f80
11395842ns          184470 1c0086c6 ee873733 p.bclr           x14, x14, 23, 8     x14=00000010 x14:00000010
11395862ns          184471 1c0086ca 1a10f6b7 lui              x13, 0x1a10f000     x13=1a10f000
11395882ns          184472 1c0086ce 0ff57513 andi             x10, x10, 255       x10=00000028 x10:00000028
11395902ns          184473 1c0086d2 00d70733 add              x14, x14, x13       x14=1a10f010 x14:00000010 x13:1a10f000
11395922ns          184474 1c0086d4 00a7e723 p.sw             x10, x0(x15)        x10:00000028 x15:00000000  PA:1a10f010
11396240ns          184490 1c0086d8 00000513 addi             x10, x0, 0          x10=00000000
11396260ns          184491 1c0086da 00008067 jalr             x0, x1, 0            x1:1c008782
11396319ns          184494 1c008782 31f52563 p.beqimm         x10, 778            x10:00000000
11396339ns          184495 1c008786 001d8d93 addi             x27, x27, 1         x27=0000002b x27:0000002a
11396359ns          184496 1c008788 00044503 lbu              x10, 0(x8)          x10=00000061  x8:1c000049  PA:1c000049
11396677ns          184512 1c00878c 00140413 addi             x8, x8, 1            x8=1c00004a  x8:1c000049
11396697ns          184513 1c00878e fe0514e3 bne              x10, x0, -24        x10:00000061
11396777ns          184517 1c008776 02500793 addi             x15, x0, 37         x15=00000025
11396797ns          184518 1c00877a 04f50863 beq              x10, x15, 80        x10:00000061 x15:00000025
11396817ns          184519 1c00877e 01a005b3 add              x11, x0, x26        x11=00000002 x26:00000002
11396837ns          184520 1c008780 000b00e7 jalr             x1, x22, 0           x1=1c008782 x22:1c0086b4
11396876ns          184522 1c0086b4 000026b7 lui              x13, 0x2000         x13=00002000
11396896ns          184523 1c0086b6 f14027f3 csrrs            x15, x0, 0xf14      x15=00000002
11396916ns          184524 1c0086ba f8068693 addi             x13, x13, -128      x13=00001f80 x13:00002000
11396936ns          184525 1c0086be 00379713 slli             x14, x15, 0x3       x14=00000010 x15:00000002
11396956ns          184526 1c0086c2 00279793 slli             x15, x15, 0x2       x15=00000008 x15:00000002
11396976ns          184527 1c0086c4 00d7f7b3 and              x15, x15, x13       x15=00000000 x15:00000008 x13:00001f80
11396996ns          184528 1c0086c6 ee873733 p.bclr           x14, x14, 23, 8     x14=00000010 x14:00000010
11397016ns          184529 1c0086ca 1a10f6b7 lui              x13, 0x1a10f000     x13=1a10f000
11397035ns          184530 1c0086ce 0ff57513 andi             x10, x10, 255       x10=00000061 x10:00000061
11397055ns          184531 1c0086d2 00d70733 add              x14, x14, x13       x14=1a10f010 x14:00000010 x13:1a10f000
11397075ns          184532 1c0086d4 00a7e723 p.sw             x10, x0(x15)        x10:00000061 x15:00000000  PA:1a10f010
11397394ns          184548 1c0086d8 00000513 addi             x10, x0, 0          x10=00000000
11397413ns          184549 1c0086da 00008067 jalr             x0, x1, 0            x1:1c008782
11397473ns          184552 1c008782 31f52563 p.beqimm         x10, 778            x10:00000000
11397493ns          184553 1c008786 001d8d93 addi             x27, x27, 1         x27=0000002c x27:0000002b
11397513ns          184554 1c008788 00044503 lbu              x10, 0(x8)          x10=00000076  x8:1c00004a  PA:1c00004a
11397811ns          184569 1c00878c 00140413 addi             x8, x8, 1            x8=1c00004b  x8:1c00004a
11397831ns          184570 1c00878e fe0514e3 bne              x10, x0, -24        x10:00000076
11397911ns          184574 1c008776 02500793 addi             x15, x0, 37         x15=00000025
11397931ns          184575 1c00877a 04f50863 beq              x10, x15, 80        x10:00000076 x15:00000025
11397950ns          184576 1c00877e 01a005b3 add              x11, x0, x26        x11=00000002 x26:00000002
11397970ns          184577 1c008780 000b00e7 jalr             x1, x22, 0           x1=1c008782 x22:1c0086b4
11398010ns          184579 1c0086b4 000026b7 lui              x13, 0x2000         x13=00002000
11398030ns          184580 1c0086b6 f14027f3 csrrs            x15, x0, 0xf14      x15=00000002
11398050ns          184581 1c0086ba f8068693 addi             x13, x13, -128      x13=00001f80 x13:00002000
11398070ns          184582 1c0086be 00379713 slli             x14, x15, 0x3       x14=00000010 x15:00000002
11398090ns          184583 1c0086c2 00279793 slli             x15, x15, 0x2       x15=00000008 x15:00000002
11398110ns          184584 1c0086c4 00d7f7b3 and              x15, x15, x13       x15=00000000 x15:00000008 x13:00001f80
11398129ns          184585 1c0086c6 ee873733 p.bclr           x14, x14, 23, 8     x14=00000010 x14:00000010
11398149ns          184586 1c0086ca 1a10f6b7 lui              x13, 0x1a10f000     x13=1a10f000
11398169ns          184587 1c0086ce 0ff57513 andi             x10, x10, 255       x10=00000076 x10:00000076
11398189ns          184588 1c0086d2 00d70733 add              x14, x14, x13       x14=1a10f010 x14:00000010 x13:1a10f000
11398209ns          184589 1c0086d4 00a7e723 p.sw             x10, x0(x15)        x10:00000076 x15:00000000  PA:1a10f010
11398527ns          184605 1c0086d8 00000513 addi             x10, x0, 0          x10=00000000
11398547ns          184606 1c0086da 00008067 jalr             x0, x1, 0            x1:1c008782
11398607ns          184609 1c008782 31f52563 p.beqimm         x10, 778            x10:00000000
11398627ns          184610 1c008786 001d8d93 addi             x27, x27, 1         x27=0000002d x27:0000002c
11398647ns          184611 1c008788 00044503 lbu              x10, 0(x8)          x10=00000067  x8:1c00004b  PA:1c00004b
11398945ns          184626 1c00878c 00140413 addi             x8, x8, 1            x8=1c00004c  x8:1c00004b
11398965ns          184627 1c00878e fe0514e3 bne              x10, x0, -24        x10:00000067
11399044ns          184631 1c008776 02500793 addi             x15, x0, 37         x15=00000025
11399064ns          184632 1c00877a 04f50863 beq              x10, x15, 80        x10:00000067 x15:00000025
11399084ns          184633 1c00877e 01a005b3 add              x11, x0, x26        x11=00000002 x26:00000002
11399104ns          184634 1c008780 000b00e7 jalr             x1, x22, 0           x1=1c008782 x22:1c0086b4
11399144ns          184636 1c0086b4 000026b7 lui              x13, 0x2000         x13=00002000
11399164ns          184637 1c0086b6 f14027f3 csrrs            x15, x0, 0xf14      x15=00000002
11399184ns          184638 1c0086ba f8068693 addi             x13, x13, -128      x13=00001f80 x13:00002000
11399204ns          184639 1c0086be 00379713 slli             x14, x15, 0x3       x14=00000010 x15:00000002
11399223ns          184640 1c0086c2 00279793 slli             x15, x15, 0x2       x15=00000008 x15:00000002
11399243ns          184641 1c0086c4 00d7f7b3 and              x15, x15, x13       x15=00000000 x15:00000008 x13:00001f80
11399263ns          184642 1c0086c6 ee873733 p.bclr           x14, x14, 23, 8     x14=00000010 x14:00000010
11399283ns          184643 1c0086ca 1a10f6b7 lui              x13, 0x1a10f000     x13=1a10f000
11399303ns          184644 1c0086ce 0ff57513 andi             x10, x10, 255       x10=00000067 x10:00000067
11399323ns          184645 1c0086d2 00d70733 add              x14, x14, x13       x14=1a10f010 x14:00000010 x13:1a10f000
11399343ns          184646 1c0086d4 00a7e723 p.sw             x10, x0(x15)        x10:00000067 x15:00000000  PA:1a10f010
11399661ns          184662 1c0086d8 00000513 addi             x10, x0, 0          x10=00000000
11399681ns          184663 1c0086da 00008067 jalr             x0, x1, 0            x1:1c008782
11399741ns          184666 1c008782 31f52563 p.beqimm         x10, 778            x10:00000000
11399761ns          184667 1c008786 001d8d93 addi             x27, x27, 1         x27=0000002e x27:0000002d
11399780ns          184668 1c008788 00044503 lbu              x10, 0(x8)          x10=00000020  x8:1c00004c  PA:1c00004c
11400079ns          184683 1c00878c 00140413 addi             x8, x8, 1            x8=1c00004d  x8:1c00004c
11400099ns          184684 1c00878e fe0514e3 bne              x10, x0, -24        x10:00000020
11400178ns          184688 1c008776 02500793 addi             x15, x0, 37         x15=00000025
11400198ns          184689 1c00877a 04f50863 beq              x10, x15, 80        x10:00000020 x15:00000025
11400218ns          184690 1c00877e 01a005b3 add              x11, x0, x26        x11=00000002 x26:00000002
11400238ns          184691 1c008780 000b00e7 jalr             x1, x22, 0           x1=1c008782 x22:1c0086b4
11400278ns          184693 1c0086b4 000026b7 lui              x13, 0x2000         x13=00002000
11400298ns          184694 1c0086b6 f14027f3 csrrs            x15, x0, 0xf14      x15=00000002
11400317ns          184695 1c0086ba f8068693 addi             x13, x13, -128      x13=00001f80 x13:00002000
11400337ns          184696 1c0086be 00379713 slli             x14, x15, 0x3       x14=00000010 x15:00000002
11400357ns          184697 1c0086c2 00279793 slli             x15, x15, 0x2       x15=00000008 x15:00000002
11400377ns          184698 1c0086c4 00d7f7b3 and              x15, x15, x13       x15=00000000 x15:00000008 x13:00001f80
11400397ns          184699 1c0086c6 ee873733 p.bclr           x14, x14, 23, 8     x14=00000010 x14:00000010
11400417ns          184700 1c0086ca 1a10f6b7 lui              x13, 0x1a10f000     x13=1a10f000
11400437ns          184701 1c0086ce 0ff57513 andi             x10, x10, 255       x10=00000020 x10:00000020
11400457ns          184702 1c0086d2 00d70733 add              x14, x14, x13       x14=1a10f010 x14:00000010 x13:1a10f000
11400477ns          184703 1c0086d4 00a7e723 p.sw             x10, x0(x15)        x10:00000020 x15:00000000  PA:1a10f010
11400815ns          184720 1c0086d8 00000513 addi             x10, x0, 0          x10=00000000
11400835ns          184721 1c0086da 00008067 jalr             x0, x1, 0            x1:1c008782
11400894ns          184724 1c008782 31f52563 p.beqimm         x10, 778            x10:00000000
11400914ns          184725 1c008786 001d8d93 addi             x27, x27, 1         x27=0000002f x27:0000002e
11400934ns          184726 1c008788 00044503 lbu              x10, 0(x8)          x10=00000025  x8:1c00004d  PA:1c00004d
11401232ns          184741 1c00878c 00140413 addi             x8, x8, 1            x8=1c00004e  x8:1c00004d
11401252ns          184742 1c00878e fe0514e3 bne              x10, x0, -24        x10:00000025
11401332ns          184746 1c008776 02500793 addi             x15, x0, 37         x15=00000025
11401352ns          184747 1c00877a 04f50863 beq              x10, x15, 80        x10:00000025 x15:00000025
11401431ns          184751 1c0087ca 00044483 lbu              x9, 0(x8)            x9=00000075  x8:1c00004e  PA:1c00004e
11401750ns          184767 1c0087ce 02000693 addi             x13, x0, 32         x13=00000020
11401769ns          184768 1c0087d2 00140a93 addi             x21, x8, 1          x21=1c00004f  x8:1c00004e
11401789ns          184769 1c0087d6 009005b3 add              x11, x0, x9         x11=00000075  x9:00000075
11401809ns          184770 1c0087d8 064b8513 addi             x10, x23, 100       x10=1c000064 x23:1c000000
11401829ns          184771 1c0087dc 00d12823 sw               x13, 16(x2)         x13:00000020  x2:10001678  PA:10001688
11401849ns          184772 1c0087de 00012c23 sw               x0, 24(x2)           x2:10001678  PA:10001690
11401869ns          184773 1c0087e0 00012a23 sw               x0, 20(x2)           x2:10001678  PA:1000168c
11401889ns          184774 1c0087e2 00012e23 sw               x0, 28(x2)           x2:10001678  PA:10001694
11401909ns          184775 1c0087e4 00012623 sw               x0, 12(x2)           x2:10001678  PA:10001684
11401929ns          184776 1c0087e6 02300913 addi             x18, x0, 35         x18=00000023
11401949ns          184777 1c0087ea 02d00a13 addi             x20, x0, 45         x20=0000002d
11401968ns          184778 1c0087ee 015009b3 add              x19, x0, x21        x19=1c00004f x21:1c00004f
11401988ns          184779 1c0087f0 e97ff0ef jal              x1, -362             x1=1c0087f2
11402048ns          184782 1c008686 00054783 lbu              x15, 0(x10)         x15=0000002d x10:1c000064  PA:1c000064
11402346ns          184797 1c00868a 0ff5f593 andi             x11, x11, 255       x11=00000075 x11:00000075
11402366ns          184798 1c00868e 00b78c63 beq              x15, x11, 24        x15:0000002d x11:00000075
11402386ns          184799 1c008692 00078b63 beq              x15, x0, 22         x15:0000002d
11402406ns          184800 1c008694 00150793 addi             x15, x10, 1         x15=1c000065 x10:1c000064
11402426ns          184801 1c008698 0040006f jal              x0, 4              
11402466ns          184803 1c00869c 00f00533 add              x10, x0, x15        x10=1c000065 x15:1c000065
11402486ns          184804 1c00869e 0017c70b p.lbu            x14, 1(x15!)        x14=0000002b x15=1c000066 x15:1c000065  PA:1c000065
11402804ns          184820 1c0086a2 feb71ce3 bne              x14, x11, -8        x14:0000002b x11:00000075
11402863ns          184823 1c00869a 00070763 beq              x14, x0, 14         x14:0000002b
11402883ns          184824 1c00869c 00f00533 add              x10, x0, x15        x10=1c000066 x15:1c000066
11402903ns          184825 1c00869e 0017c70b p.lbu            x14, 1(x15!)        x14=00000020 x15=1c000067 x15:1c000066  PA:1c000066
11403241ns          184842 1c0086a2 feb71ce3 bne              x14, x11, -8        x14:00000020 x11:00000075
11403301ns          184845 1c00869a 00070763 beq              x14, x0, 14         x14:00000020
11403321ns          184846 1c00869c 00f00533 add              x10, x0, x15        x10=1c000067 x15:1c000067
11403341ns          184847 1c00869e 0017c70b p.lbu            x14, 1(x15!)        x14=00000023 x15=1c000068 x15:1c000067  PA:1c000067
11403659ns          184863 1c0086a2 feb71ce3 bne              x14, x11, -8        x14:00000023 x11:00000075
11403719ns          184866 1c00869a 00070763 beq              x14, x0, 14         x14:00000023
11403739ns          184867 1c00869c 00f00533 add              x10, x0, x15        x10=1c000068 x15:1c000068
11403759ns          184868 1c00869e 0017c70b p.lbu            x14, 1(x15!)        x14=00000030 x15=1c000069 x15:1c000068  PA:1c000068
11404077ns          184884 1c0086a2 feb71ce3 bne              x14, x11, -8        x14:00000030 x11:00000075
11404136ns          184887 1c00869a 00070763 beq              x14, x0, 14         x14:00000030
11404156ns          184888 1c00869c 00f00533 add              x10, x0, x15        x10=1c000069 x15:1c000069
11404176ns          184889 1c00869e 0017c70b p.lbu            x14, 1(x15!)        x14=00000000 x15=1c00006a x15:1c000069  PA:1c000069
11404495ns          184905 1c0086a2 feb71ce3 bne              x14, x11, -8        x14:00000000 x11:00000075
11404554ns          184908 1c00869a 00070763 beq              x14, x0, 14         x14:00000000
11404614ns          184911 1c0086a8 0015b593 sltiu            x11, x11, 1         x11=00000000 x11:00000075
11404634ns          184912 1c0086ac 40b005b3 sub              x11, x0, x11        x11=00000000 x11:00000000
11404654ns          184913 1c0086b0 00b57533 and              x10, x10, x11       x10=00000000 x10:1c000069 x11:00000000
11404674ns          184914 1c0086b2 00008067 jalr             x0, x1, 0            x1:1c0087f2
11404713ns          184916 1c0087f2 02050a63 beq              x10, x0, 52         x10:00000000
11404793ns          184920 1c008826 02a00613 addi             x12, x0, 42         x12=0000002a
11404813ns          184921 1c00882a 2ac48663 beq              x9, x12, 684         x9:00000075 x12:0000002a
11404872ns          184924 1c00882e fd048613 addi             x12, x9, -48        x12=00000045  x9:00000075
11404892ns          184925 1c008832 00900593 addi             x11, x0, 9          x11=00000009
11404912ns          184926 1c008834 00000913 addi             x18, x0, 0          x18=00000000
11404932ns          184927 1c008836 28c5f063 bgeu             x11, x12, 640       x11:00000009 x12:00000045
11404952ns          184928 1c00883a 02e00693 addi             x13, x0, 46         x13=0000002e
11404972ns          184929 1c00883e fff00a13 addi             x20, x0, -1         x20=ffffffff
11404992ns          184930 1c008840 2ed48363 beq              x9, x13, 742         x9:00000075 x13:0000002e
11405012ns          184931 1c008844 1c0007b7 lui              x15, 0x1c000000     x15=1c000000
11405032ns          184932 1c008848 009005b3 add              x11, x0, x9         x11=00000075  x9:00000075
11405051ns          184933 1c00884a 06c78513 addi             x10, x15, 108       x10=1c00006c x15:1c000000
11405071ns          184934 1c00884e e39ff0ef jal              x1, -456             x1=1c008850
11405151ns          184938 1c008686 00054783 lbu              x15, 0(x10)         x15=00000068 x10:1c00006c  PA:1c00006c
11405449ns          184953 1c00868a 0ff5f593 andi             x11, x11, 255       x11=00000075 x11:00000075
11405469ns          184954 1c00868e 00b78c63 beq              x15, x11, 24        x15:00000068 x11:00000075
11405489ns          184955 1c008692 00078b63 beq              x15, x0, 22         x15:00000068
11405509ns          184956 1c008694 00150793 addi             x15, x10, 1         x15=1c00006d x10:1c00006c
11405529ns          184957 1c008698 0040006f jal              x0, 4              
11405569ns          184959 1c00869c 00f00533 add              x10, x0, x15        x10=1c00006d x15:1c00006d
11405589ns          184960 1c00869e 0017c70b p.lbu            x14, 1(x15!)        x14=0000006c x15=1c00006e x15:1c00006d  PA:1c00006d
11405927ns          184977 1c0086a2 feb71ce3 bne              x14, x11, -8        x14:0000006c x11:00000075
11405986ns          184980 1c00869a 00070763 beq              x14, x0, 14         x14:0000006c
11406006ns          184981 1c00869c 00f00533 add              x10, x0, x15        x10=1c00006e x15:1c00006e
11406026ns          184982 1c00869e 0017c70b p.lbu            x14, 1(x15!)        x14=0000004c x15=1c00006f x15:1c00006e  PA:1c00006e
11406364ns          184999 1c0086a2 feb71ce3 bne              x14, x11, -8        x14:0000004c x11:00000075
11406424ns          185002 1c00869a 00070763 beq              x14, x0, 14         x14:0000004c
11406444ns          185003 1c00869c 00f00533 add              x10, x0, x15        x10=1c00006f x15:1c00006f
11406464ns          185004 1c00869e 0017c70b p.lbu            x14, 1(x15!)        x14=0000007a x15=1c000070 x15:1c00006f  PA:1c00006f
11406782ns          185020 1c0086a2 feb71ce3 bne              x14, x11, -8        x14:0000007a x11:00000075
11406842ns          185023 1c00869a 00070763 beq              x14, x0, 14         x14:0000007a
11406862ns          185024 1c00869c 00f00533 add              x10, x0, x15        x10=1c000070 x15:1c000070
11406881ns          185025 1c00869e 0017c70b p.lbu            x14, 1(x15!)        x14=00000000 x15=1c000071 x15:1c000070  PA:1c000070
11407200ns          185041 1c0086a2 feb71ce3 bne              x14, x11, -8        x14:00000000 x11:00000075
11407259ns          185044 1c00869a 00070763 beq              x14, x0, 14         x14:00000000
11407319ns          185047 1c0086a8 0015b593 sltiu            x11, x11, 1         x11=00000000 x11:00000075
11407339ns          185048 1c0086ac 40b005b3 sub              x11, x0, x11        x11=00000000 x11:00000000
11407359ns          185049 1c0086b0 00b57533 and              x10, x10, x11       x10=00000000 x10:1c000070 x11:00000000
11407379ns          185050 1c0086b2 00008067 jalr             x0, x1, 0            x1:1c008850
11407418ns          185052 1c008850 01300433 add              x8, x0, x19          x8=1c00004f x19:1c00004f
11407438ns          185053 1c008852 00050563 beq              x10, x0, 10         x10:00000000
11407498ns          185056 1c00885c 06700693 addi             x13, x0, 103        x13=00000067
11407518ns          185057 1c008860 2896d963 bge              x13, x9, 658        x13:00000067  x9:00000075
11407538ns          185058 1c008864 07000693 addi             x13, x0, 112        x13=00000070
11407558ns          185059 1c008868 7cd48763 beq              x9, x13, 1998        x9:00000075 x13:00000070
11407578ns          185060 1c00886c 2e96d163 bge              x13, x9, 738        x13:00000070  x9:00000075
11407637ns          185063 1c008870 07500693 addi             x13, x0, 117        x13=00000075
11407677ns          185065 1c008874 12d484e3 beq              x9, x13, 2344        x9:00000075 x13:00000075
11407737ns          185068 1c00919c 000c2683 lw               x13, 0(x24)         x13=00000000 x24:100017d8  PA:100017d8
11407796ns          185071 1c0091a0 019007b3 add              x15, x0, x25        x15=1000169c x25:1000169c
11407816ns          185072 1c0091a2 004c0c13 addi             x24, x24, 4         x24=100017dc x24:100017d8
11407836ns          185073 1c0091a4 00a00593 addi             x11, x0, 10         x11=0000000a
11407856ns          185074 1c0091a6 02b6f733 remu             x14, x13, x11       x14=00000000 x13:00000000 x11:0000000a
11408473ns          185105 1c0091aa 02b6d6b3 divu             x13, x13, x11       x13=00000000 x13:00000000 x11:0000000a
11409089ns          185136 1c0091ae 03070713 addi             x14, x14, 48        x14=00000030 x14:00000000
11409109ns          185137 1c0091b2 00e780ab p.sb             x14, 1(x15!)        x15=1000169d x14:00000030 x15:1000169c  PA:1000169c
11409149ns          185139 1c0091b6 fe0698e3 bne              x13, x0, -16        x13:00000000
11409169ns          185140 1c0091b8 419784b3 sub              x9, x15, x25         x9=00000001 x15:1000169d x25:1000169c
11409189ns          185141 1c0091bc 0144dd63 bge              x9, x20, 26          x9:00000001 x20:ffffffff
11409268ns          185145 1c0091d6 fe078fab p.sb             x0, -1(x15!)        x15=1000169c x15:1000169d  PA:1000169d
11409288ns          185146 1c0091da 00fcfd63 bgeu             x25, x15, 26        x25:1000169c x15:1000169c
11409388ns          185151 1c0091f4 0c800793 addi             x15, x0, 200        x15=000000c8
11409408ns          185152 1c0091f8 03fa2b63 p.beqimm         x20, 54             x20:ffffffff
11409646ns          185164 1c00922e 8497cfe3 blt              x15, x9, -1954      x15:000000c8  x9:00000001
11409666ns          185165 1c009232 00012623 sw               x0, 12(x2)           x2:10001678  PA:10001684
11409686ns          185166 1c009234 f54ff06f jal              x0, -2220          
11409726ns          185168 1c008988 0f24d163 bge              x9, x18, 226         x9:00000001 x18:00000000
11410203ns          185192 1c008a6a d00482e3 beq              x9, x0, -764         x9:00000001
11410223ns          185193 1c008a6e 01900933 add              x18, x0, x25        x18=1000169c x25:1000169c
11410243ns          185194 1c008a70 419d8db3 sub              x27, x27, x25       x27=efffe993 x27:0000002f x25:1000169c
11410263ns          185195 1c008a74 00a0006f jal              x0, 10             
11410362ns          185200 1c008a7e 0019450b p.lbu            x10, 1(x18!)        x10=00000030 x18=1000169d x18:1000169c  PA:1000169c
11410382ns          185201 1c008a82 01a005b3 add              x11, x0, x26        x11=00000002 x26:00000002
11410402ns          185202 1c008a84 000b00e7 jalr             x1, x22, 0           x1=1c008a86 x22:1c0086b4
11410442ns          185204 1c0086b4 000026b7 lui              x13, 0x2000         x13=00002000
11410462ns          185205 1c0086b6 f14027f3 csrrs            x15, x0, 0xf14      x15=00000002
11410482ns          185206 1c0086ba f8068693 addi             x13, x13, -128      x13=00001f80 x13:00002000
11410502ns          185207 1c0086be 00379713 slli             x14, x15, 0x3       x14=00000010 x15:00000002
11410521ns          185208 1c0086c2 00279793 slli             x15, x15, 0x2       x15=00000008 x15:00000002
11410541ns          185209 1c0086c4 00d7f7b3 and              x15, x15, x13       x15=00000000 x15:00000008 x13:00001f80
11410561ns          185210 1c0086c6 ee873733 p.bclr           x14, x14, 23, 8     x14=00000010 x14:00000010
11410581ns          185211 1c0086ca 1a10f6b7 lui              x13, 0x1a10f000     x13=1a10f000
11410601ns          185212 1c0086ce 0ff57513 andi             x10, x10, 255       x10=00000030 x10:00000030
11410621ns          185213 1c0086d2 00d70733 add              x14, x14, x13       x14=1a10f010 x14:00000010 x13:1a10f000
11410641ns          185214 1c0086d4 00a7e723 p.sw             x10, x0(x15)        x10:00000030 x15:00000000  PA:1a10f010
11411039ns          185234 1c0086d8 00000513 addi             x10, x0, 0          x10=00000000
11411058ns          185235 1c0086da 00008067 jalr             x0, x1, 0            x1:1c008a86
11411098ns          185237 1c008a86 fff48493 addi             x9, x9, -1           x9=00000000  x9:00000001
11411118ns          185238 1c008a88 fff537e3 p.bneimm         x10, -18            x10:00000000
11411198ns          185242 1c008a76 012d8733 add              x14, x27, x18       x14=00000030 x27:efffe993 x18:1000169d
11411218ns          185243 1c008a7a 5a048b63 beq              x9, x0, 1462         x9:00000000
11411277ns          185246 1c009030 00e00db3 add              x27, x0, x14        x27=00000030 x14:00000030
11411297ns          185247 1c009032 f3cff06f jal              x0, -2244          
11411357ns          185250 1c00876e 00044503 lbu              x10, 0(x8)          x10=00000020  x8:1c00004f  PA:1c00004f
11411655ns          185265 1c008772 00140413 addi             x8, x8, 1            x8=1c000050  x8:1c00004f
11411675ns          185266 1c008774 00050e63 beq              x10, x0, 28         x10:00000020
11411695ns          185267 1c008776 02500793 addi             x15, x0, 37         x15=00000025
11411715ns          185268 1c00877a 04f50863 beq              x10, x15, 80        x10:00000020 x15:00000025
11411735ns          185269 1c00877e 01a005b3 add              x11, x0, x26        x11=00000002 x26:00000002
11411755ns          185270 1c008780 000b00e7 jalr             x1, x22, 0           x1=1c008782 x22:1c0086b4
11411794ns          185272 1c0086b4 000026b7 lui              x13, 0x2000         x13=00002000
11411814ns          185273 1c0086b6 f14027f3 csrrs            x15, x0, 0xf14      x15=00000002
11411834ns          185274 1c0086ba f8068693 addi             x13, x13, -128      x13=00001f80 x13:00002000
11411854ns          185275 1c0086be 00379713 slli             x14, x15, 0x3       x14=00000010 x15:00000002
11411874ns          185276 1c0086c2 00279793 slli             x15, x15, 0x2       x15=00000008 x15:00000002
11411894ns          185277 1c0086c4 00d7f7b3 and              x15, x15, x13       x15=00000000 x15:00000008 x13:00001f80
11411914ns          185278 1c0086c6 ee873733 p.bclr           x14, x14, 23, 8     x14=00000010 x14:00000010
11411934ns          185279 1c0086ca 1a10f6b7 lui              x13, 0x1a10f000     x13=1a10f000
11411954ns          185280 1c0086ce 0ff57513 andi             x10, x10, 255       x10=00000020 x10:00000020
11411973ns          185281 1c0086d2 00d70733 add              x14, x14, x13       x14=1a10f010 x14:00000010 x13:1a10f000
11411993ns          185282 1c0086d4 00a7e723 p.sw             x10, x0(x15)        x10:00000020 x15:00000000  PA:1a10f010
11412312ns          185298 1c0086d8 00000513 addi             x10, x0, 0          x10=00000000
11412331ns          185299 1c0086da 00008067 jalr             x0, x1, 0            x1:1c008782
11412391ns          185302 1c008782 31f52563 p.beqimm         x10, 778            x10:00000000
11412411ns          185303 1c008786 001d8d93 addi             x27, x27, 1         x27=00000031 x27:00000030
11412431ns          185304 1c008788 00044503 lbu              x10, 0(x8)          x10=00000063  x8:1c000050  PA:1c000050
11412729ns          185319 1c00878c 00140413 addi             x8, x8, 1            x8=1c000051  x8:1c000050
11412749ns          185320 1c00878e fe0514e3 bne              x10, x0, -24        x10:00000063
11412829ns          185324 1c008776 02500793 addi             x15, x0, 37         x15=00000025
11412849ns          185325 1c00877a 04f50863 beq              x10, x15, 80        x10:00000063 x15:00000025
11412869ns          185326 1c00877e 01a005b3 add              x11, x0, x26        x11=00000002 x26:00000002
11412888ns          185327 1c008780 000b00e7 jalr             x1, x22, 0           x1=1c008782 x22:1c0086b4
11412928ns          185329 1c0086b4 000026b7 lui              x13, 0x2000         x13=00002000
11412948ns          185330 1c0086b6 f14027f3 csrrs            x15, x0, 0xf14      x15=00000002
11412968ns          185331 1c0086ba f8068693 addi             x13, x13, -128      x13=00001f80 x13:00002000
11412988ns          185332 1c0086be 00379713 slli             x14, x15, 0x3       x14=00000010 x15:00000002
11413008ns          185333 1c0086c2 00279793 slli             x15, x15, 0x2       x15=00000008 x15:00000002
11413028ns          185334 1c0086c4 00d7f7b3 and              x15, x15, x13       x15=00000000 x15:00000008 x13:00001f80
11413048ns          185335 1c0086c6 ee873733 p.bclr           x14, x14, 23, 8     x14=00000010 x14:00000010
11413067ns          185336 1c0086ca 1a10f6b7 lui              x13, 0x1a10f000     x13=1a10f000
11413087ns          185337 1c0086ce 0ff57513 andi             x10, x10, 255       x10=00000063 x10:00000063
11413107ns          185338 1c0086d2 00d70733 add              x14, x14, x13       x14=1a10f010 x14:00000010 x13:1a10f000
11413127ns          185339 1c0086d4 00a7e723 p.sw             x10, x0(x15)        x10:00000063 x15:00000000  PA:1a10f010
11413485ns          185357 1c0086d8 00000513 addi             x10, x0, 0          x10=00000000
11413505ns          185358 1c0086da 00008067 jalr             x0, x1, 0            x1:1c008782
11413565ns          185361 1c008782 31f52563 p.beqimm         x10, 778            x10:00000000
11413585ns          185362 1c008786 001d8d93 addi             x27, x27, 1         x27=00000032 x27:00000031
11413604ns          185363 1c008788 00044503 lbu              x10, 0(x8)          x10=00000079  x8:1c000051  PA:1c000051
11413923ns          185379 1c00878c 00140413 addi             x8, x8, 1            x8=1c000052  x8:1c000051
11413943ns          185380 1c00878e fe0514e3 bne              x10, x0, -24        x10:00000079
11414022ns          185384 1c008776 02500793 addi             x15, x0, 37         x15=00000025
11414042ns          185385 1c00877a 04f50863 beq              x10, x15, 80        x10:00000079 x15:00000025
11414062ns          185386 1c00877e 01a005b3 add              x11, x0, x26        x11=00000002 x26:00000002
11414082ns          185387 1c008780 000b00e7 jalr             x1, x22, 0           x1=1c008782 x22:1c0086b4
11414122ns          185389 1c0086b4 000026b7 lui              x13, 0x2000         x13=00002000
11414142ns          185390 1c0086b6 f14027f3 csrrs            x15, x0, 0xf14      x15=00000002
11414161ns          185391 1c0086ba f8068693 addi             x13, x13, -128      x13=00001f80 x13:00002000
11414181ns          185392 1c0086be 00379713 slli             x14, x15, 0x3       x14=00000010 x15:00000002
11414201ns          185393 1c0086c2 00279793 slli             x15, x15, 0x2       x15=00000008 x15:00000002
11414221ns          185394 1c0086c4 00d7f7b3 and              x15, x15, x13       x15=00000000 x15:00000008 x13:00001f80
11414241ns          185395 1c0086c6 ee873733 p.bclr           x14, x14, 23, 8     x14=00000010 x14:00000010
11414261ns          185396 1c0086ca 1a10f6b7 lui              x13, 0x1a10f000     x13=1a10f000
11414281ns          185397 1c0086ce 0ff57513 andi             x10, x10, 255       x10=00000079 x10:00000079
11414301ns          185398 1c0086d2 00d70733 add              x14, x14, x13       x14=1a10f010 x14:00000010 x13:1a10f000
11414321ns          185399 1c0086d4 00a7e723 p.sw             x10, x0(x15)        x10:00000079 x15:00000000  PA:1a10f010
11414639ns          185415 1c0086d8 00000513 addi             x10, x0, 0          x10=00000000
11414659ns          185416 1c0086da 00008067 jalr             x0, x1, 0            x1:1c008782
11414718ns          185419 1c008782 31f52563 p.beqimm         x10, 778            x10:00000000
11414738ns          185420 1c008786 001d8d93 addi             x27, x27, 1         x27=00000033 x27:00000032
11414758ns          185421 1c008788 00044503 lbu              x10, 0(x8)          x10=00000063  x8:1c000052  PA:1c000052
11415057ns          185436 1c00878c 00140413 addi             x8, x8, 1            x8=1c000053  x8:1c000052
11415076ns          185437 1c00878e fe0514e3 bne              x10, x0, -24        x10:00000063
11415156ns          185441 1c008776 02500793 addi             x15, x0, 37         x15=00000025
11415176ns          185442 1c00877a 04f50863 beq              x10, x15, 80        x10:00000063 x15:00000025
11415196ns          185443 1c00877e 01a005b3 add              x11, x0, x26        x11=00000002 x26:00000002
11415216ns          185444 1c008780 000b00e7 jalr             x1, x22, 0           x1=1c008782 x22:1c0086b4
11415255ns          185446 1c0086b4 000026b7 lui              x13, 0x2000         x13=00002000
11415275ns          185447 1c0086b6 f14027f3 csrrs            x15, x0, 0xf14      x15=00000002
11415295ns          185448 1c0086ba f8068693 addi             x13, x13, -128      x13=00001f80 x13:00002000
11415315ns          185449 1c0086be 00379713 slli             x14, x15, 0x3       x14=00000010 x15:00000002
11415335ns          185450 1c0086c2 00279793 slli             x15, x15, 0x2       x15=00000008 x15:00000002
11415355ns          185451 1c0086c4 00d7f7b3 and              x15, x15, x13       x15=00000000 x15:00000008 x13:00001f80
11415375ns          185452 1c0086c6 ee873733 p.bclr           x14, x14, 23, 8     x14=00000010 x14:00000010
11415395ns          185453 1c0086ca 1a10f6b7 lui              x13, 0x1a10f000     x13=1a10f000
11415415ns          185454 1c0086ce 0ff57513 andi             x10, x10, 255       x10=00000063 x10:00000063
11415434ns          185455 1c0086d2 00d70733 add              x14, x14, x13       x14=1a10f010 x14:00000010 x13:1a10f000
11415454ns          185456 1c0086d4 00a7e723 p.sw             x10, x0(x15)        x10:00000063 x15:00000000  PA:1a10f010
11415773ns          185472 1c0086d8 00000513 addi             x10, x0, 0          x10=00000000
11415792ns          185473 1c0086da 00008067 jalr             x0, x1, 0            x1:1c008782
11415852ns          185476 1c008782 31f52563 p.beqimm         x10, 778            x10:00000000
11415872ns          185477 1c008786 001d8d93 addi             x27, x27, 1         x27=00000034 x27:00000033
11415892ns          185478 1c008788 00044503 lbu              x10, 0(x8)          x10=0000006c  x8:1c000053  PA:1c000053
11416190ns          185493 1c00878c 00140413 addi             x8, x8, 1            x8=1c000054  x8:1c000053
11416210ns          185494 1c00878e fe0514e3 bne              x10, x0, -24        x10:0000006c
11416290ns          185498 1c008776 02500793 addi             x15, x0, 37         x15=00000025
11416310ns          185499 1c00877a 04f50863 beq              x10, x15, 80        x10:0000006c x15:00000025
11416330ns          185500 1c00877e 01a005b3 add              x11, x0, x26        x11=00000002 x26:00000002
11416349ns          185501 1c008780 000b00e7 jalr             x1, x22, 0           x1=1c008782 x22:1c0086b4
11416389ns          185503 1c0086b4 000026b7 lui              x13, 0x2000         x13=00002000
11416409ns          185504 1c0086b6 f14027f3 csrrs            x15, x0, 0xf14      x15=00000002
11416429ns          185505 1c0086ba f8068693 addi             x13, x13, -128      x13=00001f80 x13:00002000
11416449ns          185506 1c0086be 00379713 slli             x14, x15, 0x3       x14=00000010 x15:00000002
11416469ns          185507 1c0086c2 00279793 slli             x15, x15, 0x2       x15=00000008 x15:00000002
11416489ns          185508 1c0086c4 00d7f7b3 and              x15, x15, x13       x15=00000000 x15:00000008 x13:00001f80
11416509ns          185509 1c0086c6 ee873733 p.bclr           x14, x14, 23, 8     x14=00000010 x14:00000010
11416528ns          185510 1c0086ca 1a10f6b7 lui              x13, 0x1a10f000     x13=1a10f000
11416548ns          185511 1c0086ce 0ff57513 andi             x10, x10, 255       x10=0000006c x10:0000006c
11416568ns          185512 1c0086d2 00d70733 add              x14, x14, x13       x14=1a10f010 x14:00000010 x13:1a10f000
11416588ns          185513 1c0086d4 00a7e723 p.sw             x10, x0(x15)        x10:0000006c x15:00000000  PA:1a10f010
11416906ns          185529 1c0086d8 00000513 addi             x10, x0, 0          x10=00000000
11416926ns          185530 1c0086da 00008067 jalr             x0, x1, 0            x1:1c008782
11416986ns          185533 1c008782 31f52563 p.beqimm         x10, 778            x10:00000000
11417006ns          185534 1c008786 001d8d93 addi             x27, x27, 1         x27=00000035 x27:00000034
11417026ns          185535 1c008788 00044503 lbu              x10, 0(x8)          x10=00000065  x8:1c000054  PA:1c000054
11417324ns          185550 1c00878c 00140413 addi             x8, x8, 1            x8=1c000055  x8:1c000054
11417344ns          185551 1c00878e fe0514e3 bne              x10, x0, -24        x10:00000065
11417424ns          185555 1c008776 02500793 addi             x15, x0, 37         x15=00000025
11417443ns          185556 1c00877a 04f50863 beq              x10, x15, 80        x10:00000065 x15:00000025
11417463ns          185557 1c00877e 01a005b3 add              x11, x0, x26        x11=00000002 x26:00000002
11417483ns          185558 1c008780 000b00e7 jalr             x1, x22, 0           x1=1c008782 x22:1c0086b4
11417523ns          185560 1c0086b4 000026b7 lui              x13, 0x2000         x13=00002000
11417543ns          185561 1c0086b6 f14027f3 csrrs            x15, x0, 0xf14      x15=00000002
11417563ns          185562 1c0086ba f8068693 addi             x13, x13, -128      x13=00001f80 x13:00002000
11417583ns          185563 1c0086be 00379713 slli             x14, x15, 0x3       x14=00000010 x15:00000002
11417603ns          185564 1c0086c2 00279793 slli             x15, x15, 0x2       x15=00000008 x15:00000002
11417622ns          185565 1c0086c4 00d7f7b3 and              x15, x15, x13       x15=00000000 x15:00000008 x13:00001f80
11417642ns          185566 1c0086c6 ee873733 p.bclr           x14, x14, 23, 8     x14=00000010 x14:00000010
11417662ns          185567 1c0086ca 1a10f6b7 lui              x13, 0x1a10f000     x13=1a10f000
11417682ns          185568 1c0086ce 0ff57513 andi             x10, x10, 255       x10=00000065 x10:00000065
11417702ns          185569 1c0086d2 00d70733 add              x14, x14, x13       x14=1a10f010 x14:00000010 x13:1a10f000
11417722ns          185570 1c0086d4 00a7e723 p.sw             x10, x0(x15)        x10:00000065 x15:00000000  PA:1a10f010
11418060ns          185587 1c0086d8 00000513 addi             x10, x0, 0          x10=00000000
11418080ns          185588 1c0086da 00008067 jalr             x0, x1, 0            x1:1c008782
11418140ns          185591 1c008782 31f52563 p.beqimm         x10, 778            x10:00000000
11418159ns          185592 1c008786 001d8d93 addi             x27, x27, 1         x27=00000036 x27:00000035
11418179ns          185593 1c008788 00044503 lbu              x10, 0(x8)          x10=00000073  x8:1c000055  PA:1c000055
11418478ns          185608 1c00878c 00140413 addi             x8, x8, 1            x8=1c000056  x8:1c000055
11418498ns          185609 1c00878e fe0514e3 bne              x10, x0, -24        x10:00000073
11418577ns          185613 1c008776 02500793 addi             x15, x0, 37         x15=00000025
11418597ns          185614 1c00877a 04f50863 beq              x10, x15, 80        x10:00000073 x15:00000025
11418617ns          185615 1c00877e 01a005b3 add              x11, x0, x26        x11=00000002 x26:00000002
11418637ns          185616 1c008780 000b00e7 jalr             x1, x22, 0           x1=1c008782 x22:1c0086b4
11418677ns          185618 1c0086b4 000026b7 lui              x13, 0x2000         x13=00002000
11418697ns          185619 1c0086b6 f14027f3 csrrs            x15, x0, 0xf14      x15=00000002
11418716ns          185620 1c0086ba f8068693 addi             x13, x13, -128      x13=00001f80 x13:00002000
11418736ns          185621 1c0086be 00379713 slli             x14, x15, 0x3       x14=00000010 x15:00000002
11418756ns          185622 1c0086c2 00279793 slli             x15, x15, 0x2       x15=00000008 x15:00000002
11418776ns          185623 1c0086c4 00d7f7b3 and              x15, x15, x13       x15=00000000 x15:00000008 x13:00001f80
11418796ns          185624 1c0086c6 ee873733 p.bclr           x14, x14, 23, 8     x14=00000010 x14:00000010
11418816ns          185625 1c0086ca 1a10f6b7 lui              x13, 0x1a10f000     x13=1a10f000
11418836ns          185626 1c0086ce 0ff57513 andi             x10, x10, 255       x10=00000073 x10:00000073
11418856ns          185627 1c0086d2 00d70733 add              x14, x14, x13       x14=1a10f010 x14:00000010 x13:1a10f000
11418876ns          185628 1c0086d4 00a7e723 p.sw             x10, x0(x15)        x10:00000073 x15:00000000  PA:1a10f010
11419214ns          185645 1c0086d8 00000513 addi             x10, x0, 0          x10=00000000
11419234ns          185646 1c0086da 00008067 jalr             x0, x1, 0            x1:1c008782
11419293ns          185649 1c008782 31f52563 p.beqimm         x10, 778            x10:00000000
11419313ns          185650 1c008786 001d8d93 addi             x27, x27, 1         x27=00000037 x27:00000036
11419333ns          185651 1c008788 00044503 lbu              x10, 0(x8)          x10=0000002f  x8:1c000056  PA:1c000056
11419631ns          185666 1c00878c 00140413 addi             x8, x8, 1            x8=1c000057  x8:1c000056
11419651ns          185667 1c00878e fe0514e3 bne              x10, x0, -24        x10:0000002f
11419731ns          185671 1c008776 02500793 addi             x15, x0, 37         x15=00000025
11419751ns          185672 1c00877a 04f50863 beq              x10, x15, 80        x10:0000002f x15:00000025
11419771ns          185673 1c00877e 01a005b3 add              x11, x0, x26        x11=00000002 x26:00000002
11419791ns          185674 1c008780 000b00e7 jalr             x1, x22, 0           x1=1c008782 x22:1c0086b4
11419830ns          185676 1c0086b4 000026b7 lui              x13, 0x2000         x13=00002000
11419850ns          185677 1c0086b6 f14027f3 csrrs            x15, x0, 0xf14      x15=00000002
11419870ns          185678 1c0086ba f8068693 addi             x13, x13, -128      x13=00001f80 x13:00002000
11419890ns          185679 1c0086be 00379713 slli             x14, x15, 0x3       x14=00000010 x15:00000002
11419910ns          185680 1c0086c2 00279793 slli             x15, x15, 0x2       x15=00000008 x15:00000002
11419930ns          185681 1c0086c4 00d7f7b3 and              x15, x15, x13       x15=00000000 x15:00000008 x13:00001f80
11419950ns          185682 1c0086c6 ee873733 p.bclr           x14, x14, 23, 8     x14=00000010 x14:00000010
11419970ns          185683 1c0086ca 1a10f6b7 lui              x13, 0x1a10f000     x13=1a10f000
11419989ns          185684 1c0086ce 0ff57513 andi             x10, x10, 255       x10=0000002f x10:0000002f
11420009ns          185685 1c0086d2 00d70733 add              x14, x14, x13       x14=1a10f010 x14:00000010 x13:1a10f000
11420029ns          185686 1c0086d4 00a7e723 p.sw             x10, x0(x15)        x10:0000002f x15:00000000  PA:1a10f010
11420347ns          185702 1c0086d8 00000513 addi             x10, x0, 0          x10=00000000
11420367ns          185703 1c0086da 00008067 jalr             x0, x1, 0            x1:1c008782
11420427ns          185706 1c008782 31f52563 p.beqimm         x10, 778            x10:00000000
11420447ns          185707 1c008786 001d8d93 addi             x27, x27, 1         x27=00000038 x27:00000037
11420467ns          185708 1c008788 00044503 lbu              x10, 0(x8)          x10=00000077  x8:1c000057  PA:1c000057
11420765ns          185723 1c00878c 00140413 addi             x8, x8, 1            x8=1c000058  x8:1c000057
11420785ns          185724 1c00878e fe0514e3 bne              x10, x0, -24        x10:00000077
11420865ns          185728 1c008776 02500793 addi             x15, x0, 37         x15=00000025
11420884ns          185729 1c00877a 04f50863 beq              x10, x15, 80        x10:00000077 x15:00000025
11420904ns          185730 1c00877e 01a005b3 add              x11, x0, x26        x11=00000002 x26:00000002
11420924ns          185731 1c008780 000b00e7 jalr             x1, x22, 0           x1=1c008782 x22:1c0086b4
11420964ns          185733 1c0086b4 000026b7 lui              x13, 0x2000         x13=00002000
11420984ns          185734 1c0086b6 f14027f3 csrrs            x15, x0, 0xf14      x15=00000002
11421004ns          185735 1c0086ba f8068693 addi             x13, x13, -128      x13=00001f80 x13:00002000
11421024ns          185736 1c0086be 00379713 slli             x14, x15, 0x3       x14=00000010 x15:00000002
11421044ns          185737 1c0086c2 00279793 slli             x15, x15, 0x2       x15=00000008 x15:00000002
11421064ns          185738 1c0086c4 00d7f7b3 and              x15, x15, x13       x15=00000000 x15:00000008 x13:00001f80
11421083ns          185739 1c0086c6 ee873733 p.bclr           x14, x14, 23, 8     x14=00000010 x14:00000010
11421103ns          185740 1c0086ca 1a10f6b7 lui              x13, 0x1a10f000     x13=1a10f000
11421123ns          185741 1c0086ce 0ff57513 andi             x10, x10, 255       x10=00000077 x10:00000077
11421143ns          185742 1c0086d2 00d70733 add              x14, x14, x13       x14=1a10f010 x14:00000010 x13:1a10f000
11421163ns          185743 1c0086d4 00a7e723 p.sw             x10, x0(x15)        x10:00000077 x15:00000000  PA:1a10f010
11421501ns          185760 1c0086d8 00000513 addi             x10, x0, 0          x10=00000000
11421521ns          185761 1c0086da 00008067 jalr             x0, x1, 0            x1:1c008782
11421581ns          185764 1c008782 31f52563 p.beqimm         x10, 778            x10:00000000
11421601ns          185765 1c008786 001d8d93 addi             x27, x27, 1         x27=00000039 x27:00000038
11421620ns          185766 1c008788 00044503 lbu              x10, 0(x8)          x10=0000006f  x8:1c000058  PA:1c000058
11421939ns          185782 1c00878c 00140413 addi             x8, x8, 1            x8=1c000059  x8:1c000058
11421959ns          185783 1c00878e fe0514e3 bne              x10, x0, -24        x10:0000006f
11422038ns          185787 1c008776 02500793 addi             x15, x0, 37         x15=00000025
11422058ns          185788 1c00877a 04f50863 beq              x10, x15, 80        x10:0000006f x15:00000025
11422078ns          185789 1c00877e 01a005b3 add              x11, x0, x26        x11=00000002 x26:00000002
11422098ns          185790 1c008780 000b00e7 jalr             x1, x22, 0           x1=1c008782 x22:1c0086b4
11422138ns          185792 1c0086b4 000026b7 lui              x13, 0x2000         x13=00002000
11422158ns          185793 1c0086b6 f14027f3 csrrs            x15, x0, 0xf14      x15=00000002
11422177ns          185794 1c0086ba f8068693 addi             x13, x13, -128      x13=00001f80 x13:00002000
11422197ns          185795 1c0086be 00379713 slli             x14, x15, 0x3       x14=00000010 x15:00000002
11422217ns          185796 1c0086c2 00279793 slli             x15, x15, 0x2       x15=00000008 x15:00000002
11422237ns          185797 1c0086c4 00d7f7b3 and              x15, x15, x13       x15=00000000 x15:00000008 x13:00001f80
11422257ns          185798 1c0086c6 ee873733 p.bclr           x14, x14, 23, 8     x14=00000010 x14:00000010
11422277ns          185799 1c0086ca 1a10f6b7 lui              x13, 0x1a10f000     x13=1a10f000
11422297ns          185800 1c0086ce 0ff57513 andi             x10, x10, 255       x10=0000006f x10:0000006f
11422317ns          185801 1c0086d2 00d70733 add              x14, x14, x13       x14=1a10f010 x14:00000010 x13:1a10f000
11422337ns          185802 1c0086d4 00a7e723 p.sw             x10, x0(x15)        x10:0000006f x15:00000000  PA:1a10f010
11422655ns          185818 1c0086d8 00000513 addi             x10, x0, 0          x10=00000000
11422675ns          185819 1c0086da 00008067 jalr             x0, x1, 0            x1:1c008782
11422734ns          185822 1c008782 31f52563 p.beqimm         x10, 778            x10:00000000
11422754ns          185823 1c008786 001d8d93 addi             x27, x27, 1         x27=0000003a x27:00000039
11422774ns          185824 1c008788 00044503 lbu              x10, 0(x8)          x10=00000072  x8:1c000059  PA:1c000059
11423072ns          185839 1c00878c 00140413 addi             x8, x8, 1            x8=1c00005a  x8:1c000059
11423092ns          185840 1c00878e fe0514e3 bne              x10, x0, -24        x10:00000072
11423172ns          185844 1c008776 02500793 addi             x15, x0, 37         x15=00000025
11423192ns          185845 1c00877a 04f50863 beq              x10, x15, 80        x10:00000072 x15:00000025
11423212ns          185846 1c00877e 01a005b3 add              x11, x0, x26        x11=00000002 x26:00000002
11423232ns          185847 1c008780 000b00e7 jalr             x1, x22, 0           x1=1c008782 x22:1c0086b4
11423271ns          185849 1c0086b4 000026b7 lui              x13, 0x2000         x13=00002000
11423291ns          185850 1c0086b6 f14027f3 csrrs            x15, x0, 0xf14      x15=00000002
11423311ns          185851 1c0086ba f8068693 addi             x13, x13, -128      x13=00001f80 x13:00002000
11423331ns          185852 1c0086be 00379713 slli             x14, x15, 0x3       x14=00000010 x15:00000002
11423351ns          185853 1c0086c2 00279793 slli             x15, x15, 0x2       x15=00000008 x15:00000002
11423371ns          185854 1c0086c4 00d7f7b3 and              x15, x15, x13       x15=00000000 x15:00000008 x13:00001f80
11423391ns          185855 1c0086c6 ee873733 p.bclr           x14, x14, 23, 8     x14=00000010 x14:00000010
11423411ns          185856 1c0086ca 1a10f6b7 lui              x13, 0x1a10f000     x13=1a10f000
11423431ns          185857 1c0086ce 0ff57513 andi             x10, x10, 255       x10=00000072 x10:00000072
11423450ns          185858 1c0086d2 00d70733 add              x14, x14, x13       x14=1a10f010 x14:00000010 x13:1a10f000
11423470ns          185859 1c0086d4 00a7e723 p.sw             x10, x0(x15)        x10:00000072 x15:00000000  PA:1a10f010
11423789ns          185875 1c0086d8 00000513 addi             x10, x0, 0          x10=00000000
11423808ns          185876 1c0086da 00008067 jalr             x0, x1, 0            x1:1c008782
11423868ns          185879 1c008782 31f52563 p.beqimm         x10, 778            x10:00000000
11423888ns          185880 1c008786 001d8d93 addi             x27, x27, 1         x27=0000003b x27:0000003a
11423908ns          185881 1c008788 00044503 lbu              x10, 0(x8)          x10=00000064  x8:1c00005a  PA:1c00005a
11424206ns          185896 1c00878c 00140413 addi             x8, x8, 1            x8=1c00005b  x8:1c00005a
11424226ns          185897 1c00878e fe0514e3 bne              x10, x0, -24        x10:00000064
11424306ns          185901 1c008776 02500793 addi             x15, x0, 37         x15=00000025
11424326ns          185902 1c00877a 04f50863 beq              x10, x15, 80        x10:00000064 x15:00000025
11424345ns          185903 1c00877e 01a005b3 add              x11, x0, x26        x11=00000002 x26:00000002
11424365ns          185904 1c008780 000b00e7 jalr             x1, x22, 0           x1=1c008782 x22:1c0086b4
11424405ns          185906 1c0086b4 000026b7 lui              x13, 0x2000         x13=00002000
11424425ns          185907 1c0086b6 f14027f3 csrrs            x15, x0, 0xf14      x15=00000002
11424445ns          185908 1c0086ba f8068693 addi             x13, x13, -128      x13=00001f80 x13:00002000
11424465ns          185909 1c0086be 00379713 slli             x14, x15, 0x3       x14=00000010 x15:00000002
11424485ns          185910 1c0086c2 00279793 slli             x15, x15, 0x2       x15=00000008 x15:00000002
11424505ns          185911 1c0086c4 00d7f7b3 and              x15, x15, x13       x15=00000000 x15:00000008 x13:00001f80
11424525ns          185912 1c0086c6 ee873733 p.bclr           x14, x14, 23, 8     x14=00000010 x14:00000010
11424544ns          185913 1c0086ca 1a10f6b7 lui              x13, 0x1a10f000     x13=1a10f000
11424564ns          185914 1c0086ce 0ff57513 andi             x10, x10, 255       x10=00000064 x10:00000064
11424584ns          185915 1c0086d2 00d70733 add              x14, x14, x13       x14=1a10f010 x14:00000010 x13:1a10f000
11424604ns          185916 1c0086d4 00a7e723 p.sw             x10, x0(x15)        x10:00000064 x15:00000000  PA:1a10f010
11424922ns          185932 1c0086d8 00000513 addi             x10, x0, 0          x10=00000000
11424942ns          185933 1c0086da 00008067 jalr             x0, x1, 0            x1:1c008782
11425002ns          185936 1c008782 31f52563 p.beqimm         x10, 778            x10:00000000
11425022ns          185937 1c008786 001d8d93 addi             x27, x27, 1         x27=0000003c x27:0000003b
11425042ns          185938 1c008788 00044503 lbu              x10, 0(x8)          x10=00000029  x8:1c00005b  PA:1c00005b
11425340ns          185953 1c00878c 00140413 addi             x8, x8, 1            x8=1c00005c  x8:1c00005b
11425360ns          185954 1c00878e fe0514e3 bne              x10, x0, -24        x10:00000029
11425439ns          185958 1c008776 02500793 addi             x15, x0, 37         x15=00000025
11425459ns          185959 1c00877a 04f50863 beq              x10, x15, 80        x10:00000029 x15:00000025
11425479ns          185960 1c00877e 01a005b3 add              x11, x0, x26        x11=00000002 x26:00000002
11425499ns          185961 1c008780 000b00e7 jalr             x1, x22, 0           x1=1c008782 x22:1c0086b4
11425539ns          185963 1c0086b4 000026b7 lui              x13, 0x2000         x13=00002000
11425559ns          185964 1c0086b6 f14027f3 csrrs            x15, x0, 0xf14      x15=00000002
11425579ns          185965 1c0086ba f8068693 addi             x13, x13, -128      x13=00001f80 x13:00002000
11425599ns          185966 1c0086be 00379713 slli             x14, x15, 0x3       x14=00000010 x15:00000002
11425618ns          185967 1c0086c2 00279793 slli             x15, x15, 0x2       x15=00000008 x15:00000002
11425638ns          185968 1c0086c4 00d7f7b3 and              x15, x15, x13       x15=00000000 x15:00000008 x13:00001f80
11425658ns          185969 1c0086c6 ee873733 p.bclr           x14, x14, 23, 8     x14=00000010 x14:00000010
11425678ns          185970 1c0086ca 1a10f6b7 lui              x13, 0x1a10f000     x13=1a10f000
11425698ns          185971 1c0086ce 0ff57513 andi             x10, x10, 255       x10=00000029 x10:00000029
11425718ns          185972 1c0086d2 00d70733 add              x14, x14, x13       x14=1a10f010 x14:00000010 x13:1a10f000
11425738ns          185973 1c0086d4 00a7e723 p.sw             x10, x0(x15)        x10:00000029 x15:00000000  PA:1a10f010
11426076ns          185990 1c0086d8 00000513 addi             x10, x0, 0          x10=00000000
11426096ns          185991 1c0086da 00008067 jalr             x0, x1, 0            x1:1c008782
11426156ns          185994 1c008782 31f52563 p.beqimm         x10, 778            x10:00000000
11426175ns          185995 1c008786 001d8d93 addi             x27, x27, 1         x27=0000003d x27:0000003c
11426195ns          185996 1c008788 00044503 lbu              x10, 0(x8)          x10=0000000a  x8:1c00005c  PA:1c00005c
11426494ns          186011 1c00878c 00140413 addi             x8, x8, 1            x8=1c00005d  x8:1c00005c
11426514ns          186012 1c00878e fe0514e3 bne              x10, x0, -24        x10:0000000a
11426593ns          186016 1c008776 02500793 addi             x15, x0, 37         x15=00000025
11426613ns          186017 1c00877a 04f50863 beq              x10, x15, 80        x10:0000000a x15:00000025
11426633ns          186018 1c00877e 01a005b3 add              x11, x0, x26        x11=00000002 x26:00000002
11426653ns          186019 1c008780 000b00e7 jalr             x1, x22, 0           x1=1c008782 x22:1c0086b4
11426693ns          186021 1c0086b4 000026b7 lui              x13, 0x2000         x13=00002000
11426712ns          186022 1c0086b6 f14027f3 csrrs            x15, x0, 0xf14      x15=00000002
11426732ns          186023 1c0086ba f8068693 addi             x13, x13, -128      x13=00001f80 x13:00002000
11426752ns          186024 1c0086be 00379713 slli             x14, x15, 0x3       x14=00000010 x15:00000002
11426772ns          186025 1c0086c2 00279793 slli             x15, x15, 0x2       x15=00000008 x15:00000002
11426792ns          186026 1c0086c4 00d7f7b3 and              x15, x15, x13       x15=00000000 x15:00000008 x13:00001f80
11426812ns          186027 1c0086c6 ee873733 p.bclr           x14, x14, 23, 8     x14=00000010 x14:00000010
11426832ns          186028 1c0086ca 1a10f6b7 lui              x13, 0x1a10f000     x13=1a10f000
11426852ns          186029 1c0086ce 0ff57513 andi             x10, x10, 255       x10=0000000a x10:0000000a
11426872ns          186030 1c0086d2 00d70733 add              x14, x14, x13       x14=1a10f010 x14:00000010 x13:1a10f000
11426892ns          186031 1c0086d4 00a7e723 p.sw             x10, x0(x15)        x10:0000000a x15:00000000  PA:1a10f010
11427230ns          186048 1c0086d8 00000513 addi             x10, x0, 0          x10=00000000
11427250ns          186049 1c0086da 00008067 jalr             x0, x1, 0            x1:1c008782
11427309ns          186052 1c008782 31f52563 p.beqimm         x10, 778            x10:00000000
11427329ns          186053 1c008786 001d8d93 addi             x27, x27, 1         x27=0000003e x27:0000003d
11427349ns          186054 1c008788 00044503 lbu              x10, 0(x8)          x10=00000000  x8:1c00005d  PA:1c00005d
11427647ns          186069 1c00878c 00140413 addi             x8, x8, 1            x8=1c00005e  x8:1c00005d
11427667ns          186070 1c00878e fe0514e3 bne              x10, x0, -24        x10:00000000
11427687ns          186071 1c008790 01b00433 add              x8, x0, x27          x8=0000003e x27:0000003e
11427707ns          186072 1c008792 00800533 add              x10, x0, x8         x10=0000003e  x8:0000003e
11427727ns          186073 1c008794 12c12083 lw               x1, 300(x2)          x1=1c008720  x2:10001678  PA:100017a4
11427747ns          186074 1c008798 12812403 lw               x8, 296(x2)          x8=00000002  x2:10001678  PA:100017a0
11427767ns          186075 1c00879c 12412483 lw               x9, 292(x2)          x9=xxxxxxxx  x2:10001678  PA:1000179c
11428085ns          186091 1c0087a0 12012903 lw               x18, 288(x2)        x18=xxxxxxxx  x2:10001678  PA:10001798
11428125ns          186093 1c0087a4 11c12983 lw               x19, 284(x2)        x19=xxxxxxxx  x2:10001678  PA:10001794
11428145ns          186094 1c0087a8 11812a03 lw               x20, 280(x2)        x20=xxxxxxxx  x2:10001678  PA:10001790
11428165ns          186095 1c0087ac 11412a83 lw               x21, 276(x2)        x21=xxxxxxxx  x2:10001678  PA:1000178c
11428602ns          186117 1c0087b0 11012b03 lw               x22, 272(x2)        x22=xxxxxxxx  x2:10001678  PA:10001788
11428642ns          186119 1c0087b4 10c12b83 lw               x23, 268(x2)        x23=xxxxxxxx  x2:10001678  PA:10001784
11428662ns          186120 1c0087b8 10812c03 lw               x24, 264(x2)        x24=xxxxxxxx  x2:10001678  PA:10001780
11428682ns          186121 1c0087bc 10412c83 lw               x25, 260(x2)        x25=xxxxxxxx  x2:10001678  PA:1000177c
11428702ns          186122 1c0087c0 10012d03 lw               x26, 256(x2)        x26=xxxxxxxx  x2:10001678  PA:10001778
11428721ns          186123 1c0087c4 0fc12d83 lw               x27, 252(x2)        x27=xxxxxxxx  x2:10001678  PA:10001774
11428741ns          186124 1c0087c6 13010113 addi             x2, x2, 304          x2=100017a8  x2:10001678
11428761ns          186125 1c0087c8 00008067 jalr             x0, x1, 0            x1:1c008720
11428841ns          186129 1c008720 01c12083 lw               x1, 28(x2)           x1=1c00818a  x2:100017a8  PA:100017c4
11428861ns          186130 1c008722 04010113 addi             x2, x2, 64           x2=100017e8  x2:100017a8
11428900ns          186132 1c008724 00008067 jalr             x0, x1, 0            x1:1c00818a
11429398ns          186157 1c00818a 00d010ef jal              x1, 6156             x1=1c00818e
11430014ns          186188 1c009996 f14027f3 csrrs            x15, x0, 0xf14      x15=00000002
11430034ns          186189 1c00999a 01f00713 addi             x14, x0, 31         x14=0000001f
11430054ns          186190 1c00999c ca5797b3 p.extractu       x15, x15, 5, 5      x15=00000000 x15:00000002
11430094ns          186192 1c0099a0 00e78863 beq              x15, x14, 16        x15:00000000 x14:0000001f
11430134ns          186194 1c0099a4 002047b7 lui              x15, 0x204000       x15=00204000
11430154ns          186195 1c0099a8 20078793 addi             x15, x15, 512       x15=00204200 x15:00204000
11430173ns          186196 1c0099ac 01c7e703 p.elw            x14, 28(x15)        x14=00010000 x15:00204200  PA:0020421c
11430313ns          186203 1c0099b0 00008067 jalr             x0, x1, 0            x1:1c00818e
11430352ns          186205 1c00818e 00c12083 lw               x1, 12(x2)           x1=1c0098a6  x2:100017e8  PA:100017f4
11430870ns          186231 1c008190 00812403 lw               x8, 8(x2)            x8=xxxxxxxx  x2:100017e8  PA:100017f0
11430890ns          186232 1c008192 00000513 addi             x10, x0, 0          x10=00000000
11430909ns          186233 1c008194 01010113 addi             x2, x2, 16           x2=100017f8  x2:100017e8
11430929ns          186234 1c008196 00008067 jalr             x0, x1, 0            x1:1c0098a6
11431049ns          186240 1c0098a6 f14027f3 csrrs            x15, x0, 0xf14      x15=00000002
11431069ns          186241 1c0098aa f457b7b3 p.bclr           x15, x15, 26, 5     x15=00000002 x15:00000002
11431088ns          186242 1c0098ae 00079963 bne              x15, x0, 18         x15:00000002
11431626ns          186269 1c0098c0 002047b7 lui              x15, 0x204000       x15=00204000
11431665ns          186271 1c0098c4 fff00713 addi             x14, x0, -1         x14=ffffffff
11431685ns          186272 1c0098c6 00e7a223 sw               x14, 4(x15)         x14:ffffffff x15:00204000  PA:00204004
