                Time          Cycles PC       Instr    Mnemonic
11267288ns          178007 1c008080 0640006f jal              x0, 100            
11267746ns          178030 1c0080e4 f1402573 csrrs            x10, x0, 0xf14      x10=00000001
11267785ns          178032 1c0080e8 01f57593 andi             x11, x10, 31        x11=00000001 x10:00000001
11267805ns          178033 1c0080ec 00555513 srli             x10, x10, 0x5       x10=00000000 x10:00000001
11267825ns          178034 1c0080ee 01f00613 addi             x12, x0, 31         x12=0000001f
11268243ns          178055 1c0080f0 00c50463 beq              x10, x12, 8         x10:00000000 x12:0000001f
11268283ns          178057 1c0080f4 fa1ff06f jal              x0, -96            
11268740ns          178080 1c008094 f3ff8117 auipc            x2, 0xf3ff8000       x2=10000094
11268780ns          178082 1c008098 f7010113 addi             x2, x2, -144         x2=10000004  x2:10000094
11268800ns          178083 1c00809c 00012103 lw               x2, 0(x2)            x2=10000008  x2:10000004  PA:10000004
11269237ns          178105 1c0080a0 000011b7 lui              x3, 0x1000           x3=00001000
11269277ns          178107 1c0080a4 80018193 addi             x3, x3, -2048        x3=00000800  x3:00001000
11269297ns          178108 1c0080a8 00158593 addi             x11, x11, 1         x11=00000002 x11:00000001
11269317ns          178109 1c0080ac 02b180b3 mul              x1, x3, x11          x1=00001000  x3:00000800 x11:00000002
11269755ns          178131 1c0080b0 00110133 add              x2, x2, x1           x2=10001008  x2:10000008  x1:00001000
11269794ns          178133 1c0080b4 7cc0106f jal              x0, 6092           
11270272ns          178157 1c009880 ff010113 addi             x2, x2, -16          x2=10000ff8  x2:10001008
11270292ns          178158 1c009882 00112623 sw               x1, 12(x2)           x1:00001000  x2:10000ff8  PA:10001004
11270312ns          178159 1c009884 002047b7 lui              x15, 0x204000       x15=00204000
11270331ns          178160 1c009888 00070737 lui              x14, 0x70000        x14=00070000
11270351ns          178161 1c00988c 00e7a423 sw               x14, 8(x15)         x14:00070000 x15:00204000  PA:00204008
11270371ns          178162 1c00988e 00f00713 addi             x14, x0, 15         x14=0000000f
11270789ns          178183 1c009890 20078793 addi             x15, x15, 512       x15=00204200 x15:00204000
11270829ns          178185 1c009894 00e7a023 sw               x14, 0(x15)         x14:0000000f x15:00204200  PA:00204200
11270849ns          178186 1c009898 00e7a623 sw               x14, 12(x15)        x14:0000000f x15:00204200  PA:0020420c
11270868ns          178187 1c00989c 1c0017b7 lui              x15, 0x1c001000     x15=1c001000
11271306ns          178209 1c0098a0 8b47a783 lw               x15, -1868(x15)     x15=1c00813e x15:1c001000  PA:1c0008b4
11271664ns          178227 1c0098a4 000780e7 jalr             x1, x15, 0           x1=1c0098a6 x15:1c00813e
11272858ns          178287 1c00813e f14025f3 csrrs            x11, x0, 0xf14      x11=00000001
11272897ns          178289 1c008142 ca5597b3 p.extractu       x15, x11, 5, 5      x15=00000000 x11:00000001
11272917ns          178290 1c008146 04079963 bne              x15, x0, 82         x15:00000000
11272937ns          178291 1c008148 ff010113 addi             x2, x2, -16          x2=10000fe8  x2:10000ff8
11272957ns          178292 1c00814a 00812423 sw               x8, 8(x2)            x8:xxxxxxxx  x2:10000fe8  PA:10000ff0
11272977ns          178293 1c00814c 00112623 sw               x1, 12(x2)           x1:1c0098a6  x2:10000fe8  PA:10000ff4
11273375ns          178313 1c00814e f455b433 p.bclr           x8, x11, 26, 5       x8=00000001 x11:00000001
11273414ns          178315 1c008152 045010ef jal              x1, 6212             x1=1c008156
11273912ns          178340 1c009996 f14027f3 csrrs            x15, x0, 0xf14      x15=00000001
11273932ns          178341 1c00999a 01f00713 addi             x14, x0, 31         x14=0000001f
11273952ns          178342 1c00999c ca5797b3 p.extractu       x15, x15, 5, 5      x15=00000000 x15:00000001
11274389ns          178364 1c0099a0 00e78863 beq              x15, x14, 16        x15:00000000 x14:0000001f
11274429ns          178366 1c0099a4 002047b7 lui              x15, 0x204000       x15=00204000
11274449ns          178367 1c0099a8 20078793 addi             x15, x15, 512       x15=00204200 x15:00204000
11274469ns          178368 1c0099ac 01c7e703 p.elw            x14, 28(x15)        x14=00010000 x15:00204200  PA:0020421c
11274906ns          178390 1c0099b0 00008067 jalr             x0, x1, 0            x1:1c008156
11274966ns          178393 1c008156 c0002673 csrrs            x12, x0, 0xc00      x12=00000000
11274986ns          178394 1c00815a 001c0737 lui              x14, 0x1c0000       x14=001c0000
11275006ns          178395 1c00815e 00870733 add              x14, x14, x8        x14=001c0001 x14:001c0000  x8:00000001
11275423ns          178416 1c008160 00871713 slli             x14, x14, 0x8       x14=1c000100 x14:001c0001
11275463ns          178418 1c008162 032250fb lp.setupi        0x1, 0x32, 0x4     
11275483ns          178419 1c008166 0047268b p.lw             x13, 4(x14!)        x13=00000000 x14=1c000104 x14:1c000100  PA:1c000100
11275781ns          178434 1c00816a 00000013 nop                                 
11275801ns          178435 1c008166 0047268b p.lw             x13, 4(x14!)        x13=00000000 x14=1c000108 x14:1c000104  PA:1c000104
11276100ns          178450 1c00816a 00000013 nop                                 
11276120ns          178451 1c008166 0047268b p.lw             x13, 4(x14!)        x13=00000000 x14=1c00010c x14:1c000108  PA:1c000108
11276418ns          178466 1c00816a 00000013 nop                                 
11276438ns          178467 1c008166 0047268b p.lw             x13, 4(x14!)        x13=00000000 x14=1c000110 x14:1c00010c  PA:1c00010c
11276756ns          178483 1c00816a 00000013 nop                                 
11276776ns          178484 1c008166 0047268b p.lw             x13, 4(x14!)        x13=00000000 x14=1c000114 x14:1c000110  PA:1c000110
11277074ns          178499 1c00816a 00000013 nop                                 
11277094ns          178500 1c008166 0047268b p.lw             x13, 4(x14!)        x13=00000000 x14=1c000118 x14:1c000114  PA:1c000114
11277393ns          178515 1c00816a 00000013 nop                                 
11277413ns          178516 1c008166 0047268b p.lw             x13, 4(x14!)        x13=00000000 x14=1c00011c x14:1c000118  PA:1c000118
11277711ns          178531 1c00816a 00000013 nop                                 
11277731ns          178532 1c008166 0047268b p.lw             x13, 4(x14!)        x13=00000000 x14=1c000120 x14:1c00011c  PA:1c00011c
11278029ns          178547 1c00816a 00000013 nop                                 
11278049ns          178548 1c008166 0047268b p.lw             x13, 4(x14!)        x13=00000000 x14=1c000124 x14:1c000120  PA:1c000120
11278347ns          178563 1c00816a 00000013 nop                                 
11278367ns          178564 1c008166 0047268b p.lw             x13, 4(x14!)        x13=00000000 x14=1c000128 x14:1c000124  PA:1c000124
11278666ns          178579 1c00816a 00000013 nop                                 
11278686ns          178580 1c008166 0047268b p.lw             x13, 4(x14!)        x13=00000000 x14=1c00012c x14:1c000128  PA:1c000128
11278984ns          178595 1c00816a 00000013 nop                                 
11279004ns          178596 1c008166 0047268b p.lw             x13, 4(x14!)        x13=00000000 x14=1c000130 x14:1c00012c  PA:1c00012c
11279302ns          178611 1c00816a 00000013 nop                                 
11279322ns          178612 1c008166 0047268b p.lw             x13, 4(x14!)        x13=00000000 x14=1c000134 x14:1c000130  PA:1c000130
11279620ns          178627 1c00816a 00000013 nop                                 
11279640ns          178628 1c008166 0047268b p.lw             x13, 4(x14!)        x13=00000000 x14=1c000138 x14:1c000134  PA:1c000134
11279939ns          178643 1c00816a 00000013 nop                                 
11279959ns          178644 1c008166 0047268b p.lw             x13, 4(x14!)        x13=00000000 x14=1c00013c x14:1c000138  PA:1c000138
11280257ns          178659 1c00816a 00000013 nop                                 
11280277ns          178660 1c008166 0047268b p.lw             x13, 4(x14!)        x13=00000000 x14=1c000140 x14:1c00013c  PA:1c00013c
11280575ns          178675 1c00816a 00000013 nop                                 
11280595ns          178676 1c008166 0047268b p.lw             x13, 4(x14!)        x13=00000000 x14=1c000144 x14:1c000140  PA:1c000140
11280893ns          178691 1c00816a 00000013 nop                                 
11280913ns          178692 1c008166 0047268b p.lw             x13, 4(x14!)        x13=00000000 x14=1c000148 x14:1c000144  PA:1c000144
11281212ns          178707 1c00816a 00000013 nop                                 
11281232ns          178708 1c008166 0047268b p.lw             x13, 4(x14!)        x13=00000000 x14=1c00014c x14:1c000148  PA:1c000148
11281530ns          178723 1c00816a 00000013 nop                                 
11281550ns          178724 1c008166 0047268b p.lw             x13, 4(x14!)        x13=00000000 x14=1c000150 x14:1c00014c  PA:1c00014c
11281848ns          178739 1c00816a 00000013 nop                                 
11281868ns          178740 1c008166 0047268b p.lw             x13, 4(x14!)        x13=00000000 x14=1c000154 x14:1c000150  PA:1c000150
11282186ns          178756 1c00816a 00000013 nop                                 
11282206ns          178757 1c008166 0047268b p.lw             x13, 4(x14!)        x13=00000000 x14=1c000158 x14:1c000154  PA:1c000154
11282505ns          178772 1c00816a 00000013 nop                                 
11282524ns          178773 1c008166 0047268b p.lw             x13, 4(x14!)        x13=00000000 x14=1c00015c x14:1c000158  PA:1c000158
11282823ns          178788 1c00816a 00000013 nop                                 
11282843ns          178789 1c008166 0047268b p.lw             x13, 4(x14!)        x13=00000000 x14=1c000160 x14:1c00015c  PA:1c00015c
11283141ns          178804 1c00816a 00000013 nop                                 
11283161ns          178805 1c008166 0047268b p.lw             x13, 4(x14!)        x13=00000000 x14=1c000164 x14:1c000160  PA:1c000160
11283479ns          178821 1c00816a 00000013 nop                                 
11283499ns          178822 1c008166 0047268b p.lw             x13, 4(x14!)        x13=00000000 x14=1c000168 x14:1c000164  PA:1c000164
11283797ns          178837 1c00816a 00000013 nop                                 
11283817ns          178838 1c008166 0047268b p.lw             x13, 4(x14!)        x13=00000000 x14=1c00016c x14:1c000168  PA:1c000168
11284116ns          178853 1c00816a 00000013 nop                                 
11284136ns          178854 1c008166 0047268b p.lw             x13, 4(x14!)        x13=00000000 x14=1c000170 x14:1c00016c  PA:1c00016c
11284434ns          178869 1c00816a 00000013 nop                                 
11284454ns          178870 1c008166 0047268b p.lw             x13, 4(x14!)        x13=00000000 x14=1c000174 x14:1c000170  PA:1c000170
11284772ns          178886 1c00816a 00000013 nop                                 
11284792ns          178887 1c008166 0047268b p.lw             x13, 4(x14!)        x13=00000000 x14=1c000178 x14:1c000174  PA:1c000174
11285090ns          178902 1c00816a 00000013 nop                                 
11285110ns          178903 1c008166 0047268b p.lw             x13, 4(x14!)        x13=00000000 x14=1c00017c x14:1c000178  PA:1c000178
11285409ns          178918 1c00816a 00000013 nop                                 
11285428ns          178919 1c008166 0047268b p.lw             x13, 4(x14!)        x13=00000000 x14=1c000180 x14:1c00017c  PA:1c00017c
11285727ns          178934 1c00816a 00000013 nop                                 
11285747ns          178935 1c008166 0047268b p.lw             x13, 4(x14!)        x13=00000000 x14=1c000184 x14:1c000180  PA:1c000180
11286065ns          178951 1c00816a 00000013 nop                                 
11286085ns          178952 1c008166 0047268b p.lw             x13, 4(x14!)        x13=00000000 x14=1c000188 x14:1c000184  PA:1c000184
11286403ns          178968 1c00816a 00000013 nop                                 
11286423ns          178969 1c008166 0047268b p.lw             x13, 4(x14!)        x13=00000000 x14=1c00018c x14:1c000188  PA:1c000188
11286721ns          178984 1c00816a 00000013 nop                                 
11286741ns          178985 1c008166 0047268b p.lw             x13, 4(x14!)        x13=00000000 x14=1c000190 x14:1c00018c  PA:1c00018c
11287040ns          179000 1c00816a 00000013 nop                                 
11287060ns          179001 1c008166 0047268b p.lw             x13, 4(x14!)        x13=00000000 x14=1c000194 x14:1c000190  PA:1c000190
11287358ns          179016 1c00816a 00000013 nop                                 
11287378ns          179017 1c008166 0047268b p.lw             x13, 4(x14!)        x13=00000000 x14=1c000198 x14:1c000194  PA:1c000194
11287696ns          179033 1c00816a 00000013 nop                                 
11287716ns          179034 1c008166 0047268b p.lw             x13, 4(x14!)        x13=00000000 x14=1c00019c x14:1c000198  PA:1c000198
11288014ns          179049 1c00816a 00000013 nop                                 
11288034ns          179050 1c008166 0047268b p.lw             x13, 4(x14!)        x13=00000000 x14=1c0001a0 x14:1c00019c  PA:1c00019c
11288333ns          179065 1c00816a 00000013 nop                                 
11288352ns          179066 1c008166 0047268b p.lw             x13, 4(x14!)        x13=00000000 x14=1c0001a4 x14:1c0001a0  PA:1c0001a0
11288651ns          179081 1c00816a 00000013 nop                                 
11288671ns          179082 1c008166 0047268b p.lw             x13, 4(x14!)        x13=00000000 x14=1c0001a8 x14:1c0001a4  PA:1c0001a4
11288969ns          179097 1c00816a 00000013 nop                                 
11288989ns          179098 1c008166 0047268b p.lw             x13, 4(x14!)        x13=00000000 x14=1c0001ac x14:1c0001a8  PA:1c0001a8
11289287ns          179113 1c00816a 00000013 nop                                 
11289307ns          179114 1c008166 0047268b p.lw             x13, 4(x14!)        x13=00000000 x14=1c0001b0 x14:1c0001ac  PA:1c0001ac
11289606ns          179129 1c00816a 00000013 nop                                 
11289625ns          179130 1c008166 0047268b p.lw             x13, 4(x14!)        x13=00000000 x14=1c0001b4 x14:1c0001b0  PA:1c0001b0
11289924ns          179145 1c00816a 00000013 nop                                 
11289944ns          179146 1c008166 0047268b p.lw             x13, 4(x14!)        x13=00000000 x14=1c0001b8 x14:1c0001b4  PA:1c0001b4
11290242ns          179161 1c00816a 00000013 nop                                 
11290262ns          179162 1c008166 0047268b p.lw             x13, 4(x14!)        x13=00000000 x14=1c0001bc x14:1c0001b8  PA:1c0001b8
11290560ns          179177 1c00816a 00000013 nop                                 
11290580ns          179178 1c008166 0047268b p.lw             x13, 4(x14!)        x13=00000000 x14=1c0001c0 x14:1c0001bc  PA:1c0001bc
11290879ns          179193 1c00816a 00000013 nop                                 
11290898ns          179194 1c008166 0047268b p.lw             x13, 4(x14!)        x13=00000000 x14=1c0001c4 x14:1c0001c0  PA:1c0001c0
11291197ns          179209 1c00816a 00000013 nop                                 
11291217ns          179210 1c008166 0047268b p.lw             x13, 4(x14!)        x13=00000000 x14=1c0001c8 x14:1c0001c4  PA:1c0001c4
11291515ns          179225 1c00816a 00000013 nop                                 
11291535ns          179226 1c00816c c00026f3 csrrs            x13, x0, 0xc00      x13=00000000
11291555ns          179227 1c008170 03200713 addi             x14, x0, 50         x14=00000032
11291575ns          179228 1c008174 40c686b3 sub              x13, x13, x12       x13=00000000 x13:00000000 x12:00000000
11291595ns          179229 1c008176 02e6d733 divu             x14, x13, x14       x14=00000000 x13:00000000 x14:00000032
11292171ns          179258 1c00817a 1c000537 lui              x10, 0x1c000000     x10=1c000000
11292191ns          179259 1c00817e 008005b3 add              x11, x0, x8         x11=00000001  x8:00000001
11292211ns          179260 1c008180 03200613 addi             x12, x0, 50         x12=00000032
11292231ns          179261 1c008184 01c50513 addi             x10, x10, 28        x10=1c00001c x10:1c000000
11292251ns          179262 1c008188 570000ef jal              x1, 1392             x1=1c00818a
11293166ns          179308 1c0086f8 fc010113 addi             x2, x2, -64          x2=10000fa8  x2:10000fe8
11293206ns          179310 1c0086fa 02410313 addi             x6, x2, 36           x6=10000fcc  x2:10000fa8
11293226ns          179311 1c0086fe 02c12423 sw               x12, 40(x2)         x12:00000032  x2:10000fa8  PA:10000fd0
11293643ns          179332 1c008700 00a00633 add              x12, x0, x10        x12=1c00001c x10:1c00001c
11293683ns          179334 1c008702 1c008537 lui              x10, 0x1c008000     x10=1c008000
11293703ns          179335 1c008706 02b12223 sw               x11, 36(x2)         x11:00000001  x2:10000fa8  PA:10000fcc
11293723ns          179336 1c008708 02d12623 sw               x13, 44(x2)         x13:00000000  x2:10000fa8  PA:10000fd4
11293743ns          179337 1c00870a 00200593 addi             x11, x0, 2          x11=00000002
11293763ns          179338 1c00870c 006006b3 add              x13, x0, x6         x13=10000fcc  x6:10000fcc
11294180ns          179359 1c00870e 6b450513 addi             x10, x10, 1716      x10=1c0086b4 x10:1c008000
11294200ns          179360 1c008712 00112e23 sw               x1, 28(x2)           x1:1c00818a  x2:10000fa8  PA:10000fc4
11294220ns          179361 1c008714 02e12823 sw               x14, 48(x2)         x14:00000000  x2:10000fa8  PA:10000fd8
11294240ns          179362 1c008716 02f12a23 sw               x15, 52(x2)         x15:00204200  x2:10000fa8  PA:10000fdc
11294260ns          179363 1c008718 03012c23 sw               x16, 56(x2)         x16:xxxxxxxx  x2:10000fa8  PA:10000fe0
11294280ns          179364 1c00871a 03112e23 sw               x17, 60(x2)         x17:xxxxxxxx  x2:10000fa8  PA:10000fe4
11294300ns          179365 1c00871c 00612623 sw               x6, 12(x2)           x6:10000fcc  x2:10000fa8  PA:10000fb4
11294320ns          179366 1c00871e fbfff0ef jal              x1, -66              x1=1c008720
11295155ns          179408 1c0086dc 04a0006f jal              x0, 74             
11295195ns          179410 1c008726 ed010113 addi             x2, x2, -304         x2=10000e78  x2:10000fa8
11295215ns          179411 1c008728 12812423 sw               x8, 296(x2)          x8:00000001  x2:10000e78  PA:10000fa0
11295235ns          179412 1c00872c 00000413 addi             x8, x0, 0            x8=00000000
11295692ns          179435 1c00872e 11612823 sw               x22, 272(x2)        x22:xxxxxxxx  x2:10000e78  PA:10000f88
11295732ns          179437 1c008732 11712623 sw               x23, 268(x2)        x23:xxxxxxxx  x2:10000e78  PA:10000f84
11295752ns          179438 1c008736 11812423 sw               x24, 264(x2)        x24:xxxxxxxx  x2:10000e78  PA:10000f80
11295772ns          179439 1c00873a 11912223 sw               x25, 260(x2)        x25:xxxxxxxx  x2:10000e78  PA:10000f7c
11296209ns          179461 1c00873e 11a12023 sw               x26, 256(x2)        x26:xxxxxxxx  x2:10000e78  PA:10000f78
11296229ns          179462 1c008742 0fb12e23 sw               x27, 252(x2)        x27:xxxxxxxx  x2:10000e78  PA:10000f74
11296249ns          179463 1c008744 12112623 sw               x1, 300(x2)          x1:1c008720  x2:10000e78  PA:10000fa4
11296269ns          179464 1c008748 00800db3 add              x27, x0, x8         x27=00000000  x8:00000000
11296289ns          179465 1c00874a 12912223 sw               x9, 292(x2)          x9:xxxxxxxx  x2:10000e78  PA:10000f9c
11296726ns          179487 1c00874e 13212023 sw               x18, 288(x2)        x18:xxxxxxxx  x2:10000e78  PA:10000f98
11296766ns          179489 1c008752 11312e23 sw               x19, 284(x2)        x19:xxxxxxxx  x2:10000e78  PA:10000f94
11296786ns          179490 1c008756 11412c23 sw               x20, 280(x2)        x20:xxxxxxxx  x2:10000e78  PA:10000f90
11296806ns          179491 1c00875a 11512a23 sw               x21, 276(x2)        x21:xxxxxxxx  x2:10000e78  PA:10000f8c
11296826ns          179492 1c00875e 00a00b33 add              x22, x0, x10        x22=1c0086b4 x10:1c0086b4
11297244ns          179513 1c008760 00b00d33 add              x26, x0, x11        x26=00000002 x11:00000002
11297263ns          179514 1c008762 00d00c33 add              x24, x0, x13        x24=10000fcc x13:10000fcc
11297283ns          179515 1c008764 1c000bb7 lui              x23, 0x1c000000     x23=1c000000
11297303ns          179516 1c008768 02410c93 addi             x25, x2, 36         x25=10000e9c  x2:10000e78
11297323ns          179517 1c00876c 00c00433 add              x8, x0, x12          x8=1c00001c x12:1c00001c
11297761ns          179539 1c00876e 00044503 lbu              x10, 0(x8)          x10=00000043  x8:1c00001c  PA:1c00001c
11298079ns          179555 1c008772 00140413 addi             x8, x8, 1            x8=1c00001d  x8:1c00001c
11298099ns          179556 1c008774 00050e63 beq              x10, x0, 28         x10:00000043
11298119ns          179557 1c008776 02500793 addi             x15, x0, 37         x15=00000025
11298139ns          179558 1c00877a 04f50863 beq              x10, x15, 80        x10:00000043 x15:00000025
11298159ns          179559 1c00877e 01a005b3 add              x11, x0, x26        x11=00000002 x26:00000002
11298318ns          179567 1c008780 000b00e7 jalr             x1, x22, 0           x1=1c008782 x22:1c0086b4
11298775ns          179590 1c0086b4 000026b7 lui              x13, 0x2000         x13=00002000
11298815ns          179592 1c0086b6 f14027f3 csrrs            x15, x0, 0xf14      x15=00000001
11298835ns          179593 1c0086ba f8068693 addi             x13, x13, -128      x13=00001f80 x13:00002000
11299272ns          179615 1c0086be 00379713 slli             x14, x15, 0x3       x14=00000008 x15:00000001
11299292ns          179616 1c0086c2 00279793 slli             x15, x15, 0x2       x15=00000004 x15:00000001
11299312ns          179617 1c0086c4 00d7f7b3 and              x15, x15, x13       x15=00000000 x15:00000004 x13:00001f80
11299332ns          179618 1c0086c6 ee873733 p.bclr           x14, x14, 23, 8     x14=00000008 x14:00000008
11299352ns          179619 1c0086ca 1a10f6b7 lui              x13, 0x1a10f000     x13=1a10f000
11299372ns          179620 1c0086ce 0ff57513 andi             x10, x10, 255       x10=00000043 x10:00000043
11299392ns          179621 1c0086d2 00d70733 add              x14, x14, x13       x14=1a10f008 x14:00000008 x13:1a10f000
11299412ns          179622 1c0086d4 00a7e723 p.sw             x10, x0(x15)        x10:00000043 x15:00000000  PA:1a10f008
11299770ns          179640 1c0086d8 00000513 addi             x10, x0, 0          x10=00000000
11299790ns          179641 1c0086da 00008067 jalr             x0, x1, 0            x1:1c008782
11299929ns          179648 1c008782 31f52563 p.beqimm         x10, 778            x10:00000000
11299949ns          179649 1c008786 001d8d93 addi             x27, x27, 1         x27=00000001 x27:00000000
11299969ns          179650 1c008788 00044503 lbu              x10, 0(x8)          x10=0000006f  x8:1c00001d  PA:1c00001d
11300426ns          179673 1c00878c 00140413 addi             x8, x8, 1            x8=1c00001e  x8:1c00001d
11300446ns          179674 1c00878e fe0514e3 bne              x10, x0, -24        x10:0000006f
11300526ns          179678 1c008776 02500793 addi             x15, x0, 37         x15=00000025
11300545ns          179679 1c00877a 04f50863 beq              x10, x15, 80        x10:0000006f x15:00000025
11300565ns          179680 1c00877e 01a005b3 add              x11, x0, x26        x11=00000002 x26:00000002
11300585ns          179681 1c008780 000b00e7 jalr             x1, x22, 0           x1=1c008782 x22:1c0086b4
11300625ns          179683 1c0086b4 000026b7 lui              x13, 0x2000         x13=00002000
11300645ns          179684 1c0086b6 f14027f3 csrrs            x15, x0, 0xf14      x15=00000001
11300665ns          179685 1c0086ba f8068693 addi             x13, x13, -128      x13=00001f80 x13:00002000
11300685ns          179686 1c0086be 00379713 slli             x14, x15, 0x3       x14=00000008 x15:00000001
11300705ns          179687 1c0086c2 00279793 slli             x15, x15, 0x2       x15=00000004 x15:00000001
11300724ns          179688 1c0086c4 00d7f7b3 and              x15, x15, x13       x15=00000000 x15:00000004 x13:00001f80
11300744ns          179689 1c0086c6 ee873733 p.bclr           x14, x14, 23, 8     x14=00000008 x14:00000008
11300764ns          179690 1c0086ca 1a10f6b7 lui              x13, 0x1a10f000     x13=1a10f000
11300784ns          179691 1c0086ce 0ff57513 andi             x10, x10, 255       x10=0000006f x10:0000006f
11300804ns          179692 1c0086d2 00d70733 add              x14, x14, x13       x14=1a10f008 x14:00000008 x13:1a10f000
11300824ns          179693 1c0086d4 00a7e723 p.sw             x10, x0(x15)        x10:0000006f x15:00000000  PA:1a10f008
11301162ns          179710 1c0086d8 00000513 addi             x10, x0, 0          x10=00000000
11301182ns          179711 1c0086da 00008067 jalr             x0, x1, 0            x1:1c008782
11301242ns          179714 1c008782 31f52563 p.beqimm         x10, 778            x10:00000000
11301262ns          179715 1c008786 001d8d93 addi             x27, x27, 1         x27=00000002 x27:00000001
11301281ns          179716 1c008788 00044503 lbu              x10, 0(x8)          x10=00000072  x8:1c00001e  PA:1c00001e
11301580ns          179731 1c00878c 00140413 addi             x8, x8, 1            x8=1c00001f  x8:1c00001e
11301600ns          179732 1c00878e fe0514e3 bne              x10, x0, -24        x10:00000072
11301679ns          179736 1c008776 02500793 addi             x15, x0, 37         x15=00000025
11301699ns          179737 1c00877a 04f50863 beq              x10, x15, 80        x10:00000072 x15:00000025
11301719ns          179738 1c00877e 01a005b3 add              x11, x0, x26        x11=00000002 x26:00000002
11301739ns          179739 1c008780 000b00e7 jalr             x1, x22, 0           x1=1c008782 x22:1c0086b4
11301779ns          179741 1c0086b4 000026b7 lui              x13, 0x2000         x13=00002000
11301799ns          179742 1c0086b6 f14027f3 csrrs            x15, x0, 0xf14      x15=00000001
11301818ns          179743 1c0086ba f8068693 addi             x13, x13, -128      x13=00001f80 x13:00002000
11301838ns          179744 1c0086be 00379713 slli             x14, x15, 0x3       x14=00000008 x15:00000001
11301858ns          179745 1c0086c2 00279793 slli             x15, x15, 0x2       x15=00000004 x15:00000001
11301878ns          179746 1c0086c4 00d7f7b3 and              x15, x15, x13       x15=00000000 x15:00000004 x13:00001f80
11301898ns          179747 1c0086c6 ee873733 p.bclr           x14, x14, 23, 8     x14=00000008 x14:00000008
11301918ns          179748 1c0086ca 1a10f6b7 lui              x13, 0x1a10f000     x13=1a10f000
11301938ns          179749 1c0086ce 0ff57513 andi             x10, x10, 255       x10=00000072 x10:00000072
11301958ns          179750 1c0086d2 00d70733 add              x14, x14, x13       x14=1a10f008 x14:00000008 x13:1a10f000
11301978ns          179751 1c0086d4 00a7e723 p.sw             x10, x0(x15)        x10:00000072 x15:00000000  PA:1a10f008
11302296ns          179767 1c0086d8 00000513 addi             x10, x0, 0          x10=00000000
11302316ns          179768 1c0086da 00008067 jalr             x0, x1, 0            x1:1c008782
11302375ns          179771 1c008782 31f52563 p.beqimm         x10, 778            x10:00000000
11302395ns          179772 1c008786 001d8d93 addi             x27, x27, 1         x27=00000003 x27:00000002
11302415ns          179773 1c008788 00044503 lbu              x10, 0(x8)          x10=00000065  x8:1c00001f  PA:1c00001f
11302714ns          179788 1c00878c 00140413 addi             x8, x8, 1            x8=1c000020  x8:1c00001f
11302733ns          179789 1c00878e fe0514e3 bne              x10, x0, -24        x10:00000065
11302813ns          179793 1c008776 02500793 addi             x15, x0, 37         x15=00000025
11302833ns          179794 1c00877a 04f50863 beq              x10, x15, 80        x10:00000065 x15:00000025
11302853ns          179795 1c00877e 01a005b3 add              x11, x0, x26        x11=00000002 x26:00000002
11302873ns          179796 1c008780 000b00e7 jalr             x1, x22, 0           x1=1c008782 x22:1c0086b4
11302912ns          179798 1c0086b4 000026b7 lui              x13, 0x2000         x13=00002000
11302932ns          179799 1c0086b6 f14027f3 csrrs            x15, x0, 0xf14      x15=00000001
11302952ns          179800 1c0086ba f8068693 addi             x13, x13, -128      x13=00001f80 x13:00002000
11302972ns          179801 1c0086be 00379713 slli             x14, x15, 0x3       x14=00000008 x15:00000001
11302992ns          179802 1c0086c2 00279793 slli             x15, x15, 0x2       x15=00000004 x15:00000001
11303012ns          179803 1c0086c4 00d7f7b3 and              x15, x15, x13       x15=00000000 x15:00000004 x13:00001f80
11303032ns          179804 1c0086c6 ee873733 p.bclr           x14, x14, 23, 8     x14=00000008 x14:00000008
11303052ns          179805 1c0086ca 1a10f6b7 lui              x13, 0x1a10f000     x13=1a10f000
11303072ns          179806 1c0086ce 0ff57513 andi             x10, x10, 255       x10=00000065 x10:00000065
11303091ns          179807 1c0086d2 00d70733 add              x14, x14, x13       x14=1a10f008 x14:00000008 x13:1a10f000
11303111ns          179808 1c0086d4 00a7e723 p.sw             x10, x0(x15)        x10:00000065 x15:00000000  PA:1a10f008
11303469ns          179826 1c0086d8 00000513 addi             x10, x0, 0          x10=00000000
11303489ns          179827 1c0086da 00008067 jalr             x0, x1, 0            x1:1c008782
11303549ns          179830 1c008782 31f52563 p.beqimm         x10, 778            x10:00000000
11303569ns          179831 1c008786 001d8d93 addi             x27, x27, 1         x27=00000004 x27:00000003
11303589ns          179832 1c008788 00044503 lbu              x10, 0(x8)          x10=00000020  x8:1c000020  PA:1c000020
11303887ns          179847 1c00878c 00140413 addi             x8, x8, 1            x8=1c000021  x8:1c000020
11303907ns          179848 1c00878e fe0514e3 bne              x10, x0, -24        x10:00000020
11303987ns          179852 1c008776 02500793 addi             x15, x0, 37         x15=00000025
11304006ns          179853 1c00877a 04f50863 beq              x10, x15, 80        x10:00000020 x15:00000025
11304026ns          179854 1c00877e 01a005b3 add              x11, x0, x26        x11=00000002 x26:00000002
11304046ns          179855 1c008780 000b00e7 jalr             x1, x22, 0           x1=1c008782 x22:1c0086b4
11304086ns          179857 1c0086b4 000026b7 lui              x13, 0x2000         x13=00002000
11304106ns          179858 1c0086b6 f14027f3 csrrs            x15, x0, 0xf14      x15=00000001
11304126ns          179859 1c0086ba f8068693 addi             x13, x13, -128      x13=00001f80 x13:00002000
11304146ns          179860 1c0086be 00379713 slli             x14, x15, 0x3       x14=00000008 x15:00000001
11304166ns          179861 1c0086c2 00279793 slli             x15, x15, 0x2       x15=00000004 x15:00000001
11304185ns          179862 1c0086c4 00d7f7b3 and              x15, x15, x13       x15=00000000 x15:00000004 x13:00001f80
11304205ns          179863 1c0086c6 ee873733 p.bclr           x14, x14, 23, 8     x14=00000008 x14:00000008
11304225ns          179864 1c0086ca 1a10f6b7 lui              x13, 0x1a10f000     x13=1a10f000
11304245ns          179865 1c0086ce 0ff57513 andi             x10, x10, 255       x10=00000020 x10:00000020
11304265ns          179866 1c0086d2 00d70733 add              x14, x14, x13       x14=1a10f008 x14:00000008 x13:1a10f000
11304285ns          179867 1c0086d4 00a7e723 p.sw             x10, x0(x15)        x10:00000020 x15:00000000  PA:1a10f008
11304603ns          179883 1c0086d8 00000513 addi             x10, x0, 0          x10=00000000
11304623ns          179884 1c0086da 00008067 jalr             x0, x1, 0            x1:1c008782
11304683ns          179887 1c008782 31f52563 p.beqimm         x10, 778            x10:00000000
11304703ns          179888 1c008786 001d8d93 addi             x27, x27, 1         x27=00000005 x27:00000004
11304723ns          179889 1c008788 00044503 lbu              x10, 0(x8)          x10=00000025  x8:1c000021  PA:1c000021
11305021ns          179904 1c00878c 00140413 addi             x8, x8, 1            x8=1c000022  x8:1c000021
11305041ns          179905 1c00878e fe0514e3 bne              x10, x0, -24        x10:00000025
11305120ns          179909 1c008776 02500793 addi             x15, x0, 37         x15=00000025
11305140ns          179910 1c00877a 04f50863 beq              x10, x15, 80        x10:00000025 x15:00000025
11305618ns          179934 1c0087ca 00044483 lbu              x9, 0(x8)            x9=00000064  x8:1c000022  PA:1c000022
11306115ns          179959 1c0087ce 02000693 addi             x13, x0, 32         x13=00000020
11306135ns          179960 1c0087d2 00140a93 addi             x21, x8, 1          x21=1c000023  x8:1c000022
11306155ns          179961 1c0087d6 009005b3 add              x11, x0, x9         x11=00000064  x9:00000064
11306175ns          179962 1c0087d8 064b8513 addi             x10, x23, 100       x10=1c000064 x23:1c000000
11306194ns          179963 1c0087dc 00d12823 sw               x13, 16(x2)         x13:00000020  x2:10000e78  PA:10000e88
11306214ns          179964 1c0087de 00012c23 sw               x0, 24(x2)           x2:10000e78  PA:10000e90
11306572ns          179982 1c0087e0 00012a23 sw               x0, 20(x2)           x2:10000e78  PA:10000e8c
11306592ns          179983 1c0087e2 00012e23 sw               x0, 28(x2)           x2:10000e78  PA:10000e94
11306612ns          179984 1c0087e4 00012623 sw               x0, 12(x2)           x2:10000e78  PA:10000e84
11306632ns          179985 1c0087e6 02300913 addi             x18, x0, 35         x18=00000023
11306652ns          179986 1c0087ea 02d00a13 addi             x20, x0, 45         x20=0000002d
11306672ns          179987 1c0087ee 015009b3 add              x19, x0, x21        x19=1c000023 x21:1c000023
11307090ns          180008 1c0087f0 e97ff0ef jal              x1, -362             x1=1c0087f2
11307607ns          180034 1c008686 00054783 lbu              x15, 0(x10)         x15=0000002d x10:1c000064  PA:1c000064
11308044ns          180056 1c00868a 0ff5f593 andi             x11, x11, 255       x11=00000064 x11:00000064
11308084ns          180058 1c00868e 00b78c63 beq              x15, x11, 24        x15:0000002d x11:00000064
11308104ns          180059 1c008692 00078b63 beq              x15, x0, 22         x15:0000002d
11308124ns          180060 1c008694 00150793 addi             x15, x10, 1         x15=1c000065 x10:1c000064
11308144ns          180061 1c008698 0040006f jal              x0, 4              
11308183ns          180063 1c00869c 00f00533 add              x10, x0, x15        x10=1c000065 x15:1c000065
11308621ns          180085 1c00869e 0017c70b p.lbu            x14, 1(x15!)        x14=0000002b x15=1c000066 x15:1c000065  PA:1c000065
11308939ns          180101 1c0086a2 feb71ce3 bne              x14, x11, -8        x14:0000002b x11:00000064
11308999ns          180104 1c00869a 00070763 beq              x14, x0, 14         x14:0000002b
11309019ns          180105 1c00869c 00f00533 add              x10, x0, x15        x10=1c000066 x15:1c000066
11309039ns          180106 1c00869e 0017c70b p.lbu            x14, 1(x15!)        x14=00000020 x15=1c000067 x15:1c000066  PA:1c000066
11309357ns          180122 1c0086a2 feb71ce3 bne              x14, x11, -8        x14:00000020 x11:00000064
11309417ns          180125 1c00869a 00070763 beq              x14, x0, 14         x14:00000020
11309437ns          180126 1c00869c 00f00533 add              x10, x0, x15        x10=1c000067 x15:1c000067
11309457ns          180127 1c00869e 0017c70b p.lbu            x14, 1(x15!)        x14=00000023 x15=1c000068 x15:1c000067  PA:1c000067
11309775ns          180143 1c0086a2 feb71ce3 bne              x14, x11, -8        x14:00000023 x11:00000064
11309834ns          180146 1c00869a 00070763 beq              x14, x0, 14         x14:00000023
11309854ns          180147 1c00869c 00f00533 add              x10, x0, x15        x10=1c000068 x15:1c000068
11309874ns          180148 1c00869e 0017c70b p.lbu            x14, 1(x15!)        x14=00000030 x15=1c000069 x15:1c000068  PA:1c000068
11310192ns          180164 1c0086a2 feb71ce3 bne              x14, x11, -8        x14:00000030 x11:00000064
11310252ns          180167 1c00869a 00070763 beq              x14, x0, 14         x14:00000030
11310272ns          180168 1c00869c 00f00533 add              x10, x0, x15        x10=1c000069 x15:1c000069
11310292ns          180169 1c00869e 0017c70b p.lbu            x14, 1(x15!)        x14=00000000 x15=1c00006a x15:1c000069  PA:1c000069
11310610ns          180185 1c0086a2 feb71ce3 bne              x14, x11, -8        x14:00000000 x11:00000064
11310670ns          180188 1c00869a 00070763 beq              x14, x0, 14         x14:00000000
11310730ns          180191 1c0086a8 0015b593 sltiu            x11, x11, 1         x11=00000000 x11:00000064
11310749ns          180192 1c0086ac 40b005b3 sub              x11, x0, x11        x11=00000000 x11:00000000
11310769ns          180193 1c0086b0 00b57533 and              x10, x10, x11       x10=00000000 x10:1c000069 x11:00000000
11310789ns          180194 1c0086b2 00008067 jalr             x0, x1, 0            x1:1c0087f2
11310829ns          180196 1c0087f2 02050a63 beq              x10, x0, 52         x10:00000000
11311366ns          180223 1c008826 02a00613 addi             x12, x0, 42         x12=0000002a
11311386ns          180224 1c00882a 2ac48663 beq              x9, x12, 684         x9:00000064 x12:0000002a
11311824ns          180246 1c00882e fd048613 addi             x12, x9, -48        x12=00000034  x9:00000064
11311843ns          180247 1c008832 00900593 addi             x11, x0, 9          x11=00000009
11311863ns          180248 1c008834 00000913 addi             x18, x0, 0          x18=00000000
11311883ns          180249 1c008836 28c5f063 bgeu             x11, x12, 640       x11:00000009 x12:00000034
11311903ns          180250 1c00883a 02e00693 addi             x13, x0, 46         x13=0000002e
11311923ns          180251 1c00883e fff00a13 addi             x20, x0, -1         x20=ffffffff
11312341ns          180272 1c008840 2ed48363 beq              x9, x13, 742         x9:00000064 x13:0000002e
11312380ns          180274 1c008844 1c0007b7 lui              x15, 0x1c000000     x15=1c000000
11312400ns          180275 1c008848 009005b3 add              x11, x0, x9         x11=00000064  x9:00000064
11312420ns          180276 1c00884a 06c78513 addi             x10, x15, 108       x10=1c00006c x15:1c000000
11312440ns          180277 1c00884e e39ff0ef jal              x1, -456             x1=1c008850
11312937ns          180302 1c008686 00054783 lbu              x15, 0(x10)         x15=00000068 x10:1c00006c  PA:1c00006c
11313236ns          180317 1c00868a 0ff5f593 andi             x11, x11, 255       x11=00000064 x11:00000064
11313256ns          180318 1c00868e 00b78c63 beq              x15, x11, 24        x15:00000068 x11:00000064
11313276ns          180319 1c008692 00078b63 beq              x15, x0, 22         x15:00000068
11313295ns          180320 1c008694 00150793 addi             x15, x10, 1         x15=1c00006d x10:1c00006c
11313315ns          180321 1c008698 0040006f jal              x0, 4              
11313355ns          180323 1c00869c 00f00533 add              x10, x0, x15        x10=1c00006d x15:1c00006d
11313375ns          180324 1c00869e 0017c70b p.lbu            x14, 1(x15!)        x14=0000006c x15=1c00006e x15:1c00006d  PA:1c00006d
11313693ns          180340 1c0086a2 feb71ce3 bne              x14, x11, -8        x14:0000006c x11:00000064
11313753ns          180343 1c00869a 00070763 beq              x14, x0, 14         x14:0000006c
11313773ns          180344 1c00869c 00f00533 add              x10, x0, x15        x10=1c00006e x15:1c00006e
11313793ns          180345 1c00869e 0017c70b p.lbu            x14, 1(x15!)        x14=0000004c x15=1c00006f x15:1c00006e  PA:1c00006e
11314131ns          180362 1c0086a2 feb71ce3 bne              x14, x11, -8        x14:0000004c x11:00000064
11314191ns          180365 1c00869a 00070763 beq              x14, x0, 14         x14:0000004c
11314210ns          180366 1c00869c 00f00533 add              x10, x0, x15        x10=1c00006f x15:1c00006f
11314230ns          180367 1c00869e 0017c70b p.lbu            x14, 1(x15!)        x14=0000007a x15=1c000070 x15:1c00006f  PA:1c00006f
11314549ns          180383 1c0086a2 feb71ce3 bne              x14, x11, -8        x14:0000007a x11:00000064
11314608ns          180386 1c00869a 00070763 beq              x14, x0, 14         x14:0000007a
11314628ns          180387 1c00869c 00f00533 add              x10, x0, x15        x10=1c000070 x15:1c000070
11314648ns          180388 1c00869e 0017c70b p.lbu            x14, 1(x15!)        x14=00000000 x15=1c000071 x15:1c000070  PA:1c000070
11314966ns          180404 1c0086a2 feb71ce3 bne              x14, x11, -8        x14:00000000 x11:00000064
11315026ns          180407 1c00869a 00070763 beq              x14, x0, 14         x14:00000000
11315086ns          180410 1c0086a8 0015b593 sltiu            x11, x11, 1         x11=00000000 x11:00000064
11315105ns          180411 1c0086ac 40b005b3 sub              x11, x0, x11        x11=00000000 x11:00000000
11315125ns          180412 1c0086b0 00b57533 and              x10, x10, x11       x10=00000000 x10:1c000070 x11:00000000
11315145ns          180413 1c0086b2 00008067 jalr             x0, x1, 0            x1:1c008850
11315185ns          180415 1c008850 01300433 add              x8, x0, x19          x8=1c000023 x19:1c000023
11315205ns          180416 1c008852 00050563 beq              x10, x0, 10         x10:00000000
11315265ns          180419 1c00885c 06700693 addi             x13, x0, 103        x13=00000067
11315702ns          180441 1c008860 2896d963 bge              x13, x9, 658        x13:00000067  x9:00000064
11316219ns          180467 1c008af2 06500693 addi             x13, x0, 101        x13=00000065
11316239ns          180468 1c008af6 12d4d563 bge              x9, x13, 298         x9:00000064 x13:00000065
11316259ns          180469 1c008afa 04700693 addi             x13, x0, 71         x13=00000047
11316697ns          180491 1c008afe dc96cbe3 blt              x13, x9, -554       x13:00000047  x9:00000064
11317174ns          180515 1c0088d4 06300693 addi             x13, x0, 99         x13=00000063
11317214ns          180517 1c0088d8 0ad488e3 beq              x9, x13, 2224        x9:00000064 x13:00000063
11317234ns          180518 1c0088dc 0096c9e3 blt              x13, x9, 2066       x13:00000063  x9:00000064
11318646ns          180589 1c0090ee 000c2583 lw               x11, 0(x24)         x11=00000001 x24:10000fcc  PA:10000fcc
11318666ns          180590 1c0090f2 004c0c13 addi             x24, x24, 4         x24=10000fd0 x24:10000fcc
11318686ns          180591 1c0090f4 3405cc63 blt              x11, x0, 856        x11:00000001
11318706ns          180592 1c0090f8 01412603 lw               x12, 20(x2)         x12=00000000  x2:10000e78  PA:10000e8c
11318745ns          180594 1c0090fa 00b006b3 add              x13, x0, x11        x13=00000001 x11:00000001
11318765ns          180595 1c0090fc 2e061863 bne              x12, x0, 752        x12:00000000
11319163ns          180615 1c009100 01812703 lw               x14, 24(x2)         x14=00000000  x2:10000e78  PA:10000e90
11319183ns          180616 1c009102 019007b3 add              x15, x0, x25        x15=10000e9c x25:10000e9c
11319203ns          180617 1c009104 00070763 beq              x14, x0, 14         x14:00000000
11319680ns          180641 1c009112 00f00733 add              x14, x0, x15        x14=10000e9c x15:10000e9c
11319720ns          180643 1c009114 00a00513 addi             x10, x0, 10         x10=0000000a
11319740ns          180644 1c009116 02a6f633 remu             x12, x13, x10       x12=00000001 x13:00000001 x10:0000000a
11320357ns          180675 1c00911a 02a6d6b3 divu             x13, x13, x10       x13=00000000 x13:00000001 x10:0000000a
11320973ns          180706 1c00911e 03060613 addi             x12, x12, 48        x12=00000031 x12:00000001
11320993ns          180707 1c009122 00c700ab p.sb             x12, 1(x14!)        x14=10000e9d x12:00000031 x14:10000e9c  PA:10000e9c
11321013ns          180708 1c009126 fe0698e3 bne              x13, x0, -16        x13:00000000
11321033ns          180709 1c009128 40f706b3 sub              x13, x14, x15       x13=00000001 x14:10000e9d x15:10000e9c
11321053ns          180710 1c00912c 0146dc63 bge              x13, x20, 24        x13:00000001 x20:ffffffff
11321928ns          180754 1c009144 00e006b3 add              x13, x0, x14        x13=10000e9d x14:10000e9d
11321968ns          180756 1c009146 fe068fab p.sb             x0, -1(x13!)        x13=10000e9c x13:10000e9d  PA:10000e9d
11321988ns          180757 1c00914a 00d7fc63 bgeu             x15, x13, 24        x15:10000e9c x13:10000e9c
11322883ns          180802 1c009162 01412783 lw               x15, 20(x2)         x15=00000000  x2:10000e78  PA:10000e8c
11322923ns          180804 1c009164 01812603 lw               x12, 24(x2)         x12=00000000  x2:10000e78  PA:10000e90
11322942ns          180805 1c009166 419704b3 sub              x9, x14, x25         x9=00000001 x14:10000e9d x25:10000e9c
11322962ns          180806 1c00916a 00c7e7b3 or               x15, x15, x12       x15=00000000 x15:00000000 x12:00000000
11322982ns          180807 1c00916c 00f12623 sw               x15, 12(x2)         x15:00000000  x2:10000e78  PA:10000e84
11323002ns          180808 1c00916e 00079363 bne              x15, x0, 6          x15:00000000
11323420ns          180829 1c009170 01f5d593 srli             x11, x11, 0x1f      x11=00000000 x11:00000001
11323440ns          180830 1c009172 00b12623 sw               x11, 12(x2)         x11:00000000  x2:10000e78  PA:10000e84
11323460ns          180831 1c009174 e3fa28e3 p.beqimm         x20, -464           x20:ffffffff
11323937ns          180855 1c008fa4 0c800793 addi             x15, x0, 200        x15=000000c8
11323977ns          180857 1c008fa8 9e97d0e3 bge              x15, x9, -1568      x15:000000c8  x9:00000001
11324912ns          180904 1c008988 0f24d163 bge              x9, x18, 226         x9:00000001 x18:00000000
11325429ns          180930 1c008a6a d00482e3 beq              x9, x0, -764         x9:00000001
11325449ns          180931 1c008a6e 01900933 add              x18, x0, x25        x18=10000e9c x25:10000e9c
11325866ns          180952 1c008a70 419d8db3 sub              x27, x27, x25       x27=effff169 x27:00000005 x25:10000e9c
11325906ns          180954 1c008a74 00a0006f jal              x0, 10             
11326384ns          180978 1c008a7e 0019450b p.lbu            x10, 1(x18!)        x10=00000031 x18=10000e9d x18:10000e9c  PA:10000e9c
11326403ns          180979 1c008a82 01a005b3 add              x11, x0, x26        x11=00000002 x26:00000002
11326423ns          180980 1c008a84 000b00e7 jalr             x1, x22, 0           x1=1c008a86 x22:1c0086b4
11326463ns          180982 1c0086b4 000026b7 lui              x13, 0x2000         x13=00002000
11326483ns          180983 1c0086b6 f14027f3 csrrs            x15, x0, 0xf14      x15=00000001
11326503ns          180984 1c0086ba f8068693 addi             x13, x13, -128      x13=00001f80 x13:00002000
11326523ns          180985 1c0086be 00379713 slli             x14, x15, 0x3       x14=00000008 x15:00000001
11326543ns          180986 1c0086c2 00279793 slli             x15, x15, 0x2       x15=00000004 x15:00000001
11326563ns          180987 1c0086c4 00d7f7b3 and              x15, x15, x13       x15=00000000 x15:00000004 x13:00001f80
11326582ns          180988 1c0086c6 ee873733 p.bclr           x14, x14, 23, 8     x14=00000008 x14:00000008
11326602ns          180989 1c0086ca 1a10f6b7 lui              x13, 0x1a10f000     x13=1a10f000
11326642ns          180991 1c0086ce 0ff57513 andi             x10, x10, 255       x10=00000031 x10:00000031
11326662ns          180992 1c0086d2 00d70733 add              x14, x14, x13       x14=1a10f008 x14:00000008 x13:1a10f000
11326682ns          180993 1c0086d4 00a7e723 p.sw             x10, x0(x15)        x10:00000031 x15:00000000  PA:1a10f008
11327040ns          181011 1c0086d8 00000513 addi             x10, x0, 0          x10=00000000
11327060ns          181012 1c0086da 00008067 jalr             x0, x1, 0            x1:1c008a86
11327100ns          181014 1c008a86 fff48493 addi             x9, x9, -1           x9=00000000  x9:00000001
11327119ns          181015 1c008a88 fff537e3 p.bneimm         x10, -18            x10:00000000
11327617ns          181040 1c008a76 012d8733 add              x14, x27, x18       x14=00000006 x27:effff169 x18:10000e9d
11327637ns          181041 1c008a7a 5a048b63 beq              x9, x0, 1462         x9:00000000
11328114ns          181065 1c009030 00e00db3 add              x27, x0, x14        x27=00000006 x14:00000006
11328154ns          181067 1c009032 f3cff06f jal              x0, -2244          
11328313ns          181075 1c00876e 00044503 lbu              x10, 0(x8)          x10=0000003a  x8:1c000023  PA:1c000023
11328611ns          181090 1c008772 00140413 addi             x8, x8, 1            x8=1c000024  x8:1c000023
11328631ns          181091 1c008774 00050e63 beq              x10, x0, 28         x10:0000003a
11328651ns          181092 1c008776 02500793 addi             x15, x0, 37         x15=00000025
11328671ns          181093 1c00877a 04f50863 beq              x10, x15, 80        x10:0000003a x15:00000025
11328691ns          181094 1c00877e 01a005b3 add              x11, x0, x26        x11=00000002 x26:00000002
11328711ns          181095 1c008780 000b00e7 jalr             x1, x22, 0           x1=1c008782 x22:1c0086b4
11328790ns          181099 1c0086b4 000026b7 lui              x13, 0x2000         x13=00002000
11328830ns          181101 1c0086b6 f14027f3 csrrs            x15, x0, 0xf14      x15=00000001
11328850ns          181102 1c0086ba f8068693 addi             x13, x13, -128      x13=00001f80 x13:00002000
11328870ns          181103 1c0086be 00379713 slli             x14, x15, 0x3       x14=00000008 x15:00000001
11328890ns          181104 1c0086c2 00279793 slli             x15, x15, 0x2       x15=00000004 x15:00000001
11328910ns          181105 1c0086c4 00d7f7b3 and              x15, x15, x13       x15=00000000 x15:00000004 x13:00001f80
11328930ns          181106 1c0086c6 ee873733 p.bclr           x14, x14, 23, 8     x14=00000008 x14:00000008
11328949ns          181107 1c0086ca 1a10f6b7 lui              x13, 0x1a10f000     x13=1a10f000
11328969ns          181108 1c0086ce 0ff57513 andi             x10, x10, 255       x10=0000003a x10:0000003a
11328989ns          181109 1c0086d2 00d70733 add              x14, x14, x13       x14=1a10f008 x14:00000008 x13:1a10f000
11329009ns          181110 1c0086d4 00a7e723 p.sw             x10, x0(x15)        x10:0000003a x15:00000000  PA:1a10f008
11329367ns          181128 1c0086d8 00000513 addi             x10, x0, 0          x10=00000000
11329387ns          181129 1c0086da 00008067 jalr             x0, x1, 0            x1:1c008782
11329447ns          181132 1c008782 31f52563 p.beqimm         x10, 778            x10:00000000
11329467ns          181133 1c008786 001d8d93 addi             x27, x27, 1         x27=00000007 x27:00000006
11329486ns          181134 1c008788 00044503 lbu              x10, 0(x8)          x10=00000020  x8:1c000024  PA:1c000024
11329785ns          181149 1c00878c 00140413 addi             x8, x8, 1            x8=1c000025  x8:1c000024
11329805ns          181150 1c00878e fe0514e3 bne              x10, x0, -24        x10:00000020
11329884ns          181154 1c008776 02500793 addi             x15, x0, 37         x15=00000025
11329904ns          181155 1c00877a 04f50863 beq              x10, x15, 80        x10:00000020 x15:00000025
11329924ns          181156 1c00877e 01a005b3 add              x11, x0, x26        x11=00000002 x26:00000002
11329944ns          181157 1c008780 000b00e7 jalr             x1, x22, 0           x1=1c008782 x22:1c0086b4
11329984ns          181159 1c0086b4 000026b7 lui              x13, 0x2000         x13=00002000
11330004ns          181160 1c0086b6 f14027f3 csrrs            x15, x0, 0xf14      x15=00000001
11330024ns          181161 1c0086ba f8068693 addi             x13, x13, -128      x13=00001f80 x13:00002000
11330043ns          181162 1c0086be 00379713 slli             x14, x15, 0x3       x14=00000008 x15:00000001
11330063ns          181163 1c0086c2 00279793 slli             x15, x15, 0x2       x15=00000004 x15:00000001
11330083ns          181164 1c0086c4 00d7f7b3 and              x15, x15, x13       x15=00000000 x15:00000004 x13:00001f80
11330103ns          181165 1c0086c6 ee873733 p.bclr           x14, x14, 23, 8     x14=00000008 x14:00000008
11330123ns          181166 1c0086ca 1a10f6b7 lui              x13, 0x1a10f000     x13=1a10f000
11330143ns          181167 1c0086ce 0ff57513 andi             x10, x10, 255       x10=00000020 x10:00000020
11330163ns          181168 1c0086d2 00d70733 add              x14, x14, x13       x14=1a10f008 x14:00000008 x13:1a10f000
11330183ns          181169 1c0086d4 00a7e723 p.sw             x10, x0(x15)        x10:00000020 x15:00000000  PA:1a10f008
11330501ns          181185 1c0086d8 00000513 addi             x10, x0, 0          x10=00000000
11330521ns          181186 1c0086da 00008067 jalr             x0, x1, 0            x1:1c008782
11330580ns          181189 1c008782 31f52563 p.beqimm         x10, 778            x10:00000000
11330600ns          181190 1c008786 001d8d93 addi             x27, x27, 1         x27=00000008 x27:00000007
11330620ns          181191 1c008788 00044503 lbu              x10, 0(x8)          x10=0000004c  x8:1c000025  PA:1c000025
11330919ns          181206 1c00878c 00140413 addi             x8, x8, 1            x8=1c000026  x8:1c000025
11330939ns          181207 1c00878e fe0514e3 bne              x10, x0, -24        x10:0000004c
11331018ns          181211 1c008776 02500793 addi             x15, x0, 37         x15=00000025
11331038ns          181212 1c00877a 04f50863 beq              x10, x15, 80        x10:0000004c x15:00000025
11331058ns          181213 1c00877e 01a005b3 add              x11, x0, x26        x11=00000002 x26:00000002
11331078ns          181214 1c008780 000b00e7 jalr             x1, x22, 0           x1=1c008782 x22:1c0086b4
11331118ns          181216 1c0086b4 000026b7 lui              x13, 0x2000         x13=00002000
11331137ns          181217 1c0086b6 f14027f3 csrrs            x15, x0, 0xf14      x15=00000001
11331157ns          181218 1c0086ba f8068693 addi             x13, x13, -128      x13=00001f80 x13:00002000
11331177ns          181219 1c0086be 00379713 slli             x14, x15, 0x3       x14=00000008 x15:00000001
11331197ns          181220 1c0086c2 00279793 slli             x15, x15, 0x2       x15=00000004 x15:00000001
11331217ns          181221 1c0086c4 00d7f7b3 and              x15, x15, x13       x15=00000000 x15:00000004 x13:00001f80
11331237ns          181222 1c0086c6 ee873733 p.bclr           x14, x14, 23, 8     x14=00000008 x14:00000008
11331257ns          181223 1c0086ca 1a10f6b7 lui              x13, 0x1a10f000     x13=1a10f000
11331277ns          181224 1c0086ce 0ff57513 andi             x10, x10, 255       x10=0000004c x10:0000004c
11331297ns          181225 1c0086d2 00d70733 add              x14, x14, x13       x14=1a10f008 x14:00000008 x13:1a10f000
11331316ns          181226 1c0086d4 00a7e723 p.sw             x10, x0(x15)        x10:0000004c x15:00000000  PA:1a10f008
11331635ns          181242 1c0086d8 00000513 addi             x10, x0, 0          x10=00000000
11331655ns          181243 1c0086da 00008067 jalr             x0, x1, 0            x1:1c008782
11331714ns          181246 1c008782 31f52563 p.beqimm         x10, 778            x10:00000000
11331734ns          181247 1c008786 001d8d93 addi             x27, x27, 1         x27=00000009 x27:00000008
11331754ns          181248 1c008788 00044503 lbu              x10, 0(x8)          x10=00000032  x8:1c000026  PA:1c000026
11332052ns          181263 1c00878c 00140413 addi             x8, x8, 1            x8=1c000027  x8:1c000026
11332072ns          181264 1c00878e fe0514e3 bne              x10, x0, -24        x10:00000032
11332152ns          181268 1c008776 02500793 addi             x15, x0, 37         x15=00000025
11332172ns          181269 1c00877a 04f50863 beq              x10, x15, 80        x10:00000032 x15:00000025
11332192ns          181270 1c00877e 01a005b3 add              x11, x0, x26        x11=00000002 x26:00000002
11332212ns          181271 1c008780 000b00e7 jalr             x1, x22, 0           x1=1c008782 x22:1c0086b4
11332251ns          181273 1c0086b4 000026b7 lui              x13, 0x2000         x13=00002000
11332271ns          181274 1c0086b6 f14027f3 csrrs            x15, x0, 0xf14      x15=00000001
11332291ns          181275 1c0086ba f8068693 addi             x13, x13, -128      x13=00001f80 x13:00002000
11332311ns          181276 1c0086be 00379713 slli             x14, x15, 0x3       x14=00000008 x15:00000001
11332331ns          181277 1c0086c2 00279793 slli             x15, x15, 0x2       x15=00000004 x15:00000001
11332351ns          181278 1c0086c4 00d7f7b3 and              x15, x15, x13       x15=00000000 x15:00000004 x13:00001f80
11332371ns          181279 1c0086c6 ee873733 p.bclr           x14, x14, 23, 8     x14=00000008 x14:00000008
11332391ns          181280 1c0086ca 1a10f6b7 lui              x13, 0x1a10f000     x13=1a10f000
11332410ns          181281 1c0086ce 0ff57513 andi             x10, x10, 255       x10=00000032 x10:00000032
11332430ns          181282 1c0086d2 00d70733 add              x14, x14, x13       x14=1a10f008 x14:00000008 x13:1a10f000
11332450ns          181283 1c0086d4 00a7e723 p.sw             x10, x0(x15)        x10:00000032 x15:00000000  PA:1a10f008
11332788ns          181300 1c0086d8 00000513 addi             x10, x0, 0          x10=00000000
11332808ns          181301 1c0086da 00008067 jalr             x0, x1, 0            x1:1c008782
11332868ns          181304 1c008782 31f52563 p.beqimm         x10, 778            x10:00000000
11332888ns          181305 1c008786 001d8d93 addi             x27, x27, 1         x27=0000000a x27:00000009
11332908ns          181306 1c008788 00044503 lbu              x10, 0(x8)          x10=00000020  x8:1c000027  PA:1c000027
11333206ns          181321 1c00878c 00140413 addi             x8, x8, 1            x8=1c000028  x8:1c000027
11333226ns          181322 1c00878e fe0514e3 bne              x10, x0, -24        x10:00000020
11333306ns          181326 1c008776 02500793 addi             x15, x0, 37         x15=00000025
11333325ns          181327 1c00877a 04f50863 beq              x10, x15, 80        x10:00000020 x15:00000025
11333345ns          181328 1c00877e 01a005b3 add              x11, x0, x26        x11=00000002 x26:00000002
11333365ns          181329 1c008780 000b00e7 jalr             x1, x22, 0           x1=1c008782 x22:1c0086b4
11333405ns          181331 1c0086b4 000026b7 lui              x13, 0x2000         x13=00002000
11333425ns          181332 1c0086b6 f14027f3 csrrs            x15, x0, 0xf14      x15=00000001
11333445ns          181333 1c0086ba f8068693 addi             x13, x13, -128      x13=00001f80 x13:00002000
11333465ns          181334 1c0086be 00379713 slli             x14, x15, 0x3       x14=00000008 x15:00000001
11333485ns          181335 1c0086c2 00279793 slli             x15, x15, 0x2       x15=00000004 x15:00000001
11333504ns          181336 1c0086c4 00d7f7b3 and              x15, x15, x13       x15=00000000 x15:00000004 x13:00001f80
11333524ns          181337 1c0086c6 ee873733 p.bclr           x14, x14, 23, 8     x14=00000008 x14:00000008
11333544ns          181338 1c0086ca 1a10f6b7 lui              x13, 0x1a10f000     x13=1a10f000
11333564ns          181339 1c0086ce 0ff57513 andi             x10, x10, 255       x10=00000020 x10:00000020
11333584ns          181340 1c0086d2 00d70733 add              x14, x14, x13       x14=1a10f008 x14:00000008 x13:1a10f000
11333604ns          181341 1c0086d4 00a7e723 p.sw             x10, x0(x15)        x10:00000020 x15:00000000  PA:1a10f008
11333922ns          181357 1c0086d8 00000513 addi             x10, x0, 0          x10=00000000
11333942ns          181358 1c0086da 00008067 jalr             x0, x1, 0            x1:1c008782
11334002ns          181361 1c008782 31f52563 p.beqimm         x10, 778            x10:00000000
11334022ns          181362 1c008786 001d8d93 addi             x27, x27, 1         x27=0000000b x27:0000000a
11334041ns          181363 1c008788 00044503 lbu              x10, 0(x8)          x10=00000072  x8:1c000028  PA:1c000028
11334340ns          181378 1c00878c 00140413 addi             x8, x8, 1            x8=1c000029  x8:1c000028
11334360ns          181379 1c00878e fe0514e3 bne              x10, x0, -24        x10:00000072
11334439ns          181383 1c008776 02500793 addi             x15, x0, 37         x15=00000025
11334459ns          181384 1c00877a 04f50863 beq              x10, x15, 80        x10:00000072 x15:00000025
11334479ns          181385 1c00877e 01a005b3 add              x11, x0, x26        x11=00000002 x26:00000002
11334499ns          181386 1c008780 000b00e7 jalr             x1, x22, 0           x1=1c008782 x22:1c0086b4
11334539ns          181388 1c0086b4 000026b7 lui              x13, 0x2000         x13=00002000
11334559ns          181389 1c0086b6 f14027f3 csrrs            x15, x0, 0xf14      x15=00000001
11334579ns          181390 1c0086ba f8068693 addi             x13, x13, -128      x13=00001f80 x13:00002000
11334598ns          181391 1c0086be 00379713 slli             x14, x15, 0x3       x14=00000008 x15:00000001
11334618ns          181392 1c0086c2 00279793 slli             x15, x15, 0x2       x15=00000004 x15:00000001
11334638ns          181393 1c0086c4 00d7f7b3 and              x15, x15, x13       x15=00000000 x15:00000004 x13:00001f80
11334658ns          181394 1c0086c6 ee873733 p.bclr           x14, x14, 23, 8     x14=00000008 x14:00000008
11334678ns          181395 1c0086ca 1a10f6b7 lui              x13, 0x1a10f000     x13=1a10f000
11334698ns          181396 1c0086ce 0ff57513 andi             x10, x10, 255       x10=00000072 x10:00000072
11334718ns          181397 1c0086d2 00d70733 add              x14, x14, x13       x14=1a10f008 x14:00000008 x13:1a10f000
11334738ns          181398 1c0086d4 00a7e723 p.sw             x10, x0(x15)        x10:00000072 x15:00000000  PA:1a10f008
11335056ns          181414 1c0086d8 00000513 addi             x10, x0, 0          x10=00000000
11335076ns          181415 1c0086da 00008067 jalr             x0, x1, 0            x1:1c008782
11335135ns          181418 1c008782 31f52563 p.beqimm         x10, 778            x10:00000000
11335155ns          181419 1c008786 001d8d93 addi             x27, x27, 1         x27=0000000c x27:0000000b
11335175ns          181420 1c008788 00044503 lbu              x10, 0(x8)          x10=00000065  x8:1c000029  PA:1c000029
11335474ns          181435 1c00878c 00140413 addi             x8, x8, 1            x8=1c00002a  x8:1c000029
11335494ns          181436 1c00878e fe0514e3 bne              x10, x0, -24        x10:00000065
11335573ns          181440 1c008776 02500793 addi             x15, x0, 37         x15=00000025
11335593ns          181441 1c00877a 04f50863 beq              x10, x15, 80        x10:00000065 x15:00000025
11335613ns          181442 1c00877e 01a005b3 add              x11, x0, x26        x11=00000002 x26:00000002
11335633ns          181443 1c008780 000b00e7 jalr             x1, x22, 0           x1=1c008782 x22:1c0086b4
11335673ns          181445 1c0086b4 000026b7 lui              x13, 0x2000         x13=00002000
11335692ns          181446 1c0086b6 f14027f3 csrrs            x15, x0, 0xf14      x15=00000001
11335712ns          181447 1c0086ba f8068693 addi             x13, x13, -128      x13=00001f80 x13:00002000
11335732ns          181448 1c0086be 00379713 slli             x14, x15, 0x3       x14=00000008 x15:00000001
11335752ns          181449 1c0086c2 00279793 slli             x15, x15, 0x2       x15=00000004 x15:00000001
11335772ns          181450 1c0086c4 00d7f7b3 and              x15, x15, x13       x15=00000000 x15:00000004 x13:00001f80
11335792ns          181451 1c0086c6 ee873733 p.bclr           x14, x14, 23, 8     x14=00000008 x14:00000008
11335812ns          181452 1c0086ca 1a10f6b7 lui              x13, 0x1a10f000     x13=1a10f000
11335832ns          181453 1c0086ce 0ff57513 andi             x10, x10, 255       x10=00000065 x10:00000065
11335852ns          181454 1c0086d2 00d70733 add              x14, x14, x13       x14=1a10f008 x14:00000008 x13:1a10f000
11335871ns          181455 1c0086d4 00a7e723 p.sw             x10, x0(x15)        x10:00000065 x15:00000000  PA:1a10f008
11336210ns          181472 1c0086d8 00000513 addi             x10, x0, 0          x10=00000000
11336229ns          181473 1c0086da 00008067 jalr             x0, x1, 0            x1:1c008782
11336289ns          181476 1c008782 31f52563 p.beqimm         x10, 778            x10:00000000
11336309ns          181477 1c008786 001d8d93 addi             x27, x27, 1         x27=0000000d x27:0000000c
11336329ns          181478 1c008788 00044503 lbu              x10, 0(x8)          x10=00000061  x8:1c00002a  PA:1c00002a
11336627ns          181493 1c00878c 00140413 addi             x8, x8, 1            x8=1c00002b  x8:1c00002a
11336647ns          181494 1c00878e fe0514e3 bne              x10, x0, -24        x10:00000061
11336727ns          181498 1c008776 02500793 addi             x15, x0, 37         x15=00000025
11336747ns          181499 1c00877a 04f50863 beq              x10, x15, 80        x10:00000061 x15:00000025
11336767ns          181500 1c00877e 01a005b3 add              x11, x0, x26        x11=00000002 x26:00000002
11336786ns          181501 1c008780 000b00e7 jalr             x1, x22, 0           x1=1c008782 x22:1c0086b4
11336826ns          181503 1c0086b4 000026b7 lui              x13, 0x2000         x13=00002000
11336846ns          181504 1c0086b6 f14027f3 csrrs            x15, x0, 0xf14      x15=00000001
11336866ns          181505 1c0086ba f8068693 addi             x13, x13, -128      x13=00001f80 x13:00002000
11336886ns          181506 1c0086be 00379713 slli             x14, x15, 0x3       x14=00000008 x15:00000001
11336906ns          181507 1c0086c2 00279793 slli             x15, x15, 0x2       x15=00000004 x15:00000001
11336926ns          181508 1c0086c4 00d7f7b3 and              x15, x15, x13       x15=00000000 x15:00000004 x13:00001f80
11336946ns          181509 1c0086c6 ee873733 p.bclr           x14, x14, 23, 8     x14=00000008 x14:00000008
11336965ns          181510 1c0086ca 1a10f6b7 lui              x13, 0x1a10f000     x13=1a10f000
11336985ns          181511 1c0086ce 0ff57513 andi             x10, x10, 255       x10=00000061 x10:00000061
11337005ns          181512 1c0086d2 00d70733 add              x14, x14, x13       x14=1a10f008 x14:00000008 x13:1a10f000
11337025ns          181513 1c0086d4 00a7e723 p.sw             x10, x0(x15)        x10:00000061 x15:00000000  PA:1a10f008
11337343ns          181529 1c0086d8 00000513 addi             x10, x0, 0          x10=00000000
11337363ns          181530 1c0086da 00008067 jalr             x0, x1, 0            x1:1c008782
11337423ns          181533 1c008782 31f52563 p.beqimm         x10, 778            x10:00000000
11337443ns          181534 1c008786 001d8d93 addi             x27, x27, 1         x27=0000000e x27:0000000d
11337463ns          181535 1c008788 00044503 lbu              x10, 0(x8)          x10=00000064  x8:1c00002b  PA:1c00002b
11337761ns          181550 1c00878c 00140413 addi             x8, x8, 1            x8=1c00002c  x8:1c00002b
11337781ns          181551 1c00878e fe0514e3 bne              x10, x0, -24        x10:00000064
11337860ns          181555 1c008776 02500793 addi             x15, x0, 37         x15=00000025
11337880ns          181556 1c00877a 04f50863 beq              x10, x15, 80        x10:00000064 x15:00000025
11337900ns          181557 1c00877e 01a005b3 add              x11, x0, x26        x11=00000002 x26:00000002
11337920ns          181558 1c008780 000b00e7 jalr             x1, x22, 0           x1=1c008782 x22:1c0086b4
11337960ns          181560 1c0086b4 000026b7 lui              x13, 0x2000         x13=00002000
11337980ns          181561 1c0086b6 f14027f3 csrrs            x15, x0, 0xf14      x15=00000001
11338000ns          181562 1c0086ba f8068693 addi             x13, x13, -128      x13=00001f80 x13:00002000
11338020ns          181563 1c0086be 00379713 slli             x14, x15, 0x3       x14=00000008 x15:00000001
11338040ns          181564 1c0086c2 00279793 slli             x15, x15, 0x2       x15=00000004 x15:00000001
11338059ns          181565 1c0086c4 00d7f7b3 and              x15, x15, x13       x15=00000000 x15:00000004 x13:00001f80
11338079ns          181566 1c0086c6 ee873733 p.bclr           x14, x14, 23, 8     x14=00000008 x14:00000008
11338099ns          181567 1c0086ca 1a10f6b7 lui              x13, 0x1a10f000     x13=1a10f000
11338119ns          181568 1c0086ce 0ff57513 andi             x10, x10, 255       x10=00000064 x10:00000064
11338139ns          181569 1c0086d2 00d70733 add              x14, x14, x13       x14=1a10f008 x14:00000008 x13:1a10f000
11338159ns          181570 1c0086d4 00a7e723 p.sw             x10, x0(x15)        x10:00000064 x15:00000000  PA:1a10f008
11338477ns          181586 1c0086d8 00000513 addi             x10, x0, 0          x10=00000000
11338497ns          181587 1c0086da 00008067 jalr             x0, x1, 0            x1:1c008782
11338557ns          181590 1c008782 31f52563 p.beqimm         x10, 778            x10:00000000
11338577ns          181591 1c008786 001d8d93 addi             x27, x27, 1         x27=0000000f x27:0000000e
11338596ns          181592 1c008788 00044503 lbu              x10, 0(x8)          x10=00000020  x8:1c00002c  PA:1c00002c
11338895ns          181607 1c00878c 00140413 addi             x8, x8, 1            x8=1c00002d  x8:1c00002c
11338915ns          181608 1c00878e fe0514e3 bne              x10, x0, -24        x10:00000020
11338994ns          181612 1c008776 02500793 addi             x15, x0, 37         x15=00000025
11339014ns          181613 1c00877a 04f50863 beq              x10, x15, 80        x10:00000020 x15:00000025
11339034ns          181614 1c00877e 01a005b3 add              x11, x0, x26        x11=00000002 x26:00000002
11339054ns          181615 1c008780 000b00e7 jalr             x1, x22, 0           x1=1c008782 x22:1c0086b4
11339094ns          181617 1c0086b4 000026b7 lui              x13, 0x2000         x13=00002000
11339114ns          181618 1c0086b6 f14027f3 csrrs            x15, x0, 0xf14      x15=00000001
11339134ns          181619 1c0086ba f8068693 addi             x13, x13, -128      x13=00001f80 x13:00002000
11339153ns          181620 1c0086be 00379713 slli             x14, x15, 0x3       x14=00000008 x15:00000001
11339173ns          181621 1c0086c2 00279793 slli             x15, x15, 0x2       x15=00000004 x15:00000001
11339193ns          181622 1c0086c4 00d7f7b3 and              x15, x15, x13       x15=00000000 x15:00000004 x13:00001f80
11339213ns          181623 1c0086c6 ee873733 p.bclr           x14, x14, 23, 8     x14=00000008 x14:00000008
11339233ns          181624 1c0086ca 1a10f6b7 lui              x13, 0x1a10f000     x13=1a10f000
11339253ns          181625 1c0086ce 0ff57513 andi             x10, x10, 255       x10=00000020 x10:00000020
11339273ns          181626 1c0086d2 00d70733 add              x14, x14, x13       x14=1a10f008 x14:00000008 x13:1a10f000
11339293ns          181627 1c0086d4 00a7e723 p.sw             x10, x0(x15)        x10:00000020 x15:00000000  PA:1a10f008
11339631ns          181644 1c0086d8 00000513 addi             x10, x0, 0          x10=00000000
11339651ns          181645 1c0086da 00008067 jalr             x0, x1, 0            x1:1c008782
11339710ns          181648 1c008782 31f52563 p.beqimm         x10, 778            x10:00000000
11339730ns          181649 1c008786 001d8d93 addi             x27, x27, 1         x27=00000010 x27:0000000f
11339750ns          181650 1c008788 00044503 lbu              x10, 0(x8)          x10=0000006f  x8:1c00002d  PA:1c00002d
11340048ns          181665 1c00878c 00140413 addi             x8, x8, 1            x8=1c00002e  x8:1c00002d
11340068ns          181666 1c00878e fe0514e3 bne              x10, x0, -24        x10:0000006f
11340148ns          181670 1c008776 02500793 addi             x15, x0, 37         x15=00000025
11340168ns          181671 1c00877a 04f50863 beq              x10, x15, 80        x10:0000006f x15:00000025
11340188ns          181672 1c00877e 01a005b3 add              x11, x0, x26        x11=00000002 x26:00000002
11340208ns          181673 1c008780 000b00e7 jalr             x1, x22, 0           x1=1c008782 x22:1c0086b4
11340247ns          181675 1c0086b4 000026b7 lui              x13, 0x2000         x13=00002000
11340267ns          181676 1c0086b6 f14027f3 csrrs            x15, x0, 0xf14      x15=00000001
11340287ns          181677 1c0086ba f8068693 addi             x13, x13, -128      x13=00001f80 x13:00002000
11340307ns          181678 1c0086be 00379713 slli             x14, x15, 0x3       x14=00000008 x15:00000001
11340327ns          181679 1c0086c2 00279793 slli             x15, x15, 0x2       x15=00000004 x15:00000001
11340347ns          181680 1c0086c4 00d7f7b3 and              x15, x15, x13       x15=00000000 x15:00000004 x13:00001f80
11340367ns          181681 1c0086c6 ee873733 p.bclr           x14, x14, 23, 8     x14=00000008 x14:00000008
11340387ns          181682 1c0086ca 1a10f6b7 lui              x13, 0x1a10f000     x13=1a10f000
11340407ns          181683 1c0086ce 0ff57513 andi             x10, x10, 255       x10=0000006f x10:0000006f
11340426ns          181684 1c0086d2 00d70733 add              x14, x14, x13       x14=1a10f008 x14:00000008 x13:1a10f000
11340446ns          181685 1c0086d4 00a7e723 p.sw             x10, x0(x15)        x10:0000006f x15:00000000  PA:1a10f008
11340784ns          181702 1c0086d8 00000513 addi             x10, x0, 0          x10=00000000
11340804ns          181703 1c0086da 00008067 jalr             x0, x1, 0            x1:1c008782
11340864ns          181706 1c008782 31f52563 p.beqimm         x10, 778            x10:00000000
11340884ns          181707 1c008786 001d8d93 addi             x27, x27, 1         x27=00000011 x27:00000010
11340904ns          181708 1c008788 00044503 lbu              x10, 0(x8)          x10=00000066  x8:1c00002e  PA:1c00002e
11341202ns          181723 1c00878c 00140413 addi             x8, x8, 1            x8=1c00002f  x8:1c00002e
11341222ns          181724 1c00878e fe0514e3 bne              x10, x0, -24        x10:00000066
11341302ns          181728 1c008776 02500793 addi             x15, x0, 37         x15=00000025
11341321ns          181729 1c00877a 04f50863 beq              x10, x15, 80        x10:00000066 x15:00000025
11341341ns          181730 1c00877e 01a005b3 add              x11, x0, x26        x11=00000002 x26:00000002
11341361ns          181731 1c008780 000b00e7 jalr             x1, x22, 0           x1=1c008782 x22:1c0086b4
11341401ns          181733 1c0086b4 000026b7 lui              x13, 0x2000         x13=00002000
11341421ns          181734 1c0086b6 f14027f3 csrrs            x15, x0, 0xf14      x15=00000001
11341441ns          181735 1c0086ba f8068693 addi             x13, x13, -128      x13=00001f80 x13:00002000
11341461ns          181736 1c0086be 00379713 slli             x14, x15, 0x3       x14=00000008 x15:00000001
11341481ns          181737 1c0086c2 00279793 slli             x15, x15, 0x2       x15=00000004 x15:00000001
11341501ns          181738 1c0086c4 00d7f7b3 and              x15, x15, x13       x15=00000000 x15:00000004 x13:00001f80
11341520ns          181739 1c0086c6 ee873733 p.bclr           x14, x14, 23, 8     x14=00000008 x14:00000008
11341540ns          181740 1c0086ca 1a10f6b7 lui              x13, 0x1a10f000     x13=1a10f000
11341560ns          181741 1c0086ce 0ff57513 andi             x10, x10, 255       x10=00000066 x10:00000066
11341580ns          181742 1c0086d2 00d70733 add              x14, x14, x13       x14=1a10f008 x14:00000008 x13:1a10f000
11341600ns          181743 1c0086d4 00a7e723 p.sw             x10, x0(x15)        x10:00000066 x15:00000000  PA:1a10f008
11341918ns          181759 1c0086d8 00000513 addi             x10, x0, 0          x10=00000000
11341938ns          181760 1c0086da 00008067 jalr             x0, x1, 0            x1:1c008782
11341998ns          181763 1c008782 31f52563 p.beqimm         x10, 778            x10:00000000
11342018ns          181764 1c008786 001d8d93 addi             x27, x27, 1         x27=00000012 x27:00000011
11342038ns          181765 1c008788 00044503 lbu              x10, 0(x8)          x10=00000020  x8:1c00002f  PA:1c00002f
11342336ns          181780 1c00878c 00140413 addi             x8, x8, 1            x8=1c000030  x8:1c00002f
11342356ns          181781 1c00878e fe0514e3 bne              x10, x0, -24        x10:00000020
11342435ns          181785 1c008776 02500793 addi             x15, x0, 37         x15=00000025
11342455ns          181786 1c00877a 04f50863 beq              x10, x15, 80        x10:00000020 x15:00000025
11342475ns          181787 1c00877e 01a005b3 add              x11, x0, x26        x11=00000002 x26:00000002
11342495ns          181788 1c008780 000b00e7 jalr             x1, x22, 0           x1=1c008782 x22:1c0086b4
11342535ns          181790 1c0086b4 000026b7 lui              x13, 0x2000         x13=00002000
11342555ns          181791 1c0086b6 f14027f3 csrrs            x15, x0, 0xf14      x15=00000001
11342575ns          181792 1c0086ba f8068693 addi             x13, x13, -128      x13=00001f80 x13:00002000
11342594ns          181793 1c0086be 00379713 slli             x14, x15, 0x3       x14=00000008 x15:00000001
11342614ns          181794 1c0086c2 00279793 slli             x15, x15, 0x2       x15=00000004 x15:00000001
11342634ns          181795 1c0086c4 00d7f7b3 and              x15, x15, x13       x15=00000000 x15:00000004 x13:00001f80
11342654ns          181796 1c0086c6 ee873733 p.bclr           x14, x14, 23, 8     x14=00000008 x14:00000008
11342674ns          181797 1c0086ca 1a10f6b7 lui              x13, 0x1a10f000     x13=1a10f000
11342694ns          181798 1c0086ce 0ff57513 andi             x10, x10, 255       x10=00000020 x10:00000020
11342714ns          181799 1c0086d2 00d70733 add              x14, x14, x13       x14=1a10f008 x14:00000008 x13:1a10f000
11342734ns          181800 1c0086d4 00a7e723 p.sw             x10, x0(x15)        x10:00000020 x15:00000000  PA:1a10f008
11343052ns          181816 1c0086d8 00000513 addi             x10, x0, 0          x10=00000000
11343072ns          181817 1c0086da 00008067 jalr             x0, x1, 0            x1:1c008782
11343132ns          181820 1c008782 31f52563 p.beqimm         x10, 778            x10:00000000
11343151ns          181821 1c008786 001d8d93 addi             x27, x27, 1         x27=00000013 x27:00000012
11343171ns          181822 1c008788 00044503 lbu              x10, 0(x8)          x10=00000025  x8:1c000030  PA:1c000030
11343470ns          181837 1c00878c 00140413 addi             x8, x8, 1            x8=1c000031  x8:1c000030
11343490ns          181838 1c00878e fe0514e3 bne              x10, x0, -24        x10:00000025
11343569ns          181842 1c008776 02500793 addi             x15, x0, 37         x15=00000025
11343589ns          181843 1c00877a 04f50863 beq              x10, x15, 80        x10:00000025 x15:00000025
11343669ns          181847 1c0087ca 00044483 lbu              x9, 0(x8)            x9=00000064  x8:1c000031  PA:1c000031
11343987ns          181863 1c0087ce 02000693 addi             x13, x0, 32         x13=00000020
11344007ns          181864 1c0087d2 00140a93 addi             x21, x8, 1          x21=1c000032  x8:1c000031
11344027ns          181865 1c0087d6 009005b3 add              x11, x0, x9         x11=00000064  x9:00000064
11344047ns          181866 1c0087d8 064b8513 addi             x10, x23, 100       x10=1c000064 x23:1c000000
11344066ns          181867 1c0087dc 00d12823 sw               x13, 16(x2)         x13:00000020  x2:10000e78  PA:10000e88
11344086ns          181868 1c0087de 00012c23 sw               x0, 24(x2)           x2:10000e78  PA:10000e90
11344106ns          181869 1c0087e0 00012a23 sw               x0, 20(x2)           x2:10000e78  PA:10000e8c
11344126ns          181870 1c0087e2 00012e23 sw               x0, 28(x2)           x2:10000e78  PA:10000e94
11344146ns          181871 1c0087e4 00012623 sw               x0, 12(x2)           x2:10000e78  PA:10000e84
11344166ns          181872 1c0087e6 02300913 addi             x18, x0, 35         x18=00000023
11344186ns          181873 1c0087ea 02d00a13 addi             x20, x0, 45         x20=0000002d
11344206ns          181874 1c0087ee 015009b3 add              x19, x0, x21        x19=1c000032 x21:1c000032
11344226ns          181875 1c0087f0 e97ff0ef jal              x1, -362             x1=1c0087f2
11344345ns          181881 1c008686 00054783 lbu              x15, 0(x10)         x15=0000002d x10:1c000064  PA:1c000064
11344683ns          181898 1c00868a 0ff5f593 andi             x11, x11, 255       x11=00000064 x11:00000064
11344703ns          181899 1c00868e 00b78c63 beq              x15, x11, 24        x15:0000002d x11:00000064
11344723ns          181900 1c008692 00078b63 beq              x15, x0, 22         x15:0000002d
11344743ns          181901 1c008694 00150793 addi             x15, x10, 1         x15=1c000065 x10:1c000064
11344763ns          181902 1c008698 0040006f jal              x0, 4              
11344802ns          181904 1c00869c 00f00533 add              x10, x0, x15        x10=1c000065 x15:1c000065
11344822ns          181905 1c00869e 0017c70b p.lbu            x14, 1(x15!)        x14=0000002b x15=1c000066 x15:1c000065  PA:1c000065
11345141ns          181921 1c0086a2 feb71ce3 bne              x14, x11, -8        x14:0000002b x11:00000064
11345200ns          181924 1c00869a 00070763 beq              x14, x0, 14         x14:0000002b
11345220ns          181925 1c00869c 00f00533 add              x10, x0, x15        x10=1c000066 x15:1c000066
11345240ns          181926 1c00869e 0017c70b p.lbu            x14, 1(x15!)        x14=00000020 x15=1c000067 x15:1c000066  PA:1c000066
11345558ns          181942 1c0086a2 feb71ce3 bne              x14, x11, -8        x14:00000020 x11:00000064
11345618ns          181945 1c00869a 00070763 beq              x14, x0, 14         x14:00000020
11345638ns          181946 1c00869c 00f00533 add              x10, x0, x15        x10=1c000067 x15:1c000067
11345658ns          181947 1c00869e 0017c70b p.lbu            x14, 1(x15!)        x14=00000023 x15=1c000068 x15:1c000067  PA:1c000067
11345996ns          181964 1c0086a2 feb71ce3 bne              x14, x11, -8        x14:00000023 x11:00000064
11346055ns          181967 1c00869a 00070763 beq              x14, x0, 14         x14:00000023
11346075ns          181968 1c00869c 00f00533 add              x10, x0, x15        x10=1c000068 x15:1c000068
11346095ns          181969 1c00869e 0017c70b p.lbu            x14, 1(x15!)        x14=00000030 x15=1c000069 x15:1c000068  PA:1c000068
11346414ns          181985 1c0086a2 feb71ce3 bne              x14, x11, -8        x14:00000030 x11:00000064
11346473ns          181988 1c00869a 00070763 beq              x14, x0, 14         x14:00000030
11346493ns          181989 1c00869c 00f00533 add              x10, x0, x15        x10=1c000069 x15:1c000069
11346513ns          181990 1c00869e 0017c70b p.lbu            x14, 1(x15!)        x14=00000000 x15=1c00006a x15:1c000069  PA:1c000069
11346831ns          182006 1c0086a2 feb71ce3 bne              x14, x11, -8        x14:00000000 x11:00000064
11346891ns          182009 1c00869a 00070763 beq              x14, x0, 14         x14:00000000
11346951ns          182012 1c0086a8 0015b593 sltiu            x11, x11, 1         x11=00000000 x11:00000064
11346970ns          182013 1c0086ac 40b005b3 sub              x11, x0, x11        x11=00000000 x11:00000000
11346990ns          182014 1c0086b0 00b57533 and              x10, x10, x11       x10=00000000 x10:1c000069 x11:00000000
11347010ns          182015 1c0086b2 00008067 jalr             x0, x1, 0            x1:1c0087f2
11347050ns          182017 1c0087f2 02050a63 beq              x10, x0, 52         x10:00000000
11347189ns          182024 1c008826 02a00613 addi             x12, x0, 42         x12=0000002a
11347209ns          182025 1c00882a 2ac48663 beq              x9, x12, 684         x9:00000064 x12:0000002a
11347627ns          182046 1c00882e fd048613 addi             x12, x9, -48        x12=00000034  x9:00000064
11347647ns          182047 1c008832 00900593 addi             x11, x0, 9          x11=00000009
11347667ns          182048 1c008834 00000913 addi             x18, x0, 0          x18=00000000
11347687ns          182049 1c008836 28c5f063 bgeu             x11, x12, 640       x11:00000009 x12:00000034
11347706ns          182050 1c00883a 02e00693 addi             x13, x0, 46         x13=0000002e
11347726ns          182051 1c00883e fff00a13 addi             x20, x0, -1         x20=ffffffff
11347746ns          182052 1c008840 2ed48363 beq              x9, x13, 742         x9:00000064 x13:0000002e
11347766ns          182053 1c008844 1c0007b7 lui              x15, 0x1c000000     x15=1c000000
11347786ns          182054 1c008848 009005b3 add              x11, x0, x9         x11=00000064  x9:00000064
11347806ns          182055 1c00884a 06c78513 addi             x10, x15, 108       x10=1c00006c x15:1c000000
11347826ns          182056 1c00884e e39ff0ef jal              x1, -456             x1=1c008850
11347885ns          182059 1c008686 00054783 lbu              x15, 0(x10)         x15=00000068 x10:1c00006c  PA:1c00006c
11348184ns          182074 1c00868a 0ff5f593 andi             x11, x11, 255       x11=00000064 x11:00000064
11348204ns          182075 1c00868e 00b78c63 beq              x15, x11, 24        x15:00000068 x11:00000064
11348224ns          182076 1c008692 00078b63 beq              x15, x0, 22         x15:00000068
11348243ns          182077 1c008694 00150793 addi             x15, x10, 1         x15=1c00006d x10:1c00006c
11348263ns          182078 1c008698 0040006f jal              x0, 4              
11348303ns          182080 1c00869c 00f00533 add              x10, x0, x15        x10=1c00006d x15:1c00006d
11348323ns          182081 1c00869e 0017c70b p.lbu            x14, 1(x15!)        x14=0000006c x15=1c00006e x15:1c00006d  PA:1c00006d
11348661ns          182098 1c0086a2 feb71ce3 bne              x14, x11, -8        x14:0000006c x11:00000064
11348721ns          182101 1c00869a 00070763 beq              x14, x0, 14         x14:0000006c
11348741ns          182102 1c00869c 00f00533 add              x10, x0, x15        x10=1c00006e x15:1c00006e
11348761ns          182103 1c00869e 0017c70b p.lbu            x14, 1(x15!)        x14=0000004c x15=1c00006f x15:1c00006e  PA:1c00006e
11349079ns          182119 1c0086a2 feb71ce3 bne              x14, x11, -8        x14:0000004c x11:00000064
11349139ns          182122 1c00869a 00070763 beq              x14, x0, 14         x14:0000004c
11349158ns          182123 1c00869c 00f00533 add              x10, x0, x15        x10=1c00006f x15:1c00006f
11349178ns          182124 1c00869e 0017c70b p.lbu            x14, 1(x15!)        x14=0000007a x15=1c000070 x15:1c00006f  PA:1c00006f
11349497ns          182140 1c0086a2 feb71ce3 bne              x14, x11, -8        x14:0000007a x11:00000064
11349556ns          182143 1c00869a 00070763 beq              x14, x0, 14         x14:0000007a
11349576ns          182144 1c00869c 00f00533 add              x10, x0, x15        x10=1c000070 x15:1c000070
11349596ns          182145 1c00869e 0017c70b p.lbu            x14, 1(x15!)        x14=00000000 x15=1c000071 x15:1c000070  PA:1c000070
11349914ns          182161 1c0086a2 feb71ce3 bne              x14, x11, -8        x14:00000000 x11:00000064
11349974ns          182164 1c00869a 00070763 beq              x14, x0, 14         x14:00000000
11350034ns          182167 1c0086a8 0015b593 sltiu            x11, x11, 1         x11=00000000 x11:00000064
11350054ns          182168 1c0086ac 40b005b3 sub              x11, x0, x11        x11=00000000 x11:00000000
11350073ns          182169 1c0086b0 00b57533 and              x10, x10, x11       x10=00000000 x10:1c000070 x11:00000000
11350093ns          182170 1c0086b2 00008067 jalr             x0, x1, 0            x1:1c008850
11350133ns          182172 1c008850 01300433 add              x8, x0, x19          x8=1c000032 x19:1c000032
11350153ns          182173 1c008852 00050563 beq              x10, x0, 10         x10:00000000
11350213ns          182176 1c00885c 06700693 addi             x13, x0, 103        x13=00000067
11350272ns          182179 1c008860 2896d963 bge              x13, x9, 658        x13:00000067  x9:00000064
11350352ns          182183 1c008af2 06500693 addi             x13, x0, 101        x13=00000065
11350372ns          182184 1c008af6 12d4d563 bge              x9, x13, 298         x9:00000064 x13:00000065
11350392ns          182185 1c008afa 04700693 addi             x13, x0, 71         x13=00000047
11350451ns          182188 1c008afe dc96cbe3 blt              x13, x9, -554       x13:00000047  x9:00000064
11350551ns          182193 1c0088d4 06300693 addi             x13, x0, 99         x13=00000063
11350591ns          182195 1c0088d8 0ad488e3 beq              x9, x13, 2224        x9:00000064 x13:00000063
11350610ns          182196 1c0088dc 0096c9e3 blt              x13, x9, 2066       x13:00000063  x9:00000064
11350829ns          182207 1c0090ee 000c2583 lw               x11, 0(x24)         x11=00000032 x24:10000fd0  PA:10000fd0
11350849ns          182208 1c0090f2 004c0c13 addi             x24, x24, 4         x24=10000fd4 x24:10000fd0
11350869ns          182209 1c0090f4 3405cc63 blt              x11, x0, 856        x11:00000032
11350889ns          182210 1c0090f8 01412603 lw               x12, 20(x2)         x12=00000000  x2:10000e78  PA:10000e8c
11350909ns          182211 1c0090fa 00b006b3 add              x13, x0, x11        x13=00000032 x11:00000032
11350929ns          182212 1c0090fc 2e061863 bne              x12, x0, 752        x12:00000000
11350969ns          182214 1c009100 01812703 lw               x14, 24(x2)         x14=00000000  x2:10000e78  PA:10000e90
11350988ns          182215 1c009102 019007b3 add              x15, x0, x25        x15=10000e9c x25:10000e9c
11351008ns          182216 1c009104 00070763 beq              x14, x0, 14         x14:00000000
11351068ns          182219 1c009112 00f00733 add              x14, x0, x15        x14=10000e9c x15:10000e9c
11351088ns          182220 1c009114 00a00513 addi             x10, x0, 10         x10=0000000a
11351108ns          182221 1c009116 02a6f633 remu             x12, x13, x10       x12=00000000 x13:00000032 x10:0000000a
11351724ns          182252 1c00911a 02a6d6b3 divu             x13, x13, x10       x13=00000005 x13:00000032 x10:0000000a
11352341ns          182283 1c00911e 03060613 addi             x12, x12, 48        x12=00000030 x12:00000000
11352361ns          182284 1c009122 00c700ab p.sb             x12, 1(x14!)        x14=10000e9d x12:00000030 x14:10000e9c  PA:10000e9c
11352381ns          182285 1c009126 fe0698e3 bne              x13, x0, -16        x13:00000005
11352520ns          182292 1c009116 02a6f633 remu             x12, x13, x10       x12=00000005 x13:00000005 x10:0000000a
11353137ns          182323 1c00911a 02a6d6b3 divu             x13, x13, x10       x13=00000000 x13:00000005 x10:0000000a
11353753ns          182354 1c00911e 03060613 addi             x12, x12, 48        x12=00000035 x12:00000005
11353773ns          182355 1c009122 00c700ab p.sb             x12, 1(x14!)        x14=10000e9e x12:00000035 x14:10000e9d  PA:10000e9d
11353793ns          182356 1c009126 fe0698e3 bne              x13, x0, -16        x13:00000000
11353813ns          182357 1c009128 40f706b3 sub              x13, x14, x15       x13=00000002 x14:10000e9e x15:10000e9c
11353833ns          182358 1c00912c 0146dc63 bge              x13, x20, 24        x13:00000002 x20:ffffffff
11353892ns          182361 1c009144 00e006b3 add              x13, x0, x14        x13=10000e9e x14:10000e9e
11353912ns          182362 1c009146 fe068fab p.sb             x0, -1(x13!)        x13=10000e9d x13:10000e9e  PA:10000e9e
11353932ns          182363 1c00914a 00d7fc63 bgeu             x15, x13, 24        x15:10000e9c x13:10000e9d
11353952ns          182364 1c00914e 0007c503 lbu              x10, 0(x15)         x10=00000030 x15:10000e9c  PA:10000e9c
11353992ns          182366 1c009152 0006c603 lbu              x12, 0(x13)         x12=00000035 x13:10000e9d  PA:10000e9d
11354052ns          182369 1c009156 fea68fab p.sb             x10, -1(x13!)       x13=10000e9c x10:00000030 x13:10000e9d  PA:10000e9d
11354131ns          182373 1c00915a 00c780ab p.sb             x12, 1(x15!)        x15=10000e9d x12:00000035 x15:10000e9c  PA:10000e9c
11354191ns          182376 1c00915e fed7e8e3 bltu             x15, x13, -16       x15:10000e9d x13:10000e9c
11354211ns          182377 1c009162 01412783 lw               x15, 20(x2)         x15=00000000  x2:10000e78  PA:10000e8c
11354231ns          182378 1c009164 01812603 lw               x12, 24(x2)         x12=00000000  x2:10000e78  PA:10000e90
11354250ns          182379 1c009166 419704b3 sub              x9, x14, x25         x9=00000002 x14:10000e9e x25:10000e9c
11354270ns          182380 1c00916a 00c7e7b3 or               x15, x15, x12       x15=00000000 x15:00000000 x12:00000000
11354290ns          182381 1c00916c 00f12623 sw               x15, 12(x2)         x15:00000000  x2:10000e78  PA:10000e84
11354310ns          182382 1c00916e 00079363 bne              x15, x0, 6          x15:00000000
11354330ns          182383 1c009170 01f5d593 srli             x11, x11, 0x1f      x11=00000000 x11:00000032
11354350ns          182384 1c009172 00b12623 sw               x11, 12(x2)         x11:00000000  x2:10000e78  PA:10000e84
11354370ns          182385 1c009174 e3fa28e3 p.beqimm         x20, -464           x20:ffffffff
11354827ns          182408 1c008fa4 0c800793 addi             x15, x0, 200        x15=000000c8
11354847ns          182409 1c008fa8 9e97d0e3 bge              x15, x9, -1568      x15:000000c8  x9:00000002
11354907ns          182412 1c008988 0f24d163 bge              x9, x18, 226         x9:00000002 x18:00000000
11355504ns          182442 1c008a6a d00482e3 beq              x9, x0, -764         x9:00000002
11355523ns          182443 1c008a6e 01900933 add              x18, x0, x25        x18=10000e9c x25:10000e9c
11355563ns          182445 1c008a70 419d8db3 sub              x27, x27, x25       x27=effff177 x27:00000013 x25:10000e9c
11355603ns          182447 1c008a74 00a0006f jal              x0, 10             
11355703ns          182452 1c008a7e 0019450b p.lbu            x10, 1(x18!)        x10=00000035 x18=10000e9d x18:10000e9c  PA:10000e9c
11355722ns          182453 1c008a82 01a005b3 add              x11, x0, x26        x11=00000002 x26:00000002
11355742ns          182454 1c008a84 000b00e7 jalr             x1, x22, 0           x1=1c008a86 x22:1c0086b4
11355782ns          182456 1c0086b4 000026b7 lui              x13, 0x2000         x13=00002000
11355802ns          182457 1c0086b6 f14027f3 csrrs            x15, x0, 0xf14      x15=00000001
11355822ns          182458 1c0086ba f8068693 addi             x13, x13, -128      x13=00001f80 x13:00002000
11355842ns          182459 1c0086be 00379713 slli             x14, x15, 0x3       x14=00000008 x15:00000001
11355862ns          182460 1c0086c2 00279793 slli             x15, x15, 0x2       x15=00000004 x15:00000001
11355882ns          182461 1c0086c4 00d7f7b3 and              x15, x15, x13       x15=00000000 x15:00000004 x13:00001f80
11355901ns          182462 1c0086c6 ee873733 p.bclr           x14, x14, 23, 8     x14=00000008 x14:00000008
11355921ns          182463 1c0086ca 1a10f6b7 lui              x13, 0x1a10f000     x13=1a10f000
11355961ns          182465 1c0086ce 0ff57513 andi             x10, x10, 255       x10=00000035 x10:00000035
11355981ns          182466 1c0086d2 00d70733 add              x14, x14, x13       x14=1a10f008 x14:00000008 x13:1a10f000
11356001ns          182467 1c0086d4 00a7e723 p.sw             x10, x0(x15)        x10:00000035 x15:00000000  PA:1a10f008
11356359ns          182485 1c0086d8 00000513 addi             x10, x0, 0          x10=00000000
11356379ns          182486 1c0086da 00008067 jalr             x0, x1, 0            x1:1c008a86
11356419ns          182488 1c008a86 fff48493 addi             x9, x9, -1           x9=00000001  x9:00000002
11356438ns          182489 1c008a88 fff537e3 p.bneimm         x10, -18            x10:00000000
11356518ns          182493 1c008a76 012d8733 add              x14, x27, x18       x14=00000014 x27:effff177 x18:10000e9d
11356538ns          182494 1c008a7a 5a048b63 beq              x9, x0, 1462         x9:00000001
11356558ns          182495 1c008a7e 0019450b p.lbu            x10, 1(x18!)        x10=00000030 x18=10000e9e x18:10000e9d  PA:10000e9d
11356578ns          182496 1c008a82 01a005b3 add              x11, x0, x26        x11=00000002 x26:00000002
11356598ns          182497 1c008a84 000b00e7 jalr             x1, x22, 0           x1=1c008a86 x22:1c0086b4
11356637ns          182499 1c0086b4 000026b7 lui              x13, 0x2000         x13=00002000
11356657ns          182500 1c0086b6 f14027f3 csrrs            x15, x0, 0xf14      x15=00000001
11356677ns          182501 1c0086ba f8068693 addi             x13, x13, -128      x13=00001f80 x13:00002000
11356697ns          182502 1c0086be 00379713 slli             x14, x15, 0x3       x14=00000008 x15:00000001
11356717ns          182503 1c0086c2 00279793 slli             x15, x15, 0x2       x15=00000004 x15:00000001
11356737ns          182504 1c0086c4 00d7f7b3 and              x15, x15, x13       x15=00000000 x15:00000004 x13:00001f80
11356757ns          182505 1c0086c6 ee873733 p.bclr           x14, x14, 23, 8     x14=00000008 x14:00000008
11356777ns          182506 1c0086ca 1a10f6b7 lui              x13, 0x1a10f000     x13=1a10f000
11356796ns          182507 1c0086ce 0ff57513 andi             x10, x10, 255       x10=00000030 x10:00000030
11356816ns          182508 1c0086d2 00d70733 add              x14, x14, x13       x14=1a10f008 x14:00000008 x13:1a10f000
11356836ns          182509 1c0086d4 00a7e723 p.sw             x10, x0(x15)        x10:00000030 x15:00000000  PA:1a10f008
11357155ns          182525 1c0086d8 00000513 addi             x10, x0, 0          x10=00000000
11357174ns          182526 1c0086da 00008067 jalr             x0, x1, 0            x1:1c008a86
11357214ns          182528 1c008a86 fff48493 addi             x9, x9, -1           x9=00000000  x9:00000001
11357234ns          182529 1c008a88 fff537e3 p.bneimm         x10, -18            x10:00000000
11357314ns          182533 1c008a76 012d8733 add              x14, x27, x18       x14=00000015 x27:effff177 x18:10000e9e
11357334ns          182534 1c008a7a 5a048b63 beq              x9, x0, 1462         x9:00000000
11357433ns          182539 1c009030 00e00db3 add              x27, x0, x14        x27=00000015 x14:00000015
11357473ns          182541 1c009032 f3cff06f jal              x0, -2244          
11357532ns          182544 1c00876e 00044503 lbu              x10, 0(x8)          x10=00000020  x8:1c000032  PA:1c000032
11357831ns          182559 1c008772 00140413 addi             x8, x8, 1            x8=1c000033  x8:1c000032
11357851ns          182560 1c008774 00050e63 beq              x10, x0, 28         x10:00000020
11357871ns          182561 1c008776 02500793 addi             x15, x0, 37         x15=00000025
11357890ns          182562 1c00877a 04f50863 beq              x10, x15, 80        x10:00000020 x15:00000025
11357910ns          182563 1c00877e 01a005b3 add              x11, x0, x26        x11=00000002 x26:00000002
11357930ns          182564 1c008780 000b00e7 jalr             x1, x22, 0           x1=1c008782 x22:1c0086b4
11358010ns          182568 1c0086b4 000026b7 lui              x13, 0x2000         x13=00002000
11358050ns          182570 1c0086b6 f14027f3 csrrs            x15, x0, 0xf14      x15=00000001
11358070ns          182571 1c0086ba f8068693 addi             x13, x13, -128      x13=00001f80 x13:00002000
11358089ns          182572 1c0086be 00379713 slli             x14, x15, 0x3       x14=00000008 x15:00000001
11358109ns          182573 1c0086c2 00279793 slli             x15, x15, 0x2       x15=00000004 x15:00000001
11358129ns          182574 1c0086c4 00d7f7b3 and              x15, x15, x13       x15=00000000 x15:00000004 x13:00001f80
11358149ns          182575 1c0086c6 ee873733 p.bclr           x14, x14, 23, 8     x14=00000008 x14:00000008
11358169ns          182576 1c0086ca 1a10f6b7 lui              x13, 0x1a10f000     x13=1a10f000
11358189ns          182577 1c0086ce 0ff57513 andi             x10, x10, 255       x10=00000020 x10:00000020
11358209ns          182578 1c0086d2 00d70733 add              x14, x14, x13       x14=1a10f008 x14:00000008 x13:1a10f000
11358229ns          182579 1c0086d4 00a7e723 p.sw             x10, x0(x15)        x10:00000020 x15:00000000  PA:1a10f008
11358547ns          182595 1c0086d8 00000513 addi             x10, x0, 0          x10=00000000
11358567ns          182596 1c0086da 00008067 jalr             x0, x1, 0            x1:1c008782
11358626ns          182599 1c008782 31f52563 p.beqimm         x10, 778            x10:00000000
11358646ns          182600 1c008786 001d8d93 addi             x27, x27, 1         x27=00000016 x27:00000015
11358666ns          182601 1c008788 00044503 lbu              x10, 0(x8)          x10=00000077  x8:1c000033  PA:1c000033
11358965ns          182616 1c00878c 00140413 addi             x8, x8, 1            x8=1c000034  x8:1c000033
11358984ns          182617 1c00878e fe0514e3 bne              x10, x0, -24        x10:00000077
11359064ns          182621 1c008776 02500793 addi             x15, x0, 37         x15=00000025
11359084ns          182622 1c00877a 04f50863 beq              x10, x15, 80        x10:00000077 x15:00000025
11359104ns          182623 1c00877e 01a005b3 add              x11, x0, x26        x11=00000002 x26:00000002
11359124ns          182624 1c008780 000b00e7 jalr             x1, x22, 0           x1=1c008782 x22:1c0086b4
11359163ns          182626 1c0086b4 000026b7 lui              x13, 0x2000         x13=00002000
11359183ns          182627 1c0086b6 f14027f3 csrrs            x15, x0, 0xf14      x15=00000001
11359203ns          182628 1c0086ba f8068693 addi             x13, x13, -128      x13=00001f80 x13:00002000
11359223ns          182629 1c0086be 00379713 slli             x14, x15, 0x3       x14=00000008 x15:00000001
11359243ns          182630 1c0086c2 00279793 slli             x15, x15, 0x2       x15=00000004 x15:00000001
11359263ns          182631 1c0086c4 00d7f7b3 and              x15, x15, x13       x15=00000000 x15:00000004 x13:00001f80
11359283ns          182632 1c0086c6 ee873733 p.bclr           x14, x14, 23, 8     x14=00000008 x14:00000008
11359303ns          182633 1c0086ca 1a10f6b7 lui              x13, 0x1a10f000     x13=1a10f000
11359323ns          182634 1c0086ce 0ff57513 andi             x10, x10, 255       x10=00000077 x10:00000077
11359343ns          182635 1c0086d2 00d70733 add              x14, x14, x13       x14=1a10f008 x14:00000008 x13:1a10f000
11359362ns          182636 1c0086d4 00a7e723 p.sw             x10, x0(x15)        x10:00000077 x15:00000000  PA:1a10f008
11359681ns          182652 1c0086d8 00000513 addi             x10, x0, 0          x10=00000000
11359701ns          182653 1c0086da 00008067 jalr             x0, x1, 0            x1:1c008782
11359760ns          182656 1c008782 31f52563 p.beqimm         x10, 778            x10:00000000
11359780ns          182657 1c008786 001d8d93 addi             x27, x27, 1         x27=00000017 x27:00000016
11359800ns          182658 1c008788 00044503 lbu              x10, 0(x8)          x10=0000006f  x8:1c000034  PA:1c000034
11360098ns          182673 1c00878c 00140413 addi             x8, x8, 1            x8=1c000035  x8:1c000034
11360118ns          182674 1c00878e fe0514e3 bne              x10, x0, -24        x10:0000006f
11360198ns          182678 1c008776 02500793 addi             x15, x0, 37         x15=00000025
11360218ns          182679 1c00877a 04f50863 beq              x10, x15, 80        x10:0000006f x15:00000025
11360238ns          182680 1c00877e 01a005b3 add              x11, x0, x26        x11=00000002 x26:00000002
11360257ns          182681 1c008780 000b00e7 jalr             x1, x22, 0           x1=1c008782 x22:1c0086b4
11360297ns          182683 1c0086b4 000026b7 lui              x13, 0x2000         x13=00002000
11360317ns          182684 1c0086b6 f14027f3 csrrs            x15, x0, 0xf14      x15=00000001
11360337ns          182685 1c0086ba f8068693 addi             x13, x13, -128      x13=00001f80 x13:00002000
11360357ns          182686 1c0086be 00379713 slli             x14, x15, 0x3       x14=00000008 x15:00000001
11360377ns          182687 1c0086c2 00279793 slli             x15, x15, 0x2       x15=00000004 x15:00000001
11360397ns          182688 1c0086c4 00d7f7b3 and              x15, x15, x13       x15=00000000 x15:00000004 x13:00001f80
11360417ns          182689 1c0086c6 ee873733 p.bclr           x14, x14, 23, 8     x14=00000008 x14:00000008
11360437ns          182690 1c0086ca 1a10f6b7 lui              x13, 0x1a10f000     x13=1a10f000
11360456ns          182691 1c0086ce 0ff57513 andi             x10, x10, 255       x10=0000006f x10:0000006f
11360476ns          182692 1c0086d2 00d70733 add              x14, x14, x13       x14=1a10f008 x14:00000008 x13:1a10f000
11360496ns          182693 1c0086d4 00a7e723 p.sw             x10, x0(x15)        x10:0000006f x15:00000000  PA:1a10f008
11360814ns          182709 1c0086d8 00000513 addi             x10, x0, 0          x10=00000000
11360834ns          182710 1c0086da 00008067 jalr             x0, x1, 0            x1:1c008782
11360894ns          182713 1c008782 31f52563 p.beqimm         x10, 778            x10:00000000
11360914ns          182714 1c008786 001d8d93 addi             x27, x27, 1         x27=00000018 x27:00000017
11360934ns          182715 1c008788 00044503 lbu              x10, 0(x8)          x10=00000072  x8:1c000035  PA:1c000035
11361232ns          182730 1c00878c 00140413 addi             x8, x8, 1            x8=1c000036  x8:1c000035
11361252ns          182731 1c00878e fe0514e3 bne              x10, x0, -24        x10:00000072
11361332ns          182735 1c008776 02500793 addi             x15, x0, 37         x15=00000025
11361351ns          182736 1c00877a 04f50863 beq              x10, x15, 80        x10:00000072 x15:00000025
11361371ns          182737 1c00877e 01a005b3 add              x11, x0, x26        x11=00000002 x26:00000002
11361391ns          182738 1c008780 000b00e7 jalr             x1, x22, 0           x1=1c008782 x22:1c0086b4
11361431ns          182740 1c0086b4 000026b7 lui              x13, 0x2000         x13=00002000
11361451ns          182741 1c0086b6 f14027f3 csrrs            x15, x0, 0xf14      x15=00000001
11361471ns          182742 1c0086ba f8068693 addi             x13, x13, -128      x13=00001f80 x13:00002000
11361491ns          182743 1c0086be 00379713 slli             x14, x15, 0x3       x14=00000008 x15:00000001
11361511ns          182744 1c0086c2 00279793 slli             x15, x15, 0x2       x15=00000004 x15:00000001
11361530ns          182745 1c0086c4 00d7f7b3 and              x15, x15, x13       x15=00000000 x15:00000004 x13:00001f80
11361550ns          182746 1c0086c6 ee873733 p.bclr           x14, x14, 23, 8     x14=00000008 x14:00000008
11361570ns          182747 1c0086ca 1a10f6b7 lui              x13, 0x1a10f000     x13=1a10f000
11361590ns          182748 1c0086ce 0ff57513 andi             x10, x10, 255       x10=00000072 x10:00000072
11361610ns          182749 1c0086d2 00d70733 add              x14, x14, x13       x14=1a10f008 x14:00000008 x13:1a10f000
11361630ns          182750 1c0086d4 00a7e723 p.sw             x10, x0(x15)        x10:00000072 x15:00000000  PA:1a10f008
11361988ns          182768 1c0086d8 00000513 addi             x10, x0, 0          x10=00000000
11362008ns          182769 1c0086da 00008067 jalr             x0, x1, 0            x1:1c008782
11362068ns          182772 1c008782 31f52563 p.beqimm         x10, 778            x10:00000000
11362087ns          182773 1c008786 001d8d93 addi             x27, x27, 1         x27=00000019 x27:00000018
11362107ns          182774 1c008788 00044503 lbu              x10, 0(x8)          x10=00000064  x8:1c000036  PA:1c000036
11362406ns          182789 1c00878c 00140413 addi             x8, x8, 1            x8=1c000037  x8:1c000036
11362426ns          182790 1c00878e fe0514e3 bne              x10, x0, -24        x10:00000064
11362505ns          182794 1c008776 02500793 addi             x15, x0, 37         x15=00000025
11362525ns          182795 1c00877a 04f50863 beq              x10, x15, 80        x10:00000064 x15:00000025
11362545ns          182796 1c00877e 01a005b3 add              x11, x0, x26        x11=00000002 x26:00000002
11362565ns          182797 1c008780 000b00e7 jalr             x1, x22, 0           x1=1c008782 x22:1c0086b4
11362605ns          182799 1c0086b4 000026b7 lui              x13, 0x2000         x13=00002000
11362624ns          182800 1c0086b6 f14027f3 csrrs            x15, x0, 0xf14      x15=00000001
11362644ns          182801 1c0086ba f8068693 addi             x13, x13, -128      x13=00001f80 x13:00002000
11362664ns          182802 1c0086be 00379713 slli             x14, x15, 0x3       x14=00000008 x15:00000001
11362684ns          182803 1c0086c2 00279793 slli             x15, x15, 0x2       x15=00000004 x15:00000001
11362704ns          182804 1c0086c4 00d7f7b3 and              x15, x15, x13       x15=00000000 x15:00000004 x13:00001f80
11362724ns          182805 1c0086c6 ee873733 p.bclr           x14, x14, 23, 8     x14=00000008 x14:00000008
11362744ns          182806 1c0086ca 1a10f6b7 lui              x13, 0x1a10f000     x13=1a10f000
11362764ns          182807 1c0086ce 0ff57513 andi             x10, x10, 255       x10=00000064 x10:00000064
11362784ns          182808 1c0086d2 00d70733 add              x14, x14, x13       x14=1a10f008 x14:00000008 x13:1a10f000
11362804ns          182809 1c0086d4 00a7e723 p.sw             x10, x0(x15)        x10:00000064 x15:00000000  PA:1a10f008
11363122ns          182825 1c0086d8 00000513 addi             x10, x0, 0          x10=00000000
11363142ns          182826 1c0086da 00008067 jalr             x0, x1, 0            x1:1c008782
11363201ns          182829 1c008782 31f52563 p.beqimm         x10, 778            x10:00000000
11363221ns          182830 1c008786 001d8d93 addi             x27, x27, 1         x27=0000001a x27:00000019
11363241ns          182831 1c008788 00044503 lbu              x10, 0(x8)          x10=00000073  x8:1c000037  PA:1c000037
11363539ns          182846 1c00878c 00140413 addi             x8, x8, 1            x8=1c000038  x8:1c000037
11363559ns          182847 1c00878e fe0514e3 bne              x10, x0, -24        x10:00000073
11363639ns          182851 1c008776 02500793 addi             x15, x0, 37         x15=00000025
11363659ns          182852 1c00877a 04f50863 beq              x10, x15, 80        x10:00000073 x15:00000025
11363679ns          182853 1c00877e 01a005b3 add              x11, x0, x26        x11=00000002 x26:00000002
11363699ns          182854 1c008780 000b00e7 jalr             x1, x22, 0           x1=1c008782 x22:1c0086b4
11363738ns          182856 1c0086b4 000026b7 lui              x13, 0x2000         x13=00002000
11363758ns          182857 1c0086b6 f14027f3 csrrs            x15, x0, 0xf14      x15=00000001
11363778ns          182858 1c0086ba f8068693 addi             x13, x13, -128      x13=00001f80 x13:00002000
11363798ns          182859 1c0086be 00379713 slli             x14, x15, 0x3       x14=00000008 x15:00000001
11363818ns          182860 1c0086c2 00279793 slli             x15, x15, 0x2       x15=00000004 x15:00000001
11363838ns          182861 1c0086c4 00d7f7b3 and              x15, x15, x13       x15=00000000 x15:00000004 x13:00001f80
11363858ns          182862 1c0086c6 ee873733 p.bclr           x14, x14, 23, 8     x14=00000008 x14:00000008
11363878ns          182863 1c0086ca 1a10f6b7 lui              x13, 0x1a10f000     x13=1a10f000
11363897ns          182864 1c0086ce 0ff57513 andi             x10, x10, 255       x10=00000073 x10:00000073
11363917ns          182865 1c0086d2 00d70733 add              x14, x14, x13       x14=1a10f008 x14:00000008 x13:1a10f000
11363937ns          182866 1c0086d4 00a7e723 p.sw             x10, x0(x15)        x10:00000073 x15:00000000  PA:1a10f008
11364256ns          182882 1c0086d8 00000513 addi             x10, x0, 0          x10=00000000
11364275ns          182883 1c0086da 00008067 jalr             x0, x1, 0            x1:1c008782
11364335ns          182886 1c008782 31f52563 p.beqimm         x10, 778            x10:00000000
11364355ns          182887 1c008786 001d8d93 addi             x27, x27, 1         x27=0000001b x27:0000001a
11364375ns          182888 1c008788 00044503 lbu              x10, 0(x8)          x10=00000020  x8:1c000038  PA:1c000038
11364693ns          182904 1c00878c 00140413 addi             x8, x8, 1            x8=1c000039  x8:1c000038
11364713ns          182905 1c00878e fe0514e3 bne              x10, x0, -24        x10:00000020
11364793ns          182909 1c008776 02500793 addi             x15, x0, 37         x15=00000025
11364812ns          182910 1c00877a 04f50863 beq              x10, x15, 80        x10:00000020 x15:00000025
11364832ns          182911 1c00877e 01a005b3 add              x11, x0, x26        x11=00000002 x26:00000002
11364852ns          182912 1c008780 000b00e7 jalr             x1, x22, 0           x1=1c008782 x22:1c0086b4
11364892ns          182914 1c0086b4 000026b7 lui              x13, 0x2000         x13=00002000
11364912ns          182915 1c0086b6 f14027f3 csrrs            x15, x0, 0xf14      x15=00000001
11364932ns          182916 1c0086ba f8068693 addi             x13, x13, -128      x13=00001f80 x13:00002000
11364952ns          182917 1c0086be 00379713 slli             x14, x15, 0x3       x14=00000008 x15:00000001
11364972ns          182918 1c0086c2 00279793 slli             x15, x15, 0x2       x15=00000004 x15:00000001
11364991ns          182919 1c0086c4 00d7f7b3 and              x15, x15, x13       x15=00000000 x15:00000004 x13:00001f80
11365011ns          182920 1c0086c6 ee873733 p.bclr           x14, x14, 23, 8     x14=00000008 x14:00000008
11365031ns          182921 1c0086ca 1a10f6b7 lui              x13, 0x1a10f000     x13=1a10f000
11365051ns          182922 1c0086ce 0ff57513 andi             x10, x10, 255       x10=00000020 x10:00000020
11365071ns          182923 1c0086d2 00d70733 add              x14, x14, x13       x14=1a10f008 x14:00000008 x13:1a10f000
11365091ns          182924 1c0086d4 00a7e723 p.sw             x10, x0(x15)        x10:00000020 x15:00000000  PA:1a10f008
11365409ns          182940 1c0086d8 00000513 addi             x10, x0, 0          x10=00000000
11365429ns          182941 1c0086da 00008067 jalr             x0, x1, 0            x1:1c008782
11365489ns          182944 1c008782 31f52563 p.beqimm         x10, 778            x10:00000000
11365509ns          182945 1c008786 001d8d93 addi             x27, x27, 1         x27=0000001c x27:0000001b
11365529ns          182946 1c008788 00044503 lbu              x10, 0(x8)          x10=00000074  x8:1c000039  PA:1c000039
11365827ns          182961 1c00878c 00140413 addi             x8, x8, 1            x8=1c00003a  x8:1c000039
11365847ns          182962 1c00878e fe0514e3 bne              x10, x0, -24        x10:00000074
11365926ns          182966 1c008776 02500793 addi             x15, x0, 37         x15=00000025
11365946ns          182967 1c00877a 04f50863 beq              x10, x15, 80        x10:00000074 x15:00000025
11365966ns          182968 1c00877e 01a005b3 add              x11, x0, x26        x11=00000002 x26:00000002
11365986ns          182969 1c008780 000b00e7 jalr             x1, x22, 0           x1=1c008782 x22:1c0086b4
11366026ns          182971 1c0086b4 000026b7 lui              x13, 0x2000         x13=00002000
11366046ns          182972 1c0086b6 f14027f3 csrrs            x15, x0, 0xf14      x15=00000001
11366066ns          182973 1c0086ba f8068693 addi             x13, x13, -128      x13=00001f80 x13:00002000
11366085ns          182974 1c0086be 00379713 slli             x14, x15, 0x3       x14=00000008 x15:00000001
11366105ns          182975 1c0086c2 00279793 slli             x15, x15, 0x2       x15=00000004 x15:00000001
11366125ns          182976 1c0086c4 00d7f7b3 and              x15, x15, x13       x15=00000000 x15:00000004 x13:00001f80
11366145ns          182977 1c0086c6 ee873733 p.bclr           x14, x14, 23, 8     x14=00000008 x14:00000008
11366165ns          182978 1c0086ca 1a10f6b7 lui              x13, 0x1a10f000     x13=1a10f000
11366185ns          182979 1c0086ce 0ff57513 andi             x10, x10, 255       x10=00000074 x10:00000074
11366205ns          182980 1c0086d2 00d70733 add              x14, x14, x13       x14=1a10f008 x14:00000008 x13:1a10f000
11366225ns          182981 1c0086d4 00a7e723 p.sw             x10, x0(x15)        x10:00000074 x15:00000000  PA:1a10f008
11366543ns          182997 1c0086d8 00000513 addi             x10, x0, 0          x10=00000000
11366563ns          182998 1c0086da 00008067 jalr             x0, x1, 0            x1:1c008782
11366623ns          183001 1c008782 31f52563 p.beqimm         x10, 778            x10:00000000
11366642ns          183002 1c008786 001d8d93 addi             x27, x27, 1         x27=0000001d x27:0000001c
11366662ns          183003 1c008788 00044503 lbu              x10, 0(x8)          x10=0000006f  x8:1c00003a  PA:1c00003a
11366961ns          183018 1c00878c 00140413 addi             x8, x8, 1            x8=1c00003b  x8:1c00003a
11366981ns          183019 1c00878e fe0514e3 bne              x10, x0, -24        x10:0000006f
11367060ns          183023 1c008776 02500793 addi             x15, x0, 37         x15=00000025
11367080ns          183024 1c00877a 04f50863 beq              x10, x15, 80        x10:0000006f x15:00000025
11367100ns          183025 1c00877e 01a005b3 add              x11, x0, x26        x11=00000002 x26:00000002
11367120ns          183026 1c008780 000b00e7 jalr             x1, x22, 0           x1=1c008782 x22:1c0086b4
11367160ns          183028 1c0086b4 000026b7 lui              x13, 0x2000         x13=00002000
11367179ns          183029 1c0086b6 f14027f3 csrrs            x15, x0, 0xf14      x15=00000001
11367199ns          183030 1c0086ba f8068693 addi             x13, x13, -128      x13=00001f80 x13:00002000
11367219ns          183031 1c0086be 00379713 slli             x14, x15, 0x3       x14=00000008 x15:00000001
11367239ns          183032 1c0086c2 00279793 slli             x15, x15, 0x2       x15=00000004 x15:00000001
11367259ns          183033 1c0086c4 00d7f7b3 and              x15, x15, x13       x15=00000000 x15:00000004 x13:00001f80
11367279ns          183034 1c0086c6 ee873733 p.bclr           x14, x14, 23, 8     x14=00000008 x14:00000008
11367299ns          183035 1c0086ca 1a10f6b7 lui              x13, 0x1a10f000     x13=1a10f000
11367319ns          183036 1c0086ce 0ff57513 andi             x10, x10, 255       x10=0000006f x10:0000006f
11367339ns          183037 1c0086d2 00d70733 add              x14, x14, x13       x14=1a10f008 x14:00000008 x13:1a10f000
11367358ns          183038 1c0086d4 00a7e723 p.sw             x10, x0(x15)        x10:0000006f x15:00000000  PA:1a10f008
11367677ns          183054 1c0086d8 00000513 addi             x10, x0, 0          x10=00000000
11367697ns          183055 1c0086da 00008067 jalr             x0, x1, 0            x1:1c008782
11367756ns          183058 1c008782 31f52563 p.beqimm         x10, 778            x10:00000000
11367776ns          183059 1c008786 001d8d93 addi             x27, x27, 1         x27=0000001e x27:0000001d
11367796ns          183060 1c008788 00044503 lbu              x10, 0(x8)          x10=0000006f  x8:1c00003b  PA:1c00003b
11368094ns          183075 1c00878c 00140413 addi             x8, x8, 1            x8=1c00003c  x8:1c00003b
11368114ns          183076 1c00878e fe0514e3 bne              x10, x0, -24        x10:0000006f
11368194ns          183080 1c008776 02500793 addi             x15, x0, 37         x15=00000025
11368214ns          183081 1c00877a 04f50863 beq              x10, x15, 80        x10:0000006f x15:00000025
11368234ns          183082 1c00877e 01a005b3 add              x11, x0, x26        x11=00000002 x26:00000002
11368254ns          183083 1c008780 000b00e7 jalr             x1, x22, 0           x1=1c008782 x22:1c0086b4
11368293ns          183085 1c0086b4 000026b7 lui              x13, 0x2000         x13=00002000
11368313ns          183086 1c0086b6 f14027f3 csrrs            x15, x0, 0xf14      x15=00000001
11368333ns          183087 1c0086ba f8068693 addi             x13, x13, -128      x13=00001f80 x13:00002000
11368353ns          183088 1c0086be 00379713 slli             x14, x15, 0x3       x14=00000008 x15:00000001
11368373ns          183089 1c0086c2 00279793 slli             x15, x15, 0x2       x15=00000004 x15:00000001
11368393ns          183090 1c0086c4 00d7f7b3 and              x15, x15, x13       x15=00000000 x15:00000004 x13:00001f80
11368413ns          183091 1c0086c6 ee873733 p.bclr           x14, x14, 23, 8     x14=00000008 x14:00000008
11368433ns          183092 1c0086ca 1a10f6b7 lui              x13, 0x1a10f000     x13=1a10f000
11368452ns          183093 1c0086ce 0ff57513 andi             x10, x10, 255       x10=0000006f x10:0000006f
11368472ns          183094 1c0086d2 00d70733 add              x14, x14, x13       x14=1a10f008 x14:00000008 x13:1a10f000
11368492ns          183095 1c0086d4 00a7e723 p.sw             x10, x0(x15)        x10:0000006f x15:00000000  PA:1a10f008
11368811ns          183111 1c0086d8 00000513 addi             x10, x0, 0          x10=00000000
11368830ns          183112 1c0086da 00008067 jalr             x0, x1, 0            x1:1c008782
11368890ns          183115 1c008782 31f52563 p.beqimm         x10, 778            x10:00000000
11368910ns          183116 1c008786 001d8d93 addi             x27, x27, 1         x27=0000001f x27:0000001e
11368930ns          183117 1c008788 00044503 lbu              x10, 0(x8)          x10=0000006b  x8:1c00003c  PA:1c00003c
11369228ns          183132 1c00878c 00140413 addi             x8, x8, 1            x8=1c00003d  x8:1c00003c
11369248ns          183133 1c00878e fe0514e3 bne              x10, x0, -24        x10:0000006b
11369328ns          183137 1c008776 02500793 addi             x15, x0, 37         x15=00000025
11369348ns          183138 1c00877a 04f50863 beq              x10, x15, 80        x10:0000006b x15:00000025
11369367ns          183139 1c00877e 01a005b3 add              x11, x0, x26        x11=00000002 x26:00000002
11369387ns          183140 1c008780 000b00e7 jalr             x1, x22, 0           x1=1c008782 x22:1c0086b4
11369427ns          183142 1c0086b4 000026b7 lui              x13, 0x2000         x13=00002000
11369447ns          183143 1c0086b6 f14027f3 csrrs            x15, x0, 0xf14      x15=00000001
11369467ns          183144 1c0086ba f8068693 addi             x13, x13, -128      x13=00001f80 x13:00002000
11369487ns          183145 1c0086be 00379713 slli             x14, x15, 0x3       x14=00000008 x15:00000001
11369507ns          183146 1c0086c2 00279793 slli             x15, x15, 0x2       x15=00000004 x15:00000001
11369527ns          183147 1c0086c4 00d7f7b3 and              x15, x15, x13       x15=00000000 x15:00000004 x13:00001f80
11369546ns          183148 1c0086c6 ee873733 p.bclr           x14, x14, 23, 8     x14=00000008 x14:00000008
11369566ns          183149 1c0086ca 1a10f6b7 lui              x13, 0x1a10f000     x13=1a10f000
11369586ns          183150 1c0086ce 0ff57513 andi             x10, x10, 255       x10=0000006b x10:0000006b
11369606ns          183151 1c0086d2 00d70733 add              x14, x14, x13       x14=1a10f008 x14:00000008 x13:1a10f000
11369626ns          183152 1c0086d4 00a7e723 p.sw             x10, x0(x15)        x10:0000006b x15:00000000  PA:1a10f008
11369964ns          183169 1c0086d8 00000513 addi             x10, x0, 0          x10=00000000
11369984ns          183170 1c0086da 00008067 jalr             x0, x1, 0            x1:1c008782
11370044ns          183173 1c008782 31f52563 p.beqimm         x10, 778            x10:00000000
11370064ns          183174 1c008786 001d8d93 addi             x27, x27, 1         x27=00000020 x27:0000001f
11370084ns          183175 1c008788 00044503 lbu              x10, 0(x8)          x10=00000020  x8:1c00003d  PA:1c00003d
11370382ns          183190 1c00878c 00140413 addi             x8, x8, 1            x8=1c00003e  x8:1c00003d
11370402ns          183191 1c00878e fe0514e3 bne              x10, x0, -24        x10:00000020
11370481ns          183195 1c008776 02500793 addi             x15, x0, 37         x15=00000025
11370501ns          183196 1c00877a 04f50863 beq              x10, x15, 80        x10:00000020 x15:00000025
11370521ns          183197 1c00877e 01a005b3 add              x11, x0, x26        x11=00000002 x26:00000002
11370541ns          183198 1c008780 000b00e7 jalr             x1, x22, 0           x1=1c008782 x22:1c0086b4
11370581ns          183200 1c0086b4 000026b7 lui              x13, 0x2000         x13=00002000
11370601ns          183201 1c0086b6 f14027f3 csrrs            x15, x0, 0xf14      x15=00000001
11370621ns          183202 1c0086ba f8068693 addi             x13, x13, -128      x13=00001f80 x13:00002000
11370640ns          183203 1c0086be 00379713 slli             x14, x15, 0x3       x14=00000008 x15:00000001
11370660ns          183204 1c0086c2 00279793 slli             x15, x15, 0x2       x15=00000004 x15:00000001
11370680ns          183205 1c0086c4 00d7f7b3 and              x15, x15, x13       x15=00000000 x15:00000004 x13:00001f80
11370700ns          183206 1c0086c6 ee873733 p.bclr           x14, x14, 23, 8     x14=00000008 x14:00000008
11370720ns          183207 1c0086ca 1a10f6b7 lui              x13, 0x1a10f000     x13=1a10f000
11370740ns          183208 1c0086ce 0ff57513 andi             x10, x10, 255       x10=00000020 x10:00000020
11370760ns          183209 1c0086d2 00d70733 add              x14, x14, x13       x14=1a10f008 x14:00000008 x13:1a10f000
11370780ns          183210 1c0086d4 00a7e723 p.sw             x10, x0(x15)        x10:00000020 x15:00000000  PA:1a10f008
11371098ns          183226 1c0086d8 00000513 addi             x10, x0, 0          x10=00000000
11371118ns          183227 1c0086da 00008067 jalr             x0, x1, 0            x1:1c008782
11371178ns          183230 1c008782 31f52563 p.beqimm         x10, 778            x10:00000000
11371197ns          183231 1c008786 001d8d93 addi             x27, x27, 1         x27=00000021 x27:00000020
11371217ns          183232 1c008788 00044503 lbu              x10, 0(x8)          x10=00000025  x8:1c00003e  PA:1c00003e
11371516ns          183247 1c00878c 00140413 addi             x8, x8, 1            x8=1c00003f  x8:1c00003e
11371536ns          183248 1c00878e fe0514e3 bne              x10, x0, -24        x10:00000025
11371615ns          183252 1c008776 02500793 addi             x15, x0, 37         x15=00000025
11371635ns          183253 1c00877a 04f50863 beq              x10, x15, 80        x10:00000025 x15:00000025
11371715ns          183257 1c0087ca 00044483 lbu              x9, 0(x8)            x9=00000075  x8:1c00003f  PA:1c00003f
11372033ns          183273 1c0087ce 02000693 addi             x13, x0, 32         x13=00000020
11372053ns          183274 1c0087d2 00140a93 addi             x21, x8, 1          x21=1c000040  x8:1c00003f
11372073ns          183275 1c0087d6 009005b3 add              x11, x0, x9         x11=00000075  x9:00000075
11372092ns          183276 1c0087d8 064b8513 addi             x10, x23, 100       x10=1c000064 x23:1c000000
11372112ns          183277 1c0087dc 00d12823 sw               x13, 16(x2)         x13:00000020  x2:10000e78  PA:10000e88
11372132ns          183278 1c0087de 00012c23 sw               x0, 24(x2)           x2:10000e78  PA:10000e90
11372152ns          183279 1c0087e0 00012a23 sw               x0, 20(x2)           x2:10000e78  PA:10000e8c
11372172ns          183280 1c0087e2 00012e23 sw               x0, 28(x2)           x2:10000e78  PA:10000e94
11372192ns          183281 1c0087e4 00012623 sw               x0, 12(x2)           x2:10000e78  PA:10000e84
11372212ns          183282 1c0087e6 02300913 addi             x18, x0, 35         x18=00000023
11372232ns          183283 1c0087ea 02d00a13 addi             x20, x0, 45         x20=0000002d
11372252ns          183284 1c0087ee 015009b3 add              x19, x0, x21        x19=1c000040 x21:1c000040
11372272ns          183285 1c0087f0 e97ff0ef jal              x1, -362             x1=1c0087f2
11372391ns          183291 1c008686 00054783 lbu              x15, 0(x10)         x15=0000002d x10:1c000064  PA:1c000064
11372709ns          183307 1c00868a 0ff5f593 andi             x11, x11, 255       x11=00000075 x11:00000075
11372729ns          183308 1c00868e 00b78c63 beq              x15, x11, 24        x15:0000002d x11:00000075
11372749ns          183309 1c008692 00078b63 beq              x15, x0, 22         x15:0000002d
11372769ns          183310 1c008694 00150793 addi             x15, x10, 1         x15=1c000065 x10:1c000064
11372789ns          183311 1c008698 0040006f jal              x0, 4              
11372828ns          183313 1c00869c 00f00533 add              x10, x0, x15        x10=1c000065 x15:1c000065
11372848ns          183314 1c00869e 0017c70b p.lbu            x14, 1(x15!)        x14=0000002b x15=1c000066 x15:1c000065  PA:1c000065
11373167ns          183330 1c0086a2 feb71ce3 bne              x14, x11, -8        x14:0000002b x11:00000075
11373226ns          183333 1c00869a 00070763 beq              x14, x0, 14         x14:0000002b
11373246ns          183334 1c00869c 00f00533 add              x10, x0, x15        x10=1c000066 x15:1c000066
11373266ns          183335 1c00869e 0017c70b p.lbu            x14, 1(x15!)        x14=00000020 x15=1c000067 x15:1c000066  PA:1c000066
11373584ns          183351 1c0086a2 feb71ce3 bne              x14, x11, -8        x14:00000020 x11:00000075
11373644ns          183354 1c00869a 00070763 beq              x14, x0, 14         x14:00000020
11373664ns          183355 1c00869c 00f00533 add              x10, x0, x15        x10=1c000067 x15:1c000067
11373684ns          183356 1c00869e 0017c70b p.lbu            x14, 1(x15!)        x14=00000023 x15=1c000068 x15:1c000067  PA:1c000067
11374022ns          183373 1c0086a2 feb71ce3 bne              x14, x11, -8        x14:00000023 x11:00000075
11374082ns          183376 1c00869a 00070763 beq              x14, x0, 14         x14:00000023
11374101ns          183377 1c00869c 00f00533 add              x10, x0, x15        x10=1c000068 x15:1c000068
11374121ns          183378 1c00869e 0017c70b p.lbu            x14, 1(x15!)        x14=00000030 x15=1c000069 x15:1c000068  PA:1c000068
11374440ns          183394 1c0086a2 feb71ce3 bne              x14, x11, -8        x14:00000030 x11:00000075
11374499ns          183397 1c00869a 00070763 beq              x14, x0, 14         x14:00000030
11374519ns          183398 1c00869c 00f00533 add              x10, x0, x15        x10=1c000069 x15:1c000069
11374539ns          183399 1c00869e 0017c70b p.lbu            x14, 1(x15!)        x14=00000000 x15=1c00006a x15:1c000069  PA:1c000069
11374857ns          183415 1c0086a2 feb71ce3 bne              x14, x11, -8        x14:00000000 x11:00000075
11374917ns          183418 1c00869a 00070763 beq              x14, x0, 14         x14:00000000
11374977ns          183421 1c0086a8 0015b593 sltiu            x11, x11, 1         x11=00000000 x11:00000075
11374997ns          183422 1c0086ac 40b005b3 sub              x11, x0, x11        x11=00000000 x11:00000000
11375016ns          183423 1c0086b0 00b57533 and              x10, x10, x11       x10=00000000 x10:1c000069 x11:00000000
11375036ns          183424 1c0086b2 00008067 jalr             x0, x1, 0            x1:1c0087f2
11375076ns          183426 1c0087f2 02050a63 beq              x10, x0, 52         x10:00000000
11375156ns          183430 1c008826 02a00613 addi             x12, x0, 42         x12=0000002a
11375176ns          183431 1c00882a 2ac48663 beq              x9, x12, 684         x9:00000075 x12:0000002a
11375235ns          183434 1c00882e fd048613 addi             x12, x9, -48        x12=00000045  x9:00000075
11375255ns          183435 1c008832 00900593 addi             x11, x0, 9          x11=00000009
11375275ns          183436 1c008834 00000913 addi             x18, x0, 0          x18=00000000
11375295ns          183437 1c008836 28c5f063 bgeu             x11, x12, 640       x11:00000009 x12:00000045
11375315ns          183438 1c00883a 02e00693 addi             x13, x0, 46         x13=0000002e
11375335ns          183439 1c00883e fff00a13 addi             x20, x0, -1         x20=ffffffff
11375355ns          183440 1c008840 2ed48363 beq              x9, x13, 742         x9:00000075 x13:0000002e
11375374ns          183441 1c008844 1c0007b7 lui              x15, 0x1c000000     x15=1c000000
11375394ns          183442 1c008848 009005b3 add              x11, x0, x9         x11=00000075  x9:00000075
11375414ns          183443 1c00884a 06c78513 addi             x10, x15, 108       x10=1c00006c x15:1c000000
11375434ns          183444 1c00884e e39ff0ef jal              x1, -456             x1=1c008850
11375514ns          183448 1c008686 00054783 lbu              x15, 0(x10)         x15=00000068 x10:1c00006c  PA:1c00006c
11375812ns          183463 1c00868a 0ff5f593 andi             x11, x11, 255       x11=00000075 x11:00000075
11375832ns          183464 1c00868e 00b78c63 beq              x15, x11, 24        x15:00000068 x11:00000075
11375852ns          183465 1c008692 00078b63 beq              x15, x0, 22         x15:00000068
11375872ns          183466 1c008694 00150793 addi             x15, x10, 1         x15=1c00006d x10:1c00006c
11375892ns          183467 1c008698 0040006f jal              x0, 4              
11375931ns          183469 1c00869c 00f00533 add              x10, x0, x15        x10=1c00006d x15:1c00006d
11375951ns          183470 1c00869e 0017c70b p.lbu            x14, 1(x15!)        x14=0000006c x15=1c00006e x15:1c00006d  PA:1c00006d
11376270ns          183486 1c0086a2 feb71ce3 bne              x14, x11, -8        x14:0000006c x11:00000075
11376329ns          183489 1c00869a 00070763 beq              x14, x0, 14         x14:0000006c
11376349ns          183490 1c00869c 00f00533 add              x10, x0, x15        x10=1c00006e x15:1c00006e
11376369ns          183491 1c00869e 0017c70b p.lbu            x14, 1(x15!)        x14=0000004c x15=1c00006f x15:1c00006e  PA:1c00006e
11376707ns          183508 1c0086a2 feb71ce3 bne              x14, x11, -8        x14:0000004c x11:00000075
11376767ns          183511 1c00869a 00070763 beq              x14, x0, 14         x14:0000004c
11376787ns          183512 1c00869c 00f00533 add              x10, x0, x15        x10=1c00006f x15:1c00006f
11376807ns          183513 1c00869e 0017c70b p.lbu            x14, 1(x15!)        x14=0000007a x15=1c000070 x15:1c00006f  PA:1c00006f
11377125ns          183529 1c0086a2 feb71ce3 bne              x14, x11, -8        x14:0000007a x11:00000075
11377185ns          183532 1c00869a 00070763 beq              x14, x0, 14         x14:0000007a
11377204ns          183533 1c00869c 00f00533 add              x10, x0, x15        x10=1c000070 x15:1c000070
11377224ns          183534 1c00869e 0017c70b p.lbu            x14, 1(x15!)        x14=00000000 x15=1c000071 x15:1c000070  PA:1c000070
11377543ns          183550 1c0086a2 feb71ce3 bne              x14, x11, -8        x14:00000000 x11:00000075
11377602ns          183553 1c00869a 00070763 beq              x14, x0, 14         x14:00000000
11377662ns          183556 1c0086a8 0015b593 sltiu            x11, x11, 1         x11=00000000 x11:00000075
11377682ns          183557 1c0086ac 40b005b3 sub              x11, x0, x11        x11=00000000 x11:00000000
11377702ns          183558 1c0086b0 00b57533 and              x10, x10, x11       x10=00000000 x10:1c000070 x11:00000000
11377722ns          183559 1c0086b2 00008067 jalr             x0, x1, 0            x1:1c008850
11377761ns          183561 1c008850 01300433 add              x8, x0, x19          x8=1c000040 x19:1c000040
11377781ns          183562 1c008852 00050563 beq              x10, x0, 10         x10:00000000
11377841ns          183565 1c00885c 06700693 addi             x13, x0, 103        x13=00000067
11377901ns          183568 1c008860 2896d963 bge              x13, x9, 658        x13:00000067  x9:00000075
11377940ns          183570 1c008864 07000693 addi             x13, x0, 112        x13=00000070
11377960ns          183571 1c008868 7cd48763 beq              x9, x13, 1998        x9:00000075 x13:00000070
11377980ns          183572 1c00886c 2e96d163 bge              x13, x9, 738        x13:00000070  x9:00000075
11378378ns          183592 1c008870 07500693 addi             x13, x0, 117        x13=00000075
11378418ns          183594 1c008874 12d484e3 beq              x9, x13, 2344        x9:00000075 x13:00000075
11378895ns          183618 1c00919c 000c2683 lw               x13, 0(x24)         x13=00000000 x24:10000fd4  PA:10000fd4
11379372ns          183642 1c0091a0 019007b3 add              x15, x0, x25        x15=10000e9c x25:10000e9c
11379392ns          183643 1c0091a2 004c0c13 addi             x24, x24, 4         x24=10000fd8 x24:10000fd4
11379412ns          183644 1c0091a4 00a00593 addi             x11, x0, 10         x11=0000000a
11379432ns          183645 1c0091a6 02b6f733 remu             x14, x13, x11       x14=00000000 x13:00000000 x11:0000000a
11380049ns          183676 1c0091aa 02b6d6b3 divu             x13, x13, x11       x13=00000000 x13:00000000 x11:0000000a
11380665ns          183707 1c0091ae 03070713 addi             x14, x14, 48        x14=00000030 x14:00000000
11380685ns          183708 1c0091b2 00e780ab p.sb             x14, 1(x15!)        x15=10000e9d x14:00000030 x15:10000e9c  PA:10000e9c
11380705ns          183709 1c0091b6 fe0698e3 bne              x13, x0, -16        x13:00000000
11380725ns          183710 1c0091b8 419784b3 sub              x9, x15, x25         x9=00000001 x15:10000e9d x25:10000e9c
11380745ns          183711 1c0091bc 0144dd63 bge              x9, x20, 26          x9:00000001 x20:ffffffff
11381660ns          183757 1c0091d6 fe078fab p.sb             x0, -1(x15!)        x15=10000e9c x15:10000e9d  PA:10000e9d
11381680ns          183758 1c0091da 00fcfd63 bgeu             x25, x15, 26        x25:10000e9c x15:10000e9c
11382595ns          183804 1c0091f4 0c800793 addi             x15, x0, 200        x15=000000c8
11382635ns          183806 1c0091f8 03fa2b63 p.beqimm         x20, 54             x20:ffffffff
11384007ns          183875 1c00922e 8497cfe3 blt              x15, x9, -1954      x15:000000c8  x9:00000001
11384027ns          183876 1c009232 00012623 sw               x0, 12(x2)           x2:10000e78  PA:10000e84
11384047ns          183877 1c009234 f54ff06f jal              x0, -2220          
11384504ns          183900 1c008988 0f24d163 bge              x9, x18, 226         x9:00000001 x18:00000000
11384644ns          183907 1c008a6a d00482e3 beq              x9, x0, -764         x9:00000001
11384663ns          183908 1c008a6e 01900933 add              x18, x0, x25        x18=10000e9c x25:10000e9c
11384683ns          183909 1c008a70 419d8db3 sub              x27, x27, x25       x27=effff185 x27:00000021 x25:10000e9c
11384703ns          183910 1c008a74 00a0006f jal              x0, 10             
11384803ns          183915 1c008a7e 0019450b p.lbu            x10, 1(x18!)        x10=00000030 x18=10000e9d x18:10000e9c  PA:10000e9c
11384823ns          183916 1c008a82 01a005b3 add              x11, x0, x26        x11=00000002 x26:00000002
11384842ns          183917 1c008a84 000b00e7 jalr             x1, x22, 0           x1=1c008a86 x22:1c0086b4
11384922ns          183921 1c0086b4 000026b7 lui              x13, 0x2000         x13=00002000
11384962ns          183923 1c0086b6 f14027f3 csrrs            x15, x0, 0xf14      x15=00000001
11384982ns          183924 1c0086ba f8068693 addi             x13, x13, -128      x13=00001f80 x13:00002000
11385002ns          183925 1c0086be 00379713 slli             x14, x15, 0x3       x14=00000008 x15:00000001
11385021ns          183926 1c0086c2 00279793 slli             x15, x15, 0x2       x15=00000004 x15:00000001
11385041ns          183927 1c0086c4 00d7f7b3 and              x15, x15, x13       x15=00000000 x15:00000004 x13:00001f80
11385061ns          183928 1c0086c6 ee873733 p.bclr           x14, x14, 23, 8     x14=00000008 x14:00000008
11385081ns          183929 1c0086ca 1a10f6b7 lui              x13, 0x1a10f000     x13=1a10f000
11385121ns          183931 1c0086ce 0ff57513 andi             x10, x10, 255       x10=00000030 x10:00000030
11385141ns          183932 1c0086d2 00d70733 add              x14, x14, x13       x14=1a10f008 x14:00000008 x13:1a10f000
11385161ns          183933 1c0086d4 00a7e723 p.sw             x10, x0(x15)        x10:00000030 x15:00000000  PA:1a10f008
11385519ns          183951 1c0086d8 00000513 addi             x10, x0, 0          x10=00000000
11385539ns          183952 1c0086da 00008067 jalr             x0, x1, 0            x1:1c008a86
11385578ns          183954 1c008a86 fff48493 addi             x9, x9, -1           x9=00000000  x9:00000001
11385598ns          183955 1c008a88 fff537e3 p.bneimm         x10, -18            x10:00000000
11385738ns          183962 1c008a76 012d8733 add              x14, x27, x18       x14=00000022 x27:effff185 x18:10000e9d
11385757ns          183963 1c008a7a 5a048b63 beq              x9, x0, 1462         x9:00000000
11385857ns          183968 1c009030 00e00db3 add              x27, x0, x14        x27=00000022 x14:00000022
11385897ns          183970 1c009032 f3cff06f jal              x0, -2244          
11386016ns          183976 1c00876e 00044503 lbu              x10, 0(x8)          x10=00000020  x8:1c000040  PA:1c000040
11386314ns          183991 1c008772 00140413 addi             x8, x8, 1            x8=1c000041  x8:1c000040
11386334ns          183992 1c008774 00050e63 beq              x10, x0, 28         x10:00000020
11386354ns          183993 1c008776 02500793 addi             x15, x0, 37         x15=00000025
11386374ns          183994 1c00877a 04f50863 beq              x10, x15, 80        x10:00000020 x15:00000025
11386394ns          183995 1c00877e 01a005b3 add              x11, x0, x26        x11=00000002 x26:00000002
11386414ns          183996 1c008780 000b00e7 jalr             x1, x22, 0           x1=1c008782 x22:1c0086b4
11386493ns          184000 1c0086b4 000026b7 lui              x13, 0x2000         x13=00002000
11386533ns          184002 1c0086b6 f14027f3 csrrs            x15, x0, 0xf14      x15=00000001
11386553ns          184003 1c0086ba f8068693 addi             x13, x13, -128      x13=00001f80 x13:00002000
11386573ns          184004 1c0086be 00379713 slli             x14, x15, 0x3       x14=00000008 x15:00000001
11386593ns          184005 1c0086c2 00279793 slli             x15, x15, 0x2       x15=00000004 x15:00000001
11386613ns          184006 1c0086c4 00d7f7b3 and              x15, x15, x13       x15=00000000 x15:00000004 x13:00001f80
11386633ns          184007 1c0086c6 ee873733 p.bclr           x14, x14, 23, 8     x14=00000008 x14:00000008
11386653ns          184008 1c0086ca 1a10f6b7 lui              x13, 0x1a10f000     x13=1a10f000
11386672ns          184009 1c0086ce 0ff57513 andi             x10, x10, 255       x10=00000020 x10:00000020
11386692ns          184010 1c0086d2 00d70733 add              x14, x14, x13       x14=1a10f008 x14:00000008 x13:1a10f000
11386712ns          184011 1c0086d4 00a7e723 p.sw             x10, x0(x15)        x10:00000020 x15:00000000  PA:1a10f008
11387030ns          184027 1c0086d8 00000513 addi             x10, x0, 0          x10=00000000
11387050ns          184028 1c0086da 00008067 jalr             x0, x1, 0            x1:1c008782
11387110ns          184031 1c008782 31f52563 p.beqimm         x10, 778            x10:00000000
11387130ns          184032 1c008786 001d8d93 addi             x27, x27, 1         x27=00000023 x27:00000022
11387150ns          184033 1c008788 00044503 lbu              x10, 0(x8)          x10=00000063  x8:1c000041  PA:1c000041
11387448ns          184048 1c00878c 00140413 addi             x8, x8, 1            x8=1c000042  x8:1c000041
11387468ns          184049 1c00878e fe0514e3 bne              x10, x0, -24        x10:00000063
11387548ns          184053 1c008776 02500793 addi             x15, x0, 37         x15=00000025
11387567ns          184054 1c00877a 04f50863 beq              x10, x15, 80        x10:00000063 x15:00000025
11387587ns          184055 1c00877e 01a005b3 add              x11, x0, x26        x11=00000002 x26:00000002
11387607ns          184056 1c008780 000b00e7 jalr             x1, x22, 0           x1=1c008782 x22:1c0086b4
11387647ns          184058 1c0086b4 000026b7 lui              x13, 0x2000         x13=00002000
11387667ns          184059 1c0086b6 f14027f3 csrrs            x15, x0, 0xf14      x15=00000001
11387687ns          184060 1c0086ba f8068693 addi             x13, x13, -128      x13=00001f80 x13:00002000
11387707ns          184061 1c0086be 00379713 slli             x14, x15, 0x3       x14=00000008 x15:00000001
11387727ns          184062 1c0086c2 00279793 slli             x15, x15, 0x2       x15=00000004 x15:00000001
11387747ns          184063 1c0086c4 00d7f7b3 and              x15, x15, x13       x15=00000000 x15:00000004 x13:00001f80
11387766ns          184064 1c0086c6 ee873733 p.bclr           x14, x14, 23, 8     x14=00000008 x14:00000008
11387786ns          184065 1c0086ca 1a10f6b7 lui              x13, 0x1a10f000     x13=1a10f000
11387806ns          184066 1c0086ce 0ff57513 andi             x10, x10, 255       x10=00000063 x10:00000063
11387826ns          184067 1c0086d2 00d70733 add              x14, x14, x13       x14=1a10f008 x14:00000008 x13:1a10f000
11387846ns          184068 1c0086d4 00a7e723 p.sw             x10, x0(x15)        x10:00000063 x15:00000000  PA:1a10f008
11388164ns          184084 1c0086d8 00000513 addi             x10, x0, 0          x10=00000000
11388184ns          184085 1c0086da 00008067 jalr             x0, x1, 0            x1:1c008782
11388244ns          184088 1c008782 31f52563 p.beqimm         x10, 778            x10:00000000
11388264ns          184089 1c008786 001d8d93 addi             x27, x27, 1         x27=00000024 x27:00000023
11388284ns          184090 1c008788 00044503 lbu              x10, 0(x8)          x10=00000079  x8:1c000042  PA:1c000042
11388602ns          184106 1c00878c 00140413 addi             x8, x8, 1            x8=1c000043  x8:1c000042
11388622ns          184107 1c00878e fe0514e3 bne              x10, x0, -24        x10:00000079
11388701ns          184111 1c008776 02500793 addi             x15, x0, 37         x15=00000025
11388721ns          184112 1c00877a 04f50863 beq              x10, x15, 80        x10:00000079 x15:00000025
11388741ns          184113 1c00877e 01a005b3 add              x11, x0, x26        x11=00000002 x26:00000002
11388761ns          184114 1c008780 000b00e7 jalr             x1, x22, 0           x1=1c008782 x22:1c0086b4
11388801ns          184116 1c0086b4 000026b7 lui              x13, 0x2000         x13=00002000
11388821ns          184117 1c0086b6 f14027f3 csrrs            x15, x0, 0xf14      x15=00000001
11388840ns          184118 1c0086ba f8068693 addi             x13, x13, -128      x13=00001f80 x13:00002000
11388860ns          184119 1c0086be 00379713 slli             x14, x15, 0x3       x14=00000008 x15:00000001
11388880ns          184120 1c0086c2 00279793 slli             x15, x15, 0x2       x15=00000004 x15:00000001
11388900ns          184121 1c0086c4 00d7f7b3 and              x15, x15, x13       x15=00000000 x15:00000004 x13:00001f80
11388920ns          184122 1c0086c6 ee873733 p.bclr           x14, x14, 23, 8     x14=00000008 x14:00000008
11388940ns          184123 1c0086ca 1a10f6b7 lui              x13, 0x1a10f000     x13=1a10f000
11388960ns          184124 1c0086ce 0ff57513 andi             x10, x10, 255       x10=00000079 x10:00000079
11388980ns          184125 1c0086d2 00d70733 add              x14, x14, x13       x14=1a10f008 x14:00000008 x13:1a10f000
11389000ns          184126 1c0086d4 00a7e723 p.sw             x10, x0(x15)        x10:00000079 x15:00000000  PA:1a10f008
11389318ns          184142 1c0086d8 00000513 addi             x10, x0, 0          x10=00000000
11389338ns          184143 1c0086da 00008067 jalr             x0, x1, 0            x1:1c008782
11389397ns          184146 1c008782 31f52563 p.beqimm         x10, 778            x10:00000000
11389417ns          184147 1c008786 001d8d93 addi             x27, x27, 1         x27=00000025 x27:00000024
11389437ns          184148 1c008788 00044503 lbu              x10, 0(x8)          x10=00000063  x8:1c000043  PA:1c000043
11389736ns          184163 1c00878c 00140413 addi             x8, x8, 1            x8=1c000044  x8:1c000043
11389755ns          184164 1c00878e fe0514e3 bne              x10, x0, -24        x10:00000063
11389835ns          184168 1c008776 02500793 addi             x15, x0, 37         x15=00000025
11389855ns          184169 1c00877a 04f50863 beq              x10, x15, 80        x10:00000063 x15:00000025
11389875ns          184170 1c00877e 01a005b3 add              x11, x0, x26        x11=00000002 x26:00000002
11389895ns          184171 1c008780 000b00e7 jalr             x1, x22, 0           x1=1c008782 x22:1c0086b4
11389934ns          184173 1c0086b4 000026b7 lui              x13, 0x2000         x13=00002000
11389954ns          184174 1c0086b6 f14027f3 csrrs            x15, x0, 0xf14      x15=00000001
11389974ns          184175 1c0086ba f8068693 addi             x13, x13, -128      x13=00001f80 x13:00002000
11389994ns          184176 1c0086be 00379713 slli             x14, x15, 0x3       x14=00000008 x15:00000001
11390014ns          184177 1c0086c2 00279793 slli             x15, x15, 0x2       x15=00000004 x15:00000001
11390034ns          184178 1c0086c4 00d7f7b3 and              x15, x15, x13       x15=00000000 x15:00000004 x13:00001f80
11390054ns          184179 1c0086c6 ee873733 p.bclr           x14, x14, 23, 8     x14=00000008 x14:00000008
11390074ns          184180 1c0086ca 1a10f6b7 lui              x13, 0x1a10f000     x13=1a10f000
11390094ns          184181 1c0086ce 0ff57513 andi             x10, x10, 255       x10=00000063 x10:00000063
11390114ns          184182 1c0086d2 00d70733 add              x14, x14, x13       x14=1a10f008 x14:00000008 x13:1a10f000
11390133ns          184183 1c0086d4 00a7e723 p.sw             x10, x0(x15)        x10:00000063 x15:00000000  PA:1a10f008
11390452ns          184199 1c0086d8 00000513 addi             x10, x0, 0          x10=00000000
11390472ns          184200 1c0086da 00008067 jalr             x0, x1, 0            x1:1c008782
11390531ns          184203 1c008782 31f52563 p.beqimm         x10, 778            x10:00000000
11390551ns          184204 1c008786 001d8d93 addi             x27, x27, 1         x27=00000026 x27:00000025
11390571ns          184205 1c008788 00044503 lbu              x10, 0(x8)          x10=0000006c  x8:1c000044  PA:1c000044
11390869ns          184220 1c00878c 00140413 addi             x8, x8, 1            x8=1c000045  x8:1c000044
11390889ns          184221 1c00878e fe0514e3 bne              x10, x0, -24        x10:0000006c
11390969ns          184225 1c008776 02500793 addi             x15, x0, 37         x15=00000025
11390989ns          184226 1c00877a 04f50863 beq              x10, x15, 80        x10:0000006c x15:00000025
11391009ns          184227 1c00877e 01a005b3 add              x11, x0, x26        x11=00000002 x26:00000002
11391028ns          184228 1c008780 000b00e7 jalr             x1, x22, 0           x1=1c008782 x22:1c0086b4
11391068ns          184230 1c0086b4 000026b7 lui              x13, 0x2000         x13=00002000
11391088ns          184231 1c0086b6 f14027f3 csrrs            x15, x0, 0xf14      x15=00000001
11391108ns          184232 1c0086ba f8068693 addi             x13, x13, -128      x13=00001f80 x13:00002000
11391128ns          184233 1c0086be 00379713 slli             x14, x15, 0x3       x14=00000008 x15:00000001
11391148ns          184234 1c0086c2 00279793 slli             x15, x15, 0x2       x15=00000004 x15:00000001
11391168ns          184235 1c0086c4 00d7f7b3 and              x15, x15, x13       x15=00000000 x15:00000004 x13:00001f80
11391188ns          184236 1c0086c6 ee873733 p.bclr           x14, x14, 23, 8     x14=00000008 x14:00000008
11391207ns          184237 1c0086ca 1a10f6b7 lui              x13, 0x1a10f000     x13=1a10f000
11391227ns          184238 1c0086ce 0ff57513 andi             x10, x10, 255       x10=0000006c x10:0000006c
11391247ns          184239 1c0086d2 00d70733 add              x14, x14, x13       x14=1a10f008 x14:00000008 x13:1a10f000
11391267ns          184240 1c0086d4 00a7e723 p.sw             x10, x0(x15)        x10:0000006c x15:00000000  PA:1a10f008
11391585ns          184256 1c0086d8 00000513 addi             x10, x0, 0          x10=00000000
11391605ns          184257 1c0086da 00008067 jalr             x0, x1, 0            x1:1c008782
11391665ns          184260 1c008782 31f52563 p.beqimm         x10, 778            x10:00000000
11391685ns          184261 1c008786 001d8d93 addi             x27, x27, 1         x27=00000027 x27:00000026
11391705ns          184262 1c008788 00044503 lbu              x10, 0(x8)          x10=00000065  x8:1c000045  PA:1c000045
11392003ns          184277 1c00878c 00140413 addi             x8, x8, 1            x8=1c000046  x8:1c000045
11392023ns          184278 1c00878e fe0514e3 bne              x10, x0, -24        x10:00000065
11392103ns          184282 1c008776 02500793 addi             x15, x0, 37         x15=00000025
11392122ns          184283 1c00877a 04f50863 beq              x10, x15, 80        x10:00000065 x15:00000025
11392142ns          184284 1c00877e 01a005b3 add              x11, x0, x26        x11=00000002 x26:00000002
11392162ns          184285 1c008780 000b00e7 jalr             x1, x22, 0           x1=1c008782 x22:1c0086b4
11392202ns          184287 1c0086b4 000026b7 lui              x13, 0x2000         x13=00002000
11392222ns          184288 1c0086b6 f14027f3 csrrs            x15, x0, 0xf14      x15=00000001
11392242ns          184289 1c0086ba f8068693 addi             x13, x13, -128      x13=00001f80 x13:00002000
11392262ns          184290 1c0086be 00379713 slli             x14, x15, 0x3       x14=00000008 x15:00000001
11392282ns          184291 1c0086c2 00279793 slli             x15, x15, 0x2       x15=00000004 x15:00000001
11392301ns          184292 1c0086c4 00d7f7b3 and              x15, x15, x13       x15=00000000 x15:00000004 x13:00001f80
11392321ns          184293 1c0086c6 ee873733 p.bclr           x14, x14, 23, 8     x14=00000008 x14:00000008
11392341ns          184294 1c0086ca 1a10f6b7 lui              x13, 0x1a10f000     x13=1a10f000
11392361ns          184295 1c0086ce 0ff57513 andi             x10, x10, 255       x10=00000065 x10:00000065
11392381ns          184296 1c0086d2 00d70733 add              x14, x14, x13       x14=1a10f008 x14:00000008 x13:1a10f000
11392401ns          184297 1c0086d4 00a7e723 p.sw             x10, x0(x15)        x10:00000065 x15:00000000  PA:1a10f008
11392739ns          184314 1c0086d8 00000513 addi             x10, x0, 0          x10=00000000
11392759ns          184315 1c0086da 00008067 jalr             x0, x1, 0            x1:1c008782
11392819ns          184318 1c008782 31f52563 p.beqimm         x10, 778            x10:00000000
11392839ns          184319 1c008786 001d8d93 addi             x27, x27, 1         x27=00000028 x27:00000027
11392858ns          184320 1c008788 00044503 lbu              x10, 0(x8)          x10=00000073  x8:1c000046  PA:1c000046
11393157ns          184335 1c00878c 00140413 addi             x8, x8, 1            x8=1c000047  x8:1c000046
11393177ns          184336 1c00878e fe0514e3 bne              x10, x0, -24        x10:00000073
11393256ns          184340 1c008776 02500793 addi             x15, x0, 37         x15=00000025
11393276ns          184341 1c00877a 04f50863 beq              x10, x15, 80        x10:00000073 x15:00000025
11393296ns          184342 1c00877e 01a005b3 add              x11, x0, x26        x11=00000002 x26:00000002
11393316ns          184343 1c008780 000b00e7 jalr             x1, x22, 0           x1=1c008782 x22:1c0086b4
11393356ns          184345 1c0086b4 000026b7 lui              x13, 0x2000         x13=00002000
11393376ns          184346 1c0086b6 f14027f3 csrrs            x15, x0, 0xf14      x15=00000001
11393395ns          184347 1c0086ba f8068693 addi             x13, x13, -128      x13=00001f80 x13:00002000
11393415ns          184348 1c0086be 00379713 slli             x14, x15, 0x3       x14=00000008 x15:00000001
11393435ns          184349 1c0086c2 00279793 slli             x15, x15, 0x2       x15=00000004 x15:00000001
11393455ns          184350 1c0086c4 00d7f7b3 and              x15, x15, x13       x15=00000000 x15:00000004 x13:00001f80
11393475ns          184351 1c0086c6 ee873733 p.bclr           x14, x14, 23, 8     x14=00000008 x14:00000008
11393495ns          184352 1c0086ca 1a10f6b7 lui              x13, 0x1a10f000     x13=1a10f000
11393515ns          184353 1c0086ce 0ff57513 andi             x10, x10, 255       x10=00000073 x10:00000073
11393535ns          184354 1c0086d2 00d70733 add              x14, x14, x13       x14=1a10f008 x14:00000008 x13:1a10f000
11393555ns          184355 1c0086d4 00a7e723 p.sw             x10, x0(x15)        x10:00000073 x15:00000000  PA:1a10f008
11393873ns          184371 1c0086d8 00000513 addi             x10, x0, 0          x10=00000000
11393893ns          184372 1c0086da 00008067 jalr             x0, x1, 0            x1:1c008782
11393952ns          184375 1c008782 31f52563 p.beqimm         x10, 778            x10:00000000
11393972ns          184376 1c008786 001d8d93 addi             x27, x27, 1         x27=00000029 x27:00000028
11393992ns          184377 1c008788 00044503 lbu              x10, 0(x8)          x10=00000020  x8:1c000047  PA:1c000047
11394291ns          184392 1c00878c 00140413 addi             x8, x8, 1            x8=1c000048  x8:1c000047
11394310ns          184393 1c00878e fe0514e3 bne              x10, x0, -24        x10:00000020
11394390ns          184397 1c008776 02500793 addi             x15, x0, 37         x15=00000025
11394410ns          184398 1c00877a 04f50863 beq              x10, x15, 80        x10:00000020 x15:00000025
11394430ns          184399 1c00877e 01a005b3 add              x11, x0, x26        x11=00000002 x26:00000002
11394450ns          184400 1c008780 000b00e7 jalr             x1, x22, 0           x1=1c008782 x22:1c0086b4
11394489ns          184402 1c0086b4 000026b7 lui              x13, 0x2000         x13=00002000
11394509ns          184403 1c0086b6 f14027f3 csrrs            x15, x0, 0xf14      x15=00000001
11394529ns          184404 1c0086ba f8068693 addi             x13, x13, -128      x13=00001f80 x13:00002000
11394549ns          184405 1c0086be 00379713 slli             x14, x15, 0x3       x14=00000008 x15:00000001
11394569ns          184406 1c0086c2 00279793 slli             x15, x15, 0x2       x15=00000004 x15:00000001
11394589ns          184407 1c0086c4 00d7f7b3 and              x15, x15, x13       x15=00000000 x15:00000004 x13:00001f80
11394609ns          184408 1c0086c6 ee873733 p.bclr           x14, x14, 23, 8     x14=00000008 x14:00000008
11394629ns          184409 1c0086ca 1a10f6b7 lui              x13, 0x1a10f000     x13=1a10f000
11394649ns          184410 1c0086ce 0ff57513 andi             x10, x10, 255       x10=00000020 x10:00000020
11394668ns          184411 1c0086d2 00d70733 add              x14, x14, x13       x14=1a10f008 x14:00000008 x13:1a10f000
11394688ns          184412 1c0086d4 00a7e723 p.sw             x10, x0(x15)        x10:00000020 x15:00000000  PA:1a10f008
11395007ns          184428 1c0086d8 00000513 addi             x10, x0, 0          x10=00000000
11395027ns          184429 1c0086da 00008067 jalr             x0, x1, 0            x1:1c008782
11395086ns          184432 1c008782 31f52563 p.beqimm         x10, 778            x10:00000000
11395106ns          184433 1c008786 001d8d93 addi             x27, x27, 1         x27=0000002a x27:00000029
11395126ns          184434 1c008788 00044503 lbu              x10, 0(x8)          x10=00000028  x8:1c000048  PA:1c000048
11395424ns          184449 1c00878c 00140413 addi             x8, x8, 1            x8=1c000049  x8:1c000048
11395444ns          184450 1c00878e fe0514e3 bne              x10, x0, -24        x10:00000028
11395524ns          184454 1c008776 02500793 addi             x15, x0, 37         x15=00000025
11395544ns          184455 1c00877a 04f50863 beq              x10, x15, 80        x10:00000028 x15:00000025
11395564ns          184456 1c00877e 01a005b3 add              x11, x0, x26        x11=00000002 x26:00000002
11395583ns          184457 1c008780 000b00e7 jalr             x1, x22, 0           x1=1c008782 x22:1c0086b4
11395623ns          184459 1c0086b4 000026b7 lui              x13, 0x2000         x13=00002000
11395643ns          184460 1c0086b6 f14027f3 csrrs            x15, x0, 0xf14      x15=00000001
11395663ns          184461 1c0086ba f8068693 addi             x13, x13, -128      x13=00001f80 x13:00002000
11395683ns          184462 1c0086be 00379713 slli             x14, x15, 0x3       x14=00000008 x15:00000001
11395703ns          184463 1c0086c2 00279793 slli             x15, x15, 0x2       x15=00000004 x15:00000001
11395723ns          184464 1c0086c4 00d7f7b3 and              x15, x15, x13       x15=00000000 x15:00000004 x13:00001f80
11395743ns          184465 1c0086c6 ee873733 p.bclr           x14, x14, 23, 8     x14=00000008 x14:00000008
11395762ns          184466 1c0086ca 1a10f6b7 lui              x13, 0x1a10f000     x13=1a10f000
11395782ns          184467 1c0086ce 0ff57513 andi             x10, x10, 255       x10=00000028 x10:00000028
11395802ns          184468 1c0086d2 00d70733 add              x14, x14, x13       x14=1a10f008 x14:00000008 x13:1a10f000
11395822ns          184469 1c0086d4 00a7e723 p.sw             x10, x0(x15)        x10:00000028 x15:00000000  PA:1a10f008
11396160ns          184486 1c0086d8 00000513 addi             x10, x0, 0          x10=00000000
11396180ns          184487 1c0086da 00008067 jalr             x0, x1, 0            x1:1c008782
11396240ns          184490 1c008782 31f52563 p.beqimm         x10, 778            x10:00000000
11396260ns          184491 1c008786 001d8d93 addi             x27, x27, 1         x27=0000002b x27:0000002a
11396280ns          184492 1c008788 00044503 lbu              x10, 0(x8)          x10=00000061  x8:1c000049  PA:1c000049
11396598ns          184508 1c00878c 00140413 addi             x8, x8, 1            x8=1c00004a  x8:1c000049
11396618ns          184509 1c00878e fe0514e3 bne              x10, x0, -24        x10:00000061
11396697ns          184513 1c008776 02500793 addi             x15, x0, 37         x15=00000025
11396717ns          184514 1c00877a 04f50863 beq              x10, x15, 80        x10:00000061 x15:00000025
11396737ns          184515 1c00877e 01a005b3 add              x11, x0, x26        x11=00000002 x26:00000002
11396757ns          184516 1c008780 000b00e7 jalr             x1, x22, 0           x1=1c008782 x22:1c0086b4
11396797ns          184518 1c0086b4 000026b7 lui              x13, 0x2000         x13=00002000
11396817ns          184519 1c0086b6 f14027f3 csrrs            x15, x0, 0xf14      x15=00000001
11396837ns          184520 1c0086ba f8068693 addi             x13, x13, -128      x13=00001f80 x13:00002000
11396856ns          184521 1c0086be 00379713 slli             x14, x15, 0x3       x14=00000008 x15:00000001
11396876ns          184522 1c0086c2 00279793 slli             x15, x15, 0x2       x15=00000004 x15:00000001
11396896ns          184523 1c0086c4 00d7f7b3 and              x15, x15, x13       x15=00000000 x15:00000004 x13:00001f80
11396916ns          184524 1c0086c6 ee873733 p.bclr           x14, x14, 23, 8     x14=00000008 x14:00000008
11396936ns          184525 1c0086ca 1a10f6b7 lui              x13, 0x1a10f000     x13=1a10f000
11396956ns          184526 1c0086ce 0ff57513 andi             x10, x10, 255       x10=00000061 x10:00000061
11396976ns          184527 1c0086d2 00d70733 add              x14, x14, x13       x14=1a10f008 x14:00000008 x13:1a10f000
11396996ns          184528 1c0086d4 00a7e723 p.sw             x10, x0(x15)        x10:00000061 x15:00000000  PA:1a10f008
11397314ns          184544 1c0086d8 00000513 addi             x10, x0, 0          x10=00000000
11397334ns          184545 1c0086da 00008067 jalr             x0, x1, 0            x1:1c008782
11397394ns          184548 1c008782 31f52563 p.beqimm         x10, 778            x10:00000000
11397413ns          184549 1c008786 001d8d93 addi             x27, x27, 1         x27=0000002c x27:0000002b
11397433ns          184550 1c008788 00044503 lbu              x10, 0(x8)          x10=00000076  x8:1c00004a  PA:1c00004a
11397732ns          184565 1c00878c 00140413 addi             x8, x8, 1            x8=1c00004b  x8:1c00004a
11397752ns          184566 1c00878e fe0514e3 bne              x10, x0, -24        x10:00000076
11397831ns          184570 1c008776 02500793 addi             x15, x0, 37         x15=00000025
11397851ns          184571 1c00877a 04f50863 beq              x10, x15, 80        x10:00000076 x15:00000025
11397871ns          184572 1c00877e 01a005b3 add              x11, x0, x26        x11=00000002 x26:00000002
11397891ns          184573 1c008780 000b00e7 jalr             x1, x22, 0           x1=1c008782 x22:1c0086b4
11397931ns          184575 1c0086b4 000026b7 lui              x13, 0x2000         x13=00002000
11397950ns          184576 1c0086b6 f14027f3 csrrs            x15, x0, 0xf14      x15=00000001
11397970ns          184577 1c0086ba f8068693 addi             x13, x13, -128      x13=00001f80 x13:00002000
11397990ns          184578 1c0086be 00379713 slli             x14, x15, 0x3       x14=00000008 x15:00000001
11398010ns          184579 1c0086c2 00279793 slli             x15, x15, 0x2       x15=00000004 x15:00000001
11398030ns          184580 1c0086c4 00d7f7b3 and              x15, x15, x13       x15=00000000 x15:00000004 x13:00001f80
11398050ns          184581 1c0086c6 ee873733 p.bclr           x14, x14, 23, 8     x14=00000008 x14:00000008
11398070ns          184582 1c0086ca 1a10f6b7 lui              x13, 0x1a10f000     x13=1a10f000
11398090ns          184583 1c0086ce 0ff57513 andi             x10, x10, 255       x10=00000076 x10:00000076
11398110ns          184584 1c0086d2 00d70733 add              x14, x14, x13       x14=1a10f008 x14:00000008 x13:1a10f000
11398129ns          184585 1c0086d4 00a7e723 p.sw             x10, x0(x15)        x10:00000076 x15:00000000  PA:1a10f008
11398448ns          184601 1c0086d8 00000513 addi             x10, x0, 0          x10=00000000
11398468ns          184602 1c0086da 00008067 jalr             x0, x1, 0            x1:1c008782
11398527ns          184605 1c008782 31f52563 p.beqimm         x10, 778            x10:00000000
11398547ns          184606 1c008786 001d8d93 addi             x27, x27, 1         x27=0000002d x27:0000002c
11398567ns          184607 1c008788 00044503 lbu              x10, 0(x8)          x10=00000067  x8:1c00004b  PA:1c00004b
11398865ns          184622 1c00878c 00140413 addi             x8, x8, 1            x8=1c00004c  x8:1c00004b
11398885ns          184623 1c00878e fe0514e3 bne              x10, x0, -24        x10:00000067
11398965ns          184627 1c008776 02500793 addi             x15, x0, 37         x15=00000025
11398985ns          184628 1c00877a 04f50863 beq              x10, x15, 80        x10:00000067 x15:00000025
11399005ns          184629 1c00877e 01a005b3 add              x11, x0, x26        x11=00000002 x26:00000002
11399025ns          184630 1c008780 000b00e7 jalr             x1, x22, 0           x1=1c008782 x22:1c0086b4
11399064ns          184632 1c0086b4 000026b7 lui              x13, 0x2000         x13=00002000
11399084ns          184633 1c0086b6 f14027f3 csrrs            x15, x0, 0xf14      x15=00000001
11399104ns          184634 1c0086ba f8068693 addi             x13, x13, -128      x13=00001f80 x13:00002000
11399124ns          184635 1c0086be 00379713 slli             x14, x15, 0x3       x14=00000008 x15:00000001
11399144ns          184636 1c0086c2 00279793 slli             x15, x15, 0x2       x15=00000004 x15:00000001
11399164ns          184637 1c0086c4 00d7f7b3 and              x15, x15, x13       x15=00000000 x15:00000004 x13:00001f80
11399184ns          184638 1c0086c6 ee873733 p.bclr           x14, x14, 23, 8     x14=00000008 x14:00000008
11399204ns          184639 1c0086ca 1a10f6b7 lui              x13, 0x1a10f000     x13=1a10f000
11399223ns          184640 1c0086ce 0ff57513 andi             x10, x10, 255       x10=00000067 x10:00000067
11399243ns          184641 1c0086d2 00d70733 add              x14, x14, x13       x14=1a10f008 x14:00000008 x13:1a10f000
11399263ns          184642 1c0086d4 00a7e723 p.sw             x10, x0(x15)        x10:00000067 x15:00000000  PA:1a10f008
11399582ns          184658 1c0086d8 00000513 addi             x10, x0, 0          x10=00000000
11399601ns          184659 1c0086da 00008067 jalr             x0, x1, 0            x1:1c008782
11399661ns          184662 1c008782 31f52563 p.beqimm         x10, 778            x10:00000000
11399681ns          184663 1c008786 001d8d93 addi             x27, x27, 1         x27=0000002e x27:0000002d
11399701ns          184664 1c008788 00044503 lbu              x10, 0(x8)          x10=00000020  x8:1c00004c  PA:1c00004c
11399999ns          184679 1c00878c 00140413 addi             x8, x8, 1            x8=1c00004d  x8:1c00004c
11400019ns          184680 1c00878e fe0514e3 bne              x10, x0, -24        x10:00000020
11400099ns          184684 1c008776 02500793 addi             x15, x0, 37         x15=00000025
11400119ns          184685 1c00877a 04f50863 beq              x10, x15, 80        x10:00000020 x15:00000025
11400138ns          184686 1c00877e 01a005b3 add              x11, x0, x26        x11=00000002 x26:00000002
11400158ns          184687 1c008780 000b00e7 jalr             x1, x22, 0           x1=1c008782 x22:1c0086b4
11400198ns          184689 1c0086b4 000026b7 lui              x13, 0x2000         x13=00002000
11400218ns          184690 1c0086b6 f14027f3 csrrs            x15, x0, 0xf14      x15=00000001
11400238ns          184691 1c0086ba f8068693 addi             x13, x13, -128      x13=00001f80 x13:00002000
11400258ns          184692 1c0086be 00379713 slli             x14, x15, 0x3       x14=00000008 x15:00000001
11400278ns          184693 1c0086c2 00279793 slli             x15, x15, 0x2       x15=00000004 x15:00000001
11400298ns          184694 1c0086c4 00d7f7b3 and              x15, x15, x13       x15=00000000 x15:00000004 x13:00001f80
11400317ns          184695 1c0086c6 ee873733 p.bclr           x14, x14, 23, 8     x14=00000008 x14:00000008
11400337ns          184696 1c0086ca 1a10f6b7 lui              x13, 0x1a10f000     x13=1a10f000
11400357ns          184697 1c0086ce 0ff57513 andi             x10, x10, 255       x10=00000020 x10:00000020
11400377ns          184698 1c0086d2 00d70733 add              x14, x14, x13       x14=1a10f008 x14:00000008 x13:1a10f000
11400397ns          184699 1c0086d4 00a7e723 p.sw             x10, x0(x15)        x10:00000020 x15:00000000  PA:1a10f008
11400735ns          184716 1c0086d8 00000513 addi             x10, x0, 0          x10=00000000
11400755ns          184717 1c0086da 00008067 jalr             x0, x1, 0            x1:1c008782
11400815ns          184720 1c008782 31f52563 p.beqimm         x10, 778            x10:00000000
11400835ns          184721 1c008786 001d8d93 addi             x27, x27, 1         x27=0000002f x27:0000002e
11400855ns          184722 1c008788 00044503 lbu              x10, 0(x8)          x10=00000025  x8:1c00004d  PA:1c00004d
11401153ns          184737 1c00878c 00140413 addi             x8, x8, 1            x8=1c00004e  x8:1c00004d
11401173ns          184738 1c00878e fe0514e3 bne              x10, x0, -24        x10:00000025
11401252ns          184742 1c008776 02500793 addi             x15, x0, 37         x15=00000025
11401272ns          184743 1c00877a 04f50863 beq              x10, x15, 80        x10:00000025 x15:00000025
11401352ns          184747 1c0087ca 00044483 lbu              x9, 0(x8)            x9=00000075  x8:1c00004e  PA:1c00004e
11401670ns          184763 1c0087ce 02000693 addi             x13, x0, 32         x13=00000020
11401690ns          184764 1c0087d2 00140a93 addi             x21, x8, 1          x21=1c00004f  x8:1c00004e
11401710ns          184765 1c0087d6 009005b3 add              x11, x0, x9         x11=00000075  x9:00000075
11401730ns          184766 1c0087d8 064b8513 addi             x10, x23, 100       x10=1c000064 x23:1c000000
11401750ns          184767 1c0087dc 00d12823 sw               x13, 16(x2)         x13:00000020  x2:10000e78  PA:10000e88
11401769ns          184768 1c0087de 00012c23 sw               x0, 24(x2)           x2:10000e78  PA:10000e90
11401789ns          184769 1c0087e0 00012a23 sw               x0, 20(x2)           x2:10000e78  PA:10000e8c
11401809ns          184770 1c0087e2 00012e23 sw               x0, 28(x2)           x2:10000e78  PA:10000e94
11401829ns          184771 1c0087e4 00012623 sw               x0, 12(x2)           x2:10000e78  PA:10000e84
11401849ns          184772 1c0087e6 02300913 addi             x18, x0, 35         x18=00000023
11401869ns          184773 1c0087ea 02d00a13 addi             x20, x0, 45         x20=0000002d
11401889ns          184774 1c0087ee 015009b3 add              x19, x0, x21        x19=1c00004f x21:1c00004f
11401909ns          184775 1c0087f0 e97ff0ef jal              x1, -362             x1=1c0087f2
11401968ns          184778 1c008686 00054783 lbu              x15, 0(x10)         x15=0000002d x10:1c000064  PA:1c000064
11402267ns          184793 1c00868a 0ff5f593 andi             x11, x11, 255       x11=00000075 x11:00000075
11402287ns          184794 1c00868e 00b78c63 beq              x15, x11, 24        x15:0000002d x11:00000075
11402307ns          184795 1c008692 00078b63 beq              x15, x0, 22         x15:0000002d
11402326ns          184796 1c008694 00150793 addi             x15, x10, 1         x15=1c000065 x10:1c000064
11402346ns          184797 1c008698 0040006f jal              x0, 4              
11402386ns          184799 1c00869c 00f00533 add              x10, x0, x15        x10=1c000065 x15:1c000065
11402406ns          184800 1c00869e 0017c70b p.lbu            x14, 1(x15!)        x14=0000002b x15=1c000066 x15:1c000065  PA:1c000065
11402724ns          184816 1c0086a2 feb71ce3 bne              x14, x11, -8        x14:0000002b x11:00000075
11402784ns          184819 1c00869a 00070763 beq              x14, x0, 14         x14:0000002b
11402804ns          184820 1c00869c 00f00533 add              x10, x0, x15        x10=1c000066 x15:1c000066
11402824ns          184821 1c00869e 0017c70b p.lbu            x14, 1(x15!)        x14=00000020 x15=1c000067 x15:1c000066  PA:1c000066
11403142ns          184837 1c0086a2 feb71ce3 bne              x14, x11, -8        x14:00000020 x11:00000075
11403202ns          184840 1c00869a 00070763 beq              x14, x0, 14         x14:00000020
11403222ns          184841 1c00869c 00f00533 add              x10, x0, x15        x10=1c000067 x15:1c000067
11403241ns          184842 1c00869e 0017c70b p.lbu            x14, 1(x15!)        x14=00000023 x15=1c000068 x15:1c000067  PA:1c000067
11403560ns          184858 1c0086a2 feb71ce3 bne              x14, x11, -8        x14:00000023 x11:00000075
11403619ns          184861 1c00869a 00070763 beq              x14, x0, 14         x14:00000023
11403639ns          184862 1c00869c 00f00533 add              x10, x0, x15        x10=1c000068 x15:1c000068
11403659ns          184863 1c00869e 0017c70b p.lbu            x14, 1(x15!)        x14=00000030 x15=1c000069 x15:1c000068  PA:1c000068
11403977ns          184879 1c0086a2 feb71ce3 bne              x14, x11, -8        x14:00000030 x11:00000075
11404037ns          184882 1c00869a 00070763 beq              x14, x0, 14         x14:00000030
11404057ns          184883 1c00869c 00f00533 add              x10, x0, x15        x10=1c000069 x15:1c000069
11404077ns          184884 1c00869e 0017c70b p.lbu            x14, 1(x15!)        x14=00000000 x15=1c00006a x15:1c000069  PA:1c000069
11404395ns          184900 1c0086a2 feb71ce3 bne              x14, x11, -8        x14:00000000 x11:00000075
11404455ns          184903 1c00869a 00070763 beq              x14, x0, 14         x14:00000000
11404514ns          184906 1c0086a8 0015b593 sltiu            x11, x11, 1         x11=00000000 x11:00000075
11404534ns          184907 1c0086ac 40b005b3 sub              x11, x0, x11        x11=00000000 x11:00000000
11404554ns          184908 1c0086b0 00b57533 and              x10, x10, x11       x10=00000000 x10:1c000069 x11:00000000
11404574ns          184909 1c0086b2 00008067 jalr             x0, x1, 0            x1:1c0087f2
11404614ns          184911 1c0087f2 02050a63 beq              x10, x0, 52         x10:00000000
11404693ns          184915 1c008826 02a00613 addi             x12, x0, 42         x12=0000002a
11404713ns          184916 1c00882a 2ac48663 beq              x9, x12, 684         x9:00000075 x12:0000002a
11404773ns          184919 1c00882e fd048613 addi             x12, x9, -48        x12=00000045  x9:00000075
11404793ns          184920 1c008832 00900593 addi             x11, x0, 9          x11=00000009
11404813ns          184921 1c008834 00000913 addi             x18, x0, 0          x18=00000000
11404833ns          184922 1c008836 28c5f063 bgeu             x11, x12, 640       x11:00000009 x12:00000045
11404853ns          184923 1c00883a 02e00693 addi             x13, x0, 46         x13=0000002e
11404872ns          184924 1c00883e fff00a13 addi             x20, x0, -1         x20=ffffffff
11404892ns          184925 1c008840 2ed48363 beq              x9, x13, 742         x9:00000075 x13:0000002e
11404912ns          184926 1c008844 1c0007b7 lui              x15, 0x1c000000     x15=1c000000
11404932ns          184927 1c008848 009005b3 add              x11, x0, x9         x11=00000075  x9:00000075
11404952ns          184928 1c00884a 06c78513 addi             x10, x15, 108       x10=1c00006c x15:1c000000
11404972ns          184929 1c00884e e39ff0ef jal              x1, -456             x1=1c008850
11405051ns          184933 1c008686 00054783 lbu              x15, 0(x10)         x15=00000068 x10:1c00006c  PA:1c00006c
11405350ns          184948 1c00868a 0ff5f593 andi             x11, x11, 255       x11=00000075 x11:00000075
11405370ns          184949 1c00868e 00b78c63 beq              x15, x11, 24        x15:00000068 x11:00000075
11405390ns          184950 1c008692 00078b63 beq              x15, x0, 22         x15:00000068
11405409ns          184951 1c008694 00150793 addi             x15, x10, 1         x15=1c00006d x10:1c00006c
11405429ns          184952 1c008698 0040006f jal              x0, 4              
11405469ns          184954 1c00869c 00f00533 add              x10, x0, x15        x10=1c00006d x15:1c00006d
11405489ns          184955 1c00869e 0017c70b p.lbu            x14, 1(x15!)        x14=0000006c x15=1c00006e x15:1c00006d  PA:1c00006d
11405807ns          184971 1c0086a2 feb71ce3 bne              x14, x11, -8        x14:0000006c x11:00000075
11405867ns          184974 1c00869a 00070763 beq              x14, x0, 14         x14:0000006c
11405887ns          184975 1c00869c 00f00533 add              x10, x0, x15        x10=1c00006e x15:1c00006e
11405907ns          184976 1c00869e 0017c70b p.lbu            x14, 1(x15!)        x14=0000004c x15=1c00006f x15:1c00006e  PA:1c00006e
11406225ns          184992 1c0086a2 feb71ce3 bne              x14, x11, -8        x14:0000004c x11:00000075
11406285ns          184995 1c00869a 00070763 beq              x14, x0, 14         x14:0000004c
11406305ns          184996 1c00869c 00f00533 add              x10, x0, x15        x10=1c00006f x15:1c00006f
11406324ns          184997 1c00869e 0017c70b p.lbu            x14, 1(x15!)        x14=0000007a x15=1c000070 x15:1c00006f  PA:1c00006f
11406643ns          185013 1c0086a2 feb71ce3 bne              x14, x11, -8        x14:0000007a x11:00000075
11406702ns          185016 1c00869a 00070763 beq              x14, x0, 14         x14:0000007a
11406722ns          185017 1c00869c 00f00533 add              x10, x0, x15        x10=1c000070 x15:1c000070
11406742ns          185018 1c00869e 0017c70b p.lbu            x14, 1(x15!)        x14=00000000 x15=1c000071 x15:1c000070  PA:1c000070
11407060ns          185034 1c0086a2 feb71ce3 bne              x14, x11, -8        x14:00000000 x11:00000075
11407120ns          185037 1c00869a 00070763 beq              x14, x0, 14         x14:00000000
11407180ns          185040 1c0086a8 0015b593 sltiu            x11, x11, 1         x11=00000000 x11:00000075
11407200ns          185041 1c0086ac 40b005b3 sub              x11, x0, x11        x11=00000000 x11:00000000
11407220ns          185042 1c0086b0 00b57533 and              x10, x10, x11       x10=00000000 x10:1c000070 x11:00000000
11407239ns          185043 1c0086b2 00008067 jalr             x0, x1, 0            x1:1c008850
11407279ns          185045 1c008850 01300433 add              x8, x0, x19          x8=1c00004f x19:1c00004f
11407299ns          185046 1c008852 00050563 beq              x10, x0, 10         x10:00000000
11407359ns          185049 1c00885c 06700693 addi             x13, x0, 103        x13=00000067
11407379ns          185050 1c008860 2896d963 bge              x13, x9, 658        x13:00000067  x9:00000075
11407399ns          185051 1c008864 07000693 addi             x13, x0, 112        x13=00000070
11407418ns          185052 1c008868 7cd48763 beq              x9, x13, 1998        x9:00000075 x13:00000070
11407438ns          185053 1c00886c 2e96d163 bge              x13, x9, 738        x13:00000070  x9:00000075
11407498ns          185056 1c008870 07500693 addi             x13, x0, 117        x13=00000075
11407538ns          185058 1c008874 12d484e3 beq              x9, x13, 2344        x9:00000075 x13:00000075
11407597ns          185061 1c00919c 000c2683 lw               x13, 0(x24)         x13=00000000 x24:10000fd8  PA:10000fd8
11407657ns          185064 1c0091a0 019007b3 add              x15, x0, x25        x15=10000e9c x25:10000e9c
11407677ns          185065 1c0091a2 004c0c13 addi             x24, x24, 4         x24=10000fdc x24:10000fd8
11407697ns          185066 1c0091a4 00a00593 addi             x11, x0, 10         x11=0000000a
11407717ns          185067 1c0091a6 02b6f733 remu             x14, x13, x11       x14=00000000 x13:00000000 x11:0000000a
11408333ns          185098 1c0091aa 02b6d6b3 divu             x13, x13, x11       x13=00000000 x13:00000000 x11:0000000a
11408950ns          185129 1c0091ae 03070713 addi             x14, x14, 48        x14=00000030 x14:00000000
11408970ns          185130 1c0091b2 00e780ab p.sb             x14, 1(x15!)        x15=10000e9d x14:00000030 x15:10000e9c  PA:10000e9c
11408990ns          185131 1c0091b6 fe0698e3 bne              x13, x0, -16        x13:00000000
11409010ns          185132 1c0091b8 419784b3 sub              x9, x15, x25         x9=00000001 x15:10000e9d x25:10000e9c
11409030ns          185133 1c0091bc 0144dd63 bge              x9, x20, 26          x9:00000001 x20:ffffffff
11409109ns          185137 1c0091d6 fe078fab p.sb             x0, -1(x15!)        x15=10000e9c x15:10000e9d  PA:10000e9d
11409129ns          185138 1c0091da 00fcfd63 bgeu             x25, x15, 26        x25:10000e9c x15:10000e9c
11409229ns          185143 1c0091f4 0c800793 addi             x15, x0, 200        x15=000000c8
11409248ns          185144 1c0091f8 03fa2b63 p.beqimm         x20, 54             x20:ffffffff
11409487ns          185156 1c00922e 8497cfe3 blt              x15, x9, -1954      x15:000000c8  x9:00000001
11409507ns          185157 1c009232 00012623 sw               x0, 12(x2)           x2:10000e78  PA:10000e84
11409527ns          185158 1c009234 f54ff06f jal              x0, -2220          
11409567ns          185160 1c008988 0f24d163 bge              x9, x18, 226         x9:00000001 x18:00000000
11410163ns          185190 1c008a6a d00482e3 beq              x9, x0, -764         x9:00000001
11410183ns          185191 1c008a6e 01900933 add              x18, x0, x25        x18=10000e9c x25:10000e9c
11410203ns          185192 1c008a70 419d8db3 sub              x27, x27, x25       x27=effff193 x27:0000002f x25:10000e9c
11410223ns          185193 1c008a74 00a0006f jal              x0, 10             
11410323ns          185198 1c008a7e 0019450b p.lbu            x10, 1(x18!)        x10=00000030 x18=10000e9d x18:10000e9c  PA:10000e9c
11410342ns          185199 1c008a82 01a005b3 add              x11, x0, x26        x11=00000002 x26:00000002
11410362ns          185200 1c008a84 000b00e7 jalr             x1, x22, 0           x1=1c008a86 x22:1c0086b4
11410402ns          185202 1c0086b4 000026b7 lui              x13, 0x2000         x13=00002000
11410422ns          185203 1c0086b6 f14027f3 csrrs            x15, x0, 0xf14      x15=00000001
11410442ns          185204 1c0086ba f8068693 addi             x13, x13, -128      x13=00001f80 x13:00002000
11410462ns          185205 1c0086be 00379713 slli             x14, x15, 0x3       x14=00000008 x15:00000001
11410482ns          185206 1c0086c2 00279793 slli             x15, x15, 0x2       x15=00000004 x15:00000001
11410502ns          185207 1c0086c4 00d7f7b3 and              x15, x15, x13       x15=00000000 x15:00000004 x13:00001f80
11410521ns          185208 1c0086c6 ee873733 p.bclr           x14, x14, 23, 8     x14=00000008 x14:00000008
11410541ns          185209 1c0086ca 1a10f6b7 lui              x13, 0x1a10f000     x13=1a10f000
11410561ns          185210 1c0086ce 0ff57513 andi             x10, x10, 255       x10=00000030 x10:00000030
11410581ns          185211 1c0086d2 00d70733 add              x14, x14, x13       x14=1a10f008 x14:00000008 x13:1a10f000
11410601ns          185212 1c0086d4 00a7e723 p.sw             x10, x0(x15)        x10:00000030 x15:00000000  PA:1a10f008
11410959ns          185230 1c0086d8 00000513 addi             x10, x0, 0          x10=00000000
11410979ns          185231 1c0086da 00008067 jalr             x0, x1, 0            x1:1c008a86
11411019ns          185233 1c008a86 fff48493 addi             x9, x9, -1           x9=00000000  x9:00000001
11411039ns          185234 1c008a88 fff537e3 p.bneimm         x10, -18            x10:00000000
11411118ns          185238 1c008a76 012d8733 add              x14, x27, x18       x14=00000030 x27:effff193 x18:10000e9d
11411138ns          185239 1c008a7a 5a048b63 beq              x9, x0, 1462         x9:00000000
11411198ns          185242 1c009030 00e00db3 add              x27, x0, x14        x27=00000030 x14:00000030
11411218ns          185243 1c009032 f3cff06f jal              x0, -2244          
11411277ns          185246 1c00876e 00044503 lbu              x10, 0(x8)          x10=00000020  x8:1c00004f  PA:1c00004f
11411576ns          185261 1c008772 00140413 addi             x8, x8, 1            x8=1c000050  x8:1c00004f
11411596ns          185262 1c008774 00050e63 beq              x10, x0, 28         x10:00000020
11411615ns          185263 1c008776 02500793 addi             x15, x0, 37         x15=00000025
11411635ns          185264 1c00877a 04f50863 beq              x10, x15, 80        x10:00000020 x15:00000025
11411655ns          185265 1c00877e 01a005b3 add              x11, x0, x26        x11=00000002 x26:00000002
11411675ns          185266 1c008780 000b00e7 jalr             x1, x22, 0           x1=1c008782 x22:1c0086b4
11411715ns          185268 1c0086b4 000026b7 lui              x13, 0x2000         x13=00002000
11411735ns          185269 1c0086b6 f14027f3 csrrs            x15, x0, 0xf14      x15=00000001
11411755ns          185270 1c0086ba f8068693 addi             x13, x13, -128      x13=00001f80 x13:00002000
11411775ns          185271 1c0086be 00379713 slli             x14, x15, 0x3       x14=00000008 x15:00000001
11411794ns          185272 1c0086c2 00279793 slli             x15, x15, 0x2       x15=00000004 x15:00000001
11411814ns          185273 1c0086c4 00d7f7b3 and              x15, x15, x13       x15=00000000 x15:00000004 x13:00001f80
11411834ns          185274 1c0086c6 ee873733 p.bclr           x14, x14, 23, 8     x14=00000008 x14:00000008
11411854ns          185275 1c0086ca 1a10f6b7 lui              x13, 0x1a10f000     x13=1a10f000
11411874ns          185276 1c0086ce 0ff57513 andi             x10, x10, 255       x10=00000020 x10:00000020
11411894ns          185277 1c0086d2 00d70733 add              x14, x14, x13       x14=1a10f008 x14:00000008 x13:1a10f000
11411914ns          185278 1c0086d4 00a7e723 p.sw             x10, x0(x15)        x10:00000020 x15:00000000  PA:1a10f008
11412232ns          185294 1c0086d8 00000513 addi             x10, x0, 0          x10=00000000
11412252ns          185295 1c0086da 00008067 jalr             x0, x1, 0            x1:1c008782
11412312ns          185298 1c008782 31f52563 p.beqimm         x10, 778            x10:00000000
11412331ns          185299 1c008786 001d8d93 addi             x27, x27, 1         x27=00000031 x27:00000030
11412351ns          185300 1c008788 00044503 lbu              x10, 0(x8)          x10=00000063  x8:1c000050  PA:1c000050
11412670ns          185316 1c00878c 00140413 addi             x8, x8, 1            x8=1c000051  x8:1c000050
11412690ns          185317 1c00878e fe0514e3 bne              x10, x0, -24        x10:00000063
11412769ns          185321 1c008776 02500793 addi             x15, x0, 37         x15=00000025
11412789ns          185322 1c00877a 04f50863 beq              x10, x15, 80        x10:00000063 x15:00000025
11412809ns          185323 1c00877e 01a005b3 add              x11, x0, x26        x11=00000002 x26:00000002
11412829ns          185324 1c008780 000b00e7 jalr             x1, x22, 0           x1=1c008782 x22:1c0086b4
11412869ns          185326 1c0086b4 000026b7 lui              x13, 0x2000         x13=00002000
11412888ns          185327 1c0086b6 f14027f3 csrrs            x15, x0, 0xf14      x15=00000001
11412908ns          185328 1c0086ba f8068693 addi             x13, x13, -128      x13=00001f80 x13:00002000
11412928ns          185329 1c0086be 00379713 slli             x14, x15, 0x3       x14=00000008 x15:00000001
11412948ns          185330 1c0086c2 00279793 slli             x15, x15, 0x2       x15=00000004 x15:00000001
11412968ns          185331 1c0086c4 00d7f7b3 and              x15, x15, x13       x15=00000000 x15:00000004 x13:00001f80
11412988ns          185332 1c0086c6 ee873733 p.bclr           x14, x14, 23, 8     x14=00000008 x14:00000008
11413008ns          185333 1c0086ca 1a10f6b7 lui              x13, 0x1a10f000     x13=1a10f000
11413028ns          185334 1c0086ce 0ff57513 andi             x10, x10, 255       x10=00000063 x10:00000063
11413048ns          185335 1c0086d2 00d70733 add              x14, x14, x13       x14=1a10f008 x14:00000008 x13:1a10f000
11413067ns          185336 1c0086d4 00a7e723 p.sw             x10, x0(x15)        x10:00000063 x15:00000000  PA:1a10f008
11413406ns          185353 1c0086d8 00000513 addi             x10, x0, 0          x10=00000000
11413425ns          185354 1c0086da 00008067 jalr             x0, x1, 0            x1:1c008782
11413485ns          185357 1c008782 31f52563 p.beqimm         x10, 778            x10:00000000
11413505ns          185358 1c008786 001d8d93 addi             x27, x27, 1         x27=00000032 x27:00000031
11413525ns          185359 1c008788 00044503 lbu              x10, 0(x8)          x10=00000079  x8:1c000051  PA:1c000051
11413823ns          185374 1c00878c 00140413 addi             x8, x8, 1            x8=1c000052  x8:1c000051
11413843ns          185375 1c00878e fe0514e3 bne              x10, x0, -24        x10:00000079
11413923ns          185379 1c008776 02500793 addi             x15, x0, 37         x15=00000025
11413943ns          185380 1c00877a 04f50863 beq              x10, x15, 80        x10:00000079 x15:00000025
11413963ns          185381 1c00877e 01a005b3 add              x11, x0, x26        x11=00000002 x26:00000002
11413982ns          185382 1c008780 000b00e7 jalr             x1, x22, 0           x1=1c008782 x22:1c0086b4
11414022ns          185384 1c0086b4 000026b7 lui              x13, 0x2000         x13=00002000
11414042ns          185385 1c0086b6 f14027f3 csrrs            x15, x0, 0xf14      x15=00000001
11414062ns          185386 1c0086ba f8068693 addi             x13, x13, -128      x13=00001f80 x13:00002000
11414082ns          185387 1c0086be 00379713 slli             x14, x15, 0x3       x14=00000008 x15:00000001
11414102ns          185388 1c0086c2 00279793 slli             x15, x15, 0x2       x15=00000004 x15:00000001
11414122ns          185389 1c0086c4 00d7f7b3 and              x15, x15, x13       x15=00000000 x15:00000004 x13:00001f80
11414142ns          185390 1c0086c6 ee873733 p.bclr           x14, x14, 23, 8     x14=00000008 x14:00000008
11414161ns          185391 1c0086ca 1a10f6b7 lui              x13, 0x1a10f000     x13=1a10f000
11414181ns          185392 1c0086ce 0ff57513 andi             x10, x10, 255       x10=00000079 x10:00000079
11414201ns          185393 1c0086d2 00d70733 add              x14, x14, x13       x14=1a10f008 x14:00000008 x13:1a10f000
11414221ns          185394 1c0086d4 00a7e723 p.sw             x10, x0(x15)        x10:00000079 x15:00000000  PA:1a10f008
11414539ns          185410 1c0086d8 00000513 addi             x10, x0, 0          x10=00000000
11414559ns          185411 1c0086da 00008067 jalr             x0, x1, 0            x1:1c008782
11414619ns          185414 1c008782 31f52563 p.beqimm         x10, 778            x10:00000000
11414639ns          185415 1c008786 001d8d93 addi             x27, x27, 1         x27=00000033 x27:00000032
11414659ns          185416 1c008788 00044503 lbu              x10, 0(x8)          x10=00000063  x8:1c000052  PA:1c000052
11414957ns          185431 1c00878c 00140413 addi             x8, x8, 1            x8=1c000053  x8:1c000052
11414977ns          185432 1c00878e fe0514e3 bne              x10, x0, -24        x10:00000063
11415057ns          185436 1c008776 02500793 addi             x15, x0, 37         x15=00000025
11415076ns          185437 1c00877a 04f50863 beq              x10, x15, 80        x10:00000063 x15:00000025
11415096ns          185438 1c00877e 01a005b3 add              x11, x0, x26        x11=00000002 x26:00000002
11415116ns          185439 1c008780 000b00e7 jalr             x1, x22, 0           x1=1c008782 x22:1c0086b4
11415156ns          185441 1c0086b4 000026b7 lui              x13, 0x2000         x13=00002000
11415176ns          185442 1c0086b6 f14027f3 csrrs            x15, x0, 0xf14      x15=00000001
11415196ns          185443 1c0086ba f8068693 addi             x13, x13, -128      x13=00001f80 x13:00002000
11415216ns          185444 1c0086be 00379713 slli             x14, x15, 0x3       x14=00000008 x15:00000001
11415236ns          185445 1c0086c2 00279793 slli             x15, x15, 0x2       x15=00000004 x15:00000001
11415255ns          185446 1c0086c4 00d7f7b3 and              x15, x15, x13       x15=00000000 x15:00000004 x13:00001f80
11415275ns          185447 1c0086c6 ee873733 p.bclr           x14, x14, 23, 8     x14=00000008 x14:00000008
11415295ns          185448 1c0086ca 1a10f6b7 lui              x13, 0x1a10f000     x13=1a10f000
11415315ns          185449 1c0086ce 0ff57513 andi             x10, x10, 255       x10=00000063 x10:00000063
11415335ns          185450 1c0086d2 00d70733 add              x14, x14, x13       x14=1a10f008 x14:00000008 x13:1a10f000
11415355ns          185451 1c0086d4 00a7e723 p.sw             x10, x0(x15)        x10:00000063 x15:00000000  PA:1a10f008
11415673ns          185467 1c0086d8 00000513 addi             x10, x0, 0          x10=00000000
11415693ns          185468 1c0086da 00008067 jalr             x0, x1, 0            x1:1c008782
11415753ns          185471 1c008782 31f52563 p.beqimm         x10, 778            x10:00000000
11415773ns          185472 1c008786 001d8d93 addi             x27, x27, 1         x27=00000034 x27:00000033
11415792ns          185473 1c008788 00044503 lbu              x10, 0(x8)          x10=0000006c  x8:1c000053  PA:1c000053
11416091ns          185488 1c00878c 00140413 addi             x8, x8, 1            x8=1c000054  x8:1c000053
11416111ns          185489 1c00878e fe0514e3 bne              x10, x0, -24        x10:0000006c
11416190ns          185493 1c008776 02500793 addi             x15, x0, 37         x15=00000025
11416210ns          185494 1c00877a 04f50863 beq              x10, x15, 80        x10:0000006c x15:00000025
11416230ns          185495 1c00877e 01a005b3 add              x11, x0, x26        x11=00000002 x26:00000002
11416250ns          185496 1c008780 000b00e7 jalr             x1, x22, 0           x1=1c008782 x22:1c0086b4
11416290ns          185498 1c0086b4 000026b7 lui              x13, 0x2000         x13=00002000
11416310ns          185499 1c0086b6 f14027f3 csrrs            x15, x0, 0xf14      x15=00000001
11416330ns          185500 1c0086ba f8068693 addi             x13, x13, -128      x13=00001f80 x13:00002000
11416349ns          185501 1c0086be 00379713 slli             x14, x15, 0x3       x14=00000008 x15:00000001
11416369ns          185502 1c0086c2 00279793 slli             x15, x15, 0x2       x15=00000004 x15:00000001
11416389ns          185503 1c0086c4 00d7f7b3 and              x15, x15, x13       x15=00000000 x15:00000004 x13:00001f80
11416409ns          185504 1c0086c6 ee873733 p.bclr           x14, x14, 23, 8     x14=00000008 x14:00000008
11416429ns          185505 1c0086ca 1a10f6b7 lui              x13, 0x1a10f000     x13=1a10f000
11416449ns          185506 1c0086ce 0ff57513 andi             x10, x10, 255       x10=0000006c x10:0000006c
11416469ns          185507 1c0086d2 00d70733 add              x14, x14, x13       x14=1a10f008 x14:00000008 x13:1a10f000
11416489ns          185508 1c0086d4 00a7e723 p.sw             x10, x0(x15)        x10:0000006c x15:00000000  PA:1a10f008
11416807ns          185524 1c0086d8 00000513 addi             x10, x0, 0          x10=00000000
11416827ns          185525 1c0086da 00008067 jalr             x0, x1, 0            x1:1c008782
11416886ns          185528 1c008782 31f52563 p.beqimm         x10, 778            x10:00000000
11416906ns          185529 1c008786 001d8d93 addi             x27, x27, 1         x27=00000035 x27:00000034
11416926ns          185530 1c008788 00044503 lbu              x10, 0(x8)          x10=00000065  x8:1c000054  PA:1c000054
11417225ns          185545 1c00878c 00140413 addi             x8, x8, 1            x8=1c000055  x8:1c000054
11417244ns          185546 1c00878e fe0514e3 bne              x10, x0, -24        x10:00000065
11417324ns          185550 1c008776 02500793 addi             x15, x0, 37         x15=00000025
11417344ns          185551 1c00877a 04f50863 beq              x10, x15, 80        x10:00000065 x15:00000025
11417364ns          185552 1c00877e 01a005b3 add              x11, x0, x26        x11=00000002 x26:00000002
11417384ns          185553 1c008780 000b00e7 jalr             x1, x22, 0           x1=1c008782 x22:1c0086b4
11417424ns          185555 1c0086b4 000026b7 lui              x13, 0x2000         x13=00002000
11417443ns          185556 1c0086b6 f14027f3 csrrs            x15, x0, 0xf14      x15=00000001
11417463ns          185557 1c0086ba f8068693 addi             x13, x13, -128      x13=00001f80 x13:00002000
11417483ns          185558 1c0086be 00379713 slli             x14, x15, 0x3       x14=00000008 x15:00000001
11417503ns          185559 1c0086c2 00279793 slli             x15, x15, 0x2       x15=00000004 x15:00000001
11417523ns          185560 1c0086c4 00d7f7b3 and              x15, x15, x13       x15=00000000 x15:00000004 x13:00001f80
11417543ns          185561 1c0086c6 ee873733 p.bclr           x14, x14, 23, 8     x14=00000008 x14:00000008
11417563ns          185562 1c0086ca 1a10f6b7 lui              x13, 0x1a10f000     x13=1a10f000
11417583ns          185563 1c0086ce 0ff57513 andi             x10, x10, 255       x10=00000065 x10:00000065
11417603ns          185564 1c0086d2 00d70733 add              x14, x14, x13       x14=1a10f008 x14:00000008 x13:1a10f000
11417622ns          185565 1c0086d4 00a7e723 p.sw             x10, x0(x15)        x10:00000065 x15:00000000  PA:1a10f008
11417980ns          185583 1c0086d8 00000513 addi             x10, x0, 0          x10=00000000
11418000ns          185584 1c0086da 00008067 jalr             x0, x1, 0            x1:1c008782
11418060ns          185587 1c008782 31f52563 p.beqimm         x10, 778            x10:00000000
11418080ns          185588 1c008786 001d8d93 addi             x27, x27, 1         x27=00000036 x27:00000035
11418100ns          185589 1c008788 00044503 lbu              x10, 0(x8)          x10=00000073  x8:1c000055  PA:1c000055
11418398ns          185604 1c00878c 00140413 addi             x8, x8, 1            x8=1c000056  x8:1c000055
11418418ns          185605 1c00878e fe0514e3 bne              x10, x0, -24        x10:00000073
11418498ns          185609 1c008776 02500793 addi             x15, x0, 37         x15=00000025
11418517ns          185610 1c00877a 04f50863 beq              x10, x15, 80        x10:00000073 x15:00000025
11418537ns          185611 1c00877e 01a005b3 add              x11, x0, x26        x11=00000002 x26:00000002
11418557ns          185612 1c008780 000b00e7 jalr             x1, x22, 0           x1=1c008782 x22:1c0086b4
11418597ns          185614 1c0086b4 000026b7 lui              x13, 0x2000         x13=00002000
11418617ns          185615 1c0086b6 f14027f3 csrrs            x15, x0, 0xf14      x15=00000001
11418637ns          185616 1c0086ba f8068693 addi             x13, x13, -128      x13=00001f80 x13:00002000
11418657ns          185617 1c0086be 00379713 slli             x14, x15, 0x3       x14=00000008 x15:00000001
11418677ns          185618 1c0086c2 00279793 slli             x15, x15, 0x2       x15=00000004 x15:00000001
11418697ns          185619 1c0086c4 00d7f7b3 and              x15, x15, x13       x15=00000000 x15:00000004 x13:00001f80
11418716ns          185620 1c0086c6 ee873733 p.bclr           x14, x14, 23, 8     x14=00000008 x14:00000008
11418736ns          185621 1c0086ca 1a10f6b7 lui              x13, 0x1a10f000     x13=1a10f000
11418756ns          185622 1c0086ce 0ff57513 andi             x10, x10, 255       x10=00000073 x10:00000073
11418776ns          185623 1c0086d2 00d70733 add              x14, x14, x13       x14=1a10f008 x14:00000008 x13:1a10f000
11418796ns          185624 1c0086d4 00a7e723 p.sw             x10, x0(x15)        x10:00000073 x15:00000000  PA:1a10f008
11419114ns          185640 1c0086d8 00000513 addi             x10, x0, 0          x10=00000000
11419134ns          185641 1c0086da 00008067 jalr             x0, x1, 0            x1:1c008782
11419194ns          185644 1c008782 31f52563 p.beqimm         x10, 778            x10:00000000
11419214ns          185645 1c008786 001d8d93 addi             x27, x27, 1         x27=00000037 x27:00000036
11419234ns          185646 1c008788 00044503 lbu              x10, 0(x8)          x10=0000002f  x8:1c000056  PA:1c000056
11419532ns          185661 1c00878c 00140413 addi             x8, x8, 1            x8=1c000057  x8:1c000056
11419552ns          185662 1c00878e fe0514e3 bne              x10, x0, -24        x10:0000002f
11419631ns          185666 1c008776 02500793 addi             x15, x0, 37         x15=00000025
11419651ns          185667 1c00877a 04f50863 beq              x10, x15, 80        x10:0000002f x15:00000025
11419671ns          185668 1c00877e 01a005b3 add              x11, x0, x26        x11=00000002 x26:00000002
11419691ns          185669 1c008780 000b00e7 jalr             x1, x22, 0           x1=1c008782 x22:1c0086b4
11419731ns          185671 1c0086b4 000026b7 lui              x13, 0x2000         x13=00002000
11419751ns          185672 1c0086b6 f14027f3 csrrs            x15, x0, 0xf14      x15=00000001
11419771ns          185673 1c0086ba f8068693 addi             x13, x13, -128      x13=00001f80 x13:00002000
11419791ns          185674 1c0086be 00379713 slli             x14, x15, 0x3       x14=00000008 x15:00000001
11419810ns          185675 1c0086c2 00279793 slli             x15, x15, 0x2       x15=00000004 x15:00000001
11419830ns          185676 1c0086c4 00d7f7b3 and              x15, x15, x13       x15=00000000 x15:00000004 x13:00001f80
11419850ns          185677 1c0086c6 ee873733 p.bclr           x14, x14, 23, 8     x14=00000008 x14:00000008
11419870ns          185678 1c0086ca 1a10f6b7 lui              x13, 0x1a10f000     x13=1a10f000
11419890ns          185679 1c0086ce 0ff57513 andi             x10, x10, 255       x10=0000002f x10:0000002f
11419910ns          185680 1c0086d2 00d70733 add              x14, x14, x13       x14=1a10f008 x14:00000008 x13:1a10f000
11419930ns          185681 1c0086d4 00a7e723 p.sw             x10, x0(x15)        x10:0000002f x15:00000000  PA:1a10f008
11420248ns          185697 1c0086d8 00000513 addi             x10, x0, 0          x10=00000000
11420268ns          185698 1c0086da 00008067 jalr             x0, x1, 0            x1:1c008782
11420328ns          185701 1c008782 31f52563 p.beqimm         x10, 778            x10:00000000
11420347ns          185702 1c008786 001d8d93 addi             x27, x27, 1         x27=00000038 x27:00000037
11420367ns          185703 1c008788 00044503 lbu              x10, 0(x8)          x10=00000077  x8:1c000057  PA:1c000057
11420666ns          185718 1c00878c 00140413 addi             x8, x8, 1            x8=1c000058  x8:1c000057
11420686ns          185719 1c00878e fe0514e3 bne              x10, x0, -24        x10:00000077
11420765ns          185723 1c008776 02500793 addi             x15, x0, 37         x15=00000025
11420785ns          185724 1c00877a 04f50863 beq              x10, x15, 80        x10:00000077 x15:00000025
11420805ns          185725 1c00877e 01a005b3 add              x11, x0, x26        x11=00000002 x26:00000002
11420825ns          185726 1c008780 000b00e7 jalr             x1, x22, 0           x1=1c008782 x22:1c0086b4
11420865ns          185728 1c0086b4 000026b7 lui              x13, 0x2000         x13=00002000
11420884ns          185729 1c0086b6 f14027f3 csrrs            x15, x0, 0xf14      x15=00000001
11420904ns          185730 1c0086ba f8068693 addi             x13, x13, -128      x13=00001f80 x13:00002000
11420924ns          185731 1c0086be 00379713 slli             x14, x15, 0x3       x14=00000008 x15:00000001
11420944ns          185732 1c0086c2 00279793 slli             x15, x15, 0x2       x15=00000004 x15:00000001
11420964ns          185733 1c0086c4 00d7f7b3 and              x15, x15, x13       x15=00000000 x15:00000004 x13:00001f80
11420984ns          185734 1c0086c6 ee873733 p.bclr           x14, x14, 23, 8     x14=00000008 x14:00000008
11421004ns          185735 1c0086ca 1a10f6b7 lui              x13, 0x1a10f000     x13=1a10f000
11421024ns          185736 1c0086ce 0ff57513 andi             x10, x10, 255       x10=00000077 x10:00000077
11421044ns          185737 1c0086d2 00d70733 add              x14, x14, x13       x14=1a10f008 x14:00000008 x13:1a10f000
11421064ns          185738 1c0086d4 00a7e723 p.sw             x10, x0(x15)        x10:00000077 x15:00000000  PA:1a10f008
11421422ns          185756 1c0086d8 00000513 addi             x10, x0, 0          x10=00000000
11421441ns          185757 1c0086da 00008067 jalr             x0, x1, 0            x1:1c008782
11421501ns          185760 1c008782 31f52563 p.beqimm         x10, 778            x10:00000000
11421521ns          185761 1c008786 001d8d93 addi             x27, x27, 1         x27=00000039 x27:00000038
11421541ns          185762 1c008788 00044503 lbu              x10, 0(x8)          x10=0000006f  x8:1c000058  PA:1c000058
11421859ns          185778 1c00878c 00140413 addi             x8, x8, 1            x8=1c000059  x8:1c000058
11421879ns          185779 1c00878e fe0514e3 bne              x10, x0, -24        x10:0000006f
11421959ns          185783 1c008776 02500793 addi             x15, x0, 37         x15=00000025
11421978ns          185784 1c00877a 04f50863 beq              x10, x15, 80        x10:0000006f x15:00000025
11421998ns          185785 1c00877e 01a005b3 add              x11, x0, x26        x11=00000002 x26:00000002
11422018ns          185786 1c008780 000b00e7 jalr             x1, x22, 0           x1=1c008782 x22:1c0086b4
11422058ns          185788 1c0086b4 000026b7 lui              x13, 0x2000         x13=00002000
11422078ns          185789 1c0086b6 f14027f3 csrrs            x15, x0, 0xf14      x15=00000001
11422098ns          185790 1c0086ba f8068693 addi             x13, x13, -128      x13=00001f80 x13:00002000
11422118ns          185791 1c0086be 00379713 slli             x14, x15, 0x3       x14=00000008 x15:00000001
11422138ns          185792 1c0086c2 00279793 slli             x15, x15, 0x2       x15=00000004 x15:00000001
11422158ns          185793 1c0086c4 00d7f7b3 and              x15, x15, x13       x15=00000000 x15:00000004 x13:00001f80
11422177ns          185794 1c0086c6 ee873733 p.bclr           x14, x14, 23, 8     x14=00000008 x14:00000008
11422197ns          185795 1c0086ca 1a10f6b7 lui              x13, 0x1a10f000     x13=1a10f000
11422217ns          185796 1c0086ce 0ff57513 andi             x10, x10, 255       x10=0000006f x10:0000006f
11422237ns          185797 1c0086d2 00d70733 add              x14, x14, x13       x14=1a10f008 x14:00000008 x13:1a10f000
11422257ns          185798 1c0086d4 00a7e723 p.sw             x10, x0(x15)        x10:0000006f x15:00000000  PA:1a10f008
11422575ns          185814 1c0086d8 00000513 addi             x10, x0, 0          x10=00000000
11422595ns          185815 1c0086da 00008067 jalr             x0, x1, 0            x1:1c008782
11422655ns          185818 1c008782 31f52563 p.beqimm         x10, 778            x10:00000000
11422675ns          185819 1c008786 001d8d93 addi             x27, x27, 1         x27=0000003a x27:00000039
11422695ns          185820 1c008788 00044503 lbu              x10, 0(x8)          x10=00000072  x8:1c000059  PA:1c000059
11422993ns          185835 1c00878c 00140413 addi             x8, x8, 1            x8=1c00005a  x8:1c000059
11423013ns          185836 1c00878e fe0514e3 bne              x10, x0, -24        x10:00000072
11423092ns          185840 1c008776 02500793 addi             x15, x0, 37         x15=00000025
11423112ns          185841 1c00877a 04f50863 beq              x10, x15, 80        x10:00000072 x15:00000025
11423132ns          185842 1c00877e 01a005b3 add              x11, x0, x26        x11=00000002 x26:00000002
11423152ns          185843 1c008780 000b00e7 jalr             x1, x22, 0           x1=1c008782 x22:1c0086b4
11423192ns          185845 1c0086b4 000026b7 lui              x13, 0x2000         x13=00002000
11423212ns          185846 1c0086b6 f14027f3 csrrs            x15, x0, 0xf14      x15=00000001
11423232ns          185847 1c0086ba f8068693 addi             x13, x13, -128      x13=00001f80 x13:00002000
11423251ns          185848 1c0086be 00379713 slli             x14, x15, 0x3       x14=00000008 x15:00000001
11423271ns          185849 1c0086c2 00279793 slli             x15, x15, 0x2       x15=00000004 x15:00000001
11423291ns          185850 1c0086c4 00d7f7b3 and              x15, x15, x13       x15=00000000 x15:00000004 x13:00001f80
11423311ns          185851 1c0086c6 ee873733 p.bclr           x14, x14, 23, 8     x14=00000008 x14:00000008
11423331ns          185852 1c0086ca 1a10f6b7 lui              x13, 0x1a10f000     x13=1a10f000
11423351ns          185853 1c0086ce 0ff57513 andi             x10, x10, 255       x10=00000072 x10:00000072
11423371ns          185854 1c0086d2 00d70733 add              x14, x14, x13       x14=1a10f008 x14:00000008 x13:1a10f000
11423391ns          185855 1c0086d4 00a7e723 p.sw             x10, x0(x15)        x10:00000072 x15:00000000  PA:1a10f008
11423709ns          185871 1c0086d8 00000513 addi             x10, x0, 0          x10=00000000
11423729ns          185872 1c0086da 00008067 jalr             x0, x1, 0            x1:1c008782
11423789ns          185875 1c008782 31f52563 p.beqimm         x10, 778            x10:00000000
11423808ns          185876 1c008786 001d8d93 addi             x27, x27, 1         x27=0000003b x27:0000003a
11423828ns          185877 1c008788 00044503 lbu              x10, 0(x8)          x10=00000064  x8:1c00005a  PA:1c00005a
11424127ns          185892 1c00878c 00140413 addi             x8, x8, 1            x8=1c00005b  x8:1c00005a
11424147ns          185893 1c00878e fe0514e3 bne              x10, x0, -24        x10:00000064
11424226ns          185897 1c008776 02500793 addi             x15, x0, 37         x15=00000025
11424246ns          185898 1c00877a 04f50863 beq              x10, x15, 80        x10:00000064 x15:00000025
11424266ns          185899 1c00877e 01a005b3 add              x11, x0, x26        x11=00000002 x26:00000002
11424286ns          185900 1c008780 000b00e7 jalr             x1, x22, 0           x1=1c008782 x22:1c0086b4
11424326ns          185902 1c0086b4 000026b7 lui              x13, 0x2000         x13=00002000
11424345ns          185903 1c0086b6 f14027f3 csrrs            x15, x0, 0xf14      x15=00000001
11424365ns          185904 1c0086ba f8068693 addi             x13, x13, -128      x13=00001f80 x13:00002000
11424385ns          185905 1c0086be 00379713 slli             x14, x15, 0x3       x14=00000008 x15:00000001
11424405ns          185906 1c0086c2 00279793 slli             x15, x15, 0x2       x15=00000004 x15:00000001
11424425ns          185907 1c0086c4 00d7f7b3 and              x15, x15, x13       x15=00000000 x15:00000004 x13:00001f80
11424445ns          185908 1c0086c6 ee873733 p.bclr           x14, x14, 23, 8     x14=00000008 x14:00000008
11424465ns          185909 1c0086ca 1a10f6b7 lui              x13, 0x1a10f000     x13=1a10f000
11424485ns          185910 1c0086ce 0ff57513 andi             x10, x10, 255       x10=00000064 x10:00000064
11424505ns          185911 1c0086d2 00d70733 add              x14, x14, x13       x14=1a10f008 x14:00000008 x13:1a10f000
11424525ns          185912 1c0086d4 00a7e723 p.sw             x10, x0(x15)        x10:00000064 x15:00000000  PA:1a10f008
11424843ns          185928 1c0086d8 00000513 addi             x10, x0, 0          x10=00000000
11424863ns          185929 1c0086da 00008067 jalr             x0, x1, 0            x1:1c008782
11424922ns          185932 1c008782 31f52563 p.beqimm         x10, 778            x10:00000000
11424942ns          185933 1c008786 001d8d93 addi             x27, x27, 1         x27=0000003c x27:0000003b
11424962ns          185934 1c008788 00044503 lbu              x10, 0(x8)          x10=00000029  x8:1c00005b  PA:1c00005b
11425260ns          185949 1c00878c 00140413 addi             x8, x8, 1            x8=1c00005c  x8:1c00005b
11425280ns          185950 1c00878e fe0514e3 bne              x10, x0, -24        x10:00000029
11425360ns          185954 1c008776 02500793 addi             x15, x0, 37         x15=00000025
11425380ns          185955 1c00877a 04f50863 beq              x10, x15, 80        x10:00000029 x15:00000025
11425400ns          185956 1c00877e 01a005b3 add              x11, x0, x26        x11=00000002 x26:00000002
11425420ns          185957 1c008780 000b00e7 jalr             x1, x22, 0           x1=1c008782 x22:1c0086b4
11425459ns          185959 1c0086b4 000026b7 lui              x13, 0x2000         x13=00002000
11425479ns          185960 1c0086b6 f14027f3 csrrs            x15, x0, 0xf14      x15=00000001
11425499ns          185961 1c0086ba f8068693 addi             x13, x13, -128      x13=00001f80 x13:00002000
11425519ns          185962 1c0086be 00379713 slli             x14, x15, 0x3       x14=00000008 x15:00000001
11425539ns          185963 1c0086c2 00279793 slli             x15, x15, 0x2       x15=00000004 x15:00000001
11425559ns          185964 1c0086c4 00d7f7b3 and              x15, x15, x13       x15=00000000 x15:00000004 x13:00001f80
11425579ns          185965 1c0086c6 ee873733 p.bclr           x14, x14, 23, 8     x14=00000008 x14:00000008
11425599ns          185966 1c0086ca 1a10f6b7 lui              x13, 0x1a10f000     x13=1a10f000
11425618ns          185967 1c0086ce 0ff57513 andi             x10, x10, 255       x10=00000029 x10:00000029
11425638ns          185968 1c0086d2 00d70733 add              x14, x14, x13       x14=1a10f008 x14:00000008 x13:1a10f000
11425658ns          185969 1c0086d4 00a7e723 p.sw             x10, x0(x15)        x10:00000029 x15:00000000  PA:1a10f008
11425996ns          185986 1c0086d8 00000513 addi             x10, x0, 0          x10=00000000
11426016ns          185987 1c0086da 00008067 jalr             x0, x1, 0            x1:1c008782
11426076ns          185990 1c008782 31f52563 p.beqimm         x10, 778            x10:00000000
11426096ns          185991 1c008786 001d8d93 addi             x27, x27, 1         x27=0000003d x27:0000003c
11426116ns          185992 1c008788 00044503 lbu              x10, 0(x8)          x10=0000000a  x8:1c00005c  PA:1c00005c
11426414ns          186007 1c00878c 00140413 addi             x8, x8, 1            x8=1c00005d  x8:1c00005c
11426434ns          186008 1c00878e fe0514e3 bne              x10, x0, -24        x10:0000000a
11426514ns          186012 1c008776 02500793 addi             x15, x0, 37         x15=00000025
11426533ns          186013 1c00877a 04f50863 beq              x10, x15, 80        x10:0000000a x15:00000025
11426553ns          186014 1c00877e 01a005b3 add              x11, x0, x26        x11=00000002 x26:00000002
11426573ns          186015 1c008780 000b00e7 jalr             x1, x22, 0           x1=1c008782 x22:1c0086b4
11426613ns          186017 1c0086b4 000026b7 lui              x13, 0x2000         x13=00002000
11426633ns          186018 1c0086b6 f14027f3 csrrs            x15, x0, 0xf14      x15=00000001
11426653ns          186019 1c0086ba f8068693 addi             x13, x13, -128      x13=00001f80 x13:00002000
11426673ns          186020 1c0086be 00379713 slli             x14, x15, 0x3       x14=00000008 x15:00000001
11426693ns          186021 1c0086c2 00279793 slli             x15, x15, 0x2       x15=00000004 x15:00000001
11426712ns          186022 1c0086c4 00d7f7b3 and              x15, x15, x13       x15=00000000 x15:00000004 x13:00001f80
11426732ns          186023 1c0086c6 ee873733 p.bclr           x14, x14, 23, 8     x14=00000008 x14:00000008
11426752ns          186024 1c0086ca 1a10f6b7 lui              x13, 0x1a10f000     x13=1a10f000
11426772ns          186025 1c0086ce 0ff57513 andi             x10, x10, 255       x10=0000000a x10:0000000a
11426792ns          186026 1c0086d2 00d70733 add              x14, x14, x13       x14=1a10f008 x14:00000008 x13:1a10f000
11426812ns          186027 1c0086d4 00a7e723 p.sw             x10, x0(x15)        x10:0000000a x15:00000000  PA:1a10f008
11427130ns          186043 1c0086d8 00000513 addi             x10, x0, 0          x10=00000000
11427150ns          186044 1c0086da 00008067 jalr             x0, x1, 0            x1:1c008782
11427210ns          186047 1c008782 31f52563 p.beqimm         x10, 778            x10:00000000
11427230ns          186048 1c008786 001d8d93 addi             x27, x27, 1         x27=0000003e x27:0000003d
11427250ns          186049 1c008788 00044503 lbu              x10, 0(x8)          x10=00000000  x8:1c00005d  PA:1c00005d
11427548ns          186064 1c00878c 00140413 addi             x8, x8, 1            x8=1c00005e  x8:1c00005d
11427568ns          186065 1c00878e fe0514e3 bne              x10, x0, -24        x10:00000000
11427588ns          186066 1c008790 01b00433 add              x8, x0, x27          x8=0000003e x27:0000003e
11427608ns          186067 1c008792 00800533 add              x10, x0, x8         x10=0000003e  x8:0000003e
11427627ns          186068 1c008794 12c12083 lw               x1, 300(x2)          x1=1c008720  x2:10000e78  PA:10000fa4
11427647ns          186069 1c008798 12812403 lw               x8, 296(x2)          x8=00000001  x2:10000e78  PA:10000fa0
11427667ns          186070 1c00879c 12412483 lw               x9, 292(x2)          x9=xxxxxxxx  x2:10000e78  PA:10000f9c
11428045ns          186089 1c0087a0 12012903 lw               x18, 288(x2)        x18=xxxxxxxx  x2:10000e78  PA:10000f98
11428085ns          186091 1c0087a4 11c12983 lw               x19, 284(x2)        x19=xxxxxxxx  x2:10000e78  PA:10000f94
11428105ns          186092 1c0087a8 11812a03 lw               x20, 280(x2)        x20=xxxxxxxx  x2:10000e78  PA:10000f90
11428125ns          186093 1c0087ac 11412a83 lw               x21, 276(x2)        x21=xxxxxxxx  x2:10000e78  PA:10000f8c
11428562ns          186115 1c0087b0 11012b03 lw               x22, 272(x2)        x22=xxxxxxxx  x2:10000e78  PA:10000f88
11428602ns          186117 1c0087b4 10c12b83 lw               x23, 268(x2)        x23=xxxxxxxx  x2:10000e78  PA:10000f84
11428622ns          186118 1c0087b8 10812c03 lw               x24, 264(x2)        x24=xxxxxxxx  x2:10000e78  PA:10000f80
11428642ns          186119 1c0087bc 10412c83 lw               x25, 260(x2)        x25=xxxxxxxx  x2:10000e78  PA:10000f7c
11428662ns          186120 1c0087c0 10012d03 lw               x26, 256(x2)        x26=xxxxxxxx  x2:10000e78  PA:10000f78
11428682ns          186121 1c0087c4 0fc12d83 lw               x27, 252(x2)        x27=xxxxxxxx  x2:10000e78  PA:10000f74
11428702ns          186122 1c0087c6 13010113 addi             x2, x2, 304          x2=10000fa8  x2:10000e78
11428721ns          186123 1c0087c8 00008067 jalr             x0, x1, 0            x1:1c008720
11428801ns          186127 1c008720 01c12083 lw               x1, 28(x2)           x1=1c00818a  x2:10000fa8  PA:10000fc4
11428821ns          186128 1c008722 04010113 addi             x2, x2, 64           x2=10000fe8  x2:10000fa8
11428861ns          186130 1c008724 00008067 jalr             x0, x1, 0            x1:1c00818a
11429358ns          186155 1c00818a 00d010ef jal              x1, 6156             x1=1c00818e
11429975ns          186186 1c009996 f14027f3 csrrs            x15, x0, 0xf14      x15=00000001
11429994ns          186187 1c00999a 01f00713 addi             x14, x0, 31         x14=0000001f
11430014ns          186188 1c00999c ca5797b3 p.extractu       x15, x15, 5, 5      x15=00000000 x15:00000001
11430054ns          186190 1c0099a0 00e78863 beq              x15, x14, 16        x15:00000000 x14:0000001f
11430094ns          186192 1c0099a4 002047b7 lui              x15, 0x204000       x15=00204000
11430114ns          186193 1c0099a8 20078793 addi             x15, x15, 512       x15=00204200 x15:00204000
11430134ns          186194 1c0099ac 01c7e703 p.elw            x14, 28(x15)        x14=00010000 x15:00204200  PA:0020421c
11430313ns          186203 1c0099b0 00008067 jalr             x0, x1, 0            x1:1c00818e
11430352ns          186205 1c00818e 00c12083 lw               x1, 12(x2)           x1=1c0098a6  x2:10000fe8  PA:10000ff4
11430830ns          186229 1c008190 00812403 lw               x8, 8(x2)            x8=xxxxxxxx  x2:10000fe8  PA:10000ff0
11430850ns          186230 1c008192 00000513 addi             x10, x0, 0          x10=00000000
11430870ns          186231 1c008194 01010113 addi             x2, x2, 16           x2=10000ff8  x2:10000fe8
11430890ns          186232 1c008196 00008067 jalr             x0, x1, 0            x1:1c0098a6
11431009ns          186238 1c0098a6 f14027f3 csrrs            x15, x0, 0xf14      x15=00000001
11431029ns          186239 1c0098aa f457b7b3 p.bclr           x15, x15, 26, 5     x15=00000001 x15:00000001
11431049ns          186240 1c0098ae 00079963 bne              x15, x0, 18         x15:00000001
11431546ns          186265 1c0098c0 002047b7 lui              x15, 0x204000       x15=00204000
11431586ns          186267 1c0098c4 fff00713 addi             x14, x0, -1         x14=ffffffff
11431606ns          186268 1c0098c6 00e7a223 sw               x14, 4(x15)         x14:ffffffff x15:00204000  PA:00204004
