                Time          Cycles PC       Instr    Mnemonic
12976256ns          208077 1c008080 0640006f jal              x0, 100            
12976734ns          208101 1c0080e4 f1402573 csrrs            x10, x0, 0xf14      x10=00000002
12976773ns          208103 1c0080e8 01f57593 andi             x11, x10, 31        x11=00000002 x10:00000002
12976793ns          208104 1c0080ec 00555513 srli             x10, x10, 0x5       x10=00000000 x10:00000002
12976813ns          208105 1c0080ee 01f00613 addi             x12, x0, 31         x12=0000001f
12977231ns          208126 1c0080f0 00c50463 beq              x10, x12, 8         x10:00000000 x12:0000001f
12977271ns          208128 1c0080f4 fa1ff06f jal              x0, -96            
12977728ns          208151 1c008094 f3ff8117 auipc            x2, 0xf3ff8000       x2=10000094
12977768ns          208153 1c008098 f7010113 addi             x2, x2, -144         x2=10000004  x2:10000094
12977788ns          208154 1c00809c 00012103 lw               x2, 0(x2)            x2=10000008  x2:10000004  PA:10000004
12978245ns          208177 1c0080a0 000011b7 lui              x3, 0x1000           x3=00001000
12978285ns          208179 1c0080a4 80018193 addi             x3, x3, -2048        x3=00000800  x3:00001000
12978305ns          208180 1c0080a8 00158593 addi             x11, x11, 1         x11=00000003 x11:00000002
12978325ns          208181 1c0080ac 02b180b3 mul              x1, x3, x11          x1=00001800  x3:00000800 x11:00000003
12978763ns          208203 1c0080b0 00110133 add              x2, x2, x1           x2=10001808  x2:10000008  x1:00001800
12978802ns          208205 1c0080b4 6e30106f jal              x0, 7906           
12979260ns          208228 1c009f96 ff010113 addi             x2, x2, -16          x2=100017f8  x2:10001808
12979300ns          208230 1c009f98 00112623 sw               x1, 12(x2)           x1:00001800  x2:100017f8  PA:10001804
12979319ns          208231 1c009f9a 002047b7 lui              x15, 0x204000       x15=00204000
12979757ns          208253 1c009f9e 00070737 lui              x14, 0x70000        x14=00070000
12979777ns          208254 1c009fa2 00e7a423 sw               x14, 8(x15)         x14:00070000 x15:00204000  PA:00204008
12979797ns          208255 1c009fa4 00f00713 addi             x14, x0, 15         x14=0000000f
12979817ns          208256 1c009fa6 20078793 addi             x15, x15, 512       x15=00204200 x15:00204000
12979837ns          208257 1c009faa 00e7a023 sw               x14, 0(x15)         x14:0000000f x15:00204200  PA:00204200
12980274ns          208279 1c009fae 00e7a623 sw               x14, 12(x15)        x14:0000000f x15:00204200  PA:0020420c
12980314ns          208281 1c009fb2 1c0017b7 lui              x15, 0x1c001000     x15=1c001000
12980334ns          208282 1c009fb6 9d47a783 lw               x15, -1580(x15)     x15=1c00813e x15:1c001000  PA:1c0009d4
12980831ns          208307 1c009fba 000780e7 jalr             x1, x15, 0           x1=1c009fbc x15:1c00813e
12981726ns          208352 1c00813e f14025f3 csrrs            x11, x0, 0xf14      x11=00000002
12981766ns          208354 1c008142 ca5597b3 p.extractu       x15, x11, 5, 5      x15=00000000 x11:00000002
12981786ns          208355 1c008146 00078463 beq              x15, x0, 8          x15:00000000
12982323ns          208382 1c00814e da010113 addi             x2, x2, -608         x2=10001598  x2:100017f8
12982343ns          208383 1c008152 24112e23 sw               x1, 604(x2)          x1:1c009fbc  x2:10001598  PA:100017f4
12982363ns          208384 1c008156 24812c23 sw               x8, 600(x2)          x8:xxxxxxxx  x2:10001598  PA:100017f0
12982383ns          208385 1c00815a 24912a23 sw               x9, 596(x2)          x9:xxxxxxxx  x2:10001598  PA:100017ec
12982820ns          208407 1c00815e 25212823 sw               x18, 592(x2)        x18:xxxxxxxx  x2:10001598  PA:100017e8
12982860ns          208409 1c008162 25312623 sw               x19, 588(x2)        x19:xxxxxxxx  x2:10001598  PA:100017e4
12982880ns          208410 1c008166 25412423 sw               x20, 584(x2)        x20:xxxxxxxx  x2:10001598  PA:100017e0
12982900ns          208411 1c00816a 25512223 sw               x21, 580(x2)        x21:xxxxxxxx  x2:10001598  PA:100017dc
12983337ns          208433 1c00816e 25612023 sw               x22, 576(x2)        x22:xxxxxxxx  x2:10001598  PA:100017d8
12983377ns          208435 1c008172 23712e23 sw               x23, 572(x2)        x23:xxxxxxxx  x2:10001598  PA:100017d4
12983397ns          208436 1c008176 23812c23 sw               x24, 568(x2)        x24:xxxxxxxx  x2:10001598  PA:100017d0
12983417ns          208437 1c00817a 23912a23 sw               x25, 564(x2)        x25:xxxxxxxx  x2:10001598  PA:100017cc
12983855ns          208459 1c00817e 23a12823 sw               x26, 560(x2)        x26:xxxxxxxx  x2:10001598  PA:100017c8
12983894ns          208461 1c008182 23b12623 sw               x27, 556(x2)        x27:xxxxxxxx  x2:10001598  PA:100017c4
12983914ns          208462 1c008186 f455b5b3 p.bclr           x11, x11, 26, 5     x11=00000002 x11:00000002
12983934ns          208463 1c00818a 1e058463 beq              x11, x0, 488        x11:00000002
12984372ns          208485 1c00818e 3015be63 p.bneimm         x11, 796            x11:00000002
12985088ns          208521 1c0084aa 2025bb63 p.bneimm         x11, 534            x11:00000002
12985565ns          208545 1c0084ae 1c01e337 lui              x6, 0x1c01e000       x6=1c01e000
12985605ns          208547 1c0084b2 1c0118b7 lui              x17, 0x1c011000     x17=1c011000
12985625ns          208548 1c0084b6 07030313 addi             x6, x6, 112          x6=1c01e070  x6:1c01e000
12985645ns          208549 1c0084ba 00888893 addi             x17, x17, 8         x17=1c011008 x17:1c011000
12985665ns          208550 1c0084bc 00000e93 addi             x29, x0, 0          x29=00000000
12985684ns          208551 1c0084be 00000e13 addi             x28, x0, 0          x28=00000000
12986182ns          208576 1c0084c0 00000993 addi             x19, x0, 0          x19=00000000
12986202ns          208577 1c0084c2 00000913 addi             x18, x0, 0          x18=00000000
12986222ns          208578 1c0084c4 1c01bcb7 lui              x25, 0x1c01b000     x25=1c01b000
12986241ns          208579 1c0084c8 000017b7 lui              x15, 0x1000         x15=00001000
12986261ns          208580 1c0084ca 058c8c93 addi             x25, x25, 88        x25=1c01b058 x25:1c01b000
12986699ns          208602 1c0084ce 00fc8733 add              x14, x25, x15       x14=1c01c058 x25:1c01b058 x15:00001000
12986739ns          208604 1c0084d2 1c018c37 lui              x24, 0x1c018000     x24=1c018000
12986759ns          208605 1c0084d6 00072023 sw               x0, 0(x14)          x14:1c01c058  PA:1c01c058
12987077ns          208621 1c0084da 040c0c13 addi             x24, x24, 64        x24=1c018040 x24:1c018000
12987256ns          208630 1c0084de 00072223 sw               x0, 4(x14)          x14:1c01c058  PA:1c01c05c
12987574ns          208646 1c0084e2 018787b3 add              x15, x15, x24       x15=1c019040 x15:00001000 x24:1c018040
12987594ns          208647 1c0084e4 0007a023 sw               x0, 0(x15)          x15:1c019040  PA:1c019040
12987912ns          208663 1c0084e8 0007a223 sw               x0, 4(x15)          x15:1c019040  PA:1c019044
12988231ns          208679 1c0084ec 00000a93 addi             x21, x0, 0          x21=00000000
12988250ns          208680 1c0084ee 00000a13 addi             x20, x0, 0          x20=00000000
12988270ns          208681 1c0084f0 00000b93 addi             x23, x0, 0          x23=00000000
12988290ns          208682 1c0084f2 00000b13 addi             x22, x0, 0          x22=00000000
12988310ns          208683 1c0084f4 00000493 addi             x9, x0, 0            x9=00000000
12988330ns          208684 1c0084f6 00000413 addi             x8, x0, 0            x8=00000000
12988350ns          208685 1c0084f8 00000d93 addi             x27, x0, 0          x27=00000000
12988370ns          208686 1c0084fa 00000d13 addi             x26, x0, 0          x26=00000000
12988390ns          208687 1c0084fc dead0537 lui              x10, 0xdead0000     x10=dead0000
12988787ns          208707 1c008500 12010693 addi             x13, x2, 288        x13=100016b8  x2:10001598
12988807ns          208708 1c008502 00000713 addi             x14, x0, 0          x14=00000000
12988827ns          208709 1c008504 20050513 addi             x10, x10, 512       x10=dead0200 x10:dead0000
12988847ns          208710 1c008508 020350fb lp.setupi        0x1, 0x20, 0x6     
12988867ns          208711 1c00850c 00a76633 or               x12, x14, x10       x12=dead0200 x14:00000000 x10:dead0200
12989324ns          208734 1c008510 00c6a22b p.sw             x12, 4(x13!)        x13=100016bc x12:dead0200 x13:100016b8  PA:100016b8
12989364ns          208736 1c008514 00170713 addi             x14, x14, 1         x14=00000001 x14:00000000
12989384ns          208737 1c00850c 00a76633 or               x12, x14, x10       x12=dead0201 x14:00000001 x10:dead0200
12989404ns          208738 1c008510 00c6a22b p.sw             x12, 4(x13!)        x13=100016c0 x12:dead0201 x13:100016bc  PA:100016bc
12989424ns          208739 1c008514 00170713 addi             x14, x14, 1         x14=00000002 x14:00000001
12989444ns          208740 1c00850c 00a76633 or               x12, x14, x10       x12=dead0202 x14:00000002 x10:dead0200
12989464ns          208741 1c008510 00c6a22b p.sw             x12, 4(x13!)        x13=100016c4 x12:dead0202 x13:100016c0  PA:100016c0
12989484ns          208742 1c008514 00170713 addi             x14, x14, 1         x14=00000003 x14:00000002
12989504ns          208743 1c00850c 00a76633 or               x12, x14, x10       x12=dead0203 x14:00000003 x10:dead0200
12989523ns          208744 1c008510 00c6a22b p.sw             x12, 4(x13!)        x13=100016c8 x12:dead0203 x13:100016c4  PA:100016c4
12989543ns          208745 1c008514 00170713 addi             x14, x14, 1         x14=00000004 x14:00000003
12989563ns          208746 1c00850c 00a76633 or               x12, x14, x10       x12=dead0204 x14:00000004 x10:dead0200
12989583ns          208747 1c008510 00c6a22b p.sw             x12, 4(x13!)        x13=100016cc x12:dead0204 x13:100016c8  PA:100016c8
12989603ns          208748 1c008514 00170713 addi             x14, x14, 1         x14=00000005 x14:00000004
12989623ns          208749 1c00850c 00a76633 or               x12, x14, x10       x12=dead0205 x14:00000005 x10:dead0200
12989643ns          208750 1c008510 00c6a22b p.sw             x12, 4(x13!)        x13=100016d0 x12:dead0205 x13:100016cc  PA:100016cc
12989663ns          208751 1c008514 00170713 addi             x14, x14, 1         x14=00000006 x14:00000005
12989683ns          208752 1c00850c 00a76633 or               x12, x14, x10       x12=dead0206 x14:00000006 x10:dead0200
12989702ns          208753 1c008510 00c6a22b p.sw             x12, 4(x13!)        x13=100016d4 x12:dead0206 x13:100016d0  PA:100016d0
12989722ns          208754 1c008514 00170713 addi             x14, x14, 1         x14=00000007 x14:00000006
12989742ns          208755 1c00850c 00a76633 or               x12, x14, x10       x12=dead0207 x14:00000007 x10:dead0200
12989762ns          208756 1c008510 00c6a22b p.sw             x12, 4(x13!)        x13=100016d8 x12:dead0207 x13:100016d4  PA:100016d4
12989782ns          208757 1c008514 00170713 addi             x14, x14, 1         x14=00000008 x14:00000007
12989802ns          208758 1c00850c 00a76633 or               x12, x14, x10       x12=dead0208 x14:00000008 x10:dead0200
12989822ns          208759 1c008510 00c6a22b p.sw             x12, 4(x13!)        x13=100016dc x12:dead0208 x13:100016d8  PA:100016d8
12989842ns          208760 1c008514 00170713 addi             x14, x14, 1         x14=00000009 x14:00000008
12989862ns          208761 1c00850c 00a76633 or               x12, x14, x10       x12=dead0209 x14:00000009 x10:dead0200
12989881ns          208762 1c008510 00c6a22b p.sw             x12, 4(x13!)        x13=100016e0 x12:dead0209 x13:100016dc  PA:100016dc
12989901ns          208763 1c008514 00170713 addi             x14, x14, 1         x14=0000000a x14:00000009
12989921ns          208764 1c00850c 00a76633 or               x12, x14, x10       x12=dead020a x14:0000000a x10:dead0200
12989941ns          208765 1c008510 00c6a22b p.sw             x12, 4(x13!)        x13=100016e4 x12:dead020a x13:100016e0  PA:100016e0
12989961ns          208766 1c008514 00170713 addi             x14, x14, 1         x14=0000000b x14:0000000a
12989981ns          208767 1c00850c 00a76633 or               x12, x14, x10       x12=dead020b x14:0000000b x10:dead0200
12990001ns          208768 1c008510 00c6a22b p.sw             x12, 4(x13!)        x13=100016e8 x12:dead020b x13:100016e4  PA:100016e4
12990041ns          208770 1c008514 00170713 addi             x14, x14, 1         x14=0000000c x14:0000000b
12990060ns          208771 1c00850c 00a76633 or               x12, x14, x10       x12=dead020c x14:0000000c x10:dead0200
12990080ns          208772 1c008510 00c6a22b p.sw             x12, 4(x13!)        x13=100016ec x12:dead020c x13:100016e8  PA:100016e8
12990100ns          208773 1c008514 00170713 addi             x14, x14, 1         x14=0000000d x14:0000000c
12990120ns          208774 1c00850c 00a76633 or               x12, x14, x10       x12=dead020d x14:0000000d x10:dead0200
12990140ns          208775 1c008510 00c6a22b p.sw             x12, 4(x13!)        x13=100016f0 x12:dead020d x13:100016ec  PA:100016ec
12990160ns          208776 1c008514 00170713 addi             x14, x14, 1         x14=0000000e x14:0000000d
12990180ns          208777 1c00850c 00a76633 or               x12, x14, x10       x12=dead020e x14:0000000e x10:dead0200
12990200ns          208778 1c008510 00c6a22b p.sw             x12, 4(x13!)        x13=100016f4 x12:dead020e x13:100016f0  PA:100016f0
12990239ns          208780 1c008514 00170713 addi             x14, x14, 1         x14=0000000f x14:0000000e
12990259ns          208781 1c00850c 00a76633 or               x12, x14, x10       x12=dead020f x14:0000000f x10:dead0200
12990279ns          208782 1c008510 00c6a22b p.sw             x12, 4(x13!)        x13=100016f8 x12:dead020f x13:100016f4  PA:100016f4
12990319ns          208784 1c008514 00170713 addi             x14, x14, 1         x14=00000010 x14:0000000f
12990339ns          208785 1c00850c 00a76633 or               x12, x14, x10       x12=dead0210 x14:00000010 x10:dead0200
12990359ns          208786 1c008510 00c6a22b p.sw             x12, 4(x13!)        x13=100016fc x12:dead0210 x13:100016f8  PA:100016f8
12990379ns          208787 1c008514 00170713 addi             x14, x14, 1         x14=00000011 x14:00000010
12990399ns          208788 1c00850c 00a76633 or               x12, x14, x10       x12=dead0211 x14:00000011 x10:dead0200
12990418ns          208789 1c008510 00c6a22b p.sw             x12, 4(x13!)        x13=10001700 x12:dead0211 x13:100016fc  PA:100016fc
12990438ns          208790 1c008514 00170713 addi             x14, x14, 1         x14=00000012 x14:00000011
12990458ns          208791 1c00850c 00a76633 or               x12, x14, x10       x12=dead0212 x14:00000012 x10:dead0200
12990478ns          208792 1c008510 00c6a22b p.sw             x12, 4(x13!)        x13=10001704 x12:dead0212 x13:10001700  PA:10001700
12990498ns          208793 1c008514 00170713 addi             x14, x14, 1         x14=00000013 x14:00000012
12990518ns          208794 1c00850c 00a76633 or               x12, x14, x10       x12=dead0213 x14:00000013 x10:dead0200
12990538ns          208795 1c008510 00c6a22b p.sw             x12, 4(x13!)        x13=10001708 x12:dead0213 x13:10001704  PA:10001704
12990558ns          208796 1c008514 00170713 addi             x14, x14, 1         x14=00000014 x14:00000013
12990578ns          208797 1c00850c 00a76633 or               x12, x14, x10       x12=dead0214 x14:00000014 x10:dead0200
12990598ns          208798 1c008510 00c6a22b p.sw             x12, 4(x13!)        x13=1000170c x12:dead0214 x13:10001708  PA:10001708
12990617ns          208799 1c008514 00170713 addi             x14, x14, 1         x14=00000015 x14:00000014
12990637ns          208800 1c00850c 00a76633 or               x12, x14, x10       x12=dead0215 x14:00000015 x10:dead0200
12990657ns          208801 1c008510 00c6a22b p.sw             x12, 4(x13!)        x13=10001710 x12:dead0215 x13:1000170c  PA:1000170c
12990677ns          208802 1c008514 00170713 addi             x14, x14, 1         x14=00000016 x14:00000015
12990697ns          208803 1c00850c 00a76633 or               x12, x14, x10       x12=dead0216 x14:00000016 x10:dead0200
12990717ns          208804 1c008510 00c6a22b p.sw             x12, 4(x13!)        x13=10001714 x12:dead0216 x13:10001710  PA:10001710
12990737ns          208805 1c008514 00170713 addi             x14, x14, 1         x14=00000017 x14:00000016
12990757ns          208806 1c00850c 00a76633 or               x12, x14, x10       x12=dead0217 x14:00000017 x10:dead0200
12990777ns          208807 1c008510 00c6a22b p.sw             x12, 4(x13!)        x13=10001718 x12:dead0217 x13:10001714  PA:10001714
12990796ns          208808 1c008514 00170713 addi             x14, x14, 1         x14=00000018 x14:00000017
12990816ns          208809 1c00850c 00a76633 or               x12, x14, x10       x12=dead0218 x14:00000018 x10:dead0200
12990836ns          208810 1c008510 00c6a22b p.sw             x12, 4(x13!)        x13=1000171c x12:dead0218 x13:10001718  PA:10001718
12990856ns          208811 1c008514 00170713 addi             x14, x14, 1         x14=00000019 x14:00000018
12990876ns          208812 1c00850c 00a76633 or               x12, x14, x10       x12=dead0219 x14:00000019 x10:dead0200
12990896ns          208813 1c008510 00c6a22b p.sw             x12, 4(x13!)        x13=10001720 x12:dead0219 x13:1000171c  PA:1000171c
12990916ns          208814 1c008514 00170713 addi             x14, x14, 1         x14=0000001a x14:00000019
12990936ns          208815 1c00850c 00a76633 or               x12, x14, x10       x12=dead021a x14:0000001a x10:dead0200
12990956ns          208816 1c008510 00c6a22b p.sw             x12, 4(x13!)        x13=10001724 x12:dead021a x13:10001720  PA:10001720
12990975ns          208817 1c008514 00170713 addi             x14, x14, 1         x14=0000001b x14:0000001a
12990995ns          208818 1c00850c 00a76633 or               x12, x14, x10       x12=dead021b x14:0000001b x10:dead0200
12991015ns          208819 1c008510 00c6a22b p.sw             x12, 4(x13!)        x13=10001728 x12:dead021b x13:10001724  PA:10001724
12991035ns          208820 1c008514 00170713 addi             x14, x14, 1         x14=0000001c x14:0000001b
12991055ns          208821 1c00850c 00a76633 or               x12, x14, x10       x12=dead021c x14:0000001c x10:dead0200
12991075ns          208822 1c008510 00c6a22b p.sw             x12, 4(x13!)        x13=1000172c x12:dead021c x13:10001728  PA:10001728
12991095ns          208823 1c008514 00170713 addi             x14, x14, 1         x14=0000001d x14:0000001c
12991115ns          208824 1c00850c 00a76633 or               x12, x14, x10       x12=dead021d x14:0000001d x10:dead0200
12991135ns          208825 1c008510 00c6a22b p.sw             x12, 4(x13!)        x13=10001730 x12:dead021d x13:1000172c  PA:1000172c
12991154ns          208826 1c008514 00170713 addi             x14, x14, 1         x14=0000001e x14:0000001d
12991174ns          208827 1c00850c 00a76633 or               x12, x14, x10       x12=dead021e x14:0000001e x10:dead0200
12991194ns          208828 1c008510 00c6a22b p.sw             x12, 4(x13!)        x13=10001734 x12:dead021e x13:10001730  PA:10001730
12991214ns          208829 1c008514 00170713 addi             x14, x14, 1         x14=0000001f x14:0000001e
12991234ns          208830 1c00850c 00a76633 or               x12, x14, x10       x12=dead021f x14:0000001f x10:dead0200
12991254ns          208831 1c008510 00c6a22b p.sw             x12, 4(x13!)        x13=10001738 x12:dead021f x13:10001734  PA:10001734
12991274ns          208832 1c008514 00170713 addi             x14, x14, 1         x14=00000020 x14:0000001f
12991294ns          208833 1c008516 ce5ff06f jal              x0, -796           
12991453ns          208841 1c0081fa 00612423 sw               x6, 8(x2)            x6:1c01e070  x2:10001598  PA:100015a0
12991493ns          208843 1c0081fc 00b12c23 sw               x11, 24(x2)         x11:00000002  x2:10001598  PA:100015b0
12991512ns          208844 1c0081fe 01112623 sw               x17, 12(x2)         x17:1c011008  x2:10001598  PA:100015a4
12991572ns          208847 1c008200 01c12a23 sw               x28, 20(x2)         x28:00000000  x2:10001598  PA:100015ac
12991592ns          208848 1c008202 01d12823 sw               x29, 16(x2)         x29:00000000  x2:10001598  PA:100015a8
12991612ns          208849 1c008204 6a9010ef jal              x1, 7848             x1=1c008208
12991691ns          208853 1c00a0ac f14027f3 csrrs            x15, x0, 0xf14      x15=00000002
12991771ns          208857 1c00a0b0 01f00713 addi             x14, x0, 31         x14=0000001f
12991811ns          208859 1c00a0b2 ca5797b3 p.extractu       x15, x15, 5, 5      x15=00000000 x15:00000002
12991831ns          208860 1c00a0b6 00e78863 beq              x15, x14, 16        x15:00000000 x14:0000001f
12991851ns          208861 1c00a0ba 002047b7 lui              x15, 0x204000       x15=00204000
12991970ns          208867 1c00a0be 20078793 addi             x15, x15, 512       x15=00204200 x15:00204000
12992010ns          208869 1c00a0c2 01c7e703 p.elw            x14, 28(x15)        x14=00010000 x15:00204200  PA:0020421c
12993561ns          208947 1c00a0c6 00008067 jalr             x0, x1, 0            x1:1c008208
12993601ns          208949 1c008208 f14027f3 csrrs            x15, x0, 0xf14      x15=00000002
12993621ns          208950 1c00820c f457b7b3 p.bclr           x15, x15, 26, 5     x15=00000002 x15:00000002
12994078ns          208973 1c008210 00812303 lw               x6, 8(x2)            x6=1c01e070  x2:10001598  PA:100015a0
12994098ns          208974 1c008212 01812583 lw               x11, 24(x2)         x11=00000002  x2:10001598  PA:100015b0
12994118ns          208975 1c008214 00c12883 lw               x17, 12(x2)         x17=1c011008  x2:10001598  PA:100015a4
12994138ns          208976 1c008216 01412e03 lw               x28, 20(x2)         x28=00000000  x2:10001598  PA:100015ac
12994158ns          208977 1c008218 01012e83 lw               x29, 16(x2)         x29=00000000  x2:10001598  PA:100015a8
12994178ns          208978 1c00821a 02079163 bne              x15, x0, 34         x15:00000002
12995192ns          209029 1c00823c 18059d63 bne              x11, x0, 410        x11:00000002
12995829ns          209061 1c0083d6 1415b163 p.bneimm         x11, 322            x11:00000002
12996326ns          209086 1c008518 0c25ba63 p.bneimm         x11, 212            x11:00000002
12996346ns          209087 1c00851c 00001737 lui              x14, 0x1000         x14=00001000
12996883ns          209114 1c00851e 00e305b3 add              x11, x6, x14        x11=1c01f070  x6:1c01e070 x14:00001000
12996923ns          209116 1c008522 00e88633 add              x12, x17, x14       x12=1c012008 x17:1c011008 x14:00001000
12996943ns          209117 1c008526 00ec86b3 add              x13, x25, x14       x13=1c01c058 x25:1c01b058 x14:00001000
12996963ns          209118 1c00852a 12010e93 addi             x29, x2, 288        x29=100016b8  x2:10001598
12997420ns          209141 1c00852e 40000513 addi             x10, x0, 1024       x10=00000400
12997440ns          209142 1c008532 01870733 add              x14, x14, x24       x14=1c019040 x14:00001000 x24:1c018040
12997460ns          209143 1c008534 02000e13 addi             x28, x0, 32         x28=00000020
12997480ns          209144 1c008538 004eaf0b p.lw             x30, 4(x29!)        x30=dead0200 x29=100016bc x29:100016b8  PA:100016b8
12997500ns          209145 1c00853c 0045a783 lw               x15, 4(x11)         x15=00000000 x11:1c01f070  PA:1c01f074
12998076ns          209174 1c00853e 00178793 addi             x15, x15, 1         x15=00000001 x15:00000000
12998096ns          209175 1c008540 0aa78363 beq              x15, x10, 166       x15:00000001 x10:00000400
12998116ns          209176 1c008544 0005a803 lw               x16, 0(x11)         x16=00000000 x11:1c01f070  PA:1c01f070
12998434ns          209192 1c008548 ff078ae3 beq              x15, x16, -12       x15:00000001 x16:00000000
12998454ns          209193 1c00854c 0045a783 lw               x15, 4(x11)         x15=00000000 x11:1c01f070  PA:1c01f074
12998773ns          209209 1c00854e 00279793 slli             x15, x15, 0x2       x15=00000000 x15:00000000
12998792ns          209210 1c008550 01e367a3 p.sw             x30, x0(x6)         x30:dead0200  x6:1c01e070  PA:1c01e070
12999111ns          209226 1c008554 0045a783 lw               x15, 4(x11)         x15=00000000 x11:1c01f070  PA:1c01f074
12999429ns          209242 1c008556 00178793 addi             x15, x15, 1         x15=00000001 x15:00000000
12999449ns          209243 1c008558 00f5a223 sw               x15, 4(x11)         x15:00000001 x11:1c01f070  PA:1c01f074
12999767ns          209259 1c00855a 0045a783 lw               x15, 4(x11)         x15=00000001 x11:1c01f070  PA:1c01f074
13000284ns          209285 1c00855c 00a79463 bne              x15, x10, 8         x15:00000001 x10:00000400
13000344ns          209288 1c008564 00462783 lw               x15, 4(x12)         x15=00000000 x12:1c012008  PA:1c01200c
13000682ns          209305 1c008566 00178793 addi             x15, x15, 1         x15=00000001 x15:00000000
13000702ns          209306 1c008568 06a78c63 beq              x15, x10, 120       x15:00000001 x10:00000400
13000722ns          209307 1c00856c 00062803 lw               x16, 0(x12)         x16=00000000 x12:1c012008  PA:1c012008
13001040ns          209323 1c008570 ff078ae3 beq              x15, x16, -12       x15:00000001 x16:00000000
13001060ns          209324 1c008574 00462783 lw               x15, 4(x12)         x15=00000000 x12:1c012008  PA:1c01200c
13001518ns          209347 1c008576 00279793 slli             x15, x15, 0x2       x15=00000000 x15:00000000
13001537ns          209348 1c008578 01e8e7a3 p.sw             x30, x0(x17)        x30:dead0200 x17:1c011008  PA:1c011008
13001856ns          209364 1c00857c 00462783 lw               x15, 4(x12)         x15=00000000 x12:1c012008  PA:1c01200c
13002293ns          209386 1c00857e 00178793 addi             x15, x15, 1         x15=00000001 x15:00000000
13002313ns          209387 1c008580 00f62223 sw               x15, 4(x12)         x15:00000001 x12:1c012008  PA:1c01200c
13002631ns          209403 1c008582 00462783 lw               x15, 4(x12)         x15=00000001 x12:1c012008  PA:1c01200c
13003049ns          209424 1c008584 00a79463 bne              x15, x10, 8         x15:00000001 x10:00000400
13003109ns          209427 1c00858c 0006a803 lw               x16, 0(x13)         x16=00000000 x13:1c01c058  PA:1c01c058
13003526ns          209448 1c008590 0046a783 lw               x15, 4(x13)         x15=00000001 x13:1c01c058  PA:1c01c05c
13003845ns          209464 1c008592 fef80de3 beq              x16, x15, -6        x16:00000000 x15:00000001
13003865ns          209465 1c008596 0006a783 lw               x15, 0(x13)         x15=00000000 x13:1c01c058  PA:1c01c058
13004302ns          209487 1c008598 00279793 slli             x15, x15, 0x2       x15=00000000 x15:00000000
13004322ns          209488 1c00859a 20fcf783 lw               x15, x15(x25)       x15=dead0300 x15:00000000 x25:1c01b058  PA:1c01b058
13004640ns          209504 1c00859e 0006a783 lw               x15, 0(x13)         x15=00000000 x13:1c01c058  PA:1c01c058
13005078ns          209526 1c0085a0 00178793 addi             x15, x15, 1         x15=00000001 x15:00000000
13005098ns          209527 1c0085a2 00f6a023 sw               x15, 0(x13)         x15:00000001 x13:1c01c058  PA:1c01c058
13005416ns          209543 1c0085a4 0006a783 lw               x15, 0(x13)         x15=00000001 x13:1c01c058  PA:1c01c058
13005734ns          209559 1c0085a6 00a79463 bne              x15, x10, 8         x15:00000001 x10:00000400
13005953ns          209570 1c0085ae 00072803 lw               x16, 0(x14)         x16=00000000 x14:1c019040  PA:1c019040
13006311ns          209588 1c0085b2 00472783 lw               x15, 4(x14)         x15=00000001 x14:1c019040  PA:1c019044
13006629ns          209604 1c0085b4 fef80de3 beq              x16, x15, -6        x16:00000000 x15:00000001
13006649ns          209605 1c0085b8 00072783 lw               x15, 0(x14)         x15=00000000 x14:1c019040  PA:1c019040
13007027ns          209624 1c0085ba 00279793 slli             x15, x15, 0x2       x15=00000000 x15:00000000
13007047ns          209625 1c0085bc 20fc7783 lw               x15, x15(x24)       x15=dead0000 x15:00000000 x24:1c018040  PA:1c018040
13007346ns          209640 1c0085c0 00072783 lw               x15, 0(x14)         x15=00000000 x14:1c019040  PA:1c019040
13007664ns          209656 1c0085c2 00178793 addi             x15, x15, 1         x15=00000001 x15:00000000
13007684ns          209657 1c0085c4 00f72023 sw               x15, 0(x14)         x15:00000001 x14:1c019040  PA:1c019040
13008002ns          209673 1c0085c6 00072783 lw               x15, 0(x14)         x15=00000001 x14:1c019040  PA:1c019040
13008440ns          209695 1c0085c8 00a78663 beq              x15, x10, 12        x15:00000001 x10:00000400
13008459ns          209696 1c0085cc fffe0e13 addi             x28, x28, -1        x28=0000001f x28:00000020
13008479ns          209697 1c0085ce f60e15e3 bne              x28, x0, -150       x28:0000001f
13008539ns          209700 1c008538 004eaf0b p.lw             x30, 4(x29!)        x30=dead0201 x29=100016c0 x29:100016bc  PA:100016bc
13008559ns          209701 1c00853c 0045a783 lw               x15, 4(x11)         x15=00000001 x11:1c01f070  PA:1c01f074
13008877ns          209717 1c00853e 00178793 addi             x15, x15, 1         x15=00000002 x15:00000001
13008897ns          209718 1c008540 0aa78363 beq              x15, x10, 166       x15:00000002 x10:00000400
13008917ns          209719 1c008544 0005a803 lw               x16, 0(x11)         x16=00000001 x11:1c01f070  PA:1c01f070
13009235ns          209735 1c008548 ff078ae3 beq              x15, x16, -12       x15:00000002 x16:00000001
13009255ns          209736 1c00854c 0045a783 lw               x15, 4(x11)         x15=00000001 x11:1c01f070  PA:1c01f074
13009573ns          209752 1c00854e 00279793 slli             x15, x15, 0x2       x15=00000004 x15:00000001
13009593ns          209753 1c008550 01e367a3 p.sw             x30, x0(x6)         x30:dead0201  x6:1c01e070  PA:1c01e074
13009931ns          209770 1c008554 0045a783 lw               x15, 4(x11)         x15=00000001 x11:1c01f070  PA:1c01f074
13010250ns          209786 1c008556 00178793 addi             x15, x15, 1         x15=00000002 x15:00000001
13010269ns          209787 1c008558 00f5a223 sw               x15, 4(x11)         x15:00000002 x11:1c01f070  PA:1c01f074
13010588ns          209803 1c00855a 0045a783 lw               x15, 4(x11)         x15=00000002 x11:1c01f070  PA:1c01f074
13010906ns          209819 1c00855c 00a79463 bne              x15, x10, 8         x15:00000002 x10:00000400
13010966ns          209822 1c008564 00462783 lw               x15, 4(x12)         x15=00000001 x12:1c012008  PA:1c01200c
13011304ns          209839 1c008566 00178793 addi             x15, x15, 1         x15=00000002 x15:00000001
13011324ns          209840 1c008568 06a78c63 beq              x15, x10, 120       x15:00000002 x10:00000400
13011344ns          209841 1c00856c 00062803 lw               x16, 0(x12)         x16=00000001 x12:1c012008  PA:1c012008
13011662ns          209857 1c008570 ff078ae3 beq              x15, x16, -12       x15:00000002 x16:00000001
13011682ns          209858 1c008574 00462783 lw               x15, 4(x12)         x15=00000001 x12:1c012008  PA:1c01200c
13012000ns          209874 1c008576 00279793 slli             x15, x15, 0x2       x15=00000004 x15:00000001
13012020ns          209875 1c008578 01e8e7a3 p.sw             x30, x0(x17)        x30:dead0201 x17:1c011008  PA:1c01100c
13012338ns          209891 1c00857c 00462783 lw               x15, 4(x12)         x15=00000001 x12:1c012008  PA:1c01200c
13012676ns          209908 1c00857e 00178793 addi             x15, x15, 1         x15=00000002 x15:00000001
13012696ns          209909 1c008580 00f62223 sw               x15, 4(x12)         x15:00000002 x12:1c012008  PA:1c01200c
13013014ns          209925 1c008582 00462783 lw               x15, 4(x12)         x15=00000002 x12:1c012008  PA:1c01200c
13013333ns          209941 1c008584 00a79463 bne              x15, x10, 8         x15:00000002 x10:00000400
13013392ns          209944 1c00858c 0006a803 lw               x16, 0(x13)         x16=00000001 x13:1c01c058  PA:1c01c058
13013691ns          209959 1c008590 0046a783 lw               x15, 4(x13)         x15=00000002 x13:1c01c058  PA:1c01c05c
13014009ns          209975 1c008592 fef80de3 beq              x16, x15, -6        x16:00000001 x15:00000002
13014029ns          209976 1c008596 0006a783 lw               x15, 0(x13)         x15=00000001 x13:1c01c058  PA:1c01c058
13014347ns          209992 1c008598 00279793 slli             x15, x15, 0x2       x15=00000004 x15:00000001
13014367ns          209993 1c00859a 20fcf783 lw               x15, x15(x25)       x15=dead0301 x15:00000004 x25:1c01b058  PA:1c01b05c
13014665ns          210008 1c00859e 0006a783 lw               x15, 0(x13)         x15=00000001 x13:1c01c058  PA:1c01c058
13014984ns          210024 1c0085a0 00178793 addi             x15, x15, 1         x15=00000002 x15:00000001
13015003ns          210025 1c0085a2 00f6a023 sw               x15, 0(x13)         x15:00000002 x13:1c01c058  PA:1c01c058
13015342ns          210042 1c0085a4 0006a783 lw               x15, 0(x13)         x15=00000002 x13:1c01c058  PA:1c01c058
13015660ns          210058 1c0085a6 00a79463 bne              x15, x10, 8         x15:00000002 x10:00000400
13015739ns          210062 1c0085ae 00072803 lw               x16, 0(x14)         x16=00000001 x14:1c019040  PA:1c019040
13016038ns          210077 1c0085b2 00472783 lw               x15, 4(x14)         x15=00000002 x14:1c019040  PA:1c019044
13016356ns          210093 1c0085b4 fef80de3 beq              x16, x15, -6        x16:00000001 x15:00000002
13016376ns          210094 1c0085b8 00072783 lw               x15, 0(x14)         x15=00000001 x14:1c019040  PA:1c019040
13016694ns          210110 1c0085ba 00279793 slli             x15, x15, 0x2       x15=00000004 x15:00000001
13016714ns          210111 1c0085bc 20fc7783 lw               x15, x15(x24)       x15=dead0001 x15:00000004 x24:1c018040  PA:1c018044
13017012ns          210126 1c0085c0 00072783 lw               x15, 0(x14)         x15=00000001 x14:1c019040  PA:1c019040
13017331ns          210142 1c0085c2 00178793 addi             x15, x15, 1         x15=00000002 x15:00000001
13017351ns          210143 1c0085c4 00f72023 sw               x15, 0(x14)         x15:00000002 x14:1c019040  PA:1c019040
13017669ns          210159 1c0085c6 00072783 lw               x15, 0(x14)         x15=00000002 x14:1c019040  PA:1c019040
13018007ns          210176 1c0085c8 00a78663 beq              x15, x10, 12        x15:00000002 x10:00000400
13018027ns          210177 1c0085cc fffe0e13 addi             x28, x28, -1        x28=0000001e x28:0000001f
13018047ns          210178 1c0085ce f60e15e3 bne              x28, x0, -150       x28:0000001e
13018106ns          210181 1c008538 004eaf0b p.lw             x30, 4(x29!)        x30=dead0202 x29=100016c4 x29:100016c0  PA:100016c0
13018126ns          210182 1c00853c 0045a783 lw               x15, 4(x11)         x15=00000002 x11:1c01f070  PA:1c01f074
13018445ns          210198 1c00853e 00178793 addi             x15, x15, 1         x15=00000003 x15:00000002
13018464ns          210199 1c008540 0aa78363 beq              x15, x10, 166       x15:00000003 x10:00000400
13018484ns          210200 1c008544 0005a803 lw               x16, 0(x11)         x16=00000002 x11:1c01f070  PA:1c01f070
13018803ns          210216 1c008548 ff078ae3 beq              x15, x16, -12       x15:00000003 x16:00000002
13018822ns          210217 1c00854c 0045a783 lw               x15, 4(x11)         x15=00000002 x11:1c01f070  PA:1c01f074
13019141ns          210233 1c00854e 00279793 slli             x15, x15, 0x2       x15=00000008 x15:00000002
13019161ns          210234 1c008550 01e367a3 p.sw             x30, x0(x6)         x30:dead0202  x6:1c01e070  PA:1c01e078
13019479ns          210250 1c008554 0045a783 lw               x15, 4(x11)         x15=00000002 x11:1c01f070  PA:1c01f074
13019797ns          210266 1c008556 00178793 addi             x15, x15, 1         x15=00000003 x15:00000002
13019817ns          210267 1c008558 00f5a223 sw               x15, 4(x11)         x15:00000003 x11:1c01f070  PA:1c01f074
13020135ns          210283 1c00855a 0045a783 lw               x15, 4(x11)         x15=00000003 x11:1c01f070  PA:1c01f074
13020454ns          210299 1c00855c 00a79463 bne              x15, x10, 8         x15:00000003 x10:00000400
13020513ns          210302 1c008564 00462783 lw               x15, 4(x12)         x15=00000002 x12:1c012008  PA:1c01200c
13020831ns          210318 1c008566 00178793 addi             x15, x15, 1         x15=00000003 x15:00000002
13020851ns          210319 1c008568 06a78c63 beq              x15, x10, 120       x15:00000003 x10:00000400
13020871ns          210320 1c00856c 00062803 lw               x16, 0(x12)         x16=00000002 x12:1c012008  PA:1c012008
13021189ns          210336 1c008570 ff078ae3 beq              x15, x16, -12       x15:00000003 x16:00000002
13021209ns          210337 1c008574 00462783 lw               x15, 4(x12)         x15=00000002 x12:1c012008  PA:1c01200c
13021528ns          210353 1c008576 00279793 slli             x15, x15, 0x2       x15=00000008 x15:00000002
13021548ns          210354 1c008578 01e8e7a3 p.sw             x30, x0(x17)        x30:dead0202 x17:1c011008  PA:1c011010
13021886ns          210371 1c00857c 00462783 lw               x15, 4(x12)         x15=00000002 x12:1c012008  PA:1c01200c
13022204ns          210387 1c00857e 00178793 addi             x15, x15, 1         x15=00000003 x15:00000002
13022224ns          210388 1c008580 00f62223 sw               x15, 4(x12)         x15:00000003 x12:1c012008  PA:1c01200c
13022542ns          210404 1c008582 00462783 lw               x15, 4(x12)         x15=00000003 x12:1c012008  PA:1c01200c
13022860ns          210420 1c008584 00a79463 bne              x15, x10, 8         x15:00000003 x10:00000400
13022920ns          210423 1c00858c 0006a803 lw               x16, 0(x13)         x16=00000002 x13:1c01c058  PA:1c01c058
13023238ns          210439 1c008590 0046a783 lw               x15, 4(x13)         x15=00000003 x13:1c01c058  PA:1c01c05c
13023556ns          210455 1c008592 fef80de3 beq              x16, x15, -6        x16:00000002 x15:00000003
13023576ns          210456 1c008596 0006a783 lw               x15, 0(x13)         x15=00000002 x13:1c01c058  PA:1c01c058
13023895ns          210472 1c008598 00279793 slli             x15, x15, 0x2       x15=00000008 x15:00000002
13023915ns          210473 1c00859a 20fcf783 lw               x15, x15(x25)       x15=dead0302 x15:00000008 x25:1c01b058  PA:1c01b060
13024213ns          210488 1c00859e 0006a783 lw               x15, 0(x13)         x15=00000002 x13:1c01c058  PA:1c01c058
13024551ns          210505 1c0085a0 00178793 addi             x15, x15, 1         x15=00000003 x15:00000002
13024571ns          210506 1c0085a2 00f6a023 sw               x15, 0(x13)         x15:00000003 x13:1c01c058  PA:1c01c058
13024889ns          210522 1c0085a4 0006a783 lw               x15, 0(x13)         x15=00000003 x13:1c01c058  PA:1c01c058
13025207ns          210538 1c0085a6 00a79463 bne              x15, x10, 8         x15:00000003 x10:00000400
13025287ns          210542 1c0085ae 00072803 lw               x16, 0(x14)         x16=00000002 x14:1c019040  PA:1c019040
13025585ns          210557 1c0085b2 00472783 lw               x15, 4(x14)         x15=00000003 x14:1c019040  PA:1c019044
13025923ns          210574 1c0085b4 fef80de3 beq              x16, x15, -6        x16:00000002 x15:00000003
13025943ns          210575 1c0085b8 00072783 lw               x15, 0(x14)         x15=00000002 x14:1c019040  PA:1c019040
13026262ns          210591 1c0085ba 00279793 slli             x15, x15, 0x2       x15=00000008 x15:00000002
13026282ns          210592 1c0085bc 20fc7783 lw               x15, x15(x24)       x15=dead0002 x15:00000008 x24:1c018040  PA:1c018048
13026580ns          210607 1c0085c0 00072783 lw               x15, 0(x14)         x15=00000002 x14:1c019040  PA:1c019040
13026898ns          210623 1c0085c2 00178793 addi             x15, x15, 1         x15=00000003 x15:00000002
13026918ns          210624 1c0085c4 00f72023 sw               x15, 0(x14)         x15:00000003 x14:1c019040  PA:1c019040
13027256ns          210641 1c0085c6 00072783 lw               x15, 0(x14)         x15=00000003 x14:1c019040  PA:1c019040
13027574ns          210657 1c0085c8 00a78663 beq              x15, x10, 12        x15:00000003 x10:00000400
13027594ns          210658 1c0085cc fffe0e13 addi             x28, x28, -1        x28=0000001d x28:0000001e
13027614ns          210659 1c0085ce f60e15e3 bne              x28, x0, -150       x28:0000001d
13027674ns          210662 1c008538 004eaf0b p.lw             x30, 4(x29!)        x30=dead0203 x29=100016c8 x29:100016c4  PA:100016c4
13027694ns          210663 1c00853c 0045a783 lw               x15, 4(x11)         x15=00000003 x11:1c01f070  PA:1c01f074
13028012ns          210679 1c00853e 00178793 addi             x15, x15, 1         x15=00000004 x15:00000003
13028032ns          210680 1c008540 0aa78363 beq              x15, x10, 166       x15:00000004 x10:00000400
13028052ns          210681 1c008544 0005a803 lw               x16, 0(x11)         x16=00000003 x11:1c01f070  PA:1c01f070
13028370ns          210697 1c008548 ff078ae3 beq              x15, x16, -12       x15:00000004 x16:00000003
13028390ns          210698 1c00854c 0045a783 lw               x15, 4(x11)         x15=00000003 x11:1c01f070  PA:1c01f074
13028708ns          210714 1c00854e 00279793 slli             x15, x15, 0x2       x15=0000000c x15:00000003
13028728ns          210715 1c008550 01e367a3 p.sw             x30, x0(x6)         x30:dead0203  x6:1c01e070  PA:1c01e07c
13029046ns          210731 1c008554 0045a783 lw               x15, 4(x11)         x15=00000003 x11:1c01f070  PA:1c01f074
13029365ns          210747 1c008556 00178793 addi             x15, x15, 1         x15=00000004 x15:00000003
13029384ns          210748 1c008558 00f5a223 sw               x15, 4(x11)         x15:00000004 x11:1c01f070  PA:1c01f074
13029703ns          210764 1c00855a 0045a783 lw               x15, 4(x11)         x15=00000004 x11:1c01f070  PA:1c01f074
13030021ns          210780 1c00855c 00a79463 bne              x15, x10, 8         x15:00000004 x10:00000400
13030081ns          210783 1c008564 00462783 lw               x15, 4(x12)         x15=00000003 x12:1c012008  PA:1c01200c
13030399ns          210799 1c008566 00178793 addi             x15, x15, 1         x15=00000004 x15:00000003
13030419ns          210800 1c008568 06a78c63 beq              x15, x10, 120       x15:00000004 x10:00000400
13030439ns          210801 1c00856c 00062803 lw               x16, 0(x12)         x16=00000003 x12:1c012008  PA:1c012008
13030757ns          210817 1c008570 ff078ae3 beq              x15, x16, -12       x15:00000004 x16:00000003
13030777ns          210818 1c008574 00462783 lw               x15, 4(x12)         x15=00000003 x12:1c012008  PA:1c01200c
13031095ns          210834 1c008576 00279793 slli             x15, x15, 0x2       x15=0000000c x15:00000003
13031115ns          210835 1c008578 01e8e7a3 p.sw             x30, x0(x17)        x30:dead0203 x17:1c011008  PA:1c011014
13031433ns          210851 1c00857c 00462783 lw               x15, 4(x12)         x15=00000003 x12:1c012008  PA:1c01200c
13031751ns          210867 1c00857e 00178793 addi             x15, x15, 1         x15=00000004 x15:00000003
13031771ns          210868 1c008580 00f62223 sw               x15, 4(x12)         x15:00000004 x12:1c012008  PA:1c01200c
13032090ns          210884 1c008582 00462783 lw               x15, 4(x12)         x15=00000004 x12:1c012008  PA:1c01200c
13032408ns          210900 1c008584 00a79463 bne              x15, x10, 8         x15:00000004 x10:00000400
13032468ns          210903 1c00858c 0006a803 lw               x16, 0(x13)         x16=00000003 x13:1c01c058  PA:1c01c058
13032766ns          210918 1c008590 0046a783 lw               x15, 4(x13)         x15=00000004 x13:1c01c058  PA:1c01c05c
13033084ns          210934 1c008592 fef80de3 beq              x16, x15, -6        x16:00000003 x15:00000004
13033104ns          210935 1c008596 0006a783 lw               x15, 0(x13)         x15=00000003 x13:1c01c058  PA:1c01c058
13033422ns          210951 1c008598 00279793 slli             x15, x15, 0x2       x15=0000000c x15:00000003
13033442ns          210952 1c00859a 20fcf783 lw               x15, x15(x25)       x15=dead0303 x15:0000000c x25:1c01b058  PA:1c01b064
13033741ns          210967 1c00859e 0006a783 lw               x15, 0(x13)         x15=00000003 x13:1c01c058  PA:1c01c058
13034059ns          210983 1c0085a0 00178793 addi             x15, x15, 1         x15=00000004 x15:00000003
13034079ns          210984 1c0085a2 00f6a023 sw               x15, 0(x13)         x15:00000004 x13:1c01c058  PA:1c01c058
13034397ns          211000 1c0085a4 0006a783 lw               x15, 0(x13)         x15=00000004 x13:1c01c058  PA:1c01c058
13034715ns          211016 1c0085a6 00a79463 bne              x15, x10, 8         x15:00000004 x10:00000400
13034795ns          211020 1c0085ae 00072803 lw               x16, 0(x14)         x16=00000003 x14:1c019040  PA:1c019040
13035093ns          211035 1c0085b2 00472783 lw               x15, 4(x14)         x15=00000004 x14:1c019040  PA:1c019044
13035411ns          211051 1c0085b4 fef80de3 beq              x16, x15, -6        x16:00000003 x15:00000004
13035431ns          211052 1c0085b8 00072783 lw               x15, 0(x14)         x15=00000003 x14:1c019040  PA:1c019040
13035750ns          211068 1c0085ba 00279793 slli             x15, x15, 0x2       x15=0000000c x15:00000003
13035769ns          211069 1c0085bc 20fc7783 lw               x15, x15(x24)       x15=dead0003 x15:0000000c x24:1c018040  PA:1c01804c
13036068ns          211084 1c0085c0 00072783 lw               x15, 0(x14)         x15=00000003 x14:1c019040  PA:1c019040
13036386ns          211100 1c0085c2 00178793 addi             x15, x15, 1         x15=00000004 x15:00000003
13036406ns          211101 1c0085c4 00f72023 sw               x15, 0(x14)         x15:00000004 x14:1c019040  PA:1c019040
13036724ns          211117 1c0085c6 00072783 lw               x15, 0(x14)         x15=00000004 x14:1c019040  PA:1c019040
13037042ns          211133 1c0085c8 00a78663 beq              x15, x10, 12        x15:00000004 x10:00000400
13037062ns          211134 1c0085cc fffe0e13 addi             x28, x28, -1        x28=0000001c x28:0000001d
13037082ns          211135 1c0085ce f60e15e3 bne              x28, x0, -150       x28:0000001c
13037142ns          211138 1c008538 004eaf0b p.lw             x30, 4(x29!)        x30=dead0204 x29=100016cc x29:100016c8  PA:100016c8
13037162ns          211139 1c00853c 0045a783 lw               x15, 4(x11)         x15=00000004 x11:1c01f070  PA:1c01f074
13037480ns          211155 1c00853e 00178793 addi             x15, x15, 1         x15=00000005 x15:00000004
13037500ns          211156 1c008540 0aa78363 beq              x15, x10, 166       x15:00000005 x10:00000400
13037520ns          211157 1c008544 0005a803 lw               x16, 0(x11)         x16=00000004 x11:1c01f070  PA:1c01f070
13037858ns          211174 1c008548 ff078ae3 beq              x15, x16, -12       x15:00000005 x16:00000004
13037878ns          211175 1c00854c 0045a783 lw               x15, 4(x11)         x15=00000004 x11:1c01f070  PA:1c01f074
13038196ns          211191 1c00854e 00279793 slli             x15, x15, 0x2       x15=00000010 x15:00000004
13038216ns          211192 1c008550 01e367a3 p.sw             x30, x0(x6)         x30:dead0204  x6:1c01e070  PA:1c01e080
13038534ns          211208 1c008554 0045a783 lw               x15, 4(x11)         x15=00000004 x11:1c01f070  PA:1c01f074
13038852ns          211224 1c008556 00178793 addi             x15, x15, 1         x15=00000005 x15:00000004
13038872ns          211225 1c008558 00f5a223 sw               x15, 4(x11)         x15:00000005 x11:1c01f070  PA:1c01f074
13039211ns          211242 1c00855a 0045a783 lw               x15, 4(x11)         x15=00000005 x11:1c01f070  PA:1c01f074
13039529ns          211258 1c00855c 00a79463 bne              x15, x10, 8         x15:00000005 x10:00000400
13039588ns          211261 1c008564 00462783 lw               x15, 4(x12)         x15=00000004 x12:1c012008  PA:1c01200c
13039907ns          211277 1c008566 00178793 addi             x15, x15, 1         x15=00000005 x15:00000004
13039927ns          211278 1c008568 06a78c63 beq              x15, x10, 120       x15:00000005 x10:00000400
13039946ns          211279 1c00856c 00062803 lw               x16, 0(x12)         x16=00000004 x12:1c012008  PA:1c012008
13040265ns          211295 1c008570 ff078ae3 beq              x15, x16, -12       x15:00000005 x16:00000004
13040285ns          211296 1c008574 00462783 lw               x15, 4(x12)         x15=00000004 x12:1c012008  PA:1c01200c
13040623ns          211313 1c008576 00279793 slli             x15, x15, 0x2       x15=00000010 x15:00000004
13040643ns          211314 1c008578 01e8e7a3 p.sw             x30, x0(x17)        x30:dead0204 x17:1c011008  PA:1c011018
13040961ns          211330 1c00857c 00462783 lw               x15, 4(x12)         x15=00000004 x12:1c012008  PA:1c01200c
13041279ns          211346 1c00857e 00178793 addi             x15, x15, 1         x15=00000005 x15:00000004
13041299ns          211347 1c008580 00f62223 sw               x15, 4(x12)         x15:00000005 x12:1c012008  PA:1c01200c
13041617ns          211363 1c008582 00462783 lw               x15, 4(x12)         x15=00000005 x12:1c012008  PA:1c01200c
13041955ns          211380 1c008584 00a79463 bne              x15, x10, 8         x15:00000005 x10:00000400
13042015ns          211383 1c00858c 0006a803 lw               x16, 0(x13)         x16=00000004 x13:1c01c058  PA:1c01c058
13042313ns          211398 1c008590 0046a783 lw               x15, 4(x13)         x15=00000005 x13:1c01c058  PA:1c01c05c
13042632ns          211414 1c008592 fef80de3 beq              x16, x15, -6        x16:00000004 x15:00000005
13042652ns          211415 1c008596 0006a783 lw               x15, 0(x13)         x15=00000004 x13:1c01c058  PA:1c01c058
13042970ns          211431 1c008598 00279793 slli             x15, x15, 0x2       x15=00000010 x15:00000004
13042990ns          211432 1c00859a 20fcf783 lw               x15, x15(x25)       x15=dead0304 x15:00000010 x25:1c01b058  PA:1c01b068
13043288ns          211447 1c00859e 0006a783 lw               x15, 0(x13)         x15=00000004 x13:1c01c058  PA:1c01c058
13043606ns          211463 1c0085a0 00178793 addi             x15, x15, 1         x15=00000005 x15:00000004
13043626ns          211464 1c0085a2 00f6a023 sw               x15, 0(x13)         x15:00000005 x13:1c01c058  PA:1c01c058
13043945ns          211480 1c0085a4 0006a783 lw               x15, 0(x13)         x15=00000005 x13:1c01c058  PA:1c01c058
13044263ns          211496 1c0085a6 00a79463 bne              x15, x10, 8         x15:00000005 x10:00000400
13044342ns          211500 1c0085ae 00072803 lw               x16, 0(x14)         x16=00000004 x14:1c019040  PA:1c019040
13044641ns          211515 1c0085b2 00472783 lw               x15, 4(x14)         x15=00000005 x14:1c019040  PA:1c019044
13044959ns          211531 1c0085b4 fef80de3 beq              x16, x15, -6        x16:00000004 x15:00000005
13044979ns          211532 1c0085b8 00072783 lw               x15, 0(x14)         x15=00000004 x14:1c019040  PA:1c019040
13045297ns          211548 1c0085ba 00279793 slli             x15, x15, 0x2       x15=00000010 x15:00000004
13045317ns          211549 1c0085bc 20fc7783 lw               x15, x15(x24)       x15=dead0004 x15:00000010 x24:1c018040  PA:1c018050
13045615ns          211564 1c0085c0 00072783 lw               x15, 0(x14)         x15=00000004 x14:1c019040  PA:1c019040
13045953ns          211581 1c0085c2 00178793 addi             x15, x15, 1         x15=00000005 x15:00000004
13045973ns          211582 1c0085c4 00f72023 sw               x15, 0(x14)         x15:00000005 x14:1c019040  PA:1c019040
13046292ns          211598 1c0085c6 00072783 lw               x15, 0(x14)         x15=00000005 x14:1c019040  PA:1c019040
13046610ns          211614 1c0085c8 00a78663 beq              x15, x10, 12        x15:00000005 x10:00000400
13046630ns          211615 1c0085cc fffe0e13 addi             x28, x28, -1        x28=0000001b x28:0000001c
13046650ns          211616 1c0085ce f60e15e3 bne              x28, x0, -150       x28:0000001b
13046709ns          211619 1c008538 004eaf0b p.lw             x30, 4(x29!)        x30=dead0205 x29=100016d0 x29:100016cc  PA:100016cc
13046749ns          211621 1c00853c 0045a783 lw               x15, 4(x11)         x15=00000005 x11:1c01f070  PA:1c01f074
13047067ns          211637 1c00853e 00178793 addi             x15, x15, 1         x15=00000006 x15:00000005
13047087ns          211638 1c008540 0aa78363 beq              x15, x10, 166       x15:00000006 x10:00000400
13047107ns          211639 1c008544 0005a803 lw               x16, 0(x11)         x16=00000005 x11:1c01f070  PA:1c01f070
13047425ns          211655 1c008548 ff078ae3 beq              x15, x16, -12       x15:00000006 x16:00000005
13047445ns          211656 1c00854c 0045a783 lw               x15, 4(x11)         x15=00000005 x11:1c01f070  PA:1c01f074
13047764ns          211672 1c00854e 00279793 slli             x15, x15, 0x2       x15=00000014 x15:00000005
13047783ns          211673 1c008550 01e367a3 p.sw             x30, x0(x6)         x30:dead0205  x6:1c01e070  PA:1c01e084
13048102ns          211689 1c008554 0045a783 lw               x15, 4(x11)         x15=00000005 x11:1c01f070  PA:1c01f074
13048420ns          211705 1c008556 00178793 addi             x15, x15, 1         x15=00000006 x15:00000005
13048440ns          211706 1c008558 00f5a223 sw               x15, 4(x11)         x15:00000006 x11:1c01f070  PA:1c01f074
13048758ns          211722 1c00855a 0045a783 lw               x15, 4(x11)         x15=00000006 x11:1c01f070  PA:1c01f074
13049076ns          211738 1c00855c 00a79463 bne              x15, x10, 8         x15:00000006 x10:00000400
13049136ns          211741 1c008564 00462783 lw               x15, 4(x12)         x15=00000005 x12:1c012008  PA:1c01200c
13049454ns          211757 1c008566 00178793 addi             x15, x15, 1         x15=00000006 x15:00000005
13049474ns          211758 1c008568 06a78c63 beq              x15, x10, 120       x15:00000006 x10:00000400
13049494ns          211759 1c00856c 00062803 lw               x16, 0(x12)         x16=00000005 x12:1c012008  PA:1c012008
13049812ns          211775 1c008570 ff078ae3 beq              x15, x16, -12       x15:00000006 x16:00000005
13049832ns          211776 1c008574 00462783 lw               x15, 4(x12)         x15=00000005 x12:1c012008  PA:1c01200c
13050150ns          211792 1c008576 00279793 slli             x15, x15, 0x2       x15=00000014 x15:00000005
13050170ns          211793 1c008578 01e8e7a3 p.sw             x30, x0(x17)        x30:dead0205 x17:1c011008  PA:1c01101c
13050489ns          211809 1c00857c 00462783 lw               x15, 4(x12)         x15=00000005 x12:1c012008  PA:1c01200c
13050807ns          211825 1c00857e 00178793 addi             x15, x15, 1         x15=00000006 x15:00000005
13050827ns          211826 1c008580 00f62223 sw               x15, 4(x12)         x15:00000006 x12:1c012008  PA:1c01200c
13051165ns          211843 1c008582 00462783 lw               x15, 4(x12)         x15=00000006 x12:1c012008  PA:1c01200c
13051483ns          211859 1c008584 00a79463 bne              x15, x10, 8         x15:00000006 x10:00000400
13051543ns          211862 1c00858c 0006a803 lw               x16, 0(x13)         x16=00000005 x13:1c01c058  PA:1c01c058
13051841ns          211877 1c008590 0046a783 lw               x15, 4(x13)         x15=00000006 x13:1c01c058  PA:1c01c05c
13052159ns          211893 1c008592 fef80de3 beq              x16, x15, -6        x16:00000005 x15:00000006
13052179ns          211894 1c008596 0006a783 lw               x15, 0(x13)         x15=00000005 x13:1c01c058  PA:1c01c058
13052517ns          211911 1c008598 00279793 slli             x15, x15, 0x2       x15=00000014 x15:00000005
13052537ns          211912 1c00859a 20fcf783 lw               x15, x15(x25)       x15=dead0305 x15:00000014 x25:1c01b058  PA:1c01b06c
13052836ns          211927 1c00859e 0006a783 lw               x15, 0(x13)         x15=00000005 x13:1c01c058  PA:1c01c058
13053154ns          211943 1c0085a0 00178793 addi             x15, x15, 1         x15=00000006 x15:00000005
13053174ns          211944 1c0085a2 00f6a023 sw               x15, 0(x13)         x15:00000006 x13:1c01c058  PA:1c01c058
13053492ns          211960 1c0085a4 0006a783 lw               x15, 0(x13)         x15=00000006 x13:1c01c058  PA:1c01c058
13053830ns          211977 1c0085a6 00a79463 bne              x15, x10, 8         x15:00000006 x10:00000400
13053910ns          211981 1c0085ae 00072803 lw               x16, 0(x14)         x16=00000005 x14:1c019040  PA:1c019040
13054208ns          211996 1c0085b2 00472783 lw               x15, 4(x14)         x15=00000006 x14:1c019040  PA:1c019044
13054526ns          212012 1c0085b4 fef80de3 beq              x16, x15, -6        x16:00000005 x15:00000006
13054546ns          212013 1c0085b8 00072783 lw               x15, 0(x14)         x15=00000005 x14:1c019040  PA:1c019040
13054865ns          212029 1c0085ba 00279793 slli             x15, x15, 0x2       x15=00000014 x15:00000005
13054884ns          212030 1c0085bc 20fc7783 lw               x15, x15(x24)       x15=dead0005 x15:00000014 x24:1c018040  PA:1c018054
13055203ns          212046 1c0085c0 00072783 lw               x15, 0(x14)         x15=00000005 x14:1c019040  PA:1c019040
13055521ns          212062 1c0085c2 00178793 addi             x15, x15, 1         x15=00000006 x15:00000005
13055541ns          212063 1c0085c4 00f72023 sw               x15, 0(x14)         x15:00000006 x14:1c019040  PA:1c019040
13055859ns          212079 1c0085c6 00072783 lw               x15, 0(x14)         x15=00000006 x14:1c019040  PA:1c019040
13056177ns          212095 1c0085c8 00a78663 beq              x15, x10, 12        x15:00000006 x10:00000400
13056197ns          212096 1c0085cc fffe0e13 addi             x28, x28, -1        x28=0000001a x28:0000001b
13056217ns          212097 1c0085ce f60e15e3 bne              x28, x0, -150       x28:0000001a
13056277ns          212100 1c008538 004eaf0b p.lw             x30, 4(x29!)        x30=dead0206 x29=100016d4 x29:100016d0  PA:100016d0
13056297ns          212101 1c00853c 0045a783 lw               x15, 4(x11)         x15=00000006 x11:1c01f070  PA:1c01f074
13056615ns          212117 1c00853e 00178793 addi             x15, x15, 1         x15=00000007 x15:00000006
13056635ns          212118 1c008540 0aa78363 beq              x15, x10, 166       x15:00000007 x10:00000400
13056655ns          212119 1c008544 0005a803 lw               x16, 0(x11)         x16=00000006 x11:1c01f070  PA:1c01f070
13056973ns          212135 1c008548 ff078ae3 beq              x15, x16, -12       x15:00000007 x16:00000006
13056993ns          212136 1c00854c 0045a783 lw               x15, 4(x11)         x15=00000006 x11:1c01f070  PA:1c01f074
13057311ns          212152 1c00854e 00279793 slli             x15, x15, 0x2       x15=00000018 x15:00000006
13057331ns          212153 1c008550 01e367a3 p.sw             x30, x0(x6)         x30:dead0206  x6:1c01e070  PA:1c01e088
13057649ns          212169 1c008554 0045a783 lw               x15, 4(x11)         x15=00000006 x11:1c01f070  PA:1c01f074
13057967ns          212185 1c008556 00178793 addi             x15, x15, 1         x15=00000007 x15:00000006
13057987ns          212186 1c008558 00f5a223 sw               x15, 4(x11)         x15:00000007 x11:1c01f070  PA:1c01f074
13058306ns          212202 1c00855a 0045a783 lw               x15, 4(x11)         x15=00000007 x11:1c01f070  PA:1c01f074
13058624ns          212218 1c00855c 00a79463 bne              x15, x10, 8         x15:00000007 x10:00000400
13058684ns          212221 1c008564 00462783 lw               x15, 4(x12)         x15=00000006 x12:1c012008  PA:1c01200c
13059002ns          212237 1c008566 00178793 addi             x15, x15, 1         x15=00000007 x15:00000006
13059022ns          212238 1c008568 06a78c63 beq              x15, x10, 120       x15:00000007 x10:00000400
13059042ns          212239 1c00856c 00062803 lw               x16, 0(x12)         x16=00000006 x12:1c012008  PA:1c012008
13059360ns          212255 1c008570 ff078ae3 beq              x15, x16, -12       x15:00000007 x16:00000006
13059380ns          212256 1c008574 00462783 lw               x15, 4(x12)         x15=00000006 x12:1c012008  PA:1c01200c
13059698ns          212272 1c008576 00279793 slli             x15, x15, 0x2       x15=00000018 x15:00000006
13059718ns          212273 1c008578 01e8e7a3 p.sw             x30, x0(x17)        x30:dead0206 x17:1c011008  PA:1c011020
13060036ns          212289 1c00857c 00462783 lw               x15, 4(x12)         x15=00000006 x12:1c012008  PA:1c01200c
13060354ns          212305 1c00857e 00178793 addi             x15, x15, 1         x15=00000007 x15:00000006
13060374ns          212306 1c008580 00f62223 sw               x15, 4(x12)         x15:00000007 x12:1c012008  PA:1c01200c
13060693ns          212322 1c008582 00462783 lw               x15, 4(x12)         x15=00000007 x12:1c012008  PA:1c01200c
13061011ns          212338 1c008584 00a79463 bne              x15, x10, 8         x15:00000007 x10:00000400
13061070ns          212341 1c00858c 0006a803 lw               x16, 0(x13)         x16=00000006 x13:1c01c058  PA:1c01c058
13061369ns          212356 1c008590 0046a783 lw               x15, 4(x13)         x15=00000007 x13:1c01c058  PA:1c01c05c
13061687ns          212372 1c008592 fef80de3 beq              x16, x15, -6        x16:00000006 x15:00000007
13061707ns          212373 1c008596 0006a783 lw               x15, 0(x13)         x15=00000006 x13:1c01c058  PA:1c01c058
13062025ns          212389 1c008598 00279793 slli             x15, x15, 0x2       x15=00000018 x15:00000006
13062045ns          212390 1c00859a 20fcf783 lw               x15, x15(x25)       x15=dead0306 x15:00000018 x25:1c01b058  PA:1c01b070
13062343ns          212405 1c00859e 0006a783 lw               x15, 0(x13)         x15=00000006 x13:1c01c058  PA:1c01c058
13062662ns          212421 1c0085a0 00178793 addi             x15, x15, 1         x15=00000007 x15:00000006
13062682ns          212422 1c0085a2 00f6a023 sw               x15, 0(x13)         x15:00000007 x13:1c01c058  PA:1c01c058
13063000ns          212438 1c0085a4 0006a783 lw               x15, 0(x13)         x15=00000007 x13:1c01c058  PA:1c01c058
13063318ns          212454 1c0085a6 00a79463 bne              x15, x10, 8         x15:00000007 x10:00000400
13063398ns          212458 1c0085ae 00072803 lw               x16, 0(x14)         x16=00000006 x14:1c019040  PA:1c019040
13063696ns          212473 1c0085b2 00472783 lw               x15, 4(x14)         x15=00000007 x14:1c019040  PA:1c019044
13064014ns          212489 1c0085b4 fef80de3 beq              x16, x15, -6        x16:00000006 x15:00000007
13064034ns          212490 1c0085b8 00072783 lw               x15, 0(x14)         x15=00000006 x14:1c019040  PA:1c019040
13064352ns          212506 1c0085ba 00279793 slli             x15, x15, 0x2       x15=00000018 x15:00000006
13064372ns          212507 1c0085bc 20fc7783 lw               x15, x15(x24)       x15=dead0006 x15:00000018 x24:1c018040  PA:1c018058
13064671ns          212522 1c0085c0 00072783 lw               x15, 0(x14)         x15=00000006 x14:1c019040  PA:1c019040
13064989ns          212538 1c0085c2 00178793 addi             x15, x15, 1         x15=00000007 x15:00000006
13065009ns          212539 1c0085c4 00f72023 sw               x15, 0(x14)         x15:00000007 x14:1c019040  PA:1c019040
13065327ns          212555 1c0085c6 00072783 lw               x15, 0(x14)         x15=00000007 x14:1c019040  PA:1c019040
13065645ns          212571 1c0085c8 00a78663 beq              x15, x10, 12        x15:00000007 x10:00000400
13065665ns          212572 1c0085cc fffe0e13 addi             x28, x28, -1        x28=00000019 x28:0000001a
13065685ns          212573 1c0085ce f60e15e3 bne              x28, x0, -150       x28:00000019
13065745ns          212576 1c008538 004eaf0b p.lw             x30, 4(x29!)        x30=dead0207 x29=100016d8 x29:100016d4  PA:100016d4
13065765ns          212577 1c00853c 0045a783 lw               x15, 4(x11)         x15=00000007 x11:1c01f070  PA:1c01f074
13066083ns          212593 1c00853e 00178793 addi             x15, x15, 1         x15=00000008 x15:00000007
13066103ns          212594 1c008540 0aa78363 beq              x15, x10, 166       x15:00000008 x10:00000400
13066123ns          212595 1c008544 0005a803 lw               x16, 0(x11)         x16=00000007 x11:1c01f070  PA:1c01f070
13066441ns          212611 1c008548 ff078ae3 beq              x15, x16, -12       x15:00000008 x16:00000007
13066461ns          212612 1c00854c 0045a783 lw               x15, 4(x11)         x15=00000007 x11:1c01f070  PA:1c01f074
13066779ns          212628 1c00854e 00279793 slli             x15, x15, 0x2       x15=0000001c x15:00000007
13066799ns          212629 1c008550 01e367a3 p.sw             x30, x0(x6)         x30:dead0207  x6:1c01e070  PA:1c01e08c
13067137ns          212646 1c008554 0045a783 lw               x15, 4(x11)         x15=00000007 x11:1c01f070  PA:1c01f074
13067455ns          212662 1c008556 00178793 addi             x15, x15, 1         x15=00000008 x15:00000007
13067475ns          212663 1c008558 00f5a223 sw               x15, 4(x11)         x15:00000008 x11:1c01f070  PA:1c01f074
13067794ns          212679 1c00855a 0045a783 lw               x15, 4(x11)         x15=00000008 x11:1c01f070  PA:1c01f074
13068112ns          212695 1c00855c 00a79463 bne              x15, x10, 8         x15:00000008 x10:00000400
13068171ns          212698 1c008564 00462783 lw               x15, 4(x12)         x15=00000007 x12:1c012008  PA:1c01200c
13068510ns          212715 1c008566 00178793 addi             x15, x15, 1         x15=00000008 x15:00000007
13068529ns          212716 1c008568 06a78c63 beq              x15, x10, 120       x15:00000008 x10:00000400
13068549ns          212717 1c00856c 00062803 lw               x16, 0(x12)         x16=00000007 x12:1c012008  PA:1c012008
13068868ns          212733 1c008570 ff078ae3 beq              x15, x16, -12       x15:00000008 x16:00000007
13068888ns          212734 1c008574 00462783 lw               x15, 4(x12)         x15=00000007 x12:1c012008  PA:1c01200c
13069206ns          212750 1c008576 00279793 slli             x15, x15, 0x2       x15=0000001c x15:00000007
13069226ns          212751 1c008578 01e8e7a3 p.sw             x30, x0(x17)        x30:dead0207 x17:1c011008  PA:1c011024
13069544ns          212767 1c00857c 00462783 lw               x15, 4(x12)         x15=00000007 x12:1c012008  PA:1c01200c
13069882ns          212784 1c00857e 00178793 addi             x15, x15, 1         x15=00000008 x15:00000007
13069902ns          212785 1c008580 00f62223 sw               x15, 4(x12)         x15:00000008 x12:1c012008  PA:1c01200c
13070220ns          212801 1c008582 00462783 lw               x15, 4(x12)         x15=00000008 x12:1c012008  PA:1c01200c
13070538ns          212817 1c008584 00a79463 bne              x15, x10, 8         x15:00000008 x10:00000400
13070598ns          212820 1c00858c 0006a803 lw               x16, 0(x13)         x16=00000007 x13:1c01c058  PA:1c01c058
13070896ns          212835 1c008590 0046a783 lw               x15, 4(x13)         x15=00000008 x13:1c01c058  PA:1c01c05c
13071235ns          212852 1c008592 fef80de3 beq              x16, x15, -6        x16:00000007 x15:00000008
13071255ns          212853 1c008596 0006a783 lw               x15, 0(x13)         x15=00000007 x13:1c01c058  PA:1c01c058
13071573ns          212869 1c008598 00279793 slli             x15, x15, 0x2       x15=0000001c x15:00000007
13071593ns          212870 1c00859a 20fcf783 lw               x15, x15(x25)       x15=dead0307 x15:0000001c x25:1c01b058  PA:1c01b074
13071891ns          212885 1c00859e 0006a783 lw               x15, 0(x13)         x15=00000007 x13:1c01c058  PA:1c01c058
13072209ns          212901 1c0085a0 00178793 addi             x15, x15, 1         x15=00000008 x15:00000007
13072229ns          212902 1c0085a2 00f6a023 sw               x15, 0(x13)         x15:00000008 x13:1c01c058  PA:1c01c058
13072567ns          212919 1c0085a4 0006a783 lw               x15, 0(x13)         x15=00000008 x13:1c01c058  PA:1c01c058
13072886ns          212935 1c0085a6 00a79463 bne              x15, x10, 8         x15:00000008 x10:00000400
13072965ns          212939 1c0085ae 00072803 lw               x16, 0(x14)         x16=00000007 x14:1c019040  PA:1c019040
13073263ns          212954 1c0085b2 00472783 lw               x15, 4(x14)         x15=00000008 x14:1c019040  PA:1c019044
13073582ns          212970 1c0085b4 fef80de3 beq              x16, x15, -6        x16:00000007 x15:00000008
13073602ns          212971 1c0085b8 00072783 lw               x15, 0(x14)         x15=00000007 x14:1c019040  PA:1c019040
13073920ns          212987 1c0085ba 00279793 slli             x15, x15, 0x2       x15=0000001c x15:00000007
13073940ns          212988 1c0085bc 20fc7783 lw               x15, x15(x24)       x15=dead0007 x15:0000001c x24:1c018040  PA:1c01805c
13074238ns          213003 1c0085c0 00072783 lw               x15, 0(x14)         x15=00000007 x14:1c019040  PA:1c019040
13074556ns          213019 1c0085c2 00178793 addi             x15, x15, 1         x15=00000008 x15:00000007
13074576ns          213020 1c0085c4 00f72023 sw               x15, 0(x14)         x15:00000008 x14:1c019040  PA:1c019040
13074895ns          213036 1c0085c6 00072783 lw               x15, 0(x14)         x15=00000008 x14:1c019040  PA:1c019040
13075233ns          213053 1c0085c8 00a78663 beq              x15, x10, 12        x15:00000008 x10:00000400
13075253ns          213054 1c0085cc fffe0e13 addi             x28, x28, -1        x28=00000018 x28:00000019
13075272ns          213055 1c0085ce f60e15e3 bne              x28, x0, -150       x28:00000018
13075332ns          213058 1c008538 004eaf0b p.lw             x30, 4(x29!)        x30=dead0208 x29=100016dc x29:100016d8  PA:100016d8
13075352ns          213059 1c00853c 0045a783 lw               x15, 4(x11)         x15=00000008 x11:1c01f070  PA:1c01f074
13075670ns          213075 1c00853e 00178793 addi             x15, x15, 1         x15=00000009 x15:00000008
13075690ns          213076 1c008540 0aa78363 beq              x15, x10, 166       x15:00000009 x10:00000400
13075710ns          213077 1c008544 0005a803 lw               x16, 0(x11)         x16=00000008 x11:1c01f070  PA:1c01f070
13076028ns          213093 1c008548 ff078ae3 beq              x15, x16, -12       x15:00000009 x16:00000008
13076048ns          213094 1c00854c 0045a783 lw               x15, 4(x11)         x15=00000008 x11:1c01f070  PA:1c01f074
13076366ns          213110 1c00854e 00279793 slli             x15, x15, 0x2       x15=00000020 x15:00000008
13076386ns          213111 1c008550 01e367a3 p.sw             x30, x0(x6)         x30:dead0208  x6:1c01e070  PA:1c01e090
13076705ns          213127 1c008554 0045a783 lw               x15, 4(x11)         x15=00000008 x11:1c01f070  PA:1c01f074
13077023ns          213143 1c008556 00178793 addi             x15, x15, 1         x15=00000009 x15:00000008
13077043ns          213144 1c008558 00f5a223 sw               x15, 4(x11)         x15:00000009 x11:1c01f070  PA:1c01f074
13077361ns          213160 1c00855a 0045a783 lw               x15, 4(x11)         x15=00000009 x11:1c01f070  PA:1c01f074
13077679ns          213176 1c00855c 00a79463 bne              x15, x10, 8         x15:00000009 x10:00000400
13077739ns          213179 1c008564 00462783 lw               x15, 4(x12)         x15=00000008 x12:1c012008  PA:1c01200c
13078057ns          213195 1c008566 00178793 addi             x15, x15, 1         x15=00000009 x15:00000008
13078077ns          213196 1c008568 06a78c63 beq              x15, x10, 120       x15:00000009 x10:00000400
13078097ns          213197 1c00856c 00062803 lw               x16, 0(x12)         x16=00000008 x12:1c012008  PA:1c012008
13078415ns          213213 1c008570 ff078ae3 beq              x15, x16, -12       x15:00000009 x16:00000008
13078435ns          213214 1c008574 00462783 lw               x15, 4(x12)         x15=00000008 x12:1c012008  PA:1c01200c
13078753ns          213230 1c008576 00279793 slli             x15, x15, 0x2       x15=00000020 x15:00000008
13078773ns          213231 1c008578 01e8e7a3 p.sw             x30, x0(x17)        x30:dead0208 x17:1c011008  PA:1c011028
13079111ns          213248 1c00857c 00462783 lw               x15, 4(x12)         x15=00000008 x12:1c012008  PA:1c01200c
13079430ns          213264 1c00857e 00178793 addi             x15, x15, 1         x15=00000009 x15:00000008
13079449ns          213265 1c008580 00f62223 sw               x15, 4(x12)         x15:00000009 x12:1c012008  PA:1c01200c
13079768ns          213281 1c008582 00462783 lw               x15, 4(x12)         x15=00000009 x12:1c012008  PA:1c01200c
13080086ns          213297 1c008584 00a79463 bne              x15, x10, 8         x15:00000009 x10:00000400
13080146ns          213300 1c00858c 0006a803 lw               x16, 0(x13)         x16=00000008 x13:1c01c058  PA:1c01c058
13080464ns          213316 1c008590 0046a783 lw               x15, 4(x13)         x15=00000009 x13:1c01c058  PA:1c01c05c
13080782ns          213332 1c008592 fef80de3 beq              x16, x15, -6        x16:00000008 x15:00000009
13080802ns          213333 1c008596 0006a783 lw               x15, 0(x13)         x15=00000008 x13:1c01c058  PA:1c01c058
13081120ns          213349 1c008598 00279793 slli             x15, x15, 0x2       x15=00000020 x15:00000008
13081140ns          213350 1c00859a 20fcf783 lw               x15, x15(x25)       x15=dead0308 x15:00000020 x25:1c01b058  PA:1c01b078
13081439ns          213365 1c00859e 0006a783 lw               x15, 0(x13)         x15=00000008 x13:1c01c058  PA:1c01c058
13081757ns          213381 1c0085a0 00178793 addi             x15, x15, 1         x15=00000009 x15:00000008
13081777ns          213382 1c0085a2 00f6a023 sw               x15, 0(x13)         x15:00000009 x13:1c01c058  PA:1c01c058
13082095ns          213398 1c0085a4 0006a783 lw               x15, 0(x13)         x15=00000009 x13:1c01c058  PA:1c01c058
13082413ns          213414 1c0085a6 00a79463 bne              x15, x10, 8         x15:00000009 x10:00000400
13082493ns          213418 1c0085ae 00072803 lw               x16, 0(x14)         x16=00000008 x14:1c019040  PA:1c019040
13082791ns          213433 1c0085b2 00472783 lw               x15, 4(x14)         x15=00000009 x14:1c019040  PA:1c019044
13083129ns          213450 1c0085b4 fef80de3 beq              x16, x15, -6        x16:00000008 x15:00000009
13083149ns          213451 1c0085b8 00072783 lw               x15, 0(x14)         x15=00000008 x14:1c019040  PA:1c019040
13083467ns          213467 1c0085ba 00279793 slli             x15, x15, 0x2       x15=00000020 x15:00000008
13083487ns          213468 1c0085bc 20fc7783 lw               x15, x15(x24)       x15=dead0008 x15:00000020 x24:1c018040  PA:1c018060
13083786ns          213483 1c0085c0 00072783 lw               x15, 0(x14)         x15=00000008 x14:1c019040  PA:1c019040
13084104ns          213499 1c0085c2 00178793 addi             x15, x15, 1         x15=00000009 x15:00000008
13084124ns          213500 1c0085c4 00f72023 sw               x15, 0(x14)         x15:00000009 x14:1c019040  PA:1c019040
13084462ns          213517 1c0085c6 00072783 lw               x15, 0(x14)         x15=00000009 x14:1c019040  PA:1c019040
13084780ns          213533 1c0085c8 00a78663 beq              x15, x10, 12        x15:00000009 x10:00000400
13084800ns          213534 1c0085cc fffe0e13 addi             x28, x28, -1        x28=00000017 x28:00000018
13084820ns          213535 1c0085ce f60e15e3 bne              x28, x0, -150       x28:00000017
13084880ns          213538 1c008538 004eaf0b p.lw             x30, 4(x29!)        x30=dead0209 x29=100016e0 x29:100016dc  PA:100016dc
13084900ns          213539 1c00853c 0045a783 lw               x15, 4(x11)         x15=00000009 x11:1c01f070  PA:1c01f074
13085218ns          213555 1c00853e 00178793 addi             x15, x15, 1         x15=0000000a x15:00000009
13085238ns          213556 1c008540 0aa78363 beq              x15, x10, 166       x15:0000000a x10:00000400
13085258ns          213557 1c008544 0005a803 lw               x16, 0(x11)         x16=00000009 x11:1c01f070  PA:1c01f070
13085576ns          213573 1c008548 ff078ae3 beq              x15, x16, -12       x15:0000000a x16:00000009
13085596ns          213574 1c00854c 0045a783 lw               x15, 4(x11)         x15=00000009 x11:1c01f070  PA:1c01f074
13085914ns          213590 1c00854e 00279793 slli             x15, x15, 0x2       x15=00000024 x15:00000009
13085934ns          213591 1c008550 01e367a3 p.sw             x30, x0(x6)         x30:dead0209  x6:1c01e070  PA:1c01e094
13086252ns          213607 1c008554 0045a783 lw               x15, 4(x11)         x15=00000009 x11:1c01f070  PA:1c01f074
13086570ns          213623 1c008556 00178793 addi             x15, x15, 1         x15=0000000a x15:00000009
13086590ns          213624 1c008558 00f5a223 sw               x15, 4(x11)         x15:0000000a x11:1c01f070  PA:1c01f074
13086909ns          213640 1c00855a 0045a783 lw               x15, 4(x11)         x15=0000000a x11:1c01f070  PA:1c01f074
13087247ns          213657 1c00855c 00a79463 bne              x15, x10, 8         x15:0000000a x10:00000400
13087306ns          213660 1c008564 00462783 lw               x15, 4(x12)         x15=00000009 x12:1c012008  PA:1c01200c
13087625ns          213676 1c008566 00178793 addi             x15, x15, 1         x15=0000000a x15:00000009
13087644ns          213677 1c008568 06a78c63 beq              x15, x10, 120       x15:0000000a x10:00000400
13087664ns          213678 1c00856c 00062803 lw               x16, 0(x12)         x16=00000009 x12:1c012008  PA:1c012008
13087983ns          213694 1c008570 ff078ae3 beq              x15, x16, -12       x15:0000000a x16:00000009
13088003ns          213695 1c008574 00462783 lw               x15, 4(x12)         x15=00000009 x12:1c012008  PA:1c01200c
13088321ns          213711 1c008576 00279793 slli             x15, x15, 0x2       x15=00000024 x15:00000009
13088341ns          213712 1c008578 01e8e7a3 p.sw             x30, x0(x17)        x30:dead0209 x17:1c011008  PA:1c01102c
13088659ns          213728 1c00857c 00462783 lw               x15, 4(x12)         x15=00000009 x12:1c012008  PA:1c01200c
13088977ns          213744 1c00857e 00178793 addi             x15, x15, 1         x15=0000000a x15:00000009
13088997ns          213745 1c008580 00f62223 sw               x15, 4(x12)         x15:0000000a x12:1c012008  PA:1c01200c
13089315ns          213761 1c008582 00462783 lw               x15, 4(x12)         x15=0000000a x12:1c012008  PA:1c01200c
13089634ns          213777 1c008584 00a79463 bne              x15, x10, 8         x15:0000000a x10:00000400
13089693ns          213780 1c00858c 0006a803 lw               x16, 0(x13)         x16=00000009 x13:1c01c058  PA:1c01c058
13089992ns          213795 1c008590 0046a783 lw               x15, 4(x13)         x15=0000000a x13:1c01c058  PA:1c01c05c
13090310ns          213811 1c008592 fef80de3 beq              x16, x15, -6        x16:00000009 x15:0000000a
13090330ns          213812 1c008596 0006a783 lw               x15, 0(x13)         x15=00000009 x13:1c01c058  PA:1c01c058
13090648ns          213828 1c008598 00279793 slli             x15, x15, 0x2       x15=00000024 x15:00000009
13090668ns          213829 1c00859a 20fcf783 lw               x15, x15(x25)       x15=dead0309 x15:00000024 x25:1c01b058  PA:1c01b07c
13090966ns          213844 1c00859e 0006a783 lw               x15, 0(x13)         x15=00000009 x13:1c01c058  PA:1c01c058
13091284ns          213860 1c0085a0 00178793 addi             x15, x15, 1         x15=0000000a x15:00000009
13091304ns          213861 1c0085a2 00f6a023 sw               x15, 0(x13)         x15:0000000a x13:1c01c058  PA:1c01c058
13091623ns          213877 1c0085a4 0006a783 lw               x15, 0(x13)         x15=0000000a x13:1c01c058  PA:1c01c058
13091941ns          213893 1c0085a6 00a79463 bne              x15, x10, 8         x15:0000000a x10:00000400
13092020ns          213897 1c0085ae 00072803 lw               x16, 0(x14)         x16=00000009 x14:1c019040  PA:1c019040
13092319ns          213912 1c0085b2 00472783 lw               x15, 4(x14)         x15=0000000a x14:1c019040  PA:1c019044
13092637ns          213928 1c0085b4 fef80de3 beq              x16, x15, -6        x16:00000009 x15:0000000a
13092657ns          213929 1c0085b8 00072783 lw               x15, 0(x14)         x15=00000009 x14:1c019040  PA:1c019040
13092975ns          213945 1c0085ba 00279793 slli             x15, x15, 0x2       x15=00000024 x15:00000009
13092995ns          213946 1c0085bc 20fc7783 lw               x15, x15(x24)       x15=dead0009 x15:00000024 x24:1c018040  PA:1c018064
13093293ns          213961 1c0085c0 00072783 lw               x15, 0(x14)         x15=00000009 x14:1c019040  PA:1c019040
13093612ns          213977 1c0085c2 00178793 addi             x15, x15, 1         x15=0000000a x15:00000009
13093632ns          213978 1c0085c4 00f72023 sw               x15, 0(x14)         x15:0000000a x14:1c019040  PA:1c019040
13093950ns          213994 1c0085c6 00072783 lw               x15, 0(x14)         x15=0000000a x14:1c019040  PA:1c019040
13094268ns          214010 1c0085c8 00a78663 beq              x15, x10, 12        x15:0000000a x10:00000400
13094288ns          214011 1c0085cc fffe0e13 addi             x28, x28, -1        x28=00000016 x28:00000017
13094308ns          214012 1c0085ce f60e15e3 bne              x28, x0, -150       x28:00000016
13094368ns          214015 1c008538 004eaf0b p.lw             x30, 4(x29!)        x30=dead020a x29=100016e4 x29:100016e0  PA:100016e0
13094387ns          214016 1c00853c 0045a783 lw               x15, 4(x11)         x15=0000000a x11:1c01f070  PA:1c01f074
13094706ns          214032 1c00853e 00178793 addi             x15, x15, 1         x15=0000000b x15:0000000a
13094726ns          214033 1c008540 0aa78363 beq              x15, x10, 166       x15:0000000b x10:00000400
13094745ns          214034 1c008544 0005a803 lw               x16, 0(x11)         x16=0000000a x11:1c01f070  PA:1c01f070
13095064ns          214050 1c008548 ff078ae3 beq              x15, x16, -12       x15:0000000b x16:0000000a
13095084ns          214051 1c00854c 0045a783 lw               x15, 4(x11)         x15=0000000a x11:1c01f070  PA:1c01f074
13095402ns          214067 1c00854e 00279793 slli             x15, x15, 0x2       x15=00000028 x15:0000000a
13095422ns          214068 1c008550 01e367a3 p.sw             x30, x0(x6)         x30:dead020a  x6:1c01e070  PA:1c01e098
13095740ns          214084 1c008554 0045a783 lw               x15, 4(x11)         x15=0000000a x11:1c01f070  PA:1c01f074
13096058ns          214100 1c008556 00178793 addi             x15, x15, 1         x15=0000000b x15:0000000a
13096078ns          214101 1c008558 00f5a223 sw               x15, 4(x11)         x15:0000000b x11:1c01f070  PA:1c01f074
13096416ns          214118 1c00855a 0045a783 lw               x15, 4(x11)         x15=0000000b x11:1c01f070  PA:1c01f074
13096735ns          214134 1c00855c 00a79463 bne              x15, x10, 8         x15:0000000b x10:00000400
13096794ns          214137 1c008564 00462783 lw               x15, 4(x12)         x15=0000000a x12:1c012008  PA:1c01200c
13097112ns          214153 1c008566 00178793 addi             x15, x15, 1         x15=0000000b x15:0000000a
13097132ns          214154 1c008568 06a78c63 beq              x15, x10, 120       x15:0000000b x10:00000400
13097152ns          214155 1c00856c 00062803 lw               x16, 0(x12)         x16=0000000a x12:1c012008  PA:1c012008
13097471ns          214171 1c008570 ff078ae3 beq              x15, x16, -12       x15:0000000b x16:0000000a
13097490ns          214172 1c008574 00462783 lw               x15, 4(x12)         x15=0000000a x12:1c012008  PA:1c01200c
13097829ns          214189 1c008576 00279793 slli             x15, x15, 0x2       x15=00000028 x15:0000000a
13097848ns          214190 1c008578 01e8e7a3 p.sw             x30, x0(x17)        x30:dead020a x17:1c011008  PA:1c011030
13098167ns          214206 1c00857c 00462783 lw               x15, 4(x12)         x15=0000000a x12:1c012008  PA:1c01200c
13098485ns          214222 1c00857e 00178793 addi             x15, x15, 1         x15=0000000b x15:0000000a
13098505ns          214223 1c008580 00f62223 sw               x15, 4(x12)         x15:0000000b x12:1c012008  PA:1c01200c
13098823ns          214239 1c008582 00462783 lw               x15, 4(x12)         x15=0000000b x12:1c012008  PA:1c01200c
13099161ns          214256 1c008584 00a79463 bne              x15, x10, 8         x15:0000000b x10:00000400
13099221ns          214259 1c00858c 0006a803 lw               x16, 0(x13)         x16=0000000a x13:1c01c058  PA:1c01c058
13099519ns          214274 1c008590 0046a783 lw               x15, 4(x13)         x15=0000000b x13:1c01c058  PA:1c01c05c
13099838ns          214290 1c008592 fef80de3 beq              x16, x15, -6        x16:0000000a x15:0000000b
13099857ns          214291 1c008596 0006a783 lw               x15, 0(x13)         x15=0000000a x13:1c01c058  PA:1c01c058
13100176ns          214307 1c008598 00279793 slli             x15, x15, 0x2       x15=00000028 x15:0000000a
13100196ns          214308 1c00859a 20fcf783 lw               x15, x15(x25)       x15=dead030a x15:00000028 x25:1c01b058  PA:1c01b080
13100514ns          214324 1c00859e 0006a783 lw               x15, 0(x13)         x15=0000000a x13:1c01c058  PA:1c01c058
13100832ns          214340 1c0085a0 00178793 addi             x15, x15, 1         x15=0000000b x15:0000000a
13100852ns          214341 1c0085a2 00f6a023 sw               x15, 0(x13)         x15:0000000b x13:1c01c058  PA:1c01c058
13101170ns          214357 1c0085a4 0006a783 lw               x15, 0(x13)         x15=0000000b x13:1c01c058  PA:1c01c058
13101488ns          214373 1c0085a6 00a79463 bne              x15, x10, 8         x15:0000000b x10:00000400
13101568ns          214377 1c0085ae 00072803 lw               x16, 0(x14)         x16=0000000a x14:1c019040  PA:1c019040
13101886ns          214393 1c0085b2 00472783 lw               x15, 4(x14)         x15=0000000b x14:1c019040  PA:1c019044
13102205ns          214409 1c0085b4 fef80de3 beq              x16, x15, -6        x16:0000000a x15:0000000b
13102224ns          214410 1c0085b8 00072783 lw               x15, 0(x14)         x15=0000000a x14:1c019040  PA:1c019040
13102543ns          214426 1c0085ba 00279793 slli             x15, x15, 0x2       x15=00000028 x15:0000000a
13102563ns          214427 1c0085bc 20fc7783 lw               x15, x15(x24)       x15=dead000a x15:00000028 x24:1c018040  PA:1c018068
13102861ns          214442 1c0085c0 00072783 lw               x15, 0(x14)         x15=0000000a x14:1c019040  PA:1c019040
13103199ns          214459 1c0085c2 00178793 addi             x15, x15, 1         x15=0000000b x15:0000000a
13103219ns          214460 1c0085c4 00f72023 sw               x15, 0(x14)         x15:0000000b x14:1c019040  PA:1c019040
13103537ns          214476 1c0085c6 00072783 lw               x15, 0(x14)         x15=0000000b x14:1c019040  PA:1c019040
13103855ns          214492 1c0085c8 00a78663 beq              x15, x10, 12        x15:0000000b x10:00000400
13103875ns          214493 1c0085cc fffe0e13 addi             x28, x28, -1        x28=00000015 x28:00000016
13103895ns          214494 1c0085ce f60e15e3 bne              x28, x0, -150       x28:00000015
13103955ns          214497 1c008538 004eaf0b p.lw             x30, 4(x29!)        x30=dead020b x29=100016e8 x29:100016e4  PA:100016e4
13103975ns          214498 1c00853c 0045a783 lw               x15, 4(x11)         x15=0000000b x11:1c01f070  PA:1c01f074
13104293ns          214514 1c00853e 00178793 addi             x15, x15, 1         x15=0000000c x15:0000000b
13104313ns          214515 1c008540 0aa78363 beq              x15, x10, 166       x15:0000000c x10:00000400
13104333ns          214516 1c008544 0005a803 lw               x16, 0(x11)         x16=0000000b x11:1c01f070  PA:1c01f070
13104651ns          214532 1c008548 ff078ae3 beq              x15, x16, -12       x15:0000000c x16:0000000b
13104671ns          214533 1c00854c 0045a783 lw               x15, 4(x11)         x15=0000000b x11:1c01f070  PA:1c01f074
13104989ns          214549 1c00854e 00279793 slli             x15, x15, 0x2       x15=0000002c x15:0000000b
13105009ns          214550 1c008550 01e367a3 p.sw             x30, x0(x6)         x30:dead020b  x6:1c01e070  PA:1c01e09c
13105327ns          214566 1c008554 0045a783 lw               x15, 4(x11)         x15=0000000b x11:1c01f070  PA:1c01f074
13105646ns          214582 1c008556 00178793 addi             x15, x15, 1         x15=0000000c x15:0000000b
13105666ns          214583 1c008558 00f5a223 sw               x15, 4(x11)         x15:0000000c x11:1c01f070  PA:1c01f074
13105984ns          214599 1c00855a 0045a783 lw               x15, 4(x11)         x15=0000000c x11:1c01f070  PA:1c01f074
13106302ns          214615 1c00855c 00a79463 bne              x15, x10, 8         x15:0000000c x10:00000400
13106362ns          214618 1c008564 00462783 lw               x15, 4(x12)         x15=0000000b x12:1c012008  PA:1c01200c
13106680ns          214634 1c008566 00178793 addi             x15, x15, 1         x15=0000000c x15:0000000b
13106700ns          214635 1c008568 06a78c63 beq              x15, x10, 120       x15:0000000c x10:00000400
13106720ns          214636 1c00856c 00062803 lw               x16, 0(x12)         x16=0000000b x12:1c012008  PA:1c012008
13107038ns          214652 1c008570 ff078ae3 beq              x15, x16, -12       x15:0000000c x16:0000000b
13107058ns          214653 1c008574 00462783 lw               x15, 4(x12)         x15=0000000b x12:1c012008  PA:1c01200c
13107376ns          214669 1c008576 00279793 slli             x15, x15, 0x2       x15=0000002c x15:0000000b
13107396ns          214670 1c008578 01e8e7a3 p.sw             x30, x0(x17)        x30:dead020b x17:1c011008  PA:1c011034
13107714ns          214686 1c00857c 00462783 lw               x15, 4(x12)         x15=0000000b x12:1c012008  PA:1c01200c
13108033ns          214702 1c00857e 00178793 addi             x15, x15, 1         x15=0000000c x15:0000000b
13108052ns          214703 1c008580 00f62223 sw               x15, 4(x12)         x15:0000000c x12:1c012008  PA:1c01200c
13108371ns          214719 1c008582 00462783 lw               x15, 4(x12)         x15=0000000c x12:1c012008  PA:1c01200c
13108689ns          214735 1c008584 00a79463 bne              x15, x10, 8         x15:0000000c x10:00000400
13108749ns          214738 1c00858c 0006a803 lw               x16, 0(x13)         x16=0000000b x13:1c01c058  PA:1c01c058
13109067ns          214754 1c008590 0046a783 lw               x15, 4(x13)         x15=0000000c x13:1c01c058  PA:1c01c05c
13109385ns          214770 1c008592 fef80de3 beq              x16, x15, -6        x16:0000000b x15:0000000c
13109405ns          214771 1c008596 0006a783 lw               x15, 0(x13)         x15=0000000b x13:1c01c058  PA:1c01c058
13109723ns          214787 1c008598 00279793 slli             x15, x15, 0x2       x15=0000002c x15:0000000b
13109743ns          214788 1c00859a 20fcf783 lw               x15, x15(x25)       x15=dead030b x15:0000002c x25:1c01b058  PA:1c01b084
13110041ns          214803 1c00859e 0006a783 lw               x15, 0(x13)         x15=0000000b x13:1c01c058  PA:1c01c058
13110360ns          214819 1c0085a0 00178793 addi             x15, x15, 1         x15=0000000c x15:0000000b
13110380ns          214820 1c0085a2 00f6a023 sw               x15, 0(x13)         x15:0000000c x13:1c01c058  PA:1c01c058
13110698ns          214836 1c0085a4 0006a783 lw               x15, 0(x13)         x15=0000000c x13:1c01c058  PA:1c01c058
13111016ns          214852 1c0085a6 00a79463 bne              x15, x10, 8         x15:0000000c x10:00000400
13111096ns          214856 1c0085ae 00072803 lw               x16, 0(x14)         x16=0000000b x14:1c019040  PA:1c019040
13111394ns          214871 1c0085b2 00472783 lw               x15, 4(x14)         x15=0000000c x14:1c019040  PA:1c019044
13111712ns          214887 1c0085b4 fef80de3 beq              x16, x15, -6        x16:0000000b x15:0000000c
13111732ns          214888 1c0085b8 00072783 lw               x15, 0(x14)         x15=0000000b x14:1c019040  PA:1c019040
13112050ns          214904 1c0085ba 00279793 slli             x15, x15, 0x2       x15=0000002c x15:0000000b
13112070ns          214905 1c0085bc 20fc7783 lw               x15, x15(x24)       x15=dead000b x15:0000002c x24:1c018040  PA:1c01806c
13112369ns          214920 1c0085c0 00072783 lw               x15, 0(x14)         x15=0000000b x14:1c019040  PA:1c019040
13112687ns          214936 1c0085c2 00178793 addi             x15, x15, 1         x15=0000000c x15:0000000b
13112707ns          214937 1c0085c4 00f72023 sw               x15, 0(x14)         x15:0000000c x14:1c019040  PA:1c019040
13113025ns          214953 1c0085c6 00072783 lw               x15, 0(x14)         x15=0000000c x14:1c019040  PA:1c019040
13113343ns          214969 1c0085c8 00a78663 beq              x15, x10, 12        x15:0000000c x10:00000400
13113363ns          214970 1c0085cc fffe0e13 addi             x28, x28, -1        x28=00000014 x28:00000015
13113383ns          214971 1c0085ce f60e15e3 bne              x28, x0, -150       x28:00000014
13113443ns          214974 1c008538 004eaf0b p.lw             x30, 4(x29!)        x30=dead020c x29=100016ec x29:100016e8  PA:100016e8
13113483ns          214976 1c00853c 0045a783 lw               x15, 4(x11)         x15=0000000c x11:1c01f070  PA:1c01f074
13113821ns          214993 1c00853e 00178793 addi             x15, x15, 1         x15=0000000d x15:0000000c
13113841ns          214994 1c008540 0aa78363 beq              x15, x10, 166       x15:0000000d x10:00000400
13113860ns          214995 1c008544 0005a803 lw               x16, 0(x11)         x16=0000000c x11:1c01f070  PA:1c01f070
13114179ns          215011 1c008548 ff078ae3 beq              x15, x16, -12       x15:0000000d x16:0000000c
13114199ns          215012 1c00854c 0045a783 lw               x15, 4(x11)         x15=0000000c x11:1c01f070  PA:1c01f074
13114517ns          215028 1c00854e 00279793 slli             x15, x15, 0x2       x15=00000030 x15:0000000c
13114537ns          215029 1c008550 01e367a3 p.sw             x30, x0(x6)         x30:dead020c  x6:1c01e070  PA:1c01e0a0
13114855ns          215045 1c008554 0045a783 lw               x15, 4(x11)         x15=0000000c x11:1c01f070  PA:1c01f074
13115193ns          215062 1c008556 00178793 addi             x15, x15, 1         x15=0000000d x15:0000000c
13115213ns          215063 1c008558 00f5a223 sw               x15, 4(x11)         x15:0000000d x11:1c01f070  PA:1c01f074
13115531ns          215079 1c00855a 0045a783 lw               x15, 4(x11)         x15=0000000d x11:1c01f070  PA:1c01f074
13115850ns          215095 1c00855c 00a79463 bne              x15, x10, 8         x15:0000000d x10:00000400
13115909ns          215098 1c008564 00462783 lw               x15, 4(x12)         x15=0000000c x12:1c012008  PA:1c01200c
13116227ns          215114 1c008566 00178793 addi             x15, x15, 1         x15=0000000d x15:0000000c
13116247ns          215115 1c008568 06a78c63 beq              x15, x10, 120       x15:0000000d x10:00000400
13116267ns          215116 1c00856c 00062803 lw               x16, 0(x12)         x16=0000000c x12:1c012008  PA:1c012008
13116586ns          215132 1c008570 ff078ae3 beq              x15, x16, -12       x15:0000000d x16:0000000c
13116605ns          215133 1c008574 00462783 lw               x15, 4(x12)         x15=0000000c x12:1c012008  PA:1c01200c
13116924ns          215149 1c008576 00279793 slli             x15, x15, 0x2       x15=00000030 x15:0000000c
13116944ns          215150 1c008578 01e8e7a3 p.sw             x30, x0(x17)        x30:dead020c x17:1c011008  PA:1c011038
13117262ns          215166 1c00857c 00462783 lw               x15, 4(x12)         x15=0000000c x12:1c012008  PA:1c01200c
13117580ns          215182 1c00857e 00178793 addi             x15, x15, 1         x15=0000000d x15:0000000c
13117600ns          215183 1c008580 00f62223 sw               x15, 4(x12)         x15:0000000d x12:1c012008  PA:1c01200c
13117918ns          215199 1c008582 00462783 lw               x15, 4(x12)         x15=0000000d x12:1c012008  PA:1c01200c
13118236ns          215215 1c008584 00a79463 bne              x15, x10, 8         x15:0000000d x10:00000400
13118296ns          215218 1c00858c 0006a803 lw               x16, 0(x13)         x16=0000000c x13:1c01c058  PA:1c01c058
13118614ns          215234 1c008590 0046a783 lw               x15, 4(x13)         x15=0000000d x13:1c01c058  PA:1c01c05c
13118933ns          215250 1c008592 fef80de3 beq              x16, x15, -6        x16:0000000c x15:0000000d
13118953ns          215251 1c008596 0006a783 lw               x15, 0(x13)         x15=0000000c x13:1c01c058  PA:1c01c058
13119271ns          215267 1c008598 00279793 slli             x15, x15, 0x2       x15=00000030 x15:0000000c
13119291ns          215268 1c00859a 20fcf783 lw               x15, x15(x25)       x15=dead030c x15:00000030 x25:1c01b058  PA:1c01b088
13119589ns          215283 1c00859e 0006a783 lw               x15, 0(x13)         x15=0000000c x13:1c01c058  PA:1c01c058
13119907ns          215299 1c0085a0 00178793 addi             x15, x15, 1         x15=0000000d x15:0000000c
13119927ns          215300 1c0085a2 00f6a023 sw               x15, 0(x13)         x15:0000000d x13:1c01c058  PA:1c01c058
13120245ns          215316 1c0085a4 0006a783 lw               x15, 0(x13)         x15=0000000d x13:1c01c058  PA:1c01c058
13120564ns          215332 1c0085a6 00a79463 bne              x15, x10, 8         x15:0000000d x10:00000400
13120643ns          215336 1c0085ae 00072803 lw               x16, 0(x14)         x16=0000000c x14:1c019040  PA:1c019040
13120942ns          215351 1c0085b2 00472783 lw               x15, 4(x14)         x15=0000000d x14:1c019040  PA:1c019044
13121260ns          215367 1c0085b4 fef80de3 beq              x16, x15, -6        x16:0000000c x15:0000000d
13121280ns          215368 1c0085b8 00072783 lw               x15, 0(x14)         x15=0000000c x14:1c019040  PA:1c019040
13121598ns          215384 1c0085ba 00279793 slli             x15, x15, 0x2       x15=00000030 x15:0000000c
13121618ns          215385 1c0085bc 20fc7783 lw               x15, x15(x24)       x15=dead000c x15:00000030 x24:1c018040  PA:1c018070
13121916ns          215400 1c0085c0 00072783 lw               x15, 0(x14)         x15=0000000c x14:1c019040  PA:1c019040
13122235ns          215416 1c0085c2 00178793 addi             x15, x15, 1         x15=0000000d x15:0000000c
13122254ns          215417 1c0085c4 00f72023 sw               x15, 0(x14)         x15:0000000d x14:1c019040  PA:1c019040
13122573ns          215433 1c0085c6 00072783 lw               x15, 0(x14)         x15=0000000d x14:1c019040  PA:1c019040
13122891ns          215449 1c0085c8 00a78663 beq              x15, x10, 12        x15:0000000d x10:00000400
13122911ns          215450 1c0085cc fffe0e13 addi             x28, x28, -1        x28=00000013 x28:00000014
13122931ns          215451 1c0085ce f60e15e3 bne              x28, x0, -150       x28:00000013
13122990ns          215454 1c008538 004eaf0b p.lw             x30, 4(x29!)        x30=dead020d x29=100016f0 x29:100016ec  PA:100016ec
13123010ns          215455 1c00853c 0045a783 lw               x15, 4(x11)         x15=0000000d x11:1c01f070  PA:1c01f074
13123328ns          215471 1c00853e 00178793 addi             x15, x15, 1         x15=0000000e x15:0000000d
13123348ns          215472 1c008540 0aa78363 beq              x15, x10, 166       x15:0000000e x10:00000400
13123368ns          215473 1c008544 0005a803 lw               x16, 0(x11)         x16=0000000d x11:1c01f070  PA:1c01f070
13123687ns          215489 1c008548 ff078ae3 beq              x15, x16, -12       x15:0000000e x16:0000000d
13123706ns          215490 1c00854c 0045a783 lw               x15, 4(x11)         x15=0000000d x11:1c01f070  PA:1c01f074
13124025ns          215506 1c00854e 00279793 slli             x15, x15, 0x2       x15=00000034 x15:0000000d
13124045ns          215507 1c008550 01e367a3 p.sw             x30, x0(x6)         x30:dead020d  x6:1c01e070  PA:1c01e0a4
13124383ns          215524 1c008554 0045a783 lw               x15, 4(x11)         x15=0000000d x11:1c01f070  PA:1c01f074
13124701ns          215540 1c008556 00178793 addi             x15, x15, 1         x15=0000000e x15:0000000d
13124721ns          215541 1c008558 00f5a223 sw               x15, 4(x11)         x15:0000000e x11:1c01f070  PA:1c01f074
13125039ns          215557 1c00855a 0045a783 lw               x15, 4(x11)         x15=0000000e x11:1c01f070  PA:1c01f074
13125357ns          215573 1c00855c 00a79463 bne              x15, x10, 8         x15:0000000e x10:00000400
13125417ns          215576 1c008564 00462783 lw               x15, 4(x12)         x15=0000000d x12:1c012008  PA:1c01200c
13125755ns          215593 1c008566 00178793 addi             x15, x15, 1         x15=0000000e x15:0000000d
13125775ns          215594 1c008568 06a78c63 beq              x15, x10, 120       x15:0000000e x10:00000400
13125795ns          215595 1c00856c 00062803 lw               x16, 0(x12)         x16=0000000d x12:1c012008  PA:1c012008
13126113ns          215611 1c008570 ff078ae3 beq              x15, x16, -12       x15:0000000e x16:0000000d
13126133ns          215612 1c008574 00462783 lw               x15, 4(x12)         x15=0000000d x12:1c012008  PA:1c01200c
13126451ns          215628 1c008576 00279793 slli             x15, x15, 0x2       x15=00000034 x15:0000000d
13126471ns          215629 1c008578 01e8e7a3 p.sw             x30, x0(x17)        x30:dead020d x17:1c011008  PA:1c01103c
13126789ns          215645 1c00857c 00462783 lw               x15, 4(x12)         x15=0000000d x12:1c012008  PA:1c01200c
13127128ns          215662 1c00857e 00178793 addi             x15, x15, 1         x15=0000000e x15:0000000d
13127148ns          215663 1c008580 00f62223 sw               x15, 4(x12)         x15:0000000e x12:1c012008  PA:1c01200c
13127466ns          215679 1c008582 00462783 lw               x15, 4(x12)         x15=0000000e x12:1c012008  PA:1c01200c
13127784ns          215695 1c008584 00a79463 bne              x15, x10, 8         x15:0000000e x10:00000400
13127844ns          215698 1c00858c 0006a803 lw               x16, 0(x13)         x16=0000000d x13:1c01c058  PA:1c01c058
13128142ns          215713 1c008590 0046a783 lw               x15, 4(x13)         x15=0000000e x13:1c01c058  PA:1c01c05c
13128480ns          215730 1c008592 fef80de3 beq              x16, x15, -6        x16:0000000d x15:0000000e
13128500ns          215731 1c008596 0006a783 lw               x15, 0(x13)         x15=0000000d x13:1c01c058  PA:1c01c058
13128818ns          215747 1c008598 00279793 slli             x15, x15, 0x2       x15=00000034 x15:0000000d
13128838ns          215748 1c00859a 20fcf783 lw               x15, x15(x25)       x15=dead030d x15:00000034 x25:1c01b058  PA:1c01b08c
13129137ns          215763 1c00859e 0006a783 lw               x15, 0(x13)         x15=0000000d x13:1c01c058  PA:1c01c058
13129455ns          215779 1c0085a0 00178793 addi             x15, x15, 1         x15=0000000e x15:0000000d
13129475ns          215780 1c0085a2 00f6a023 sw               x15, 0(x13)         x15:0000000e x13:1c01c058  PA:1c01c058
13129813ns          215797 1c0085a4 0006a783 lw               x15, 0(x13)         x15=0000000e x13:1c01c058  PA:1c01c058
13130131ns          215813 1c0085a6 00a79463 bne              x15, x10, 8         x15:0000000e x10:00000400
13130211ns          215817 1c0085ae 00072803 lw               x16, 0(x14)         x16=0000000d x14:1c019040  PA:1c019040
13130509ns          215832 1c0085b2 00472783 lw               x15, 4(x14)         x15=0000000e x14:1c019040  PA:1c019044
13130827ns          215848 1c0085b4 fef80de3 beq              x16, x15, -6        x16:0000000d x15:0000000e
13130847ns          215849 1c0085b8 00072783 lw               x15, 0(x14)         x15=0000000d x14:1c019040  PA:1c019040
13131185ns          215866 1c0085ba 00279793 slli             x15, x15, 0x2       x15=00000034 x15:0000000d
13131205ns          215867 1c0085bc 20fc7783 lw               x15, x15(x24)       x15=dead000d x15:00000034 x24:1c018040  PA:1c018074
13131504ns          215882 1c0085c0 00072783 lw               x15, 0(x14)         x15=0000000d x14:1c019040  PA:1c019040
13131822ns          215898 1c0085c2 00178793 addi             x15, x15, 1         x15=0000000e x15:0000000d
13131842ns          215899 1c0085c4 00f72023 sw               x15, 0(x14)         x15:0000000e x14:1c019040  PA:1c019040
13132160ns          215915 1c0085c6 00072783 lw               x15, 0(x14)         x15=0000000e x14:1c019040  PA:1c019040
13132498ns          215932 1c0085c8 00a78663 beq              x15, x10, 12        x15:0000000e x10:00000400
13132518ns          215933 1c0085cc fffe0e13 addi             x28, x28, -1        x28=00000012 x28:00000013
13132538ns          215934 1c0085ce f60e15e3 bne              x28, x0, -150       x28:00000012
13132598ns          215937 1c008538 004eaf0b p.lw             x30, 4(x29!)        x30=dead020e x29=100016f4 x29:100016f0  PA:100016f0
13132617ns          215938 1c00853c 0045a783 lw               x15, 4(x11)         x15=0000000e x11:1c01f070  PA:1c01f074
13132936ns          215954 1c00853e 00178793 addi             x15, x15, 1         x15=0000000f x15:0000000e
13132956ns          215955 1c008540 0aa78363 beq              x15, x10, 166       x15:0000000f x10:00000400
13132976ns          215956 1c008544 0005a803 lw               x16, 0(x11)         x16=0000000e x11:1c01f070  PA:1c01f070
13133294ns          215972 1c008548 ff078ae3 beq              x15, x16, -12       x15:0000000f x16:0000000e
13133314ns          215973 1c00854c 0045a783 lw               x15, 4(x11)         x15=0000000e x11:1c01f070  PA:1c01f074
13133632ns          215989 1c00854e 00279793 slli             x15, x15, 0x2       x15=00000038 x15:0000000e
13133652ns          215990 1c008550 01e367a3 p.sw             x30, x0(x6)         x30:dead020e  x6:1c01e070  PA:1c01e0a8
13133970ns          216006 1c008554 0045a783 lw               x15, 4(x11)         x15=0000000e x11:1c01f070  PA:1c01f074
13134288ns          216022 1c008556 00178793 addi             x15, x15, 1         x15=0000000f x15:0000000e
13134308ns          216023 1c008558 00f5a223 sw               x15, 4(x11)         x15:0000000f x11:1c01f070  PA:1c01f074
13134626ns          216039 1c00855a 0045a783 lw               x15, 4(x11)         x15=0000000f x11:1c01f070  PA:1c01f074
13134945ns          216055 1c00855c 00a79463 bne              x15, x10, 8         x15:0000000f x10:00000400
13135004ns          216058 1c008564 00462783 lw               x15, 4(x12)         x15=0000000e x12:1c012008  PA:1c01200c
13135323ns          216074 1c008566 00178793 addi             x15, x15, 1         x15=0000000f x15:0000000e
13135343ns          216075 1c008568 06a78c63 beq              x15, x10, 120       x15:0000000f x10:00000400
13135362ns          216076 1c00856c 00062803 lw               x16, 0(x12)         x16=0000000e x12:1c012008  PA:1c012008
13135681ns          216092 1c008570 ff078ae3 beq              x15, x16, -12       x15:0000000f x16:0000000e
13135701ns          216093 1c008574 00462783 lw               x15, 4(x12)         x15=0000000e x12:1c012008  PA:1c01200c
13136019ns          216109 1c008576 00279793 slli             x15, x15, 0x2       x15=00000038 x15:0000000e
13136039ns          216110 1c008578 01e8e7a3 p.sw             x30, x0(x17)        x30:dead020e x17:1c011008  PA:1c011040
13136377ns          216127 1c00857c 00462783 lw               x15, 4(x12)         x15=0000000e x12:1c012008  PA:1c01200c
13136695ns          216143 1c00857e 00178793 addi             x15, x15, 1         x15=0000000f x15:0000000e
13136715ns          216144 1c008580 00f62223 sw               x15, 4(x12)         x15:0000000f x12:1c012008  PA:1c01200c
13137033ns          216160 1c008582 00462783 lw               x15, 4(x12)         x15=0000000f x12:1c012008  PA:1c01200c
13137351ns          216176 1c008584 00a79463 bne              x15, x10, 8         x15:0000000f x10:00000400
13137411ns          216179 1c00858c 0006a803 lw               x16, 0(x13)         x16=0000000e x13:1c01c058  PA:1c01c058
13137729ns          216195 1c008590 0046a783 lw               x15, 4(x13)         x15=0000000f x13:1c01c058  PA:1c01c05c
13138048ns          216211 1c008592 fef80de3 beq              x16, x15, -6        x16:0000000e x15:0000000f
13138068ns          216212 1c008596 0006a783 lw               x15, 0(x13)         x15=0000000e x13:1c01c058  PA:1c01c058
13138386ns          216228 1c008598 00279793 slli             x15, x15, 0x2       x15=00000038 x15:0000000e
13138406ns          216229 1c00859a 20fcf783 lw               x15, x15(x25)       x15=dead030e x15:00000038 x25:1c01b058  PA:1c01b090
13138704ns          216244 1c00859e 0006a783 lw               x15, 0(x13)         x15=0000000e x13:1c01c058  PA:1c01c058
13139042ns          216261 1c0085a0 00178793 addi             x15, x15, 1         x15=0000000f x15:0000000e
13139062ns          216262 1c0085a2 00f6a023 sw               x15, 0(x13)         x15:0000000f x13:1c01c058  PA:1c01c058
13139380ns          216278 1c0085a4 0006a783 lw               x15, 0(x13)         x15=0000000f x13:1c01c058  PA:1c01c058
13139699ns          216294 1c0085a6 00a79463 bne              x15, x10, 8         x15:0000000f x10:00000400
13139778ns          216298 1c0085ae 00072803 lw               x16, 0(x14)         x16=0000000e x14:1c019040  PA:1c019040
13140077ns          216313 1c0085b2 00472783 lw               x15, 4(x14)         x15=0000000f x14:1c019040  PA:1c019044
13140415ns          216330 1c0085b4 fef80de3 beq              x16, x15, -6        x16:0000000e x15:0000000f
13140435ns          216331 1c0085b8 00072783 lw               x15, 0(x14)         x15=0000000e x14:1c019040  PA:1c019040
13140753ns          216347 1c0085ba 00279793 slli             x15, x15, 0x2       x15=00000038 x15:0000000e
13140773ns          216348 1c0085bc 20fc7783 lw               x15, x15(x24)       x15=dead000e x15:00000038 x24:1c018040  PA:1c018078
13141071ns          216363 1c0085c0 00072783 lw               x15, 0(x14)         x15=0000000e x14:1c019040  PA:1c019040
13141389ns          216379 1c0085c2 00178793 addi             x15, x15, 1         x15=0000000f x15:0000000e
13141409ns          216380 1c0085c4 00f72023 sw               x15, 0(x14)         x15:0000000f x14:1c019040  PA:1c019040
13141747ns          216397 1c0085c6 00072783 lw               x15, 0(x14)         x15=0000000f x14:1c019040  PA:1c019040
13142066ns          216413 1c0085c8 00a78663 beq              x15, x10, 12        x15:0000000f x10:00000400
13142085ns          216414 1c0085cc fffe0e13 addi             x28, x28, -1        x28=00000011 x28:00000012
13142105ns          216415 1c0085ce f60e15e3 bne              x28, x0, -150       x28:00000011
13142165ns          216418 1c008538 004eaf0b p.lw             x30, 4(x29!)        x30=dead020f x29=100016f8 x29:100016f4  PA:100016f4
13142185ns          216419 1c00853c 0045a783 lw               x15, 4(x11)         x15=0000000f x11:1c01f070  PA:1c01f074
13142503ns          216435 1c00853e 00178793 addi             x15, x15, 1         x15=00000010 x15:0000000f
13142523ns          216436 1c008540 0aa78363 beq              x15, x10, 166       x15:00000010 x10:00000400
13142543ns          216437 1c008544 0005a803 lw               x16, 0(x11)         x16=0000000f x11:1c01f070  PA:1c01f070
13142861ns          216453 1c008548 ff078ae3 beq              x15, x16, -12       x15:00000010 x16:0000000f
13142881ns          216454 1c00854c 0045a783 lw               x15, 4(x11)         x15=0000000f x11:1c01f070  PA:1c01f074
13143199ns          216470 1c00854e 00279793 slli             x15, x15, 0x2       x15=0000003c x15:0000000f
13143219ns          216471 1c008550 01e367a3 p.sw             x30, x0(x6)         x30:dead020f  x6:1c01e070  PA:1c01e0ac
13143537ns          216487 1c008554 0045a783 lw               x15, 4(x11)         x15=0000000f x11:1c01f070  PA:1c01f074
13143856ns          216503 1c008556 00178793 addi             x15, x15, 1         x15=00000010 x15:0000000f
13143876ns          216504 1c008558 00f5a223 sw               x15, 4(x11)         x15:00000010 x11:1c01f070  PA:1c01f074
13144194ns          216520 1c00855a 0045a783 lw               x15, 4(x11)         x15=00000010 x11:1c01f070  PA:1c01f074
13144512ns          216536 1c00855c 00a79463 bne              x15, x10, 8         x15:00000010 x10:00000400
13144572ns          216539 1c008564 00462783 lw               x15, 4(x12)         x15=0000000f x12:1c012008  PA:1c01200c
13144890ns          216555 1c008566 00178793 addi             x15, x15, 1         x15=00000010 x15:0000000f
13144910ns          216556 1c008568 06a78c63 beq              x15, x10, 120       x15:00000010 x10:00000400
13144930ns          216557 1c00856c 00062803 lw               x16, 0(x12)         x16=0000000f x12:1c012008  PA:1c012008
13145248ns          216573 1c008570 ff078ae3 beq              x15, x16, -12       x15:00000010 x16:0000000f
13145268ns          216574 1c008574 00462783 lw               x15, 4(x12)         x15=0000000f x12:1c012008  PA:1c01200c
13145586ns          216590 1c008576 00279793 slli             x15, x15, 0x2       x15=0000003c x15:0000000f
13145606ns          216591 1c008578 01e8e7a3 p.sw             x30, x0(x17)        x30:dead020f x17:1c011008  PA:1c011044
13145924ns          216607 1c00857c 00462783 lw               x15, 4(x12)         x15=0000000f x12:1c012008  PA:1c01200c
13146243ns          216623 1c00857e 00178793 addi             x15, x15, 1         x15=00000010 x15:0000000f
13146263ns          216624 1c008580 00f62223 sw               x15, 4(x12)         x15:00000010 x12:1c012008  PA:1c01200c
13146581ns          216640 1c008582 00462783 lw               x15, 4(x12)         x15=00000010 x12:1c012008  PA:1c01200c
13146899ns          216656 1c008584 00a79463 bne              x15, x10, 8         x15:00000010 x10:00000400
13146959ns          216659 1c00858c 0006a803 lw               x16, 0(x13)         x16=0000000f x13:1c01c058  PA:1c01c058
13147257ns          216674 1c008590 0046a783 lw               x15, 4(x13)         x15=00000010 x13:1c01c058  PA:1c01c05c
13147575ns          216690 1c008592 fef80de3 beq              x16, x15, -6        x16:0000000f x15:00000010
13147595ns          216691 1c008596 0006a783 lw               x15, 0(x13)         x15=0000000f x13:1c01c058  PA:1c01c058
13147913ns          216707 1c008598 00279793 slli             x15, x15, 0x2       x15=0000003c x15:0000000f
13147933ns          216708 1c00859a 20fcf783 lw               x15, x15(x25)       x15=dead030f x15:0000003c x25:1c01b058  PA:1c01b094
13148232ns          216723 1c00859e 0006a783 lw               x15, 0(x13)         x15=0000000f x13:1c01c058  PA:1c01c058
13148550ns          216739 1c0085a0 00178793 addi             x15, x15, 1         x15=00000010 x15:0000000f
13148570ns          216740 1c0085a2 00f6a023 sw               x15, 0(x13)         x15:00000010 x13:1c01c058  PA:1c01c058
13148888ns          216756 1c0085a4 0006a783 lw               x15, 0(x13)         x15=00000010 x13:1c01c058  PA:1c01c058
13149206ns          216772 1c0085a6 00a79463 bne              x15, x10, 8         x15:00000010 x10:00000400
13149286ns          216776 1c0085ae 00072803 lw               x16, 0(x14)         x16=0000000f x14:1c019040  PA:1c019040
13149584ns          216791 1c0085b2 00472783 lw               x15, 4(x14)         x15=00000010 x14:1c019040  PA:1c019044
13149903ns          216807 1c0085b4 fef80de3 beq              x16, x15, -6        x16:0000000f x15:00000010
13149922ns          216808 1c0085b8 00072783 lw               x15, 0(x14)         x15=0000000f x14:1c019040  PA:1c019040
13150241ns          216824 1c0085ba 00279793 slli             x15, x15, 0x2       x15=0000003c x15:0000000f
13150261ns          216825 1c0085bc 20fc7783 lw               x15, x15(x24)       x15=dead000f x15:0000003c x24:1c018040  PA:1c01807c
13150559ns          216840 1c0085c0 00072783 lw               x15, 0(x14)         x15=0000000f x14:1c019040  PA:1c019040
13150877ns          216856 1c0085c2 00178793 addi             x15, x15, 1         x15=00000010 x15:0000000f
13150897ns          216857 1c0085c4 00f72023 sw               x15, 0(x14)         x15:00000010 x14:1c019040  PA:1c019040
13151215ns          216873 1c0085c6 00072783 lw               x15, 0(x14)         x15=00000010 x14:1c019040  PA:1c019040
13151534ns          216889 1c0085c8 00a78663 beq              x15, x10, 12        x15:00000010 x10:00000400
13151553ns          216890 1c0085cc fffe0e13 addi             x28, x28, -1        x28=00000010 x28:00000011
13151573ns          216891 1c0085ce f60e15e3 bne              x28, x0, -150       x28:00000010
13151633ns          216894 1c008538 004eaf0b p.lw             x30, 4(x29!)        x30=dead0210 x29=100016fc x29:100016f8  PA:100016f8
13151653ns          216895 1c00853c 0045a783 lw               x15, 4(x11)         x15=00000010 x11:1c01f070  PA:1c01f074
13151971ns          216911 1c00853e 00178793 addi             x15, x15, 1         x15=00000011 x15:00000010
13151991ns          216912 1c008540 0aa78363 beq              x15, x10, 166       x15:00000011 x10:00000400
13152011ns          216913 1c008544 0005a803 lw               x16, 0(x11)         x16=00000010 x11:1c01f070  PA:1c01f070
13152329ns          216929 1c008548 ff078ae3 beq              x15, x16, -12       x15:00000011 x16:00000010
13152349ns          216930 1c00854c 0045a783 lw               x15, 4(x11)         x15=00000010 x11:1c01f070  PA:1c01f074
13152667ns          216946 1c00854e 00279793 slli             x15, x15, 0x2       x15=00000040 x15:00000010
13152687ns          216947 1c008550 01e367a3 p.sw             x30, x0(x6)         x30:dead0210  x6:1c01e070  PA:1c01e0b0
13153005ns          216963 1c008554 0045a783 lw               x15, 4(x11)         x15=00000010 x11:1c01f070  PA:1c01f074
13153324ns          216979 1c008556 00178793 addi             x15, x15, 1         x15=00000011 x15:00000010
13153344ns          216980 1c008558 00f5a223 sw               x15, 4(x11)         x15:00000011 x11:1c01f070  PA:1c01f074
13153682ns          216997 1c00855a 0045a783 lw               x15, 4(x11)         x15=00000011 x11:1c01f070  PA:1c01f074
13154000ns          217013 1c00855c 00a79463 bne              x15, x10, 8         x15:00000011 x10:00000400
13154060ns          217016 1c008564 00462783 lw               x15, 4(x12)         x15=00000010 x12:1c012008  PA:1c01200c
13154378ns          217032 1c008566 00178793 addi             x15, x15, 1         x15=00000011 x15:00000010
13154398ns          217033 1c008568 06a78c63 beq              x15, x10, 120       x15:00000011 x10:00000400
13154418ns          217034 1c00856c 00062803 lw               x16, 0(x12)         x16=00000010 x12:1c012008  PA:1c012008
13154736ns          217050 1c008570 ff078ae3 beq              x15, x16, -12       x15:00000011 x16:00000010
13154756ns          217051 1c008574 00462783 lw               x15, 4(x12)         x15=00000010 x12:1c012008  PA:1c01200c
13155094ns          217068 1c008576 00279793 slli             x15, x15, 0x2       x15=00000040 x15:00000010
13155114ns          217069 1c008578 01e8e7a3 p.sw             x30, x0(x17)        x30:dead0210 x17:1c011008  PA:1c011048
13155432ns          217085 1c00857c 00462783 lw               x15, 4(x12)         x15=00000010 x12:1c012008  PA:1c01200c
13155750ns          217101 1c00857e 00178793 addi             x15, x15, 1         x15=00000011 x15:00000010
13155770ns          217102 1c008580 00f62223 sw               x15, 4(x12)         x15:00000011 x12:1c012008  PA:1c01200c
13156089ns          217118 1c008582 00462783 lw               x15, 4(x12)         x15=00000011 x12:1c012008  PA:1c01200c
13156427ns          217135 1c008584 00a79463 bne              x15, x10, 8         x15:00000011 x10:00000400
13156486ns          217138 1c00858c 0006a803 lw               x16, 0(x13)         x16=00000010 x13:1c01c058  PA:1c01c058
13156785ns          217153 1c008590 0046a783 lw               x15, 4(x13)         x15=00000011 x13:1c01c058  PA:1c01c05c
13157103ns          217169 1c008592 fef80de3 beq              x16, x15, -6        x16:00000010 x15:00000011
13157123ns          217170 1c008596 0006a783 lw               x15, 0(x13)         x15=00000010 x13:1c01c058  PA:1c01c058
13157441ns          217186 1c008598 00279793 slli             x15, x15, 0x2       x15=00000040 x15:00000010
13157461ns          217187 1c00859a 20fcf783 lw               x15, x15(x25)       x15=dead0310 x15:00000040 x25:1c01b058  PA:1c01b098
13157779ns          217203 1c00859e 0006a783 lw               x15, 0(x13)         x15=00000010 x13:1c01c058  PA:1c01c058
13158098ns          217219 1c0085a0 00178793 addi             x15, x15, 1         x15=00000011 x15:00000010
13158117ns          217220 1c0085a2 00f6a023 sw               x15, 0(x13)         x15:00000011 x13:1c01c058  PA:1c01c058
13158436ns          217236 1c0085a4 0006a783 lw               x15, 0(x13)         x15=00000011 x13:1c01c058  PA:1c01c058
13158754ns          217252 1c0085a6 00a79463 bne              x15, x10, 8         x15:00000011 x10:00000400
13158833ns          217256 1c0085ae 00072803 lw               x16, 0(x14)         x16=00000010 x14:1c019040  PA:1c019040
13159132ns          217271 1c0085b2 00472783 lw               x15, 4(x14)         x15=00000011 x14:1c019040  PA:1c019044
13159450ns          217287 1c0085b4 fef80de3 beq              x16, x15, -6        x16:00000010 x15:00000011
13159470ns          217288 1c0085b8 00072783 lw               x15, 0(x14)         x15=00000010 x14:1c019040  PA:1c019040
13159788ns          217304 1c0085ba 00279793 slli             x15, x15, 0x2       x15=00000040 x15:00000010
13159808ns          217305 1c0085bc 20fc7783 lw               x15, x15(x24)       x15=dead0010 x15:00000040 x24:1c018040  PA:1c018080
13160106ns          217320 1c0085c0 00072783 lw               x15, 0(x14)         x15=00000010 x14:1c019040  PA:1c019040
13160445ns          217337 1c0085c2 00178793 addi             x15, x15, 1         x15=00000011 x15:00000010
13160465ns          217338 1c0085c4 00f72023 sw               x15, 0(x14)         x15:00000011 x14:1c019040  PA:1c019040
13160783ns          217354 1c0085c6 00072783 lw               x15, 0(x14)         x15=00000011 x14:1c019040  PA:1c019040
13161101ns          217370 1c0085c8 00a78663 beq              x15, x10, 12        x15:00000011 x10:00000400
13161121ns          217371 1c0085cc fffe0e13 addi             x28, x28, -1        x28=0000000f x28:00000010
13161141ns          217372 1c0085ce f60e15e3 bne              x28, x0, -150       x28:0000000f
13161200ns          217375 1c008538 004eaf0b p.lw             x30, 4(x29!)        x30=dead0211 x29=10001700 x29:100016fc  PA:100016fc
13161240ns          217377 1c00853c 0045a783 lw               x15, 4(x11)         x15=00000011 x11:1c01f070  PA:1c01f074
13161559ns          217393 1c00853e 00178793 addi             x15, x15, 1         x15=00000012 x15:00000011
13161578ns          217394 1c008540 0aa78363 beq              x15, x10, 166       x15:00000012 x10:00000400
13161598ns          217395 1c008544 0005a803 lw               x16, 0(x11)         x16=00000011 x11:1c01f070  PA:1c01f070
13161917ns          217411 1c008548 ff078ae3 beq              x15, x16, -12       x15:00000012 x16:00000011
13161936ns          217412 1c00854c 0045a783 lw               x15, 4(x11)         x15=00000011 x11:1c01f070  PA:1c01f074
13162255ns          217428 1c00854e 00279793 slli             x15, x15, 0x2       x15=00000044 x15:00000011
13162275ns          217429 1c008550 01e367a3 p.sw             x30, x0(x6)         x30:dead0211  x6:1c01e070  PA:1c01e0b4
13162593ns          217445 1c008554 0045a783 lw               x15, 4(x11)         x15=00000011 x11:1c01f070  PA:1c01f074
13162911ns          217461 1c008556 00178793 addi             x15, x15, 1         x15=00000012 x15:00000011
13162931ns          217462 1c008558 00f5a223 sw               x15, 4(x11)         x15:00000012 x11:1c01f070  PA:1c01f074
13163249ns          217478 1c00855a 0045a783 lw               x15, 4(x11)         x15=00000012 x11:1c01f070  PA:1c01f074
13163567ns          217494 1c00855c 00a79463 bne              x15, x10, 8         x15:00000012 x10:00000400
13163627ns          217497 1c008564 00462783 lw               x15, 4(x12)         x15=00000011 x12:1c012008  PA:1c01200c
13163945ns          217513 1c008566 00178793 addi             x15, x15, 1         x15=00000012 x15:00000011
13163965ns          217514 1c008568 06a78c63 beq              x15, x10, 120       x15:00000012 x10:00000400
13163985ns          217515 1c00856c 00062803 lw               x16, 0(x12)         x16=00000011 x12:1c012008  PA:1c012008
13164303ns          217531 1c008570 ff078ae3 beq              x15, x16, -12       x15:00000012 x16:00000011
13164323ns          217532 1c008574 00462783 lw               x15, 4(x12)         x15=00000011 x12:1c012008  PA:1c01200c
13164642ns          217548 1c008576 00279793 slli             x15, x15, 0x2       x15=00000044 x15:00000011
13164661ns          217549 1c008578 01e8e7a3 p.sw             x30, x0(x17)        x30:dead0211 x17:1c011008  PA:1c01104c
13164980ns          217565 1c00857c 00462783 lw               x15, 4(x12)         x15=00000011 x12:1c012008  PA:1c01200c
13165298ns          217581 1c00857e 00178793 addi             x15, x15, 1         x15=00000012 x15:00000011
13165318ns          217582 1c008580 00f62223 sw               x15, 4(x12)         x15:00000012 x12:1c012008  PA:1c01200c
13165656ns          217599 1c008582 00462783 lw               x15, 4(x12)         x15=00000012 x12:1c012008  PA:1c01200c
13165974ns          217615 1c008584 00a79463 bne              x15, x10, 8         x15:00000012 x10:00000400
13166034ns          217618 1c00858c 0006a803 lw               x16, 0(x13)         x16=00000011 x13:1c01c058  PA:1c01c058
13166332ns          217633 1c008590 0046a783 lw               x15, 4(x13)         x15=00000012 x13:1c01c058  PA:1c01c05c
13166651ns          217649 1c008592 fef80de3 beq              x16, x15, -6        x16:00000011 x15:00000012
13166670ns          217650 1c008596 0006a783 lw               x15, 0(x13)         x15=00000011 x13:1c01c058  PA:1c01c058
13167009ns          217667 1c008598 00279793 slli             x15, x15, 0x2       x15=00000044 x15:00000011
13167028ns          217668 1c00859a 20fcf783 lw               x15, x15(x25)       x15=dead0311 x15:00000044 x25:1c01b058  PA:1c01b09c
13167327ns          217683 1c00859e 0006a783 lw               x15, 0(x13)         x15=00000011 x13:1c01c058  PA:1c01c058
13167645ns          217699 1c0085a0 00178793 addi             x15, x15, 1         x15=00000012 x15:00000011
13167665ns          217700 1c0085a2 00f6a023 sw               x15, 0(x13)         x15:00000012 x13:1c01c058  PA:1c01c058
13167983ns          217716 1c0085a4 0006a783 lw               x15, 0(x13)         x15=00000012 x13:1c01c058  PA:1c01c058
13168301ns          217732 1c0085a6 00a79463 bne              x15, x10, 8         x15:00000012 x10:00000400
13168381ns          217736 1c0085ae 00072803 lw               x16, 0(x14)         x16=00000011 x14:1c019040  PA:1c019040
13168679ns          217751 1c0085b2 00472783 lw               x15, 4(x14)         x15=00000012 x14:1c019040  PA:1c019044
13168998ns          217767 1c0085b4 fef80de3 beq              x16, x15, -6        x16:00000011 x15:00000012
13169018ns          217768 1c0085b8 00072783 lw               x15, 0(x14)         x15=00000011 x14:1c019040  PA:1c019040
13169336ns          217784 1c0085ba 00279793 slli             x15, x15, 0x2       x15=00000044 x15:00000011
13169356ns          217785 1c0085bc 20fc7783 lw               x15, x15(x24)       x15=dead0011 x15:00000044 x24:1c018040  PA:1c018084
13169674ns          217801 1c0085c0 00072783 lw               x15, 0(x14)         x15=00000011 x14:1c019040  PA:1c019040
13169992ns          217817 1c0085c2 00178793 addi             x15, x15, 1         x15=00000012 x15:00000011
13170012ns          217818 1c0085c4 00f72023 sw               x15, 0(x14)         x15:00000012 x14:1c019040  PA:1c019040
13170330ns          217834 1c0085c6 00072783 lw               x15, 0(x14)         x15=00000012 x14:1c019040  PA:1c019040
13170649ns          217850 1c0085c8 00a78663 beq              x15, x10, 12        x15:00000012 x10:00000400
13170668ns          217851 1c0085cc fffe0e13 addi             x28, x28, -1        x28=0000000e x28:0000000f
13170688ns          217852 1c0085ce f60e15e3 bne              x28, x0, -150       x28:0000000e
13170748ns          217855 1c008538 004eaf0b p.lw             x30, 4(x29!)        x30=dead0212 x29=10001704 x29:10001700  PA:10001700
13170768ns          217856 1c00853c 0045a783 lw               x15, 4(x11)         x15=00000012 x11:1c01f070  PA:1c01f074
13171106ns          217873 1c00853e 00178793 addi             x15, x15, 1         x15=00000013 x15:00000012
13171126ns          217874 1c008540 0aa78363 beq              x15, x10, 166       x15:00000013 x10:00000400
13171146ns          217875 1c008544 0005a803 lw               x16, 0(x11)         x16=00000012 x11:1c01f070  PA:1c01f070
13171464ns          217891 1c008548 ff078ae3 beq              x15, x16, -12       x15:00000013 x16:00000012
13171484ns          217892 1c00854c 0045a783 lw               x15, 4(x11)         x15=00000012 x11:1c01f070  PA:1c01f074
13171802ns          217908 1c00854e 00279793 slli             x15, x15, 0x2       x15=00000048 x15:00000012
13171822ns          217909 1c008550 01e367a3 p.sw             x30, x0(x6)         x30:dead0212  x6:1c01e070  PA:1c01e0b8
13172140ns          217925 1c008554 0045a783 lw               x15, 4(x11)         x15=00000012 x11:1c01f070  PA:1c01f074
13172459ns          217941 1c008556 00178793 addi             x15, x15, 1         x15=00000013 x15:00000012
13172479ns          217942 1c008558 00f5a223 sw               x15, 4(x11)         x15:00000013 x11:1c01f070  PA:1c01f074
13172797ns          217958 1c00855a 0045a783 lw               x15, 4(x11)         x15=00000013 x11:1c01f070  PA:1c01f074
13173115ns          217974 1c00855c 00a79463 bne              x15, x10, 8         x15:00000013 x10:00000400
13173175ns          217977 1c008564 00462783 lw               x15, 4(x12)         x15=00000012 x12:1c012008  PA:1c01200c
13173493ns          217993 1c008566 00178793 addi             x15, x15, 1         x15=00000013 x15:00000012
13173513ns          217994 1c008568 06a78c63 beq              x15, x10, 120       x15:00000013 x10:00000400
13173533ns          217995 1c00856c 00062803 lw               x16, 0(x12)         x16=00000012 x12:1c012008  PA:1c012008
13173851ns          218011 1c008570 ff078ae3 beq              x15, x16, -12       x15:00000013 x16:00000012
13173871ns          218012 1c008574 00462783 lw               x15, 4(x12)         x15=00000012 x12:1c012008  PA:1c01200c
13174189ns          218028 1c008576 00279793 slli             x15, x15, 0x2       x15=00000048 x15:00000012
13174209ns          218029 1c008578 01e8e7a3 p.sw             x30, x0(x17)        x30:dead0212 x17:1c011008  PA:1c011050
13174527ns          218045 1c00857c 00462783 lw               x15, 4(x12)         x15=00000012 x12:1c012008  PA:1c01200c
13174846ns          218061 1c00857e 00178793 addi             x15, x15, 1         x15=00000013 x15:00000012
13174865ns          218062 1c008580 00f62223 sw               x15, 4(x12)         x15:00000013 x12:1c012008  PA:1c01200c
13175184ns          218078 1c008582 00462783 lw               x15, 4(x12)         x15=00000013 x12:1c012008  PA:1c01200c
13175502ns          218094 1c008584 00a79463 bne              x15, x10, 8         x15:00000013 x10:00000400
13175562ns          218097 1c00858c 0006a803 lw               x16, 0(x13)         x16=00000012 x13:1c01c058  PA:1c01c058
13175860ns          218112 1c008590 0046a783 lw               x15, 4(x13)         x15=00000013 x13:1c01c058  PA:1c01c05c
13176178ns          218128 1c008592 fef80de3 beq              x16, x15, -6        x16:00000012 x15:00000013
13176198ns          218129 1c008596 0006a783 lw               x15, 0(x13)         x15=00000012 x13:1c01c058  PA:1c01c058
13176516ns          218145 1c008598 00279793 slli             x15, x15, 0x2       x15=00000048 x15:00000012
13176536ns          218146 1c00859a 20fcf783 lw               x15, x15(x25)       x15=dead0312 x15:00000048 x25:1c01b058  PA:1c01b0a0
13176835ns          218161 1c00859e 0006a783 lw               x15, 0(x13)         x15=00000012 x13:1c01c058  PA:1c01c058
13177153ns          218177 1c0085a0 00178793 addi             x15, x15, 1         x15=00000013 x15:00000012
13177173ns          218178 1c0085a2 00f6a023 sw               x15, 0(x13)         x15:00000013 x13:1c01c058  PA:1c01c058
13177491ns          218194 1c0085a4 0006a783 lw               x15, 0(x13)         x15=00000013 x13:1c01c058  PA:1c01c058
13177809ns          218210 1c0085a6 00a79463 bne              x15, x10, 8         x15:00000013 x10:00000400
13177889ns          218214 1c0085ae 00072803 lw               x16, 0(x14)         x16=00000012 x14:1c019040  PA:1c019040
13178187ns          218229 1c0085b2 00472783 lw               x15, 4(x14)         x15=00000013 x14:1c019040  PA:1c019044
13178505ns          218245 1c0085b4 fef80de3 beq              x16, x15, -6        x16:00000012 x15:00000013
13178525ns          218246 1c0085b8 00072783 lw               x15, 0(x14)         x15=00000012 x14:1c019040  PA:1c019040
13178844ns          218262 1c0085ba 00279793 slli             x15, x15, 0x2       x15=00000048 x15:00000012
13178863ns          218263 1c0085bc 20fc7783 lw               x15, x15(x24)       x15=dead0012 x15:00000048 x24:1c018040  PA:1c018088
13179162ns          218278 1c0085c0 00072783 lw               x15, 0(x14)         x15=00000012 x14:1c019040  PA:1c019040
13179480ns          218294 1c0085c2 00178793 addi             x15, x15, 1         x15=00000013 x15:00000012
13179500ns          218295 1c0085c4 00f72023 sw               x15, 0(x14)         x15:00000013 x14:1c019040  PA:1c019040
13179818ns          218311 1c0085c6 00072783 lw               x15, 0(x14)         x15=00000013 x14:1c019040  PA:1c019040
13180136ns          218327 1c0085c8 00a78663 beq              x15, x10, 12        x15:00000013 x10:00000400
13180156ns          218328 1c0085cc fffe0e13 addi             x28, x28, -1        x28=0000000d x28:0000000e
13180176ns          218329 1c0085ce f60e15e3 bne              x28, x0, -150       x28:0000000d
13180236ns          218332 1c008538 004eaf0b p.lw             x30, 4(x29!)        x30=dead0213 x29=10001708 x29:10001704  PA:10001704
13180256ns          218333 1c00853c 0045a783 lw               x15, 4(x11)         x15=00000013 x11:1c01f070  PA:1c01f074
13180574ns          218349 1c00853e 00178793 addi             x15, x15, 1         x15=00000014 x15:00000013
13180594ns          218350 1c008540 0aa78363 beq              x15, x10, 166       x15:00000014 x10:00000400
13180614ns          218351 1c008544 0005a803 lw               x16, 0(x11)         x16=00000013 x11:1c01f070  PA:1c01f070
13180932ns          218367 1c008548 ff078ae3 beq              x15, x16, -12       x15:00000014 x16:00000013
13180952ns          218368 1c00854c 0045a783 lw               x15, 4(x11)         x15=00000013 x11:1c01f070  PA:1c01f074
13181270ns          218384 1c00854e 00279793 slli             x15, x15, 0x2       x15=0000004c x15:00000013
13181290ns          218385 1c008550 01e367a3 p.sw             x30, x0(x6)         x30:dead0213  x6:1c01e070  PA:1c01e0bc
13181628ns          218402 1c008554 0045a783 lw               x15, 4(x11)         x15=00000013 x11:1c01f070  PA:1c01f074
13181947ns          218418 1c008556 00178793 addi             x15, x15, 1         x15=00000014 x15:00000013
13181966ns          218419 1c008558 00f5a223 sw               x15, 4(x11)         x15:00000014 x11:1c01f070  PA:1c01f074
13182285ns          218435 1c00855a 0045a783 lw               x15, 4(x11)         x15=00000014 x11:1c01f070  PA:1c01f074
13182603ns          218451 1c00855c 00a79463 bne              x15, x10, 8         x15:00000014 x10:00000400
13182663ns          218454 1c008564 00462783 lw               x15, 4(x12)         x15=00000013 x12:1c012008  PA:1c01200c
13183001ns          218471 1c008566 00178793 addi             x15, x15, 1         x15=00000014 x15:00000013
13183021ns          218472 1c008568 06a78c63 beq              x15, x10, 120       x15:00000014 x10:00000400
13183041ns          218473 1c00856c 00062803 lw               x16, 0(x12)         x16=00000013 x12:1c012008  PA:1c012008
13183359ns          218489 1c008570 ff078ae3 beq              x15, x16, -12       x15:00000014 x16:00000013
13183379ns          218490 1c008574 00462783 lw               x15, 4(x12)         x15=00000013 x12:1c012008  PA:1c01200c
13183697ns          218506 1c008576 00279793 slli             x15, x15, 0x2       x15=0000004c x15:00000013
13183717ns          218507 1c008578 01e8e7a3 p.sw             x30, x0(x17)        x30:dead0213 x17:1c011008  PA:1c011054
13184035ns          218523 1c00857c 00462783 lw               x15, 4(x12)         x15=00000013 x12:1c012008  PA:1c01200c
13184373ns          218540 1c00857e 00178793 addi             x15, x15, 1         x15=00000014 x15:00000013
13184393ns          218541 1c008580 00f62223 sw               x15, 4(x12)         x15:00000014 x12:1c012008  PA:1c01200c
13184711ns          218557 1c008582 00462783 lw               x15, 4(x12)         x15=00000014 x12:1c012008  PA:1c01200c
13185030ns          218573 1c008584 00a79463 bne              x15, x10, 8         x15:00000014 x10:00000400
13185089ns          218576 1c00858c 0006a803 lw               x16, 0(x13)         x16=00000013 x13:1c01c058  PA:1c01c058
13185388ns          218591 1c008590 0046a783 lw               x15, 4(x13)         x15=00000014 x13:1c01c058  PA:1c01c05c
13185726ns          218608 1c008592 fef80de3 beq              x16, x15, -6        x16:00000013 x15:00000014
13185746ns          218609 1c008596 0006a783 lw               x15, 0(x13)         x15=00000013 x13:1c01c058  PA:1c01c058
13186064ns          218625 1c008598 00279793 slli             x15, x15, 0x2       x15=0000004c x15:00000013
13186084ns          218626 1c00859a 20fcf783 lw               x15, x15(x25)       x15=dead0313 x15:0000004c x25:1c01b058  PA:1c01b0a4
13186382ns          218641 1c00859e 0006a783 lw               x15, 0(x13)         x15=00000013 x13:1c01c058  PA:1c01c058
13186700ns          218657 1c0085a0 00178793 addi             x15, x15, 1         x15=00000014 x15:00000013
13186720ns          218658 1c0085a2 00f6a023 sw               x15, 0(x13)         x15:00000014 x13:1c01c058  PA:1c01c058
13187058ns          218675 1c0085a4 0006a783 lw               x15, 0(x13)         x15=00000014 x13:1c01c058  PA:1c01c058
13187377ns          218691 1c0085a6 00a79463 bne              x15, x10, 8         x15:00000014 x10:00000400
13187456ns          218695 1c0085ae 00072803 lw               x16, 0(x14)         x16=00000013 x14:1c019040  PA:1c019040
13187755ns          218710 1c0085b2 00472783 lw               x15, 4(x14)         x15=00000014 x14:1c019040  PA:1c019044
13188073ns          218726 1c0085b4 fef80de3 beq              x16, x15, -6        x16:00000013 x15:00000014
13188093ns          218727 1c0085b8 00072783 lw               x15, 0(x14)         x15=00000013 x14:1c019040  PA:1c019040
13188431ns          218744 1c0085ba 00279793 slli             x15, x15, 0x2       x15=0000004c x15:00000013
13188451ns          218745 1c0085bc 20fc7783 lw               x15, x15(x24)       x15=dead0013 x15:0000004c x24:1c018040  PA:1c01808c
13188749ns          218760 1c0085c0 00072783 lw               x15, 0(x14)         x15=00000013 x14:1c019040  PA:1c019040
13189067ns          218776 1c0085c2 00178793 addi             x15, x15, 1         x15=00000014 x15:00000013
13189087ns          218777 1c0085c4 00f72023 sw               x15, 0(x14)         x15:00000014 x14:1c019040  PA:1c019040
13189406ns          218793 1c0085c6 00072783 lw               x15, 0(x14)         x15=00000014 x14:1c019040  PA:1c019040
13189744ns          218810 1c0085c8 00a78663 beq              x15, x10, 12        x15:00000014 x10:00000400
13189764ns          218811 1c0085cc fffe0e13 addi             x28, x28, -1        x28=0000000c x28:0000000d
13189783ns          218812 1c0085ce f60e15e3 bne              x28, x0, -150       x28:0000000c
13189843ns          218815 1c008538 004eaf0b p.lw             x30, 4(x29!)        x30=dead0214 x29=1000170c x29:10001708  PA:10001708
13189863ns          218816 1c00853c 0045a783 lw               x15, 4(x11)         x15=00000014 x11:1c01f070  PA:1c01f074
13190181ns          218832 1c00853e 00178793 addi             x15, x15, 1         x15=00000015 x15:00000014
13190201ns          218833 1c008540 0aa78363 beq              x15, x10, 166       x15:00000015 x10:00000400
13190221ns          218834 1c008544 0005a803 lw               x16, 0(x11)         x16=00000014 x11:1c01f070  PA:1c01f070
13190539ns          218850 1c008548 ff078ae3 beq              x15, x16, -12       x15:00000015 x16:00000014
13190559ns          218851 1c00854c 0045a783 lw               x15, 4(x11)         x15=00000014 x11:1c01f070  PA:1c01f074
13190877ns          218867 1c00854e 00279793 slli             x15, x15, 0x2       x15=00000050 x15:00000014
13190897ns          218868 1c008550 01e367a3 p.sw             x30, x0(x6)         x30:dead0214  x6:1c01e070  PA:1c01e0c0
13191216ns          218884 1c008554 0045a783 lw               x15, 4(x11)         x15=00000014 x11:1c01f070  PA:1c01f074
13191534ns          218900 1c008556 00178793 addi             x15, x15, 1         x15=00000015 x15:00000014
13191554ns          218901 1c008558 00f5a223 sw               x15, 4(x11)         x15:00000015 x11:1c01f070  PA:1c01f074
13191872ns          218917 1c00855a 0045a783 lw               x15, 4(x11)         x15=00000015 x11:1c01f070  PA:1c01f074
13192190ns          218933 1c00855c 00a79463 bne              x15, x10, 8         x15:00000015 x10:00000400
13192250ns          218936 1c008564 00462783 lw               x15, 4(x12)         x15=00000014 x12:1c012008  PA:1c01200c
13192568ns          218952 1c008566 00178793 addi             x15, x15, 1         x15=00000015 x15:00000014
13192588ns          218953 1c008568 06a78c63 beq              x15, x10, 120       x15:00000015 x10:00000400
13192608ns          218954 1c00856c 00062803 lw               x16, 0(x12)         x16=00000014 x12:1c012008  PA:1c012008
13192926ns          218970 1c008570 ff078ae3 beq              x15, x16, -12       x15:00000015 x16:00000014
13192946ns          218971 1c008574 00462783 lw               x15, 4(x12)         x15=00000014 x12:1c012008  PA:1c01200c
13193264ns          218987 1c008576 00279793 slli             x15, x15, 0x2       x15=00000050 x15:00000014
13193284ns          218988 1c008578 01e8e7a3 p.sw             x30, x0(x17)        x30:dead0214 x17:1c011008  PA:1c011058
13193622ns          219005 1c00857c 00462783 lw               x15, 4(x12)         x15=00000014 x12:1c012008  PA:1c01200c
13193941ns          219021 1c00857e 00178793 addi             x15, x15, 1         x15=00000015 x15:00000014
13193961ns          219022 1c008580 00f62223 sw               x15, 4(x12)         x15:00000015 x12:1c012008  PA:1c01200c
13194279ns          219038 1c008582 00462783 lw               x15, 4(x12)         x15=00000015 x12:1c012008  PA:1c01200c
13194597ns          219054 1c008584 00a79463 bne              x15, x10, 8         x15:00000015 x10:00000400
13194657ns          219057 1c00858c 0006a803 lw               x16, 0(x13)         x16=00000014 x13:1c01c058  PA:1c01c058
13194975ns          219073 1c008590 0046a783 lw               x15, 4(x13)         x15=00000015 x13:1c01c058  PA:1c01c05c
13195293ns          219089 1c008592 fef80de3 beq              x16, x15, -6        x16:00000014 x15:00000015
13195313ns          219090 1c008596 0006a783 lw               x15, 0(x13)         x15=00000014 x13:1c01c058  PA:1c01c058
13195631ns          219106 1c008598 00279793 slli             x15, x15, 0x2       x15=00000050 x15:00000014
13195651ns          219107 1c00859a 20fcf783 lw               x15, x15(x25)       x15=dead0314 x15:00000050 x25:1c01b058  PA:1c01b0a8
13195950ns          219122 1c00859e 0006a783 lw               x15, 0(x13)         x15=00000014 x13:1c01c058  PA:1c01c058
13196268ns          219138 1c0085a0 00178793 addi             x15, x15, 1         x15=00000015 x15:00000014
13196288ns          219139 1c0085a2 00f6a023 sw               x15, 0(x13)         x15:00000015 x13:1c01c058  PA:1c01c058
13196606ns          219155 1c0085a4 0006a783 lw               x15, 0(x13)         x15=00000015 x13:1c01c058  PA:1c01c058
13196924ns          219171 1c0085a6 00a79463 bne              x15, x10, 8         x15:00000015 x10:00000400
13197004ns          219175 1c0085ae 00072803 lw               x16, 0(x14)         x16=00000014 x14:1c019040  PA:1c019040
13197302ns          219190 1c0085b2 00472783 lw               x15, 4(x14)         x15=00000015 x14:1c019040  PA:1c019044
13197640ns          219207 1c0085b4 fef80de3 beq              x16, x15, -6        x16:00000014 x15:00000015
13197660ns          219208 1c0085b8 00072783 lw               x15, 0(x14)         x15=00000014 x14:1c019040  PA:1c019040
13197978ns          219224 1c0085ba 00279793 slli             x15, x15, 0x2       x15=00000050 x15:00000014
13197998ns          219225 1c0085bc 20fc7783 lw               x15, x15(x24)       x15=dead0014 x15:00000050 x24:1c018040  PA:1c018090
13198297ns          219240 1c0085c0 00072783 lw               x15, 0(x14)         x15=00000014 x14:1c019040  PA:1c019040
13198615ns          219256 1c0085c2 00178793 addi             x15, x15, 1         x15=00000015 x15:00000014
13198635ns          219257 1c0085c4 00f72023 sw               x15, 0(x14)         x15:00000015 x14:1c019040  PA:1c019040
13198973ns          219274 1c0085c6 00072783 lw               x15, 0(x14)         x15=00000015 x14:1c019040  PA:1c019040
13199291ns          219290 1c0085c8 00a78663 beq              x15, x10, 12        x15:00000015 x10:00000400
13199311ns          219291 1c0085cc fffe0e13 addi             x28, x28, -1        x28=0000000b x28:0000000c
13199331ns          219292 1c0085ce f60e15e3 bne              x28, x0, -150       x28:0000000b
13199391ns          219295 1c008538 004eaf0b p.lw             x30, 4(x29!)        x30=dead0215 x29=10001710 x29:1000170c  PA:1000170c
13199411ns          219296 1c00853c 0045a783 lw               x15, 4(x11)         x15=00000015 x11:1c01f070  PA:1c01f074
13199729ns          219312 1c00853e 00178793 addi             x15, x15, 1         x15=00000016 x15:00000015
13199749ns          219313 1c008540 0aa78363 beq              x15, x10, 166       x15:00000016 x10:00000400
13199769ns          219314 1c008544 0005a803 lw               x16, 0(x11)         x16=00000015 x11:1c01f070  PA:1c01f070
13200087ns          219330 1c008548 ff078ae3 beq              x15, x16, -12       x15:00000016 x16:00000015
13200107ns          219331 1c00854c 0045a783 lw               x15, 4(x11)         x15=00000015 x11:1c01f070  PA:1c01f074
13200425ns          219347 1c00854e 00279793 slli             x15, x15, 0x2       x15=00000054 x15:00000015
13200445ns          219348 1c008550 01e367a3 p.sw             x30, x0(x6)         x30:dead0215  x6:1c01e070  PA:1c01e0c4
13200763ns          219364 1c008554 0045a783 lw               x15, 4(x11)         x15=00000015 x11:1c01f070  PA:1c01f074
13201081ns          219380 1c008556 00178793 addi             x15, x15, 1         x15=00000016 x15:00000015
13201101ns          219381 1c008558 00f5a223 sw               x15, 4(x11)         x15:00000016 x11:1c01f070  PA:1c01f074
13201420ns          219397 1c00855a 0045a783 lw               x15, 4(x11)         x15=00000016 x11:1c01f070  PA:1c01f074
13201738ns          219413 1c00855c 00a79463 bne              x15, x10, 8         x15:00000016 x10:00000400
13201798ns          219416 1c008564 00462783 lw               x15, 4(x12)         x15=00000015 x12:1c012008  PA:1c01200c
13202116ns          219432 1c008566 00178793 addi             x15, x15, 1         x15=00000016 x15:00000015
13202136ns          219433 1c008568 06a78c63 beq              x15, x10, 120       x15:00000016 x10:00000400
13202156ns          219434 1c00856c 00062803 lw               x16, 0(x12)         x16=00000015 x12:1c012008  PA:1c012008
13202474ns          219450 1c008570 ff078ae3 beq              x15, x16, -12       x15:00000016 x16:00000015
13202494ns          219451 1c008574 00462783 lw               x15, 4(x12)         x15=00000015 x12:1c012008  PA:1c01200c
13202812ns          219467 1c008576 00279793 slli             x15, x15, 0x2       x15=00000054 x15:00000015
13202832ns          219468 1c008578 01e8e7a3 p.sw             x30, x0(x17)        x30:dead0215 x17:1c011008  PA:1c01105c
13203150ns          219484 1c00857c 00462783 lw               x15, 4(x12)         x15=00000015 x12:1c012008  PA:1c01200c
13203468ns          219500 1c00857e 00178793 addi             x15, x15, 1         x15=00000016 x15:00000015
13203488ns          219501 1c008580 00f62223 sw               x15, 4(x12)         x15:00000016 x12:1c012008  PA:1c01200c
13203806ns          219517 1c008582 00462783 lw               x15, 4(x12)         x15=00000016 x12:1c012008  PA:1c01200c
13204125ns          219533 1c008584 00a79463 bne              x15, x10, 8         x15:00000016 x10:00000400
13204184ns          219536 1c00858c 0006a803 lw               x16, 0(x13)         x16=00000015 x13:1c01c058  PA:1c01c058
13204503ns          219552 1c008590 0046a783 lw               x15, 4(x13)         x15=00000016 x13:1c01c058  PA:1c01c05c
13204821ns          219568 1c008592 fef80de3 beq              x16, x15, -6        x16:00000015 x15:00000016
13204841ns          219569 1c008596 0006a783 lw               x15, 0(x13)         x15=00000015 x13:1c01c058  PA:1c01c058
13205159ns          219585 1c008598 00279793 slli             x15, x15, 0x2       x15=00000054 x15:00000015
13205179ns          219586 1c00859a 20fcf783 lw               x15, x15(x25)       x15=dead0315 x15:00000054 x25:1c01b058  PA:1c01b0ac
13205477ns          219601 1c00859e 0006a783 lw               x15, 0(x13)         x15=00000015 x13:1c01c058  PA:1c01c058
13205796ns          219617 1c0085a0 00178793 addi             x15, x15, 1         x15=00000016 x15:00000015
13205815ns          219618 1c0085a2 00f6a023 sw               x15, 0(x13)         x15:00000016 x13:1c01c058  PA:1c01c058
13206134ns          219634 1c0085a4 0006a783 lw               x15, 0(x13)         x15=00000016 x13:1c01c058  PA:1c01c058
13206452ns          219650 1c0085a6 00a79463 bne              x15, x10, 8         x15:00000016 x10:00000400
13206532ns          219654 1c0085ae 00072803 lw               x16, 0(x14)         x16=00000015 x14:1c019040  PA:1c019040
13206830ns          219669 1c0085b2 00472783 lw               x15, 4(x14)         x15=00000016 x14:1c019040  PA:1c019044
13207148ns          219685 1c0085b4 fef80de3 beq              x16, x15, -6        x16:00000015 x15:00000016
13207168ns          219686 1c0085b8 00072783 lw               x15, 0(x14)         x15=00000015 x14:1c019040  PA:1c019040
13207486ns          219702 1c0085ba 00279793 slli             x15, x15, 0x2       x15=00000054 x15:00000015
13207506ns          219703 1c0085bc 20fc7783 lw               x15, x15(x24)       x15=dead0015 x15:00000054 x24:1c018040  PA:1c018094
13207805ns          219718 1c0085c0 00072783 lw               x15, 0(x14)         x15=00000015 x14:1c019040  PA:1c019040
13208123ns          219734 1c0085c2 00178793 addi             x15, x15, 1         x15=00000016 x15:00000015
13208143ns          219735 1c0085c4 00f72023 sw               x15, 0(x14)         x15:00000016 x14:1c019040  PA:1c019040
13208461ns          219751 1c0085c6 00072783 lw               x15, 0(x14)         x15=00000016 x14:1c019040  PA:1c019040
13208779ns          219767 1c0085c8 00a78663 beq              x15, x10, 12        x15:00000016 x10:00000400
13208799ns          219768 1c0085cc fffe0e13 addi             x28, x28, -1        x28=0000000a x28:0000000b
13208819ns          219769 1c0085ce f60e15e3 bne              x28, x0, -150       x28:0000000a
13208879ns          219772 1c008538 004eaf0b p.lw             x30, 4(x29!)        x30=dead0216 x29=10001714 x29:10001710  PA:10001710
13208899ns          219773 1c00853c 0045a783 lw               x15, 4(x11)         x15=00000016 x11:1c01f070  PA:1c01f074
13209217ns          219789 1c00853e 00178793 addi             x15, x15, 1         x15=00000017 x15:00000016
13209237ns          219790 1c008540 0aa78363 beq              x15, x10, 166       x15:00000017 x10:00000400
13209257ns          219791 1c008544 0005a803 lw               x16, 0(x11)         x16=00000016 x11:1c01f070  PA:1c01f070
13209575ns          219807 1c008548 ff078ae3 beq              x15, x16, -12       x15:00000017 x16:00000016
13209595ns          219808 1c00854c 0045a783 lw               x15, 4(x11)         x15=00000016 x11:1c01f070  PA:1c01f074
13209913ns          219824 1c00854e 00279793 slli             x15, x15, 0x2       x15=00000058 x15:00000016
13209933ns          219825 1c008550 01e367a3 p.sw             x30, x0(x6)         x30:dead0216  x6:1c01e070  PA:1c01e0c8
13210251ns          219841 1c008554 0045a783 lw               x15, 4(x11)         x15=00000016 x11:1c01f070  PA:1c01f074
13210569ns          219857 1c008556 00178793 addi             x15, x15, 1         x15=00000017 x15:00000016
13210589ns          219858 1c008558 00f5a223 sw               x15, 4(x11)         x15:00000017 x11:1c01f070  PA:1c01f074
13210927ns          219875 1c00855a 0045a783 lw               x15, 4(x11)         x15=00000017 x11:1c01f070  PA:1c01f074
13211246ns          219891 1c00855c 00a79463 bne              x15, x10, 8         x15:00000017 x10:00000400
13211305ns          219894 1c008564 00462783 lw               x15, 4(x12)         x15=00000016 x12:1c012008  PA:1c01200c
13211624ns          219910 1c008566 00178793 addi             x15, x15, 1         x15=00000017 x15:00000016
13211643ns          219911 1c008568 06a78c63 beq              x15, x10, 120       x15:00000017 x10:00000400
13211663ns          219912 1c00856c 00062803 lw               x16, 0(x12)         x16=00000016 x12:1c012008  PA:1c012008
13211982ns          219928 1c008570 ff078ae3 beq              x15, x16, -12       x15:00000017 x16:00000016
13212001ns          219929 1c008574 00462783 lw               x15, 4(x12)         x15=00000016 x12:1c012008  PA:1c01200c
13212340ns          219946 1c008576 00279793 slli             x15, x15, 0x2       x15=00000058 x15:00000016
13212359ns          219947 1c008578 01e8e7a3 p.sw             x30, x0(x17)        x30:dead0216 x17:1c011008  PA:1c011060
13212678ns          219963 1c00857c 00462783 lw               x15, 4(x12)         x15=00000016 x12:1c012008  PA:1c01200c
13212996ns          219979 1c00857e 00178793 addi             x15, x15, 1         x15=00000017 x15:00000016
13213016ns          219980 1c008580 00f62223 sw               x15, 4(x12)         x15:00000017 x12:1c012008  PA:1c01200c
13213334ns          219996 1c008582 00462783 lw               x15, 4(x12)         x15=00000017 x12:1c012008  PA:1c01200c
13213672ns          220013 1c008584 00a79463 bne              x15, x10, 8         x15:00000017 x10:00000400
13213732ns          220016 1c00858c 0006a803 lw               x16, 0(x13)         x16=00000016 x13:1c01c058  PA:1c01c058
13214030ns          220031 1c008590 0046a783 lw               x15, 4(x13)         x15=00000017 x13:1c01c058  PA:1c01c05c
13214349ns          220047 1c008592 fef80de3 beq              x16, x15, -6        x16:00000016 x15:00000017
13214368ns          220048 1c008596 0006a783 lw               x15, 0(x13)         x15=00000016 x13:1c01c058  PA:1c01c058
13214687ns          220064 1c008598 00279793 slli             x15, x15, 0x2       x15=00000058 x15:00000016
13214707ns          220065 1c00859a 20fcf783 lw               x15, x15(x25)       x15=dead0316 x15:00000058 x25:1c01b058  PA:1c01b0b0
13215025ns          220081 1c00859e 0006a783 lw               x15, 0(x13)         x15=00000016 x13:1c01c058  PA:1c01c058
13215343ns          220097 1c0085a0 00178793 addi             x15, x15, 1         x15=00000017 x15:00000016
13215363ns          220098 1c0085a2 00f6a023 sw               x15, 0(x13)         x15:00000017 x13:1c01c058  PA:1c01c058
13215681ns          220114 1c0085a4 0006a783 lw               x15, 0(x13)         x15=00000017 x13:1c01c058  PA:1c01c058
13216000ns          220130 1c0085a6 00a79463 bne              x15, x10, 8         x15:00000017 x10:00000400
13216079ns          220134 1c0085ae 00072803 lw               x16, 0(x14)         x16=00000016 x14:1c019040  PA:1c019040
13216397ns          220150 1c0085b2 00472783 lw               x15, 4(x14)         x15=00000017 x14:1c019040  PA:1c019044
13216716ns          220166 1c0085b4 fef80de3 beq              x16, x15, -6        x16:00000016 x15:00000017
13216735ns          220167 1c0085b8 00072783 lw               x15, 0(x14)         x15=00000016 x14:1c019040  PA:1c019040
13217054ns          220183 1c0085ba 00279793 slli             x15, x15, 0x2       x15=00000058 x15:00000016
13217074ns          220184 1c0085bc 20fc7783 lw               x15, x15(x24)       x15=dead0016 x15:00000058 x24:1c018040  PA:1c018098
13217372ns          220199 1c0085c0 00072783 lw               x15, 0(x14)         x15=00000016 x14:1c019040  PA:1c019040
13217710ns          220216 1c0085c2 00178793 addi             x15, x15, 1         x15=00000017 x15:00000016
13217730ns          220217 1c0085c4 00f72023 sw               x15, 0(x14)         x15:00000017 x14:1c019040  PA:1c019040
13218048ns          220233 1c0085c6 00072783 lw               x15, 0(x14)         x15=00000017 x14:1c019040  PA:1c019040
13218367ns          220249 1c0085c8 00a78663 beq              x15, x10, 12        x15:00000017 x10:00000400
13218386ns          220250 1c0085cc fffe0e13 addi             x28, x28, -1        x28=00000009 x28:0000000a
13218406ns          220251 1c0085ce f60e15e3 bne              x28, x0, -150       x28:00000009
13218466ns          220254 1c008538 004eaf0b p.lw             x30, 4(x29!)        x30=dead0217 x29=10001718 x29:10001714  PA:10001714
13218486ns          220255 1c00853c 0045a783 lw               x15, 4(x11)         x15=00000017 x11:1c01f070  PA:1c01f074
13218804ns          220271 1c00853e 00178793 addi             x15, x15, 1         x15=00000018 x15:00000017
13218824ns          220272 1c008540 0aa78363 beq              x15, x10, 166       x15:00000018 x10:00000400
13218844ns          220273 1c008544 0005a803 lw               x16, 0(x11)         x16=00000017 x11:1c01f070  PA:1c01f070
13219162ns          220289 1c008548 ff078ae3 beq              x15, x16, -12       x15:00000018 x16:00000017
13219182ns          220290 1c00854c 0045a783 lw               x15, 4(x11)         x15=00000017 x11:1c01f070  PA:1c01f074
13219500ns          220306 1c00854e 00279793 slli             x15, x15, 0x2       x15=0000005c x15:00000017
13219520ns          220307 1c008550 01e367a3 p.sw             x30, x0(x6)         x30:dead0217  x6:1c01e070  PA:1c01e0cc
13219838ns          220323 1c008554 0045a783 lw               x15, 4(x11)         x15=00000017 x11:1c01f070  PA:1c01f074
13220157ns          220339 1c008556 00178793 addi             x15, x15, 1         x15=00000018 x15:00000017
13220177ns          220340 1c008558 00f5a223 sw               x15, 4(x11)         x15:00000018 x11:1c01f070  PA:1c01f074
13220495ns          220356 1c00855a 0045a783 lw               x15, 4(x11)         x15=00000018 x11:1c01f070  PA:1c01f074
13220813ns          220372 1c00855c 00a79463 bne              x15, x10, 8         x15:00000018 x10:00000400
13220873ns          220375 1c008564 00462783 lw               x15, 4(x12)         x15=00000017 x12:1c012008  PA:1c01200c
13221191ns          220391 1c008566 00178793 addi             x15, x15, 1         x15=00000018 x15:00000017
13221211ns          220392 1c008568 06a78c63 beq              x15, x10, 120       x15:00000018 x10:00000400
13221231ns          220393 1c00856c 00062803 lw               x16, 0(x12)         x16=00000017 x12:1c012008  PA:1c012008
13221549ns          220409 1c008570 ff078ae3 beq              x15, x16, -12       x15:00000018 x16:00000017
13221569ns          220410 1c008574 00462783 lw               x15, 4(x12)         x15=00000017 x12:1c012008  PA:1c01200c
13221887ns          220426 1c008576 00279793 slli             x15, x15, 0x2       x15=0000005c x15:00000017
13221907ns          220427 1c008578 01e8e7a3 p.sw             x30, x0(x17)        x30:dead0217 x17:1c011008  PA:1c011064
13222225ns          220443 1c00857c 00462783 lw               x15, 4(x12)         x15=00000017 x12:1c012008  PA:1c01200c
13222544ns          220459 1c00857e 00178793 addi             x15, x15, 1         x15=00000018 x15:00000017
13222563ns          220460 1c008580 00f62223 sw               x15, 4(x12)         x15:00000018 x12:1c012008  PA:1c01200c
13222902ns          220477 1c008582 00462783 lw               x15, 4(x12)         x15=00000018 x12:1c012008  PA:1c01200c
13223220ns          220493 1c008584 00a79463 bne              x15, x10, 8         x15:00000018 x10:00000400
13223280ns          220496 1c00858c 0006a803 lw               x16, 0(x13)         x16=00000017 x13:1c01c058  PA:1c01c058
13223578ns          220511 1c008590 0046a783 lw               x15, 4(x13)         x15=00000018 x13:1c01c058  PA:1c01c05c
13223896ns          220527 1c008592 fef80de3 beq              x16, x15, -6        x16:00000017 x15:00000018
13223916ns          220528 1c008596 0006a783 lw               x15, 0(x13)         x15=00000017 x13:1c01c058  PA:1c01c058
13224254ns          220545 1c008598 00279793 slli             x15, x15, 0x2       x15=0000005c x15:00000017
13224274ns          220546 1c00859a 20fcf783 lw               x15, x15(x25)       x15=dead0317 x15:0000005c x25:1c01b058  PA:1c01b0b4
13224572ns          220561 1c00859e 0006a783 lw               x15, 0(x13)         x15=00000017 x13:1c01c058  PA:1c01c058
13224891ns          220577 1c0085a0 00178793 addi             x15, x15, 1         x15=00000018 x15:00000017
13224911ns          220578 1c0085a2 00f6a023 sw               x15, 0(x13)         x15:00000018 x13:1c01c058  PA:1c01c058
13225229ns          220594 1c0085a4 0006a783 lw               x15, 0(x13)         x15=00000018 x13:1c01c058  PA:1c01c058
13225547ns          220610 1c0085a6 00a79463 bne              x15, x10, 8         x15:00000018 x10:00000400
13225627ns          220614 1c0085ae 00072803 lw               x16, 0(x14)         x16=00000017 x14:1c019040  PA:1c019040
13225925ns          220629 1c0085b2 00472783 lw               x15, 4(x14)         x15=00000018 x14:1c019040  PA:1c019044
13226243ns          220645 1c0085b4 fef80de3 beq              x16, x15, -6        x16:00000017 x15:00000018
13226263ns          220646 1c0085b8 00072783 lw               x15, 0(x14)         x15=00000017 x14:1c019040  PA:1c019040
13226581ns          220662 1c0085ba 00279793 slli             x15, x15, 0x2       x15=0000005c x15:00000017
13226601ns          220663 1c0085bc 20fc7783 lw               x15, x15(x24)       x15=dead0017 x15:0000005c x24:1c018040  PA:1c01809c
13226920ns          220679 1c0085c0 00072783 lw               x15, 0(x14)         x15=00000017 x14:1c019040  PA:1c019040
13227238ns          220695 1c0085c2 00178793 addi             x15, x15, 1         x15=00000018 x15:00000017
13227258ns          220696 1c0085c4 00f72023 sw               x15, 0(x14)         x15:00000018 x14:1c019040  PA:1c019040
13227576ns          220712 1c0085c6 00072783 lw               x15, 0(x14)         x15=00000018 x14:1c019040  PA:1c019040
13227894ns          220728 1c0085c8 00a78663 beq              x15, x10, 12        x15:00000018 x10:00000400
13227914ns          220729 1c0085cc fffe0e13 addi             x28, x28, -1        x28=00000008 x28:00000009
13227934ns          220730 1c0085ce f60e15e3 bne              x28, x0, -150       x28:00000008
13227994ns          220733 1c008538 004eaf0b p.lw             x30, 4(x29!)        x30=dead0218 x29=1000171c x29:10001718  PA:10001718
13228014ns          220734 1c00853c 0045a783 lw               x15, 4(x11)         x15=00000018 x11:1c01f070  PA:1c01f074
13228352ns          220751 1c00853e 00178793 addi             x15, x15, 1         x15=00000019 x15:00000018
13228372ns          220752 1c008540 0aa78363 beq              x15, x10, 166       x15:00000019 x10:00000400
13228391ns          220753 1c008544 0005a803 lw               x16, 0(x11)         x16=00000018 x11:1c01f070  PA:1c01f070
13228710ns          220769 1c008548 ff078ae3 beq              x15, x16, -12       x15:00000019 x16:00000018
13228730ns          220770 1c00854c 0045a783 lw               x15, 4(x11)         x15=00000018 x11:1c01f070  PA:1c01f074
13229048ns          220786 1c00854e 00279793 slli             x15, x15, 0x2       x15=00000060 x15:00000018
13229068ns          220787 1c008550 01e367a3 p.sw             x30, x0(x6)         x30:dead0218  x6:1c01e070  PA:1c01e0d0
13229386ns          220803 1c008554 0045a783 lw               x15, 4(x11)         x15=00000018 x11:1c01f070  PA:1c01f074
13229704ns          220819 1c008556 00178793 addi             x15, x15, 1         x15=00000019 x15:00000018
13229724ns          220820 1c008558 00f5a223 sw               x15, 4(x11)         x15:00000019 x11:1c01f070  PA:1c01f074
13230042ns          220836 1c00855a 0045a783 lw               x15, 4(x11)         x15=00000019 x11:1c01f070  PA:1c01f074
13230361ns          220852 1c00855c 00a79463 bne              x15, x10, 8         x15:00000019 x10:00000400
13230420ns          220855 1c008564 00462783 lw               x15, 4(x12)         x15=00000018 x12:1c012008  PA:1c01200c
13230739ns          220871 1c008566 00178793 addi             x15, x15, 1         x15=00000019 x15:00000018
13230758ns          220872 1c008568 06a78c63 beq              x15, x10, 120       x15:00000019 x10:00000400
13230778ns          220873 1c00856c 00062803 lw               x16, 0(x12)         x16=00000018 x12:1c012008  PA:1c012008
13231097ns          220889 1c008570 ff078ae3 beq              x15, x16, -12       x15:00000019 x16:00000018
13231116ns          220890 1c008574 00462783 lw               x15, 4(x12)         x15=00000018 x12:1c012008  PA:1c01200c
13231435ns          220906 1c008576 00279793 slli             x15, x15, 0x2       x15=00000060 x15:00000018
13231455ns          220907 1c008578 01e8e7a3 p.sw             x30, x0(x17)        x30:dead0218 x17:1c011008  PA:1c011068
13231773ns          220923 1c00857c 00462783 lw               x15, 4(x12)         x15=00000018 x12:1c012008  PA:1c01200c
13232091ns          220939 1c00857e 00178793 addi             x15, x15, 1         x15=00000019 x15:00000018
13232111ns          220940 1c008580 00f62223 sw               x15, 4(x12)         x15:00000019 x12:1c012008  PA:1c01200c
13232429ns          220956 1c008582 00462783 lw               x15, 4(x12)         x15=00000019 x12:1c012008  PA:1c01200c
13232748ns          220972 1c008584 00a79463 bne              x15, x10, 8         x15:00000019 x10:00000400
13232807ns          220975 1c00858c 0006a803 lw               x16, 0(x13)         x16=00000018 x13:1c01c058  PA:1c01c058
13233125ns          220991 1c008590 0046a783 lw               x15, 4(x13)         x15=00000019 x13:1c01c058  PA:1c01c05c
13233444ns          221007 1c008592 fef80de3 beq              x16, x15, -6        x16:00000018 x15:00000019
13233464ns          221008 1c008596 0006a783 lw               x15, 0(x13)         x15=00000018 x13:1c01c058  PA:1c01c058
13233782ns          221024 1c008598 00279793 slli             x15, x15, 0x2       x15=00000060 x15:00000018
13233802ns          221025 1c00859a 20fcf783 lw               x15, x15(x25)       x15=dead0318 x15:00000060 x25:1c01b058  PA:1c01b0b8
13234100ns          221040 1c00859e 0006a783 lw               x15, 0(x13)         x15=00000018 x13:1c01c058  PA:1c01c058
13234418ns          221056 1c0085a0 00178793 addi             x15, x15, 1         x15=00000019 x15:00000018
13234438ns          221057 1c0085a2 00f6a023 sw               x15, 0(x13)         x15:00000019 x13:1c01c058  PA:1c01c058
13234756ns          221073 1c0085a4 0006a783 lw               x15, 0(x13)         x15=00000019 x13:1c01c058  PA:1c01c058
13235075ns          221089 1c0085a6 00a79463 bne              x15, x10, 8         x15:00000019 x10:00000400
13235154ns          221093 1c0085ae 00072803 lw               x16, 0(x14)         x16=00000018 x14:1c019040  PA:1c019040
13235453ns          221108 1c0085b2 00472783 lw               x15, 4(x14)         x15=00000019 x14:1c019040  PA:1c019044
13235771ns          221124 1c0085b4 fef80de3 beq              x16, x15, -6        x16:00000018 x15:00000019
13235791ns          221125 1c0085b8 00072783 lw               x15, 0(x14)         x15=00000018 x14:1c019040  PA:1c019040
13236109ns          221141 1c0085ba 00279793 slli             x15, x15, 0x2       x15=00000060 x15:00000018
13236129ns          221142 1c0085bc 20fc7783 lw               x15, x15(x24)       x15=dead0018 x15:00000060 x24:1c018040  PA:1c0180a0
13236427ns          221157 1c0085c0 00072783 lw               x15, 0(x14)         x15=00000018 x14:1c019040  PA:1c019040
13236746ns          221173 1c0085c2 00178793 addi             x15, x15, 1         x15=00000019 x15:00000018
13236765ns          221174 1c0085c4 00f72023 sw               x15, 0(x14)         x15:00000019 x14:1c019040  PA:1c019040
13237084ns          221190 1c0085c6 00072783 lw               x15, 0(x14)         x15=00000019 x14:1c019040  PA:1c019040
13237402ns          221206 1c0085c8 00a78663 beq              x15, x10, 12        x15:00000019 x10:00000400
13237422ns          221207 1c0085cc fffe0e13 addi             x28, x28, -1        x28=00000007 x28:00000008
13237442ns          221208 1c0085ce f60e15e3 bne              x28, x0, -150       x28:00000007
13237501ns          221211 1c008538 004eaf0b p.lw             x30, 4(x29!)        x30=dead0219 x29=10001720 x29:1000171c  PA:1000171c
13237521ns          221212 1c00853c 0045a783 lw               x15, 4(x11)         x15=00000019 x11:1c01f070  PA:1c01f074
13237840ns          221228 1c00853e 00178793 addi             x15, x15, 1         x15=0000001a x15:00000019
13237859ns          221229 1c008540 0aa78363 beq              x15, x10, 166       x15:0000001a x10:00000400
13237879ns          221230 1c008544 0005a803 lw               x16, 0(x11)         x16=00000019 x11:1c01f070  PA:1c01f070
13238198ns          221246 1c008548 ff078ae3 beq              x15, x16, -12       x15:0000001a x16:00000019
13238217ns          221247 1c00854c 0045a783 lw               x15, 4(x11)         x15=00000019 x11:1c01f070  PA:1c01f074
13238536ns          221263 1c00854e 00279793 slli             x15, x15, 0x2       x15=00000064 x15:00000019
13238556ns          221264 1c008550 01e367a3 p.sw             x30, x0(x6)         x30:dead0219  x6:1c01e070  PA:1c01e0d4
13238894ns          221281 1c008554 0045a783 lw               x15, 4(x11)         x15=00000019 x11:1c01f070  PA:1c01f074
13239212ns          221297 1c008556 00178793 addi             x15, x15, 1         x15=0000001a x15:00000019
13239232ns          221298 1c008558 00f5a223 sw               x15, 4(x11)         x15:0000001a x11:1c01f070  PA:1c01f074
13239550ns          221314 1c00855a 0045a783 lw               x15, 4(x11)         x15=0000001a x11:1c01f070  PA:1c01f074
13239868ns          221330 1c00855c 00a79463 bne              x15, x10, 8         x15:0000001a x10:00000400
13239928ns          221333 1c008564 00462783 lw               x15, 4(x12)         x15=00000019 x12:1c012008  PA:1c01200c
13240266ns          221350 1c008566 00178793 addi             x15, x15, 1         x15=0000001a x15:00000019
13240286ns          221351 1c008568 06a78c63 beq              x15, x10, 120       x15:0000001a x10:00000400
13240306ns          221352 1c00856c 00062803 lw               x16, 0(x12)         x16=00000019 x12:1c012008  PA:1c012008
13240624ns          221368 1c008570 ff078ae3 beq              x15, x16, -12       x15:0000001a x16:00000019
13240644ns          221369 1c008574 00462783 lw               x15, 4(x12)         x15=00000019 x12:1c012008  PA:1c01200c
13240962ns          221385 1c008576 00279793 slli             x15, x15, 0x2       x15=00000064 x15:00000019
13240982ns          221386 1c008578 01e8e7a3 p.sw             x30, x0(x17)        x30:dead0219 x17:1c011008  PA:1c01106c
13241301ns          221402 1c00857c 00462783 lw               x15, 4(x12)         x15=00000019 x12:1c012008  PA:1c01200c
13241639ns          221419 1c00857e 00178793 addi             x15, x15, 1         x15=0000001a x15:00000019
13241659ns          221420 1c008580 00f62223 sw               x15, 4(x12)         x15:0000001a x12:1c012008  PA:1c01200c
13241977ns          221436 1c008582 00462783 lw               x15, 4(x12)         x15=0000001a x12:1c012008  PA:1c01200c
13242295ns          221452 1c008584 00a79463 bne              x15, x10, 8         x15:0000001a x10:00000400
13242355ns          221455 1c00858c 0006a803 lw               x16, 0(x13)         x16=00000019 x13:1c01c058  PA:1c01c058
13242653ns          221470 1c008590 0046a783 lw               x15, 4(x13)         x15=0000001a x13:1c01c058  PA:1c01c05c
13242991ns          221487 1c008592 fef80de3 beq              x16, x15, -6        x16:00000019 x15:0000001a
13243011ns          221488 1c008596 0006a783 lw               x15, 0(x13)         x15=00000019 x13:1c01c058  PA:1c01c058
13243329ns          221504 1c008598 00279793 slli             x15, x15, 0x2       x15=00000064 x15:00000019
13243349ns          221505 1c00859a 20fcf783 lw               x15, x15(x25)       x15=dead0319 x15:00000064 x25:1c01b058  PA:1c01b0bc
13243648ns          221520 1c00859e 0006a783 lw               x15, 0(x13)         x15=00000019 x13:1c01c058  PA:1c01c058
13243966ns          221536 1c0085a0 00178793 addi             x15, x15, 1         x15=0000001a x15:00000019
13243986ns          221537 1c0085a2 00f6a023 sw               x15, 0(x13)         x15:0000001a x13:1c01c058  PA:1c01c058
13244324ns          221554 1c0085a4 0006a783 lw               x15, 0(x13)         x15=0000001a x13:1c01c058  PA:1c01c058
13244642ns          221570 1c0085a6 00a79463 bne              x15, x10, 8         x15:0000001a x10:00000400
13244722ns          221574 1c0085ae 00072803 lw               x16, 0(x14)         x16=00000019 x14:1c019040  PA:1c019040
13245020ns          221589 1c0085b2 00472783 lw               x15, 4(x14)         x15=0000001a x14:1c019040  PA:1c019044
13245338ns          221605 1c0085b4 fef80de3 beq              x16, x15, -6        x16:00000019 x15:0000001a
13245358ns          221606 1c0085b8 00072783 lw               x15, 0(x14)         x15=00000019 x14:1c019040  PA:1c019040
13245677ns          221622 1c0085ba 00279793 slli             x15, x15, 0x2       x15=00000064 x15:00000019
13245696ns          221623 1c0085bc 20fc7783 lw               x15, x15(x24)       x15=dead0019 x15:00000064 x24:1c018040  PA:1c0180a4
13245995ns          221638 1c0085c0 00072783 lw               x15, 0(x14)         x15=00000019 x14:1c019040  PA:1c019040
13246313ns          221654 1c0085c2 00178793 addi             x15, x15, 1         x15=0000001a x15:00000019
13246333ns          221655 1c0085c4 00f72023 sw               x15, 0(x14)         x15:0000001a x14:1c019040  PA:1c019040
13246651ns          221671 1c0085c6 00072783 lw               x15, 0(x14)         x15=0000001a x14:1c019040  PA:1c019040
13246989ns          221688 1c0085c8 00a78663 beq              x15, x10, 12        x15:0000001a x10:00000400
13247009ns          221689 1c0085cc fffe0e13 addi             x28, x28, -1        x28=00000006 x28:00000007
13247029ns          221690 1c0085ce f60e15e3 bne              x28, x0, -150       x28:00000006
13247089ns          221693 1c008538 004eaf0b p.lw             x30, 4(x29!)        x30=dead021a x29=10001724 x29:10001720  PA:10001720
13247109ns          221694 1c00853c 0045a783 lw               x15, 4(x11)         x15=0000001a x11:1c01f070  PA:1c01f074
13247427ns          221710 1c00853e 00178793 addi             x15, x15, 1         x15=0000001b x15:0000001a
13247447ns          221711 1c008540 0aa78363 beq              x15, x10, 166       x15:0000001b x10:00000400
13247467ns          221712 1c008544 0005a803 lw               x16, 0(x11)         x16=0000001a x11:1c01f070  PA:1c01f070
13247785ns          221728 1c008548 ff078ae3 beq              x15, x16, -12       x15:0000001b x16:0000001a
13247805ns          221729 1c00854c 0045a783 lw               x15, 4(x11)         x15=0000001a x11:1c01f070  PA:1c01f074
13248123ns          221745 1c00854e 00279793 slli             x15, x15, 0x2       x15=00000068 x15:0000001a
13248143ns          221746 1c008550 01e367a3 p.sw             x30, x0(x6)         x30:dead021a  x6:1c01e070  PA:1c01e0d8
13248461ns          221762 1c008554 0045a783 lw               x15, 4(x11)         x15=0000001a x11:1c01f070  PA:1c01f074
13248779ns          221778 1c008556 00178793 addi             x15, x15, 1         x15=0000001b x15:0000001a
13248799ns          221779 1c008558 00f5a223 sw               x15, 4(x11)         x15:0000001b x11:1c01f070  PA:1c01f074
13249118ns          221795 1c00855a 0045a783 lw               x15, 4(x11)         x15=0000001b x11:1c01f070  PA:1c01f074
13249436ns          221811 1c00855c 00a79463 bne              x15, x10, 8         x15:0000001b x10:00000400
13249496ns          221814 1c008564 00462783 lw               x15, 4(x12)         x15=0000001a x12:1c012008  PA:1c01200c
13249814ns          221830 1c008566 00178793 addi             x15, x15, 1         x15=0000001b x15:0000001a
13249834ns          221831 1c008568 06a78c63 beq              x15, x10, 120       x15:0000001b x10:00000400
13249854ns          221832 1c00856c 00062803 lw               x16, 0(x12)         x16=0000001a x12:1c012008  PA:1c012008
13250172ns          221848 1c008570 ff078ae3 beq              x15, x16, -12       x15:0000001b x16:0000001a
13250192ns          221849 1c008574 00462783 lw               x15, 4(x12)         x15=0000001a x12:1c012008  PA:1c01200c
13250510ns          221865 1c008576 00279793 slli             x15, x15, 0x2       x15=00000068 x15:0000001a
13250530ns          221866 1c008578 01e8e7a3 p.sw             x30, x0(x17)        x30:dead021a x17:1c011008  PA:1c011070
13250868ns          221883 1c00857c 00462783 lw               x15, 4(x12)         x15=0000001a x12:1c012008  PA:1c01200c
13251186ns          221899 1c00857e 00178793 addi             x15, x15, 1         x15=0000001b x15:0000001a
13251206ns          221900 1c008580 00f62223 sw               x15, 4(x12)         x15:0000001b x12:1c012008  PA:1c01200c
13251524ns          221916 1c008582 00462783 lw               x15, 4(x12)         x15=0000001b x12:1c012008  PA:1c01200c
13251843ns          221932 1c008584 00a79463 bne              x15, x10, 8         x15:0000001b x10:00000400
13251902ns          221935 1c00858c 0006a803 lw               x16, 0(x13)         x16=0000001a x13:1c01c058  PA:1c01c058
13252221ns          221951 1c008590 0046a783 lw               x15, 4(x13)         x15=0000001b x13:1c01c058  PA:1c01c05c
13252539ns          221967 1c008592 fef80de3 beq              x16, x15, -6        x16:0000001a x15:0000001b
13252559ns          221968 1c008596 0006a783 lw               x15, 0(x13)         x15=0000001a x13:1c01c058  PA:1c01c058
13252877ns          221984 1c008598 00279793 slli             x15, x15, 0x2       x15=00000068 x15:0000001a
13252897ns          221985 1c00859a 20fcf783 lw               x15, x15(x25)       x15=dead031a x15:00000068 x25:1c01b058  PA:1c01b0c0
13253195ns          222000 1c00859e 0006a783 lw               x15, 0(x13)         x15=0000001a x13:1c01c058  PA:1c01c058
13253513ns          222016 1c0085a0 00178793 addi             x15, x15, 1         x15=0000001b x15:0000001a
13253533ns          222017 1c0085a2 00f6a023 sw               x15, 0(x13)         x15:0000001b x13:1c01c058  PA:1c01c058
13253852ns          222033 1c0085a4 0006a783 lw               x15, 0(x13)         x15=0000001b x13:1c01c058  PA:1c01c058
13254170ns          222049 1c0085a6 00a79463 bne              x15, x10, 8         x15:0000001b x10:00000400
13254249ns          222053 1c0085ae 00072803 lw               x16, 0(x14)         x16=0000001a x14:1c019040  PA:1c019040
13254548ns          222068 1c0085b2 00472783 lw               x15, 4(x14)         x15=0000001b x14:1c019040  PA:1c019044
13254886ns          222085 1c0085b4 fef80de3 beq              x16, x15, -6        x16:0000001a x15:0000001b
13254906ns          222086 1c0085b8 00072783 lw               x15, 0(x14)         x15=0000001a x14:1c019040  PA:1c019040
13255224ns          222102 1c0085ba 00279793 slli             x15, x15, 0x2       x15=00000068 x15:0000001a
13255244ns          222103 1c0085bc 20fc7783 lw               x15, x15(x24)       x15=dead001a x15:00000068 x24:1c018040  PA:1c0180a8
13255542ns          222118 1c0085c0 00072783 lw               x15, 0(x14)         x15=0000001a x14:1c019040  PA:1c019040
13255861ns          222134 1c0085c2 00178793 addi             x15, x15, 1         x15=0000001b x15:0000001a
13255880ns          222135 1c0085c4 00f72023 sw               x15, 0(x14)         x15:0000001b x14:1c019040  PA:1c019040
13256219ns          222152 1c0085c6 00072783 lw               x15, 0(x14)         x15=0000001b x14:1c019040  PA:1c019040
13256537ns          222168 1c0085c8 00a78663 beq              x15, x10, 12        x15:0000001b x10:00000400
13256557ns          222169 1c0085cc fffe0e13 addi             x28, x28, -1        x28=00000005 x28:00000006
13256577ns          222170 1c0085ce f60e15e3 bne              x28, x0, -150       x28:00000005
13256636ns          222173 1c008538 004eaf0b p.lw             x30, 4(x29!)        x30=dead021b x29=10001728 x29:10001724  PA:10001724
13256656ns          222174 1c00853c 0045a783 lw               x15, 4(x11)         x15=0000001b x11:1c01f070  PA:1c01f074
13256974ns          222190 1c00853e 00178793 addi             x15, x15, 1         x15=0000001c x15:0000001b
13256994ns          222191 1c008540 0aa78363 beq              x15, x10, 166       x15:0000001c x10:00000400
13257014ns          222192 1c008544 0005a803 lw               x16, 0(x11)         x16=0000001b x11:1c01f070  PA:1c01f070
13257332ns          222208 1c008548 ff078ae3 beq              x15, x16, -12       x15:0000001c x16:0000001b
13257352ns          222209 1c00854c 0045a783 lw               x15, 4(x11)         x15=0000001b x11:1c01f070  PA:1c01f074
13257671ns          222225 1c00854e 00279793 slli             x15, x15, 0x2       x15=0000006c x15:0000001b
13257691ns          222226 1c008550 01e367a3 p.sw             x30, x0(x6)         x30:dead021b  x6:1c01e070  PA:1c01e0dc
13258009ns          222242 1c008554 0045a783 lw               x15, 4(x11)         x15=0000001b x11:1c01f070  PA:1c01f074
13258327ns          222258 1c008556 00178793 addi             x15, x15, 1         x15=0000001c x15:0000001b
13258347ns          222259 1c008558 00f5a223 sw               x15, 4(x11)         x15:0000001c x11:1c01f070  PA:1c01f074
13258665ns          222275 1c00855a 0045a783 lw               x15, 4(x11)         x15=0000001c x11:1c01f070  PA:1c01f074
13259003ns          222292 1c00855c 00a79463 bne              x15, x10, 8         x15:0000001c x10:00000400
13259063ns          222295 1c008564 00462783 lw               x15, 4(x12)         x15=0000001b x12:1c012008  PA:1c01200c
13259381ns          222311 1c008566 00178793 addi             x15, x15, 1         x15=0000001c x15:0000001b
13259401ns          222312 1c008568 06a78c63 beq              x15, x10, 120       x15:0000001c x10:00000400
13259421ns          222313 1c00856c 00062803 lw               x16, 0(x12)         x16=0000001b x12:1c012008  PA:1c012008
13259739ns          222329 1c008570 ff078ae3 beq              x15, x16, -12       x15:0000001c x16:0000001b
13259759ns          222330 1c008574 00462783 lw               x15, 4(x12)         x15=0000001b x12:1c012008  PA:1c01200c
13260077ns          222346 1c008576 00279793 slli             x15, x15, 0x2       x15=0000006c x15:0000001b
13260097ns          222347 1c008578 01e8e7a3 p.sw             x30, x0(x17)        x30:dead021b x17:1c011008  PA:1c011074
13260416ns          222363 1c00857c 00462783 lw               x15, 4(x12)         x15=0000001b x12:1c012008  PA:1c01200c
13260734ns          222379 1c00857e 00178793 addi             x15, x15, 1         x15=0000001c x15:0000001b
13260754ns          222380 1c008580 00f62223 sw               x15, 4(x12)         x15:0000001c x12:1c012008  PA:1c01200c
13261072ns          222396 1c008582 00462783 lw               x15, 4(x12)         x15=0000001c x12:1c012008  PA:1c01200c
13261390ns          222412 1c008584 00a79463 bne              x15, x10, 8         x15:0000001c x10:00000400
13261450ns          222415 1c00858c 0006a803 lw               x16, 0(x13)         x16=0000001b x13:1c01c058  PA:1c01c058
13261748ns          222430 1c008590 0046a783 lw               x15, 4(x13)         x15=0000001c x13:1c01c058  PA:1c01c05c
13262066ns          222446 1c008592 fef80de3 beq              x16, x15, -6        x16:0000001b x15:0000001c
13262086ns          222447 1c008596 0006a783 lw               x15, 0(x13)         x15=0000001b x13:1c01c058  PA:1c01c058
13262405ns          222463 1c008598 00279793 slli             x15, x15, 0x2       x15=0000006c x15:0000001b
13262425ns          222464 1c00859a 20fcf783 lw               x15, x15(x25)       x15=dead031b x15:0000006c x25:1c01b058  PA:1c01b0c4
13262723ns          222479 1c00859e 0006a783 lw               x15, 0(x13)         x15=0000001b x13:1c01c058  PA:1c01c058
13263041ns          222495 1c0085a0 00178793 addi             x15, x15, 1         x15=0000001c x15:0000001b
13263061ns          222496 1c0085a2 00f6a023 sw               x15, 0(x13)         x15:0000001c x13:1c01c058  PA:1c01c058
13263379ns          222512 1c0085a4 0006a783 lw               x15, 0(x13)         x15=0000001c x13:1c01c058  PA:1c01c058
13263698ns          222528 1c0085a6 00a79463 bne              x15, x10, 8         x15:0000001c x10:00000400
13263777ns          222532 1c0085ae 00072803 lw               x16, 0(x14)         x16=0000001b x14:1c019040  PA:1c019040
13264075ns          222547 1c0085b2 00472783 lw               x15, 4(x14)         x15=0000001c x14:1c019040  PA:1c019044
13264394ns          222563 1c0085b4 fef80de3 beq              x16, x15, -6        x16:0000001b x15:0000001c
13264414ns          222564 1c0085b8 00072783 lw               x15, 0(x14)         x15=0000001b x14:1c019040  PA:1c019040
13264732ns          222580 1c0085ba 00279793 slli             x15, x15, 0x2       x15=0000006c x15:0000001b
13264752ns          222581 1c0085bc 20fc7783 lw               x15, x15(x24)       x15=dead001b x15:0000006c x24:1c018040  PA:1c0180ac
13265050ns          222596 1c0085c0 00072783 lw               x15, 0(x14)         x15=0000001b x14:1c019040  PA:1c019040
13265368ns          222612 1c0085c2 00178793 addi             x15, x15, 1         x15=0000001c x15:0000001b
13265388ns          222613 1c0085c4 00f72023 sw               x15, 0(x14)         x15:0000001c x14:1c019040  PA:1c019040
13265706ns          222629 1c0085c6 00072783 lw               x15, 0(x14)         x15=0000001c x14:1c019040  PA:1c019040
13266025ns          222645 1c0085c8 00a78663 beq              x15, x10, 12        x15:0000001c x10:00000400
13266045ns          222646 1c0085cc fffe0e13 addi             x28, x28, -1        x28=00000004 x28:00000005
13266065ns          222647 1c0085ce f60e15e3 bne              x28, x0, -150       x28:00000004
13266124ns          222650 1c008538 004eaf0b p.lw             x30, 4(x29!)        x30=dead021c x29=1000172c x29:10001728  PA:10001728
13266144ns          222651 1c00853c 0045a783 lw               x15, 4(x11)         x15=0000001c x11:1c01f070  PA:1c01f074
13266462ns          222667 1c00853e 00178793 addi             x15, x15, 1         x15=0000001d x15:0000001c
13266482ns          222668 1c008540 0aa78363 beq              x15, x10, 166       x15:0000001d x10:00000400
13266502ns          222669 1c008544 0005a803 lw               x16, 0(x11)         x16=0000001c x11:1c01f070  PA:1c01f070
13266820ns          222685 1c008548 ff078ae3 beq              x15, x16, -12       x15:0000001d x16:0000001c
13266840ns          222686 1c00854c 0045a783 lw               x15, 4(x11)         x15=0000001c x11:1c01f070  PA:1c01f074
13267159ns          222702 1c00854e 00279793 slli             x15, x15, 0x2       x15=00000070 x15:0000001c
13267178ns          222703 1c008550 01e367a3 p.sw             x30, x0(x6)         x30:dead021c  x6:1c01e070  PA:1c01e0e0
13267497ns          222719 1c008554 0045a783 lw               x15, 4(x11)         x15=0000001c x11:1c01f070  PA:1c01f074
13267815ns          222735 1c008556 00178793 addi             x15, x15, 1         x15=0000001d x15:0000001c
13267835ns          222736 1c008558 00f5a223 sw               x15, 4(x11)         x15:0000001d x11:1c01f070  PA:1c01f074
13268173ns          222753 1c00855a 0045a783 lw               x15, 4(x11)         x15=0000001d x11:1c01f070  PA:1c01f074
13268491ns          222769 1c00855c 00a79463 bne              x15, x10, 8         x15:0000001d x10:00000400
13268551ns          222772 1c008564 00462783 lw               x15, 4(x12)         x15=0000001c x12:1c012008  PA:1c01200c
13268869ns          222788 1c008566 00178793 addi             x15, x15, 1         x15=0000001d x15:0000001c
13268889ns          222789 1c008568 06a78c63 beq              x15, x10, 120       x15:0000001d x10:00000400
13268909ns          222790 1c00856c 00062803 lw               x16, 0(x12)         x16=0000001c x12:1c012008  PA:1c012008
13269227ns          222806 1c008570 ff078ae3 beq              x15, x16, -12       x15:0000001d x16:0000001c
13269247ns          222807 1c008574 00462783 lw               x15, 4(x12)         x15=0000001c x12:1c012008  PA:1c01200c
13269585ns          222824 1c008576 00279793 slli             x15, x15, 0x2       x15=00000070 x15:0000001c
13269605ns          222825 1c008578 01e8e7a3 p.sw             x30, x0(x17)        x30:dead021c x17:1c011008  PA:1c011078
13269923ns          222841 1c00857c 00462783 lw               x15, 4(x12)         x15=0000001c x12:1c012008  PA:1c01200c
13270242ns          222857 1c00857e 00178793 addi             x15, x15, 1         x15=0000001d x15:0000001c
13270261ns          222858 1c008580 00f62223 sw               x15, 4(x12)         x15:0000001d x12:1c012008  PA:1c01200c
13270580ns          222874 1c008582 00462783 lw               x15, 4(x12)         x15=0000001d x12:1c012008  PA:1c01200c
13270918ns          222891 1c008584 00a79463 bne              x15, x10, 8         x15:0000001d x10:00000400
13270978ns          222894 1c00858c 0006a803 lw               x16, 0(x13)         x16=0000001c x13:1c01c058  PA:1c01c058
13271276ns          222909 1c008590 0046a783 lw               x15, 4(x13)         x15=0000001d x13:1c01c058  PA:1c01c05c
13271594ns          222925 1c008592 fef80de3 beq              x16, x15, -6        x16:0000001c x15:0000001d
13271614ns          222926 1c008596 0006a783 lw               x15, 0(x13)         x15=0000001c x13:1c01c058  PA:1c01c058
13271932ns          222942 1c008598 00279793 slli             x15, x15, 0x2       x15=00000070 x15:0000001c
13271952ns          222943 1c00859a 20fcf783 lw               x15, x15(x25)       x15=dead031c x15:00000070 x25:1c01b058  PA:1c01b0c8
13272270ns          222959 1c00859e 0006a783 lw               x15, 0(x13)         x15=0000001c x13:1c01c058  PA:1c01c058
13272589ns          222975 1c0085a0 00178793 addi             x15, x15, 1         x15=0000001d x15:0000001c
13272609ns          222976 1c0085a2 00f6a023 sw               x15, 0(x13)         x15:0000001d x13:1c01c058  PA:1c01c058
13272927ns          222992 1c0085a4 0006a783 lw               x15, 0(x13)         x15=0000001d x13:1c01c058  PA:1c01c058
13273245ns          223008 1c0085a6 00a79463 bne              x15, x10, 8         x15:0000001d x10:00000400
13273325ns          223012 1c0085ae 00072803 lw               x16, 0(x14)         x16=0000001c x14:1c019040  PA:1c019040
13273643ns          223028 1c0085b2 00472783 lw               x15, 4(x14)         x15=0000001d x14:1c019040  PA:1c019044
13273961ns          223044 1c0085b4 fef80de3 beq              x16, x15, -6        x16:0000001c x15:0000001d
13273981ns          223045 1c0085b8 00072783 lw               x15, 0(x14)         x15=0000001c x14:1c019040  PA:1c019040
13274299ns          223061 1c0085ba 00279793 slli             x15, x15, 0x2       x15=00000070 x15:0000001c
13274319ns          223062 1c0085bc 20fc7783 lw               x15, x15(x24)       x15=dead001c x15:00000070 x24:1c018040  PA:1c0180b0
13274618ns          223077 1c0085c0 00072783 lw               x15, 0(x14)         x15=0000001c x14:1c019040  PA:1c019040
13274956ns          223094 1c0085c2 00178793 addi             x15, x15, 1         x15=0000001d x15:0000001c
13274976ns          223095 1c0085c4 00f72023 sw               x15, 0(x14)         x15:0000001d x14:1c019040  PA:1c019040
13275294ns          223111 1c0085c6 00072783 lw               x15, 0(x14)         x15=0000001d x14:1c019040  PA:1c019040
13275612ns          223127 1c0085c8 00a78663 beq              x15, x10, 12        x15:0000001d x10:00000400
13275632ns          223128 1c0085cc fffe0e13 addi             x28, x28, -1        x28=00000003 x28:00000004
13275652ns          223129 1c0085ce f60e15e3 bne              x28, x0, -150       x28:00000003
13275712ns          223132 1c008538 004eaf0b p.lw             x30, 4(x29!)        x30=dead021d x29=10001730 x29:1000172c  PA:1000172c
13275731ns          223133 1c00853c 0045a783 lw               x15, 4(x11)         x15=0000001d x11:1c01f070  PA:1c01f074
13276050ns          223149 1c00853e 00178793 addi             x15, x15, 1         x15=0000001e x15:0000001d
13276070ns          223150 1c008540 0aa78363 beq              x15, x10, 166       x15:0000001e x10:00000400
13276089ns          223151 1c008544 0005a803 lw               x16, 0(x11)         x16=0000001d x11:1c01f070  PA:1c01f070
13276408ns          223167 1c008548 ff078ae3 beq              x15, x16, -12       x15:0000001e x16:0000001d
13276428ns          223168 1c00854c 0045a783 lw               x15, 4(x11)         x15=0000001d x11:1c01f070  PA:1c01f074
13276746ns          223184 1c00854e 00279793 slli             x15, x15, 0x2       x15=00000074 x15:0000001d
13276766ns          223185 1c008550 01e367a3 p.sw             x30, x0(x6)         x30:dead021d  x6:1c01e070  PA:1c01e0e4
13277084ns          223201 1c008554 0045a783 lw               x15, 4(x11)         x15=0000001d x11:1c01f070  PA:1c01f074
13277402ns          223217 1c008556 00178793 addi             x15, x15, 1         x15=0000001e x15:0000001d
13277422ns          223218 1c008558 00f5a223 sw               x15, 4(x11)         x15:0000001e x11:1c01f070  PA:1c01f074
13277740ns          223234 1c00855a 0045a783 lw               x15, 4(x11)         x15=0000001e x11:1c01f070  PA:1c01f074
13278059ns          223250 1c00855c 00a79463 bne              x15, x10, 8         x15:0000001e x10:00000400
13278118ns          223253 1c008564 00462783 lw               x15, 4(x12)         x15=0000001d x12:1c012008  PA:1c01200c
13278437ns          223269 1c008566 00178793 addi             x15, x15, 1         x15=0000001e x15:0000001d
13278456ns          223270 1c008568 06a78c63 beq              x15, x10, 120       x15:0000001e x10:00000400
13278476ns          223271 1c00856c 00062803 lw               x16, 0(x12)         x16=0000001d x12:1c012008  PA:1c012008
13278795ns          223287 1c008570 ff078ae3 beq              x15, x16, -12       x15:0000001e x16:0000001d
13278815ns          223288 1c008574 00462783 lw               x15, 4(x12)         x15=0000001d x12:1c012008  PA:1c01200c
13279133ns          223304 1c008576 00279793 slli             x15, x15, 0x2       x15=00000074 x15:0000001d
13279153ns          223305 1c008578 01e8e7a3 p.sw             x30, x0(x17)        x30:dead021d x17:1c011008  PA:1c01107c
13279471ns          223321 1c00857c 00462783 lw               x15, 4(x12)         x15=0000001d x12:1c012008  PA:1c01200c
13279789ns          223337 1c00857e 00178793 addi             x15, x15, 1         x15=0000001e x15:0000001d
13279809ns          223338 1c008580 00f62223 sw               x15, 4(x12)         x15:0000001e x12:1c012008  PA:1c01200c
13280127ns          223354 1c008582 00462783 lw               x15, 4(x12)         x15=0000001e x12:1c012008  PA:1c01200c
13280446ns          223370 1c008584 00a79463 bne              x15, x10, 8         x15:0000001e x10:00000400
13280505ns          223373 1c00858c 0006a803 lw               x16, 0(x13)         x16=0000001d x13:1c01c058  PA:1c01c058
13280823ns          223389 1c008590 0046a783 lw               x15, 4(x13)         x15=0000001e x13:1c01c058  PA:1c01c05c
13281142ns          223405 1c008592 fef80de3 beq              x16, x15, -6        x16:0000001d x15:0000001e
13281162ns          223406 1c008596 0006a783 lw               x15, 0(x13)         x15=0000001d x13:1c01c058  PA:1c01c058
13281500ns          223423 1c008598 00279793 slli             x15, x15, 0x2       x15=00000074 x15:0000001d
13281520ns          223424 1c00859a 20fcf783 lw               x15, x15(x25)       x15=dead031d x15:00000074 x25:1c01b058  PA:1c01b0cc
13281818ns          223439 1c00859e 0006a783 lw               x15, 0(x13)         x15=0000001d x13:1c01c058  PA:1c01c058
13282136ns          223455 1c0085a0 00178793 addi             x15, x15, 1         x15=0000001e x15:0000001d
13282156ns          223456 1c0085a2 00f6a023 sw               x15, 0(x13)         x15:0000001e x13:1c01c058  PA:1c01c058
13282474ns          223472 1c0085a4 0006a783 lw               x15, 0(x13)         x15=0000001e x13:1c01c058  PA:1c01c058
13282793ns          223488 1c0085a6 00a79463 bne              x15, x10, 8         x15:0000001e x10:00000400
13282872ns          223492 1c0085ae 00072803 lw               x16, 0(x14)         x16=0000001d x14:1c019040  PA:1c019040
13283171ns          223507 1c0085b2 00472783 lw               x15, 4(x14)         x15=0000001e x14:1c019040  PA:1c019044
13283489ns          223523 1c0085b4 fef80de3 beq              x16, x15, -6        x16:0000001d x15:0000001e
13283509ns          223524 1c0085b8 00072783 lw               x15, 0(x14)         x15=0000001d x14:1c019040  PA:1c019040
13283827ns          223540 1c0085ba 00279793 slli             x15, x15, 0x2       x15=00000074 x15:0000001d
13283847ns          223541 1c0085bc 20fc7783 lw               x15, x15(x24)       x15=dead001d x15:00000074 x24:1c018040  PA:1c0180b4
13284165ns          223557 1c0085c0 00072783 lw               x15, 0(x14)         x15=0000001d x14:1c019040  PA:1c019040
13284483ns          223573 1c0085c2 00178793 addi             x15, x15, 1         x15=0000001e x15:0000001d
13284503ns          223574 1c0085c4 00f72023 sw               x15, 0(x14)         x15:0000001e x14:1c019040  PA:1c019040
13284822ns          223590 1c0085c6 00072783 lw               x15, 0(x14)         x15=0000001e x14:1c019040  PA:1c019040
13285140ns          223606 1c0085c8 00a78663 beq              x15, x10, 12        x15:0000001e x10:00000400
13285160ns          223607 1c0085cc fffe0e13 addi             x28, x28, -1        x28=00000002 x28:00000003
13285180ns          223608 1c0085ce f60e15e3 bne              x28, x0, -150       x28:00000002
13285239ns          223611 1c008538 004eaf0b p.lw             x30, 4(x29!)        x30=dead021e x29=10001734 x29:10001730  PA:10001730
13285259ns          223612 1c00853c 0045a783 lw               x15, 4(x11)         x15=0000001e x11:1c01f070  PA:1c01f074
13285597ns          223629 1c00853e 00178793 addi             x15, x15, 1         x15=0000001f x15:0000001e
13285617ns          223630 1c008540 0aa78363 beq              x15, x10, 166       x15:0000001f x10:00000400
13285637ns          223631 1c008544 0005a803 lw               x16, 0(x11)         x16=0000001e x11:1c01f070  PA:1c01f070
13285955ns          223647 1c008548 ff078ae3 beq              x15, x16, -12       x15:0000001f x16:0000001e
13285975ns          223648 1c00854c 0045a783 lw               x15, 4(x11)         x15=0000001e x11:1c01f070  PA:1c01f074
13286293ns          223664 1c00854e 00279793 slli             x15, x15, 0x2       x15=00000078 x15:0000001e
13286313ns          223665 1c008550 01e367a3 p.sw             x30, x0(x6)         x30:dead021e  x6:1c01e070  PA:1c01e0e8
13286632ns          223681 1c008554 0045a783 lw               x15, 4(x11)         x15=0000001e x11:1c01f070  PA:1c01f074
13286950ns          223697 1c008556 00178793 addi             x15, x15, 1         x15=0000001f x15:0000001e
13286970ns          223698 1c008558 00f5a223 sw               x15, 4(x11)         x15:0000001f x11:1c01f070  PA:1c01f074
13287288ns          223714 1c00855a 0045a783 lw               x15, 4(x11)         x15=0000001f x11:1c01f070  PA:1c01f074
13287606ns          223730 1c00855c 00a79463 bne              x15, x10, 8         x15:0000001f x10:00000400
13287666ns          223733 1c008564 00462783 lw               x15, 4(x12)         x15=0000001e x12:1c012008  PA:1c01200c
13287984ns          223749 1c008566 00178793 addi             x15, x15, 1         x15=0000001f x15:0000001e
13288004ns          223750 1c008568 06a78c63 beq              x15, x10, 120       x15:0000001f x10:00000400
13288024ns          223751 1c00856c 00062803 lw               x16, 0(x12)         x16=0000001e x12:1c012008  PA:1c012008
13288342ns          223767 1c008570 ff078ae3 beq              x15, x16, -12       x15:0000001f x16:0000001e
13288362ns          223768 1c008574 00462783 lw               x15, 4(x12)         x15=0000001e x12:1c012008  PA:1c01200c
13288680ns          223784 1c008576 00279793 slli             x15, x15, 0x2       x15=00000078 x15:0000001e
13288700ns          223785 1c008578 01e8e7a3 p.sw             x30, x0(x17)        x30:dead021e x17:1c011008  PA:1c011080
13289018ns          223801 1c00857c 00462783 lw               x15, 4(x12)         x15=0000001e x12:1c012008  PA:1c01200c
13289337ns          223817 1c00857e 00178793 addi             x15, x15, 1         x15=0000001f x15:0000001e
13289357ns          223818 1c008580 00f62223 sw               x15, 4(x12)         x15:0000001f x12:1c012008  PA:1c01200c
13289675ns          223834 1c008582 00462783 lw               x15, 4(x12)         x15=0000001f x12:1c012008  PA:1c01200c
13289993ns          223850 1c008584 00a79463 bne              x15, x10, 8         x15:0000001f x10:00000400
13290053ns          223853 1c00858c 0006a803 lw               x16, 0(x13)         x16=0000001e x13:1c01c058  PA:1c01c058
13290371ns          223869 1c008590 0046a783 lw               x15, 4(x13)         x15=0000001f x13:1c01c058  PA:1c01c05c
13290689ns          223885 1c008592 fef80de3 beq              x16, x15, -6        x16:0000001e x15:0000001f
13290709ns          223886 1c008596 0006a783 lw               x15, 0(x13)         x15=0000001e x13:1c01c058  PA:1c01c058
13291027ns          223902 1c008598 00279793 slli             x15, x15, 0x2       x15=00000078 x15:0000001e
13291047ns          223903 1c00859a 20fcf783 lw               x15, x15(x25)       x15=dead031e x15:00000078 x25:1c01b058  PA:1c01b0d0
13291346ns          223918 1c00859e 0006a783 lw               x15, 0(x13)         x15=0000001e x13:1c01c058  PA:1c01c058
13291664ns          223934 1c0085a0 00178793 addi             x15, x15, 1         x15=0000001f x15:0000001e
13291684ns          223935 1c0085a2 00f6a023 sw               x15, 0(x13)         x15:0000001f x13:1c01c058  PA:1c01c058
13292002ns          223951 1c0085a4 0006a783 lw               x15, 0(x13)         x15=0000001f x13:1c01c058  PA:1c01c058
13292320ns          223967 1c0085a6 00a79463 bne              x15, x10, 8         x15:0000001f x10:00000400
13292400ns          223971 1c0085ae 00072803 lw               x16, 0(x14)         x16=0000001e x14:1c019040  PA:1c019040
13292698ns          223986 1c0085b2 00472783 lw               x15, 4(x14)         x15=0000001f x14:1c019040  PA:1c019044
13293016ns          224002 1c0085b4 fef80de3 beq              x16, x15, -6        x16:0000001e x15:0000001f
13293036ns          224003 1c0085b8 00072783 lw               x15, 0(x14)         x15=0000001e x14:1c019040  PA:1c019040
13293355ns          224019 1c0085ba 00279793 slli             x15, x15, 0x2       x15=00000078 x15:0000001e
13293375ns          224020 1c0085bc 20fc7783 lw               x15, x15(x24)       x15=dead001e x15:00000078 x24:1c018040  PA:1c0180b8
13293673ns          224035 1c0085c0 00072783 lw               x15, 0(x14)         x15=0000001e x14:1c019040  PA:1c019040
13293991ns          224051 1c0085c2 00178793 addi             x15, x15, 1         x15=0000001f x15:0000001e
13294011ns          224052 1c0085c4 00f72023 sw               x15, 0(x14)         x15:0000001f x14:1c019040  PA:1c019040
13294329ns          224068 1c0085c6 00072783 lw               x15, 0(x14)         x15=0000001f x14:1c019040  PA:1c019040
13294648ns          224084 1c0085c8 00a78663 beq              x15, x10, 12        x15:0000001f x10:00000400
13294667ns          224085 1c0085cc fffe0e13 addi             x28, x28, -1        x28=00000001 x28:00000002
13294687ns          224086 1c0085ce f60e15e3 bne              x28, x0, -150       x28:00000001
13294747ns          224089 1c008538 004eaf0b p.lw             x30, 4(x29!)        x30=dead021f x29=10001738 x29:10001734  PA:10001734
13294767ns          224090 1c00853c 0045a783 lw               x15, 4(x11)         x15=0000001f x11:1c01f070  PA:1c01f074
13295085ns          224106 1c00853e 00178793 addi             x15, x15, 1         x15=00000020 x15:0000001f
13295105ns          224107 1c008540 0aa78363 beq              x15, x10, 166       x15:00000020 x10:00000400
13295125ns          224108 1c008544 0005a803 lw               x16, 0(x11)         x16=0000001f x11:1c01f070  PA:1c01f070
13295443ns          224124 1c008548 ff078ae3 beq              x15, x16, -12       x15:00000020 x16:0000001f
13295463ns          224125 1c00854c 0045a783 lw               x15, 4(x11)         x15=0000001f x11:1c01f070  PA:1c01f074
13295781ns          224141 1c00854e 00279793 slli             x15, x15, 0x2       x15=0000007c x15:0000001f
13295801ns          224142 1c008550 01e367a3 p.sw             x30, x0(x6)         x30:dead021f  x6:1c01e070  PA:1c01e0ec
13296139ns          224159 1c008554 0045a783 lw               x15, 4(x11)         x15=0000001f x11:1c01f070  PA:1c01f074
13296458ns          224175 1c008556 00178793 addi             x15, x15, 1         x15=00000020 x15:0000001f
13296477ns          224176 1c008558 00f5a223 sw               x15, 4(x11)         x15:00000020 x11:1c01f070  PA:1c01f074
13296796ns          224192 1c00855a 0045a783 lw               x15, 4(x11)         x15=00000020 x11:1c01f070  PA:1c01f074
13297114ns          224208 1c00855c 00a79463 bne              x15, x10, 8         x15:00000020 x10:00000400
13297174ns          224211 1c008564 00462783 lw               x15, 4(x12)         x15=0000001f x12:1c012008  PA:1c01200c
13297512ns          224228 1c008566 00178793 addi             x15, x15, 1         x15=00000020 x15:0000001f
13297532ns          224229 1c008568 06a78c63 beq              x15, x10, 120       x15:00000020 x10:00000400
13297552ns          224230 1c00856c 00062803 lw               x16, 0(x12)         x16=0000001f x12:1c012008  PA:1c012008
13297870ns          224246 1c008570 ff078ae3 beq              x15, x16, -12       x15:00000020 x16:0000001f
13297890ns          224247 1c008574 00462783 lw               x15, 4(x12)         x15=0000001f x12:1c012008  PA:1c01200c
13298208ns          224263 1c008576 00279793 slli             x15, x15, 0x2       x15=0000007c x15:0000001f
13298228ns          224264 1c008578 01e8e7a3 p.sw             x30, x0(x17)        x30:dead021f x17:1c011008  PA:1c011084
13298546ns          224280 1c00857c 00462783 lw               x15, 4(x12)         x15=0000001f x12:1c012008  PA:1c01200c
13298884ns          224297 1c00857e 00178793 addi             x15, x15, 1         x15=00000020 x15:0000001f
13298904ns          224298 1c008580 00f62223 sw               x15, 4(x12)         x15:00000020 x12:1c012008  PA:1c01200c
13299222ns          224314 1c008582 00462783 lw               x15, 4(x12)         x15=00000020 x12:1c012008  PA:1c01200c
13299541ns          224330 1c008584 00a79463 bne              x15, x10, 8         x15:00000020 x10:00000400
13299600ns          224333 1c00858c 0006a803 lw               x16, 0(x13)         x16=0000001f x13:1c01c058  PA:1c01c058
13299899ns          224348 1c008590 0046a783 lw               x15, 4(x13)         x15=00000020 x13:1c01c058  PA:1c01c05c
13300237ns          224365 1c008592 fef80de3 beq              x16, x15, -6        x16:0000001f x15:00000020
13300257ns          224366 1c008596 0006a783 lw               x15, 0(x13)         x15=0000001f x13:1c01c058  PA:1c01c058
13300575ns          224382 1c008598 00279793 slli             x15, x15, 0x2       x15=0000007c x15:0000001f
13300595ns          224383 1c00859a 20fcf783 lw               x15, x15(x25)       x15=dead031f x15:0000007c x25:1c01b058  PA:1c01b0d4
13300893ns          224398 1c00859e 0006a783 lw               x15, 0(x13)         x15=0000001f x13:1c01c058  PA:1c01c058
13301211ns          224414 1c0085a0 00178793 addi             x15, x15, 1         x15=00000020 x15:0000001f
13301231ns          224415 1c0085a2 00f6a023 sw               x15, 0(x13)         x15:00000020 x13:1c01c058  PA:1c01c058
13301570ns          224432 1c0085a4 0006a783 lw               x15, 0(x13)         x15=00000020 x13:1c01c058  PA:1c01c058
13301888ns          224448 1c0085a6 00a79463 bne              x15, x10, 8         x15:00000020 x10:00000400
13301967ns          224452 1c0085ae 00072803 lw               x16, 0(x14)         x16=0000001f x14:1c019040  PA:1c019040
13302266ns          224467 1c0085b2 00472783 lw               x15, 4(x14)         x15=00000020 x14:1c019040  PA:1c019044
13302584ns          224483 1c0085b4 fef80de3 beq              x16, x15, -6        x16:0000001f x15:00000020
13302604ns          224484 1c0085b8 00072783 lw               x15, 0(x14)         x15=0000001f x14:1c019040  PA:1c019040
13302922ns          224500 1c0085ba 00279793 slli             x15, x15, 0x2       x15=0000007c x15:0000001f
13302942ns          224501 1c0085bc 20fc7783 lw               x15, x15(x24)       x15=dead001f x15:0000007c x24:1c018040  PA:1c0180bc
13303240ns          224516 1c0085c0 00072783 lw               x15, 0(x14)         x15=0000001f x14:1c019040  PA:1c019040
13303559ns          224532 1c0085c2 00178793 addi             x15, x15, 1         x15=00000020 x15:0000001f
13303578ns          224533 1c0085c4 00f72023 sw               x15, 0(x14)         x15:00000020 x14:1c019040  PA:1c019040
13303897ns          224549 1c0085c6 00072783 lw               x15, 0(x14)         x15=00000020 x14:1c019040  PA:1c019040
13304235ns          224566 1c0085c8 00a78663 beq              x15, x10, 12        x15:00000020 x10:00000400
13304255ns          224567 1c0085cc fffe0e13 addi             x28, x28, -1        x28=00000000 x28:00000001
13304275ns          224568 1c0085ce f60e15e3 bne              x28, x0, -150       x28:00000000
13304295ns          224569 1c0085d2 d25ff06f jal              x0, -732           
13304414ns          224575 1c0082f6 5b7010ef jal              x1, 7606             x1=1c0082fa
13304454ns          224577 1c00a0ac f14027f3 csrrs            x15, x0, 0xf14      x15=00000002
13304513ns          224580 1c00a0b0 01f00713 addi             x14, x0, 31         x14=0000001f
13304553ns          224582 1c00a0b2 ca5797b3 p.extractu       x15, x15, 5, 5      x15=00000000 x15:00000002
13304573ns          224583 1c00a0b6 00e78863 beq              x15, x14, 16        x15:00000000 x14:0000001f
13304593ns          224584 1c00a0ba 002047b7 lui              x15, 0x204000       x15=00204000
13304653ns          224587 1c00a0be 20078793 addi             x15, x15, 512       x15=00204200 x15:00204000
13304692ns          224589 1c00a0c2 01c7e703 p.elw            x14, 28(x15)        x14=00010000 x15:00204200  PA:0020421c
13304812ns          224595 1c00a0c6 00008067 jalr             x0, x1, 0            x1:1c0082fa
13304871ns          224598 1c0082fa f14027f3 csrrs            x15, x0, 0xf14      x15=00000002
13305309ns          224620 1c0082fe f457b7b3 p.bclr           x15, x15, 26, 5     x15=00000002 x15:00000002
13305329ns          224621 1c008302 00079d63 bne              x15, x0, 26         x15:00000002
13305806ns          224645 1c00831c 25c12083 lw               x1, 604(x2)          x1=1c009fbc  x2:10001598  PA:100017f4
13306264ns          224668 1c008320 25812403 lw               x8, 600(x2)          x8=xxxxxxxx  x2:10001598  PA:100017f0
13306304ns          224670 1c008324 25412483 lw               x9, 596(x2)          x9=xxxxxxxx  x2:10001598  PA:100017ec
13306323ns          224671 1c008328 25012903 lw               x18, 592(x2)        x18=xxxxxxxx  x2:10001598  PA:100017e8
13306343ns          224672 1c00832c 24c12983 lw               x19, 588(x2)        x19=xxxxxxxx  x2:10001598  PA:100017e4
13306880ns          224699 1c008330 24812a03 lw               x20, 584(x2)        x20=xxxxxxxx  x2:10001598  PA:100017e0
13306920ns          224701 1c008334 24412a83 lw               x21, 580(x2)        x21=xxxxxxxx  x2:10001598  PA:100017dc
13306940ns          224702 1c008338 24012b03 lw               x22, 576(x2)        x22=xxxxxxxx  x2:10001598  PA:100017d8
13306960ns          224703 1c00833c 23c12b83 lw               x23, 572(x2)        x23=xxxxxxxx  x2:10001598  PA:100017d4
13307457ns          224728 1c008340 23812c03 lw               x24, 568(x2)        x24=xxxxxxxx  x2:10001598  PA:100017d0
13307497ns          224730 1c008344 23412c83 lw               x25, 564(x2)        x25=xxxxxxxx  x2:10001598  PA:100017cc
13307517ns          224731 1c008348 23012d03 lw               x26, 560(x2)        x26=xxxxxxxx  x2:10001598  PA:100017c8
13307557ns          224733 1c00834c 22c12d83 lw               x27, 556(x2)        x27=xxxxxxxx  x2:10001598  PA:100017c4
13307994ns          224755 1c008350 00000513 addi             x10, x0, 0          x10=00000000
13308034ns          224757 1c008352 26010113 addi             x2, x2, 608          x2=100017f8  x2:10001598
13308054ns          224758 1c008356 00008067 jalr             x0, x1, 0            x1:1c009fbc
13308133ns          224762 1c009fbc f14027f3 csrrs            x15, x0, 0xf14      x15=00000002
13308213ns          224766 1c009fc0 f457b7b3 p.bclr           x15, x15, 26, 5     x15=00000002 x15:00000002
13308253ns          224768 1c009fc4 00079963 bne              x15, x0, 18         x15:00000002
13308730ns          224792 1c009fd6 002047b7 lui              x15, 0x204000       x15=00204000
13308750ns          224793 1c009fda fff00713 addi             x14, x0, -1         x14=ffffffff
13308770ns          224794 1c009fdc 00e7a223 sw               x14, 4(x15)         x14:ffffffff x15:00204000  PA:00204004
