                Time          Cycles PC       Instr    Mnemonic
12976276ns          208078 1c008080 0640006f jal              x0, 100            
12976754ns          208102 1c0080e4 f1402573 csrrs            x10, x0, 0xf14      x10=00000003
12976793ns          208104 1c0080e8 01f57593 andi             x11, x10, 31        x11=00000003 x10:00000003
12976813ns          208105 1c0080ec 00555513 srli             x10, x10, 0x5       x10=00000000 x10:00000003
12976833ns          208106 1c0080ee 01f00613 addi             x12, x0, 31         x12=0000001f
12977251ns          208127 1c0080f0 00c50463 beq              x10, x12, 8         x10:00000000 x12:0000001f
12977291ns          208129 1c0080f4 fa1ff06f jal              x0, -96            
12977748ns          208152 1c008094 f3ff8117 auipc            x2, 0xf3ff8000       x2=10000094
12977788ns          208154 1c008098 f7010113 addi             x2, x2, -144         x2=10000004  x2:10000094
12977808ns          208155 1c00809c 00012103 lw               x2, 0(x2)            x2=10000008  x2:10000004  PA:10000004
12978265ns          208178 1c0080a0 000011b7 lui              x3, 0x1000           x3=00001000
12978305ns          208180 1c0080a4 80018193 addi             x3, x3, -2048        x3=00000800  x3:00001000
12978325ns          208181 1c0080a8 00158593 addi             x11, x11, 1         x11=00000004 x11:00000003
12978345ns          208182 1c0080ac 02b180b3 mul              x1, x3, x11          x1=00002000  x3:00000800 x11:00000004
12978782ns          208204 1c0080b0 00110133 add              x2, x2, x1           x2=10002008  x2:10000008  x1:00002000
12978822ns          208206 1c0080b4 6e30106f jal              x0, 7906           
12979280ns          208229 1c009f96 ff010113 addi             x2, x2, -16          x2=10001ff8  x2:10002008
12979319ns          208231 1c009f98 00112623 sw               x1, 12(x2)           x1:00002000  x2:10001ff8  PA:10002004
12979339ns          208232 1c009f9a 002047b7 lui              x15, 0x204000       x15=00204000
12979777ns          208254 1c009f9e 00070737 lui              x14, 0x70000        x14=00070000
12979797ns          208255 1c009fa2 00e7a423 sw               x14, 8(x15)         x14:00070000 x15:00204000  PA:00204008
12979817ns          208256 1c009fa4 00f00713 addi             x14, x0, 15         x14=0000000f
12979837ns          208257 1c009fa6 20078793 addi             x15, x15, 512       x15=00204200 x15:00204000
12979856ns          208258 1c009faa 00e7a023 sw               x14, 0(x15)         x14:0000000f x15:00204200  PA:00204200
12980294ns          208280 1c009fae 00e7a623 sw               x14, 12(x15)        x14:0000000f x15:00204200  PA:0020420c
12980334ns          208282 1c009fb2 1c0017b7 lui              x15, 0x1c001000     x15=1c001000
12980354ns          208283 1c009fb6 9d47a783 lw               x15, -1580(x15)     x15=1c00813e x15:1c001000  PA:1c0009d4
12980871ns          208309 1c009fba 000780e7 jalr             x1, x15, 0           x1=1c009fbc x15:1c00813e
12981746ns          208353 1c00813e f14025f3 csrrs            x11, x0, 0xf14      x11=00000003
12981786ns          208355 1c008142 ca5597b3 p.extractu       x15, x11, 5, 5      x15=00000000 x11:00000003
12981806ns          208356 1c008146 00078463 beq              x15, x0, 8          x15:00000000
12982343ns          208383 1c00814e da010113 addi             x2, x2, -608         x2=10001d98  x2:10001ff8
12982363ns          208384 1c008152 24112e23 sw               x1, 604(x2)          x1:1c009fbc  x2:10001d98  PA:10001ff4
12982383ns          208385 1c008156 24812c23 sw               x8, 600(x2)          x8:xxxxxxxx  x2:10001d98  PA:10001ff0
12982403ns          208386 1c00815a 24912a23 sw               x9, 596(x2)          x9:xxxxxxxx  x2:10001d98  PA:10001fec
12982840ns          208408 1c00815e 25212823 sw               x18, 592(x2)        x18:xxxxxxxx  x2:10001d98  PA:10001fe8
12982880ns          208410 1c008162 25312623 sw               x19, 588(x2)        x19:xxxxxxxx  x2:10001d98  PA:10001fe4
12982900ns          208411 1c008166 25412423 sw               x20, 584(x2)        x20:xxxxxxxx  x2:10001d98  PA:10001fe0
12982920ns          208412 1c00816a 25512223 sw               x21, 580(x2)        x21:xxxxxxxx  x2:10001d98  PA:10001fdc
12983357ns          208434 1c00816e 25612023 sw               x22, 576(x2)        x22:xxxxxxxx  x2:10001d98  PA:10001fd8
12983397ns          208436 1c008172 23712e23 sw               x23, 572(x2)        x23:xxxxxxxx  x2:10001d98  PA:10001fd4
12983417ns          208437 1c008176 23812c23 sw               x24, 568(x2)        x24:xxxxxxxx  x2:10001d98  PA:10001fd0
12983437ns          208438 1c00817a 23912a23 sw               x25, 564(x2)        x25:xxxxxxxx  x2:10001d98  PA:10001fcc
12983874ns          208460 1c00817e 23a12823 sw               x26, 560(x2)        x26:xxxxxxxx  x2:10001d98  PA:10001fc8
12983914ns          208462 1c008182 23b12623 sw               x27, 556(x2)        x27:xxxxxxxx  x2:10001d98  PA:10001fc4
12983934ns          208463 1c008186 f455b5b3 p.bclr           x11, x11, 26, 5     x11=00000003 x11:00000003
12983954ns          208464 1c00818a 1e058463 beq              x11, x0, 488        x11:00000003
12984392ns          208486 1c00818e 3015be63 p.bneimm         x11, 796            x11:00000003
12985048ns          208519 1c0084aa 2025bb63 p.bneimm         x11, 534            x11:00000003
12986062ns          208570 1c0086c0 0835bd63 p.bneimm         x11, 154            x11:00000003
12986102ns          208572 1c0086c4 1c01bdb7 lui              x27, 0x1c01b000     x27=1c01b000
12986122ns          208573 1c0086c8 1c015d37 lui              x26, 0x1c015000     x26=1c015000
12986142ns          208574 1c0086cc 058d8d93 addi             x27, x27, 88        x27=1c01b058 x27:1c01b000
12986580ns          208596 1c0086d0 028d0d13 addi             x26, x26, 40        x26=1c015028 x26:1c015000
12986619ns          208598 1c0086d4 00000313 addi             x6, x0, 0            x6=00000000
12986639ns          208599 1c0086d6 00000893 addi             x17, x0, 0          x17=00000000
12986659ns          208600 1c0086d8 00000e93 addi             x29, x0, 0          x29=00000000
12986679ns          208601 1c0086da 00000e13 addi             x28, x0, 0          x28=00000000
12986699ns          208602 1c0086dc 00000993 addi             x19, x0, 0          x19=00000000
12986719ns          208603 1c0086de 00000913 addi             x18, x0, 0          x18=00000000
12987137ns          208624 1c0086e0 1c01eab7 lui              x21, 0x1c01e000     x21=1c01e000
12987176ns          208626 1c0086e4 000017b7 lui              x15, 0x1000         x15=00001000
12987196ns          208627 1c0086e6 070a8a93 addi             x21, x21, 112       x21=1c01e070 x21:1c01e000
12987216ns          208628 1c0086ea 00fa8733 add              x14, x21, x15       x14=1c01f070 x21:1c01e070 x15:00001000
12987654ns          208650 1c0086ee 1c01ca37 lui              x20, 0x1c01c000     x20=1c01c000
12987693ns          208652 1c0086f2 00072023 sw               x0, 0(x14)          x14:1c01f070  PA:1c01f070
12988012ns          208668 1c0086f6 060a0a13 addi             x20, x20, 96        x20=1c01c060 x20:1c01c000
12988032ns          208669 1c0086fa 00072223 sw               x0, 4(x14)          x14:1c01f070  PA:1c01f074
12988350ns          208685 1c0086fe 014787b3 add              x15, x15, x20       x15=1c01d060 x15:00001000 x20:1c01c060
12988370ns          208686 1c008700 0007a023 sw               x0, 0(x15)          x15:1c01d060  PA:1c01d060
12988708ns          208703 1c008704 0007a223 sw               x0, 4(x15)          x15:1c01d060  PA:1c01d064
12989026ns          208719 1c008708 00000c93 addi             x25, x0, 0          x25=00000000
12989046ns          208720 1c00870a 00000c13 addi             x24, x0, 0          x24=00000000
12989066ns          208721 1c00870c 00000b93 addi             x23, x0, 0          x23=00000000
12989086ns          208722 1c00870e 00000b13 addi             x22, x0, 0          x22=00000000
12989106ns          208723 1c008710 00000493 addi             x9, x0, 0            x9=00000000
12989126ns          208724 1c008712 00000413 addi             x8, x0, 0            x8=00000000
12989145ns          208725 1c008714 1a010693 addi             x13, x2, 416        x13=10001f38  x2:10001d98
12989165ns          208726 1c008716 dead0837 lui              x16, 0xdead0000     x16=dead0000
12989185ns          208727 1c00871a 00d00633 add              x12, x0, x13        x12=10001f38 x13:10001f38
12989205ns          208728 1c00871c 00000713 addi             x14, x0, 0          x14=00000000
12989583ns          208747 1c00871e 30080813 addi             x16, x16, 768       x16=dead0300 x16:dead0000
12989623ns          208749 1c008722 020350fb lp.setupi        0x1, 0x20, 0x6     
12989643ns          208750 1c008726 01076533 or               x10, x14, x16       x10=dead0300 x14:00000000 x16:dead0300
12989663ns          208751 1c00872a 00a6222b p.sw             x10, 4(x12!)        x12=10001f3c x10:dead0300 x12:10001f38  PA:10001f38
12989683ns          208752 1c00872e 00170713 addi             x14, x14, 1         x14=00000001 x14:00000000
12990180ns          208777 1c008726 01076533 or               x10, x14, x16       x10=dead0301 x14:00000001 x16:dead0300
12990200ns          208778 1c00872a 00a6222b p.sw             x10, 4(x12!)        x12=10001f40 x10:dead0301 x12:10001f3c  PA:10001f3c
12990220ns          208779 1c00872e 00170713 addi             x14, x14, 1         x14=00000002 x14:00000001
12990259ns          208781 1c008726 01076533 or               x10, x14, x16       x10=dead0302 x14:00000002 x16:dead0300
12990279ns          208782 1c00872a 00a6222b p.sw             x10, 4(x12!)        x12=10001f44 x10:dead0302 x12:10001f40  PA:10001f40
12990299ns          208783 1c00872e 00170713 addi             x14, x14, 1         x14=00000003 x14:00000002
12990339ns          208785 1c008726 01076533 or               x10, x14, x16       x10=dead0303 x14:00000003 x16:dead0300
12990359ns          208786 1c00872a 00a6222b p.sw             x10, 4(x12!)        x12=10001f48 x10:dead0303 x12:10001f44  PA:10001f44
12990379ns          208787 1c00872e 00170713 addi             x14, x14, 1         x14=00000004 x14:00000003
12990418ns          208789 1c008726 01076533 or               x10, x14, x16       x10=dead0304 x14:00000004 x16:dead0300
12990438ns          208790 1c00872a 00a6222b p.sw             x10, 4(x12!)        x12=10001f4c x10:dead0304 x12:10001f48  PA:10001f48
12990458ns          208791 1c00872e 00170713 addi             x14, x14, 1         x14=00000005 x14:00000004
12990498ns          208793 1c008726 01076533 or               x10, x14, x16       x10=dead0305 x14:00000005 x16:dead0300
12990518ns          208794 1c00872a 00a6222b p.sw             x10, 4(x12!)        x12=10001f50 x10:dead0305 x12:10001f4c  PA:10001f4c
12990538ns          208795 1c00872e 00170713 addi             x14, x14, 1         x14=00000006 x14:00000005
12990578ns          208797 1c008726 01076533 or               x10, x14, x16       x10=dead0306 x14:00000006 x16:dead0300
12990598ns          208798 1c00872a 00a6222b p.sw             x10, 4(x12!)        x12=10001f54 x10:dead0306 x12:10001f50  PA:10001f50
12990617ns          208799 1c00872e 00170713 addi             x14, x14, 1         x14=00000007 x14:00000006
12990657ns          208801 1c008726 01076533 or               x10, x14, x16       x10=dead0307 x14:00000007 x16:dead0300
12990677ns          208802 1c00872a 00a6222b p.sw             x10, 4(x12!)        x12=10001f58 x10:dead0307 x12:10001f54  PA:10001f54
12990697ns          208803 1c00872e 00170713 addi             x14, x14, 1         x14=00000008 x14:00000007
12990737ns          208805 1c008726 01076533 or               x10, x14, x16       x10=dead0308 x14:00000008 x16:dead0300
12990757ns          208806 1c00872a 00a6222b p.sw             x10, 4(x12!)        x12=10001f5c x10:dead0308 x12:10001f58  PA:10001f58
12990777ns          208807 1c00872e 00170713 addi             x14, x14, 1         x14=00000009 x14:00000008
12990816ns          208809 1c008726 01076533 or               x10, x14, x16       x10=dead0309 x14:00000009 x16:dead0300
12990836ns          208810 1c00872a 00a6222b p.sw             x10, 4(x12!)        x12=10001f60 x10:dead0309 x12:10001f5c  PA:10001f5c
12990856ns          208811 1c00872e 00170713 addi             x14, x14, 1         x14=0000000a x14:00000009
12990896ns          208813 1c008726 01076533 or               x10, x14, x16       x10=dead030a x14:0000000a x16:dead0300
12990916ns          208814 1c00872a 00a6222b p.sw             x10, 4(x12!)        x12=10001f64 x10:dead030a x12:10001f60  PA:10001f60
12990936ns          208815 1c00872e 00170713 addi             x14, x14, 1         x14=0000000b x14:0000000a
12990975ns          208817 1c008726 01076533 or               x10, x14, x16       x10=dead030b x14:0000000b x16:dead0300
12990995ns          208818 1c00872a 00a6222b p.sw             x10, 4(x12!)        x12=10001f68 x10:dead030b x12:10001f64  PA:10001f64
12991015ns          208819 1c00872e 00170713 addi             x14, x14, 1         x14=0000000c x14:0000000b
12991055ns          208821 1c008726 01076533 or               x10, x14, x16       x10=dead030c x14:0000000c x16:dead0300
12991075ns          208822 1c00872a 00a6222b p.sw             x10, 4(x12!)        x12=10001f6c x10:dead030c x12:10001f68  PA:10001f68
12991115ns          208824 1c00872e 00170713 addi             x14, x14, 1         x14=0000000d x14:0000000c
12991135ns          208825 1c008726 01076533 or               x10, x14, x16       x10=dead030d x14:0000000d x16:dead0300
12991154ns          208826 1c00872a 00a6222b p.sw             x10, 4(x12!)        x12=10001f70 x10:dead030d x12:10001f6c  PA:10001f6c
12991174ns          208827 1c00872e 00170713 addi             x14, x14, 1         x14=0000000e x14:0000000d
12991214ns          208829 1c008726 01076533 or               x10, x14, x16       x10=dead030e x14:0000000e x16:dead0300
12991234ns          208830 1c00872a 00a6222b p.sw             x10, 4(x12!)        x12=10001f74 x10:dead030e x12:10001f70  PA:10001f70
12991254ns          208831 1c00872e 00170713 addi             x14, x14, 1         x14=0000000f x14:0000000e
12991294ns          208833 1c008726 01076533 or               x10, x14, x16       x10=dead030f x14:0000000f x16:dead0300
12991314ns          208834 1c00872a 00a6222b p.sw             x10, 4(x12!)        x12=10001f78 x10:dead030f x12:10001f74  PA:10001f74
12991333ns          208835 1c00872e 00170713 addi             x14, x14, 1         x14=00000010 x14:0000000f
12991373ns          208837 1c008726 01076533 or               x10, x14, x16       x10=dead0310 x14:00000010 x16:dead0300
12991393ns          208838 1c00872a 00a6222b p.sw             x10, 4(x12!)        x12=10001f7c x10:dead0310 x12:10001f78  PA:10001f78
12991413ns          208839 1c00872e 00170713 addi             x14, x14, 1         x14=00000011 x14:00000010
12991453ns          208841 1c008726 01076533 or               x10, x14, x16       x10=dead0311 x14:00000011 x16:dead0300
12991473ns          208842 1c00872a 00a6222b p.sw             x10, 4(x12!)        x12=10001f80 x10:dead0311 x12:10001f7c  PA:10001f7c
12991493ns          208843 1c00872e 00170713 addi             x14, x14, 1         x14=00000012 x14:00000011
12991532ns          208845 1c008726 01076533 or               x10, x14, x16       x10=dead0312 x14:00000012 x16:dead0300
12991552ns          208846 1c00872a 00a6222b p.sw             x10, 4(x12!)        x12=10001f84 x10:dead0312 x12:10001f80  PA:10001f80
12991572ns          208847 1c00872e 00170713 addi             x14, x14, 1         x14=00000013 x14:00000012
12991612ns          208849 1c008726 01076533 or               x10, x14, x16       x10=dead0313 x14:00000013 x16:dead0300
12991632ns          208850 1c00872a 00a6222b p.sw             x10, 4(x12!)        x12=10001f88 x10:dead0313 x12:10001f84  PA:10001f84
12991652ns          208851 1c00872e 00170713 addi             x14, x14, 1         x14=00000014 x14:00000013
12991691ns          208853 1c008726 01076533 or               x10, x14, x16       x10=dead0314 x14:00000014 x16:dead0300
12991711ns          208854 1c00872a 00a6222b p.sw             x10, 4(x12!)        x12=10001f8c x10:dead0314 x12:10001f88  PA:10001f88
12991731ns          208855 1c00872e 00170713 addi             x14, x14, 1         x14=00000015 x14:00000014
12991771ns          208857 1c008726 01076533 or               x10, x14, x16       x10=dead0315 x14:00000015 x16:dead0300
12991791ns          208858 1c00872a 00a6222b p.sw             x10, 4(x12!)        x12=10001f90 x10:dead0315 x12:10001f8c  PA:10001f8c
12991811ns          208859 1c00872e 00170713 addi             x14, x14, 1         x14=00000016 x14:00000015
12991851ns          208861 1c008726 01076533 or               x10, x14, x16       x10=dead0316 x14:00000016 x16:dead0300
12991871ns          208862 1c00872a 00a6222b p.sw             x10, 4(x12!)        x12=10001f94 x10:dead0316 x12:10001f90  PA:10001f90
12991890ns          208863 1c00872e 00170713 addi             x14, x14, 1         x14=00000017 x14:00000016
12991930ns          208865 1c008726 01076533 or               x10, x14, x16       x10=dead0317 x14:00000017 x16:dead0300
12991950ns          208866 1c00872a 00a6222b p.sw             x10, 4(x12!)        x12=10001f98 x10:dead0317 x12:10001f94  PA:10001f94
12991970ns          208867 1c00872e 00170713 addi             x14, x14, 1         x14=00000018 x14:00000017
12992010ns          208869 1c008726 01076533 or               x10, x14, x16       x10=dead0318 x14:00000018 x16:dead0300
12992030ns          208870 1c00872a 00a6222b p.sw             x10, 4(x12!)        x12=10001f9c x10:dead0318 x12:10001f98  PA:10001f98
12992050ns          208871 1c00872e 00170713 addi             x14, x14, 1         x14=00000019 x14:00000018
12992089ns          208873 1c008726 01076533 or               x10, x14, x16       x10=dead0319 x14:00000019 x16:dead0300
12992109ns          208874 1c00872a 00a6222b p.sw             x10, 4(x12!)        x12=10001fa0 x10:dead0319 x12:10001f9c  PA:10001f9c
12992129ns          208875 1c00872e 00170713 addi             x14, x14, 1         x14=0000001a x14:00000019
12992169ns          208877 1c008726 01076533 or               x10, x14, x16       x10=dead031a x14:0000001a x16:dead0300
12992189ns          208878 1c00872a 00a6222b p.sw             x10, 4(x12!)        x12=10001fa4 x10:dead031a x12:10001fa0  PA:10001fa0
12992209ns          208879 1c00872e 00170713 addi             x14, x14, 1         x14=0000001b x14:0000001a
12992248ns          208881 1c008726 01076533 or               x10, x14, x16       x10=dead031b x14:0000001b x16:dead0300
12992268ns          208882 1c00872a 00a6222b p.sw             x10, 4(x12!)        x12=10001fa8 x10:dead031b x12:10001fa4  PA:10001fa4
12992288ns          208883 1c00872e 00170713 addi             x14, x14, 1         x14=0000001c x14:0000001b
12992328ns          208885 1c008726 01076533 or               x10, x14, x16       x10=dead031c x14:0000001c x16:dead0300
12992348ns          208886 1c00872a 00a6222b p.sw             x10, 4(x12!)        x12=10001fac x10:dead031c x12:10001fa8  PA:10001fa8
12992368ns          208887 1c00872e 00170713 addi             x14, x14, 1         x14=0000001d x14:0000001c
12992408ns          208889 1c008726 01076533 or               x10, x14, x16       x10=dead031d x14:0000001d x16:dead0300
12992427ns          208890 1c00872a 00a6222b p.sw             x10, 4(x12!)        x12=10001fb0 x10:dead031d x12:10001fac  PA:10001fac
12992447ns          208891 1c00872e 00170713 addi             x14, x14, 1         x14=0000001e x14:0000001d
12992487ns          208893 1c008726 01076533 or               x10, x14, x16       x10=dead031e x14:0000001e x16:dead0300
12992507ns          208894 1c00872a 00a6222b p.sw             x10, 4(x12!)        x12=10001fb4 x10:dead031e x12:10001fb0  PA:10001fb0
12992527ns          208895 1c00872e 00170713 addi             x14, x14, 1         x14=0000001f x14:0000001e
12992567ns          208897 1c008726 01076533 or               x10, x14, x16       x10=dead031f x14:0000001f x16:dead0300
12992587ns          208898 1c00872a 00a6222b p.sw             x10, 4(x12!)        x12=10001fb8 x10:dead031f x12:10001fb4  PA:10001fb4
12992606ns          208899 1c00872e 00170713 addi             x14, x14, 1         x14=00000020 x14:0000001f
12992626ns          208900 1c008730 00612423 sw               x6, 8(x2)            x6:00000000  x2:10001d98  PA:10001da0
12992646ns          208901 1c008732 00b12c23 sw               x11, 24(x2)         x11:00000003  x2:10001d98  PA:10001db0
12992666ns          208902 1c008734 00d12e23 sw               x13, 28(x2)         x13:10001f38  x2:10001d98  PA:10001db4
12992686ns          208903 1c008736 01112623 sw               x17, 12(x2)         x17:00000000  x2:10001d98  PA:10001da4
12992706ns          208904 1c008738 01c12a23 sw               x28, 20(x2)         x28:00000000  x2:10001d98  PA:10001dac
12992726ns          208905 1c00873a 01d12823 sw               x29, 16(x2)         x29:00000000  x2:10001d98  PA:10001da8
12992746ns          208906 1c00873c 171010ef jal              x1, 6512             x1=1c008740
12993183ns          208928 1c00a0ac f14027f3 csrrs            x15, x0, 0xf14      x15=00000003
12993263ns          208932 1c00a0b0 01f00713 addi             x14, x0, 31         x14=0000001f
12993303ns          208934 1c00a0b2 ca5797b3 p.extractu       x15, x15, 5, 5      x15=00000000 x15:00000003
12993323ns          208935 1c00a0b6 00e78863 beq              x15, x14, 16        x15:00000000 x14:0000001f
12993342ns          208936 1c00a0ba 002047b7 lui              x15, 0x204000       x15=00204000
12993402ns          208939 1c00a0be 20078793 addi             x15, x15, 512       x15=00204200 x15:00204000
12993442ns          208941 1c00a0c2 01c7e703 p.elw            x14, 28(x15)        x14=00010000 x15:00204200  PA:0020421c
12993561ns          208947 1c00a0c6 00008067 jalr             x0, x1, 0            x1:1c008740
12993601ns          208949 1c008740 f14027f3 csrrs            x15, x0, 0xf14      x15=00000003
12993621ns          208950 1c008744 f457b7b3 p.bclr           x15, x15, 26, 5     x15=00000003 x15:00000003
12993641ns          208951 1c008748 00812303 lw               x6, 8(x2)            x6=00000000  x2:10001d98  PA:10001da0
12993661ns          208952 1c00874a 01812583 lw               x11, 24(x2)         x11=00000003  x2:10001d98  PA:10001db0
12993681ns          208953 1c00874c 01c12683 lw               x13, 28(x2)         x13=10001f38  x2:10001d98  PA:10001db4
12993700ns          208954 1c00874e 00c12883 lw               x17, 12(x2)         x17=00000000  x2:10001d98  PA:10001da4
12994556ns          208997 1c008750 01412e03 lw               x28, 20(x2)         x28=00000000  x2:10001d98  PA:10001dac
12994576ns          208998 1c008752 01012e83 lw               x29, 16(x2)         x29=00000000  x2:10001d98  PA:10001da8
12994596ns          208999 1c008754 ac0784e3 beq              x15, x0, -1336      x15:00000003
12994615ns          209000 1c008758 e9bff06f jal              x0, -358           
12995073ns          209023 1c0085f2 00001737 lui              x14, 0x1000         x14=00001000
12995113ns          209025 1c0085f4 00d00333 add              x6, x0, x13          x6=10001f38 x13:10001f38
12995133ns          209026 1c0085f6 00ed85b3 add              x11, x27, x14       x11=1c01c058 x27:1c01b058 x14:00001000
12995152ns          209027 1c0085fa 00ed0633 add              x12, x26, x14       x12=1c016028 x26:1c015028 x14:00001000
12995590ns          209049 1c0085fe 00ea86b3 add              x13, x21, x14       x13=1c01f070 x21:1c01e070 x14:00001000
12995630ns          209051 1c008602 40000513 addi             x10, x0, 1024       x10=00000400
12995650ns          209052 1c008606 01470733 add              x14, x14, x20       x14=1c01d060 x14:00001000 x20:1c01c060
12995670ns          209053 1c008608 02000893 addi             x17, x0, 32         x17=00000020
12995690ns          209054 1c00860c 00432e0b p.lw             x28, 4(x6!)         x28=dead0300  x6=10001f3c  x6:10001f38  PA:10001f38
12996107ns          209075 1c008610 0045a783 lw               x15, 4(x11)         x15=00000000 x11:1c01c058  PA:1c01c05c
12996425ns          209091 1c008612 00178793 addi             x15, x15, 1         x15=00000001 x15:00000000
12996445ns          209092 1c008614 0aa78363 beq              x15, x10, 166       x15:00000001 x10:00000400
12996465ns          209093 1c008618 0005a803 lw               x16, 0(x11)         x16=00000000 x11:1c01c058  PA:1c01c058
12997022ns          209121 1c00861c fef80ae3 beq              x16, x15, -12       x16:00000000 x15:00000001
12997042ns          209122 1c008620 0045a783 lw               x15, 4(x11)         x15=00000000 x11:1c01c058  PA:1c01c05c
12997440ns          209142 1c008622 00279793 slli             x15, x15, 0x2       x15=00000000 x15:00000000
12997460ns          209143 1c008624 01cde7a3 p.sw             x28, x0(x27)        x28:dead0300 x27:1c01b058  PA:1c01b058
12997778ns          209159 1c008628 0045a783 lw               x15, 4(x11)         x15=00000000 x11:1c01c058  PA:1c01c05c
12998315ns          209186 1c00862a 00178793 addi             x15, x15, 1         x15=00000001 x15:00000000
12998335ns          209187 1c00862c 00f5a223 sw               x15, 4(x11)         x15:00000001 x11:1c01c058  PA:1c01c05c
12998653ns          209203 1c00862e 0045a783 lw               x15, 4(x11)         x15=00000001 x11:1c01c058  PA:1c01c05c
12999111ns          209226 1c008630 00a79463 bne              x15, x10, 8         x15:00000001 x10:00000400
12999310ns          209236 1c008638 00462783 lw               x15, 4(x12)         x15=00000000 x12:1c016028  PA:1c01602c
12999628ns          209252 1c00863a 00178793 addi             x15, x15, 1         x15=00000001 x15:00000000
12999648ns          209253 1c00863c 06a78c63 beq              x15, x10, 120       x15:00000001 x10:00000400
12999668ns          209254 1c008640 00062803 lw               x16, 0(x12)         x16=00000000 x12:1c016028  PA:1c016028
13000006ns          209271 1c008644 fef80ae3 beq              x16, x15, -12       x16:00000000 x15:00000001
13000026ns          209272 1c008648 00462783 lw               x15, 4(x12)         x15=00000000 x12:1c016028  PA:1c01602c
13000344ns          209288 1c00864a 00279793 slli             x15, x15, 0x2       x15=00000000 x15:00000000
13000364ns          209289 1c00864c 01cd67a3 p.sw             x28, x0(x26)        x28:dead0300 x26:1c015028  PA:1c015028
13000682ns          209305 1c008650 00462783 lw               x15, 4(x12)         x15=00000000 x12:1c016028  PA:1c01602c
13001020ns          209322 1c008652 00178793 addi             x15, x15, 1         x15=00000001 x15:00000000
13001040ns          209323 1c008654 00f62223 sw               x15, 4(x12)         x15:00000001 x12:1c016028  PA:1c01602c
13001358ns          209339 1c008656 00462783 lw               x15, 4(x12)         x15=00000001 x12:1c016028  PA:1c01602c
13001677ns          209355 1c008658 00a79463 bne              x15, x10, 8         x15:00000001 x10:00000400
13001736ns          209358 1c008660 0006a803 lw               x16, 0(x13)         x16=00000000 x13:1c01f070  PA:1c01f070
13002035ns          209373 1c008664 0046a783 lw               x15, 4(x13)         x15=00000001 x13:1c01f070  PA:1c01f074
13002452ns          209394 1c008666 fef80de3 beq              x16, x15, -6        x16:00000000 x15:00000001
13002472ns          209395 1c00866a 0006a783 lw               x15, 0(x13)         x15=00000000 x13:1c01f070  PA:1c01f070
13002970ns          209420 1c00866c 00279793 slli             x15, x15, 0x2       x15=00000000 x15:00000000
13002989ns          209421 1c00866e 20faf783 lw               x15, x15(x21)       x15=dead0200 x15:00000000 x21:1c01e070  PA:1c01e070
13003308ns          209437 1c008672 0006a783 lw               x15, 0(x13)         x15=00000000 x13:1c01f070  PA:1c01f070
13003706ns          209457 1c008674 00178793 addi             x15, x15, 1         x15=00000001 x15:00000000
13003725ns          209458 1c008676 00f6a023 sw               x15, 0(x13)         x15:00000001 x13:1c01f070  PA:1c01f070
13004044ns          209474 1c008678 0006a783 lw               x15, 0(x13)         x15=00000001 x13:1c01f070  PA:1c01f070
13004461ns          209495 1c00867a 00a79463 bne              x15, x10, 8         x15:00000001 x10:00000400
13004541ns          209499 1c008682 00072803 lw               x16, 0(x14)         x16=00000000 x14:1c01d060  PA:1c01d060
13004839ns          209514 1c008686 00472783 lw               x15, 4(x14)         x15=00000001 x14:1c01d060  PA:1c01d064
13005158ns          209530 1c008688 fef80de3 beq              x16, x15, -6        x16:00000000 x15:00000001
13005177ns          209531 1c00868c 00072783 lw               x15, 0(x14)         x15=00000000 x14:1c01d060  PA:1c01d060
13005496ns          209547 1c00868e 00279793 slli             x15, x15, 0x2       x15=00000000 x15:00000000
13005516ns          209548 1c008690 20fa7783 lw               x15, x15(x20)       x15=dead0100 x15:00000000 x20:1c01c060  PA:1c01c060
13005913ns          209568 1c008694 00072783 lw               x15, 0(x14)         x15=00000000 x14:1c01d060  PA:1c01d060
13006291ns          209587 1c008696 00178793 addi             x15, x15, 1         x15=00000001 x15:00000000
13006311ns          209588 1c008698 00f72023 sw               x15, 0(x14)         x15:00000001 x14:1c01d060  PA:1c01d060
13006649ns          209605 1c00869a 00072783 lw               x15, 0(x14)         x15=00000001 x14:1c01d060  PA:1c01d060
13007067ns          209626 1c00869c 00a78663 beq              x15, x10, 12        x15:00000001 x10:00000400
13007087ns          209627 1c0086a0 fff88893 addi             x17, x17, -1        x17=0000001f x17:00000020
13007107ns          209628 1c0086a2 f60895e3 bne              x17, x0, -150       x17:0000001f
13007167ns          209631 1c00860c 00432e0b p.lw             x28, 4(x6!)         x28=dead0301  x6=10001f40  x6:10001f3c  PA:10001f3c
13007226ns          209634 1c008610 0045a783 lw               x15, 4(x11)         x15=00000001 x11:1c01c058  PA:1c01c05c
13007564ns          209651 1c008612 00178793 addi             x15, x15, 1         x15=00000002 x15:00000001
13007584ns          209652 1c008614 0aa78363 beq              x15, x10, 166       x15:00000002 x10:00000400
13007604ns          209653 1c008618 0005a803 lw               x16, 0(x11)         x16=00000001 x11:1c01c058  PA:1c01c058
13007922ns          209669 1c00861c fef80ae3 beq              x16, x15, -12       x16:00000001 x15:00000002
13007942ns          209670 1c008620 0045a783 lw               x15, 4(x11)         x15=00000001 x11:1c01c058  PA:1c01c05c
13008360ns          209691 1c008622 00279793 slli             x15, x15, 0x2       x15=00000004 x15:00000001
13008380ns          209692 1c008624 01cde7a3 p.sw             x28, x0(x27)        x28:dead0301 x27:1c01b058  PA:1c01b05c
13008698ns          209708 1c008628 0045a783 lw               x15, 4(x11)         x15=00000001 x11:1c01c058  PA:1c01c05c
13009036ns          209725 1c00862a 00178793 addi             x15, x15, 1         x15=00000002 x15:00000001
13009056ns          209726 1c00862c 00f5a223 sw               x15, 4(x11)         x15:00000002 x11:1c01c058  PA:1c01c05c
13009374ns          209742 1c00862e 0045a783 lw               x15, 4(x11)         x15=00000002 x11:1c01c058  PA:1c01c05c
13009693ns          209758 1c008630 00a79463 bne              x15, x10, 8         x15:00000002 x10:00000400
13009752ns          209761 1c008638 00462783 lw               x15, 4(x12)         x15=00000001 x12:1c016028  PA:1c01602c
13010071ns          209777 1c00863a 00178793 addi             x15, x15, 1         x15=00000002 x15:00000001
13010090ns          209778 1c00863c 06a78c63 beq              x15, x10, 120       x15:00000002 x10:00000400
13010110ns          209779 1c008640 00062803 lw               x16, 0(x12)         x16=00000001 x12:1c016028  PA:1c016028
13010429ns          209795 1c008644 fef80ae3 beq              x16, x15, -12       x16:00000001 x15:00000002
13010448ns          209796 1c008648 00462783 lw               x15, 4(x12)         x15=00000001 x12:1c016028  PA:1c01602c
13010767ns          209812 1c00864a 00279793 slli             x15, x15, 0x2       x15=00000004 x15:00000001
13010787ns          209813 1c00864c 01cd67a3 p.sw             x28, x0(x26)        x28:dead0301 x26:1c015028  PA:1c01502c
13011105ns          209829 1c008650 00462783 lw               x15, 4(x12)         x15=00000001 x12:1c016028  PA:1c01602c
13011423ns          209845 1c008652 00178793 addi             x15, x15, 1         x15=00000002 x15:00000001
13011443ns          209846 1c008654 00f62223 sw               x15, 4(x12)         x15:00000002 x12:1c016028  PA:1c01602c
13011761ns          209862 1c008656 00462783 lw               x15, 4(x12)         x15=00000002 x12:1c016028  PA:1c01602c
13012080ns          209878 1c008658 00a79463 bne              x15, x10, 8         x15:00000002 x10:00000400
13012139ns          209881 1c008660 0006a803 lw               x16, 0(x13)         x16=00000001 x13:1c01f070  PA:1c01f070
13012438ns          209896 1c008664 0046a783 lw               x15, 4(x13)         x15=00000002 x13:1c01f070  PA:1c01f074
13012756ns          209912 1c008666 fef80de3 beq              x16, x15, -6        x16:00000001 x15:00000002
13012776ns          209913 1c00866a 0006a783 lw               x15, 0(x13)         x15=00000001 x13:1c01f070  PA:1c01f070
13013094ns          209929 1c00866c 00279793 slli             x15, x15, 0x2       x15=00000004 x15:00000001
13013114ns          209930 1c00866e 20faf783 lw               x15, x15(x21)       x15=dead0201 x15:00000004 x21:1c01e070  PA:1c01e074
13013412ns          209945 1c008672 0006a783 lw               x15, 0(x13)         x15=00000001 x13:1c01f070  PA:1c01f070
13013730ns          209961 1c008674 00178793 addi             x15, x15, 1         x15=00000002 x15:00000001
13013750ns          209962 1c008676 00f6a023 sw               x15, 0(x13)         x15:00000002 x13:1c01f070  PA:1c01f070
13014069ns          209978 1c008678 0006a783 lw               x15, 0(x13)         x15=00000002 x13:1c01f070  PA:1c01f070
13014387ns          209994 1c00867a 00a79463 bne              x15, x10, 8         x15:00000002 x10:00000400
13014466ns          209998 1c008682 00072803 lw               x16, 0(x14)         x16=00000001 x14:1c01d060  PA:1c01d060
13014765ns          210013 1c008686 00472783 lw               x15, 4(x14)         x15=00000002 x14:1c01d060  PA:1c01d064
13015083ns          210029 1c008688 fef80de3 beq              x16, x15, -6        x16:00000001 x15:00000002
13015103ns          210030 1c00868c 00072783 lw               x15, 0(x14)         x15=00000001 x14:1c01d060  PA:1c01d060
13015421ns          210046 1c00868e 00279793 slli             x15, x15, 0x2       x15=00000004 x15:00000001
13015441ns          210047 1c008690 20fa7783 lw               x15, x15(x20)       x15=dead0101 x15:00000004 x20:1c01c060  PA:1c01c064
13015739ns          210062 1c008694 00072783 lw               x15, 0(x14)         x15=00000001 x14:1c01d060  PA:1c01d060
13016078ns          210079 1c008696 00178793 addi             x15, x15, 1         x15=00000002 x15:00000001
13016097ns          210080 1c008698 00f72023 sw               x15, 0(x14)         x15:00000002 x14:1c01d060  PA:1c01d060
13016416ns          210096 1c00869a 00072783 lw               x15, 0(x14)         x15=00000002 x14:1c01d060  PA:1c01d060
13016734ns          210112 1c00869c 00a78663 beq              x15, x10, 12        x15:00000002 x10:00000400
13016754ns          210113 1c0086a0 fff88893 addi             x17, x17, -1        x17=0000001e x17:0000001f
13016774ns          210114 1c0086a2 f60895e3 bne              x17, x0, -150       x17:0000001e
13016833ns          210117 1c00860c 00432e0b p.lw             x28, 4(x6!)         x28=dead0302  x6=10001f44  x6:10001f40  PA:10001f40
13016853ns          210118 1c008610 0045a783 lw               x15, 4(x11)         x15=00000002 x11:1c01c058  PA:1c01c05c
13017172ns          210134 1c008612 00178793 addi             x15, x15, 1         x15=00000003 x15:00000002
13017191ns          210135 1c008614 0aa78363 beq              x15, x10, 166       x15:00000003 x10:00000400
13017211ns          210136 1c008618 0005a803 lw               x16, 0(x11)         x16=00000002 x11:1c01c058  PA:1c01c058
13017530ns          210152 1c00861c fef80ae3 beq              x16, x15, -12       x16:00000002 x15:00000003
13017549ns          210153 1c008620 0045a783 lw               x15, 4(x11)         x15=00000002 x11:1c01c058  PA:1c01c05c
13017888ns          210170 1c008622 00279793 slli             x15, x15, 0x2       x15=00000008 x15:00000002
13017908ns          210171 1c008624 01cde7a3 p.sw             x28, x0(x27)        x28:dead0302 x27:1c01b058  PA:1c01b060
13018226ns          210187 1c008628 0045a783 lw               x15, 4(x11)         x15=00000002 x11:1c01c058  PA:1c01c05c
13018544ns          210203 1c00862a 00178793 addi             x15, x15, 1         x15=00000003 x15:00000002
13018564ns          210204 1c00862c 00f5a223 sw               x15, 4(x11)         x15:00000003 x11:1c01c058  PA:1c01c05c
13018882ns          210220 1c00862e 0045a783 lw               x15, 4(x11)         x15=00000003 x11:1c01c058  PA:1c01c05c
13019220ns          210237 1c008630 00a79463 bne              x15, x10, 8         x15:00000003 x10:00000400
13019280ns          210240 1c008638 00462783 lw               x15, 4(x12)         x15=00000002 x12:1c016028  PA:1c01602c
13019598ns          210256 1c00863a 00178793 addi             x15, x15, 1         x15=00000003 x15:00000002
13019618ns          210257 1c00863c 06a78c63 beq              x15, x10, 120       x15:00000003 x10:00000400
13019638ns          210258 1c008640 00062803 lw               x16, 0(x12)         x16=00000002 x12:1c016028  PA:1c016028
13019956ns          210274 1c008644 fef80ae3 beq              x16, x15, -12       x16:00000002 x15:00000003
13019976ns          210275 1c008648 00462783 lw               x15, 4(x12)         x15=00000002 x12:1c016028  PA:1c01602c
13020294ns          210291 1c00864a 00279793 slli             x15, x15, 0x2       x15=00000008 x15:00000002
13020314ns          210292 1c00864c 01cd67a3 p.sw             x28, x0(x26)        x28:dead0302 x26:1c015028  PA:1c015030
13020652ns          210309 1c008650 00462783 lw               x15, 4(x12)         x15=00000002 x12:1c016028  PA:1c01602c
13020971ns          210325 1c008652 00178793 addi             x15, x15, 1         x15=00000003 x15:00000002
13020991ns          210326 1c008654 00f62223 sw               x15, 4(x12)         x15:00000003 x12:1c016028  PA:1c01602c
13021309ns          210342 1c008656 00462783 lw               x15, 4(x12)         x15=00000003 x12:1c016028  PA:1c01602c
13021627ns          210358 1c008658 00a79463 bne              x15, x10, 8         x15:00000003 x10:00000400
13021687ns          210361 1c008660 0006a803 lw               x16, 0(x13)         x16=00000002 x13:1c01f070  PA:1c01f070
13021985ns          210376 1c008664 0046a783 lw               x15, 4(x13)         x15=00000003 x13:1c01f070  PA:1c01f074
13022303ns          210392 1c008666 fef80de3 beq              x16, x15, -6        x16:00000002 x15:00000003
13022323ns          210393 1c00866a 0006a783 lw               x15, 0(x13)         x15=00000002 x13:1c01f070  PA:1c01f070
13022642ns          210409 1c00866c 00279793 slli             x15, x15, 0x2       x15=00000008 x15:00000002
13022661ns          210410 1c00866e 20faf783 lw               x15, x15(x21)       x15=dead0202 x15:00000008 x21:1c01e070  PA:1c01e078
13022960ns          210425 1c008672 0006a783 lw               x15, 0(x13)         x15=00000002 x13:1c01f070  PA:1c01f070
13023298ns          210442 1c008674 00178793 addi             x15, x15, 1         x15=00000003 x15:00000002
13023318ns          210443 1c008676 00f6a023 sw               x15, 0(x13)         x15:00000003 x13:1c01f070  PA:1c01f070
13023636ns          210459 1c008678 0006a783 lw               x15, 0(x13)         x15=00000003 x13:1c01f070  PA:1c01f070
13023954ns          210475 1c00867a 00a79463 bne              x15, x10, 8         x15:00000003 x10:00000400
13024034ns          210479 1c008682 00072803 lw               x16, 0(x14)         x16=00000002 x14:1c01d060  PA:1c01d060
13024332ns          210494 1c008686 00472783 lw               x15, 4(x14)         x15=00000003 x14:1c01d060  PA:1c01d064
13024670ns          210511 1c008688 fef80de3 beq              x16, x15, -6        x16:00000002 x15:00000003
13024690ns          210512 1c00868c 00072783 lw               x15, 0(x14)         x15=00000002 x14:1c01d060  PA:1c01d060
13025009ns          210528 1c00868e 00279793 slli             x15, x15, 0x2       x15=00000008 x15:00000002
13025028ns          210529 1c008690 20fa7783 lw               x15, x15(x20)       x15=dead0102 x15:00000008 x20:1c01c060  PA:1c01c068
13025327ns          210544 1c008694 00072783 lw               x15, 0(x14)         x15=00000002 x14:1c01d060  PA:1c01d060
13025645ns          210560 1c008696 00178793 addi             x15, x15, 1         x15=00000003 x15:00000002
13025665ns          210561 1c008698 00f72023 sw               x15, 0(x14)         x15:00000003 x14:1c01d060  PA:1c01d060
13025983ns          210577 1c00869a 00072783 lw               x15, 0(x14)         x15=00000003 x14:1c01d060  PA:1c01d060
13026301ns          210593 1c00869c 00a78663 beq              x15, x10, 12        x15:00000003 x10:00000400
13026321ns          210594 1c0086a0 fff88893 addi             x17, x17, -1        x17=0000001d x17:0000001e
13026341ns          210595 1c0086a2 f60895e3 bne              x17, x0, -150       x17:0000001d
13026401ns          210598 1c00860c 00432e0b p.lw             x28, 4(x6!)         x28=dead0303  x6=10001f48  x6:10001f44  PA:10001f44
13026421ns          210599 1c008610 0045a783 lw               x15, 4(x11)         x15=00000003 x11:1c01c058  PA:1c01c05c
13026739ns          210615 1c008612 00178793 addi             x15, x15, 1         x15=00000004 x15:00000003
13026759ns          210616 1c008614 0aa78363 beq              x15, x10, 166       x15:00000004 x10:00000400
13026779ns          210617 1c008618 0005a803 lw               x16, 0(x11)         x16=00000003 x11:1c01c058  PA:1c01c058
13027097ns          210633 1c00861c fef80ae3 beq              x16, x15, -12       x16:00000003 x15:00000004
13027117ns          210634 1c008620 0045a783 lw               x15, 4(x11)         x15=00000003 x11:1c01c058  PA:1c01c05c
13027435ns          210650 1c008622 00279793 slli             x15, x15, 0x2       x15=0000000c x15:00000003
13027455ns          210651 1c008624 01cde7a3 p.sw             x28, x0(x27)        x28:dead0303 x27:1c01b058  PA:1c01b064
13027773ns          210667 1c008628 0045a783 lw               x15, 4(x11)         x15=00000003 x11:1c01c058  PA:1c01c05c
13028092ns          210683 1c00862a 00178793 addi             x15, x15, 1         x15=00000004 x15:00000003
13028111ns          210684 1c00862c 00f5a223 sw               x15, 4(x11)         x15:00000004 x11:1c01c058  PA:1c01c05c
13028430ns          210700 1c00862e 0045a783 lw               x15, 4(x11)         x15=00000004 x11:1c01c058  PA:1c01c05c
13028748ns          210716 1c008630 00a79463 bne              x15, x10, 8         x15:00000004 x10:00000400
13028808ns          210719 1c008638 00462783 lw               x15, 4(x12)         x15=00000003 x12:1c016028  PA:1c01602c
13029126ns          210735 1c00863a 00178793 addi             x15, x15, 1         x15=00000004 x15:00000003
13029146ns          210736 1c00863c 06a78c63 beq              x15, x10, 120       x15:00000004 x10:00000400
13029166ns          210737 1c008640 00062803 lw               x16, 0(x12)         x16=00000003 x12:1c016028  PA:1c016028
13029484ns          210753 1c008644 fef80ae3 beq              x16, x15, -12       x16:00000003 x15:00000004
13029504ns          210754 1c008648 00462783 lw               x15, 4(x12)         x15=00000003 x12:1c016028  PA:1c01602c
13029822ns          210770 1c00864a 00279793 slli             x15, x15, 0x2       x15=0000000c x15:00000003
13029842ns          210771 1c00864c 01cd67a3 p.sw             x28, x0(x26)        x28:dead0303 x26:1c015028  PA:1c015034
13030160ns          210787 1c008650 00462783 lw               x15, 4(x12)         x15=00000003 x12:1c016028  PA:1c01602c
13030478ns          210803 1c008652 00178793 addi             x15, x15, 1         x15=00000004 x15:00000003
13030498ns          210804 1c008654 00f62223 sw               x15, 4(x12)         x15:00000004 x12:1c016028  PA:1c01602c
13030817ns          210820 1c008656 00462783 lw               x15, 4(x12)         x15=00000004 x12:1c016028  PA:1c01602c
13031135ns          210836 1c008658 00a79463 bne              x15, x10, 8         x15:00000004 x10:00000400
13031195ns          210839 1c008660 0006a803 lw               x16, 0(x13)         x16=00000003 x13:1c01f070  PA:1c01f070
13031493ns          210854 1c008664 0046a783 lw               x15, 4(x13)         x15=00000004 x13:1c01f070  PA:1c01f074
13031811ns          210870 1c008666 fef80de3 beq              x16, x15, -6        x16:00000003 x15:00000004
13031831ns          210871 1c00866a 0006a783 lw               x15, 0(x13)         x15=00000003 x13:1c01f070  PA:1c01f070
13032149ns          210887 1c00866c 00279793 slli             x15, x15, 0x2       x15=0000000c x15:00000003
13032169ns          210888 1c00866e 20faf783 lw               x15, x15(x21)       x15=dead0203 x15:0000000c x21:1c01e070  PA:1c01e07c
13032468ns          210903 1c008672 0006a783 lw               x15, 0(x13)         x15=00000003 x13:1c01f070  PA:1c01f070
13032806ns          210920 1c008674 00178793 addi             x15, x15, 1         x15=00000004 x15:00000003
13032826ns          210921 1c008676 00f6a023 sw               x15, 0(x13)         x15:00000004 x13:1c01f070  PA:1c01f070
13033144ns          210937 1c008678 0006a783 lw               x15, 0(x13)         x15=00000004 x13:1c01f070  PA:1c01f070
13033462ns          210953 1c00867a 00a79463 bne              x15, x10, 8         x15:00000004 x10:00000400
13033542ns          210957 1c008682 00072803 lw               x16, 0(x14)         x16=00000003 x14:1c01d060  PA:1c01d060
13033860ns          210973 1c008686 00472783 lw               x15, 4(x14)         x15=00000004 x14:1c01d060  PA:1c01d064
13034178ns          210989 1c008688 fef80de3 beq              x16, x15, -6        x16:00000003 x15:00000004
13034198ns          210990 1c00868c 00072783 lw               x15, 0(x14)         x15=00000003 x14:1c01d060  PA:1c01d060
13034516ns          211006 1c00868e 00279793 slli             x15, x15, 0x2       x15=0000000c x15:00000003
13034536ns          211007 1c008690 20fa7783 lw               x15, x15(x20)       x15=dead0103 x15:0000000c x20:1c01c060  PA:1c01c06c
13034835ns          211022 1c008694 00072783 lw               x15, 0(x14)         x15=00000003 x14:1c01d060  PA:1c01d060
13035153ns          211038 1c008696 00178793 addi             x15, x15, 1         x15=00000004 x15:00000003
13035173ns          211039 1c008698 00f72023 sw               x15, 0(x14)         x15:00000004 x14:1c01d060  PA:1c01d060
13035491ns          211055 1c00869a 00072783 lw               x15, 0(x14)         x15=00000004 x14:1c01d060  PA:1c01d060
13035809ns          211071 1c00869c 00a78663 beq              x15, x10, 12        x15:00000004 x10:00000400
13035829ns          211072 1c0086a0 fff88893 addi             x17, x17, -1        x17=0000001c x17:0000001d
13035849ns          211073 1c0086a2 f60895e3 bne              x17, x0, -150       x17:0000001c
13035909ns          211076 1c00860c 00432e0b p.lw             x28, 4(x6!)         x28=dead0304  x6=10001f4c  x6:10001f48  PA:10001f48
13035929ns          211077 1c008610 0045a783 lw               x15, 4(x11)         x15=00000004 x11:1c01c058  PA:1c01c05c
13036247ns          211093 1c008612 00178793 addi             x15, x15, 1         x15=00000005 x15:00000004
13036267ns          211094 1c008614 0aa78363 beq              x15, x10, 166       x15:00000005 x10:00000400
13036287ns          211095 1c008618 0005a803 lw               x16, 0(x11)         x16=00000004 x11:1c01c058  PA:1c01c058
13036625ns          211112 1c00861c fef80ae3 beq              x16, x15, -12       x16:00000004 x15:00000005
13036645ns          211113 1c008620 0045a783 lw               x15, 4(x11)         x15=00000004 x11:1c01c058  PA:1c01c05c
13036963ns          211129 1c008622 00279793 slli             x15, x15, 0x2       x15=00000010 x15:00000004
13036983ns          211130 1c008624 01cde7a3 p.sw             x28, x0(x27)        x28:dead0304 x27:1c01b058  PA:1c01b068
13037301ns          211146 1c008628 0045a783 lw               x15, 4(x11)         x15=00000004 x11:1c01c058  PA:1c01c05c
13037619ns          211162 1c00862a 00178793 addi             x15, x15, 1         x15=00000005 x15:00000004
13037639ns          211163 1c00862c 00f5a223 sw               x15, 4(x11)         x15:00000005 x11:1c01c058  PA:1c01c05c
13037957ns          211179 1c00862e 0045a783 lw               x15, 4(x11)         x15=00000005 x11:1c01c058  PA:1c01c05c
13038276ns          211195 1c008630 00a79463 bne              x15, x10, 8         x15:00000005 x10:00000400
13038335ns          211198 1c008638 00462783 lw               x15, 4(x12)         x15=00000004 x12:1c016028  PA:1c01602c
13038654ns          211214 1c00863a 00178793 addi             x15, x15, 1         x15=00000005 x15:00000004
13038673ns          211215 1c00863c 06a78c63 beq              x15, x10, 120       x15:00000005 x10:00000400
13038693ns          211216 1c008640 00062803 lw               x16, 0(x12)         x16=00000004 x12:1c016028  PA:1c016028
13039012ns          211232 1c008644 fef80ae3 beq              x16, x15, -12       x16:00000004 x15:00000005
13039031ns          211233 1c008648 00462783 lw               x15, 4(x12)         x15=00000004 x12:1c016028  PA:1c01602c
13039350ns          211249 1c00864a 00279793 slli             x15, x15, 0x2       x15=00000010 x15:00000004
13039370ns          211250 1c00864c 01cd67a3 p.sw             x28, x0(x26)        x28:dead0304 x26:1c015028  PA:1c015038
13039688ns          211266 1c008650 00462783 lw               x15, 4(x12)         x15=00000004 x12:1c016028  PA:1c01602c
13040006ns          211282 1c008652 00178793 addi             x15, x15, 1         x15=00000005 x15:00000004
13040026ns          211283 1c008654 00f62223 sw               x15, 4(x12)         x15:00000005 x12:1c016028  PA:1c01602c
13040344ns          211299 1c008656 00462783 lw               x15, 4(x12)         x15=00000005 x12:1c016028  PA:1c01602c
13040663ns          211315 1c008658 00a79463 bne              x15, x10, 8         x15:00000005 x10:00000400
13040722ns          211318 1c008660 0006a803 lw               x16, 0(x13)         x16=00000004 x13:1c01f070  PA:1c01f070
13041021ns          211333 1c008664 0046a783 lw               x15, 4(x13)         x15=00000005 x13:1c01f070  PA:1c01f074
13041339ns          211349 1c008666 fef80de3 beq              x16, x15, -6        x16:00000004 x15:00000005
13041359ns          211350 1c00866a 0006a783 lw               x15, 0(x13)         x15=00000004 x13:1c01f070  PA:1c01f070
13041677ns          211366 1c00866c 00279793 slli             x15, x15, 0x2       x15=00000010 x15:00000004
13041697ns          211367 1c00866e 20faf783 lw               x15, x15(x21)       x15=dead0204 x15:00000010 x21:1c01e070  PA:1c01e080
13041995ns          211382 1c008672 0006a783 lw               x15, 0(x13)         x15=00000004 x13:1c01f070  PA:1c01f070
13042313ns          211398 1c008674 00178793 addi             x15, x15, 1         x15=00000005 x15:00000004
13042333ns          211399 1c008676 00f6a023 sw               x15, 0(x13)         x15:00000005 x13:1c01f070  PA:1c01f070
13042652ns          211415 1c008678 0006a783 lw               x15, 0(x13)         x15=00000005 x13:1c01f070  PA:1c01f070
13042990ns          211432 1c00867a 00a79463 bne              x15, x10, 8         x15:00000005 x10:00000400
13043069ns          211436 1c008682 00072803 lw               x16, 0(x14)         x16=00000004 x14:1c01d060  PA:1c01d060
13043368ns          211451 1c008686 00472783 lw               x15, 4(x14)         x15=00000005 x14:1c01d060  PA:1c01d064
13043686ns          211467 1c008688 fef80de3 beq              x16, x15, -6        x16:00000004 x15:00000005
13043706ns          211468 1c00868c 00072783 lw               x15, 0(x14)         x15=00000004 x14:1c01d060  PA:1c01d060
13044024ns          211484 1c00868e 00279793 slli             x15, x15, 0x2       x15=00000010 x15:00000004
13044044ns          211485 1c008690 20fa7783 lw               x15, x15(x20)       x15=dead0104 x15:00000010 x20:1c01c060  PA:1c01c070
13044342ns          211500 1c008694 00072783 lw               x15, 0(x14)         x15=00000004 x14:1c01d060  PA:1c01d060
13044680ns          211517 1c008696 00178793 addi             x15, x15, 1         x15=00000005 x15:00000004
13044700ns          211518 1c008698 00f72023 sw               x15, 0(x14)         x15:00000005 x14:1c01d060  PA:1c01d060
13045019ns          211534 1c00869a 00072783 lw               x15, 0(x14)         x15=00000005 x14:1c01d060  PA:1c01d060
13045337ns          211550 1c00869c 00a78663 beq              x15, x10, 12        x15:00000005 x10:00000400
13045357ns          211551 1c0086a0 fff88893 addi             x17, x17, -1        x17=0000001b x17:0000001c
13045377ns          211552 1c0086a2 f60895e3 bne              x17, x0, -150       x17:0000001b
13045436ns          211555 1c00860c 00432e0b p.lw             x28, 4(x6!)         x28=dead0305  x6=10001f50  x6:10001f4c  PA:10001f4c
13045456ns          211556 1c008610 0045a783 lw               x15, 4(x11)         x15=00000005 x11:1c01c058  PA:1c01c05c
13045774ns          211572 1c008612 00178793 addi             x15, x15, 1         x15=00000006 x15:00000005
13045794ns          211573 1c008614 0aa78363 beq              x15, x10, 166       x15:00000006 x10:00000400
13045814ns          211574 1c008618 0005a803 lw               x16, 0(x11)         x16=00000005 x11:1c01c058  PA:1c01c058
13046132ns          211590 1c00861c fef80ae3 beq              x16, x15, -12       x16:00000005 x15:00000006
13046152ns          211591 1c008620 0045a783 lw               x15, 4(x11)         x15=00000005 x11:1c01c058  PA:1c01c05c
13046471ns          211607 1c008622 00279793 slli             x15, x15, 0x2       x15=00000014 x15:00000005
13046491ns          211608 1c008624 01cde7a3 p.sw             x28, x0(x27)        x28:dead0305 x27:1c01b058  PA:1c01b06c
13046809ns          211624 1c008628 0045a783 lw               x15, 4(x11)         x15=00000005 x11:1c01c058  PA:1c01c05c
13047127ns          211640 1c00862a 00178793 addi             x15, x15, 1         x15=00000006 x15:00000005
13047147ns          211641 1c00862c 00f5a223 sw               x15, 4(x11)         x15:00000006 x11:1c01c058  PA:1c01c05c
13047465ns          211657 1c00862e 0045a783 lw               x15, 4(x11)         x15=00000006 x11:1c01c058  PA:1c01c05c
13047783ns          211673 1c008630 00a79463 bne              x15, x10, 8         x15:00000006 x10:00000400
13047843ns          211676 1c008638 00462783 lw               x15, 4(x12)         x15=00000005 x12:1c016028  PA:1c01602c
13048161ns          211692 1c00863a 00178793 addi             x15, x15, 1         x15=00000006 x15:00000005
13048181ns          211693 1c00863c 06a78c63 beq              x15, x10, 120       x15:00000006 x10:00000400
13048201ns          211694 1c008640 00062803 lw               x16, 0(x12)         x16=00000005 x12:1c016028  PA:1c016028
13048539ns          211711 1c008644 fef80ae3 beq              x16, x15, -12       x16:00000005 x15:00000006
13048559ns          211712 1c008648 00462783 lw               x15, 4(x12)         x15=00000005 x12:1c016028  PA:1c01602c
13048877ns          211728 1c00864a 00279793 slli             x15, x15, 0x2       x15=00000014 x15:00000005
13048897ns          211729 1c00864c 01cd67a3 p.sw             x28, x0(x26)        x28:dead0305 x26:1c015028  PA:1c01503c
13049216ns          211745 1c008650 00462783 lw               x15, 4(x12)         x15=00000005 x12:1c016028  PA:1c01602c
13049534ns          211761 1c008652 00178793 addi             x15, x15, 1         x15=00000006 x15:00000005
13049554ns          211762 1c008654 00f62223 sw               x15, 4(x12)         x15:00000006 x12:1c016028  PA:1c01602c
13049892ns          211779 1c008656 00462783 lw               x15, 4(x12)         x15=00000006 x12:1c016028  PA:1c01602c
13050210ns          211795 1c008658 00a79463 bne              x15, x10, 8         x15:00000006 x10:00000400
13050270ns          211798 1c008660 0006a803 lw               x16, 0(x13)         x16=00000005 x13:1c01f070  PA:1c01f070
13050568ns          211813 1c008664 0046a783 lw               x15, 4(x13)         x15=00000006 x13:1c01f070  PA:1c01f074
13050886ns          211829 1c008666 fef80de3 beq              x16, x15, -6        x16:00000005 x15:00000006
13050906ns          211830 1c00866a 0006a783 lw               x15, 0(x13)         x15=00000005 x13:1c01f070  PA:1c01f070
13051244ns          211847 1c00866c 00279793 slli             x15, x15, 0x2       x15=00000014 x15:00000005
13051264ns          211848 1c00866e 20faf783 lw               x15, x15(x21)       x15=dead0205 x15:00000014 x21:1c01e070  PA:1c01e084
13051563ns          211863 1c008672 0006a783 lw               x15, 0(x13)         x15=00000005 x13:1c01f070  PA:1c01f070
13051881ns          211879 1c008674 00178793 addi             x15, x15, 1         x15=00000006 x15:00000005
13051901ns          211880 1c008676 00f6a023 sw               x15, 0(x13)         x15:00000006 x13:1c01f070  PA:1c01f070
13052219ns          211896 1c008678 0006a783 lw               x15, 0(x13)         x15=00000006 x13:1c01f070  PA:1c01f070
13052557ns          211913 1c00867a 00a79463 bne              x15, x10, 8         x15:00000006 x10:00000400
13052637ns          211917 1c008682 00072803 lw               x16, 0(x14)         x16=00000005 x14:1c01d060  PA:1c01d060
13052935ns          211932 1c008686 00472783 lw               x15, 4(x14)         x15=00000006 x14:1c01d060  PA:1c01d064
13053253ns          211948 1c008688 fef80de3 beq              x16, x15, -6        x16:00000005 x15:00000006
13053273ns          211949 1c00868c 00072783 lw               x15, 0(x14)         x15=00000005 x14:1c01d060  PA:1c01d060
13053592ns          211965 1c00868e 00279793 slli             x15, x15, 0x2       x15=00000014 x15:00000005
13053611ns          211966 1c008690 20fa7783 lw               x15, x15(x20)       x15=dead0105 x15:00000014 x20:1c01c060  PA:1c01c074
13053930ns          211982 1c008694 00072783 lw               x15, 0(x14)         x15=00000005 x14:1c01d060  PA:1c01d060
13054248ns          211998 1c008696 00178793 addi             x15, x15, 1         x15=00000006 x15:00000005
13054268ns          211999 1c008698 00f72023 sw               x15, 0(x14)         x15:00000006 x14:1c01d060  PA:1c01d060
13054586ns          212015 1c00869a 00072783 lw               x15, 0(x14)         x15=00000006 x14:1c01d060  PA:1c01d060
13054904ns          212031 1c00869c 00a78663 beq              x15, x10, 12        x15:00000006 x10:00000400
13054924ns          212032 1c0086a0 fff88893 addi             x17, x17, -1        x17=0000001a x17:0000001b
13054944ns          212033 1c0086a2 f60895e3 bne              x17, x0, -150       x17:0000001a
13055004ns          212036 1c00860c 00432e0b p.lw             x28, 4(x6!)         x28=dead0306  x6=10001f54  x6:10001f50  PA:10001f50
13055024ns          212037 1c008610 0045a783 lw               x15, 4(x11)         x15=00000006 x11:1c01c058  PA:1c01c05c
13055342ns          212053 1c008612 00178793 addi             x15, x15, 1         x15=00000007 x15:00000006
13055362ns          212054 1c008614 0aa78363 beq              x15, x10, 166       x15:00000007 x10:00000400
13055382ns          212055 1c008618 0005a803 lw               x16, 0(x11)         x16=00000006 x11:1c01c058  PA:1c01c058
13055700ns          212071 1c00861c fef80ae3 beq              x16, x15, -12       x16:00000006 x15:00000007
13055720ns          212072 1c008620 0045a783 lw               x15, 4(x11)         x15=00000006 x11:1c01c058  PA:1c01c05c
13056038ns          212088 1c008622 00279793 slli             x15, x15, 0x2       x15=00000018 x15:00000006
13056058ns          212089 1c008624 01cde7a3 p.sw             x28, x0(x27)        x28:dead0306 x27:1c01b058  PA:1c01b070
13056376ns          212105 1c008628 0045a783 lw               x15, 4(x11)         x15=00000006 x11:1c01c058  PA:1c01c05c
13056694ns          212121 1c00862a 00178793 addi             x15, x15, 1         x15=00000007 x15:00000006
13056714ns          212122 1c00862c 00f5a223 sw               x15, 4(x11)         x15:00000007 x11:1c01c058  PA:1c01c05c
13057033ns          212138 1c00862e 0045a783 lw               x15, 4(x11)         x15=00000007 x11:1c01c058  PA:1c01c05c
13057351ns          212154 1c008630 00a79463 bne              x15, x10, 8         x15:00000007 x10:00000400
13057411ns          212157 1c008638 00462783 lw               x15, 4(x12)         x15=00000006 x12:1c016028  PA:1c01602c
13057729ns          212173 1c00863a 00178793 addi             x15, x15, 1         x15=00000007 x15:00000006
13057749ns          212174 1c00863c 06a78c63 beq              x15, x10, 120       x15:00000007 x10:00000400
13057769ns          212175 1c008640 00062803 lw               x16, 0(x12)         x16=00000006 x12:1c016028  PA:1c016028
13058087ns          212191 1c008644 fef80ae3 beq              x16, x15, -12       x16:00000006 x15:00000007
13058107ns          212192 1c008648 00462783 lw               x15, 4(x12)         x15=00000006 x12:1c016028  PA:1c01602c
13058425ns          212208 1c00864a 00279793 slli             x15, x15, 0x2       x15=00000018 x15:00000006
13058445ns          212209 1c00864c 01cd67a3 p.sw             x28, x0(x26)        x28:dead0306 x26:1c015028  PA:1c015040
13058763ns          212225 1c008650 00462783 lw               x15, 4(x12)         x15=00000006 x12:1c016028  PA:1c01602c
13059081ns          212241 1c008652 00178793 addi             x15, x15, 1         x15=00000007 x15:00000006
13059101ns          212242 1c008654 00f62223 sw               x15, 4(x12)         x15:00000007 x12:1c016028  PA:1c01602c
13059420ns          212258 1c008656 00462783 lw               x15, 4(x12)         x15=00000007 x12:1c016028  PA:1c01602c
13059738ns          212274 1c008658 00a79463 bne              x15, x10, 8         x15:00000007 x10:00000400
13059797ns          212277 1c008660 0006a803 lw               x16, 0(x13)         x16=00000006 x13:1c01f070  PA:1c01f070
13060096ns          212292 1c008664 0046a783 lw               x15, 4(x13)         x15=00000007 x13:1c01f070  PA:1c01f074
13060414ns          212308 1c008666 fef80de3 beq              x16, x15, -6        x16:00000006 x15:00000007
13060434ns          212309 1c00866a 0006a783 lw               x15, 0(x13)         x15=00000006 x13:1c01f070  PA:1c01f070
13060752ns          212325 1c00866c 00279793 slli             x15, x15, 0x2       x15=00000018 x15:00000006
13060772ns          212326 1c00866e 20faf783 lw               x15, x15(x21)       x15=dead0206 x15:00000018 x21:1c01e070  PA:1c01e088
13061070ns          212341 1c008672 0006a783 lw               x15, 0(x13)         x15=00000006 x13:1c01f070  PA:1c01f070
13061409ns          212358 1c008674 00178793 addi             x15, x15, 1         x15=00000007 x15:00000006
13061428ns          212359 1c008676 00f6a023 sw               x15, 0(x13)         x15:00000007 x13:1c01f070  PA:1c01f070
13061747ns          212375 1c008678 0006a783 lw               x15, 0(x13)         x15=00000007 x13:1c01f070  PA:1c01f070
13062065ns          212391 1c00867a 00a79463 bne              x15, x10, 8         x15:00000007 x10:00000400
13062145ns          212395 1c008682 00072803 lw               x16, 0(x14)         x16=00000006 x14:1c01d060  PA:1c01d060
13062443ns          212410 1c008686 00472783 lw               x15, 4(x14)         x15=00000007 x14:1c01d060  PA:1c01d064
13062761ns          212426 1c008688 fef80de3 beq              x16, x15, -6        x16:00000006 x15:00000007
13062781ns          212427 1c00868c 00072783 lw               x15, 0(x14)         x15=00000006 x14:1c01d060  PA:1c01d060
13063099ns          212443 1c00868e 00279793 slli             x15, x15, 0x2       x15=00000018 x15:00000006
13063119ns          212444 1c008690 20fa7783 lw               x15, x15(x20)       x15=dead0106 x15:00000018 x20:1c01c060  PA:1c01c078
13063418ns          212459 1c008694 00072783 lw               x15, 0(x14)         x15=00000006 x14:1c01d060  PA:1c01d060
13063736ns          212475 1c008696 00178793 addi             x15, x15, 1         x15=00000007 x15:00000006
13063756ns          212476 1c008698 00f72023 sw               x15, 0(x14)         x15:00000007 x14:1c01d060  PA:1c01d060
13064074ns          212492 1c00869a 00072783 lw               x15, 0(x14)         x15=00000007 x14:1c01d060  PA:1c01d060
13064392ns          212508 1c00869c 00a78663 beq              x15, x10, 12        x15:00000007 x10:00000400
13064412ns          212509 1c0086a0 fff88893 addi             x17, x17, -1        x17=00000019 x17:0000001a
13064432ns          212510 1c0086a2 f60895e3 bne              x17, x0, -150       x17:00000019
13064492ns          212513 1c00860c 00432e0b p.lw             x28, 4(x6!)         x28=dead0307  x6=10001f58  x6:10001f54  PA:10001f54
13064512ns          212514 1c008610 0045a783 lw               x15, 4(x11)         x15=00000007 x11:1c01c058  PA:1c01c05c
13064830ns          212530 1c008612 00178793 addi             x15, x15, 1         x15=00000008 x15:00000007
13064850ns          212531 1c008614 0aa78363 beq              x15, x10, 166       x15:00000008 x10:00000400
13064870ns          212532 1c008618 0005a803 lw               x16, 0(x11)         x16=00000007 x11:1c01c058  PA:1c01c058
13065188ns          212548 1c00861c fef80ae3 beq              x16, x15, -12       x16:00000007 x15:00000008
13065208ns          212549 1c008620 0045a783 lw               x15, 4(x11)         x15=00000007 x11:1c01c058  PA:1c01c05c
13065526ns          212565 1c008622 00279793 slli             x15, x15, 0x2       x15=0000001c x15:00000007
13065546ns          212566 1c008624 01cde7a3 p.sw             x28, x0(x27)        x28:dead0307 x27:1c01b058  PA:1c01b074
13065884ns          212583 1c008628 0045a783 lw               x15, 4(x11)         x15=00000007 x11:1c01c058  PA:1c01c05c
13066202ns          212599 1c00862a 00178793 addi             x15, x15, 1         x15=00000008 x15:00000007
13066222ns          212600 1c00862c 00f5a223 sw               x15, 4(x11)         x15:00000008 x11:1c01c058  PA:1c01c05c
13066540ns          212616 1c00862e 0045a783 lw               x15, 4(x11)         x15=00000008 x11:1c01c058  PA:1c01c05c
13066859ns          212632 1c008630 00a79463 bne              x15, x10, 8         x15:00000008 x10:00000400
13066918ns          212635 1c008638 00462783 lw               x15, 4(x12)         x15=00000007 x12:1c016028  PA:1c01602c
13067256ns          212652 1c00863a 00178793 addi             x15, x15, 1         x15=00000008 x15:00000007
13067276ns          212653 1c00863c 06a78c63 beq              x15, x10, 120       x15:00000008 x10:00000400
13067296ns          212654 1c008640 00062803 lw               x16, 0(x12)         x16=00000007 x12:1c016028  PA:1c016028
13067614ns          212670 1c008644 fef80ae3 beq              x16, x15, -12       x16:00000007 x15:00000008
13067634ns          212671 1c008648 00462783 lw               x15, 4(x12)         x15=00000007 x12:1c016028  PA:1c01602c
13067953ns          212687 1c00864a 00279793 slli             x15, x15, 0x2       x15=0000001c x15:00000007
13067973ns          212688 1c00864c 01cd67a3 p.sw             x28, x0(x26)        x28:dead0307 x26:1c015028  PA:1c015044
13068291ns          212704 1c008650 00462783 lw               x15, 4(x12)         x15=00000007 x12:1c016028  PA:1c01602c
13068609ns          212720 1c008652 00178793 addi             x15, x15, 1         x15=00000008 x15:00000007
13068629ns          212721 1c008654 00f62223 sw               x15, 4(x12)         x15:00000008 x12:1c016028  PA:1c01602c
13068947ns          212737 1c008656 00462783 lw               x15, 4(x12)         x15=00000008 x12:1c016028  PA:1c01602c
13069265ns          212753 1c008658 00a79463 bne              x15, x10, 8         x15:00000008 x10:00000400
13069325ns          212756 1c008660 0006a803 lw               x16, 0(x13)         x16=00000007 x13:1c01f070  PA:1c01f070
13069623ns          212771 1c008664 0046a783 lw               x15, 4(x13)         x15=00000008 x13:1c01f070  PA:1c01f074
13069942ns          212787 1c008666 fef80de3 beq              x16, x15, -6        x16:00000007 x15:00000008
13069962ns          212788 1c00866a 0006a783 lw               x15, 0(x13)         x15=00000007 x13:1c01f070  PA:1c01f070
13070280ns          212804 1c00866c 00279793 slli             x15, x15, 0x2       x15=0000001c x15:00000007
13070300ns          212805 1c00866e 20faf783 lw               x15, x15(x21)       x15=dead0207 x15:0000001c x21:1c01e070  PA:1c01e08c
13070598ns          212820 1c008672 0006a783 lw               x15, 0(x13)         x15=00000007 x13:1c01f070  PA:1c01f070
13070936ns          212837 1c008674 00178793 addi             x15, x15, 1         x15=00000008 x15:00000007
13070956ns          212838 1c008676 00f6a023 sw               x15, 0(x13)         x15:00000008 x13:1c01f070  PA:1c01f070
13071274ns          212854 1c008678 0006a783 lw               x15, 0(x13)         x15=00000008 x13:1c01f070  PA:1c01f070
13071593ns          212870 1c00867a 00a79463 bne              x15, x10, 8         x15:00000008 x10:00000400
13071672ns          212874 1c008682 00072803 lw               x16, 0(x14)         x16=00000007 x14:1c01d060  PA:1c01d060
13071971ns          212889 1c008686 00472783 lw               x15, 4(x14)         x15=00000008 x14:1c01d060  PA:1c01d064
13072289ns          212905 1c008688 fef80de3 beq              x16, x15, -6        x16:00000007 x15:00000008
13072309ns          212906 1c00868c 00072783 lw               x15, 0(x14)         x15=00000007 x14:1c01d060  PA:1c01d060
13072627ns          212922 1c00868e 00279793 slli             x15, x15, 0x2       x15=0000001c x15:00000007
13072647ns          212923 1c008690 20fa7783 lw               x15, x15(x20)       x15=dead0107 x15:0000001c x20:1c01c060  PA:1c01c07c
13072945ns          212938 1c008694 00072783 lw               x15, 0(x14)         x15=00000007 x14:1c01d060  PA:1c01d060
13073263ns          212954 1c008696 00178793 addi             x15, x15, 1         x15=00000008 x15:00000007
13073283ns          212955 1c008698 00f72023 sw               x15, 0(x14)         x15:00000008 x14:1c01d060  PA:1c01d060
13073602ns          212971 1c00869a 00072783 lw               x15, 0(x14)         x15=00000008 x14:1c01d060  PA:1c01d060
13073940ns          212988 1c00869c 00a78663 beq              x15, x10, 12        x15:00000008 x10:00000400
13073960ns          212989 1c0086a0 fff88893 addi             x17, x17, -1        x17=00000018 x17:00000019
13073980ns          212990 1c0086a2 f60895e3 bne              x17, x0, -150       x17:00000018
13074039ns          212993 1c00860c 00432e0b p.lw             x28, 4(x6!)         x28=dead0308  x6=10001f5c  x6:10001f58  PA:10001f58
13074059ns          212994 1c008610 0045a783 lw               x15, 4(x11)         x15=00000008 x11:1c01c058  PA:1c01c05c
13074377ns          213010 1c008612 00178793 addi             x15, x15, 1         x15=00000009 x15:00000008
13074397ns          213011 1c008614 0aa78363 beq              x15, x10, 166       x15:00000009 x10:00000400
13074417ns          213012 1c008618 0005a803 lw               x16, 0(x11)         x16=00000008 x11:1c01c058  PA:1c01c058
13074735ns          213028 1c00861c fef80ae3 beq              x16, x15, -12       x16:00000008 x15:00000009
13074755ns          213029 1c008620 0045a783 lw               x15, 4(x11)         x15=00000008 x11:1c01c058  PA:1c01c05c
13075074ns          213045 1c008622 00279793 slli             x15, x15, 0x2       x15=00000020 x15:00000008
13075093ns          213046 1c008624 01cde7a3 p.sw             x28, x0(x27)        x28:dead0308 x27:1c01b058  PA:1c01b078
13075412ns          213062 1c008628 0045a783 lw               x15, 4(x11)         x15=00000008 x11:1c01c058  PA:1c01c05c
13075730ns          213078 1c00862a 00178793 addi             x15, x15, 1         x15=00000009 x15:00000008
13075750ns          213079 1c00862c 00f5a223 sw               x15, 4(x11)         x15:00000009 x11:1c01c058  PA:1c01c05c
13076068ns          213095 1c00862e 0045a783 lw               x15, 4(x11)         x15=00000009 x11:1c01c058  PA:1c01c05c
13076386ns          213111 1c008630 00a79463 bne              x15, x10, 8         x15:00000009 x10:00000400
13076446ns          213114 1c008638 00462783 lw               x15, 4(x12)         x15=00000008 x12:1c016028  PA:1c01602c
13076764ns          213130 1c00863a 00178793 addi             x15, x15, 1         x15=00000009 x15:00000008
13076784ns          213131 1c00863c 06a78c63 beq              x15, x10, 120       x15:00000009 x10:00000400
13076804ns          213132 1c008640 00062803 lw               x16, 0(x12)         x16=00000008 x12:1c016028  PA:1c016028
13077122ns          213148 1c008644 fef80ae3 beq              x16, x15, -12       x16:00000008 x15:00000009
13077142ns          213149 1c008648 00462783 lw               x15, 4(x12)         x15=00000008 x12:1c016028  PA:1c01602c
13077460ns          213165 1c00864a 00279793 slli             x15, x15, 0x2       x15=00000020 x15:00000008
13077480ns          213166 1c00864c 01cd67a3 p.sw             x28, x0(x26)        x28:dead0308 x26:1c015028  PA:1c015048
13077818ns          213183 1c008650 00462783 lw               x15, 4(x12)         x15=00000008 x12:1c016028  PA:1c01602c
13078137ns          213199 1c008652 00178793 addi             x15, x15, 1         x15=00000009 x15:00000008
13078157ns          213200 1c008654 00f62223 sw               x15, 4(x12)         x15:00000009 x12:1c016028  PA:1c01602c
13078475ns          213216 1c008656 00462783 lw               x15, 4(x12)         x15=00000009 x12:1c016028  PA:1c01602c
13078793ns          213232 1c008658 00a79463 bne              x15, x10, 8         x15:00000009 x10:00000400
13078853ns          213235 1c008660 0006a803 lw               x16, 0(x13)         x16=00000008 x13:1c01f070  PA:1c01f070
13079171ns          213251 1c008664 0046a783 lw               x15, 4(x13)         x15=00000009 x13:1c01f070  PA:1c01f074
13079489ns          213267 1c008666 fef80de3 beq              x16, x15, -6        x16:00000008 x15:00000009
13079509ns          213268 1c00866a 0006a783 lw               x15, 0(x13)         x15=00000008 x13:1c01f070  PA:1c01f070
13079827ns          213284 1c00866c 00279793 slli             x15, x15, 0x2       x15=00000020 x15:00000008
13079847ns          213285 1c00866e 20faf783 lw               x15, x15(x21)       x15=dead0208 x15:00000020 x21:1c01e070  PA:1c01e090
13080146ns          213300 1c008672 0006a783 lw               x15, 0(x13)         x15=00000008 x13:1c01f070  PA:1c01f070
13080504ns          213318 1c008674 00178793 addi             x15, x15, 1         x15=00000009 x15:00000008
13080524ns          213319 1c008676 00f6a023 sw               x15, 0(x13)         x15:00000009 x13:1c01f070  PA:1c01f070
13080842ns          213335 1c008678 0006a783 lw               x15, 0(x13)         x15=00000009 x13:1c01f070  PA:1c01f070
13081160ns          213351 1c00867a 00a79463 bne              x15, x10, 8         x15:00000009 x10:00000400
13081240ns          213355 1c008682 00072803 lw               x16, 0(x14)         x16=00000008 x14:1c01d060  PA:1c01d060
13081538ns          213370 1c008686 00472783 lw               x15, 4(x14)         x15=00000009 x14:1c01d060  PA:1c01d064
13081876ns          213387 1c008688 fef80de3 beq              x16, x15, -6        x16:00000008 x15:00000009
13081896ns          213388 1c00868c 00072783 lw               x15, 0(x14)         x15=00000008 x14:1c01d060  PA:1c01d060
13082214ns          213404 1c00868e 00279793 slli             x15, x15, 0x2       x15=00000020 x15:00000008
13082234ns          213405 1c008690 20fa7783 lw               x15, x15(x20)       x15=dead0108 x15:00000020 x20:1c01c060  PA:1c01c080
13082533ns          213420 1c008694 00072783 lw               x15, 0(x14)         x15=00000008 x14:1c01d060  PA:1c01d060
13082851ns          213436 1c008696 00178793 addi             x15, x15, 1         x15=00000009 x15:00000008
13082871ns          213437 1c008698 00f72023 sw               x15, 0(x14)         x15:00000009 x14:1c01d060  PA:1c01d060
13083209ns          213454 1c00869a 00072783 lw               x15, 0(x14)         x15=00000009 x14:1c01d060  PA:1c01d060
13083527ns          213470 1c00869c 00a78663 beq              x15, x10, 12        x15:00000009 x10:00000400
13083547ns          213471 1c0086a0 fff88893 addi             x17, x17, -1        x17=00000017 x17:00000018
13083567ns          213472 1c0086a2 f60895e3 bne              x17, x0, -150       x17:00000017
13083627ns          213475 1c00860c 00432e0b p.lw             x28, 4(x6!)         x28=dead0309  x6=10001f60  x6:10001f5c  PA:10001f5c
13083646ns          213476 1c008610 0045a783 lw               x15, 4(x11)         x15=00000009 x11:1c01c058  PA:1c01c05c
13083965ns          213492 1c008612 00178793 addi             x15, x15, 1         x15=0000000a x15:00000009
13083985ns          213493 1c008614 0aa78363 beq              x15, x10, 166       x15:0000000a x10:00000400
13084004ns          213494 1c008618 0005a803 lw               x16, 0(x11)         x16=00000009 x11:1c01c058  PA:1c01c058
13084323ns          213510 1c00861c fef80ae3 beq              x16, x15, -12       x16:00000009 x15:0000000a
13084343ns          213511 1c008620 0045a783 lw               x15, 4(x11)         x15=00000009 x11:1c01c058  PA:1c01c05c
13084661ns          213527 1c008622 00279793 slli             x15, x15, 0x2       x15=00000024 x15:00000009
13084681ns          213528 1c008624 01cde7a3 p.sw             x28, x0(x27)        x28:dead0309 x27:1c01b058  PA:1c01b07c
13084999ns          213544 1c008628 0045a783 lw               x15, 4(x11)         x15=00000009 x11:1c01c058  PA:1c01c05c
13085317ns          213560 1c00862a 00178793 addi             x15, x15, 1         x15=0000000a x15:00000009
13085337ns          213561 1c00862c 00f5a223 sw               x15, 4(x11)         x15:0000000a x11:1c01c058  PA:1c01c05c
13085655ns          213577 1c00862e 0045a783 lw               x15, 4(x11)         x15=0000000a x11:1c01c058  PA:1c01c05c
13085974ns          213593 1c008630 00a79463 bne              x15, x10, 8         x15:0000000a x10:00000400
13086033ns          213596 1c008638 00462783 lw               x15, 4(x12)         x15=00000009 x12:1c016028  PA:1c01602c
13086352ns          213612 1c00863a 00178793 addi             x15, x15, 1         x15=0000000a x15:00000009
13086371ns          213613 1c00863c 06a78c63 beq              x15, x10, 120       x15:0000000a x10:00000400
13086391ns          213614 1c008640 00062803 lw               x16, 0(x12)         x16=00000009 x12:1c016028  PA:1c016028
13086710ns          213630 1c008644 fef80ae3 beq              x16, x15, -12       x16:00000009 x15:0000000a
13086730ns          213631 1c008648 00462783 lw               x15, 4(x12)         x15=00000009 x12:1c016028  PA:1c01602c
13087048ns          213647 1c00864a 00279793 slli             x15, x15, 0x2       x15=00000024 x15:00000009
13087068ns          213648 1c00864c 01cd67a3 p.sw             x28, x0(x26)        x28:dead0309 x26:1c015028  PA:1c01504c
13087386ns          213664 1c008650 00462783 lw               x15, 4(x12)         x15=00000009 x12:1c016028  PA:1c01602c
13087704ns          213680 1c008652 00178793 addi             x15, x15, 1         x15=0000000a x15:00000009
13087724ns          213681 1c008654 00f62223 sw               x15, 4(x12)         x15:0000000a x12:1c016028  PA:1c01602c
13088042ns          213697 1c008656 00462783 lw               x15, 4(x12)         x15=0000000a x12:1c016028  PA:1c01602c
13088361ns          213713 1c008658 00a79463 bne              x15, x10, 8         x15:0000000a x10:00000400
13088420ns          213716 1c008660 0006a803 lw               x16, 0(x13)         x16=00000009 x13:1c01f070  PA:1c01f070
13088719ns          213731 1c008664 0046a783 lw               x15, 4(x13)         x15=0000000a x13:1c01f070  PA:1c01f074
13089037ns          213747 1c008666 fef80de3 beq              x16, x15, -6        x16:00000009 x15:0000000a
13089057ns          213748 1c00866a 0006a783 lw               x15, 0(x13)         x15=00000009 x13:1c01f070  PA:1c01f070
13089375ns          213764 1c00866c 00279793 slli             x15, x15, 0x2       x15=00000024 x15:00000009
13089395ns          213765 1c00866e 20faf783 lw               x15, x15(x21)       x15=dead0209 x15:00000024 x21:1c01e070  PA:1c01e094
13089693ns          213780 1c008672 0006a783 lw               x15, 0(x13)         x15=00000009 x13:1c01f070  PA:1c01f070
13090031ns          213797 1c008674 00178793 addi             x15, x15, 1         x15=0000000a x15:00000009
13090051ns          213798 1c008676 00f6a023 sw               x15, 0(x13)         x15:0000000a x13:1c01f070  PA:1c01f070
13090370ns          213814 1c008678 0006a783 lw               x15, 0(x13)         x15=0000000a x13:1c01f070  PA:1c01f070
13090688ns          213830 1c00867a 00a79463 bne              x15, x10, 8         x15:0000000a x10:00000400
13090767ns          213834 1c008682 00072803 lw               x16, 0(x14)         x16=00000009 x14:1c01d060  PA:1c01d060
13091066ns          213849 1c008686 00472783 lw               x15, 4(x14)         x15=0000000a x14:1c01d060  PA:1c01d064
13091384ns          213865 1c008688 fef80de3 beq              x16, x15, -6        x16:00000009 x15:0000000a
13091404ns          213866 1c00868c 00072783 lw               x15, 0(x14)         x15=00000009 x14:1c01d060  PA:1c01d060
13091722ns          213882 1c00868e 00279793 slli             x15, x15, 0x2       x15=00000024 x15:00000009
13091742ns          213883 1c008690 20fa7783 lw               x15, x15(x20)       x15=dead0109 x15:00000024 x20:1c01c060  PA:1c01c084
13092040ns          213898 1c008694 00072783 lw               x15, 0(x14)         x15=00000009 x14:1c01d060  PA:1c01d060
13092359ns          213914 1c008696 00178793 addi             x15, x15, 1         x15=0000000a x15:00000009
13092378ns          213915 1c008698 00f72023 sw               x15, 0(x14)         x15:0000000a x14:1c01d060  PA:1c01d060
13092697ns          213931 1c00869a 00072783 lw               x15, 0(x14)         x15=0000000a x14:1c01d060  PA:1c01d060
13093015ns          213947 1c00869c 00a78663 beq              x15, x10, 12        x15:0000000a x10:00000400
13093035ns          213948 1c0086a0 fff88893 addi             x17, x17, -1        x17=00000016 x17:00000017
13093055ns          213949 1c0086a2 f60895e3 bne              x17, x0, -150       x17:00000016
13093114ns          213952 1c00860c 00432e0b p.lw             x28, 4(x6!)         x28=dead030a  x6=10001f64  x6:10001f60  PA:10001f60
13093134ns          213953 1c008610 0045a783 lw               x15, 4(x11)         x15=0000000a x11:1c01c058  PA:1c01c05c
13093453ns          213969 1c008612 00178793 addi             x15, x15, 1         x15=0000000b x15:0000000a
13093472ns          213970 1c008614 0aa78363 beq              x15, x10, 166       x15:0000000b x10:00000400
13093492ns          213971 1c008618 0005a803 lw               x16, 0(x11)         x16=0000000a x11:1c01c058  PA:1c01c058
13093831ns          213988 1c00861c fef80ae3 beq              x16, x15, -12       x16:0000000a x15:0000000b
13093850ns          213989 1c008620 0045a783 lw               x15, 4(x11)         x15=0000000a x11:1c01c058  PA:1c01c05c
13094169ns          214005 1c008622 00279793 slli             x15, x15, 0x2       x15=00000028 x15:0000000a
13094189ns          214006 1c008624 01cde7a3 p.sw             x28, x0(x27)        x28:dead030a x27:1c01b058  PA:1c01b080
13094507ns          214022 1c008628 0045a783 lw               x15, 4(x11)         x15=0000000a x11:1c01c058  PA:1c01c05c
13094825ns          214038 1c00862a 00178793 addi             x15, x15, 1         x15=0000000b x15:0000000a
13094845ns          214039 1c00862c 00f5a223 sw               x15, 4(x11)         x15:0000000b x11:1c01c058  PA:1c01c05c
13095183ns          214056 1c00862e 0045a783 lw               x15, 4(x11)         x15=0000000b x11:1c01c058  PA:1c01c05c
13095501ns          214072 1c008630 00a79463 bne              x15, x10, 8         x15:0000000b x10:00000400
13095561ns          214075 1c008638 00462783 lw               x15, 4(x12)         x15=0000000a x12:1c016028  PA:1c01602c
13095879ns          214091 1c00863a 00178793 addi             x15, x15, 1         x15=0000000b x15:0000000a
13095899ns          214092 1c00863c 06a78c63 beq              x15, x10, 120       x15:0000000b x10:00000400
13095919ns          214093 1c008640 00062803 lw               x16, 0(x12)         x16=0000000a x12:1c016028  PA:1c016028
13096237ns          214109 1c008644 fef80ae3 beq              x16, x15, -12       x16:0000000a x15:0000000b
13096257ns          214110 1c008648 00462783 lw               x15, 4(x12)         x15=0000000a x12:1c016028  PA:1c01602c
13096575ns          214126 1c00864a 00279793 slli             x15, x15, 0x2       x15=00000028 x15:0000000a
13096595ns          214127 1c00864c 01cd67a3 p.sw             x28, x0(x26)        x28:dead030a x26:1c015028  PA:1c015050
13096914ns          214143 1c008650 00462783 lw               x15, 4(x12)         x15=0000000a x12:1c016028  PA:1c01602c
13097232ns          214159 1c008652 00178793 addi             x15, x15, 1         x15=0000000b x15:0000000a
13097252ns          214160 1c008654 00f62223 sw               x15, 4(x12)         x15:0000000b x12:1c016028  PA:1c01602c
13097570ns          214176 1c008656 00462783 lw               x15, 4(x12)         x15=0000000b x12:1c016028  PA:1c01602c
13097888ns          214192 1c008658 00a79463 bne              x15, x10, 8         x15:0000000b x10:00000400
13097948ns          214195 1c008660 0006a803 lw               x16, 0(x13)         x16=0000000a x13:1c01f070  PA:1c01f070
13098246ns          214210 1c008664 0046a783 lw               x15, 4(x13)         x15=0000000b x13:1c01f070  PA:1c01f074
13098565ns          214226 1c008666 fef80de3 beq              x16, x15, -6        x16:0000000a x15:0000000b
13098584ns          214227 1c00866a 0006a783 lw               x15, 0(x13)         x15=0000000a x13:1c01f070  PA:1c01f070
13098903ns          214243 1c00866c 00279793 slli             x15, x15, 0x2       x15=00000028 x15:0000000a
13098923ns          214244 1c00866e 20faf783 lw               x15, x15(x21)       x15=dead020a x15:00000028 x21:1c01e070  PA:1c01e098
13099221ns          214259 1c008672 0006a783 lw               x15, 0(x13)         x15=0000000a x13:1c01f070  PA:1c01f070
13099559ns          214276 1c008674 00178793 addi             x15, x15, 1         x15=0000000b x15:0000000a
13099579ns          214277 1c008676 00f6a023 sw               x15, 0(x13)         x15:0000000b x13:1c01f070  PA:1c01f070
13099897ns          214293 1c008678 0006a783 lw               x15, 0(x13)         x15=0000000b x13:1c01f070  PA:1c01f070
13100215ns          214309 1c00867a 00a79463 bne              x15, x10, 8         x15:0000000b x10:00000400
13100295ns          214313 1c008682 00072803 lw               x16, 0(x14)         x16=0000000a x14:1c01d060  PA:1c01d060
13100593ns          214328 1c008686 00472783 lw               x15, 4(x14)         x15=0000000b x14:1c01d060  PA:1c01d064
13100912ns          214344 1c008688 fef80de3 beq              x16, x15, -6        x16:0000000a x15:0000000b
13100932ns          214345 1c00868c 00072783 lw               x15, 0(x14)         x15=0000000a x14:1c01d060  PA:1c01d060
13101250ns          214361 1c00868e 00279793 slli             x15, x15, 0x2       x15=00000028 x15:0000000a
13101270ns          214362 1c008690 20fa7783 lw               x15, x15(x20)       x15=dead010a x15:00000028 x20:1c01c060  PA:1c01c088
13101568ns          214377 1c008694 00072783 lw               x15, 0(x14)         x15=0000000a x14:1c01d060  PA:1c01d060
13101926ns          214395 1c008696 00178793 addi             x15, x15, 1         x15=0000000b x15:0000000a
13101946ns          214396 1c008698 00f72023 sw               x15, 0(x14)         x15:0000000b x14:1c01d060  PA:1c01d060
13102264ns          214412 1c00869a 00072783 lw               x15, 0(x14)         x15=0000000b x14:1c01d060  PA:1c01d060
13102582ns          214428 1c00869c 00a78663 beq              x15, x10, 12        x15:0000000b x10:00000400
13102602ns          214429 1c0086a0 fff88893 addi             x17, x17, -1        x17=00000015 x17:00000016
13102622ns          214430 1c0086a2 f60895e3 bne              x17, x0, -150       x17:00000015
13102682ns          214433 1c00860c 00432e0b p.lw             x28, 4(x6!)         x28=dead030b  x6=10001f68  x6:10001f64  PA:10001f64
13102702ns          214434 1c008610 0045a783 lw               x15, 4(x11)         x15=0000000b x11:1c01c058  PA:1c01c05c
13103020ns          214450 1c008612 00178793 addi             x15, x15, 1         x15=0000000c x15:0000000b
13103040ns          214451 1c008614 0aa78363 beq              x15, x10, 166       x15:0000000c x10:00000400
13103060ns          214452 1c008618 0005a803 lw               x16, 0(x11)         x16=0000000b x11:1c01c058  PA:1c01c058
13103378ns          214468 1c00861c fef80ae3 beq              x16, x15, -12       x16:0000000b x15:0000000c
13103398ns          214469 1c008620 0045a783 lw               x15, 4(x11)         x15=0000000b x11:1c01c058  PA:1c01c05c
13103716ns          214485 1c008622 00279793 slli             x15, x15, 0x2       x15=0000002c x15:0000000b
13103736ns          214486 1c008624 01cde7a3 p.sw             x28, x0(x27)        x28:dead030b x27:1c01b058  PA:1c01b084
13104054ns          214502 1c008628 0045a783 lw               x15, 4(x11)         x15=0000000b x11:1c01c058  PA:1c01c05c
13104373ns          214518 1c00862a 00178793 addi             x15, x15, 1         x15=0000000c x15:0000000b
13104392ns          214519 1c00862c 00f5a223 sw               x15, 4(x11)         x15:0000000c x11:1c01c058  PA:1c01c05c
13104711ns          214535 1c00862e 0045a783 lw               x15, 4(x11)         x15=0000000c x11:1c01c058  PA:1c01c05c
13105029ns          214551 1c008630 00a79463 bne              x15, x10, 8         x15:0000000c x10:00000400
13105089ns          214554 1c008638 00462783 lw               x15, 4(x12)         x15=0000000b x12:1c016028  PA:1c01602c
13105407ns          214570 1c00863a 00178793 addi             x15, x15, 1         x15=0000000c x15:0000000b
13105427ns          214571 1c00863c 06a78c63 beq              x15, x10, 120       x15:0000000c x10:00000400
13105447ns          214572 1c008640 00062803 lw               x16, 0(x12)         x16=0000000b x12:1c016028  PA:1c016028
13105785ns          214589 1c008644 fef80ae3 beq              x16, x15, -12       x16:0000000b x15:0000000c
13105805ns          214590 1c008648 00462783 lw               x15, 4(x12)         x15=0000000b x12:1c016028  PA:1c01602c
13106123ns          214606 1c00864a 00279793 slli             x15, x15, 0x2       x15=0000002c x15:0000000b
13106143ns          214607 1c00864c 01cd67a3 p.sw             x28, x0(x26)        x28:dead030b x26:1c015028  PA:1c015054
13106461ns          214623 1c008650 00462783 lw               x15, 4(x12)         x15=0000000b x12:1c016028  PA:1c01602c
13106779ns          214639 1c008652 00178793 addi             x15, x15, 1         x15=0000000c x15:0000000b
13106799ns          214640 1c008654 00f62223 sw               x15, 4(x12)         x15:0000000c x12:1c016028  PA:1c01602c
13107137ns          214657 1c008656 00462783 lw               x15, 4(x12)         x15=0000000c x12:1c016028  PA:1c01602c
13107456ns          214673 1c008658 00a79463 bne              x15, x10, 8         x15:0000000c x10:00000400
13107515ns          214676 1c008660 0006a803 lw               x16, 0(x13)         x16=0000000b x13:1c01f070  PA:1c01f070
13107814ns          214691 1c008664 0046a783 lw               x15, 4(x13)         x15=0000000c x13:1c01f070  PA:1c01f074
13108132ns          214707 1c008666 fef80de3 beq              x16, x15, -6        x16:0000000b x15:0000000c
13108152ns          214708 1c00866a 0006a783 lw               x15, 0(x13)         x15=0000000b x13:1c01f070  PA:1c01f070
13108490ns          214725 1c00866c 00279793 slli             x15, x15, 0x2       x15=0000002c x15:0000000b
13108510ns          214726 1c00866e 20faf783 lw               x15, x15(x21)       x15=dead020b x15:0000002c x21:1c01e070  PA:1c01e09c
13108808ns          214741 1c008672 0006a783 lw               x15, 0(x13)         x15=0000000b x13:1c01f070  PA:1c01f070
13109126ns          214757 1c008674 00178793 addi             x15, x15, 1         x15=0000000c x15:0000000b
13109146ns          214758 1c008676 00f6a023 sw               x15, 0(x13)         x15:0000000c x13:1c01f070  PA:1c01f070
13109465ns          214774 1c008678 0006a783 lw               x15, 0(x13)         x15=0000000c x13:1c01f070  PA:1c01f070
13109803ns          214791 1c00867a 00a79463 bne              x15, x10, 8         x15:0000000c x10:00000400
13109882ns          214795 1c008682 00072803 lw               x16, 0(x14)         x16=0000000b x14:1c01d060  PA:1c01d060
13110181ns          214810 1c008686 00472783 lw               x15, 4(x14)         x15=0000000c x14:1c01d060  PA:1c01d064
13110499ns          214826 1c008688 fef80de3 beq              x16, x15, -6        x16:0000000b x15:0000000c
13110519ns          214827 1c00868c 00072783 lw               x15, 0(x14)         x15=0000000b x14:1c01d060  PA:1c01d060
13110837ns          214843 1c00868e 00279793 slli             x15, x15, 0x2       x15=0000002c x15:0000000b
13110857ns          214844 1c008690 20fa7783 lw               x15, x15(x20)       x15=dead010b x15:0000002c x20:1c01c060  PA:1c01c08c
13111175ns          214860 1c008694 00072783 lw               x15, 0(x14)         x15=0000000b x14:1c01d060  PA:1c01d060
13111493ns          214876 1c008696 00178793 addi             x15, x15, 1         x15=0000000c x15:0000000b
13111513ns          214877 1c008698 00f72023 sw               x15, 0(x14)         x15:0000000c x14:1c01d060  PA:1c01d060
13111832ns          214893 1c00869a 00072783 lw               x15, 0(x14)         x15=0000000c x14:1c01d060  PA:1c01d060
13112150ns          214909 1c00869c 00a78663 beq              x15, x10, 12        x15:0000000c x10:00000400
13112170ns          214910 1c0086a0 fff88893 addi             x17, x17, -1        x17=00000014 x17:00000015
13112190ns          214911 1c0086a2 f60895e3 bne              x17, x0, -150       x17:00000014
13112249ns          214914 1c00860c 00432e0b p.lw             x28, 4(x6!)         x28=dead030c  x6=10001f6c  x6:10001f68  PA:10001f68
13112269ns          214915 1c008610 0045a783 lw               x15, 4(x11)         x15=0000000c x11:1c01c058  PA:1c01c05c
13112587ns          214931 1c008612 00178793 addi             x15, x15, 1         x15=0000000d x15:0000000c
13112607ns          214932 1c008614 0aa78363 beq              x15, x10, 166       x15:0000000d x10:00000400
13112627ns          214933 1c008618 0005a803 lw               x16, 0(x11)         x16=0000000c x11:1c01c058  PA:1c01c058
13112946ns          214949 1c00861c fef80ae3 beq              x16, x15, -12       x16:0000000c x15:0000000d
13112965ns          214950 1c008620 0045a783 lw               x15, 4(x11)         x15=0000000c x11:1c01c058  PA:1c01c05c
13113284ns          214966 1c008622 00279793 slli             x15, x15, 0x2       x15=00000030 x15:0000000c
13113304ns          214967 1c008624 01cde7a3 p.sw             x28, x0(x27)        x28:dead030c x27:1c01b058  PA:1c01b088
13113622ns          214983 1c008628 0045a783 lw               x15, 4(x11)         x15=0000000c x11:1c01c058  PA:1c01c05c
13113940ns          214999 1c00862a 00178793 addi             x15, x15, 1         x15=0000000d x15:0000000c
13113960ns          215000 1c00862c 00f5a223 sw               x15, 4(x11)         x15:0000000d x11:1c01c058  PA:1c01c05c
13114278ns          215016 1c00862e 0045a783 lw               x15, 4(x11)         x15=0000000d x11:1c01c058  PA:1c01c05c
13114596ns          215032 1c008630 00a79463 bne              x15, x10, 8         x15:0000000d x10:00000400
13114656ns          215035 1c008638 00462783 lw               x15, 4(x12)         x15=0000000c x12:1c016028  PA:1c01602c
13114974ns          215051 1c00863a 00178793 addi             x15, x15, 1         x15=0000000d x15:0000000c
13114994ns          215052 1c00863c 06a78c63 beq              x15, x10, 120       x15:0000000d x10:00000400
13115014ns          215053 1c008640 00062803 lw               x16, 0(x12)         x16=0000000c x12:1c016028  PA:1c016028
13115332ns          215069 1c008644 fef80ae3 beq              x16, x15, -12       x16:0000000c x15:0000000d
13115352ns          215070 1c008648 00462783 lw               x15, 4(x12)         x15=0000000c x12:1c016028  PA:1c01602c
13115671ns          215086 1c00864a 00279793 slli             x15, x15, 0x2       x15=00000030 x15:0000000c
13115690ns          215087 1c00864c 01cd67a3 p.sw             x28, x0(x26)        x28:dead030c x26:1c015028  PA:1c015058
13116009ns          215103 1c008650 00462783 lw               x15, 4(x12)         x15=0000000c x12:1c016028  PA:1c01602c
13116327ns          215119 1c008652 00178793 addi             x15, x15, 1         x15=0000000d x15:0000000c
13116347ns          215120 1c008654 00f62223 sw               x15, 4(x12)         x15:0000000d x12:1c016028  PA:1c01602c
13116665ns          215136 1c008656 00462783 lw               x15, 4(x12)         x15=0000000d x12:1c016028  PA:1c01602c
13116983ns          215152 1c008658 00a79463 bne              x15, x10, 8         x15:0000000d x10:00000400
13117043ns          215155 1c008660 0006a803 lw               x16, 0(x13)         x16=0000000c x13:1c01f070  PA:1c01f070
13117341ns          215170 1c008664 0046a783 lw               x15, 4(x13)         x15=0000000d x13:1c01f070  PA:1c01f074
13117660ns          215186 1c008666 fef80de3 beq              x16, x15, -6        x16:0000000c x15:0000000d
13117680ns          215187 1c00866a 0006a783 lw               x15, 0(x13)         x15=0000000c x13:1c01f070  PA:1c01f070
13117998ns          215203 1c00866c 00279793 slli             x15, x15, 0x2       x15=00000030 x15:0000000c
13118018ns          215204 1c00866e 20faf783 lw               x15, x15(x21)       x15=dead020c x15:00000030 x21:1c01e070  PA:1c01e0a0
13118316ns          215219 1c008672 0006a783 lw               x15, 0(x13)         x15=0000000c x13:1c01f070  PA:1c01f070
13118654ns          215236 1c008674 00178793 addi             x15, x15, 1         x15=0000000d x15:0000000c
13118674ns          215237 1c008676 00f6a023 sw               x15, 0(x13)         x15:0000000d x13:1c01f070  PA:1c01f070
13118992ns          215253 1c008678 0006a783 lw               x15, 0(x13)         x15=0000000d x13:1c01f070  PA:1c01f070
13119311ns          215269 1c00867a 00a79463 bne              x15, x10, 8         x15:0000000d x10:00000400
13119390ns          215273 1c008682 00072803 lw               x16, 0(x14)         x16=0000000c x14:1c01d060  PA:1c01d060
13119688ns          215288 1c008686 00472783 lw               x15, 4(x14)         x15=0000000d x14:1c01d060  PA:1c01d064
13120007ns          215304 1c008688 fef80de3 beq              x16, x15, -6        x16:0000000c x15:0000000d
13120027ns          215305 1c00868c 00072783 lw               x15, 0(x14)         x15=0000000c x14:1c01d060  PA:1c01d060
13120345ns          215321 1c00868e 00279793 slli             x15, x15, 0x2       x15=00000030 x15:0000000c
13120365ns          215322 1c008690 20fa7783 lw               x15, x15(x20)       x15=dead010c x15:00000030 x20:1c01c060  PA:1c01c090
13120663ns          215337 1c008694 00072783 lw               x15, 0(x14)         x15=0000000c x14:1c01d060  PA:1c01d060
13120981ns          215353 1c008696 00178793 addi             x15, x15, 1         x15=0000000d x15:0000000c
13121001ns          215354 1c008698 00f72023 sw               x15, 0(x14)         x15:0000000d x14:1c01d060  PA:1c01d060
13121320ns          215370 1c00869a 00072783 lw               x15, 0(x14)         x15=0000000d x14:1c01d060  PA:1c01d060
13121638ns          215386 1c00869c 00a78663 beq              x15, x10, 12        x15:0000000d x10:00000400
13121658ns          215387 1c0086a0 fff88893 addi             x17, x17, -1        x17=00000013 x17:00000014
13121678ns          215388 1c0086a2 f60895e3 bne              x17, x0, -150       x17:00000013
13121737ns          215391 1c00860c 00432e0b p.lw             x28, 4(x6!)         x28=dead030d  x6=10001f70  x6:10001f6c  PA:10001f6c
13121757ns          215392 1c008610 0045a783 lw               x15, 4(x11)         x15=0000000d x11:1c01c058  PA:1c01c05c
13122075ns          215408 1c008612 00178793 addi             x15, x15, 1         x15=0000000e x15:0000000d
13122095ns          215409 1c008614 0aa78363 beq              x15, x10, 166       x15:0000000e x10:00000400
13122115ns          215410 1c008618 0005a803 lw               x16, 0(x11)         x16=0000000d x11:1c01c058  PA:1c01c058
13122433ns          215426 1c00861c fef80ae3 beq              x16, x15, -12       x16:0000000d x15:0000000e
13122453ns          215427 1c008620 0045a783 lw               x15, 4(x11)         x15=0000000d x11:1c01c058  PA:1c01c05c
13122772ns          215443 1c008622 00279793 slli             x15, x15, 0x2       x15=00000034 x15:0000000d
13122791ns          215444 1c008624 01cde7a3 p.sw             x28, x0(x27)        x28:dead030d x27:1c01b058  PA:1c01b08c
13123130ns          215461 1c008628 0045a783 lw               x15, 4(x11)         x15=0000000d x11:1c01c058  PA:1c01c05c
13123448ns          215477 1c00862a 00178793 addi             x15, x15, 1         x15=0000000e x15:0000000d
13123468ns          215478 1c00862c 00f5a223 sw               x15, 4(x11)         x15:0000000e x11:1c01c058  PA:1c01c05c
13123786ns          215494 1c00862e 0045a783 lw               x15, 4(x11)         x15=0000000e x11:1c01c058  PA:1c01c05c
13124104ns          215510 1c008630 00a79463 bne              x15, x10, 8         x15:0000000e x10:00000400
13124164ns          215513 1c008638 00462783 lw               x15, 4(x12)         x15=0000000d x12:1c016028  PA:1c01602c
13124502ns          215530 1c00863a 00178793 addi             x15, x15, 1         x15=0000000e x15:0000000d
13124522ns          215531 1c00863c 06a78c63 beq              x15, x10, 120       x15:0000000e x10:00000400
13124542ns          215532 1c008640 00062803 lw               x16, 0(x12)         x16=0000000d x12:1c016028  PA:1c016028
13124860ns          215548 1c008644 fef80ae3 beq              x16, x15, -12       x16:0000000d x15:0000000e
13124880ns          215549 1c008648 00462783 lw               x15, 4(x12)         x15=0000000d x12:1c016028  PA:1c01602c
13125198ns          215565 1c00864a 00279793 slli             x15, x15, 0x2       x15=00000034 x15:0000000d
13125218ns          215566 1c00864c 01cd67a3 p.sw             x28, x0(x26)        x28:dead030d x26:1c015028  PA:1c01505c
13125536ns          215582 1c008650 00462783 lw               x15, 4(x12)         x15=0000000d x12:1c016028  PA:1c01602c
13125855ns          215598 1c008652 00178793 addi             x15, x15, 1         x15=0000000e x15:0000000d
13125875ns          215599 1c008654 00f62223 sw               x15, 4(x12)         x15:0000000e x12:1c016028  PA:1c01602c
13126193ns          215615 1c008656 00462783 lw               x15, 4(x12)         x15=0000000e x12:1c016028  PA:1c01602c
13126511ns          215631 1c008658 00a79463 bne              x15, x10, 8         x15:0000000e x10:00000400
13126571ns          215634 1c008660 0006a803 lw               x16, 0(x13)         x16=0000000d x13:1c01f070  PA:1c01f070
13126869ns          215649 1c008664 0046a783 lw               x15, 4(x13)         x15=0000000e x13:1c01f070  PA:1c01f074
13127187ns          215665 1c008666 fef80de3 beq              x16, x15, -6        x16:0000000d x15:0000000e
13127207ns          215666 1c00866a 0006a783 lw               x15, 0(x13)         x15=0000000d x13:1c01f070  PA:1c01f070
13127525ns          215682 1c00866c 00279793 slli             x15, x15, 0x2       x15=00000034 x15:0000000d
13127545ns          215683 1c00866e 20faf783 lw               x15, x15(x21)       x15=dead020d x15:00000034 x21:1c01e070  PA:1c01e0a4
13127844ns          215698 1c008672 0006a783 lw               x15, 0(x13)         x15=0000000d x13:1c01f070  PA:1c01f070
13128182ns          215715 1c008674 00178793 addi             x15, x15, 1         x15=0000000e x15:0000000d
13128202ns          215716 1c008676 00f6a023 sw               x15, 0(x13)         x15:0000000e x13:1c01f070  PA:1c01f070
13128520ns          215732 1c008678 0006a783 lw               x15, 0(x13)         x15=0000000e x13:1c01f070  PA:1c01f070
13128838ns          215748 1c00867a 00a79463 bne              x15, x10, 8         x15:0000000e x10:00000400
13128918ns          215752 1c008682 00072803 lw               x16, 0(x14)         x16=0000000d x14:1c01d060  PA:1c01d060
13129216ns          215767 1c008686 00472783 lw               x15, 4(x14)         x15=0000000e x14:1c01d060  PA:1c01d064
13129534ns          215783 1c008688 fef80de3 beq              x16, x15, -6        x16:0000000d x15:0000000e
13129554ns          215784 1c00868c 00072783 lw               x15, 0(x14)         x15=0000000d x14:1c01d060  PA:1c01d060
13129873ns          215800 1c00868e 00279793 slli             x15, x15, 0x2       x15=00000034 x15:0000000d
13129892ns          215801 1c008690 20fa7783 lw               x15, x15(x20)       x15=dead010d x15:00000034 x20:1c01c060  PA:1c01c094
13130191ns          215816 1c008694 00072783 lw               x15, 0(x14)         x15=0000000d x14:1c01d060  PA:1c01d060
13130509ns          215832 1c008696 00178793 addi             x15, x15, 1         x15=0000000e x15:0000000d
13130529ns          215833 1c008698 00f72023 sw               x15, 0(x14)         x15:0000000e x14:1c01d060  PA:1c01d060
13130847ns          215849 1c00869a 00072783 lw               x15, 0(x14)         x15=0000000e x14:1c01d060  PA:1c01d060
13131205ns          215867 1c00869c 00a78663 beq              x15, x10, 12        x15:0000000e x10:00000400
13131225ns          215868 1c0086a0 fff88893 addi             x17, x17, -1        x17=00000012 x17:00000013
13131245ns          215869 1c0086a2 f60895e3 bne              x17, x0, -150       x17:00000012
13131305ns          215872 1c00860c 00432e0b p.lw             x28, 4(x6!)         x28=dead030e  x6=10001f74  x6:10001f70  PA:10001f70
13131325ns          215873 1c008610 0045a783 lw               x15, 4(x11)         x15=0000000e x11:1c01c058  PA:1c01c05c
13131643ns          215889 1c008612 00178793 addi             x15, x15, 1         x15=0000000f x15:0000000e
13131663ns          215890 1c008614 0aa78363 beq              x15, x10, 166       x15:0000000f x10:00000400
13131683ns          215891 1c008618 0005a803 lw               x16, 0(x11)         x16=0000000e x11:1c01c058  PA:1c01c058
13132001ns          215907 1c00861c fef80ae3 beq              x16, x15, -12       x16:0000000e x15:0000000f
13132021ns          215908 1c008620 0045a783 lw               x15, 4(x11)         x15=0000000e x11:1c01c058  PA:1c01c05c
13132339ns          215924 1c008622 00279793 slli             x15, x15, 0x2       x15=00000038 x15:0000000e
13132359ns          215925 1c008624 01cde7a3 p.sw             x28, x0(x27)        x28:dead030e x27:1c01b058  PA:1c01b090
13132677ns          215941 1c008628 0045a783 lw               x15, 4(x11)         x15=0000000e x11:1c01c058  PA:1c01c05c
13132995ns          215957 1c00862a 00178793 addi             x15, x15, 1         x15=0000000f x15:0000000e
13133015ns          215958 1c00862c 00f5a223 sw               x15, 4(x11)         x15:0000000f x11:1c01c058  PA:1c01c05c
13133334ns          215974 1c00862e 0045a783 lw               x15, 4(x11)         x15=0000000f x11:1c01c058  PA:1c01c05c
13133652ns          215990 1c008630 00a79463 bne              x15, x10, 8         x15:0000000f x10:00000400
13133711ns          215993 1c008638 00462783 lw               x15, 4(x12)         x15=0000000e x12:1c016028  PA:1c01602c
13134030ns          216009 1c00863a 00178793 addi             x15, x15, 1         x15=0000000f x15:0000000e
13134050ns          216010 1c00863c 06a78c63 beq              x15, x10, 120       x15:0000000f x10:00000400
13134069ns          216011 1c008640 00062803 lw               x16, 0(x12)         x16=0000000e x12:1c016028  PA:1c016028
13134388ns          216027 1c008644 fef80ae3 beq              x16, x15, -12       x16:0000000e x15:0000000f
13134408ns          216028 1c008648 00462783 lw               x15, 4(x12)         x15=0000000e x12:1c016028  PA:1c01602c
13134726ns          216044 1c00864a 00279793 slli             x15, x15, 0x2       x15=00000038 x15:0000000e
13134746ns          216045 1c00864c 01cd67a3 p.sw             x28, x0(x26)        x28:dead030e x26:1c015028  PA:1c015060
13135084ns          216062 1c008650 00462783 lw               x15, 4(x12)         x15=0000000e x12:1c016028  PA:1c01602c
13135402ns          216078 1c008652 00178793 addi             x15, x15, 1         x15=0000000f x15:0000000e
13135422ns          216079 1c008654 00f62223 sw               x15, 4(x12)         x15:0000000f x12:1c016028  PA:1c01602c
13135740ns          216095 1c008656 00462783 lw               x15, 4(x12)         x15=0000000f x12:1c016028  PA:1c01602c
13136059ns          216111 1c008658 00a79463 bne              x15, x10, 8         x15:0000000f x10:00000400
13136118ns          216114 1c008660 0006a803 lw               x16, 0(x13)         x16=0000000e x13:1c01f070  PA:1c01f070
13136436ns          216130 1c008664 0046a783 lw               x15, 4(x13)         x15=0000000f x13:1c01f070  PA:1c01f074
13136755ns          216146 1c008666 fef80de3 beq              x16, x15, -6        x16:0000000e x15:0000000f
13136775ns          216147 1c00866a 0006a783 lw               x15, 0(x13)         x15=0000000e x13:1c01f070  PA:1c01f070
13137093ns          216163 1c00866c 00279793 slli             x15, x15, 0x2       x15=00000038 x15:0000000e
13137113ns          216164 1c00866e 20faf783 lw               x15, x15(x21)       x15=dead020e x15:00000038 x21:1c01e070  PA:1c01e0a8
13137411ns          216179 1c008672 0006a783 lw               x15, 0(x13)         x15=0000000e x13:1c01f070  PA:1c01f070
13137769ns          216197 1c008674 00178793 addi             x15, x15, 1         x15=0000000f x15:0000000e
13137789ns          216198 1c008676 00f6a023 sw               x15, 0(x13)         x15:0000000f x13:1c01f070  PA:1c01f070
13138107ns          216214 1c008678 0006a783 lw               x15, 0(x13)         x15=0000000f x13:1c01f070  PA:1c01f070
13138426ns          216230 1c00867a 00a79463 bne              x15, x10, 8         x15:0000000f x10:00000400
13138505ns          216234 1c008682 00072803 lw               x16, 0(x14)         x16=0000000e x14:1c01d060  PA:1c01d060
13138803ns          216249 1c008686 00472783 lw               x15, 4(x14)         x15=0000000f x14:1c01d060  PA:1c01d064
13139142ns          216266 1c008688 fef80de3 beq              x16, x15, -6        x16:0000000e x15:0000000f
13139162ns          216267 1c00868c 00072783 lw               x15, 0(x14)         x15=0000000e x14:1c01d060  PA:1c01d060
13139480ns          216283 1c00868e 00279793 slli             x15, x15, 0x2       x15=00000038 x15:0000000e
13139500ns          216284 1c008690 20fa7783 lw               x15, x15(x20)       x15=dead010e x15:00000038 x20:1c01c060  PA:1c01c098
13139798ns          216299 1c008694 00072783 lw               x15, 0(x14)         x15=0000000e x14:1c01d060  PA:1c01d060
13140116ns          216315 1c008696 00178793 addi             x15, x15, 1         x15=0000000f x15:0000000e
13140136ns          216316 1c008698 00f72023 sw               x15, 0(x14)         x15:0000000f x14:1c01d060  PA:1c01d060
13140474ns          216333 1c00869a 00072783 lw               x15, 0(x14)         x15=0000000f x14:1c01d060  PA:1c01d060
13140793ns          216349 1c00869c 00a78663 beq              x15, x10, 12        x15:0000000f x10:00000400
13140812ns          216350 1c0086a0 fff88893 addi             x17, x17, -1        x17=00000011 x17:00000012
13140832ns          216351 1c0086a2 f60895e3 bne              x17, x0, -150       x17:00000011
13140892ns          216354 1c00860c 00432e0b p.lw             x28, 4(x6!)         x28=dead030f  x6=10001f78  x6:10001f74  PA:10001f74
13140912ns          216355 1c008610 0045a783 lw               x15, 4(x11)         x15=0000000f x11:1c01c058  PA:1c01c05c
13141230ns          216371 1c008612 00178793 addi             x15, x15, 1         x15=00000010 x15:0000000f
13141250ns          216372 1c008614 0aa78363 beq              x15, x10, 166       x15:00000010 x10:00000400
13141270ns          216373 1c008618 0005a803 lw               x16, 0(x11)         x16=0000000f x11:1c01c058  PA:1c01c058
13141588ns          216389 1c00861c fef80ae3 beq              x16, x15, -12       x16:0000000f x15:00000010
13141608ns          216390 1c008620 0045a783 lw               x15, 4(x11)         x15=0000000f x11:1c01c058  PA:1c01c05c
13141926ns          216406 1c008622 00279793 slli             x15, x15, 0x2       x15=0000003c x15:0000000f
13141946ns          216407 1c008624 01cde7a3 p.sw             x28, x0(x27)        x28:dead030f x27:1c01b058  PA:1c01b094
13142264ns          216423 1c008628 0045a783 lw               x15, 4(x11)         x15=0000000f x11:1c01c058  PA:1c01c05c
13142583ns          216439 1c00862a 00178793 addi             x15, x15, 1         x15=00000010 x15:0000000f
13142603ns          216440 1c00862c 00f5a223 sw               x15, 4(x11)         x15:00000010 x11:1c01c058  PA:1c01c05c
13142921ns          216456 1c00862e 0045a783 lw               x15, 4(x11)         x15=00000010 x11:1c01c058  PA:1c01c05c
13143239ns          216472 1c008630 00a79463 bne              x15, x10, 8         x15:00000010 x10:00000400
13143299ns          216475 1c008638 00462783 lw               x15, 4(x12)         x15=0000000f x12:1c016028  PA:1c01602c
13143617ns          216491 1c00863a 00178793 addi             x15, x15, 1         x15=00000010 x15:0000000f
13143637ns          216492 1c00863c 06a78c63 beq              x15, x10, 120       x15:00000010 x10:00000400
13143657ns          216493 1c008640 00062803 lw               x16, 0(x12)         x16=0000000f x12:1c016028  PA:1c016028
13143975ns          216509 1c008644 fef80ae3 beq              x16, x15, -12       x16:0000000f x15:00000010
13143995ns          216510 1c008648 00462783 lw               x15, 4(x12)         x15=0000000f x12:1c016028  PA:1c01602c
13144313ns          216526 1c00864a 00279793 slli             x15, x15, 0x2       x15=0000003c x15:0000000f
13144333ns          216527 1c00864c 01cd67a3 p.sw             x28, x0(x26)        x28:dead030f x26:1c015028  PA:1c015064
13144651ns          216543 1c008650 00462783 lw               x15, 4(x12)         x15=0000000f x12:1c016028  PA:1c01602c
13144970ns          216559 1c008652 00178793 addi             x15, x15, 1         x15=00000010 x15:0000000f
13144990ns          216560 1c008654 00f62223 sw               x15, 4(x12)         x15:00000010 x12:1c016028  PA:1c01602c
13145308ns          216576 1c008656 00462783 lw               x15, 4(x12)         x15=00000010 x12:1c016028  PA:1c01602c
13145626ns          216592 1c008658 00a79463 bne              x15, x10, 8         x15:00000010 x10:00000400
13145686ns          216595 1c008660 0006a803 lw               x16, 0(x13)         x16=0000000f x13:1c01f070  PA:1c01f070
13145984ns          216610 1c008664 0046a783 lw               x15, 4(x13)         x15=00000010 x13:1c01f070  PA:1c01f074
13146302ns          216626 1c008666 fef80de3 beq              x16, x15, -6        x16:0000000f x15:00000010
13146322ns          216627 1c00866a 0006a783 lw               x15, 0(x13)         x15=0000000f x13:1c01f070  PA:1c01f070
13146640ns          216643 1c00866c 00279793 slli             x15, x15, 0x2       x15=0000003c x15:0000000f
13146660ns          216644 1c00866e 20faf783 lw               x15, x15(x21)       x15=dead020f x15:0000003c x21:1c01e070  PA:1c01e0ac
13146959ns          216659 1c008672 0006a783 lw               x15, 0(x13)         x15=0000000f x13:1c01f070  PA:1c01f070
13147297ns          216676 1c008674 00178793 addi             x15, x15, 1         x15=00000010 x15:0000000f
13147317ns          216677 1c008676 00f6a023 sw               x15, 0(x13)         x15:00000010 x13:1c01f070  PA:1c01f070
13147635ns          216693 1c008678 0006a783 lw               x15, 0(x13)         x15=00000010 x13:1c01f070  PA:1c01f070
13147953ns          216709 1c00867a 00a79463 bne              x15, x10, 8         x15:00000010 x10:00000400
13148033ns          216713 1c008682 00072803 lw               x16, 0(x14)         x16=0000000f x14:1c01d060  PA:1c01d060
13148351ns          216729 1c008686 00472783 lw               x15, 4(x14)         x15=00000010 x14:1c01d060  PA:1c01d064
13148669ns          216745 1c008688 fef80de3 beq              x16, x15, -6        x16:0000000f x15:00000010
13148689ns          216746 1c00868c 00072783 lw               x15, 0(x14)         x15=0000000f x14:1c01d060  PA:1c01d060
13149007ns          216762 1c00868e 00279793 slli             x15, x15, 0x2       x15=0000003c x15:0000000f
13149027ns          216763 1c008690 20fa7783 lw               x15, x15(x20)       x15=dead010f x15:0000003c x20:1c01c060  PA:1c01c09c
13149326ns          216778 1c008694 00072783 lw               x15, 0(x14)         x15=0000000f x14:1c01d060  PA:1c01d060
13149644ns          216794 1c008696 00178793 addi             x15, x15, 1         x15=00000010 x15:0000000f
13149664ns          216795 1c008698 00f72023 sw               x15, 0(x14)         x15:00000010 x14:1c01d060  PA:1c01d060
13149982ns          216811 1c00869a 00072783 lw               x15, 0(x14)         x15=00000010 x14:1c01d060  PA:1c01d060
13150300ns          216827 1c00869c 00a78663 beq              x15, x10, 12        x15:00000010 x10:00000400
13150320ns          216828 1c0086a0 fff88893 addi             x17, x17, -1        x17=00000010 x17:00000011
13150340ns          216829 1c0086a2 f60895e3 bne              x17, x0, -150       x17:00000010
13150400ns          216832 1c00860c 00432e0b p.lw             x28, 4(x6!)         x28=dead0310  x6=10001f7c  x6:10001f78  PA:10001f78
13150420ns          216833 1c008610 0045a783 lw               x15, 4(x11)         x15=00000010 x11:1c01c058  PA:1c01c05c
13150738ns          216849 1c008612 00178793 addi             x15, x15, 1         x15=00000011 x15:00000010
13150758ns          216850 1c008614 0aa78363 beq              x15, x10, 166       x15:00000011 x10:00000400
13150778ns          216851 1c008618 0005a803 lw               x16, 0(x11)         x16=00000010 x11:1c01c058  PA:1c01c058
13151116ns          216868 1c00861c fef80ae3 beq              x16, x15, -12       x16:00000010 x15:00000011
13151136ns          216869 1c008620 0045a783 lw               x15, 4(x11)         x15=00000010 x11:1c01c058  PA:1c01c05c
13151454ns          216885 1c008622 00279793 slli             x15, x15, 0x2       x15=00000040 x15:00000010
13151474ns          216886 1c008624 01cde7a3 p.sw             x28, x0(x27)        x28:dead0310 x27:1c01b058  PA:1c01b098
13151792ns          216902 1c008628 0045a783 lw               x15, 4(x11)         x15=00000010 x11:1c01c058  PA:1c01c05c
13152110ns          216918 1c00862a 00178793 addi             x15, x15, 1         x15=00000011 x15:00000010
13152130ns          216919 1c00862c 00f5a223 sw               x15, 4(x11)         x15:00000011 x11:1c01c058  PA:1c01c05c
13152468ns          216936 1c00862e 0045a783 lw               x15, 4(x11)         x15=00000011 x11:1c01c058  PA:1c01c05c
13152787ns          216952 1c008630 00a79463 bne              x15, x10, 8         x15:00000011 x10:00000400
13152846ns          216955 1c008638 00462783 lw               x15, 4(x12)         x15=00000010 x12:1c016028  PA:1c01602c
13153165ns          216971 1c00863a 00178793 addi             x15, x15, 1         x15=00000011 x15:00000010
13153185ns          216972 1c00863c 06a78c63 beq              x15, x10, 120       x15:00000011 x10:00000400
13153204ns          216973 1c008640 00062803 lw               x16, 0(x12)         x16=00000010 x12:1c016028  PA:1c016028
13153523ns          216989 1c008644 fef80ae3 beq              x16, x15, -12       x16:00000010 x15:00000011
13153543ns          216990 1c008648 00462783 lw               x15, 4(x12)         x15=00000010 x12:1c016028  PA:1c01602c
13153861ns          217006 1c00864a 00279793 slli             x15, x15, 0x2       x15=00000040 x15:00000010
13153881ns          217007 1c00864c 01cd67a3 p.sw             x28, x0(x26)        x28:dead0310 x26:1c015028  PA:1c015068
13154199ns          217023 1c008650 00462783 lw               x15, 4(x12)         x15=00000010 x12:1c016028  PA:1c01602c
13154517ns          217039 1c008652 00178793 addi             x15, x15, 1         x15=00000011 x15:00000010
13154537ns          217040 1c008654 00f62223 sw               x15, 4(x12)         x15:00000011 x12:1c016028  PA:1c01602c
13154855ns          217056 1c008656 00462783 lw               x15, 4(x12)         x15=00000011 x12:1c016028  PA:1c01602c
13155174ns          217072 1c008658 00a79463 bne              x15, x10, 8         x15:00000011 x10:00000400
13155233ns          217075 1c008660 0006a803 lw               x16, 0(x13)         x16=00000010 x13:1c01f070  PA:1c01f070
13155532ns          217090 1c008664 0046a783 lw               x15, 4(x13)         x15=00000011 x13:1c01f070  PA:1c01f074
13155850ns          217106 1c008666 fef80de3 beq              x16, x15, -6        x16:00000010 x15:00000011
13155870ns          217107 1c00866a 0006a783 lw               x15, 0(x13)         x15=00000010 x13:1c01f070  PA:1c01f070
13156188ns          217123 1c00866c 00279793 slli             x15, x15, 0x2       x15=00000040 x15:00000010
13156208ns          217124 1c00866e 20faf783 lw               x15, x15(x21)       x15=dead0210 x15:00000040 x21:1c01e070  PA:1c01e0b0
13156506ns          217139 1c008672 0006a783 lw               x15, 0(x13)         x15=00000010 x13:1c01f070  PA:1c01f070
13156825ns          217155 1c008674 00178793 addi             x15, x15, 1         x15=00000011 x15:00000010
13156844ns          217156 1c008676 00f6a023 sw               x15, 0(x13)         x15:00000011 x13:1c01f070  PA:1c01f070
13157163ns          217172 1c008678 0006a783 lw               x15, 0(x13)         x15=00000011 x13:1c01f070  PA:1c01f070
13157481ns          217188 1c00867a 00a79463 bne              x15, x10, 8         x15:00000011 x10:00000400
13157560ns          217192 1c008682 00072803 lw               x16, 0(x14)         x16=00000010 x14:1c01d060  PA:1c01d060
13157859ns          217207 1c008686 00472783 lw               x15, 4(x14)         x15=00000011 x14:1c01d060  PA:1c01d064
13158177ns          217223 1c008688 fef80de3 beq              x16, x15, -6        x16:00000010 x15:00000011
13158197ns          217224 1c00868c 00072783 lw               x15, 0(x14)         x15=00000010 x14:1c01d060  PA:1c01d060
13158515ns          217240 1c00868e 00279793 slli             x15, x15, 0x2       x15=00000040 x15:00000010
13158535ns          217241 1c008690 20fa7783 lw               x15, x15(x20)       x15=dead0110 x15:00000040 x20:1c01c060  PA:1c01c0a0
13158833ns          217256 1c008694 00072783 lw               x15, 0(x14)         x15=00000010 x14:1c01d060  PA:1c01d060
13159172ns          217273 1c008696 00178793 addi             x15, x15, 1         x15=00000011 x15:00000010
13159192ns          217274 1c008698 00f72023 sw               x15, 0(x14)         x15:00000011 x14:1c01d060  PA:1c01d060
13159510ns          217290 1c00869a 00072783 lw               x15, 0(x14)         x15=00000011 x14:1c01d060  PA:1c01d060
13159828ns          217306 1c00869c 00a78663 beq              x15, x10, 12        x15:00000011 x10:00000400
13159848ns          217307 1c0086a0 fff88893 addi             x17, x17, -1        x17=0000000f x17:00000010
13159868ns          217308 1c0086a2 f60895e3 bne              x17, x0, -150       x17:0000000f
13159927ns          217311 1c00860c 00432e0b p.lw             x28, 4(x6!)         x28=dead0311  x6=10001f80  x6:10001f7c  PA:10001f7c
13159947ns          217312 1c008610 0045a783 lw               x15, 4(x11)         x15=00000011 x11:1c01c058  PA:1c01c05c
13160266ns          217328 1c008612 00178793 addi             x15, x15, 1         x15=00000012 x15:00000011
13160286ns          217329 1c008614 0aa78363 beq              x15, x10, 166       x15:00000012 x10:00000400
13160305ns          217330 1c008618 0005a803 lw               x16, 0(x11)         x16=00000011 x11:1c01c058  PA:1c01c058
13160624ns          217346 1c00861c fef80ae3 beq              x16, x15, -12       x16:00000011 x15:00000012
13160644ns          217347 1c008620 0045a783 lw               x15, 4(x11)         x15=00000011 x11:1c01c058  PA:1c01c05c
13160962ns          217363 1c008622 00279793 slli             x15, x15, 0x2       x15=00000044 x15:00000011
13160982ns          217364 1c008624 01cde7a3 p.sw             x28, x0(x27)        x28:dead0311 x27:1c01b058  PA:1c01b09c
13161300ns          217380 1c008628 0045a783 lw               x15, 4(x11)         x15=00000011 x11:1c01c058  PA:1c01c05c
13161618ns          217396 1c00862a 00178793 addi             x15, x15, 1         x15=00000012 x15:00000011
13161638ns          217397 1c00862c 00f5a223 sw               x15, 4(x11)         x15:00000012 x11:1c01c058  PA:1c01c05c
13161956ns          217413 1c00862e 0045a783 lw               x15, 4(x11)         x15=00000012 x11:1c01c058  PA:1c01c05c
13162275ns          217429 1c008630 00a79463 bne              x15, x10, 8         x15:00000012 x10:00000400
13162334ns          217432 1c008638 00462783 lw               x15, 4(x12)         x15=00000011 x12:1c016028  PA:1c01602c
13162653ns          217448 1c00863a 00178793 addi             x15, x15, 1         x15=00000012 x15:00000011
13162672ns          217449 1c00863c 06a78c63 beq              x15, x10, 120       x15:00000012 x10:00000400
13162692ns          217450 1c008640 00062803 lw               x16, 0(x12)         x16=00000011 x12:1c016028  PA:1c016028
13163030ns          217467 1c008644 fef80ae3 beq              x16, x15, -12       x16:00000011 x15:00000012
13163050ns          217468 1c008648 00462783 lw               x15, 4(x12)         x15=00000011 x12:1c016028  PA:1c01602c
13163369ns          217484 1c00864a 00279793 slli             x15, x15, 0x2       x15=00000044 x15:00000011
13163388ns          217485 1c00864c 01cd67a3 p.sw             x28, x0(x26)        x28:dead0311 x26:1c015028  PA:1c01506c
13163707ns          217501 1c008650 00462783 lw               x15, 4(x12)         x15=00000011 x12:1c016028  PA:1c01602c
13164025ns          217517 1c008652 00178793 addi             x15, x15, 1         x15=00000012 x15:00000011
13164045ns          217518 1c008654 00f62223 sw               x15, 4(x12)         x15:00000012 x12:1c016028  PA:1c01602c
13164383ns          217535 1c008656 00462783 lw               x15, 4(x12)         x15=00000012 x12:1c016028  PA:1c01602c
13164701ns          217551 1c008658 00a79463 bne              x15, x10, 8         x15:00000012 x10:00000400
13164761ns          217554 1c008660 0006a803 lw               x16, 0(x13)         x16=00000011 x13:1c01f070  PA:1c01f070
13165059ns          217569 1c008664 0046a783 lw               x15, 4(x13)         x15=00000012 x13:1c01f070  PA:1c01f074
13165378ns          217585 1c008666 fef80de3 beq              x16, x15, -6        x16:00000011 x15:00000012
13165397ns          217586 1c00866a 0006a783 lw               x15, 0(x13)         x15=00000011 x13:1c01f070  PA:1c01f070
13165736ns          217603 1c00866c 00279793 slli             x15, x15, 0x2       x15=00000044 x15:00000011
13165755ns          217604 1c00866e 20faf783 lw               x15, x15(x21)       x15=dead0211 x15:00000044 x21:1c01e070  PA:1c01e0b4
13166054ns          217619 1c008672 0006a783 lw               x15, 0(x13)         x15=00000011 x13:1c01f070  PA:1c01f070
13166372ns          217635 1c008674 00178793 addi             x15, x15, 1         x15=00000012 x15:00000011
13166392ns          217636 1c008676 00f6a023 sw               x15, 0(x13)         x15:00000012 x13:1c01f070  PA:1c01f070
13166710ns          217652 1c008678 0006a783 lw               x15, 0(x13)         x15=00000012 x13:1c01f070  PA:1c01f070
13167048ns          217669 1c00867a 00a79463 bne              x15, x10, 8         x15:00000012 x10:00000400
13167128ns          217673 1c008682 00072803 lw               x16, 0(x14)         x16=00000011 x14:1c01d060  PA:1c01d060
13167426ns          217688 1c008686 00472783 lw               x15, 4(x14)         x15=00000012 x14:1c01d060  PA:1c01d064
13167745ns          217704 1c008688 fef80de3 beq              x16, x15, -6        x16:00000011 x15:00000012
13167764ns          217705 1c00868c 00072783 lw               x15, 0(x14)         x15=00000011 x14:1c01d060  PA:1c01d060
13168083ns          217721 1c00868e 00279793 slli             x15, x15, 0x2       x15=00000044 x15:00000011
13168103ns          217722 1c008690 20fa7783 lw               x15, x15(x20)       x15=dead0111 x15:00000044 x20:1c01c060  PA:1c01c0a4
13168421ns          217738 1c008694 00072783 lw               x15, 0(x14)         x15=00000011 x14:1c01d060  PA:1c01d060
13168739ns          217754 1c008696 00178793 addi             x15, x15, 1         x15=00000012 x15:00000011
13168759ns          217755 1c008698 00f72023 sw               x15, 0(x14)         x15:00000012 x14:1c01d060  PA:1c01d060
13169077ns          217771 1c00869a 00072783 lw               x15, 0(x14)         x15=00000012 x14:1c01d060  PA:1c01d060
13169395ns          217787 1c00869c 00a78663 beq              x15, x10, 12        x15:00000012 x10:00000400
13169415ns          217788 1c0086a0 fff88893 addi             x17, x17, -1        x17=0000000e x17:0000000f
13169435ns          217789 1c0086a2 f60895e3 bne              x17, x0, -150       x17:0000000e
13169495ns          217792 1c00860c 00432e0b p.lw             x28, 4(x6!)         x28=dead0312  x6=10001f84  x6:10001f80  PA:10001f80
13169515ns          217793 1c008610 0045a783 lw               x15, 4(x11)         x15=00000012 x11:1c01c058  PA:1c01c05c
13169833ns          217809 1c008612 00178793 addi             x15, x15, 1         x15=00000013 x15:00000012
13169853ns          217810 1c008614 0aa78363 beq              x15, x10, 166       x15:00000013 x10:00000400
13169873ns          217811 1c008618 0005a803 lw               x16, 0(x11)         x16=00000012 x11:1c01c058  PA:1c01c058
13170191ns          217827 1c00861c fef80ae3 beq              x16, x15, -12       x16:00000012 x15:00000013
13170211ns          217828 1c008620 0045a783 lw               x15, 4(x11)         x15=00000012 x11:1c01c058  PA:1c01c05c
13170529ns          217844 1c008622 00279793 slli             x15, x15, 0x2       x15=00000048 x15:00000012
13170549ns          217845 1c008624 01cde7a3 p.sw             x28, x0(x27)        x28:dead0312 x27:1c01b058  PA:1c01b0a0
13170867ns          217861 1c008628 0045a783 lw               x15, 4(x11)         x15=00000012 x11:1c01c058  PA:1c01c05c
13171186ns          217877 1c00862a 00178793 addi             x15, x15, 1         x15=00000013 x15:00000012
13171206ns          217878 1c00862c 00f5a223 sw               x15, 4(x11)         x15:00000013 x11:1c01c058  PA:1c01c05c
13171524ns          217894 1c00862e 0045a783 lw               x15, 4(x11)         x15=00000013 x11:1c01c058  PA:1c01c05c
13171842ns          217910 1c008630 00a79463 bne              x15, x10, 8         x15:00000013 x10:00000400
13171902ns          217913 1c008638 00462783 lw               x15, 4(x12)         x15=00000012 x12:1c016028  PA:1c01602c
13172220ns          217929 1c00863a 00178793 addi             x15, x15, 1         x15=00000013 x15:00000012
13172240ns          217930 1c00863c 06a78c63 beq              x15, x10, 120       x15:00000013 x10:00000400
13172260ns          217931 1c008640 00062803 lw               x16, 0(x12)         x16=00000012 x12:1c016028  PA:1c016028
13172578ns          217947 1c008644 fef80ae3 beq              x16, x15, -12       x16:00000012 x15:00000013
13172598ns          217948 1c008648 00462783 lw               x15, 4(x12)         x15=00000012 x12:1c016028  PA:1c01602c
13172916ns          217964 1c00864a 00279793 slli             x15, x15, 0x2       x15=00000048 x15:00000012
13172936ns          217965 1c00864c 01cd67a3 p.sw             x28, x0(x26)        x28:dead0312 x26:1c015028  PA:1c015070
13173254ns          217981 1c008650 00462783 lw               x15, 4(x12)         x15=00000012 x12:1c016028  PA:1c01602c
13173573ns          217997 1c008652 00178793 addi             x15, x15, 1         x15=00000013 x15:00000012
13173592ns          217998 1c008654 00f62223 sw               x15, 4(x12)         x15:00000013 x12:1c016028  PA:1c01602c
13173911ns          218014 1c008656 00462783 lw               x15, 4(x12)         x15=00000013 x12:1c016028  PA:1c01602c
13174229ns          218030 1c008658 00a79463 bne              x15, x10, 8         x15:00000013 x10:00000400
13174289ns          218033 1c008660 0006a803 lw               x16, 0(x13)         x16=00000012 x13:1c01f070  PA:1c01f070
13174587ns          218048 1c008664 0046a783 lw               x15, 4(x13)         x15=00000013 x13:1c01f070  PA:1c01f074
13174905ns          218064 1c008666 fef80de3 beq              x16, x15, -6        x16:00000012 x15:00000013
13174925ns          218065 1c00866a 0006a783 lw               x15, 0(x13)         x15=00000012 x13:1c01f070  PA:1c01f070
13175243ns          218081 1c00866c 00279793 slli             x15, x15, 0x2       x15=00000048 x15:00000012
13175263ns          218082 1c00866e 20faf783 lw               x15, x15(x21)       x15=dead0212 x15:00000048 x21:1c01e070  PA:1c01e0b8
13175562ns          218097 1c008672 0006a783 lw               x15, 0(x13)         x15=00000012 x13:1c01f070  PA:1c01f070
13175900ns          218114 1c008674 00178793 addi             x15, x15, 1         x15=00000013 x15:00000012
13175920ns          218115 1c008676 00f6a023 sw               x15, 0(x13)         x15:00000013 x13:1c01f070  PA:1c01f070
13176238ns          218131 1c008678 0006a783 lw               x15, 0(x13)         x15=00000013 x13:1c01f070  PA:1c01f070
13176556ns          218147 1c00867a 00a79463 bne              x15, x10, 8         x15:00000013 x10:00000400
13176636ns          218151 1c008682 00072803 lw               x16, 0(x14)         x16=00000012 x14:1c01d060  PA:1c01d060
13176934ns          218166 1c008686 00472783 lw               x15, 4(x14)         x15=00000013 x14:1c01d060  PA:1c01d064
13177252ns          218182 1c008688 fef80de3 beq              x16, x15, -6        x16:00000012 x15:00000013
13177272ns          218183 1c00868c 00072783 lw               x15, 0(x14)         x15=00000012 x14:1c01d060  PA:1c01d060
13177590ns          218199 1c00868e 00279793 slli             x15, x15, 0x2       x15=00000048 x15:00000012
13177610ns          218200 1c008690 20fa7783 lw               x15, x15(x20)       x15=dead0112 x15:00000048 x20:1c01c060  PA:1c01c0a8
13177909ns          218215 1c008694 00072783 lw               x15, 0(x14)         x15=00000012 x14:1c01d060  PA:1c01d060
13178227ns          218231 1c008696 00178793 addi             x15, x15, 1         x15=00000013 x15:00000012
13178247ns          218232 1c008698 00f72023 sw               x15, 0(x14)         x15:00000013 x14:1c01d060  PA:1c01d060
13178565ns          218248 1c00869a 00072783 lw               x15, 0(x14)         x15=00000013 x14:1c01d060  PA:1c01d060
13178883ns          218264 1c00869c 00a78663 beq              x15, x10, 12        x15:00000013 x10:00000400
13178903ns          218265 1c0086a0 fff88893 addi             x17, x17, -1        x17=0000000d x17:0000000e
13178923ns          218266 1c0086a2 f60895e3 bne              x17, x0, -150       x17:0000000d
13178983ns          218269 1c00860c 00432e0b p.lw             x28, 4(x6!)         x28=dead0313  x6=10001f88  x6:10001f84  PA:10001f84
13179003ns          218270 1c008610 0045a783 lw               x15, 4(x11)         x15=00000013 x11:1c01c058  PA:1c01c05c
13179321ns          218286 1c008612 00178793 addi             x15, x15, 1         x15=00000014 x15:00000013
13179341ns          218287 1c008614 0aa78363 beq              x15, x10, 166       x15:00000014 x10:00000400
13179361ns          218288 1c008618 0005a803 lw               x16, 0(x11)         x16=00000013 x11:1c01c058  PA:1c01c058
13179679ns          218304 1c00861c fef80ae3 beq              x16, x15, -12       x16:00000013 x15:00000014
13179699ns          218305 1c008620 0045a783 lw               x15, 4(x11)         x15=00000013 x11:1c01c058  PA:1c01c05c
13180017ns          218321 1c008622 00279793 slli             x15, x15, 0x2       x15=0000004c x15:00000013
13180037ns          218322 1c008624 01cde7a3 p.sw             x28, x0(x27)        x28:dead0313 x27:1c01b058  PA:1c01b0a4
13180375ns          218339 1c008628 0045a783 lw               x15, 4(x11)         x15=00000013 x11:1c01c058  PA:1c01c05c
13180693ns          218355 1c00862a 00178793 addi             x15, x15, 1         x15=00000014 x15:00000013
13180713ns          218356 1c00862c 00f5a223 sw               x15, 4(x11)         x15:00000014 x11:1c01c058  PA:1c01c05c
13181032ns          218372 1c00862e 0045a783 lw               x15, 4(x11)         x15=00000014 x11:1c01c058  PA:1c01c05c
13181350ns          218388 1c008630 00a79463 bne              x15, x10, 8         x15:00000014 x10:00000400
13181409ns          218391 1c008638 00462783 lw               x15, 4(x12)         x15=00000013 x12:1c016028  PA:1c01602c
13181748ns          218408 1c00863a 00178793 addi             x15, x15, 1         x15=00000014 x15:00000013
13181768ns          218409 1c00863c 06a78c63 beq              x15, x10, 120       x15:00000014 x10:00000400
13181787ns          218410 1c008640 00062803 lw               x16, 0(x12)         x16=00000013 x12:1c016028  PA:1c016028
13182106ns          218426 1c008644 fef80ae3 beq              x16, x15, -12       x16:00000013 x15:00000014
13182126ns          218427 1c008648 00462783 lw               x15, 4(x12)         x15=00000013 x12:1c016028  PA:1c01602c
13182444ns          218443 1c00864a 00279793 slli             x15, x15, 0x2       x15=0000004c x15:00000013
13182464ns          218444 1c00864c 01cd67a3 p.sw             x28, x0(x26)        x28:dead0313 x26:1c015028  PA:1c015074
13182782ns          218460 1c008650 00462783 lw               x15, 4(x12)         x15=00000013 x12:1c016028  PA:1c01602c
13183100ns          218476 1c008652 00178793 addi             x15, x15, 1         x15=00000014 x15:00000013
13183120ns          218477 1c008654 00f62223 sw               x15, 4(x12)         x15:00000014 x12:1c016028  PA:1c01602c
13183438ns          218493 1c008656 00462783 lw               x15, 4(x12)         x15=00000014 x12:1c016028  PA:1c01602c
13183757ns          218509 1c008658 00a79463 bne              x15, x10, 8         x15:00000014 x10:00000400
13183816ns          218512 1c008660 0006a803 lw               x16, 0(x13)         x16=00000013 x13:1c01f070  PA:1c01f070
13184115ns          218527 1c008664 0046a783 lw               x15, 4(x13)         x15=00000014 x13:1c01f070  PA:1c01f074
13184433ns          218543 1c008666 fef80de3 beq              x16, x15, -6        x16:00000013 x15:00000014
13184453ns          218544 1c00866a 0006a783 lw               x15, 0(x13)         x15=00000013 x13:1c01f070  PA:1c01f070
13184771ns          218560 1c00866c 00279793 slli             x15, x15, 0x2       x15=0000004c x15:00000013
13184791ns          218561 1c00866e 20faf783 lw               x15, x15(x21)       x15=dead0213 x15:0000004c x21:1c01e070  PA:1c01e0bc
13185089ns          218576 1c008672 0006a783 lw               x15, 0(x13)         x15=00000013 x13:1c01f070  PA:1c01f070
13185427ns          218593 1c008674 00178793 addi             x15, x15, 1         x15=00000014 x15:00000013
13185447ns          218594 1c008676 00f6a023 sw               x15, 0(x13)         x15:00000014 x13:1c01f070  PA:1c01f070
13185766ns          218610 1c008678 0006a783 lw               x15, 0(x13)         x15=00000014 x13:1c01f070  PA:1c01f070
13186084ns          218626 1c00867a 00a79463 bne              x15, x10, 8         x15:00000014 x10:00000400
13186163ns          218630 1c008682 00072803 lw               x16, 0(x14)         x16=00000013 x14:1c01d060  PA:1c01d060
13186462ns          218645 1c008686 00472783 lw               x15, 4(x14)         x15=00000014 x14:1c01d060  PA:1c01d064
13186780ns          218661 1c008688 fef80de3 beq              x16, x15, -6        x16:00000013 x15:00000014
13186800ns          218662 1c00868c 00072783 lw               x15, 0(x14)         x15=00000013 x14:1c01d060  PA:1c01d060
13187118ns          218678 1c00868e 00279793 slli             x15, x15, 0x2       x15=0000004c x15:00000013
13187138ns          218679 1c008690 20fa7783 lw               x15, x15(x20)       x15=dead0113 x15:0000004c x20:1c01c060  PA:1c01c0ac
13187436ns          218694 1c008694 00072783 lw               x15, 0(x14)         x15=00000013 x14:1c01d060  PA:1c01d060
13187755ns          218710 1c008696 00178793 addi             x15, x15, 1         x15=00000014 x15:00000013
13187775ns          218711 1c008698 00f72023 sw               x15, 0(x14)         x15:00000014 x14:1c01d060  PA:1c01d060
13188093ns          218727 1c00869a 00072783 lw               x15, 0(x14)         x15=00000014 x14:1c01d060  PA:1c01d060
13188451ns          218745 1c00869c 00a78663 beq              x15, x10, 12        x15:00000014 x10:00000400
13188471ns          218746 1c0086a0 fff88893 addi             x17, x17, -1        x17=0000000c x17:0000000d
13188491ns          218747 1c0086a2 f60895e3 bne              x17, x0, -150       x17:0000000c
13188550ns          218750 1c00860c 00432e0b p.lw             x28, 4(x6!)         x28=dead0314  x6=10001f8c  x6:10001f88  PA:10001f88
13188570ns          218751 1c008610 0045a783 lw               x15, 4(x11)         x15=00000014 x11:1c01c058  PA:1c01c05c
13188888ns          218767 1c008612 00178793 addi             x15, x15, 1         x15=00000015 x15:00000014
13188908ns          218768 1c008614 0aa78363 beq              x15, x10, 166       x15:00000015 x10:00000400
13188928ns          218769 1c008618 0005a803 lw               x16, 0(x11)         x16=00000014 x11:1c01c058  PA:1c01c058
13189246ns          218785 1c00861c fef80ae3 beq              x16, x15, -12       x16:00000014 x15:00000015
13189266ns          218786 1c008620 0045a783 lw               x15, 4(x11)         x15=00000014 x11:1c01c058  PA:1c01c05c
13189585ns          218802 1c008622 00279793 slli             x15, x15, 0x2       x15=00000050 x15:00000014
13189604ns          218803 1c008624 01cde7a3 p.sw             x28, x0(x27)        x28:dead0314 x27:1c01b058  PA:1c01b0a8
13189923ns          218819 1c008628 0045a783 lw               x15, 4(x11)         x15=00000014 x11:1c01c058  PA:1c01c05c
13190241ns          218835 1c00862a 00178793 addi             x15, x15, 1         x15=00000015 x15:00000014
13190261ns          218836 1c00862c 00f5a223 sw               x15, 4(x11)         x15:00000015 x11:1c01c058  PA:1c01c05c
13190579ns          218852 1c00862e 0045a783 lw               x15, 4(x11)         x15=00000015 x11:1c01c058  PA:1c01c05c
13190897ns          218868 1c008630 00a79463 bne              x15, x10, 8         x15:00000015 x10:00000400
13190957ns          218871 1c008638 00462783 lw               x15, 4(x12)         x15=00000014 x12:1c016028  PA:1c01602c
13191275ns          218887 1c00863a 00178793 addi             x15, x15, 1         x15=00000015 x15:00000014
13191295ns          218888 1c00863c 06a78c63 beq              x15, x10, 120       x15:00000015 x10:00000400
13191315ns          218889 1c008640 00062803 lw               x16, 0(x12)         x16=00000014 x12:1c016028  PA:1c016028
13191633ns          218905 1c008644 fef80ae3 beq              x16, x15, -12       x16:00000014 x15:00000015
13191653ns          218906 1c008648 00462783 lw               x15, 4(x12)         x15=00000014 x12:1c016028  PA:1c01602c
13191971ns          218922 1c00864a 00279793 slli             x15, x15, 0x2       x15=00000050 x15:00000014
13191991ns          218923 1c00864c 01cd67a3 p.sw             x28, x0(x26)        x28:dead0314 x26:1c015028  PA:1c015078
13192330ns          218940 1c008650 00462783 lw               x15, 4(x12)         x15=00000014 x12:1c016028  PA:1c01602c
13192648ns          218956 1c008652 00178793 addi             x15, x15, 1         x15=00000015 x15:00000014
13192668ns          218957 1c008654 00f62223 sw               x15, 4(x12)         x15:00000015 x12:1c016028  PA:1c01602c
13192986ns          218973 1c008656 00462783 lw               x15, 4(x12)         x15=00000015 x12:1c016028  PA:1c01602c
13193304ns          218989 1c008658 00a79463 bne              x15, x10, 8         x15:00000015 x10:00000400
13193364ns          218992 1c008660 0006a803 lw               x16, 0(x13)         x16=00000014 x13:1c01f070  PA:1c01f070
13193682ns          219008 1c008664 0046a783 lw               x15, 4(x13)         x15=00000015 x13:1c01f070  PA:1c01f074
13194000ns          219024 1c008666 fef80de3 beq              x16, x15, -6        x16:00000014 x15:00000015
13194020ns          219025 1c00866a 0006a783 lw               x15, 0(x13)         x15=00000014 x13:1c01f070  PA:1c01f070
13194338ns          219041 1c00866c 00279793 slli             x15, x15, 0x2       x15=00000050 x15:00000014
13194358ns          219042 1c00866e 20faf783 lw               x15, x15(x21)       x15=dead0214 x15:00000050 x21:1c01e070  PA:1c01e0c0
13194657ns          219057 1c008672 0006a783 lw               x15, 0(x13)         x15=00000014 x13:1c01f070  PA:1c01f070
13195015ns          219075 1c008674 00178793 addi             x15, x15, 1         x15=00000015 x15:00000014
13195035ns          219076 1c008676 00f6a023 sw               x15, 0(x13)         x15:00000015 x13:1c01f070  PA:1c01f070
13195353ns          219092 1c008678 0006a783 lw               x15, 0(x13)         x15=00000015 x13:1c01f070  PA:1c01f070
13195671ns          219108 1c00867a 00a79463 bne              x15, x10, 8         x15:00000015 x10:00000400
13195751ns          219112 1c008682 00072803 lw               x16, 0(x14)         x16=00000014 x14:1c01d060  PA:1c01d060
13196049ns          219127 1c008686 00472783 lw               x15, 4(x14)         x15=00000015 x14:1c01d060  PA:1c01d064
13196387ns          219144 1c008688 fef80de3 beq              x16, x15, -6        x16:00000014 x15:00000015
13196407ns          219145 1c00868c 00072783 lw               x15, 0(x14)         x15=00000014 x14:1c01d060  PA:1c01d060
13196725ns          219161 1c00868e 00279793 slli             x15, x15, 0x2       x15=00000050 x15:00000014
13196745ns          219162 1c008690 20fa7783 lw               x15, x15(x20)       x15=dead0114 x15:00000050 x20:1c01c060  PA:1c01c0b0
13197044ns          219177 1c008694 00072783 lw               x15, 0(x14)         x15=00000014 x14:1c01d060  PA:1c01d060
13197362ns          219193 1c008696 00178793 addi             x15, x15, 1         x15=00000015 x15:00000014
13197382ns          219194 1c008698 00f72023 sw               x15, 0(x14)         x15:00000015 x14:1c01d060  PA:1c01d060
13197720ns          219211 1c00869a 00072783 lw               x15, 0(x14)         x15=00000015 x14:1c01d060  PA:1c01d060
13198038ns          219227 1c00869c 00a78663 beq              x15, x10, 12        x15:00000015 x10:00000400
13198058ns          219228 1c0086a0 fff88893 addi             x17, x17, -1        x17=0000000b x17:0000000c
13198078ns          219229 1c0086a2 f60895e3 bne              x17, x0, -150       x17:0000000b
13198138ns          219232 1c00860c 00432e0b p.lw             x28, 4(x6!)         x28=dead0315  x6=10001f90  x6:10001f8c  PA:10001f8c
13198158ns          219233 1c008610 0045a783 lw               x15, 4(x11)         x15=00000015 x11:1c01c058  PA:1c01c05c
13198476ns          219249 1c008612 00178793 addi             x15, x15, 1         x15=00000016 x15:00000015
13198496ns          219250 1c008614 0aa78363 beq              x15, x10, 166       x15:00000016 x10:00000400
13198516ns          219251 1c008618 0005a803 lw               x16, 0(x11)         x16=00000015 x11:1c01c058  PA:1c01c058
13198834ns          219267 1c00861c fef80ae3 beq              x16, x15, -12       x16:00000015 x15:00000016
13198854ns          219268 1c008620 0045a783 lw               x15, 4(x11)         x15=00000015 x11:1c01c058  PA:1c01c05c
13199172ns          219284 1c008622 00279793 slli             x15, x15, 0x2       x15=00000054 x15:00000015
13199192ns          219285 1c008624 01cde7a3 p.sw             x28, x0(x27)        x28:dead0315 x27:1c01b058  PA:1c01b0ac
13199510ns          219301 1c008628 0045a783 lw               x15, 4(x11)         x15=00000015 x11:1c01c058  PA:1c01c05c
13199828ns          219317 1c00862a 00178793 addi             x15, x15, 1         x15=00000016 x15:00000015
13199848ns          219318 1c00862c 00f5a223 sw               x15, 4(x11)         x15:00000016 x11:1c01c058  PA:1c01c05c
13200166ns          219334 1c00862e 0045a783 lw               x15, 4(x11)         x15=00000016 x11:1c01c058  PA:1c01c05c
13200485ns          219350 1c008630 00a79463 bne              x15, x10, 8         x15:00000016 x10:00000400
13200544ns          219353 1c008638 00462783 lw               x15, 4(x12)         x15=00000015 x12:1c016028  PA:1c01602c
13200863ns          219369 1c00863a 00178793 addi             x15, x15, 1         x15=00000016 x15:00000015
13200883ns          219370 1c00863c 06a78c63 beq              x15, x10, 120       x15:00000016 x10:00000400
13200902ns          219371 1c008640 00062803 lw               x16, 0(x12)         x16=00000015 x12:1c016028  PA:1c016028
13201221ns          219387 1c008644 fef80ae3 beq              x16, x15, -12       x16:00000015 x15:00000016
13201241ns          219388 1c008648 00462783 lw               x15, 4(x12)         x15=00000015 x12:1c016028  PA:1c01602c
13201559ns          219404 1c00864a 00279793 slli             x15, x15, 0x2       x15=00000054 x15:00000015
13201579ns          219405 1c00864c 01cd67a3 p.sw             x28, x0(x26)        x28:dead0315 x26:1c015028  PA:1c01507c
13201897ns          219421 1c008650 00462783 lw               x15, 4(x12)         x15=00000015 x12:1c016028  PA:1c01602c
13202215ns          219437 1c008652 00178793 addi             x15, x15, 1         x15=00000016 x15:00000015
13202235ns          219438 1c008654 00f62223 sw               x15, 4(x12)         x15:00000016 x12:1c016028  PA:1c01602c
13202553ns          219454 1c008656 00462783 lw               x15, 4(x12)         x15=00000016 x12:1c016028  PA:1c01602c
13202872ns          219470 1c008658 00a79463 bne              x15, x10, 8         x15:00000016 x10:00000400
13202931ns          219473 1c008660 0006a803 lw               x16, 0(x13)         x16=00000015 x13:1c01f070  PA:1c01f070
13203230ns          219488 1c008664 0046a783 lw               x15, 4(x13)         x15=00000016 x13:1c01f070  PA:1c01f074
13203548ns          219504 1c008666 fef80de3 beq              x16, x15, -6        x16:00000015 x15:00000016
13203568ns          219505 1c00866a 0006a783 lw               x15, 0(x13)         x15=00000015 x13:1c01f070  PA:1c01f070
13203886ns          219521 1c00866c 00279793 slli             x15, x15, 0x2       x15=00000054 x15:00000015
13203906ns          219522 1c00866e 20faf783 lw               x15, x15(x21)       x15=dead0215 x15:00000054 x21:1c01e070  PA:1c01e0c4
13204204ns          219537 1c008672 0006a783 lw               x15, 0(x13)         x15=00000015 x13:1c01f070  PA:1c01f070
13204542ns          219554 1c008674 00178793 addi             x15, x15, 1         x15=00000016 x15:00000015
13204562ns          219555 1c008676 00f6a023 sw               x15, 0(x13)         x15:00000016 x13:1c01f070  PA:1c01f070
13204881ns          219571 1c008678 0006a783 lw               x15, 0(x13)         x15=00000016 x13:1c01f070  PA:1c01f070
13205199ns          219587 1c00867a 00a79463 bne              x15, x10, 8         x15:00000016 x10:00000400
13205278ns          219591 1c008682 00072803 lw               x16, 0(x14)         x16=00000015 x14:1c01d060  PA:1c01d060
13205597ns          219607 1c008686 00472783 lw               x15, 4(x14)         x15=00000016 x14:1c01d060  PA:1c01d064
13205915ns          219623 1c008688 fef80de3 beq              x16, x15, -6        x16:00000015 x15:00000016
13205935ns          219624 1c00868c 00072783 lw               x15, 0(x14)         x15=00000015 x14:1c01d060  PA:1c01d060
13206253ns          219640 1c00868e 00279793 slli             x15, x15, 0x2       x15=00000054 x15:00000015
13206273ns          219641 1c008690 20fa7783 lw               x15, x15(x20)       x15=dead0115 x15:00000054 x20:1c01c060  PA:1c01c0b4
13206571ns          219656 1c008694 00072783 lw               x15, 0(x14)         x15=00000015 x14:1c01d060  PA:1c01d060
13206890ns          219672 1c008696 00178793 addi             x15, x15, 1         x15=00000016 x15:00000015
13206909ns          219673 1c008698 00f72023 sw               x15, 0(x14)         x15:00000016 x14:1c01d060  PA:1c01d060
13207228ns          219689 1c00869a 00072783 lw               x15, 0(x14)         x15=00000016 x14:1c01d060  PA:1c01d060
13207546ns          219705 1c00869c 00a78663 beq              x15, x10, 12        x15:00000016 x10:00000400
13207566ns          219706 1c0086a0 fff88893 addi             x17, x17, -1        x17=0000000a x17:0000000b
13207586ns          219707 1c0086a2 f60895e3 bne              x17, x0, -150       x17:0000000a
13207645ns          219710 1c00860c 00432e0b p.lw             x28, 4(x6!)         x28=dead0316  x6=10001f94  x6:10001f90  PA:10001f90
13207665ns          219711 1c008610 0045a783 lw               x15, 4(x11)         x15=00000016 x11:1c01c058  PA:1c01c05c
13207984ns          219727 1c008612 00178793 addi             x15, x15, 1         x15=00000017 x15:00000016
13208003ns          219728 1c008614 0aa78363 beq              x15, x10, 166       x15:00000017 x10:00000400
13208023ns          219729 1c008618 0005a803 lw               x16, 0(x11)         x16=00000016 x11:1c01c058  PA:1c01c058
13208361ns          219746 1c00861c fef80ae3 beq              x16, x15, -12       x16:00000016 x15:00000017
13208381ns          219747 1c008620 0045a783 lw               x15, 4(x11)         x15=00000016 x11:1c01c058  PA:1c01c05c
13208700ns          219763 1c008622 00279793 slli             x15, x15, 0x2       x15=00000058 x15:00000016
13208719ns          219764 1c008624 01cde7a3 p.sw             x28, x0(x27)        x28:dead0316 x27:1c01b058  PA:1c01b0b0
13209038ns          219780 1c008628 0045a783 lw               x15, 4(x11)         x15=00000016 x11:1c01c058  PA:1c01c05c
13209356ns          219796 1c00862a 00178793 addi             x15, x15, 1         x15=00000017 x15:00000016
13209376ns          219797 1c00862c 00f5a223 sw               x15, 4(x11)         x15:00000017 x11:1c01c058  PA:1c01c05c
13209714ns          219814 1c00862e 0045a783 lw               x15, 4(x11)         x15=00000017 x11:1c01c058  PA:1c01c05c
13210032ns          219830 1c008630 00a79463 bne              x15, x10, 8         x15:00000017 x10:00000400
13210092ns          219833 1c008638 00462783 lw               x15, 4(x12)         x15=00000016 x12:1c016028  PA:1c01602c
13210410ns          219849 1c00863a 00178793 addi             x15, x15, 1         x15=00000017 x15:00000016
13210430ns          219850 1c00863c 06a78c63 beq              x15, x10, 120       x15:00000017 x10:00000400
13210450ns          219851 1c008640 00062803 lw               x16, 0(x12)         x16=00000016 x12:1c016028  PA:1c016028
13210768ns          219867 1c008644 fef80ae3 beq              x16, x15, -12       x16:00000016 x15:00000017
13210788ns          219868 1c008648 00462783 lw               x15, 4(x12)         x15=00000016 x12:1c016028  PA:1c01602c
13211106ns          219884 1c00864a 00279793 slli             x15, x15, 0x2       x15=00000058 x15:00000016
13211126ns          219885 1c00864c 01cd67a3 p.sw             x28, x0(x26)        x28:dead0316 x26:1c015028  PA:1c015080
13211445ns          219901 1c008650 00462783 lw               x15, 4(x12)         x15=00000016 x12:1c016028  PA:1c01602c
13211763ns          219917 1c008652 00178793 addi             x15, x15, 1         x15=00000017 x15:00000016
13211783ns          219918 1c008654 00f62223 sw               x15, 4(x12)         x15:00000017 x12:1c016028  PA:1c01602c
13212101ns          219934 1c008656 00462783 lw               x15, 4(x12)         x15=00000017 x12:1c016028  PA:1c01602c
13212419ns          219950 1c008658 00a79463 bne              x15, x10, 8         x15:00000017 x10:00000400
13212479ns          219953 1c008660 0006a803 lw               x16, 0(x13)         x16=00000016 x13:1c01f070  PA:1c01f070
13212777ns          219968 1c008664 0046a783 lw               x15, 4(x13)         x15=00000017 x13:1c01f070  PA:1c01f074
13213095ns          219984 1c008666 fef80de3 beq              x16, x15, -6        x16:00000016 x15:00000017
13213115ns          219985 1c00866a 0006a783 lw               x15, 0(x13)         x15=00000016 x13:1c01f070  PA:1c01f070
13213434ns          220001 1c00866c 00279793 slli             x15, x15, 0x2       x15=00000058 x15:00000016
13213453ns          220002 1c00866e 20faf783 lw               x15, x15(x21)       x15=dead0216 x15:00000058 x21:1c01e070  PA:1c01e0c8
13213752ns          220017 1c008672 0006a783 lw               x15, 0(x13)         x15=00000016 x13:1c01f070  PA:1c01f070
13214070ns          220033 1c008674 00178793 addi             x15, x15, 1         x15=00000017 x15:00000016
13214090ns          220034 1c008676 00f6a023 sw               x15, 0(x13)         x15:00000017 x13:1c01f070  PA:1c01f070
13214408ns          220050 1c008678 0006a783 lw               x15, 0(x13)         x15=00000017 x13:1c01f070  PA:1c01f070
13214726ns          220066 1c00867a 00a79463 bne              x15, x10, 8         x15:00000017 x10:00000400
13214806ns          220070 1c008682 00072803 lw               x16, 0(x14)         x16=00000016 x14:1c01d060  PA:1c01d060
13215104ns          220085 1c008686 00472783 lw               x15, 4(x14)         x15=00000017 x14:1c01d060  PA:1c01d064
13215423ns          220101 1c008688 fef80de3 beq              x16, x15, -6        x16:00000016 x15:00000017
13215443ns          220102 1c00868c 00072783 lw               x15, 0(x14)         x15=00000016 x14:1c01d060  PA:1c01d060
13215761ns          220118 1c00868e 00279793 slli             x15, x15, 0x2       x15=00000058 x15:00000016
13215781ns          220119 1c008690 20fa7783 lw               x15, x15(x20)       x15=dead0116 x15:00000058 x20:1c01c060  PA:1c01c0b8
13216079ns          220134 1c008694 00072783 lw               x15, 0(x14)         x15=00000016 x14:1c01d060  PA:1c01d060
13216437ns          220152 1c008696 00178793 addi             x15, x15, 1         x15=00000017 x15:00000016
13216457ns          220153 1c008698 00f72023 sw               x15, 0(x14)         x15:00000017 x14:1c01d060  PA:1c01d060
13216775ns          220169 1c00869a 00072783 lw               x15, 0(x14)         x15=00000017 x14:1c01d060  PA:1c01d060
13217093ns          220185 1c00869c 00a78663 beq              x15, x10, 12        x15:00000017 x10:00000400
13217113ns          220186 1c0086a0 fff88893 addi             x17, x17, -1        x17=00000009 x17:0000000a
13217133ns          220187 1c0086a2 f60895e3 bne              x17, x0, -150       x17:00000009
13217193ns          220190 1c00860c 00432e0b p.lw             x28, 4(x6!)         x28=dead0317  x6=10001f98  x6:10001f94  PA:10001f94
13217213ns          220191 1c008610 0045a783 lw               x15, 4(x11)         x15=00000017 x11:1c01c058  PA:1c01c05c
13217531ns          220207 1c008612 00178793 addi             x15, x15, 1         x15=00000018 x15:00000017
13217551ns          220208 1c008614 0aa78363 beq              x15, x10, 166       x15:00000018 x10:00000400
13217571ns          220209 1c008618 0005a803 lw               x16, 0(x11)         x16=00000017 x11:1c01c058  PA:1c01c058
13217889ns          220225 1c00861c fef80ae3 beq              x16, x15, -12       x16:00000017 x15:00000018
13217909ns          220226 1c008620 0045a783 lw               x15, 4(x11)         x15=00000017 x11:1c01c058  PA:1c01c05c
13218227ns          220242 1c008622 00279793 slli             x15, x15, 0x2       x15=0000005c x15:00000017
13218247ns          220243 1c008624 01cde7a3 p.sw             x28, x0(x27)        x28:dead0317 x27:1c01b058  PA:1c01b0b4
13218565ns          220259 1c008628 0045a783 lw               x15, 4(x11)         x15=00000017 x11:1c01c058  PA:1c01c05c
13218884ns          220275 1c00862a 00178793 addi             x15, x15, 1         x15=00000018 x15:00000017
13218904ns          220276 1c00862c 00f5a223 sw               x15, 4(x11)         x15:00000018 x11:1c01c058  PA:1c01c05c
13219222ns          220292 1c00862e 0045a783 lw               x15, 4(x11)         x15=00000018 x11:1c01c058  PA:1c01c05c
13219540ns          220308 1c008630 00a79463 bne              x15, x10, 8         x15:00000018 x10:00000400
13219600ns          220311 1c008638 00462783 lw               x15, 4(x12)         x15=00000017 x12:1c016028  PA:1c01602c
13219918ns          220327 1c00863a 00178793 addi             x15, x15, 1         x15=00000018 x15:00000017
13219938ns          220328 1c00863c 06a78c63 beq              x15, x10, 120       x15:00000018 x10:00000400
13219958ns          220329 1c008640 00062803 lw               x16, 0(x12)         x16=00000017 x12:1c016028  PA:1c016028
13220296ns          220346 1c008644 fef80ae3 beq              x16, x15, -12       x16:00000017 x15:00000018
13220316ns          220347 1c008648 00462783 lw               x15, 4(x12)         x15=00000017 x12:1c016028  PA:1c01602c
13220634ns          220363 1c00864a 00279793 slli             x15, x15, 0x2       x15=0000005c x15:00000017
13220654ns          220364 1c00864c 01cd67a3 p.sw             x28, x0(x26)        x28:dead0317 x26:1c015028  PA:1c015084
13220972ns          220380 1c008650 00462783 lw               x15, 4(x12)         x15=00000017 x12:1c016028  PA:1c01602c
13221290ns          220396 1c008652 00178793 addi             x15, x15, 1         x15=00000018 x15:00000017
13221310ns          220397 1c008654 00f62223 sw               x15, 4(x12)         x15:00000018 x12:1c016028  PA:1c01602c
13221648ns          220414 1c008656 00462783 lw               x15, 4(x12)         x15=00000018 x12:1c016028  PA:1c01602c
13221967ns          220430 1c008658 00a79463 bne              x15, x10, 8         x15:00000018 x10:00000400
13222026ns          220433 1c008660 0006a803 lw               x16, 0(x13)         x16=00000017 x13:1c01f070  PA:1c01f070
13222325ns          220448 1c008664 0046a783 lw               x15, 4(x13)         x15=00000018 x13:1c01f070  PA:1c01f074
13222643ns          220464 1c008666 fef80de3 beq              x16, x15, -6        x16:00000017 x15:00000018
13222663ns          220465 1c00866a 0006a783 lw               x15, 0(x13)         x15=00000017 x13:1c01f070  PA:1c01f070
13223001ns          220482 1c00866c 00279793 slli             x15, x15, 0x2       x15=0000005c x15:00000017
13223021ns          220483 1c00866e 20faf783 lw               x15, x15(x21)       x15=dead0217 x15:0000005c x21:1c01e070  PA:1c01e0cc
13223319ns          220498 1c008672 0006a783 lw               x15, 0(x13)         x15=00000017 x13:1c01f070  PA:1c01f070
13223638ns          220514 1c008674 00178793 addi             x15, x15, 1         x15=00000018 x15:00000017
13223657ns          220515 1c008676 00f6a023 sw               x15, 0(x13)         x15:00000018 x13:1c01f070  PA:1c01f070
13223976ns          220531 1c008678 0006a783 lw               x15, 0(x13)         x15=00000018 x13:1c01f070  PA:1c01f070
13224314ns          220548 1c00867a 00a79463 bne              x15, x10, 8         x15:00000018 x10:00000400
13224393ns          220552 1c008682 00072803 lw               x16, 0(x14)         x16=00000017 x14:1c01d060  PA:1c01d060
13224692ns          220567 1c008686 00472783 lw               x15, 4(x14)         x15=00000018 x14:1c01d060  PA:1c01d064
13225010ns          220583 1c008688 fef80de3 beq              x16, x15, -6        x16:00000017 x15:00000018
13225030ns          220584 1c00868c 00072783 lw               x15, 0(x14)         x15=00000017 x14:1c01d060  PA:1c01d060
13225348ns          220600 1c00868e 00279793 slli             x15, x15, 0x2       x15=0000005c x15:00000017
13225368ns          220601 1c008690 20fa7783 lw               x15, x15(x20)       x15=dead0117 x15:0000005c x20:1c01c060  PA:1c01c0bc
13225686ns          220617 1c008694 00072783 lw               x15, 0(x14)         x15=00000017 x14:1c01d060  PA:1c01d060
13226005ns          220633 1c008696 00178793 addi             x15, x15, 1         x15=00000018 x15:00000017
13226024ns          220634 1c008698 00f72023 sw               x15, 0(x14)         x15:00000018 x14:1c01d060  PA:1c01d060
13226343ns          220650 1c00869a 00072783 lw               x15, 0(x14)         x15=00000018 x14:1c01d060  PA:1c01d060
13226661ns          220666 1c00869c 00a78663 beq              x15, x10, 12        x15:00000018 x10:00000400
13226681ns          220667 1c0086a0 fff88893 addi             x17, x17, -1        x17=00000008 x17:00000009
13226701ns          220668 1c0086a2 f60895e3 bne              x17, x0, -150       x17:00000008
13226760ns          220671 1c00860c 00432e0b p.lw             x28, 4(x6!)         x28=dead0318  x6=10001f9c  x6:10001f98  PA:10001f98
13226780ns          220672 1c008610 0045a783 lw               x15, 4(x11)         x15=00000018 x11:1c01c058  PA:1c01c05c
13227099ns          220688 1c008612 00178793 addi             x15, x15, 1         x15=00000019 x15:00000018
13227118ns          220689 1c008614 0aa78363 beq              x15, x10, 166       x15:00000019 x10:00000400
13227138ns          220690 1c008618 0005a803 lw               x16, 0(x11)         x16=00000018 x11:1c01c058  PA:1c01c058
13227457ns          220706 1c00861c fef80ae3 beq              x16, x15, -12       x16:00000018 x15:00000019
13227476ns          220707 1c008620 0045a783 lw               x15, 4(x11)         x15=00000018 x11:1c01c058  PA:1c01c05c
13227795ns          220723 1c008622 00279793 slli             x15, x15, 0x2       x15=00000060 x15:00000018
13227815ns          220724 1c008624 01cde7a3 p.sw             x28, x0(x27)        x28:dead0318 x27:1c01b058  PA:1c01b0b8
13228133ns          220740 1c008628 0045a783 lw               x15, 4(x11)         x15=00000018 x11:1c01c058  PA:1c01c05c
13228451ns          220756 1c00862a 00178793 addi             x15, x15, 1         x15=00000019 x15:00000018
13228471ns          220757 1c00862c 00f5a223 sw               x15, 4(x11)         x15:00000019 x11:1c01c058  PA:1c01c05c
13228789ns          220773 1c00862e 0045a783 lw               x15, 4(x11)         x15=00000019 x11:1c01c058  PA:1c01c05c
13229108ns          220789 1c008630 00a79463 bne              x15, x10, 8         x15:00000019 x10:00000400
13229167ns          220792 1c008638 00462783 lw               x15, 4(x12)         x15=00000018 x12:1c016028  PA:1c01602c
13229485ns          220808 1c00863a 00178793 addi             x15, x15, 1         x15=00000019 x15:00000018
13229505ns          220809 1c00863c 06a78c63 beq              x15, x10, 120       x15:00000019 x10:00000400
13229525ns          220810 1c008640 00062803 lw               x16, 0(x12)         x16=00000018 x12:1c016028  PA:1c016028
13229843ns          220826 1c008644 fef80ae3 beq              x16, x15, -12       x16:00000018 x15:00000019
13229863ns          220827 1c008648 00462783 lw               x15, 4(x12)         x15=00000018 x12:1c016028  PA:1c01602c
13230182ns          220843 1c00864a 00279793 slli             x15, x15, 0x2       x15=00000060 x15:00000018
13230202ns          220844 1c00864c 01cd67a3 p.sw             x28, x0(x26)        x28:dead0318 x26:1c015028  PA:1c015088
13230520ns          220860 1c008650 00462783 lw               x15, 4(x12)         x15=00000018 x12:1c016028  PA:1c01602c
13230838ns          220876 1c008652 00178793 addi             x15, x15, 1         x15=00000019 x15:00000018
13230858ns          220877 1c008654 00f62223 sw               x15, 4(x12)         x15:00000019 x12:1c016028  PA:1c01602c
13231176ns          220893 1c008656 00462783 lw               x15, 4(x12)         x15=00000019 x12:1c016028  PA:1c01602c
13231494ns          220909 1c008658 00a79463 bne              x15, x10, 8         x15:00000019 x10:00000400
13231554ns          220912 1c008660 0006a803 lw               x16, 0(x13)         x16=00000018 x13:1c01f070  PA:1c01f070
13231852ns          220927 1c008664 0046a783 lw               x15, 4(x13)         x15=00000019 x13:1c01f070  PA:1c01f074
13232171ns          220943 1c008666 fef80de3 beq              x16, x15, -6        x16:00000018 x15:00000019
13232191ns          220944 1c00866a 0006a783 lw               x15, 0(x13)         x15=00000018 x13:1c01f070  PA:1c01f070
13232509ns          220960 1c00866c 00279793 slli             x15, x15, 0x2       x15=00000060 x15:00000018
13232529ns          220961 1c00866e 20faf783 lw               x15, x15(x21)       x15=dead0218 x15:00000060 x21:1c01e070  PA:1c01e0d0
13232827ns          220976 1c008672 0006a783 lw               x15, 0(x13)         x15=00000018 x13:1c01f070  PA:1c01f070
13233165ns          220993 1c008674 00178793 addi             x15, x15, 1         x15=00000019 x15:00000018
13233185ns          220994 1c008676 00f6a023 sw               x15, 0(x13)         x15:00000019 x13:1c01f070  PA:1c01f070
13233503ns          221010 1c008678 0006a783 lw               x15, 0(x13)         x15=00000019 x13:1c01f070  PA:1c01f070
13233822ns          221026 1c00867a 00a79463 bne              x15, x10, 8         x15:00000019 x10:00000400
13233901ns          221030 1c008682 00072803 lw               x16, 0(x14)         x16=00000018 x14:1c01d060  PA:1c01d060
13234200ns          221045 1c008686 00472783 lw               x15, 4(x14)         x15=00000019 x14:1c01d060  PA:1c01d064
13234518ns          221061 1c008688 fef80de3 beq              x16, x15, -6        x16:00000018 x15:00000019
13234538ns          221062 1c00868c 00072783 lw               x15, 0(x14)         x15=00000018 x14:1c01d060  PA:1c01d060
13234856ns          221078 1c00868e 00279793 slli             x15, x15, 0x2       x15=00000060 x15:00000018
13234876ns          221079 1c008690 20fa7783 lw               x15, x15(x20)       x15=dead0118 x15:00000060 x20:1c01c060  PA:1c01c0c0
13235174ns          221094 1c008694 00072783 lw               x15, 0(x14)         x15=00000018 x14:1c01d060  PA:1c01d060
13235492ns          221110 1c008696 00178793 addi             x15, x15, 1         x15=00000019 x15:00000018
13235512ns          221111 1c008698 00f72023 sw               x15, 0(x14)         x15:00000019 x14:1c01d060  PA:1c01d060
13235831ns          221127 1c00869a 00072783 lw               x15, 0(x14)         x15=00000019 x14:1c01d060  PA:1c01d060
13236149ns          221143 1c00869c 00a78663 beq              x15, x10, 12        x15:00000019 x10:00000400
13236169ns          221144 1c0086a0 fff88893 addi             x17, x17, -1        x17=00000007 x17:00000008
13236189ns          221145 1c0086a2 f60895e3 bne              x17, x0, -150       x17:00000007
13236248ns          221148 1c00860c 00432e0b p.lw             x28, 4(x6!)         x28=dead0319  x6=10001fa0  x6:10001f9c  PA:10001f9c
13236268ns          221149 1c008610 0045a783 lw               x15, 4(x11)         x15=00000019 x11:1c01c058  PA:1c01c05c
13236586ns          221165 1c008612 00178793 addi             x15, x15, 1         x15=0000001a x15:00000019
13236606ns          221166 1c008614 0aa78363 beq              x15, x10, 166       x15:0000001a x10:00000400
13236626ns          221167 1c008618 0005a803 lw               x16, 0(x11)         x16=00000019 x11:1c01c058  PA:1c01c058
13236944ns          221183 1c00861c fef80ae3 beq              x16, x15, -12       x16:00000019 x15:0000001a
13236964ns          221184 1c008620 0045a783 lw               x15, 4(x11)         x15=00000019 x11:1c01c058  PA:1c01c05c
13237283ns          221200 1c008622 00279793 slli             x15, x15, 0x2       x15=00000064 x15:00000019
13237303ns          221201 1c008624 01cde7a3 p.sw             x28, x0(x27)        x28:dead0319 x27:1c01b058  PA:1c01b0bc
13237641ns          221218 1c008628 0045a783 lw               x15, 4(x11)         x15=00000019 x11:1c01c058  PA:1c01c05c
13237959ns          221234 1c00862a 00178793 addi             x15, x15, 1         x15=0000001a x15:00000019
13237979ns          221235 1c00862c 00f5a223 sw               x15, 4(x11)         x15:0000001a x11:1c01c058  PA:1c01c05c
13238297ns          221251 1c00862e 0045a783 lw               x15, 4(x11)         x15=0000001a x11:1c01c058  PA:1c01c05c
13238615ns          221267 1c008630 00a79463 bne              x15, x10, 8         x15:0000001a x10:00000400
13238675ns          221270 1c008638 00462783 lw               x15, 4(x12)         x15=00000019 x12:1c016028  PA:1c01602c
13239013ns          221287 1c00863a 00178793 addi             x15, x15, 1         x15=0000001a x15:00000019
13239033ns          221288 1c00863c 06a78c63 beq              x15, x10, 120       x15:0000001a x10:00000400
13239053ns          221289 1c008640 00062803 lw               x16, 0(x12)         x16=00000019 x12:1c016028  PA:1c016028
13239371ns          221305 1c008644 fef80ae3 beq              x16, x15, -12       x16:00000019 x15:0000001a
13239391ns          221306 1c008648 00462783 lw               x15, 4(x12)         x15=00000019 x12:1c016028  PA:1c01602c
13239709ns          221322 1c00864a 00279793 slli             x15, x15, 0x2       x15=00000064 x15:00000019
13239729ns          221323 1c00864c 01cd67a3 p.sw             x28, x0(x26)        x28:dead0319 x26:1c015028  PA:1c01508c
13240047ns          221339 1c008650 00462783 lw               x15, 4(x12)         x15=00000019 x12:1c016028  PA:1c01602c
13240366ns          221355 1c008652 00178793 addi             x15, x15, 1         x15=0000001a x15:00000019
13240386ns          221356 1c008654 00f62223 sw               x15, 4(x12)         x15:0000001a x12:1c016028  PA:1c01602c
13240704ns          221372 1c008656 00462783 lw               x15, 4(x12)         x15=0000001a x12:1c016028  PA:1c01602c
13241022ns          221388 1c008658 00a79463 bne              x15, x10, 8         x15:0000001a x10:00000400
13241082ns          221391 1c008660 0006a803 lw               x16, 0(x13)         x16=00000019 x13:1c01f070  PA:1c01f070
13241380ns          221406 1c008664 0046a783 lw               x15, 4(x13)         x15=0000001a x13:1c01f070  PA:1c01f074
13241698ns          221422 1c008666 fef80de3 beq              x16, x15, -6        x16:00000019 x15:0000001a
13241718ns          221423 1c00866a 0006a783 lw               x15, 0(x13)         x15=00000019 x13:1c01f070  PA:1c01f070
13242037ns          221439 1c00866c 00279793 slli             x15, x15, 0x2       x15=00000064 x15:00000019
13242056ns          221440 1c00866e 20faf783 lw               x15, x15(x21)       x15=dead0219 x15:00000064 x21:1c01e070  PA:1c01e0d4
13242355ns          221455 1c008672 0006a783 lw               x15, 0(x13)         x15=00000019 x13:1c01f070  PA:1c01f070
13242693ns          221472 1c008674 00178793 addi             x15, x15, 1         x15=0000001a x15:00000019
13242713ns          221473 1c008676 00f6a023 sw               x15, 0(x13)         x15:0000001a x13:1c01f070  PA:1c01f070
13243031ns          221489 1c008678 0006a783 lw               x15, 0(x13)         x15=0000001a x13:1c01f070  PA:1c01f070
13243349ns          221505 1c00867a 00a79463 bne              x15, x10, 8         x15:0000001a x10:00000400
13243429ns          221509 1c008682 00072803 lw               x16, 0(x14)         x16=00000019 x14:1c01d060  PA:1c01d060
13243727ns          221524 1c008686 00472783 lw               x15, 4(x14)         x15=0000001a x14:1c01d060  PA:1c01d064
13244045ns          221540 1c008688 fef80de3 beq              x16, x15, -6        x16:00000019 x15:0000001a
13244065ns          221541 1c00868c 00072783 lw               x15, 0(x14)         x15=00000019 x14:1c01d060  PA:1c01d060
13244384ns          221557 1c00868e 00279793 slli             x15, x15, 0x2       x15=00000064 x15:00000019
13244403ns          221558 1c008690 20fa7783 lw               x15, x15(x20)       x15=dead0119 x15:00000064 x20:1c01c060  PA:1c01c0c4
13244702ns          221573 1c008694 00072783 lw               x15, 0(x14)         x15=00000019 x14:1c01d060  PA:1c01d060
13245020ns          221589 1c008696 00178793 addi             x15, x15, 1         x15=0000001a x15:00000019
13245040ns          221590 1c008698 00f72023 sw               x15, 0(x14)         x15:0000001a x14:1c01d060  PA:1c01d060
13245358ns          221606 1c00869a 00072783 lw               x15, 0(x14)         x15=0000001a x14:1c01d060  PA:1c01d060
13245696ns          221623 1c00869c 00a78663 beq              x15, x10, 12        x15:0000001a x10:00000400
13245716ns          221624 1c0086a0 fff88893 addi             x17, x17, -1        x17=00000006 x17:00000007
13245736ns          221625 1c0086a2 f60895e3 bne              x17, x0, -150       x17:00000006
13245796ns          221628 1c00860c 00432e0b p.lw             x28, 4(x6!)         x28=dead031a  x6=10001fa4  x6:10001fa0  PA:10001fa0
13245816ns          221629 1c008610 0045a783 lw               x15, 4(x11)         x15=0000001a x11:1c01c058  PA:1c01c05c
13246134ns          221645 1c008612 00178793 addi             x15, x15, 1         x15=0000001b x15:0000001a
13246154ns          221646 1c008614 0aa78363 beq              x15, x10, 166       x15:0000001b x10:00000400
13246174ns          221647 1c008618 0005a803 lw               x16, 0(x11)         x16=0000001a x11:1c01c058  PA:1c01c058
13246492ns          221663 1c00861c fef80ae3 beq              x16, x15, -12       x16:0000001a x15:0000001b
13246512ns          221664 1c008620 0045a783 lw               x15, 4(x11)         x15=0000001a x11:1c01c058  PA:1c01c05c
13246830ns          221680 1c008622 00279793 slli             x15, x15, 0x2       x15=00000068 x15:0000001a
13246850ns          221681 1c008624 01cde7a3 p.sw             x28, x0(x27)        x28:dead031a x27:1c01b058  PA:1c01b0c0
13247168ns          221697 1c008628 0045a783 lw               x15, 4(x11)         x15=0000001a x11:1c01c058  PA:1c01c05c
13247487ns          221713 1c00862a 00178793 addi             x15, x15, 1         x15=0000001b x15:0000001a
13247506ns          221714 1c00862c 00f5a223 sw               x15, 4(x11)         x15:0000001b x11:1c01c058  PA:1c01c05c
13247825ns          221730 1c00862e 0045a783 lw               x15, 4(x11)         x15=0000001b x11:1c01c058  PA:1c01c05c
13248143ns          221746 1c008630 00a79463 bne              x15, x10, 8         x15:0000001b x10:00000400
13248203ns          221749 1c008638 00462783 lw               x15, 4(x12)         x15=0000001a x12:1c016028  PA:1c01602c
13248521ns          221765 1c00863a 00178793 addi             x15, x15, 1         x15=0000001b x15:0000001a
13248541ns          221766 1c00863c 06a78c63 beq              x15, x10, 120       x15:0000001b x10:00000400
13248561ns          221767 1c008640 00062803 lw               x16, 0(x12)         x16=0000001a x12:1c016028  PA:1c016028
13248879ns          221783 1c008644 fef80ae3 beq              x16, x15, -12       x16:0000001a x15:0000001b
13248899ns          221784 1c008648 00462783 lw               x15, 4(x12)         x15=0000001a x12:1c016028  PA:1c01602c
13249217ns          221800 1c00864a 00279793 slli             x15, x15, 0x2       x15=00000068 x15:0000001a
13249237ns          221801 1c00864c 01cd67a3 p.sw             x28, x0(x26)        x28:dead031a x26:1c015028  PA:1c015090
13249575ns          221818 1c008650 00462783 lw               x15, 4(x12)         x15=0000001a x12:1c016028  PA:1c01602c
13249893ns          221834 1c008652 00178793 addi             x15, x15, 1         x15=0000001b x15:0000001a
13249913ns          221835 1c008654 00f62223 sw               x15, 4(x12)         x15:0000001b x12:1c016028  PA:1c01602c
13250231ns          221851 1c008656 00462783 lw               x15, 4(x12)         x15=0000001b x12:1c016028  PA:1c01602c
13250550ns          221867 1c008658 00a79463 bne              x15, x10, 8         x15:0000001b x10:00000400
13250609ns          221870 1c008660 0006a803 lw               x16, 0(x13)         x16=0000001a x13:1c01f070  PA:1c01f070
13250928ns          221886 1c008664 0046a783 lw               x15, 4(x13)         x15=0000001b x13:1c01f070  PA:1c01f074
13251246ns          221902 1c008666 fef80de3 beq              x16, x15, -6        x16:0000001a x15:0000001b
13251266ns          221903 1c00866a 0006a783 lw               x15, 0(x13)         x15=0000001a x13:1c01f070  PA:1c01f070
13251584ns          221919 1c00866c 00279793 slli             x15, x15, 0x2       x15=00000068 x15:0000001a
13251604ns          221920 1c00866e 20faf783 lw               x15, x15(x21)       x15=dead021a x15:00000068 x21:1c01e070  PA:1c01e0d8
13251902ns          221935 1c008672 0006a783 lw               x15, 0(x13)         x15=0000001a x13:1c01f070  PA:1c01f070
13252260ns          221953 1c008674 00178793 addi             x15, x15, 1         x15=0000001b x15:0000001a
13252280ns          221954 1c008676 00f6a023 sw               x15, 0(x13)         x15:0000001b x13:1c01f070  PA:1c01f070
13252598ns          221970 1c008678 0006a783 lw               x15, 0(x13)         x15=0000001b x13:1c01f070  PA:1c01f070
13252917ns          221986 1c00867a 00a79463 bne              x15, x10, 8         x15:0000001b x10:00000400
13252996ns          221990 1c008682 00072803 lw               x16, 0(x14)         x16=0000001a x14:1c01d060  PA:1c01d060
13253295ns          222005 1c008686 00472783 lw               x15, 4(x14)         x15=0000001b x14:1c01d060  PA:1c01d064
13253633ns          222022 1c008688 fef80de3 beq              x16, x15, -6        x16:0000001a x15:0000001b
13253653ns          222023 1c00868c 00072783 lw               x15, 0(x14)         x15=0000001a x14:1c01d060  PA:1c01d060
13253971ns          222039 1c00868e 00279793 slli             x15, x15, 0x2       x15=00000068 x15:0000001a
13253991ns          222040 1c008690 20fa7783 lw               x15, x15(x20)       x15=dead011a x15:00000068 x20:1c01c060  PA:1c01c0c8
13254289ns          222055 1c008694 00072783 lw               x15, 0(x14)         x15=0000001a x14:1c01d060  PA:1c01d060
13254607ns          222071 1c008696 00178793 addi             x15, x15, 1         x15=0000001b x15:0000001a
13254627ns          222072 1c008698 00f72023 sw               x15, 0(x14)         x15:0000001b x14:1c01d060  PA:1c01d060
13254965ns          222089 1c00869a 00072783 lw               x15, 0(x14)         x15=0000001b x14:1c01d060  PA:1c01d060
13255284ns          222105 1c00869c 00a78663 beq              x15, x10, 12        x15:0000001b x10:00000400
13255304ns          222106 1c0086a0 fff88893 addi             x17, x17, -1        x17=00000005 x17:00000006
13255324ns          222107 1c0086a2 f60895e3 bne              x17, x0, -150       x17:00000005
13255383ns          222110 1c00860c 00432e0b p.lw             x28, 4(x6!)         x28=dead031b  x6=10001fa8  x6:10001fa4  PA:10001fa4
13255403ns          222111 1c008610 0045a783 lw               x15, 4(x11)         x15=0000001b x11:1c01c058  PA:1c01c05c
13255721ns          222127 1c008612 00178793 addi             x15, x15, 1         x15=0000001c x15:0000001b
13255741ns          222128 1c008614 0aa78363 beq              x15, x10, 166       x15:0000001c x10:00000400
13255761ns          222129 1c008618 0005a803 lw               x16, 0(x11)         x16=0000001b x11:1c01c058  PA:1c01c058
13256079ns          222145 1c00861c fef80ae3 beq              x16, x15, -12       x16:0000001b x15:0000001c
13256099ns          222146 1c008620 0045a783 lw               x15, 4(x11)         x15=0000001b x11:1c01c058  PA:1c01c05c
13256418ns          222162 1c008622 00279793 slli             x15, x15, 0x2       x15=0000006c x15:0000001b
13256437ns          222163 1c008624 01cde7a3 p.sw             x28, x0(x27)        x28:dead031b x27:1c01b058  PA:1c01b0c4
13256756ns          222179 1c008628 0045a783 lw               x15, 4(x11)         x15=0000001b x11:1c01c058  PA:1c01c05c
13257074ns          222195 1c00862a 00178793 addi             x15, x15, 1         x15=0000001c x15:0000001b
13257094ns          222196 1c00862c 00f5a223 sw               x15, 4(x11)         x15:0000001c x11:1c01c058  PA:1c01c05c
13257412ns          222212 1c00862e 0045a783 lw               x15, 4(x11)         x15=0000001c x11:1c01c058  PA:1c01c05c
13257730ns          222228 1c008630 00a79463 bne              x15, x10, 8         x15:0000001c x10:00000400
13257790ns          222231 1c008638 00462783 lw               x15, 4(x12)         x15=0000001b x12:1c016028  PA:1c01602c
13258108ns          222247 1c00863a 00178793 addi             x15, x15, 1         x15=0000001c x15:0000001b
13258128ns          222248 1c00863c 06a78c63 beq              x15, x10, 120       x15:0000001c x10:00000400
13258148ns          222249 1c008640 00062803 lw               x16, 0(x12)         x16=0000001b x12:1c016028  PA:1c016028
13258466ns          222265 1c008644 fef80ae3 beq              x16, x15, -12       x16:0000001b x15:0000001c
13258486ns          222266 1c008648 00462783 lw               x15, 4(x12)         x15=0000001b x12:1c016028  PA:1c01602c
13258804ns          222282 1c00864a 00279793 slli             x15, x15, 0x2       x15=0000006c x15:0000001b
13258824ns          222283 1c00864c 01cd67a3 p.sw             x28, x0(x26)        x28:dead031b x26:1c015028  PA:1c015094
13259143ns          222299 1c008650 00462783 lw               x15, 4(x12)         x15=0000001b x12:1c016028  PA:1c01602c
13259461ns          222315 1c008652 00178793 addi             x15, x15, 1         x15=0000001c x15:0000001b
13259481ns          222316 1c008654 00f62223 sw               x15, 4(x12)         x15:0000001c x12:1c016028  PA:1c01602c
13259799ns          222332 1c008656 00462783 lw               x15, 4(x12)         x15=0000001c x12:1c016028  PA:1c01602c
13260117ns          222348 1c008658 00a79463 bne              x15, x10, 8         x15:0000001c x10:00000400
13260177ns          222351 1c008660 0006a803 lw               x16, 0(x13)         x16=0000001b x13:1c01f070  PA:1c01f070
13260475ns          222366 1c008664 0046a783 lw               x15, 4(x13)         x15=0000001c x13:1c01f070  PA:1c01f074
13260793ns          222382 1c008666 fef80de3 beq              x16, x15, -6        x16:0000001b x15:0000001c
13260813ns          222383 1c00866a 0006a783 lw               x15, 0(x13)         x15=0000001b x13:1c01f070  PA:1c01f070
13261132ns          222399 1c00866c 00279793 slli             x15, x15, 0x2       x15=0000006c x15:0000001b
13261152ns          222400 1c00866e 20faf783 lw               x15, x15(x21)       x15=dead021b x15:0000006c x21:1c01e070  PA:1c01e0dc
13261450ns          222415 1c008672 0006a783 lw               x15, 0(x13)         x15=0000001b x13:1c01f070  PA:1c01f070
13261788ns          222432 1c008674 00178793 addi             x15, x15, 1         x15=0000001c x15:0000001b
13261808ns          222433 1c008676 00f6a023 sw               x15, 0(x13)         x15:0000001c x13:1c01f070  PA:1c01f070
13262126ns          222449 1c008678 0006a783 lw               x15, 0(x13)         x15=0000001c x13:1c01f070  PA:1c01f070
13262444ns          222465 1c00867a 00a79463 bne              x15, x10, 8         x15:0000001c x10:00000400
13262524ns          222469 1c008682 00072803 lw               x16, 0(x14)         x16=0000001b x14:1c01d060  PA:1c01d060
13262842ns          222485 1c008686 00472783 lw               x15, 4(x14)         x15=0000001c x14:1c01d060  PA:1c01d064
13263160ns          222501 1c008688 fef80de3 beq              x16, x15, -6        x16:0000001b x15:0000001c
13263180ns          222502 1c00868c 00072783 lw               x15, 0(x14)         x15=0000001b x14:1c01d060  PA:1c01d060
13263499ns          222518 1c00868e 00279793 slli             x15, x15, 0x2       x15=0000006c x15:0000001b
13263519ns          222519 1c008690 20fa7783 lw               x15, x15(x20)       x15=dead011b x15:0000006c x20:1c01c060  PA:1c01c0cc
13263817ns          222534 1c008694 00072783 lw               x15, 0(x14)         x15=0000001b x14:1c01d060  PA:1c01d060
13264135ns          222550 1c008696 00178793 addi             x15, x15, 1         x15=0000001c x15:0000001b
13264155ns          222551 1c008698 00f72023 sw               x15, 0(x14)         x15:0000001c x14:1c01d060  PA:1c01d060
13264473ns          222567 1c00869a 00072783 lw               x15, 0(x14)         x15=0000001c x14:1c01d060  PA:1c01d060
13264792ns          222583 1c00869c 00a78663 beq              x15, x10, 12        x15:0000001c x10:00000400
13264811ns          222584 1c0086a0 fff88893 addi             x17, x17, -1        x17=00000004 x17:00000005
13264831ns          222585 1c0086a2 f60895e3 bne              x17, x0, -150       x17:00000004
13264891ns          222588 1c00860c 00432e0b p.lw             x28, 4(x6!)         x28=dead031c  x6=10001fac  x6:10001fa8  PA:10001fa8
13264911ns          222589 1c008610 0045a783 lw               x15, 4(x11)         x15=0000001c x11:1c01c058  PA:1c01c05c
13265229ns          222605 1c008612 00178793 addi             x15, x15, 1         x15=0000001d x15:0000001c
13265249ns          222606 1c008614 0aa78363 beq              x15, x10, 166       x15:0000001d x10:00000400
13265269ns          222607 1c008618 0005a803 lw               x16, 0(x11)         x16=0000001c x11:1c01c058  PA:1c01c058
13265607ns          222624 1c00861c fef80ae3 beq              x16, x15, -12       x16:0000001c x15:0000001d
13265627ns          222625 1c008620 0045a783 lw               x15, 4(x11)         x15=0000001c x11:1c01c058  PA:1c01c05c
13265945ns          222641 1c008622 00279793 slli             x15, x15, 0x2       x15=00000070 x15:0000001c
13265965ns          222642 1c008624 01cde7a3 p.sw             x28, x0(x27)        x28:dead031c x27:1c01b058  PA:1c01b0c8
13266283ns          222658 1c008628 0045a783 lw               x15, 4(x11)         x15=0000001c x11:1c01c058  PA:1c01c05c
13266602ns          222674 1c00862a 00178793 addi             x15, x15, 1         x15=0000001d x15:0000001c
13266621ns          222675 1c00862c 00f5a223 sw               x15, 4(x11)         x15:0000001d x11:1c01c058  PA:1c01c05c
13266960ns          222692 1c00862e 0045a783 lw               x15, 4(x11)         x15=0000001d x11:1c01c058  PA:1c01c05c
13267278ns          222708 1c008630 00a79463 bne              x15, x10, 8         x15:0000001d x10:00000400
13267338ns          222711 1c008638 00462783 lw               x15, 4(x12)         x15=0000001c x12:1c016028  PA:1c01602c
13267656ns          222727 1c00863a 00178793 addi             x15, x15, 1         x15=0000001d x15:0000001c
13267676ns          222728 1c00863c 06a78c63 beq              x15, x10, 120       x15:0000001d x10:00000400
13267696ns          222729 1c008640 00062803 lw               x16, 0(x12)         x16=0000001c x12:1c016028  PA:1c016028
13268014ns          222745 1c008644 fef80ae3 beq              x16, x15, -12       x16:0000001c x15:0000001d
13268034ns          222746 1c008648 00462783 lw               x15, 4(x12)         x15=0000001c x12:1c016028  PA:1c01602c
13268352ns          222762 1c00864a 00279793 slli             x15, x15, 0x2       x15=00000070 x15:0000001c
13268372ns          222763 1c00864c 01cd67a3 p.sw             x28, x0(x26)        x28:dead031c x26:1c015028  PA:1c015098
13268690ns          222779 1c008650 00462783 lw               x15, 4(x12)         x15=0000001c x12:1c016028  PA:1c01602c
13269008ns          222795 1c008652 00178793 addi             x15, x15, 1         x15=0000001d x15:0000001c
13269028ns          222796 1c008654 00f62223 sw               x15, 4(x12)         x15:0000001d x12:1c016028  PA:1c01602c
13269347ns          222812 1c008656 00462783 lw               x15, 4(x12)         x15=0000001d x12:1c016028  PA:1c01602c
13269665ns          222828 1c008658 00a79463 bne              x15, x10, 8         x15:0000001d x10:00000400
13269724ns          222831 1c008660 0006a803 lw               x16, 0(x13)         x16=0000001c x13:1c01f070  PA:1c01f070
13270023ns          222846 1c008664 0046a783 lw               x15, 4(x13)         x15=0000001d x13:1c01f070  PA:1c01f074
13270341ns          222862 1c008666 fef80de3 beq              x16, x15, -6        x16:0000001c x15:0000001d
13270361ns          222863 1c00866a 0006a783 lw               x15, 0(x13)         x15=0000001c x13:1c01f070  PA:1c01f070
13270679ns          222879 1c00866c 00279793 slli             x15, x15, 0x2       x15=00000070 x15:0000001c
13270699ns          222880 1c00866e 20faf783 lw               x15, x15(x21)       x15=dead021c x15:00000070 x21:1c01e070  PA:1c01e0e0
13270997ns          222895 1c008672 0006a783 lw               x15, 0(x13)         x15=0000001c x13:1c01f070  PA:1c01f070
13271316ns          222911 1c008674 00178793 addi             x15, x15, 1         x15=0000001d x15:0000001c
13271336ns          222912 1c008676 00f6a023 sw               x15, 0(x13)         x15:0000001d x13:1c01f070  PA:1c01f070
13271654ns          222928 1c008678 0006a783 lw               x15, 0(x13)         x15=0000001d x13:1c01f070  PA:1c01f070
13271972ns          222944 1c00867a 00a79463 bne              x15, x10, 8         x15:0000001d x10:00000400
13272052ns          222948 1c008682 00072803 lw               x16, 0(x14)         x16=0000001c x14:1c01d060  PA:1c01d060
13272350ns          222963 1c008686 00472783 lw               x15, 4(x14)         x15=0000001d x14:1c01d060  PA:1c01d064
13272668ns          222979 1c008688 fef80de3 beq              x16, x15, -6        x16:0000001c x15:0000001d
13272688ns          222980 1c00868c 00072783 lw               x15, 0(x14)         x15=0000001c x14:1c01d060  PA:1c01d060
13273006ns          222996 1c00868e 00279793 slli             x15, x15, 0x2       x15=00000070 x15:0000001c
13273026ns          222997 1c008690 20fa7783 lw               x15, x15(x20)       x15=dead011c x15:00000070 x20:1c01c060  PA:1c01c0d0
13273325ns          223012 1c008694 00072783 lw               x15, 0(x14)         x15=0000001c x14:1c01d060  PA:1c01d060
13273683ns          223030 1c008696 00178793 addi             x15, x15, 1         x15=0000001d x15:0000001c
13273703ns          223031 1c008698 00f72023 sw               x15, 0(x14)         x15:0000001d x14:1c01d060  PA:1c01d060
13274021ns          223047 1c00869a 00072783 lw               x15, 0(x14)         x15=0000001d x14:1c01d060  PA:1c01d060
13274339ns          223063 1c00869c 00a78663 beq              x15, x10, 12        x15:0000001d x10:00000400
13274359ns          223064 1c0086a0 fff88893 addi             x17, x17, -1        x17=00000003 x17:00000004
13274379ns          223065 1c0086a2 f60895e3 bne              x17, x0, -150       x17:00000003
13274439ns          223068 1c00860c 00432e0b p.lw             x28, 4(x6!)         x28=dead031d  x6=10001fb0  x6:10001fac  PA:10001fac
13274458ns          223069 1c008610 0045a783 lw               x15, 4(x11)         x15=0000001d x11:1c01c058  PA:1c01c05c
13274777ns          223085 1c008612 00178793 addi             x15, x15, 1         x15=0000001e x15:0000001d
13274797ns          223086 1c008614 0aa78363 beq              x15, x10, 166       x15:0000001e x10:00000400
13274816ns          223087 1c008618 0005a803 lw               x16, 0(x11)         x16=0000001d x11:1c01c058  PA:1c01c058
13275135ns          223103 1c00861c fef80ae3 beq              x16, x15, -12       x16:0000001d x15:0000001e
13275155ns          223104 1c008620 0045a783 lw               x15, 4(x11)         x15=0000001d x11:1c01c058  PA:1c01c05c
13275473ns          223120 1c008622 00279793 slli             x15, x15, 0x2       x15=00000074 x15:0000001d
13275493ns          223121 1c008624 01cde7a3 p.sw             x28, x0(x27)        x28:dead031d x27:1c01b058  PA:1c01b0cc
13275811ns          223137 1c008628 0045a783 lw               x15, 4(x11)         x15=0000001d x11:1c01c058  PA:1c01c05c
13276129ns          223153 1c00862a 00178793 addi             x15, x15, 1         x15=0000001e x15:0000001d
13276149ns          223154 1c00862c 00f5a223 sw               x15, 4(x11)         x15:0000001e x11:1c01c058  PA:1c01c05c
13276467ns          223170 1c00862e 0045a783 lw               x15, 4(x11)         x15=0000001e x11:1c01c058  PA:1c01c05c
13276786ns          223186 1c008630 00a79463 bne              x15, x10, 8         x15:0000001e x10:00000400
13276845ns          223189 1c008638 00462783 lw               x15, 4(x12)         x15=0000001d x12:1c016028  PA:1c01602c
13277164ns          223205 1c00863a 00178793 addi             x15, x15, 1         x15=0000001e x15:0000001d
13277183ns          223206 1c00863c 06a78c63 beq              x15, x10, 120       x15:0000001e x10:00000400
13277203ns          223207 1c008640 00062803 lw               x16, 0(x12)         x16=0000001d x12:1c016028  PA:1c016028
13277541ns          223224 1c008644 fef80ae3 beq              x16, x15, -12       x16:0000001d x15:0000001e
13277561ns          223225 1c008648 00462783 lw               x15, 4(x12)         x15=0000001d x12:1c016028  PA:1c01602c
13277880ns          223241 1c00864a 00279793 slli             x15, x15, 0x2       x15=00000074 x15:0000001d
13277900ns          223242 1c00864c 01cd67a3 p.sw             x28, x0(x26)        x28:dead031d x26:1c015028  PA:1c01509c
13278218ns          223258 1c008650 00462783 lw               x15, 4(x12)         x15=0000001d x12:1c016028  PA:1c01602c
13278536ns          223274 1c008652 00178793 addi             x15, x15, 1         x15=0000001e x15:0000001d
13278556ns          223275 1c008654 00f62223 sw               x15, 4(x12)         x15:0000001e x12:1c016028  PA:1c01602c
13278894ns          223292 1c008656 00462783 lw               x15, 4(x12)         x15=0000001e x12:1c016028  PA:1c01602c
13279212ns          223308 1c008658 00a79463 bne              x15, x10, 8         x15:0000001e x10:00000400
13279272ns          223311 1c008660 0006a803 lw               x16, 0(x13)         x16=0000001d x13:1c01f070  PA:1c01f070
13279570ns          223326 1c008664 0046a783 lw               x15, 4(x13)         x15=0000001e x13:1c01f070  PA:1c01f074
13279889ns          223342 1c008666 fef80de3 beq              x16, x15, -6        x16:0000001d x15:0000001e
13279908ns          223343 1c00866a 0006a783 lw               x15, 0(x13)         x15=0000001d x13:1c01f070  PA:1c01f070
13280247ns          223360 1c00866c 00279793 slli             x15, x15, 0x2       x15=00000074 x15:0000001d
13280267ns          223361 1c00866e 20faf783 lw               x15, x15(x21)       x15=dead021d x15:00000074 x21:1c01e070  PA:1c01e0e4
13280565ns          223376 1c008672 0006a783 lw               x15, 0(x13)         x15=0000001d x13:1c01f070  PA:1c01f070
13280883ns          223392 1c008674 00178793 addi             x15, x15, 1         x15=0000001e x15:0000001d
13280903ns          223393 1c008676 00f6a023 sw               x15, 0(x13)         x15:0000001e x13:1c01f070  PA:1c01f070
13281221ns          223409 1c008678 0006a783 lw               x15, 0(x13)         x15=0000001e x13:1c01f070  PA:1c01f070
13281559ns          223426 1c00867a 00a79463 bne              x15, x10, 8         x15:0000001e x10:00000400
13281639ns          223430 1c008682 00072803 lw               x16, 0(x14)         x16=0000001d x14:1c01d060  PA:1c01d060
13281937ns          223445 1c008686 00472783 lw               x15, 4(x14)         x15=0000001e x14:1c01d060  PA:1c01d064
13282256ns          223461 1c008688 fef80de3 beq              x16, x15, -6        x16:0000001d x15:0000001e
13282275ns          223462 1c00868c 00072783 lw               x15, 0(x14)         x15=0000001d x14:1c01d060  PA:1c01d060
13282594ns          223478 1c00868e 00279793 slli             x15, x15, 0x2       x15=00000074 x15:0000001d
13282614ns          223479 1c008690 20fa7783 lw               x15, x15(x20)       x15=dead011d x15:00000074 x20:1c01c060  PA:1c01c0d4
13282932ns          223495 1c008694 00072783 lw               x15, 0(x14)         x15=0000001d x14:1c01d060  PA:1c01d060
13283250ns          223511 1c008696 00178793 addi             x15, x15, 1         x15=0000001e x15:0000001d
13283270ns          223512 1c008698 00f72023 sw               x15, 0(x14)         x15:0000001e x14:1c01d060  PA:1c01d060
13283588ns          223528 1c00869a 00072783 lw               x15, 0(x14)         x15=0000001e x14:1c01d060  PA:1c01d060
13283907ns          223544 1c00869c 00a78663 beq              x15, x10, 12        x15:0000001e x10:00000400
13283926ns          223545 1c0086a0 fff88893 addi             x17, x17, -1        x17=00000002 x17:00000003
13283946ns          223546 1c0086a2 f60895e3 bne              x17, x0, -150       x17:00000002
13284006ns          223549 1c00860c 00432e0b p.lw             x28, 4(x6!)         x28=dead031e  x6=10001fb4  x6:10001fb0  PA:10001fb0
13284026ns          223550 1c008610 0045a783 lw               x15, 4(x11)         x15=0000001e x11:1c01c058  PA:1c01c05c
13284344ns          223566 1c008612 00178793 addi             x15, x15, 1         x15=0000001f x15:0000001e
13284364ns          223567 1c008614 0aa78363 beq              x15, x10, 166       x15:0000001f x10:00000400
13284384ns          223568 1c008618 0005a803 lw               x16, 0(x11)         x16=0000001e x11:1c01c058  PA:1c01c058
13284702ns          223584 1c00861c fef80ae3 beq              x16, x15, -12       x16:0000001e x15:0000001f
13284722ns          223585 1c008620 0045a783 lw               x15, 4(x11)         x15=0000001e x11:1c01c058  PA:1c01c05c
13285040ns          223601 1c008622 00279793 slli             x15, x15, 0x2       x15=00000078 x15:0000001e
13285060ns          223602 1c008624 01cde7a3 p.sw             x28, x0(x27)        x28:dead031e x27:1c01b058  PA:1c01b0d0
13285378ns          223618 1c008628 0045a783 lw               x15, 4(x11)         x15=0000001e x11:1c01c058  PA:1c01c05c
13285697ns          223634 1c00862a 00178793 addi             x15, x15, 1         x15=0000001f x15:0000001e
13285717ns          223635 1c00862c 00f5a223 sw               x15, 4(x11)         x15:0000001f x11:1c01c058  PA:1c01c05c
13286035ns          223651 1c00862e 0045a783 lw               x15, 4(x11)         x15=0000001f x11:1c01c058  PA:1c01c05c
13286353ns          223667 1c008630 00a79463 bne              x15, x10, 8         x15:0000001f x10:00000400
13286413ns          223670 1c008638 00462783 lw               x15, 4(x12)         x15=0000001e x12:1c016028  PA:1c01602c
13286731ns          223686 1c00863a 00178793 addi             x15, x15, 1         x15=0000001f x15:0000001e
13286751ns          223687 1c00863c 06a78c63 beq              x15, x10, 120       x15:0000001f x10:00000400
13286771ns          223688 1c008640 00062803 lw               x16, 0(x12)         x16=0000001e x12:1c016028  PA:1c016028
13287089ns          223704 1c008644 fef80ae3 beq              x16, x15, -12       x16:0000001e x15:0000001f
13287109ns          223705 1c008648 00462783 lw               x15, 4(x12)         x15=0000001e x12:1c016028  PA:1c01602c
13287427ns          223721 1c00864a 00279793 slli             x15, x15, 0x2       x15=00000078 x15:0000001e
13287447ns          223722 1c00864c 01cd67a3 p.sw             x28, x0(x26)        x28:dead031e x26:1c015028  PA:1c0150a0
13287765ns          223738 1c008650 00462783 lw               x15, 4(x12)         x15=0000001e x12:1c016028  PA:1c01602c
13288084ns          223754 1c008652 00178793 addi             x15, x15, 1         x15=0000001f x15:0000001e
13288103ns          223755 1c008654 00f62223 sw               x15, 4(x12)         x15:0000001f x12:1c016028  PA:1c01602c
13288422ns          223771 1c008656 00462783 lw               x15, 4(x12)         x15=0000001f x12:1c016028  PA:1c01602c
13288740ns          223787 1c008658 00a79463 bne              x15, x10, 8         x15:0000001f x10:00000400
13288800ns          223790 1c008660 0006a803 lw               x16, 0(x13)         x16=0000001e x13:1c01f070  PA:1c01f070
13289098ns          223805 1c008664 0046a783 lw               x15, 4(x13)         x15=0000001f x13:1c01f070  PA:1c01f074
13289416ns          223821 1c008666 fef80de3 beq              x16, x15, -6        x16:0000001e x15:0000001f
13289436ns          223822 1c00866a 0006a783 lw               x15, 0(x13)         x15=0000001e x13:1c01f070  PA:1c01f070
13289754ns          223838 1c00866c 00279793 slli             x15, x15, 0x2       x15=00000078 x15:0000001e
13289774ns          223839 1c00866e 20faf783 lw               x15, x15(x21)       x15=dead021e x15:00000078 x21:1c01e070  PA:1c01e0e8
13290073ns          223854 1c008672 0006a783 lw               x15, 0(x13)         x15=0000001e x13:1c01f070  PA:1c01f070
13290411ns          223871 1c008674 00178793 addi             x15, x15, 1         x15=0000001f x15:0000001e
13290431ns          223872 1c008676 00f6a023 sw               x15, 0(x13)         x15:0000001f x13:1c01f070  PA:1c01f070
13290749ns          223888 1c008678 0006a783 lw               x15, 0(x13)         x15=0000001f x13:1c01f070  PA:1c01f070
13291067ns          223904 1c00867a 00a79463 bne              x15, x10, 8         x15:0000001f x10:00000400
13291147ns          223908 1c008682 00072803 lw               x16, 0(x14)         x16=0000001e x14:1c01d060  PA:1c01d060
13291445ns          223923 1c008686 00472783 lw               x15, 4(x14)         x15=0000001f x14:1c01d060  PA:1c01d064
13291763ns          223939 1c008688 fef80de3 beq              x16, x15, -6        x16:0000001e x15:0000001f
13291783ns          223940 1c00868c 00072783 lw               x15, 0(x14)         x15=0000001e x14:1c01d060  PA:1c01d060
13292102ns          223956 1c00868e 00279793 slli             x15, x15, 0x2       x15=00000078 x15:0000001e
13292121ns          223957 1c008690 20fa7783 lw               x15, x15(x20)       x15=dead011e x15:00000078 x20:1c01c060  PA:1c01c0d8
13292420ns          223972 1c008694 00072783 lw               x15, 0(x14)         x15=0000001e x14:1c01d060  PA:1c01d060
13292738ns          223988 1c008696 00178793 addi             x15, x15, 1         x15=0000001f x15:0000001e
13292758ns          223989 1c008698 00f72023 sw               x15, 0(x14)         x15:0000001f x14:1c01d060  PA:1c01d060
13293076ns          224005 1c00869a 00072783 lw               x15, 0(x14)         x15=0000001f x14:1c01d060  PA:1c01d060
13293394ns          224021 1c00869c 00a78663 beq              x15, x10, 12        x15:0000001f x10:00000400
13293414ns          224022 1c0086a0 fff88893 addi             x17, x17, -1        x17=00000001 x17:00000002
13293434ns          224023 1c0086a2 f60895e3 bne              x17, x0, -150       x17:00000001
13293494ns          224026 1c00860c 00432e0b p.lw             x28, 4(x6!)         x28=dead031f  x6=10001fb8  x6:10001fb4  PA:10001fb4
13293514ns          224027 1c008610 0045a783 lw               x15, 4(x11)         x15=0000001f x11:1c01c058  PA:1c01c05c
13293832ns          224043 1c008612 00178793 addi             x15, x15, 1         x15=00000020 x15:0000001f
13293852ns          224044 1c008614 0aa78363 beq              x15, x10, 166       x15:00000020 x10:00000400
13293872ns          224045 1c008618 0005a803 lw               x16, 0(x11)         x16=0000001f x11:1c01c058  PA:1c01c058
13294190ns          224061 1c00861c fef80ae3 beq              x16, x15, -12       x16:0000001f x15:00000020
13294210ns          224062 1c008620 0045a783 lw               x15, 4(x11)         x15=0000001f x11:1c01c058  PA:1c01c05c
13294528ns          224078 1c008622 00279793 slli             x15, x15, 0x2       x15=0000007c x15:0000001f
13294548ns          224079 1c008624 01cde7a3 p.sw             x28, x0(x27)        x28:dead031f x27:1c01b058  PA:1c01b0d4
13294886ns          224096 1c008628 0045a783 lw               x15, 4(x11)         x15=0000001f x11:1c01c058  PA:1c01c05c
13295204ns          224112 1c00862a 00178793 addi             x15, x15, 1         x15=00000020 x15:0000001f
13295224ns          224113 1c00862c 00f5a223 sw               x15, 4(x11)         x15:00000020 x11:1c01c058  PA:1c01c05c
13295543ns          224129 1c00862e 0045a783 lw               x15, 4(x11)         x15=00000020 x11:1c01c058  PA:1c01c05c
13295861ns          224145 1c008630 00a79463 bne              x15, x10, 8         x15:00000020 x10:00000400
13295921ns          224148 1c008638 00462783 lw               x15, 4(x12)         x15=0000001f x12:1c016028  PA:1c01602c
13296259ns          224165 1c00863a 00178793 addi             x15, x15, 1         x15=00000020 x15:0000001f
13296279ns          224166 1c00863c 06a78c63 beq              x15, x10, 120       x15:00000020 x10:00000400
13296298ns          224167 1c008640 00062803 lw               x16, 0(x12)         x16=0000001f x12:1c016028  PA:1c016028
13296617ns          224183 1c008644 fef80ae3 beq              x16, x15, -12       x16:0000001f x15:00000020
13296637ns          224184 1c008648 00462783 lw               x15, 4(x12)         x15=0000001f x12:1c016028  PA:1c01602c
13296955ns          224200 1c00864a 00279793 slli             x15, x15, 0x2       x15=0000007c x15:0000001f
13296975ns          224201 1c00864c 01cd67a3 p.sw             x28, x0(x26)        x28:dead031f x26:1c015028  PA:1c0150a4
13297293ns          224217 1c008650 00462783 lw               x15, 4(x12)         x15=0000001f x12:1c016028  PA:1c01602c
13297611ns          224233 1c008652 00178793 addi             x15, x15, 1         x15=00000020 x15:0000001f
13297631ns          224234 1c008654 00f62223 sw               x15, 4(x12)         x15:00000020 x12:1c016028  PA:1c01602c
13297949ns          224250 1c008656 00462783 lw               x15, 4(x12)         x15=00000020 x12:1c016028  PA:1c01602c
13298268ns          224266 1c008658 00a79463 bne              x15, x10, 8         x15:00000020 x10:00000400
13298327ns          224269 1c008660 0006a803 lw               x16, 0(x13)         x16=0000001f x13:1c01f070  PA:1c01f070
13298626ns          224284 1c008664 0046a783 lw               x15, 4(x13)         x15=00000020 x13:1c01f070  PA:1c01f074
13298944ns          224300 1c008666 fef80de3 beq              x16, x15, -6        x16:0000001f x15:00000020
13298964ns          224301 1c00866a 0006a783 lw               x15, 0(x13)         x15=0000001f x13:1c01f070  PA:1c01f070
13299282ns          224317 1c00866c 00279793 slli             x15, x15, 0x2       x15=0000007c x15:0000001f
13299302ns          224318 1c00866e 20faf783 lw               x15, x15(x21)       x15=dead021f x15:0000007c x21:1c01e070  PA:1c01e0ec
13299600ns          224333 1c008672 0006a783 lw               x15, 0(x13)         x15=0000001f x13:1c01f070  PA:1c01f070
13299938ns          224350 1c008674 00178793 addi             x15, x15, 1         x15=00000020 x15:0000001f
13299958ns          224351 1c008676 00f6a023 sw               x15, 0(x13)         x15:00000020 x13:1c01f070  PA:1c01f070
13300277ns          224367 1c008678 0006a783 lw               x15, 0(x13)         x15=00000020 x13:1c01f070  PA:1c01f070
13300595ns          224383 1c00867a 00a79463 bne              x15, x10, 8         x15:00000020 x10:00000400
13300674ns          224387 1c008682 00072803 lw               x16, 0(x14)         x16=0000001f x14:1c01d060  PA:1c01d060
13300973ns          224402 1c008686 00472783 lw               x15, 4(x14)         x15=00000020 x14:1c01d060  PA:1c01d064
13301291ns          224418 1c008688 fef80de3 beq              x16, x15, -6        x16:0000001f x15:00000020
13301311ns          224419 1c00868c 00072783 lw               x15, 0(x14)         x15=0000001f x14:1c01d060  PA:1c01d060
13301629ns          224435 1c00868e 00279793 slli             x15, x15, 0x2       x15=0000007c x15:0000001f
13301649ns          224436 1c008690 20fa7783 lw               x15, x15(x20)       x15=dead011f x15:0000007c x20:1c01c060  PA:1c01c0dc
13301947ns          224451 1c008694 00072783 lw               x15, 0(x14)         x15=0000001f x14:1c01d060  PA:1c01d060
13302266ns          224467 1c008696 00178793 addi             x15, x15, 1         x15=00000020 x15:0000001f
13302286ns          224468 1c008698 00f72023 sw               x15, 0(x14)         x15:00000020 x14:1c01d060  PA:1c01d060
13302604ns          224484 1c00869a 00072783 lw               x15, 0(x14)         x15=00000020 x14:1c01d060  PA:1c01d060
13302942ns          224501 1c00869c 00a78663 beq              x15, x10, 12        x15:00000020 x10:00000400
13302962ns          224502 1c0086a0 fff88893 addi             x17, x17, -1        x17=00000000 x17:00000001
13302982ns          224503 1c0086a2 f60895e3 bne              x17, x0, -150       x17:00000000
13303002ns          224504 1c0086a6 c51ff06f jal              x0, -944           
13303121ns          224510 1c0082f6 5b7010ef jal              x1, 7606             x1=1c0082fa
13303161ns          224512 1c00a0ac f14027f3 csrrs            x15, x0, 0xf14      x15=00000003
13303220ns          224515 1c00a0b0 01f00713 addi             x14, x0, 31         x14=0000001f
13303260ns          224517 1c00a0b2 ca5797b3 p.extractu       x15, x15, 5, 5      x15=00000000 x15:00000003
13303280ns          224518 1c00a0b6 00e78863 beq              x15, x14, 16        x15:00000000 x14:0000001f
13303300ns          224519 1c00a0ba 002047b7 lui              x15, 0x204000       x15=00204000
13303320ns          224520 1c00a0be 20078793 addi             x15, x15, 512       x15=00204200 x15:00204000
13303340ns          224521 1c00a0c2 01c7e703 p.elw            x14, 28(x15)        x14=00010000 x15:00204200  PA:0020421c
13304812ns          224595 1c00a0c6 00008067 jalr             x0, x1, 0            x1:1c0082fa
13304871ns          224598 1c0082fa f14027f3 csrrs            x15, x0, 0xf14      x15=00000003
13305349ns          224622 1c0082fe f457b7b3 p.bclr           x15, x15, 26, 5     x15=00000003 x15:00000003
13305369ns          224623 1c008302 00079d63 bne              x15, x0, 26         x15:00000003
13305846ns          224647 1c00831c 25c12083 lw               x1, 604(x2)          x1=1c009fbc  x2:10001d98  PA:10001ff4
13306304ns          224670 1c008320 25812403 lw               x8, 600(x2)          x8=xxxxxxxx  x2:10001d98  PA:10001ff0
13306343ns          224672 1c008324 25412483 lw               x9, 596(x2)          x9=xxxxxxxx  x2:10001d98  PA:10001fec
13306363ns          224673 1c008328 25012903 lw               x18, 592(x2)        x18=xxxxxxxx  x2:10001d98  PA:10001fe8
13306383ns          224674 1c00832c 24c12983 lw               x19, 588(x2)        x19=xxxxxxxx  x2:10001d98  PA:10001fe4
13306841ns          224697 1c008330 24812a03 lw               x20, 584(x2)        x20=xxxxxxxx  x2:10001d98  PA:10001fe0
13306880ns          224699 1c008334 24412a83 lw               x21, 580(x2)        x21=xxxxxxxx  x2:10001d98  PA:10001fdc
13306900ns          224700 1c008338 24012b03 lw               x22, 576(x2)        x22=xxxxxxxx  x2:10001d98  PA:10001fd8
13306920ns          224701 1c00833c 23c12b83 lw               x23, 572(x2)        x23=xxxxxxxx  x2:10001d98  PA:10001fd4
13307378ns          224724 1c008340 23812c03 lw               x24, 568(x2)        x24=xxxxxxxx  x2:10001d98  PA:10001fd0
13307417ns          224726 1c008344 23412c83 lw               x25, 564(x2)        x25=xxxxxxxx  x2:10001d98  PA:10001fcc
13307437ns          224727 1c008348 23012d03 lw               x26, 560(x2)        x26=xxxxxxxx  x2:10001d98  PA:10001fc8
13307457ns          224728 1c00834c 22c12d83 lw               x27, 556(x2)        x27=xxxxxxxx  x2:10001d98  PA:10001fc4
13307915ns          224751 1c008350 00000513 addi             x10, x0, 0          x10=00000000
13307954ns          224753 1c008352 26010113 addi             x2, x2, 608          x2=10001ff8  x2:10001d98
13307974ns          224754 1c008356 00008067 jalr             x0, x1, 0            x1:1c009fbc
13308014ns          224756 1c009fbc f14027f3 csrrs            x15, x0, 0xf14      x15=00000003
13308074ns          224759 1c009fc0 f457b7b3 p.bclr           x15, x15, 26, 5     x15=00000003 x15:00000003
13308114ns          224761 1c009fc4 00079963 bne              x15, x0, 18         x15:00000003
13308651ns          224788 1c009fd6 002047b7 lui              x15, 0x204000       x15=00204000
13308671ns          224789 1c009fda fff00713 addi             x14, x0, -1         x14=ffffffff
13308690ns          224790 1c009fdc 00e7a223 sw               x14, 4(x15)         x14:ffffffff x15:00204000  PA:00204004
