                Time          Cycles PC       Instr    Mnemonic
12976216ns          208075 1c008080 0640006f jal              x0, 100            
12976694ns          208099 1c0080e4 f1402573 csrrs            x10, x0, 0xf14      x10=00000001
12976734ns          208101 1c0080e8 01f57593 andi             x11, x10, 31        x11=00000001 x10:00000001
12976754ns          208102 1c0080ec 00555513 srli             x10, x10, 0x5       x10=00000000 x10:00000001
12976773ns          208103 1c0080ee 01f00613 addi             x12, x0, 31         x12=0000001f
12977191ns          208124 1c0080f0 00c50463 beq              x10, x12, 8         x10:00000000 x12:0000001f
12977231ns          208126 1c0080f4 fa1ff06f jal              x0, -96            
12977688ns          208149 1c008094 f3ff8117 auipc            x2, 0xf3ff8000       x2=10000094
12977728ns          208151 1c008098 f7010113 addi             x2, x2, -144         x2=10000004  x2:10000094
12977748ns          208152 1c00809c 00012103 lw               x2, 0(x2)            x2=10000008  x2:10000004  PA:10000004
12978206ns          208175 1c0080a0 000011b7 lui              x3, 0x1000           x3=00001000
12978245ns          208177 1c0080a4 80018193 addi             x3, x3, -2048        x3=00000800  x3:00001000
12978265ns          208178 1c0080a8 00158593 addi             x11, x11, 1         x11=00000002 x11:00000001
12978285ns          208179 1c0080ac 02b180b3 mul              x1, x3, x11          x1=00001000  x3:00000800 x11:00000002
12978723ns          208201 1c0080b0 00110133 add              x2, x2, x1           x2=10001008  x2:10000008  x1:00001000
12978763ns          208203 1c0080b4 6e30106f jal              x0, 7906           
12979220ns          208226 1c009f96 ff010113 addi             x2, x2, -16          x2=10000ff8  x2:10001008
12979260ns          208228 1c009f98 00112623 sw               x1, 12(x2)           x1:00001000  x2:10000ff8  PA:10001004
12979280ns          208229 1c009f9a 002047b7 lui              x15, 0x204000       x15=00204000
12979717ns          208251 1c009f9e 00070737 lui              x14, 0x70000        x14=00070000
12979737ns          208252 1c009fa2 00e7a423 sw               x14, 8(x15)         x14:00070000 x15:00204000  PA:00204008
12979757ns          208253 1c009fa4 00f00713 addi             x14, x0, 15         x14=0000000f
12979777ns          208254 1c009fa6 20078793 addi             x15, x15, 512       x15=00204200 x15:00204000
12979797ns          208255 1c009faa 00e7a023 sw               x14, 0(x15)         x14:0000000f x15:00204200  PA:00204200
12980234ns          208277 1c009fae 00e7a623 sw               x14, 12(x15)        x14:0000000f x15:00204200  PA:0020420c
12980274ns          208279 1c009fb2 1c0017b7 lui              x15, 0x1c001000     x15=1c001000
12980294ns          208280 1c009fb6 9d47a783 lw               x15, -1580(x15)     x15=1c00813e x15:1c001000  PA:1c0009d4
12980771ns          208304 1c009fba 000780e7 jalr             x1, x15, 0           x1=1c009fbc x15:1c00813e
12981686ns          208350 1c00813e f14025f3 csrrs            x11, x0, 0xf14      x11=00000001
12981726ns          208352 1c008142 ca5597b3 p.extractu       x15, x11, 5, 5      x15=00000000 x11:00000001
12981746ns          208353 1c008146 00078463 beq              x15, x0, 8          x15:00000000
12982283ns          208380 1c00814e da010113 addi             x2, x2, -608         x2=10000d98  x2:10000ff8
12982303ns          208381 1c008152 24112e23 sw               x1, 604(x2)          x1:1c009fbc  x2:10000d98  PA:10000ff4
12982323ns          208382 1c008156 24812c23 sw               x8, 600(x2)          x8:xxxxxxxx  x2:10000d98  PA:10000ff0
12982343ns          208383 1c00815a 24912a23 sw               x9, 596(x2)          x9:xxxxxxxx  x2:10000d98  PA:10000fec
12982780ns          208405 1c00815e 25212823 sw               x18, 592(x2)        x18:xxxxxxxx  x2:10000d98  PA:10000fe8
12982820ns          208407 1c008162 25312623 sw               x19, 588(x2)        x19:xxxxxxxx  x2:10000d98  PA:10000fe4
12982840ns          208408 1c008166 25412423 sw               x20, 584(x2)        x20:xxxxxxxx  x2:10000d98  PA:10000fe0
12982860ns          208409 1c00816a 25512223 sw               x21, 580(x2)        x21:xxxxxxxx  x2:10000d98  PA:10000fdc
12983298ns          208431 1c00816e 25612023 sw               x22, 576(x2)        x22:xxxxxxxx  x2:10000d98  PA:10000fd8
12983337ns          208433 1c008172 23712e23 sw               x23, 572(x2)        x23:xxxxxxxx  x2:10000d98  PA:10000fd4
12983357ns          208434 1c008176 23812c23 sw               x24, 568(x2)        x24:xxxxxxxx  x2:10000d98  PA:10000fd0
12983377ns          208435 1c00817a 23912a23 sw               x25, 564(x2)        x25:xxxxxxxx  x2:10000d98  PA:10000fcc
12983815ns          208457 1c00817e 23a12823 sw               x26, 560(x2)        x26:xxxxxxxx  x2:10000d98  PA:10000fc8
12983855ns          208459 1c008182 23b12623 sw               x27, 556(x2)        x27:xxxxxxxx  x2:10000d98  PA:10000fc4
12983874ns          208460 1c008186 f455b5b3 p.bclr           x11, x11, 26, 5     x11=00000001 x11:00000001
12983894ns          208461 1c00818a 1e058463 beq              x11, x0, 488        x11:00000001
12984332ns          208483 1c00818e 3015be63 p.bneimm         x11, 796            x11:00000001
12984372ns          208485 1c008192 1c01ceb7 lui              x29, 0x1c01c000     x29=1c01c000
12984392ns          208486 1c008196 1c013e37 lui              x28, 0x1c013000     x28=1c013000
12984411ns          208487 1c00819a 00000313 addi             x6, x0, 0            x6=00000000
12984431ns          208488 1c00819c 00000893 addi             x17, x0, 0          x17=00000000
12984889ns          208511 1c00819e 060e8e93 addi             x29, x29, 96        x29=1c01c060 x29:1c01c000
12984909ns          208512 1c0081a2 018e0e13 addi             x28, x28, 24        x28=1c013018 x28:1c013000
12984929ns          208513 1c0081a4 00000993 addi             x19, x0, 0          x19=00000000
12984949ns          208514 1c0081a6 00000913 addi             x18, x0, 0          x18=00000000
12984968ns          208515 1c0081a8 1c016b37 lui              x22, 0x1c016000     x22=1c016000
12984988ns          208516 1c0081ac 000017b7 lui              x15, 0x1000         x15=00001000
12985406ns          208537 1c0081ae 030b0b13 addi             x22, x22, 48        x22=1c016030 x22:1c016000
12985446ns          208539 1c0081b2 00fb0733 add              x14, x22, x15       x14=1c017030 x22:1c016030 x15:00001000
12985466ns          208540 1c0081b6 1c015bb7 lui              x23, 0x1c015000     x23=1c015000
12985486ns          208541 1c0081ba 00072023 sw               x0, 0(x14)          x14:1c017030  PA:1c017030
12985923ns          208563 1c0081be 028b8b93 addi             x23, x23, 40        x23=1c015028 x23:1c015000
12985963ns          208565 1c0081c2 00072223 sw               x0, 4(x14)          x14:1c017030  PA:1c017034
12986281ns          208581 1c0081c6 017787b3 add              x15, x15, x23       x15=1c016028 x15:00001000 x23:1c015028
12986301ns          208582 1c0081c8 0007a023 sw               x0, 0(x15)          x15:1c016028  PA:1c016028
12986619ns          208598 1c0081cc 0007a223 sw               x0, 4(x15)          x15:1c016028  PA:1c01602c
12986938ns          208614 1c0081d0 00000a93 addi             x21, x0, 0          x21=00000000
12986957ns          208615 1c0081d2 00000a13 addi             x20, x0, 0          x20=00000000
12986977ns          208616 1c0081d4 00000c93 addi             x25, x0, 0          x25=00000000
12986997ns          208617 1c0081d6 00000c13 addi             x24, x0, 0          x24=00000000
12987017ns          208618 1c0081d8 00000493 addi             x9, x0, 0            x9=00000000
12987037ns          208619 1c0081da 00000413 addi             x8, x0, 0            x8=00000000
12987057ns          208620 1c0081dc 00000d93 addi             x27, x0, 0          x27=00000000
12987077ns          208621 1c0081de 00000d13 addi             x26, x0, 0          x26=00000000
12987475ns          208641 1c0081e0 dead0537 lui              x10, 0xdead0000     x10=dead0000
12987514ns          208643 1c0081e4 0a010693 addi             x13, x2, 160        x13=10000e38  x2:10000d98
12987534ns          208644 1c0081e6 00000713 addi             x14, x0, 0          x14=00000000
12987554ns          208645 1c0081e8 10050513 addi             x10, x10, 256       x10=dead0100 x10:dead0000
12987574ns          208646 1c0081ec 020350fb lp.setupi        0x1, 0x20, 0x6     
12988032ns          208669 1c0081f0 00a76633 or               x12, x14, x10       x12=dead0100 x14:00000000 x10:dead0100
12988071ns          208671 1c0081f4 00c6a22b p.sw             x12, 4(x13!)        x13=10000e3c x12:dead0100 x13:10000e38  PA:10000e38
12988091ns          208672 1c0081f8 00170713 addi             x14, x14, 1         x14=00000001 x14:00000000
12988111ns          208673 1c0081f0 00a76633 or               x12, x14, x10       x12=dead0101 x14:00000001 x10:dead0100
12988131ns          208674 1c0081f4 00c6a22b p.sw             x12, 4(x13!)        x13=10000e40 x12:dead0101 x13:10000e3c  PA:10000e3c
12988151ns          208675 1c0081f8 00170713 addi             x14, x14, 1         x14=00000002 x14:00000001
12988171ns          208676 1c0081f0 00a76633 or               x12, x14, x10       x12=dead0102 x14:00000002 x10:dead0100
12988191ns          208677 1c0081f4 00c6a22b p.sw             x12, 4(x13!)        x13=10000e44 x12:dead0102 x13:10000e40  PA:10000e40
12988211ns          208678 1c0081f8 00170713 addi             x14, x14, 1         x14=00000003 x14:00000002
12988231ns          208679 1c0081f0 00a76633 or               x12, x14, x10       x12=dead0103 x14:00000003 x10:dead0100
12988250ns          208680 1c0081f4 00c6a22b p.sw             x12, 4(x13!)        x13=10000e48 x12:dead0103 x13:10000e44  PA:10000e44
12988270ns          208681 1c0081f8 00170713 addi             x14, x14, 1         x14=00000004 x14:00000003
12988290ns          208682 1c0081f0 00a76633 or               x12, x14, x10       x12=dead0104 x14:00000004 x10:dead0100
12988310ns          208683 1c0081f4 00c6a22b p.sw             x12, 4(x13!)        x13=10000e4c x12:dead0104 x13:10000e48  PA:10000e48
12988330ns          208684 1c0081f8 00170713 addi             x14, x14, 1         x14=00000005 x14:00000004
12988350ns          208685 1c0081f0 00a76633 or               x12, x14, x10       x12=dead0105 x14:00000005 x10:dead0100
12988370ns          208686 1c0081f4 00c6a22b p.sw             x12, 4(x13!)        x13=10000e50 x12:dead0105 x13:10000e4c  PA:10000e4c
12988390ns          208687 1c0081f8 00170713 addi             x14, x14, 1         x14=00000006 x14:00000005
12988410ns          208688 1c0081f0 00a76633 or               x12, x14, x10       x12=dead0106 x14:00000006 x10:dead0100
12988429ns          208689 1c0081f4 00c6a22b p.sw             x12, 4(x13!)        x13=10000e54 x12:dead0106 x13:10000e50  PA:10000e50
12988449ns          208690 1c0081f8 00170713 addi             x14, x14, 1         x14=00000007 x14:00000006
12988469ns          208691 1c0081f0 00a76633 or               x12, x14, x10       x12=dead0107 x14:00000007 x10:dead0100
12988489ns          208692 1c0081f4 00c6a22b p.sw             x12, 4(x13!)        x13=10000e58 x12:dead0107 x13:10000e54  PA:10000e54
12988509ns          208693 1c0081f8 00170713 addi             x14, x14, 1         x14=00000008 x14:00000007
12988529ns          208694 1c0081f0 00a76633 or               x12, x14, x10       x12=dead0108 x14:00000008 x10:dead0100
12988549ns          208695 1c0081f4 00c6a22b p.sw             x12, 4(x13!)        x13=10000e5c x12:dead0108 x13:10000e58  PA:10000e58
12988569ns          208696 1c0081f8 00170713 addi             x14, x14, 1         x14=00000009 x14:00000008
12988589ns          208697 1c0081f0 00a76633 or               x12, x14, x10       x12=dead0109 x14:00000009 x10:dead0100
12988608ns          208698 1c0081f4 00c6a22b p.sw             x12, 4(x13!)        x13=10000e60 x12:dead0109 x13:10000e5c  PA:10000e5c
12988628ns          208699 1c0081f8 00170713 addi             x14, x14, 1         x14=0000000a x14:00000009
12988648ns          208700 1c0081f0 00a76633 or               x12, x14, x10       x12=dead010a x14:0000000a x10:dead0100
12988668ns          208701 1c0081f4 00c6a22b p.sw             x12, 4(x13!)        x13=10000e64 x12:dead010a x13:10000e60  PA:10000e60
12988688ns          208702 1c0081f8 00170713 addi             x14, x14, 1         x14=0000000b x14:0000000a
12988708ns          208703 1c0081f0 00a76633 or               x12, x14, x10       x12=dead010b x14:0000000b x10:dead0100
12988728ns          208704 1c0081f4 00c6a22b p.sw             x12, 4(x13!)        x13=10000e68 x12:dead010b x13:10000e64  PA:10000e64
12988748ns          208705 1c0081f8 00170713 addi             x14, x14, 1         x14=0000000c x14:0000000b
12988768ns          208706 1c0081f0 00a76633 or               x12, x14, x10       x12=dead010c x14:0000000c x10:dead0100
12988787ns          208707 1c0081f4 00c6a22b p.sw             x12, 4(x13!)        x13=10000e6c x12:dead010c x13:10000e68  PA:10000e68
12988807ns          208708 1c0081f8 00170713 addi             x14, x14, 1         x14=0000000d x14:0000000c
12988827ns          208709 1c0081f0 00a76633 or               x12, x14, x10       x12=dead010d x14:0000000d x10:dead0100
12988847ns          208710 1c0081f4 00c6a22b p.sw             x12, 4(x13!)        x13=10000e70 x12:dead010d x13:10000e6c  PA:10000e6c
12988867ns          208711 1c0081f8 00170713 addi             x14, x14, 1         x14=0000000e x14:0000000d
12988887ns          208712 1c0081f0 00a76633 or               x12, x14, x10       x12=dead010e x14:0000000e x10:dead0100
12988907ns          208713 1c0081f4 00c6a22b p.sw             x12, 4(x13!)        x13=10000e74 x12:dead010e x13:10000e70  PA:10000e70
12988927ns          208714 1c0081f8 00170713 addi             x14, x14, 1         x14=0000000f x14:0000000e
12988947ns          208715 1c0081f0 00a76633 or               x12, x14, x10       x12=dead010f x14:0000000f x10:dead0100
12988966ns          208716 1c0081f4 00c6a22b p.sw             x12, 4(x13!)        x13=10000e78 x12:dead010f x13:10000e74  PA:10000e74
12988986ns          208717 1c0081f8 00170713 addi             x14, x14, 1         x14=00000010 x14:0000000f
12989006ns          208718 1c0081f0 00a76633 or               x12, x14, x10       x12=dead0110 x14:00000010 x10:dead0100
12989026ns          208719 1c0081f4 00c6a22b p.sw             x12, 4(x13!)        x13=10000e7c x12:dead0110 x13:10000e78  PA:10000e78
12989046ns          208720 1c0081f8 00170713 addi             x14, x14, 1         x14=00000011 x14:00000010
12989066ns          208721 1c0081f0 00a76633 or               x12, x14, x10       x12=dead0111 x14:00000011 x10:dead0100
12989086ns          208722 1c0081f4 00c6a22b p.sw             x12, 4(x13!)        x13=10000e80 x12:dead0111 x13:10000e7c  PA:10000e7c
12989106ns          208723 1c0081f8 00170713 addi             x14, x14, 1         x14=00000012 x14:00000011
12989126ns          208724 1c0081f0 00a76633 or               x12, x14, x10       x12=dead0112 x14:00000012 x10:dead0100
12989145ns          208725 1c0081f4 00c6a22b p.sw             x12, 4(x13!)        x13=10000e84 x12:dead0112 x13:10000e80  PA:10000e80
12989165ns          208726 1c0081f8 00170713 addi             x14, x14, 1         x14=00000013 x14:00000012
12989185ns          208727 1c0081f0 00a76633 or               x12, x14, x10       x12=dead0113 x14:00000013 x10:dead0100
12989205ns          208728 1c0081f4 00c6a22b p.sw             x12, 4(x13!)        x13=10000e88 x12:dead0113 x13:10000e84  PA:10000e84
12989225ns          208729 1c0081f8 00170713 addi             x14, x14, 1         x14=00000014 x14:00000013
12989245ns          208730 1c0081f0 00a76633 or               x12, x14, x10       x12=dead0114 x14:00000014 x10:dead0100
12989265ns          208731 1c0081f4 00c6a22b p.sw             x12, 4(x13!)        x13=10000e8c x12:dead0114 x13:10000e88  PA:10000e88
12989285ns          208732 1c0081f8 00170713 addi             x14, x14, 1         x14=00000015 x14:00000014
12989305ns          208733 1c0081f0 00a76633 or               x12, x14, x10       x12=dead0115 x14:00000015 x10:dead0100
12989324ns          208734 1c0081f4 00c6a22b p.sw             x12, 4(x13!)        x13=10000e90 x12:dead0115 x13:10000e8c  PA:10000e8c
12989344ns          208735 1c0081f8 00170713 addi             x14, x14, 1         x14=00000016 x14:00000015
12989364ns          208736 1c0081f0 00a76633 or               x12, x14, x10       x12=dead0116 x14:00000016 x10:dead0100
12989384ns          208737 1c0081f4 00c6a22b p.sw             x12, 4(x13!)        x13=10000e94 x12:dead0116 x13:10000e90  PA:10000e90
12989404ns          208738 1c0081f8 00170713 addi             x14, x14, 1         x14=00000017 x14:00000016
12989424ns          208739 1c0081f0 00a76633 or               x12, x14, x10       x12=dead0117 x14:00000017 x10:dead0100
12989444ns          208740 1c0081f4 00c6a22b p.sw             x12, 4(x13!)        x13=10000e98 x12:dead0117 x13:10000e94  PA:10000e94
12989464ns          208741 1c0081f8 00170713 addi             x14, x14, 1         x14=00000018 x14:00000017
12989484ns          208742 1c0081f0 00a76633 or               x12, x14, x10       x12=dead0118 x14:00000018 x10:dead0100
12989504ns          208743 1c0081f4 00c6a22b p.sw             x12, 4(x13!)        x13=10000e9c x12:dead0118 x13:10000e98  PA:10000e98
12989523ns          208744 1c0081f8 00170713 addi             x14, x14, 1         x14=00000019 x14:00000018
12989543ns          208745 1c0081f0 00a76633 or               x12, x14, x10       x12=dead0119 x14:00000019 x10:dead0100
12989563ns          208746 1c0081f4 00c6a22b p.sw             x12, 4(x13!)        x13=10000ea0 x12:dead0119 x13:10000e9c  PA:10000e9c
12989583ns          208747 1c0081f8 00170713 addi             x14, x14, 1         x14=0000001a x14:00000019
12989603ns          208748 1c0081f0 00a76633 or               x12, x14, x10       x12=dead011a x14:0000001a x10:dead0100
12989623ns          208749 1c0081f4 00c6a22b p.sw             x12, 4(x13!)        x13=10000ea4 x12:dead011a x13:10000ea0  PA:10000ea0
12989643ns          208750 1c0081f8 00170713 addi             x14, x14, 1         x14=0000001b x14:0000001a
12989663ns          208751 1c0081f0 00a76633 or               x12, x14, x10       x12=dead011b x14:0000001b x10:dead0100
12989683ns          208752 1c0081f4 00c6a22b p.sw             x12, 4(x13!)        x13=10000ea8 x12:dead011b x13:10000ea4  PA:10000ea4
12989702ns          208753 1c0081f8 00170713 addi             x14, x14, 1         x14=0000001c x14:0000001b
12989722ns          208754 1c0081f0 00a76633 or               x12, x14, x10       x12=dead011c x14:0000001c x10:dead0100
12989742ns          208755 1c0081f4 00c6a22b p.sw             x12, 4(x13!)        x13=10000eac x12:dead011c x13:10000ea8  PA:10000ea8
12989762ns          208756 1c0081f8 00170713 addi             x14, x14, 1         x14=0000001d x14:0000001c
12989782ns          208757 1c0081f0 00a76633 or               x12, x14, x10       x12=dead011d x14:0000001d x10:dead0100
12989802ns          208758 1c0081f4 00c6a22b p.sw             x12, 4(x13!)        x13=10000eb0 x12:dead011d x13:10000eac  PA:10000eac
12989822ns          208759 1c0081f8 00170713 addi             x14, x14, 1         x14=0000001e x14:0000001d
12989842ns          208760 1c0081f0 00a76633 or               x12, x14, x10       x12=dead011e x14:0000001e x10:dead0100
12989862ns          208761 1c0081f4 00c6a22b p.sw             x12, 4(x13!)        x13=10000eb4 x12:dead011e x13:10000eb0  PA:10000eb0
12989881ns          208762 1c0081f8 00170713 addi             x14, x14, 1         x14=0000001f x14:0000001e
12989901ns          208763 1c0081f0 00a76633 or               x12, x14, x10       x12=dead011f x14:0000001f x10:dead0100
12989921ns          208764 1c0081f4 00c6a22b p.sw             x12, 4(x13!)        x13=10000eb8 x12:dead011f x13:10000eb4  PA:10000eb4
12989941ns          208765 1c0081f8 00170713 addi             x14, x14, 1         x14=00000020 x14:0000001f
12989961ns          208766 1c0081fa 00612423 sw               x6, 8(x2)            x6:00000000  x2:10000d98  PA:10000da0
12989981ns          208767 1c0081fc 00b12c23 sw               x11, 24(x2)         x11:00000001  x2:10000d98  PA:10000db0
12990001ns          208768 1c0081fe 01112623 sw               x17, 12(x2)         x17:00000000  x2:10000d98  PA:10000da4
12990399ns          208788 1c008200 01c12a23 sw               x28, 20(x2)         x28:1c013018  x2:10000d98  PA:10000dac
12990418ns          208789 1c008202 01d12823 sw               x29, 16(x2)         x29:1c01c060  x2:10000d98  PA:10000da8
12990438ns          208790 1c008204 6a9010ef jal              x1, 7848             x1=1c008208
12990896ns          208813 1c00a0ac f14027f3 csrrs            x15, x0, 0xf14      x15=00000001
12991373ns          208837 1c00a0b0 01f00713 addi             x14, x0, 31         x14=0000001f
12991413ns          208839 1c00a0b2 ca5797b3 p.extractu       x15, x15, 5, 5      x15=00000000 x15:00000001
12991433ns          208840 1c00a0b6 00e78863 beq              x15, x14, 16        x15:00000000 x14:0000001f
12991453ns          208841 1c00a0ba 002047b7 lui              x15, 0x204000       x15=00204000
12991890ns          208863 1c00a0be 20078793 addi             x15, x15, 512       x15=00204200 x15:00204000
12991930ns          208865 1c00a0c2 01c7e703 p.elw            x14, 28(x15)        x14=00010000 x15:00204200  PA:0020421c
12993561ns          208947 1c00a0c6 00008067 jalr             x0, x1, 0            x1:1c008208
12993601ns          208949 1c008208 f14027f3 csrrs            x15, x0, 0xf14      x15=00000001
12993621ns          208950 1c00820c f457b7b3 p.bclr           x15, x15, 26, 5     x15=00000001 x15:00000001
12994158ns          208977 1c008210 00812303 lw               x6, 8(x2)            x6=00000000  x2:10000d98  PA:10000da0
12994178ns          208978 1c008212 01812583 lw               x11, 24(x2)         x11=00000001  x2:10000d98  PA:10000db0
12994198ns          208979 1c008214 00c12883 lw               x17, 12(x2)         x17=00000000  x2:10000d98  PA:10000da4
12994218ns          208980 1c008216 01412e03 lw               x28, 20(x2)         x28=1c013018  x2:10000d98  PA:10000dac
12994238ns          208981 1c008218 01012e83 lw               x29, 16(x2)         x29=1c01c060  x2:10000d98  PA:10000da8
12994257ns          208982 1c00821a 02079163 bne              x15, x0, 34         x15:00000001
12995232ns          209031 1c00823c 18059d63 bne              x11, x0, 410        x11:00000001
12995869ns          209063 1c0083d6 1415b163 p.bneimm         x11, 322            x11:00000001
12995888ns          209064 1c0083da 00001737 lui              x14, 0x1000         x14=00001000
12995908ns          209065 1c0083dc 00ee05b3 add              x11, x28, x14       x11=1c014018 x28:1c013018 x14:00001000
12996326ns          209086 1c0083e0 00ee8633 add              x12, x29, x14       x12=1c01d060 x29:1c01c060 x14:00001000
12996366ns          209088 1c0083e4 00eb06b3 add              x13, x22, x14       x13=1c017030 x22:1c016030 x14:00001000
12996386ns          209089 1c0083e8 0a010313 addi             x6, x2, 160          x6=10000e38  x2:10000d98
12996406ns          209090 1c0083ec 40000513 addi             x10, x0, 1024       x10=00000400
12997002ns          209120 1c0083f0 01770733 add              x14, x14, x23       x14=1c016028 x14:00001000 x23:1c015028
12997042ns          209122 1c0083f2 02000893 addi             x17, x0, 32         x17=00000020
12997062ns          209123 1c0083f6 00432f0b p.lw             x30, 4(x6!)         x30=dead0100  x6=10000e3c  x6:10000e38  PA:10000e38
12997082ns          209124 1c0083fa 0045a783 lw               x15, 4(x11)         x15=00000000 x11:1c014018  PA:1c01401c
12997480ns          209144 1c0083fc 00178793 addi             x15, x15, 1         x15=00000001 x15:00000000
12997619ns          209151 1c0083fe 0aa78363 beq              x15, x10, 166       x15:00000001 x10:00000400
12997659ns          209153 1c008402 0005a803 lw               x16, 0(x11)         x16=00000000 x11:1c014018  PA:1c014018
12998116ns          209176 1c008406 ff078ae3 beq              x15, x16, -12       x15:00000001 x16:00000000
12998136ns          209177 1c00840a 0045a783 lw               x15, 4(x11)         x15=00000000 x11:1c014018  PA:1c01401c
12998454ns          209193 1c00840c 00279793 slli             x15, x15, 0x2       x15=00000000 x15:00000000
12998474ns          209194 1c00840e 01ee67a3 p.sw             x30, x0(x28)        x30:dead0100 x28:1c013018  PA:1c013018
12998792ns          209210 1c008412 0045a783 lw               x15, 4(x11)         x15=00000000 x11:1c014018  PA:1c01401c
12999290ns          209235 1c008414 00178793 addi             x15, x15, 1         x15=00000001 x15:00000000
12999310ns          209236 1c008416 00f5a223 sw               x15, 4(x11)         x15:00000001 x11:1c014018  PA:1c01401c
12999648ns          209253 1c008418 0045a783 lw               x15, 4(x11)         x15=00000001 x11:1c014018  PA:1c01401c
12999966ns          209269 1c00841a 00a79463 bne              x15, x10, 8         x15:00000001 x10:00000400
13000026ns          209272 1c008422 00462783 lw               x15, 4(x12)         x15=00000000 x12:1c01d060  PA:1c01d064
13000364ns          209289 1c008424 00178793 addi             x15, x15, 1         x15=00000001 x15:00000000
13000384ns          209290 1c008426 06a78c63 beq              x15, x10, 120       x15:00000001 x10:00000400
13000404ns          209291 1c00842a 00062803 lw               x16, 0(x12)         x16=00000000 x12:1c01d060  PA:1c01d060
13000841ns          209313 1c00842e fef80ae3 beq              x16, x15, -12       x16:00000000 x15:00000001
13000861ns          209314 1c008432 00462783 lw               x15, 4(x12)         x15=00000000 x12:1c01d060  PA:1c01d064
13001319ns          209337 1c008434 00279793 slli             x15, x15, 0x2       x15=00000000 x15:00000000
13001339ns          209338 1c008436 01eee7a3 p.sw             x30, x0(x29)        x30:dead0100 x29:1c01c060  PA:1c01c060
13001677ns          209355 1c00843a 00462783 lw               x15, 4(x12)         x15=00000000 x12:1c01d060  PA:1c01d064
13002015ns          209372 1c00843c 00178793 addi             x15, x15, 1         x15=00000001 x15:00000000
13002035ns          209373 1c00843e 00f62223 sw               x15, 4(x12)         x15:00000001 x12:1c01d060  PA:1c01d064
13002373ns          209390 1c008440 00462783 lw               x15, 4(x12)         x15=00000001 x12:1c01d060  PA:1c01d064
13002691ns          209406 1c008442 00a79463 bne              x15, x10, 8         x15:00000001 x10:00000400
13003009ns          209422 1c00844a 0006a803 lw               x16, 0(x13)         x16=00000000 x13:1c017030  PA:1c017030
13003328ns          209438 1c00844e 0046a783 lw               x15, 4(x13)         x15=00000001 x13:1c017030  PA:1c017034
13003745ns          209459 1c008450 fef80de3 beq              x16, x15, -6        x16:00000000 x15:00000001
13003765ns          209460 1c008454 0006a783 lw               x15, 0(x13)         x15=00000000 x13:1c017030  PA:1c017030
13004083ns          209476 1c008456 00279793 slli             x15, x15, 0x2       x15=00000000 x15:00000000
13004103ns          209477 1c008458 20fb7783 lw               x15, x15(x22)       x15=dead0000 x15:00000000 x22:1c016030  PA:1c016030
13004481ns          209496 1c00845c 0006a783 lw               x15, 0(x13)         x15=00000000 x13:1c017030  PA:1c017030
13004819ns          209513 1c00845e 00178793 addi             x15, x15, 1         x15=00000001 x15:00000000
13004839ns          209514 1c008460 00f6a023 sw               x15, 0(x13)         x15:00000001 x13:1c017030  PA:1c017030
13005177ns          209531 1c008462 0006a783 lw               x15, 0(x13)         x15=00000001 x13:1c017030  PA:1c017030
13005516ns          209548 1c008464 00a79463 bne              x15, x10, 8         x15:00000001 x10:00000400
13005575ns          209551 1c00846c 00072803 lw               x16, 0(x14)         x16=00000000 x14:1c016028  PA:1c016028
13006073ns          209576 1c008470 00472783 lw               x15, 4(x14)         x15=00000001 x14:1c016028  PA:1c01602c
13006490ns          209597 1c008472 fef80de3 beq              x16, x15, -6        x16:00000000 x15:00000001
13006510ns          209598 1c008476 00072783 lw               x15, 0(x14)         x15=00000000 x14:1c016028  PA:1c016028
13006828ns          209614 1c008478 00279793 slli             x15, x15, 0x2       x15=00000000 x15:00000000
13006848ns          209615 1c00847a 20fbf783 lw               x15, x15(x23)       x15=dead0300 x15:00000000 x23:1c015028  PA:1c015028
13007147ns          209630 1c00847e 00072783 lw               x15, 0(x14)         x15=00000000 x14:1c016028  PA:1c016028
13007525ns          209649 1c008480 00178793 addi             x15, x15, 1         x15=00000001 x15:00000000
13007544ns          209650 1c008482 00f72023 sw               x15, 0(x14)         x15:00000001 x14:1c016028  PA:1c016028
13007863ns          209666 1c008484 00072783 lw               x15, 0(x14)         x15=00000001 x14:1c016028  PA:1c016028
13008181ns          209682 1c008486 00a78663 beq              x15, x10, 12        x15:00000001 x10:00000400
13008201ns          209683 1c00848a fff88893 addi             x17, x17, -1        x17=0000001f x17:00000020
13008221ns          209684 1c00848c f60895e3 bne              x17, x0, -150       x17:0000001f
13008400ns          209693 1c0083f6 00432f0b p.lw             x30, 4(x6!)         x30=dead0101  x6=10000e40  x6:10000e3c  PA:10000e3c
13008420ns          209694 1c0083fa 0045a783 lw               x15, 4(x11)         x15=00000001 x11:1c014018  PA:1c01401c
13008738ns          209710 1c0083fc 00178793 addi             x15, x15, 1         x15=00000002 x15:00000001
13008758ns          209711 1c0083fe 0aa78363 beq              x15, x10, 166       x15:00000002 x10:00000400
13008778ns          209712 1c008402 0005a803 lw               x16, 0(x11)         x16=00000001 x11:1c014018  PA:1c014018
13009096ns          209728 1c008406 ff078ae3 beq              x15, x16, -12       x15:00000002 x16:00000001
13009116ns          209729 1c00840a 0045a783 lw               x15, 4(x11)         x15=00000001 x11:1c014018  PA:1c01401c
13009434ns          209745 1c00840c 00279793 slli             x15, x15, 0x2       x15=00000004 x15:00000001
13009454ns          209746 1c00840e 01ee67a3 p.sw             x30, x0(x28)        x30:dead0101 x28:1c013018  PA:1c01301c
13009772ns          209762 1c008412 0045a783 lw               x15, 4(x11)         x15=00000001 x11:1c014018  PA:1c01401c
13010090ns          209778 1c008414 00178793 addi             x15, x15, 1         x15=00000002 x15:00000001
13010110ns          209779 1c008416 00f5a223 sw               x15, 4(x11)         x15:00000002 x11:1c014018  PA:1c01401c
13010448ns          209796 1c008418 0045a783 lw               x15, 4(x11)         x15=00000002 x11:1c014018  PA:1c01401c
13010787ns          209813 1c00841a 00a79463 bne              x15, x10, 8         x15:00000002 x10:00000400
13010846ns          209816 1c008422 00462783 lw               x15, 4(x12)         x15=00000001 x12:1c01d060  PA:1c01d064
13011165ns          209832 1c008424 00178793 addi             x15, x15, 1         x15=00000002 x15:00000001
13011184ns          209833 1c008426 06a78c63 beq              x15, x10, 120       x15:00000002 x10:00000400
13011204ns          209834 1c00842a 00062803 lw               x16, 0(x12)         x16=00000001 x12:1c01d060  PA:1c01d060
13011523ns          209850 1c00842e fef80ae3 beq              x16, x15, -12       x16:00000001 x15:00000002
13011542ns          209851 1c008432 00462783 lw               x15, 4(x12)         x15=00000001 x12:1c01d060  PA:1c01d064
13011861ns          209867 1c008434 00279793 slli             x15, x15, 0x2       x15=00000004 x15:00000001
13011881ns          209868 1c008436 01eee7a3 p.sw             x30, x0(x29)        x30:dead0101 x29:1c01c060  PA:1c01c064
13012199ns          209884 1c00843a 00462783 lw               x15, 4(x12)         x15=00000001 x12:1c01d060  PA:1c01d064
13012517ns          209900 1c00843c 00178793 addi             x15, x15, 1         x15=00000002 x15:00000001
13012537ns          209901 1c00843e 00f62223 sw               x15, 4(x12)         x15:00000002 x12:1c01d060  PA:1c01d064
13012855ns          209917 1c008440 00462783 lw               x15, 4(x12)         x15=00000002 x12:1c01d060  PA:1c01d064
13013174ns          209933 1c008442 00a79463 bne              x15, x10, 8         x15:00000002 x10:00000400
13013253ns          209937 1c00844a 0006a803 lw               x16, 0(x13)         x16=00000001 x13:1c017030  PA:1c017030
13013551ns          209952 1c00844e 0046a783 lw               x15, 4(x13)         x15=00000002 x13:1c017030  PA:1c017034
13013890ns          209969 1c008450 fef80de3 beq              x16, x15, -6        x16:00000001 x15:00000002
13013909ns          209970 1c008454 0006a783 lw               x15, 0(x13)         x15=00000001 x13:1c017030  PA:1c017030
13014228ns          209986 1c008456 00279793 slli             x15, x15, 0x2       x15=00000004 x15:00000001
13014248ns          209987 1c008458 20fb7783 lw               x15, x15(x22)       x15=dead0001 x15:00000004 x22:1c016030  PA:1c016034
13014546ns          210002 1c00845c 0006a783 lw               x15, 0(x13)         x15=00000001 x13:1c017030  PA:1c017030
13014864ns          210018 1c00845e 00178793 addi             x15, x15, 1         x15=00000002 x15:00000001
13014884ns          210019 1c008460 00f6a023 sw               x15, 0(x13)         x15:00000002 x13:1c017030  PA:1c017030
13015222ns          210036 1c008462 0006a783 lw               x15, 0(x13)         x15=00000002 x13:1c017030  PA:1c017030
13015541ns          210052 1c008464 00a79463 bne              x15, x10, 8         x15:00000002 x10:00000400
13015600ns          210055 1c00846c 00072803 lw               x16, 0(x14)         x16=00000001 x14:1c016028  PA:1c016028
13015899ns          210070 1c008470 00472783 lw               x15, 4(x14)         x15=00000002 x14:1c016028  PA:1c01602c
13016217ns          210086 1c008472 fef80de3 beq              x16, x15, -6        x16:00000001 x15:00000002
13016237ns          210087 1c008476 00072783 lw               x15, 0(x14)         x15=00000001 x14:1c016028  PA:1c016028
13016575ns          210104 1c008478 00279793 slli             x15, x15, 0x2       x15=00000004 x15:00000001
13016595ns          210105 1c00847a 20fbf783 lw               x15, x15(x23)       x15=dead0301 x15:00000004 x23:1c015028  PA:1c01502c
13016893ns          210120 1c00847e 00072783 lw               x15, 0(x14)         x15=00000001 x14:1c016028  PA:1c016028
13017211ns          210136 1c008480 00178793 addi             x15, x15, 1         x15=00000002 x15:00000001
13017231ns          210137 1c008482 00f72023 sw               x15, 0(x14)         x15:00000002 x14:1c016028  PA:1c016028
13017549ns          210153 1c008484 00072783 lw               x15, 0(x14)         x15=00000002 x14:1c016028  PA:1c016028
13017908ns          210171 1c008486 00a78663 beq              x15, x10, 12        x15:00000002 x10:00000400
13017927ns          210172 1c00848a fff88893 addi             x17, x17, -1        x17=0000001e x17:0000001f
13017947ns          210173 1c00848c f60895e3 bne              x17, x0, -150       x17:0000001e
13018027ns          210177 1c0083f6 00432f0b p.lw             x30, 4(x6!)         x30=dead0102  x6=10000e44  x6:10000e40  PA:10000e40
13018047ns          210178 1c0083fa 0045a783 lw               x15, 4(x11)         x15=00000002 x11:1c014018  PA:1c01401c
13018365ns          210194 1c0083fc 00178793 addi             x15, x15, 1         x15=00000003 x15:00000002
13018385ns          210195 1c0083fe 0aa78363 beq              x15, x10, 166       x15:00000003 x10:00000400
13018405ns          210196 1c008402 0005a803 lw               x16, 0(x11)         x16=00000002 x11:1c014018  PA:1c014018
13018723ns          210212 1c008406 ff078ae3 beq              x15, x16, -12       x15:00000003 x16:00000002
13018743ns          210213 1c00840a 0045a783 lw               x15, 4(x11)         x15=00000002 x11:1c014018  PA:1c01401c
13019061ns          210229 1c00840c 00279793 slli             x15, x15, 0x2       x15=00000008 x15:00000002
13019081ns          210230 1c00840e 01ee67a3 p.sw             x30, x0(x28)        x30:dead0102 x28:1c013018  PA:1c013020
13019399ns          210246 1c008412 0045a783 lw               x15, 4(x11)         x15=00000002 x11:1c014018  PA:1c01401c
13019718ns          210262 1c008414 00178793 addi             x15, x15, 1         x15=00000003 x15:00000002
13019737ns          210263 1c008416 00f5a223 sw               x15, 4(x11)         x15:00000003 x11:1c014018  PA:1c01401c
13020056ns          210279 1c008418 0045a783 lw               x15, 4(x11)         x15=00000003 x11:1c014018  PA:1c01401c
13020374ns          210295 1c00841a 00a79463 bne              x15, x10, 8         x15:00000003 x10:00000400
13020434ns          210298 1c008422 00462783 lw               x15, 4(x12)         x15=00000002 x12:1c01d060  PA:1c01d064
13020752ns          210314 1c008424 00178793 addi             x15, x15, 1         x15=00000003 x15:00000002
13020772ns          210315 1c008426 06a78c63 beq              x15, x10, 120       x15:00000003 x10:00000400
13020792ns          210316 1c00842a 00062803 lw               x16, 0(x12)         x16=00000002 x12:1c01d060  PA:1c01d060
13021110ns          210332 1c00842e fef80ae3 beq              x16, x15, -12       x16:00000002 x15:00000003
13021130ns          210333 1c008432 00462783 lw               x15, 4(x12)         x15=00000002 x12:1c01d060  PA:1c01d064
13021448ns          210349 1c008434 00279793 slli             x15, x15, 0x2       x15=00000008 x15:00000002
13021468ns          210350 1c008436 01eee7a3 p.sw             x30, x0(x29)        x30:dead0102 x29:1c01c060  PA:1c01c068
13021786ns          210366 1c00843a 00462783 lw               x15, 4(x12)         x15=00000002 x12:1c01d060  PA:1c01d064
13022104ns          210382 1c00843c 00178793 addi             x15, x15, 1         x15=00000003 x15:00000002
13022124ns          210383 1c00843e 00f62223 sw               x15, 4(x12)         x15:00000003 x12:1c01d060  PA:1c01d064
13022443ns          210399 1c008440 00462783 lw               x15, 4(x12)         x15=00000003 x12:1c01d060  PA:1c01d064
13022761ns          210415 1c008442 00a79463 bne              x15, x10, 8         x15:00000003 x10:00000400
13022840ns          210419 1c00844a 0006a803 lw               x16, 0(x13)         x16=00000002 x13:1c017030  PA:1c017030
13023139ns          210434 1c00844e 0046a783 lw               x15, 4(x13)         x15=00000003 x13:1c017030  PA:1c017034
13023457ns          210450 1c008450 fef80de3 beq              x16, x15, -6        x16:00000002 x15:00000003
13023477ns          210451 1c008454 0006a783 lw               x15, 0(x13)         x15=00000002 x13:1c017030  PA:1c017030
13023795ns          210467 1c008456 00279793 slli             x15, x15, 0x2       x15=00000008 x15:00000002
13023815ns          210468 1c008458 20fb7783 lw               x15, x15(x22)       x15=dead0002 x15:00000008 x22:1c016030  PA:1c016038
13024113ns          210483 1c00845c 0006a783 lw               x15, 0(x13)         x15=00000002 x13:1c017030  PA:1c017030
13024432ns          210499 1c00845e 00178793 addi             x15, x15, 1         x15=00000003 x15:00000002
13024452ns          210500 1c008460 00f6a023 sw               x15, 0(x13)         x15:00000003 x13:1c017030  PA:1c017030
13024770ns          210516 1c008462 0006a783 lw               x15, 0(x13)         x15=00000003 x13:1c017030  PA:1c017030
13025088ns          210532 1c008464 00a79463 bne              x15, x10, 8         x15:00000003 x10:00000400
13025148ns          210535 1c00846c 00072803 lw               x16, 0(x14)         x16=00000002 x14:1c016028  PA:1c016028
13025446ns          210550 1c008470 00472783 lw               x15, 4(x14)         x15=00000003 x14:1c016028  PA:1c01602c
13025764ns          210566 1c008472 fef80de3 beq              x16, x15, -6        x16:00000002 x15:00000003
13025784ns          210567 1c008476 00072783 lw               x15, 0(x14)         x15=00000002 x14:1c016028  PA:1c016028
13026102ns          210583 1c008478 00279793 slli             x15, x15, 0x2       x15=00000008 x15:00000002
13026122ns          210584 1c00847a 20fbf783 lw               x15, x15(x23)       x15=dead0302 x15:00000008 x23:1c015028  PA:1c015030
13026421ns          210599 1c00847e 00072783 lw               x15, 0(x14)         x15=00000002 x14:1c016028  PA:1c016028
13026759ns          210616 1c008480 00178793 addi             x15, x15, 1         x15=00000003 x15:00000002
13026779ns          210617 1c008482 00f72023 sw               x15, 0(x14)         x15:00000003 x14:1c016028  PA:1c016028
13027117ns          210634 1c008484 00072783 lw               x15, 0(x14)         x15=00000003 x14:1c016028  PA:1c016028
13027455ns          210651 1c008486 00a78663 beq              x15, x10, 12        x15:00000003 x10:00000400
13027475ns          210652 1c00848a fff88893 addi             x17, x17, -1        x17=0000001d x17:0000001e
13027495ns          210653 1c00848c f60895e3 bne              x17, x0, -150       x17:0000001d
13027574ns          210657 1c0083f6 00432f0b p.lw             x30, 4(x6!)         x30=dead0103  x6=10000e48  x6:10000e44  PA:10000e44
13027594ns          210658 1c0083fa 0045a783 lw               x15, 4(x11)         x15=00000003 x11:1c014018  PA:1c01401c
13027913ns          210674 1c0083fc 00178793 addi             x15, x15, 1         x15=00000004 x15:00000003
13027932ns          210675 1c0083fe 0aa78363 beq              x15, x10, 166       x15:00000004 x10:00000400
13027952ns          210676 1c008402 0005a803 lw               x16, 0(x11)         x16=00000003 x11:1c014018  PA:1c014018
13028271ns          210692 1c008406 ff078ae3 beq              x15, x16, -12       x15:00000004 x16:00000003
13028290ns          210693 1c00840a 0045a783 lw               x15, 4(x11)         x15=00000003 x11:1c014018  PA:1c01401c
13028629ns          210710 1c00840c 00279793 slli             x15, x15, 0x2       x15=0000000c x15:00000003
13028649ns          210711 1c00840e 01ee67a3 p.sw             x30, x0(x28)        x30:dead0103 x28:1c013018  PA:1c013024
13028967ns          210727 1c008412 0045a783 lw               x15, 4(x11)         x15=00000003 x11:1c014018  PA:1c01401c
13029285ns          210743 1c008414 00178793 addi             x15, x15, 1         x15=00000004 x15:00000003
13029305ns          210744 1c008416 00f5a223 sw               x15, 4(x11)         x15:00000004 x11:1c014018  PA:1c01401c
13029623ns          210760 1c008418 0045a783 lw               x15, 4(x11)         x15=00000004 x11:1c014018  PA:1c01401c
13029961ns          210777 1c00841a 00a79463 bne              x15, x10, 8         x15:00000004 x10:00000400
13030021ns          210780 1c008422 00462783 lw               x15, 4(x12)         x15=00000003 x12:1c01d060  PA:1c01d064
13030339ns          210796 1c008424 00178793 addi             x15, x15, 1         x15=00000004 x15:00000003
13030359ns          210797 1c008426 06a78c63 beq              x15, x10, 120       x15:00000004 x10:00000400
13030379ns          210798 1c00842a 00062803 lw               x16, 0(x12)         x16=00000003 x12:1c01d060  PA:1c01d060
13030697ns          210814 1c00842e fef80ae3 beq              x16, x15, -12       x16:00000003 x15:00000004
13030717ns          210815 1c008432 00462783 lw               x15, 4(x12)         x15=00000003 x12:1c01d060  PA:1c01d064
13031035ns          210831 1c008434 00279793 slli             x15, x15, 0x2       x15=0000000c x15:00000003
13031055ns          210832 1c008436 01eee7a3 p.sw             x30, x0(x29)        x30:dead0103 x29:1c01c060  PA:1c01c06c
13031374ns          210848 1c00843a 00462783 lw               x15, 4(x12)         x15=00000003 x12:1c01d060  PA:1c01d064
13031692ns          210864 1c00843c 00178793 addi             x15, x15, 1         x15=00000004 x15:00000003
13031712ns          210865 1c00843e 00f62223 sw               x15, 4(x12)         x15:00000004 x12:1c01d060  PA:1c01d064
13032030ns          210881 1c008440 00462783 lw               x15, 4(x12)         x15=00000004 x12:1c01d060  PA:1c01d064
13032348ns          210897 1c008442 00a79463 bne              x15, x10, 8         x15:00000004 x10:00000400
13032428ns          210901 1c00844a 0006a803 lw               x16, 0(x13)         x16=00000003 x13:1c017030  PA:1c017030
13032726ns          210916 1c00844e 0046a783 lw               x15, 4(x13)         x15=00000004 x13:1c017030  PA:1c017034
13033044ns          210932 1c008450 fef80de3 beq              x16, x15, -6        x16:00000003 x15:00000004
13033064ns          210933 1c008454 0006a783 lw               x15, 0(x13)         x15=00000003 x13:1c017030  PA:1c017030
13033383ns          210949 1c008456 00279793 slli             x15, x15, 0x2       x15=0000000c x15:00000003
13033402ns          210950 1c008458 20fb7783 lw               x15, x15(x22)       x15=dead0003 x15:0000000c x22:1c016030  PA:1c01603c
13033701ns          210965 1c00845c 0006a783 lw               x15, 0(x13)         x15=00000003 x13:1c017030  PA:1c017030
13034019ns          210981 1c00845e 00178793 addi             x15, x15, 1         x15=00000004 x15:00000003
13034039ns          210982 1c008460 00f6a023 sw               x15, 0(x13)         x15:00000004 x13:1c017030  PA:1c017030
13034357ns          210998 1c008462 0006a783 lw               x15, 0(x13)         x15=00000004 x13:1c017030  PA:1c017030
13034675ns          211014 1c008464 00a79463 bne              x15, x10, 8         x15:00000004 x10:00000400
13034735ns          211017 1c00846c 00072803 lw               x16, 0(x14)         x16=00000003 x14:1c016028  PA:1c016028
13035033ns          211032 1c008470 00472783 lw               x15, 4(x14)         x15=00000004 x14:1c016028  PA:1c01602c
13035352ns          211048 1c008472 fef80de3 beq              x16, x15, -6        x16:00000003 x15:00000004
13035372ns          211049 1c008476 00072783 lw               x15, 0(x14)         x15=00000003 x14:1c016028  PA:1c016028
13035690ns          211065 1c008478 00279793 slli             x15, x15, 0x2       x15=0000000c x15:00000003
13035710ns          211066 1c00847a 20fbf783 lw               x15, x15(x23)       x15=dead0303 x15:0000000c x23:1c015028  PA:1c015034
13036008ns          211081 1c00847e 00072783 lw               x15, 0(x14)         x15=00000003 x14:1c016028  PA:1c016028
13036326ns          211097 1c008480 00178793 addi             x15, x15, 1         x15=00000004 x15:00000003
13036346ns          211098 1c008482 00f72023 sw               x15, 0(x14)         x15:00000004 x14:1c016028  PA:1c016028
13036664ns          211114 1c008484 00072783 lw               x15, 0(x14)         x15=00000004 x14:1c016028  PA:1c016028
13036983ns          211130 1c008486 00a78663 beq              x15, x10, 12        x15:00000004 x10:00000400
13037003ns          211131 1c00848a fff88893 addi             x17, x17, -1        x17=0000001c x17:0000001d
13037023ns          211132 1c00848c f60895e3 bne              x17, x0, -150       x17:0000001c
13037102ns          211136 1c0083f6 00432f0b p.lw             x30, 4(x6!)         x30=dead0104  x6=10000e4c  x6:10000e48  PA:10000e48
13037122ns          211137 1c0083fa 0045a783 lw               x15, 4(x11)         x15=00000004 x11:1c014018  PA:1c01401c
13037440ns          211153 1c0083fc 00178793 addi             x15, x15, 1         x15=00000005 x15:00000004
13037460ns          211154 1c0083fe 0aa78363 beq              x15, x10, 166       x15:00000005 x10:00000400
13037480ns          211155 1c008402 0005a803 lw               x16, 0(x11)         x16=00000004 x11:1c014018  PA:1c014018
13037798ns          211171 1c008406 ff078ae3 beq              x15, x16, -12       x15:00000005 x16:00000004
13037818ns          211172 1c00840a 0045a783 lw               x15, 4(x11)         x15=00000004 x11:1c014018  PA:1c01401c
13038136ns          211188 1c00840c 00279793 slli             x15, x15, 0x2       x15=00000010 x15:00000004
13038156ns          211189 1c00840e 01ee67a3 p.sw             x30, x0(x28)        x30:dead0104 x28:1c013018  PA:1c013028
13038475ns          211205 1c008412 0045a783 lw               x15, 4(x11)         x15=00000004 x11:1c014018  PA:1c01401c
13038793ns          211221 1c008414 00178793 addi             x15, x15, 1         x15=00000005 x15:00000004
13038813ns          211222 1c008416 00f5a223 sw               x15, 4(x11)         x15:00000005 x11:1c014018  PA:1c01401c
13039131ns          211238 1c008418 0045a783 lw               x15, 4(x11)         x15=00000005 x11:1c014018  PA:1c01401c
13039449ns          211254 1c00841a 00a79463 bne              x15, x10, 8         x15:00000005 x10:00000400
13039509ns          211257 1c008422 00462783 lw               x15, 4(x12)         x15=00000004 x12:1c01d060  PA:1c01d064
13039827ns          211273 1c008424 00178793 addi             x15, x15, 1         x15=00000005 x15:00000004
13039847ns          211274 1c008426 06a78c63 beq              x15, x10, 120       x15:00000005 x10:00000400
13039867ns          211275 1c00842a 00062803 lw               x16, 0(x12)         x16=00000004 x12:1c01d060  PA:1c01d060
13040185ns          211291 1c00842e fef80ae3 beq              x16, x15, -12       x16:00000004 x15:00000005
13040205ns          211292 1c008432 00462783 lw               x15, 4(x12)         x15=00000004 x12:1c01d060  PA:1c01d064
13040543ns          211309 1c008434 00279793 slli             x15, x15, 0x2       x15=00000010 x15:00000004
13040563ns          211310 1c008436 01eee7a3 p.sw             x30, x0(x29)        x30:dead0104 x29:1c01c060  PA:1c01c070
13040881ns          211326 1c00843a 00462783 lw               x15, 4(x12)         x15=00000004 x12:1c01d060  PA:1c01d064
13041200ns          211342 1c00843c 00178793 addi             x15, x15, 1         x15=00000005 x15:00000004
13041219ns          211343 1c00843e 00f62223 sw               x15, 4(x12)         x15:00000005 x12:1c01d060  PA:1c01d064
13041538ns          211359 1c008440 00462783 lw               x15, 4(x12)         x15=00000005 x12:1c01d060  PA:1c01d064
13041876ns          211376 1c008442 00a79463 bne              x15, x10, 8         x15:00000005 x10:00000400
13041955ns          211380 1c00844a 0006a803 lw               x16, 0(x13)         x16=00000004 x13:1c017030  PA:1c017030
13042254ns          211395 1c00844e 0046a783 lw               x15, 4(x13)         x15=00000005 x13:1c017030  PA:1c017034
13042572ns          211411 1c008450 fef80de3 beq              x16, x15, -6        x16:00000004 x15:00000005
13042592ns          211412 1c008454 0006a783 lw               x15, 0(x13)         x15=00000004 x13:1c017030  PA:1c017030
13042910ns          211428 1c008456 00279793 slli             x15, x15, 0x2       x15=00000010 x15:00000004
13042930ns          211429 1c008458 20fb7783 lw               x15, x15(x22)       x15=dead0004 x15:00000010 x22:1c016030  PA:1c016040
13043248ns          211445 1c00845c 0006a783 lw               x15, 0(x13)         x15=00000004 x13:1c017030  PA:1c017030
13043567ns          211461 1c00845e 00178793 addi             x15, x15, 1         x15=00000005 x15:00000004
13043586ns          211462 1c008460 00f6a023 sw               x15, 0(x13)         x15:00000005 x13:1c017030  PA:1c017030
13043905ns          211478 1c008462 0006a783 lw               x15, 0(x13)         x15=00000005 x13:1c017030  PA:1c017030
13044223ns          211494 1c008464 00a79463 bne              x15, x10, 8         x15:00000005 x10:00000400
13044283ns          211497 1c00846c 00072803 lw               x16, 0(x14)         x16=00000004 x14:1c016028  PA:1c016028
13044601ns          211513 1c008470 00472783 lw               x15, 4(x14)         x15=00000005 x14:1c016028  PA:1c01602c
13044919ns          211529 1c008472 fef80de3 beq              x16, x15, -6        x16:00000004 x15:00000005
13044939ns          211530 1c008476 00072783 lw               x15, 0(x14)         x15=00000004 x14:1c016028  PA:1c016028
13045257ns          211546 1c008478 00279793 slli             x15, x15, 0x2       x15=00000010 x15:00000004
13045277ns          211547 1c00847a 20fbf783 lw               x15, x15(x23)       x15=dead0304 x15:00000010 x23:1c015028  PA:1c015038
13045576ns          211562 1c00847e 00072783 lw               x15, 0(x14)         x15=00000004 x14:1c016028  PA:1c016028
13045914ns          211579 1c008480 00178793 addi             x15, x15, 1         x15=00000005 x15:00000004
13045934ns          211580 1c008482 00f72023 sw               x15, 0(x14)         x15:00000005 x14:1c016028  PA:1c016028
13046252ns          211596 1c008484 00072783 lw               x15, 0(x14)         x15=00000005 x14:1c016028  PA:1c016028
13046570ns          211612 1c008486 00a78663 beq              x15, x10, 12        x15:00000005 x10:00000400
13046590ns          211613 1c00848a fff88893 addi             x17, x17, -1        x17=0000001b x17:0000001c
13046610ns          211614 1c00848c f60895e3 bne              x17, x0, -150       x17:0000001b
13046689ns          211618 1c0083f6 00432f0b p.lw             x30, 4(x6!)         x30=dead0105  x6=10000e50  x6:10000e4c  PA:10000e4c
13046709ns          211619 1c0083fa 0045a783 lw               x15, 4(x11)         x15=00000005 x11:1c014018  PA:1c01401c
13047028ns          211635 1c0083fc 00178793 addi             x15, x15, 1         x15=00000006 x15:00000005
13047047ns          211636 1c0083fe 0aa78363 beq              x15, x10, 166       x15:00000006 x10:00000400
13047067ns          211637 1c008402 0005a803 lw               x16, 0(x11)         x16=00000005 x11:1c014018  PA:1c014018
13047386ns          211653 1c008406 ff078ae3 beq              x15, x16, -12       x15:00000006 x16:00000005
13047405ns          211654 1c00840a 0045a783 lw               x15, 4(x11)         x15=00000005 x11:1c014018  PA:1c01401c
13047724ns          211670 1c00840c 00279793 slli             x15, x15, 0x2       x15=00000014 x15:00000005
13047744ns          211671 1c00840e 01ee67a3 p.sw             x30, x0(x28)        x30:dead0105 x28:1c013018  PA:1c01302c
13048062ns          211687 1c008412 0045a783 lw               x15, 4(x11)         x15=00000005 x11:1c014018  PA:1c01401c
13048380ns          211703 1c008414 00178793 addi             x15, x15, 1         x15=00000006 x15:00000005
13048400ns          211704 1c008416 00f5a223 sw               x15, 4(x11)         x15:00000006 x11:1c014018  PA:1c01401c
13048718ns          211720 1c008418 0045a783 lw               x15, 4(x11)         x15=00000006 x11:1c014018  PA:1c01401c
13049037ns          211736 1c00841a 00a79463 bne              x15, x10, 8         x15:00000006 x10:00000400
13049096ns          211739 1c008422 00462783 lw               x15, 4(x12)         x15=00000005 x12:1c01d060  PA:1c01d064
13049414ns          211755 1c008424 00178793 addi             x15, x15, 1         x15=00000006 x15:00000005
13049434ns          211756 1c008426 06a78c63 beq              x15, x10, 120       x15:00000006 x10:00000400
13049454ns          211757 1c00842a 00062803 lw               x16, 0(x12)         x16=00000005 x12:1c01d060  PA:1c01d060
13049772ns          211773 1c00842e fef80ae3 beq              x16, x15, -12       x16:00000005 x15:00000006
13049792ns          211774 1c008432 00462783 lw               x15, 4(x12)         x15=00000005 x12:1c01d060  PA:1c01d064
13050111ns          211790 1c008434 00279793 slli             x15, x15, 0x2       x15=00000014 x15:00000005
13050131ns          211791 1c008436 01eee7a3 p.sw             x30, x0(x29)        x30:dead0105 x29:1c01c060  PA:1c01c074
13050449ns          211807 1c00843a 00462783 lw               x15, 4(x12)         x15=00000005 x12:1c01d060  PA:1c01d064
13050767ns          211823 1c00843c 00178793 addi             x15, x15, 1         x15=00000006 x15:00000005
13050787ns          211824 1c00843e 00f62223 sw               x15, 4(x12)         x15:00000006 x12:1c01d060  PA:1c01d064
13051105ns          211840 1c008440 00462783 lw               x15, 4(x12)         x15=00000006 x12:1c01d060  PA:1c01d064
13051423ns          211856 1c008442 00a79463 bne              x15, x10, 8         x15:00000006 x10:00000400
13051503ns          211860 1c00844a 0006a803 lw               x16, 0(x13)         x16=00000005 x13:1c017030  PA:1c017030
13051801ns          211875 1c00844e 0046a783 lw               x15, 4(x13)         x15=00000006 x13:1c017030  PA:1c017034
13052120ns          211891 1c008450 fef80de3 beq              x16, x15, -6        x16:00000005 x15:00000006
13052139ns          211892 1c008454 0006a783 lw               x15, 0(x13)         x15=00000005 x13:1c017030  PA:1c017030
13052458ns          211908 1c008456 00279793 slli             x15, x15, 0x2       x15=00000014 x15:00000005
13052478ns          211909 1c008458 20fb7783 lw               x15, x15(x22)       x15=dead0005 x15:00000014 x22:1c016030  PA:1c016044
13052776ns          211924 1c00845c 0006a783 lw               x15, 0(x13)         x15=00000005 x13:1c017030  PA:1c017030
13053094ns          211940 1c00845e 00178793 addi             x15, x15, 1         x15=00000006 x15:00000005
13053114ns          211941 1c008460 00f6a023 sw               x15, 0(x13)         x15:00000006 x13:1c017030  PA:1c017030
13053432ns          211957 1c008462 0006a783 lw               x15, 0(x13)         x15=00000006 x13:1c017030  PA:1c017030
13053751ns          211973 1c008464 00a79463 bne              x15, x10, 8         x15:00000006 x10:00000400
13053810ns          211976 1c00846c 00072803 lw               x16, 0(x14)         x16=00000005 x14:1c016028  PA:1c016028
13054109ns          211991 1c008470 00472783 lw               x15, 4(x14)         x15=00000006 x14:1c016028  PA:1c01602c
13054427ns          212007 1c008472 fef80de3 beq              x16, x15, -6        x16:00000005 x15:00000006
13054447ns          212008 1c008476 00072783 lw               x15, 0(x14)         x15=00000005 x14:1c016028  PA:1c016028
13054765ns          212024 1c008478 00279793 slli             x15, x15, 0x2       x15=00000014 x15:00000005
13054785ns          212025 1c00847a 20fbf783 lw               x15, x15(x23)       x15=dead0305 x15:00000014 x23:1c015028  PA:1c01503c
13055083ns          212040 1c00847e 00072783 lw               x15, 0(x14)         x15=00000005 x14:1c016028  PA:1c016028
13055402ns          212056 1c008480 00178793 addi             x15, x15, 1         x15=00000006 x15:00000005
13055421ns          212057 1c008482 00f72023 sw               x15, 0(x14)         x15:00000006 x14:1c016028  PA:1c016028
13055740ns          212073 1c008484 00072783 lw               x15, 0(x14)         x15=00000006 x14:1c016028  PA:1c016028
13056058ns          212089 1c008486 00a78663 beq              x15, x10, 12        x15:00000006 x10:00000400
13056078ns          212090 1c00848a fff88893 addi             x17, x17, -1        x17=0000001a x17:0000001b
13056098ns          212091 1c00848c f60895e3 bne              x17, x0, -150       x17:0000001a
13056177ns          212095 1c0083f6 00432f0b p.lw             x30, 4(x6!)         x30=dead0106  x6=10000e54  x6:10000e50  PA:10000e50
13056197ns          212096 1c0083fa 0045a783 lw               x15, 4(x11)         x15=00000006 x11:1c014018  PA:1c01401c
13056535ns          212113 1c0083fc 00178793 addi             x15, x15, 1         x15=00000007 x15:00000006
13056555ns          212114 1c0083fe 0aa78363 beq              x15, x10, 166       x15:00000007 x10:00000400
13056575ns          212115 1c008402 0005a803 lw               x16, 0(x11)         x16=00000006 x11:1c014018  PA:1c014018
13056893ns          212131 1c008406 ff078ae3 beq              x15, x16, -12       x15:00000007 x16:00000006
13056913ns          212132 1c00840a 0045a783 lw               x15, 4(x11)         x15=00000006 x11:1c014018  PA:1c01401c
13057232ns          212148 1c00840c 00279793 slli             x15, x15, 0x2       x15=00000018 x15:00000006
13057251ns          212149 1c00840e 01ee67a3 p.sw             x30, x0(x28)        x30:dead0106 x28:1c013018  PA:1c013030
13057570ns          212165 1c008412 0045a783 lw               x15, 4(x11)         x15=00000006 x11:1c014018  PA:1c01401c
13057908ns          212182 1c008414 00178793 addi             x15, x15, 1         x15=00000007 x15:00000006
13057928ns          212183 1c008416 00f5a223 sw               x15, 4(x11)         x15:00000007 x11:1c014018  PA:1c01401c
13058246ns          212199 1c008418 0045a783 lw               x15, 4(x11)         x15=00000007 x11:1c014018  PA:1c01401c
13058564ns          212215 1c00841a 00a79463 bne              x15, x10, 8         x15:00000007 x10:00000400
13058624ns          212218 1c008422 00462783 lw               x15, 4(x12)         x15=00000006 x12:1c01d060  PA:1c01d064
13058942ns          212234 1c008424 00178793 addi             x15, x15, 1         x15=00000007 x15:00000006
13058962ns          212235 1c008426 06a78c63 beq              x15, x10, 120       x15:00000007 x10:00000400
13058982ns          212236 1c00842a 00062803 lw               x16, 0(x12)         x16=00000006 x12:1c01d060  PA:1c01d060
13059300ns          212252 1c00842e fef80ae3 beq              x16, x15, -12       x16:00000006 x15:00000007
13059320ns          212253 1c008432 00462783 lw               x15, 4(x12)         x15=00000006 x12:1c01d060  PA:1c01d064
13059638ns          212269 1c008434 00279793 slli             x15, x15, 0x2       x15=00000018 x15:00000006
13059658ns          212270 1c008436 01eee7a3 p.sw             x30, x0(x29)        x30:dead0106 x29:1c01c060  PA:1c01c078
13059976ns          212286 1c00843a 00462783 lw               x15, 4(x12)         x15=00000006 x12:1c01d060  PA:1c01d064
13060295ns          212302 1c00843c 00178793 addi             x15, x15, 1         x15=00000007 x15:00000006
13060315ns          212303 1c00843e 00f62223 sw               x15, 4(x12)         x15:00000007 x12:1c01d060  PA:1c01d064
13060633ns          212319 1c008440 00462783 lw               x15, 4(x12)         x15=00000007 x12:1c01d060  PA:1c01d064
13060951ns          212335 1c008442 00a79463 bne              x15, x10, 8         x15:00000007 x10:00000400
13061031ns          212339 1c00844a 0006a803 lw               x16, 0(x13)         x16=00000006 x13:1c017030  PA:1c017030
13061329ns          212354 1c00844e 0046a783 lw               x15, 4(x13)         x15=00000007 x13:1c017030  PA:1c017034
13061647ns          212370 1c008450 fef80de3 beq              x16, x15, -6        x16:00000006 x15:00000007
13061667ns          212371 1c008454 0006a783 lw               x15, 0(x13)         x15=00000006 x13:1c017030  PA:1c017030
13061985ns          212387 1c008456 00279793 slli             x15, x15, 0x2       x15=00000018 x15:00000006
13062005ns          212388 1c008458 20fb7783 lw               x15, x15(x22)       x15=dead0006 x15:00000018 x22:1c016030  PA:1c016048
13062304ns          212403 1c00845c 0006a783 lw               x15, 0(x13)         x15=00000006 x13:1c017030  PA:1c017030
13062622ns          212419 1c00845e 00178793 addi             x15, x15, 1         x15=00000007 x15:00000006
13062642ns          212420 1c008460 00f6a023 sw               x15, 0(x13)         x15:00000007 x13:1c017030  PA:1c017030
13062960ns          212436 1c008462 0006a783 lw               x15, 0(x13)         x15=00000007 x13:1c017030  PA:1c017030
13063278ns          212452 1c008464 00a79463 bne              x15, x10, 8         x15:00000007 x10:00000400
13063338ns          212455 1c00846c 00072803 lw               x16, 0(x14)         x16=00000006 x14:1c016028  PA:1c016028
13063636ns          212470 1c008470 00472783 lw               x15, 4(x14)         x15=00000007 x14:1c016028  PA:1c01602c
13063955ns          212486 1c008472 fef80de3 beq              x16, x15, -6        x16:00000006 x15:00000007
13063974ns          212487 1c008476 00072783 lw               x15, 0(x14)         x15=00000006 x14:1c016028  PA:1c016028
13064293ns          212503 1c008478 00279793 slli             x15, x15, 0x2       x15=00000018 x15:00000006
13064313ns          212504 1c00847a 20fbf783 lw               x15, x15(x23)       x15=dead0306 x15:00000018 x23:1c015028  PA:1c015040
13064611ns          212519 1c00847e 00072783 lw               x15, 0(x14)         x15=00000006 x14:1c016028  PA:1c016028
13064929ns          212535 1c008480 00178793 addi             x15, x15, 1         x15=00000007 x15:00000006
13064949ns          212536 1c008482 00f72023 sw               x15, 0(x14)         x15:00000007 x14:1c016028  PA:1c016028
13065267ns          212552 1c008484 00072783 lw               x15, 0(x14)         x15=00000007 x14:1c016028  PA:1c016028
13065586ns          212568 1c008486 00a78663 beq              x15, x10, 12        x15:00000007 x10:00000400
13065606ns          212569 1c00848a fff88893 addi             x17, x17, -1        x17=00000019 x17:0000001a
13065625ns          212570 1c00848c f60895e3 bne              x17, x0, -150       x17:00000019
13065705ns          212574 1c0083f6 00432f0b p.lw             x30, 4(x6!)         x30=dead0107  x6=10000e58  x6:10000e54  PA:10000e54
13065725ns          212575 1c0083fa 0045a783 lw               x15, 4(x11)         x15=00000007 x11:1c014018  PA:1c01401c
13066043ns          212591 1c0083fc 00178793 addi             x15, x15, 1         x15=00000008 x15:00000007
13066063ns          212592 1c0083fe 0aa78363 beq              x15, x10, 166       x15:00000008 x10:00000400
13066083ns          212593 1c008402 0005a803 lw               x16, 0(x11)         x16=00000007 x11:1c014018  PA:1c014018
13066401ns          212609 1c008406 ff078ae3 beq              x15, x16, -12       x15:00000008 x16:00000007
13066421ns          212610 1c00840a 0045a783 lw               x15, 4(x11)         x15=00000007 x11:1c014018  PA:1c01401c
13066739ns          212626 1c00840c 00279793 slli             x15, x15, 0x2       x15=0000001c x15:00000007
13066759ns          212627 1c00840e 01ee67a3 p.sw             x30, x0(x28)        x30:dead0107 x28:1c013018  PA:1c013034
13067077ns          212643 1c008412 0045a783 lw               x15, 4(x11)         x15=00000007 x11:1c014018  PA:1c01401c
13067396ns          212659 1c008414 00178793 addi             x15, x15, 1         x15=00000008 x15:00000007
13067416ns          212660 1c008416 00f5a223 sw               x15, 4(x11)         x15:00000008 x11:1c014018  PA:1c01401c
13067734ns          212676 1c008418 0045a783 lw               x15, 4(x11)         x15=00000008 x11:1c014018  PA:1c01401c
13068052ns          212692 1c00841a 00a79463 bne              x15, x10, 8         x15:00000008 x10:00000400
13068112ns          212695 1c008422 00462783 lw               x15, 4(x12)         x15=00000007 x12:1c01d060  PA:1c01d064
13068430ns          212711 1c008424 00178793 addi             x15, x15, 1         x15=00000008 x15:00000007
13068450ns          212712 1c008426 06a78c63 beq              x15, x10, 120       x15:00000008 x10:00000400
13068470ns          212713 1c00842a 00062803 lw               x16, 0(x12)         x16=00000007 x12:1c01d060  PA:1c01d060
13068788ns          212729 1c00842e fef80ae3 beq              x16, x15, -12       x16:00000007 x15:00000008
13068808ns          212730 1c008432 00462783 lw               x15, 4(x12)         x15=00000007 x12:1c01d060  PA:1c01d064
13069126ns          212746 1c008434 00279793 slli             x15, x15, 0x2       x15=0000001c x15:00000007
13069146ns          212747 1c008436 01eee7a3 p.sw             x30, x0(x29)        x30:dead0107 x29:1c01c060  PA:1c01c07c
13069464ns          212763 1c00843a 00462783 lw               x15, 4(x12)         x15=00000007 x12:1c01d060  PA:1c01d064
13069783ns          212779 1c00843c 00178793 addi             x15, x15, 1         x15=00000008 x15:00000007
13069802ns          212780 1c00843e 00f62223 sw               x15, 4(x12)         x15:00000008 x12:1c01d060  PA:1c01d064
13070121ns          212796 1c008440 00462783 lw               x15, 4(x12)         x15=00000008 x12:1c01d060  PA:1c01d064
13070439ns          212812 1c008442 00a79463 bne              x15, x10, 8         x15:00000008 x10:00000400
13070519ns          212816 1c00844a 0006a803 lw               x16, 0(x13)         x16=00000007 x13:1c017030  PA:1c017030
13070817ns          212831 1c00844e 0046a783 lw               x15, 4(x13)         x15=00000008 x13:1c017030  PA:1c017034
13071155ns          212848 1c008450 fef80de3 beq              x16, x15, -6        x16:00000007 x15:00000008
13071175ns          212849 1c008454 0006a783 lw               x15, 0(x13)         x15=00000007 x13:1c017030  PA:1c017030
13071493ns          212865 1c008456 00279793 slli             x15, x15, 0x2       x15=0000001c x15:00000007
13071513ns          212866 1c008458 20fb7783 lw               x15, x15(x22)       x15=dead0007 x15:0000001c x22:1c016030  PA:1c01604c
13071811ns          212881 1c00845c 0006a783 lw               x15, 0(x13)         x15=00000007 x13:1c017030  PA:1c017030
13072130ns          212897 1c00845e 00178793 addi             x15, x15, 1         x15=00000008 x15:00000007
13072150ns          212898 1c008460 00f6a023 sw               x15, 0(x13)         x15:00000008 x13:1c017030  PA:1c017030
13072488ns          212915 1c008462 0006a783 lw               x15, 0(x13)         x15=00000008 x13:1c017030  PA:1c017030
13072806ns          212931 1c008464 00a79463 bne              x15, x10, 8         x15:00000008 x10:00000400
13072866ns          212934 1c00846c 00072803 lw               x16, 0(x14)         x16=00000007 x14:1c016028  PA:1c016028
13073164ns          212949 1c008470 00472783 lw               x15, 4(x14)         x15=00000008 x14:1c016028  PA:1c01602c
13073482ns          212965 1c008472 fef80de3 beq              x16, x15, -6        x16:00000007 x15:00000008
13073502ns          212966 1c008476 00072783 lw               x15, 0(x14)         x15=00000007 x14:1c016028  PA:1c016028
13073840ns          212983 1c008478 00279793 slli             x15, x15, 0x2       x15=0000001c x15:00000007
13073860ns          212984 1c00847a 20fbf783 lw               x15, x15(x23)       x15=dead0307 x15:0000001c x23:1c015028  PA:1c015044
13074159ns          212999 1c00847e 00072783 lw               x15, 0(x14)         x15=00000007 x14:1c016028  PA:1c016028
13074477ns          213015 1c008480 00178793 addi             x15, x15, 1         x15=00000008 x15:00000007
13074497ns          213016 1c008482 00f72023 sw               x15, 0(x14)         x15:00000008 x14:1c016028  PA:1c016028
13074815ns          213032 1c008484 00072783 lw               x15, 0(x14)         x15=00000008 x14:1c016028  PA:1c016028
13075153ns          213049 1c008486 00a78663 beq              x15, x10, 12        x15:00000008 x10:00000400
13075173ns          213050 1c00848a fff88893 addi             x17, x17, -1        x17=00000018 x17:00000019
13075193ns          213051 1c00848c f60895e3 bne              x17, x0, -150       x17:00000018
13075272ns          213055 1c0083f6 00432f0b p.lw             x30, 4(x6!)         x30=dead0108  x6=10000e5c  x6:10000e58  PA:10000e58
13075292ns          213056 1c0083fa 0045a783 lw               x15, 4(x11)         x15=00000008 x11:1c014018  PA:1c01401c
13075611ns          213072 1c0083fc 00178793 addi             x15, x15, 1         x15=00000009 x15:00000008
13075630ns          213073 1c0083fe 0aa78363 beq              x15, x10, 166       x15:00000009 x10:00000400
13075650ns          213074 1c008402 0005a803 lw               x16, 0(x11)         x16=00000008 x11:1c014018  PA:1c014018
13075969ns          213090 1c008406 ff078ae3 beq              x15, x16, -12       x15:00000009 x16:00000008
13075989ns          213091 1c00840a 0045a783 lw               x15, 4(x11)         x15=00000008 x11:1c014018  PA:1c01401c
13076307ns          213107 1c00840c 00279793 slli             x15, x15, 0x2       x15=00000020 x15:00000008
13076327ns          213108 1c00840e 01ee67a3 p.sw             x30, x0(x28)        x30:dead0108 x28:1c013018  PA:1c013038
13076645ns          213124 1c008412 0045a783 lw               x15, 4(x11)         x15=00000008 x11:1c014018  PA:1c01401c
13076963ns          213140 1c008414 00178793 addi             x15, x15, 1         x15=00000009 x15:00000008
13076983ns          213141 1c008416 00f5a223 sw               x15, 4(x11)         x15:00000009 x11:1c014018  PA:1c01401c
13077301ns          213157 1c008418 0045a783 lw               x15, 4(x11)         x15=00000009 x11:1c014018  PA:1c01401c
13077620ns          213173 1c00841a 00a79463 bne              x15, x10, 8         x15:00000009 x10:00000400
13077679ns          213176 1c008422 00462783 lw               x15, 4(x12)         x15=00000008 x12:1c01d060  PA:1c01d064
13077997ns          213192 1c008424 00178793 addi             x15, x15, 1         x15=00000009 x15:00000008
13078017ns          213193 1c008426 06a78c63 beq              x15, x10, 120       x15:00000009 x10:00000400
13078037ns          213194 1c00842a 00062803 lw               x16, 0(x12)         x16=00000008 x12:1c01d060  PA:1c01d060
13078356ns          213210 1c00842e fef80ae3 beq              x16, x15, -12       x16:00000008 x15:00000009
13078375ns          213211 1c008432 00462783 lw               x15, 4(x12)         x15=00000008 x12:1c01d060  PA:1c01d064
13078694ns          213227 1c008434 00279793 slli             x15, x15, 0x2       x15=00000020 x15:00000008
13078714ns          213228 1c008436 01eee7a3 p.sw             x30, x0(x29)        x30:dead0108 x29:1c01c060  PA:1c01c080
13079032ns          213244 1c00843a 00462783 lw               x15, 4(x12)         x15=00000008 x12:1c01d060  PA:1c01d064
13079350ns          213260 1c00843c 00178793 addi             x15, x15, 1         x15=00000009 x15:00000008
13079370ns          213261 1c00843e 00f62223 sw               x15, 4(x12)         x15:00000009 x12:1c01d060  PA:1c01d064
13079688ns          213277 1c008440 00462783 lw               x15, 4(x12)         x15=00000009 x12:1c01d060  PA:1c01d064
13080006ns          213293 1c008442 00a79463 bne              x15, x10, 8         x15:00000009 x10:00000400
13080086ns          213297 1c00844a 0006a803 lw               x16, 0(x13)         x16=00000008 x13:1c017030  PA:1c017030
13080384ns          213312 1c00844e 0046a783 lw               x15, 4(x13)         x15=00000009 x13:1c017030  PA:1c017034
13080703ns          213328 1c008450 fef80de3 beq              x16, x15, -6        x16:00000008 x15:00000009
13080723ns          213329 1c008454 0006a783 lw               x15, 0(x13)         x15=00000008 x13:1c017030  PA:1c017030
13081041ns          213345 1c008456 00279793 slli             x15, x15, 0x2       x15=00000020 x15:00000008
13081061ns          213346 1c008458 20fb7783 lw               x15, x15(x22)       x15=dead0008 x15:00000020 x22:1c016030  PA:1c016050
13081359ns          213361 1c00845c 0006a783 lw               x15, 0(x13)         x15=00000008 x13:1c017030  PA:1c017030
13081677ns          213377 1c00845e 00178793 addi             x15, x15, 1         x15=00000009 x15:00000008
13081697ns          213378 1c008460 00f6a023 sw               x15, 0(x13)         x15:00000009 x13:1c017030  PA:1c017030
13082015ns          213394 1c008462 0006a783 lw               x15, 0(x13)         x15=00000009 x13:1c017030  PA:1c017030
13082334ns          213410 1c008464 00a79463 bne              x15, x10, 8         x15:00000009 x10:00000400
13082393ns          213413 1c00846c 00072803 lw               x16, 0(x14)         x16=00000008 x14:1c016028  PA:1c016028
13082692ns          213428 1c008470 00472783 lw               x15, 4(x14)         x15=00000009 x14:1c016028  PA:1c01602c
13083010ns          213444 1c008472 fef80de3 beq              x16, x15, -6        x16:00000008 x15:00000009
13083030ns          213445 1c008476 00072783 lw               x15, 0(x14)         x15=00000008 x14:1c016028  PA:1c016028
13083348ns          213461 1c008478 00279793 slli             x15, x15, 0x2       x15=00000020 x15:00000008
13083368ns          213462 1c00847a 20fbf783 lw               x15, x15(x23)       x15=dead0308 x15:00000020 x23:1c015028  PA:1c015048
13083666ns          213477 1c00847e 00072783 lw               x15, 0(x14)         x15=00000008 x14:1c016028  PA:1c016028
13083985ns          213493 1c008480 00178793 addi             x15, x15, 1         x15=00000009 x15:00000008
13084004ns          213494 1c008482 00f72023 sw               x15, 0(x14)         x15:00000009 x14:1c016028  PA:1c016028
13084343ns          213511 1c008484 00072783 lw               x15, 0(x14)         x15=00000009 x14:1c016028  PA:1c016028
13084681ns          213528 1c008486 00a78663 beq              x15, x10, 12        x15:00000009 x10:00000400
13084701ns          213529 1c00848a fff88893 addi             x17, x17, -1        x17=00000017 x17:00000018
13084721ns          213530 1c00848c f60895e3 bne              x17, x0, -150       x17:00000017
13084800ns          213534 1c0083f6 00432f0b p.lw             x30, 4(x6!)         x30=dead0109  x6=10000e60  x6:10000e5c  PA:10000e5c
13084820ns          213535 1c0083fa 0045a783 lw               x15, 4(x11)         x15=00000009 x11:1c014018  PA:1c01401c
13085138ns          213551 1c0083fc 00178793 addi             x15, x15, 1         x15=0000000a x15:00000009
13085158ns          213552 1c0083fe 0aa78363 beq              x15, x10, 166       x15:0000000a x10:00000400
13085178ns          213553 1c008402 0005a803 lw               x16, 0(x11)         x16=00000009 x11:1c014018  PA:1c014018
13085496ns          213569 1c008406 ff078ae3 beq              x15, x16, -12       x15:0000000a x16:00000009
13085516ns          213570 1c00840a 0045a783 lw               x15, 4(x11)         x15=00000009 x11:1c014018  PA:1c01401c
13085854ns          213587 1c00840c 00279793 slli             x15, x15, 0x2       x15=00000024 x15:00000009
13085874ns          213588 1c00840e 01ee67a3 p.sw             x30, x0(x28)        x30:dead0109 x28:1c013018  PA:1c01303c
13086192ns          213604 1c008412 0045a783 lw               x15, 4(x11)         x15=00000009 x11:1c014018  PA:1c01401c
13086511ns          213620 1c008414 00178793 addi             x15, x15, 1         x15=0000000a x15:00000009
13086531ns          213621 1c008416 00f5a223 sw               x15, 4(x11)         x15:0000000a x11:1c014018  PA:1c01401c
13086849ns          213637 1c008418 0045a783 lw               x15, 4(x11)         x15=0000000a x11:1c014018  PA:1c01401c
13087187ns          213654 1c00841a 00a79463 bne              x15, x10, 8         x15:0000000a x10:00000400
13087247ns          213657 1c008422 00462783 lw               x15, 4(x12)         x15=00000009 x12:1c01d060  PA:1c01d064
13087565ns          213673 1c008424 00178793 addi             x15, x15, 1         x15=0000000a x15:00000009
13087585ns          213674 1c008426 06a78c63 beq              x15, x10, 120       x15:0000000a x10:00000400
13087605ns          213675 1c00842a 00062803 lw               x16, 0(x12)         x16=00000009 x12:1c01d060  PA:1c01d060
13087923ns          213691 1c00842e fef80ae3 beq              x16, x15, -12       x16:00000009 x15:0000000a
13087943ns          213692 1c008432 00462783 lw               x15, 4(x12)         x15=00000009 x12:1c01d060  PA:1c01d064
13088261ns          213708 1c008434 00279793 slli             x15, x15, 0x2       x15=00000024 x15:00000009
13088281ns          213709 1c008436 01eee7a3 p.sw             x30, x0(x29)        x30:dead0109 x29:1c01c060  PA:1c01c084
13088599ns          213725 1c00843a 00462783 lw               x15, 4(x12)         x15=00000009 x12:1c01d060  PA:1c01d064
13088917ns          213741 1c00843c 00178793 addi             x15, x15, 1         x15=0000000a x15:00000009
13088937ns          213742 1c00843e 00f62223 sw               x15, 4(x12)         x15:0000000a x12:1c01d060  PA:1c01d064
13089256ns          213758 1c008440 00462783 lw               x15, 4(x12)         x15=0000000a x12:1c01d060  PA:1c01d064
13089574ns          213774 1c008442 00a79463 bne              x15, x10, 8         x15:0000000a x10:00000400
13089653ns          213778 1c00844a 0006a803 lw               x16, 0(x13)         x16=00000009 x13:1c017030  PA:1c017030
13089952ns          213793 1c00844e 0046a783 lw               x15, 4(x13)         x15=0000000a x13:1c017030  PA:1c017034
13090270ns          213809 1c008450 fef80de3 beq              x16, x15, -6        x16:00000009 x15:0000000a
13090290ns          213810 1c008454 0006a783 lw               x15, 0(x13)         x15=00000009 x13:1c017030  PA:1c017030
13090608ns          213826 1c008456 00279793 slli             x15, x15, 0x2       x15=00000024 x15:00000009
13090628ns          213827 1c008458 20fb7783 lw               x15, x15(x22)       x15=dead0009 x15:00000024 x22:1c016030  PA:1c016054
13090926ns          213842 1c00845c 0006a783 lw               x15, 0(x13)         x15=00000009 x13:1c017030  PA:1c017030
13091245ns          213858 1c00845e 00178793 addi             x15, x15, 1         x15=0000000a x15:00000009
13091265ns          213859 1c008460 00f6a023 sw               x15, 0(x13)         x15:0000000a x13:1c017030  PA:1c017030
13091583ns          213875 1c008462 0006a783 lw               x15, 0(x13)         x15=0000000a x13:1c017030  PA:1c017030
13091901ns          213891 1c008464 00a79463 bne              x15, x10, 8         x15:0000000a x10:00000400
13091961ns          213894 1c00846c 00072803 lw               x16, 0(x14)         x16=00000009 x14:1c016028  PA:1c016028
13092259ns          213909 1c008470 00472783 lw               x15, 4(x14)         x15=0000000a x14:1c016028  PA:1c01602c
13092577ns          213925 1c008472 fef80de3 beq              x16, x15, -6        x16:00000009 x15:0000000a
13092597ns          213926 1c008476 00072783 lw               x15, 0(x14)         x15=00000009 x14:1c016028  PA:1c016028
13092916ns          213942 1c008478 00279793 slli             x15, x15, 0x2       x15=00000024 x15:00000009
13092935ns          213943 1c00847a 20fbf783 lw               x15, x15(x23)       x15=dead0309 x15:00000024 x23:1c015028  PA:1c01504c
13093234ns          213958 1c00847e 00072783 lw               x15, 0(x14)         x15=00000009 x14:1c016028  PA:1c016028
13093552ns          213974 1c008480 00178793 addi             x15, x15, 1         x15=0000000a x15:00000009
13093572ns          213975 1c008482 00f72023 sw               x15, 0(x14)         x15:0000000a x14:1c016028  PA:1c016028
13093890ns          213991 1c008484 00072783 lw               x15, 0(x14)         x15=0000000a x14:1c016028  PA:1c016028
13094208ns          214007 1c008486 00a78663 beq              x15, x10, 12        x15:0000000a x10:00000400
13094228ns          214008 1c00848a fff88893 addi             x17, x17, -1        x17=00000016 x17:00000017
13094248ns          214009 1c00848c f60895e3 bne              x17, x0, -150       x17:00000016
13094328ns          214013 1c0083f6 00432f0b p.lw             x30, 4(x6!)         x30=dead010a  x6=10000e64  x6:10000e60  PA:10000e60
13094348ns          214014 1c0083fa 0045a783 lw               x15, 4(x11)         x15=0000000a x11:1c014018  PA:1c01401c
13094666ns          214030 1c0083fc 00178793 addi             x15, x15, 1         x15=0000000b x15:0000000a
13094686ns          214031 1c0083fe 0aa78363 beq              x15, x10, 166       x15:0000000b x10:00000400
13094706ns          214032 1c008402 0005a803 lw               x16, 0(x11)         x16=0000000a x11:1c014018  PA:1c014018
13095024ns          214048 1c008406 ff078ae3 beq              x15, x16, -12       x15:0000000b x16:0000000a
13095044ns          214049 1c00840a 0045a783 lw               x15, 4(x11)         x15=0000000a x11:1c014018  PA:1c01401c
13095362ns          214065 1c00840c 00279793 slli             x15, x15, 0x2       x15=00000028 x15:0000000a
13095382ns          214066 1c00840e 01ee67a3 p.sw             x30, x0(x28)        x30:dead010a x28:1c013018  PA:1c013040
13095700ns          214082 1c008412 0045a783 lw               x15, 4(x11)         x15=0000000a x11:1c014018  PA:1c01401c
13096018ns          214098 1c008414 00178793 addi             x15, x15, 1         x15=0000000b x15:0000000a
13096038ns          214099 1c008416 00f5a223 sw               x15, 4(x11)         x15:0000000b x11:1c014018  PA:1c01401c
13096357ns          214115 1c008418 0045a783 lw               x15, 4(x11)         x15=0000000b x11:1c014018  PA:1c01401c
13096675ns          214131 1c00841a 00a79463 bne              x15, x10, 8         x15:0000000b x10:00000400
13096735ns          214134 1c008422 00462783 lw               x15, 4(x12)         x15=0000000a x12:1c01d060  PA:1c01d064
13097053ns          214150 1c008424 00178793 addi             x15, x15, 1         x15=0000000b x15:0000000a
13097073ns          214151 1c008426 06a78c63 beq              x15, x10, 120       x15:0000000b x10:00000400
13097093ns          214152 1c00842a 00062803 lw               x16, 0(x12)         x16=0000000a x12:1c01d060  PA:1c01d060
13097411ns          214168 1c00842e fef80ae3 beq              x16, x15, -12       x16:0000000a x15:0000000b
13097431ns          214169 1c008432 00462783 lw               x15, 4(x12)         x15=0000000a x12:1c01d060  PA:1c01d064
13097769ns          214186 1c008434 00279793 slli             x15, x15, 0x2       x15=00000028 x15:0000000a
13097789ns          214187 1c008436 01eee7a3 p.sw             x30, x0(x29)        x30:dead010a x29:1c01c060  PA:1c01c088
13098107ns          214203 1c00843a 00462783 lw               x15, 4(x12)         x15=0000000a x12:1c01d060  PA:1c01d064
13098425ns          214219 1c00843c 00178793 addi             x15, x15, 1         x15=0000000b x15:0000000a
13098445ns          214220 1c00843e 00f62223 sw               x15, 4(x12)         x15:0000000b x12:1c01d060  PA:1c01d064
13098763ns          214236 1c008440 00462783 lw               x15, 4(x12)         x15=0000000b x12:1c01d060  PA:1c01d064
13099102ns          214253 1c008442 00a79463 bne              x15, x10, 8         x15:0000000b x10:00000400
13099181ns          214257 1c00844a 0006a803 lw               x16, 0(x13)         x16=0000000a x13:1c017030  PA:1c017030
13099479ns          214272 1c00844e 0046a783 lw               x15, 4(x13)         x15=0000000b x13:1c017030  PA:1c017034
13099798ns          214288 1c008450 fef80de3 beq              x16, x15, -6        x16:0000000a x15:0000000b
13099818ns          214289 1c008454 0006a783 lw               x15, 0(x13)         x15=0000000a x13:1c017030  PA:1c017030
13100136ns          214305 1c008456 00279793 slli             x15, x15, 0x2       x15=00000028 x15:0000000a
13100156ns          214306 1c008458 20fb7783 lw               x15, x15(x22)       x15=dead000a x15:00000028 x22:1c016030  PA:1c016058
13100474ns          214322 1c00845c 0006a783 lw               x15, 0(x13)         x15=0000000a x13:1c017030  PA:1c017030
13100792ns          214338 1c00845e 00178793 addi             x15, x15, 1         x15=0000000b x15:0000000a
13100812ns          214339 1c008460 00f6a023 sw               x15, 0(x13)         x15:0000000b x13:1c017030  PA:1c017030
13101130ns          214355 1c008462 0006a783 lw               x15, 0(x13)         x15=0000000b x13:1c017030  PA:1c017030
13101449ns          214371 1c008464 00a79463 bne              x15, x10, 8         x15:0000000b x10:00000400
13101508ns          214374 1c00846c 00072803 lw               x16, 0(x14)         x16=0000000a x14:1c016028  PA:1c016028
13101827ns          214390 1c008470 00472783 lw               x15, 4(x14)         x15=0000000b x14:1c016028  PA:1c01602c
13102145ns          214406 1c008472 fef80de3 beq              x16, x15, -6        x16:0000000a x15:0000000b
13102165ns          214407 1c008476 00072783 lw               x15, 0(x14)         x15=0000000a x14:1c016028  PA:1c016028
13102483ns          214423 1c008478 00279793 slli             x15, x15, 0x2       x15=00000028 x15:0000000a
13102503ns          214424 1c00847a 20fbf783 lw               x15, x15(x23)       x15=dead030a x15:00000028 x23:1c015028  PA:1c015050
13102801ns          214439 1c00847e 00072783 lw               x15, 0(x14)         x15=0000000a x14:1c016028  PA:1c016028
13103139ns          214456 1c008480 00178793 addi             x15, x15, 1         x15=0000000b x15:0000000a
13103159ns          214457 1c008482 00f72023 sw               x15, 0(x14)         x15:0000000b x14:1c016028  PA:1c016028
13103478ns          214473 1c008484 00072783 lw               x15, 0(x14)         x15=0000000b x14:1c016028  PA:1c016028
13103796ns          214489 1c008486 00a78663 beq              x15, x10, 12        x15:0000000b x10:00000400
13103816ns          214490 1c00848a fff88893 addi             x17, x17, -1        x17=00000015 x17:00000016
13103836ns          214491 1c00848c f60895e3 bne              x17, x0, -150       x17:00000015
13103915ns          214495 1c0083f6 00432f0b p.lw             x30, 4(x6!)         x30=dead010b  x6=10000e68  x6:10000e64  PA:10000e64
13103935ns          214496 1c0083fa 0045a783 lw               x15, 4(x11)         x15=0000000b x11:1c014018  PA:1c01401c
13104253ns          214512 1c0083fc 00178793 addi             x15, x15, 1         x15=0000000c x15:0000000b
13104273ns          214513 1c0083fe 0aa78363 beq              x15, x10, 166       x15:0000000c x10:00000400
13104293ns          214514 1c008402 0005a803 lw               x16, 0(x11)         x16=0000000b x11:1c014018  PA:1c014018
13104611ns          214530 1c008406 ff078ae3 beq              x15, x16, -12       x15:0000000c x16:0000000b
13104631ns          214531 1c00840a 0045a783 lw               x15, 4(x11)         x15=0000000b x11:1c014018  PA:1c01401c
13104949ns          214547 1c00840c 00279793 slli             x15, x15, 0x2       x15=0000002c x15:0000000b
13104969ns          214548 1c00840e 01ee67a3 p.sw             x30, x0(x28)        x30:dead010b x28:1c013018  PA:1c013044
13105288ns          214564 1c008412 0045a783 lw               x15, 4(x11)         x15=0000000b x11:1c014018  PA:1c01401c
13105606ns          214580 1c008414 00178793 addi             x15, x15, 1         x15=0000000c x15:0000000b
13105626ns          214581 1c008416 00f5a223 sw               x15, 4(x11)         x15:0000000c x11:1c014018  PA:1c01401c
13105944ns          214597 1c008418 0045a783 lw               x15, 4(x11)         x15=0000000c x11:1c014018  PA:1c01401c
13106262ns          214613 1c00841a 00a79463 bne              x15, x10, 8         x15:0000000c x10:00000400
13106322ns          214616 1c008422 00462783 lw               x15, 4(x12)         x15=0000000b x12:1c01d060  PA:1c01d064
13106640ns          214632 1c008424 00178793 addi             x15, x15, 1         x15=0000000c x15:0000000b
13106660ns          214633 1c008426 06a78c63 beq              x15, x10, 120       x15:0000000c x10:00000400
13106680ns          214634 1c00842a 00062803 lw               x16, 0(x12)         x16=0000000b x12:1c01d060  PA:1c01d060
13106998ns          214650 1c00842e fef80ae3 beq              x16, x15, -12       x16:0000000b x15:0000000c
13107018ns          214651 1c008432 00462783 lw               x15, 4(x12)         x15=0000000b x12:1c01d060  PA:1c01d064
13107336ns          214667 1c008434 00279793 slli             x15, x15, 0x2       x15=0000002c x15:0000000b
13107356ns          214668 1c008436 01eee7a3 p.sw             x30, x0(x29)        x30:dead010b x29:1c01c060  PA:1c01c08c
13107674ns          214684 1c00843a 00462783 lw               x15, 4(x12)         x15=0000000b x12:1c01d060  PA:1c01d064
13107993ns          214700 1c00843c 00178793 addi             x15, x15, 1         x15=0000000c x15:0000000b
13108013ns          214701 1c00843e 00f62223 sw               x15, 4(x12)         x15:0000000c x12:1c01d060  PA:1c01d064
13108331ns          214717 1c008440 00462783 lw               x15, 4(x12)         x15=0000000c x12:1c01d060  PA:1c01d064
13108649ns          214733 1c008442 00a79463 bne              x15, x10, 8         x15:0000000c x10:00000400
13108729ns          214737 1c00844a 0006a803 lw               x16, 0(x13)         x16=0000000b x13:1c017030  PA:1c017030
13109027ns          214752 1c00844e 0046a783 lw               x15, 4(x13)         x15=0000000c x13:1c017030  PA:1c017034
13109345ns          214768 1c008450 fef80de3 beq              x16, x15, -6        x16:0000000b x15:0000000c
13109365ns          214769 1c008454 0006a783 lw               x15, 0(x13)         x15=0000000b x13:1c017030  PA:1c017030
13109683ns          214785 1c008456 00279793 slli             x15, x15, 0x2       x15=0000002c x15:0000000b
13109703ns          214786 1c008458 20fb7783 lw               x15, x15(x22)       x15=dead000b x15:0000002c x22:1c016030  PA:1c01605c
13110002ns          214801 1c00845c 0006a783 lw               x15, 0(x13)         x15=0000000b x13:1c017030  PA:1c017030
13110320ns          214817 1c00845e 00178793 addi             x15, x15, 1         x15=0000000c x15:0000000b
13110340ns          214818 1c008460 00f6a023 sw               x15, 0(x13)         x15:0000000c x13:1c017030  PA:1c017030
13110658ns          214834 1c008462 0006a783 lw               x15, 0(x13)         x15=0000000c x13:1c017030  PA:1c017030
13110976ns          214850 1c008464 00a79463 bne              x15, x10, 8         x15:0000000c x10:00000400
13111036ns          214853 1c00846c 00072803 lw               x16, 0(x14)         x16=0000000b x14:1c016028  PA:1c016028
13111334ns          214868 1c008470 00472783 lw               x15, 4(x14)         x15=0000000c x14:1c016028  PA:1c01602c
13111653ns          214884 1c008472 fef80de3 beq              x16, x15, -6        x16:0000000b x15:0000000c
13111673ns          214885 1c008476 00072783 lw               x15, 0(x14)         x15=0000000b x14:1c016028  PA:1c016028
13111991ns          214901 1c008478 00279793 slli             x15, x15, 0x2       x15=0000002c x15:0000000b
13112011ns          214902 1c00847a 20fbf783 lw               x15, x15(x23)       x15=dead030b x15:0000002c x23:1c015028  PA:1c015054
13112309ns          214917 1c00847e 00072783 lw               x15, 0(x14)         x15=0000000b x14:1c016028  PA:1c016028
13112627ns          214933 1c008480 00178793 addi             x15, x15, 1         x15=0000000c x15:0000000b
13112647ns          214934 1c008482 00f72023 sw               x15, 0(x14)         x15:0000000c x14:1c016028  PA:1c016028
13112965ns          214950 1c008484 00072783 lw               x15, 0(x14)         x15=0000000c x14:1c016028  PA:1c016028
13113304ns          214967 1c008486 00a78663 beq              x15, x10, 12        x15:0000000c x10:00000400
13113323ns          214968 1c00848a fff88893 addi             x17, x17, -1        x17=00000014 x17:00000015
13113343ns          214969 1c00848c f60895e3 bne              x17, x0, -150       x17:00000014
13113423ns          214973 1c0083f6 00432f0b p.lw             x30, 4(x6!)         x30=dead010c  x6=10000e6c  x6:10000e68  PA:10000e68
13113443ns          214974 1c0083fa 0045a783 lw               x15, 4(x11)         x15=0000000c x11:1c014018  PA:1c01401c
13113781ns          214991 1c0083fc 00178793 addi             x15, x15, 1         x15=0000000d x15:0000000c
13113801ns          214992 1c0083fe 0aa78363 beq              x15, x10, 166       x15:0000000d x10:00000400
13113821ns          214993 1c008402 0005a803 lw               x16, 0(x11)         x16=0000000c x11:1c014018  PA:1c014018
13114139ns          215009 1c008406 ff078ae3 beq              x15, x16, -12       x15:0000000d x16:0000000c
13114159ns          215010 1c00840a 0045a783 lw               x15, 4(x11)         x15=0000000c x11:1c014018  PA:1c01401c
13114477ns          215026 1c00840c 00279793 slli             x15, x15, 0x2       x15=00000030 x15:0000000c
13114497ns          215027 1c00840e 01ee67a3 p.sw             x30, x0(x28)        x30:dead010c x28:1c013018  PA:1c013048
13114815ns          215043 1c008412 0045a783 lw               x15, 4(x11)         x15=0000000c x11:1c014018  PA:1c01401c
13115153ns          215060 1c008414 00178793 addi             x15, x15, 1         x15=0000000d x15:0000000c
13115173ns          215061 1c008416 00f5a223 sw               x15, 4(x11)         x15:0000000d x11:1c014018  PA:1c01401c
13115492ns          215077 1c008418 0045a783 lw               x15, 4(x11)         x15=0000000d x11:1c014018  PA:1c01401c
13115810ns          215093 1c00841a 00a79463 bne              x15, x10, 8         x15:0000000d x10:00000400
13115869ns          215096 1c008422 00462783 lw               x15, 4(x12)         x15=0000000c x12:1c01d060  PA:1c01d064
13116188ns          215112 1c008424 00178793 addi             x15, x15, 1         x15=0000000d x15:0000000c
13116208ns          215113 1c008426 06a78c63 beq              x15, x10, 120       x15:0000000d x10:00000400
13116227ns          215114 1c00842a 00062803 lw               x16, 0(x12)         x16=0000000c x12:1c01d060  PA:1c01d060
13116546ns          215130 1c00842e fef80ae3 beq              x16, x15, -12       x16:0000000c x15:0000000d
13116566ns          215131 1c008432 00462783 lw               x15, 4(x12)         x15=0000000c x12:1c01d060  PA:1c01d064
13116884ns          215147 1c008434 00279793 slli             x15, x15, 0x2       x15=00000030 x15:0000000c
13116904ns          215148 1c008436 01eee7a3 p.sw             x30, x0(x29)        x30:dead010c x29:1c01c060  PA:1c01c090
13117222ns          215164 1c00843a 00462783 lw               x15, 4(x12)         x15=0000000c x12:1c01d060  PA:1c01d064
13117540ns          215180 1c00843c 00178793 addi             x15, x15, 1         x15=0000000d x15:0000000c
13117560ns          215181 1c00843e 00f62223 sw               x15, 4(x12)         x15:0000000d x12:1c01d060  PA:1c01d064
13117878ns          215197 1c008440 00462783 lw               x15, 4(x12)         x15=0000000d x12:1c01d060  PA:1c01d064
13118197ns          215213 1c008442 00a79463 bne              x15, x10, 8         x15:0000000d x10:00000400
13118276ns          215217 1c00844a 0006a803 lw               x16, 0(x13)         x16=0000000c x13:1c017030  PA:1c017030
13118575ns          215232 1c00844e 0046a783 lw               x15, 4(x13)         x15=0000000d x13:1c017030  PA:1c017034
13118893ns          215248 1c008450 fef80de3 beq              x16, x15, -6        x16:0000000c x15:0000000d
13118913ns          215249 1c008454 0006a783 lw               x15, 0(x13)         x15=0000000c x13:1c017030  PA:1c017030
13119231ns          215265 1c008456 00279793 slli             x15, x15, 0x2       x15=00000030 x15:0000000c
13119251ns          215266 1c008458 20fb7783 lw               x15, x15(x22)       x15=dead000c x15:00000030 x22:1c016030  PA:1c016060
13119549ns          215281 1c00845c 0006a783 lw               x15, 0(x13)         x15=0000000c x13:1c017030  PA:1c017030
13119868ns          215297 1c00845e 00178793 addi             x15, x15, 1         x15=0000000d x15:0000000c
13119887ns          215298 1c008460 00f6a023 sw               x15, 0(x13)         x15:0000000d x13:1c017030  PA:1c017030
13120206ns          215314 1c008462 0006a783 lw               x15, 0(x13)         x15=0000000d x13:1c017030  PA:1c017030
13120524ns          215330 1c008464 00a79463 bne              x15, x10, 8         x15:0000000d x10:00000400
13120584ns          215333 1c00846c 00072803 lw               x16, 0(x14)         x16=0000000c x14:1c016028  PA:1c016028
13120882ns          215348 1c008470 00472783 lw               x15, 4(x14)         x15=0000000d x14:1c016028  PA:1c01602c
13121200ns          215364 1c008472 fef80de3 beq              x16, x15, -6        x16:0000000c x15:0000000d
13121220ns          215365 1c008476 00072783 lw               x15, 0(x14)         x15=0000000c x14:1c016028  PA:1c016028
13121538ns          215381 1c008478 00279793 slli             x15, x15, 0x2       x15=00000030 x15:0000000c
13121558ns          215382 1c00847a 20fbf783 lw               x15, x15(x23)       x15=dead030c x15:00000030 x23:1c015028  PA:1c015058
13121857ns          215397 1c00847e 00072783 lw               x15, 0(x14)         x15=0000000c x14:1c016028  PA:1c016028
13122175ns          215413 1c008480 00178793 addi             x15, x15, 1         x15=0000000d x15:0000000c
13122195ns          215414 1c008482 00f72023 sw               x15, 0(x14)         x15:0000000d x14:1c016028  PA:1c016028
13122513ns          215430 1c008484 00072783 lw               x15, 0(x14)         x15=0000000d x14:1c016028  PA:1c016028
13122831ns          215446 1c008486 00a78663 beq              x15, x10, 12        x15:0000000d x10:00000400
13122851ns          215447 1c00848a fff88893 addi             x17, x17, -1        x17=00000013 x17:00000014
13122871ns          215448 1c00848c f60895e3 bne              x17, x0, -150       x17:00000013
13122951ns          215452 1c0083f6 00432f0b p.lw             x30, 4(x6!)         x30=dead010d  x6=10000e70  x6:10000e6c  PA:10000e6c
13122970ns          215453 1c0083fa 0045a783 lw               x15, 4(x11)         x15=0000000d x11:1c014018  PA:1c01401c
13123289ns          215469 1c0083fc 00178793 addi             x15, x15, 1         x15=0000000e x15:0000000d
13123309ns          215470 1c0083fe 0aa78363 beq              x15, x10, 166       x15:0000000e x10:00000400
13123328ns          215471 1c008402 0005a803 lw               x16, 0(x11)         x16=0000000d x11:1c014018  PA:1c014018
13123647ns          215487 1c008406 ff078ae3 beq              x15, x16, -12       x15:0000000e x16:0000000d
13123667ns          215488 1c00840a 0045a783 lw               x15, 4(x11)         x15=0000000d x11:1c014018  PA:1c01401c
13123985ns          215504 1c00840c 00279793 slli             x15, x15, 0x2       x15=00000034 x15:0000000d
13124005ns          215505 1c00840e 01ee67a3 p.sw             x30, x0(x28)        x30:dead010d x28:1c013018  PA:1c01304c
13124323ns          215521 1c008412 0045a783 lw               x15, 4(x11)         x15=0000000d x11:1c014018  PA:1c01401c
13124641ns          215537 1c008414 00178793 addi             x15, x15, 1         x15=0000000e x15:0000000d
13124661ns          215538 1c008416 00f5a223 sw               x15, 4(x11)         x15:0000000e x11:1c014018  PA:1c01401c
13124979ns          215554 1c008418 0045a783 lw               x15, 4(x11)         x15=0000000e x11:1c014018  PA:1c01401c
13125298ns          215570 1c00841a 00a79463 bne              x15, x10, 8         x15:0000000e x10:00000400
13125357ns          215573 1c008422 00462783 lw               x15, 4(x12)         x15=0000000d x12:1c01d060  PA:1c01d064
13125676ns          215589 1c008424 00178793 addi             x15, x15, 1         x15=0000000e x15:0000000d
13125695ns          215590 1c008426 06a78c63 beq              x15, x10, 120       x15:0000000e x10:00000400
13125715ns          215591 1c00842a 00062803 lw               x16, 0(x12)         x16=0000000d x12:1c01d060  PA:1c01d060
13126034ns          215607 1c00842e fef80ae3 beq              x16, x15, -12       x16:0000000d x15:0000000e
13126054ns          215608 1c008432 00462783 lw               x15, 4(x12)         x15=0000000d x12:1c01d060  PA:1c01d064
13126372ns          215624 1c008434 00279793 slli             x15, x15, 0x2       x15=00000034 x15:0000000d
13126392ns          215625 1c008436 01eee7a3 p.sw             x30, x0(x29)        x30:dead010d x29:1c01c060  PA:1c01c094
13126710ns          215641 1c00843a 00462783 lw               x15, 4(x12)         x15=0000000d x12:1c01d060  PA:1c01d064
13127028ns          215657 1c00843c 00178793 addi             x15, x15, 1         x15=0000000e x15:0000000d
13127048ns          215658 1c00843e 00f62223 sw               x15, 4(x12)         x15:0000000e x12:1c01d060  PA:1c01d064
13127366ns          215674 1c008440 00462783 lw               x15, 4(x12)         x15=0000000e x12:1c01d060  PA:1c01d064
13127685ns          215690 1c008442 00a79463 bne              x15, x10, 8         x15:0000000e x10:00000400
13127764ns          215694 1c00844a 0006a803 lw               x16, 0(x13)         x16=0000000d x13:1c017030  PA:1c017030
13128062ns          215709 1c00844e 0046a783 lw               x15, 4(x13)         x15=0000000e x13:1c017030  PA:1c017034
13128401ns          215726 1c008450 fef80de3 beq              x16, x15, -6        x16:0000000d x15:0000000e
13128421ns          215727 1c008454 0006a783 lw               x15, 0(x13)         x15=0000000d x13:1c017030  PA:1c017030
13128739ns          215743 1c008456 00279793 slli             x15, x15, 0x2       x15=00000034 x15:0000000d
13128759ns          215744 1c008458 20fb7783 lw               x15, x15(x22)       x15=dead000d x15:00000034 x22:1c016030  PA:1c016064
13129057ns          215759 1c00845c 0006a783 lw               x15, 0(x13)         x15=0000000d x13:1c017030  PA:1c017030
13129375ns          215775 1c00845e 00178793 addi             x15, x15, 1         x15=0000000e x15:0000000d
13129395ns          215776 1c008460 00f6a023 sw               x15, 0(x13)         x15:0000000e x13:1c017030  PA:1c017030
13129733ns          215793 1c008462 0006a783 lw               x15, 0(x13)         x15=0000000e x13:1c017030  PA:1c017030
13130052ns          215809 1c008464 00a79463 bne              x15, x10, 8         x15:0000000e x10:00000400
13130111ns          215812 1c00846c 00072803 lw               x16, 0(x14)         x16=0000000d x14:1c016028  PA:1c016028
13130410ns          215827 1c008470 00472783 lw               x15, 4(x14)         x15=0000000e x14:1c016028  PA:1c01602c
13130728ns          215843 1c008472 fef80de3 beq              x16, x15, -6        x16:0000000d x15:0000000e
13130748ns          215844 1c008476 00072783 lw               x15, 0(x14)         x15=0000000d x14:1c016028  PA:1c016028
13131086ns          215861 1c008478 00279793 slli             x15, x15, 0x2       x15=00000034 x15:0000000d
13131106ns          215862 1c00847a 20fbf783 lw               x15, x15(x23)       x15=dead030d x15:00000034 x23:1c015028  PA:1c01505c
13131404ns          215877 1c00847e 00072783 lw               x15, 0(x14)         x15=0000000d x14:1c016028  PA:1c016028
13131722ns          215893 1c008480 00178793 addi             x15, x15, 1         x15=0000000e x15:0000000d
13131742ns          215894 1c008482 00f72023 sw               x15, 0(x14)         x15:0000000e x14:1c016028  PA:1c016028
13132061ns          215910 1c008484 00072783 lw               x15, 0(x14)         x15=0000000e x14:1c016028  PA:1c016028
13132399ns          215927 1c008486 00a78663 beq              x15, x10, 12        x15:0000000e x10:00000400
13132419ns          215928 1c00848a fff88893 addi             x17, x17, -1        x17=00000012 x17:00000013
13132438ns          215929 1c00848c f60895e3 bne              x17, x0, -150       x17:00000012
13132518ns          215933 1c0083f6 00432f0b p.lw             x30, 4(x6!)         x30=dead010e  x6=10000e74  x6:10000e70  PA:10000e70
13132538ns          215934 1c0083fa 0045a783 lw               x15, 4(x11)         x15=0000000e x11:1c014018  PA:1c01401c
13132856ns          215950 1c0083fc 00178793 addi             x15, x15, 1         x15=0000000f x15:0000000e
13132876ns          215951 1c0083fe 0aa78363 beq              x15, x10, 166       x15:0000000f x10:00000400
13132896ns          215952 1c008402 0005a803 lw               x16, 0(x11)         x16=0000000e x11:1c014018  PA:1c014018
13133214ns          215968 1c008406 ff078ae3 beq              x15, x16, -12       x15:0000000f x16:0000000e
13133234ns          215969 1c00840a 0045a783 lw               x15, 4(x11)         x15=0000000e x11:1c014018  PA:1c01401c
13133552ns          215985 1c00840c 00279793 slli             x15, x15, 0x2       x15=00000038 x15:0000000e
13133572ns          215986 1c00840e 01ee67a3 p.sw             x30, x0(x28)        x30:dead010e x28:1c013018  PA:1c013050
13133890ns          216002 1c008412 0045a783 lw               x15, 4(x11)         x15=0000000e x11:1c014018  PA:1c01401c
13134209ns          216018 1c008414 00178793 addi             x15, x15, 1         x15=0000000f x15:0000000e
13134229ns          216019 1c008416 00f5a223 sw               x15, 4(x11)         x15:0000000f x11:1c014018  PA:1c01401c
13134547ns          216035 1c008418 0045a783 lw               x15, 4(x11)         x15=0000000f x11:1c014018  PA:1c01401c
13134865ns          216051 1c00841a 00a79463 bne              x15, x10, 8         x15:0000000f x10:00000400
13134925ns          216054 1c008422 00462783 lw               x15, 4(x12)         x15=0000000e x12:1c01d060  PA:1c01d064
13135243ns          216070 1c008424 00178793 addi             x15, x15, 1         x15=0000000f x15:0000000e
13135263ns          216071 1c008426 06a78c63 beq              x15, x10, 120       x15:0000000f x10:00000400
13135283ns          216072 1c00842a 00062803 lw               x16, 0(x12)         x16=0000000e x12:1c01d060  PA:1c01d060
13135601ns          216088 1c00842e fef80ae3 beq              x16, x15, -12       x16:0000000e x15:0000000f
13135621ns          216089 1c008432 00462783 lw               x15, 4(x12)         x15=0000000e x12:1c01d060  PA:1c01d064
13135939ns          216105 1c008434 00279793 slli             x15, x15, 0x2       x15=00000038 x15:0000000e
13135959ns          216106 1c008436 01eee7a3 p.sw             x30, x0(x29)        x30:dead010e x29:1c01c060  PA:1c01c098
13136277ns          216122 1c00843a 00462783 lw               x15, 4(x12)         x15=0000000e x12:1c01d060  PA:1c01d064
13136596ns          216138 1c00843c 00178793 addi             x15, x15, 1         x15=0000000f x15:0000000e
13136616ns          216139 1c00843e 00f62223 sw               x15, 4(x12)         x15:0000000f x12:1c01d060  PA:1c01d064
13136934ns          216155 1c008440 00462783 lw               x15, 4(x12)         x15=0000000f x12:1c01d060  PA:1c01d064
13137252ns          216171 1c008442 00a79463 bne              x15, x10, 8         x15:0000000f x10:00000400
13137332ns          216175 1c00844a 0006a803 lw               x16, 0(x13)         x16=0000000e x13:1c017030  PA:1c017030
13137630ns          216190 1c00844e 0046a783 lw               x15, 4(x13)         x15=0000000f x13:1c017030  PA:1c017034
13137948ns          216206 1c008450 fef80de3 beq              x16, x15, -6        x16:0000000e x15:0000000f
13137968ns          216207 1c008454 0006a783 lw               x15, 0(x13)         x15=0000000e x13:1c017030  PA:1c017030
13138286ns          216223 1c008456 00279793 slli             x15, x15, 0x2       x15=00000038 x15:0000000e
13138306ns          216224 1c008458 20fb7783 lw               x15, x15(x22)       x15=dead000e x15:00000038 x22:1c016030  PA:1c016068
13138605ns          216239 1c00845c 0006a783 lw               x15, 0(x13)         x15=0000000e x13:1c017030  PA:1c017030
13138923ns          216255 1c00845e 00178793 addi             x15, x15, 1         x15=0000000f x15:0000000e
13138943ns          216256 1c008460 00f6a023 sw               x15, 0(x13)         x15:0000000f x13:1c017030  PA:1c017030
13139261ns          216272 1c008462 0006a783 lw               x15, 0(x13)         x15=0000000f x13:1c017030  PA:1c017030
13139579ns          216288 1c008464 00a79463 bne              x15, x10, 8         x15:0000000f x10:00000400
13139639ns          216291 1c00846c 00072803 lw               x16, 0(x14)         x16=0000000e x14:1c016028  PA:1c016028
13139937ns          216306 1c008470 00472783 lw               x15, 4(x14)         x15=0000000f x14:1c016028  PA:1c01602c
13140256ns          216322 1c008472 fef80de3 beq              x16, x15, -6        x16:0000000e x15:0000000f
13140275ns          216323 1c008476 00072783 lw               x15, 0(x14)         x15=0000000e x14:1c016028  PA:1c016028
13140594ns          216339 1c008478 00279793 slli             x15, x15, 0x2       x15=00000038 x15:0000000e
13140614ns          216340 1c00847a 20fbf783 lw               x15, x15(x23)       x15=dead030e x15:00000038 x23:1c015028  PA:1c015060
13140912ns          216355 1c00847e 00072783 lw               x15, 0(x14)         x15=0000000e x14:1c016028  PA:1c016028
13141250ns          216372 1c008480 00178793 addi             x15, x15, 1         x15=0000000f x15:0000000e
13141270ns          216373 1c008482 00f72023 sw               x15, 0(x14)         x15:0000000f x14:1c016028  PA:1c016028
13141608ns          216390 1c008484 00072783 lw               x15, 0(x14)         x15=0000000f x14:1c016028  PA:1c016028
13141946ns          216407 1c008486 00a78663 beq              x15, x10, 12        x15:0000000f x10:00000400
13141966ns          216408 1c00848a fff88893 addi             x17, x17, -1        x17=00000011 x17:00000012
13141986ns          216409 1c00848c f60895e3 bne              x17, x0, -150       x17:00000011
13142066ns          216413 1c0083f6 00432f0b p.lw             x30, 4(x6!)         x30=dead010f  x6=10000e78  x6:10000e74  PA:10000e74
13142085ns          216414 1c0083fa 0045a783 lw               x15, 4(x11)         x15=0000000f x11:1c014018  PA:1c01401c
13142404ns          216430 1c0083fc 00178793 addi             x15, x15, 1         x15=00000010 x15:0000000f
13142424ns          216431 1c0083fe 0aa78363 beq              x15, x10, 166       x15:00000010 x10:00000400
13142444ns          216432 1c008402 0005a803 lw               x16, 0(x11)         x16=0000000f x11:1c014018  PA:1c014018
13142762ns          216448 1c008406 ff078ae3 beq              x15, x16, -12       x15:00000010 x16:0000000f
13142782ns          216449 1c00840a 0045a783 lw               x15, 4(x11)         x15=0000000f x11:1c014018  PA:1c01401c
13143120ns          216466 1c00840c 00279793 slli             x15, x15, 0x2       x15=0000003c x15:0000000f
13143140ns          216467 1c00840e 01ee67a3 p.sw             x30, x0(x28)        x30:dead010f x28:1c013018  PA:1c013054
13143458ns          216483 1c008412 0045a783 lw               x15, 4(x11)         x15=0000000f x11:1c014018  PA:1c01401c
13143776ns          216499 1c008414 00178793 addi             x15, x15, 1         x15=00000010 x15:0000000f
13143796ns          216500 1c008416 00f5a223 sw               x15, 4(x11)         x15:00000010 x11:1c014018  PA:1c01401c
13144114ns          216516 1c008418 0045a783 lw               x15, 4(x11)         x15=00000010 x11:1c014018  PA:1c01401c
13144452ns          216533 1c00841a 00a79463 bne              x15, x10, 8         x15:00000010 x10:00000400
13144512ns          216536 1c008422 00462783 lw               x15, 4(x12)         x15=0000000f x12:1c01d060  PA:1c01d064
13144830ns          216552 1c008424 00178793 addi             x15, x15, 1         x15=00000010 x15:0000000f
13144850ns          216553 1c008426 06a78c63 beq              x15, x10, 120       x15:00000010 x10:00000400
13144870ns          216554 1c00842a 00062803 lw               x16, 0(x12)         x16=0000000f x12:1c01d060  PA:1c01d060
13145188ns          216570 1c00842e fef80ae3 beq              x16, x15, -12       x16:0000000f x15:00000010
13145208ns          216571 1c008432 00462783 lw               x15, 4(x12)         x15=0000000f x12:1c01d060  PA:1c01d064
13145527ns          216587 1c008434 00279793 slli             x15, x15, 0x2       x15=0000003c x15:0000000f
13145546ns          216588 1c008436 01eee7a3 p.sw             x30, x0(x29)        x30:dead010f x29:1c01c060  PA:1c01c09c
13145865ns          216604 1c00843a 00462783 lw               x15, 4(x12)         x15=0000000f x12:1c01d060  PA:1c01d064
13146183ns          216620 1c00843c 00178793 addi             x15, x15, 1         x15=00000010 x15:0000000f
13146203ns          216621 1c00843e 00f62223 sw               x15, 4(x12)         x15:00000010 x12:1c01d060  PA:1c01d064
13146521ns          216637 1c008440 00462783 lw               x15, 4(x12)         x15=00000010 x12:1c01d060  PA:1c01d064
13146839ns          216653 1c008442 00a79463 bne              x15, x10, 8         x15:00000010 x10:00000400
13146919ns          216657 1c00844a 0006a803 lw               x16, 0(x13)         x16=0000000f x13:1c017030  PA:1c017030
13147217ns          216672 1c00844e 0046a783 lw               x15, 4(x13)         x15=00000010 x13:1c017030  PA:1c017034
13147536ns          216688 1c008450 fef80de3 beq              x16, x15, -6        x16:0000000f x15:00000010
13147555ns          216689 1c008454 0006a783 lw               x15, 0(x13)         x15=0000000f x13:1c017030  PA:1c017030
13147874ns          216705 1c008456 00279793 slli             x15, x15, 0x2       x15=0000003c x15:0000000f
13147894ns          216706 1c008458 20fb7783 lw               x15, x15(x22)       x15=dead000f x15:0000003c x22:1c016030  PA:1c01606c
13148192ns          216721 1c00845c 0006a783 lw               x15, 0(x13)         x15=0000000f x13:1c017030  PA:1c017030
13148510ns          216737 1c00845e 00178793 addi             x15, x15, 1         x15=00000010 x15:0000000f
13148530ns          216738 1c008460 00f6a023 sw               x15, 0(x13)         x15:00000010 x13:1c017030  PA:1c017030
13148848ns          216754 1c008462 0006a783 lw               x15, 0(x13)         x15=00000010 x13:1c017030  PA:1c017030
13149167ns          216770 1c008464 00a79463 bne              x15, x10, 8         x15:00000010 x10:00000400
13149226ns          216773 1c00846c 00072803 lw               x16, 0(x14)         x16=0000000f x14:1c016028  PA:1c016028
13149525ns          216788 1c008470 00472783 lw               x15, 4(x14)         x15=00000010 x14:1c016028  PA:1c01602c
13149843ns          216804 1c008472 fef80de3 beq              x16, x15, -6        x16:0000000f x15:00000010
13149863ns          216805 1c008476 00072783 lw               x15, 0(x14)         x15=0000000f x14:1c016028  PA:1c016028
13150181ns          216821 1c008478 00279793 slli             x15, x15, 0x2       x15=0000003c x15:0000000f
13150201ns          216822 1c00847a 20fbf783 lw               x15, x15(x23)       x15=dead030f x15:0000003c x23:1c015028  PA:1c015064
13150499ns          216837 1c00847e 00072783 lw               x15, 0(x14)         x15=0000000f x14:1c016028  PA:1c016028
13150818ns          216853 1c008480 00178793 addi             x15, x15, 1         x15=00000010 x15:0000000f
13150837ns          216854 1c008482 00f72023 sw               x15, 0(x14)         x15:00000010 x14:1c016028  PA:1c016028
13151156ns          216870 1c008484 00072783 lw               x15, 0(x14)         x15=00000010 x14:1c016028  PA:1c016028
13151474ns          216886 1c008486 00a78663 beq              x15, x10, 12        x15:00000010 x10:00000400
13151494ns          216887 1c00848a fff88893 addi             x17, x17, -1        x17=00000010 x17:00000011
13151514ns          216888 1c00848c f60895e3 bne              x17, x0, -150       x17:00000010
13151593ns          216892 1c0083f6 00432f0b p.lw             x30, 4(x6!)         x30=dead0110  x6=10000e7c  x6:10000e78  PA:10000e78
13151613ns          216893 1c0083fa 0045a783 lw               x15, 4(x11)         x15=00000010 x11:1c014018  PA:1c01401c
13151931ns          216909 1c0083fc 00178793 addi             x15, x15, 1         x15=00000011 x15:00000010
13151951ns          216910 1c0083fe 0aa78363 beq              x15, x10, 166       x15:00000011 x10:00000400
13151971ns          216911 1c008402 0005a803 lw               x16, 0(x11)         x16=00000010 x11:1c014018  PA:1c014018
13152289ns          216927 1c008406 ff078ae3 beq              x15, x16, -12       x15:00000011 x16:00000010
13152309ns          216928 1c00840a 0045a783 lw               x15, 4(x11)         x15=00000010 x11:1c014018  PA:1c01401c
13152628ns          216944 1c00840c 00279793 slli             x15, x15, 0x2       x15=00000040 x15:00000010
13152647ns          216945 1c00840e 01ee67a3 p.sw             x30, x0(x28)        x30:dead0110 x28:1c013018  PA:1c013058
13152966ns          216961 1c008412 0045a783 lw               x15, 4(x11)         x15=00000010 x11:1c014018  PA:1c01401c
13153284ns          216977 1c008414 00178793 addi             x15, x15, 1         x15=00000011 x15:00000010
13153304ns          216978 1c008416 00f5a223 sw               x15, 4(x11)         x15:00000011 x11:1c014018  PA:1c01401c
13153622ns          216994 1c008418 0045a783 lw               x15, 4(x11)         x15=00000011 x11:1c014018  PA:1c01401c
13153940ns          217010 1c00841a 00a79463 bne              x15, x10, 8         x15:00000011 x10:00000400
13154000ns          217013 1c008422 00462783 lw               x15, 4(x12)         x15=00000010 x12:1c01d060  PA:1c01d064
13154318ns          217029 1c008424 00178793 addi             x15, x15, 1         x15=00000011 x15:00000010
13154338ns          217030 1c008426 06a78c63 beq              x15, x10, 120       x15:00000011 x10:00000400
13154358ns          217031 1c00842a 00062803 lw               x16, 0(x12)         x16=00000010 x12:1c01d060  PA:1c01d060
13154676ns          217047 1c00842e fef80ae3 beq              x16, x15, -12       x16:00000010 x15:00000011
13154696ns          217048 1c008432 00462783 lw               x15, 4(x12)         x15=00000010 x12:1c01d060  PA:1c01d064
13155034ns          217065 1c008434 00279793 slli             x15, x15, 0x2       x15=00000040 x15:00000010
13155054ns          217066 1c008436 01eee7a3 p.sw             x30, x0(x29)        x30:dead0110 x29:1c01c060  PA:1c01c0a0
13155372ns          217082 1c00843a 00462783 lw               x15, 4(x12)         x15=00000010 x12:1c01d060  PA:1c01d064
13155691ns          217098 1c00843c 00178793 addi             x15, x15, 1         x15=00000011 x15:00000010
13155711ns          217099 1c00843e 00f62223 sw               x15, 4(x12)         x15:00000011 x12:1c01d060  PA:1c01d064
13156029ns          217115 1c008440 00462783 lw               x15, 4(x12)         x15=00000011 x12:1c01d060  PA:1c01d064
13156367ns          217132 1c008442 00a79463 bne              x15, x10, 8         x15:00000011 x10:00000400
13156447ns          217136 1c00844a 0006a803 lw               x16, 0(x13)         x16=00000010 x13:1c017030  PA:1c017030
13156745ns          217151 1c00844e 0046a783 lw               x15, 4(x13)         x15=00000011 x13:1c017030  PA:1c017034
13157063ns          217167 1c008450 fef80de3 beq              x16, x15, -6        x16:00000010 x15:00000011
13157083ns          217168 1c008454 0006a783 lw               x15, 0(x13)         x15=00000010 x13:1c017030  PA:1c017030
13157401ns          217184 1c008456 00279793 slli             x15, x15, 0x2       x15=00000040 x15:00000010
13157421ns          217185 1c008458 20fb7783 lw               x15, x15(x22)       x15=dead0010 x15:00000040 x22:1c016030  PA:1c016070
13157739ns          217201 1c00845c 0006a783 lw               x15, 0(x13)         x15=00000010 x13:1c017030  PA:1c017030
13158058ns          217217 1c00845e 00178793 addi             x15, x15, 1         x15=00000011 x15:00000010
13158078ns          217218 1c008460 00f6a023 sw               x15, 0(x13)         x15:00000011 x13:1c017030  PA:1c017030
13158396ns          217234 1c008462 0006a783 lw               x15, 0(x13)         x15=00000011 x13:1c017030  PA:1c017030
13158714ns          217250 1c008464 00a79463 bne              x15, x10, 8         x15:00000011 x10:00000400
13158774ns          217253 1c00846c 00072803 lw               x16, 0(x14)         x16=00000010 x14:1c016028  PA:1c016028
13159092ns          217269 1c008470 00472783 lw               x15, 4(x14)         x15=00000011 x14:1c016028  PA:1c01602c
13159410ns          217285 1c008472 fef80de3 beq              x16, x15, -6        x16:00000010 x15:00000011
13159430ns          217286 1c008476 00072783 lw               x15, 0(x14)         x15=00000010 x14:1c016028  PA:1c016028
13159748ns          217302 1c008478 00279793 slli             x15, x15, 0x2       x15=00000040 x15:00000010
13159768ns          217303 1c00847a 20fbf783 lw               x15, x15(x23)       x15=dead0310 x15:00000040 x23:1c015028  PA:1c015068
13160067ns          217318 1c00847e 00072783 lw               x15, 0(x14)         x15=00000010 x14:1c016028  PA:1c016028
13160405ns          217335 1c008480 00178793 addi             x15, x15, 1         x15=00000011 x15:00000010
13160425ns          217336 1c008482 00f72023 sw               x15, 0(x14)         x15:00000011 x14:1c016028  PA:1c016028
13160743ns          217352 1c008484 00072783 lw               x15, 0(x14)         x15=00000011 x14:1c016028  PA:1c016028
13161061ns          217368 1c008486 00a78663 beq              x15, x10, 12        x15:00000011 x10:00000400
13161081ns          217369 1c00848a fff88893 addi             x17, x17, -1        x17=0000000f x17:00000010
13161101ns          217370 1c00848c f60895e3 bne              x17, x0, -150       x17:0000000f
13161181ns          217374 1c0083f6 00432f0b p.lw             x30, 4(x6!)         x30=dead0111  x6=10000e80  x6:10000e7c  PA:10000e7c
13161200ns          217375 1c0083fa 0045a783 lw               x15, 4(x11)         x15=00000011 x11:1c014018  PA:1c01401c
13161519ns          217391 1c0083fc 00178793 addi             x15, x15, 1         x15=00000012 x15:00000011
13161539ns          217392 1c0083fe 0aa78363 beq              x15, x10, 166       x15:00000012 x10:00000400
13161559ns          217393 1c008402 0005a803 lw               x16, 0(x11)         x16=00000011 x11:1c014018  PA:1c014018
13161877ns          217409 1c008406 ff078ae3 beq              x15, x16, -12       x15:00000012 x16:00000011
13161897ns          217410 1c00840a 0045a783 lw               x15, 4(x11)         x15=00000011 x11:1c014018  PA:1c01401c
13162215ns          217426 1c00840c 00279793 slli             x15, x15, 0x2       x15=00000044 x15:00000011
13162235ns          217427 1c00840e 01ee67a3 p.sw             x30, x0(x28)        x30:dead0111 x28:1c013018  PA:1c01305c
13162553ns          217443 1c008412 0045a783 lw               x15, 4(x11)         x15=00000011 x11:1c014018  PA:1c01401c
13162871ns          217459 1c008414 00178793 addi             x15, x15, 1         x15=00000012 x15:00000011
13162891ns          217460 1c008416 00f5a223 sw               x15, 4(x11)         x15:00000012 x11:1c014018  PA:1c01401c
13163209ns          217476 1c008418 0045a783 lw               x15, 4(x11)         x15=00000012 x11:1c014018  PA:1c01401c
13163528ns          217492 1c00841a 00a79463 bne              x15, x10, 8         x15:00000012 x10:00000400
13163587ns          217495 1c008422 00462783 lw               x15, 4(x12)         x15=00000011 x12:1c01d060  PA:1c01d064
13163906ns          217511 1c008424 00178793 addi             x15, x15, 1         x15=00000012 x15:00000011
13163926ns          217512 1c008426 06a78c63 beq              x15, x10, 120       x15:00000012 x10:00000400
13163945ns          217513 1c00842a 00062803 lw               x16, 0(x12)         x16=00000011 x12:1c01d060  PA:1c01d060
13164264ns          217529 1c00842e fef80ae3 beq              x16, x15, -12       x16:00000011 x15:00000012
13164284ns          217530 1c008432 00462783 lw               x15, 4(x12)         x15=00000011 x12:1c01d060  PA:1c01d064
13164602ns          217546 1c008434 00279793 slli             x15, x15, 0x2       x15=00000044 x15:00000011
13164622ns          217547 1c008436 01eee7a3 p.sw             x30, x0(x29)        x30:dead0111 x29:1c01c060  PA:1c01c0a4
13164940ns          217563 1c00843a 00462783 lw               x15, 4(x12)         x15=00000011 x12:1c01d060  PA:1c01d064
13165258ns          217579 1c00843c 00178793 addi             x15, x15, 1         x15=00000012 x15:00000011
13165278ns          217580 1c00843e 00f62223 sw               x15, 4(x12)         x15:00000012 x12:1c01d060  PA:1c01d064
13165596ns          217596 1c008440 00462783 lw               x15, 4(x12)         x15=00000012 x12:1c01d060  PA:1c01d064
13165915ns          217612 1c008442 00a79463 bne              x15, x10, 8         x15:00000012 x10:00000400
13165994ns          217616 1c00844a 0006a803 lw               x16, 0(x13)         x16=00000011 x13:1c017030  PA:1c017030
13166293ns          217631 1c00844e 0046a783 lw               x15, 4(x13)         x15=00000012 x13:1c017030  PA:1c017034
13166611ns          217647 1c008450 fef80de3 beq              x16, x15, -6        x16:00000011 x15:00000012
13166631ns          217648 1c008454 0006a783 lw               x15, 0(x13)         x15=00000011 x13:1c017030  PA:1c017030
13166949ns          217664 1c008456 00279793 slli             x15, x15, 0x2       x15=00000044 x15:00000011
13166969ns          217665 1c008458 20fb7783 lw               x15, x15(x22)       x15=dead0011 x15:00000044 x22:1c016030  PA:1c016074
13167267ns          217680 1c00845c 0006a783 lw               x15, 0(x13)         x15=00000011 x13:1c017030  PA:1c017030
13167585ns          217696 1c00845e 00178793 addi             x15, x15, 1         x15=00000012 x15:00000011
13167605ns          217697 1c008460 00f6a023 sw               x15, 0(x13)         x15:00000012 x13:1c017030  PA:1c017030
13167924ns          217713 1c008462 0006a783 lw               x15, 0(x13)         x15=00000012 x13:1c017030  PA:1c017030
13168242ns          217729 1c008464 00a79463 bne              x15, x10, 8         x15:00000012 x10:00000400
13168301ns          217732 1c00846c 00072803 lw               x16, 0(x14)         x16=00000011 x14:1c016028  PA:1c016028
13168600ns          217747 1c008470 00472783 lw               x15, 4(x14)         x15=00000012 x14:1c016028  PA:1c01602c
13168918ns          217763 1c008472 fef80de3 beq              x16, x15, -6        x16:00000011 x15:00000012
13168938ns          217764 1c008476 00072783 lw               x15, 0(x14)         x15=00000011 x14:1c016028  PA:1c016028
13169256ns          217780 1c008478 00279793 slli             x15, x15, 0x2       x15=00000044 x15:00000011
13169276ns          217781 1c00847a 20fbf783 lw               x15, x15(x23)       x15=dead0311 x15:00000044 x23:1c015028  PA:1c01506c
13169574ns          217796 1c00847e 00072783 lw               x15, 0(x14)         x15=00000011 x14:1c016028  PA:1c016028
13169893ns          217812 1c008480 00178793 addi             x15, x15, 1         x15=00000012 x15:00000011
13169913ns          217813 1c008482 00f72023 sw               x15, 0(x14)         x15:00000012 x14:1c016028  PA:1c016028
13170231ns          217829 1c008484 00072783 lw               x15, 0(x14)         x15=00000012 x14:1c016028  PA:1c016028
13170549ns          217845 1c008486 00a78663 beq              x15, x10, 12        x15:00000012 x10:00000400
13170569ns          217846 1c00848a fff88893 addi             x17, x17, -1        x17=0000000e x17:0000000f
13170589ns          217847 1c00848c f60895e3 bne              x17, x0, -150       x17:0000000e
13170668ns          217851 1c0083f6 00432f0b p.lw             x30, 4(x6!)         x30=dead0112  x6=10000e84  x6:10000e80  PA:10000e80
13170688ns          217852 1c0083fa 0045a783 lw               x15, 4(x11)         x15=00000012 x11:1c014018  PA:1c01401c
13171027ns          217869 1c0083fc 00178793 addi             x15, x15, 1         x15=00000013 x15:00000012
13171046ns          217870 1c0083fe 0aa78363 beq              x15, x10, 166       x15:00000013 x10:00000400
13171066ns          217871 1c008402 0005a803 lw               x16, 0(x11)         x16=00000012 x11:1c014018  PA:1c014018
13171385ns          217887 1c008406 ff078ae3 beq              x15, x16, -12       x15:00000013 x16:00000012
13171404ns          217888 1c00840a 0045a783 lw               x15, 4(x11)         x15=00000012 x11:1c014018  PA:1c01401c
13171723ns          217904 1c00840c 00279793 slli             x15, x15, 0x2       x15=00000048 x15:00000012
13171743ns          217905 1c00840e 01ee67a3 p.sw             x30, x0(x28)        x30:dead0112 x28:1c013018  PA:1c013060
13172061ns          217921 1c008412 0045a783 lw               x15, 4(x11)         x15=00000012 x11:1c014018  PA:1c01401c
13172399ns          217938 1c008414 00178793 addi             x15, x15, 1         x15=00000013 x15:00000012
13172419ns          217939 1c008416 00f5a223 sw               x15, 4(x11)         x15:00000013 x11:1c014018  PA:1c01401c
13172737ns          217955 1c008418 0045a783 lw               x15, 4(x11)         x15=00000013 x11:1c014018  PA:1c01401c
13173055ns          217971 1c00841a 00a79463 bne              x15, x10, 8         x15:00000013 x10:00000400
13173115ns          217974 1c008422 00462783 lw               x15, 4(x12)         x15=00000012 x12:1c01d060  PA:1c01d064
13173433ns          217990 1c008424 00178793 addi             x15, x15, 1         x15=00000013 x15:00000012
13173453ns          217991 1c008426 06a78c63 beq              x15, x10, 120       x15:00000013 x10:00000400
13173473ns          217992 1c00842a 00062803 lw               x16, 0(x12)         x16=00000012 x12:1c01d060  PA:1c01d060
13173791ns          218008 1c00842e fef80ae3 beq              x16, x15, -12       x16:00000012 x15:00000013
13173811ns          218009 1c008432 00462783 lw               x15, 4(x12)         x15=00000012 x12:1c01d060  PA:1c01d064
13174129ns          218025 1c008434 00279793 slli             x15, x15, 0x2       x15=00000048 x15:00000012
13174149ns          218026 1c008436 01eee7a3 p.sw             x30, x0(x29)        x30:dead0112 x29:1c01c060  PA:1c01c0a8
13174468ns          218042 1c00843a 00462783 lw               x15, 4(x12)         x15=00000012 x12:1c01d060  PA:1c01d064
13174786ns          218058 1c00843c 00178793 addi             x15, x15, 1         x15=00000013 x15:00000012
13174806ns          218059 1c00843e 00f62223 sw               x15, 4(x12)         x15:00000013 x12:1c01d060  PA:1c01d064
13175124ns          218075 1c008440 00462783 lw               x15, 4(x12)         x15=00000013 x12:1c01d060  PA:1c01d064
13175442ns          218091 1c008442 00a79463 bne              x15, x10, 8         x15:00000013 x10:00000400
13175522ns          218095 1c00844a 0006a803 lw               x16, 0(x13)         x16=00000012 x13:1c017030  PA:1c017030
13175820ns          218110 1c00844e 0046a783 lw               x15, 4(x13)         x15=00000013 x13:1c017030  PA:1c017034
13176138ns          218126 1c008450 fef80de3 beq              x16, x15, -6        x16:00000012 x15:00000013
13176158ns          218127 1c008454 0006a783 lw               x15, 0(x13)         x15=00000012 x13:1c017030  PA:1c017030
13176477ns          218143 1c008456 00279793 slli             x15, x15, 0x2       x15=00000048 x15:00000012
13176496ns          218144 1c008458 20fb7783 lw               x15, x15(x22)       x15=dead0012 x15:00000048 x22:1c016030  PA:1c016078
13176795ns          218159 1c00845c 0006a783 lw               x15, 0(x13)         x15=00000012 x13:1c017030  PA:1c017030
13177113ns          218175 1c00845e 00178793 addi             x15, x15, 1         x15=00000013 x15:00000012
13177133ns          218176 1c008460 00f6a023 sw               x15, 0(x13)         x15:00000013 x13:1c017030  PA:1c017030
13177451ns          218192 1c008462 0006a783 lw               x15, 0(x13)         x15=00000013 x13:1c017030  PA:1c017030
13177769ns          218208 1c008464 00a79463 bne              x15, x10, 8         x15:00000013 x10:00000400
13177829ns          218211 1c00846c 00072803 lw               x16, 0(x14)         x16=00000012 x14:1c016028  PA:1c016028
13178128ns          218226 1c008470 00472783 lw               x15, 4(x14)         x15=00000013 x14:1c016028  PA:1c01602c
13178446ns          218242 1c008472 fef80de3 beq              x16, x15, -6        x16:00000012 x15:00000013
13178466ns          218243 1c008476 00072783 lw               x15, 0(x14)         x15=00000012 x14:1c016028  PA:1c016028
13178784ns          218259 1c008478 00279793 slli             x15, x15, 0x2       x15=00000048 x15:00000012
13178804ns          218260 1c00847a 20fbf783 lw               x15, x15(x23)       x15=dead0312 x15:00000048 x23:1c015028  PA:1c015070
13179102ns          218275 1c00847e 00072783 lw               x15, 0(x14)         x15=00000012 x14:1c016028  PA:1c016028
13179420ns          218291 1c008480 00178793 addi             x15, x15, 1         x15=00000013 x15:00000012
13179440ns          218292 1c008482 00f72023 sw               x15, 0(x14)         x15:00000013 x14:1c016028  PA:1c016028
13179759ns          218308 1c008484 00072783 lw               x15, 0(x14)         x15=00000013 x14:1c016028  PA:1c016028
13180077ns          218324 1c008486 00a78663 beq              x15, x10, 12        x15:00000013 x10:00000400
13180097ns          218325 1c00848a fff88893 addi             x17, x17, -1        x17=0000000d x17:0000000e
13180117ns          218326 1c00848c f60895e3 bne              x17, x0, -150       x17:0000000d
13180196ns          218330 1c0083f6 00432f0b p.lw             x30, 4(x6!)         x30=dead0113  x6=10000e88  x6:10000e84  PA:10000e84
13180216ns          218331 1c0083fa 0045a783 lw               x15, 4(x11)         x15=00000013 x11:1c014018  PA:1c01401c
13180534ns          218347 1c0083fc 00178793 addi             x15, x15, 1         x15=00000014 x15:00000013
13180554ns          218348 1c0083fe 0aa78363 beq              x15, x10, 166       x15:00000014 x10:00000400
13180574ns          218349 1c008402 0005a803 lw               x16, 0(x11)         x16=00000013 x11:1c014018  PA:1c014018
13180892ns          218365 1c008406 ff078ae3 beq              x15, x16, -12       x15:00000014 x16:00000013
13180912ns          218366 1c00840a 0045a783 lw               x15, 4(x11)         x15=00000013 x11:1c014018  PA:1c01401c
13181230ns          218382 1c00840c 00279793 slli             x15, x15, 0x2       x15=0000004c x15:00000013
13181250ns          218383 1c00840e 01ee67a3 p.sw             x30, x0(x28)        x30:dead0113 x28:1c013018  PA:1c013064
13181569ns          218399 1c008412 0045a783 lw               x15, 4(x11)         x15=00000013 x11:1c014018  PA:1c01401c
13181887ns          218415 1c008414 00178793 addi             x15, x15, 1         x15=00000014 x15:00000013
13181907ns          218416 1c008416 00f5a223 sw               x15, 4(x11)         x15:00000014 x11:1c014018  PA:1c01401c
13182225ns          218432 1c008418 0045a783 lw               x15, 4(x11)         x15=00000014 x11:1c014018  PA:1c01401c
13182543ns          218448 1c00841a 00a79463 bne              x15, x10, 8         x15:00000014 x10:00000400
13182603ns          218451 1c008422 00462783 lw               x15, 4(x12)         x15=00000013 x12:1c01d060  PA:1c01d064
13182921ns          218467 1c008424 00178793 addi             x15, x15, 1         x15=00000014 x15:00000013
13182941ns          218468 1c008426 06a78c63 beq              x15, x10, 120       x15:00000014 x10:00000400
13182961ns          218469 1c00842a 00062803 lw               x16, 0(x12)         x16=00000013 x12:1c01d060  PA:1c01d060
13183279ns          218485 1c00842e fef80ae3 beq              x16, x15, -12       x16:00000013 x15:00000014
13183299ns          218486 1c008432 00462783 lw               x15, 4(x12)         x15=00000013 x12:1c01d060  PA:1c01d064
13183617ns          218502 1c008434 00279793 slli             x15, x15, 0x2       x15=0000004c x15:00000013
13183637ns          218503 1c008436 01eee7a3 p.sw             x30, x0(x29)        x30:dead0113 x29:1c01c060  PA:1c01c0ac
13183956ns          218519 1c00843a 00462783 lw               x15, 4(x12)         x15=00000013 x12:1c01d060  PA:1c01d064
13184274ns          218535 1c00843c 00178793 addi             x15, x15, 1         x15=00000014 x15:00000013
13184294ns          218536 1c00843e 00f62223 sw               x15, 4(x12)         x15:00000014 x12:1c01d060  PA:1c01d064
13184612ns          218552 1c008440 00462783 lw               x15, 4(x12)         x15=00000014 x12:1c01d060  PA:1c01d064
13184930ns          218568 1c008442 00a79463 bne              x15, x10, 8         x15:00000014 x10:00000400
13185010ns          218572 1c00844a 0006a803 lw               x16, 0(x13)         x16=00000013 x13:1c017030  PA:1c017030
13185308ns          218587 1c00844e 0046a783 lw               x15, 4(x13)         x15=00000014 x13:1c017030  PA:1c017034
13185646ns          218604 1c008450 fef80de3 beq              x16, x15, -6        x16:00000013 x15:00000014
13185666ns          218605 1c008454 0006a783 lw               x15, 0(x13)         x15=00000013 x13:1c017030  PA:1c017030
13185984ns          218621 1c008456 00279793 slli             x15, x15, 0x2       x15=0000004c x15:00000013
13186004ns          218622 1c008458 20fb7783 lw               x15, x15(x22)       x15=dead0013 x15:0000004c x22:1c016030  PA:1c01607c
13186303ns          218637 1c00845c 0006a783 lw               x15, 0(x13)         x15=00000013 x13:1c017030  PA:1c017030
13186621ns          218653 1c00845e 00178793 addi             x15, x15, 1         x15=00000014 x15:00000013
13186641ns          218654 1c008460 00f6a023 sw               x15, 0(x13)         x15:00000014 x13:1c017030  PA:1c017030
13186979ns          218671 1c008462 0006a783 lw               x15, 0(x13)         x15=00000014 x13:1c017030  PA:1c017030
13187297ns          218687 1c008464 00a79463 bne              x15, x10, 8         x15:00000014 x10:00000400
13187357ns          218690 1c00846c 00072803 lw               x16, 0(x14)         x16=00000013 x14:1c016028  PA:1c016028
13187655ns          218705 1c008470 00472783 lw               x15, 4(x14)         x15=00000014 x14:1c016028  PA:1c01602c
13187973ns          218721 1c008472 fef80de3 beq              x16, x15, -6        x16:00000013 x15:00000014
13187993ns          218722 1c008476 00072783 lw               x15, 0(x14)         x15=00000013 x14:1c016028  PA:1c016028
13188331ns          218739 1c008478 00279793 slli             x15, x15, 0x2       x15=0000004c x15:00000013
13188351ns          218740 1c00847a 20fbf783 lw               x15, x15(x23)       x15=dead0313 x15:0000004c x23:1c015028  PA:1c015074
13188650ns          218755 1c00847e 00072783 lw               x15, 0(x14)         x15=00000013 x14:1c016028  PA:1c016028
13188968ns          218771 1c008480 00178793 addi             x15, x15, 1         x15=00000014 x15:00000013
13188988ns          218772 1c008482 00f72023 sw               x15, 0(x14)         x15:00000014 x14:1c016028  PA:1c016028
13189306ns          218788 1c008484 00072783 lw               x15, 0(x14)         x15=00000014 x14:1c016028  PA:1c016028
13189644ns          218805 1c008486 00a78663 beq              x15, x10, 12        x15:00000014 x10:00000400
13189664ns          218806 1c00848a fff88893 addi             x17, x17, -1        x17=0000000c x17:0000000d
13189684ns          218807 1c00848c f60895e3 bne              x17, x0, -150       x17:0000000c
13189764ns          218811 1c0083f6 00432f0b p.lw             x30, 4(x6!)         x30=dead0114  x6=10000e8c  x6:10000e88  PA:10000e88
13189783ns          218812 1c0083fa 0045a783 lw               x15, 4(x11)         x15=00000014 x11:1c014018  PA:1c01401c
13190102ns          218828 1c0083fc 00178793 addi             x15, x15, 1         x15=00000015 x15:00000014
13190122ns          218829 1c0083fe 0aa78363 beq              x15, x10, 166       x15:00000015 x10:00000400
13190142ns          218830 1c008402 0005a803 lw               x16, 0(x11)         x16=00000014 x11:1c014018  PA:1c014018
13190460ns          218846 1c008406 ff078ae3 beq              x15, x16, -12       x15:00000015 x16:00000014
13190480ns          218847 1c00840a 0045a783 lw               x15, 4(x11)         x15=00000014 x11:1c014018  PA:1c01401c
13190798ns          218863 1c00840c 00279793 slli             x15, x15, 0x2       x15=00000050 x15:00000014
13190818ns          218864 1c00840e 01ee67a3 p.sw             x30, x0(x28)        x30:dead0114 x28:1c013018  PA:1c013068
13191136ns          218880 1c008412 0045a783 lw               x15, 4(x11)         x15=00000014 x11:1c014018  PA:1c01401c
13191454ns          218896 1c008414 00178793 addi             x15, x15, 1         x15=00000015 x15:00000014
13191474ns          218897 1c008416 00f5a223 sw               x15, 4(x11)         x15:00000015 x11:1c014018  PA:1c01401c
13191792ns          218913 1c008418 0045a783 lw               x15, 4(x11)         x15=00000015 x11:1c014018  PA:1c01401c
13192111ns          218929 1c00841a 00a79463 bne              x15, x10, 8         x15:00000015 x10:00000400
13192170ns          218932 1c008422 00462783 lw               x15, 4(x12)         x15=00000014 x12:1c01d060  PA:1c01d064
13192489ns          218948 1c008424 00178793 addi             x15, x15, 1         x15=00000015 x15:00000014
13192509ns          218949 1c008426 06a78c63 beq              x15, x10, 120       x15:00000015 x10:00000400
13192528ns          218950 1c00842a 00062803 lw               x16, 0(x12)         x16=00000014 x12:1c01d060  PA:1c01d060
13192847ns          218966 1c00842e fef80ae3 beq              x16, x15, -12       x16:00000014 x15:00000015
13192867ns          218967 1c008432 00462783 lw               x15, 4(x12)         x15=00000014 x12:1c01d060  PA:1c01d064
13193185ns          218983 1c008434 00279793 slli             x15, x15, 0x2       x15=00000050 x15:00000014
13193205ns          218984 1c008436 01eee7a3 p.sw             x30, x0(x29)        x30:dead0114 x29:1c01c060  PA:1c01c0b0
13193523ns          219000 1c00843a 00462783 lw               x15, 4(x12)         x15=00000014 x12:1c01d060  PA:1c01d064
13193841ns          219016 1c00843c 00178793 addi             x15, x15, 1         x15=00000015 x15:00000014
13193861ns          219017 1c00843e 00f62223 sw               x15, 4(x12)         x15:00000015 x12:1c01d060  PA:1c01d064
13194179ns          219033 1c008440 00462783 lw               x15, 4(x12)         x15=00000015 x12:1c01d060  PA:1c01d064
13194498ns          219049 1c008442 00a79463 bne              x15, x10, 8         x15:00000015 x10:00000400
13194577ns          219053 1c00844a 0006a803 lw               x16, 0(x13)         x16=00000014 x13:1c017030  PA:1c017030
13194876ns          219068 1c00844e 0046a783 lw               x15, 4(x13)         x15=00000015 x13:1c017030  PA:1c017034
13195194ns          219084 1c008450 fef80de3 beq              x16, x15, -6        x16:00000014 x15:00000015
13195214ns          219085 1c008454 0006a783 lw               x15, 0(x13)         x15=00000014 x13:1c017030  PA:1c017030
13195532ns          219101 1c008456 00279793 slli             x15, x15, 0x2       x15=00000050 x15:00000014
13195552ns          219102 1c008458 20fb7783 lw               x15, x15(x22)       x15=dead0014 x15:00000050 x22:1c016030  PA:1c016080
13195850ns          219117 1c00845c 0006a783 lw               x15, 0(x13)         x15=00000014 x13:1c017030  PA:1c017030
13196168ns          219133 1c00845e 00178793 addi             x15, x15, 1         x15=00000015 x15:00000014
13196188ns          219134 1c008460 00f6a023 sw               x15, 0(x13)         x15:00000015 x13:1c017030  PA:1c017030
13196507ns          219150 1c008462 0006a783 lw               x15, 0(x13)         x15=00000015 x13:1c017030  PA:1c017030
13196825ns          219166 1c008464 00a79463 bne              x15, x10, 8         x15:00000015 x10:00000400
13196884ns          219169 1c00846c 00072803 lw               x16, 0(x14)         x16=00000014 x14:1c016028  PA:1c016028
13197183ns          219184 1c008470 00472783 lw               x15, 4(x14)         x15=00000015 x14:1c016028  PA:1c01602c
13197501ns          219200 1c008472 fef80de3 beq              x16, x15, -6        x16:00000014 x15:00000015
13197521ns          219201 1c008476 00072783 lw               x15, 0(x14)         x15=00000014 x14:1c016028  PA:1c016028
13197839ns          219217 1c008478 00279793 slli             x15, x15, 0x2       x15=00000050 x15:00000014
13197859ns          219218 1c00847a 20fbf783 lw               x15, x15(x23)       x15=dead0314 x15:00000050 x23:1c015028  PA:1c015078
13198158ns          219233 1c00847e 00072783 lw               x15, 0(x14)         x15=00000014 x14:1c016028  PA:1c016028
13198496ns          219250 1c008480 00178793 addi             x15, x15, 1         x15=00000015 x15:00000014
13198516ns          219251 1c008482 00f72023 sw               x15, 0(x14)         x15:00000015 x14:1c016028  PA:1c016028
13198854ns          219268 1c008484 00072783 lw               x15, 0(x14)         x15=00000015 x14:1c016028  PA:1c016028
13199192ns          219285 1c008486 00a78663 beq              x15, x10, 12        x15:00000015 x10:00000400
13199212ns          219286 1c00848a fff88893 addi             x17, x17, -1        x17=0000000b x17:0000000c
13199232ns          219287 1c00848c f60895e3 bne              x17, x0, -150       x17:0000000b
13199311ns          219291 1c0083f6 00432f0b p.lw             x30, 4(x6!)         x30=dead0115  x6=10000e90  x6:10000e8c  PA:10000e8c
13199331ns          219292 1c0083fa 0045a783 lw               x15, 4(x11)         x15=00000015 x11:1c014018  PA:1c01401c
13199649ns          219308 1c0083fc 00178793 addi             x15, x15, 1         x15=00000016 x15:00000015
13199669ns          219309 1c0083fe 0aa78363 beq              x15, x10, 166       x15:00000016 x10:00000400
13199689ns          219310 1c008402 0005a803 lw               x16, 0(x11)         x16=00000015 x11:1c014018  PA:1c014018
13200007ns          219326 1c008406 ff078ae3 beq              x15, x16, -12       x15:00000016 x16:00000015
13200027ns          219327 1c00840a 0045a783 lw               x15, 4(x11)         x15=00000015 x11:1c014018  PA:1c01401c
13200365ns          219344 1c00840c 00279793 slli             x15, x15, 0x2       x15=00000054 x15:00000015
13200385ns          219345 1c00840e 01ee67a3 p.sw             x30, x0(x28)        x30:dead0115 x28:1c013018  PA:1c01306c
13200704ns          219361 1c008412 0045a783 lw               x15, 4(x11)         x15=00000015 x11:1c014018  PA:1c01401c
13201022ns          219377 1c008414 00178793 addi             x15, x15, 1         x15=00000016 x15:00000015
13201042ns          219378 1c008416 00f5a223 sw               x15, 4(x11)         x15:00000016 x11:1c014018  PA:1c01401c
13201360ns          219394 1c008418 0045a783 lw               x15, 4(x11)         x15=00000016 x11:1c014018  PA:1c01401c
13201698ns          219411 1c00841a 00a79463 bne              x15, x10, 8         x15:00000016 x10:00000400
13201758ns          219414 1c008422 00462783 lw               x15, 4(x12)         x15=00000015 x12:1c01d060  PA:1c01d064
13202076ns          219430 1c008424 00178793 addi             x15, x15, 1         x15=00000016 x15:00000015
13202096ns          219431 1c008426 06a78c63 beq              x15, x10, 120       x15:00000016 x10:00000400
13202116ns          219432 1c00842a 00062803 lw               x16, 0(x12)         x16=00000015 x12:1c01d060  PA:1c01d060
13202434ns          219448 1c00842e fef80ae3 beq              x16, x15, -12       x16:00000015 x15:00000016
13202454ns          219449 1c008432 00462783 lw               x15, 4(x12)         x15=00000015 x12:1c01d060  PA:1c01d064
13202772ns          219465 1c008434 00279793 slli             x15, x15, 0x2       x15=00000054 x15:00000015
13202792ns          219466 1c008436 01eee7a3 p.sw             x30, x0(x29)        x30:dead0115 x29:1c01c060  PA:1c01c0b4
13203110ns          219482 1c00843a 00462783 lw               x15, 4(x12)         x15=00000015 x12:1c01d060  PA:1c01d064
13203429ns          219498 1c00843c 00178793 addi             x15, x15, 1         x15=00000016 x15:00000015
13203448ns          219499 1c00843e 00f62223 sw               x15, 4(x12)         x15:00000016 x12:1c01d060  PA:1c01d064
13203767ns          219515 1c008440 00462783 lw               x15, 4(x12)         x15=00000016 x12:1c01d060  PA:1c01d064
13204085ns          219531 1c008442 00a79463 bne              x15, x10, 8         x15:00000016 x10:00000400
13204165ns          219535 1c00844a 0006a803 lw               x16, 0(x13)         x16=00000015 x13:1c017030  PA:1c017030
13204463ns          219550 1c00844e 0046a783 lw               x15, 4(x13)         x15=00000016 x13:1c017030  PA:1c017034
13204781ns          219566 1c008450 fef80de3 beq              x16, x15, -6        x16:00000015 x15:00000016
13204801ns          219567 1c008454 0006a783 lw               x15, 0(x13)         x15=00000015 x13:1c017030  PA:1c017030
13205119ns          219583 1c008456 00279793 slli             x15, x15, 0x2       x15=00000054 x15:00000015
13205139ns          219584 1c008458 20fb7783 lw               x15, x15(x22)       x15=dead0015 x15:00000054 x22:1c016030  PA:1c016084
13205438ns          219599 1c00845c 0006a783 lw               x15, 0(x13)         x15=00000015 x13:1c017030  PA:1c017030
13205756ns          219615 1c00845e 00178793 addi             x15, x15, 1         x15=00000016 x15:00000015
13205776ns          219616 1c008460 00f6a023 sw               x15, 0(x13)         x15:00000016 x13:1c017030  PA:1c017030
13206094ns          219632 1c008462 0006a783 lw               x15, 0(x13)         x15=00000016 x13:1c017030  PA:1c017030
13206412ns          219648 1c008464 00a79463 bne              x15, x10, 8         x15:00000016 x10:00000400
13206472ns          219651 1c00846c 00072803 lw               x16, 0(x14)         x16=00000015 x14:1c016028  PA:1c016028
13206770ns          219666 1c008470 00472783 lw               x15, 4(x14)         x15=00000016 x14:1c016028  PA:1c01602c
13207088ns          219682 1c008472 fef80de3 beq              x16, x15, -6        x16:00000015 x15:00000016
13207108ns          219683 1c008476 00072783 lw               x15, 0(x14)         x15=00000015 x14:1c016028  PA:1c016028
13207427ns          219699 1c008478 00279793 slli             x15, x15, 0x2       x15=00000054 x15:00000015
13207446ns          219700 1c00847a 20fbf783 lw               x15, x15(x23)       x15=dead0315 x15:00000054 x23:1c015028  PA:1c01507c
13207745ns          219715 1c00847e 00072783 lw               x15, 0(x14)         x15=00000015 x14:1c016028  PA:1c016028
13208063ns          219731 1c008480 00178793 addi             x15, x15, 1         x15=00000016 x15:00000015
13208083ns          219732 1c008482 00f72023 sw               x15, 0(x14)         x15:00000016 x14:1c016028  PA:1c016028
13208401ns          219748 1c008484 00072783 lw               x15, 0(x14)         x15=00000016 x14:1c016028  PA:1c016028
13208719ns          219764 1c008486 00a78663 beq              x15, x10, 12        x15:00000016 x10:00000400
13208739ns          219765 1c00848a fff88893 addi             x17, x17, -1        x17=0000000a x17:0000000b
13208759ns          219766 1c00848c f60895e3 bne              x17, x0, -150       x17:0000000a
13208839ns          219770 1c0083f6 00432f0b p.lw             x30, 4(x6!)         x30=dead0116  x6=10000e94  x6:10000e90  PA:10000e90
13208859ns          219771 1c0083fa 0045a783 lw               x15, 4(x11)         x15=00000016 x11:1c014018  PA:1c01401c
13209177ns          219787 1c0083fc 00178793 addi             x15, x15, 1         x15=00000017 x15:00000016
13209197ns          219788 1c0083fe 0aa78363 beq              x15, x10, 166       x15:00000017 x10:00000400
13209217ns          219789 1c008402 0005a803 lw               x16, 0(x11)         x16=00000016 x11:1c014018  PA:1c014018
13209535ns          219805 1c008406 ff078ae3 beq              x15, x16, -12       x15:00000017 x16:00000016
13209555ns          219806 1c00840a 0045a783 lw               x15, 4(x11)         x15=00000016 x11:1c014018  PA:1c01401c
13209873ns          219822 1c00840c 00279793 slli             x15, x15, 0x2       x15=00000058 x15:00000016
13209893ns          219823 1c00840e 01ee67a3 p.sw             x30, x0(x28)        x30:dead0116 x28:1c013018  PA:1c013070
13210211ns          219839 1c008412 0045a783 lw               x15, 4(x11)         x15=00000016 x11:1c014018  PA:1c01401c
13210530ns          219855 1c008414 00178793 addi             x15, x15, 1         x15=00000017 x15:00000016
13210549ns          219856 1c008416 00f5a223 sw               x15, 4(x11)         x15:00000017 x11:1c014018  PA:1c01401c
13210868ns          219872 1c008418 0045a783 lw               x15, 4(x11)         x15=00000017 x11:1c014018  PA:1c01401c
13211186ns          219888 1c00841a 00a79463 bne              x15, x10, 8         x15:00000017 x10:00000400
13211246ns          219891 1c008422 00462783 lw               x15, 4(x12)         x15=00000016 x12:1c01d060  PA:1c01d064
13211564ns          219907 1c008424 00178793 addi             x15, x15, 1         x15=00000017 x15:00000016
13211584ns          219908 1c008426 06a78c63 beq              x15, x10, 120       x15:00000017 x10:00000400
13211604ns          219909 1c00842a 00062803 lw               x16, 0(x12)         x16=00000016 x12:1c01d060  PA:1c01d060
13211922ns          219925 1c00842e fef80ae3 beq              x16, x15, -12       x16:00000016 x15:00000017
13211942ns          219926 1c008432 00462783 lw               x15, 4(x12)         x15=00000016 x12:1c01d060  PA:1c01d064
13212280ns          219943 1c008434 00279793 slli             x15, x15, 0x2       x15=00000058 x15:00000016
13212300ns          219944 1c008436 01eee7a3 p.sw             x30, x0(x29)        x30:dead0116 x29:1c01c060  PA:1c01c0b8
13212618ns          219960 1c00843a 00462783 lw               x15, 4(x12)         x15=00000016 x12:1c01d060  PA:1c01d064
13212936ns          219976 1c00843c 00178793 addi             x15, x15, 1         x15=00000017 x15:00000016
13212956ns          219977 1c00843e 00f62223 sw               x15, 4(x12)         x15:00000017 x12:1c01d060  PA:1c01d064
13213274ns          219993 1c008440 00462783 lw               x15, 4(x12)         x15=00000017 x12:1c01d060  PA:1c01d064
13213613ns          220010 1c008442 00a79463 bne              x15, x10, 8         x15:00000017 x10:00000400
13213692ns          220014 1c00844a 0006a803 lw               x16, 0(x13)         x16=00000016 x13:1c017030  PA:1c017030
13213991ns          220029 1c00844e 0046a783 lw               x15, 4(x13)         x15=00000017 x13:1c017030  PA:1c017034
13214309ns          220045 1c008450 fef80de3 beq              x16, x15, -6        x16:00000016 x15:00000017
13214329ns          220046 1c008454 0006a783 lw               x15, 0(x13)         x15=00000016 x13:1c017030  PA:1c017030
13214647ns          220062 1c008456 00279793 slli             x15, x15, 0x2       x15=00000058 x15:00000016
13214667ns          220063 1c008458 20fb7783 lw               x15, x15(x22)       x15=dead0016 x15:00000058 x22:1c016030  PA:1c016088
13214985ns          220079 1c00845c 0006a783 lw               x15, 0(x13)         x15=00000016 x13:1c017030  PA:1c017030
13215303ns          220095 1c00845e 00178793 addi             x15, x15, 1         x15=00000017 x15:00000016
13215323ns          220096 1c008460 00f6a023 sw               x15, 0(x13)         x15:00000017 x13:1c017030  PA:1c017030
13215641ns          220112 1c008462 0006a783 lw               x15, 0(x13)         x15=00000017 x13:1c017030  PA:1c017030
13215960ns          220128 1c008464 00a79463 bne              x15, x10, 8         x15:00000017 x10:00000400
13216019ns          220131 1c00846c 00072803 lw               x16, 0(x14)         x16=00000016 x14:1c016028  PA:1c016028
13216338ns          220147 1c008470 00472783 lw               x15, 4(x14)         x15=00000017 x14:1c016028  PA:1c01602c
13216656ns          220163 1c008472 fef80de3 beq              x16, x15, -6        x16:00000016 x15:00000017
13216676ns          220164 1c008476 00072783 lw               x15, 0(x14)         x15=00000016 x14:1c016028  PA:1c016028
13216994ns          220180 1c008478 00279793 slli             x15, x15, 0x2       x15=00000058 x15:00000016
13217014ns          220181 1c00847a 20fbf783 lw               x15, x15(x23)       x15=dead0316 x15:00000058 x23:1c015028  PA:1c015080
13217312ns          220196 1c00847e 00072783 lw               x15, 0(x14)         x15=00000016 x14:1c016028  PA:1c016028
13217650ns          220213 1c008480 00178793 addi             x15, x15, 1         x15=00000017 x15:00000016
13217670ns          220214 1c008482 00f72023 sw               x15, 0(x14)         x15:00000017 x14:1c016028  PA:1c016028
13217989ns          220230 1c008484 00072783 lw               x15, 0(x14)         x15=00000017 x14:1c016028  PA:1c016028
13218307ns          220246 1c008486 00a78663 beq              x15, x10, 12        x15:00000017 x10:00000400
13218327ns          220247 1c00848a fff88893 addi             x17, x17, -1        x17=00000009 x17:0000000a
13218347ns          220248 1c00848c f60895e3 bne              x17, x0, -150       x17:00000009
13218426ns          220252 1c0083f6 00432f0b p.lw             x30, 4(x6!)         x30=dead0117  x6=10000e98  x6:10000e94  PA:10000e94
13218446ns          220253 1c0083fa 0045a783 lw               x15, 4(x11)         x15=00000017 x11:1c014018  PA:1c01401c
13218764ns          220269 1c0083fc 00178793 addi             x15, x15, 1         x15=00000018 x15:00000017
13218784ns          220270 1c0083fe 0aa78363 beq              x15, x10, 166       x15:00000018 x10:00000400
13218804ns          220271 1c008402 0005a803 lw               x16, 0(x11)         x16=00000017 x11:1c014018  PA:1c014018
13219122ns          220287 1c008406 ff078ae3 beq              x15, x16, -12       x15:00000018 x16:00000017
13219142ns          220288 1c00840a 0045a783 lw               x15, 4(x11)         x15=00000017 x11:1c014018  PA:1c01401c
13219460ns          220304 1c00840c 00279793 slli             x15, x15, 0x2       x15=0000005c x15:00000017
13219480ns          220305 1c00840e 01ee67a3 p.sw             x30, x0(x28)        x30:dead0117 x28:1c013018  PA:1c013074
13219799ns          220321 1c008412 0045a783 lw               x15, 4(x11)         x15=00000017 x11:1c014018  PA:1c01401c
13220117ns          220337 1c008414 00178793 addi             x15, x15, 1         x15=00000018 x15:00000017
13220137ns          220338 1c008416 00f5a223 sw               x15, 4(x11)         x15:00000018 x11:1c014018  PA:1c01401c
13220455ns          220354 1c008418 0045a783 lw               x15, 4(x11)         x15=00000018 x11:1c014018  PA:1c01401c
13220773ns          220370 1c00841a 00a79463 bne              x15, x10, 8         x15:00000018 x10:00000400
13220833ns          220373 1c008422 00462783 lw               x15, 4(x12)         x15=00000017 x12:1c01d060  PA:1c01d064
13221151ns          220389 1c008424 00178793 addi             x15, x15, 1         x15=00000018 x15:00000017
13221171ns          220390 1c008426 06a78c63 beq              x15, x10, 120       x15:00000018 x10:00000400
13221191ns          220391 1c00842a 00062803 lw               x16, 0(x12)         x16=00000017 x12:1c01d060  PA:1c01d060
13221509ns          220407 1c00842e fef80ae3 beq              x16, x15, -12       x16:00000017 x15:00000018
13221529ns          220408 1c008432 00462783 lw               x15, 4(x12)         x15=00000017 x12:1c01d060  PA:1c01d064
13221847ns          220424 1c008434 00279793 slli             x15, x15, 0x2       x15=0000005c x15:00000017
13221867ns          220425 1c008436 01eee7a3 p.sw             x30, x0(x29)        x30:dead0117 x29:1c01c060  PA:1c01c0bc
13222186ns          220441 1c00843a 00462783 lw               x15, 4(x12)         x15=00000017 x12:1c01d060  PA:1c01d064
13222504ns          220457 1c00843c 00178793 addi             x15, x15, 1         x15=00000018 x15:00000017
13222524ns          220458 1c00843e 00f62223 sw               x15, 4(x12)         x15:00000018 x12:1c01d060  PA:1c01d064
13222842ns          220474 1c008440 00462783 lw               x15, 4(x12)         x15=00000018 x12:1c01d060  PA:1c01d064
13223160ns          220490 1c008442 00a79463 bne              x15, x10, 8         x15:00000018 x10:00000400
13223240ns          220494 1c00844a 0006a803 lw               x16, 0(x13)         x16=00000017 x13:1c017030  PA:1c017030
13223538ns          220509 1c00844e 0046a783 lw               x15, 4(x13)         x15=00000018 x13:1c017030  PA:1c017034
13223856ns          220525 1c008450 fef80de3 beq              x16, x15, -6        x16:00000017 x15:00000018
13223876ns          220526 1c008454 0006a783 lw               x15, 0(x13)         x15=00000017 x13:1c017030  PA:1c017030
13224194ns          220542 1c008456 00279793 slli             x15, x15, 0x2       x15=0000005c x15:00000017
13224214ns          220543 1c008458 20fb7783 lw               x15, x15(x22)       x15=dead0017 x15:0000005c x22:1c016030  PA:1c01608c
13224513ns          220558 1c00845c 0006a783 lw               x15, 0(x13)         x15=00000017 x13:1c017030  PA:1c017030
13224831ns          220574 1c00845e 00178793 addi             x15, x15, 1         x15=00000018 x15:00000017
13224851ns          220575 1c008460 00f6a023 sw               x15, 0(x13)         x15:00000018 x13:1c017030  PA:1c017030
13225169ns          220591 1c008462 0006a783 lw               x15, 0(x13)         x15=00000018 x13:1c017030  PA:1c017030
13225487ns          220607 1c008464 00a79463 bne              x15, x10, 8         x15:00000018 x10:00000400
13225547ns          220610 1c00846c 00072803 lw               x16, 0(x14)         x16=00000017 x14:1c016028  PA:1c016028
13225845ns          220625 1c008470 00472783 lw               x15, 4(x14)         x15=00000018 x14:1c016028  PA:1c01602c
13226164ns          220641 1c008472 fef80de3 beq              x16, x15, -6        x16:00000017 x15:00000018
13226184ns          220642 1c008476 00072783 lw               x15, 0(x14)         x15=00000017 x14:1c016028  PA:1c016028
13226502ns          220658 1c008478 00279793 slli             x15, x15, 0x2       x15=0000005c x15:00000017
13226522ns          220659 1c00847a 20fbf783 lw               x15, x15(x23)       x15=dead0317 x15:0000005c x23:1c015028  PA:1c015084
13226820ns          220674 1c00847e 00072783 lw               x15, 0(x14)         x15=00000017 x14:1c016028  PA:1c016028
13227138ns          220690 1c008480 00178793 addi             x15, x15, 1         x15=00000018 x15:00000017
13227158ns          220691 1c008482 00f72023 sw               x15, 0(x14)         x15:00000018 x14:1c016028  PA:1c016028
13227476ns          220707 1c008484 00072783 lw               x15, 0(x14)         x15=00000018 x14:1c016028  PA:1c016028
13227815ns          220724 1c008486 00a78663 beq              x15, x10, 12        x15:00000018 x10:00000400
13227835ns          220725 1c00848a fff88893 addi             x17, x17, -1        x17=00000008 x17:00000009
13227854ns          220726 1c00848c f60895e3 bne              x17, x0, -150       x17:00000008
13227934ns          220730 1c0083f6 00432f0b p.lw             x30, 4(x6!)         x30=dead0118  x6=10000e9c  x6:10000e98  PA:10000e98
13227954ns          220731 1c0083fa 0045a783 lw               x15, 4(x11)         x15=00000018 x11:1c014018  PA:1c01401c
13228292ns          220748 1c0083fc 00178793 addi             x15, x15, 1         x15=00000019 x15:00000018
13228312ns          220749 1c0083fe 0aa78363 beq              x15, x10, 166       x15:00000019 x10:00000400
13228332ns          220750 1c008402 0005a803 lw               x16, 0(x11)         x16=00000018 x11:1c014018  PA:1c014018
13228650ns          220766 1c008406 ff078ae3 beq              x15, x16, -12       x15:00000019 x16:00000018
13228670ns          220767 1c00840a 0045a783 lw               x15, 4(x11)         x15=00000018 x11:1c014018  PA:1c01401c
13228988ns          220783 1c00840c 00279793 slli             x15, x15, 0x2       x15=00000060 x15:00000018
13229008ns          220784 1c00840e 01ee67a3 p.sw             x30, x0(x28)        x30:dead0118 x28:1c013018  PA:1c013078
13229326ns          220800 1c008412 0045a783 lw               x15, 4(x11)         x15=00000018 x11:1c014018  PA:1c01401c
13229664ns          220817 1c008414 00178793 addi             x15, x15, 1         x15=00000019 x15:00000018
13229684ns          220818 1c008416 00f5a223 sw               x15, 4(x11)         x15:00000019 x11:1c014018  PA:1c01401c
13230003ns          220834 1c008418 0045a783 lw               x15, 4(x11)         x15=00000019 x11:1c014018  PA:1c01401c
13230321ns          220850 1c00841a 00a79463 bne              x15, x10, 8         x15:00000019 x10:00000400
13230381ns          220853 1c008422 00462783 lw               x15, 4(x12)         x15=00000018 x12:1c01d060  PA:1c01d064
13230699ns          220869 1c008424 00178793 addi             x15, x15, 1         x15=00000019 x15:00000018
13230719ns          220870 1c008426 06a78c63 beq              x15, x10, 120       x15:00000019 x10:00000400
13230739ns          220871 1c00842a 00062803 lw               x16, 0(x12)         x16=00000018 x12:1c01d060  PA:1c01d060
13231057ns          220887 1c00842e fef80ae3 beq              x16, x15, -12       x16:00000018 x15:00000019
13231077ns          220888 1c008432 00462783 lw               x15, 4(x12)         x15=00000018 x12:1c01d060  PA:1c01d064
13231395ns          220904 1c008434 00279793 slli             x15, x15, 0x2       x15=00000060 x15:00000018
13231415ns          220905 1c008436 01eee7a3 p.sw             x30, x0(x29)        x30:dead0118 x29:1c01c060  PA:1c01c0c0
13231733ns          220921 1c00843a 00462783 lw               x15, 4(x12)         x15=00000018 x12:1c01d060  PA:1c01d064
13232051ns          220937 1c00843c 00178793 addi             x15, x15, 1         x15=00000019 x15:00000018
13232071ns          220938 1c00843e 00f62223 sw               x15, 4(x12)         x15:00000019 x12:1c01d060  PA:1c01d064
13232389ns          220954 1c008440 00462783 lw               x15, 4(x12)         x15=00000019 x12:1c01d060  PA:1c01d064
13232708ns          220970 1c008442 00a79463 bne              x15, x10, 8         x15:00000019 x10:00000400
13232787ns          220974 1c00844a 0006a803 lw               x16, 0(x13)         x16=00000018 x13:1c017030  PA:1c017030
13233086ns          220989 1c00844e 0046a783 lw               x15, 4(x13)         x15=00000019 x13:1c017030  PA:1c017034
13233404ns          221005 1c008450 fef80de3 beq              x16, x15, -6        x16:00000018 x15:00000019
13233424ns          221006 1c008454 0006a783 lw               x15, 0(x13)         x15=00000018 x13:1c017030  PA:1c017030
13233742ns          221022 1c008456 00279793 slli             x15, x15, 0x2       x15=00000060 x15:00000018
13233762ns          221023 1c008458 20fb7783 lw               x15, x15(x22)       x15=dead0018 x15:00000060 x22:1c016030  PA:1c016090
13234060ns          221038 1c00845c 0006a783 lw               x15, 0(x13)         x15=00000018 x13:1c017030  PA:1c017030
13234379ns          221054 1c00845e 00178793 addi             x15, x15, 1         x15=00000019 x15:00000018
13234398ns          221055 1c008460 00f6a023 sw               x15, 0(x13)         x15:00000019 x13:1c017030  PA:1c017030
13234717ns          221071 1c008462 0006a783 lw               x15, 0(x13)         x15=00000019 x13:1c017030  PA:1c017030
13235035ns          221087 1c008464 00a79463 bne              x15, x10, 8         x15:00000019 x10:00000400
13235095ns          221090 1c00846c 00072803 lw               x16, 0(x14)         x16=00000018 x14:1c016028  PA:1c016028
13235393ns          221105 1c008470 00472783 lw               x15, 4(x14)         x15=00000019 x14:1c016028  PA:1c01602c
13235711ns          221121 1c008472 fef80de3 beq              x16, x15, -6        x16:00000018 x15:00000019
13235731ns          221122 1c008476 00072783 lw               x15, 0(x14)         x15=00000018 x14:1c016028  PA:1c016028
13236049ns          221138 1c008478 00279793 slli             x15, x15, 0x2       x15=00000060 x15:00000018
13236069ns          221139 1c00847a 20fbf783 lw               x15, x15(x23)       x15=dead0318 x15:00000060 x23:1c015028  PA:1c015088
13236368ns          221154 1c00847e 00072783 lw               x15, 0(x14)         x15=00000018 x14:1c016028  PA:1c016028
13236686ns          221170 1c008480 00178793 addi             x15, x15, 1         x15=00000019 x15:00000018
13236706ns          221171 1c008482 00f72023 sw               x15, 0(x14)         x15:00000019 x14:1c016028  PA:1c016028
13237024ns          221187 1c008484 00072783 lw               x15, 0(x14)         x15=00000019 x14:1c016028  PA:1c016028
13237342ns          221203 1c008486 00a78663 beq              x15, x10, 12        x15:00000019 x10:00000400
13237362ns          221204 1c00848a fff88893 addi             x17, x17, -1        x17=00000007 x17:00000008
13237382ns          221205 1c00848c f60895e3 bne              x17, x0, -150       x17:00000007
13237462ns          221209 1c0083f6 00432f0b p.lw             x30, 4(x6!)         x30=dead0119  x6=10000ea0  x6:10000e9c  PA:10000e9c
13237482ns          221210 1c0083fa 0045a783 lw               x15, 4(x11)         x15=00000019 x11:1c014018  PA:1c01401c
13237800ns          221226 1c0083fc 00178793 addi             x15, x15, 1         x15=0000001a x15:00000019
13237820ns          221227 1c0083fe 0aa78363 beq              x15, x10, 166       x15:0000001a x10:00000400
13237840ns          221228 1c008402 0005a803 lw               x16, 0(x11)         x16=00000019 x11:1c014018  PA:1c014018
13238158ns          221244 1c008406 ff078ae3 beq              x15, x16, -12       x15:0000001a x16:00000019
13238178ns          221245 1c00840a 0045a783 lw               x15, 4(x11)         x15=00000019 x11:1c014018  PA:1c01401c
13238496ns          221261 1c00840c 00279793 slli             x15, x15, 0x2       x15=00000064 x15:00000019
13238516ns          221262 1c00840e 01ee67a3 p.sw             x30, x0(x28)        x30:dead0119 x28:1c013018  PA:1c01307c
13238834ns          221278 1c008412 0045a783 lw               x15, 4(x11)         x15=00000019 x11:1c014018  PA:1c01401c
13239152ns          221294 1c008414 00178793 addi             x15, x15, 1         x15=0000001a x15:00000019
13239172ns          221295 1c008416 00f5a223 sw               x15, 4(x11)         x15:0000001a x11:1c014018  PA:1c01401c
13239490ns          221311 1c008418 0045a783 lw               x15, 4(x11)         x15=0000001a x11:1c014018  PA:1c01401c
13239809ns          221327 1c00841a 00a79463 bne              x15, x10, 8         x15:0000001a x10:00000400
13239868ns          221330 1c008422 00462783 lw               x15, 4(x12)         x15=00000019 x12:1c01d060  PA:1c01d064
13240187ns          221346 1c008424 00178793 addi             x15, x15, 1         x15=0000001a x15:00000019
13240207ns          221347 1c008426 06a78c63 beq              x15, x10, 120       x15:0000001a x10:00000400
13240226ns          221348 1c00842a 00062803 lw               x16, 0(x12)         x16=00000019 x12:1c01d060  PA:1c01d060
13240545ns          221364 1c00842e fef80ae3 beq              x16, x15, -12       x16:00000019 x15:0000001a
13240565ns          221365 1c008432 00462783 lw               x15, 4(x12)         x15=00000019 x12:1c01d060  PA:1c01d064
13240883ns          221381 1c008434 00279793 slli             x15, x15, 0x2       x15=00000064 x15:00000019
13240903ns          221382 1c008436 01eee7a3 p.sw             x30, x0(x29)        x30:dead0119 x29:1c01c060  PA:1c01c0c4
13241221ns          221398 1c00843a 00462783 lw               x15, 4(x12)         x15=00000019 x12:1c01d060  PA:1c01d064
13241559ns          221415 1c00843c 00178793 addi             x15, x15, 1         x15=0000001a x15:00000019
13241579ns          221416 1c00843e 00f62223 sw               x15, 4(x12)         x15:0000001a x12:1c01d060  PA:1c01d064
13241897ns          221432 1c008440 00462783 lw               x15, 4(x12)         x15=0000001a x12:1c01d060  PA:1c01d064
13242216ns          221448 1c008442 00a79463 bne              x15, x10, 8         x15:0000001a x10:00000400
13242295ns          221452 1c00844a 0006a803 lw               x16, 0(x13)         x16=00000019 x13:1c017030  PA:1c017030
13242593ns          221467 1c00844e 0046a783 lw               x15, 4(x13)         x15=0000001a x13:1c017030  PA:1c017034
13242932ns          221484 1c008450 fef80de3 beq              x16, x15, -6        x16:00000019 x15:0000001a
13242951ns          221485 1c008454 0006a783 lw               x15, 0(x13)         x15=00000019 x13:1c017030  PA:1c017030
13243270ns          221501 1c008456 00279793 slli             x15, x15, 0x2       x15=00000064 x15:00000019
13243290ns          221502 1c008458 20fb7783 lw               x15, x15(x22)       x15=dead0019 x15:00000064 x22:1c016030  PA:1c016094
13243588ns          221517 1c00845c 0006a783 lw               x15, 0(x13)         x15=00000019 x13:1c017030  PA:1c017030
13243906ns          221533 1c00845e 00178793 addi             x15, x15, 1         x15=0000001a x15:00000019
13243926ns          221534 1c008460 00f6a023 sw               x15, 0(x13)         x15:0000001a x13:1c017030  PA:1c017030
13244264ns          221551 1c008462 0006a783 lw               x15, 0(x13)         x15=0000001a x13:1c017030  PA:1c017030
13244583ns          221567 1c008464 00a79463 bne              x15, x10, 8         x15:0000001a x10:00000400
13244642ns          221570 1c00846c 00072803 lw               x16, 0(x14)         x16=00000019 x14:1c016028  PA:1c016028
13244941ns          221585 1c008470 00472783 lw               x15, 4(x14)         x15=0000001a x14:1c016028  PA:1c01602c
13245259ns          221601 1c008472 fef80de3 beq              x16, x15, -6        x16:00000019 x15:0000001a
13245279ns          221602 1c008476 00072783 lw               x15, 0(x14)         x15=00000019 x14:1c016028  PA:1c016028
13245617ns          221619 1c008478 00279793 slli             x15, x15, 0x2       x15=00000064 x15:00000019
13245637ns          221620 1c00847a 20fbf783 lw               x15, x15(x23)       x15=dead0319 x15:00000064 x23:1c015028  PA:1c01508c
13245935ns          221635 1c00847e 00072783 lw               x15, 0(x14)         x15=00000019 x14:1c016028  PA:1c016028
13246253ns          221651 1c008480 00178793 addi             x15, x15, 1         x15=0000001a x15:00000019
13246273ns          221652 1c008482 00f72023 sw               x15, 0(x14)         x15:0000001a x14:1c016028  PA:1c016028
13246591ns          221668 1c008484 00072783 lw               x15, 0(x14)         x15=0000001a x14:1c016028  PA:1c016028
13246930ns          221685 1c008486 00a78663 beq              x15, x10, 12        x15:0000001a x10:00000400
13246950ns          221686 1c00848a fff88893 addi             x17, x17, -1        x17=00000006 x17:00000007
13246969ns          221687 1c00848c f60895e3 bne              x17, x0, -150       x17:00000006
13247049ns          221691 1c0083f6 00432f0b p.lw             x30, 4(x6!)         x30=dead011a  x6=10000ea4  x6:10000ea0  PA:10000ea0
13247069ns          221692 1c0083fa 0045a783 lw               x15, 4(x11)         x15=0000001a x11:1c014018  PA:1c01401c
13247387ns          221708 1c0083fc 00178793 addi             x15, x15, 1         x15=0000001b x15:0000001a
13247407ns          221709 1c0083fe 0aa78363 beq              x15, x10, 166       x15:0000001b x10:00000400
13247427ns          221710 1c008402 0005a803 lw               x16, 0(x11)         x16=0000001a x11:1c014018  PA:1c014018
13247745ns          221726 1c008406 ff078ae3 beq              x15, x16, -12       x15:0000001b x16:0000001a
13247765ns          221727 1c00840a 0045a783 lw               x15, 4(x11)         x15=0000001a x11:1c014018  PA:1c01401c
13248083ns          221743 1c00840c 00279793 slli             x15, x15, 0x2       x15=00000068 x15:0000001a
13248103ns          221744 1c00840e 01ee67a3 p.sw             x30, x0(x28)        x30:dead011a x28:1c013018  PA:1c013080
13248421ns          221760 1c008412 0045a783 lw               x15, 4(x11)         x15=0000001a x11:1c014018  PA:1c01401c
13248740ns          221776 1c008414 00178793 addi             x15, x15, 1         x15=0000001b x15:0000001a
13248760ns          221777 1c008416 00f5a223 sw               x15, 4(x11)         x15:0000001b x11:1c014018  PA:1c01401c
13249078ns          221793 1c008418 0045a783 lw               x15, 4(x11)         x15=0000001b x11:1c014018  PA:1c01401c
13249396ns          221809 1c00841a 00a79463 bne              x15, x10, 8         x15:0000001b x10:00000400
13249456ns          221812 1c008422 00462783 lw               x15, 4(x12)         x15=0000001a x12:1c01d060  PA:1c01d064
13249774ns          221828 1c008424 00178793 addi             x15, x15, 1         x15=0000001b x15:0000001a
13249794ns          221829 1c008426 06a78c63 beq              x15, x10, 120       x15:0000001b x10:00000400
13249814ns          221830 1c00842a 00062803 lw               x16, 0(x12)         x16=0000001a x12:1c01d060  PA:1c01d060
13250132ns          221846 1c00842e fef80ae3 beq              x16, x15, -12       x16:0000001a x15:0000001b
13250152ns          221847 1c008432 00462783 lw               x15, 4(x12)         x15=0000001a x12:1c01d060  PA:1c01d064
13250470ns          221863 1c008434 00279793 slli             x15, x15, 0x2       x15=00000068 x15:0000001a
13250490ns          221864 1c008436 01eee7a3 p.sw             x30, x0(x29)        x30:dead011a x29:1c01c060  PA:1c01c0c8
13250808ns          221880 1c00843a 00462783 lw               x15, 4(x12)         x15=0000001a x12:1c01d060  PA:1c01d064
13251127ns          221896 1c00843c 00178793 addi             x15, x15, 1         x15=0000001b x15:0000001a
13251146ns          221897 1c00843e 00f62223 sw               x15, 4(x12)         x15:0000001b x12:1c01d060  PA:1c01d064
13251465ns          221913 1c008440 00462783 lw               x15, 4(x12)         x15=0000001b x12:1c01d060  PA:1c01d064
13251783ns          221929 1c008442 00a79463 bne              x15, x10, 8         x15:0000001b x10:00000400
13251863ns          221933 1c00844a 0006a803 lw               x16, 0(x13)         x16=0000001a x13:1c017030  PA:1c017030
13252161ns          221948 1c00844e 0046a783 lw               x15, 4(x13)         x15=0000001b x13:1c017030  PA:1c017034
13252479ns          221964 1c008450 fef80de3 beq              x16, x15, -6        x16:0000001a x15:0000001b
13252499ns          221965 1c008454 0006a783 lw               x15, 0(x13)         x15=0000001a x13:1c017030  PA:1c017030
13252817ns          221981 1c008456 00279793 slli             x15, x15, 0x2       x15=00000068 x15:0000001a
13252837ns          221982 1c008458 20fb7783 lw               x15, x15(x22)       x15=dead001a x15:00000068 x22:1c016030  PA:1c016098
13253136ns          221997 1c00845c 0006a783 lw               x15, 0(x13)         x15=0000001a x13:1c017030  PA:1c017030
13253454ns          222013 1c00845e 00178793 addi             x15, x15, 1         x15=0000001b x15:0000001a
13253474ns          222014 1c008460 00f6a023 sw               x15, 0(x13)         x15:0000001b x13:1c017030  PA:1c017030
13253792ns          222030 1c008462 0006a783 lw               x15, 0(x13)         x15=0000001b x13:1c017030  PA:1c017030
13254110ns          222046 1c008464 00a79463 bne              x15, x10, 8         x15:0000001b x10:00000400
13254170ns          222049 1c00846c 00072803 lw               x16, 0(x14)         x16=0000001a x14:1c016028  PA:1c016028
13254468ns          222064 1c008470 00472783 lw               x15, 4(x14)         x15=0000001b x14:1c016028  PA:1c01602c
13254786ns          222080 1c008472 fef80de3 beq              x16, x15, -6        x16:0000001a x15:0000001b
13254806ns          222081 1c008476 00072783 lw               x15, 0(x14)         x15=0000001a x14:1c016028  PA:1c016028
13255125ns          222097 1c008478 00279793 slli             x15, x15, 0x2       x15=00000068 x15:0000001a
13255145ns          222098 1c00847a 20fbf783 lw               x15, x15(x23)       x15=dead031a x15:00000068 x23:1c015028  PA:1c015090
13255443ns          222113 1c00847e 00072783 lw               x15, 0(x14)         x15=0000001a x14:1c016028  PA:1c016028
13255761ns          222129 1c008480 00178793 addi             x15, x15, 1         x15=0000001b x15:0000001a
13255781ns          222130 1c008482 00f72023 sw               x15, 0(x14)         x15:0000001b x14:1c016028  PA:1c016028
13256099ns          222146 1c008484 00072783 lw               x15, 0(x14)         x15=0000001b x14:1c016028  PA:1c016028
13256437ns          222163 1c008486 00a78663 beq              x15, x10, 12        x15:0000001b x10:00000400
13256457ns          222164 1c00848a fff88893 addi             x17, x17, -1        x17=00000005 x17:00000006
13256477ns          222165 1c00848c f60895e3 bne              x17, x0, -150       x17:00000005
13256557ns          222169 1c0083f6 00432f0b p.lw             x30, 4(x6!)         x30=dead011b  x6=10000ea8  x6:10000ea4  PA:10000ea4
13256577ns          222170 1c0083fa 0045a783 lw               x15, 4(x11)         x15=0000001b x11:1c014018  PA:1c01401c
13256895ns          222186 1c0083fc 00178793 addi             x15, x15, 1         x15=0000001c x15:0000001b
13256915ns          222187 1c0083fe 0aa78363 beq              x15, x10, 166       x15:0000001c x10:00000400
13256935ns          222188 1c008402 0005a803 lw               x16, 0(x11)         x16=0000001b x11:1c014018  PA:1c014018
13257253ns          222204 1c008406 ff078ae3 beq              x15, x16, -12       x15:0000001c x16:0000001b
13257273ns          222205 1c00840a 0045a783 lw               x15, 4(x11)         x15=0000001b x11:1c014018  PA:1c01401c
13257611ns          222222 1c00840c 00279793 slli             x15, x15, 0x2       x15=0000006c x15:0000001b
13257631ns          222223 1c00840e 01ee67a3 p.sw             x30, x0(x28)        x30:dead011b x28:1c013018  PA:1c013084
13257949ns          222239 1c008412 0045a783 lw               x15, 4(x11)         x15=0000001b x11:1c014018  PA:1c01401c
13258267ns          222255 1c008414 00178793 addi             x15, x15, 1         x15=0000001c x15:0000001b
13258287ns          222256 1c008416 00f5a223 sw               x15, 4(x11)         x15:0000001c x11:1c014018  PA:1c01401c
13258605ns          222272 1c008418 0045a783 lw               x15, 4(x11)         x15=0000001c x11:1c014018  PA:1c01401c
13258944ns          222289 1c00841a 00a79463 bne              x15, x10, 8         x15:0000001c x10:00000400
13259003ns          222292 1c008422 00462783 lw               x15, 4(x12)         x15=0000001b x12:1c01d060  PA:1c01d064
13259322ns          222308 1c008424 00178793 addi             x15, x15, 1         x15=0000001c x15:0000001b
13259341ns          222309 1c008426 06a78c63 beq              x15, x10, 120       x15:0000001c x10:00000400
13259361ns          222310 1c00842a 00062803 lw               x16, 0(x12)         x16=0000001b x12:1c01d060  PA:1c01d060
13259680ns          222326 1c00842e fef80ae3 beq              x16, x15, -12       x16:0000001b x15:0000001c
13259699ns          222327 1c008432 00462783 lw               x15, 4(x12)         x15=0000001b x12:1c01d060  PA:1c01d064
13260018ns          222343 1c008434 00279793 slli             x15, x15, 0x2       x15=0000006c x15:0000001b
13260038ns          222344 1c008436 01eee7a3 p.sw             x30, x0(x29)        x30:dead011b x29:1c01c060  PA:1c01c0cc
13260356ns          222360 1c00843a 00462783 lw               x15, 4(x12)         x15=0000001b x12:1c01d060  PA:1c01d064
13260674ns          222376 1c00843c 00178793 addi             x15, x15, 1         x15=0000001c x15:0000001b
13260694ns          222377 1c00843e 00f62223 sw               x15, 4(x12)         x15:0000001c x12:1c01d060  PA:1c01d064
13261012ns          222393 1c008440 00462783 lw               x15, 4(x12)         x15=0000001c x12:1c01d060  PA:1c01d064
13261331ns          222409 1c008442 00a79463 bne              x15, x10, 8         x15:0000001c x10:00000400
13261410ns          222413 1c00844a 0006a803 lw               x16, 0(x13)         x16=0000001b x13:1c017030  PA:1c017030
13261708ns          222428 1c00844e 0046a783 lw               x15, 4(x13)         x15=0000001c x13:1c017030  PA:1c017034
13262027ns          222444 1c008450 fef80de3 beq              x16, x15, -6        x16:0000001b x15:0000001c
13262047ns          222445 1c008454 0006a783 lw               x15, 0(x13)         x15=0000001b x13:1c017030  PA:1c017030
13262365ns          222461 1c008456 00279793 slli             x15, x15, 0x2       x15=0000006c x15:0000001b
13262385ns          222462 1c008458 20fb7783 lw               x15, x15(x22)       x15=dead001b x15:0000006c x22:1c016030  PA:1c01609c
13262683ns          222477 1c00845c 0006a783 lw               x15, 0(x13)         x15=0000001b x13:1c017030  PA:1c017030
13263001ns          222493 1c00845e 00178793 addi             x15, x15, 1         x15=0000001c x15:0000001b
13263021ns          222494 1c008460 00f6a023 sw               x15, 0(x13)         x15:0000001c x13:1c017030  PA:1c017030
13263339ns          222510 1c008462 0006a783 lw               x15, 0(x13)         x15=0000001c x13:1c017030  PA:1c017030
13263658ns          222526 1c008464 00a79463 bne              x15, x10, 8         x15:0000001c x10:00000400
13263717ns          222529 1c00846c 00072803 lw               x16, 0(x14)         x16=0000001b x14:1c016028  PA:1c016028
13264016ns          222544 1c008470 00472783 lw               x15, 4(x14)         x15=0000001c x14:1c016028  PA:1c01602c
13264334ns          222560 1c008472 fef80de3 beq              x16, x15, -6        x16:0000001b x15:0000001c
13264354ns          222561 1c008476 00072783 lw               x15, 0(x14)         x15=0000001b x14:1c016028  PA:1c016028
13264672ns          222577 1c008478 00279793 slli             x15, x15, 0x2       x15=0000006c x15:0000001b
13264692ns          222578 1c00847a 20fbf783 lw               x15, x15(x23)       x15=dead031b x15:0000006c x23:1c015028  PA:1c015094
13264990ns          222593 1c00847e 00072783 lw               x15, 0(x14)         x15=0000001b x14:1c016028  PA:1c016028
13265309ns          222609 1c008480 00178793 addi             x15, x15, 1         x15=0000001c x15:0000001b
13265329ns          222610 1c008482 00f72023 sw               x15, 0(x14)         x15:0000001c x14:1c016028  PA:1c016028
13265647ns          222626 1c008484 00072783 lw               x15, 0(x14)         x15=0000001c x14:1c016028  PA:1c016028
13265965ns          222642 1c008486 00a78663 beq              x15, x10, 12        x15:0000001c x10:00000400
13265985ns          222643 1c00848a fff88893 addi             x17, x17, -1        x17=00000004 x17:00000005
13266005ns          222644 1c00848c f60895e3 bne              x17, x0, -150       x17:00000004
13266084ns          222648 1c0083f6 00432f0b p.lw             x30, 4(x6!)         x30=dead011c  x6=10000eac  x6:10000ea8  PA:10000ea8
13266104ns          222649 1c0083fa 0045a783 lw               x15, 4(x11)         x15=0000001c x11:1c014018  PA:1c01401c
13266423ns          222665 1c0083fc 00178793 addi             x15, x15, 1         x15=0000001d x15:0000001c
13266442ns          222666 1c0083fe 0aa78363 beq              x15, x10, 166       x15:0000001d x10:00000400
13266462ns          222667 1c008402 0005a803 lw               x16, 0(x11)         x16=0000001c x11:1c014018  PA:1c014018
13266781ns          222683 1c008406 ff078ae3 beq              x15, x16, -12       x15:0000001d x16:0000001c
13266800ns          222684 1c00840a 0045a783 lw               x15, 4(x11)         x15=0000001c x11:1c014018  PA:1c01401c
13267119ns          222700 1c00840c 00279793 slli             x15, x15, 0x2       x15=00000070 x15:0000001c
13267139ns          222701 1c00840e 01ee67a3 p.sw             x30, x0(x28)        x30:dead011c x28:1c013018  PA:1c013088
13267457ns          222717 1c008412 0045a783 lw               x15, 4(x11)         x15=0000001c x11:1c014018  PA:1c01401c
13267775ns          222733 1c008414 00178793 addi             x15, x15, 1         x15=0000001d x15:0000001c
13267795ns          222734 1c008416 00f5a223 sw               x15, 4(x11)         x15:0000001d x11:1c014018  PA:1c01401c
13268113ns          222750 1c008418 0045a783 lw               x15, 4(x11)         x15=0000001d x11:1c014018  PA:1c01401c
13268432ns          222766 1c00841a 00a79463 bne              x15, x10, 8         x15:0000001d x10:00000400
13268491ns          222769 1c008422 00462783 lw               x15, 4(x12)         x15=0000001c x12:1c01d060  PA:1c01d064
13268809ns          222785 1c008424 00178793 addi             x15, x15, 1         x15=0000001d x15:0000001c
13268829ns          222786 1c008426 06a78c63 beq              x15, x10, 120       x15:0000001d x10:00000400
13268849ns          222787 1c00842a 00062803 lw               x16, 0(x12)         x16=0000001c x12:1c01d060  PA:1c01d060
13269167ns          222803 1c00842e fef80ae3 beq              x16, x15, -12       x16:0000001c x15:0000001d
13269187ns          222804 1c008432 00462783 lw               x15, 4(x12)         x15=0000001c x12:1c01d060  PA:1c01d064
13269526ns          222821 1c008434 00279793 slli             x15, x15, 0x2       x15=00000070 x15:0000001c
13269545ns          222822 1c008436 01eee7a3 p.sw             x30, x0(x29)        x30:dead011c x29:1c01c060  PA:1c01c0d0
13269864ns          222838 1c00843a 00462783 lw               x15, 4(x12)         x15=0000001c x12:1c01d060  PA:1c01d064
13270182ns          222854 1c00843c 00178793 addi             x15, x15, 1         x15=0000001d x15:0000001c
13270202ns          222855 1c00843e 00f62223 sw               x15, 4(x12)         x15:0000001d x12:1c01d060  PA:1c01d064
13270520ns          222871 1c008440 00462783 lw               x15, 4(x12)         x15=0000001d x12:1c01d060  PA:1c01d064
13270858ns          222888 1c008442 00a79463 bne              x15, x10, 8         x15:0000001d x10:00000400
13270938ns          222892 1c00844a 0006a803 lw               x16, 0(x13)         x16=0000001c x13:1c017030  PA:1c017030
13271236ns          222907 1c00844e 0046a783 lw               x15, 4(x13)         x15=0000001d x13:1c017030  PA:1c017034
13271554ns          222923 1c008450 fef80de3 beq              x16, x15, -6        x16:0000001c x15:0000001d
13271574ns          222924 1c008454 0006a783 lw               x15, 0(x13)         x15=0000001c x13:1c017030  PA:1c017030
13271893ns          222940 1c008456 00279793 slli             x15, x15, 0x2       x15=00000070 x15:0000001c
13271912ns          222941 1c008458 20fb7783 lw               x15, x15(x22)       x15=dead001c x15:00000070 x22:1c016030  PA:1c0160a0
13272231ns          222957 1c00845c 0006a783 lw               x15, 0(x13)         x15=0000001c x13:1c017030  PA:1c017030
13272549ns          222973 1c00845e 00178793 addi             x15, x15, 1         x15=0000001d x15:0000001c
13272569ns          222974 1c008460 00f6a023 sw               x15, 0(x13)         x15:0000001d x13:1c017030  PA:1c017030
13272887ns          222990 1c008462 0006a783 lw               x15, 0(x13)         x15=0000001d x13:1c017030  PA:1c017030
13273205ns          223006 1c008464 00a79463 bne              x15, x10, 8         x15:0000001d x10:00000400
13273265ns          223009 1c00846c 00072803 lw               x16, 0(x14)         x16=0000001c x14:1c016028  PA:1c016028
13273583ns          223025 1c008470 00472783 lw               x15, 4(x14)         x15=0000001d x14:1c016028  PA:1c01602c
13273901ns          223041 1c008472 fef80de3 beq              x16, x15, -6        x16:0000001c x15:0000001d
13273921ns          223042 1c008476 00072783 lw               x15, 0(x14)         x15=0000001c x14:1c016028  PA:1c016028
13274240ns          223058 1c008478 00279793 slli             x15, x15, 0x2       x15=00000070 x15:0000001c
13274260ns          223059 1c00847a 20fbf783 lw               x15, x15(x23)       x15=dead031c x15:00000070 x23:1c015028  PA:1c015098
13274558ns          223074 1c00847e 00072783 lw               x15, 0(x14)         x15=0000001c x14:1c016028  PA:1c016028
13274896ns          223091 1c008480 00178793 addi             x15, x15, 1         x15=0000001d x15:0000001c
13274916ns          223092 1c008482 00f72023 sw               x15, 0(x14)         x15:0000001d x14:1c016028  PA:1c016028
13275234ns          223108 1c008484 00072783 lw               x15, 0(x14)         x15=0000001d x14:1c016028  PA:1c016028
13275552ns          223124 1c008486 00a78663 beq              x15, x10, 12        x15:0000001d x10:00000400
13275572ns          223125 1c00848a fff88893 addi             x17, x17, -1        x17=00000003 x17:00000004
13275592ns          223126 1c00848c f60895e3 bne              x17, x0, -150       x17:00000003
13275672ns          223130 1c0083f6 00432f0b p.lw             x30, 4(x6!)         x30=dead011d  x6=10000eb0  x6:10000eac  PA:10000eac
13275692ns          223131 1c0083fa 0045a783 lw               x15, 4(x11)         x15=0000001d x11:1c014018  PA:1c01401c
13276010ns          223147 1c0083fc 00178793 addi             x15, x15, 1         x15=0000001e x15:0000001d
13276030ns          223148 1c0083fe 0aa78363 beq              x15, x10, 166       x15:0000001e x10:00000400
13276050ns          223149 1c008402 0005a803 lw               x16, 0(x11)         x16=0000001d x11:1c014018  PA:1c014018
13276368ns          223165 1c008406 ff078ae3 beq              x15, x16, -12       x15:0000001e x16:0000001d
13276388ns          223166 1c00840a 0045a783 lw               x15, 4(x11)         x15=0000001d x11:1c014018  PA:1c01401c
13276706ns          223182 1c00840c 00279793 slli             x15, x15, 0x2       x15=00000074 x15:0000001d
13276726ns          223183 1c00840e 01ee67a3 p.sw             x30, x0(x28)        x30:dead011d x28:1c013018  PA:1c01308c
13277044ns          223199 1c008412 0045a783 lw               x15, 4(x11)         x15=0000001d x11:1c014018  PA:1c01401c
13277362ns          223215 1c008414 00178793 addi             x15, x15, 1         x15=0000001e x15:0000001d
13277382ns          223216 1c008416 00f5a223 sw               x15, 4(x11)         x15:0000001e x11:1c014018  PA:1c01401c
13277701ns          223232 1c008418 0045a783 lw               x15, 4(x11)         x15=0000001e x11:1c014018  PA:1c01401c
13278019ns          223248 1c00841a 00a79463 bne              x15, x10, 8         x15:0000001e x10:00000400
13278079ns          223251 1c008422 00462783 lw               x15, 4(x12)         x15=0000001d x12:1c01d060  PA:1c01d064
13278397ns          223267 1c008424 00178793 addi             x15, x15, 1         x15=0000001e x15:0000001d
13278417ns          223268 1c008426 06a78c63 beq              x15, x10, 120       x15:0000001e x10:00000400
13278437ns          223269 1c00842a 00062803 lw               x16, 0(x12)         x16=0000001d x12:1c01d060  PA:1c01d060
13278755ns          223285 1c00842e fef80ae3 beq              x16, x15, -12       x16:0000001d x15:0000001e
13278775ns          223286 1c008432 00462783 lw               x15, 4(x12)         x15=0000001d x12:1c01d060  PA:1c01d064
13279093ns          223302 1c008434 00279793 slli             x15, x15, 0x2       x15=00000074 x15:0000001d
13279113ns          223303 1c008436 01eee7a3 p.sw             x30, x0(x29)        x30:dead011d x29:1c01c060  PA:1c01c0d4
13279431ns          223319 1c00843a 00462783 lw               x15, 4(x12)         x15=0000001d x12:1c01d060  PA:1c01d064
13279749ns          223335 1c00843c 00178793 addi             x15, x15, 1         x15=0000001e x15:0000001d
13279769ns          223336 1c00843e 00f62223 sw               x15, 4(x12)         x15:0000001e x12:1c01d060  PA:1c01d064
13280088ns          223352 1c008440 00462783 lw               x15, 4(x12)         x15=0000001e x12:1c01d060  PA:1c01d064
13280406ns          223368 1c008442 00a79463 bne              x15, x10, 8         x15:0000001e x10:00000400
13280485ns          223372 1c00844a 0006a803 lw               x16, 0(x13)         x16=0000001d x13:1c017030  PA:1c017030
13280784ns          223387 1c00844e 0046a783 lw               x15, 4(x13)         x15=0000001e x13:1c017030  PA:1c017034
13281102ns          223403 1c008450 fef80de3 beq              x16, x15, -6        x16:0000001d x15:0000001e
13281122ns          223404 1c008454 0006a783 lw               x15, 0(x13)         x15=0000001d x13:1c017030  PA:1c017030
13281440ns          223420 1c008456 00279793 slli             x15, x15, 0x2       x15=00000074 x15:0000001d
13281460ns          223421 1c008458 20fb7783 lw               x15, x15(x22)       x15=dead001d x15:00000074 x22:1c016030  PA:1c0160a4
13281758ns          223436 1c00845c 0006a783 lw               x15, 0(x13)         x15=0000001d x13:1c017030  PA:1c017030
13282077ns          223452 1c00845e 00178793 addi             x15, x15, 1         x15=0000001e x15:0000001d
13282096ns          223453 1c008460 00f6a023 sw               x15, 0(x13)         x15:0000001e x13:1c017030  PA:1c017030
13282415ns          223469 1c008462 0006a783 lw               x15, 0(x13)         x15=0000001e x13:1c017030  PA:1c017030
13282733ns          223485 1c008464 00a79463 bne              x15, x10, 8         x15:0000001e x10:00000400
13282793ns          223488 1c00846c 00072803 lw               x16, 0(x14)         x16=0000001d x14:1c016028  PA:1c016028
13283091ns          223503 1c008470 00472783 lw               x15, 4(x14)         x15=0000001e x14:1c016028  PA:1c01602c
13283409ns          223519 1c008472 fef80de3 beq              x16, x15, -6        x16:0000001d x15:0000001e
13283429ns          223520 1c008476 00072783 lw               x15, 0(x14)         x15=0000001d x14:1c016028  PA:1c016028
13283747ns          223536 1c008478 00279793 slli             x15, x15, 0x2       x15=00000074 x15:0000001d
13283767ns          223537 1c00847a 20fbf783 lw               x15, x15(x23)       x15=dead031d x15:00000074 x23:1c015028  PA:1c01509c
13284066ns          223552 1c00847e 00072783 lw               x15, 0(x14)         x15=0000001d x14:1c016028  PA:1c016028
13284384ns          223568 1c008480 00178793 addi             x15, x15, 1         x15=0000001e x15:0000001d
13284404ns          223569 1c008482 00f72023 sw               x15, 0(x14)         x15:0000001e x14:1c016028  PA:1c016028
13284722ns          223585 1c008484 00072783 lw               x15, 0(x14)         x15=0000001e x14:1c016028  PA:1c016028
13285060ns          223602 1c008486 00a78663 beq              x15, x10, 12        x15:0000001e x10:00000400
13285080ns          223603 1c00848a fff88893 addi             x17, x17, -1        x17=00000002 x17:00000003
13285100ns          223604 1c00848c f60895e3 bne              x17, x0, -150       x17:00000002
13285180ns          223608 1c0083f6 00432f0b p.lw             x30, 4(x6!)         x30=dead011e  x6=10000eb4  x6:10000eb0  PA:10000eb0
13285199ns          223609 1c0083fa 0045a783 lw               x15, 4(x11)         x15=0000001e x11:1c014018  PA:1c01401c
13285538ns          223626 1c0083fc 00178793 addi             x15, x15, 1         x15=0000001f x15:0000001e
13285557ns          223627 1c0083fe 0aa78363 beq              x15, x10, 166       x15:0000001f x10:00000400
13285577ns          223628 1c008402 0005a803 lw               x16, 0(x11)         x16=0000001e x11:1c014018  PA:1c014018
13285896ns          223644 1c008406 ff078ae3 beq              x15, x16, -12       x15:0000001f x16:0000001e
13285915ns          223645 1c00840a 0045a783 lw               x15, 4(x11)         x15=0000001e x11:1c014018  PA:1c01401c
13286234ns          223661 1c00840c 00279793 slli             x15, x15, 0x2       x15=00000078 x15:0000001e
13286254ns          223662 1c00840e 01ee67a3 p.sw             x30, x0(x28)        x30:dead011e x28:1c013018  PA:1c013090
13286572ns          223678 1c008412 0045a783 lw               x15, 4(x11)         x15=0000001e x11:1c014018  PA:1c01401c
13286910ns          223695 1c008414 00178793 addi             x15, x15, 1         x15=0000001f x15:0000001e
13286930ns          223696 1c008416 00f5a223 sw               x15, 4(x11)         x15:0000001f x11:1c014018  PA:1c01401c
13287248ns          223712 1c008418 0045a783 lw               x15, 4(x11)         x15=0000001f x11:1c014018  PA:1c01401c
13287566ns          223728 1c00841a 00a79463 bne              x15, x10, 8         x15:0000001f x10:00000400
13287626ns          223731 1c008422 00462783 lw               x15, 4(x12)         x15=0000001e x12:1c01d060  PA:1c01d064
13287944ns          223747 1c008424 00178793 addi             x15, x15, 1         x15=0000001f x15:0000001e
13287964ns          223748 1c008426 06a78c63 beq              x15, x10, 120       x15:0000001f x10:00000400
13287984ns          223749 1c00842a 00062803 lw               x16, 0(x12)         x16=0000001e x12:1c01d060  PA:1c01d060
13288302ns          223765 1c00842e fef80ae3 beq              x16, x15, -12       x16:0000001e x15:0000001f
13288322ns          223766 1c008432 00462783 lw               x15, 4(x12)         x15=0000001e x12:1c01d060  PA:1c01d064
13288641ns          223782 1c008434 00279793 slli             x15, x15, 0x2       x15=00000078 x15:0000001e
13288660ns          223783 1c008436 01eee7a3 p.sw             x30, x0(x29)        x30:dead011e x29:1c01c060  PA:1c01c0d8
13288979ns          223799 1c00843a 00462783 lw               x15, 4(x12)         x15=0000001e x12:1c01d060  PA:1c01d064
13289297ns          223815 1c00843c 00178793 addi             x15, x15, 1         x15=0000001f x15:0000001e
13289317ns          223816 1c00843e 00f62223 sw               x15, 4(x12)         x15:0000001f x12:1c01d060  PA:1c01d064
13289635ns          223832 1c008440 00462783 lw               x15, 4(x12)         x15=0000001f x12:1c01d060  PA:1c01d064
13289953ns          223848 1c008442 00a79463 bne              x15, x10, 8         x15:0000001f x10:00000400
13290033ns          223852 1c00844a 0006a803 lw               x16, 0(x13)         x16=0000001e x13:1c017030  PA:1c017030
13290331ns          223867 1c00844e 0046a783 lw               x15, 4(x13)         x15=0000001f x13:1c017030  PA:1c017034
13290649ns          223883 1c008450 fef80de3 beq              x16, x15, -6        x16:0000001e x15:0000001f
13290669ns          223884 1c008454 0006a783 lw               x15, 0(x13)         x15=0000001e x13:1c017030  PA:1c017030
13290988ns          223900 1c008456 00279793 slli             x15, x15, 0x2       x15=00000078 x15:0000001e
13291008ns          223901 1c008458 20fb7783 lw               x15, x15(x22)       x15=dead001e x15:00000078 x22:1c016030  PA:1c0160a8
13291306ns          223916 1c00845c 0006a783 lw               x15, 0(x13)         x15=0000001e x13:1c017030  PA:1c017030
13291624ns          223932 1c00845e 00178793 addi             x15, x15, 1         x15=0000001f x15:0000001e
13291644ns          223933 1c008460 00f6a023 sw               x15, 0(x13)         x15:0000001f x13:1c017030  PA:1c017030
13291962ns          223949 1c008462 0006a783 lw               x15, 0(x13)         x15=0000001f x13:1c017030  PA:1c017030
13292281ns          223965 1c008464 00a79463 bne              x15, x10, 8         x15:0000001f x10:00000400
13292340ns          223968 1c00846c 00072803 lw               x16, 0(x14)         x16=0000001e x14:1c016028  PA:1c016028
13292639ns          223983 1c008470 00472783 lw               x15, 4(x14)         x15=0000001f x14:1c016028  PA:1c01602c
13292957ns          223999 1c008472 fef80de3 beq              x16, x15, -6        x16:0000001e x15:0000001f
13292977ns          224000 1c008476 00072783 lw               x15, 0(x14)         x15=0000001e x14:1c016028  PA:1c016028
13293295ns          224016 1c008478 00279793 slli             x15, x15, 0x2       x15=00000078 x15:0000001e
13293315ns          224017 1c00847a 20fbf783 lw               x15, x15(x23)       x15=dead031e x15:00000078 x23:1c015028  PA:1c0150a0
13293613ns          224032 1c00847e 00072783 lw               x15, 0(x14)         x15=0000001e x14:1c016028  PA:1c016028
13293931ns          224048 1c008480 00178793 addi             x15, x15, 1         x15=0000001f x15:0000001e
13293951ns          224049 1c008482 00f72023 sw               x15, 0(x14)         x15:0000001f x14:1c016028  PA:1c016028
13294270ns          224065 1c008484 00072783 lw               x15, 0(x14)         x15=0000001f x14:1c016028  PA:1c016028
13294588ns          224081 1c008486 00a78663 beq              x15, x10, 12        x15:0000001f x10:00000400
13294608ns          224082 1c00848a fff88893 addi             x17, x17, -1        x17=00000001 x17:00000002
13294628ns          224083 1c00848c f60895e3 bne              x17, x0, -150       x17:00000001
13294707ns          224087 1c0083f6 00432f0b p.lw             x30, 4(x6!)         x30=dead011f  x6=10000eb8  x6:10000eb4  PA:10000eb4
13294727ns          224088 1c0083fa 0045a783 lw               x15, 4(x11)         x15=0000001f x11:1c014018  PA:1c01401c
13295045ns          224104 1c0083fc 00178793 addi             x15, x15, 1         x15=00000020 x15:0000001f
13295065ns          224105 1c0083fe 0aa78363 beq              x15, x10, 166       x15:00000020 x10:00000400
13295085ns          224106 1c008402 0005a803 lw               x16, 0(x11)         x16=0000001f x11:1c014018  PA:1c014018
13295403ns          224122 1c008406 ff078ae3 beq              x15, x16, -12       x15:00000020 x16:0000001f
13295423ns          224123 1c00840a 0045a783 lw               x15, 4(x11)         x15=0000001f x11:1c014018  PA:1c01401c
13295742ns          224139 1c00840c 00279793 slli             x15, x15, 0x2       x15=0000007c x15:0000001f
13295761ns          224140 1c00840e 01ee67a3 p.sw             x30, x0(x28)        x30:dead011f x28:1c013018  PA:1c013094
13296080ns          224156 1c008412 0045a783 lw               x15, 4(x11)         x15=0000001f x11:1c014018  PA:1c01401c
13296398ns          224172 1c008414 00178793 addi             x15, x15, 1         x15=00000020 x15:0000001f
13296418ns          224173 1c008416 00f5a223 sw               x15, 4(x11)         x15:00000020 x11:1c014018  PA:1c01401c
13296736ns          224189 1c008418 0045a783 lw               x15, 4(x11)         x15=00000020 x11:1c014018  PA:1c01401c
13297054ns          224205 1c00841a 00a79463 bne              x15, x10, 8         x15:00000020 x10:00000400
13297114ns          224208 1c008422 00462783 lw               x15, 4(x12)         x15=0000001f x12:1c01d060  PA:1c01d064
13297432ns          224224 1c008424 00178793 addi             x15, x15, 1         x15=00000020 x15:0000001f
13297452ns          224225 1c008426 06a78c63 beq              x15, x10, 120       x15:00000020 x10:00000400
13297472ns          224226 1c00842a 00062803 lw               x16, 0(x12)         x16=0000001f x12:1c01d060  PA:1c01d060
13297790ns          224242 1c00842e fef80ae3 beq              x16, x15, -12       x16:0000001f x15:00000020
13297810ns          224243 1c008432 00462783 lw               x15, 4(x12)         x15=0000001f x12:1c01d060  PA:1c01d064
13298128ns          224259 1c008434 00279793 slli             x15, x15, 0x2       x15=0000007c x15:0000001f
13298148ns          224260 1c008436 01eee7a3 p.sw             x30, x0(x29)        x30:dead011f x29:1c01c060  PA:1c01c0dc
13298467ns          224276 1c00843a 00462783 lw               x15, 4(x12)         x15=0000001f x12:1c01d060  PA:1c01d064
13298785ns          224292 1c00843c 00178793 addi             x15, x15, 1         x15=00000020 x15:0000001f
13298805ns          224293 1c00843e 00f62223 sw               x15, 4(x12)         x15:00000020 x12:1c01d060  PA:1c01d064
13299123ns          224309 1c008440 00462783 lw               x15, 4(x12)         x15=00000020 x12:1c01d060  PA:1c01d064
13299441ns          224325 1c008442 00a79463 bne              x15, x10, 8         x15:00000020 x10:00000400
13299521ns          224329 1c00844a 0006a803 lw               x16, 0(x13)         x16=0000001f x13:1c017030  PA:1c017030
13299819ns          224344 1c00844e 0046a783 lw               x15, 4(x13)         x15=00000020 x13:1c017030  PA:1c017034
13300157ns          224361 1c008450 fef80de3 beq              x16, x15, -6        x16:0000001f x15:00000020
13300177ns          224362 1c008454 0006a783 lw               x15, 0(x13)         x15=0000001f x13:1c017030  PA:1c017030
13300495ns          224378 1c008456 00279793 slli             x15, x15, 0x2       x15=0000007c x15:0000001f
13300515ns          224379 1c008458 20fb7783 lw               x15, x15(x22)       x15=dead001f x15:0000007c x22:1c016030  PA:1c0160ac
13300814ns          224394 1c00845c 0006a783 lw               x15, 0(x13)         x15=0000001f x13:1c017030  PA:1c017030
13301132ns          224410 1c00845e 00178793 addi             x15, x15, 1         x15=00000020 x15:0000001f
13301152ns          224411 1c008460 00f6a023 sw               x15, 0(x13)         x15:00000020 x13:1c017030  PA:1c017030
13301490ns          224428 1c008462 0006a783 lw               x15, 0(x13)         x15=00000020 x13:1c017030  PA:1c017030
13301808ns          224444 1c008464 00a79463 bne              x15, x10, 8         x15:00000020 x10:00000400
13301868ns          224447 1c00846c 00072803 lw               x16, 0(x14)         x16=0000001f x14:1c016028  PA:1c016028
13302166ns          224462 1c008470 00472783 lw               x15, 4(x14)         x15=00000020 x14:1c016028  PA:1c01602c
13302484ns          224478 1c008472 fef80de3 beq              x16, x15, -6        x16:0000001f x15:00000020
13302504ns          224479 1c008476 00072783 lw               x15, 0(x14)         x15=0000001f x14:1c016028  PA:1c016028
13302843ns          224496 1c008478 00279793 slli             x15, x15, 0x2       x15=0000007c x15:0000001f
13302862ns          224497 1c00847a 20fbf783 lw               x15, x15(x23)       x15=dead031f x15:0000007c x23:1c015028  PA:1c0150a4
13303161ns          224512 1c00847e 00072783 lw               x15, 0(x14)         x15=0000001f x14:1c016028  PA:1c016028
13303479ns          224528 1c008480 00178793 addi             x15, x15, 1         x15=00000020 x15:0000001f
13303499ns          224529 1c008482 00f72023 sw               x15, 0(x14)         x15:00000020 x14:1c016028  PA:1c016028
13303817ns          224545 1c008484 00072783 lw               x15, 0(x14)         x15=00000020 x14:1c016028  PA:1c016028
13304155ns          224562 1c008486 00a78663 beq              x15, x10, 12        x15:00000020 x10:00000400
13304175ns          224563 1c00848a fff88893 addi             x17, x17, -1        x17=00000000 x17:00000001
13304195ns          224564 1c00848c f60895e3 bne              x17, x0, -150       x17:00000000
13304215ns          224565 1c008490 e67ff06f jal              x0, -410           
13304334ns          224571 1c0082f6 5b7010ef jal              x1, 7606             x1=1c0082fa
13304374ns          224573 1c00a0ac f14027f3 csrrs            x15, x0, 0xf14      x15=00000001
13304394ns          224574 1c00a0b0 01f00713 addi             x14, x0, 31         x14=0000001f
13304414ns          224575 1c00a0b2 ca5797b3 p.extractu       x15, x15, 5, 5      x15=00000000 x15:00000001
13304434ns          224576 1c00a0b6 00e78863 beq              x15, x14, 16        x15:00000000 x14:0000001f
13304454ns          224577 1c00a0ba 002047b7 lui              x15, 0x204000       x15=00204000
13304474ns          224578 1c00a0be 20078793 addi             x15, x15, 512       x15=00204200 x15:00204000
13304493ns          224579 1c00a0c2 01c7e703 p.elw            x14, 28(x15)        x14=00010000 x15:00204200  PA:0020421c
13304812ns          224595 1c00a0c6 00008067 jalr             x0, x1, 0            x1:1c0082fa
13304871ns          224598 1c0082fa f14027f3 csrrs            x15, x0, 0xf14      x15=00000001
13305408ns          224625 1c0082fe f457b7b3 p.bclr           x15, x15, 26, 5     x15=00000001 x15:00000001
13305428ns          224626 1c008302 00079d63 bne              x15, x0, 26         x15:00000001
13305886ns          224649 1c00831c 25c12083 lw               x1, 604(x2)          x1=1c009fbc  x2:10000d98  PA:10000ff4
13306343ns          224672 1c008320 25812403 lw               x8, 600(x2)          x8=xxxxxxxx  x2:10000d98  PA:10000ff0
13306383ns          224674 1c008324 25412483 lw               x9, 596(x2)          x9=xxxxxxxx  x2:10000d98  PA:10000fec
13306403ns          224675 1c008328 25012903 lw               x18, 592(x2)        x18=xxxxxxxx  x2:10000d98  PA:10000fe8
13306423ns          224676 1c00832c 24c12983 lw               x19, 588(x2)        x19=xxxxxxxx  x2:10000d98  PA:10000fe4
13306920ns          224701 1c008330 24812a03 lw               x20, 584(x2)        x20=xxxxxxxx  x2:10000d98  PA:10000fe0
13306960ns          224703 1c008334 24412a83 lw               x21, 580(x2)        x21=xxxxxxxx  x2:10000d98  PA:10000fdc
13306980ns          224704 1c008338 24012b03 lw               x22, 576(x2)        x22=xxxxxxxx  x2:10000d98  PA:10000fd8
13307000ns          224705 1c00833c 23c12b83 lw               x23, 572(x2)        x23=xxxxxxxx  x2:10000d98  PA:10000fd4
13307417ns          224726 1c008340 23812c03 lw               x24, 568(x2)        x24=xxxxxxxx  x2:10000d98  PA:10000fd0
13307457ns          224728 1c008344 23412c83 lw               x25, 564(x2)        x25=xxxxxxxx  x2:10000d98  PA:10000fcc
13307477ns          224729 1c008348 23012d03 lw               x26, 560(x2)        x26=xxxxxxxx  x2:10000d98  PA:10000fc8
13307497ns          224730 1c00834c 22c12d83 lw               x27, 556(x2)        x27=xxxxxxxx  x2:10000d98  PA:10000fc4
13307954ns          224753 1c008350 00000513 addi             x10, x0, 0          x10=00000000
13307994ns          224755 1c008352 26010113 addi             x2, x2, 608          x2=10000ff8  x2:10000d98
13308014ns          224756 1c008356 00008067 jalr             x0, x1, 0            x1:1c009fbc
13308054ns          224758 1c009fbc f14027f3 csrrs            x15, x0, 0xf14      x15=00000001
13308114ns          224761 1c009fc0 f457b7b3 p.bclr           x15, x15, 26, 5     x15=00000001 x15:00000001
13308153ns          224763 1c009fc4 00079963 bne              x15, x0, 18         x15:00000001
13308690ns          224790 1c009fd6 002047b7 lui              x15, 0x204000       x15=00204000
13308710ns          224791 1c009fda fff00713 addi             x14, x0, -1         x14=ffffffff
13308730ns          224792 1c009fdc 00e7a223 sw               x14, 4(x15)         x14:ffffffff x15:00204000  PA:00204004
