                Time          Cycles PC       Instr    Mnemonic
15417678ns          251037 1c008080 0640006f jal              x0, 100            
15418136ns          251060 1c0080e4 f1402573 csrrs            x10, x0, 0xf14      x10=00000002
15418175ns          251062 1c0080e8 01f57593 andi             x11, x10, 31        x11=00000002 x10:00000002
15418195ns          251063 1c0080ec 00555513 srli             x10, x10, 0x5       x10=00000000 x10:00000002
15418215ns          251064 1c0080ee 01f00613 addi             x12, x0, 31         x12=0000001f
15418653ns          251086 1c0080f0 00c50463 beq              x10, x12, 8         x10:00000000 x12:0000001f
15418693ns          251088 1c0080f4 fa1ff06f jal              x0, -96            
15419150ns          251111 1c008094 f3ff8117 auipc            x2, 0xf3ff8000       x2=10000094
15419190ns          251113 1c008098 f7010113 addi             x2, x2, -144         x2=10000004  x2:10000094
15419210ns          251114 1c00809c 00012103 lw               x2, 0(x2)            x2=10000008  x2:10000004  PA:10000004
15419647ns          251136 1c0080a0 000011b7 lui              x3, 0x1000           x3=00001000
15419687ns          251138 1c0080a4 80018193 addi             x3, x3, -2048        x3=00000800  x3:00001000
15419707ns          251139 1c0080a8 00158593 addi             x11, x11, 1         x11=00000003 x11:00000002
15419727ns          251140 1c0080ac 02b180b3 mul              x1, x3, x11          x1=00001800  x3:00000800 x11:00000003
15420165ns          251162 1c0080b0 00110133 add              x2, x2, x1           x2=10001808  x2:10000008  x1:00001800
15420204ns          251164 1c0080b4 35c0206f jal              x0, 9052           
15420662ns          251187 1c00a410 ff010113 addi             x2, x2, -16          x2=100017f8  x2:10001808
15420682ns          251188 1c00a412 00112623 sw               x1, 12(x2)           x1:00001800  x2:100017f8  PA:10001804
15420702ns          251189 1c00a414 002047b7 lui              x15, 0x204000       x15=00204000
15420722ns          251190 1c00a418 00070737 lui              x14, 0x70000        x14=00070000
15420741ns          251191 1c00a41c 00e7a423 sw               x14, 8(x15)         x14:00070000 x15:00204000  PA:00204008
15420761ns          251192 1c00a41e 00f00713 addi             x14, x0, 15         x14=0000000f
15421199ns          251214 1c00a420 20078793 addi             x15, x15, 512       x15=00204200 x15:00204000
15421239ns          251216 1c00a424 00e7a023 sw               x14, 0(x15)         x14:0000000f x15:00204200  PA:00204200
15421259ns          251217 1c00a428 00e7a623 sw               x14, 12(x15)        x14:0000000f x15:00204200  PA:0020420c
15421278ns          251218 1c00a42c 1c0017b7 lui              x15, 0x1c001000     x15=1c001000
15421716ns          251240 1c00a430 a947a783 lw               x15, -1388(x15)     x15=1c00813e x15:1c001000  PA:1c000a94
15422054ns          251257 1c00a434 000780e7 jalr             x1, x15, 0           x1=1c00a436 x15:1c00813e
15422711ns          251290 1c00813e e4010113 addi             x2, x2, -448         x2=10001638  x2:100017f8
15423168ns          251313 1c008140 1a812c23 sw               x8, 440(x2)          x8:xxxxxxxx  x2:10001638  PA:100017f0
15423208ns          251315 1c008144 1a112e23 sw               x1, 444(x2)          x1:1c00a436  x2:10001638  PA:100017f4
15423228ns          251316 1c008148 f1402473 csrrs            x8, x0, 0xf14        x8=00000002
15423248ns          251317 1c00814c 1a912a23 sw               x9, 436(x2)          x9:xxxxxxxx  x2:10001638  PA:100017ec
15423685ns          251339 1c008150 1b212823 sw               x18, 432(x2)        x18:xxxxxxxx  x2:10001638  PA:100017e8
15423725ns          251341 1c008154 1b312623 sw               x19, 428(x2)        x19:xxxxxxxx  x2:10001638  PA:100017e4
15423745ns          251342 1c008158 1b412423 sw               x20, 424(x2)        x20:xxxxxxxx  x2:10001638  PA:100017e0
15423765ns          251343 1c00815c 1b512223 sw               x21, 420(x2)        x21:xxxxxxxx  x2:10001638  PA:100017dc
15424202ns          251365 1c008160 1b612023 sw               x22, 416(x2)        x22:xxxxxxxx  x2:10001638  PA:100017d8
15424242ns          251367 1c008164 19712e23 sw               x23, 412(x2)        x23:xxxxxxxx  x2:10001638  PA:100017d4
15424262ns          251368 1c008168 19812c23 sw               x24, 408(x2)        x24:xxxxxxxx  x2:10001638  PA:100017d0
15424282ns          251369 1c00816c 19912a23 sw               x25, 404(x2)        x25:xxxxxxxx  x2:10001638  PA:100017cc
15424720ns          251391 1c008170 19a12823 sw               x26, 400(x2)        x26:xxxxxxxx  x2:10001638  PA:100017c8
15424759ns          251393 1c008174 ca5417b3 p.extractu       x15, x8, 5, 5       x15=00000000  x8:00000002
15424779ns          251394 1c008178 040793e3 bne              x15, x0, 2118       x15:00000000
15424799ns          251395 1c00817c f4543433 p.bclr           x8, x8, 26, 5        x8=00000002  x8:00000002
15425257ns          251418 1c008180 1c000537 lui              x10, 0x1c000000     x10=1c000000
15425296ns          251420 1c008184 00800633 add              x12, x0, x8         x12=00000002  x8:00000002
15425316ns          251421 1c008186 00100593 addi             x11, x0, 1          x11=00000001
15425336ns          251422 1c008188 02850513 addi             x10, x10, 40        x10=1c000028 x10:1c000000
15425356ns          251423 1c00818c 7e5000ef jal              x1, 4068             x1=1c008190
15426231ns          251467 1c009170 fc010113 addi             x2, x2, -64          x2=100015f8  x2:10001638
15426271ns          251469 1c009172 02410313 addi             x6, x2, 36           x6=1000161c  x2:100015f8
15426291ns          251470 1c009176 02c12423 sw               x12, 40(x2)         x12:00000002  x2:100015f8  PA:10001620
15426311ns          251471 1c009178 00a00633 add              x12, x0, x10        x12=1c000028 x10:1c000028
15426331ns          251472 1c00917a 1c009537 lui              x10, 0x1c009000     x10=1c009000
15426351ns          251473 1c00917e 02b12223 sw               x11, 36(x2)         x11:00000001  x2:100015f8  PA:1000161c
15426748ns          251493 1c009180 02d12623 sw               x13, 44(x2)         x13:xxxxxxxx  x2:100015f8  PA:10001624
15426768ns          251494 1c009182 00200593 addi             x11, x0, 2          x11=00000002
15426788ns          251495 1c009184 006006b3 add              x13, x0, x6         x13=1000161c  x6:1000161c
15426808ns          251496 1c009186 10450513 addi             x10, x10, 260       x10=1c009104 x10:1c009000
15426828ns          251497 1c00918a 00112e23 sw               x1, 28(x2)           x1:1c008190  x2:100015f8  PA:10001614
15426848ns          251498 1c00918c 02e12823 sw               x14, 48(x2)         x14:0000000f  x2:100015f8  PA:10001628
15426868ns          251499 1c00918e 02f12a23 sw               x15, 52(x2)         x15:00000000  x2:100015f8  PA:1000162c
15427266ns          251519 1c009190 03012c23 sw               x16, 56(x2)         x16:xxxxxxxx  x2:100015f8  PA:10001630
15427285ns          251520 1c009192 03112e23 sw               x17, 60(x2)         x17:xxxxxxxx  x2:100015f8  PA:10001634
15427305ns          251521 1c009194 00612623 sw               x6, 12(x2)           x6:1000161c  x2:100015f8  PA:10001604
15427325ns          251522 1c009196 fbfff0ef jal              x1, -66              x1=1c009198
15427783ns          251545 1c009154 04a0006f jal              x0, 74             
15427823ns          251547 1c00919e ed010113 addi             x2, x2, -304         x2=100014c8  x2:100015f8
15428260ns          251569 1c0091a0 12812423 sw               x8, 296(x2)          x8:00000002  x2:100014c8  PA:100015f0
15428300ns          251571 1c0091a4 00000413 addi             x8, x0, 0            x8=00000000
15428320ns          251572 1c0091a6 11612823 sw               x22, 272(x2)        x22:xxxxxxxx  x2:100014c8  PA:100015d8
15428340ns          251573 1c0091aa 11712623 sw               x23, 268(x2)        x23:xxxxxxxx  x2:100014c8  PA:100015d4
15428777ns          251595 1c0091ae 11812423 sw               x24, 264(x2)        x24:xxxxxxxx  x2:100014c8  PA:100015d0
15428817ns          251597 1c0091b2 11912223 sw               x25, 260(x2)        x25:xxxxxxxx  x2:100014c8  PA:100015cc
15428837ns          251598 1c0091b6 11a12023 sw               x26, 256(x2)        x26:xxxxxxxx  x2:100014c8  PA:100015c8
15428857ns          251599 1c0091ba 0fb12e23 sw               x27, 252(x2)        x27:xxxxxxxx  x2:100014c8  PA:100015c4
15428877ns          251600 1c0091bc 12112623 sw               x1, 300(x2)          x1:1c009198  x2:100014c8  PA:100015f4
15429314ns          251622 1c0091c0 00800db3 add              x27, x0, x8         x27=00000000  x8:00000000
15429354ns          251624 1c0091c2 12912223 sw               x9, 292(x2)          x9:xxxxxxxx  x2:100014c8  PA:100015ec
15429374ns          251625 1c0091c6 13212023 sw               x18, 288(x2)        x18:xxxxxxxx  x2:100014c8  PA:100015e8
15429394ns          251626 1c0091ca 11312e23 sw               x19, 284(x2)        x19:xxxxxxxx  x2:100014c8  PA:100015e4
15429831ns          251648 1c0091ce 11412c23 sw               x20, 280(x2)        x20:xxxxxxxx  x2:100014c8  PA:100015e0
15429871ns          251650 1c0091d2 11512a23 sw               x21, 276(x2)        x21:xxxxxxxx  x2:100014c8  PA:100015dc
15429891ns          251651 1c0091d6 00a00b33 add              x22, x0, x10        x22=1c009104 x10:1c009104
15429911ns          251652 1c0091d8 00b00d33 add              x26, x0, x11        x26=00000002 x11:00000002
15429931ns          251653 1c0091da 00d00c33 add              x24, x0, x13        x24=1000161c x13:1000161c
15429951ns          251654 1c0091dc 1c000bb7 lui              x23, 0x1c000000     x23=1c000000
15430349ns          251674 1c0091e0 02410c93 addi             x25, x2, 36         x25=100014ec  x2:100014c8
15430388ns          251676 1c0091e4 00c00433 add              x8, x0, x12          x8=1c000028 x12:1c000028
15430408ns          251677 1c0091e6 00044503 lbu              x10, 0(x8)          x10=00000073  x8:1c000028  PA:1c000028
15430866ns          251700 1c0091ea 00140413 addi             x8, x8, 1            x8=1c000029  x8:1c000028
15430886ns          251701 1c0091ec 00050e63 beq              x10, x0, 28         x10:00000073
15430906ns          251702 1c0091ee 02500793 addi             x15, x0, 37         x15=00000025
15430925ns          251703 1c0091f2 04f50863 beq              x10, x15, 80        x10:00000073 x15:00000025
15430945ns          251704 1c0091f6 01a005b3 add              x11, x0, x26        x11=00000002 x26:00000002
15430965ns          251705 1c0091f8 000b00e7 jalr             x1, x22, 0           x1=1c0091fa x22:1c009104
15431920ns          251753 1c009104 000026b7 lui              x13, 0x2000         x13=00002000
15431960ns          251755 1c009106 f14027f3 csrrs            x15, x0, 0xf14      x15=00000002
15431980ns          251756 1c00910a f8068693 addi             x13, x13, -128      x13=00001f80 x13:00002000
15432417ns          251778 1c00910e 00379713 slli             x14, x15, 0x3       x14=00000010 x15:00000002
15432437ns          251779 1c009112 00279793 slli             x15, x15, 0x2       x15=00000008 x15:00000002
15432457ns          251780 1c009114 00d7f7b3 and              x15, x15, x13       x15=00000000 x15:00000008 x13:00001f80
15432477ns          251781 1c009116 ee873733 p.bclr           x14, x14, 23, 8     x14=00000010 x14:00000010
15432497ns          251782 1c00911a 1a10f6b7 lui              x13, 0x1a10f000     x13=1a10f000
15432934ns          251804 1c00911e 0ff57513 andi             x10, x10, 255       x10=00000073 x10:00000073
15432954ns          251805 1c009122 00d70733 add              x14, x14, x13       x14=1a10f010 x14:00000010 x13:1a10f000
15432974ns          251806 1c009124 00a7e723 p.sw             x10, x0(x15)        x10:00000073 x15:00000000  PA:1a10f010
15433372ns          251826 1c009128 00000513 addi             x10, x0, 0          x10=00000000
15433392ns          251827 1c00912a 00008067 jalr             x0, x1, 0            x1:1c0091fa
15433511ns          251833 1c0091fa 31f52563 p.beqimm         x10, 778            x10:00000000
15433531ns          251834 1c0091fe 001d8d93 addi             x27, x27, 1         x27=00000001 x27:00000000
15433571ns          251836 1c009200 00044503 lbu              x10, 0(x8)          x10=00000074  x8:1c000029  PA:1c000029
15433889ns          251852 1c009204 00140413 addi             x8, x8, 1            x8=1c00002a  x8:1c000029
15433909ns          251853 1c009206 fe0514e3 bne              x10, x0, -24        x10:00000074
15434168ns          251866 1c0091ee 02500793 addi             x15, x0, 37         x15=00000025
15434188ns          251867 1c0091f2 04f50863 beq              x10, x15, 80        x10:00000074 x15:00000025
15434207ns          251868 1c0091f6 01a005b3 add              x11, x0, x26        x11=00000002 x26:00000002
15434227ns          251869 1c0091f8 000b00e7 jalr             x1, x22, 0           x1=1c0091fa x22:1c009104
15434267ns          251871 1c009104 000026b7 lui              x13, 0x2000         x13=00002000
15434287ns          251872 1c009106 f14027f3 csrrs            x15, x0, 0xf14      x15=00000002
15434307ns          251873 1c00910a f8068693 addi             x13, x13, -128      x13=00001f80 x13:00002000
15434367ns          251876 1c00910e 00379713 slli             x14, x15, 0x3       x14=00000010 x15:00000002
15434386ns          251877 1c009112 00279793 slli             x15, x15, 0x2       x15=00000008 x15:00000002
15434406ns          251878 1c009114 00d7f7b3 and              x15, x15, x13       x15=00000000 x15:00000008 x13:00001f80
15434426ns          251879 1c009116 ee873733 p.bclr           x14, x14, 23, 8     x14=00000010 x14:00000010
15434446ns          251880 1c00911a 1a10f6b7 lui              x13, 0x1a10f000     x13=1a10f000
15434466ns          251881 1c00911e 0ff57513 andi             x10, x10, 255       x10=00000074 x10:00000074
15434486ns          251882 1c009122 00d70733 add              x14, x14, x13       x14=1a10f010 x14:00000010 x13:1a10f000
15434506ns          251883 1c009124 00a7e723 p.sw             x10, x0(x15)        x10:00000074 x15:00000000  PA:1a10f010
15434904ns          251903 1c009128 00000513 addi             x10, x0, 0          x10=00000000
15434924ns          251904 1c00912a 00008067 jalr             x0, x1, 0            x1:1c0091fa
15434983ns          251907 1c0091fa 31f52563 p.beqimm         x10, 778            x10:00000000
15435003ns          251908 1c0091fe 001d8d93 addi             x27, x27, 1         x27=00000002 x27:00000001
15435023ns          251909 1c009200 00044503 lbu              x10, 0(x8)          x10=00000061  x8:1c00002a  PA:1c00002a
15435321ns          251924 1c009204 00140413 addi             x8, x8, 1            x8=1c00002b  x8:1c00002a
15435341ns          251925 1c009206 fe0514e3 bne              x10, x0, -24        x10:00000061
15435421ns          251929 1c0091ee 02500793 addi             x15, x0, 37         x15=00000025
15435441ns          251930 1c0091f2 04f50863 beq              x10, x15, 80        x10:00000061 x15:00000025
15435461ns          251931 1c0091f6 01a005b3 add              x11, x0, x26        x11=00000002 x26:00000002
15435480ns          251932 1c0091f8 000b00e7 jalr             x1, x22, 0           x1=1c0091fa x22:1c009104
15435520ns          251934 1c009104 000026b7 lui              x13, 0x2000         x13=00002000
15435540ns          251935 1c009106 f14027f3 csrrs            x15, x0, 0xf14      x15=00000002
15435560ns          251936 1c00910a f8068693 addi             x13, x13, -128      x13=00001f80 x13:00002000
15435580ns          251937 1c00910e 00379713 slli             x14, x15, 0x3       x14=00000010 x15:00000002
15435600ns          251938 1c009112 00279793 slli             x15, x15, 0x2       x15=00000008 x15:00000002
15435620ns          251939 1c009114 00d7f7b3 and              x15, x15, x13       x15=00000000 x15:00000008 x13:00001f80
15435640ns          251940 1c009116 ee873733 p.bclr           x14, x14, 23, 8     x14=00000010 x14:00000010
15435659ns          251941 1c00911a 1a10f6b7 lui              x13, 0x1a10f000     x13=1a10f000
15435679ns          251942 1c00911e 0ff57513 andi             x10, x10, 255       x10=00000061 x10:00000061
15435699ns          251943 1c009122 00d70733 add              x14, x14, x13       x14=1a10f010 x14:00000010 x13:1a10f000
15435719ns          251944 1c009124 00a7e723 p.sw             x10, x0(x15)        x10:00000061 x15:00000000  PA:1a10f010
15436037ns          251960 1c009128 00000513 addi             x10, x0, 0          x10=00000000
15436057ns          251961 1c00912a 00008067 jalr             x0, x1, 0            x1:1c0091fa
15436117ns          251964 1c0091fa 31f52563 p.beqimm         x10, 778            x10:00000000
15436137ns          251965 1c0091fe 001d8d93 addi             x27, x27, 1         x27=00000003 x27:00000002
15436157ns          251966 1c009200 00044503 lbu              x10, 0(x8)          x10=00000072  x8:1c00002b  PA:1c00002b
15436455ns          251981 1c009204 00140413 addi             x8, x8, 1            x8=1c00002c  x8:1c00002b
15436475ns          251982 1c009206 fe0514e3 bne              x10, x0, -24        x10:00000072
15436555ns          251986 1c0091ee 02500793 addi             x15, x0, 37         x15=00000025
15436574ns          251987 1c0091f2 04f50863 beq              x10, x15, 80        x10:00000072 x15:00000025
15436594ns          251988 1c0091f6 01a005b3 add              x11, x0, x26        x11=00000002 x26:00000002
15436614ns          251989 1c0091f8 000b00e7 jalr             x1, x22, 0           x1=1c0091fa x22:1c009104
15436654ns          251991 1c009104 000026b7 lui              x13, 0x2000         x13=00002000
15436674ns          251992 1c009106 f14027f3 csrrs            x15, x0, 0xf14      x15=00000002
15436694ns          251993 1c00910a f8068693 addi             x13, x13, -128      x13=00001f80 x13:00002000
15436714ns          251994 1c00910e 00379713 slli             x14, x15, 0x3       x14=00000010 x15:00000002
15436734ns          251995 1c009112 00279793 slli             x15, x15, 0x2       x15=00000008 x15:00000002
15436753ns          251996 1c009114 00d7f7b3 and              x15, x15, x13       x15=00000000 x15:00000008 x13:00001f80
15436773ns          251997 1c009116 ee873733 p.bclr           x14, x14, 23, 8     x14=00000010 x14:00000010
15436793ns          251998 1c00911a 1a10f6b7 lui              x13, 0x1a10f000     x13=1a10f000
15436813ns          251999 1c00911e 0ff57513 andi             x10, x10, 255       x10=00000072 x10:00000072
15436833ns          252000 1c009122 00d70733 add              x14, x14, x13       x14=1a10f010 x14:00000010 x13:1a10f000
15436853ns          252001 1c009124 00a7e723 p.sw             x10, x0(x15)        x10:00000072 x15:00000000  PA:1a10f010
15437211ns          252019 1c009128 00000513 addi             x10, x0, 0          x10=00000000
15437231ns          252020 1c00912a 00008067 jalr             x0, x1, 0            x1:1c0091fa
15437291ns          252023 1c0091fa 31f52563 p.beqimm         x10, 778            x10:00000000
15437310ns          252024 1c0091fe 001d8d93 addi             x27, x27, 1         x27=00000004 x27:00000003
15437330ns          252025 1c009200 00044503 lbu              x10, 0(x8)          x10=00000074  x8:1c00002c  PA:1c00002c
15437629ns          252040 1c009204 00140413 addi             x8, x8, 1            x8=1c00002d  x8:1c00002c
15437649ns          252041 1c009206 fe0514e3 bne              x10, x0, -24        x10:00000074
15437728ns          252045 1c0091ee 02500793 addi             x15, x0, 37         x15=00000025
15437748ns          252046 1c0091f2 04f50863 beq              x10, x15, 80        x10:00000074 x15:00000025
15437768ns          252047 1c0091f6 01a005b3 add              x11, x0, x26        x11=00000002 x26:00000002
15437788ns          252048 1c0091f8 000b00e7 jalr             x1, x22, 0           x1=1c0091fa x22:1c009104
15437828ns          252050 1c009104 000026b7 lui              x13, 0x2000         x13=00002000
15437847ns          252051 1c009106 f14027f3 csrrs            x15, x0, 0xf14      x15=00000002
15437867ns          252052 1c00910a f8068693 addi             x13, x13, -128      x13=00001f80 x13:00002000
15437887ns          252053 1c00910e 00379713 slli             x14, x15, 0x3       x14=00000010 x15:00000002
15437907ns          252054 1c009112 00279793 slli             x15, x15, 0x2       x15=00000008 x15:00000002
15437927ns          252055 1c009114 00d7f7b3 and              x15, x15, x13       x15=00000000 x15:00000008 x13:00001f80
15437947ns          252056 1c009116 ee873733 p.bclr           x14, x14, 23, 8     x14=00000010 x14:00000010
15437967ns          252057 1c00911a 1a10f6b7 lui              x13, 0x1a10f000     x13=1a10f000
15437987ns          252058 1c00911e 0ff57513 andi             x10, x10, 255       x10=00000074 x10:00000074
15438007ns          252059 1c009122 00d70733 add              x14, x14, x13       x14=1a10f010 x14:00000010 x13:1a10f000
15438026ns          252060 1c009124 00a7e723 p.sw             x10, x0(x15)        x10:00000074 x15:00000000  PA:1a10f010
15438365ns          252077 1c009128 00000513 addi             x10, x0, 0          x10=00000000
15438385ns          252078 1c00912a 00008067 jalr             x0, x1, 0            x1:1c0091fa
15438444ns          252081 1c0091fa 31f52563 p.beqimm         x10, 778            x10:00000000
15438464ns          252082 1c0091fe 001d8d93 addi             x27, x27, 1         x27=00000005 x27:00000004
15438484ns          252083 1c009200 00044503 lbu              x10, 0(x8)          x10=00000069  x8:1c00002d  PA:1c00002d
15438782ns          252098 1c009204 00140413 addi             x8, x8, 1            x8=1c00002e  x8:1c00002d
15438802ns          252099 1c009206 fe0514e3 bne              x10, x0, -24        x10:00000069
15438882ns          252103 1c0091ee 02500793 addi             x15, x0, 37         x15=00000025
15438902ns          252104 1c0091f2 04f50863 beq              x10, x15, 80        x10:00000069 x15:00000025
15438922ns          252105 1c0091f6 01a005b3 add              x11, x0, x26        x11=00000002 x26:00000002
15438941ns          252106 1c0091f8 000b00e7 jalr             x1, x22, 0           x1=1c0091fa x22:1c009104
15438981ns          252108 1c009104 000026b7 lui              x13, 0x2000         x13=00002000
15439001ns          252109 1c009106 f14027f3 csrrs            x15, x0, 0xf14      x15=00000002
15439021ns          252110 1c00910a f8068693 addi             x13, x13, -128      x13=00001f80 x13:00002000
15439041ns          252111 1c00910e 00379713 slli             x14, x15, 0x3       x14=00000010 x15:00000002
15439061ns          252112 1c009112 00279793 slli             x15, x15, 0x2       x15=00000008 x15:00000002
15439081ns          252113 1c009114 00d7f7b3 and              x15, x15, x13       x15=00000000 x15:00000008 x13:00001f80
15439101ns          252114 1c009116 ee873733 p.bclr           x14, x14, 23, 8     x14=00000010 x14:00000010
15439120ns          252115 1c00911a 1a10f6b7 lui              x13, 0x1a10f000     x13=1a10f000
15439140ns          252116 1c00911e 0ff57513 andi             x10, x10, 255       x10=00000069 x10:00000069
15439160ns          252117 1c009122 00d70733 add              x14, x14, x13       x14=1a10f010 x14:00000010 x13:1a10f000
15439180ns          252118 1c009124 00a7e723 p.sw             x10, x0(x15)        x10:00000069 x15:00000000  PA:1a10f010
15439498ns          252134 1c009128 00000513 addi             x10, x0, 0          x10=00000000
15439518ns          252135 1c00912a 00008067 jalr             x0, x1, 0            x1:1c0091fa
15439578ns          252138 1c0091fa 31f52563 p.beqimm         x10, 778            x10:00000000
15439598ns          252139 1c0091fe 001d8d93 addi             x27, x27, 1         x27=00000006 x27:00000005
15439618ns          252140 1c009200 00044503 lbu              x10, 0(x8)          x10=0000006e  x8:1c00002e  PA:1c00002e
15439916ns          252155 1c009204 00140413 addi             x8, x8, 1            x8=1c00002f  x8:1c00002e
15439936ns          252156 1c009206 fe0514e3 bne              x10, x0, -24        x10:0000006e
15440016ns          252160 1c0091ee 02500793 addi             x15, x0, 37         x15=00000025
15440035ns          252161 1c0091f2 04f50863 beq              x10, x15, 80        x10:0000006e x15:00000025
15440055ns          252162 1c0091f6 01a005b3 add              x11, x0, x26        x11=00000002 x26:00000002
15440075ns          252163 1c0091f8 000b00e7 jalr             x1, x22, 0           x1=1c0091fa x22:1c009104
15440115ns          252165 1c009104 000026b7 lui              x13, 0x2000         x13=00002000
15440135ns          252166 1c009106 f14027f3 csrrs            x15, x0, 0xf14      x15=00000002
15440155ns          252167 1c00910a f8068693 addi             x13, x13, -128      x13=00001f80 x13:00002000
15440175ns          252168 1c00910e 00379713 slli             x14, x15, 0x3       x14=00000010 x15:00000002
15440195ns          252169 1c009112 00279793 slli             x15, x15, 0x2       x15=00000008 x15:00000002
15440214ns          252170 1c009114 00d7f7b3 and              x15, x15, x13       x15=00000000 x15:00000008 x13:00001f80
15440234ns          252171 1c009116 ee873733 p.bclr           x14, x14, 23, 8     x14=00000010 x14:00000010
15440254ns          252172 1c00911a 1a10f6b7 lui              x13, 0x1a10f000     x13=1a10f000
15440274ns          252173 1c00911e 0ff57513 andi             x10, x10, 255       x10=0000006e x10:0000006e
15440294ns          252174 1c009122 00d70733 add              x14, x14, x13       x14=1a10f010 x14:00000010 x13:1a10f000
15440314ns          252175 1c009124 00a7e723 p.sw             x10, x0(x15)        x10:0000006e x15:00000000  PA:1a10f010
15440652ns          252192 1c009128 00000513 addi             x10, x0, 0          x10=00000000
15440672ns          252193 1c00912a 00008067 jalr             x0, x1, 0            x1:1c0091fa
15440732ns          252196 1c0091fa 31f52563 p.beqimm         x10, 778            x10:00000000
15440752ns          252197 1c0091fe 001d8d93 addi             x27, x27, 1         x27=00000007 x27:00000006
15440771ns          252198 1c009200 00044503 lbu              x10, 0(x8)          x10=00000067  x8:1c00002f  PA:1c00002f
15441090ns          252214 1c009204 00140413 addi             x8, x8, 1            x8=1c000030  x8:1c00002f
15441110ns          252215 1c009206 fe0514e3 bne              x10, x0, -24        x10:00000067
15441189ns          252219 1c0091ee 02500793 addi             x15, x0, 37         x15=00000025
15441209ns          252220 1c0091f2 04f50863 beq              x10, x15, 80        x10:00000067 x15:00000025
15441229ns          252221 1c0091f6 01a005b3 add              x11, x0, x26        x11=00000002 x26:00000002
15441249ns          252222 1c0091f8 000b00e7 jalr             x1, x22, 0           x1=1c0091fa x22:1c009104
15441289ns          252224 1c009104 000026b7 lui              x13, 0x2000         x13=00002000
15441308ns          252225 1c009106 f14027f3 csrrs            x15, x0, 0xf14      x15=00000002
15441328ns          252226 1c00910a f8068693 addi             x13, x13, -128      x13=00001f80 x13:00002000
15441348ns          252227 1c00910e 00379713 slli             x14, x15, 0x3       x14=00000010 x15:00000002
15441368ns          252228 1c009112 00279793 slli             x15, x15, 0x2       x15=00000008 x15:00000002
15441388ns          252229 1c009114 00d7f7b3 and              x15, x15, x13       x15=00000000 x15:00000008 x13:00001f80
15441408ns          252230 1c009116 ee873733 p.bclr           x14, x14, 23, 8     x14=00000010 x14:00000010
15441428ns          252231 1c00911a 1a10f6b7 lui              x13, 0x1a10f000     x13=1a10f000
15441448ns          252232 1c00911e 0ff57513 andi             x10, x10, 255       x10=00000067 x10:00000067
15441468ns          252233 1c009122 00d70733 add              x14, x14, x13       x14=1a10f010 x14:00000010 x13:1a10f000
15441487ns          252234 1c009124 00a7e723 p.sw             x10, x0(x15)        x10:00000067 x15:00000000  PA:1a10f010
15441806ns          252250 1c009128 00000513 addi             x10, x0, 0          x10=00000000
15441826ns          252251 1c00912a 00008067 jalr             x0, x1, 0            x1:1c0091fa
15441885ns          252254 1c0091fa 31f52563 p.beqimm         x10, 778            x10:00000000
15441905ns          252255 1c0091fe 001d8d93 addi             x27, x27, 1         x27=00000008 x27:00000007
15441925ns          252256 1c009200 00044503 lbu              x10, 0(x8)          x10=00000020  x8:1c000030  PA:1c000030
15442223ns          252271 1c009204 00140413 addi             x8, x8, 1            x8=1c000031  x8:1c000030
15442243ns          252272 1c009206 fe0514e3 bne              x10, x0, -24        x10:00000020
15442323ns          252276 1c0091ee 02500793 addi             x15, x0, 37         x15=00000025
15442343ns          252277 1c0091f2 04f50863 beq              x10, x15, 80        x10:00000020 x15:00000025
15442363ns          252278 1c0091f6 01a005b3 add              x11, x0, x26        x11=00000002 x26:00000002
15442383ns          252279 1c0091f8 000b00e7 jalr             x1, x22, 0           x1=1c0091fa x22:1c009104
15442422ns          252281 1c009104 000026b7 lui              x13, 0x2000         x13=00002000
15442442ns          252282 1c009106 f14027f3 csrrs            x15, x0, 0xf14      x15=00000002
15442462ns          252283 1c00910a f8068693 addi             x13, x13, -128      x13=00001f80 x13:00002000
15442482ns          252284 1c00910e 00379713 slli             x14, x15, 0x3       x14=00000010 x15:00000002
15442502ns          252285 1c009112 00279793 slli             x15, x15, 0x2       x15=00000008 x15:00000002
15442522ns          252286 1c009114 00d7f7b3 and              x15, x15, x13       x15=00000000 x15:00000008 x13:00001f80
15442542ns          252287 1c009116 ee873733 p.bclr           x14, x14, 23, 8     x14=00000010 x14:00000010
15442562ns          252288 1c00911a 1a10f6b7 lui              x13, 0x1a10f000     x13=1a10f000
15442581ns          252289 1c00911e 0ff57513 andi             x10, x10, 255       x10=00000020 x10:00000020
15442601ns          252290 1c009122 00d70733 add              x14, x14, x13       x14=1a10f010 x14:00000010 x13:1a10f000
15442621ns          252291 1c009124 00a7e723 p.sw             x10, x0(x15)        x10:00000020 x15:00000000  PA:1a10f010
15442939ns          252307 1c009128 00000513 addi             x10, x0, 0          x10=00000000
15442959ns          252308 1c00912a 00008067 jalr             x0, x1, 0            x1:1c0091fa
15443019ns          252311 1c0091fa 31f52563 p.beqimm         x10, 778            x10:00000000
15443039ns          252312 1c0091fe 001d8d93 addi             x27, x27, 1         x27=00000009 x27:00000008
15443059ns          252313 1c009200 00044503 lbu              x10, 0(x8)          x10=00000025  x8:1c000031  PA:1c000031
15443357ns          252328 1c009204 00140413 addi             x8, x8, 1            x8=1c000032  x8:1c000031
15443377ns          252329 1c009206 fe0514e3 bne              x10, x0, -24        x10:00000025
15443457ns          252333 1c0091ee 02500793 addi             x15, x0, 37         x15=00000025
15443477ns          252334 1c0091f2 04f50863 beq              x10, x15, 80        x10:00000025 x15:00000025
15443934ns          252357 1c009242 00044483 lbu              x9, 0(x8)            x9=00000064  x8:1c000032  PA:1c000032
15444372ns          252379 1c009246 02000693 addi             x13, x0, 32         x13=00000020
15444392ns          252380 1c00924a 00140a93 addi             x21, x8, 1          x21=1c000033  x8:1c000032
15444411ns          252381 1c00924e 009005b3 add              x11, x0, x9         x11=00000064  x9:00000064
15444451ns          252383 1c009250 100b8513 addi             x10, x23, 256       x10=1c000100 x23:1c000000
15444491ns          252385 1c009254 00d12823 sw               x13, 16(x2)         x13:00000020  x2:100014c8  PA:100014d8
15444511ns          252386 1c009256 00012c23 sw               x0, 24(x2)           x2:100014c8  PA:100014e0
15444531ns          252387 1c009258 00012a23 sw               x0, 20(x2)           x2:100014c8  PA:100014dc
15444551ns          252388 1c00925a 00012e23 sw               x0, 28(x2)           x2:100014c8  PA:100014e4
15444571ns          252389 1c00925c 00012623 sw               x0, 12(x2)           x2:100014c8  PA:100014d4
15444968ns          252409 1c00925e 02300913 addi             x18, x0, 35         x18=00000023
15445008ns          252411 1c009262 02d00a13 addi             x20, x0, 45         x20=0000002d
15445028ns          252412 1c009266 015009b3 add              x19, x0, x21        x19=1c000033 x21:1c000033
15445048ns          252413 1c009268 e1dff0ef jal              x1, -484             x1=1c00926a
15445943ns          252458 1c009084 00054783 lbu              x15, 0(x10)         x15=0000002d x10:1c000100  PA:1c000100
15446400ns          252481 1c009088 0ff5f593 andi             x11, x11, 255       x11=00000064 x11:00000064
15446420ns          252482 1c00908c 00b78c63 beq              x15, x11, 24        x15:0000002d x11:00000064
15446460ns          252484 1c009090 00078b63 beq              x15, x0, 22         x15:0000002d
15446500ns          252486 1c009092 00150793 addi             x15, x10, 1         x15=1c000101 x10:1c000100
15446520ns          252487 1c009096 0040006f jal              x0, 4              
15446560ns          252489 1c00909a 00f00533 add              x10, x0, x15        x10=1c000101 x15:1c000101
15446579ns          252490 1c00909c 0017c70b p.lbu            x14, 1(x15!)        x14=0000002b x15=1c000102 x15:1c000101  PA:1c000101
15447037ns          252513 1c0090a0 feb71ce3 bne              x14, x11, -8        x14:0000002b x11:00000064
15447097ns          252516 1c009098 00070763 beq              x14, x0, 14         x14:0000002b
15447117ns          252517 1c00909a 00f00533 add              x10, x0, x15        x10=1c000102 x15:1c000102
15447136ns          252518 1c00909c 0017c70b p.lbu            x14, 1(x15!)        x14=00000020 x15=1c000103 x15:1c000102  PA:1c000102
15447574ns          252540 1c0090a0 feb71ce3 bne              x14, x11, -8        x14:00000020 x11:00000064
15447673ns          252545 1c009098 00070763 beq              x14, x0, 14         x14:00000020
15447693ns          252546 1c00909a 00f00533 add              x10, x0, x15        x10=1c000103 x15:1c000103
15447713ns          252547 1c00909c 0017c70b p.lbu            x14, 1(x15!)        x14=00000023 x15=1c000104 x15:1c000103  PA:1c000103
15448032ns          252563 1c0090a0 feb71ce3 bne              x14, x11, -8        x14:00000023 x11:00000064
15448091ns          252566 1c009098 00070763 beq              x14, x0, 14         x14:00000023
15448111ns          252567 1c00909a 00f00533 add              x10, x0, x15        x10=1c000104 x15:1c000104
15448131ns          252568 1c00909c 0017c70b p.lbu            x14, 1(x15!)        x14=00000030 x15=1c000105 x15:1c000104  PA:1c000104
15448489ns          252586 1c0090a0 feb71ce3 bne              x14, x11, -8        x14:00000030 x11:00000064
15448549ns          252589 1c009098 00070763 beq              x14, x0, 14         x14:00000030
15448569ns          252590 1c00909a 00f00533 add              x10, x0, x15        x10=1c000105 x15:1c000105
15448588ns          252591 1c00909c 0017c70b p.lbu            x14, 1(x15!)        x14=00000000 x15=1c000106 x15:1c000105  PA:1c000105
15448907ns          252607 1c0090a0 feb71ce3 bne              x14, x11, -8        x14:00000000 x11:00000064
15448966ns          252610 1c009098 00070763 beq              x14, x0, 14         x14:00000000
15449046ns          252614 1c0090a6 0015b593 sltiu            x11, x11, 1         x11=00000000 x11:00000064
15449066ns          252615 1c0090aa 40b005b3 sub              x11, x0, x11        x11=00000000 x11:00000000
15449086ns          252616 1c0090ae 00b57533 and              x10, x10, x11       x10=00000000 x10:1c000105 x11:00000000
15449106ns          252617 1c0090b0 00008067 jalr             x0, x1, 0            x1:1c00926a
15449145ns          252619 1c00926a 02050a63 beq              x10, x0, 52         x10:00000000
15450060ns          252665 1c00929e 02a00613 addi             x12, x0, 42         x12=0000002a
15450100ns          252667 1c0092a2 2ac48663 beq              x9, x12, 684         x9:00000064 x12:0000002a
15450120ns          252668 1c0092a6 fd048613 addi             x12, x9, -48        x12=00000034  x9:00000064
15450140ns          252669 1c0092aa 00900593 addi             x11, x0, 9          x11=00000009
15450160ns          252670 1c0092ac 00000913 addi             x18, x0, 0          x18=00000000
15450597ns          252692 1c0092ae 28c5f063 bgeu             x11, x12, 640       x11:00000009 x12:00000034
15450637ns          252694 1c0092b2 02e00693 addi             x13, x0, 46         x13=0000002e
15450657ns          252695 1c0092b6 fff00a13 addi             x20, x0, -1         x20=ffffffff
15450677ns          252696 1c0092b8 2ed48363 beq              x9, x13, 742         x9:00000064 x13:0000002e
15450697ns          252697 1c0092bc 1c0007b7 lui              x15, 0x1c000000     x15=1c000000
15451115ns          252718 1c0092c0 009005b3 add              x11, x0, x9         x11=00000064  x9:00000064
15451154ns          252720 1c0092c2 10878513 addi             x10, x15, 264       x10=1c000108 x15:1c000000
15451174ns          252721 1c0092c6 dbfff0ef jal              x1, -578             x1=1c0092c8
15451214ns          252723 1c009084 00054783 lbu              x15, 0(x10)         x15=00000068 x10:1c000108  PA:1c000108
15451512ns          252738 1c009088 0ff5f593 andi             x11, x11, 255       x11=00000064 x11:00000064
15451532ns          252739 1c00908c 00b78c63 beq              x15, x11, 24        x15:00000068 x11:00000064
15451552ns          252740 1c009090 00078b63 beq              x15, x0, 22         x15:00000068
15451572ns          252741 1c009092 00150793 addi             x15, x10, 1         x15=1c000109 x10:1c000108
15451592ns          252742 1c009096 0040006f jal              x0, 4              
15451632ns          252744 1c00909a 00f00533 add              x10, x0, x15        x10=1c000109 x15:1c000109
15451652ns          252745 1c00909c 0017c70b p.lbu            x14, 1(x15!)        x14=0000006c x15=1c00010a x15:1c000109  PA:1c000109
15451970ns          252761 1c0090a0 feb71ce3 bne              x14, x11, -8        x14:0000006c x11:00000064
15452030ns          252764 1c009098 00070763 beq              x14, x0, 14         x14:0000006c
15452049ns          252765 1c00909a 00f00533 add              x10, x0, x15        x10=1c00010a x15:1c00010a
15452069ns          252766 1c00909c 0017c70b p.lbu            x14, 1(x15!)        x14=0000004c x15=1c00010b x15:1c00010a  PA:1c00010a
15452388ns          252782 1c0090a0 feb71ce3 bne              x14, x11, -8        x14:0000004c x11:00000064
15452447ns          252785 1c009098 00070763 beq              x14, x0, 14         x14:0000004c
15452467ns          252786 1c00909a 00f00533 add              x10, x0, x15        x10=1c00010b x15:1c00010b
15452487ns          252787 1c00909c 0017c70b p.lbu            x14, 1(x15!)        x14=0000007a x15=1c00010c x15:1c00010b  PA:1c00010b
15452805ns          252803 1c0090a0 feb71ce3 bne              x14, x11, -8        x14:0000007a x11:00000064
15452865ns          252806 1c009098 00070763 beq              x14, x0, 14         x14:0000007a
15452885ns          252807 1c00909a 00f00533 add              x10, x0, x15        x10=1c00010c x15:1c00010c
15452905ns          252808 1c00909c 0017c70b p.lbu            x14, 1(x15!)        x14=00000000 x15=1c00010d x15:1c00010c  PA:1c00010c
15453223ns          252824 1c0090a0 feb71ce3 bne              x14, x11, -8        x14:00000000 x11:00000064
15453283ns          252827 1c009098 00070763 beq              x14, x0, 14         x14:00000000
15453362ns          252831 1c0090a6 0015b593 sltiu            x11, x11, 1         x11=00000000 x11:00000064
15453382ns          252832 1c0090aa 40b005b3 sub              x11, x0, x11        x11=00000000 x11:00000000
15453402ns          252833 1c0090ae 00b57533 and              x10, x10, x11       x10=00000000 x10:1c00010c x11:00000000
15453422ns          252834 1c0090b0 00008067 jalr             x0, x1, 0            x1:1c0092c8
15453462ns          252836 1c0092c8 01300433 add              x8, x0, x19          x8=1c000033 x19:1c000033
15453482ns          252837 1c0092ca 00050563 beq              x10, x0, 10         x10:00000000
15453959ns          252861 1c0092d4 06700693 addi             x13, x0, 103        x13=00000067
15453979ns          252862 1c0092d8 2896d963 bge              x13, x9, 658        x13:00000067  x9:00000064
15454993ns          252913 1c00956a 06500693 addi             x13, x0, 101        x13=00000065
15455431ns          252935 1c00956e 12d4d563 bge              x9, x13, 298         x9:00000064 x13:00000065
15455471ns          252937 1c009572 04700693 addi             x13, x0, 71         x13=00000047
15455491ns          252938 1c009576 dc96cbe3 blt              x13, x9, -554       x13:00000047  x9:00000064
15456465ns          252987 1c00934c 06300693 addi             x13, x0, 99         x13=00000063
15456923ns          253010 1c009350 0ad488e3 beq              x9, x13, 2224        x9:00000064 x13:00000063
15456962ns          253012 1c009354 0096c9e3 blt              x13, x9, 2066       x13:00000063  x9:00000064
15457480ns          253038 1c009b66 000c2583 lw               x11, 0(x24)         x11=00000001 x24:1000161c  PA:1000161c
15457500ns          253039 1c009b6a 004c0c13 addi             x24, x24, 4         x24=10001620 x24:1000161c
15457519ns          253040 1c009b6c 3405cc63 blt              x11, x0, 856        x11:00000001
15457937ns          253061 1c009b70 01412603 lw               x12, 20(x2)         x12=00000000  x2:100014c8  PA:100014dc
15457957ns          253062 1c009b72 00b006b3 add              x13, x0, x11        x13=00000001 x11:00000001
15457977ns          253063 1c009b74 2e061863 bne              x12, x0, 752        x12:00000000
15457997ns          253064 1c009b78 01812703 lw               x14, 24(x2)         x14=00000000  x2:100014c8  PA:100014e0
15458017ns          253065 1c009b7a 019007b3 add              x15, x0, x25        x15=100014ec x25:100014ec
15458037ns          253066 1c009b7c 00070763 beq              x14, x0, 14         x14:00000000
15458514ns          253090 1c009b8a 00f00733 add              x14, x0, x15        x14=100014ec x15:100014ec
15458534ns          253091 1c009b8c 00a00513 addi             x10, x0, 10         x10=0000000a
15458971ns          253113 1c009b8e 02a6f633 remu             x12, x13, x10       x12=00000001 x13:00000001 x10:0000000a
15459608ns          253145 1c009b92 02a6d6b3 divu             x13, x13, x10       x13=00000000 x13:00000001 x10:0000000a
15460225ns          253176 1c009b96 03060613 addi             x12, x12, 48        x12=00000031 x12:00000001
15460244ns          253177 1c009b9a 00c700ab p.sb             x12, 1(x14!)        x14=100014ed x12:00000031 x14:100014ec  PA:100014ec
15460264ns          253178 1c009b9e fe0698e3 bne              x13, x0, -16        x13:00000000
15460284ns          253179 1c009ba0 40f706b3 sub              x13, x14, x15       x13=00000001 x14:100014ed x15:100014ec
15460304ns          253180 1c009ba4 0146dc63 bge              x13, x20, 24        x13:00000001 x20:ffffffff
15460801ns          253205 1c009bbc 00e006b3 add              x13, x0, x14        x13=100014ed x14:100014ed
15461259ns          253228 1c009bbe fe068fab p.sb             x0, -1(x13!)        x13=100014ec x13:100014ed  PA:100014ed
15461299ns          253230 1c009bc2 00d7fc63 bgeu             x15, x13, 24        x15:100014ec x13:100014ec
15461776ns          253254 1c009bda 01412783 lw               x15, 20(x2)         x15=00000000  x2:100014c8  PA:100014dc
15461816ns          253256 1c009bdc 01812603 lw               x12, 24(x2)         x12=00000000  x2:100014c8  PA:100014e0
15462253ns          253278 1c009bde 419704b3 sub              x9, x14, x25         x9=00000001 x14:100014ed x25:100014ec
15462273ns          253279 1c009be2 00c7e7b3 or               x15, x15, x12       x15=00000000 x15:00000000 x12:00000000
15462293ns          253280 1c009be4 00f12623 sw               x15, 12(x2)         x15:00000000  x2:100014c8  PA:100014d4
15462313ns          253281 1c009be6 00079363 bne              x15, x0, 6          x15:00000000
15462333ns          253282 1c009be8 01f5d593 srli             x11, x11, 0x1f      x11=00000000 x11:00000001
15462353ns          253283 1c009bea 00b12623 sw               x11, 12(x2)         x11:00000000  x2:100014c8  PA:100014d4
15462373ns          253284 1c009bec e3fa28e3 p.beqimm         x20, -464           x20:ffffffff
15463228ns          253327 1c009a1c 0c800793 addi             x15, x0, 200        x15=000000c8
15463686ns          253350 1c009a20 9e97d0e3 bge              x15, x9, -1568      x15:000000c8  x9:00000001
15464163ns          253374 1c009400 0f24d163 bge              x9, x18, 226         x9:00000001 x18:00000000
15464680ns          253400 1c0094e2 d00482e3 beq              x9, x0, -764         x9:00000001
15464700ns          253401 1c0094e6 01900933 add              x18, x0, x25        x18=100014ec x25:100014ec
15464720ns          253402 1c0094e8 419d8db3 sub              x27, x27, x25       x27=efffeb1d x27:00000009 x25:100014ec
15464740ns          253403 1c0094ec 00a0006f jal              x0, 10             
15465237ns          253428 1c0094f6 0019450b p.lbu            x10, 1(x18!)        x10=00000031 x18=100014ed x18:100014ec  PA:100014ec
15465257ns          253429 1c0094fa 01a005b3 add              x11, x0, x26        x11=00000002 x26:00000002
15465277ns          253430 1c0094fc 000b00e7 jalr             x1, x22, 0           x1=1c0094fe x22:1c009104
15465734ns          253453 1c009104 000026b7 lui              x13, 0x2000         x13=00002000
15465754ns          253454 1c009106 f14027f3 csrrs            x15, x0, 0xf14      x15=00000002
15465774ns          253455 1c00910a f8068693 addi             x13, x13, -128      x13=00001f80 x13:00002000
15465794ns          253456 1c00910e 00379713 slli             x14, x15, 0x3       x14=00000010 x15:00000002
15465814ns          253457 1c009112 00279793 slli             x15, x15, 0x2       x15=00000008 x15:00000002
15465834ns          253458 1c009114 00d7f7b3 and              x15, x15, x13       x15=00000000 x15:00000008 x13:00001f80
15465854ns          253459 1c009116 ee873733 p.bclr           x14, x14, 23, 8     x14=00000010 x14:00000010
15465874ns          253460 1c00911a 1a10f6b7 lui              x13, 0x1a10f000     x13=1a10f000
15465913ns          253462 1c00911e 0ff57513 andi             x10, x10, 255       x10=00000031 x10:00000031
15465933ns          253463 1c009122 00d70733 add              x14, x14, x13       x14=1a10f010 x14:00000010 x13:1a10f000
15465953ns          253464 1c009124 00a7e723 p.sw             x10, x0(x15)        x10:00000031 x15:00000000  PA:1a10f010
15466371ns          253485 1c009128 00000513 addi             x10, x0, 0          x10=00000000
15466391ns          253486 1c00912a 00008067 jalr             x0, x1, 0            x1:1c0094fe
15466430ns          253488 1c0094fe fff48493 addi             x9, x9, -1           x9=00000000  x9:00000001
15466450ns          253489 1c009500 fff537e3 p.bneimm         x10, -18            x10:00000000
15466530ns          253493 1c0094ee 012d8733 add              x14, x27, x18       x14=0000000a x27:efffeb1d x18:100014ed
15466550ns          253494 1c0094f2 5a048b63 beq              x9, x0, 1462         x9:00000000
15466928ns          253513 1c009aa8 00e00db3 add              x27, x0, x14        x27=0000000a x14:0000000a
15466968ns          253515 1c009aaa f3cff06f jal              x0, -2244          
15467524ns          253543 1c0091e6 00044503 lbu              x10, 0(x8)          x10=00000020  x8:1c000033  PA:1c000033
15467823ns          253558 1c0091ea 00140413 addi             x8, x8, 1            x8=1c000034  x8:1c000033
15467843ns          253559 1c0091ec 00050e63 beq              x10, x0, 28         x10:00000020
15467863ns          253560 1c0091ee 02500793 addi             x15, x0, 37         x15=00000025
15467882ns          253561 1c0091f2 04f50863 beq              x10, x15, 80        x10:00000020 x15:00000025
15467902ns          253562 1c0091f6 01a005b3 add              x11, x0, x26        x11=00000002 x26:00000002
15467922ns          253563 1c0091f8 000b00e7 jalr             x1, x22, 0           x1=1c0091fa x22:1c009104
15468062ns          253570 1c009104 000026b7 lui              x13, 0x2000         x13=00002000
15468101ns          253572 1c009106 f14027f3 csrrs            x15, x0, 0xf14      x15=00000002
15468121ns          253573 1c00910a f8068693 addi             x13, x13, -128      x13=00001f80 x13:00002000
15468141ns          253574 1c00910e 00379713 slli             x14, x15, 0x3       x14=00000010 x15:00000002
15468161ns          253575 1c009112 00279793 slli             x15, x15, 0x2       x15=00000008 x15:00000002
15468181ns          253576 1c009114 00d7f7b3 and              x15, x15, x13       x15=00000000 x15:00000008 x13:00001f80
15468201ns          253577 1c009116 ee873733 p.bclr           x14, x14, 23, 8     x14=00000010 x14:00000010
15468221ns          253578 1c00911a 1a10f6b7 lui              x13, 0x1a10f000     x13=1a10f000
15468241ns          253579 1c00911e 0ff57513 andi             x10, x10, 255       x10=00000020 x10:00000020
15468260ns          253580 1c009122 00d70733 add              x14, x14, x13       x14=1a10f010 x14:00000010 x13:1a10f000
15468280ns          253581 1c009124 00a7e723 p.sw             x10, x0(x15)        x10:00000020 x15:00000000  PA:1a10f010
15468718ns          253603 1c009128 00000513 addi             x10, x0, 0          x10=00000000
15468738ns          253604 1c00912a 00008067 jalr             x0, x1, 0            x1:1c0091fa
15468797ns          253607 1c0091fa 31f52563 p.beqimm         x10, 778            x10:00000000
15468817ns          253608 1c0091fe 001d8d93 addi             x27, x27, 1         x27=0000000b x27:0000000a
15468837ns          253609 1c009200 00044503 lbu              x10, 0(x8)          x10=0000006b  x8:1c000034  PA:1c000034
15469136ns          253624 1c009204 00140413 addi             x8, x8, 1            x8=1c000035  x8:1c000034
15469155ns          253625 1c009206 fe0514e3 bne              x10, x0, -24        x10:0000006b
15469235ns          253629 1c0091ee 02500793 addi             x15, x0, 37         x15=00000025
15469255ns          253630 1c0091f2 04f50863 beq              x10, x15, 80        x10:0000006b x15:00000025
15469275ns          253631 1c0091f6 01a005b3 add              x11, x0, x26        x11=00000002 x26:00000002
15469295ns          253632 1c0091f8 000b00e7 jalr             x1, x22, 0           x1=1c0091fa x22:1c009104
15469335ns          253634 1c009104 000026b7 lui              x13, 0x2000         x13=00002000
15469354ns          253635 1c009106 f14027f3 csrrs            x15, x0, 0xf14      x15=00000002
15469374ns          253636 1c00910a f8068693 addi             x13, x13, -128      x13=00001f80 x13:00002000
15469434ns          253639 1c00910e 00379713 slli             x14, x15, 0x3       x14=00000010 x15:00000002
15469454ns          253640 1c009112 00279793 slli             x15, x15, 0x2       x15=00000008 x15:00000002
15469474ns          253641 1c009114 00d7f7b3 and              x15, x15, x13       x15=00000000 x15:00000008 x13:00001f80
15469494ns          253642 1c009116 ee873733 p.bclr           x14, x14, 23, 8     x14=00000010 x14:00000010
15469514ns          253643 1c00911a 1a10f6b7 lui              x13, 0x1a10f000     x13=1a10f000
15469533ns          253644 1c00911e 0ff57513 andi             x10, x10, 255       x10=0000006b x10:0000006b
15469553ns          253645 1c009122 00d70733 add              x14, x14, x13       x14=1a10f010 x14:00000010 x13:1a10f000
15469573ns          253646 1c009124 00a7e723 p.sw             x10, x0(x15)        x10:0000006b x15:00000000  PA:1a10f010
15469911ns          253663 1c009128 00000513 addi             x10, x0, 0          x10=00000000
15469931ns          253664 1c00912a 00008067 jalr             x0, x1, 0            x1:1c0091fa
15469991ns          253667 1c0091fa 31f52563 p.beqimm         x10, 778            x10:00000000
15470011ns          253668 1c0091fe 001d8d93 addi             x27, x27, 1         x27=0000000c x27:0000000b
15470031ns          253669 1c009200 00044503 lbu              x10, 0(x8)          x10=00000065  x8:1c000035  PA:1c000035
15470349ns          253685 1c009204 00140413 addi             x8, x8, 1            x8=1c000036  x8:1c000035
15470369ns          253686 1c009206 fe0514e3 bne              x10, x0, -24        x10:00000065
15470448ns          253690 1c0091ee 02500793 addi             x15, x0, 37         x15=00000025
15470468ns          253691 1c0091f2 04f50863 beq              x10, x15, 80        x10:00000065 x15:00000025
15470488ns          253692 1c0091f6 01a005b3 add              x11, x0, x26        x11=00000002 x26:00000002
15470508ns          253693 1c0091f8 000b00e7 jalr             x1, x22, 0           x1=1c0091fa x22:1c009104
15470548ns          253695 1c009104 000026b7 lui              x13, 0x2000         x13=00002000
15470568ns          253696 1c009106 f14027f3 csrrs            x15, x0, 0xf14      x15=00000002
15470588ns          253697 1c00910a f8068693 addi             x13, x13, -128      x13=00001f80 x13:00002000
15470608ns          253698 1c00910e 00379713 slli             x14, x15, 0x3       x14=00000010 x15:00000002
15470627ns          253699 1c009112 00279793 slli             x15, x15, 0x2       x15=00000008 x15:00000002
15470647ns          253700 1c009114 00d7f7b3 and              x15, x15, x13       x15=00000000 x15:00000008 x13:00001f80
15470667ns          253701 1c009116 ee873733 p.bclr           x14, x14, 23, 8     x14=00000010 x14:00000010
15470687ns          253702 1c00911a 1a10f6b7 lui              x13, 0x1a10f000     x13=1a10f000
15470707ns          253703 1c00911e 0ff57513 andi             x10, x10, 255       x10=00000065 x10:00000065
15470727ns          253704 1c009122 00d70733 add              x14, x14, x13       x14=1a10f010 x14:00000010 x13:1a10f000
15470747ns          253705 1c009124 00a7e723 p.sw             x10, x0(x15)        x10:00000065 x15:00000000  PA:1a10f010
15471065ns          253721 1c009128 00000513 addi             x10, x0, 0          x10=00000000
15471085ns          253722 1c00912a 00008067 jalr             x0, x1, 0            x1:1c0091fa
15471145ns          253725 1c0091fa 31f52563 p.beqimm         x10, 778            x10:00000000
15471164ns          253726 1c0091fe 001d8d93 addi             x27, x27, 1         x27=0000000d x27:0000000c
15471184ns          253727 1c009200 00044503 lbu              x10, 0(x8)          x10=00000072  x8:1c000036  PA:1c000036
15471483ns          253742 1c009204 00140413 addi             x8, x8, 1            x8=1c000037  x8:1c000036
15471503ns          253743 1c009206 fe0514e3 bne              x10, x0, -24        x10:00000072
15471582ns          253747 1c0091ee 02500793 addi             x15, x0, 37         x15=00000025
15471602ns          253748 1c0091f2 04f50863 beq              x10, x15, 80        x10:00000072 x15:00000025
15471622ns          253749 1c0091f6 01a005b3 add              x11, x0, x26        x11=00000002 x26:00000002
15471642ns          253750 1c0091f8 000b00e7 jalr             x1, x22, 0           x1=1c0091fa x22:1c009104
15471682ns          253752 1c009104 000026b7 lui              x13, 0x2000         x13=00002000
15471702ns          253753 1c009106 f14027f3 csrrs            x15, x0, 0xf14      x15=00000002
15471721ns          253754 1c00910a f8068693 addi             x13, x13, -128      x13=00001f80 x13:00002000
15471741ns          253755 1c00910e 00379713 slli             x14, x15, 0x3       x14=00000010 x15:00000002
15471761ns          253756 1c009112 00279793 slli             x15, x15, 0x2       x15=00000008 x15:00000002
15471781ns          253757 1c009114 00d7f7b3 and              x15, x15, x13       x15=00000000 x15:00000008 x13:00001f80
15471801ns          253758 1c009116 ee873733 p.bclr           x14, x14, 23, 8     x14=00000010 x14:00000010
15471821ns          253759 1c00911a 1a10f6b7 lui              x13, 0x1a10f000     x13=1a10f000
15471841ns          253760 1c00911e 0ff57513 andi             x10, x10, 255       x10=00000072 x10:00000072
15471861ns          253761 1c009122 00d70733 add              x14, x14, x13       x14=1a10f010 x14:00000010 x13:1a10f000
15471881ns          253762 1c009124 00a7e723 p.sw             x10, x0(x15)        x10:00000072 x15:00000000  PA:1a10f010
15472199ns          253778 1c009128 00000513 addi             x10, x0, 0          x10=00000000
15472219ns          253779 1c00912a 00008067 jalr             x0, x1, 0            x1:1c0091fa
15472278ns          253782 1c0091fa 31f52563 p.beqimm         x10, 778            x10:00000000
15472298ns          253783 1c0091fe 001d8d93 addi             x27, x27, 1         x27=0000000e x27:0000000d
15472318ns          253784 1c009200 00044503 lbu              x10, 0(x8)          x10=0000006e  x8:1c000037  PA:1c000037
15472616ns          253799 1c009204 00140413 addi             x8, x8, 1            x8=1c000038  x8:1c000037
15472636ns          253800 1c009206 fe0514e3 bne              x10, x0, -24        x10:0000006e
15472716ns          253804 1c0091ee 02500793 addi             x15, x0, 37         x15=00000025
15472736ns          253805 1c0091f2 04f50863 beq              x10, x15, 80        x10:0000006e x15:00000025
15472756ns          253806 1c0091f6 01a005b3 add              x11, x0, x26        x11=00000002 x26:00000002
15472776ns          253807 1c0091f8 000b00e7 jalr             x1, x22, 0           x1=1c0091fa x22:1c009104
15472815ns          253809 1c009104 000026b7 lui              x13, 0x2000         x13=00002000
15472835ns          253810 1c009106 f14027f3 csrrs            x15, x0, 0xf14      x15=00000002
15472855ns          253811 1c00910a f8068693 addi             x13, x13, -128      x13=00001f80 x13:00002000
15472875ns          253812 1c00910e 00379713 slli             x14, x15, 0x3       x14=00000010 x15:00000002
15472895ns          253813 1c009112 00279793 slli             x15, x15, 0x2       x15=00000008 x15:00000002
15472915ns          253814 1c009114 00d7f7b3 and              x15, x15, x13       x15=00000000 x15:00000008 x13:00001f80
15472935ns          253815 1c009116 ee873733 p.bclr           x14, x14, 23, 8     x14=00000010 x14:00000010
15472955ns          253816 1c00911a 1a10f6b7 lui              x13, 0x1a10f000     x13=1a10f000
15472975ns          253817 1c00911e 0ff57513 andi             x10, x10, 255       x10=0000006e x10:0000006e
15472994ns          253818 1c009122 00d70733 add              x14, x14, x13       x14=1a10f010 x14:00000010 x13:1a10f000
15473014ns          253819 1c009124 00a7e723 p.sw             x10, x0(x15)        x10:0000006e x15:00000000  PA:1a10f010
15473333ns          253835 1c009128 00000513 addi             x10, x0, 0          x10=00000000
15473352ns          253836 1c00912a 00008067 jalr             x0, x1, 0            x1:1c0091fa
15473412ns          253839 1c0091fa 31f52563 p.beqimm         x10, 778            x10:00000000
15473432ns          253840 1c0091fe 001d8d93 addi             x27, x27, 1         x27=0000000f x27:0000000e
15473452ns          253841 1c009200 00044503 lbu              x10, 0(x8)          x10=00000065  x8:1c000038  PA:1c000038
15473750ns          253856 1c009204 00140413 addi             x8, x8, 1            x8=1c000039  x8:1c000038
15473770ns          253857 1c009206 fe0514e3 bne              x10, x0, -24        x10:00000065
15473850ns          253861 1c0091ee 02500793 addi             x15, x0, 37         x15=00000025
15473870ns          253862 1c0091f2 04f50863 beq              x10, x15, 80        x10:00000065 x15:00000025
15473889ns          253863 1c0091f6 01a005b3 add              x11, x0, x26        x11=00000002 x26:00000002
15473909ns          253864 1c0091f8 000b00e7 jalr             x1, x22, 0           x1=1c0091fa x22:1c009104
15473949ns          253866 1c009104 000026b7 lui              x13, 0x2000         x13=00002000
15473969ns          253867 1c009106 f14027f3 csrrs            x15, x0, 0xf14      x15=00000002
15473989ns          253868 1c00910a f8068693 addi             x13, x13, -128      x13=00001f80 x13:00002000
15474009ns          253869 1c00910e 00379713 slli             x14, x15, 0x3       x14=00000010 x15:00000002
15474029ns          253870 1c009112 00279793 slli             x15, x15, 0x2       x15=00000008 x15:00000002
15474049ns          253871 1c009114 00d7f7b3 and              x15, x15, x13       x15=00000000 x15:00000008 x13:00001f80
15474069ns          253872 1c009116 ee873733 p.bclr           x14, x14, 23, 8     x14=00000010 x14:00000010
15474088ns          253873 1c00911a 1a10f6b7 lui              x13, 0x1a10f000     x13=1a10f000
15474108ns          253874 1c00911e 0ff57513 andi             x10, x10, 255       x10=00000065 x10:00000065
15474128ns          253875 1c009122 00d70733 add              x14, x14, x13       x14=1a10f010 x14:00000010 x13:1a10f000
15474148ns          253876 1c009124 00a7e723 p.sw             x10, x0(x15)        x10:00000065 x15:00000000  PA:1a10f010
15474466ns          253892 1c009128 00000513 addi             x10, x0, 0          x10=00000000
15474486ns          253893 1c00912a 00008067 jalr             x0, x1, 0            x1:1c0091fa
15474546ns          253896 1c0091fa 31f52563 p.beqimm         x10, 778            x10:00000000
15474566ns          253897 1c0091fe 001d8d93 addi             x27, x27, 1         x27=00000010 x27:0000000f
15474586ns          253898 1c009200 00044503 lbu              x10, 0(x8)          x10=0000006c  x8:1c000039  PA:1c000039
15474884ns          253913 1c009204 00140413 addi             x8, x8, 1            x8=1c00003a  x8:1c000039
15474904ns          253914 1c009206 fe0514e3 bne              x10, x0, -24        x10:0000006c
15474983ns          253918 1c0091ee 02500793 addi             x15, x0, 37         x15=00000025
15475003ns          253919 1c0091f2 04f50863 beq              x10, x15, 80        x10:0000006c x15:00000025
15475023ns          253920 1c0091f6 01a005b3 add              x11, x0, x26        x11=00000002 x26:00000002
15475043ns          253921 1c0091f8 000b00e7 jalr             x1, x22, 0           x1=1c0091fa x22:1c009104
15475083ns          253923 1c009104 000026b7 lui              x13, 0x2000         x13=00002000
15475103ns          253924 1c009106 f14027f3 csrrs            x15, x0, 0xf14      x15=00000002
15475123ns          253925 1c00910a f8068693 addi             x13, x13, -128      x13=00001f80 x13:00002000
15475143ns          253926 1c00910e 00379713 slli             x14, x15, 0x3       x14=00000010 x15:00000002
15475163ns          253927 1c009112 00279793 slli             x15, x15, 0x2       x15=00000008 x15:00000002
15475182ns          253928 1c009114 00d7f7b3 and              x15, x15, x13       x15=00000000 x15:00000008 x13:00001f80
15475202ns          253929 1c009116 ee873733 p.bclr           x14, x14, 23, 8     x14=00000010 x14:00000010
15475222ns          253930 1c00911a 1a10f6b7 lui              x13, 0x1a10f000     x13=1a10f000
15475242ns          253931 1c00911e 0ff57513 andi             x10, x10, 255       x10=0000006c x10:0000006c
15475262ns          253932 1c009122 00d70733 add              x14, x14, x13       x14=1a10f010 x14:00000010 x13:1a10f000
15475282ns          253933 1c009124 00a7e723 p.sw             x10, x0(x15)        x10:0000006c x15:00000000  PA:1a10f010
15475620ns          253950 1c009128 00000513 addi             x10, x0, 0          x10=00000000
15475640ns          253951 1c00912a 00008067 jalr             x0, x1, 0            x1:1c0091fa
15475700ns          253954 1c0091fa 31f52563 p.beqimm         x10, 778            x10:00000000
15475719ns          253955 1c0091fe 001d8d93 addi             x27, x27, 1         x27=00000011 x27:00000010
15475739ns          253956 1c009200 00044503 lbu              x10, 0(x8)          x10=00000020  x8:1c00003a  PA:1c00003a
15476038ns          253971 1c009204 00140413 addi             x8, x8, 1            x8=1c00003b  x8:1c00003a
15476058ns          253972 1c009206 fe0514e3 bne              x10, x0, -24        x10:00000020
15476137ns          253976 1c0091ee 02500793 addi             x15, x0, 37         x15=00000025
15476157ns          253977 1c0091f2 04f50863 beq              x10, x15, 80        x10:00000020 x15:00000025
15476177ns          253978 1c0091f6 01a005b3 add              x11, x0, x26        x11=00000002 x26:00000002
15476197ns          253979 1c0091f8 000b00e7 jalr             x1, x22, 0           x1=1c0091fa x22:1c009104
15476237ns          253981 1c009104 000026b7 lui              x13, 0x2000         x13=00002000
15476256ns          253982 1c009106 f14027f3 csrrs            x15, x0, 0xf14      x15=00000002
15476276ns          253983 1c00910a f8068693 addi             x13, x13, -128      x13=00001f80 x13:00002000
15476296ns          253984 1c00910e 00379713 slli             x14, x15, 0x3       x14=00000010 x15:00000002
15476316ns          253985 1c009112 00279793 slli             x15, x15, 0x2       x15=00000008 x15:00000002
15476336ns          253986 1c009114 00d7f7b3 and              x15, x15, x13       x15=00000000 x15:00000008 x13:00001f80
15476356ns          253987 1c009116 ee873733 p.bclr           x14, x14, 23, 8     x14=00000010 x14:00000010
15476376ns          253988 1c00911a 1a10f6b7 lui              x13, 0x1a10f000     x13=1a10f000
15476396ns          253989 1c00911e 0ff57513 andi             x10, x10, 255       x10=00000020 x10:00000020
15476416ns          253990 1c009122 00d70733 add              x14, x14, x13       x14=1a10f010 x14:00000010 x13:1a10f000
15476436ns          253991 1c009124 00a7e723 p.sw             x10, x0(x15)        x10:00000020 x15:00000000  PA:1a10f010
15476754ns          254007 1c009128 00000513 addi             x10, x0, 0          x10=00000000
15476774ns          254008 1c00912a 00008067 jalr             x0, x1, 0            x1:1c0091fa
15476833ns          254011 1c0091fa 31f52563 p.beqimm         x10, 778            x10:00000000
15476853ns          254012 1c0091fe 001d8d93 addi             x27, x27, 1         x27=00000012 x27:00000011
15476873ns          254013 1c009200 00044503 lbu              x10, 0(x8)          x10=00000069  x8:1c00003b  PA:1c00003b
15477171ns          254028 1c009204 00140413 addi             x8, x8, 1            x8=1c00003c  x8:1c00003b
15477191ns          254029 1c009206 fe0514e3 bne              x10, x0, -24        x10:00000069
15477271ns          254033 1c0091ee 02500793 addi             x15, x0, 37         x15=00000025
15477291ns          254034 1c0091f2 04f50863 beq              x10, x15, 80        x10:00000069 x15:00000025
15477311ns          254035 1c0091f6 01a005b3 add              x11, x0, x26        x11=00000002 x26:00000002
15477331ns          254036 1c0091f8 000b00e7 jalr             x1, x22, 0           x1=1c0091fa x22:1c009104
15477370ns          254038 1c009104 000026b7 lui              x13, 0x2000         x13=00002000
15477390ns          254039 1c009106 f14027f3 csrrs            x15, x0, 0xf14      x15=00000002
15477410ns          254040 1c00910a f8068693 addi             x13, x13, -128      x13=00001f80 x13:00002000
15477430ns          254041 1c00910e 00379713 slli             x14, x15, 0x3       x14=00000010 x15:00000002
15477450ns          254042 1c009112 00279793 slli             x15, x15, 0x2       x15=00000008 x15:00000002
15477470ns          254043 1c009114 00d7f7b3 and              x15, x15, x13       x15=00000000 x15:00000008 x13:00001f80
15477490ns          254044 1c009116 ee873733 p.bclr           x14, x14, 23, 8     x14=00000010 x14:00000010
15477510ns          254045 1c00911a 1a10f6b7 lui              x13, 0x1a10f000     x13=1a10f000
15477530ns          254046 1c00911e 0ff57513 andi             x10, x10, 255       x10=00000069 x10:00000069
15477549ns          254047 1c009122 00d70733 add              x14, x14, x13       x14=1a10f010 x14:00000010 x13:1a10f000
15477569ns          254048 1c009124 00a7e723 p.sw             x10, x0(x15)        x10:00000069 x15:00000000  PA:1a10f010
15477907ns          254065 1c009128 00000513 addi             x10, x0, 0          x10=00000000
15477927ns          254066 1c00912a 00008067 jalr             x0, x1, 0            x1:1c0091fa
15477987ns          254069 1c0091fa 31f52563 p.beqimm         x10, 778            x10:00000000
15478007ns          254070 1c0091fe 001d8d93 addi             x27, x27, 1         x27=00000013 x27:00000012
15478027ns          254071 1c009200 00044503 lbu              x10, 0(x8)          x10=00000074  x8:1c00003c  PA:1c00003c
15478345ns          254087 1c009204 00140413 addi             x8, x8, 1            x8=1c00003d  x8:1c00003c
15478365ns          254088 1c009206 fe0514e3 bne              x10, x0, -24        x10:00000074
15478444ns          254092 1c0091ee 02500793 addi             x15, x0, 37         x15=00000025
15478464ns          254093 1c0091f2 04f50863 beq              x10, x15, 80        x10:00000074 x15:00000025
15478484ns          254094 1c0091f6 01a005b3 add              x11, x0, x26        x11=00000002 x26:00000002
15478504ns          254095 1c0091f8 000b00e7 jalr             x1, x22, 0           x1=1c0091fa x22:1c009104
15478544ns          254097 1c009104 000026b7 lui              x13, 0x2000         x13=00002000
15478564ns          254098 1c009106 f14027f3 csrrs            x15, x0, 0xf14      x15=00000002
15478584ns          254099 1c00910a f8068693 addi             x13, x13, -128      x13=00001f80 x13:00002000
15478604ns          254100 1c00910e 00379713 slli             x14, x15, 0x3       x14=00000010 x15:00000002
15478623ns          254101 1c009112 00279793 slli             x15, x15, 0x2       x15=00000008 x15:00000002
15478643ns          254102 1c009114 00d7f7b3 and              x15, x15, x13       x15=00000000 x15:00000008 x13:00001f80
15478663ns          254103 1c009116 ee873733 p.bclr           x14, x14, 23, 8     x14=00000010 x14:00000010
15478683ns          254104 1c00911a 1a10f6b7 lui              x13, 0x1a10f000     x13=1a10f000
15478703ns          254105 1c00911e 0ff57513 andi             x10, x10, 255       x10=00000074 x10:00000074
15478723ns          254106 1c009122 00d70733 add              x14, x14, x13       x14=1a10f010 x14:00000010 x13:1a10f000
15478743ns          254107 1c009124 00a7e723 p.sw             x10, x0(x15)        x10:00000074 x15:00000000  PA:1a10f010
15479061ns          254123 1c009128 00000513 addi             x10, x0, 0          x10=00000000
15479081ns          254124 1c00912a 00008067 jalr             x0, x1, 0            x1:1c0091fa
15479141ns          254127 1c0091fa 31f52563 p.beqimm         x10, 778            x10:00000000
15479161ns          254128 1c0091fe 001d8d93 addi             x27, x27, 1         x27=00000014 x27:00000013
15479180ns          254129 1c009200 00044503 lbu              x10, 0(x8)          x10=00000065  x8:1c00003d  PA:1c00003d
15479479ns          254144 1c009204 00140413 addi             x8, x8, 1            x8=1c00003e  x8:1c00003d
15479499ns          254145 1c009206 fe0514e3 bne              x10, x0, -24        x10:00000065
15479578ns          254149 1c0091ee 02500793 addi             x15, x0, 37         x15=00000025
15479598ns          254150 1c0091f2 04f50863 beq              x10, x15, 80        x10:00000065 x15:00000025
15479618ns          254151 1c0091f6 01a005b3 add              x11, x0, x26        x11=00000002 x26:00000002
15479638ns          254152 1c0091f8 000b00e7 jalr             x1, x22, 0           x1=1c0091fa x22:1c009104
15479678ns          254154 1c009104 000026b7 lui              x13, 0x2000         x13=00002000
15479698ns          254155 1c009106 f14027f3 csrrs            x15, x0, 0xf14      x15=00000002
15479717ns          254156 1c00910a f8068693 addi             x13, x13, -128      x13=00001f80 x13:00002000
15479737ns          254157 1c00910e 00379713 slli             x14, x15, 0x3       x14=00000010 x15:00000002
15479757ns          254158 1c009112 00279793 slli             x15, x15, 0x2       x15=00000008 x15:00000002
15479777ns          254159 1c009114 00d7f7b3 and              x15, x15, x13       x15=00000000 x15:00000008 x13:00001f80
15479797ns          254160 1c009116 ee873733 p.bclr           x14, x14, 23, 8     x14=00000010 x14:00000010
15479817ns          254161 1c00911a 1a10f6b7 lui              x13, 0x1a10f000     x13=1a10f000
15479837ns          254162 1c00911e 0ff57513 andi             x10, x10, 255       x10=00000065 x10:00000065
15479857ns          254163 1c009122 00d70733 add              x14, x14, x13       x14=1a10f010 x14:00000010 x13:1a10f000
15479877ns          254164 1c009124 00a7e723 p.sw             x10, x0(x15)        x10:00000065 x15:00000000  PA:1a10f010
15480195ns          254180 1c009128 00000513 addi             x10, x0, 0          x10=00000000
15480215ns          254181 1c00912a 00008067 jalr             x0, x1, 0            x1:1c0091fa
15480274ns          254184 1c0091fa 31f52563 p.beqimm         x10, 778            x10:00000000
15480294ns          254185 1c0091fe 001d8d93 addi             x27, x27, 1         x27=00000015 x27:00000014
15480314ns          254186 1c009200 00044503 lbu              x10, 0(x8)          x10=00000072  x8:1c00003e  PA:1c00003e
15480613ns          254201 1c009204 00140413 addi             x8, x8, 1            x8=1c00003f  x8:1c00003e
15480632ns          254202 1c009206 fe0514e3 bne              x10, x0, -24        x10:00000072
15480712ns          254206 1c0091ee 02500793 addi             x15, x0, 37         x15=00000025
15480732ns          254207 1c0091f2 04f50863 beq              x10, x15, 80        x10:00000072 x15:00000025
15480752ns          254208 1c0091f6 01a005b3 add              x11, x0, x26        x11=00000002 x26:00000002
15480772ns          254209 1c0091f8 000b00e7 jalr             x1, x22, 0           x1=1c0091fa x22:1c009104
15480811ns          254211 1c009104 000026b7 lui              x13, 0x2000         x13=00002000
15480831ns          254212 1c009106 f14027f3 csrrs            x15, x0, 0xf14      x15=00000002
15480851ns          254213 1c00910a f8068693 addi             x13, x13, -128      x13=00001f80 x13:00002000
15480871ns          254214 1c00910e 00379713 slli             x14, x15, 0x3       x14=00000010 x15:00000002
15480891ns          254215 1c009112 00279793 slli             x15, x15, 0x2       x15=00000008 x15:00000002
15480911ns          254216 1c009114 00d7f7b3 and              x15, x15, x13       x15=00000000 x15:00000008 x13:00001f80
15480931ns          254217 1c009116 ee873733 p.bclr           x14, x14, 23, 8     x14=00000010 x14:00000010
15480951ns          254218 1c00911a 1a10f6b7 lui              x13, 0x1a10f000     x13=1a10f000
15480971ns          254219 1c00911e 0ff57513 andi             x10, x10, 255       x10=00000072 x10:00000072
15480990ns          254220 1c009122 00d70733 add              x14, x14, x13       x14=1a10f010 x14:00000010 x13:1a10f000
15481010ns          254221 1c009124 00a7e723 p.sw             x10, x0(x15)        x10:00000072 x15:00000000  PA:1a10f010
15481329ns          254237 1c009128 00000513 addi             x10, x0, 0          x10=00000000
15481349ns          254238 1c00912a 00008067 jalr             x0, x1, 0            x1:1c0091fa
15481408ns          254241 1c0091fa 31f52563 p.beqimm         x10, 778            x10:00000000
15481428ns          254242 1c0091fe 001d8d93 addi             x27, x27, 1         x27=00000016 x27:00000015
15481448ns          254243 1c009200 00044503 lbu              x10, 0(x8)          x10=00000061  x8:1c00003f  PA:1c00003f
15481746ns          254258 1c009204 00140413 addi             x8, x8, 1            x8=1c000040  x8:1c00003f
15481766ns          254259 1c009206 fe0514e3 bne              x10, x0, -24        x10:00000061
15481846ns          254263 1c0091ee 02500793 addi             x15, x0, 37         x15=00000025
15481866ns          254264 1c0091f2 04f50863 beq              x10, x15, 80        x10:00000061 x15:00000025
15481886ns          254265 1c0091f6 01a005b3 add              x11, x0, x26        x11=00000002 x26:00000002
15481905ns          254266 1c0091f8 000b00e7 jalr             x1, x22, 0           x1=1c0091fa x22:1c009104
15481945ns          254268 1c009104 000026b7 lui              x13, 0x2000         x13=00002000
15481965ns          254269 1c009106 f14027f3 csrrs            x15, x0, 0xf14      x15=00000002
15481985ns          254270 1c00910a f8068693 addi             x13, x13, -128      x13=00001f80 x13:00002000
15482005ns          254271 1c00910e 00379713 slli             x14, x15, 0x3       x14=00000010 x15:00000002
15482025ns          254272 1c009112 00279793 slli             x15, x15, 0x2       x15=00000008 x15:00000002
15482045ns          254273 1c009114 00d7f7b3 and              x15, x15, x13       x15=00000000 x15:00000008 x13:00001f80
15482065ns          254274 1c009116 ee873733 p.bclr           x14, x14, 23, 8     x14=00000010 x14:00000010
15482084ns          254275 1c00911a 1a10f6b7 lui              x13, 0x1a10f000     x13=1a10f000
15482104ns          254276 1c00911e 0ff57513 andi             x10, x10, 255       x10=00000061 x10:00000061
15482124ns          254277 1c009122 00d70733 add              x14, x14, x13       x14=1a10f010 x14:00000010 x13:1a10f000
15482144ns          254278 1c009124 00a7e723 p.sw             x10, x0(x15)        x10:00000061 x15:00000000  PA:1a10f010
15482482ns          254295 1c009128 00000513 addi             x10, x0, 0          x10=00000000
15482502ns          254296 1c00912a 00008067 jalr             x0, x1, 0            x1:1c0091fa
15482562ns          254299 1c0091fa 31f52563 p.beqimm         x10, 778            x10:00000000
15482582ns          254300 1c0091fe 001d8d93 addi             x27, x27, 1         x27=00000017 x27:00000016
15482602ns          254301 1c009200 00044503 lbu              x10, 0(x8)          x10=00000074  x8:1c000040  PA:1c000040
15482900ns          254316 1c009204 00140413 addi             x8, x8, 1            x8=1c000041  x8:1c000040
15482920ns          254317 1c009206 fe0514e3 bne              x10, x0, -24        x10:00000074
15482999ns          254321 1c0091ee 02500793 addi             x15, x0, 37         x15=00000025
15483019ns          254322 1c0091f2 04f50863 beq              x10, x15, 80        x10:00000074 x15:00000025
15483039ns          254323 1c0091f6 01a005b3 add              x11, x0, x26        x11=00000002 x26:00000002
15483059ns          254324 1c0091f8 000b00e7 jalr             x1, x22, 0           x1=1c0091fa x22:1c009104
15483099ns          254326 1c009104 000026b7 lui              x13, 0x2000         x13=00002000
15483119ns          254327 1c009106 f14027f3 csrrs            x15, x0, 0xf14      x15=00000002
15483139ns          254328 1c00910a f8068693 addi             x13, x13, -128      x13=00001f80 x13:00002000
15483159ns          254329 1c00910e 00379713 slli             x14, x15, 0x3       x14=00000010 x15:00000002
15483178ns          254330 1c009112 00279793 slli             x15, x15, 0x2       x15=00000008 x15:00000002
15483198ns          254331 1c009114 00d7f7b3 and              x15, x15, x13       x15=00000000 x15:00000008 x13:00001f80
15483218ns          254332 1c009116 ee873733 p.bclr           x14, x14, 23, 8     x14=00000010 x14:00000010
15483238ns          254333 1c00911a 1a10f6b7 lui              x13, 0x1a10f000     x13=1a10f000
15483258ns          254334 1c00911e 0ff57513 andi             x10, x10, 255       x10=00000074 x10:00000074
15483278ns          254335 1c009122 00d70733 add              x14, x14, x13       x14=1a10f010 x14:00000010 x13:1a10f000
15483298ns          254336 1c009124 00a7e723 p.sw             x10, x0(x15)        x10:00000074 x15:00000000  PA:1a10f010
15483636ns          254353 1c009128 00000513 addi             x10, x0, 0          x10=00000000
15483656ns          254354 1c00912a 00008067 jalr             x0, x1, 0            x1:1c0091fa
15483716ns          254357 1c0091fa 31f52563 p.beqimm         x10, 778            x10:00000000
15483735ns          254358 1c0091fe 001d8d93 addi             x27, x27, 1         x27=00000018 x27:00000017
15483755ns          254359 1c009200 00044503 lbu              x10, 0(x8)          x10=00000069  x8:1c000041  PA:1c000041
15484054ns          254374 1c009204 00140413 addi             x8, x8, 1            x8=1c000042  x8:1c000041
15484074ns          254375 1c009206 fe0514e3 bne              x10, x0, -24        x10:00000069
15484153ns          254379 1c0091ee 02500793 addi             x15, x0, 37         x15=00000025
15484173ns          254380 1c0091f2 04f50863 beq              x10, x15, 80        x10:00000069 x15:00000025
15484193ns          254381 1c0091f6 01a005b3 add              x11, x0, x26        x11=00000002 x26:00000002
15484213ns          254382 1c0091f8 000b00e7 jalr             x1, x22, 0           x1=1c0091fa x22:1c009104
15484253ns          254384 1c009104 000026b7 lui              x13, 0x2000         x13=00002000
15484272ns          254385 1c009106 f14027f3 csrrs            x15, x0, 0xf14      x15=00000002
15484292ns          254386 1c00910a f8068693 addi             x13, x13, -128      x13=00001f80 x13:00002000
15484312ns          254387 1c00910e 00379713 slli             x14, x15, 0x3       x14=00000010 x15:00000002
15484332ns          254388 1c009112 00279793 slli             x15, x15, 0x2       x15=00000008 x15:00000002
15484352ns          254389 1c009114 00d7f7b3 and              x15, x15, x13       x15=00000000 x15:00000008 x13:00001f80
15484372ns          254390 1c009116 ee873733 p.bclr           x14, x14, 23, 8     x14=00000010 x14:00000010
15484392ns          254391 1c00911a 1a10f6b7 lui              x13, 0x1a10f000     x13=1a10f000
15484412ns          254392 1c00911e 0ff57513 andi             x10, x10, 255       x10=00000069 x10:00000069
15484432ns          254393 1c009122 00d70733 add              x14, x14, x13       x14=1a10f010 x14:00000010 x13:1a10f000
15484451ns          254394 1c009124 00a7e723 p.sw             x10, x0(x15)        x10:00000069 x15:00000000  PA:1a10f010
15484770ns          254410 1c009128 00000513 addi             x10, x0, 0          x10=00000000
15484790ns          254411 1c00912a 00008067 jalr             x0, x1, 0            x1:1c0091fa
15484849ns          254414 1c0091fa 31f52563 p.beqimm         x10, 778            x10:00000000
15484869ns          254415 1c0091fe 001d8d93 addi             x27, x27, 1         x27=00000019 x27:00000018
15484889ns          254416 1c009200 00044503 lbu              x10, 0(x8)          x10=0000006f  x8:1c000042  PA:1c000042
15485187ns          254431 1c009204 00140413 addi             x8, x8, 1            x8=1c000043  x8:1c000042
15485207ns          254432 1c009206 fe0514e3 bne              x10, x0, -24        x10:0000006f
15485287ns          254436 1c0091ee 02500793 addi             x15, x0, 37         x15=00000025
15485307ns          254437 1c0091f2 04f50863 beq              x10, x15, 80        x10:0000006f x15:00000025
15485327ns          254438 1c0091f6 01a005b3 add              x11, x0, x26        x11=00000002 x26:00000002
15485347ns          254439 1c0091f8 000b00e7 jalr             x1, x22, 0           x1=1c0091fa x22:1c009104
15485386ns          254441 1c009104 000026b7 lui              x13, 0x2000         x13=00002000
15485406ns          254442 1c009106 f14027f3 csrrs            x15, x0, 0xf14      x15=00000002
15485426ns          254443 1c00910a f8068693 addi             x13, x13, -128      x13=00001f80 x13:00002000
15485446ns          254444 1c00910e 00379713 slli             x14, x15, 0x3       x14=00000010 x15:00000002
15485466ns          254445 1c009112 00279793 slli             x15, x15, 0x2       x15=00000008 x15:00000002
15485486ns          254446 1c009114 00d7f7b3 and              x15, x15, x13       x15=00000000 x15:00000008 x13:00001f80
15485506ns          254447 1c009116 ee873733 p.bclr           x14, x14, 23, 8     x14=00000010 x14:00000010
15485526ns          254448 1c00911a 1a10f6b7 lui              x13, 0x1a10f000     x13=1a10f000
15485545ns          254449 1c00911e 0ff57513 andi             x10, x10, 255       x10=0000006f x10:0000006f
15485565ns          254450 1c009122 00d70733 add              x14, x14, x13       x14=1a10f010 x14:00000010 x13:1a10f000
15485585ns          254451 1c009124 00a7e723 p.sw             x10, x0(x15)        x10:0000006f x15:00000000  PA:1a10f010
15485923ns          254468 1c009128 00000513 addi             x10, x0, 0          x10=00000000
15485943ns          254469 1c00912a 00008067 jalr             x0, x1, 0            x1:1c0091fa
15486003ns          254472 1c0091fa 31f52563 p.beqimm         x10, 778            x10:00000000
15486023ns          254473 1c0091fe 001d8d93 addi             x27, x27, 1         x27=0000001a x27:00000019
15486043ns          254474 1c009200 00044503 lbu              x10, 0(x8)          x10=0000006e  x8:1c000043  PA:1c000043
15486361ns          254490 1c009204 00140413 addi             x8, x8, 1            x8=1c000044  x8:1c000043
15486381ns          254491 1c009206 fe0514e3 bne              x10, x0, -24        x10:0000006e
15486460ns          254495 1c0091ee 02500793 addi             x15, x0, 37         x15=00000025
15486480ns          254496 1c0091f2 04f50863 beq              x10, x15, 80        x10:0000006e x15:00000025
15486500ns          254497 1c0091f6 01a005b3 add              x11, x0, x26        x11=00000002 x26:00000002
15486520ns          254498 1c0091f8 000b00e7 jalr             x1, x22, 0           x1=1c0091fa x22:1c009104
15486560ns          254500 1c009104 000026b7 lui              x13, 0x2000         x13=00002000
15486580ns          254501 1c009106 f14027f3 csrrs            x15, x0, 0xf14      x15=00000002
15486600ns          254502 1c00910a f8068693 addi             x13, x13, -128      x13=00001f80 x13:00002000
15486620ns          254503 1c00910e 00379713 slli             x14, x15, 0x3       x14=00000010 x15:00000002
15486639ns          254504 1c009112 00279793 slli             x15, x15, 0x2       x15=00000008 x15:00000002
15486659ns          254505 1c009114 00d7f7b3 and              x15, x15, x13       x15=00000000 x15:00000008 x13:00001f80
15486679ns          254506 1c009116 ee873733 p.bclr           x14, x14, 23, 8     x14=00000010 x14:00000010
15486699ns          254507 1c00911a 1a10f6b7 lui              x13, 0x1a10f000     x13=1a10f000
15486719ns          254508 1c00911e 0ff57513 andi             x10, x10, 255       x10=0000006e x10:0000006e
15486739ns          254509 1c009122 00d70733 add              x14, x14, x13       x14=1a10f010 x14:00000010 x13:1a10f000
15486759ns          254510 1c009124 00a7e723 p.sw             x10, x0(x15)        x10:0000006e x15:00000000  PA:1a10f010
15487077ns          254526 1c009128 00000513 addi             x10, x0, 0          x10=00000000
15487097ns          254527 1c00912a 00008067 jalr             x0, x1, 0            x1:1c0091fa
15487157ns          254530 1c0091fa 31f52563 p.beqimm         x10, 778            x10:00000000
15487177ns          254531 1c0091fe 001d8d93 addi             x27, x27, 1         x27=0000001b x27:0000001a
15487196ns          254532 1c009200 00044503 lbu              x10, 0(x8)          x10=00000073  x8:1c000044  PA:1c000044
15487495ns          254547 1c009204 00140413 addi             x8, x8, 1            x8=1c000045  x8:1c000044
15487515ns          254548 1c009206 fe0514e3 bne              x10, x0, -24        x10:00000073
15487594ns          254552 1c0091ee 02500793 addi             x15, x0, 37         x15=00000025
15487614ns          254553 1c0091f2 04f50863 beq              x10, x15, 80        x10:00000073 x15:00000025
15487634ns          254554 1c0091f6 01a005b3 add              x11, x0, x26        x11=00000002 x26:00000002
15487654ns          254555 1c0091f8 000b00e7 jalr             x1, x22, 0           x1=1c0091fa x22:1c009104
15487694ns          254557 1c009104 000026b7 lui              x13, 0x2000         x13=00002000
15487714ns          254558 1c009106 f14027f3 csrrs            x15, x0, 0xf14      x15=00000002
15487733ns          254559 1c00910a f8068693 addi             x13, x13, -128      x13=00001f80 x13:00002000
15487753ns          254560 1c00910e 00379713 slli             x14, x15, 0x3       x14=00000010 x15:00000002
15487773ns          254561 1c009112 00279793 slli             x15, x15, 0x2       x15=00000008 x15:00000002
15487793ns          254562 1c009114 00d7f7b3 and              x15, x15, x13       x15=00000000 x15:00000008 x13:00001f80
15487813ns          254563 1c009116 ee873733 p.bclr           x14, x14, 23, 8     x14=00000010 x14:00000010
15487833ns          254564 1c00911a 1a10f6b7 lui              x13, 0x1a10f000     x13=1a10f000
15487853ns          254565 1c00911e 0ff57513 andi             x10, x10, 255       x10=00000073 x10:00000073
15487873ns          254566 1c009122 00d70733 add              x14, x14, x13       x14=1a10f010 x14:00000010 x13:1a10f000
15487893ns          254567 1c009124 00a7e723 p.sw             x10, x0(x15)        x10:00000073 x15:00000000  PA:1a10f010
15488211ns          254583 1c009128 00000513 addi             x10, x0, 0          x10=00000000
15488231ns          254584 1c00912a 00008067 jalr             x0, x1, 0            x1:1c0091fa
15488290ns          254587 1c0091fa 31f52563 p.beqimm         x10, 778            x10:00000000
15488310ns          254588 1c0091fe 001d8d93 addi             x27, x27, 1         x27=0000001c x27:0000001b
15488330ns          254589 1c009200 00044503 lbu              x10, 0(x8)          x10=0000002e  x8:1c000045  PA:1c000045
15488629ns          254604 1c009204 00140413 addi             x8, x8, 1            x8=1c000046  x8:1c000045
15488648ns          254605 1c009206 fe0514e3 bne              x10, x0, -24        x10:0000002e
15488728ns          254609 1c0091ee 02500793 addi             x15, x0, 37         x15=00000025
15488748ns          254610 1c0091f2 04f50863 beq              x10, x15, 80        x10:0000002e x15:00000025
15488768ns          254611 1c0091f6 01a005b3 add              x11, x0, x26        x11=00000002 x26:00000002
15488788ns          254612 1c0091f8 000b00e7 jalr             x1, x22, 0           x1=1c0091fa x22:1c009104
15488827ns          254614 1c009104 000026b7 lui              x13, 0x2000         x13=00002000
15488847ns          254615 1c009106 f14027f3 csrrs            x15, x0, 0xf14      x15=00000002
15488867ns          254616 1c00910a f8068693 addi             x13, x13, -128      x13=00001f80 x13:00002000
15488887ns          254617 1c00910e 00379713 slli             x14, x15, 0x3       x14=00000010 x15:00000002
15488907ns          254618 1c009112 00279793 slli             x15, x15, 0x2       x15=00000008 x15:00000002
15488927ns          254619 1c009114 00d7f7b3 and              x15, x15, x13       x15=00000000 x15:00000008 x13:00001f80
15488947ns          254620 1c009116 ee873733 p.bclr           x14, x14, 23, 8     x14=00000010 x14:00000010
15488967ns          254621 1c00911a 1a10f6b7 lui              x13, 0x1a10f000     x13=1a10f000
15488987ns          254622 1c00911e 0ff57513 andi             x10, x10, 255       x10=0000002e x10:0000002e
15489006ns          254623 1c009122 00d70733 add              x14, x14, x13       x14=1a10f010 x14:00000010 x13:1a10f000
15489026ns          254624 1c009124 00a7e723 p.sw             x10, x0(x15)        x10:0000002e x15:00000000  PA:1a10f010
15489345ns          254640 1c009128 00000513 addi             x10, x0, 0          x10=00000000
15489364ns          254641 1c00912a 00008067 jalr             x0, x1, 0            x1:1c0091fa
15489424ns          254644 1c0091fa 31f52563 p.beqimm         x10, 778            x10:00000000
15489444ns          254645 1c0091fe 001d8d93 addi             x27, x27, 1         x27=0000001d x27:0000001c
15489464ns          254646 1c009200 00044503 lbu              x10, 0(x8)          x10=0000002e  x8:1c000046  PA:1c000046
15489762ns          254661 1c009204 00140413 addi             x8, x8, 1            x8=1c000047  x8:1c000046
15489782ns          254662 1c009206 fe0514e3 bne              x10, x0, -24        x10:0000002e
15489862ns          254666 1c0091ee 02500793 addi             x15, x0, 37         x15=00000025
15489882ns          254667 1c0091f2 04f50863 beq              x10, x15, 80        x10:0000002e x15:00000025
15489902ns          254668 1c0091f6 01a005b3 add              x11, x0, x26        x11=00000002 x26:00000002
15489921ns          254669 1c0091f8 000b00e7 jalr             x1, x22, 0           x1=1c0091fa x22:1c009104
15489961ns          254671 1c009104 000026b7 lui              x13, 0x2000         x13=00002000
15489981ns          254672 1c009106 f14027f3 csrrs            x15, x0, 0xf14      x15=00000002
15490001ns          254673 1c00910a f8068693 addi             x13, x13, -128      x13=00001f80 x13:00002000
15490021ns          254674 1c00910e 00379713 slli             x14, x15, 0x3       x14=00000010 x15:00000002
15490041ns          254675 1c009112 00279793 slli             x15, x15, 0x2       x15=00000008 x15:00000002
15490061ns          254676 1c009114 00d7f7b3 and              x15, x15, x13       x15=00000000 x15:00000008 x13:00001f80
15490081ns          254677 1c009116 ee873733 p.bclr           x14, x14, 23, 8     x14=00000010 x14:00000010
15490100ns          254678 1c00911a 1a10f6b7 lui              x13, 0x1a10f000     x13=1a10f000
15490120ns          254679 1c00911e 0ff57513 andi             x10, x10, 255       x10=0000002e x10:0000002e
15490140ns          254680 1c009122 00d70733 add              x14, x14, x13       x14=1a10f010 x14:00000010 x13:1a10f000
15490160ns          254681 1c009124 00a7e723 p.sw             x10, x0(x15)        x10:0000002e x15:00000000  PA:1a10f010
15490498ns          254698 1c009128 00000513 addi             x10, x0, 0          x10=00000000
15490518ns          254699 1c00912a 00008067 jalr             x0, x1, 0            x1:1c0091fa
15490578ns          254702 1c0091fa 31f52563 p.beqimm         x10, 778            x10:00000000
15490598ns          254703 1c0091fe 001d8d93 addi             x27, x27, 1         x27=0000001e x27:0000001d
15490618ns          254704 1c009200 00044503 lbu              x10, 0(x8)          x10=0000002e  x8:1c000047  PA:1c000047
15490916ns          254719 1c009204 00140413 addi             x8, x8, 1            x8=1c000048  x8:1c000047
15490936ns          254720 1c009206 fe0514e3 bne              x10, x0, -24        x10:0000002e
15491015ns          254724 1c0091ee 02500793 addi             x15, x0, 37         x15=00000025
15491035ns          254725 1c0091f2 04f50863 beq              x10, x15, 80        x10:0000002e x15:00000025
15491055ns          254726 1c0091f6 01a005b3 add              x11, x0, x26        x11=00000002 x26:00000002
15491075ns          254727 1c0091f8 000b00e7 jalr             x1, x22, 0           x1=1c0091fa x22:1c009104
15491115ns          254729 1c009104 000026b7 lui              x13, 0x2000         x13=00002000
15491135ns          254730 1c009106 f14027f3 csrrs            x15, x0, 0xf14      x15=00000002
15491155ns          254731 1c00910a f8068693 addi             x13, x13, -128      x13=00001f80 x13:00002000
15491175ns          254732 1c00910e 00379713 slli             x14, x15, 0x3       x14=00000010 x15:00000002
15491194ns          254733 1c009112 00279793 slli             x15, x15, 0x2       x15=00000008 x15:00000002
15491214ns          254734 1c009114 00d7f7b3 and              x15, x15, x13       x15=00000000 x15:00000008 x13:00001f80
15491234ns          254735 1c009116 ee873733 p.bclr           x14, x14, 23, 8     x14=00000010 x14:00000010
15491254ns          254736 1c00911a 1a10f6b7 lui              x13, 0x1a10f000     x13=1a10f000
15491274ns          254737 1c00911e 0ff57513 andi             x10, x10, 255       x10=0000002e x10:0000002e
15491294ns          254738 1c009122 00d70733 add              x14, x14, x13       x14=1a10f010 x14:00000010 x13:1a10f000
15491314ns          254739 1c009124 00a7e723 p.sw             x10, x0(x15)        x10:0000002e x15:00000000  PA:1a10f010
15491652ns          254756 1c009128 00000513 addi             x10, x0, 0          x10=00000000
15491672ns          254757 1c00912a 00008067 jalr             x0, x1, 0            x1:1c0091fa
15491731ns          254760 1c0091fa 31f52563 p.beqimm         x10, 778            x10:00000000
15491751ns          254761 1c0091fe 001d8d93 addi             x27, x27, 1         x27=0000001f x27:0000001e
15491771ns          254762 1c009200 00044503 lbu              x10, 0(x8)          x10=00000020  x8:1c000048  PA:1c000048
15492070ns          254777 1c009204 00140413 addi             x8, x8, 1            x8=1c000049  x8:1c000048
15492090ns          254778 1c009206 fe0514e3 bne              x10, x0, -24        x10:00000020
15492169ns          254782 1c0091ee 02500793 addi             x15, x0, 37         x15=00000025
15492189ns          254783 1c0091f2 04f50863 beq              x10, x15, 80        x10:00000020 x15:00000025
15492209ns          254784 1c0091f6 01a005b3 add              x11, x0, x26        x11=00000002 x26:00000002
15492229ns          254785 1c0091f8 000b00e7 jalr             x1, x22, 0           x1=1c0091fa x22:1c009104
15492269ns          254787 1c009104 000026b7 lui              x13, 0x2000         x13=00002000
15492288ns          254788 1c009106 f14027f3 csrrs            x15, x0, 0xf14      x15=00000002
15492308ns          254789 1c00910a f8068693 addi             x13, x13, -128      x13=00001f80 x13:00002000
15492328ns          254790 1c00910e 00379713 slli             x14, x15, 0x3       x14=00000010 x15:00000002
15492348ns          254791 1c009112 00279793 slli             x15, x15, 0x2       x15=00000008 x15:00000002
15492368ns          254792 1c009114 00d7f7b3 and              x15, x15, x13       x15=00000000 x15:00000008 x13:00001f80
15492388ns          254793 1c009116 ee873733 p.bclr           x14, x14, 23, 8     x14=00000010 x14:00000010
15492408ns          254794 1c00911a 1a10f6b7 lui              x13, 0x1a10f000     x13=1a10f000
15492428ns          254795 1c00911e 0ff57513 andi             x10, x10, 255       x10=00000020 x10:00000020
15492448ns          254796 1c009122 00d70733 add              x14, x14, x13       x14=1a10f010 x14:00000010 x13:1a10f000
15492467ns          254797 1c009124 00a7e723 p.sw             x10, x0(x15)        x10:00000020 x15:00000000  PA:1a10f010
15492786ns          254813 1c009128 00000513 addi             x10, x0, 0          x10=00000000
15492806ns          254814 1c00912a 00008067 jalr             x0, x1, 0            x1:1c0091fa
15492865ns          254817 1c0091fa 31f52563 p.beqimm         x10, 778            x10:00000000
15492885ns          254818 1c0091fe 001d8d93 addi             x27, x27, 1         x27=00000020 x27:0000001f
15492905ns          254819 1c009200 00044503 lbu              x10, 0(x8)          x10=00000028  x8:1c000049  PA:1c000049
15493203ns          254834 1c009204 00140413 addi             x8, x8, 1            x8=1c00004a  x8:1c000049
15493223ns          254835 1c009206 fe0514e3 bne              x10, x0, -24        x10:00000028
15493303ns          254839 1c0091ee 02500793 addi             x15, x0, 37         x15=00000025
15493323ns          254840 1c0091f2 04f50863 beq              x10, x15, 80        x10:00000028 x15:00000025
15493343ns          254841 1c0091f6 01a005b3 add              x11, x0, x26        x11=00000002 x26:00000002
15493363ns          254842 1c0091f8 000b00e7 jalr             x1, x22, 0           x1=1c0091fa x22:1c009104
15493402ns          254844 1c009104 000026b7 lui              x13, 0x2000         x13=00002000
15493422ns          254845 1c009106 f14027f3 csrrs            x15, x0, 0xf14      x15=00000002
15493442ns          254846 1c00910a f8068693 addi             x13, x13, -128      x13=00001f80 x13:00002000
15493462ns          254847 1c00910e 00379713 slli             x14, x15, 0x3       x14=00000010 x15:00000002
15493482ns          254848 1c009112 00279793 slli             x15, x15, 0x2       x15=00000008 x15:00000002
15493502ns          254849 1c009114 00d7f7b3 and              x15, x15, x13       x15=00000000 x15:00000008 x13:00001f80
15493522ns          254850 1c009116 ee873733 p.bclr           x14, x14, 23, 8     x14=00000010 x14:00000010
15493542ns          254851 1c00911a 1a10f6b7 lui              x13, 0x1a10f000     x13=1a10f000
15493561ns          254852 1c00911e 0ff57513 andi             x10, x10, 255       x10=00000028 x10:00000028
15493581ns          254853 1c009122 00d70733 add              x14, x14, x13       x14=1a10f010 x14:00000010 x13:1a10f000
15493601ns          254854 1c009124 00a7e723 p.sw             x10, x0(x15)        x10:00000028 x15:00000000  PA:1a10f010
15493919ns          254870 1c009128 00000513 addi             x10, x0, 0          x10=00000000
15493939ns          254871 1c00912a 00008067 jalr             x0, x1, 0            x1:1c0091fa
15493999ns          254874 1c0091fa 31f52563 p.beqimm         x10, 778            x10:00000000
15494019ns          254875 1c0091fe 001d8d93 addi             x27, x27, 1         x27=00000021 x27:00000020
15494039ns          254876 1c009200 00044503 lbu              x10, 0(x8)          x10=00000063  x8:1c00004a  PA:1c00004a
15494357ns          254892 1c009204 00140413 addi             x8, x8, 1            x8=1c00004b  x8:1c00004a
15494377ns          254893 1c009206 fe0514e3 bne              x10, x0, -24        x10:00000063
15494457ns          254897 1c0091ee 02500793 addi             x15, x0, 37         x15=00000025
15494476ns          254898 1c0091f2 04f50863 beq              x10, x15, 80        x10:00000063 x15:00000025
15494496ns          254899 1c0091f6 01a005b3 add              x11, x0, x26        x11=00000002 x26:00000002
15494516ns          254900 1c0091f8 000b00e7 jalr             x1, x22, 0           x1=1c0091fa x22:1c009104
15494556ns          254902 1c009104 000026b7 lui              x13, 0x2000         x13=00002000
15494576ns          254903 1c009106 f14027f3 csrrs            x15, x0, 0xf14      x15=00000002
15494596ns          254904 1c00910a f8068693 addi             x13, x13, -128      x13=00001f80 x13:00002000
15494616ns          254905 1c00910e 00379713 slli             x14, x15, 0x3       x14=00000010 x15:00000002
15494636ns          254906 1c009112 00279793 slli             x15, x15, 0x2       x15=00000008 x15:00000002
15494655ns          254907 1c009114 00d7f7b3 and              x15, x15, x13       x15=00000000 x15:00000008 x13:00001f80
15494675ns          254908 1c009116 ee873733 p.bclr           x14, x14, 23, 8     x14=00000010 x14:00000010
15494695ns          254909 1c00911a 1a10f6b7 lui              x13, 0x1a10f000     x13=1a10f000
15494715ns          254910 1c00911e 0ff57513 andi             x10, x10, 255       x10=00000063 x10:00000063
15494735ns          254911 1c009122 00d70733 add              x14, x14, x13       x14=1a10f010 x14:00000010 x13:1a10f000
15494755ns          254912 1c009124 00a7e723 p.sw             x10, x0(x15)        x10:00000063 x15:00000000  PA:1a10f010
15495073ns          254928 1c009128 00000513 addi             x10, x0, 0          x10=00000000
15495093ns          254929 1c00912a 00008067 jalr             x0, x1, 0            x1:1c0091fa
15495153ns          254932 1c0091fa 31f52563 p.beqimm         x10, 778            x10:00000000
15495173ns          254933 1c0091fe 001d8d93 addi             x27, x27, 1         x27=00000022 x27:00000021
15495192ns          254934 1c009200 00044503 lbu              x10, 0(x8)          x10=0000006f  x8:1c00004b  PA:1c00004b
15495491ns          254949 1c009204 00140413 addi             x8, x8, 1            x8=1c00004c  x8:1c00004b
15495511ns          254950 1c009206 fe0514e3 bne              x10, x0, -24        x10:0000006f
15495590ns          254954 1c0091ee 02500793 addi             x15, x0, 37         x15=00000025
15495610ns          254955 1c0091f2 04f50863 beq              x10, x15, 80        x10:0000006f x15:00000025
15495630ns          254956 1c0091f6 01a005b3 add              x11, x0, x26        x11=00000002 x26:00000002
15495650ns          254957 1c0091f8 000b00e7 jalr             x1, x22, 0           x1=1c0091fa x22:1c009104
15495690ns          254959 1c009104 000026b7 lui              x13, 0x2000         x13=00002000
15495710ns          254960 1c009106 f14027f3 csrrs            x15, x0, 0xf14      x15=00000002
15495730ns          254961 1c00910a f8068693 addi             x13, x13, -128      x13=00001f80 x13:00002000
15495749ns          254962 1c00910e 00379713 slli             x14, x15, 0x3       x14=00000010 x15:00000002
15495769ns          254963 1c009112 00279793 slli             x15, x15, 0x2       x15=00000008 x15:00000002
15495789ns          254964 1c009114 00d7f7b3 and              x15, x15, x13       x15=00000000 x15:00000008 x13:00001f80
15495809ns          254965 1c009116 ee873733 p.bclr           x14, x14, 23, 8     x14=00000010 x14:00000010
15495829ns          254966 1c00911a 1a10f6b7 lui              x13, 0x1a10f000     x13=1a10f000
15495849ns          254967 1c00911e 0ff57513 andi             x10, x10, 255       x10=0000006f x10:0000006f
15495869ns          254968 1c009122 00d70733 add              x14, x14, x13       x14=1a10f010 x14:00000010 x13:1a10f000
15495889ns          254969 1c009124 00a7e723 p.sw             x10, x0(x15)        x10:0000006f x15:00000000  PA:1a10f010
15496207ns          254985 1c009128 00000513 addi             x10, x0, 0          x10=00000000
15496227ns          254986 1c00912a 00008067 jalr             x0, x1, 0            x1:1c0091fa
15496286ns          254989 1c0091fa 31f52563 p.beqimm         x10, 778            x10:00000000
15496306ns          254990 1c0091fe 001d8d93 addi             x27, x27, 1         x27=00000023 x27:00000022
15496326ns          254991 1c009200 00044503 lbu              x10, 0(x8)          x10=00000072  x8:1c00004c  PA:1c00004c
15496625ns          255006 1c009204 00140413 addi             x8, x8, 1            x8=1c00004d  x8:1c00004c
15496645ns          255007 1c009206 fe0514e3 bne              x10, x0, -24        x10:00000072
15496724ns          255011 1c0091ee 02500793 addi             x15, x0, 37         x15=00000025
15496744ns          255012 1c0091f2 04f50863 beq              x10, x15, 80        x10:00000072 x15:00000025
15496764ns          255013 1c0091f6 01a005b3 add              x11, x0, x26        x11=00000002 x26:00000002
15496784ns          255014 1c0091f8 000b00e7 jalr             x1, x22, 0           x1=1c0091fa x22:1c009104
15496824ns          255016 1c009104 000026b7 lui              x13, 0x2000         x13=00002000
15496843ns          255017 1c009106 f14027f3 csrrs            x15, x0, 0xf14      x15=00000002
15496863ns          255018 1c00910a f8068693 addi             x13, x13, -128      x13=00001f80 x13:00002000
15496883ns          255019 1c00910e 00379713 slli             x14, x15, 0x3       x14=00000010 x15:00000002
15496903ns          255020 1c009112 00279793 slli             x15, x15, 0x2       x15=00000008 x15:00000002
15496923ns          255021 1c009114 00d7f7b3 and              x15, x15, x13       x15=00000000 x15:00000008 x13:00001f80
15496943ns          255022 1c009116 ee873733 p.bclr           x14, x14, 23, 8     x14=00000010 x14:00000010
15496963ns          255023 1c00911a 1a10f6b7 lui              x13, 0x1a10f000     x13=1a10f000
15496983ns          255024 1c00911e 0ff57513 andi             x10, x10, 255       x10=00000072 x10:00000072
15497003ns          255025 1c009122 00d70733 add              x14, x14, x13       x14=1a10f010 x14:00000010 x13:1a10f000
15497022ns          255026 1c009124 00a7e723 p.sw             x10, x0(x15)        x10:00000072 x15:00000000  PA:1a10f010
15497341ns          255042 1c009128 00000513 addi             x10, x0, 0          x10=00000000
15497361ns          255043 1c00912a 00008067 jalr             x0, x1, 0            x1:1c0091fa
15497420ns          255046 1c0091fa 31f52563 p.beqimm         x10, 778            x10:00000000
15497440ns          255047 1c0091fe 001d8d93 addi             x27, x27, 1         x27=00000024 x27:00000023
15497460ns          255048 1c009200 00044503 lbu              x10, 0(x8)          x10=00000065  x8:1c00004d  PA:1c00004d
15497758ns          255063 1c009204 00140413 addi             x8, x8, 1            x8=1c00004e  x8:1c00004d
15497778ns          255064 1c009206 fe0514e3 bne              x10, x0, -24        x10:00000065
15497858ns          255068 1c0091ee 02500793 addi             x15, x0, 37         x15=00000025
15497878ns          255069 1c0091f2 04f50863 beq              x10, x15, 80        x10:00000065 x15:00000025
15497898ns          255070 1c0091f6 01a005b3 add              x11, x0, x26        x11=00000002 x26:00000002
15497918ns          255071 1c0091f8 000b00e7 jalr             x1, x22, 0           x1=1c0091fa x22:1c009104
15497957ns          255073 1c009104 000026b7 lui              x13, 0x2000         x13=00002000
15497977ns          255074 1c009106 f14027f3 csrrs            x15, x0, 0xf14      x15=00000002
15497997ns          255075 1c00910a f8068693 addi             x13, x13, -128      x13=00001f80 x13:00002000
15498017ns          255076 1c00910e 00379713 slli             x14, x15, 0x3       x14=00000010 x15:00000002
15498037ns          255077 1c009112 00279793 slli             x15, x15, 0x2       x15=00000008 x15:00000002
15498057ns          255078 1c009114 00d7f7b3 and              x15, x15, x13       x15=00000000 x15:00000008 x13:00001f80
15498077ns          255079 1c009116 ee873733 p.bclr           x14, x14, 23, 8     x14=00000010 x14:00000010
15498097ns          255080 1c00911a 1a10f6b7 lui              x13, 0x1a10f000     x13=1a10f000
15498116ns          255081 1c00911e 0ff57513 andi             x10, x10, 255       x10=00000065 x10:00000065
15498136ns          255082 1c009122 00d70733 add              x14, x14, x13       x14=1a10f010 x14:00000010 x13:1a10f000
15498156ns          255083 1c009124 00a7e723 p.sw             x10, x0(x15)        x10:00000065 x15:00000000  PA:1a10f010
15498494ns          255100 1c009128 00000513 addi             x10, x0, 0          x10=00000000
15498514ns          255101 1c00912a 00008067 jalr             x0, x1, 0            x1:1c0091fa
15498574ns          255104 1c0091fa 31f52563 p.beqimm         x10, 778            x10:00000000
15498594ns          255105 1c0091fe 001d8d93 addi             x27, x27, 1         x27=00000025 x27:00000024
15498614ns          255106 1c009200 00044503 lbu              x10, 0(x8)          x10=00000069  x8:1c00004e  PA:1c00004e
15498912ns          255121 1c009204 00140413 addi             x8, x8, 1            x8=1c00004f  x8:1c00004e
15498932ns          255122 1c009206 fe0514e3 bne              x10, x0, -24        x10:00000069
15499012ns          255126 1c0091ee 02500793 addi             x15, x0, 37         x15=00000025
15499031ns          255127 1c0091f2 04f50863 beq              x10, x15, 80        x10:00000069 x15:00000025
15499051ns          255128 1c0091f6 01a005b3 add              x11, x0, x26        x11=00000002 x26:00000002
15499071ns          255129 1c0091f8 000b00e7 jalr             x1, x22, 0           x1=1c0091fa x22:1c009104
15499111ns          255131 1c009104 000026b7 lui              x13, 0x2000         x13=00002000
15499131ns          255132 1c009106 f14027f3 csrrs            x15, x0, 0xf14      x15=00000002
15499151ns          255133 1c00910a f8068693 addi             x13, x13, -128      x13=00001f80 x13:00002000
15499171ns          255134 1c00910e 00379713 slli             x14, x15, 0x3       x14=00000010 x15:00000002
15499191ns          255135 1c009112 00279793 slli             x15, x15, 0x2       x15=00000008 x15:00000002
15499210ns          255136 1c009114 00d7f7b3 and              x15, x15, x13       x15=00000000 x15:00000008 x13:00001f80
15499230ns          255137 1c009116 ee873733 p.bclr           x14, x14, 23, 8     x14=00000010 x14:00000010
15499250ns          255138 1c00911a 1a10f6b7 lui              x13, 0x1a10f000     x13=1a10f000
15499270ns          255139 1c00911e 0ff57513 andi             x10, x10, 255       x10=00000069 x10:00000069
15499290ns          255140 1c009122 00d70733 add              x14, x14, x13       x14=1a10f010 x14:00000010 x13:1a10f000
15499310ns          255141 1c009124 00a7e723 p.sw             x10, x0(x15)        x10:00000069 x15:00000000  PA:1a10f010
15499648ns          255158 1c009128 00000513 addi             x10, x0, 0          x10=00000000
15499668ns          255159 1c00912a 00008067 jalr             x0, x1, 0            x1:1c0091fa
15499728ns          255162 1c0091fa 31f52563 p.beqimm         x10, 778            x10:00000000
15499747ns          255163 1c0091fe 001d8d93 addi             x27, x27, 1         x27=00000026 x27:00000025
15499767ns          255164 1c009200 00044503 lbu              x10, 0(x8)          x10=00000064  x8:1c00004f  PA:1c00004f
15500066ns          255179 1c009204 00140413 addi             x8, x8, 1            x8=1c000050  x8:1c00004f
15500086ns          255180 1c009206 fe0514e3 bne              x10, x0, -24        x10:00000064
15500165ns          255184 1c0091ee 02500793 addi             x15, x0, 37         x15=00000025
15500185ns          255185 1c0091f2 04f50863 beq              x10, x15, 80        x10:00000064 x15:00000025
15500205ns          255186 1c0091f6 01a005b3 add              x11, x0, x26        x11=00000002 x26:00000002
15500225ns          255187 1c0091f8 000b00e7 jalr             x1, x22, 0           x1=1c0091fa x22:1c009104
15500265ns          255189 1c009104 000026b7 lui              x13, 0x2000         x13=00002000
15500285ns          255190 1c009106 f14027f3 csrrs            x15, x0, 0xf14      x15=00000002
15500304ns          255191 1c00910a f8068693 addi             x13, x13, -128      x13=00001f80 x13:00002000
15500324ns          255192 1c00910e 00379713 slli             x14, x15, 0x3       x14=00000010 x15:00000002
15500344ns          255193 1c009112 00279793 slli             x15, x15, 0x2       x15=00000008 x15:00000002
15500364ns          255194 1c009114 00d7f7b3 and              x15, x15, x13       x15=00000000 x15:00000008 x13:00001f80
15500384ns          255195 1c009116 ee873733 p.bclr           x14, x14, 23, 8     x14=00000010 x14:00000010
15500404ns          255196 1c00911a 1a10f6b7 lui              x13, 0x1a10f000     x13=1a10f000
15500424ns          255197 1c00911e 0ff57513 andi             x10, x10, 255       x10=00000064 x10:00000064
15500444ns          255198 1c009122 00d70733 add              x14, x14, x13       x14=1a10f010 x14:00000010 x13:1a10f000
15500464ns          255199 1c009124 00a7e723 p.sw             x10, x0(x15)        x10:00000064 x15:00000000  PA:1a10f010
15500782ns          255215 1c009128 00000513 addi             x10, x0, 0          x10=00000000
15500802ns          255216 1c00912a 00008067 jalr             x0, x1, 0            x1:1c0091fa
15500861ns          255219 1c0091fa 31f52563 p.beqimm         x10, 778            x10:00000000
15500881ns          255220 1c0091fe 001d8d93 addi             x27, x27, 1         x27=00000027 x27:00000026
15500901ns          255221 1c009200 00044503 lbu              x10, 0(x8)          x10=00000020  x8:1c000050  PA:1c000050
15501199ns          255236 1c009204 00140413 addi             x8, x8, 1            x8=1c000051  x8:1c000050
15501219ns          255237 1c009206 fe0514e3 bne              x10, x0, -24        x10:00000020
15501299ns          255241 1c0091ee 02500793 addi             x15, x0, 37         x15=00000025
15501319ns          255242 1c0091f2 04f50863 beq              x10, x15, 80        x10:00000020 x15:00000025
15501339ns          255243 1c0091f6 01a005b3 add              x11, x0, x26        x11=00000002 x26:00000002
15501359ns          255244 1c0091f8 000b00e7 jalr             x1, x22, 0           x1=1c0091fa x22:1c009104
15501398ns          255246 1c009104 000026b7 lui              x13, 0x2000         x13=00002000
15501418ns          255247 1c009106 f14027f3 csrrs            x15, x0, 0xf14      x15=00000002
15501438ns          255248 1c00910a f8068693 addi             x13, x13, -128      x13=00001f80 x13:00002000
15501458ns          255249 1c00910e 00379713 slli             x14, x15, 0x3       x14=00000010 x15:00000002
15501478ns          255250 1c009112 00279793 slli             x15, x15, 0x2       x15=00000008 x15:00000002
15501498ns          255251 1c009114 00d7f7b3 and              x15, x15, x13       x15=00000000 x15:00000008 x13:00001f80
15501518ns          255252 1c009116 ee873733 p.bclr           x14, x14, 23, 8     x14=00000010 x14:00000010
15501538ns          255253 1c00911a 1a10f6b7 lui              x13, 0x1a10f000     x13=1a10f000
15501558ns          255254 1c00911e 0ff57513 andi             x10, x10, 255       x10=00000020 x10:00000020
15501577ns          255255 1c009122 00d70733 add              x14, x14, x13       x14=1a10f010 x14:00000010 x13:1a10f000
15501597ns          255256 1c009124 00a7e723 p.sw             x10, x0(x15)        x10:00000020 x15:00000000  PA:1a10f010
15501916ns          255272 1c009128 00000513 addi             x10, x0, 0          x10=00000000
15501935ns          255273 1c00912a 00008067 jalr             x0, x1, 0            x1:1c0091fa
15501995ns          255276 1c0091fa 31f52563 p.beqimm         x10, 778            x10:00000000
15502015ns          255277 1c0091fe 001d8d93 addi             x27, x27, 1         x27=00000028 x27:00000027
15502035ns          255278 1c009200 00044503 lbu              x10, 0(x8)          x10=0000003d  x8:1c000051  PA:1c000051
15502353ns          255294 1c009204 00140413 addi             x8, x8, 1            x8=1c000052  x8:1c000051
15502373ns          255295 1c009206 fe0514e3 bne              x10, x0, -24        x10:0000003d
15502453ns          255299 1c0091ee 02500793 addi             x15, x0, 37         x15=00000025
15502473ns          255300 1c0091f2 04f50863 beq              x10, x15, 80        x10:0000003d x15:00000025
15502492ns          255301 1c0091f6 01a005b3 add              x11, x0, x26        x11=00000002 x26:00000002
15502512ns          255302 1c0091f8 000b00e7 jalr             x1, x22, 0           x1=1c0091fa x22:1c009104
15502552ns          255304 1c009104 000026b7 lui              x13, 0x2000         x13=00002000
15502572ns          255305 1c009106 f14027f3 csrrs            x15, x0, 0xf14      x15=00000002
15502592ns          255306 1c00910a f8068693 addi             x13, x13, -128      x13=00001f80 x13:00002000
15502612ns          255307 1c00910e 00379713 slli             x14, x15, 0x3       x14=00000010 x15:00000002
15502632ns          255308 1c009112 00279793 slli             x15, x15, 0x2       x15=00000008 x15:00000002
15502652ns          255309 1c009114 00d7f7b3 and              x15, x15, x13       x15=00000000 x15:00000008 x13:00001f80
15502671ns          255310 1c009116 ee873733 p.bclr           x14, x14, 23, 8     x14=00000010 x14:00000010
15502691ns          255311 1c00911a 1a10f6b7 lui              x13, 0x1a10f000     x13=1a10f000
15502711ns          255312 1c00911e 0ff57513 andi             x10, x10, 255       x10=0000003d x10:0000003d
15502731ns          255313 1c009122 00d70733 add              x14, x14, x13       x14=1a10f010 x14:00000010 x13:1a10f000
15502751ns          255314 1c009124 00a7e723 p.sw             x10, x0(x15)        x10:0000003d x15:00000000  PA:1a10f010
15503069ns          255330 1c009128 00000513 addi             x10, x0, 0          x10=00000000
15503089ns          255331 1c00912a 00008067 jalr             x0, x1, 0            x1:1c0091fa
15503149ns          255334 1c0091fa 31f52563 p.beqimm         x10, 778            x10:00000000
15503169ns          255335 1c0091fe 001d8d93 addi             x27, x27, 1         x27=00000029 x27:00000028
15503189ns          255336 1c009200 00044503 lbu              x10, 0(x8)          x10=00000020  x8:1c000052  PA:1c000052
15503487ns          255351 1c009204 00140413 addi             x8, x8, 1            x8=1c000053  x8:1c000052
15503507ns          255352 1c009206 fe0514e3 bne              x10, x0, -24        x10:00000020
15503586ns          255356 1c0091ee 02500793 addi             x15, x0, 37         x15=00000025
15503606ns          255357 1c0091f2 04f50863 beq              x10, x15, 80        x10:00000020 x15:00000025
15503626ns          255358 1c0091f6 01a005b3 add              x11, x0, x26        x11=00000002 x26:00000002
15503646ns          255359 1c0091f8 000b00e7 jalr             x1, x22, 0           x1=1c0091fa x22:1c009104
15503686ns          255361 1c009104 000026b7 lui              x13, 0x2000         x13=00002000
15503706ns          255362 1c009106 f14027f3 csrrs            x15, x0, 0xf14      x15=00000002
15503726ns          255363 1c00910a f8068693 addi             x13, x13, -128      x13=00001f80 x13:00002000
15503746ns          255364 1c00910e 00379713 slli             x14, x15, 0x3       x14=00000010 x15:00000002
15503765ns          255365 1c009112 00279793 slli             x15, x15, 0x2       x15=00000008 x15:00000002
15503785ns          255366 1c009114 00d7f7b3 and              x15, x15, x13       x15=00000000 x15:00000008 x13:00001f80
15503805ns          255367 1c009116 ee873733 p.bclr           x14, x14, 23, 8     x14=00000010 x14:00000010
15503825ns          255368 1c00911a 1a10f6b7 lui              x13, 0x1a10f000     x13=1a10f000
15503845ns          255369 1c00911e 0ff57513 andi             x10, x10, 255       x10=00000020 x10:00000020
15503865ns          255370 1c009122 00d70733 add              x14, x14, x13       x14=1a10f010 x14:00000010 x13:1a10f000
15503885ns          255371 1c009124 00a7e723 p.sw             x10, x0(x15)        x10:00000020 x15:00000000  PA:1a10f010
15504203ns          255387 1c009128 00000513 addi             x10, x0, 0          x10=00000000
15504223ns          255388 1c00912a 00008067 jalr             x0, x1, 0            x1:1c0091fa
15504283ns          255391 1c0091fa 31f52563 p.beqimm         x10, 778            x10:00000000
15504302ns          255392 1c0091fe 001d8d93 addi             x27, x27, 1         x27=0000002a x27:00000029
15504322ns          255393 1c009200 00044503 lbu              x10, 0(x8)          x10=00000025  x8:1c000053  PA:1c000053
15504621ns          255408 1c009204 00140413 addi             x8, x8, 1            x8=1c000054  x8:1c000053
15504641ns          255409 1c009206 fe0514e3 bne              x10, x0, -24        x10:00000025
15504720ns          255413 1c0091ee 02500793 addi             x15, x0, 37         x15=00000025
15504740ns          255414 1c0091f2 04f50863 beq              x10, x15, 80        x10:00000025 x15:00000025
15504879ns          255421 1c009242 00044483 lbu              x9, 0(x8)            x9=00000064  x8:1c000054  PA:1c000054
15505178ns          255436 1c009246 02000693 addi             x13, x0, 32         x13=00000020
15505198ns          255437 1c00924a 00140a93 addi             x21, x8, 1          x21=1c000055  x8:1c000054
15505217ns          255438 1c00924e 009005b3 add              x11, x0, x9         x11=00000064  x9:00000064
15505237ns          255439 1c009250 100b8513 addi             x10, x23, 256       x10=1c000100 x23:1c000000
15505257ns          255440 1c009254 00d12823 sw               x13, 16(x2)         x13:00000020  x2:100014c8  PA:100014d8
15505277ns          255441 1c009256 00012c23 sw               x0, 24(x2)           x2:100014c8  PA:100014e0
15505297ns          255442 1c009258 00012a23 sw               x0, 20(x2)           x2:100014c8  PA:100014dc
15505317ns          255443 1c00925a 00012e23 sw               x0, 28(x2)           x2:100014c8  PA:100014e4
15505337ns          255444 1c00925c 00012623 sw               x0, 12(x2)           x2:100014c8  PA:100014d4
15505357ns          255445 1c00925e 02300913 addi             x18, x0, 35         x18=00000023
15505377ns          255446 1c009262 02d00a13 addi             x20, x0, 45         x20=0000002d
15505396ns          255447 1c009266 015009b3 add              x19, x0, x21        x19=1c000055 x21:1c000055
15505416ns          255448 1c009268 e1dff0ef jal              x1, -484             x1=1c00926a
15505516ns          255453 1c009084 00054783 lbu              x15, 0(x10)         x15=0000002d x10:1c000100  PA:1c000100
15505814ns          255468 1c009088 0ff5f593 andi             x11, x11, 255       x11=00000064 x11:00000064
15505834ns          255469 1c00908c 00b78c63 beq              x15, x11, 24        x15:0000002d x11:00000064
15505854ns          255470 1c009090 00078b63 beq              x15, x0, 22         x15:0000002d
15505874ns          255471 1c009092 00150793 addi             x15, x10, 1         x15=1c000101 x10:1c000100
15505894ns          255472 1c009096 0040006f jal              x0, 4              
15505933ns          255474 1c00909a 00f00533 add              x10, x0, x15        x10=1c000101 x15:1c000101
15505953ns          255475 1c00909c 0017c70b p.lbu            x14, 1(x15!)        x14=0000002b x15=1c000102 x15:1c000101  PA:1c000101
15506292ns          255492 1c0090a0 feb71ce3 bne              x14, x11, -8        x14:0000002b x11:00000064
15506351ns          255495 1c009098 00070763 beq              x14, x0, 14         x14:0000002b
15506371ns          255496 1c00909a 00f00533 add              x10, x0, x15        x10=1c000102 x15:1c000102
15506391ns          255497 1c00909c 0017c70b p.lbu            x14, 1(x15!)        x14=00000020 x15=1c000103 x15:1c000102  PA:1c000102
15506709ns          255513 1c0090a0 feb71ce3 bne              x14, x11, -8        x14:00000020 x11:00000064
15506769ns          255516 1c009098 00070763 beq              x14, x0, 14         x14:00000020
15506789ns          255517 1c00909a 00f00533 add              x10, x0, x15        x10=1c000103 x15:1c000103
15506809ns          255518 1c00909c 0017c70b p.lbu            x14, 1(x15!)        x14=00000023 x15=1c000104 x15:1c000103  PA:1c000103
15507127ns          255534 1c0090a0 feb71ce3 bne              x14, x11, -8        x14:00000023 x11:00000064
15507187ns          255537 1c009098 00070763 beq              x14, x0, 14         x14:00000023
15507207ns          255538 1c00909a 00f00533 add              x10, x0, x15        x10=1c000104 x15:1c000104
15507226ns          255539 1c00909c 0017c70b p.lbu            x14, 1(x15!)        x14=00000030 x15=1c000105 x15:1c000104  PA:1c000104
15507545ns          255555 1c0090a0 feb71ce3 bne              x14, x11, -8        x14:00000030 x11:00000064
15507604ns          255558 1c009098 00070763 beq              x14, x0, 14         x14:00000030
15507624ns          255559 1c00909a 00f00533 add              x10, x0, x15        x10=1c000105 x15:1c000105
15507644ns          255560 1c00909c 0017c70b p.lbu            x14, 1(x15!)        x14=00000000 x15=1c000106 x15:1c000105  PA:1c000105
15507962ns          255576 1c0090a0 feb71ce3 bne              x14, x11, -8        x14:00000000 x11:00000064
15508022ns          255579 1c009098 00070763 beq              x14, x0, 14         x14:00000000
15508102ns          255583 1c0090a6 0015b593 sltiu            x11, x11, 1         x11=00000000 x11:00000064
15508121ns          255584 1c0090aa 40b005b3 sub              x11, x0, x11        x11=00000000 x11:00000000
15508141ns          255585 1c0090ae 00b57533 and              x10, x10, x11       x10=00000000 x10:1c000105 x11:00000000
15508161ns          255586 1c0090b0 00008067 jalr             x0, x1, 0            x1:1c00926a
15508201ns          255588 1c00926a 02050a63 beq              x10, x0, 52         x10:00000000
15508340ns          255595 1c00929e 02a00613 addi             x12, x0, 42         x12=0000002a
15508360ns          255596 1c0092a2 2ac48663 beq              x9, x12, 684         x9:00000064 x12:0000002a
15508380ns          255597 1c0092a6 fd048613 addi             x12, x9, -48        x12=00000034  x9:00000064
15508400ns          255598 1c0092aa 00900593 addi             x11, x0, 9          x11=00000009
15508420ns          255599 1c0092ac 00000913 addi             x18, x0, 0          x18=00000000
15508440ns          255600 1c0092ae 28c5f063 bgeu             x11, x12, 640       x11:00000009 x12:00000034
15508460ns          255601 1c0092b2 02e00693 addi             x13, x0, 46         x13=0000002e
15508480ns          255602 1c0092b6 fff00a13 addi             x20, x0, -1         x20=ffffffff
15508499ns          255603 1c0092b8 2ed48363 beq              x9, x13, 742         x9:00000064 x13:0000002e
15508519ns          255604 1c0092bc 1c0007b7 lui              x15, 0x1c000000     x15=1c000000
15508539ns          255605 1c0092c0 009005b3 add              x11, x0, x9         x11=00000064  x9:00000064
15508579ns          255607 1c0092c2 10878513 addi             x10, x15, 264       x10=1c000108 x15:1c000000
15508599ns          255608 1c0092c6 dbfff0ef jal              x1, -578             x1=1c0092c8
15508639ns          255610 1c009084 00054783 lbu              x15, 0(x10)         x15=00000068 x10:1c000108  PA:1c000108
15508957ns          255626 1c009088 0ff5f593 andi             x11, x11, 255       x11=00000064 x11:00000064
15508977ns          255627 1c00908c 00b78c63 beq              x15, x11, 24        x15:00000068 x11:00000064
15508997ns          255628 1c009090 00078b63 beq              x15, x0, 22         x15:00000068
15509017ns          255629 1c009092 00150793 addi             x15, x10, 1         x15=1c000109 x10:1c000108
15509036ns          255630 1c009096 0040006f jal              x0, 4              
15509076ns          255632 1c00909a 00f00533 add              x10, x0, x15        x10=1c000109 x15:1c000109
15509096ns          255633 1c00909c 0017c70b p.lbu            x14, 1(x15!)        x14=0000006c x15=1c00010a x15:1c000109  PA:1c000109
15509434ns          255650 1c0090a0 feb71ce3 bne              x14, x11, -8        x14:0000006c x11:00000064
15509494ns          255653 1c009098 00070763 beq              x14, x0, 14         x14:0000006c
15509514ns          255654 1c00909a 00f00533 add              x10, x0, x15        x10=1c00010a x15:1c00010a
15509534ns          255655 1c00909c 0017c70b p.lbu            x14, 1(x15!)        x14=0000004c x15=1c00010b x15:1c00010a  PA:1c00010a
15509852ns          255671 1c0090a0 feb71ce3 bne              x14, x11, -8        x14:0000004c x11:00000064
15509912ns          255674 1c009098 00070763 beq              x14, x0, 14         x14:0000004c
15509932ns          255675 1c00909a 00f00533 add              x10, x0, x15        x10=1c00010b x15:1c00010b
15509951ns          255676 1c00909c 0017c70b p.lbu            x14, 1(x15!)        x14=0000007a x15=1c00010c x15:1c00010b  PA:1c00010b
15510290ns          255693 1c0090a0 feb71ce3 bne              x14, x11, -8        x14:0000007a x11:00000064
15510349ns          255696 1c009098 00070763 beq              x14, x0, 14         x14:0000007a
15510369ns          255697 1c00909a 00f00533 add              x10, x0, x15        x10=1c00010c x15:1c00010c
15510389ns          255698 1c00909c 0017c70b p.lbu            x14, 1(x15!)        x14=00000000 x15=1c00010d x15:1c00010c  PA:1c00010c
15510707ns          255714 1c0090a0 feb71ce3 bne              x14, x11, -8        x14:00000000 x11:00000064
15510767ns          255717 1c009098 00070763 beq              x14, x0, 14         x14:00000000
15510847ns          255721 1c0090a6 0015b593 sltiu            x11, x11, 1         x11=00000000 x11:00000064
15510866ns          255722 1c0090aa 40b005b3 sub              x11, x0, x11        x11=00000000 x11:00000000
15510886ns          255723 1c0090ae 00b57533 and              x10, x10, x11       x10=00000000 x10:1c00010c x11:00000000
15510906ns          255724 1c0090b0 00008067 jalr             x0, x1, 0            x1:1c0092c8
15510946ns          255726 1c0092c8 01300433 add              x8, x0, x19          x8=1c000055 x19:1c000055
15510966ns          255727 1c0092ca 00050563 beq              x10, x0, 10         x10:00000000
15511026ns          255730 1c0092d4 06700693 addi             x13, x0, 103        x13=00000067
15511045ns          255731 1c0092d8 2896d963 bge              x13, x9, 658        x13:00000067  x9:00000064
15511125ns          255735 1c00956a 06500693 addi             x13, x0, 101        x13=00000065
15511185ns          255738 1c00956e 12d4d563 bge              x9, x13, 298         x9:00000064 x13:00000065
15511224ns          255740 1c009572 04700693 addi             x13, x0, 71         x13=00000047
15511244ns          255741 1c009576 dc96cbe3 blt              x13, x9, -554       x13:00000047  x9:00000064
15511364ns          255747 1c00934c 06300693 addi             x13, x0, 99         x13=00000063
15511423ns          255750 1c009350 0ad488e3 beq              x9, x13, 2224        x9:00000064 x13:00000063
15511463ns          255752 1c009354 0096c9e3 blt              x13, x9, 2066       x13:00000063  x9:00000064
15511602ns          255759 1c009b66 000c2583 lw               x11, 0(x24)         x11=00000002 x24:10001620  PA:10001620
15511622ns          255760 1c009b6a 004c0c13 addi             x24, x24, 4         x24=10001624 x24:10001620
15511642ns          255761 1c009b6c 3405cc63 blt              x11, x0, 856        x11:00000002
15511662ns          255762 1c009b70 01412603 lw               x12, 20(x2)         x12=00000000  x2:100014c8  PA:100014dc
15511682ns          255763 1c009b72 00b006b3 add              x13, x0, x11        x13=00000002 x11:00000002
15511702ns          255764 1c009b74 2e061863 bne              x12, x0, 752        x12:00000000
15511722ns          255765 1c009b78 01812703 lw               x14, 24(x2)         x14=00000000  x2:100014c8  PA:100014e0
15511742ns          255766 1c009b7a 019007b3 add              x15, x0, x25        x15=100014ec x25:100014ec
15511761ns          255767 1c009b7c 00070763 beq              x14, x0, 14         x14:00000000
15511821ns          255770 1c009b8a 00f00733 add              x14, x0, x15        x14=100014ec x15:100014ec
15511841ns          255771 1c009b8c 00a00513 addi             x10, x0, 10         x10=0000000a
15511901ns          255774 1c009b8e 02a6f633 remu             x12, x13, x10       x12=00000002 x13:00000002 x10:0000000a
15512537ns          255806 1c009b92 02a6d6b3 divu             x13, x13, x10       x13=00000000 x13:00000002 x10:0000000a
15513154ns          255837 1c009b96 03060613 addi             x12, x12, 48        x12=00000032 x12:00000002
15513174ns          255838 1c009b9a 00c700ab p.sb             x12, 1(x14!)        x14=100014ed x12:00000032 x14:100014ec  PA:100014ec
15513194ns          255839 1c009b9e fe0698e3 bne              x13, x0, -16        x13:00000000
15513214ns          255840 1c009ba0 40f706b3 sub              x13, x14, x15       x13=00000001 x14:100014ed x15:100014ec
15513233ns          255841 1c009ba4 0146dc63 bge              x13, x20, 24        x13:00000001 x20:ffffffff
15513353ns          255847 1c009bbc 00e006b3 add              x13, x0, x14        x13=100014ed x14:100014ed
15513373ns          255848 1c009bbe fe068fab p.sb             x0, -1(x13!)        x13=100014ec x13:100014ed  PA:100014ed
15513393ns          255849 1c009bc2 00d7fc63 bgeu             x15, x13, 24        x15:100014ec x13:100014ec
15513452ns          255852 1c009bda 01412783 lw               x15, 20(x2)         x15=00000000  x2:100014c8  PA:100014dc
15513472ns          255853 1c009bdc 01812603 lw               x12, 24(x2)         x12=00000000  x2:100014c8  PA:100014e0
15513532ns          255856 1c009bde 419704b3 sub              x9, x14, x25         x9=00000001 x14:100014ed x25:100014ec
15513552ns          255857 1c009be2 00c7e7b3 or               x15, x15, x12       x15=00000000 x15:00000000 x12:00000000
15513572ns          255858 1c009be4 00f12623 sw               x15, 12(x2)         x15:00000000  x2:100014c8  PA:100014d4
15513591ns          255859 1c009be6 00079363 bne              x15, x0, 6          x15:00000000
15513611ns          255860 1c009be8 01f5d593 srli             x11, x11, 0x1f      x11=00000000 x11:00000002
15513631ns          255861 1c009bea 00b12623 sw               x11, 12(x2)         x11:00000000  x2:100014c8  PA:100014d4
15513651ns          255862 1c009bec e3fa28e3 p.beqimm         x20, -464           x20:ffffffff
15513751ns          255867 1c009a1c 0c800793 addi             x15, x0, 200        x15=000000c8
15513830ns          255871 1c009a20 9e97d0e3 bge              x15, x9, -1568      x15:000000c8  x9:00000001
15513930ns          255876 1c009400 0f24d163 bge              x9, x18, 226         x9:00000001 x18:00000000
15514069ns          255883 1c0094e2 d00482e3 beq              x9, x0, -764         x9:00000001
15514089ns          255884 1c0094e6 01900933 add              x18, x0, x25        x18=100014ec x25:100014ec
15514109ns          255885 1c0094e8 419d8db3 sub              x27, x27, x25       x27=efffeb3e x27:0000002a x25:100014ec
15514128ns          255886 1c0094ec 00a0006f jal              x0, 10             
15514228ns          255891 1c0094f6 0019450b p.lbu            x10, 1(x18!)        x10=00000032 x18=100014ed x18:100014ec  PA:100014ec
15514248ns          255892 1c0094fa 01a005b3 add              x11, x0, x26        x11=00000002 x26:00000002
15514268ns          255893 1c0094fc 000b00e7 jalr             x1, x22, 0           x1=1c0094fe x22:1c009104
15514387ns          255899 1c009104 000026b7 lui              x13, 0x2000         x13=00002000
15514427ns          255901 1c009106 f14027f3 csrrs            x15, x0, 0xf14      x15=00000002
15514447ns          255902 1c00910a f8068693 addi             x13, x13, -128      x13=00001f80 x13:00002000
15514506ns          255905 1c00910e 00379713 slli             x14, x15, 0x3       x14=00000010 x15:00000002
15514526ns          255906 1c009112 00279793 slli             x15, x15, 0x2       x15=00000008 x15:00000002
15514546ns          255907 1c009114 00d7f7b3 and              x15, x15, x13       x15=00000000 x15:00000008 x13:00001f80
15514566ns          255908 1c009116 ee873733 p.bclr           x14, x14, 23, 8     x14=00000010 x14:00000010
15514586ns          255909 1c00911a 1a10f6b7 lui              x13, 0x1a10f000     x13=1a10f000
15514606ns          255910 1c00911e 0ff57513 andi             x10, x10, 255       x10=00000032 x10:00000032
15514626ns          255911 1c009122 00d70733 add              x14, x14, x13       x14=1a10f010 x14:00000010 x13:1a10f000
15514646ns          255912 1c009124 00a7e723 p.sw             x10, x0(x15)        x10:00000032 x15:00000000  PA:1a10f010
15514964ns          255928 1c009128 00000513 addi             x10, x0, 0          x10=00000000
15514984ns          255929 1c00912a 00008067 jalr             x0, x1, 0            x1:1c0094fe
15515024ns          255931 1c0094fe fff48493 addi             x9, x9, -1           x9=00000000  x9:00000001
15515043ns          255932 1c009500 fff537e3 p.bneimm         x10, -18            x10:00000000
15515123ns          255936 1c0094ee 012d8733 add              x14, x27, x18       x14=0000002b x27:efffeb3e x18:100014ed
15515143ns          255937 1c0094f2 5a048b63 beq              x9, x0, 1462         x9:00000000
15515242ns          255942 1c009aa8 00e00db3 add              x27, x0, x14        x27=0000002b x14:0000002b
15515282ns          255944 1c009aaa f3cff06f jal              x0, -2244          
15515401ns          255950 1c0091e6 00044503 lbu              x10, 0(x8)          x10=00000029  x8:1c000055  PA:1c000055
15515700ns          255965 1c0091ea 00140413 addi             x8, x8, 1            x8=1c000056  x8:1c000055
15515720ns          255966 1c0091ec 00050e63 beq              x10, x0, 28         x10:00000029
15515740ns          255967 1c0091ee 02500793 addi             x15, x0, 37         x15=00000025
15515760ns          255968 1c0091f2 04f50863 beq              x10, x15, 80        x10:00000029 x15:00000025
15515779ns          255969 1c0091f6 01a005b3 add              x11, x0, x26        x11=00000002 x26:00000002
15515799ns          255970 1c0091f8 000b00e7 jalr             x1, x22, 0           x1=1c0091fa x22:1c009104
15515899ns          255975 1c009104 000026b7 lui              x13, 0x2000         x13=00002000
15515919ns          255976 1c009106 f14027f3 csrrs            x15, x0, 0xf14      x15=00000002
15515939ns          255977 1c00910a f8068693 addi             x13, x13, -128      x13=00001f80 x13:00002000
15515958ns          255978 1c00910e 00379713 slli             x14, x15, 0x3       x14=00000010 x15:00000002
15515978ns          255979 1c009112 00279793 slli             x15, x15, 0x2       x15=00000008 x15:00000002
15515998ns          255980 1c009114 00d7f7b3 and              x15, x15, x13       x15=00000000 x15:00000008 x13:00001f80
15516018ns          255981 1c009116 ee873733 p.bclr           x14, x14, 23, 8     x14=00000010 x14:00000010
15516038ns          255982 1c00911a 1a10f6b7 lui              x13, 0x1a10f000     x13=1a10f000
15516058ns          255983 1c00911e 0ff57513 andi             x10, x10, 255       x10=00000029 x10:00000029
15516078ns          255984 1c009122 00d70733 add              x14, x14, x13       x14=1a10f010 x14:00000010 x13:1a10f000
15516098ns          255985 1c009124 00a7e723 p.sw             x10, x0(x15)        x10:00000029 x15:00000000  PA:1a10f010
15516416ns          256001 1c009128 00000513 addi             x10, x0, 0          x10=00000000
15516436ns          256002 1c00912a 00008067 jalr             x0, x1, 0            x1:1c0091fa
15516495ns          256005 1c0091fa 31f52563 p.beqimm         x10, 778            x10:00000000
15516515ns          256006 1c0091fe 001d8d93 addi             x27, x27, 1         x27=0000002c x27:0000002b
15516535ns          256007 1c009200 00044503 lbu              x10, 0(x8)          x10=0000000a  x8:1c000056  PA:1c000056
15516834ns          256022 1c009204 00140413 addi             x8, x8, 1            x8=1c000057  x8:1c000056
15516854ns          256023 1c009206 fe0514e3 bne              x10, x0, -24        x10:0000000a
15516933ns          256027 1c0091ee 02500793 addi             x15, x0, 37         x15=00000025
15516953ns          256028 1c0091f2 04f50863 beq              x10, x15, 80        x10:0000000a x15:00000025
15516973ns          256029 1c0091f6 01a005b3 add              x11, x0, x26        x11=00000002 x26:00000002
15516993ns          256030 1c0091f8 000b00e7 jalr             x1, x22, 0           x1=1c0091fa x22:1c009104
15517033ns          256032 1c009104 000026b7 lui              x13, 0x2000         x13=00002000
15517052ns          256033 1c009106 f14027f3 csrrs            x15, x0, 0xf14      x15=00000002
15517072ns          256034 1c00910a f8068693 addi             x13, x13, -128      x13=00001f80 x13:00002000
15517092ns          256035 1c00910e 00379713 slli             x14, x15, 0x3       x14=00000010 x15:00000002
15517112ns          256036 1c009112 00279793 slli             x15, x15, 0x2       x15=00000008 x15:00000002
15517132ns          256037 1c009114 00d7f7b3 and              x15, x15, x13       x15=00000000 x15:00000008 x13:00001f80
15517152ns          256038 1c009116 ee873733 p.bclr           x14, x14, 23, 8     x14=00000010 x14:00000010
15517172ns          256039 1c00911a 1a10f6b7 lui              x13, 0x1a10f000     x13=1a10f000
15517192ns          256040 1c00911e 0ff57513 andi             x10, x10, 255       x10=0000000a x10:0000000a
15517212ns          256041 1c009122 00d70733 add              x14, x14, x13       x14=1a10f010 x14:00000010 x13:1a10f000
15517231ns          256042 1c009124 00a7e723 p.sw             x10, x0(x15)        x10:0000000a x15:00000000  PA:1a10f010
15517550ns          256058 1c009128 00000513 addi             x10, x0, 0          x10=00000000
15517570ns          256059 1c00912a 00008067 jalr             x0, x1, 0            x1:1c0091fa
15517629ns          256062 1c0091fa 31f52563 p.beqimm         x10, 778            x10:00000000
15517649ns          256063 1c0091fe 001d8d93 addi             x27, x27, 1         x27=0000002d x27:0000002c
15517669ns          256064 1c009200 00044503 lbu              x10, 0(x8)          x10=00000000  x8:1c000057  PA:1c000057
15517967ns          256079 1c009204 00140413 addi             x8, x8, 1            x8=1c000058  x8:1c000057
15517987ns          256080 1c009206 fe0514e3 bne              x10, x0, -24        x10:00000000
15518007ns          256081 1c009208 01b00433 add              x8, x0, x27          x8=0000002d x27:0000002d
15518027ns          256082 1c00920a 00800533 add              x10, x0, x8         x10=0000002d  x8:0000002d
15518047ns          256083 1c00920c 12c12083 lw               x1, 300(x2)          x1=1c009198  x2:100014c8  PA:100015f4
15518067ns          256084 1c009210 12812403 lw               x8, 296(x2)          x8=00000002  x2:100014c8  PA:100015f0
15518087ns          256085 1c009214 12412483 lw               x9, 292(x2)          x9=xxxxxxxx  x2:100014c8  PA:100015ec
15518107ns          256086 1c009218 12012903 lw               x18, 288(x2)        x18=xxxxxxxx  x2:100014c8  PA:100015e8
15518127ns          256087 1c00921c 11c12983 lw               x19, 284(x2)        x19=xxxxxxxx  x2:100014c8  PA:100015e4
15518445ns          256103 1c009220 11812a03 lw               x20, 280(x2)        x20=xxxxxxxx  x2:100014c8  PA:100015e0
15518485ns          256105 1c009224 11412a83 lw               x21, 276(x2)        x21=xxxxxxxx  x2:100014c8  PA:100015dc
15518504ns          256106 1c009228 11012b03 lw               x22, 272(x2)        x22=xxxxxxxx  x2:100014c8  PA:100015d8
15518524ns          256107 1c00922c 10c12b83 lw               x23, 268(x2)        x23=xxxxxxxx  x2:100014c8  PA:100015d4
15518962ns          256129 1c009230 10812c03 lw               x24, 264(x2)        x24=xxxxxxxx  x2:100014c8  PA:100015d0
15519002ns          256131 1c009234 10412c83 lw               x25, 260(x2)        x25=xxxxxxxx  x2:100014c8  PA:100015cc
15519022ns          256132 1c009238 10012d03 lw               x26, 256(x2)        x26=xxxxxxxx  x2:100014c8  PA:100015c8
15519042ns          256133 1c00923c 0fc12d83 lw               x27, 252(x2)        x27=xxxxxxxx  x2:100014c8  PA:100015c4
15519061ns          256134 1c00923e 13010113 addi             x2, x2, 304          x2=100015f8  x2:100014c8
15519101ns          256136 1c009240 00008067 jalr             x0, x1, 0            x1:1c009198
15519181ns          256140 1c009198 01c12083 lw               x1, 28(x2)           x1=1c008190  x2:100015f8  PA:10001614
15519201ns          256141 1c00919a 04010113 addi             x2, x2, 64           x2=10001638  x2:100015f8
15519240ns          256143 1c00919c 00008067 jalr             x0, x1, 0            x1:1c008190
15519360ns          256149 1c008190 00300793 addi             x15, x0, 3          x15=00000003
15519400ns          256151 1c008192 0087f463 bgeu             x15, x8, 8          x15:00000003  x8:00000002
15519479ns          256155 1c00819a 38c020ef jal              x1, 9100             x1=1c00819e
15520454ns          256204 1c00a526 f14027f3 csrrs            x15, x0, 0xf14      x15=00000002
15520474ns          256205 1c00a52a 01f00713 addi             x14, x0, 31         x14=0000001f
15520494ns          256206 1c00a52c ca5797b3 p.extractu       x15, x15, 5, 5      x15=00000000 x15:00000002
15520911ns          256227 1c00a530 00e78863 beq              x15, x14, 16        x15:00000000 x14:0000001f
15520951ns          256229 1c00a534 002047b7 lui              x15, 0x204000       x15=00204000
15520971ns          256230 1c00a538 20078793 addi             x15, x15, 512       x15=00204200 x15:00204000
15520991ns          256231 1c00a53c 01c7e703 p.elw            x14, 28(x15)        x14=00010000 x15:00204200  PA:0020421c
15521428ns          256253 1c00a540 00008067 jalr             x0, x1, 0            x1:1c00819e
15521488ns          256256 1c00819e f14027f3 csrrs            x15, x0, 0xf14      x15=00000002
15521508ns          256257 1c0081a2 f457b7b3 p.bclr           x15, x15, 26, 5     x15=00000002 x15:00000002
15521528ns          256258 1c0081a6 02079063 bne              x15, x0, 32         x15:00000002
15522542ns          256309 1c0081c6 06400793 addi             x15, x0, 100        x15=00000064
15522562ns          256310 1c0081ca 02f407b3 mul              x15, x8, x15        x15=000000c8  x8:00000002 x15:00000064
15523000ns          256332 1c0081ce 1c0104b7 lui              x9, 0x1c010000       x9=1c010000
15523040ns          256334 1c0081d2 00048493 addi             x9, x9, 0            x9=1c010000  x9:1c010000
15523059ns          256335 1c0081d6 00279793 slli             x15, x15, 0x2       x15=00000320 x15:000000c8
15523079ns          256336 1c0081d8 009787b3 add              x15, x15, x9        x15=1c010320 x15:00000320  x9:1c010000
15523099ns          256337 1c0081da 0707a083 lw               x1, 112(x15)         x1=43741606 x15:1c010320  PA:1c010390
15523537ns          256359 1c0081de 02c7a383 lw               x7, 44(x15)          x7=43b74ef3 x15:1c010320  PA:1c01034c
15523955ns          256380 1c0081e2 0307a283 lw               x5, 48(x15)          x5=4389287f x15:1c010320  PA:1c010350
15524253ns          256395 1c0081e6 0347af83 lw               x31, 52(x15)        x31=43a3f02c x15:1c010320  PA:1c010354
15524551ns          256410 1c0081ea 0387af03 lw               x30, 56(x15)        x30=43182330 x15:1c010320  PA:1c010358
15524850ns          256425 1c0081ee 03c7ae83 lw               x29, 60(x15)        x29=43cd58f6 x15:1c010320  PA:1c01035c
15525148ns          256440 1c0081f2 0407ae03 lw               x28, 64(x15)        x28=436f9fa7 x15:1c010320  PA:1c010360
15525466ns          256456 1c0081f6 0447a303 lw               x6, 68(x15)          x6=4327cb71 x15:1c010320  PA:1c010364
15525765ns          256471 1c0081fa 0487a883 lw               x17, 72(x15)        x17=4387f2e6 x15:1c010320  PA:1c010368
15526063ns          256486 1c0081fe 0507a503 lw               x10, 80(x15)        x10=43522b73 x15:1c010320  PA:1c010370
15526361ns          256501 1c008200 0587a603 lw               x12, 88(x15)        x12=43a86db2 x15:1c010320  PA:1c010378
15526680ns          256517 1c008202 05c7a683 lw               x13, 92(x15)        x13=43aea4e1 x15:1c010320  PA:1c01037c
15526978ns          256532 1c008204 0607a703 lw               x14, 96(x15)        x14=430ef96a x15:1c010320  PA:1c010380
15527276ns          256547 1c008206 04c7a803 lw               x16, 76(x15)        x16=439e9a19 x15:1c010320  PA:1c01036c
15527595ns          256563 1c00820a 0547a583 lw               x11, 84(x15)        x11=4389287f x15:1c010320  PA:1c010374
15527893ns          256578 1c00820c 0747ad03 lw               x26, 116(x15)       x26=43a73e6a x15:1c010320  PA:1c010394
15528191ns          256593 1c008210 06112823 sw               x1, 112(x2)          x1:43741606  x2:10001638  PA:100016a8
15528211ns          256594 1c008212 0787a083 lw               x1, 120(x15)         x1=435b714e x15:1c010320  PA:1c010398
15528509ns          256609 1c008216 07a12a23 sw               x26, 116(x2)        x26:43a73e6a  x2:10001638  PA:100016ac
15528529ns          256610 1c008218 06112c23 sw               x1, 120(x2)          x1:435b714e  x2:10001638  PA:100016b0
15528549ns          256611 1c00821a 07c7ad03 lw               x26, 124(x15)       x26=43a3f02c x15:1c010320  PA:1c01039c
15528848ns          256626 1c00821e 0807a083 lw               x1, 128(x15)         x1=43aea4e1 x15:1c010320  PA:1c0103a0
15529166ns          256642 1c008222 07a12e23 sw               x26, 124(x2)        x26:43a3f02c  x2:10001638  PA:100016b4
15529186ns          256643 1c008224 08112023 sw               x1, 128(x2)          x1:43aea4e1  x2:10001638  PA:100016b8
15529206ns          256644 1c008226 0847ad03 lw               x26, 132(x15)       x26=43e530f9 x15:1c010320  PA:1c0103a4
15529504ns          256659 1c00822a 0887a083 lw               x1, 136(x15)         x1=43443c68 x15:1c010320  PA:1c0103a8
15529802ns          256674 1c00822e 09a12223 sw               x26, 132(x2)        x26:43e530f9  x2:10001638  PA:100016bc
15529822ns          256675 1c008230 08112423 sw               x1, 136(x2)          x1:43443c68  x2:10001638  PA:100016c0
15529842ns          256676 1c008232 08c7ad03 lw               x26, 140(x15)       x26=43e2d1a3 x15:1c010320  PA:1c0103ac
15530141ns          256691 1c008236 0907a083 lw               x1, 144(x15)         x1=43a32975 x15:1c010320  PA:1c0103b0
15530439ns          256706 1c00823a 09a12623 sw               x26, 140(x2)        x26:43e2d1a3  x2:10001638  PA:100016c4
15530459ns          256707 1c00823c 08112823 sw               x1, 144(x2)          x1:43a32975  x2:10001638  PA:100016c8
15530479ns          256708 1c00823e 0947ad03 lw               x26, 148(x15)       x26=43579763 x15:1c010320  PA:1c0103b4
15530797ns          256724 1c008242 0987a083 lw               x1, 152(x15)         x1=43a137a0 x15:1c010320  PA:1c0103b8
15531095ns          256739 1c008246 09a12a23 sw               x26, 148(x2)        x26:43579763  x2:10001638  PA:100016cc
15531115ns          256740 1c008248 08112c23 sw               x1, 152(x2)          x1:43a137a0  x2:10001638  PA:100016d0
15531135ns          256741 1c00824a 09c7ad03 lw               x26, 156(x15)       x26=43d16714 x15:1c010320  PA:1c0103bc
15531433ns          256756 1c00824e 0a07a083 lw               x1, 160(x15)         x1=42e84469 x15:1c010320  PA:1c0103c0
15531732ns          256771 1c008252 09a12e23 sw               x26, 156(x2)        x26:43d16714  x2:10001638  PA:100016d4
15531752ns          256772 1c008254 0a112023 sw               x1, 160(x2)          x1:42e84469  x2:10001638  PA:100016d8
15531772ns          256773 1c008256 0a47ad03 lw               x26, 164(x15)       x26=43182330 x15:1c010320  PA:1c0103c4
15532090ns          256789 1c00825a 0a87a083 lw               x1, 168(x15)         x1=430ef96a x15:1c010320  PA:1c0103c8
15532388ns          256804 1c00825e 0ba12223 sw               x26, 164(x2)        x26:43182330  x2:10001638  PA:100016dc
15532408ns          256805 1c008260 0a112423 sw               x1, 168(x2)          x1:430ef96a  x2:10001638  PA:100016e0
15532428ns          256806 1c008262 0ac7ad03 lw               x26, 172(x15)       x26=43443c68 x15:1c010320  PA:1c0103cc
15532746ns          256822 1c008266 0b07a083 lw               x1, 176(x15)         x1=43184504 x15:1c010320  PA:1c0103d0
15533045ns          256837 1c00826a 0ba12623 sw               x26, 172(x2)        x26:43443c68  x2:10001638  PA:100016e4
15533064ns          256838 1c00826c 0a112823 sw               x1, 176(x2)          x1:43184504  x2:10001638  PA:100016e8
15533084ns          256839 1c00826e 0b47ad03 lw               x26, 180(x15)       x26=436b88e6 x15:1c010320  PA:1c0103d4
15533403ns          256855 1c008272 0b87a083 lw               x1, 184(x15)         x1=431cf318 x15:1c010320  PA:1c0103d8
15533701ns          256870 1c008276 0ba12a23 sw               x26, 180(x2)        x26:436b88e6  x2:10001638  PA:100016ec
15533721ns          256871 1c008278 0a112c23 sw               x1, 184(x2)          x1:431cf318  x2:10001638  PA:100016f0
15533741ns          256872 1c00827a 0bc7ad03 lw               x26, 188(x15)       x26=42efb0aa x15:1c010320  PA:1c0103dc
15534039ns          256887 1c00827e 0c07a083 lw               x1, 192(x15)         x1=43388764 x15:1c010320  PA:1c0103e0
15534337ns          256902 1c008282 0ba12e23 sw               x26, 188(x2)        x26:42efb0aa  x2:10001638  PA:100016f4
15534357ns          256903 1c008284 0c112023 sw               x1, 192(x2)          x1:43388764  x2:10001638  PA:100016f8
15534377ns          256904 1c008286 0c47ad03 lw               x26, 196(x15)       x26=43238a37 x15:1c010320  PA:1c0103e4
15534676ns          256919 1c00828a 0c87a083 lw               x1, 200(x15)         x1=439cd482 x15:1c010320  PA:1c0103e8
15534974ns          256934 1c00828e 0da12223 sw               x26, 196(x2)        x26:43238a37  x2:10001638  PA:100016fc
15534994ns          256935 1c008290 0c112423 sw               x1, 200(x2)          x1:439cd482  x2:10001638  PA:10001700
15535014ns          256936 1c008292 0cc7ad03 lw               x26, 204(x15)       x26=43cd58f6 x15:1c010320  PA:1c0103ec
15535312ns          256951 1c008296 0d07a083 lw               x1, 208(x15)         x1=43b32661 x15:1c010320  PA:1c0103f0
15535630ns          256967 1c00829a 0da12623 sw               x26, 204(x2)        x26:43cd58f6  x2:10001638  PA:10001704
15535650ns          256968 1c00829c 0c112823 sw               x1, 208(x2)          x1:43b32661  x2:10001638  PA:10001708
15535670ns          256969 1c00829e 0d47ad03 lw               x26, 212(x15)       x26=43e2d1a3 x15:1c010320  PA:1c0103f4
15535969ns          256984 1c0082a2 0d87a083 lw               x1, 216(x15)         x1=436b88e6 x15:1c010320  PA:1c0103f8
15536267ns          256999 1c0082a6 0da12a23 sw               x26, 212(x2)        x26:43e2d1a3  x2:10001638  PA:1000170c
15536287ns          257000 1c0082a8 0c112c23 sw               x1, 216(x2)          x1:436b88e6  x2:10001638  PA:10001710
15536307ns          257001 1c0082aa 0dc7ad03 lw               x26, 220(x15)       x26=440943c0 x15:1c010320  PA:1c0103fc
15536605ns          257016 1c0082ae 0e07a083 lw               x1, 224(x15)         x1=43af0116 x15:1c010320  PA:1c010400
15536923ns          257032 1c0082b2 0da12e23 sw               x26, 220(x2)        x26:440943c0  x2:10001638  PA:10001714
15536943ns          257033 1c0082b4 0e112023 sw               x1, 224(x2)          x1:43af0116  x2:10001638  PA:10001718
15536963ns          257034 1c0082b6 0e47ad03 lw               x26, 228(x15)       x26=43626552 x15:1c010320  PA:1c010404
15537261ns          257049 1c0082ba 0e87a083 lw               x1, 232(x15)         x1=43c39508 x15:1c010320  PA:1c010408
15537560ns          257064 1c0082be 0fa12223 sw               x26, 228(x2)        x26:43626552  x2:10001638  PA:1000171c
15537580ns          257065 1c0082c0 0e112423 sw               x1, 232(x2)          x1:43c39508  x2:10001638  PA:10001720
15537600ns          257066 1c0082c2 0ec7ad03 lw               x26, 236(x15)       x26=43d3579b x15:1c010320  PA:1c01040c
15537898ns          257081 1c0082c6 0f07a083 lw               x1, 240(x15)         x1=4338cebe x15:1c010320  PA:1c010410
15538216ns          257097 1c0082ca 0fa12623 sw               x26, 236(x2)        x26:43d3579b  x2:10001638  PA:10001724
15538236ns          257098 1c0082cc 0e112823 sw               x1, 240(x2)          x1:4338cebe  x2:10001638  PA:10001728
15538256ns          257099 1c0082ce 0f47ad03 lw               x26, 244(x15)       x26=436f9fa7 x15:1c010320  PA:1c010414
15538554ns          257114 1c0082d2 0f87a083 lw               x1, 248(x15)         x1=4368b3fb x15:1c010320  PA:1c010418
15538853ns          257129 1c0082d6 0fa12a23 sw               x26, 244(x2)        x26:436f9fa7  x2:10001638  PA:1000172c
15538873ns          257130 1c0082d8 0e112c23 sw               x1, 248(x2)          x1:4368b3fb  x2:10001638  PA:10001730
15538892ns          257131 1c0082da 0fc7ad03 lw               x26, 252(x15)       x26=43a32975 x15:1c010320  PA:1c01041c
15539191ns          257146 1c0082de 1007a083 lw               x1, 256(x15)         x1=431cf318 x15:1c010320  PA:1c010420
15539489ns          257161 1c0082e2 0fa12e23 sw               x26, 252(x2)        x26:43a32975  x2:10001638  PA:10001734
15539509ns          257162 1c0082e4 10112023 sw               x1, 256(x2)          x1:431cf318  x2:10001638  PA:10001738
15539529ns          257163 1c0082e8 1047ad03 lw               x26, 260(x15)       x26=43af0116 x15:1c010320  PA:1c010424
15539827ns          257178 1c0082ec 1087a083 lw               x1, 264(x15)         x1=4385481e x15:1c010320  PA:1c010428
15540126ns          257193 1c0082f0 11a12223 sw               x26, 260(x2)        x26:43af0116  x2:10001638  PA:1000173c
15540146ns          257194 1c0082f4 10112423 sw               x1, 264(x2)          x1:4385481e  x2:10001638  PA:10001740
15540165ns          257195 1c0082f8 10c7ad03 lw               x26, 268(x15)       x26=431c8b0b x15:1c010320  PA:1c01042c
15540464ns          257210 1c0082fc 1107a083 lw               x1, 272(x15)         x1=43752daa x15:1c010320  PA:1c010430
15540762ns          257225 1c008300 11a12623 sw               x26, 268(x2)        x26:431c8b0b  x2:10001638  PA:10001744
15540782ns          257226 1c008304 10112823 sw               x1, 272(x2)          x1:43752daa  x2:10001638  PA:10001748
15540802ns          257227 1c008308 1147ad03 lw               x26, 276(x15)       x26=4392c415 x15:1c010320  PA:1c010434
15541100ns          257242 1c00830c 1187a083 lw               x1, 280(x15)         x1=42e1680d x15:1c010320  PA:1c010438
15541538ns          257264 1c008310 11a12a23 sw               x26, 276(x2)        x26:4392c415  x2:10001638  PA:1000174c
15541558ns          257265 1c008314 10112c23 sw               x1, 280(x2)          x1:42e1680d  x2:10001638  PA:10001750
15541578ns          257266 1c008318 11c7ad03 lw               x26, 284(x15)       x26=4327cb71 x15:1c010320  PA:1c01043c
15541876ns          257281 1c00831c 1207a083 lw               x1, 288(x15)         x1=4305ca7d x15:1c010320  PA:1c010440
15542194ns          257297 1c008320 11a12e23 sw               x26, 284(x2)        x26:4327cb71  x2:10001638  PA:10001754
15542214ns          257298 1c008324 12112023 sw               x1, 288(x2)          x1:4305ca7d  x2:10001638  PA:10001758
15542234ns          257299 1c008328 1247ad03 lw               x26, 292(x15)       x26=43579763 x15:1c010320  PA:1c010444
15542532ns          257314 1c00832c 1287a083 lw               x1, 296(x15)         x1=42efb0aa x15:1c010320  PA:1c010448
15542831ns          257329 1c008330 13a12223 sw               x26, 292(x2)        x26:43579763  x2:10001638  PA:1000175c
15542851ns          257330 1c008334 12112423 sw               x1, 296(x2)          x1:42efb0aa  x2:10001638  PA:10001760
15542871ns          257331 1c008338 12c7ad03 lw               x26, 300(x15)       x26=43626552 x15:1c010320  PA:1c01044c
15543169ns          257346 1c00833c 1307a083 lw               x1, 304(x15)         x1=431c8b0b x15:1c010320  PA:1c010450
15543467ns          257361 1c008340 13a12623 sw               x26, 300(x2)        x26:43626552  x2:10001638  PA:10001764
15543487ns          257362 1c008344 12112823 sw               x1, 304(x2)          x1:431c8b0b  x2:10001638  PA:10001768
15543507ns          257363 1c008348 1347ad03 lw               x26, 308(x15)       x26=43199987 x15:1c010320  PA:1c010454
15543925ns          257384 1c00834c 1387a083 lw               x1, 312(x15)         x1=432a2e06 x15:1c010320  PA:1c010458
15544243ns          257400 1c008350 13a12a23 sw               x26, 308(x2)        x26:43199987  x2:10001638  PA:1000176c
15544263ns          257401 1c008354 12112c23 sw               x1, 312(x2)          x1:432a2e06  x2:10001638  PA:10001770
15544283ns          257402 1c008358 13c7ad03 lw               x26, 316(x15)       x26=4353e346 x15:1c010320  PA:1c01045c
15544581ns          257417 1c00835c 1407a083 lw               x1, 320(x15)         x1=43676f28 x15:1c010320  PA:1c010460
15544899ns          257433 1c008360 13a12e23 sw               x26, 316(x2)        x26:4353e346  x2:10001638  PA:10001774
15544919ns          257434 1c008364 14112023 sw               x1, 320(x2)          x1:43676f28  x2:10001638  PA:10001778
15544939ns          257435 1c008368 1447ad03 lw               x26, 324(x15)       x26=4387f2e6 x15:1c010320  PA:1c010464
15545238ns          257450 1c00836c 1487a083 lw               x1, 328(x15)         x1=43741605 x15:1c010320  PA:1c010468
15545536ns          257465 1c008370 15a12223 sw               x26, 324(x2)        x26:4387f2e6  x2:10001638  PA:1000177c
15545556ns          257466 1c008374 14112423 sw               x1, 328(x2)          x1:43741605  x2:10001638  PA:10001780
15545576ns          257467 1c008378 14c7ad03 lw               x26, 332(x15)       x26=43a137a0 x15:1c010320  PA:1c01046c
15545874ns          257482 1c00837c 1507a083 lw               x1, 336(x15)         x1=43388764 x15:1c010320  PA:1c010470
15546192ns          257498 1c008380 15a12623 sw               x26, 332(x2)        x26:43a137a0  x2:10001638  PA:10001784
15546212ns          257499 1c008384 14112823 sw               x1, 336(x2)          x1:43388764  x2:10001638  PA:10001788
15546232ns          257500 1c008388 1547ad03 lw               x26, 340(x15)       x26=43c39508 x15:1c010320  PA:1c010474
15546630ns          257520 1c00838c 1587a083 lw               x1, 344(x15)         x1=43752daa x15:1c010320  PA:1c010478
15546948ns          257536 1c008390 15a12a23 sw               x26, 340(x2)        x26:43c39508  x2:10001638  PA:1000178c
15546968ns          257537 1c008394 15c7ad03 lw               x26, 348(x15)       x26=432a2e05 x15:1c010320  PA:1c01047c
15547266ns          257552 1c008398 14112c23 sw               x1, 344(x2)          x1:43752daa  x2:10001638  PA:10001790
15547286ns          257553 1c00839c 15a12e23 sw               x26, 348(x2)        x26:432a2e05  x2:10001638  PA:10001794
15547306ns          257554 1c0083a0 0007ad03 lw               x26, 0(x15)         x26=438d5741 x15:1c010320  PA:1c010320
15547644ns          257571 1c0083a4 1787a983 lw               x19, 376(x15)       x19=43238a37 x15:1c010320  PA:1c010498
15547963ns          257587 1c0083a8 01a12023 sw               x26, 0(x2)          x26:438d5741  x2:10001638  PA:10001638
15547983ns          257588 1c0083aa 0047ad03 lw               x26, 4(x15)         x26=4385a91c x15:1c010320  PA:1c010324
15548281ns          257603 1c0083ae 17c7a903 lw               x18, 380(x15)       x18=43d3579b x15:1c010320  PA:1c01049c
15548579ns          257618 1c0083b2 01a12223 sw               x26, 4(x2)          x26:4385a91c  x2:10001638  PA:1000163c
15548599ns          257619 1c0083b4 0087ad03 lw               x26, 8(x15)         x26=43522b73 x15:1c010320  PA:1c010328
15549057ns          257642 1c0083b8 1607ac83 lw               x25, 352(x15)       x25=43a1285a x15:1c010320  PA:1c010480
15549355ns          257657 1c0083bc 01a12423 sw               x26, 8(x2)          x26:43522b73  x2:10001638  PA:10001640
15549375ns          257658 1c0083be 00c7ad03 lw               x26, 12(x15)        x26=435b714e x15:1c010320  PA:1c01032c
15549713ns          257675 1c0083c2 1647ac03 lw               x24, 356(x15)       x24=4394e19a x15:1c010320  PA:1c010484
15550011ns          257690 1c0083c6 01a12623 sw               x26, 12(x2)         x26:435b714e  x2:10001638  PA:10001644
15550031ns          257691 1c0083c8 0107ad03 lw               x26, 16(x15)        x26=42e84469 x15:1c010320  PA:1c010330
15550330ns          257706 1c0083cc 1687ab83 lw               x23, 360(x15)       x23=4374018b x15:1c010320  PA:1c010488
15550628ns          257721 1c0083d0 01a12823 sw               x26, 16(x2)         x26:42e84469  x2:10001638  PA:10001648
15550648ns          257722 1c0083d2 0147ad03 lw               x26, 20(x15)        x26=439cd482 x15:1c010320  PA:1c010334
15550946ns          257737 1c0083d6 16c7ab03 lw               x22, 364(x15)       x22=439e9a19 x15:1c010320  PA:1c01048c
15551245ns          257752 1c0083da 01a12a23 sw               x26, 20(x2)         x26:439cd482  x2:10001638  PA:1000164c
15551265ns          257753 1c0083dc 0187ad03 lw               x26, 24(x15)        x26=4338cebe x15:1c010320  PA:1c010338
15551583ns          257769 1c0083e0 1707aa83 lw               x21, 368(x15)       x21=43a73e69 x15:1c010320  PA:1c010490
15551881ns          257784 1c0083e4 01a12c23 sw               x26, 24(x2)         x26:4338cebe  x2:10001638  PA:10001650
15551901ns          257785 1c0083e6 01c7ad03 lw               x26, 28(x15)        x26=42e1680d x15:1c010320  PA:1c01033c
15552199ns          257800 1c0083ea 1747aa03 lw               x20, 372(x15)       x20=43d16714 x15:1c010320  PA:1c010494
15552498ns          257815 1c0083ee 01a12e23 sw               x26, 28(x2)         x26:42e1680d  x2:10001638  PA:10001654
15552518ns          257816 1c0083f0 0207ad03 lw               x26, 32(x15)        x26=43676f28 x15:1c010320  PA:1c010340
15552816ns          257831 1c0083f4 1807a083 lw               x1, 384(x15)         x1=4392c414 x15:1c010320  PA:1c0104a0
15553114ns          257846 1c0083f8 03a12023 sw               x26, 32(x2)         x26:43676f28  x2:10001638  PA:10001658
15553134ns          257847 1c0083fa 0247ad03 lw               x26, 36(x15)        x26=4374018b x15:1c010320  PA:1c010344
15553453ns          257863 1c0083fe 03a12223 sw               x26, 36(x2)         x26:4374018b  x2:10001638  PA:1000165c
15553472ns          257864 1c008400 0287ad03 lw               x26, 40(x15)        x26=4385a91c x15:1c010320  PA:1c010348
15553771ns          257879 1c008404 04a12823 sw               x10, 80(x2)         x10:43522b73  x2:10001638  PA:10001688
15553791ns          257880 1c008406 04c12c23 sw               x12, 88(x2)         x12:43a86db2  x2:10001638  PA:10001690
15553811ns          257881 1c008408 0647a503 lw               x10, 100(x15)       x10=43b32661 x15:1c010320  PA:1c010384
15554109ns          257896 1c00840a 0687a603 lw               x12, 104(x15)       x12=4368b3fb x15:1c010320  PA:1c010388
15554407ns          257911 1c00840c 06e12023 sw               x14, 96(x2)         x14:430ef96a  x2:10001638  PA:10001698
15554427ns          257912 1c00840e 06c7a703 lw               x14, 108(x15)       x14=4305ca7d x15:1c010320  PA:1c01038c
15554726ns          257927 1c008410 02712623 sw               x7, 44(x2)           x7:43b74ef3  x2:10001638  PA:10001664
15554745ns          257928 1c008412 02512823 sw               x5, 48(x2)           x5:4389287f  x2:10001638  PA:10001668
15554765ns          257929 1c008414 03f12a23 sw               x31, 52(x2)         x31:43a3f02c  x2:10001638  PA:1000166c
15554785ns          257930 1c008416 03e12c23 sw               x30, 56(x2)         x30:43182330  x2:10001638  PA:10001670
15554805ns          257931 1c008418 03d12e23 sw               x29, 60(x2)         x29:43cd58f6  x2:10001638  PA:10001674
15554825ns          257932 1c00841a 05c12023 sw               x28, 64(x2)         x28:436f9fa7  x2:10001638  PA:10001678
15554845ns          257933 1c00841c 04612223 sw               x6, 68(x2)           x6:4327cb71  x2:10001638  PA:1000167c
15554865ns          257934 1c00841e 05112423 sw               x17, 72(x2)         x17:4387f2e6  x2:10001638  PA:10001680
15555103ns          257946 1c008420 04d12e23 sw               x13, 92(x2)         x13:43aea4e1  x2:10001638  PA:10001694
15555123ns          257947 1c008422 06a12223 sw               x10, 100(x2)        x10:43b32661  x2:10001638  PA:1000169c
15555143ns          257948 1c008424 06c12423 sw               x12, 104(x2)        x12:4368b3fb  x2:10001638  PA:100016a0
15555163ns          257949 1c008426 06e12623 sw               x14, 108(x2)        x14:4305ca7d  x2:10001638  PA:100016a4
15555183ns          257950 1c008428 03a12423 sw               x26, 40(x2)         x26:4385a91c  x2:10001638  PA:10001660
15555203ns          257951 1c00842a 05012623 sw               x16, 76(x2)         x16:439e9a19  x2:10001638  PA:10001684
15555223ns          257952 1c00842c 04b12a23 sw               x11, 84(x2)         x11:4389287f  x2:10001638  PA:1000168c
15555640ns          257973 1c00842e 17912023 sw               x25, 352(x2)        x25:43a1285a  x2:10001638  PA:10001798
15555680ns          257975 1c008432 17812223 sw               x24, 356(x2)        x24:4394e19a  x2:10001638  PA:1000179c
15555700ns          257976 1c008436 17712423 sw               x23, 360(x2)        x23:4374018b  x2:10001638  PA:100017a0
15555720ns          257977 1c00843a 17612623 sw               x22, 364(x2)        x22:439e9a19  x2:10001638  PA:100017a4
15556158ns          257999 1c00843e 17512823 sw               x21, 368(x2)        x21:43a73e69  x2:10001638  PA:100017a8
15556197ns          258001 1c008442 1c000637 lui              x12, 0x1c000000     x12=1c000000
15556217ns          258002 1c008446 1847a703 lw               x14, 388(x15)       x14=4353e347 x15:1c010320  PA:1c0104a4
15556635ns          258023 1c00844a 1887a683 lw               x13, 392(x15)       x13=4394e19a x15:1c010320  PA:1c0104a8
15556973ns          258040 1c00844e 18c7a783 lw               x15, 396(x15)       x15=43d53694 x15:1c010320  PA:1c0104ac
15557291ns          258056 1c008452 17412a23 sw               x20, 372(x2)        x20:43d16714  x2:10001638  PA:100017ac
15557311ns          258057 1c008456 01c62f03 lw               x30, 28(x12)        x30=3f800000 x12:1c000000  PA:1c00001c
15557610ns          258072 1c00845a 17312c23 sw               x19, 376(x2)        x19:43238a37  x2:10001638  PA:100017b0
15557630ns          258073 1c00845e 17212e23 sw               x18, 380(x2)        x18:43d3579b  x2:10001638  PA:100017b4
15557649ns          258074 1c008462 18112023 sw               x1, 384(x2)          x1:4392c414  x2:10001638  PA:100017b8
15557669ns          258075 1c008466 18e12223 sw               x14, 388(x2)        x14:4353e347  x2:10001638  PA:100017bc
15557689ns          258076 1c00846a 18d12423 sw               x13, 392(x2)        x13:4394e19a  x2:10001638  PA:100017c0
15557968ns          258090 1c00846e 18f12623 sw               x15, 396(x2)        x15:43d53694  x2:10001638  PA:100017c4
15557988ns          258091 1c008472 00200333 add              x6, x0, x2           x6=10001638  x2:10001638
15558007ns          258092 1c008474 002008b3 add              x17, x0, x2         x17=10001638  x2:10001638
15558027ns          258093 1c008476 00000e13 addi             x28, x0, 0          x28=00000000
15558047ns          258094 1c008478 00000513 addi             x10, x0, 0          x10=00000000
15558067ns          258095 1c00847a 00000e93 addi             x29, x0, 0          x29=00000000
15558087ns          258096 1c00847e 00a00393 addi             x7, x0, 10           x7=0000000a
15558505ns          258117 1c008480 00b00293 addi             x5, x0, 11           x5=0000000b
15558525ns          258118 1c008482 01e00fb3 add              x31, x0, x30        x31=3f800000 x30:3f800000
15558545ns          258119 1c008484 ffc00993 addi             x19, x0, -4         x19=fffffffc
15558564ns          258120 1c008486 00800913 addi             x18, x0, 8          x18=00000008
15558584ns          258121 1c008488 32050f63 beq              x10, x0, 830        x10:00000000
15559519ns          258168 1c0087c6 0008a783 lw               x15, 0(x17)         x15=438d5741 x17:10001638  PA:10001638
15559559ns          258170 1c0087ca a0fe9753 flt.s            x14, f29, f15       x14=00000001 f29:00000000 f15:438d5741
15559579ns          258171 1c0087ce fc0707e3 beq              x14, x0, -50        x14:00000001
15559977ns          258191 1c0087d0 5807f853 fsqrt.s          f16, f15            f16=xxxxxxxx f15:438d5741
15560494ns          258217 1c0087d4 001e0593 addi             x11, x28, 1         x11=xxxxxxxx x28:00000000
15560514ns          258218 1c0087d8 00a00793 addi             x15, x0, 10         x15=xxxxxxxx
15560534ns          258219 1c0087da 00100513 addi             x10, x0, 1          x10=xxxxxxxx
15560733ns          258229 1c0087dc 0108a023 sw               x16, 0(x17)         x16:4186814f x17:10001638  PA:10001638
15560752ns          258230 1c0087e0 190f7853 fdiv.s           f16, f30, f16       f16=xxxxxxxx f30:3f800000 f16:4186814f
15561588ns          258272 1c0087e4 00158693 addi             x13, x11, 1         x13=xxxxxxxx x11:00000001
15561608ns          258273 1c0087e8 00488713 addi             x14, x17, 4         x14=xxxxxxxx x17:10001638
15561628ns          258274 1c0087ec 40b785b3 sub              x11, x15, x11       x11=xxxxxxxx x15:0000000a x11:00000001
15561647ns          258275 1c0087f0 3ad7c463 blt              x15, x13, 936       x15:0000000a x13:00000002
15561667ns          258276 1c0087f4 800006b7 lui              x13, 0x80000000     x13=xxxxxxxx
15561687ns          258277 1c0087f8 3ad78063 beq              x15, x13, 928       x15:0000000a x13:80000000
15561707ns          258278 1c0087fc 0055c0fb lp.setup         0x1, x11, 0x5       x11:00000009
15561926ns          258289 1c008800 00072783 lw               x15, 0(x14)         x15=xxxxxxxx x14:1000163c  PA:1000163c
15561966ns          258291 1c008802 1107f7d3 fmul.s           f15, f15, f16       f15=xxxxxxxx f15:4385a91c f16:3d739e76
15561986ns          258292 1c008806 00f7222b p.sw             x15, 4(x14!)        x14=10001640 x15:417e6483 x14:1000163c  PA:1000163c
15562006ns          258293 1c008800 00072783 lw               x15, 0(x14)         x15=435b714e x14:10001640  PA:10001640
15562045ns          258295 1c008802 1107f7d3 fmul.s           f15, f15, f16       f15=xxxxxxxx f15:43522b73 f16:3d739e76
15562065ns          258296 1c008806 00f7222b p.sw             x15, 4(x14!)        x14=10001644 x15:41480156 x14:10001640  PA:10001640
15562085ns          258297 1c008800 00072783 lw               x15, 0(x14)         x15=xxxxxxxx x14:10001644  PA:10001644
15562125ns          258299 1c008802 1107f7d3 fmul.s           f15, f15, f16       f15=xxxxxxxx f15:435b714e f16:3d739e76
15562145ns          258300 1c008806 00f7222b p.sw             x15, 4(x14!)        x14=10001648 x15:4150d462 x14:10001644  PA:10001644
15562165ns          258301 1c008800 00072783 lw               x15, 0(x14)         x15=xxxxxxxx x14:10001648  PA:10001648
15562204ns          258303 1c008802 1107f7d3 fmul.s           f15, f15, f16       f15=xxxxxxxx f15:42e84469 f16:3d739e76
15562224ns          258304 1c008806 00f7222b p.sw             x15, 4(x14!)        x14=1000164c x15:40dd08b5 x14:10001648  PA:10001648
15562244ns          258305 1c008800 00072783 lw               x15, 0(x14)         x15=xxxxxxxx x14:1000164c  PA:1000164c
15562284ns          258307 1c008802 1107f7d3 fmul.s           f15, f15, f16       f15=xxxxxxxx f15:439cd482 f16:3d739e76
15562304ns          258308 1c008806 00f7222b p.sw             x15, 4(x14!)        x14=10001650 x15:41953ecb x14:1000164c  PA:1000164c
15562324ns          258309 1c008800 00072783 lw               x15, 0(x14)         x15=4338cebe x14:10001650  PA:10001650
15562364ns          258311 1c008802 1107f7d3 fmul.s           f15, f15, f16       f15=xxxxxxxx f15:4338cebe f16:3d739e76
15562383ns          258312 1c008806 00f7222b p.sw             x15, 4(x14!)        x14=10001654 x15:412fdea3 x14:10001650  PA:10001650
15562403ns          258313 1c008800 00072783 lw               x15, 0(x14)         x15=42e1680d x14:10001654  PA:10001654
15562443ns          258315 1c008802 1107f7d3 fmul.s           f15, f15, f16       f15=xxxxxxxx f15:42e1680d f16:3d739e76
15562463ns          258316 1c008806 00f7222b p.sw             x15, 4(x14!)        x14=10001658 x15:40d6814a x14:10001654  PA:10001654
15562483ns          258317 1c008800 00072783 lw               x15, 0(x14)         x15=43676f28 x14:10001658  PA:10001658
15562523ns          258319 1c008802 1107f7d3 fmul.s           f15, f15, f16       f15=xxxxxxxx f15:43676f28 f16:3d739e76
15562543ns          258320 1c008806 00f7222b p.sw             x15, 4(x14!)        x14=1000165c x15:415c3dc4 x14:10001658  PA:10001658
15562562ns          258321 1c008800 00072783 lw               x15, 0(x14)         x15=4374018b x14:1000165c  PA:1000165c
15562602ns          258323 1c008802 1107f7d3 fmul.s           f15, f15, f16       f15=xxxxxxxx f15:4374018b f16:3d739e76
15562622ns          258324 1c008806 00f7222b p.sw             x15, 4(x14!)        x14=10001660 x15:41683480 x14:1000165c  PA:1000165c
15562642ns          258325 1c00880a 00be0e13 addi             x28, x28, 11        x28=0000000b x28:00000000
15562662ns          258326 1c00880c 02c88893 addi             x17, x17, 44        x17=10001664 x17:10001638
15563040ns          258345 1c008810 00430313 addi             x6, x6, 4            x6=1000163c  x6:10001638
15563080ns          258347 1c008812 c6a53be3 p.bneimm         x10, -906           x10:00000001
15563179ns          258352 1c008488 32050f63 beq              x10, x0, 830        x10:00000001
15563219ns          258354 1c00848c 00032783 lw               x15, 0(x6)          x15=417e6483  x6:1000163c  PA:1000163c
15563279ns          258357 1c008490 e8f7f7c3 fmadd.s          f15, f15, f15, f29  f15=xxxxxxxx f15:417e6483 f15:417e6483 f29:00000000
15563318ns          258359 1c008494 2e152c63 p.beqimm         x10, 760            x10:00000001
15563816ns          258384 1c00878c 0008a803 lw               x16, 0(x17)         x16=43b74ef3 x17:10001664  PA:10001664
15564273ns          258407 1c008790 08f877d3 fsub.s           f15, f16, f15       f15=xxxxxxxx f16:43b74ef3 f15:437ccb9b
15564313ns          258409 1c008794 a0fe9753 flt.s            x14, f29, f15       x14=00000001 f29:00000000 f15:42e3a496
15564333ns          258410 1c008798 24071f63 bne              x14, x0, 606        x14:00000001
15565287ns          258458 1c0089f6 025505b3 mul              x11, x10, x5        x11=0000000b x10:00000001  x5:0000000b
15565307ns          258459 1c0089fa 5807f853 fsqrt.s          f16, f15            f16=xxxxxxxx f15:42e3a496
15565825ns          258485 1c0089fe ff858b93 addi             x23, x11, -8        x23=xxxxxxxx x11:0000000b
15566063ns          258497 1c008a02 0108a023 sw               x16, 0(x17)         x16:412ab30d x17:10001664  PA:10001664
15566083ns          258498 1c008a06 00250a13 addi             x20, x10, 2         x20=00000003 x10:00000001
15566103ns          258499 1c008a0a 00158593 addi             x11, x11, 1         x11=0000000c x11:0000000b
15566123ns          258500 1c008a0c 054bcc63 blt              x23, x20, 88        x23:00000003 x20:00000003
15566282ns          258508 1c008a10 00251a93 slli             x21, x10, 0x2       x21=00000004 x10:00000001
15566322ns          258510 1c008a14 03350b33 mul              x22, x10, x19       x22=fffffffc x10:00000001 x19:fffffffc
15566342ns          258511 1c008a18 00010793 addi             x15, x2, 0          x15=10001638  x2:10001638
15566362ns          258512 1c008a1c 00fa8ab3 add              x21, x21, x15       x21=1000163c x21:00000004 x15:10001638
15566799ns          258534 1c008a1e 40a90c33 sub              x24, x18, x10       x24=00000007 x18:00000008 x10:00000001
15566839ns          258536 1c008a22 028b0b13 addi             x22, x22, 40        x22=00000024 x22:fffffffc
15566859ns          258537 1c008a26 000aa083 lw               x1, 0(x21)           x1=417e6483 x21:1000163c  PA:1000163c
15566879ns          258538 1c008a2a 014c07b3 add              x15, x24, x20       x15=0000000a x24:00000007 x20:00000003
15567316ns          258560 1c008a2e 201090d3 fsgnjn.s         f1, f1, f1           f1=xxxxxxxx  f1:417e6483  f1:417e6483
15567356ns          258562 1c008a32 0347c463 blt              x15, x20, 40        x15:0000000a x20:00000003
15567376ns          258563 1c008a36 ff8b0713 addi             x14, x22, -8        x14=0000001c x22:00000024
15567396ns          258564 1c008a3a 00275713 srli             x14, x14, 0x2       x14=00000007 x14:0000001c
15567416ns          258565 1c008a3c 00488693 addi             x13, x17, 4         x13=10001668 x17:10001664
15567834ns          258586 1c008a40 004a8613 addi             x12, x21, 4         x12=10001640 x21:1000163c
15567873ns          258588 1c008a44 00170713 addi             x14, x14, 1         x14=00000008 x14:00000007
15567893ns          258589 1c008a46 008740fb lp.setup         0x1, x14, 0x8       x14:00000008
15567913ns          258590 1c008a4a 0006ac83 lw               x25, 0(x13)         x25=4389287f x13:10001668  PA:10001668
15568351ns          258612 1c008a4e 0046278b p.lw             x15, 4(x12!)        x15=41480156 x12=10001644 x12:10001640  PA:10001640
15568390ns          258614 1c008a52 c817f7c3 fmadd.s          f15, f15, f1, f25   f15=xxxxxxxx f15:41480156  f1:c17e6483 f25:4389287f
15568410ns          258615 1c008a56 00f6a22b p.sw             x15, 4(x13!)        x13=1000166c x15:42972248 x13:10001668  PA:10001668
15568450ns          258617 1c008a4a 0006ac83 lw               x25, 0(x13)         x25=43a3f02c x13:1000166c  PA:1000166c
15568490ns          258619 1c008a4e 0046278b p.lw             x15, 4(x12!)        x15=4150d462 x12=10001648 x12:10001644  PA:10001644
15568530ns          258621 1c008a52 c817f7c3 fmadd.s          f15, f15, f1, f25   f15=xxxxxxxx f15:4150d462  f1:c17e6483 f25:43a3f02c
15568550ns          258622 1c008a56 00f6a22b p.sw             x15, 4(x13!)        x13=10001670 x15:42f0b742 x13:1000166c  PA:1000166c
15568589ns          258624 1c008a4a 0006ac83 lw               x25, 0(x13)         x25=43182330 x13:10001670  PA:10001670
15568609ns          258625 1c008a4e 0046278b p.lw             x15, 4(x12!)        x15=40dd08b5 x12=1000164c x12:10001648  PA:10001648
15568649ns          258627 1c008a52 c817f7c3 fmadd.s          f15, f15, f1, f25   f15=xxxxxxxx f15:40dd08b5  f1:c17e6483 f25:43182330
15568669ns          258628 1c008a56 00f6a22b p.sw             x15, 4(x13!)        x13=10001674 x15:422941e8 x13:10001670  PA:10001670
15568689ns          258629 1c008a4a 0006ac83 lw               x25, 0(x13)         x25=43cd58f6 x13:10001674  PA:10001674
15568709ns          258630 1c008a4e 0046278b p.lw             x15, 4(x12!)        x15=41953ecb x12=10001650 x12:1000164c  PA:1000164c
15568748ns          258632 1c008a52 c817f7c3 fmadd.s          f15, f15, f1, f25   f15=xxxxxxxx f15:41953ecb  f1:c17e6483 f25:43cd58f6
15568768ns          258633 1c008a56 00f6a22b p.sw             x15, 4(x13!)        x13=10001678 x15:42e4283f x13:10001674  PA:10001674
15568788ns          258634 1c008a4a 0006ac83 lw               x25, 0(x13)         x25=436f9fa7 x13:10001678  PA:10001678
15568848ns          258637 1c008a4e 0046278b p.lw             x15, 4(x12!)        x15=412fdea3 x12=10001654 x12:10001650  PA:10001650
15568888ns          258639 1c008a52 c817f7c3 fmadd.s          f15, f15, f1, f25   f15=xxxxxxxx f15:412fdea3  f1:c17e6483 f25:436f9fa7
15568908ns          258640 1c008a56 00f6a22b p.sw             x15, 4(x13!)        x13=1000167c x15:4281b769 x13:10001678  PA:10001678
15568947ns          258642 1c008a4a 0006ac83 lw               x25, 0(x13)         x25=4327cb71 x13:1000167c  PA:1000167c
15568967ns          258643 1c008a4e 0046278b p.lw             x15, 4(x12!)        x15=40d6814a x12=10001658 x12:10001654  PA:10001654
15569007ns          258645 1c008a52 c817f7c3 fmadd.s          f15, f15, f1, f25   f15=xxxxxxxx f15:40d6814a  f1:c17e6483 f25:4327cb71
15569027ns          258646 1c008a56 00f6a22b p.sw             x15, 4(x13!)        x13=10001680 x15:4274dcc5 x13:1000167c  PA:1000167c
15569047ns          258647 1c008a4a 0006ac83 lw               x25, 0(x13)         x25=4387f2e6 x13:10001680  PA:10001680
15569067ns          258648 1c008a4e 0046278b p.lw             x15, 4(x12!)        x15=415c3dc4 x12=1000165c x12:10001658  PA:10001658
15569107ns          258650 1c008a52 c817f7c3 fmadd.s          f15, f15, f1, f25   f15=xxxxxxxx f15:415c3dc4  f1:c17e6483 f25:4387f2e6
15569126ns          258651 1c008a56 00f6a22b p.sw             x15, 4(x13!)        x13=10001684 x15:4254282b x13:10001680  PA:10001680
15569146ns          258652 1c008a4a 0006ac83 lw               x25, 0(x13)         x25=439e9a19 x13:10001684  PA:10001684
15569166ns          258653 1c008a4e 0046278b p.lw             x15, 4(x12!)        x15=41683480 x12=10001660 x12:1000165c  PA:1000165c
15569206ns          258655 1c008a52 c817f7c3 fmadd.s          f15, f15, f1, f25   f15=xxxxxxxx f15:41683480  f1:c17e6483 f25:439e9a19
15569226ns          258656 1c008a56 00f6a22b p.sw             x15, 4(x13!)        x13=10001688 x15:42ace9df x13:10001684  PA:10001684
15569246ns          258657 1c008a5a 00aa0a13 addi             x20, x20, 10        x20=0000000d x20:00000003
15569266ns          258658 1c008a5c 028a8a93 addi             x21, x21, 40        x21=10001664 x21:1000163c
15569564ns          258673 1c008a60 fd4bd3e3 bge              x23, x20, -58       x23:00000003 x20:0000000d
15569604ns          258675 1c008a64 00150513 addi             x10, x10, 1         x10=00000002 x10:00000001
15569624ns          258676 1c008a66 027507b3 mul              x15, x10, x7        x15=00000014 x10:00000002  x7:0000000a
15569644ns          258677 1c008a6a 190ff853 fdiv.s           f16, f31, f16       f16=xxxxxxxx f31:3f800000 f16:412ab30d
15570419ns          258716 1c008a6e d6f5cbe3 blt              x11, x15, -650      x11:0000000c x15:00000014
15570519ns          258721 1c0087e4 00158693 addi             x13, x11, 1         x13=0000000d x11:0000000c
15570559ns          258723 1c0087e8 00488713 addi             x14, x17, 4         x14=10001668 x17:10001664
15570578ns          258724 1c0087ec 40b785b3 sub              x11, x15, x11       x11=00000008 x15:00000014 x11:0000000c
15570598ns          258725 1c0087f0 3ad7c463 blt              x15, x13, 936       x15:00000014 x13:0000000d
15570618ns          258726 1c0087f4 800006b7 lui              x13, 0x80000000     x13=80000000
15570638ns          258727 1c0087f8 3ad78063 beq              x15, x13, 928       x15:00000014 x13:80000000
15570658ns          258728 1c0087fc 0055c0fb lp.setup         0x1, x11, 0x5       x11:00000008
15570718ns          258731 1c008800 00072783 lw               x15, 0(x14)         x15=42972248 x14:10001668  PA:10001668
15570757ns          258733 1c008802 1107f7d3 fmul.s           f15, f15, f16       f15=xxxxxxxx f15:42972248 f16:3dbff692
15570777ns          258734 1c008806 00f7222b p.sw             x15, 4(x14!)        x14=1000166c x15:40e2a84a x14:10001668  PA:10001668
15570797ns          258735 1c008800 00072783 lw               x15, 0(x14)         x15=42f0b742 x14:1000166c  PA:1000166c
15570837ns          258737 1c008802 1107f7d3 fmul.s           f15, f15, f16       f15=xxxxxxxx f15:42f0b742 f16:3dbff692
15570857ns          258738 1c008806 00f7222b p.sw             x15, 4(x14!)        x14=10001670 x15:41348094 x14:1000166c  PA:1000166c
15570877ns          258739 1c008800 00072783 lw               x15, 0(x14)         x15=422941e8 x14:10001670  PA:10001670
15570917ns          258741 1c008802 1107f7d3 fmul.s           f15, f15, f16       f15=xxxxxxxx f15:422941e8 f16:3dbff692
15570936ns          258742 1c008806 00f7222b p.sw             x15, 4(x14!)        x14=10001674 x15:407dd664 x14:10001670  PA:10001670
15570956ns          258743 1c008800 00072783 lw               x15, 0(x14)         x15=42e4283f x14:10001674  PA:10001674
15570996ns          258745 1c008802 1107f7d3 fmul.s           f15, f15, f16       f15=xxxxxxxx f15:42e4283f f16:3dbff692
15571016ns          258746 1c008806 00f7222b p.sw             x15, 4(x14!)        x14=10001678 x15:412b15c8 x14:10001674  PA:10001674
15571036ns          258747 1c008800 00072783 lw               x15, 0(x14)         x15=4281b769 x14:10001678  PA:10001678
15571076ns          258749 1c008802 1107f7d3 fmul.s           f15, f15, f16       f15=xxxxxxxx f15:4281b769 f16:3dbff692
15571096ns          258750 1c008806 00f7222b p.sw             x15, 4(x14!)        x14=1000167c x15:40c2898f x14:10001678  PA:10001678
15571115ns          258751 1c008800 00072783 lw               x15, 0(x14)         x15=4274dcc5 x14:1000167c  PA:1000167c
15571155ns          258753 1c008802 1107f7d3 fmul.s           f15, f15, f16       f15=xxxxxxxx f15:4274dcc5 f16:3dbff692
15571175ns          258754 1c008806 00f7222b p.sw             x15, 4(x14!)        x14=10001680 x15:40b79c8f x14:1000167c  PA:1000167c
15571195ns          258755 1c008800 00072783 lw               x15, 0(x14)         x15=4254282b x14:10001680  PA:10001680
15571235ns          258757 1c008802 1107f7d3 fmul.s           f15, f15, f16       f15=xxxxxxxx f15:4254282b f16:3dbff692
15571255ns          258758 1c008806 00f7222b p.sw             x15, 4(x14!)        x14=10001684 x15:409f1650 x14:10001680  PA:10001680
15571275ns          258759 1c008800 00072783 lw               x15, 0(x14)         x15=42ace9df x14:10001684  PA:10001684
15571314ns          258761 1c008802 1107f7d3 fmul.s           f15, f15, f16       f15=xxxxxxxx f15:42ace9df f16:3dbff692
15571334ns          258762 1c008806 00f7222b p.sw             x15, 4(x14!)        x14=10001688 x15:4101a909 x14:10001684  PA:10001684
15571354ns          258763 1c00880a 00be0e13 addi             x28, x28, 11        x28=00000016 x28:0000000b
15571374ns          258764 1c00880c 02c88893 addi             x17, x17, 44        x17=10001690 x17:10001664
15571394ns          258765 1c008810 00430313 addi             x6, x6, 4            x6=10001640  x6:1000163c
15571434ns          258767 1c008812 c6a53be3 p.bneimm         x10, -906           x10:00000002
15571533ns          258772 1c008488 32050f63 beq              x10, x0, 830        x10:00000002
15571573ns          258774 1c00848c 00032783 lw               x15, 0(x6)          x15=41480156  x6:10001640  PA:10001640
15571613ns          258776 1c008490 e8f7f7c3 fmadd.s          f15, f15, f15, f29  f15=xxxxxxxx f15:41480156 f15:41480156 f29:00000000
15571633ns          258777 1c008494 2e152c63 p.beqimm         x10, 760            x10:00000002
15571653ns          258778 1c008498 02832703 lw               x14, 40(x6)         x14=40e2a84a  x6:10001640  PA:10001668
15571692ns          258780 1c00849c 78e777c3 fmadd.s          f15, f14, f14, f15  f15=xxxxxxxx f14:40e2a84a f14:40e2a84a f15:431c4216
15571772ns          258784 1c0084a0 2e252663 p.beqimm         x10, 748            x10:00000002
15571871ns          258789 1c00878c 0008a803 lw               x16, 0(x17)         x16=43a86db2 x17:10001690  PA:10001690
15571911ns          258791 1c008790 08f877d3 fsub.s           f15, f16, f15       f15=xxxxxxxx f16:43a86db2 f15:434e6d7a
15571931ns          258792 1c008794 a0fe9753 flt.s            x14, f29, f15       x14=00000001 f29:00000000 f15:43026dea
15571951ns          258793 1c008798 24071f63 bne              x14, x0, 606        x14:00000001
15572030ns          258797 1c0089f6 025505b3 mul              x11, x10, x5        x11=00000016 x10:00000002  x5:0000000b
15572050ns          258798 1c0089fa 5807f853 fsqrt.s          f16, f15            f16=xxxxxxxx f15:43026dea
15572548ns          258823 1c0089fe ff858b93 addi             x23, x11, -8        x23=xxxxxxxx x11:00000016
15572806ns          258836 1c008a02 0108a023 sw               x16, 0(x17)         x16:4136baa4 x17:10001690  PA:10001690
15572826ns          258837 1c008a06 00250a13 addi             x20, x10, 2         x20=00000004 x10:00000002
15572846ns          258838 1c008a0a 00158593 addi             x11, x11, 1         x11=00000017 x11:00000016
15572866ns          258839 1c008a0c 054bcc63 blt              x23, x20, 88        x23:0000000e x20:00000004
15572906ns          258841 1c008a10 00251a93 slli             x21, x10, 0x2       x21=00000008 x10:00000002
15572945ns          258843 1c008a14 03350b33 mul              x22, x10, x19       x22=fffffff8 x10:00000002 x19:fffffffc
15572965ns          258844 1c008a18 00010793 addi             x15, x2, 0          x15=10001638  x2:10001638
15572985ns          258845 1c008a1c 00fa8ab3 add              x21, x21, x15       x21=10001640 x21:00000008 x15:10001638
15573005ns          258846 1c008a1e 40a90c33 sub              x24, x18, x10       x24=00000006 x18:00000008 x10:00000002
15573025ns          258847 1c008a22 028b0b13 addi             x22, x22, 40        x22=00000020 x22:fffffff8
15573045ns          258848 1c008a26 000aa083 lw               x1, 0(x21)           x1=41480156 x21:10001640  PA:10001640
15573065ns          258849 1c008a2a 014c07b3 add              x15, x24, x20       x15=0000000a x24:00000006 x20:00000004
15573085ns          258850 1c008a2e 201090d3 fsgnjn.s         f1, f1, f1           f1=xxxxxxxx  f1:41480156  f1:41480156
15573105ns          258851 1c008a32 0347c463 blt              x15, x20, 40        x15:0000000a x20:00000004
15573124ns          258852 1c008a36 ff8b0713 addi             x14, x22, -8        x14=00000018 x22:00000020
15573144ns          258853 1c008a3a 00275713 srli             x14, x14, 0x2       x14=00000006 x14:00000018
15573164ns          258854 1c008a3c 00488693 addi             x13, x17, 4         x13=10001694 x17:10001690
15573184ns          258855 1c008a40 004a8613 addi             x12, x21, 4         x12=10001644 x21:10001640
15573204ns          258856 1c008a44 00170713 addi             x14, x14, 1         x14=00000007 x14:00000006
15573224ns          258857 1c008a46 008740fb lp.setup         0x1, x14, 0x8       x14:00000007
15573244ns          258858 1c008a4a 0006ac83 lw               x25, 0(x13)         x25=43aea4e1 x13:10001694  PA:10001694
15573264ns          258859 1c008a4e 0046278b p.lw             x15, 4(x12!)        x15=4150d462 x12=10001648 x12:10001644  PA:10001644
15573303ns          258861 1c008a52 c817f7c3 fmadd.s          f15, f15, f1, f25   f15=xxxxxxxx f15:4150d462  f1:c1480156 f25:43aea4e1
15573323ns          258862 1c008a56 00f6a22b p.sw             x15, 4(x13!)        x13=10001698 x15:433a22be x13:10001694  PA:10001694
15573363ns          258864 1c008a4a 0006ac83 lw               x25, 0(x13)         x25=430ef96a x13:10001698  PA:10001698
15573383ns          258865 1c008a4e 0046278b p.lw             x15, 4(x12!)        x15=40dd08b5 x12=1000164c x12:10001648  PA:10001648
15573423ns          258867 1c008a52 c817f7c3 fmadd.s          f15, f15, f1, f25   f15=xxxxxxxx f15:40dd08b5  f1:c1480156 f25:430ef96a
15573443ns          258868 1c008a56 00f6a22b p.sw             x15, 4(x13!)        x13=1000169c x15:426285bf x13:10001698  PA:10001698
15573463ns          258869 1c008a4a 0006ac83 lw               x25, 0(x13)         x25=43b32661 x13:1000169c  PA:1000169c
15573482ns          258870 1c008a4e 0046278b p.lw             x15, 4(x12!)        x15=41953ecb x12=10001650 x12:1000164c  PA:1000164c
15573522ns          258872 1c008a52 c817f7c3 fmadd.s          f15, f15, f1, f25   f15=xxxxxxxx f15:41953ecb  f1:c1480156 f25:43b32661
15573542ns          258873 1c008a56 00f6a22b p.sw             x15, 4(x13!)        x13=100016a0 x15:42fa322c x13:1000169c  PA:1000169c
15573562ns          258874 1c008a4a 0006ac83 lw               x25, 0(x13)         x25=4368b3fb x13:100016a0  PA:100016a0
15573582ns          258875 1c008a4e 0046278b p.lw             x15, 4(x12!)        x15=412fdea3 x12=10001654 x12:10001650  PA:10001650
15573622ns          258877 1c008a52 c817f7c3 fmadd.s          f15, f15, f1, f25   f15=xxxxxxxx f15:412fdea3  f1:c1480156 f25:4368b3fb
15573642ns          258878 1c008a56 00f6a22b p.sw             x15, 4(x13!)        x13=100016a4 x15:42be9a41 x13:100016a0  PA:100016a0
15573662ns          258879 1c008a4a 0006ac83 lw               x25, 0(x13)         x25=4305ca7d x13:100016a4  PA:100016a4
15573681ns          258880 1c008a4e 0046278b p.lw             x15, 4(x12!)        x15=40d6814a x12=10001658 x12:10001654  PA:10001654
15573721ns          258882 1c008a52 c817f7c3 fmadd.s          f15, f15, f1, f25   f15=xxxxxxxx f15:40d6814a  f1:c1480156 f25:4305ca7d
15573741ns          258883 1c008a56 00f6a22b p.sw             x15, 4(x13!)        x13=100016a8 x15:4247fdb3 x13:100016a4  PA:100016a4
15573761ns          258884 1c008a4a 0006ac83 lw               x25, 0(x13)         x25=43741606 x13:100016a8  PA:100016a8
15573781ns          258885 1c008a4e 0046278b p.lw             x15, 4(x12!)        x15=415c3dc4 x12=1000165c x12:10001658  PA:10001658
15573821ns          258887 1c008a52 c817f7c3 fmadd.s          f15, f15, f1, f25   f15=xxxxxxxx f15:415c3dc4  f1:c1480156 f25:43741606
15573841ns          258888 1c008a56 00f6a22b p.sw             x15, 4(x13!)        x13=100016ac x15:4290093d x13:100016a8  PA:100016a8
15573860ns          258889 1c008a4a 0006ac83 lw               x25, 0(x13)         x25=43a73e6a x13:100016ac  PA:100016ac
15573880ns          258890 1c008a4e 0046278b p.lw             x15, 4(x12!)        x15=41683480 x12=10001660 x12:1000165c  PA:1000165c
15573920ns          258892 1c008a52 c817f7c3 fmadd.s          f15, f15, f1, f25   f15=xxxxxxxx f15:41683480  f1:c1480156 f25:43a73e6a
15573940ns          258893 1c008a56 00f6a22b p.sw             x15, 4(x13!)        x13=100016b0 x15:4319129a x13:100016ac  PA:100016ac
15573960ns          258894 1c008a5a 00aa0a13 addi             x20, x20, 10        x20=0000000e x20:00000004
15573980ns          258895 1c008a5c 028a8a93 addi             x21, x21, 40        x21=10001668 x21:10001640
15574000ns          258896 1c008a60 fd4bd3e3 bge              x23, x20, -58       x23:0000000e x20:0000000e
15574079ns          258900 1c008a26 000aa083 lw               x1, 0(x21)           x1=40e2a84a x21:10001668  PA:10001668
15574099ns          258901 1c008a2a 014c07b3 add              x15, x24, x20       x15=00000014 x24:00000006 x20:0000000e
15574119ns          258902 1c008a2e 201090d3 fsgnjn.s         f1, f1, f1           f1=xxxxxxxx  f1:40e2a84a  f1:40e2a84a
15574139ns          258903 1c008a32 0347c463 blt              x15, x20, 40        x15:00000014 x20:0000000e
15574159ns          258904 1c008a36 ff8b0713 addi             x14, x22, -8        x14=00000018 x22:00000020
15574179ns          258905 1c008a3a 00275713 srli             x14, x14, 0x2       x14=00000006 x14:00000018
15574199ns          258906 1c008a3c 00488693 addi             x13, x17, 4         x13=10001694 x17:10001690
15574218ns          258907 1c008a40 004a8613 addi             x12, x21, 4         x12=1000166c x21:10001668
15574238ns          258908 1c008a44 00170713 addi             x14, x14, 1         x14=00000007 x14:00000006
15574258ns          258909 1c008a46 008740fb lp.setup         0x1, x14, 0x8       x14:00000007
15574278ns          258910 1c008a4a 0006ac83 lw               x25, 0(x13)         x25=433a22be x13:10001694  PA:10001694
15574298ns          258911 1c008a4e 0046278b p.lw             x15, 4(x12!)        x15=41348094 x12=10001670 x12:1000166c  PA:1000166c
15574338ns          258913 1c008a52 c817f7c3 fmadd.s          f15, f15, f1, f25   f15=xxxxxxxx f15:41348094  f1:c0e2a84a f25:433a22be
15574358ns          258914 1c008a56 00f6a22b p.sw             x15, 4(x13!)        x13=10001698 x15:42d47551 x13:10001694  PA:10001694
15574397ns          258916 1c008a4a 0006ac83 lw               x25, 0(x13)         x25=426285bf x13:10001698  PA:10001698
15574417ns          258917 1c008a4e 0046278b p.lw             x15, 4(x12!)        x15=407dd664 x12=10001674 x12:10001670  PA:10001670
15574457ns          258919 1c008a52 c817f7c3 fmadd.s          f15, f15, f1, f25   f15=xxxxxxxx f15:407dd664  f1:c0e2a84a f25:426285bf
15574477ns          258920 1c008a56 00f6a22b p.sw             x15, 4(x13!)        x13=1000169c x15:41e44d5c x13:10001698  PA:10001698
15574497ns          258921 1c008a4a 0006ac83 lw               x25, 0(x13)         x25=42fa322c x13:1000169c  PA:1000169c
15574517ns          258922 1c008a4e 0046278b p.lw             x15, 4(x12!)        x15=412b15c8 x12=10001678 x12:10001674  PA:10001674
15574557ns          258924 1c008a52 c817f7c3 fmadd.s          f15, f15, f1, f25   f15=xxxxxxxx f15:412b15c8  f1:c0e2a84a f25:42fa322c
15574576ns          258925 1c008a56 00f6a22b p.sw             x15, 4(x13!)        x13=100016a0 x15:424570f3 x13:1000169c  PA:1000169c
15574596ns          258926 1c008a4a 0006ac83 lw               x25, 0(x13)         x25=42be9a41 x13:100016a0  PA:100016a0
15574616ns          258927 1c008a4e 0046278b p.lw             x15, 4(x12!)        x15=40c2898f x12=1000167c x12:10001678  PA:10001678
15574656ns          258929 1c008a52 c817f7c3 fmadd.s          f15, f15, f1, f25   f15=xxxxxxxx f15:40c2898f  f1:c0e2a84a f25:42be9a41
15574676ns          258930 1c008a56 00f6a22b p.sw             x15, 4(x13!)        x13=100016a4 x15:4250f72f x13:100016a0  PA:100016a0
15574696ns          258931 1c008a4a 0006ac83 lw               x25, 0(x13)         x25=4247fdb3 x13:100016a4  PA:100016a4
15574716ns          258932 1c008a4e 0046278b p.lw             x15, 4(x12!)        x15=40b79c8f x12=10001680 x12:1000167c  PA:1000167c
15574755ns          258934 1c008a52 c817f7c3 fmadd.s          f15, f15, f1, f25   f15=xxxxxxxx f15:40b79c8f  f1:c0e2a84a f25:4247fdb3
15574775ns          258935 1c008a56 00f6a22b p.sw             x15, 4(x13!)        x13=100016a8 x15:4115b324 x13:100016a4  PA:100016a4
15574795ns          258936 1c008a4a 0006ac83 lw               x25, 0(x13)         x25=4290093d x13:100016a8  PA:100016a8
15574815ns          258937 1c008a4e 0046278b p.lw             x15, 4(x12!)        x15=409f1650 x12=10001684 x12:10001680  PA:10001680
15574855ns          258939 1c008a52 c817f7c3 fmadd.s          f15, f15, f1, f25   f15=xxxxxxxx f15:409f1650  f1:c0e2a84a f25:4290093d
15574875ns          258940 1c008a56 00f6a22b p.sw             x15, 4(x13!)        x13=100016ac x15:42133833 x13:100016a8  PA:100016a8
15574895ns          258941 1c008a4a 0006ac83 lw               x25, 0(x13)         x25=4319129a x13:100016ac  PA:100016ac
15574915ns          258942 1c008a4e 0046278b p.lw             x15, 4(x12!)        x15=4101a909 x12=10001688 x12:10001684  PA:10001684
15574954ns          258944 1c008a52 c817f7c3 fmadd.s          f15, f15, f1, f25   f15=xxxxxxxx f15:4101a909  f1:c0e2a84a f25:4319129a
15574974ns          258945 1c008a56 00f6a22b p.sw             x15, 4(x13!)        x13=100016b0 x15:42bf58be x13:100016ac  PA:100016ac
15574994ns          258946 1c008a5a 00aa0a13 addi             x20, x20, 10        x20=00000018 x20:0000000e
15575014ns          258947 1c008a5c 028a8a93 addi             x21, x21, 40        x21=10001690 x21:10001668
15575034ns          258948 1c008a60 fd4bd3e3 bge              x23, x20, -58       x23:0000000e x20:00000018
15575054ns          258949 1c008a64 00150513 addi             x10, x10, 1         x10=00000003 x10:00000002
15575074ns          258950 1c008a66 027507b3 mul              x15, x10, x7        x15=42d47551 x10:00000003  x7:0000000a
15575094ns          258951 1c008a6a 190ff853 fdiv.s           f16, f31, f16       f16=xxxxxxxx f31:3f800000 f16:4136baa4
15575153ns          258954 1c008a6e d6f5cbe3 blt              x11, x15, -650      x11:00000017 x15:0000001e
15575213ns          258957 1c0087e4 00158693 addi             x13, x11, 1         x13=xxxxxxxx x11:00000017
15575233ns          258958 1c0087e8 00488713 addi             x14, x17, 4         x14=xxxxxxxx x17:10001690
15575253ns          258959 1c0087ec 40b785b3 sub              x11, x15, x11       x11=xxxxxxxx x15:0000001e x11:00000017
15575273ns          258960 1c0087f0 3ad7c463 blt              x15, x13, 936       x15:0000001e x13:00000018
15575293ns          258961 1c0087f4 800006b7 lui              x13, 0x80000000     x13=xxxxxxxx
15575312ns          258962 1c0087f8 3ad78063 beq              x15, x13, 928       x15:0000001e x13:80000000
15575332ns          258963 1c0087fc 0055c0fb lp.setup         0x1, x11, 0x5       x11:00000007  PA:10001694
15575352ns          258964 1c008800 00072783 lw               x15, 0(x14)         x15=xxxxxxxx x14:10001694
15575412ns          258967 1c008802 1107f7d3 fmul.s           f15, f15, f16       f15=xxxxxxxx f15:42d47551 f16:3db3535b
15575432ns          258968 1c008806 00f7222b p.sw             x15, 4(x14!)        x14=10001698 x15:4114d335 x14:10001694  PA:10001694
15575452ns          258969 1c008800 00072783 lw               x15, 0(x14)         x15=xxxxxxxx x14:10001698  PA:10001698
15575491ns          258971 1c008802 1107f7d3 fmul.s           f15, f15, f16       f15=xxxxxxxx f15:41e44d5c f16:3db3535b
15575511ns          258972 1c008806 00f7222b p.sw             x15, 4(x14!)        x14=1000169c x15:401fec6e x14:10001698  PA:10001698
15575531ns          258973 1c008800 00072783 lw               x15, 0(x14)         x15=4115b324 x14:1000169c  PA:1000169c
15575571ns          258975 1c008802 1107f7d3 fmul.s           f15, f15, f16       f15=xxxxxxxx f15:424570f3 f16:3db3535b
15575591ns          258976 1c008806 00f7222b p.sw             x15, 4(x14!)        x14=100016a0 x15:408a4e44 x14:1000169c  PA:1000169c
15575611ns          258977 1c008800 00072783 lw               x15, 0(x14)         x15=xxxxxxxx x14:100016a0  PA:100016a0
15575651ns          258979 1c008802 1107f7d3 fmul.s           f15, f15, f16       f15=xxxxxxxx f15:4250f72f f16:3db3535b
15575670ns          258980 1c008806 00f7222b p.sw             x15, 4(x14!)        x14=100016a4 x15:409260e0 x14:100016a0  PA:100016a0
15575690ns          258981 1c008800 00072783 lw               x15, 0(x14)         x15=xxxxxxxx x14:100016a4  PA:100016a4
15575730ns          258983 1c008802 1107f7d3 fmul.s           f15, f15, f16       f15=xxxxxxxx f15:4115b324 f16:3db3535b
15575750ns          258984 1c008806 00f7222b p.sw             x15, 4(x14!)        x14=100016a8 x15:3f51ba01 x14:100016a4  PA:100016a4
15575770ns          258985 1c008800 00072783 lw               x15, 0(x14)         x15=xxxxxxxx x14:100016a8  PA:100016a8
15575810ns          258987 1c008802 1107f7d3 fmul.s           f15, f15, f16       f15=xxxxxxxx f15:42133833 f16:3db3535b
15575830ns          258988 1c008806 00f7222b p.sw             x15, 4(x14!)        x14=100016ac x15:404e4076 x14:100016a8  PA:100016a8
15575849ns          258989 1c008800 00072783 lw               x15, 0(x14)         x15=xxxxxxxx x14:100016ac  PA:100016ac
15575889ns          258991 1c008802 1107f7d3 fmul.s           f15, f15, f16       f15=xxxxxxxx f15:42bf58be f16:3db3535b
15575909ns          258992 1c008806 00f7222b p.sw             x15, 4(x14!)        x14=100016b0 x15:4106095b x14:100016ac  PA:100016ac
15575929ns          258993 1c00880a 00be0e13 addi             x28, x28, 11        x28=00000021 x28:00000016
15575949ns          258994 1c00880c 02c88893 addi             x17, x17, 44        x17=100016bc x17:10001690
15575969ns          258995 1c008810 00430313 addi             x6, x6, 4            x6=10001644  x6:10001640
15575989ns          258996 1c008812 c6a53be3 p.bneimm         x10, -906           x10:00000003
15576048ns          258999 1c008488 32050f63 beq              x10, x0, 830        x10:00000003
15576068ns          259000 1c00848c 00032783 lw               x15, 0(x6)          x15=xxxxxxxx  x6:10001644  PA:10001644
15576108ns          259002 1c008490 e8f7f7c3 fmadd.s          f15, f15, f15, f29  f15=xxxxxxxx f15:4150d462 f15:4150d462 f29:00000000
15576128ns          259003 1c008494 2e152c63 p.beqimm         x10, 760            x10:00000003
15576148ns          259004 1c008498 02832703 lw               x14, 40(x6)         x14=41348094  x6:10001644  PA:1000166c
15576188ns          259006 1c00849c 78e777c3 fmadd.s          f15, f14, f14, f15  f15=xxxxxxxx f14:41348094 f14:41348094 f15:432a59cf
15576208ns          259007 1c0084a0 2e252663 p.beqimm         x10, 748            x10:00000003
15576227ns          259008 1c0084a4 05032703 lw               x14, 80(x6)         x14=4114d335  x6:10001644  PA:10001694
15576267ns          259010 1c0084a8 78e777c3 fmadd.s          f15, f14, f14, f15  f15=xxxxxxxx f14:4114d335 f14:4114d335 f15:4394cf70
15576287ns          259011 1c0084ac 2e352063 p.beqimm         x10, 736            x10:00000003
15576506ns          259022 1c00878c 0008a803 lw               x16, 0(x17)         x16=43e530f9 x17:100016bc  PA:100016bc
15576566ns          259025 1c008790 08f877d3 fsub.s           f15, f16, f15       f15=xxxxxxxx f16:43e530f9 f15:43c011e2
15576605ns          259027 1c008794 a0fe9753 flt.s            x14, f29, f15       x14=00000001 f29:00000000 f15:42947c5c
15576625ns          259028 1c008798 24071f63 bne              x14, x0, 606        x14:00000001
15576705ns          259032 1c0089f6 025505b3 mul              x11, x10, x5        x11=00000021 x10:00000003  x5:0000000b
15576725ns          259033 1c0089fa 5807f853 fsqrt.s          f16, f15            f16=xxxxxxxx f15:42947c5c
15577222ns          259058 1c0089fe ff858b93 addi             x23, x11, -8        x23=xxxxxxxx x11:00000021
15577481ns          259071 1c008a02 0108a023 sw               x16, 0(x17)         x16:4109dce7 x17:100016bc  PA:100016bc
15577500ns          259072 1c008a06 00250a13 addi             x20, x10, 2         x20=00000005 x10:00000003
15577520ns          259073 1c008a0a 00158593 addi             x11, x11, 1         x11=00000022 x11:00000021
15577540ns          259074 1c008a0c 054bcc63 blt              x23, x20, 88        x23:00000019 x20:00000005
15577560ns          259075 1c008a10 00251a93 slli             x21, x10, 0x2       x21=0000000c x10:00000003
15577580ns          259076 1c008a14 03350b33 mul              x22, x10, x19       x22=fffffff4 x10:00000003 x19:fffffffc
15577600ns          259077 1c008a18 00010793 addi             x15, x2, 0          x15=10001638  x2:10001638
15577620ns          259078 1c008a1c 00fa8ab3 add              x21, x21, x15       x21=10001644 x21:0000000c x15:10001638
15577640ns          259079 1c008a1e 40a90c33 sub              x24, x18, x10       x24=00000005 x18:00000008 x10:00000003
15577660ns          259080 1c008a22 028b0b13 addi             x22, x22, 40        x22=0000001c x22:fffffff4
15577679ns          259081 1c008a26 000aa083 lw               x1, 0(x21)           x1=xxxxxxxx x21:10001644  PA:10001644
15577699ns          259082 1c008a2a 014c07b3 add              x15, x24, x20       x15=0000000a x24:00000005 x20:00000005
15577719ns          259083 1c008a2e 201090d3 fsgnjn.s         f1, f1, f1           f1=xxxxxxxx  f1:4150d462  f1:4150d462
15577739ns          259084 1c008a32 0347c463 blt              x15, x20, 40        x15:0000000a x20:00000005
15577759ns          259085 1c008a36 ff8b0713 addi             x14, x22, -8        x14=00000014 x22:0000001c
15577779ns          259086 1c008a3a 00275713 srli             x14, x14, 0x2       x14=00000005 x14:00000014
15577799ns          259087 1c008a3c 00488693 addi             x13, x17, 4         x13=100016c0 x17:100016bc
15577819ns          259088 1c008a40 004a8613 addi             x12, x21, 4         x12=10001648 x21:10001644
15577839ns          259089 1c008a44 00170713 addi             x14, x14, 1         x14=00000006 x14:00000005
15577858ns          259090 1c008a46 008740fb lp.setup         0x1, x14, 0x8       x14:00000006
15577878ns          259091 1c008a4a 0006ac83 lw               x25, 0(x13)         x25=xxxxxxxx x13:100016c0  PA:100016c0
15577898ns          259092 1c008a4e 0046278b p.lw             x15, 4(x12!)        x15=xxxxxxxx x12=1000164c x12:10001648  PA:10001648
15577938ns          259094 1c008a52 c817f7c3 fmadd.s          f15, f15, f1, f25   f15=xxxxxxxx f15:40dd08b5  f1:c150d462 f25:43443c68
15577958ns          259095 1c008a56 00f6a22b p.sw             x15, 4(x13!)        x13=100016c4 x15:42d42a5d x13:100016c0  PA:100016c0
15577978ns          259096 1c008a4a 0006ac83 lw               x25, 0(x13)         x25=43e2d1a3 x13:100016c4  PA:100016c4
15577998ns          259097 1c008a4e 0046278b p.lw             x15, 4(x12!)        x15=41953ecb x12=10001650 x12:1000164c  PA:1000164c
15578037ns          259099 1c008a52 c817f7c3 fmadd.s          f15, f15, f1, f25   f15=xxxxxxxx f15:41953ecb  f1:c150d462 f25:43e2d1a3
15578057ns          259100 1c008a56 00f6a22b p.sw             x15, 4(x13!)        x13=100016c8 x15:4352259a x13:100016c4  PA:100016c4
15578077ns          259101 1c008a4a 0006ac83 lw               x25, 0(x13)         x25=43a32975 x13:100016c8  PA:100016c8
15578097ns          259102 1c008a4e 0046278b p.lw             x15, 4(x12!)        x15=412fdea3 x12=10001654 x12:10001650  PA:10001650
15578137ns          259104 1c008a52 c817f7c3 fmadd.s          f15, f15, f1, f25   f15=xxxxxxxx f15:412fdea3  f1:c150d462 f25:43a32975
15578157ns          259105 1c008a56 00f6a22b p.sw             x15, 4(x13!)        x13=100016cc x15:4336dc1e x13:100016c8  PA:100016c8
15578177ns          259106 1c008a4a 0006ac83 lw               x25, 0(x13)         x25=43579763 x13:100016cc  PA:100016cc
15578197ns          259107 1c008a4e 0046278b p.lw             x15, 4(x12!)        x15=40d6814a x12=10001658 x12:10001654  PA:10001654
15578236ns          259109 1c008a52 c817f7c3 fmadd.s          f15, f15, f1, f25   f15=xxxxxxxx f15:40d6814a  f1:c150d462 f25:43579763
15578256ns          259110 1c008a56 00f6a22b p.sw             x15, 4(x13!)        x13=100016d0 x15:430019e2 x13:100016cc  PA:100016cc
15578276ns          259111 1c008a4a 0006ac83 lw               x25, 0(x13)         x25=43a137a0 x13:100016d0  PA:100016d0
15578296ns          259112 1c008a4e 0046278b p.lw             x15, 4(x12!)        x15=415c3dc4 x12=1000165c x12:10001658  PA:10001658
15578336ns          259114 1c008a52 c817f7c3 fmadd.s          f15, f15, f1, f25   f15=xxxxxxxx f15:415c3dc4  f1:c150d462 f25:43a137a0
15578356ns          259115 1c008a56 00f6a22b p.sw             x15, 4(x13!)        x13=100016d4 x15:430ec659 x13:100016d0  PA:100016d0
15578376ns          259116 1c008a4a 0006ac83 lw               x25, 0(x13)         x25=43d16714 x13:100016d4  PA:100016d4
15578396ns          259117 1c008a4e 0046278b p.lw             x15, 4(x12!)        x15=41683480 x12=10001660 x12:1000165c  PA:1000165c
15578435ns          259119 1c008a52 c817f7c3 fmadd.s          f15, f15, f1, f25   f15=xxxxxxxx f15:41683480  f1:c150d462 f25:43d16714
15578455ns          259120 1c008a56 00f6a22b p.sw             x15, 4(x13!)        x13=100016d8 x15:436562dc x13:100016d4  PA:100016d4
15578475ns          259121 1c008a5a 00aa0a13 addi             x20, x20, 10        x20=0000000f x20:00000005
15578495ns          259122 1c008a5c 028a8a93 addi             x21, x21, 40        x21=1000166c x21:10001644
15578515ns          259123 1c008a60 fd4bd3e3 bge              x23, x20, -58       x23:00000019 x20:0000000f
15578594ns          259127 1c008a26 000aa083 lw               x1, 0(x21)           x1=41348094 x21:1000166c  PA:1000166c
15578614ns          259128 1c008a2a 014c07b3 add              x15, x24, x20       x15=00000014 x24:00000005 x20:0000000f
15578634ns          259129 1c008a2e 201090d3 fsgnjn.s         f1, f1, f1           f1=xxxxxxxx  f1:41348094  f1:41348094
15578654ns          259130 1c008a32 0347c463 blt              x15, x20, 40        x15:00000014 x20:0000000f
15578674ns          259131 1c008a36 ff8b0713 addi             x14, x22, -8        x14=00000014 x22:0000001c
15578694ns          259132 1c008a3a 00275713 srli             x14, x14, 0x2       x14=00000005 x14:00000014
15578714ns          259133 1c008a3c 00488693 addi             x13, x17, 4         x13=100016c0 x17:100016bc
15578734ns          259134 1c008a40 004a8613 addi             x12, x21, 4         x12=10001670 x21:1000166c
15578754ns          259135 1c008a44 00170713 addi             x14, x14, 1         x14=00000006 x14:00000005
15578773ns          259136 1c008a46 008740fb lp.setup         0x1, x14, 0x8       x14:00000006
15578793ns          259137 1c008a4a 0006ac83 lw               x25, 0(x13)         x25=42d42a5d x13:100016c0  PA:100016c0
15578813ns          259138 1c008a4e 0046278b p.lw             x15, 4(x12!)        x15=407dd664 x12=10001674 x12:10001670  PA:10001670
15578853ns          259140 1c008a52 c817f7c3 fmadd.s          f15, f15, f1, f25   f15=xxxxxxxx f15:407dd664  f1:c1348094 f25:42d42a5d
15578873ns          259141 1c008a56 00f6a22b p.sw             x15, 4(x13!)        x13=100016c4 x15:42755a7e x13:100016c0  PA:100016c0
15578913ns          259143 1c008a4a 0006ac83 lw               x25, 0(x13)         x25=4352259a x13:100016c4  PA:100016c4
15578933ns          259144 1c008a4e 0046278b p.lw             x15, 4(x12!)        x15=412b15c8 x12=10001678 x12:10001674  PA:10001674
15578972ns          259146 1c008a52 c817f7c3 fmadd.s          f15, f15, f1, f25   f15=xxxxxxxx f15:412b15c8  f1:c1348094 f25:4352259a
15578992ns          259147 1c008a56 00f6a22b p.sw             x15, 4(x13!)        x13=100016c8 x15:42b308b7 x13:100016c4  PA:100016c4
15579012ns          259148 1c008a4a 0006ac83 lw               x25, 0(x13)         x25=4336dc1e x13:100016c8  PA:100016c8
15579032ns          259149 1c008a4e 0046278b p.lw             x15, 4(x12!)        x15=40c2898f x12=1000167c x12:10001678  PA:10001678
15579072ns          259151 1c008a52 c817f7c3 fmadd.s          f15, f15, f1, f25   f15=xxxxxxxx f15:40c2898f  f1:c1348094 f25:4336dc1e
15579092ns          259152 1c008a56 00f6a22b p.sw             x15, 4(x13!)        x13=100016cc x15:42e48dce x13:100016c8  PA:100016c8
15579112ns          259153 1c008a4a 0006ac83 lw               x25, 0(x13)         x25=430019e2 x13:100016cc  PA:100016cc
15579131ns          259154 1c008a4e 0046278b p.lw             x15, 4(x12!)        x15=40b79c8f x12=10001680 x12:1000167c  PA:1000167c
15579171ns          259156 1c008a52 c817f7c3 fmadd.s          f15, f15, f1, f25   f15=xxxxxxxx f15:40b79c8f  f1:c1348094 f25:430019e2
15579191ns          259157 1c008a56 00f6a22b p.sw             x15, 4(x13!)        x13=100016d0 x15:427d7aee x13:100016cc  PA:100016cc
15579211ns          259158 1c008a4a 0006ac83 lw               x25, 0(x13)         x25=430ec659 x13:100016d0  PA:100016d0
15579231ns          259159 1c008a4e 0046278b p.lw             x15, 4(x12!)        x15=409f1650 x12=10001684 x12:10001680  PA:10001680
15579271ns          259161 1c008a52 c817f7c3 fmadd.s          f15, f15, f1, f25   f15=xxxxxxxx f15:409f1650  f1:c1348094 f25:430ec659
15579291ns          259162 1c008a56 00f6a22b p.sw             x15, 4(x13!)        x13=100016d4 x15:42ad611b x13:100016d0  PA:100016d0
15579310ns          259163 1c008a4a 0006ac83 lw               x25, 0(x13)         x25=436562dc x13:100016d4  PA:100016d4
15579330ns          259164 1c008a4e 0046278b p.lw             x15, 4(x12!)        x15=4101a909 x12=10001688 x12:10001684  PA:10001684
15579370ns          259166 1c008a52 c817f7c3 fmadd.s          f15, f15, f1, f25   f15=xxxxxxxx f15:4101a909  f1:c1348094 f25:436562dc
15579390ns          259167 1c008a56 00f6a22b p.sw             x15, 4(x13!)        x13=100016d8 x15:4309f6e2 x13:100016d4  PA:100016d4
15579410ns          259168 1c008a5a 00aa0a13 addi             x20, x20, 10        x20=00000019 x20:0000000f
15579430ns          259169 1c008a5c 028a8a93 addi             x21, x21, 40        x21=10001694 x21:1000166c
15579450ns          259170 1c008a60 fd4bd3e3 bge              x23, x20, -58       x23:00000019 x20:00000019
15579529ns          259174 1c008a26 000aa083 lw               x1, 0(x21)           x1=4114d335 x21:10001694  PA:10001694
15579549ns          259175 1c008a2a 014c07b3 add              x15, x24, x20       x15=0000001e x24:00000005 x20:00000019
15579569ns          259176 1c008a2e 201090d3 fsgnjn.s         f1, f1, f1           f1=xxxxxxxx  f1:4114d335  f1:4114d335
15579589ns          259177 1c008a32 0347c463 blt              x15, x20, 40        x15:0000001e x20:00000019
15579609ns          259178 1c008a36 ff8b0713 addi             x14, x22, -8        x14=00000014 x22:0000001c
15579629ns          259179 1c008a3a 00275713 srli             x14, x14, 0x2       x14=00000005 x14:00000014
15579649ns          259180 1c008a3c 00488693 addi             x13, x17, 4         x13=100016c0 x17:100016bc
15579669ns          259181 1c008a40 004a8613 addi             x12, x21, 4         x12=10001698 x21:10001694
15579688ns          259182 1c008a44 00170713 addi             x14, x14, 1         x14=00000006 x14:00000005
15579708ns          259183 1c008a46 008740fb lp.setup         0x1, x14, 0x8       x14:00000006
15579728ns          259184 1c008a4a 0006ac83 lw               x25, 0(x13)         x25=42755a7e x13:100016c0  PA:100016c0
15579748ns          259185 1c008a4e 0046278b p.lw             x15, 4(x12!)        x15=401fec6e x12=1000169c x12:10001698  PA:10001698
15579788ns          259187 1c008a52 c817f7c3 fmadd.s          f15, f15, f1, f25   f15=xxxxxxxx f15:401fec6e  f1:c114d335 f25:42755a7e
15579808ns          259188 1c008a56 00f6a22b p.sw             x15, 4(x13!)        x13=100016c4 x15:421861dd x13:100016c0  PA:100016c0
15579848ns          259190 1c008a4a 0006ac83 lw               x25, 0(x13)         x25=42b308b7 x13:100016c4  PA:100016c4
15579867ns          259191 1c008a4e 0046278b p.lw             x15, 4(x12!)        x15=408a4e44 x12=100016a0 x12:1000169c  PA:1000169c
15579907ns          259193 1c008a52 c817f7c3 fmadd.s          f15, f15, f1, f25   f15=xxxxxxxx f15:408a4e44  f1:c114d335 f25:42b308b7
15579927ns          259194 1c008a56 00f6a22b p.sw             x15, 4(x13!)        x13=100016c8 x15:424542b9 x13:100016c4  PA:100016c4
15579947ns          259195 1c008a4a 0006ac83 lw               x25, 0(x13)         x25=42e48dce x13:100016c8  PA:100016c8
15579967ns          259196 1c008a4e 0046278b p.lw             x15, 4(x12!)        x15=409260e0 x12=100016a4 x12:100016a0  PA:100016a0
15580007ns          259198 1c008a52 c817f7c3 fmadd.s          f15, f15, f1, f25   f15=xxxxxxxx f15:409260e0  f1:c114d335 f25:42e48dce
15580027ns          259199 1c008a56 00f6a22b p.sw             x15, 4(x13!)        x13=100016cc x15:428f7508 x13:100016c8  PA:100016c8
15580046ns          259200 1c008a4a 0006ac83 lw               x25, 0(x13)         x25=427d7aee x13:100016cc  PA:100016cc
15580066ns          259201 1c008a4e 0046278b p.lw             x15, 4(x12!)        x15=3f51ba01 x12=100016a8 x12:100016a4  PA:100016a4
15580106ns          259203 1c008a52 c817f7c3 fmadd.s          f15, f15, f1, f25   f15=xxxxxxxx f15:3f51ba01  f1:c114d335 f25:427d7aee
15580126ns          259204 1c008a56 00f6a22b p.sw             x15, 4(x13!)        x13=100016d0 x15:425effca x13:100016cc  PA:100016cc
15580146ns          259205 1c008a4a 0006ac83 lw               x25, 0(x13)         x25=42ad611b x13:100016d0  PA:100016d0
15580166ns          259206 1c008a4e 0046278b p.lw             x15, 4(x12!)        x15=404e4076 x12=100016ac x12:100016a8  PA:100016a8
15580206ns          259208 1c008a52 c817f7c3 fmadd.s          f15, f15, f1, f25   f15=xxxxxxxx f15:404e4076  f1:c114d335 f25:42ad611b
15580225ns          259209 1c008a56 00f6a22b p.sw             x15, 4(x13!)        x13=100016d4 x15:4262dac8 x13:100016d0  PA:100016d0
15580245ns          259210 1c008a4a 0006ac83 lw               x25, 0(x13)         x25=4309f6e2 x13:100016d4  PA:100016d4
15580265ns          259211 1c008a4e 0046278b p.lw             x15, 4(x12!)        x15=4106095b x12=100016b0 x12:100016ac  PA:100016ac
15580305ns          259213 1c008a52 c817f7c3 fmadd.s          f15, f15, f1, f25   f15=xxxxxxxx f15:4106095b  f1:c114d335 f25:4309f6e2
15580325ns          259214 1c008a56 00f6a22b p.sw             x15, 4(x13!)        x13=100016d8 x15:42702b90 x13:100016d4  PA:100016d4
15580345ns          259215 1c008a5a 00aa0a13 addi             x20, x20, 10        x20=00000023 x20:00000019
15580365ns          259216 1c008a5c 028a8a93 addi             x21, x21, 40        x21=100016bc x21:10001694
15580385ns          259217 1c008a60 fd4bd3e3 bge              x23, x20, -58       x23:00000019 x20:00000023
15580404ns          259218 1c008a64 00150513 addi             x10, x10, 1         x10=00000004 x10:00000003
15580424ns          259219 1c008a66 027507b3 mul              x15, x10, x7        x15=421861dd x10:00000004  x7:0000000a
15580444ns          259220 1c008a6a 190ff853 fdiv.s           f16, f31, f16       f16=xxxxxxxx f31:3f800000 f16:4109dce7
15580484ns          259222 1c008a6e d6f5cbe3 blt              x11, x15, -650      x11:00000022 x15:00000028
15580544ns          259225 1c0087e4 00158693 addi             x13, x11, 1         x13=xxxxxxxx x11:00000022
15580564ns          259226 1c0087e8 00488713 addi             x14, x17, 4         x14=xxxxxxxx x17:100016bc
15580583ns          259227 1c0087ec 40b785b3 sub              x11, x15, x11       x11=xxxxxxxx x15:00000028 x11:00000022
15580603ns          259228 1c0087f0 3ad7c463 blt              x15, x13, 936       x15:00000028 x13:00000023
15580623ns          259229 1c0087f4 800006b7 lui              x13, 0x80000000     x13=xxxxxxxx
15580643ns          259230 1c0087f8 3ad78063 beq              x15, x13, 928       x15:00000028 x13:80000000
15580663ns          259231 1c0087fc 0055c0fb lp.setup         0x1, x11, 0x5       x11:00000006  PA:100016c0
15580683ns          259232 1c008800 00072783 lw               x15, 0(x14)         x15=xxxxxxxx x14:100016c0
15580743ns          259235 1c008802 1107f7d3 fmul.s           f15, f15, f16       f15=xxxxxxxx f15:421861dd f16:3dedaf77
15580763ns          259236 1c008806 00f7222b p.sw             x15, 4(x14!)        x14=100016c4 x15:408d7b0b x14:100016c0  PA:100016c0
15580782ns          259237 1c008800 00072783 lw               x15, 0(x14)         x15=xxxxxxxx x14:100016c4  PA:100016c4
15580822ns          259239 1c008802 1107f7d3 fmul.s           f15, f15, f16       f15=xxxxxxxx f15:424542b9 f16:3dedaf77
15580842ns          259240 1c008806 00f7222b p.sw             x15, 4(x14!)        x14=100016c8 x15:40b725fa x14:100016c4  PA:100016c4
15580862ns          259241 1c008800 00072783 lw               x15, 0(x14)         x15=4262dac8 x14:100016c8  PA:100016c8
15580902ns          259243 1c008802 1107f7d3 fmul.s           f15, f15, f16       f15=xxxxxxxx f15:428f7508 f16:3dedaf77
15580922ns          259244 1c008806 00f7222b p.sw             x15, 4(x14!)        x14=100016cc x15:410531ac x14:100016c8  PA:100016c8
15580942ns          259245 1c008800 00072783 lw               x15, 0(x14)         x15=xxxxxxxx x14:100016cc  PA:100016cc
15580981ns          259247 1c008802 1107f7d3 fmul.s           f15, f15, f16       f15=xxxxxxxx f15:425effca f16:3dedaf77
15581001ns          259248 1c008806 00f7222b p.sw             x15, 4(x14!)        x14=100016d0 x15:40cf0ba7 x14:100016cc  PA:100016cc
15581021ns          259249 1c008800 00072783 lw               x15, 0(x14)         x15=xxxxxxxx x14:100016d0  PA:100016d0
15581061ns          259251 1c008802 1107f7d3 fmul.s           f15, f15, f16       f15=xxxxxxxx f15:4262dac8 f16:3dedaf77
15581081ns          259252 1c008806 00f7222b p.sw             x15, 4(x14!)        x14=100016d4 x15:40d2a008 x14:100016d0  PA:100016d0
15581101ns          259253 1c008800 00072783 lw               x15, 0(x14)         x15=xxxxxxxx x14:100016d4  PA:100016d4
15581140ns          259255 1c008802 1107f7d3 fmul.s           f15, f15, f16       f15=xxxxxxxx f15:42702b90 f16:3dedaf77
15581160ns          259256 1c008806 00f7222b p.sw             x15, 4(x14!)        x14=100016d8 x15:40defcf2 x14:100016d4  PA:100016d4
15581180ns          259257 1c00880a 00be0e13 addi             x28, x28, 11        x28=0000002c x28:00000021
15581200ns          259258 1c00880c 02c88893 addi             x17, x17, 44        x17=100016e8 x17:100016bc
15581220ns          259259 1c008810 00430313 addi             x6, x6, 4            x6=10001648  x6:10001644
15581240ns          259260 1c008812 c6a53be3 p.bneimm         x10, -906           x10:00000004
15581300ns          259263 1c008488 32050f63 beq              x10, x0, 830        x10:00000004
15581319ns          259264 1c00848c 00032783 lw               x15, 0(x6)          x15=xxxxxxxx  x6:10001648  PA:10001648
15581379ns          259267 1c008490 e8f7f7c3 fmadd.s          f15, f15, f15, f29  f15=xxxxxxxx f15:40dd08b5 f15:40dd08b5 f29:00000000
15581419ns          259269 1c008494 2e152c63 p.beqimm         x10, 760            x10:00000004
15581439ns          259270 1c008498 02832703 lw               x14, 40(x6)         x14=407dd664  x6:10001648  PA:10001670
15581479ns          259272 1c00849c 78e777c3 fmadd.s          f15, f14, f14, f15  f15=xxxxxxxx f14:407dd664 f14:407dd664 f15:423ed809
15581498ns          259273 1c0084a0 2e252663 p.beqimm         x10, 748            x10:00000004
15581518ns          259274 1c0084a4 05032703 lw               x14, 80(x6)         x14=401fec6e  x6:10001648  PA:10001698
15581558ns          259276 1c0084a8 78e777c3 fmadd.s          f15, f14, f14, f15  f15=xxxxxxxx f14:401fec6e f14:401fec6e f15:427dc466
15581578ns          259277 1c0084ac 2e352063 p.beqimm         x10, 736            x10:00000004
15581598ns          259278 1c0084b0 07832703 lw               x14, 120(x6)        x14=408d7b0b  x6:10001648  PA:100016c0
15581638ns          259280 1c0084b4 78e777c3 fmadd.s          f15, f14, f14, f15  f15=xxxxxxxx f14:408d7b0b f14:408d7b0b f15:428b5f24
15581658ns          259281 1c0084b8 2c452a63 p.beqimm         x10, 724            x10:00000004
15581817ns          259289 1c00878c 0008a803 lw               x16, 0(x17)         x16=43184504 x17:100016e8  PA:100016e8
15581856ns          259291 1c008790 08f877d3 fsub.s           f15, f16, f15       f15=xxxxxxxx f16:43184504 f15:42b27787
15581876ns          259292 1c008794 a0fe9753 flt.s            x14, f29, f15       x14=00000001 f29:00000000 f15:427c2502
15581896ns          259293 1c008798 24071f63 bne              x14, x0, 606        x14:00000001
15581976ns          259297 1c0089f6 025505b3 mul              x11, x10, x5        x11=0000002c x10:00000004  x5:0000000b
15581996ns          259298 1c0089fa 5807f853 fsqrt.s          f16, f15            f16=xxxxxxxx f15:427c2502
15582533ns          259325 1c0089fe ff858b93 addi             x23, x11, -8        x23=xxxxxxxx x11:0000002c
15582791ns          259338 1c008a02 0108a023 sw               x16, 0(x17)         x16:40fe10a2 x17:100016e8  PA:100016e8
15582811ns          259339 1c008a06 00250a13 addi             x20, x10, 2         x20=00000006 x10:00000004
15582831ns          259340 1c008a0a 00158593 addi             x11, x11, 1         x11=0000002d x11:0000002c
15582851ns          259341 1c008a0c 054bcc63 blt              x23, x20, 88        x23:00000024 x20:00000006
15582891ns          259343 1c008a10 00251a93 slli             x21, x10, 0x2       x21=00000010 x10:00000004
15582931ns          259345 1c008a14 03350b33 mul              x22, x10, x19       x22=fffffff0 x10:00000004 x19:fffffffc
15582950ns          259346 1c008a18 00010793 addi             x15, x2, 0          x15=10001638  x2:10001638
15582970ns          259347 1c008a1c 00fa8ab3 add              x21, x21, x15       x21=10001648 x21:00000010 x15:10001638
15582990ns          259348 1c008a1e 40a90c33 sub              x24, x18, x10       x24=00000004 x18:00000008 x10:00000004
15583010ns          259349 1c008a22 028b0b13 addi             x22, x22, 40        x22=00000018 x22:fffffff0
15583030ns          259350 1c008a26 000aa083 lw               x1, 0(x21)           x1=40dd08b5 x21:10001648  PA:10001648
15583050ns          259351 1c008a2a 014c07b3 add              x15, x24, x20       x15=0000000a x24:00000004 x20:00000006
15583070ns          259352 1c008a2e 201090d3 fsgnjn.s         f1, f1, f1           f1=xxxxxxxx  f1:40dd08b5  f1:40dd08b5
15583090ns          259353 1c008a32 0347c463 blt              x15, x20, 40        x15:0000000a x20:00000006
15583110ns          259354 1c008a36 ff8b0713 addi             x14, x22, -8        x14=00000010 x22:00000018
15583130ns          259355 1c008a3a 00275713 srli             x14, x14, 0x2       x14=00000004 x14:00000010
15583149ns          259356 1c008a3c 00488693 addi             x13, x17, 4         x13=100016ec x17:100016e8
15583169ns          259357 1c008a40 004a8613 addi             x12, x21, 4         x12=1000164c x21:10001648
15583189ns          259358 1c008a44 00170713 addi             x14, x14, 1         x14=00000005 x14:00000004
15583209ns          259359 1c008a46 008740fb lp.setup         0x1, x14, 0x8       x14:00000005
15583229ns          259360 1c008a4a 0006ac83 lw               x25, 0(x13)         x25=436b88e6 x13:100016ec  PA:100016ec
15583249ns          259361 1c008a4e 0046278b p.lw             x15, 4(x12!)        x15=41953ecb x12=10001650 x12:1000164c  PA:1000164c
15583289ns          259363 1c008a52 c817f7c3 fmadd.s          f15, f15, f1, f25   f15=xxxxxxxx f15:41953ecb  f1:c0dd08b5 f25:436b88e6
15583309ns          259364 1c008a56 00f6a22b p.sw             x15, 4(x13!)        x13=100016f0 x15:42d5593b x13:100016ec  PA:100016ec
15583348ns          259366 1c008a4a 0006ac83 lw               x25, 0(x13)         x25=431cf318 x13:100016f0  PA:100016f0
15583368ns          259367 1c008a4e 0046278b p.lw             x15, 4(x12!)        x15=412fdea3 x12=10001654 x12:10001650  PA:10001650
15583408ns          259369 1c008a52 c817f7c3 fmadd.s          f15, f15, f1, f25   f15=xxxxxxxx f15:412fdea3  f1:c0dd08b5 f25:431cf318
15583428ns          259370 1c008a56 00f6a22b p.sw             x15, 4(x13!)        x13=100016f4 x15:42a20d02 x13:100016f0  PA:100016f0
15583448ns          259371 1c008a4a 0006ac83 lw               x25, 0(x13)         x25=42efb0aa x13:100016f4  PA:100016f4
15583468ns          259372 1c008a4e 0046278b p.lw             x15, 4(x12!)        x15=40d6814a x12=10001658 x12:10001654  PA:10001654
15583507ns          259374 1c008a52 c817f7c3 fmadd.s          f15, f15, f1, f25   f15=xxxxxxxx f15:40d6814a  f1:c0dd08b5 f25:42efb0aa
15583527ns          259375 1c008a56 00f6a22b p.sw             x15, 4(x13!)        x13=100016f8 x15:42931636 x13:100016f4  PA:100016f4
15583547ns          259376 1c008a4a 0006ac83 lw               x25, 0(x13)         x25=43388764 x13:100016f8  PA:100016f8
15583567ns          259377 1c008a4e 0046278b p.lw             x15, 4(x12!)        x15=415c3dc4 x12=1000165c x12:10001658  PA:10001658
15583607ns          259379 1c008a52 c817f7c3 fmadd.s          f15, f15, f1, f25   f15=xxxxxxxx f15:415c3dc4  f1:c0dd08b5 f25:43388764
15583627ns          259380 1c008a56 00f6a22b p.sw             x15, 4(x13!)        x13=100016fc x15:42b2e5f8 x13:100016f8  PA:100016f8
15583647ns          259381 1c008a4a 0006ac83 lw               x25, 0(x13)         x25=43238a37 x13:100016fc  PA:100016fc
15583667ns          259382 1c008a4e 0046278b p.lw             x15, 4(x12!)        x15=41683480 x12=10001660 x12:1000165c  PA:1000165c
15583706ns          259384 1c008a52 c817f7c3 fmadd.s          f15, f15, f1, f25   f15=xxxxxxxx f15:41683480  f1:c0dd08b5 f25:43238a37
15583726ns          259385 1c008a56 00f6a22b p.sw             x15, 4(x13!)        x13=10001700 x15:427d2e6b x13:100016fc  PA:100016fc
15583746ns          259386 1c008a5a 00aa0a13 addi             x20, x20, 10        x20=00000010 x20:00000006
15583766ns          259387 1c008a5c 028a8a93 addi             x21, x21, 40        x21=10001670 x21:10001648
15583786ns          259388 1c008a60 fd4bd3e3 bge              x23, x20, -58       x23:00000024 x20:00000010
15583865ns          259392 1c008a26 000aa083 lw               x1, 0(x21)           x1=407dd664 x21:10001670  PA:10001670
15583885ns          259393 1c008a2a 014c07b3 add              x15, x24, x20       x15=00000014 x24:00000004 x20:00000010
15583905ns          259394 1c008a2e 201090d3 fsgnjn.s         f1, f1, f1           f1=xxxxxxxx  f1:407dd664  f1:407dd664
15583925ns          259395 1c008a32 0347c463 blt              x15, x20, 40        x15:00000014 x20:00000010
15583945ns          259396 1c008a36 ff8b0713 addi             x14, x22, -8        x14=00000010 x22:00000018
15583965ns          259397 1c008a3a 00275713 srli             x14, x14, 0x2       x14=00000004 x14:00000010
15583985ns          259398 1c008a3c 00488693 addi             x13, x17, 4         x13=100016ec x17:100016e8
15584005ns          259399 1c008a40 004a8613 addi             x12, x21, 4         x12=10001674 x21:10001670
15584025ns          259400 1c008a44 00170713 addi             x14, x14, 1         x14=00000005 x14:00000004
15584044ns          259401 1c008a46 008740fb lp.setup         0x1, x14, 0x8       x14:00000005
15584064ns          259402 1c008a4a 0006ac83 lw               x25, 0(x13)         x25=42d5593b x13:100016ec  PA:100016ec
15584084ns          259403 1c008a4e 0046278b p.lw             x15, 4(x12!)        x15=412b15c8 x12=10001678 x12:10001674  PA:10001674
15584124ns          259405 1c008a52 c817f7c3 fmadd.s          f15, f15, f1, f25   f15=xxxxxxxx f15:412b15c8  f1:c07dd664 f25:42d5593b
15584144ns          259406 1c008a56 00f6a22b p.sw             x15, 4(x13!)        x13=100016f0 x15:42808754 x13:100016ec  PA:100016ec
15584184ns          259408 1c008a4a 0006ac83 lw               x25, 0(x13)         x25=42a20d02 x13:100016f0  PA:100016f0
15584204ns          259409 1c008a4e 0046278b p.lw             x15, 4(x12!)        x15=40c2898f x12=1000167c x12:10001678  PA:10001678
15584243ns          259411 1c008a52 c817f7c3 fmadd.s          f15, f15, f1, f25   f15=xxxxxxxx f15:40c2898f  f1:c07dd664 f25:42a20d02
15584263ns          259412 1c008a56 00f6a22b p.sw             x15, 4(x13!)        x13=100016f4 x15:4263a795 x13:100016f0  PA:100016f0
15584283ns          259413 1c008a4a 0006ac83 lw               x25, 0(x13)         x25=42931636 x13:100016f4  PA:100016f4
15584303ns          259414 1c008a4e 0046278b p.lw             x15, 4(x12!)        x15=40b79c8f x12=10001680 x12:1000167c  PA:1000167c
15584343ns          259416 1c008a52 c817f7c3 fmadd.s          f15, f15, f1, f25   f15=xxxxxxxx f15:40b79c8f  f1:c07dd664 f25:42931636
15584363ns          259417 1c008a56 00f6a22b p.sw             x15, 4(x13!)        x13=100016f8 x15:424b24ad x13:100016f4  PA:100016f4
15584383ns          259418 1c008a4a 0006ac83 lw               x25, 0(x13)         x25=42b2e5f8 x13:100016f8  PA:100016f8
15584403ns          259419 1c008a4e 0046278b p.lw             x15, 4(x12!)        x15=409f1650 x12=10001684 x12:10001680  PA:10001680
15584442ns          259421 1c008a52 c817f7c3 fmadd.s          f15, f15, f1, f25   f15=xxxxxxxx f15:409f1650  f1:c07dd664 f25:42b2e5f8
15584462ns          259422 1c008a56 00f6a22b p.sw             x15, 4(x13!)        x13=100016fc x15:428b7666 x13:100016f8  PA:100016f8
15584482ns          259423 1c008a4a 0006ac83 lw               x25, 0(x13)         x25=427d2e6b x13:100016fc  PA:100016fc
15584502ns          259424 1c008a4e 0046278b p.lw             x15, 4(x12!)        x15=4101a909 x12=10001688 x12:10001684  PA:10001684
15584542ns          259426 1c008a52 c817f7c3 fmadd.s          f15, f15, f1, f25   f15=xxxxxxxx f15:4101a909  f1:c07dd664 f25:427d2e6b
15584562ns          259427 1c008a56 00f6a22b p.sw             x15, 4(x13!)        x13=10001700 x15:41f93b8e x13:100016fc  PA:100016fc
15584582ns          259428 1c008a5a 00aa0a13 addi             x20, x20, 10        x20=0000001a x20:00000010
15584601ns          259429 1c008a5c 028a8a93 addi             x21, x21, 40        x21=10001698 x21:10001670
15584621ns          259430 1c008a60 fd4bd3e3 bge              x23, x20, -58       x23:00000024 x20:0000001a
15584701ns          259434 1c008a26 000aa083 lw               x1, 0(x21)           x1=401fec6e x21:10001698  PA:10001698
15584721ns          259435 1c008a2a 014c07b3 add              x15, x24, x20       x15=0000001e x24:00000004 x20:0000001a
15584741ns          259436 1c008a2e 201090d3 fsgnjn.s         f1, f1, f1           f1=xxxxxxxx  f1:401fec6e  f1:401fec6e
15584761ns          259437 1c008a32 0347c463 blt              x15, x20, 40        x15:0000001e x20:0000001a
15584780ns          259438 1c008a36 ff8b0713 addi             x14, x22, -8        x14=00000010 x22:00000018
15584800ns          259439 1c008a3a 00275713 srli             x14, x14, 0x2       x14=00000004 x14:00000010
15584820ns          259440 1c008a3c 00488693 addi             x13, x17, 4         x13=100016ec x17:100016e8
15584840ns          259441 1c008a40 004a8613 addi             x12, x21, 4         x12=1000169c x21:10001698
15584860ns          259442 1c008a44 00170713 addi             x14, x14, 1         x14=00000005 x14:00000004
15584880ns          259443 1c008a46 008740fb lp.setup         0x1, x14, 0x8       x14:00000005
15584900ns          259444 1c008a4a 0006ac83 lw               x25, 0(x13)         x25=42808754 x13:100016ec  PA:100016ec
15584920ns          259445 1c008a4e 0046278b p.lw             x15, 4(x12!)        x15=408a4e44 x12=100016a0 x12:1000169c  PA:1000169c
15584959ns          259447 1c008a52 c817f7c3 fmadd.s          f15, f15, f1, f25   f15=xxxxxxxx f15:408a4e44  f1:c01fec6e f25:42808754
15584979ns          259448 1c008a56 00f6a22b p.sw             x15, 4(x13!)        x13=100016f0 x15:4255db7c x13:100016ec  PA:100016ec
15585019ns          259450 1c008a4a 0006ac83 lw               x25, 0(x13)         x25=4263a795 x13:100016f0  PA:100016f0
15585039ns          259451 1c008a4e 0046278b p.lw             x15, 4(x12!)        x15=409260e0 x12=100016a4 x12:100016a0  PA:100016a0
15585079ns          259453 1c008a52 c817f7c3 fmadd.s          f15, f15, f1, f25   f15=xxxxxxxx f15:409260e0  f1:c01fec6e f25:4263a795
15585099ns          259454 1c008a56 00f6a22b p.sw             x15, 4(x13!)        x13=100016f4 x15:4235eee7 x13:100016f0  PA:100016f0
15585119ns          259455 1c008a4a 0006ac83 lw               x25, 0(x13)         x25=424b24ad x13:100016f4  PA:100016f4
15585138ns          259456 1c008a4e 0046278b p.lw             x15, 4(x12!)        x15=3f51ba01 x12=100016a8 x12:100016a4  PA:100016a4
15585178ns          259458 1c008a52 c817f7c3 fmadd.s          f15, f15, f1, f25   f15=xxxxxxxx f15:3f51ba01  f1:c01fec6e f25:424b24ad
15585198ns          259459 1c008a56 00f6a22b p.sw             x15, 4(x13!)        x13=100016f8 x15:4242f469 x13:100016f4  PA:100016f4
15585218ns          259460 1c008a4a 0006ac83 lw               x25, 0(x13)         x25=428b7666 x13:100016f8  PA:100016f8
15585238ns          259461 1c008a4e 0046278b p.lw             x15, 4(x12!)        x15=404e4076 x12=100016ac x12:100016a8  PA:100016a8
15585278ns          259463 1c008a52 c817f7c3 fmadd.s          f15, f15, f1, f25   f15=xxxxxxxx f15:404e4076  f1:c01fec6e f25:428b7666
15585298ns          259464 1c008a56 00f6a22b p.sw             x15, 4(x13!)        x13=100016fc x15:4276b6ab x13:100016f8  PA:100016f8
15585317ns          259465 1c008a4a 0006ac83 lw               x25, 0(x13)         x25=41f93b8e x13:100016fc  PA:100016fc
15585337ns          259466 1c008a4e 0046278b p.lw             x15, 4(x12!)        x15=4106095b x12=100016b0 x12:100016ac  PA:100016ac
15585377ns          259468 1c008a52 c817f7c3 fmadd.s          f15, f15, f1, f25   f15=xxxxxxxx f15:4106095b  f1:c01fec6e f25:41f93b8e
15585397ns          259469 1c008a56 00f6a22b p.sw             x15, 4(x13!)        x13=10001700 x15:412388b5 x13:100016fc  PA:100016fc
15585417ns          259470 1c008a5a 00aa0a13 addi             x20, x20, 10        x20=00000024 x20:0000001a
15585437ns          259471 1c008a5c 028a8a93 addi             x21, x21, 40        x21=100016c0 x21:10001698
15585457ns          259472 1c008a60 fd4bd3e3 bge              x23, x20, -58       x23:00000024 x20:00000024
15585536ns          259476 1c008a26 000aa083 lw               x1, 0(x21)           x1=408d7b0b x21:100016c0  PA:100016c0
15585556ns          259477 1c008a2a 014c07b3 add              x15, x24, x20       x15=00000028 x24:00000004 x20:00000024
15585576ns          259478 1c008a2e 201090d3 fsgnjn.s         f1, f1, f1           f1=xxxxxxxx  f1:408d7b0b  f1:408d7b0b
15585596ns          259479 1c008a32 0347c463 blt              x15, x20, 40        x15:00000028 x20:00000024
15585616ns          259480 1c008a36 ff8b0713 addi             x14, x22, -8        x14=00000010 x22:00000018
15585636ns          259481 1c008a3a 00275713 srli             x14, x14, 0x2       x14=00000004 x14:00000010
15585656ns          259482 1c008a3c 00488693 addi             x13, x17, 4         x13=100016ec x17:100016e8
15585676ns          259483 1c008a40 004a8613 addi             x12, x21, 4         x12=100016c4 x21:100016c0
15585695ns          259484 1c008a44 00170713 addi             x14, x14, 1         x14=00000005 x14:00000004
15585715ns          259485 1c008a46 008740fb lp.setup         0x1, x14, 0x8       x14:00000005
15585735ns          259486 1c008a4a 0006ac83 lw               x25, 0(x13)         x25=4255db7c x13:100016ec  PA:100016ec
15585755ns          259487 1c008a4e 0046278b p.lw             x15, 4(x12!)        x15=40b725fa x12=100016c8 x12:100016c4  PA:100016c4
15585795ns          259489 1c008a52 c817f7c3 fmadd.s          f15, f15, f1, f25   f15=xxxxxxxx f15:40b725fa  f1:c08d7b0b f25:4255db7c
15585815ns          259490 1c008a56 00f6a22b p.sw             x15, 4(x13!)        x13=100016f0 x15:41e14714 x13:100016ec  PA:100016ec
15585855ns          259492 1c008a4a 0006ac83 lw               x25, 0(x13)         x25=4235eee7 x13:100016f0  PA:100016f0
15585874ns          259493 1c008a4e 0046278b p.lw             x15, 4(x12!)        x15=410531ac x12=100016cc x12:100016c8  PA:100016c8
15585914ns          259495 1c008a52 c817f7c3 fmadd.s          f15, f15, f1, f25   f15=xxxxxxxx f15:410531ac  f1:c08d7b0b f25:4235eee7
15585934ns          259496 1c008a56 00f6a22b p.sw             x15, 4(x13!)        x13=100016f4 x15:410ad899 x13:100016f0  PA:100016f0
15585954ns          259497 1c008a4a 0006ac83 lw               x25, 0(x13)         x25=4242f469 x13:100016f4  PA:100016f4
15585974ns          259498 1c008a4e 0046278b p.lw             x15, 4(x12!)        x15=40cf0ba7 x12=100016d0 x12:100016cc  PA:100016cc
15586014ns          259500 1c008a52 c817f7c3 fmadd.s          f15, f15, f1, f25   f15=xxxxxxxx f15:40cf0ba7  f1:c08d7b0b f25:4242f469
15586034ns          259501 1c008a56 00f6a22b p.sw             x15, 4(x13!)        x13=100016f8 x15:41a10ef5 x13:100016f4  PA:100016f4
15586053ns          259502 1c008a4a 0006ac83 lw               x25, 0(x13)         x25=4276b6ab x13:100016f8  PA:100016f8
15586073ns          259503 1c008a4e 0046278b p.lw             x15, 4(x12!)        x15=40d2a008 x12=100016d4 x12:100016d0  PA:100016d0
15586113ns          259505 1c008a52 c817f7c3 fmadd.s          f15, f15, f1, f25   f15=xxxxxxxx f15:40d2a008  f1:c08d7b0b f25:4276b6ab
15586133ns          259506 1c008a56 00f6a22b p.sw             x15, 4(x13!)        x13=100016fc x15:42024f4b x13:100016f8  PA:100016f8
15586153ns          259507 1c008a4a 0006ac83 lw               x25, 0(x13)         x25=412388b5 x13:100016fc  PA:100016fc
15586173ns          259508 1c008a4e 0046278b p.lw             x15, 4(x12!)        x15=40defcf2 x12=100016d8 x12:100016d4  PA:100016d4
15586213ns          259510 1c008a52 c817f7c3 fmadd.s          f15, f15, f1, f25   f15=xxxxxxxx f15:40defcf2  f1:c08d7b0b f25:412388b5
15586232ns          259511 1c008a56 00f6a22b p.sw             x15, 4(x13!)        x13=10001700 x15:c1a4b4a2 x13:100016fc  PA:100016fc
15586252ns          259512 1c008a5a 00aa0a13 addi             x20, x20, 10        x20=0000002e x20:00000024
15586272ns          259513 1c008a5c 028a8a93 addi             x21, x21, 40        x21=100016e8 x21:100016c0
15586292ns          259514 1c008a60 fd4bd3e3 bge              x23, x20, -58       x23:00000024 x20:0000002e
15586312ns          259515 1c008a64 00150513 addi             x10, x10, 1         x10=00000005 x10:00000004
15586332ns          259516 1c008a66 027507b3 mul              x15, x10, x7        x15=41e14714 x10:00000005  x7:0000000a
15586352ns          259517 1c008a6a 190ff853 fdiv.s           f16, f31, f16       f16=xxxxxxxx f31:3f800000 f16:40fe10a2
15586431ns          259521 1c008a6e d6f5cbe3 blt              x11, x15, -650      x11:0000002d x15:00000032
15586491ns          259524 1c0087e4 00158693 addi             x13, x11, 1         x13=xxxxxxxx x11:0000002d
15586511ns          259525 1c0087e8 00488713 addi             x14, x17, 4         x14=xxxxxxxx x17:100016e8
15586531ns          259526 1c0087ec 40b785b3 sub              x11, x15, x11       x11=xxxxxxxx x15:00000032 x11:0000002d
15586551ns          259527 1c0087f0 3ad7c463 blt              x15, x13, 936       x15:00000032 x13:0000002e
15586571ns          259528 1c0087f4 800006b7 lui              x13, 0x80000000     x13=xxxxxxxx
15586590ns          259529 1c0087f8 3ad78063 beq              x15, x13, 928       x15:00000032 x13:80000000
15586610ns          259530 1c0087fc 0055c0fb lp.setup         0x1, x11, 0x5       x11:00000005  PA:100016ec
15586630ns          259531 1c008800 00072783 lw               x15, 0(x14)         x15=xxxxxxxx x14:100016ec
15586690ns          259534 1c008802 1107f7d3 fmul.s           f15, f15, f16       f15=xxxxxxxx f15:41e14714 f16:3e00f992
15586710ns          259535 1c008806 00f7222b p.sw             x15, 4(x14!)        x14=100016f0 x15:4062fe51 x14:100016ec  PA:100016ec
15586730ns          259536 1c008800 00072783 lw               x15, 0(x14)         x15=xxxxxxxx x14:100016f0  PA:100016f0
15586770ns          259538 1c008802 1107f7d3 fmul.s           f15, f15, f16       f15=xxxxxxxx f15:410ad899 f16:3e00f992
15586789ns          259539 1c008806 00f7222b p.sw             x15, 4(x14!)        x14=100016f4 x15:3f8be751 x14:100016f0  PA:100016f0
15586809ns          259540 1c008800 00072783 lw               x15, 0(x14)         x15=c1a4b4a2 x14:100016f4  PA:100016f4
15586849ns          259542 1c008802 1107f7d3 fmul.s           f15, f15, f16       f15=xxxxxxxx f15:41a10ef5 f16:3e00f992
15586869ns          259543 1c008806 00f7222b p.sw             x15, 4(x14!)        x14=100016f8 x15:402248fc x14:100016f4  PA:100016f4
15586889ns          259544 1c008800 00072783 lw               x15, 0(x14)         x15=xxxxxxxx x14:100016f8  PA:100016f8
15586929ns          259546 1c008802 1107f7d3 fmul.s           f15, f15, f16       f15=xxxxxxxx f15:42024f4b f16:3e00f992
15586949ns          259547 1c008806 00f7222b p.sw             x15, 4(x14!)        x14=100016fc x15:40834d5e x14:100016f8  PA:100016f8
15586968ns          259548 1c008800 00072783 lw               x15, 0(x14)         x15=xxxxxxxx x14:100016fc  PA:100016fc
15587008ns          259550 1c008802 1107f7d3 fmul.s           f15, f15, f16       f15=xxxxxxxx f15:c1a4b4a2 f16:3e00f992
15587028ns          259551 1c008806 00f7222b p.sw             x15, 4(x14!)        x14=10001700 x15:c025f5c5 x14:100016fc  PA:100016fc
15587048ns          259552 1c00880a 00be0e13 addi             x28, x28, 11        x28=00000037 x28:0000002c
15587068ns          259553 1c00880c 02c88893 addi             x17, x17, 44        x17=10001714 x17:100016e8
15587088ns          259554 1c008810 00430313 addi             x6, x6, 4            x6=1000164c  x6:10001648
15587108ns          259555 1c008812 c6a53be3 p.bneimm         x10, -906           x10:00000005
15587167ns          259558 1c008488 32050f63 beq              x10, x0, 830        x10:00000005
15587187ns          259559 1c00848c 00032783 lw               x15, 0(x6)          x15=xxxxxxxx  x6:1000164c  PA:1000164c
15587247ns          259562 1c008490 e8f7f7c3 fmadd.s          f15, f15, f15, f29  f15=xxxxxxxx f15:41953ecb f15:41953ecb f29:00000000
15587287ns          259564 1c008494 2e152c63 p.beqimm         x10, 760            x10:00000005
15587307ns          259565 1c008498 02832703 lw               x14, 40(x6)         x14=412b15c8  x6:1000164c  PA:10001674
15587346ns          259567 1c00849c 78e777c3 fmadd.s          f15, f14, f14, f15  f15=xxxxxxxx f14:412b15c8 f14:412b15c8 f15:43ae044f
15587366ns          259568 1c0084a0 2e252663 p.beqimm         x10, 748            x10:00000005
15587386ns          259569 1c0084a4 05032703 lw               x14, 80(x6)         x14=408a4e44  x6:1000164c  PA:1000169c
15587426ns          259571 1c0084a8 78e777c3 fmadd.s          f15, f14, f14, f15  f15=xxxxxxxx f14:408a4e44 f14:408a4e44 f15:43e72f5d
15587446ns          259572 1c0084ac 2e352063 p.beqimm         x10, 736            x10:00000005
15587466ns          259573 1c0084b0 07832703 lw               x14, 120(x6)        x14=40b725fa  x6:1000164c  PA:100016c4
15587505ns          259575 1c0084b4 78e777c3 fmadd.s          f15, f14, f14, f15  f15=xxxxxxxx f14:40b725fa f14:40b725fa f15:43f0866c
15587525ns          259576 1c0084b8 2c452a63 p.beqimm         x10, 724            x10:00000005
15587545ns          259577 1c0084bc 0a032703 lw               x14, 160(x6)        x14=4062fe51  x6:1000164c  PA:100016ec
15587585ns          259579 1c0084c0 78e777c3 fmadd.s          f15, f14, f14, f15  f15=xxxxxxxx f14:4062fe51 f14:4062fe51 f15:440073ab
15587605ns          259580 1c0084c4 2c552463 p.beqimm         x10, 712            x10:00000005
15587704ns          259585 1c00878c 0008a803 lw               x16, 0(x17)         x16=440943c0 x17:10001714  PA:10001714
15587764ns          259588 1c008790 08f877d3 fsub.s           f15, f16, f15       f15=xxxxxxxx f16:440943c0 f15:440398c3
15587804ns          259590 1c008794 a0fe9753 flt.s            x14, f29, f15       x14=00000001 f29:00000000 f15:41b55fa0
15587824ns          259591 1c008798 24071f63 bne              x14, x0, 606        x14:00000001
15587903ns          259595 1c0089f6 025505b3 mul              x11, x10, x5        x11=00000037 x10:00000005  x5:0000000b
15587923ns          259596 1c0089fa 5807f853 fsqrt.s          f16, f15            f16=xxxxxxxx f15:41b55fa0
15588321ns          259616 1c0089fe ff858b93 addi             x23, x11, -8        x23=xxxxxxxx x11:00000037
15588580ns          259629 1c008a02 0108a023 sw               x16, 0(x17)         x16:40985e0b x17:10001714  PA:10001714
15588599ns          259630 1c008a06 00250a13 addi             x20, x10, 2         x20=00000007 x10:00000005
15588619ns          259631 1c008a0a 00158593 addi             x11, x11, 1         x11=00000038 x11:00000037
15588639ns          259632 1c008a0c 054bcc63 blt              x23, x20, 88        x23:0000002f x20:00000007
15588679ns          259634 1c008a10 00251a93 slli             x21, x10, 0x2       x21=00000014 x10:00000005
15588719ns          259636 1c008a14 03350b33 mul              x22, x10, x19       x22=ffffffec x10:00000005 x19:fffffffc
15588739ns          259637 1c008a18 00010793 addi             x15, x2, 0          x15=10001638  x2:10001638
15588759ns          259638 1c008a1c 00fa8ab3 add              x21, x21, x15       x21=1000164c x21:00000014 x15:10001638
15588778ns          259639 1c008a1e 40a90c33 sub              x24, x18, x10       x24=00000003 x18:00000008 x10:00000005
15588798ns          259640 1c008a22 028b0b13 addi             x22, x22, 40        x22=00000014 x22:ffffffec
15588818ns          259641 1c008a26 000aa083 lw               x1, 0(x21)           x1=41953ecb x21:1000164c  PA:1000164c
15588838ns          259642 1c008a2a 014c07b3 add              x15, x24, x20       x15=0000000a x24:00000003 x20:00000007
15588858ns          259643 1c008a2e 201090d3 fsgnjn.s         f1, f1, f1           f1=xxxxxxxx  f1:41953ecb  f1:41953ecb
15588878ns          259644 1c008a32 0347c463 blt              x15, x20, 40        x15:0000000a x20:00000007
15588898ns          259645 1c008a36 ff8b0713 addi             x14, x22, -8        x14=0000000c x22:00000014
15588918ns          259646 1c008a3a 00275713 srli             x14, x14, 0x2       x14=00000003 x14:0000000c
15588938ns          259647 1c008a3c 00488693 addi             x13, x17, 4         x13=10001718 x17:10001714
15588957ns          259648 1c008a40 004a8613 addi             x12, x21, 4         x12=10001650 x21:1000164c
15588977ns          259649 1c008a44 00170713 addi             x14, x14, 1         x14=00000004 x14:00000003
15588997ns          259650 1c008a46 008740fb lp.setup         0x1, x14, 0x8       x14:00000004
15589017ns          259651 1c008a4a 0006ac83 lw               x25, 0(x13)         x25=43af0116 x13:10001718  PA:10001718
15589057ns          259653 1c008a4e 0046278b p.lw             x15, 4(x12!)        x15=412fdea3 x12=10001654 x12:10001650  PA:10001650
15589097ns          259655 1c008a52 c817f7c3 fmadd.s          f15, f15, f1, f25   f15=xxxxxxxx f15:412fdea3  f1:c1953ecb f25:43af0116
15589117ns          259656 1c008a56 00f6a22b p.sw             x15, 4(x13!)        x13=1000171c x15:4310f2bb x13:10001718  PA:10001718
15589156ns          259658 1c008a4a 0006ac83 lw               x25, 0(x13)         x25=43626552 x13:1000171c  PA:1000171c
15589176ns          259659 1c008a4e 0046278b p.lw             x15, 4(x12!)        x15=40d6814a x12=10001658 x12:10001654  PA:10001654
15589216ns          259661 1c008a52 c817f7c3 fmadd.s          f15, f15, f1, f25   f15=xxxxxxxx f15:40d6814a  f1:c1953ecb f25:43626552
15589236ns          259662 1c008a56 00f6a22b p.sw             x15, 4(x13!)        x13=10001720 x15:42caaee9 x13:1000171c  PA:1000171c
15589256ns          259663 1c008a4a 0006ac83 lw               x25, 0(x13)         x25=43c39508 x13:10001720  PA:10001720
15589276ns          259664 1c008a4e 0046278b p.lw             x15, 4(x12!)        x15=415c3dc4 x12=1000165c x12:10001658  PA:10001658
15589316ns          259666 1c008a52 c817f7c3 fmadd.s          f15, f15, f1, f25   f15=xxxxxxxx f15:415c3dc4  f1:c1953ecb f25:43c39508
15589335ns          259667 1c008a56 00f6a22b p.sw             x15, 4(x13!)        x13=10001724 x15:43065e1f x13:10001720  PA:10001720
15589355ns          259668 1c008a4a 0006ac83 lw               x25, 0(x13)         x25=43d3579b x13:10001724  PA:10001724
15589375ns          259669 1c008a4e 0046278b p.lw             x15, 4(x12!)        x15=41683480 x12=10001660 x12:1000165c  PA:1000165c
15589415ns          259671 1c008a52 c817f7c3 fmadd.s          f15, f15, f1, f25   f15=xxxxxxxx f15:41683480  f1:c1953ecb f25:43d3579b
15589435ns          259672 1c008a56 00f6a22b p.sw             x15, 4(x13!)        x13=10001728 x15:4317f02f x13:10001724  PA:10001724
15589455ns          259673 1c008a5a 00aa0a13 addi             x20, x20, 10        x20=00000011 x20:00000007
15589475ns          259674 1c008a5c 028a8a93 addi             x21, x21, 40        x21=10001674 x21:1000164c
15589495ns          259675 1c008a60 fd4bd3e3 bge              x23, x20, -58       x23:0000002f x20:00000011
15589574ns          259679 1c008a26 000aa083 lw               x1, 0(x21)           x1=412b15c8 x21:10001674  PA:10001674
15589594ns          259680 1c008a2a 014c07b3 add              x15, x24, x20       x15=00000014 x24:00000003 x20:00000011
15589614ns          259681 1c008a2e 201090d3 fsgnjn.s         f1, f1, f1           f1=xxxxxxxx  f1:412b15c8  f1:412b15c8
15589634ns          259682 1c008a32 0347c463 blt              x15, x20, 40        x15:00000014 x20:00000011
15589654ns          259683 1c008a36 ff8b0713 addi             x14, x22, -8        x14=0000000c x22:00000014
15589674ns          259684 1c008a3a 00275713 srli             x14, x14, 0x2       x14=00000003 x14:0000000c
15589693ns          259685 1c008a3c 00488693 addi             x13, x17, 4         x13=10001718 x17:10001714
15589713ns          259686 1c008a40 004a8613 addi             x12, x21, 4         x12=10001678 x21:10001674
15589733ns          259687 1c008a44 00170713 addi             x14, x14, 1         x14=00000004 x14:00000003
15589753ns          259688 1c008a46 008740fb lp.setup         0x1, x14, 0x8       x14:00000004
15589773ns          259689 1c008a4a 0006ac83 lw               x25, 0(x13)         x25=4310f2bb x13:10001718  PA:10001718
15589793ns          259690 1c008a4e 0046278b p.lw             x15, 4(x12!)        x15=40c2898f x12=1000167c x12:10001678  PA:10001678
15589833ns          259692 1c008a52 c817f7c3 fmadd.s          f15, f15, f1, f25   f15=xxxxxxxx f15:40c2898f  f1:c12b15c8 f25:4310f2bb
15589853ns          259693 1c008a56 00f6a22b p.sw             x15, 4(x13!)        x13=1000171c x15:429fe306 x13:10001718  PA:10001718
15589892ns          259695 1c008a4a 0006ac83 lw               x25, 0(x13)         x25=42caaee9 x13:1000171c  PA:1000171c
15589912ns          259696 1c008a4e 0046278b p.lw             x15, 4(x12!)        x15=40b79c8f x12=10001680 x12:1000167c  PA:1000167c
15589952ns          259698 1c008a52 c817f7c3 fmadd.s          f15, f15, f1, f25   f15=xxxxxxxx f15:40b79c8f  f1:c12b15c8 f25:42caaee9
15589972ns          259699 1c008a56 00f6a22b p.sw             x15, 4(x13!)        x13=10001720 x15:421ff36c x13:1000171c  PA:1000171c
15589992ns          259700 1c008a4a 0006ac83 lw               x25, 0(x13)         x25=43065e1f x13:10001720  PA:10001720
15590012ns          259701 1c008a4e 0046278b p.lw             x15, 4(x12!)        x15=409f1650 x12=10001684 x12:10001680  PA:10001680
15590051ns          259703 1c008a52 c817f7c3 fmadd.s          f15, f15, f1, f25   f15=xxxxxxxx f15:409f1650  f1:c12b15c8 f25:43065e1f
15590071ns          259704 1c008a56 00f6a22b p.sw             x15, 4(x13!)        x13=10001724 x15:42a26acd x13:10001720  PA:10001720
15590091ns          259705 1c008a4a 0006ac83 lw               x25, 0(x13)         x25=4317f02f x13:10001724  PA:10001724
15590111ns          259706 1c008a4e 0046278b p.lw             x15, 4(x12!)        x15=4101a909 x12=10001688 x12:10001684  PA:10001684
15590151ns          259708 1c008a52 c817f7c3 fmadd.s          f15, f15, f1, f25   f15=xxxxxxxx f15:4101a909  f1:c12b15c8 f25:4317f02f
15590171ns          259709 1c008a56 00f6a22b p.sw             x15, 4(x13!)        x13=10001728 x15:4282927c x13:10001724  PA:10001724
15590191ns          259710 1c008a5a 00aa0a13 addi             x20, x20, 10        x20=0000001b x20:00000011
15590211ns          259711 1c008a5c 028a8a93 addi             x21, x21, 40        x21=1000169c x21:10001674
15590231ns          259712 1c008a60 fd4bd3e3 bge              x23, x20, -58       x23:0000002f x20:0000001b
15590310ns          259716 1c008a26 000aa083 lw               x1, 0(x21)           x1=408a4e44 x21:1000169c  PA:1000169c
15590330ns          259717 1c008a2a 014c07b3 add              x15, x24, x20       x15=0000001e x24:00000003 x20:0000001b
15590350ns          259718 1c008a2e 201090d3 fsgnjn.s         f1, f1, f1           f1=xxxxxxxx  f1:408a4e44  f1:408a4e44
15590370ns          259719 1c008a32 0347c463 blt              x15, x20, 40        x15:0000001e x20:0000001b
15590390ns          259720 1c008a36 ff8b0713 addi             x14, x22, -8        x14=0000000c x22:00000014
15590410ns          259721 1c008a3a 00275713 srli             x14, x14, 0x2       x14=00000003 x14:0000000c
15590429ns          259722 1c008a3c 00488693 addi             x13, x17, 4         x13=10001718 x17:10001714
15590449ns          259723 1c008a40 004a8613 addi             x12, x21, 4         x12=100016a0 x21:1000169c
15590469ns          259724 1c008a44 00170713 addi             x14, x14, 1         x14=00000004 x14:00000003
15590489ns          259725 1c008a46 008740fb lp.setup         0x1, x14, 0x8       x14:00000004
15590509ns          259726 1c008a4a 0006ac83 lw               x25, 0(x13)         x25=429fe306 x13:10001718  PA:10001718
15590529ns          259727 1c008a4e 0046278b p.lw             x15, 4(x12!)        x15=409260e0 x12=100016a4 x12:100016a0  PA:100016a0
15590569ns          259729 1c008a52 c817f7c3 fmadd.s          f15, f15, f1, f25   f15=xxxxxxxx f15:409260e0  f1:c08a4e44 f25:429fe306
15590589ns          259730 1c008a56 00f6a22b p.sw             x15, 4(x13!)        x13=1000171c x15:4270b113 x13:10001718  PA:10001718
15590628ns          259732 1c008a4a 0006ac83 lw               x25, 0(x13)         x25=421ff36c x13:1000171c  PA:1000171c
15590668ns          259734 1c008a4e 0046278b p.lw             x15, 4(x12!)        x15=3f51ba01 x12=100016a8 x12:100016a4  PA:100016a4
15590708ns          259736 1c008a52 c817f7c3 fmadd.s          f15, f15, f1, f25   f15=xxxxxxxx f15:3f51ba01  f1:c08a4e44 f25:421ff36c
15590728ns          259737 1c008a56 00f6a22b p.sw             x15, 4(x13!)        x13=10001720 x15:4211c9a0 x13:1000171c  PA:1000171c
15590768ns          259739 1c008a4a 0006ac83 lw               x25, 0(x13)         x25=42a26acd x13:10001720  PA:10001720
15590787ns          259740 1c008a4e 0046278b p.lw             x15, 4(x12!)        x15=404e4076 x12=100016ac x12:100016a8  PA:100016a8
15590827ns          259742 1c008a52 c817f7c3 fmadd.s          f15, f15, f1, f25   f15=xxxxxxxx f15:404e4076  f1:c08a4e44 f25:42a26acd
15590847ns          259743 1c008a56 00f6a22b p.sw             x15, 4(x13!)        x13=10001724 x15:42868f59 x13:10001720  PA:10001720
15590867ns          259744 1c008a4a 0006ac83 lw               x25, 0(x13)         x25=4282927c x13:10001724  PA:10001724
15590887ns          259745 1c008a4e 0046278b p.lw             x15, 4(x12!)        x15=4106095b x12=100016b0 x12:100016ac  PA:100016ac
15590927ns          259747 1c008a52 c817f7c3 fmadd.s          f15, f15, f1, f25   f15=xxxxxxxx f15:4106095b  f1:c08a4e44 f25:4282927c
15590947ns          259748 1c008a56 00f6a22b p.sw             x15, 4(x13!)        x13=10001728 x15:41e8a1da x13:10001724  PA:10001724
15590966ns          259749 1c008a5a 00aa0a13 addi             x20, x20, 10        x20=00000025 x20:0000001b
15590986ns          259750 1c008a5c 028a8a93 addi             x21, x21, 40        x21=100016c4 x21:1000169c
15591006ns          259751 1c008a60 fd4bd3e3 bge              x23, x20, -58       x23:0000002f x20:00000025
15591086ns          259755 1c008a26 000aa083 lw               x1, 0(x21)           x1=40b725fa x21:100016c4  PA:100016c4
15591106ns          259756 1c008a2a 014c07b3 add              x15, x24, x20       x15=00000028 x24:00000003 x20:00000025
15591126ns          259757 1c008a2e 201090d3 fsgnjn.s         f1, f1, f1           f1=xxxxxxxx  f1:40b725fa  f1:40b725fa
15591145ns          259758 1c008a32 0347c463 blt              x15, x20, 40        x15:00000028 x20:00000025
15591165ns          259759 1c008a36 ff8b0713 addi             x14, x22, -8        x14=0000000c x22:00000014
15591185ns          259760 1c008a3a 00275713 srli             x14, x14, 0x2       x14=00000003 x14:0000000c
15591205ns          259761 1c008a3c 00488693 addi             x13, x17, 4         x13=10001718 x17:10001714
15591225ns          259762 1c008a40 004a8613 addi             x12, x21, 4         x12=100016c8 x21:100016c4
15591245ns          259763 1c008a44 00170713 addi             x14, x14, 1         x14=00000004 x14:00000003
15591265ns          259764 1c008a46 008740fb lp.setup         0x1, x14, 0x8       x14:00000004
15591285ns          259765 1c008a4a 0006ac83 lw               x25, 0(x13)         x25=4270b113 x13:10001718  PA:10001718
15591305ns          259766 1c008a4e 0046278b p.lw             x15, 4(x12!)        x15=410531ac x12=100016cc x12:100016c8  PA:100016c8
15591344ns          259768 1c008a52 c817f7c3 fmadd.s          f15, f15, f1, f25   f15=xxxxxxxx f15:410531ac  f1:c0b725fa f25:4270b113
15591364ns          259769 1c008a56 00f6a22b p.sw             x15, 4(x13!)        x13=1000171c x15:4148722a x13:10001718  PA:10001718
15591404ns          259771 1c008a4a 0006ac83 lw               x25, 0(x13)         x25=4211c9a0 x13:1000171c  PA:1000171c
15591424ns          259772 1c008a4e 0046278b p.lw             x15, 4(x12!)        x15=40cf0ba7 x12=100016d0 x12:100016cc  PA:100016cc
15591464ns          259774 1c008a52 c817f7c3 fmadd.s          f15, f15, f1, f25   f15=xxxxxxxx f15:40cf0ba7  f1:c0b725fa f25:4211c9a0
15591484ns          259775 1c008a56 00f6a22b p.sw             x15, 4(x13!)        x13=10001720 x15:bf159ad0 x13:1000171c  PA:1000171c
15591504ns          259776 1c008a4a 0006ac83 lw               x25, 0(x13)         x25=42868f59 x13:10001720  PA:10001720
15591523ns          259777 1c008a4e 0046278b p.lw             x15, 4(x12!)        x15=40d2a008 x12=100016d4 x12:100016d0  PA:100016d0
15591563ns          259779 1c008a52 c817f7c3 fmadd.s          f15, f15, f1, f25   f15=xxxxxxxx f15:40d2a008  f1:c0b725fa f25:42868f59
15591583ns          259780 1c008a56 00f6a22b p.sw             x15, 4(x13!)        x13=10001724 x15:41ecde1b x13:10001720  PA:10001720
15591603ns          259781 1c008a4a 0006ac83 lw               x25, 0(x13)         x25=41e8a1da x13:10001724  PA:10001724
15591623ns          259782 1c008a4e 0046278b p.lw             x15, 4(x12!)        x15=40defcf2 x12=100016d8 x12:100016d4  PA:100016d4
15591663ns          259784 1c008a52 c817f7c3 fmadd.s          f15, f15, f1, f25   f15=xxxxxxxx f15:40defcf2  f1:c0b725fa f25:41e8a1da
15591683ns          259785 1c008a56 00f6a22b p.sw             x15, 4(x13!)        x13=10001728 x15:c12cdbe1 x13:10001724  PA:10001724
15591702ns          259786 1c008a5a 00aa0a13 addi             x20, x20, 10        x20=0000002f x20:00000025
15591722ns          259787 1c008a5c 028a8a93 addi             x21, x21, 40        x21=100016ec x21:100016c4
15591742ns          259788 1c008a60 fd4bd3e3 bge              x23, x20, -58       x23:0000002f x20:0000002f
15591822ns          259792 1c008a26 000aa083 lw               x1, 0(x21)           x1=4062fe51 x21:100016ec  PA:100016ec
15591842ns          259793 1c008a2a 014c07b3 add              x15, x24, x20       x15=00000032 x24:00000003 x20:0000002f
15591862ns          259794 1c008a2e 201090d3 fsgnjn.s         f1, f1, f1           f1=xxxxxxxx  f1:4062fe51  f1:4062fe51
15591881ns          259795 1c008a32 0347c463 blt              x15, x20, 40        x15:00000032 x20:0000002f
15591901ns          259796 1c008a36 ff8b0713 addi             x14, x22, -8        x14=0000000c x22:00000014
15591921ns          259797 1c008a3a 00275713 srli             x14, x14, 0x2       x14=00000003 x14:0000000c
15591941ns          259798 1c008a3c 00488693 addi             x13, x17, 4         x13=10001718 x17:10001714
15591961ns          259799 1c008a40 004a8613 addi             x12, x21, 4         x12=100016f0 x21:100016ec
15591981ns          259800 1c008a44 00170713 addi             x14, x14, 1         x14=00000004 x14:00000003
15592001ns          259801 1c008a46 008740fb lp.setup         0x1, x14, 0x8       x14:00000004
15592021ns          259802 1c008a4a 0006ac83 lw               x25, 0(x13)         x25=4148722a x13:10001718  PA:10001718
15592041ns          259803 1c008a4e 0046278b p.lw             x15, 4(x12!)        x15=3f8be751 x12=100016f4 x12:100016f0  PA:100016f0
15592080ns          259805 1c008a52 c817f7c3 fmadd.s          f15, f15, f1, f25   f15=xxxxxxxx f15:3f8be751  f1:c062fe51 f25:4148722a
15592100ns          259806 1c008a56 00f6a22b p.sw             x15, 4(x13!)        x13=1000171c x15:410a6b91 x13:10001718  PA:10001718
15592140ns          259808 1c008a4a 0006ac83 lw               x25, 0(x13)         x25=bf159ad0 x13:1000171c  PA:1000171c
15592160ns          259809 1c008a4e 0046278b p.lw             x15, 4(x12!)        x15=402248fc x12=100016f8 x12:100016f4  PA:100016f4
15592200ns          259811 1c008a52 c817f7c3 fmadd.s          f15, f15, f1, f25   f15=xxxxxxxx f15:402248fc  f1:c062fe51 f25:bf159ad0
15592220ns          259812 1c008a56 00f6a22b p.sw             x15, 4(x13!)        x13=10001720 x15:c1193f53 x13:1000171c  PA:1000171c
15592239ns          259813 1c008a4a 0006ac83 lw               x25, 0(x13)         x25=41ecde1b x13:10001720  PA:10001720
15592259ns          259814 1c008a4e 0046278b p.lw             x15, 4(x12!)        x15=40834d5e x12=100016fc x12:100016f8  PA:100016f8
15592299ns          259816 1c008a52 c817f7c3 fmadd.s          f15, f15, f1, f25   f15=xxxxxxxx f15:40834d5e  f1:c062fe51 f25:41ecde1b
15592319ns          259817 1c008a56 00f6a22b p.sw             x15, 4(x13!)        x13=10001724 x15:4170e2bb x13:10001720  PA:10001720
15592339ns          259818 1c008a4a 0006ac83 lw               x25, 0(x13)         x25=c12cdbe1 x13:10001724  PA:10001724
15592359ns          259819 1c008a4e 0046278b p.lw             x15, 4(x12!)        x15=c025f5c5 x12=10001700 x12:100016fc  PA:100016fc
15592399ns          259821 1c008a52 c817f7c3 fmadd.s          f15, f15, f1, f25   f15=xxxxxxxx f15:c025f5c5  f1:c062fe51 f25:c12cdbe1
15592418ns          259822 1c008a56 00f6a22b p.sw             x15, 4(x13!)        x13=10001728 x15:bfcda056 x13:10001724  PA:10001724
15592438ns          259823 1c008a5a 00aa0a13 addi             x20, x20, 10        x20=00000039 x20:0000002f
15592458ns          259824 1c008a5c 028a8a93 addi             x21, x21, 40        x21=10001714 x21:100016ec
15592478ns          259825 1c008a60 fd4bd3e3 bge              x23, x20, -58       x23:0000002f x20:00000039
15592498ns          259826 1c008a64 00150513 addi             x10, x10, 1         x10=00000006 x10:00000005
15592518ns          259827 1c008a66 027507b3 mul              x15, x10, x7        x15=410a6b91 x10:00000006  x7:0000000a
15592538ns          259828 1c008a6a 190ff853 fdiv.s           f16, f31, f16       f16=xxxxxxxx f31:3f800000 f16:40985e0b
15592558ns          259829 1c008a6e d6f5cbe3 blt              x11, x15, -650      x11:00000038 x15:0000003c
15592617ns          259832 1c0087e4 00158693 addi             x13, x11, 1         x13=xxxxxxxx x11:00000038
15592637ns          259833 1c0087e8 00488713 addi             x14, x17, 4         x14=xxxxxxxx x17:10001714
15592657ns          259834 1c0087ec 40b785b3 sub              x11, x15, x11       x11=xxxxxxxx x15:0000003c x11:00000038
15592677ns          259835 1c0087f0 3ad7c463 blt              x15, x13, 936       x15:0000003c x13:00000039
15592697ns          259836 1c0087f4 800006b7 lui              x13, 0x80000000     x13=xxxxxxxx
15592717ns          259837 1c0087f8 3ad78063 beq              x15, x13, 928       x15:0000003c x13:80000000
15592737ns          259838 1c0087fc 0055c0fb lp.setup         0x1, x11, 0x5       x11:00000004  PA:10001718
15592757ns          259839 1c008800 00072783 lw               x15, 0(x14)         x15=xxxxxxxx x14:10001718
15592816ns          259842 1c008802 1107f7d3 fmul.s           f15, f15, f16       f15=xxxxxxxx f15:410a6b91 f16:3e570f27
15592836ns          259843 1c008806 00f7222b p.sw             x15, 4(x14!)        x14=1000171c x15:3fe89110 x14:10001718  PA:10001718
15592856ns          259844 1c008800 00072783 lw               x15, 0(x14)         x15=xxxxxxxx x14:1000171c  PA:1000171c
15592896ns          259846 1c008802 1107f7d3 fmul.s           f15, f15, f16       f15=xxxxxxxx f15:c1193f53 f16:3e570f27
15592916ns          259847 1c008806 00f7222b p.sw             x15, 4(x14!)        x14=10001720 x15:c000bd41 x14:1000171c  PA:1000171c
15592936ns          259848 1c008800 00072783 lw               x15, 0(x14)         x15=xxxxxxxx x14:10001720  PA:10001720
15592975ns          259850 1c008802 1107f7d3 fmul.s           f15, f15, f16       f15=xxxxxxxx f15:4170e2bb f16:3e570f27
15592995ns          259851 1c008806 00f7222b p.sw             x15, 4(x14!)        x14=10001724 x15:404a5cad x14:10001720  PA:10001720
15593015ns          259852 1c008800 00072783 lw               x15, 0(x14)         x15=xxxxxxxx x14:10001724  PA:10001724
15593055ns          259854 1c008802 1107f7d3 fmul.s           f15, f15, f16       f15=xxxxxxxx f15:bfcda056 f16:3e570f27
15593075ns          259855 1c008806 00f7222b p.sw             x15, 4(x14!)        x14=10001728 x15:beacbdd4 x14:10001724  PA:10001724
15593095ns          259856 1c00880a 00be0e13 addi             x28, x28, 11        x28=00000042 x28:00000037
15593115ns          259857 1c00880c 02c88893 addi             x17, x17, 44        x17=10001740 x17:10001714
15593135ns          259858 1c008810 00430313 addi             x6, x6, 4            x6=10001650  x6:1000164c
15593154ns          259859 1c008812 c6a53be3 p.bneimm         x10, -906           x10:00000006
15593274ns          259865 1c008488 32050f63 beq              x10, x0, 830        x10:00000006
15593294ns          259866 1c00848c 00032783 lw               x15, 0(x6)          x15=xxxxxxxx  x6:10001650  PA:10001650
15593353ns          259869 1c008490 e8f7f7c3 fmadd.s          f15, f15, f15, f29  f15=xxxxxxxx f15:412fdea3 f15:412fdea3 f29:00000000
15593393ns          259871 1c008494 2e152c63 p.beqimm         x10, 760            x10:00000006
15593413ns          259872 1c008498 02832703 lw               x14, 40(x6)         x14=40c2898f  x6:10001650  PA:10001678
15593453ns          259874 1c00849c 78e777c3 fmadd.s          f15, f14, f14, f15  f15=xxxxxxxx f14:40c2898f f14:40c2898f f15:42f1a449
15593493ns          259876 1c0084a0 2e252663 p.beqimm         x10, 748            x10:00000006
15593532ns          259878 1c0084a4 05032703 lw               x14, 80(x6)         x14=409260e0  x6:10001650  PA:100016a0
15593572ns          259880 1c0084a8 78e777c3 fmadd.s          f15, f14, f14, f15  f15=xxxxxxxx f14:409260e0 f14:409260e0 f15:431dc756
15593592ns          259881 1c0084ac 2e352063 p.beqimm         x10, 736            x10:00000006
15593612ns          259882 1c0084b0 07832703 lw               x14, 120(x6)        x14=410531ac  x6:10001650  PA:100016c8
15593652ns          259884 1c0084b4 78e777c3 fmadd.s          f15, f14, f14, f15  f15=xxxxxxxx f14:410531ac f14:410531ac f15:4332b3ff
15593672ns          259885 1c0084b8 2c452a63 p.beqimm         x10, 724            x10:00000006
15593691ns          259886 1c0084bc 0a032703 lw               x14, 160(x6)        x14=3f8be751  x6:10001650  PA:100016f0
15593731ns          259888 1c0084c0 78e777c3 fmadd.s          f15, f14, f14, f15  f15=xxxxxxxx f14:3f8be751 f14:3f8be751 f15:437800a5
15593751ns          259889 1c0084c4 2c552463 p.beqimm         x10, 712            x10:00000006
15593771ns          259890 1c0084c8 0c832703 lw               x14, 200(x6)        x14=3fe89110  x6:10001650  PA:10001718
15593811ns          259892 1c0084cc 78e777c3 fmadd.s          f15, f14, f14, f15  f15=xxxxxxxx f14:3fe89110 f14:3fe89110 f15:43793279
15593831ns          259893 1c0084d0 2a652e63 p.beqimm         x10, 700            x10:00000006
15593890ns          259896 1c00878c 0008a803 lw               x16, 0(x17)         x16=4385481e x17:10001740  PA:10001740
15593930ns          259898 1c008790 08f877d3 fsub.s           f15, f16, f15       f15=xxxxxxxx f16:4385481e f15:437c7f96
15593950ns          259899 1c008794 a0fe9753 flt.s            x14, f29, f15       x14=00000001 f29:00000000 f15:41610a60
15593970ns          259900 1c008798 24071f63 bne              x14, x0, 606        x14:00000001
15594050ns          259904 1c0089f6 025505b3 mul              x11, x10, x5        x11=00000042 x10:00000006  x5:0000000b
15594069ns          259905 1c0089fa 5807f853 fsqrt.s          f16, f15            f16=xxxxxxxx f15:41610a60
15594089ns          259906 1c0089fe ff858b93 addi             x23, x11, -8        x23=xxxxxxxx x11:00000042
15594348ns          259919 1c008a02 0108a023 sw               x16, 0(x17)         x16:40700588 x17:10001740  PA:10001740
15594368ns          259920 1c008a06 00250a13 addi             x20, x10, 2         x20=00000008 x10:00000006
15594388ns          259921 1c008a0a 00158593 addi             x11, x11, 1         x11=00000043 x11:00000042
15594408ns          259922 1c008a0c 054bcc63 blt              x23, x20, 88        x23:0000003a x20:00000008
15594427ns          259923 1c008a10 00251a93 slli             x21, x10, 0x2       x21=00000018 x10:00000006
15594447ns          259924 1c008a14 03350b33 mul              x22, x10, x19       x22=ffffffe8 x10:00000006 x19:fffffffc
15594467ns          259925 1c008a18 00010793 addi             x15, x2, 0          x15=10001638  x2:10001638
15594487ns          259926 1c008a1c 00fa8ab3 add              x21, x21, x15       x21=10001650 x21:00000018 x15:10001638
15594507ns          259927 1c008a1e 40a90c33 sub              x24, x18, x10       x24=00000002 x18:00000008 x10:00000006
15594527ns          259928 1c008a22 028b0b13 addi             x22, x22, 40        x22=00000010 x22:ffffffe8
15594547ns          259929 1c008a26 000aa083 lw               x1, 0(x21)           x1=xxxxxxxx x21:10001650  PA:10001650
15594567ns          259930 1c008a2a 014c07b3 add              x15, x24, x20       x15=0000000a x24:00000002 x20:00000008
15594587ns          259931 1c008a2e 201090d3 fsgnjn.s         f1, f1, f1           f1=xxxxxxxx  f1:412fdea3  f1:412fdea3
15594606ns          259932 1c008a32 0347c463 blt              x15, x20, 40        x15:0000000a x20:00000008
15594626ns          259933 1c008a36 ff8b0713 addi             x14, x22, -8        x14=00000008 x22:00000010
15594646ns          259934 1c008a3a 00275713 srli             x14, x14, 0x2       x14=00000002 x14:00000008
15594666ns          259935 1c008a3c 00488693 addi             x13, x17, 4         x13=10001744 x17:10001740
15594686ns          259936 1c008a40 004a8613 addi             x12, x21, 4         x12=10001654 x21:10001650
15594706ns          259937 1c008a44 00170713 addi             x14, x14, 1         x14=00000003 x14:00000002
15594726ns          259938 1c008a46 008740fb lp.setup         0x1, x14, 0x8       x14:00000003
15594746ns          259939 1c008a4a 0006ac83 lw               x25, 0(x13)         x25=xxxxxxxx x13:10001744  PA:10001744
15594766ns          259940 1c008a4e 0046278b p.lw             x15, 4(x12!)        x15=xxxxxxxx x12=10001658 x12:10001654  PA:10001654
15594805ns          259942 1c008a52 c817f7c3 fmadd.s          f15, f15, f1, f25   f15=xxxxxxxx f15:40d6814a  f1:c12fdea3 f25:431c8b0b
15594825ns          259943 1c008a56 00f6a22b p.sw             x15, 4(x13!)        x13=10001748 x15:42a5b928 x13:10001744  PA:10001744
15594845ns          259944 1c008a4a 0006ac83 lw               x25, 0(x13)         x25=43752daa x13:10001748  PA:10001748
15594885ns          259946 1c008a4e 0046278b p.lw             x15, 4(x12!)        x15=415c3dc4 x12=1000165c x12:10001658  PA:10001658
15594925ns          259948 1c008a52 c817f7c3 fmadd.s          f15, f15, f1, f25   f15=xxxxxxxx f15:415c3dc4  f1:c12fdea3 f25:43752daa
15594945ns          259949 1c008a56 00f6a22b p.sw             x15, 4(x13!)        x13=1000174c x15:42bbbfce x13:10001748  PA:10001748
15594984ns          259951 1c008a4a 0006ac83 lw               x25, 0(x13)         x25=4392c415 x13:1000174c  PA:1000174c
15595004ns          259952 1c008a4e 0046278b p.lw             x15, 4(x12!)        x15=41683480 x12=10001660 x12:1000165c  PA:1000165c
15595044ns          259954 1c008a52 c817f7c3 fmadd.s          f15, f15, f1, f25   f15=xxxxxxxx f15:41683480  f1:c12fdea3 f25:4392c415
15595064ns          259955 1c008a56 00f6a22b p.sw             x15, 4(x13!)        x13=10001750 x15:43060255 x13:1000174c  PA:1000174c
15595084ns          259956 1c008a5a 00aa0a13 addi             x20, x20, 10        x20=00000012 x20:00000008
15595104ns          259957 1c008a5c 028a8a93 addi             x21, x21, 40        x21=10001678 x21:10001650
15595124ns          259958 1c008a60 fd4bd3e3 bge              x23, x20, -58       x23:0000003a x20:00000012
15595203ns          259962 1c008a26 000aa083 lw               x1, 0(x21)           x1=40c2898f x21:10001678  PA:10001678
15595223ns          259963 1c008a2a 014c07b3 add              x15, x24, x20       x15=00000014 x24:00000002 x20:00000012
15595243ns          259964 1c008a2e 201090d3 fsgnjn.s         f1, f1, f1           f1=xxxxxxxx  f1:40c2898f  f1:40c2898f
15595263ns          259965 1c008a32 0347c463 blt              x15, x20, 40        x15:00000014 x20:00000012
15595283ns          259966 1c008a36 ff8b0713 addi             x14, x22, -8        x14=00000008 x22:00000010
15595303ns          259967 1c008a3a 00275713 srli             x14, x14, 0x2       x14=00000002 x14:00000008
15595323ns          259968 1c008a3c 00488693 addi             x13, x17, 4         x13=10001744 x17:10001740
15595342ns          259969 1c008a40 004a8613 addi             x12, x21, 4         x12=1000167c x21:10001678
15595362ns          259970 1c008a44 00170713 addi             x14, x14, 1         x14=00000003 x14:00000002
15595382ns          259971 1c008a46 008740fb lp.setup         0x1, x14, 0x8       x14:00000003
15595402ns          259972 1c008a4a 0006ac83 lw               x25, 0(x13)         x25=42a5b928 x13:10001744  PA:10001744
15595422ns          259973 1c008a4e 0046278b p.lw             x15, 4(x12!)        x15=40b79c8f x12=10001680 x12:1000167c  PA:1000167c
15595462ns          259975 1c008a52 c817f7c3 fmadd.s          f15, f15, f1, f25   f15=xxxxxxxx f15:40b79c8f  f1:c0c2898f f25:42a5b928
15595482ns          259976 1c008a56 00f6a22b p.sw             x15, 4(x13!)        x13=10001748 x15:423feb02 x13:10001744  PA:10001744
15595521ns          259978 1c008a4a 0006ac83 lw               x25, 0(x13)         x25=42bbbfce x13:10001748  PA:10001748
15595541ns          259979 1c008a4e 0046278b p.lw             x15, 4(x12!)        x15=409f1650 x12=10001684 x12:10001680  PA:10001680
15595581ns          259981 1c008a52 c817f7c3 fmadd.s          f15, f15, f1, f25   f15=xxxxxxxx f15:409f1650  f1:c0c2898f f25:42bbbfce
15595601ns          259982 1c008a56 00f6a22b p.sw             x15, 4(x13!)        x13=1000174c x15:427e9b38 x13:10001748  PA:10001748
15595621ns          259983 1c008a4a 0006ac83 lw               x25, 0(x13)         x25=43060255 x13:1000174c  PA:1000174c
15595661ns          259985 1c008a4e 0046278b p.lw             x15, 4(x12!)        x15=4101a909 x12=10001688 x12:10001684  PA:10001684
15595700ns          259987 1c008a52 c817f7c3 fmadd.s          f15, f15, f1, f25   f15=xxxxxxxx f15:4101a909  f1:c0c2898f f25:43060255
15595720ns          259988 1c008a56 00f6a22b p.sw             x15, 4(x13!)        x13=10001750 x15:42a97ce5 x13:1000174c  PA:1000174c
15595740ns          259989 1c008a5a 00aa0a13 addi             x20, x20, 10        x20=0000001c x20:00000012
15595760ns          259990 1c008a5c 028a8a93 addi             x21, x21, 40        x21=100016a0 x21:10001678
15595780ns          259991 1c008a60 fd4bd3e3 bge              x23, x20, -58       x23:0000003a x20:0000001c
15595860ns          259995 1c008a26 000aa083 lw               x1, 0(x21)           x1=409260e0 x21:100016a0  PA:100016a0
15595879ns          259996 1c008a2a 014c07b3 add              x15, x24, x20       x15=0000001e x24:00000002 x20:0000001c
15595899ns          259997 1c008a2e 201090d3 fsgnjn.s         f1, f1, f1           f1=xxxxxxxx  f1:409260e0  f1:409260e0
15595919ns          259998 1c008a32 0347c463 blt              x15, x20, 40        x15:0000001e x20:0000001c
15595939ns          259999 1c008a36 ff8b0713 addi             x14, x22, -8        x14=00000008 x22:00000010
15595959ns          260000 1c008a3a 00275713 srli             x14, x14, 0x2       x14=00000002 x14:00000008
15595979ns          260001 1c008a3c 00488693 addi             x13, x17, 4         x13=10001744 x17:10001740
15595999ns          260002 1c008a40 004a8613 addi             x12, x21, 4         x12=100016a4 x21:100016a0
15596019ns          260003 1c008a44 00170713 addi             x14, x14, 1         x14=00000003 x14:00000002
15596039ns          260004 1c008a46 008740fb lp.setup         0x1, x14, 0x8       x14:00000003
15596058ns          260005 1c008a4a 0006ac83 lw               x25, 0(x13)         x25=423feb02 x13:10001744  PA:10001744
15596098ns          260007 1c008a4e 0046278b p.lw             x15, 4(x12!)        x15=3f51ba01 x12=100016a8 x12:100016a4  PA:100016a4
15596138ns          260009 1c008a52 c817f7c3 fmadd.s          f15, f15, f1, f25   f15=xxxxxxxx f15:3f51ba01  f1:c09260e0 f25:423feb02
15596158ns          260010 1c008a56 00f6a22b p.sw             x15, 4(x13!)        x13=10001748 x15:4230ed94 x13:10001744  PA:10001744
15596218ns          260013 1c008a4a 0006ac83 lw               x25, 0(x13)         x25=427e9b38 x13:10001748  PA:10001748
15596238ns          260014 1c008a4e 0046278b p.lw             x15, 4(x12!)        x15=404e4076 x12=100016ac x12:100016a8  PA:100016a8
15596277ns          260016 1c008a52 c817f7c3 fmadd.s          f15, f15, f1, f25   f15=xxxxxxxx f15:404e4076  f1:c09260e0 f25:427e9b38
15596297ns          260017 1c008a56 00f6a22b p.sw             x15, 4(x13!)        x13=1000174c x15:4243a3d0 x13:10001748  PA:10001748
15596337ns          260019 1c008a4a 0006ac83 lw               x25, 0(x13)         x25=42a97ce5 x13:1000174c  PA:1000174c
15596377ns          260021 1c008a4e 0046278b p.lw             x15, 4(x12!)        x15=4106095b x12=100016b0 x12:100016ac  PA:100016ac
15596417ns          260023 1c008a52 c817f7c3 fmadd.s          f15, f15, f1, f25   f15=xxxxxxxx f15:4106095b  f1:c09260e0 f25:42a97ce5
15596436ns          260024 1c008a56 00f6a22b p.sw             x15, 4(x13!)        x13=10001750 x15:4239b1ad x13:1000174c  PA:1000174c
15596456ns          260025 1c008a5a 00aa0a13 addi             x20, x20, 10        x20=00000026 x20:0000001c
15596476ns          260026 1c008a5c 028a8a93 addi             x21, x21, 40        x21=100016c8 x21:100016a0
15596496ns          260027 1c008a60 fd4bd3e3 bge              x23, x20, -58       x23:0000003a x20:00000026
15596576ns          260031 1c008a26 000aa083 lw               x1, 0(x21)           x1=410531ac x21:100016c8  PA:100016c8
15596596ns          260032 1c008a2a 014c07b3 add              x15, x24, x20       x15=00000028 x24:00000002 x20:00000026
15596615ns          260033 1c008a2e 201090d3 fsgnjn.s         f1, f1, f1           f1=xxxxxxxx  f1:410531ac  f1:410531ac
15596635ns          260034 1c008a32 0347c463 blt              x15, x20, 40        x15:00000028 x20:00000026
15596655ns          260035 1c008a36 ff8b0713 addi             x14, x22, -8        x14=00000008 x22:00000010
15596675ns          260036 1c008a3a 00275713 srli             x14, x14, 0x2       x14=00000002 x14:00000008
15596695ns          260037 1c008a3c 00488693 addi             x13, x17, 4         x13=10001744 x17:10001740
15596715ns          260038 1c008a40 004a8613 addi             x12, x21, 4         x12=100016cc x21:100016c8
15596735ns          260039 1c008a44 00170713 addi             x14, x14, 1         x14=00000003 x14:00000002
15596755ns          260040 1c008a46 008740fb lp.setup         0x1, x14, 0x8       x14:00000003
15596775ns          260041 1c008a4a 0006ac83 lw               x25, 0(x13)         x25=4230ed94 x13:10001744  PA:10001744
15596794ns          260042 1c008a4e 0046278b p.lw             x15, 4(x12!)        x15=40cf0ba7 x12=100016d0 x12:100016cc  PA:100016cc
15596834ns          260044 1c008a52 c817f7c3 fmadd.s          f15, f15, f1, f25   f15=xxxxxxxx f15:40cf0ba7  f1:c10531ac f25:4230ed94
15596854ns          260045 1c008a56 00f6a22b p.sw             x15, 4(x13!)        x13=10001748 x15:c11a1381 x13:10001744  PA:10001744
15596894ns          260047 1c008a4a 0006ac83 lw               x25, 0(x13)         x25=4243a3d0 x13:10001748  PA:10001748
15596914ns          260048 1c008a4e 0046278b p.lw             x15, 4(x12!)        x15=40d2a008 x12=100016d4 x12:100016d0  PA:100016d0
15596954ns          260050 1c008a52 c817f7c3 fmadd.s          f15, f15, f1, f25   f15=xxxxxxxx f15:40d2a008  f1:c10531ac f25:4243a3d0
15596973ns          260051 1c008a56 00f6a22b p.sw             x15, 4(x13!)        x13=1000174c x15:c0bc41a5 x13:10001748  PA:10001748
15596993ns          260052 1c008a4a 0006ac83 lw               x25, 0(x13)         x25=4239b1ad x13:1000174c  PA:1000174c
15597013ns          260053 1c008a4e 0046278b p.lw             x15, 4(x12!)        x15=40defcf2 x12=100016d8 x12:100016d4  PA:100016d4
15597053ns          260055 1c008a52 c817f7c3 fmadd.s          f15, f15, f1, f25   f15=xxxxxxxx f15:40defcf2  f1:c10531ac f25:4239b1ad
15597073ns          260056 1c008a56 00f6a22b p.sw             x15, 4(x13!)        x13=10001750 x15:c1395ebc x13:1000174c  PA:1000174c
15597093ns          260057 1c008a5a 00aa0a13 addi             x20, x20, 10        x20=00000030 x20:00000026
15597113ns          260058 1c008a5c 028a8a93 addi             x21, x21, 40        x21=100016f0 x21:100016c8
15597133ns          260059 1c008a60 fd4bd3e3 bge              x23, x20, -58       x23:0000003a x20:00000030
15597212ns          260063 1c008a26 000aa083 lw               x1, 0(x21)           x1=3f8be751 x21:100016f0  PA:100016f0
15597232ns          260064 1c008a2a 014c07b3 add              x15, x24, x20       x15=00000032 x24:00000002 x20:00000030
15597252ns          260065 1c008a2e 201090d3 fsgnjn.s         f1, f1, f1           f1=xxxxxxxx  f1:3f8be751  f1:3f8be751
15597272ns          260066 1c008a32 0347c463 blt              x15, x20, 40        x15:00000032 x20:00000030
15597292ns          260067 1c008a36 ff8b0713 addi             x14, x22, -8        x14=00000008 x22:00000010
15597312ns          260068 1c008a3a 00275713 srli             x14, x14, 0x2       x14=00000002 x14:00000008
15597332ns          260069 1c008a3c 00488693 addi             x13, x17, 4         x13=10001744 x17:10001740
15597351ns          260070 1c008a40 004a8613 addi             x12, x21, 4         x12=100016f4 x21:100016f0
15597371ns          260071 1c008a44 00170713 addi             x14, x14, 1         x14=00000003 x14:00000002
15597391ns          260072 1c008a46 008740fb lp.setup         0x1, x14, 0x8       x14:00000003
15597411ns          260073 1c008a4a 0006ac83 lw               x25, 0(x13)         x25=c11a1381 x13:10001744  PA:10001744
15597431ns          260074 1c008a4e 0046278b p.lw             x15, 4(x12!)        x15=402248fc x12=100016f8 x12:100016f4  PA:100016f4
15597471ns          260076 1c008a52 c817f7c3 fmadd.s          f15, f15, f1, f25   f15=xxxxxxxx f15:402248fc  f1:bf8be751 f25:c11a1381
15597491ns          260077 1c008a56 00f6a22b p.sw             x15, 4(x13!)        x13=10001748 x15:c1466ba3 x13:10001744  PA:10001744
15597530ns          260079 1c008a4a 0006ac83 lw               x25, 0(x13)         x25=c0bc41a5 x13:10001748  PA:10001748
15597550ns          260080 1c008a4e 0046278b p.lw             x15, 4(x12!)        x15=40834d5e x12=100016fc x12:100016f8  PA:100016f8
15597590ns          260082 1c008a52 c817f7c3 fmadd.s          f15, f15, f1, f25   f15=xxxxxxxx f15:40834d5e  f1:bf8be751 f25:c0bc41a5
15597610ns          260083 1c008a56 00f6a22b p.sw             x15, 4(x13!)        x13=1000174c x15:c125e279 x13:10001748  PA:10001748
15597630ns          260084 1c008a4a 0006ac83 lw               x25, 0(x13)         x25=c1395ebc x13:1000174c  PA:1000174c
15597650ns          260085 1c008a4e 0046278b p.lw             x15, 4(x12!)        x15=c025f5c5 x12=10001700 x12:100016fc  PA:100016fc
15597690ns          260087 1c008a52 c817f7c3 fmadd.s          f15, f15, f1, f25   f15=xxxxxxxx f15:c025f5c5  f1:bf8be751 f25:c1395ebc
15597709ns          260088 1c008a56 00f6a22b p.sw             x15, 4(x13!)        x13=10001750 x15:c10c0588 x13:1000174c  PA:1000174c
15597729ns          260089 1c008a5a 00aa0a13 addi             x20, x20, 10        x20=0000003a x20:00000030
15597749ns          260090 1c008a5c 028a8a93 addi             x21, x21, 40        x21=10001718 x21:100016f0
15597769ns          260091 1c008a60 fd4bd3e3 bge              x23, x20, -58       x23:0000003a x20:0000003a
15597849ns          260095 1c008a26 000aa083 lw               x1, 0(x21)           x1=3fe89110 x21:10001718  PA:10001718
15597869ns          260096 1c008a2a 014c07b3 add              x15, x24, x20       x15=0000003c x24:00000002 x20:0000003a
15597888ns          260097 1c008a2e 201090d3 fsgnjn.s         f1, f1, f1           f1=xxxxxxxx  f1:3fe89110  f1:3fe89110
15597908ns          260098 1c008a32 0347c463 blt              x15, x20, 40        x15:0000003c x20:0000003a
15597928ns          260099 1c008a36 ff8b0713 addi             x14, x22, -8        x14=00000008 x22:00000010
15597948ns          260100 1c008a3a 00275713 srli             x14, x14, 0x2       x14=00000002 x14:00000008
15597968ns          260101 1c008a3c 00488693 addi             x13, x17, 4         x13=10001744 x17:10001740
15597988ns          260102 1c008a40 004a8613 addi             x12, x21, 4         x12=1000171c x21:10001718
15598008ns          260103 1c008a44 00170713 addi             x14, x14, 1         x14=00000003 x14:00000002
15598028ns          260104 1c008a46 008740fb lp.setup         0x1, x14, 0x8       x14:00000003
15598048ns          260105 1c008a4a 0006ac83 lw               x25, 0(x13)         x25=c1466ba3 x13:10001744  PA:10001744
15598067ns          260106 1c008a4e 0046278b p.lw             x15, 4(x12!)        x15=c000bd41 x12=10001720 x12:1000171c  PA:1000171c
15598107ns          260108 1c008a52 c817f7c3 fmadd.s          f15, f15, f1, f25   f15=xxxxxxxx f15:c000bd41  f1:bfe89110 f25:c1466ba3
15598127ns          260109 1c008a56 00f6a22b p.sw             x15, 4(x13!)        x13=10001748 x15:c10bf168 x13:10001744  PA:10001744
15598167ns          260111 1c008a4a 0006ac83 lw               x25, 0(x13)         x25=c125e279 x13:10001748  PA:10001748
15598187ns          260112 1c008a4e 0046278b p.lw             x15, 4(x12!)        x15=404a5cad x12=10001724 x12:10001720  PA:10001720
15598227ns          260114 1c008a52 c817f7c3 fmadd.s          f15, f15, f1, f25   f15=xxxxxxxx f15:404a5cad  f1:bfe89110 f25:c125e279
15598246ns          260115 1c008a56 00f6a22b p.sw             x15, 4(x13!)        x13=1000174c x15:c180e6e6 x13:10001748  PA:10001748
15598266ns          260116 1c008a4a 0006ac83 lw               x25, 0(x13)         x25=c10c0588 x13:1000174c  PA:1000174c
15598286ns          260117 1c008a4e 0046278b p.lw             x15, 4(x12!)        x15=beacbdd4 x12=10001728 x12:10001724  PA:10001724
15598326ns          260119 1c008a52 c817f7c3 fmadd.s          f15, f15, f1, f25   f15=xxxxxxxx f15:beacbdd4  f1:bfe89110 f25:c10c0588
15598346ns          260120 1c008a56 00f6a22b p.sw             x15, 4(x13!)        x13=10001750 x15:c10236a9 x13:1000174c  PA:1000174c
15598366ns          260121 1c008a5a 00aa0a13 addi             x20, x20, 10        x20=00000044 x20:0000003a
15598386ns          260122 1c008a5c 028a8a93 addi             x21, x21, 40        x21=10001740 x21:10001718
15598406ns          260123 1c008a60 fd4bd3e3 bge              x23, x20, -58       x23:0000003a x20:00000044
15598425ns          260124 1c008a64 00150513 addi             x10, x10, 1         x10=00000007 x10:00000006
15598445ns          260125 1c008a66 027507b3 mul              x15, x10, x7        x15=c10bf168 x10:00000007  x7:0000000a
15598465ns          260126 1c008a6a 190ff853 fdiv.s           f16, f31, f16       f16=xxxxxxxx f31:3f800000 f16:40700588
15598485ns          260127 1c008a6e d6f5cbe3 blt              x11, x15, -650      x11:00000043 x15:00000046
15598545ns          260130 1c0087e4 00158693 addi             x13, x11, 1         x13=xxxxxxxx x11:00000043
15598565ns          260131 1c0087e8 00488713 addi             x14, x17, 4         x14=xxxxxxxx x17:10001740
15598585ns          260132 1c0087ec 40b785b3 sub              x11, x15, x11       x11=xxxxxxxx x15:00000046 x11:00000043
15598605ns          260133 1c0087f0 3ad7c463 blt              x15, x13, 936       x15:00000046 x13:00000044
15598624ns          260134 1c0087f4 800006b7 lui              x13, 0x80000000     x13=xxxxxxxx
15598644ns          260135 1c0087f8 3ad78063 beq              x15, x13, 928       x15:00000046 x13:80000000
15598664ns          260136 1c0087fc 0055c0fb lp.setup         0x1, x11, 0x5       x11:00000003  PA:10001744
15598684ns          260137 1c008800 00072783 lw               x15, 0(x14)         x15=xxxxxxxx x14:10001744
15598744ns          260140 1c008802 1107f7d3 fmul.s           f15, f15, f16       f15=xxxxxxxx f15:c10bf168 f16:3e888563
15598764ns          260141 1c008806 00f7222b p.sw             x15, 4(x14!)        x14=10001748 x15:c0154254 x14:10001744  PA:10001744
15598784ns          260142 1c008800 00072783 lw               x15, 0(x14)         x15=xxxxxxxx x14:10001748  PA:10001748
15598823ns          260144 1c008802 1107f7d3 fmul.s           f15, f15, f16       f15=xxxxxxxx f15:c180e6e6 f16:3e888563
15598843ns          260145 1c008806 00f7222b p.sw             x15, 4(x14!)        x14=1000174c x15:c0897ba8 x14:10001748  PA:10001748
15598863ns          260146 1c008800 00072783 lw               x15, 0(x14)         x15=xxxxxxxx x14:1000174c  PA:1000174c
15598903ns          260148 1c008802 1107f7d3 fmul.s           f15, f15, f16       f15=xxxxxxxx f15:c10236a9 f16:3e888563
15598923ns          260149 1c008806 00f7222b p.sw             x15, 4(x14!)        x14=10001750 x15:c00ae1c5 x14:1000174c  PA:1000174c
15598943ns          260150 1c00880a 00be0e13 addi             x28, x28, 11        x28=0000004d x28:00000042
15598963ns          260151 1c00880c 02c88893 addi             x17, x17, 44        x17=1000176c x17:10001740
15598982ns          260152 1c008810 00430313 addi             x6, x6, 4            x6=10001654  x6:10001650
15599002ns          260153 1c008812 c6a53be3 p.bneimm         x10, -906           x10:00000007
15599062ns          260156 1c008488 32050f63 beq              x10, x0, 830        x10:00000007
15599082ns          260157 1c00848c 00032783 lw               x15, 0(x6)          x15=xxxxxxxx  x6:10001654  PA:10001654
15599122ns          260159 1c008490 e8f7f7c3 fmadd.s          f15, f15, f15, f29  f15=xxxxxxxx f15:40d6814a f15:40d6814a f29:00000000
15599142ns          260160 1c008494 2e152c63 p.beqimm         x10, 760            x10:00000007
15599161ns          260161 1c008498 02832703 lw               x14, 40(x6)         x14=3f51ba01  x6:10001654  PA:1000167c
15599201ns          260163 1c00849c 78e777c3 fmadd.s          f15, f14, f14, f15  f15=xxxxxxxx f14:40b79c8f f14:40b79c8f f15:4233bc69
15599221ns          260164 1c0084a0 2e252663 p.beqimm         x10, 748            x10:00000007
15599241ns          260165 1c0084a4 05032703 lw               x14, 80(x6)         x14=xxxxxxxx  x6:10001654  PA:100016a4
15599281ns          260167 1c0084a8 78e777c3 fmadd.s          f15, f14, f14, f15  f15=xxxxxxxx f14:3f51ba01 f14:3f51ba01 f15:429bb6cf
15599301ns          260168 1c0084ac 2e352063 p.beqimm         x10, 736            x10:00000007
15599321ns          260169 1c0084b0 07832703 lw               x14, 120(x6)        x14=xxxxxxxx  x6:10001654  PA:100016cc
15599360ns          260171 1c0084b4 78e777c3 fmadd.s          f15, f14, f14, f15  f15=xxxxxxxx f14:40cf0ba7 f14:40cf0ba7 f15:429d0e71
15599380ns          260172 1c0084b8 2c452a63 p.beqimm         x10, 724            x10:00000007
15599400ns          260173 1c0084bc 0a032703 lw               x14, 160(x6)        x14=xxxxxxxx  x6:10001654  PA:100016f4
15599440ns          260175 1c0084c0 78e777c3 fmadd.s          f15, f14, f14, f15  f15=xxxxxxxx f14:402248fc f14:402248fc f15:42f0c85d
15599460ns          260176 1c0084c4 2c552463 p.beqimm         x10, 712            x10:00000007
15599480ns          260177 1c0084c8 0c832703 lw               x14, 200(x6)        x14=c000bd41  x6:10001654  PA:1000171c
15599519ns          260179 1c0084cc 78e777c3 fmadd.s          f15, f14, f14, f15  f15=xxxxxxxx f14:c000bd41 f14:c000bd41 f15:42fda46b
15599539ns          260180 1c0084d0 2a652e63 p.beqimm         x10, 700            x10:00000007
15599559ns          260181 1c0084d4 0f032703 lw               x14, 240(x6)        x14=c0154254  x6:10001654  PA:10001744
15599599ns          260183 1c0084d8 78e777c3 fmadd.s          f15, f14, f14, f15  f15=xxxxxxxx f14:c0154254 f14:c0154254 f15:4302de12
15599619ns          260184 1c0084dc 2a752863 p.beqimm         x10, 688            x10:00000007
15599679ns          260187 1c00878c 0008a803 lw               x16, 0(x17)         x16=43199987 x17:1000176c  PA:1000176c
15599758ns          260191 1c008790 08f877d3 fsub.s           f15, f16, f15       f15=xxxxxxxx f16:43199987 f15:43084e76
15599798ns          260193 1c008794 a0fe9753 flt.s            x14, f29, f15       x14=00000001 f29:00000000 f15:418a5888
15599818ns          260194 1c008798 24071f63 bne              x14, x0, 606        x14:00000001
15599897ns          260198 1c0089f6 025505b3 mul              x11, x10, x5        x11=0000004d x10:00000007  x5:0000000b
15599917ns          260199 1c0089fa 5807f853 fsqrt.s          f16, f15            f16=xxxxxxxx f15:418a5888
15599937ns          260200 1c0089fe ff858b93 addi             x23, x11, -8        x23=xxxxxxxx x11:0000004d
15600196ns          260213 1c008a02 0108a023 sw               x16, 0(x17)         x16:40851289 x17:1000176c  PA:1000176c
15600216ns          260214 1c008a06 00250a13 addi             x20, x10, 2         x20=00000009 x10:00000007
15600236ns          260215 1c008a0a 00158593 addi             x11, x11, 1         x11=0000004e x11:0000004d
15600255ns          260216 1c008a0c 054bcc63 blt              x23, x20, 88        x23:00000045 x20:00000009
15600275ns          260217 1c008a10 00251a93 slli             x21, x10, 0x2       x21=0000001c x10:00000007
15600295ns          260218 1c008a14 03350b33 mul              x22, x10, x19       x22=ffffffe4 x10:00000007 x19:fffffffc
15600315ns          260219 1c008a18 00010793 addi             x15, x2, 0          x15=10001638  x2:10001638
15600335ns          260220 1c008a1c 00fa8ab3 add              x21, x21, x15       x21=10001654 x21:0000001c x15:10001638
15600355ns          260221 1c008a1e 40a90c33 sub              x24, x18, x10       x24=00000001 x18:00000008 x10:00000007
15600375ns          260222 1c008a22 028b0b13 addi             x22, x22, 40        x22=0000000c x22:ffffffe4
15600395ns          260223 1c008a26 000aa083 lw               x1, 0(x21)           x1=xxxxxxxx x21:10001654  PA:10001654
15600415ns          260224 1c008a2a 014c07b3 add              x15, x24, x20       x15=0000000a x24:00000001 x20:00000009
15600434ns          260225 1c008a2e 201090d3 fsgnjn.s         f1, f1, f1           f1=xxxxxxxx  f1:40d6814a  f1:40d6814a
15600454ns          260226 1c008a32 0347c463 blt              x15, x20, 40        x15:0000000a x20:00000009
15600474ns          260227 1c008a36 ff8b0713 addi             x14, x22, -8        x14=00000004 x22:0000000c
15600494ns          260228 1c008a3a 00275713 srli             x14, x14, 0x2       x14=00000001 x14:00000004
15600514ns          260229 1c008a3c 00488693 addi             x13, x17, 4         x13=10001770 x17:1000176c
15600534ns          260230 1c008a40 004a8613 addi             x12, x21, 4         x12=10001658 x21:10001654
15600554ns          260231 1c008a44 00170713 addi             x14, x14, 1         x14=00000002 x14:00000001
15600574ns          260232 1c008a46 008740fb lp.setup         0x1, x14, 0x8       x14:00000002
15600594ns          260233 1c008a4a 0006ac83 lw               x25, 0(x13)         x25=xxxxxxxx x13:10001770  PA:10001770
15600613ns          260234 1c008a4e 0046278b p.lw             x15, 4(x12!)        x15=xxxxxxxx x12=1000165c x12:10001658  PA:10001658
15600653ns          260236 1c008a52 c817f7c3 fmadd.s          f15, f15, f1, f25   f15=xxxxxxxx f15:415c3dc4  f1:c0d6814a f25:432a2e06
15600673ns          260237 1c008a56 00f6a22b p.sw             x15, 4(x13!)        x13=10001774 x15:429bd12f x13:10001770  PA:10001770
15600693ns          260238 1c008a4a 0006ac83 lw               x25, 0(x13)         x25=4353e346 x13:10001774  PA:10001774
15600733ns          260240 1c008a4e 0046278b p.lw             x15, 4(x12!)        x15=41683480 x12=10001660 x12:1000165c  PA:1000165c
15600773ns          260242 1c008a52 c817f7c3 fmadd.s          f15, f15, f1, f25   f15=xxxxxxxx f15:41683480  f1:c0d6814a f25:4353e346
15600792ns          260243 1c008a56 00f6a22b p.sw             x15, 4(x13!)        x13=10001778 x15:42e53563 x13:10001774  PA:10001774
15600812ns          260244 1c008a5a 00aa0a13 addi             x20, x20, 10        x20=00000013 x20:00000009
15600832ns          260245 1c008a5c 028a8a93 addi             x21, x21, 40        x21=1000167c x21:10001654
15600852ns          260246 1c008a60 fd4bd3e3 bge              x23, x20, -58       x23:00000045 x20:00000013
15600932ns          260250 1c008a26 000aa083 lw               x1, 0(x21)           x1=40b79c8f x21:1000167c  PA:1000167c
15600952ns          260251 1c008a2a 014c07b3 add              x15, x24, x20       x15=00000014 x24:00000001 x20:00000013
15600972ns          260252 1c008a2e 201090d3 fsgnjn.s         f1, f1, f1           f1=xxxxxxxx  f1:40b79c8f  f1:40b79c8f
15600991ns          260253 1c008a32 0347c463 blt              x15, x20, 40        x15:00000014 x20:00000013
15601011ns          260254 1c008a36 ff8b0713 addi             x14, x22, -8        x14=00000004 x22:0000000c
15601031ns          260255 1c008a3a 00275713 srli             x14, x14, 0x2       x14=00000001 x14:00000004
15601051ns          260256 1c008a3c 00488693 addi             x13, x17, 4         x13=10001770 x17:1000176c
15601071ns          260257 1c008a40 004a8613 addi             x12, x21, 4         x12=10001680 x21:1000167c
15601091ns          260258 1c008a44 00170713 addi             x14, x14, 1         x14=00000002 x14:00000001
15601111ns          260259 1c008a46 008740fb lp.setup         0x1, x14, 0x8       x14:00000002
15601131ns          260260 1c008a4a 0006ac83 lw               x25, 0(x13)         x25=429bd12f x13:10001770  PA:10001770
15601151ns          260261 1c008a4e 0046278b p.lw             x15, 4(x12!)        x15=409f1650 x12=10001684 x12:10001680  PA:10001680
15601190ns          260263 1c008a52 c817f7c3 fmadd.s          f15, f15, f1, f25   f15=xxxxxxxx f15:409f1650  f1:c0b79c8f f25:429bd12f
15601210ns          260264 1c008a56 00f6a22b p.sw             x15, 4(x13!)        x13=10001774 x15:42458820 x13:10001770  PA:10001770
15601250ns          260266 1c008a4a 0006ac83 lw               x25, 0(x13)         x25=42e53563 x13:10001774  PA:10001774
15601270ns          260267 1c008a4e 0046278b p.lw             x15, 4(x12!)        x15=4101a909 x12=10001688 x12:10001684  PA:10001684
15601310ns          260269 1c008a52 c817f7c3 fmadd.s          f15, f15, f1, f25   f15=xxxxxxxx f15:4101a909  f1:c0b79c8f f25:42e53563
15601330ns          260270 1c008a56 00f6a22b p.sw             x15, 4(x13!)        x13=10001778 x15:42883642 x13:10001774  PA:10001774
15601349ns          260271 1c008a5a 00aa0a13 addi             x20, x20, 10        x20=0000001d x20:00000013
15601369ns          260272 1c008a5c 028a8a93 addi             x21, x21, 40        x21=100016a4 x21:1000167c
15601389ns          260273 1c008a60 fd4bd3e3 bge              x23, x20, -58       x23:00000045 x20:0000001d
15601469ns          260277 1c008a26 000aa083 lw               x1, 0(x21)           x1=3f51ba01 x21:100016a4  PA:100016a4
15601489ns          260278 1c008a2a 014c07b3 add              x15, x24, x20       x15=0000001e x24:00000001 x20:0000001d
15601509ns          260279 1c008a2e 201090d3 fsgnjn.s         f1, f1, f1           f1=xxxxxxxx  f1:3f51ba01  f1:3f51ba01
15601528ns          260280 1c008a32 0347c463 blt              x15, x20, 40        x15:0000001e x20:0000001d
15601548ns          260281 1c008a36 ff8b0713 addi             x14, x22, -8        x14=00000004 x22:0000000c
15601568ns          260282 1c008a3a 00275713 srli             x14, x14, 0x2       x14=00000001 x14:00000004
15601588ns          260283 1c008a3c 00488693 addi             x13, x17, 4         x13=10001770 x17:1000176c
15601608ns          260284 1c008a40 004a8613 addi             x12, x21, 4         x12=100016a8 x21:100016a4
15601628ns          260285 1c008a44 00170713 addi             x14, x14, 1         x14=00000002 x14:00000001
15601648ns          260286 1c008a46 008740fb lp.setup         0x1, x14, 0x8       x14:00000002
15601668ns          260287 1c008a4a 0006ac83 lw               x25, 0(x13)         x25=42458820 x13:10001770  PA:10001770
15601688ns          260288 1c008a4e 0046278b p.lw             x15, 4(x12!)        x15=404e4076 x12=100016ac x12:100016a8  PA:100016a8
15601727ns          260290 1c008a52 c817f7c3 fmadd.s          f15, f15, f1, f25   f15=xxxxxxxx f15:404e4076  f1:bf51ba01 f25:42458820
15601747ns          260291 1c008a56 00f6a22b p.sw             x15, 4(x13!)        x13=10001774 x15:423af898 x13:10001770  PA:10001770
15601787ns          260293 1c008a4a 0006ac83 lw               x25, 0(x13)         x25=42883642 x13:10001774  PA:10001774
15601807ns          260294 1c008a4e 0046278b p.lw             x15, 4(x12!)        x15=4106095b x12=100016b0 x12:100016ac  PA:100016ac
15601847ns          260296 1c008a52 c817f7c3 fmadd.s          f15, f15, f1, f25   f15=xxxxxxxx f15:4106095b  f1:bf51ba01 f25:42883642
15601867ns          260297 1c008a56 00f6a22b p.sw             x15, 4(x13!)        x13=10001778 x15:4274f8c2 x13:10001774  PA:10001774
15601886ns          260298 1c008a5a 00aa0a13 addi             x20, x20, 10        x20=00000027 x20:0000001d
15601906ns          260299 1c008a5c 028a8a93 addi             x21, x21, 40        x21=100016cc x21:100016a4
15601926ns          260300 1c008a60 fd4bd3e3 bge              x23, x20, -58       x23:00000045 x20:00000027
15602006ns          260304 1c008a26 000aa083 lw               x1, 0(x21)           x1=40cf0ba7 x21:100016cc  PA:100016cc
15602026ns          260305 1c008a2a 014c07b3 add              x15, x24, x20       x15=00000028 x24:00000001 x20:00000027
15602046ns          260306 1c008a2e 201090d3 fsgnjn.s         f1, f1, f1           f1=xxxxxxxx  f1:40cf0ba7  f1:40cf0ba7
15602066ns          260307 1c008a32 0347c463 blt              x15, x20, 40        x15:00000028 x20:00000027
15602085ns          260308 1c008a36 ff8b0713 addi             x14, x22, -8        x14=00000004 x22:0000000c
15602105ns          260309 1c008a3a 00275713 srli             x14, x14, 0x2       x14=00000001 x14:00000004
15602125ns          260310 1c008a3c 00488693 addi             x13, x17, 4         x13=10001770 x17:1000176c
15602145ns          260311 1c008a40 004a8613 addi             x12, x21, 4         x12=100016d0 x21:100016cc
15602165ns          260312 1c008a44 00170713 addi             x14, x14, 1         x14=00000002 x14:00000001
15602185ns          260313 1c008a46 008740fb lp.setup         0x1, x14, 0x8       x14:00000002
15602205ns          260314 1c008a4a 0006ac83 lw               x25, 0(x13)         x25=423af898 x13:10001770  PA:10001770
15602225ns          260315 1c008a4e 0046278b p.lw             x15, 4(x12!)        x15=40d2a008 x12=100016d4 x12:100016d0  PA:100016d0
15602264ns          260317 1c008a52 c817f7c3 fmadd.s          f15, f15, f1, f25   f15=xxxxxxxx f15:40d2a008  f1:c0cf0ba7 f25:423af898
15602284ns          260318 1c008a56 00f6a22b p.sw             x15, 4(x13!)        x13=10001774 x15:4084fcda x13:10001770  PA:10001770
15602324ns          260320 1c008a4a 0006ac83 lw               x25, 0(x13)         x25=4274f8c2 x13:10001774  PA:10001774
15602344ns          260321 1c008a4e 0046278b p.lw             x15, 4(x12!)        x15=40defcf2 x12=100016d8 x12:100016d4  PA:100016d4
15602384ns          260323 1c008a52 c817f7c3 fmadd.s          f15, f15, f1, f25   f15=xxxxxxxx f15:40defcf2  f1:c0cf0ba7 f25:4274f8c2
15602404ns          260324 1c008a56 00f6a22b p.sw             x15, 4(x13!)        x13=10001778 x15:41814028 x13:10001774  PA:10001774
15602424ns          260325 1c008a5a 00aa0a13 addi             x20, x20, 10        x20=00000031 x20:00000027
15602443ns          260326 1c008a5c 028a8a93 addi             x21, x21, 40        x21=100016f4 x21:100016cc
15602463ns          260327 1c008a60 fd4bd3e3 bge              x23, x20, -58       x23:00000045 x20:00000031
15602543ns          260331 1c008a26 000aa083 lw               x1, 0(x21)           x1=402248fc x21:100016f4  PA:100016f4
15602563ns          260332 1c008a2a 014c07b3 add              x15, x24, x20       x15=00000032 x24:00000001 x20:00000031
15602583ns          260333 1c008a2e 201090d3 fsgnjn.s         f1, f1, f1           f1=xxxxxxxx  f1:402248fc  f1:402248fc
15602603ns          260334 1c008a32 0347c463 blt              x15, x20, 40        x15:00000032 x20:00000031
15602622ns          260335 1c008a36 ff8b0713 addi             x14, x22, -8        x14=00000004 x22:0000000c
15602642ns          260336 1c008a3a 00275713 srli             x14, x14, 0x2       x14=00000001 x14:00000004
15602662ns          260337 1c008a3c 00488693 addi             x13, x17, 4         x13=10001770 x17:1000176c
15602682ns          260338 1c008a40 004a8613 addi             x12, x21, 4         x12=100016f8 x21:100016f4
15602702ns          260339 1c008a44 00170713 addi             x14, x14, 1         x14=00000002 x14:00000001
15602722ns          260340 1c008a46 008740fb lp.setup         0x1, x14, 0x8       x14:00000002
15602742ns          260341 1c008a4a 0006ac83 lw               x25, 0(x13)         x25=4084fcda x13:10001770  PA:10001770
15602762ns          260342 1c008a4e 0046278b p.lw             x15, 4(x12!)        x15=40834d5e x12=100016fc x12:100016f8  PA:100016f8
15602801ns          260344 1c008a52 c817f7c3 fmadd.s          f15, f15, f1, f25   f15=xxxxxxxx f15:40834d5e  f1:c02248fc f25:4084fcda
15602821ns          260345 1c008a56 00f6a22b p.sw             x15, 4(x13!)        x13=10001774 x15:c0c7f4b8 x13:10001770  PA:10001770
15602861ns          260347 1c008a4a 0006ac83 lw               x25, 0(x13)         x25=41814028 x13:10001774  PA:10001774
15602881ns          260348 1c008a4e 0046278b p.lw             x15, 4(x12!)        x15=c025f5c5 x12=10001700 x12:100016fc  PA:100016fc
15602921ns          260350 1c008a52 c817f7c3 fmadd.s          f15, f15, f1, f25   f15=xxxxxxxx f15:c025f5c5  f1:c02248fc f25:41814028
15602941ns          260351 1c008a56 00f6a22b p.sw             x15, 4(x13!)        x13=10001778 x15:41b5da94 x13:10001774  PA:10001774
15602961ns          260352 1c008a5a 00aa0a13 addi             x20, x20, 10        x20=0000003b x20:00000031
15602980ns          260353 1c008a5c 028a8a93 addi             x21, x21, 40        x21=1000171c x21:100016f4
15603000ns          260354 1c008a60 fd4bd3e3 bge              x23, x20, -58       x23:00000045 x20:0000003b
15603080ns          260358 1c008a26 000aa083 lw               x1, 0(x21)           x1=c000bd41 x21:1000171c  PA:1000171c
15603100ns          260359 1c008a2a 014c07b3 add              x15, x24, x20       x15=0000003c x24:00000001 x20:0000003b
15603120ns          260360 1c008a2e 201090d3 fsgnjn.s         f1, f1, f1           f1=xxxxxxxx  f1:c000bd41  f1:c000bd41
15603140ns          260361 1c008a32 0347c463 blt              x15, x20, 40        x15:0000003c x20:0000003b
15603159ns          260362 1c008a36 ff8b0713 addi             x14, x22, -8        x14=00000004 x22:0000000c
15603179ns          260363 1c008a3a 00275713 srli             x14, x14, 0x2       x14=00000001 x14:00000004
15603199ns          260364 1c008a3c 00488693 addi             x13, x17, 4         x13=10001770 x17:1000176c
15603219ns          260365 1c008a40 004a8613 addi             x12, x21, 4         x12=10001720 x21:1000171c
15603239ns          260366 1c008a44 00170713 addi             x14, x14, 1         x14=00000002 x14:00000001
15603259ns          260367 1c008a46 008740fb lp.setup         0x1, x14, 0x8       x14:00000002
15603279ns          260368 1c008a4a 0006ac83 lw               x25, 0(x13)         x25=c0c7f4b8 x13:10001770  PA:10001770
15603299ns          260369 1c008a4e 0046278b p.lw             x15, 4(x12!)        x15=404a5cad x12=10001724 x12:10001720  PA:10001720
15603339ns          260371 1c008a52 c817f7c3 fmadd.s          f15, f15, f1, f25   f15=xxxxxxxx f15:404a5cad  f1:4000bd41 f25:c0c7f4b8
15603358ns          260372 1c008a56 00f6a22b p.sw             x15, 4(x13!)        x13=10001774 x15:3de4ca27 x13:10001770  PA:10001770
15603398ns          260374 1c008a4a 0006ac83 lw               x25, 0(x13)         x25=41b5da94 x13:10001774  PA:10001774
15603418ns          260375 1c008a4e 0046278b p.lw             x15, 4(x12!)        x15=beacbdd4 x12=10001728 x12:10001724  PA:10001724
15603458ns          260377 1c008a52 c817f7c3 fmadd.s          f15, f15, f1, f25   f15=xxxxxxxx f15:beacbdd4  f1:4000bd41 f25:41b5da94
15603478ns          260378 1c008a56 00f6a22b p.sw             x15, 4(x13!)        x13=10001778 x15:41b06caa x13:10001774  PA:10001774
15603498ns          260379 1c008a5a 00aa0a13 addi             x20, x20, 10        x20=00000045 x20:0000003b
15603518ns          260380 1c008a5c 028a8a93 addi             x21, x21, 40        x21=10001744 x21:1000171c
15603537ns          260381 1c008a60 fd4bd3e3 bge              x23, x20, -58       x23:00000045 x20:00000045
15603617ns          260385 1c008a26 000aa083 lw               x1, 0(x21)           x1=c0154254 x21:10001744  PA:10001744
15603637ns          260386 1c008a2a 014c07b3 add              x15, x24, x20       x15=00000046 x24:00000001 x20:00000045
15603657ns          260387 1c008a2e 201090d3 fsgnjn.s         f1, f1, f1           f1=xxxxxxxx  f1:c0154254  f1:c0154254
15603677ns          260388 1c008a32 0347c463 blt              x15, x20, 40        x15:00000046 x20:00000045
15603697ns          260389 1c008a36 ff8b0713 addi             x14, x22, -8        x14=00000004 x22:0000000c
15603716ns          260390 1c008a3a 00275713 srli             x14, x14, 0x2       x14=00000001 x14:00000004
15603736ns          260391 1c008a3c 00488693 addi             x13, x17, 4         x13=10001770 x17:1000176c
15603756ns          260392 1c008a40 004a8613 addi             x12, x21, 4         x12=10001748 x21:10001744
15603776ns          260393 1c008a44 00170713 addi             x14, x14, 1         x14=00000002 x14:00000001
15603796ns          260394 1c008a46 008740fb lp.setup         0x1, x14, 0x8       x14:00000002
15603816ns          260395 1c008a4a 0006ac83 lw               x25, 0(x13)         x25=3de4ca27 x13:10001770  PA:10001770
15603836ns          260396 1c008a4e 0046278b p.lw             x15, 4(x12!)        x15=c0897ba8 x12=1000174c x12:10001748  PA:10001748
15603876ns          260398 1c008a52 c817f7c3 fmadd.s          f15, f15, f1, f25   f15=xxxxxxxx f15:c0897ba8  f1:40154254 f25:3de4ca27
15603895ns          260399 1c008a56 00f6a22b p.sw             x15, 4(x13!)        x13=10001774 x15:c11e879b x13:10001770  PA:10001770
15603935ns          260401 1c008a4a 0006ac83 lw               x25, 0(x13)         x25=41b06caa x13:10001774  PA:10001774
15603955ns          260402 1c008a4e 0046278b p.lw             x15, 4(x12!)        x15=c00ae1c5 x12=10001750 x12:1000174c  PA:1000174c
15603995ns          260404 1c008a52 c817f7c3 fmadd.s          f15, f15, f1, f25   f15=xxxxxxxx f15:c00ae1c5  f1:40154254 f25:41b06caa
15604015ns          260405 1c008a56 00f6a22b p.sw             x15, 4(x13!)        x13=10001778 x15:4187eff8 x13:10001774  PA:10001774
15604035ns          260406 1c008a5a 00aa0a13 addi             x20, x20, 10        x20=0000004f x20:00000045
15604055ns          260407 1c008a5c 028a8a93 addi             x21, x21, 40        x21=1000176c x21:10001744
15604074ns          260408 1c008a60 fd4bd3e3 bge              x23, x20, -58       x23:00000045 x20:0000004f
15604094ns          260409 1c008a64 00150513 addi             x10, x10, 1         x10=00000008 x10:00000007
15604114ns          260410 1c008a66 027507b3 mul              x15, x10, x7        x15=00000050 x10:00000008  x7:0000000a
15604134ns          260411 1c008a6a 190ff853 fdiv.s           f16, f31, f16       f16=xxxxxxxx f31:3f800000 f16:40851289
15604154ns          260412 1c008a6e d6f5cbe3 blt              x11, x15, -650      x11:0000004e x15:00000050
15604253ns          260417 1c0087e4 00158693 addi             x13, x11, 1         x13=xxxxxxxx x11:0000004e
15604293ns          260419 1c0087e8 00488713 addi             x14, x17, 4         x14=xxxxxxxx x17:1000176c
15604313ns          260420 1c0087ec 40b785b3 sub              x11, x15, x11       x11=xxxxxxxx x15:00000050 x11:0000004e
15604333ns          260421 1c0087f0 3ad7c463 blt              x15, x13, 936       x15:00000050 x13:0000004f
15604353ns          260422 1c0087f4 800006b7 lui              x13, 0x80000000     x13=xxxxxxxx
15604373ns          260423 1c0087f8 3ad78063 beq              x15, x13, 928       x15:00000050 x13:80000000
15604393ns          260424 1c0087fc 0055c0fb lp.setup         0x1, x11, 0x5       x11:00000002  PA:10001770
15604413ns          260425 1c008800 00072783 lw               x15, 0(x14)         x15=xxxxxxxx x14:10001770
15604452ns          260427 1c008802 1107f7d3 fmul.s           f15, f15, f16       f15=xxxxxxxx f15:c11e879b f16:3e763dec
15604472ns          260428 1c008806 00f7222b p.sw             x15, 4(x14!)        x14=10001774 x15:c0187ca7 x14:10001770  PA:10001770
15604492ns          260429 1c008800 00072783 lw               x15, 0(x14)         x15=xxxxxxxx x14:10001774  PA:10001774
15604532ns          260431 1c008802 1107f7d3 fmul.s           f15, f15, f16       f15=xxxxxxxx f15:4187eff8 f16:3e763dec
15604552ns          260432 1c008806 00f7222b p.sw             x15, 4(x14!)        x14=10001778 x15:4082c17a x14:10001774  PA:10001774
15604572ns          260433 1c00880a 00be0e13 addi             x28, x28, 11        x28=00000058 x28:0000004d
15604592ns          260434 1c00880c 02c88893 addi             x17, x17, 44        x17=10001798 x17:1000176c
15604612ns          260435 1c008810 00430313 addi             x6, x6, 4            x6=10001658  x6:10001654
15604631ns          260436 1c008812 c6a53be3 p.bneimm         x10, -906           x10:00000008
15604751ns          260442 1c008488 32050f63 beq              x10, x0, 830        x10:00000008
15604771ns          260443 1c00848c 00032783 lw               x15, 0(x6)          x15=xxxxxxxx  x6:10001658  PA:10001658
15604810ns          260445 1c008490 e8f7f7c3 fmadd.s          f15, f15, f15, f29  f15=xxxxxxxx f15:415c3dc4 f15:415c3dc4 f29:00000000
15604830ns          260446 1c008494 2e152c63 p.beqimm         x10, 760            x10:00000008
15604850ns          260447 1c008498 02832703 lw               x14, 40(x6)         x14=409f1650  x6:10001658  PA:10001680
15604890ns          260449 1c00849c 78e777c3 fmadd.s          f15, f14, f14, f15  f15=xxxxxxxx f14:409f1650 f14:409f1650 f15:433d7a38
15604910ns          260450 1c0084a0 2e252663 p.beqimm         x10, 748            x10:00000008
15604930ns          260451 1c0084a4 05032703 lw               x14, 80(x6)         x14=404e4076  x6:10001658  PA:100016a8
15604970ns          260453 1c0084a8 78e777c3 fmadd.s          f15, f14, f14, f15  f15=xxxxxxxx f14:404e4076 f14:404e4076 f15:43563166
15604989ns          260454 1c0084ac 2e352063 p.beqimm         x10, 736            x10:00000008
15605009ns          260455 1c0084b0 07832703 lw               x14, 120(x6)        x14=40d2a008  x6:10001658  PA:100016d0
15605049ns          260457 1c0084b4 78e777c3 fmadd.s          f15, f14, f14, f15  f15=xxxxxxxx f14:40d2a008 f14:40d2a008 f15:43609423
15605069ns          260458 1c0084b8 2c452a63 p.beqimm         x10, 724            x10:00000008
15605089ns          260459 1c0084bc 0a032703 lw               x14, 160(x6)        x14=40834d5e  x6:10001658  PA:100016f8
15605129ns          260461 1c0084c0 78e777c3 fmadd.s          f15, f14, f14, f15  f15=xxxxxxxx f14:40834d5e f14:40834d5e f15:4385f370
15605149ns          260462 1c0084c4 2c552463 p.beqimm         x10, 712            x10:00000008
15605168ns          260463 1c0084c8 0c832703 lw               x14, 200(x6)        x14=404a5cad  x6:10001658  PA:10001720
15605208ns          260465 1c0084cc 78e777c3 fmadd.s          f15, f14, f14, f15  f15=xxxxxxxx f14:404a5cad f14:404a5cad f15:438e5e79
15605228ns          260466 1c0084d0 2a652e63 p.beqimm         x10, 700            x10:00000008
15605248ns          260467 1c0084d4 0f032703 lw               x14, 240(x6)        x14=c0897ba8  x6:10001658  PA:10001748
15605288ns          260469 1c0084d8 78e777c3 fmadd.s          f15, f14, f14, f15  f15=xxxxxxxx f14:c0897ba8 f14:c0897ba8 f15:43935e2c
15605308ns          260470 1c0084dc 2a752863 p.beqimm         x10, 688            x10:00000008
15605328ns          260471 1c0084e0 11832703 lw               x14, 280(x6)        x14=c0187ca7  x6:10001658  PA:10001770
15605367ns          260473 1c0084e4 78e777c3 fmadd.s          f15, f14, f14, f15  f15=xxxxxxxx f14:c0187ca7 f14:c0187ca7 f15:439c98df
15605387ns          260474 1c0084e8 2a953263 p.bneimm         x10, 676            x10:00000008
15605487ns          260479 1c00878c 0008a803 lw               x16, 0(x17)         x16=43a1285a x17:10001798  PA:10001798
15605526ns          260481 1c008790 08f877d3 fsub.s           f15, f16, f15       f15=xxxxxxxx f16:43a1285a f15:439f6f81
15605546ns          260482 1c008794 a0fe9753 flt.s            x14, f29, f15       x14=00000001 f29:00000000 f15:405c6c80
15605566ns          260483 1c008798 24071f63 bne              x14, x0, 606        x14:00000001
15605646ns          260487 1c0089f6 025505b3 mul              x11, x10, x5        x11=00000058 x10:00000008  x5:0000000b
15605666ns          260488 1c0089fa 5807f853 fsqrt.s          f16, f15            f16=xxxxxxxx f15:405c6c80
15605686ns          260489 1c0089fe ff858b93 addi             x23, x11, -8        x23=xxxxxxxx x11:00000058
15605944ns          260502 1c008a02 0108a023 sw               x16, 0(x17)         x16:3fed8bfe x17:10001798  PA:10001798
15605964ns          260503 1c008a06 00250a13 addi             x20, x10, 2         x20=0000000a x10:00000008
15605984ns          260504 1c008a0a 00158593 addi             x11, x11, 1         x11=00000059 x11:00000058
15606004ns          260505 1c008a0c 054bcc63 blt              x23, x20, 88        x23:00000050 x20:0000000a
15606024ns          260506 1c008a10 00251a93 slli             x21, x10, 0x2       x21=00000020 x10:00000008
15606044ns          260507 1c008a14 03350b33 mul              x22, x10, x19       x22=ffffffe0 x10:00000008 x19:fffffffc
15606064ns          260508 1c008a18 00010793 addi             x15, x2, 0          x15=10001638  x2:10001638
15606083ns          260509 1c008a1c 00fa8ab3 add              x21, x21, x15       x21=10001658 x21:00000020 x15:10001638
15606103ns          260510 1c008a1e 40a90c33 sub              x24, x18, x10       x24=00000000 x18:00000008 x10:00000008
15606123ns          260511 1c008a22 028b0b13 addi             x22, x22, 40        x22=00000008 x22:ffffffe0
15606143ns          260512 1c008a26 000aa083 lw               x1, 0(x21)           x1=xxxxxxxx x21:10001658  PA:10001658
15606163ns          260513 1c008a2a 014c07b3 add              x15, x24, x20       x15=0000000a x24:00000000 x20:0000000a
15606183ns          260514 1c008a2e 201090d3 fsgnjn.s         f1, f1, f1           f1=xxxxxxxx  f1:415c3dc4  f1:415c3dc4
15606203ns          260515 1c008a32 0347c463 blt              x15, x20, 40        x15:0000000a x20:0000000a
15606223ns          260516 1c008a36 ff8b0713 addi             x14, x22, -8        x14=00000000 x22:00000008
15606243ns          260517 1c008a3a 00275713 srli             x14, x14, 0x2       x14=00000000 x14:00000000
15606262ns          260518 1c008a3c 00488693 addi             x13, x17, 4         x13=1000179c x17:10001798
15606282ns          260519 1c008a40 004a8613 addi             x12, x21, 4         x12=1000165c x21:10001658
15606302ns          260520 1c008a44 00170713 addi             x14, x14, 1         x14=00000001 x14:00000000
15606322ns          260521 1c008a46 008740fb lp.setup         0x1, x14, 0x8       x14:00000001
15606342ns          260522 1c008a4a 0006ac83 lw               x25, 0(x13)         x25=xxxxxxxx x13:1000179c  PA:1000179c
15606362ns          260523 1c008a4e 0046278b p.lw             x15, 4(x12!)        x15=xxxxxxxx x12=10001660 x12:1000165c  PA:1000165c
15606402ns          260525 1c008a52 c817f7c3 fmadd.s          f15, f15, f1, f25   f15=xxxxxxxx f15:41683480  f1:c15c3dc4 f25:4394e19a
15606422ns          260526 1c008a56 00f6a22b p.sw             x15, 4(x13!)        x13=100017a0 x15:42c3fc1f x13:1000179c  PA:1000179c
15606441ns          260527 1c008a5a 00aa0a13 addi             x20, x20, 10        x20=00000014 x20:0000000a
15606461ns          260528 1c008a5c 028a8a93 addi             x21, x21, 40        x21=10001680 x21:10001658
15606481ns          260529 1c008a60 fd4bd3e3 bge              x23, x20, -58       x23:00000050 x20:00000014
15606561ns          260533 1c008a26 000aa083 lw               x1, 0(x21)           x1=409f1650 x21:10001680  PA:10001680
15606581ns          260534 1c008a2a 014c07b3 add              x15, x24, x20       x15=00000014 x24:00000000 x20:00000014
15606601ns          260535 1c008a2e 201090d3 fsgnjn.s         f1, f1, f1           f1=xxxxxxxx  f1:409f1650  f1:409f1650
15606620ns          260536 1c008a32 0347c463 blt              x15, x20, 40        x15:00000014 x20:00000014
15606640ns          260537 1c008a36 ff8b0713 addi             x14, x22, -8        x14=00000000 x22:00000008
15606660ns          260538 1c008a3a 00275713 srli             x14, x14, 0x2       x14=00000000 x14:00000000
15606680ns          260539 1c008a3c 00488693 addi             x13, x17, 4         x13=1000179c x17:10001798
15606700ns          260540 1c008a40 004a8613 addi             x12, x21, 4         x12=10001684 x21:10001680
15606720ns          260541 1c008a44 00170713 addi             x14, x14, 1         x14=00000001 x14:00000000
15606740ns          260542 1c008a46 008740fb lp.setup         0x1, x14, 0x8       x14:00000001
15606760ns          260543 1c008a4a 0006ac83 lw               x25, 0(x13)         x25=42c3fc1f x13:1000179c  PA:1000179c
15606780ns          260544 1c008a4e 0046278b p.lw             x15, 4(x12!)        x15=4101a909 x12=10001688 x12:10001684  PA:10001684
15606819ns          260546 1c008a52 c817f7c3 fmadd.s          f15, f15, f1, f25   f15=xxxxxxxx f15:4101a909  f1:c09f1650 f25:42c3fc1f
15606839ns          260547 1c008a56 00f6a22b p.sw             x15, 4(x13!)        x13=100017a0 x15:4266d1ab x13:1000179c  PA:1000179c
15606859ns          260548 1c008a5a 00aa0a13 addi             x20, x20, 10        x20=0000001e x20:00000014
15606879ns          260549 1c008a5c 028a8a93 addi             x21, x21, 40        x21=100016a8 x21:10001680
15606899ns          260550 1c008a60 fd4bd3e3 bge              x23, x20, -58       x23:00000050 x20:0000001e
15606979ns          260554 1c008a26 000aa083 lw               x1, 0(x21)           x1=404e4076 x21:100016a8  PA:100016a8
15606998ns          260555 1c008a2a 014c07b3 add              x15, x24, x20       x15=0000001e x24:00000000 x20:0000001e
15607018ns          260556 1c008a2e 201090d3 fsgnjn.s         f1, f1, f1           f1=xxxxxxxx  f1:404e4076  f1:404e4076
15607038ns          260557 1c008a32 0347c463 blt              x15, x20, 40        x15:0000001e x20:0000001e
15607058ns          260558 1c008a36 ff8b0713 addi             x14, x22, -8        x14=00000000 x22:00000008
15607078ns          260559 1c008a3a 00275713 srli             x14, x14, 0x2       x14=00000000 x14:00000000
15607098ns          260560 1c008a3c 00488693 addi             x13, x17, 4         x13=1000179c x17:10001798
15607118ns          260561 1c008a40 004a8613 addi             x12, x21, 4         x12=100016ac x21:100016a8
15607138ns          260562 1c008a44 00170713 addi             x14, x14, 1         x14=00000001 x14:00000000
15607158ns          260563 1c008a46 008740fb lp.setup         0x1, x14, 0x8       x14:00000001
15607177ns          260564 1c008a4a 0006ac83 lw               x25, 0(x13)         x25=4266d1ab x13:1000179c  PA:1000179c
15607197ns          260565 1c008a4e 0046278b p.lw             x15, 4(x12!)        x15=4106095b x12=100016b0 x12:100016ac  PA:100016ac
15607237ns          260567 1c008a52 c817f7c3 fmadd.s          f15, f15, f1, f25   f15=xxxxxxxx f15:4106095b  f1:c04e4076 f25:4266d1ab
15607257ns          260568 1c008a56 00f6a22b p.sw             x15, 4(x13!)        x13=100017a0 x15:41f5a8c7 x13:1000179c  PA:1000179c
15607277ns          260569 1c008a5a 00aa0a13 addi             x20, x20, 10        x20=00000028 x20:0000001e
15607297ns          260570 1c008a5c 028a8a93 addi             x21, x21, 40        x21=100016d0 x21:100016a8
15607317ns          260571 1c008a60 fd4bd3e3 bge              x23, x20, -58       x23:00000050 x20:00000028
15607396ns          260575 1c008a26 000aa083 lw               x1, 0(x21)           x1=40d2a008 x21:100016d0  PA:100016d0
15607416ns          260576 1c008a2a 014c07b3 add              x15, x24, x20       x15=00000028 x24:00000000 x20:00000028
15607436ns          260577 1c008a2e 201090d3 fsgnjn.s         f1, f1, f1           f1=xxxxxxxx  f1:40d2a008  f1:40d2a008
15607456ns          260578 1c008a32 0347c463 blt              x15, x20, 40        x15:00000028 x20:00000028
15607476ns          260579 1c008a36 ff8b0713 addi             x14, x22, -8        x14=00000000 x22:00000008
15607496ns          260580 1c008a3a 00275713 srli             x14, x14, 0x2       x14=00000000 x14:00000000
15607516ns          260581 1c008a3c 00488693 addi             x13, x17, 4         x13=1000179c x17:10001798
15607535ns          260582 1c008a40 004a8613 addi             x12, x21, 4         x12=100016d4 x21:100016d0
15607555ns          260583 1c008a44 00170713 addi             x14, x14, 1         x14=00000001 x14:00000000
15607575ns          260584 1c008a46 008740fb lp.setup         0x1, x14, 0x8       x14:00000001
15607595ns          260585 1c008a4a 0006ac83 lw               x25, 0(x13)         x25=41f5a8c7 x13:1000179c  PA:1000179c
15607615ns          260586 1c008a4e 0046278b p.lw             x15, 4(x12!)        x15=40defcf2 x12=100016d8 x12:100016d4  PA:100016d4
15607655ns          260588 1c008a52 c817f7c3 fmadd.s          f15, f15, f1, f25   f15=xxxxxxxx f15:40defcf2  f1:c0d2a008 f25:41f5a8c7
15607675ns          260589 1c008a56 00f6a22b p.sw             x15, 4(x13!)        x13=100017a0 x15:c1728a00 x13:1000179c  PA:1000179c
15607695ns          260590 1c008a5a 00aa0a13 addi             x20, x20, 10        x20=00000032 x20:00000028
15607714ns          260591 1c008a5c 028a8a93 addi             x21, x21, 40        x21=100016f8 x21:100016d0
15607734ns          260592 1c008a60 fd4bd3e3 bge              x23, x20, -58       x23:00000050 x20:00000032
15607814ns          260596 1c008a26 000aa083 lw               x1, 0(x21)           x1=40834d5e x21:100016f8  PA:100016f8
15607834ns          260597 1c008a2a 014c07b3 add              x15, x24, x20       x15=00000032 x24:00000000 x20:00000032
15607854ns          260598 1c008a2e 201090d3 fsgnjn.s         f1, f1, f1           f1=xxxxxxxx  f1:40834d5e  f1:40834d5e
15607874ns          260599 1c008a32 0347c463 blt              x15, x20, 40        x15:00000032 x20:00000032
15607893ns          260600 1c008a36 ff8b0713 addi             x14, x22, -8        x14=00000000 x22:00000008
15607913ns          260601 1c008a3a 00275713 srli             x14, x14, 0x2       x14=00000000 x14:00000000
15607933ns          260602 1c008a3c 00488693 addi             x13, x17, 4         x13=1000179c x17:10001798
15607953ns          260603 1c008a40 004a8613 addi             x12, x21, 4         x12=100016fc x21:100016f8
15607973ns          260604 1c008a44 00170713 addi             x14, x14, 1         x14=00000001 x14:00000000
15607993ns          260605 1c008a46 008740fb lp.setup         0x1, x14, 0x8       x14:00000001
15608013ns          260606 1c008a4a 0006ac83 lw               x25, 0(x13)         x25=c1728a00 x13:1000179c  PA:1000179c
15608033ns          260607 1c008a4e 0046278b p.lw             x15, 4(x12!)        x15=c025f5c5 x12=10001700 x12:100016fc  PA:100016fc
15608073ns          260609 1c008a52 c817f7c3 fmadd.s          f15, f15, f1, f25   f15=xxxxxxxx f15:c025f5c5  f1:c0834d5e f25:c1728a00
15608092ns          260610 1c008a56 00f6a22b p.sw             x15, 4(x13!)        x13=100017a0 x15:c0909851 x13:1000179c  PA:1000179c
15608112ns          260611 1c008a5a 00aa0a13 addi             x20, x20, 10        x20=0000003c x20:00000032
15608132ns          260612 1c008a5c 028a8a93 addi             x21, x21, 40        x21=10001720 x21:100016f8
15608152ns          260613 1c008a60 fd4bd3e3 bge              x23, x20, -58       x23:00000050 x20:0000003c
15608232ns          260617 1c008a26 000aa083 lw               x1, 0(x21)           x1=404a5cad x21:10001720  PA:10001720
15608252ns          260618 1c008a2a 014c07b3 add              x15, x24, x20       x15=0000003c x24:00000000 x20:0000003c
15608271ns          260619 1c008a2e 201090d3 fsgnjn.s         f1, f1, f1           f1=xxxxxxxx  f1:404a5cad  f1:404a5cad
15608291ns          260620 1c008a32 0347c463 blt              x15, x20, 40        x15:0000003c x20:0000003c
15608311ns          260621 1c008a36 ff8b0713 addi             x14, x22, -8        x14=00000000 x22:00000008
15608331ns          260622 1c008a3a 00275713 srli             x14, x14, 0x2       x14=00000000 x14:00000000
15608351ns          260623 1c008a3c 00488693 addi             x13, x17, 4         x13=1000179c x17:10001798
15608371ns          260624 1c008a40 004a8613 addi             x12, x21, 4         x12=10001724 x21:10001720
15608391ns          260625 1c008a44 00170713 addi             x14, x14, 1         x14=00000001 x14:00000000
15608411ns          260626 1c008a46 008740fb lp.setup         0x1, x14, 0x8       x14:00000001
15608431ns          260627 1c008a4a 0006ac83 lw               x25, 0(x13)         x25=c0909851 x13:1000179c  PA:1000179c
15608450ns          260628 1c008a4e 0046278b p.lw             x15, 4(x12!)        x15=beacbdd4 x12=10001728 x12:10001724  PA:10001724
15608490ns          260630 1c008a52 c817f7c3 fmadd.s          f15, f15, f1, f25   f15=xxxxxxxx f15:beacbdd4  f1:c04a5cad f25:c0909851
15608510ns          260631 1c008a56 00f6a22b p.sw             x15, 4(x13!)        x13=100017a0 x15:c05cea79 x13:1000179c  PA:1000179c
15608530ns          260632 1c008a5a 00aa0a13 addi             x20, x20, 10        x20=00000046 x20:0000003c
15608550ns          260633 1c008a5c 028a8a93 addi             x21, x21, 40        x21=10001748 x21:10001720
15608570ns          260634 1c008a60 fd4bd3e3 bge              x23, x20, -58       x23:00000050 x20:00000046
15608649ns          260638 1c008a26 000aa083 lw               x1, 0(x21)           x1=c0897ba8 x21:10001748  PA:10001748
15608669ns          260639 1c008a2a 014c07b3 add              x15, x24, x20       x15=00000046 x24:00000000 x20:00000046
15608689ns          260640 1c008a2e 201090d3 fsgnjn.s         f1, f1, f1           f1=xxxxxxxx  f1:c0897ba8  f1:c0897ba8
15608709ns          260641 1c008a32 0347c463 blt              x15, x20, 40        x15:00000046 x20:00000046
15608729ns          260642 1c008a36 ff8b0713 addi             x14, x22, -8        x14=00000000 x22:00000008
15608749ns          260643 1c008a3a 00275713 srli             x14, x14, 0x2       x14=00000000 x14:00000000
15608769ns          260644 1c008a3c 00488693 addi             x13, x17, 4         x13=1000179c x17:10001798
15608789ns          260645 1c008a40 004a8613 addi             x12, x21, 4         x12=1000174c x21:10001748
15608808ns          260646 1c008a44 00170713 addi             x14, x14, 1         x14=00000001 x14:00000000
15608828ns          260647 1c008a46 008740fb lp.setup         0x1, x14, 0x8       x14:00000001
15608848ns          260648 1c008a4a 0006ac83 lw               x25, 0(x13)         x25=c05cea79 x13:1000179c  PA:1000179c
15608868ns          260649 1c008a4e 0046278b p.lw             x15, 4(x12!)        x15=c00ae1c5 x12=10001750 x12:1000174c  PA:1000174c
15608908ns          260651 1c008a52 c817f7c3 fmadd.s          f15, f15, f1, f25   f15=xxxxxxxx f15:c00ae1c5  f1:40897ba8 f25:c05cea79
15608928ns          260652 1c008a56 00f6a22b p.sw             x15, 4(x13!)        x13=100017a0 x15:c14c666e x13:1000179c  PA:1000179c
15608948ns          260653 1c008a5a 00aa0a13 addi             x20, x20, 10        x20=00000050 x20:00000046
15608968ns          260654 1c008a5c 028a8a93 addi             x21, x21, 40        x21=10001770 x21:10001748
15608987ns          260655 1c008a60 fd4bd3e3 bge              x23, x20, -58       x23:00000050 x20:00000050
15609067ns          260659 1c008a26 000aa083 lw               x1, 0(x21)           x1=c0187ca7 x21:10001770  PA:10001770
15609087ns          260660 1c008a2a 014c07b3 add              x15, x24, x20       x15=00000050 x24:00000000 x20:00000050
15609107ns          260661 1c008a2e 201090d3 fsgnjn.s         f1, f1, f1           f1=xxxxxxxx  f1:c0187ca7  f1:c0187ca7
15609127ns          260662 1c008a32 0347c463 blt              x15, x20, 40        x15:00000050 x20:00000050
15609147ns          260663 1c008a36 ff8b0713 addi             x14, x22, -8        x14=00000000 x22:00000008
15609166ns          260664 1c008a3a 00275713 srli             x14, x14, 0x2       x14=00000000 x14:00000000
15609186ns          260665 1c008a3c 00488693 addi             x13, x17, 4         x13=1000179c x17:10001798
15609206ns          260666 1c008a40 004a8613 addi             x12, x21, 4         x12=10001774 x21:10001770
15609226ns          260667 1c008a44 00170713 addi             x14, x14, 1         x14=00000001 x14:00000000
15609246ns          260668 1c008a46 008740fb lp.setup         0x1, x14, 0x8       x14:00000001
15609266ns          260669 1c008a4a 0006ac83 lw               x25, 0(x13)         x25=c14c666e x13:1000179c  PA:1000179c
15609286ns          260670 1c008a4e 0046278b p.lw             x15, 4(x12!)        x15=4082c17a x12=10001778 x12:10001774  PA:10001774
15609326ns          260672 1c008a52 c817f7c3 fmadd.s          f15, f15, f1, f25   f15=xxxxxxxx f15:4082c17a  f1:40187ca7 f25:c14c666e
15609346ns          260673 1c008a56 00f6a22b p.sw             x15, 4(x13!)        x13=100017a0 x15:c042855c x13:1000179c  PA:1000179c
15609365ns          260674 1c008a5a 00aa0a13 addi             x20, x20, 10        x20=0000005a x20:00000050
15609385ns          260675 1c008a5c 028a8a93 addi             x21, x21, 40        x21=10001798 x21:10001770
15609405ns          260676 1c008a60 fd4bd3e3 bge              x23, x20, -58       x23:00000050 x20:0000005a
15609425ns          260677 1c008a64 00150513 addi             x10, x10, 1         x10=00000009 x10:00000008
15609445ns          260678 1c008a66 027507b3 mul              x15, x10, x7        x15=c042855c x10:00000009  x7:0000000a
15609465ns          260679 1c008a6a 190ff853 fdiv.s           f16, f31, f16       f16=xxxxxxxx f31:3f800000 f16:3fed8bfe
15609485ns          260680 1c008a6e d6f5cbe3 blt              x11, x15, -650      x11:00000059 x15:0000005a
15609544ns          260683 1c0087e4 00158693 addi             x13, x11, 1         x13=xxxxxxxx x11:00000059
15609564ns          260684 1c0087e8 00488713 addi             x14, x17, 4         x14=xxxxxxxx x17:10001798
15609584ns          260685 1c0087ec 40b785b3 sub              x11, x15, x11       x11=xxxxxxxx x15:0000005a x11:00000059
15609604ns          260686 1c0087f0 3ad7c463 blt              x15, x13, 936       x15:0000005a x13:0000005a
15609624ns          260687 1c0087f4 800006b7 lui              x13, 0x80000000     x13=xxxxxxxx
15609644ns          260688 1c0087f8 3ad78063 beq              x15, x13, 928       x15:0000005a x13:80000000
15609664ns          260689 1c0087fc 0055c0fb lp.setup         0x1, x11, 0x5       x11:00000001  PA:1000179c
15609684ns          260690 1c008800 00072783 lw               x15, 0(x14)         x15=xxxxxxxx x14:1000179c
15609743ns          260693 1c008802 1107f7d3 fmul.s           f15, f15, f16       f15=xxxxxxxx f15:c042855c f16:3f09f17d
15609763ns          260694 1c008806 00f7222b p.sw             x15, 4(x14!)        x14=100017a0 x15:bfd1a1ba x14:1000179c  PA:1000179c
15609783ns          260695 1c00880a 00be0e13 addi             x28, x28, 11        x28=00000063 x28:00000058
15609803ns          260696 1c00880c 02c88893 addi             x17, x17, 44        x17=100017c4 x17:10001798
15609823ns          260697 1c008810 00430313 addi             x6, x6, 4            x6=1000165c  x6:10001658
15609843ns          260698 1c008812 c6a53be3 p.bneimm         x10, -906           x10:00000009
15609902ns          260701 1c008488 32050f63 beq              x10, x0, 830        x10:00000009
15609922ns          260702 1c00848c 00032783 lw               x15, 0(x6)          x15=xxxxxxxx  x6:1000165c  PA:1000165c
15609962ns          260704 1c008490 e8f7f7c3 fmadd.s          f15, f15, f15, f29  f15=xxxxxxxx f15:41683480 f15:41683480 f29:00000000
15609982ns          260705 1c008494 2e152c63 p.beqimm         x10, 760            x10:00000009
15610002ns          260706 1c008498 02832703 lw               x14, 40(x6)         x14=xxxxxxxx  x6:1000165c  PA:10001684
15610042ns          260708 1c00849c 78e777c3 fmadd.s          f15, f14, f14, f15  f15=xxxxxxxx f14:4101a909 f14:4101a909 f15:43529f33
15610062ns          260709 1c0084a0 2e252663 p.beqimm         x10, 748            x10:00000009
15610081ns          260710 1c0084a4 05032703 lw               x14, 80(x6)         x14=xxxxxxxx  x6:1000165c  PA:100016ac
15610121ns          260712 1c0084a8 78e777c3 fmadd.s          f15, f14, f14, f15  f15=xxxxxxxx f14:4106095b f14:4106095b f15:438a257f
15610141ns          260713 1c0084ac 2e352063 p.beqimm         x10, 736            x10:00000009
15610161ns          260714 1c0084b0 07832703 lw               x14, 120(x6)        x14=c025f5c5  x6:1000165c  PA:100016d4
15610201ns          260716 1c0084b4 78e777c3 fmadd.s          f15, f14, f14, f15  f15=xxxxxxxx f14:40defcf2 f14:40defcf2 f15:43ad3c65
15610221ns          260717 1c0084b8 2c452a63 p.beqimm         x10, 724            x10:00000009
15610241ns          260718 1c0084bc 0a032703 lw               x14, 160(x6)        x14=xxxxxxxx  x6:1000165c  PA:100016fc
15610280ns          260720 1c0084c0 78e777c3 fmadd.s          f15, f14, f14, f15  f15=xxxxxxxx f14:c025f5c5 f14:c025f5c5 f15:43c583db
15610300ns          260721 1c0084c4 2c552463 p.beqimm         x10, 712            x10:00000009
15610320ns          260722 1c0084c8 0c832703 lw               x14, 200(x6)        x14=xxxxxxxx  x6:1000165c  PA:10001724
15610360ns          260724 1c0084cc 78e777c3 fmadd.s          f15, f14, f14, f15  f15=xxxxxxxx f14:beacbdd4 f14:beacbdd4 f15:43c8e091
15610380ns          260725 1c0084d0 2a652e63 p.beqimm         x10, 700            x10:00000009
15610400ns          260726 1c0084d4 0f032703 lw               x14, 240(x6)        x14=xxxxxxxx  x6:1000165c  PA:1000174c
15610440ns          260728 1c0084d8 78e777c3 fmadd.s          f15, f14, f14, f15  f15=xxxxxxxx f14:c00ae1c5 f14:c00ae1c5 f15:43c8ef23
15610459ns          260729 1c0084dc 2a752863 p.beqimm         x10, 688            x10:00000009
15610479ns          260730 1c0084e0 11832703 lw               x14, 280(x6)        x14=4082c17a  x6:1000165c  PA:10001774
15610519ns          260732 1c0084e4 78e777c3 fmadd.s          f15, f14, f14, f15  f15=xxxxxxxx f14:4082c17a f14:4082c17a f15:43cb49e4
15610539ns          260733 1c0084e8 2a953263 p.bneimm         x10, 676            x10:00000009
15610559ns          260734 1c0084ec 16412703 lw               x14, 356(x2)        x14=bfd1a1ba  x2:10001638  PA:1000179c
15610579ns          260735 1c0084f0 0008a683 lw               x13, 0(x17)         x13=43d53694 x17:100017c4  PA:100017c4
15610599ns          260736 1c0084f4 78e777c3 fmadd.s          f15, f14, f14, f15  f15=xxxxxxxx f14:bfd1a1ba f14:bfd1a1ba f15:43d3a306
15610619ns          260737 1c0084f8 08f6f7d3 fsub.s           f15, f13, f15       f15=xxxxxxxx f13:43d53694 f15:43d4fa59
15610638ns          260738 1c0084fc a0fe9ed3 flt.s            x29, f29, f15       x29=00000001 f29:00000000 f15:3ef0ec00
15610857ns          260749 1c008500 280e8e63 beq              x29, x0, 668        x29:00000001
15610897ns          260751 1c008504 5807f7d3 fsqrt.s          f15, f15            f15=xxxxxxxx f15:3ef0ec00
15611693ns          260791 1c008508 00f8a023 sw               x15, 0(x17)         x15:3f2f9b86 x17:100017c4  PA:100017c4
15611713ns          260792 1c00850c 01a020ef jal              x1, 8218             x1=1c008510
15611832ns          260798 1c00a526 f14027f3 csrrs            x15, x0, 0xf14      x15=00000002
15611852ns          260799 1c00a52a 01f00713 addi             x14, x0, 31         x14=0000001f
15611872ns          260800 1c00a52c ca5797b3 p.extractu       x15, x15, 5, 5      x15=00000000 x15:00000002
15611911ns          260802 1c00a530 00e78863 beq              x15, x14, 16        x15:00000000 x14:0000001f
15611951ns          260804 1c00a534 002047b7 lui              x15, 0x204000       x15=00204000
15611971ns          260805 1c00a538 20078793 addi             x15, x15, 512       x15=00204200 x15:00204000
15611991ns          260806 1c00a53c 01c7e703 p.elw            x14, 28(x15)        x14=00010000 x15:00204200  PA:0020421c
15612389ns          260826 1c00a540 00008067 jalr             x0, x1, 0            x1:1c008510
15612429ns          260828 1c008510 f14027f3 csrrs            x15, x0, 0xf14      x15=00000002
15612448ns          260829 1c008514 f457b7b3 p.bclr           x15, x15, 26, 5     x15=00000002 x15:00000002
15612468ns          260830 1c008518 30078763 beq              x15, x0, 782        x15:00000002
15612488ns          260831 1c00851c 00a00513 addi             x10, x0, 10         x10=0000000a
15612508ns          260832 1c00851e 00200793 addi             x15, x0, 2          x15=00000002
15613045ns          260859 1c008520 02810693 addi             x13, x2, 40         x13=10001660  x2:10001638
15613065ns          260860 1c008522 02c10593 addi             x11, x2, 44         x11=10001664  x2:10001638
15613085ns          260861 1c008524 fff50613 addi             x12, x10, -1        x12=00000009 x10:0000000a
15613105ns          260862 1c008528 66f54663 blt              x10, x15, 1644      x10:0000000a x15:00000002
15613125ns          260863 1c00852c 0106407b lp.setup         0x0, x12, 0x10      x12:00000009
15613602ns          260887 1c008530 40d587b3 sub              x15, x11, x13       x15=00000004 x11:10001664 x13:10001660
15613642ns          260889 1c008534 ffc78793 addi             x15, x15, -4        x15=00000000 x15:00000004
15613662ns          260890 1c008536 0027d793 srli             x15, x15, 0x2       x15=00000000 x15:00000000
15613682ns          260891 1c008538 00d00733 add              x14, x0, x13        x14=10001660 x13:10001660
15613702ns          260892 1c00853a 00178793 addi             x15, x15, 1         x15=00000001 x15:00000000
15613721ns          260893 1c00853c 0047c0fb lp.setup         0x1, x15, 0x4       x15:00000001
15614119ns          260913 1c008540 00000513 addi             x10, x0, 0          x10=00000000
15614159ns          260915 1c008544 00a7222b p.sw             x10, 4(x14!)        x14=10001664 x10:00000000 x14:10001660  PA:10001660
15614179ns          260916 1c008548 02868693 addi             x13, x13, 40        x13=10001688 x13:10001660
15614199ns          260917 1c00854c 02c58593 addi             x11, x11, 44        x11=10001690 x11:10001664
15614219ns          260918 1c008530 40d587b3 sub              x15, x11, x13       x15=00000008 x11:10001690 x13:10001688
15614239ns          260919 1c008534 ffc78793 addi             x15, x15, -4        x15=00000004 x15:00000008
15614259ns          260920 1c008536 0027d793 srli             x15, x15, 0x2       x15=00000001 x15:00000004
15614278ns          260921 1c008538 00d00733 add              x14, x0, x13        x14=10001688 x13:10001688
15614298ns          260922 1c00853a 00178793 addi             x15, x15, 1         x15=00000002 x15:00000001
15614318ns          260923 1c00853c 0047c0fb lp.setup         0x1, x15, 0x4       x15:00000002
15614338ns          260924 1c008540 00000513 addi             x10, x0, 0          x10=00000000
15614358ns          260925 1c008544 00a7222b p.sw             x10, 4(x14!)        x14=1000168c x10:00000000 x14:10001688  PA:10001688
15614378ns          260926 1c008540 00000513 addi             x10, x0, 0          x10=00000000
15614398ns          260927 1c008544 00a7222b p.sw             x10, 4(x14!)        x14=10001690 x10:00000000 x14:1000168c  PA:1000168c
15614418ns          260928 1c008548 02868693 addi             x13, x13, 40        x13=100016b0 x13:10001688
15614438ns          260929 1c00854c 02c58593 addi             x11, x11, 44        x11=100016bc x11:10001690
15614457ns          260930 1c008530 40d587b3 sub              x15, x11, x13       x15=0000000c x11:100016bc x13:100016b0
15614477ns          260931 1c008534 ffc78793 addi             x15, x15, -4        x15=00000008 x15:0000000c
15614497ns          260932 1c008536 0027d793 srli             x15, x15, 0x2       x15=00000002 x15:00000008
15614517ns          260933 1c008538 00d00733 add              x14, x0, x13        x14=100016b0 x13:100016b0
15614537ns          260934 1c00853a 00178793 addi             x15, x15, 1         x15=00000003 x15:00000002
15614557ns          260935 1c00853c 0047c0fb lp.setup         0x1, x15, 0x4       x15:00000003
15614577ns          260936 1c008540 00000513 addi             x10, x0, 0          x10=00000000
15614597ns          260937 1c008544 00a7222b p.sw             x10, 4(x14!)        x14=100016b4 x10:00000000 x14:100016b0  PA:100016b0
15614617ns          260938 1c008540 00000513 addi             x10, x0, 0          x10=00000000
15614636ns          260939 1c008544 00a7222b p.sw             x10, 4(x14!)        x14=100016b8 x10:00000000 x14:100016b4  PA:100016b4
15614656ns          260940 1c008540 00000513 addi             x10, x0, 0          x10=00000000
15614676ns          260941 1c008544 00a7222b p.sw             x10, 4(x14!)        x14=100016bc x10:00000000 x14:100016b8  PA:100016b8
15614696ns          260942 1c008548 02868693 addi             x13, x13, 40        x13=100016d8 x13:100016b0
15614716ns          260943 1c00854c 02c58593 addi             x11, x11, 44        x11=100016e8 x11:100016bc
15614736ns          260944 1c008530 40d587b3 sub              x15, x11, x13       x15=00000010 x11:100016e8 x13:100016d8
15614756ns          260945 1c008534 ffc78793 addi             x15, x15, -4        x15=0000000c x15:00000010
15614776ns          260946 1c008536 0027d793 srli             x15, x15, 0x2       x15=00000003 x15:0000000c
15614796ns          260947 1c008538 00d00733 add              x14, x0, x13        x14=100016d8 x13:100016d8
15614815ns          260948 1c00853a 00178793 addi             x15, x15, 1         x15=00000004 x15:00000003
15614835ns          260949 1c00853c 0047c0fb lp.setup         0x1, x15, 0x4       x15:00000004
15614855ns          260950 1c008540 00000513 addi             x10, x0, 0          x10=00000000
15614875ns          260951 1c008544 00a7222b p.sw             x10, 4(x14!)        x14=100016dc x10:00000000 x14:100016d8  PA:100016d8
15614895ns          260952 1c008540 00000513 addi             x10, x0, 0          x10=00000000
15614915ns          260953 1c008544 00a7222b p.sw             x10, 4(x14!)        x14=100016e0 x10:00000000 x14:100016dc  PA:100016dc
15614935ns          260954 1c008540 00000513 addi             x10, x0, 0          x10=00000000
15614955ns          260955 1c008544 00a7222b p.sw             x10, 4(x14!)        x14=100016e4 x10:00000000 x14:100016e0  PA:100016e0
15614975ns          260956 1c008540 00000513 addi             x10, x0, 0          x10=00000000
15614994ns          260957 1c008544 00a7222b p.sw             x10, 4(x14!)        x14=100016e8 x10:00000000 x14:100016e4  PA:100016e4
15615014ns          260958 1c008548 02868693 addi             x13, x13, 40        x13=10001700 x13:100016d8
15615034ns          260959 1c00854c 02c58593 addi             x11, x11, 44        x11=10001714 x11:100016e8
15615054ns          260960 1c008530 40d587b3 sub              x15, x11, x13       x15=00000014 x11:10001714 x13:10001700
15615074ns          260961 1c008534 ffc78793 addi             x15, x15, -4        x15=00000010 x15:00000014
15615094ns          260962 1c008536 0027d793 srli             x15, x15, 0x2       x15=00000004 x15:00000010
15615114ns          260963 1c008538 00d00733 add              x14, x0, x13        x14=10001700 x13:10001700
15615134ns          260964 1c00853a 00178793 addi             x15, x15, 1         x15=00000005 x15:00000004
15615154ns          260965 1c00853c 0047c0fb lp.setup         0x1, x15, 0x4       x15:00000005
15615174ns          260966 1c008540 00000513 addi             x10, x0, 0          x10=00000000
15615193ns          260967 1c008544 00a7222b p.sw             x10, 4(x14!)        x14=10001704 x10:00000000 x14:10001700  PA:10001700
15615213ns          260968 1c008540 00000513 addi             x10, x0, 0          x10=00000000
15615233ns          260969 1c008544 00a7222b p.sw             x10, 4(x14!)        x14=10001708 x10:00000000 x14:10001704  PA:10001704
15615253ns          260970 1c008540 00000513 addi             x10, x0, 0          x10=00000000
15615273ns          260971 1c008544 00a7222b p.sw             x10, 4(x14!)        x14=1000170c x10:00000000 x14:10001708  PA:10001708
15615293ns          260972 1c008540 00000513 addi             x10, x0, 0          x10=00000000
15615313ns          260973 1c008544 00a7222b p.sw             x10, 4(x14!)        x14=10001710 x10:00000000 x14:1000170c  PA:1000170c
15615333ns          260974 1c008540 00000513 addi             x10, x0, 0          x10=00000000
15615353ns          260975 1c008544 00a7222b p.sw             x10, 4(x14!)        x14=10001714 x10:00000000 x14:10001710  PA:10001710
15615372ns          260976 1c008548 02868693 addi             x13, x13, 40        x13=10001728 x13:10001700
15615392ns          260977 1c00854c 02c58593 addi             x11, x11, 44        x11=10001740 x11:10001714
15615412ns          260978 1c008530 40d587b3 sub              x15, x11, x13       x15=00000018 x11:10001740 x13:10001728
15615432ns          260979 1c008534 ffc78793 addi             x15, x15, -4        x15=00000014 x15:00000018
15615452ns          260980 1c008536 0027d793 srli             x15, x15, 0x2       x15=00000005 x15:00000014
15615472ns          260981 1c008538 00d00733 add              x14, x0, x13        x14=10001728 x13:10001728
15615492ns          260982 1c00853a 00178793 addi             x15, x15, 1         x15=00000006 x15:00000005
15615512ns          260983 1c00853c 0047c0fb lp.setup         0x1, x15, 0x4       x15:00000006
15615532ns          260984 1c008540 00000513 addi             x10, x0, 0          x10=00000000
15615551ns          260985 1c008544 00a7222b p.sw             x10, 4(x14!)        x14=1000172c x10:00000000 x14:10001728  PA:10001728
15615571ns          260986 1c008540 00000513 addi             x10, x0, 0          x10=00000000
15615591ns          260987 1c008544 00a7222b p.sw             x10, 4(x14!)        x14=10001730 x10:00000000 x14:1000172c  PA:1000172c
15615611ns          260988 1c008540 00000513 addi             x10, x0, 0          x10=00000000
15615631ns          260989 1c008544 00a7222b p.sw             x10, 4(x14!)        x14=10001734 x10:00000000 x14:10001730  PA:10001730
15615651ns          260990 1c008540 00000513 addi             x10, x0, 0          x10=00000000
15615671ns          260991 1c008544 00a7222b p.sw             x10, 4(x14!)        x14=10001738 x10:00000000 x14:10001734  PA:10001734
15615711ns          260993 1c008540 00000513 addi             x10, x0, 0          x10=00000000
15615730ns          260994 1c008544 00a7222b p.sw             x10, 4(x14!)        x14=1000173c x10:00000000 x14:10001738  PA:10001738
15615750ns          260995 1c008540 00000513 addi             x10, x0, 0          x10=00000000
15615770ns          260996 1c008544 00a7222b p.sw             x10, 4(x14!)        x14=10001740 x10:00000000 x14:1000173c  PA:1000173c
15615790ns          260997 1c008548 02868693 addi             x13, x13, 40        x13=10001750 x13:10001728
15615810ns          260998 1c00854c 02c58593 addi             x11, x11, 44        x11=1000176c x11:10001740
15616267ns          261021 1c008530 40d587b3 sub              x15, x11, x13       x15=0000001c x11:1000176c x13:10001750
15616287ns          261022 1c008534 ffc78793 addi             x15, x15, -4        x15=00000018 x15:0000001c
15616307ns          261023 1c008536 0027d793 srli             x15, x15, 0x2       x15=00000006 x15:00000018
15616327ns          261024 1c008538 00d00733 add              x14, x0, x13        x14=10001750 x13:10001750
15616347ns          261025 1c00853a 00178793 addi             x15, x15, 1         x15=00000007 x15:00000006
15616367ns          261026 1c00853c 0047c0fb lp.setup         0x1, x15, 0x4       x15:00000007
15616387ns          261027 1c008540 00000513 addi             x10, x0, 0          x10=00000000
15616407ns          261028 1c008544 00a7222b p.sw             x10, 4(x14!)        x14=10001754 x10:00000000 x14:10001750  PA:10001750
15616427ns          261029 1c008540 00000513 addi             x10, x0, 0          x10=00000000
15616447ns          261030 1c008544 00a7222b p.sw             x10, 4(x14!)        x14=10001758 x10:00000000 x14:10001754  PA:10001754
15616466ns          261031 1c008540 00000513 addi             x10, x0, 0          x10=00000000
15616486ns          261032 1c008544 00a7222b p.sw             x10, 4(x14!)        x14=1000175c x10:00000000 x14:10001758  PA:10001758
15616506ns          261033 1c008540 00000513 addi             x10, x0, 0          x10=00000000
15616526ns          261034 1c008544 00a7222b p.sw             x10, 4(x14!)        x14=10001760 x10:00000000 x14:1000175c  PA:1000175c
15616546ns          261035 1c008540 00000513 addi             x10, x0, 0          x10=00000000
15616566ns          261036 1c008544 00a7222b p.sw             x10, 4(x14!)        x14=10001764 x10:00000000 x14:10001760  PA:10001760
15616586ns          261037 1c008540 00000513 addi             x10, x0, 0          x10=00000000
15616606ns          261038 1c008544 00a7222b p.sw             x10, 4(x14!)        x14=10001768 x10:00000000 x14:10001764  PA:10001764
15616626ns          261039 1c008540 00000513 addi             x10, x0, 0          x10=00000000
15616645ns          261040 1c008544 00a7222b p.sw             x10, 4(x14!)        x14=1000176c x10:00000000 x14:10001768  PA:10001768
15616665ns          261041 1c008548 02868693 addi             x13, x13, 40        x13=10001778 x13:10001750
15616685ns          261042 1c00854c 02c58593 addi             x11, x11, 44        x11=10001798 x11:1000176c
15616705ns          261043 1c008530 40d587b3 sub              x15, x11, x13       x15=00000020 x11:10001798 x13:10001778
15616725ns          261044 1c008534 ffc78793 addi             x15, x15, -4        x15=0000001c x15:00000020
15616745ns          261045 1c008536 0027d793 srli             x15, x15, 0x2       x15=00000007 x15:0000001c
15616765ns          261046 1c008538 00d00733 add              x14, x0, x13        x14=10001778 x13:10001778
15616785ns          261047 1c00853a 00178793 addi             x15, x15, 1         x15=00000008 x15:00000007
15616805ns          261048 1c00853c 0047c0fb lp.setup         0x1, x15, 0x4       x15:00000008
15616824ns          261049 1c008540 00000513 addi             x10, x0, 0          x10=00000000
15616844ns          261050 1c008544 00a7222b p.sw             x10, 4(x14!)        x14=1000177c x10:00000000 x14:10001778  PA:10001778
15616864ns          261051 1c008540 00000513 addi             x10, x0, 0          x10=00000000
15616884ns          261052 1c008544 00a7222b p.sw             x10, 4(x14!)        x14=10001780 x10:00000000 x14:1000177c  PA:1000177c
15616904ns          261053 1c008540 00000513 addi             x10, x0, 0          x10=00000000
15616924ns          261054 1c008544 00a7222b p.sw             x10, 4(x14!)        x14=10001784 x10:00000000 x14:10001780  PA:10001780
15616944ns          261055 1c008540 00000513 addi             x10, x0, 0          x10=00000000
15616964ns          261056 1c008544 00a7222b p.sw             x10, 4(x14!)        x14=10001788 x10:00000000 x14:10001784  PA:10001784
15616984ns          261057 1c008540 00000513 addi             x10, x0, 0          x10=00000000
15617003ns          261058 1c008544 00a7222b p.sw             x10, 4(x14!)        x14=1000178c x10:00000000 x14:10001788  PA:10001788
15617023ns          261059 1c008540 00000513 addi             x10, x0, 0          x10=00000000
15617043ns          261060 1c008544 00a7222b p.sw             x10, 4(x14!)        x14=10001790 x10:00000000 x14:1000178c  PA:1000178c
15617063ns          261061 1c008540 00000513 addi             x10, x0, 0          x10=00000000
15617083ns          261062 1c008544 00a7222b p.sw             x10, 4(x14!)        x14=10001794 x10:00000000 x14:10001790  PA:10001790
15617103ns          261063 1c008540 00000513 addi             x10, x0, 0          x10=00000000
15617123ns          261064 1c008544 00a7222b p.sw             x10, 4(x14!)        x14=10001798 x10:00000000 x14:10001794  PA:10001794
15617143ns          261065 1c008548 02868693 addi             x13, x13, 40        x13=100017a0 x13:10001778
15617163ns          261066 1c00854c 02c58593 addi             x11, x11, 44        x11=100017c4 x11:10001798
15617182ns          261067 1c008530 40d587b3 sub              x15, x11, x13       x15=00000024 x11:100017c4 x13:100017a0
15617202ns          261068 1c008534 ffc78793 addi             x15, x15, -4        x15=00000020 x15:00000024
15617222ns          261069 1c008536 0027d793 srli             x15, x15, 0x2       x15=00000008 x15:00000020
15617242ns          261070 1c008538 00d00733 add              x14, x0, x13        x14=100017a0 x13:100017a0
15617262ns          261071 1c00853a 00178793 addi             x15, x15, 1         x15=00000009 x15:00000008
15617282ns          261072 1c00853c 0047c0fb lp.setup         0x1, x15, 0x4       x15:00000009
15617302ns          261073 1c008540 00000513 addi             x10, x0, 0          x10=00000000
15617322ns          261074 1c008544 00a7222b p.sw             x10, 4(x14!)        x14=100017a4 x10:00000000 x14:100017a0  PA:100017a0
15617342ns          261075 1c008540 00000513 addi             x10, x0, 0          x10=00000000
15617361ns          261076 1c008544 00a7222b p.sw             x10, 4(x14!)        x14=100017a8 x10:00000000 x14:100017a4  PA:100017a4
15617381ns          261077 1c008540 00000513 addi             x10, x0, 0          x10=00000000
15617401ns          261078 1c008544 00a7222b p.sw             x10, 4(x14!)        x14=100017ac x10:00000000 x14:100017a8  PA:100017a8
15617421ns          261079 1c008540 00000513 addi             x10, x0, 0          x10=00000000
15617441ns          261080 1c008544 00a7222b p.sw             x10, 4(x14!)        x14=100017b0 x10:00000000 x14:100017ac  PA:100017ac
15617461ns          261081 1c008540 00000513 addi             x10, x0, 0          x10=00000000
15617481ns          261082 1c008544 00a7222b p.sw             x10, 4(x14!)        x14=100017b4 x10:00000000 x14:100017b0  PA:100017b0
15617501ns          261083 1c008540 00000513 addi             x10, x0, 0          x10=00000000
15617521ns          261084 1c008544 00a7222b p.sw             x10, 4(x14!)        x14=100017b8 x10:00000000 x14:100017b4  PA:100017b4
15617541ns          261085 1c008540 00000513 addi             x10, x0, 0          x10=00000000
15617560ns          261086 1c008544 00a7222b p.sw             x10, 4(x14!)        x14=100017bc x10:00000000 x14:100017b8  PA:100017b8
15617580ns          261087 1c008540 00000513 addi             x10, x0, 0          x10=00000000
15617600ns          261088 1c008544 00a7222b p.sw             x10, 4(x14!)        x14=100017c0 x10:00000000 x14:100017bc  PA:100017bc
15617620ns          261089 1c008540 00000513 addi             x10, x0, 0          x10=00000000
15617640ns          261090 1c008544 00a7222b p.sw             x10, 4(x14!)        x14=100017c4 x10:00000000 x14:100017c0  PA:100017c0
15617660ns          261091 1c008548 02868693 addi             x13, x13, 40        x13=100017c8 x13:100017a0
15617680ns          261092 1c00854c 02c58593 addi             x11, x11, 44        x11=100017f0 x11:100017c4
15617700ns          261093 1c008550 00012683 lw               x13, 0(x2)          x13=4186814f  x2:10001638  PA:10001638
15617720ns          261094 1c008552 00410613 addi             x12, x2, 4          x12=1000163c  x2:10001638
15617739ns          261095 1c008554 00c007b3 add              x15, x0, x12        x15=1000163c x12:1000163c
15617759ns          261096 1c008556 00d009b3 add              x19, x0, x13        x19=4186814f x13:4186814f
15617779ns          261097 1c008558 063250fb lp.setupi        0x1, 0x63, 0x4     
15617799ns          261098 1c00855c 0047a58b p.lw             x11, 4(x15!)        x11=417e6483 x15=10001640 x15:1000163c  PA:1000163c
15617839ns          261100 1c008560 00b9f9d3 fadd.s           f19, f19, f11       f19=xxxxxxxx f19:4186814f f11:417e6483
15617859ns          261101 1c00855c 0047a58b p.lw             x11, 4(x15!)        x11=41480156 x15=10001644 x15:10001640  PA:10001640
15617899ns          261103 1c008560 00b9f9d3 fadd.s           f19, f19, f11       f19=xxxxxxxx f19:4202d9c8 f11:41480156
15617918ns          261104 1c00855c 0047a58b p.lw             x11, 4(x15!)        x11=4150d462 x15=10001648 x15:10001644  PA:10001644
15617958ns          261106 1c008560 00b9f9d3 fadd.s           f19, f19, f11       f19=xxxxxxxx f19:4234da1e f11:4150d462
15617978ns          261107 1c00855c 0047a58b p.lw             x11, 4(x15!)        x11=40dd08b5 x15=1000164c x15:10001648  PA:10001648
15618018ns          261109 1c008560 00b9f9d3 fadd.s           f19, f19, f11       f19=xxxxxxxx f19:42690f36 f11:40dd08b5
15618038ns          261110 1c00855c 0047a58b p.lw             x11, 4(x15!)        x11=41953ecb x15=10001650 x15:1000164c  PA:1000164c
15618078ns          261112 1c008560 00b9f9d3 fadd.s           f19, f19, f11       f19=xxxxxxxx f19:42825826 f11:41953ecb
15618097ns          261113 1c00855c 0047a58b p.lw             x11, 4(x15!)        x11=412fdea3 x15=10001654 x15:10001650  PA:10001650
15618137ns          261115 1c008560 00b9f9d3 fadd.s           f19, f19, f11       f19=xxxxxxxx f19:42a7a7d9 f11:412fdea3
15618157ns          261116 1c00855c 0047a58b p.lw             x11, 4(x15!)        x11=40d6814a x15=10001658 x15:10001654  PA:10001654
15618197ns          261118 1c008560 00b9f9d3 fadd.s           f19, f19, f11       f19=xxxxxxxx f19:42bda3ad f11:40d6814a
15618217ns          261119 1c00855c 0047a58b p.lw             x11, 4(x15!)        x11=415c3dc4 x15=1000165c x15:10001658  PA:10001658
15618257ns          261121 1c008560 00b9f9d3 fadd.s           f19, f19, f11       f19=xxxxxxxx f19:42cb0bc2 f11:415c3dc4
15618276ns          261122 1c00855c 0047a58b p.lw             x11, 4(x15!)        x11=41683480 x15=10001660 x15:1000165c  PA:1000165c
15618316ns          261124 1c008560 00b9f9d3 fadd.s           f19, f19, f11       f19=xxxxxxxx f19:42e6937a f11:41683480
15618336ns          261125 1c00855c 0047a58b p.lw             x11, 4(x15!)        x11=00000000 x15=10001664 x15:10001660  PA:10001660
15618376ns          261127 1c008560 00b9f9d3 fadd.s           f19, f19, f11       f19=xxxxxxxx f19:4301cd05 f11:00000000
15618396ns          261128 1c00855c 0047a58b p.lw             x11, 4(x15!)        x11=412ab30d x15=10001668 x15:10001664  PA:10001664
15618436ns          261130 1c008560 00b9f9d3 fadd.s           f19, f19, f11       f19=xxxxxxxx f19:4301cd05 f11:412ab30d
15618455ns          261131 1c00855c 0047a58b p.lw             x11, 4(x15!)        x11=40e2a84a x15=1000166c x15:10001668  PA:10001668
15618495ns          261133 1c008560 00b9f9d3 fadd.s           f19, f19, f11       f19=xxxxxxxx f19:430c7836 f11:40e2a84a
15618515ns          261134 1c00855c 0047a58b p.lw             x11, 4(x15!)        x11=41348094 x15=10001670 x15:1000166c  PA:1000166c
15618555ns          261136 1c008560 00b9f9d3 fadd.s           f19, f19, f11       f19=xxxxxxxx f19:43138d78 f11:41348094
15618575ns          261137 1c00855c 0047a58b p.lw             x11, 4(x15!)        x11=407dd664 x15=10001674 x15:10001670  PA:10001670
15618615ns          261139 1c008560 00b9f9d3 fadd.s           f19, f19, f11       f19=xxxxxxxx f19:431ed581 f11:407dd664
15618634ns          261140 1c00855c 0047a58b p.lw             x11, 4(x15!)        x11=412b15c8 x15=10001678 x15:10001674  PA:10001674
15618674ns          261142 1c008560 00b9f9d3 fadd.s           f19, f19, f11       f19=xxxxxxxx f19:4322ccdb f11:412b15c8
15618694ns          261143 1c00855c 0047a58b p.lw             x11, 4(x15!)        x11=40c2898f x15=1000167c x15:10001678  PA:10001678
15618734ns          261145 1c008560 00b9f9d3 fadd.s           f19, f19, f11       f19=xxxxxxxx f19:432d7e38 f11:40c2898f
15618754ns          261146 1c00855c 0047a58b p.lw             x11, 4(x15!)        x11=40b79c8f x15=10001680 x15:1000167c  PA:1000167c
15618794ns          261148 1c008560 00b9f9d3 fadd.s           f19, f19, f11       f19=xxxxxxxx f19:43339284 f11:40b79c8f
15618814ns          261149 1c00855c 0047a58b p.lw             x11, 4(x15!)        x11=409f1650 x15=10001684 x15:10001680  PA:10001680
15618853ns          261151 1c008560 00b9f9d3 fadd.s           f19, f19, f11       f19=xxxxxxxx f19:43394f68 f11:409f1650
15618873ns          261152 1c00855c 0047a58b p.lw             x11, 4(x15!)        x11=4101a909 x15=10001688 x15:10001684  PA:10001684
15618913ns          261154 1c008560 00b9f9d3 fadd.s           f19, f19, f11       f19=xxxxxxxx f19:433e481a f11:4101a909
15618933ns          261155 1c00855c 0047a58b p.lw             x11, 4(x15!)        x11=00000000 x15=1000168c x15:10001688  PA:10001688
15618973ns          261157 1c008560 00b9f9d3 fadd.s           f19, f19, f11       f19=xxxxxxxx f19:434662ab f11:00000000
15618993ns          261158 1c00855c 0047a58b p.lw             x11, 4(x15!)        x11=00000000 x15=10001690 x15:1000168c  PA:1000168c
15619032ns          261160 1c008560 00b9f9d3 fadd.s           f19, f19, f11       f19=xxxxxxxx f19:434662ab f11:00000000
15619052ns          261161 1c00855c 0047a58b p.lw             x11, 4(x15!)        x11=4136baa4 x15=10001694 x15:10001690  PA:10001690
15619092ns          261163 1c008560 00b9f9d3 fadd.s           f19, f19, f11       f19=xxxxxxxx f19:434662ab f11:4136baa4
15619112ns          261164 1c00855c 0047a58b p.lw             x11, 4(x15!)        x11=4114d335 x15=10001698 x15:10001694  PA:10001694
15619152ns          261166 1c008560 00b9f9d3 fadd.s           f19, f19, f11       f19=xxxxxxxx f19:4351ce55 f11:4114d335
15619172ns          261167 1c00855c 0047a58b p.lw             x11, 4(x15!)        x11=401fec6e x15=1000169c x15:10001698  PA:10001698
15619211ns          261169 1c008560 00b9f9d3 fadd.s           f19, f19, f11       f19=xxxxxxxx f19:435b1b88 f11:401fec6e
15619231ns          261170 1c00855c 0047a58b p.lw             x11, 4(x15!)        x11=408a4e44 x15=100016a0 x15:1000169c  PA:1000169c
15619271ns          261172 1c008560 00b9f9d3 fadd.s           f19, f19, f11       f19=xxxxxxxx f19:435d9b3a f11:408a4e44
15619291ns          261173 1c00855c 0047a58b p.lw             x11, 4(x15!)        x11=409260e0 x15=100016a4 x15:100016a0  PA:100016a0
15619331ns          261175 1c008560 00b9f9d3 fadd.s           f19, f19, f11       f19=xxxxxxxx f19:4361edac f11:409260e0
15619351ns          261176 1c00855c 0047a58b p.lw             x11, 4(x15!)        x11=3f51ba01 x15=100016a8 x15:100016a4  PA:100016a4
15619390ns          261178 1c008560 00b9f9d3 fadd.s           f19, f19, f11       f19=xxxxxxxx f19:436680b3 f11:3f51ba01
15619410ns          261179 1c00855c 0047a58b p.lw             x11, 4(x15!)        x11=404e4076 x15=100016ac x15:100016a8  PA:100016a8
15619450ns          261181 1c008560 00b9f9d3 fadd.s           f19, f19, f11       f19=xxxxxxxx f19:4367526d f11:404e4076
15619470ns          261182 1c00855c 0047a58b p.lw             x11, 4(x15!)        x11=4106095b x15=100016b0 x15:100016ac  PA:100016ac
15619510ns          261184 1c008560 00b9f9d3 fadd.s           f19, f19, f11       f19=xxxxxxxx f19:436a8b6f f11:4106095b
15619530ns          261185 1c00855c 0047a58b p.lw             x11, 4(x15!)        x11=00000000 x15=100016b4 x15:100016b0  PA:100016b0
15619569ns          261187 1c008560 00b9f9d3 fadd.s           f19, f19, f11       f19=xxxxxxxx f19:4372ec05 f11:00000000
15619589ns          261188 1c00855c 0047a58b p.lw             x11, 4(x15!)        x11=00000000 x15=100016b8 x15:100016b4  PA:100016b4
15619629ns          261190 1c008560 00b9f9d3 fadd.s           f19, f19, f11       f19=xxxxxxxx f19:4372ec05 f11:00000000
15619649ns          261191 1c00855c 0047a58b p.lw             x11, 4(x15!)        x11=00000000 x15=100016bc x15:100016b8  PA:100016b8
15619689ns          261193 1c008560 00b9f9d3 fadd.s           f19, f19, f11       f19=xxxxxxxx f19:4372ec05 f11:00000000
15619709ns          261194 1c00855c 0047a58b p.lw             x11, 4(x15!)        x11=4109dce7 x15=100016c0 x15:100016bc  PA:100016bc
15619748ns          261196 1c008560 00b9f9d3 fadd.s           f19, f19, f11       f19=xxxxxxxx f19:4372ec05 f11:4109dce7
15619768ns          261197 1c00855c 0047a58b p.lw             x11, 4(x15!)        x11=408d7b0b x15=100016c4 x15:100016c0  PA:100016c0
15619808ns          261199 1c008560 00b9f9d3 fadd.s           f19, f19, f11       f19=xxxxxxxx f19:437b89d3 f11:408d7b0b
15619828ns          261200 1c00855c 0047a58b p.lw             x11, 4(x15!)        x11=40b725fa x15=100016c8 x15:100016c4  PA:100016c4
15619868ns          261202 1c008560 00b9f9d3 fadd.s           f19, f19, f11       f19=xxxxxxxx f19:437ff5ab f11:40b725fa
15619888ns          261203 1c00855c 0047a58b p.lw             x11, 4(x15!)        x11=410531ac x15=100016cc x15:100016c8  PA:100016c8
15619927ns          261205 1c008560 00b9f9d3 fadd.s           f19, f19, f11       f19=xxxxxxxx f19:4382d76d f11:410531ac
15619947ns          261206 1c00855c 0047a58b p.lw             x11, 4(x15!)        x11=40cf0ba7 x15=100016d0 x15:100016cc  PA:100016cc
15619987ns          261208 1c008560 00b9f9d3 fadd.s           f19, f19, f11       f19=xxxxxxxx f19:438700fa f11:40cf0ba7
15620007ns          261209 1c00855c 0047a58b p.lw             x11, 4(x15!)        x11=40d2a008 x15=100016d4 x15:100016d0  PA:100016d0
15620047ns          261211 1c008560 00b9f9d3 fadd.s           f19, f19, f11       f19=xxxxxxxx f19:438a3d29 f11:40d2a008
15620067ns          261212 1c00855c 0047a58b p.lw             x11, 4(x15!)        x11=40defcf2 x15=100016d8 x15:100016d4  PA:100016d4
15620106ns          261214 1c008560 00b9f9d3 fadd.s           f19, f19, f11       f19=xxxxxxxx f19:438d87a9 f11:40defcf2
15620126ns          261215 1c00855c 0047a58b p.lw             x11, 4(x15!)        x11=00000000 x15=100016dc x15:100016d8  PA:100016d8
15620166ns          261217 1c008560 00b9f9d3 fadd.s           f19, f19, f11       f19=xxxxxxxx f19:4391039d f11:00000000
15620186ns          261218 1c00855c 0047a58b p.lw             x11, 4(x15!)        x11=00000000 x15=100016e0 x15:100016dc  PA:100016dc
15620226ns          261220 1c008560 00b9f9d3 fadd.s           f19, f19, f11       f19=xxxxxxxx f19:4391039d f11:00000000
15620246ns          261221 1c00855c 0047a58b p.lw             x11, 4(x15!)        x11=00000000 x15=100016e4 x15:100016e0  PA:100016e0
15620285ns          261223 1c008560 00b9f9d3 fadd.s           f19, f19, f11       f19=xxxxxxxx f19:4391039d f11:00000000
15620305ns          261224 1c00855c 0047a58b p.lw             x11, 4(x15!)        x11=00000000 x15=100016e8 x15:100016e4  PA:100016e4
15620345ns          261226 1c008560 00b9f9d3 fadd.s           f19, f19, f11       f19=xxxxxxxx f19:4391039d f11:00000000
15620365ns          261227 1c00855c 0047a58b p.lw             x11, 4(x15!)        x11=40fe10a2 x15=100016ec x15:100016e8  PA:100016e8
15620405ns          261229 1c008560 00b9f9d3 fadd.s           f19, f19, f11       f19=xxxxxxxx f19:4391039d f11:40fe10a2
15620425ns          261230 1c00855c 0047a58b p.lw             x11, 4(x15!)        x11=4062fe51 x15=100016f0 x15:100016ec  PA:100016ec
15620464ns          261232 1c008560 00b9f9d3 fadd.s           f19, f19, f11       f19=xxxxxxxx f19:4394fbe0 f11:4062fe51
15620484ns          261233 1c00855c 0047a58b p.lw             x11, 4(x15!)        x11=3f8be751 x15=100016f4 x15:100016f0  PA:100016f0
15620524ns          261235 1c008560 00b9f9d3 fadd.s           f19, f19, f11       f19=xxxxxxxx f19:4396c1dd f11:3f8be751
15620544ns          261236 1c00855c 0047a58b p.lw             x11, 4(x15!)        x11=402248fc x15=100016f8 x15:100016f4  PA:100016f4
15620584ns          261238 1c008560 00b9f9d3 fadd.s           f19, f19, f11       f19=xxxxxxxx f19:43974dc4 f11:402248fc
15620604ns          261239 1c00855c 0047a58b p.lw             x11, 4(x15!)        x11=40834d5e x15=100016fc x15:100016f8  PA:100016f8
15620643ns          261241 1c008560 00b9f9d3 fadd.s           f19, f19, f11       f19=xxxxxxxx f19:43989256 f11:40834d5e
15620663ns          261242 1c00855c 0047a58b p.lw             x11, 4(x15!)        x11=c025f5c5 x15=10001700 x15:100016fc  PA:100016fc
15620703ns          261244 1c008560 00b9f9d3 fadd.s           f19, f19, f11       f19=xxxxxxxx f19:439a9f8b f11:c025f5c5
15620723ns          261245 1c00855c 0047a58b p.lw             x11, 4(x15!)        x11=00000000 x15=10001704 x15:10001700  PA:10001700
15620763ns          261247 1c008560 00b9f9d3 fadd.s           f19, f19, f11       f19=xxxxxxxx f19:4399539f f11:00000000
15620783ns          261248 1c00855c 0047a58b p.lw             x11, 4(x15!)        x11=00000000 x15=10001708 x15:10001704  PA:10001704
15620822ns          261250 1c008560 00b9f9d3 fadd.s           f19, f19, f11       f19=xxxxxxxx f19:4399539f f11:00000000
15620842ns          261251 1c00855c 0047a58b p.lw             x11, 4(x15!)        x11=00000000 x15=1000170c x15:10001708  PA:10001708
15620882ns          261253 1c008560 00b9f9d3 fadd.s           f19, f19, f11       f19=xxxxxxxx f19:4399539f f11:00000000
15620902ns          261254 1c00855c 0047a58b p.lw             x11, 4(x15!)        x11=00000000 x15=10001710 x15:1000170c  PA:1000170c
15620942ns          261256 1c008560 00b9f9d3 fadd.s           f19, f19, f11       f19=xxxxxxxx f19:4399539f f11:00000000
15620962ns          261257 1c00855c 0047a58b p.lw             x11, 4(x15!)        x11=00000000 x15=10001714 x15:10001710  PA:10001710
15621001ns          261259 1c008560 00b9f9d3 fadd.s           f19, f19, f11       f19=xxxxxxxx f19:4399539f f11:00000000
15621021ns          261260 1c00855c 0047a58b p.lw             x11, 4(x15!)        x11=40985e0b x15=10001718 x15:10001714  PA:10001714
15621061ns          261262 1c008560 00b9f9d3 fadd.s           f19, f19, f11       f19=xxxxxxxx f19:4399539f f11:40985e0b
15621081ns          261263 1c00855c 0047a58b p.lw             x11, 4(x15!)        x11=3fe89110 x15=1000171c x15:10001718  PA:10001718
15621121ns          261265 1c008560 00b9f9d3 fadd.s           f19, f19, f11       f19=xxxxxxxx f19:439bb517 f11:3fe89110
15621141ns          261266 1c00855c 0047a58b p.lw             x11, 4(x15!)        x11=c000bd41 x15=10001720 x15:1000171c  PA:1000171c
15621181ns          261268 1c008560 00b9f9d3 fadd.s           f19, f19, f11       f19=xxxxxxxx f19:439c9da8 f11:c000bd41
15621200ns          261269 1c00855c 0047a58b p.lw             x11, 4(x15!)        x11=404a5cad x15=10001724 x15:10001720  PA:10001720
15621240ns          261271 1c008560 00b9f9d3 fadd.s           f19, f19, f11       f19=xxxxxxxx f19:439b9c2d f11:404a5cad
15621260ns          261272 1c00855c 0047a58b p.lw             x11, 4(x15!)        x11=beacbdd4 x15=10001728 x15:10001724  PA:10001724
15621300ns          261274 1c008560 00b9f9d3 fadd.s           f19, f19, f11       f19=xxxxxxxx f19:439d30e6 f11:beacbdd4
15621320ns          261275 1c00855c 0047a58b p.lw             x11, 4(x15!)        x11=00000000 x15=1000172c x15:10001728  PA:10001728
15621360ns          261277 1c008560 00b9f9d3 fadd.s           f19, f19, f11       f19=xxxxxxxx f19:439d05b7 f11:00000000
15621379ns          261278 1c00855c 0047a58b p.lw             x11, 4(x15!)        x11=00000000 x15=10001730 x15:1000172c  PA:1000172c
15621419ns          261280 1c008560 00b9f9d3 fadd.s           f19, f19, f11       f19=xxxxxxxx f19:439d05b7 f11:00000000
15621439ns          261281 1c00855c 0047a58b p.lw             x11, 4(x15!)        x11=00000000 x15=10001734 x15:10001730  PA:10001730
15621479ns          261283 1c008560 00b9f9d3 fadd.s           f19, f19, f11       f19=xxxxxxxx f19:439d05b7 f11:00000000
15621499ns          261284 1c00855c 0047a58b p.lw             x11, 4(x15!)        x11=00000000 x15=10001738 x15:10001734  PA:10001734
15621539ns          261286 1c008560 00b9f9d3 fadd.s           f19, f19, f11       f19=xxxxxxxx f19:439d05b7 f11:00000000
15621558ns          261287 1c00855c 0047a58b p.lw             x11, 4(x15!)        x11=00000000 x15=1000173c x15:10001738  PA:10001738
15621598ns          261289 1c008560 00b9f9d3 fadd.s           f19, f19, f11       f19=xxxxxxxx f19:439d05b7 f11:00000000
15621618ns          261290 1c00855c 0047a58b p.lw             x11, 4(x15!)        x11=00000000 x15=10001740 x15:1000173c  PA:1000173c
15621658ns          261292 1c008560 00b9f9d3 fadd.s           f19, f19, f11       f19=xxxxxxxx f19:439d05b7 f11:00000000
15621678ns          261293 1c00855c 0047a58b p.lw             x11, 4(x15!)        x11=40700588 x15=10001744 x15:10001740  PA:10001740
15621718ns          261295 1c008560 00b9f9d3 fadd.s           f19, f19, f11       f19=xxxxxxxx f19:439d05b7 f11:40700588
15621737ns          261296 1c00855c 0047a58b p.lw             x11, 4(x15!)        x11=c0154254 x15=10001748 x15:10001744  PA:10001744
15621777ns          261298 1c008560 00b9f9d3 fadd.s           f19, f19, f11       f19=xxxxxxxx f19:439ee5c2 f11:c0154254
15621797ns          261299 1c00855c 0047a58b p.lw             x11, 4(x15!)        x11=c0897ba8 x15=1000174c x15:10001748  PA:10001748
15621837ns          261301 1c008560 00b9f9d3 fadd.s           f19, f19, f11       f19=xxxxxxxx f19:439dbb3d f11:c0897ba8
15621857ns          261302 1c00855c 0047a58b p.lw             x11, 4(x15!)        x11=c00ae1c5 x15=10001750 x15:1000174c  PA:1000174c
15621897ns          261304 1c008560 00b9f9d3 fadd.s           f19, f19, f11       f19=xxxxxxxx f19:439b954e f11:c00ae1c5
15621916ns          261305 1c00855c 0047a58b p.lw             x11, 4(x15!)        x11=00000000 x15=10001754 x15:10001750  PA:10001750
15621956ns          261307 1c008560 00b9f9d3 fadd.s           f19, f19, f11       f19=xxxxxxxx f19:439a7f8a f11:00000000
15621976ns          261308 1c00855c 0047a58b p.lw             x11, 4(x15!)        x11=00000000 x15=10001758 x15:10001754  PA:10001754
15622016ns          261310 1c008560 00b9f9d3 fadd.s           f19, f19, f11       f19=xxxxxxxx f19:439a7f8a f11:00000000
15622036ns          261311 1c00855c 0047a58b p.lw             x11, 4(x15!)        x11=00000000 x15=1000175c x15:10001758  PA:10001758
15622076ns          261313 1c008560 00b9f9d3 fadd.s           f19, f19, f11       f19=xxxxxxxx f19:439a7f8a f11:00000000
15622095ns          261314 1c00855c 0047a58b p.lw             x11, 4(x15!)        x11=00000000 x15=10001760 x15:1000175c  PA:1000175c
15622135ns          261316 1c008560 00b9f9d3 fadd.s           f19, f19, f11       f19=xxxxxxxx f19:439a7f8a f11:00000000
15622155ns          261317 1c00855c 0047a58b p.lw             x11, 4(x15!)        x11=00000000 x15=10001764 x15:10001760  PA:10001760
15622195ns          261319 1c008560 00b9f9d3 fadd.s           f19, f19, f11       f19=xxxxxxxx f19:439a7f8a f11:00000000
15622215ns          261320 1c00855c 0047a58b p.lw             x11, 4(x15!)        x11=00000000 x15=10001768 x15:10001764  PA:10001764
15622255ns          261322 1c008560 00b9f9d3 fadd.s           f19, f19, f11       f19=xxxxxxxx f19:439a7f8a f11:00000000
15622275ns          261323 1c00855c 0047a58b p.lw             x11, 4(x15!)        x11=00000000 x15=1000176c x15:10001768  PA:10001768
15622314ns          261325 1c008560 00b9f9d3 fadd.s           f19, f19, f11       f19=xxxxxxxx f19:439a7f8a f11:00000000
15622334ns          261326 1c00855c 0047a58b p.lw             x11, 4(x15!)        x11=40851289 x15=10001770 x15:1000176c  PA:1000176c
15622374ns          261328 1c008560 00b9f9d3 fadd.s           f19, f19, f11       f19=xxxxxxxx f19:439a7f8a f11:40851289
15622394ns          261329 1c00855c 0047a58b p.lw             x11, 4(x15!)        x11=c0187ca7 x15=10001774 x15:10001770  PA:10001770
15622434ns          261331 1c008560 00b9f9d3 fadd.s           f19, f19, f11       f19=xxxxxxxx f19:439c93d4 f11:c0187ca7
15622454ns          261332 1c00855c 0047a58b p.lw             x11, 4(x15!)        x11=4082c17a x15=10001778 x15:10001774  PA:10001774
15622493ns          261334 1c008560 00b9f9d3 fadd.s           f19, f19, f11       f19=xxxxxxxx f19:439b62db f11:4082c17a
15622513ns          261335 1c00855c 0047a58b p.lw             x11, 4(x15!)        x11=00000000 x15=1000177c x15:10001778  PA:10001778
15622553ns          261337 1c008560 00b9f9d3 fadd.s           f19, f19, f11       f19=xxxxxxxx f19:439d6de1 f11:00000000
15622573ns          261338 1c00855c 0047a58b p.lw             x11, 4(x15!)        x11=00000000 x15=10001780 x15:1000177c  PA:1000177c
15622613ns          261340 1c008560 00b9f9d3 fadd.s           f19, f19, f11       f19=xxxxxxxx f19:439d6de1 f11:00000000
15622633ns          261341 1c00855c 0047a58b p.lw             x11, 4(x15!)        x11=00000000 x15=10001784 x15:10001780  PA:10001780
15622672ns          261343 1c008560 00b9f9d3 fadd.s           f19, f19, f11       f19=xxxxxxxx f19:439d6de1 f11:00000000
15622692ns          261344 1c00855c 0047a58b p.lw             x11, 4(x15!)        x11=00000000 x15=10001788 x15:10001784  PA:10001784
15622732ns          261346 1c008560 00b9f9d3 fadd.s           f19, f19, f11       f19=xxxxxxxx f19:439d6de1 f11:00000000
15622752ns          261347 1c00855c 0047a58b p.lw             x11, 4(x15!)        x11=00000000 x15=1000178c x15:10001788  PA:10001788
15622792ns          261349 1c008560 00b9f9d3 fadd.s           f19, f19, f11       f19=xxxxxxxx f19:439d6de1 f11:00000000
15622812ns          261350 1c00855c 0047a58b p.lw             x11, 4(x15!)        x11=00000000 x15=10001790 x15:1000178c  PA:1000178c
15622851ns          261352 1c008560 00b9f9d3 fadd.s           f19, f19, f11       f19=xxxxxxxx f19:439d6de1 f11:00000000
15622871ns          261353 1c00855c 0047a58b p.lw             x11, 4(x15!)        x11=00000000 x15=10001794 x15:10001790  PA:10001790
15622911ns          261355 1c008560 00b9f9d3 fadd.s           f19, f19, f11       f19=xxxxxxxx f19:439d6de1 f11:00000000
15622931ns          261356 1c00855c 0047a58b p.lw             x11, 4(x15!)        x11=00000000 x15=10001798 x15:10001794  PA:10001794
15622971ns          261358 1c008560 00b9f9d3 fadd.s           f19, f19, f11       f19=xxxxxxxx f19:439d6de1 f11:00000000
15622991ns          261359 1c00855c 0047a58b p.lw             x11, 4(x15!)        x11=3fed8bfe x15=1000179c x15:10001798  PA:10001798
15623030ns          261361 1c008560 00b9f9d3 fadd.s           f19, f19, f11       f19=xxxxxxxx f19:439d6de1 f11:3fed8bfe
15623050ns          261362 1c00855c 0047a58b p.lw             x11, 4(x15!)        x11=bfd1a1ba x15=100017a0 x15:1000179c  PA:1000179c
15623090ns          261364 1c008560 00b9f9d3 fadd.s           f19, f19, f11       f19=xxxxxxxx f19:439e5b6d f11:bfd1a1ba
15623110ns          261365 1c00855c 0047a58b p.lw             x11, 4(x15!)        x11=00000000 x15=100017a4 x15:100017a0  PA:100017a0
15623150ns          261367 1c008560 00b9f9d3 fadd.s           f19, f19, f11       f19=xxxxxxxx f19:439d89cb f11:00000000
15623170ns          261368 1c00855c 0047a58b p.lw             x11, 4(x15!)        x11=00000000 x15=100017a8 x15:100017a4  PA:100017a4
15623209ns          261370 1c008560 00b9f9d3 fadd.s           f19, f19, f11       f19=xxxxxxxx f19:439d89cb f11:00000000
15623229ns          261371 1c00855c 0047a58b p.lw             x11, 4(x15!)        x11=00000000 x15=100017ac x15:100017a8  PA:100017a8
15623269ns          261373 1c008560 00b9f9d3 fadd.s           f19, f19, f11       f19=xxxxxxxx f19:439d89cb f11:00000000
15623289ns          261374 1c00855c 0047a58b p.lw             x11, 4(x15!)        x11=00000000 x15=100017b0 x15:100017ac  PA:100017ac
15623329ns          261376 1c008560 00b9f9d3 fadd.s           f19, f19, f11       f19=xxxxxxxx f19:439d89cb f11:00000000
15623349ns          261377 1c00855c 0047a58b p.lw             x11, 4(x15!)        x11=00000000 x15=100017b4 x15:100017b0  PA:100017b0
15623388ns          261379 1c008560 00b9f9d3 fadd.s           f19, f19, f11       f19=xxxxxxxx f19:439d89cb f11:00000000
15623408ns          261380 1c00855c 0047a58b p.lw             x11, 4(x15!)        x11=00000000 x15=100017b8 x15:100017b4  PA:100017b4
15623448ns          261382 1c008560 00b9f9d3 fadd.s           f19, f19, f11       f19=xxxxxxxx f19:439d89cb f11:00000000
15623468ns          261383 1c00855c 0047a58b p.lw             x11, 4(x15!)        x11=00000000 x15=100017bc x15:100017b8  PA:100017b8
15623508ns          261385 1c008560 00b9f9d3 fadd.s           f19, f19, f11       f19=xxxxxxxx f19:439d89cb f11:00000000
15623528ns          261386 1c00855c 0047a58b p.lw             x11, 4(x15!)        x11=00000000 x15=100017c0 x15:100017bc  PA:100017bc
15623567ns          261388 1c008560 00b9f9d3 fadd.s           f19, f19, f11       f19=xxxxxxxx f19:439d89cb f11:00000000
15623587ns          261389 1c00855c 0047a58b p.lw             x11, 4(x15!)        x11=00000000 x15=100017c4 x15:100017c0  PA:100017c0
15623627ns          261391 1c008560 00b9f9d3 fadd.s           f19, f19, f11       f19=xxxxxxxx f19:439d89cb f11:00000000
15623647ns          261392 1c00855c 0047a58b p.lw             x11, 4(x15!)        x11=3f2f9b86 x15=100017c8 x15:100017c4  PA:100017c4
15623687ns          261394 1c008560 00b9f9d3 fadd.s           f19, f19, f11       f19=xxxxxxxx f19:439d89cb f11:3f2f9b86
15623707ns          261395 1c008564 1c000737 lui              x14, 0x1c000000     x14=1c000000
15623727ns          261396 1c008568 02072583 lw               x11, 32(x14)        x11=42c80000 x14:1c000000  PA:1c000020
15624104ns          261415 1c00856c 18b9f5d3 fdiv.s           f11, f19, f11       f11=xxxxxxxx f19:439de199 f11:42c80000
15624900ns          261455 1c008570 08b6f6d3 fsub.s           f13, f13, f11       f13=xxxxxxxx f13:4186814f f11:404a1686
15624920ns          261456 1c008574 40c787b3 sub              x15, x15, x12       x15=0000018c x15:100017c8 x12:1000163c
15624940ns          261457 1c008576 ffc78793 addi             x15, x15, -4        x15=00000188 x15:0000018c
15624960ns          261458 1c008578 10d6f6d3 fmul.s           f13, f13, f13       f13=xxxxxxxx f13:415a7cfc f13:415a7cfc
15624980ns          261459 1c00857c 0027d793 srli             x15, x15, 0x2       x15=00000062 x15:00000188
15625000ns          261460 1c00857e 00178793 addi             x15, x15, 1         x15=00000063 x15:00000062
15625019ns          261461 1c008580 0067c0fb lp.setup         0x1, x15, 0x6       x15:00000063
15625039ns          261462 1c008584 0046270b p.lw             x14, 4(x12!)        x14=417e6483 x12=10001640 x12:1000163c  PA:1000163c
15625079ns          261464 1c008588 08b77753 fsub.s           f14, f14, f11       f14=xxxxxxxx f14:417e6483 f11:404a1686
15625099ns          261465 1c00858c 68e776c3 fmadd.s          f13, f14, f14, f13  f13=xxxxxxxx f14:414bdee2 f14:414bdee2 f13:433a791a
15625258ns          261473 1c008584 0046270b p.lw             x14, 4(x12!)        x14=41480156 x12=10001644 x12:10001640  PA:10001640
15625298ns          261475 1c008588 08b77753 fsub.s           f14, f14, f11       f14=xxxxxxxx f14:41480156 f11:404a1686
15625318ns          261476 1c00858c 68e776c3 fmadd.s          f13, f14, f14, f13  f13=xxxxxxxx f14:41157bb4 f14:41157bb4 f13:43ae6a2b
15625338ns          261477 1c008584 0046270b p.lw             x14, 4(x12!)        x14=4150d462 x12=10001648 x12:10001644  PA:10001644
15625377ns          261479 1c008588 08b77753 fsub.s           f14, f14, f11       f14=xxxxxxxx f14:4150d462 f11:404a1686
15625397ns          261480 1c00858c 68e776c3 fmadd.s          f13, f14, f14, f13  f13=xxxxxxxx f14:411e4ec0 f14:411e4ec0 f13:43da0ec9
15625417ns          261481 1c008584 0046270b p.lw             x14, 4(x12!)        x14=40dd08b5 x12=1000164c x12:10001648  PA:10001648
15625457ns          261483 1c008588 08b77753 fsub.s           f14, f14, f11       f14=xxxxxxxx f14:40dd08b5 f11:404a1686
15625477ns          261484 1c00858c 68e776c3 fmadd.s          f13, f14, f14, f13  f13=xxxxxxxx f14:406ffae4 f14:406ffae4 f13:440580b8
15625497ns          261485 1c008584 0046270b p.lw             x14, 4(x12!)        x14=41953ecb x12=10001650 x12:1000164c  PA:1000164c
15625537ns          261487 1c008588 08b77753 fsub.s           f14, f14, f11       f14=xxxxxxxx f14:41953ecb f11:404a1686
15625556ns          261488 1c00858c 68e776c3 fmadd.s          f13, f14, f14, f13  f13=xxxxxxxx f14:4177f7f4 f14:4177f7f4 f13:44090492
15625576ns          261489 1c008584 0046270b p.lw             x14, 4(x12!)        x14=412fdea3 x12=10001654 x12:10001650  PA:10001650
15625616ns          261491 1c008588 08b77753 fsub.s           f14, f14, f11       f14=xxxxxxxx f14:412fdea3 f11:404a1686
15625636ns          261492 1c00858c 68e776c3 fmadd.s          f13, f14, f14, f13  f13=xxxxxxxx f14:40fab203 f14:40fab203 f13:444510ac
15625656ns          261493 1c008584 0046270b p.lw             x14, 4(x12!)        x14=40d6814a x12=10001658 x12:10001654  PA:10001654
15625696ns          261495 1c008588 08b77753 fsub.s           f14, f14, f11       f14=xxxxxxxx f14:40d6814a f11:404a1686
15625716ns          261496 1c00858c 68e776c3 fmadd.s          f13, f14, f14, f13  f13=xxxxxxxx f14:4062ec0e f14:4062ec0e f13:445468af
15625735ns          261497 1c008584 0046270b p.lw             x14, 4(x12!)        x14=415c3dc4 x12=1000165c x12:10001658  PA:10001658
15625775ns          261499 1c008588 08b77753 fsub.s           f14, f14, f11       f14=xxxxxxxx f14:415c3dc4 f11:404a1686
15625795ns          261500 1c00858c 68e776c3 fmadd.s          f13, f14, f14, f13  f13=xxxxxxxx f14:4129b822 f14:4129b822 f13:44578d46
15625815ns          261501 1c008584 0046270b p.lw             x14, 4(x12!)        x14=41683480 x12=10001660 x12:1000165c  PA:1000165c
15625855ns          261503 1c008588 08b77753 fsub.s           f14, f14, f11       f14=xxxxxxxx f14:41683480 f11:404a1686
15625875ns          261504 1c00858c 68e776c3 fmadd.s          f13, f14, f14, f13  f13=xxxxxxxx f14:4135aede f14:4135aede f13:4473ae6e
15625895ns          261505 1c008584 0046270b p.lw             x14, 4(x12!)        x14=00000000 x12=10001664 x12:10001660  PA:10001660
15625934ns          261507 1c008588 08b77753 fsub.s           f14, f14, f11       f14=xxxxxxxx f14:00000000 f11:404a1686
15625954ns          261508 1c00858c 68e776c3 fmadd.s          f13, f14, f14, f13  f13=xxxxxxxx f14:c04a1686 f14:c04a1686 f13:4489f54f
15625974ns          261509 1c008584 0046270b p.lw             x14, 4(x12!)        x14=412ab30d x12=10001668 x12:10001664  PA:10001664
15626014ns          261511 1c008588 08b77753 fsub.s           f14, f14, f11       f14=xxxxxxxx f14:412ab30d f11:404a1686
15626034ns          261512 1c00858c 68e776c3 fmadd.s          f13, f14, f14, f13  f13=xxxxxxxx f14:40f05ad7 f14:40f05ad7 f13:448b345e
15626054ns          261513 1c008584 0046270b p.lw             x14, 4(x12!)        x14=40e2a84a x12=1000166c x12:10001668  PA:10001668
15626094ns          261515 1c008588 08b77753 fsub.s           f14, f14, f11       f14=xxxxxxxx f14:40e2a84a f11:404a1686
15626113ns          261516 1c00858c 68e776c3 fmadd.s          f13, f14, f14, f13  f13=xxxxxxxx f14:407b3a0e f14:407b3a0e f13:449241b2
15626133ns          261517 1c008584 0046270b p.lw             x14, 4(x12!)        x14=41348094 x12=10001670 x12:1000166c  PA:1000166c
15626173ns          261519 1c008588 08b77753 fsub.s           f14, f14, f11       f14=xxxxxxxx f14:41348094 f11:404a1686
15626193ns          261520 1c00858c 68e776c3 fmadd.s          f13, f14, f14, f13  f13=xxxxxxxx f14:4101faf2 f14:4101faf2 f13:44942ec8
15626213ns          261521 1c008584 0046270b p.lw             x14, 4(x12!)        x14=407dd664 x12=10001674 x12:10001670  PA:10001670
15626253ns          261523 1c008588 08b77753 fsub.s           f14, f14, f11       f14=xxxxxxxx f14:407dd664 f11:404a1686
15626273ns          261524 1c00858c 68e776c3 fmadd.s          f13, f14, f14, f13  f13=xxxxxxxx f14:3f4eff78 f14:3f4eff78 f13:449c6ea4
15626292ns          261525 1c008584 0046270b p.lw             x14, 4(x12!)        x14=412b15c8 x12=10001678 x12:10001674  PA:10001674
15626332ns          261527 1c008588 08b77753 fsub.s           f14, f14, f11       f14=xxxxxxxx f14:412b15c8 f11:404a1686
15626352ns          261528 1c00858c 68e776c3 fmadd.s          f13, f14, f14, f13  f13=xxxxxxxx f14:40f1204d f14:40f1204d f13:449c8390
15626372ns          261529 1c008584 0046270b p.lw             x14, 4(x12!)        x14=40c2898f x12=1000167c x12:10001678  PA:10001678
15626412ns          261531 1c008588 08b77753 fsub.s           f14, f14, f11       f14=xxxxxxxx f14:40c2898f f11:404a1686
15626432ns          261532 1c00858c 68e776c3 fmadd.s          f13, f14, f14, f13  f13=xxxxxxxx f14:403afc98 f14:403afc98 f13:44a39c7f
15626452ns          261533 1c008584 0046270b p.lw             x14, 4(x12!)        x14=40b79c8f x12=10001680 x12:1000167c  PA:1000167c
15626491ns          261535 1c008588 08b77753 fsub.s           f14, f14, f11       f14=xxxxxxxx f14:40b79c8f f11:404a1686
15626511ns          261536 1c00858c 68e776c3 fmadd.s          f13, f14, f14, f13  f13=xxxxxxxx f14:40252298 f14:40252298 f13:44a4ada7
15626531ns          261537 1c008584 0046270b p.lw             x14, 4(x12!)        x14=409f1650 x12=10001684 x12:10001680  PA:10001680
15626571ns          261539 1c008588 08b77753 fsub.s           f14, f14, f11       f14=xxxxxxxx f14:409f1650 f11:404a1686
15626591ns          261540 1c00858c 68e776c3 fmadd.s          f13, f14, f14, f13  f13=xxxxxxxx f14:3fe82c34 f14:3fe82c34 f13:44a582b2
15626611ns          261541 1c008584 0046270b p.lw             x14, 4(x12!)        x14=4101a909 x12=10001688 x12:10001684  PA:10001684
15626650ns          261543 1c008588 08b77753 fsub.s           f14, f14, f11       f14=xxxxxxxx f14:4101a909 f11:404a1686
15626670ns          261544 1c00858c 68e776c3 fmadd.s          f13, f14, f14, f13  f13=xxxxxxxx f14:409e46cf f14:409e46cf f13:44a5ebfa
15626690ns          261545 1c008584 0046270b p.lw             x14, 4(x12!)        x14=00000000 x12=1000168c x12:10001688  PA:10001688
15626730ns          261547 1c008588 08b77753 fsub.s           f14, f14, f11       f14=xxxxxxxx f14:00000000 f11:404a1686
15626750ns          261548 1c00858c 68e776c3 fmadd.s          f13, f14, f14, f13  f13=xxxxxxxx f14:c04a1686 f14:c04a1686 f13:44a8fad6
15626770ns          261549 1c008584 0046270b p.lw             x14, 4(x12!)        x14=00000000 x12=10001690 x12:1000168c  PA:1000168c
15626810ns          261551 1c008588 08b77753 fsub.s           f14, f14, f11       f14=xxxxxxxx f14:00000000 f11:404a1686
15626829ns          261552 1c00858c 68e776c3 fmadd.s          f13, f14, f14, f13  f13=xxxxxxxx f14:c04a1686 f14:c04a1686 f13:44aa39e5
15626849ns          261553 1c008584 0046270b p.lw             x14, 4(x12!)        x14=4136baa4 x12=10001694 x12:10001690  PA:10001690
15626889ns          261555 1c008588 08b77753 fsub.s           f14, f14, f11       f14=xxxxxxxx f14:4136baa4 f11:404a1686
15626909ns          261556 1c00858c 68e776c3 fmadd.s          f13, f14, f14, f13  f13=xxxxxxxx f14:41043502 f14:41043502 f13:44ab78f4
15626929ns          261557 1c008584 0046270b p.lw             x14, 4(x12!)        x14=4114d335 x12=10001698 x12:10001694  PA:10001694
15626969ns          261559 1c008588 08b77753 fsub.s           f14, f14, f11       f14=xxxxxxxx f14:4114d335 f11:404a1686
15626989ns          261560 1c00858c 68e776c3 fmadd.s          f13, f14, f14, f13  f13=xxxxxxxx f14:40c49b27 f14:40c49b27 f13:44b401cb
15627009ns          261561 1c008584 0046270b p.lw             x14, 4(x12!)        x14=401fec6e x12=1000169c x12:10001698  PA:10001698
15627048ns          261563 1c008588 08b77753 fsub.s           f14, f14, f11       f14=xxxxxxxx f14:401fec6e f11:404a1686
15627068ns          261564 1c00858c 68e776c3 fmadd.s          f13, f14, f14, f13  f13=xxxxxxxx f14:bf28a860 f14:bf28a860 f13:44b8b9bb
15627088ns          261565 1c008584 0046270b p.lw             x14, 4(x12!)        x14=408a4e44 x12=100016a0 x12:1000169c  PA:1000169c
15627128ns          261567 1c008588 08b77753 fsub.s           f14, f14, f11       f14=xxxxxxxx f14:408a4e44 f11:404a1686
15627148ns          261568 1c00858c 68e776c3 fmadd.s          f13, f14, f14, f13  f13=xxxxxxxx f14:3f950c04 f14:3f950c04 f13:44b8c79f
15627168ns          261569 1c008584 0046270b p.lw             x14, 4(x12!)        x14=409260e0 x12=100016a4 x12:100016a0  PA:100016a0
15627207ns          261571 1c008588 08b77753 fsub.s           f14, f14, f11       f14=xxxxxxxx f14:409260e0 f11:404a1686
15627227ns          261572 1c00858c 68e776c3 fmadd.s          f13, f14, f14, f13  f13=xxxxxxxx f14:3fb55674 f14:3fb55674 f13:44b8f302
15627247ns          261573 1c008584 0046270b p.lw             x14, 4(x12!)        x14=3f51ba01 x12=100016a8 x12:100016a4  PA:100016a4
15627287ns          261575 1c008588 08b77753 fsub.s           f14, f14, f11       f14=xxxxxxxx f14:3f51ba01 f11:404a1686
15627307ns          261576 1c00858c 68e776c3 fmadd.s          f13, f14, f14, f13  f13=xxxxxxxx f14:c015a806 f14:c015a806 f13:44b9333c
15627327ns          261577 1c008584 0046270b p.lw             x14, 4(x12!)        x14=404e4076 x12=100016ac x12:100016a8  PA:100016a8
15627367ns          261579 1c008588 08b77753 fsub.s           f14, f14, f11       f14=xxxxxxxx f14:404e4076 f11:404a1686
15627386ns          261580 1c00858c 68e776c3 fmadd.s          f13, f14, f14, f13  f13=xxxxxxxx f14:3d853e00 f14:3d853e00 f13:44b9e236
15627406ns          261581 1c008584 0046270b p.lw             x14, 4(x12!)        x14=4106095b x12=100016b0 x12:100016ac  PA:100016ac
15627446ns          261583 1c008588 08b77753 fsub.s           f14, f14, f11       f14=xxxxxxxx f14:4106095b f11:404a1686
15627466ns          261584 1c00858c 68e776c3 fmadd.s          f13, f14, f14, f13  f13=xxxxxxxx f14:40a70773 f14:40a70773 f13:44b9e259
15627486ns          261585 1c008584 0046270b p.lw             x14, 4(x12!)        x14=00000000 x12=100016b4 x12:100016b0  PA:100016b0
15627526ns          261587 1c008588 08b77753 fsub.s           f14, f14, f11       f14=xxxxxxxx f14:00000000 f11:404a1686
15627546ns          261588 1c00858c 68e776c3 fmadd.s          f13, f14, f14, f13  f13=xxxxxxxx f14:c04a1686 f14:c04a1686 f13:44bd4a2f
15627565ns          261589 1c008584 0046270b p.lw             x14, 4(x12!)        x14=00000000 x12=100016b8 x12:100016b4  PA:100016b4
15627605ns          261591 1c008588 08b77753 fsub.s           f14, f14, f11       f14=xxxxxxxx f14:00000000 f11:404a1686
15627625ns          261592 1c00858c 68e776c3 fmadd.s          f13, f14, f14, f13  f13=xxxxxxxx f14:c04a1686 f14:c04a1686 f13:44be893e
15627645ns          261593 1c008584 0046270b p.lw             x14, 4(x12!)        x14=00000000 x12=100016bc x12:100016b8  PA:100016b8
15627685ns          261595 1c008588 08b77753 fsub.s           f14, f14, f11       f14=xxxxxxxx f14:00000000 f11:404a1686
15627705ns          261596 1c00858c 68e776c3 fmadd.s          f13, f14, f14, f13  f13=xxxxxxxx f14:c04a1686 f14:c04a1686 f13:44bfc84d
15627725ns          261597 1c008584 0046270b p.lw             x14, 4(x12!)        x14=4109dce7 x12=100016c0 x12:100016bc  PA:100016bc
15627764ns          261599 1c008588 08b77753 fsub.s           f14, f14, f11       f14=xxxxxxxx f14:4109dce7 f11:404a1686
15627784ns          261600 1c00858c 68e776c3 fmadd.s          f13, f14, f14, f13  f13=xxxxxxxx f14:40aeae8b f14:40aeae8b f13:44c1075c
15627804ns          261601 1c008584 0046270b p.lw             x14, 4(x12!)        x14=408d7b0b x12=100016c4 x12:100016c0  PA:100016c0
15627844ns          261603 1c008588 08b77753 fsub.s           f14, f14, f11       f14=xxxxxxxx f14:408d7b0b f11:404a1686
15627864ns          261604 1c00858c 68e776c3 fmadd.s          f13, f14, f14, f13  f13=xxxxxxxx f14:3fa1bf20 f14:3fa1bf20 f13:44c4c0ea
15627884ns          261605 1c008584 0046270b p.lw             x14, 4(x12!)        x14=40b725fa x12=100016c8 x12:100016c4  PA:100016c4
15627923ns          261607 1c008588 08b77753 fsub.s           f14, f14, f11       f14=xxxxxxxx f14:40b725fa f11:404a1686
15627943ns          261608 1c00858c 68e776c3 fmadd.s          f13, f14, f14, f13  f13=xxxxxxxx f14:4024356e f14:4024356e f13:44c4f403
15627963ns          261609 1c008584 0046270b p.lw             x14, 4(x12!)        x14=410531ac x12=100016cc x12:100016c8  PA:100016c8
15628003ns          261611 1c008588 08b77753 fsub.s           f14, f14, f11       f14=xxxxxxxx f14:410531ac f11:404a1686
15628023ns          261612 1c00858c 68e776c3 fmadd.s          f13, f14, f14, f13  f13=xxxxxxxx f14:40a55815 f14:40a55815 f13:44c5c6ac
15628043ns          261613 1c008584 0046270b p.lw             x14, 4(x12!)        x14=40cf0ba7 x12=100016d0 x12:100016cc  PA:100016cc
15628083ns          261615 1c008588 08b77753 fsub.s           f14, f14, f11       f14=xxxxxxxx f14:40cf0ba7 f11:404a1686
15628102ns          261616 1c00858c 68e776c3 fmadd.s          f13, f14, f14, f13  f13=xxxxxxxx f14:405400c8 f14:405400c8 f13:44c91d01
15628122ns          261617 1c008584 0046270b p.lw             x14, 4(x12!)        x14=40d2a008 x12=100016d4 x12:100016d0  PA:100016d0
15628162ns          261619 1c008588 08b77753 fsub.s           f14, f14, f11       f14=xxxxxxxx f14:40d2a008 f11:404a1686
15628182ns          261620 1c00858c 68e776c3 fmadd.s          f13, f14, f14, f13  f13=xxxxxxxx f14:405b298a f14:405b298a f13:44ca7c24
15628202ns          261621 1c008584 0046270b p.lw             x14, 4(x12!)        x14=40defcf2 x12=100016d8 x12:100016d4  PA:100016d4
15628242ns          261623 1c008588 08b77753 fsub.s           f14, f14, f11       f14=xxxxxxxx f14:40defcf2 f11:404a1686
15628262ns          261624 1c00858c 68e776c3 fmadd.s          f13, f14, f14, f13  f13=xxxxxxxx f14:4073e35e f14:4073e35e f13:44cbf364
15628282ns          261625 1c008584 0046270b p.lw             x14, 4(x12!)        x14=00000000 x12=100016dc x12:100016d8  PA:100016d8
15628321ns          261627 1c008588 08b77753 fsub.s           f14, f14, f11       f14=xxxxxxxx f14:00000000 f11:404a1686
15628341ns          261628 1c00858c 68e776c3 fmadd.s          f13, f14, f14, f13  f13=xxxxxxxx f14:c04a1686 f14:c04a1686 f13:44cdc417
15628361ns          261629 1c008584 0046270b p.lw             x14, 4(x12!)        x14=00000000 x12=100016e0 x12:100016dc  PA:100016dc
15628401ns          261631 1c008588 08b77753 fsub.s           f14, f14, f11       f14=xxxxxxxx f14:00000000 f11:404a1686
15628421ns          261632 1c00858c 68e776c3 fmadd.s          f13, f14, f14, f13  f13=xxxxxxxx f14:c04a1686 f14:c04a1686 f13:44cf0326
15628441ns          261633 1c008584 0046270b p.lw             x14, 4(x12!)        x14=00000000 x12=100016e4 x12:100016e0  PA:100016e0
15628480ns          261635 1c008588 08b77753 fsub.s           f14, f14, f11       f14=xxxxxxxx f14:00000000 f11:404a1686
15628500ns          261636 1c00858c 68e776c3 fmadd.s          f13, f14, f14, f13  f13=xxxxxxxx f14:c04a1686 f14:c04a1686 f13:44d04235
15628520ns          261637 1c008584 0046270b p.lw             x14, 4(x12!)        x14=00000000 x12=100016e8 x12:100016e4  PA:100016e4
15628560ns          261639 1c008588 08b77753 fsub.s           f14, f14, f11       f14=xxxxxxxx f14:00000000 f11:404a1686
15628580ns          261640 1c00858c 68e776c3 fmadd.s          f13, f14, f14, f13  f13=xxxxxxxx f14:c04a1686 f14:c04a1686 f13:44d18144
15628600ns          261641 1c008584 0046270b p.lw             x14, 4(x12!)        x14=40fe10a2 x12=100016ec x12:100016e8  PA:100016e8
15628640ns          261643 1c008588 08b77753 fsub.s           f14, f14, f11       f14=xxxxxxxx f14:40fe10a2 f11:404a1686
15628659ns          261644 1c00858c 68e776c3 fmadd.s          f13, f14, f14, f13  f13=xxxxxxxx f14:4099055f f14:4099055f f13:44d2c053
15628679ns          261645 1c008584 0046270b p.lw             x14, 4(x12!)        x14=4062fe51 x12=100016f0 x12:100016ec  PA:100016ec
15628719ns          261647 1c008588 08b77753 fsub.s           f14, f14, f11       f14=xxxxxxxx f14:4062fe51 f11:404a1686
15628739ns          261648 1c00858c 68e776c3 fmadd.s          f13, f14, f14, f13  f13=xxxxxxxx f14:3ec73e58 f14:3ec73e58 f13:44d59c0e
15628759ns          261649 1c008584 0046270b p.lw             x14, 4(x12!)        x14=3f8be751 x12=100016f4 x12:100016f0  PA:100016f0
15628799ns          261651 1c008588 08b77753 fsub.s           f14, f14, f11       f14=xxxxxxxx f14:3f8be751 f11:404a1686
15628819ns          261652 1c00858c 68e776c3 fmadd.s          f13, f14, f14, f13  f13=xxxxxxxx f14:c00422de f14:c00422de f13:44d5a0e7
15628838ns          261653 1c008584 0046270b p.lw             x14, 4(x12!)        x14=402248fc x12=100016f8 x12:100016f4  PA:100016f4
15628878ns          261655 1c008588 08b77753 fsub.s           f14, f14, f11       f14=xxxxxxxx f14:402248fc f11:404a1686
15628898ns          261656 1c00858c 68e776c3 fmadd.s          f13, f14, f14, f13  f13=xxxxxxxx f14:bf1f3628 f14:bf1f3628 f13:44d6294f
15628918ns          261657 1c008584 0046270b p.lw             x14, 4(x12!)        x14=40834d5e x12=100016fc x12:100016f8  PA:100016f8
15628958ns          261659 1c008588 08b77753 fsub.s           f14, f14, f11       f14=xxxxxxxx f14:40834d5e f11:404a1686
15628978ns          261660 1c00858c 68e776c3 fmadd.s          f13, f14, f14, f13  f13=xxxxxxxx f14:3f7210d8 f14:3f7210d8 f13:44d635b0
15628998ns          261661 1c008584 0046270b p.lw             x14, 4(x12!)        x14=c025f5c5 x12=10001700 x12:100016fc  PA:100016fc
15629037ns          261663 1c008588 08b77753 fsub.s           f14, f14, f11       f14=xxxxxxxx f14:c025f5c5 f11:404a1686
15629057ns          261664 1c00858c 68e776c3 fmadd.s          f13, f14, f14, f13  f13=xxxxxxxx f14:c0b80626 f14:c0b80626 f13:44d6524c
15629077ns          261665 1c008584 0046270b p.lw             x14, 4(x12!)        x14=00000000 x12=10001704 x12:10001700  PA:10001700
15629117ns          261667 1c008588 08b77753 fsub.s           f14, f14, f11       f14=xxxxxxxx f14:00000000 f11:404a1686
15629137ns          261668 1c00858c 68e776c3 fmadd.s          f13, f14, f14, f13  f13=xxxxxxxx f14:c04a1686 f14:c04a1686 f13:44da7493
15629157ns          261669 1c008584 0046270b p.lw             x14, 4(x12!)        x14=00000000 x12=10001708 x12:10001704  PA:10001704
15629196ns          261671 1c008588 08b77753 fsub.s           f14, f14, f11       f14=xxxxxxxx f14:00000000 f11:404a1686
15629216ns          261672 1c00858c 68e776c3 fmadd.s          f13, f14, f14, f13  f13=xxxxxxxx f14:c04a1686 f14:c04a1686 f13:44dbb3a2
15629236ns          261673 1c008584 0046270b p.lw             x14, 4(x12!)        x14=00000000 x12=1000170c x12:10001708  PA:10001708
15629276ns          261675 1c008588 08b77753 fsub.s           f14, f14, f11       f14=xxxxxxxx f14:00000000 f11:404a1686
15629296ns          261676 1c00858c 68e776c3 fmadd.s          f13, f14, f14, f13  f13=xxxxxxxx f14:c04a1686 f14:c04a1686 f13:44dcf2b1
15629316ns          261677 1c008584 0046270b p.lw             x14, 4(x12!)        x14=00000000 x12=10001710 x12:1000170c  PA:1000170c
15629356ns          261679 1c008588 08b77753 fsub.s           f14, f14, f11       f14=xxxxxxxx f14:00000000 f11:404a1686
15629376ns          261680 1c00858c 68e776c3 fmadd.s          f13, f14, f14, f13  f13=xxxxxxxx f14:c04a1686 f14:c04a1686 f13:44de31c0
15629395ns          261681 1c008584 0046270b p.lw             x14, 4(x12!)        x14=00000000 x12=10001714 x12:10001710  PA:10001710
15629435ns          261683 1c008588 08b77753 fsub.s           f14, f14, f11       f14=xxxxxxxx f14:00000000 f11:404a1686
15629455ns          261684 1c00858c 68e776c3 fmadd.s          f13, f14, f14, f13  f13=xxxxxxxx f14:c04a1686 f14:c04a1686 f13:44df70cf
15629475ns          261685 1c008584 0046270b p.lw             x14, 4(x12!)        x14=40985e0b x12=10001718 x12:10001714  PA:10001714
15629515ns          261687 1c008588 08b77753 fsub.s           f14, f14, f11       f14=xxxxxxxx f14:40985e0b f11:404a1686
15629535ns          261688 1c00858c 68e776c3 fmadd.s          f13, f14, f14, f13  f13=xxxxxxxx f14:3fcd4b20 f14:3fcd4b20 f13:44e0afde
15629555ns          261689 1c008584 0046270b p.lw             x14, 4(x12!)        x14=3fe89110 x12=1000171c x12:10001718  PA:10001718
15629594ns          261691 1c008588 08b77753 fsub.s           f14, f14, f11       f14=xxxxxxxx f14:3fe89110 f11:404a1686
15629614ns          261692 1c00858c 68e776c3 fmadd.s          f13, f14, f14, f13  f13=xxxxxxxx f14:bfab9bfc f14:bfab9bfc f13:44e1022f
15629634ns          261693 1c008584 0046270b p.lw             x14, 4(x12!)        x14=c000bd41 x12=10001720 x12:1000171c  PA:1000171c
15629674ns          261695 1c008588 08b77753 fsub.s           f14, f14, f11       f14=xxxxxxxx f14:c000bd41 f11:404a1686
15629694ns          261696 1c00858c 68e776c3 fmadd.s          f13, f14, f14, f13  f13=xxxxxxxx f14:c0a569e4 f14:c0a569e4 f13:44e13bb4
15629714ns          261697 1c008584 0046270b p.lw             x14, 4(x12!)        x14=404a5cad x12=10001724 x12:10001720  PA:10001720
15629753ns          261699 1c008588 08b77753 fsub.s           f14, f14, f11       f14=xxxxxxxx f14:404a5cad f11:404a1686
15629773ns          261700 1c00858c 68e776c3 fmadd.s          f13, f14, f14, f13  f13=xxxxxxxx f14:3b8c4e00 f14:3b8c4e00 f13:44e492c1
15629793ns          261701 1c008584 0046270b p.lw             x14, 4(x12!)        x14=beacbdd4 x12=10001728 x12:10001724  PA:10001724
15629833ns          261703 1c008588 08b77753 fsub.s           f14, f14, f11       f14=xxxxxxxx f14:beacbdd4 f11:404a1686
15629853ns          261704 1c00858c 68e776c3 fmadd.s          f13, f14, f14, f13  f13=xxxxxxxx f14:c05fae40 f14:c05fae40 f13:44e492c1
15629873ns          261705 1c008584 0046270b p.lw             x14, 4(x12!)        x14=00000000 x12=1000172c x12:10001728  PA:10001728
15629913ns          261707 1c008588 08b77753 fsub.s           f14, f14, f11       f14=xxxxxxxx f14:00000000 f11:404a1686
15629932ns          261708 1c00858c 68e776c3 fmadd.s          f13, f14, f14, f13  f13=xxxxxxxx f14:c04a1686 f14:c04a1686 f13:44e619a3
15629952ns          261709 1c008584 0046270b p.lw             x14, 4(x12!)        x14=00000000 x12=10001730 x12:1000172c  PA:1000172c
15629992ns          261711 1c008588 08b77753 fsub.s           f14, f14, f11       f14=xxxxxxxx f14:00000000 f11:404a1686
15630012ns          261712 1c00858c 68e776c3 fmadd.s          f13, f14, f14, f13  f13=xxxxxxxx f14:c04a1686 f14:c04a1686 f13:44e758b2
15630032ns          261713 1c008584 0046270b p.lw             x14, 4(x12!)        x14=00000000 x12=10001734 x12:10001730  PA:10001730
15630072ns          261715 1c008588 08b77753 fsub.s           f14, f14, f11       f14=xxxxxxxx f14:00000000 f11:404a1686
15630092ns          261716 1c00858c 68e776c3 fmadd.s          f13, f14, f14, f13  f13=xxxxxxxx f14:c04a1686 f14:c04a1686 f13:44e897c1
15630111ns          261717 1c008584 0046270b p.lw             x14, 4(x12!)        x14=00000000 x12=10001738 x12:10001734  PA:10001734
15630151ns          261719 1c008588 08b77753 fsub.s           f14, f14, f11       f14=xxxxxxxx f14:00000000 f11:404a1686
15630171ns          261720 1c00858c 68e776c3 fmadd.s          f13, f14, f14, f13  f13=xxxxxxxx f14:c04a1686 f14:c04a1686 f13:44e9d6d0
15630191ns          261721 1c008584 0046270b p.lw             x14, 4(x12!)        x14=00000000 x12=1000173c x12:10001738  PA:10001738
15630231ns          261723 1c008588 08b77753 fsub.s           f14, f14, f11       f14=xxxxxxxx f14:00000000 f11:404a1686
15630251ns          261724 1c00858c 68e776c3 fmadd.s          f13, f14, f14, f13  f13=xxxxxxxx f14:c04a1686 f14:c04a1686 f13:44eb15df
15630271ns          261725 1c008584 0046270b p.lw             x14, 4(x12!)        x14=00000000 x12=10001740 x12:1000173c  PA:1000173c
15630310ns          261727 1c008588 08b77753 fsub.s           f14, f14, f11       f14=xxxxxxxx f14:00000000 f11:404a1686
15630330ns          261728 1c00858c 68e776c3 fmadd.s          f13, f14, f14, f13  f13=xxxxxxxx f14:c04a1686 f14:c04a1686 f13:44ec54ee
15630350ns          261729 1c008584 0046270b p.lw             x14, 4(x12!)        x14=40700588 x12=10001744 x12:10001740  PA:10001740
15630390ns          261731 1c008588 08b77753 fsub.s           f14, f14, f11       f14=xxxxxxxx f14:40700588 f11:404a1686
15630410ns          261732 1c00858c 68e776c3 fmadd.s          f13, f14, f14, f13  f13=xxxxxxxx f14:3f17bc08 f14:3f17bc08 f13:44ed93fd
15630430ns          261733 1c008584 0046270b p.lw             x14, 4(x12!)        x14=c0154254 x12=10001748 x12:10001744  PA:10001744
15630469ns          261735 1c008588 08b77753 fsub.s           f14, f14, f11       f14=xxxxxxxx f14:c0154254 f11:404a1686
15630489ns          261736 1c00858c 68e776c3 fmadd.s          f13, f14, f14, f13  f13=xxxxxxxx f14:c0afac6d f14:c0afac6d f13:44ed9f3b
15630509ns          261737 1c008584 0046270b p.lw             x14, 4(x12!)        x14=c0897ba8 x12=1000174c x12:10001748  PA:10001748
15630549ns          261739 1c008588 08b77753 fsub.s           f14, f14, f11       f14=xxxxxxxx f14:c0897ba8 f11:404a1686
15630569ns          261740 1c00858c 68e776c3 fmadd.s          f13, f14, f14, f13  f13=xxxxxxxx f14:c0ee86eb f14:c0ee86eb f13:44f163a5
15630589ns          261741 1c008584 0046270b p.lw             x14, 4(x12!)        x14=c00ae1c5 x12=10001750 x12:1000174c  PA:1000174c
15630629ns          261743 1c008588 08b77753 fsub.s           f14, f14, f11       f14=xxxxxxxx f14:c00ae1c5 f11:404a1686
15630649ns          261744 1c00858c 68e776c3 fmadd.s          f13, f14, f14, f13  f13=xxxxxxxx f14:c0aa7c26 f14:c0aa7c26 f13:44f8559e
15630668ns          261745 1c008584 0046270b p.lw             x14, 4(x12!)        x14=00000000 x12=10001754 x12:10001750  PA:10001750
15630708ns          261747 1c008588 08b77753 fsub.s           f14, f14, f11       f14=xxxxxxxx f14:00000000 f11:404a1686
15630728ns          261748 1c00858c 68e776c3 fmadd.s          f13, f14, f14, f13  f13=xxxxxxxx f14:c04a1686 f14:c04a1686 f13:44fbe1e7
15630748ns          261749 1c008584 0046270b p.lw             x14, 4(x12!)        x14=00000000 x12=10001758 x12:10001754  PA:10001754
15630788ns          261751 1c008588 08b77753 fsub.s           f14, f14, f11       f14=xxxxxxxx f14:00000000 f11:404a1686
15630808ns          261752 1c00858c 68e776c3 fmadd.s          f13, f14, f14, f13  f13=xxxxxxxx f14:c04a1686 f14:c04a1686 f13:44fd20f6
15630828ns          261753 1c008584 0046270b p.lw             x14, 4(x12!)        x14=00000000 x12=1000175c x12:10001758  PA:10001758
15630867ns          261755 1c008588 08b77753 fsub.s           f14, f14, f11       f14=xxxxxxxx f14:00000000 f11:404a1686
15630887ns          261756 1c00858c 68e776c3 fmadd.s          f13, f14, f14, f13  f13=xxxxxxxx f14:c04a1686 f14:c04a1686 f13:44fe6005
15630907ns          261757 1c008584 0046270b p.lw             x14, 4(x12!)        x14=00000000 x12=10001760 x12:1000175c  PA:1000175c
15630947ns          261759 1c008588 08b77753 fsub.s           f14, f14, f11       f14=xxxxxxxx f14:00000000 f11:404a1686
15630967ns          261760 1c00858c 68e776c3 fmadd.s          f13, f14, f14, f13  f13=xxxxxxxx f14:c04a1686 f14:c04a1686 f13:44ff9f14
15630987ns          261761 1c008584 0046270b p.lw             x14, 4(x12!)        x14=00000000 x12=10001764 x12:10001760  PA:10001760
15631026ns          261763 1c008588 08b77753 fsub.s           f14, f14, f11       f14=xxxxxxxx f14:00000000 f11:404a1686
15631046ns          261764 1c00858c 68e776c3 fmadd.s          f13, f14, f14, f13  f13=xxxxxxxx f14:c04a1686 f14:c04a1686 f13:45006f12
15631066ns          261765 1c008584 0046270b p.lw             x14, 4(x12!)        x14=00000000 x12=10001768 x12:10001764  PA:10001764
15631106ns          261767 1c008588 08b77753 fsub.s           f14, f14, f11       f14=xxxxxxxx f14:00000000 f11:404a1686
15631126ns          261768 1c00858c 68e776c3 fmadd.s          f13, f14, f14, f13  f13=xxxxxxxx f14:c04a1686 f14:c04a1686 f13:45010e9a
15631146ns          261769 1c008584 0046270b p.lw             x14, 4(x12!)        x14=00000000 x12=1000176c x12:10001768  PA:10001768
15631186ns          261771 1c008588 08b77753 fsub.s           f14, f14, f11       f14=xxxxxxxx f14:00000000 f11:404a1686
15631205ns          261772 1c00858c 68e776c3 fmadd.s          f13, f14, f14, f13  f13=xxxxxxxx f14:c04a1686 f14:c04a1686 f13:4501ae22
15631225ns          261773 1c008584 0046270b p.lw             x14, 4(x12!)        x14=40851289 x12=10001770 x12:1000176c  PA:1000176c
15631265ns          261775 1c008588 08b77753 fsub.s           f14, f14, f11       f14=xxxxxxxx f14:40851289 f11:404a1686
15631285ns          261776 1c00858c 68e776c3 fmadd.s          f13, f14, f14, f13  f13=xxxxxxxx f14:3f801d18 f14:3f801d18 f13:45024daa
15631305ns          261777 1c008584 0046270b p.lw             x14, 4(x12!)        x14=c0187ca7 x12=10001774 x12:10001770  PA:10001770
15631345ns          261779 1c008588 08b77753 fsub.s           f14, f14, f11       f14=xxxxxxxx f14:c0187ca7 f11:404a1686
15631365ns          261780 1c00858c 68e776c3 fmadd.s          f13, f14, f14, f13  f13=xxxxxxxx f14:c0b14996 f14:c0b14996 f13:45025db1
15631384ns          261781 1c008584 0046270b p.lw             x14, 4(x12!)        x14=4082c17a x12=10001778 x12:10001774  PA:10001774
15631424ns          261783 1c008588 08b77753 fsub.s           f14, f14, f11       f14=xxxxxxxx f14:4082c17a f11:404a1686
15631444ns          261784 1c00858c 68e776c3 fmadd.s          f13, f14, f14, f13  f13=xxxxxxxx f14:3f6db1b8 f14:3f6db1b8 f13:450448cc
15631464ns          261785 1c008584 0046270b p.lw             x14, 4(x12!)        x14=00000000 x12=1000177c x12:10001778  PA:10001778
15631504ns          261787 1c008588 08b77753 fsub.s           f14, f14, f11       f14=xxxxxxxx f14:00000000 f11:404a1686
15631524ns          261788 1c00858c 68e776c3 fmadd.s          f13, f14, f14, f13  f13=xxxxxxxx f14:c04a1686 f14:c04a1686 f13:45045697
15631544ns          261789 1c008584 0046270b p.lw             x14, 4(x12!)        x14=00000000 x12=10001780 x12:1000177c  PA:1000177c
15631583ns          261791 1c008588 08b77753 fsub.s           f14, f14, f11       f14=xxxxxxxx f14:00000000 f11:404a1686
15631603ns          261792 1c00858c 68e776c3 fmadd.s          f13, f14, f14, f13  f13=xxxxxxxx f14:c04a1686 f14:c04a1686 f13:4504f61f
15631623ns          261793 1c008584 0046270b p.lw             x14, 4(x12!)        x14=00000000 x12=10001784 x12:10001780  PA:10001780
15631663ns          261795 1c008588 08b77753 fsub.s           f14, f14, f11       f14=xxxxxxxx f14:00000000 f11:404a1686
15631683ns          261796 1c00858c 68e776c3 fmadd.s          f13, f14, f14, f13  f13=xxxxxxxx f14:c04a1686 f14:c04a1686 f13:450595a7
15631703ns          261797 1c008584 0046270b p.lw             x14, 4(x12!)        x14=00000000 x12=10001788 x12:10001784  PA:10001784
15631743ns          261799 1c008588 08b77753 fsub.s           f14, f14, f11       f14=xxxxxxxx f14:00000000 f11:404a1686
15631762ns          261800 1c00858c 68e776c3 fmadd.s          f13, f14, f14, f13  f13=xxxxxxxx f14:c04a1686 f14:c04a1686 f13:4506352f
15631782ns          261801 1c008584 0046270b p.lw             x14, 4(x12!)        x14=00000000 x12=1000178c x12:10001788  PA:10001788
15631822ns          261803 1c008588 08b77753 fsub.s           f14, f14, f11       f14=xxxxxxxx f14:00000000 f11:404a1686
15631842ns          261804 1c00858c 68e776c3 fmadd.s          f13, f14, f14, f13  f13=xxxxxxxx f14:c04a1686 f14:c04a1686 f13:4506d4b7
15631862ns          261805 1c008584 0046270b p.lw             x14, 4(x12!)        x14=00000000 x12=10001790 x12:1000178c  PA:1000178c
15631902ns          261807 1c008588 08b77753 fsub.s           f14, f14, f11       f14=xxxxxxxx f14:00000000 f11:404a1686
15631922ns          261808 1c00858c 68e776c3 fmadd.s          f13, f14, f14, f13  f13=xxxxxxxx f14:c04a1686 f14:c04a1686 f13:4507743f
15631941ns          261809 1c008584 0046270b p.lw             x14, 4(x12!)        x14=00000000 x12=10001794 x12:10001790  PA:10001790
15631981ns          261811 1c008588 08b77753 fsub.s           f14, f14, f11       f14=xxxxxxxx f14:00000000 f11:404a1686
15632001ns          261812 1c00858c 68e776c3 fmadd.s          f13, f14, f14, f13  f13=xxxxxxxx f14:c04a1686 f14:c04a1686 f13:450813c7
15632021ns          261813 1c008584 0046270b p.lw             x14, 4(x12!)        x14=00000000 x12=10001798 x12:10001794  PA:10001794
15632061ns          261815 1c008588 08b77753 fsub.s           f14, f14, f11       f14=xxxxxxxx f14:00000000 f11:404a1686
15632081ns          261816 1c00858c 68e776c3 fmadd.s          f13, f14, f14, f13  f13=xxxxxxxx f14:c04a1686 f14:c04a1686 f13:4508b34f
15632101ns          261817 1c008584 0046270b p.lw             x14, 4(x12!)        x14=3fed8bfe x12=1000179c x12:10001798  PA:10001798
15632140ns          261819 1c008588 08b77753 fsub.s           f14, f14, f11       f14=xxxxxxxx f14:3fed8bfe f11:404a1686
15632160ns          261820 1c00858c 68e776c3 fmadd.s          f13, f14, f14, f13  f13=xxxxxxxx f14:bfa6a10e f14:bfa6a10e f13:450952d7
15632180ns          261821 1c008584 0046270b p.lw             x14, 4(x12!)        x14=bfd1a1ba x12=100017a0 x12:1000179c  PA:1000179c
15632220ns          261823 1c008588 08b77753 fsub.s           f14, f14, f11       f14=xxxxxxxx f14:bfd1a1ba f11:404a1686
15632240ns          261824 1c00858c 68e776c3 fmadd.s          f13, f14, f14, f13  f13=xxxxxxxx f14:c09973b2 f14:c09973b2 f13:45096df4
15632260ns          261825 1c008584 0046270b p.lw             x14, 4(x12!)        x14=00000000 x12=100017a4 x12:100017a0  PA:100017a0
15632299ns          261827 1c008588 08b77753 fsub.s           f14, f14, f11       f14=xxxxxxxx f14:00000000 f11:404a1686
15632319ns          261828 1c00858c 68e776c3 fmadd.s          f13, f14, f14, f13  f13=xxxxxxxx f14:c04a1686 f14:c04a1686 f13:450adde2
15632339ns          261829 1c008584 0046270b p.lw             x14, 4(x12!)        x14=00000000 x12=100017a8 x12:100017a4  PA:100017a4
15632379ns          261831 1c008588 08b77753 fsub.s           f14, f14, f11       f14=xxxxxxxx f14:00000000 f11:404a1686
15632399ns          261832 1c00858c 68e776c3 fmadd.s          f13, f14, f14, f13  f13=xxxxxxxx f14:c04a1686 f14:c04a1686 f13:450b7d6a
15632419ns          261833 1c008584 0046270b p.lw             x14, 4(x12!)        x14=00000000 x12=100017ac x12:100017a8  PA:100017a8
15632459ns          261835 1c008588 08b77753 fsub.s           f14, f14, f11       f14=xxxxxxxx f14:00000000 f11:404a1686
15632478ns          261836 1c00858c 68e776c3 fmadd.s          f13, f14, f14, f13  f13=xxxxxxxx f14:c04a1686 f14:c04a1686 f13:450c1cf2
15632498ns          261837 1c008584 0046270b p.lw             x14, 4(x12!)        x14=00000000 x12=100017b0 x12:100017ac  PA:100017ac
15632538ns          261839 1c008588 08b77753 fsub.s           f14, f14, f11       f14=xxxxxxxx f14:00000000 f11:404a1686
15632558ns          261840 1c00858c 68e776c3 fmadd.s          f13, f14, f14, f13  f13=xxxxxxxx f14:c04a1686 f14:c04a1686 f13:450cbc7a
15632578ns          261841 1c008584 0046270b p.lw             x14, 4(x12!)        x14=00000000 x12=100017b4 x12:100017b0  PA:100017b0
15632618ns          261843 1c008588 08b77753 fsub.s           f14, f14, f11       f14=xxxxxxxx f14:00000000 f11:404a1686
15632638ns          261844 1c00858c 68e776c3 fmadd.s          f13, f14, f14, f13  f13=xxxxxxxx f14:c04a1686 f14:c04a1686 f13:450d5c02
15632657ns          261845 1c008584 0046270b p.lw             x14, 4(x12!)        x14=00000000 x12=100017b8 x12:100017b4  PA:100017b4
15632697ns          261847 1c008588 08b77753 fsub.s           f14, f14, f11       f14=xxxxxxxx f14:00000000 f11:404a1686
15632717ns          261848 1c00858c 68e776c3 fmadd.s          f13, f14, f14, f13  f13=xxxxxxxx f14:c04a1686 f14:c04a1686 f13:450dfb8a
15632737ns          261849 1c008584 0046270b p.lw             x14, 4(x12!)        x14=00000000 x12=100017bc x12:100017b8  PA:100017b8
15632777ns          261851 1c008588 08b77753 fsub.s           f14, f14, f11       f14=xxxxxxxx f14:00000000 f11:404a1686
15632797ns          261852 1c00858c 68e776c3 fmadd.s          f13, f14, f14, f13  f13=xxxxxxxx f14:c04a1686 f14:c04a1686 f13:450e9b12
15632817ns          261853 1c008584 0046270b p.lw             x14, 4(x12!)        x14=00000000 x12=100017c0 x12:100017bc  PA:100017bc
15632856ns          261855 1c008588 08b77753 fsub.s           f14, f14, f11       f14=xxxxxxxx f14:00000000 f11:404a1686
15632876ns          261856 1c00858c 68e776c3 fmadd.s          f13, f14, f14, f13  f13=xxxxxxxx f14:c04a1686 f14:c04a1686 f13:450f3a9a
15632896ns          261857 1c008584 0046270b p.lw             x14, 4(x12!)        x14=00000000 x12=100017c4 x12:100017c0  PA:100017c0
15632936ns          261859 1c008588 08b77753 fsub.s           f14, f14, f11       f14=xxxxxxxx f14:00000000 f11:404a1686
15632956ns          261860 1c00858c 68e776c3 fmadd.s          f13, f14, f14, f13  f13=xxxxxxxx f14:c04a1686 f14:c04a1686 f13:450fda22
15632976ns          261861 1c008584 0046270b p.lw             x14, 4(x12!)        x14=3f2f9b86 x12=100017c8 x12:100017c4  PA:100017c4
15633016ns          261863 1c008588 08b77753 fsub.s           f14, f14, f11       f14=xxxxxxxx f14:3f2f9b86 f11:404a1686
15633035ns          261864 1c00858c 68e776c3 fmadd.s          f13, f14, f14, f13  f13=xxxxxxxx f14:c01e2fa4 f14:c01e2fa4 f13:451079aa
15633055ns          261865 1c008590 1c0007b7 lui              x15, 0x1c000000     x15=1c000000
15633075ns          261866 1c008594 0247a903 lw               x18, 36(x15)        x18=42c60000 x15:1c000000  PA:1c000024
15633413ns          261883 1c008598 1926f953 fdiv.s           f18, f13, f18       f18=xxxxxxxx f13:4510db69 f18:42c60000
15633811ns          261903 1c00859c 78b010ef jal              x1, 8074             x1=xxxxxxxx
15634090ns          261917 1c00a526 f14027f3 csrrs            x15, x0, 0xf14      x15=00000002
15634110ns          261918 1c00a52a 01f00713 addi             x14, x0, 31         x14=0000001f
15634129ns          261919 1c00a52c ca5797b3 p.extractu       x15, x15, 5, 5      x15=00000000 x15:00000002
15634149ns          261920 1c00a530 00e78863 beq              x15, x14, 16        x15:00000000 x14:0000001f
15634169ns          261921 1c00a534 002047b7 lui              x15, 0x204000       x15=00204000
15634189ns          261922 1c00a538 20078793 addi             x15, x15, 512       x15=00204200 x15:00204000
15634209ns          261923 1c00a53c 01c7e703 p.elw            x14, 28(x15)        x14=00010000 x15:00204200  PA:0020421c
16270912ns          293933 1c00a540 00008067 jalr             x0, x1, 0            x1:1c0085a0
16270952ns          293935 1c0085a0 00441793 slli             x15, x8, 0x4        x15=00000020  x8:00000002
16270972ns          293936 1c0085a4 009787b3 add              x15, x15, x9        x15=1c010020 x15:00000020  x9:1c010000
16270991ns          293937 1c0085a6 6407aa83 lw               x21, 1600(x15)      x21=439de20b x15:1c010020  PA:1c010660
16271469ns          293961 1c0085aa 00241413 slli             x8, x8, 0x2          x8=00000008  x8:00000002
16271489ns          293962 1c0085ac 00140793 addi             x15, x8, 1          x15=00000009  x8:00000008
16271509ns          293963 1c0085b0 a1598753 fle.s            x14, f19, f21       x14=00000001 f19:439de199 f21:439de20b
16271548ns          293965 1c0085b4 00279793 slli             x15, x15, 0x2       x15=00000024 x15:00000009
16271568ns          293966 1c0085b6 009787b3 add              x15, x15, x9        x15=1c010024 x15:00000024  x9:1c010000
16271588ns          293967 1c0085b8 6407aa03 lw               x20, 1600(x15)      x20=439de13d x15:1c010024  PA:1c010664
16272026ns          293989 1c0085bc 28071663 bne              x14, x0, 652        x14:00000001
16272145ns          293995 1c008848 a13a07d3 fle.s            x15, f20, f19       x15=00000001 f20:439de13d f19:439de199
16272185ns          293997 1c00884c 00100693 addi             x13, x0, 1          x13=00000001
16272642ns          294020 1c00884e ec0792e3 bne              x15, x0, -316       x15:00000001
16273160ns          294046 1c008712 00240793 addi             x15, x8, 2          x15=0000000a  x8:00000008
16273179ns          294047 1c008716 00279793 slli             x15, x15, 0x2       x15=00000028 x15:0000000a
16273199ns          294048 1c008718 009787b3 add              x15, x15, x9        x15=1c010028 x15:00000028  x9:1c010000
16273219ns          294049 1c00871a 6407a983 lw               x19, 1600(x15)      x19=41bb4aaa x15:1c010028  PA:1c010668
16273637ns          294070 1c00871e 00340413 addi             x8, x8, 3            x8=0000000b  x8:00000008
16273657ns          294071 1c008720 a1390753 fle.s            x14, f18, f19       x14=00000001 f18:41bb4a3a f19:41bb4aaa
16273677ns          294072 1c008724 00241793 slli             x15, x8, 0x2        x15=0000002c  x8:0000000b
16273697ns          294073 1c008728 00f484b3 add              x9, x9, x15          x9=1c01002c  x9:1c010000 x15:0000002c
16273717ns          294074 1c00872a 6404a403 lw               x8, 1600(x9)         x8=41bb49b4  x9:1c01002c  PA:1c01066c
16274174ns          294097 1c00872e 12070363 beq              x14, x0, 294        x14:00000001
16274214ns          294099 1c008732 a12407d3 fle.s            x15, f8, f18        x15=00000001  f8:41bb49b4 f18:41bb4a3a
16274234ns          294100 1c008736 10078f63 beq              x15, x0, 286        x15:00000001
16274254ns          294101 1c00873a f14025f3 csrrs            x11, x0, 0xf14      x11=00000002
16274711ns          294124 1c00873e f455b5b3 p.bclr           x11, x11, 26, 5     x11=00000002 x11:00000002
16274751ns          294126 1c008742 26068663 beq              x13, x0, 620        x13:00000001
16274771ns          294127 1c008746 1c000537 lui              x10, 0x1c000000     x10=1c000000
16274791ns          294128 1c00874a 0c050513 addi             x10, x10, 192       x10=1c0000c0 x10:1c000000
16275228ns          294150 1c00874e 223000ef jal              x1, 2594             x1=1c008752
16275308ns          294154 1c009170 fc010113 addi             x2, x2, -64          x2=100015f8  x2:10001638
16275348ns          294156 1c009172 02410313 addi             x6, x2, 36           x6=1000161c  x2:100015f8
16275367ns          294157 1c009176 02c12423 sw               x12, 40(x2)         x12:100017c8  x2:100015f8  PA:10001620
16275387ns          294158 1c009178 00a00633 add              x12, x0, x10        x12=1c0000c0 x10:1c0000c0
16275407ns          294159 1c00917a 1c009537 lui              x10, 0x1c009000     x10=1c009000
16275427ns          294160 1c00917e 02b12223 sw               x11, 36(x2)         x11:00000002  x2:100015f8  PA:1000161c
16275447ns          294161 1c009180 02d12623 sw               x13, 44(x2)         x13:00000001  x2:100015f8  PA:10001624
16275467ns          294162 1c009182 00200593 addi             x11, x0, 2          x11=00000002
16275487ns          294163 1c009184 006006b3 add              x13, x0, x6         x13=1000161c  x6:1000161c
16275507ns          294164 1c009186 10450513 addi             x10, x10, 260       x10=1c009104 x10:1c009000
16275527ns          294165 1c00918a 00112e23 sw               x1, 28(x2)           x1:1c008752  x2:100015f8  PA:10001614
16275546ns          294166 1c00918c 02e12823 sw               x14, 48(x2)         x14:00000001  x2:100015f8  PA:10001628
16275566ns          294167 1c00918e 02f12a23 sw               x15, 52(x2)         x15:00000001  x2:100015f8  PA:1000162c
16275586ns          294168 1c009190 03012c23 sw               x16, 56(x2)         x16:3f09f17d  x2:100015f8  PA:10001630
16275606ns          294169 1c009192 03112e23 sw               x17, 60(x2)         x17:100017c4  x2:100015f8  PA:10001634
16275626ns          294170 1c009194 00612623 sw               x6, 12(x2)           x6:1000161c  x2:100015f8  PA:10001604
16275646ns          294171 1c009196 fbfff0ef jal              x1, -66              x1=1c009198
16275725ns          294175 1c009154 04a0006f jal              x0, 74             
16275765ns          294177 1c00919e ed010113 addi             x2, x2, -304         x2=100014c8  x2:100015f8
16275825ns          294180 1c0091a0 12812423 sw               x8, 296(x2)          x8:41bb49b4  x2:100014c8  PA:100015f0
16275865ns          294182 1c0091a4 00000413 addi             x8, x0, 0            x8=00000000
16275885ns          294183 1c0091a6 11612823 sw               x22, 272(x2)        x22:00000008  x2:100014c8  PA:100015d8
16275905ns          294184 1c0091aa 11712623 sw               x23, 268(x2)        x23:00000050  x2:100014c8  PA:100015d4
16275964ns          294187 1c0091ae 11812423 sw               x24, 264(x2)        x24:00000000  x2:100014c8  PA:100015d0
16276004ns          294189 1c0091b2 11912223 sw               x25, 260(x2)        x25:c14c666e  x2:100014c8  PA:100015cc
16276024ns          294190 1c0091b6 11a12023 sw               x26, 256(x2)        x26:4385a91c  x2:100014c8  PA:100015c8
16276044ns          294191 1c0091ba 0fb12e23 sw               x27, 252(x2)        x27:xxxxxxxx  x2:100014c8  PA:100015c4
16276064ns          294192 1c0091bc 12112623 sw               x1, 300(x2)          x1:1c009198  x2:100014c8  PA:100015f4
16276103ns          294194 1c0091c0 00800db3 add              x27, x0, x8         x27=00000000  x8:00000000
16276143ns          294196 1c0091c2 12912223 sw               x9, 292(x2)          x9:1c01002c  x2:100014c8  PA:100015ec
16276163ns          294197 1c0091c6 13212023 sw               x18, 288(x2)        x18:41bb4a3a  x2:100014c8  PA:100015e8
16276183ns          294198 1c0091ca 11312e23 sw               x19, 284(x2)        x19:41bb4aaa  x2:100014c8  PA:100015e4
16276243ns          294201 1c0091ce 11412c23 sw               x20, 280(x2)        x20:439de13d  x2:100014c8  PA:100015e0
16276282ns          294203 1c0091d2 11512a23 sw               x21, 276(x2)        x21:439de20b  x2:100014c8  PA:100015dc
16276302ns          294204 1c0091d6 00a00b33 add              x22, x0, x10        x22=1c009104 x10:1c009104
16276322ns          294205 1c0091d8 00b00d33 add              x26, x0, x11        x26=00000002 x11:00000002
16276342ns          294206 1c0091da 00d00c33 add              x24, x0, x13        x24=1000161c x13:1000161c
16276362ns          294207 1c0091dc 1c000bb7 lui              x23, 0x1c000000     x23=1c000000
16276382ns          294208 1c0091e0 02410c93 addi             x25, x2, 36         x25=100014ec  x2:100014c8
16276422ns          294210 1c0091e4 00c00433 add              x8, x0, x12          x8=1c0000c0 x12:1c0000c0
16276442ns          294211 1c0091e6 00044503 lbu              x10, 0(x8)          x10=0000006b  x8:1c0000c0  PA:1c0000c0
16276740ns          294226 1c0091ea 00140413 addi             x8, x8, 1            x8=1c0000c1  x8:1c0000c0
16276760ns          294227 1c0091ec 00050e63 beq              x10, x0, 28         x10:0000006b
16276780ns          294228 1c0091ee 02500793 addi             x15, x0, 37         x15=00000025
16276800ns          294229 1c0091f2 04f50863 beq              x10, x15, 80        x10:0000006b x15:00000025
16276819ns          294230 1c0091f6 01a005b3 add              x11, x0, x26        x11=00000002 x26:00000002
16276839ns          294231 1c0091f8 000b00e7 jalr             x1, x22, 0           x1=1c0091fa x22:1c009104
16276979ns          294238 1c009104 000026b7 lui              x13, 0x2000         x13=00002000
16277018ns          294240 1c009106 f14027f3 csrrs            x15, x0, 0xf14      x15=00000002
16277038ns          294241 1c00910a f8068693 addi             x13, x13, -128      x13=00001f80 x13:00002000
16277098ns          294244 1c00910e 00379713 slli             x14, x15, 0x3       x14=00000010 x15:00000002
16277118ns          294245 1c009112 00279793 slli             x15, x15, 0x2       x15=00000008 x15:00000002
16277138ns          294246 1c009114 00d7f7b3 and              x15, x15, x13       x15=00000000 x15:00000008 x13:00001f80
16277158ns          294247 1c009116 ee873733 p.bclr           x14, x14, 23, 8     x14=00000010 x14:00000010
16277178ns          294248 1c00911a 1a10f6b7 lui              x13, 0x1a10f000     x13=1a10f000
16277237ns          294251 1c00911e 0ff57513 andi             x10, x10, 255       x10=0000006b x10:0000006b
16277257ns          294252 1c009122 00d70733 add              x14, x14, x13       x14=1a10f010 x14:00000010 x13:1a10f000
16277277ns          294253 1c009124 00a7e723 p.sw             x10, x0(x15)        x10:0000006b x15:00000000  PA:1a10f010
16277635ns          294271 1c009128 00000513 addi             x10, x0, 0          x10=00000000
16277655ns          294272 1c00912a 00008067 jalr             x0, x1, 0            x1:1c0091fa
16277715ns          294275 1c0091fa 31f52563 p.beqimm         x10, 778            x10:00000000
16277734ns          294276 1c0091fe 001d8d93 addi             x27, x27, 1         x27=00000001 x27:00000000
16277774ns          294278 1c009200 00044503 lbu              x10, 0(x8)          x10=00000065  x8:1c0000c1  PA:1c0000c1
16278092ns          294294 1c009204 00140413 addi             x8, x8, 1            x8=1c0000c2  x8:1c0000c1
16278112ns          294295 1c009206 fe0514e3 bne              x10, x0, -24        x10:00000065
16278192ns          294299 1c0091ee 02500793 addi             x15, x0, 37         x15=00000025
16278212ns          294300 1c0091f2 04f50863 beq              x10, x15, 80        x10:00000065 x15:00000025
16278232ns          294301 1c0091f6 01a005b3 add              x11, x0, x26        x11=00000002 x26:00000002
16278252ns          294302 1c0091f8 000b00e7 jalr             x1, x22, 0           x1=1c0091fa x22:1c009104
16278291ns          294304 1c009104 000026b7 lui              x13, 0x2000         x13=00002000
16278311ns          294305 1c009106 f14027f3 csrrs            x15, x0, 0xf14      x15=00000002
16278331ns          294306 1c00910a f8068693 addi             x13, x13, -128      x13=00001f80 x13:00002000
16278391ns          294309 1c00910e 00379713 slli             x14, x15, 0x3       x14=00000010 x15:00000002
16278411ns          294310 1c009112 00279793 slli             x15, x15, 0x2       x15=00000008 x15:00000002
16278431ns          294311 1c009114 00d7f7b3 and              x15, x15, x13       x15=00000000 x15:00000008 x13:00001f80
16278451ns          294312 1c009116 ee873733 p.bclr           x14, x14, 23, 8     x14=00000010 x14:00000010
16278470ns          294313 1c00911a 1a10f6b7 lui              x13, 0x1a10f000     x13=1a10f000
16278490ns          294314 1c00911e 0ff57513 andi             x10, x10, 255       x10=00000065 x10:00000065
16278510ns          294315 1c009122 00d70733 add              x14, x14, x13       x14=1a10f010 x14:00000010 x13:1a10f000
16278530ns          294316 1c009124 00a7e723 p.sw             x10, x0(x15)        x10:00000065 x15:00000000  PA:1a10f010
16278848ns          294332 1c009128 00000513 addi             x10, x0, 0          x10=00000000
16278868ns          294333 1c00912a 00008067 jalr             x0, x1, 0            x1:1c0091fa
16278928ns          294336 1c0091fa 31f52563 p.beqimm         x10, 778            x10:00000000
16278948ns          294337 1c0091fe 001d8d93 addi             x27, x27, 1         x27=00000002 x27:00000001
16278968ns          294338 1c009200 00044503 lbu              x10, 0(x8)          x10=00000072  x8:1c0000c2  PA:1c0000c2
16279266ns          294353 1c009204 00140413 addi             x8, x8, 1            x8=1c0000c3  x8:1c0000c2
16279286ns          294354 1c009206 fe0514e3 bne              x10, x0, -24        x10:00000072
16279365ns          294358 1c0091ee 02500793 addi             x15, x0, 37         x15=00000025
16279385ns          294359 1c0091f2 04f50863 beq              x10, x15, 80        x10:00000072 x15:00000025
16279405ns          294360 1c0091f6 01a005b3 add              x11, x0, x26        x11=00000002 x26:00000002
16279425ns          294361 1c0091f8 000b00e7 jalr             x1, x22, 0           x1=1c0091fa x22:1c009104
16279465ns          294363 1c009104 000026b7 lui              x13, 0x2000         x13=00002000
16279485ns          294364 1c009106 f14027f3 csrrs            x15, x0, 0xf14      x15=00000002
16279505ns          294365 1c00910a f8068693 addi             x13, x13, -128      x13=00001f80 x13:00002000
16279525ns          294366 1c00910e 00379713 slli             x14, x15, 0x3       x14=00000010 x15:00000002
16279545ns          294367 1c009112 00279793 slli             x15, x15, 0x2       x15=00000008 x15:00000002
16279564ns          294368 1c009114 00d7f7b3 and              x15, x15, x13       x15=00000000 x15:00000008 x13:00001f80
16279584ns          294369 1c009116 ee873733 p.bclr           x14, x14, 23, 8     x14=00000010 x14:00000010
16279604ns          294370 1c00911a 1a10f6b7 lui              x13, 0x1a10f000     x13=1a10f000
16279624ns          294371 1c00911e 0ff57513 andi             x10, x10, 255       x10=00000072 x10:00000072
16279644ns          294372 1c009122 00d70733 add              x14, x14, x13       x14=1a10f010 x14:00000010 x13:1a10f000
16279664ns          294373 1c009124 00a7e723 p.sw             x10, x0(x15)        x10:00000072 x15:00000000  PA:1a10f010
16279982ns          294389 1c009128 00000513 addi             x10, x0, 0          x10=00000000
16280002ns          294390 1c00912a 00008067 jalr             x0, x1, 0            x1:1c0091fa
16280062ns          294393 1c0091fa 31f52563 p.beqimm         x10, 778            x10:00000000
16280082ns          294394 1c0091fe 001d8d93 addi             x27, x27, 1         x27=00000003 x27:00000002
16280101ns          294395 1c009200 00044503 lbu              x10, 0(x8)          x10=0000006e  x8:1c0000c3  PA:1c0000c3
16280400ns          294410 1c009204 00140413 addi             x8, x8, 1            x8=1c0000c4  x8:1c0000c3
16280420ns          294411 1c009206 fe0514e3 bne              x10, x0, -24        x10:0000006e
16280499ns          294415 1c0091ee 02500793 addi             x15, x0, 37         x15=00000025
16280519ns          294416 1c0091f2 04f50863 beq              x10, x15, 80        x10:0000006e x15:00000025
16280539ns          294417 1c0091f6 01a005b3 add              x11, x0, x26        x11=00000002 x26:00000002
16280559ns          294418 1c0091f8 000b00e7 jalr             x1, x22, 0           x1=1c0091fa x22:1c009104
16280599ns          294420 1c009104 000026b7 lui              x13, 0x2000         x13=00002000
16280619ns          294421 1c009106 f14027f3 csrrs            x15, x0, 0xf14      x15=00000002
16280639ns          294422 1c00910a f8068693 addi             x13, x13, -128      x13=00001f80 x13:00002000
16280658ns          294423 1c00910e 00379713 slli             x14, x15, 0x3       x14=00000010 x15:00000002
16280678ns          294424 1c009112 00279793 slli             x15, x15, 0x2       x15=00000008 x15:00000002
16280698ns          294425 1c009114 00d7f7b3 and              x15, x15, x13       x15=00000000 x15:00000008 x13:00001f80
16280718ns          294426 1c009116 ee873733 p.bclr           x14, x14, 23, 8     x14=00000010 x14:00000010
16280738ns          294427 1c00911a 1a10f6b7 lui              x13, 0x1a10f000     x13=1a10f000
16280758ns          294428 1c00911e 0ff57513 andi             x10, x10, 255       x10=0000006e x10:0000006e
16280778ns          294429 1c009122 00d70733 add              x14, x14, x13       x14=1a10f010 x14:00000010 x13:1a10f000
16280798ns          294430 1c009124 00a7e723 p.sw             x10, x0(x15)        x10:0000006e x15:00000000  PA:1a10f010
16281136ns          294447 1c009128 00000513 addi             x10, x0, 0          x10=00000000
16281156ns          294448 1c00912a 00008067 jalr             x0, x1, 0            x1:1c0091fa
16281215ns          294451 1c0091fa 31f52563 p.beqimm         x10, 778            x10:00000000
16281235ns          294452 1c0091fe 001d8d93 addi             x27, x27, 1         x27=00000004 x27:00000003
16281255ns          294453 1c009200 00044503 lbu              x10, 0(x8)          x10=00000065  x8:1c0000c4  PA:1c0000c4
16281573ns          294469 1c009204 00140413 addi             x8, x8, 1            x8=1c0000c5  x8:1c0000c4
16281593ns          294470 1c009206 fe0514e3 bne              x10, x0, -24        x10:00000065
16281673ns          294474 1c0091ee 02500793 addi             x15, x0, 37         x15=00000025
16281693ns          294475 1c0091f2 04f50863 beq              x10, x15, 80        x10:00000065 x15:00000025
16281713ns          294476 1c0091f6 01a005b3 add              x11, x0, x26        x11=00000002 x26:00000002
16281732ns          294477 1c0091f8 000b00e7 jalr             x1, x22, 0           x1=1c0091fa x22:1c009104
16281772ns          294479 1c009104 000026b7 lui              x13, 0x2000         x13=00002000
16281792ns          294480 1c009106 f14027f3 csrrs            x15, x0, 0xf14      x15=00000002
16281812ns          294481 1c00910a f8068693 addi             x13, x13, -128      x13=00001f80 x13:00002000
16281832ns          294482 1c00910e 00379713 slli             x14, x15, 0x3       x14=00000010 x15:00000002
16281852ns          294483 1c009112 00279793 slli             x15, x15, 0x2       x15=00000008 x15:00000002
16281872ns          294484 1c009114 00d7f7b3 and              x15, x15, x13       x15=00000000 x15:00000008 x13:00001f80
16281892ns          294485 1c009116 ee873733 p.bclr           x14, x14, 23, 8     x14=00000010 x14:00000010
16281912ns          294486 1c00911a 1a10f6b7 lui              x13, 0x1a10f000     x13=1a10f000
16281931ns          294487 1c00911e 0ff57513 andi             x10, x10, 255       x10=00000065 x10:00000065
16281951ns          294488 1c009122 00d70733 add              x14, x14, x13       x14=1a10f010 x14:00000010 x13:1a10f000
16281971ns          294489 1c009124 00a7e723 p.sw             x10, x0(x15)        x10:00000065 x15:00000000  PA:1a10f010
16282289ns          294505 1c009128 00000513 addi             x10, x0, 0          x10=00000000
16282309ns          294506 1c00912a 00008067 jalr             x0, x1, 0            x1:1c0091fa
16282369ns          294509 1c0091fa 31f52563 p.beqimm         x10, 778            x10:00000000
16282389ns          294510 1c0091fe 001d8d93 addi             x27, x27, 1         x27=00000005 x27:00000004
16282409ns          294511 1c009200 00044503 lbu              x10, 0(x8)          x10=0000006c  x8:1c0000c5  PA:1c0000c5
16282707ns          294526 1c009204 00140413 addi             x8, x8, 1            x8=1c0000c6  x8:1c0000c5
16282727ns          294527 1c009206 fe0514e3 bne              x10, x0, -24        x10:0000006c
16282807ns          294531 1c0091ee 02500793 addi             x15, x0, 37         x15=00000025
16282826ns          294532 1c0091f2 04f50863 beq              x10, x15, 80        x10:0000006c x15:00000025
16282846ns          294533 1c0091f6 01a005b3 add              x11, x0, x26        x11=00000002 x26:00000002
16282866ns          294534 1c0091f8 000b00e7 jalr             x1, x22, 0           x1=1c0091fa x22:1c009104
16282906ns          294536 1c009104 000026b7 lui              x13, 0x2000         x13=00002000
16282926ns          294537 1c009106 f14027f3 csrrs            x15, x0, 0xf14      x15=00000002
16282946ns          294538 1c00910a f8068693 addi             x13, x13, -128      x13=00001f80 x13:00002000
16282966ns          294539 1c00910e 00379713 slli             x14, x15, 0x3       x14=00000010 x15:00000002
16282986ns          294540 1c009112 00279793 slli             x15, x15, 0x2       x15=00000008 x15:00000002
16283006ns          294541 1c009114 00d7f7b3 and              x15, x15, x13       x15=00000000 x15:00000008 x13:00001f80
16283025ns          294542 1c009116 ee873733 p.bclr           x14, x14, 23, 8     x14=00000010 x14:00000010
16283045ns          294543 1c00911a 1a10f6b7 lui              x13, 0x1a10f000     x13=1a10f000
16283065ns          294544 1c00911e 0ff57513 andi             x10, x10, 255       x10=0000006c x10:0000006c
16283085ns          294545 1c009122 00d70733 add              x14, x14, x13       x14=1a10f010 x14:00000010 x13:1a10f000
16283105ns          294546 1c009124 00a7e723 p.sw             x10, x0(x15)        x10:0000006c x15:00000000  PA:1a10f010
16283423ns          294562 1c009128 00000513 addi             x10, x0, 0          x10=00000000
16283443ns          294563 1c00912a 00008067 jalr             x0, x1, 0            x1:1c0091fa
16283503ns          294566 1c0091fa 31f52563 p.beqimm         x10, 778            x10:00000000
16283523ns          294567 1c0091fe 001d8d93 addi             x27, x27, 1         x27=00000006 x27:00000005
16283543ns          294568 1c009200 00044503 lbu              x10, 0(x8)          x10=00000020  x8:1c0000c6  PA:1c0000c6
16283861ns          294584 1c009204 00140413 addi             x8, x8, 1            x8=1c0000c7  x8:1c0000c6
16283881ns          294585 1c009206 fe0514e3 bne              x10, x0, -24        x10:00000020
16283960ns          294589 1c0091ee 02500793 addi             x15, x0, 37         x15=00000025
16283980ns          294590 1c0091f2 04f50863 beq              x10, x15, 80        x10:00000020 x15:00000025
16284000ns          294591 1c0091f6 01a005b3 add              x11, x0, x26        x11=00000002 x26:00000002
16284020ns          294592 1c0091f8 000b00e7 jalr             x1, x22, 0           x1=1c0091fa x22:1c009104
16284060ns          294594 1c009104 000026b7 lui              x13, 0x2000         x13=00002000
16284080ns          294595 1c009106 f14027f3 csrrs            x15, x0, 0xf14      x15=00000002
16284099ns          294596 1c00910a f8068693 addi             x13, x13, -128      x13=00001f80 x13:00002000
16284119ns          294597 1c00910e 00379713 slli             x14, x15, 0x3       x14=00000010 x15:00000002
16284139ns          294598 1c009112 00279793 slli             x15, x15, 0x2       x15=00000008 x15:00000002
16284159ns          294599 1c009114 00d7f7b3 and              x15, x15, x13       x15=00000000 x15:00000008 x13:00001f80
16284179ns          294600 1c009116 ee873733 p.bclr           x14, x14, 23, 8     x14=00000010 x14:00000010
16284199ns          294601 1c00911a 1a10f6b7 lui              x13, 0x1a10f000     x13=1a10f000
16284219ns          294602 1c00911e 0ff57513 andi             x10, x10, 255       x10=00000020 x10:00000020
16284239ns          294603 1c009122 00d70733 add              x14, x14, x13       x14=1a10f010 x14:00000010 x13:1a10f000
16284259ns          294604 1c009124 00a7e723 p.sw             x10, x0(x15)        x10:00000020 x15:00000000  PA:1a10f010
16284577ns          294620 1c009128 00000513 addi             x10, x0, 0          x10=00000000
16284597ns          294621 1c00912a 00008067 jalr             x0, x1, 0            x1:1c0091fa
16284656ns          294624 1c0091fa 31f52563 p.beqimm         x10, 778            x10:00000000
16284676ns          294625 1c0091fe 001d8d93 addi             x27, x27, 1         x27=00000007 x27:00000006
16284696ns          294626 1c009200 00044503 lbu              x10, 0(x8)          x10=00000070  x8:1c0000c7  PA:1c0000c7
16284995ns          294641 1c009204 00140413 addi             x8, x8, 1            x8=1c0000c8  x8:1c0000c7
16285014ns          294642 1c009206 fe0514e3 bne              x10, x0, -24        x10:00000070
16285094ns          294646 1c0091ee 02500793 addi             x15, x0, 37         x15=00000025
16285114ns          294647 1c0091f2 04f50863 beq              x10, x15, 80        x10:00000070 x15:00000025
16285134ns          294648 1c0091f6 01a005b3 add              x11, x0, x26        x11=00000002 x26:00000002
16285154ns          294649 1c0091f8 000b00e7 jalr             x1, x22, 0           x1=1c0091fa x22:1c009104
16285193ns          294651 1c009104 000026b7 lui              x13, 0x2000         x13=00002000
16285213ns          294652 1c009106 f14027f3 csrrs            x15, x0, 0xf14      x15=00000002
16285233ns          294653 1c00910a f8068693 addi             x13, x13, -128      x13=00001f80 x13:00002000
16285253ns          294654 1c00910e 00379713 slli             x14, x15, 0x3       x14=00000010 x15:00000002
16285273ns          294655 1c009112 00279793 slli             x15, x15, 0x2       x15=00000008 x15:00000002
16285293ns          294656 1c009114 00d7f7b3 and              x15, x15, x13       x15=00000000 x15:00000008 x13:00001f80
16285313ns          294657 1c009116 ee873733 p.bclr           x14, x14, 23, 8     x14=00000010 x14:00000010
16285333ns          294658 1c00911a 1a10f6b7 lui              x13, 0x1a10f000     x13=1a10f000
16285353ns          294659 1c00911e 0ff57513 andi             x10, x10, 255       x10=00000070 x10:00000070
16285373ns          294660 1c009122 00d70733 add              x14, x14, x13       x14=1a10f010 x14:00000010 x13:1a10f000
16285392ns          294661 1c009124 00a7e723 p.sw             x10, x0(x15)        x10:00000070 x15:00000000  PA:1a10f010
16285711ns          294677 1c009128 00000513 addi             x10, x0, 0          x10=00000000
16285731ns          294678 1c00912a 00008067 jalr             x0, x1, 0            x1:1c0091fa
16285790ns          294681 1c0091fa 31f52563 p.beqimm         x10, 778            x10:00000000
16285810ns          294682 1c0091fe 001d8d93 addi             x27, x27, 1         x27=00000008 x27:00000007
16285830ns          294683 1c009200 00044503 lbu              x10, 0(x8)          x10=00000061  x8:1c0000c8  PA:1c0000c8
16286128ns          294698 1c009204 00140413 addi             x8, x8, 1            x8=1c0000c9  x8:1c0000c8
16286148ns          294699 1c009206 fe0514e3 bne              x10, x0, -24        x10:00000061
16286228ns          294703 1c0091ee 02500793 addi             x15, x0, 37         x15=00000025
16286248ns          294704 1c0091f2 04f50863 beq              x10, x15, 80        x10:00000061 x15:00000025
16286268ns          294705 1c0091f6 01a005b3 add              x11, x0, x26        x11=00000002 x26:00000002
16286287ns          294706 1c0091f8 000b00e7 jalr             x1, x22, 0           x1=1c0091fa x22:1c009104
16286327ns          294708 1c009104 000026b7 lui              x13, 0x2000         x13=00002000
16286347ns          294709 1c009106 f14027f3 csrrs            x15, x0, 0xf14      x15=00000002
16286367ns          294710 1c00910a f8068693 addi             x13, x13, -128      x13=00001f80 x13:00002000
16286387ns          294711 1c00910e 00379713 slli             x14, x15, 0x3       x14=00000010 x15:00000002
16286407ns          294712 1c009112 00279793 slli             x15, x15, 0x2       x15=00000008 x15:00000002
16286427ns          294713 1c009114 00d7f7b3 and              x15, x15, x13       x15=00000000 x15:00000008 x13:00001f80
16286447ns          294714 1c009116 ee873733 p.bclr           x14, x14, 23, 8     x14=00000010 x14:00000010
16286466ns          294715 1c00911a 1a10f6b7 lui              x13, 0x1a10f000     x13=1a10f000
16286486ns          294716 1c00911e 0ff57513 andi             x10, x10, 255       x10=00000061 x10:00000061
16286506ns          294717 1c009122 00d70733 add              x14, x14, x13       x14=1a10f010 x14:00000010 x13:1a10f000
16286526ns          294718 1c009124 00a7e723 p.sw             x10, x0(x15)        x10:00000061 x15:00000000  PA:1a10f010
16286844ns          294734 1c009128 00000513 addi             x10, x0, 0          x10=00000000
16286864ns          294735 1c00912a 00008067 jalr             x0, x1, 0            x1:1c0091fa
16286924ns          294738 1c0091fa 31f52563 p.beqimm         x10, 778            x10:00000000
16286944ns          294739 1c0091fe 001d8d93 addi             x27, x27, 1         x27=00000009 x27:00000008
16286964ns          294740 1c009200 00044503 lbu              x10, 0(x8)          x10=00000073  x8:1c0000c9  PA:1c0000c9
16287262ns          294755 1c009204 00140413 addi             x8, x8, 1            x8=1c0000ca  x8:1c0000c9
16287282ns          294756 1c009206 fe0514e3 bne              x10, x0, -24        x10:00000073
16287362ns          294760 1c0091ee 02500793 addi             x15, x0, 37         x15=00000025
16287381ns          294761 1c0091f2 04f50863 beq              x10, x15, 80        x10:00000073 x15:00000025
16287401ns          294762 1c0091f6 01a005b3 add              x11, x0, x26        x11=00000002 x26:00000002
16287421ns          294763 1c0091f8 000b00e7 jalr             x1, x22, 0           x1=1c0091fa x22:1c009104
16287461ns          294765 1c009104 000026b7 lui              x13, 0x2000         x13=00002000
16287481ns          294766 1c009106 f14027f3 csrrs            x15, x0, 0xf14      x15=00000002
16287501ns          294767 1c00910a f8068693 addi             x13, x13, -128      x13=00001f80 x13:00002000
16287521ns          294768 1c00910e 00379713 slli             x14, x15, 0x3       x14=00000010 x15:00000002
16287541ns          294769 1c009112 00279793 slli             x15, x15, 0x2       x15=00000008 x15:00000002
16287560ns          294770 1c009114 00d7f7b3 and              x15, x15, x13       x15=00000000 x15:00000008 x13:00001f80
16287580ns          294771 1c009116 ee873733 p.bclr           x14, x14, 23, 8     x14=00000010 x14:00000010
16287600ns          294772 1c00911a 1a10f6b7 lui              x13, 0x1a10f000     x13=1a10f000
16287620ns          294773 1c00911e 0ff57513 andi             x10, x10, 255       x10=00000073 x10:00000073
16287640ns          294774 1c009122 00d70733 add              x14, x14, x13       x14=1a10f010 x14:00000010 x13:1a10f000
16287660ns          294775 1c009124 00a7e723 p.sw             x10, x0(x15)        x10:00000073 x15:00000000  PA:1a10f010
16287978ns          294791 1c009128 00000513 addi             x10, x0, 0          x10=00000000
16287998ns          294792 1c00912a 00008067 jalr             x0, x1, 0            x1:1c0091fa
16288058ns          294795 1c0091fa 31f52563 p.beqimm         x10, 778            x10:00000000
16288078ns          294796 1c0091fe 001d8d93 addi             x27, x27, 1         x27=0000000a x27:00000009
16288098ns          294797 1c009200 00044503 lbu              x10, 0(x8)          x10=00000073  x8:1c0000ca  PA:1c0000ca
16288396ns          294812 1c009204 00140413 addi             x8, x8, 1            x8=1c0000cb  x8:1c0000ca
16288416ns          294813 1c009206 fe0514e3 bne              x10, x0, -24        x10:00000073
16288495ns          294817 1c0091ee 02500793 addi             x15, x0, 37         x15=00000025
16288515ns          294818 1c0091f2 04f50863 beq              x10, x15, 80        x10:00000073 x15:00000025
16288535ns          294819 1c0091f6 01a005b3 add              x11, x0, x26        x11=00000002 x26:00000002
16288555ns          294820 1c0091f8 000b00e7 jalr             x1, x22, 0           x1=1c0091fa x22:1c009104
16288595ns          294822 1c009104 000026b7 lui              x13, 0x2000         x13=00002000
16288615ns          294823 1c009106 f14027f3 csrrs            x15, x0, 0xf14      x15=00000002
16288635ns          294824 1c00910a f8068693 addi             x13, x13, -128      x13=00001f80 x13:00002000
16288654ns          294825 1c00910e 00379713 slli             x14, x15, 0x3       x14=00000010 x15:00000002
16288674ns          294826 1c009112 00279793 slli             x15, x15, 0x2       x15=00000008 x15:00000002
16288694ns          294827 1c009114 00d7f7b3 and              x15, x15, x13       x15=00000000 x15:00000008 x13:00001f80
16288714ns          294828 1c009116 ee873733 p.bclr           x14, x14, 23, 8     x14=00000010 x14:00000010
16288734ns          294829 1c00911a 1a10f6b7 lui              x13, 0x1a10f000     x13=1a10f000
16288754ns          294830 1c00911e 0ff57513 andi             x10, x10, 255       x10=00000073 x10:00000073
16288774ns          294831 1c009122 00d70733 add              x14, x14, x13       x14=1a10f010 x14:00000010 x13:1a10f000
16288794ns          294832 1c009124 00a7e723 p.sw             x10, x0(x15)        x10:00000073 x15:00000000  PA:1a10f010
16289132ns          294849 1c009128 00000513 addi             x10, x0, 0          x10=00000000
16289152ns          294850 1c00912a 00008067 jalr             x0, x1, 0            x1:1c0091fa
16289211ns          294853 1c0091fa 31f52563 p.beqimm         x10, 778            x10:00000000
16289231ns          294854 1c0091fe 001d8d93 addi             x27, x27, 1         x27=0000000b x27:0000000a
16289251ns          294855 1c009200 00044503 lbu              x10, 0(x8)          x10=00000065  x8:1c0000cb  PA:1c0000cb
16289550ns          294870 1c009204 00140413 addi             x8, x8, 1            x8=1c0000cc  x8:1c0000cb
16289569ns          294871 1c009206 fe0514e3 bne              x10, x0, -24        x10:00000065
16289649ns          294875 1c0091ee 02500793 addi             x15, x0, 37         x15=00000025
16289669ns          294876 1c0091f2 04f50863 beq              x10, x15, 80        x10:00000065 x15:00000025
16289689ns          294877 1c0091f6 01a005b3 add              x11, x0, x26        x11=00000002 x26:00000002
16289709ns          294878 1c0091f8 000b00e7 jalr             x1, x22, 0           x1=1c0091fa x22:1c009104
16289748ns          294880 1c009104 000026b7 lui              x13, 0x2000         x13=00002000
16289768ns          294881 1c009106 f14027f3 csrrs            x15, x0, 0xf14      x15=00000002
16289788ns          294882 1c00910a f8068693 addi             x13, x13, -128      x13=00001f80 x13:00002000
16289808ns          294883 1c00910e 00379713 slli             x14, x15, 0x3       x14=00000010 x15:00000002
16289828ns          294884 1c009112 00279793 slli             x15, x15, 0x2       x15=00000008 x15:00000002
16289848ns          294885 1c009114 00d7f7b3 and              x15, x15, x13       x15=00000000 x15:00000008 x13:00001f80
16289868ns          294886 1c009116 ee873733 p.bclr           x14, x14, 23, 8     x14=00000010 x14:00000010
16289888ns          294887 1c00911a 1a10f6b7 lui              x13, 0x1a10f000     x13=1a10f000
16289908ns          294888 1c00911e 0ff57513 andi             x10, x10, 255       x10=00000065 x10:00000065
16289927ns          294889 1c009122 00d70733 add              x14, x14, x13       x14=1a10f010 x14:00000010 x13:1a10f000
16289947ns          294890 1c009124 00a7e723 p.sw             x10, x0(x15)        x10:00000065 x15:00000000  PA:1a10f010
16290266ns          294906 1c009128 00000513 addi             x10, x0, 0          x10=00000000
16290286ns          294907 1c00912a 00008067 jalr             x0, x1, 0            x1:1c0091fa
16290345ns          294910 1c0091fa 31f52563 p.beqimm         x10, 778            x10:00000000
16290365ns          294911 1c0091fe 001d8d93 addi             x27, x27, 1         x27=0000000c x27:0000000b
16290385ns          294912 1c009200 00044503 lbu              x10, 0(x8)          x10=00000064  x8:1c0000cc  PA:1c0000cc
16290683ns          294927 1c009204 00140413 addi             x8, x8, 1            x8=1c0000cd  x8:1c0000cc
16290703ns          294928 1c009206 fe0514e3 bne              x10, x0, -24        x10:00000064
16290783ns          294932 1c0091ee 02500793 addi             x15, x0, 37         x15=00000025
16290803ns          294933 1c0091f2 04f50863 beq              x10, x15, 80        x10:00000064 x15:00000025
16290823ns          294934 1c0091f6 01a005b3 add              x11, x0, x26        x11=00000002 x26:00000002
16290842ns          294935 1c0091f8 000b00e7 jalr             x1, x22, 0           x1=1c0091fa x22:1c009104
16290882ns          294937 1c009104 000026b7 lui              x13, 0x2000         x13=00002000
16290902ns          294938 1c009106 f14027f3 csrrs            x15, x0, 0xf14      x15=00000002
16290922ns          294939 1c00910a f8068693 addi             x13, x13, -128      x13=00001f80 x13:00002000
16290942ns          294940 1c00910e 00379713 slli             x14, x15, 0x3       x14=00000010 x15:00000002
16290962ns          294941 1c009112 00279793 slli             x15, x15, 0x2       x15=00000008 x15:00000002
16290982ns          294942 1c009114 00d7f7b3 and              x15, x15, x13       x15=00000000 x15:00000008 x13:00001f80
16291002ns          294943 1c009116 ee873733 p.bclr           x14, x14, 23, 8     x14=00000010 x14:00000010
16291021ns          294944 1c00911a 1a10f6b7 lui              x13, 0x1a10f000     x13=1a10f000
16291041ns          294945 1c00911e 0ff57513 andi             x10, x10, 255       x10=00000064 x10:00000064
16291061ns          294946 1c009122 00d70733 add              x14, x14, x13       x14=1a10f010 x14:00000010 x13:1a10f000
16291081ns          294947 1c009124 00a7e723 p.sw             x10, x0(x15)        x10:00000064 x15:00000000  PA:1a10f010
16291399ns          294963 1c009128 00000513 addi             x10, x0, 0          x10=00000000
16291419ns          294964 1c00912a 00008067 jalr             x0, x1, 0            x1:1c0091fa
16291479ns          294967 1c0091fa 31f52563 p.beqimm         x10, 778            x10:00000000
16291499ns          294968 1c0091fe 001d8d93 addi             x27, x27, 1         x27=0000000d x27:0000000c
16291519ns          294969 1c009200 00044503 lbu              x10, 0(x8)          x10=00000020  x8:1c0000cd  PA:1c0000cd
16291857ns          294986 1c009204 00140413 addi             x8, x8, 1            x8=1c0000ce  x8:1c0000cd
16291877ns          294987 1c009206 fe0514e3 bne              x10, x0, -24        x10:00000020
16291956ns          294991 1c0091ee 02500793 addi             x15, x0, 37         x15=00000025
16291976ns          294992 1c0091f2 04f50863 beq              x10, x15, 80        x10:00000020 x15:00000025
16291996ns          294993 1c0091f6 01a005b3 add              x11, x0, x26        x11=00000002 x26:00000002
16292016ns          294994 1c0091f8 000b00e7 jalr             x1, x22, 0           x1=1c0091fa x22:1c009104
16292056ns          294996 1c009104 000026b7 lui              x13, 0x2000         x13=00002000
16292076ns          294997 1c009106 f14027f3 csrrs            x15, x0, 0xf14      x15=00000002
16292096ns          294998 1c00910a f8068693 addi             x13, x13, -128      x13=00001f80 x13:00002000
16292115ns          294999 1c00910e 00379713 slli             x14, x15, 0x3       x14=00000010 x15:00000002
16292135ns          295000 1c009112 00279793 slli             x15, x15, 0x2       x15=00000008 x15:00000002
16292155ns          295001 1c009114 00d7f7b3 and              x15, x15, x13       x15=00000000 x15:00000008 x13:00001f80
16292175ns          295002 1c009116 ee873733 p.bclr           x14, x14, 23, 8     x14=00000010 x14:00000010
16292195ns          295003 1c00911a 1a10f6b7 lui              x13, 0x1a10f000     x13=1a10f000
16292215ns          295004 1c00911e 0ff57513 andi             x10, x10, 255       x10=00000020 x10:00000020
16292235ns          295005 1c009122 00d70733 add              x14, x14, x13       x14=1a10f010 x14:00000010 x13:1a10f000
16292255ns          295006 1c009124 00a7e723 p.sw             x10, x0(x15)        x10:00000020 x15:00000000  PA:1a10f010
16292573ns          295022 1c009128 00000513 addi             x10, x0, 0          x10=00000000
16292593ns          295023 1c00912a 00008067 jalr             x0, x1, 0            x1:1c0091fa
16292653ns          295026 1c0091fa 31f52563 p.beqimm         x10, 778            x10:00000000
16292672ns          295027 1c0091fe 001d8d93 addi             x27, x27, 1         x27=0000000e x27:0000000d
16292692ns          295028 1c009200 00044503 lbu              x10, 0(x8)          x10=0000006f  x8:1c0000ce  PA:1c0000ce
16292991ns          295043 1c009204 00140413 addi             x8, x8, 1            x8=1c0000cf  x8:1c0000ce
16293011ns          295044 1c009206 fe0514e3 bne              x10, x0, -24        x10:0000006f
16293090ns          295048 1c0091ee 02500793 addi             x15, x0, 37         x15=00000025
16293110ns          295049 1c0091f2 04f50863 beq              x10, x15, 80        x10:0000006f x15:00000025
16293130ns          295050 1c0091f6 01a005b3 add              x11, x0, x26        x11=00000002 x26:00000002
16293150ns          295051 1c0091f8 000b00e7 jalr             x1, x22, 0           x1=1c0091fa x22:1c009104
16293190ns          295053 1c009104 000026b7 lui              x13, 0x2000         x13=00002000
16293209ns          295054 1c009106 f14027f3 csrrs            x15, x0, 0xf14      x15=00000002
16293229ns          295055 1c00910a f8068693 addi             x13, x13, -128      x13=00001f80 x13:00002000
16293249ns          295056 1c00910e 00379713 slli             x14, x15, 0x3       x14=00000010 x15:00000002
16293269ns          295057 1c009112 00279793 slli             x15, x15, 0x2       x15=00000008 x15:00000002
16293289ns          295058 1c009114 00d7f7b3 and              x15, x15, x13       x15=00000000 x15:00000008 x13:00001f80
16293309ns          295059 1c009116 ee873733 p.bclr           x14, x14, 23, 8     x14=00000010 x14:00000010
16293329ns          295060 1c00911a 1a10f6b7 lui              x13, 0x1a10f000     x13=1a10f000
16293349ns          295061 1c00911e 0ff57513 andi             x10, x10, 255       x10=0000006f x10:0000006f
16293369ns          295062 1c009122 00d70733 add              x14, x14, x13       x14=1a10f010 x14:00000010 x13:1a10f000
16293388ns          295063 1c009124 00a7e723 p.sw             x10, x0(x15)        x10:0000006f x15:00000000  PA:1a10f010
16293707ns          295079 1c009128 00000513 addi             x10, x0, 0          x10=00000000
16293727ns          295080 1c00912a 00008067 jalr             x0, x1, 0            x1:1c0091fa
16293786ns          295083 1c0091fa 31f52563 p.beqimm         x10, 778            x10:00000000
16293806ns          295084 1c0091fe 001d8d93 addi             x27, x27, 1         x27=0000000f x27:0000000e
16293826ns          295085 1c009200 00044503 lbu              x10, 0(x8)          x10=0000006e  x8:1c0000cf  PA:1c0000cf
16294124ns          295100 1c009204 00140413 addi             x8, x8, 1            x8=1c0000d0  x8:1c0000cf
16294144ns          295101 1c009206 fe0514e3 bne              x10, x0, -24        x10:0000006e
16294224ns          295105 1c0091ee 02500793 addi             x15, x0, 37         x15=00000025
16294244ns          295106 1c0091f2 04f50863 beq              x10, x15, 80        x10:0000006e x15:00000025
16294264ns          295107 1c0091f6 01a005b3 add              x11, x0, x26        x11=00000002 x26:00000002
16294284ns          295108 1c0091f8 000b00e7 jalr             x1, x22, 0           x1=1c0091fa x22:1c009104
16294323ns          295110 1c009104 000026b7 lui              x13, 0x2000         x13=00002000
16294343ns          295111 1c009106 f14027f3 csrrs            x15, x0, 0xf14      x15=00000002
16294363ns          295112 1c00910a f8068693 addi             x13, x13, -128      x13=00001f80 x13:00002000
16294383ns          295113 1c00910e 00379713 slli             x14, x15, 0x3       x14=00000010 x15:00000002
16294403ns          295114 1c009112 00279793 slli             x15, x15, 0x2       x15=00000008 x15:00000002
16294423ns          295115 1c009114 00d7f7b3 and              x15, x15, x13       x15=00000000 x15:00000008 x13:00001f80
16294443ns          295116 1c009116 ee873733 p.bclr           x14, x14, 23, 8     x14=00000010 x14:00000010
16294463ns          295117 1c00911a 1a10f6b7 lui              x13, 0x1a10f000     x13=1a10f000
16294482ns          295118 1c00911e 0ff57513 andi             x10, x10, 255       x10=0000006e x10:0000006e
16294502ns          295119 1c009122 00d70733 add              x14, x14, x13       x14=1a10f010 x14:00000010 x13:1a10f000
16294522ns          295120 1c009124 00a7e723 p.sw             x10, x0(x15)        x10:0000006e x15:00000000  PA:1a10f010
16294841ns          295136 1c009128 00000513 addi             x10, x0, 0          x10=00000000
16294860ns          295137 1c00912a 00008067 jalr             x0, x1, 0            x1:1c0091fa
16294920ns          295140 1c0091fa 31f52563 p.beqimm         x10, 778            x10:00000000
16294940ns          295141 1c0091fe 001d8d93 addi             x27, x27, 1         x27=00000010 x27:0000000f
16294960ns          295142 1c009200 00044503 lbu              x10, 0(x8)          x10=00000020  x8:1c0000d0  PA:1c0000d0
16295278ns          295158 1c009204 00140413 addi             x8, x8, 1            x8=1c0000d1  x8:1c0000d0
16295298ns          295159 1c009206 fe0514e3 bne              x10, x0, -24        x10:00000020
16295378ns          295163 1c0091ee 02500793 addi             x15, x0, 37         x15=00000025
16295397ns          295164 1c0091f2 04f50863 beq              x10, x15, 80        x10:00000020 x15:00000025
16295417ns          295165 1c0091f6 01a005b3 add              x11, x0, x26        x11=00000002 x26:00000002
16295437ns          295166 1c0091f8 000b00e7 jalr             x1, x22, 0           x1=1c0091fa x22:1c009104
16295477ns          295168 1c009104 000026b7 lui              x13, 0x2000         x13=00002000
16295497ns          295169 1c009106 f14027f3 csrrs            x15, x0, 0xf14      x15=00000002
16295517ns          295170 1c00910a f8068693 addi             x13, x13, -128      x13=00001f80 x13:00002000
16295537ns          295171 1c00910e 00379713 slli             x14, x15, 0x3       x14=00000010 x15:00000002
16295557ns          295172 1c009112 00279793 slli             x15, x15, 0x2       x15=00000008 x15:00000002
16295576ns          295173 1c009114 00d7f7b3 and              x15, x15, x13       x15=00000000 x15:00000008 x13:00001f80
16295596ns          295174 1c009116 ee873733 p.bclr           x14, x14, 23, 8     x14=00000010 x14:00000010
16295616ns          295175 1c00911a 1a10f6b7 lui              x13, 0x1a10f000     x13=1a10f000
16295636ns          295176 1c00911e 0ff57513 andi             x10, x10, 255       x10=00000020 x10:00000020
16295656ns          295177 1c009122 00d70733 add              x14, x14, x13       x14=1a10f010 x14:00000010 x13:1a10f000
16295676ns          295178 1c009124 00a7e723 p.sw             x10, x0(x15)        x10:00000020 x15:00000000  PA:1a10f010
16295994ns          295194 1c009128 00000513 addi             x10, x0, 0          x10=00000000
16296014ns          295195 1c00912a 00008067 jalr             x0, x1, 0            x1:1c0091fa
16296074ns          295198 1c0091fa 31f52563 p.beqimm         x10, 778            x10:00000000
16296094ns          295199 1c0091fe 001d8d93 addi             x27, x27, 1         x27=00000011 x27:00000010
16296114ns          295200 1c009200 00044503 lbu              x10, 0(x8)          x10=00000063  x8:1c0000d1  PA:1c0000d1
16296415ns          295215 1c009204 00140413 addi             x8, x8, 1            x8=1c0000d2  x8:1c0000d1
16296435ns          295216 1c009206 fe0514e3 bne              x10, x0, -24        x10:00000063
16296515ns          295220 1c0091ee 02500793 addi             x15, x0, 37         x15=00000025
16296535ns          295221 1c0091f2 04f50863 beq              x10, x15, 80        x10:00000063 x15:00000025
16296555ns          295222 1c0091f6 01a005b3 add              x11, x0, x26        x11=00000002 x26:00000002
16296575ns          295223 1c0091f8 000b00e7 jalr             x1, x22, 0           x1=1c0091fa x22:1c009104
16296615ns          295225 1c009104 000026b7 lui              x13, 0x2000         x13=00002000
16296636ns          295226 1c009106 f14027f3 csrrs            x15, x0, 0xf14      x15=00000002
16296656ns          295227 1c00910a f8068693 addi             x13, x13, -128      x13=00001f80 x13:00002000
16296676ns          295228 1c00910e 00379713 slli             x14, x15, 0x3       x14=00000010 x15:00000002
16296696ns          295229 1c009112 00279793 slli             x15, x15, 0x2       x15=00000008 x15:00000002
16296716ns          295230 1c009114 00d7f7b3 and              x15, x15, x13       x15=00000000 x15:00000008 x13:00001f80
16296736ns          295231 1c009116 ee873733 p.bclr           x14, x14, 23, 8     x14=00000010 x14:00000010
16296756ns          295232 1c00911a 1a10f6b7 lui              x13, 0x1a10f000     x13=1a10f000
16296776ns          295233 1c00911e 0ff57513 andi             x10, x10, 255       x10=00000063 x10:00000063
16296796ns          295234 1c009122 00d70733 add              x14, x14, x13       x14=1a10f010 x14:00000010 x13:1a10f000
16296816ns          295235 1c009124 00a7e723 p.sw             x10, x0(x15)        x10:00000063 x15:00000000  PA:1a10f010
16297137ns          295251 1c009128 00000513 addi             x10, x0, 0          x10=00000000
16297157ns          295252 1c00912a 00008067 jalr             x0, x1, 0            x1:1c0091fa
16297217ns          295255 1c0091fa 31f52563 p.beqimm         x10, 778            x10:00000000
16297237ns          295256 1c0091fe 001d8d93 addi             x27, x27, 1         x27=00000012 x27:00000011
16297258ns          295257 1c009200 00044503 lbu              x10, 0(x8)          x10=0000006f  x8:1c0000d2  PA:1c0000d2
16297559ns          295272 1c009204 00140413 addi             x8, x8, 1            x8=1c0000d3  x8:1c0000d2
16297579ns          295273 1c009206 fe0514e3 bne              x10, x0, -24        x10:0000006f
16297659ns          295277 1c0091ee 02500793 addi             x15, x0, 37         x15=00000025
16297679ns          295278 1c0091f2 04f50863 beq              x10, x15, 80        x10:0000006f x15:00000025
16297699ns          295279 1c0091f6 01a005b3 add              x11, x0, x26        x11=00000002 x26:00000002
16297719ns          295280 1c0091f8 000b00e7 jalr             x1, x22, 0           x1=1c0091fa x22:1c009104
16297759ns          295282 1c009104 000026b7 lui              x13, 0x2000         x13=00002000
16297779ns          295283 1c009106 f14027f3 csrrs            x15, x0, 0xf14      x15=00000002
16297799ns          295284 1c00910a f8068693 addi             x13, x13, -128      x13=00001f80 x13:00002000
16297819ns          295285 1c00910e 00379713 slli             x14, x15, 0x3       x14=00000010 x15:00000002
16297839ns          295286 1c009112 00279793 slli             x15, x15, 0x2       x15=00000008 x15:00000002
16297859ns          295287 1c009114 00d7f7b3 and              x15, x15, x13       x15=00000000 x15:00000008 x13:00001f80
16297880ns          295288 1c009116 ee873733 p.bclr           x14, x14, 23, 8     x14=00000010 x14:00000010
16297900ns          295289 1c00911a 1a10f6b7 lui              x13, 0x1a10f000     x13=1a10f000
16297920ns          295290 1c00911e 0ff57513 andi             x10, x10, 255       x10=0000006f x10:0000006f
16297940ns          295291 1c009122 00d70733 add              x14, x14, x13       x14=1a10f010 x14:00000010 x13:1a10f000
16297960ns          295292 1c009124 00a7e723 p.sw             x10, x0(x15)        x10:0000006f x15:00000000  PA:1a10f010
16298281ns          295308 1c009128 00000513 addi             x10, x0, 0          x10=00000000
16298301ns          295309 1c00912a 00008067 jalr             x0, x1, 0            x1:1c0091fa
16298361ns          295312 1c0091fa 31f52563 p.beqimm         x10, 778            x10:00000000
16298381ns          295313 1c0091fe 001d8d93 addi             x27, x27, 1         x27=00000013 x27:00000012
16298401ns          295314 1c009200 00044503 lbu              x10, 0(x8)          x10=00000072  x8:1c0000d3  PA:1c0000d3
16298722ns          295330 1c009204 00140413 addi             x8, x8, 1            x8=1c0000d4  x8:1c0000d3
16298742ns          295331 1c009206 fe0514e3 bne              x10, x0, -24        x10:00000072
16298823ns          295335 1c0091ee 02500793 addi             x15, x0, 37         x15=00000025
16298843ns          295336 1c0091f2 04f50863 beq              x10, x15, 80        x10:00000072 x15:00000025
16298863ns          295337 1c0091f6 01a005b3 add              x11, x0, x26        x11=00000002 x26:00000002
16298883ns          295338 1c0091f8 000b00e7 jalr             x1, x22, 0           x1=1c0091fa x22:1c009104
16298923ns          295340 1c009104 000026b7 lui              x13, 0x2000         x13=00002000
16298943ns          295341 1c009106 f14027f3 csrrs            x15, x0, 0xf14      x15=00000002
16298963ns          295342 1c00910a f8068693 addi             x13, x13, -128      x13=00001f80 x13:00002000
16298983ns          295343 1c00910e 00379713 slli             x14, x15, 0x3       x14=00000010 x15:00000002
16299003ns          295344 1c009112 00279793 slli             x15, x15, 0x2       x15=00000008 x15:00000002
16299023ns          295345 1c009114 00d7f7b3 and              x15, x15, x13       x15=00000000 x15:00000008 x13:00001f80
16299043ns          295346 1c009116 ee873733 p.bclr           x14, x14, 23, 8     x14=00000010 x14:00000010
16299063ns          295347 1c00911a 1a10f6b7 lui              x13, 0x1a10f000     x13=1a10f000
16299083ns          295348 1c00911e 0ff57513 andi             x10, x10, 255       x10=00000072 x10:00000072
16299104ns          295349 1c009122 00d70733 add              x14, x14, x13       x14=1a10f010 x14:00000010 x13:1a10f000
16299124ns          295350 1c009124 00a7e723 p.sw             x10, x0(x15)        x10:00000072 x15:00000000  PA:1a10f010
16299445ns          295366 1c009128 00000513 addi             x10, x0, 0          x10=00000000
16299465ns          295367 1c00912a 00008067 jalr             x0, x1, 0            x1:1c0091fa
16299525ns          295370 1c0091fa 31f52563 p.beqimm         x10, 778            x10:00000000
16299545ns          295371 1c0091fe 001d8d93 addi             x27, x27, 1         x27=00000014 x27:00000013
16299565ns          295372 1c009200 00044503 lbu              x10, 0(x8)          x10=00000065  x8:1c0000d4  PA:1c0000d4
16299866ns          295387 1c009204 00140413 addi             x8, x8, 1            x8=1c0000d5  x8:1c0000d4
16299886ns          295388 1c009206 fe0514e3 bne              x10, x0, -24        x10:00000065
16299966ns          295392 1c0091ee 02500793 addi             x15, x0, 37         x15=00000025
16299986ns          295393 1c0091f2 04f50863 beq              x10, x15, 80        x10:00000065 x15:00000025
16300006ns          295394 1c0091f6 01a005b3 add              x11, x0, x26        x11=00000002 x26:00000002
16300027ns          295395 1c0091f8 000b00e7 jalr             x1, x22, 0           x1=1c0091fa x22:1c009104
16300067ns          295397 1c009104 000026b7 lui              x13, 0x2000         x13=00002000
16300087ns          295398 1c009106 f14027f3 csrrs            x15, x0, 0xf14      x15=00000002
16300107ns          295399 1c00910a f8068693 addi             x13, x13, -128      x13=00001f80 x13:00002000
16300127ns          295400 1c00910e 00379713 slli             x14, x15, 0x3       x14=00000010 x15:00000002
16300147ns          295401 1c009112 00279793 slli             x15, x15, 0x2       x15=00000008 x15:00000002
16300167ns          295402 1c009114 00d7f7b3 and              x15, x15, x13       x15=00000000 x15:00000008 x13:00001f80
16300187ns          295403 1c009116 ee873733 p.bclr           x14, x14, 23, 8     x14=00000010 x14:00000010
16300207ns          295404 1c00911a 1a10f6b7 lui              x13, 0x1a10f000     x13=1a10f000
16300227ns          295405 1c00911e 0ff57513 andi             x10, x10, 255       x10=00000065 x10:00000065
16300247ns          295406 1c009122 00d70733 add              x14, x14, x13       x14=1a10f010 x14:00000010 x13:1a10f000
16300267ns          295407 1c009124 00a7e723 p.sw             x10, x0(x15)        x10:00000065 x15:00000000  PA:1a10f010
16300588ns          295423 1c009128 00000513 addi             x10, x0, 0          x10=00000000
16300608ns          295424 1c00912a 00008067 jalr             x0, x1, 0            x1:1c0091fa
16300669ns          295427 1c0091fa 31f52563 p.beqimm         x10, 778            x10:00000000
16300689ns          295428 1c0091fe 001d8d93 addi             x27, x27, 1         x27=00000015 x27:00000014
16300709ns          295429 1c009200 00044503 lbu              x10, 0(x8)          x10=00000020  x8:1c0000d5  PA:1c0000d5
16301010ns          295444 1c009204 00140413 addi             x8, x8, 1            x8=1c0000d6  x8:1c0000d5
16301030ns          295445 1c009206 fe0514e3 bne              x10, x0, -24        x10:00000020
16301110ns          295449 1c0091ee 02500793 addi             x15, x0, 37         x15=00000025
16301130ns          295450 1c0091f2 04f50863 beq              x10, x15, 80        x10:00000020 x15:00000025
16301150ns          295451 1c0091f6 01a005b3 add              x11, x0, x26        x11=00000002 x26:00000002
16301170ns          295452 1c0091f8 000b00e7 jalr             x1, x22, 0           x1=1c0091fa x22:1c009104
16301210ns          295454 1c009104 000026b7 lui              x13, 0x2000         x13=00002000
16301230ns          295455 1c009106 f14027f3 csrrs            x15, x0, 0xf14      x15=00000002
16301251ns          295456 1c00910a f8068693 addi             x13, x13, -128      x13=00001f80 x13:00002000
16301271ns          295457 1c00910e 00379713 slli             x14, x15, 0x3       x14=00000010 x15:00000002
16301291ns          295458 1c009112 00279793 slli             x15, x15, 0x2       x15=00000008 x15:00000002
16301311ns          295459 1c009114 00d7f7b3 and              x15, x15, x13       x15=00000000 x15:00000008 x13:00001f80
16301331ns          295460 1c009116 ee873733 p.bclr           x14, x14, 23, 8     x14=00000010 x14:00000010
16301351ns          295461 1c00911a 1a10f6b7 lui              x13, 0x1a10f000     x13=1a10f000
16301371ns          295462 1c00911e 0ff57513 andi             x10, x10, 255       x10=00000020 x10:00000020
16301391ns          295463 1c009122 00d70733 add              x14, x14, x13       x14=1a10f010 x14:00000010 x13:1a10f000
16301411ns          295464 1c009124 00a7e723 p.sw             x10, x0(x15)        x10:00000020 x15:00000000  PA:1a10f010
16301732ns          295480 1c009128 00000513 addi             x10, x0, 0          x10=00000000
16301752ns          295481 1c00912a 00008067 jalr             x0, x1, 0            x1:1c0091fa
16301812ns          295484 1c0091fa 31f52563 p.beqimm         x10, 778            x10:00000000
16301832ns          295485 1c0091fe 001d8d93 addi             x27, x27, 1         x27=00000016 x27:00000015
16301852ns          295486 1c009200 00044503 lbu              x10, 0(x8)          x10=00000020  x8:1c0000d6  PA:1c0000d6
16302174ns          295502 1c009204 00140413 addi             x8, x8, 1            x8=1c0000d7  x8:1c0000d6
16302194ns          295503 1c009206 fe0514e3 bne              x10, x0, -24        x10:00000020
16302274ns          295507 1c0091ee 02500793 addi             x15, x0, 37         x15=00000025
16302294ns          295508 1c0091f2 04f50863 beq              x10, x15, 80        x10:00000020 x15:00000025
16302314ns          295509 1c0091f6 01a005b3 add              x11, x0, x26        x11=00000002 x26:00000002
16302334ns          295510 1c0091f8 000b00e7 jalr             x1, x22, 0           x1=1c0091fa x22:1c009104
16302374ns          295512 1c009104 000026b7 lui              x13, 0x2000         x13=00002000
16302394ns          295513 1c009106 f14027f3 csrrs            x15, x0, 0xf14      x15=00000002
16302414ns          295514 1c00910a f8068693 addi             x13, x13, -128      x13=00001f80 x13:00002000
16302434ns          295515 1c00910e 00379713 slli             x14, x15, 0x3       x14=00000010 x15:00000002
16302454ns          295516 1c009112 00279793 slli             x15, x15, 0x2       x15=00000008 x15:00000002
16302475ns          295517 1c009114 00d7f7b3 and              x15, x15, x13       x15=00000000 x15:00000008 x13:00001f80
16302495ns          295518 1c009116 ee873733 p.bclr           x14, x14, 23, 8     x14=00000010 x14:00000010
16302515ns          295519 1c00911a 1a10f6b7 lui              x13, 0x1a10f000     x13=1a10f000
16302535ns          295520 1c00911e 0ff57513 andi             x10, x10, 255       x10=00000020 x10:00000020
16302555ns          295521 1c009122 00d70733 add              x14, x14, x13       x14=1a10f010 x14:00000010 x13:1a10f000
16302575ns          295522 1c009124 00a7e723 p.sw             x10, x0(x15)        x10:00000020 x15:00000000  PA:1a10f010
16302896ns          295538 1c009128 00000513 addi             x10, x0, 0          x10=00000000
16302916ns          295539 1c00912a 00008067 jalr             x0, x1, 0            x1:1c0091fa
16302976ns          295542 1c0091fa 31f52563 p.beqimm         x10, 778            x10:00000000
16302996ns          295543 1c0091fe 001d8d93 addi             x27, x27, 1         x27=00000017 x27:00000016
16303016ns          295544 1c009200 00044503 lbu              x10, 0(x8)          x10=00000025  x8:1c0000d7  PA:1c0000d7
16303317ns          295559 1c009204 00140413 addi             x8, x8, 1            x8=1c0000d8  x8:1c0000d7
16303337ns          295560 1c009206 fe0514e3 bne              x10, x0, -24        x10:00000025
16303418ns          295564 1c0091ee 02500793 addi             x15, x0, 37         x15=00000025
16303438ns          295565 1c0091f2 04f50863 beq              x10, x15, 80        x10:00000025 x15:00000025
16303578ns          295572 1c009242 00044483 lbu              x9, 0(x8)            x9=00000064  x8:1c0000d8  PA:1c0000d8
16303879ns          295587 1c009246 02000693 addi             x13, x0, 32         x13=00000020
16303899ns          295588 1c00924a 00140a93 addi             x21, x8, 1          x21=1c0000d9  x8:1c0000d8
16303919ns          295589 1c00924e 009005b3 add              x11, x0, x9         x11=00000064  x9:00000064
16303939ns          295590 1c009250 100b8513 addi             x10, x23, 256       x10=1c000100 x23:1c000000
16303959ns          295591 1c009254 00d12823 sw               x13, 16(x2)         x13:00000020  x2:100014c8  PA:100014d8
16303979ns          295592 1c009256 00012c23 sw               x0, 24(x2)           x2:100014c8  PA:100014e0
16303999ns          295593 1c009258 00012a23 sw               x0, 20(x2)           x2:100014c8  PA:100014dc
16304020ns          295594 1c00925a 00012e23 sw               x0, 28(x2)           x2:100014c8  PA:100014e4
16304040ns          295595 1c00925c 00012623 sw               x0, 12(x2)           x2:100014c8  PA:100014d4
16304060ns          295596 1c00925e 02300913 addi             x18, x0, 35         x18=00000023
16304080ns          295597 1c009262 02d00a13 addi             x20, x0, 45         x20=0000002d
16304100ns          295598 1c009266 015009b3 add              x19, x0, x21        x19=1c0000d9 x21:1c0000d9
16304120ns          295599 1c009268 e1dff0ef jal              x1, -484             x1=1c00926a
16304260ns          295606 1c009084 00054783 lbu              x15, 0(x10)         x15=0000002d x10:1c000100  PA:1c000100
16304581ns          295622 1c009088 0ff5f593 andi             x11, x11, 255       x11=00000064 x11:00000064
16304601ns          295623 1c00908c 00b78c63 beq              x15, x11, 24        x15:0000002d x11:00000064
16304622ns          295624 1c009090 00078b63 beq              x15, x0, 22         x15:0000002d
16304642ns          295625 1c009092 00150793 addi             x15, x10, 1         x15=1c000101 x10:1c000100
16304662ns          295626 1c009096 0040006f jal              x0, 4              
16304762ns          295631 1c00909a 00f00533 add              x10, x0, x15        x10=1c000101 x15:1c000101
16304782ns          295632 1c00909c 0017c70b p.lbu            x14, 1(x15!)        x14=0000002b x15=1c000102 x15:1c000101  PA:1c000101
16305103ns          295648 1c0090a0 feb71ce3 bne              x14, x11, -8        x14:0000002b x11:00000064
16305163ns          295651 1c009098 00070763 beq              x14, x0, 14         x14:0000002b
16305183ns          295652 1c00909a 00f00533 add              x10, x0, x15        x10=1c000102 x15:1c000102
16305203ns          295653 1c00909c 0017c70b p.lbu            x14, 1(x15!)        x14=00000020 x15=1c000103 x15:1c000102  PA:1c000102
16305545ns          295670 1c0090a0 feb71ce3 bne              x14, x11, -8        x14:00000020 x11:00000064
16305605ns          295673 1c009098 00070763 beq              x14, x0, 14         x14:00000020
16305625ns          295674 1c00909a 00f00533 add              x10, x0, x15        x10=1c000103 x15:1c000103
16305645ns          295675 1c00909c 0017c70b p.lbu            x14, 1(x15!)        x14=00000023 x15=1c000104 x15:1c000103  PA:1c000103
16305966ns          295691 1c0090a0 feb71ce3 bne              x14, x11, -8        x14:00000023 x11:00000064
16306026ns          295694 1c009098 00070763 beq              x14, x0, 14         x14:00000023
16306046ns          295695 1c00909a 00f00533 add              x10, x0, x15        x10=1c000104 x15:1c000104
16306066ns          295696 1c00909c 0017c70b p.lbu            x14, 1(x15!)        x14=00000030 x15=1c000105 x15:1c000104  PA:1c000104
16306387ns          295712 1c0090a0 feb71ce3 bne              x14, x11, -8        x14:00000030 x11:00000064
16306447ns          295715 1c009098 00070763 beq              x14, x0, 14         x14:00000030
16306468ns          295716 1c00909a 00f00533 add              x10, x0, x15        x10=1c000105 x15:1c000105
16306488ns          295717 1c00909c 0017c70b p.lbu            x14, 1(x15!)        x14=00000000 x15=1c000106 x15:1c000105  PA:1c000105
16306809ns          295733 1c0090a0 feb71ce3 bne              x14, x11, -8        x14:00000000 x11:00000064
16306869ns          295736 1c009098 00070763 beq              x14, x0, 14         x14:00000000
16306949ns          295740 1c0090a6 0015b593 sltiu            x11, x11, 1         x11=00000000 x11:00000064
16306969ns          295741 1c0090aa 40b005b3 sub              x11, x0, x11        x11=00000000 x11:00000000
16306989ns          295742 1c0090ae 00b57533 and              x10, x10, x11       x10=00000000 x10:1c000105 x11:00000000
16307009ns          295743 1c0090b0 00008067 jalr             x0, x1, 0            x1:1c00926a
16307049ns          295745 1c00926a 02050a63 beq              x10, x0, 52         x10:00000000
16307230ns          295754 1c00929e 02a00613 addi             x12, x0, 42         x12=0000002a
16307270ns          295756 1c0092a2 2ac48663 beq              x9, x12, 684         x9:00000064 x12:0000002a
16307290ns          295757 1c0092a6 fd048613 addi             x12, x9, -48        x12=00000034  x9:00000064
16307310ns          295758 1c0092aa 00900593 addi             x11, x0, 9          x11=00000009
16307330ns          295759 1c0092ac 00000913 addi             x18, x0, 0          x18=00000000
16307370ns          295761 1c0092ae 28c5f063 bgeu             x11, x12, 640       x11:00000009 x12:00000034
16307411ns          295763 1c0092b2 02e00693 addi             x13, x0, 46         x13=0000002e
16307431ns          295764 1c0092b6 fff00a13 addi             x20, x0, -1         x20=ffffffff
16307451ns          295765 1c0092b8 2ed48363 beq              x9, x13, 742         x9:00000064 x13:0000002e
16307471ns          295766 1c0092bc 1c0007b7 lui              x15, 0x1c000000     x15=1c000000
16307511ns          295768 1c0092c0 009005b3 add              x11, x0, x9         x11=00000064  x9:00000064
16307551ns          295770 1c0092c2 10878513 addi             x10, x15, 264       x10=1c000108 x15:1c000000
16307571ns          295771 1c0092c6 dbfff0ef jal              x1, -578             x1=1c0092c8
16307611ns          295773 1c009084 00054783 lbu              x15, 0(x10)         x15=00000068 x10:1c000108  PA:1c000108
16307932ns          295789 1c009088 0ff5f593 andi             x11, x11, 255       x11=00000064 x11:00000064
16307952ns          295790 1c00908c 00b78c63 beq              x15, x11, 24        x15:00000068 x11:00000064
16307972ns          295791 1c009090 00078b63 beq              x15, x0, 22         x15:00000068
16307992ns          295792 1c009092 00150793 addi             x15, x10, 1         x15=1c000109 x10:1c000108
16308013ns          295793 1c009096 0040006f jal              x0, 4              
16308053ns          295795 1c00909a 00f00533 add              x10, x0, x15        x10=1c000109 x15:1c000109
16308073ns          295796 1c00909c 0017c70b p.lbu            x14, 1(x15!)        x14=0000006c x15=1c00010a x15:1c000109  PA:1c000109
16308394ns          295812 1c0090a0 feb71ce3 bne              x14, x11, -8        x14:0000006c x11:00000064
16308454ns          295815 1c009098 00070763 beq              x14, x0, 14         x14:0000006c
16308474ns          295816 1c00909a 00f00533 add              x10, x0, x15        x10=1c00010a x15:1c00010a
16308494ns          295817 1c00909c 0017c70b p.lbu            x14, 1(x15!)        x14=0000004c x15=1c00010b x15:1c00010a  PA:1c00010a
16308815ns          295833 1c0090a0 feb71ce3 bne              x14, x11, -8        x14:0000004c x11:00000064
16308875ns          295836 1c009098 00070763 beq              x14, x0, 14         x14:0000004c
16308895ns          295837 1c00909a 00f00533 add              x10, x0, x15        x10=1c00010b x15:1c00010b
16308916ns          295838 1c00909c 0017c70b p.lbu            x14, 1(x15!)        x14=0000007a x15=1c00010c x15:1c00010b  PA:1c00010b
16309237ns          295854 1c0090a0 feb71ce3 bne              x14, x11, -8        x14:0000007a x11:00000064
16309297ns          295857 1c009098 00070763 beq              x14, x0, 14         x14:0000007a
16309317ns          295858 1c00909a 00f00533 add              x10, x0, x15        x10=1c00010c x15:1c00010c
16309337ns          295859 1c00909c 0017c70b p.lbu            x14, 1(x15!)        x14=00000000 x15=1c00010d x15:1c00010c  PA:1c00010c
16309678ns          295876 1c0090a0 feb71ce3 bne              x14, x11, -8        x14:00000000 x11:00000064
16309738ns          295879 1c009098 00070763 beq              x14, x0, 14         x14:00000000
16309818ns          295883 1c0090a6 0015b593 sltiu            x11, x11, 1         x11=00000000 x11:00000064
16309839ns          295884 1c0090aa 40b005b3 sub              x11, x0, x11        x11=00000000 x11:00000000
16309859ns          295885 1c0090ae 00b57533 and              x10, x10, x11       x10=00000000 x10:1c00010c x11:00000000
16309879ns          295886 1c0090b0 00008067 jalr             x0, x1, 0            x1:1c0092c8
16309919ns          295888 1c0092c8 01300433 add              x8, x0, x19          x8=1c0000d9 x19:1c0000d9
16309939ns          295889 1c0092ca 00050563 beq              x10, x0, 10         x10:00000000
16310039ns          295894 1c0092d4 06700693 addi             x13, x0, 103        x13=00000067
16310059ns          295895 1c0092d8 2896d963 bge              x13, x9, 658        x13:00000067  x9:00000064
16310260ns          295905 1c00956a 06500693 addi             x13, x0, 101        x13=00000065
16310320ns          295908 1c00956e 12d4d563 bge              x9, x13, 298         x9:00000064 x13:00000065
16310360ns          295910 1c009572 04700693 addi             x13, x0, 71         x13=00000047
16310380ns          295911 1c009576 dc96cbe3 blt              x13, x9, -554       x13:00000047  x9:00000064
16310541ns          295919 1c00934c 06300693 addi             x13, x0, 99         x13=00000063
16310862ns          295935 1c009350 0ad488e3 beq              x9, x13, 2224        x9:00000064 x13:00000063
16310902ns          295937 1c009354 0096c9e3 blt              x13, x9, 2066       x13:00000063  x9:00000064
16311042ns          295944 1c009b66 000c2583 lw               x11, 0(x24)         x11=00000002 x24:1000161c  PA:1000161c
16311062ns          295945 1c009b6a 004c0c13 addi             x24, x24, 4         x24=10001620 x24:1000161c
16311083ns          295946 1c009b6c 3405cc63 blt              x11, x0, 856        x11:00000002
16311123ns          295948 1c009b70 01412603 lw               x12, 20(x2)         x12=00000000  x2:100014c8  PA:100014dc
16311143ns          295949 1c009b72 00b006b3 add              x13, x0, x11        x13=00000002 x11:00000002
16311163ns          295950 1c009b74 2e061863 bne              x12, x0, 752        x12:00000000
16311183ns          295951 1c009b78 01812703 lw               x14, 24(x2)         x14=00000000  x2:100014c8  PA:100014e0
16311203ns          295952 1c009b7a 019007b3 add              x15, x0, x25        x15=100014ec x25:100014ec
16311223ns          295953 1c009b7c 00070763 beq              x14, x0, 14         x14:00000000
16311303ns          295957 1c009b8a 00f00733 add              x14, x0, x15        x14=100014ec x15:100014ec
16311323ns          295958 1c009b8c 00a00513 addi             x10, x0, 10         x10=0000000a
16311384ns          295961 1c009b8e 02a6f633 remu             x12, x13, x10       x12=00000002 x13:00000002 x10:0000000a
16312026ns          295993 1c009b92 02a6d6b3 divu             x13, x13, x10       x13=00000000 x13:00000002 x10:0000000a
16312648ns          296024 1c009b96 03060613 addi             x12, x12, 48        x12=00000032 x12:00000002
16312668ns          296025 1c009b9a 00c700ab p.sb             x12, 1(x14!)        x14=100014ed x12:00000032 x14:100014ec  PA:100014ec
16312688ns          296026 1c009b9e fe0698e3 bne              x13, x0, -16        x13:00000000
16312708ns          296027 1c009ba0 40f706b3 sub              x13, x14, x15       x13=00000001 x14:100014ed x15:100014ec
16312728ns          296028 1c009ba4 0146dc63 bge              x13, x20, 24        x13:00000001 x20:ffffffff
16312848ns          296034 1c009bbc 00e006b3 add              x13, x0, x14        x13=100014ed x14:100014ed
16312909ns          296037 1c009bbe fe068fab p.sb             x0, -1(x13!)        x13=100014ec x13:100014ed  PA:100014ed
16312949ns          296039 1c009bc2 00d7fc63 bgeu             x15, x13, 24        x15:100014ec x13:100014ec
16313049ns          296044 1c009bda 01412783 lw               x15, 20(x2)         x15=00000000  x2:100014c8  PA:100014dc
16313089ns          296046 1c009bdc 01812603 lw               x12, 24(x2)         x12=00000000  x2:100014c8  PA:100014e0
16313149ns          296049 1c009bde 419704b3 sub              x9, x14, x25         x9=00000001 x14:100014ed x25:100014ec
16313169ns          296050 1c009be2 00c7e7b3 or               x15, x15, x12       x15=00000000 x15:00000000 x12:00000000
16313189ns          296051 1c009be4 00f12623 sw               x15, 12(x2)         x15:00000000  x2:100014c8  PA:100014d4
16313209ns          296052 1c009be6 00079363 bne              x15, x0, 6          x15:00000000
16313230ns          296053 1c009be8 01f5d593 srli             x11, x11, 0x1f      x11=00000000 x11:00000002
16313250ns          296054 1c009bea 00b12623 sw               x11, 12(x2)         x11:00000000  x2:100014c8  PA:100014d4
16313270ns          296055 1c009bec e3fa28e3 p.beqimm         x20, -464           x20:ffffffff
16313370ns          296060 1c009a1c 0c800793 addi             x15, x0, 200        x15=000000c8
16313450ns          296064 1c009a20 9e97d0e3 bge              x15, x9, -1568      x15:000000c8  x9:00000001
16313551ns          296069 1c009400 0f24d163 bge              x9, x18, 226         x9:00000001 x18:00000000
16313691ns          296076 1c0094e2 d00482e3 beq              x9, x0, -764         x9:00000001
16313711ns          296077 1c0094e6 01900933 add              x18, x0, x25        x18=100014ec x25:100014ec
16313731ns          296078 1c0094e8 419d8db3 sub              x27, x27, x25       x27=efffeb2b x27:00000017 x25:100014ec
16313751ns          296079 1c0094ec 00a0006f jal              x0, 10             
16313852ns          296084 1c0094f6 0019450b p.lbu            x10, 1(x18!)        x10=00000032 x18=100014ed x18:100014ec  PA:100014ec
16313872ns          296085 1c0094fa 01a005b3 add              x11, x0, x26        x11=00000002 x26:00000002
16313892ns          296086 1c0094fc 000b00e7 jalr             x1, x22, 0           x1=1c0094fe x22:1c009104
16313972ns          296090 1c009104 000026b7 lui              x13, 0x2000         x13=00002000
16313992ns          296091 1c009106 f14027f3 csrrs            x15, x0, 0xf14      x15=00000002
16314012ns          296092 1c00910a f8068693 addi             x13, x13, -128      x13=00001f80 x13:00002000
16314032ns          296093 1c00910e 00379713 slli             x14, x15, 0x3       x14=00000010 x15:00000002
16314052ns          296094 1c009112 00279793 slli             x15, x15, 0x2       x15=00000008 x15:00000002
16314072ns          296095 1c009114 00d7f7b3 and              x15, x15, x13       x15=00000000 x15:00000008 x13:00001f80
16314092ns          296096 1c009116 ee873733 p.bclr           x14, x14, 23, 8     x14=00000010 x14:00000010
16314112ns          296097 1c00911a 1a10f6b7 lui              x13, 0x1a10f000     x13=1a10f000
16314153ns          296099 1c00911e 0ff57513 andi             x10, x10, 255       x10=00000032 x10:00000032
16314173ns          296100 1c009122 00d70733 add              x14, x14, x13       x14=1a10f010 x14:00000010 x13:1a10f000
16314193ns          296101 1c009124 00a7e723 p.sw             x10, x0(x15)        x10:00000032 x15:00000000  PA:1a10f010
16314594ns          296121 1c009128 00000513 addi             x10, x0, 0          x10=00000000
16314614ns          296122 1c00912a 00008067 jalr             x0, x1, 0            x1:1c0094fe
16314654ns          296124 1c0094fe fff48493 addi             x9, x9, -1           x9=00000000  x9:00000001
16314674ns          296125 1c009500 fff537e3 p.bneimm         x10, -18            x10:00000000
16314755ns          296129 1c0094ee 012d8733 add              x14, x27, x18       x14=00000018 x27:efffeb2b x18:100014ed
16314775ns          296130 1c0094f2 5a048b63 beq              x9, x0, 1462         x9:00000000
16314875ns          296135 1c009aa8 00e00db3 add              x27, x0, x14        x27=00000018 x14:00000018
16314915ns          296137 1c009aaa f3cff06f jal              x0, -2244          
16315096ns          296146 1c0091e6 00044503 lbu              x10, 0(x8)          x10=0000000a  x8:1c0000d9  PA:1c0000d9
16315397ns          296161 1c0091ea 00140413 addi             x8, x8, 1            x8=1c0000da  x8:1c0000d9
16315417ns          296162 1c0091ec 00050e63 beq              x10, x0, 28         x10:0000000a
16315437ns          296163 1c0091ee 02500793 addi             x15, x0, 37         x15=00000025
16315457ns          296164 1c0091f2 04f50863 beq              x10, x15, 80        x10:0000000a x15:00000025
16315477ns          296165 1c0091f6 01a005b3 add              x11, x0, x26        x11=00000002 x26:00000002
16315497ns          296166 1c0091f8 000b00e7 jalr             x1, x22, 0           x1=1c0091fa x22:1c009104
16315597ns          296171 1c009104 000026b7 lui              x13, 0x2000         x13=00002000
16315617ns          296172 1c009106 f14027f3 csrrs            x15, x0, 0xf14      x15=00000002
16315637ns          296173 1c00910a f8068693 addi             x13, x13, -128      x13=00001f80 x13:00002000
16315657ns          296174 1c00910e 00379713 slli             x14, x15, 0x3       x14=00000010 x15:00000002
16315678ns          296175 1c009112 00279793 slli             x15, x15, 0x2       x15=00000008 x15:00000002
16315698ns          296176 1c009114 00d7f7b3 and              x15, x15, x13       x15=00000000 x15:00000008 x13:00001f80
16315718ns          296177 1c009116 ee873733 p.bclr           x14, x14, 23, 8     x14=00000010 x14:00000010
16315738ns          296178 1c00911a 1a10f6b7 lui              x13, 0x1a10f000     x13=1a10f000
16315758ns          296179 1c00911e 0ff57513 andi             x10, x10, 255       x10=0000000a x10:0000000a
16315778ns          296180 1c009122 00d70733 add              x14, x14, x13       x14=1a10f010 x14:00000010 x13:1a10f000
16315798ns          296181 1c009124 00a7e723 p.sw             x10, x0(x15)        x10:0000000a x15:00000000  PA:1a10f010
16316159ns          296199 1c009128 00000513 addi             x10, x0, 0          x10=00000000
16316179ns          296200 1c00912a 00008067 jalr             x0, x1, 0            x1:1c0091fa
16316239ns          296203 1c0091fa 31f52563 p.beqimm         x10, 778            x10:00000000
16316259ns          296204 1c0091fe 001d8d93 addi             x27, x27, 1         x27=00000019 x27:00000018
16316279ns          296205 1c009200 00044503 lbu              x10, 0(x8)          x10=00000000  x8:1c0000da  PA:1c0000da
16316580ns          296220 1c009204 00140413 addi             x8, x8, 1            x8=1c0000db  x8:1c0000da
16316601ns          296221 1c009206 fe0514e3 bne              x10, x0, -24        x10:00000000
16316621ns          296222 1c009208 01b00433 add              x8, x0, x27          x8=00000019 x27:00000019
16316641ns          296223 1c00920a 00800533 add              x10, x0, x8         x10=00000019  x8:00000019
16316661ns          296224 1c00920c 12c12083 lw               x1, 300(x2)          x1=1c009198  x2:100014c8  PA:100015f4
16316681ns          296225 1c009210 12812403 lw               x8, 296(x2)          x8=41bb49b4  x2:100014c8  PA:100015f0
16316701ns          296226 1c009214 12412483 lw               x9, 292(x2)          x9=1c01002c  x2:100014c8  PA:100015ec
16316721ns          296227 1c009218 12012903 lw               x18, 288(x2)        x18=41bb4a3a  x2:100014c8  PA:100015e8
16316741ns          296228 1c00921c 11c12983 lw               x19, 284(x2)        x19=41bb4aaa  x2:100014c8  PA:100015e4
16316781ns          296230 1c009220 11812a03 lw               x20, 280(x2)        x20=439de13d  x2:100014c8  PA:100015e0
16316821ns          296232 1c009224 11412a83 lw               x21, 276(x2)        x21=439de20b  x2:100014c8  PA:100015dc
16316841ns          296233 1c009228 11012b03 lw               x22, 272(x2)        x22=00000008  x2:100014c8  PA:100015d8
16316861ns          296234 1c00922c 10c12b83 lw               x23, 268(x2)        x23=00000050  x2:100014c8  PA:100015d4
16316922ns          296237 1c009230 10812c03 lw               x24, 264(x2)        x24=00000000  x2:100014c8  PA:100015d0
16316962ns          296239 1c009234 10412c83 lw               x25, 260(x2)        x25=c14c666e  x2:100014c8  PA:100015cc
16316982ns          296240 1c009238 10012d03 lw               x26, 256(x2)        x26=4385a91c  x2:100014c8  PA:100015c8
16317002ns          296241 1c00923c 0fc12d83 lw               x27, 252(x2)        x27=xxxxxxxx  x2:100014c8  PA:100015c4
16317022ns          296242 1c00923e 13010113 addi             x2, x2, 304          x2=100015f8  x2:100014c8
16317062ns          296244 1c009240 00008067 jalr             x0, x1, 0            x1:1c009198
16317142ns          296248 1c009198 01c12083 lw               x1, 28(x2)           x1=1c008752  x2:100015f8  PA:10001614
16317162ns          296249 1c00919a 04010113 addi             x2, x2, 64           x2=10001638  x2:100015f8
16317202ns          296251 1c00919c 00008067 jalr             x0, x1, 0            x1:1c008752
16317323ns          296257 1c008752 00100513 addi             x10, x0, 1          x10=00000001
16317363ns          296259 1c008754 1bc12083 lw               x1, 444(x2)          x1=1c00a436  x2:10001638  PA:100017f4
16317383ns          296260 1c008758 1b812403 lw               x8, 440(x2)          x8=xxxxxxxx  x2:10001638  PA:100017f0
16317403ns          296261 1c00875c 1b412483 lw               x9, 436(x2)          x9=xxxxxxxx  x2:10001638  PA:100017ec
16317463ns          296264 1c008760 1b012903 lw               x18, 432(x2)        x18=xxxxxxxx  x2:10001638  PA:100017e8
16317503ns          296266 1c008764 1ac12983 lw               x19, 428(x2)        x19=xxxxxxxx  x2:10001638  PA:100017e4
16317524ns          296267 1c008768 1a812a03 lw               x20, 424(x2)        x20=xxxxxxxx  x2:10001638  PA:100017e0
16317544ns          296268 1c00876c 1a412a83 lw               x21, 420(x2)        x21=xxxxxxxx  x2:10001638  PA:100017dc
16317604ns          296271 1c008770 1a012b03 lw               x22, 416(x2)        x22=xxxxxxxx  x2:10001638  PA:100017d8
16317644ns          296273 1c008774 19c12b83 lw               x23, 412(x2)        x23=xxxxxxxx  x2:10001638  PA:100017d4
16317664ns          296274 1c008778 19812c03 lw               x24, 408(x2)        x24=xxxxxxxx  x2:10001638  PA:100017d0
16317684ns          296275 1c00877c 19412c83 lw               x25, 404(x2)        x25=xxxxxxxx  x2:10001638  PA:100017cc
16317744ns          296278 1c008780 19012d03 lw               x26, 400(x2)        x26=xxxxxxxx  x2:10001638  PA:100017c8
16317784ns          296280 1c008784 00154513 xori             x10, x10, 1         x10=00000000 x10:00000001
16317804ns          296281 1c008788 1c010113 addi             x2, x2, 448          x2=100017f8  x2:10001638
16317825ns          296282 1c00878a 00008067 jalr             x0, x1, 0            x1:1c00a436
16318306ns          296306 1c00a436 f14027f3 csrrs            x15, x0, 0xf14      x15=00000002
16318326ns          296307 1c00a43a f457b7b3 p.bclr           x15, x15, 26, 5     x15=00000002 x15:00000002
16318346ns          296308 1c00a43e 00079963 bne              x15, x0, 18         x15:00000002
16319269ns          296354 1c00a450 002047b7 lui              x15, 0x204000       x15=00204000
16319309ns          296356 1c00a454 fff00713 addi             x14, x0, -1         x14=ffffffff
16319329ns          296357 1c00a456 00e7a223 sw               x14, 4(x15)         x14:ffffffff x15:00204000  PA:00204004
